<?xml version="1.0" encoding="UTF-8"?>
<testsuite xmlns:xsi="http://www.w3.org/2001/XMLSchema-instance" xsi:noNamespaceSchemaLocation="https://maven.apache.org/surefire/maven-surefire-plugin/xsd/surefire-test-report-3.0.xsd" version="3.0" name="org.apache.nifi.security.util.crypto.PasswordBasedEncryptorGroovyTest" time="4.582" tests="9" errors="0" skipped="0" failures="0">
  <properties>
    <property name="sun.desktop" value="gnome"/>
    <property name="awt.toolkit" value="sun.awt.X11.XToolkit"/>
    <property name="file.encoding.pkg" value="sun.io"/>
    <property name="java.specification.version" value="1.8"/>
    <property name="sun.cpu.isalist" value=""/>
    <property name="sun.jnu.encoding" value="UTF-8"/>
    <property name="java.class.path" value="/home/alex/Repositories/nifi/nifi-nar-bundles/nifi-standard-bundle/nifi-standard-processors/target/test-classes:/home/alex/Repositories/nifi/nifi-nar-bundles/nifi-standard-bundle/nifi-standard-processors/target/classes:/home/alex/.m2/repository/org/apache/ftpserver/ftpserver-core/1.1.1/ftpserver-core-1.1.1.jar:/home/alex/.m2/repository/org/apache/ftpserver/ftplet-api/1.1.1/ftplet-api-1.1.1.jar:/home/alex/.m2/repository/org/slf4j/slf4j-api/1.7.32/slf4j-api-1.7.32.jar:/home/alex/.m2/repository/org/apache/mina/mina-core/2.0.16/mina-core-2.0.16.jar:/home/alex/Repositories/nifi/nifi-api/target/classes:/home/alex/Repositories/nifi/nifi-commons/nifi-expression-language/target/classes:/home/alex/.m2/repository/org/antlr/antlr-runtime/3.5.2/antlr-runtime-3.5.2.jar:/home/alex/Repositories/nifi/nifi-commons/nifi-parameter/target/classes:/home/alex/Repositories/nifi/nifi-commons/nifi-uuid5/target/classes:/home/alex/.m2/repository/org/apache/commons/commons-text/1.8/commons-text-1.8.jar:/home/alex/Repositories/nifi/nifi-nar-bundles/nifi-extension-utils/nifi-processor-utils/target/classes:/home/alex/Repositories/nifi/nifi-commons/nifi-security-socket-ssl/target/classes:/home/alex/Repositories/nifi/nifi-nar-bundles/nifi-extension-utils/nifi-event-transport/target/classes:/home/alex/.m2/repository/io/netty/netty-handler/4.1.69.Final/netty-handler-4.1.69.Final.jar:/home/alex/.m2/repository/io/netty/netty-common/4.1.69.Final/netty-common-4.1.69.Final.jar:/home/alex/.m2/repository/io/netty/netty-resolver/4.1.69.Final/netty-resolver-4.1.69.Final.jar:/home/alex/.m2/repository/io/netty/netty-transport/4.1.69.Final/netty-transport-4.1.69.Final.jar:/home/alex/.m2/repository/io/netty/netty-codec/4.1.69.Final/netty-codec-4.1.69.Final.jar:/home/alex/Repositories/nifi/nifi-nar-bundles/nifi-extension-utils/nifi-syslog-utils/target/classes:/home/alex/.m2/repository/com/github/palindromicity/simple-syslog-5424/0.0.16/simple-syslog-5424-0.0.16.jar:/home/alex/.m2/repository/org/antlr/antlr4-runtime/4.7.2/antlr4-runtime-4.7.2.jar:/home/alex/Repositories/nifi/nifi-commons/nifi-utils/target/classes:/home/alex/Repositories/nifi/nifi-commons/nifi-record-path/target/classes:/home/alex/Repositories/nifi/nifi-commons/nifi-properties/target/classes:/home/alex/Repositories/nifi/nifi-commons/nifi-property-utils/target/classes:/home/alex/.m2/repository/com/github/ben-manes/caffeine/caffeine/2.8.1/caffeine-2.8.1.jar:/home/alex/Repositories/nifi/nifi-nar-bundles/nifi-standard-services/nifi-ssl-context-service-api/target/classes:/home/alex/Repositories/nifi/nifi-commons/nifi-security-utils-api/target/classes:/home/alex/Repositories/nifi/nifi-nar-bundles/nifi-standard-services/nifi-lookup-service-api/target/classes:/home/alex/Repositories/nifi/nifi-commons/nifi-flowfile-packager/target/classes:/home/alex/Repositories/nifi/nifi-nar-bundles/nifi-standard-services/nifi-distributed-cache-client-service-api/target/classes:/home/alex/Repositories/nifi/nifi-nar-bundles/nifi-standard-services/nifi-http-context-map-api/target/classes:/home/alex/Repositories/nifi/nifi-nar-bundles/nifi-standard-services/nifi-record-serialization-service-api/target/classes:/home/alex/Repositories/nifi/nifi-nar-bundles/nifi-standard-services/nifi-proxy-configuration-api/target/classes:/home/alex/Repositories/nifi/nifi-commons/nifi-record/target/classes:/home/alex/Repositories/nifi/nifi-nar-bundles/nifi-standard-services/nifi-record-sink-api/target/classes:/home/alex/.m2/repository/commons-io/commons-io/2.10.0/commons-io-2.10.0.jar:/home/alex/.m2/repository/javax/ws/rs/javax.ws.rs-api/2.1/javax.ws.rs-api-2.1.jar:/home/alex/.m2/repository/commons-net/commons-net/3.6/commons-net-3.6.jar:/home/alex/.m2/repository/org/apache/commons/commons-compress/1.21/commons-compress-1.21.jar:/home/alex/.m2/repository/org/apache/commons/commons-lang3/3.9/commons-lang3-3.9.jar:/home/alex/.m2/repository/org/bouncycastle/bcprov-jdk15on/1.69/bcprov-jdk15on-1.69.jar:/home/alex/.m2/repository/org/bouncycastle/bcpg-jdk15on/1.69/bcpg-jdk15on-1.69.jar:/home/alex/.m2/repository/org/bouncycastle/bcpkix-jdk15on/1.69/bcpkix-jdk15on-1.69.jar:/home/alex/.m2/repository/org/bouncycastle/bcutil-jdk15on/1.69/bcutil-jdk15on-1.69.jar:/home/alex/.m2/repository/commons-codec/commons-codec/1.14/commons-codec-1.14.jar:/home/alex/Repositories/nifi/nifi-commons/nifi-security-utils/target/classes:/home/alex/Repositories/nifi/nifi-commons/nifi-security-kms/target/classes:/home/alex/.m2/repository/org/apache/commons/commons-configuration2/2.7/commons-configuration2-2.7.jar:/home/alex/.m2/repository/com/hierynomus/sshj/0.32.0/sshj-0.32.0.jar:/home/alex/.m2/repository/com/jcraft/jzlib/1.1.3/jzlib-1.1.3.jar:/home/alex/.m2/repository/com/hierynomus/asn-one/0.6.0/asn-one-0.6.0.jar:/home/alex/.m2/repository/net/i2p/crypto/eddsa/0.3.0/eddsa-0.3.0.jar:/home/alex/.m2/repository/org/eclipse/jetty/jetty-server/9.4.44.v20210927/jetty-server-9.4.44.v20210927.jar:/home/alex/.m2/repository/javax/servlet/javax.servlet-api/3.1.0/javax.servlet-api-3.1.0.jar:/home/alex/.m2/repository/org/eclipse/jetty/jetty-http/9.4.44.v20210927/jetty-http-9.4.44.v20210927.jar:/home/alex/.m2/repository/org/eclipse/jetty/jetty-util/9.4.44.v20210927/jetty-util-9.4.44.v20210927.jar:/home/alex/.m2/repository/org/eclipse/jetty/jetty-io/9.4.44.v20210927/jetty-io-9.4.44.v20210927.jar:/home/alex/.m2/repository/org/eclipse/jetty/jetty-servlet/9.4.44.v20210927/jetty-servlet-9.4.44.v20210927.jar:/home/alex/.m2/repository/org/eclipse/jetty/jetty-security/9.4.44.v20210927/jetty-security-9.4.44.v20210927.jar:/home/alex/.m2/repository/org/eclipse/jetty/jetty-util-ajax/9.4.44.v20210927/jetty-util-ajax-9.4.44.v20210927.jar:/home/alex/.m2/repository/org/apache/httpcomponents/httpclient/4.5.5/httpclient-4.5.5.jar:/home/alex/.m2/repository/commons-logging/commons-logging/1.2/commons-logging-1.2.jar:/home/alex/.m2/repository/org/apache/httpcomponents/httpcore/4.4.9/httpcore-4.4.9.jar:/home/alex/.m2/repository/jakarta/activation/jakarta.activation-api/2.0.1/jakarta.activation-api-2.0.1.jar:/home/alex/.m2/repository/com/sun/activation/jakarta.activation/2.0.1/jakarta.activation-2.0.1.jar:/home/alex/.m2/repository/jakarta/mail/jakarta.mail-api/2.0.1/jakarta.mail-api-2.0.1.jar:/home/alex/.m2/repository/com/sun/mail/jakarta.mail/2.0.1/jakarta.mail-2.0.1.jar:/home/alex/.m2/repository/com/github/jponge/lzma-java/1.3/lzma-java-1.3.jar:/home/alex/.m2/repository/org/tukaani/xz/1.8/xz-1.8.jar:/home/alex/.m2/repository/net/sf/saxon/Saxon-HE/10.6/Saxon-HE-10.6.jar:/home/alex/Repositories/nifi/nifi-commons/nifi-socket-utils/target/classes:/home/alex/Repositories/nifi/nifi-commons/nifi-logging-utils/target/classes:/home/alex/Repositories/nifi/nifi-nar-bundles/nifi-standard-services/nifi-load-distribution-service-api/target/classes:/home/alex/.m2/repository/javax/jms/javax.jms-api/2.0.1/javax.jms-api-2.0.1.jar:/home/alex/.m2/repository/org/apache/activemq/activemq-client/5.15.15/activemq-client-5.15.15.jar:/home/alex/.m2/repository/org/apache/geronimo/specs/geronimo-jms_1.1_spec/1.1.1/geronimo-jms_1.1_spec-1.1.1.jar:/home/alex/.m2/repository/org/fusesource/hawtbuf/hawtbuf/1.11/hawtbuf-1.11.jar:/home/alex/.m2/repository/org/apache/geronimo/specs/geronimo-j2ee-management_1.1_spec/1.0.1/geronimo-j2ee-management_1.1_spec-1.0.1.jar:/home/alex/.m2/repository/com/jayway/jsonpath/json-path/2.6.0/json-path-2.6.0.jar:/home/alex/.m2/repository/net/minidev/json-smart/2.4.7/json-smart-2.4.7.jar:/home/alex/.m2/repository/net/minidev/accessors-smart/2.4.7/accessors-smart-2.4.7.jar:/home/alex/.m2/repository/org/ow2/asm/asm/9.1/asm-9.1.jar:/home/alex/.m2/repository/org/apache/tika/tika-core/1.26/tika-core-1.26.jar:/home/alex/.m2/repository/com/fasterxml/jackson/core/jackson-databind/2.12.3/jackson-databind-2.12.3.jar:/home/alex/.m2/repository/com/fasterxml/jackson/core/jackson-annotations/2.12.3/jackson-annotations-2.12.3.jar:/home/alex/.m2/repository/com/fasterxml/jackson/core/jackson-core/2.12.3/jackson-core-2.12.3.jar:/home/alex/Repositories/nifi/nifi-nar-bundles/nifi-extension-utils/nifi-record-utils/nifi-avro-record-utils/target/classes:/home/alex/Repositories/nifi/nifi-nar-bundles/nifi-extension-utils/nifi-record-utils/nifi-standard-record-utils/target/classes:/home/alex/.m2/repository/org/apache/avro/avro/1.8.1/avro-1.8.1.jar:/home/alex/.m2/repository/org/codehaus/jackson/jackson-core-asl/1.9.13/jackson-core-asl-1.9.13.jar:/home/alex/.m2/repository/org/codehaus/jackson/jackson-mapper-asl/1.9.13/jackson-mapper-asl-1.9.13.jar:/home/alex/.m2/repository/com/thoughtworks/paranamer/paranamer/2.7/paranamer-2.7.jar:/home/alex/Repositories/nifi/nifi-nar-bundles/nifi-standard-services/nifi-dbcp-service-api/target/classes:/home/alex/.m2/repository/com/squareup/okhttp3/okhttp/4.9.2/okhttp-4.9.2.jar:/home/alex/.m2/repository/com/squareup/okio/okio/2.8.0/okio-2.8.0.jar:/home/alex/.m2/repository/org/jetbrains/kotlin/kotlin-stdlib-common/1.4.0/kotlin-stdlib-common-1.4.0.jar:/home/alex/.m2/repository/org/jetbrains/kotlin/kotlin-stdlib/1.4.10/kotlin-stdlib-1.4.10.jar:/home/alex/.m2/repository/org/jetbrains/annotations/13.0/annotations-13.0.jar:/home/alex/.m2/repository/io/github/rburgst/okhttp-digest/2.5/okhttp-digest-2.5.jar:/home/alex/.m2/repository/at/favre/lib/bcrypt/0.9.0/bcrypt-0.9.0.jar:/home/alex/.m2/repository/at/favre/lib/bytes/1.3.0/bytes-1.3.0.jar:/home/alex/.m2/repository/com/google/guava/guava/28.0-jre/guava-28.0-jre.jar:/home/alex/.m2/repository/com/google/guava/failureaccess/1.0.1/failureaccess-1.0.1.jar:/home/alex/.m2/repository/com/google/guava/listenablefuture/9999.0-empty-to-avoid-conflict-with-guava/listenablefuture-9999.0-empty-to-avoid-conflict-with-guava.jar:/home/alex/.m2/repository/com/google/code/findbugs/jsr305/3.0.2/jsr305-3.0.2.jar:/home/alex/.m2/repository/org/checkerframework/checker-qual/2.8.1/checker-qual-2.8.1.jar:/home/alex/.m2/repository/com/google/errorprone/error_prone_annotations/2.3.2/error_prone_annotations-2.3.2.jar:/home/alex/.m2/repository/com/google/j2objc/j2objc-annotations/1.3/j2objc-annotations-1.3.jar:/home/alex/.m2/repository/org/codehaus/mojo/animal-sniffer-annotations/1.17/animal-sniffer-annotations-1.17.jar:/home/alex/Repositories/nifi/nifi-mock/target/classes:/home/alex/Repositories/nifi/nifi-framework-api/target/classes:/home/alex/Repositories/nifi/nifi-nar-bundles/nifi-framework-bundle/nifi-framework/nifi-framework-core-api/target/classes:/home/alex/Repositories/nifi/nifi-nar-bundles/nifi-framework-bundle/nifi-framework/nifi-framework-nar-utils/target/classes:/home/alex/Repositories/nifi/nifi-nar-bundles/nifi-framework-bundle/nifi-framework/nifi-client-dto/target/classes:/home/alex/.m2/repository/io/swagger/swagger-annotations/1.6.0/swagger-annotations-1.6.0.jar:/home/alex/Repositories/nifi/nifi-commons/nifi-site-to-site-client/target/classes:/home/alex/.m2/repository/org/apache/httpcomponents/httpasyncclient/4.1.4/httpasyncclient-4.1.4.jar:/home/alex/.m2/repository/org/apache/httpcomponents/httpcore-nio/4.4.10/httpcore-nio-4.4.10.jar:/home/alex/Repositories/nifi/nifi-nar-bundles/nifi-framework-bundle/nifi-framework/nifi-framework-authorization/target/classes:/home/alex/Repositories/nifi/nifi-registry/nifi-registry-core/nifi-registry-data-model/target/classes:/home/alex/Repositories/nifi/nifi-registry/nifi-registry-core/nifi-registry-revision/nifi-registry-revision-entity-model/target/classes:/home/alex/Repositories/nifi/nifi-registry/nifi-registry-core/nifi-registry-client/target/classes:/home/alex/Repositories/nifi/nifi-registry/nifi-registry-core/nifi-registry-security-utils/target/classes:/home/alex/.m2/repository/org/glassfish/jersey/core/jersey-client/2.33/jersey-client-2.33.jar:/home/alex/.m2/repository/jakarta/ws/rs/jakarta.ws.rs-api/2.1.6/jakarta.ws.rs-api-2.1.6.jar:/home/alex/.m2/repository/org/glassfish/hk2/external/jakarta.inject/2.6.1/jakarta.inject-2.6.1.jar:/home/alex/.m2/repository/org/glassfish/jersey/media/jersey-media-json-jackson/2.33/jersey-media-json-jackson-2.33.jar:/home/alex/.m2/repository/org/glassfish/jersey/ext/jersey-entity-filtering/2.33/jersey-entity-filtering-2.33.jar:/home/alex/.m2/repository/org/glassfish/jersey/inject/jersey-hk2/2.33/jersey-hk2-2.33.jar:/home/alex/.m2/repository/org/glassfish/hk2/hk2-locator/2.6.1/hk2-locator-2.6.1.jar:/home/alex/.m2/repository/org/glassfish/hk2/external/aopalliance-repackaged/2.6.1/aopalliance-repackaged-2.6.1.jar:/home/alex/.m2/repository/org/glassfish/hk2/hk2-api/2.6.1/hk2-api-2.6.1.jar:/home/alex/.m2/repository/org/glassfish/hk2/hk2-utils/2.6.1/hk2-utils-2.6.1.jar:/home/alex/.m2/repository/org/javassist/javassist/3.25.0-GA/javassist-3.25.0-GA.jar:/home/alex/.m2/repository/org/glassfish/jersey/core/jersey-common/2.33/jersey-common-2.33.jar:/home/alex/.m2/repository/jakarta/annotation/jakarta.annotation-api/1.3.5/jakarta.annotation-api-1.3.5.jar:/home/alex/.m2/repository/org/glassfish/hk2/osgi-resource-locator/1.0.3/osgi-resource-locator-1.0.3.jar:/home/alex/.m2/repository/org/glassfish/jersey/media/jersey-media-multipart/2.33/jersey-media-multipart-2.33.jar:/home/alex/.m2/repository/org/jvnet/mimepull/mimepull/1.9.13/mimepull-1.9.13.jar:/home/alex/Repositories/nifi/nifi-commons/nifi-data-provenance-utils/target/classes:/home/alex/Repositories/nifi/nifi-nar-bundles/nifi-standard-services/nifi-distributed-cache-services-bundle/nifi-distributed-cache-client-service/target/classes:/home/alex/Repositories/nifi/nifi-nar-bundles/nifi-standard-services/nifi-distributed-cache-services-bundle/nifi-distributed-cache-protocol/target/classes:/home/alex/.m2/repository/io/netty/netty-buffer/4.1.69.Final/netty-buffer-4.1.69.Final.jar:/home/alex/.m2/repository/com/google/http-client/google-http-client/1.28.0/google-http-client-1.28.0.jar:/home/alex/.m2/repository/io/opencensus/opencensus-api/0.18.0/opencensus-api-0.18.0.jar:/home/alex/.m2/repository/io/grpc/grpc-context/1.14.0/grpc-context-1.14.0.jar:/home/alex/.m2/repository/io/opencensus/opencensus-contrib-http-util/0.18.0/opencensus-contrib-http-util-0.18.0.jar:/home/alex/.m2/repository/org/apache/activemq/activemq-broker/5.15.14/activemq-broker-5.15.14.jar:/home/alex/.m2/repository/org/apache/activemq/activemq-openwire-legacy/5.15.14/activemq-openwire-legacy-5.15.14.jar:/home/alex/Repositories/nifi/nifi-nar-bundles/nifi-standard-services/nifi-ssl-context-bundle/nifi-ssl-context-service/target/classes:/home/alex/Repositories/nifi/nifi-nar-bundles/nifi-framework-bundle/nifi-framework/nifi-standard-prioritizers/target/classes:/home/alex/Repositories/nifi/nifi-nar-bundles/nifi-extension-utils/nifi-record-utils/nifi-mock-record-utils/target/classes:/home/alex/Repositories/nifi/nifi-nar-bundles/nifi-standard-services/nifi-record-serialization-services-bundle/nifi-record-serialization-services/target/classes:/home/alex/.m2/repository/org/apache/commons/commons-csv/1.8/commons-csv-1.8.jar:/home/alex/.m2/repository/com/fasterxml/jackson/dataformat/jackson-dataformat-csv/2.12.3/jackson-dataformat-csv-2.12.3.jar:/home/alex/.m2/repository/net/java/dev/stax-utils/stax-utils/20070216/stax-utils-20070216.jar:/home/alex/Repositories/nifi/nifi-nar-bundles/nifi-standard-services/nifi-lookup-services-bundle/nifi-lookup-services/target/classes:/home/alex/.m2/repository/commons-beanutils/commons-beanutils/1.9.4/commons-beanutils-1.9.4.jar:/home/alex/.m2/repository/commons-collections/commons-collections/3.2.2/commons-collections-3.2.2.jar:/home/alex/.m2/repository/com/maxmind/geoip2/geoip2/2.12.0/geoip2-2.12.0.jar:/home/alex/.m2/repository/com/maxmind/db/maxmind-db/1.2.2/maxmind-db-1.2.2.jar:/home/alex/.m2/repository/org/apache/derby/derby/10.14.2.0/derby-10.14.2.0.jar:/home/alex/.m2/repository/org/xerial/snappy/snappy-java/1.1.7.3/snappy-java-1.1.7.3.jar:/home/alex/.m2/repository/net/lingala/zip4j/zip4j/2.8.0/zip4j-2.8.0.jar:/home/alex/.m2/repository/com/h2database/h2/1.4.187/h2-1.4.187.jar:/home/alex/.m2/repository/org/mockftpserver/MockFtpServer/2.7.1/MockFtpServer-2.7.1.jar:/home/alex/.m2/repository/org/apache/sshd/sshd-core/1.7.0/sshd-core-1.7.0.jar:/home/alex/.m2/repository/com/bazaarvoice/jolt/jolt-core/0.1.1/jolt-core-0.1.1.jar:/home/alex/.m2/repository/javax/inject/javax.inject/1/javax.inject-1.jar:/home/alex/.m2/repository/com/bazaarvoice/jolt/json-utils/0.1.1/json-utils-0.1.1.jar:/home/alex/Repositories/nifi/nifi-nar-bundles/nifi-standard-bundle/nifi-standard-utils/target/classes:/home/alex/.m2/repository/net/sf/supercsv/super-csv/2.4.0/super-csv-2.4.0.jar:/home/alex/.m2/repository/com/fluenda/parcefone/2.1.0/parcefone-2.1.0.jar:/home/alex/.m2/repository/javax/validation/validation-api/1.1.0.Final/validation-api-1.1.0.Final.jar:/home/alex/.m2/repository/javax/el/javax.el-api/3.0.0/javax.el-api-3.0.0.jar:/home/alex/.m2/repository/com/github/wnameless/json/json-flattener/0.12.0/json-flattener-0.12.0.jar:/home/alex/.m2/repository/com/github/wnameless/json/json-base/2.0.0/json-base-2.0.0.jar:/home/alex/.m2/repository/org/apache/bval/bval-jsr/1.1.2/bval-jsr-1.1.2.jar:/home/alex/.m2/repository/org/apache/bval/bval-core/1.1.2/bval-core-1.1.2.jar:/home/alex/.m2/repository/io/krakens/java-grok/0.1.9/java-grok-0.1.9.jar:/home/alex/.m2/repository/org/apache/calcite/calcite-core/1.27.0/calcite-core-1.27.0.jar:/home/alex/.m2/repository/org/apache/calcite/calcite-linq4j/1.27.0/calcite-linq4j-1.27.0.jar:/home/alex/.m2/repository/com/esri/geometry/esri-geometry-api/2.2.0/esri-geometry-api-2.2.0.jar:/home/alex/.m2/repository/org/apache/calcite/avatica/avatica-core/1.18.0/avatica-core-1.18.0.jar:/home/alex/.m2/repository/org/apache/calcite/avatica/avatica-metrics/1.18.0/avatica-metrics-1.18.0.jar:/home/alex/.m2/repository/com/google/protobuf/protobuf-java/3.6.1/protobuf-java-3.6.1.jar:/home/alex/.m2/repository/org/apiguardian/apiguardian-api/1.1.0/apiguardian-api-1.1.0.jar:/home/alex/.m2/repository/com/fasterxml/jackson/dataformat/jackson-dataformat-yaml/2.10.0/jackson-dataformat-yaml-2.10.0.jar:/home/alex/.m2/repository/org/yaml/snakeyaml/1.29/snakeyaml-1.29.jar:/home/alex/.m2/repository/com/google/uzaygezen/uzaygezen-core/0.2/uzaygezen-core-0.2.jar:/home/alex/.m2/repository/com/yahoo/datasketches/sketches-core/0.9.0/sketches-core-0.9.0.jar:/home/alex/.m2/repository/com/yahoo/datasketches/memory/0.9.0/memory-0.9.0.jar:/home/alex/.m2/repository/net/hydromatic/aggdesigner-algorithm/6.0/aggdesigner-algorithm-6.0.jar:/home/alex/.m2/repository/commons-lang/commons-lang/2.4/commons-lang-2.4.jar:/home/alex/.m2/repository/org/apache/commons/commons-dbcp2/2.6.0/commons-dbcp2-2.6.0.jar:/home/alex/.m2/repository/org/apache/commons/commons-pool2/2.6.1/commons-pool2-2.6.1.jar:/home/alex/.m2/repository/org/codehaus/janino/commons-compiler/3.0.11/commons-compiler-3.0.11.jar:/home/alex/.m2/repository/org/codehaus/janino/janino/3.0.11/janino-3.0.11.jar:/home/alex/Repositories/nifi/nifi-nar-bundles/nifi-standard-services/nifi-schema-registry-service-api/target/classes:/home/alex/Repositories/nifi/nifi-nar-bundles/nifi-extension-utils/nifi-database-utils/target/classes:/home/alex/Repositories/nifi/nifi-nar-bundles/nifi-standard-bundle/nifi-standard-web-test-utils/target/classes:/home/alex/.m2/repository/com/github/stefanbirkner/fake-sftp-server-rule/2.0.1/fake-sftp-server-rule-2.0.1.jar:/home/alex/.m2/repository/com/github/marschall/memoryfilesystem/2.8.0/memoryfilesystem-2.8.0.jar:/home/alex/.m2/repository/junit/junit/4.13.2/junit-4.13.2.jar:/home/alex/.m2/repository/org/hamcrest/hamcrest-core/1.3/hamcrest-core-1.3.jar:/home/alex/Repositories/nifi/nifi-nar-bundles/nifi-extension-utils/nifi-database-test-utils/target/classes:/home/alex/.m2/repository/org/codehaus/groovy/groovy-json/2.5.14/groovy-json-2.5.14.jar:/home/alex/.m2/repository/org/codehaus/groovy/groovy/2.5.14/groovy-2.5.14.jar:/home/alex/.m2/repository/org/codehaus/groovy/groovy-servlet/2.5.14/groovy-servlet-2.5.14.jar:/home/alex/.m2/repository/org/codehaus/groovy/groovy-templates/2.5.14/groovy-templates-2.5.14.jar:/home/alex/.m2/repository/org/codehaus/groovy/groovy-xml/2.5.14/groovy-xml-2.5.14.jar:/home/alex/.m2/repository/org/hamcrest/hamcrest-all/1.3/hamcrest-all-1.3.jar:/home/alex/.m2/repository/com/squareup/okhttp3/mockwebserver/4.9.2/mockwebserver-4.9.2.jar:/home/alex/.m2/repository/org/jetbrains/kotlin/kotlin-stdlib-jdk8/1.4.10/kotlin-stdlib-jdk8-1.4.10.jar:/home/alex/.m2/repository/org/jetbrains/kotlin/kotlin-stdlib-jdk7/1.4.10/kotlin-stdlib-jdk7-1.4.10.jar:/home/alex/.m2/repository/org/mockito/mockito-inline/3.12.4/mockito-inline-3.12.4.jar:/home/alex/.m2/repository/org/junit/jupiter/junit-jupiter-api/5.7.2/junit-jupiter-api-5.7.2.jar:/home/alex/.m2/repository/org/opentest4j/opentest4j/1.2.0/opentest4j-1.2.0.jar:/home/alex/.m2/repository/org/junit/platform/junit-platform-commons/1.7.2/junit-platform-commons-1.7.2.jar:/home/alex/.m2/repository/org/junit/jupiter/junit-jupiter-engine/5.7.2/junit-jupiter-engine-5.7.2.jar:/home/alex/.m2/repository/org/junit/platform/junit-platform-engine/1.7.2/junit-platform-engine-1.7.2.jar:/home/alex/.m2/repository/org/junit/vintage/junit-vintage-engine/5.7.2/junit-vintage-engine-5.7.2.jar:/home/alex/.m2/repository/org/junit/jupiter/junit-jupiter-params/5.7.2/junit-jupiter-params-5.7.2.jar:/home/alex/.m2/repository/org/mockito/mockito-core/3.11.2/mockito-core-3.11.2.jar:/home/alex/.m2/repository/net/bytebuddy/byte-buddy/1.11.3/byte-buddy-1.11.3.jar:/home/alex/.m2/repository/net/bytebuddy/byte-buddy-agent/1.11.3/byte-buddy-agent-1.11.3.jar:/home/alex/.m2/repository/org/objenesis/objenesis/3.2/objenesis-3.2.jar:/home/alex/.m2/repository/org/mockito/mockito-junit-jupiter/3.11.2/mockito-junit-jupiter-3.11.2.jar:/home/alex/.m2/repository/org/slf4j/slf4j-simple/1.7.32/slf4j-simple-1.7.32.jar:/home/alex/.m2/repository/org/codehaus/groovy/groovy-test/2.5.14/groovy-test-2.5.14.jar:"/>
    <property name="org.slf4j.simpleLogger.log.nifi.processors.standard.TestExecuteSQLRecord" value="debug"/>
    <property name="java.vm.vendor" value="Private Build"/>
    <property name="sun.arch.data.model" value="64"/>
    <property name="java.vendor.url" value="http://java.oracle.com/"/>
    <property name="user.timezone" value="Europe/Lisbon"/>
    <property name="java.vm.specification.version" value="1.8"/>
    <property name="os.name" value="Linux"/>
    <property name="user.country" value="US"/>
    <property name="sun.java.launcher" value="SUN_STANDARD"/>
    <property name="sun.boot.library.path" value="/usr/lib/jvm/java-8-openjdk-amd64/jre/lib/amd64"/>
    <property name="sun.java.command" value="/home/alex/Repositories/nifi/nifi-nar-bundles/nifi-standard-bundle/nifi-standard-processors/target/surefire/surefirebooter4492904506786624144.jar /home/alex/Repositories/nifi/nifi-nar-bundles/nifi-standard-bundle/nifi-standard-processors/target/surefire 2024-05-02T01-50-21_887-jvmRun1 surefire1374191565714248671tmp surefire_691858830825519103005tmp"/>
    <property name="org.slf4j.simpleLogger.log.nifi.io.nio" value="debug"/>
    <property name="surefire.test.class.path" value="/home/alex/Repositories/nifi/nifi-nar-bundles/nifi-standard-bundle/nifi-standard-processors/target/test-classes:/home/alex/Repositories/nifi/nifi-nar-bundles/nifi-standard-bundle/nifi-standard-processors/target/classes:/home/alex/.m2/repository/org/apache/ftpserver/ftpserver-core/1.1.1/ftpserver-core-1.1.1.jar:/home/alex/.m2/repository/org/apache/ftpserver/ftplet-api/1.1.1/ftplet-api-1.1.1.jar:/home/alex/.m2/repository/org/slf4j/slf4j-api/1.7.32/slf4j-api-1.7.32.jar:/home/alex/.m2/repository/org/apache/mina/mina-core/2.0.16/mina-core-2.0.16.jar:/home/alex/Repositories/nifi/nifi-api/target/classes:/home/alex/Repositories/nifi/nifi-commons/nifi-expression-language/target/classes:/home/alex/.m2/repository/org/antlr/antlr-runtime/3.5.2/antlr-runtime-3.5.2.jar:/home/alex/Repositories/nifi/nifi-commons/nifi-parameter/target/classes:/home/alex/Repositories/nifi/nifi-commons/nifi-uuid5/target/classes:/home/alex/.m2/repository/org/apache/commons/commons-text/1.8/commons-text-1.8.jar:/home/alex/Repositories/nifi/nifi-nar-bundles/nifi-extension-utils/nifi-processor-utils/target/classes:/home/alex/Repositories/nifi/nifi-commons/nifi-security-socket-ssl/target/classes:/home/alex/Repositories/nifi/nifi-nar-bundles/nifi-extension-utils/nifi-event-transport/target/classes:/home/alex/.m2/repository/io/netty/netty-handler/4.1.69.Final/netty-handler-4.1.69.Final.jar:/home/alex/.m2/repository/io/netty/netty-common/4.1.69.Final/netty-common-4.1.69.Final.jar:/home/alex/.m2/repository/io/netty/netty-resolver/4.1.69.Final/netty-resolver-4.1.69.Final.jar:/home/alex/.m2/repository/io/netty/netty-transport/4.1.69.Final/netty-transport-4.1.69.Final.jar:/home/alex/.m2/repository/io/netty/netty-codec/4.1.69.Final/netty-codec-4.1.69.Final.jar:/home/alex/Repositories/nifi/nifi-nar-bundles/nifi-extension-utils/nifi-syslog-utils/target/classes:/home/alex/.m2/repository/com/github/palindromicity/simple-syslog-5424/0.0.16/simple-syslog-5424-0.0.16.jar:/home/alex/.m2/repository/org/antlr/antlr4-runtime/4.7.2/antlr4-runtime-4.7.2.jar:/home/alex/Repositories/nifi/nifi-commons/nifi-utils/target/classes:/home/alex/Repositories/nifi/nifi-commons/nifi-record-path/target/classes:/home/alex/Repositories/nifi/nifi-commons/nifi-properties/target/classes:/home/alex/Repositories/nifi/nifi-commons/nifi-property-utils/target/classes:/home/alex/.m2/repository/com/github/ben-manes/caffeine/caffeine/2.8.1/caffeine-2.8.1.jar:/home/alex/Repositories/nifi/nifi-nar-bundles/nifi-standard-services/nifi-ssl-context-service-api/target/classes:/home/alex/Repositories/nifi/nifi-commons/nifi-security-utils-api/target/classes:/home/alex/Repositories/nifi/nifi-nar-bundles/nifi-standard-services/nifi-lookup-service-api/target/classes:/home/alex/Repositories/nifi/nifi-commons/nifi-flowfile-packager/target/classes:/home/alex/Repositories/nifi/nifi-nar-bundles/nifi-standard-services/nifi-distributed-cache-client-service-api/target/classes:/home/alex/Repositories/nifi/nifi-nar-bundles/nifi-standard-services/nifi-http-context-map-api/target/classes:/home/alex/Repositories/nifi/nifi-nar-bundles/nifi-standard-services/nifi-record-serialization-service-api/target/classes:/home/alex/Repositories/nifi/nifi-nar-bundles/nifi-standard-services/nifi-proxy-configuration-api/target/classes:/home/alex/Repositories/nifi/nifi-commons/nifi-record/target/classes:/home/alex/Repositories/nifi/nifi-nar-bundles/nifi-standard-services/nifi-record-sink-api/target/classes:/home/alex/.m2/repository/commons-io/commons-io/2.10.0/commons-io-2.10.0.jar:/home/alex/.m2/repository/javax/ws/rs/javax.ws.rs-api/2.1/javax.ws.rs-api-2.1.jar:/home/alex/.m2/repository/commons-net/commons-net/3.6/commons-net-3.6.jar:/home/alex/.m2/repository/org/apache/commons/commons-compress/1.21/commons-compress-1.21.jar:/home/alex/.m2/repository/org/apache/commons/commons-lang3/3.9/commons-lang3-3.9.jar:/home/alex/.m2/repository/org/bouncycastle/bcprov-jdk15on/1.69/bcprov-jdk15on-1.69.jar:/home/alex/.m2/repository/org/bouncycastle/bcpg-jdk15on/1.69/bcpg-jdk15on-1.69.jar:/home/alex/.m2/repository/org/bouncycastle/bcpkix-jdk15on/1.69/bcpkix-jdk15on-1.69.jar:/home/alex/.m2/repository/org/bouncycastle/bcutil-jdk15on/1.69/bcutil-jdk15on-1.69.jar:/home/alex/.m2/repository/commons-codec/commons-codec/1.14/commons-codec-1.14.jar:/home/alex/Repositories/nifi/nifi-commons/nifi-security-utils/target/classes:/home/alex/Repositories/nifi/nifi-commons/nifi-security-kms/target/classes:/home/alex/.m2/repository/org/apache/commons/commons-configuration2/2.7/commons-configuration2-2.7.jar:/home/alex/.m2/repository/com/hierynomus/sshj/0.32.0/sshj-0.32.0.jar:/home/alex/.m2/repository/com/jcraft/jzlib/1.1.3/jzlib-1.1.3.jar:/home/alex/.m2/repository/com/hierynomus/asn-one/0.6.0/asn-one-0.6.0.jar:/home/alex/.m2/repository/net/i2p/crypto/eddsa/0.3.0/eddsa-0.3.0.jar:/home/alex/.m2/repository/org/eclipse/jetty/jetty-server/9.4.44.v20210927/jetty-server-9.4.44.v20210927.jar:/home/alex/.m2/repository/javax/servlet/javax.servlet-api/3.1.0/javax.servlet-api-3.1.0.jar:/home/alex/.m2/repository/org/eclipse/jetty/jetty-http/9.4.44.v20210927/jetty-http-9.4.44.v20210927.jar:/home/alex/.m2/repository/org/eclipse/jetty/jetty-util/9.4.44.v20210927/jetty-util-9.4.44.v20210927.jar:/home/alex/.m2/repository/org/eclipse/jetty/jetty-io/9.4.44.v20210927/jetty-io-9.4.44.v20210927.jar:/home/alex/.m2/repository/org/eclipse/jetty/jetty-servlet/9.4.44.v20210927/jetty-servlet-9.4.44.v20210927.jar:/home/alex/.m2/repository/org/eclipse/jetty/jetty-security/9.4.44.v20210927/jetty-security-9.4.44.v20210927.jar:/home/alex/.m2/repository/org/eclipse/jetty/jetty-util-ajax/9.4.44.v20210927/jetty-util-ajax-9.4.44.v20210927.jar:/home/alex/.m2/repository/org/apache/httpcomponents/httpclient/4.5.5/httpclient-4.5.5.jar:/home/alex/.m2/repository/commons-logging/commons-logging/1.2/commons-logging-1.2.jar:/home/alex/.m2/repository/org/apache/httpcomponents/httpcore/4.4.9/httpcore-4.4.9.jar:/home/alex/.m2/repository/jakarta/activation/jakarta.activation-api/2.0.1/jakarta.activation-api-2.0.1.jar:/home/alex/.m2/repository/com/sun/activation/jakarta.activation/2.0.1/jakarta.activation-2.0.1.jar:/home/alex/.m2/repository/jakarta/mail/jakarta.mail-api/2.0.1/jakarta.mail-api-2.0.1.jar:/home/alex/.m2/repository/com/sun/mail/jakarta.mail/2.0.1/jakarta.mail-2.0.1.jar:/home/alex/.m2/repository/com/github/jponge/lzma-java/1.3/lzma-java-1.3.jar:/home/alex/.m2/repository/org/tukaani/xz/1.8/xz-1.8.jar:/home/alex/.m2/repository/net/sf/saxon/Saxon-HE/10.6/Saxon-HE-10.6.jar:/home/alex/Repositories/nifi/nifi-commons/nifi-socket-utils/target/classes:/home/alex/Repositories/nifi/nifi-commons/nifi-logging-utils/target/classes:/home/alex/Repositories/nifi/nifi-nar-bundles/nifi-standard-services/nifi-load-distribution-service-api/target/classes:/home/alex/.m2/repository/javax/jms/javax.jms-api/2.0.1/javax.jms-api-2.0.1.jar:/home/alex/.m2/repository/org/apache/activemq/activemq-client/5.15.15/activemq-client-5.15.15.jar:/home/alex/.m2/repository/org/apache/geronimo/specs/geronimo-jms_1.1_spec/1.1.1/geronimo-jms_1.1_spec-1.1.1.jar:/home/alex/.m2/repository/org/fusesource/hawtbuf/hawtbuf/1.11/hawtbuf-1.11.jar:/home/alex/.m2/repository/org/apache/geronimo/specs/geronimo-j2ee-management_1.1_spec/1.0.1/geronimo-j2ee-management_1.1_spec-1.0.1.jar:/home/alex/.m2/repository/com/jayway/jsonpath/json-path/2.6.0/json-path-2.6.0.jar:/home/alex/.m2/repository/net/minidev/json-smart/2.4.7/json-smart-2.4.7.jar:/home/alex/.m2/repository/net/minidev/accessors-smart/2.4.7/accessors-smart-2.4.7.jar:/home/alex/.m2/repository/org/ow2/asm/asm/9.1/asm-9.1.jar:/home/alex/.m2/repository/org/apache/tika/tika-core/1.26/tika-core-1.26.jar:/home/alex/.m2/repository/com/fasterxml/jackson/core/jackson-databind/2.12.3/jackson-databind-2.12.3.jar:/home/alex/.m2/repository/com/fasterxml/jackson/core/jackson-annotations/2.12.3/jackson-annotations-2.12.3.jar:/home/alex/.m2/repository/com/fasterxml/jackson/core/jackson-core/2.12.3/jackson-core-2.12.3.jar:/home/alex/Repositories/nifi/nifi-nar-bundles/nifi-extension-utils/nifi-record-utils/nifi-avro-record-utils/target/classes:/home/alex/Repositories/nifi/nifi-nar-bundles/nifi-extension-utils/nifi-record-utils/nifi-standard-record-utils/target/classes:/home/alex/.m2/repository/org/apache/avro/avro/1.8.1/avro-1.8.1.jar:/home/alex/.m2/repository/org/codehaus/jackson/jackson-core-asl/1.9.13/jackson-core-asl-1.9.13.jar:/home/alex/.m2/repository/org/codehaus/jackson/jackson-mapper-asl/1.9.13/jackson-mapper-asl-1.9.13.jar:/home/alex/.m2/repository/com/thoughtworks/paranamer/paranamer/2.7/paranamer-2.7.jar:/home/alex/Repositories/nifi/nifi-nar-bundles/nifi-standard-services/nifi-dbcp-service-api/target/classes:/home/alex/.m2/repository/com/squareup/okhttp3/okhttp/4.9.2/okhttp-4.9.2.jar:/home/alex/.m2/repository/com/squareup/okio/okio/2.8.0/okio-2.8.0.jar:/home/alex/.m2/repository/org/jetbrains/kotlin/kotlin-stdlib-common/1.4.0/kotlin-stdlib-common-1.4.0.jar:/home/alex/.m2/repository/org/jetbrains/kotlin/kotlin-stdlib/1.4.10/kotlin-stdlib-1.4.10.jar:/home/alex/.m2/repository/org/jetbrains/annotations/13.0/annotations-13.0.jar:/home/alex/.m2/repository/io/github/rburgst/okhttp-digest/2.5/okhttp-digest-2.5.jar:/home/alex/.m2/repository/at/favre/lib/bcrypt/0.9.0/bcrypt-0.9.0.jar:/home/alex/.m2/repository/at/favre/lib/bytes/1.3.0/bytes-1.3.0.jar:/home/alex/.m2/repository/com/google/guava/guava/28.0-jre/guava-28.0-jre.jar:/home/alex/.m2/repository/com/google/guava/failureaccess/1.0.1/failureaccess-1.0.1.jar:/home/alex/.m2/repository/com/google/guava/listenablefuture/9999.0-empty-to-avoid-conflict-with-guava/listenablefuture-9999.0-empty-to-avoid-conflict-with-guava.jar:/home/alex/.m2/repository/com/google/code/findbugs/jsr305/3.0.2/jsr305-3.0.2.jar:/home/alex/.m2/repository/org/checkerframework/checker-qual/2.8.1/checker-qual-2.8.1.jar:/home/alex/.m2/repository/com/google/errorprone/error_prone_annotations/2.3.2/error_prone_annotations-2.3.2.jar:/home/alex/.m2/repository/com/google/j2objc/j2objc-annotations/1.3/j2objc-annotations-1.3.jar:/home/alex/.m2/repository/org/codehaus/mojo/animal-sniffer-annotations/1.17/animal-sniffer-annotations-1.17.jar:/home/alex/Repositories/nifi/nifi-mock/target/classes:/home/alex/Repositories/nifi/nifi-framework-api/target/classes:/home/alex/Repositories/nifi/nifi-nar-bundles/nifi-framework-bundle/nifi-framework/nifi-framework-core-api/target/classes:/home/alex/Repositories/nifi/nifi-nar-bundles/nifi-framework-bundle/nifi-framework/nifi-framework-nar-utils/target/classes:/home/alex/Repositories/nifi/nifi-nar-bundles/nifi-framework-bundle/nifi-framework/nifi-client-dto/target/classes:/home/alex/.m2/repository/io/swagger/swagger-annotations/1.6.0/swagger-annotations-1.6.0.jar:/home/alex/Repositories/nifi/nifi-commons/nifi-site-to-site-client/target/classes:/home/alex/.m2/repository/org/apache/httpcomponents/httpasyncclient/4.1.4/httpasyncclient-4.1.4.jar:/home/alex/.m2/repository/org/apache/httpcomponents/httpcore-nio/4.4.10/httpcore-nio-4.4.10.jar:/home/alex/Repositories/nifi/nifi-nar-bundles/nifi-framework-bundle/nifi-framework/nifi-framework-authorization/target/classes:/home/alex/Repositories/nifi/nifi-registry/nifi-registry-core/nifi-registry-data-model/target/classes:/home/alex/Repositories/nifi/nifi-registry/nifi-registry-core/nifi-registry-revision/nifi-registry-revision-entity-model/target/classes:/home/alex/Repositories/nifi/nifi-registry/nifi-registry-core/nifi-registry-client/target/classes:/home/alex/Repositories/nifi/nifi-registry/nifi-registry-core/nifi-registry-security-utils/target/classes:/home/alex/.m2/repository/org/glassfish/jersey/core/jersey-client/2.33/jersey-client-2.33.jar:/home/alex/.m2/repository/jakarta/ws/rs/jakarta.ws.rs-api/2.1.6/jakarta.ws.rs-api-2.1.6.jar:/home/alex/.m2/repository/org/glassfish/hk2/external/jakarta.inject/2.6.1/jakarta.inject-2.6.1.jar:/home/alex/.m2/repository/org/glassfish/jersey/media/jersey-media-json-jackson/2.33/jersey-media-json-jackson-2.33.jar:/home/alex/.m2/repository/org/glassfish/jersey/ext/jersey-entity-filtering/2.33/jersey-entity-filtering-2.33.jar:/home/alex/.m2/repository/org/glassfish/jersey/inject/jersey-hk2/2.33/jersey-hk2-2.33.jar:/home/alex/.m2/repository/org/glassfish/hk2/hk2-locator/2.6.1/hk2-locator-2.6.1.jar:/home/alex/.m2/repository/org/glassfish/hk2/external/aopalliance-repackaged/2.6.1/aopalliance-repackaged-2.6.1.jar:/home/alex/.m2/repository/org/glassfish/hk2/hk2-api/2.6.1/hk2-api-2.6.1.jar:/home/alex/.m2/repository/org/glassfish/hk2/hk2-utils/2.6.1/hk2-utils-2.6.1.jar:/home/alex/.m2/repository/org/javassist/javassist/3.25.0-GA/javassist-3.25.0-GA.jar:/home/alex/.m2/repository/org/glassfish/jersey/core/jersey-common/2.33/jersey-common-2.33.jar:/home/alex/.m2/repository/jakarta/annotation/jakarta.annotation-api/1.3.5/jakarta.annotation-api-1.3.5.jar:/home/alex/.m2/repository/org/glassfish/hk2/osgi-resource-locator/1.0.3/osgi-resource-locator-1.0.3.jar:/home/alex/.m2/repository/org/glassfish/jersey/media/jersey-media-multipart/2.33/jersey-media-multipart-2.33.jar:/home/alex/.m2/repository/org/jvnet/mimepull/mimepull/1.9.13/mimepull-1.9.13.jar:/home/alex/Repositories/nifi/nifi-commons/nifi-data-provenance-utils/target/classes:/home/alex/Repositories/nifi/nifi-nar-bundles/nifi-standard-services/nifi-distributed-cache-services-bundle/nifi-distributed-cache-client-service/target/classes:/home/alex/Repositories/nifi/nifi-nar-bundles/nifi-standard-services/nifi-distributed-cache-services-bundle/nifi-distributed-cache-protocol/target/classes:/home/alex/.m2/repository/io/netty/netty-buffer/4.1.69.Final/netty-buffer-4.1.69.Final.jar:/home/alex/.m2/repository/com/google/http-client/google-http-client/1.28.0/google-http-client-1.28.0.jar:/home/alex/.m2/repository/io/opencensus/opencensus-api/0.18.0/opencensus-api-0.18.0.jar:/home/alex/.m2/repository/io/grpc/grpc-context/1.14.0/grpc-context-1.14.0.jar:/home/alex/.m2/repository/io/opencensus/opencensus-contrib-http-util/0.18.0/opencensus-contrib-http-util-0.18.0.jar:/home/alex/.m2/repository/org/apache/activemq/activemq-broker/5.15.14/activemq-broker-5.15.14.jar:/home/alex/.m2/repository/org/apache/activemq/activemq-openwire-legacy/5.15.14/activemq-openwire-legacy-5.15.14.jar:/home/alex/Repositories/nifi/nifi-nar-bundles/nifi-standard-services/nifi-ssl-context-bundle/nifi-ssl-context-service/target/classes:/home/alex/Repositories/nifi/nifi-nar-bundles/nifi-framework-bundle/nifi-framework/nifi-standard-prioritizers/target/classes:/home/alex/Repositories/nifi/nifi-nar-bundles/nifi-extension-utils/nifi-record-utils/nifi-mock-record-utils/target/classes:/home/alex/Repositories/nifi/nifi-nar-bundles/nifi-standard-services/nifi-record-serialization-services-bundle/nifi-record-serialization-services/target/classes:/home/alex/.m2/repository/org/apache/commons/commons-csv/1.8/commons-csv-1.8.jar:/home/alex/.m2/repository/com/fasterxml/jackson/dataformat/jackson-dataformat-csv/2.12.3/jackson-dataformat-csv-2.12.3.jar:/home/alex/.m2/repository/net/java/dev/stax-utils/stax-utils/20070216/stax-utils-20070216.jar:/home/alex/Repositories/nifi/nifi-nar-bundles/nifi-standard-services/nifi-lookup-services-bundle/nifi-lookup-services/target/classes:/home/alex/.m2/repository/commons-beanutils/commons-beanutils/1.9.4/commons-beanutils-1.9.4.jar:/home/alex/.m2/repository/commons-collections/commons-collections/3.2.2/commons-collections-3.2.2.jar:/home/alex/.m2/repository/com/maxmind/geoip2/geoip2/2.12.0/geoip2-2.12.0.jar:/home/alex/.m2/repository/com/maxmind/db/maxmind-db/1.2.2/maxmind-db-1.2.2.jar:/home/alex/.m2/repository/org/apache/derby/derby/10.14.2.0/derby-10.14.2.0.jar:/home/alex/.m2/repository/org/xerial/snappy/snappy-java/1.1.7.3/snappy-java-1.1.7.3.jar:/home/alex/.m2/repository/net/lingala/zip4j/zip4j/2.8.0/zip4j-2.8.0.jar:/home/alex/.m2/repository/com/h2database/h2/1.4.187/h2-1.4.187.jar:/home/alex/.m2/repository/org/mockftpserver/MockFtpServer/2.7.1/MockFtpServer-2.7.1.jar:/home/alex/.m2/repository/org/apache/sshd/sshd-core/1.7.0/sshd-core-1.7.0.jar:/home/alex/.m2/repository/com/bazaarvoice/jolt/jolt-core/0.1.1/jolt-core-0.1.1.jar:/home/alex/.m2/repository/javax/inject/javax.inject/1/javax.inject-1.jar:/home/alex/.m2/repository/com/bazaarvoice/jolt/json-utils/0.1.1/json-utils-0.1.1.jar:/home/alex/Repositories/nifi/nifi-nar-bundles/nifi-standard-bundle/nifi-standard-utils/target/classes:/home/alex/.m2/repository/net/sf/supercsv/super-csv/2.4.0/super-csv-2.4.0.jar:/home/alex/.m2/repository/com/fluenda/parcefone/2.1.0/parcefone-2.1.0.jar:/home/alex/.m2/repository/javax/validation/validation-api/1.1.0.Final/validation-api-1.1.0.Final.jar:/home/alex/.m2/repository/javax/el/javax.el-api/3.0.0/javax.el-api-3.0.0.jar:/home/alex/.m2/repository/com/github/wnameless/json/json-flattener/0.12.0/json-flattener-0.12.0.jar:/home/alex/.m2/repository/com/github/wnameless/json/json-base/2.0.0/json-base-2.0.0.jar:/home/alex/.m2/repository/org/apache/bval/bval-jsr/1.1.2/bval-jsr-1.1.2.jar:/home/alex/.m2/repository/org/apache/bval/bval-core/1.1.2/bval-core-1.1.2.jar:/home/alex/.m2/repository/io/krakens/java-grok/0.1.9/java-grok-0.1.9.jar:/home/alex/.m2/repository/org/apache/calcite/calcite-core/1.27.0/calcite-core-1.27.0.jar:/home/alex/.m2/repository/org/apache/calcite/calcite-linq4j/1.27.0/calcite-linq4j-1.27.0.jar:/home/alex/.m2/repository/com/esri/geometry/esri-geometry-api/2.2.0/esri-geometry-api-2.2.0.jar:/home/alex/.m2/repository/org/apache/calcite/avatica/avatica-core/1.18.0/avatica-core-1.18.0.jar:/home/alex/.m2/repository/org/apache/calcite/avatica/avatica-metrics/1.18.0/avatica-metrics-1.18.0.jar:/home/alex/.m2/repository/com/google/protobuf/protobuf-java/3.6.1/protobuf-java-3.6.1.jar:/home/alex/.m2/repository/org/apiguardian/apiguardian-api/1.1.0/apiguardian-api-1.1.0.jar:/home/alex/.m2/repository/com/fasterxml/jackson/dataformat/jackson-dataformat-yaml/2.10.0/jackson-dataformat-yaml-2.10.0.jar:/home/alex/.m2/repository/org/yaml/snakeyaml/1.29/snakeyaml-1.29.jar:/home/alex/.m2/repository/com/google/uzaygezen/uzaygezen-core/0.2/uzaygezen-core-0.2.jar:/home/alex/.m2/repository/com/yahoo/datasketches/sketches-core/0.9.0/sketches-core-0.9.0.jar:/home/alex/.m2/repository/com/yahoo/datasketches/memory/0.9.0/memory-0.9.0.jar:/home/alex/.m2/repository/net/hydromatic/aggdesigner-algorithm/6.0/aggdesigner-algorithm-6.0.jar:/home/alex/.m2/repository/commons-lang/commons-lang/2.4/commons-lang-2.4.jar:/home/alex/.m2/repository/org/apache/commons/commons-dbcp2/2.6.0/commons-dbcp2-2.6.0.jar:/home/alex/.m2/repository/org/apache/commons/commons-pool2/2.6.1/commons-pool2-2.6.1.jar:/home/alex/.m2/repository/org/codehaus/janino/commons-compiler/3.0.11/commons-compiler-3.0.11.jar:/home/alex/.m2/repository/org/codehaus/janino/janino/3.0.11/janino-3.0.11.jar:/home/alex/Repositories/nifi/nifi-nar-bundles/nifi-standard-services/nifi-schema-registry-service-api/target/classes:/home/alex/Repositories/nifi/nifi-nar-bundles/nifi-extension-utils/nifi-database-utils/target/classes:/home/alex/Repositories/nifi/nifi-nar-bundles/nifi-standard-bundle/nifi-standard-web-test-utils/target/classes:/home/alex/.m2/repository/com/github/stefanbirkner/fake-sftp-server-rule/2.0.1/fake-sftp-server-rule-2.0.1.jar:/home/alex/.m2/repository/com/github/marschall/memoryfilesystem/2.8.0/memoryfilesystem-2.8.0.jar:/home/alex/.m2/repository/junit/junit/4.13.2/junit-4.13.2.jar:/home/alex/.m2/repository/org/hamcrest/hamcrest-core/1.3/hamcrest-core-1.3.jar:/home/alex/Repositories/nifi/nifi-nar-bundles/nifi-extension-utils/nifi-database-test-utils/target/classes:/home/alex/.m2/repository/org/codehaus/groovy/groovy-json/2.5.14/groovy-json-2.5.14.jar:/home/alex/.m2/repository/org/codehaus/groovy/groovy/2.5.14/groovy-2.5.14.jar:/home/alex/.m2/repository/org/codehaus/groovy/groovy-servlet/2.5.14/groovy-servlet-2.5.14.jar:/home/alex/.m2/repository/org/codehaus/groovy/groovy-templates/2.5.14/groovy-templates-2.5.14.jar:/home/alex/.m2/repository/org/codehaus/groovy/groovy-xml/2.5.14/groovy-xml-2.5.14.jar:/home/alex/.m2/repository/org/hamcrest/hamcrest-all/1.3/hamcrest-all-1.3.jar:/home/alex/.m2/repository/com/squareup/okhttp3/mockwebserver/4.9.2/mockwebserver-4.9.2.jar:/home/alex/.m2/repository/org/jetbrains/kotlin/kotlin-stdlib-jdk8/1.4.10/kotlin-stdlib-jdk8-1.4.10.jar:/home/alex/.m2/repository/org/jetbrains/kotlin/kotlin-stdlib-jdk7/1.4.10/kotlin-stdlib-jdk7-1.4.10.jar:/home/alex/.m2/repository/org/mockito/mockito-inline/3.12.4/mockito-inline-3.12.4.jar:/home/alex/.m2/repository/org/junit/jupiter/junit-jupiter-api/5.7.2/junit-jupiter-api-5.7.2.jar:/home/alex/.m2/repository/org/opentest4j/opentest4j/1.2.0/opentest4j-1.2.0.jar:/home/alex/.m2/repository/org/junit/platform/junit-platform-commons/1.7.2/junit-platform-commons-1.7.2.jar:/home/alex/.m2/repository/org/junit/jupiter/junit-jupiter-engine/5.7.2/junit-jupiter-engine-5.7.2.jar:/home/alex/.m2/repository/org/junit/platform/junit-platform-engine/1.7.2/junit-platform-engine-1.7.2.jar:/home/alex/.m2/repository/org/junit/vintage/junit-vintage-engine/5.7.2/junit-vintage-engine-5.7.2.jar:/home/alex/.m2/repository/org/junit/jupiter/junit-jupiter-params/5.7.2/junit-jupiter-params-5.7.2.jar:/home/alex/.m2/repository/org/mockito/mockito-core/3.11.2/mockito-core-3.11.2.jar:/home/alex/.m2/repository/net/bytebuddy/byte-buddy/1.11.3/byte-buddy-1.11.3.jar:/home/alex/.m2/repository/net/bytebuddy/byte-buddy-agent/1.11.3/byte-buddy-agent-1.11.3.jar:/home/alex/.m2/repository/org/objenesis/objenesis/3.2/objenesis-3.2.jar:/home/alex/.m2/repository/org/mockito/mockito-junit-jupiter/3.11.2/mockito-junit-jupiter-3.11.2.jar:/home/alex/.m2/repository/org/slf4j/slf4j-simple/1.7.32/slf4j-simple-1.7.32.jar:/home/alex/.m2/repository/org/codehaus/groovy/groovy-test/2.5.14/groovy-test-2.5.14.jar:"/>
    <property name="sun.cpu.endian" value="little"/>
    <property name="user.home" value="/home/alex"/>
    <property name="user.language" value="en"/>
    <property name="java.specification.vendor" value="Oracle Corporation"/>
    <property name="java.home" value="/usr/lib/jvm/java-8-openjdk-amd64/jre"/>
    <property name="org.slf4j.simpleLogger.log.nifi.processors.standard.ExecuteStreamCommand" value="debug"/>
    <property name="basedir" value="/home/alex/Repositories/nifi/nifi-nar-bundles/nifi-standard-bundle/nifi-standard-processors"/>
    <property name="file.separator" value="/"/>
    <property name="line.separator" value="&#10;"/>
    <property name="java.vm.specification.vendor" value="Oracle Corporation"/>
    <property name="java.specification.name" value="Java Platform API Specification"/>
    <property name="derby.stream.error.file" value="target/derby.log"/>
    <property name="org.slf4j.simpleLogger.log.org.apache.nifi" value="TRACE"/>
    <property name="javax.xml.xpath.XPathFactory:http://saxon.sf.net/jaxp/xpath/om" value="net.sf.saxon.xpath.XPathFactoryImpl"/>
    <property name="java.awt.graphicsenv" value="sun.awt.X11GraphicsEnvironment"/>
    <property name="org.slf4j.simpleLogger.log.org.apache.nifi.processors.standard.SQLTransform" value="debug"/>
    <property name="java.awt.headless" value="true"/>
    <property name="org.slf4j.simpleLogger.log.nifi.processors.standard.ExecuteSQLRecord" value="debug"/>
    <property name="org.slf4j.simpleLogger.showDateTime" value="true"/>
    <property name="surefire.real.class.path" value="/home/alex/Repositories/nifi/nifi-nar-bundles/nifi-standard-bundle/nifi-standard-processors/target/surefire/surefirebooter4492904506786624144.jar"/>
    <property name="sun.boot.class.path" value="/usr/lib/jvm/java-8-openjdk-amd64/jre/lib/resources.jar:/usr/lib/jvm/java-8-openjdk-amd64/jre/lib/rt.jar:/usr/lib/jvm/java-8-openjdk-amd64/jre/lib/sunrsasign.jar:/usr/lib/jvm/java-8-openjdk-amd64/jre/lib/jsse.jar:/usr/lib/jvm/java-8-openjdk-amd64/jre/lib/jce.jar:/usr/lib/jvm/java-8-openjdk-amd64/jre/lib/charsets.jar:/usr/lib/jvm/java-8-openjdk-amd64/jre/lib/jfr.jar:/usr/lib/jvm/java-8-openjdk-amd64/jre/classes"/>
    <property name="org.slf4j.simpleLogger.log.nifi.processors.standard.TestExecuteStreamCommand" value="debug"/>
    <property name="sun.management.compiler" value="HotSpot 64-Bit Tiered Compilers"/>
    <property name="org.slf4j.simpleLogger.log.nifi.processors.standard.TestExecuteSQL" value="debug"/>
    <property name="java.runtime.version" value="1.8.0_402-8u402-ga-2ubuntu1~22.04-b06"/>
    <property name="java.net.preferIPv4Stack" value="true"/>
    <property name="user.name" value="alex"/>
    <property name="path.separator" value=":"/>
    <property name="os.version" value="6.5.0-28-generic"/>
    <property name="java.endorsed.dirs" value="/usr/lib/jvm/java-8-openjdk-amd64/jre/lib/endorsed"/>
    <property name="java.runtime.name" value="OpenJDK Runtime Environment"/>
    <property name="org.slf4j.simpleLogger.log.nifi.processors.standard.DistributeLoad" value="debug"/>
    <property name="file.encoding" value="UTF-8"/>
    <property name="org.slf4j.simpleLogger.log.org.apache.nifi.processors.standard" value="TRACE"/>
    <property name="org.slf4j.simpleLogger.log.nifi.processors.standard.ExecuteSQL" value="debug"/>
    <property name="sun.nio.ch.bugLevel" value=""/>
    <property name="java.vm.name" value="OpenJDK 64-Bit Server VM"/>
    <property name="localRepository" value="/home/alex/.m2/repository"/>
    <property name="java.vendor.url.bug" value="http://bugreport.sun.com/bugreport/"/>
    <property name="jetty.git.hash" value="8da83308eeca865e495e53ef315a249d63ba9332"/>
    <property name="java.io.tmpdir" value="/tmp"/>
    <property name="java.version" value="1.8.0_402"/>
    <property name="user.dir" value="/home/alex/Repositories/nifi/nifi-nar-bundles/nifi-standard-bundle/nifi-standard-processors"/>
    <property name="org.slf4j.simpleLogger.log.nifi.processors.standard.TestDetectDuplicate" value="debug"/>
    <property name="os.arch" value="amd64"/>
    <property name="java.vm.specification.name" value="Java Virtual Machine Specification"/>
    <property name="java.awt.printerjob" value="sun.print.PSPrinterJob"/>
    <property name="sun.os.patch.level" value="unknown"/>
    <property name="org.slf4j.simpleLogger.defaultLogLevel" value="info"/>
    <property name="java.library.path" value="/usr/java/packages/lib/amd64:/usr/lib/x86_64-linux-gnu/jni:/lib/x86_64-linux-gnu:/usr/lib/x86_64-linux-gnu:/usr/lib/jni:/lib:/usr/lib"/>
    <property name="java.vm.info" value="mixed mode"/>
    <property name="java.vendor" value="Private Build"/>
    <property name="java.vm.version" value="25.402-b06"/>
    <property name="org.slf4j.simpleLogger.log.nifi.processors.standard.DetectDuplicate" value="debug"/>
    <property name="java.specification.maintenance.version" value="5"/>
    <property name="java.ext.dirs" value="/usr/lib/jvm/java-8-openjdk-amd64/jre/lib/ext:/usr/java/packages/lib/ext"/>
    <property name="sun.io.unicode.encoding" value="UnicodeLittle"/>
    <property name="java.class.version" value="52.0"/>
  </properties>
  <testcase name="testShouldDecryptNiFiLegacySaltedCipherTextWithVariableSaltLength" classname="org.apache.nifi.security.util.crypto.PasswordBasedEncryptorGroovyTest" time="0.072">
    <system-err><![CDATA[[main] INFO org.apache.nifi.security.util.crypto.PasswordBasedEncryptorGroovyTest - Plaintext: This is a plaintext message.
[main] INFO org.apache.nifi.security.util.crypto.PasswordBasedEncryptorGroovyTest - Password: short
[main] INFO org.apache.nifi.security.util.crypto.PasswordBasedEncryptorGroovyTest - Grouped algorithms by block size: [16:[PBEWITHMD5AND128BITAES-CBC-OPENSSL, PBEWITHMD5AND192BITAES-CBC-OPENSSL, PBEWITHMD5AND256BITAES-CBC-OPENSSL, PBEWITHSHAAND128BITAES-CBC-BC, PBEWITHSHAAND192BITAES-CBC-BC, PBEWITHSHAAND256BITAES-CBC-BC, PBEWITHSHA256AND128BITAES-CBC-BC, PBEWITHSHA256AND192BITAES-CBC-BC, PBEWITHSHA256AND256BITAES-CBC-BC, PBEWITHSHAANDTWOFISH-CBC], 8:[PBEWITHMD5ANDDES, PBEWITHMD5ANDRC2, PBEWITHSHA1ANDRC2, PBEWITHSHA1ANDDES, PBEWITHSHAAND40BITRC2-CBC, PBEWITHSHAAND128BITRC2-CBC, PBEWITHSHAAND2-KEYTRIPLEDES-CBC, PBEWITHSHAAND3-KEYTRIPLEDES-CBC], 0:[PBEWITHSHAAND40BITRC4, PBEWITHSHAAND128BITRC4]]
[main] INFO org.apache.nifi.security.util.crypto.PasswordBasedEncryptorGroovyTest - Testing PBEWITHMD5AND128BITAES-CBC-OPENSSL with expected salt size 16
[main] INFO org.apache.nifi.security.util.crypto.PasswordBasedEncryptorGroovyTest - Generated legacy salt aaaaaaaaaaaaaaaaaaaaaaaaaaaaaaaa (16)
[main] INFO org.apache.nifi.security.util.crypto.PasswordBasedEncryptorGroovyTest - Cipher bytes: 2aa22cbb29a0c5049bc293d7b95c1ccdf0d3aa87f321d639628e930594126fb5
[main] INFO org.apache.nifi.security.util.crypto.PasswordBasedEncryptorGroovyTest - Complete cipher stream: aaaaaaaaaaaaaaaaaaaaaaaaaaaaaaaa2aa22cbb29a0c5049bc293d7b95c1ccdf0d3aa87f321d639628e930594126fb5
[main] INFO org.apache.nifi.security.util.crypto.PasswordBasedEncryptorGroovyTest - Decrypted: 54686973206973206120706c61696e74657874206d6573736167652e
[main] INFO org.apache.nifi.security.util.crypto.PasswordBasedEncryptorGroovyTest - Recovered: This is a plaintext message.
[main] INFO org.apache.nifi.security.util.crypto.PasswordBasedEncryptorGroovyTest - Testing PBEWITHMD5AND192BITAES-CBC-OPENSSL with expected salt size 16
[main] INFO org.apache.nifi.security.util.crypto.PasswordBasedEncryptorGroovyTest - Generated legacy salt aaaaaaaaaaaaaaaaaaaaaaaaaaaaaaaa (16)
[main] INFO org.apache.nifi.security.util.crypto.PasswordBasedEncryptorGroovyTest - Cipher bytes: 0e44369a5e9696679f4b9c933b0de51951fd857dbb41288f85d571a3c1d560dc
[main] INFO org.apache.nifi.security.util.crypto.PasswordBasedEncryptorGroovyTest - Complete cipher stream: aaaaaaaaaaaaaaaaaaaaaaaaaaaaaaaa0e44369a5e9696679f4b9c933b0de51951fd857dbb41288f85d571a3c1d560dc
[main] INFO org.apache.nifi.security.util.crypto.PasswordBasedEncryptorGroovyTest - Decrypted: 54686973206973206120706c61696e74657874206d6573736167652e
[main] INFO org.apache.nifi.security.util.crypto.PasswordBasedEncryptorGroovyTest - Recovered: This is a plaintext message.
[main] INFO org.apache.nifi.security.util.crypto.PasswordBasedEncryptorGroovyTest - Testing PBEWITHMD5AND256BITAES-CBC-OPENSSL with expected salt size 16
[main] INFO org.apache.nifi.security.util.crypto.PasswordBasedEncryptorGroovyTest - Generated legacy salt aaaaaaaaaaaaaaaaaaaaaaaaaaaaaaaa (16)
[main] INFO org.apache.nifi.security.util.crypto.PasswordBasedEncryptorGroovyTest - Cipher bytes: ee0bd96c08175fa463edb807d9f759481f84ae4e7236eac2e634b38ff9baae00
[main] INFO org.apache.nifi.security.util.crypto.PasswordBasedEncryptorGroovyTest - Complete cipher stream: aaaaaaaaaaaaaaaaaaaaaaaaaaaaaaaaee0bd96c08175fa463edb807d9f759481f84ae4e7236eac2e634b38ff9baae00
[main] INFO org.apache.nifi.security.util.crypto.PasswordBasedEncryptorGroovyTest - Decrypted: 54686973206973206120706c61696e74657874206d6573736167652e
[main] INFO org.apache.nifi.security.util.crypto.PasswordBasedEncryptorGroovyTest - Recovered: This is a plaintext message.
[main] INFO org.apache.nifi.security.util.crypto.PasswordBasedEncryptorGroovyTest - Testing PBEWITHSHAAND128BITAES-CBC-BC with expected salt size 16
[main] INFO org.apache.nifi.security.util.crypto.PasswordBasedEncryptorGroovyTest - Generated legacy salt aaaaaaaaaaaaaaaaaaaaaaaaaaaaaaaa (16)
[main] INFO org.apache.nifi.security.util.crypto.PasswordBasedEncryptorGroovyTest - Cipher bytes: 1c9234bd14899bd8cbe4c57022c6821cd2cf1b5266d02839e63a174b63a713ef
[main] INFO org.apache.nifi.security.util.crypto.PasswordBasedEncryptorGroovyTest - Complete cipher stream: aaaaaaaaaaaaaaaaaaaaaaaaaaaaaaaa1c9234bd14899bd8cbe4c57022c6821cd2cf1b5266d02839e63a174b63a713ef
[main] INFO org.apache.nifi.security.util.crypto.PasswordBasedEncryptorGroovyTest - Decrypted: 54686973206973206120706c61696e74657874206d6573736167652e
[main] INFO org.apache.nifi.security.util.crypto.PasswordBasedEncryptorGroovyTest - Recovered: This is a plaintext message.
[main] INFO org.apache.nifi.security.util.crypto.PasswordBasedEncryptorGroovyTest - Testing PBEWITHSHAAND192BITAES-CBC-BC with expected salt size 16
[main] INFO org.apache.nifi.security.util.crypto.PasswordBasedEncryptorGroovyTest - Generated legacy salt aaaaaaaaaaaaaaaaaaaaaaaaaaaaaaaa (16)
[main] INFO org.apache.nifi.security.util.crypto.PasswordBasedEncryptorGroovyTest - Cipher bytes: 5b42b427ee54f9c0933fa7544d12fe17f6665a06a80e2ef222c58ae7f785002b
[main] INFO org.apache.nifi.security.util.crypto.PasswordBasedEncryptorGroovyTest - Complete cipher stream: aaaaaaaaaaaaaaaaaaaaaaaaaaaaaaaa5b42b427ee54f9c0933fa7544d12fe17f6665a06a80e2ef222c58ae7f785002b
[main] INFO org.apache.nifi.security.util.crypto.PasswordBasedEncryptorGroovyTest - Decrypted: 54686973206973206120706c61696e74657874206d6573736167652e
[main] INFO org.apache.nifi.security.util.crypto.PasswordBasedEncryptorGroovyTest - Recovered: This is a plaintext message.
[main] INFO org.apache.nifi.security.util.crypto.PasswordBasedEncryptorGroovyTest - Testing PBEWITHSHAAND256BITAES-CBC-BC with expected salt size 16
[main] INFO org.apache.nifi.security.util.crypto.PasswordBasedEncryptorGroovyTest - Generated legacy salt aaaaaaaaaaaaaaaaaaaaaaaaaaaaaaaa (16)
[main] INFO org.apache.nifi.security.util.crypto.PasswordBasedEncryptorGroovyTest - Cipher bytes: 8f2cb7642afdf577f037c28af7cf5560baeb32390e884cc792ab693bb497e7ba
[main] INFO org.apache.nifi.security.util.crypto.PasswordBasedEncryptorGroovyTest - Complete cipher stream: aaaaaaaaaaaaaaaaaaaaaaaaaaaaaaaa8f2cb7642afdf577f037c28af7cf5560baeb32390e884cc792ab693bb497e7ba
[main] INFO org.apache.nifi.security.util.crypto.PasswordBasedEncryptorGroovyTest - Decrypted: 54686973206973206120706c61696e74657874206d6573736167652e
[main] INFO org.apache.nifi.security.util.crypto.PasswordBasedEncryptorGroovyTest - Recovered: This is a plaintext message.
[main] INFO org.apache.nifi.security.util.crypto.PasswordBasedEncryptorGroovyTest - Testing PBEWITHSHA256AND128BITAES-CBC-BC with expected salt size 16
[main] INFO org.apache.nifi.security.util.crypto.PasswordBasedEncryptorGroovyTest - Generated legacy salt aaaaaaaaaaaaaaaaaaaaaaaaaaaaaaaa (16)
[main] INFO org.apache.nifi.security.util.crypto.PasswordBasedEncryptorGroovyTest - Cipher bytes: 9db8069b6c6e6d876af183c0c83c87fd0499de119811f02e6c848cb5ed1c9d75
[main] INFO org.apache.nifi.security.util.crypto.PasswordBasedEncryptorGroovyTest - Complete cipher stream: aaaaaaaaaaaaaaaaaaaaaaaaaaaaaaaa9db8069b6c6e6d876af183c0c83c87fd0499de119811f02e6c848cb5ed1c9d75
[main] INFO org.apache.nifi.security.util.crypto.PasswordBasedEncryptorGroovyTest - Decrypted: 54686973206973206120706c61696e74657874206d6573736167652e
[main] INFO org.apache.nifi.security.util.crypto.PasswordBasedEncryptorGroovyTest - Recovered: This is a plaintext message.
[main] INFO org.apache.nifi.security.util.crypto.PasswordBasedEncryptorGroovyTest - Testing PBEWITHSHA256AND192BITAES-CBC-BC with expected salt size 16
[main] INFO org.apache.nifi.security.util.crypto.PasswordBasedEncryptorGroovyTest - Generated legacy salt aaaaaaaaaaaaaaaaaaaaaaaaaaaaaaaa (16)
[main] INFO org.apache.nifi.security.util.crypto.PasswordBasedEncryptorGroovyTest - Cipher bytes: 2631d13fb824b5da2f92b1bf09149a04dc6999a9b7beb5b9237b50c3c671247c
[main] INFO org.apache.nifi.security.util.crypto.PasswordBasedEncryptorGroovyTest - Complete cipher stream: aaaaaaaaaaaaaaaaaaaaaaaaaaaaaaaa2631d13fb824b5da2f92b1bf09149a04dc6999a9b7beb5b9237b50c3c671247c
[main] INFO org.apache.nifi.security.util.crypto.PasswordBasedEncryptorGroovyTest - Decrypted: 54686973206973206120706c61696e74657874206d6573736167652e
[main] INFO org.apache.nifi.security.util.crypto.PasswordBasedEncryptorGroovyTest - Recovered: This is a plaintext message.
[main] INFO org.apache.nifi.security.util.crypto.PasswordBasedEncryptorGroovyTest - Testing PBEWITHSHA256AND256BITAES-CBC-BC with expected salt size 16
[main] INFO org.apache.nifi.security.util.crypto.PasswordBasedEncryptorGroovyTest - Generated legacy salt aaaaaaaaaaaaaaaaaaaaaaaaaaaaaaaa (16)
[main] INFO org.apache.nifi.security.util.crypto.PasswordBasedEncryptorGroovyTest - Cipher bytes: a5d1e3d1f79c4349095bbbdd8a33803b5b33574ce383745c7427df4b050a0acd
[main] INFO org.apache.nifi.security.util.crypto.PasswordBasedEncryptorGroovyTest - Complete cipher stream: aaaaaaaaaaaaaaaaaaaaaaaaaaaaaaaaa5d1e3d1f79c4349095bbbdd8a33803b5b33574ce383745c7427df4b050a0acd
[main] INFO org.apache.nifi.security.util.crypto.PasswordBasedEncryptorGroovyTest - Decrypted: 54686973206973206120706c61696e74657874206d6573736167652e
[main] INFO org.apache.nifi.security.util.crypto.PasswordBasedEncryptorGroovyTest - Recovered: This is a plaintext message.
[main] INFO org.apache.nifi.security.util.crypto.PasswordBasedEncryptorGroovyTest - Testing PBEWITHSHAANDTWOFISH-CBC with expected salt size 16
[main] INFO org.apache.nifi.security.util.crypto.PasswordBasedEncryptorGroovyTest - Generated legacy salt aaaaaaaaaaaaaaaaaaaaaaaaaaaaaaaa (16)
[main] INFO org.apache.nifi.security.util.crypto.PasswordBasedEncryptorGroovyTest - Cipher bytes: aa9a82c609c1d86d3eb32f25804d5ba215fe544899de8693cf9bf17d816b661b
[main] INFO org.apache.nifi.security.util.crypto.PasswordBasedEncryptorGroovyTest - Complete cipher stream: aaaaaaaaaaaaaaaaaaaaaaaaaaaaaaaaaa9a82c609c1d86d3eb32f25804d5ba215fe544899de8693cf9bf17d816b661b
[main] INFO org.apache.nifi.security.util.crypto.PasswordBasedEncryptorGroovyTest - Decrypted: 54686973206973206120706c61696e74657874206d6573736167652e
[main] INFO org.apache.nifi.security.util.crypto.PasswordBasedEncryptorGroovyTest - Recovered: This is a plaintext message.
[main] INFO org.apache.nifi.security.util.crypto.PasswordBasedEncryptorGroovyTest - Testing PBEWITHMD5ANDDES with expected salt size 8
[main] INFO org.apache.nifi.security.util.crypto.PasswordBasedEncryptorGroovyTest - Generated legacy salt aaaaaaaaaaaaaaaa (8)
[main] INFO org.apache.nifi.security.util.crypto.PasswordBasedEncryptorGroovyTest - Cipher bytes: a2fa0b557bfde3043408502a9f9af11d3104aec8c8fa65c22f89cb124b34a1f2
[main] INFO org.apache.nifi.security.util.crypto.PasswordBasedEncryptorGroovyTest - Complete cipher stream: aaaaaaaaaaaaaaaaa2fa0b557bfde3043408502a9f9af11d3104aec8c8fa65c22f89cb124b34a1f2
[main] INFO org.apache.nifi.security.util.crypto.PasswordBasedEncryptorGroovyTest - Decrypted: 54686973206973206120706c61696e74657874206d6573736167652e
[main] INFO org.apache.nifi.security.util.crypto.PasswordBasedEncryptorGroovyTest - Recovered: This is a plaintext message.
[main] INFO org.apache.nifi.security.util.crypto.PasswordBasedEncryptorGroovyTest - Testing PBEWITHMD5ANDRC2 with expected salt size 8
[main] INFO org.apache.nifi.security.util.crypto.PasswordBasedEncryptorGroovyTest - Generated legacy salt aaaaaaaaaaaaaaaa (8)
[main] INFO org.apache.nifi.security.util.crypto.PasswordBasedEncryptorGroovyTest - Cipher bytes: 84515a858f99a8e64496737f1888333d2f310602b6e0e8d8aa1ede5bbd22967d
[main] INFO org.apache.nifi.security.util.crypto.PasswordBasedEncryptorGroovyTest - Complete cipher stream: aaaaaaaaaaaaaaaa84515a858f99a8e64496737f1888333d2f310602b6e0e8d8aa1ede5bbd22967d
[main] INFO org.apache.nifi.security.util.crypto.PasswordBasedEncryptorGroovyTest - Decrypted: 54686973206973206120706c61696e74657874206d6573736167652e
[main] INFO org.apache.nifi.security.util.crypto.PasswordBasedEncryptorGroovyTest - Recovered: This is a plaintext message.
[main] INFO org.apache.nifi.security.util.crypto.PasswordBasedEncryptorGroovyTest - Testing PBEWITHSHA1ANDRC2 with expected salt size 8
[main] INFO org.apache.nifi.security.util.crypto.PasswordBasedEncryptorGroovyTest - Generated legacy salt aaaaaaaaaaaaaaaa (8)
[main] INFO org.apache.nifi.security.util.crypto.PasswordBasedEncryptorGroovyTest - Cipher bytes: 45a936e64e5f637dc5a75e6799daf62eb60943acce274f51ef727bce3966c53b
[main] INFO org.apache.nifi.security.util.crypto.PasswordBasedEncryptorGroovyTest - Complete cipher stream: aaaaaaaaaaaaaaaa45a936e64e5f637dc5a75e6799daf62eb60943acce274f51ef727bce3966c53b
[main] INFO org.apache.nifi.security.util.crypto.PasswordBasedEncryptorGroovyTest - Decrypted: 54686973206973206120706c61696e74657874206d6573736167652e
[main] INFO org.apache.nifi.security.util.crypto.PasswordBasedEncryptorGroovyTest - Recovered: This is a plaintext message.
[main] INFO org.apache.nifi.security.util.crypto.PasswordBasedEncryptorGroovyTest - Testing PBEWITHSHA1ANDDES with expected salt size 8
[main] INFO org.apache.nifi.security.util.crypto.PasswordBasedEncryptorGroovyTest - Generated legacy salt aaaaaaaaaaaaaaaa (8)
[main] INFO org.apache.nifi.security.util.crypto.PasswordBasedEncryptorGroovyTest - Cipher bytes: e7dd098e335bfd9209054f55ef8809ff98b64a104be9ff56af1db3600bafd543
[main] INFO org.apache.nifi.security.util.crypto.PasswordBasedEncryptorGroovyTest - Complete cipher stream: aaaaaaaaaaaaaaaae7dd098e335bfd9209054f55ef8809ff98b64a104be9ff56af1db3600bafd543
[main] INFO org.apache.nifi.security.util.crypto.PasswordBasedEncryptorGroovyTest - Decrypted: 54686973206973206120706c61696e74657874206d6573736167652e
[main] INFO org.apache.nifi.security.util.crypto.PasswordBasedEncryptorGroovyTest - Recovered: This is a plaintext message.
[main] INFO org.apache.nifi.security.util.crypto.PasswordBasedEncryptorGroovyTest - Testing PBEWITHSHAAND40BITRC2-CBC with expected salt size 8
[main] INFO org.apache.nifi.security.util.crypto.PasswordBasedEncryptorGroovyTest - Generated legacy salt aaaaaaaaaaaaaaaa (8)
[main] INFO org.apache.nifi.security.util.crypto.PasswordBasedEncryptorGroovyTest - Cipher bytes: bfeadb2bb03e2e1961f5d01cfc812ca66a3adcb14e6b40a8aff3d059ae8cd235
[main] INFO org.apache.nifi.security.util.crypto.PasswordBasedEncryptorGroovyTest - Complete cipher stream: aaaaaaaaaaaaaaaabfeadb2bb03e2e1961f5d01cfc812ca66a3adcb14e6b40a8aff3d059ae8cd235
[main] INFO org.apache.nifi.security.util.crypto.PasswordBasedEncryptorGroovyTest - Decrypted: 54686973206973206120706c61696e74657874206d6573736167652e
[main] INFO org.apache.nifi.security.util.crypto.PasswordBasedEncryptorGroovyTest - Recovered: This is a plaintext message.
[main] INFO org.apache.nifi.security.util.crypto.PasswordBasedEncryptorGroovyTest - Testing PBEWITHSHAAND128BITRC2-CBC with expected salt size 8
[main] INFO org.apache.nifi.security.util.crypto.PasswordBasedEncryptorGroovyTest - Generated legacy salt aaaaaaaaaaaaaaaa (8)
[main] INFO org.apache.nifi.security.util.crypto.PasswordBasedEncryptorGroovyTest - Cipher bytes: 067061440d920200a7981c50e717ef436f445cd7b79a6e33bed12b3a419e556b
[main] INFO org.apache.nifi.security.util.crypto.PasswordBasedEncryptorGroovyTest - Complete cipher stream: aaaaaaaaaaaaaaaa067061440d920200a7981c50e717ef436f445cd7b79a6e33bed12b3a419e556b
[main] INFO org.apache.nifi.security.util.crypto.PasswordBasedEncryptorGroovyTest - Decrypted: 54686973206973206120706c61696e74657874206d6573736167652e
[main] INFO org.apache.nifi.security.util.crypto.PasswordBasedEncryptorGroovyTest - Recovered: This is a plaintext message.
[main] INFO org.apache.nifi.security.util.crypto.PasswordBasedEncryptorGroovyTest - Testing PBEWITHSHAAND2-KEYTRIPLEDES-CBC with expected salt size 8
[main] INFO org.apache.nifi.security.util.crypto.PasswordBasedEncryptorGroovyTest - Generated legacy salt aaaaaaaaaaaaaaaa (8)
[main] INFO org.apache.nifi.security.util.crypto.PasswordBasedEncryptorGroovyTest - Cipher bytes: 2f6a7400eb14da01da22a16a90ffbd8814fb266aaef6150a171cecb3890c4c8b
[main] INFO org.apache.nifi.security.util.crypto.PasswordBasedEncryptorGroovyTest - Complete cipher stream: aaaaaaaaaaaaaaaa2f6a7400eb14da01da22a16a90ffbd8814fb266aaef6150a171cecb3890c4c8b
[main] INFO org.apache.nifi.security.util.crypto.PasswordBasedEncryptorGroovyTest - Decrypted: 54686973206973206120706c61696e74657874206d6573736167652e
[main] INFO org.apache.nifi.security.util.crypto.PasswordBasedEncryptorGroovyTest - Recovered: This is a plaintext message.
[main] INFO org.apache.nifi.security.util.crypto.PasswordBasedEncryptorGroovyTest - Testing PBEWITHSHAAND3-KEYTRIPLEDES-CBC with expected salt size 8
[main] INFO org.apache.nifi.security.util.crypto.PasswordBasedEncryptorGroovyTest - Generated legacy salt aaaaaaaaaaaaaaaa (8)
[main] INFO org.apache.nifi.security.util.crypto.PasswordBasedEncryptorGroovyTest - Cipher bytes: 2c99500833becb928e67ddc10d5c098f3e784c73c89f246e849473e280ce3eed
[main] INFO org.apache.nifi.security.util.crypto.PasswordBasedEncryptorGroovyTest - Complete cipher stream: aaaaaaaaaaaaaaaa2c99500833becb928e67ddc10d5c098f3e784c73c89f246e849473e280ce3eed
[main] INFO org.apache.nifi.security.util.crypto.PasswordBasedEncryptorGroovyTest - Decrypted: 54686973206973206120706c61696e74657874206d6573736167652e
[main] INFO org.apache.nifi.security.util.crypto.PasswordBasedEncryptorGroovyTest - Recovered: This is a plaintext message.
[main] INFO org.apache.nifi.security.util.crypto.PasswordBasedEncryptorGroovyTest - Testing PBEWITHSHAAND40BITRC4 with expected salt size 8
[main] INFO org.apache.nifi.security.util.crypto.PasswordBasedEncryptorGroovyTest - Generated legacy salt aaaaaaaaaaaaaaaa (8)
[main] INFO org.apache.nifi.security.util.crypto.PasswordBasedEncryptorGroovyTest - Cipher bytes: f38bf6065539f447a53617e44f8d4d240d18ae10c0ad1416d9ec74a7
[main] INFO org.apache.nifi.security.util.crypto.PasswordBasedEncryptorGroovyTest - Complete cipher stream: aaaaaaaaaaaaaaaaf38bf6065539f447a53617e44f8d4d240d18ae10c0ad1416d9ec74a7
[main] INFO org.apache.nifi.security.util.crypto.PasswordBasedEncryptorGroovyTest - Decrypted: 54686973206973206120706c61696e74657874206d6573736167652e
[main] INFO org.apache.nifi.security.util.crypto.PasswordBasedEncryptorGroovyTest - Recovered: This is a plaintext message.
[main] INFO org.apache.nifi.security.util.crypto.PasswordBasedEncryptorGroovyTest - Testing PBEWITHSHAAND128BITRC4 with expected salt size 8
[main] INFO org.apache.nifi.security.util.crypto.PasswordBasedEncryptorGroovyTest - Generated legacy salt aaaaaaaaaaaaaaaa (8)
[main] INFO org.apache.nifi.security.util.crypto.PasswordBasedEncryptorGroovyTest - Cipher bytes: cb74aea624fa11a4c65987f22e3a3b3f77820df62449b748bc697c99
[main] INFO org.apache.nifi.security.util.crypto.PasswordBasedEncryptorGroovyTest - Complete cipher stream: aaaaaaaaaaaaaaaacb74aea624fa11a4c65987f22e3a3b3f77820df62449b748bc697c99
[main] INFO org.apache.nifi.security.util.crypto.PasswordBasedEncryptorGroovyTest - Decrypted: 54686973206973206120706c61696e74657874206d6573736167652e
[main] INFO org.apache.nifi.security.util.crypto.PasswordBasedEncryptorGroovyTest - Recovered: This is a plaintext message.
]]></system-err>
  </testcase>
  <testcase name="testBcryptDecryptShouldSupportLegacyKeyDerivationProcess" classname="org.apache.nifi.security.util.crypto.PasswordBasedEncryptorGroovyTest" time="1.212">
    <system-err><![CDATA[[main] INFO org.apache.nifi.security.util.crypto.PasswordBasedEncryptorGroovyTest - Plaintext: This is a plaintext message. 
[main] INFO org.apache.nifi.security.util.crypto.PasswordBasedEncryptorGroovyTest - [TEST] Using fixed Bcrypt salt: $2a$12$3shGGSd.TC61RscTV3hxee
[main] DEBUG org.apache.nifi.security.util.crypto.BcryptSecureHasher - Creating Bcrypt hash with salt [e6e8c82147c0544f374ee7955f98f382] (16 bytes)
[main] DEBUG org.apache.nifi.security.util.crypto.BcryptSecureHasher - Generated Bcrypt hash in 320 ms
[main] INFO org.apache.nifi.security.util.crypto.PasswordBasedEncryptorGroovyTest - [TEST] Raw hash output (60): 24326124313224337368474753642e544336315273635456336878656551367943337454787552554642564a68773168367137585374615144614253
[main] INFO org.apache.nifi.security.util.crypto.PasswordBasedEncryptorGroovyTest - [TEST] Key digest (64): 6954e299ad8a31afbb6f326eb2af02b6854cc093364df79a72619cc13c766ac60cff08078bcbbbc152c598223d851158b1c0bba1a66b03127d84022b393e28ac
[main] INFO org.apache.nifi.security.util.crypto.PasswordBasedEncryptorGroovyTest - [TEST] Derived key (16): 6954e299ad8a31afbb6f326eb2af02b6
[main] DEBUG org.apache.nifi.security.util.crypto.BcryptSecureHasher - Creating Bcrypt hash with salt [6ff06f3e5fe15e4b14263c13435123bc] (16 bytes)
[main] DEBUG org.apache.nifi.security.util.crypto.BcryptSecureHasher - Generated Bcrypt hash in 282 ms
[main] WARN org.apache.nifi.security.util.crypto.KeyDerivationBcryptSecureHasher - Using Legacy Key Derivation on bcrypt hash including cost and salt
[main] WARN org.apache.nifi.security.util.crypto.AESKeyedCipherProvider - An empty IV was provided of length 16 for encryption
[main] WARN org.apache.nifi.security.util.crypto.AESKeyedCipherProvider - Generating new IV. The value can be obtained in the calling code by invoking 'cipher.getIV()';
[main] INFO org.apache.nifi.security.util.crypto.PasswordBasedEncryptorGroovyTest - Cipher text (91): 243261243132245a392f744e6a396656697153486875524f7a4368742e4e69466953414c544d99542a68172a4fdc53c68dfc5ee6194e6946694956f6097f390ddb7f9b8712af31e74bca39f509a0ab29c4ba8f9a940a6354fe8282
[main] DEBUG org.apache.nifi.security.util.crypto.BcryptSecureHasher - Creating Bcrypt hash with salt [6ff06f3e5fe15e4b14263c13435123bc] (16 bytes)
[main] DEBUG org.apache.nifi.security.util.crypto.BcryptSecureHasher - Generated Bcrypt hash in 281 ms
[main] WARN org.apache.nifi.security.util.crypto.PasswordBasedEncryptor - Error decrypting content using Bcrypt-derived key; attempting legacy key derivation for backward compatibility
[main] DEBUG org.apache.nifi.security.util.crypto.BcryptSecureHasher - Creating Bcrypt hash with salt [6ff06f3e5fe15e4b14263c13435123bc] (16 bytes)
[main] DEBUG org.apache.nifi.security.util.crypto.BcryptSecureHasher - Generated Bcrypt hash in 283 ms
[main] WARN org.apache.nifi.security.util.crypto.KeyDerivationBcryptSecureHasher - Using Legacy Key Derivation on bcrypt hash including cost and salt
[main] INFO org.apache.nifi.security.util.crypto.PasswordBasedEncryptorGroovyTest - Plaintext (29): This is a plaintext message. 
]]></system-err>
  </testcase>
  <testcase name="testScryptSaltShouldBe16Bytes" classname="org.apache.nifi.security.util.crypto.PasswordBasedEncryptorGroovyTest" time="0.146">
    <system-err><![CDATA[[main] INFO org.apache.nifi.security.util.crypto.PasswordBasedEncryptorGroovyTest - Plaintext: This is a plaintext message. 
[main] DEBUG org.apache.nifi.security.util.crypto.ScryptSecureHasher - Calculated maximum p value as (2^32 - 1) * 32 [137438953440] / (128 * r) [1024] = 134217727
[main] DEBUG org.apache.nifi.security.util.crypto.ScryptSecureHasher - Creating 16 byte Scrypt hash with salt [3e3d3f8403e7747de96031bb651ed765]
[main] DEBUG org.apache.nifi.security.util.crypto.ScryptSecureHasher - Generated Scrypt hash in 136 ms
[main] WARN org.apache.nifi.security.util.crypto.AESKeyedCipherProvider - An IV was provided of length 0 bytes for encryption but should be 16 bytes
[main] WARN org.apache.nifi.security.util.crypto.AESKeyedCipherProvider - Generating new IV. The value can be obtained in the calling code by invoking 'cipher.getIV()';
[main] INFO org.apache.nifi.security.util.crypto.PasswordBasedEncryptorGroovyTest - Cipher text (94): 24733024653038303124506a302f6841506e64483370594447375a5237585a514e69466953414c54fe0b42026b021f5b940b765fd2e054b54e6946694956f0ad26a5de204dd313d499be39181ffcc14abdb73ed5d50d3d2c79c5a3a1059a
[main] INFO org.apache.nifi.security.util.crypto.PasswordBasedEncryptorGroovyTest - IV delimiter starts at 56
[main] INFO org.apache.nifi.processors.standard.TestEncryptContentGroovy - Salt delimiter starts at 32
[main] INFO org.apache.nifi.processors.standard.TestEncryptContentGroovy - Extracted full salt (32): $s0$e0801$Pj0/hAPndH3pYDG7ZR7XZQ
[main] INFO org.apache.nifi.processors.standard.TestEncryptContentGroovy - Full salt (32): 24733024653038303124506a302f6841506e64483370594447375a5237585a51
[main] INFO org.apache.nifi.processors.standard.TestEncryptContentGroovy - Raw salt (16): 3e3d3f8403e7747de96031bb651ed765
[main] INFO org.apache.nifi.processors.standard.TestEncryptContentGroovy - Extracted expected raw salt (hex): 3e3d3f8403e7747de96031bb651ed765
[main] INFO org.apache.nifi.security.util.crypto.PasswordBasedEncryptorGroovyTest - Extracted expected raw salt (hex): 3e3d3f8403e7747de96031bb651ed765
[main] INFO org.apache.nifi.processors.standard.TestEncryptContentGroovy - Attribute: encryptcontent.action            : encrypted
[main] INFO org.apache.nifi.processors.standard.TestEncryptContentGroovy - Attribute: encryptcontent.algorithm         : AES_CBC
[main] INFO org.apache.nifi.processors.standard.TestEncryptContentGroovy - Attribute: encryptcontent.cipher_text_length: 94
[main] INFO org.apache.nifi.processors.standard.TestEncryptContentGroovy - Attribute: encryptcontent.iv                : fe0b42026b021f5b940b765fd2e054b5
[main] INFO org.apache.nifi.processors.standard.TestEncryptContentGroovy - Attribute: encryptcontent.iv_length         : 16
[main] INFO org.apache.nifi.processors.standard.TestEncryptContentGroovy - Attribute: encryptcontent.kdf               : SCRYPT
[main] INFO org.apache.nifi.processors.standard.TestEncryptContentGroovy - Attribute: encryptcontent.kdf_salt          : $s0$e0801$Pj0/hAPndH3pYDG7ZR7XZQ
[main] INFO org.apache.nifi.processors.standard.TestEncryptContentGroovy - Attribute: encryptcontent.kdf_salt_length   : 32
[main] INFO org.apache.nifi.processors.standard.TestEncryptContentGroovy - Attribute: encryptcontent.plaintext_length  : 29
[main] INFO org.apache.nifi.processors.standard.TestEncryptContentGroovy - Attribute: encryptcontent.salt              : 3e3d3f8403e7747de96031bb651ed765
[main] INFO org.apache.nifi.processors.standard.TestEncryptContentGroovy - Attribute: encryptcontent.salt_length       : 16
[main] INFO org.apache.nifi.processors.standard.TestEncryptContentGroovy - Attribute: encryptcontent.timestamp         : 2024-05-02 02:00:55.204 +0100
[main] INFO org.apache.nifi.processors.standard.TestEncryptContentGroovy - Provided timestamp 2024-05-02 02:00:55.209 +0100 -> (ms): 1714611655209
[main] INFO org.apache.nifi.processors.standard.TestEncryptContentGroovy - Parsed timestamp   2024-05-02 02:00:55.204 +0100 -> (ms): 1714611655204
]]></system-err>
  </testcase>
  <testcase name="testShouldDecryptLegacyOpenSSLUnsaltedCipherText" classname="org.apache.nifi.security.util.crypto.PasswordBasedEncryptorGroovyTest" time="0">
    <system-err><![CDATA[[main] INFO org.apache.nifi.security.util.crypto.PasswordBasedEncryptorGroovyTest - Plaintext: This is a plaintext message.
[main] INFO org.apache.nifi.security.util.crypto.PasswordBasedEncryptorGroovyTest - Cipher bytes: c6a76d56753fc46f66347c06de9927833596de0b7fe8e41968ec6dd7b42e00a6
[main] INFO org.apache.nifi.security.util.crypto.PasswordBasedEncryptorGroovyTest - Recovered: This is a plaintext message.
]]></system-err>
  </testcase>
  <testcase name="testBcryptKDFShouldNotAddOutputBytes" classname="org.apache.nifi.security.util.crypto.PasswordBasedEncryptorGroovyTest" time="0.57">
    <system-err><![CDATA[[main] INFO org.apache.nifi.security.util.crypto.PasswordBasedEncryptorGroovyTest - Plaintext: This is a plaintext message.This is a plaintext message.This is a plaintext message.This is a plaintext message.
[main] INFO org.apache.nifi.security.util.crypto.PasswordBasedEncryptorGroovyTest - Expected total cipher byte count: 187
[main] INFO org.apache.nifi.security.util.crypto.PasswordBasedEncryptorGroovyTest - Using Bcrypt and AES_CBC
[main] DEBUG org.apache.nifi.security.util.crypto.BcryptSecureHasher - Creating Bcrypt hash with salt [f057a665447366478a8021cf108d7f5e] (16 bytes)
[main] DEBUG org.apache.nifi.security.util.crypto.BcryptSecureHasher - Generated Bcrypt hash in 282 ms
[main] WARN org.apache.nifi.security.util.crypto.AESKeyedCipherProvider - An IV was provided of length 0 bytes for encryption but should be 16 bytes
[main] WARN org.apache.nifi.security.util.crypto.AESKeyedCipherProvider - Generating new IV. The value can be obtained in the calling code by invoking 'cipher.getIV()';
[main] INFO org.apache.nifi.security.util.crypto.PasswordBasedEncryptorGroovyTest - Encrypted (187): 243261243132243644636b58535078586963496541464e43477a3956654e69466953414c54c30063fabc0d46d1597aaa0c51751ee24e6946694956cf84fed26a44803b5ee1ef7c67a8c209d19b0dab08686f6af58730fd3885aff432ec7136053cc02a8ac70fb0e3c3a37232afa0a536c017327332e0d9c2e439e0a5f2106b4c28b180d634f2b60d71ce0f9cae6a166729ece303e14c58e8dded514fe2bd69d7b7a3e2954a8ff6c97e1751e7b1e578ab0bd9d2b811825c376e36aa
[main] DEBUG org.apache.nifi.security.util.crypto.BcryptSecureHasher - Creating Bcrypt hash with salt [f057a665447366478a8021cf108d7f5e] (16 bytes)
[main] DEBUG org.apache.nifi.security.util.crypto.BcryptSecureHasher - Generated Bcrypt hash in 282 ms
[main] INFO org.apache.nifi.security.util.crypto.PasswordBasedEncryptorGroovyTest - Recovered (112): 54686973206973206120706c61696e74657874206d6573736167652e54686973206973206120706c61696e74657874206d6573736167652e54686973206973206120706c61696e74657874206d6573736167652e54686973206973206120706c61696e74657874206d6573736167652e
[main] INFO org.apache.nifi.security.util.crypto.PasswordBasedEncryptorGroovyTest - Recovered: This is a plaintext message.This is a plaintext message.This is a plaintext message.This is a plaintext message.


]]></system-err>
  </testcase>
  <testcase name="testShouldWriteEncryptionMetadataAttributesForKDFs" classname="org.apache.nifi.security.util.crypto.PasswordBasedEncryptorGroovyTest" time="1.116">
    <system-err><![CDATA[[main] INFO org.apache.nifi.security.util.crypto.PasswordBasedEncryptorGroovyTest - Plaintext: This is a plaintext message. 
[main] DEBUG org.apache.nifi.security.util.crypto.BcryptSecureHasher - Creating Bcrypt hash with salt [06f5953b55fe701ad1d78c876e3ac108] (16 bytes)
[main] DEBUG org.apache.nifi.security.util.crypto.BcryptSecureHasher - Generated Bcrypt hash in 283 ms
[main] WARN org.apache.nifi.security.util.crypto.AESKeyedCipherProvider - An IV was provided of length 0 bytes for encryption but should be 16 bytes
[main] WARN org.apache.nifi.security.util.crypto.AESKeyedCipherProvider - Generating new IV. The value can be obtained in the calling code by invoking 'cipher.getIV()';
[main] INFO org.apache.nifi.security.util.crypto.PasswordBasedEncryptorGroovyTest - Cipher text (91): 243261243132242f7455544d7a5638612f70507a3277465a68702f412e4e69466953414c54bd8add639557b2cdc3be2f7acd3e6b074e6946694956cb1027b3b4b40218178653c2b75ccfddc4dd2dfa409142661be93d4d3514e692
[main] INFO org.apache.nifi.security.util.crypto.PasswordBasedEncryptorGroovyTest - IV delimiter starts at 53
[main] INFO org.apache.nifi.processors.standard.TestEncryptContentGroovy - Salt delimiter starts at 29
[main] INFO org.apache.nifi.processors.standard.TestEncryptContentGroovy - Extracted full salt (29): $2a$12$/tUTMzV8a/pPz2wFZhp/A.
[main] INFO org.apache.nifi.processors.standard.TestEncryptContentGroovy - Full salt (29): 243261243132242f7455544d7a5638612f70507a3277465a68702f412e
[main] INFO org.apache.nifi.processors.standard.TestEncryptContentGroovy - Raw salt (16): 06f5953b55fe701ad1d78c876e3ac108
[main] INFO org.apache.nifi.processors.standard.TestEncryptContentGroovy - Extracted expected raw salt (hex): 06f5953b55fe701ad1d78c876e3ac108
[main] INFO org.apache.nifi.security.util.crypto.PasswordBasedEncryptorGroovyTest - Extracted expected raw salt (hex): 06f5953b55fe701ad1d78c876e3ac108
[main] INFO org.apache.nifi.processors.standard.TestEncryptContentGroovy - Attribute: encryptcontent.action            : encrypted
[main] INFO org.apache.nifi.processors.standard.TestEncryptContentGroovy - Attribute: encryptcontent.algorithm         : AES_CBC
[main] INFO org.apache.nifi.processors.standard.TestEncryptContentGroovy - Attribute: encryptcontent.cipher_text_length: 91
[main] INFO org.apache.nifi.processors.standard.TestEncryptContentGroovy - Attribute: encryptcontent.iv                : bd8add639557b2cdc3be2f7acd3e6b07
[main] INFO org.apache.nifi.processors.standard.TestEncryptContentGroovy - Attribute: encryptcontent.iv_length         : 16
[main] INFO org.apache.nifi.processors.standard.TestEncryptContentGroovy - Attribute: encryptcontent.kdf               : BCRYPT
[main] INFO org.apache.nifi.processors.standard.TestEncryptContentGroovy - Attribute: encryptcontent.kdf_salt          : $2a$12$/tUTMzV8a/pPz2wFZhp/A.
[main] INFO org.apache.nifi.processors.standard.TestEncryptContentGroovy - Attribute: encryptcontent.kdf_salt_length   : 29
[main] INFO org.apache.nifi.processors.standard.TestEncryptContentGroovy - Attribute: encryptcontent.plaintext_length  : 29
[main] INFO org.apache.nifi.processors.standard.TestEncryptContentGroovy - Attribute: encryptcontent.salt              : 06f5953b55fe701ad1d78c876e3ac108
[main] INFO org.apache.nifi.processors.standard.TestEncryptContentGroovy - Attribute: encryptcontent.salt_length       : 16
[main] INFO org.apache.nifi.processors.standard.TestEncryptContentGroovy - Attribute: encryptcontent.timestamp         : 2024-05-02 02:00:56.068 +0100
[main] INFO org.apache.nifi.processors.standard.TestEncryptContentGroovy - Provided timestamp 2024-05-02 02:00:56.069 +0100 -> (ms): 1714611656069
[main] INFO org.apache.nifi.processors.standard.TestEncryptContentGroovy - Parsed timestamp   2024-05-02 02:00:56.068 +0100 -> (ms): 1714611656068
[main] DEBUG org.apache.nifi.security.util.crypto.ScryptSecureHasher - Calculated maximum p value as (2^32 - 1) * 32 [137438953440] / (128 * r) [1024] = 134217727
[main] DEBUG org.apache.nifi.security.util.crypto.ScryptSecureHasher - Creating 16 byte Scrypt hash with salt [1d55913f273b7a6a99dc5df4e53afbae]
[main] DEBUG org.apache.nifi.security.util.crypto.ScryptSecureHasher - Generated Scrypt hash in 135 ms
[main] WARN org.apache.nifi.security.util.crypto.AESKeyedCipherProvider - An IV was provided of length 0 bytes for encryption but should be 16 bytes
[main] WARN org.apache.nifi.security.util.crypto.AESKeyedCipherProvider - Generating new IV. The value can be obtained in the calling code by invoking 'cipher.getIV()';
[main] INFO org.apache.nifi.security.util.crypto.PasswordBasedEncryptorGroovyTest - Cipher text (94): 247330246530383031244856575250796337656d715a334633303554723772674e69466953414c54df75af1576ee6ea66a20d5ad38165b7e4e69466949569f843d9f2abd8566fc1b1b459cb49abb86b4a85f96177b1557134918cd1f4622
[main] INFO org.apache.nifi.security.util.crypto.PasswordBasedEncryptorGroovyTest - IV delimiter starts at 56
[main] INFO org.apache.nifi.processors.standard.TestEncryptContentGroovy - Salt delimiter starts at 32
[main] INFO org.apache.nifi.processors.standard.TestEncryptContentGroovy - Extracted full salt (32): $s0$e0801$HVWRPyc7emqZ3F305Tr7rg
[main] INFO org.apache.nifi.processors.standard.TestEncryptContentGroovy - Full salt (32): 247330246530383031244856575250796337656d715a33463330355472377267
[main] INFO org.apache.nifi.processors.standard.TestEncryptContentGroovy - Raw salt (16): 1d55913f273b7a6a99dc5df4e53afbae
[main] INFO org.apache.nifi.processors.standard.TestEncryptContentGroovy - Extracted expected raw salt (hex): 1d55913f273b7a6a99dc5df4e53afbae
[main] INFO org.apache.nifi.security.util.crypto.PasswordBasedEncryptorGroovyTest - Extracted expected raw salt (hex): 1d55913f273b7a6a99dc5df4e53afbae
[main] INFO org.apache.nifi.processors.standard.TestEncryptContentGroovy - Attribute: encryptcontent.action            : encrypted
[main] INFO org.apache.nifi.processors.standard.TestEncryptContentGroovy - Attribute: encryptcontent.algorithm         : AES_CBC
[main] INFO org.apache.nifi.processors.standard.TestEncryptContentGroovy - Attribute: encryptcontent.cipher_text_length: 94
[main] INFO org.apache.nifi.processors.standard.TestEncryptContentGroovy - Attribute: encryptcontent.iv                : df75af1576ee6ea66a20d5ad38165b7e
[main] INFO org.apache.nifi.processors.standard.TestEncryptContentGroovy - Attribute: encryptcontent.iv_length         : 16
[main] INFO org.apache.nifi.processors.standard.TestEncryptContentGroovy - Attribute: encryptcontent.kdf               : SCRYPT
[main] INFO org.apache.nifi.processors.standard.TestEncryptContentGroovy - Attribute: encryptcontent.kdf_salt          : $s0$e0801$HVWRPyc7emqZ3F305Tr7rg
[main] INFO org.apache.nifi.processors.standard.TestEncryptContentGroovy - Attribute: encryptcontent.kdf_salt_length   : 32
[main] INFO org.apache.nifi.processors.standard.TestEncryptContentGroovy - Attribute: encryptcontent.plaintext_length  : 29
[main] INFO org.apache.nifi.processors.standard.TestEncryptContentGroovy - Attribute: encryptcontent.salt              : 1d55913f273b7a6a99dc5df4e53afbae
[main] INFO org.apache.nifi.processors.standard.TestEncryptContentGroovy - Attribute: encryptcontent.salt_length       : 16
[main] INFO org.apache.nifi.processors.standard.TestEncryptContentGroovy - Attribute: encryptcontent.timestamp         : 2024-05-02 02:00:56.206 +0100
[main] INFO org.apache.nifi.processors.standard.TestEncryptContentGroovy - Provided timestamp 2024-05-02 02:00:56.207 +0100 -> (ms): 1714611656207
[main] INFO org.apache.nifi.processors.standard.TestEncryptContentGroovy - Parsed timestamp   2024-05-02 02:00:56.206 +0100 -> (ms): 1714611656206
[main] DEBUG org.apache.nifi.security.util.crypto.PBKDF2CipherProvider - Resolved PRF SHA-512 to sha512
[main] DEBUG org.apache.nifi.security.util.crypto.PBKDF2SecureHasher - Validating PBKDF2 secure hasher with prf SHA-512, iteration count 160000, salt length 16 bytes, output length 16 bytes
[main] DEBUG org.apache.nifi.security.util.crypto.PBKDF2SecureHasher - Resolved PRF SHA-512 to sha512
[main] DEBUG org.apache.nifi.security.util.crypto.PBKDF2SecureHasher - The PRF is SHA-512, with a digest size (hLen) of 64 bytes
[main] DEBUG org.apache.nifi.security.util.crypto.PBKDF2SecureHasher - The max dkLength is 2147483647 bytes for hLen 64 bytes.
[main] DEBUG org.apache.nifi.security.util.crypto.PBKDF2SecureHasher - Resolved PRF SHA-512 to sha512
[main] DEBUG org.apache.nifi.security.util.crypto.PBKDF2SecureHasher - Creating PBKDF2 hash with salt [572ede9abbdf4cb3aec9d0d9d9f2140d] (16 bytes)
[main] DEBUG org.apache.nifi.security.util.crypto.PBKDF2SecureHasher - Generated PBKDF2 hash in 271 ms
[main] WARN org.apache.nifi.security.util.crypto.AESKeyedCipherProvider - An IV was provided of length 0 bytes for encryption but should be 16 bytes
[main] WARN org.apache.nifi.security.util.crypto.AESKeyedCipherProvider - Generating new IV. The value can be obtained in the calling code by invoking 'cipher.getIV()';
[main] INFO org.apache.nifi.security.util.crypto.PasswordBasedEncryptorGroovyTest - Cipher text (78): 572ede9abbdf4cb3aec9d0d9d9f2140d4e69466953414c54bc094c5fc1c8edc761449e4745a85dfb4e6946694956084653cd76906af36418cbd242bec4de4b67c74f05d61f90cc009e8da76d93d8
[main] INFO org.apache.nifi.security.util.crypto.PasswordBasedEncryptorGroovyTest - IV delimiter starts at 40
[main] INFO org.apache.nifi.processors.standard.TestEncryptContentGroovy - Salt delimiter starts at 16
[main] INFO org.apache.nifi.processors.standard.TestEncryptContentGroovy - Extracted full salt (16): W.ޚ��L�������&amp#20;
[main] INFO org.apache.nifi.processors.standard.TestEncryptContentGroovy - Full salt (16): 572ede9abbdf4cb3aec9d0d9d9f2140d
[main] INFO org.apache.nifi.processors.standard.TestEncryptContentGroovy - Raw salt (16): 572ede9abbdf4cb3aec9d0d9d9f2140d
[main] INFO org.apache.nifi.processors.standard.TestEncryptContentGroovy - Extracted expected raw salt (hex): 572ede9abbdf4cb3aec9d0d9d9f2140d
[main] INFO org.apache.nifi.security.util.crypto.PasswordBasedEncryptorGroovyTest - Extracted expected raw salt (hex): 572ede9abbdf4cb3aec9d0d9d9f2140d
[main] INFO org.apache.nifi.processors.standard.TestEncryptContentGroovy - Attribute: encryptcontent.action            : encrypted
[main] INFO org.apache.nifi.processors.standard.TestEncryptContentGroovy - Attribute: encryptcontent.algorithm         : AES_CBC
[main] INFO org.apache.nifi.processors.standard.TestEncryptContentGroovy - Attribute: encryptcontent.cipher_text_length: 78
[main] INFO org.apache.nifi.processors.standard.TestEncryptContentGroovy - Attribute: encryptcontent.iv                : bc094c5fc1c8edc761449e4745a85dfb
[main] INFO org.apache.nifi.processors.standard.TestEncryptContentGroovy - Attribute: encryptcontent.iv_length         : 16
[main] INFO org.apache.nifi.processors.standard.TestEncryptContentGroovy - Attribute: encryptcontent.kdf               : PBKDF2
[main] INFO org.apache.nifi.processors.standard.TestEncryptContentGroovy - Attribute: encryptcontent.pbkdf2_iterations : 160000
[main] INFO org.apache.nifi.processors.standard.TestEncryptContentGroovy - Attribute: encryptcontent.plaintext_length  : 29
[main] INFO org.apache.nifi.processors.standard.TestEncryptContentGroovy - Attribute: encryptcontent.salt              : 572ede9abbdf4cb3aec9d0d9d9f2140d
[main] INFO org.apache.nifi.processors.standard.TestEncryptContentGroovy - Attribute: encryptcontent.salt_length       : 16
[main] INFO org.apache.nifi.processors.standard.TestEncryptContentGroovy - Attribute: encryptcontent.timestamp         : 2024-05-02 02:00:56.481 +0100
[main] INFO org.apache.nifi.processors.standard.TestEncryptContentGroovy - Provided timestamp 2024-05-02 02:00:56.482 +0100 -> (ms): 1714611656482
[main] INFO org.apache.nifi.processors.standard.TestEncryptContentGroovy - Parsed timestamp   2024-05-02 02:00:56.481 +0100 -> (ms): 1714611656481
[main] WARN org.apache.nifi.security.util.crypto.AESKeyedCipherProvider - An IV was provided of length 0 bytes for encryption but should be 16 bytes
[main] WARN org.apache.nifi.security.util.crypto.AESKeyedCipherProvider - Generating new IV. The value can be obtained in the calling code by invoking 'cipher.getIV()';
[main] INFO org.apache.nifi.security.util.crypto.PasswordBasedEncryptorGroovyTest - Cipher text (115): 246172676f6e32696424763d3139246d3d36353533362c743d352c703d38244378556168546c67626c796b6f47337a6e502f6c65674e69466953414c5424dcf3298f0d7ed46056d30e6f9db3454e694669495606269bc0e9f4c2a8a82d5a8926e13a3e3140871102aba5cc495d7e4242b0e3be
[main] INFO org.apache.nifi.security.util.crypto.PasswordBasedEncryptorGroovyTest - IV delimiter starts at 77
[main] INFO org.apache.nifi.processors.standard.TestEncryptContentGroovy - Salt delimiter starts at 53
[main] INFO org.apache.nifi.processors.standard.TestEncryptContentGroovy - Extracted full salt (53): $argon2id$v=19$m=65536,t=5,p=8$CxUahTlgblykoG3znP/leg
[main] INFO org.apache.nifi.processors.standard.TestEncryptContentGroovy - Full salt (53): 246172676f6e32696424763d3139246d3d36353533362c743d352c703d38244378556168546c67626c796b6f47337a6e502f6c6567
[main] INFO org.apache.nifi.processors.standard.TestEncryptContentGroovy - Raw salt (16): 0b151a8539606e5ca4a06df39cffe57a
[main] INFO org.apache.nifi.processors.standard.TestEncryptContentGroovy - Extracted expected raw salt (hex): 0b151a8539606e5ca4a06df39cffe57a
[main] INFO org.apache.nifi.security.util.crypto.PasswordBasedEncryptorGroovyTest - Extracted expected raw salt (hex): 0b151a8539606e5ca4a06df39cffe57a
[main] INFO org.apache.nifi.processors.standard.TestEncryptContentGroovy - Attribute: encryptcontent.action            : encrypted
[main] INFO org.apache.nifi.processors.standard.TestEncryptContentGroovy - Attribute: encryptcontent.algorithm         : AES_CBC
[main] INFO org.apache.nifi.processors.standard.TestEncryptContentGroovy - Attribute: encryptcontent.cipher_text_length: 115
[main] INFO org.apache.nifi.processors.standard.TestEncryptContentGroovy - Attribute: encryptcontent.iv                : 24dcf3298f0d7ed46056d30e6f9db345
[main] INFO org.apache.nifi.processors.standard.TestEncryptContentGroovy - Attribute: encryptcontent.iv_length         : 16
[main] INFO org.apache.nifi.processors.standard.TestEncryptContentGroovy - Attribute: encryptcontent.kdf               : ARGON2
[main] INFO org.apache.nifi.processors.standard.TestEncryptContentGroovy - Attribute: encryptcontent.kdf_salt          : $argon2id$v=19$m=65536,t=5,p=8$CxUahTlgblykoG3znP/leg
[main] INFO org.apache.nifi.processors.standard.TestEncryptContentGroovy - Attribute: encryptcontent.kdf_salt_length   : 53
[main] INFO org.apache.nifi.processors.standard.TestEncryptContentGroovy - Attribute: encryptcontent.plaintext_length  : 29
[main] INFO org.apache.nifi.processors.standard.TestEncryptContentGroovy - Attribute: encryptcontent.salt              : 0b151a8539606e5ca4a06df39cffe57a
[main] INFO org.apache.nifi.processors.standard.TestEncryptContentGroovy - Attribute: encryptcontent.salt_length       : 16
[main] INFO org.apache.nifi.processors.standard.TestEncryptContentGroovy - Attribute: encryptcontent.timestamp         : 2024-05-02 02:00:56.895 +0100
[main] INFO org.apache.nifi.processors.standard.TestEncryptContentGroovy - Provided timestamp 2024-05-02 02:00:56.897 +0100 -> (ms): 1714611656897
[main] INFO org.apache.nifi.processors.standard.TestEncryptContentGroovy - Parsed timestamp   2024-05-02 02:00:56.895 +0100 -> (ms): 1714611656895
]]></system-err>
  </testcase>
  <testcase name="testPBKDF2ShouldWriteIterationsAsAttribute" classname="org.apache.nifi.security.util.crypto.PasswordBasedEncryptorGroovyTest" time="0.224">
    <system-err><![CDATA[[main] INFO org.apache.nifi.security.util.crypto.PasswordBasedEncryptorGroovyTest - Plaintext: This is a plaintext message. 
[main] DEBUG org.apache.nifi.security.util.crypto.PBKDF2CipherProvider - Resolved PRF SHA-512 to sha512
[main] DEBUG org.apache.nifi.security.util.crypto.PBKDF2CipherProvider - Resolved PRF SHA-512 to sha512
[main] DEBUG org.apache.nifi.security.util.crypto.PBKDF2SecureHasher - Validating PBKDF2 secure hasher with prf SHA-512, iteration count 160000, salt length 16 bytes, output length 16 bytes
[main] DEBUG org.apache.nifi.security.util.crypto.PBKDF2SecureHasher - Resolved PRF SHA-512 to sha512
[main] DEBUG org.apache.nifi.security.util.crypto.PBKDF2SecureHasher - The PRF is SHA-512, with a digest size (hLen) of 64 bytes
[main] DEBUG org.apache.nifi.security.util.crypto.PBKDF2SecureHasher - The max dkLength is 2147483647 bytes for hLen 64 bytes.
[main] DEBUG org.apache.nifi.security.util.crypto.PBKDF2SecureHasher - Resolved PRF SHA-512 to sha512
[main] DEBUG org.apache.nifi.security.util.crypto.PBKDF2SecureHasher - Creating PBKDF2 hash with salt [6754bf7a528f99c26a0b2d2d490b001f] (16 bytes)
[main] DEBUG org.apache.nifi.security.util.crypto.PBKDF2SecureHasher - Generated PBKDF2 hash in 218 ms
[main] WARN org.apache.nifi.security.util.crypto.AESKeyedCipherProvider - An IV was provided of length 0 bytes for encryption but should be 16 bytes
[main] WARN org.apache.nifi.security.util.crypto.AESKeyedCipherProvider - Generating new IV. The value can be obtained in the calling code by invoking 'cipher.getIV()';
[main] INFO org.apache.nifi.security.util.crypto.PasswordBasedEncryptorGroovyTest - Cipher text (78): 6754bf7a528f99c26a0b2d2d490b001f4e69466953414c548213bb4bc0093199ce455b4768e312344e694669495686d41c0b5dc6372150d2d36c8a08aaae420592ee7efcaee2a389b2c6c4735e53
[main] INFO org.apache.nifi.processors.standard.TestEncryptContentGroovy - Attribute: encryptcontent.action            : encrypted
[main] INFO org.apache.nifi.processors.standard.TestEncryptContentGroovy - Attribute: encryptcontent.algorithm         : AES_CBC
[main] INFO org.apache.nifi.processors.standard.TestEncryptContentGroovy - Attribute: encryptcontent.cipher_text_length: 78
[main] INFO org.apache.nifi.processors.standard.TestEncryptContentGroovy - Attribute: encryptcontent.iv                : 8213bb4bc0093199ce455b4768e31234
[main] INFO org.apache.nifi.processors.standard.TestEncryptContentGroovy - Attribute: encryptcontent.iv_length         : 16
[main] INFO org.apache.nifi.processors.standard.TestEncryptContentGroovy - Attribute: encryptcontent.kdf               : PBKDF2
[main] INFO org.apache.nifi.processors.standard.TestEncryptContentGroovy - Attribute: encryptcontent.pbkdf2_iterations : 160000
[main] INFO org.apache.nifi.processors.standard.TestEncryptContentGroovy - Attribute: encryptcontent.plaintext_length  : 29
[main] INFO org.apache.nifi.processors.standard.TestEncryptContentGroovy - Attribute: encryptcontent.salt              : 6754bf7a528f99c26a0b2d2d490b001f
[main] INFO org.apache.nifi.processors.standard.TestEncryptContentGroovy - Attribute: encryptcontent.salt_length       : 16
[main] INFO org.apache.nifi.processors.standard.TestEncryptContentGroovy - Attribute: encryptcontent.timestamp         : 2024-05-02 02:00:57.120 +0100
]]></system-err>
  </testcase>
  <testcase name="testShouldDecryptLegacyOpenSSLSaltedCipherText" classname="org.apache.nifi.security.util.crypto.PasswordBasedEncryptorGroovyTest" time="0.002">
    <system-err><![CDATA[[main] INFO org.apache.nifi.security.util.crypto.PasswordBasedEncryptorGroovyTest - Plaintext: This is a plaintext message.
[main] INFO org.apache.nifi.security.util.crypto.PasswordBasedEncryptorGroovyTest - Cipher bytes: 53616c7465645f5f21438236c07935d1ee12efde908d967d0433e2fc242fcd73e24241af40c095833c5d7481d4c14cf8
[main] INFO org.apache.nifi.security.util.crypto.PasswordBasedEncryptorGroovyTest - Recovered: This is a plaintext message.
]]></system-err>
  </testcase>
  <testcase name="testShouldEncryptAndDecrypt" classname="org.apache.nifi.security.util.crypto.PasswordBasedEncryptorGroovyTest" time="1.232">
    <system-err><![CDATA[[main] INFO org.apache.nifi.security.util.crypto.PasswordBasedEncryptorGroovyTest - Plaintext: This is a plaintext message.
[main] INFO org.apache.nifi.security.util.crypto.PasswordBasedEncryptorGroovyTest - Using OpenSSL EVP_BytesToKey and MD5_128AES
[main] INFO org.apache.nifi.security.util.crypto.PasswordBasedEncryptorGroovyTest - Encrypted: 53616c7465645f5f27d1b48f79d63e752a36730a8b52aaffd8ae8cf1d990e9aaf062ca9606db753566dc3e4dc31dec37
[main] INFO org.apache.nifi.security.util.crypto.PasswordBasedEncryptorGroovyTest - Recovered: This is a plaintext message.


[main] INFO org.apache.nifi.security.util.crypto.PasswordBasedEncryptorGroovyTest - Using NiFi Legacy KDF and MD5_128AES
[main] INFO org.apache.nifi.security.util.crypto.PasswordBasedEncryptorGroovyTest - Encrypted: 86d239651d3aebf3873403303caa08ba8345b1dbef782b908868af16d5445eec3c27dc403d20ffd48648d2f58451c35b
[main] INFO org.apache.nifi.security.util.crypto.PasswordBasedEncryptorGroovyTest - Recovered: This is a plaintext message.


[main] INFO org.apache.nifi.security.util.crypto.PasswordBasedEncryptorGroovyTest - Using Bcrypt and AES_CBC
[main] DEBUG org.apache.nifi.security.util.crypto.BcryptSecureHasher - Creating Bcrypt hash with salt [88b8472a9c06acc41cd6df7a471a879a] (16 bytes)
[main] DEBUG org.apache.nifi.security.util.crypto.BcryptSecureHasher - Generated Bcrypt hash in 283 ms
[main] WARN org.apache.nifi.security.util.crypto.AESKeyedCipherProvider - An IV was provided of length 0 bytes for encryption but should be 16 bytes
[main] WARN org.apache.nifi.security.util.crypto.AESKeyedCipherProvider - Generating new IV. The value can be obtained in the calling code by invoking 'cipher.getIV()';
[main] INFO org.apache.nifi.security.util.crypto.PasswordBasedEncryptorGroovyTest - Encrypted: 24326124313224674a6646496e7545704b4f617a72373450766f466b654e69466953414c54a9b002c6eadea90f86e62903dd56f6914e69466949568fda315b24f04a6947249bad8879f6632ae871dcc915c02f019b172653024a6d
[main] DEBUG org.apache.nifi.security.util.crypto.BcryptSecureHasher - Creating Bcrypt hash with salt [88b8472a9c06acc41cd6df7a471a879a] (16 bytes)
[main] DEBUG org.apache.nifi.security.util.crypto.BcryptSecureHasher - Generated Bcrypt hash in 283 ms
[main] INFO org.apache.nifi.security.util.crypto.PasswordBasedEncryptorGroovyTest - Recovered: This is a plaintext message.


[main] INFO org.apache.nifi.security.util.crypto.PasswordBasedEncryptorGroovyTest - Using Scrypt and AES_CBC
[main] DEBUG org.apache.nifi.security.util.crypto.ScryptSecureHasher - Calculated maximum p value as (2^32 - 1) * 32 [137438953440] / (128 * r) [1024] = 134217727
[main] DEBUG org.apache.nifi.security.util.crypto.ScryptSecureHasher - Creating 16 byte Scrypt hash with salt [640149b2fecd757d8da837f019ad8740]
[main] DEBUG org.apache.nifi.security.util.crypto.ScryptSecureHasher - Generated Scrypt hash in 112 ms
[main] WARN org.apache.nifi.security.util.crypto.AESKeyedCipherProvider - An IV was provided of length 0 bytes for encryption but should be 16 bytes
[main] WARN org.apache.nifi.security.util.crypto.AESKeyedCipherProvider - Generating new IV. The value can be obtained in the calling code by invoking 'cipher.getIV()';
[main] INFO org.apache.nifi.security.util.crypto.PasswordBasedEncryptorGroovyTest - Encrypted: 247330246530383031245a41464a7376374e6458324e714466774761324851414e69466953414c54d09f3fb1f1ef6c5c047fb074c4083cf54e69466949568c3ea2e54d4fdd9686771451a06c43ce5dc4991a64f2601a4aee9d1b4b237c00
[main] DEBUG org.apache.nifi.security.util.crypto.ScryptSecureHasher - Calculated maximum p value as (2^32 - 1) * 32 [137438953440] / (128 * r) [1024] = 134217727
[main] DEBUG org.apache.nifi.security.util.crypto.ScryptSecureHasher - Creating 16 byte Scrypt hash with salt [640149b2fecd757d8da837f019ad8740]
[main] DEBUG org.apache.nifi.security.util.crypto.ScryptSecureHasher - Generated Scrypt hash in 117 ms
[main] INFO org.apache.nifi.security.util.crypto.PasswordBasedEncryptorGroovyTest - Recovered: This is a plaintext message.


[main] INFO org.apache.nifi.security.util.crypto.PasswordBasedEncryptorGroovyTest - Using PBKDF2 and AES_CBC
[main] DEBUG org.apache.nifi.security.util.crypto.PBKDF2CipherProvider - Resolved PRF SHA-512 to sha512
[main] DEBUG org.apache.nifi.security.util.crypto.PBKDF2SecureHasher - Validating PBKDF2 secure hasher with prf SHA-512, iteration count 160000, salt length 16 bytes, output length 16 bytes
[main] DEBUG org.apache.nifi.security.util.crypto.PBKDF2SecureHasher - Resolved PRF SHA-512 to sha512
[main] DEBUG org.apache.nifi.security.util.crypto.PBKDF2SecureHasher - The PRF is SHA-512, with a digest size (hLen) of 64 bytes
[main] DEBUG org.apache.nifi.security.util.crypto.PBKDF2SecureHasher - The max dkLength is 2147483647 bytes for hLen 64 bytes.
[main] DEBUG org.apache.nifi.security.util.crypto.PBKDF2SecureHasher - Resolved PRF SHA-512 to sha512
[main] DEBUG org.apache.nifi.security.util.crypto.PBKDF2SecureHasher - Creating PBKDF2 hash with salt [ca546ece3303bdbf2e3de2fb662614a8] (16 bytes)
[main] DEBUG org.apache.nifi.security.util.crypto.PBKDF2SecureHasher - Generated PBKDF2 hash in 213 ms
[main] WARN org.apache.nifi.security.util.crypto.AESKeyedCipherProvider - An IV was provided of length 0 bytes for encryption but should be 16 bytes
[main] WARN org.apache.nifi.security.util.crypto.AESKeyedCipherProvider - Generating new IV. The value can be obtained in the calling code by invoking 'cipher.getIV()';
[main] INFO org.apache.nifi.security.util.crypto.PasswordBasedEncryptorGroovyTest - Encrypted: ca546ece3303bdbf2e3de2fb662614a84e69466953414c545c1c0e0dc965f88e1c347c34e23792b74e69466949561725fafee89cb4c6016c67ad09060f41b3d2b01a75ae5e32b2bc13dbf403a0ab
[main] DEBUG org.apache.nifi.security.util.crypto.PBKDF2CipherProvider - Resolved PRF SHA-512 to sha512
[main] DEBUG org.apache.nifi.security.util.crypto.PBKDF2SecureHasher - Validating PBKDF2 secure hasher with prf SHA-512, iteration count 160000, salt length 16 bytes, output length 16 bytes
[main] DEBUG org.apache.nifi.security.util.crypto.PBKDF2SecureHasher - Resolved PRF SHA-512 to sha512
[main] DEBUG org.apache.nifi.security.util.crypto.PBKDF2SecureHasher - The PRF is SHA-512, with a digest size (hLen) of 64 bytes
[main] DEBUG org.apache.nifi.security.util.crypto.PBKDF2SecureHasher - The max dkLength is 2147483647 bytes for hLen 64 bytes.
[main] DEBUG org.apache.nifi.security.util.crypto.PBKDF2SecureHasher - Resolved PRF SHA-512 to sha512
[main] DEBUG org.apache.nifi.security.util.crypto.PBKDF2SecureHasher - Creating PBKDF2 hash with salt [ca546ece3303bdbf2e3de2fb662614a8] (16 bytes)
[main] DEBUG org.apache.nifi.security.util.crypto.PBKDF2SecureHasher - Generated PBKDF2 hash in 214 ms
[main] INFO org.apache.nifi.security.util.crypto.PasswordBasedEncryptorGroovyTest - Recovered: This is a plaintext message.


]]></system-err>
  </testcase>
</testsuite>