<?xml version="1.0" encoding="UTF-8"?>
<testsuite xmlns:xsi="http://www.w3.org/2001/XMLSchema-instance" xsi:noNamespaceSchemaLocation="https://maven.apache.org/surefire/maven-surefire-plugin/xsd/surefire-test-report-3.0.xsd" version="3.0" name="org.apache.hive.beeline.cli.TestHiveCli" time="48.188" tests="28" errors="1" skipped="0" failures="17">
  <properties>
    <property name="build.test.dir" value="/home/alex/Repositories/hive/beeline/target/tmp"/>
    <property name="awt.toolkit" value="sun.awt.X11.XToolkit"/>
    <property name="test.tmp.dir.uri" value="file:///home/alex/Repositories/hive/beeline/target/tmp"/>
    <property name="java.specification.version" value="1.8"/>
    <property name="qfile" value=""/>
    <property name="test.warehouse.dir" value="pfile:///home/alex/Repositories/hive/beeline/target/warehouse"/>
    <property name="sun.cpu.isalist" value=""/>
    <property name="sun.jnu.encoding" value="UTF-8"/>
    <property name="run_disabled" value=""/>
    <property name="sun.arch.data.model" value="64"/>
    <property name="java.vendor.url" value="http://java.oracle.com/"/>
    <property name="user.country.format" value="PT"/>
    <property name="test.tmp.dir" value="/home/alex/Repositories/hive/beeline/target/tmp"/>
    <property name="sun.boot.library.path" value="/usr/lib/jvm/java-8-openjdk-amd64/jre/lib/amd64"/>
    <property name="sun.java.command" value="/home/alex/Repositories/hive/beeline/target/surefire/surefirebooter184282526585079326.jar /home/alex/Repositories/hive/beeline/target/surefire 2024-05-01T13-51-42_861-jvmRun1 surefire523390955678013871tmp surefire_8724032068726636269142tmp"/>
    <property name="java.specification.vendor" value="Oracle Corporation"/>
    <property name="java.home" value="/usr/lib/jvm/java-8-openjdk-amd64/jre"/>
    <property name="file.separator" value="/"/>
    <property name="basedir" value="/home/alex/Repositories/hive/beeline"/>
    <property name="line.separator" value="&#10;"/>
    <property name="java.vm.specification.vendor" value="Oracle Corporation"/>
    <property name="java.specification.name" value="Java Platform API Specification"/>
    <property name="derby.stream.error.file" value="/home/alex/Repositories/hive/beeline/target/tmp/derby.log"/>
    <property name="log4j.debug" value="true"/>
    <property name="sun.boot.class.path" value="/usr/lib/jvm/java-8-openjdk-amd64/jre/lib/resources.jar:/usr/lib/jvm/java-8-openjdk-amd64/jre/lib/rt.jar:/usr/lib/jvm/java-8-openjdk-amd64/jre/lib/sunrsasign.jar:/usr/lib/jvm/java-8-openjdk-amd64/jre/lib/jsse.jar:/usr/lib/jvm/java-8-openjdk-amd64/jre/lib/jce.jar:/usr/lib/jvm/java-8-openjdk-amd64/jre/lib/charsets.jar:/usr/lib/jvm/java-8-openjdk-amd64/jre/lib/jfr.jar:/usr/lib/jvm/java-8-openjdk-amd64/jre/classes"/>
    <property name="sun.management.compiler" value="HotSpot 64-Bit Tiered Compilers"/>
    <property name="spark.home" value=""/>
    <property name="java.runtime.version" value="1.8.0_402-8u402-ga-2ubuntu1~22.04-b06"/>
    <property name="user.name" value="alex"/>
    <property name="test.src.tables" value=""/>
    <property name="file.encoding" value="UTF-8"/>
    <property name="yyy" value="5"/>
    <property name="qfile_regex" value=""/>
    <property name="hadoop.bin.path" value="/home/alex/Repositories/hive/beeline/../testutils/hadoop"/>
    <property name="localRepository" value="/home/alex/.m2/repository"/>
    <property name="build.dir" value="/home/alex/Repositories/hive/beeline/target"/>
    <property name="mapred.job.tracker" value="local"/>
    <property name="java.io.tmpdir" value="/home/alex/Repositories/hive/beeline/target/tmp"/>
    <property name="com.zaxxer.hikari.pool_number" value="3"/>
    <property name="java.version" value="1.8.0_402"/>
    <property name="hive.version" value="4.0.0-SNAPSHOT"/>
    <property name="java.vm.specification.name" value="Java Virtual Machine Specification"/>
    <property name="java.awt.printerjob" value="sun.print.PSPrinterJob"/>
    <property name="sun.os.patch.level" value="unknown"/>
    <property name="test.data.dir" value="/home/alex/Repositories/hive/beeline/../data/files"/>
    <property name="java.library.path" value="/usr/java/packages/lib/amd64:/usr/lib/x86_64-linux-gnu/jni:/lib/x86_64-linux-gnu:/usr/lib/x86_64-linux-gnu:/usr/lib/jni:/lib:/usr/lib"/>
    <property name="java.vendor" value="Private Build"/>
    <property name="java.specification.maintenance.version" value="5"/>
    <property name="sun.io.unicode.encoding" value="UnicodeLittle"/>
    <property name="xxx" value="5"/>
    <property name="initScript" value=""/>
    <property name="sun.desktop" value="gnome"/>
    <property name="calcite.enable.rexnode.digest.normalize" value="false"/>
    <property name="file.encoding.pkg" value="sun.io"/>
    <property name="log4j.configurationFile" value="file:///home/alex/Repositories/hive/beeline/target/testconf/hive-log4j2.properties"/>
    <property name="java.class.path" value="/home/alex/Repositories/hive/beeline/target/test-classes:/home/alex/Repositories/hive/beeline/target/classes:/home/alex/Repositories/hive/common/target/classes:/home/alex/Repositories/hive/classification/target/classes:/home/alex/Repositories/hive/storage-api/target/classes:/home/alex/Repositories/hive/standalone-metastore/metastore-common/target/classes:/home/alex/.m2/repository/com/github/ben-manes/caffeine/caffeine/2.8.4/caffeine-2.8.4.jar:/home/alex/.m2/repository/org/checkerframework/checker-qual/3.4.0/checker-qual-3.4.0.jar:/home/alex/.m2/repository/com/google/errorprone/error_prone_annotations/2.3.4/error_prone_annotations-2.3.4.jar:/home/alex/.m2/repository/com/google/guava/guava/19.0/guava-19.0.jar:/home/alex/.m2/repository/org/apache/commons/commons-lang3/3.9/commons-lang3-3.9.jar:/home/alex/.m2/repository/org/apache/commons/commons-math3/3.6.1/commons-math3-3.6.1.jar:/home/alex/.m2/repository/org/apache/orc/orc-core/1.6.9/orc-core-1.6.9.jar:/home/alex/.m2/repository/org/apache/orc/orc-shims/1.6.9/orc-shims-1.6.9.jar:/home/alex/.m2/repository/io/airlift/aircompressor/0.19/aircompressor-0.19.jar:/home/alex/.m2/repository/javax/xml/bind/jaxb-api/2.2.11/jaxb-api-2.2.11.jar:/home/alex/.m2/repository/org/jetbrains/annotations/17.0.0/annotations-17.0.0.jar:/home/alex/.m2/repository/org/threeten/threeten-extra/1.5.0/threeten-extra-1.5.0.jar:/home/alex/.m2/repository/javax/servlet/javax.servlet-api/3.1.0/javax.servlet-api-3.1.0.jar:/home/alex/.m2/repository/org/eclipse/jetty/jetty-http/9.3.27.v20190418/jetty-http-9.3.27.v20190418.jar:/home/alex/.m2/repository/org/eclipse/jetty/jetty-rewrite/9.3.27.v20190418/jetty-rewrite-9.3.27.v20190418.jar:/home/alex/.m2/repository/org/eclipse/jetty/jetty-client/9.3.27.v20190418/jetty-client-9.3.27.v20190418.jar:/home/alex/.m2/repository/org/eclipse/jetty/jetty-server/9.3.27.v20190418/jetty-server-9.3.27.v20190418.jar:/home/alex/.m2/repository/org/eclipse/jetty/jetty-io/9.3.27.v20190418/jetty-io-9.3.27.v20190418.jar:/home/alex/.m2/repository/org/eclipse/jetty/jetty-servlet/9.3.27.v20190418/jetty-servlet-9.3.27.v20190418.jar:/home/alex/.m2/repository/org/eclipse/jetty/jetty-security/9.3.27.v20190418/jetty-security-9.3.27.v20190418.jar:/home/alex/.m2/repository/org/eclipse/jetty/jetty-webapp/9.3.27.v20190418/jetty-webapp-9.3.27.v20190418.jar:/home/alex/.m2/repository/org/eclipse/jetty/jetty-xml/9.3.27.v20190418/jetty-xml-9.3.27.v20190418.jar:/home/alex/.m2/repository/joda-time/joda-time/2.9.9/joda-time-2.9.9.jar:/home/alex/.m2/repository/org/apache/logging/log4j/log4j-1.2-api/2.13.2/log4j-1.2-api-2.13.2.jar:/home/alex/.m2/repository/org/apache/logging/log4j/log4j-web/2.13.2/log4j-web-2.13.2.jar:/home/alex/.m2/repository/org/apache/commons/commons-compress/1.21/commons-compress-1.21.jar:/home/alex/.m2/repository/org/apache/ant/ant/1.9.1/ant-1.9.1.jar:/home/alex/.m2/repository/org/apache/ant/ant-launcher/1.9.1/ant-launcher-1.9.1.jar:/home/alex/.m2/repository/net/sf/jpam/jpam/1.1/jpam-1.1.jar:/home/alex/.m2/repository/com/tdunning/json/1.8/json-1.8.jar:/home/alex/.m2/repository/io/dropwizard/metrics/metrics-core/3.1.0/metrics-core-3.1.0.jar:/home/alex/.m2/repository/io/dropwizard/metrics/metrics-jvm/3.1.0/metrics-jvm-3.1.0.jar:/home/alex/.m2/repository/io/dropwizard/metrics/metrics-json/3.1.0/metrics-json-3.1.0.jar:/home/alex/.m2/repository/com/fasterxml/jackson/core/jackson-databind/2.12.0/jackson-databind-2.12.0.jar:/home/alex/.m2/repository/com/github/joshelser/dropwizard-metrics-hadoop-metrics2-reporter/0.1.2/dropwizard-metrics-hadoop-metrics2-reporter-0.1.2.jar:/home/alex/.m2/repository/javolution/javolution/5.5.1/javolution-5.5.1.jar:/home/alex/Repositories/hive/metastore/target/classes:/home/alex/Repositories/hive/serde/target/classes:/home/alex/.m2/repository/org/apache/arrow/arrow-vector/0.15.1/arrow-vector-0.15.1.jar:/home/alex/.m2/repository/org/apache/arrow/arrow-format/0.15.1/arrow-format-0.15.1.jar:/home/alex/.m2/repository/org/apache/arrow/arrow-memory/0.15.1/arrow-memory-0.15.1.jar:/home/alex/.m2/repository/com/google/flatbuffers/flatbuffers-java/1.9.0/flatbuffers-java-1.9.0.jar:/home/alex/.m2/repository/com/carrotsearch/hppc/0.7.2/hppc-0.7.2.jar:/home/alex/.m2/repository/com/github/davidmoten/flatbuffers-java/1.6.0.1/flatbuffers-java-1.6.0.1.jar:/home/alex/.m2/repository/org/apache/derby/derby/10.14.1.0/derby-10.14.1.0.jar:/home/alex/.m2/repository/org/antlr/antlr-runtime/3.5.2/antlr-runtime-3.5.2.jar:/home/alex/.m2/repository/org/apache/thrift/libfb303/0.9.3/libfb303-0.9.3.jar:/home/alex/Repositories/hive/shims/aggregator/target/classes:/home/alex/Repositories/hive/shims/common/target/classes:/home/alex/Repositories/hive/shims/0.23/target/classes:/home/alex/.m2/repository/org/apache/hadoop/hadoop-yarn-server-resourcemanager/3.1.0/hadoop-yarn-server-resourcemanager-3.1.0.jar:/home/alex/.m2/repository/org/eclipse/jetty/jetty-util-ajax/9.3.19.v20170502/jetty-util-ajax-9.3.19.v20170502.jar:/home/alex/.m2/repository/org/apache/hadoop/hadoop-yarn-server-common/3.1.0/hadoop-yarn-server-common-3.1.0.jar:/home/alex/.m2/repository/org/apache/geronimo/specs/geronimo-jcache_1.0_spec/1.0-alpha-1/geronimo-jcache_1.0_spec-1.0-alpha-1.jar:/home/alex/.m2/repository/org/ehcache/ehcache/3.3.1/ehcache-3.3.1.jar:/home/alex/.m2/repository/com/zaxxer/HikariCP-java7/2.4.12/HikariCP-java7-2.4.12.jar:/home/alex/.m2/repository/org/apache/hadoop/hadoop-yarn-server-applicationhistoryservice/3.1.0/hadoop-yarn-server-applicationhistoryservice-3.1.0.jar:/home/alex/.m2/repository/de/ruedigermoeller/fst/2.50/fst-2.50.jar:/home/alex/.m2/repository/com/cedarsoftware/java-util/1.9.0/java-util-1.9.0.jar:/home/alex/.m2/repository/com/cedarsoftware/json-io/2.5.1/json-io-2.5.1.jar:/home/alex/.m2/repository/org/apache/hadoop/hadoop-yarn-server-web-proxy/3.1.0/hadoop-yarn-server-web-proxy-3.1.0.jar:/home/alex/.m2/repository/org/fusesource/leveldbjni/leveldbjni-all/1.8/leveldbjni-all-1.8.jar:/home/alex/Repositories/hive/shims/scheduler/target/classes:/home/alex/Repositories/hive/jdbc/target/classes:/home/alex/Repositories/hive/llap-client/target/classes:/home/alex/Repositories/hive/llap-common/target/classes:/home/alex/.m2/repository/io/jsonwebtoken/jjwt-api/0.10.5/jjwt-api-0.10.5.jar:/home/alex/.m2/repository/io/jsonwebtoken/jjwt-impl/0.10.5/jjwt-impl-0.10.5.jar:/home/alex/.m2/repository/io/jsonwebtoken/jjwt-jackson/0.10.5/jjwt-jackson-0.10.5.jar:/home/alex/Repositories/hive/service-rpc/target/classes:/home/alex/.m2/repository/org/apache/httpcomponents/httpclient/4.5.13/httpclient-4.5.13.jar:/home/alex/.m2/repository/org/apache/httpcomponents/httpcore/4.4.13/httpcore-4.4.13.jar:/home/alex/.m2/repository/org/apache/zookeeper/zookeeper/3.5.5/zookeeper-3.5.5.jar:/home/alex/.m2/repository/org/apache/zookeeper/zookeeper-jute/3.5.5/zookeeper-jute-3.5.5.jar:/home/alex/.m2/repository/org/apache/yetus/audience-annotations/0.5.0/audience-annotations-0.5.0.jar:/home/alex/.m2/repository/org/apache/curator/curator-framework/4.2.0/curator-framework-4.2.0.jar:/home/alex/Repositories/hive/standalone-metastore/metastore-server/target/classes:/home/alex/.m2/repository/com/google/protobuf/protobuf-java/2.5.0/protobuf-java-2.5.0.jar:/home/alex/.m2/repository/com/zaxxer/HikariCP/2.6.1/HikariCP-2.6.1.jar:/home/alex/.m2/repository/org/apache/commons/commons-dbcp2/2.7.0/commons-dbcp2-2.7.0.jar:/home/alex/.m2/repository/org/apache/commons/commons-pool2/2.7.0/commons-pool2-2.7.0.jar:/home/alex/.m2/repository/commons-beanutils/commons-beanutils/1.9.4/commons-beanutils-1.9.4.jar:/home/alex/.m2/repository/org/apache/logging/log4j/log4j-core/2.13.2/log4j-core-2.13.2.jar:/home/alex/.m2/repository/org/datanucleus/datanucleus-api-jdo/5.2.4/datanucleus-api-jdo-5.2.4.jar:/home/alex/.m2/repository/org/datanucleus/datanucleus-core/5.2.4/datanucleus-core-5.2.4.jar:/home/alex/.m2/repository/org/datanucleus/datanucleus-rdbms/5.2.4/datanucleus-rdbms-5.2.4.jar:/home/alex/.m2/repository/org/datanucleus/javax.jdo/3.2.0-release/javax.jdo-3.2.0-release.jar:/home/alex/.m2/repository/javax/transaction/javax.transaction-api/1.3/javax.transaction-api-1.3.jar:/home/alex/.m2/repository/org/glassfish/corba/glassfish-corba-omgapi/4.2.2/glassfish-corba-omgapi-4.2.2.jar:/home/alex/.m2/repository/sqlline/sqlline/1.9.0/sqlline-1.9.0.jar:/home/alex/.m2/repository/org/jline/jline-terminal/3.12.1/jline-terminal-3.12.1.jar:/home/alex/.m2/repository/org/jline/jline-reader/3.12.1/jline-reader-3.12.1.jar:/home/alex/.m2/repository/org/jline/jline-terminal-jansi/3.12.1/jline-terminal-jansi-3.12.1.jar:/home/alex/.m2/repository/org/fusesource/jansi/jansi/1.18/jansi-1.18.jar:/home/alex/.m2/repository/org/jline/jline-terminal-jna/3.12.1/jline-terminal-jna-3.12.1.jar:/home/alex/.m2/repository/net/java/dev/jna/jna/5.3.1/jna-5.3.1.jar:/home/alex/.m2/repository/org/jline/jline-builtins/3.12.1/jline-builtins-3.12.1.jar:/home/alex/.m2/repository/org/jline/jline-style/3.12.1/jline-style-3.12.1.jar:/home/alex/.m2/repository/commons-logging/commons-logging/1.1.3/commons-logging-1.1.3.jar:/home/alex/.m2/repository/com/cronutils/cron-utils/9.1.3/cron-utils-9.1.3.jar:/home/alex/.m2/repository/org/glassfish/javax.el/3.0.0/javax.el-3.0.0.jar:/home/alex/.m2/repository/com/oracle/database/jdbc/ojdbc8/21.3.0.0/ojdbc8-21.3.0.0.jar:/home/alex/.m2/repository/mysql/mysql-connector-java/8.0.27/mysql-connector-java-8.0.27.jar:/home/alex/.m2/repository/com/microsoft/sqlserver/mssql-jdbc/6.2.1.jre8/mssql-jdbc-6.2.1.jre8.jar:/home/alex/.m2/repository/commons-cli/commons-cli/1.4/commons-cli-1.4.jar:/home/alex/.m2/repository/commons-io/commons-io/2.6/commons-io-2.6.jar:/home/alex/.m2/repository/com/fasterxml/jackson/core/jackson-core/2.12.0/jackson-core-2.12.0.jar:/home/alex/.m2/repository/jline/jline/2.14.6/jline-2.14.6.jar:/home/alex/.m2/repository/org/apache/hadoop/hadoop-common/3.1.0/hadoop-common-3.1.0.jar:/home/alex/.m2/repository/org/apache/hadoop/hadoop-annotations/3.1.0/hadoop-annotations-3.1.0.jar:/usr/lib/jvm/java-8-openjdk-amd64/jre/../lib/tools.jar:/home/alex/.m2/repository/commons-codec/commons-codec/1.15/commons-codec-1.15.jar:/home/alex/.m2/repository/commons-net/commons-net/3.6/commons-net-3.6.jar:/home/alex/.m2/repository/commons-collections/commons-collections/3.2.2/commons-collections-3.2.2.jar:/home/alex/.m2/repository/org/eclipse/jetty/jetty-util/9.3.27.v20190418/jetty-util-9.3.27.v20190418.jar:/home/alex/.m2/repository/javax/servlet/jsp/jsp-api/2.1/jsp-api-2.1.jar:/home/alex/.m2/repository/com/sun/jersey/jersey-core/1.19/jersey-core-1.19.jar:/home/alex/.m2/repository/javax/ws/rs/jsr311-api/1.1.1/jsr311-api-1.1.1.jar:/home/alex/.m2/repository/com/sun/jersey/jersey-servlet/1.19/jersey-servlet-1.19.jar:/home/alex/.m2/repository/com/sun/jersey/jersey-json/1.19/jersey-json-1.19.jar:/home/alex/.m2/repository/org/codehaus/jettison/jettison/1.1/jettison-1.1.jar:/home/alex/.m2/repository/com/sun/xml/bind/jaxb-impl/2.2.3-1/jaxb-impl-2.2.3-1.jar:/home/alex/.m2/repository/org/codehaus/jackson/jackson-core-asl/1.9.2/jackson-core-asl-1.9.2.jar:/home/alex/.m2/repository/org/codehaus/jackson/jackson-mapper-asl/1.9.2/jackson-mapper-asl-1.9.2.jar:/home/alex/.m2/repository/org/codehaus/jackson/jackson-jaxrs/1.9.2/jackson-jaxrs-1.9.2.jar:/home/alex/.m2/repository/org/codehaus/jackson/jackson-xc/1.9.2/jackson-xc-1.9.2.jar:/home/alex/.m2/repository/com/sun/jersey/jersey-server/1.19/jersey-server-1.19.jar:/home/alex/.m2/repository/commons-lang/commons-lang/2.6/commons-lang-2.6.jar:/home/alex/.m2/repository/org/apache/commons/commons-configuration2/2.1.1/commons-configuration2-2.1.1.jar:/home/alex/.m2/repository/org/apache/avro/avro/1.8.2/avro-1.8.2.jar:/home/alex/.m2/repository/com/thoughtworks/paranamer/paranamer/2.8/paranamer-2.8.jar:/home/alex/.m2/repository/org/xerial/snappy/snappy-java/1.1.4/snappy-java-1.1.4.jar:/home/alex/.m2/repository/org/tukaani/xz/1.5/xz-1.5.jar:/home/alex/.m2/repository/com/google/re2j/re2j/1.2/re2j-1.2.jar:/home/alex/.m2/repository/com/google/code/gson/gson/2.2.4/gson-2.2.4.jar:/home/alex/.m2/repository/org/apache/hadoop/hadoop-auth/3.1.0/hadoop-auth-3.1.0.jar:/home/alex/.m2/repository/com/nimbusds/nimbus-jose-jwt/4.41.1/nimbus-jose-jwt-4.41.1.jar:/home/alex/.m2/repository/com/github/stephenc/jcip/jcip-annotations/1.0-1/jcip-annotations-1.0-1.jar:/home/alex/.m2/repository/net/minidev/json-smart/2.3/json-smart-2.3.jar:/home/alex/.m2/repository/net/minidev/accessors-smart/1.2/accessors-smart-1.2.jar:/home/alex/.m2/repository/com/jcraft/jsch/0.1.54/jsch-0.1.54.jar:/home/alex/.m2/repository/com/google/code/findbugs/jsr305/3.0.0/jsr305-3.0.0.jar:/home/alex/.m2/repository/org/apache/htrace/htrace-core4/4.1.0-incubating/htrace-core4-4.1.0-incubating.jar:/home/alex/.m2/repository/org/apache/kerby/kerb-simplekdc/1.0.1/kerb-simplekdc-1.0.1.jar:/home/alex/.m2/repository/org/apache/kerby/kerb-client/1.0.1/kerb-client-1.0.1.jar:/home/alex/.m2/repository/org/apache/kerby/kerby-config/1.0.1/kerby-config-1.0.1.jar:/home/alex/.m2/repository/org/apache/kerby/kerb-core/1.0.1/kerb-core-1.0.1.jar:/home/alex/.m2/repository/org/apache/kerby/kerby-pkix/1.0.1/kerby-pkix-1.0.1.jar:/home/alex/.m2/repository/org/apache/kerby/kerby-asn1/1.0.1/kerby-asn1-1.0.1.jar:/home/alex/.m2/repository/org/apache/kerby/kerby-util/1.0.1/kerby-util-1.0.1.jar:/home/alex/.m2/repository/org/apache/kerby/kerb-common/1.0.1/kerb-common-1.0.1.jar:/home/alex/.m2/repository/org/apache/kerby/kerb-crypto/1.0.1/kerb-crypto-1.0.1.jar:/home/alex/.m2/repository/org/apache/kerby/kerb-util/1.0.1/kerb-util-1.0.1.jar:/home/alex/.m2/repository/org/apache/kerby/token-provider/1.0.1/token-provider-1.0.1.jar:/home/alex/.m2/repository/org/apache/kerby/kerb-admin/1.0.1/kerb-admin-1.0.1.jar:/home/alex/.m2/repository/org/apache/kerby/kerb-server/1.0.1/kerb-server-1.0.1.jar:/home/alex/.m2/repository/org/apache/kerby/kerb-identity/1.0.1/kerb-identity-1.0.1.jar:/home/alex/.m2/repository/org/apache/kerby/kerby-xdr/1.0.1/kerby-xdr-1.0.1.jar:/home/alex/.m2/repository/org/codehaus/woodstox/stax2-api/3.1.4/stax2-api-3.1.4.jar:/home/alex/.m2/repository/com/fasterxml/woodstox/woodstox-core/5.0.3/woodstox-core-5.0.3.jar:/home/alex/.m2/repository/org/apache/thrift/libthrift/0.14.1/libthrift-0.14.1.jar:/home/alex/.m2/repository/org/apache/tomcat/embed/tomcat-embed-core/8.5.46/tomcat-embed-core-8.5.46.jar:/home/alex/.m2/repository/org/apache/tomcat/tomcat-annotations-api/8.5.46/tomcat-annotations-api-8.5.46.jar:/home/alex/.m2/repository/javax/annotation/javax.annotation-api/1.3.2/javax.annotation-api-1.3.2.jar:/home/alex/.m2/repository/net/sf/supercsv/super-csv/2.2.0/super-csv-2.2.0.jar:/home/alex/.m2/repository/org/apache/logging/log4j/log4j-slf4j-impl/2.13.2/log4j-slf4j-impl-2.13.2.jar:/home/alex/.m2/repository/org/apache/logging/log4j/log4j-api/2.13.2/log4j-api-2.13.2.jar:/home/alex/Repositories/hive/ql/target/test-classes:/home/alex/.m2/repository/org/apache/atlas/atlas-client-v2/2.1.0/atlas-client-v2-2.1.0.jar:/home/alex/.m2/repository/cglib/cglib/2.2.2/cglib-2.2.2.jar:/home/alex/.m2/repository/asm/asm/3.3.1/asm-3.3.1.jar:/home/alex/.m2/repository/org/apache/atlas/atlas-client-common/2.1.0/atlas-client-common-2.1.0.jar:/home/alex/.m2/repository/com/sun/jersey/jersey-client/1.19/jersey-client-1.19.jar:/home/alex/.m2/repository/org/apache/atlas/atlas-intg/2.1.0/atlas-intg-2.1.0.jar:/home/alex/.m2/repository/commons-validator/commons-validator/1.6/commons-validator-1.6.jar:/home/alex/.m2/repository/commons-digester/commons-digester/1.8.1/commons-digester-1.8.1.jar:/home/alex/.m2/repository/com/fasterxml/jackson/jaxrs/jackson-jaxrs-base/2.12.0/jackson-jaxrs-base-2.12.0.jar:/home/alex/.m2/repository/com/fasterxml/jackson/jaxrs/jackson-jaxrs-json-provider/2.12.0/jackson-jaxrs-json-provider-2.12.0.jar:/home/alex/.m2/repository/javax/inject/javax.inject/1/javax.inject-1.jar:/home/alex/.m2/repository/org/springframework/spring-context/4.3.20.RELEASE/spring-context-4.3.20.RELEASE.jar:/home/alex/.m2/repository/org/springframework/spring-aop/4.3.20.RELEASE/spring-aop-4.3.20.RELEASE.jar:/home/alex/.m2/repository/org/springframework/spring-beans/4.3.20.RELEASE/spring-beans-4.3.20.RELEASE.jar:/home/alex/.m2/repository/org/springframework/spring-core/4.3.20.RELEASE/spring-core-4.3.20.RELEASE.jar:/home/alex/.m2/repository/org/springframework/spring-expression/4.3.20.RELEASE/spring-expression-4.3.20.RELEASE.jar:/home/alex/.m2/repository/commons-configuration/commons-configuration/1.10/commons-configuration-1.10.jar:/home/alex/Repositories/hive/vector-code-gen/target/classes:/home/alex/.m2/repository/org/apache/velocity/velocity/1.5/velocity-1.5.jar:/home/alex/.m2/repository/oro/oro/2.0.8/oro-2.0.8.jar:/home/alex/Repositories/hive/parser/target/classes:/home/alex/Repositories/hive/udf/target/classes:/home/alex/Repositories/hive/llap-tez/target/classes:/home/alex/Repositories/hive/spark-client/target/classes:/home/alex/.m2/repository/io/netty/netty-all/4.1.65.Final/netty-all-4.1.65.Final.jar:/home/alex/.m2/repository/com/fasterxml/jackson/module/jackson-module-scala_2.12/2.12.0/jackson-module-scala_2.12-2.12.0.jar:/home/alex/.m2/repository/org/scala-lang/scala-library/2.12.10/scala-library-2.12.10.jar:/home/alex/.m2/repository/org/apache/spark/spark-core_2.12/2.4.5/spark-core_2.12-2.4.5.jar:/home/alex/.m2/repository/com/twitter/chill_2.12/0.9.3/chill_2.12-0.9.3.jar:/home/alex/.m2/repository/com/twitter/chill-java/0.9.3/chill-java-0.9.3.jar:/home/alex/.m2/repository/org/apache/xbean/xbean-asm6-shaded/4.8/xbean-asm6-shaded-4.8.jar:/home/alex/.m2/repository/org/apache/hadoop/hadoop-client/3.1.0/hadoop-client-3.1.0.jar:/home/alex/.m2/repository/org/apache/hadoop/hadoop-mapreduce-client-jobclient/3.1.0/hadoop-mapreduce-client-jobclient-3.1.0.jar:/home/alex/.m2/repository/org/apache/hadoop/hadoop-mapreduce-client-common/3.1.0/hadoop-mapreduce-client-common-3.1.0.jar:/home/alex/.m2/repository/org/apache/spark/spark-launcher_2.12/2.4.5/spark-launcher_2.12-2.4.5.jar:/home/alex/.m2/repository/org/apache/spark/spark-kvstore_2.12/2.4.5/spark-kvstore_2.12-2.4.5.jar:/home/alex/.m2/repository/org/apache/spark/spark-network-common_2.12/2.4.5/spark-network-common_2.12-2.4.5.jar:/home/alex/.m2/repository/org/apache/spark/spark-network-shuffle_2.12/2.4.5/spark-network-shuffle_2.12-2.4.5.jar:/home/alex/.m2/repository/org/apache/spark/spark-unsafe_2.12/2.4.5/spark-unsafe_2.12-2.4.5.jar:/home/alex/.m2/repository/javax/activation/activation/1.1.1/activation-1.1.1.jar:/home/alex/.m2/repository/org/slf4j/jul-to-slf4j/1.7.16/jul-to-slf4j-1.7.16.jar:/home/alex/.m2/repository/org/slf4j/jcl-over-slf4j/1.7.16/jcl-over-slf4j-1.7.16.jar:/home/alex/.m2/repository/com/ning/compress-lzf/1.0.3/compress-lzf-1.0.3.jar:/home/alex/.m2/repository/org/roaringbitmap/RoaringBitmap/0.7.45/RoaringBitmap-0.7.45.jar:/home/alex/.m2/repository/org/roaringbitmap/shims/0.7.45/shims-0.7.45.jar:/home/alex/.m2/repository/org/json4s/json4s-jackson_2.12/3.5.3/json4s-jackson_2.12-3.5.3.jar:/home/alex/.m2/repository/org/json4s/json4s-core_2.12/3.5.3/json4s-core_2.12-3.5.3.jar:/home/alex/.m2/repository/org/json4s/json4s-ast_2.12/3.5.3/json4s-ast_2.12-3.5.3.jar:/home/alex/.m2/repository/org/json4s/json4s-scalap_2.12/3.5.3/json4s-scalap_2.12-3.5.3.jar:/home/alex/.m2/repository/org/scala-lang/modules/scala-xml_2.12/1.0.6/scala-xml_2.12-1.0.6.jar:/home/alex/.m2/repository/com/clearspring/analytics/stream/2.7.0/stream-2.7.0.jar:/home/alex/.m2/repository/io/dropwizard/metrics/metrics-graphite/3.1.5/metrics-graphite-3.1.5.jar:/home/alex/.m2/repository/net/razorvine/pyrolite/4.13/pyrolite-4.13.jar:/home/alex/.m2/repository/net/sf/py4j/py4j/0.10.7/py4j-0.10.7.jar:/home/alex/.m2/repository/org/apache/spark/spark-tags_2.12/2.4.5/spark-tags_2.12-2.4.5.jar:/home/alex/.m2/repository/org/apache/commons/commons-crypto/1.0.0/commons-crypto-1.0.0.jar:/home/alex/.m2/repository/org/spark-project/spark/unused/1.0.0/unused-1.0.0.jar:/home/alex/.m2/repository/org/apache/spark/spark-yarn_2.12/2.4.5/spark-yarn_2.12-2.4.5.jar:/home/alex/.m2/repository/com/amazonaws/secretsmanager/aws-secretsmanager-caching-java/1.0.1/aws-secretsmanager-caching-java-1.0.1.jar:/home/alex/.m2/repository/com/esotericsoftware/kryo/5.0.3/kryo-5.0.3.jar:/home/alex/.m2/repository/com/esotericsoftware/minlog/1.3.1/minlog-1.3.1.jar:/home/alex/.m2/repository/com/esotericsoftware/reflectasm/1.11.9/reflectasm-1.11.9.jar:/home/alex/.m2/repository/org/apache/parquet/parquet-hadoop-bundle/1.11.1/parquet-hadoop-bundle-1.11.1.jar:/home/alex/.m2/repository/org/apache/commons/commons-collections4/4.1/commons-collections4-4.1.jar:/home/alex/.m2/repository/org/apache/commons/commons-text/1.8/commons-text-1.8.jar:/home/alex/.m2/repository/org/antlr/ST4/4.0.4/ST4-4.0.4.jar:/home/alex/.m2/repository/org/apache/avro/avro-mapred/1.8.2/avro-mapred-1.8.2-hadoop2.jar:/home/alex/.m2/repository/org/apache/avro/avro-ipc/1.8.2/avro-ipc-1.8.2.jar:/home/alex/.m2/repository/org/mortbay/jetty/jetty/6.1.26/jetty-6.1.26.jar:/home/alex/.m2/repository/org/apache/hadoop/hadoop-yarn-registry/3.1.0/hadoop-yarn-registry-3.1.0.jar:/home/alex/.m2/repository/org/apache/hadoop/hadoop-yarn-api/3.1.0/hadoop-yarn-api-3.1.0.jar:/home/alex/.m2/repository/commons-daemon/commons-daemon/1.0.13/commons-daemon-1.0.13.jar:/home/alex/.m2/repository/dnsjava/dnsjava/2.1.7/dnsjava-2.1.7.jar:/home/alex/.m2/repository/org/apache/orc/orc-tools/1.6.9/orc-tools-1.6.9.jar:/home/alex/.m2/repository/com/opencsv/opencsv/3.9/opencsv-3.9.jar:/home/alex/.m2/repository/org/apache/hadoop/hadoop-hdfs/3.1.0/hadoop-hdfs-3.1.0.jar:/home/alex/.m2/repository/org/threeten/threetenbp/1.3.5/threetenbp-1.3.5.jar:/home/alex/.m2/repository/org/apache/ivy/ivy/2.4.0/ivy-2.4.0.jar:/home/alex/.m2/repository/org/apache/datasketches/datasketches-hive/1.1.0-incubating/datasketches-hive-1.1.0-incubating.jar:/home/alex/.m2/repository/org/apache/datasketches/datasketches-java/1.3.0-incubating/datasketches-java-1.3.0-incubating.jar:/home/alex/.m2/repository/org/apache/datasketches/datasketches-memory/1.2.0-incubating/datasketches-memory-1.2.0-incubating.jar:/home/alex/.m2/repository/org/slf4j/slf4j-simple/1.7.27/slf4j-simple-1.7.27.jar:/home/alex/.m2/repository/org/codehaus/groovy/groovy-all/2.4.11/groovy-all-2.4.11.jar:/home/alex/.m2/repository/org/jodd/jodd-util/6.0.0/jodd-util-6.0.0.jar:/home/alex/.m2/repository/com/fasterxml/jackson/core/jackson-annotations/2.12.0/jackson-annotations-2.12.0.jar:/home/alex/.m2/repository/com/fasterxml/jackson/dataformat/jackson-dataformat-yaml/2.12.0/jackson-dataformat-yaml-2.12.0.jar:/home/alex/.m2/repository/org/yaml/snakeyaml/1.27/snakeyaml-1.27.jar:/home/alex/.m2/repository/org/apache/calcite/calcite-core/1.25.0/calcite-core-1.25.0.jar:/home/alex/.m2/repository/org/apache/calcite/calcite-linq4j/1.25.0/calcite-linq4j-1.25.0.jar:/home/alex/.m2/repository/com/esri/geometry/esri-geometry-api/2.2.0/esri-geometry-api-2.2.0.jar:/home/alex/.m2/repository/com/yahoo/datasketches/sketches-core/0.9.0/sketches-core-0.9.0.jar:/home/alex/.m2/repository/com/yahoo/datasketches/memory/0.9.0/memory-0.9.0.jar:/home/alex/.m2/repository/org/apache/calcite/calcite-druid/1.25.0/calcite-druid-1.25.0.jar:/home/alex/.m2/repository/org/apache/calcite/avatica/avatica/1.12.0/avatica-1.12.0.jar:/home/alex/.m2/repository/com/googlecode/javaewah/JavaEWAH/0.3.2/JavaEWAH-0.3.2.jar:/home/alex/.m2/repository/stax/stax-api/1.0.1/stax-api-1.0.1.jar:/home/alex/.m2/repository/net/sf/opencsv/opencsv/2.3/opencsv-2.3.jar:/home/alex/.m2/repository/org/reflections/reflections/0.9.10/reflections-0.9.10.jar:/home/alex/.m2/repository/org/javassist/javassist/3.19.0-GA/javassist-3.19.0-GA.jar:/home/alex/.m2/repository/com/jayway/jsonpath/json-path/2.4.0/json-path-2.4.0.jar:/home/alex/.m2/repository/org/codehaus/janino/commons-compiler/3.0.11/commons-compiler-3.0.11.jar:/home/alex/.m2/repository/org/codehaus/janino/janino/3.0.11/janino-3.0.11.jar:/home/alex/.m2/repository/com/sun/jersey/contribs/jersey-multipart/1.19/jersey-multipart-1.19.jar:/home/alex/.m2/repository/org/jvnet/mimepull/mimepull/1.9.3/mimepull-1.9.3.jar:/home/alex/.m2/repository/org/apache/kafka/kafka-clients/2.5.0/kafka-clients-2.5.0.jar:/home/alex/.m2/repository/com/github/luben/zstd-jni/1.4.4-7/zstd-jni-1.4.4-7.jar:/home/alex/.m2/repository/org/lz4/lz4-java/1.7.1/lz4-java-1.7.1.jar:/home/alex/Repositories/hive/service/target/classes:/home/alex/Repositories/hive/ql/target/classes:/home/alex/Repositories/hive/llap-server/target/classes:/home/alex/.m2/repository/com/lmax/disruptor/3.3.7/disruptor-3.3.7.jar:/home/alex/Repositories/hive/llap-common/target/test-classes:/home/alex/Repositories/hive/hplsql/target/classes:/home/alex/.m2/repository/org/antlr/antlr4-runtime/4.5/antlr4-runtime-4.5.jar:/home/alex/.m2/repository/org/abego/treelayout/org.abego.treelayout.core/1.0.1/org.abego.treelayout.core-1.0.1.jar:/home/alex/.m2/repository/javax/servlet/jsp/javax.servlet.jsp-api/2.3.1/javax.servlet.jsp-api-2.3.1.jar:/home/alex/.m2/repository/org/eclipse/jetty/jetty-runner/9.3.27.v20190418/jetty-runner-9.3.27.v20190418.jar:/home/alex/.m2/repository/org/eclipse/jetty/jetty-plus/9.3.27.v20190418/jetty-plus-9.3.27.v20190418.jar:/home/alex/.m2/repository/org/eclipse/jetty/jetty-annotations/9.3.27.v20190418/jetty-annotations-9.3.27.v20190418.jar:/home/alex/.m2/repository/org/ow2/asm/asm/6.0/asm-6.0.jar:/home/alex/.m2/repository/org/ow2/asm/asm-commons/6.0/asm-commons-6.0.jar:/home/alex/.m2/repository/org/ow2/asm/asm-tree/6.0/asm-tree-6.0.jar:/home/alex/.m2/repository/org/eclipse/jetty/jetty-jaas/9.3.27.v20190418/jetty-jaas-9.3.27.v20190418.jar:/home/alex/.m2/repository/org/eclipse/jetty/websocket/websocket-server/9.3.27.v20190418/websocket-server-9.3.27.v20190418.jar:/home/alex/.m2/repository/org/eclipse/jetty/websocket/websocket-common/9.3.27.v20190418/websocket-common-9.3.27.v20190418.jar:/home/alex/.m2/repository/org/eclipse/jetty/websocket/websocket-api/9.3.27.v20190418/websocket-api-9.3.27.v20190418.jar:/home/alex/.m2/repository/org/eclipse/jetty/websocket/websocket-client/9.3.27.v20190418/websocket-client-9.3.27.v20190418.jar:/home/alex/.m2/repository/org/eclipse/jetty/websocket/websocket-servlet/9.3.27.v20190418/websocket-servlet-9.3.27.v20190418.jar:/home/alex/.m2/repository/org/eclipse/jetty/jetty-jndi/9.3.27.v20190418/jetty-jndi-9.3.27.v20190418.jar:/home/alex/.m2/repository/org/eclipse/jetty/apache-jsp/9.3.27.v20190418/apache-jsp-9.3.27.v20190418.jar:/home/alex/.m2/repository/org/eclipse/jetty/toolchain/jetty-schemas/3.1/jetty-schemas-3.1.jar:/home/alex/.m2/repository/org/eclipse/jdt/core/compiler/ecj/4.4.2/ecj-4.4.2.jar:/home/alex/.m2/repository/org/eclipse/jetty/apache-jstl/9.3.27.v20190418/apache-jstl-9.3.27.v20190418.jar:/home/alex/.m2/repository/org/apache/taglibs/taglibs-standard-spec/1.2.5/taglibs-standard-spec-1.2.5.jar:/home/alex/.m2/repository/org/apache/taglibs/taglibs-standard-impl/1.2.5/taglibs-standard-impl-1.2.5.jar:/home/alex/.m2/repository/org/apache/curator/curator-client/4.2.0/curator-client-4.2.0.jar:/home/alex/.m2/repository/org/apache/curator/curator-recipes/4.2.0/curator-recipes-4.2.0.jar:/home/alex/.m2/repository/org/pac4j/pac4j-saml-opensamlv3/4.0.3/pac4j-saml-opensamlv3-4.0.3.jar:/home/alex/.m2/repository/org/pac4j/pac4j-core/4.0.3/pac4j-core-4.0.3.jar:/home/alex/.m2/repository/org/opensaml/opensaml-core/3.4.5/opensaml-core-3.4.5.jar:/home/alex/.m2/repository/net/shibboleth/utilities/java-support/7.5.1/java-support-7.5.1.jar:/home/alex/.m2/repository/org/opensaml/opensaml-saml-api/3.4.5/opensaml-saml-api-3.4.5.jar:/home/alex/.m2/repository/org/opensaml/opensaml-storage-api/3.4.5/opensaml-storage-api-3.4.5.jar:/home/alex/.m2/repository/org/opensaml/opensaml-saml-impl/3.4.5/opensaml-saml-impl-3.4.5.jar:/home/alex/.m2/repository/org/opensaml/opensaml-soap-impl/3.4.5/opensaml-soap-impl-3.4.5.jar:/home/alex/.m2/repository/org/opensaml/opensaml-soap-api/3.4.5/opensaml-soap-api-3.4.5.jar:/home/alex/.m2/repository/org/opensaml/opensaml-xmlsec-api/3.4.5/opensaml-xmlsec-api-3.4.5.jar:/home/alex/.m2/repository/org/opensaml/opensaml-security-api/3.4.5/opensaml-security-api-3.4.5.jar:/home/alex/.m2/repository/org/opensaml/opensaml-security-impl/3.4.5/opensaml-security-impl-3.4.5.jar:/home/alex/.m2/repository/org/opensaml/opensaml-profile-api/3.4.5/opensaml-profile-api-3.4.5.jar:/home/alex/.m2/repository/org/opensaml/opensaml-profile-impl/3.4.5/opensaml-profile-impl-3.4.5.jar:/home/alex/.m2/repository/org/opensaml/opensaml-messaging-api/3.4.5/opensaml-messaging-api-3.4.5.jar:/home/alex/.m2/repository/org/opensaml/opensaml-messaging-impl/3.4.5/opensaml-messaging-impl-3.4.5.jar:/home/alex/.m2/repository/org/opensaml/opensaml-storage-impl/3.4.5/opensaml-storage-impl-3.4.5.jar:/home/alex/.m2/repository/org/ldaptive/ldaptive/1.0.13/ldaptive-1.0.13.jar:/home/alex/.m2/repository/javax/json/javax.json-api/1.0/javax.json-api-1.0.jar:/home/alex/.m2/repository/net/spy/spymemcached/2.12.3/spymemcached-2.12.3.jar:/home/alex/.m2/repository/org/glassfish/javax.json/1.0.4/javax.json-1.0.4.jar:/home/alex/.m2/repository/org/opensaml/opensaml-xmlsec-impl/3.4.5/opensaml-xmlsec-impl-3.4.5.jar:/home/alex/.m2/repository/org/cryptacular/cryptacular/1.2.4/cryptacular-1.2.4.jar:/home/alex/.m2/repository/net/shibboleth/tool/xmlsectool/2.0.0/xmlsectool-2.0.0.jar:/home/alex/.m2/repository/com/beust/jcommander/1.48/jcommander-1.48.jar:/home/alex/.m2/repository/org/bouncycastle/bcprov-jdk15on/1.64/bcprov-jdk15on-1.64.jar:/home/alex/.m2/repository/org/apache/santuario/xmlsec/2.2.1/xmlsec-2.2.1.jar:/home/alex/.m2/repository/org/jamon/jamon-runtime/2.3.1/jamon-runtime-2.3.1.jar:/home/alex/.m2/repository/org/apache/hadoop/hadoop-mapreduce-client-core/3.1.0/hadoop-mapreduce-client-core-3.1.0.jar:/home/alex/.m2/repository/org/apache/hadoop/hadoop-yarn-client/3.1.0/hadoop-yarn-client-3.1.0.jar:/home/alex/.m2/repository/org/apache/hadoop/hadoop-yarn-common/3.1.0/hadoop-yarn-common-3.1.0.jar:/home/alex/.m2/repository/com/google/inject/guice/4.0/guice-4.0.jar:/home/alex/.m2/repository/aopalliance/aopalliance/1.0/aopalliance-1.0.jar:/home/alex/.m2/repository/com/sun/jersey/contribs/jersey-guice/1.19/jersey-guice-1.19.jar:/home/alex/.m2/repository/com/fasterxml/jackson/module/jackson-module-jaxb-annotations/2.12.0/jackson-module-jaxb-annotations-2.12.0.jar:/home/alex/.m2/repository/jakarta/xml/bind/jakarta.xml.bind-api/2.3.2/jakarta.xml.bind-api-2.3.2.jar:/home/alex/.m2/repository/jakarta/activation/jakarta.activation-api/1.2.1/jakarta.activation-api-1.2.1.jar:/home/alex/.m2/repository/org/apache/hadoop/hadoop-hdfs-client/3.1.0/hadoop-hdfs-client-3.1.0.jar:/home/alex/.m2/repository/com/squareup/okhttp/okhttp/2.7.5/okhttp-2.7.5.jar:/home/alex/.m2/repository/com/squareup/okio/okio/1.6.0/okio-1.6.0.jar:/home/alex/.m2/repository/com/google/inject/extensions/guice-servlet/4.0/guice-servlet-4.0.jar:/home/alex/.m2/repository/junit/junit/4.13/junit-4.13.jar:/home/alex/.m2/repository/org/hamcrest/hamcrest-core/1.3/hamcrest-core-1.3.jar:/home/alex/.m2/repository/org/junit/jupiter/junit-jupiter-engine/5.6.2/junit-jupiter-engine-5.6.2.jar:/home/alex/.m2/repository/org/apiguardian/apiguardian-api/1.1.0/apiguardian-api-1.1.0.jar:/home/alex/.m2/repository/org/junit/platform/junit-platform-engine/1.6.2/junit-platform-engine-1.6.2.jar:/home/alex/.m2/repository/org/opentest4j/opentest4j/1.2.0/opentest4j-1.2.0.jar:/home/alex/.m2/repository/org/junit/platform/junit-platform-commons/1.6.2/junit-platform-commons-1.6.2.jar:/home/alex/.m2/repository/org/junit/jupiter/junit-jupiter-api/5.6.2/junit-jupiter-api-5.6.2.jar:/home/alex/.m2/repository/org/junit/vintage/junit-vintage-engine/5.6.2/junit-vintage-engine-5.6.2.jar:/home/alex/.m2/repository/org/powermock/powermock-module-junit4/2.0.2/powermock-module-junit4-2.0.2.jar:/home/alex/.m2/repository/org/powermock/powermock-module-junit4-common/2.0.2/powermock-module-junit4-common-2.0.2.jar:/home/alex/.m2/repository/org/powermock/powermock-reflect/2.0.2/powermock-reflect-2.0.2.jar:/home/alex/.m2/repository/org/powermock/powermock-core/2.0.2/powermock-core-2.0.2.jar:/home/alex/.m2/repository/org/powermock/powermock-api-mockito2/2.0.2/powermock-api-mockito2-2.0.2.jar:/home/alex/.m2/repository/org/powermock/powermock-api-support/2.0.2/powermock-api-support-2.0.2.jar:/home/alex/.m2/repository/org/postgresql/postgresql/42.2.14/postgresql-42.2.14.jar:/home/alex/.m2/repository/org/slf4j/slf4j-api/1.7.30/slf4j-api-1.7.30.jar:/home/alex/.m2/repository/org/mockito/mockito-core/3.4.4/mockito-core-3.4.4.jar:/home/alex/.m2/repository/net/bytebuddy/byte-buddy/1.10.13/byte-buddy-1.10.13.jar:/home/alex/.m2/repository/net/bytebuddy/byte-buddy-agent/1.10.13/byte-buddy-agent-1.10.13.jar:/home/alex/.m2/repository/org/objenesis/objenesis/2.6/objenesis-2.6.jar:/home/alex/Repositories/hive/beeline/target/testconf:/home/alex/Repositories/hive/beeline/../conf:"/>
    <property name="java.vm.vendor" value="Private Build"/>
    <property name="hadoop.version" value="3.1.0"/>
    <property name="user.timezone" value="US/Pacific"/>
    <property name="test.local.warehouse.dir" value="pfile:///home/alex/Repositories/hive/beeline/target/localfs/warehouse"/>
    <property name="os.name" value="Linux"/>
    <property name="java.vm.specification.version" value="1.8"/>
    <property name="test.build.data" value="/home/alex/Repositories/hive/beeline/target/tmp"/>
    <property name="clustermode" value=""/>
    <property name="sun.java.launcher" value="SUN_STANDARD"/>
    <property name="user.country" value="US"/>
    <property name="test.data.files" value="/home/alex/Repositories/hive/beeline/../data/files"/>
    <property name="surefire.test.class.path" value="/home/alex/Repositories/hive/beeline/target/test-classes:/home/alex/Repositories/hive/beeline/target/classes:/home/alex/Repositories/hive/common/target/classes:/home/alex/Repositories/hive/classification/target/classes:/home/alex/Repositories/hive/storage-api/target/classes:/home/alex/Repositories/hive/standalone-metastore/metastore-common/target/classes:/home/alex/.m2/repository/com/github/ben-manes/caffeine/caffeine/2.8.4/caffeine-2.8.4.jar:/home/alex/.m2/repository/org/checkerframework/checker-qual/3.4.0/checker-qual-3.4.0.jar:/home/alex/.m2/repository/com/google/errorprone/error_prone_annotations/2.3.4/error_prone_annotations-2.3.4.jar:/home/alex/.m2/repository/com/google/guava/guava/19.0/guava-19.0.jar:/home/alex/.m2/repository/org/apache/commons/commons-lang3/3.9/commons-lang3-3.9.jar:/home/alex/.m2/repository/org/apache/commons/commons-math3/3.6.1/commons-math3-3.6.1.jar:/home/alex/.m2/repository/org/apache/orc/orc-core/1.6.9/orc-core-1.6.9.jar:/home/alex/.m2/repository/org/apache/orc/orc-shims/1.6.9/orc-shims-1.6.9.jar:/home/alex/.m2/repository/io/airlift/aircompressor/0.19/aircompressor-0.19.jar:/home/alex/.m2/repository/javax/xml/bind/jaxb-api/2.2.11/jaxb-api-2.2.11.jar:/home/alex/.m2/repository/org/jetbrains/annotations/17.0.0/annotations-17.0.0.jar:/home/alex/.m2/repository/org/threeten/threeten-extra/1.5.0/threeten-extra-1.5.0.jar:/home/alex/.m2/repository/javax/servlet/javax.servlet-api/3.1.0/javax.servlet-api-3.1.0.jar:/home/alex/.m2/repository/org/eclipse/jetty/jetty-http/9.3.27.v20190418/jetty-http-9.3.27.v20190418.jar:/home/alex/.m2/repository/org/eclipse/jetty/jetty-rewrite/9.3.27.v20190418/jetty-rewrite-9.3.27.v20190418.jar:/home/alex/.m2/repository/org/eclipse/jetty/jetty-client/9.3.27.v20190418/jetty-client-9.3.27.v20190418.jar:/home/alex/.m2/repository/org/eclipse/jetty/jetty-server/9.3.27.v20190418/jetty-server-9.3.27.v20190418.jar:/home/alex/.m2/repository/org/eclipse/jetty/jetty-io/9.3.27.v20190418/jetty-io-9.3.27.v20190418.jar:/home/alex/.m2/repository/org/eclipse/jetty/jetty-servlet/9.3.27.v20190418/jetty-servlet-9.3.27.v20190418.jar:/home/alex/.m2/repository/org/eclipse/jetty/jetty-security/9.3.27.v20190418/jetty-security-9.3.27.v20190418.jar:/home/alex/.m2/repository/org/eclipse/jetty/jetty-webapp/9.3.27.v20190418/jetty-webapp-9.3.27.v20190418.jar:/home/alex/.m2/repository/org/eclipse/jetty/jetty-xml/9.3.27.v20190418/jetty-xml-9.3.27.v20190418.jar:/home/alex/.m2/repository/joda-time/joda-time/2.9.9/joda-time-2.9.9.jar:/home/alex/.m2/repository/org/apache/logging/log4j/log4j-1.2-api/2.13.2/log4j-1.2-api-2.13.2.jar:/home/alex/.m2/repository/org/apache/logging/log4j/log4j-web/2.13.2/log4j-web-2.13.2.jar:/home/alex/.m2/repository/org/apache/commons/commons-compress/1.21/commons-compress-1.21.jar:/home/alex/.m2/repository/org/apache/ant/ant/1.9.1/ant-1.9.1.jar:/home/alex/.m2/repository/org/apache/ant/ant-launcher/1.9.1/ant-launcher-1.9.1.jar:/home/alex/.m2/repository/net/sf/jpam/jpam/1.1/jpam-1.1.jar:/home/alex/.m2/repository/com/tdunning/json/1.8/json-1.8.jar:/home/alex/.m2/repository/io/dropwizard/metrics/metrics-core/3.1.0/metrics-core-3.1.0.jar:/home/alex/.m2/repository/io/dropwizard/metrics/metrics-jvm/3.1.0/metrics-jvm-3.1.0.jar:/home/alex/.m2/repository/io/dropwizard/metrics/metrics-json/3.1.0/metrics-json-3.1.0.jar:/home/alex/.m2/repository/com/fasterxml/jackson/core/jackson-databind/2.12.0/jackson-databind-2.12.0.jar:/home/alex/.m2/repository/com/github/joshelser/dropwizard-metrics-hadoop-metrics2-reporter/0.1.2/dropwizard-metrics-hadoop-metrics2-reporter-0.1.2.jar:/home/alex/.m2/repository/javolution/javolution/5.5.1/javolution-5.5.1.jar:/home/alex/Repositories/hive/metastore/target/classes:/home/alex/Repositories/hive/serde/target/classes:/home/alex/.m2/repository/org/apache/arrow/arrow-vector/0.15.1/arrow-vector-0.15.1.jar:/home/alex/.m2/repository/org/apache/arrow/arrow-format/0.15.1/arrow-format-0.15.1.jar:/home/alex/.m2/repository/org/apache/arrow/arrow-memory/0.15.1/arrow-memory-0.15.1.jar:/home/alex/.m2/repository/com/google/flatbuffers/flatbuffers-java/1.9.0/flatbuffers-java-1.9.0.jar:/home/alex/.m2/repository/com/carrotsearch/hppc/0.7.2/hppc-0.7.2.jar:/home/alex/.m2/repository/com/github/davidmoten/flatbuffers-java/1.6.0.1/flatbuffers-java-1.6.0.1.jar:/home/alex/.m2/repository/org/apache/derby/derby/10.14.1.0/derby-10.14.1.0.jar:/home/alex/.m2/repository/org/antlr/antlr-runtime/3.5.2/antlr-runtime-3.5.2.jar:/home/alex/.m2/repository/org/apache/thrift/libfb303/0.9.3/libfb303-0.9.3.jar:/home/alex/Repositories/hive/shims/aggregator/target/classes:/home/alex/Repositories/hive/shims/common/target/classes:/home/alex/Repositories/hive/shims/0.23/target/classes:/home/alex/.m2/repository/org/apache/hadoop/hadoop-yarn-server-resourcemanager/3.1.0/hadoop-yarn-server-resourcemanager-3.1.0.jar:/home/alex/.m2/repository/org/eclipse/jetty/jetty-util-ajax/9.3.19.v20170502/jetty-util-ajax-9.3.19.v20170502.jar:/home/alex/.m2/repository/org/apache/hadoop/hadoop-yarn-server-common/3.1.0/hadoop-yarn-server-common-3.1.0.jar:/home/alex/.m2/repository/org/apache/geronimo/specs/geronimo-jcache_1.0_spec/1.0-alpha-1/geronimo-jcache_1.0_spec-1.0-alpha-1.jar:/home/alex/.m2/repository/org/ehcache/ehcache/3.3.1/ehcache-3.3.1.jar:/home/alex/.m2/repository/com/zaxxer/HikariCP-java7/2.4.12/HikariCP-java7-2.4.12.jar:/home/alex/.m2/repository/org/apache/hadoop/hadoop-yarn-server-applicationhistoryservice/3.1.0/hadoop-yarn-server-applicationhistoryservice-3.1.0.jar:/home/alex/.m2/repository/de/ruedigermoeller/fst/2.50/fst-2.50.jar:/home/alex/.m2/repository/com/cedarsoftware/java-util/1.9.0/java-util-1.9.0.jar:/home/alex/.m2/repository/com/cedarsoftware/json-io/2.5.1/json-io-2.5.1.jar:/home/alex/.m2/repository/org/apache/hadoop/hadoop-yarn-server-web-proxy/3.1.0/hadoop-yarn-server-web-proxy-3.1.0.jar:/home/alex/.m2/repository/org/fusesource/leveldbjni/leveldbjni-all/1.8/leveldbjni-all-1.8.jar:/home/alex/Repositories/hive/shims/scheduler/target/classes:/home/alex/Repositories/hive/jdbc/target/classes:/home/alex/Repositories/hive/llap-client/target/classes:/home/alex/Repositories/hive/llap-common/target/classes:/home/alex/.m2/repository/io/jsonwebtoken/jjwt-api/0.10.5/jjwt-api-0.10.5.jar:/home/alex/.m2/repository/io/jsonwebtoken/jjwt-impl/0.10.5/jjwt-impl-0.10.5.jar:/home/alex/.m2/repository/io/jsonwebtoken/jjwt-jackson/0.10.5/jjwt-jackson-0.10.5.jar:/home/alex/Repositories/hive/service-rpc/target/classes:/home/alex/.m2/repository/org/apache/httpcomponents/httpclient/4.5.13/httpclient-4.5.13.jar:/home/alex/.m2/repository/org/apache/httpcomponents/httpcore/4.4.13/httpcore-4.4.13.jar:/home/alex/.m2/repository/org/apache/zookeeper/zookeeper/3.5.5/zookeeper-3.5.5.jar:/home/alex/.m2/repository/org/apache/zookeeper/zookeeper-jute/3.5.5/zookeeper-jute-3.5.5.jar:/home/alex/.m2/repository/org/apache/yetus/audience-annotations/0.5.0/audience-annotations-0.5.0.jar:/home/alex/.m2/repository/org/apache/curator/curator-framework/4.2.0/curator-framework-4.2.0.jar:/home/alex/Repositories/hive/standalone-metastore/metastore-server/target/classes:/home/alex/.m2/repository/com/google/protobuf/protobuf-java/2.5.0/protobuf-java-2.5.0.jar:/home/alex/.m2/repository/com/zaxxer/HikariCP/2.6.1/HikariCP-2.6.1.jar:/home/alex/.m2/repository/org/apache/commons/commons-dbcp2/2.7.0/commons-dbcp2-2.7.0.jar:/home/alex/.m2/repository/org/apache/commons/commons-pool2/2.7.0/commons-pool2-2.7.0.jar:/home/alex/.m2/repository/commons-beanutils/commons-beanutils/1.9.4/commons-beanutils-1.9.4.jar:/home/alex/.m2/repository/org/apache/logging/log4j/log4j-core/2.13.2/log4j-core-2.13.2.jar:/home/alex/.m2/repository/org/datanucleus/datanucleus-api-jdo/5.2.4/datanucleus-api-jdo-5.2.4.jar:/home/alex/.m2/repository/org/datanucleus/datanucleus-core/5.2.4/datanucleus-core-5.2.4.jar:/home/alex/.m2/repository/org/datanucleus/datanucleus-rdbms/5.2.4/datanucleus-rdbms-5.2.4.jar:/home/alex/.m2/repository/org/datanucleus/javax.jdo/3.2.0-release/javax.jdo-3.2.0-release.jar:/home/alex/.m2/repository/javax/transaction/javax.transaction-api/1.3/javax.transaction-api-1.3.jar:/home/alex/.m2/repository/org/glassfish/corba/glassfish-corba-omgapi/4.2.2/glassfish-corba-omgapi-4.2.2.jar:/home/alex/.m2/repository/sqlline/sqlline/1.9.0/sqlline-1.9.0.jar:/home/alex/.m2/repository/org/jline/jline-terminal/3.12.1/jline-terminal-3.12.1.jar:/home/alex/.m2/repository/org/jline/jline-reader/3.12.1/jline-reader-3.12.1.jar:/home/alex/.m2/repository/org/jline/jline-terminal-jansi/3.12.1/jline-terminal-jansi-3.12.1.jar:/home/alex/.m2/repository/org/fusesource/jansi/jansi/1.18/jansi-1.18.jar:/home/alex/.m2/repository/org/jline/jline-terminal-jna/3.12.1/jline-terminal-jna-3.12.1.jar:/home/alex/.m2/repository/net/java/dev/jna/jna/5.3.1/jna-5.3.1.jar:/home/alex/.m2/repository/org/jline/jline-builtins/3.12.1/jline-builtins-3.12.1.jar:/home/alex/.m2/repository/org/jline/jline-style/3.12.1/jline-style-3.12.1.jar:/home/alex/.m2/repository/commons-logging/commons-logging/1.1.3/commons-logging-1.1.3.jar:/home/alex/.m2/repository/com/cronutils/cron-utils/9.1.3/cron-utils-9.1.3.jar:/home/alex/.m2/repository/org/glassfish/javax.el/3.0.0/javax.el-3.0.0.jar:/home/alex/.m2/repository/com/oracle/database/jdbc/ojdbc8/21.3.0.0/ojdbc8-21.3.0.0.jar:/home/alex/.m2/repository/mysql/mysql-connector-java/8.0.27/mysql-connector-java-8.0.27.jar:/home/alex/.m2/repository/com/microsoft/sqlserver/mssql-jdbc/6.2.1.jre8/mssql-jdbc-6.2.1.jre8.jar:/home/alex/.m2/repository/commons-cli/commons-cli/1.4/commons-cli-1.4.jar:/home/alex/.m2/repository/commons-io/commons-io/2.6/commons-io-2.6.jar:/home/alex/.m2/repository/com/fasterxml/jackson/core/jackson-core/2.12.0/jackson-core-2.12.0.jar:/home/alex/.m2/repository/jline/jline/2.14.6/jline-2.14.6.jar:/home/alex/.m2/repository/org/apache/hadoop/hadoop-common/3.1.0/hadoop-common-3.1.0.jar:/home/alex/.m2/repository/org/apache/hadoop/hadoop-annotations/3.1.0/hadoop-annotations-3.1.0.jar:/usr/lib/jvm/java-8-openjdk-amd64/jre/../lib/tools.jar:/home/alex/.m2/repository/commons-codec/commons-codec/1.15/commons-codec-1.15.jar:/home/alex/.m2/repository/commons-net/commons-net/3.6/commons-net-3.6.jar:/home/alex/.m2/repository/commons-collections/commons-collections/3.2.2/commons-collections-3.2.2.jar:/home/alex/.m2/repository/org/eclipse/jetty/jetty-util/9.3.27.v20190418/jetty-util-9.3.27.v20190418.jar:/home/alex/.m2/repository/javax/servlet/jsp/jsp-api/2.1/jsp-api-2.1.jar:/home/alex/.m2/repository/com/sun/jersey/jersey-core/1.19/jersey-core-1.19.jar:/home/alex/.m2/repository/javax/ws/rs/jsr311-api/1.1.1/jsr311-api-1.1.1.jar:/home/alex/.m2/repository/com/sun/jersey/jersey-servlet/1.19/jersey-servlet-1.19.jar:/home/alex/.m2/repository/com/sun/jersey/jersey-json/1.19/jersey-json-1.19.jar:/home/alex/.m2/repository/org/codehaus/jettison/jettison/1.1/jettison-1.1.jar:/home/alex/.m2/repository/com/sun/xml/bind/jaxb-impl/2.2.3-1/jaxb-impl-2.2.3-1.jar:/home/alex/.m2/repository/org/codehaus/jackson/jackson-core-asl/1.9.2/jackson-core-asl-1.9.2.jar:/home/alex/.m2/repository/org/codehaus/jackson/jackson-mapper-asl/1.9.2/jackson-mapper-asl-1.9.2.jar:/home/alex/.m2/repository/org/codehaus/jackson/jackson-jaxrs/1.9.2/jackson-jaxrs-1.9.2.jar:/home/alex/.m2/repository/org/codehaus/jackson/jackson-xc/1.9.2/jackson-xc-1.9.2.jar:/home/alex/.m2/repository/com/sun/jersey/jersey-server/1.19/jersey-server-1.19.jar:/home/alex/.m2/repository/commons-lang/commons-lang/2.6/commons-lang-2.6.jar:/home/alex/.m2/repository/org/apache/commons/commons-configuration2/2.1.1/commons-configuration2-2.1.1.jar:/home/alex/.m2/repository/org/apache/avro/avro/1.8.2/avro-1.8.2.jar:/home/alex/.m2/repository/com/thoughtworks/paranamer/paranamer/2.8/paranamer-2.8.jar:/home/alex/.m2/repository/org/xerial/snappy/snappy-java/1.1.4/snappy-java-1.1.4.jar:/home/alex/.m2/repository/org/tukaani/xz/1.5/xz-1.5.jar:/home/alex/.m2/repository/com/google/re2j/re2j/1.2/re2j-1.2.jar:/home/alex/.m2/repository/com/google/code/gson/gson/2.2.4/gson-2.2.4.jar:/home/alex/.m2/repository/org/apache/hadoop/hadoop-auth/3.1.0/hadoop-auth-3.1.0.jar:/home/alex/.m2/repository/com/nimbusds/nimbus-jose-jwt/4.41.1/nimbus-jose-jwt-4.41.1.jar:/home/alex/.m2/repository/com/github/stephenc/jcip/jcip-annotations/1.0-1/jcip-annotations-1.0-1.jar:/home/alex/.m2/repository/net/minidev/json-smart/2.3/json-smart-2.3.jar:/home/alex/.m2/repository/net/minidev/accessors-smart/1.2/accessors-smart-1.2.jar:/home/alex/.m2/repository/com/jcraft/jsch/0.1.54/jsch-0.1.54.jar:/home/alex/.m2/repository/com/google/code/findbugs/jsr305/3.0.0/jsr305-3.0.0.jar:/home/alex/.m2/repository/org/apache/htrace/htrace-core4/4.1.0-incubating/htrace-core4-4.1.0-incubating.jar:/home/alex/.m2/repository/org/apache/kerby/kerb-simplekdc/1.0.1/kerb-simplekdc-1.0.1.jar:/home/alex/.m2/repository/org/apache/kerby/kerb-client/1.0.1/kerb-client-1.0.1.jar:/home/alex/.m2/repository/org/apache/kerby/kerby-config/1.0.1/kerby-config-1.0.1.jar:/home/alex/.m2/repository/org/apache/kerby/kerb-core/1.0.1/kerb-core-1.0.1.jar:/home/alex/.m2/repository/org/apache/kerby/kerby-pkix/1.0.1/kerby-pkix-1.0.1.jar:/home/alex/.m2/repository/org/apache/kerby/kerby-asn1/1.0.1/kerby-asn1-1.0.1.jar:/home/alex/.m2/repository/org/apache/kerby/kerby-util/1.0.1/kerby-util-1.0.1.jar:/home/alex/.m2/repository/org/apache/kerby/kerb-common/1.0.1/kerb-common-1.0.1.jar:/home/alex/.m2/repository/org/apache/kerby/kerb-crypto/1.0.1/kerb-crypto-1.0.1.jar:/home/alex/.m2/repository/org/apache/kerby/kerb-util/1.0.1/kerb-util-1.0.1.jar:/home/alex/.m2/repository/org/apache/kerby/token-provider/1.0.1/token-provider-1.0.1.jar:/home/alex/.m2/repository/org/apache/kerby/kerb-admin/1.0.1/kerb-admin-1.0.1.jar:/home/alex/.m2/repository/org/apache/kerby/kerb-server/1.0.1/kerb-server-1.0.1.jar:/home/alex/.m2/repository/org/apache/kerby/kerb-identity/1.0.1/kerb-identity-1.0.1.jar:/home/alex/.m2/repository/org/apache/kerby/kerby-xdr/1.0.1/kerby-xdr-1.0.1.jar:/home/alex/.m2/repository/org/codehaus/woodstox/stax2-api/3.1.4/stax2-api-3.1.4.jar:/home/alex/.m2/repository/com/fasterxml/woodstox/woodstox-core/5.0.3/woodstox-core-5.0.3.jar:/home/alex/.m2/repository/org/apache/thrift/libthrift/0.14.1/libthrift-0.14.1.jar:/home/alex/.m2/repository/org/apache/tomcat/embed/tomcat-embed-core/8.5.46/tomcat-embed-core-8.5.46.jar:/home/alex/.m2/repository/org/apache/tomcat/tomcat-annotations-api/8.5.46/tomcat-annotations-api-8.5.46.jar:/home/alex/.m2/repository/javax/annotation/javax.annotation-api/1.3.2/javax.annotation-api-1.3.2.jar:/home/alex/.m2/repository/net/sf/supercsv/super-csv/2.2.0/super-csv-2.2.0.jar:/home/alex/.m2/repository/org/apache/logging/log4j/log4j-slf4j-impl/2.13.2/log4j-slf4j-impl-2.13.2.jar:/home/alex/.m2/repository/org/apache/logging/log4j/log4j-api/2.13.2/log4j-api-2.13.2.jar:/home/alex/Repositories/hive/ql/target/test-classes:/home/alex/.m2/repository/org/apache/atlas/atlas-client-v2/2.1.0/atlas-client-v2-2.1.0.jar:/home/alex/.m2/repository/cglib/cglib/2.2.2/cglib-2.2.2.jar:/home/alex/.m2/repository/asm/asm/3.3.1/asm-3.3.1.jar:/home/alex/.m2/repository/org/apache/atlas/atlas-client-common/2.1.0/atlas-client-common-2.1.0.jar:/home/alex/.m2/repository/com/sun/jersey/jersey-client/1.19/jersey-client-1.19.jar:/home/alex/.m2/repository/org/apache/atlas/atlas-intg/2.1.0/atlas-intg-2.1.0.jar:/home/alex/.m2/repository/commons-validator/commons-validator/1.6/commons-validator-1.6.jar:/home/alex/.m2/repository/commons-digester/commons-digester/1.8.1/commons-digester-1.8.1.jar:/home/alex/.m2/repository/com/fasterxml/jackson/jaxrs/jackson-jaxrs-base/2.12.0/jackson-jaxrs-base-2.12.0.jar:/home/alex/.m2/repository/com/fasterxml/jackson/jaxrs/jackson-jaxrs-json-provider/2.12.0/jackson-jaxrs-json-provider-2.12.0.jar:/home/alex/.m2/repository/javax/inject/javax.inject/1/javax.inject-1.jar:/home/alex/.m2/repository/org/springframework/spring-context/4.3.20.RELEASE/spring-context-4.3.20.RELEASE.jar:/home/alex/.m2/repository/org/springframework/spring-aop/4.3.20.RELEASE/spring-aop-4.3.20.RELEASE.jar:/home/alex/.m2/repository/org/springframework/spring-beans/4.3.20.RELEASE/spring-beans-4.3.20.RELEASE.jar:/home/alex/.m2/repository/org/springframework/spring-core/4.3.20.RELEASE/spring-core-4.3.20.RELEASE.jar:/home/alex/.m2/repository/org/springframework/spring-expression/4.3.20.RELEASE/spring-expression-4.3.20.RELEASE.jar:/home/alex/.m2/repository/commons-configuration/commons-configuration/1.10/commons-configuration-1.10.jar:/home/alex/Repositories/hive/vector-code-gen/target/classes:/home/alex/.m2/repository/org/apache/velocity/velocity/1.5/velocity-1.5.jar:/home/alex/.m2/repository/oro/oro/2.0.8/oro-2.0.8.jar:/home/alex/Repositories/hive/parser/target/classes:/home/alex/Repositories/hive/udf/target/classes:/home/alex/Repositories/hive/llap-tez/target/classes:/home/alex/Repositories/hive/spark-client/target/classes:/home/alex/.m2/repository/io/netty/netty-all/4.1.65.Final/netty-all-4.1.65.Final.jar:/home/alex/.m2/repository/com/fasterxml/jackson/module/jackson-module-scala_2.12/2.12.0/jackson-module-scala_2.12-2.12.0.jar:/home/alex/.m2/repository/org/scala-lang/scala-library/2.12.10/scala-library-2.12.10.jar:/home/alex/.m2/repository/org/apache/spark/spark-core_2.12/2.4.5/spark-core_2.12-2.4.5.jar:/home/alex/.m2/repository/com/twitter/chill_2.12/0.9.3/chill_2.12-0.9.3.jar:/home/alex/.m2/repository/com/twitter/chill-java/0.9.3/chill-java-0.9.3.jar:/home/alex/.m2/repository/org/apache/xbean/xbean-asm6-shaded/4.8/xbean-asm6-shaded-4.8.jar:/home/alex/.m2/repository/org/apache/hadoop/hadoop-client/3.1.0/hadoop-client-3.1.0.jar:/home/alex/.m2/repository/org/apache/hadoop/hadoop-mapreduce-client-jobclient/3.1.0/hadoop-mapreduce-client-jobclient-3.1.0.jar:/home/alex/.m2/repository/org/apache/hadoop/hadoop-mapreduce-client-common/3.1.0/hadoop-mapreduce-client-common-3.1.0.jar:/home/alex/.m2/repository/org/apache/spark/spark-launcher_2.12/2.4.5/spark-launcher_2.12-2.4.5.jar:/home/alex/.m2/repository/org/apache/spark/spark-kvstore_2.12/2.4.5/spark-kvstore_2.12-2.4.5.jar:/home/alex/.m2/repository/org/apache/spark/spark-network-common_2.12/2.4.5/spark-network-common_2.12-2.4.5.jar:/home/alex/.m2/repository/org/apache/spark/spark-network-shuffle_2.12/2.4.5/spark-network-shuffle_2.12-2.4.5.jar:/home/alex/.m2/repository/org/apache/spark/spark-unsafe_2.12/2.4.5/spark-unsafe_2.12-2.4.5.jar:/home/alex/.m2/repository/javax/activation/activation/1.1.1/activation-1.1.1.jar:/home/alex/.m2/repository/org/slf4j/jul-to-slf4j/1.7.16/jul-to-slf4j-1.7.16.jar:/home/alex/.m2/repository/org/slf4j/jcl-over-slf4j/1.7.16/jcl-over-slf4j-1.7.16.jar:/home/alex/.m2/repository/com/ning/compress-lzf/1.0.3/compress-lzf-1.0.3.jar:/home/alex/.m2/repository/org/roaringbitmap/RoaringBitmap/0.7.45/RoaringBitmap-0.7.45.jar:/home/alex/.m2/repository/org/roaringbitmap/shims/0.7.45/shims-0.7.45.jar:/home/alex/.m2/repository/org/json4s/json4s-jackson_2.12/3.5.3/json4s-jackson_2.12-3.5.3.jar:/home/alex/.m2/repository/org/json4s/json4s-core_2.12/3.5.3/json4s-core_2.12-3.5.3.jar:/home/alex/.m2/repository/org/json4s/json4s-ast_2.12/3.5.3/json4s-ast_2.12-3.5.3.jar:/home/alex/.m2/repository/org/json4s/json4s-scalap_2.12/3.5.3/json4s-scalap_2.12-3.5.3.jar:/home/alex/.m2/repository/org/scala-lang/modules/scala-xml_2.12/1.0.6/scala-xml_2.12-1.0.6.jar:/home/alex/.m2/repository/com/clearspring/analytics/stream/2.7.0/stream-2.7.0.jar:/home/alex/.m2/repository/io/dropwizard/metrics/metrics-graphite/3.1.5/metrics-graphite-3.1.5.jar:/home/alex/.m2/repository/net/razorvine/pyrolite/4.13/pyrolite-4.13.jar:/home/alex/.m2/repository/net/sf/py4j/py4j/0.10.7/py4j-0.10.7.jar:/home/alex/.m2/repository/org/apache/spark/spark-tags_2.12/2.4.5/spark-tags_2.12-2.4.5.jar:/home/alex/.m2/repository/org/apache/commons/commons-crypto/1.0.0/commons-crypto-1.0.0.jar:/home/alex/.m2/repository/org/spark-project/spark/unused/1.0.0/unused-1.0.0.jar:/home/alex/.m2/repository/org/apache/spark/spark-yarn_2.12/2.4.5/spark-yarn_2.12-2.4.5.jar:/home/alex/.m2/repository/com/amazonaws/secretsmanager/aws-secretsmanager-caching-java/1.0.1/aws-secretsmanager-caching-java-1.0.1.jar:/home/alex/.m2/repository/com/esotericsoftware/kryo/5.0.3/kryo-5.0.3.jar:/home/alex/.m2/repository/com/esotericsoftware/minlog/1.3.1/minlog-1.3.1.jar:/home/alex/.m2/repository/com/esotericsoftware/reflectasm/1.11.9/reflectasm-1.11.9.jar:/home/alex/.m2/repository/org/apache/parquet/parquet-hadoop-bundle/1.11.1/parquet-hadoop-bundle-1.11.1.jar:/home/alex/.m2/repository/org/apache/commons/commons-collections4/4.1/commons-collections4-4.1.jar:/home/alex/.m2/repository/org/apache/commons/commons-text/1.8/commons-text-1.8.jar:/home/alex/.m2/repository/org/antlr/ST4/4.0.4/ST4-4.0.4.jar:/home/alex/.m2/repository/org/apache/avro/avro-mapred/1.8.2/avro-mapred-1.8.2-hadoop2.jar:/home/alex/.m2/repository/org/apache/avro/avro-ipc/1.8.2/avro-ipc-1.8.2.jar:/home/alex/.m2/repository/org/mortbay/jetty/jetty/6.1.26/jetty-6.1.26.jar:/home/alex/.m2/repository/org/apache/hadoop/hadoop-yarn-registry/3.1.0/hadoop-yarn-registry-3.1.0.jar:/home/alex/.m2/repository/org/apache/hadoop/hadoop-yarn-api/3.1.0/hadoop-yarn-api-3.1.0.jar:/home/alex/.m2/repository/commons-daemon/commons-daemon/1.0.13/commons-daemon-1.0.13.jar:/home/alex/.m2/repository/dnsjava/dnsjava/2.1.7/dnsjava-2.1.7.jar:/home/alex/.m2/repository/org/apache/orc/orc-tools/1.6.9/orc-tools-1.6.9.jar:/home/alex/.m2/repository/com/opencsv/opencsv/3.9/opencsv-3.9.jar:/home/alex/.m2/repository/org/apache/hadoop/hadoop-hdfs/3.1.0/hadoop-hdfs-3.1.0.jar:/home/alex/.m2/repository/org/threeten/threetenbp/1.3.5/threetenbp-1.3.5.jar:/home/alex/.m2/repository/org/apache/ivy/ivy/2.4.0/ivy-2.4.0.jar:/home/alex/.m2/repository/org/apache/datasketches/datasketches-hive/1.1.0-incubating/datasketches-hive-1.1.0-incubating.jar:/home/alex/.m2/repository/org/apache/datasketches/datasketches-java/1.3.0-incubating/datasketches-java-1.3.0-incubating.jar:/home/alex/.m2/repository/org/apache/datasketches/datasketches-memory/1.2.0-incubating/datasketches-memory-1.2.0-incubating.jar:/home/alex/.m2/repository/org/slf4j/slf4j-simple/1.7.27/slf4j-simple-1.7.27.jar:/home/alex/.m2/repository/org/codehaus/groovy/groovy-all/2.4.11/groovy-all-2.4.11.jar:/home/alex/.m2/repository/org/jodd/jodd-util/6.0.0/jodd-util-6.0.0.jar:/home/alex/.m2/repository/com/fasterxml/jackson/core/jackson-annotations/2.12.0/jackson-annotations-2.12.0.jar:/home/alex/.m2/repository/com/fasterxml/jackson/dataformat/jackson-dataformat-yaml/2.12.0/jackson-dataformat-yaml-2.12.0.jar:/home/alex/.m2/repository/org/yaml/snakeyaml/1.27/snakeyaml-1.27.jar:/home/alex/.m2/repository/org/apache/calcite/calcite-core/1.25.0/calcite-core-1.25.0.jar:/home/alex/.m2/repository/org/apache/calcite/calcite-linq4j/1.25.0/calcite-linq4j-1.25.0.jar:/home/alex/.m2/repository/com/esri/geometry/esri-geometry-api/2.2.0/esri-geometry-api-2.2.0.jar:/home/alex/.m2/repository/com/yahoo/datasketches/sketches-core/0.9.0/sketches-core-0.9.0.jar:/home/alex/.m2/repository/com/yahoo/datasketches/memory/0.9.0/memory-0.9.0.jar:/home/alex/.m2/repository/org/apache/calcite/calcite-druid/1.25.0/calcite-druid-1.25.0.jar:/home/alex/.m2/repository/org/apache/calcite/avatica/avatica/1.12.0/avatica-1.12.0.jar:/home/alex/.m2/repository/com/googlecode/javaewah/JavaEWAH/0.3.2/JavaEWAH-0.3.2.jar:/home/alex/.m2/repository/stax/stax-api/1.0.1/stax-api-1.0.1.jar:/home/alex/.m2/repository/net/sf/opencsv/opencsv/2.3/opencsv-2.3.jar:/home/alex/.m2/repository/org/reflections/reflections/0.9.10/reflections-0.9.10.jar:/home/alex/.m2/repository/org/javassist/javassist/3.19.0-GA/javassist-3.19.0-GA.jar:/home/alex/.m2/repository/com/jayway/jsonpath/json-path/2.4.0/json-path-2.4.0.jar:/home/alex/.m2/repository/org/codehaus/janino/commons-compiler/3.0.11/commons-compiler-3.0.11.jar:/home/alex/.m2/repository/org/codehaus/janino/janino/3.0.11/janino-3.0.11.jar:/home/alex/.m2/repository/com/sun/jersey/contribs/jersey-multipart/1.19/jersey-multipart-1.19.jar:/home/alex/.m2/repository/org/jvnet/mimepull/mimepull/1.9.3/mimepull-1.9.3.jar:/home/alex/.m2/repository/org/apache/kafka/kafka-clients/2.5.0/kafka-clients-2.5.0.jar:/home/alex/.m2/repository/com/github/luben/zstd-jni/1.4.4-7/zstd-jni-1.4.4-7.jar:/home/alex/.m2/repository/org/lz4/lz4-java/1.7.1/lz4-java-1.7.1.jar:/home/alex/Repositories/hive/service/target/classes:/home/alex/Repositories/hive/ql/target/classes:/home/alex/Repositories/hive/llap-server/target/classes:/home/alex/.m2/repository/com/lmax/disruptor/3.3.7/disruptor-3.3.7.jar:/home/alex/Repositories/hive/llap-common/target/test-classes:/home/alex/Repositories/hive/hplsql/target/classes:/home/alex/.m2/repository/org/antlr/antlr4-runtime/4.5/antlr4-runtime-4.5.jar:/home/alex/.m2/repository/org/abego/treelayout/org.abego.treelayout.core/1.0.1/org.abego.treelayout.core-1.0.1.jar:/home/alex/.m2/repository/javax/servlet/jsp/javax.servlet.jsp-api/2.3.1/javax.servlet.jsp-api-2.3.1.jar:/home/alex/.m2/repository/org/eclipse/jetty/jetty-runner/9.3.27.v20190418/jetty-runner-9.3.27.v20190418.jar:/home/alex/.m2/repository/org/eclipse/jetty/jetty-plus/9.3.27.v20190418/jetty-plus-9.3.27.v20190418.jar:/home/alex/.m2/repository/org/eclipse/jetty/jetty-annotations/9.3.27.v20190418/jetty-annotations-9.3.27.v20190418.jar:/home/alex/.m2/repository/org/ow2/asm/asm/6.0/asm-6.0.jar:/home/alex/.m2/repository/org/ow2/asm/asm-commons/6.0/asm-commons-6.0.jar:/home/alex/.m2/repository/org/ow2/asm/asm-tree/6.0/asm-tree-6.0.jar:/home/alex/.m2/repository/org/eclipse/jetty/jetty-jaas/9.3.27.v20190418/jetty-jaas-9.3.27.v20190418.jar:/home/alex/.m2/repository/org/eclipse/jetty/websocket/websocket-server/9.3.27.v20190418/websocket-server-9.3.27.v20190418.jar:/home/alex/.m2/repository/org/eclipse/jetty/websocket/websocket-common/9.3.27.v20190418/websocket-common-9.3.27.v20190418.jar:/home/alex/.m2/repository/org/eclipse/jetty/websocket/websocket-api/9.3.27.v20190418/websocket-api-9.3.27.v20190418.jar:/home/alex/.m2/repository/org/eclipse/jetty/websocket/websocket-client/9.3.27.v20190418/websocket-client-9.3.27.v20190418.jar:/home/alex/.m2/repository/org/eclipse/jetty/websocket/websocket-servlet/9.3.27.v20190418/websocket-servlet-9.3.27.v20190418.jar:/home/alex/.m2/repository/org/eclipse/jetty/jetty-jndi/9.3.27.v20190418/jetty-jndi-9.3.27.v20190418.jar:/home/alex/.m2/repository/org/eclipse/jetty/apache-jsp/9.3.27.v20190418/apache-jsp-9.3.27.v20190418.jar:/home/alex/.m2/repository/org/eclipse/jetty/toolchain/jetty-schemas/3.1/jetty-schemas-3.1.jar:/home/alex/.m2/repository/org/eclipse/jdt/core/compiler/ecj/4.4.2/ecj-4.4.2.jar:/home/alex/.m2/repository/org/eclipse/jetty/apache-jstl/9.3.27.v20190418/apache-jstl-9.3.27.v20190418.jar:/home/alex/.m2/repository/org/apache/taglibs/taglibs-standard-spec/1.2.5/taglibs-standard-spec-1.2.5.jar:/home/alex/.m2/repository/org/apache/taglibs/taglibs-standard-impl/1.2.5/taglibs-standard-impl-1.2.5.jar:/home/alex/.m2/repository/org/apache/curator/curator-client/4.2.0/curator-client-4.2.0.jar:/home/alex/.m2/repository/org/apache/curator/curator-recipes/4.2.0/curator-recipes-4.2.0.jar:/home/alex/.m2/repository/org/pac4j/pac4j-saml-opensamlv3/4.0.3/pac4j-saml-opensamlv3-4.0.3.jar:/home/alex/.m2/repository/org/pac4j/pac4j-core/4.0.3/pac4j-core-4.0.3.jar:/home/alex/.m2/repository/org/opensaml/opensaml-core/3.4.5/opensaml-core-3.4.5.jar:/home/alex/.m2/repository/net/shibboleth/utilities/java-support/7.5.1/java-support-7.5.1.jar:/home/alex/.m2/repository/org/opensaml/opensaml-saml-api/3.4.5/opensaml-saml-api-3.4.5.jar:/home/alex/.m2/repository/org/opensaml/opensaml-storage-api/3.4.5/opensaml-storage-api-3.4.5.jar:/home/alex/.m2/repository/org/opensaml/opensaml-saml-impl/3.4.5/opensaml-saml-impl-3.4.5.jar:/home/alex/.m2/repository/org/opensaml/opensaml-soap-impl/3.4.5/opensaml-soap-impl-3.4.5.jar:/home/alex/.m2/repository/org/opensaml/opensaml-soap-api/3.4.5/opensaml-soap-api-3.4.5.jar:/home/alex/.m2/repository/org/opensaml/opensaml-xmlsec-api/3.4.5/opensaml-xmlsec-api-3.4.5.jar:/home/alex/.m2/repository/org/opensaml/opensaml-security-api/3.4.5/opensaml-security-api-3.4.5.jar:/home/alex/.m2/repository/org/opensaml/opensaml-security-impl/3.4.5/opensaml-security-impl-3.4.5.jar:/home/alex/.m2/repository/org/opensaml/opensaml-profile-api/3.4.5/opensaml-profile-api-3.4.5.jar:/home/alex/.m2/repository/org/opensaml/opensaml-profile-impl/3.4.5/opensaml-profile-impl-3.4.5.jar:/home/alex/.m2/repository/org/opensaml/opensaml-messaging-api/3.4.5/opensaml-messaging-api-3.4.5.jar:/home/alex/.m2/repository/org/opensaml/opensaml-messaging-impl/3.4.5/opensaml-messaging-impl-3.4.5.jar:/home/alex/.m2/repository/org/opensaml/opensaml-storage-impl/3.4.5/opensaml-storage-impl-3.4.5.jar:/home/alex/.m2/repository/org/ldaptive/ldaptive/1.0.13/ldaptive-1.0.13.jar:/home/alex/.m2/repository/javax/json/javax.json-api/1.0/javax.json-api-1.0.jar:/home/alex/.m2/repository/net/spy/spymemcached/2.12.3/spymemcached-2.12.3.jar:/home/alex/.m2/repository/org/glassfish/javax.json/1.0.4/javax.json-1.0.4.jar:/home/alex/.m2/repository/org/opensaml/opensaml-xmlsec-impl/3.4.5/opensaml-xmlsec-impl-3.4.5.jar:/home/alex/.m2/repository/org/cryptacular/cryptacular/1.2.4/cryptacular-1.2.4.jar:/home/alex/.m2/repository/net/shibboleth/tool/xmlsectool/2.0.0/xmlsectool-2.0.0.jar:/home/alex/.m2/repository/com/beust/jcommander/1.48/jcommander-1.48.jar:/home/alex/.m2/repository/org/bouncycastle/bcprov-jdk15on/1.64/bcprov-jdk15on-1.64.jar:/home/alex/.m2/repository/org/apache/santuario/xmlsec/2.2.1/xmlsec-2.2.1.jar:/home/alex/.m2/repository/org/jamon/jamon-runtime/2.3.1/jamon-runtime-2.3.1.jar:/home/alex/.m2/repository/org/apache/hadoop/hadoop-mapreduce-client-core/3.1.0/hadoop-mapreduce-client-core-3.1.0.jar:/home/alex/.m2/repository/org/apache/hadoop/hadoop-yarn-client/3.1.0/hadoop-yarn-client-3.1.0.jar:/home/alex/.m2/repository/org/apache/hadoop/hadoop-yarn-common/3.1.0/hadoop-yarn-common-3.1.0.jar:/home/alex/.m2/repository/com/google/inject/guice/4.0/guice-4.0.jar:/home/alex/.m2/repository/aopalliance/aopalliance/1.0/aopalliance-1.0.jar:/home/alex/.m2/repository/com/sun/jersey/contribs/jersey-guice/1.19/jersey-guice-1.19.jar:/home/alex/.m2/repository/com/fasterxml/jackson/module/jackson-module-jaxb-annotations/2.12.0/jackson-module-jaxb-annotations-2.12.0.jar:/home/alex/.m2/repository/jakarta/xml/bind/jakarta.xml.bind-api/2.3.2/jakarta.xml.bind-api-2.3.2.jar:/home/alex/.m2/repository/jakarta/activation/jakarta.activation-api/1.2.1/jakarta.activation-api-1.2.1.jar:/home/alex/.m2/repository/org/apache/hadoop/hadoop-hdfs-client/3.1.0/hadoop-hdfs-client-3.1.0.jar:/home/alex/.m2/repository/com/squareup/okhttp/okhttp/2.7.5/okhttp-2.7.5.jar:/home/alex/.m2/repository/com/squareup/okio/okio/1.6.0/okio-1.6.0.jar:/home/alex/.m2/repository/com/google/inject/extensions/guice-servlet/4.0/guice-servlet-4.0.jar:/home/alex/.m2/repository/junit/junit/4.13/junit-4.13.jar:/home/alex/.m2/repository/org/hamcrest/hamcrest-core/1.3/hamcrest-core-1.3.jar:/home/alex/.m2/repository/org/junit/jupiter/junit-jupiter-engine/5.6.2/junit-jupiter-engine-5.6.2.jar:/home/alex/.m2/repository/org/apiguardian/apiguardian-api/1.1.0/apiguardian-api-1.1.0.jar:/home/alex/.m2/repository/org/junit/platform/junit-platform-engine/1.6.2/junit-platform-engine-1.6.2.jar:/home/alex/.m2/repository/org/opentest4j/opentest4j/1.2.0/opentest4j-1.2.0.jar:/home/alex/.m2/repository/org/junit/platform/junit-platform-commons/1.6.2/junit-platform-commons-1.6.2.jar:/home/alex/.m2/repository/org/junit/jupiter/junit-jupiter-api/5.6.2/junit-jupiter-api-5.6.2.jar:/home/alex/.m2/repository/org/junit/vintage/junit-vintage-engine/5.6.2/junit-vintage-engine-5.6.2.jar:/home/alex/.m2/repository/org/powermock/powermock-module-junit4/2.0.2/powermock-module-junit4-2.0.2.jar:/home/alex/.m2/repository/org/powermock/powermock-module-junit4-common/2.0.2/powermock-module-junit4-common-2.0.2.jar:/home/alex/.m2/repository/org/powermock/powermock-reflect/2.0.2/powermock-reflect-2.0.2.jar:/home/alex/.m2/repository/org/powermock/powermock-core/2.0.2/powermock-core-2.0.2.jar:/home/alex/.m2/repository/org/powermock/powermock-api-mockito2/2.0.2/powermock-api-mockito2-2.0.2.jar:/home/alex/.m2/repository/org/powermock/powermock-api-support/2.0.2/powermock-api-support-2.0.2.jar:/home/alex/.m2/repository/org/postgresql/postgresql/42.2.14/postgresql-42.2.14.jar:/home/alex/.m2/repository/org/slf4j/slf4j-api/1.7.30/slf4j-api-1.7.30.jar:/home/alex/.m2/repository/org/mockito/mockito-core/3.4.4/mockito-core-3.4.4.jar:/home/alex/.m2/repository/net/bytebuddy/byte-buddy/1.10.13/byte-buddy-1.10.13.jar:/home/alex/.m2/repository/net/bytebuddy/byte-buddy-agent/1.10.13/byte-buddy-agent-1.10.13.jar:/home/alex/.m2/repository/org/objenesis/objenesis/2.6/objenesis-2.6.jar:/home/alex/Repositories/hive/beeline/target/testconf:/home/alex/Repositories/hive/beeline/../conf:"/>
    <property name="sun.cpu.endian" value="little"/>
    <property name="user.home" value="/home/alex"/>
    <property name="user.language" value="en"/>
    <property name="java.security.krb5.conf" value="/home/alex/Repositories/hive/beeline/target/testconf/krb5.conf"/>
    <property name="test.dfs.mkdir" value=""/>
    <property name="java.awt.graphicsenv" value="sun.awt.X11GraphicsEnvironment"/>
    <property name="surefire.real.class.path" value="/home/alex/Repositories/hive/beeline/target/surefire/surefirebooter184282526585079326.jar"/>
    <property name="hadoop.log.dir" value="/home/alex/Repositories/hive/beeline/target/tmp"/>
    <property name="java.net.preferIPv4Stack" value="true"/>
    <property name="path.separator" value=":"/>
    <property name="os.version" value="6.5.0-28-generic"/>
    <property name="java.endorsed.dirs" value="/usr/lib/jvm/java-8-openjdk-amd64/jre/lib/endorsed"/>
    <property name="java.runtime.name" value="OpenJDK Runtime Environment"/>
    <property name="hive.test.console.log.level" value="INFO"/>
    <property name="java.vm.name" value="OpenJDK 64-Bit Server VM"/>
    <property name="java.vendor.url.bug" value="http://bugreport.sun.com/bugreport/"/>
    <property name="maven.local.repository" value="/home/alex/.m2/repository"/>
    <property name="user.dir" value="/home/alex/Repositories/hive/beeline"/>
    <property name="os.arch" value="amd64"/>
    <property name="user.language.format" value="pt"/>
    <property name="antlr.version" value="3.5.2"/>
    <property name="derby.version" value="10.14.1.0"/>
    <property name="java.vm.info" value="mixed mode"/>
    <property name="java.vm.version" value="25.402-b06"/>
    <property name="java.ext.dirs" value="/usr/lib/jvm/java-8-openjdk-amd64/jre/lib/ext:/usr/java/packages/lib/ext"/>
    <property name="datanucleus.schema.autoCreateAll" value="true"/>
    <property name="java.class.version" value="52.0"/>
    <property name="test.output.overwrite" value=""/>
    <property name="hive.root" value="/home/alex/Repositories/hive/beeline/../"/>
  </properties>
  <testcase name="testSetPromptValue" classname="org.apache.hive.beeline.cli.TestHiveCli" time="10.238">
    <error type="java.lang.NullPointerException"><![CDATA[java.lang.NullPointerException
	at org.apache.hive.beeline.cli.TestHiveCli.executeCMD(TestHiveCli.java:255)
	at org.apache.hive.beeline.cli.TestHiveCli.initFromFile(TestHiveCli.java:321)
	at org.apache.hive.beeline.cli.TestHiveCli.setup(TestHiveCli.java:294)
	at sun.reflect.NativeMethodAccessorImpl.invoke0(Native Method)
	at sun.reflect.NativeMethodAccessorImpl.invoke(NativeMethodAccessorImpl.java:62)
	at sun.reflect.DelegatingMethodAccessorImpl.invoke(DelegatingMethodAccessorImpl.java:43)
	at java.lang.reflect.Method.invoke(Method.java:498)
	at org.junit.runners.model.FrameworkMethod$1.runReflectiveCall(FrameworkMethod.java:59)
	at org.junit.internal.runners.model.ReflectiveCallable.run(ReflectiveCallable.java:12)
	at org.junit.runners.model.FrameworkMethod.invokeExplosively(FrameworkMethod.java:56)
	at org.junit.internal.runners.statements.RunBefores.invokeMethod(RunBefores.java:33)
	at org.junit.internal.runners.statements.RunBefores.evaluate(RunBefores.java:24)
	at org.junit.internal.runners.statements.RunAfters.evaluate(RunAfters.java:27)
	at org.junit.runners.ParentRunner$3.evaluate(ParentRunner.java:306)
	at org.junit.runners.BlockJUnit4ClassRunner$1.evaluate(BlockJUnit4ClassRunner.java:100)
	at org.junit.runners.ParentRunner.runLeaf(ParentRunner.java:366)
	at org.junit.runners.BlockJUnit4ClassRunner.runChild(BlockJUnit4ClassRunner.java:103)
	at org.junit.runners.BlockJUnit4ClassRunner.runChild(BlockJUnit4ClassRunner.java:63)
	at org.junit.runners.ParentRunner$4.run(ParentRunner.java:331)
	at org.junit.runners.ParentRunner$1.schedule(ParentRunner.java:79)
	at org.junit.runners.ParentRunner.runChildren(ParentRunner.java:329)
	at org.junit.runners.ParentRunner.access$100(ParentRunner.java:66)
	at org.junit.runners.ParentRunner$2.evaluate(ParentRunner.java:293)
	at org.junit.internal.runners.statements.RunBefores.evaluate(RunBefores.java:26)
	at org.junit.runners.ParentRunner$3.evaluate(ParentRunner.java:306)
	at org.junit.runners.ParentRunner.run(ParentRunner.java:413)
	at org.junit.runner.JUnitCore.run(JUnitCore.java:137)
	at org.junit.runner.JUnitCore.run(JUnitCore.java:115)
	at org.junit.vintage.engine.execution.RunnerExecutor.execute(RunnerExecutor.java:43)
	at java.util.stream.ForEachOps$ForEachOp$OfRef.accept(ForEachOps.java:183)
	at java.util.stream.ReferencePipeline$3$1.accept(ReferencePipeline.java:193)
	at java.util.Iterator.forEachRemaining(Iterator.java:116)
	at java.util.Spliterators$IteratorSpliterator.forEachRemaining(Spliterators.java:1801)
	at java.util.stream.AbstractPipeline.copyInto(AbstractPipeline.java:482)
	at java.util.stream.AbstractPipeline.wrapAndCopyInto(AbstractPipeline.java:472)
	at java.util.stream.ForEachOps$ForEachOp.evaluateSequential(ForEachOps.java:150)
	at java.util.stream.ForEachOps$ForEachOp$OfRef.evaluateSequential(ForEachOps.java:173)
	at java.util.stream.AbstractPipeline.evaluate(AbstractPipeline.java:234)
	at java.util.stream.ReferencePipeline.forEach(ReferencePipeline.java:485)
	at org.junit.vintage.engine.VintageTestEngine.executeAllChildren(VintageTestEngine.java:82)
	at org.junit.vintage.engine.VintageTestEngine.execute(VintageTestEngine.java:73)
	at org.junit.platform.launcher.core.DefaultLauncher.execute(DefaultLauncher.java:248)
	at org.junit.platform.launcher.core.DefaultLauncher.lambda$execute$5(DefaultLauncher.java:211)
	at org.junit.platform.launcher.core.DefaultLauncher.withInterceptedStreams(DefaultLauncher.java:226)
	at org.junit.platform.launcher.core.DefaultLauncher.execute(DefaultLauncher.java:199)
	at org.junit.platform.launcher.core.DefaultLauncher.execute(DefaultLauncher.java:132)
	at org.apache.maven.surefire.junitplatform.JUnitPlatformProvider.invokeAllTests(JUnitPlatformProvider.java:154)
	at org.apache.maven.surefire.junitplatform.JUnitPlatformProvider.invoke(JUnitPlatformProvider.java:123)
	at org.apache.maven.surefire.booter.ForkedBooter.runSuitesInProcess(ForkedBooter.java:377)
	at org.apache.maven.surefire.booter.ForkedBooter.execute(ForkedBooter.java:138)
	at org.apache.maven.surefire.booter.ForkedBooter.run(ForkedBooter.java:465)
	at org.apache.maven.surefire.booter.ForkedBooter.main(ForkedBooter.java:451)
]]></error>
    <system-err><![CDATA[SLF4J: Class path contains multiple SLF4J bindings.
SLF4J: Found binding in [jar:file:/home/alex/.m2/repository/org/apache/logging/log4j/log4j-slf4j-impl/2.13.2/log4j-slf4j-impl-2.13.2.jar!/org/slf4j/impl/StaticLoggerBinder.class]
SLF4J: Found binding in [jar:file:/home/alex/.m2/repository/org/slf4j/slf4j-simple/1.7.27/slf4j-simple-1.7.27.jar!/org/slf4j/impl/StaticLoggerBinder.class]
SLF4J: See http://www.slf4j.org/codes.html#multiple_bindings for an explanation.
SLF4J: Actual binding is of type [org.apache.logging.slf4j.Log4jLoggerFactory]
DEBUG StatusLogger Using ShutdownCallbackRegistry class org.apache.logging.log4j.core.util.DefaultShutdownCallbackRegistry
DEBUG StatusLogger Took 0,076173 seconds to load 250 plugins from sun.misc.Launcher$AppClassLoader@7f31245a
DEBUG StatusLogger PluginManager 'Converter' found 46 plugins
DEBUG StatusLogger Starting OutputStreamManager SYSTEM_OUT.false.false-1
DEBUG StatusLogger Starting LoggerContext[name=7f31245a, org.apache.logging.log4j.core.LoggerContext@76b1e9b8]...
DEBUG StatusLogger Reconfiguration started for context[name=7f31245a] at URI null (org.apache.logging.log4j.core.LoggerContext@76b1e9b8) with optional ClassLoader: null
DEBUG StatusLogger PluginManager 'ConfigurationFactory' found 6 plugins
DEBUG StatusLogger Using configurationFactory org.apache.logging.log4j.core.config.ConfigurationFactory$Factory@7a35b0f5
DEBUG StatusLogger Apache Log4j Core 2.13.2 initializing configuration org.apache.logging.log4j.core.config.properties.PropertiesConfiguration@2a693f59
DEBUG StatusLogger Installed 2 script engines
DEBUG StatusLogger Groovy Scripting Engine version: 2.0, language: Groovy, threading: MULTITHREADED, compile: true, names: [groovy, Groovy], factory class: org.codehaus.groovy.jsr223.GroovyScriptEngineFactory
DEBUG StatusLogger Oracle Nashorn version: 1.8.0_402, language: ECMAScript, threading: Not Thread Safe, compile: true, names: [nashorn, Nashorn, js, JS, JavaScript, javascript, ECMAScript, ecmascript], factory class: jdk.nashorn.api.scripting.NashornScriptEngineFactory
INFO StatusLogger Scanning for classes in '/home/alex/Repositories/hive/common/target/classes/org/apache/hadoop/hive/ql/log' matching criteria annotated with @Plugin
DEBUG StatusLogger Checking to see if class org.apache.hadoop.hive.ql.log.PerfLogger matches criteria annotated with @Plugin
INFO StatusLogger Scanning for classes in '/home/alex/Repositories/hive/ql/target/test-classes/org/apache/hadoop/hive/ql/log' matching criteria annotated with @Plugin
DEBUG StatusLogger Checking to see if class org.apache.hadoop.hive.ql.log.TestSlidingFilenameRolloverStrategy matches criteria annotated with @Plugin
DEBUG StatusLogger Checking to see if class org.apache.hadoop.hive.ql.log.TestSyslogInputFormat matches criteria annotated with @Plugin
DEBUG StatusLogger Checking to see if class org.apache.hadoop.hive.ql.log.TestLog4j2Appenders matches criteria annotated with @Plugin
INFO StatusLogger Scanning for classes in '/home/alex/Repositories/hive/ql/target/classes/org/apache/hadoop/hive/ql/log' matching criteria annotated with @Plugin
DEBUG StatusLogger Checking to see if class org.apache.hadoop.hive.ql.log.PidFilePatternConverter matches criteria annotated with @Plugin
DEBUG StatusLogger Checking to see if class org.apache.hadoop.hive.ql.log.LogDivertAppenderForTest$TestFilter matches criteria annotated with @Plugin
DEBUG StatusLogger Checking to see if class org.apache.hadoop.hive.ql.log.HushableRandomAccessFileAppender matches criteria annotated with @Plugin
DEBUG StatusLogger Checking to see if class org.apache.hadoop.hive.ql.log.LogDivertAppender$NameFilter matches criteria annotated with @Plugin
DEBUG StatusLogger Checking to see if class org.apache.hadoop.hive.ql.log.LogDivertAppenderForTest matches criteria annotated with @Plugin
DEBUG StatusLogger Checking to see if class org.apache.hadoop.hive.ql.log.HiveEventCounter matches criteria annotated with @Plugin
DEBUG StatusLogger Checking to see if class org.apache.hadoop.hive.ql.log.HiveEventCounter$EventCounts matches criteria annotated with @Plugin
DEBUG StatusLogger Checking to see if class org.apache.hadoop.hive.ql.log.SlidingFilenameRolloverStrategy matches criteria annotated with @Plugin
DEBUG StatusLogger Checking to see if class org.apache.hadoop.hive.ql.log.HushableRandomAccessFileAppender$1 matches criteria annotated with @Plugin
DEBUG StatusLogger Checking to see if class org.apache.hadoop.hive.ql.log.SlidingFilenameRolloverStrategy$1 matches criteria annotated with @Plugin
DEBUG StatusLogger Checking to see if class org.apache.hadoop.hive.ql.log.HiveEventCounter$1 matches criteria annotated with @Plugin
DEBUG StatusLogger Checking to see if class org.apache.hadoop.hive.ql.log.LogDivertAppender matches criteria annotated with @Plugin
DEBUG StatusLogger Checking to see if class org.apache.hadoop.hive.ql.log.syslog.SyslogSerDe matches criteria annotated with @Plugin
DEBUG StatusLogger Checking to see if class org.apache.hadoop.hive.ql.log.syslog.SyslogStorageHandler matches criteria annotated with @Plugin
DEBUG StatusLogger Checking to see if class org.apache.hadoop.hive.ql.log.syslog.SyslogInputFormat$Location matches criteria annotated with @Plugin
DEBUG StatusLogger Checking to see if class org.apache.hadoop.hive.ql.log.syslog.SyslogParser matches criteria annotated with @Plugin
DEBUG StatusLogger Checking to see if class org.apache.hadoop.hive.ql.log.syslog.SyslogInputFormat matches criteria annotated with @Plugin
DEBUG StatusLogger Checking to see if class org.apache.hadoop.hive.ql.log.NullAppender matches criteria annotated with @Plugin
DEBUG StatusLogger Took 0,031467 seconds to load 7 plugins from package org.apache.hadoop.hive.ql.log
DEBUG StatusLogger PluginManager 'Core' found 132 plugins
DEBUG StatusLogger PluginManager 'Level' found 0 plugins
DEBUG StatusLogger Building Plugin[name=property, class=org.apache.logging.log4j.core.config.Property].
TRACE StatusLogger TypeConverterRegistry initializing.
DEBUG StatusLogger PluginManager 'TypeConverter' found 26 plugins
DEBUG StatusLogger createProperty(name="hive.log.file", value="hive.log")
DEBUG StatusLogger Building Plugin[name=property, class=org.apache.logging.log4j.core.config.Property].
DEBUG StatusLogger createProperty(name="hive.log.dir", value="/home/alex/Repositories/hive/beeline/target/tmp/log")
DEBUG StatusLogger Building Plugin[name=property, class=org.apache.logging.log4j.core.config.Property].
DEBUG StatusLogger createProperty(name="hive.root.logger", value="DRFA")
DEBUG StatusLogger Building Plugin[name=property, class=org.apache.logging.log4j.core.config.Property].
DEBUG StatusLogger createProperty(name="hive.log.level", value="DEBUG")
DEBUG StatusLogger Building Plugin[name=property, class=org.apache.logging.log4j.core.config.Property].
DEBUG StatusLogger createProperty(name="hive.test.console.log.level", value="INFO")
DEBUG StatusLogger Building Plugin[name=properties, class=org.apache.logging.log4j.core.config.PropertiesPlugin].
DEBUG StatusLogger configureSubstitutor(={hive.log.file=hive.log, hive.log.dir=/home/alex/Repositories/hive/beeline/target/tmp/log, hive.root.logger=DRFA, hive.log.level=DEBUG, hive.test.console.log.level=INFO}, Configuration(HiveLog4j2Test))
DEBUG StatusLogger PluginManager 'Lookup' found 17 plugins
DEBUG StatusLogger Building Plugin[name=logger, class=org.apache.logging.log4j.core.config.LoggerConfig].
DEBUG StatusLogger createLogger(additivity="true", level="WARN", name="org.apache.hadoop.ipc", includeLocation="null", ={}, ={}, Configuration(HiveLog4j2Test), Filter=null)
DEBUG StatusLogger Building Plugin[name=logger, class=org.apache.logging.log4j.core.config.LoggerConfig].
DEBUG StatusLogger createLogger(additivity="true", level="INFO", name="org.apache.hadoop.security", includeLocation="null", ={}, ={}, Configuration(HiveLog4j2Test), Filter=null)
DEBUG StatusLogger Building Plugin[name=logger, class=org.apache.logging.log4j.core.config.LoggerConfig].
DEBUG StatusLogger createLogger(additivity="true", level="INFO", name="org.apache.hadoop.hdfs", includeLocation="null", ={}, ={}, Configuration(HiveLog4j2Test), Filter=null)
DEBUG StatusLogger Building Plugin[name=logger, class=org.apache.logging.log4j.core.config.LoggerConfig].
DEBUG StatusLogger createLogger(additivity="true", level="WARN", name="org.apache.hadoop.hdfs.server", includeLocation="null", ={}, ={}, Configuration(HiveLog4j2Test), Filter=null)
DEBUG StatusLogger Building Plugin[name=logger, class=org.apache.logging.log4j.core.config.LoggerConfig].
DEBUG StatusLogger createLogger(additivity="true", level="INFO", name="org.apache.hadoop.metrics2", includeLocation="null", ={}, ={}, Configuration(HiveLog4j2Test), Filter=null)
DEBUG StatusLogger Building Plugin[name=logger, class=org.apache.logging.log4j.core.config.LoggerConfig].
DEBUG StatusLogger createLogger(additivity="true", level="INFO", name="org.mortbay", includeLocation="null", ={}, ={}, Configuration(HiveLog4j2Test), Filter=null)
DEBUG StatusLogger Building Plugin[name=logger, class=org.apache.logging.log4j.core.config.LoggerConfig].
DEBUG StatusLogger createLogger(additivity="true", level="INFO", name="org.apache.hadoop.yarn", includeLocation="null", ={}, ={}, Configuration(HiveLog4j2Test), Filter=null)
DEBUG StatusLogger Building Plugin[name=logger, class=org.apache.logging.log4j.core.config.LoggerConfig].
DEBUG StatusLogger createLogger(additivity="true", level="WARN", name="org.apache.hadoop.yarn.server", includeLocation="null", ={}, ={}, Configuration(HiveLog4j2Test), Filter=null)
DEBUG StatusLogger Building Plugin[name=logger, class=org.apache.logging.log4j.core.config.LoggerConfig].
DEBUG StatusLogger createLogger(additivity="true", level="INFO", name="org.apache.tez", includeLocation="null", ={}, ={}, Configuration(HiveLog4j2Test), Filter=null)
DEBUG StatusLogger Building Plugin[name=logger, class=org.apache.logging.log4j.core.config.LoggerConfig].
DEBUG StatusLogger createLogger(additivity="true", level="ERROR", name="org.apache.hadoop.conf.Configuration", includeLocation="null", ={}, ={}, Configuration(HiveLog4j2Test), Filter=null)
DEBUG StatusLogger Building Plugin[name=logger, class=org.apache.logging.log4j.core.config.LoggerConfig].
DEBUG StatusLogger createLogger(additivity="true", level="INFO", name="org.apache.zookeeper", includeLocation="null", ={}, ={}, Configuration(HiveLog4j2Test), Filter=null)
DEBUG StatusLogger Building Plugin[name=logger, class=org.apache.logging.log4j.core.config.LoggerConfig].
DEBUG StatusLogger createLogger(additivity="true", level="WARN", name="org.apache.zookeeper.server.ServerCnxn", includeLocation="null", ={}, ={}, Configuration(HiveLog4j2Test), Filter=null)
DEBUG StatusLogger Building Plugin[name=logger, class=org.apache.logging.log4j.core.config.LoggerConfig].
DEBUG StatusLogger createLogger(additivity="true", level="WARN", name="org.apache.zookeeper.server.NIOServerCnxn", includeLocation="null", ={}, ={}, Configuration(HiveLog4j2Test), Filter=null)
DEBUG StatusLogger Building Plugin[name=logger, class=org.apache.logging.log4j.core.config.LoggerConfig].
DEBUG StatusLogger createLogger(additivity="true", level="WARN", name="org.apache.zookeeper.ClientCnxn", includeLocation="null", ={}, ={}, Configuration(HiveLog4j2Test), Filter=null)
DEBUG StatusLogger Building Plugin[name=logger, class=org.apache.logging.log4j.core.config.LoggerConfig].
DEBUG StatusLogger createLogger(additivity="true", level="WARN", name="org.apache.zookeeper.ClientCnxnSocket", includeLocation="null", ={}, ={}, Configuration(HiveLog4j2Test), Filter=null)
DEBUG StatusLogger Building Plugin[name=logger, class=org.apache.logging.log4j.core.config.LoggerConfig].
DEBUG StatusLogger createLogger(additivity="true", level="WARN", name="org.apache.zookeeper.ClientCnxnSocketNIO", includeLocation="null", ={}, ={}, Configuration(HiveLog4j2Test), Filter=null)
DEBUG StatusLogger Building Plugin[name=logger, class=org.apache.logging.log4j.core.config.LoggerConfig].
DEBUG StatusLogger createLogger(additivity="true", level="ERROR", name="DataNucleus", includeLocation="null", ={}, ={}, Configuration(HiveLog4j2Test), Filter=null)
DEBUG StatusLogger Building Plugin[name=logger, class=org.apache.logging.log4j.core.config.LoggerConfig].
DEBUG StatusLogger createLogger(additivity="true", level="ERROR", name="Datastore", includeLocation="null", ={}, ={}, Configuration(HiveLog4j2Test), Filter=null)
DEBUG StatusLogger Building Plugin[name=logger, class=org.apache.logging.log4j.core.config.LoggerConfig].
DEBUG StatusLogger createLogger(additivity="true", level="ERROR", name="JPOX", includeLocation="null", ={}, ={}, Configuration(HiveLog4j2Test), Filter=null)
DEBUG StatusLogger Building Plugin[name=logger, class=org.apache.logging.log4j.core.config.LoggerConfig].
DEBUG StatusLogger createLogger(additivity="true", level="INFO", name="org.apache.hadoop.hive.ql.exec.Operator", includeLocation="null", ={}, ={}, Configuration(HiveLog4j2Test), Filter=null)
DEBUG StatusLogger Building Plugin[name=logger, class=org.apache.logging.log4j.core.config.LoggerConfig].
DEBUG StatusLogger createLogger(additivity="true", level="INFO", name="org.apache.hadoop.hive.serde2.lazy", includeLocation="null", ={}, ={}, Configuration(HiveLog4j2Test), Filter=null)
DEBUG StatusLogger Building Plugin[name=logger, class=org.apache.logging.log4j.core.config.LoggerConfig].
DEBUG StatusLogger createLogger(additivity="true", level="INFO", name="org.apache.hadoop.hive.metastore.ObjectStore", includeLocation="null", ={}, ={}, Configuration(HiveLog4j2Test), Filter=null)
DEBUG StatusLogger Building Plugin[name=logger, class=org.apache.logging.log4j.core.config.LoggerConfig].
DEBUG StatusLogger createLogger(additivity="true", level="INFO", name="org.apache.calcite.plan.RelOptPlanner", includeLocation="null", ={}, ={}, Configuration(HiveLog4j2Test), Filter=null)
DEBUG StatusLogger Building Plugin[name=logger, class=org.apache.logging.log4j.core.config.LoggerConfig].
DEBUG StatusLogger createLogger(additivity="true", level="INFO", name="com.amazonaws", includeLocation="null", ={}, ={}, Configuration(HiveLog4j2Test), Filter=null)
DEBUG StatusLogger Building Plugin[name=logger, class=org.apache.logging.log4j.core.config.LoggerConfig].
DEBUG StatusLogger createLogger(additivity="true", level="INFO", name="org.apache.http", includeLocation="null", ={}, ={}, Configuration(HiveLog4j2Test), Filter=null)
DEBUG StatusLogger Building Plugin[name=logger, class=org.apache.logging.log4j.core.config.LoggerConfig].
DEBUG StatusLogger createLogger(additivity="true", level="WARN", name="org.apache.thrift", includeLocation="null", ={}, ={}, Configuration(HiveLog4j2Test), Filter=null)
DEBUG StatusLogger Building Plugin[name=logger, class=org.apache.logging.log4j.core.config.LoggerConfig].
DEBUG StatusLogger createLogger(additivity="true", level="WARN", name="org.eclipse.jetty", includeLocation="null", ={}, ={}, Configuration(HiveLog4j2Test), Filter=null)
DEBUG StatusLogger Building Plugin[name=logger, class=org.apache.logging.log4j.core.config.LoggerConfig].
DEBUG StatusLogger createLogger(additivity="true", level="WARN", name="BlockStateChange", includeLocation="null", ={}, ={}, Configuration(HiveLog4j2Test), Filter=null)
DEBUG StatusLogger Building Plugin[name=logger, class=org.apache.logging.log4j.core.config.LoggerConfig].
DEBUG StatusLogger createLogger(additivity="true", level="DEBUG", name="org.apache.hadoop.hive.ql.optimizer.SharedWorkOptimizer", includeLocation="null", ={}, ={}, Configuration(HiveLog4j2Test), Filter=null)
DEBUG StatusLogger Building Plugin[name=AppenderRef, class=org.apache.logging.log4j.core.config.AppenderRef].
DEBUG StatusLogger createAppenderRef(ref="console", level="INFO", Filter=null)
DEBUG StatusLogger Building Plugin[name=AppenderRef, class=org.apache.logging.log4j.core.config.AppenderRef].
DEBUG StatusLogger createAppenderRef(ref="DRFA", level="null", Filter=null)
DEBUG StatusLogger Building Plugin[name=root, class=org.apache.logging.log4j.core.config.LoggerConfig$RootLogger].
DEBUG StatusLogger createLogger(additivity="null", level="DEBUG", includeLocation="null", ={console, DRFA}, ={}, Configuration(HiveLog4j2Test), Filter=null)
DEBUG StatusLogger Building Plugin[name=loggers, class=org.apache.logging.log4j.core.config.LoggersPlugin].
DEBUG StatusLogger createLoggers(={org.apache.hadoop.ipc, org.apache.hadoop.security, org.apache.hadoop.hdfs, org.apache.hadoop.hdfs.server, org.apache.hadoop.metrics2, org.mortbay, org.apache.hadoop.yarn, org.apache.hadoop.yarn.server, org.apache.tez, org.apache.hadoop.conf.Configuration, org.apache.zookeeper, org.apache.zookeeper.server.ServerCnxn, org.apache.zookeeper.server.NIOServerCnxn, org.apache.zookeeper.ClientCnxn, org.apache.zookeeper.ClientCnxnSocket, org.apache.zookeeper.ClientCnxnSocketNIO, DataNucleus, Datastore, JPOX, org.apache.hadoop.hive.ql.exec.Operator, org.apache.hadoop.hive.serde2.lazy, org.apache.hadoop.hive.metastore.ObjectStore, org.apache.calcite.plan.RelOptPlanner, com.amazonaws, org.apache.http, org.apache.thrift, org.eclipse.jetty, BlockStateChange, org.apache.hadoop.hive.ql.optimizer.SharedWorkOptimizer, root})
DEBUG StatusLogger Building Plugin[name=layout, class=org.apache.logging.log4j.core.layout.PatternLayout].
DEBUG StatusLogger PatternLayout$Builder(pattern="%d{ISO8601} %5p [%t] %c{2}: %m%n", PatternSelector=null, Configuration(HiveLog4j2Test), Replace=null, charset="null", alwaysWriteExceptions="null", disableAnsi="null", noConsoleNoAnsi="null", header="null", footer="null")
DEBUG StatusLogger PluginManager 'Converter' found 46 plugins
DEBUG StatusLogger Building Plugin[name=appender, class=org.apache.logging.log4j.core.appender.ConsoleAppender].
DEBUG StatusLogger ConsoleAppender$Builder(target="SYSTEM_ERR", follow="null", direct="null", bufferedIo="null", bufferSize="null", immediateFlush="null", ignoreExceptions="null", PatternLayout(%d{ISO8601} %5p [%t] %c{2}: %m%n), name="console", Configuration(HiveLog4j2Test), Filter=null, ={})
DEBUG StatusLogger Starting OutputStreamManager SYSTEM_ERR.false.false
DEBUG StatusLogger Building Plugin[name=layout, class=org.apache.logging.log4j.core.layout.PatternLayout].
DEBUG StatusLogger PatternLayout$Builder(pattern="%d{ISO8601} %5p [%t] %c{2}: %m%n", PatternSelector=null, Configuration(HiveLog4j2Test), Replace=null, charset="null", alwaysWriteExceptions="null", disableAnsi="null", noConsoleNoAnsi="null", header="null", footer="null")
DEBUG StatusLogger Building Plugin[name=TimeBasedTriggeringPolicy, class=org.apache.logging.log4j.core.appender.rolling.TimeBasedTriggeringPolicy].
DEBUG StatusLogger TimeBasedTriggeringPolicy$Builder(interval="1", modulate="true", maxRandomDelay="null")
DEBUG StatusLogger Building Plugin[name=Policies, class=org.apache.logging.log4j.core.appender.rolling.CompositeTriggeringPolicy].
DEBUG StatusLogger createPolicy(={TimeBasedTriggeringPolicy(nextRolloverMillis=0, interval=1, modulate=true)})
DEBUG StatusLogger Building Plugin[name=DefaultRolloverStrategy, class=org.apache.logging.log4j.core.appender.rolling.DefaultRolloverStrategy].
DEBUG StatusLogger DefaultRolloverStrategy$Builder(max="30", min="null", fileIndex="null", compressionLevel="null", ={}, stopCustomActionsOnError="null", tempCompressedFilePattern="null", Configuration(HiveLog4j2Test))
DEBUG StatusLogger Building Plugin[name=appender, class=org.apache.logging.log4j.core.appender.RollingRandomAccessFileAppender].
DEBUG StatusLogger RollingRandomAccessFileAppender$Builder(fileName="/home/alex/Repositories/hive/beeline/target/tmp/log/hive.log", filePattern="/home/alex/Repositories/hive/beeline/target/tmp/log/hive.log.%d{yyyy-MM-dd}", append="null", Policies(CompositeTriggeringPolicy(policies=[TimeBasedTriggeringPolicy(nextRolloverMillis=0, interval=1, modulate=true)])), DefaultRolloverStrategy(DefaultRolloverStrategy(min=1, max=30, useMax=true)), advertise="null", advertiseURI="null", filePermissions="null", fileOwner="null", fileGroup="null", bufferedIo="null", bufferSize="null", immediateFlush="null", ignoreExceptions="null", PatternLayout(%d{ISO8601} %5p [%t] %c{2}: %m%n), name="DRFA", Configuration(HiveLog4j2Test), Filter=null, ={})
TRACE StatusLogger RandomAccessFile /home/alex/Repositories/hive/beeline/target/tmp/log/hive.log seek to 0
DEBUG StatusLogger Starting RollingRandomAccessFileManager /home/alex/Repositories/hive/beeline/target/tmp/log/hive.log
DEBUG StatusLogger PluginManager 'FileConverter' found 3 plugins
DEBUG StatusLogger Setting prev file time to 2024-05-01T09:23:35.622-0700
DEBUG StatusLogger Initializing triggering policy CompositeTriggeringPolicy(policies=[TimeBasedTriggeringPolicy(nextRolloverMillis=0, interval=1, modulate=true)])
DEBUG StatusLogger Initializing triggering policy TimeBasedTriggeringPolicy(nextRolloverMillis=0, interval=1, modulate=true)
TRACE StatusLogger PatternProcessor.getNextTime returning 2024/05/02-00:00:00.000, nextFileTime=2024/05/01-00:00:00.000, prevFileTime=1969/12/31-16:00:00.000, current=2024/05/01-09:23:35.630, freq=DAILY
TRACE StatusLogger PatternProcessor.getNextTime returning 2024/05/02-00:00:00.000, nextFileTime=2024/05/01-00:00:00.000, prevFileTime=2024/05/01-00:00:00.000, current=2024/05/01-09:23:35.631, freq=DAILY
DEBUG StatusLogger Building Plugin[name=appenders, class=org.apache.logging.log4j.core.config.AppendersPlugin].
DEBUG StatusLogger createAppenders(={console, DRFA})
DEBUG StatusLogger Configuration org.apache.logging.log4j.core.config.properties.PropertiesConfiguration@2a693f59 initialized
DEBUG StatusLogger Starting configuration org.apache.logging.log4j.core.config.properties.PropertiesConfiguration@2a693f59
DEBUG StatusLogger Started configuration org.apache.logging.log4j.core.config.properties.PropertiesConfiguration@2a693f59 OK.
TRACE StatusLogger Stopping org.apache.logging.log4j.core.config.DefaultConfiguration@65e98b1c...
TRACE StatusLogger DefaultConfiguration notified 1 ReliabilityStrategies that config will be stopped.
TRACE StatusLogger DefaultConfiguration stopping root LoggerConfig.
TRACE StatusLogger DefaultConfiguration notifying ReliabilityStrategies that appenders will be stopped.
TRACE StatusLogger DefaultConfiguration stopping remaining Appenders.
DEBUG StatusLogger Shutting down OutputStreamManager SYSTEM_OUT.false.false-1
DEBUG StatusLogger OutputStream closed
DEBUG StatusLogger Shut down OutputStreamManager SYSTEM_OUT.false.false-1, all resources released: true
DEBUG StatusLogger Appender DefaultConsole-1 stopped with status true
TRACE StatusLogger DefaultConfiguration stopped 1 remaining Appenders.
TRACE StatusLogger DefaultConfiguration cleaning Appenders from 1 LoggerConfigs.
DEBUG StatusLogger Stopped org.apache.logging.log4j.core.config.DefaultConfiguration@65e98b1c OK
TRACE StatusLogger Reregistering MBeans after reconfigure. Selector=org.apache.logging.log4j.core.selector.ClassLoaderContextSelector@4af0df05
TRACE StatusLogger Reregistering context (1/1): '7f31245a' org.apache.logging.log4j.core.LoggerContext@76b1e9b8
TRACE StatusLogger Unregistering but no MBeans found matching 'org.apache.logging.log4j2:type=7f31245a'
TRACE StatusLogger Unregistering but no MBeans found matching 'org.apache.logging.log4j2:type=7f31245a,component=StatusLogger'
TRACE StatusLogger Unregistering but no MBeans found matching 'org.apache.logging.log4j2:type=7f31245a,component=ContextSelector'
TRACE StatusLogger Unregistering but no MBeans found matching 'org.apache.logging.log4j2:type=7f31245a,component=Loggers,name=*'
TRACE StatusLogger Unregistering but no MBeans found matching 'org.apache.logging.log4j2:type=7f31245a,component=Appenders,name=*'
TRACE StatusLogger Unregistering but no MBeans found matching 'org.apache.logging.log4j2:type=7f31245a,component=AsyncAppenders,name=*'
TRACE StatusLogger Unregistering but no MBeans found matching 'org.apache.logging.log4j2:type=7f31245a,component=AsyncLoggerRingBuffer'
TRACE StatusLogger Unregistering but no MBeans found matching 'org.apache.logging.log4j2:type=7f31245a,component=Loggers,name=*,subtype=RingBuffer'
DEBUG StatusLogger Registering MBean org.apache.logging.log4j2:type=7f31245a
DEBUG StatusLogger Registering MBean org.apache.logging.log4j2:type=7f31245a,component=StatusLogger
DEBUG StatusLogger Registering MBean org.apache.logging.log4j2:type=7f31245a,component=ContextSelector
DEBUG StatusLogger Registering MBean org.apache.logging.log4j2:type=7f31245a,component=Loggers,name=
DEBUG StatusLogger Registering MBean org.apache.logging.log4j2:type=7f31245a,component=Loggers,name=org.apache.tez
DEBUG StatusLogger Registering MBean org.apache.logging.log4j2:type=7f31245a,component=Loggers,name=com.amazonaws
DEBUG StatusLogger Registering MBean org.apache.logging.log4j2:type=7f31245a,component=Loggers,name=org.apache.thrift
DEBUG StatusLogger Registering MBean org.apache.logging.log4j2:type=7f31245a,component=Loggers,name=org.eclipse.jetty
DEBUG StatusLogger Registering MBean org.apache.logging.log4j2:type=7f31245a,component=Loggers,name=BlockStateChange
DEBUG StatusLogger Registering MBean org.apache.logging.log4j2:type=7f31245a,component=Loggers,name=org.apache.hadoop.metrics2
DEBUG StatusLogger Registering MBean org.apache.logging.log4j2:type=7f31245a,component=Loggers,name=org.apache.zookeeper.ClientCnxn
DEBUG StatusLogger Registering MBean org.apache.logging.log4j2:type=7f31245a,component=Loggers,name=org.apache.zookeeper
DEBUG StatusLogger Registering MBean org.apache.logging.log4j2:type=7f31245a,component=Loggers,name=org.apache.hadoop.security
DEBUG StatusLogger Registering MBean org.apache.logging.log4j2:type=7f31245a,component=Loggers,name=JPOX
DEBUG StatusLogger Registering MBean org.apache.logging.log4j2:type=7f31245a,component=Loggers,name=org.apache.hadoop.hive.ql.optimizer.SharedWorkOptimizer
DEBUG StatusLogger Registering MBean org.apache.logging.log4j2:type=7f31245a,component=Loggers,name=org.apache.hadoop.yarn.server
DEBUG StatusLogger Registering MBean org.apache.logging.log4j2:type=7f31245a,component=Loggers,name=org.apache.hadoop.conf.Configuration
DEBUG StatusLogger Registering MBean org.apache.logging.log4j2:type=7f31245a,component=Loggers,name=org.apache.hadoop.yarn
DEBUG StatusLogger Registering MBean org.apache.logging.log4j2:type=7f31245a,component=Loggers,name=org.apache.zookeeper.ClientCnxnSocketNIO
DEBUG StatusLogger Registering MBean org.apache.logging.log4j2:type=7f31245a,component=Loggers,name=org.apache.zookeeper.server.ServerCnxn
DEBUG StatusLogger Registering MBean org.apache.logging.log4j2:type=7f31245a,component=Loggers,name=org.apache.hadoop.hdfs
DEBUG StatusLogger Registering MBean org.apache.logging.log4j2:type=7f31245a,component=Loggers,name=org.apache.hadoop.hdfs.server
DEBUG StatusLogger Registering MBean org.apache.logging.log4j2:type=7f31245a,component=Loggers,name=org.apache.hadoop.hive.serde2.lazy
DEBUG StatusLogger Registering MBean org.apache.logging.log4j2:type=7f31245a,component=Loggers,name=org.apache.zookeeper.ClientCnxnSocket
DEBUG StatusLogger Registering MBean org.apache.logging.log4j2:type=7f31245a,component=Loggers,name=org.mortbay
DEBUG StatusLogger Registering MBean org.apache.logging.log4j2:type=7f31245a,component=Loggers,name=org.apache.http
DEBUG StatusLogger Registering MBean org.apache.logging.log4j2:type=7f31245a,component=Loggers,name=org.apache.hadoop.hive.ql.exec.Operator
DEBUG StatusLogger Registering MBean org.apache.logging.log4j2:type=7f31245a,component=Loggers,name=DataNucleus
DEBUG StatusLogger Registering MBean org.apache.logging.log4j2:type=7f31245a,component=Loggers,name=Datastore
DEBUG StatusLogger Registering MBean org.apache.logging.log4j2:type=7f31245a,component=Loggers,name=org.apache.hadoop.hive.metastore.ObjectStore
DEBUG StatusLogger Registering MBean org.apache.logging.log4j2:type=7f31245a,component=Loggers,name=org.apache.hadoop.ipc
DEBUG StatusLogger Registering MBean org.apache.logging.log4j2:type=7f31245a,component=Loggers,name=org.apache.zookeeper.server.NIOServerCnxn
DEBUG StatusLogger Registering MBean org.apache.logging.log4j2:type=7f31245a,component=Loggers,name=org.apache.calcite.plan.RelOptPlanner
DEBUG StatusLogger Registering MBean org.apache.logging.log4j2:type=7f31245a,component=Appenders,name=console
DEBUG StatusLogger Registering MBean org.apache.logging.log4j2:type=7f31245a,component=Appenders,name=DRFA
TRACE StatusLogger Using default SystemClock for timestamps.
DEBUG StatusLogger org.apache.logging.log4j.core.util.SystemClock does not support precise timestamps.
TRACE StatusLogger Using DummyNanoClock for nanosecond timestamps.
DEBUG StatusLogger Reconfiguration complete for context[name=7f31245a] at URI /home/alex/Repositories/hive/beeline/target/testconf/hive-log4j2.properties (org.apache.logging.log4j.core.LoggerContext@76b1e9b8) with optional ClassLoader: null
DEBUG StatusLogger Shutdown hook enabled. Registering a new one.
DEBUG StatusLogger LoggerContext[name=7f31245a, org.apache.logging.log4j.core.LoggerContext@76b1e9b8] started OK.
2024-05-01T09:23:35,742  INFO [main] conf.HiveConf: Found configuration file file:/home/alex/Repositories/hive/beeline/target/test-classes/hive-site.xml
DEBUG StatusLogger AsyncLogger.ThreadNameStrategy=UNCACHED (user specified null, default is UNCACHED)
TRACE StatusLogger Using default SystemClock for timestamps.
DEBUG StatusLogger org.apache.logging.log4j.core.util.SystemClock does not support precise timestamps.
2024-05-01T09:23:36,201  WARN [main] util.NativeCodeLoader: Unable to load native-hadoop library for your platform... using builtin-java classes where applicable
2024-05-01T09:23:36,257  WARN [main] conf.HiveConf: HiveConf of name hive.dummyparam.test.server.specific.config.override does not exist
2024-05-01T09:23:36,259  WARN [main] conf.HiveConf: HiveConf of name hive.dummyparam.test.server.specific.config.metastoresite does not exist
Connecting to jdbc:hive2://
2024-05-01T09:23:36,650  WARN [main] conf.HiveConf: HiveConf of name hive.dummyparam.test.server.specific.config.override does not exist
2024-05-01T09:23:36,650  WARN [main] conf.HiveConf: HiveConf of name hive.dummyparam.test.server.specific.config.hiveserver2site does not exist
2024-05-01T09:23:36,651  WARN [main] conf.HiveConf: HiveConf of name hive.dummyparam.test.server.specific.config.metastoresite does not exist
Hive Session ID = a09a8184-62a8-46dd-aa99-9d6849dbf14c
2024-05-01T09:23:36,693  INFO [main] SessionState: Hive Session ID = a09a8184-62a8-46dd-aa99-9d6849dbf14c
ivysettings.xml file not found in HIVE_HOME or HIVE_CONF_DIR,/home/alex/Repositories/hive/conf/ivysettings.xml will be used
2024-05-01T09:23:36,708  INFO [main] DependencyResolver: ivysettings.xml file not found in HIVE_HOME or HIVE_CONF_DIR,/home/alex/Repositories/hive/conf/ivysettings.xml will be used
2024-05-01T09:23:37,042  INFO [main] session.SessionState: Created local directory: /home/alex/Repositories/hive/beeline/target/tmp/alex
2024-05-01T09:23:37,045  INFO [main] session.SessionState: Created HDFS directory: /tmp/hive/alex/a09a8184-62a8-46dd-aa99-9d6849dbf14c
2024-05-01T09:23:37,048  INFO [main] session.SessionState: Created local directory: /home/alex/Repositories/hive/beeline/target/tmp/alex/a09a8184-62a8-46dd-aa99-9d6849dbf14c
2024-05-01T09:23:37,051  INFO [main] session.SessionState: Created HDFS directory: /tmp/hive/alex/a09a8184-62a8-46dd-aa99-9d6849dbf14c/_tmp_space.db
2024-05-01T09:23:37,076  INFO [main] sqlstd.SQLStdHiveAccessController: Created SQLStdHiveAccessController for session context : HiveAuthzSessionContext [sessionString=a09a8184-62a8-46dd-aa99-9d6849dbf14c, clientType=HIVESERVER2]
2024-05-01T09:23:37,186  INFO [main] metastore.HiveMetaStoreClient: HMS client filtering is enabled.
2024-05-01T09:23:37,394  INFO [main] metastore.HMSHandler: 0: Opening raw store with implementation class:org.apache.hadoop.hive.metastore.ObjectStore
2024-05-01T09:23:37,445  INFO [main] metastore.PersistenceManagerProvider: Configuration datanucleus.autoStartMechanismMode is not set. Defaulting to 'ignored'
2024-05-01T09:23:37,456  INFO [main] metastore.PersistenceManagerProvider: Updating the pmf due to property change
2024-05-01T09:23:37,456  INFO [main] metastore.PersistenceManagerProvider: Current pmf properties are uninitialized
2024-05-01T09:23:37,480  WARN [main] hikari.HikariConfig: HikariPool-1 - leakDetectionThreshold is less than 2000ms or more than maxLifetime, disabling it.
2024-05-01T09:23:37,485  INFO [main] hikari.HikariDataSource: HikariPool-1 - Starting...
2024-05-01T09:23:38,311  INFO [main] pool.PoolBase: HikariPool-1 - Driver does not support get/set network timeout for connections. (Feature not implemented: No details.)
2024-05-01T09:23:38,315  INFO [main] hikari.HikariDataSource: HikariPool-1 - Start completed.
2024-05-01T09:23:38,986  INFO [main] metastore.PersistenceManagerProvider: Setting MetaStore object pin classes with hive.metastore.cache.pinobjtypes="Table,StorageDescriptor,SerDeInfo,Partition,Database,Type,FieldSchema,Order"
2024-05-01T09:23:38,986  INFO [main] metastore.ObjectStore: RawStore: org.apache.hadoop.hive.metastore.ObjectStore@76ad6715, with PersistenceManager: null will be shutdown
2024-05-01T09:23:39,011  INFO [main] metastore.ObjectStore: RawStore: org.apache.hadoop.hive.metastore.ObjectStore@76ad6715, with PersistenceManager: org.datanucleus.api.jdo.JDOPersistenceManager@34780cd9 created in the thread with id: 1
2024-05-01T09:23:42,436  WARN [main] metastore.ObjectStore: Version information not found in metastore. metastore.schema.verification is not enabled so recording the schema version 4.0.0
2024-05-01T09:23:42,437  WARN [main] metastore.ObjectStore: setMetaStoreSchemaVersion called but recording version is disabled: version = 4.0.0, comment = Set by MetaStore alex@127.0.1.1
2024-05-01T09:23:42,437  INFO [main] metastore.HMSHandler: Created RawStore: org.apache.hadoop.hive.metastore.ObjectStore@76ad6715 from thread id: 1
2024-05-01T09:23:42,600  INFO [main] metastore.HMSHandler: Started creating a default database with name: default
2024-05-01T09:23:42,641  INFO [main] metastore.HMSHandler: Successfully created a default database with name: default
2024-05-01T09:23:42,696  INFO [main] metastore.HMSHandler: Added admin role in metastore
2024-05-01T09:23:42,699  INFO [main] metastore.HMSHandler: Added public role in metastore
2024-05-01T09:23:42,764  INFO [main] metastore.HMSHandler: No user is added in admin role, since config is empty
2024-05-01T09:23:42,770  INFO [main] metastore.HMSHandler: Scheduling for org.apache.hadoop.hive.metastore.events.EventCleanerTask service with frequency 0ms.
2024-05-01T09:23:42,770  INFO [main] metastore.HMSHandler: Scheduling for org.apache.hadoop.hive.metastore.RuntimeStatsCleanerTask service with frequency 3600000ms.
2024-05-01T09:23:42,773  INFO [main] metastore.HMSHandler: Scheduling for org.apache.hadoop.hive.metastore.HiveProtoEventsCleanerTask service with frequency 86400000ms.
2024-05-01T09:23:42,797  WARN [main] hikari.HikariConfig: HikariPool-2 - leakDetectionThreshold is less than 2000ms or more than maxLifetime, disabling it.
2024-05-01T09:23:42,801  INFO [main] hikari.HikariDataSource: HikariPool-2 - Starting...
2024-05-01T09:23:42,803  INFO [main] pool.PoolBase: HikariPool-2 - Driver does not support get/set network timeout for connections. (Feature not implemented: No details.)
2024-05-01T09:23:42,804  INFO [main] hikari.HikariDataSource: HikariPool-2 - Start completed.
2024-05-01T09:23:42,806  WARN [main] hikari.HikariConfig: HikariPool-3 - leakDetectionThreshold is less than 2000ms or more than maxLifetime, disabling it.
2024-05-01T09:23:42,808  INFO [main] hikari.HikariDataSource: HikariPool-3 - Starting...
2024-05-01T09:23:42,810  INFO [main] pool.PoolBase: HikariPool-3 - Driver does not support get/set network timeout for connections. (Feature not implemented: No details.)
2024-05-01T09:23:42,811  INFO [main] hikari.HikariDataSource: HikariPool-3 - Start completed.
2024-05-01T09:23:42,818  INFO [main] metastore.HMSHandler: Scheduling for org.apache.hadoop.hive.metastore.metrics.AcidMetricService service with frequency 300000ms.
2024-05-01T09:23:42,819  INFO [main] metastore.HMSHandler: Scheduling for org.apache.hadoop.hive.metastore.ReplicationMetricsMaintTask service with frequency 86400000ms.
2024-05-01T09:23:42,820  INFO [main] metastore.HMSHandler: Scheduling for org.apache.hadoop.hive.metastore.ScheduledQueryExecutionsMaintTask service with frequency 60000ms.
2024-05-01T09:23:42,823  INFO [main] metastore.HMSHandler: HMS server filtering is disabled by configuration
2024-05-01T09:23:42,970  INFO [main] metastore.RetryingMetaStoreClient: RetryingMetaStoreClient proxy=class org.apache.hadoop.hive.ql.metadata.SessionHiveMetaStoreClient ugi=alex (auth:SIMPLE) retries=1 delay=1 lifetime=0
2024-05-01T09:23:43,873  WARN [main] exec.FunctionRegistry: UDF Class org.apache.datasketches.hive.cpc.UnionSketchUDF does not have description. Please annotate the class with the org.apache.hadoop.hive.ql.exec.Description annotation and provide the description of the function.
2024-05-01T09:23:43,877  WARN [main] exec.FunctionRegistry: UDF Class org.apache.datasketches.hive.hll.UnionSketchUDF does not have description. Please annotate the class with the org.apache.hadoop.hive.ql.exec.Description annotation and provide the description of the function.
2024-05-01T09:23:43,882  WARN [main] exec.FunctionRegistry: UDF Class org.apache.datasketches.hive.theta.IntersectSketchUDF does not have description. Please annotate the class with the org.apache.hadoop.hive.ql.exec.Description annotation and provide the description of the function.
2024-05-01T09:23:43,883  WARN [main] exec.FunctionRegistry: UDF Class org.apache.datasketches.hive.theta.EstimateSketchUDF does not have description. Please annotate the class with the org.apache.hadoop.hive.ql.exec.Description annotation and provide the description of the function.
2024-05-01T09:23:43,883  WARN [main] exec.FunctionRegistry: UDF Class org.apache.datasketches.hive.theta.ExcludeSketchUDF does not have description. Please annotate the class with the org.apache.hadoop.hive.ql.exec.Description annotation and provide the description of the function.
2024-05-01T09:23:43,885  WARN [main] exec.FunctionRegistry: UDF Class org.apache.datasketches.hive.theta.UnionSketchUDF does not have description. Please annotate the class with the org.apache.hadoop.hive.ql.exec.Description annotation and provide the description of the function.
2024-05-01T09:23:43,885  WARN [main] exec.FunctionRegistry: UDF Class org.apache.datasketches.hive.tuple.ArrayOfDoublesSketchToValuesUDTF does not have description. Please annotate the class with the org.apache.hadoop.hive.ql.exec.Description annotation and provide the description of the function.
2024-05-01T09:23:43,977  INFO [main] service.CompositeService: Operation log root directory is created: /home/alex/Repositories/hive/beeline/target/tmp/alex/operation_logs
2024-05-01T09:23:43,979  INFO [main] service.CompositeService: HiveServer2: Background operation thread pool size: 100
2024-05-01T09:23:43,980  INFO [main] service.CompositeService: HiveServer2: Background operation thread wait queue size: 100
2024-05-01T09:23:43,980  INFO [main] service.CompositeService: HiveServer2: Background operation thread keepalive time: 10 seconds
2024-05-01T09:23:43,982  INFO [main] service.CompositeService: Connections limit are user: 0 ipaddress: 0 user-ipaddress: 0
2024-05-01T09:23:43,986  INFO [main] cleanup.EventualCleanupService: EventualCleanupService started with 10 threads and queue of size 10000
2024-05-01T09:23:43,994  INFO [main] service.AbstractService: Service:OperationManager is inited.
DEBUG StatusLogger Building Plugin[name=appender, class=org.apache.hadoop.hive.ql.log.NullAppender].
DEBUG StatusLogger createNullAppender()
DEBUG StatusLogger PluginManager 'Converter' found 46 plugins
DEBUG StatusLogger Starting OutputStreamManager SYSTEM_OUT.false.false-2
DEBUG StatusLogger Log4j2 ConfigurationScheduler starting 2 threads
DEBUG StatusLogger Building Plugin[name=appender, class=org.apache.hadoop.hive.ql.log.NullAppender].
DEBUG StatusLogger createNullAppender()
DEBUG StatusLogger PluginManager 'Converter' found 46 plugins
DEBUG StatusLogger Starting OutputStreamManager SYSTEM_OUT.false.false-3
2024-05-01T09:23:44,010  INFO [main] service.AbstractService: Service:SessionManager is inited.
2024-05-01T09:23:44,010  INFO [main] service.AbstractService: Service:CLIService is inited.
2024-05-01T09:23:44,010  INFO [main] service.AbstractService: Service:OperationManager is started.
2024-05-01T09:23:44,011  INFO [main] service.AbstractService: Service:SessionManager is started.
2024-05-01T09:23:44,012  INFO [main] service.AbstractService: Service:CLIService is started.
2024-05-01T09:23:44,013  INFO [main] service.AbstractService: Service:ThriftBinaryCLIService is inited.
2024-05-01T09:23:44,016  INFO [main] thrift.ThriftCLIService: Client protocol version: HIVE_CLI_SERVICE_PROTOCOL_V10
2024-05-01T09:23:44,022  INFO [main] thrift.ThriftCLIService: Creating Hive session handle for user [null] from IP null
ivysettings.xml file not found in HIVE_HOME or HIVE_CONF_DIR,/home/alex/Repositories/hive/conf/ivysettings.xml will be used
2024-05-01T09:23:44,030  INFO [main] DependencyResolver: ivysettings.xml file not found in HIVE_HOME or HIVE_CONF_DIR,/home/alex/Repositories/hive/conf/ivysettings.xml will be used
2024-05-01T09:23:44,042  INFO [main] session.SessionState: Created HDFS directory: /tmp/hive/alex/7376689a-9315-4843-8eec-3672541887e4
2024-05-01T09:23:44,047  INFO [main] session.SessionState: Created local directory: /home/alex/Repositories/hive/beeline/target/tmp/alex/7376689a-9315-4843-8eec-3672541887e4
2024-05-01T09:23:44,052  INFO [main] session.SessionState: Created HDFS directory: /tmp/hive/alex/7376689a-9315-4843-8eec-3672541887e4/_tmp_space.db
2024-05-01T09:23:44,056  INFO [main] session.SessionState: Reloading auxiliary JAR files
2024-05-01T09:23:44,056  WARN [main] session.SessionState: Configuration hive.reloadable.aux.jars.path not specified
2024-05-01T09:23:44,058  INFO [main] metastore.HiveMetaStoreClient: HMS client filtering is enabled.
2024-05-01T09:23:44,058  INFO [main] metastore.PersistenceManagerProvider: Configuration datanucleus.autoStartMechanismMode is not set. Defaulting to 'ignored'
2024-05-01T09:23:44,062  INFO [main] metastore.ObjectStore: RawStore: org.apache.hadoop.hive.metastore.ObjectStore@76ad6715, with PersistenceManager: org.datanucleus.api.jdo.JDOPersistenceManager@34780cd9 will be shutdown
2024-05-01T09:23:44,062  INFO [main] metastore.ObjectStore: RawStore: org.apache.hadoop.hive.metastore.ObjectStore@76ad6715, with PersistenceManager: org.datanucleus.api.jdo.JDOPersistenceManager@6d6cd1e0 created in the thread with id: 1
2024-05-01T09:23:44,082  INFO [main] metastore.HMSHandler: HMS server filtering is disabled by configuration
2024-05-01T09:23:44,082  INFO [main] metastore.RetryingMetaStoreClient: RetryingMetaStoreClient proxy=class org.apache.hadoop.hive.ql.metadata.SessionHiveMetaStoreClient ugi=alex (auth:SIMPLE) retries=1 delay=1 lifetime=0
2024-05-01T09:23:44,085  INFO [main] HiveMetaStore.audit: ugi=alex	ip=unknown-ip-addr	cmd=get_all_functions	
2024-05-01T09:23:44,169  INFO [main] HiveMetaStore.audit: ugi=alex	ip=unknown-ip-addr	cmd=Cleaning up thread local RawStore...	
2024-05-01T09:23:44,169  INFO [main] metastore.ObjectStore: RawStore: org.apache.hadoop.hive.metastore.ObjectStore@76ad6715, with PersistenceManager: org.datanucleus.api.jdo.JDOPersistenceManager@6d6cd1e0 will be shutdown
2024-05-01T09:23:44,169  INFO [main] HiveMetaStore.audit: ugi=alex	ip=unknown-ip-addr	cmd=Done cleaning up thread local RawStore	
2024-05-01T09:23:44,169  INFO [main] metastore.HiveMetaStoreClient: Closed a connection to metastore, current connections: -1
2024-05-01T09:23:44,171  INFO [main] session.HiveSessionImpl: Operation log session directory is created: /home/alex/Repositories/hive/beeline/target/tmp/alex/operation_logs/7376689a-9315-4843-8eec-3672541887e4
2024-05-01T09:23:44,175  INFO [main] service.CompositeService: Session opened, SessionHandle [7376689a-9315-4843-8eec-3672541887e4], current sessions:1
2024-05-01T09:23:44,180  INFO [main] thrift.ThriftCLIService: Login attempt is successful for user : null
Connected to: Apache Hive (version 4.0.0-SNAPSHOT)
Error: Couldn't load manifest attributes. (state=,code=0)
Transaction isolation: TRANSACTION_REPEATABLE_READ
2024-05-01T09:23:44,330  WARN [main] conf.HiveConf: HiveConf of name hive.dummyparam.test.server.specific.config.override does not exist
2024-05-01T09:23:44,331  WARN [main] conf.HiveConf: HiveConf of name hive.dummyparam.test.server.specific.config.hiveserver2site does not exist
2024-05-01T09:23:44,332  WARN [main] conf.HiveConf: HiveConf of name hive.dummyparam.test.server.specific.config.metastoresite does not exist
2024-05-01T09:23:44,338  INFO [7376689a-9315-4843-8eec-3672541887e4 main] session.HiveSessionImpl: executing set
2024-05-01T09:23:44,365  INFO [7376689a-9315-4843-8eec-3672541887e4 main] operation.HiveCommandOperation: Putting temp output to file /home/alex/Repositories/hive/beeline/target/tmp/alex/7376689a-9315-4843-8eec-3672541887e43263575240424622046.pipeout and error output to file /home/alex/Repositories/hive/beeline/target/tmp/alex/7376689a-9315-4843-8eec-3672541887e43511995577233287972.pipeout
2024-05-01T09:23:44,365  INFO [7376689a-9315-4843-8eec-3672541887e4 main] operation.OperationManager: Adding operation: OperationHandle [opType=EXECUTE_STATEMENT, getHandleIdentifier()=ed9cfa39-beb6-4318-8b0c-3eef58c0ba06] SessionHandle [7376689a-9315-4843-8eec-3672541887e4]
2024-05-01T09:23:44,371  INFO [7376689a-9315-4843-8eec-3672541887e4 main] common.LogUtils: Thread context registration is done.
DEBUG StatusLogger Building Plugin[name=filter, class=org.apache.hadoop.hive.ql.log.LogDivertAppender$NameFilter].
DEBUG StatusLogger createFilter(loggingLevel="EXECUTION")
DEBUG StatusLogger Building Plugin[name=layout, class=org.apache.logging.log4j.core.layout.PatternLayout].
DEBUG StatusLogger PatternLayout$Builder(pattern="%-5p : %m%n", PatternSelector=null, Configuration(HiveLog4j2Test), Replace=null, charset="null", alwaysWriteExceptions="null", disableAnsi="null", noConsoleNoAnsi="null", header="null", footer="null")
DEBUG StatusLogger Building Plugin[name=appender, class=org.apache.hadoop.hive.ql.log.HushableRandomAccessFileAppender].
DEBUG StatusLogger createAppender(fileName="/home/alex/Repositories/hive/beeline/target/tmp/alex/operation_logs/7376689a-9315-4843-8eec-3672541887e4/alex_20240501092344_75a3d905-5ca4-4d4e-b944-ecdb37eccc08", append="null", name="query-file-appender", immediateFlush="null", bufferSize="null", ignoreExceptions="null", PatternLayout(org.apache.logging.log4j.core.layout.PatternLayout with name PatternLayout), NameFilter(org.apache.hadoop.hive.ql.log.LogDivertAppender$NameFilter with name NameFilter), advertise="null", advertiseURI="null", Configuration(HiveLog4j2Test))
DEBUG StatusLogger Starting RandomAccessFileManager /home/alex/Repositories/hive/beeline/target/tmp/alex/operation_logs/7376689a-9315-4843-8eec-3672541887e4/alex_20240501092344_75a3d905-5ca4-4d4e-b944-ecdb37eccc08
DEBUG StatusLogger Building Plugin[name=, class=org.apache.hadoop.hive.ql.log.LogDivertAppenderForTest$TestFilter].
DEBUG StatusLogger createFilter()
DEBUG StatusLogger Building Plugin[name=, class=org.apache.logging.log4j.core.layout.PatternLayout].
DEBUG StatusLogger PatternLayout$Builder(pattern="%-5p : %m%n", PatternSelector=null, Configuration(HiveLog4j2Test), Replace=null, charset="null", alwaysWriteExceptions="null", disableAnsi="null", noConsoleNoAnsi="null", header="null", footer="null")
DEBUG StatusLogger Building Plugin[name=appender, class=org.apache.hadoop.hive.ql.log.HushableRandomAccessFileAppender].
DEBUG StatusLogger createAppender(fileName="/home/alex/Repositories/hive/beeline/target/tmp/alex/operation_logs/7376689a-9315-4843-8eec-3672541887e4/alex_20240501092344_75a3d905-5ca4-4d4e-b944-ecdb37eccc08.test", append="null", name="test-query-file-appender", immediateFlush="null", bufferSize="null", ignoreExceptions="null", PatternLayout(org.apache.logging.log4j.core.layout.PatternLayout with name PatternLayout), test-filter(org.apache.hadoop.hive.ql.log.LogDivertAppenderForTest$TestFilter with name test-filter), advertise="null", advertiseURI="null", Configuration(HiveLog4j2Test))
DEBUG StatusLogger Starting RandomAccessFileManager /home/alex/Repositories/hive/beeline/target/tmp/alex/operation_logs/7376689a-9315-4843-8eec-3672541887e4/alex_20240501092344_75a3d905-5ca4-4d4e-b944-ecdb37eccc08.test
2024-05-01T09:23:44,384  INFO [7376689a-9315-4843-8eec-3672541887e4 main] operation.HiveCommandOperation: [opType=EXECUTE_STATEMENT, queryId=alex_20240501092344_75a3d905-5ca4-4d4e-b944-ecdb37eccc08, startTime=1714580624360, sessionId=7376689a-9315-4843-8eec-3672541887e4, createTime=1714580624025, userName=null, ipAddress=null]
2024-05-01T09:23:44,415  INFO [7376689a-9315-4843-8eec-3672541887e4 main] common.LogUtils: Unregistered logging context.
2024-05-01T09:23:44,495  INFO [7376689a-9315-4843-8eec-3672541887e4 main] operation.OperationManager: Closing operation: OperationHandle [opType=EXECUTE_STATEMENT, getHandleIdentifier()=ed9cfa39-beb6-4318-8b0c-3eef58c0ba06]
2024-05-01T09:23:44,496  INFO [7376689a-9315-4843-8eec-3672541887e4 main] operation.OperationManager: Removed queryId: alex_20240501092344_75a3d905-5ca4-4d4e-b944-ecdb37eccc08 corresponding to operation: OperationHandle [opType=EXECUTE_STATEMENT, getHandleIdentifier()=ed9cfa39-beb6-4318-8b0c-3eef58c0ba06] with tag: null
2024-05-01T09:23:44,498  INFO [7376689a-9315-4843-8eec-3672541887e4 main] operation.HiveCommandOperation: Closing operation log /home/alex/Repositories/hive/beeline/target/tmp/alex/operation_logs/7376689a-9315-4843-8eec-3672541887e4/alex_20240501092344_75a3d905-5ca4-4d4e-b944-ecdb37eccc08 without delay
hive> create database if not exists test;
2024-05-01T09:23:44,552  INFO [7376689a-9315-4843-8eec-3672541887e4 main] session.HiveSessionImpl: executing create database if not exists test
2024-05-01T09:23:44,556  INFO [7376689a-9315-4843-8eec-3672541887e4 main] operation.OperationManager: Adding operation: OperationHandle [opType=EXECUTE_STATEMENT, getHandleIdentifier()=9c5eefd4-b86b-4629-b1b6-75a5ed0d8143] SessionHandle [7376689a-9315-4843-8eec-3672541887e4]
2024-05-01T09:23:44,556  INFO [7376689a-9315-4843-8eec-3672541887e4 main] common.LogUtils: Thread context registration is done.
DEBUG StatusLogger Building Plugin[name=filter, class=org.apache.hadoop.hive.ql.log.LogDivertAppender$NameFilter].
DEBUG StatusLogger createFilter(loggingLevel="EXECUTION")
DEBUG StatusLogger Building Plugin[name=layout, class=org.apache.logging.log4j.core.layout.PatternLayout].
DEBUG StatusLogger PatternLayout$Builder(pattern="%-5p : %m%n", PatternSelector=null, Configuration(HiveLog4j2Test), Replace=null, charset="null", alwaysWriteExceptions="null", disableAnsi="null", noConsoleNoAnsi="null", header="null", footer="null")
DEBUG StatusLogger Building Plugin[name=appender, class=org.apache.hadoop.hive.ql.log.HushableRandomAccessFileAppender].
DEBUG StatusLogger createAppender(fileName="/home/alex/Repositories/hive/beeline/target/tmp/alex/operation_logs/7376689a-9315-4843-8eec-3672541887e4/alex_20240501092344_aceb94d9-2164-40d6-8d76-6b7eacace127", append="null", name="query-file-appender", immediateFlush="null", bufferSize="null", ignoreExceptions="null", PatternLayout(org.apache.logging.log4j.core.layout.PatternLayout with name PatternLayout), NameFilter(org.apache.hadoop.hive.ql.log.LogDivertAppender$NameFilter with name NameFilter), advertise="null", advertiseURI="null", Configuration(HiveLog4j2Test))
DEBUG StatusLogger Starting RandomAccessFileManager /home/alex/Repositories/hive/beeline/target/tmp/alex/operation_logs/7376689a-9315-4843-8eec-3672541887e4/alex_20240501092344_aceb94d9-2164-40d6-8d76-6b7eacace127
DEBUG StatusLogger Building Plugin[name=, class=org.apache.hadoop.hive.ql.log.LogDivertAppenderForTest$TestFilter].
DEBUG StatusLogger createFilter()
DEBUG StatusLogger Building Plugin[name=, class=org.apache.logging.log4j.core.layout.PatternLayout].
DEBUG StatusLogger PatternLayout$Builder(pattern="%-5p : %m%n", PatternSelector=null, Configuration(HiveLog4j2Test), Replace=null, charset="null", alwaysWriteExceptions="null", disableAnsi="null", noConsoleNoAnsi="null", header="null", footer="null")
DEBUG StatusLogger Building Plugin[name=appender, class=org.apache.hadoop.hive.ql.log.HushableRandomAccessFileAppender].
DEBUG StatusLogger createAppender(fileName="/home/alex/Repositories/hive/beeline/target/tmp/alex/operation_logs/7376689a-9315-4843-8eec-3672541887e4/alex_20240501092344_aceb94d9-2164-40d6-8d76-6b7eacace127.test", append="null", name="test-query-file-appender", immediateFlush="null", bufferSize="null", ignoreExceptions="null", PatternLayout(org.apache.logging.log4j.core.layout.PatternLayout with name PatternLayout), test-filter(org.apache.hadoop.hive.ql.log.LogDivertAppenderForTest$TestFilter with name test-filter), advertise="null", advertiseURI="null", Configuration(HiveLog4j2Test))
DEBUG StatusLogger Starting RandomAccessFileManager /home/alex/Repositories/hive/beeline/target/tmp/alex/operation_logs/7376689a-9315-4843-8eec-3672541887e4/alex_20240501092344_aceb94d9-2164-40d6-8d76-6b7eacace127.test
2024-05-01T09:23:44,560  INFO [7376689a-9315-4843-8eec-3672541887e4 main] operation.SQLOperation: [opType=EXECUTE_STATEMENT, queryId=alex_20240501092344_aceb94d9-2164-40d6-8d76-6b7eacace127, startTime=1714580624554, sessionId=7376689a-9315-4843-8eec-3672541887e4, createTime=1714580624025, userName=null, ipAddress=null]
2024-05-01T09:23:44,648  INFO [7376689a-9315-4843-8eec-3672541887e4 main] ql.Driver: Compiling command(queryId=alex_20240501092344_aceb94d9-2164-40d6-8d76-6b7eacace127): create database if not exists test
2024-05-01T09:23:44,665  WARN [Metastore-RuntimeStats-Loader-1] conf.HiveConf: HiveConf of name hive.dummyparam.test.server.specific.config.override does not exist
2024-05-01T09:23:44,666  WARN [Metastore-RuntimeStats-Loader-1] conf.HiveConf: HiveConf of name hive.dummyparam.test.server.specific.config.hiveserver2site does not exist
2024-05-01T09:23:44,666  WARN [Metastore-RuntimeStats-Loader-1] conf.HiveConf: HiveConf of name hive.dummyparam.test.server.specific.config.metastoresite does not exist
2024-05-01T09:23:44,668  INFO [Metastore-RuntimeStats-Loader-1] metastore.HiveMetaStoreClient: HMS client filtering is enabled.
2024-05-01T09:23:44,669  INFO [Metastore-RuntimeStats-Loader-1] metastore.HMSHandler: 1: Opening raw store with implementation class:org.apache.hadoop.hive.metastore.ObjectStore
2024-05-01T09:23:44,670  INFO [Metastore-RuntimeStats-Loader-1] metastore.PersistenceManagerProvider: Configuration datanucleus.autoStartMechanismMode is not set. Defaulting to 'ignored'
2024-05-01T09:23:44,671  INFO [Metastore-RuntimeStats-Loader-1] metastore.ObjectStore: RawStore: org.apache.hadoop.hive.metastore.ObjectStore@64b1ab6c, with PersistenceManager: null will be shutdown
2024-05-01T09:23:44,672  INFO [Metastore-RuntimeStats-Loader-1] metastore.ObjectStore: RawStore: org.apache.hadoop.hive.metastore.ObjectStore@64b1ab6c, with PersistenceManager: org.datanucleus.api.jdo.JDOPersistenceManager@4af16ad created in the thread with id: 87
2024-05-01T09:23:44,686  INFO [Metastore-RuntimeStats-Loader-1] metastore.HMSHandler: Created RawStore: org.apache.hadoop.hive.metastore.ObjectStore@64b1ab6c from thread id: 87
2024-05-01T09:23:44,686  INFO [Metastore-RuntimeStats-Loader-1] metastore.HMSHandler: HMS server filtering is disabled by configuration
2024-05-01T09:23:44,686  INFO [Metastore-RuntimeStats-Loader-1] metastore.RetryingMetaStoreClient: RetryingMetaStoreClient proxy=class org.apache.hadoop.hive.ql.metadata.SessionHiveMetaStoreClient ugi=alex (auth:SIMPLE) retries=1 delay=1 lifetime=0
2024-05-01T09:23:44,687  INFO [Metastore-RuntimeStats-Loader-1] HiveMetaStore.audit: ugi=alex	ip=unknown-ip-addr	cmd=get_runtime_stats	
2024-05-01T09:23:45,488  INFO [7376689a-9315-4843-8eec-3672541887e4 main] metastore.HMSHandler: 0: Opening raw store with implementation class:org.apache.hadoop.hive.metastore.ObjectStore
2024-05-01T09:23:45,490  INFO [7376689a-9315-4843-8eec-3672541887e4 main] metastore.ObjectStore: RawStore: org.apache.hadoop.hive.metastore.ObjectStore@3a2546d6, with PersistenceManager: null will be shutdown
2024-05-01T09:23:45,490  INFO [7376689a-9315-4843-8eec-3672541887e4 main] metastore.ObjectStore: RawStore: org.apache.hadoop.hive.metastore.ObjectStore@3a2546d6, with PersistenceManager: org.datanucleus.api.jdo.JDOPersistenceManager@7282af25 created in the thread with id: 1
2024-05-01T09:23:45,498  INFO [7376689a-9315-4843-8eec-3672541887e4 main] metastore.HMSHandler: Created RawStore: org.apache.hadoop.hive.metastore.ObjectStore@3a2546d6 from thread id: 1
2024-05-01T09:23:45,745  INFO [7376689a-9315-4843-8eec-3672541887e4 main] reflections.Reflections: Reflections took 195 ms to scan 2 urls, producing 53 keys and 784 values 
2024-05-01T09:23:45,970  INFO [7376689a-9315-4843-8eec-3672541887e4 main] reflections.Reflections: Reflections took 131 ms to scan 2 urls, producing 53 keys and 784 values 
2024-05-01T09:23:46,117  INFO [7376689a-9315-4843-8eec-3672541887e4 main] reflections.Reflections: Reflections took 140 ms to scan 2 urls, producing 53 keys and 784 values 
2024-05-01T09:23:46,229  INFO [7376689a-9315-4843-8eec-3672541887e4 main] reflections.Reflections: Reflections took 93 ms to scan 2 urls, producing 53 keys and 784 values 
2024-05-01T09:23:46,387  INFO [7376689a-9315-4843-8eec-3672541887e4 main] ql.Driver: Semantic Analysis Completed (retrial = false)
2024-05-01T09:23:46,387  INFO [7376689a-9315-4843-8eec-3672541887e4 main] ql.Driver: Created Hive schema: Schema(fieldSchemas:null, properties:null)
2024-05-01T09:23:46,394  INFO [7376689a-9315-4843-8eec-3672541887e4 main] metadata.Hive: Dumping metastore api call timing information for : compilation phase
2024-05-01T09:23:46,394  INFO [7376689a-9315-4843-8eec-3672541887e4 main] metadata.Hive: Total time spent in each metastore function (ms): {isCompatibleWith_(Configuration)=1, flushCache_()=14, getAllFunctions_()=84}
2024-05-01T09:23:46,395  INFO [7376689a-9315-4843-8eec-3672541887e4 main] ql.Driver: Completed compiling command(queryId=alex_20240501092344_aceb94d9-2164-40d6-8d76-6b7eacace127); Time taken: 1.748 seconds
2024-05-01T09:23:46,397  INFO [7376689a-9315-4843-8eec-3672541887e4 main] common.LogUtils: Unregistered logging context.
2024-05-01T09:23:46,400  INFO [HiveServer2-Background-Pool: Thread-88] common.LogUtils: Thread context registration is done.
2024-05-01T09:23:46,400  INFO [HiveServer2-Background-Pool: Thread-88] reexec.ReExecDriver: Execution #1 of query
2024-05-01T09:23:46,401  INFO [HiveServer2-Background-Pool: Thread-88] ql.Driver: Concurrency mode is disabled, not creating a lock manager
2024-05-01T09:23:46,406  INFO [HiveServer2-Background-Pool: Thread-88] ql.Driver: Executing command(queryId=alex_20240501092344_aceb94d9-2164-40d6-8d76-6b7eacace127): create database if not exists test
2024-05-01T09:23:46,416  INFO [HiveServer2-Background-Pool: Thread-88] ql.Driver: Starting task [Stage-0:DDL] in serial mode
2024-05-01T09:23:46,419  INFO [HiveServer2-Background-Pool: Thread-88] sqlstd.SQLStdHiveAccessController: Created SQLStdHiveAccessController for session context : HiveAuthzSessionContext [sessionString=7376689a-9315-4843-8eec-3672541887e4, clientType=HIVESERVER2]
2024-05-01T09:23:46,419  WARN [HiveServer2-Background-Pool: Thread-88] exec.DDLTask: metastore.warehouse.external.dir is not set, falling back to metastore.warehouse.dir. This could cause external tables to use to managed tablespace.
2024-05-01T09:23:46,421  INFO [HiveServer2-Background-Pool: Thread-88] HiveMetaStore.audit: ugi=alex	ip=unknown-ip-addr	cmd=create_database: Database(name:test, description:null, locationUri:file:/home/alex/Repositories/hive/beeline/target/tmp/warehouse/test.db, parameters:null, ownerName:alex, ownerType:USER, catalogName:hive, type:NATIVE)	
2024-05-01T09:23:46,422  INFO [HiveServer2-Background-Pool: Thread-88] metastore.HMSHandler: 2: Opening raw store with implementation class:org.apache.hadoop.hive.metastore.ObjectStore
2024-05-01T09:23:46,424  INFO [HiveServer2-Background-Pool: Thread-88] metastore.ObjectStore: RawStore: org.apache.hadoop.hive.metastore.ObjectStore@5596bdc6, with PersistenceManager: null will be shutdown
2024-05-01T09:23:46,425  INFO [HiveServer2-Background-Pool: Thread-88] metastore.ObjectStore: RawStore: org.apache.hadoop.hive.metastore.ObjectStore@5596bdc6, with PersistenceManager: org.datanucleus.api.jdo.JDOPersistenceManager@1b79f62c created in the thread with id: 88
2024-05-01T09:23:46,431  INFO [HiveServer2-Background-Pool: Thread-88] metastore.HMSHandler: Created RawStore: org.apache.hadoop.hive.metastore.ObjectStore@5596bdc6 from thread id: 88
2024-05-01T09:23:46,442  INFO [HiveServer2-Background-Pool: Thread-88] metastore.HMSHandler: Creating database path in external directory file:/home/alex/Repositories/hive/beeline/target/tmp/warehouse/test.db
2024-05-01T09:23:46,444  INFO [HiveServer2-Background-Pool: Thread-88] utils.FileUtils: Creating directory if it doesn't exist: file:/home/alex/Repositories/hive/beeline/target/tmp/warehouse/test.db
2024-05-01T09:23:46,452  INFO [HiveServer2-Background-Pool: Thread-88] metastore.HMSHandler: Created database path in external directory file:/home/alex/Repositories/hive/beeline/target/tmp/warehouse/test.db
2024-05-01T09:23:46,475  INFO [HiveServer2-Background-Pool: Thread-88] metadata.Hive: Dumping metastore api call timing information for : execution phase
2024-05-01T09:23:46,476  INFO [HiveServer2-Background-Pool: Thread-88] metadata.Hive: Total time spent in each metastore function (ms): {isCompatibleWith_(Configuration)=0, createDatabase_(Database)=54}
2024-05-01T09:23:46,476  INFO [HiveServer2-Background-Pool: Thread-88] ql.Driver: Completed executing command(queryId=alex_20240501092344_aceb94d9-2164-40d6-8d76-6b7eacace127); Time taken: 0.069 seconds
2024-05-01T09:23:46,476  INFO [HiveServer2-Background-Pool: Thread-88] common.LogUtils: Unregistered logging context.
INFO  : Compiling command(queryId=alex_20240501092344_aceb94d9-2164-40d6-8d76-6b7eacace127): create database if not exists test
INFO  : Semantic Analysis Completed (retrial = false)
INFO  : Created Hive schema: Schema(fieldSchemas:null, properties:null)
INFO  : Completed compiling command(queryId=alex_20240501092344_aceb94d9-2164-40d6-8d76-6b7eacace127); Time taken: 1.748 seconds
INFO  : Concurrency mode is disabled, not creating a lock manager
INFO  : Executing command(queryId=alex_20240501092344_aceb94d9-2164-40d6-8d76-6b7eacace127): create database if not exists test
INFO  : Starting task [Stage-0:DDL] in serial mode
DEBUG : Task getting executed using mapred tag : alex_20240501092344_aceb94d9-2164-40d6-8d76-6b7eacace127,userid=null
INFO  : Completed executing command(queryId=alex_20240501092344_aceb94d9-2164-40d6-8d76-6b7eacace127); Time taken: 0.069 seconds
DEBUG : Shutting down query create database if not exists test
2024-05-01T09:23:46,480  INFO [7376689a-9315-4843-8eec-3672541887e4 main] operation.OperationManager: Closing operation: OperationHandle [opType=EXECUTE_STATEMENT, getHandleIdentifier()=9c5eefd4-b86b-4629-b1b6-75a5ed0d8143]
2024-05-01T09:23:46,481  INFO [7376689a-9315-4843-8eec-3672541887e4 main] operation.OperationManager: Removed queryId: alex_20240501092344_aceb94d9-2164-40d6-8d76-6b7eacace127 corresponding to operation: OperationHandle [opType=EXECUTE_STATEMENT, getHandleIdentifier()=9c5eefd4-b86b-4629-b1b6-75a5ed0d8143] with tag: null
2024-05-01T09:23:46,481  INFO [7376689a-9315-4843-8eec-3672541887e4 main] operation.SQLOperation: Closing operation log /home/alex/Repositories/hive/beeline/target/tmp/alex/operation_logs/7376689a-9315-4843-8eec-3672541887e4/alex_20240501092344_aceb94d9-2164-40d6-8d76-6b7eacace127 without delay
Error: Failed to wait for operation to complete (state=08S01,code=0)
Closing: 0: jdbc:hive2://
2024-05-01T09:23:46,483  INFO [main] service.CompositeService: Session closed, SessionHandle [7376689a-9315-4843-8eec-3672541887e4], current sessions:0
2024-05-01T09:23:46,484  INFO [7376689a-9315-4843-8eec-3672541887e4 main] session.HiveSessionImpl: Operation log session directory is deleted: /home/alex/Repositories/hive/beeline/target/tmp/alex/operation_logs/7376689a-9315-4843-8eec-3672541887e4
2024-05-01T09:23:46,485  INFO [main] cleanup.EventualCleanupService: Delete /tmp/hive/alex/7376689a-9315-4843-8eec-3672541887e4 operation was queued
2024-05-01T09:23:46,485  INFO [main] cleanup.EventualCleanupService: Delete /home/alex/Repositories/hive/beeline/target/tmp/alex/7376689a-9315-4843-8eec-3672541887e4 operation was queued
2024-05-01T09:23:46,486  INFO [EventualCleanupService thread 1] cleanup.EventualCleanupService: Deleted /home/alex/Repositories/hive/beeline/target/tmp/alex/7376689a-9315-4843-8eec-3672541887e4
2024-05-01T09:23:46,486  INFO [EventualCleanupService thread 0] cleanup.EventualCleanupService: Deleted /tmp/hive/alex/7376689a-9315-4843-8eec-3672541887e4
2024-05-01T09:23:46,494  INFO [main] HiveMetaStore.audit: ugi=alex	ip=unknown-ip-addr	cmd=Cleaning up thread local RawStore...	
2024-05-01T09:23:46,494  INFO [main] metastore.ObjectStore: RawStore: org.apache.hadoop.hive.metastore.ObjectStore@3a2546d6, with PersistenceManager: org.datanucleus.api.jdo.JDOPersistenceManager@7282af25 will be shutdown
2024-05-01T09:23:46,494  INFO [main] HiveMetaStore.audit: ugi=alex	ip=unknown-ip-addr	cmd=Done cleaning up thread local RawStore	
2024-05-01T09:23:46,495  INFO [main] metastore.HiveMetaStoreClient: Closed a connection to metastore, current connections: -2
]]></system-err>
  </testcase>
  <testcase name="testSourceCmd2" classname="org.apache.hive.beeline.cli.TestHiveCli" time="0.894">
    <failure type="java.lang.AssertionError"><![CDATA[java.lang.AssertionError: The expected keyword "sc3" occur in the output: 
	at org.junit.Assert.fail(Assert.java:89)
	at org.junit.Assert.assertTrue(Assert.java:42)
	at org.apache.hive.beeline.cli.TestHiveCli.verifyCMD(TestHiveCli.java:270)
	at org.apache.hive.beeline.cli.TestHiveCli.testSourceCmd2(TestHiveCli.java:122)
	at sun.reflect.NativeMethodAccessorImpl.invoke0(Native Method)
	at sun.reflect.NativeMethodAccessorImpl.invoke(NativeMethodAccessorImpl.java:62)
	at sun.reflect.DelegatingMethodAccessorImpl.invoke(DelegatingMethodAccessorImpl.java:43)
	at java.lang.reflect.Method.invoke(Method.java:498)
	at org.junit.runners.model.FrameworkMethod$1.runReflectiveCall(FrameworkMethod.java:59)
	at org.junit.internal.runners.model.ReflectiveCallable.run(ReflectiveCallable.java:12)
	at org.junit.runners.model.FrameworkMethod.invokeExplosively(FrameworkMethod.java:56)
	at org.junit.internal.runners.statements.InvokeMethod.evaluate(InvokeMethod.java:17)
	at org.junit.internal.runners.statements.RunBefores.evaluate(RunBefores.java:26)
	at org.junit.internal.runners.statements.RunAfters.evaluate(RunAfters.java:27)
	at org.junit.runners.ParentRunner$3.evaluate(ParentRunner.java:306)
	at org.junit.runners.BlockJUnit4ClassRunner$1.evaluate(BlockJUnit4ClassRunner.java:100)
	at org.junit.runners.ParentRunner.runLeaf(ParentRunner.java:366)
	at org.junit.runners.BlockJUnit4ClassRunner.runChild(BlockJUnit4ClassRunner.java:103)
	at org.junit.runners.BlockJUnit4ClassRunner.runChild(BlockJUnit4ClassRunner.java:63)
	at org.junit.runners.ParentRunner$4.run(ParentRunner.java:331)
	at org.junit.runners.ParentRunner$1.schedule(ParentRunner.java:79)
	at org.junit.runners.ParentRunner.runChildren(ParentRunner.java:329)
	at org.junit.runners.ParentRunner.access$100(ParentRunner.java:66)
	at org.junit.runners.ParentRunner$2.evaluate(ParentRunner.java:293)
	at org.junit.internal.runners.statements.RunBefores.evaluate(RunBefores.java:26)
	at org.junit.runners.ParentRunner$3.evaluate(ParentRunner.java:306)
	at org.junit.runners.ParentRunner.run(ParentRunner.java:413)
	at org.junit.runner.JUnitCore.run(JUnitCore.java:137)
	at org.junit.runner.JUnitCore.run(JUnitCore.java:115)
	at org.junit.vintage.engine.execution.RunnerExecutor.execute(RunnerExecutor.java:43)
	at java.util.stream.ForEachOps$ForEachOp$OfRef.accept(ForEachOps.java:183)
	at java.util.stream.ReferencePipeline$3$1.accept(ReferencePipeline.java:193)
	at java.util.Iterator.forEachRemaining(Iterator.java:116)
	at java.util.Spliterators$IteratorSpliterator.forEachRemaining(Spliterators.java:1801)
	at java.util.stream.AbstractPipeline.copyInto(AbstractPipeline.java:482)
	at java.util.stream.AbstractPipeline.wrapAndCopyInto(AbstractPipeline.java:472)
	at java.util.stream.ForEachOps$ForEachOp.evaluateSequential(ForEachOps.java:150)
	at java.util.stream.ForEachOps$ForEachOp$OfRef.evaluateSequential(ForEachOps.java:173)
	at java.util.stream.AbstractPipeline.evaluate(AbstractPipeline.java:234)
	at java.util.stream.ReferencePipeline.forEach(ReferencePipeline.java:485)
	at org.junit.vintage.engine.VintageTestEngine.executeAllChildren(VintageTestEngine.java:82)
	at org.junit.vintage.engine.VintageTestEngine.execute(VintageTestEngine.java:73)
	at org.junit.platform.launcher.core.DefaultLauncher.execute(DefaultLauncher.java:248)
	at org.junit.platform.launcher.core.DefaultLauncher.lambda$execute$5(DefaultLauncher.java:211)
	at org.junit.platform.launcher.core.DefaultLauncher.withInterceptedStreams(DefaultLauncher.java:226)
	at org.junit.platform.launcher.core.DefaultLauncher.execute(DefaultLauncher.java:199)
	at org.junit.platform.launcher.core.DefaultLauncher.execute(DefaultLauncher.java:132)
	at org.apache.maven.surefire.junitplatform.JUnitPlatformProvider.invokeAllTests(JUnitPlatformProvider.java:154)
	at org.apache.maven.surefire.junitplatform.JUnitPlatformProvider.invoke(JUnitPlatformProvider.java:123)
	at org.apache.maven.surefire.booter.ForkedBooter.runSuitesInProcess(ForkedBooter.java:377)
	at org.apache.maven.surefire.booter.ForkedBooter.execute(ForkedBooter.java:138)
	at org.apache.maven.surefire.booter.ForkedBooter.run(ForkedBooter.java:465)
	at org.apache.maven.surefire.booter.ForkedBooter.main(ForkedBooter.java:451)
]]></failure>
    <system-err><![CDATA[2024-05-01T09:23:46,515 ERROR [main] cli.TestHiveCli: Failed to execute command due to the error: java.lang.NullPointerException: Null output stream
2024-05-01T09:23:46,579  WARN [main] conf.HiveConf: HiveConf of name hive.dummyparam.test.server.specific.config.override does not exist
2024-05-01T09:23:46,579  WARN [main] conf.HiveConf: HiveConf of name hive.dummyparam.test.server.specific.config.hiveserver2site does not exist
2024-05-01T09:23:46,580  WARN [main] conf.HiveConf: HiveConf of name hive.dummyparam.test.server.specific.config.metastoresite does not exist
2024-05-01T09:23:46,581  INFO [main] SessionState: Hive Session ID = 85567b14-e401-48c8-a075-b6af1d848820
2024-05-01T09:23:46,581  INFO [main] DependencyResolver: ivysettings.xml file not found in HIVE_HOME or HIVE_CONF_DIR,/home/alex/Repositories/hive/conf/ivysettings.xml will be used
2024-05-01T09:23:46,591  INFO [main] session.SessionState: Created HDFS directory: /tmp/hive/alex/85567b14-e401-48c8-a075-b6af1d848820
2024-05-01T09:23:46,595  INFO [main] session.SessionState: Created local directory: /home/alex/Repositories/hive/beeline/target/tmp/alex/85567b14-e401-48c8-a075-b6af1d848820
2024-05-01T09:23:46,599  INFO [main] session.SessionState: Created HDFS directory: /tmp/hive/alex/85567b14-e401-48c8-a075-b6af1d848820/_tmp_space.db
2024-05-01T09:23:46,599  INFO [main] sqlstd.SQLStdHiveAccessController: Created SQLStdHiveAccessController for session context : HiveAuthzSessionContext [sessionString=85567b14-e401-48c8-a075-b6af1d848820, clientType=HIVESERVER2]
2024-05-01T09:23:46,600  INFO [main] metastore.HiveMetaStoreClient: HMS client filtering is enabled.
2024-05-01T09:23:46,601  INFO [main] metastore.HMSHandler: 0: Opening raw store with implementation class:org.apache.hadoop.hive.metastore.ObjectStore
2024-05-01T09:23:46,601  INFO [main] metastore.PersistenceManagerProvider: Configuration datanucleus.autoStartMechanismMode is not set. Defaulting to 'ignored'
2024-05-01T09:23:46,602  INFO [main] metastore.ObjectStore: RawStore: org.apache.hadoop.hive.metastore.ObjectStore@6ce15112, with PersistenceManager: null will be shutdown
2024-05-01T09:23:46,602  INFO [main] metastore.ObjectStore: RawStore: org.apache.hadoop.hive.metastore.ObjectStore@6ce15112, with PersistenceManager: org.datanucleus.api.jdo.JDOPersistenceManager@ba4f370 created in the thread with id: 1
2024-05-01T09:23:46,606  INFO [main] metastore.HMSHandler: Created RawStore: org.apache.hadoop.hive.metastore.ObjectStore@6ce15112 from thread id: 1
2024-05-01T09:23:46,606  INFO [main] metastore.HMSHandler: HMS server filtering is disabled by configuration
2024-05-01T09:23:46,606  INFO [main] metastore.RetryingMetaStoreClient: RetryingMetaStoreClient proxy=class org.apache.hadoop.hive.ql.metadata.SessionHiveMetaStoreClient ugi=alex (auth:SIMPLE) retries=1 delay=1 lifetime=0
2024-05-01T09:23:46,606  INFO [main] service.CompositeService: Operation log root directory is created: /home/alex/Repositories/hive/beeline/target/tmp/alex/operation_logs
2024-05-01T09:23:46,607  INFO [main] service.CompositeService: HiveServer2: Background operation thread pool size: 100
2024-05-01T09:23:46,607  INFO [main] service.CompositeService: HiveServer2: Background operation thread wait queue size: 100
2024-05-01T09:23:46,607  INFO [main] service.CompositeService: HiveServer2: Background operation thread keepalive time: 10 seconds
2024-05-01T09:23:46,607  INFO [main] service.CompositeService: Connections limit are user: 0 ipaddress: 0 user-ipaddress: 0
2024-05-01T09:23:46,608  INFO [main] cleanup.EventualCleanupService: EventualCleanupService started with 10 threads and queue of size 10000
ERROR StatusLogger Log4j2 ConfigurationScheduler attempted to increment scheduled items after start
ERROR StatusLogger Log4j2 ConfigurationScheduler attempted to increment scheduled items after start
2024-05-01T09:23:46,610  INFO [main] service.AbstractService: Service:OperationManager is inited.
2024-05-01T09:23:46,610  INFO [main] service.AbstractService: Service:SessionManager is inited.
2024-05-01T09:23:46,610  INFO [main] service.AbstractService: Service:CLIService is inited.
2024-05-01T09:23:46,610  INFO [main] service.AbstractService: Service:OperationManager is started.
2024-05-01T09:23:46,610  INFO [main] service.AbstractService: Service:SessionManager is started.
2024-05-01T09:23:46,611  INFO [main] service.AbstractService: Service:CLIService is started.
2024-05-01T09:23:46,611  INFO [main] service.AbstractService: Service:ThriftBinaryCLIService is inited.
2024-05-01T09:23:46,611  INFO [main] thrift.ThriftCLIService: Client protocol version: HIVE_CLI_SERVICE_PROTOCOL_V10
2024-05-01T09:23:46,611  INFO [main] thrift.ThriftCLIService: Creating Hive session handle for user [null] from IP null
2024-05-01T09:23:46,613  INFO [main] DependencyResolver: ivysettings.xml file not found in HIVE_HOME or HIVE_CONF_DIR,/home/alex/Repositories/hive/conf/ivysettings.xml will be used
2024-05-01T09:23:46,623  INFO [main] session.SessionState: Created HDFS directory: /tmp/hive/alex/100fa1fe-f637-4b74-b2a5-8c5a3ac132b8
2024-05-01T09:23:46,627  INFO [main] session.SessionState: Created local directory: /home/alex/Repositories/hive/beeline/target/tmp/alex/100fa1fe-f637-4b74-b2a5-8c5a3ac132b8
2024-05-01T09:23:46,633  INFO [main] session.SessionState: Created HDFS directory: /tmp/hive/alex/100fa1fe-f637-4b74-b2a5-8c5a3ac132b8/_tmp_space.db
2024-05-01T09:23:46,633  INFO [main] session.SessionState: Reloading auxiliary JAR files
2024-05-01T09:23:46,634  WARN [main] session.SessionState: Configuration hive.reloadable.aux.jars.path not specified
2024-05-01T09:23:46,634  INFO [main] HiveMetaStore.audit: ugi=alex	ip=unknown-ip-addr	cmd=Cleaning up thread local RawStore...	
2024-05-01T09:23:46,634  INFO [main] metastore.ObjectStore: RawStore: org.apache.hadoop.hive.metastore.ObjectStore@6ce15112, with PersistenceManager: org.datanucleus.api.jdo.JDOPersistenceManager@ba4f370 will be shutdown
2024-05-01T09:23:46,634  INFO [main] HiveMetaStore.audit: ugi=alex	ip=unknown-ip-addr	cmd=Done cleaning up thread local RawStore	
2024-05-01T09:23:46,634  INFO [main] metastore.HiveMetaStoreClient: Closed a connection to metastore, current connections: -3
2024-05-01T09:23:46,635  INFO [main] session.HiveSessionImpl: Operation log session directory is created: /home/alex/Repositories/hive/beeline/target/tmp/alex/operation_logs/100fa1fe-f637-4b74-b2a5-8c5a3ac132b8
2024-05-01T09:23:46,635  INFO [main] service.CompositeService: Session opened, SessionHandle [100fa1fe-f637-4b74-b2a5-8c5a3ac132b8], current sessions:1
2024-05-01T09:23:46,635  INFO [main] thrift.ThriftCLIService: Login attempt is successful for user : null
2024-05-01T09:23:46,723  WARN [main] conf.HiveConf: HiveConf of name hive.dummyparam.test.server.specific.config.override does not exist
2024-05-01T09:23:46,724  WARN [main] conf.HiveConf: HiveConf of name hive.dummyparam.test.server.specific.config.hiveserver2site does not exist
2024-05-01T09:23:46,724  WARN [main] conf.HiveConf: HiveConf of name hive.dummyparam.test.server.specific.config.metastoresite does not exist
2024-05-01T09:23:46,725  INFO [100fa1fe-f637-4b74-b2a5-8c5a3ac132b8 main] session.HiveSessionImpl: executing set
2024-05-01T09:23:46,725  INFO [100fa1fe-f637-4b74-b2a5-8c5a3ac132b8 main] operation.HiveCommandOperation: Putting temp output to file /home/alex/Repositories/hive/beeline/target/tmp/alex/100fa1fe-f637-4b74-b2a5-8c5a3ac132b87948428877836887385.pipeout and error output to file /home/alex/Repositories/hive/beeline/target/tmp/alex/100fa1fe-f637-4b74-b2a5-8c5a3ac132b86248203500372992876.pipeout
2024-05-01T09:23:46,726  INFO [100fa1fe-f637-4b74-b2a5-8c5a3ac132b8 main] operation.OperationManager: Adding operation: OperationHandle [opType=EXECUTE_STATEMENT, getHandleIdentifier()=054f9536-9a90-48cf-bdb3-4e01f3dbcefa] SessionHandle [100fa1fe-f637-4b74-b2a5-8c5a3ac132b8]
2024-05-01T09:23:46,726  INFO [100fa1fe-f637-4b74-b2a5-8c5a3ac132b8 main] common.LogUtils: Thread context registration is done.
DEBUG StatusLogger Building Plugin[name=filter, class=org.apache.hadoop.hive.ql.log.LogDivertAppender$NameFilter].
DEBUG StatusLogger createFilter(loggingLevel="EXECUTION")
DEBUG StatusLogger Building Plugin[name=layout, class=org.apache.logging.log4j.core.layout.PatternLayout].
DEBUG StatusLogger PatternLayout$Builder(pattern="%-5p : %m%n", PatternSelector=null, Configuration(HiveLog4j2Test), Replace=null, charset="null", alwaysWriteExceptions="null", disableAnsi="null", noConsoleNoAnsi="null", header="null", footer="null")
DEBUG StatusLogger Building Plugin[name=appender, class=org.apache.hadoop.hive.ql.log.HushableRandomAccessFileAppender].
DEBUG StatusLogger createAppender(fileName="/home/alex/Repositories/hive/beeline/target/tmp/alex/operation_logs/100fa1fe-f637-4b74-b2a5-8c5a3ac132b8/alex_20240501092346_2a4b2b0a-ec0a-48c9-94c5-3e37a151b0ad", append="null", name="query-file-appender", immediateFlush="null", bufferSize="null", ignoreExceptions="null", PatternLayout(org.apache.logging.log4j.core.layout.PatternLayout with name PatternLayout), NameFilter(org.apache.hadoop.hive.ql.log.LogDivertAppender$NameFilter with name NameFilter), advertise="null", advertiseURI="null", Configuration(HiveLog4j2Test))
DEBUG StatusLogger Starting RandomAccessFileManager /home/alex/Repositories/hive/beeline/target/tmp/alex/operation_logs/100fa1fe-f637-4b74-b2a5-8c5a3ac132b8/alex_20240501092346_2a4b2b0a-ec0a-48c9-94c5-3e37a151b0ad
DEBUG StatusLogger Building Plugin[name=, class=org.apache.hadoop.hive.ql.log.LogDivertAppenderForTest$TestFilter].
DEBUG StatusLogger createFilter()
DEBUG StatusLogger Building Plugin[name=, class=org.apache.logging.log4j.core.layout.PatternLayout].
DEBUG StatusLogger PatternLayout$Builder(pattern="%-5p : %m%n", PatternSelector=null, Configuration(HiveLog4j2Test), Replace=null, charset="null", alwaysWriteExceptions="null", disableAnsi="null", noConsoleNoAnsi="null", header="null", footer="null")
DEBUG StatusLogger Building Plugin[name=appender, class=org.apache.hadoop.hive.ql.log.HushableRandomAccessFileAppender].
DEBUG StatusLogger createAppender(fileName="/home/alex/Repositories/hive/beeline/target/tmp/alex/operation_logs/100fa1fe-f637-4b74-b2a5-8c5a3ac132b8/alex_20240501092346_2a4b2b0a-ec0a-48c9-94c5-3e37a151b0ad.test", append="null", name="test-query-file-appender", immediateFlush="null", bufferSize="null", ignoreExceptions="null", PatternLayout(org.apache.logging.log4j.core.layout.PatternLayout with name PatternLayout), test-filter(org.apache.hadoop.hive.ql.log.LogDivertAppenderForTest$TestFilter with name test-filter), advertise="null", advertiseURI="null", Configuration(HiveLog4j2Test))
DEBUG StatusLogger Starting RandomAccessFileManager /home/alex/Repositories/hive/beeline/target/tmp/alex/operation_logs/100fa1fe-f637-4b74-b2a5-8c5a3ac132b8/alex_20240501092346_2a4b2b0a-ec0a-48c9-94c5-3e37a151b0ad.test
2024-05-01T09:23:46,733  INFO [100fa1fe-f637-4b74-b2a5-8c5a3ac132b8 main] operation.HiveCommandOperation: [opType=EXECUTE_STATEMENT, queryId=alex_20240501092346_2a4b2b0a-ec0a-48c9-94c5-3e37a151b0ad, startTime=1714580626725, sessionId=100fa1fe-f637-4b74-b2a5-8c5a3ac132b8, createTime=1714580626611, userName=null, ipAddress=null]
2024-05-01T09:23:46,745  INFO [100fa1fe-f637-4b74-b2a5-8c5a3ac132b8 main] common.LogUtils: Unregistered logging context.
2024-05-01T09:23:46,752  INFO [100fa1fe-f637-4b74-b2a5-8c5a3ac132b8 main] operation.OperationManager: Closing operation: OperationHandle [opType=EXECUTE_STATEMENT, getHandleIdentifier()=054f9536-9a90-48cf-bdb3-4e01f3dbcefa]
2024-05-01T09:23:46,752  INFO [100fa1fe-f637-4b74-b2a5-8c5a3ac132b8 main] operation.OperationManager: Removed queryId: alex_20240501092346_2a4b2b0a-ec0a-48c9-94c5-3e37a151b0ad corresponding to operation: OperationHandle [opType=EXECUTE_STATEMENT, getHandleIdentifier()=054f9536-9a90-48cf-bdb3-4e01f3dbcefa] with tag: null
2024-05-01T09:23:46,753  INFO [100fa1fe-f637-4b74-b2a5-8c5a3ac132b8 main] operation.HiveCommandOperation: Closing operation log /home/alex/Repositories/hive/beeline/target/tmp/alex/operation_logs/100fa1fe-f637-4b74-b2a5-8c5a3ac132b8/alex_20240501092346_2a4b2b0a-ec0a-48c9-94c5-3e37a151b0ad without delay
2024-05-01T09:23:46,756  INFO [100fa1fe-f637-4b74-b2a5-8c5a3ac132b8 main] session.HiveSessionImpl: executing use test
2024-05-01T09:23:46,757  INFO [100fa1fe-f637-4b74-b2a5-8c5a3ac132b8 main] operation.OperationManager: Adding operation: OperationHandle [opType=EXECUTE_STATEMENT, getHandleIdentifier()=c0c92ce6-f059-40c8-95f5-9783a3b2fae4] SessionHandle [100fa1fe-f637-4b74-b2a5-8c5a3ac132b8]
2024-05-01T09:23:46,757  INFO [100fa1fe-f637-4b74-b2a5-8c5a3ac132b8 main] common.LogUtils: Thread context registration is done.
DEBUG StatusLogger Building Plugin[name=filter, class=org.apache.hadoop.hive.ql.log.LogDivertAppender$NameFilter].
DEBUG StatusLogger createFilter(loggingLevel="EXECUTION")
DEBUG StatusLogger Building Plugin[name=layout, class=org.apache.logging.log4j.core.layout.PatternLayout].
DEBUG StatusLogger PatternLayout$Builder(pattern="%-5p : %m%n", PatternSelector=null, Configuration(HiveLog4j2Test), Replace=null, charset="null", alwaysWriteExceptions="null", disableAnsi="null", noConsoleNoAnsi="null", header="null", footer="null")
DEBUG StatusLogger Building Plugin[name=appender, class=org.apache.hadoop.hive.ql.log.HushableRandomAccessFileAppender].
DEBUG StatusLogger createAppender(fileName="/home/alex/Repositories/hive/beeline/target/tmp/alex/operation_logs/100fa1fe-f637-4b74-b2a5-8c5a3ac132b8/alex_20240501092346_782b2ee2-a711-49fa-909e-d4dfdd0fe540", append="null", name="query-file-appender", immediateFlush="null", bufferSize="null", ignoreExceptions="null", PatternLayout(org.apache.logging.log4j.core.layout.PatternLayout with name PatternLayout), NameFilter(org.apache.hadoop.hive.ql.log.LogDivertAppender$NameFilter with name NameFilter), advertise="null", advertiseURI="null", Configuration(HiveLog4j2Test))
DEBUG StatusLogger Starting RandomAccessFileManager /home/alex/Repositories/hive/beeline/target/tmp/alex/operation_logs/100fa1fe-f637-4b74-b2a5-8c5a3ac132b8/alex_20240501092346_782b2ee2-a711-49fa-909e-d4dfdd0fe540
DEBUG StatusLogger Building Plugin[name=, class=org.apache.hadoop.hive.ql.log.LogDivertAppenderForTest$TestFilter].
DEBUG StatusLogger createFilter()
DEBUG StatusLogger Building Plugin[name=, class=org.apache.logging.log4j.core.layout.PatternLayout].
DEBUG StatusLogger PatternLayout$Builder(pattern="%-5p : %m%n", PatternSelector=null, Configuration(HiveLog4j2Test), Replace=null, charset="null", alwaysWriteExceptions="null", disableAnsi="null", noConsoleNoAnsi="null", header="null", footer="null")
DEBUG StatusLogger Building Plugin[name=appender, class=org.apache.hadoop.hive.ql.log.HushableRandomAccessFileAppender].
DEBUG StatusLogger createAppender(fileName="/home/alex/Repositories/hive/beeline/target/tmp/alex/operation_logs/100fa1fe-f637-4b74-b2a5-8c5a3ac132b8/alex_20240501092346_782b2ee2-a711-49fa-909e-d4dfdd0fe540.test", append="null", name="test-query-file-appender", immediateFlush="null", bufferSize="null", ignoreExceptions="null", PatternLayout(org.apache.logging.log4j.core.layout.PatternLayout with name PatternLayout), test-filter(org.apache.hadoop.hive.ql.log.LogDivertAppenderForTest$TestFilter with name test-filter), advertise="null", advertiseURI="null", Configuration(HiveLog4j2Test))
DEBUG StatusLogger Starting RandomAccessFileManager /home/alex/Repositories/hive/beeline/target/tmp/alex/operation_logs/100fa1fe-f637-4b74-b2a5-8c5a3ac132b8/alex_20240501092346_782b2ee2-a711-49fa-909e-d4dfdd0fe540.test
2024-05-01T09:23:46,762  INFO [100fa1fe-f637-4b74-b2a5-8c5a3ac132b8 main] operation.SQLOperation: [opType=EXECUTE_STATEMENT, queryId=alex_20240501092346_782b2ee2-a711-49fa-909e-d4dfdd0fe540, startTime=1714580626756, sessionId=100fa1fe-f637-4b74-b2a5-8c5a3ac132b8, createTime=1714580626611, userName=null, ipAddress=null]
2024-05-01T09:23:46,764  INFO [100fa1fe-f637-4b74-b2a5-8c5a3ac132b8 main] ql.Driver: Compiling command(queryId=alex_20240501092346_782b2ee2-a711-49fa-909e-d4dfdd0fe540): use test
2024-05-01T09:23:46,766  INFO [100fa1fe-f637-4b74-b2a5-8c5a3ac132b8 main] metastore.HiveMetaStoreClient: HMS client filtering is enabled.
2024-05-01T09:23:46,767  INFO [100fa1fe-f637-4b74-b2a5-8c5a3ac132b8 main] metastore.HMSHandler: 0: Opening raw store with implementation class:org.apache.hadoop.hive.metastore.ObjectStore
2024-05-01T09:23:46,767  INFO [100fa1fe-f637-4b74-b2a5-8c5a3ac132b8 main] metastore.PersistenceManagerProvider: Configuration datanucleus.autoStartMechanismMode is not set. Defaulting to 'ignored'
2024-05-01T09:23:46,768  INFO [100fa1fe-f637-4b74-b2a5-8c5a3ac132b8 main] metastore.ObjectStore: RawStore: org.apache.hadoop.hive.metastore.ObjectStore@15586843, with PersistenceManager: null will be shutdown
2024-05-01T09:23:46,768  INFO [100fa1fe-f637-4b74-b2a5-8c5a3ac132b8 main] metastore.ObjectStore: RawStore: org.apache.hadoop.hive.metastore.ObjectStore@15586843, with PersistenceManager: org.datanucleus.api.jdo.JDOPersistenceManager@4fbb1144 created in the thread with id: 1
2024-05-01T09:23:46,774  INFO [100fa1fe-f637-4b74-b2a5-8c5a3ac132b8 main] metastore.HMSHandler: Created RawStore: org.apache.hadoop.hive.metastore.ObjectStore@15586843 from thread id: 1
2024-05-01T09:23:46,774  INFO [100fa1fe-f637-4b74-b2a5-8c5a3ac132b8 main] metastore.HMSHandler: HMS server filtering is disabled by configuration
2024-05-01T09:23:46,774  INFO [100fa1fe-f637-4b74-b2a5-8c5a3ac132b8 main] metastore.RetryingMetaStoreClient: RetryingMetaStoreClient proxy=class org.apache.hadoop.hive.ql.metadata.SessionHiveMetaStoreClient ugi=alex (auth:SIMPLE) retries=1 delay=1 lifetime=0
2024-05-01T09:23:46,776  INFO [100fa1fe-f637-4b74-b2a5-8c5a3ac132b8 main] HiveMetaStore.audit: ugi=alex	ip=unknown-ip-addr	cmd=get_database: test	
2024-05-01T09:23:46,786  INFO [100fa1fe-f637-4b74-b2a5-8c5a3ac132b8 main] ql.Driver: Semantic Analysis Completed (retrial = false)
2024-05-01T09:23:46,787  INFO [100fa1fe-f637-4b74-b2a5-8c5a3ac132b8 main] ql.Driver: Created Hive schema: Schema(fieldSchemas:null, properties:null)
2024-05-01T09:23:46,787  INFO [100fa1fe-f637-4b74-b2a5-8c5a3ac132b8 main] metadata.Hive: Dumping metastore api call timing information for : compilation phase
2024-05-01T09:23:46,787  INFO [100fa1fe-f637-4b74-b2a5-8c5a3ac132b8 main] metadata.Hive: Total time spent in each metastore function (ms): {isCompatibleWith_(Configuration)=0, getDatabase_(String)=11, flushCache_()=0}
2024-05-01T09:23:46,787  INFO [100fa1fe-f637-4b74-b2a5-8c5a3ac132b8 main] ql.Driver: Completed compiling command(queryId=alex_20240501092346_782b2ee2-a711-49fa-909e-d4dfdd0fe540); Time taken: 0.023 seconds
2024-05-01T09:23:46,787  INFO [100fa1fe-f637-4b74-b2a5-8c5a3ac132b8 main] common.LogUtils: Unregistered logging context.
2024-05-01T09:23:46,788  INFO [HiveServer2-Background-Pool: Thread-113] common.LogUtils: Thread context registration is done.
2024-05-01T09:23:46,788  INFO [HiveServer2-Background-Pool: Thread-113] reexec.ReExecDriver: Execution #1 of query
2024-05-01T09:23:46,789  INFO [HiveServer2-Background-Pool: Thread-113] ql.Driver: Concurrency mode is disabled, not creating a lock manager
2024-05-01T09:23:46,789  INFO [HiveServer2-Background-Pool: Thread-113] ql.Driver: Executing command(queryId=alex_20240501092346_782b2ee2-a711-49fa-909e-d4dfdd0fe540): use test
2024-05-01T09:23:46,790  INFO [HiveServer2-Background-Pool: Thread-113] ql.Driver: Starting task [Stage-0:DDL] in serial mode
2024-05-01T09:23:46,791  INFO [HiveServer2-Background-Pool: Thread-113] HiveMetaStore.audit: ugi=alex	ip=unknown-ip-addr	cmd=get_database: test	
2024-05-01T09:23:46,792  INFO [HiveServer2-Background-Pool: Thread-113] metastore.HMSHandler: 3: Opening raw store with implementation class:org.apache.hadoop.hive.metastore.ObjectStore
2024-05-01T09:23:46,794  INFO [HiveServer2-Background-Pool: Thread-113] metastore.ObjectStore: RawStore: org.apache.hadoop.hive.metastore.ObjectStore@4e86967d, with PersistenceManager: null will be shutdown
2024-05-01T09:23:46,795  INFO [HiveServer2-Background-Pool: Thread-113] metastore.ObjectStore: RawStore: org.apache.hadoop.hive.metastore.ObjectStore@4e86967d, with PersistenceManager: org.datanucleus.api.jdo.JDOPersistenceManager@b8411c9 created in the thread with id: 113
2024-05-01T09:23:46,800  INFO [HiveServer2-Background-Pool: Thread-113] metastore.HMSHandler: Created RawStore: org.apache.hadoop.hive.metastore.ObjectStore@4e86967d from thread id: 113
2024-05-01T09:23:46,803  INFO [HiveServer2-Background-Pool: Thread-113] HiveMetaStore.audit: ugi=alex	ip=unknown-ip-addr	cmd=get_database: test	
2024-05-01T09:23:46,805  INFO [HiveServer2-Background-Pool: Thread-113] metadata.Hive: Dumping metastore api call timing information for : execution phase
2024-05-01T09:23:46,805  INFO [HiveServer2-Background-Pool: Thread-113] metadata.Hive: Total time spent in each metastore function (ms): {isCompatibleWith_(Configuration)=0, getDatabase_(String)=13}
2024-05-01T09:23:46,805  INFO [HiveServer2-Background-Pool: Thread-113] ql.Driver: Completed executing command(queryId=alex_20240501092346_782b2ee2-a711-49fa-909e-d4dfdd0fe540); Time taken: 0.016 seconds
2024-05-01T09:23:46,806  INFO [HiveServer2-Background-Pool: Thread-113] common.LogUtils: Unregistered logging context.
2024-05-01T09:23:46,809  INFO [100fa1fe-f637-4b74-b2a5-8c5a3ac132b8 main] operation.OperationManager: Closing operation: OperationHandle [opType=EXECUTE_STATEMENT, getHandleIdentifier()=c0c92ce6-f059-40c8-95f5-9783a3b2fae4]
2024-05-01T09:23:46,809  INFO [100fa1fe-f637-4b74-b2a5-8c5a3ac132b8 main] operation.OperationManager: Removed queryId: alex_20240501092346_782b2ee2-a711-49fa-909e-d4dfdd0fe540 corresponding to operation: OperationHandle [opType=EXECUTE_STATEMENT, getHandleIdentifier()=c0c92ce6-f059-40c8-95f5-9783a3b2fae4] with tag: null
2024-05-01T09:23:46,809  INFO [100fa1fe-f637-4b74-b2a5-8c5a3ac132b8 main] operation.SQLOperation: Closing operation log /home/alex/Repositories/hive/beeline/target/tmp/alex/operation_logs/100fa1fe-f637-4b74-b2a5-8c5a3ac132b8/alex_20240501092346_782b2ee2-a711-49fa-909e-d4dfdd0fe540 without delay
2024-05-01T09:23:46,886  WARN [main] conf.HiveConf: HiveConf of name hive.dummyparam.test.server.specific.config.override does not exist
2024-05-01T09:23:46,886  WARN [main] conf.HiveConf: HiveConf of name hive.dummyparam.test.server.specific.config.hiveserver2site does not exist
2024-05-01T09:23:46,887  WARN [main] conf.HiveConf: HiveConf of name hive.dummyparam.test.server.specific.config.metastoresite does not exist
2024-05-01T09:23:46,888  INFO [100fa1fe-f637-4b74-b2a5-8c5a3ac132b8 main] session.HiveSessionImpl: executing set
2024-05-01T09:23:46,889  INFO [100fa1fe-f637-4b74-b2a5-8c5a3ac132b8 main] operation.HiveCommandOperation: Putting temp output to file /home/alex/Repositories/hive/beeline/target/tmp/alex/100fa1fe-f637-4b74-b2a5-8c5a3ac132b87948428877836887385.pipeout and error output to file /home/alex/Repositories/hive/beeline/target/tmp/alex/100fa1fe-f637-4b74-b2a5-8c5a3ac132b86248203500372992876.pipeout
2024-05-01T09:23:46,889  INFO [100fa1fe-f637-4b74-b2a5-8c5a3ac132b8 main] operation.OperationManager: Adding operation: OperationHandle [opType=EXECUTE_STATEMENT, getHandleIdentifier()=69a23466-6cb3-452c-9bcf-4f355d0cc9ea] SessionHandle [100fa1fe-f637-4b74-b2a5-8c5a3ac132b8]
2024-05-01T09:23:46,889  INFO [100fa1fe-f637-4b74-b2a5-8c5a3ac132b8 main] common.LogUtils: Thread context registration is done.
DEBUG StatusLogger Building Plugin[name=filter, class=org.apache.hadoop.hive.ql.log.LogDivertAppender$NameFilter].
DEBUG StatusLogger createFilter(loggingLevel="EXECUTION")
DEBUG StatusLogger Building Plugin[name=layout, class=org.apache.logging.log4j.core.layout.PatternLayout].
DEBUG StatusLogger PatternLayout$Builder(pattern="%-5p : %m%n", PatternSelector=null, Configuration(HiveLog4j2Test), Replace=null, charset="null", alwaysWriteExceptions="null", disableAnsi="null", noConsoleNoAnsi="null", header="null", footer="null")
DEBUG StatusLogger Building Plugin[name=appender, class=org.apache.hadoop.hive.ql.log.HushableRandomAccessFileAppender].
DEBUG StatusLogger createAppender(fileName="/home/alex/Repositories/hive/beeline/target/tmp/alex/operation_logs/100fa1fe-f637-4b74-b2a5-8c5a3ac132b8/alex_20240501092346_42460c7e-1f06-4e07-b585-b7a00e49a2df", append="null", name="query-file-appender", immediateFlush="null", bufferSize="null", ignoreExceptions="null", PatternLayout(org.apache.logging.log4j.core.layout.PatternLayout with name PatternLayout), NameFilter(org.apache.hadoop.hive.ql.log.LogDivertAppender$NameFilter with name NameFilter), advertise="null", advertiseURI="null", Configuration(HiveLog4j2Test))
DEBUG StatusLogger Starting RandomAccessFileManager /home/alex/Repositories/hive/beeline/target/tmp/alex/operation_logs/100fa1fe-f637-4b74-b2a5-8c5a3ac132b8/alex_20240501092346_42460c7e-1f06-4e07-b585-b7a00e49a2df
DEBUG StatusLogger Building Plugin[name=, class=org.apache.hadoop.hive.ql.log.LogDivertAppenderForTest$TestFilter].
DEBUG StatusLogger createFilter()
DEBUG StatusLogger Building Plugin[name=, class=org.apache.logging.log4j.core.layout.PatternLayout].
DEBUG StatusLogger PatternLayout$Builder(pattern="%-5p : %m%n", PatternSelector=null, Configuration(HiveLog4j2Test), Replace=null, charset="null", alwaysWriteExceptions="null", disableAnsi="null", noConsoleNoAnsi="null", header="null", footer="null")
DEBUG StatusLogger Building Plugin[name=appender, class=org.apache.hadoop.hive.ql.log.HushableRandomAccessFileAppender].
DEBUG StatusLogger createAppender(fileName="/home/alex/Repositories/hive/beeline/target/tmp/alex/operation_logs/100fa1fe-f637-4b74-b2a5-8c5a3ac132b8/alex_20240501092346_42460c7e-1f06-4e07-b585-b7a00e49a2df.test", append="null", name="test-query-file-appender", immediateFlush="null", bufferSize="null", ignoreExceptions="null", PatternLayout(org.apache.logging.log4j.core.layout.PatternLayout with name PatternLayout), test-filter(org.apache.hadoop.hive.ql.log.LogDivertAppenderForTest$TestFilter with name test-filter), advertise="null", advertiseURI="null", Configuration(HiveLog4j2Test))
DEBUG StatusLogger Starting RandomAccessFileManager /home/alex/Repositories/hive/beeline/target/tmp/alex/operation_logs/100fa1fe-f637-4b74-b2a5-8c5a3ac132b8/alex_20240501092346_42460c7e-1f06-4e07-b585-b7a00e49a2df.test
2024-05-01T09:23:46,895  INFO [100fa1fe-f637-4b74-b2a5-8c5a3ac132b8 main] operation.HiveCommandOperation: [opType=EXECUTE_STATEMENT, queryId=alex_20240501092346_42460c7e-1f06-4e07-b585-b7a00e49a2df, startTime=1714580626888, sessionId=100fa1fe-f637-4b74-b2a5-8c5a3ac132b8, createTime=1714580626611, userName=null, ipAddress=null]
2024-05-01T09:23:46,907  INFO [100fa1fe-f637-4b74-b2a5-8c5a3ac132b8 main] common.LogUtils: Unregistered logging context.
2024-05-01T09:23:46,914  INFO [100fa1fe-f637-4b74-b2a5-8c5a3ac132b8 main] operation.OperationManager: Closing operation: OperationHandle [opType=EXECUTE_STATEMENT, getHandleIdentifier()=69a23466-6cb3-452c-9bcf-4f355d0cc9ea]
2024-05-01T09:23:46,914  INFO [100fa1fe-f637-4b74-b2a5-8c5a3ac132b8 main] operation.OperationManager: Removed queryId: alex_20240501092346_42460c7e-1f06-4e07-b585-b7a00e49a2df corresponding to operation: OperationHandle [opType=EXECUTE_STATEMENT, getHandleIdentifier()=69a23466-6cb3-452c-9bcf-4f355d0cc9ea] with tag: null
2024-05-01T09:23:46,914  INFO [100fa1fe-f637-4b74-b2a5-8c5a3ac132b8 main] operation.HiveCommandOperation: Closing operation log /home/alex/Repositories/hive/beeline/target/tmp/alex/operation_logs/100fa1fe-f637-4b74-b2a5-8c5a3ac132b8/alex_20240501092346_42460c7e-1f06-4e07-b585-b7a00e49a2df without delay
2024-05-01T09:23:46,916  INFO [100fa1fe-f637-4b74-b2a5-8c5a3ac132b8 main] session.HiveSessionImpl: executing create table if not exists test.testSrcTbl3(sc3 string)
2024-05-01T09:23:46,917  INFO [100fa1fe-f637-4b74-b2a5-8c5a3ac132b8 main] operation.OperationManager: Adding operation: OperationHandle [opType=EXECUTE_STATEMENT, getHandleIdentifier()=6de03057-70df-4cb5-bdf3-a6f98fadc070] SessionHandle [100fa1fe-f637-4b74-b2a5-8c5a3ac132b8]
2024-05-01T09:23:46,918  INFO [100fa1fe-f637-4b74-b2a5-8c5a3ac132b8 main] common.LogUtils: Thread context registration is done.
DEBUG StatusLogger Building Plugin[name=filter, class=org.apache.hadoop.hive.ql.log.LogDivertAppender$NameFilter].
DEBUG StatusLogger createFilter(loggingLevel="EXECUTION")
DEBUG StatusLogger Building Plugin[name=layout, class=org.apache.logging.log4j.core.layout.PatternLayout].
DEBUG StatusLogger PatternLayout$Builder(pattern="%-5p : %m%n", PatternSelector=null, Configuration(HiveLog4j2Test), Replace=null, charset="null", alwaysWriteExceptions="null", disableAnsi="null", noConsoleNoAnsi="null", header="null", footer="null")
DEBUG StatusLogger Building Plugin[name=appender, class=org.apache.hadoop.hive.ql.log.HushableRandomAccessFileAppender].
DEBUG StatusLogger createAppender(fileName="/home/alex/Repositories/hive/beeline/target/tmp/alex/operation_logs/100fa1fe-f637-4b74-b2a5-8c5a3ac132b8/alex_20240501092346_6d30b328-ebfa-4dbb-8206-e866d8749fbe", append="null", name="query-file-appender", immediateFlush="null", bufferSize="null", ignoreExceptions="null", PatternLayout(org.apache.logging.log4j.core.layout.PatternLayout with name PatternLayout), NameFilter(org.apache.hadoop.hive.ql.log.LogDivertAppender$NameFilter with name NameFilter), advertise="null", advertiseURI="null", Configuration(HiveLog4j2Test))
DEBUG StatusLogger Starting RandomAccessFileManager /home/alex/Repositories/hive/beeline/target/tmp/alex/operation_logs/100fa1fe-f637-4b74-b2a5-8c5a3ac132b8/alex_20240501092346_6d30b328-ebfa-4dbb-8206-e866d8749fbe
DEBUG StatusLogger Building Plugin[name=, class=org.apache.hadoop.hive.ql.log.LogDivertAppenderForTest$TestFilter].
DEBUG StatusLogger createFilter()
DEBUG StatusLogger Building Plugin[name=, class=org.apache.logging.log4j.core.layout.PatternLayout].
DEBUG StatusLogger PatternLayout$Builder(pattern="%-5p : %m%n", PatternSelector=null, Configuration(HiveLog4j2Test), Replace=null, charset="null", alwaysWriteExceptions="null", disableAnsi="null", noConsoleNoAnsi="null", header="null", footer="null")
DEBUG StatusLogger Building Plugin[name=appender, class=org.apache.hadoop.hive.ql.log.HushableRandomAccessFileAppender].
DEBUG StatusLogger createAppender(fileName="/home/alex/Repositories/hive/beeline/target/tmp/alex/operation_logs/100fa1fe-f637-4b74-b2a5-8c5a3ac132b8/alex_20240501092346_6d30b328-ebfa-4dbb-8206-e866d8749fbe.test", append="null", name="test-query-file-appender", immediateFlush="null", bufferSize="null", ignoreExceptions="null", PatternLayout(org.apache.logging.log4j.core.layout.PatternLayout with name PatternLayout), test-filter(org.apache.hadoop.hive.ql.log.LogDivertAppenderForTest$TestFilter with name test-filter), advertise="null", advertiseURI="null", Configuration(HiveLog4j2Test))
DEBUG StatusLogger Starting RandomAccessFileManager /home/alex/Repositories/hive/beeline/target/tmp/alex/operation_logs/100fa1fe-f637-4b74-b2a5-8c5a3ac132b8/alex_20240501092346_6d30b328-ebfa-4dbb-8206-e866d8749fbe.test
2024-05-01T09:23:46,923  INFO [100fa1fe-f637-4b74-b2a5-8c5a3ac132b8 main] operation.SQLOperation: [opType=EXECUTE_STATEMENT, queryId=alex_20240501092346_6d30b328-ebfa-4dbb-8206-e866d8749fbe, startTime=1714580626917, sessionId=100fa1fe-f637-4b74-b2a5-8c5a3ac132b8, createTime=1714580626611, userName=null, ipAddress=null]
2024-05-01T09:23:46,925  INFO [100fa1fe-f637-4b74-b2a5-8c5a3ac132b8 main] ql.Driver: Compiling command(queryId=alex_20240501092346_6d30b328-ebfa-4dbb-8206-e866d8749fbe): create table if not exists test.testSrcTbl3(sc3 string)
2024-05-01T09:23:47,036  INFO [100fa1fe-f637-4b74-b2a5-8c5a3ac132b8 main] parse.CalcitePlanner: Starting caching scope for: alex_20240501092346_6d30b328-ebfa-4dbb-8206-e866d8749fbe
2024-05-01T09:23:47,040  INFO [100fa1fe-f637-4b74-b2a5-8c5a3ac132b8 main] parse.CalcitePlanner: Starting Semantic Analysis
2024-05-01T09:23:47,040  INFO [100fa1fe-f637-4b74-b2a5-8c5a3ac132b8 main] sqlstd.SQLStdHiveAccessController: Created SQLStdHiveAccessController for session context : HiveAuthzSessionContext [sessionString=100fa1fe-f637-4b74-b2a5-8c5a3ac132b8, clientType=HIVESERVER2]
2024-05-01T09:23:47,050  INFO [100fa1fe-f637-4b74-b2a5-8c5a3ac132b8 main] parse.CalcitePlanner: Creating table test.testSrcTbl3 position=27
2024-05-01T09:23:47,067  INFO [100fa1fe-f637-4b74-b2a5-8c5a3ac132b8 main] HiveMetaStore.audit: ugi=alex	ip=unknown-ip-addr	cmd=get_table : tbl=hive.test.testSrcTbl3	
2024-05-01T09:23:47,081  INFO [100fa1fe-f637-4b74-b2a5-8c5a3ac132b8 main] HiveMetaStore.audit: ugi=alex	ip=unknown-ip-addr	cmd=get_database: test	
2024-05-01T09:23:47,094  INFO [100fa1fe-f637-4b74-b2a5-8c5a3ac132b8 main] parse.CalcitePlanner: Ending caching scope for: alex_20240501092346_6d30b328-ebfa-4dbb-8206-e866d8749fbe
2024-05-01T09:23:47,094  INFO [100fa1fe-f637-4b74-b2a5-8c5a3ac132b8 main] ql.Driver: Semantic Analysis Completed (retrial = false)
2024-05-01T09:23:47,094  INFO [100fa1fe-f637-4b74-b2a5-8c5a3ac132b8 main] ql.Driver: Created Hive schema: Schema(fieldSchemas:null, properties:null)
2024-05-01T09:23:47,094  INFO [100fa1fe-f637-4b74-b2a5-8c5a3ac132b8 main] metadata.Hive: Dumping metastore api call timing information for : compilation phase
2024-05-01T09:23:47,094  INFO [100fa1fe-f637-4b74-b2a5-8c5a3ac132b8 main] metadata.Hive: Total time spent in each metastore function (ms): {isCompatibleWith_(Configuration)=0, getDatabase_(String)=2, flushCache_()=0}
2024-05-01T09:23:47,094  INFO [100fa1fe-f637-4b74-b2a5-8c5a3ac132b8 main] ql.Driver: Completed compiling command(queryId=alex_20240501092346_6d30b328-ebfa-4dbb-8206-e866d8749fbe); Time taken: 0.169 seconds
2024-05-01T09:23:47,095  INFO [100fa1fe-f637-4b74-b2a5-8c5a3ac132b8 main] common.LogUtils: Unregistered logging context.
2024-05-01T09:23:47,096  INFO [HiveServer2-Background-Pool: Thread-116] common.LogUtils: Thread context registration is done.
2024-05-01T09:23:47,096  INFO [HiveServer2-Background-Pool: Thread-116] reexec.ReExecDriver: Execution #1 of query
2024-05-01T09:23:47,096  INFO [HiveServer2-Background-Pool: Thread-116] ql.Driver: Concurrency mode is disabled, not creating a lock manager
2024-05-01T09:23:47,097  INFO [HiveServer2-Background-Pool: Thread-116] ql.Driver: Executing command(queryId=alex_20240501092346_6d30b328-ebfa-4dbb-8206-e866d8749fbe): create table if not exists test.testSrcTbl3(sc3 string)
2024-05-01T09:23:47,098  INFO [HiveServer2-Background-Pool: Thread-116] ql.Driver: Starting task [Stage-0:DDL] in serial mode
2024-05-01T09:23:47,216  INFO [HiveServer2-Background-Pool: Thread-116] HiveMetaStore.audit: ugi=alex	ip=unknown-ip-addr	cmd=create_table_req: Table(tableName:testSrcTbl3, dbName:test, owner:alex, createTime:1714580627, lastAccessTime:0, retention:0, sd:StorageDescriptor(cols:[FieldSchema(name:sc3, type:string, comment:null)], location:null, inputFormat:org.apache.hadoop.mapred.TextInputFormat, outputFormat:org.apache.hadoop.hive.ql.io.HiveIgnoreKeyTextOutputFormat, compressed:false, numBuckets:-1, serdeInfo:SerDeInfo(name:null, serializationLib:org.apache.hadoop.hive.serde2.lazy.LazySimpleSerDe, parameters:{serialization.format=1}), bucketCols:[], sortCols:[], parameters:{}, skewedInfo:SkewedInfo(skewedColNames:[], skewedColValues:[], skewedColValueLocationMaps:{}), storedAsSubDirectories:false), partitionKeys:[], parameters:{totalSize=0, numRows=0, rawDataSize=0, COLUMN_STATS_ACCURATE={"BASIC_STATS":"true","COLUMN_STATS":{"sc3":"true"}}, numFiles=0, bucketing_version=2, numFilesErasureCoded=0}, viewOriginalText:null, viewExpandedText:null, tableType:MANAGED_TABLE, privileges:PrincipalPrivilegeSet(userPrivileges:{alex=[PrivilegeGrantInfo(privilege:INSERT, createTime:-1, grantor:alex, grantorType:USER, grantOption:true), PrivilegeGrantInfo(privilege:SELECT, createTime:-1, grantor:alex, grantorType:USER, grantOption:true), PrivilegeGrantInfo(privilege:UPDATE, createTime:-1, grantor:alex, grantorType:USER, grantOption:true), PrivilegeGrantInfo(privilege:DELETE, createTime:-1, grantor:alex, grantorType:USER, grantOption:true)]}, groupPrivileges:null, rolePrivileges:null), temporary:false, catName:hive, ownerType:USER)	
2024-05-01T09:23:47,217  INFO [HiveServer2-Background-Pool: Thread-116] metastore.HMSHandler: 4: Opening raw store with implementation class:org.apache.hadoop.hive.metastore.ObjectStore
2024-05-01T09:23:47,218  INFO [HiveServer2-Background-Pool: Thread-116] metastore.ObjectStore: RawStore: org.apache.hadoop.hive.metastore.ObjectStore@6c5bfb40, with PersistenceManager: null will be shutdown
2024-05-01T09:23:47,218  INFO [HiveServer2-Background-Pool: Thread-116] metastore.ObjectStore: RawStore: org.apache.hadoop.hive.metastore.ObjectStore@6c5bfb40, with PersistenceManager: org.datanucleus.api.jdo.JDOPersistenceManager@37408944 created in the thread with id: 116
2024-05-01T09:23:47,223  INFO [HiveServer2-Background-Pool: Thread-116] metastore.HMSHandler: Created RawStore: org.apache.hadoop.hive.metastore.ObjectStore@6c5bfb40 from thread id: 116
2024-05-01T09:23:47,230  INFO [HiveServer2-Background-Pool: Thread-116] utils.FileUtils: Creating directory if it doesn't exist: file:/home/alex/Repositories/hive/beeline/target/tmp/warehouse/test.db/testsrctbl3
2024-05-01T09:23:47,392  INFO [HiveServer2-Background-Pool: Thread-116] metadata.Hive: Dumping metastore api call timing information for : execution phase
2024-05-01T09:23:47,392  INFO [HiveServer2-Background-Pool: Thread-116] metadata.Hive: Total time spent in each metastore function (ms): {isCompatibleWith_(Configuration)=0, createTable_(Table)=175}
2024-05-01T09:23:47,392  INFO [HiveServer2-Background-Pool: Thread-116] ql.Driver: Completed executing command(queryId=alex_20240501092346_6d30b328-ebfa-4dbb-8206-e866d8749fbe); Time taken: 0.295 seconds
2024-05-01T09:23:47,393  INFO [HiveServer2-Background-Pool: Thread-116] common.LogUtils: Unregistered logging context.
2024-05-01T09:23:47,395  INFO [100fa1fe-f637-4b74-b2a5-8c5a3ac132b8 main] operation.OperationManager: Closing operation: OperationHandle [opType=EXECUTE_STATEMENT, getHandleIdentifier()=6de03057-70df-4cb5-bdf3-a6f98fadc070]
2024-05-01T09:23:47,395  INFO [100fa1fe-f637-4b74-b2a5-8c5a3ac132b8 main] operation.OperationManager: Removed queryId: alex_20240501092346_6d30b328-ebfa-4dbb-8206-e866d8749fbe corresponding to operation: OperationHandle [opType=EXECUTE_STATEMENT, getHandleIdentifier()=6de03057-70df-4cb5-bdf3-a6f98fadc070] with tag: null
2024-05-01T09:23:47,395  INFO [100fa1fe-f637-4b74-b2a5-8c5a3ac132b8 main] operation.SQLOperation: Closing operation log /home/alex/Repositories/hive/beeline/target/tmp/alex/operation_logs/100fa1fe-f637-4b74-b2a5-8c5a3ac132b8/alex_20240501092346_6d30b328-ebfa-4dbb-8206-e866d8749fbe without delay
2024-05-01T09:23:47,401  INFO [main] service.CompositeService: Session closed, SessionHandle [100fa1fe-f637-4b74-b2a5-8c5a3ac132b8], current sessions:0
2024-05-01T09:23:47,401  INFO [100fa1fe-f637-4b74-b2a5-8c5a3ac132b8 main] session.HiveSessionImpl: Operation log session directory is deleted: /home/alex/Repositories/hive/beeline/target/tmp/alex/operation_logs/100fa1fe-f637-4b74-b2a5-8c5a3ac132b8
2024-05-01T09:23:47,402  INFO [main] cleanup.EventualCleanupService: Delete /tmp/hive/alex/100fa1fe-f637-4b74-b2a5-8c5a3ac132b8 operation was queued
2024-05-01T09:23:47,402  INFO [main] cleanup.EventualCleanupService: Delete /home/alex/Repositories/hive/beeline/target/tmp/alex/100fa1fe-f637-4b74-b2a5-8c5a3ac132b8 operation was queued
2024-05-01T09:23:47,402  INFO [EventualCleanupService thread 1] cleanup.EventualCleanupService: Deleted /home/alex/Repositories/hive/beeline/target/tmp/alex/100fa1fe-f637-4b74-b2a5-8c5a3ac132b8
2024-05-01T09:23:47,402  INFO [EventualCleanupService thread 0] cleanup.EventualCleanupService: Deleted /tmp/hive/alex/100fa1fe-f637-4b74-b2a5-8c5a3ac132b8
2024-05-01T09:23:47,403  INFO [main] HiveMetaStore.audit: ugi=alex	ip=unknown-ip-addr	cmd=Cleaning up thread local RawStore...	
2024-05-01T09:23:47,403  INFO [main] metastore.ObjectStore: RawStore: org.apache.hadoop.hive.metastore.ObjectStore@15586843, with PersistenceManager: org.datanucleus.api.jdo.JDOPersistenceManager@4fbb1144 will be shutdown
2024-05-01T09:23:47,404  INFO [main] HiveMetaStore.audit: ugi=alex	ip=unknown-ip-addr	cmd=Done cleaning up thread local RawStore	
2024-05-01T09:23:47,404  INFO [main] metastore.HiveMetaStoreClient: Closed a connection to metastore, current connections: -4
]]></system-err>
  </testcase>
  <testcase name="testSourceCmd3" classname="org.apache.hive.beeline.cli.TestHiveCli" time="0.703">
    <failure type="java.lang.AssertionError"><![CDATA[java.lang.AssertionError: Supported return code is 2 while the actual is 0
	at org.junit.Assert.fail(Assert.java:89)
	at org.apache.hive.beeline.cli.TestHiveCli.executeCMD(TestHiveCli.java:256)
	at org.apache.hive.beeline.cli.TestHiveCli.verifyCMD(TestHiveCli.java:266)
	at org.apache.hive.beeline.cli.TestHiveCli.testSourceCmd3(TestHiveCli.java:130)
	at sun.reflect.NativeMethodAccessorImpl.invoke0(Native Method)
	at sun.reflect.NativeMethodAccessorImpl.invoke(NativeMethodAccessorImpl.java:62)
	at sun.reflect.DelegatingMethodAccessorImpl.invoke(DelegatingMethodAccessorImpl.java:43)
	at java.lang.reflect.Method.invoke(Method.java:498)
	at org.junit.runners.model.FrameworkMethod$1.runReflectiveCall(FrameworkMethod.java:59)
	at org.junit.internal.runners.model.ReflectiveCallable.run(ReflectiveCallable.java:12)
	at org.junit.runners.model.FrameworkMethod.invokeExplosively(FrameworkMethod.java:56)
	at org.junit.internal.runners.statements.InvokeMethod.evaluate(InvokeMethod.java:17)
	at org.junit.internal.runners.statements.RunBefores.evaluate(RunBefores.java:26)
	at org.junit.internal.runners.statements.RunAfters.evaluate(RunAfters.java:27)
	at org.junit.runners.ParentRunner$3.evaluate(ParentRunner.java:306)
	at org.junit.runners.BlockJUnit4ClassRunner$1.evaluate(BlockJUnit4ClassRunner.java:100)
	at org.junit.runners.ParentRunner.runLeaf(ParentRunner.java:366)
	at org.junit.runners.BlockJUnit4ClassRunner.runChild(BlockJUnit4ClassRunner.java:103)
	at org.junit.runners.BlockJUnit4ClassRunner.runChild(BlockJUnit4ClassRunner.java:63)
	at org.junit.runners.ParentRunner$4.run(ParentRunner.java:331)
	at org.junit.runners.ParentRunner$1.schedule(ParentRunner.java:79)
	at org.junit.runners.ParentRunner.runChildren(ParentRunner.java:329)
	at org.junit.runners.ParentRunner.access$100(ParentRunner.java:66)
	at org.junit.runners.ParentRunner$2.evaluate(ParentRunner.java:293)
	at org.junit.internal.runners.statements.RunBefores.evaluate(RunBefores.java:26)
	at org.junit.runners.ParentRunner$3.evaluate(ParentRunner.java:306)
	at org.junit.runners.ParentRunner.run(ParentRunner.java:413)
	at org.junit.runner.JUnitCore.run(JUnitCore.java:137)
	at org.junit.runner.JUnitCore.run(JUnitCore.java:115)
	at org.junit.vintage.engine.execution.RunnerExecutor.execute(RunnerExecutor.java:43)
	at java.util.stream.ForEachOps$ForEachOp$OfRef.accept(ForEachOps.java:183)
	at java.util.stream.ReferencePipeline$3$1.accept(ReferencePipeline.java:193)
	at java.util.Iterator.forEachRemaining(Iterator.java:116)
	at java.util.Spliterators$IteratorSpliterator.forEachRemaining(Spliterators.java:1801)
	at java.util.stream.AbstractPipeline.copyInto(AbstractPipeline.java:482)
	at java.util.stream.AbstractPipeline.wrapAndCopyInto(AbstractPipeline.java:472)
	at java.util.stream.ForEachOps$ForEachOp.evaluateSequential(ForEachOps.java:150)
	at java.util.stream.ForEachOps$ForEachOp$OfRef.evaluateSequential(ForEachOps.java:173)
	at java.util.stream.AbstractPipeline.evaluate(AbstractPipeline.java:234)
	at java.util.stream.ReferencePipeline.forEach(ReferencePipeline.java:485)
	at org.junit.vintage.engine.VintageTestEngine.executeAllChildren(VintageTestEngine.java:82)
	at org.junit.vintage.engine.VintageTestEngine.execute(VintageTestEngine.java:73)
	at org.junit.platform.launcher.core.DefaultLauncher.execute(DefaultLauncher.java:248)
	at org.junit.platform.launcher.core.DefaultLauncher.lambda$execute$5(DefaultLauncher.java:211)
	at org.junit.platform.launcher.core.DefaultLauncher.withInterceptedStreams(DefaultLauncher.java:226)
	at org.junit.platform.launcher.core.DefaultLauncher.execute(DefaultLauncher.java:199)
	at org.junit.platform.launcher.core.DefaultLauncher.execute(DefaultLauncher.java:132)
	at org.apache.maven.surefire.junitplatform.JUnitPlatformProvider.invokeAllTests(JUnitPlatformProvider.java:154)
	at org.apache.maven.surefire.junitplatform.JUnitPlatformProvider.invoke(JUnitPlatformProvider.java:123)
	at org.apache.maven.surefire.booter.ForkedBooter.runSuitesInProcess(ForkedBooter.java:377)
	at org.apache.maven.surefire.booter.ForkedBooter.execute(ForkedBooter.java:138)
	at org.apache.maven.surefire.booter.ForkedBooter.run(ForkedBooter.java:465)
	at org.apache.maven.surefire.booter.ForkedBooter.main(ForkedBooter.java:451)
]]></failure>
    <system-err><![CDATA[2024-05-01T09:23:47,406 ERROR [main] cli.TestHiveCli: Failed to execute command due to the error: java.lang.NullPointerException: Null output stream
2024-05-01T09:23:47,479  WARN [main] conf.HiveConf: HiveConf of name hive.dummyparam.test.server.specific.config.override does not exist
2024-05-01T09:23:47,480  WARN [main] conf.HiveConf: HiveConf of name hive.dummyparam.test.server.specific.config.hiveserver2site does not exist
2024-05-01T09:23:47,480  WARN [main] conf.HiveConf: HiveConf of name hive.dummyparam.test.server.specific.config.metastoresite does not exist
2024-05-01T09:23:47,481  INFO [main] SessionState: Hive Session ID = b41a69a6-b2d0-434a-b38b-f1cddb826e19
2024-05-01T09:23:47,481  INFO [main] DependencyResolver: ivysettings.xml file not found in HIVE_HOME or HIVE_CONF_DIR,/home/alex/Repositories/hive/conf/ivysettings.xml will be used
2024-05-01T09:23:47,489  INFO [main] session.SessionState: Created HDFS directory: /tmp/hive/alex/b41a69a6-b2d0-434a-b38b-f1cddb826e19
2024-05-01T09:23:47,492  INFO [main] session.SessionState: Created local directory: /home/alex/Repositories/hive/beeline/target/tmp/alex/b41a69a6-b2d0-434a-b38b-f1cddb826e19
2024-05-01T09:23:47,496  INFO [main] session.SessionState: Created HDFS directory: /tmp/hive/alex/b41a69a6-b2d0-434a-b38b-f1cddb826e19/_tmp_space.db
2024-05-01T09:23:47,497  INFO [main] sqlstd.SQLStdHiveAccessController: Created SQLStdHiveAccessController for session context : HiveAuthzSessionContext [sessionString=b41a69a6-b2d0-434a-b38b-f1cddb826e19, clientType=HIVESERVER2]
2024-05-01T09:23:47,497  INFO [main] metastore.HiveMetaStoreClient: HMS client filtering is enabled.
2024-05-01T09:23:47,498  INFO [main] metastore.HMSHandler: 0: Opening raw store with implementation class:org.apache.hadoop.hive.metastore.ObjectStore
2024-05-01T09:23:47,498  INFO [main] metastore.PersistenceManagerProvider: Configuration datanucleus.autoStartMechanismMode is not set. Defaulting to 'ignored'
2024-05-01T09:23:47,499  INFO [main] metastore.ObjectStore: RawStore: org.apache.hadoop.hive.metastore.ObjectStore@2712e8f4, with PersistenceManager: null will be shutdown
2024-05-01T09:23:47,499  INFO [main] metastore.ObjectStore: RawStore: org.apache.hadoop.hive.metastore.ObjectStore@2712e8f4, with PersistenceManager: org.datanucleus.api.jdo.JDOPersistenceManager@5896cb9c created in the thread with id: 1
2024-05-01T09:23:47,513  INFO [main] metastore.HMSHandler: Created RawStore: org.apache.hadoop.hive.metastore.ObjectStore@2712e8f4 from thread id: 1
2024-05-01T09:23:47,514  INFO [main] metastore.HMSHandler: HMS server filtering is disabled by configuration
2024-05-01T09:23:47,514  INFO [main] metastore.RetryingMetaStoreClient: RetryingMetaStoreClient proxy=class org.apache.hadoop.hive.ql.metadata.SessionHiveMetaStoreClient ugi=alex (auth:SIMPLE) retries=1 delay=1 lifetime=0
2024-05-01T09:23:47,514  INFO [main] service.CompositeService: Operation log root directory is created: /home/alex/Repositories/hive/beeline/target/tmp/alex/operation_logs
2024-05-01T09:23:47,514  INFO [main] service.CompositeService: HiveServer2: Background operation thread pool size: 100
2024-05-01T09:23:47,514  INFO [main] service.CompositeService: HiveServer2: Background operation thread wait queue size: 100
2024-05-01T09:23:47,514  INFO [main] service.CompositeService: HiveServer2: Background operation thread keepalive time: 10 seconds
2024-05-01T09:23:47,515  INFO [main] service.CompositeService: Connections limit are user: 0 ipaddress: 0 user-ipaddress: 0
2024-05-01T09:23:47,516  INFO [main] cleanup.EventualCleanupService: EventualCleanupService started with 10 threads and queue of size 10000
ERROR StatusLogger Log4j2 ConfigurationScheduler attempted to increment scheduled items after start
ERROR StatusLogger Log4j2 ConfigurationScheduler attempted to increment scheduled items after start
2024-05-01T09:23:47,518  INFO [main] service.AbstractService: Service:OperationManager is inited.
2024-05-01T09:23:47,518  INFO [main] service.AbstractService: Service:SessionManager is inited.
2024-05-01T09:23:47,518  INFO [main] service.AbstractService: Service:CLIService is inited.
2024-05-01T09:23:47,518  INFO [main] service.AbstractService: Service:OperationManager is started.
2024-05-01T09:23:47,518  INFO [main] service.AbstractService: Service:SessionManager is started.
2024-05-01T09:23:47,518  INFO [main] service.AbstractService: Service:CLIService is started.
2024-05-01T09:23:47,519  INFO [main] service.AbstractService: Service:ThriftBinaryCLIService is inited.
2024-05-01T09:23:47,519  INFO [main] thrift.ThriftCLIService: Client protocol version: HIVE_CLI_SERVICE_PROTOCOL_V10
2024-05-01T09:23:47,519  INFO [main] thrift.ThriftCLIService: Creating Hive session handle for user [null] from IP null
2024-05-01T09:23:47,520  INFO [main] DependencyResolver: ivysettings.xml file not found in HIVE_HOME or HIVE_CONF_DIR,/home/alex/Repositories/hive/conf/ivysettings.xml will be used
2024-05-01T09:23:47,529  INFO [main] session.SessionState: Created HDFS directory: /tmp/hive/alex/aa1f452e-a67b-44d9-8413-84fff166b97c
2024-05-01T09:23:47,533  INFO [main] session.SessionState: Created local directory: /home/alex/Repositories/hive/beeline/target/tmp/alex/aa1f452e-a67b-44d9-8413-84fff166b97c
2024-05-01T09:23:47,537  INFO [main] session.SessionState: Created HDFS directory: /tmp/hive/alex/aa1f452e-a67b-44d9-8413-84fff166b97c/_tmp_space.db
2024-05-01T09:23:47,537  INFO [main] session.SessionState: Reloading auxiliary JAR files
2024-05-01T09:23:47,537  WARN [main] session.SessionState: Configuration hive.reloadable.aux.jars.path not specified
2024-05-01T09:23:47,537  INFO [main] HiveMetaStore.audit: ugi=alex	ip=unknown-ip-addr	cmd=Cleaning up thread local RawStore...	
2024-05-01T09:23:47,537  INFO [main] metastore.ObjectStore: RawStore: org.apache.hadoop.hive.metastore.ObjectStore@2712e8f4, with PersistenceManager: org.datanucleus.api.jdo.JDOPersistenceManager@5896cb9c will be shutdown
2024-05-01T09:23:47,537  INFO [main] HiveMetaStore.audit: ugi=alex	ip=unknown-ip-addr	cmd=Done cleaning up thread local RawStore	
2024-05-01T09:23:47,538  INFO [main] metastore.HiveMetaStoreClient: Closed a connection to metastore, current connections: -5
2024-05-01T09:23:47,538  INFO [main] session.HiveSessionImpl: Operation log session directory is created: /home/alex/Repositories/hive/beeline/target/tmp/alex/operation_logs/aa1f452e-a67b-44d9-8413-84fff166b97c
2024-05-01T09:23:47,538  INFO [main] service.CompositeService: Session opened, SessionHandle [aa1f452e-a67b-44d9-8413-84fff166b97c], current sessions:1
2024-05-01T09:23:47,538  INFO [main] thrift.ThriftCLIService: Login attempt is successful for user : null
2024-05-01T09:23:47,598  WARN [main] conf.HiveConf: HiveConf of name hive.dummyparam.test.server.specific.config.override does not exist
2024-05-01T09:23:47,598  WARN [main] conf.HiveConf: HiveConf of name hive.dummyparam.test.server.specific.config.hiveserver2site does not exist
2024-05-01T09:23:47,598  WARN [main] conf.HiveConf: HiveConf of name hive.dummyparam.test.server.specific.config.metastoresite does not exist
2024-05-01T09:23:47,599  INFO [aa1f452e-a67b-44d9-8413-84fff166b97c main] session.HiveSessionImpl: executing set
2024-05-01T09:23:47,599  INFO [aa1f452e-a67b-44d9-8413-84fff166b97c main] operation.HiveCommandOperation: Putting temp output to file /home/alex/Repositories/hive/beeline/target/tmp/alex/aa1f452e-a67b-44d9-8413-84fff166b97c3415767850610884692.pipeout and error output to file /home/alex/Repositories/hive/beeline/target/tmp/alex/aa1f452e-a67b-44d9-8413-84fff166b97c558264185181564965.pipeout
2024-05-01T09:23:47,599  INFO [aa1f452e-a67b-44d9-8413-84fff166b97c main] operation.OperationManager: Adding operation: OperationHandle [opType=EXECUTE_STATEMENT, getHandleIdentifier()=a123ca48-f385-4020-b9ab-3308bee4329c] SessionHandle [aa1f452e-a67b-44d9-8413-84fff166b97c]
2024-05-01T09:23:47,600  INFO [aa1f452e-a67b-44d9-8413-84fff166b97c main] common.LogUtils: Thread context registration is done.
DEBUG StatusLogger Building Plugin[name=filter, class=org.apache.hadoop.hive.ql.log.LogDivertAppender$NameFilter].
DEBUG StatusLogger createFilter(loggingLevel="EXECUTION")
DEBUG StatusLogger Building Plugin[name=layout, class=org.apache.logging.log4j.core.layout.PatternLayout].
DEBUG StatusLogger PatternLayout$Builder(pattern="%-5p : %m%n", PatternSelector=null, Configuration(HiveLog4j2Test), Replace=null, charset="null", alwaysWriteExceptions="null", disableAnsi="null", noConsoleNoAnsi="null", header="null", footer="null")
DEBUG StatusLogger Building Plugin[name=appender, class=org.apache.hadoop.hive.ql.log.HushableRandomAccessFileAppender].
DEBUG StatusLogger createAppender(fileName="/home/alex/Repositories/hive/beeline/target/tmp/alex/operation_logs/aa1f452e-a67b-44d9-8413-84fff166b97c/alex_20240501092347_73c9fa88-e043-4e24-b913-6024530bd7b9", append="null", name="query-file-appender", immediateFlush="null", bufferSize="null", ignoreExceptions="null", PatternLayout(org.apache.logging.log4j.core.layout.PatternLayout with name PatternLayout), NameFilter(org.apache.hadoop.hive.ql.log.LogDivertAppender$NameFilter with name NameFilter), advertise="null", advertiseURI="null", Configuration(HiveLog4j2Test))
DEBUG StatusLogger Starting RandomAccessFileManager /home/alex/Repositories/hive/beeline/target/tmp/alex/operation_logs/aa1f452e-a67b-44d9-8413-84fff166b97c/alex_20240501092347_73c9fa88-e043-4e24-b913-6024530bd7b9
DEBUG StatusLogger Building Plugin[name=, class=org.apache.hadoop.hive.ql.log.LogDivertAppenderForTest$TestFilter].
DEBUG StatusLogger createFilter()
DEBUG StatusLogger Building Plugin[name=, class=org.apache.logging.log4j.core.layout.PatternLayout].
DEBUG StatusLogger PatternLayout$Builder(pattern="%-5p : %m%n", PatternSelector=null, Configuration(HiveLog4j2Test), Replace=null, charset="null", alwaysWriteExceptions="null", disableAnsi="null", noConsoleNoAnsi="null", header="null", footer="null")
DEBUG StatusLogger Building Plugin[name=appender, class=org.apache.hadoop.hive.ql.log.HushableRandomAccessFileAppender].
DEBUG StatusLogger createAppender(fileName="/home/alex/Repositories/hive/beeline/target/tmp/alex/operation_logs/aa1f452e-a67b-44d9-8413-84fff166b97c/alex_20240501092347_73c9fa88-e043-4e24-b913-6024530bd7b9.test", append="null", name="test-query-file-appender", immediateFlush="null", bufferSize="null", ignoreExceptions="null", PatternLayout(org.apache.logging.log4j.core.layout.PatternLayout with name PatternLayout), test-filter(org.apache.hadoop.hive.ql.log.LogDivertAppenderForTest$TestFilter with name test-filter), advertise="null", advertiseURI="null", Configuration(HiveLog4j2Test))
DEBUG StatusLogger Starting RandomAccessFileManager /home/alex/Repositories/hive/beeline/target/tmp/alex/operation_logs/aa1f452e-a67b-44d9-8413-84fff166b97c/alex_20240501092347_73c9fa88-e043-4e24-b913-6024530bd7b9.test
2024-05-01T09:23:47,604  INFO [aa1f452e-a67b-44d9-8413-84fff166b97c main] operation.HiveCommandOperation: [opType=EXECUTE_STATEMENT, queryId=alex_20240501092347_73c9fa88-e043-4e24-b913-6024530bd7b9, startTime=1714580627599, sessionId=aa1f452e-a67b-44d9-8413-84fff166b97c, createTime=1714580627519, userName=null, ipAddress=null]
2024-05-01T09:23:47,614  INFO [aa1f452e-a67b-44d9-8413-84fff166b97c main] common.LogUtils: Unregistered logging context.
2024-05-01T09:23:47,620  INFO [aa1f452e-a67b-44d9-8413-84fff166b97c main] operation.OperationManager: Closing operation: OperationHandle [opType=EXECUTE_STATEMENT, getHandleIdentifier()=a123ca48-f385-4020-b9ab-3308bee4329c]
2024-05-01T09:23:47,620  INFO [aa1f452e-a67b-44d9-8413-84fff166b97c main] operation.OperationManager: Removed queryId: alex_20240501092347_73c9fa88-e043-4e24-b913-6024530bd7b9 corresponding to operation: OperationHandle [opType=EXECUTE_STATEMENT, getHandleIdentifier()=a123ca48-f385-4020-b9ab-3308bee4329c] with tag: null
2024-05-01T09:23:47,621  INFO [aa1f452e-a67b-44d9-8413-84fff166b97c main] operation.HiveCommandOperation: Closing operation log /home/alex/Repositories/hive/beeline/target/tmp/alex/operation_logs/aa1f452e-a67b-44d9-8413-84fff166b97c/alex_20240501092347_73c9fa88-e043-4e24-b913-6024530bd7b9 without delay
2024-05-01T09:23:47,625  INFO [aa1f452e-a67b-44d9-8413-84fff166b97c main] session.HiveSessionImpl: executing use test
2024-05-01T09:23:47,627  INFO [aa1f452e-a67b-44d9-8413-84fff166b97c main] operation.OperationManager: Adding operation: OperationHandle [opType=EXECUTE_STATEMENT, getHandleIdentifier()=f84ee05e-2323-4f26-b6a0-a0be42bb017d] SessionHandle [aa1f452e-a67b-44d9-8413-84fff166b97c]
2024-05-01T09:23:47,627  INFO [aa1f452e-a67b-44d9-8413-84fff166b97c main] common.LogUtils: Thread context registration is done.
DEBUG StatusLogger Building Plugin[name=filter, class=org.apache.hadoop.hive.ql.log.LogDivertAppender$NameFilter].
DEBUG StatusLogger createFilter(loggingLevel="EXECUTION")
DEBUG StatusLogger Building Plugin[name=layout, class=org.apache.logging.log4j.core.layout.PatternLayout].
DEBUG StatusLogger PatternLayout$Builder(pattern="%-5p : %m%n", PatternSelector=null, Configuration(HiveLog4j2Test), Replace=null, charset="null", alwaysWriteExceptions="null", disableAnsi="null", noConsoleNoAnsi="null", header="null", footer="null")
DEBUG StatusLogger Building Plugin[name=appender, class=org.apache.hadoop.hive.ql.log.HushableRandomAccessFileAppender].
DEBUG StatusLogger createAppender(fileName="/home/alex/Repositories/hive/beeline/target/tmp/alex/operation_logs/aa1f452e-a67b-44d9-8413-84fff166b97c/alex_20240501092347_d6ebbad8-3ebf-494b-9987-b8b5fde8bc9f", append="null", name="query-file-appender", immediateFlush="null", bufferSize="null", ignoreExceptions="null", PatternLayout(org.apache.logging.log4j.core.layout.PatternLayout with name PatternLayout), NameFilter(org.apache.hadoop.hive.ql.log.LogDivertAppender$NameFilter with name NameFilter), advertise="null", advertiseURI="null", Configuration(HiveLog4j2Test))
DEBUG StatusLogger Starting RandomAccessFileManager /home/alex/Repositories/hive/beeline/target/tmp/alex/operation_logs/aa1f452e-a67b-44d9-8413-84fff166b97c/alex_20240501092347_d6ebbad8-3ebf-494b-9987-b8b5fde8bc9f
DEBUG StatusLogger Building Plugin[name=, class=org.apache.hadoop.hive.ql.log.LogDivertAppenderForTest$TestFilter].
DEBUG StatusLogger createFilter()
DEBUG StatusLogger Building Plugin[name=, class=org.apache.logging.log4j.core.layout.PatternLayout].
DEBUG StatusLogger PatternLayout$Builder(pattern="%-5p : %m%n", PatternSelector=null, Configuration(HiveLog4j2Test), Replace=null, charset="null", alwaysWriteExceptions="null", disableAnsi="null", noConsoleNoAnsi="null", header="null", footer="null")
DEBUG StatusLogger Building Plugin[name=appender, class=org.apache.hadoop.hive.ql.log.HushableRandomAccessFileAppender].
DEBUG StatusLogger createAppender(fileName="/home/alex/Repositories/hive/beeline/target/tmp/alex/operation_logs/aa1f452e-a67b-44d9-8413-84fff166b97c/alex_20240501092347_d6ebbad8-3ebf-494b-9987-b8b5fde8bc9f.test", append="null", name="test-query-file-appender", immediateFlush="null", bufferSize="null", ignoreExceptions="null", PatternLayout(org.apache.logging.log4j.core.layout.PatternLayout with name PatternLayout), test-filter(org.apache.hadoop.hive.ql.log.LogDivertAppenderForTest$TestFilter with name test-filter), advertise="null", advertiseURI="null", Configuration(HiveLog4j2Test))
DEBUG StatusLogger Starting RandomAccessFileManager /home/alex/Repositories/hive/beeline/target/tmp/alex/operation_logs/aa1f452e-a67b-44d9-8413-84fff166b97c/alex_20240501092347_d6ebbad8-3ebf-494b-9987-b8b5fde8bc9f.test
2024-05-01T09:23:47,633  INFO [aa1f452e-a67b-44d9-8413-84fff166b97c main] operation.SQLOperation: [opType=EXECUTE_STATEMENT, queryId=alex_20240501092347_d6ebbad8-3ebf-494b-9987-b8b5fde8bc9f, startTime=1714580627626, sessionId=aa1f452e-a67b-44d9-8413-84fff166b97c, createTime=1714580627519, userName=null, ipAddress=null]
2024-05-01T09:23:47,635  INFO [aa1f452e-a67b-44d9-8413-84fff166b97c main] ql.Driver: Compiling command(queryId=alex_20240501092347_d6ebbad8-3ebf-494b-9987-b8b5fde8bc9f): use test
2024-05-01T09:23:47,636  INFO [aa1f452e-a67b-44d9-8413-84fff166b97c main] metastore.HiveMetaStoreClient: HMS client filtering is enabled.
2024-05-01T09:23:47,637  INFO [aa1f452e-a67b-44d9-8413-84fff166b97c main] metastore.HMSHandler: 0: Opening raw store with implementation class:org.apache.hadoop.hive.metastore.ObjectStore
2024-05-01T09:23:47,637  INFO [aa1f452e-a67b-44d9-8413-84fff166b97c main] metastore.PersistenceManagerProvider: Configuration datanucleus.autoStartMechanismMode is not set. Defaulting to 'ignored'
2024-05-01T09:23:47,638  INFO [aa1f452e-a67b-44d9-8413-84fff166b97c main] metastore.ObjectStore: RawStore: org.apache.hadoop.hive.metastore.ObjectStore@704d3b00, with PersistenceManager: null will be shutdown
2024-05-01T09:23:47,639  INFO [aa1f452e-a67b-44d9-8413-84fff166b97c main] metastore.ObjectStore: RawStore: org.apache.hadoop.hive.metastore.ObjectStore@704d3b00, with PersistenceManager: org.datanucleus.api.jdo.JDOPersistenceManager@21e484b created in the thread with id: 1
2024-05-01T09:23:47,644  INFO [aa1f452e-a67b-44d9-8413-84fff166b97c main] metastore.HMSHandler: Created RawStore: org.apache.hadoop.hive.metastore.ObjectStore@704d3b00 from thread id: 1
2024-05-01T09:23:47,644  INFO [aa1f452e-a67b-44d9-8413-84fff166b97c main] metastore.HMSHandler: HMS server filtering is disabled by configuration
2024-05-01T09:23:47,644  INFO [aa1f452e-a67b-44d9-8413-84fff166b97c main] metastore.RetryingMetaStoreClient: RetryingMetaStoreClient proxy=class org.apache.hadoop.hive.ql.metadata.SessionHiveMetaStoreClient ugi=alex (auth:SIMPLE) retries=1 delay=1 lifetime=0
2024-05-01T09:23:47,645  INFO [aa1f452e-a67b-44d9-8413-84fff166b97c main] HiveMetaStore.audit: ugi=alex	ip=unknown-ip-addr	cmd=get_database: test	
2024-05-01T09:23:47,647  INFO [aa1f452e-a67b-44d9-8413-84fff166b97c main] ql.Driver: Semantic Analysis Completed (retrial = false)
2024-05-01T09:23:47,647  INFO [aa1f452e-a67b-44d9-8413-84fff166b97c main] ql.Driver: Created Hive schema: Schema(fieldSchemas:null, properties:null)
2024-05-01T09:23:47,647  INFO [aa1f452e-a67b-44d9-8413-84fff166b97c main] metadata.Hive: Dumping metastore api call timing information for : compilation phase
2024-05-01T09:23:47,647  INFO [aa1f452e-a67b-44d9-8413-84fff166b97c main] metadata.Hive: Total time spent in each metastore function (ms): {isCompatibleWith_(Configuration)=0, getDatabase_(String)=2, flushCache_()=0}
2024-05-01T09:23:47,648  INFO [aa1f452e-a67b-44d9-8413-84fff166b97c main] ql.Driver: Completed compiling command(queryId=alex_20240501092347_d6ebbad8-3ebf-494b-9987-b8b5fde8bc9f); Time taken: 0.012 seconds
2024-05-01T09:23:47,648  INFO [aa1f452e-a67b-44d9-8413-84fff166b97c main] common.LogUtils: Unregistered logging context.
2024-05-01T09:23:47,649  INFO [HiveServer2-Background-Pool: Thread-140] common.LogUtils: Thread context registration is done.
2024-05-01T09:23:47,649  INFO [HiveServer2-Background-Pool: Thread-140] reexec.ReExecDriver: Execution #1 of query
2024-05-01T09:23:47,649  INFO [HiveServer2-Background-Pool: Thread-140] ql.Driver: Concurrency mode is disabled, not creating a lock manager
2024-05-01T09:23:47,650  INFO [HiveServer2-Background-Pool: Thread-140] ql.Driver: Executing command(queryId=alex_20240501092347_d6ebbad8-3ebf-494b-9987-b8b5fde8bc9f): use test
2024-05-01T09:23:47,650  INFO [HiveServer2-Background-Pool: Thread-140] ql.Driver: Starting task [Stage-0:DDL] in serial mode
2024-05-01T09:23:47,651  INFO [HiveServer2-Background-Pool: Thread-140] HiveMetaStore.audit: ugi=alex	ip=unknown-ip-addr	cmd=get_database: test	
2024-05-01T09:23:47,652  INFO [HiveServer2-Background-Pool: Thread-140] metastore.HMSHandler: 5: Opening raw store with implementation class:org.apache.hadoop.hive.metastore.ObjectStore
2024-05-01T09:23:47,653  INFO [HiveServer2-Background-Pool: Thread-140] metastore.ObjectStore: RawStore: org.apache.hadoop.hive.metastore.ObjectStore@472d565, with PersistenceManager: null will be shutdown
2024-05-01T09:23:47,653  INFO [HiveServer2-Background-Pool: Thread-140] metastore.ObjectStore: RawStore: org.apache.hadoop.hive.metastore.ObjectStore@472d565, with PersistenceManager: org.datanucleus.api.jdo.JDOPersistenceManager@41704b8f created in the thread with id: 140
2024-05-01T09:23:47,658  INFO [HiveServer2-Background-Pool: Thread-140] metastore.HMSHandler: Created RawStore: org.apache.hadoop.hive.metastore.ObjectStore@472d565 from thread id: 140
2024-05-01T09:23:47,660  INFO [HiveServer2-Background-Pool: Thread-140] HiveMetaStore.audit: ugi=alex	ip=unknown-ip-addr	cmd=get_database: test	
2024-05-01T09:23:47,662  INFO [HiveServer2-Background-Pool: Thread-140] metadata.Hive: Dumping metastore api call timing information for : execution phase
2024-05-01T09:23:47,662  INFO [HiveServer2-Background-Pool: Thread-140] metadata.Hive: Total time spent in each metastore function (ms): {isCompatibleWith_(Configuration)=0, getDatabase_(String)=10}
2024-05-01T09:23:47,662  INFO [HiveServer2-Background-Pool: Thread-140] ql.Driver: Completed executing command(queryId=alex_20240501092347_d6ebbad8-3ebf-494b-9987-b8b5fde8bc9f); Time taken: 0.013 seconds
2024-05-01T09:23:47,662  INFO [HiveServer2-Background-Pool: Thread-140] common.LogUtils: Unregistered logging context.
2024-05-01T09:23:47,665  INFO [aa1f452e-a67b-44d9-8413-84fff166b97c main] operation.OperationManager: Closing operation: OperationHandle [opType=EXECUTE_STATEMENT, getHandleIdentifier()=f84ee05e-2323-4f26-b6a0-a0be42bb017d]
2024-05-01T09:23:47,665  INFO [aa1f452e-a67b-44d9-8413-84fff166b97c main] operation.OperationManager: Removed queryId: alex_20240501092347_d6ebbad8-3ebf-494b-9987-b8b5fde8bc9f corresponding to operation: OperationHandle [opType=EXECUTE_STATEMENT, getHandleIdentifier()=f84ee05e-2323-4f26-b6a0-a0be42bb017d] with tag: null
2024-05-01T09:23:47,665  INFO [aa1f452e-a67b-44d9-8413-84fff166b97c main] operation.SQLOperation: Closing operation log /home/alex/Repositories/hive/beeline/target/tmp/alex/operation_logs/aa1f452e-a67b-44d9-8413-84fff166b97c/alex_20240501092347_d6ebbad8-3ebf-494b-9987-b8b5fde8bc9f without delay
2024-05-01T09:23:47,729  WARN [main] conf.HiveConf: HiveConf of name hive.dummyparam.test.server.specific.config.override does not exist
2024-05-01T09:23:47,730  WARN [main] conf.HiveConf: HiveConf of name hive.dummyparam.test.server.specific.config.hiveserver2site does not exist
2024-05-01T09:23:47,730  WARN [main] conf.HiveConf: HiveConf of name hive.dummyparam.test.server.specific.config.metastoresite does not exist
2024-05-01T09:23:47,730  INFO [aa1f452e-a67b-44d9-8413-84fff166b97c main] session.HiveSessionImpl: executing set
2024-05-01T09:23:47,731  INFO [aa1f452e-a67b-44d9-8413-84fff166b97c main] operation.HiveCommandOperation: Putting temp output to file /home/alex/Repositories/hive/beeline/target/tmp/alex/aa1f452e-a67b-44d9-8413-84fff166b97c3415767850610884692.pipeout and error output to file /home/alex/Repositories/hive/beeline/target/tmp/alex/aa1f452e-a67b-44d9-8413-84fff166b97c558264185181564965.pipeout
2024-05-01T09:23:47,731  INFO [aa1f452e-a67b-44d9-8413-84fff166b97c main] operation.OperationManager: Adding operation: OperationHandle [opType=EXECUTE_STATEMENT, getHandleIdentifier()=bcbaec33-0571-4dcc-b085-adec4580f1e9] SessionHandle [aa1f452e-a67b-44d9-8413-84fff166b97c]
2024-05-01T09:23:47,731  INFO [aa1f452e-a67b-44d9-8413-84fff166b97c main] common.LogUtils: Thread context registration is done.
DEBUG StatusLogger Building Plugin[name=filter, class=org.apache.hadoop.hive.ql.log.LogDivertAppender$NameFilter].
DEBUG StatusLogger createFilter(loggingLevel="EXECUTION")
DEBUG StatusLogger Building Plugin[name=layout, class=org.apache.logging.log4j.core.layout.PatternLayout].
DEBUG StatusLogger PatternLayout$Builder(pattern="%-5p : %m%n", PatternSelector=null, Configuration(HiveLog4j2Test), Replace=null, charset="null", alwaysWriteExceptions="null", disableAnsi="null", noConsoleNoAnsi="null", header="null", footer="null")
DEBUG StatusLogger Building Plugin[name=appender, class=org.apache.hadoop.hive.ql.log.HushableRandomAccessFileAppender].
DEBUG StatusLogger createAppender(fileName="/home/alex/Repositories/hive/beeline/target/tmp/alex/operation_logs/aa1f452e-a67b-44d9-8413-84fff166b97c/alex_20240501092347_1ee4981f-b53c-45ec-995a-85572d7c09ab", append="null", name="query-file-appender", immediateFlush="null", bufferSize="null", ignoreExceptions="null", PatternLayout(org.apache.logging.log4j.core.layout.PatternLayout with name PatternLayout), NameFilter(org.apache.hadoop.hive.ql.log.LogDivertAppender$NameFilter with name NameFilter), advertise="null", advertiseURI="null", Configuration(HiveLog4j2Test))
DEBUG StatusLogger Starting RandomAccessFileManager /home/alex/Repositories/hive/beeline/target/tmp/alex/operation_logs/aa1f452e-a67b-44d9-8413-84fff166b97c/alex_20240501092347_1ee4981f-b53c-45ec-995a-85572d7c09ab
DEBUG StatusLogger Building Plugin[name=, class=org.apache.hadoop.hive.ql.log.LogDivertAppenderForTest$TestFilter].
DEBUG StatusLogger createFilter()
DEBUG StatusLogger Building Plugin[name=, class=org.apache.logging.log4j.core.layout.PatternLayout].
DEBUG StatusLogger PatternLayout$Builder(pattern="%-5p : %m%n", PatternSelector=null, Configuration(HiveLog4j2Test), Replace=null, charset="null", alwaysWriteExceptions="null", disableAnsi="null", noConsoleNoAnsi="null", header="null", footer="null")
DEBUG StatusLogger Building Plugin[name=appender, class=org.apache.hadoop.hive.ql.log.HushableRandomAccessFileAppender].
DEBUG StatusLogger createAppender(fileName="/home/alex/Repositories/hive/beeline/target/tmp/alex/operation_logs/aa1f452e-a67b-44d9-8413-84fff166b97c/alex_20240501092347_1ee4981f-b53c-45ec-995a-85572d7c09ab.test", append="null", name="test-query-file-appender", immediateFlush="null", bufferSize="null", ignoreExceptions="null", PatternLayout(org.apache.logging.log4j.core.layout.PatternLayout with name PatternLayout), test-filter(org.apache.hadoop.hive.ql.log.LogDivertAppenderForTest$TestFilter with name test-filter), advertise="null", advertiseURI="null", Configuration(HiveLog4j2Test))
DEBUG StatusLogger Starting RandomAccessFileManager /home/alex/Repositories/hive/beeline/target/tmp/alex/operation_logs/aa1f452e-a67b-44d9-8413-84fff166b97c/alex_20240501092347_1ee4981f-b53c-45ec-995a-85572d7c09ab.test
2024-05-01T09:23:47,736  INFO [aa1f452e-a67b-44d9-8413-84fff166b97c main] operation.HiveCommandOperation: [opType=EXECUTE_STATEMENT, queryId=alex_20240501092347_1ee4981f-b53c-45ec-995a-85572d7c09ab, startTime=1714580627730, sessionId=aa1f452e-a67b-44d9-8413-84fff166b97c, createTime=1714580627519, userName=null, ipAddress=null]
2024-05-01T09:23:47,747  INFO [aa1f452e-a67b-44d9-8413-84fff166b97c main] common.LogUtils: Unregistered logging context.
2024-05-01T09:23:47,751  INFO [aa1f452e-a67b-44d9-8413-84fff166b97c main] operation.OperationManager: Closing operation: OperationHandle [opType=EXECUTE_STATEMENT, getHandleIdentifier()=bcbaec33-0571-4dcc-b085-adec4580f1e9]
2024-05-01T09:23:47,751  INFO [aa1f452e-a67b-44d9-8413-84fff166b97c main] operation.OperationManager: Removed queryId: alex_20240501092347_1ee4981f-b53c-45ec-995a-85572d7c09ab corresponding to operation: OperationHandle [opType=EXECUTE_STATEMENT, getHandleIdentifier()=bcbaec33-0571-4dcc-b085-adec4580f1e9] with tag: null
2024-05-01T09:23:47,751  INFO [aa1f452e-a67b-44d9-8413-84fff166b97c main] operation.HiveCommandOperation: Closing operation log /home/alex/Repositories/hive/beeline/target/tmp/alex/operation_logs/aa1f452e-a67b-44d9-8413-84fff166b97c/alex_20240501092347_1ee4981f-b53c-45ec-995a-85572d7c09ab without delay
2024-05-01T09:23:47,753  INFO [aa1f452e-a67b-44d9-8413-84fff166b97c main] session.HiveSessionImpl: executing show tables
2024-05-01T09:23:47,754  INFO [aa1f452e-a67b-44d9-8413-84fff166b97c main] operation.OperationManager: Adding operation: OperationHandle [opType=EXECUTE_STATEMENT, getHandleIdentifier()=b60c79ff-a0fe-49b5-b5f2-abf3c87519cf] SessionHandle [aa1f452e-a67b-44d9-8413-84fff166b97c]
2024-05-01T09:23:47,754  INFO [aa1f452e-a67b-44d9-8413-84fff166b97c main] common.LogUtils: Thread context registration is done.
DEBUG StatusLogger Building Plugin[name=filter, class=org.apache.hadoop.hive.ql.log.LogDivertAppender$NameFilter].
DEBUG StatusLogger createFilter(loggingLevel="EXECUTION")
DEBUG StatusLogger Building Plugin[name=layout, class=org.apache.logging.log4j.core.layout.PatternLayout].
DEBUG StatusLogger PatternLayout$Builder(pattern="%-5p : %m%n", PatternSelector=null, Configuration(HiveLog4j2Test), Replace=null, charset="null", alwaysWriteExceptions="null", disableAnsi="null", noConsoleNoAnsi="null", header="null", footer="null")
DEBUG StatusLogger Building Plugin[name=appender, class=org.apache.hadoop.hive.ql.log.HushableRandomAccessFileAppender].
DEBUG StatusLogger createAppender(fileName="/home/alex/Repositories/hive/beeline/target/tmp/alex/operation_logs/aa1f452e-a67b-44d9-8413-84fff166b97c/alex_20240501092347_768fd6c1-c7b7-4426-9fe1-af52c787badd", append="null", name="query-file-appender", immediateFlush="null", bufferSize="null", ignoreExceptions="null", PatternLayout(org.apache.logging.log4j.core.layout.PatternLayout with name PatternLayout), NameFilter(org.apache.hadoop.hive.ql.log.LogDivertAppender$NameFilter with name NameFilter), advertise="null", advertiseURI="null", Configuration(HiveLog4j2Test))
DEBUG StatusLogger Starting RandomAccessFileManager /home/alex/Repositories/hive/beeline/target/tmp/alex/operation_logs/aa1f452e-a67b-44d9-8413-84fff166b97c/alex_20240501092347_768fd6c1-c7b7-4426-9fe1-af52c787badd
DEBUG StatusLogger Building Plugin[name=, class=org.apache.hadoop.hive.ql.log.LogDivertAppenderForTest$TestFilter].
DEBUG StatusLogger createFilter()
DEBUG StatusLogger Building Plugin[name=, class=org.apache.logging.log4j.core.layout.PatternLayout].
DEBUG StatusLogger PatternLayout$Builder(pattern="%-5p : %m%n", PatternSelector=null, Configuration(HiveLog4j2Test), Replace=null, charset="null", alwaysWriteExceptions="null", disableAnsi="null", noConsoleNoAnsi="null", header="null", footer="null")
DEBUG StatusLogger Building Plugin[name=appender, class=org.apache.hadoop.hive.ql.log.HushableRandomAccessFileAppender].
DEBUG StatusLogger createAppender(fileName="/home/alex/Repositories/hive/beeline/target/tmp/alex/operation_logs/aa1f452e-a67b-44d9-8413-84fff166b97c/alex_20240501092347_768fd6c1-c7b7-4426-9fe1-af52c787badd.test", append="null", name="test-query-file-appender", immediateFlush="null", bufferSize="null", ignoreExceptions="null", PatternLayout(org.apache.logging.log4j.core.layout.PatternLayout with name PatternLayout), test-filter(org.apache.hadoop.hive.ql.log.LogDivertAppenderForTest$TestFilter with name test-filter), advertise="null", advertiseURI="null", Configuration(HiveLog4j2Test))
DEBUG StatusLogger Starting RandomAccessFileManager /home/alex/Repositories/hive/beeline/target/tmp/alex/operation_logs/aa1f452e-a67b-44d9-8413-84fff166b97c/alex_20240501092347_768fd6c1-c7b7-4426-9fe1-af52c787badd.test
2024-05-01T09:23:47,758  INFO [aa1f452e-a67b-44d9-8413-84fff166b97c main] operation.SQLOperation: [opType=EXECUTE_STATEMENT, queryId=alex_20240501092347_768fd6c1-c7b7-4426-9fe1-af52c787badd, startTime=1714580627753, sessionId=aa1f452e-a67b-44d9-8413-84fff166b97c, createTime=1714580627519, userName=null, ipAddress=null]
2024-05-01T09:23:47,760  INFO [aa1f452e-a67b-44d9-8413-84fff166b97c main] ql.Driver: Compiling command(queryId=alex_20240501092347_768fd6c1-c7b7-4426-9fe1-af52c787badd): show tables
2024-05-01T09:23:47,788  INFO [aa1f452e-a67b-44d9-8413-84fff166b97c main] HiveMetaStore.audit: ugi=alex	ip=unknown-ip-addr	cmd=get_database: test	
2024-05-01T09:23:47,791  INFO [aa1f452e-a67b-44d9-8413-84fff166b97c main] ql.Driver: Semantic Analysis Completed (retrial = false)
2024-05-01T09:23:47,792  INFO [aa1f452e-a67b-44d9-8413-84fff166b97c main] ql.Driver: Created Hive schema: Schema(fieldSchemas:[FieldSchema(name:tab_name, type:string, comment:from deserializer)], properties:null)
2024-05-01T09:23:47,990  INFO [aa1f452e-a67b-44d9-8413-84fff166b97c main] exec.ListSinkOperator: Initializing Operator: LIST_SINK[0]
2024-05-01T09:23:47,997  INFO [aa1f452e-a67b-44d9-8413-84fff166b97c main] metadata.Hive: Dumping metastore api call timing information for : compilation phase
2024-05-01T09:23:47,997  INFO [aa1f452e-a67b-44d9-8413-84fff166b97c main] metadata.Hive: Total time spent in each metastore function (ms): {isCompatibleWith_(Configuration)=0, getDatabase_(String)=2, flushCache_()=0}
2024-05-01T09:23:47,997  INFO [aa1f452e-a67b-44d9-8413-84fff166b97c main] ql.Driver: Completed compiling command(queryId=alex_20240501092347_768fd6c1-c7b7-4426-9fe1-af52c787badd); Time taken: 0.238 seconds
2024-05-01T09:23:47,998  INFO [aa1f452e-a67b-44d9-8413-84fff166b97c main] common.LogUtils: Unregistered logging context.
2024-05-01T09:23:47,998  INFO [HiveServer2-Background-Pool: Thread-144] common.LogUtils: Thread context registration is done.
2024-05-01T09:23:47,999  INFO [HiveServer2-Background-Pool: Thread-144] reexec.ReExecDriver: Execution #1 of query
2024-05-01T09:23:47,999  INFO [HiveServer2-Background-Pool: Thread-144] ql.Driver: Concurrency mode is disabled, not creating a lock manager
2024-05-01T09:23:47,999  INFO [HiveServer2-Background-Pool: Thread-144] ql.Driver: Executing command(queryId=alex_20240501092347_768fd6c1-c7b7-4426-9fe1-af52c787badd): show tables
2024-05-01T09:23:48,000  INFO [HiveServer2-Background-Pool: Thread-144] ql.Driver: Starting task [Stage-0:DDL] in serial mode
2024-05-01T09:23:48,001  INFO [HiveServer2-Background-Pool: Thread-144] HiveMetaStore.audit: ugi=alex	ip=unknown-ip-addr	cmd=get_database: test	
2024-05-01T09:23:48,002  INFO [HiveServer2-Background-Pool: Thread-144] metastore.HMSHandler: 6: Opening raw store with implementation class:org.apache.hadoop.hive.metastore.ObjectStore
2024-05-01T09:23:48,002  INFO [HiveServer2-Background-Pool: Thread-144] metastore.ObjectStore: RawStore: org.apache.hadoop.hive.metastore.ObjectStore@19d7a562, with PersistenceManager: null will be shutdown
2024-05-01T09:23:48,003  INFO [HiveServer2-Background-Pool: Thread-144] metastore.ObjectStore: RawStore: org.apache.hadoop.hive.metastore.ObjectStore@19d7a562, with PersistenceManager: org.datanucleus.api.jdo.JDOPersistenceManager@5cd5283c created in the thread with id: 144
2024-05-01T09:23:48,007  INFO [HiveServer2-Background-Pool: Thread-144] metastore.HMSHandler: Created RawStore: org.apache.hadoop.hive.metastore.ObjectStore@19d7a562 from thread id: 144
2024-05-01T09:23:48,013  INFO [HiveServer2-Background-Pool: Thread-144] HiveMetaStore.audit: ugi=alex	ip=unknown-ip-addr	cmd=get_multi_table : db=test tbls=null	
2024-05-01T09:23:48,075  INFO [HiveServer2-Background-Pool: Thread-144] sqlstd.SQLStdHiveAccessController: Created SQLStdHiveAccessController for session context : HiveAuthzSessionContext [sessionString=aa1f452e-a67b-44d9-8413-84fff166b97c, clientType=HIVESERVER2]
2024-05-01T09:23:48,095  INFO [HiveServer2-Background-Pool: Thread-144] metadata.Hive: Dumping metastore api call timing information for : execution phase
2024-05-01T09:23:48,095  INFO [HiveServer2-Background-Pool: Thread-144] metadata.Hive: Total time spent in each metastore function (ms): {isCompatibleWith_(Configuration)=1, getDatabase_(String)=8, getTables_(String, String)=67}
2024-05-01T09:23:48,095  INFO [HiveServer2-Background-Pool: Thread-144] ql.Driver: Completed executing command(queryId=alex_20240501092347_768fd6c1-c7b7-4426-9fe1-af52c787badd); Time taken: 0.096 seconds
2024-05-01T09:23:48,096  INFO [HiveServer2-Background-Pool: Thread-144] common.LogUtils: Unregistered logging context.
2024-05-01T09:23:48,098  INFO [aa1f452e-a67b-44d9-8413-84fff166b97c main] operation.OperationManager: Closing operation: OperationHandle [opType=EXECUTE_STATEMENT, getHandleIdentifier()=b60c79ff-a0fe-49b5-b5f2-abf3c87519cf]
2024-05-01T09:23:48,098  INFO [aa1f452e-a67b-44d9-8413-84fff166b97c main] operation.OperationManager: Removed queryId: alex_20240501092347_768fd6c1-c7b7-4426-9fe1-af52c787badd corresponding to operation: OperationHandle [opType=EXECUTE_STATEMENT, getHandleIdentifier()=b60c79ff-a0fe-49b5-b5f2-abf3c87519cf] with tag: null
2024-05-01T09:23:48,098  INFO [aa1f452e-a67b-44d9-8413-84fff166b97c main] ql.Context: Deleting scratch dir: file:/home/alex/Repositories/hive/beeline/target/tmp/alex/aa1f452e-a67b-44d9-8413-84fff166b97c/hive_2024-05-01_09-23-47_759_910276134227835372-1
2024-05-01T09:23:48,099  INFO [aa1f452e-a67b-44d9-8413-84fff166b97c main] cleanup.EventualCleanupService: Delete file:/home/alex/Repositories/hive/beeline/target/tmp/alex/aa1f452e-a67b-44d9-8413-84fff166b97c/hive_2024-05-01_09-23-47_759_910276134227835372-1 operation was queued
2024-05-01T09:23:48,099  INFO [aa1f452e-a67b-44d9-8413-84fff166b97c main] exec.ListSinkOperator: Closing Operator: LIST_SINK[0]
2024-05-01T09:23:48,099  INFO [EventualCleanupService thread 0] cleanup.EventualCleanupService: Deleted file:/home/alex/Repositories/hive/beeline/target/tmp/alex/aa1f452e-a67b-44d9-8413-84fff166b97c/hive_2024-05-01_09-23-47_759_910276134227835372-1
2024-05-01T09:23:48,100  INFO [aa1f452e-a67b-44d9-8413-84fff166b97c main] exec.ListSinkOperator: RECORDS_OUT_INTERMEDIATE:0, RECORDS_OUT_OPERATOR_LIST_SINK_0:0, 
2024-05-01T09:23:48,100  INFO [aa1f452e-a67b-44d9-8413-84fff166b97c main] operation.SQLOperation: Closing operation log /home/alex/Repositories/hive/beeline/target/tmp/alex/operation_logs/aa1f452e-a67b-44d9-8413-84fff166b97c/alex_20240501092347_768fd6c1-c7b7-4426-9fe1-af52c787badd without delay
2024-05-01T09:23:48,105  INFO [main] service.CompositeService: Session closed, SessionHandle [aa1f452e-a67b-44d9-8413-84fff166b97c], current sessions:0
2024-05-01T09:23:48,105  INFO [aa1f452e-a67b-44d9-8413-84fff166b97c main] session.HiveSessionImpl: Operation log session directory is deleted: /home/alex/Repositories/hive/beeline/target/tmp/alex/operation_logs/aa1f452e-a67b-44d9-8413-84fff166b97c
2024-05-01T09:23:48,106  INFO [main] cleanup.EventualCleanupService: Delete /tmp/hive/alex/aa1f452e-a67b-44d9-8413-84fff166b97c operation was queued
2024-05-01T09:23:48,106  INFO [main] cleanup.EventualCleanupService: Delete /home/alex/Repositories/hive/beeline/target/tmp/alex/aa1f452e-a67b-44d9-8413-84fff166b97c operation was queued
2024-05-01T09:23:48,106  INFO [EventualCleanupService thread 1] cleanup.EventualCleanupService: Deleted /tmp/hive/alex/aa1f452e-a67b-44d9-8413-84fff166b97c
2024-05-01T09:23:48,107  INFO [EventualCleanupService thread 2] cleanup.EventualCleanupService: Deleted /home/alex/Repositories/hive/beeline/target/tmp/alex/aa1f452e-a67b-44d9-8413-84fff166b97c
2024-05-01T09:23:48,107  INFO [main] HiveMetaStore.audit: ugi=alex	ip=unknown-ip-addr	cmd=Cleaning up thread local RawStore...	
2024-05-01T09:23:48,107  INFO [main] metastore.ObjectStore: RawStore: org.apache.hadoop.hive.metastore.ObjectStore@704d3b00, with PersistenceManager: org.datanucleus.api.jdo.JDOPersistenceManager@21e484b will be shutdown
2024-05-01T09:23:48,108  INFO [main] HiveMetaStore.audit: ugi=alex	ip=unknown-ip-addr	cmd=Done cleaning up thread local RawStore	
2024-05-01T09:23:48,108  INFO [main] metastore.HiveMetaStoreClient: Closed a connection to metastore, current connections: -6
2024-05-01T09:23:48,108 ERROR [main] cli.TestHiveCli: Failed due to the error:Connecting to jdbc:hive2://
Hive Session ID = b41a69a6-b2d0-434a-b38b-f1cddb826e19
ivysettings.xml file not found in HIVE_HOME or HIVE_CONF_DIR,/home/alex/Repositories/hive/conf/ivysettings.xml will be used
ivysettings.xml file not found in HIVE_HOME or HIVE_CONF_DIR,/home/alex/Repositories/hive/conf/ivysettings.xml will be used
Connected to: Apache Hive (version 4.0.0-SNAPSHOT)
Error: Couldn't load manifest attributes. (state=,code=0)
Transaction isolation: TRANSACTION_REPEATABLE_READ
INFO  : Compiling command(queryId=alex_20240501092347_d6ebbad8-3ebf-494b-9987-b8b5fde8bc9f): use test
INFO  : Semantic Analysis Completed (retrial = false)
INFO  : Created Hive schema: Schema(fieldSchemas:null, properties:null)
INFO  : Completed compiling command(queryId=alex_20240501092347_d6ebbad8-3ebf-494b-9987-b8b5fde8bc9f); Time taken: 0.012 seconds
INFO  : Concurrency mode is disabled, not creating a lock manager
INFO  : Executing command(queryId=alex_20240501092347_d6ebbad8-3ebf-494b-9987-b8b5fde8bc9f): use test
INFO  : Starting task [Stage-0:DDL] in serial mode
DEBUG : Task getting executed using mapred tag : alex_20240501092347_d6ebbad8-3ebf-494b-9987-b8b5fde8bc9f,userid=null
INFO  : Completed executing command(queryId=alex_20240501092347_d6ebbad8-3ebf-494b-9987-b8b5fde8bc9f); Time taken: 0.013 seconds
DEBUG : Shutting down query use test
Error: Failed to wait for operation to complete (state=08S01,code=0)
Beeline version ??? by Apache Hive
hive> source /home/alex/Repositories/hive/beeline/target/tmp/test5922388460435475020.sql;desc testSrcTbl4;
INFO  : Compiling command(queryId=alex_20240501092347_768fd6c1-c7b7-4426-9fe1-af52c787badd): show tables
INFO  : Semantic Analysis Completed (retrial = false)
INFO  : Created Hive schema: Schema(fieldSchemas:[FieldSchema(name:tab_name, type:string, comment:from deserializer)], properties:null)
INFO  : Completed compiling command(queryId=alex_20240501092347_768fd6c1-c7b7-4426-9fe1-af52c787badd); Time taken: 0.238 seconds
INFO  : Concurrency mode is disabled, not creating a lock manager
INFO  : Executing command(queryId=alex_20240501092347_768fd6c1-c7b7-4426-9fe1-af52c787badd): show tables
INFO  : Starting task [Stage-0:DDL] in serial mode
DEBUG : Task getting executed using mapred tag : alex_20240501092347_768fd6c1-c7b7-4426-9fe1-af52c787badd,userid=null
INFO  : Completed executing command(queryId=alex_20240501092347_768fd6c1-c7b7-4426-9fe1-af52c787badd); Time taken: 0.096 seconds
DEBUG : Shutting down query show tables
Error: Failed to wait for operation to complete (state=08S01,code=0)
hive> quit;
Closing: 0: jdbc:hive2://

]]></system-err>
  </testcase>
  <testcase name="testSourceCmd4" classname="org.apache.hive.beeline.cli.TestHiveCli" time="0.397">
    <failure type="java.lang.AssertionError"><![CDATA[java.lang.AssertionError: Supported return code is 0 while the actual is 2
	at org.junit.Assert.fail(Assert.java:89)
	at org.apache.hive.beeline.cli.TestHiveCli.executeCMD(TestHiveCli.java:256)
	at org.apache.hive.beeline.cli.TestHiveCli.verifyCMD(TestHiveCli.java:266)
	at org.apache.hive.beeline.cli.TestHiveCli.testSourceCmd4(TestHiveCli.java:138)
	at sun.reflect.NativeMethodAccessorImpl.invoke0(Native Method)
	at sun.reflect.NativeMethodAccessorImpl.invoke(NativeMethodAccessorImpl.java:62)
	at sun.reflect.DelegatingMethodAccessorImpl.invoke(DelegatingMethodAccessorImpl.java:43)
	at java.lang.reflect.Method.invoke(Method.java:498)
	at org.junit.runners.model.FrameworkMethod$1.runReflectiveCall(FrameworkMethod.java:59)
	at org.junit.internal.runners.model.ReflectiveCallable.run(ReflectiveCallable.java:12)
	at org.junit.runners.model.FrameworkMethod.invokeExplosively(FrameworkMethod.java:56)
	at org.junit.internal.runners.statements.InvokeMethod.evaluate(InvokeMethod.java:17)
	at org.junit.internal.runners.statements.RunBefores.evaluate(RunBefores.java:26)
	at org.junit.internal.runners.statements.RunAfters.evaluate(RunAfters.java:27)
	at org.junit.runners.ParentRunner$3.evaluate(ParentRunner.java:306)
	at org.junit.runners.BlockJUnit4ClassRunner$1.evaluate(BlockJUnit4ClassRunner.java:100)
	at org.junit.runners.ParentRunner.runLeaf(ParentRunner.java:366)
	at org.junit.runners.BlockJUnit4ClassRunner.runChild(BlockJUnit4ClassRunner.java:103)
	at org.junit.runners.BlockJUnit4ClassRunner.runChild(BlockJUnit4ClassRunner.java:63)
	at org.junit.runners.ParentRunner$4.run(ParentRunner.java:331)
	at org.junit.runners.ParentRunner$1.schedule(ParentRunner.java:79)
	at org.junit.runners.ParentRunner.runChildren(ParentRunner.java:329)
	at org.junit.runners.ParentRunner.access$100(ParentRunner.java:66)
	at org.junit.runners.ParentRunner$2.evaluate(ParentRunner.java:293)
	at org.junit.internal.runners.statements.RunBefores.evaluate(RunBefores.java:26)
	at org.junit.runners.ParentRunner$3.evaluate(ParentRunner.java:306)
	at org.junit.runners.ParentRunner.run(ParentRunner.java:413)
	at org.junit.runner.JUnitCore.run(JUnitCore.java:137)
	at org.junit.runner.JUnitCore.run(JUnitCore.java:115)
	at org.junit.vintage.engine.execution.RunnerExecutor.execute(RunnerExecutor.java:43)
	at java.util.stream.ForEachOps$ForEachOp$OfRef.accept(ForEachOps.java:183)
	at java.util.stream.ReferencePipeline$3$1.accept(ReferencePipeline.java:193)
	at java.util.Iterator.forEachRemaining(Iterator.java:116)
	at java.util.Spliterators$IteratorSpliterator.forEachRemaining(Spliterators.java:1801)
	at java.util.stream.AbstractPipeline.copyInto(AbstractPipeline.java:482)
	at java.util.stream.AbstractPipeline.wrapAndCopyInto(AbstractPipeline.java:472)
	at java.util.stream.ForEachOps$ForEachOp.evaluateSequential(ForEachOps.java:150)
	at java.util.stream.ForEachOps$ForEachOp$OfRef.evaluateSequential(ForEachOps.java:173)
	at java.util.stream.AbstractPipeline.evaluate(AbstractPipeline.java:234)
	at java.util.stream.ReferencePipeline.forEach(ReferencePipeline.java:485)
	at org.junit.vintage.engine.VintageTestEngine.executeAllChildren(VintageTestEngine.java:82)
	at org.junit.vintage.engine.VintageTestEngine.execute(VintageTestEngine.java:73)
	at org.junit.platform.launcher.core.DefaultLauncher.execute(DefaultLauncher.java:248)
	at org.junit.platform.launcher.core.DefaultLauncher.lambda$execute$5(DefaultLauncher.java:211)
	at org.junit.platform.launcher.core.DefaultLauncher.withInterceptedStreams(DefaultLauncher.java:226)
	at org.junit.platform.launcher.core.DefaultLauncher.execute(DefaultLauncher.java:199)
	at org.junit.platform.launcher.core.DefaultLauncher.execute(DefaultLauncher.java:132)
	at org.apache.maven.surefire.junitplatform.JUnitPlatformProvider.invokeAllTests(JUnitPlatformProvider.java:154)
	at org.apache.maven.surefire.junitplatform.JUnitPlatformProvider.invoke(JUnitPlatformProvider.java:123)
	at org.apache.maven.surefire.booter.ForkedBooter.runSuitesInProcess(ForkedBooter.java:377)
	at org.apache.maven.surefire.booter.ForkedBooter.execute(ForkedBooter.java:138)
	at org.apache.maven.surefire.booter.ForkedBooter.run(ForkedBooter.java:465)
	at org.apache.maven.surefire.booter.ForkedBooter.main(ForkedBooter.java:451)
]]></failure>
    <system-err><![CDATA[2024-05-01T09:23:48,109 ERROR [main] cli.TestHiveCli: Failed to execute command due to the error: java.lang.NullPointerException: Null output stream
2024-05-01T09:23:48,181  WARN [main] conf.HiveConf: HiveConf of name hive.dummyparam.test.server.specific.config.override does not exist
2024-05-01T09:23:48,182  WARN [main] conf.HiveConf: HiveConf of name hive.dummyparam.test.server.specific.config.hiveserver2site does not exist
2024-05-01T09:23:48,182  WARN [main] conf.HiveConf: HiveConf of name hive.dummyparam.test.server.specific.config.metastoresite does not exist
2024-05-01T09:23:48,183  INFO [main] SessionState: Hive Session ID = 23292eb5-1d66-45cd-a773-9a875956d582
2024-05-01T09:23:48,183  INFO [main] DependencyResolver: ivysettings.xml file not found in HIVE_HOME or HIVE_CONF_DIR,/home/alex/Repositories/hive/conf/ivysettings.xml will be used
2024-05-01T09:23:48,192  INFO [main] session.SessionState: Created HDFS directory: /tmp/hive/alex/23292eb5-1d66-45cd-a773-9a875956d582
2024-05-01T09:23:48,196  INFO [main] session.SessionState: Created local directory: /home/alex/Repositories/hive/beeline/target/tmp/alex/23292eb5-1d66-45cd-a773-9a875956d582
2024-05-01T09:23:48,200  INFO [main] session.SessionState: Created HDFS directory: /tmp/hive/alex/23292eb5-1d66-45cd-a773-9a875956d582/_tmp_space.db
2024-05-01T09:23:48,200  INFO [main] sqlstd.SQLStdHiveAccessController: Created SQLStdHiveAccessController for session context : HiveAuthzSessionContext [sessionString=23292eb5-1d66-45cd-a773-9a875956d582, clientType=HIVESERVER2]
2024-05-01T09:23:48,201  INFO [main] metastore.HiveMetaStoreClient: HMS client filtering is enabled.
2024-05-01T09:23:48,201  INFO [main] metastore.HMSHandler: 0: Opening raw store with implementation class:org.apache.hadoop.hive.metastore.ObjectStore
2024-05-01T09:23:48,201  INFO [main] metastore.PersistenceManagerProvider: Configuration datanucleus.autoStartMechanismMode is not set. Defaulting to 'ignored'
2024-05-01T09:23:48,202  INFO [main] metastore.ObjectStore: RawStore: org.apache.hadoop.hive.metastore.ObjectStore@4ccdacf5, with PersistenceManager: null will be shutdown
2024-05-01T09:23:48,202  INFO [main] metastore.ObjectStore: RawStore: org.apache.hadoop.hive.metastore.ObjectStore@4ccdacf5, with PersistenceManager: org.datanucleus.api.jdo.JDOPersistenceManager@5aa6da2 created in the thread with id: 1
2024-05-01T09:23:48,207  INFO [main] metastore.HMSHandler: Created RawStore: org.apache.hadoop.hive.metastore.ObjectStore@4ccdacf5 from thread id: 1
2024-05-01T09:23:48,207  INFO [main] metastore.HMSHandler: HMS server filtering is disabled by configuration
2024-05-01T09:23:48,207  INFO [main] metastore.RetryingMetaStoreClient: RetryingMetaStoreClient proxy=class org.apache.hadoop.hive.ql.metadata.SessionHiveMetaStoreClient ugi=alex (auth:SIMPLE) retries=1 delay=1 lifetime=0
2024-05-01T09:23:48,208  INFO [main] service.CompositeService: Operation log root directory is created: /home/alex/Repositories/hive/beeline/target/tmp/alex/operation_logs
2024-05-01T09:23:48,208  INFO [main] service.CompositeService: HiveServer2: Background operation thread pool size: 100
2024-05-01T09:23:48,208  INFO [main] service.CompositeService: HiveServer2: Background operation thread wait queue size: 100
2024-05-01T09:23:48,208  INFO [main] service.CompositeService: HiveServer2: Background operation thread keepalive time: 10 seconds
2024-05-01T09:23:48,208  INFO [main] service.CompositeService: Connections limit are user: 0 ipaddress: 0 user-ipaddress: 0
2024-05-01T09:23:48,210  INFO [main] cleanup.EventualCleanupService: EventualCleanupService started with 10 threads and queue of size 10000
ERROR StatusLogger Log4j2 ConfigurationScheduler attempted to increment scheduled items after start
ERROR StatusLogger Log4j2 ConfigurationScheduler attempted to increment scheduled items after start
2024-05-01T09:23:48,211  INFO [main] service.AbstractService: Service:OperationManager is inited.
2024-05-01T09:23:48,211  INFO [main] service.AbstractService: Service:SessionManager is inited.
2024-05-01T09:23:48,211  INFO [main] service.AbstractService: Service:CLIService is inited.
2024-05-01T09:23:48,211  INFO [main] service.AbstractService: Service:OperationManager is started.
2024-05-01T09:23:48,211  INFO [main] service.AbstractService: Service:SessionManager is started.
2024-05-01T09:23:48,212  INFO [main] service.AbstractService: Service:CLIService is started.
2024-05-01T09:23:48,212  INFO [main] service.AbstractService: Service:ThriftBinaryCLIService is inited.
2024-05-01T09:23:48,212  INFO [main] thrift.ThriftCLIService: Client protocol version: HIVE_CLI_SERVICE_PROTOCOL_V10
2024-05-01T09:23:48,212  INFO [main] thrift.ThriftCLIService: Creating Hive session handle for user [null] from IP null
2024-05-01T09:23:48,213  INFO [main] DependencyResolver: ivysettings.xml file not found in HIVE_HOME or HIVE_CONF_DIR,/home/alex/Repositories/hive/conf/ivysettings.xml will be used
2024-05-01T09:23:48,222  INFO [main] session.SessionState: Created HDFS directory: /tmp/hive/alex/218aae88-cb0e-4fea-971f-9ab8bc769271
2024-05-01T09:23:48,226  INFO [main] session.SessionState: Created local directory: /home/alex/Repositories/hive/beeline/target/tmp/alex/218aae88-cb0e-4fea-971f-9ab8bc769271
2024-05-01T09:23:48,230  INFO [main] session.SessionState: Created HDFS directory: /tmp/hive/alex/218aae88-cb0e-4fea-971f-9ab8bc769271/_tmp_space.db
2024-05-01T09:23:48,230  INFO [main] session.SessionState: Reloading auxiliary JAR files
2024-05-01T09:23:48,230  WARN [main] session.SessionState: Configuration hive.reloadable.aux.jars.path not specified
2024-05-01T09:23:48,230  INFO [main] HiveMetaStore.audit: ugi=alex	ip=unknown-ip-addr	cmd=Cleaning up thread local RawStore...	
2024-05-01T09:23:48,230  INFO [main] metastore.ObjectStore: RawStore: org.apache.hadoop.hive.metastore.ObjectStore@4ccdacf5, with PersistenceManager: org.datanucleus.api.jdo.JDOPersistenceManager@5aa6da2 will be shutdown
2024-05-01T09:23:48,231  INFO [main] HiveMetaStore.audit: ugi=alex	ip=unknown-ip-addr	cmd=Done cleaning up thread local RawStore	
2024-05-01T09:23:48,231  INFO [main] metastore.HiveMetaStoreClient: Closed a connection to metastore, current connections: -7
2024-05-01T09:23:48,231  INFO [main] session.HiveSessionImpl: Operation log session directory is created: /home/alex/Repositories/hive/beeline/target/tmp/alex/operation_logs/218aae88-cb0e-4fea-971f-9ab8bc769271
2024-05-01T09:23:48,231  INFO [main] service.CompositeService: Session opened, SessionHandle [218aae88-cb0e-4fea-971f-9ab8bc769271], current sessions:1
2024-05-01T09:23:48,231  INFO [main] thrift.ThriftCLIService: Login attempt is successful for user : null
2024-05-01T09:23:48,289  WARN [main] conf.HiveConf: HiveConf of name hive.dummyparam.test.server.specific.config.override does not exist
2024-05-01T09:23:48,289  WARN [main] conf.HiveConf: HiveConf of name hive.dummyparam.test.server.specific.config.hiveserver2site does not exist
2024-05-01T09:23:48,289  WARN [main] conf.HiveConf: HiveConf of name hive.dummyparam.test.server.specific.config.metastoresite does not exist
2024-05-01T09:23:48,290  INFO [218aae88-cb0e-4fea-971f-9ab8bc769271 main] session.HiveSessionImpl: executing set
2024-05-01T09:23:48,290  INFO [218aae88-cb0e-4fea-971f-9ab8bc769271 main] operation.HiveCommandOperation: Putting temp output to file /home/alex/Repositories/hive/beeline/target/tmp/alex/218aae88-cb0e-4fea-971f-9ab8bc769271685982413883216036.pipeout and error output to file /home/alex/Repositories/hive/beeline/target/tmp/alex/218aae88-cb0e-4fea-971f-9ab8bc7692712947305794552008986.pipeout
2024-05-01T09:23:48,291  INFO [218aae88-cb0e-4fea-971f-9ab8bc769271 main] operation.OperationManager: Adding operation: OperationHandle [opType=EXECUTE_STATEMENT, getHandleIdentifier()=fc896b3b-d84c-446e-8b45-9aafaf0391f6] SessionHandle [218aae88-cb0e-4fea-971f-9ab8bc769271]
2024-05-01T09:23:48,291  INFO [218aae88-cb0e-4fea-971f-9ab8bc769271 main] common.LogUtils: Thread context registration is done.
DEBUG StatusLogger Building Plugin[name=filter, class=org.apache.hadoop.hive.ql.log.LogDivertAppender$NameFilter].
DEBUG StatusLogger createFilter(loggingLevel="EXECUTION")
DEBUG StatusLogger Building Plugin[name=layout, class=org.apache.logging.log4j.core.layout.PatternLayout].
DEBUG StatusLogger PatternLayout$Builder(pattern="%-5p : %m%n", PatternSelector=null, Configuration(HiveLog4j2Test), Replace=null, charset="null", alwaysWriteExceptions="null", disableAnsi="null", noConsoleNoAnsi="null", header="null", footer="null")
DEBUG StatusLogger Building Plugin[name=appender, class=org.apache.hadoop.hive.ql.log.HushableRandomAccessFileAppender].
DEBUG StatusLogger createAppender(fileName="/home/alex/Repositories/hive/beeline/target/tmp/alex/operation_logs/218aae88-cb0e-4fea-971f-9ab8bc769271/alex_20240501092348_60eaf855-0912-46e9-8632-8514d3212804", append="null", name="query-file-appender", immediateFlush="null", bufferSize="null", ignoreExceptions="null", PatternLayout(org.apache.logging.log4j.core.layout.PatternLayout with name PatternLayout), NameFilter(org.apache.hadoop.hive.ql.log.LogDivertAppender$NameFilter with name NameFilter), advertise="null", advertiseURI="null", Configuration(HiveLog4j2Test))
DEBUG StatusLogger Starting RandomAccessFileManager /home/alex/Repositories/hive/beeline/target/tmp/alex/operation_logs/218aae88-cb0e-4fea-971f-9ab8bc769271/alex_20240501092348_60eaf855-0912-46e9-8632-8514d3212804
DEBUG StatusLogger Building Plugin[name=, class=org.apache.hadoop.hive.ql.log.LogDivertAppenderForTest$TestFilter].
DEBUG StatusLogger createFilter()
DEBUG StatusLogger Building Plugin[name=, class=org.apache.logging.log4j.core.layout.PatternLayout].
DEBUG StatusLogger PatternLayout$Builder(pattern="%-5p : %m%n", PatternSelector=null, Configuration(HiveLog4j2Test), Replace=null, charset="null", alwaysWriteExceptions="null", disableAnsi="null", noConsoleNoAnsi="null", header="null", footer="null")
DEBUG StatusLogger Building Plugin[name=appender, class=org.apache.hadoop.hive.ql.log.HushableRandomAccessFileAppender].
DEBUG StatusLogger createAppender(fileName="/home/alex/Repositories/hive/beeline/target/tmp/alex/operation_logs/218aae88-cb0e-4fea-971f-9ab8bc769271/alex_20240501092348_60eaf855-0912-46e9-8632-8514d3212804.test", append="null", name="test-query-file-appender", immediateFlush="null", bufferSize="null", ignoreExceptions="null", PatternLayout(org.apache.logging.log4j.core.layout.PatternLayout with name PatternLayout), test-filter(org.apache.hadoop.hive.ql.log.LogDivertAppenderForTest$TestFilter with name test-filter), advertise="null", advertiseURI="null", Configuration(HiveLog4j2Test))
DEBUG StatusLogger Starting RandomAccessFileManager /home/alex/Repositories/hive/beeline/target/tmp/alex/operation_logs/218aae88-cb0e-4fea-971f-9ab8bc769271/alex_20240501092348_60eaf855-0912-46e9-8632-8514d3212804.test
2024-05-01T09:23:48,296  INFO [218aae88-cb0e-4fea-971f-9ab8bc769271 main] operation.HiveCommandOperation: [opType=EXECUTE_STATEMENT, queryId=alex_20240501092348_60eaf855-0912-46e9-8632-8514d3212804, startTime=1714580628290, sessionId=218aae88-cb0e-4fea-971f-9ab8bc769271, createTime=1714580628212, userName=null, ipAddress=null]
2024-05-01T09:23:48,307  INFO [218aae88-cb0e-4fea-971f-9ab8bc769271 main] common.LogUtils: Unregistered logging context.
2024-05-01T09:23:48,312  INFO [218aae88-cb0e-4fea-971f-9ab8bc769271 main] operation.OperationManager: Closing operation: OperationHandle [opType=EXECUTE_STATEMENT, getHandleIdentifier()=fc896b3b-d84c-446e-8b45-9aafaf0391f6]
2024-05-01T09:23:48,312  INFO [218aae88-cb0e-4fea-971f-9ab8bc769271 main] operation.OperationManager: Removed queryId: alex_20240501092348_60eaf855-0912-46e9-8632-8514d3212804 corresponding to operation: OperationHandle [opType=EXECUTE_STATEMENT, getHandleIdentifier()=fc896b3b-d84c-446e-8b45-9aafaf0391f6] with tag: null
2024-05-01T09:23:48,313  INFO [218aae88-cb0e-4fea-971f-9ab8bc769271 main] operation.HiveCommandOperation: Closing operation log /home/alex/Repositories/hive/beeline/target/tmp/alex/operation_logs/218aae88-cb0e-4fea-971f-9ab8bc769271/alex_20240501092348_60eaf855-0912-46e9-8632-8514d3212804 without delay
2024-05-01T09:23:48,317  INFO [218aae88-cb0e-4fea-971f-9ab8bc769271 main] session.HiveSessionImpl: executing use test
2024-05-01T09:23:48,318  INFO [218aae88-cb0e-4fea-971f-9ab8bc769271 main] operation.OperationManager: Adding operation: OperationHandle [opType=EXECUTE_STATEMENT, getHandleIdentifier()=af08fc00-f24c-494d-b85d-b080b8b427b7] SessionHandle [218aae88-cb0e-4fea-971f-9ab8bc769271]
2024-05-01T09:23:48,318  INFO [218aae88-cb0e-4fea-971f-9ab8bc769271 main] common.LogUtils: Thread context registration is done.
DEBUG StatusLogger Building Plugin[name=filter, class=org.apache.hadoop.hive.ql.log.LogDivertAppender$NameFilter].
DEBUG StatusLogger createFilter(loggingLevel="EXECUTION")
DEBUG StatusLogger Building Plugin[name=layout, class=org.apache.logging.log4j.core.layout.PatternLayout].
DEBUG StatusLogger PatternLayout$Builder(pattern="%-5p : %m%n", PatternSelector=null, Configuration(HiveLog4j2Test), Replace=null, charset="null", alwaysWriteExceptions="null", disableAnsi="null", noConsoleNoAnsi="null", header="null", footer="null")
DEBUG StatusLogger Building Plugin[name=appender, class=org.apache.hadoop.hive.ql.log.HushableRandomAccessFileAppender].
DEBUG StatusLogger createAppender(fileName="/home/alex/Repositories/hive/beeline/target/tmp/alex/operation_logs/218aae88-cb0e-4fea-971f-9ab8bc769271/alex_20240501092348_770c30ce-b5b3-4424-aaf0-f264d246da2a", append="null", name="query-file-appender", immediateFlush="null", bufferSize="null", ignoreExceptions="null", PatternLayout(org.apache.logging.log4j.core.layout.PatternLayout with name PatternLayout), NameFilter(org.apache.hadoop.hive.ql.log.LogDivertAppender$NameFilter with name NameFilter), advertise="null", advertiseURI="null", Configuration(HiveLog4j2Test))
DEBUG StatusLogger Starting RandomAccessFileManager /home/alex/Repositories/hive/beeline/target/tmp/alex/operation_logs/218aae88-cb0e-4fea-971f-9ab8bc769271/alex_20240501092348_770c30ce-b5b3-4424-aaf0-f264d246da2a
DEBUG StatusLogger Building Plugin[name=, class=org.apache.hadoop.hive.ql.log.LogDivertAppenderForTest$TestFilter].
DEBUG StatusLogger createFilter()
DEBUG StatusLogger Building Plugin[name=, class=org.apache.logging.log4j.core.layout.PatternLayout].
DEBUG StatusLogger PatternLayout$Builder(pattern="%-5p : %m%n", PatternSelector=null, Configuration(HiveLog4j2Test), Replace=null, charset="null", alwaysWriteExceptions="null", disableAnsi="null", noConsoleNoAnsi="null", header="null", footer="null")
DEBUG StatusLogger Building Plugin[name=appender, class=org.apache.hadoop.hive.ql.log.HushableRandomAccessFileAppender].
DEBUG StatusLogger createAppender(fileName="/home/alex/Repositories/hive/beeline/target/tmp/alex/operation_logs/218aae88-cb0e-4fea-971f-9ab8bc769271/alex_20240501092348_770c30ce-b5b3-4424-aaf0-f264d246da2a.test", append="null", name="test-query-file-appender", immediateFlush="null", bufferSize="null", ignoreExceptions="null", PatternLayout(org.apache.logging.log4j.core.layout.PatternLayout with name PatternLayout), test-filter(org.apache.hadoop.hive.ql.log.LogDivertAppenderForTest$TestFilter with name test-filter), advertise="null", advertiseURI="null", Configuration(HiveLog4j2Test))
DEBUG StatusLogger Starting RandomAccessFileManager /home/alex/Repositories/hive/beeline/target/tmp/alex/operation_logs/218aae88-cb0e-4fea-971f-9ab8bc769271/alex_20240501092348_770c30ce-b5b3-4424-aaf0-f264d246da2a.test
2024-05-01T09:23:48,324  INFO [218aae88-cb0e-4fea-971f-9ab8bc769271 main] operation.SQLOperation: [opType=EXECUTE_STATEMENT, queryId=alex_20240501092348_770c30ce-b5b3-4424-aaf0-f264d246da2a, startTime=1714580628317, sessionId=218aae88-cb0e-4fea-971f-9ab8bc769271, createTime=1714580628212, userName=null, ipAddress=null]
2024-05-01T09:23:48,325  INFO [218aae88-cb0e-4fea-971f-9ab8bc769271 main] ql.Driver: Compiling command(queryId=alex_20240501092348_770c30ce-b5b3-4424-aaf0-f264d246da2a): use test
2024-05-01T09:23:48,328  INFO [218aae88-cb0e-4fea-971f-9ab8bc769271 main] metastore.HiveMetaStoreClient: HMS client filtering is enabled.
2024-05-01T09:23:48,329  INFO [218aae88-cb0e-4fea-971f-9ab8bc769271 main] metastore.HMSHandler: 0: Opening raw store with implementation class:org.apache.hadoop.hive.metastore.ObjectStore
2024-05-01T09:23:48,329  INFO [218aae88-cb0e-4fea-971f-9ab8bc769271 main] metastore.PersistenceManagerProvider: Configuration datanucleus.autoStartMechanismMode is not set. Defaulting to 'ignored'
2024-05-01T09:23:48,329  INFO [218aae88-cb0e-4fea-971f-9ab8bc769271 main] metastore.ObjectStore: RawStore: org.apache.hadoop.hive.metastore.ObjectStore@6ce2e079, with PersistenceManager: null will be shutdown
2024-05-01T09:23:48,330  INFO [218aae88-cb0e-4fea-971f-9ab8bc769271 main] metastore.ObjectStore: RawStore: org.apache.hadoop.hive.metastore.ObjectStore@6ce2e079, with PersistenceManager: org.datanucleus.api.jdo.JDOPersistenceManager@3e39e0fb created in the thread with id: 1
2024-05-01T09:23:48,335  INFO [218aae88-cb0e-4fea-971f-9ab8bc769271 main] metastore.HMSHandler: Created RawStore: org.apache.hadoop.hive.metastore.ObjectStore@6ce2e079 from thread id: 1
2024-05-01T09:23:48,335  INFO [218aae88-cb0e-4fea-971f-9ab8bc769271 main] metastore.HMSHandler: HMS server filtering is disabled by configuration
2024-05-01T09:23:48,335  INFO [218aae88-cb0e-4fea-971f-9ab8bc769271 main] metastore.RetryingMetaStoreClient: RetryingMetaStoreClient proxy=class org.apache.hadoop.hive.ql.metadata.SessionHiveMetaStoreClient ugi=alex (auth:SIMPLE) retries=1 delay=1 lifetime=0
2024-05-01T09:23:48,336  INFO [218aae88-cb0e-4fea-971f-9ab8bc769271 main] HiveMetaStore.audit: ugi=alex	ip=unknown-ip-addr	cmd=get_database: test	
2024-05-01T09:23:48,337  INFO [218aae88-cb0e-4fea-971f-9ab8bc769271 main] ql.Driver: Semantic Analysis Completed (retrial = false)
2024-05-01T09:23:48,338  INFO [218aae88-cb0e-4fea-971f-9ab8bc769271 main] ql.Driver: Created Hive schema: Schema(fieldSchemas:null, properties:null)
2024-05-01T09:23:48,338  INFO [218aae88-cb0e-4fea-971f-9ab8bc769271 main] metadata.Hive: Dumping metastore api call timing information for : compilation phase
2024-05-01T09:23:48,338  INFO [218aae88-cb0e-4fea-971f-9ab8bc769271 main] metadata.Hive: Total time spent in each metastore function (ms): {isCompatibleWith_(Configuration)=0, getDatabase_(String)=1, flushCache_()=0}
2024-05-01T09:23:48,338  INFO [218aae88-cb0e-4fea-971f-9ab8bc769271 main] ql.Driver: Completed compiling command(queryId=alex_20240501092348_770c30ce-b5b3-4424-aaf0-f264d246da2a); Time taken: 0.013 seconds
2024-05-01T09:23:48,338  INFO [218aae88-cb0e-4fea-971f-9ab8bc769271 main] common.LogUtils: Unregistered logging context.
2024-05-01T09:23:48,341  INFO [HiveServer2-Background-Pool: Thread-169] common.LogUtils: Thread context registration is done.
2024-05-01T09:23:48,341  INFO [HiveServer2-Background-Pool: Thread-169] reexec.ReExecDriver: Execution #1 of query
2024-05-01T09:23:48,342  INFO [HiveServer2-Background-Pool: Thread-169] ql.Driver: Concurrency mode is disabled, not creating a lock manager
2024-05-01T09:23:48,342  INFO [HiveServer2-Background-Pool: Thread-169] ql.Driver: Executing command(queryId=alex_20240501092348_770c30ce-b5b3-4424-aaf0-f264d246da2a): use test
2024-05-01T09:23:48,343  INFO [HiveServer2-Background-Pool: Thread-169] ql.Driver: Starting task [Stage-0:DDL] in serial mode
2024-05-01T09:23:48,344  INFO [HiveServer2-Background-Pool: Thread-169] HiveMetaStore.audit: ugi=alex	ip=unknown-ip-addr	cmd=get_database: test	
2024-05-01T09:23:48,345  INFO [HiveServer2-Background-Pool: Thread-169] metastore.HMSHandler: 7: Opening raw store with implementation class:org.apache.hadoop.hive.metastore.ObjectStore
2024-05-01T09:23:48,346  INFO [HiveServer2-Background-Pool: Thread-169] metastore.ObjectStore: RawStore: org.apache.hadoop.hive.metastore.ObjectStore@19917695, with PersistenceManager: null will be shutdown
2024-05-01T09:23:48,347  INFO [HiveServer2-Background-Pool: Thread-169] metastore.ObjectStore: RawStore: org.apache.hadoop.hive.metastore.ObjectStore@19917695, with PersistenceManager: org.datanucleus.api.jdo.JDOPersistenceManager@5c93fbc3 created in the thread with id: 169
2024-05-01T09:23:48,354  INFO [HiveServer2-Background-Pool: Thread-169] metastore.HMSHandler: Created RawStore: org.apache.hadoop.hive.metastore.ObjectStore@19917695 from thread id: 169
2024-05-01T09:23:48,356  INFO [HiveServer2-Background-Pool: Thread-169] HiveMetaStore.audit: ugi=alex	ip=unknown-ip-addr	cmd=get_database: test	
2024-05-01T09:23:48,358  INFO [HiveServer2-Background-Pool: Thread-169] metadata.Hive: Dumping metastore api call timing information for : execution phase
2024-05-01T09:23:48,358  INFO [HiveServer2-Background-Pool: Thread-169] metadata.Hive: Total time spent in each metastore function (ms): {isCompatibleWith_(Configuration)=0, getDatabase_(String)=15}
2024-05-01T09:23:48,358  INFO [HiveServer2-Background-Pool: Thread-169] ql.Driver: Completed executing command(queryId=alex_20240501092348_770c30ce-b5b3-4424-aaf0-f264d246da2a); Time taken: 0.016 seconds
2024-05-01T09:23:48,359  INFO [HiveServer2-Background-Pool: Thread-169] common.LogUtils: Unregistered logging context.
2024-05-01T09:23:48,362  INFO [218aae88-cb0e-4fea-971f-9ab8bc769271 main] operation.OperationManager: Closing operation: OperationHandle [opType=EXECUTE_STATEMENT, getHandleIdentifier()=af08fc00-f24c-494d-b85d-b080b8b427b7]
2024-05-01T09:23:48,362  INFO [218aae88-cb0e-4fea-971f-9ab8bc769271 main] operation.OperationManager: Removed queryId: alex_20240501092348_770c30ce-b5b3-4424-aaf0-f264d246da2a corresponding to operation: OperationHandle [opType=EXECUTE_STATEMENT, getHandleIdentifier()=af08fc00-f24c-494d-b85d-b080b8b427b7] with tag: null
2024-05-01T09:23:48,362  INFO [218aae88-cb0e-4fea-971f-9ab8bc769271 main] operation.SQLOperation: Closing operation log /home/alex/Repositories/hive/beeline/target/tmp/alex/operation_logs/218aae88-cb0e-4fea-971f-9ab8bc769271/alex_20240501092348_770c30ce-b5b3-4424-aaf0-f264d246da2a without delay
2024-05-01T09:23:48,424  WARN [main] conf.HiveConf: HiveConf of name hive.dummyparam.test.server.specific.config.override does not exist
2024-05-01T09:23:48,425  WARN [main] conf.HiveConf: HiveConf of name hive.dummyparam.test.server.specific.config.hiveserver2site does not exist
2024-05-01T09:23:48,425  WARN [main] conf.HiveConf: HiveConf of name hive.dummyparam.test.server.specific.config.metastoresite does not exist
2024-05-01T09:23:48,425  INFO [218aae88-cb0e-4fea-971f-9ab8bc769271 main] session.HiveSessionImpl: executing set
2024-05-01T09:23:48,426  INFO [218aae88-cb0e-4fea-971f-9ab8bc769271 main] operation.HiveCommandOperation: Putting temp output to file /home/alex/Repositories/hive/beeline/target/tmp/alex/218aae88-cb0e-4fea-971f-9ab8bc769271685982413883216036.pipeout and error output to file /home/alex/Repositories/hive/beeline/target/tmp/alex/218aae88-cb0e-4fea-971f-9ab8bc7692712947305794552008986.pipeout
2024-05-01T09:23:48,426  INFO [218aae88-cb0e-4fea-971f-9ab8bc769271 main] operation.OperationManager: Adding operation: OperationHandle [opType=EXECUTE_STATEMENT, getHandleIdentifier()=6b5e78ef-3fb7-43b0-8d62-1673b964c416] SessionHandle [218aae88-cb0e-4fea-971f-9ab8bc769271]
2024-05-01T09:23:48,426  INFO [218aae88-cb0e-4fea-971f-9ab8bc769271 main] common.LogUtils: Thread context registration is done.
DEBUG StatusLogger Building Plugin[name=filter, class=org.apache.hadoop.hive.ql.log.LogDivertAppender$NameFilter].
DEBUG StatusLogger createFilter(loggingLevel="EXECUTION")
DEBUG StatusLogger Building Plugin[name=layout, class=org.apache.logging.log4j.core.layout.PatternLayout].
DEBUG StatusLogger PatternLayout$Builder(pattern="%-5p : %m%n", PatternSelector=null, Configuration(HiveLog4j2Test), Replace=null, charset="null", alwaysWriteExceptions="null", disableAnsi="null", noConsoleNoAnsi="null", header="null", footer="null")
DEBUG StatusLogger Building Plugin[name=appender, class=org.apache.hadoop.hive.ql.log.HushableRandomAccessFileAppender].
DEBUG StatusLogger createAppender(fileName="/home/alex/Repositories/hive/beeline/target/tmp/alex/operation_logs/218aae88-cb0e-4fea-971f-9ab8bc769271/alex_20240501092348_9b69334d-7405-404a-a63e-db6287e61e4d", append="null", name="query-file-appender", immediateFlush="null", bufferSize="null", ignoreExceptions="null", PatternLayout(org.apache.logging.log4j.core.layout.PatternLayout with name PatternLayout), NameFilter(org.apache.hadoop.hive.ql.log.LogDivertAppender$NameFilter with name NameFilter), advertise="null", advertiseURI="null", Configuration(HiveLog4j2Test))
DEBUG StatusLogger Starting RandomAccessFileManager /home/alex/Repositories/hive/beeline/target/tmp/alex/operation_logs/218aae88-cb0e-4fea-971f-9ab8bc769271/alex_20240501092348_9b69334d-7405-404a-a63e-db6287e61e4d
DEBUG StatusLogger Building Plugin[name=, class=org.apache.hadoop.hive.ql.log.LogDivertAppenderForTest$TestFilter].
DEBUG StatusLogger createFilter()
DEBUG StatusLogger Building Plugin[name=, class=org.apache.logging.log4j.core.layout.PatternLayout].
DEBUG StatusLogger PatternLayout$Builder(pattern="%-5p : %m%n", PatternSelector=null, Configuration(HiveLog4j2Test), Replace=null, charset="null", alwaysWriteExceptions="null", disableAnsi="null", noConsoleNoAnsi="null", header="null", footer="null")
DEBUG StatusLogger Building Plugin[name=appender, class=org.apache.hadoop.hive.ql.log.HushableRandomAccessFileAppender].
DEBUG StatusLogger createAppender(fileName="/home/alex/Repositories/hive/beeline/target/tmp/alex/operation_logs/218aae88-cb0e-4fea-971f-9ab8bc769271/alex_20240501092348_9b69334d-7405-404a-a63e-db6287e61e4d.test", append="null", name="test-query-file-appender", immediateFlush="null", bufferSize="null", ignoreExceptions="null", PatternLayout(org.apache.logging.log4j.core.layout.PatternLayout with name PatternLayout), test-filter(org.apache.hadoop.hive.ql.log.LogDivertAppenderForTest$TestFilter with name test-filter), advertise="null", advertiseURI="null", Configuration(HiveLog4j2Test))
DEBUG StatusLogger Starting RandomAccessFileManager /home/alex/Repositories/hive/beeline/target/tmp/alex/operation_logs/218aae88-cb0e-4fea-971f-9ab8bc769271/alex_20240501092348_9b69334d-7405-404a-a63e-db6287e61e4d.test
2024-05-01T09:23:48,430  INFO [218aae88-cb0e-4fea-971f-9ab8bc769271 main] operation.HiveCommandOperation: [opType=EXECUTE_STATEMENT, queryId=alex_20240501092348_9b69334d-7405-404a-a63e-db6287e61e4d, startTime=1714580628426, sessionId=218aae88-cb0e-4fea-971f-9ab8bc769271, createTime=1714580628212, userName=null, ipAddress=null]
2024-05-01T09:23:48,440  INFO [218aae88-cb0e-4fea-971f-9ab8bc769271 main] common.LogUtils: Unregistered logging context.
2024-05-01T09:23:48,444  INFO [218aae88-cb0e-4fea-971f-9ab8bc769271 main] operation.OperationManager: Closing operation: OperationHandle [opType=EXECUTE_STATEMENT, getHandleIdentifier()=6b5e78ef-3fb7-43b0-8d62-1673b964c416]
2024-05-01T09:23:48,444  INFO [218aae88-cb0e-4fea-971f-9ab8bc769271 main] operation.OperationManager: Removed queryId: alex_20240501092348_9b69334d-7405-404a-a63e-db6287e61e4d corresponding to operation: OperationHandle [opType=EXECUTE_STATEMENT, getHandleIdentifier()=6b5e78ef-3fb7-43b0-8d62-1673b964c416] with tag: null
2024-05-01T09:23:48,444  INFO [218aae88-cb0e-4fea-971f-9ab8bc769271 main] operation.HiveCommandOperation: Closing operation log /home/alex/Repositories/hive/beeline/target/tmp/alex/operation_logs/218aae88-cb0e-4fea-971f-9ab8bc769271/alex_20240501092348_9b69334d-7405-404a-a63e-db6287e61e4d without delay
2024-05-01T09:23:48,446  INFO [218aae88-cb0e-4fea-971f-9ab8bc769271 main] session.HiveSessionImpl: executing show tables
2024-05-01T09:23:48,448  INFO [218aae88-cb0e-4fea-971f-9ab8bc769271 main] operation.OperationManager: Adding operation: OperationHandle [opType=EXECUTE_STATEMENT, getHandleIdentifier()=b73ff6b6-c97d-4633-a895-072a9806b5b2] SessionHandle [218aae88-cb0e-4fea-971f-9ab8bc769271]
2024-05-01T09:23:48,448  INFO [218aae88-cb0e-4fea-971f-9ab8bc769271 main] common.LogUtils: Thread context registration is done.
DEBUG StatusLogger Building Plugin[name=filter, class=org.apache.hadoop.hive.ql.log.LogDivertAppender$NameFilter].
DEBUG StatusLogger createFilter(loggingLevel="EXECUTION")
DEBUG StatusLogger Building Plugin[name=layout, class=org.apache.logging.log4j.core.layout.PatternLayout].
DEBUG StatusLogger PatternLayout$Builder(pattern="%-5p : %m%n", PatternSelector=null, Configuration(HiveLog4j2Test), Replace=null, charset="null", alwaysWriteExceptions="null", disableAnsi="null", noConsoleNoAnsi="null", header="null", footer="null")
DEBUG StatusLogger Building Plugin[name=appender, class=org.apache.hadoop.hive.ql.log.HushableRandomAccessFileAppender].
DEBUG StatusLogger createAppender(fileName="/home/alex/Repositories/hive/beeline/target/tmp/alex/operation_logs/218aae88-cb0e-4fea-971f-9ab8bc769271/alex_20240501092348_69e7d473-4cc6-4a44-8098-66cabcb003d8", append="null", name="query-file-appender", immediateFlush="null", bufferSize="null", ignoreExceptions="null", PatternLayout(org.apache.logging.log4j.core.layout.PatternLayout with name PatternLayout), NameFilter(org.apache.hadoop.hive.ql.log.LogDivertAppender$NameFilter with name NameFilter), advertise="null", advertiseURI="null", Configuration(HiveLog4j2Test))
DEBUG StatusLogger Starting RandomAccessFileManager /home/alex/Repositories/hive/beeline/target/tmp/alex/operation_logs/218aae88-cb0e-4fea-971f-9ab8bc769271/alex_20240501092348_69e7d473-4cc6-4a44-8098-66cabcb003d8
DEBUG StatusLogger Building Plugin[name=, class=org.apache.hadoop.hive.ql.log.LogDivertAppenderForTest$TestFilter].
DEBUG StatusLogger createFilter()
DEBUG StatusLogger Building Plugin[name=, class=org.apache.logging.log4j.core.layout.PatternLayout].
DEBUG StatusLogger PatternLayout$Builder(pattern="%-5p : %m%n", PatternSelector=null, Configuration(HiveLog4j2Test), Replace=null, charset="null", alwaysWriteExceptions="null", disableAnsi="null", noConsoleNoAnsi="null", header="null", footer="null")
DEBUG StatusLogger Building Plugin[name=appender, class=org.apache.hadoop.hive.ql.log.HushableRandomAccessFileAppender].
DEBUG StatusLogger createAppender(fileName="/home/alex/Repositories/hive/beeline/target/tmp/alex/operation_logs/218aae88-cb0e-4fea-971f-9ab8bc769271/alex_20240501092348_69e7d473-4cc6-4a44-8098-66cabcb003d8.test", append="null", name="test-query-file-appender", immediateFlush="null", bufferSize="null", ignoreExceptions="null", PatternLayout(org.apache.logging.log4j.core.layout.PatternLayout with name PatternLayout), test-filter(org.apache.hadoop.hive.ql.log.LogDivertAppenderForTest$TestFilter with name test-filter), advertise="null", advertiseURI="null", Configuration(HiveLog4j2Test))
DEBUG StatusLogger Starting RandomAccessFileManager /home/alex/Repositories/hive/beeline/target/tmp/alex/operation_logs/218aae88-cb0e-4fea-971f-9ab8bc769271/alex_20240501092348_69e7d473-4cc6-4a44-8098-66cabcb003d8.test
2024-05-01T09:23:48,452  INFO [218aae88-cb0e-4fea-971f-9ab8bc769271 main] operation.SQLOperation: [opType=EXECUTE_STATEMENT, queryId=alex_20240501092348_69e7d473-4cc6-4a44-8098-66cabcb003d8, startTime=1714580628447, sessionId=218aae88-cb0e-4fea-971f-9ab8bc769271, createTime=1714580628212, userName=null, ipAddress=null]
2024-05-01T09:23:48,454  INFO [218aae88-cb0e-4fea-971f-9ab8bc769271 main] ql.Driver: Compiling command(queryId=alex_20240501092348_69e7d473-4cc6-4a44-8098-66cabcb003d8): show tables
2024-05-01T09:23:48,459  INFO [218aae88-cb0e-4fea-971f-9ab8bc769271 main] HiveMetaStore.audit: ugi=alex	ip=unknown-ip-addr	cmd=get_database: test	
2024-05-01T09:23:48,461  INFO [218aae88-cb0e-4fea-971f-9ab8bc769271 main] ql.Driver: Semantic Analysis Completed (retrial = false)
2024-05-01T09:23:48,462  INFO [218aae88-cb0e-4fea-971f-9ab8bc769271 main] ql.Driver: Created Hive schema: Schema(fieldSchemas:[FieldSchema(name:tab_name, type:string, comment:from deserializer)], properties:null)
2024-05-01T09:23:48,463  INFO [218aae88-cb0e-4fea-971f-9ab8bc769271 main] exec.ListSinkOperator: Initializing Operator: LIST_SINK[0]
2024-05-01T09:23:48,463  INFO [218aae88-cb0e-4fea-971f-9ab8bc769271 main] metadata.Hive: Dumping metastore api call timing information for : compilation phase
2024-05-01T09:23:48,463  INFO [218aae88-cb0e-4fea-971f-9ab8bc769271 main] metadata.Hive: Total time spent in each metastore function (ms): {isCompatibleWith_(Configuration)=1, getDatabase_(String)=2, flushCache_()=0}
2024-05-01T09:23:48,463  INFO [218aae88-cb0e-4fea-971f-9ab8bc769271 main] ql.Driver: Completed compiling command(queryId=alex_20240501092348_69e7d473-4cc6-4a44-8098-66cabcb003d8); Time taken: 0.01 seconds
2024-05-01T09:23:48,464  INFO [218aae88-cb0e-4fea-971f-9ab8bc769271 main] common.LogUtils: Unregistered logging context.
2024-05-01T09:23:48,464  INFO [HiveServer2-Background-Pool: Thread-173] common.LogUtils: Thread context registration is done.
2024-05-01T09:23:48,464  INFO [HiveServer2-Background-Pool: Thread-173] reexec.ReExecDriver: Execution #1 of query
2024-05-01T09:23:48,465  INFO [HiveServer2-Background-Pool: Thread-173] ql.Driver: Concurrency mode is disabled, not creating a lock manager
2024-05-01T09:23:48,465  INFO [HiveServer2-Background-Pool: Thread-173] ql.Driver: Executing command(queryId=alex_20240501092348_69e7d473-4cc6-4a44-8098-66cabcb003d8): show tables
2024-05-01T09:23:48,466  INFO [HiveServer2-Background-Pool: Thread-173] ql.Driver: Starting task [Stage-0:DDL] in serial mode
2024-05-01T09:23:48,466  INFO [HiveServer2-Background-Pool: Thread-173] HiveMetaStore.audit: ugi=alex	ip=unknown-ip-addr	cmd=get_database: test	
2024-05-01T09:23:48,467  INFO [HiveServer2-Background-Pool: Thread-173] metastore.HMSHandler: 8: Opening raw store with implementation class:org.apache.hadoop.hive.metastore.ObjectStore
2024-05-01T09:23:48,468  INFO [HiveServer2-Background-Pool: Thread-173] metastore.ObjectStore: RawStore: org.apache.hadoop.hive.metastore.ObjectStore@60d17419, with PersistenceManager: null will be shutdown
2024-05-01T09:23:48,468  INFO [HiveServer2-Background-Pool: Thread-173] metastore.ObjectStore: RawStore: org.apache.hadoop.hive.metastore.ObjectStore@60d17419, with PersistenceManager: org.datanucleus.api.jdo.JDOPersistenceManager@13a4d399 created in the thread with id: 173
2024-05-01T09:23:48,473  INFO [HiveServer2-Background-Pool: Thread-173] metastore.HMSHandler: Created RawStore: org.apache.hadoop.hive.metastore.ObjectStore@60d17419 from thread id: 173
2024-05-01T09:23:48,476  INFO [HiveServer2-Background-Pool: Thread-173] HiveMetaStore.audit: ugi=alex	ip=unknown-ip-addr	cmd=get_multi_table : db=test tbls=null	
2024-05-01T09:23:48,488  INFO [HiveServer2-Background-Pool: Thread-173] sqlstd.SQLStdHiveAccessController: Created SQLStdHiveAccessController for session context : HiveAuthzSessionContext [sessionString=218aae88-cb0e-4fea-971f-9ab8bc769271, clientType=HIVESERVER2]
2024-05-01T09:23:48,495  INFO [HiveServer2-Background-Pool: Thread-173] metadata.Hive: Dumping metastore api call timing information for : execution phase
2024-05-01T09:23:48,495  INFO [HiveServer2-Background-Pool: Thread-173] metadata.Hive: Total time spent in each metastore function (ms): {isCompatibleWith_(Configuration)=0, getDatabase_(String)=8, getTables_(String, String)=13}
2024-05-01T09:23:48,496  INFO [HiveServer2-Background-Pool: Thread-173] ql.Driver: Completed executing command(queryId=alex_20240501092348_69e7d473-4cc6-4a44-8098-66cabcb003d8); Time taken: 0.03 seconds
2024-05-01T09:23:48,496  INFO [HiveServer2-Background-Pool: Thread-173] common.LogUtils: Unregistered logging context.
2024-05-01T09:23:48,497  INFO [218aae88-cb0e-4fea-971f-9ab8bc769271 main] operation.OperationManager: Closing operation: OperationHandle [opType=EXECUTE_STATEMENT, getHandleIdentifier()=b73ff6b6-c97d-4633-a895-072a9806b5b2]
2024-05-01T09:23:48,498  INFO [218aae88-cb0e-4fea-971f-9ab8bc769271 main] operation.OperationManager: Removed queryId: alex_20240501092348_69e7d473-4cc6-4a44-8098-66cabcb003d8 corresponding to operation: OperationHandle [opType=EXECUTE_STATEMENT, getHandleIdentifier()=b73ff6b6-c97d-4633-a895-072a9806b5b2] with tag: null
2024-05-01T09:23:48,498  INFO [218aae88-cb0e-4fea-971f-9ab8bc769271 main] ql.Context: Deleting scratch dir: file:/home/alex/Repositories/hive/beeline/target/tmp/alex/218aae88-cb0e-4fea-971f-9ab8bc769271/hive_2024-05-01_09-23-48_453_7097438779791377666-1
2024-05-01T09:23:48,498  INFO [218aae88-cb0e-4fea-971f-9ab8bc769271 main] cleanup.EventualCleanupService: Delete file:/home/alex/Repositories/hive/beeline/target/tmp/alex/218aae88-cb0e-4fea-971f-9ab8bc769271/hive_2024-05-01_09-23-48_453_7097438779791377666-1 operation was queued
2024-05-01T09:23:48,498  INFO [218aae88-cb0e-4fea-971f-9ab8bc769271 main] exec.ListSinkOperator: Closing Operator: LIST_SINK[0]
2024-05-01T09:23:48,498  INFO [218aae88-cb0e-4fea-971f-9ab8bc769271 main] exec.ListSinkOperator: RECORDS_OUT_INTERMEDIATE:0, RECORDS_OUT_OPERATOR_LIST_SINK_0:0, 
2024-05-01T09:23:48,498  INFO [218aae88-cb0e-4fea-971f-9ab8bc769271 main] operation.SQLOperation: Closing operation log /home/alex/Repositories/hive/beeline/target/tmp/alex/operation_logs/218aae88-cb0e-4fea-971f-9ab8bc769271/alex_20240501092348_69e7d473-4cc6-4a44-8098-66cabcb003d8 without delay
2024-05-01T09:23:48,498  INFO [EventualCleanupService thread 0] cleanup.EventualCleanupService: Deleted file:/home/alex/Repositories/hive/beeline/target/tmp/alex/218aae88-cb0e-4fea-971f-9ab8bc769271/hive_2024-05-01_09-23-48_453_7097438779791377666-1
2024-05-01T09:23:48,502  INFO [main] service.CompositeService: Session closed, SessionHandle [218aae88-cb0e-4fea-971f-9ab8bc769271], current sessions:0
2024-05-01T09:23:48,503  INFO [218aae88-cb0e-4fea-971f-9ab8bc769271 main] session.HiveSessionImpl: Operation log session directory is deleted: /home/alex/Repositories/hive/beeline/target/tmp/alex/operation_logs/218aae88-cb0e-4fea-971f-9ab8bc769271
2024-05-01T09:23:48,504  INFO [main] cleanup.EventualCleanupService: Delete /tmp/hive/alex/218aae88-cb0e-4fea-971f-9ab8bc769271 operation was queued
2024-05-01T09:23:48,504  INFO [main] cleanup.EventualCleanupService: Delete /home/alex/Repositories/hive/beeline/target/tmp/alex/218aae88-cb0e-4fea-971f-9ab8bc769271 operation was queued
2024-05-01T09:23:48,504  INFO [EventualCleanupService thread 2] cleanup.EventualCleanupService: Deleted /home/alex/Repositories/hive/beeline/target/tmp/alex/218aae88-cb0e-4fea-971f-9ab8bc769271
2024-05-01T09:23:48,504  INFO [EventualCleanupService thread 1] cleanup.EventualCleanupService: Deleted /tmp/hive/alex/218aae88-cb0e-4fea-971f-9ab8bc769271
2024-05-01T09:23:48,505  INFO [main] HiveMetaStore.audit: ugi=alex	ip=unknown-ip-addr	cmd=Cleaning up thread local RawStore...	
2024-05-01T09:23:48,505  INFO [main] metastore.ObjectStore: RawStore: org.apache.hadoop.hive.metastore.ObjectStore@6ce2e079, with PersistenceManager: org.datanucleus.api.jdo.JDOPersistenceManager@3e39e0fb will be shutdown
2024-05-01T09:23:48,506  INFO [main] HiveMetaStore.audit: ugi=alex	ip=unknown-ip-addr	cmd=Done cleaning up thread local RawStore	
2024-05-01T09:23:48,506  INFO [main] metastore.HiveMetaStoreClient: Closed a connection to metastore, current connections: -8
2024-05-01T09:23:48,506 ERROR [main] cli.TestHiveCli: Failed due to the error:Connecting to jdbc:hive2://
Hive Session ID = 23292eb5-1d66-45cd-a773-9a875956d582
ivysettings.xml file not found in HIVE_HOME or HIVE_CONF_DIR,/home/alex/Repositories/hive/conf/ivysettings.xml will be used
ivysettings.xml file not found in HIVE_HOME or HIVE_CONF_DIR,/home/alex/Repositories/hive/conf/ivysettings.xml will be used
Connected to: Apache Hive (version 4.0.0-SNAPSHOT)
Error: Couldn't load manifest attributes. (state=,code=0)
Transaction isolation: TRANSACTION_REPEATABLE_READ
INFO  : Compiling command(queryId=alex_20240501092348_770c30ce-b5b3-4424-aaf0-f264d246da2a): use test
INFO  : Semantic Analysis Completed (retrial = false)
INFO  : Created Hive schema: Schema(fieldSchemas:null, properties:null)
INFO  : Completed compiling command(queryId=alex_20240501092348_770c30ce-b5b3-4424-aaf0-f264d246da2a); Time taken: 0.013 seconds
INFO  : Concurrency mode is disabled, not creating a lock manager
INFO  : Executing command(queryId=alex_20240501092348_770c30ce-b5b3-4424-aaf0-f264d246da2a): use test
INFO  : Starting task [Stage-0:DDL] in serial mode
DEBUG : Task getting executed using mapred tag : alex_20240501092348_770c30ce-b5b3-4424-aaf0-f264d246da2a,userid=null
INFO  : Completed executing command(queryId=alex_20240501092348_770c30ce-b5b3-4424-aaf0-f264d246da2a); Time taken: 0.016 seconds
DEBUG : Shutting down query use test
Error: Failed to wait for operation to complete (state=08S01,code=0)
Beeline version ??? by Apache Hive
hive> source /home/alex/Repositories/hive/beeline/target/tmp/test6448499579331942966.sql;
INFO  : Compiling command(queryId=alex_20240501092348_69e7d473-4cc6-4a44-8098-66cabcb003d8): show tables
INFO  : Semantic Analysis Completed (retrial = false)
INFO  : Created Hive schema: Schema(fieldSchemas:[FieldSchema(name:tab_name, type:string, comment:from deserializer)], properties:null)
INFO  : Completed compiling command(queryId=alex_20240501092348_69e7d473-4cc6-4a44-8098-66cabcb003d8); Time taken: 0.01 seconds
INFO  : Concurrency mode is disabled, not creating a lock manager
INFO  : Executing command(queryId=alex_20240501092348_69e7d473-4cc6-4a44-8098-66cabcb003d8): show tables
INFO  : Starting task [Stage-0:DDL] in serial mode
DEBUG : Task getting executed using mapred tag : alex_20240501092348_69e7d473-4cc6-4a44-8098-66cabcb003d8,userid=null
INFO  : Completed executing command(queryId=alex_20240501092348_69e7d473-4cc6-4a44-8098-66cabcb003d8); Time taken: 0.03 seconds
DEBUG : Shutting down query show tables
Error: Failed to wait for operation to complete (state=08S01,code=0)
hive> Closing: 0: jdbc:hive2://

]]></system-err>
  </testcase>
  <testcase name="testInvalidOptions2" classname="org.apache.hive.beeline.cli.TestHiveCli" time="0.005"/>
  <testcase name="testCmd" classname="org.apache.hive.beeline.cli.TestHiveCli" time="0.241">
    <failure type="java.lang.AssertionError"><![CDATA[java.lang.AssertionError: The expected keyword "src" occur in the output: 
	at org.junit.Assert.fail(Assert.java:89)
	at org.junit.Assert.assertTrue(Assert.java:42)
	at org.apache.hive.beeline.cli.TestHiveCli.verifyCMD(TestHiveCli.java:270)
	at org.apache.hive.beeline.cli.TestHiveCli.testCmd(TestHiveCli.java:72)
	at sun.reflect.NativeMethodAccessorImpl.invoke0(Native Method)
	at sun.reflect.NativeMethodAccessorImpl.invoke(NativeMethodAccessorImpl.java:62)
	at sun.reflect.DelegatingMethodAccessorImpl.invoke(DelegatingMethodAccessorImpl.java:43)
	at java.lang.reflect.Method.invoke(Method.java:498)
	at org.junit.runners.model.FrameworkMethod$1.runReflectiveCall(FrameworkMethod.java:59)
	at org.junit.internal.runners.model.ReflectiveCallable.run(ReflectiveCallable.java:12)
	at org.junit.runners.model.FrameworkMethod.invokeExplosively(FrameworkMethod.java:56)
	at org.junit.internal.runners.statements.InvokeMethod.evaluate(InvokeMethod.java:17)
	at org.junit.internal.runners.statements.RunBefores.evaluate(RunBefores.java:26)
	at org.junit.internal.runners.statements.RunAfters.evaluate(RunAfters.java:27)
	at org.junit.runners.ParentRunner$3.evaluate(ParentRunner.java:306)
	at org.junit.runners.BlockJUnit4ClassRunner$1.evaluate(BlockJUnit4ClassRunner.java:100)
	at org.junit.runners.ParentRunner.runLeaf(ParentRunner.java:366)
	at org.junit.runners.BlockJUnit4ClassRunner.runChild(BlockJUnit4ClassRunner.java:103)
	at org.junit.runners.BlockJUnit4ClassRunner.runChild(BlockJUnit4ClassRunner.java:63)
	at org.junit.runners.ParentRunner$4.run(ParentRunner.java:331)
	at org.junit.runners.ParentRunner$1.schedule(ParentRunner.java:79)
	at org.junit.runners.ParentRunner.runChildren(ParentRunner.java:329)
	at org.junit.runners.ParentRunner.access$100(ParentRunner.java:66)
	at org.junit.runners.ParentRunner$2.evaluate(ParentRunner.java:293)
	at org.junit.internal.runners.statements.RunBefores.evaluate(RunBefores.java:26)
	at org.junit.runners.ParentRunner$3.evaluate(ParentRunner.java:306)
	at org.junit.runners.ParentRunner.run(ParentRunner.java:413)
	at org.junit.runner.JUnitCore.run(JUnitCore.java:137)
	at org.junit.runner.JUnitCore.run(JUnitCore.java:115)
	at org.junit.vintage.engine.execution.RunnerExecutor.execute(RunnerExecutor.java:43)
	at java.util.stream.ForEachOps$ForEachOp$OfRef.accept(ForEachOps.java:183)
	at java.util.stream.ReferencePipeline$3$1.accept(ReferencePipeline.java:193)
	at java.util.Iterator.forEachRemaining(Iterator.java:116)
	at java.util.Spliterators$IteratorSpliterator.forEachRemaining(Spliterators.java:1801)
	at java.util.stream.AbstractPipeline.copyInto(AbstractPipeline.java:482)
	at java.util.stream.AbstractPipeline.wrapAndCopyInto(AbstractPipeline.java:472)
	at java.util.stream.ForEachOps$ForEachOp.evaluateSequential(ForEachOps.java:150)
	at java.util.stream.ForEachOps$ForEachOp$OfRef.evaluateSequential(ForEachOps.java:173)
	at java.util.stream.AbstractPipeline.evaluate(AbstractPipeline.java:234)
	at java.util.stream.ReferencePipeline.forEach(ReferencePipeline.java:485)
	at org.junit.vintage.engine.VintageTestEngine.executeAllChildren(VintageTestEngine.java:82)
	at org.junit.vintage.engine.VintageTestEngine.execute(VintageTestEngine.java:73)
	at org.junit.platform.launcher.core.DefaultLauncher.execute(DefaultLauncher.java:248)
	at org.junit.platform.launcher.core.DefaultLauncher.lambda$execute$5(DefaultLauncher.java:211)
	at org.junit.platform.launcher.core.DefaultLauncher.withInterceptedStreams(DefaultLauncher.java:226)
	at org.junit.platform.launcher.core.DefaultLauncher.execute(DefaultLauncher.java:199)
	at org.junit.platform.launcher.core.DefaultLauncher.execute(DefaultLauncher.java:132)
	at org.apache.maven.surefire.junitplatform.JUnitPlatformProvider.invokeAllTests(JUnitPlatformProvider.java:154)
	at org.apache.maven.surefire.junitplatform.JUnitPlatformProvider.invoke(JUnitPlatformProvider.java:123)
	at org.apache.maven.surefire.booter.ForkedBooter.runSuitesInProcess(ForkedBooter.java:377)
	at org.apache.maven.surefire.booter.ForkedBooter.execute(ForkedBooter.java:138)
	at org.apache.maven.surefire.booter.ForkedBooter.run(ForkedBooter.java:465)
	at org.apache.maven.surefire.booter.ForkedBooter.main(ForkedBooter.java:451)
]]></failure>
    <system-err><![CDATA[2024-05-01T09:23:48,513 ERROR [main] cli.TestHiveCli: Failed to execute command due to the error: java.lang.NullPointerException: Null output stream
2024-05-01T09:23:48,570  WARN [main] conf.HiveConf: HiveConf of name hive.dummyparam.test.server.specific.config.override does not exist
2024-05-01T09:23:48,571  WARN [main] conf.HiveConf: HiveConf of name hive.dummyparam.test.server.specific.config.hiveserver2site does not exist
2024-05-01T09:23:48,571  WARN [main] conf.HiveConf: HiveConf of name hive.dummyparam.test.server.specific.config.metastoresite does not exist
2024-05-01T09:23:48,572  INFO [main] SessionState: Hive Session ID = c641ea8b-ff76-49ea-85c2-08027a63a993
2024-05-01T09:23:48,572  INFO [main] DependencyResolver: ivysettings.xml file not found in HIVE_HOME or HIVE_CONF_DIR,/home/alex/Repositories/hive/conf/ivysettings.xml will be used
2024-05-01T09:23:48,581  INFO [main] session.SessionState: Created HDFS directory: /tmp/hive/alex/c641ea8b-ff76-49ea-85c2-08027a63a993
2024-05-01T09:23:48,585  INFO [main] session.SessionState: Created local directory: /home/alex/Repositories/hive/beeline/target/tmp/alex/c641ea8b-ff76-49ea-85c2-08027a63a993
2024-05-01T09:23:48,588  INFO [main] session.SessionState: Created HDFS directory: /tmp/hive/alex/c641ea8b-ff76-49ea-85c2-08027a63a993/_tmp_space.db
2024-05-01T09:23:48,589  INFO [main] sqlstd.SQLStdHiveAccessController: Created SQLStdHiveAccessController for session context : HiveAuthzSessionContext [sessionString=c641ea8b-ff76-49ea-85c2-08027a63a993, clientType=HIVESERVER2]
2024-05-01T09:23:48,589  INFO [main] metastore.HiveMetaStoreClient: HMS client filtering is enabled.
2024-05-01T09:23:48,590  INFO [main] metastore.HMSHandler: 0: Opening raw store with implementation class:org.apache.hadoop.hive.metastore.ObjectStore
2024-05-01T09:23:48,590  INFO [main] metastore.PersistenceManagerProvider: Configuration datanucleus.autoStartMechanismMode is not set. Defaulting to 'ignored'
2024-05-01T09:23:48,591  INFO [main] metastore.ObjectStore: RawStore: org.apache.hadoop.hive.metastore.ObjectStore@660296d5, with PersistenceManager: null will be shutdown
2024-05-01T09:23:48,591  INFO [main] metastore.ObjectStore: RawStore: org.apache.hadoop.hive.metastore.ObjectStore@660296d5, with PersistenceManager: org.datanucleus.api.jdo.JDOPersistenceManager@6d3163a6 created in the thread with id: 1
2024-05-01T09:23:48,595  INFO [main] metastore.HMSHandler: Created RawStore: org.apache.hadoop.hive.metastore.ObjectStore@660296d5 from thread id: 1
2024-05-01T09:23:48,595  INFO [main] metastore.HMSHandler: HMS server filtering is disabled by configuration
2024-05-01T09:23:48,595  INFO [main] metastore.RetryingMetaStoreClient: RetryingMetaStoreClient proxy=class org.apache.hadoop.hive.ql.metadata.SessionHiveMetaStoreClient ugi=alex (auth:SIMPLE) retries=1 delay=1 lifetime=0
2024-05-01T09:23:48,595  INFO [main] service.CompositeService: Operation log root directory is created: /home/alex/Repositories/hive/beeline/target/tmp/alex/operation_logs
2024-05-01T09:23:48,596  INFO [main] service.CompositeService: HiveServer2: Background operation thread pool size: 100
2024-05-01T09:23:48,596  INFO [main] service.CompositeService: HiveServer2: Background operation thread wait queue size: 100
2024-05-01T09:23:48,596  INFO [main] service.CompositeService: HiveServer2: Background operation thread keepalive time: 10 seconds
2024-05-01T09:23:48,596  INFO [main] service.CompositeService: Connections limit are user: 0 ipaddress: 0 user-ipaddress: 0
2024-05-01T09:23:48,597  INFO [main] cleanup.EventualCleanupService: EventualCleanupService started with 10 threads and queue of size 10000
ERROR StatusLogger Log4j2 ConfigurationScheduler attempted to increment scheduled items after start
ERROR StatusLogger Log4j2 ConfigurationScheduler attempted to increment scheduled items after start
2024-05-01T09:23:48,598  INFO [main] service.AbstractService: Service:OperationManager is inited.
2024-05-01T09:23:48,599  INFO [main] service.AbstractService: Service:SessionManager is inited.
2024-05-01T09:23:48,599  INFO [main] service.AbstractService: Service:CLIService is inited.
2024-05-01T09:23:48,599  INFO [main] service.AbstractService: Service:OperationManager is started.
2024-05-01T09:23:48,599  INFO [main] service.AbstractService: Service:SessionManager is started.
2024-05-01T09:23:48,599  INFO [main] service.AbstractService: Service:CLIService is started.
2024-05-01T09:23:48,599  INFO [main] service.AbstractService: Service:ThriftBinaryCLIService is inited.
2024-05-01T09:23:48,599  INFO [main] thrift.ThriftCLIService: Client protocol version: HIVE_CLI_SERVICE_PROTOCOL_V10
2024-05-01T09:23:48,599  INFO [main] thrift.ThriftCLIService: Creating Hive session handle for user [null] from IP null
2024-05-01T09:23:48,600  INFO [main] DependencyResolver: ivysettings.xml file not found in HIVE_HOME or HIVE_CONF_DIR,/home/alex/Repositories/hive/conf/ivysettings.xml will be used
2024-05-01T09:23:48,607  INFO [main] session.SessionState: Created HDFS directory: /tmp/hive/alex/103794a7-81b4-49d4-ae42-a431b2183e80
2024-05-01T09:23:48,611  INFO [main] session.SessionState: Created local directory: /home/alex/Repositories/hive/beeline/target/tmp/alex/103794a7-81b4-49d4-ae42-a431b2183e80
2024-05-01T09:23:48,614  INFO [main] session.SessionState: Created HDFS directory: /tmp/hive/alex/103794a7-81b4-49d4-ae42-a431b2183e80/_tmp_space.db
2024-05-01T09:23:48,615  INFO [main] session.SessionState: Reloading auxiliary JAR files
2024-05-01T09:23:48,615  WARN [main] session.SessionState: Configuration hive.reloadable.aux.jars.path not specified
2024-05-01T09:23:48,615  INFO [main] HiveMetaStore.audit: ugi=alex	ip=unknown-ip-addr	cmd=Cleaning up thread local RawStore...	
2024-05-01T09:23:48,615  INFO [main] metastore.ObjectStore: RawStore: org.apache.hadoop.hive.metastore.ObjectStore@660296d5, with PersistenceManager: org.datanucleus.api.jdo.JDOPersistenceManager@6d3163a6 will be shutdown
2024-05-01T09:23:48,615  INFO [main] HiveMetaStore.audit: ugi=alex	ip=unknown-ip-addr	cmd=Done cleaning up thread local RawStore	
2024-05-01T09:23:48,615  INFO [main] metastore.HiveMetaStoreClient: Closed a connection to metastore, current connections: -9
2024-05-01T09:23:48,615  INFO [main] session.HiveSessionImpl: Operation log session directory is created: /home/alex/Repositories/hive/beeline/target/tmp/alex/operation_logs/103794a7-81b4-49d4-ae42-a431b2183e80
2024-05-01T09:23:48,615  INFO [main] service.CompositeService: Session opened, SessionHandle [103794a7-81b4-49d4-ae42-a431b2183e80], current sessions:1
2024-05-01T09:23:48,615  INFO [main] thrift.ThriftCLIService: Login attempt is successful for user : null
2024-05-01T09:23:48,666  WARN [main] conf.HiveConf: HiveConf of name hive.dummyparam.test.server.specific.config.override does not exist
2024-05-01T09:23:48,667  WARN [main] conf.HiveConf: HiveConf of name hive.dummyparam.test.server.specific.config.hiveserver2site does not exist
2024-05-01T09:23:48,667  WARN [main] conf.HiveConf: HiveConf of name hive.dummyparam.test.server.specific.config.metastoresite does not exist
2024-05-01T09:23:48,667  INFO [103794a7-81b4-49d4-ae42-a431b2183e80 main] session.HiveSessionImpl: executing set
2024-05-01T09:23:48,668  INFO [103794a7-81b4-49d4-ae42-a431b2183e80 main] operation.HiveCommandOperation: Putting temp output to file /home/alex/Repositories/hive/beeline/target/tmp/alex/103794a7-81b4-49d4-ae42-a431b2183e807263613646262808048.pipeout and error output to file /home/alex/Repositories/hive/beeline/target/tmp/alex/103794a7-81b4-49d4-ae42-a431b2183e803787134775465477248.pipeout
2024-05-01T09:23:48,668  INFO [103794a7-81b4-49d4-ae42-a431b2183e80 main] operation.OperationManager: Adding operation: OperationHandle [opType=EXECUTE_STATEMENT, getHandleIdentifier()=96a3aa40-0946-47f4-b78b-feea53c322bd] SessionHandle [103794a7-81b4-49d4-ae42-a431b2183e80]
2024-05-01T09:23:48,668  INFO [103794a7-81b4-49d4-ae42-a431b2183e80 main] common.LogUtils: Thread context registration is done.
DEBUG StatusLogger Building Plugin[name=filter, class=org.apache.hadoop.hive.ql.log.LogDivertAppender$NameFilter].
DEBUG StatusLogger createFilter(loggingLevel="EXECUTION")
DEBUG StatusLogger Building Plugin[name=layout, class=org.apache.logging.log4j.core.layout.PatternLayout].
DEBUG StatusLogger PatternLayout$Builder(pattern="%-5p : %m%n", PatternSelector=null, Configuration(HiveLog4j2Test), Replace=null, charset="null", alwaysWriteExceptions="null", disableAnsi="null", noConsoleNoAnsi="null", header="null", footer="null")
DEBUG StatusLogger Building Plugin[name=appender, class=org.apache.hadoop.hive.ql.log.HushableRandomAccessFileAppender].
DEBUG StatusLogger createAppender(fileName="/home/alex/Repositories/hive/beeline/target/tmp/alex/operation_logs/103794a7-81b4-49d4-ae42-a431b2183e80/alex_20240501092348_6ff85694-12ea-42ed-ad5f-6b522d6bec8e", append="null", name="query-file-appender", immediateFlush="null", bufferSize="null", ignoreExceptions="null", PatternLayout(org.apache.logging.log4j.core.layout.PatternLayout with name PatternLayout), NameFilter(org.apache.hadoop.hive.ql.log.LogDivertAppender$NameFilter with name NameFilter), advertise="null", advertiseURI="null", Configuration(HiveLog4j2Test))
DEBUG StatusLogger Starting RandomAccessFileManager /home/alex/Repositories/hive/beeline/target/tmp/alex/operation_logs/103794a7-81b4-49d4-ae42-a431b2183e80/alex_20240501092348_6ff85694-12ea-42ed-ad5f-6b522d6bec8e
DEBUG StatusLogger Building Plugin[name=, class=org.apache.hadoop.hive.ql.log.LogDivertAppenderForTest$TestFilter].
DEBUG StatusLogger createFilter()
DEBUG StatusLogger Building Plugin[name=, class=org.apache.logging.log4j.core.layout.PatternLayout].
DEBUG StatusLogger PatternLayout$Builder(pattern="%-5p : %m%n", PatternSelector=null, Configuration(HiveLog4j2Test), Replace=null, charset="null", alwaysWriteExceptions="null", disableAnsi="null", noConsoleNoAnsi="null", header="null", footer="null")
DEBUG StatusLogger Building Plugin[name=appender, class=org.apache.hadoop.hive.ql.log.HushableRandomAccessFileAppender].
DEBUG StatusLogger createAppender(fileName="/home/alex/Repositories/hive/beeline/target/tmp/alex/operation_logs/103794a7-81b4-49d4-ae42-a431b2183e80/alex_20240501092348_6ff85694-12ea-42ed-ad5f-6b522d6bec8e.test", append="null", name="test-query-file-appender", immediateFlush="null", bufferSize="null", ignoreExceptions="null", PatternLayout(org.apache.logging.log4j.core.layout.PatternLayout with name PatternLayout), test-filter(org.apache.hadoop.hive.ql.log.LogDivertAppenderForTest$TestFilter with name test-filter), advertise="null", advertiseURI="null", Configuration(HiveLog4j2Test))
DEBUG StatusLogger Starting RandomAccessFileManager /home/alex/Repositories/hive/beeline/target/tmp/alex/operation_logs/103794a7-81b4-49d4-ae42-a431b2183e80/alex_20240501092348_6ff85694-12ea-42ed-ad5f-6b522d6bec8e.test
2024-05-01T09:23:48,672  INFO [103794a7-81b4-49d4-ae42-a431b2183e80 main] operation.HiveCommandOperation: [opType=EXECUTE_STATEMENT, queryId=alex_20240501092348_6ff85694-12ea-42ed-ad5f-6b522d6bec8e, startTime=1714580628667, sessionId=103794a7-81b4-49d4-ae42-a431b2183e80, createTime=1714580628599, userName=null, ipAddress=null]
2024-05-01T09:23:48,681  INFO [103794a7-81b4-49d4-ae42-a431b2183e80 main] common.LogUtils: Unregistered logging context.
2024-05-01T09:23:48,684  INFO [103794a7-81b4-49d4-ae42-a431b2183e80 main] operation.OperationManager: Closing operation: OperationHandle [opType=EXECUTE_STATEMENT, getHandleIdentifier()=96a3aa40-0946-47f4-b78b-feea53c322bd]
2024-05-01T09:23:48,684  INFO [103794a7-81b4-49d4-ae42-a431b2183e80 main] operation.OperationManager: Removed queryId: alex_20240501092348_6ff85694-12ea-42ed-ad5f-6b522d6bec8e corresponding to operation: OperationHandle [opType=EXECUTE_STATEMENT, getHandleIdentifier()=96a3aa40-0946-47f4-b78b-feea53c322bd] with tag: null
2024-05-01T09:23:48,685  INFO [103794a7-81b4-49d4-ae42-a431b2183e80 main] operation.HiveCommandOperation: Closing operation log /home/alex/Repositories/hive/beeline/target/tmp/alex/operation_logs/103794a7-81b4-49d4-ae42-a431b2183e80/alex_20240501092348_6ff85694-12ea-42ed-ad5f-6b522d6bec8e without delay
2024-05-01T09:23:48,696  INFO [103794a7-81b4-49d4-ae42-a431b2183e80 main] session.HiveSessionImpl: executing show tables
2024-05-01T09:23:48,696  INFO [103794a7-81b4-49d4-ae42-a431b2183e80 main] operation.OperationManager: Adding operation: OperationHandle [opType=EXECUTE_STATEMENT, getHandleIdentifier()=2266351a-e05a-47a8-8f59-3123ca17b806] SessionHandle [103794a7-81b4-49d4-ae42-a431b2183e80]
2024-05-01T09:23:48,697  INFO [103794a7-81b4-49d4-ae42-a431b2183e80 main] common.LogUtils: Thread context registration is done.
DEBUG StatusLogger Building Plugin[name=filter, class=org.apache.hadoop.hive.ql.log.LogDivertAppender$NameFilter].
DEBUG StatusLogger createFilter(loggingLevel="EXECUTION")
DEBUG StatusLogger Building Plugin[name=layout, class=org.apache.logging.log4j.core.layout.PatternLayout].
DEBUG StatusLogger PatternLayout$Builder(pattern="%-5p : %m%n", PatternSelector=null, Configuration(HiveLog4j2Test), Replace=null, charset="null", alwaysWriteExceptions="null", disableAnsi="null", noConsoleNoAnsi="null", header="null", footer="null")
DEBUG StatusLogger Building Plugin[name=appender, class=org.apache.hadoop.hive.ql.log.HushableRandomAccessFileAppender].
DEBUG StatusLogger createAppender(fileName="/home/alex/Repositories/hive/beeline/target/tmp/alex/operation_logs/103794a7-81b4-49d4-ae42-a431b2183e80/alex_20240501092348_94467197-c67f-48be-bb63-d9d6e124742d", append="null", name="query-file-appender", immediateFlush="null", bufferSize="null", ignoreExceptions="null", PatternLayout(org.apache.logging.log4j.core.layout.PatternLayout with name PatternLayout), NameFilter(org.apache.hadoop.hive.ql.log.LogDivertAppender$NameFilter with name NameFilter), advertise="null", advertiseURI="null", Configuration(HiveLog4j2Test))
DEBUG StatusLogger Starting RandomAccessFileManager /home/alex/Repositories/hive/beeline/target/tmp/alex/operation_logs/103794a7-81b4-49d4-ae42-a431b2183e80/alex_20240501092348_94467197-c67f-48be-bb63-d9d6e124742d
DEBUG StatusLogger Building Plugin[name=, class=org.apache.hadoop.hive.ql.log.LogDivertAppenderForTest$TestFilter].
DEBUG StatusLogger createFilter()
DEBUG StatusLogger Building Plugin[name=, class=org.apache.logging.log4j.core.layout.PatternLayout].
DEBUG StatusLogger PatternLayout$Builder(pattern="%-5p : %m%n", PatternSelector=null, Configuration(HiveLog4j2Test), Replace=null, charset="null", alwaysWriteExceptions="null", disableAnsi="null", noConsoleNoAnsi="null", header="null", footer="null")
DEBUG StatusLogger Building Plugin[name=appender, class=org.apache.hadoop.hive.ql.log.HushableRandomAccessFileAppender].
DEBUG StatusLogger createAppender(fileName="/home/alex/Repositories/hive/beeline/target/tmp/alex/operation_logs/103794a7-81b4-49d4-ae42-a431b2183e80/alex_20240501092348_94467197-c67f-48be-bb63-d9d6e124742d.test", append="null", name="test-query-file-appender", immediateFlush="null", bufferSize="null", ignoreExceptions="null", PatternLayout(org.apache.logging.log4j.core.layout.PatternLayout with name PatternLayout), test-filter(org.apache.hadoop.hive.ql.log.LogDivertAppenderForTest$TestFilter with name test-filter), advertise="null", advertiseURI="null", Configuration(HiveLog4j2Test))
DEBUG StatusLogger Starting RandomAccessFileManager /home/alex/Repositories/hive/beeline/target/tmp/alex/operation_logs/103794a7-81b4-49d4-ae42-a431b2183e80/alex_20240501092348_94467197-c67f-48be-bb63-d9d6e124742d.test
2024-05-01T09:23:48,701  INFO [103794a7-81b4-49d4-ae42-a431b2183e80 main] operation.SQLOperation: [opType=EXECUTE_STATEMENT, queryId=alex_20240501092348_94467197-c67f-48be-bb63-d9d6e124742d, startTime=1714580628696, sessionId=103794a7-81b4-49d4-ae42-a431b2183e80, createTime=1714580628599, userName=null, ipAddress=null]
2024-05-01T09:23:48,702  INFO [103794a7-81b4-49d4-ae42-a431b2183e80 main] ql.Driver: Compiling command(queryId=alex_20240501092348_94467197-c67f-48be-bb63-d9d6e124742d): show tables
2024-05-01T09:23:48,703  INFO [103794a7-81b4-49d4-ae42-a431b2183e80 main] metastore.HiveMetaStoreClient: HMS client filtering is enabled.
2024-05-01T09:23:48,704  INFO [103794a7-81b4-49d4-ae42-a431b2183e80 main] metastore.HMSHandler: 0: Opening raw store with implementation class:org.apache.hadoop.hive.metastore.ObjectStore
2024-05-01T09:23:48,704  INFO [103794a7-81b4-49d4-ae42-a431b2183e80 main] metastore.PersistenceManagerProvider: Configuration datanucleus.autoStartMechanismMode is not set. Defaulting to 'ignored'
2024-05-01T09:23:48,704  INFO [103794a7-81b4-49d4-ae42-a431b2183e80 main] metastore.ObjectStore: RawStore: org.apache.hadoop.hive.metastore.ObjectStore@8af1c49, with PersistenceManager: null will be shutdown
2024-05-01T09:23:48,705  INFO [103794a7-81b4-49d4-ae42-a431b2183e80 main] metastore.ObjectStore: RawStore: org.apache.hadoop.hive.metastore.ObjectStore@8af1c49, with PersistenceManager: org.datanucleus.api.jdo.JDOPersistenceManager@70d5d96b created in the thread with id: 1
2024-05-01T09:23:48,709  INFO [103794a7-81b4-49d4-ae42-a431b2183e80 main] metastore.HMSHandler: Created RawStore: org.apache.hadoop.hive.metastore.ObjectStore@8af1c49 from thread id: 1
2024-05-01T09:23:48,709  INFO [103794a7-81b4-49d4-ae42-a431b2183e80 main] metastore.HMSHandler: HMS server filtering is disabled by configuration
2024-05-01T09:23:48,710  INFO [103794a7-81b4-49d4-ae42-a431b2183e80 main] metastore.RetryingMetaStoreClient: RetryingMetaStoreClient proxy=class org.apache.hadoop.hive.ql.metadata.SessionHiveMetaStoreClient ugi=alex (auth:SIMPLE) retries=1 delay=1 lifetime=0
2024-05-01T09:23:48,714  INFO [103794a7-81b4-49d4-ae42-a431b2183e80 main] HiveMetaStore.audit: ugi=alex	ip=unknown-ip-addr	cmd=get_database: default	
2024-05-01T09:23:48,715  INFO [103794a7-81b4-49d4-ae42-a431b2183e80 main] ql.Driver: Semantic Analysis Completed (retrial = false)
2024-05-01T09:23:48,716  INFO [103794a7-81b4-49d4-ae42-a431b2183e80 main] ql.Driver: Created Hive schema: Schema(fieldSchemas:[FieldSchema(name:tab_name, type:string, comment:from deserializer)], properties:null)
2024-05-01T09:23:48,716  INFO [103794a7-81b4-49d4-ae42-a431b2183e80 main] exec.ListSinkOperator: Initializing Operator: LIST_SINK[0]
2024-05-01T09:23:48,717  INFO [103794a7-81b4-49d4-ae42-a431b2183e80 main] metadata.Hive: Dumping metastore api call timing information for : compilation phase
2024-05-01T09:23:48,717  INFO [103794a7-81b4-49d4-ae42-a431b2183e80 main] metadata.Hive: Total time spent in each metastore function (ms): {isCompatibleWith_(Configuration)=0, getDatabase_(String)=1, flushCache_()=0}
2024-05-01T09:23:48,717  INFO [103794a7-81b4-49d4-ae42-a431b2183e80 main] ql.Driver: Completed compiling command(queryId=alex_20240501092348_94467197-c67f-48be-bb63-d9d6e124742d); Time taken: 0.015 seconds
2024-05-01T09:23:48,717  INFO [103794a7-81b4-49d4-ae42-a431b2183e80 main] common.LogUtils: Unregistered logging context.
2024-05-01T09:23:48,718  INFO [HiveServer2-Background-Pool: Thread-200] common.LogUtils: Thread context registration is done.
2024-05-01T09:23:48,718  INFO [HiveServer2-Background-Pool: Thread-200] reexec.ReExecDriver: Execution #1 of query
2024-05-01T09:23:48,718  INFO [HiveServer2-Background-Pool: Thread-200] ql.Driver: Concurrency mode is disabled, not creating a lock manager
2024-05-01T09:23:48,719  INFO [HiveServer2-Background-Pool: Thread-200] ql.Driver: Executing command(queryId=alex_20240501092348_94467197-c67f-48be-bb63-d9d6e124742d): show tables
2024-05-01T09:23:48,719  INFO [HiveServer2-Background-Pool: Thread-200] ql.Driver: Starting task [Stage-0:DDL] in serial mode
2024-05-01T09:23:48,720  INFO [HiveServer2-Background-Pool: Thread-200] HiveMetaStore.audit: ugi=alex	ip=unknown-ip-addr	cmd=get_database: default	
2024-05-01T09:23:48,721  INFO [HiveServer2-Background-Pool: Thread-200] metastore.HMSHandler: 9: Opening raw store with implementation class:org.apache.hadoop.hive.metastore.ObjectStore
2024-05-01T09:23:48,722  INFO [HiveServer2-Background-Pool: Thread-200] metastore.ObjectStore: RawStore: org.apache.hadoop.hive.metastore.ObjectStore@29717ac7, with PersistenceManager: null will be shutdown
2024-05-01T09:23:48,722  INFO [HiveServer2-Background-Pool: Thread-200] metastore.ObjectStore: RawStore: org.apache.hadoop.hive.metastore.ObjectStore@29717ac7, with PersistenceManager: org.datanucleus.api.jdo.JDOPersistenceManager@799cf1da created in the thread with id: 200
2024-05-01T09:23:48,725  INFO [HiveServer2-Background-Pool: Thread-200] metastore.HMSHandler: Created RawStore: org.apache.hadoop.hive.metastore.ObjectStore@29717ac7 from thread id: 200
2024-05-01T09:23:48,727  INFO [HiveServer2-Background-Pool: Thread-200] HiveMetaStore.audit: ugi=alex	ip=unknown-ip-addr	cmd=get_multi_table : db=default tbls=null	
2024-05-01T09:23:48,731  INFO [HiveServer2-Background-Pool: Thread-200] sqlstd.SQLStdHiveAccessController: Created SQLStdHiveAccessController for session context : HiveAuthzSessionContext [sessionString=103794a7-81b4-49d4-ae42-a431b2183e80, clientType=HIVESERVER2]
2024-05-01T09:23:48,738  INFO [HiveServer2-Background-Pool: Thread-200] metadata.Hive: Dumping metastore api call timing information for : execution phase
2024-05-01T09:23:48,738  INFO [HiveServer2-Background-Pool: Thread-200] metadata.Hive: Total time spent in each metastore function (ms): {isCompatibleWith_(Configuration)=1, getDatabase_(String)=6, getTables_(String, String)=5}
2024-05-01T09:23:48,738  INFO [HiveServer2-Background-Pool: Thread-200] ql.Driver: Completed executing command(queryId=alex_20240501092348_94467197-c67f-48be-bb63-d9d6e124742d); Time taken: 0.02 seconds
2024-05-01T09:23:48,739  INFO [HiveServer2-Background-Pool: Thread-200] common.LogUtils: Unregistered logging context.
2024-05-01T09:23:48,742  INFO [103794a7-81b4-49d4-ae42-a431b2183e80 main] operation.OperationManager: Closing operation: OperationHandle [opType=EXECUTE_STATEMENT, getHandleIdentifier()=2266351a-e05a-47a8-8f59-3123ca17b806]
2024-05-01T09:23:48,742  INFO [103794a7-81b4-49d4-ae42-a431b2183e80 main] operation.OperationManager: Removed queryId: alex_20240501092348_94467197-c67f-48be-bb63-d9d6e124742d corresponding to operation: OperationHandle [opType=EXECUTE_STATEMENT, getHandleIdentifier()=2266351a-e05a-47a8-8f59-3123ca17b806] with tag: null
2024-05-01T09:23:48,742  INFO [103794a7-81b4-49d4-ae42-a431b2183e80 main] ql.Context: Deleting scratch dir: file:/home/alex/Repositories/hive/beeline/target/tmp/alex/103794a7-81b4-49d4-ae42-a431b2183e80/hive_2024-05-01_09-23-48_702_5418809213685457134-1
2024-05-01T09:23:48,742  INFO [103794a7-81b4-49d4-ae42-a431b2183e80 main] cleanup.EventualCleanupService: Delete file:/home/alex/Repositories/hive/beeline/target/tmp/alex/103794a7-81b4-49d4-ae42-a431b2183e80/hive_2024-05-01_09-23-48_702_5418809213685457134-1 operation was queued
2024-05-01T09:23:48,742  INFO [103794a7-81b4-49d4-ae42-a431b2183e80 main] exec.ListSinkOperator: Closing Operator: LIST_SINK[0]
2024-05-01T09:23:48,742  INFO [103794a7-81b4-49d4-ae42-a431b2183e80 main] exec.ListSinkOperator: RECORDS_OUT_INTERMEDIATE:0, RECORDS_OUT_OPERATOR_LIST_SINK_0:0, 
2024-05-01T09:23:48,743  INFO [103794a7-81b4-49d4-ae42-a431b2183e80 main] operation.SQLOperation: Closing operation log /home/alex/Repositories/hive/beeline/target/tmp/alex/operation_logs/103794a7-81b4-49d4-ae42-a431b2183e80/alex_20240501092348_94467197-c67f-48be-bb63-d9d6e124742d without delay
2024-05-01T09:23:48,743  INFO [EventualCleanupService thread 0] cleanup.EventualCleanupService: Deleted file:/home/alex/Repositories/hive/beeline/target/tmp/alex/103794a7-81b4-49d4-ae42-a431b2183e80/hive_2024-05-01_09-23-48_702_5418809213685457134-1
2024-05-01T09:23:48,751  INFO [main] service.CompositeService: Session closed, SessionHandle [103794a7-81b4-49d4-ae42-a431b2183e80], current sessions:0
2024-05-01T09:23:48,751  INFO [103794a7-81b4-49d4-ae42-a431b2183e80 main] session.HiveSessionImpl: Operation log session directory is deleted: /home/alex/Repositories/hive/beeline/target/tmp/alex/operation_logs/103794a7-81b4-49d4-ae42-a431b2183e80
2024-05-01T09:23:48,752  INFO [main] cleanup.EventualCleanupService: Delete /tmp/hive/alex/103794a7-81b4-49d4-ae42-a431b2183e80 operation was queued
2024-05-01T09:23:48,752  INFO [main] cleanup.EventualCleanupService: Delete /home/alex/Repositories/hive/beeline/target/tmp/alex/103794a7-81b4-49d4-ae42-a431b2183e80 operation was queued
2024-05-01T09:23:48,752  INFO [EventualCleanupService thread 2] cleanup.EventualCleanupService: Deleted /home/alex/Repositories/hive/beeline/target/tmp/alex/103794a7-81b4-49d4-ae42-a431b2183e80
2024-05-01T09:23:48,752  INFO [EventualCleanupService thread 1] cleanup.EventualCleanupService: Deleted /tmp/hive/alex/103794a7-81b4-49d4-ae42-a431b2183e80
2024-05-01T09:23:48,753  INFO [main] HiveMetaStore.audit: ugi=alex	ip=unknown-ip-addr	cmd=Cleaning up thread local RawStore...	
2024-05-01T09:23:48,753  INFO [main] metastore.ObjectStore: RawStore: org.apache.hadoop.hive.metastore.ObjectStore@8af1c49, with PersistenceManager: org.datanucleus.api.jdo.JDOPersistenceManager@70d5d96b will be shutdown
2024-05-01T09:23:48,754  INFO [main] HiveMetaStore.audit: ugi=alex	ip=unknown-ip-addr	cmd=Done cleaning up thread local RawStore	
2024-05-01T09:23:48,754  INFO [main] metastore.HiveMetaStoreClient: Closed a connection to metastore, current connections: -10
]]></system-err>
  </testcase>
  <testcase name="testHelp" classname="org.apache.hive.beeline.cli.TestHiveCli" time="0.003"/>
  <testcase name="testSourceCmd" classname="org.apache.hive.beeline.cli.TestHiveCli" time="0.459">
    <failure type="java.lang.AssertionError"><![CDATA[java.lang.AssertionError: The expected keyword "sc1" occur in the output: 
	at org.junit.Assert.fail(Assert.java:89)
	at org.junit.Assert.assertTrue(Assert.java:42)
	at org.apache.hive.beeline.cli.TestHiveCli.verifyCMD(TestHiveCli.java:270)
	at org.apache.hive.beeline.cli.TestHiveCli.testSourceCmd(TestHiveCli.java:114)
	at sun.reflect.NativeMethodAccessorImpl.invoke0(Native Method)
	at sun.reflect.NativeMethodAccessorImpl.invoke(NativeMethodAccessorImpl.java:62)
	at sun.reflect.DelegatingMethodAccessorImpl.invoke(DelegatingMethodAccessorImpl.java:43)
	at java.lang.reflect.Method.invoke(Method.java:498)
	at org.junit.runners.model.FrameworkMethod$1.runReflectiveCall(FrameworkMethod.java:59)
	at org.junit.internal.runners.model.ReflectiveCallable.run(ReflectiveCallable.java:12)
	at org.junit.runners.model.FrameworkMethod.invokeExplosively(FrameworkMethod.java:56)
	at org.junit.internal.runners.statements.InvokeMethod.evaluate(InvokeMethod.java:17)
	at org.junit.internal.runners.statements.RunBefores.evaluate(RunBefores.java:26)
	at org.junit.internal.runners.statements.RunAfters.evaluate(RunAfters.java:27)
	at org.junit.runners.ParentRunner$3.evaluate(ParentRunner.java:306)
	at org.junit.runners.BlockJUnit4ClassRunner$1.evaluate(BlockJUnit4ClassRunner.java:100)
	at org.junit.runners.ParentRunner.runLeaf(ParentRunner.java:366)
	at org.junit.runners.BlockJUnit4ClassRunner.runChild(BlockJUnit4ClassRunner.java:103)
	at org.junit.runners.BlockJUnit4ClassRunner.runChild(BlockJUnit4ClassRunner.java:63)
	at org.junit.runners.ParentRunner$4.run(ParentRunner.java:331)
	at org.junit.runners.ParentRunner$1.schedule(ParentRunner.java:79)
	at org.junit.runners.ParentRunner.runChildren(ParentRunner.java:329)
	at org.junit.runners.ParentRunner.access$100(ParentRunner.java:66)
	at org.junit.runners.ParentRunner$2.evaluate(ParentRunner.java:293)
	at org.junit.internal.runners.statements.RunBefores.evaluate(RunBefores.java:26)
	at org.junit.runners.ParentRunner$3.evaluate(ParentRunner.java:306)
	at org.junit.runners.ParentRunner.run(ParentRunner.java:413)
	at org.junit.runner.JUnitCore.run(JUnitCore.java:137)
	at org.junit.runner.JUnitCore.run(JUnitCore.java:115)
	at org.junit.vintage.engine.execution.RunnerExecutor.execute(RunnerExecutor.java:43)
	at java.util.stream.ForEachOps$ForEachOp$OfRef.accept(ForEachOps.java:183)
	at java.util.stream.ReferencePipeline$3$1.accept(ReferencePipeline.java:193)
	at java.util.Iterator.forEachRemaining(Iterator.java:116)
	at java.util.Spliterators$IteratorSpliterator.forEachRemaining(Spliterators.java:1801)
	at java.util.stream.AbstractPipeline.copyInto(AbstractPipeline.java:482)
	at java.util.stream.AbstractPipeline.wrapAndCopyInto(AbstractPipeline.java:472)
	at java.util.stream.ForEachOps$ForEachOp.evaluateSequential(ForEachOps.java:150)
	at java.util.stream.ForEachOps$ForEachOp$OfRef.evaluateSequential(ForEachOps.java:173)
	at java.util.stream.AbstractPipeline.evaluate(AbstractPipeline.java:234)
	at java.util.stream.ReferencePipeline.forEach(ReferencePipeline.java:485)
	at org.junit.vintage.engine.VintageTestEngine.executeAllChildren(VintageTestEngine.java:82)
	at org.junit.vintage.engine.VintageTestEngine.execute(VintageTestEngine.java:73)
	at org.junit.platform.launcher.core.DefaultLauncher.execute(DefaultLauncher.java:248)
	at org.junit.platform.launcher.core.DefaultLauncher.lambda$execute$5(DefaultLauncher.java:211)
	at org.junit.platform.launcher.core.DefaultLauncher.withInterceptedStreams(DefaultLauncher.java:226)
	at org.junit.platform.launcher.core.DefaultLauncher.execute(DefaultLauncher.java:199)
	at org.junit.platform.launcher.core.DefaultLauncher.execute(DefaultLauncher.java:132)
	at org.apache.maven.surefire.junitplatform.JUnitPlatformProvider.invokeAllTests(JUnitPlatformProvider.java:154)
	at org.apache.maven.surefire.junitplatform.JUnitPlatformProvider.invoke(JUnitPlatformProvider.java:123)
	at org.apache.maven.surefire.booter.ForkedBooter.runSuitesInProcess(ForkedBooter.java:377)
	at org.apache.maven.surefire.booter.ForkedBooter.execute(ForkedBooter.java:138)
	at org.apache.maven.surefire.booter.ForkedBooter.run(ForkedBooter.java:465)
	at org.apache.maven.surefire.booter.ForkedBooter.main(ForkedBooter.java:451)
]]></failure>
    <system-err><![CDATA[2024-05-01T09:23:48,758 ERROR [main] cli.TestHiveCli: Failed to execute command due to the error: java.lang.NullPointerException: Null output stream
2024-05-01T09:23:48,830  WARN [main] conf.HiveConf: HiveConf of name hive.dummyparam.test.server.specific.config.override does not exist
2024-05-01T09:23:48,830  WARN [main] conf.HiveConf: HiveConf of name hive.dummyparam.test.server.specific.config.hiveserver2site does not exist
2024-05-01T09:23:48,831  WARN [main] conf.HiveConf: HiveConf of name hive.dummyparam.test.server.specific.config.metastoresite does not exist
2024-05-01T09:23:48,831  INFO [main] SessionState: Hive Session ID = c9098899-3f56-4994-92ea-06f24ef0a1ce
2024-05-01T09:23:48,832  INFO [main] DependencyResolver: ivysettings.xml file not found in HIVE_HOME or HIVE_CONF_DIR,/home/alex/Repositories/hive/conf/ivysettings.xml will be used
2024-05-01T09:23:48,839  INFO [main] session.SessionState: Created HDFS directory: /tmp/hive/alex/c9098899-3f56-4994-92ea-06f24ef0a1ce
2024-05-01T09:23:48,843  INFO [main] session.SessionState: Created local directory: /home/alex/Repositories/hive/beeline/target/tmp/alex/c9098899-3f56-4994-92ea-06f24ef0a1ce
2024-05-01T09:23:48,847  INFO [main] session.SessionState: Created HDFS directory: /tmp/hive/alex/c9098899-3f56-4994-92ea-06f24ef0a1ce/_tmp_space.db
2024-05-01T09:23:48,848  INFO [main] sqlstd.SQLStdHiveAccessController: Created SQLStdHiveAccessController for session context : HiveAuthzSessionContext [sessionString=c9098899-3f56-4994-92ea-06f24ef0a1ce, clientType=HIVESERVER2]
2024-05-01T09:23:48,848  INFO [main] metastore.HiveMetaStoreClient: HMS client filtering is enabled.
2024-05-01T09:23:48,849  INFO [main] metastore.HMSHandler: 0: Opening raw store with implementation class:org.apache.hadoop.hive.metastore.ObjectStore
2024-05-01T09:23:48,849  INFO [main] metastore.PersistenceManagerProvider: Configuration datanucleus.autoStartMechanismMode is not set. Defaulting to 'ignored'
2024-05-01T09:23:48,849  INFO [main] metastore.ObjectStore: RawStore: org.apache.hadoop.hive.metastore.ObjectStore@73b0ed03, with PersistenceManager: null will be shutdown
2024-05-01T09:23:48,850  INFO [main] metastore.ObjectStore: RawStore: org.apache.hadoop.hive.metastore.ObjectStore@73b0ed03, with PersistenceManager: org.datanucleus.api.jdo.JDOPersistenceManager@55061418 created in the thread with id: 1
2024-05-01T09:23:48,853  INFO [main] metastore.HMSHandler: Created RawStore: org.apache.hadoop.hive.metastore.ObjectStore@73b0ed03 from thread id: 1
2024-05-01T09:23:48,853  INFO [main] metastore.HMSHandler: HMS server filtering is disabled by configuration
2024-05-01T09:23:48,853  INFO [main] metastore.RetryingMetaStoreClient: RetryingMetaStoreClient proxy=class org.apache.hadoop.hive.ql.metadata.SessionHiveMetaStoreClient ugi=alex (auth:SIMPLE) retries=1 delay=1 lifetime=0
2024-05-01T09:23:48,854  INFO [main] service.CompositeService: Operation log root directory is created: /home/alex/Repositories/hive/beeline/target/tmp/alex/operation_logs
2024-05-01T09:23:48,854  INFO [main] service.CompositeService: HiveServer2: Background operation thread pool size: 100
2024-05-01T09:23:48,854  INFO [main] service.CompositeService: HiveServer2: Background operation thread wait queue size: 100
2024-05-01T09:23:48,854  INFO [main] service.CompositeService: HiveServer2: Background operation thread keepalive time: 10 seconds
2024-05-01T09:23:48,854  INFO [main] service.CompositeService: Connections limit are user: 0 ipaddress: 0 user-ipaddress: 0
2024-05-01T09:23:48,855  INFO [main] cleanup.EventualCleanupService: EventualCleanupService started with 10 threads and queue of size 10000
ERROR StatusLogger Log4j2 ConfigurationScheduler attempted to increment scheduled items after start
ERROR StatusLogger Log4j2 ConfigurationScheduler attempted to increment scheduled items after start
2024-05-01T09:23:48,857  INFO [main] service.AbstractService: Service:OperationManager is inited.
2024-05-01T09:23:48,857  INFO [main] service.AbstractService: Service:SessionManager is inited.
2024-05-01T09:23:48,857  INFO [main] service.AbstractService: Service:CLIService is inited.
2024-05-01T09:23:48,857  INFO [main] service.AbstractService: Service:OperationManager is started.
2024-05-01T09:23:48,857  INFO [main] service.AbstractService: Service:SessionManager is started.
2024-05-01T09:23:48,858  INFO [main] service.AbstractService: Service:CLIService is started.
2024-05-01T09:23:48,858  INFO [main] service.AbstractService: Service:ThriftBinaryCLIService is inited.
2024-05-01T09:23:48,858  INFO [main] thrift.ThriftCLIService: Client protocol version: HIVE_CLI_SERVICE_PROTOCOL_V10
2024-05-01T09:23:48,858  INFO [main] thrift.ThriftCLIService: Creating Hive session handle for user [null] from IP null
2024-05-01T09:23:48,859  INFO [main] DependencyResolver: ivysettings.xml file not found in HIVE_HOME or HIVE_CONF_DIR,/home/alex/Repositories/hive/conf/ivysettings.xml will be used
2024-05-01T09:23:48,868  INFO [main] session.SessionState: Created HDFS directory: /tmp/hive/alex/d8ef7781-05af-4b46-ac83-b5734ddbb38d
2024-05-01T09:23:48,871  INFO [main] session.SessionState: Created local directory: /home/alex/Repositories/hive/beeline/target/tmp/alex/d8ef7781-05af-4b46-ac83-b5734ddbb38d
2024-05-01T09:23:48,874  INFO [main] session.SessionState: Created HDFS directory: /tmp/hive/alex/d8ef7781-05af-4b46-ac83-b5734ddbb38d/_tmp_space.db
2024-05-01T09:23:48,875  INFO [main] session.SessionState: Reloading auxiliary JAR files
2024-05-01T09:23:48,875  WARN [main] session.SessionState: Configuration hive.reloadable.aux.jars.path not specified
2024-05-01T09:23:48,875  INFO [main] HiveMetaStore.audit: ugi=alex	ip=unknown-ip-addr	cmd=Cleaning up thread local RawStore...	
2024-05-01T09:23:48,875  INFO [main] metastore.ObjectStore: RawStore: org.apache.hadoop.hive.metastore.ObjectStore@73b0ed03, with PersistenceManager: org.datanucleus.api.jdo.JDOPersistenceManager@55061418 will be shutdown
2024-05-01T09:23:48,876  INFO [main] HiveMetaStore.audit: ugi=alex	ip=unknown-ip-addr	cmd=Done cleaning up thread local RawStore	
2024-05-01T09:23:48,876  INFO [main] metastore.HiveMetaStoreClient: Closed a connection to metastore, current connections: -11
2024-05-01T09:23:48,876  INFO [main] session.HiveSessionImpl: Operation log session directory is created: /home/alex/Repositories/hive/beeline/target/tmp/alex/operation_logs/d8ef7781-05af-4b46-ac83-b5734ddbb38d
2024-05-01T09:23:48,876  INFO [main] service.CompositeService: Session opened, SessionHandle [d8ef7781-05af-4b46-ac83-b5734ddbb38d], current sessions:1
2024-05-01T09:23:48,876  INFO [main] thrift.ThriftCLIService: Login attempt is successful for user : null
2024-05-01T09:23:48,940  WARN [main] conf.HiveConf: HiveConf of name hive.dummyparam.test.server.specific.config.override does not exist
2024-05-01T09:23:48,940  WARN [main] conf.HiveConf: HiveConf of name hive.dummyparam.test.server.specific.config.hiveserver2site does not exist
2024-05-01T09:23:48,940  WARN [main] conf.HiveConf: HiveConf of name hive.dummyparam.test.server.specific.config.metastoresite does not exist
2024-05-01T09:23:48,940  INFO [d8ef7781-05af-4b46-ac83-b5734ddbb38d main] session.HiveSessionImpl: executing set
2024-05-01T09:23:48,941  INFO [d8ef7781-05af-4b46-ac83-b5734ddbb38d main] operation.HiveCommandOperation: Putting temp output to file /home/alex/Repositories/hive/beeline/target/tmp/alex/d8ef7781-05af-4b46-ac83-b5734ddbb38d1099996488576787272.pipeout and error output to file /home/alex/Repositories/hive/beeline/target/tmp/alex/d8ef7781-05af-4b46-ac83-b5734ddbb38d2227080508440417679.pipeout
2024-05-01T09:23:48,941  INFO [d8ef7781-05af-4b46-ac83-b5734ddbb38d main] operation.OperationManager: Adding operation: OperationHandle [opType=EXECUTE_STATEMENT, getHandleIdentifier()=479ddea6-448a-41e7-91b3-a071d732898c] SessionHandle [d8ef7781-05af-4b46-ac83-b5734ddbb38d]
2024-05-01T09:23:48,941  INFO [d8ef7781-05af-4b46-ac83-b5734ddbb38d main] common.LogUtils: Thread context registration is done.
DEBUG StatusLogger Building Plugin[name=filter, class=org.apache.hadoop.hive.ql.log.LogDivertAppender$NameFilter].
DEBUG StatusLogger createFilter(loggingLevel="EXECUTION")
DEBUG StatusLogger Building Plugin[name=layout, class=org.apache.logging.log4j.core.layout.PatternLayout].
DEBUG StatusLogger PatternLayout$Builder(pattern="%-5p : %m%n", PatternSelector=null, Configuration(HiveLog4j2Test), Replace=null, charset="null", alwaysWriteExceptions="null", disableAnsi="null", noConsoleNoAnsi="null", header="null", footer="null")
DEBUG StatusLogger Building Plugin[name=appender, class=org.apache.hadoop.hive.ql.log.HushableRandomAccessFileAppender].
DEBUG StatusLogger createAppender(fileName="/home/alex/Repositories/hive/beeline/target/tmp/alex/operation_logs/d8ef7781-05af-4b46-ac83-b5734ddbb38d/alex_20240501092348_15628bb9-b32c-4e4d-a730-1adb9cebbd0b", append="null", name="query-file-appender", immediateFlush="null", bufferSize="null", ignoreExceptions="null", PatternLayout(org.apache.logging.log4j.core.layout.PatternLayout with name PatternLayout), NameFilter(org.apache.hadoop.hive.ql.log.LogDivertAppender$NameFilter with name NameFilter), advertise="null", advertiseURI="null", Configuration(HiveLog4j2Test))
DEBUG StatusLogger Starting RandomAccessFileManager /home/alex/Repositories/hive/beeline/target/tmp/alex/operation_logs/d8ef7781-05af-4b46-ac83-b5734ddbb38d/alex_20240501092348_15628bb9-b32c-4e4d-a730-1adb9cebbd0b
DEBUG StatusLogger Building Plugin[name=, class=org.apache.hadoop.hive.ql.log.LogDivertAppenderForTest$TestFilter].
DEBUG StatusLogger createFilter()
DEBUG StatusLogger Building Plugin[name=, class=org.apache.logging.log4j.core.layout.PatternLayout].
DEBUG StatusLogger PatternLayout$Builder(pattern="%-5p : %m%n", PatternSelector=null, Configuration(HiveLog4j2Test), Replace=null, charset="null", alwaysWriteExceptions="null", disableAnsi="null", noConsoleNoAnsi="null", header="null", footer="null")
DEBUG StatusLogger Building Plugin[name=appender, class=org.apache.hadoop.hive.ql.log.HushableRandomAccessFileAppender].
DEBUG StatusLogger createAppender(fileName="/home/alex/Repositories/hive/beeline/target/tmp/alex/operation_logs/d8ef7781-05af-4b46-ac83-b5734ddbb38d/alex_20240501092348_15628bb9-b32c-4e4d-a730-1adb9cebbd0b.test", append="null", name="test-query-file-appender", immediateFlush="null", bufferSize="null", ignoreExceptions="null", PatternLayout(org.apache.logging.log4j.core.layout.PatternLayout with name PatternLayout), test-filter(org.apache.hadoop.hive.ql.log.LogDivertAppenderForTest$TestFilter with name test-filter), advertise="null", advertiseURI="null", Configuration(HiveLog4j2Test))
DEBUG StatusLogger Starting RandomAccessFileManager /home/alex/Repositories/hive/beeline/target/tmp/alex/operation_logs/d8ef7781-05af-4b46-ac83-b5734ddbb38d/alex_20240501092348_15628bb9-b32c-4e4d-a730-1adb9cebbd0b.test
2024-05-01T09:23:48,946  INFO [d8ef7781-05af-4b46-ac83-b5734ddbb38d main] operation.HiveCommandOperation: [opType=EXECUTE_STATEMENT, queryId=alex_20240501092348_15628bb9-b32c-4e4d-a730-1adb9cebbd0b, startTime=1714580628941, sessionId=d8ef7781-05af-4b46-ac83-b5734ddbb38d, createTime=1714580628858, userName=null, ipAddress=null]
2024-05-01T09:23:48,960  INFO [d8ef7781-05af-4b46-ac83-b5734ddbb38d main] common.LogUtils: Unregistered logging context.
2024-05-01T09:23:48,965  INFO [d8ef7781-05af-4b46-ac83-b5734ddbb38d main] operation.OperationManager: Closing operation: OperationHandle [opType=EXECUTE_STATEMENT, getHandleIdentifier()=479ddea6-448a-41e7-91b3-a071d732898c]
2024-05-01T09:23:48,965  INFO [d8ef7781-05af-4b46-ac83-b5734ddbb38d main] operation.OperationManager: Removed queryId: alex_20240501092348_15628bb9-b32c-4e4d-a730-1adb9cebbd0b corresponding to operation: OperationHandle [opType=EXECUTE_STATEMENT, getHandleIdentifier()=479ddea6-448a-41e7-91b3-a071d732898c] with tag: null
2024-05-01T09:23:48,966  INFO [d8ef7781-05af-4b46-ac83-b5734ddbb38d main] operation.HiveCommandOperation: Closing operation log /home/alex/Repositories/hive/beeline/target/tmp/alex/operation_logs/d8ef7781-05af-4b46-ac83-b5734ddbb38d/alex_20240501092348_15628bb9-b32c-4e4d-a730-1adb9cebbd0b without delay
2024-05-01T09:23:48,970  INFO [d8ef7781-05af-4b46-ac83-b5734ddbb38d main] session.HiveSessionImpl: executing use test
2024-05-01T09:23:48,971  INFO [d8ef7781-05af-4b46-ac83-b5734ddbb38d main] operation.OperationManager: Adding operation: OperationHandle [opType=EXECUTE_STATEMENT, getHandleIdentifier()=69dc6173-5216-4d7a-92c9-d9be2bf195df] SessionHandle [d8ef7781-05af-4b46-ac83-b5734ddbb38d]
2024-05-01T09:23:48,971  INFO [d8ef7781-05af-4b46-ac83-b5734ddbb38d main] common.LogUtils: Thread context registration is done.
DEBUG StatusLogger Building Plugin[name=filter, class=org.apache.hadoop.hive.ql.log.LogDivertAppender$NameFilter].
DEBUG StatusLogger createFilter(loggingLevel="EXECUTION")
DEBUG StatusLogger Building Plugin[name=layout, class=org.apache.logging.log4j.core.layout.PatternLayout].
DEBUG StatusLogger PatternLayout$Builder(pattern="%-5p : %m%n", PatternSelector=null, Configuration(HiveLog4j2Test), Replace=null, charset="null", alwaysWriteExceptions="null", disableAnsi="null", noConsoleNoAnsi="null", header="null", footer="null")
DEBUG StatusLogger Building Plugin[name=appender, class=org.apache.hadoop.hive.ql.log.HushableRandomAccessFileAppender].
DEBUG StatusLogger createAppender(fileName="/home/alex/Repositories/hive/beeline/target/tmp/alex/operation_logs/d8ef7781-05af-4b46-ac83-b5734ddbb38d/alex_20240501092348_3036b147-2ab6-400e-bed4-ef7340558c32", append="null", name="query-file-appender", immediateFlush="null", bufferSize="null", ignoreExceptions="null", PatternLayout(org.apache.logging.log4j.core.layout.PatternLayout with name PatternLayout), NameFilter(org.apache.hadoop.hive.ql.log.LogDivertAppender$NameFilter with name NameFilter), advertise="null", advertiseURI="null", Configuration(HiveLog4j2Test))
DEBUG StatusLogger Starting RandomAccessFileManager /home/alex/Repositories/hive/beeline/target/tmp/alex/operation_logs/d8ef7781-05af-4b46-ac83-b5734ddbb38d/alex_20240501092348_3036b147-2ab6-400e-bed4-ef7340558c32
DEBUG StatusLogger Building Plugin[name=, class=org.apache.hadoop.hive.ql.log.LogDivertAppenderForTest$TestFilter].
DEBUG StatusLogger createFilter()
DEBUG StatusLogger Building Plugin[name=, class=org.apache.logging.log4j.core.layout.PatternLayout].
DEBUG StatusLogger PatternLayout$Builder(pattern="%-5p : %m%n", PatternSelector=null, Configuration(HiveLog4j2Test), Replace=null, charset="null", alwaysWriteExceptions="null", disableAnsi="null", noConsoleNoAnsi="null", header="null", footer="null")
DEBUG StatusLogger Building Plugin[name=appender, class=org.apache.hadoop.hive.ql.log.HushableRandomAccessFileAppender].
DEBUG StatusLogger createAppender(fileName="/home/alex/Repositories/hive/beeline/target/tmp/alex/operation_logs/d8ef7781-05af-4b46-ac83-b5734ddbb38d/alex_20240501092348_3036b147-2ab6-400e-bed4-ef7340558c32.test", append="null", name="test-query-file-appender", immediateFlush="null", bufferSize="null", ignoreExceptions="null", PatternLayout(org.apache.logging.log4j.core.layout.PatternLayout with name PatternLayout), test-filter(org.apache.hadoop.hive.ql.log.LogDivertAppenderForTest$TestFilter with name test-filter), advertise="null", advertiseURI="null", Configuration(HiveLog4j2Test))
DEBUG StatusLogger Starting RandomAccessFileManager /home/alex/Repositories/hive/beeline/target/tmp/alex/operation_logs/d8ef7781-05af-4b46-ac83-b5734ddbb38d/alex_20240501092348_3036b147-2ab6-400e-bed4-ef7340558c32.test
2024-05-01T09:23:48,975  INFO [d8ef7781-05af-4b46-ac83-b5734ddbb38d main] operation.SQLOperation: [opType=EXECUTE_STATEMENT, queryId=alex_20240501092348_3036b147-2ab6-400e-bed4-ef7340558c32, startTime=1714580628970, sessionId=d8ef7781-05af-4b46-ac83-b5734ddbb38d, createTime=1714580628858, userName=null, ipAddress=null]
2024-05-01T09:23:48,977  INFO [d8ef7781-05af-4b46-ac83-b5734ddbb38d main] ql.Driver: Compiling command(queryId=alex_20240501092348_3036b147-2ab6-400e-bed4-ef7340558c32): use test
2024-05-01T09:23:48,978  INFO [d8ef7781-05af-4b46-ac83-b5734ddbb38d main] metastore.HiveMetaStoreClient: HMS client filtering is enabled.
2024-05-01T09:23:48,979  INFO [d8ef7781-05af-4b46-ac83-b5734ddbb38d main] metastore.HMSHandler: 0: Opening raw store with implementation class:org.apache.hadoop.hive.metastore.ObjectStore
2024-05-01T09:23:48,979  INFO [d8ef7781-05af-4b46-ac83-b5734ddbb38d main] metastore.PersistenceManagerProvider: Configuration datanucleus.autoStartMechanismMode is not set. Defaulting to 'ignored'
2024-05-01T09:23:48,980  INFO [d8ef7781-05af-4b46-ac83-b5734ddbb38d main] metastore.ObjectStore: RawStore: org.apache.hadoop.hive.metastore.ObjectStore@5368e981, with PersistenceManager: null will be shutdown
2024-05-01T09:23:48,981  INFO [d8ef7781-05af-4b46-ac83-b5734ddbb38d main] metastore.ObjectStore: RawStore: org.apache.hadoop.hive.metastore.ObjectStore@5368e981, with PersistenceManager: org.datanucleus.api.jdo.JDOPersistenceManager@1c171746 created in the thread with id: 1
2024-05-01T09:23:48,986  INFO [d8ef7781-05af-4b46-ac83-b5734ddbb38d main] metastore.HMSHandler: Created RawStore: org.apache.hadoop.hive.metastore.ObjectStore@5368e981 from thread id: 1
2024-05-01T09:23:48,986  INFO [d8ef7781-05af-4b46-ac83-b5734ddbb38d main] metastore.HMSHandler: HMS server filtering is disabled by configuration
2024-05-01T09:23:48,986  INFO [d8ef7781-05af-4b46-ac83-b5734ddbb38d main] metastore.RetryingMetaStoreClient: RetryingMetaStoreClient proxy=class org.apache.hadoop.hive.ql.metadata.SessionHiveMetaStoreClient ugi=alex (auth:SIMPLE) retries=1 delay=1 lifetime=0
2024-05-01T09:23:48,988  INFO [d8ef7781-05af-4b46-ac83-b5734ddbb38d main] HiveMetaStore.audit: ugi=alex	ip=unknown-ip-addr	cmd=get_database: test	
2024-05-01T09:23:48,990  INFO [d8ef7781-05af-4b46-ac83-b5734ddbb38d main] ql.Driver: Semantic Analysis Completed (retrial = false)
2024-05-01T09:23:48,990  INFO [d8ef7781-05af-4b46-ac83-b5734ddbb38d main] ql.Driver: Created Hive schema: Schema(fieldSchemas:null, properties:null)
2024-05-01T09:23:48,990  INFO [d8ef7781-05af-4b46-ac83-b5734ddbb38d main] metadata.Hive: Dumping metastore api call timing information for : compilation phase
2024-05-01T09:23:48,990  INFO [d8ef7781-05af-4b46-ac83-b5734ddbb38d main] metadata.Hive: Total time spent in each metastore function (ms): {isCompatibleWith_(Configuration)=0, getDatabase_(String)=2, flushCache_()=0}
2024-05-01T09:23:48,990  INFO [d8ef7781-05af-4b46-ac83-b5734ddbb38d main] ql.Driver: Completed compiling command(queryId=alex_20240501092348_3036b147-2ab6-400e-bed4-ef7340558c32); Time taken: 0.013 seconds
2024-05-01T09:23:48,993  INFO [d8ef7781-05af-4b46-ac83-b5734ddbb38d main] common.LogUtils: Unregistered logging context.
2024-05-01T09:23:48,993  INFO [HiveServer2-Background-Pool: Thread-226] common.LogUtils: Thread context registration is done.
2024-05-01T09:23:48,994  INFO [HiveServer2-Background-Pool: Thread-226] reexec.ReExecDriver: Execution #1 of query
2024-05-01T09:23:48,995  INFO [HiveServer2-Background-Pool: Thread-226] ql.Driver: Concurrency mode is disabled, not creating a lock manager
2024-05-01T09:23:48,995  INFO [HiveServer2-Background-Pool: Thread-226] ql.Driver: Executing command(queryId=alex_20240501092348_3036b147-2ab6-400e-bed4-ef7340558c32): use test
2024-05-01T09:23:48,996  INFO [HiveServer2-Background-Pool: Thread-226] ql.Driver: Starting task [Stage-0:DDL] in serial mode
2024-05-01T09:23:48,997  INFO [HiveServer2-Background-Pool: Thread-226] HiveMetaStore.audit: ugi=alex	ip=unknown-ip-addr	cmd=get_database: test	
2024-05-01T09:23:48,998  INFO [HiveServer2-Background-Pool: Thread-226] metastore.HMSHandler: 10: Opening raw store with implementation class:org.apache.hadoop.hive.metastore.ObjectStore
2024-05-01T09:23:48,999  INFO [HiveServer2-Background-Pool: Thread-226] metastore.ObjectStore: RawStore: org.apache.hadoop.hive.metastore.ObjectStore@3a4de46, with PersistenceManager: null will be shutdown
2024-05-01T09:23:48,999  INFO [HiveServer2-Background-Pool: Thread-226] metastore.ObjectStore: RawStore: org.apache.hadoop.hive.metastore.ObjectStore@3a4de46, with PersistenceManager: org.datanucleus.api.jdo.JDOPersistenceManager@46a64056 created in the thread with id: 226
2024-05-01T09:23:49,003  INFO [HiveServer2-Background-Pool: Thread-226] metastore.HMSHandler: Created RawStore: org.apache.hadoop.hive.metastore.ObjectStore@3a4de46 from thread id: 226
2024-05-01T09:23:49,005  INFO [HiveServer2-Background-Pool: Thread-226] HiveMetaStore.audit: ugi=alex	ip=unknown-ip-addr	cmd=get_database: test	
2024-05-01T09:23:49,007  INFO [HiveServer2-Background-Pool: Thread-226] metadata.Hive: Dumping metastore api call timing information for : execution phase
2024-05-01T09:23:49,007  INFO [HiveServer2-Background-Pool: Thread-226] metadata.Hive: Total time spent in each metastore function (ms): {isCompatibleWith_(Configuration)=0, getDatabase_(String)=11}
2024-05-01T09:23:49,007  INFO [HiveServer2-Background-Pool: Thread-226] ql.Driver: Completed executing command(queryId=alex_20240501092348_3036b147-2ab6-400e-bed4-ef7340558c32); Time taken: 0.012 seconds
2024-05-01T09:23:49,008  INFO [HiveServer2-Background-Pool: Thread-226] common.LogUtils: Unregistered logging context.
2024-05-01T09:23:49,011  INFO [d8ef7781-05af-4b46-ac83-b5734ddbb38d main] operation.OperationManager: Closing operation: OperationHandle [opType=EXECUTE_STATEMENT, getHandleIdentifier()=69dc6173-5216-4d7a-92c9-d9be2bf195df]
2024-05-01T09:23:49,011  INFO [d8ef7781-05af-4b46-ac83-b5734ddbb38d main] operation.OperationManager: Removed queryId: alex_20240501092348_3036b147-2ab6-400e-bed4-ef7340558c32 corresponding to operation: OperationHandle [opType=EXECUTE_STATEMENT, getHandleIdentifier()=69dc6173-5216-4d7a-92c9-d9be2bf195df] with tag: null
2024-05-01T09:23:49,011  INFO [d8ef7781-05af-4b46-ac83-b5734ddbb38d main] operation.SQLOperation: Closing operation log /home/alex/Repositories/hive/beeline/target/tmp/alex/operation_logs/d8ef7781-05af-4b46-ac83-b5734ddbb38d/alex_20240501092348_3036b147-2ab6-400e-bed4-ef7340558c32 without delay
2024-05-01T09:23:49,097  WARN [main] conf.HiveConf: HiveConf of name hive.dummyparam.test.server.specific.config.override does not exist
2024-05-01T09:23:49,097  WARN [main] conf.HiveConf: HiveConf of name hive.dummyparam.test.server.specific.config.hiveserver2site does not exist
2024-05-01T09:23:49,098  WARN [main] conf.HiveConf: HiveConf of name hive.dummyparam.test.server.specific.config.metastoresite does not exist
2024-05-01T09:23:49,099  INFO [d8ef7781-05af-4b46-ac83-b5734ddbb38d main] session.HiveSessionImpl: executing set
2024-05-01T09:23:49,100  INFO [d8ef7781-05af-4b46-ac83-b5734ddbb38d main] operation.HiveCommandOperation: Putting temp output to file /home/alex/Repositories/hive/beeline/target/tmp/alex/d8ef7781-05af-4b46-ac83-b5734ddbb38d1099996488576787272.pipeout and error output to file /home/alex/Repositories/hive/beeline/target/tmp/alex/d8ef7781-05af-4b46-ac83-b5734ddbb38d2227080508440417679.pipeout
2024-05-01T09:23:49,100  INFO [d8ef7781-05af-4b46-ac83-b5734ddbb38d main] operation.OperationManager: Adding operation: OperationHandle [opType=EXECUTE_STATEMENT, getHandleIdentifier()=9381dc30-0eb8-468a-afc0-e0067b0f8808] SessionHandle [d8ef7781-05af-4b46-ac83-b5734ddbb38d]
2024-05-01T09:23:49,100  INFO [d8ef7781-05af-4b46-ac83-b5734ddbb38d main] common.LogUtils: Thread context registration is done.
DEBUG StatusLogger Building Plugin[name=filter, class=org.apache.hadoop.hive.ql.log.LogDivertAppender$NameFilter].
DEBUG StatusLogger createFilter(loggingLevel="EXECUTION")
DEBUG StatusLogger Building Plugin[name=layout, class=org.apache.logging.log4j.core.layout.PatternLayout].
DEBUG StatusLogger PatternLayout$Builder(pattern="%-5p : %m%n", PatternSelector=null, Configuration(HiveLog4j2Test), Replace=null, charset="null", alwaysWriteExceptions="null", disableAnsi="null", noConsoleNoAnsi="null", header="null", footer="null")
DEBUG StatusLogger Building Plugin[name=appender, class=org.apache.hadoop.hive.ql.log.HushableRandomAccessFileAppender].
DEBUG StatusLogger createAppender(fileName="/home/alex/Repositories/hive/beeline/target/tmp/alex/operation_logs/d8ef7781-05af-4b46-ac83-b5734ddbb38d/alex_20240501092349_10fa7a24-e25d-4f87-a9e0-d63cff0c1aaa", append="null", name="query-file-appender", immediateFlush="null", bufferSize="null", ignoreExceptions="null", PatternLayout(org.apache.logging.log4j.core.layout.PatternLayout with name PatternLayout), NameFilter(org.apache.hadoop.hive.ql.log.LogDivertAppender$NameFilter with name NameFilter), advertise="null", advertiseURI="null", Configuration(HiveLog4j2Test))
DEBUG StatusLogger Starting RandomAccessFileManager /home/alex/Repositories/hive/beeline/target/tmp/alex/operation_logs/d8ef7781-05af-4b46-ac83-b5734ddbb38d/alex_20240501092349_10fa7a24-e25d-4f87-a9e0-d63cff0c1aaa
DEBUG StatusLogger Building Plugin[name=, class=org.apache.hadoop.hive.ql.log.LogDivertAppenderForTest$TestFilter].
DEBUG StatusLogger createFilter()
DEBUG StatusLogger Building Plugin[name=, class=org.apache.logging.log4j.core.layout.PatternLayout].
DEBUG StatusLogger PatternLayout$Builder(pattern="%-5p : %m%n", PatternSelector=null, Configuration(HiveLog4j2Test), Replace=null, charset="null", alwaysWriteExceptions="null", disableAnsi="null", noConsoleNoAnsi="null", header="null", footer="null")
DEBUG StatusLogger Building Plugin[name=appender, class=org.apache.hadoop.hive.ql.log.HushableRandomAccessFileAppender].
DEBUG StatusLogger createAppender(fileName="/home/alex/Repositories/hive/beeline/target/tmp/alex/operation_logs/d8ef7781-05af-4b46-ac83-b5734ddbb38d/alex_20240501092349_10fa7a24-e25d-4f87-a9e0-d63cff0c1aaa.test", append="null", name="test-query-file-appender", immediateFlush="null", bufferSize="null", ignoreExceptions="null", PatternLayout(org.apache.logging.log4j.core.layout.PatternLayout with name PatternLayout), test-filter(org.apache.hadoop.hive.ql.log.LogDivertAppenderForTest$TestFilter with name test-filter), advertise="null", advertiseURI="null", Configuration(HiveLog4j2Test))
DEBUG StatusLogger Starting RandomAccessFileManager /home/alex/Repositories/hive/beeline/target/tmp/alex/operation_logs/d8ef7781-05af-4b46-ac83-b5734ddbb38d/alex_20240501092349_10fa7a24-e25d-4f87-a9e0-d63cff0c1aaa.test
2024-05-01T09:23:49,105  INFO [d8ef7781-05af-4b46-ac83-b5734ddbb38d main] operation.HiveCommandOperation: [opType=EXECUTE_STATEMENT, queryId=alex_20240501092349_10fa7a24-e25d-4f87-a9e0-d63cff0c1aaa, startTime=1714580629099, sessionId=d8ef7781-05af-4b46-ac83-b5734ddbb38d, createTime=1714580628858, userName=null, ipAddress=null]
2024-05-01T09:23:49,117  INFO [d8ef7781-05af-4b46-ac83-b5734ddbb38d main] common.LogUtils: Unregistered logging context.
2024-05-01T09:23:49,120  INFO [d8ef7781-05af-4b46-ac83-b5734ddbb38d main] operation.OperationManager: Closing operation: OperationHandle [opType=EXECUTE_STATEMENT, getHandleIdentifier()=9381dc30-0eb8-468a-afc0-e0067b0f8808]
2024-05-01T09:23:49,120  INFO [d8ef7781-05af-4b46-ac83-b5734ddbb38d main] operation.OperationManager: Removed queryId: alex_20240501092349_10fa7a24-e25d-4f87-a9e0-d63cff0c1aaa corresponding to operation: OperationHandle [opType=EXECUTE_STATEMENT, getHandleIdentifier()=9381dc30-0eb8-468a-afc0-e0067b0f8808] with tag: null
2024-05-01T09:23:49,120  INFO [d8ef7781-05af-4b46-ac83-b5734ddbb38d main] operation.HiveCommandOperation: Closing operation log /home/alex/Repositories/hive/beeline/target/tmp/alex/operation_logs/d8ef7781-05af-4b46-ac83-b5734ddbb38d/alex_20240501092349_10fa7a24-e25d-4f87-a9e0-d63cff0c1aaa without delay
2024-05-01T09:23:49,122  INFO [d8ef7781-05af-4b46-ac83-b5734ddbb38d main] session.HiveSessionImpl: executing create table if not exists test.testSrcTbl(sc1 string)
2024-05-01T09:23:49,122  INFO [d8ef7781-05af-4b46-ac83-b5734ddbb38d main] operation.OperationManager: Adding operation: OperationHandle [opType=EXECUTE_STATEMENT, getHandleIdentifier()=41601db0-002f-44fe-9b38-d0ee2e0336db] SessionHandle [d8ef7781-05af-4b46-ac83-b5734ddbb38d]
2024-05-01T09:23:49,123  INFO [d8ef7781-05af-4b46-ac83-b5734ddbb38d main] common.LogUtils: Thread context registration is done.
DEBUG StatusLogger Building Plugin[name=filter, class=org.apache.hadoop.hive.ql.log.LogDivertAppender$NameFilter].
DEBUG StatusLogger createFilter(loggingLevel="EXECUTION")
DEBUG StatusLogger Building Plugin[name=layout, class=org.apache.logging.log4j.core.layout.PatternLayout].
DEBUG StatusLogger PatternLayout$Builder(pattern="%-5p : %m%n", PatternSelector=null, Configuration(HiveLog4j2Test), Replace=null, charset="null", alwaysWriteExceptions="null", disableAnsi="null", noConsoleNoAnsi="null", header="null", footer="null")
DEBUG StatusLogger Building Plugin[name=appender, class=org.apache.hadoop.hive.ql.log.HushableRandomAccessFileAppender].
DEBUG StatusLogger createAppender(fileName="/home/alex/Repositories/hive/beeline/target/tmp/alex/operation_logs/d8ef7781-05af-4b46-ac83-b5734ddbb38d/alex_20240501092349_4139ffad-c4af-4ce8-967a-9a4d34719bf8", append="null", name="query-file-appender", immediateFlush="null", bufferSize="null", ignoreExceptions="null", PatternLayout(org.apache.logging.log4j.core.layout.PatternLayout with name PatternLayout), NameFilter(org.apache.hadoop.hive.ql.log.LogDivertAppender$NameFilter with name NameFilter), advertise="null", advertiseURI="null", Configuration(HiveLog4j2Test))
DEBUG StatusLogger Starting RandomAccessFileManager /home/alex/Repositories/hive/beeline/target/tmp/alex/operation_logs/d8ef7781-05af-4b46-ac83-b5734ddbb38d/alex_20240501092349_4139ffad-c4af-4ce8-967a-9a4d34719bf8
DEBUG StatusLogger Building Plugin[name=, class=org.apache.hadoop.hive.ql.log.LogDivertAppenderForTest$TestFilter].
DEBUG StatusLogger createFilter()
DEBUG StatusLogger Building Plugin[name=, class=org.apache.logging.log4j.core.layout.PatternLayout].
DEBUG StatusLogger PatternLayout$Builder(pattern="%-5p : %m%n", PatternSelector=null, Configuration(HiveLog4j2Test), Replace=null, charset="null", alwaysWriteExceptions="null", disableAnsi="null", noConsoleNoAnsi="null", header="null", footer="null")
DEBUG StatusLogger Building Plugin[name=appender, class=org.apache.hadoop.hive.ql.log.HushableRandomAccessFileAppender].
DEBUG StatusLogger createAppender(fileName="/home/alex/Repositories/hive/beeline/target/tmp/alex/operation_logs/d8ef7781-05af-4b46-ac83-b5734ddbb38d/alex_20240501092349_4139ffad-c4af-4ce8-967a-9a4d34719bf8.test", append="null", name="test-query-file-appender", immediateFlush="null", bufferSize="null", ignoreExceptions="null", PatternLayout(org.apache.logging.log4j.core.layout.PatternLayout with name PatternLayout), test-filter(org.apache.hadoop.hive.ql.log.LogDivertAppenderForTest$TestFilter with name test-filter), advertise="null", advertiseURI="null", Configuration(HiveLog4j2Test))
DEBUG StatusLogger Starting RandomAccessFileManager /home/alex/Repositories/hive/beeline/target/tmp/alex/operation_logs/d8ef7781-05af-4b46-ac83-b5734ddbb38d/alex_20240501092349_4139ffad-c4af-4ce8-967a-9a4d34719bf8.test
2024-05-01T09:23:49,127  INFO [d8ef7781-05af-4b46-ac83-b5734ddbb38d main] operation.SQLOperation: [opType=EXECUTE_STATEMENT, queryId=alex_20240501092349_4139ffad-c4af-4ce8-967a-9a4d34719bf8, startTime=1714580629122, sessionId=d8ef7781-05af-4b46-ac83-b5734ddbb38d, createTime=1714580628858, userName=null, ipAddress=null]
2024-05-01T09:23:49,129  INFO [d8ef7781-05af-4b46-ac83-b5734ddbb38d main] ql.Driver: Compiling command(queryId=alex_20240501092349_4139ffad-c4af-4ce8-967a-9a4d34719bf8): create table if not exists test.testSrcTbl(sc1 string)
2024-05-01T09:23:49,131  INFO [d8ef7781-05af-4b46-ac83-b5734ddbb38d main] parse.CalcitePlanner: Starting caching scope for: alex_20240501092349_4139ffad-c4af-4ce8-967a-9a4d34719bf8
2024-05-01T09:23:49,131  INFO [d8ef7781-05af-4b46-ac83-b5734ddbb38d main] parse.CalcitePlanner: Starting Semantic Analysis
2024-05-01T09:23:49,131  INFO [d8ef7781-05af-4b46-ac83-b5734ddbb38d main] sqlstd.SQLStdHiveAccessController: Created SQLStdHiveAccessController for session context : HiveAuthzSessionContext [sessionString=d8ef7781-05af-4b46-ac83-b5734ddbb38d, clientType=HIVESERVER2]
2024-05-01T09:23:49,132  INFO [d8ef7781-05af-4b46-ac83-b5734ddbb38d main] parse.CalcitePlanner: Creating table test.testSrcTbl position=27
2024-05-01T09:23:49,132  INFO [d8ef7781-05af-4b46-ac83-b5734ddbb38d main] HiveMetaStore.audit: ugi=alex	ip=unknown-ip-addr	cmd=get_table : tbl=hive.test.testSrcTbl	
2024-05-01T09:23:49,148  INFO [d8ef7781-05af-4b46-ac83-b5734ddbb38d main] HiveMetaStore.audit: ugi=alex	ip=unknown-ip-addr	cmd=get_database: test	
2024-05-01T09:23:49,150  INFO [d8ef7781-05af-4b46-ac83-b5734ddbb38d main] parse.CalcitePlanner: Ending caching scope for: alex_20240501092349_4139ffad-c4af-4ce8-967a-9a4d34719bf8
2024-05-01T09:23:49,150  INFO [d8ef7781-05af-4b46-ac83-b5734ddbb38d main] ql.Driver: Semantic Analysis Completed (retrial = false)
2024-05-01T09:23:49,150  INFO [d8ef7781-05af-4b46-ac83-b5734ddbb38d main] ql.Driver: Created Hive schema: Schema(fieldSchemas:null, properties:null)
2024-05-01T09:23:49,151  INFO [d8ef7781-05af-4b46-ac83-b5734ddbb38d main] metadata.Hive: Dumping metastore api call timing information for : compilation phase
2024-05-01T09:23:49,151  INFO [d8ef7781-05af-4b46-ac83-b5734ddbb38d main] metadata.Hive: Total time spent in each metastore function (ms): {isCompatibleWith_(Configuration)=0, getDatabase_(String)=2, flushCache_()=0}
2024-05-01T09:23:49,151  INFO [d8ef7781-05af-4b46-ac83-b5734ddbb38d main] ql.Driver: Completed compiling command(queryId=alex_20240501092349_4139ffad-c4af-4ce8-967a-9a4d34719bf8); Time taken: 0.022 seconds
2024-05-01T09:23:49,151  INFO [d8ef7781-05af-4b46-ac83-b5734ddbb38d main] common.LogUtils: Unregistered logging context.
2024-05-01T09:23:49,151  INFO [HiveServer2-Background-Pool: Thread-229] common.LogUtils: Thread context registration is done.
2024-05-01T09:23:49,151  INFO [HiveServer2-Background-Pool: Thread-229] reexec.ReExecDriver: Execution #1 of query
2024-05-01T09:23:49,152  INFO [HiveServer2-Background-Pool: Thread-229] ql.Driver: Concurrency mode is disabled, not creating a lock manager
2024-05-01T09:23:49,152  INFO [HiveServer2-Background-Pool: Thread-229] ql.Driver: Executing command(queryId=alex_20240501092349_4139ffad-c4af-4ce8-967a-9a4d34719bf8): create table if not exists test.testSrcTbl(sc1 string)
2024-05-01T09:23:49,153  INFO [HiveServer2-Background-Pool: Thread-229] ql.Driver: Starting task [Stage-0:DDL] in serial mode
2024-05-01T09:23:49,155  INFO [HiveServer2-Background-Pool: Thread-229] HiveMetaStore.audit: ugi=alex	ip=unknown-ip-addr	cmd=create_table_req: Table(tableName:testSrcTbl, dbName:test, owner:alex, createTime:1714580629, lastAccessTime:0, retention:0, sd:StorageDescriptor(cols:[FieldSchema(name:sc1, type:string, comment:null)], location:null, inputFormat:org.apache.hadoop.mapred.TextInputFormat, outputFormat:org.apache.hadoop.hive.ql.io.HiveIgnoreKeyTextOutputFormat, compressed:false, numBuckets:-1, serdeInfo:SerDeInfo(name:null, serializationLib:org.apache.hadoop.hive.serde2.lazy.LazySimpleSerDe, parameters:{serialization.format=1}), bucketCols:[], sortCols:[], parameters:{}, skewedInfo:SkewedInfo(skewedColNames:[], skewedColValues:[], skewedColValueLocationMaps:{}), storedAsSubDirectories:false), partitionKeys:[], parameters:{totalSize=0, numRows=0, rawDataSize=0, COLUMN_STATS_ACCURATE={"BASIC_STATS":"true","COLUMN_STATS":{"sc1":"true"}}, numFiles=0, bucketing_version=2, numFilesErasureCoded=0}, viewOriginalText:null, viewExpandedText:null, tableType:MANAGED_TABLE, privileges:PrincipalPrivilegeSet(userPrivileges:{alex=[PrivilegeGrantInfo(privilege:INSERT, createTime:-1, grantor:alex, grantorType:USER, grantOption:true), PrivilegeGrantInfo(privilege:SELECT, createTime:-1, grantor:alex, grantorType:USER, grantOption:true), PrivilegeGrantInfo(privilege:UPDATE, createTime:-1, grantor:alex, grantorType:USER, grantOption:true), PrivilegeGrantInfo(privilege:DELETE, createTime:-1, grantor:alex, grantorType:USER, grantOption:true)]}, groupPrivileges:null, rolePrivileges:null), temporary:false, catName:hive, ownerType:USER)	
2024-05-01T09:23:49,156  INFO [HiveServer2-Background-Pool: Thread-229] metastore.HMSHandler: 11: Opening raw store with implementation class:org.apache.hadoop.hive.metastore.ObjectStore
2024-05-01T09:23:49,157  INFO [HiveServer2-Background-Pool: Thread-229] metastore.ObjectStore: RawStore: org.apache.hadoop.hive.metastore.ObjectStore@780ba8c8, with PersistenceManager: null will be shutdown
2024-05-01T09:23:49,157  INFO [HiveServer2-Background-Pool: Thread-229] metastore.ObjectStore: RawStore: org.apache.hadoop.hive.metastore.ObjectStore@780ba8c8, with PersistenceManager: org.datanucleus.api.jdo.JDOPersistenceManager@4594a716 created in the thread with id: 229
2024-05-01T09:23:49,161  INFO [HiveServer2-Background-Pool: Thread-229] metastore.HMSHandler: Created RawStore: org.apache.hadoop.hive.metastore.ObjectStore@780ba8c8 from thread id: 229
2024-05-01T09:23:49,166  INFO [HiveServer2-Background-Pool: Thread-229] utils.FileUtils: Creating directory if it doesn't exist: file:/home/alex/Repositories/hive/beeline/target/tmp/warehouse/test.db/testsrctbl
2024-05-01T09:23:49,204  INFO [HiveServer2-Background-Pool: Thread-229] metadata.Hive: Dumping metastore api call timing information for : execution phase
2024-05-01T09:23:49,205  INFO [HiveServer2-Background-Pool: Thread-229] metadata.Hive: Total time spent in each metastore function (ms): {isCompatibleWith_(Configuration)=0, createTable_(Table)=49}
2024-05-01T09:23:49,205  INFO [HiveServer2-Background-Pool: Thread-229] ql.Driver: Completed executing command(queryId=alex_20240501092349_4139ffad-c4af-4ce8-967a-9a4d34719bf8); Time taken: 0.052 seconds
2024-05-01T09:23:49,206  INFO [HiveServer2-Background-Pool: Thread-229] common.LogUtils: Unregistered logging context.
2024-05-01T09:23:49,209  INFO [d8ef7781-05af-4b46-ac83-b5734ddbb38d main] operation.OperationManager: Closing operation: OperationHandle [opType=EXECUTE_STATEMENT, getHandleIdentifier()=41601db0-002f-44fe-9b38-d0ee2e0336db]
2024-05-01T09:23:49,209  INFO [d8ef7781-05af-4b46-ac83-b5734ddbb38d main] operation.OperationManager: Removed queryId: alex_20240501092349_4139ffad-c4af-4ce8-967a-9a4d34719bf8 corresponding to operation: OperationHandle [opType=EXECUTE_STATEMENT, getHandleIdentifier()=41601db0-002f-44fe-9b38-d0ee2e0336db] with tag: null
2024-05-01T09:23:49,209  INFO [d8ef7781-05af-4b46-ac83-b5734ddbb38d main] operation.SQLOperation: Closing operation log /home/alex/Repositories/hive/beeline/target/tmp/alex/operation_logs/d8ef7781-05af-4b46-ac83-b5734ddbb38d/alex_20240501092349_4139ffad-c4af-4ce8-967a-9a4d34719bf8 without delay
2024-05-01T09:23:49,215  INFO [main] service.CompositeService: Session closed, SessionHandle [d8ef7781-05af-4b46-ac83-b5734ddbb38d], current sessions:0
2024-05-01T09:23:49,215  INFO [d8ef7781-05af-4b46-ac83-b5734ddbb38d main] session.HiveSessionImpl: Operation log session directory is deleted: /home/alex/Repositories/hive/beeline/target/tmp/alex/operation_logs/d8ef7781-05af-4b46-ac83-b5734ddbb38d
2024-05-01T09:23:49,215  INFO [main] cleanup.EventualCleanupService: Delete /tmp/hive/alex/d8ef7781-05af-4b46-ac83-b5734ddbb38d operation was queued
2024-05-01T09:23:49,216  INFO [main] cleanup.EventualCleanupService: Delete /home/alex/Repositories/hive/beeline/target/tmp/alex/d8ef7781-05af-4b46-ac83-b5734ddbb38d operation was queued
2024-05-01T09:23:49,216  INFO [EventualCleanupService thread 1] cleanup.EventualCleanupService: Deleted /home/alex/Repositories/hive/beeline/target/tmp/alex/d8ef7781-05af-4b46-ac83-b5734ddbb38d
2024-05-01T09:23:49,216  INFO [EventualCleanupService thread 0] cleanup.EventualCleanupService: Deleted /tmp/hive/alex/d8ef7781-05af-4b46-ac83-b5734ddbb38d
2024-05-01T09:23:49,216  INFO [main] HiveMetaStore.audit: ugi=alex	ip=unknown-ip-addr	cmd=Cleaning up thread local RawStore...	
2024-05-01T09:23:49,216  INFO [main] metastore.ObjectStore: RawStore: org.apache.hadoop.hive.metastore.ObjectStore@5368e981, with PersistenceManager: org.datanucleus.api.jdo.JDOPersistenceManager@1c171746 will be shutdown
2024-05-01T09:23:49,217  INFO [main] HiveMetaStore.audit: ugi=alex	ip=unknown-ip-addr	cmd=Done cleaning up thread local RawStore	
2024-05-01T09:23:49,217  INFO [main] metastore.HiveMetaStoreClient: Closed a connection to metastore, current connections: -12
]]></system-err>
  </testcase>
  <testcase name="testSqlFromCmdWithDBName" classname="org.apache.hive.beeline.cli.TestHiveCli" time="0.269">
    <failure type="java.lang.AssertionError"><![CDATA[java.lang.AssertionError: Supported return code is 0 while the actual is 1
	at org.junit.Assert.fail(Assert.java:89)
	at org.apache.hive.beeline.cli.TestHiveCli.executeCMD(TestHiveCli.java:256)
	at org.apache.hive.beeline.cli.TestHiveCli.verifyCMD(TestHiveCli.java:266)
	at org.apache.hive.beeline.cli.TestHiveCli.testSqlFromCmdWithDBName(TestHiveCli.java:166)
	at sun.reflect.NativeMethodAccessorImpl.invoke0(Native Method)
	at sun.reflect.NativeMethodAccessorImpl.invoke(NativeMethodAccessorImpl.java:62)
	at sun.reflect.DelegatingMethodAccessorImpl.invoke(DelegatingMethodAccessorImpl.java:43)
	at java.lang.reflect.Method.invoke(Method.java:498)
	at org.junit.runners.model.FrameworkMethod$1.runReflectiveCall(FrameworkMethod.java:59)
	at org.junit.internal.runners.model.ReflectiveCallable.run(ReflectiveCallable.java:12)
	at org.junit.runners.model.FrameworkMethod.invokeExplosively(FrameworkMethod.java:56)
	at org.junit.internal.runners.statements.InvokeMethod.evaluate(InvokeMethod.java:17)
	at org.junit.internal.runners.statements.RunBefores.evaluate(RunBefores.java:26)
	at org.junit.internal.runners.statements.RunAfters.evaluate(RunAfters.java:27)
	at org.junit.runners.ParentRunner$3.evaluate(ParentRunner.java:306)
	at org.junit.runners.BlockJUnit4ClassRunner$1.evaluate(BlockJUnit4ClassRunner.java:100)
	at org.junit.runners.ParentRunner.runLeaf(ParentRunner.java:366)
	at org.junit.runners.BlockJUnit4ClassRunner.runChild(BlockJUnit4ClassRunner.java:103)
	at org.junit.runners.BlockJUnit4ClassRunner.runChild(BlockJUnit4ClassRunner.java:63)
	at org.junit.runners.ParentRunner$4.run(ParentRunner.java:331)
	at org.junit.runners.ParentRunner$1.schedule(ParentRunner.java:79)
	at org.junit.runners.ParentRunner.runChildren(ParentRunner.java:329)
	at org.junit.runners.ParentRunner.access$100(ParentRunner.java:66)
	at org.junit.runners.ParentRunner$2.evaluate(ParentRunner.java:293)
	at org.junit.internal.runners.statements.RunBefores.evaluate(RunBefores.java:26)
	at org.junit.runners.ParentRunner$3.evaluate(ParentRunner.java:306)
	at org.junit.runners.ParentRunner.run(ParentRunner.java:413)
	at org.junit.runner.JUnitCore.run(JUnitCore.java:137)
	at org.junit.runner.JUnitCore.run(JUnitCore.java:115)
	at org.junit.vintage.engine.execution.RunnerExecutor.execute(RunnerExecutor.java:43)
	at java.util.stream.ForEachOps$ForEachOp$OfRef.accept(ForEachOps.java:183)
	at java.util.stream.ReferencePipeline$3$1.accept(ReferencePipeline.java:193)
	at java.util.Iterator.forEachRemaining(Iterator.java:116)
	at java.util.Spliterators$IteratorSpliterator.forEachRemaining(Spliterators.java:1801)
	at java.util.stream.AbstractPipeline.copyInto(AbstractPipeline.java:482)
	at java.util.stream.AbstractPipeline.wrapAndCopyInto(AbstractPipeline.java:472)
	at java.util.stream.ForEachOps$ForEachOp.evaluateSequential(ForEachOps.java:150)
	at java.util.stream.ForEachOps$ForEachOp$OfRef.evaluateSequential(ForEachOps.java:173)
	at java.util.stream.AbstractPipeline.evaluate(AbstractPipeline.java:234)
	at java.util.stream.ReferencePipeline.forEach(ReferencePipeline.java:485)
	at org.junit.vintage.engine.VintageTestEngine.executeAllChildren(VintageTestEngine.java:82)
	at org.junit.vintage.engine.VintageTestEngine.execute(VintageTestEngine.java:73)
	at org.junit.platform.launcher.core.DefaultLauncher.execute(DefaultLauncher.java:248)
	at org.junit.platform.launcher.core.DefaultLauncher.lambda$execute$5(DefaultLauncher.java:211)
	at org.junit.platform.launcher.core.DefaultLauncher.withInterceptedStreams(DefaultLauncher.java:226)
	at org.junit.platform.launcher.core.DefaultLauncher.execute(DefaultLauncher.java:199)
	at org.junit.platform.launcher.core.DefaultLauncher.execute(DefaultLauncher.java:132)
	at org.apache.maven.surefire.junitplatform.JUnitPlatformProvider.invokeAllTests(JUnitPlatformProvider.java:154)
	at org.apache.maven.surefire.junitplatform.JUnitPlatformProvider.invoke(JUnitPlatformProvider.java:123)
	at org.apache.maven.surefire.booter.ForkedBooter.runSuitesInProcess(ForkedBooter.java:377)
	at org.apache.maven.surefire.booter.ForkedBooter.execute(ForkedBooter.java:138)
	at org.apache.maven.surefire.booter.ForkedBooter.run(ForkedBooter.java:465)
	at org.apache.maven.surefire.booter.ForkedBooter.main(ForkedBooter.java:451)
]]></failure>
    <system-err><![CDATA[2024-05-01T09:23:49,218 ERROR [main] cli.TestHiveCli: Failed to execute command due to the error: java.lang.NullPointerException: Null output stream
2024-05-01T09:23:49,277  WARN [main] conf.HiveConf: HiveConf of name hive.dummyparam.test.server.specific.config.override does not exist
2024-05-01T09:23:49,277  WARN [main] conf.HiveConf: HiveConf of name hive.dummyparam.test.server.specific.config.hiveserver2site does not exist
2024-05-01T09:23:49,277  WARN [main] conf.HiveConf: HiveConf of name hive.dummyparam.test.server.specific.config.metastoresite does not exist
2024-05-01T09:23:49,278  INFO [main] SessionState: Hive Session ID = 0335cd43-4ae0-4a60-844b-34079b6196a3
2024-05-01T09:23:49,278  INFO [main] DependencyResolver: ivysettings.xml file not found in HIVE_HOME or HIVE_CONF_DIR,/home/alex/Repositories/hive/conf/ivysettings.xml will be used
2024-05-01T09:23:49,286  INFO [main] session.SessionState: Created HDFS directory: /tmp/hive/alex/0335cd43-4ae0-4a60-844b-34079b6196a3
2024-05-01T09:23:49,290  INFO [main] session.SessionState: Created local directory: /home/alex/Repositories/hive/beeline/target/tmp/alex/0335cd43-4ae0-4a60-844b-34079b6196a3
2024-05-01T09:23:49,293  INFO [main] session.SessionState: Created HDFS directory: /tmp/hive/alex/0335cd43-4ae0-4a60-844b-34079b6196a3/_tmp_space.db
2024-05-01T09:23:49,294  INFO [main] sqlstd.SQLStdHiveAccessController: Created SQLStdHiveAccessController for session context : HiveAuthzSessionContext [sessionString=0335cd43-4ae0-4a60-844b-34079b6196a3, clientType=HIVESERVER2]
2024-05-01T09:23:49,295  INFO [main] metastore.HiveMetaStoreClient: HMS client filtering is enabled.
2024-05-01T09:23:49,295  INFO [main] metastore.HMSHandler: 0: Opening raw store with implementation class:org.apache.hadoop.hive.metastore.ObjectStore
2024-05-01T09:23:49,295  INFO [main] metastore.PersistenceManagerProvider: Configuration datanucleus.autoStartMechanismMode is not set. Defaulting to 'ignored'
2024-05-01T09:23:49,296  INFO [main] metastore.ObjectStore: RawStore: org.apache.hadoop.hive.metastore.ObjectStore@478530cb, with PersistenceManager: null will be shutdown
2024-05-01T09:23:49,296  INFO [main] metastore.ObjectStore: RawStore: org.apache.hadoop.hive.metastore.ObjectStore@478530cb, with PersistenceManager: org.datanucleus.api.jdo.JDOPersistenceManager@5be7b749 created in the thread with id: 1
2024-05-01T09:23:49,299  INFO [main] metastore.HMSHandler: Created RawStore: org.apache.hadoop.hive.metastore.ObjectStore@478530cb from thread id: 1
2024-05-01T09:23:49,300  INFO [main] metastore.HMSHandler: HMS server filtering is disabled by configuration
2024-05-01T09:23:49,300  INFO [main] metastore.RetryingMetaStoreClient: RetryingMetaStoreClient proxy=class org.apache.hadoop.hive.ql.metadata.SessionHiveMetaStoreClient ugi=alex (auth:SIMPLE) retries=1 delay=1 lifetime=0
2024-05-01T09:23:49,300  INFO [main] service.CompositeService: Operation log root directory is created: /home/alex/Repositories/hive/beeline/target/tmp/alex/operation_logs
2024-05-01T09:23:49,300  INFO [main] service.CompositeService: HiveServer2: Background operation thread pool size: 100
2024-05-01T09:23:49,300  INFO [main] service.CompositeService: HiveServer2: Background operation thread wait queue size: 100
2024-05-01T09:23:49,300  INFO [main] service.CompositeService: HiveServer2: Background operation thread keepalive time: 10 seconds
2024-05-01T09:23:49,300  INFO [main] service.CompositeService: Connections limit are user: 0 ipaddress: 0 user-ipaddress: 0
2024-05-01T09:23:49,302  INFO [main] cleanup.EventualCleanupService: EventualCleanupService started with 10 threads and queue of size 10000
ERROR StatusLogger Log4j2 ConfigurationScheduler attempted to increment scheduled items after start
ERROR StatusLogger Log4j2 ConfigurationScheduler attempted to increment scheduled items after start
2024-05-01T09:23:49,304  INFO [main] service.AbstractService: Service:OperationManager is inited.
2024-05-01T09:23:49,304  INFO [main] service.AbstractService: Service:SessionManager is inited.
2024-05-01T09:23:49,304  INFO [main] service.AbstractService: Service:CLIService is inited.
2024-05-01T09:23:49,304  INFO [main] service.AbstractService: Service:OperationManager is started.
2024-05-01T09:23:49,304  INFO [main] service.AbstractService: Service:SessionManager is started.
2024-05-01T09:23:49,304  INFO [main] service.AbstractService: Service:CLIService is started.
2024-05-01T09:23:49,305  INFO [main] service.AbstractService: Service:ThriftBinaryCLIService is inited.
2024-05-01T09:23:49,305  INFO [main] thrift.ThriftCLIService: Client protocol version: HIVE_CLI_SERVICE_PROTOCOL_V10
2024-05-01T09:23:49,305  INFO [main] thrift.ThriftCLIService: Creating Hive session handle for user [null] from IP null
2024-05-01T09:23:49,306  INFO [main] DependencyResolver: ivysettings.xml file not found in HIVE_HOME or HIVE_CONF_DIR,/home/alex/Repositories/hive/conf/ivysettings.xml will be used
2024-05-01T09:23:49,315  INFO [main] session.SessionState: Created HDFS directory: /tmp/hive/alex/8d9f59fa-e115-4768-96a8-51037ea11443
2024-05-01T09:23:49,319  INFO [main] session.SessionState: Created local directory: /home/alex/Repositories/hive/beeline/target/tmp/alex/8d9f59fa-e115-4768-96a8-51037ea11443
2024-05-01T09:23:49,322  INFO [main] session.SessionState: Created HDFS directory: /tmp/hive/alex/8d9f59fa-e115-4768-96a8-51037ea11443/_tmp_space.db
2024-05-01T09:23:49,323  INFO [main] session.SessionState: Reloading auxiliary JAR files
2024-05-01T09:23:49,323  WARN [main] session.SessionState: Configuration hive.reloadable.aux.jars.path not specified
2024-05-01T09:23:49,323  INFO [main] HiveMetaStore.audit: ugi=alex	ip=unknown-ip-addr	cmd=Cleaning up thread local RawStore...	
2024-05-01T09:23:49,323  INFO [main] metastore.ObjectStore: RawStore: org.apache.hadoop.hive.metastore.ObjectStore@478530cb, with PersistenceManager: org.datanucleus.api.jdo.JDOPersistenceManager@5be7b749 will be shutdown
2024-05-01T09:23:49,323  INFO [main] HiveMetaStore.audit: ugi=alex	ip=unknown-ip-addr	cmd=Done cleaning up thread local RawStore	
2024-05-01T09:23:49,323  INFO [main] metastore.HiveMetaStoreClient: Closed a connection to metastore, current connections: -13
2024-05-01T09:23:49,324  INFO [main] session.HiveSessionImpl: Operation log session directory is created: /home/alex/Repositories/hive/beeline/target/tmp/alex/operation_logs/8d9f59fa-e115-4768-96a8-51037ea11443
2024-05-01T09:23:49,324  INFO [main] service.CompositeService: Session opened, SessionHandle [8d9f59fa-e115-4768-96a8-51037ea11443], current sessions:1
2024-05-01T09:23:49,324  INFO [main] thrift.ThriftCLIService: Login attempt is successful for user : null
2024-05-01T09:23:49,390  WARN [main] conf.HiveConf: HiveConf of name hive.dummyparam.test.server.specific.config.override does not exist
2024-05-01T09:23:49,390  WARN [main] conf.HiveConf: HiveConf of name hive.dummyparam.test.server.specific.config.hiveserver2site does not exist
2024-05-01T09:23:49,390  WARN [main] conf.HiveConf: HiveConf of name hive.dummyparam.test.server.specific.config.metastoresite does not exist
2024-05-01T09:23:49,391  INFO [8d9f59fa-e115-4768-96a8-51037ea11443 main] session.HiveSessionImpl: executing set
2024-05-01T09:23:49,392  INFO [8d9f59fa-e115-4768-96a8-51037ea11443 main] operation.HiveCommandOperation: Putting temp output to file /home/alex/Repositories/hive/beeline/target/tmp/alex/8d9f59fa-e115-4768-96a8-51037ea114434221896624176460776.pipeout and error output to file /home/alex/Repositories/hive/beeline/target/tmp/alex/8d9f59fa-e115-4768-96a8-51037ea114437646846446311701717.pipeout
2024-05-01T09:23:49,392  INFO [8d9f59fa-e115-4768-96a8-51037ea11443 main] operation.OperationManager: Adding operation: OperationHandle [opType=EXECUTE_STATEMENT, getHandleIdentifier()=94614b9e-ab2c-4e5a-8942-ad6ac6e645ba] SessionHandle [8d9f59fa-e115-4768-96a8-51037ea11443]
2024-05-01T09:23:49,392  INFO [8d9f59fa-e115-4768-96a8-51037ea11443 main] common.LogUtils: Thread context registration is done.
DEBUG StatusLogger Building Plugin[name=filter, class=org.apache.hadoop.hive.ql.log.LogDivertAppender$NameFilter].
DEBUG StatusLogger createFilter(loggingLevel="EXECUTION")
DEBUG StatusLogger Building Plugin[name=layout, class=org.apache.logging.log4j.core.layout.PatternLayout].
DEBUG StatusLogger PatternLayout$Builder(pattern="%-5p : %m%n", PatternSelector=null, Configuration(HiveLog4j2Test), Replace=null, charset="null", alwaysWriteExceptions="null", disableAnsi="null", noConsoleNoAnsi="null", header="null", footer="null")
DEBUG StatusLogger Building Plugin[name=appender, class=org.apache.hadoop.hive.ql.log.HushableRandomAccessFileAppender].
DEBUG StatusLogger createAppender(fileName="/home/alex/Repositories/hive/beeline/target/tmp/alex/operation_logs/8d9f59fa-e115-4768-96a8-51037ea11443/alex_20240501092349_4a91f12a-76f2-4182-8540-42c012bdcffa", append="null", name="query-file-appender", immediateFlush="null", bufferSize="null", ignoreExceptions="null", PatternLayout(org.apache.logging.log4j.core.layout.PatternLayout with name PatternLayout), NameFilter(org.apache.hadoop.hive.ql.log.LogDivertAppender$NameFilter with name NameFilter), advertise="null", advertiseURI="null", Configuration(HiveLog4j2Test))
DEBUG StatusLogger Starting RandomAccessFileManager /home/alex/Repositories/hive/beeline/target/tmp/alex/operation_logs/8d9f59fa-e115-4768-96a8-51037ea11443/alex_20240501092349_4a91f12a-76f2-4182-8540-42c012bdcffa
DEBUG StatusLogger Building Plugin[name=, class=org.apache.hadoop.hive.ql.log.LogDivertAppenderForTest$TestFilter].
DEBUG StatusLogger createFilter()
DEBUG StatusLogger Building Plugin[name=, class=org.apache.logging.log4j.core.layout.PatternLayout].
DEBUG StatusLogger PatternLayout$Builder(pattern="%-5p : %m%n", PatternSelector=null, Configuration(HiveLog4j2Test), Replace=null, charset="null", alwaysWriteExceptions="null", disableAnsi="null", noConsoleNoAnsi="null", header="null", footer="null")
DEBUG StatusLogger Building Plugin[name=appender, class=org.apache.hadoop.hive.ql.log.HushableRandomAccessFileAppender].
DEBUG StatusLogger createAppender(fileName="/home/alex/Repositories/hive/beeline/target/tmp/alex/operation_logs/8d9f59fa-e115-4768-96a8-51037ea11443/alex_20240501092349_4a91f12a-76f2-4182-8540-42c012bdcffa.test", append="null", name="test-query-file-appender", immediateFlush="null", bufferSize="null", ignoreExceptions="null", PatternLayout(org.apache.logging.log4j.core.layout.PatternLayout with name PatternLayout), test-filter(org.apache.hadoop.hive.ql.log.LogDivertAppenderForTest$TestFilter with name test-filter), advertise="null", advertiseURI="null", Configuration(HiveLog4j2Test))
DEBUG StatusLogger Starting RandomAccessFileManager /home/alex/Repositories/hive/beeline/target/tmp/alex/operation_logs/8d9f59fa-e115-4768-96a8-51037ea11443/alex_20240501092349_4a91f12a-76f2-4182-8540-42c012bdcffa.test
2024-05-01T09:23:49,396  INFO [8d9f59fa-e115-4768-96a8-51037ea11443 main] operation.HiveCommandOperation: [opType=EXECUTE_STATEMENT, queryId=alex_20240501092349_4a91f12a-76f2-4182-8540-42c012bdcffa, startTime=1714580629391, sessionId=8d9f59fa-e115-4768-96a8-51037ea11443, createTime=1714580629305, userName=null, ipAddress=null]
2024-05-01T09:23:49,405  INFO [8d9f59fa-e115-4768-96a8-51037ea11443 main] common.LogUtils: Unregistered logging context.
2024-05-01T09:23:49,408  INFO [8d9f59fa-e115-4768-96a8-51037ea11443 main] operation.OperationManager: Closing operation: OperationHandle [opType=EXECUTE_STATEMENT, getHandleIdentifier()=94614b9e-ab2c-4e5a-8942-ad6ac6e645ba]
2024-05-01T09:23:49,408  INFO [8d9f59fa-e115-4768-96a8-51037ea11443 main] operation.OperationManager: Removed queryId: alex_20240501092349_4a91f12a-76f2-4182-8540-42c012bdcffa corresponding to operation: OperationHandle [opType=EXECUTE_STATEMENT, getHandleIdentifier()=94614b9e-ab2c-4e5a-8942-ad6ac6e645ba] with tag: null
2024-05-01T09:23:49,409  INFO [8d9f59fa-e115-4768-96a8-51037ea11443 main] operation.HiveCommandOperation: Closing operation log /home/alex/Repositories/hive/beeline/target/tmp/alex/operation_logs/8d9f59fa-e115-4768-96a8-51037ea11443/alex_20240501092349_4a91f12a-76f2-4182-8540-42c012bdcffa without delay
2024-05-01T09:23:49,411  INFO [8d9f59fa-e115-4768-96a8-51037ea11443 main] session.HiveSessionImpl: executing use test
2024-05-01T09:23:49,412  INFO [8d9f59fa-e115-4768-96a8-51037ea11443 main] operation.OperationManager: Adding operation: OperationHandle [opType=EXECUTE_STATEMENT, getHandleIdentifier()=ea6f04f3-df2d-4e0d-be68-a87f1521dc92] SessionHandle [8d9f59fa-e115-4768-96a8-51037ea11443]
2024-05-01T09:23:49,412  INFO [8d9f59fa-e115-4768-96a8-51037ea11443 main] common.LogUtils: Thread context registration is done.
DEBUG StatusLogger Building Plugin[name=filter, class=org.apache.hadoop.hive.ql.log.LogDivertAppender$NameFilter].
DEBUG StatusLogger createFilter(loggingLevel="EXECUTION")
DEBUG StatusLogger Building Plugin[name=layout, class=org.apache.logging.log4j.core.layout.PatternLayout].
DEBUG StatusLogger PatternLayout$Builder(pattern="%-5p : %m%n", PatternSelector=null, Configuration(HiveLog4j2Test), Replace=null, charset="null", alwaysWriteExceptions="null", disableAnsi="null", noConsoleNoAnsi="null", header="null", footer="null")
DEBUG StatusLogger Building Plugin[name=appender, class=org.apache.hadoop.hive.ql.log.HushableRandomAccessFileAppender].
DEBUG StatusLogger createAppender(fileName="/home/alex/Repositories/hive/beeline/target/tmp/alex/operation_logs/8d9f59fa-e115-4768-96a8-51037ea11443/alex_20240501092349_310545bc-96c0-474f-8f8a-ad7c1daac719", append="null", name="query-file-appender", immediateFlush="null", bufferSize="null", ignoreExceptions="null", PatternLayout(org.apache.logging.log4j.core.layout.PatternLayout with name PatternLayout), NameFilter(org.apache.hadoop.hive.ql.log.LogDivertAppender$NameFilter with name NameFilter), advertise="null", advertiseURI="null", Configuration(HiveLog4j2Test))
DEBUG StatusLogger Starting RandomAccessFileManager /home/alex/Repositories/hive/beeline/target/tmp/alex/operation_logs/8d9f59fa-e115-4768-96a8-51037ea11443/alex_20240501092349_310545bc-96c0-474f-8f8a-ad7c1daac719
DEBUG StatusLogger Building Plugin[name=, class=org.apache.hadoop.hive.ql.log.LogDivertAppenderForTest$TestFilter].
DEBUG StatusLogger createFilter()
DEBUG StatusLogger Building Plugin[name=, class=org.apache.logging.log4j.core.layout.PatternLayout].
DEBUG StatusLogger PatternLayout$Builder(pattern="%-5p : %m%n", PatternSelector=null, Configuration(HiveLog4j2Test), Replace=null, charset="null", alwaysWriteExceptions="null", disableAnsi="null", noConsoleNoAnsi="null", header="null", footer="null")
DEBUG StatusLogger Building Plugin[name=appender, class=org.apache.hadoop.hive.ql.log.HushableRandomAccessFileAppender].
DEBUG StatusLogger createAppender(fileName="/home/alex/Repositories/hive/beeline/target/tmp/alex/operation_logs/8d9f59fa-e115-4768-96a8-51037ea11443/alex_20240501092349_310545bc-96c0-474f-8f8a-ad7c1daac719.test", append="null", name="test-query-file-appender", immediateFlush="null", bufferSize="null", ignoreExceptions="null", PatternLayout(org.apache.logging.log4j.core.layout.PatternLayout with name PatternLayout), test-filter(org.apache.hadoop.hive.ql.log.LogDivertAppenderForTest$TestFilter with name test-filter), advertise="null", advertiseURI="null", Configuration(HiveLog4j2Test))
DEBUG StatusLogger Starting RandomAccessFileManager /home/alex/Repositories/hive/beeline/target/tmp/alex/operation_logs/8d9f59fa-e115-4768-96a8-51037ea11443/alex_20240501092349_310545bc-96c0-474f-8f8a-ad7c1daac719.test
2024-05-01T09:23:49,416  INFO [8d9f59fa-e115-4768-96a8-51037ea11443 main] operation.SQLOperation: [opType=EXECUTE_STATEMENT, queryId=alex_20240501092349_310545bc-96c0-474f-8f8a-ad7c1daac719, startTime=1714580629411, sessionId=8d9f59fa-e115-4768-96a8-51037ea11443, createTime=1714580629305, userName=null, ipAddress=null]
2024-05-01T09:23:49,417  INFO [8d9f59fa-e115-4768-96a8-51037ea11443 main] ql.Driver: Compiling command(queryId=alex_20240501092349_310545bc-96c0-474f-8f8a-ad7c1daac719): use test
2024-05-01T09:23:49,418  INFO [8d9f59fa-e115-4768-96a8-51037ea11443 main] metastore.HiveMetaStoreClient: HMS client filtering is enabled.
2024-05-01T09:23:49,418  INFO [8d9f59fa-e115-4768-96a8-51037ea11443 main] metastore.HMSHandler: 0: Opening raw store with implementation class:org.apache.hadoop.hive.metastore.ObjectStore
2024-05-01T09:23:49,418  INFO [8d9f59fa-e115-4768-96a8-51037ea11443 main] metastore.PersistenceManagerProvider: Configuration datanucleus.autoStartMechanismMode is not set. Defaulting to 'ignored'
2024-05-01T09:23:49,419  INFO [8d9f59fa-e115-4768-96a8-51037ea11443 main] metastore.ObjectStore: RawStore: org.apache.hadoop.hive.metastore.ObjectStore@72001c71, with PersistenceManager: null will be shutdown
2024-05-01T09:23:49,419  INFO [8d9f59fa-e115-4768-96a8-51037ea11443 main] metastore.ObjectStore: RawStore: org.apache.hadoop.hive.metastore.ObjectStore@72001c71, with PersistenceManager: org.datanucleus.api.jdo.JDOPersistenceManager@e7b0bec created in the thread with id: 1
2024-05-01T09:23:49,423  INFO [8d9f59fa-e115-4768-96a8-51037ea11443 main] metastore.HMSHandler: Created RawStore: org.apache.hadoop.hive.metastore.ObjectStore@72001c71 from thread id: 1
2024-05-01T09:23:49,423  INFO [8d9f59fa-e115-4768-96a8-51037ea11443 main] metastore.HMSHandler: HMS server filtering is disabled by configuration
2024-05-01T09:23:49,423  INFO [8d9f59fa-e115-4768-96a8-51037ea11443 main] metastore.RetryingMetaStoreClient: RetryingMetaStoreClient proxy=class org.apache.hadoop.hive.ql.metadata.SessionHiveMetaStoreClient ugi=alex (auth:SIMPLE) retries=1 delay=1 lifetime=0
2024-05-01T09:23:49,424  INFO [8d9f59fa-e115-4768-96a8-51037ea11443 main] HiveMetaStore.audit: ugi=alex	ip=unknown-ip-addr	cmd=get_database: test	
2024-05-01T09:23:49,425  INFO [8d9f59fa-e115-4768-96a8-51037ea11443 main] ql.Driver: Semantic Analysis Completed (retrial = false)
2024-05-01T09:23:49,426  INFO [8d9f59fa-e115-4768-96a8-51037ea11443 main] ql.Driver: Created Hive schema: Schema(fieldSchemas:null, properties:null)
2024-05-01T09:23:49,426  INFO [8d9f59fa-e115-4768-96a8-51037ea11443 main] metadata.Hive: Dumping metastore api call timing information for : compilation phase
2024-05-01T09:23:49,426  INFO [8d9f59fa-e115-4768-96a8-51037ea11443 main] metadata.Hive: Total time spent in each metastore function (ms): {isCompatibleWith_(Configuration)=1, getDatabase_(String)=1, flushCache_()=0}
2024-05-01T09:23:49,426  INFO [8d9f59fa-e115-4768-96a8-51037ea11443 main] ql.Driver: Completed compiling command(queryId=alex_20240501092349_310545bc-96c0-474f-8f8a-ad7c1daac719); Time taken: 0.009 seconds
2024-05-01T09:23:49,426  INFO [8d9f59fa-e115-4768-96a8-51037ea11443 main] common.LogUtils: Unregistered logging context.
2024-05-01T09:23:49,427  INFO [HiveServer2-Background-Pool: Thread-253] common.LogUtils: Thread context registration is done.
2024-05-01T09:23:49,427  INFO [HiveServer2-Background-Pool: Thread-253] reexec.ReExecDriver: Execution #1 of query
2024-05-01T09:23:49,427  INFO [HiveServer2-Background-Pool: Thread-253] ql.Driver: Concurrency mode is disabled, not creating a lock manager
2024-05-01T09:23:49,428  INFO [HiveServer2-Background-Pool: Thread-253] ql.Driver: Executing command(queryId=alex_20240501092349_310545bc-96c0-474f-8f8a-ad7c1daac719): use test
2024-05-01T09:23:49,428  INFO [HiveServer2-Background-Pool: Thread-253] ql.Driver: Starting task [Stage-0:DDL] in serial mode
2024-05-01T09:23:49,429  INFO [HiveServer2-Background-Pool: Thread-253] HiveMetaStore.audit: ugi=alex	ip=unknown-ip-addr	cmd=get_database: test	
2024-05-01T09:23:49,430  INFO [HiveServer2-Background-Pool: Thread-253] metastore.HMSHandler: 12: Opening raw store with implementation class:org.apache.hadoop.hive.metastore.ObjectStore
2024-05-01T09:23:49,430  INFO [HiveServer2-Background-Pool: Thread-253] metastore.ObjectStore: RawStore: org.apache.hadoop.hive.metastore.ObjectStore@40fa6924, with PersistenceManager: null will be shutdown
2024-05-01T09:23:49,431  INFO [HiveServer2-Background-Pool: Thread-253] metastore.ObjectStore: RawStore: org.apache.hadoop.hive.metastore.ObjectStore@40fa6924, with PersistenceManager: org.datanucleus.api.jdo.JDOPersistenceManager@5f8ff5f created in the thread with id: 253
2024-05-01T09:23:49,435  INFO [HiveServer2-Background-Pool: Thread-253] metastore.HMSHandler: Created RawStore: org.apache.hadoop.hive.metastore.ObjectStore@40fa6924 from thread id: 253
2024-05-01T09:23:49,436  INFO [HiveServer2-Background-Pool: Thread-253] HiveMetaStore.audit: ugi=alex	ip=unknown-ip-addr	cmd=get_database: test	
2024-05-01T09:23:49,438  INFO [HiveServer2-Background-Pool: Thread-253] metadata.Hive: Dumping metastore api call timing information for : execution phase
2024-05-01T09:23:49,438  INFO [HiveServer2-Background-Pool: Thread-253] metadata.Hive: Total time spent in each metastore function (ms): {isCompatibleWith_(Configuration)=0, getDatabase_(String)=9}
2024-05-01T09:23:49,438  INFO [HiveServer2-Background-Pool: Thread-253] ql.Driver: Completed executing command(queryId=alex_20240501092349_310545bc-96c0-474f-8f8a-ad7c1daac719); Time taken: 0.011 seconds
2024-05-01T09:23:49,439  INFO [HiveServer2-Background-Pool: Thread-253] common.LogUtils: Unregistered logging context.
2024-05-01T09:23:49,441  INFO [8d9f59fa-e115-4768-96a8-51037ea11443 main] operation.OperationManager: Closing operation: OperationHandle [opType=EXECUTE_STATEMENT, getHandleIdentifier()=ea6f04f3-df2d-4e0d-be68-a87f1521dc92]
2024-05-01T09:23:49,441  INFO [8d9f59fa-e115-4768-96a8-51037ea11443 main] operation.OperationManager: Removed queryId: alex_20240501092349_310545bc-96c0-474f-8f8a-ad7c1daac719 corresponding to operation: OperationHandle [opType=EXECUTE_STATEMENT, getHandleIdentifier()=ea6f04f3-df2d-4e0d-be68-a87f1521dc92] with tag: null
2024-05-01T09:23:49,441  INFO [8d9f59fa-e115-4768-96a8-51037ea11443 main] operation.SQLOperation: Closing operation log /home/alex/Repositories/hive/beeline/target/tmp/alex/operation_logs/8d9f59fa-e115-4768-96a8-51037ea11443/alex_20240501092349_310545bc-96c0-474f-8f8a-ad7c1daac719 without delay
2024-05-01T09:23:49,442  INFO [8d9f59fa-e115-4768-96a8-51037ea11443 main] session.HiveSessionImpl: executing show tables
2024-05-01T09:23:49,443  INFO [8d9f59fa-e115-4768-96a8-51037ea11443 main] operation.OperationManager: Adding operation: OperationHandle [opType=EXECUTE_STATEMENT, getHandleIdentifier()=2e474c43-95dc-43ef-ba5c-b1e3f7b305d9] SessionHandle [8d9f59fa-e115-4768-96a8-51037ea11443]
2024-05-01T09:23:49,443  INFO [8d9f59fa-e115-4768-96a8-51037ea11443 main] common.LogUtils: Thread context registration is done.
DEBUG StatusLogger Building Plugin[name=filter, class=org.apache.hadoop.hive.ql.log.LogDivertAppender$NameFilter].
DEBUG StatusLogger createFilter(loggingLevel="EXECUTION")
DEBUG StatusLogger Building Plugin[name=layout, class=org.apache.logging.log4j.core.layout.PatternLayout].
DEBUG StatusLogger PatternLayout$Builder(pattern="%-5p : %m%n", PatternSelector=null, Configuration(HiveLog4j2Test), Replace=null, charset="null", alwaysWriteExceptions="null", disableAnsi="null", noConsoleNoAnsi="null", header="null", footer="null")
DEBUG StatusLogger Building Plugin[name=appender, class=org.apache.hadoop.hive.ql.log.HushableRandomAccessFileAppender].
DEBUG StatusLogger createAppender(fileName="/home/alex/Repositories/hive/beeline/target/tmp/alex/operation_logs/8d9f59fa-e115-4768-96a8-51037ea11443/alex_20240501092349_d8e91194-192c-4285-87b7-6e1930f2f727", append="null", name="query-file-appender", immediateFlush="null", bufferSize="null", ignoreExceptions="null", PatternLayout(org.apache.logging.log4j.core.layout.PatternLayout with name PatternLayout), NameFilter(org.apache.hadoop.hive.ql.log.LogDivertAppender$NameFilter with name NameFilter), advertise="null", advertiseURI="null", Configuration(HiveLog4j2Test))
DEBUG StatusLogger Starting RandomAccessFileManager /home/alex/Repositories/hive/beeline/target/tmp/alex/operation_logs/8d9f59fa-e115-4768-96a8-51037ea11443/alex_20240501092349_d8e91194-192c-4285-87b7-6e1930f2f727
DEBUG StatusLogger Building Plugin[name=, class=org.apache.hadoop.hive.ql.log.LogDivertAppenderForTest$TestFilter].
DEBUG StatusLogger createFilter()
DEBUG StatusLogger Building Plugin[name=, class=org.apache.logging.log4j.core.layout.PatternLayout].
DEBUG StatusLogger PatternLayout$Builder(pattern="%-5p : %m%n", PatternSelector=null, Configuration(HiveLog4j2Test), Replace=null, charset="null", alwaysWriteExceptions="null", disableAnsi="null", noConsoleNoAnsi="null", header="null", footer="null")
DEBUG StatusLogger Building Plugin[name=appender, class=org.apache.hadoop.hive.ql.log.HushableRandomAccessFileAppender].
DEBUG StatusLogger createAppender(fileName="/home/alex/Repositories/hive/beeline/target/tmp/alex/operation_logs/8d9f59fa-e115-4768-96a8-51037ea11443/alex_20240501092349_d8e91194-192c-4285-87b7-6e1930f2f727.test", append="null", name="test-query-file-appender", immediateFlush="null", bufferSize="null", ignoreExceptions="null", PatternLayout(org.apache.logging.log4j.core.layout.PatternLayout with name PatternLayout), test-filter(org.apache.hadoop.hive.ql.log.LogDivertAppenderForTest$TestFilter with name test-filter), advertise="null", advertiseURI="null", Configuration(HiveLog4j2Test))
DEBUG StatusLogger Starting RandomAccessFileManager /home/alex/Repositories/hive/beeline/target/tmp/alex/operation_logs/8d9f59fa-e115-4768-96a8-51037ea11443/alex_20240501092349_d8e91194-192c-4285-87b7-6e1930f2f727.test
2024-05-01T09:23:49,446  INFO [8d9f59fa-e115-4768-96a8-51037ea11443 main] operation.SQLOperation: [opType=EXECUTE_STATEMENT, queryId=alex_20240501092349_d8e91194-192c-4285-87b7-6e1930f2f727, startTime=1714580629442, sessionId=8d9f59fa-e115-4768-96a8-51037ea11443, createTime=1714580629305, userName=null, ipAddress=null]
2024-05-01T09:23:49,447  INFO [8d9f59fa-e115-4768-96a8-51037ea11443 main] ql.Driver: Compiling command(queryId=alex_20240501092349_d8e91194-192c-4285-87b7-6e1930f2f727): show tables
2024-05-01T09:23:49,452  INFO [8d9f59fa-e115-4768-96a8-51037ea11443 main] HiveMetaStore.audit: ugi=alex	ip=unknown-ip-addr	cmd=get_database: test	
2024-05-01T09:23:49,453  INFO [8d9f59fa-e115-4768-96a8-51037ea11443 main] ql.Driver: Semantic Analysis Completed (retrial = false)
2024-05-01T09:23:49,453  INFO [8d9f59fa-e115-4768-96a8-51037ea11443 main] ql.Driver: Created Hive schema: Schema(fieldSchemas:[FieldSchema(name:tab_name, type:string, comment:from deserializer)], properties:null)
2024-05-01T09:23:49,454  INFO [8d9f59fa-e115-4768-96a8-51037ea11443 main] exec.ListSinkOperator: Initializing Operator: LIST_SINK[0]
2024-05-01T09:23:49,454  INFO [8d9f59fa-e115-4768-96a8-51037ea11443 main] metadata.Hive: Dumping metastore api call timing information for : compilation phase
2024-05-01T09:23:49,454  INFO [8d9f59fa-e115-4768-96a8-51037ea11443 main] metadata.Hive: Total time spent in each metastore function (ms): {isCompatibleWith_(Configuration)=0, getDatabase_(String)=1, flushCache_()=0}
2024-05-01T09:23:49,454  INFO [8d9f59fa-e115-4768-96a8-51037ea11443 main] ql.Driver: Completed compiling command(queryId=alex_20240501092349_d8e91194-192c-4285-87b7-6e1930f2f727); Time taken: 0.007 seconds
2024-05-01T09:23:49,455  INFO [8d9f59fa-e115-4768-96a8-51037ea11443 main] common.LogUtils: Unregistered logging context.
2024-05-01T09:23:49,455  INFO [HiveServer2-Background-Pool: Thread-257] common.LogUtils: Thread context registration is done.
2024-05-01T09:23:49,455  INFO [HiveServer2-Background-Pool: Thread-257] reexec.ReExecDriver: Execution #1 of query
2024-05-01T09:23:49,455  INFO [HiveServer2-Background-Pool: Thread-257] ql.Driver: Concurrency mode is disabled, not creating a lock manager
2024-05-01T09:23:49,456  INFO [HiveServer2-Background-Pool: Thread-257] ql.Driver: Executing command(queryId=alex_20240501092349_d8e91194-192c-4285-87b7-6e1930f2f727): show tables
2024-05-01T09:23:49,456  INFO [HiveServer2-Background-Pool: Thread-257] ql.Driver: Starting task [Stage-0:DDL] in serial mode
2024-05-01T09:23:49,457  INFO [HiveServer2-Background-Pool: Thread-257] HiveMetaStore.audit: ugi=alex	ip=unknown-ip-addr	cmd=get_database: test	
2024-05-01T09:23:49,457  INFO [HiveServer2-Background-Pool: Thread-257] metastore.HMSHandler: 13: Opening raw store with implementation class:org.apache.hadoop.hive.metastore.ObjectStore
2024-05-01T09:23:49,458  INFO [HiveServer2-Background-Pool: Thread-257] metastore.ObjectStore: RawStore: org.apache.hadoop.hive.metastore.ObjectStore@f6d53ee, with PersistenceManager: null will be shutdown
2024-05-01T09:23:49,458  INFO [HiveServer2-Background-Pool: Thread-257] metastore.ObjectStore: RawStore: org.apache.hadoop.hive.metastore.ObjectStore@f6d53ee, with PersistenceManager: org.datanucleus.api.jdo.JDOPersistenceManager@4a6fcc67 created in the thread with id: 257
2024-05-01T09:23:49,461  INFO [HiveServer2-Background-Pool: Thread-257] metastore.HMSHandler: Created RawStore: org.apache.hadoop.hive.metastore.ObjectStore@f6d53ee from thread id: 257
2024-05-01T09:23:49,463  INFO [HiveServer2-Background-Pool: Thread-257] HiveMetaStore.audit: ugi=alex	ip=unknown-ip-addr	cmd=get_multi_table : db=test tbls=null	
2024-05-01T09:23:49,473  INFO [HiveServer2-Background-Pool: Thread-257] sqlstd.SQLStdHiveAccessController: Created SQLStdHiveAccessController for session context : HiveAuthzSessionContext [sessionString=8d9f59fa-e115-4768-96a8-51037ea11443, clientType=HIVESERVER2]
2024-05-01T09:23:49,481  INFO [HiveServer2-Background-Pool: Thread-257] metadata.Hive: Dumping metastore api call timing information for : execution phase
2024-05-01T09:23:49,481  INFO [HiveServer2-Background-Pool: Thread-257] metadata.Hive: Total time spent in each metastore function (ms): {isCompatibleWith_(Configuration)=0, getDatabase_(String)=5, getTables_(String, String)=11}
2024-05-01T09:23:49,481  INFO [HiveServer2-Background-Pool: Thread-257] ql.Driver: Completed executing command(queryId=alex_20240501092349_d8e91194-192c-4285-87b7-6e1930f2f727); Time taken: 0.025 seconds
2024-05-01T09:23:49,481  INFO [HiveServer2-Background-Pool: Thread-257] common.LogUtils: Unregistered logging context.
2024-05-01T09:23:49,483  INFO [8d9f59fa-e115-4768-96a8-51037ea11443 main] operation.OperationManager: Closing operation: OperationHandle [opType=EXECUTE_STATEMENT, getHandleIdentifier()=2e474c43-95dc-43ef-ba5c-b1e3f7b305d9]
2024-05-01T09:23:49,483  INFO [8d9f59fa-e115-4768-96a8-51037ea11443 main] operation.OperationManager: Removed queryId: alex_20240501092349_d8e91194-192c-4285-87b7-6e1930f2f727 corresponding to operation: OperationHandle [opType=EXECUTE_STATEMENT, getHandleIdentifier()=2e474c43-95dc-43ef-ba5c-b1e3f7b305d9] with tag: null
2024-05-01T09:23:49,483  INFO [8d9f59fa-e115-4768-96a8-51037ea11443 main] ql.Context: Deleting scratch dir: file:/home/alex/Repositories/hive/beeline/target/tmp/alex/8d9f59fa-e115-4768-96a8-51037ea11443/hive_2024-05-01_09-23-49_447_6907203291464956527-1
2024-05-01T09:23:49,483  INFO [8d9f59fa-e115-4768-96a8-51037ea11443 main] cleanup.EventualCleanupService: Delete file:/home/alex/Repositories/hive/beeline/target/tmp/alex/8d9f59fa-e115-4768-96a8-51037ea11443/hive_2024-05-01_09-23-49_447_6907203291464956527-1 operation was queued
2024-05-01T09:23:49,484  INFO [8d9f59fa-e115-4768-96a8-51037ea11443 main] exec.ListSinkOperator: Closing Operator: LIST_SINK[0]
2024-05-01T09:23:49,484  INFO [8d9f59fa-e115-4768-96a8-51037ea11443 main] exec.ListSinkOperator: RECORDS_OUT_INTERMEDIATE:0, RECORDS_OUT_OPERATOR_LIST_SINK_0:0, 
2024-05-01T09:23:49,484  INFO [8d9f59fa-e115-4768-96a8-51037ea11443 main] operation.SQLOperation: Closing operation log /home/alex/Repositories/hive/beeline/target/tmp/alex/operation_logs/8d9f59fa-e115-4768-96a8-51037ea11443/alex_20240501092349_d8e91194-192c-4285-87b7-6e1930f2f727 without delay
2024-05-01T09:23:49,484  INFO [EventualCleanupService thread 0] cleanup.EventualCleanupService: Deleted file:/home/alex/Repositories/hive/beeline/target/tmp/alex/8d9f59fa-e115-4768-96a8-51037ea11443/hive_2024-05-01_09-23-49_447_6907203291464956527-1
2024-05-01T09:23:49,484  INFO [main] service.CompositeService: Session closed, SessionHandle [8d9f59fa-e115-4768-96a8-51037ea11443], current sessions:0
2024-05-01T09:23:49,484  INFO [8d9f59fa-e115-4768-96a8-51037ea11443 main] session.HiveSessionImpl: Operation log session directory is deleted: /home/alex/Repositories/hive/beeline/target/tmp/alex/operation_logs/8d9f59fa-e115-4768-96a8-51037ea11443
2024-05-01T09:23:49,485  INFO [main] cleanup.EventualCleanupService: Delete /tmp/hive/alex/8d9f59fa-e115-4768-96a8-51037ea11443 operation was queued
2024-05-01T09:23:49,485  INFO [main] cleanup.EventualCleanupService: Delete /home/alex/Repositories/hive/beeline/target/tmp/alex/8d9f59fa-e115-4768-96a8-51037ea11443 operation was queued
2024-05-01T09:23:49,486  INFO [EventualCleanupService thread 1] cleanup.EventualCleanupService: Deleted /tmp/hive/alex/8d9f59fa-e115-4768-96a8-51037ea11443
2024-05-01T09:23:49,486  INFO [EventualCleanupService thread 2] cleanup.EventualCleanupService: Deleted /home/alex/Repositories/hive/beeline/target/tmp/alex/8d9f59fa-e115-4768-96a8-51037ea11443
2024-05-01T09:23:49,486  INFO [main] HiveMetaStore.audit: ugi=alex	ip=unknown-ip-addr	cmd=Cleaning up thread local RawStore...	
2024-05-01T09:23:49,486  INFO [main] metastore.ObjectStore: RawStore: org.apache.hadoop.hive.metastore.ObjectStore@72001c71, with PersistenceManager: org.datanucleus.api.jdo.JDOPersistenceManager@e7b0bec will be shutdown
2024-05-01T09:23:49,486  INFO [main] HiveMetaStore.audit: ugi=alex	ip=unknown-ip-addr	cmd=Done cleaning up thread local RawStore	
2024-05-01T09:23:49,487  INFO [main] metastore.HiveMetaStoreClient: Closed a connection to metastore, current connections: -14
2024-05-01T09:23:49,487 ERROR [main] cli.TestHiveCli: Failed due to the error:Connecting to jdbc:hive2://
Hive Session ID = 0335cd43-4ae0-4a60-844b-34079b6196a3
ivysettings.xml file not found in HIVE_HOME or HIVE_CONF_DIR,/home/alex/Repositories/hive/conf/ivysettings.xml will be used
ivysettings.xml file not found in HIVE_HOME or HIVE_CONF_DIR,/home/alex/Repositories/hive/conf/ivysettings.xml will be used
Connected to: Apache Hive (version 4.0.0-SNAPSHOT)
Error: Couldn't load manifest attributes. (state=,code=0)
Transaction isolation: TRANSACTION_REPEATABLE_READ
INFO  : Compiling command(queryId=alex_20240501092349_310545bc-96c0-474f-8f8a-ad7c1daac719): use test
INFO  : Semantic Analysis Completed (retrial = false)
INFO  : Created Hive schema: Schema(fieldSchemas:null, properties:null)
INFO  : Completed compiling command(queryId=alex_20240501092349_310545bc-96c0-474f-8f8a-ad7c1daac719); Time taken: 0.009 seconds
INFO  : Concurrency mode is disabled, not creating a lock manager
INFO  : Executing command(queryId=alex_20240501092349_310545bc-96c0-474f-8f8a-ad7c1daac719): use test
INFO  : Starting task [Stage-0:DDL] in serial mode
DEBUG : Task getting executed using mapred tag : alex_20240501092349_310545bc-96c0-474f-8f8a-ad7c1daac719,userid=null
INFO  : Completed executing command(queryId=alex_20240501092349_310545bc-96c0-474f-8f8a-ad7c1daac719); Time taken: 0.011 seconds
DEBUG : Shutting down query use test
Error: Failed to wait for operation to complete (state=08S01,code=0)
INFO  : Compiling command(queryId=alex_20240501092349_d8e91194-192c-4285-87b7-6e1930f2f727): show tables
INFO  : Semantic Analysis Completed (retrial = false)
INFO  : Created Hive schema: Schema(fieldSchemas:[FieldSchema(name:tab_name, type:string, comment:from deserializer)], properties:null)
INFO  : Completed compiling command(queryId=alex_20240501092349_d8e91194-192c-4285-87b7-6e1930f2f727); Time taken: 0.007 seconds
INFO  : Concurrency mode is disabled, not creating a lock manager
INFO  : Executing command(queryId=alex_20240501092349_d8e91194-192c-4285-87b7-6e1930f2f727): show tables
INFO  : Starting task [Stage-0:DDL] in serial mode
DEBUG : Task getting executed using mapred tag : alex_20240501092349_d8e91194-192c-4285-87b7-6e1930f2f727,userid=null
INFO  : Completed executing command(queryId=alex_20240501092349_d8e91194-192c-4285-87b7-6e1930f2f727); Time taken: 0.025 seconds
DEBUG : Shutting down query show tables
Error: Failed to wait for operation to complete (state=08S01,code=0)
Closing: 0: jdbc:hive2://

]]></system-err>
  </testcase>
  <testcase name="testCommentStripping" classname="org.apache.hive.beeline.cli.TestHiveCli" time="0.278"/>
  <testcase name="testUseCurrentDB1" classname="org.apache.hive.beeline.cli.TestHiveCli" time="0.256">
    <failure type="java.lang.AssertionError"><![CDATA[java.lang.AssertionError: 
The expected keyword "hive (testDB)>" occur in the output: Connecting to jdbc:hive2://
Hive Session ID = 325a2408-46e4-4682-a20f-e79a79ba19d3
ivysettings.xml file not found in HIVE_HOME or HIVE_CONF_DIR,/home/alex/Repositories/hive/conf/ivysettings.xml will be used
ivysettings.xml file not found in HIVE_HOME or HIVE_CONF_DIR,/home/alex/Repositories/hive/conf/ivysettings.xml will be used
Connected to: Apache Hive (version 4.0.0-SNAPSHOT)
Error: Couldn't load manifest attributes. (state=,code=0)
Transaction isolation: TRANSACTION_REPEATABLE_READ
Beeline version ??? by Apache Hive
hive> create database if not exists testDB; set hive.cli.print.current.db=true;use testDB;
INFO  : Compiling command(queryId=alex_20240501092349_9e79d870-782c-4179-8bbe-b43ccd721cd4): create database if not exists testDB
INFO  : Semantic Analysis Completed (retrial = false)
INFO  : Created Hive schema: Schema(fieldSchemas:null, properties:null)
INFO  : Completed compiling command(queryId=alex_20240501092349_9e79d870-782c-4179-8bbe-b43ccd721cd4); Time taken: 0.008 seconds
INFO  : Concurrency mode is disabled, not creating a lock manager
INFO  : Executing command(queryId=alex_20240501092349_9e79d870-782c-4179-8bbe-b43ccd721cd4): create database if not exists testDB
INFO  : Starting task [Stage-0:DDL] in serial mode
DEBUG : Task getting executed using mapred tag : alex_20240501092349_9e79d870-782c-4179-8bbe-b43ccd721cd4,userid=null
INFO  : Completed executing command(queryId=alex_20240501092349_9e79d870-782c-4179-8bbe-b43ccd721cd4); Time taken: 0.016 seconds
DEBUG : Shutting down query create database if not exists testDB
Error: Failed to wait for operation to complete (state=08S01,code=0)
hive> use default;drop if exists testDB;
INFO  : Compiling command(queryId=alex_20240501092349_a9b71b93-5324-4a93-b921-0e8386b6e45e): use default
INFO  : Semantic Analysis Completed (retrial = false)
INFO  : Created Hive schema: Schema(fieldSchemas:null, properties:null)
INFO  : Completed compiling command(queryId=alex_20240501092349_a9b71b93-5324-4a93-b921-0e8386b6e45e); Time taken: 0.003 seconds
INFO  : Concurrency mode is disabled, not creating a lock manager
INFO  : Executing command(queryId=alex_20240501092349_a9b71b93-5324-4a93-b921-0e8386b6e45e): use default
INFO  : Starting task [Stage-0:DDL] in serial mode
DEBUG : Task getting executed using mapred tag : alex_20240501092349_a9b71b93-5324-4a93-b921-0e8386b6e45e,userid=null
INFO  : Completed executing command(queryId=alex_20240501092349_a9b71b93-5324-4a93-b921-0e8386b6e45e); Time taken: 0.006 seconds
DEBUG : Shutting down query use default
Error: Failed to wait for operation to complete (state=08S01,code=0)
hive> Closing: 0: jdbc:hive2://

	at org.junit.Assert.fail(Assert.java:89)
	at org.junit.Assert.assertTrue(Assert.java:42)
	at org.apache.hive.beeline.cli.TestHiveCli.verifyCMD(TestHiveCli.java:270)
	at org.apache.hive.beeline.cli.TestHiveCli.testUseCurrentDB1(TestHiveCli.java:212)
	at sun.reflect.NativeMethodAccessorImpl.invoke0(Native Method)
	at sun.reflect.NativeMethodAccessorImpl.invoke(NativeMethodAccessorImpl.java:62)
	at sun.reflect.DelegatingMethodAccessorImpl.invoke(DelegatingMethodAccessorImpl.java:43)
	at java.lang.reflect.Method.invoke(Method.java:498)
	at org.junit.runners.model.FrameworkMethod$1.runReflectiveCall(FrameworkMethod.java:59)
	at org.junit.internal.runners.model.ReflectiveCallable.run(ReflectiveCallable.java:12)
	at org.junit.runners.model.FrameworkMethod.invokeExplosively(FrameworkMethod.java:56)
	at org.junit.internal.runners.statements.InvokeMethod.evaluate(InvokeMethod.java:17)
	at org.junit.internal.runners.statements.RunBefores.evaluate(RunBefores.java:26)
	at org.junit.internal.runners.statements.RunAfters.evaluate(RunAfters.java:27)
	at org.junit.runners.ParentRunner$3.evaluate(ParentRunner.java:306)
	at org.junit.runners.BlockJUnit4ClassRunner$1.evaluate(BlockJUnit4ClassRunner.java:100)
	at org.junit.runners.ParentRunner.runLeaf(ParentRunner.java:366)
	at org.junit.runners.BlockJUnit4ClassRunner.runChild(BlockJUnit4ClassRunner.java:103)
	at org.junit.runners.BlockJUnit4ClassRunner.runChild(BlockJUnit4ClassRunner.java:63)
	at org.junit.runners.ParentRunner$4.run(ParentRunner.java:331)
	at org.junit.runners.ParentRunner$1.schedule(ParentRunner.java:79)
	at org.junit.runners.ParentRunner.runChildren(ParentRunner.java:329)
	at org.junit.runners.ParentRunner.access$100(ParentRunner.java:66)
	at org.junit.runners.ParentRunner$2.evaluate(ParentRunner.java:293)
	at org.junit.internal.runners.statements.RunBefores.evaluate(RunBefores.java:26)
	at org.junit.runners.ParentRunner$3.evaluate(ParentRunner.java:306)
	at org.junit.runners.ParentRunner.run(ParentRunner.java:413)
	at org.junit.runner.JUnitCore.run(JUnitCore.java:137)
	at org.junit.runner.JUnitCore.run(JUnitCore.java:115)
	at org.junit.vintage.engine.execution.RunnerExecutor.execute(RunnerExecutor.java:43)
	at java.util.stream.ForEachOps$ForEachOp$OfRef.accept(ForEachOps.java:183)
	at java.util.stream.ReferencePipeline$3$1.accept(ReferencePipeline.java:193)
	at java.util.Iterator.forEachRemaining(Iterator.java:116)
	at java.util.Spliterators$IteratorSpliterator.forEachRemaining(Spliterators.java:1801)
	at java.util.stream.AbstractPipeline.copyInto(AbstractPipeline.java:482)
	at java.util.stream.AbstractPipeline.wrapAndCopyInto(AbstractPipeline.java:472)
	at java.util.stream.ForEachOps$ForEachOp.evaluateSequential(ForEachOps.java:150)
	at java.util.stream.ForEachOps$ForEachOp$OfRef.evaluateSequential(ForEachOps.java:173)
	at java.util.stream.AbstractPipeline.evaluate(AbstractPipeline.java:234)
	at java.util.stream.ReferencePipeline.forEach(ReferencePipeline.java:485)
	at org.junit.vintage.engine.VintageTestEngine.executeAllChildren(VintageTestEngine.java:82)
	at org.junit.vintage.engine.VintageTestEngine.execute(VintageTestEngine.java:73)
	at org.junit.platform.launcher.core.DefaultLauncher.execute(DefaultLauncher.java:248)
	at org.junit.platform.launcher.core.DefaultLauncher.lambda$execute$5(DefaultLauncher.java:211)
	at org.junit.platform.launcher.core.DefaultLauncher.withInterceptedStreams(DefaultLauncher.java:226)
	at org.junit.platform.launcher.core.DefaultLauncher.execute(DefaultLauncher.java:199)
	at org.junit.platform.launcher.core.DefaultLauncher.execute(DefaultLauncher.java:132)
	at org.apache.maven.surefire.junitplatform.JUnitPlatformProvider.invokeAllTests(JUnitPlatformProvider.java:154)
	at org.apache.maven.surefire.junitplatform.JUnitPlatformProvider.invoke(JUnitPlatformProvider.java:123)
	at org.apache.maven.surefire.booter.ForkedBooter.runSuitesInProcess(ForkedBooter.java:377)
	at org.apache.maven.surefire.booter.ForkedBooter.execute(ForkedBooter.java:138)
	at org.apache.maven.surefire.booter.ForkedBooter.run(ForkedBooter.java:465)
	at org.apache.maven.surefire.booter.ForkedBooter.main(ForkedBooter.java:451)
]]></failure>
    <system-err><![CDATA[2024-05-01T09:23:49,766 ERROR [main] cli.TestHiveCli: Failed to execute command due to the error: java.lang.NullPointerException: Null output stream
2024-05-01T09:23:49,818  WARN [main] conf.HiveConf: HiveConf of name hive.dummyparam.test.server.specific.config.override does not exist
2024-05-01T09:23:49,818  WARN [main] conf.HiveConf: HiveConf of name hive.dummyparam.test.server.specific.config.hiveserver2site does not exist
2024-05-01T09:23:49,819  WARN [main] conf.HiveConf: HiveConf of name hive.dummyparam.test.server.specific.config.metastoresite does not exist
2024-05-01T09:23:49,819  INFO [main] SessionState: Hive Session ID = 325a2408-46e4-4682-a20f-e79a79ba19d3
2024-05-01T09:23:49,819  INFO [main] DependencyResolver: ivysettings.xml file not found in HIVE_HOME or HIVE_CONF_DIR,/home/alex/Repositories/hive/conf/ivysettings.xml will be used
2024-05-01T09:23:49,827  INFO [main] session.SessionState: Created HDFS directory: /tmp/hive/alex/325a2408-46e4-4682-a20f-e79a79ba19d3
2024-05-01T09:23:49,831  INFO [main] session.SessionState: Created local directory: /home/alex/Repositories/hive/beeline/target/tmp/alex/325a2408-46e4-4682-a20f-e79a79ba19d3
2024-05-01T09:23:49,834  INFO [main] session.SessionState: Created HDFS directory: /tmp/hive/alex/325a2408-46e4-4682-a20f-e79a79ba19d3/_tmp_space.db
2024-05-01T09:23:49,835  INFO [main] sqlstd.SQLStdHiveAccessController: Created SQLStdHiveAccessController for session context : HiveAuthzSessionContext [sessionString=325a2408-46e4-4682-a20f-e79a79ba19d3, clientType=HIVESERVER2]
2024-05-01T09:23:49,836  INFO [main] metastore.HiveMetaStoreClient: HMS client filtering is enabled.
2024-05-01T09:23:49,836  INFO [main] metastore.HMSHandler: 0: Opening raw store with implementation class:org.apache.hadoop.hive.metastore.ObjectStore
2024-05-01T09:23:49,836  INFO [main] metastore.PersistenceManagerProvider: Configuration datanucleus.autoStartMechanismMode is not set. Defaulting to 'ignored'
2024-05-01T09:23:49,837  INFO [main] metastore.ObjectStore: RawStore: org.apache.hadoop.hive.metastore.ObjectStore@534d0e20, with PersistenceManager: null will be shutdown
2024-05-01T09:23:49,837  INFO [main] metastore.ObjectStore: RawStore: org.apache.hadoop.hive.metastore.ObjectStore@534d0e20, with PersistenceManager: org.datanucleus.api.jdo.JDOPersistenceManager@7d18338b created in the thread with id: 1
2024-05-01T09:23:49,840  INFO [main] metastore.HMSHandler: Created RawStore: org.apache.hadoop.hive.metastore.ObjectStore@534d0e20 from thread id: 1
2024-05-01T09:23:49,840  INFO [main] metastore.HMSHandler: HMS server filtering is disabled by configuration
2024-05-01T09:23:49,840  INFO [main] metastore.RetryingMetaStoreClient: RetryingMetaStoreClient proxy=class org.apache.hadoop.hive.ql.metadata.SessionHiveMetaStoreClient ugi=alex (auth:SIMPLE) retries=1 delay=1 lifetime=0
2024-05-01T09:23:49,841  INFO [main] service.CompositeService: Operation log root directory is created: /home/alex/Repositories/hive/beeline/target/tmp/alex/operation_logs
2024-05-01T09:23:49,841  INFO [main] service.CompositeService: HiveServer2: Background operation thread pool size: 100
2024-05-01T09:23:49,841  INFO [main] service.CompositeService: HiveServer2: Background operation thread wait queue size: 100
2024-05-01T09:23:49,841  INFO [main] service.CompositeService: HiveServer2: Background operation thread keepalive time: 10 seconds
2024-05-01T09:23:49,841  INFO [main] service.CompositeService: Connections limit are user: 0 ipaddress: 0 user-ipaddress: 0
2024-05-01T09:23:49,843  INFO [main] cleanup.EventualCleanupService: EventualCleanupService started with 10 threads and queue of size 10000
ERROR StatusLogger Log4j2 ConfigurationScheduler attempted to increment scheduled items after start
ERROR StatusLogger Log4j2 ConfigurationScheduler attempted to increment scheduled items after start
2024-05-01T09:23:49,844  INFO [main] service.AbstractService: Service:OperationManager is inited.
2024-05-01T09:23:49,844  INFO [main] service.AbstractService: Service:SessionManager is inited.
2024-05-01T09:23:49,844  INFO [main] service.AbstractService: Service:CLIService is inited.
2024-05-01T09:23:49,844  INFO [main] service.AbstractService: Service:OperationManager is started.
2024-05-01T09:23:49,844  INFO [main] service.AbstractService: Service:SessionManager is started.
2024-05-01T09:23:49,844  INFO [main] service.AbstractService: Service:CLIService is started.
2024-05-01T09:23:49,845  INFO [main] service.AbstractService: Service:ThriftBinaryCLIService is inited.
2024-05-01T09:23:49,845  INFO [main] thrift.ThriftCLIService: Client protocol version: HIVE_CLI_SERVICE_PROTOCOL_V10
2024-05-01T09:23:49,845  INFO [main] thrift.ThriftCLIService: Creating Hive session handle for user [null] from IP null
2024-05-01T09:23:49,846  INFO [main] DependencyResolver: ivysettings.xml file not found in HIVE_HOME or HIVE_CONF_DIR,/home/alex/Repositories/hive/conf/ivysettings.xml will be used
2024-05-01T09:23:49,855  INFO [main] session.SessionState: Created HDFS directory: /tmp/hive/alex/bb282f46-ad95-4829-8c74-1983a8423930
2024-05-01T09:23:49,859  INFO [main] session.SessionState: Created local directory: /home/alex/Repositories/hive/beeline/target/tmp/alex/bb282f46-ad95-4829-8c74-1983a8423930
2024-05-01T09:23:49,864  INFO [main] session.SessionState: Created HDFS directory: /tmp/hive/alex/bb282f46-ad95-4829-8c74-1983a8423930/_tmp_space.db
2024-05-01T09:23:49,865  INFO [main] session.SessionState: Reloading auxiliary JAR files
2024-05-01T09:23:49,865  WARN [main] session.SessionState: Configuration hive.reloadable.aux.jars.path not specified
2024-05-01T09:23:49,866  INFO [main] HiveMetaStore.audit: ugi=alex	ip=unknown-ip-addr	cmd=Cleaning up thread local RawStore...	
2024-05-01T09:23:49,866  INFO [main] metastore.ObjectStore: RawStore: org.apache.hadoop.hive.metastore.ObjectStore@534d0e20, with PersistenceManager: org.datanucleus.api.jdo.JDOPersistenceManager@7d18338b will be shutdown
2024-05-01T09:23:49,866  INFO [main] HiveMetaStore.audit: ugi=alex	ip=unknown-ip-addr	cmd=Done cleaning up thread local RawStore	
2024-05-01T09:23:49,866  INFO [main] metastore.HiveMetaStoreClient: Closed a connection to metastore, current connections: -16
2024-05-01T09:23:49,866  INFO [main] session.HiveSessionImpl: Operation log session directory is created: /home/alex/Repositories/hive/beeline/target/tmp/alex/operation_logs/bb282f46-ad95-4829-8c74-1983a8423930
2024-05-01T09:23:49,866  INFO [main] service.CompositeService: Session opened, SessionHandle [bb282f46-ad95-4829-8c74-1983a8423930], current sessions:1
2024-05-01T09:23:49,867  INFO [main] thrift.ThriftCLIService: Login attempt is successful for user : null
2024-05-01T09:23:49,929  WARN [main] conf.HiveConf: HiveConf of name hive.dummyparam.test.server.specific.config.override does not exist
2024-05-01T09:23:49,930  WARN [main] conf.HiveConf: HiveConf of name hive.dummyparam.test.server.specific.config.hiveserver2site does not exist
2024-05-01T09:23:49,930  WARN [main] conf.HiveConf: HiveConf of name hive.dummyparam.test.server.specific.config.metastoresite does not exist
2024-05-01T09:23:49,930  INFO [bb282f46-ad95-4829-8c74-1983a8423930 main] session.HiveSessionImpl: executing set
2024-05-01T09:23:49,931  INFO [bb282f46-ad95-4829-8c74-1983a8423930 main] operation.HiveCommandOperation: Putting temp output to file /home/alex/Repositories/hive/beeline/target/tmp/alex/bb282f46-ad95-4829-8c74-1983a84239307963175633570340604.pipeout and error output to file /home/alex/Repositories/hive/beeline/target/tmp/alex/bb282f46-ad95-4829-8c74-1983a84239308532699357291407140.pipeout
2024-05-01T09:23:49,932  INFO [bb282f46-ad95-4829-8c74-1983a8423930 main] operation.OperationManager: Adding operation: OperationHandle [opType=EXECUTE_STATEMENT, getHandleIdentifier()=3b9e790f-7745-489e-8f2d-3b9768ee463d] SessionHandle [bb282f46-ad95-4829-8c74-1983a8423930]
2024-05-01T09:23:49,932  INFO [bb282f46-ad95-4829-8c74-1983a8423930 main] common.LogUtils: Thread context registration is done.
DEBUG StatusLogger Building Plugin[name=filter, class=org.apache.hadoop.hive.ql.log.LogDivertAppender$NameFilter].
DEBUG StatusLogger createFilter(loggingLevel="EXECUTION")
DEBUG StatusLogger Building Plugin[name=layout, class=org.apache.logging.log4j.core.layout.PatternLayout].
DEBUG StatusLogger PatternLayout$Builder(pattern="%-5p : %m%n", PatternSelector=null, Configuration(HiveLog4j2Test), Replace=null, charset="null", alwaysWriteExceptions="null", disableAnsi="null", noConsoleNoAnsi="null", header="null", footer="null")
DEBUG StatusLogger Building Plugin[name=appender, class=org.apache.hadoop.hive.ql.log.HushableRandomAccessFileAppender].
DEBUG StatusLogger createAppender(fileName="/home/alex/Repositories/hive/beeline/target/tmp/alex/operation_logs/bb282f46-ad95-4829-8c74-1983a8423930/alex_20240501092349_70110a1d-8235-47a8-9fdb-4465cf430e02", append="null", name="query-file-appender", immediateFlush="null", bufferSize="null", ignoreExceptions="null", PatternLayout(org.apache.logging.log4j.core.layout.PatternLayout with name PatternLayout), NameFilter(org.apache.hadoop.hive.ql.log.LogDivertAppender$NameFilter with name NameFilter), advertise="null", advertiseURI="null", Configuration(HiveLog4j2Test))
DEBUG StatusLogger Starting RandomAccessFileManager /home/alex/Repositories/hive/beeline/target/tmp/alex/operation_logs/bb282f46-ad95-4829-8c74-1983a8423930/alex_20240501092349_70110a1d-8235-47a8-9fdb-4465cf430e02
DEBUG StatusLogger Building Plugin[name=, class=org.apache.hadoop.hive.ql.log.LogDivertAppenderForTest$TestFilter].
DEBUG StatusLogger createFilter()
DEBUG StatusLogger Building Plugin[name=, class=org.apache.logging.log4j.core.layout.PatternLayout].
DEBUG StatusLogger PatternLayout$Builder(pattern="%-5p : %m%n", PatternSelector=null, Configuration(HiveLog4j2Test), Replace=null, charset="null", alwaysWriteExceptions="null", disableAnsi="null", noConsoleNoAnsi="null", header="null", footer="null")
DEBUG StatusLogger Building Plugin[name=appender, class=org.apache.hadoop.hive.ql.log.HushableRandomAccessFileAppender].
DEBUG StatusLogger createAppender(fileName="/home/alex/Repositories/hive/beeline/target/tmp/alex/operation_logs/bb282f46-ad95-4829-8c74-1983a8423930/alex_20240501092349_70110a1d-8235-47a8-9fdb-4465cf430e02.test", append="null", name="test-query-file-appender", immediateFlush="null", bufferSize="null", ignoreExceptions="null", PatternLayout(org.apache.logging.log4j.core.layout.PatternLayout with name PatternLayout), test-filter(org.apache.hadoop.hive.ql.log.LogDivertAppenderForTest$TestFilter with name test-filter), advertise="null", advertiseURI="null", Configuration(HiveLog4j2Test))
DEBUG StatusLogger Starting RandomAccessFileManager /home/alex/Repositories/hive/beeline/target/tmp/alex/operation_logs/bb282f46-ad95-4829-8c74-1983a8423930/alex_20240501092349_70110a1d-8235-47a8-9fdb-4465cf430e02.test
2024-05-01T09:23:49,936  INFO [bb282f46-ad95-4829-8c74-1983a8423930 main] operation.HiveCommandOperation: [opType=EXECUTE_STATEMENT, queryId=alex_20240501092349_70110a1d-8235-47a8-9fdb-4465cf430e02, startTime=1714580629931, sessionId=bb282f46-ad95-4829-8c74-1983a8423930, createTime=1714580629845, userName=null, ipAddress=null]
2024-05-01T09:23:49,945  INFO [bb282f46-ad95-4829-8c74-1983a8423930 main] common.LogUtils: Unregistered logging context.
2024-05-01T09:23:49,947  INFO [bb282f46-ad95-4829-8c74-1983a8423930 main] operation.OperationManager: Closing operation: OperationHandle [opType=EXECUTE_STATEMENT, getHandleIdentifier()=3b9e790f-7745-489e-8f2d-3b9768ee463d]
2024-05-01T09:23:49,948  INFO [bb282f46-ad95-4829-8c74-1983a8423930 main] operation.OperationManager: Removed queryId: alex_20240501092349_70110a1d-8235-47a8-9fdb-4465cf430e02 corresponding to operation: OperationHandle [opType=EXECUTE_STATEMENT, getHandleIdentifier()=3b9e790f-7745-489e-8f2d-3b9768ee463d] with tag: null
2024-05-01T09:23:49,948  INFO [bb282f46-ad95-4829-8c74-1983a8423930 main] operation.HiveCommandOperation: Closing operation log /home/alex/Repositories/hive/beeline/target/tmp/alex/operation_logs/bb282f46-ad95-4829-8c74-1983a8423930/alex_20240501092349_70110a1d-8235-47a8-9fdb-4465cf430e02 without delay
2024-05-01T09:23:49,956  INFO [bb282f46-ad95-4829-8c74-1983a8423930 main] session.HiveSessionImpl: executing create database if not exists testDB
2024-05-01T09:23:49,957  INFO [bb282f46-ad95-4829-8c74-1983a8423930 main] operation.OperationManager: Adding operation: OperationHandle [opType=EXECUTE_STATEMENT, getHandleIdentifier()=9b14b9f6-a20b-4f17-9b7e-48587cc6e503] SessionHandle [bb282f46-ad95-4829-8c74-1983a8423930]
2024-05-01T09:23:49,957  INFO [bb282f46-ad95-4829-8c74-1983a8423930 main] common.LogUtils: Thread context registration is done.
DEBUG StatusLogger Building Plugin[name=filter, class=org.apache.hadoop.hive.ql.log.LogDivertAppender$NameFilter].
DEBUG StatusLogger createFilter(loggingLevel="EXECUTION")
DEBUG StatusLogger Building Plugin[name=layout, class=org.apache.logging.log4j.core.layout.PatternLayout].
DEBUG StatusLogger PatternLayout$Builder(pattern="%-5p : %m%n", PatternSelector=null, Configuration(HiveLog4j2Test), Replace=null, charset="null", alwaysWriteExceptions="null", disableAnsi="null", noConsoleNoAnsi="null", header="null", footer="null")
DEBUG StatusLogger Building Plugin[name=appender, class=org.apache.hadoop.hive.ql.log.HushableRandomAccessFileAppender].
DEBUG StatusLogger createAppender(fileName="/home/alex/Repositories/hive/beeline/target/tmp/alex/operation_logs/bb282f46-ad95-4829-8c74-1983a8423930/alex_20240501092349_9e79d870-782c-4179-8bbe-b43ccd721cd4", append="null", name="query-file-appender", immediateFlush="null", bufferSize="null", ignoreExceptions="null", PatternLayout(org.apache.logging.log4j.core.layout.PatternLayout with name PatternLayout), NameFilter(org.apache.hadoop.hive.ql.log.LogDivertAppender$NameFilter with name NameFilter), advertise="null", advertiseURI="null", Configuration(HiveLog4j2Test))
DEBUG StatusLogger Starting RandomAccessFileManager /home/alex/Repositories/hive/beeline/target/tmp/alex/operation_logs/bb282f46-ad95-4829-8c74-1983a8423930/alex_20240501092349_9e79d870-782c-4179-8bbe-b43ccd721cd4
DEBUG StatusLogger Building Plugin[name=, class=org.apache.hadoop.hive.ql.log.LogDivertAppenderForTest$TestFilter].
DEBUG StatusLogger createFilter()
DEBUG StatusLogger Building Plugin[name=, class=org.apache.logging.log4j.core.layout.PatternLayout].
DEBUG StatusLogger PatternLayout$Builder(pattern="%-5p : %m%n", PatternSelector=null, Configuration(HiveLog4j2Test), Replace=null, charset="null", alwaysWriteExceptions="null", disableAnsi="null", noConsoleNoAnsi="null", header="null", footer="null")
DEBUG StatusLogger Building Plugin[name=appender, class=org.apache.hadoop.hive.ql.log.HushableRandomAccessFileAppender].
DEBUG StatusLogger createAppender(fileName="/home/alex/Repositories/hive/beeline/target/tmp/alex/operation_logs/bb282f46-ad95-4829-8c74-1983a8423930/alex_20240501092349_9e79d870-782c-4179-8bbe-b43ccd721cd4.test", append="null", name="test-query-file-appender", immediateFlush="null", bufferSize="null", ignoreExceptions="null", PatternLayout(org.apache.logging.log4j.core.layout.PatternLayout with name PatternLayout), test-filter(org.apache.hadoop.hive.ql.log.LogDivertAppenderForTest$TestFilter with name test-filter), advertise="null", advertiseURI="null", Configuration(HiveLog4j2Test))
DEBUG StatusLogger Starting RandomAccessFileManager /home/alex/Repositories/hive/beeline/target/tmp/alex/operation_logs/bb282f46-ad95-4829-8c74-1983a8423930/alex_20240501092349_9e79d870-782c-4179-8bbe-b43ccd721cd4.test
2024-05-01T09:23:49,962  INFO [bb282f46-ad95-4829-8c74-1983a8423930 main] operation.SQLOperation: [opType=EXECUTE_STATEMENT, queryId=alex_20240501092349_9e79d870-782c-4179-8bbe-b43ccd721cd4, startTime=1714580629957, sessionId=bb282f46-ad95-4829-8c74-1983a8423930, createTime=1714580629845, userName=null, ipAddress=null]
2024-05-01T09:23:49,963  INFO [bb282f46-ad95-4829-8c74-1983a8423930 main] ql.Driver: Compiling command(queryId=alex_20240501092349_9e79d870-782c-4179-8bbe-b43ccd721cd4): create database if not exists testDB
2024-05-01T09:23:49,965  INFO [bb282f46-ad95-4829-8c74-1983a8423930 main] metastore.HiveMetaStoreClient: HMS client filtering is enabled.
2024-05-01T09:23:49,966  INFO [bb282f46-ad95-4829-8c74-1983a8423930 main] metastore.HMSHandler: 0: Opening raw store with implementation class:org.apache.hadoop.hive.metastore.ObjectStore
2024-05-01T09:23:49,966  INFO [bb282f46-ad95-4829-8c74-1983a8423930 main] metastore.PersistenceManagerProvider: Configuration datanucleus.autoStartMechanismMode is not set. Defaulting to 'ignored'
2024-05-01T09:23:49,966  INFO [bb282f46-ad95-4829-8c74-1983a8423930 main] metastore.ObjectStore: RawStore: org.apache.hadoop.hive.metastore.ObjectStore@1f6c4ae, with PersistenceManager: null will be shutdown
2024-05-01T09:23:49,967  INFO [bb282f46-ad95-4829-8c74-1983a8423930 main] metastore.ObjectStore: RawStore: org.apache.hadoop.hive.metastore.ObjectStore@1f6c4ae, with PersistenceManager: org.datanucleus.api.jdo.JDOPersistenceManager@26270b77 created in the thread with id: 1
2024-05-01T09:23:49,970  INFO [bb282f46-ad95-4829-8c74-1983a8423930 main] metastore.HMSHandler: Created RawStore: org.apache.hadoop.hive.metastore.ObjectStore@1f6c4ae from thread id: 1
2024-05-01T09:23:49,970  INFO [bb282f46-ad95-4829-8c74-1983a8423930 main] metastore.HMSHandler: HMS server filtering is disabled by configuration
2024-05-01T09:23:49,970  INFO [bb282f46-ad95-4829-8c74-1983a8423930 main] metastore.RetryingMetaStoreClient: RetryingMetaStoreClient proxy=class org.apache.hadoop.hive.ql.metadata.SessionHiveMetaStoreClient ugi=alex (auth:SIMPLE) retries=1 delay=1 lifetime=0
2024-05-01T09:23:49,971  INFO [bb282f46-ad95-4829-8c74-1983a8423930 main] ql.Driver: Semantic Analysis Completed (retrial = false)
2024-05-01T09:23:49,971  INFO [bb282f46-ad95-4829-8c74-1983a8423930 main] ql.Driver: Created Hive schema: Schema(fieldSchemas:null, properties:null)
2024-05-01T09:23:49,971  INFO [bb282f46-ad95-4829-8c74-1983a8423930 main] metadata.Hive: Dumping metastore api call timing information for : compilation phase
2024-05-01T09:23:49,971  INFO [bb282f46-ad95-4829-8c74-1983a8423930 main] metadata.Hive: Total time spent in each metastore function (ms): {isCompatibleWith_(Configuration)=0, flushCache_()=0}
2024-05-01T09:23:49,971  INFO [bb282f46-ad95-4829-8c74-1983a8423930 main] ql.Driver: Completed compiling command(queryId=alex_20240501092349_9e79d870-782c-4179-8bbe-b43ccd721cd4); Time taken: 0.008 seconds
2024-05-01T09:23:49,971  INFO [bb282f46-ad95-4829-8c74-1983a8423930 main] common.LogUtils: Unregistered logging context.
2024-05-01T09:23:49,972  INFO [HiveServer2-Background-Pool: Thread-304] common.LogUtils: Thread context registration is done.
2024-05-01T09:23:49,972  INFO [HiveServer2-Background-Pool: Thread-304] reexec.ReExecDriver: Execution #1 of query
2024-05-01T09:23:49,972  INFO [HiveServer2-Background-Pool: Thread-304] ql.Driver: Concurrency mode is disabled, not creating a lock manager
2024-05-01T09:23:49,973  INFO [HiveServer2-Background-Pool: Thread-304] ql.Driver: Executing command(queryId=alex_20240501092349_9e79d870-782c-4179-8bbe-b43ccd721cd4): create database if not exists testDB
2024-05-01T09:23:49,973  INFO [HiveServer2-Background-Pool: Thread-304] ql.Driver: Starting task [Stage-0:DDL] in serial mode
2024-05-01T09:23:49,974  INFO [HiveServer2-Background-Pool: Thread-304] sqlstd.SQLStdHiveAccessController: Created SQLStdHiveAccessController for session context : HiveAuthzSessionContext [sessionString=bb282f46-ad95-4829-8c74-1983a8423930, clientType=HIVESERVER2]
2024-05-01T09:23:49,974  WARN [HiveServer2-Background-Pool: Thread-304] exec.DDLTask: metastore.warehouse.external.dir is not set, falling back to metastore.warehouse.dir. This could cause external tables to use to managed tablespace.
2024-05-01T09:23:49,975  INFO [HiveServer2-Background-Pool: Thread-304] HiveMetaStore.audit: ugi=alex	ip=unknown-ip-addr	cmd=create_database: Database(name:testDB, description:null, locationUri:file:/home/alex/Repositories/hive/beeline/target/tmp/warehouse/testdb.db, parameters:null, ownerName:alex, ownerType:USER, catalogName:hive, type:NATIVE)	
2024-05-01T09:23:49,975  INFO [HiveServer2-Background-Pool: Thread-304] metastore.HMSHandler: 14: Opening raw store with implementation class:org.apache.hadoop.hive.metastore.ObjectStore
2024-05-01T09:23:49,976  INFO [HiveServer2-Background-Pool: Thread-304] metastore.ObjectStore: RawStore: org.apache.hadoop.hive.metastore.ObjectStore@790a7e06, with PersistenceManager: null will be shutdown
2024-05-01T09:23:49,976  INFO [HiveServer2-Background-Pool: Thread-304] metastore.ObjectStore: RawStore: org.apache.hadoop.hive.metastore.ObjectStore@790a7e06, with PersistenceManager: org.datanucleus.api.jdo.JDOPersistenceManager@3c08ff43 created in the thread with id: 304
2024-05-01T09:23:49,980  INFO [HiveServer2-Background-Pool: Thread-304] metastore.HMSHandler: Created RawStore: org.apache.hadoop.hive.metastore.ObjectStore@790a7e06 from thread id: 304
2024-05-01T09:23:49,983  INFO [HiveServer2-Background-Pool: Thread-304] metastore.HMSHandler: Creating database path in external directory file:/home/alex/Repositories/hive/beeline/target/tmp/warehouse/testdb.db
2024-05-01T09:23:49,983  INFO [HiveServer2-Background-Pool: Thread-304] utils.FileUtils: Creating directory if it doesn't exist: file:/home/alex/Repositories/hive/beeline/target/tmp/warehouse/testdb.db
2024-05-01T09:23:49,986  INFO [HiveServer2-Background-Pool: Thread-304] metastore.HMSHandler: Created database path in external directory file:/home/alex/Repositories/hive/beeline/target/tmp/warehouse/testdb.db
2024-05-01T09:23:49,989  INFO [HiveServer2-Background-Pool: Thread-304] metadata.Hive: Dumping metastore api call timing information for : execution phase
2024-05-01T09:23:49,989  INFO [HiveServer2-Background-Pool: Thread-304] metadata.Hive: Total time spent in each metastore function (ms): {isCompatibleWith_(Configuration)=0, createDatabase_(Database)=15}
2024-05-01T09:23:49,989  INFO [HiveServer2-Background-Pool: Thread-304] ql.Driver: Completed executing command(queryId=alex_20240501092349_9e79d870-782c-4179-8bbe-b43ccd721cd4); Time taken: 0.016 seconds
2024-05-01T09:23:49,990  INFO [HiveServer2-Background-Pool: Thread-304] common.LogUtils: Unregistered logging context.
2024-05-01T09:23:49,992  INFO [bb282f46-ad95-4829-8c74-1983a8423930 main] operation.OperationManager: Closing operation: OperationHandle [opType=EXECUTE_STATEMENT, getHandleIdentifier()=9b14b9f6-a20b-4f17-9b7e-48587cc6e503]
2024-05-01T09:23:49,992  INFO [bb282f46-ad95-4829-8c74-1983a8423930 main] operation.OperationManager: Removed queryId: alex_20240501092349_9e79d870-782c-4179-8bbe-b43ccd721cd4 corresponding to operation: OperationHandle [opType=EXECUTE_STATEMENT, getHandleIdentifier()=9b14b9f6-a20b-4f17-9b7e-48587cc6e503] with tag: null
2024-05-01T09:23:49,992  INFO [bb282f46-ad95-4829-8c74-1983a8423930 main] operation.SQLOperation: Closing operation log /home/alex/Repositories/hive/beeline/target/tmp/alex/operation_logs/bb282f46-ad95-4829-8c74-1983a8423930/alex_20240501092349_9e79d870-782c-4179-8bbe-b43ccd721cd4 without delay
2024-05-01T09:23:49,997  INFO [bb282f46-ad95-4829-8c74-1983a8423930 main] session.HiveSessionImpl: executing use default
2024-05-01T09:23:49,998  INFO [bb282f46-ad95-4829-8c74-1983a8423930 main] operation.OperationManager: Adding operation: OperationHandle [opType=EXECUTE_STATEMENT, getHandleIdentifier()=704013ff-5298-4627-a0cd-5bcc57df13cc] SessionHandle [bb282f46-ad95-4829-8c74-1983a8423930]
2024-05-01T09:23:49,998  INFO [bb282f46-ad95-4829-8c74-1983a8423930 main] common.LogUtils: Thread context registration is done.
DEBUG StatusLogger Building Plugin[name=filter, class=org.apache.hadoop.hive.ql.log.LogDivertAppender$NameFilter].
DEBUG StatusLogger createFilter(loggingLevel="EXECUTION")
DEBUG StatusLogger Building Plugin[name=layout, class=org.apache.logging.log4j.core.layout.PatternLayout].
DEBUG StatusLogger PatternLayout$Builder(pattern="%-5p : %m%n", PatternSelector=null, Configuration(HiveLog4j2Test), Replace=null, charset="null", alwaysWriteExceptions="null", disableAnsi="null", noConsoleNoAnsi="null", header="null", footer="null")
DEBUG StatusLogger Building Plugin[name=appender, class=org.apache.hadoop.hive.ql.log.HushableRandomAccessFileAppender].
DEBUG StatusLogger createAppender(fileName="/home/alex/Repositories/hive/beeline/target/tmp/alex/operation_logs/bb282f46-ad95-4829-8c74-1983a8423930/alex_20240501092349_a9b71b93-5324-4a93-b921-0e8386b6e45e", append="null", name="query-file-appender", immediateFlush="null", bufferSize="null", ignoreExceptions="null", PatternLayout(org.apache.logging.log4j.core.layout.PatternLayout with name PatternLayout), NameFilter(org.apache.hadoop.hive.ql.log.LogDivertAppender$NameFilter with name NameFilter), advertise="null", advertiseURI="null", Configuration(HiveLog4j2Test))
DEBUG StatusLogger Starting RandomAccessFileManager /home/alex/Repositories/hive/beeline/target/tmp/alex/operation_logs/bb282f46-ad95-4829-8c74-1983a8423930/alex_20240501092349_a9b71b93-5324-4a93-b921-0e8386b6e45e
DEBUG StatusLogger Building Plugin[name=, class=org.apache.hadoop.hive.ql.log.LogDivertAppenderForTest$TestFilter].
DEBUG StatusLogger createFilter()
DEBUG StatusLogger Building Plugin[name=, class=org.apache.logging.log4j.core.layout.PatternLayout].
DEBUG StatusLogger PatternLayout$Builder(pattern="%-5p : %m%n", PatternSelector=null, Configuration(HiveLog4j2Test), Replace=null, charset="null", alwaysWriteExceptions="null", disableAnsi="null", noConsoleNoAnsi="null", header="null", footer="null")
DEBUG StatusLogger Building Plugin[name=appender, class=org.apache.hadoop.hive.ql.log.HushableRandomAccessFileAppender].
DEBUG StatusLogger createAppender(fileName="/home/alex/Repositories/hive/beeline/target/tmp/alex/operation_logs/bb282f46-ad95-4829-8c74-1983a8423930/alex_20240501092349_a9b71b93-5324-4a93-b921-0e8386b6e45e.test", append="null", name="test-query-file-appender", immediateFlush="null", bufferSize="null", ignoreExceptions="null", PatternLayout(org.apache.logging.log4j.core.layout.PatternLayout with name PatternLayout), test-filter(org.apache.hadoop.hive.ql.log.LogDivertAppenderForTest$TestFilter with name test-filter), advertise="null", advertiseURI="null", Configuration(HiveLog4j2Test))
DEBUG StatusLogger Starting RandomAccessFileManager /home/alex/Repositories/hive/beeline/target/tmp/alex/operation_logs/bb282f46-ad95-4829-8c74-1983a8423930/alex_20240501092349_a9b71b93-5324-4a93-b921-0e8386b6e45e.test
2024-05-01T09:23:50,002  INFO [bb282f46-ad95-4829-8c74-1983a8423930 main] operation.SQLOperation: [opType=EXECUTE_STATEMENT, queryId=alex_20240501092349_a9b71b93-5324-4a93-b921-0e8386b6e45e, startTime=1714580629998, sessionId=bb282f46-ad95-4829-8c74-1983a8423930, createTime=1714580629845, userName=null, ipAddress=null]
2024-05-01T09:23:50,004  INFO [bb282f46-ad95-4829-8c74-1983a8423930 main] ql.Driver: Compiling command(queryId=alex_20240501092349_a9b71b93-5324-4a93-b921-0e8386b6e45e): use default
2024-05-01T09:23:50,005  INFO [bb282f46-ad95-4829-8c74-1983a8423930 main] HiveMetaStore.audit: ugi=alex	ip=unknown-ip-addr	cmd=get_database: default	
2024-05-01T09:23:50,006  INFO [bb282f46-ad95-4829-8c74-1983a8423930 main] ql.Driver: Semantic Analysis Completed (retrial = false)
2024-05-01T09:23:50,006  INFO [bb282f46-ad95-4829-8c74-1983a8423930 main] ql.Driver: Created Hive schema: Schema(fieldSchemas:null, properties:null)
2024-05-01T09:23:50,006  INFO [bb282f46-ad95-4829-8c74-1983a8423930 main] metadata.Hive: Dumping metastore api call timing information for : compilation phase
2024-05-01T09:23:50,006  INFO [bb282f46-ad95-4829-8c74-1983a8423930 main] metadata.Hive: Total time spent in each metastore function (ms): {isCompatibleWith_(Configuration)=0, getDatabase_(String)=2, flushCache_()=0}
2024-05-01T09:23:50,006  INFO [bb282f46-ad95-4829-8c74-1983a8423930 main] ql.Driver: Completed compiling command(queryId=alex_20240501092349_a9b71b93-5324-4a93-b921-0e8386b6e45e); Time taken: 0.003 seconds
2024-05-01T09:23:50,007  INFO [bb282f46-ad95-4829-8c74-1983a8423930 main] common.LogUtils: Unregistered logging context.
2024-05-01T09:23:50,007  INFO [HiveServer2-Background-Pool: Thread-308] common.LogUtils: Thread context registration is done.
2024-05-01T09:23:50,007  INFO [HiveServer2-Background-Pool: Thread-308] reexec.ReExecDriver: Execution #1 of query
2024-05-01T09:23:50,007  INFO [HiveServer2-Background-Pool: Thread-308] ql.Driver: Concurrency mode is disabled, not creating a lock manager
2024-05-01T09:23:50,008  INFO [HiveServer2-Background-Pool: Thread-308] ql.Driver: Executing command(queryId=alex_20240501092349_a9b71b93-5324-4a93-b921-0e8386b6e45e): use default
2024-05-01T09:23:50,008  INFO [HiveServer2-Background-Pool: Thread-308] ql.Driver: Starting task [Stage-0:DDL] in serial mode
2024-05-01T09:23:50,008  INFO [HiveServer2-Background-Pool: Thread-308] HiveMetaStore.audit: ugi=alex	ip=unknown-ip-addr	cmd=get_database: default	
2024-05-01T09:23:50,009  INFO [HiveServer2-Background-Pool: Thread-308] metastore.HMSHandler: 15: Opening raw store with implementation class:org.apache.hadoop.hive.metastore.ObjectStore
2024-05-01T09:23:50,009  INFO [HiveServer2-Background-Pool: Thread-308] metastore.ObjectStore: RawStore: org.apache.hadoop.hive.metastore.ObjectStore@8fdba42, with PersistenceManager: null will be shutdown
2024-05-01T09:23:50,009  INFO [HiveServer2-Background-Pool: Thread-308] metastore.ObjectStore: RawStore: org.apache.hadoop.hive.metastore.ObjectStore@8fdba42, with PersistenceManager: org.datanucleus.api.jdo.JDOPersistenceManager@4dff2539 created in the thread with id: 308
2024-05-01T09:23:50,012  INFO [HiveServer2-Background-Pool: Thread-308] metastore.HMSHandler: Created RawStore: org.apache.hadoop.hive.metastore.ObjectStore@8fdba42 from thread id: 308
2024-05-01T09:23:50,013  INFO [HiveServer2-Background-Pool: Thread-308] HiveMetaStore.audit: ugi=alex	ip=unknown-ip-addr	cmd=get_database: default	
2024-05-01T09:23:50,014  INFO [HiveServer2-Background-Pool: Thread-308] metadata.Hive: Dumping metastore api call timing information for : execution phase
2024-05-01T09:23:50,014  INFO [HiveServer2-Background-Pool: Thread-308] metadata.Hive: Total time spent in each metastore function (ms): {isCompatibleWith_(Configuration)=0, getDatabase_(String)=6}
2024-05-01T09:23:50,014  INFO [HiveServer2-Background-Pool: Thread-308] ql.Driver: Completed executing command(queryId=alex_20240501092349_a9b71b93-5324-4a93-b921-0e8386b6e45e); Time taken: 0.006 seconds
2024-05-01T09:23:50,015  INFO [HiveServer2-Background-Pool: Thread-308] common.LogUtils: Unregistered logging context.
2024-05-01T09:23:50,016  INFO [bb282f46-ad95-4829-8c74-1983a8423930 main] operation.OperationManager: Closing operation: OperationHandle [opType=EXECUTE_STATEMENT, getHandleIdentifier()=704013ff-5298-4627-a0cd-5bcc57df13cc]
2024-05-01T09:23:50,016  INFO [bb282f46-ad95-4829-8c74-1983a8423930 main] operation.OperationManager: Removed queryId: alex_20240501092349_a9b71b93-5324-4a93-b921-0e8386b6e45e corresponding to operation: OperationHandle [opType=EXECUTE_STATEMENT, getHandleIdentifier()=704013ff-5298-4627-a0cd-5bcc57df13cc] with tag: null
2024-05-01T09:23:50,016  INFO [bb282f46-ad95-4829-8c74-1983a8423930 main] operation.SQLOperation: Closing operation log /home/alex/Repositories/hive/beeline/target/tmp/alex/operation_logs/bb282f46-ad95-4829-8c74-1983a8423930/alex_20240501092349_a9b71b93-5324-4a93-b921-0e8386b6e45e without delay
2024-05-01T09:23:50,020  INFO [main] service.CompositeService: Session closed, SessionHandle [bb282f46-ad95-4829-8c74-1983a8423930], current sessions:0
2024-05-01T09:23:50,021  INFO [bb282f46-ad95-4829-8c74-1983a8423930 main] session.HiveSessionImpl: Operation log session directory is deleted: /home/alex/Repositories/hive/beeline/target/tmp/alex/operation_logs/bb282f46-ad95-4829-8c74-1983a8423930
2024-05-01T09:23:50,021  INFO [main] cleanup.EventualCleanupService: Delete /tmp/hive/alex/bb282f46-ad95-4829-8c74-1983a8423930 operation was queued
2024-05-01T09:23:50,021  INFO [main] cleanup.EventualCleanupService: Delete /home/alex/Repositories/hive/beeline/target/tmp/alex/bb282f46-ad95-4829-8c74-1983a8423930 operation was queued
2024-05-01T09:23:50,021  INFO [EventualCleanupService thread 1] cleanup.EventualCleanupService: Deleted /home/alex/Repositories/hive/beeline/target/tmp/alex/bb282f46-ad95-4829-8c74-1983a8423930
2024-05-01T09:23:50,021  INFO [EventualCleanupService thread 0] cleanup.EventualCleanupService: Deleted /tmp/hive/alex/bb282f46-ad95-4829-8c74-1983a8423930
2024-05-01T09:23:50,022  INFO [main] HiveMetaStore.audit: ugi=alex	ip=unknown-ip-addr	cmd=Cleaning up thread local RawStore...	
2024-05-01T09:23:50,022  INFO [main] metastore.ObjectStore: RawStore: org.apache.hadoop.hive.metastore.ObjectStore@1f6c4ae, with PersistenceManager: org.datanucleus.api.jdo.JDOPersistenceManager@26270b77 will be shutdown
2024-05-01T09:23:50,022  INFO [main] HiveMetaStore.audit: ugi=alex	ip=unknown-ip-addr	cmd=Done cleaning up thread local RawStore	
2024-05-01T09:23:50,022  INFO [main] metastore.HiveMetaStoreClient: Closed a connection to metastore, current connections: -17
]]></system-err>
  </testcase>
  <testcase name="testUseCurrentDB2" classname="org.apache.hive.beeline.cli.TestHiveCli" time="0.233">
    <failure type="java.lang.AssertionError"><![CDATA[java.lang.AssertionError: 
The expected keyword "hive (testDB)>" occur in the output: Connecting to jdbc:hive2://
Hive Session ID = 83eb4052-769b-4d4d-bfd6-c95379929861
ivysettings.xml file not found in HIVE_HOME or HIVE_CONF_DIR,/home/alex/Repositories/hive/conf/ivysettings.xml will be used
ivysettings.xml file not found in HIVE_HOME or HIVE_CONF_DIR,/home/alex/Repositories/hive/conf/ivysettings.xml will be used
Connected to: Apache Hive (version 4.0.0-SNAPSHOT)
Error: Couldn't load manifest attributes. (state=,code=0)
Transaction isolation: TRANSACTION_REPEATABLE_READ
Beeline version ??? by Apache Hive
hive> create database if not exists testDB; set hive.cli.print.current.db=true;use
. . > testDB;
INFO  : Compiling command(queryId=alex_20240501092350_eb1ab085-f7c8-417b-8eb4-b0cb103c554d): create database if not exists testDB
INFO  : Semantic Analysis Completed (retrial = false)
INFO  : Created Hive schema: Schema(fieldSchemas:null, properties:null)
INFO  : Completed compiling command(queryId=alex_20240501092350_eb1ab085-f7c8-417b-8eb4-b0cb103c554d); Time taken: 0.005 seconds
INFO  : Concurrency mode is disabled, not creating a lock manager
INFO  : Executing command(queryId=alex_20240501092350_eb1ab085-f7c8-417b-8eb4-b0cb103c554d): create database if not exists testDB
INFO  : Starting task [Stage-0:DDL] in serial mode
DEBUG : Task getting executed using mapred tag : alex_20240501092350_eb1ab085-f7c8-417b-8eb4-b0cb103c554d,userid=null
INFO  : Completed executing command(queryId=alex_20240501092350_eb1ab085-f7c8-417b-8eb4-b0cb103c554d); Time taken: 0.009 seconds
DEBUG : Shutting down query create database if not exists testDB
Error: Failed to wait for operation to complete (state=08S01,code=0)
hive> use default;drop if exists testDB;
INFO  : Compiling command(queryId=alex_20240501092350_47da31b3-9ae1-4d5c-81bb-8338d0d92130): use default
INFO  : Semantic Analysis Completed (retrial = false)
INFO  : Created Hive schema: Schema(fieldSchemas:null, properties:null)
INFO  : Completed compiling command(queryId=alex_20240501092350_47da31b3-9ae1-4d5c-81bb-8338d0d92130); Time taken: 0.003 seconds
INFO  : Concurrency mode is disabled, not creating a lock manager
INFO  : Executing command(queryId=alex_20240501092350_47da31b3-9ae1-4d5c-81bb-8338d0d92130): use default
INFO  : Starting task [Stage-0:DDL] in serial mode
DEBUG : Task getting executed using mapred tag : alex_20240501092350_47da31b3-9ae1-4d5c-81bb-8338d0d92130,userid=null
INFO  : Completed executing command(queryId=alex_20240501092350_47da31b3-9ae1-4d5c-81bb-8338d0d92130); Time taken: 0.009 seconds
DEBUG : Shutting down query use default
Error: Failed to wait for operation to complete (state=08S01,code=0)
hive> Closing: 0: jdbc:hive2://

	at org.junit.Assert.fail(Assert.java:89)
	at org.junit.Assert.assertTrue(Assert.java:42)
	at org.apache.hive.beeline.cli.TestHiveCli.verifyCMD(TestHiveCli.java:270)
	at org.apache.hive.beeline.cli.TestHiveCli.testUseCurrentDB2(TestHiveCli.java:219)
	at sun.reflect.NativeMethodAccessorImpl.invoke0(Native Method)
	at sun.reflect.NativeMethodAccessorImpl.invoke(NativeMethodAccessorImpl.java:62)
	at sun.reflect.DelegatingMethodAccessorImpl.invoke(DelegatingMethodAccessorImpl.java:43)
	at java.lang.reflect.Method.invoke(Method.java:498)
	at org.junit.runners.model.FrameworkMethod$1.runReflectiveCall(FrameworkMethod.java:59)
	at org.junit.internal.runners.model.ReflectiveCallable.run(ReflectiveCallable.java:12)
	at org.junit.runners.model.FrameworkMethod.invokeExplosively(FrameworkMethod.java:56)
	at org.junit.internal.runners.statements.InvokeMethod.evaluate(InvokeMethod.java:17)
	at org.junit.internal.runners.statements.RunBefores.evaluate(RunBefores.java:26)
	at org.junit.internal.runners.statements.RunAfters.evaluate(RunAfters.java:27)
	at org.junit.runners.ParentRunner$3.evaluate(ParentRunner.java:306)
	at org.junit.runners.BlockJUnit4ClassRunner$1.evaluate(BlockJUnit4ClassRunner.java:100)
	at org.junit.runners.ParentRunner.runLeaf(ParentRunner.java:366)
	at org.junit.runners.BlockJUnit4ClassRunner.runChild(BlockJUnit4ClassRunner.java:103)
	at org.junit.runners.BlockJUnit4ClassRunner.runChild(BlockJUnit4ClassRunner.java:63)
	at org.junit.runners.ParentRunner$4.run(ParentRunner.java:331)
	at org.junit.runners.ParentRunner$1.schedule(ParentRunner.java:79)
	at org.junit.runners.ParentRunner.runChildren(ParentRunner.java:329)
	at org.junit.runners.ParentRunner.access$100(ParentRunner.java:66)
	at org.junit.runners.ParentRunner$2.evaluate(ParentRunner.java:293)
	at org.junit.internal.runners.statements.RunBefores.evaluate(RunBefores.java:26)
	at org.junit.runners.ParentRunner$3.evaluate(ParentRunner.java:306)
	at org.junit.runners.ParentRunner.run(ParentRunner.java:413)
	at org.junit.runner.JUnitCore.run(JUnitCore.java:137)
	at org.junit.runner.JUnitCore.run(JUnitCore.java:115)
	at org.junit.vintage.engine.execution.RunnerExecutor.execute(RunnerExecutor.java:43)
	at java.util.stream.ForEachOps$ForEachOp$OfRef.accept(ForEachOps.java:183)
	at java.util.stream.ReferencePipeline$3$1.accept(ReferencePipeline.java:193)
	at java.util.Iterator.forEachRemaining(Iterator.java:116)
	at java.util.Spliterators$IteratorSpliterator.forEachRemaining(Spliterators.java:1801)
	at java.util.stream.AbstractPipeline.copyInto(AbstractPipeline.java:482)
	at java.util.stream.AbstractPipeline.wrapAndCopyInto(AbstractPipeline.java:472)
	at java.util.stream.ForEachOps$ForEachOp.evaluateSequential(ForEachOps.java:150)
	at java.util.stream.ForEachOps$ForEachOp$OfRef.evaluateSequential(ForEachOps.java:173)
	at java.util.stream.AbstractPipeline.evaluate(AbstractPipeline.java:234)
	at java.util.stream.ReferencePipeline.forEach(ReferencePipeline.java:485)
	at org.junit.vintage.engine.VintageTestEngine.executeAllChildren(VintageTestEngine.java:82)
	at org.junit.vintage.engine.VintageTestEngine.execute(VintageTestEngine.java:73)
	at org.junit.platform.launcher.core.DefaultLauncher.execute(DefaultLauncher.java:248)
	at org.junit.platform.launcher.core.DefaultLauncher.lambda$execute$5(DefaultLauncher.java:211)
	at org.junit.platform.launcher.core.DefaultLauncher.withInterceptedStreams(DefaultLauncher.java:226)
	at org.junit.platform.launcher.core.DefaultLauncher.execute(DefaultLauncher.java:199)
	at org.junit.platform.launcher.core.DefaultLauncher.execute(DefaultLauncher.java:132)
	at org.apache.maven.surefire.junitplatform.JUnitPlatformProvider.invokeAllTests(JUnitPlatformProvider.java:154)
	at org.apache.maven.surefire.junitplatform.JUnitPlatformProvider.invoke(JUnitPlatformProvider.java:123)
	at org.apache.maven.surefire.booter.ForkedBooter.runSuitesInProcess(ForkedBooter.java:377)
	at org.apache.maven.surefire.booter.ForkedBooter.execute(ForkedBooter.java:138)
	at org.apache.maven.surefire.booter.ForkedBooter.run(ForkedBooter.java:465)
	at org.apache.maven.surefire.booter.ForkedBooter.main(ForkedBooter.java:451)
]]></failure>
    <system-err><![CDATA[2024-05-01T09:23:50,024 ERROR [main] cli.TestHiveCli: Failed to execute command due to the error: java.lang.NullPointerException: Null output stream
2024-05-01T09:23:50,079  WARN [main] conf.HiveConf: HiveConf of name hive.dummyparam.test.server.specific.config.override does not exist
2024-05-01T09:23:50,079  WARN [main] conf.HiveConf: HiveConf of name hive.dummyparam.test.server.specific.config.hiveserver2site does not exist
2024-05-01T09:23:50,079  WARN [main] conf.HiveConf: HiveConf of name hive.dummyparam.test.server.specific.config.metastoresite does not exist
2024-05-01T09:23:50,080  INFO [main] SessionState: Hive Session ID = 83eb4052-769b-4d4d-bfd6-c95379929861
2024-05-01T09:23:50,080  INFO [main] DependencyResolver: ivysettings.xml file not found in HIVE_HOME or HIVE_CONF_DIR,/home/alex/Repositories/hive/conf/ivysettings.xml will be used
2024-05-01T09:23:50,088  INFO [main] session.SessionState: Created HDFS directory: /tmp/hive/alex/83eb4052-769b-4d4d-bfd6-c95379929861
2024-05-01T09:23:50,092  INFO [main] session.SessionState: Created local directory: /home/alex/Repositories/hive/beeline/target/tmp/alex/83eb4052-769b-4d4d-bfd6-c95379929861
2024-05-01T09:23:50,095  INFO [main] session.SessionState: Created HDFS directory: /tmp/hive/alex/83eb4052-769b-4d4d-bfd6-c95379929861/_tmp_space.db
2024-05-01T09:23:50,096  INFO [main] sqlstd.SQLStdHiveAccessController: Created SQLStdHiveAccessController for session context : HiveAuthzSessionContext [sessionString=83eb4052-769b-4d4d-bfd6-c95379929861, clientType=HIVESERVER2]
2024-05-01T09:23:50,097  INFO [main] metastore.HiveMetaStoreClient: HMS client filtering is enabled.
2024-05-01T09:23:50,098  INFO [main] metastore.HMSHandler: 0: Opening raw store with implementation class:org.apache.hadoop.hive.metastore.ObjectStore
2024-05-01T09:23:50,098  INFO [main] metastore.PersistenceManagerProvider: Configuration datanucleus.autoStartMechanismMode is not set. Defaulting to 'ignored'
2024-05-01T09:23:50,098  INFO [main] metastore.ObjectStore: RawStore: org.apache.hadoop.hive.metastore.ObjectStore@64665781, with PersistenceManager: null will be shutdown
2024-05-01T09:23:50,099  INFO [main] metastore.ObjectStore: RawStore: org.apache.hadoop.hive.metastore.ObjectStore@64665781, with PersistenceManager: org.datanucleus.api.jdo.JDOPersistenceManager@4c2bea52 created in the thread with id: 1
2024-05-01T09:23:50,102  INFO [main] metastore.HMSHandler: Created RawStore: org.apache.hadoop.hive.metastore.ObjectStore@64665781 from thread id: 1
2024-05-01T09:23:50,102  INFO [main] metastore.HMSHandler: HMS server filtering is disabled by configuration
2024-05-01T09:23:50,102  INFO [main] metastore.RetryingMetaStoreClient: RetryingMetaStoreClient proxy=class org.apache.hadoop.hive.ql.metadata.SessionHiveMetaStoreClient ugi=alex (auth:SIMPLE) retries=1 delay=1 lifetime=0
2024-05-01T09:23:50,102  INFO [main] service.CompositeService: Operation log root directory is created: /home/alex/Repositories/hive/beeline/target/tmp/alex/operation_logs
2024-05-01T09:23:50,103  INFO [main] service.CompositeService: HiveServer2: Background operation thread pool size: 100
2024-05-01T09:23:50,103  INFO [main] service.CompositeService: HiveServer2: Background operation thread wait queue size: 100
2024-05-01T09:23:50,103  INFO [main] service.CompositeService: HiveServer2: Background operation thread keepalive time: 10 seconds
2024-05-01T09:23:50,103  INFO [main] service.CompositeService: Connections limit are user: 0 ipaddress: 0 user-ipaddress: 0
2024-05-01T09:23:50,104  INFO [main] cleanup.EventualCleanupService: EventualCleanupService started with 10 threads and queue of size 10000
ERROR StatusLogger Log4j2 ConfigurationScheduler attempted to increment scheduled items after start
ERROR StatusLogger Log4j2 ConfigurationScheduler attempted to increment scheduled items after start
2024-05-01T09:23:50,106  INFO [main] service.AbstractService: Service:OperationManager is inited.
2024-05-01T09:23:50,106  INFO [main] service.AbstractService: Service:SessionManager is inited.
2024-05-01T09:23:50,106  INFO [main] service.AbstractService: Service:CLIService is inited.
2024-05-01T09:23:50,106  INFO [main] service.AbstractService: Service:OperationManager is started.
2024-05-01T09:23:50,106  INFO [main] service.AbstractService: Service:SessionManager is started.
2024-05-01T09:23:50,106  INFO [main] service.AbstractService: Service:CLIService is started.
2024-05-01T09:23:50,106  INFO [main] service.AbstractService: Service:ThriftBinaryCLIService is inited.
2024-05-01T09:23:50,106  INFO [main] thrift.ThriftCLIService: Client protocol version: HIVE_CLI_SERVICE_PROTOCOL_V10
2024-05-01T09:23:50,107  INFO [main] thrift.ThriftCLIService: Creating Hive session handle for user [null] from IP null
2024-05-01T09:23:50,108  INFO [main] DependencyResolver: ivysettings.xml file not found in HIVE_HOME or HIVE_CONF_DIR,/home/alex/Repositories/hive/conf/ivysettings.xml will be used
2024-05-01T09:23:50,115  INFO [main] session.SessionState: Created HDFS directory: /tmp/hive/alex/54075ae2-17f0-4304-837c-16c32f3c378a
2024-05-01T09:23:50,119  INFO [main] session.SessionState: Created local directory: /home/alex/Repositories/hive/beeline/target/tmp/alex/54075ae2-17f0-4304-837c-16c32f3c378a
2024-05-01T09:23:50,122  INFO [main] session.SessionState: Created HDFS directory: /tmp/hive/alex/54075ae2-17f0-4304-837c-16c32f3c378a/_tmp_space.db
2024-05-01T09:23:50,122  INFO [main] session.SessionState: Reloading auxiliary JAR files
2024-05-01T09:23:50,122  WARN [main] session.SessionState: Configuration hive.reloadable.aux.jars.path not specified
2024-05-01T09:23:50,122  INFO [main] HiveMetaStore.audit: ugi=alex	ip=unknown-ip-addr	cmd=Cleaning up thread local RawStore...	
2024-05-01T09:23:50,122  INFO [main] metastore.ObjectStore: RawStore: org.apache.hadoop.hive.metastore.ObjectStore@64665781, with PersistenceManager: org.datanucleus.api.jdo.JDOPersistenceManager@4c2bea52 will be shutdown
2024-05-01T09:23:50,122  INFO [main] HiveMetaStore.audit: ugi=alex	ip=unknown-ip-addr	cmd=Done cleaning up thread local RawStore	
2024-05-01T09:23:50,123  INFO [main] metastore.HiveMetaStoreClient: Closed a connection to metastore, current connections: -18
2024-05-01T09:23:50,123  INFO [main] session.HiveSessionImpl: Operation log session directory is created: /home/alex/Repositories/hive/beeline/target/tmp/alex/operation_logs/54075ae2-17f0-4304-837c-16c32f3c378a
2024-05-01T09:23:50,123  INFO [main] service.CompositeService: Session opened, SessionHandle [54075ae2-17f0-4304-837c-16c32f3c378a], current sessions:1
2024-05-01T09:23:50,123  INFO [main] thrift.ThriftCLIService: Login attempt is successful for user : null
2024-05-01T09:23:50,170  WARN [main] conf.HiveConf: HiveConf of name hive.dummyparam.test.server.specific.config.override does not exist
2024-05-01T09:23:50,170  WARN [main] conf.HiveConf: HiveConf of name hive.dummyparam.test.server.specific.config.hiveserver2site does not exist
2024-05-01T09:23:50,170  WARN [main] conf.HiveConf: HiveConf of name hive.dummyparam.test.server.specific.config.metastoresite does not exist
2024-05-01T09:23:50,171  INFO [54075ae2-17f0-4304-837c-16c32f3c378a main] session.HiveSessionImpl: executing set
2024-05-01T09:23:50,172  INFO [54075ae2-17f0-4304-837c-16c32f3c378a main] operation.HiveCommandOperation: Putting temp output to file /home/alex/Repositories/hive/beeline/target/tmp/alex/54075ae2-17f0-4304-837c-16c32f3c378a3442349779689779927.pipeout and error output to file /home/alex/Repositories/hive/beeline/target/tmp/alex/54075ae2-17f0-4304-837c-16c32f3c378a8757148189895998793.pipeout
2024-05-01T09:23:50,172  INFO [54075ae2-17f0-4304-837c-16c32f3c378a main] operation.OperationManager: Adding operation: OperationHandle [opType=EXECUTE_STATEMENT, getHandleIdentifier()=087306d5-5507-4a97-a28a-60d4d2154c95] SessionHandle [54075ae2-17f0-4304-837c-16c32f3c378a]
2024-05-01T09:23:50,172  INFO [54075ae2-17f0-4304-837c-16c32f3c378a main] common.LogUtils: Thread context registration is done.
DEBUG StatusLogger Building Plugin[name=filter, class=org.apache.hadoop.hive.ql.log.LogDivertAppender$NameFilter].
DEBUG StatusLogger createFilter(loggingLevel="EXECUTION")
DEBUG StatusLogger Building Plugin[name=layout, class=org.apache.logging.log4j.core.layout.PatternLayout].
DEBUG StatusLogger PatternLayout$Builder(pattern="%-5p : %m%n", PatternSelector=null, Configuration(HiveLog4j2Test), Replace=null, charset="null", alwaysWriteExceptions="null", disableAnsi="null", noConsoleNoAnsi="null", header="null", footer="null")
DEBUG StatusLogger Building Plugin[name=appender, class=org.apache.hadoop.hive.ql.log.HushableRandomAccessFileAppender].
DEBUG StatusLogger createAppender(fileName="/home/alex/Repositories/hive/beeline/target/tmp/alex/operation_logs/54075ae2-17f0-4304-837c-16c32f3c378a/alex_20240501092350_728542f7-3c0a-4cf8-9bd2-f2158ac26883", append="null", name="query-file-appender", immediateFlush="null", bufferSize="null", ignoreExceptions="null", PatternLayout(org.apache.logging.log4j.core.layout.PatternLayout with name PatternLayout), NameFilter(org.apache.hadoop.hive.ql.log.LogDivertAppender$NameFilter with name NameFilter), advertise="null", advertiseURI="null", Configuration(HiveLog4j2Test))
DEBUG StatusLogger Starting RandomAccessFileManager /home/alex/Repositories/hive/beeline/target/tmp/alex/operation_logs/54075ae2-17f0-4304-837c-16c32f3c378a/alex_20240501092350_728542f7-3c0a-4cf8-9bd2-f2158ac26883
DEBUG StatusLogger Building Plugin[name=, class=org.apache.hadoop.hive.ql.log.LogDivertAppenderForTest$TestFilter].
DEBUG StatusLogger createFilter()
DEBUG StatusLogger Building Plugin[name=, class=org.apache.logging.log4j.core.layout.PatternLayout].
DEBUG StatusLogger PatternLayout$Builder(pattern="%-5p : %m%n", PatternSelector=null, Configuration(HiveLog4j2Test), Replace=null, charset="null", alwaysWriteExceptions="null", disableAnsi="null", noConsoleNoAnsi="null", header="null", footer="null")
DEBUG StatusLogger Building Plugin[name=appender, class=org.apache.hadoop.hive.ql.log.HushableRandomAccessFileAppender].
DEBUG StatusLogger createAppender(fileName="/home/alex/Repositories/hive/beeline/target/tmp/alex/operation_logs/54075ae2-17f0-4304-837c-16c32f3c378a/alex_20240501092350_728542f7-3c0a-4cf8-9bd2-f2158ac26883.test", append="null", name="test-query-file-appender", immediateFlush="null", bufferSize="null", ignoreExceptions="null", PatternLayout(org.apache.logging.log4j.core.layout.PatternLayout with name PatternLayout), test-filter(org.apache.hadoop.hive.ql.log.LogDivertAppenderForTest$TestFilter with name test-filter), advertise="null", advertiseURI="null", Configuration(HiveLog4j2Test))
DEBUG StatusLogger Starting RandomAccessFileManager /home/alex/Repositories/hive/beeline/target/tmp/alex/operation_logs/54075ae2-17f0-4304-837c-16c32f3c378a/alex_20240501092350_728542f7-3c0a-4cf8-9bd2-f2158ac26883.test
2024-05-01T09:23:50,176  INFO [54075ae2-17f0-4304-837c-16c32f3c378a main] operation.HiveCommandOperation: [opType=EXECUTE_STATEMENT, queryId=alex_20240501092350_728542f7-3c0a-4cf8-9bd2-f2158ac26883, startTime=1714580630171, sessionId=54075ae2-17f0-4304-837c-16c32f3c378a, createTime=1714580630107, userName=null, ipAddress=null]
2024-05-01T09:23:50,184  INFO [54075ae2-17f0-4304-837c-16c32f3c378a main] common.LogUtils: Unregistered logging context.
2024-05-01T09:23:50,187  INFO [54075ae2-17f0-4304-837c-16c32f3c378a main] operation.OperationManager: Closing operation: OperationHandle [opType=EXECUTE_STATEMENT, getHandleIdentifier()=087306d5-5507-4a97-a28a-60d4d2154c95]
2024-05-01T09:23:50,187  INFO [54075ae2-17f0-4304-837c-16c32f3c378a main] operation.OperationManager: Removed queryId: alex_20240501092350_728542f7-3c0a-4cf8-9bd2-f2158ac26883 corresponding to operation: OperationHandle [opType=EXECUTE_STATEMENT, getHandleIdentifier()=087306d5-5507-4a97-a28a-60d4d2154c95] with tag: null
2024-05-01T09:23:50,188  INFO [54075ae2-17f0-4304-837c-16c32f3c378a main] operation.HiveCommandOperation: Closing operation log /home/alex/Repositories/hive/beeline/target/tmp/alex/operation_logs/54075ae2-17f0-4304-837c-16c32f3c378a/alex_20240501092350_728542f7-3c0a-4cf8-9bd2-f2158ac26883 without delay
2024-05-01T09:23:50,199  INFO [54075ae2-17f0-4304-837c-16c32f3c378a main] session.HiveSessionImpl: executing create database if not exists testDB
2024-05-01T09:23:50,199  INFO [54075ae2-17f0-4304-837c-16c32f3c378a main] operation.OperationManager: Adding operation: OperationHandle [opType=EXECUTE_STATEMENT, getHandleIdentifier()=b949203e-223b-4b3d-903c-fc7a8afe9ddc] SessionHandle [54075ae2-17f0-4304-837c-16c32f3c378a]
2024-05-01T09:23:50,200  INFO [54075ae2-17f0-4304-837c-16c32f3c378a main] common.LogUtils: Thread context registration is done.
DEBUG StatusLogger Building Plugin[name=filter, class=org.apache.hadoop.hive.ql.log.LogDivertAppender$NameFilter].
DEBUG StatusLogger createFilter(loggingLevel="EXECUTION")
DEBUG StatusLogger Building Plugin[name=layout, class=org.apache.logging.log4j.core.layout.PatternLayout].
DEBUG StatusLogger PatternLayout$Builder(pattern="%-5p : %m%n", PatternSelector=null, Configuration(HiveLog4j2Test), Replace=null, charset="null", alwaysWriteExceptions="null", disableAnsi="null", noConsoleNoAnsi="null", header="null", footer="null")
DEBUG StatusLogger Building Plugin[name=appender, class=org.apache.hadoop.hive.ql.log.HushableRandomAccessFileAppender].
DEBUG StatusLogger createAppender(fileName="/home/alex/Repositories/hive/beeline/target/tmp/alex/operation_logs/54075ae2-17f0-4304-837c-16c32f3c378a/alex_20240501092350_eb1ab085-f7c8-417b-8eb4-b0cb103c554d", append="null", name="query-file-appender", immediateFlush="null", bufferSize="null", ignoreExceptions="null", PatternLayout(org.apache.logging.log4j.core.layout.PatternLayout with name PatternLayout), NameFilter(org.apache.hadoop.hive.ql.log.LogDivertAppender$NameFilter with name NameFilter), advertise="null", advertiseURI="null", Configuration(HiveLog4j2Test))
DEBUG StatusLogger Starting RandomAccessFileManager /home/alex/Repositories/hive/beeline/target/tmp/alex/operation_logs/54075ae2-17f0-4304-837c-16c32f3c378a/alex_20240501092350_eb1ab085-f7c8-417b-8eb4-b0cb103c554d
DEBUG StatusLogger Building Plugin[name=, class=org.apache.hadoop.hive.ql.log.LogDivertAppenderForTest$TestFilter].
DEBUG StatusLogger createFilter()
DEBUG StatusLogger Building Plugin[name=, class=org.apache.logging.log4j.core.layout.PatternLayout].
DEBUG StatusLogger PatternLayout$Builder(pattern="%-5p : %m%n", PatternSelector=null, Configuration(HiveLog4j2Test), Replace=null, charset="null", alwaysWriteExceptions="null", disableAnsi="null", noConsoleNoAnsi="null", header="null", footer="null")
DEBUG StatusLogger Building Plugin[name=appender, class=org.apache.hadoop.hive.ql.log.HushableRandomAccessFileAppender].
DEBUG StatusLogger createAppender(fileName="/home/alex/Repositories/hive/beeline/target/tmp/alex/operation_logs/54075ae2-17f0-4304-837c-16c32f3c378a/alex_20240501092350_eb1ab085-f7c8-417b-8eb4-b0cb103c554d.test", append="null", name="test-query-file-appender", immediateFlush="null", bufferSize="null", ignoreExceptions="null", PatternLayout(org.apache.logging.log4j.core.layout.PatternLayout with name PatternLayout), test-filter(org.apache.hadoop.hive.ql.log.LogDivertAppenderForTest$TestFilter with name test-filter), advertise="null", advertiseURI="null", Configuration(HiveLog4j2Test))
DEBUG StatusLogger Starting RandomAccessFileManager /home/alex/Repositories/hive/beeline/target/tmp/alex/operation_logs/54075ae2-17f0-4304-837c-16c32f3c378a/alex_20240501092350_eb1ab085-f7c8-417b-8eb4-b0cb103c554d.test
2024-05-01T09:23:50,203  INFO [54075ae2-17f0-4304-837c-16c32f3c378a main] operation.SQLOperation: [opType=EXECUTE_STATEMENT, queryId=alex_20240501092350_eb1ab085-f7c8-417b-8eb4-b0cb103c554d, startTime=1714580630199, sessionId=54075ae2-17f0-4304-837c-16c32f3c378a, createTime=1714580630107, userName=null, ipAddress=null]
2024-05-01T09:23:50,204  INFO [54075ae2-17f0-4304-837c-16c32f3c378a main] ql.Driver: Compiling command(queryId=alex_20240501092350_eb1ab085-f7c8-417b-8eb4-b0cb103c554d): create database if not exists testDB
2024-05-01T09:23:50,205  INFO [54075ae2-17f0-4304-837c-16c32f3c378a main] metastore.HiveMetaStoreClient: HMS client filtering is enabled.
2024-05-01T09:23:50,205  INFO [54075ae2-17f0-4304-837c-16c32f3c378a main] metastore.HMSHandler: 0: Opening raw store with implementation class:org.apache.hadoop.hive.metastore.ObjectStore
2024-05-01T09:23:50,205  INFO [54075ae2-17f0-4304-837c-16c32f3c378a main] metastore.PersistenceManagerProvider: Configuration datanucleus.autoStartMechanismMode is not set. Defaulting to 'ignored'
2024-05-01T09:23:50,206  INFO [54075ae2-17f0-4304-837c-16c32f3c378a main] metastore.ObjectStore: RawStore: org.apache.hadoop.hive.metastore.ObjectStore@2b6fcca1, with PersistenceManager: null will be shutdown
2024-05-01T09:23:50,206  INFO [54075ae2-17f0-4304-837c-16c32f3c378a main] metastore.ObjectStore: RawStore: org.apache.hadoop.hive.metastore.ObjectStore@2b6fcca1, with PersistenceManager: org.datanucleus.api.jdo.JDOPersistenceManager@39f93225 created in the thread with id: 1
2024-05-01T09:23:50,208  INFO [54075ae2-17f0-4304-837c-16c32f3c378a main] metastore.HMSHandler: Created RawStore: org.apache.hadoop.hive.metastore.ObjectStore@2b6fcca1 from thread id: 1
2024-05-01T09:23:50,208  INFO [54075ae2-17f0-4304-837c-16c32f3c378a main] metastore.HMSHandler: HMS server filtering is disabled by configuration
2024-05-01T09:23:50,209  INFO [54075ae2-17f0-4304-837c-16c32f3c378a main] metastore.RetryingMetaStoreClient: RetryingMetaStoreClient proxy=class org.apache.hadoop.hive.ql.metadata.SessionHiveMetaStoreClient ugi=alex (auth:SIMPLE) retries=1 delay=1 lifetime=0
2024-05-01T09:23:50,209  INFO [54075ae2-17f0-4304-837c-16c32f3c378a main] ql.Driver: Semantic Analysis Completed (retrial = false)
2024-05-01T09:23:50,209  INFO [54075ae2-17f0-4304-837c-16c32f3c378a main] ql.Driver: Created Hive schema: Schema(fieldSchemas:null, properties:null)
2024-05-01T09:23:50,209  INFO [54075ae2-17f0-4304-837c-16c32f3c378a main] metadata.Hive: Dumping metastore api call timing information for : compilation phase
2024-05-01T09:23:50,209  INFO [54075ae2-17f0-4304-837c-16c32f3c378a main] metadata.Hive: Total time spent in each metastore function (ms): {isCompatibleWith_(Configuration)=0, flushCache_()=0}
2024-05-01T09:23:50,209  INFO [54075ae2-17f0-4304-837c-16c32f3c378a main] ql.Driver: Completed compiling command(queryId=alex_20240501092350_eb1ab085-f7c8-417b-8eb4-b0cb103c554d); Time taken: 0.005 seconds
2024-05-01T09:23:50,209  INFO [54075ae2-17f0-4304-837c-16c32f3c378a main] common.LogUtils: Unregistered logging context.
2024-05-01T09:23:50,210  INFO [HiveServer2-Background-Pool: Thread-331] common.LogUtils: Thread context registration is done.
2024-05-01T09:23:50,210  INFO [HiveServer2-Background-Pool: Thread-331] reexec.ReExecDriver: Execution #1 of query
2024-05-01T09:23:50,210  INFO [HiveServer2-Background-Pool: Thread-331] ql.Driver: Concurrency mode is disabled, not creating a lock manager
2024-05-01T09:23:50,211  INFO [HiveServer2-Background-Pool: Thread-331] ql.Driver: Executing command(queryId=alex_20240501092350_eb1ab085-f7c8-417b-8eb4-b0cb103c554d): create database if not exists testDB
2024-05-01T09:23:50,211  INFO [HiveServer2-Background-Pool: Thread-331] ql.Driver: Starting task [Stage-0:DDL] in serial mode
2024-05-01T09:23:50,212  INFO [HiveServer2-Background-Pool: Thread-331] sqlstd.SQLStdHiveAccessController: Created SQLStdHiveAccessController for session context : HiveAuthzSessionContext [sessionString=54075ae2-17f0-4304-837c-16c32f3c378a, clientType=HIVESERVER2]
2024-05-01T09:23:50,212  WARN [HiveServer2-Background-Pool: Thread-331] exec.DDLTask: metastore.warehouse.external.dir is not set, falling back to metastore.warehouse.dir. This could cause external tables to use to managed tablespace.
2024-05-01T09:23:50,212  INFO [HiveServer2-Background-Pool: Thread-331] HiveMetaStore.audit: ugi=alex	ip=unknown-ip-addr	cmd=create_database: Database(name:testDB, description:null, locationUri:file:/home/alex/Repositories/hive/beeline/target/tmp/warehouse/testdb.db, parameters:null, ownerName:alex, ownerType:USER, catalogName:hive, type:NATIVE)	
2024-05-01T09:23:50,213  INFO [HiveServer2-Background-Pool: Thread-331] metastore.HMSHandler: 16: Opening raw store with implementation class:org.apache.hadoop.hive.metastore.ObjectStore
2024-05-01T09:23:50,213  INFO [HiveServer2-Background-Pool: Thread-331] metastore.ObjectStore: RawStore: org.apache.hadoop.hive.metastore.ObjectStore@7809ba71, with PersistenceManager: null will be shutdown
2024-05-01T09:23:50,214  INFO [HiveServer2-Background-Pool: Thread-331] metastore.ObjectStore: RawStore: org.apache.hadoop.hive.metastore.ObjectStore@7809ba71, with PersistenceManager: org.datanucleus.api.jdo.JDOPersistenceManager@3d0b2b14 created in the thread with id: 331
2024-05-01T09:23:50,216  INFO [HiveServer2-Background-Pool: Thread-331] metastore.HMSHandler: Created RawStore: org.apache.hadoop.hive.metastore.ObjectStore@7809ba71 from thread id: 331
2024-05-01T09:23:50,220 ERROR [HiveServer2-Background-Pool: Thread-331] metastore.RetryingHMSHandler: AlreadyExistsException(message:Database testDB already exists)
	at org.apache.hadoop.hive.metastore.HMSHandler.create_database(HMSHandler.java:1472)
	at sun.reflect.NativeMethodAccessorImpl.invoke0(Native Method)
	at sun.reflect.NativeMethodAccessorImpl.invoke(NativeMethodAccessorImpl.java:62)
	at sun.reflect.DelegatingMethodAccessorImpl.invoke(DelegatingMethodAccessorImpl.java:43)
	at java.lang.reflect.Method.invoke(Method.java:498)
	at org.apache.hadoop.hive.metastore.RetryingHMSHandler.invokeInternal(RetryingHMSHandler.java:147)
	at org.apache.hadoop.hive.metastore.RetryingHMSHandler.invoke(RetryingHMSHandler.java:108)
	at com.sun.proxy.$Proxy40.create_database(Unknown Source)
	at org.apache.hadoop.hive.metastore.HiveMetaStoreClient.createDatabase(HiveMetaStoreClient.java:1151)
	at sun.reflect.NativeMethodAccessorImpl.invoke0(Native Method)
	at sun.reflect.NativeMethodAccessorImpl.invoke(NativeMethodAccessorImpl.java:62)
	at sun.reflect.DelegatingMethodAccessorImpl.invoke(DelegatingMethodAccessorImpl.java:43)
	at java.lang.reflect.Method.invoke(Method.java:498)
	at org.apache.hadoop.hive.metastore.RetryingMetaStoreClient.invoke(RetryingMetaStoreClient.java:218)
	at com.sun.proxy.$Proxy41.createDatabase(Unknown Source)
	at org.apache.hadoop.hive.ql.metadata.Hive.createDatabase(Hive.java:605)
	at org.apache.hadoop.hive.ql.ddl.database.create.CreateDatabaseOperation.execute(CreateDatabaseOperation.java:68)
	at org.apache.hadoop.hive.ql.ddl.DDLTask.execute(DDLTask.java:84)
	at org.apache.hadoop.hive.ql.exec.Task.executeTask(Task.java:212)
	at org.apache.hadoop.hive.ql.exec.TaskRunner.runSequential(TaskRunner.java:105)
	at org.apache.hadoop.hive.ql.Executor.launchTask(Executor.java:361)
	at org.apache.hadoop.hive.ql.Executor.launchTasks(Executor.java:334)
	at org.apache.hadoop.hive.ql.Executor.runTasks(Executor.java:245)
	at org.apache.hadoop.hive.ql.Executor.execute(Executor.java:108)
	at org.apache.hadoop.hive.ql.Driver.execute(Driver.java:348)
	at org.apache.hadoop.hive.ql.Driver.runInternal(Driver.java:204)
	at org.apache.hadoop.hive.ql.Driver.run(Driver.java:153)
	at org.apache.hadoop.hive.ql.Driver.run(Driver.java:148)
	at org.apache.hadoop.hive.ql.reexec.ReExecDriver.run(ReExecDriver.java:164)
	at org.apache.hive.service.cli.operation.SQLOperation.runQuery(SQLOperation.java:233)
	at org.apache.hive.service.cli.operation.SQLOperation.access$500(SQLOperation.java:88)
	at org.apache.hive.service.cli.operation.SQLOperation$BackgroundWork$1.run(SQLOperation.java:336)
	at java.security.AccessController.doPrivileged(Native Method)
	at javax.security.auth.Subject.doAs(Subject.java:422)
	at org.apache.hadoop.security.UserGroupInformation.doAs(UserGroupInformation.java:1682)
	at org.apache.hive.service.cli.operation.SQLOperation$BackgroundWork.run(SQLOperation.java:356)
	at java.util.concurrent.Executors$RunnableAdapter.call(Executors.java:511)
	at java.util.concurrent.FutureTask.run(FutureTask.java:266)
	at java.util.concurrent.ThreadPoolExecutor.runWorker(ThreadPoolExecutor.java:1149)
	at java.util.concurrent.ThreadPoolExecutor$Worker.run(ThreadPoolExecutor.java:624)
	at java.lang.Thread.run(Thread.java:750)

2024-05-01T09:23:50,220  INFO [HiveServer2-Background-Pool: Thread-331] metadata.Hive: Dumping metastore api call timing information for : execution phase
2024-05-01T09:23:50,220  INFO [HiveServer2-Background-Pool: Thread-331] metadata.Hive: Total time spent in each metastore function (ms): {isCompatibleWith_(Configuration)=0}
2024-05-01T09:23:50,220  INFO [HiveServer2-Background-Pool: Thread-331] ql.Driver: Completed executing command(queryId=alex_20240501092350_eb1ab085-f7c8-417b-8eb4-b0cb103c554d); Time taken: 0.009 seconds
2024-05-01T09:23:50,221  INFO [HiveServer2-Background-Pool: Thread-331] common.LogUtils: Unregistered logging context.
2024-05-01T09:23:50,223  INFO [54075ae2-17f0-4304-837c-16c32f3c378a main] operation.OperationManager: Closing operation: OperationHandle [opType=EXECUTE_STATEMENT, getHandleIdentifier()=b949203e-223b-4b3d-903c-fc7a8afe9ddc]
2024-05-01T09:23:50,223  INFO [54075ae2-17f0-4304-837c-16c32f3c378a main] operation.OperationManager: Removed queryId: alex_20240501092350_eb1ab085-f7c8-417b-8eb4-b0cb103c554d corresponding to operation: OperationHandle [opType=EXECUTE_STATEMENT, getHandleIdentifier()=b949203e-223b-4b3d-903c-fc7a8afe9ddc] with tag: null
2024-05-01T09:23:50,223  INFO [54075ae2-17f0-4304-837c-16c32f3c378a main] operation.SQLOperation: Closing operation log /home/alex/Repositories/hive/beeline/target/tmp/alex/operation_logs/54075ae2-17f0-4304-837c-16c32f3c378a/alex_20240501092350_eb1ab085-f7c8-417b-8eb4-b0cb103c554d without delay
2024-05-01T09:23:50,228  INFO [54075ae2-17f0-4304-837c-16c32f3c378a main] session.HiveSessionImpl: executing use default
2024-05-01T09:23:50,229  INFO [54075ae2-17f0-4304-837c-16c32f3c378a main] operation.OperationManager: Adding operation: OperationHandle [opType=EXECUTE_STATEMENT, getHandleIdentifier()=5e68019c-4d29-44f5-abf2-42f1513fb466] SessionHandle [54075ae2-17f0-4304-837c-16c32f3c378a]
2024-05-01T09:23:50,229  INFO [54075ae2-17f0-4304-837c-16c32f3c378a main] common.LogUtils: Thread context registration is done.
DEBUG StatusLogger Building Plugin[name=filter, class=org.apache.hadoop.hive.ql.log.LogDivertAppender$NameFilter].
DEBUG StatusLogger createFilter(loggingLevel="EXECUTION")
DEBUG StatusLogger Building Plugin[name=layout, class=org.apache.logging.log4j.core.layout.PatternLayout].
DEBUG StatusLogger PatternLayout$Builder(pattern="%-5p : %m%n", PatternSelector=null, Configuration(HiveLog4j2Test), Replace=null, charset="null", alwaysWriteExceptions="null", disableAnsi="null", noConsoleNoAnsi="null", header="null", footer="null")
DEBUG StatusLogger Building Plugin[name=appender, class=org.apache.hadoop.hive.ql.log.HushableRandomAccessFileAppender].
DEBUG StatusLogger createAppender(fileName="/home/alex/Repositories/hive/beeline/target/tmp/alex/operation_logs/54075ae2-17f0-4304-837c-16c32f3c378a/alex_20240501092350_47da31b3-9ae1-4d5c-81bb-8338d0d92130", append="null", name="query-file-appender", immediateFlush="null", bufferSize="null", ignoreExceptions="null", PatternLayout(org.apache.logging.log4j.core.layout.PatternLayout with name PatternLayout), NameFilter(org.apache.hadoop.hive.ql.log.LogDivertAppender$NameFilter with name NameFilter), advertise="null", advertiseURI="null", Configuration(HiveLog4j2Test))
DEBUG StatusLogger Starting RandomAccessFileManager /home/alex/Repositories/hive/beeline/target/tmp/alex/operation_logs/54075ae2-17f0-4304-837c-16c32f3c378a/alex_20240501092350_47da31b3-9ae1-4d5c-81bb-8338d0d92130
DEBUG StatusLogger Building Plugin[name=, class=org.apache.hadoop.hive.ql.log.LogDivertAppenderForTest$TestFilter].
DEBUG StatusLogger createFilter()
DEBUG StatusLogger Building Plugin[name=, class=org.apache.logging.log4j.core.layout.PatternLayout].
DEBUG StatusLogger PatternLayout$Builder(pattern="%-5p : %m%n", PatternSelector=null, Configuration(HiveLog4j2Test), Replace=null, charset="null", alwaysWriteExceptions="null", disableAnsi="null", noConsoleNoAnsi="null", header="null", footer="null")
DEBUG StatusLogger Building Plugin[name=appender, class=org.apache.hadoop.hive.ql.log.HushableRandomAccessFileAppender].
DEBUG StatusLogger createAppender(fileName="/home/alex/Repositories/hive/beeline/target/tmp/alex/operation_logs/54075ae2-17f0-4304-837c-16c32f3c378a/alex_20240501092350_47da31b3-9ae1-4d5c-81bb-8338d0d92130.test", append="null", name="test-query-file-appender", immediateFlush="null", bufferSize="null", ignoreExceptions="null", PatternLayout(org.apache.logging.log4j.core.layout.PatternLayout with name PatternLayout), test-filter(org.apache.hadoop.hive.ql.log.LogDivertAppenderForTest$TestFilter with name test-filter), advertise="null", advertiseURI="null", Configuration(HiveLog4j2Test))
DEBUG StatusLogger Starting RandomAccessFileManager /home/alex/Repositories/hive/beeline/target/tmp/alex/operation_logs/54075ae2-17f0-4304-837c-16c32f3c378a/alex_20240501092350_47da31b3-9ae1-4d5c-81bb-8338d0d92130.test
2024-05-01T09:23:50,233  INFO [54075ae2-17f0-4304-837c-16c32f3c378a main] operation.SQLOperation: [opType=EXECUTE_STATEMENT, queryId=alex_20240501092350_47da31b3-9ae1-4d5c-81bb-8338d0d92130, startTime=1714580630228, sessionId=54075ae2-17f0-4304-837c-16c32f3c378a, createTime=1714580630107, userName=null, ipAddress=null]
2024-05-01T09:23:50,234  INFO [54075ae2-17f0-4304-837c-16c32f3c378a main] ql.Driver: Compiling command(queryId=alex_20240501092350_47da31b3-9ae1-4d5c-81bb-8338d0d92130): use default
2024-05-01T09:23:50,235  INFO [54075ae2-17f0-4304-837c-16c32f3c378a main] HiveMetaStore.audit: ugi=alex	ip=unknown-ip-addr	cmd=get_database: default	
2024-05-01T09:23:50,237  INFO [54075ae2-17f0-4304-837c-16c32f3c378a main] ql.Driver: Semantic Analysis Completed (retrial = false)
2024-05-01T09:23:50,237  INFO [54075ae2-17f0-4304-837c-16c32f3c378a main] ql.Driver: Created Hive schema: Schema(fieldSchemas:null, properties:null)
2024-05-01T09:23:50,237  INFO [54075ae2-17f0-4304-837c-16c32f3c378a main] metadata.Hive: Dumping metastore api call timing information for : compilation phase
2024-05-01T09:23:50,237  INFO [54075ae2-17f0-4304-837c-16c32f3c378a main] metadata.Hive: Total time spent in each metastore function (ms): {isCompatibleWith_(Configuration)=0, getDatabase_(String)=1, flushCache_()=1}
2024-05-01T09:23:50,237  INFO [54075ae2-17f0-4304-837c-16c32f3c378a main] ql.Driver: Completed compiling command(queryId=alex_20240501092350_47da31b3-9ae1-4d5c-81bb-8338d0d92130); Time taken: 0.003 seconds
2024-05-01T09:23:50,238  INFO [54075ae2-17f0-4304-837c-16c32f3c378a main] common.LogUtils: Unregistered logging context.
2024-05-01T09:23:50,238  INFO [HiveServer2-Background-Pool: Thread-334] common.LogUtils: Thread context registration is done.
2024-05-01T09:23:50,238  INFO [HiveServer2-Background-Pool: Thread-334] reexec.ReExecDriver: Execution #1 of query
2024-05-01T09:23:50,239  INFO [HiveServer2-Background-Pool: Thread-334] ql.Driver: Concurrency mode is disabled, not creating a lock manager
2024-05-01T09:23:50,239  INFO [HiveServer2-Background-Pool: Thread-334] ql.Driver: Executing command(queryId=alex_20240501092350_47da31b3-9ae1-4d5c-81bb-8338d0d92130): use default
2024-05-01T09:23:50,239  INFO [HiveServer2-Background-Pool: Thread-334] ql.Driver: Starting task [Stage-0:DDL] in serial mode
2024-05-01T09:23:50,240  INFO [HiveServer2-Background-Pool: Thread-334] HiveMetaStore.audit: ugi=alex	ip=unknown-ip-addr	cmd=get_database: default	
2024-05-01T09:23:50,241  INFO [HiveServer2-Background-Pool: Thread-334] metastore.HMSHandler: 17: Opening raw store with implementation class:org.apache.hadoop.hive.metastore.ObjectStore
2024-05-01T09:23:50,241  INFO [HiveServer2-Background-Pool: Thread-334] metastore.ObjectStore: RawStore: org.apache.hadoop.hive.metastore.ObjectStore@4f70f1ed, with PersistenceManager: null will be shutdown
2024-05-01T09:23:50,242  INFO [HiveServer2-Background-Pool: Thread-334] metastore.ObjectStore: RawStore: org.apache.hadoop.hive.metastore.ObjectStore@4f70f1ed, with PersistenceManager: org.datanucleus.api.jdo.JDOPersistenceManager@a726667 created in the thread with id: 334
2024-05-01T09:23:50,245  INFO [HiveServer2-Background-Pool: Thread-334] metastore.HMSHandler: Created RawStore: org.apache.hadoop.hive.metastore.ObjectStore@4f70f1ed from thread id: 334
2024-05-01T09:23:50,246  INFO [HiveServer2-Background-Pool: Thread-334] HiveMetaStore.audit: ugi=alex	ip=unknown-ip-addr	cmd=get_database: default	
2024-05-01T09:23:50,248  INFO [HiveServer2-Background-Pool: Thread-334] metadata.Hive: Dumping metastore api call timing information for : execution phase
2024-05-01T09:23:50,248  INFO [HiveServer2-Background-Pool: Thread-334] metadata.Hive: Total time spent in each metastore function (ms): {isCompatibleWith_(Configuration)=0, getDatabase_(String)=7}
2024-05-01T09:23:50,248  INFO [HiveServer2-Background-Pool: Thread-334] ql.Driver: Completed executing command(queryId=alex_20240501092350_47da31b3-9ae1-4d5c-81bb-8338d0d92130); Time taken: 0.009 seconds
2024-05-01T09:23:50,248  INFO [HiveServer2-Background-Pool: Thread-334] common.LogUtils: Unregistered logging context.
2024-05-01T09:23:50,250  INFO [54075ae2-17f0-4304-837c-16c32f3c378a main] operation.OperationManager: Closing operation: OperationHandle [opType=EXECUTE_STATEMENT, getHandleIdentifier()=5e68019c-4d29-44f5-abf2-42f1513fb466]
2024-05-01T09:23:50,250  INFO [54075ae2-17f0-4304-837c-16c32f3c378a main] operation.OperationManager: Removed queryId: alex_20240501092350_47da31b3-9ae1-4d5c-81bb-8338d0d92130 corresponding to operation: OperationHandle [opType=EXECUTE_STATEMENT, getHandleIdentifier()=5e68019c-4d29-44f5-abf2-42f1513fb466] with tag: null
2024-05-01T09:23:50,250  INFO [54075ae2-17f0-4304-837c-16c32f3c378a main] operation.SQLOperation: Closing operation log /home/alex/Repositories/hive/beeline/target/tmp/alex/operation_logs/54075ae2-17f0-4304-837c-16c32f3c378a/alex_20240501092350_47da31b3-9ae1-4d5c-81bb-8338d0d92130 without delay
2024-05-01T09:23:50,254  INFO [main] service.CompositeService: Session closed, SessionHandle [54075ae2-17f0-4304-837c-16c32f3c378a], current sessions:0
2024-05-01T09:23:50,255  INFO [54075ae2-17f0-4304-837c-16c32f3c378a main] session.HiveSessionImpl: Operation log session directory is deleted: /home/alex/Repositories/hive/beeline/target/tmp/alex/operation_logs/54075ae2-17f0-4304-837c-16c32f3c378a
2024-05-01T09:23:50,255  INFO [main] cleanup.EventualCleanupService: Delete /tmp/hive/alex/54075ae2-17f0-4304-837c-16c32f3c378a operation was queued
2024-05-01T09:23:50,255  INFO [main] cleanup.EventualCleanupService: Delete /home/alex/Repositories/hive/beeline/target/tmp/alex/54075ae2-17f0-4304-837c-16c32f3c378a operation was queued
2024-05-01T09:23:50,255  INFO [EventualCleanupService thread 1] cleanup.EventualCleanupService: Deleted /home/alex/Repositories/hive/beeline/target/tmp/alex/54075ae2-17f0-4304-837c-16c32f3c378a
2024-05-01T09:23:50,255  INFO [EventualCleanupService thread 0] cleanup.EventualCleanupService: Deleted /tmp/hive/alex/54075ae2-17f0-4304-837c-16c32f3c378a
2024-05-01T09:23:50,256  INFO [main] HiveMetaStore.audit: ugi=alex	ip=unknown-ip-addr	cmd=Cleaning up thread local RawStore...	
2024-05-01T09:23:50,256  INFO [main] metastore.ObjectStore: RawStore: org.apache.hadoop.hive.metastore.ObjectStore@2b6fcca1, with PersistenceManager: org.datanucleus.api.jdo.JDOPersistenceManager@39f93225 will be shutdown
2024-05-01T09:23:50,256  INFO [main] HiveMetaStore.audit: ugi=alex	ip=unknown-ip-addr	cmd=Done cleaning up thread local RawStore	
2024-05-01T09:23:50,256  INFO [main] metastore.HiveMetaStoreClient: Closed a connection to metastore, current connections: -19
]]></system-err>
  </testcase>
  <testcase name="testUseCurrentDB3" classname="org.apache.hive.beeline.cli.TestHiveCli" time="0.236">
    <failure type="java.lang.AssertionError"><![CDATA[java.lang.AssertionError: 
The expected keyword "hive (testDB)>" occur in the output: Connecting to jdbc:hive2://
Hive Session ID = caa7c909-bd72-4cfa-9690-2588840b70f8
ivysettings.xml file not found in HIVE_HOME or HIVE_CONF_DIR,/home/alex/Repositories/hive/conf/ivysettings.xml will be used
ivysettings.xml file not found in HIVE_HOME or HIVE_CONF_DIR,/home/alex/Repositories/hive/conf/ivysettings.xml will be used
Connected to: Apache Hive (version 4.0.0-SNAPSHOT)
Error: Couldn't load manifest attributes. (state=,code=0)
Transaction isolation: TRANSACTION_REPEATABLE_READ
Beeline version ??? by Apache Hive
hive> create database if not exists testDB; set hive.cli.print.current.db=true;use  testDB;
INFO  : Compiling command(queryId=alex_20240501092350_f23b5a59-ec2e-4985-afb7-a8bbdbc0b34e): create database if not exists testDB
INFO  : Semantic Analysis Completed (retrial = false)
INFO  : Created Hive schema: Schema(fieldSchemas:null, properties:null)
INFO  : Completed compiling command(queryId=alex_20240501092350_f23b5a59-ec2e-4985-afb7-a8bbdbc0b34e); Time taken: 0.006 seconds
INFO  : Concurrency mode is disabled, not creating a lock manager
INFO  : Executing command(queryId=alex_20240501092350_f23b5a59-ec2e-4985-afb7-a8bbdbc0b34e): create database if not exists testDB
INFO  : Starting task [Stage-0:DDL] in serial mode
DEBUG : Task getting executed using mapred tag : alex_20240501092350_f23b5a59-ec2e-4985-afb7-a8bbdbc0b34e,userid=null
INFO  : Completed executing command(queryId=alex_20240501092350_f23b5a59-ec2e-4985-afb7-a8bbdbc0b34e); Time taken: 0.009 seconds
DEBUG : Shutting down query create database if not exists testDB
Error: Failed to wait for operation to complete (state=08S01,code=0)
hive> use default;drop if exists testDB;
INFO  : Compiling command(queryId=alex_20240501092350_883070eb-06a8-47b6-a6b1-96231d5a578f): use default
INFO  : Semantic Analysis Completed (retrial = false)
INFO  : Created Hive schema: Schema(fieldSchemas:null, properties:null)
INFO  : Completed compiling command(queryId=alex_20240501092350_883070eb-06a8-47b6-a6b1-96231d5a578f); Time taken: 0.003 seconds
INFO  : Concurrency mode is disabled, not creating a lock manager
INFO  : Executing command(queryId=alex_20240501092350_883070eb-06a8-47b6-a6b1-96231d5a578f): use default
INFO  : Starting task [Stage-0:DDL] in serial mode
DEBUG : Task getting executed using mapred tag : alex_20240501092350_883070eb-06a8-47b6-a6b1-96231d5a578f,userid=null
INFO  : Completed executing command(queryId=alex_20240501092350_883070eb-06a8-47b6-a6b1-96231d5a578f); Time taken: 0.008 seconds
DEBUG : Shutting down query use default
Error: Failed to wait for operation to complete (state=08S01,code=0)
hive> Closing: 0: jdbc:hive2://

	at org.junit.Assert.fail(Assert.java:89)
	at org.junit.Assert.assertTrue(Assert.java:42)
	at org.apache.hive.beeline.cli.TestHiveCli.verifyCMD(TestHiveCli.java:270)
	at org.apache.hive.beeline.cli.TestHiveCli.testUseCurrentDB3(TestHiveCli.java:226)
	at sun.reflect.NativeMethodAccessorImpl.invoke0(Native Method)
	at sun.reflect.NativeMethodAccessorImpl.invoke(NativeMethodAccessorImpl.java:62)
	at sun.reflect.DelegatingMethodAccessorImpl.invoke(DelegatingMethodAccessorImpl.java:43)
	at java.lang.reflect.Method.invoke(Method.java:498)
	at org.junit.runners.model.FrameworkMethod$1.runReflectiveCall(FrameworkMethod.java:59)
	at org.junit.internal.runners.model.ReflectiveCallable.run(ReflectiveCallable.java:12)
	at org.junit.runners.model.FrameworkMethod.invokeExplosively(FrameworkMethod.java:56)
	at org.junit.internal.runners.statements.InvokeMethod.evaluate(InvokeMethod.java:17)
	at org.junit.internal.runners.statements.RunBefores.evaluate(RunBefores.java:26)
	at org.junit.internal.runners.statements.RunAfters.evaluate(RunAfters.java:27)
	at org.junit.runners.ParentRunner$3.evaluate(ParentRunner.java:306)
	at org.junit.runners.BlockJUnit4ClassRunner$1.evaluate(BlockJUnit4ClassRunner.java:100)
	at org.junit.runners.ParentRunner.runLeaf(ParentRunner.java:366)
	at org.junit.runners.BlockJUnit4ClassRunner.runChild(BlockJUnit4ClassRunner.java:103)
	at org.junit.runners.BlockJUnit4ClassRunner.runChild(BlockJUnit4ClassRunner.java:63)
	at org.junit.runners.ParentRunner$4.run(ParentRunner.java:331)
	at org.junit.runners.ParentRunner$1.schedule(ParentRunner.java:79)
	at org.junit.runners.ParentRunner.runChildren(ParentRunner.java:329)
	at org.junit.runners.ParentRunner.access$100(ParentRunner.java:66)
	at org.junit.runners.ParentRunner$2.evaluate(ParentRunner.java:293)
	at org.junit.internal.runners.statements.RunBefores.evaluate(RunBefores.java:26)
	at org.junit.runners.ParentRunner$3.evaluate(ParentRunner.java:306)
	at org.junit.runners.ParentRunner.run(ParentRunner.java:413)
	at org.junit.runner.JUnitCore.run(JUnitCore.java:137)
	at org.junit.runner.JUnitCore.run(JUnitCore.java:115)
	at org.junit.vintage.engine.execution.RunnerExecutor.execute(RunnerExecutor.java:43)
	at java.util.stream.ForEachOps$ForEachOp$OfRef.accept(ForEachOps.java:183)
	at java.util.stream.ReferencePipeline$3$1.accept(ReferencePipeline.java:193)
	at java.util.Iterator.forEachRemaining(Iterator.java:116)
	at java.util.Spliterators$IteratorSpliterator.forEachRemaining(Spliterators.java:1801)
	at java.util.stream.AbstractPipeline.copyInto(AbstractPipeline.java:482)
	at java.util.stream.AbstractPipeline.wrapAndCopyInto(AbstractPipeline.java:472)
	at java.util.stream.ForEachOps$ForEachOp.evaluateSequential(ForEachOps.java:150)
	at java.util.stream.ForEachOps$ForEachOp$OfRef.evaluateSequential(ForEachOps.java:173)
	at java.util.stream.AbstractPipeline.evaluate(AbstractPipeline.java:234)
	at java.util.stream.ReferencePipeline.forEach(ReferencePipeline.java:485)
	at org.junit.vintage.engine.VintageTestEngine.executeAllChildren(VintageTestEngine.java:82)
	at org.junit.vintage.engine.VintageTestEngine.execute(VintageTestEngine.java:73)
	at org.junit.platform.launcher.core.DefaultLauncher.execute(DefaultLauncher.java:248)
	at org.junit.platform.launcher.core.DefaultLauncher.lambda$execute$5(DefaultLauncher.java:211)
	at org.junit.platform.launcher.core.DefaultLauncher.withInterceptedStreams(DefaultLauncher.java:226)
	at org.junit.platform.launcher.core.DefaultLauncher.execute(DefaultLauncher.java:199)
	at org.junit.platform.launcher.core.DefaultLauncher.execute(DefaultLauncher.java:132)
	at org.apache.maven.surefire.junitplatform.JUnitPlatformProvider.invokeAllTests(JUnitPlatformProvider.java:154)
	at org.apache.maven.surefire.junitplatform.JUnitPlatformProvider.invoke(JUnitPlatformProvider.java:123)
	at org.apache.maven.surefire.booter.ForkedBooter.runSuitesInProcess(ForkedBooter.java:377)
	at org.apache.maven.surefire.booter.ForkedBooter.execute(ForkedBooter.java:138)
	at org.apache.maven.surefire.booter.ForkedBooter.run(ForkedBooter.java:465)
	at org.apache.maven.surefire.booter.ForkedBooter.main(ForkedBooter.java:451)
]]></failure>
    <system-err><![CDATA[2024-05-01T09:23:50,258 ERROR [main] cli.TestHiveCli: Failed to execute command due to the error: java.lang.NullPointerException: Null output stream
2024-05-01T09:23:50,306  WARN [main] conf.HiveConf: HiveConf of name hive.dummyparam.test.server.specific.config.override does not exist
2024-05-01T09:23:50,306  WARN [main] conf.HiveConf: HiveConf of name hive.dummyparam.test.server.specific.config.hiveserver2site does not exist
2024-05-01T09:23:50,307  WARN [main] conf.HiveConf: HiveConf of name hive.dummyparam.test.server.specific.config.metastoresite does not exist
2024-05-01T09:23:50,307  INFO [main] SessionState: Hive Session ID = caa7c909-bd72-4cfa-9690-2588840b70f8
2024-05-01T09:23:50,308  INFO [main] DependencyResolver: ivysettings.xml file not found in HIVE_HOME or HIVE_CONF_DIR,/home/alex/Repositories/hive/conf/ivysettings.xml will be used
2024-05-01T09:23:50,316  INFO [main] session.SessionState: Created HDFS directory: /tmp/hive/alex/caa7c909-bd72-4cfa-9690-2588840b70f8
2024-05-01T09:23:50,319  INFO [main] session.SessionState: Created local directory: /home/alex/Repositories/hive/beeline/target/tmp/alex/caa7c909-bd72-4cfa-9690-2588840b70f8
2024-05-01T09:23:50,323  INFO [main] session.SessionState: Created HDFS directory: /tmp/hive/alex/caa7c909-bd72-4cfa-9690-2588840b70f8/_tmp_space.db
2024-05-01T09:23:50,323  INFO [main] sqlstd.SQLStdHiveAccessController: Created SQLStdHiveAccessController for session context : HiveAuthzSessionContext [sessionString=caa7c909-bd72-4cfa-9690-2588840b70f8, clientType=HIVESERVER2]
2024-05-01T09:23:50,324  INFO [main] metastore.HiveMetaStoreClient: HMS client filtering is enabled.
2024-05-01T09:23:50,324  INFO [main] metastore.HMSHandler: 0: Opening raw store with implementation class:org.apache.hadoop.hive.metastore.ObjectStore
2024-05-01T09:23:50,324  INFO [main] metastore.PersistenceManagerProvider: Configuration datanucleus.autoStartMechanismMode is not set. Defaulting to 'ignored'
2024-05-01T09:23:50,325  INFO [main] metastore.ObjectStore: RawStore: org.apache.hadoop.hive.metastore.ObjectStore@343d1d25, with PersistenceManager: null will be shutdown
2024-05-01T09:23:50,325  INFO [main] metastore.ObjectStore: RawStore: org.apache.hadoop.hive.metastore.ObjectStore@343d1d25, with PersistenceManager: org.datanucleus.api.jdo.JDOPersistenceManager@762da62b created in the thread with id: 1
2024-05-01T09:23:50,328  INFO [main] metastore.HMSHandler: Created RawStore: org.apache.hadoop.hive.metastore.ObjectStore@343d1d25 from thread id: 1
2024-05-01T09:23:50,328  INFO [main] metastore.HMSHandler: HMS server filtering is disabled by configuration
2024-05-01T09:23:50,328  INFO [main] metastore.RetryingMetaStoreClient: RetryingMetaStoreClient proxy=class org.apache.hadoop.hive.ql.metadata.SessionHiveMetaStoreClient ugi=alex (auth:SIMPLE) retries=1 delay=1 lifetime=0
2024-05-01T09:23:50,329  INFO [main] service.CompositeService: Operation log root directory is created: /home/alex/Repositories/hive/beeline/target/tmp/alex/operation_logs
2024-05-01T09:23:50,329  INFO [main] service.CompositeService: HiveServer2: Background operation thread pool size: 100
2024-05-01T09:23:50,329  INFO [main] service.CompositeService: HiveServer2: Background operation thread wait queue size: 100
2024-05-01T09:23:50,329  INFO [main] service.CompositeService: HiveServer2: Background operation thread keepalive time: 10 seconds
2024-05-01T09:23:50,329  INFO [main] service.CompositeService: Connections limit are user: 0 ipaddress: 0 user-ipaddress: 0
2024-05-01T09:23:50,331  INFO [main] cleanup.EventualCleanupService: EventualCleanupService started with 10 threads and queue of size 10000
ERROR StatusLogger Log4j2 ConfigurationScheduler attempted to increment scheduled items after start
ERROR StatusLogger Log4j2 ConfigurationScheduler attempted to increment scheduled items after start
2024-05-01T09:23:50,332  INFO [main] service.AbstractService: Service:OperationManager is inited.
2024-05-01T09:23:50,332  INFO [main] service.AbstractService: Service:SessionManager is inited.
2024-05-01T09:23:50,332  INFO [main] service.AbstractService: Service:CLIService is inited.
2024-05-01T09:23:50,332  INFO [main] service.AbstractService: Service:OperationManager is started.
2024-05-01T09:23:50,332  INFO [main] service.AbstractService: Service:SessionManager is started.
2024-05-01T09:23:50,332  INFO [main] service.AbstractService: Service:CLIService is started.
2024-05-01T09:23:50,333  INFO [main] service.AbstractService: Service:ThriftBinaryCLIService is inited.
2024-05-01T09:23:50,333  INFO [main] thrift.ThriftCLIService: Client protocol version: HIVE_CLI_SERVICE_PROTOCOL_V10
2024-05-01T09:23:50,333  INFO [main] thrift.ThriftCLIService: Creating Hive session handle for user [null] from IP null
2024-05-01T09:23:50,334  INFO [main] DependencyResolver: ivysettings.xml file not found in HIVE_HOME or HIVE_CONF_DIR,/home/alex/Repositories/hive/conf/ivysettings.xml will be used
2024-05-01T09:23:50,341  INFO [main] session.SessionState: Created HDFS directory: /tmp/hive/alex/5380b781-54d7-4c0d-9730-e9d59afb4661
2024-05-01T09:23:50,344  INFO [main] session.SessionState: Created local directory: /home/alex/Repositories/hive/beeline/target/tmp/alex/5380b781-54d7-4c0d-9730-e9d59afb4661
2024-05-01T09:23:50,348  INFO [main] session.SessionState: Created HDFS directory: /tmp/hive/alex/5380b781-54d7-4c0d-9730-e9d59afb4661/_tmp_space.db
2024-05-01T09:23:50,348  INFO [main] session.SessionState: Reloading auxiliary JAR files
2024-05-01T09:23:50,348  WARN [main] session.SessionState: Configuration hive.reloadable.aux.jars.path not specified
2024-05-01T09:23:50,348  INFO [main] HiveMetaStore.audit: ugi=alex	ip=unknown-ip-addr	cmd=Cleaning up thread local RawStore...	
2024-05-01T09:23:50,348  INFO [main] metastore.ObjectStore: RawStore: org.apache.hadoop.hive.metastore.ObjectStore@343d1d25, with PersistenceManager: org.datanucleus.api.jdo.JDOPersistenceManager@762da62b will be shutdown
2024-05-01T09:23:50,348  INFO [main] HiveMetaStore.audit: ugi=alex	ip=unknown-ip-addr	cmd=Done cleaning up thread local RawStore	
2024-05-01T09:23:50,348  INFO [main] metastore.HiveMetaStoreClient: Closed a connection to metastore, current connections: -20
2024-05-01T09:23:50,348  INFO [main] session.HiveSessionImpl: Operation log session directory is created: /home/alex/Repositories/hive/beeline/target/tmp/alex/operation_logs/5380b781-54d7-4c0d-9730-e9d59afb4661
2024-05-01T09:23:50,348  INFO [main] service.CompositeService: Session opened, SessionHandle [5380b781-54d7-4c0d-9730-e9d59afb4661], current sessions:1
2024-05-01T09:23:50,348  INFO [main] thrift.ThriftCLIService: Login attempt is successful for user : null
2024-05-01T09:23:50,401  WARN [main] conf.HiveConf: HiveConf of name hive.dummyparam.test.server.specific.config.override does not exist
2024-05-01T09:23:50,401  WARN [main] conf.HiveConf: HiveConf of name hive.dummyparam.test.server.specific.config.hiveserver2site does not exist
2024-05-01T09:23:50,401  WARN [main] conf.HiveConf: HiveConf of name hive.dummyparam.test.server.specific.config.metastoresite does not exist
2024-05-01T09:23:50,402  INFO [5380b781-54d7-4c0d-9730-e9d59afb4661 main] session.HiveSessionImpl: executing set
2024-05-01T09:23:50,403  INFO [5380b781-54d7-4c0d-9730-e9d59afb4661 main] operation.HiveCommandOperation: Putting temp output to file /home/alex/Repositories/hive/beeline/target/tmp/alex/5380b781-54d7-4c0d-9730-e9d59afb46618335431715950338442.pipeout and error output to file /home/alex/Repositories/hive/beeline/target/tmp/alex/5380b781-54d7-4c0d-9730-e9d59afb46617300171875985064715.pipeout
2024-05-01T09:23:50,403  INFO [5380b781-54d7-4c0d-9730-e9d59afb4661 main] operation.OperationManager: Adding operation: OperationHandle [opType=EXECUTE_STATEMENT, getHandleIdentifier()=56908ddd-8d27-4d5a-8806-61ea1aed00f3] SessionHandle [5380b781-54d7-4c0d-9730-e9d59afb4661]
2024-05-01T09:23:50,403  INFO [5380b781-54d7-4c0d-9730-e9d59afb4661 main] common.LogUtils: Thread context registration is done.
DEBUG StatusLogger Building Plugin[name=filter, class=org.apache.hadoop.hive.ql.log.LogDivertAppender$NameFilter].
DEBUG StatusLogger createFilter(loggingLevel="EXECUTION")
DEBUG StatusLogger Building Plugin[name=layout, class=org.apache.logging.log4j.core.layout.PatternLayout].
DEBUG StatusLogger PatternLayout$Builder(pattern="%-5p : %m%n", PatternSelector=null, Configuration(HiveLog4j2Test), Replace=null, charset="null", alwaysWriteExceptions="null", disableAnsi="null", noConsoleNoAnsi="null", header="null", footer="null")
DEBUG StatusLogger Building Plugin[name=appender, class=org.apache.hadoop.hive.ql.log.HushableRandomAccessFileAppender].
DEBUG StatusLogger createAppender(fileName="/home/alex/Repositories/hive/beeline/target/tmp/alex/operation_logs/5380b781-54d7-4c0d-9730-e9d59afb4661/alex_20240501092350_659664f8-a1bb-4951-b09b-b2fd7a6af10c", append="null", name="query-file-appender", immediateFlush="null", bufferSize="null", ignoreExceptions="null", PatternLayout(org.apache.logging.log4j.core.layout.PatternLayout with name PatternLayout), NameFilter(org.apache.hadoop.hive.ql.log.LogDivertAppender$NameFilter with name NameFilter), advertise="null", advertiseURI="null", Configuration(HiveLog4j2Test))
DEBUG StatusLogger Starting RandomAccessFileManager /home/alex/Repositories/hive/beeline/target/tmp/alex/operation_logs/5380b781-54d7-4c0d-9730-e9d59afb4661/alex_20240501092350_659664f8-a1bb-4951-b09b-b2fd7a6af10c
DEBUG StatusLogger Building Plugin[name=, class=org.apache.hadoop.hive.ql.log.LogDivertAppenderForTest$TestFilter].
DEBUG StatusLogger createFilter()
DEBUG StatusLogger Building Plugin[name=, class=org.apache.logging.log4j.core.layout.PatternLayout].
DEBUG StatusLogger PatternLayout$Builder(pattern="%-5p : %m%n", PatternSelector=null, Configuration(HiveLog4j2Test), Replace=null, charset="null", alwaysWriteExceptions="null", disableAnsi="null", noConsoleNoAnsi="null", header="null", footer="null")
DEBUG StatusLogger Building Plugin[name=appender, class=org.apache.hadoop.hive.ql.log.HushableRandomAccessFileAppender].
DEBUG StatusLogger createAppender(fileName="/home/alex/Repositories/hive/beeline/target/tmp/alex/operation_logs/5380b781-54d7-4c0d-9730-e9d59afb4661/alex_20240501092350_659664f8-a1bb-4951-b09b-b2fd7a6af10c.test", append="null", name="test-query-file-appender", immediateFlush="null", bufferSize="null", ignoreExceptions="null", PatternLayout(org.apache.logging.log4j.core.layout.PatternLayout with name PatternLayout), test-filter(org.apache.hadoop.hive.ql.log.LogDivertAppenderForTest$TestFilter with name test-filter), advertise="null", advertiseURI="null", Configuration(HiveLog4j2Test))
DEBUG StatusLogger Starting RandomAccessFileManager /home/alex/Repositories/hive/beeline/target/tmp/alex/operation_logs/5380b781-54d7-4c0d-9730-e9d59afb4661/alex_20240501092350_659664f8-a1bb-4951-b09b-b2fd7a6af10c.test
2024-05-01T09:23:50,408  INFO [5380b781-54d7-4c0d-9730-e9d59afb4661 main] operation.HiveCommandOperation: [opType=EXECUTE_STATEMENT, queryId=alex_20240501092350_659664f8-a1bb-4951-b09b-b2fd7a6af10c, startTime=1714580630402, sessionId=5380b781-54d7-4c0d-9730-e9d59afb4661, createTime=1714580630333, userName=null, ipAddress=null]
2024-05-01T09:23:50,418  INFO [5380b781-54d7-4c0d-9730-e9d59afb4661 main] common.LogUtils: Unregistered logging context.
2024-05-01T09:23:50,422  INFO [5380b781-54d7-4c0d-9730-e9d59afb4661 main] operation.OperationManager: Closing operation: OperationHandle [opType=EXECUTE_STATEMENT, getHandleIdentifier()=56908ddd-8d27-4d5a-8806-61ea1aed00f3]
2024-05-01T09:23:50,422  INFO [5380b781-54d7-4c0d-9730-e9d59afb4661 main] operation.OperationManager: Removed queryId: alex_20240501092350_659664f8-a1bb-4951-b09b-b2fd7a6af10c corresponding to operation: OperationHandle [opType=EXECUTE_STATEMENT, getHandleIdentifier()=56908ddd-8d27-4d5a-8806-61ea1aed00f3] with tag: null
2024-05-01T09:23:50,423  INFO [5380b781-54d7-4c0d-9730-e9d59afb4661 main] operation.HiveCommandOperation: Closing operation log /home/alex/Repositories/hive/beeline/target/tmp/alex/operation_logs/5380b781-54d7-4c0d-9730-e9d59afb4661/alex_20240501092350_659664f8-a1bb-4951-b09b-b2fd7a6af10c without delay
2024-05-01T09:23:50,430  INFO [5380b781-54d7-4c0d-9730-e9d59afb4661 main] session.HiveSessionImpl: executing create database if not exists testDB
2024-05-01T09:23:50,431  INFO [5380b781-54d7-4c0d-9730-e9d59afb4661 main] operation.OperationManager: Adding operation: OperationHandle [opType=EXECUTE_STATEMENT, getHandleIdentifier()=92da5b80-ffd7-43d7-abf1-e610b74a2dd8] SessionHandle [5380b781-54d7-4c0d-9730-e9d59afb4661]
2024-05-01T09:23:50,431  INFO [5380b781-54d7-4c0d-9730-e9d59afb4661 main] common.LogUtils: Thread context registration is done.
DEBUG StatusLogger Building Plugin[name=filter, class=org.apache.hadoop.hive.ql.log.LogDivertAppender$NameFilter].
DEBUG StatusLogger createFilter(loggingLevel="EXECUTION")
DEBUG StatusLogger Building Plugin[name=layout, class=org.apache.logging.log4j.core.layout.PatternLayout].
DEBUG StatusLogger PatternLayout$Builder(pattern="%-5p : %m%n", PatternSelector=null, Configuration(HiveLog4j2Test), Replace=null, charset="null", alwaysWriteExceptions="null", disableAnsi="null", noConsoleNoAnsi="null", header="null", footer="null")
DEBUG StatusLogger Building Plugin[name=appender, class=org.apache.hadoop.hive.ql.log.HushableRandomAccessFileAppender].
DEBUG StatusLogger createAppender(fileName="/home/alex/Repositories/hive/beeline/target/tmp/alex/operation_logs/5380b781-54d7-4c0d-9730-e9d59afb4661/alex_20240501092350_f23b5a59-ec2e-4985-afb7-a8bbdbc0b34e", append="null", name="query-file-appender", immediateFlush="null", bufferSize="null", ignoreExceptions="null", PatternLayout(org.apache.logging.log4j.core.layout.PatternLayout with name PatternLayout), NameFilter(org.apache.hadoop.hive.ql.log.LogDivertAppender$NameFilter with name NameFilter), advertise="null", advertiseURI="null", Configuration(HiveLog4j2Test))
DEBUG StatusLogger Starting RandomAccessFileManager /home/alex/Repositories/hive/beeline/target/tmp/alex/operation_logs/5380b781-54d7-4c0d-9730-e9d59afb4661/alex_20240501092350_f23b5a59-ec2e-4985-afb7-a8bbdbc0b34e
DEBUG StatusLogger Building Plugin[name=, class=org.apache.hadoop.hive.ql.log.LogDivertAppenderForTest$TestFilter].
DEBUG StatusLogger createFilter()
DEBUG StatusLogger Building Plugin[name=, class=org.apache.logging.log4j.core.layout.PatternLayout].
DEBUG StatusLogger PatternLayout$Builder(pattern="%-5p : %m%n", PatternSelector=null, Configuration(HiveLog4j2Test), Replace=null, charset="null", alwaysWriteExceptions="null", disableAnsi="null", noConsoleNoAnsi="null", header="null", footer="null")
DEBUG StatusLogger Building Plugin[name=appender, class=org.apache.hadoop.hive.ql.log.HushableRandomAccessFileAppender].
DEBUG StatusLogger createAppender(fileName="/home/alex/Repositories/hive/beeline/target/tmp/alex/operation_logs/5380b781-54d7-4c0d-9730-e9d59afb4661/alex_20240501092350_f23b5a59-ec2e-4985-afb7-a8bbdbc0b34e.test", append="null", name="test-query-file-appender", immediateFlush="null", bufferSize="null", ignoreExceptions="null", PatternLayout(org.apache.logging.log4j.core.layout.PatternLayout with name PatternLayout), test-filter(org.apache.hadoop.hive.ql.log.LogDivertAppenderForTest$TestFilter with name test-filter), advertise="null", advertiseURI="null", Configuration(HiveLog4j2Test))
DEBUG StatusLogger Starting RandomAccessFileManager /home/alex/Repositories/hive/beeline/target/tmp/alex/operation_logs/5380b781-54d7-4c0d-9730-e9d59afb4661/alex_20240501092350_f23b5a59-ec2e-4985-afb7-a8bbdbc0b34e.test
2024-05-01T09:23:50,435  INFO [5380b781-54d7-4c0d-9730-e9d59afb4661 main] operation.SQLOperation: [opType=EXECUTE_STATEMENT, queryId=alex_20240501092350_f23b5a59-ec2e-4985-afb7-a8bbdbc0b34e, startTime=1714580630430, sessionId=5380b781-54d7-4c0d-9730-e9d59afb4661, createTime=1714580630333, userName=null, ipAddress=null]
2024-05-01T09:23:50,436  INFO [5380b781-54d7-4c0d-9730-e9d59afb4661 main] ql.Driver: Compiling command(queryId=alex_20240501092350_f23b5a59-ec2e-4985-afb7-a8bbdbc0b34e): create database if not exists testDB
2024-05-01T09:23:50,437  INFO [5380b781-54d7-4c0d-9730-e9d59afb4661 main] metastore.HiveMetaStoreClient: HMS client filtering is enabled.
2024-05-01T09:23:50,437  INFO [5380b781-54d7-4c0d-9730-e9d59afb4661 main] metastore.HMSHandler: 0: Opening raw store with implementation class:org.apache.hadoop.hive.metastore.ObjectStore
2024-05-01T09:23:50,438  INFO [5380b781-54d7-4c0d-9730-e9d59afb4661 main] metastore.PersistenceManagerProvider: Configuration datanucleus.autoStartMechanismMode is not set. Defaulting to 'ignored'
2024-05-01T09:23:50,438  INFO [5380b781-54d7-4c0d-9730-e9d59afb4661 main] metastore.ObjectStore: RawStore: org.apache.hadoop.hive.metastore.ObjectStore@3de45b6c, with PersistenceManager: null will be shutdown
2024-05-01T09:23:50,438  INFO [5380b781-54d7-4c0d-9730-e9d59afb4661 main] metastore.ObjectStore: RawStore: org.apache.hadoop.hive.metastore.ObjectStore@3de45b6c, with PersistenceManager: org.datanucleus.api.jdo.JDOPersistenceManager@37caecda created in the thread with id: 1
2024-05-01T09:23:50,441  INFO [5380b781-54d7-4c0d-9730-e9d59afb4661 main] metastore.HMSHandler: Created RawStore: org.apache.hadoop.hive.metastore.ObjectStore@3de45b6c from thread id: 1
2024-05-01T09:23:50,441  INFO [5380b781-54d7-4c0d-9730-e9d59afb4661 main] metastore.HMSHandler: HMS server filtering is disabled by configuration
2024-05-01T09:23:50,442  INFO [5380b781-54d7-4c0d-9730-e9d59afb4661 main] metastore.RetryingMetaStoreClient: RetryingMetaStoreClient proxy=class org.apache.hadoop.hive.ql.metadata.SessionHiveMetaStoreClient ugi=alex (auth:SIMPLE) retries=1 delay=1 lifetime=0
2024-05-01T09:23:50,442  INFO [5380b781-54d7-4c0d-9730-e9d59afb4661 main] ql.Driver: Semantic Analysis Completed (retrial = false)
2024-05-01T09:23:50,442  INFO [5380b781-54d7-4c0d-9730-e9d59afb4661 main] ql.Driver: Created Hive schema: Schema(fieldSchemas:null, properties:null)
2024-05-01T09:23:50,443  INFO [5380b781-54d7-4c0d-9730-e9d59afb4661 main] metadata.Hive: Dumping metastore api call timing information for : compilation phase
2024-05-01T09:23:50,443  INFO [5380b781-54d7-4c0d-9730-e9d59afb4661 main] metadata.Hive: Total time spent in each metastore function (ms): {isCompatibleWith_(Configuration)=0, flushCache_()=0}
2024-05-01T09:23:50,443  INFO [5380b781-54d7-4c0d-9730-e9d59afb4661 main] ql.Driver: Completed compiling command(queryId=alex_20240501092350_f23b5a59-ec2e-4985-afb7-a8bbdbc0b34e); Time taken: 0.006 seconds
2024-05-01T09:23:50,443  INFO [5380b781-54d7-4c0d-9730-e9d59afb4661 main] common.LogUtils: Unregistered logging context.
2024-05-01T09:23:50,444  INFO [HiveServer2-Background-Pool: Thread-357] common.LogUtils: Thread context registration is done.
2024-05-01T09:23:50,444  INFO [HiveServer2-Background-Pool: Thread-357] reexec.ReExecDriver: Execution #1 of query
2024-05-01T09:23:50,445  INFO [HiveServer2-Background-Pool: Thread-357] ql.Driver: Concurrency mode is disabled, not creating a lock manager
2024-05-01T09:23:50,445  INFO [HiveServer2-Background-Pool: Thread-357] ql.Driver: Executing command(queryId=alex_20240501092350_f23b5a59-ec2e-4985-afb7-a8bbdbc0b34e): create database if not exists testDB
2024-05-01T09:23:50,446  INFO [HiveServer2-Background-Pool: Thread-357] ql.Driver: Starting task [Stage-0:DDL] in serial mode
2024-05-01T09:23:50,447  INFO [HiveServer2-Background-Pool: Thread-357] sqlstd.SQLStdHiveAccessController: Created SQLStdHiveAccessController for session context : HiveAuthzSessionContext [sessionString=5380b781-54d7-4c0d-9730-e9d59afb4661, clientType=HIVESERVER2]
2024-05-01T09:23:50,447  WARN [HiveServer2-Background-Pool: Thread-357] exec.DDLTask: metastore.warehouse.external.dir is not set, falling back to metastore.warehouse.dir. This could cause external tables to use to managed tablespace.
2024-05-01T09:23:50,448  INFO [HiveServer2-Background-Pool: Thread-357] HiveMetaStore.audit: ugi=alex	ip=unknown-ip-addr	cmd=create_database: Database(name:testDB, description:null, locationUri:file:/home/alex/Repositories/hive/beeline/target/tmp/warehouse/testdb.db, parameters:null, ownerName:alex, ownerType:USER, catalogName:hive, type:NATIVE)	
2024-05-01T09:23:50,449  INFO [HiveServer2-Background-Pool: Thread-357] metastore.HMSHandler: 18: Opening raw store with implementation class:org.apache.hadoop.hive.metastore.ObjectStore
2024-05-01T09:23:50,450  INFO [HiveServer2-Background-Pool: Thread-357] metastore.ObjectStore: RawStore: org.apache.hadoop.hive.metastore.ObjectStore@687604b7, with PersistenceManager: null will be shutdown
2024-05-01T09:23:50,450  INFO [HiveServer2-Background-Pool: Thread-357] metastore.ObjectStore: RawStore: org.apache.hadoop.hive.metastore.ObjectStore@687604b7, with PersistenceManager: org.datanucleus.api.jdo.JDOPersistenceManager@2d7497dd created in the thread with id: 357
2024-05-01T09:23:50,453  INFO [HiveServer2-Background-Pool: Thread-357] metastore.HMSHandler: Created RawStore: org.apache.hadoop.hive.metastore.ObjectStore@687604b7 from thread id: 357
2024-05-01T09:23:50,454 ERROR [HiveServer2-Background-Pool: Thread-357] metastore.RetryingHMSHandler: AlreadyExistsException(message:Database testDB already exists)
	at org.apache.hadoop.hive.metastore.HMSHandler.create_database(HMSHandler.java:1472)
	at sun.reflect.NativeMethodAccessorImpl.invoke0(Native Method)
	at sun.reflect.NativeMethodAccessorImpl.invoke(NativeMethodAccessorImpl.java:62)
	at sun.reflect.DelegatingMethodAccessorImpl.invoke(DelegatingMethodAccessorImpl.java:43)
	at java.lang.reflect.Method.invoke(Method.java:498)
	at org.apache.hadoop.hive.metastore.RetryingHMSHandler.invokeInternal(RetryingHMSHandler.java:147)
	at org.apache.hadoop.hive.metastore.RetryingHMSHandler.invoke(RetryingHMSHandler.java:108)
	at com.sun.proxy.$Proxy40.create_database(Unknown Source)
	at org.apache.hadoop.hive.metastore.HiveMetaStoreClient.createDatabase(HiveMetaStoreClient.java:1151)
	at sun.reflect.NativeMethodAccessorImpl.invoke0(Native Method)
	at sun.reflect.NativeMethodAccessorImpl.invoke(NativeMethodAccessorImpl.java:62)
	at sun.reflect.DelegatingMethodAccessorImpl.invoke(DelegatingMethodAccessorImpl.java:43)
	at java.lang.reflect.Method.invoke(Method.java:498)
	at org.apache.hadoop.hive.metastore.RetryingMetaStoreClient.invoke(RetryingMetaStoreClient.java:218)
	at com.sun.proxy.$Proxy41.createDatabase(Unknown Source)
	at org.apache.hadoop.hive.ql.metadata.Hive.createDatabase(Hive.java:605)
	at org.apache.hadoop.hive.ql.ddl.database.create.CreateDatabaseOperation.execute(CreateDatabaseOperation.java:68)
	at org.apache.hadoop.hive.ql.ddl.DDLTask.execute(DDLTask.java:84)
	at org.apache.hadoop.hive.ql.exec.Task.executeTask(Task.java:212)
	at org.apache.hadoop.hive.ql.exec.TaskRunner.runSequential(TaskRunner.java:105)
	at org.apache.hadoop.hive.ql.Executor.launchTask(Executor.java:361)
	at org.apache.hadoop.hive.ql.Executor.launchTasks(Executor.java:334)
	at org.apache.hadoop.hive.ql.Executor.runTasks(Executor.java:245)
	at org.apache.hadoop.hive.ql.Executor.execute(Executor.java:108)
	at org.apache.hadoop.hive.ql.Driver.execute(Driver.java:348)
	at org.apache.hadoop.hive.ql.Driver.runInternal(Driver.java:204)
	at org.apache.hadoop.hive.ql.Driver.run(Driver.java:153)
	at org.apache.hadoop.hive.ql.Driver.run(Driver.java:148)
	at org.apache.hadoop.hive.ql.reexec.ReExecDriver.run(ReExecDriver.java:164)
	at org.apache.hive.service.cli.operation.SQLOperation.runQuery(SQLOperation.java:233)
	at org.apache.hive.service.cli.operation.SQLOperation.access$500(SQLOperation.java:88)
	at org.apache.hive.service.cli.operation.SQLOperation$BackgroundWork$1.run(SQLOperation.java:336)
	at java.security.AccessController.doPrivileged(Native Method)
	at javax.security.auth.Subject.doAs(Subject.java:422)
	at org.apache.hadoop.security.UserGroupInformation.doAs(UserGroupInformation.java:1682)
	at org.apache.hive.service.cli.operation.SQLOperation$BackgroundWork.run(SQLOperation.java:356)
	at java.util.concurrent.Executors$RunnableAdapter.call(Executors.java:511)
	at java.util.concurrent.FutureTask.run(FutureTask.java:266)
	at java.util.concurrent.ThreadPoolExecutor.runWorker(ThreadPoolExecutor.java:1149)
	at java.util.concurrent.ThreadPoolExecutor$Worker.run(ThreadPoolExecutor.java:624)
	at java.lang.Thread.run(Thread.java:750)

2024-05-01T09:23:50,455  INFO [HiveServer2-Background-Pool: Thread-357] metadata.Hive: Dumping metastore api call timing information for : execution phase
2024-05-01T09:23:50,455  INFO [HiveServer2-Background-Pool: Thread-357] metadata.Hive: Total time spent in each metastore function (ms): {isCompatibleWith_(Configuration)=0}
2024-05-01T09:23:50,455  INFO [HiveServer2-Background-Pool: Thread-357] ql.Driver: Completed executing command(queryId=alex_20240501092350_f23b5a59-ec2e-4985-afb7-a8bbdbc0b34e); Time taken: 0.009 seconds
2024-05-01T09:23:50,455  INFO [HiveServer2-Background-Pool: Thread-357] common.LogUtils: Unregistered logging context.
2024-05-01T09:23:50,458  INFO [5380b781-54d7-4c0d-9730-e9d59afb4661 main] operation.OperationManager: Closing operation: OperationHandle [opType=EXECUTE_STATEMENT, getHandleIdentifier()=92da5b80-ffd7-43d7-abf1-e610b74a2dd8]
2024-05-01T09:23:50,458  INFO [5380b781-54d7-4c0d-9730-e9d59afb4661 main] operation.OperationManager: Removed queryId: alex_20240501092350_f23b5a59-ec2e-4985-afb7-a8bbdbc0b34e corresponding to operation: OperationHandle [opType=EXECUTE_STATEMENT, getHandleIdentifier()=92da5b80-ffd7-43d7-abf1-e610b74a2dd8] with tag: null
2024-05-01T09:23:50,458  INFO [5380b781-54d7-4c0d-9730-e9d59afb4661 main] operation.SQLOperation: Closing operation log /home/alex/Repositories/hive/beeline/target/tmp/alex/operation_logs/5380b781-54d7-4c0d-9730-e9d59afb4661/alex_20240501092350_f23b5a59-ec2e-4985-afb7-a8bbdbc0b34e without delay
2024-05-01T09:23:50,464  INFO [5380b781-54d7-4c0d-9730-e9d59afb4661 main] session.HiveSessionImpl: executing use default
2024-05-01T09:23:50,465  INFO [5380b781-54d7-4c0d-9730-e9d59afb4661 main] operation.OperationManager: Adding operation: OperationHandle [opType=EXECUTE_STATEMENT, getHandleIdentifier()=32a1e8a7-babb-43fd-96db-be6881649ad7] SessionHandle [5380b781-54d7-4c0d-9730-e9d59afb4661]
2024-05-01T09:23:50,465  INFO [5380b781-54d7-4c0d-9730-e9d59afb4661 main] common.LogUtils: Thread context registration is done.
DEBUG StatusLogger Building Plugin[name=filter, class=org.apache.hadoop.hive.ql.log.LogDivertAppender$NameFilter].
DEBUG StatusLogger createFilter(loggingLevel="EXECUTION")
DEBUG StatusLogger Building Plugin[name=layout, class=org.apache.logging.log4j.core.layout.PatternLayout].
DEBUG StatusLogger PatternLayout$Builder(pattern="%-5p : %m%n", PatternSelector=null, Configuration(HiveLog4j2Test), Replace=null, charset="null", alwaysWriteExceptions="null", disableAnsi="null", noConsoleNoAnsi="null", header="null", footer="null")
DEBUG StatusLogger Building Plugin[name=appender, class=org.apache.hadoop.hive.ql.log.HushableRandomAccessFileAppender].
DEBUG StatusLogger createAppender(fileName="/home/alex/Repositories/hive/beeline/target/tmp/alex/operation_logs/5380b781-54d7-4c0d-9730-e9d59afb4661/alex_20240501092350_883070eb-06a8-47b6-a6b1-96231d5a578f", append="null", name="query-file-appender", immediateFlush="null", bufferSize="null", ignoreExceptions="null", PatternLayout(org.apache.logging.log4j.core.layout.PatternLayout with name PatternLayout), NameFilter(org.apache.hadoop.hive.ql.log.LogDivertAppender$NameFilter with name NameFilter), advertise="null", advertiseURI="null", Configuration(HiveLog4j2Test))
DEBUG StatusLogger Starting RandomAccessFileManager /home/alex/Repositories/hive/beeline/target/tmp/alex/operation_logs/5380b781-54d7-4c0d-9730-e9d59afb4661/alex_20240501092350_883070eb-06a8-47b6-a6b1-96231d5a578f
DEBUG StatusLogger Building Plugin[name=, class=org.apache.hadoop.hive.ql.log.LogDivertAppenderForTest$TestFilter].
DEBUG StatusLogger createFilter()
DEBUG StatusLogger Building Plugin[name=, class=org.apache.logging.log4j.core.layout.PatternLayout].
DEBUG StatusLogger PatternLayout$Builder(pattern="%-5p : %m%n", PatternSelector=null, Configuration(HiveLog4j2Test), Replace=null, charset="null", alwaysWriteExceptions="null", disableAnsi="null", noConsoleNoAnsi="null", header="null", footer="null")
DEBUG StatusLogger Building Plugin[name=appender, class=org.apache.hadoop.hive.ql.log.HushableRandomAccessFileAppender].
DEBUG StatusLogger createAppender(fileName="/home/alex/Repositories/hive/beeline/target/tmp/alex/operation_logs/5380b781-54d7-4c0d-9730-e9d59afb4661/alex_20240501092350_883070eb-06a8-47b6-a6b1-96231d5a578f.test", append="null", name="test-query-file-appender", immediateFlush="null", bufferSize="null", ignoreExceptions="null", PatternLayout(org.apache.logging.log4j.core.layout.PatternLayout with name PatternLayout), test-filter(org.apache.hadoop.hive.ql.log.LogDivertAppenderForTest$TestFilter with name test-filter), advertise="null", advertiseURI="null", Configuration(HiveLog4j2Test))
DEBUG StatusLogger Starting RandomAccessFileManager /home/alex/Repositories/hive/beeline/target/tmp/alex/operation_logs/5380b781-54d7-4c0d-9730-e9d59afb4661/alex_20240501092350_883070eb-06a8-47b6-a6b1-96231d5a578f.test
2024-05-01T09:23:50,470  INFO [5380b781-54d7-4c0d-9730-e9d59afb4661 main] operation.SQLOperation: [opType=EXECUTE_STATEMENT, queryId=alex_20240501092350_883070eb-06a8-47b6-a6b1-96231d5a578f, startTime=1714580630464, sessionId=5380b781-54d7-4c0d-9730-e9d59afb4661, createTime=1714580630333, userName=null, ipAddress=null]
2024-05-01T09:23:50,472  INFO [5380b781-54d7-4c0d-9730-e9d59afb4661 main] ql.Driver: Compiling command(queryId=alex_20240501092350_883070eb-06a8-47b6-a6b1-96231d5a578f): use default
2024-05-01T09:23:50,473  INFO [5380b781-54d7-4c0d-9730-e9d59afb4661 main] HiveMetaStore.audit: ugi=alex	ip=unknown-ip-addr	cmd=get_database: default	
2024-05-01T09:23:50,474  INFO [5380b781-54d7-4c0d-9730-e9d59afb4661 main] ql.Driver: Semantic Analysis Completed (retrial = false)
2024-05-01T09:23:50,474  INFO [5380b781-54d7-4c0d-9730-e9d59afb4661 main] ql.Driver: Created Hive schema: Schema(fieldSchemas:null, properties:null)
2024-05-01T09:23:50,475  INFO [5380b781-54d7-4c0d-9730-e9d59afb4661 main] metadata.Hive: Dumping metastore api call timing information for : compilation phase
2024-05-01T09:23:50,475  INFO [5380b781-54d7-4c0d-9730-e9d59afb4661 main] metadata.Hive: Total time spent in each metastore function (ms): {isCompatibleWith_(Configuration)=0, getDatabase_(String)=1, flushCache_()=0}
2024-05-01T09:23:50,475  INFO [5380b781-54d7-4c0d-9730-e9d59afb4661 main] ql.Driver: Completed compiling command(queryId=alex_20240501092350_883070eb-06a8-47b6-a6b1-96231d5a578f); Time taken: 0.003 seconds
2024-05-01T09:23:50,475  INFO [5380b781-54d7-4c0d-9730-e9d59afb4661 main] common.LogUtils: Unregistered logging context.
2024-05-01T09:23:50,475  INFO [HiveServer2-Background-Pool: Thread-360] common.LogUtils: Thread context registration is done.
2024-05-01T09:23:50,476  INFO [HiveServer2-Background-Pool: Thread-360] reexec.ReExecDriver: Execution #1 of query
2024-05-01T09:23:50,476  INFO [HiveServer2-Background-Pool: Thread-360] ql.Driver: Concurrency mode is disabled, not creating a lock manager
2024-05-01T09:23:50,476  INFO [HiveServer2-Background-Pool: Thread-360] ql.Driver: Executing command(queryId=alex_20240501092350_883070eb-06a8-47b6-a6b1-96231d5a578f): use default
2024-05-01T09:23:50,477  INFO [HiveServer2-Background-Pool: Thread-360] ql.Driver: Starting task [Stage-0:DDL] in serial mode
2024-05-01T09:23:50,477  INFO [HiveServer2-Background-Pool: Thread-360] HiveMetaStore.audit: ugi=alex	ip=unknown-ip-addr	cmd=get_database: default	
2024-05-01T09:23:50,478  INFO [HiveServer2-Background-Pool: Thread-360] metastore.HMSHandler: 19: Opening raw store with implementation class:org.apache.hadoop.hive.metastore.ObjectStore
2024-05-01T09:23:50,479  INFO [HiveServer2-Background-Pool: Thread-360] metastore.ObjectStore: RawStore: org.apache.hadoop.hive.metastore.ObjectStore@54a667a3, with PersistenceManager: null will be shutdown
2024-05-01T09:23:50,479  INFO [HiveServer2-Background-Pool: Thread-360] metastore.ObjectStore: RawStore: org.apache.hadoop.hive.metastore.ObjectStore@54a667a3, with PersistenceManager: org.datanucleus.api.jdo.JDOPersistenceManager@11a4e353 created in the thread with id: 360
2024-05-01T09:23:50,482  INFO [HiveServer2-Background-Pool: Thread-360] metastore.HMSHandler: Created RawStore: org.apache.hadoop.hive.metastore.ObjectStore@54a667a3 from thread id: 360
2024-05-01T09:23:50,483  INFO [HiveServer2-Background-Pool: Thread-360] HiveMetaStore.audit: ugi=alex	ip=unknown-ip-addr	cmd=get_database: default	
2024-05-01T09:23:50,484  INFO [HiveServer2-Background-Pool: Thread-360] metadata.Hive: Dumping metastore api call timing information for : execution phase
2024-05-01T09:23:50,484  INFO [HiveServer2-Background-Pool: Thread-360] metadata.Hive: Total time spent in each metastore function (ms): {isCompatibleWith_(Configuration)=0, getDatabase_(String)=7}
2024-05-01T09:23:50,484  INFO [HiveServer2-Background-Pool: Thread-360] ql.Driver: Completed executing command(queryId=alex_20240501092350_883070eb-06a8-47b6-a6b1-96231d5a578f); Time taken: 0.008 seconds
2024-05-01T09:23:50,485  INFO [HiveServer2-Background-Pool: Thread-360] common.LogUtils: Unregistered logging context.
2024-05-01T09:23:50,486  INFO [5380b781-54d7-4c0d-9730-e9d59afb4661 main] operation.OperationManager: Closing operation: OperationHandle [opType=EXECUTE_STATEMENT, getHandleIdentifier()=32a1e8a7-babb-43fd-96db-be6881649ad7]
2024-05-01T09:23:50,486  INFO [5380b781-54d7-4c0d-9730-e9d59afb4661 main] operation.OperationManager: Removed queryId: alex_20240501092350_883070eb-06a8-47b6-a6b1-96231d5a578f corresponding to operation: OperationHandle [opType=EXECUTE_STATEMENT, getHandleIdentifier()=32a1e8a7-babb-43fd-96db-be6881649ad7] with tag: null
2024-05-01T09:23:50,486  INFO [5380b781-54d7-4c0d-9730-e9d59afb4661 main] operation.SQLOperation: Closing operation log /home/alex/Repositories/hive/beeline/target/tmp/alex/operation_logs/5380b781-54d7-4c0d-9730-e9d59afb4661/alex_20240501092350_883070eb-06a8-47b6-a6b1-96231d5a578f without delay
2024-05-01T09:23:50,491  INFO [main] service.CompositeService: Session closed, SessionHandle [5380b781-54d7-4c0d-9730-e9d59afb4661], current sessions:0
2024-05-01T09:23:50,491  INFO [5380b781-54d7-4c0d-9730-e9d59afb4661 main] session.HiveSessionImpl: Operation log session directory is deleted: /home/alex/Repositories/hive/beeline/target/tmp/alex/operation_logs/5380b781-54d7-4c0d-9730-e9d59afb4661
2024-05-01T09:23:50,491  INFO [main] cleanup.EventualCleanupService: Delete /tmp/hive/alex/5380b781-54d7-4c0d-9730-e9d59afb4661 operation was queued
2024-05-01T09:23:50,491  INFO [main] cleanup.EventualCleanupService: Delete /home/alex/Repositories/hive/beeline/target/tmp/alex/5380b781-54d7-4c0d-9730-e9d59afb4661 operation was queued
2024-05-01T09:23:50,492  INFO [EventualCleanupService thread 1] cleanup.EventualCleanupService: Deleted /home/alex/Repositories/hive/beeline/target/tmp/alex/5380b781-54d7-4c0d-9730-e9d59afb4661
2024-05-01T09:23:50,492  INFO [EventualCleanupService thread 0] cleanup.EventualCleanupService: Deleted /tmp/hive/alex/5380b781-54d7-4c0d-9730-e9d59afb4661
2024-05-01T09:23:50,492  INFO [main] HiveMetaStore.audit: ugi=alex	ip=unknown-ip-addr	cmd=Cleaning up thread local RawStore...	
2024-05-01T09:23:50,492  INFO [main] metastore.ObjectStore: RawStore: org.apache.hadoop.hive.metastore.ObjectStore@3de45b6c, with PersistenceManager: org.datanucleus.api.jdo.JDOPersistenceManager@37caecda will be shutdown
2024-05-01T09:23:50,492  INFO [main] HiveMetaStore.audit: ugi=alex	ip=unknown-ip-addr	cmd=Done cleaning up thread local RawStore	
2024-05-01T09:23:50,492  INFO [main] metastore.HiveMetaStoreClient: Closed a connection to metastore, current connections: -21
]]></system-err>
  </testcase>
  <testcase name="testDatabaseOptions" classname="org.apache.hive.beeline.cli.TestHiveCli" time="0.301">
    <failure type="java.lang.AssertionError"><![CDATA[java.lang.AssertionError: The expected keyword "testtbl" occur in the output: 
	at org.junit.Assert.fail(Assert.java:89)
	at org.junit.Assert.assertTrue(Assert.java:42)
	at org.apache.hive.beeline.cli.TestHiveCli.verifyCMD(TestHiveCli.java:270)
	at org.apache.hive.beeline.cli.TestHiveCli.testDatabaseOptions(TestHiveCli.java:107)
	at sun.reflect.NativeMethodAccessorImpl.invoke0(Native Method)
	at sun.reflect.NativeMethodAccessorImpl.invoke(NativeMethodAccessorImpl.java:62)
	at sun.reflect.DelegatingMethodAccessorImpl.invoke(DelegatingMethodAccessorImpl.java:43)
	at java.lang.reflect.Method.invoke(Method.java:498)
	at org.junit.runners.model.FrameworkMethod$1.runReflectiveCall(FrameworkMethod.java:59)
	at org.junit.internal.runners.model.ReflectiveCallable.run(ReflectiveCallable.java:12)
	at org.junit.runners.model.FrameworkMethod.invokeExplosively(FrameworkMethod.java:56)
	at org.junit.internal.runners.statements.InvokeMethod.evaluate(InvokeMethod.java:17)
	at org.junit.internal.runners.statements.RunBefores.evaluate(RunBefores.java:26)
	at org.junit.internal.runners.statements.RunAfters.evaluate(RunAfters.java:27)
	at org.junit.runners.ParentRunner$3.evaluate(ParentRunner.java:306)
	at org.junit.runners.BlockJUnit4ClassRunner$1.evaluate(BlockJUnit4ClassRunner.java:100)
	at org.junit.runners.ParentRunner.runLeaf(ParentRunner.java:366)
	at org.junit.runners.BlockJUnit4ClassRunner.runChild(BlockJUnit4ClassRunner.java:103)
	at org.junit.runners.BlockJUnit4ClassRunner.runChild(BlockJUnit4ClassRunner.java:63)
	at org.junit.runners.ParentRunner$4.run(ParentRunner.java:331)
	at org.junit.runners.ParentRunner$1.schedule(ParentRunner.java:79)
	at org.junit.runners.ParentRunner.runChildren(ParentRunner.java:329)
	at org.junit.runners.ParentRunner.access$100(ParentRunner.java:66)
	at org.junit.runners.ParentRunner$2.evaluate(ParentRunner.java:293)
	at org.junit.internal.runners.statements.RunBefores.evaluate(RunBefores.java:26)
	at org.junit.runners.ParentRunner$3.evaluate(ParentRunner.java:306)
	at org.junit.runners.ParentRunner.run(ParentRunner.java:413)
	at org.junit.runner.JUnitCore.run(JUnitCore.java:137)
	at org.junit.runner.JUnitCore.run(JUnitCore.java:115)
	at org.junit.vintage.engine.execution.RunnerExecutor.execute(RunnerExecutor.java:43)
	at java.util.stream.ForEachOps$ForEachOp$OfRef.accept(ForEachOps.java:183)
	at java.util.stream.ReferencePipeline$3$1.accept(ReferencePipeline.java:193)
	at java.util.Iterator.forEachRemaining(Iterator.java:116)
	at java.util.Spliterators$IteratorSpliterator.forEachRemaining(Spliterators.java:1801)
	at java.util.stream.AbstractPipeline.copyInto(AbstractPipeline.java:482)
	at java.util.stream.AbstractPipeline.wrapAndCopyInto(AbstractPipeline.java:472)
	at java.util.stream.ForEachOps$ForEachOp.evaluateSequential(ForEachOps.java:150)
	at java.util.stream.ForEachOps$ForEachOp$OfRef.evaluateSequential(ForEachOps.java:173)
	at java.util.stream.AbstractPipeline.evaluate(AbstractPipeline.java:234)
	at java.util.stream.ReferencePipeline.forEach(ReferencePipeline.java:485)
	at org.junit.vintage.engine.VintageTestEngine.executeAllChildren(VintageTestEngine.java:82)
	at org.junit.vintage.engine.VintageTestEngine.execute(VintageTestEngine.java:73)
	at org.junit.platform.launcher.core.DefaultLauncher.execute(DefaultLauncher.java:248)
	at org.junit.platform.launcher.core.DefaultLauncher.lambda$execute$5(DefaultLauncher.java:211)
	at org.junit.platform.launcher.core.DefaultLauncher.withInterceptedStreams(DefaultLauncher.java:226)
	at org.junit.platform.launcher.core.DefaultLauncher.execute(DefaultLauncher.java:199)
	at org.junit.platform.launcher.core.DefaultLauncher.execute(DefaultLauncher.java:132)
	at org.apache.maven.surefire.junitplatform.JUnitPlatformProvider.invokeAllTests(JUnitPlatformProvider.java:154)
	at org.apache.maven.surefire.junitplatform.JUnitPlatformProvider.invoke(JUnitPlatformProvider.java:123)
	at org.apache.maven.surefire.booter.ForkedBooter.runSuitesInProcess(ForkedBooter.java:377)
	at org.apache.maven.surefire.booter.ForkedBooter.execute(ForkedBooter.java:138)
	at org.apache.maven.surefire.booter.ForkedBooter.run(ForkedBooter.java:465)
	at org.apache.maven.surefire.booter.ForkedBooter.main(ForkedBooter.java:451)
]]></failure>
    <system-err><![CDATA[2024-05-01T09:23:50,494 ERROR [main] cli.TestHiveCli: Failed to execute command due to the error: java.lang.NullPointerException: Null output stream
2024-05-01T09:23:50,547  WARN [main] conf.HiveConf: HiveConf of name hive.dummyparam.test.server.specific.config.override does not exist
2024-05-01T09:23:50,548  WARN [main] conf.HiveConf: HiveConf of name hive.dummyparam.test.server.specific.config.hiveserver2site does not exist
2024-05-01T09:23:50,548  WARN [main] conf.HiveConf: HiveConf of name hive.dummyparam.test.server.specific.config.metastoresite does not exist
2024-05-01T09:23:50,548  INFO [main] SessionState: Hive Session ID = 76f15454-2690-4df1-b0a6-bdc450d8f852
2024-05-01T09:23:50,549  INFO [main] DependencyResolver: ivysettings.xml file not found in HIVE_HOME or HIVE_CONF_DIR,/home/alex/Repositories/hive/conf/ivysettings.xml will be used
2024-05-01T09:23:50,556  INFO [main] session.SessionState: Created HDFS directory: /tmp/hive/alex/76f15454-2690-4df1-b0a6-bdc450d8f852
2024-05-01T09:23:50,559  INFO [main] session.SessionState: Created local directory: /home/alex/Repositories/hive/beeline/target/tmp/alex/76f15454-2690-4df1-b0a6-bdc450d8f852
2024-05-01T09:23:50,563  INFO [main] session.SessionState: Created HDFS directory: /tmp/hive/alex/76f15454-2690-4df1-b0a6-bdc450d8f852/_tmp_space.db
2024-05-01T09:23:50,563  INFO [main] sqlstd.SQLStdHiveAccessController: Created SQLStdHiveAccessController for session context : HiveAuthzSessionContext [sessionString=76f15454-2690-4df1-b0a6-bdc450d8f852, clientType=HIVESERVER2]
2024-05-01T09:23:50,564  INFO [main] metastore.HiveMetaStoreClient: HMS client filtering is enabled.
2024-05-01T09:23:50,565  INFO [main] metastore.HMSHandler: 0: Opening raw store with implementation class:org.apache.hadoop.hive.metastore.ObjectStore
2024-05-01T09:23:50,565  INFO [main] metastore.PersistenceManagerProvider: Configuration datanucleus.autoStartMechanismMode is not set. Defaulting to 'ignored'
2024-05-01T09:23:50,565  INFO [main] metastore.ObjectStore: RawStore: org.apache.hadoop.hive.metastore.ObjectStore@2676d96a, with PersistenceManager: null will be shutdown
2024-05-01T09:23:50,565  INFO [main] metastore.ObjectStore: RawStore: org.apache.hadoop.hive.metastore.ObjectStore@2676d96a, with PersistenceManager: org.datanucleus.api.jdo.JDOPersistenceManager@12266084 created in the thread with id: 1
2024-05-01T09:23:50,568  INFO [main] metastore.HMSHandler: Created RawStore: org.apache.hadoop.hive.metastore.ObjectStore@2676d96a from thread id: 1
2024-05-01T09:23:50,568  INFO [main] metastore.HMSHandler: HMS server filtering is disabled by configuration
2024-05-01T09:23:50,569  INFO [main] metastore.RetryingMetaStoreClient: RetryingMetaStoreClient proxy=class org.apache.hadoop.hive.ql.metadata.SessionHiveMetaStoreClient ugi=alex (auth:SIMPLE) retries=1 delay=1 lifetime=0
2024-05-01T09:23:50,569  INFO [main] service.CompositeService: Operation log root directory is created: /home/alex/Repositories/hive/beeline/target/tmp/alex/operation_logs
2024-05-01T09:23:50,569  INFO [main] service.CompositeService: HiveServer2: Background operation thread pool size: 100
2024-05-01T09:23:50,569  INFO [main] service.CompositeService: HiveServer2: Background operation thread wait queue size: 100
2024-05-01T09:23:50,569  INFO [main] service.CompositeService: HiveServer2: Background operation thread keepalive time: 10 seconds
2024-05-01T09:23:50,569  INFO [main] service.CompositeService: Connections limit are user: 0 ipaddress: 0 user-ipaddress: 0
2024-05-01T09:23:50,613  INFO [main] cleanup.EventualCleanupService: EventualCleanupService started with 10 threads and queue of size 10000
ERROR StatusLogger Log4j2 ConfigurationScheduler attempted to increment scheduled items after start
ERROR StatusLogger Log4j2 ConfigurationScheduler attempted to increment scheduled items after start
2024-05-01T09:23:50,614  INFO [main] service.AbstractService: Service:OperationManager is inited.
2024-05-01T09:23:50,614  INFO [main] service.AbstractService: Service:SessionManager is inited.
2024-05-01T09:23:50,614  INFO [main] service.AbstractService: Service:CLIService is inited.
2024-05-01T09:23:50,614  INFO [main] service.AbstractService: Service:OperationManager is started.
2024-05-01T09:23:50,614  INFO [main] service.AbstractService: Service:SessionManager is started.
2024-05-01T09:23:50,615  INFO [main] service.AbstractService: Service:CLIService is started.
2024-05-01T09:23:50,615  INFO [main] service.AbstractService: Service:ThriftBinaryCLIService is inited.
2024-05-01T09:23:50,615  INFO [main] thrift.ThriftCLIService: Client protocol version: HIVE_CLI_SERVICE_PROTOCOL_V10
2024-05-01T09:23:50,615  INFO [main] thrift.ThriftCLIService: Creating Hive session handle for user [null] from IP null
2024-05-01T09:23:50,616  INFO [main] DependencyResolver: ivysettings.xml file not found in HIVE_HOME or HIVE_CONF_DIR,/home/alex/Repositories/hive/conf/ivysettings.xml will be used
2024-05-01T09:23:50,625  INFO [main] session.SessionState: Created HDFS directory: /tmp/hive/alex/8c54f2af-13bf-4e3a-92e4-48926747946f
2024-05-01T09:23:50,629  INFO [main] session.SessionState: Created local directory: /home/alex/Repositories/hive/beeline/target/tmp/alex/8c54f2af-13bf-4e3a-92e4-48926747946f
2024-05-01T09:23:50,632  INFO [main] session.SessionState: Created HDFS directory: /tmp/hive/alex/8c54f2af-13bf-4e3a-92e4-48926747946f/_tmp_space.db
2024-05-01T09:23:50,632  INFO [main] session.SessionState: Reloading auxiliary JAR files
2024-05-01T09:23:50,632  WARN [main] session.SessionState: Configuration hive.reloadable.aux.jars.path not specified
2024-05-01T09:23:50,633  INFO [main] HiveMetaStore.audit: ugi=alex	ip=unknown-ip-addr	cmd=Cleaning up thread local RawStore...	
2024-05-01T09:23:50,633  INFO [main] metastore.ObjectStore: RawStore: org.apache.hadoop.hive.metastore.ObjectStore@2676d96a, with PersistenceManager: org.datanucleus.api.jdo.JDOPersistenceManager@12266084 will be shutdown
2024-05-01T09:23:50,633  INFO [main] HiveMetaStore.audit: ugi=alex	ip=unknown-ip-addr	cmd=Done cleaning up thread local RawStore	
2024-05-01T09:23:50,633  INFO [main] metastore.HiveMetaStoreClient: Closed a connection to metastore, current connections: -22
2024-05-01T09:23:50,633  INFO [main] session.HiveSessionImpl: Operation log session directory is created: /home/alex/Repositories/hive/beeline/target/tmp/alex/operation_logs/8c54f2af-13bf-4e3a-92e4-48926747946f
2024-05-01T09:23:50,633  INFO [main] service.CompositeService: Session opened, SessionHandle [8c54f2af-13bf-4e3a-92e4-48926747946f], current sessions:1
2024-05-01T09:23:50,633  INFO [main] thrift.ThriftCLIService: Login attempt is successful for user : null
2024-05-01T09:23:50,691  WARN [main] conf.HiveConf: HiveConf of name hive.dummyparam.test.server.specific.config.override does not exist
2024-05-01T09:23:50,691  WARN [main] conf.HiveConf: HiveConf of name hive.dummyparam.test.server.specific.config.hiveserver2site does not exist
2024-05-01T09:23:50,692  WARN [main] conf.HiveConf: HiveConf of name hive.dummyparam.test.server.specific.config.metastoresite does not exist
2024-05-01T09:23:50,692  INFO [8c54f2af-13bf-4e3a-92e4-48926747946f main] session.HiveSessionImpl: executing set
2024-05-01T09:23:50,693  INFO [8c54f2af-13bf-4e3a-92e4-48926747946f main] operation.HiveCommandOperation: Putting temp output to file /home/alex/Repositories/hive/beeline/target/tmp/alex/8c54f2af-13bf-4e3a-92e4-48926747946f9151930322195615742.pipeout and error output to file /home/alex/Repositories/hive/beeline/target/tmp/alex/8c54f2af-13bf-4e3a-92e4-48926747946f5093535955716657833.pipeout
2024-05-01T09:23:50,693  INFO [8c54f2af-13bf-4e3a-92e4-48926747946f main] operation.OperationManager: Adding operation: OperationHandle [opType=EXECUTE_STATEMENT, getHandleIdentifier()=9d03f934-9fb9-43a4-92cf-19de0b381db4] SessionHandle [8c54f2af-13bf-4e3a-92e4-48926747946f]
2024-05-01T09:23:50,693  INFO [8c54f2af-13bf-4e3a-92e4-48926747946f main] common.LogUtils: Thread context registration is done.
DEBUG StatusLogger Building Plugin[name=filter, class=org.apache.hadoop.hive.ql.log.LogDivertAppender$NameFilter].
DEBUG StatusLogger createFilter(loggingLevel="EXECUTION")
DEBUG StatusLogger Building Plugin[name=layout, class=org.apache.logging.log4j.core.layout.PatternLayout].
DEBUG StatusLogger PatternLayout$Builder(pattern="%-5p : %m%n", PatternSelector=null, Configuration(HiveLog4j2Test), Replace=null, charset="null", alwaysWriteExceptions="null", disableAnsi="null", noConsoleNoAnsi="null", header="null", footer="null")
DEBUG StatusLogger Building Plugin[name=appender, class=org.apache.hadoop.hive.ql.log.HushableRandomAccessFileAppender].
DEBUG StatusLogger createAppender(fileName="/home/alex/Repositories/hive/beeline/target/tmp/alex/operation_logs/8c54f2af-13bf-4e3a-92e4-48926747946f/alex_20240501092350_c27097c2-1684-4667-a77d-447ac00a1f5a", append="null", name="query-file-appender", immediateFlush="null", bufferSize="null", ignoreExceptions="null", PatternLayout(org.apache.logging.log4j.core.layout.PatternLayout with name PatternLayout), NameFilter(org.apache.hadoop.hive.ql.log.LogDivertAppender$NameFilter with name NameFilter), advertise="null", advertiseURI="null", Configuration(HiveLog4j2Test))
DEBUG StatusLogger Starting RandomAccessFileManager /home/alex/Repositories/hive/beeline/target/tmp/alex/operation_logs/8c54f2af-13bf-4e3a-92e4-48926747946f/alex_20240501092350_c27097c2-1684-4667-a77d-447ac00a1f5a
DEBUG StatusLogger Building Plugin[name=, class=org.apache.hadoop.hive.ql.log.LogDivertAppenderForTest$TestFilter].
DEBUG StatusLogger createFilter()
DEBUG StatusLogger Building Plugin[name=, class=org.apache.logging.log4j.core.layout.PatternLayout].
DEBUG StatusLogger PatternLayout$Builder(pattern="%-5p : %m%n", PatternSelector=null, Configuration(HiveLog4j2Test), Replace=null, charset="null", alwaysWriteExceptions="null", disableAnsi="null", noConsoleNoAnsi="null", header="null", footer="null")
DEBUG StatusLogger Building Plugin[name=appender, class=org.apache.hadoop.hive.ql.log.HushableRandomAccessFileAppender].
DEBUG StatusLogger createAppender(fileName="/home/alex/Repositories/hive/beeline/target/tmp/alex/operation_logs/8c54f2af-13bf-4e3a-92e4-48926747946f/alex_20240501092350_c27097c2-1684-4667-a77d-447ac00a1f5a.test", append="null", name="test-query-file-appender", immediateFlush="null", bufferSize="null", ignoreExceptions="null", PatternLayout(org.apache.logging.log4j.core.layout.PatternLayout with name PatternLayout), test-filter(org.apache.hadoop.hive.ql.log.LogDivertAppenderForTest$TestFilter with name test-filter), advertise="null", advertiseURI="null", Configuration(HiveLog4j2Test))
DEBUG StatusLogger Starting RandomAccessFileManager /home/alex/Repositories/hive/beeline/target/tmp/alex/operation_logs/8c54f2af-13bf-4e3a-92e4-48926747946f/alex_20240501092350_c27097c2-1684-4667-a77d-447ac00a1f5a.test
2024-05-01T09:23:50,696  INFO [8c54f2af-13bf-4e3a-92e4-48926747946f main] operation.HiveCommandOperation: [opType=EXECUTE_STATEMENT, queryId=alex_20240501092350_c27097c2-1684-4667-a77d-447ac00a1f5a, startTime=1714580630692, sessionId=8c54f2af-13bf-4e3a-92e4-48926747946f, createTime=1714580630615, userName=null, ipAddress=null]
2024-05-01T09:23:50,705  INFO [8c54f2af-13bf-4e3a-92e4-48926747946f main] common.LogUtils: Unregistered logging context.
2024-05-01T09:23:50,707  INFO [8c54f2af-13bf-4e3a-92e4-48926747946f main] operation.OperationManager: Closing operation: OperationHandle [opType=EXECUTE_STATEMENT, getHandleIdentifier()=9d03f934-9fb9-43a4-92cf-19de0b381db4]
2024-05-01T09:23:50,707  INFO [8c54f2af-13bf-4e3a-92e4-48926747946f main] operation.OperationManager: Removed queryId: alex_20240501092350_c27097c2-1684-4667-a77d-447ac00a1f5a corresponding to operation: OperationHandle [opType=EXECUTE_STATEMENT, getHandleIdentifier()=9d03f934-9fb9-43a4-92cf-19de0b381db4] with tag: null
2024-05-01T09:23:50,708  INFO [8c54f2af-13bf-4e3a-92e4-48926747946f main] operation.HiveCommandOperation: Closing operation log /home/alex/Repositories/hive/beeline/target/tmp/alex/operation_logs/8c54f2af-13bf-4e3a-92e4-48926747946f/alex_20240501092350_c27097c2-1684-4667-a77d-447ac00a1f5a without delay
2024-05-01T09:23:50,710  INFO [8c54f2af-13bf-4e3a-92e4-48926747946f main] session.HiveSessionImpl: executing use test
2024-05-01T09:23:50,711  INFO [8c54f2af-13bf-4e3a-92e4-48926747946f main] operation.OperationManager: Adding operation: OperationHandle [opType=EXECUTE_STATEMENT, getHandleIdentifier()=36cc8963-ed79-4580-94be-79df908b224f] SessionHandle [8c54f2af-13bf-4e3a-92e4-48926747946f]
2024-05-01T09:23:50,711  INFO [8c54f2af-13bf-4e3a-92e4-48926747946f main] common.LogUtils: Thread context registration is done.
DEBUG StatusLogger Building Plugin[name=filter, class=org.apache.hadoop.hive.ql.log.LogDivertAppender$NameFilter].
DEBUG StatusLogger createFilter(loggingLevel="EXECUTION")
DEBUG StatusLogger Building Plugin[name=layout, class=org.apache.logging.log4j.core.layout.PatternLayout].
DEBUG StatusLogger PatternLayout$Builder(pattern="%-5p : %m%n", PatternSelector=null, Configuration(HiveLog4j2Test), Replace=null, charset="null", alwaysWriteExceptions="null", disableAnsi="null", noConsoleNoAnsi="null", header="null", footer="null")
DEBUG StatusLogger Building Plugin[name=appender, class=org.apache.hadoop.hive.ql.log.HushableRandomAccessFileAppender].
DEBUG StatusLogger createAppender(fileName="/home/alex/Repositories/hive/beeline/target/tmp/alex/operation_logs/8c54f2af-13bf-4e3a-92e4-48926747946f/alex_20240501092350_bc045789-e53f-4259-8288-5cb6daf5c1eb", append="null", name="query-file-appender", immediateFlush="null", bufferSize="null", ignoreExceptions="null", PatternLayout(org.apache.logging.log4j.core.layout.PatternLayout with name PatternLayout), NameFilter(org.apache.hadoop.hive.ql.log.LogDivertAppender$NameFilter with name NameFilter), advertise="null", advertiseURI="null", Configuration(HiveLog4j2Test))
DEBUG StatusLogger Starting RandomAccessFileManager /home/alex/Repositories/hive/beeline/target/tmp/alex/operation_logs/8c54f2af-13bf-4e3a-92e4-48926747946f/alex_20240501092350_bc045789-e53f-4259-8288-5cb6daf5c1eb
DEBUG StatusLogger Building Plugin[name=, class=org.apache.hadoop.hive.ql.log.LogDivertAppenderForTest$TestFilter].
DEBUG StatusLogger createFilter()
DEBUG StatusLogger Building Plugin[name=, class=org.apache.logging.log4j.core.layout.PatternLayout].
DEBUG StatusLogger PatternLayout$Builder(pattern="%-5p : %m%n", PatternSelector=null, Configuration(HiveLog4j2Test), Replace=null, charset="null", alwaysWriteExceptions="null", disableAnsi="null", noConsoleNoAnsi="null", header="null", footer="null")
DEBUG StatusLogger Building Plugin[name=appender, class=org.apache.hadoop.hive.ql.log.HushableRandomAccessFileAppender].
DEBUG StatusLogger createAppender(fileName="/home/alex/Repositories/hive/beeline/target/tmp/alex/operation_logs/8c54f2af-13bf-4e3a-92e4-48926747946f/alex_20240501092350_bc045789-e53f-4259-8288-5cb6daf5c1eb.test", append="null", name="test-query-file-appender", immediateFlush="null", bufferSize="null", ignoreExceptions="null", PatternLayout(org.apache.logging.log4j.core.layout.PatternLayout with name PatternLayout), test-filter(org.apache.hadoop.hive.ql.log.LogDivertAppenderForTest$TestFilter with name test-filter), advertise="null", advertiseURI="null", Configuration(HiveLog4j2Test))
DEBUG StatusLogger Starting RandomAccessFileManager /home/alex/Repositories/hive/beeline/target/tmp/alex/operation_logs/8c54f2af-13bf-4e3a-92e4-48926747946f/alex_20240501092350_bc045789-e53f-4259-8288-5cb6daf5c1eb.test
2024-05-01T09:23:50,714  INFO [8c54f2af-13bf-4e3a-92e4-48926747946f main] operation.SQLOperation: [opType=EXECUTE_STATEMENT, queryId=alex_20240501092350_bc045789-e53f-4259-8288-5cb6daf5c1eb, startTime=1714580630710, sessionId=8c54f2af-13bf-4e3a-92e4-48926747946f, createTime=1714580630615, userName=null, ipAddress=null]
2024-05-01T09:23:50,715  INFO [8c54f2af-13bf-4e3a-92e4-48926747946f main] ql.Driver: Compiling command(queryId=alex_20240501092350_bc045789-e53f-4259-8288-5cb6daf5c1eb): use test
2024-05-01T09:23:50,716  INFO [8c54f2af-13bf-4e3a-92e4-48926747946f main] metastore.HiveMetaStoreClient: HMS client filtering is enabled.
2024-05-01T09:23:50,716  INFO [8c54f2af-13bf-4e3a-92e4-48926747946f main] metastore.HMSHandler: 0: Opening raw store with implementation class:org.apache.hadoop.hive.metastore.ObjectStore
2024-05-01T09:23:50,716  INFO [8c54f2af-13bf-4e3a-92e4-48926747946f main] metastore.PersistenceManagerProvider: Configuration datanucleus.autoStartMechanismMode is not set. Defaulting to 'ignored'
2024-05-01T09:23:50,717  INFO [8c54f2af-13bf-4e3a-92e4-48926747946f main] metastore.ObjectStore: RawStore: org.apache.hadoop.hive.metastore.ObjectStore@2ac05a33, with PersistenceManager: null will be shutdown
2024-05-01T09:23:50,717  INFO [8c54f2af-13bf-4e3a-92e4-48926747946f main] metastore.ObjectStore: RawStore: org.apache.hadoop.hive.metastore.ObjectStore@2ac05a33, with PersistenceManager: org.datanucleus.api.jdo.JDOPersistenceManager@35af52dc created in the thread with id: 1
2024-05-01T09:23:50,720  INFO [8c54f2af-13bf-4e3a-92e4-48926747946f main] metastore.HMSHandler: Created RawStore: org.apache.hadoop.hive.metastore.ObjectStore@2ac05a33 from thread id: 1
2024-05-01T09:23:50,720  INFO [8c54f2af-13bf-4e3a-92e4-48926747946f main] metastore.HMSHandler: HMS server filtering is disabled by configuration
2024-05-01T09:23:50,720  INFO [8c54f2af-13bf-4e3a-92e4-48926747946f main] metastore.RetryingMetaStoreClient: RetryingMetaStoreClient proxy=class org.apache.hadoop.hive.ql.metadata.SessionHiveMetaStoreClient ugi=alex (auth:SIMPLE) retries=1 delay=1 lifetime=0
2024-05-01T09:23:50,720  INFO [8c54f2af-13bf-4e3a-92e4-48926747946f main] HiveMetaStore.audit: ugi=alex	ip=unknown-ip-addr	cmd=get_database: test	
2024-05-01T09:23:50,721  INFO [8c54f2af-13bf-4e3a-92e4-48926747946f main] ql.Driver: Semantic Analysis Completed (retrial = false)
2024-05-01T09:23:50,721  INFO [8c54f2af-13bf-4e3a-92e4-48926747946f main] ql.Driver: Created Hive schema: Schema(fieldSchemas:null, properties:null)
2024-05-01T09:23:50,722  INFO [8c54f2af-13bf-4e3a-92e4-48926747946f main] metadata.Hive: Dumping metastore api call timing information for : compilation phase
2024-05-01T09:23:50,722  INFO [8c54f2af-13bf-4e3a-92e4-48926747946f main] metadata.Hive: Total time spent in each metastore function (ms): {isCompatibleWith_(Configuration)=0, getDatabase_(String)=1, flushCache_()=0}
2024-05-01T09:23:50,722  INFO [8c54f2af-13bf-4e3a-92e4-48926747946f main] ql.Driver: Completed compiling command(queryId=alex_20240501092350_bc045789-e53f-4259-8288-5cb6daf5c1eb); Time taken: 0.007 seconds
2024-05-01T09:23:50,722  INFO [8c54f2af-13bf-4e3a-92e4-48926747946f main] common.LogUtils: Unregistered logging context.
2024-05-01T09:23:50,723  INFO [HiveServer2-Background-Pool: Thread-383] common.LogUtils: Thread context registration is done.
2024-05-01T09:23:50,723  INFO [HiveServer2-Background-Pool: Thread-383] reexec.ReExecDriver: Execution #1 of query
2024-05-01T09:23:50,723  INFO [HiveServer2-Background-Pool: Thread-383] ql.Driver: Concurrency mode is disabled, not creating a lock manager
2024-05-01T09:23:50,723  INFO [HiveServer2-Background-Pool: Thread-383] ql.Driver: Executing command(queryId=alex_20240501092350_bc045789-e53f-4259-8288-5cb6daf5c1eb): use test
2024-05-01T09:23:50,724  INFO [HiveServer2-Background-Pool: Thread-383] ql.Driver: Starting task [Stage-0:DDL] in serial mode
2024-05-01T09:23:50,725  INFO [HiveServer2-Background-Pool: Thread-383] HiveMetaStore.audit: ugi=alex	ip=unknown-ip-addr	cmd=get_database: test	
2024-05-01T09:23:50,725  INFO [HiveServer2-Background-Pool: Thread-383] metastore.HMSHandler: 20: Opening raw store with implementation class:org.apache.hadoop.hive.metastore.ObjectStore
2024-05-01T09:23:50,726  INFO [HiveServer2-Background-Pool: Thread-383] metastore.ObjectStore: RawStore: org.apache.hadoop.hive.metastore.ObjectStore@7cd722d1, with PersistenceManager: null will be shutdown
2024-05-01T09:23:50,726  INFO [HiveServer2-Background-Pool: Thread-383] metastore.ObjectStore: RawStore: org.apache.hadoop.hive.metastore.ObjectStore@7cd722d1, with PersistenceManager: org.datanucleus.api.jdo.JDOPersistenceManager@39d5b32f created in the thread with id: 383
2024-05-01T09:23:50,729  INFO [HiveServer2-Background-Pool: Thread-383] metastore.HMSHandler: Created RawStore: org.apache.hadoop.hive.metastore.ObjectStore@7cd722d1 from thread id: 383
2024-05-01T09:23:50,731  INFO [HiveServer2-Background-Pool: Thread-383] HiveMetaStore.audit: ugi=alex	ip=unknown-ip-addr	cmd=get_database: test	
2024-05-01T09:23:50,732  INFO [HiveServer2-Background-Pool: Thread-383] metadata.Hive: Dumping metastore api call timing information for : execution phase
2024-05-01T09:23:50,732  INFO [HiveServer2-Background-Pool: Thread-383] metadata.Hive: Total time spent in each metastore function (ms): {isCompatibleWith_(Configuration)=0, getDatabase_(String)=7}
2024-05-01T09:23:50,732  INFO [HiveServer2-Background-Pool: Thread-383] ql.Driver: Completed executing command(queryId=alex_20240501092350_bc045789-e53f-4259-8288-5cb6daf5c1eb); Time taken: 0.009 seconds
2024-05-01T09:23:50,733  INFO [HiveServer2-Background-Pool: Thread-383] common.LogUtils: Unregistered logging context.
2024-05-01T09:23:50,736  INFO [8c54f2af-13bf-4e3a-92e4-48926747946f main] operation.OperationManager: Closing operation: OperationHandle [opType=EXECUTE_STATEMENT, getHandleIdentifier()=36cc8963-ed79-4580-94be-79df908b224f]
2024-05-01T09:23:50,736  INFO [8c54f2af-13bf-4e3a-92e4-48926747946f main] operation.OperationManager: Removed queryId: alex_20240501092350_bc045789-e53f-4259-8288-5cb6daf5c1eb corresponding to operation: OperationHandle [opType=EXECUTE_STATEMENT, getHandleIdentifier()=36cc8963-ed79-4580-94be-79df908b224f] with tag: null
2024-05-01T09:23:50,736  INFO [8c54f2af-13bf-4e3a-92e4-48926747946f main] operation.SQLOperation: Closing operation log /home/alex/Repositories/hive/beeline/target/tmp/alex/operation_logs/8c54f2af-13bf-4e3a-92e4-48926747946f/alex_20240501092350_bc045789-e53f-4259-8288-5cb6daf5c1eb without delay
2024-05-01T09:23:50,746  INFO [8c54f2af-13bf-4e3a-92e4-48926747946f main] session.HiveSessionImpl: executing show tables
2024-05-01T09:23:50,747  INFO [8c54f2af-13bf-4e3a-92e4-48926747946f main] operation.OperationManager: Adding operation: OperationHandle [opType=EXECUTE_STATEMENT, getHandleIdentifier()=da939b8c-9b7f-49f6-8d7a-79950b1667ca] SessionHandle [8c54f2af-13bf-4e3a-92e4-48926747946f]
2024-05-01T09:23:50,747  INFO [8c54f2af-13bf-4e3a-92e4-48926747946f main] common.LogUtils: Thread context registration is done.
DEBUG StatusLogger Building Plugin[name=filter, class=org.apache.hadoop.hive.ql.log.LogDivertAppender$NameFilter].
DEBUG StatusLogger createFilter(loggingLevel="EXECUTION")
DEBUG StatusLogger Building Plugin[name=layout, class=org.apache.logging.log4j.core.layout.PatternLayout].
DEBUG StatusLogger PatternLayout$Builder(pattern="%-5p : %m%n", PatternSelector=null, Configuration(HiveLog4j2Test), Replace=null, charset="null", alwaysWriteExceptions="null", disableAnsi="null", noConsoleNoAnsi="null", header="null", footer="null")
DEBUG StatusLogger Building Plugin[name=appender, class=org.apache.hadoop.hive.ql.log.HushableRandomAccessFileAppender].
DEBUG StatusLogger createAppender(fileName="/home/alex/Repositories/hive/beeline/target/tmp/alex/operation_logs/8c54f2af-13bf-4e3a-92e4-48926747946f/alex_20240501092350_6fe3f23c-9366-4c53-bc08-83794f944622", append="null", name="query-file-appender", immediateFlush="null", bufferSize="null", ignoreExceptions="null", PatternLayout(org.apache.logging.log4j.core.layout.PatternLayout with name PatternLayout), NameFilter(org.apache.hadoop.hive.ql.log.LogDivertAppender$NameFilter with name NameFilter), advertise="null", advertiseURI="null", Configuration(HiveLog4j2Test))
DEBUG StatusLogger Starting RandomAccessFileManager /home/alex/Repositories/hive/beeline/target/tmp/alex/operation_logs/8c54f2af-13bf-4e3a-92e4-48926747946f/alex_20240501092350_6fe3f23c-9366-4c53-bc08-83794f944622
DEBUG StatusLogger Building Plugin[name=, class=org.apache.hadoop.hive.ql.log.LogDivertAppenderForTest$TestFilter].
DEBUG StatusLogger createFilter()
DEBUG StatusLogger Building Plugin[name=, class=org.apache.logging.log4j.core.layout.PatternLayout].
DEBUG StatusLogger PatternLayout$Builder(pattern="%-5p : %m%n", PatternSelector=null, Configuration(HiveLog4j2Test), Replace=null, charset="null", alwaysWriteExceptions="null", disableAnsi="null", noConsoleNoAnsi="null", header="null", footer="null")
DEBUG StatusLogger Building Plugin[name=appender, class=org.apache.hadoop.hive.ql.log.HushableRandomAccessFileAppender].
DEBUG StatusLogger createAppender(fileName="/home/alex/Repositories/hive/beeline/target/tmp/alex/operation_logs/8c54f2af-13bf-4e3a-92e4-48926747946f/alex_20240501092350_6fe3f23c-9366-4c53-bc08-83794f944622.test", append="null", name="test-query-file-appender", immediateFlush="null", bufferSize="null", ignoreExceptions="null", PatternLayout(org.apache.logging.log4j.core.layout.PatternLayout with name PatternLayout), test-filter(org.apache.hadoop.hive.ql.log.LogDivertAppenderForTest$TestFilter with name test-filter), advertise="null", advertiseURI="null", Configuration(HiveLog4j2Test))
DEBUG StatusLogger Starting RandomAccessFileManager /home/alex/Repositories/hive/beeline/target/tmp/alex/operation_logs/8c54f2af-13bf-4e3a-92e4-48926747946f/alex_20240501092350_6fe3f23c-9366-4c53-bc08-83794f944622.test
2024-05-01T09:23:50,750  INFO [8c54f2af-13bf-4e3a-92e4-48926747946f main] operation.SQLOperation: [opType=EXECUTE_STATEMENT, queryId=alex_20240501092350_6fe3f23c-9366-4c53-bc08-83794f944622, startTime=1714580630746, sessionId=8c54f2af-13bf-4e3a-92e4-48926747946f, createTime=1714580630615, userName=null, ipAddress=null]
2024-05-01T09:23:50,750  INFO [8c54f2af-13bf-4e3a-92e4-48926747946f main] ql.Driver: Compiling command(queryId=alex_20240501092350_6fe3f23c-9366-4c53-bc08-83794f944622): show tables
2024-05-01T09:23:50,755  INFO [8c54f2af-13bf-4e3a-92e4-48926747946f main] HiveMetaStore.audit: ugi=alex	ip=unknown-ip-addr	cmd=get_database: test	
2024-05-01T09:23:50,755  INFO [8c54f2af-13bf-4e3a-92e4-48926747946f main] ql.Driver: Semantic Analysis Completed (retrial = false)
2024-05-01T09:23:50,756  INFO [8c54f2af-13bf-4e3a-92e4-48926747946f main] ql.Driver: Created Hive schema: Schema(fieldSchemas:[FieldSchema(name:tab_name, type:string, comment:from deserializer)], properties:null)
2024-05-01T09:23:50,756  INFO [8c54f2af-13bf-4e3a-92e4-48926747946f main] exec.ListSinkOperator: Initializing Operator: LIST_SINK[0]
2024-05-01T09:23:50,757  INFO [8c54f2af-13bf-4e3a-92e4-48926747946f main] metadata.Hive: Dumping metastore api call timing information for : compilation phase
2024-05-01T09:23:50,757  INFO [8c54f2af-13bf-4e3a-92e4-48926747946f main] metadata.Hive: Total time spent in each metastore function (ms): {isCompatibleWith_(Configuration)=0, getDatabase_(String)=1, flushCache_()=0}
2024-05-01T09:23:50,757  INFO [8c54f2af-13bf-4e3a-92e4-48926747946f main] ql.Driver: Completed compiling command(queryId=alex_20240501092350_6fe3f23c-9366-4c53-bc08-83794f944622); Time taken: 0.007 seconds
2024-05-01T09:23:50,757  INFO [8c54f2af-13bf-4e3a-92e4-48926747946f main] common.LogUtils: Unregistered logging context.
2024-05-01T09:23:50,757  INFO [HiveServer2-Background-Pool: Thread-387] common.LogUtils: Thread context registration is done.
2024-05-01T09:23:50,758  INFO [HiveServer2-Background-Pool: Thread-387] reexec.ReExecDriver: Execution #1 of query
2024-05-01T09:23:50,759  INFO [HiveServer2-Background-Pool: Thread-387] ql.Driver: Concurrency mode is disabled, not creating a lock manager
2024-05-01T09:23:50,760  INFO [HiveServer2-Background-Pool: Thread-387] ql.Driver: Executing command(queryId=alex_20240501092350_6fe3f23c-9366-4c53-bc08-83794f944622): show tables
2024-05-01T09:23:50,760  INFO [HiveServer2-Background-Pool: Thread-387] ql.Driver: Starting task [Stage-0:DDL] in serial mode
2024-05-01T09:23:50,761  INFO [HiveServer2-Background-Pool: Thread-387] HiveMetaStore.audit: ugi=alex	ip=unknown-ip-addr	cmd=get_database: test	
2024-05-01T09:23:50,761  INFO [HiveServer2-Background-Pool: Thread-387] metastore.HMSHandler: 21: Opening raw store with implementation class:org.apache.hadoop.hive.metastore.ObjectStore
2024-05-01T09:23:50,762  INFO [HiveServer2-Background-Pool: Thread-387] metastore.ObjectStore: RawStore: org.apache.hadoop.hive.metastore.ObjectStore@2b2d1298, with PersistenceManager: null will be shutdown
2024-05-01T09:23:50,762  INFO [HiveServer2-Background-Pool: Thread-387] metastore.ObjectStore: RawStore: org.apache.hadoop.hive.metastore.ObjectStore@2b2d1298, with PersistenceManager: org.datanucleus.api.jdo.JDOPersistenceManager@6e2f8999 created in the thread with id: 387
2024-05-01T09:23:50,765  INFO [HiveServer2-Background-Pool: Thread-387] metastore.HMSHandler: Created RawStore: org.apache.hadoop.hive.metastore.ObjectStore@2b2d1298 from thread id: 387
2024-05-01T09:23:50,767  INFO [HiveServer2-Background-Pool: Thread-387] HiveMetaStore.audit: ugi=alex	ip=unknown-ip-addr	cmd=get_multi_table : db=test tbls=null	
2024-05-01T09:23:50,773  INFO [HiveServer2-Background-Pool: Thread-387] sqlstd.SQLStdHiveAccessController: Created SQLStdHiveAccessController for session context : HiveAuthzSessionContext [sessionString=8c54f2af-13bf-4e3a-92e4-48926747946f, clientType=HIVESERVER2]
2024-05-01T09:23:50,781  INFO [HiveServer2-Background-Pool: Thread-387] metadata.Hive: Dumping metastore api call timing information for : execution phase
2024-05-01T09:23:50,781  INFO [HiveServer2-Background-Pool: Thread-387] metadata.Hive: Total time spent in each metastore function (ms): {isCompatibleWith_(Configuration)=0, getDatabase_(String)=6, getTables_(String, String)=7}
2024-05-01T09:23:50,781  INFO [HiveServer2-Background-Pool: Thread-387] ql.Driver: Completed executing command(queryId=alex_20240501092350_6fe3f23c-9366-4c53-bc08-83794f944622); Time taken: 0.021 seconds
2024-05-01T09:23:50,782  INFO [HiveServer2-Background-Pool: Thread-387] common.LogUtils: Unregistered logging context.
2024-05-01T09:23:50,784  INFO [8c54f2af-13bf-4e3a-92e4-48926747946f main] operation.OperationManager: Closing operation: OperationHandle [opType=EXECUTE_STATEMENT, getHandleIdentifier()=da939b8c-9b7f-49f6-8d7a-79950b1667ca]
2024-05-01T09:23:50,784  INFO [8c54f2af-13bf-4e3a-92e4-48926747946f main] operation.OperationManager: Removed queryId: alex_20240501092350_6fe3f23c-9366-4c53-bc08-83794f944622 corresponding to operation: OperationHandle [opType=EXECUTE_STATEMENT, getHandleIdentifier()=da939b8c-9b7f-49f6-8d7a-79950b1667ca] with tag: null
2024-05-01T09:23:50,784  INFO [8c54f2af-13bf-4e3a-92e4-48926747946f main] ql.Context: Deleting scratch dir: file:/home/alex/Repositories/hive/beeline/target/tmp/alex/8c54f2af-13bf-4e3a-92e4-48926747946f/hive_2024-05-01_09-23-50_750_8555129356553168567-1
2024-05-01T09:23:50,784  INFO [8c54f2af-13bf-4e3a-92e4-48926747946f main] cleanup.EventualCleanupService: Delete file:/home/alex/Repositories/hive/beeline/target/tmp/alex/8c54f2af-13bf-4e3a-92e4-48926747946f/hive_2024-05-01_09-23-50_750_8555129356553168567-1 operation was queued
2024-05-01T09:23:50,785  INFO [8c54f2af-13bf-4e3a-92e4-48926747946f main] exec.ListSinkOperator: Closing Operator: LIST_SINK[0]
2024-05-01T09:23:50,785  INFO [8c54f2af-13bf-4e3a-92e4-48926747946f main] exec.ListSinkOperator: RECORDS_OUT_INTERMEDIATE:0, RECORDS_OUT_OPERATOR_LIST_SINK_0:0, 
2024-05-01T09:23:50,785  INFO [8c54f2af-13bf-4e3a-92e4-48926747946f main] operation.SQLOperation: Closing operation log /home/alex/Repositories/hive/beeline/target/tmp/alex/operation_logs/8c54f2af-13bf-4e3a-92e4-48926747946f/alex_20240501092350_6fe3f23c-9366-4c53-bc08-83794f944622 without delay
2024-05-01T09:23:50,785  INFO [EventualCleanupService thread 0] cleanup.EventualCleanupService: Deleted file:/home/alex/Repositories/hive/beeline/target/tmp/alex/8c54f2af-13bf-4e3a-92e4-48926747946f/hive_2024-05-01_09-23-50_750_8555129356553168567-1
2024-05-01T09:23:50,792  INFO [main] service.CompositeService: Session closed, SessionHandle [8c54f2af-13bf-4e3a-92e4-48926747946f], current sessions:0
2024-05-01T09:23:50,793  INFO [8c54f2af-13bf-4e3a-92e4-48926747946f main] session.HiveSessionImpl: Operation log session directory is deleted: /home/alex/Repositories/hive/beeline/target/tmp/alex/operation_logs/8c54f2af-13bf-4e3a-92e4-48926747946f
2024-05-01T09:23:50,794  INFO [main] cleanup.EventualCleanupService: Delete /tmp/hive/alex/8c54f2af-13bf-4e3a-92e4-48926747946f operation was queued
2024-05-01T09:23:50,794  INFO [main] cleanup.EventualCleanupService: Delete /home/alex/Repositories/hive/beeline/target/tmp/alex/8c54f2af-13bf-4e3a-92e4-48926747946f operation was queued
2024-05-01T09:23:50,794  INFO [EventualCleanupService thread 2] cleanup.EventualCleanupService: Deleted /home/alex/Repositories/hive/beeline/target/tmp/alex/8c54f2af-13bf-4e3a-92e4-48926747946f
2024-05-01T09:23:50,794  INFO [EventualCleanupService thread 1] cleanup.EventualCleanupService: Deleted /tmp/hive/alex/8c54f2af-13bf-4e3a-92e4-48926747946f
2024-05-01T09:23:50,795  INFO [main] HiveMetaStore.audit: ugi=alex	ip=unknown-ip-addr	cmd=Cleaning up thread local RawStore...	
2024-05-01T09:23:50,795  INFO [main] metastore.ObjectStore: RawStore: org.apache.hadoop.hive.metastore.ObjectStore@2ac05a33, with PersistenceManager: org.datanucleus.api.jdo.JDOPersistenceManager@35af52dc will be shutdown
2024-05-01T09:23:50,795  INFO [main] HiveMetaStore.audit: ugi=alex	ip=unknown-ip-addr	cmd=Done cleaning up thread local RawStore	
2024-05-01T09:23:50,795  INFO [main] metastore.HiveMetaStoreClient: Closed a connection to metastore, current connections: -23
]]></system-err>
  </testcase>
  <testcase name="testNoErrorDB" classname="org.apache.hive.beeline.cli.TestHiveCli" time="0.209">
    <failure type="java.lang.AssertionError"><![CDATA[java.lang.AssertionError: Supported return code is 0 while the actual is 1
	at org.junit.Assert.fail(Assert.java:89)
	at org.apache.hive.beeline.cli.TestHiveCli.executeCMD(TestHiveCli.java:256)
	at org.apache.hive.beeline.cli.TestHiveCli.verifyCMD(TestHiveCli.java:266)
	at org.apache.hive.beeline.cli.TestHiveCli.testNoErrorDB(TestHiveCli.java:239)
	at sun.reflect.NativeMethodAccessorImpl.invoke0(Native Method)
	at sun.reflect.NativeMethodAccessorImpl.invoke(NativeMethodAccessorImpl.java:62)
	at sun.reflect.DelegatingMethodAccessorImpl.invoke(DelegatingMethodAccessorImpl.java:43)
	at java.lang.reflect.Method.invoke(Method.java:498)
	at org.junit.runners.model.FrameworkMethod$1.runReflectiveCall(FrameworkMethod.java:59)
	at org.junit.internal.runners.model.ReflectiveCallable.run(ReflectiveCallable.java:12)
	at org.junit.runners.model.FrameworkMethod.invokeExplosively(FrameworkMethod.java:56)
	at org.junit.internal.runners.statements.InvokeMethod.evaluate(InvokeMethod.java:17)
	at org.junit.internal.runners.statements.RunBefores.evaluate(RunBefores.java:26)
	at org.junit.internal.runners.statements.RunAfters.evaluate(RunAfters.java:27)
	at org.junit.runners.ParentRunner$3.evaluate(ParentRunner.java:306)
	at org.junit.runners.BlockJUnit4ClassRunner$1.evaluate(BlockJUnit4ClassRunner.java:100)
	at org.junit.runners.ParentRunner.runLeaf(ParentRunner.java:366)
	at org.junit.runners.BlockJUnit4ClassRunner.runChild(BlockJUnit4ClassRunner.java:103)
	at org.junit.runners.BlockJUnit4ClassRunner.runChild(BlockJUnit4ClassRunner.java:63)
	at org.junit.runners.ParentRunner$4.run(ParentRunner.java:331)
	at org.junit.runners.ParentRunner$1.schedule(ParentRunner.java:79)
	at org.junit.runners.ParentRunner.runChildren(ParentRunner.java:329)
	at org.junit.runners.ParentRunner.access$100(ParentRunner.java:66)
	at org.junit.runners.ParentRunner$2.evaluate(ParentRunner.java:293)
	at org.junit.internal.runners.statements.RunBefores.evaluate(RunBefores.java:26)
	at org.junit.runners.ParentRunner$3.evaluate(ParentRunner.java:306)
	at org.junit.runners.ParentRunner.run(ParentRunner.java:413)
	at org.junit.runner.JUnitCore.run(JUnitCore.java:137)
	at org.junit.runner.JUnitCore.run(JUnitCore.java:115)
	at org.junit.vintage.engine.execution.RunnerExecutor.execute(RunnerExecutor.java:43)
	at java.util.stream.ForEachOps$ForEachOp$OfRef.accept(ForEachOps.java:183)
	at java.util.stream.ReferencePipeline$3$1.accept(ReferencePipeline.java:193)
	at java.util.Iterator.forEachRemaining(Iterator.java:116)
	at java.util.Spliterators$IteratorSpliterator.forEachRemaining(Spliterators.java:1801)
	at java.util.stream.AbstractPipeline.copyInto(AbstractPipeline.java:482)
	at java.util.stream.AbstractPipeline.wrapAndCopyInto(AbstractPipeline.java:472)
	at java.util.stream.ForEachOps$ForEachOp.evaluateSequential(ForEachOps.java:150)
	at java.util.stream.ForEachOps$ForEachOp$OfRef.evaluateSequential(ForEachOps.java:173)
	at java.util.stream.AbstractPipeline.evaluate(AbstractPipeline.java:234)
	at java.util.stream.ReferencePipeline.forEach(ReferencePipeline.java:485)
	at org.junit.vintage.engine.VintageTestEngine.executeAllChildren(VintageTestEngine.java:82)
	at org.junit.vintage.engine.VintageTestEngine.execute(VintageTestEngine.java:73)
	at org.junit.platform.launcher.core.DefaultLauncher.execute(DefaultLauncher.java:248)
	at org.junit.platform.launcher.core.DefaultLauncher.lambda$execute$5(DefaultLauncher.java:211)
	at org.junit.platform.launcher.core.DefaultLauncher.withInterceptedStreams(DefaultLauncher.java:226)
	at org.junit.platform.launcher.core.DefaultLauncher.execute(DefaultLauncher.java:199)
	at org.junit.platform.launcher.core.DefaultLauncher.execute(DefaultLauncher.java:132)
	at org.apache.maven.surefire.junitplatform.JUnitPlatformProvider.invokeAllTests(JUnitPlatformProvider.java:154)
	at org.apache.maven.surefire.junitplatform.JUnitPlatformProvider.invoke(JUnitPlatformProvider.java:123)
	at org.apache.maven.surefire.booter.ForkedBooter.runSuitesInProcess(ForkedBooter.java:377)
	at org.apache.maven.surefire.booter.ForkedBooter.execute(ForkedBooter.java:138)
	at org.apache.maven.surefire.booter.ForkedBooter.run(ForkedBooter.java:465)
	at org.apache.maven.surefire.booter.ForkedBooter.main(ForkedBooter.java:451)
]]></failure>
    <system-err><![CDATA[2024-05-01T09:23:50,796 ERROR [main] cli.TestHiveCli: Failed to execute command due to the error: java.lang.NullPointerException: Null output stream
2024-05-01T09:23:50,844  WARN [main] conf.HiveConf: HiveConf of name hive.dummyparam.test.server.specific.config.override does not exist
2024-05-01T09:23:50,844  WARN [main] conf.HiveConf: HiveConf of name hive.dummyparam.test.server.specific.config.hiveserver2site does not exist
2024-05-01T09:23:50,845  WARN [main] conf.HiveConf: HiveConf of name hive.dummyparam.test.server.specific.config.metastoresite does not exist
2024-05-01T09:23:50,845  INFO [main] SessionState: Hive Session ID = 3e969ddc-db13-4c8e-9f89-cbaae3f7bea3
2024-05-01T09:23:50,845  INFO [main] DependencyResolver: ivysettings.xml file not found in HIVE_HOME or HIVE_CONF_DIR,/home/alex/Repositories/hive/conf/ivysettings.xml will be used
2024-05-01T09:23:50,853  INFO [main] session.SessionState: Created HDFS directory: /tmp/hive/alex/3e969ddc-db13-4c8e-9f89-cbaae3f7bea3
2024-05-01T09:23:50,856  INFO [main] session.SessionState: Created local directory: /home/alex/Repositories/hive/beeline/target/tmp/alex/3e969ddc-db13-4c8e-9f89-cbaae3f7bea3
2024-05-01T09:23:50,860  INFO [main] session.SessionState: Created HDFS directory: /tmp/hive/alex/3e969ddc-db13-4c8e-9f89-cbaae3f7bea3/_tmp_space.db
2024-05-01T09:23:50,860  INFO [main] sqlstd.SQLStdHiveAccessController: Created SQLStdHiveAccessController for session context : HiveAuthzSessionContext [sessionString=3e969ddc-db13-4c8e-9f89-cbaae3f7bea3, clientType=HIVESERVER2]
2024-05-01T09:23:50,861  INFO [main] metastore.HiveMetaStoreClient: HMS client filtering is enabled.
2024-05-01T09:23:50,862  INFO [main] metastore.HMSHandler: 0: Opening raw store with implementation class:org.apache.hadoop.hive.metastore.ObjectStore
2024-05-01T09:23:50,862  INFO [main] metastore.PersistenceManagerProvider: Configuration datanucleus.autoStartMechanismMode is not set. Defaulting to 'ignored'
2024-05-01T09:23:50,862  INFO [main] metastore.ObjectStore: RawStore: org.apache.hadoop.hive.metastore.ObjectStore@295f2d1b, with PersistenceManager: null will be shutdown
2024-05-01T09:23:50,863  INFO [main] metastore.ObjectStore: RawStore: org.apache.hadoop.hive.metastore.ObjectStore@295f2d1b, with PersistenceManager: org.datanucleus.api.jdo.JDOPersistenceManager@65015a49 created in the thread with id: 1
2024-05-01T09:23:50,865  INFO [main] metastore.HMSHandler: Created RawStore: org.apache.hadoop.hive.metastore.ObjectStore@295f2d1b from thread id: 1
2024-05-01T09:23:50,865  INFO [main] metastore.HMSHandler: HMS server filtering is disabled by configuration
2024-05-01T09:23:50,866  INFO [main] metastore.RetryingMetaStoreClient: RetryingMetaStoreClient proxy=class org.apache.hadoop.hive.ql.metadata.SessionHiveMetaStoreClient ugi=alex (auth:SIMPLE) retries=1 delay=1 lifetime=0
2024-05-01T09:23:50,866  INFO [main] service.CompositeService: Operation log root directory is created: /home/alex/Repositories/hive/beeline/target/tmp/alex/operation_logs
2024-05-01T09:23:50,866  INFO [main] service.CompositeService: HiveServer2: Background operation thread pool size: 100
2024-05-01T09:23:50,866  INFO [main] service.CompositeService: HiveServer2: Background operation thread wait queue size: 100
2024-05-01T09:23:50,866  INFO [main] service.CompositeService: HiveServer2: Background operation thread keepalive time: 10 seconds
2024-05-01T09:23:50,866  INFO [main] service.CompositeService: Connections limit are user: 0 ipaddress: 0 user-ipaddress: 0
2024-05-01T09:23:50,868  INFO [main] cleanup.EventualCleanupService: EventualCleanupService started with 10 threads and queue of size 10000
ERROR StatusLogger Log4j2 ConfigurationScheduler attempted to increment scheduled items after start
ERROR StatusLogger Log4j2 ConfigurationScheduler attempted to increment scheduled items after start
2024-05-01T09:23:50,869  INFO [main] service.AbstractService: Service:OperationManager is inited.
2024-05-01T09:23:50,869  INFO [main] service.AbstractService: Service:SessionManager is inited.
2024-05-01T09:23:50,869  INFO [main] service.AbstractService: Service:CLIService is inited.
2024-05-01T09:23:50,870  INFO [main] service.AbstractService: Service:OperationManager is started.
2024-05-01T09:23:50,870  INFO [main] service.AbstractService: Service:SessionManager is started.
2024-05-01T09:23:50,870  INFO [main] service.AbstractService: Service:CLIService is started.
2024-05-01T09:23:50,870  INFO [main] service.AbstractService: Service:ThriftBinaryCLIService is inited.
2024-05-01T09:23:50,870  INFO [main] thrift.ThriftCLIService: Client protocol version: HIVE_CLI_SERVICE_PROTOCOL_V10
2024-05-01T09:23:50,870  INFO [main] thrift.ThriftCLIService: Creating Hive session handle for user [null] from IP null
2024-05-01T09:23:50,871  INFO [main] DependencyResolver: ivysettings.xml file not found in HIVE_HOME or HIVE_CONF_DIR,/home/alex/Repositories/hive/conf/ivysettings.xml will be used
2024-05-01T09:23:50,878  INFO [main] session.SessionState: Created HDFS directory: /tmp/hive/alex/cff9ab4e-0d25-4ff4-a76b-18c1ae02133d
2024-05-01T09:23:50,882  INFO [main] session.SessionState: Created local directory: /home/alex/Repositories/hive/beeline/target/tmp/alex/cff9ab4e-0d25-4ff4-a76b-18c1ae02133d
2024-05-01T09:23:50,885  INFO [main] session.SessionState: Created HDFS directory: /tmp/hive/alex/cff9ab4e-0d25-4ff4-a76b-18c1ae02133d/_tmp_space.db
2024-05-01T09:23:50,885  INFO [main] session.SessionState: Reloading auxiliary JAR files
2024-05-01T09:23:50,885  WARN [main] session.SessionState: Configuration hive.reloadable.aux.jars.path not specified
2024-05-01T09:23:50,886  INFO [main] HiveMetaStore.audit: ugi=alex	ip=unknown-ip-addr	cmd=Cleaning up thread local RawStore...	
2024-05-01T09:23:50,886  INFO [main] metastore.ObjectStore: RawStore: org.apache.hadoop.hive.metastore.ObjectStore@295f2d1b, with PersistenceManager: org.datanucleus.api.jdo.JDOPersistenceManager@65015a49 will be shutdown
2024-05-01T09:23:50,886  INFO [main] HiveMetaStore.audit: ugi=alex	ip=unknown-ip-addr	cmd=Done cleaning up thread local RawStore	
2024-05-01T09:23:50,886  INFO [main] metastore.HiveMetaStoreClient: Closed a connection to metastore, current connections: -24
2024-05-01T09:23:50,886  INFO [main] session.HiveSessionImpl: Operation log session directory is created: /home/alex/Repositories/hive/beeline/target/tmp/alex/operation_logs/cff9ab4e-0d25-4ff4-a76b-18c1ae02133d
2024-05-01T09:23:50,886  INFO [main] service.CompositeService: Session opened, SessionHandle [cff9ab4e-0d25-4ff4-a76b-18c1ae02133d], current sessions:1
2024-05-01T09:23:50,886  INFO [main] thrift.ThriftCLIService: Login attempt is successful for user : null
2024-05-01T09:23:50,944  WARN [main] conf.HiveConf: HiveConf of name hive.dummyparam.test.server.specific.config.override does not exist
2024-05-01T09:23:50,944  WARN [main] conf.HiveConf: HiveConf of name hive.dummyparam.test.server.specific.config.hiveserver2site does not exist
2024-05-01T09:23:50,945  WARN [main] conf.HiveConf: HiveConf of name hive.dummyparam.test.server.specific.config.metastoresite does not exist
2024-05-01T09:23:50,945  INFO [cff9ab4e-0d25-4ff4-a76b-18c1ae02133d main] session.HiveSessionImpl: executing set
2024-05-01T09:23:50,946  INFO [cff9ab4e-0d25-4ff4-a76b-18c1ae02133d main] operation.HiveCommandOperation: Putting temp output to file /home/alex/Repositories/hive/beeline/target/tmp/alex/cff9ab4e-0d25-4ff4-a76b-18c1ae02133d4895512827402356134.pipeout and error output to file /home/alex/Repositories/hive/beeline/target/tmp/alex/cff9ab4e-0d25-4ff4-a76b-18c1ae02133d9143596156605169241.pipeout
2024-05-01T09:23:50,946  INFO [cff9ab4e-0d25-4ff4-a76b-18c1ae02133d main] operation.OperationManager: Adding operation: OperationHandle [opType=EXECUTE_STATEMENT, getHandleIdentifier()=1e801f6b-e719-422b-8dbf-cb32387fc63a] SessionHandle [cff9ab4e-0d25-4ff4-a76b-18c1ae02133d]
2024-05-01T09:23:50,946  INFO [cff9ab4e-0d25-4ff4-a76b-18c1ae02133d main] common.LogUtils: Thread context registration is done.
DEBUG StatusLogger Building Plugin[name=filter, class=org.apache.hadoop.hive.ql.log.LogDivertAppender$NameFilter].
DEBUG StatusLogger createFilter(loggingLevel="EXECUTION")
DEBUG StatusLogger Building Plugin[name=layout, class=org.apache.logging.log4j.core.layout.PatternLayout].
DEBUG StatusLogger PatternLayout$Builder(pattern="%-5p : %m%n", PatternSelector=null, Configuration(HiveLog4j2Test), Replace=null, charset="null", alwaysWriteExceptions="null", disableAnsi="null", noConsoleNoAnsi="null", header="null", footer="null")
DEBUG StatusLogger Building Plugin[name=appender, class=org.apache.hadoop.hive.ql.log.HushableRandomAccessFileAppender].
DEBUG StatusLogger createAppender(fileName="/home/alex/Repositories/hive/beeline/target/tmp/alex/operation_logs/cff9ab4e-0d25-4ff4-a76b-18c1ae02133d/alex_20240501092350_3b3a8795-2513-434a-85db-17ab050059d5", append="null", name="query-file-appender", immediateFlush="null", bufferSize="null", ignoreExceptions="null", PatternLayout(org.apache.logging.log4j.core.layout.PatternLayout with name PatternLayout), NameFilter(org.apache.hadoop.hive.ql.log.LogDivertAppender$NameFilter with name NameFilter), advertise="null", advertiseURI="null", Configuration(HiveLog4j2Test))
DEBUG StatusLogger Starting RandomAccessFileManager /home/alex/Repositories/hive/beeline/target/tmp/alex/operation_logs/cff9ab4e-0d25-4ff4-a76b-18c1ae02133d/alex_20240501092350_3b3a8795-2513-434a-85db-17ab050059d5
DEBUG StatusLogger Building Plugin[name=, class=org.apache.hadoop.hive.ql.log.LogDivertAppenderForTest$TestFilter].
DEBUG StatusLogger createFilter()
DEBUG StatusLogger Building Plugin[name=, class=org.apache.logging.log4j.core.layout.PatternLayout].
DEBUG StatusLogger PatternLayout$Builder(pattern="%-5p : %m%n", PatternSelector=null, Configuration(HiveLog4j2Test), Replace=null, charset="null", alwaysWriteExceptions="null", disableAnsi="null", noConsoleNoAnsi="null", header="null", footer="null")
DEBUG StatusLogger Building Plugin[name=appender, class=org.apache.hadoop.hive.ql.log.HushableRandomAccessFileAppender].
DEBUG StatusLogger createAppender(fileName="/home/alex/Repositories/hive/beeline/target/tmp/alex/operation_logs/cff9ab4e-0d25-4ff4-a76b-18c1ae02133d/alex_20240501092350_3b3a8795-2513-434a-85db-17ab050059d5.test", append="null", name="test-query-file-appender", immediateFlush="null", bufferSize="null", ignoreExceptions="null", PatternLayout(org.apache.logging.log4j.core.layout.PatternLayout with name PatternLayout), test-filter(org.apache.hadoop.hive.ql.log.LogDivertAppenderForTest$TestFilter with name test-filter), advertise="null", advertiseURI="null", Configuration(HiveLog4j2Test))
DEBUG StatusLogger Starting RandomAccessFileManager /home/alex/Repositories/hive/beeline/target/tmp/alex/operation_logs/cff9ab4e-0d25-4ff4-a76b-18c1ae02133d/alex_20240501092350_3b3a8795-2513-434a-85db-17ab050059d5.test
2024-05-01T09:23:50,949  INFO [cff9ab4e-0d25-4ff4-a76b-18c1ae02133d main] operation.HiveCommandOperation: [opType=EXECUTE_STATEMENT, queryId=alex_20240501092350_3b3a8795-2513-434a-85db-17ab050059d5, startTime=1714580630945, sessionId=cff9ab4e-0d25-4ff4-a76b-18c1ae02133d, createTime=1714580630870, userName=null, ipAddress=null]
2024-05-01T09:23:50,957  INFO [cff9ab4e-0d25-4ff4-a76b-18c1ae02133d main] common.LogUtils: Unregistered logging context.
2024-05-01T09:23:50,960  INFO [cff9ab4e-0d25-4ff4-a76b-18c1ae02133d main] operation.OperationManager: Closing operation: OperationHandle [opType=EXECUTE_STATEMENT, getHandleIdentifier()=1e801f6b-e719-422b-8dbf-cb32387fc63a]
2024-05-01T09:23:50,960  INFO [cff9ab4e-0d25-4ff4-a76b-18c1ae02133d main] operation.OperationManager: Removed queryId: alex_20240501092350_3b3a8795-2513-434a-85db-17ab050059d5 corresponding to operation: OperationHandle [opType=EXECUTE_STATEMENT, getHandleIdentifier()=1e801f6b-e719-422b-8dbf-cb32387fc63a] with tag: null
2024-05-01T09:23:50,961  INFO [cff9ab4e-0d25-4ff4-a76b-18c1ae02133d main] operation.HiveCommandOperation: Closing operation log /home/alex/Repositories/hive/beeline/target/tmp/alex/operation_logs/cff9ab4e-0d25-4ff4-a76b-18c1ae02133d/alex_20240501092350_3b3a8795-2513-434a-85db-17ab050059d5 without delay
2024-05-01T09:23:50,963  INFO [cff9ab4e-0d25-4ff4-a76b-18c1ae02133d main] session.HiveSessionImpl: executing show tables
2024-05-01T09:23:50,963  INFO [cff9ab4e-0d25-4ff4-a76b-18c1ae02133d main] operation.OperationManager: Adding operation: OperationHandle [opType=EXECUTE_STATEMENT, getHandleIdentifier()=263d8d77-afbb-4e6a-981f-3319b89cb34b] SessionHandle [cff9ab4e-0d25-4ff4-a76b-18c1ae02133d]
2024-05-01T09:23:50,963  INFO [cff9ab4e-0d25-4ff4-a76b-18c1ae02133d main] common.LogUtils: Thread context registration is done.
DEBUG StatusLogger Building Plugin[name=filter, class=org.apache.hadoop.hive.ql.log.LogDivertAppender$NameFilter].
DEBUG StatusLogger createFilter(loggingLevel="EXECUTION")
DEBUG StatusLogger Building Plugin[name=layout, class=org.apache.logging.log4j.core.layout.PatternLayout].
DEBUG StatusLogger PatternLayout$Builder(pattern="%-5p : %m%n", PatternSelector=null, Configuration(HiveLog4j2Test), Replace=null, charset="null", alwaysWriteExceptions="null", disableAnsi="null", noConsoleNoAnsi="null", header="null", footer="null")
DEBUG StatusLogger Building Plugin[name=appender, class=org.apache.hadoop.hive.ql.log.HushableRandomAccessFileAppender].
DEBUG StatusLogger createAppender(fileName="/home/alex/Repositories/hive/beeline/target/tmp/alex/operation_logs/cff9ab4e-0d25-4ff4-a76b-18c1ae02133d/alex_20240501092350_ca09be8f-58d6-4550-9cbe-c5a14c84393b", append="null", name="query-file-appender", immediateFlush="null", bufferSize="null", ignoreExceptions="null", PatternLayout(org.apache.logging.log4j.core.layout.PatternLayout with name PatternLayout), NameFilter(org.apache.hadoop.hive.ql.log.LogDivertAppender$NameFilter with name NameFilter), advertise="null", advertiseURI="null", Configuration(HiveLog4j2Test))
DEBUG StatusLogger Starting RandomAccessFileManager /home/alex/Repositories/hive/beeline/target/tmp/alex/operation_logs/cff9ab4e-0d25-4ff4-a76b-18c1ae02133d/alex_20240501092350_ca09be8f-58d6-4550-9cbe-c5a14c84393b
DEBUG StatusLogger Building Plugin[name=, class=org.apache.hadoop.hive.ql.log.LogDivertAppenderForTest$TestFilter].
DEBUG StatusLogger createFilter()
DEBUG StatusLogger Building Plugin[name=, class=org.apache.logging.log4j.core.layout.PatternLayout].
DEBUG StatusLogger PatternLayout$Builder(pattern="%-5p : %m%n", PatternSelector=null, Configuration(HiveLog4j2Test), Replace=null, charset="null", alwaysWriteExceptions="null", disableAnsi="null", noConsoleNoAnsi="null", header="null", footer="null")
DEBUG StatusLogger Building Plugin[name=appender, class=org.apache.hadoop.hive.ql.log.HushableRandomAccessFileAppender].
DEBUG StatusLogger createAppender(fileName="/home/alex/Repositories/hive/beeline/target/tmp/alex/operation_logs/cff9ab4e-0d25-4ff4-a76b-18c1ae02133d/alex_20240501092350_ca09be8f-58d6-4550-9cbe-c5a14c84393b.test", append="null", name="test-query-file-appender", immediateFlush="null", bufferSize="null", ignoreExceptions="null", PatternLayout(org.apache.logging.log4j.core.layout.PatternLayout with name PatternLayout), test-filter(org.apache.hadoop.hive.ql.log.LogDivertAppenderForTest$TestFilter with name test-filter), advertise="null", advertiseURI="null", Configuration(HiveLog4j2Test))
DEBUG StatusLogger Starting RandomAccessFileManager /home/alex/Repositories/hive/beeline/target/tmp/alex/operation_logs/cff9ab4e-0d25-4ff4-a76b-18c1ae02133d/alex_20240501092350_ca09be8f-58d6-4550-9cbe-c5a14c84393b.test
2024-05-01T09:23:50,967  INFO [cff9ab4e-0d25-4ff4-a76b-18c1ae02133d main] operation.SQLOperation: [opType=EXECUTE_STATEMENT, queryId=alex_20240501092350_ca09be8f-58d6-4550-9cbe-c5a14c84393b, startTime=1714580630963, sessionId=cff9ab4e-0d25-4ff4-a76b-18c1ae02133d, createTime=1714580630870, userName=null, ipAddress=null]
2024-05-01T09:23:50,969  INFO [cff9ab4e-0d25-4ff4-a76b-18c1ae02133d main] ql.Driver: Compiling command(queryId=alex_20240501092350_ca09be8f-58d6-4550-9cbe-c5a14c84393b): show tables
2024-05-01T09:23:50,970  INFO [cff9ab4e-0d25-4ff4-a76b-18c1ae02133d main] metastore.HiveMetaStoreClient: HMS client filtering is enabled.
2024-05-01T09:23:50,970  INFO [cff9ab4e-0d25-4ff4-a76b-18c1ae02133d main] metastore.HMSHandler: 0: Opening raw store with implementation class:org.apache.hadoop.hive.metastore.ObjectStore
2024-05-01T09:23:50,970  INFO [cff9ab4e-0d25-4ff4-a76b-18c1ae02133d main] metastore.PersistenceManagerProvider: Configuration datanucleus.autoStartMechanismMode is not set. Defaulting to 'ignored'
2024-05-01T09:23:50,971  INFO [cff9ab4e-0d25-4ff4-a76b-18c1ae02133d main] metastore.ObjectStore: RawStore: org.apache.hadoop.hive.metastore.ObjectStore@290807e5, with PersistenceManager: null will be shutdown
2024-05-01T09:23:50,971  INFO [cff9ab4e-0d25-4ff4-a76b-18c1ae02133d main] metastore.ObjectStore: RawStore: org.apache.hadoop.hive.metastore.ObjectStore@290807e5, with PersistenceManager: org.datanucleus.api.jdo.JDOPersistenceManager@60bc308b created in the thread with id: 1
2024-05-01T09:23:50,973  INFO [cff9ab4e-0d25-4ff4-a76b-18c1ae02133d main] metastore.HMSHandler: Created RawStore: org.apache.hadoop.hive.metastore.ObjectStore@290807e5 from thread id: 1
2024-05-01T09:23:50,973  INFO [cff9ab4e-0d25-4ff4-a76b-18c1ae02133d main] metastore.HMSHandler: HMS server filtering is disabled by configuration
2024-05-01T09:23:50,973  INFO [cff9ab4e-0d25-4ff4-a76b-18c1ae02133d main] metastore.RetryingMetaStoreClient: RetryingMetaStoreClient proxy=class org.apache.hadoop.hive.ql.metadata.SessionHiveMetaStoreClient ugi=alex (auth:SIMPLE) retries=1 delay=1 lifetime=0
2024-05-01T09:23:50,977  INFO [cff9ab4e-0d25-4ff4-a76b-18c1ae02133d main] HiveMetaStore.audit: ugi=alex	ip=unknown-ip-addr	cmd=get_database: default	
2024-05-01T09:23:50,978  INFO [cff9ab4e-0d25-4ff4-a76b-18c1ae02133d main] ql.Driver: Semantic Analysis Completed (retrial = false)
2024-05-01T09:23:50,978  INFO [cff9ab4e-0d25-4ff4-a76b-18c1ae02133d main] ql.Driver: Created Hive schema: Schema(fieldSchemas:[FieldSchema(name:tab_name, type:string, comment:from deserializer)], properties:null)
2024-05-01T09:23:50,979  INFO [cff9ab4e-0d25-4ff4-a76b-18c1ae02133d main] exec.ListSinkOperator: Initializing Operator: LIST_SINK[0]
2024-05-01T09:23:50,980  INFO [cff9ab4e-0d25-4ff4-a76b-18c1ae02133d main] metadata.Hive: Dumping metastore api call timing information for : compilation phase
2024-05-01T09:23:50,980  INFO [cff9ab4e-0d25-4ff4-a76b-18c1ae02133d main] metadata.Hive: Total time spent in each metastore function (ms): {isCompatibleWith_(Configuration)=0, getDatabase_(String)=1, flushCache_()=0}
2024-05-01T09:23:50,980  INFO [cff9ab4e-0d25-4ff4-a76b-18c1ae02133d main] ql.Driver: Completed compiling command(queryId=alex_20240501092350_ca09be8f-58d6-4550-9cbe-c5a14c84393b); Time taken: 0.011 seconds
2024-05-01T09:23:50,980  INFO [cff9ab4e-0d25-4ff4-a76b-18c1ae02133d main] common.LogUtils: Unregistered logging context.
2024-05-01T09:23:50,981  INFO [HiveServer2-Background-Pool: Thread-413] common.LogUtils: Thread context registration is done.
2024-05-01T09:23:50,981  INFO [HiveServer2-Background-Pool: Thread-413] reexec.ReExecDriver: Execution #1 of query
2024-05-01T09:23:50,981  INFO [HiveServer2-Background-Pool: Thread-413] ql.Driver: Concurrency mode is disabled, not creating a lock manager
2024-05-01T09:23:50,981  INFO [HiveServer2-Background-Pool: Thread-413] ql.Driver: Executing command(queryId=alex_20240501092350_ca09be8f-58d6-4550-9cbe-c5a14c84393b): show tables
2024-05-01T09:23:50,982  INFO [HiveServer2-Background-Pool: Thread-413] ql.Driver: Starting task [Stage-0:DDL] in serial mode
2024-05-01T09:23:50,983  INFO [HiveServer2-Background-Pool: Thread-413] HiveMetaStore.audit: ugi=alex	ip=unknown-ip-addr	cmd=get_database: default	
2024-05-01T09:23:50,983  INFO [HiveServer2-Background-Pool: Thread-413] metastore.HMSHandler: 22: Opening raw store with implementation class:org.apache.hadoop.hive.metastore.ObjectStore
2024-05-01T09:23:50,984  INFO [HiveServer2-Background-Pool: Thread-413] metastore.ObjectStore: RawStore: org.apache.hadoop.hive.metastore.ObjectStore@5f3742f0, with PersistenceManager: null will be shutdown
2024-05-01T09:23:50,984  INFO [HiveServer2-Background-Pool: Thread-413] metastore.ObjectStore: RawStore: org.apache.hadoop.hive.metastore.ObjectStore@5f3742f0, with PersistenceManager: org.datanucleus.api.jdo.JDOPersistenceManager@1a35c772 created in the thread with id: 413
2024-05-01T09:23:50,987  INFO [HiveServer2-Background-Pool: Thread-413] metastore.HMSHandler: Created RawStore: org.apache.hadoop.hive.metastore.ObjectStore@5f3742f0 from thread id: 413
2024-05-01T09:23:50,989  INFO [HiveServer2-Background-Pool: Thread-413] HiveMetaStore.audit: ugi=alex	ip=unknown-ip-addr	cmd=get_multi_table : db=default tbls=null	
2024-05-01T09:23:50,992  INFO [HiveServer2-Background-Pool: Thread-413] sqlstd.SQLStdHiveAccessController: Created SQLStdHiveAccessController for session context : HiveAuthzSessionContext [sessionString=cff9ab4e-0d25-4ff4-a76b-18c1ae02133d, clientType=HIVESERVER2]
2024-05-01T09:23:50,999  INFO [HiveServer2-Background-Pool: Thread-413] metadata.Hive: Dumping metastore api call timing information for : execution phase
2024-05-01T09:23:50,999  INFO [HiveServer2-Background-Pool: Thread-413] metadata.Hive: Total time spent in each metastore function (ms): {isCompatibleWith_(Configuration)=0, getDatabase_(String)=6, getTables_(String, String)=4}
2024-05-01T09:23:50,999  INFO [HiveServer2-Background-Pool: Thread-413] ql.Driver: Completed executing command(queryId=alex_20240501092350_ca09be8f-58d6-4550-9cbe-c5a14c84393b); Time taken: 0.018 seconds
2024-05-01T09:23:51,000  INFO [HiveServer2-Background-Pool: Thread-413] common.LogUtils: Unregistered logging context.
2024-05-01T09:23:51,003  INFO [cff9ab4e-0d25-4ff4-a76b-18c1ae02133d main] operation.OperationManager: Closing operation: OperationHandle [opType=EXECUTE_STATEMENT, getHandleIdentifier()=263d8d77-afbb-4e6a-981f-3319b89cb34b]
2024-05-01T09:23:51,003  INFO [cff9ab4e-0d25-4ff4-a76b-18c1ae02133d main] operation.OperationManager: Removed queryId: alex_20240501092350_ca09be8f-58d6-4550-9cbe-c5a14c84393b corresponding to operation: OperationHandle [opType=EXECUTE_STATEMENT, getHandleIdentifier()=263d8d77-afbb-4e6a-981f-3319b89cb34b] with tag: null
2024-05-01T09:23:51,003  INFO [cff9ab4e-0d25-4ff4-a76b-18c1ae02133d main] ql.Context: Deleting scratch dir: file:/home/alex/Repositories/hive/beeline/target/tmp/alex/cff9ab4e-0d25-4ff4-a76b-18c1ae02133d/hive_2024-05-01_09-23-50_968_2189830796190682374-1
2024-05-01T09:23:51,003  INFO [cff9ab4e-0d25-4ff4-a76b-18c1ae02133d main] cleanup.EventualCleanupService: Delete file:/home/alex/Repositories/hive/beeline/target/tmp/alex/cff9ab4e-0d25-4ff4-a76b-18c1ae02133d/hive_2024-05-01_09-23-50_968_2189830796190682374-1 operation was queued
2024-05-01T09:23:51,003  INFO [cff9ab4e-0d25-4ff4-a76b-18c1ae02133d main] exec.ListSinkOperator: Closing Operator: LIST_SINK[0]
2024-05-01T09:23:51,003  INFO [cff9ab4e-0d25-4ff4-a76b-18c1ae02133d main] exec.ListSinkOperator: RECORDS_OUT_INTERMEDIATE:0, RECORDS_OUT_OPERATOR_LIST_SINK_0:0, 
2024-05-01T09:23:51,003  INFO [cff9ab4e-0d25-4ff4-a76b-18c1ae02133d main] operation.SQLOperation: Closing operation log /home/alex/Repositories/hive/beeline/target/tmp/alex/operation_logs/cff9ab4e-0d25-4ff4-a76b-18c1ae02133d/alex_20240501092350_ca09be8f-58d6-4550-9cbe-c5a14c84393b without delay
2024-05-01T09:23:51,004  INFO [main] service.CompositeService: Session closed, SessionHandle [cff9ab4e-0d25-4ff4-a76b-18c1ae02133d], current sessions:0
2024-05-01T09:23:51,004  INFO [EventualCleanupService thread 0] cleanup.EventualCleanupService: Deleted file:/home/alex/Repositories/hive/beeline/target/tmp/alex/cff9ab4e-0d25-4ff4-a76b-18c1ae02133d/hive_2024-05-01_09-23-50_968_2189830796190682374-1
2024-05-01T09:23:51,004  INFO [cff9ab4e-0d25-4ff4-a76b-18c1ae02133d main] session.HiveSessionImpl: Operation log session directory is deleted: /home/alex/Repositories/hive/beeline/target/tmp/alex/operation_logs/cff9ab4e-0d25-4ff4-a76b-18c1ae02133d
2024-05-01T09:23:51,004  INFO [main] cleanup.EventualCleanupService: Delete /tmp/hive/alex/cff9ab4e-0d25-4ff4-a76b-18c1ae02133d operation was queued
2024-05-01T09:23:51,004  INFO [main] cleanup.EventualCleanupService: Delete /home/alex/Repositories/hive/beeline/target/tmp/alex/cff9ab4e-0d25-4ff4-a76b-18c1ae02133d operation was queued
2024-05-01T09:23:51,004  INFO [EventualCleanupService thread 2] cleanup.EventualCleanupService: Deleted /home/alex/Repositories/hive/beeline/target/tmp/alex/cff9ab4e-0d25-4ff4-a76b-18c1ae02133d
2024-05-01T09:23:51,004  INFO [EventualCleanupService thread 1] cleanup.EventualCleanupService: Deleted /tmp/hive/alex/cff9ab4e-0d25-4ff4-a76b-18c1ae02133d
2024-05-01T09:23:51,005  INFO [main] HiveMetaStore.audit: ugi=alex	ip=unknown-ip-addr	cmd=Cleaning up thread local RawStore...	
2024-05-01T09:23:51,005  INFO [main] metastore.ObjectStore: RawStore: org.apache.hadoop.hive.metastore.ObjectStore@290807e5, with PersistenceManager: org.datanucleus.api.jdo.JDOPersistenceManager@60bc308b will be shutdown
2024-05-01T09:23:51,005  INFO [main] HiveMetaStore.audit: ugi=alex	ip=unknown-ip-addr	cmd=Done cleaning up thread local RawStore	
2024-05-01T09:23:51,005  INFO [main] metastore.HiveMetaStoreClient: Closed a connection to metastore, current connections: -25
2024-05-01T09:23:51,005 ERROR [main] cli.TestHiveCli: Failed due to the error:Connecting to jdbc:hive2://
Hive Session ID = 3e969ddc-db13-4c8e-9f89-cbaae3f7bea3
ivysettings.xml file not found in HIVE_HOME or HIVE_CONF_DIR,/home/alex/Repositories/hive/conf/ivysettings.xml will be used
ivysettings.xml file not found in HIVE_HOME or HIVE_CONF_DIR,/home/alex/Repositories/hive/conf/ivysettings.xml will be used
Connected to: Apache Hive (version 4.0.0-SNAPSHOT)
Error: Couldn't load manifest attributes. (state=,code=0)
Transaction isolation: TRANSACTION_REPEATABLE_READ
INFO  : Compiling command(queryId=alex_20240501092350_ca09be8f-58d6-4550-9cbe-c5a14c84393b): show tables
INFO  : Semantic Analysis Completed (retrial = false)
INFO  : Created Hive schema: Schema(fieldSchemas:[FieldSchema(name:tab_name, type:string, comment:from deserializer)], properties:null)
INFO  : Completed compiling command(queryId=alex_20240501092350_ca09be8f-58d6-4550-9cbe-c5a14c84393b); Time taken: 0.011 seconds
INFO  : Concurrency mode is disabled, not creating a lock manager
INFO  : Executing command(queryId=alex_20240501092350_ca09be8f-58d6-4550-9cbe-c5a14c84393b): show tables
INFO  : Starting task [Stage-0:DDL] in serial mode
DEBUG : Task getting executed using mapred tag : alex_20240501092350_ca09be8f-58d6-4550-9cbe-c5a14c84393b,userid=null
INFO  : Completed executing command(queryId=alex_20240501092350_ca09be8f-58d6-4550-9cbe-c5a14c84393b); Time taken: 0.018 seconds
DEBUG : Shutting down query show tables
Error: Failed to wait for operation to complete (state=08S01,code=0)
Closing: 0: jdbc:hive2://

]]></system-err>
  </testcase>
  <testcase name="testUseInvalidDB" classname="org.apache.hive.beeline.cli.TestHiveCli" time="0.297"/>
  <testcase name="testErrOutput" classname="org.apache.hive.beeline.cli.TestHiveCli" time="0.262"/>
  <testcase name="testSqlFromCmdWithComments1" classname="org.apache.hive.beeline.cli.TestHiveCli" time="0.24">
    <failure type="java.lang.AssertionError"><![CDATA[java.lang.AssertionError: Supported return code is 0 while the actual is 1
	at org.junit.Assert.fail(Assert.java:89)
	at org.apache.hive.beeline.cli.TestHiveCli.executeCMD(TestHiveCli.java:256)
	at org.apache.hive.beeline.cli.TestHiveCli.verifyCMD(TestHiveCli.java:266)
	at org.apache.hive.beeline.cli.TestHiveCli.testSqlFromCmdWithComments1(TestHiveCli.java:150)
	at sun.reflect.NativeMethodAccessorImpl.invoke0(Native Method)
	at sun.reflect.NativeMethodAccessorImpl.invoke(NativeMethodAccessorImpl.java:62)
	at sun.reflect.DelegatingMethodAccessorImpl.invoke(DelegatingMethodAccessorImpl.java:43)
	at java.lang.reflect.Method.invoke(Method.java:498)
	at org.junit.runners.model.FrameworkMethod$1.runReflectiveCall(FrameworkMethod.java:59)
	at org.junit.internal.runners.model.ReflectiveCallable.run(ReflectiveCallable.java:12)
	at org.junit.runners.model.FrameworkMethod.invokeExplosively(FrameworkMethod.java:56)
	at org.junit.internal.runners.statements.InvokeMethod.evaluate(InvokeMethod.java:17)
	at org.junit.internal.runners.statements.RunBefores.evaluate(RunBefores.java:26)
	at org.junit.internal.runners.statements.RunAfters.evaluate(RunAfters.java:27)
	at org.junit.runners.ParentRunner$3.evaluate(ParentRunner.java:306)
	at org.junit.runners.BlockJUnit4ClassRunner$1.evaluate(BlockJUnit4ClassRunner.java:100)
	at org.junit.runners.ParentRunner.runLeaf(ParentRunner.java:366)
	at org.junit.runners.BlockJUnit4ClassRunner.runChild(BlockJUnit4ClassRunner.java:103)
	at org.junit.runners.BlockJUnit4ClassRunner.runChild(BlockJUnit4ClassRunner.java:63)
	at org.junit.runners.ParentRunner$4.run(ParentRunner.java:331)
	at org.junit.runners.ParentRunner$1.schedule(ParentRunner.java:79)
	at org.junit.runners.ParentRunner.runChildren(ParentRunner.java:329)
	at org.junit.runners.ParentRunner.access$100(ParentRunner.java:66)
	at org.junit.runners.ParentRunner$2.evaluate(ParentRunner.java:293)
	at org.junit.internal.runners.statements.RunBefores.evaluate(RunBefores.java:26)
	at org.junit.runners.ParentRunner$3.evaluate(ParentRunner.java:306)
	at org.junit.runners.ParentRunner.run(ParentRunner.java:413)
	at org.junit.runner.JUnitCore.run(JUnitCore.java:137)
	at org.junit.runner.JUnitCore.run(JUnitCore.java:115)
	at org.junit.vintage.engine.execution.RunnerExecutor.execute(RunnerExecutor.java:43)
	at java.util.stream.ForEachOps$ForEachOp$OfRef.accept(ForEachOps.java:183)
	at java.util.stream.ReferencePipeline$3$1.accept(ReferencePipeline.java:193)
	at java.util.Iterator.forEachRemaining(Iterator.java:116)
	at java.util.Spliterators$IteratorSpliterator.forEachRemaining(Spliterators.java:1801)
	at java.util.stream.AbstractPipeline.copyInto(AbstractPipeline.java:482)
	at java.util.stream.AbstractPipeline.wrapAndCopyInto(AbstractPipeline.java:472)
	at java.util.stream.ForEachOps$ForEachOp.evaluateSequential(ForEachOps.java:150)
	at java.util.stream.ForEachOps$ForEachOp$OfRef.evaluateSequential(ForEachOps.java:173)
	at java.util.stream.AbstractPipeline.evaluate(AbstractPipeline.java:234)
	at java.util.stream.ReferencePipeline.forEach(ReferencePipeline.java:485)
	at org.junit.vintage.engine.VintageTestEngine.executeAllChildren(VintageTestEngine.java:82)
	at org.junit.vintage.engine.VintageTestEngine.execute(VintageTestEngine.java:73)
	at org.junit.platform.launcher.core.DefaultLauncher.execute(DefaultLauncher.java:248)
	at org.junit.platform.launcher.core.DefaultLauncher.lambda$execute$5(DefaultLauncher.java:211)
	at org.junit.platform.launcher.core.DefaultLauncher.withInterceptedStreams(DefaultLauncher.java:226)
	at org.junit.platform.launcher.core.DefaultLauncher.execute(DefaultLauncher.java:199)
	at org.junit.platform.launcher.core.DefaultLauncher.execute(DefaultLauncher.java:132)
	at org.apache.maven.surefire.junitplatform.JUnitPlatformProvider.invokeAllTests(JUnitPlatformProvider.java:154)
	at org.apache.maven.surefire.junitplatform.JUnitPlatformProvider.invoke(JUnitPlatformProvider.java:123)
	at org.apache.maven.surefire.booter.ForkedBooter.runSuitesInProcess(ForkedBooter.java:377)
	at org.apache.maven.surefire.booter.ForkedBooter.execute(ForkedBooter.java:138)
	at org.apache.maven.surefire.booter.ForkedBooter.run(ForkedBooter.java:465)
	at org.apache.maven.surefire.booter.ForkedBooter.main(ForkedBooter.java:451)
]]></failure>
    <system-err><![CDATA[2024-05-01T09:23:51,567 ERROR [main] cli.TestHiveCli: Failed to execute command due to the error: java.lang.NullPointerException: Null output stream
2024-05-01T09:23:51,619  WARN [main] conf.HiveConf: HiveConf of name hive.dummyparam.test.server.specific.config.override does not exist
2024-05-01T09:23:51,619  WARN [main] conf.HiveConf: HiveConf of name hive.dummyparam.test.server.specific.config.hiveserver2site does not exist
2024-05-01T09:23:51,619  WARN [main] conf.HiveConf: HiveConf of name hive.dummyparam.test.server.specific.config.metastoresite does not exist
2024-05-01T09:23:51,620  INFO [main] SessionState: Hive Session ID = 97085435-359b-49cc-ae12-52945e4ed4a9
2024-05-01T09:23:51,620  INFO [main] DependencyResolver: ivysettings.xml file not found in HIVE_HOME or HIVE_CONF_DIR,/home/alex/Repositories/hive/conf/ivysettings.xml will be used
2024-05-01T09:23:51,628  INFO [main] session.SessionState: Created HDFS directory: /tmp/hive/alex/97085435-359b-49cc-ae12-52945e4ed4a9
2024-05-01T09:23:51,632  INFO [main] session.SessionState: Created local directory: /home/alex/Repositories/hive/beeline/target/tmp/alex/97085435-359b-49cc-ae12-52945e4ed4a9
2024-05-01T09:23:51,636  INFO [main] session.SessionState: Created HDFS directory: /tmp/hive/alex/97085435-359b-49cc-ae12-52945e4ed4a9/_tmp_space.db
2024-05-01T09:23:51,636  INFO [main] sqlstd.SQLStdHiveAccessController: Created SQLStdHiveAccessController for session context : HiveAuthzSessionContext [sessionString=97085435-359b-49cc-ae12-52945e4ed4a9, clientType=HIVESERVER2]
2024-05-01T09:23:51,637  INFO [main] metastore.HiveMetaStoreClient: HMS client filtering is enabled.
2024-05-01T09:23:51,637  INFO [main] metastore.HMSHandler: 0: Opening raw store with implementation class:org.apache.hadoop.hive.metastore.ObjectStore
2024-05-01T09:23:51,637  INFO [main] metastore.PersistenceManagerProvider: Configuration datanucleus.autoStartMechanismMode is not set. Defaulting to 'ignored'
2024-05-01T09:23:51,638  INFO [main] metastore.ObjectStore: RawStore: org.apache.hadoop.hive.metastore.ObjectStore@7f1ad846, with PersistenceManager: null will be shutdown
2024-05-01T09:23:51,638  INFO [main] metastore.ObjectStore: RawStore: org.apache.hadoop.hive.metastore.ObjectStore@7f1ad846, with PersistenceManager: org.datanucleus.api.jdo.JDOPersistenceManager@5d5ae6aa created in the thread with id: 1
2024-05-01T09:23:51,641  INFO [main] metastore.HMSHandler: Created RawStore: org.apache.hadoop.hive.metastore.ObjectStore@7f1ad846 from thread id: 1
2024-05-01T09:23:51,642  INFO [main] metastore.HMSHandler: HMS server filtering is disabled by configuration
2024-05-01T09:23:51,642  INFO [main] metastore.RetryingMetaStoreClient: RetryingMetaStoreClient proxy=class org.apache.hadoop.hive.ql.metadata.SessionHiveMetaStoreClient ugi=alex (auth:SIMPLE) retries=1 delay=1 lifetime=0
2024-05-01T09:23:51,642  INFO [main] service.CompositeService: Operation log root directory is created: /home/alex/Repositories/hive/beeline/target/tmp/alex/operation_logs
2024-05-01T09:23:51,642  INFO [main] service.CompositeService: HiveServer2: Background operation thread pool size: 100
2024-05-01T09:23:51,642  INFO [main] service.CompositeService: HiveServer2: Background operation thread wait queue size: 100
2024-05-01T09:23:51,642  INFO [main] service.CompositeService: HiveServer2: Background operation thread keepalive time: 10 seconds
2024-05-01T09:23:51,643  INFO [main] service.CompositeService: Connections limit are user: 0 ipaddress: 0 user-ipaddress: 0
2024-05-01T09:23:51,646  INFO [main] cleanup.EventualCleanupService: EventualCleanupService started with 10 threads and queue of size 10000
ERROR StatusLogger Log4j2 ConfigurationScheduler attempted to increment scheduled items after start
ERROR StatusLogger Log4j2 ConfigurationScheduler attempted to increment scheduled items after start
2024-05-01T09:23:51,647  INFO [main] service.AbstractService: Service:OperationManager is inited.
2024-05-01T09:23:51,647  INFO [main] service.AbstractService: Service:SessionManager is inited.
2024-05-01T09:23:51,647  INFO [main] service.AbstractService: Service:CLIService is inited.
2024-05-01T09:23:51,647  INFO [main] service.AbstractService: Service:OperationManager is started.
2024-05-01T09:23:51,647  INFO [main] service.AbstractService: Service:SessionManager is started.
2024-05-01T09:23:51,647  INFO [main] service.AbstractService: Service:CLIService is started.
2024-05-01T09:23:51,648  INFO [main] service.AbstractService: Service:ThriftBinaryCLIService is inited.
2024-05-01T09:23:51,648  INFO [main] thrift.ThriftCLIService: Client protocol version: HIVE_CLI_SERVICE_PROTOCOL_V10
2024-05-01T09:23:51,648  INFO [main] thrift.ThriftCLIService: Creating Hive session handle for user [null] from IP null
2024-05-01T09:23:51,649  INFO [main] DependencyResolver: ivysettings.xml file not found in HIVE_HOME or HIVE_CONF_DIR,/home/alex/Repositories/hive/conf/ivysettings.xml will be used
2024-05-01T09:23:51,657  INFO [main] session.SessionState: Created HDFS directory: /tmp/hive/alex/3f553367-0be4-49b9-96ef-5a0157563565
2024-05-01T09:23:51,662  INFO [main] session.SessionState: Created local directory: /home/alex/Repositories/hive/beeline/target/tmp/alex/3f553367-0be4-49b9-96ef-5a0157563565
2024-05-01T09:23:51,665  INFO [main] session.SessionState: Created HDFS directory: /tmp/hive/alex/3f553367-0be4-49b9-96ef-5a0157563565/_tmp_space.db
2024-05-01T09:23:51,665  INFO [main] session.SessionState: Reloading auxiliary JAR files
2024-05-01T09:23:51,665  WARN [main] session.SessionState: Configuration hive.reloadable.aux.jars.path not specified
2024-05-01T09:23:51,666  INFO [main] HiveMetaStore.audit: ugi=alex	ip=unknown-ip-addr	cmd=Cleaning up thread local RawStore...	
2024-05-01T09:23:51,666  INFO [main] metastore.ObjectStore: RawStore: org.apache.hadoop.hive.metastore.ObjectStore@7f1ad846, with PersistenceManager: org.datanucleus.api.jdo.JDOPersistenceManager@5d5ae6aa will be shutdown
2024-05-01T09:23:51,666  INFO [main] HiveMetaStore.audit: ugi=alex	ip=unknown-ip-addr	cmd=Done cleaning up thread local RawStore	
2024-05-01T09:23:51,666  INFO [main] metastore.HiveMetaStoreClient: Closed a connection to metastore, current connections: -30
2024-05-01T09:23:51,666  INFO [main] session.HiveSessionImpl: Operation log session directory is created: /home/alex/Repositories/hive/beeline/target/tmp/alex/operation_logs/3f553367-0be4-49b9-96ef-5a0157563565
2024-05-01T09:23:51,666  INFO [main] service.CompositeService: Session opened, SessionHandle [3f553367-0be4-49b9-96ef-5a0157563565], current sessions:1
2024-05-01T09:23:51,666  INFO [main] thrift.ThriftCLIService: Login attempt is successful for user : null
2024-05-01T09:23:51,726  WARN [main] conf.HiveConf: HiveConf of name hive.dummyparam.test.server.specific.config.override does not exist
2024-05-01T09:23:51,726  WARN [main] conf.HiveConf: HiveConf of name hive.dummyparam.test.server.specific.config.hiveserver2site does not exist
2024-05-01T09:23:51,726  WARN [main] conf.HiveConf: HiveConf of name hive.dummyparam.test.server.specific.config.metastoresite does not exist
2024-05-01T09:23:51,727  INFO [3f553367-0be4-49b9-96ef-5a0157563565 main] session.HiveSessionImpl: executing set
2024-05-01T09:23:51,728  INFO [3f553367-0be4-49b9-96ef-5a0157563565 main] operation.HiveCommandOperation: Putting temp output to file /home/alex/Repositories/hive/beeline/target/tmp/alex/3f553367-0be4-49b9-96ef-5a01575635657065001913510366860.pipeout and error output to file /home/alex/Repositories/hive/beeline/target/tmp/alex/3f553367-0be4-49b9-96ef-5a01575635657021358636278302494.pipeout
2024-05-01T09:23:51,728  INFO [3f553367-0be4-49b9-96ef-5a0157563565 main] operation.OperationManager: Adding operation: OperationHandle [opType=EXECUTE_STATEMENT, getHandleIdentifier()=75898a38-56e9-4b8d-9bdf-1db40a06205c] SessionHandle [3f553367-0be4-49b9-96ef-5a0157563565]
2024-05-01T09:23:51,728  INFO [3f553367-0be4-49b9-96ef-5a0157563565 main] common.LogUtils: Thread context registration is done.
DEBUG StatusLogger Building Plugin[name=filter, class=org.apache.hadoop.hive.ql.log.LogDivertAppender$NameFilter].
DEBUG StatusLogger createFilter(loggingLevel="EXECUTION")
DEBUG StatusLogger Building Plugin[name=layout, class=org.apache.logging.log4j.core.layout.PatternLayout].
DEBUG StatusLogger PatternLayout$Builder(pattern="%-5p : %m%n", PatternSelector=null, Configuration(HiveLog4j2Test), Replace=null, charset="null", alwaysWriteExceptions="null", disableAnsi="null", noConsoleNoAnsi="null", header="null", footer="null")
DEBUG StatusLogger Building Plugin[name=appender, class=org.apache.hadoop.hive.ql.log.HushableRandomAccessFileAppender].
DEBUG StatusLogger createAppender(fileName="/home/alex/Repositories/hive/beeline/target/tmp/alex/operation_logs/3f553367-0be4-49b9-96ef-5a0157563565/alex_20240501092351_3f455c94-4ff7-4528-bdbe-31f641a50ba8", append="null", name="query-file-appender", immediateFlush="null", bufferSize="null", ignoreExceptions="null", PatternLayout(org.apache.logging.log4j.core.layout.PatternLayout with name PatternLayout), NameFilter(org.apache.hadoop.hive.ql.log.LogDivertAppender$NameFilter with name NameFilter), advertise="null", advertiseURI="null", Configuration(HiveLog4j2Test))
DEBUG StatusLogger Starting RandomAccessFileManager /home/alex/Repositories/hive/beeline/target/tmp/alex/operation_logs/3f553367-0be4-49b9-96ef-5a0157563565/alex_20240501092351_3f455c94-4ff7-4528-bdbe-31f641a50ba8
DEBUG StatusLogger Building Plugin[name=, class=org.apache.hadoop.hive.ql.log.LogDivertAppenderForTest$TestFilter].
DEBUG StatusLogger createFilter()
DEBUG StatusLogger Building Plugin[name=, class=org.apache.logging.log4j.core.layout.PatternLayout].
DEBUG StatusLogger PatternLayout$Builder(pattern="%-5p : %m%n", PatternSelector=null, Configuration(HiveLog4j2Test), Replace=null, charset="null", alwaysWriteExceptions="null", disableAnsi="null", noConsoleNoAnsi="null", header="null", footer="null")
DEBUG StatusLogger Building Plugin[name=appender, class=org.apache.hadoop.hive.ql.log.HushableRandomAccessFileAppender].
DEBUG StatusLogger createAppender(fileName="/home/alex/Repositories/hive/beeline/target/tmp/alex/operation_logs/3f553367-0be4-49b9-96ef-5a0157563565/alex_20240501092351_3f455c94-4ff7-4528-bdbe-31f641a50ba8.test", append="null", name="test-query-file-appender", immediateFlush="null", bufferSize="null", ignoreExceptions="null", PatternLayout(org.apache.logging.log4j.core.layout.PatternLayout with name PatternLayout), test-filter(org.apache.hadoop.hive.ql.log.LogDivertAppenderForTest$TestFilter with name test-filter), advertise="null", advertiseURI="null", Configuration(HiveLog4j2Test))
DEBUG StatusLogger Starting RandomAccessFileManager /home/alex/Repositories/hive/beeline/target/tmp/alex/operation_logs/3f553367-0be4-49b9-96ef-5a0157563565/alex_20240501092351_3f455c94-4ff7-4528-bdbe-31f641a50ba8.test
2024-05-01T09:23:51,733  INFO [3f553367-0be4-49b9-96ef-5a0157563565 main] operation.HiveCommandOperation: [opType=EXECUTE_STATEMENT, queryId=alex_20240501092351_3f455c94-4ff7-4528-bdbe-31f641a50ba8, startTime=1714580631727, sessionId=3f553367-0be4-49b9-96ef-5a0157563565, createTime=1714580631648, userName=null, ipAddress=null]
2024-05-01T09:23:51,746  INFO [3f553367-0be4-49b9-96ef-5a0157563565 main] common.LogUtils: Unregistered logging context.
2024-05-01T09:23:51,750  INFO [3f553367-0be4-49b9-96ef-5a0157563565 main] operation.OperationManager: Closing operation: OperationHandle [opType=EXECUTE_STATEMENT, getHandleIdentifier()=75898a38-56e9-4b8d-9bdf-1db40a06205c]
2024-05-01T09:23:51,750  INFO [3f553367-0be4-49b9-96ef-5a0157563565 main] operation.OperationManager: Removed queryId: alex_20240501092351_3f455c94-4ff7-4528-bdbe-31f641a50ba8 corresponding to operation: OperationHandle [opType=EXECUTE_STATEMENT, getHandleIdentifier()=75898a38-56e9-4b8d-9bdf-1db40a06205c] with tag: null
2024-05-01T09:23:51,751  INFO [3f553367-0be4-49b9-96ef-5a0157563565 main] operation.HiveCommandOperation: Closing operation log /home/alex/Repositories/hive/beeline/target/tmp/alex/operation_logs/3f553367-0be4-49b9-96ef-5a0157563565/alex_20240501092351_3f455c94-4ff7-4528-bdbe-31f641a50ba8 without delay
2024-05-01T09:23:51,754  INFO [3f553367-0be4-49b9-96ef-5a0157563565 main] session.HiveSessionImpl: executing show databases
2024-05-01T09:23:51,755  INFO [3f553367-0be4-49b9-96ef-5a0157563565 main] operation.OperationManager: Adding operation: OperationHandle [opType=EXECUTE_STATEMENT, getHandleIdentifier()=db3cabf7-6934-4ef5-a46e-9ea9043dcd62] SessionHandle [3f553367-0be4-49b9-96ef-5a0157563565]
2024-05-01T09:23:51,755  INFO [3f553367-0be4-49b9-96ef-5a0157563565 main] common.LogUtils: Thread context registration is done.
DEBUG StatusLogger Building Plugin[name=filter, class=org.apache.hadoop.hive.ql.log.LogDivertAppender$NameFilter].
DEBUG StatusLogger createFilter(loggingLevel="EXECUTION")
DEBUG StatusLogger Building Plugin[name=layout, class=org.apache.logging.log4j.core.layout.PatternLayout].
DEBUG StatusLogger PatternLayout$Builder(pattern="%-5p : %m%n", PatternSelector=null, Configuration(HiveLog4j2Test), Replace=null, charset="null", alwaysWriteExceptions="null", disableAnsi="null", noConsoleNoAnsi="null", header="null", footer="null")
DEBUG StatusLogger Building Plugin[name=appender, class=org.apache.hadoop.hive.ql.log.HushableRandomAccessFileAppender].
DEBUG StatusLogger createAppender(fileName="/home/alex/Repositories/hive/beeline/target/tmp/alex/operation_logs/3f553367-0be4-49b9-96ef-5a0157563565/alex_20240501092351_e12e4e57-3fc4-46a8-9c5f-7120fb8dcff7", append="null", name="query-file-appender", immediateFlush="null", bufferSize="null", ignoreExceptions="null", PatternLayout(org.apache.logging.log4j.core.layout.PatternLayout with name PatternLayout), NameFilter(org.apache.hadoop.hive.ql.log.LogDivertAppender$NameFilter with name NameFilter), advertise="null", advertiseURI="null", Configuration(HiveLog4j2Test))
DEBUG StatusLogger Starting RandomAccessFileManager /home/alex/Repositories/hive/beeline/target/tmp/alex/operation_logs/3f553367-0be4-49b9-96ef-5a0157563565/alex_20240501092351_e12e4e57-3fc4-46a8-9c5f-7120fb8dcff7
DEBUG StatusLogger Building Plugin[name=, class=org.apache.hadoop.hive.ql.log.LogDivertAppenderForTest$TestFilter].
DEBUG StatusLogger createFilter()
DEBUG StatusLogger Building Plugin[name=, class=org.apache.logging.log4j.core.layout.PatternLayout].
DEBUG StatusLogger PatternLayout$Builder(pattern="%-5p : %m%n", PatternSelector=null, Configuration(HiveLog4j2Test), Replace=null, charset="null", alwaysWriteExceptions="null", disableAnsi="null", noConsoleNoAnsi="null", header="null", footer="null")
DEBUG StatusLogger Building Plugin[name=appender, class=org.apache.hadoop.hive.ql.log.HushableRandomAccessFileAppender].
DEBUG StatusLogger createAppender(fileName="/home/alex/Repositories/hive/beeline/target/tmp/alex/operation_logs/3f553367-0be4-49b9-96ef-5a0157563565/alex_20240501092351_e12e4e57-3fc4-46a8-9c5f-7120fb8dcff7.test", append="null", name="test-query-file-appender", immediateFlush="null", bufferSize="null", ignoreExceptions="null", PatternLayout(org.apache.logging.log4j.core.layout.PatternLayout with name PatternLayout), test-filter(org.apache.hadoop.hive.ql.log.LogDivertAppenderForTest$TestFilter with name test-filter), advertise="null", advertiseURI="null", Configuration(HiveLog4j2Test))
DEBUG StatusLogger Starting RandomAccessFileManager /home/alex/Repositories/hive/beeline/target/tmp/alex/operation_logs/3f553367-0be4-49b9-96ef-5a0157563565/alex_20240501092351_e12e4e57-3fc4-46a8-9c5f-7120fb8dcff7.test
2024-05-01T09:23:51,760  INFO [3f553367-0be4-49b9-96ef-5a0157563565 main] operation.SQLOperation: [opType=EXECUTE_STATEMENT, queryId=alex_20240501092351_e12e4e57-3fc4-46a8-9c5f-7120fb8dcff7, startTime=1714580631755, sessionId=3f553367-0be4-49b9-96ef-5a0157563565, createTime=1714580631648, userName=null, ipAddress=null]
2024-05-01T09:23:51,762  INFO [3f553367-0be4-49b9-96ef-5a0157563565 main] ql.Driver: Compiling command(queryId=alex_20240501092351_e12e4e57-3fc4-46a8-9c5f-7120fb8dcff7): show databases
2024-05-01T09:23:51,763  INFO [3f553367-0be4-49b9-96ef-5a0157563565 main] metastore.HiveMetaStoreClient: HMS client filtering is enabled.
2024-05-01T09:23:51,764  INFO [3f553367-0be4-49b9-96ef-5a0157563565 main] metastore.HMSHandler: 0: Opening raw store with implementation class:org.apache.hadoop.hive.metastore.ObjectStore
2024-05-01T09:23:51,764  INFO [3f553367-0be4-49b9-96ef-5a0157563565 main] metastore.PersistenceManagerProvider: Configuration datanucleus.autoStartMechanismMode is not set. Defaulting to 'ignored'
2024-05-01T09:23:51,765  INFO [3f553367-0be4-49b9-96ef-5a0157563565 main] metastore.ObjectStore: RawStore: org.apache.hadoop.hive.metastore.ObjectStore@12e3f4ae, with PersistenceManager: null will be shutdown
2024-05-01T09:23:51,765  INFO [3f553367-0be4-49b9-96ef-5a0157563565 main] metastore.ObjectStore: RawStore: org.apache.hadoop.hive.metastore.ObjectStore@12e3f4ae, with PersistenceManager: org.datanucleus.api.jdo.JDOPersistenceManager@537451d5 created in the thread with id: 1
2024-05-01T09:23:51,768  INFO [3f553367-0be4-49b9-96ef-5a0157563565 main] metastore.HMSHandler: Created RawStore: org.apache.hadoop.hive.metastore.ObjectStore@12e3f4ae from thread id: 1
2024-05-01T09:23:51,768  INFO [3f553367-0be4-49b9-96ef-5a0157563565 main] metastore.HMSHandler: HMS server filtering is disabled by configuration
2024-05-01T09:23:51,768  INFO [3f553367-0be4-49b9-96ef-5a0157563565 main] metastore.RetryingMetaStoreClient: RetryingMetaStoreClient proxy=class org.apache.hadoop.hive.ql.metadata.SessionHiveMetaStoreClient ugi=alex (auth:SIMPLE) retries=1 delay=1 lifetime=0
2024-05-01T09:23:51,773  INFO [3f553367-0be4-49b9-96ef-5a0157563565 main] ql.Driver: Semantic Analysis Completed (retrial = false)
2024-05-01T09:23:51,773  INFO [3f553367-0be4-49b9-96ef-5a0157563565 main] ql.Driver: Created Hive schema: Schema(fieldSchemas:[FieldSchema(name:database_name, type:string, comment:from deserializer)], properties:null)
2024-05-01T09:23:51,774  INFO [3f553367-0be4-49b9-96ef-5a0157563565 main] exec.ListSinkOperator: Initializing Operator: LIST_SINK[0]
2024-05-01T09:23:51,775  INFO [3f553367-0be4-49b9-96ef-5a0157563565 main] metadata.Hive: Dumping metastore api call timing information for : compilation phase
2024-05-01T09:23:51,775  INFO [3f553367-0be4-49b9-96ef-5a0157563565 main] metadata.Hive: Total time spent in each metastore function (ms): {isCompatibleWith_(Configuration)=0, flushCache_()=1}
2024-05-01T09:23:51,775  INFO [3f553367-0be4-49b9-96ef-5a0157563565 main] ql.Driver: Completed compiling command(queryId=alex_20240501092351_e12e4e57-3fc4-46a8-9c5f-7120fb8dcff7); Time taken: 0.013 seconds
2024-05-01T09:23:51,775  INFO [3f553367-0be4-49b9-96ef-5a0157563565 main] common.LogUtils: Unregistered logging context.
2024-05-01T09:23:51,776  INFO [HiveServer2-Background-Pool: Thread-488] common.LogUtils: Thread context registration is done.
2024-05-01T09:23:51,777  INFO [HiveServer2-Background-Pool: Thread-488] reexec.ReExecDriver: Execution #1 of query
2024-05-01T09:23:51,777  INFO [HiveServer2-Background-Pool: Thread-488] ql.Driver: Concurrency mode is disabled, not creating a lock manager
2024-05-01T09:23:51,778  INFO [HiveServer2-Background-Pool: Thread-488] ql.Driver: Executing command(queryId=alex_20240501092351_e12e4e57-3fc4-46a8-9c5f-7120fb8dcff7): show databases
2024-05-01T09:23:51,778  INFO [HiveServer2-Background-Pool: Thread-488] ql.Driver: Starting task [Stage-0:DDL] in serial mode
2024-05-01T09:23:51,779  INFO [HiveServer2-Background-Pool: Thread-488] HiveMetaStore.audit: ugi=alex	ip=unknown-ip-addr	cmd=get_databases: @hive#	
2024-05-01T09:23:51,780  INFO [HiveServer2-Background-Pool: Thread-488] metastore.HMSHandler: 24: Opening raw store with implementation class:org.apache.hadoop.hive.metastore.ObjectStore
2024-05-01T09:23:51,780  INFO [HiveServer2-Background-Pool: Thread-488] metastore.ObjectStore: RawStore: org.apache.hadoop.hive.metastore.ObjectStore@67b45456, with PersistenceManager: null will be shutdown
2024-05-01T09:23:51,780  INFO [HiveServer2-Background-Pool: Thread-488] metastore.ObjectStore: RawStore: org.apache.hadoop.hive.metastore.ObjectStore@67b45456, with PersistenceManager: org.datanucleus.api.jdo.JDOPersistenceManager@22b6c6c4 created in the thread with id: 488
2024-05-01T09:23:51,783  INFO [HiveServer2-Background-Pool: Thread-488] metastore.HMSHandler: Created RawStore: org.apache.hadoop.hive.metastore.ObjectStore@67b45456 from thread id: 488
2024-05-01T09:23:51,790  INFO [HiveServer2-Background-Pool: Thread-488] sqlstd.SQLStdHiveAccessController: Created SQLStdHiveAccessController for session context : HiveAuthzSessionContext [sessionString=3f553367-0be4-49b9-96ef-5a0157563565, clientType=HIVESERVER2]
2024-05-01T09:23:51,790  INFO [HiveServer2-Background-Pool: Thread-488] exec.DDLTask: Found 3 database(s) matching the SHOW DATABASES statement.
2024-05-01T09:23:51,799  INFO [HiveServer2-Background-Pool: Thread-488] metadata.Hive: Dumping metastore api call timing information for : execution phase
2024-05-01T09:23:51,799  INFO [HiveServer2-Background-Pool: Thread-488] metadata.Hive: Total time spent in each metastore function (ms): {isCompatibleWith_(Configuration)=0, getAllDatabases_()=11}
2024-05-01T09:23:51,800  INFO [HiveServer2-Background-Pool: Thread-488] ql.Driver: Completed executing command(queryId=alex_20240501092351_e12e4e57-3fc4-46a8-9c5f-7120fb8dcff7); Time taken: 0.021 seconds
2024-05-01T09:23:51,800  INFO [HiveServer2-Background-Pool: Thread-488] common.LogUtils: Unregistered logging context.
2024-05-01T09:23:51,803  INFO [3f553367-0be4-49b9-96ef-5a0157563565 main] operation.OperationManager: Closing operation: OperationHandle [opType=EXECUTE_STATEMENT, getHandleIdentifier()=db3cabf7-6934-4ef5-a46e-9ea9043dcd62]
2024-05-01T09:23:51,803  INFO [3f553367-0be4-49b9-96ef-5a0157563565 main] operation.OperationManager: Removed queryId: alex_20240501092351_e12e4e57-3fc4-46a8-9c5f-7120fb8dcff7 corresponding to operation: OperationHandle [opType=EXECUTE_STATEMENT, getHandleIdentifier()=db3cabf7-6934-4ef5-a46e-9ea9043dcd62] with tag: null
2024-05-01T09:23:51,803  INFO [3f553367-0be4-49b9-96ef-5a0157563565 main] ql.Context: Deleting scratch dir: file:/home/alex/Repositories/hive/beeline/target/tmp/alex/3f553367-0be4-49b9-96ef-5a0157563565/hive_2024-05-01_09-23-51_762_5137346743124643238-1
2024-05-01T09:23:51,803  INFO [3f553367-0be4-49b9-96ef-5a0157563565 main] cleanup.EventualCleanupService: Delete file:/home/alex/Repositories/hive/beeline/target/tmp/alex/3f553367-0be4-49b9-96ef-5a0157563565/hive_2024-05-01_09-23-51_762_5137346743124643238-1 operation was queued
2024-05-01T09:23:51,804  INFO [3f553367-0be4-49b9-96ef-5a0157563565 main] exec.ListSinkOperator: Closing Operator: LIST_SINK[0]
2024-05-01T09:23:51,804  INFO [3f553367-0be4-49b9-96ef-5a0157563565 main] exec.ListSinkOperator: RECORDS_OUT_INTERMEDIATE:0, RECORDS_OUT_OPERATOR_LIST_SINK_0:0, 
2024-05-01T09:23:51,804  INFO [3f553367-0be4-49b9-96ef-5a0157563565 main] operation.SQLOperation: Closing operation log /home/alex/Repositories/hive/beeline/target/tmp/alex/operation_logs/3f553367-0be4-49b9-96ef-5a0157563565/alex_20240501092351_e12e4e57-3fc4-46a8-9c5f-7120fb8dcff7 without delay
2024-05-01T09:23:51,804  INFO [EventualCleanupService thread 0] cleanup.EventualCleanupService: Deleted file:/home/alex/Repositories/hive/beeline/target/tmp/alex/3f553367-0be4-49b9-96ef-5a0157563565/hive_2024-05-01_09-23-51_762_5137346743124643238-1
2024-05-01T09:23:51,804  INFO [main] service.CompositeService: Session closed, SessionHandle [3f553367-0be4-49b9-96ef-5a0157563565], current sessions:0
2024-05-01T09:23:51,804  INFO [3f553367-0be4-49b9-96ef-5a0157563565 main] session.HiveSessionImpl: Operation log session directory is deleted: /home/alex/Repositories/hive/beeline/target/tmp/alex/operation_logs/3f553367-0be4-49b9-96ef-5a0157563565
2024-05-01T09:23:51,805  INFO [main] cleanup.EventualCleanupService: Delete /tmp/hive/alex/3f553367-0be4-49b9-96ef-5a0157563565 operation was queued
2024-05-01T09:23:51,805  INFO [main] cleanup.EventualCleanupService: Delete /home/alex/Repositories/hive/beeline/target/tmp/alex/3f553367-0be4-49b9-96ef-5a0157563565 operation was queued
2024-05-01T09:23:51,805  INFO [EventualCleanupService thread 1] cleanup.EventualCleanupService: Deleted /tmp/hive/alex/3f553367-0be4-49b9-96ef-5a0157563565
2024-05-01T09:23:51,805  INFO [EventualCleanupService thread 2] cleanup.EventualCleanupService: Deleted /home/alex/Repositories/hive/beeline/target/tmp/alex/3f553367-0be4-49b9-96ef-5a0157563565
2024-05-01T09:23:51,805  INFO [main] HiveMetaStore.audit: ugi=alex	ip=unknown-ip-addr	cmd=Cleaning up thread local RawStore...	
2024-05-01T09:23:51,805  INFO [main] metastore.ObjectStore: RawStore: org.apache.hadoop.hive.metastore.ObjectStore@12e3f4ae, with PersistenceManager: org.datanucleus.api.jdo.JDOPersistenceManager@537451d5 will be shutdown
2024-05-01T09:23:51,806  INFO [main] HiveMetaStore.audit: ugi=alex	ip=unknown-ip-addr	cmd=Done cleaning up thread local RawStore	
2024-05-01T09:23:51,806  INFO [main] metastore.HiveMetaStoreClient: Closed a connection to metastore, current connections: -31
2024-05-01T09:23:51,806 ERROR [main] cli.TestHiveCli: Failed due to the error:Connecting to jdbc:hive2://
Hive Session ID = 97085435-359b-49cc-ae12-52945e4ed4a9
ivysettings.xml file not found in HIVE_HOME or HIVE_CONF_DIR,/home/alex/Repositories/hive/conf/ivysettings.xml will be used
ivysettings.xml file not found in HIVE_HOME or HIVE_CONF_DIR,/home/alex/Repositories/hive/conf/ivysettings.xml will be used
Connected to: Apache Hive (version 4.0.0-SNAPSHOT)
Error: Couldn't load manifest attributes. (state=,code=0)
Transaction isolation: TRANSACTION_REPEATABLE_READ
INFO  : Compiling command(queryId=alex_20240501092351_e12e4e57-3fc4-46a8-9c5f-7120fb8dcff7): show databases
INFO  : Semantic Analysis Completed (retrial = false)
INFO  : Created Hive schema: Schema(fieldSchemas:[FieldSchema(name:database_name, type:string, comment:from deserializer)], properties:null)
INFO  : Completed compiling command(queryId=alex_20240501092351_e12e4e57-3fc4-46a8-9c5f-7120fb8dcff7); Time taken: 0.013 seconds
INFO  : Concurrency mode is disabled, not creating a lock manager
INFO  : Executing command(queryId=alex_20240501092351_e12e4e57-3fc4-46a8-9c5f-7120fb8dcff7): show databases
INFO  : Starting task [Stage-0:DDL] in serial mode
DEBUG : Task getting executed using mapred tag : alex_20240501092351_e12e4e57-3fc4-46a8-9c5f-7120fb8dcff7,userid=null
INFO  : Completed executing command(queryId=alex_20240501092351_e12e4e57-3fc4-46a8-9c5f-7120fb8dcff7); Time taken: 0.021 seconds
DEBUG : Shutting down query show databases
Error: Failed to wait for operation to complete (state=08S01,code=0)
Closing: 0: jdbc:hive2://

]]></system-err>
  </testcase>
  <testcase name="testSqlFromCmdWithComments2" classname="org.apache.hive.beeline.cli.TestHiveCli" time="0.171"/>
  <testcase name="testSqlFromCmdWithComments3" classname="org.apache.hive.beeline.cli.TestHiveCli" time="0.216">
    <failure type="java.lang.AssertionError"><![CDATA[java.lang.AssertionError: Supported return code is 0 while the actual is 1
	at org.junit.Assert.fail(Assert.java:89)
	at org.apache.hive.beeline.cli.TestHiveCli.executeCMD(TestHiveCli.java:256)
	at org.apache.hive.beeline.cli.TestHiveCli.verifyCMD(TestHiveCli.java:266)
	at org.apache.hive.beeline.cli.TestHiveCli.testSqlFromCmdWithComments3(TestHiveCli.java:160)
	at sun.reflect.NativeMethodAccessorImpl.invoke0(Native Method)
	at sun.reflect.NativeMethodAccessorImpl.invoke(NativeMethodAccessorImpl.java:62)
	at sun.reflect.DelegatingMethodAccessorImpl.invoke(DelegatingMethodAccessorImpl.java:43)
	at java.lang.reflect.Method.invoke(Method.java:498)
	at org.junit.runners.model.FrameworkMethod$1.runReflectiveCall(FrameworkMethod.java:59)
	at org.junit.internal.runners.model.ReflectiveCallable.run(ReflectiveCallable.java:12)
	at org.junit.runners.model.FrameworkMethod.invokeExplosively(FrameworkMethod.java:56)
	at org.junit.internal.runners.statements.InvokeMethod.evaluate(InvokeMethod.java:17)
	at org.junit.internal.runners.statements.RunBefores.evaluate(RunBefores.java:26)
	at org.junit.internal.runners.statements.RunAfters.evaluate(RunAfters.java:27)
	at org.junit.runners.ParentRunner$3.evaluate(ParentRunner.java:306)
	at org.junit.runners.BlockJUnit4ClassRunner$1.evaluate(BlockJUnit4ClassRunner.java:100)
	at org.junit.runners.ParentRunner.runLeaf(ParentRunner.java:366)
	at org.junit.runners.BlockJUnit4ClassRunner.runChild(BlockJUnit4ClassRunner.java:103)
	at org.junit.runners.BlockJUnit4ClassRunner.runChild(BlockJUnit4ClassRunner.java:63)
	at org.junit.runners.ParentRunner$4.run(ParentRunner.java:331)
	at org.junit.runners.ParentRunner$1.schedule(ParentRunner.java:79)
	at org.junit.runners.ParentRunner.runChildren(ParentRunner.java:329)
	at org.junit.runners.ParentRunner.access$100(ParentRunner.java:66)
	at org.junit.runners.ParentRunner$2.evaluate(ParentRunner.java:293)
	at org.junit.internal.runners.statements.RunBefores.evaluate(RunBefores.java:26)
	at org.junit.runners.ParentRunner$3.evaluate(ParentRunner.java:306)
	at org.junit.runners.ParentRunner.run(ParentRunner.java:413)
	at org.junit.runner.JUnitCore.run(JUnitCore.java:137)
	at org.junit.runner.JUnitCore.run(JUnitCore.java:115)
	at org.junit.vintage.engine.execution.RunnerExecutor.execute(RunnerExecutor.java:43)
	at java.util.stream.ForEachOps$ForEachOp$OfRef.accept(ForEachOps.java:183)
	at java.util.stream.ReferencePipeline$3$1.accept(ReferencePipeline.java:193)
	at java.util.Iterator.forEachRemaining(Iterator.java:116)
	at java.util.Spliterators$IteratorSpliterator.forEachRemaining(Spliterators.java:1801)
	at java.util.stream.AbstractPipeline.copyInto(AbstractPipeline.java:482)
	at java.util.stream.AbstractPipeline.wrapAndCopyInto(AbstractPipeline.java:472)
	at java.util.stream.ForEachOps$ForEachOp.evaluateSequential(ForEachOps.java:150)
	at java.util.stream.ForEachOps$ForEachOp$OfRef.evaluateSequential(ForEachOps.java:173)
	at java.util.stream.AbstractPipeline.evaluate(AbstractPipeline.java:234)
	at java.util.stream.ReferencePipeline.forEach(ReferencePipeline.java:485)
	at org.junit.vintage.engine.VintageTestEngine.executeAllChildren(VintageTestEngine.java:82)
	at org.junit.vintage.engine.VintageTestEngine.execute(VintageTestEngine.java:73)
	at org.junit.platform.launcher.core.DefaultLauncher.execute(DefaultLauncher.java:248)
	at org.junit.platform.launcher.core.DefaultLauncher.lambda$execute$5(DefaultLauncher.java:211)
	at org.junit.platform.launcher.core.DefaultLauncher.withInterceptedStreams(DefaultLauncher.java:226)
	at org.junit.platform.launcher.core.DefaultLauncher.execute(DefaultLauncher.java:199)
	at org.junit.platform.launcher.core.DefaultLauncher.execute(DefaultLauncher.java:132)
	at org.apache.maven.surefire.junitplatform.JUnitPlatformProvider.invokeAllTests(JUnitPlatformProvider.java:154)
	at org.apache.maven.surefire.junitplatform.JUnitPlatformProvider.invoke(JUnitPlatformProvider.java:123)
	at org.apache.maven.surefire.booter.ForkedBooter.runSuitesInProcess(ForkedBooter.java:377)
	at org.apache.maven.surefire.booter.ForkedBooter.execute(ForkedBooter.java:138)
	at org.apache.maven.surefire.booter.ForkedBooter.run(ForkedBooter.java:465)
	at org.apache.maven.surefire.booter.ForkedBooter.main(ForkedBooter.java:451)
]]></failure>
    <system-err><![CDATA[2024-05-01T09:23:51,979 ERROR [main] cli.TestHiveCli: Failed to execute command due to the error: java.lang.NullPointerException: Null output stream
2024-05-01T09:23:52,040  WARN [main] conf.HiveConf: HiveConf of name hive.dummyparam.test.server.specific.config.override does not exist
2024-05-01T09:23:52,040  WARN [main] conf.HiveConf: HiveConf of name hive.dummyparam.test.server.specific.config.hiveserver2site does not exist
2024-05-01T09:23:52,041  WARN [main] conf.HiveConf: HiveConf of name hive.dummyparam.test.server.specific.config.metastoresite does not exist
2024-05-01T09:23:52,041  INFO [main] SessionState: Hive Session ID = ed90ba40-ca5a-4b7d-801f-4bba8ff7038a
2024-05-01T09:23:52,041  INFO [main] DependencyResolver: ivysettings.xml file not found in HIVE_HOME or HIVE_CONF_DIR,/home/alex/Repositories/hive/conf/ivysettings.xml will be used
2024-05-01T09:23:52,049  INFO [main] session.SessionState: Created HDFS directory: /tmp/hive/alex/ed90ba40-ca5a-4b7d-801f-4bba8ff7038a
2024-05-01T09:23:52,052  INFO [main] session.SessionState: Created local directory: /home/alex/Repositories/hive/beeline/target/tmp/alex/ed90ba40-ca5a-4b7d-801f-4bba8ff7038a
2024-05-01T09:23:52,056  INFO [main] session.SessionState: Created HDFS directory: /tmp/hive/alex/ed90ba40-ca5a-4b7d-801f-4bba8ff7038a/_tmp_space.db
2024-05-01T09:23:52,056  INFO [main] sqlstd.SQLStdHiveAccessController: Created SQLStdHiveAccessController for session context : HiveAuthzSessionContext [sessionString=ed90ba40-ca5a-4b7d-801f-4bba8ff7038a, clientType=HIVESERVER2]
2024-05-01T09:23:52,057  INFO [main] metastore.HiveMetaStoreClient: HMS client filtering is enabled.
2024-05-01T09:23:52,058  INFO [main] metastore.HMSHandler: 0: Opening raw store with implementation class:org.apache.hadoop.hive.metastore.ObjectStore
2024-05-01T09:23:52,058  INFO [main] metastore.PersistenceManagerProvider: Configuration datanucleus.autoStartMechanismMode is not set. Defaulting to 'ignored'
2024-05-01T09:23:52,058  INFO [main] metastore.ObjectStore: RawStore: org.apache.hadoop.hive.metastore.ObjectStore@69d021c1, with PersistenceManager: null will be shutdown
2024-05-01T09:23:52,058  INFO [main] metastore.ObjectStore: RawStore: org.apache.hadoop.hive.metastore.ObjectStore@69d021c1, with PersistenceManager: org.datanucleus.api.jdo.JDOPersistenceManager@6d5508a5 created in the thread with id: 1
2024-05-01T09:23:52,061  INFO [main] metastore.HMSHandler: Created RawStore: org.apache.hadoop.hive.metastore.ObjectStore@69d021c1 from thread id: 1
2024-05-01T09:23:52,061  INFO [main] metastore.HMSHandler: HMS server filtering is disabled by configuration
2024-05-01T09:23:52,061  INFO [main] metastore.RetryingMetaStoreClient: RetryingMetaStoreClient proxy=class org.apache.hadoop.hive.ql.metadata.SessionHiveMetaStoreClient ugi=alex (auth:SIMPLE) retries=1 delay=1 lifetime=0
2024-05-01T09:23:52,062  INFO [main] service.CompositeService: Operation log root directory is created: /home/alex/Repositories/hive/beeline/target/tmp/alex/operation_logs
2024-05-01T09:23:52,062  INFO [main] service.CompositeService: HiveServer2: Background operation thread pool size: 100
2024-05-01T09:23:52,062  INFO [main] service.CompositeService: HiveServer2: Background operation thread wait queue size: 100
2024-05-01T09:23:52,062  INFO [main] service.CompositeService: HiveServer2: Background operation thread keepalive time: 10 seconds
2024-05-01T09:23:52,062  INFO [main] service.CompositeService: Connections limit are user: 0 ipaddress: 0 user-ipaddress: 0
2024-05-01T09:23:52,063  INFO [main] cleanup.EventualCleanupService: EventualCleanupService started with 10 threads and queue of size 10000
ERROR StatusLogger Log4j2 ConfigurationScheduler attempted to increment scheduled items after start
ERROR StatusLogger Log4j2 ConfigurationScheduler attempted to increment scheduled items after start
2024-05-01T09:23:52,064  INFO [main] service.AbstractService: Service:OperationManager is inited.
2024-05-01T09:23:52,064  INFO [main] service.AbstractService: Service:SessionManager is inited.
2024-05-01T09:23:52,065  INFO [main] service.AbstractService: Service:CLIService is inited.
2024-05-01T09:23:52,065  INFO [main] service.AbstractService: Service:OperationManager is started.
2024-05-01T09:23:52,065  INFO [main] service.AbstractService: Service:SessionManager is started.
2024-05-01T09:23:52,065  INFO [main] service.AbstractService: Service:CLIService is started.
2024-05-01T09:23:52,065  INFO [main] service.AbstractService: Service:ThriftBinaryCLIService is inited.
2024-05-01T09:23:52,065  INFO [main] thrift.ThriftCLIService: Client protocol version: HIVE_CLI_SERVICE_PROTOCOL_V10
2024-05-01T09:23:52,065  INFO [main] thrift.ThriftCLIService: Creating Hive session handle for user [null] from IP null
2024-05-01T09:23:52,066  INFO [main] DependencyResolver: ivysettings.xml file not found in HIVE_HOME or HIVE_CONF_DIR,/home/alex/Repositories/hive/conf/ivysettings.xml will be used
2024-05-01T09:23:52,074  INFO [main] session.SessionState: Created HDFS directory: /tmp/hive/alex/61f4f42d-7009-4db2-8b1d-884c26b2990f
2024-05-01T09:23:52,078  INFO [main] session.SessionState: Created local directory: /home/alex/Repositories/hive/beeline/target/tmp/alex/61f4f42d-7009-4db2-8b1d-884c26b2990f
2024-05-01T09:23:52,081  INFO [main] session.SessionState: Created HDFS directory: /tmp/hive/alex/61f4f42d-7009-4db2-8b1d-884c26b2990f/_tmp_space.db
2024-05-01T09:23:52,082  INFO [main] session.SessionState: Reloading auxiliary JAR files
2024-05-01T09:23:52,082  WARN [main] session.SessionState: Configuration hive.reloadable.aux.jars.path not specified
2024-05-01T09:23:52,082  INFO [main] HiveMetaStore.audit: ugi=alex	ip=unknown-ip-addr	cmd=Cleaning up thread local RawStore...	
2024-05-01T09:23:52,082  INFO [main] metastore.ObjectStore: RawStore: org.apache.hadoop.hive.metastore.ObjectStore@69d021c1, with PersistenceManager: org.datanucleus.api.jdo.JDOPersistenceManager@6d5508a5 will be shutdown
2024-05-01T09:23:52,082  INFO [main] HiveMetaStore.audit: ugi=alex	ip=unknown-ip-addr	cmd=Done cleaning up thread local RawStore	
2024-05-01T09:23:52,082  INFO [main] metastore.HiveMetaStoreClient: Closed a connection to metastore, current connections: -33
2024-05-01T09:23:52,082  INFO [main] session.HiveSessionImpl: Operation log session directory is created: /home/alex/Repositories/hive/beeline/target/tmp/alex/operation_logs/61f4f42d-7009-4db2-8b1d-884c26b2990f
2024-05-01T09:23:52,082  INFO [main] service.CompositeService: Session opened, SessionHandle [61f4f42d-7009-4db2-8b1d-884c26b2990f], current sessions:1
2024-05-01T09:23:52,082  INFO [main] thrift.ThriftCLIService: Login attempt is successful for user : null
2024-05-01T09:23:52,136  WARN [main] conf.HiveConf: HiveConf of name hive.dummyparam.test.server.specific.config.override does not exist
2024-05-01T09:23:52,137  WARN [main] conf.HiveConf: HiveConf of name hive.dummyparam.test.server.specific.config.hiveserver2site does not exist
2024-05-01T09:23:52,137  WARN [main] conf.HiveConf: HiveConf of name hive.dummyparam.test.server.specific.config.metastoresite does not exist
2024-05-01T09:23:52,137  INFO [61f4f42d-7009-4db2-8b1d-884c26b2990f main] session.HiveSessionImpl: executing set
2024-05-01T09:23:52,138  INFO [61f4f42d-7009-4db2-8b1d-884c26b2990f main] operation.HiveCommandOperation: Putting temp output to file /home/alex/Repositories/hive/beeline/target/tmp/alex/61f4f42d-7009-4db2-8b1d-884c26b2990f3593273194187898787.pipeout and error output to file /home/alex/Repositories/hive/beeline/target/tmp/alex/61f4f42d-7009-4db2-8b1d-884c26b2990f35790380933114435.pipeout
2024-05-01T09:23:52,138  INFO [61f4f42d-7009-4db2-8b1d-884c26b2990f main] operation.OperationManager: Adding operation: OperationHandle [opType=EXECUTE_STATEMENT, getHandleIdentifier()=74baca24-3342-43da-8e49-6ac15dc31680] SessionHandle [61f4f42d-7009-4db2-8b1d-884c26b2990f]
2024-05-01T09:23:52,138  INFO [61f4f42d-7009-4db2-8b1d-884c26b2990f main] common.LogUtils: Thread context registration is done.
DEBUG StatusLogger Building Plugin[name=filter, class=org.apache.hadoop.hive.ql.log.LogDivertAppender$NameFilter].
DEBUG StatusLogger createFilter(loggingLevel="EXECUTION")
DEBUG StatusLogger Building Plugin[name=layout, class=org.apache.logging.log4j.core.layout.PatternLayout].
DEBUG StatusLogger PatternLayout$Builder(pattern="%-5p : %m%n", PatternSelector=null, Configuration(HiveLog4j2Test), Replace=null, charset="null", alwaysWriteExceptions="null", disableAnsi="null", noConsoleNoAnsi="null", header="null", footer="null")
DEBUG StatusLogger Building Plugin[name=appender, class=org.apache.hadoop.hive.ql.log.HushableRandomAccessFileAppender].
DEBUG StatusLogger createAppender(fileName="/home/alex/Repositories/hive/beeline/target/tmp/alex/operation_logs/61f4f42d-7009-4db2-8b1d-884c26b2990f/alex_20240501092352_9ad1bad1-3c24-43fd-8310-c86fe5fe4bac", append="null", name="query-file-appender", immediateFlush="null", bufferSize="null", ignoreExceptions="null", PatternLayout(org.apache.logging.log4j.core.layout.PatternLayout with name PatternLayout), NameFilter(org.apache.hadoop.hive.ql.log.LogDivertAppender$NameFilter with name NameFilter), advertise="null", advertiseURI="null", Configuration(HiveLog4j2Test))
DEBUG StatusLogger Starting RandomAccessFileManager /home/alex/Repositories/hive/beeline/target/tmp/alex/operation_logs/61f4f42d-7009-4db2-8b1d-884c26b2990f/alex_20240501092352_9ad1bad1-3c24-43fd-8310-c86fe5fe4bac
DEBUG StatusLogger Building Plugin[name=, class=org.apache.hadoop.hive.ql.log.LogDivertAppenderForTest$TestFilter].
DEBUG StatusLogger createFilter()
DEBUG StatusLogger Building Plugin[name=, class=org.apache.logging.log4j.core.layout.PatternLayout].
DEBUG StatusLogger PatternLayout$Builder(pattern="%-5p : %m%n", PatternSelector=null, Configuration(HiveLog4j2Test), Replace=null, charset="null", alwaysWriteExceptions="null", disableAnsi="null", noConsoleNoAnsi="null", header="null", footer="null")
DEBUG StatusLogger Building Plugin[name=appender, class=org.apache.hadoop.hive.ql.log.HushableRandomAccessFileAppender].
DEBUG StatusLogger createAppender(fileName="/home/alex/Repositories/hive/beeline/target/tmp/alex/operation_logs/61f4f42d-7009-4db2-8b1d-884c26b2990f/alex_20240501092352_9ad1bad1-3c24-43fd-8310-c86fe5fe4bac.test", append="null", name="test-query-file-appender", immediateFlush="null", bufferSize="null", ignoreExceptions="null", PatternLayout(org.apache.logging.log4j.core.layout.PatternLayout with name PatternLayout), test-filter(org.apache.hadoop.hive.ql.log.LogDivertAppenderForTest$TestFilter with name test-filter), advertise="null", advertiseURI="null", Configuration(HiveLog4j2Test))
DEBUG StatusLogger Starting RandomAccessFileManager /home/alex/Repositories/hive/beeline/target/tmp/alex/operation_logs/61f4f42d-7009-4db2-8b1d-884c26b2990f/alex_20240501092352_9ad1bad1-3c24-43fd-8310-c86fe5fe4bac.test
2024-05-01T09:23:52,141  INFO [61f4f42d-7009-4db2-8b1d-884c26b2990f main] operation.HiveCommandOperation: [opType=EXECUTE_STATEMENT, queryId=alex_20240501092352_9ad1bad1-3c24-43fd-8310-c86fe5fe4bac, startTime=1714580632137, sessionId=61f4f42d-7009-4db2-8b1d-884c26b2990f, createTime=1714580632065, userName=null, ipAddress=null]
2024-05-01T09:23:52,150  INFO [61f4f42d-7009-4db2-8b1d-884c26b2990f main] common.LogUtils: Unregistered logging context.
2024-05-01T09:23:52,152  INFO [61f4f42d-7009-4db2-8b1d-884c26b2990f main] operation.OperationManager: Closing operation: OperationHandle [opType=EXECUTE_STATEMENT, getHandleIdentifier()=74baca24-3342-43da-8e49-6ac15dc31680]
2024-05-01T09:23:52,152  INFO [61f4f42d-7009-4db2-8b1d-884c26b2990f main] operation.OperationManager: Removed queryId: alex_20240501092352_9ad1bad1-3c24-43fd-8310-c86fe5fe4bac corresponding to operation: OperationHandle [opType=EXECUTE_STATEMENT, getHandleIdentifier()=74baca24-3342-43da-8e49-6ac15dc31680] with tag: null
2024-05-01T09:23:52,153  INFO [61f4f42d-7009-4db2-8b1d-884c26b2990f main] operation.HiveCommandOperation: Closing operation log /home/alex/Repositories/hive/beeline/target/tmp/alex/operation_logs/61f4f42d-7009-4db2-8b1d-884c26b2990f/alex_20240501092352_9ad1bad1-3c24-43fd-8310-c86fe5fe4bac without delay
2024-05-01T09:23:52,155  INFO [61f4f42d-7009-4db2-8b1d-884c26b2990f main] session.HiveSessionImpl: executing show databases
2024-05-01T09:23:52,156  INFO [61f4f42d-7009-4db2-8b1d-884c26b2990f main] operation.OperationManager: Adding operation: OperationHandle [opType=EXECUTE_STATEMENT, getHandleIdentifier()=be90f9ba-abdf-420d-8e19-46027647532d] SessionHandle [61f4f42d-7009-4db2-8b1d-884c26b2990f]
2024-05-01T09:23:52,156  INFO [61f4f42d-7009-4db2-8b1d-884c26b2990f main] common.LogUtils: Thread context registration is done.
DEBUG StatusLogger Building Plugin[name=filter, class=org.apache.hadoop.hive.ql.log.LogDivertAppender$NameFilter].
DEBUG StatusLogger createFilter(loggingLevel="EXECUTION")
DEBUG StatusLogger Building Plugin[name=layout, class=org.apache.logging.log4j.core.layout.PatternLayout].
DEBUG StatusLogger PatternLayout$Builder(pattern="%-5p : %m%n", PatternSelector=null, Configuration(HiveLog4j2Test), Replace=null, charset="null", alwaysWriteExceptions="null", disableAnsi="null", noConsoleNoAnsi="null", header="null", footer="null")
DEBUG StatusLogger Building Plugin[name=appender, class=org.apache.hadoop.hive.ql.log.HushableRandomAccessFileAppender].
DEBUG StatusLogger createAppender(fileName="/home/alex/Repositories/hive/beeline/target/tmp/alex/operation_logs/61f4f42d-7009-4db2-8b1d-884c26b2990f/alex_20240501092352_f26b9903-d45d-4757-8502-06f74db055f9", append="null", name="query-file-appender", immediateFlush="null", bufferSize="null", ignoreExceptions="null", PatternLayout(org.apache.logging.log4j.core.layout.PatternLayout with name PatternLayout), NameFilter(org.apache.hadoop.hive.ql.log.LogDivertAppender$NameFilter with name NameFilter), advertise="null", advertiseURI="null", Configuration(HiveLog4j2Test))
DEBUG StatusLogger Starting RandomAccessFileManager /home/alex/Repositories/hive/beeline/target/tmp/alex/operation_logs/61f4f42d-7009-4db2-8b1d-884c26b2990f/alex_20240501092352_f26b9903-d45d-4757-8502-06f74db055f9
DEBUG StatusLogger Building Plugin[name=, class=org.apache.hadoop.hive.ql.log.LogDivertAppenderForTest$TestFilter].
DEBUG StatusLogger createFilter()
DEBUG StatusLogger Building Plugin[name=, class=org.apache.logging.log4j.core.layout.PatternLayout].
DEBUG StatusLogger PatternLayout$Builder(pattern="%-5p : %m%n", PatternSelector=null, Configuration(HiveLog4j2Test), Replace=null, charset="null", alwaysWriteExceptions="null", disableAnsi="null", noConsoleNoAnsi="null", header="null", footer="null")
DEBUG StatusLogger Building Plugin[name=appender, class=org.apache.hadoop.hive.ql.log.HushableRandomAccessFileAppender].
DEBUG StatusLogger createAppender(fileName="/home/alex/Repositories/hive/beeline/target/tmp/alex/operation_logs/61f4f42d-7009-4db2-8b1d-884c26b2990f/alex_20240501092352_f26b9903-d45d-4757-8502-06f74db055f9.test", append="null", name="test-query-file-appender", immediateFlush="null", bufferSize="null", ignoreExceptions="null", PatternLayout(org.apache.logging.log4j.core.layout.PatternLayout with name PatternLayout), test-filter(org.apache.hadoop.hive.ql.log.LogDivertAppenderForTest$TestFilter with name test-filter), advertise="null", advertiseURI="null", Configuration(HiveLog4j2Test))
DEBUG StatusLogger Starting RandomAccessFileManager /home/alex/Repositories/hive/beeline/target/tmp/alex/operation_logs/61f4f42d-7009-4db2-8b1d-884c26b2990f/alex_20240501092352_f26b9903-d45d-4757-8502-06f74db055f9.test
2024-05-01T09:23:52,159  INFO [61f4f42d-7009-4db2-8b1d-884c26b2990f main] operation.SQLOperation: [opType=EXECUTE_STATEMENT, queryId=alex_20240501092352_f26b9903-d45d-4757-8502-06f74db055f9, startTime=1714580632155, sessionId=61f4f42d-7009-4db2-8b1d-884c26b2990f, createTime=1714580632065, userName=null, ipAddress=null]
2024-05-01T09:23:52,160  INFO [61f4f42d-7009-4db2-8b1d-884c26b2990f main] ql.Driver: Compiling command(queryId=alex_20240501092352_f26b9903-d45d-4757-8502-06f74db055f9): show databases
2024-05-01T09:23:52,161  INFO [61f4f42d-7009-4db2-8b1d-884c26b2990f main] metastore.HiveMetaStoreClient: HMS client filtering is enabled.
2024-05-01T09:23:52,162  INFO [61f4f42d-7009-4db2-8b1d-884c26b2990f main] metastore.HMSHandler: 0: Opening raw store with implementation class:org.apache.hadoop.hive.metastore.ObjectStore
2024-05-01T09:23:52,162  INFO [61f4f42d-7009-4db2-8b1d-884c26b2990f main] metastore.PersistenceManagerProvider: Configuration datanucleus.autoStartMechanismMode is not set. Defaulting to 'ignored'
2024-05-01T09:23:52,162  INFO [61f4f42d-7009-4db2-8b1d-884c26b2990f main] metastore.ObjectStore: RawStore: org.apache.hadoop.hive.metastore.ObjectStore@114badf0, with PersistenceManager: null will be shutdown
2024-05-01T09:23:52,162  INFO [61f4f42d-7009-4db2-8b1d-884c26b2990f main] metastore.ObjectStore: RawStore: org.apache.hadoop.hive.metastore.ObjectStore@114badf0, with PersistenceManager: org.datanucleus.api.jdo.JDOPersistenceManager@19e8fe55 created in the thread with id: 1
2024-05-01T09:23:52,165  INFO [61f4f42d-7009-4db2-8b1d-884c26b2990f main] metastore.HMSHandler: Created RawStore: org.apache.hadoop.hive.metastore.ObjectStore@114badf0 from thread id: 1
2024-05-01T09:23:52,165  INFO [61f4f42d-7009-4db2-8b1d-884c26b2990f main] metastore.HMSHandler: HMS server filtering is disabled by configuration
2024-05-01T09:23:52,165  INFO [61f4f42d-7009-4db2-8b1d-884c26b2990f main] metastore.RetryingMetaStoreClient: RetryingMetaStoreClient proxy=class org.apache.hadoop.hive.ql.metadata.SessionHiveMetaStoreClient ugi=alex (auth:SIMPLE) retries=1 delay=1 lifetime=0
2024-05-01T09:23:52,168  INFO [61f4f42d-7009-4db2-8b1d-884c26b2990f main] ql.Driver: Semantic Analysis Completed (retrial = false)
2024-05-01T09:23:52,169  INFO [61f4f42d-7009-4db2-8b1d-884c26b2990f main] ql.Driver: Created Hive schema: Schema(fieldSchemas:[FieldSchema(name:database_name, type:string, comment:from deserializer)], properties:null)
2024-05-01T09:23:52,169  INFO [61f4f42d-7009-4db2-8b1d-884c26b2990f main] exec.ListSinkOperator: Initializing Operator: LIST_SINK[0]
2024-05-01T09:23:52,170  INFO [61f4f42d-7009-4db2-8b1d-884c26b2990f main] metadata.Hive: Dumping metastore api call timing information for : compilation phase
2024-05-01T09:23:52,170  INFO [61f4f42d-7009-4db2-8b1d-884c26b2990f main] metadata.Hive: Total time spent in each metastore function (ms): {isCompatibleWith_(Configuration)=0, flushCache_()=0}
2024-05-01T09:23:52,170  INFO [61f4f42d-7009-4db2-8b1d-884c26b2990f main] ql.Driver: Completed compiling command(queryId=alex_20240501092352_f26b9903-d45d-4757-8502-06f74db055f9); Time taken: 0.009 seconds
2024-05-01T09:23:52,170  INFO [61f4f42d-7009-4db2-8b1d-884c26b2990f main] common.LogUtils: Unregistered logging context.
2024-05-01T09:23:52,171  INFO [HiveServer2-Background-Pool: Thread-535] common.LogUtils: Thread context registration is done.
2024-05-01T09:23:52,171  INFO [HiveServer2-Background-Pool: Thread-535] reexec.ReExecDriver: Execution #1 of query
2024-05-01T09:23:52,171  INFO [HiveServer2-Background-Pool: Thread-535] ql.Driver: Concurrency mode is disabled, not creating a lock manager
2024-05-01T09:23:52,171  INFO [HiveServer2-Background-Pool: Thread-535] ql.Driver: Executing command(queryId=alex_20240501092352_f26b9903-d45d-4757-8502-06f74db055f9): show databases
2024-05-01T09:23:52,172  INFO [HiveServer2-Background-Pool: Thread-535] ql.Driver: Starting task [Stage-0:DDL] in serial mode
2024-05-01T09:23:52,173  INFO [HiveServer2-Background-Pool: Thread-535] HiveMetaStore.audit: ugi=alex	ip=unknown-ip-addr	cmd=get_databases: @hive#	
2024-05-01T09:23:52,173  INFO [HiveServer2-Background-Pool: Thread-535] metastore.HMSHandler: 25: Opening raw store with implementation class:org.apache.hadoop.hive.metastore.ObjectStore
2024-05-01T09:23:52,174  INFO [HiveServer2-Background-Pool: Thread-535] metastore.ObjectStore: RawStore: org.apache.hadoop.hive.metastore.ObjectStore@135a490f, with PersistenceManager: null will be shutdown
2024-05-01T09:23:52,174  INFO [HiveServer2-Background-Pool: Thread-535] metastore.ObjectStore: RawStore: org.apache.hadoop.hive.metastore.ObjectStore@135a490f, with PersistenceManager: org.datanucleus.api.jdo.JDOPersistenceManager@5658d500 created in the thread with id: 535
2024-05-01T09:23:52,177  INFO [HiveServer2-Background-Pool: Thread-535] metastore.HMSHandler: Created RawStore: org.apache.hadoop.hive.metastore.ObjectStore@135a490f from thread id: 535
2024-05-01T09:23:52,179  INFO [HiveServer2-Background-Pool: Thread-535] sqlstd.SQLStdHiveAccessController: Created SQLStdHiveAccessController for session context : HiveAuthzSessionContext [sessionString=61f4f42d-7009-4db2-8b1d-884c26b2990f, clientType=HIVESERVER2]
2024-05-01T09:23:52,179  INFO [HiveServer2-Background-Pool: Thread-535] exec.DDLTask: Found 3 database(s) matching the SHOW DATABASES statement.
2024-05-01T09:23:52,187  INFO [HiveServer2-Background-Pool: Thread-535] metadata.Hive: Dumping metastore api call timing information for : execution phase
2024-05-01T09:23:52,187  INFO [HiveServer2-Background-Pool: Thread-535] metadata.Hive: Total time spent in each metastore function (ms): {isCompatibleWith_(Configuration)=0, getAllDatabases_()=7}
2024-05-01T09:23:52,187  INFO [HiveServer2-Background-Pool: Thread-535] ql.Driver: Completed executing command(queryId=alex_20240501092352_f26b9903-d45d-4757-8502-06f74db055f9); Time taken: 0.016 seconds
2024-05-01T09:23:52,188  INFO [HiveServer2-Background-Pool: Thread-535] common.LogUtils: Unregistered logging context.
2024-05-01T09:23:52,191  INFO [61f4f42d-7009-4db2-8b1d-884c26b2990f main] operation.OperationManager: Closing operation: OperationHandle [opType=EXECUTE_STATEMENT, getHandleIdentifier()=be90f9ba-abdf-420d-8e19-46027647532d]
2024-05-01T09:23:52,191  INFO [61f4f42d-7009-4db2-8b1d-884c26b2990f main] operation.OperationManager: Removed queryId: alex_20240501092352_f26b9903-d45d-4757-8502-06f74db055f9 corresponding to operation: OperationHandle [opType=EXECUTE_STATEMENT, getHandleIdentifier()=be90f9ba-abdf-420d-8e19-46027647532d] with tag: null
2024-05-01T09:23:52,191  INFO [61f4f42d-7009-4db2-8b1d-884c26b2990f main] ql.Context: Deleting scratch dir: file:/home/alex/Repositories/hive/beeline/target/tmp/alex/61f4f42d-7009-4db2-8b1d-884c26b2990f/hive_2024-05-01_09-23-52_160_2617176934233100954-1
2024-05-01T09:23:52,191  INFO [61f4f42d-7009-4db2-8b1d-884c26b2990f main] cleanup.EventualCleanupService: Delete file:/home/alex/Repositories/hive/beeline/target/tmp/alex/61f4f42d-7009-4db2-8b1d-884c26b2990f/hive_2024-05-01_09-23-52_160_2617176934233100954-1 operation was queued
2024-05-01T09:23:52,191  INFO [61f4f42d-7009-4db2-8b1d-884c26b2990f main] exec.ListSinkOperator: Closing Operator: LIST_SINK[0]
2024-05-01T09:23:52,191  INFO [61f4f42d-7009-4db2-8b1d-884c26b2990f main] exec.ListSinkOperator: RECORDS_OUT_INTERMEDIATE:0, RECORDS_OUT_OPERATOR_LIST_SINK_0:0, 
2024-05-01T09:23:52,191  INFO [61f4f42d-7009-4db2-8b1d-884c26b2990f main] operation.SQLOperation: Closing operation log /home/alex/Repositories/hive/beeline/target/tmp/alex/operation_logs/61f4f42d-7009-4db2-8b1d-884c26b2990f/alex_20240501092352_f26b9903-d45d-4757-8502-06f74db055f9 without delay
2024-05-01T09:23:52,192  INFO [EventualCleanupService thread 0] cleanup.EventualCleanupService: Deleted file:/home/alex/Repositories/hive/beeline/target/tmp/alex/61f4f42d-7009-4db2-8b1d-884c26b2990f/hive_2024-05-01_09-23-52_160_2617176934233100954-1
2024-05-01T09:23:52,192  INFO [main] service.CompositeService: Session closed, SessionHandle [61f4f42d-7009-4db2-8b1d-884c26b2990f], current sessions:0
2024-05-01T09:23:52,192  INFO [61f4f42d-7009-4db2-8b1d-884c26b2990f main] session.HiveSessionImpl: Operation log session directory is deleted: /home/alex/Repositories/hive/beeline/target/tmp/alex/operation_logs/61f4f42d-7009-4db2-8b1d-884c26b2990f
2024-05-01T09:23:52,192  INFO [main] cleanup.EventualCleanupService: Delete /tmp/hive/alex/61f4f42d-7009-4db2-8b1d-884c26b2990f operation was queued
2024-05-01T09:23:52,192  INFO [main] cleanup.EventualCleanupService: Delete /home/alex/Repositories/hive/beeline/target/tmp/alex/61f4f42d-7009-4db2-8b1d-884c26b2990f operation was queued
2024-05-01T09:23:52,192  INFO [EventualCleanupService thread 2] cleanup.EventualCleanupService: Deleted /home/alex/Repositories/hive/beeline/target/tmp/alex/61f4f42d-7009-4db2-8b1d-884c26b2990f
2024-05-01T09:23:52,193  INFO [EventualCleanupService thread 1] cleanup.EventualCleanupService: Deleted /tmp/hive/alex/61f4f42d-7009-4db2-8b1d-884c26b2990f
2024-05-01T09:23:52,193  INFO [main] HiveMetaStore.audit: ugi=alex	ip=unknown-ip-addr	cmd=Cleaning up thread local RawStore...	
2024-05-01T09:23:52,193  INFO [main] metastore.ObjectStore: RawStore: org.apache.hadoop.hive.metastore.ObjectStore@114badf0, with PersistenceManager: org.datanucleus.api.jdo.JDOPersistenceManager@19e8fe55 will be shutdown
2024-05-01T09:23:52,193  INFO [main] HiveMetaStore.audit: ugi=alex	ip=unknown-ip-addr	cmd=Done cleaning up thread local RawStore	
2024-05-01T09:23:52,193  INFO [main] metastore.HiveMetaStoreClient: Closed a connection to metastore, current connections: -34
2024-05-01T09:23:52,193 ERROR [main] cli.TestHiveCli: Failed due to the error:Connecting to jdbc:hive2://
Hive Session ID = ed90ba40-ca5a-4b7d-801f-4bba8ff7038a
ivysettings.xml file not found in HIVE_HOME or HIVE_CONF_DIR,/home/alex/Repositories/hive/conf/ivysettings.xml will be used
ivysettings.xml file not found in HIVE_HOME or HIVE_CONF_DIR,/home/alex/Repositories/hive/conf/ivysettings.xml will be used
Connected to: Apache Hive (version 4.0.0-SNAPSHOT)
Error: Couldn't load manifest attributes. (state=,code=0)
Transaction isolation: TRANSACTION_REPEATABLE_READ
INFO  : Compiling command(queryId=alex_20240501092352_f26b9903-d45d-4757-8502-06f74db055f9): show databases
INFO  : Semantic Analysis Completed (retrial = false)
INFO  : Created Hive schema: Schema(fieldSchemas:[FieldSchema(name:database_name, type:string, comment:from deserializer)], properties:null)
INFO  : Completed compiling command(queryId=alex_20240501092352_f26b9903-d45d-4757-8502-06f74db055f9); Time taken: 0.009 seconds
INFO  : Concurrency mode is disabled, not creating a lock manager
INFO  : Executing command(queryId=alex_20240501092352_f26b9903-d45d-4757-8502-06f74db055f9): show databases
INFO  : Starting task [Stage-0:DDL] in serial mode
DEBUG : Task getting executed using mapred tag : alex_20240501092352_f26b9903-d45d-4757-8502-06f74db055f9,userid=null
INFO  : Completed executing command(queryId=alex_20240501092352_f26b9903-d45d-4757-8502-06f74db055f9); Time taken: 0.016 seconds
DEBUG : Shutting down query show databases
Error: Failed to wait for operation to complete (state=08S01,code=0)
Closing: 0: jdbc:hive2://

]]></system-err>
  </testcase>
  <testcase name="testSqlFromCmd" classname="org.apache.hive.beeline.cli.TestHiveCli" time="0.197">
    <failure type="java.lang.AssertionError"><![CDATA[java.lang.AssertionError: Supported return code is 0 while the actual is 1
	at org.junit.Assert.fail(Assert.java:89)
	at org.apache.hive.beeline.cli.TestHiveCli.executeCMD(TestHiveCli.java:256)
	at org.apache.hive.beeline.cli.TestHiveCli.verifyCMD(TestHiveCli.java:266)
	at org.apache.hive.beeline.cli.TestHiveCli.testSqlFromCmd(TestHiveCli.java:145)
	at sun.reflect.NativeMethodAccessorImpl.invoke0(Native Method)
	at sun.reflect.NativeMethodAccessorImpl.invoke(NativeMethodAccessorImpl.java:62)
	at sun.reflect.DelegatingMethodAccessorImpl.invoke(DelegatingMethodAccessorImpl.java:43)
	at java.lang.reflect.Method.invoke(Method.java:498)
	at org.junit.runners.model.FrameworkMethod$1.runReflectiveCall(FrameworkMethod.java:59)
	at org.junit.internal.runners.model.ReflectiveCallable.run(ReflectiveCallable.java:12)
	at org.junit.runners.model.FrameworkMethod.invokeExplosively(FrameworkMethod.java:56)
	at org.junit.internal.runners.statements.InvokeMethod.evaluate(InvokeMethod.java:17)
	at org.junit.internal.runners.statements.RunBefores.evaluate(RunBefores.java:26)
	at org.junit.internal.runners.statements.RunAfters.evaluate(RunAfters.java:27)
	at org.junit.runners.ParentRunner$3.evaluate(ParentRunner.java:306)
	at org.junit.runners.BlockJUnit4ClassRunner$1.evaluate(BlockJUnit4ClassRunner.java:100)
	at org.junit.runners.ParentRunner.runLeaf(ParentRunner.java:366)
	at org.junit.runners.BlockJUnit4ClassRunner.runChild(BlockJUnit4ClassRunner.java:103)
	at org.junit.runners.BlockJUnit4ClassRunner.runChild(BlockJUnit4ClassRunner.java:63)
	at org.junit.runners.ParentRunner$4.run(ParentRunner.java:331)
	at org.junit.runners.ParentRunner$1.schedule(ParentRunner.java:79)
	at org.junit.runners.ParentRunner.runChildren(ParentRunner.java:329)
	at org.junit.runners.ParentRunner.access$100(ParentRunner.java:66)
	at org.junit.runners.ParentRunner$2.evaluate(ParentRunner.java:293)
	at org.junit.internal.runners.statements.RunBefores.evaluate(RunBefores.java:26)
	at org.junit.runners.ParentRunner$3.evaluate(ParentRunner.java:306)
	at org.junit.runners.ParentRunner.run(ParentRunner.java:413)
	at org.junit.runner.JUnitCore.run(JUnitCore.java:137)
	at org.junit.runner.JUnitCore.run(JUnitCore.java:115)
	at org.junit.vintage.engine.execution.RunnerExecutor.execute(RunnerExecutor.java:43)
	at java.util.stream.ForEachOps$ForEachOp$OfRef.accept(ForEachOps.java:183)
	at java.util.stream.ReferencePipeline$3$1.accept(ReferencePipeline.java:193)
	at java.util.Iterator.forEachRemaining(Iterator.java:116)
	at java.util.Spliterators$IteratorSpliterator.forEachRemaining(Spliterators.java:1801)
	at java.util.stream.AbstractPipeline.copyInto(AbstractPipeline.java:482)
	at java.util.stream.AbstractPipeline.wrapAndCopyInto(AbstractPipeline.java:472)
	at java.util.stream.ForEachOps$ForEachOp.evaluateSequential(ForEachOps.java:150)
	at java.util.stream.ForEachOps$ForEachOp$OfRef.evaluateSequential(ForEachOps.java:173)
	at java.util.stream.AbstractPipeline.evaluate(AbstractPipeline.java:234)
	at java.util.stream.ReferencePipeline.forEach(ReferencePipeline.java:485)
	at org.junit.vintage.engine.VintageTestEngine.executeAllChildren(VintageTestEngine.java:82)
	at org.junit.vintage.engine.VintageTestEngine.execute(VintageTestEngine.java:73)
	at org.junit.platform.launcher.core.DefaultLauncher.execute(DefaultLauncher.java:248)
	at org.junit.platform.launcher.core.DefaultLauncher.lambda$execute$5(DefaultLauncher.java:211)
	at org.junit.platform.launcher.core.DefaultLauncher.withInterceptedStreams(DefaultLauncher.java:226)
	at org.junit.platform.launcher.core.DefaultLauncher.execute(DefaultLauncher.java:199)
	at org.junit.platform.launcher.core.DefaultLauncher.execute(DefaultLauncher.java:132)
	at org.apache.maven.surefire.junitplatform.JUnitPlatformProvider.invokeAllTests(JUnitPlatformProvider.java:154)
	at org.apache.maven.surefire.junitplatform.JUnitPlatformProvider.invoke(JUnitPlatformProvider.java:123)
	at org.apache.maven.surefire.booter.ForkedBooter.runSuitesInProcess(ForkedBooter.java:377)
	at org.apache.maven.surefire.booter.ForkedBooter.execute(ForkedBooter.java:138)
	at org.apache.maven.surefire.booter.ForkedBooter.run(ForkedBooter.java:465)
	at org.apache.maven.surefire.booter.ForkedBooter.main(ForkedBooter.java:451)
]]></failure>
    <system-err><![CDATA[2024-05-01T09:23:52,195 ERROR [main] cli.TestHiveCli: Failed to execute command due to the error: java.lang.NullPointerException: Null output stream
2024-05-01T09:23:52,242  WARN [main] conf.HiveConf: HiveConf of name hive.dummyparam.test.server.specific.config.override does not exist
2024-05-01T09:23:52,242  WARN [main] conf.HiveConf: HiveConf of name hive.dummyparam.test.server.specific.config.hiveserver2site does not exist
2024-05-01T09:23:52,243  WARN [main] conf.HiveConf: HiveConf of name hive.dummyparam.test.server.specific.config.metastoresite does not exist
2024-05-01T09:23:52,243  INFO [main] SessionState: Hive Session ID = 7c654db7-5dcb-4a8d-97cf-f6428426a03c
2024-05-01T09:23:52,244  INFO [main] DependencyResolver: ivysettings.xml file not found in HIVE_HOME or HIVE_CONF_DIR,/home/alex/Repositories/hive/conf/ivysettings.xml will be used
2024-05-01T09:23:52,251  INFO [main] session.SessionState: Created HDFS directory: /tmp/hive/alex/7c654db7-5dcb-4a8d-97cf-f6428426a03c
2024-05-01T09:23:52,255  INFO [main] session.SessionState: Created local directory: /home/alex/Repositories/hive/beeline/target/tmp/alex/7c654db7-5dcb-4a8d-97cf-f6428426a03c
2024-05-01T09:23:52,258  INFO [main] session.SessionState: Created HDFS directory: /tmp/hive/alex/7c654db7-5dcb-4a8d-97cf-f6428426a03c/_tmp_space.db
2024-05-01T09:23:52,259  INFO [main] sqlstd.SQLStdHiveAccessController: Created SQLStdHiveAccessController for session context : HiveAuthzSessionContext [sessionString=7c654db7-5dcb-4a8d-97cf-f6428426a03c, clientType=HIVESERVER2]
2024-05-01T09:23:52,259  INFO [main] metastore.HiveMetaStoreClient: HMS client filtering is enabled.
2024-05-01T09:23:52,260  INFO [main] metastore.HMSHandler: 0: Opening raw store with implementation class:org.apache.hadoop.hive.metastore.ObjectStore
2024-05-01T09:23:52,260  INFO [main] metastore.PersistenceManagerProvider: Configuration datanucleus.autoStartMechanismMode is not set. Defaulting to 'ignored'
2024-05-01T09:23:52,260  INFO [main] metastore.ObjectStore: RawStore: org.apache.hadoop.hive.metastore.ObjectStore@5d15789f, with PersistenceManager: null will be shutdown
2024-05-01T09:23:52,260  INFO [main] metastore.ObjectStore: RawStore: org.apache.hadoop.hive.metastore.ObjectStore@5d15789f, with PersistenceManager: org.datanucleus.api.jdo.JDOPersistenceManager@5abb7a8f created in the thread with id: 1
2024-05-01T09:23:52,262  INFO [main] metastore.HMSHandler: Created RawStore: org.apache.hadoop.hive.metastore.ObjectStore@5d15789f from thread id: 1
2024-05-01T09:23:52,262  INFO [main] metastore.HMSHandler: HMS server filtering is disabled by configuration
2024-05-01T09:23:52,263  INFO [main] metastore.RetryingMetaStoreClient: RetryingMetaStoreClient proxy=class org.apache.hadoop.hive.ql.metadata.SessionHiveMetaStoreClient ugi=alex (auth:SIMPLE) retries=1 delay=1 lifetime=0
2024-05-01T09:23:52,263  INFO [main] service.CompositeService: Operation log root directory is created: /home/alex/Repositories/hive/beeline/target/tmp/alex/operation_logs
2024-05-01T09:23:52,263  INFO [main] service.CompositeService: HiveServer2: Background operation thread pool size: 100
2024-05-01T09:23:52,263  INFO [main] service.CompositeService: HiveServer2: Background operation thread wait queue size: 100
2024-05-01T09:23:52,263  INFO [main] service.CompositeService: HiveServer2: Background operation thread keepalive time: 10 seconds
2024-05-01T09:23:52,263  INFO [main] service.CompositeService: Connections limit are user: 0 ipaddress: 0 user-ipaddress: 0
2024-05-01T09:23:52,264  INFO [main] cleanup.EventualCleanupService: EventualCleanupService started with 10 threads and queue of size 10000
ERROR StatusLogger Log4j2 ConfigurationScheduler attempted to increment scheduled items after start
ERROR StatusLogger Log4j2 ConfigurationScheduler attempted to increment scheduled items after start
2024-05-01T09:23:52,266  INFO [main] service.AbstractService: Service:OperationManager is inited.
2024-05-01T09:23:52,266  INFO [main] service.AbstractService: Service:SessionManager is inited.
2024-05-01T09:23:52,266  INFO [main] service.AbstractService: Service:CLIService is inited.
2024-05-01T09:23:52,266  INFO [main] service.AbstractService: Service:OperationManager is started.
2024-05-01T09:23:52,266  INFO [main] service.AbstractService: Service:SessionManager is started.
2024-05-01T09:23:52,266  INFO [main] service.AbstractService: Service:CLIService is started.
2024-05-01T09:23:52,266  INFO [main] service.AbstractService: Service:ThriftBinaryCLIService is inited.
2024-05-01T09:23:52,266  INFO [main] thrift.ThriftCLIService: Client protocol version: HIVE_CLI_SERVICE_PROTOCOL_V10
2024-05-01T09:23:52,266  INFO [main] thrift.ThriftCLIService: Creating Hive session handle for user [null] from IP null
2024-05-01T09:23:52,267  INFO [main] DependencyResolver: ivysettings.xml file not found in HIVE_HOME or HIVE_CONF_DIR,/home/alex/Repositories/hive/conf/ivysettings.xml will be used
2024-05-01T09:23:52,275  INFO [main] session.SessionState: Created HDFS directory: /tmp/hive/alex/7fb4307c-c174-4b93-8083-b835ef2ee311
2024-05-01T09:23:52,278  INFO [main] session.SessionState: Created local directory: /home/alex/Repositories/hive/beeline/target/tmp/alex/7fb4307c-c174-4b93-8083-b835ef2ee311
2024-05-01T09:23:52,282  INFO [main] session.SessionState: Created HDFS directory: /tmp/hive/alex/7fb4307c-c174-4b93-8083-b835ef2ee311/_tmp_space.db
2024-05-01T09:23:52,282  INFO [main] session.SessionState: Reloading auxiliary JAR files
2024-05-01T09:23:52,282  WARN [main] session.SessionState: Configuration hive.reloadable.aux.jars.path not specified
2024-05-01T09:23:52,282  INFO [main] HiveMetaStore.audit: ugi=alex	ip=unknown-ip-addr	cmd=Cleaning up thread local RawStore...	
2024-05-01T09:23:52,282  INFO [main] metastore.ObjectStore: RawStore: org.apache.hadoop.hive.metastore.ObjectStore@5d15789f, with PersistenceManager: org.datanucleus.api.jdo.JDOPersistenceManager@5abb7a8f will be shutdown
2024-05-01T09:23:52,282  INFO [main] HiveMetaStore.audit: ugi=alex	ip=unknown-ip-addr	cmd=Done cleaning up thread local RawStore	
2024-05-01T09:23:52,282  INFO [main] metastore.HiveMetaStoreClient: Closed a connection to metastore, current connections: -35
2024-05-01T09:23:52,282  INFO [main] session.HiveSessionImpl: Operation log session directory is created: /home/alex/Repositories/hive/beeline/target/tmp/alex/operation_logs/7fb4307c-c174-4b93-8083-b835ef2ee311
2024-05-01T09:23:52,282  INFO [main] service.CompositeService: Session opened, SessionHandle [7fb4307c-c174-4b93-8083-b835ef2ee311], current sessions:1
2024-05-01T09:23:52,282  INFO [main] thrift.ThriftCLIService: Login attempt is successful for user : null
2024-05-01T09:23:52,331  WARN [main] conf.HiveConf: HiveConf of name hive.dummyparam.test.server.specific.config.override does not exist
2024-05-01T09:23:52,331  WARN [main] conf.HiveConf: HiveConf of name hive.dummyparam.test.server.specific.config.hiveserver2site does not exist
2024-05-01T09:23:52,331  WARN [main] conf.HiveConf: HiveConf of name hive.dummyparam.test.server.specific.config.metastoresite does not exist
2024-05-01T09:23:52,332  INFO [7fb4307c-c174-4b93-8083-b835ef2ee311 main] session.HiveSessionImpl: executing set
2024-05-01T09:23:52,332  INFO [7fb4307c-c174-4b93-8083-b835ef2ee311 main] operation.HiveCommandOperation: Putting temp output to file /home/alex/Repositories/hive/beeline/target/tmp/alex/7fb4307c-c174-4b93-8083-b835ef2ee3117526282047453380135.pipeout and error output to file /home/alex/Repositories/hive/beeline/target/tmp/alex/7fb4307c-c174-4b93-8083-b835ef2ee3116661720914462558018.pipeout
2024-05-01T09:23:52,332  INFO [7fb4307c-c174-4b93-8083-b835ef2ee311 main] operation.OperationManager: Adding operation: OperationHandle [opType=EXECUTE_STATEMENT, getHandleIdentifier()=dfbb886d-7599-4056-bcfb-145f7f3a6666] SessionHandle [7fb4307c-c174-4b93-8083-b835ef2ee311]
2024-05-01T09:23:52,333  INFO [7fb4307c-c174-4b93-8083-b835ef2ee311 main] common.LogUtils: Thread context registration is done.
DEBUG StatusLogger Building Plugin[name=filter, class=org.apache.hadoop.hive.ql.log.LogDivertAppender$NameFilter].
DEBUG StatusLogger createFilter(loggingLevel="EXECUTION")
DEBUG StatusLogger Building Plugin[name=layout, class=org.apache.logging.log4j.core.layout.PatternLayout].
DEBUG StatusLogger PatternLayout$Builder(pattern="%-5p : %m%n", PatternSelector=null, Configuration(HiveLog4j2Test), Replace=null, charset="null", alwaysWriteExceptions="null", disableAnsi="null", noConsoleNoAnsi="null", header="null", footer="null")
DEBUG StatusLogger Building Plugin[name=appender, class=org.apache.hadoop.hive.ql.log.HushableRandomAccessFileAppender].
DEBUG StatusLogger createAppender(fileName="/home/alex/Repositories/hive/beeline/target/tmp/alex/operation_logs/7fb4307c-c174-4b93-8083-b835ef2ee311/alex_20240501092352_f75a2044-bba0-4abe-9bd1-fcb82e45a6d5", append="null", name="query-file-appender", immediateFlush="null", bufferSize="null", ignoreExceptions="null", PatternLayout(org.apache.logging.log4j.core.layout.PatternLayout with name PatternLayout), NameFilter(org.apache.hadoop.hive.ql.log.LogDivertAppender$NameFilter with name NameFilter), advertise="null", advertiseURI="null", Configuration(HiveLog4j2Test))
DEBUG StatusLogger Starting RandomAccessFileManager /home/alex/Repositories/hive/beeline/target/tmp/alex/operation_logs/7fb4307c-c174-4b93-8083-b835ef2ee311/alex_20240501092352_f75a2044-bba0-4abe-9bd1-fcb82e45a6d5
DEBUG StatusLogger Building Plugin[name=, class=org.apache.hadoop.hive.ql.log.LogDivertAppenderForTest$TestFilter].
DEBUG StatusLogger createFilter()
DEBUG StatusLogger Building Plugin[name=, class=org.apache.logging.log4j.core.layout.PatternLayout].
DEBUG StatusLogger PatternLayout$Builder(pattern="%-5p : %m%n", PatternSelector=null, Configuration(HiveLog4j2Test), Replace=null, charset="null", alwaysWriteExceptions="null", disableAnsi="null", noConsoleNoAnsi="null", header="null", footer="null")
DEBUG StatusLogger Building Plugin[name=appender, class=org.apache.hadoop.hive.ql.log.HushableRandomAccessFileAppender].
DEBUG StatusLogger createAppender(fileName="/home/alex/Repositories/hive/beeline/target/tmp/alex/operation_logs/7fb4307c-c174-4b93-8083-b835ef2ee311/alex_20240501092352_f75a2044-bba0-4abe-9bd1-fcb82e45a6d5.test", append="null", name="test-query-file-appender", immediateFlush="null", bufferSize="null", ignoreExceptions="null", PatternLayout(org.apache.logging.log4j.core.layout.PatternLayout with name PatternLayout), test-filter(org.apache.hadoop.hive.ql.log.LogDivertAppenderForTest$TestFilter with name test-filter), advertise="null", advertiseURI="null", Configuration(HiveLog4j2Test))
DEBUG StatusLogger Starting RandomAccessFileManager /home/alex/Repositories/hive/beeline/target/tmp/alex/operation_logs/7fb4307c-c174-4b93-8083-b835ef2ee311/alex_20240501092352_f75a2044-bba0-4abe-9bd1-fcb82e45a6d5.test
2024-05-01T09:23:52,336  INFO [7fb4307c-c174-4b93-8083-b835ef2ee311 main] operation.HiveCommandOperation: [opType=EXECUTE_STATEMENT, queryId=alex_20240501092352_f75a2044-bba0-4abe-9bd1-fcb82e45a6d5, startTime=1714580632332, sessionId=7fb4307c-c174-4b93-8083-b835ef2ee311, createTime=1714580632266, userName=null, ipAddress=null]
2024-05-01T09:23:52,345  INFO [7fb4307c-c174-4b93-8083-b835ef2ee311 main] common.LogUtils: Unregistered logging context.
2024-05-01T09:23:52,348  INFO [7fb4307c-c174-4b93-8083-b835ef2ee311 main] operation.OperationManager: Closing operation: OperationHandle [opType=EXECUTE_STATEMENT, getHandleIdentifier()=dfbb886d-7599-4056-bcfb-145f7f3a6666]
2024-05-01T09:23:52,348  INFO [7fb4307c-c174-4b93-8083-b835ef2ee311 main] operation.OperationManager: Removed queryId: alex_20240501092352_f75a2044-bba0-4abe-9bd1-fcb82e45a6d5 corresponding to operation: OperationHandle [opType=EXECUTE_STATEMENT, getHandleIdentifier()=dfbb886d-7599-4056-bcfb-145f7f3a6666] with tag: null
2024-05-01T09:23:52,349  INFO [7fb4307c-c174-4b93-8083-b835ef2ee311 main] operation.HiveCommandOperation: Closing operation log /home/alex/Repositories/hive/beeline/target/tmp/alex/operation_logs/7fb4307c-c174-4b93-8083-b835ef2ee311/alex_20240501092352_f75a2044-bba0-4abe-9bd1-fcb82e45a6d5 without delay
2024-05-01T09:23:52,351  INFO [7fb4307c-c174-4b93-8083-b835ef2ee311 main] session.HiveSessionImpl: executing show databases
2024-05-01T09:23:52,351  INFO [7fb4307c-c174-4b93-8083-b835ef2ee311 main] operation.OperationManager: Adding operation: OperationHandle [opType=EXECUTE_STATEMENT, getHandleIdentifier()=df729c94-683e-454f-b711-286cdf6c9766] SessionHandle [7fb4307c-c174-4b93-8083-b835ef2ee311]
2024-05-01T09:23:52,352  INFO [7fb4307c-c174-4b93-8083-b835ef2ee311 main] common.LogUtils: Thread context registration is done.
DEBUG StatusLogger Building Plugin[name=filter, class=org.apache.hadoop.hive.ql.log.LogDivertAppender$NameFilter].
DEBUG StatusLogger createFilter(loggingLevel="EXECUTION")
DEBUG StatusLogger Building Plugin[name=layout, class=org.apache.logging.log4j.core.layout.PatternLayout].
DEBUG StatusLogger PatternLayout$Builder(pattern="%-5p : %m%n", PatternSelector=null, Configuration(HiveLog4j2Test), Replace=null, charset="null", alwaysWriteExceptions="null", disableAnsi="null", noConsoleNoAnsi="null", header="null", footer="null")
DEBUG StatusLogger Building Plugin[name=appender, class=org.apache.hadoop.hive.ql.log.HushableRandomAccessFileAppender].
DEBUG StatusLogger createAppender(fileName="/home/alex/Repositories/hive/beeline/target/tmp/alex/operation_logs/7fb4307c-c174-4b93-8083-b835ef2ee311/alex_20240501092352_367f9388-61dd-45db-8400-7ea5292b3b33", append="null", name="query-file-appender", immediateFlush="null", bufferSize="null", ignoreExceptions="null", PatternLayout(org.apache.logging.log4j.core.layout.PatternLayout with name PatternLayout), NameFilter(org.apache.hadoop.hive.ql.log.LogDivertAppender$NameFilter with name NameFilter), advertise="null", advertiseURI="null", Configuration(HiveLog4j2Test))
DEBUG StatusLogger Starting RandomAccessFileManager /home/alex/Repositories/hive/beeline/target/tmp/alex/operation_logs/7fb4307c-c174-4b93-8083-b835ef2ee311/alex_20240501092352_367f9388-61dd-45db-8400-7ea5292b3b33
DEBUG StatusLogger Building Plugin[name=, class=org.apache.hadoop.hive.ql.log.LogDivertAppenderForTest$TestFilter].
DEBUG StatusLogger createFilter()
DEBUG StatusLogger Building Plugin[name=, class=org.apache.logging.log4j.core.layout.PatternLayout].
DEBUG StatusLogger PatternLayout$Builder(pattern="%-5p : %m%n", PatternSelector=null, Configuration(HiveLog4j2Test), Replace=null, charset="null", alwaysWriteExceptions="null", disableAnsi="null", noConsoleNoAnsi="null", header="null", footer="null")
DEBUG StatusLogger Building Plugin[name=appender, class=org.apache.hadoop.hive.ql.log.HushableRandomAccessFileAppender].
DEBUG StatusLogger createAppender(fileName="/home/alex/Repositories/hive/beeline/target/tmp/alex/operation_logs/7fb4307c-c174-4b93-8083-b835ef2ee311/alex_20240501092352_367f9388-61dd-45db-8400-7ea5292b3b33.test", append="null", name="test-query-file-appender", immediateFlush="null", bufferSize="null", ignoreExceptions="null", PatternLayout(org.apache.logging.log4j.core.layout.PatternLayout with name PatternLayout), test-filter(org.apache.hadoop.hive.ql.log.LogDivertAppenderForTest$TestFilter with name test-filter), advertise="null", advertiseURI="null", Configuration(HiveLog4j2Test))
DEBUG StatusLogger Starting RandomAccessFileManager /home/alex/Repositories/hive/beeline/target/tmp/alex/operation_logs/7fb4307c-c174-4b93-8083-b835ef2ee311/alex_20240501092352_367f9388-61dd-45db-8400-7ea5292b3b33.test
2024-05-01T09:23:52,356  INFO [7fb4307c-c174-4b93-8083-b835ef2ee311 main] operation.SQLOperation: [opType=EXECUTE_STATEMENT, queryId=alex_20240501092352_367f9388-61dd-45db-8400-7ea5292b3b33, startTime=1714580632351, sessionId=7fb4307c-c174-4b93-8083-b835ef2ee311, createTime=1714580632266, userName=null, ipAddress=null]
2024-05-01T09:23:52,358  INFO [7fb4307c-c174-4b93-8083-b835ef2ee311 main] ql.Driver: Compiling command(queryId=alex_20240501092352_367f9388-61dd-45db-8400-7ea5292b3b33): show databases
2024-05-01T09:23:52,359  INFO [7fb4307c-c174-4b93-8083-b835ef2ee311 main] metastore.HiveMetaStoreClient: HMS client filtering is enabled.
2024-05-01T09:23:52,360  INFO [7fb4307c-c174-4b93-8083-b835ef2ee311 main] metastore.HMSHandler: 0: Opening raw store with implementation class:org.apache.hadoop.hive.metastore.ObjectStore
2024-05-01T09:23:52,360  INFO [7fb4307c-c174-4b93-8083-b835ef2ee311 main] metastore.PersistenceManagerProvider: Configuration datanucleus.autoStartMechanismMode is not set. Defaulting to 'ignored'
2024-05-01T09:23:52,360  INFO [7fb4307c-c174-4b93-8083-b835ef2ee311 main] metastore.ObjectStore: RawStore: org.apache.hadoop.hive.metastore.ObjectStore@57f1a1de, with PersistenceManager: null will be shutdown
2024-05-01T09:23:52,361  INFO [7fb4307c-c174-4b93-8083-b835ef2ee311 main] metastore.ObjectStore: RawStore: org.apache.hadoop.hive.metastore.ObjectStore@57f1a1de, with PersistenceManager: org.datanucleus.api.jdo.JDOPersistenceManager@4a6ef712 created in the thread with id: 1
2024-05-01T09:23:52,363  INFO [7fb4307c-c174-4b93-8083-b835ef2ee311 main] metastore.HMSHandler: Created RawStore: org.apache.hadoop.hive.metastore.ObjectStore@57f1a1de from thread id: 1
2024-05-01T09:23:52,363  INFO [7fb4307c-c174-4b93-8083-b835ef2ee311 main] metastore.HMSHandler: HMS server filtering is disabled by configuration
2024-05-01T09:23:52,364  INFO [7fb4307c-c174-4b93-8083-b835ef2ee311 main] metastore.RetryingMetaStoreClient: RetryingMetaStoreClient proxy=class org.apache.hadoop.hive.ql.metadata.SessionHiveMetaStoreClient ugi=alex (auth:SIMPLE) retries=1 delay=1 lifetime=0
2024-05-01T09:23:52,368  INFO [7fb4307c-c174-4b93-8083-b835ef2ee311 main] ql.Driver: Semantic Analysis Completed (retrial = false)
2024-05-01T09:23:52,368  INFO [7fb4307c-c174-4b93-8083-b835ef2ee311 main] ql.Driver: Created Hive schema: Schema(fieldSchemas:[FieldSchema(name:database_name, type:string, comment:from deserializer)], properties:null)
2024-05-01T09:23:52,369  INFO [7fb4307c-c174-4b93-8083-b835ef2ee311 main] exec.ListSinkOperator: Initializing Operator: LIST_SINK[0]
2024-05-01T09:23:52,369  INFO [7fb4307c-c174-4b93-8083-b835ef2ee311 main] metadata.Hive: Dumping metastore api call timing information for : compilation phase
2024-05-01T09:23:52,369  INFO [7fb4307c-c174-4b93-8083-b835ef2ee311 main] metadata.Hive: Total time spent in each metastore function (ms): {isCompatibleWith_(Configuration)=0, flushCache_()=0}
2024-05-01T09:23:52,369  INFO [7fb4307c-c174-4b93-8083-b835ef2ee311 main] ql.Driver: Completed compiling command(queryId=alex_20240501092352_367f9388-61dd-45db-8400-7ea5292b3b33); Time taken: 0.011 seconds
2024-05-01T09:23:52,370  INFO [7fb4307c-c174-4b93-8083-b835ef2ee311 main] common.LogUtils: Unregistered logging context.
2024-05-01T09:23:52,371  INFO [HiveServer2-Background-Pool: Thread-561] common.LogUtils: Thread context registration is done.
2024-05-01T09:23:52,371  INFO [HiveServer2-Background-Pool: Thread-561] reexec.ReExecDriver: Execution #1 of query
2024-05-01T09:23:52,371  INFO [HiveServer2-Background-Pool: Thread-561] ql.Driver: Concurrency mode is disabled, not creating a lock manager
2024-05-01T09:23:52,371  INFO [HiveServer2-Background-Pool: Thread-561] ql.Driver: Executing command(queryId=alex_20240501092352_367f9388-61dd-45db-8400-7ea5292b3b33): show databases
2024-05-01T09:23:52,372  INFO [HiveServer2-Background-Pool: Thread-561] ql.Driver: Starting task [Stage-0:DDL] in serial mode
2024-05-01T09:23:52,373  INFO [HiveServer2-Background-Pool: Thread-561] HiveMetaStore.audit: ugi=alex	ip=unknown-ip-addr	cmd=get_databases: @hive#	
2024-05-01T09:23:52,373  INFO [HiveServer2-Background-Pool: Thread-561] metastore.HMSHandler: 26: Opening raw store with implementation class:org.apache.hadoop.hive.metastore.ObjectStore
2024-05-01T09:23:52,374  INFO [HiveServer2-Background-Pool: Thread-561] metastore.ObjectStore: RawStore: org.apache.hadoop.hive.metastore.ObjectStore@74ede0da, with PersistenceManager: null will be shutdown
2024-05-01T09:23:52,374  INFO [HiveServer2-Background-Pool: Thread-561] metastore.ObjectStore: RawStore: org.apache.hadoop.hive.metastore.ObjectStore@74ede0da, with PersistenceManager: org.datanucleus.api.jdo.JDOPersistenceManager@31ef6023 created in the thread with id: 561
2024-05-01T09:23:52,376  INFO [HiveServer2-Background-Pool: Thread-561] metastore.HMSHandler: Created RawStore: org.apache.hadoop.hive.metastore.ObjectStore@74ede0da from thread id: 561
2024-05-01T09:23:52,378  INFO [HiveServer2-Background-Pool: Thread-561] sqlstd.SQLStdHiveAccessController: Created SQLStdHiveAccessController for session context : HiveAuthzSessionContext [sessionString=7fb4307c-c174-4b93-8083-b835ef2ee311, clientType=HIVESERVER2]
2024-05-01T09:23:52,378  INFO [HiveServer2-Background-Pool: Thread-561] exec.DDLTask: Found 3 database(s) matching the SHOW DATABASES statement.
2024-05-01T09:23:52,385  INFO [HiveServer2-Background-Pool: Thread-561] metadata.Hive: Dumping metastore api call timing information for : execution phase
2024-05-01T09:23:52,385  INFO [HiveServer2-Background-Pool: Thread-561] metadata.Hive: Total time spent in each metastore function (ms): {isCompatibleWith_(Configuration)=0, getAllDatabases_()=6}
2024-05-01T09:23:52,385  INFO [HiveServer2-Background-Pool: Thread-561] ql.Driver: Completed executing command(queryId=alex_20240501092352_367f9388-61dd-45db-8400-7ea5292b3b33); Time taken: 0.014 seconds
2024-05-01T09:23:52,386  INFO [HiveServer2-Background-Pool: Thread-561] common.LogUtils: Unregistered logging context.
2024-05-01T09:23:52,388  INFO [7fb4307c-c174-4b93-8083-b835ef2ee311 main] operation.OperationManager: Closing operation: OperationHandle [opType=EXECUTE_STATEMENT, getHandleIdentifier()=df729c94-683e-454f-b711-286cdf6c9766]
2024-05-01T09:23:52,388  INFO [7fb4307c-c174-4b93-8083-b835ef2ee311 main] operation.OperationManager: Removed queryId: alex_20240501092352_367f9388-61dd-45db-8400-7ea5292b3b33 corresponding to operation: OperationHandle [opType=EXECUTE_STATEMENT, getHandleIdentifier()=df729c94-683e-454f-b711-286cdf6c9766] with tag: null
2024-05-01T09:23:52,389  INFO [7fb4307c-c174-4b93-8083-b835ef2ee311 main] ql.Context: Deleting scratch dir: file:/home/alex/Repositories/hive/beeline/target/tmp/alex/7fb4307c-c174-4b93-8083-b835ef2ee311/hive_2024-05-01_09-23-52_357_2636657560408295648-1
2024-05-01T09:23:52,389  INFO [7fb4307c-c174-4b93-8083-b835ef2ee311 main] cleanup.EventualCleanupService: Delete file:/home/alex/Repositories/hive/beeline/target/tmp/alex/7fb4307c-c174-4b93-8083-b835ef2ee311/hive_2024-05-01_09-23-52_357_2636657560408295648-1 operation was queued
2024-05-01T09:23:52,389  INFO [7fb4307c-c174-4b93-8083-b835ef2ee311 main] exec.ListSinkOperator: Closing Operator: LIST_SINK[0]
2024-05-01T09:23:52,389  INFO [7fb4307c-c174-4b93-8083-b835ef2ee311 main] exec.ListSinkOperator: RECORDS_OUT_INTERMEDIATE:0, RECORDS_OUT_OPERATOR_LIST_SINK_0:0, 
2024-05-01T09:23:52,389  INFO [7fb4307c-c174-4b93-8083-b835ef2ee311 main] operation.SQLOperation: Closing operation log /home/alex/Repositories/hive/beeline/target/tmp/alex/operation_logs/7fb4307c-c174-4b93-8083-b835ef2ee311/alex_20240501092352_367f9388-61dd-45db-8400-7ea5292b3b33 without delay
2024-05-01T09:23:52,389  INFO [main] service.CompositeService: Session closed, SessionHandle [7fb4307c-c174-4b93-8083-b835ef2ee311], current sessions:0
2024-05-01T09:23:52,389  INFO [EventualCleanupService thread 0] cleanup.EventualCleanupService: Deleted file:/home/alex/Repositories/hive/beeline/target/tmp/alex/7fb4307c-c174-4b93-8083-b835ef2ee311/hive_2024-05-01_09-23-52_357_2636657560408295648-1
2024-05-01T09:23:52,389  INFO [7fb4307c-c174-4b93-8083-b835ef2ee311 main] session.HiveSessionImpl: Operation log session directory is deleted: /home/alex/Repositories/hive/beeline/target/tmp/alex/operation_logs/7fb4307c-c174-4b93-8083-b835ef2ee311
2024-05-01T09:23:52,389  INFO [main] cleanup.EventualCleanupService: Delete /tmp/hive/alex/7fb4307c-c174-4b93-8083-b835ef2ee311 operation was queued
2024-05-01T09:23:52,389  INFO [main] cleanup.EventualCleanupService: Delete /home/alex/Repositories/hive/beeline/target/tmp/alex/7fb4307c-c174-4b93-8083-b835ef2ee311 operation was queued
2024-05-01T09:23:52,390  INFO [EventualCleanupService thread 2] cleanup.EventualCleanupService: Deleted /home/alex/Repositories/hive/beeline/target/tmp/alex/7fb4307c-c174-4b93-8083-b835ef2ee311
2024-05-01T09:23:52,390  INFO [EventualCleanupService thread 1] cleanup.EventualCleanupService: Deleted /tmp/hive/alex/7fb4307c-c174-4b93-8083-b835ef2ee311
2024-05-01T09:23:52,390  INFO [main] HiveMetaStore.audit: ugi=alex	ip=unknown-ip-addr	cmd=Cleaning up thread local RawStore...	
2024-05-01T09:23:52,390  INFO [main] metastore.ObjectStore: RawStore: org.apache.hadoop.hive.metastore.ObjectStore@57f1a1de, with PersistenceManager: org.datanucleus.api.jdo.JDOPersistenceManager@4a6ef712 will be shutdown
2024-05-01T09:23:52,390  INFO [main] HiveMetaStore.audit: ugi=alex	ip=unknown-ip-addr	cmd=Done cleaning up thread local RawStore	
2024-05-01T09:23:52,390  INFO [main] metastore.HiveMetaStoreClient: Closed a connection to metastore, current connections: -36
2024-05-01T09:23:52,390 ERROR [main] cli.TestHiveCli: Failed due to the error:Connecting to jdbc:hive2://
Hive Session ID = 7c654db7-5dcb-4a8d-97cf-f6428426a03c
ivysettings.xml file not found in HIVE_HOME or HIVE_CONF_DIR,/home/alex/Repositories/hive/conf/ivysettings.xml will be used
ivysettings.xml file not found in HIVE_HOME or HIVE_CONF_DIR,/home/alex/Repositories/hive/conf/ivysettings.xml will be used
Connected to: Apache Hive (version 4.0.0-SNAPSHOT)
Error: Couldn't load manifest attributes. (state=,code=0)
Transaction isolation: TRANSACTION_REPEATABLE_READ
INFO  : Compiling command(queryId=alex_20240501092352_367f9388-61dd-45db-8400-7ea5292b3b33): show databases
INFO  : Semantic Analysis Completed (retrial = false)
INFO  : Created Hive schema: Schema(fieldSchemas:[FieldSchema(name:database_name, type:string, comment:from deserializer)], properties:null)
INFO  : Completed compiling command(queryId=alex_20240501092352_367f9388-61dd-45db-8400-7ea5292b3b33); Time taken: 0.011 seconds
INFO  : Concurrency mode is disabled, not creating a lock manager
INFO  : Executing command(queryId=alex_20240501092352_367f9388-61dd-45db-8400-7ea5292b3b33): show databases
INFO  : Starting task [Stage-0:DDL] in serial mode
DEBUG : Task getting executed using mapred tag : alex_20240501092352_367f9388-61dd-45db-8400-7ea5292b3b33,userid=null
INFO  : Completed executing command(queryId=alex_20240501092352_367f9388-61dd-45db-8400-7ea5292b3b33); Time taken: 0.014 seconds
DEBUG : Shutting down query show databases
Error: Failed to wait for operation to complete (state=08S01,code=0)
Closing: 0: jdbc:hive2://

]]></system-err>
  </testcase>
  <testcase name="testInvalidDatabaseOptions" classname="org.apache.hive.beeline.cli.TestHiveCli" time="0.223"/>
  <testcase name="testVariables" classname="org.apache.hive.beeline.cli.TestHiveCli" time="0.345"/>
  <testcase name="testInvalidOptions" classname="org.apache.hive.beeline.cli.TestHiveCli" time="0.002"/>
  <testcase name="testVariablesForSource" classname="org.apache.hive.beeline.cli.TestHiveCli" time="0.619">
    <failure type="java.lang.AssertionError"><![CDATA[java.lang.AssertionError: Supported return code is 0 while the actual is 2
	at org.junit.Assert.fail(Assert.java:89)
	at org.apache.hive.beeline.cli.TestHiveCli.executeCMD(TestHiveCli.java:256)
	at org.apache.hive.beeline.cli.TestHiveCli.verifyCMD(TestHiveCli.java:266)
	at org.apache.hive.beeline.cli.TestHiveCli.testVariablesForSource(TestHiveCli.java:198)
	at sun.reflect.NativeMethodAccessorImpl.invoke0(Native Method)
	at sun.reflect.NativeMethodAccessorImpl.invoke(NativeMethodAccessorImpl.java:62)
	at sun.reflect.DelegatingMethodAccessorImpl.invoke(DelegatingMethodAccessorImpl.java:43)
	at java.lang.reflect.Method.invoke(Method.java:498)
	at org.junit.runners.model.FrameworkMethod$1.runReflectiveCall(FrameworkMethod.java:59)
	at org.junit.internal.runners.model.ReflectiveCallable.run(ReflectiveCallable.java:12)
	at org.junit.runners.model.FrameworkMethod.invokeExplosively(FrameworkMethod.java:56)
	at org.junit.internal.runners.statements.InvokeMethod.evaluate(InvokeMethod.java:17)
	at org.junit.internal.runners.statements.RunBefores.evaluate(RunBefores.java:26)
	at org.junit.internal.runners.statements.RunAfters.evaluate(RunAfters.java:27)
	at org.junit.runners.ParentRunner$3.evaluate(ParentRunner.java:306)
	at org.junit.runners.BlockJUnit4ClassRunner$1.evaluate(BlockJUnit4ClassRunner.java:100)
	at org.junit.runners.ParentRunner.runLeaf(ParentRunner.java:366)
	at org.junit.runners.BlockJUnit4ClassRunner.runChild(BlockJUnit4ClassRunner.java:103)
	at org.junit.runners.BlockJUnit4ClassRunner.runChild(BlockJUnit4ClassRunner.java:63)
	at org.junit.runners.ParentRunner$4.run(ParentRunner.java:331)
	at org.junit.runners.ParentRunner$1.schedule(ParentRunner.java:79)
	at org.junit.runners.ParentRunner.runChildren(ParentRunner.java:329)
	at org.junit.runners.ParentRunner.access$100(ParentRunner.java:66)
	at org.junit.runners.ParentRunner$2.evaluate(ParentRunner.java:293)
	at org.junit.internal.runners.statements.RunBefores.evaluate(RunBefores.java:26)
	at org.junit.runners.ParentRunner$3.evaluate(ParentRunner.java:306)
	at org.junit.runners.ParentRunner.run(ParentRunner.java:413)
	at org.junit.runner.JUnitCore.run(JUnitCore.java:137)
	at org.junit.runner.JUnitCore.run(JUnitCore.java:115)
	at org.junit.vintage.engine.execution.RunnerExecutor.execute(RunnerExecutor.java:43)
	at java.util.stream.ForEachOps$ForEachOp$OfRef.accept(ForEachOps.java:183)
	at java.util.stream.ReferencePipeline$3$1.accept(ReferencePipeline.java:193)
	at java.util.Iterator.forEachRemaining(Iterator.java:116)
	at java.util.Spliterators$IteratorSpliterator.forEachRemaining(Spliterators.java:1801)
	at java.util.stream.AbstractPipeline.copyInto(AbstractPipeline.java:482)
	at java.util.stream.AbstractPipeline.wrapAndCopyInto(AbstractPipeline.java:472)
	at java.util.stream.ForEachOps$ForEachOp.evaluateSequential(ForEachOps.java:150)
	at java.util.stream.ForEachOps$ForEachOp$OfRef.evaluateSequential(ForEachOps.java:173)
	at java.util.stream.AbstractPipeline.evaluate(AbstractPipeline.java:234)
	at java.util.stream.ReferencePipeline.forEach(ReferencePipeline.java:485)
	at org.junit.vintage.engine.VintageTestEngine.executeAllChildren(VintageTestEngine.java:82)
	at org.junit.vintage.engine.VintageTestEngine.execute(VintageTestEngine.java:73)
	at org.junit.platform.launcher.core.DefaultLauncher.execute(DefaultLauncher.java:248)
	at org.junit.platform.launcher.core.DefaultLauncher.lambda$execute$5(DefaultLauncher.java:211)
	at org.junit.platform.launcher.core.DefaultLauncher.withInterceptedStreams(DefaultLauncher.java:226)
	at org.junit.platform.launcher.core.DefaultLauncher.execute(DefaultLauncher.java:199)
	at org.junit.platform.launcher.core.DefaultLauncher.execute(DefaultLauncher.java:132)
	at org.apache.maven.surefire.junitplatform.JUnitPlatformProvider.invokeAllTests(JUnitPlatformProvider.java:154)
	at org.apache.maven.surefire.junitplatform.JUnitPlatformProvider.invoke(JUnitPlatformProvider.java:123)
	at org.apache.maven.surefire.booter.ForkedBooter.runSuitesInProcess(ForkedBooter.java:377)
	at org.apache.maven.surefire.booter.ForkedBooter.execute(ForkedBooter.java:138)
	at org.apache.maven.surefire.booter.ForkedBooter.run(ForkedBooter.java:465)
	at org.apache.maven.surefire.booter.ForkedBooter.main(ForkedBooter.java:451)
]]></failure>
    <system-err><![CDATA[2024-05-01T09:23:52,961 ERROR [main] cli.TestHiveCli: Failed to execute command due to the error: java.lang.NullPointerException: Null output stream
2024-05-01T09:23:53,012  WARN [main] conf.HiveConf: HiveConf of name hive.dummyparam.test.server.specific.config.override does not exist
2024-05-01T09:23:53,012  WARN [main] conf.HiveConf: HiveConf of name hive.dummyparam.test.server.specific.config.hiveserver2site does not exist
2024-05-01T09:23:53,012  WARN [main] conf.HiveConf: HiveConf of name hive.dummyparam.test.server.specific.config.metastoresite does not exist
2024-05-01T09:23:53,013  INFO [main] SessionState: Hive Session ID = af04fb51-5311-4be9-973b-98c3d5e1053d
2024-05-01T09:23:53,013  INFO [main] DependencyResolver: ivysettings.xml file not found in HIVE_HOME or HIVE_CONF_DIR,/home/alex/Repositories/hive/conf/ivysettings.xml will be used
2024-05-01T09:23:53,022  INFO [main] session.SessionState: Created HDFS directory: /tmp/hive/alex/af04fb51-5311-4be9-973b-98c3d5e1053d
2024-05-01T09:23:53,026  INFO [main] session.SessionState: Created local directory: /home/alex/Repositories/hive/beeline/target/tmp/alex/af04fb51-5311-4be9-973b-98c3d5e1053d
2024-05-01T09:23:53,030  INFO [main] session.SessionState: Created HDFS directory: /tmp/hive/alex/af04fb51-5311-4be9-973b-98c3d5e1053d/_tmp_space.db
2024-05-01T09:23:53,030  INFO [main] sqlstd.SQLStdHiveAccessController: Created SQLStdHiveAccessController for session context : HiveAuthzSessionContext [sessionString=af04fb51-5311-4be9-973b-98c3d5e1053d, clientType=HIVESERVER2]
2024-05-01T09:23:53,031  INFO [main] metastore.HiveMetaStoreClient: HMS client filtering is enabled.
2024-05-01T09:23:53,032  INFO [main] metastore.HMSHandler: 0: Opening raw store with implementation class:org.apache.hadoop.hive.metastore.ObjectStore
2024-05-01T09:23:53,032  INFO [main] metastore.PersistenceManagerProvider: Configuration datanucleus.autoStartMechanismMode is not set. Defaulting to 'ignored'
2024-05-01T09:23:53,032  INFO [main] metastore.ObjectStore: RawStore: org.apache.hadoop.hive.metastore.ObjectStore@3a917017, with PersistenceManager: null will be shutdown
2024-05-01T09:23:53,032  INFO [main] metastore.ObjectStore: RawStore: org.apache.hadoop.hive.metastore.ObjectStore@3a917017, with PersistenceManager: org.datanucleus.api.jdo.JDOPersistenceManager@1ed12d10 created in the thread with id: 1
2024-05-01T09:23:53,034  INFO [main] metastore.HMSHandler: Created RawStore: org.apache.hadoop.hive.metastore.ObjectStore@3a917017 from thread id: 1
2024-05-01T09:23:53,034  INFO [main] metastore.HMSHandler: HMS server filtering is disabled by configuration
2024-05-01T09:23:53,035  INFO [main] metastore.RetryingMetaStoreClient: RetryingMetaStoreClient proxy=class org.apache.hadoop.hive.ql.metadata.SessionHiveMetaStoreClient ugi=alex (auth:SIMPLE) retries=1 delay=1 lifetime=0
2024-05-01T09:23:53,035  INFO [main] service.CompositeService: Operation log root directory is created: /home/alex/Repositories/hive/beeline/target/tmp/alex/operation_logs
2024-05-01T09:23:53,035  INFO [main] service.CompositeService: HiveServer2: Background operation thread pool size: 100
2024-05-01T09:23:53,035  INFO [main] service.CompositeService: HiveServer2: Background operation thread wait queue size: 100
2024-05-01T09:23:53,035  INFO [main] service.CompositeService: HiveServer2: Background operation thread keepalive time: 10 seconds
2024-05-01T09:23:53,035  INFO [main] service.CompositeService: Connections limit are user: 0 ipaddress: 0 user-ipaddress: 0
2024-05-01T09:23:53,037  INFO [main] cleanup.EventualCleanupService: EventualCleanupService started with 10 threads and queue of size 10000
ERROR StatusLogger Log4j2 ConfigurationScheduler attempted to increment scheduled items after start
ERROR StatusLogger Log4j2 ConfigurationScheduler attempted to increment scheduled items after start
2024-05-01T09:23:53,039  INFO [main] service.AbstractService: Service:OperationManager is inited.
2024-05-01T09:23:53,039  INFO [main] service.AbstractService: Service:SessionManager is inited.
2024-05-01T09:23:53,039  INFO [main] service.AbstractService: Service:CLIService is inited.
2024-05-01T09:23:53,039  INFO [main] service.AbstractService: Service:OperationManager is started.
2024-05-01T09:23:53,039  INFO [main] service.AbstractService: Service:SessionManager is started.
2024-05-01T09:23:53,039  INFO [main] service.AbstractService: Service:CLIService is started.
2024-05-01T09:23:53,039  INFO [main] service.AbstractService: Service:ThriftBinaryCLIService is inited.
2024-05-01T09:23:53,039  INFO [main] thrift.ThriftCLIService: Client protocol version: HIVE_CLI_SERVICE_PROTOCOL_V10
2024-05-01T09:23:53,039  INFO [main] thrift.ThriftCLIService: Creating Hive session handle for user [null] from IP null
2024-05-01T09:23:53,040  INFO [main] DependencyResolver: ivysettings.xml file not found in HIVE_HOME or HIVE_CONF_DIR,/home/alex/Repositories/hive/conf/ivysettings.xml will be used
2024-05-01T09:23:53,048  INFO [main] session.SessionState: Created HDFS directory: /tmp/hive/alex/f22f8da6-8d3e-4e31-9a54-810c3312406e
2024-05-01T09:23:53,052  INFO [main] session.SessionState: Created local directory: /home/alex/Repositories/hive/beeline/target/tmp/alex/f22f8da6-8d3e-4e31-9a54-810c3312406e
2024-05-01T09:23:53,055  INFO [main] session.SessionState: Created HDFS directory: /tmp/hive/alex/f22f8da6-8d3e-4e31-9a54-810c3312406e/_tmp_space.db
2024-05-01T09:23:53,056  INFO [main] session.SessionState: Reloading auxiliary JAR files
2024-05-01T09:23:53,056  WARN [main] session.SessionState: Configuration hive.reloadable.aux.jars.path not specified
2024-05-01T09:23:53,056  INFO [main] HiveMetaStore.audit: ugi=alex	ip=unknown-ip-addr	cmd=Cleaning up thread local RawStore...	
2024-05-01T09:23:53,056  INFO [main] metastore.ObjectStore: RawStore: org.apache.hadoop.hive.metastore.ObjectStore@3a917017, with PersistenceManager: org.datanucleus.api.jdo.JDOPersistenceManager@1ed12d10 will be shutdown
2024-05-01T09:23:53,056  INFO [main] HiveMetaStore.audit: ugi=alex	ip=unknown-ip-addr	cmd=Done cleaning up thread local RawStore	
2024-05-01T09:23:53,056  INFO [main] metastore.HiveMetaStoreClient: Closed a connection to metastore, current connections: -40
2024-05-01T09:23:53,056  INFO [main] session.HiveSessionImpl: Operation log session directory is created: /home/alex/Repositories/hive/beeline/target/tmp/alex/operation_logs/f22f8da6-8d3e-4e31-9a54-810c3312406e
2024-05-01T09:23:53,056  INFO [main] service.CompositeService: Session opened, SessionHandle [f22f8da6-8d3e-4e31-9a54-810c3312406e], current sessions:1
2024-05-01T09:23:53,056  INFO [main] thrift.ThriftCLIService: Login attempt is successful for user : null
2024-05-01T09:23:53,104  WARN [main] conf.HiveConf: HiveConf of name hive.dummyparam.test.server.specific.config.override does not exist
2024-05-01T09:23:53,104  WARN [main] conf.HiveConf: HiveConf of name hive.dummyparam.test.server.specific.config.hiveserver2site does not exist
2024-05-01T09:23:53,104  WARN [main] conf.HiveConf: HiveConf of name hive.dummyparam.test.server.specific.config.metastoresite does not exist
2024-05-01T09:23:53,105  INFO [f22f8da6-8d3e-4e31-9a54-810c3312406e main] session.HiveSessionImpl: executing set
2024-05-01T09:23:53,105  INFO [f22f8da6-8d3e-4e31-9a54-810c3312406e main] operation.HiveCommandOperation: Putting temp output to file /home/alex/Repositories/hive/beeline/target/tmp/alex/f22f8da6-8d3e-4e31-9a54-810c3312406e6783897019270515134.pipeout and error output to file /home/alex/Repositories/hive/beeline/target/tmp/alex/f22f8da6-8d3e-4e31-9a54-810c3312406e1685626869188456162.pipeout
2024-05-01T09:23:53,105  INFO [f22f8da6-8d3e-4e31-9a54-810c3312406e main] operation.OperationManager: Adding operation: OperationHandle [opType=EXECUTE_STATEMENT, getHandleIdentifier()=d1ab5289-0a15-461f-b887-b9c5d45cd2f0] SessionHandle [f22f8da6-8d3e-4e31-9a54-810c3312406e]
2024-05-01T09:23:53,106  INFO [f22f8da6-8d3e-4e31-9a54-810c3312406e main] common.LogUtils: Thread context registration is done.
DEBUG StatusLogger Building Plugin[name=filter, class=org.apache.hadoop.hive.ql.log.LogDivertAppender$NameFilter].
DEBUG StatusLogger createFilter(loggingLevel="EXECUTION")
DEBUG StatusLogger Building Plugin[name=layout, class=org.apache.logging.log4j.core.layout.PatternLayout].
DEBUG StatusLogger PatternLayout$Builder(pattern="%-5p : %m%n", PatternSelector=null, Configuration(HiveLog4j2Test), Replace=null, charset="null", alwaysWriteExceptions="null", disableAnsi="null", noConsoleNoAnsi="null", header="null", footer="null")
DEBUG StatusLogger Building Plugin[name=appender, class=org.apache.hadoop.hive.ql.log.HushableRandomAccessFileAppender].
DEBUG StatusLogger createAppender(fileName="/home/alex/Repositories/hive/beeline/target/tmp/alex/operation_logs/f22f8da6-8d3e-4e31-9a54-810c3312406e/alex_20240501092353_51664adc-a363-466e-b3b8-1243727753e1", append="null", name="query-file-appender", immediateFlush="null", bufferSize="null", ignoreExceptions="null", PatternLayout(org.apache.logging.log4j.core.layout.PatternLayout with name PatternLayout), NameFilter(org.apache.hadoop.hive.ql.log.LogDivertAppender$NameFilter with name NameFilter), advertise="null", advertiseURI="null", Configuration(HiveLog4j2Test))
DEBUG StatusLogger Starting RandomAccessFileManager /home/alex/Repositories/hive/beeline/target/tmp/alex/operation_logs/f22f8da6-8d3e-4e31-9a54-810c3312406e/alex_20240501092353_51664adc-a363-466e-b3b8-1243727753e1
DEBUG StatusLogger Building Plugin[name=, class=org.apache.hadoop.hive.ql.log.LogDivertAppenderForTest$TestFilter].
DEBUG StatusLogger createFilter()
DEBUG StatusLogger Building Plugin[name=, class=org.apache.logging.log4j.core.layout.PatternLayout].
DEBUG StatusLogger PatternLayout$Builder(pattern="%-5p : %m%n", PatternSelector=null, Configuration(HiveLog4j2Test), Replace=null, charset="null", alwaysWriteExceptions="null", disableAnsi="null", noConsoleNoAnsi="null", header="null", footer="null")
DEBUG StatusLogger Building Plugin[name=appender, class=org.apache.hadoop.hive.ql.log.HushableRandomAccessFileAppender].
DEBUG StatusLogger createAppender(fileName="/home/alex/Repositories/hive/beeline/target/tmp/alex/operation_logs/f22f8da6-8d3e-4e31-9a54-810c3312406e/alex_20240501092353_51664adc-a363-466e-b3b8-1243727753e1.test", append="null", name="test-query-file-appender", immediateFlush="null", bufferSize="null", ignoreExceptions="null", PatternLayout(org.apache.logging.log4j.core.layout.PatternLayout with name PatternLayout), test-filter(org.apache.hadoop.hive.ql.log.LogDivertAppenderForTest$TestFilter with name test-filter), advertise="null", advertiseURI="null", Configuration(HiveLog4j2Test))
DEBUG StatusLogger Starting RandomAccessFileManager /home/alex/Repositories/hive/beeline/target/tmp/alex/operation_logs/f22f8da6-8d3e-4e31-9a54-810c3312406e/alex_20240501092353_51664adc-a363-466e-b3b8-1243727753e1.test
2024-05-01T09:23:53,110  INFO [f22f8da6-8d3e-4e31-9a54-810c3312406e main] operation.HiveCommandOperation: [opType=EXECUTE_STATEMENT, queryId=alex_20240501092353_51664adc-a363-466e-b3b8-1243727753e1, startTime=1714580633105, sessionId=f22f8da6-8d3e-4e31-9a54-810c3312406e, createTime=1714580633039, userName=null, ipAddress=null]
2024-05-01T09:23:53,118  INFO [f22f8da6-8d3e-4e31-9a54-810c3312406e main] common.LogUtils: Unregistered logging context.
2024-05-01T09:23:53,121  INFO [f22f8da6-8d3e-4e31-9a54-810c3312406e main] operation.OperationManager: Closing operation: OperationHandle [opType=EXECUTE_STATEMENT, getHandleIdentifier()=d1ab5289-0a15-461f-b887-b9c5d45cd2f0]
2024-05-01T09:23:53,121  INFO [f22f8da6-8d3e-4e31-9a54-810c3312406e main] operation.OperationManager: Removed queryId: alex_20240501092353_51664adc-a363-466e-b3b8-1243727753e1 corresponding to operation: OperationHandle [opType=EXECUTE_STATEMENT, getHandleIdentifier()=d1ab5289-0a15-461f-b887-b9c5d45cd2f0] with tag: null
2024-05-01T09:23:53,122  INFO [f22f8da6-8d3e-4e31-9a54-810c3312406e main] operation.HiveCommandOperation: Closing operation log /home/alex/Repositories/hive/beeline/target/tmp/alex/operation_logs/f22f8da6-8d3e-4e31-9a54-810c3312406e/alex_20240501092353_51664adc-a363-466e-b3b8-1243727753e1 without delay
2024-05-01T09:23:53,124  INFO [f22f8da6-8d3e-4e31-9a54-810c3312406e main] session.HiveSessionImpl: executing use test
2024-05-01T09:23:53,125  INFO [f22f8da6-8d3e-4e31-9a54-810c3312406e main] operation.OperationManager: Adding operation: OperationHandle [opType=EXECUTE_STATEMENT, getHandleIdentifier()=84a9e6ee-5753-4ea2-a908-1103d8e1d2b6] SessionHandle [f22f8da6-8d3e-4e31-9a54-810c3312406e]
2024-05-01T09:23:53,125  INFO [f22f8da6-8d3e-4e31-9a54-810c3312406e main] common.LogUtils: Thread context registration is done.
DEBUG StatusLogger Building Plugin[name=filter, class=org.apache.hadoop.hive.ql.log.LogDivertAppender$NameFilter].
DEBUG StatusLogger createFilter(loggingLevel="EXECUTION")
DEBUG StatusLogger Building Plugin[name=layout, class=org.apache.logging.log4j.core.layout.PatternLayout].
DEBUG StatusLogger PatternLayout$Builder(pattern="%-5p : %m%n", PatternSelector=null, Configuration(HiveLog4j2Test), Replace=null, charset="null", alwaysWriteExceptions="null", disableAnsi="null", noConsoleNoAnsi="null", header="null", footer="null")
DEBUG StatusLogger Building Plugin[name=appender, class=org.apache.hadoop.hive.ql.log.HushableRandomAccessFileAppender].
DEBUG StatusLogger createAppender(fileName="/home/alex/Repositories/hive/beeline/target/tmp/alex/operation_logs/f22f8da6-8d3e-4e31-9a54-810c3312406e/alex_20240501092353_6f36a79b-78e0-49d8-bb50-a557095c7621", append="null", name="query-file-appender", immediateFlush="null", bufferSize="null", ignoreExceptions="null", PatternLayout(org.apache.logging.log4j.core.layout.PatternLayout with name PatternLayout), NameFilter(org.apache.hadoop.hive.ql.log.LogDivertAppender$NameFilter with name NameFilter), advertise="null", advertiseURI="null", Configuration(HiveLog4j2Test))
DEBUG StatusLogger Starting RandomAccessFileManager /home/alex/Repositories/hive/beeline/target/tmp/alex/operation_logs/f22f8da6-8d3e-4e31-9a54-810c3312406e/alex_20240501092353_6f36a79b-78e0-49d8-bb50-a557095c7621
DEBUG StatusLogger Building Plugin[name=, class=org.apache.hadoop.hive.ql.log.LogDivertAppenderForTest$TestFilter].
DEBUG StatusLogger createFilter()
DEBUG StatusLogger Building Plugin[name=, class=org.apache.logging.log4j.core.layout.PatternLayout].
DEBUG StatusLogger PatternLayout$Builder(pattern="%-5p : %m%n", PatternSelector=null, Configuration(HiveLog4j2Test), Replace=null, charset="null", alwaysWriteExceptions="null", disableAnsi="null", noConsoleNoAnsi="null", header="null", footer="null")
DEBUG StatusLogger Building Plugin[name=appender, class=org.apache.hadoop.hive.ql.log.HushableRandomAccessFileAppender].
DEBUG StatusLogger createAppender(fileName="/home/alex/Repositories/hive/beeline/target/tmp/alex/operation_logs/f22f8da6-8d3e-4e31-9a54-810c3312406e/alex_20240501092353_6f36a79b-78e0-49d8-bb50-a557095c7621.test", append="null", name="test-query-file-appender", immediateFlush="null", bufferSize="null", ignoreExceptions="null", PatternLayout(org.apache.logging.log4j.core.layout.PatternLayout with name PatternLayout), test-filter(org.apache.hadoop.hive.ql.log.LogDivertAppenderForTest$TestFilter with name test-filter), advertise="null", advertiseURI="null", Configuration(HiveLog4j2Test))
DEBUG StatusLogger Starting RandomAccessFileManager /home/alex/Repositories/hive/beeline/target/tmp/alex/operation_logs/f22f8da6-8d3e-4e31-9a54-810c3312406e/alex_20240501092353_6f36a79b-78e0-49d8-bb50-a557095c7621.test
2024-05-01T09:23:53,128  INFO [f22f8da6-8d3e-4e31-9a54-810c3312406e main] operation.SQLOperation: [opType=EXECUTE_STATEMENT, queryId=alex_20240501092353_6f36a79b-78e0-49d8-bb50-a557095c7621, startTime=1714580633125, sessionId=f22f8da6-8d3e-4e31-9a54-810c3312406e, createTime=1714580633039, userName=null, ipAddress=null]
2024-05-01T09:23:53,129  INFO [f22f8da6-8d3e-4e31-9a54-810c3312406e main] ql.Driver: Compiling command(queryId=alex_20240501092353_6f36a79b-78e0-49d8-bb50-a557095c7621): use test
2024-05-01T09:23:53,130  INFO [f22f8da6-8d3e-4e31-9a54-810c3312406e main] metastore.HiveMetaStoreClient: HMS client filtering is enabled.
2024-05-01T09:23:53,130  INFO [f22f8da6-8d3e-4e31-9a54-810c3312406e main] metastore.HMSHandler: 0: Opening raw store with implementation class:org.apache.hadoop.hive.metastore.ObjectStore
2024-05-01T09:23:53,130  INFO [f22f8da6-8d3e-4e31-9a54-810c3312406e main] metastore.PersistenceManagerProvider: Configuration datanucleus.autoStartMechanismMode is not set. Defaulting to 'ignored'
2024-05-01T09:23:53,131  INFO [f22f8da6-8d3e-4e31-9a54-810c3312406e main] metastore.ObjectStore: RawStore: org.apache.hadoop.hive.metastore.ObjectStore@1cfa7ee0, with PersistenceManager: null will be shutdown
2024-05-01T09:23:53,131  INFO [f22f8da6-8d3e-4e31-9a54-810c3312406e main] metastore.ObjectStore: RawStore: org.apache.hadoop.hive.metastore.ObjectStore@1cfa7ee0, with PersistenceManager: org.datanucleus.api.jdo.JDOPersistenceManager@612290d created in the thread with id: 1
2024-05-01T09:23:53,133  INFO [f22f8da6-8d3e-4e31-9a54-810c3312406e main] metastore.HMSHandler: Created RawStore: org.apache.hadoop.hive.metastore.ObjectStore@1cfa7ee0 from thread id: 1
2024-05-01T09:23:53,133  INFO [f22f8da6-8d3e-4e31-9a54-810c3312406e main] metastore.HMSHandler: HMS server filtering is disabled by configuration
2024-05-01T09:23:53,133  INFO [f22f8da6-8d3e-4e31-9a54-810c3312406e main] metastore.RetryingMetaStoreClient: RetryingMetaStoreClient proxy=class org.apache.hadoop.hive.ql.metadata.SessionHiveMetaStoreClient ugi=alex (auth:SIMPLE) retries=1 delay=1 lifetime=0
2024-05-01T09:23:53,134  INFO [f22f8da6-8d3e-4e31-9a54-810c3312406e main] HiveMetaStore.audit: ugi=alex	ip=unknown-ip-addr	cmd=get_database: test	
2024-05-01T09:23:53,134  INFO [f22f8da6-8d3e-4e31-9a54-810c3312406e main] ql.Driver: Semantic Analysis Completed (retrial = false)
2024-05-01T09:23:53,135  INFO [f22f8da6-8d3e-4e31-9a54-810c3312406e main] ql.Driver: Created Hive schema: Schema(fieldSchemas:null, properties:null)
2024-05-01T09:23:53,135  INFO [f22f8da6-8d3e-4e31-9a54-810c3312406e main] metadata.Hive: Dumping metastore api call timing information for : compilation phase
2024-05-01T09:23:53,135  INFO [f22f8da6-8d3e-4e31-9a54-810c3312406e main] metadata.Hive: Total time spent in each metastore function (ms): {isCompatibleWith_(Configuration)=0, getDatabase_(String)=1, flushCache_()=0}
2024-05-01T09:23:53,135  INFO [f22f8da6-8d3e-4e31-9a54-810c3312406e main] ql.Driver: Completed compiling command(queryId=alex_20240501092353_6f36a79b-78e0-49d8-bb50-a557095c7621); Time taken: 0.006 seconds
2024-05-01T09:23:53,135  INFO [f22f8da6-8d3e-4e31-9a54-810c3312406e main] common.LogUtils: Unregistered logging context.
2024-05-01T09:23:53,136  INFO [HiveServer2-Background-Pool: Thread-637] common.LogUtils: Thread context registration is done.
2024-05-01T09:23:53,136  INFO [HiveServer2-Background-Pool: Thread-637] reexec.ReExecDriver: Execution #1 of query
2024-05-01T09:23:53,137  INFO [HiveServer2-Background-Pool: Thread-637] ql.Driver: Concurrency mode is disabled, not creating a lock manager
2024-05-01T09:23:53,137  INFO [HiveServer2-Background-Pool: Thread-637] ql.Driver: Executing command(queryId=alex_20240501092353_6f36a79b-78e0-49d8-bb50-a557095c7621): use test
2024-05-01T09:23:53,138  INFO [HiveServer2-Background-Pool: Thread-637] ql.Driver: Starting task [Stage-0:DDL] in serial mode
2024-05-01T09:23:53,138  INFO [HiveServer2-Background-Pool: Thread-637] HiveMetaStore.audit: ugi=alex	ip=unknown-ip-addr	cmd=get_database: test	
2024-05-01T09:23:53,139  INFO [HiveServer2-Background-Pool: Thread-637] metastore.HMSHandler: 28: Opening raw store with implementation class:org.apache.hadoop.hive.metastore.ObjectStore
2024-05-01T09:23:53,139  INFO [HiveServer2-Background-Pool: Thread-637] metastore.ObjectStore: RawStore: org.apache.hadoop.hive.metastore.ObjectStore@3e73904e, with PersistenceManager: null will be shutdown
2024-05-01T09:23:53,140  INFO [HiveServer2-Background-Pool: Thread-637] metastore.ObjectStore: RawStore: org.apache.hadoop.hive.metastore.ObjectStore@3e73904e, with PersistenceManager: org.datanucleus.api.jdo.JDOPersistenceManager@7b7109e4 created in the thread with id: 637
2024-05-01T09:23:53,142  INFO [HiveServer2-Background-Pool: Thread-637] metastore.HMSHandler: Created RawStore: org.apache.hadoop.hive.metastore.ObjectStore@3e73904e from thread id: 637
2024-05-01T09:23:53,143  INFO [HiveServer2-Background-Pool: Thread-637] HiveMetaStore.audit: ugi=alex	ip=unknown-ip-addr	cmd=get_database: test	
2024-05-01T09:23:53,144  INFO [HiveServer2-Background-Pool: Thread-637] metadata.Hive: Dumping metastore api call timing information for : execution phase
2024-05-01T09:23:53,144  INFO [HiveServer2-Background-Pool: Thread-637] metadata.Hive: Total time spent in each metastore function (ms): {isCompatibleWith_(Configuration)=0, getDatabase_(String)=6}
2024-05-01T09:23:53,144  INFO [HiveServer2-Background-Pool: Thread-637] ql.Driver: Completed executing command(queryId=alex_20240501092353_6f36a79b-78e0-49d8-bb50-a557095c7621); Time taken: 0.007 seconds
2024-05-01T09:23:53,145  INFO [HiveServer2-Background-Pool: Thread-637] common.LogUtils: Unregistered logging context.
2024-05-01T09:23:53,150  INFO [f22f8da6-8d3e-4e31-9a54-810c3312406e main] operation.OperationManager: Closing operation: OperationHandle [opType=EXECUTE_STATEMENT, getHandleIdentifier()=84a9e6ee-5753-4ea2-a908-1103d8e1d2b6]
2024-05-01T09:23:53,150  INFO [f22f8da6-8d3e-4e31-9a54-810c3312406e main] operation.OperationManager: Removed queryId: alex_20240501092353_6f36a79b-78e0-49d8-bb50-a557095c7621 corresponding to operation: OperationHandle [opType=EXECUTE_STATEMENT, getHandleIdentifier()=84a9e6ee-5753-4ea2-a908-1103d8e1d2b6] with tag: null
2024-05-01T09:23:53,150  INFO [f22f8da6-8d3e-4e31-9a54-810c3312406e main] operation.SQLOperation: Closing operation log /home/alex/Repositories/hive/beeline/target/tmp/alex/operation_logs/f22f8da6-8d3e-4e31-9a54-810c3312406e/alex_20240501092353_6f36a79b-78e0-49d8-bb50-a557095c7621 without delay
2024-05-01T09:23:53,155  INFO [f22f8da6-8d3e-4e31-9a54-810c3312406e main] session.HiveSessionImpl: executing set hiveconf:zzz=/home/alex/Repositories/hive/beeline/target/tmp/test2085156708845158100.sql
2024-05-01T09:23:53,156  INFO [f22f8da6-8d3e-4e31-9a54-810c3312406e main] operation.HiveCommandOperation: Putting temp output to file /home/alex/Repositories/hive/beeline/target/tmp/alex/f22f8da6-8d3e-4e31-9a54-810c3312406e6783897019270515134.pipeout and error output to file /home/alex/Repositories/hive/beeline/target/tmp/alex/f22f8da6-8d3e-4e31-9a54-810c3312406e1685626869188456162.pipeout
2024-05-01T09:23:53,156  INFO [f22f8da6-8d3e-4e31-9a54-810c3312406e main] operation.OperationManager: Adding operation: OperationHandle [opType=EXECUTE_STATEMENT, getHandleIdentifier()=67052ddb-0201-47cd-aab3-21147dd35e48] SessionHandle [f22f8da6-8d3e-4e31-9a54-810c3312406e]
2024-05-01T09:23:53,156  INFO [f22f8da6-8d3e-4e31-9a54-810c3312406e main] common.LogUtils: Thread context registration is done.
DEBUG StatusLogger Building Plugin[name=filter, class=org.apache.hadoop.hive.ql.log.LogDivertAppender$NameFilter].
DEBUG StatusLogger createFilter(loggingLevel="EXECUTION")
DEBUG StatusLogger Building Plugin[name=layout, class=org.apache.logging.log4j.core.layout.PatternLayout].
DEBUG StatusLogger PatternLayout$Builder(pattern="%-5p : %m%n", PatternSelector=null, Configuration(HiveLog4j2Test), Replace=null, charset="null", alwaysWriteExceptions="null", disableAnsi="null", noConsoleNoAnsi="null", header="null", footer="null")
DEBUG StatusLogger Building Plugin[name=appender, class=org.apache.hadoop.hive.ql.log.HushableRandomAccessFileAppender].
DEBUG StatusLogger createAppender(fileName="/home/alex/Repositories/hive/beeline/target/tmp/alex/operation_logs/f22f8da6-8d3e-4e31-9a54-810c3312406e/alex_20240501092353_c569405a-7b1d-4802-b0ee-d27201b00069", append="null", name="query-file-appender", immediateFlush="null", bufferSize="null", ignoreExceptions="null", PatternLayout(org.apache.logging.log4j.core.layout.PatternLayout with name PatternLayout), NameFilter(org.apache.hadoop.hive.ql.log.LogDivertAppender$NameFilter with name NameFilter), advertise="null", advertiseURI="null", Configuration(HiveLog4j2Test))
DEBUG StatusLogger Starting RandomAccessFileManager /home/alex/Repositories/hive/beeline/target/tmp/alex/operation_logs/f22f8da6-8d3e-4e31-9a54-810c3312406e/alex_20240501092353_c569405a-7b1d-4802-b0ee-d27201b00069
DEBUG StatusLogger Building Plugin[name=, class=org.apache.hadoop.hive.ql.log.LogDivertAppenderForTest$TestFilter].
DEBUG StatusLogger createFilter()
DEBUG StatusLogger Building Plugin[name=, class=org.apache.logging.log4j.core.layout.PatternLayout].
DEBUG StatusLogger PatternLayout$Builder(pattern="%-5p : %m%n", PatternSelector=null, Configuration(HiveLog4j2Test), Replace=null, charset="null", alwaysWriteExceptions="null", disableAnsi="null", noConsoleNoAnsi="null", header="null", footer="null")
DEBUG StatusLogger Building Plugin[name=appender, class=org.apache.hadoop.hive.ql.log.HushableRandomAccessFileAppender].
DEBUG StatusLogger createAppender(fileName="/home/alex/Repositories/hive/beeline/target/tmp/alex/operation_logs/f22f8da6-8d3e-4e31-9a54-810c3312406e/alex_20240501092353_c569405a-7b1d-4802-b0ee-d27201b00069.test", append="null", name="test-query-file-appender", immediateFlush="null", bufferSize="null", ignoreExceptions="null", PatternLayout(org.apache.logging.log4j.core.layout.PatternLayout with name PatternLayout), test-filter(org.apache.hadoop.hive.ql.log.LogDivertAppenderForTest$TestFilter with name test-filter), advertise="null", advertiseURI="null", Configuration(HiveLog4j2Test))
DEBUG StatusLogger Starting RandomAccessFileManager /home/alex/Repositories/hive/beeline/target/tmp/alex/operation_logs/f22f8da6-8d3e-4e31-9a54-810c3312406e/alex_20240501092353_c569405a-7b1d-4802-b0ee-d27201b00069.test
2024-05-01T09:23:53,159  INFO [f22f8da6-8d3e-4e31-9a54-810c3312406e main] operation.HiveCommandOperation: [opType=EXECUTE_STATEMENT, queryId=alex_20240501092353_c569405a-7b1d-4802-b0ee-d27201b00069, startTime=1714580633156, sessionId=f22f8da6-8d3e-4e31-9a54-810c3312406e, createTime=1714580633039, userName=null, ipAddress=null]
2024-05-01T09:23:53,160  INFO [f22f8da6-8d3e-4e31-9a54-810c3312406e main] common.LogUtils: Unregistered logging context.
2024-05-01T09:23:53,162  INFO [f22f8da6-8d3e-4e31-9a54-810c3312406e main] operation.OperationManager: Closing operation: OperationHandle [opType=EXECUTE_STATEMENT, getHandleIdentifier()=67052ddb-0201-47cd-aab3-21147dd35e48]
2024-05-01T09:23:53,162  INFO [f22f8da6-8d3e-4e31-9a54-810c3312406e main] operation.OperationManager: Removed queryId: alex_20240501092353_c569405a-7b1d-4802-b0ee-d27201b00069 corresponding to operation: OperationHandle [opType=EXECUTE_STATEMENT, getHandleIdentifier()=67052ddb-0201-47cd-aab3-21147dd35e48] with tag: null
2024-05-01T09:23:53,162  INFO [f22f8da6-8d3e-4e31-9a54-810c3312406e main] operation.HiveCommandOperation: Closing operation log /home/alex/Repositories/hive/beeline/target/tmp/alex/operation_logs/f22f8da6-8d3e-4e31-9a54-810c3312406e/alex_20240501092353_c569405a-7b1d-4802-b0ee-d27201b00069 without delay
2024-05-01T09:23:53,210  WARN [main] conf.HiveConf: HiveConf of name hive.dummyparam.test.server.specific.config.override does not exist
2024-05-01T09:23:53,210  WARN [main] conf.HiveConf: HiveConf of name hive.dummyparam.test.server.specific.config.hiveserver2site does not exist
2024-05-01T09:23:53,210  WARN [main] conf.HiveConf: HiveConf of name hive.dummyparam.test.server.specific.config.metastoresite does not exist
2024-05-01T09:23:53,210  INFO [f22f8da6-8d3e-4e31-9a54-810c3312406e main] session.HiveSessionImpl: executing set
2024-05-01T09:23:53,210  INFO [f22f8da6-8d3e-4e31-9a54-810c3312406e main] operation.HiveCommandOperation: Putting temp output to file /home/alex/Repositories/hive/beeline/target/tmp/alex/f22f8da6-8d3e-4e31-9a54-810c3312406e6783897019270515134.pipeout and error output to file /home/alex/Repositories/hive/beeline/target/tmp/alex/f22f8da6-8d3e-4e31-9a54-810c3312406e1685626869188456162.pipeout
2024-05-01T09:23:53,211  INFO [f22f8da6-8d3e-4e31-9a54-810c3312406e main] operation.OperationManager: Adding operation: OperationHandle [opType=EXECUTE_STATEMENT, getHandleIdentifier()=7c2a430e-e60e-460f-9ee7-a3afac544f73] SessionHandle [f22f8da6-8d3e-4e31-9a54-810c3312406e]
2024-05-01T09:23:53,211  INFO [f22f8da6-8d3e-4e31-9a54-810c3312406e main] common.LogUtils: Thread context registration is done.
DEBUG StatusLogger Building Plugin[name=filter, class=org.apache.hadoop.hive.ql.log.LogDivertAppender$NameFilter].
DEBUG StatusLogger createFilter(loggingLevel="EXECUTION")
DEBUG StatusLogger Building Plugin[name=layout, class=org.apache.logging.log4j.core.layout.PatternLayout].
DEBUG StatusLogger PatternLayout$Builder(pattern="%-5p : %m%n", PatternSelector=null, Configuration(HiveLog4j2Test), Replace=null, charset="null", alwaysWriteExceptions="null", disableAnsi="null", noConsoleNoAnsi="null", header="null", footer="null")
DEBUG StatusLogger Building Plugin[name=appender, class=org.apache.hadoop.hive.ql.log.HushableRandomAccessFileAppender].
DEBUG StatusLogger createAppender(fileName="/home/alex/Repositories/hive/beeline/target/tmp/alex/operation_logs/f22f8da6-8d3e-4e31-9a54-810c3312406e/alex_20240501092353_a25b8478-09b4-4d3a-b249-30d7474aeb46", append="null", name="query-file-appender", immediateFlush="null", bufferSize="null", ignoreExceptions="null", PatternLayout(org.apache.logging.log4j.core.layout.PatternLayout with name PatternLayout), NameFilter(org.apache.hadoop.hive.ql.log.LogDivertAppender$NameFilter with name NameFilter), advertise="null", advertiseURI="null", Configuration(HiveLog4j2Test))
DEBUG StatusLogger Starting RandomAccessFileManager /home/alex/Repositories/hive/beeline/target/tmp/alex/operation_logs/f22f8da6-8d3e-4e31-9a54-810c3312406e/alex_20240501092353_a25b8478-09b4-4d3a-b249-30d7474aeb46
DEBUG StatusLogger Building Plugin[name=, class=org.apache.hadoop.hive.ql.log.LogDivertAppenderForTest$TestFilter].
DEBUG StatusLogger createFilter()
DEBUG StatusLogger Building Plugin[name=, class=org.apache.logging.log4j.core.layout.PatternLayout].
DEBUG StatusLogger PatternLayout$Builder(pattern="%-5p : %m%n", PatternSelector=null, Configuration(HiveLog4j2Test), Replace=null, charset="null", alwaysWriteExceptions="null", disableAnsi="null", noConsoleNoAnsi="null", header="null", footer="null")
DEBUG StatusLogger Building Plugin[name=appender, class=org.apache.hadoop.hive.ql.log.HushableRandomAccessFileAppender].
DEBUG StatusLogger createAppender(fileName="/home/alex/Repositories/hive/beeline/target/tmp/alex/operation_logs/f22f8da6-8d3e-4e31-9a54-810c3312406e/alex_20240501092353_a25b8478-09b4-4d3a-b249-30d7474aeb46.test", append="null", name="test-query-file-appender", immediateFlush="null", bufferSize="null", ignoreExceptions="null", PatternLayout(org.apache.logging.log4j.core.layout.PatternLayout with name PatternLayout), test-filter(org.apache.hadoop.hive.ql.log.LogDivertAppenderForTest$TestFilter with name test-filter), advertise="null", advertiseURI="null", Configuration(HiveLog4j2Test))
DEBUG StatusLogger Starting RandomAccessFileManager /home/alex/Repositories/hive/beeline/target/tmp/alex/operation_logs/f22f8da6-8d3e-4e31-9a54-810c3312406e/alex_20240501092353_a25b8478-09b4-4d3a-b249-30d7474aeb46.test
2024-05-01T09:23:53,214  INFO [f22f8da6-8d3e-4e31-9a54-810c3312406e main] operation.HiveCommandOperation: [opType=EXECUTE_STATEMENT, queryId=alex_20240501092353_a25b8478-09b4-4d3a-b249-30d7474aeb46, startTime=1714580633210, sessionId=f22f8da6-8d3e-4e31-9a54-810c3312406e, createTime=1714580633039, userName=null, ipAddress=null]
2024-05-01T09:23:53,221  INFO [f22f8da6-8d3e-4e31-9a54-810c3312406e main] common.LogUtils: Unregistered logging context.
2024-05-01T09:23:53,224  INFO [f22f8da6-8d3e-4e31-9a54-810c3312406e main] operation.OperationManager: Closing operation: OperationHandle [opType=EXECUTE_STATEMENT, getHandleIdentifier()=7c2a430e-e60e-460f-9ee7-a3afac544f73]
2024-05-01T09:23:53,224  INFO [f22f8da6-8d3e-4e31-9a54-810c3312406e main] operation.OperationManager: Removed queryId: alex_20240501092353_a25b8478-09b4-4d3a-b249-30d7474aeb46 corresponding to operation: OperationHandle [opType=EXECUTE_STATEMENT, getHandleIdentifier()=7c2a430e-e60e-460f-9ee7-a3afac544f73] with tag: null
2024-05-01T09:23:53,225  INFO [f22f8da6-8d3e-4e31-9a54-810c3312406e main] operation.HiveCommandOperation: Closing operation log /home/alex/Repositories/hive/beeline/target/tmp/alex/operation_logs/f22f8da6-8d3e-4e31-9a54-810c3312406e/alex_20240501092353_a25b8478-09b4-4d3a-b249-30d7474aeb46 without delay
2024-05-01T09:23:53,279  WARN [main] conf.HiveConf: HiveConf of name hive.dummyparam.test.server.specific.config.override does not exist
2024-05-01T09:23:53,280  WARN [main] conf.HiveConf: HiveConf of name hive.dummyparam.test.server.specific.config.hiveserver2site does not exist
2024-05-01T09:23:53,280  WARN [main] conf.HiveConf: HiveConf of name hive.dummyparam.test.server.specific.config.metastoresite does not exist
2024-05-01T09:23:53,280  INFO [f22f8da6-8d3e-4e31-9a54-810c3312406e main] session.HiveSessionImpl: executing set
2024-05-01T09:23:53,280  INFO [f22f8da6-8d3e-4e31-9a54-810c3312406e main] operation.HiveCommandOperation: Putting temp output to file /home/alex/Repositories/hive/beeline/target/tmp/alex/f22f8da6-8d3e-4e31-9a54-810c3312406e6783897019270515134.pipeout and error output to file /home/alex/Repositories/hive/beeline/target/tmp/alex/f22f8da6-8d3e-4e31-9a54-810c3312406e1685626869188456162.pipeout
2024-05-01T09:23:53,280  INFO [f22f8da6-8d3e-4e31-9a54-810c3312406e main] operation.OperationManager: Adding operation: OperationHandle [opType=EXECUTE_STATEMENT, getHandleIdentifier()=e8e8bdea-c97d-4d28-bc01-e9ab5ee1360d] SessionHandle [f22f8da6-8d3e-4e31-9a54-810c3312406e]
2024-05-01T09:23:53,280  INFO [f22f8da6-8d3e-4e31-9a54-810c3312406e main] common.LogUtils: Thread context registration is done.
DEBUG StatusLogger Building Plugin[name=filter, class=org.apache.hadoop.hive.ql.log.LogDivertAppender$NameFilter].
DEBUG StatusLogger createFilter(loggingLevel="EXECUTION")
DEBUG StatusLogger Building Plugin[name=layout, class=org.apache.logging.log4j.core.layout.PatternLayout].
DEBUG StatusLogger PatternLayout$Builder(pattern="%-5p : %m%n", PatternSelector=null, Configuration(HiveLog4j2Test), Replace=null, charset="null", alwaysWriteExceptions="null", disableAnsi="null", noConsoleNoAnsi="null", header="null", footer="null")
DEBUG StatusLogger Building Plugin[name=appender, class=org.apache.hadoop.hive.ql.log.HushableRandomAccessFileAppender].
DEBUG StatusLogger createAppender(fileName="/home/alex/Repositories/hive/beeline/target/tmp/alex/operation_logs/f22f8da6-8d3e-4e31-9a54-810c3312406e/alex_20240501092353_259b03ff-d008-475e-af06-062b367e48c8", append="null", name="query-file-appender", immediateFlush="null", bufferSize="null", ignoreExceptions="null", PatternLayout(org.apache.logging.log4j.core.layout.PatternLayout with name PatternLayout), NameFilter(org.apache.hadoop.hive.ql.log.LogDivertAppender$NameFilter with name NameFilter), advertise="null", advertiseURI="null", Configuration(HiveLog4j2Test))
DEBUG StatusLogger Starting RandomAccessFileManager /home/alex/Repositories/hive/beeline/target/tmp/alex/operation_logs/f22f8da6-8d3e-4e31-9a54-810c3312406e/alex_20240501092353_259b03ff-d008-475e-af06-062b367e48c8
DEBUG StatusLogger Building Plugin[name=, class=org.apache.hadoop.hive.ql.log.LogDivertAppenderForTest$TestFilter].
DEBUG StatusLogger createFilter()
DEBUG StatusLogger Building Plugin[name=, class=org.apache.logging.log4j.core.layout.PatternLayout].
DEBUG StatusLogger PatternLayout$Builder(pattern="%-5p : %m%n", PatternSelector=null, Configuration(HiveLog4j2Test), Replace=null, charset="null", alwaysWriteExceptions="null", disableAnsi="null", noConsoleNoAnsi="null", header="null", footer="null")
DEBUG StatusLogger Building Plugin[name=appender, class=org.apache.hadoop.hive.ql.log.HushableRandomAccessFileAppender].
DEBUG StatusLogger createAppender(fileName="/home/alex/Repositories/hive/beeline/target/tmp/alex/operation_logs/f22f8da6-8d3e-4e31-9a54-810c3312406e/alex_20240501092353_259b03ff-d008-475e-af06-062b367e48c8.test", append="null", name="test-query-file-appender", immediateFlush="null", bufferSize="null", ignoreExceptions="null", PatternLayout(org.apache.logging.log4j.core.layout.PatternLayout with name PatternLayout), test-filter(org.apache.hadoop.hive.ql.log.LogDivertAppenderForTest$TestFilter with name test-filter), advertise="null", advertiseURI="null", Configuration(HiveLog4j2Test))
DEBUG StatusLogger Starting RandomAccessFileManager /home/alex/Repositories/hive/beeline/target/tmp/alex/operation_logs/f22f8da6-8d3e-4e31-9a54-810c3312406e/alex_20240501092353_259b03ff-d008-475e-af06-062b367e48c8.test
2024-05-01T09:23:53,283  INFO [f22f8da6-8d3e-4e31-9a54-810c3312406e main] operation.HiveCommandOperation: [opType=EXECUTE_STATEMENT, queryId=alex_20240501092353_259b03ff-d008-475e-af06-062b367e48c8, startTime=1714580633280, sessionId=f22f8da6-8d3e-4e31-9a54-810c3312406e, createTime=1714580633039, userName=null, ipAddress=null]
2024-05-01T09:23:53,291  INFO [f22f8da6-8d3e-4e31-9a54-810c3312406e main] common.LogUtils: Unregistered logging context.
2024-05-01T09:23:53,295  INFO [f22f8da6-8d3e-4e31-9a54-810c3312406e main] operation.OperationManager: Closing operation: OperationHandle [opType=EXECUTE_STATEMENT, getHandleIdentifier()=e8e8bdea-c97d-4d28-bc01-e9ab5ee1360d]
2024-05-01T09:23:53,295  INFO [f22f8da6-8d3e-4e31-9a54-810c3312406e main] operation.OperationManager: Removed queryId: alex_20240501092353_259b03ff-d008-475e-af06-062b367e48c8 corresponding to operation: OperationHandle [opType=EXECUTE_STATEMENT, getHandleIdentifier()=e8e8bdea-c97d-4d28-bc01-e9ab5ee1360d] with tag: null
2024-05-01T09:23:53,295  INFO [f22f8da6-8d3e-4e31-9a54-810c3312406e main] operation.HiveCommandOperation: Closing operation log /home/alex/Repositories/hive/beeline/target/tmp/alex/operation_logs/f22f8da6-8d3e-4e31-9a54-810c3312406e/alex_20240501092353_259b03ff-d008-475e-af06-062b367e48c8 without delay
2024-05-01T09:23:53,297  INFO [f22f8da6-8d3e-4e31-9a54-810c3312406e main] session.HiveSessionImpl: executing create table if not exists test.testSrcTbl2(sc2 string)
2024-05-01T09:23:53,297  INFO [f22f8da6-8d3e-4e31-9a54-810c3312406e main] operation.OperationManager: Adding operation: OperationHandle [opType=EXECUTE_STATEMENT, getHandleIdentifier()=b3adbfbb-2c90-40d7-ac25-2cdd17e622f3] SessionHandle [f22f8da6-8d3e-4e31-9a54-810c3312406e]
2024-05-01T09:23:53,298  INFO [f22f8da6-8d3e-4e31-9a54-810c3312406e main] common.LogUtils: Thread context registration is done.
DEBUG StatusLogger Building Plugin[name=filter, class=org.apache.hadoop.hive.ql.log.LogDivertAppender$NameFilter].
DEBUG StatusLogger createFilter(loggingLevel="EXECUTION")
DEBUG StatusLogger Building Plugin[name=layout, class=org.apache.logging.log4j.core.layout.PatternLayout].
DEBUG StatusLogger PatternLayout$Builder(pattern="%-5p : %m%n", PatternSelector=null, Configuration(HiveLog4j2Test), Replace=null, charset="null", alwaysWriteExceptions="null", disableAnsi="null", noConsoleNoAnsi="null", header="null", footer="null")
DEBUG StatusLogger Building Plugin[name=appender, class=org.apache.hadoop.hive.ql.log.HushableRandomAccessFileAppender].
DEBUG StatusLogger createAppender(fileName="/home/alex/Repositories/hive/beeline/target/tmp/alex/operation_logs/f22f8da6-8d3e-4e31-9a54-810c3312406e/alex_20240501092353_bade22a0-8a79-4449-95c4-fe2e0d7254f9", append="null", name="query-file-appender", immediateFlush="null", bufferSize="null", ignoreExceptions="null", PatternLayout(org.apache.logging.log4j.core.layout.PatternLayout with name PatternLayout), NameFilter(org.apache.hadoop.hive.ql.log.LogDivertAppender$NameFilter with name NameFilter), advertise="null", advertiseURI="null", Configuration(HiveLog4j2Test))
DEBUG StatusLogger Starting RandomAccessFileManager /home/alex/Repositories/hive/beeline/target/tmp/alex/operation_logs/f22f8da6-8d3e-4e31-9a54-810c3312406e/alex_20240501092353_bade22a0-8a79-4449-95c4-fe2e0d7254f9
DEBUG StatusLogger Building Plugin[name=, class=org.apache.hadoop.hive.ql.log.LogDivertAppenderForTest$TestFilter].
DEBUG StatusLogger createFilter()
DEBUG StatusLogger Building Plugin[name=, class=org.apache.logging.log4j.core.layout.PatternLayout].
DEBUG StatusLogger PatternLayout$Builder(pattern="%-5p : %m%n", PatternSelector=null, Configuration(HiveLog4j2Test), Replace=null, charset="null", alwaysWriteExceptions="null", disableAnsi="null", noConsoleNoAnsi="null", header="null", footer="null")
DEBUG StatusLogger Building Plugin[name=appender, class=org.apache.hadoop.hive.ql.log.HushableRandomAccessFileAppender].
DEBUG StatusLogger createAppender(fileName="/home/alex/Repositories/hive/beeline/target/tmp/alex/operation_logs/f22f8da6-8d3e-4e31-9a54-810c3312406e/alex_20240501092353_bade22a0-8a79-4449-95c4-fe2e0d7254f9.test", append="null", name="test-query-file-appender", immediateFlush="null", bufferSize="null", ignoreExceptions="null", PatternLayout(org.apache.logging.log4j.core.layout.PatternLayout with name PatternLayout), test-filter(org.apache.hadoop.hive.ql.log.LogDivertAppenderForTest$TestFilter with name test-filter), advertise="null", advertiseURI="null", Configuration(HiveLog4j2Test))
DEBUG StatusLogger Starting RandomAccessFileManager /home/alex/Repositories/hive/beeline/target/tmp/alex/operation_logs/f22f8da6-8d3e-4e31-9a54-810c3312406e/alex_20240501092353_bade22a0-8a79-4449-95c4-fe2e0d7254f9.test
2024-05-01T09:23:53,301  INFO [f22f8da6-8d3e-4e31-9a54-810c3312406e main] operation.SQLOperation: [opType=EXECUTE_STATEMENT, queryId=alex_20240501092353_bade22a0-8a79-4449-95c4-fe2e0d7254f9, startTime=1714580633297, sessionId=f22f8da6-8d3e-4e31-9a54-810c3312406e, createTime=1714580633039, userName=null, ipAddress=null]
2024-05-01T09:23:53,302  INFO [f22f8da6-8d3e-4e31-9a54-810c3312406e main] ql.Driver: Compiling command(queryId=alex_20240501092353_bade22a0-8a79-4449-95c4-fe2e0d7254f9): create table if not exists test.testSrcTbl2(sc2 string)
2024-05-01T09:23:53,303  INFO [f22f8da6-8d3e-4e31-9a54-810c3312406e main] parse.CalcitePlanner: Starting caching scope for: alex_20240501092353_bade22a0-8a79-4449-95c4-fe2e0d7254f9
2024-05-01T09:23:53,303  INFO [f22f8da6-8d3e-4e31-9a54-810c3312406e main] parse.CalcitePlanner: Starting Semantic Analysis
2024-05-01T09:23:53,303  INFO [f22f8da6-8d3e-4e31-9a54-810c3312406e main] sqlstd.SQLStdHiveAccessController: Created SQLStdHiveAccessController for session context : HiveAuthzSessionContext [sessionString=f22f8da6-8d3e-4e31-9a54-810c3312406e, clientType=HIVESERVER2]
2024-05-01T09:23:53,303  INFO [f22f8da6-8d3e-4e31-9a54-810c3312406e main] parse.CalcitePlanner: Creating table test.testSrcTbl2 position=27
2024-05-01T09:23:53,303  INFO [f22f8da6-8d3e-4e31-9a54-810c3312406e main] HiveMetaStore.audit: ugi=alex	ip=unknown-ip-addr	cmd=get_table : tbl=hive.test.testSrcTbl2	
2024-05-01T09:23:53,305  INFO [f22f8da6-8d3e-4e31-9a54-810c3312406e main] HiveMetaStore.audit: ugi=alex	ip=unknown-ip-addr	cmd=get_database: test	
2024-05-01T09:23:53,306  INFO [f22f8da6-8d3e-4e31-9a54-810c3312406e main] parse.CalcitePlanner: Ending caching scope for: alex_20240501092353_bade22a0-8a79-4449-95c4-fe2e0d7254f9
2024-05-01T09:23:53,306  INFO [f22f8da6-8d3e-4e31-9a54-810c3312406e main] ql.Driver: Semantic Analysis Completed (retrial = false)
2024-05-01T09:23:53,306  INFO [f22f8da6-8d3e-4e31-9a54-810c3312406e main] ql.Driver: Created Hive schema: Schema(fieldSchemas:null, properties:null)
2024-05-01T09:23:53,306  INFO [f22f8da6-8d3e-4e31-9a54-810c3312406e main] metadata.Hive: Dumping metastore api call timing information for : compilation phase
2024-05-01T09:23:53,306  INFO [f22f8da6-8d3e-4e31-9a54-810c3312406e main] metadata.Hive: Total time spent in each metastore function (ms): {isCompatibleWith_(Configuration)=0, getDatabase_(String)=1, flushCache_()=0}
2024-05-01T09:23:53,306  INFO [f22f8da6-8d3e-4e31-9a54-810c3312406e main] ql.Driver: Completed compiling command(queryId=alex_20240501092353_bade22a0-8a79-4449-95c4-fe2e0d7254f9); Time taken: 0.005 seconds
2024-05-01T09:23:53,306  INFO [f22f8da6-8d3e-4e31-9a54-810c3312406e main] common.LogUtils: Unregistered logging context.
2024-05-01T09:23:53,307  INFO [HiveServer2-Background-Pool: Thread-641] common.LogUtils: Thread context registration is done.
2024-05-01T09:23:53,307  INFO [HiveServer2-Background-Pool: Thread-641] reexec.ReExecDriver: Execution #1 of query
2024-05-01T09:23:53,308  INFO [HiveServer2-Background-Pool: Thread-641] ql.Driver: Concurrency mode is disabled, not creating a lock manager
2024-05-01T09:23:53,308  INFO [HiveServer2-Background-Pool: Thread-641] ql.Driver: Executing command(queryId=alex_20240501092353_bade22a0-8a79-4449-95c4-fe2e0d7254f9): create table if not exists test.testSrcTbl2(sc2 string)
2024-05-01T09:23:53,308  INFO [HiveServer2-Background-Pool: Thread-641] ql.Driver: Starting task [Stage-0:DDL] in serial mode
2024-05-01T09:23:53,310  INFO [HiveServer2-Background-Pool: Thread-641] HiveMetaStore.audit: ugi=alex	ip=unknown-ip-addr	cmd=create_table_req: Table(tableName:testSrcTbl2, dbName:test, owner:alex, createTime:1714580633, lastAccessTime:0, retention:0, sd:StorageDescriptor(cols:[FieldSchema(name:sc2, type:string, comment:null)], location:null, inputFormat:org.apache.hadoop.mapred.TextInputFormat, outputFormat:org.apache.hadoop.hive.ql.io.HiveIgnoreKeyTextOutputFormat, compressed:false, numBuckets:-1, serdeInfo:SerDeInfo(name:null, serializationLib:org.apache.hadoop.hive.serde2.lazy.LazySimpleSerDe, parameters:{serialization.format=1}), bucketCols:[], sortCols:[], parameters:{}, skewedInfo:SkewedInfo(skewedColNames:[], skewedColValues:[], skewedColValueLocationMaps:{}), storedAsSubDirectories:false), partitionKeys:[], parameters:{totalSize=0, numRows=0, rawDataSize=0, COLUMN_STATS_ACCURATE={"BASIC_STATS":"true","COLUMN_STATS":{"sc2":"true"}}, numFiles=0, bucketing_version=2, numFilesErasureCoded=0}, viewOriginalText:null, viewExpandedText:null, tableType:MANAGED_TABLE, privileges:PrincipalPrivilegeSet(userPrivileges:{alex=[PrivilegeGrantInfo(privilege:INSERT, createTime:-1, grantor:alex, grantorType:USER, grantOption:true), PrivilegeGrantInfo(privilege:SELECT, createTime:-1, grantor:alex, grantorType:USER, grantOption:true), PrivilegeGrantInfo(privilege:UPDATE, createTime:-1, grantor:alex, grantorType:USER, grantOption:true), PrivilegeGrantInfo(privilege:DELETE, createTime:-1, grantor:alex, grantorType:USER, grantOption:true)]}, groupPrivileges:null, rolePrivileges:null), temporary:false, catName:hive, ownerType:USER)	
2024-05-01T09:23:53,311  INFO [HiveServer2-Background-Pool: Thread-641] metastore.HMSHandler: 29: Opening raw store with implementation class:org.apache.hadoop.hive.metastore.ObjectStore
2024-05-01T09:23:53,311  INFO [HiveServer2-Background-Pool: Thread-641] metastore.ObjectStore: RawStore: org.apache.hadoop.hive.metastore.ObjectStore@23514fe3, with PersistenceManager: null will be shutdown
2024-05-01T09:23:53,312  INFO [HiveServer2-Background-Pool: Thread-641] metastore.ObjectStore: RawStore: org.apache.hadoop.hive.metastore.ObjectStore@23514fe3, with PersistenceManager: org.datanucleus.api.jdo.JDOPersistenceManager@127a9ffa created in the thread with id: 641
2024-05-01T09:23:53,314  INFO [HiveServer2-Background-Pool: Thread-641] metastore.HMSHandler: Created RawStore: org.apache.hadoop.hive.metastore.ObjectStore@23514fe3 from thread id: 641
2024-05-01T09:23:53,318  INFO [HiveServer2-Background-Pool: Thread-641] utils.FileUtils: Creating directory if it doesn't exist: file:/home/alex/Repositories/hive/beeline/target/tmp/warehouse/test.db/testsrctbl2
2024-05-01T09:23:53,350  INFO [HiveServer2-Background-Pool: Thread-641] metadata.Hive: Dumping metastore api call timing information for : execution phase
2024-05-01T09:23:53,350  INFO [HiveServer2-Background-Pool: Thread-641] metadata.Hive: Total time spent in each metastore function (ms): {isCompatibleWith_(Configuration)=1, createTable_(Table)=39}
2024-05-01T09:23:53,350  INFO [HiveServer2-Background-Pool: Thread-641] ql.Driver: Completed executing command(queryId=alex_20240501092353_bade22a0-8a79-4449-95c4-fe2e0d7254f9); Time taken: 0.042 seconds
2024-05-01T09:23:53,351  INFO [HiveServer2-Background-Pool: Thread-641] common.LogUtils: Unregistered logging context.
2024-05-01T09:23:53,352  INFO [f22f8da6-8d3e-4e31-9a54-810c3312406e main] operation.OperationManager: Closing operation: OperationHandle [opType=EXECUTE_STATEMENT, getHandleIdentifier()=b3adbfbb-2c90-40d7-ac25-2cdd17e622f3]
2024-05-01T09:23:53,352  INFO [f22f8da6-8d3e-4e31-9a54-810c3312406e main] operation.OperationManager: Removed queryId: alex_20240501092353_bade22a0-8a79-4449-95c4-fe2e0d7254f9 corresponding to operation: OperationHandle [opType=EXECUTE_STATEMENT, getHandleIdentifier()=b3adbfbb-2c90-40d7-ac25-2cdd17e622f3] with tag: null
2024-05-01T09:23:53,353  INFO [f22f8da6-8d3e-4e31-9a54-810c3312406e main] operation.SQLOperation: Closing operation log /home/alex/Repositories/hive/beeline/target/tmp/alex/operation_logs/f22f8da6-8d3e-4e31-9a54-810c3312406e/alex_20240501092353_bade22a0-8a79-4449-95c4-fe2e0d7254f9 without delay
2024-05-01T09:23:53,358  INFO [f22f8da6-8d3e-4e31-9a54-810c3312406e main] session.HiveSessionImpl: executing desc testSrcTbl2
2024-05-01T09:23:53,358  INFO [f22f8da6-8d3e-4e31-9a54-810c3312406e main] operation.OperationManager: Adding operation: OperationHandle [opType=EXECUTE_STATEMENT, getHandleIdentifier()=89073c8a-380c-45af-8db1-6aa0df3bfdd3] SessionHandle [f22f8da6-8d3e-4e31-9a54-810c3312406e]
2024-05-01T09:23:53,358  INFO [f22f8da6-8d3e-4e31-9a54-810c3312406e main] common.LogUtils: Thread context registration is done.
DEBUG StatusLogger Building Plugin[name=filter, class=org.apache.hadoop.hive.ql.log.LogDivertAppender$NameFilter].
DEBUG StatusLogger createFilter(loggingLevel="EXECUTION")
DEBUG StatusLogger Building Plugin[name=layout, class=org.apache.logging.log4j.core.layout.PatternLayout].
DEBUG StatusLogger PatternLayout$Builder(pattern="%-5p : %m%n", PatternSelector=null, Configuration(HiveLog4j2Test), Replace=null, charset="null", alwaysWriteExceptions="null", disableAnsi="null", noConsoleNoAnsi="null", header="null", footer="null")
DEBUG StatusLogger Building Plugin[name=appender, class=org.apache.hadoop.hive.ql.log.HushableRandomAccessFileAppender].
DEBUG StatusLogger createAppender(fileName="/home/alex/Repositories/hive/beeline/target/tmp/alex/operation_logs/f22f8da6-8d3e-4e31-9a54-810c3312406e/alex_20240501092353_a25d6fb2-5184-4b3a-b262-c52461339f85", append="null", name="query-file-appender", immediateFlush="null", bufferSize="null", ignoreExceptions="null", PatternLayout(org.apache.logging.log4j.core.layout.PatternLayout with name PatternLayout), NameFilter(org.apache.hadoop.hive.ql.log.LogDivertAppender$NameFilter with name NameFilter), advertise="null", advertiseURI="null", Configuration(HiveLog4j2Test))
DEBUG StatusLogger Starting RandomAccessFileManager /home/alex/Repositories/hive/beeline/target/tmp/alex/operation_logs/f22f8da6-8d3e-4e31-9a54-810c3312406e/alex_20240501092353_a25d6fb2-5184-4b3a-b262-c52461339f85
DEBUG StatusLogger Building Plugin[name=, class=org.apache.hadoop.hive.ql.log.LogDivertAppenderForTest$TestFilter].
DEBUG StatusLogger createFilter()
DEBUG StatusLogger Building Plugin[name=, class=org.apache.logging.log4j.core.layout.PatternLayout].
DEBUG StatusLogger PatternLayout$Builder(pattern="%-5p : %m%n", PatternSelector=null, Configuration(HiveLog4j2Test), Replace=null, charset="null", alwaysWriteExceptions="null", disableAnsi="null", noConsoleNoAnsi="null", header="null", footer="null")
DEBUG StatusLogger Building Plugin[name=appender, class=org.apache.hadoop.hive.ql.log.HushableRandomAccessFileAppender].
DEBUG StatusLogger createAppender(fileName="/home/alex/Repositories/hive/beeline/target/tmp/alex/operation_logs/f22f8da6-8d3e-4e31-9a54-810c3312406e/alex_20240501092353_a25d6fb2-5184-4b3a-b262-c52461339f85.test", append="null", name="test-query-file-appender", immediateFlush="null", bufferSize="null", ignoreExceptions="null", PatternLayout(org.apache.logging.log4j.core.layout.PatternLayout with name PatternLayout), test-filter(org.apache.hadoop.hive.ql.log.LogDivertAppenderForTest$TestFilter with name test-filter), advertise="null", advertiseURI="null", Configuration(HiveLog4j2Test))
DEBUG StatusLogger Starting RandomAccessFileManager /home/alex/Repositories/hive/beeline/target/tmp/alex/operation_logs/f22f8da6-8d3e-4e31-9a54-810c3312406e/alex_20240501092353_a25d6fb2-5184-4b3a-b262-c52461339f85.test
2024-05-01T09:23:53,362  INFO [f22f8da6-8d3e-4e31-9a54-810c3312406e main] operation.SQLOperation: [opType=EXECUTE_STATEMENT, queryId=alex_20240501092353_a25d6fb2-5184-4b3a-b262-c52461339f85, startTime=1714580633358, sessionId=f22f8da6-8d3e-4e31-9a54-810c3312406e, createTime=1714580633039, userName=null, ipAddress=null]
2024-05-01T09:23:53,363  INFO [f22f8da6-8d3e-4e31-9a54-810c3312406e main] ql.Driver: Compiling command(queryId=alex_20240501092353_a25d6fb2-5184-4b3a-b262-c52461339f85): desc testSrcTbl2
2024-05-01T09:23:53,367  INFO [f22f8da6-8d3e-4e31-9a54-810c3312406e main] HiveMetaStore.audit: ugi=alex	ip=unknown-ip-addr	cmd=get_database: test	
2024-05-01T09:23:53,369  INFO [f22f8da6-8d3e-4e31-9a54-810c3312406e main] HiveMetaStore.audit: ugi=alex	ip=unknown-ip-addr	cmd=get_table : tbl=hive.test.testSrcTbl2	
2024-05-01T09:23:53,525  INFO [f22f8da6-8d3e-4e31-9a54-810c3312406e main] ql.Driver: Semantic Analysis Completed (retrial = false)
2024-05-01T09:23:53,526  INFO [f22f8da6-8d3e-4e31-9a54-810c3312406e main] ql.Driver: Created Hive schema: Schema(fieldSchemas:[FieldSchema(name:col_name, type:string, comment:from deserializer), FieldSchema(name:data_type, type:string, comment:from deserializer), FieldSchema(name:comment, type:string, comment:from deserializer)], properties:null)
2024-05-01T09:23:53,527  INFO [f22f8da6-8d3e-4e31-9a54-810c3312406e main] exec.ListSinkOperator: Initializing Operator: LIST_SINK[0]
2024-05-01T09:23:53,527  INFO [f22f8da6-8d3e-4e31-9a54-810c3312406e main] metadata.Hive: Dumping metastore api call timing information for : compilation phase
2024-05-01T09:23:53,527  INFO [f22f8da6-8d3e-4e31-9a54-810c3312406e main] metadata.Hive: Total time spent in each metastore function (ms): {isCompatibleWith_(Configuration)=0, getDatabase_(String)=1, getTable_(GetTableRequest)=157, flushCache_()=0}
2024-05-01T09:23:53,527  INFO [f22f8da6-8d3e-4e31-9a54-810c3312406e main] ql.Driver: Completed compiling command(queryId=alex_20240501092353_a25d6fb2-5184-4b3a-b262-c52461339f85); Time taken: 0.165 seconds
2024-05-01T09:23:53,527  INFO [f22f8da6-8d3e-4e31-9a54-810c3312406e main] common.LogUtils: Unregistered logging context.
2024-05-01T09:23:53,527  INFO [HiveServer2-Background-Pool: Thread-646] common.LogUtils: Thread context registration is done.
2024-05-01T09:23:53,528  INFO [HiveServer2-Background-Pool: Thread-646] reexec.ReExecDriver: Execution #1 of query
2024-05-01T09:23:53,528  INFO [HiveServer2-Background-Pool: Thread-646] ql.Driver: Concurrency mode is disabled, not creating a lock manager
2024-05-01T09:23:53,529  INFO [HiveServer2-Background-Pool: Thread-646] ql.Driver: Executing command(queryId=alex_20240501092353_a25d6fb2-5184-4b3a-b262-c52461339f85): desc testSrcTbl2
2024-05-01T09:23:53,529  INFO [HiveServer2-Background-Pool: Thread-646] ql.Driver: Starting task [Stage-0:DDL] in serial mode
2024-05-01T09:23:53,530  INFO [HiveServer2-Background-Pool: Thread-646] HiveMetaStore.audit: ugi=alex	ip=unknown-ip-addr	cmd=get_table : tbl=hive.test.testSrcTbl2	
2024-05-01T09:23:53,531  INFO [HiveServer2-Background-Pool: Thread-646] metastore.HMSHandler: 30: Opening raw store with implementation class:org.apache.hadoop.hive.metastore.ObjectStore
2024-05-01T09:23:53,532  INFO [HiveServer2-Background-Pool: Thread-646] metastore.ObjectStore: RawStore: org.apache.hadoop.hive.metastore.ObjectStore@36967cf5, with PersistenceManager: null will be shutdown
2024-05-01T09:23:53,532  INFO [HiveServer2-Background-Pool: Thread-646] metastore.ObjectStore: RawStore: org.apache.hadoop.hive.metastore.ObjectStore@36967cf5, with PersistenceManager: org.datanucleus.api.jdo.JDOPersistenceManager@7394e443 created in the thread with id: 646
2024-05-01T09:23:53,542  INFO [HiveServer2-Background-Pool: Thread-646] metastore.HMSHandler: Created RawStore: org.apache.hadoop.hive.metastore.ObjectStore@36967cf5 from thread id: 646
2024-05-01T09:23:53,571  INFO [HiveServer2-Background-Pool: Thread-646] metadata.Hive: Dumping metastore api call timing information for : execution phase
2024-05-01T09:23:53,571  INFO [HiveServer2-Background-Pool: Thread-646] metadata.Hive: Total time spent in each metastore function (ms): {isCompatibleWith_(Configuration)=0, getTable_(GetTableRequest)=26}
2024-05-01T09:23:53,571  INFO [HiveServer2-Background-Pool: Thread-646] ql.Driver: Completed executing command(queryId=alex_20240501092353_a25d6fb2-5184-4b3a-b262-c52461339f85); Time taken: 0.042 seconds
2024-05-01T09:23:53,572  INFO [HiveServer2-Background-Pool: Thread-646] common.LogUtils: Unregistered logging context.
2024-05-01T09:23:53,574  INFO [f22f8da6-8d3e-4e31-9a54-810c3312406e main] operation.OperationManager: Closing operation: OperationHandle [opType=EXECUTE_STATEMENT, getHandleIdentifier()=89073c8a-380c-45af-8db1-6aa0df3bfdd3]
2024-05-01T09:23:53,574  INFO [f22f8da6-8d3e-4e31-9a54-810c3312406e main] operation.OperationManager: Removed queryId: alex_20240501092353_a25d6fb2-5184-4b3a-b262-c52461339f85 corresponding to operation: OperationHandle [opType=EXECUTE_STATEMENT, getHandleIdentifier()=89073c8a-380c-45af-8db1-6aa0df3bfdd3] with tag: null
2024-05-01T09:23:53,574  INFO [f22f8da6-8d3e-4e31-9a54-810c3312406e main] ql.Context: Deleting scratch dir: file:/home/alex/Repositories/hive/beeline/target/tmp/alex/f22f8da6-8d3e-4e31-9a54-810c3312406e/hive_2024-05-01_09-23-53_362_6939323129260895810-1
2024-05-01T09:23:53,574  INFO [f22f8da6-8d3e-4e31-9a54-810c3312406e main] cleanup.EventualCleanupService: Delete file:/home/alex/Repositories/hive/beeline/target/tmp/alex/f22f8da6-8d3e-4e31-9a54-810c3312406e/hive_2024-05-01_09-23-53_362_6939323129260895810-1 operation was queued
2024-05-01T09:23:53,574  INFO [f22f8da6-8d3e-4e31-9a54-810c3312406e main] exec.ListSinkOperator: Closing Operator: LIST_SINK[0]
2024-05-01T09:23:53,574  INFO [f22f8da6-8d3e-4e31-9a54-810c3312406e main] exec.ListSinkOperator: RECORDS_OUT_INTERMEDIATE:0, RECORDS_OUT_OPERATOR_LIST_SINK_0:0, 
2024-05-01T09:23:53,574  INFO [f22f8da6-8d3e-4e31-9a54-810c3312406e main] operation.SQLOperation: Closing operation log /home/alex/Repositories/hive/beeline/target/tmp/alex/operation_logs/f22f8da6-8d3e-4e31-9a54-810c3312406e/alex_20240501092353_a25d6fb2-5184-4b3a-b262-c52461339f85 without delay
2024-05-01T09:23:53,574  INFO [EventualCleanupService thread 0] cleanup.EventualCleanupService: Deleted file:/home/alex/Repositories/hive/beeline/target/tmp/alex/f22f8da6-8d3e-4e31-9a54-810c3312406e/hive_2024-05-01_09-23-53_362_6939323129260895810-1
2024-05-01T09:23:53,578  INFO [main] service.CompositeService: Session closed, SessionHandle [f22f8da6-8d3e-4e31-9a54-810c3312406e], current sessions:0
2024-05-01T09:23:53,579  INFO [f22f8da6-8d3e-4e31-9a54-810c3312406e main] session.HiveSessionImpl: Operation log session directory is deleted: /home/alex/Repositories/hive/beeline/target/tmp/alex/operation_logs/f22f8da6-8d3e-4e31-9a54-810c3312406e
2024-05-01T09:23:53,579  INFO [main] cleanup.EventualCleanupService: Delete /tmp/hive/alex/f22f8da6-8d3e-4e31-9a54-810c3312406e operation was queued
2024-05-01T09:23:53,579  INFO [main] cleanup.EventualCleanupService: Delete /home/alex/Repositories/hive/beeline/target/tmp/alex/f22f8da6-8d3e-4e31-9a54-810c3312406e operation was queued
2024-05-01T09:23:53,579  INFO [EventualCleanupService thread 2] cleanup.EventualCleanupService: Deleted /home/alex/Repositories/hive/beeline/target/tmp/alex/f22f8da6-8d3e-4e31-9a54-810c3312406e
2024-05-01T09:23:53,579  INFO [EventualCleanupService thread 1] cleanup.EventualCleanupService: Deleted /tmp/hive/alex/f22f8da6-8d3e-4e31-9a54-810c3312406e
2024-05-01T09:23:53,580  INFO [main] HiveMetaStore.audit: ugi=alex	ip=unknown-ip-addr	cmd=Cleaning up thread local RawStore...	
2024-05-01T09:23:53,580  INFO [main] metastore.ObjectStore: RawStore: org.apache.hadoop.hive.metastore.ObjectStore@1cfa7ee0, with PersistenceManager: org.datanucleus.api.jdo.JDOPersistenceManager@612290d will be shutdown
2024-05-01T09:23:53,580  INFO [main] HiveMetaStore.audit: ugi=alex	ip=unknown-ip-addr	cmd=Done cleaning up thread local RawStore	
2024-05-01T09:23:53,580  INFO [main] metastore.HiveMetaStoreClient: Closed a connection to metastore, current connections: -41
2024-05-01T09:23:53,580 ERROR [main] cli.TestHiveCli: Failed due to the error:Connecting to jdbc:hive2://
Hive Session ID = af04fb51-5311-4be9-973b-98c3d5e1053d
ivysettings.xml file not found in HIVE_HOME or HIVE_CONF_DIR,/home/alex/Repositories/hive/conf/ivysettings.xml will be used
ivysettings.xml file not found in HIVE_HOME or HIVE_CONF_DIR,/home/alex/Repositories/hive/conf/ivysettings.xml will be used
Connected to: Apache Hive (version 4.0.0-SNAPSHOT)
Error: Couldn't load manifest attributes. (state=,code=0)
Transaction isolation: TRANSACTION_REPEATABLE_READ
INFO  : Compiling command(queryId=alex_20240501092353_6f36a79b-78e0-49d8-bb50-a557095c7621): use test
INFO  : Semantic Analysis Completed (retrial = false)
INFO  : Created Hive schema: Schema(fieldSchemas:null, properties:null)
INFO  : Completed compiling command(queryId=alex_20240501092353_6f36a79b-78e0-49d8-bb50-a557095c7621); Time taken: 0.006 seconds
INFO  : Concurrency mode is disabled, not creating a lock manager
INFO  : Executing command(queryId=alex_20240501092353_6f36a79b-78e0-49d8-bb50-a557095c7621): use test
INFO  : Starting task [Stage-0:DDL] in serial mode
DEBUG : Task getting executed using mapred tag : alex_20240501092353_6f36a79b-78e0-49d8-bb50-a557095c7621,userid=null
INFO  : Completed executing command(queryId=alex_20240501092353_6f36a79b-78e0-49d8-bb50-a557095c7621); Time taken: 0.007 seconds
DEBUG : Shutting down query use test
Error: Failed to wait for operation to complete (state=08S01,code=0)
Beeline version ??? by Apache Hive
hive> set hiveconf:zzz=/home/alex/Repositories/hive/beeline/target/tmp/test2085156708845158100.sql;
No rows affected (0,006 seconds)
hive> source ${hiveconf:zzz};
INFO  : Compiling command(queryId=alex_20240501092353_bade22a0-8a79-4449-95c4-fe2e0d7254f9): create table if not exists test.testSrcTbl2(sc2 string)
INFO  : Semantic Analysis Completed (retrial = false)
INFO  : Created Hive schema: Schema(fieldSchemas:null, properties:null)
INFO  : Completed compiling command(queryId=alex_20240501092353_bade22a0-8a79-4449-95c4-fe2e0d7254f9); Time taken: 0.005 seconds
INFO  : Concurrency mode is disabled, not creating a lock manager
INFO  : Executing command(queryId=alex_20240501092353_bade22a0-8a79-4449-95c4-fe2e0d7254f9): create table if not exists test.testSrcTbl2(sc2 string)
INFO  : Starting task [Stage-0:DDL] in serial mode
DEBUG : Task getting executed using mapred tag : alex_20240501092353_bade22a0-8a79-4449-95c4-fe2e0d7254f9,userid=null
INFO  : Completed executing command(queryId=alex_20240501092353_bade22a0-8a79-4449-95c4-fe2e0d7254f9); Time taken: 0.042 seconds
DEBUG : Shutting down query create table if not exists test.testSrcTbl2(sc2 string)
Error: Failed to wait for operation to complete (state=08S01,code=0)
hive> desc testSrcTbl2;
INFO  : Compiling command(queryId=alex_20240501092353_a25d6fb2-5184-4b3a-b262-c52461339f85): desc testSrcTbl2
INFO  : Semantic Analysis Completed (retrial = false)
INFO  : Created Hive schema: Schema(fieldSchemas:[FieldSchema(name:col_name, type:string, comment:from deserializer), FieldSchema(name:data_type, type:string, comment:from deserializer), FieldSchema(name:comment, type:string, comment:from deserializer)], properties:null)
INFO  : Completed compiling command(queryId=alex_20240501092353_a25d6fb2-5184-4b3a-b262-c52461339f85); Time taken: 0.165 seconds
INFO  : Concurrency mode is disabled, not creating a lock manager
INFO  : Executing command(queryId=alex_20240501092353_a25d6fb2-5184-4b3a-b262-c52461339f85): desc testSrcTbl2
INFO  : Starting task [Stage-0:DDL] in serial mode
DEBUG : Task getting executed using mapred tag : alex_20240501092353_a25d6fb2-5184-4b3a-b262-c52461339f85,userid=null
INFO  : Completed executing command(queryId=alex_20240501092353_a25d6fb2-5184-4b3a-b262-c52461339f85); Time taken: 0.042 seconds
DEBUG : Shutting down query desc testSrcTbl2
Error: Failed to wait for operation to complete (state=08S01,code=0)
hive> Closing: 0: jdbc:hive2://

]]></system-err>
  </testcase>
  <testcase name="testSetHeaderValue" classname="org.apache.hive.beeline.cli.TestHiveCli" time="2.646">
    <failure type="java.lang.AssertionError"><![CDATA[java.lang.AssertionError: The expected keyword "testtbl.a testtbl.b" occur in the output: 
	at org.junit.Assert.fail(Assert.java:89)
	at org.junit.Assert.assertTrue(Assert.java:42)
	at org.apache.hive.beeline.cli.TestHiveCli.verifyCMD(TestHiveCli.java:270)
	at org.apache.hive.beeline.cli.TestHiveCli.testSetHeaderValue(TestHiveCli.java:89)
	at sun.reflect.NativeMethodAccessorImpl.invoke0(Native Method)
	at sun.reflect.NativeMethodAccessorImpl.invoke(NativeMethodAccessorImpl.java:62)
	at sun.reflect.DelegatingMethodAccessorImpl.invoke(DelegatingMethodAccessorImpl.java:43)
	at java.lang.reflect.Method.invoke(Method.java:498)
	at org.junit.runners.model.FrameworkMethod$1.runReflectiveCall(FrameworkMethod.java:59)
	at org.junit.internal.runners.model.ReflectiveCallable.run(ReflectiveCallable.java:12)
	at org.junit.runners.model.FrameworkMethod.invokeExplosively(FrameworkMethod.java:56)
	at org.junit.internal.runners.statements.InvokeMethod.evaluate(InvokeMethod.java:17)
	at org.junit.internal.runners.statements.RunBefores.evaluate(RunBefores.java:26)
	at org.junit.internal.runners.statements.RunAfters.evaluate(RunAfters.java:27)
	at org.junit.runners.ParentRunner$3.evaluate(ParentRunner.java:306)
	at org.junit.runners.BlockJUnit4ClassRunner$1.evaluate(BlockJUnit4ClassRunner.java:100)
	at org.junit.runners.ParentRunner.runLeaf(ParentRunner.java:366)
	at org.junit.runners.BlockJUnit4ClassRunner.runChild(BlockJUnit4ClassRunner.java:103)
	at org.junit.runners.BlockJUnit4ClassRunner.runChild(BlockJUnit4ClassRunner.java:63)
	at org.junit.runners.ParentRunner$4.run(ParentRunner.java:331)
	at org.junit.runners.ParentRunner$1.schedule(ParentRunner.java:79)
	at org.junit.runners.ParentRunner.runChildren(ParentRunner.java:329)
	at org.junit.runners.ParentRunner.access$100(ParentRunner.java:66)
	at org.junit.runners.ParentRunner$2.evaluate(ParentRunner.java:293)
	at org.junit.internal.runners.statements.RunBefores.evaluate(RunBefores.java:26)
	at org.junit.runners.ParentRunner$3.evaluate(ParentRunner.java:306)
	at org.junit.runners.ParentRunner.run(ParentRunner.java:413)
	at org.junit.runner.JUnitCore.run(JUnitCore.java:137)
	at org.junit.runner.JUnitCore.run(JUnitCore.java:115)
	at org.junit.vintage.engine.execution.RunnerExecutor.execute(RunnerExecutor.java:43)
	at java.util.stream.ForEachOps$ForEachOp$OfRef.accept(ForEachOps.java:183)
	at java.util.stream.ReferencePipeline$3$1.accept(ReferencePipeline.java:193)
	at java.util.Iterator.forEachRemaining(Iterator.java:116)
	at java.util.Spliterators$IteratorSpliterator.forEachRemaining(Spliterators.java:1801)
	at java.util.stream.AbstractPipeline.copyInto(AbstractPipeline.java:482)
	at java.util.stream.AbstractPipeline.wrapAndCopyInto(AbstractPipeline.java:472)
	at java.util.stream.ForEachOps$ForEachOp.evaluateSequential(ForEachOps.java:150)
	at java.util.stream.ForEachOps$ForEachOp$OfRef.evaluateSequential(ForEachOps.java:173)
	at java.util.stream.AbstractPipeline.evaluate(AbstractPipeline.java:234)
	at java.util.stream.ReferencePipeline.forEach(ReferencePipeline.java:485)
	at org.junit.vintage.engine.VintageTestEngine.executeAllChildren(VintageTestEngine.java:82)
	at org.junit.vintage.engine.VintageTestEngine.execute(VintageTestEngine.java:73)
	at org.junit.platform.launcher.core.DefaultLauncher.execute(DefaultLauncher.java:248)
	at org.junit.platform.launcher.core.DefaultLauncher.lambda$execute$5(DefaultLauncher.java:211)
	at org.junit.platform.launcher.core.DefaultLauncher.withInterceptedStreams(DefaultLauncher.java:226)
	at org.junit.platform.launcher.core.DefaultLauncher.execute(DefaultLauncher.java:199)
	at org.junit.platform.launcher.core.DefaultLauncher.execute(DefaultLauncher.java:132)
	at org.apache.maven.surefire.junitplatform.JUnitPlatformProvider.invokeAllTests(JUnitPlatformProvider.java:154)
	at org.apache.maven.surefire.junitplatform.JUnitPlatformProvider.invoke(JUnitPlatformProvider.java:123)
	at org.apache.maven.surefire.booter.ForkedBooter.runSuitesInProcess(ForkedBooter.java:377)
	at org.apache.maven.surefire.booter.ForkedBooter.execute(ForkedBooter.java:138)
	at org.apache.maven.surefire.booter.ForkedBooter.run(ForkedBooter.java:465)
	at org.apache.maven.surefire.booter.ForkedBooter.main(ForkedBooter.java:451)
]]></failure>
    <system-err><![CDATA[2024-05-01T09:23:53,581 ERROR [main] cli.TestHiveCli: Failed to execute command due to the error: java.lang.NullPointerException: Null output stream
2024-05-01T09:23:53,629  WARN [main] conf.HiveConf: HiveConf of name hive.dummyparam.test.server.specific.config.override does not exist
2024-05-01T09:23:53,629  WARN [main] conf.HiveConf: HiveConf of name hive.dummyparam.test.server.specific.config.hiveserver2site does not exist
2024-05-01T09:23:53,629  WARN [main] conf.HiveConf: HiveConf of name hive.dummyparam.test.server.specific.config.metastoresite does not exist
2024-05-01T09:23:53,630  INFO [main] SessionState: Hive Session ID = ae6e2a13-3737-4a6a-8c3b-d123183c6c8a
2024-05-01T09:23:53,630  INFO [main] DependencyResolver: ivysettings.xml file not found in HIVE_HOME or HIVE_CONF_DIR,/home/alex/Repositories/hive/conf/ivysettings.xml will be used
2024-05-01T09:23:53,637  INFO [main] session.SessionState: Created HDFS directory: /tmp/hive/alex/ae6e2a13-3737-4a6a-8c3b-d123183c6c8a
2024-05-01T09:23:53,641  INFO [main] session.SessionState: Created local directory: /home/alex/Repositories/hive/beeline/target/tmp/alex/ae6e2a13-3737-4a6a-8c3b-d123183c6c8a
2024-05-01T09:23:53,644  INFO [main] session.SessionState: Created HDFS directory: /tmp/hive/alex/ae6e2a13-3737-4a6a-8c3b-d123183c6c8a/_tmp_space.db
2024-05-01T09:23:53,645  INFO [main] sqlstd.SQLStdHiveAccessController: Created SQLStdHiveAccessController for session context : HiveAuthzSessionContext [sessionString=ae6e2a13-3737-4a6a-8c3b-d123183c6c8a, clientType=HIVESERVER2]
2024-05-01T09:23:53,645  INFO [main] metastore.HiveMetaStoreClient: HMS client filtering is enabled.
2024-05-01T09:23:53,646  INFO [main] metastore.HMSHandler: 0: Opening raw store with implementation class:org.apache.hadoop.hive.metastore.ObjectStore
2024-05-01T09:23:53,646  INFO [main] metastore.PersistenceManagerProvider: Configuration datanucleus.autoStartMechanismMode is not set. Defaulting to 'ignored'
2024-05-01T09:23:53,646  INFO [main] metastore.ObjectStore: RawStore: org.apache.hadoop.hive.metastore.ObjectStore@389bc2d3, with PersistenceManager: null will be shutdown
2024-05-01T09:23:53,646  INFO [main] metastore.ObjectStore: RawStore: org.apache.hadoop.hive.metastore.ObjectStore@389bc2d3, with PersistenceManager: org.datanucleus.api.jdo.JDOPersistenceManager@442310fd created in the thread with id: 1
2024-05-01T09:23:53,648  INFO [main] metastore.HMSHandler: Created RawStore: org.apache.hadoop.hive.metastore.ObjectStore@389bc2d3 from thread id: 1
2024-05-01T09:23:53,648  INFO [main] metastore.HMSHandler: HMS server filtering is disabled by configuration
2024-05-01T09:23:53,648  INFO [main] metastore.RetryingMetaStoreClient: RetryingMetaStoreClient proxy=class org.apache.hadoop.hive.ql.metadata.SessionHiveMetaStoreClient ugi=alex (auth:SIMPLE) retries=1 delay=1 lifetime=0
2024-05-01T09:23:53,649  INFO [main] service.CompositeService: Operation log root directory is created: /home/alex/Repositories/hive/beeline/target/tmp/alex/operation_logs
2024-05-01T09:23:53,649  INFO [main] service.CompositeService: HiveServer2: Background operation thread pool size: 100
2024-05-01T09:23:53,649  INFO [main] service.CompositeService: HiveServer2: Background operation thread wait queue size: 100
2024-05-01T09:23:53,649  INFO [main] service.CompositeService: HiveServer2: Background operation thread keepalive time: 10 seconds
2024-05-01T09:23:53,649  INFO [main] service.CompositeService: Connections limit are user: 0 ipaddress: 0 user-ipaddress: 0
2024-05-01T09:23:53,650  INFO [main] cleanup.EventualCleanupService: EventualCleanupService started with 10 threads and queue of size 10000
ERROR StatusLogger Log4j2 ConfigurationScheduler attempted to increment scheduled items after start
ERROR StatusLogger Log4j2 ConfigurationScheduler attempted to increment scheduled items after start
2024-05-01T09:23:53,651  INFO [main] service.AbstractService: Service:OperationManager is inited.
2024-05-01T09:23:53,651  INFO [main] service.AbstractService: Service:SessionManager is inited.
2024-05-01T09:23:53,651  INFO [main] service.AbstractService: Service:CLIService is inited.
2024-05-01T09:23:53,651  INFO [main] service.AbstractService: Service:OperationManager is started.
2024-05-01T09:23:53,651  INFO [main] service.AbstractService: Service:SessionManager is started.
2024-05-01T09:23:53,651  INFO [main] service.AbstractService: Service:CLIService is started.
2024-05-01T09:23:53,651  INFO [main] service.AbstractService: Service:ThriftBinaryCLIService is inited.
2024-05-01T09:23:53,652  INFO [main] thrift.ThriftCLIService: Client protocol version: HIVE_CLI_SERVICE_PROTOCOL_V10
2024-05-01T09:23:53,652  INFO [main] thrift.ThriftCLIService: Creating Hive session handle for user [null] from IP null
2024-05-01T09:23:53,652  INFO [main] DependencyResolver: ivysettings.xml file not found in HIVE_HOME or HIVE_CONF_DIR,/home/alex/Repositories/hive/conf/ivysettings.xml will be used
2024-05-01T09:23:53,660  INFO [main] session.SessionState: Created HDFS directory: /tmp/hive/alex/5e2184a9-635c-4290-b7aa-1822f05d8823
2024-05-01T09:23:53,664  INFO [main] session.SessionState: Created local directory: /home/alex/Repositories/hive/beeline/target/tmp/alex/5e2184a9-635c-4290-b7aa-1822f05d8823
2024-05-01T09:23:53,667  INFO [main] session.SessionState: Created HDFS directory: /tmp/hive/alex/5e2184a9-635c-4290-b7aa-1822f05d8823/_tmp_space.db
2024-05-01T09:23:53,668  INFO [main] session.SessionState: Reloading auxiliary JAR files
2024-05-01T09:23:53,668  WARN [main] session.SessionState: Configuration hive.reloadable.aux.jars.path not specified
2024-05-01T09:23:53,668  INFO [main] HiveMetaStore.audit: ugi=alex	ip=unknown-ip-addr	cmd=Cleaning up thread local RawStore...	
2024-05-01T09:23:53,668  INFO [main] metastore.ObjectStore: RawStore: org.apache.hadoop.hive.metastore.ObjectStore@389bc2d3, with PersistenceManager: org.datanucleus.api.jdo.JDOPersistenceManager@442310fd will be shutdown
2024-05-01T09:23:53,668  INFO [main] HiveMetaStore.audit: ugi=alex	ip=unknown-ip-addr	cmd=Done cleaning up thread local RawStore	
2024-05-01T09:23:53,668  INFO [main] metastore.HiveMetaStoreClient: Closed a connection to metastore, current connections: -42
2024-05-01T09:23:53,668  INFO [main] session.HiveSessionImpl: Operation log session directory is created: /home/alex/Repositories/hive/beeline/target/tmp/alex/operation_logs/5e2184a9-635c-4290-b7aa-1822f05d8823
2024-05-01T09:23:53,668  INFO [main] service.CompositeService: Session opened, SessionHandle [5e2184a9-635c-4290-b7aa-1822f05d8823], current sessions:1
2024-05-01T09:23:53,668  INFO [main] thrift.ThriftCLIService: Login attempt is successful for user : null
2024-05-01T09:23:53,715  WARN [main] conf.HiveConf: HiveConf of name hive.dummyparam.test.server.specific.config.override does not exist
2024-05-01T09:23:53,715  WARN [main] conf.HiveConf: HiveConf of name hive.dummyparam.test.server.specific.config.hiveserver2site does not exist
2024-05-01T09:23:53,715  WARN [main] conf.HiveConf: HiveConf of name hive.dummyparam.test.server.specific.config.metastoresite does not exist
2024-05-01T09:23:53,716  INFO [5e2184a9-635c-4290-b7aa-1822f05d8823 main] session.HiveSessionImpl: executing set
2024-05-01T09:23:53,716  INFO [5e2184a9-635c-4290-b7aa-1822f05d8823 main] operation.HiveCommandOperation: Putting temp output to file /home/alex/Repositories/hive/beeline/target/tmp/alex/5e2184a9-635c-4290-b7aa-1822f05d88238003414234237921944.pipeout and error output to file /home/alex/Repositories/hive/beeline/target/tmp/alex/5e2184a9-635c-4290-b7aa-1822f05d88237362496518681702254.pipeout
2024-05-01T09:23:53,717  INFO [5e2184a9-635c-4290-b7aa-1822f05d8823 main] operation.OperationManager: Adding operation: OperationHandle [opType=EXECUTE_STATEMENT, getHandleIdentifier()=42531ca7-bfea-46a2-bf43-d6c2136329b5] SessionHandle [5e2184a9-635c-4290-b7aa-1822f05d8823]
2024-05-01T09:23:53,717  INFO [5e2184a9-635c-4290-b7aa-1822f05d8823 main] common.LogUtils: Thread context registration is done.
DEBUG StatusLogger Building Plugin[name=filter, class=org.apache.hadoop.hive.ql.log.LogDivertAppender$NameFilter].
DEBUG StatusLogger createFilter(loggingLevel="EXECUTION")
DEBUG StatusLogger Building Plugin[name=layout, class=org.apache.logging.log4j.core.layout.PatternLayout].
DEBUG StatusLogger PatternLayout$Builder(pattern="%-5p : %m%n", PatternSelector=null, Configuration(HiveLog4j2Test), Replace=null, charset="null", alwaysWriteExceptions="null", disableAnsi="null", noConsoleNoAnsi="null", header="null", footer="null")
DEBUG StatusLogger Building Plugin[name=appender, class=org.apache.hadoop.hive.ql.log.HushableRandomAccessFileAppender].
DEBUG StatusLogger createAppender(fileName="/home/alex/Repositories/hive/beeline/target/tmp/alex/operation_logs/5e2184a9-635c-4290-b7aa-1822f05d8823/alex_20240501092353_8c14f7f2-d06f-4d99-abc6-9c152bc9f37b", append="null", name="query-file-appender", immediateFlush="null", bufferSize="null", ignoreExceptions="null", PatternLayout(org.apache.logging.log4j.core.layout.PatternLayout with name PatternLayout), NameFilter(org.apache.hadoop.hive.ql.log.LogDivertAppender$NameFilter with name NameFilter), advertise="null", advertiseURI="null", Configuration(HiveLog4j2Test))
DEBUG StatusLogger Starting RandomAccessFileManager /home/alex/Repositories/hive/beeline/target/tmp/alex/operation_logs/5e2184a9-635c-4290-b7aa-1822f05d8823/alex_20240501092353_8c14f7f2-d06f-4d99-abc6-9c152bc9f37b
DEBUG StatusLogger Building Plugin[name=, class=org.apache.hadoop.hive.ql.log.LogDivertAppenderForTest$TestFilter].
DEBUG StatusLogger createFilter()
DEBUG StatusLogger Building Plugin[name=, class=org.apache.logging.log4j.core.layout.PatternLayout].
DEBUG StatusLogger PatternLayout$Builder(pattern="%-5p : %m%n", PatternSelector=null, Configuration(HiveLog4j2Test), Replace=null, charset="null", alwaysWriteExceptions="null", disableAnsi="null", noConsoleNoAnsi="null", header="null", footer="null")
DEBUG StatusLogger Building Plugin[name=appender, class=org.apache.hadoop.hive.ql.log.HushableRandomAccessFileAppender].
DEBUG StatusLogger createAppender(fileName="/home/alex/Repositories/hive/beeline/target/tmp/alex/operation_logs/5e2184a9-635c-4290-b7aa-1822f05d8823/alex_20240501092353_8c14f7f2-d06f-4d99-abc6-9c152bc9f37b.test", append="null", name="test-query-file-appender", immediateFlush="null", bufferSize="null", ignoreExceptions="null", PatternLayout(org.apache.logging.log4j.core.layout.PatternLayout with name PatternLayout), test-filter(org.apache.hadoop.hive.ql.log.LogDivertAppenderForTest$TestFilter with name test-filter), advertise="null", advertiseURI="null", Configuration(HiveLog4j2Test))
DEBUG StatusLogger Starting RandomAccessFileManager /home/alex/Repositories/hive/beeline/target/tmp/alex/operation_logs/5e2184a9-635c-4290-b7aa-1822f05d8823/alex_20240501092353_8c14f7f2-d06f-4d99-abc6-9c152bc9f37b.test
2024-05-01T09:23:53,720  INFO [5e2184a9-635c-4290-b7aa-1822f05d8823 main] operation.HiveCommandOperation: [opType=EXECUTE_STATEMENT, queryId=alex_20240501092353_8c14f7f2-d06f-4d99-abc6-9c152bc9f37b, startTime=1714580633716, sessionId=5e2184a9-635c-4290-b7aa-1822f05d8823, createTime=1714580633652, userName=null, ipAddress=null]
2024-05-01T09:23:53,728  INFO [5e2184a9-635c-4290-b7aa-1822f05d8823 main] common.LogUtils: Unregistered logging context.
2024-05-01T09:23:53,730  INFO [5e2184a9-635c-4290-b7aa-1822f05d8823 main] operation.OperationManager: Closing operation: OperationHandle [opType=EXECUTE_STATEMENT, getHandleIdentifier()=42531ca7-bfea-46a2-bf43-d6c2136329b5]
2024-05-01T09:23:53,731  INFO [5e2184a9-635c-4290-b7aa-1822f05d8823 main] operation.OperationManager: Removed queryId: alex_20240501092353_8c14f7f2-d06f-4d99-abc6-9c152bc9f37b corresponding to operation: OperationHandle [opType=EXECUTE_STATEMENT, getHandleIdentifier()=42531ca7-bfea-46a2-bf43-d6c2136329b5] with tag: null
2024-05-01T09:23:53,731  INFO [5e2184a9-635c-4290-b7aa-1822f05d8823 main] operation.HiveCommandOperation: Closing operation log /home/alex/Repositories/hive/beeline/target/tmp/alex/operation_logs/5e2184a9-635c-4290-b7aa-1822f05d8823/alex_20240501092353_8c14f7f2-d06f-4d99-abc6-9c152bc9f37b without delay
2024-05-01T09:23:53,738  INFO [5e2184a9-635c-4290-b7aa-1822f05d8823 main] session.HiveSessionImpl: executing create database if not exists test
2024-05-01T09:23:53,738  INFO [5e2184a9-635c-4290-b7aa-1822f05d8823 main] operation.OperationManager: Adding operation: OperationHandle [opType=EXECUTE_STATEMENT, getHandleIdentifier()=65aaebc9-0a4e-45c3-8e7f-6c7c4a6442ad] SessionHandle [5e2184a9-635c-4290-b7aa-1822f05d8823]
2024-05-01T09:23:53,738  INFO [5e2184a9-635c-4290-b7aa-1822f05d8823 main] common.LogUtils: Thread context registration is done.
DEBUG StatusLogger Building Plugin[name=filter, class=org.apache.hadoop.hive.ql.log.LogDivertAppender$NameFilter].
DEBUG StatusLogger createFilter(loggingLevel="EXECUTION")
DEBUG StatusLogger Building Plugin[name=layout, class=org.apache.logging.log4j.core.layout.PatternLayout].
DEBUG StatusLogger PatternLayout$Builder(pattern="%-5p : %m%n", PatternSelector=null, Configuration(HiveLog4j2Test), Replace=null, charset="null", alwaysWriteExceptions="null", disableAnsi="null", noConsoleNoAnsi="null", header="null", footer="null")
DEBUG StatusLogger Building Plugin[name=appender, class=org.apache.hadoop.hive.ql.log.HushableRandomAccessFileAppender].
DEBUG StatusLogger createAppender(fileName="/home/alex/Repositories/hive/beeline/target/tmp/alex/operation_logs/5e2184a9-635c-4290-b7aa-1822f05d8823/alex_20240501092353_a0e9180f-1240-4c50-95b3-e00485a857fd", append="null", name="query-file-appender", immediateFlush="null", bufferSize="null", ignoreExceptions="null", PatternLayout(org.apache.logging.log4j.core.layout.PatternLayout with name PatternLayout), NameFilter(org.apache.hadoop.hive.ql.log.LogDivertAppender$NameFilter with name NameFilter), advertise="null", advertiseURI="null", Configuration(HiveLog4j2Test))
DEBUG StatusLogger Starting RandomAccessFileManager /home/alex/Repositories/hive/beeline/target/tmp/alex/operation_logs/5e2184a9-635c-4290-b7aa-1822f05d8823/alex_20240501092353_a0e9180f-1240-4c50-95b3-e00485a857fd
DEBUG StatusLogger Building Plugin[name=, class=org.apache.hadoop.hive.ql.log.LogDivertAppenderForTest$TestFilter].
DEBUG StatusLogger createFilter()
DEBUG StatusLogger Building Plugin[name=, class=org.apache.logging.log4j.core.layout.PatternLayout].
DEBUG StatusLogger PatternLayout$Builder(pattern="%-5p : %m%n", PatternSelector=null, Configuration(HiveLog4j2Test), Replace=null, charset="null", alwaysWriteExceptions="null", disableAnsi="null", noConsoleNoAnsi="null", header="null", footer="null")
DEBUG StatusLogger Building Plugin[name=appender, class=org.apache.hadoop.hive.ql.log.HushableRandomAccessFileAppender].
DEBUG StatusLogger createAppender(fileName="/home/alex/Repositories/hive/beeline/target/tmp/alex/operation_logs/5e2184a9-635c-4290-b7aa-1822f05d8823/alex_20240501092353_a0e9180f-1240-4c50-95b3-e00485a857fd.test", append="null", name="test-query-file-appender", immediateFlush="null", bufferSize="null", ignoreExceptions="null", PatternLayout(org.apache.logging.log4j.core.layout.PatternLayout with name PatternLayout), test-filter(org.apache.hadoop.hive.ql.log.LogDivertAppenderForTest$TestFilter with name test-filter), advertise="null", advertiseURI="null", Configuration(HiveLog4j2Test))
DEBUG StatusLogger Starting RandomAccessFileManager /home/alex/Repositories/hive/beeline/target/tmp/alex/operation_logs/5e2184a9-635c-4290-b7aa-1822f05d8823/alex_20240501092353_a0e9180f-1240-4c50-95b3-e00485a857fd.test
2024-05-01T09:23:53,741  INFO [5e2184a9-635c-4290-b7aa-1822f05d8823 main] operation.SQLOperation: [opType=EXECUTE_STATEMENT, queryId=alex_20240501092353_a0e9180f-1240-4c50-95b3-e00485a857fd, startTime=1714580633738, sessionId=5e2184a9-635c-4290-b7aa-1822f05d8823, createTime=1714580633652, userName=null, ipAddress=null]
2024-05-01T09:23:53,742  INFO [5e2184a9-635c-4290-b7aa-1822f05d8823 main] ql.Driver: Compiling command(queryId=alex_20240501092353_a0e9180f-1240-4c50-95b3-e00485a857fd): create database if not exists test
2024-05-01T09:23:53,743  INFO [5e2184a9-635c-4290-b7aa-1822f05d8823 main] metastore.HiveMetaStoreClient: HMS client filtering is enabled.
2024-05-01T09:23:53,744  INFO [5e2184a9-635c-4290-b7aa-1822f05d8823 main] metastore.HMSHandler: 0: Opening raw store with implementation class:org.apache.hadoop.hive.metastore.ObjectStore
2024-05-01T09:23:53,744  INFO [5e2184a9-635c-4290-b7aa-1822f05d8823 main] metastore.PersistenceManagerProvider: Configuration datanucleus.autoStartMechanismMode is not set. Defaulting to 'ignored'
2024-05-01T09:23:53,744  INFO [5e2184a9-635c-4290-b7aa-1822f05d8823 main] metastore.ObjectStore: RawStore: org.apache.hadoop.hive.metastore.ObjectStore@438c0aaf, with PersistenceManager: null will be shutdown
2024-05-01T09:23:53,744  INFO [5e2184a9-635c-4290-b7aa-1822f05d8823 main] metastore.ObjectStore: RawStore: org.apache.hadoop.hive.metastore.ObjectStore@438c0aaf, with PersistenceManager: org.datanucleus.api.jdo.JDOPersistenceManager@7577589 created in the thread with id: 1
2024-05-01T09:23:53,746  INFO [5e2184a9-635c-4290-b7aa-1822f05d8823 main] metastore.HMSHandler: Created RawStore: org.apache.hadoop.hive.metastore.ObjectStore@438c0aaf from thread id: 1
2024-05-01T09:23:53,746  INFO [5e2184a9-635c-4290-b7aa-1822f05d8823 main] metastore.HMSHandler: HMS server filtering is disabled by configuration
2024-05-01T09:23:53,746  INFO [5e2184a9-635c-4290-b7aa-1822f05d8823 main] metastore.RetryingMetaStoreClient: RetryingMetaStoreClient proxy=class org.apache.hadoop.hive.ql.metadata.SessionHiveMetaStoreClient ugi=alex (auth:SIMPLE) retries=1 delay=1 lifetime=0
2024-05-01T09:23:53,747  INFO [5e2184a9-635c-4290-b7aa-1822f05d8823 main] ql.Driver: Semantic Analysis Completed (retrial = false)
2024-05-01T09:23:53,747  INFO [5e2184a9-635c-4290-b7aa-1822f05d8823 main] ql.Driver: Created Hive schema: Schema(fieldSchemas:null, properties:null)
2024-05-01T09:23:53,747  INFO [5e2184a9-635c-4290-b7aa-1822f05d8823 main] metadata.Hive: Dumping metastore api call timing information for : compilation phase
2024-05-01T09:23:53,747  INFO [5e2184a9-635c-4290-b7aa-1822f05d8823 main] metadata.Hive: Total time spent in each metastore function (ms): {isCompatibleWith_(Configuration)=0, flushCache_()=0}
2024-05-01T09:23:53,747  INFO [5e2184a9-635c-4290-b7aa-1822f05d8823 main] ql.Driver: Completed compiling command(queryId=alex_20240501092353_a0e9180f-1240-4c50-95b3-e00485a857fd); Time taken: 0.005 seconds
2024-05-01T09:23:53,747  INFO [5e2184a9-635c-4290-b7aa-1822f05d8823 main] common.LogUtils: Unregistered logging context.
2024-05-01T09:23:53,748  INFO [HiveServer2-Background-Pool: Thread-671] common.LogUtils: Thread context registration is done.
2024-05-01T09:23:53,749  INFO [HiveServer2-Background-Pool: Thread-671] reexec.ReExecDriver: Execution #1 of query
2024-05-01T09:23:53,749  INFO [HiveServer2-Background-Pool: Thread-671] ql.Driver: Concurrency mode is disabled, not creating a lock manager
2024-05-01T09:23:53,749  INFO [HiveServer2-Background-Pool: Thread-671] ql.Driver: Executing command(queryId=alex_20240501092353_a0e9180f-1240-4c50-95b3-e00485a857fd): create database if not exists test
2024-05-01T09:23:53,750  INFO [HiveServer2-Background-Pool: Thread-671] ql.Driver: Starting task [Stage-0:DDL] in serial mode
2024-05-01T09:23:53,751  INFO [HiveServer2-Background-Pool: Thread-671] sqlstd.SQLStdHiveAccessController: Created SQLStdHiveAccessController for session context : HiveAuthzSessionContext [sessionString=5e2184a9-635c-4290-b7aa-1822f05d8823, clientType=HIVESERVER2]
2024-05-01T09:23:53,751  WARN [HiveServer2-Background-Pool: Thread-671] exec.DDLTask: metastore.warehouse.external.dir is not set, falling back to metastore.warehouse.dir. This could cause external tables to use to managed tablespace.
2024-05-01T09:23:53,752  INFO [HiveServer2-Background-Pool: Thread-671] HiveMetaStore.audit: ugi=alex	ip=unknown-ip-addr	cmd=create_database: Database(name:test, description:null, locationUri:file:/home/alex/Repositories/hive/beeline/target/tmp/warehouse/test.db, parameters:null, ownerName:alex, ownerType:USER, catalogName:hive, type:NATIVE)	
2024-05-01T09:23:53,752  INFO [HiveServer2-Background-Pool: Thread-671] metastore.HMSHandler: 31: Opening raw store with implementation class:org.apache.hadoop.hive.metastore.ObjectStore
2024-05-01T09:23:53,753  INFO [HiveServer2-Background-Pool: Thread-671] metastore.ObjectStore: RawStore: org.apache.hadoop.hive.metastore.ObjectStore@71c52f55, with PersistenceManager: null will be shutdown
2024-05-01T09:23:53,753  INFO [HiveServer2-Background-Pool: Thread-671] metastore.ObjectStore: RawStore: org.apache.hadoop.hive.metastore.ObjectStore@71c52f55, with PersistenceManager: org.datanucleus.api.jdo.JDOPersistenceManager@34c7bf09 created in the thread with id: 671
2024-05-01T09:23:53,756  INFO [HiveServer2-Background-Pool: Thread-671] metastore.HMSHandler: Created RawStore: org.apache.hadoop.hive.metastore.ObjectStore@71c52f55 from thread id: 671
2024-05-01T09:23:53,756 ERROR [HiveServer2-Background-Pool: Thread-671] metastore.RetryingHMSHandler: AlreadyExistsException(message:Database test already exists)
	at org.apache.hadoop.hive.metastore.HMSHandler.create_database(HMSHandler.java:1472)
	at sun.reflect.NativeMethodAccessorImpl.invoke0(Native Method)
	at sun.reflect.NativeMethodAccessorImpl.invoke(NativeMethodAccessorImpl.java:62)
	at sun.reflect.DelegatingMethodAccessorImpl.invoke(DelegatingMethodAccessorImpl.java:43)
	at java.lang.reflect.Method.invoke(Method.java:498)
	at org.apache.hadoop.hive.metastore.RetryingHMSHandler.invokeInternal(RetryingHMSHandler.java:147)
	at org.apache.hadoop.hive.metastore.RetryingHMSHandler.invoke(RetryingHMSHandler.java:108)
	at com.sun.proxy.$Proxy40.create_database(Unknown Source)
	at org.apache.hadoop.hive.metastore.HiveMetaStoreClient.createDatabase(HiveMetaStoreClient.java:1151)
	at sun.reflect.NativeMethodAccessorImpl.invoke0(Native Method)
	at sun.reflect.NativeMethodAccessorImpl.invoke(NativeMethodAccessorImpl.java:62)
	at sun.reflect.DelegatingMethodAccessorImpl.invoke(DelegatingMethodAccessorImpl.java:43)
	at java.lang.reflect.Method.invoke(Method.java:498)
	at org.apache.hadoop.hive.metastore.RetryingMetaStoreClient.invoke(RetryingMetaStoreClient.java:218)
	at com.sun.proxy.$Proxy41.createDatabase(Unknown Source)
	at org.apache.hadoop.hive.ql.metadata.Hive.createDatabase(Hive.java:605)
	at org.apache.hadoop.hive.ql.ddl.database.create.CreateDatabaseOperation.execute(CreateDatabaseOperation.java:68)
	at org.apache.hadoop.hive.ql.ddl.DDLTask.execute(DDLTask.java:84)
	at org.apache.hadoop.hive.ql.exec.Task.executeTask(Task.java:212)
	at org.apache.hadoop.hive.ql.exec.TaskRunner.runSequential(TaskRunner.java:105)
	at org.apache.hadoop.hive.ql.Executor.launchTask(Executor.java:361)
	at org.apache.hadoop.hive.ql.Executor.launchTasks(Executor.java:334)
	at org.apache.hadoop.hive.ql.Executor.runTasks(Executor.java:245)
	at org.apache.hadoop.hive.ql.Executor.execute(Executor.java:108)
	at org.apache.hadoop.hive.ql.Driver.execute(Driver.java:348)
	at org.apache.hadoop.hive.ql.Driver.runInternal(Driver.java:204)
	at org.apache.hadoop.hive.ql.Driver.run(Driver.java:153)
	at org.apache.hadoop.hive.ql.Driver.run(Driver.java:148)
	at org.apache.hadoop.hive.ql.reexec.ReExecDriver.run(ReExecDriver.java:164)
	at org.apache.hive.service.cli.operation.SQLOperation.runQuery(SQLOperation.java:233)
	at org.apache.hive.service.cli.operation.SQLOperation.access$500(SQLOperation.java:88)
	at org.apache.hive.service.cli.operation.SQLOperation$BackgroundWork$1.run(SQLOperation.java:336)
	at java.security.AccessController.doPrivileged(Native Method)
	at javax.security.auth.Subject.doAs(Subject.java:422)
	at org.apache.hadoop.security.UserGroupInformation.doAs(UserGroupInformation.java:1682)
	at org.apache.hive.service.cli.operation.SQLOperation$BackgroundWork.run(SQLOperation.java:356)
	at java.util.concurrent.Executors$RunnableAdapter.call(Executors.java:511)
	at java.util.concurrent.FutureTask.run(FutureTask.java:266)
	at java.util.concurrent.ThreadPoolExecutor.runWorker(ThreadPoolExecutor.java:1149)
	at java.util.concurrent.ThreadPoolExecutor$Worker.run(ThreadPoolExecutor.java:624)
	at java.lang.Thread.run(Thread.java:750)

2024-05-01T09:23:53,757  INFO [HiveServer2-Background-Pool: Thread-671] metadata.Hive: Dumping metastore api call timing information for : execution phase
2024-05-01T09:23:53,757  INFO [HiveServer2-Background-Pool: Thread-671] metadata.Hive: Total time spent in each metastore function (ms): {isCompatibleWith_(Configuration)=0}
2024-05-01T09:23:53,757  INFO [HiveServer2-Background-Pool: Thread-671] ql.Driver: Completed executing command(queryId=alex_20240501092353_a0e9180f-1240-4c50-95b3-e00485a857fd); Time taken: 0.008 seconds
2024-05-01T09:23:53,758  INFO [HiveServer2-Background-Pool: Thread-671] common.LogUtils: Unregistered logging context.
2024-05-01T09:23:53,761  INFO [5e2184a9-635c-4290-b7aa-1822f05d8823 main] operation.OperationManager: Closing operation: OperationHandle [opType=EXECUTE_STATEMENT, getHandleIdentifier()=65aaebc9-0a4e-45c3-8e7f-6c7c4a6442ad]
2024-05-01T09:23:53,761  INFO [5e2184a9-635c-4290-b7aa-1822f05d8823 main] operation.OperationManager: Removed queryId: alex_20240501092353_a0e9180f-1240-4c50-95b3-e00485a857fd corresponding to operation: OperationHandle [opType=EXECUTE_STATEMENT, getHandleIdentifier()=65aaebc9-0a4e-45c3-8e7f-6c7c4a6442ad] with tag: null
2024-05-01T09:23:53,762  INFO [5e2184a9-635c-4290-b7aa-1822f05d8823 main] operation.SQLOperation: Closing operation log /home/alex/Repositories/hive/beeline/target/tmp/alex/operation_logs/5e2184a9-635c-4290-b7aa-1822f05d8823/alex_20240501092353_a0e9180f-1240-4c50-95b3-e00485a857fd without delay
2024-05-01T09:23:53,767  INFO [5e2184a9-635c-4290-b7aa-1822f05d8823 main] session.HiveSessionImpl: executing create table if not exists test.testTbl(a string, b string)
2024-05-01T09:23:53,768  INFO [5e2184a9-635c-4290-b7aa-1822f05d8823 main] operation.OperationManager: Adding operation: OperationHandle [opType=EXECUTE_STATEMENT, getHandleIdentifier()=87bcbaa4-0d11-4c93-8ff3-faf1c7b937e2] SessionHandle [5e2184a9-635c-4290-b7aa-1822f05d8823]
2024-05-01T09:23:53,768  INFO [5e2184a9-635c-4290-b7aa-1822f05d8823 main] common.LogUtils: Thread context registration is done.
DEBUG StatusLogger Building Plugin[name=filter, class=org.apache.hadoop.hive.ql.log.LogDivertAppender$NameFilter].
DEBUG StatusLogger createFilter(loggingLevel="EXECUTION")
DEBUG StatusLogger Building Plugin[name=layout, class=org.apache.logging.log4j.core.layout.PatternLayout].
DEBUG StatusLogger PatternLayout$Builder(pattern="%-5p : %m%n", PatternSelector=null, Configuration(HiveLog4j2Test), Replace=null, charset="null", alwaysWriteExceptions="null", disableAnsi="null", noConsoleNoAnsi="null", header="null", footer="null")
DEBUG StatusLogger Building Plugin[name=appender, class=org.apache.hadoop.hive.ql.log.HushableRandomAccessFileAppender].
DEBUG StatusLogger createAppender(fileName="/home/alex/Repositories/hive/beeline/target/tmp/alex/operation_logs/5e2184a9-635c-4290-b7aa-1822f05d8823/alex_20240501092353_c6a89d4f-2242-4ca5-9533-1999901d0d04", append="null", name="query-file-appender", immediateFlush="null", bufferSize="null", ignoreExceptions="null", PatternLayout(org.apache.logging.log4j.core.layout.PatternLayout with name PatternLayout), NameFilter(org.apache.hadoop.hive.ql.log.LogDivertAppender$NameFilter with name NameFilter), advertise="null", advertiseURI="null", Configuration(HiveLog4j2Test))
DEBUG StatusLogger Starting RandomAccessFileManager /home/alex/Repositories/hive/beeline/target/tmp/alex/operation_logs/5e2184a9-635c-4290-b7aa-1822f05d8823/alex_20240501092353_c6a89d4f-2242-4ca5-9533-1999901d0d04
DEBUG StatusLogger Building Plugin[name=, class=org.apache.hadoop.hive.ql.log.LogDivertAppenderForTest$TestFilter].
DEBUG StatusLogger createFilter()
DEBUG StatusLogger Building Plugin[name=, class=org.apache.logging.log4j.core.layout.PatternLayout].
DEBUG StatusLogger PatternLayout$Builder(pattern="%-5p : %m%n", PatternSelector=null, Configuration(HiveLog4j2Test), Replace=null, charset="null", alwaysWriteExceptions="null", disableAnsi="null", noConsoleNoAnsi="null", header="null", footer="null")
DEBUG StatusLogger Building Plugin[name=appender, class=org.apache.hadoop.hive.ql.log.HushableRandomAccessFileAppender].
DEBUG StatusLogger createAppender(fileName="/home/alex/Repositories/hive/beeline/target/tmp/alex/operation_logs/5e2184a9-635c-4290-b7aa-1822f05d8823/alex_20240501092353_c6a89d4f-2242-4ca5-9533-1999901d0d04.test", append="null", name="test-query-file-appender", immediateFlush="null", bufferSize="null", ignoreExceptions="null", PatternLayout(org.apache.logging.log4j.core.layout.PatternLayout with name PatternLayout), test-filter(org.apache.hadoop.hive.ql.log.LogDivertAppenderForTest$TestFilter with name test-filter), advertise="null", advertiseURI="null", Configuration(HiveLog4j2Test))
DEBUG StatusLogger Starting RandomAccessFileManager /home/alex/Repositories/hive/beeline/target/tmp/alex/operation_logs/5e2184a9-635c-4290-b7aa-1822f05d8823/alex_20240501092353_c6a89d4f-2242-4ca5-9533-1999901d0d04.test
2024-05-01T09:23:53,771  INFO [5e2184a9-635c-4290-b7aa-1822f05d8823 main] operation.SQLOperation: [opType=EXECUTE_STATEMENT, queryId=alex_20240501092353_c6a89d4f-2242-4ca5-9533-1999901d0d04, startTime=1714580633767, sessionId=5e2184a9-635c-4290-b7aa-1822f05d8823, createTime=1714580633652, userName=null, ipAddress=null]
2024-05-01T09:23:53,772  INFO [5e2184a9-635c-4290-b7aa-1822f05d8823 main] ql.Driver: Compiling command(queryId=alex_20240501092353_c6a89d4f-2242-4ca5-9533-1999901d0d04): create table if not exists test.testTbl(a string, b string)
2024-05-01T09:23:53,773  INFO [5e2184a9-635c-4290-b7aa-1822f05d8823 main] parse.CalcitePlanner: Starting caching scope for: alex_20240501092353_c6a89d4f-2242-4ca5-9533-1999901d0d04
2024-05-01T09:23:53,773  INFO [5e2184a9-635c-4290-b7aa-1822f05d8823 main] parse.CalcitePlanner: Starting Semantic Analysis
2024-05-01T09:23:53,773  INFO [5e2184a9-635c-4290-b7aa-1822f05d8823 main] parse.CalcitePlanner: Creating table test.testTbl position=27
2024-05-01T09:23:53,773  INFO [5e2184a9-635c-4290-b7aa-1822f05d8823 main] HiveMetaStore.audit: ugi=alex	ip=unknown-ip-addr	cmd=get_table : tbl=hive.test.testTbl	
2024-05-01T09:23:53,775  INFO [5e2184a9-635c-4290-b7aa-1822f05d8823 main] HiveMetaStore.audit: ugi=alex	ip=unknown-ip-addr	cmd=get_database: test	
2024-05-01T09:23:53,775  INFO [5e2184a9-635c-4290-b7aa-1822f05d8823 main] parse.CalcitePlanner: Ending caching scope for: alex_20240501092353_c6a89d4f-2242-4ca5-9533-1999901d0d04
2024-05-01T09:23:53,775  INFO [5e2184a9-635c-4290-b7aa-1822f05d8823 main] ql.Driver: Semantic Analysis Completed (retrial = false)
2024-05-01T09:23:53,776  INFO [5e2184a9-635c-4290-b7aa-1822f05d8823 main] ql.Driver: Created Hive schema: Schema(fieldSchemas:null, properties:null)
2024-05-01T09:23:53,776  INFO [5e2184a9-635c-4290-b7aa-1822f05d8823 main] metadata.Hive: Dumping metastore api call timing information for : compilation phase
2024-05-01T09:23:53,776  INFO [5e2184a9-635c-4290-b7aa-1822f05d8823 main] metadata.Hive: Total time spent in each metastore function (ms): {isCompatibleWith_(Configuration)=0, getDatabase_(String)=0, flushCache_()=0}
2024-05-01T09:23:53,776  INFO [5e2184a9-635c-4290-b7aa-1822f05d8823 main] ql.Driver: Completed compiling command(queryId=alex_20240501092353_c6a89d4f-2242-4ca5-9533-1999901d0d04); Time taken: 0.004 seconds
2024-05-01T09:23:53,776  INFO [5e2184a9-635c-4290-b7aa-1822f05d8823 main] common.LogUtils: Unregistered logging context.
2024-05-01T09:23:53,776  INFO [HiveServer2-Background-Pool: Thread-674] common.LogUtils: Thread context registration is done.
2024-05-01T09:23:53,777  INFO [HiveServer2-Background-Pool: Thread-674] reexec.ReExecDriver: Execution #1 of query
2024-05-01T09:23:53,777  INFO [HiveServer2-Background-Pool: Thread-674] ql.Driver: Concurrency mode is disabled, not creating a lock manager
2024-05-01T09:23:53,778  INFO [HiveServer2-Background-Pool: Thread-674] ql.Driver: Executing command(queryId=alex_20240501092353_c6a89d4f-2242-4ca5-9533-1999901d0d04): create table if not exists test.testTbl(a string, b string)
2024-05-01T09:23:53,778  INFO [HiveServer2-Background-Pool: Thread-674] ql.Driver: Starting task [Stage-0:DDL] in serial mode
2024-05-01T09:23:53,779  INFO [HiveServer2-Background-Pool: Thread-674] HiveMetaStore.audit: ugi=alex	ip=unknown-ip-addr	cmd=create_table_req: Table(tableName:testTbl, dbName:test, owner:alex, createTime:1714580633, lastAccessTime:0, retention:0, sd:StorageDescriptor(cols:[FieldSchema(name:a, type:string, comment:null), FieldSchema(name:b, type:string, comment:null)], location:null, inputFormat:org.apache.hadoop.mapred.TextInputFormat, outputFormat:org.apache.hadoop.hive.ql.io.HiveIgnoreKeyTextOutputFormat, compressed:false, numBuckets:-1, serdeInfo:SerDeInfo(name:null, serializationLib:org.apache.hadoop.hive.serde2.lazy.LazySimpleSerDe, parameters:{serialization.format=1}), bucketCols:[], sortCols:[], parameters:{}, skewedInfo:SkewedInfo(skewedColNames:[], skewedColValues:[], skewedColValueLocationMaps:{}), storedAsSubDirectories:false), partitionKeys:[], parameters:{totalSize=0, numRows=0, rawDataSize=0, COLUMN_STATS_ACCURATE={"BASIC_STATS":"true","COLUMN_STATS":{"a":"true","b":"true"}}, numFiles=0, bucketing_version=2, numFilesErasureCoded=0}, viewOriginalText:null, viewExpandedText:null, tableType:MANAGED_TABLE, privileges:PrincipalPrivilegeSet(userPrivileges:{alex=[PrivilegeGrantInfo(privilege:INSERT, createTime:-1, grantor:alex, grantorType:USER, grantOption:true), PrivilegeGrantInfo(privilege:SELECT, createTime:-1, grantor:alex, grantorType:USER, grantOption:true), PrivilegeGrantInfo(privilege:UPDATE, createTime:-1, grantor:alex, grantorType:USER, grantOption:true), PrivilegeGrantInfo(privilege:DELETE, createTime:-1, grantor:alex, grantorType:USER, grantOption:true)]}, groupPrivileges:null, rolePrivileges:null), temporary:false, catName:hive, ownerType:USER)	
2024-05-01T09:23:53,780  INFO [HiveServer2-Background-Pool: Thread-674] metastore.HMSHandler: 32: Opening raw store with implementation class:org.apache.hadoop.hive.metastore.ObjectStore
2024-05-01T09:23:53,780  INFO [HiveServer2-Background-Pool: Thread-674] metastore.ObjectStore: RawStore: org.apache.hadoop.hive.metastore.ObjectStore@5f3fe0db, with PersistenceManager: null will be shutdown
2024-05-01T09:23:53,780  INFO [HiveServer2-Background-Pool: Thread-674] metastore.ObjectStore: RawStore: org.apache.hadoop.hive.metastore.ObjectStore@5f3fe0db, with PersistenceManager: org.datanucleus.api.jdo.JDOPersistenceManager@67765cf2 created in the thread with id: 674
2024-05-01T09:23:53,782  INFO [HiveServer2-Background-Pool: Thread-674] metastore.HMSHandler: Created RawStore: org.apache.hadoop.hive.metastore.ObjectStore@5f3fe0db from thread id: 674
2024-05-01T09:23:53,784  INFO [HiveServer2-Background-Pool: Thread-674] utils.FileUtils: Creating directory if it doesn't exist: file:/home/alex/Repositories/hive/beeline/target/tmp/warehouse/test.db/testtbl
2024-05-01T09:23:53,802  INFO [HiveServer2-Background-Pool: Thread-674] metadata.Hive: Dumping metastore api call timing information for : execution phase
2024-05-01T09:23:53,802  INFO [HiveServer2-Background-Pool: Thread-674] metadata.Hive: Total time spent in each metastore function (ms): {isCompatibleWith_(Configuration)=0, createTable_(Table)=23}
2024-05-01T09:23:53,802  INFO [HiveServer2-Background-Pool: Thread-674] ql.Driver: Completed executing command(queryId=alex_20240501092353_c6a89d4f-2242-4ca5-9533-1999901d0d04); Time taken: 0.024 seconds
2024-05-01T09:23:53,803  INFO [HiveServer2-Background-Pool: Thread-674] common.LogUtils: Unregistered logging context.
2024-05-01T09:23:53,805  INFO [5e2184a9-635c-4290-b7aa-1822f05d8823 main] operation.OperationManager: Closing operation: OperationHandle [opType=EXECUTE_STATEMENT, getHandleIdentifier()=87bcbaa4-0d11-4c93-8ff3-faf1c7b937e2]
2024-05-01T09:23:53,805  INFO [5e2184a9-635c-4290-b7aa-1822f05d8823 main] operation.OperationManager: Removed queryId: alex_20240501092353_c6a89d4f-2242-4ca5-9533-1999901d0d04 corresponding to operation: OperationHandle [opType=EXECUTE_STATEMENT, getHandleIdentifier()=87bcbaa4-0d11-4c93-8ff3-faf1c7b937e2] with tag: null
2024-05-01T09:23:53,805  INFO [5e2184a9-635c-4290-b7aa-1822f05d8823 main] operation.SQLOperation: Closing operation log /home/alex/Repositories/hive/beeline/target/tmp/alex/operation_logs/5e2184a9-635c-4290-b7aa-1822f05d8823/alex_20240501092353_c6a89d4f-2242-4ca5-9533-1999901d0d04 without delay
2024-05-01T09:23:53,811  INFO [5e2184a9-635c-4290-b7aa-1822f05d8823 main] session.HiveSessionImpl: executing set hive.cli.print.header=true
2024-05-01T09:23:53,812  INFO [5e2184a9-635c-4290-b7aa-1822f05d8823 main] operation.HiveCommandOperation: Putting temp output to file /home/alex/Repositories/hive/beeline/target/tmp/alex/5e2184a9-635c-4290-b7aa-1822f05d88238003414234237921944.pipeout and error output to file /home/alex/Repositories/hive/beeline/target/tmp/alex/5e2184a9-635c-4290-b7aa-1822f05d88237362496518681702254.pipeout
2024-05-01T09:23:53,812  INFO [5e2184a9-635c-4290-b7aa-1822f05d8823 main] operation.OperationManager: Adding operation: OperationHandle [opType=EXECUTE_STATEMENT, getHandleIdentifier()=6ffbb895-a3ba-4ad9-bc61-d2300a83f8de] SessionHandle [5e2184a9-635c-4290-b7aa-1822f05d8823]
2024-05-01T09:23:53,812  INFO [5e2184a9-635c-4290-b7aa-1822f05d8823 main] common.LogUtils: Thread context registration is done.
DEBUG StatusLogger Building Plugin[name=filter, class=org.apache.hadoop.hive.ql.log.LogDivertAppender$NameFilter].
DEBUG StatusLogger createFilter(loggingLevel="EXECUTION")
DEBUG StatusLogger Building Plugin[name=layout, class=org.apache.logging.log4j.core.layout.PatternLayout].
DEBUG StatusLogger PatternLayout$Builder(pattern="%-5p : %m%n", PatternSelector=null, Configuration(HiveLog4j2Test), Replace=null, charset="null", alwaysWriteExceptions="null", disableAnsi="null", noConsoleNoAnsi="null", header="null", footer="null")
DEBUG StatusLogger Building Plugin[name=appender, class=org.apache.hadoop.hive.ql.log.HushableRandomAccessFileAppender].
DEBUG StatusLogger createAppender(fileName="/home/alex/Repositories/hive/beeline/target/tmp/alex/operation_logs/5e2184a9-635c-4290-b7aa-1822f05d8823/alex_20240501092353_6b3e0fce-9b0e-4527-8713-422659a9038f", append="null", name="query-file-appender", immediateFlush="null", bufferSize="null", ignoreExceptions="null", PatternLayout(org.apache.logging.log4j.core.layout.PatternLayout with name PatternLayout), NameFilter(org.apache.hadoop.hive.ql.log.LogDivertAppender$NameFilter with name NameFilter), advertise="null", advertiseURI="null", Configuration(HiveLog4j2Test))
DEBUG StatusLogger Starting RandomAccessFileManager /home/alex/Repositories/hive/beeline/target/tmp/alex/operation_logs/5e2184a9-635c-4290-b7aa-1822f05d8823/alex_20240501092353_6b3e0fce-9b0e-4527-8713-422659a9038f
DEBUG StatusLogger Building Plugin[name=, class=org.apache.hadoop.hive.ql.log.LogDivertAppenderForTest$TestFilter].
DEBUG StatusLogger createFilter()
DEBUG StatusLogger Building Plugin[name=, class=org.apache.logging.log4j.core.layout.PatternLayout].
DEBUG StatusLogger PatternLayout$Builder(pattern="%-5p : %m%n", PatternSelector=null, Configuration(HiveLog4j2Test), Replace=null, charset="null", alwaysWriteExceptions="null", disableAnsi="null", noConsoleNoAnsi="null", header="null", footer="null")
DEBUG StatusLogger Building Plugin[name=appender, class=org.apache.hadoop.hive.ql.log.HushableRandomAccessFileAppender].
DEBUG StatusLogger createAppender(fileName="/home/alex/Repositories/hive/beeline/target/tmp/alex/operation_logs/5e2184a9-635c-4290-b7aa-1822f05d8823/alex_20240501092353_6b3e0fce-9b0e-4527-8713-422659a9038f.test", append="null", name="test-query-file-appender", immediateFlush="null", bufferSize="null", ignoreExceptions="null", PatternLayout(org.apache.logging.log4j.core.layout.PatternLayout with name PatternLayout), test-filter(org.apache.hadoop.hive.ql.log.LogDivertAppenderForTest$TestFilter with name test-filter), advertise="null", advertiseURI="null", Configuration(HiveLog4j2Test))
DEBUG StatusLogger Starting RandomAccessFileManager /home/alex/Repositories/hive/beeline/target/tmp/alex/operation_logs/5e2184a9-635c-4290-b7aa-1822f05d8823/alex_20240501092353_6b3e0fce-9b0e-4527-8713-422659a9038f.test
2024-05-01T09:23:53,817  INFO [5e2184a9-635c-4290-b7aa-1822f05d8823 main] operation.HiveCommandOperation: [opType=EXECUTE_STATEMENT, queryId=alex_20240501092353_6b3e0fce-9b0e-4527-8713-422659a9038f, startTime=1714580633811, sessionId=5e2184a9-635c-4290-b7aa-1822f05d8823, createTime=1714580633652, userName=null, ipAddress=null]
2024-05-01T09:23:53,817  INFO [5e2184a9-635c-4290-b7aa-1822f05d8823 main] common.LogUtils: Unregistered logging context.
2024-05-01T09:23:53,819  INFO [5e2184a9-635c-4290-b7aa-1822f05d8823 main] operation.OperationManager: Closing operation: OperationHandle [opType=EXECUTE_STATEMENT, getHandleIdentifier()=6ffbb895-a3ba-4ad9-bc61-d2300a83f8de]
2024-05-01T09:23:53,819  INFO [5e2184a9-635c-4290-b7aa-1822f05d8823 main] operation.OperationManager: Removed queryId: alex_20240501092353_6b3e0fce-9b0e-4527-8713-422659a9038f corresponding to operation: OperationHandle [opType=EXECUTE_STATEMENT, getHandleIdentifier()=6ffbb895-a3ba-4ad9-bc61-d2300a83f8de] with tag: null
2024-05-01T09:23:53,819  INFO [5e2184a9-635c-4290-b7aa-1822f05d8823 main] operation.HiveCommandOperation: Closing operation log /home/alex/Repositories/hive/beeline/target/tmp/alex/operation_logs/5e2184a9-635c-4290-b7aa-1822f05d8823/alex_20240501092353_6b3e0fce-9b0e-4527-8713-422659a9038f without delay
2024-05-01T09:23:53,867  WARN [main] conf.HiveConf: HiveConf of name hive.dummyparam.test.server.specific.config.override does not exist
2024-05-01T09:23:53,867  WARN [main] conf.HiveConf: HiveConf of name hive.dummyparam.test.server.specific.config.hiveserver2site does not exist
2024-05-01T09:23:53,867  WARN [main] conf.HiveConf: HiveConf of name hive.dummyparam.test.server.specific.config.metastoresite does not exist
2024-05-01T09:23:53,868  INFO [5e2184a9-635c-4290-b7aa-1822f05d8823 main] session.HiveSessionImpl: executing set
2024-05-01T09:23:53,868  INFO [5e2184a9-635c-4290-b7aa-1822f05d8823 main] operation.HiveCommandOperation: Putting temp output to file /home/alex/Repositories/hive/beeline/target/tmp/alex/5e2184a9-635c-4290-b7aa-1822f05d88238003414234237921944.pipeout and error output to file /home/alex/Repositories/hive/beeline/target/tmp/alex/5e2184a9-635c-4290-b7aa-1822f05d88237362496518681702254.pipeout
2024-05-01T09:23:53,868  INFO [5e2184a9-635c-4290-b7aa-1822f05d8823 main] operation.OperationManager: Adding operation: OperationHandle [opType=EXECUTE_STATEMENT, getHandleIdentifier()=4def4fb7-2b7d-4721-b01d-5393826ad41f] SessionHandle [5e2184a9-635c-4290-b7aa-1822f05d8823]
2024-05-01T09:23:53,868  INFO [5e2184a9-635c-4290-b7aa-1822f05d8823 main] common.LogUtils: Thread context registration is done.
DEBUG StatusLogger Building Plugin[name=filter, class=org.apache.hadoop.hive.ql.log.LogDivertAppender$NameFilter].
DEBUG StatusLogger createFilter(loggingLevel="EXECUTION")
DEBUG StatusLogger Building Plugin[name=layout, class=org.apache.logging.log4j.core.layout.PatternLayout].
DEBUG StatusLogger PatternLayout$Builder(pattern="%-5p : %m%n", PatternSelector=null, Configuration(HiveLog4j2Test), Replace=null, charset="null", alwaysWriteExceptions="null", disableAnsi="null", noConsoleNoAnsi="null", header="null", footer="null")
DEBUG StatusLogger Building Plugin[name=appender, class=org.apache.hadoop.hive.ql.log.HushableRandomAccessFileAppender].
DEBUG StatusLogger createAppender(fileName="/home/alex/Repositories/hive/beeline/target/tmp/alex/operation_logs/5e2184a9-635c-4290-b7aa-1822f05d8823/alex_20240501092353_9d646153-4e6f-4f79-857d-9a537e89656a", append="null", name="query-file-appender", immediateFlush="null", bufferSize="null", ignoreExceptions="null", PatternLayout(org.apache.logging.log4j.core.layout.PatternLayout with name PatternLayout), NameFilter(org.apache.hadoop.hive.ql.log.LogDivertAppender$NameFilter with name NameFilter), advertise="null", advertiseURI="null", Configuration(HiveLog4j2Test))
DEBUG StatusLogger Starting RandomAccessFileManager /home/alex/Repositories/hive/beeline/target/tmp/alex/operation_logs/5e2184a9-635c-4290-b7aa-1822f05d8823/alex_20240501092353_9d646153-4e6f-4f79-857d-9a537e89656a
DEBUG StatusLogger Building Plugin[name=, class=org.apache.hadoop.hive.ql.log.LogDivertAppenderForTest$TestFilter].
DEBUG StatusLogger createFilter()
DEBUG StatusLogger Building Plugin[name=, class=org.apache.logging.log4j.core.layout.PatternLayout].
DEBUG StatusLogger PatternLayout$Builder(pattern="%-5p : %m%n", PatternSelector=null, Configuration(HiveLog4j2Test), Replace=null, charset="null", alwaysWriteExceptions="null", disableAnsi="null", noConsoleNoAnsi="null", header="null", footer="null")
DEBUG StatusLogger Building Plugin[name=appender, class=org.apache.hadoop.hive.ql.log.HushableRandomAccessFileAppender].
DEBUG StatusLogger createAppender(fileName="/home/alex/Repositories/hive/beeline/target/tmp/alex/operation_logs/5e2184a9-635c-4290-b7aa-1822f05d8823/alex_20240501092353_9d646153-4e6f-4f79-857d-9a537e89656a.test", append="null", name="test-query-file-appender", immediateFlush="null", bufferSize="null", ignoreExceptions="null", PatternLayout(org.apache.logging.log4j.core.layout.PatternLayout with name PatternLayout), test-filter(org.apache.hadoop.hive.ql.log.LogDivertAppenderForTest$TestFilter with name test-filter), advertise="null", advertiseURI="null", Configuration(HiveLog4j2Test))
DEBUG StatusLogger Starting RandomAccessFileManager /home/alex/Repositories/hive/beeline/target/tmp/alex/operation_logs/5e2184a9-635c-4290-b7aa-1822f05d8823/alex_20240501092353_9d646153-4e6f-4f79-857d-9a537e89656a.test
2024-05-01T09:23:53,871  INFO [5e2184a9-635c-4290-b7aa-1822f05d8823 main] operation.HiveCommandOperation: [opType=EXECUTE_STATEMENT, queryId=alex_20240501092353_9d646153-4e6f-4f79-857d-9a537e89656a, startTime=1714580633868, sessionId=5e2184a9-635c-4290-b7aa-1822f05d8823, createTime=1714580633652, userName=null, ipAddress=null]
2024-05-01T09:23:53,879  INFO [5e2184a9-635c-4290-b7aa-1822f05d8823 main] common.LogUtils: Unregistered logging context.
2024-05-01T09:23:53,883  INFO [5e2184a9-635c-4290-b7aa-1822f05d8823 main] operation.OperationManager: Closing operation: OperationHandle [opType=EXECUTE_STATEMENT, getHandleIdentifier()=4def4fb7-2b7d-4721-b01d-5393826ad41f]
2024-05-01T09:23:53,883  INFO [5e2184a9-635c-4290-b7aa-1822f05d8823 main] operation.OperationManager: Removed queryId: alex_20240501092353_9d646153-4e6f-4f79-857d-9a537e89656a corresponding to operation: OperationHandle [opType=EXECUTE_STATEMENT, getHandleIdentifier()=4def4fb7-2b7d-4721-b01d-5393826ad41f] with tag: null
2024-05-01T09:23:53,883  INFO [5e2184a9-635c-4290-b7aa-1822f05d8823 main] operation.HiveCommandOperation: Closing operation log /home/alex/Repositories/hive/beeline/target/tmp/alex/operation_logs/5e2184a9-635c-4290-b7aa-1822f05d8823/alex_20240501092353_9d646153-4e6f-4f79-857d-9a537e89656a without delay
2024-05-01T09:23:53,892  INFO [5e2184a9-635c-4290-b7aa-1822f05d8823 main] session.HiveSessionImpl: executing select * from test.testTbl
2024-05-01T09:23:53,893  INFO [5e2184a9-635c-4290-b7aa-1822f05d8823 main] operation.OperationManager: Adding operation: OperationHandle [opType=EXECUTE_STATEMENT, getHandleIdentifier()=70ca7f67-3a8e-4413-802a-a0f3a705d7cf] SessionHandle [5e2184a9-635c-4290-b7aa-1822f05d8823]
2024-05-01T09:23:53,893  INFO [5e2184a9-635c-4290-b7aa-1822f05d8823 main] common.LogUtils: Thread context registration is done.
DEBUG StatusLogger Building Plugin[name=filter, class=org.apache.hadoop.hive.ql.log.LogDivertAppender$NameFilter].
DEBUG StatusLogger createFilter(loggingLevel="EXECUTION")
DEBUG StatusLogger Building Plugin[name=layout, class=org.apache.logging.log4j.core.layout.PatternLayout].
DEBUG StatusLogger PatternLayout$Builder(pattern="%-5p : %m%n", PatternSelector=null, Configuration(HiveLog4j2Test), Replace=null, charset="null", alwaysWriteExceptions="null", disableAnsi="null", noConsoleNoAnsi="null", header="null", footer="null")
DEBUG StatusLogger Building Plugin[name=appender, class=org.apache.hadoop.hive.ql.log.HushableRandomAccessFileAppender].
DEBUG StatusLogger createAppender(fileName="/home/alex/Repositories/hive/beeline/target/tmp/alex/operation_logs/5e2184a9-635c-4290-b7aa-1822f05d8823/alex_20240501092353_a9da08db-48b5-4e26-adef-8eeed9c0de72", append="null", name="query-file-appender", immediateFlush="null", bufferSize="null", ignoreExceptions="null", PatternLayout(org.apache.logging.log4j.core.layout.PatternLayout with name PatternLayout), NameFilter(org.apache.hadoop.hive.ql.log.LogDivertAppender$NameFilter with name NameFilter), advertise="null", advertiseURI="null", Configuration(HiveLog4j2Test))
DEBUG StatusLogger Starting RandomAccessFileManager /home/alex/Repositories/hive/beeline/target/tmp/alex/operation_logs/5e2184a9-635c-4290-b7aa-1822f05d8823/alex_20240501092353_a9da08db-48b5-4e26-adef-8eeed9c0de72
DEBUG StatusLogger Building Plugin[name=, class=org.apache.hadoop.hive.ql.log.LogDivertAppenderForTest$TestFilter].
DEBUG StatusLogger createFilter()
DEBUG StatusLogger Building Plugin[name=, class=org.apache.logging.log4j.core.layout.PatternLayout].
DEBUG StatusLogger PatternLayout$Builder(pattern="%-5p : %m%n", PatternSelector=null, Configuration(HiveLog4j2Test), Replace=null, charset="null", alwaysWriteExceptions="null", disableAnsi="null", noConsoleNoAnsi="null", header="null", footer="null")
DEBUG StatusLogger Building Plugin[name=appender, class=org.apache.hadoop.hive.ql.log.HushableRandomAccessFileAppender].
DEBUG StatusLogger createAppender(fileName="/home/alex/Repositories/hive/beeline/target/tmp/alex/operation_logs/5e2184a9-635c-4290-b7aa-1822f05d8823/alex_20240501092353_a9da08db-48b5-4e26-adef-8eeed9c0de72.test", append="null", name="test-query-file-appender", immediateFlush="null", bufferSize="null", ignoreExceptions="null", PatternLayout(org.apache.logging.log4j.core.layout.PatternLayout with name PatternLayout), test-filter(org.apache.hadoop.hive.ql.log.LogDivertAppenderForTest$TestFilter with name test-filter), advertise="null", advertiseURI="null", Configuration(HiveLog4j2Test))
DEBUG StatusLogger Starting RandomAccessFileManager /home/alex/Repositories/hive/beeline/target/tmp/alex/operation_logs/5e2184a9-635c-4290-b7aa-1822f05d8823/alex_20240501092353_a9da08db-48b5-4e26-adef-8eeed9c0de72.test
2024-05-01T09:23:53,896  INFO [5e2184a9-635c-4290-b7aa-1822f05d8823 main] operation.SQLOperation: [opType=EXECUTE_STATEMENT, queryId=alex_20240501092353_a9da08db-48b5-4e26-adef-8eeed9c0de72, startTime=1714580633893, sessionId=5e2184a9-635c-4290-b7aa-1822f05d8823, createTime=1714580633652, userName=null, ipAddress=null]
2024-05-01T09:23:53,897  INFO [5e2184a9-635c-4290-b7aa-1822f05d8823 main] ql.Driver: Compiling command(queryId=alex_20240501092353_a9da08db-48b5-4e26-adef-8eeed9c0de72): select * from test.testTbl
2024-05-01T09:23:53,898  INFO [5e2184a9-635c-4290-b7aa-1822f05d8823 main] parse.CalcitePlanner: Starting caching scope for: alex_20240501092353_a9da08db-48b5-4e26-adef-8eeed9c0de72
2024-05-01T09:23:53,899  INFO [5e2184a9-635c-4290-b7aa-1822f05d8823 main] parse.CalcitePlanner: Starting Semantic Analysis
2024-05-01T09:23:53,903  INFO [5e2184a9-635c-4290-b7aa-1822f05d8823 main] parse.CalcitePlanner: Completed phase 1 of Semantic Analysis
2024-05-01T09:23:53,903  INFO [5e2184a9-635c-4290-b7aa-1822f05d8823 main] parse.CalcitePlanner: Get metadata for source tables
2024-05-01T09:23:53,903  INFO [5e2184a9-635c-4290-b7aa-1822f05d8823 main] HiveMetaStore.audit: ugi=alex	ip=unknown-ip-addr	cmd=get_table : tbl=hive.test.testtbl	
2024-05-01T09:23:53,916  INFO [5e2184a9-635c-4290-b7aa-1822f05d8823 main] parse.CalcitePlanner: Get metadata for subqueries
2024-05-01T09:23:53,916  INFO [5e2184a9-635c-4290-b7aa-1822f05d8823 main] parse.CalcitePlanner: Get metadata for destination tables
2024-05-01T09:23:53,922  INFO [5e2184a9-635c-4290-b7aa-1822f05d8823 main] parse.CalcitePlanner: Completed getting MetaData in Semantic Analysis
2024-05-01T09:23:55,211  INFO [5e2184a9-635c-4290-b7aa-1822f05d8823 main] HiveMetaStore.audit: ugi=alex	ip=unknown-ip-addr	cmd=get_all_table_constraints : tbl=hive.test.testtbl	
2024-05-01T09:23:55,791  INFO [5e2184a9-635c-4290-b7aa-1822f05d8823 main] calcite.RelOptHiveTable: Calculating column statistics for test.testtbl, projIndxSet: [0, 1], allowMissingStats: true
2024-05-01T09:23:55,807  INFO [5e2184a9-635c-4290-b7aa-1822f05d8823 main] HiveMetaStore.audit: ugi=alex	ip=unknown-ip-addr	cmd=get_table_statistics_req: table=hive.test.testtbl	
2024-05-01T09:23:55,830  WARN [5e2184a9-635c-4290-b7aa-1822f05d8823 main] calcite.RelOptHiveTable: No Stats for test@testtbl, Columns: a, b
2024-05-01T09:23:55,830  INFO [5e2184a9-635c-4290-b7aa-1822f05d8823 main] SessionState: No Stats for test@testtbl, Columns: a, b
2024-05-01T09:23:55,964  INFO [5e2184a9-635c-4290-b7aa-1822f05d8823 main] parse.CalcitePlanner: Get metadata for source tables
2024-05-01T09:23:55,964  INFO [5e2184a9-635c-4290-b7aa-1822f05d8823 main] parse.CalcitePlanner: Get metadata for subqueries
2024-05-01T09:23:55,964  INFO [5e2184a9-635c-4290-b7aa-1822f05d8823 main] parse.CalcitePlanner: Get metadata for destination tables
2024-05-01T09:23:55,989  INFO [5e2184a9-635c-4290-b7aa-1822f05d8823 main] common.FileUtils: Creating directory if it doesn't exist: file:/home/alex/Repositories/hive/beeline/target/tmp/alex/5e2184a9-635c-4290-b7aa-1822f05d8823/hive_2024-05-01_09-23-53_896_4426576337351178559-1/-mr-10001/.hive-staging_hive_2024-05-01_09-23-53_896_4426576337351178559-1
2024-05-01T09:23:56,011  INFO [5e2184a9-635c-4290-b7aa-1822f05d8823 main] parse.CalcitePlanner: CBO Succeeded; optimized logical plan.
2024-05-01T09:23:56,160  INFO [5e2184a9-635c-4290-b7aa-1822f05d8823 main] optimizer.BucketVersionPopulator: not considering bucketingVersion for: TS[0] because it has -1<2 buckets 
2024-05-01T09:23:56,191  INFO [5e2184a9-635c-4290-b7aa-1822f05d8823 main] parse.CalcitePlanner: Completed plan generation
2024-05-01T09:23:56,191  INFO [5e2184a9-635c-4290-b7aa-1822f05d8823 main] parse.CalcitePlanner: Ending caching scope for: alex_20240501092353_a9da08db-48b5-4e26-adef-8eeed9c0de72
2024-05-01T09:23:56,191  INFO [5e2184a9-635c-4290-b7aa-1822f05d8823 main] ql.Driver: Semantic Analysis Completed (retrial = false)
2024-05-01T09:23:56,191  INFO [5e2184a9-635c-4290-b7aa-1822f05d8823 main] ql.Driver: Created Hive schema: Schema(fieldSchemas:[FieldSchema(name:testtbl.a, type:string, comment:null), FieldSchema(name:testtbl.b, type:string, comment:null)], properties:null)
2024-05-01T09:23:56,195  INFO [5e2184a9-635c-4290-b7aa-1822f05d8823 main] exec.TableScanOperator: Initializing Operator: TS[0]
2024-05-01T09:23:56,196  INFO [5e2184a9-635c-4290-b7aa-1822f05d8823 main] exec.SelectOperator: Initializing Operator: SEL[1]
2024-05-01T09:23:56,204  INFO [5e2184a9-635c-4290-b7aa-1822f05d8823 main] exec.SelectOperator: SELECT struct<a:string,b:string>
2024-05-01T09:23:56,204  INFO [5e2184a9-635c-4290-b7aa-1822f05d8823 main] exec.ListSinkOperator: Initializing Operator: LIST_SINK[3]
2024-05-01T09:23:56,204  INFO [5e2184a9-635c-4290-b7aa-1822f05d8823 main] metadata.Hive: Dumping metastore api call timing information for : compilation phase
2024-05-01T09:23:56,204  INFO [5e2184a9-635c-4290-b7aa-1822f05d8823 main] metadata.Hive: Total time spent in each metastore function (ms): {getTableColumnStatistics_(String, String, List, String)=17, isCompatibleWith_(Configuration)=0, getAllTableConstraints_(AllTableConstraintsRequest)=83, getTable_(GetTableRequest)=10, flushCache_()=0}
2024-05-01T09:23:56,204  INFO [5e2184a9-635c-4290-b7aa-1822f05d8823 main] ql.Driver: Completed compiling command(queryId=alex_20240501092353_a9da08db-48b5-4e26-adef-8eeed9c0de72); Time taken: 2.307 seconds
2024-05-01T09:23:56,204  INFO [5e2184a9-635c-4290-b7aa-1822f05d8823 main] common.LogUtils: Unregistered logging context.
2024-05-01T09:23:56,205  INFO [HiveServer2-Background-Pool: Thread-682] common.LogUtils: Thread context registration is done.
2024-05-01T09:23:56,205  INFO [HiveServer2-Background-Pool: Thread-682] reexec.ReExecDriver: Execution #1 of query
2024-05-01T09:23:56,206  INFO [HiveServer2-Background-Pool: Thread-682] ql.Driver: Concurrency mode is disabled, not creating a lock manager
2024-05-01T09:23:56,207  INFO [HiveServer2-Background-Pool: Thread-682] ql.Driver: Executing command(queryId=alex_20240501092353_a9da08db-48b5-4e26-adef-8eeed9c0de72): select * from test.testTbl
2024-05-01T09:23:56,207  INFO [HiveServer2-Background-Pool: Thread-682] metadata.Hive: Dumping metastore api call timing information for : execution phase
2024-05-01T09:23:56,207  INFO [HiveServer2-Background-Pool: Thread-682] metadata.Hive: Total time spent in each metastore function (ms): {}
2024-05-01T09:23:56,207  INFO [HiveServer2-Background-Pool: Thread-682] ql.Driver: Completed executing command(queryId=alex_20240501092353_a9da08db-48b5-4e26-adef-8eeed9c0de72); Time taken: 0.0 seconds
2024-05-01T09:23:56,208  INFO [HiveServer2-Background-Pool: Thread-682] common.LogUtils: Unregistered logging context.
2024-05-01T09:23:56,210  INFO [5e2184a9-635c-4290-b7aa-1822f05d8823 main] operation.OperationManager: Closing operation: OperationHandle [opType=EXECUTE_STATEMENT, getHandleIdentifier()=70ca7f67-3a8e-4413-802a-a0f3a705d7cf]
2024-05-01T09:23:56,210  INFO [5e2184a9-635c-4290-b7aa-1822f05d8823 main] operation.OperationManager: Removed queryId: alex_20240501092353_a9da08db-48b5-4e26-adef-8eeed9c0de72 corresponding to operation: OperationHandle [opType=EXECUTE_STATEMENT, getHandleIdentifier()=70ca7f67-3a8e-4413-802a-a0f3a705d7cf] with tag: null
2024-05-01T09:23:56,210  INFO [5e2184a9-635c-4290-b7aa-1822f05d8823 main] ql.Context: Deleting scratch dir: file:/home/alex/Repositories/hive/beeline/target/tmp/alex/5e2184a9-635c-4290-b7aa-1822f05d8823/hive_2024-05-01_09-23-53_896_4426576337351178559-1
2024-05-01T09:23:56,210  INFO [5e2184a9-635c-4290-b7aa-1822f05d8823 main] cleanup.EventualCleanupService: Delete file:/home/alex/Repositories/hive/beeline/target/tmp/alex/5e2184a9-635c-4290-b7aa-1822f05d8823/hive_2024-05-01_09-23-53_896_4426576337351178559-1 operation was queued
2024-05-01T09:23:56,210  INFO [5e2184a9-635c-4290-b7aa-1822f05d8823 main] exec.TableScanOperator: Closing Operator: TS[0]
2024-05-01T09:23:56,211  INFO [5e2184a9-635c-4290-b7aa-1822f05d8823 main] exec.TableScanOperator: RECORDS_OUT_INTERMEDIATE:0, RECORDS_OUT_OPERATOR_TS_0:0, 
2024-05-01T09:23:56,211  INFO [5e2184a9-635c-4290-b7aa-1822f05d8823 main] exec.SelectOperator: Closing Operator: SEL[1]
2024-05-01T09:23:56,211  INFO [5e2184a9-635c-4290-b7aa-1822f05d8823 main] exec.SelectOperator: RECORDS_OUT_INTERMEDIATE:0, RECORDS_OUT_OPERATOR_SEL_1:0, 
2024-05-01T09:23:56,211  INFO [5e2184a9-635c-4290-b7aa-1822f05d8823 main] exec.ListSinkOperator: Closing Operator: LIST_SINK[3]
2024-05-01T09:23:56,211  INFO [5e2184a9-635c-4290-b7aa-1822f05d8823 main] exec.ListSinkOperator: RECORDS_OUT_INTERMEDIATE:0, RECORDS_OUT_OPERATOR_LIST_SINK_3:0, 
2024-05-01T09:23:56,211  INFO [EventualCleanupService thread 0] cleanup.EventualCleanupService: Deleted file:/home/alex/Repositories/hive/beeline/target/tmp/alex/5e2184a9-635c-4290-b7aa-1822f05d8823/hive_2024-05-01_09-23-53_896_4426576337351178559-1
2024-05-01T09:23:56,211  INFO [5e2184a9-635c-4290-b7aa-1822f05d8823 main] operation.SQLOperation: Closing operation log /home/alex/Repositories/hive/beeline/target/tmp/alex/operation_logs/5e2184a9-635c-4290-b7aa-1822f05d8823/alex_20240501092353_a9da08db-48b5-4e26-adef-8eeed9c0de72 without delay
2024-05-01T09:23:56,225  INFO [main] service.CompositeService: Session closed, SessionHandle [5e2184a9-635c-4290-b7aa-1822f05d8823], current sessions:0
2024-05-01T09:23:56,225  INFO [5e2184a9-635c-4290-b7aa-1822f05d8823 main] session.HiveSessionImpl: Operation log session directory is deleted: /home/alex/Repositories/hive/beeline/target/tmp/alex/operation_logs/5e2184a9-635c-4290-b7aa-1822f05d8823
2024-05-01T09:23:56,226  INFO [main] cleanup.EventualCleanupService: Delete /tmp/hive/alex/5e2184a9-635c-4290-b7aa-1822f05d8823 operation was queued
2024-05-01T09:23:56,226  INFO [main] cleanup.EventualCleanupService: Delete /home/alex/Repositories/hive/beeline/target/tmp/alex/5e2184a9-635c-4290-b7aa-1822f05d8823 operation was queued
2024-05-01T09:23:56,226  INFO [EventualCleanupService thread 2] cleanup.EventualCleanupService: Deleted /home/alex/Repositories/hive/beeline/target/tmp/alex/5e2184a9-635c-4290-b7aa-1822f05d8823
2024-05-01T09:23:56,226  INFO [EventualCleanupService thread 1] cleanup.EventualCleanupService: Deleted /tmp/hive/alex/5e2184a9-635c-4290-b7aa-1822f05d8823
2024-05-01T09:23:56,227  INFO [main] HiveMetaStore.audit: ugi=alex	ip=unknown-ip-addr	cmd=Cleaning up thread local RawStore...	
2024-05-01T09:23:56,227  INFO [main] metastore.ObjectStore: RawStore: org.apache.hadoop.hive.metastore.ObjectStore@438c0aaf, with PersistenceManager: org.datanucleus.api.jdo.JDOPersistenceManager@7577589 will be shutdown
2024-05-01T09:23:56,227  INFO [main] HiveMetaStore.audit: ugi=alex	ip=unknown-ip-addr	cmd=Done cleaning up thread local RawStore	
2024-05-01T09:23:56,227  INFO [main] metastore.HiveMetaStoreClient: Closed a connection to metastore, current connections: -43
]]></system-err>
  </testcase>
  <testcase name="testInValidCmd" classname="org.apache.hive.beeline.cli.TestHiveCli" time="0.246"/>
  <testcase name="testSqlFromCmdWithEmbeddedQuotes" classname="org.apache.hive.beeline.cli.TestHiveCli" time="26.689">
    <failure type="java.lang.AssertionError"><![CDATA[java.lang.AssertionError: Supported return code is 0 while the actual is 1
	at org.junit.Assert.fail(Assert.java:89)
	at org.apache.hive.beeline.cli.TestHiveCli.executeCMD(TestHiveCli.java:256)
	at org.apache.hive.beeline.cli.TestHiveCli.verifyCMD(TestHiveCli.java:266)
	at org.apache.hive.beeline.cli.TestHiveCli.testSqlFromCmdWithEmbeddedQuotes(TestHiveCli.java:172)
	at sun.reflect.NativeMethodAccessorImpl.invoke0(Native Method)
	at sun.reflect.NativeMethodAccessorImpl.invoke(NativeMethodAccessorImpl.java:62)
	at sun.reflect.DelegatingMethodAccessorImpl.invoke(DelegatingMethodAccessorImpl.java:43)
	at java.lang.reflect.Method.invoke(Method.java:498)
	at org.junit.runners.model.FrameworkMethod$1.runReflectiveCall(FrameworkMethod.java:59)
	at org.junit.internal.runners.model.ReflectiveCallable.run(ReflectiveCallable.java:12)
	at org.junit.runners.model.FrameworkMethod.invokeExplosively(FrameworkMethod.java:56)
	at org.junit.internal.runners.statements.InvokeMethod.evaluate(InvokeMethod.java:17)
	at org.junit.internal.runners.statements.RunBefores.evaluate(RunBefores.java:26)
	at org.junit.internal.runners.statements.RunAfters.evaluate(RunAfters.java:27)
	at org.junit.runners.ParentRunner$3.evaluate(ParentRunner.java:306)
	at org.junit.runners.BlockJUnit4ClassRunner$1.evaluate(BlockJUnit4ClassRunner.java:100)
	at org.junit.runners.ParentRunner.runLeaf(ParentRunner.java:366)
	at org.junit.runners.BlockJUnit4ClassRunner.runChild(BlockJUnit4ClassRunner.java:103)
	at org.junit.runners.BlockJUnit4ClassRunner.runChild(BlockJUnit4ClassRunner.java:63)
	at org.junit.runners.ParentRunner$4.run(ParentRunner.java:331)
	at org.junit.runners.ParentRunner$1.schedule(ParentRunner.java:79)
	at org.junit.runners.ParentRunner.runChildren(ParentRunner.java:329)
	at org.junit.runners.ParentRunner.access$100(ParentRunner.java:66)
	at org.junit.runners.ParentRunner$2.evaluate(ParentRunner.java:293)
	at org.junit.internal.runners.statements.RunBefores.evaluate(RunBefores.java:26)
	at org.junit.runners.ParentRunner$3.evaluate(ParentRunner.java:306)
	at org.junit.runners.ParentRunner.run(ParentRunner.java:413)
	at org.junit.runner.JUnitCore.run(JUnitCore.java:137)
	at org.junit.runner.JUnitCore.run(JUnitCore.java:115)
	at org.junit.vintage.engine.execution.RunnerExecutor.execute(RunnerExecutor.java:43)
	at java.util.stream.ForEachOps$ForEachOp$OfRef.accept(ForEachOps.java:183)
	at java.util.stream.ReferencePipeline$3$1.accept(ReferencePipeline.java:193)
	at java.util.Iterator.forEachRemaining(Iterator.java:116)
	at java.util.Spliterators$IteratorSpliterator.forEachRemaining(Spliterators.java:1801)
	at java.util.stream.AbstractPipeline.copyInto(AbstractPipeline.java:482)
	at java.util.stream.AbstractPipeline.wrapAndCopyInto(AbstractPipeline.java:472)
	at java.util.stream.ForEachOps$ForEachOp.evaluateSequential(ForEachOps.java:150)
	at java.util.stream.ForEachOps$ForEachOp$OfRef.evaluateSequential(ForEachOps.java:173)
	at java.util.stream.AbstractPipeline.evaluate(AbstractPipeline.java:234)
	at java.util.stream.ReferencePipeline.forEach(ReferencePipeline.java:485)
	at org.junit.vintage.engine.VintageTestEngine.executeAllChildren(VintageTestEngine.java:82)
	at org.junit.vintage.engine.VintageTestEngine.execute(VintageTestEngine.java:73)
	at org.junit.platform.launcher.core.DefaultLauncher.execute(DefaultLauncher.java:248)
	at org.junit.platform.launcher.core.DefaultLauncher.lambda$execute$5(DefaultLauncher.java:211)
	at org.junit.platform.launcher.core.DefaultLauncher.withInterceptedStreams(DefaultLauncher.java:226)
	at org.junit.platform.launcher.core.DefaultLauncher.execute(DefaultLauncher.java:199)
	at org.junit.platform.launcher.core.DefaultLauncher.execute(DefaultLauncher.java:132)
	at org.apache.maven.surefire.junitplatform.JUnitPlatformProvider.invokeAllTests(JUnitPlatformProvider.java:154)
	at org.apache.maven.surefire.junitplatform.JUnitPlatformProvider.invoke(JUnitPlatformProvider.java:123)
	at org.apache.maven.surefire.booter.ForkedBooter.runSuitesInProcess(ForkedBooter.java:377)
	at org.apache.maven.surefire.booter.ForkedBooter.execute(ForkedBooter.java:138)
	at org.apache.maven.surefire.booter.ForkedBooter.run(ForkedBooter.java:465)
	at org.apache.maven.surefire.booter.ForkedBooter.main(ForkedBooter.java:451)
]]></failure>
    <system-err><![CDATA[2024-05-01T09:23:56,474 ERROR [main] cli.TestHiveCli: Failed to execute command due to the error: java.lang.NullPointerException: Null output stream
2024-05-01T09:23:56,527  WARN [main] conf.HiveConf: HiveConf of name hive.dummyparam.test.server.specific.config.override does not exist
2024-05-01T09:23:56,527  WARN [main] conf.HiveConf: HiveConf of name hive.dummyparam.test.server.specific.config.hiveserver2site does not exist
2024-05-01T09:23:56,527  WARN [main] conf.HiveConf: HiveConf of name hive.dummyparam.test.server.specific.config.metastoresite does not exist
2024-05-01T09:23:56,528  INFO [main] SessionState: Hive Session ID = 95c9ebcc-3361-449d-9570-6712bd772a60
2024-05-01T09:23:56,528  INFO [main] DependencyResolver: ivysettings.xml file not found in HIVE_HOME or HIVE_CONF_DIR,/home/alex/Repositories/hive/conf/ivysettings.xml will be used
2024-05-01T09:23:56,536  INFO [main] session.SessionState: Created HDFS directory: /tmp/hive/alex/95c9ebcc-3361-449d-9570-6712bd772a60
2024-05-01T09:23:56,540  INFO [main] session.SessionState: Created local directory: /home/alex/Repositories/hive/beeline/target/tmp/alex/95c9ebcc-3361-449d-9570-6712bd772a60
2024-05-01T09:23:56,544  INFO [main] session.SessionState: Created HDFS directory: /tmp/hive/alex/95c9ebcc-3361-449d-9570-6712bd772a60/_tmp_space.db
2024-05-01T09:23:56,544  INFO [main] sqlstd.SQLStdHiveAccessController: Created SQLStdHiveAccessController for session context : HiveAuthzSessionContext [sessionString=95c9ebcc-3361-449d-9570-6712bd772a60, clientType=HIVESERVER2]
2024-05-01T09:23:56,545  INFO [main] metastore.HiveMetaStoreClient: HMS client filtering is enabled.
2024-05-01T09:23:56,546  INFO [main] metastore.HMSHandler: 0: Opening raw store with implementation class:org.apache.hadoop.hive.metastore.ObjectStore
2024-05-01T09:23:56,546  INFO [main] metastore.PersistenceManagerProvider: Configuration datanucleus.autoStartMechanismMode is not set. Defaulting to 'ignored'
2024-05-01T09:23:56,546  INFO [main] metastore.ObjectStore: RawStore: org.apache.hadoop.hive.metastore.ObjectStore@ccea4be, with PersistenceManager: null will be shutdown
2024-05-01T09:23:56,546  INFO [main] metastore.ObjectStore: RawStore: org.apache.hadoop.hive.metastore.ObjectStore@ccea4be, with PersistenceManager: org.datanucleus.api.jdo.JDOPersistenceManager@40f931ec created in the thread with id: 1
2024-05-01T09:23:56,548  INFO [main] metastore.HMSHandler: Created RawStore: org.apache.hadoop.hive.metastore.ObjectStore@ccea4be from thread id: 1
2024-05-01T09:23:56,548  INFO [main] metastore.HMSHandler: HMS server filtering is disabled by configuration
2024-05-01T09:23:56,548  INFO [main] metastore.RetryingMetaStoreClient: RetryingMetaStoreClient proxy=class org.apache.hadoop.hive.ql.metadata.SessionHiveMetaStoreClient ugi=alex (auth:SIMPLE) retries=1 delay=1 lifetime=0
2024-05-01T09:23:56,548  INFO [main] service.CompositeService: Operation log root directory is created: /home/alex/Repositories/hive/beeline/target/tmp/alex/operation_logs
2024-05-01T09:23:56,548  INFO [main] service.CompositeService: HiveServer2: Background operation thread pool size: 100
2024-05-01T09:23:56,548  INFO [main] service.CompositeService: HiveServer2: Background operation thread wait queue size: 100
2024-05-01T09:23:56,548  INFO [main] service.CompositeService: HiveServer2: Background operation thread keepalive time: 10 seconds
2024-05-01T09:23:56,548  INFO [main] service.CompositeService: Connections limit are user: 0 ipaddress: 0 user-ipaddress: 0
2024-05-01T09:23:56,550  INFO [main] cleanup.EventualCleanupService: EventualCleanupService started with 10 threads and queue of size 10000
ERROR StatusLogger Log4j2 ConfigurationScheduler attempted to increment scheduled items after start
ERROR StatusLogger Log4j2 ConfigurationScheduler attempted to increment scheduled items after start
2024-05-01T09:23:56,552  INFO [main] service.AbstractService: Service:OperationManager is inited.
2024-05-01T09:23:56,552  INFO [main] service.AbstractService: Service:SessionManager is inited.
2024-05-01T09:23:56,552  INFO [main] service.AbstractService: Service:CLIService is inited.
2024-05-01T09:23:56,552  INFO [main] service.AbstractService: Service:OperationManager is started.
2024-05-01T09:23:56,552  INFO [main] service.AbstractService: Service:SessionManager is started.
2024-05-01T09:23:56,552  INFO [main] service.AbstractService: Service:CLIService is started.
2024-05-01T09:23:56,552  INFO [main] service.AbstractService: Service:ThriftBinaryCLIService is inited.
2024-05-01T09:23:56,552  INFO [main] thrift.ThriftCLIService: Client protocol version: HIVE_CLI_SERVICE_PROTOCOL_V10
2024-05-01T09:23:56,552  INFO [main] thrift.ThriftCLIService: Creating Hive session handle for user [null] from IP null
2024-05-01T09:23:56,553  INFO [main] DependencyResolver: ivysettings.xml file not found in HIVE_HOME or HIVE_CONF_DIR,/home/alex/Repositories/hive/conf/ivysettings.xml will be used
2024-05-01T09:23:56,561  INFO [main] session.SessionState: Created HDFS directory: /tmp/hive/alex/289bfbf4-2714-4bce-8ee2-3c2c541c4b28
2024-05-01T09:23:56,565  INFO [main] session.SessionState: Created local directory: /home/alex/Repositories/hive/beeline/target/tmp/alex/289bfbf4-2714-4bce-8ee2-3c2c541c4b28
2024-05-01T09:23:56,568  INFO [main] session.SessionState: Created HDFS directory: /tmp/hive/alex/289bfbf4-2714-4bce-8ee2-3c2c541c4b28/_tmp_space.db
2024-05-01T09:23:56,568  INFO [main] session.SessionState: Reloading auxiliary JAR files
2024-05-01T09:23:56,568  WARN [main] session.SessionState: Configuration hive.reloadable.aux.jars.path not specified
2024-05-01T09:23:56,569  INFO [main] HiveMetaStore.audit: ugi=alex	ip=unknown-ip-addr	cmd=Cleaning up thread local RawStore...	
2024-05-01T09:23:56,569  INFO [main] metastore.ObjectStore: RawStore: org.apache.hadoop.hive.metastore.ObjectStore@ccea4be, with PersistenceManager: org.datanucleus.api.jdo.JDOPersistenceManager@40f931ec will be shutdown
2024-05-01T09:23:56,569  INFO [main] HiveMetaStore.audit: ugi=alex	ip=unknown-ip-addr	cmd=Done cleaning up thread local RawStore	
2024-05-01T09:23:56,569  INFO [main] metastore.HiveMetaStoreClient: Closed a connection to metastore, current connections: -45
2024-05-01T09:23:56,569  INFO [main] session.HiveSessionImpl: Operation log session directory is created: /home/alex/Repositories/hive/beeline/target/tmp/alex/operation_logs/289bfbf4-2714-4bce-8ee2-3c2c541c4b28
2024-05-01T09:23:56,569  INFO [main] service.CompositeService: Session opened, SessionHandle [289bfbf4-2714-4bce-8ee2-3c2c541c4b28], current sessions:1
2024-05-01T09:23:56,569  INFO [main] thrift.ThriftCLIService: Login attempt is successful for user : null
2024-05-01T09:23:56,631  WARN [main] conf.HiveConf: HiveConf of name hive.dummyparam.test.server.specific.config.override does not exist
2024-05-01T09:23:56,631  WARN [main] conf.HiveConf: HiveConf of name hive.dummyparam.test.server.specific.config.hiveserver2site does not exist
2024-05-01T09:23:56,631  WARN [main] conf.HiveConf: HiveConf of name hive.dummyparam.test.server.specific.config.metastoresite does not exist
2024-05-01T09:23:56,632  INFO [289bfbf4-2714-4bce-8ee2-3c2c541c4b28 main] session.HiveSessionImpl: executing set
2024-05-01T09:23:56,633  INFO [289bfbf4-2714-4bce-8ee2-3c2c541c4b28 main] operation.HiveCommandOperation: Putting temp output to file /home/alex/Repositories/hive/beeline/target/tmp/alex/289bfbf4-2714-4bce-8ee2-3c2c541c4b282244181711604464143.pipeout and error output to file /home/alex/Repositories/hive/beeline/target/tmp/alex/289bfbf4-2714-4bce-8ee2-3c2c541c4b281653713044231180996.pipeout
2024-05-01T09:23:56,633  INFO [289bfbf4-2714-4bce-8ee2-3c2c541c4b28 main] operation.OperationManager: Adding operation: OperationHandle [opType=EXECUTE_STATEMENT, getHandleIdentifier()=d6298275-1fbd-4233-8e6b-6ce98ae22963] SessionHandle [289bfbf4-2714-4bce-8ee2-3c2c541c4b28]
2024-05-01T09:23:56,633  INFO [289bfbf4-2714-4bce-8ee2-3c2c541c4b28 main] common.LogUtils: Thread context registration is done.
DEBUG StatusLogger Building Plugin[name=filter, class=org.apache.hadoop.hive.ql.log.LogDivertAppender$NameFilter].
DEBUG StatusLogger createFilter(loggingLevel="EXECUTION")
DEBUG StatusLogger Building Plugin[name=layout, class=org.apache.logging.log4j.core.layout.PatternLayout].
DEBUG StatusLogger PatternLayout$Builder(pattern="%-5p : %m%n", PatternSelector=null, Configuration(HiveLog4j2Test), Replace=null, charset="null", alwaysWriteExceptions="null", disableAnsi="null", noConsoleNoAnsi="null", header="null", footer="null")
DEBUG StatusLogger Building Plugin[name=appender, class=org.apache.hadoop.hive.ql.log.HushableRandomAccessFileAppender].
DEBUG StatusLogger createAppender(fileName="/home/alex/Repositories/hive/beeline/target/tmp/alex/operation_logs/289bfbf4-2714-4bce-8ee2-3c2c541c4b28/alex_20240501092356_e45fdd8c-a0cc-4bcd-b29d-a839b5b0b462", append="null", name="query-file-appender", immediateFlush="null", bufferSize="null", ignoreExceptions="null", PatternLayout(org.apache.logging.log4j.core.layout.PatternLayout with name PatternLayout), NameFilter(org.apache.hadoop.hive.ql.log.LogDivertAppender$NameFilter with name NameFilter), advertise="null", advertiseURI="null", Configuration(HiveLog4j2Test))
DEBUG StatusLogger Starting RandomAccessFileManager /home/alex/Repositories/hive/beeline/target/tmp/alex/operation_logs/289bfbf4-2714-4bce-8ee2-3c2c541c4b28/alex_20240501092356_e45fdd8c-a0cc-4bcd-b29d-a839b5b0b462
DEBUG StatusLogger Building Plugin[name=, class=org.apache.hadoop.hive.ql.log.LogDivertAppenderForTest$TestFilter].
DEBUG StatusLogger createFilter()
DEBUG StatusLogger Building Plugin[name=, class=org.apache.logging.log4j.core.layout.PatternLayout].
DEBUG StatusLogger PatternLayout$Builder(pattern="%-5p : %m%n", PatternSelector=null, Configuration(HiveLog4j2Test), Replace=null, charset="null", alwaysWriteExceptions="null", disableAnsi="null", noConsoleNoAnsi="null", header="null", footer="null")
DEBUG StatusLogger Building Plugin[name=appender, class=org.apache.hadoop.hive.ql.log.HushableRandomAccessFileAppender].
DEBUG StatusLogger createAppender(fileName="/home/alex/Repositories/hive/beeline/target/tmp/alex/operation_logs/289bfbf4-2714-4bce-8ee2-3c2c541c4b28/alex_20240501092356_e45fdd8c-a0cc-4bcd-b29d-a839b5b0b462.test", append="null", name="test-query-file-appender", immediateFlush="null", bufferSize="null", ignoreExceptions="null", PatternLayout(org.apache.logging.log4j.core.layout.PatternLayout with name PatternLayout), test-filter(org.apache.hadoop.hive.ql.log.LogDivertAppenderForTest$TestFilter with name test-filter), advertise="null", advertiseURI="null", Configuration(HiveLog4j2Test))
DEBUG StatusLogger Starting RandomAccessFileManager /home/alex/Repositories/hive/beeline/target/tmp/alex/operation_logs/289bfbf4-2714-4bce-8ee2-3c2c541c4b28/alex_20240501092356_e45fdd8c-a0cc-4bcd-b29d-a839b5b0b462.test
2024-05-01T09:23:56,638  INFO [289bfbf4-2714-4bce-8ee2-3c2c541c4b28 main] operation.HiveCommandOperation: [opType=EXECUTE_STATEMENT, queryId=alex_20240501092356_e45fdd8c-a0cc-4bcd-b29d-a839b5b0b462, startTime=1714580636632, sessionId=289bfbf4-2714-4bce-8ee2-3c2c541c4b28, createTime=1714580636552, userName=null, ipAddress=null]
2024-05-01T09:23:56,646  INFO [289bfbf4-2714-4bce-8ee2-3c2c541c4b28 main] common.LogUtils: Unregistered logging context.
2024-05-01T09:23:56,648  INFO [289bfbf4-2714-4bce-8ee2-3c2c541c4b28 main] operation.OperationManager: Closing operation: OperationHandle [opType=EXECUTE_STATEMENT, getHandleIdentifier()=d6298275-1fbd-4233-8e6b-6ce98ae22963]
2024-05-01T09:23:56,648  INFO [289bfbf4-2714-4bce-8ee2-3c2c541c4b28 main] operation.OperationManager: Removed queryId: alex_20240501092356_e45fdd8c-a0cc-4bcd-b29d-a839b5b0b462 corresponding to operation: OperationHandle [opType=EXECUTE_STATEMENT, getHandleIdentifier()=d6298275-1fbd-4233-8e6b-6ce98ae22963] with tag: null
2024-05-01T09:23:56,649  INFO [289bfbf4-2714-4bce-8ee2-3c2c541c4b28 main] operation.HiveCommandOperation: Closing operation log /home/alex/Repositories/hive/beeline/target/tmp/alex/operation_logs/289bfbf4-2714-4bce-8ee2-3c2c541c4b28/alex_20240501092356_e45fdd8c-a0cc-4bcd-b29d-a839b5b0b462 without delay
2024-05-01T09:24:23,059  INFO [289bfbf4-2714-4bce-8ee2-3c2c541c4b28 main] session.HiveSessionImpl: executing select "hive"
2024-05-01T09:24:23,059  INFO [289bfbf4-2714-4bce-8ee2-3c2c541c4b28 main] operation.OperationManager: Adding operation: OperationHandle [opType=EXECUTE_STATEMENT, getHandleIdentifier()=1e964c3d-05e6-4416-bfc9-7a55a53e0e4e] SessionHandle [289bfbf4-2714-4bce-8ee2-3c2c541c4b28]
2024-05-01T09:24:23,059  INFO [289bfbf4-2714-4bce-8ee2-3c2c541c4b28 main] common.LogUtils: Thread context registration is done.
DEBUG StatusLogger Building Plugin[name=filter, class=org.apache.hadoop.hive.ql.log.LogDivertAppender$NameFilter].
DEBUG StatusLogger createFilter(loggingLevel="EXECUTION")
DEBUG StatusLogger Building Plugin[name=layout, class=org.apache.logging.log4j.core.layout.PatternLayout].
DEBUG StatusLogger PatternLayout$Builder(pattern="%-5p : %m%n", PatternSelector=null, Configuration(HiveLog4j2Test), Replace=null, charset="null", alwaysWriteExceptions="null", disableAnsi="null", noConsoleNoAnsi="null", header="null", footer="null")
DEBUG StatusLogger Building Plugin[name=appender, class=org.apache.hadoop.hive.ql.log.HushableRandomAccessFileAppender].
DEBUG StatusLogger createAppender(fileName="/home/alex/Repositories/hive/beeline/target/tmp/alex/operation_logs/289bfbf4-2714-4bce-8ee2-3c2c541c4b28/alex_20240501092423_5091ef4a-81ba-4447-a2b2-312224789f62", append="null", name="query-file-appender", immediateFlush="null", bufferSize="null", ignoreExceptions="null", PatternLayout(org.apache.logging.log4j.core.layout.PatternLayout with name PatternLayout), NameFilter(org.apache.hadoop.hive.ql.log.LogDivertAppender$NameFilter with name NameFilter), advertise="null", advertiseURI="null", Configuration(HiveLog4j2Test))
DEBUG StatusLogger Starting RandomAccessFileManager /home/alex/Repositories/hive/beeline/target/tmp/alex/operation_logs/289bfbf4-2714-4bce-8ee2-3c2c541c4b28/alex_20240501092423_5091ef4a-81ba-4447-a2b2-312224789f62
DEBUG StatusLogger Building Plugin[name=, class=org.apache.hadoop.hive.ql.log.LogDivertAppenderForTest$TestFilter].
DEBUG StatusLogger createFilter()
DEBUG StatusLogger Building Plugin[name=, class=org.apache.logging.log4j.core.layout.PatternLayout].
DEBUG StatusLogger PatternLayout$Builder(pattern="%-5p : %m%n", PatternSelector=null, Configuration(HiveLog4j2Test), Replace=null, charset="null", alwaysWriteExceptions="null", disableAnsi="null", noConsoleNoAnsi="null", header="null", footer="null")
DEBUG StatusLogger Building Plugin[name=appender, class=org.apache.hadoop.hive.ql.log.HushableRandomAccessFileAppender].
DEBUG StatusLogger createAppender(fileName="/home/alex/Repositories/hive/beeline/target/tmp/alex/operation_logs/289bfbf4-2714-4bce-8ee2-3c2c541c4b28/alex_20240501092423_5091ef4a-81ba-4447-a2b2-312224789f62.test", append="null", name="test-query-file-appender", immediateFlush="null", bufferSize="null", ignoreExceptions="null", PatternLayout(org.apache.logging.log4j.core.layout.PatternLayout with name PatternLayout), test-filter(org.apache.hadoop.hive.ql.log.LogDivertAppenderForTest$TestFilter with name test-filter), advertise="null", advertiseURI="null", Configuration(HiveLog4j2Test))
DEBUG StatusLogger Starting RandomAccessFileManager /home/alex/Repositories/hive/beeline/target/tmp/alex/operation_logs/289bfbf4-2714-4bce-8ee2-3c2c541c4b28/alex_20240501092423_5091ef4a-81ba-4447-a2b2-312224789f62.test
2024-05-01T09:24:23,063  INFO [289bfbf4-2714-4bce-8ee2-3c2c541c4b28 main] operation.SQLOperation: [opType=EXECUTE_STATEMENT, queryId=alex_20240501092423_5091ef4a-81ba-4447-a2b2-312224789f62, startTime=1714580663059, sessionId=289bfbf4-2714-4bce-8ee2-3c2c541c4b28, createTime=1714580636552, userName=null, ipAddress=null]
2024-05-01T09:24:23,064  INFO [289bfbf4-2714-4bce-8ee2-3c2c541c4b28 main] ql.Driver: Compiling command(queryId=alex_20240501092423_5091ef4a-81ba-4447-a2b2-312224789f62): select "hive"
2024-05-01T09:24:23,065  INFO [289bfbf4-2714-4bce-8ee2-3c2c541c4b28 main] metastore.HiveMetaStoreClient: HMS client filtering is enabled.
2024-05-01T09:24:23,066  INFO [289bfbf4-2714-4bce-8ee2-3c2c541c4b28 main] metastore.HMSHandler: 0: Opening raw store with implementation class:org.apache.hadoop.hive.metastore.ObjectStore
2024-05-01T09:24:23,066  INFO [289bfbf4-2714-4bce-8ee2-3c2c541c4b28 main] metastore.PersistenceManagerProvider: Configuration datanucleus.autoStartMechanismMode is not set. Defaulting to 'ignored'
2024-05-01T09:24:23,067  INFO [289bfbf4-2714-4bce-8ee2-3c2c541c4b28 main] metastore.ObjectStore: RawStore: org.apache.hadoop.hive.metastore.ObjectStore@640028f2, with PersistenceManager: null will be shutdown
2024-05-01T09:24:23,067  INFO [289bfbf4-2714-4bce-8ee2-3c2c541c4b28 main] metastore.ObjectStore: RawStore: org.apache.hadoop.hive.metastore.ObjectStore@640028f2, with PersistenceManager: org.datanucleus.api.jdo.JDOPersistenceManager@48b744fd created in the thread with id: 1
2024-05-01T09:24:23,068  INFO [289bfbf4-2714-4bce-8ee2-3c2c541c4b28 main] metastore.HMSHandler: Created RawStore: org.apache.hadoop.hive.metastore.ObjectStore@640028f2 from thread id: 1
2024-05-01T09:24:23,069  INFO [289bfbf4-2714-4bce-8ee2-3c2c541c4b28 main] metastore.HMSHandler: HMS server filtering is disabled by configuration
2024-05-01T09:24:23,069  INFO [289bfbf4-2714-4bce-8ee2-3c2c541c4b28 main] metastore.RetryingMetaStoreClient: RetryingMetaStoreClient proxy=class org.apache.hadoop.hive.ql.metadata.SessionHiveMetaStoreClient ugi=alex (auth:SIMPLE) retries=1 delay=1 lifetime=0
2024-05-01T09:24:23,069  INFO [289bfbf4-2714-4bce-8ee2-3c2c541c4b28 main] parse.CalcitePlanner: Starting caching scope for: alex_20240501092423_5091ef4a-81ba-4447-a2b2-312224789f62
2024-05-01T09:24:23,069  INFO [289bfbf4-2714-4bce-8ee2-3c2c541c4b28 main] parse.CalcitePlanner: Starting Semantic Analysis
2024-05-01T09:24:23,069  INFO [289bfbf4-2714-4bce-8ee2-3c2c541c4b28 main] sqlstd.SQLStdHiveAccessController: Created SQLStdHiveAccessController for session context : HiveAuthzSessionContext [sessionString=289bfbf4-2714-4bce-8ee2-3c2c541c4b28, clientType=HIVESERVER2]
2024-05-01T09:24:23,070  INFO [289bfbf4-2714-4bce-8ee2-3c2c541c4b28 main] parse.CalcitePlanner: Completed phase 1 of Semantic Analysis
2024-05-01T09:24:23,070  INFO [289bfbf4-2714-4bce-8ee2-3c2c541c4b28 main] parse.CalcitePlanner: Get metadata for source tables
2024-05-01T09:24:23,070  INFO [289bfbf4-2714-4bce-8ee2-3c2c541c4b28 main] parse.CalcitePlanner: Get metadata for subqueries
2024-05-01T09:24:23,070  INFO [289bfbf4-2714-4bce-8ee2-3c2c541c4b28 main] parse.CalcitePlanner: Get metadata for destination tables
2024-05-01T09:24:23,070  INFO [289bfbf4-2714-4bce-8ee2-3c2c541c4b28 main] parse.CalcitePlanner: Completed getting MetaData in Semantic Analysis
2024-05-01T09:24:23,087  INFO [289bfbf4-2714-4bce-8ee2-3c2c541c4b28 main] HiveMetaStore.audit: ugi=alex	ip=unknown-ip-addr	cmd=get_all_table_constraints : tbl=hive._dummy_database._dummy_table	
2024-05-01T09:24:23,131  INFO [289bfbf4-2714-4bce-8ee2-3c2c541c4b28 main] parse.CalcitePlanner: Get metadata for source tables
2024-05-01T09:24:23,131  INFO [289bfbf4-2714-4bce-8ee2-3c2c541c4b28 main] HiveMetaStore.audit: ugi=alex	ip=unknown-ip-addr	cmd=get_table : tbl=hive._dummy_database._dummy_table	
2024-05-01T09:24:23,133  INFO [289bfbf4-2714-4bce-8ee2-3c2c541c4b28 main] parse.CalcitePlanner: Get metadata for subqueries
2024-05-01T09:24:23,133  INFO [289bfbf4-2714-4bce-8ee2-3c2c541c4b28 main] parse.CalcitePlanner: Get metadata for destination tables
2024-05-01T09:24:23,139  INFO [289bfbf4-2714-4bce-8ee2-3c2c541c4b28 main] common.FileUtils: Creating directory if it doesn't exist: file:/home/alex/Repositories/hive/beeline/target/tmp/alex/289bfbf4-2714-4bce-8ee2-3c2c541c4b28/hive_2024-05-01_09-24-23_064_8727923625008119506-1/-mr-10001/.hive-staging_hive_2024-05-01_09-24-23_064_8727923625008119506-1
2024-05-01T09:24:23,147  INFO [289bfbf4-2714-4bce-8ee2-3c2c541c4b28 main] parse.CalcitePlanner: CBO Succeeded; optimized logical plan.
2024-05-01T09:24:23,148  INFO [289bfbf4-2714-4bce-8ee2-3c2c541c4b28 main] optimizer.BucketVersionPopulator: not considering bucketingVersion for: TS[0] because it has -1<2 buckets 
2024-05-01T09:24:23,149  INFO [289bfbf4-2714-4bce-8ee2-3c2c541c4b28 main] parse.CalcitePlanner: Completed plan generation
2024-05-01T09:24:23,149  INFO [289bfbf4-2714-4bce-8ee2-3c2c541c4b28 main] parse.CalcitePlanner: Ending caching scope for: alex_20240501092423_5091ef4a-81ba-4447-a2b2-312224789f62
2024-05-01T09:24:23,149  INFO [289bfbf4-2714-4bce-8ee2-3c2c541c4b28 main] ql.Driver: Semantic Analysis Completed (retrial = false)
2024-05-01T09:24:23,149  INFO [289bfbf4-2714-4bce-8ee2-3c2c541c4b28 main] ql.Driver: Created Hive schema: Schema(fieldSchemas:[FieldSchema(name:_c0, type:string, comment:null)], properties:null)
2024-05-01T09:24:23,150  INFO [289bfbf4-2714-4bce-8ee2-3c2c541c4b28 main] exec.TableScanOperator: Initializing Operator: TS[0]
2024-05-01T09:24:23,150  INFO [289bfbf4-2714-4bce-8ee2-3c2c541c4b28 main] exec.SelectOperator: Initializing Operator: SEL[1]
2024-05-01T09:24:23,150  INFO [289bfbf4-2714-4bce-8ee2-3c2c541c4b28 main] exec.SelectOperator: SELECT null
2024-05-01T09:24:23,150  INFO [289bfbf4-2714-4bce-8ee2-3c2c541c4b28 main] exec.ListSinkOperator: Initializing Operator: LIST_SINK[3]
2024-05-01T09:24:23,151  INFO [289bfbf4-2714-4bce-8ee2-3c2c541c4b28 main] metadata.Hive: Dumping metastore api call timing information for : compilation phase
2024-05-01T09:24:23,151  INFO [289bfbf4-2714-4bce-8ee2-3c2c541c4b28 main] metadata.Hive: Total time spent in each metastore function (ms): {isCompatibleWith_(Configuration)=0, getAllTableConstraints_(AllTableConstraintsRequest)=3, flushCache_()=0}
2024-05-01T09:24:23,151  INFO [289bfbf4-2714-4bce-8ee2-3c2c541c4b28 main] ql.Driver: Completed compiling command(queryId=alex_20240501092423_5091ef4a-81ba-4447-a2b2-312224789f62); Time taken: 0.086 seconds
2024-05-01T09:24:23,151  INFO [289bfbf4-2714-4bce-8ee2-3c2c541c4b28 main] common.LogUtils: Unregistered logging context.
2024-05-01T09:24:23,153  INFO [HiveServer2-Background-Pool: Thread-730] common.LogUtils: Thread context registration is done.
2024-05-01T09:24:23,153  INFO [HiveServer2-Background-Pool: Thread-730] reexec.ReExecDriver: Execution #1 of query
2024-05-01T09:24:23,154  INFO [HiveServer2-Background-Pool: Thread-730] ql.Driver: Concurrency mode is disabled, not creating a lock manager
2024-05-01T09:24:23,154  INFO [HiveServer2-Background-Pool: Thread-730] ql.Driver: Executing command(queryId=alex_20240501092423_5091ef4a-81ba-4447-a2b2-312224789f62): select "hive"
2024-05-01T09:24:23,154  INFO [HiveServer2-Background-Pool: Thread-730] metadata.Hive: Dumping metastore api call timing information for : execution phase
2024-05-01T09:24:23,155  INFO [HiveServer2-Background-Pool: Thread-730] metadata.Hive: Total time spent in each metastore function (ms): {}
2024-05-01T09:24:23,155  INFO [HiveServer2-Background-Pool: Thread-730] ql.Driver: Completed executing command(queryId=alex_20240501092423_5091ef4a-81ba-4447-a2b2-312224789f62); Time taken: 0.0 seconds
2024-05-01T09:24:23,155  INFO [HiveServer2-Background-Pool: Thread-730] common.LogUtils: Unregistered logging context.
2024-05-01T09:24:23,160  INFO [289bfbf4-2714-4bce-8ee2-3c2c541c4b28 main] operation.OperationManager: Closing operation: OperationHandle [opType=EXECUTE_STATEMENT, getHandleIdentifier()=1e964c3d-05e6-4416-bfc9-7a55a53e0e4e]
2024-05-01T09:24:23,160  INFO [289bfbf4-2714-4bce-8ee2-3c2c541c4b28 main] operation.OperationManager: Removed queryId: alex_20240501092423_5091ef4a-81ba-4447-a2b2-312224789f62 corresponding to operation: OperationHandle [opType=EXECUTE_STATEMENT, getHandleIdentifier()=1e964c3d-05e6-4416-bfc9-7a55a53e0e4e] with tag: null
2024-05-01T09:24:23,160  INFO [289bfbf4-2714-4bce-8ee2-3c2c541c4b28 main] ql.Context: Deleting scratch dir: file:/home/alex/Repositories/hive/beeline/target/tmp/alex/289bfbf4-2714-4bce-8ee2-3c2c541c4b28/hive_2024-05-01_09-24-23_064_8727923625008119506-1
2024-05-01T09:24:23,160  INFO [289bfbf4-2714-4bce-8ee2-3c2c541c4b28 main] cleanup.EventualCleanupService: Delete file:/home/alex/Repositories/hive/beeline/target/tmp/alex/289bfbf4-2714-4bce-8ee2-3c2c541c4b28/hive_2024-05-01_09-24-23_064_8727923625008119506-1 operation was queued
2024-05-01T09:24:23,160  INFO [289bfbf4-2714-4bce-8ee2-3c2c541c4b28 main] exec.TableScanOperator: Closing Operator: TS[0]
2024-05-01T09:24:23,160  INFO [289bfbf4-2714-4bce-8ee2-3c2c541c4b28 main] exec.TableScanOperator: RECORDS_OUT_INTERMEDIATE:0, RECORDS_OUT_OPERATOR_TS_0:0, 
2024-05-01T09:24:23,160  INFO [289bfbf4-2714-4bce-8ee2-3c2c541c4b28 main] exec.SelectOperator: Closing Operator: SEL[1]
2024-05-01T09:24:23,160  INFO [289bfbf4-2714-4bce-8ee2-3c2c541c4b28 main] exec.SelectOperator: RECORDS_OUT_INTERMEDIATE:0, RECORDS_OUT_OPERATOR_SEL_1:0, 
2024-05-01T09:24:23,160  INFO [289bfbf4-2714-4bce-8ee2-3c2c541c4b28 main] exec.ListSinkOperator: Closing Operator: LIST_SINK[3]
2024-05-01T09:24:23,160  INFO [289bfbf4-2714-4bce-8ee2-3c2c541c4b28 main] exec.ListSinkOperator: RECORDS_OUT_INTERMEDIATE:0, RECORDS_OUT_OPERATOR_LIST_SINK_3:0, 
2024-05-01T09:24:23,160  INFO [289bfbf4-2714-4bce-8ee2-3c2c541c4b28 main] operation.SQLOperation: Closing operation log /home/alex/Repositories/hive/beeline/target/tmp/alex/operation_logs/289bfbf4-2714-4bce-8ee2-3c2c541c4b28/alex_20240501092423_5091ef4a-81ba-4447-a2b2-312224789f62 without delay
2024-05-01T09:24:23,161  INFO [main] service.CompositeService: Session closed, SessionHandle [289bfbf4-2714-4bce-8ee2-3c2c541c4b28], current sessions:0
2024-05-01T09:24:23,161  INFO [EventualCleanupService thread 0] cleanup.EventualCleanupService: Deleted file:/home/alex/Repositories/hive/beeline/target/tmp/alex/289bfbf4-2714-4bce-8ee2-3c2c541c4b28/hive_2024-05-01_09-24-23_064_8727923625008119506-1
2024-05-01T09:24:23,161  INFO [289bfbf4-2714-4bce-8ee2-3c2c541c4b28 main] session.HiveSessionImpl: Operation log session directory is deleted: /home/alex/Repositories/hive/beeline/target/tmp/alex/operation_logs/289bfbf4-2714-4bce-8ee2-3c2c541c4b28
2024-05-01T09:24:23,161  INFO [main] cleanup.EventualCleanupService: Delete /tmp/hive/alex/289bfbf4-2714-4bce-8ee2-3c2c541c4b28 operation was queued
2024-05-01T09:24:23,162  INFO [main] cleanup.EventualCleanupService: Delete /home/alex/Repositories/hive/beeline/target/tmp/alex/289bfbf4-2714-4bce-8ee2-3c2c541c4b28 operation was queued
2024-05-01T09:24:23,162  INFO [EventualCleanupService thread 2] cleanup.EventualCleanupService: Deleted /home/alex/Repositories/hive/beeline/target/tmp/alex/289bfbf4-2714-4bce-8ee2-3c2c541c4b28
2024-05-01T09:24:23,162  INFO [EventualCleanupService thread 1] cleanup.EventualCleanupService: Deleted /tmp/hive/alex/289bfbf4-2714-4bce-8ee2-3c2c541c4b28
2024-05-01T09:24:23,162  INFO [main] HiveMetaStore.audit: ugi=alex	ip=unknown-ip-addr	cmd=Cleaning up thread local RawStore...	
2024-05-01T09:24:23,162  INFO [main] metastore.ObjectStore: RawStore: org.apache.hadoop.hive.metastore.ObjectStore@640028f2, with PersistenceManager: org.datanucleus.api.jdo.JDOPersistenceManager@48b744fd will be shutdown
2024-05-01T09:24:23,163  INFO [main] HiveMetaStore.audit: ugi=alex	ip=unknown-ip-addr	cmd=Done cleaning up thread local RawStore	
2024-05-01T09:24:23,163  INFO [main] metastore.HiveMetaStoreClient: Closed a connection to metastore, current connections: -46
2024-05-01T09:24:23,163 ERROR [main] cli.TestHiveCli: Failed due to the error:Connecting to jdbc:hive2://
Hive Session ID = 95c9ebcc-3361-449d-9570-6712bd772a60
ivysettings.xml file not found in HIVE_HOME or HIVE_CONF_DIR,/home/alex/Repositories/hive/conf/ivysettings.xml will be used
ivysettings.xml file not found in HIVE_HOME or HIVE_CONF_DIR,/home/alex/Repositories/hive/conf/ivysettings.xml will be used
Connected to: Apache Hive (version 4.0.0-SNAPSHOT)
Error: Couldn't load manifest attributes. (state=,code=0)
Transaction isolation: TRANSACTION_REPEATABLE_READ
. . > INFO  : Compiling command(queryId=alex_20240501092423_5091ef4a-81ba-4447-a2b2-312224789f62): select "hive"
INFO  : Semantic Analysis Completed (retrial = false)
INFO  : Created Hive schema: Schema(fieldSchemas:[FieldSchema(name:_c0, type:string, comment:null)], properties:null)
INFO  : Completed compiling command(queryId=alex_20240501092423_5091ef4a-81ba-4447-a2b2-312224789f62); Time taken: 0.086 seconds
INFO  : Concurrency mode is disabled, not creating a lock manager
INFO  : Executing command(queryId=alex_20240501092423_5091ef4a-81ba-4447-a2b2-312224789f62): select "hive"
INFO  : Completed executing command(queryId=alex_20240501092423_5091ef4a-81ba-4447-a2b2-312224789f62); Time taken: 0.0 seconds
DEBUG : Shutting down query select "hive"
Error: Failed to wait for operation to complete (state=08S01,code=0)
Closing: 0: jdbc:hive2://

]]></system-err>
  </testcase>
</testsuite>