<?xml version="1.0" encoding="UTF-8"?>
<testsuite xmlns:xsi="http://www.w3.org/2001/XMLSchema-instance" xsi:noNamespaceSchemaLocation="https://maven.apache.org/surefire/maven-surefire-plugin/xsd/surefire-test-report-3.0.xsd" version="3.0" name="org.apache.hive.hcatalog.pig.TestOrcHCatStorer" time="72.676" tests="29" errors="0" skipped="0" failures="2">
  <properties>
    <property name="sun.desktop" value="gnome"/>
    <property name="build.test.dir" value="/home/alex/Repositories/hive/hcatalog/hcatalog-pig-adapter/target/tmp"/>
    <property name="awt.toolkit" value="sun.awt.X11.XToolkit"/>
    <property name="test.tmp.dir.uri" value="file:///home/alex/Repositories/hive/hcatalog/hcatalog-pig-adapter/target/tmp"/>
    <property name="file.encoding.pkg" value="sun.io"/>
    <property name="java.specification.version" value="1.8"/>
    <property name="qfile" value=""/>
    <property name="log4j.configurationFile" value="file:///home/alex/Repositories/hive/hcatalog/hcatalog-pig-adapter/target/testconf/hive-log4j2.properties"/>
    <property name="sun.cpu.isalist" value=""/>
    <property name="test.warehouse.dir" value="pfile:///home/alex/Repositories/hive/hcatalog/hcatalog-pig-adapter/target/warehouse"/>
    <property name="sun.jnu.encoding" value="UTF-8"/>
    <property name="java.class.path" value="/home/alex/Repositories/hive/hcatalog/hcatalog-pig-adapter/target/test-classes:/home/alex/Repositories/hive/hcatalog/hcatalog-pig-adapter/target/classes:/home/alex/Repositories/hive/hcatalog/core/target/classes:/home/alex/Repositories/hive/cli/target/classes:/home/alex/Repositories/hive/service/target/classes:/home/alex/Repositories/hive/llap-server/target/classes:/home/alex/.m2/repository/com/lmax/disruptor/3.3.7/disruptor-3.3.7.jar:/home/alex/Repositories/hive/llap-common/target/test-classes:/home/alex/Repositories/hive/hplsql/target/classes:/home/alex/.m2/repository/org/antlr/antlr4-runtime/4.5/antlr4-runtime-4.5.jar:/home/alex/.m2/repository/org/abego/treelayout/org.abego.treelayout.core/1.0.1/org.abego.treelayout.core-1.0.1.jar:/home/alex/.m2/repository/javax/servlet/jsp/javax.servlet.jsp-api/2.3.1/javax.servlet.jsp-api-2.3.1.jar:/home/alex/.m2/repository/org/eclipse/jetty/jetty-runner/9.3.27.v20190418/jetty-runner-9.3.27.v20190418.jar:/home/alex/.m2/repository/org/eclipse/jetty/jetty-plus/9.3.27.v20190418/jetty-plus-9.3.27.v20190418.jar:/home/alex/.m2/repository/org/eclipse/jetty/jetty-annotations/9.3.27.v20190418/jetty-annotations-9.3.27.v20190418.jar:/home/alex/.m2/repository/org/ow2/asm/asm-commons/6.0/asm-commons-6.0.jar:/home/alex/.m2/repository/org/ow2/asm/asm-tree/6.0/asm-tree-6.0.jar:/home/alex/.m2/repository/org/eclipse/jetty/jetty-jaas/9.3.27.v20190418/jetty-jaas-9.3.27.v20190418.jar:/home/alex/.m2/repository/org/eclipse/jetty/websocket/websocket-server/9.3.27.v20190418/websocket-server-9.3.27.v20190418.jar:/home/alex/.m2/repository/org/eclipse/jetty/websocket/websocket-common/9.3.27.v20190418/websocket-common-9.3.27.v20190418.jar:/home/alex/.m2/repository/org/eclipse/jetty/websocket/websocket-api/9.3.27.v20190418/websocket-api-9.3.27.v20190418.jar:/home/alex/.m2/repository/org/eclipse/jetty/websocket/websocket-client/9.3.27.v20190418/websocket-client-9.3.27.v20190418.jar:/home/alex/.m2/repository/org/eclipse/jetty/websocket/websocket-servlet/9.3.27.v20190418/websocket-servlet-9.3.27.v20190418.jar:/home/alex/.m2/repository/org/eclipse/jetty/jetty-jndi/9.3.27.v20190418/jetty-jndi-9.3.27.v20190418.jar:/home/alex/.m2/repository/org/eclipse/jetty/apache-jsp/9.3.27.v20190418/apache-jsp-9.3.27.v20190418.jar:/home/alex/.m2/repository/org/eclipse/jetty/toolchain/jetty-schemas/3.1/jetty-schemas-3.1.jar:/home/alex/.m2/repository/org/eclipse/jdt/core/compiler/ecj/4.4.2/ecj-4.4.2.jar:/home/alex/.m2/repository/org/eclipse/jetty/apache-jstl/9.3.27.v20190418/apache-jstl-9.3.27.v20190418.jar:/home/alex/.m2/repository/org/apache/taglibs/taglibs-standard-spec/1.2.5/taglibs-standard-spec-1.2.5.jar:/home/alex/.m2/repository/org/apache/taglibs/taglibs-standard-impl/1.2.5/taglibs-standard-impl-1.2.5.jar:/home/alex/.m2/repository/org/bouncycastle/bcprov-jdk15on/1.64/bcprov-jdk15on-1.64.jar:/home/alex/.m2/repository/org/apache/santuario/xmlsec/2.2.1/xmlsec-2.2.1.jar:/home/alex/.m2/repository/org/jamon/jamon-runtime/2.3.1/jamon-runtime-2.3.1.jar:/home/alex/Repositories/hive/common/target/classes:/home/alex/Repositories/hive/classification/target/classes:/home/alex/.m2/repository/org/eclipse/jetty/jetty-http/9.3.27.v20190418/jetty-http-9.3.27.v20190418.jar:/home/alex/.m2/repository/org/eclipse/jetty/jetty-rewrite/9.3.27.v20190418/jetty-rewrite-9.3.27.v20190418.jar:/home/alex/.m2/repository/org/eclipse/jetty/jetty-client/9.3.27.v20190418/jetty-client-9.3.27.v20190418.jar:/home/alex/.m2/repository/org/apache/logging/log4j/log4j-web/2.13.2/log4j-web-2.13.2.jar:/home/alex/.m2/repository/net/sf/jpam/jpam/1.1/jpam-1.1.jar:/home/alex/Repositories/hive/metastore/target/classes:/home/alex/Repositories/hive/ql/target/classes:/home/alex/.m2/repository/com/google/guava/guava/19.0/guava-19.0.jar:/home/alex/.m2/repository/com/fasterxml/jackson/core/jackson-annotations/2.12.0/jackson-annotations-2.12.0.jar:/home/alex/.m2/repository/com/fasterxml/jackson/core/jackson-core/2.12.0/jackson-core-2.12.0.jar:/home/alex/.m2/repository/com/fasterxml/jackson/core/jackson-databind/2.12.0/jackson-databind-2.12.0.jar:/home/alex/.m2/repository/org/apache/hadoop/hadoop-annotations/3.1.0/hadoop-annotations-3.1.0.jar:/usr/lib/jvm/java-8-openjdk-amd64/jre/../lib/tools.jar:/home/alex/.m2/repository/org/apache/hadoop/hadoop-archives/3.1.0/hadoop-archives-3.1.0.jar:/home/alex/.m2/repository/org/apache/hadoop/hadoop-common/3.1.0/hadoop-common-3.1.0.jar:/home/alex/.m2/repository/commons-cli/commons-cli/1.4/commons-cli-1.4.jar:/home/alex/.m2/repository/org/apache/commons/commons-math3/3.6.1/commons-math3-3.6.1.jar:/home/alex/.m2/repository/commons-codec/commons-codec/1.15/commons-codec-1.15.jar:/home/alex/.m2/repository/commons-io/commons-io/2.6/commons-io-2.6.jar:/home/alex/.m2/repository/commons-net/commons-net/3.6/commons-net-3.6.jar:/home/alex/.m2/repository/commons-collections/commons-collections/3.2.2/commons-collections-3.2.2.jar:/home/alex/.m2/repository/javax/servlet/javax.servlet-api/3.1.0/javax.servlet-api-3.1.0.jar:/home/alex/.m2/repository/org/eclipse/jetty/jetty-server/9.3.27.v20190418/jetty-server-9.3.27.v20190418.jar:/home/alex/.m2/repository/org/eclipse/jetty/jetty-io/9.3.27.v20190418/jetty-io-9.3.27.v20190418.jar:/home/alex/.m2/repository/org/eclipse/jetty/jetty-util/9.3.27.v20190418/jetty-util-9.3.27.v20190418.jar:/home/alex/.m2/repository/org/eclipse/jetty/jetty-servlet/9.3.27.v20190418/jetty-servlet-9.3.27.v20190418.jar:/home/alex/.m2/repository/org/eclipse/jetty/jetty-security/9.3.27.v20190418/jetty-security-9.3.27.v20190418.jar:/home/alex/.m2/repository/org/eclipse/jetty/jetty-webapp/9.3.27.v20190418/jetty-webapp-9.3.27.v20190418.jar:/home/alex/.m2/repository/org/eclipse/jetty/jetty-xml/9.3.27.v20190418/jetty-xml-9.3.27.v20190418.jar:/home/alex/.m2/repository/javax/servlet/jsp/jsp-api/2.1/jsp-api-2.1.jar:/home/alex/.m2/repository/com/sun/jersey/jersey-core/1.19/jersey-core-1.19.jar:/home/alex/.m2/repository/javax/ws/rs/jsr311-api/1.1.1/jsr311-api-1.1.1.jar:/home/alex/.m2/repository/com/sun/jersey/jersey-json/1.19/jersey-json-1.19.jar:/home/alex/.m2/repository/org/codehaus/jettison/jettison/1.1/jettison-1.1.jar:/home/alex/.m2/repository/com/sun/xml/bind/jaxb-impl/2.2.3-1/jaxb-impl-2.2.3-1.jar:/home/alex/.m2/repository/org/codehaus/jackson/jackson-jaxrs/1.9.2/jackson-jaxrs-1.9.2.jar:/home/alex/.m2/repository/org/codehaus/jackson/jackson-xc/1.9.2/jackson-xc-1.9.2.jar:/home/alex/.m2/repository/com/sun/jersey/jersey-server/1.19/jersey-server-1.19.jar:/home/alex/.m2/repository/log4j/log4j/1.2.17/log4j-1.2.17.jar:/home/alex/.m2/repository/commons-lang/commons-lang/2.6/commons-lang-2.6.jar:/home/alex/.m2/repository/org/apache/commons/commons-configuration2/2.1.1/commons-configuration2-2.1.1.jar:/home/alex/.m2/repository/org/apache/commons/commons-lang3/3.4/commons-lang3-3.4.jar:/home/alex/.m2/repository/org/apache/avro/avro/1.8.2/avro-1.8.2.jar:/home/alex/.m2/repository/com/thoughtworks/paranamer/paranamer/2.8/paranamer-2.8.jar:/home/alex/.m2/repository/org/xerial/snappy/snappy-java/1.1.4/snappy-java-1.1.4.jar:/home/alex/.m2/repository/org/tukaani/xz/1.5/xz-1.5.jar:/home/alex/.m2/repository/com/google/re2j/re2j/1.2/re2j-1.2.jar:/home/alex/.m2/repository/com/google/protobuf/protobuf-java/2.5.0/protobuf-java-2.5.0.jar:/home/alex/.m2/repository/com/google/code/gson/gson/2.2.4/gson-2.2.4.jar:/home/alex/.m2/repository/org/apache/hadoop/hadoop-auth/3.1.0/hadoop-auth-3.1.0.jar:/home/alex/.m2/repository/com/nimbusds/nimbus-jose-jwt/4.41.1/nimbus-jose-jwt-4.41.1.jar:/home/alex/.m2/repository/com/github/stephenc/jcip/jcip-annotations/1.0-1/jcip-annotations-1.0-1.jar:/home/alex/.m2/repository/net/minidev/json-smart/2.3/json-smart-2.3.jar:/home/alex/.m2/repository/net/minidev/accessors-smart/1.2/accessors-smart-1.2.jar:/home/alex/.m2/repository/org/ow2/asm/asm/5.0.4/asm-5.0.4.jar:/home/alex/.m2/repository/com/jcraft/jsch/0.1.54/jsch-0.1.54.jar:/home/alex/.m2/repository/com/google/code/findbugs/jsr305/3.0.0/jsr305-3.0.0.jar:/home/alex/.m2/repository/org/apache/htrace/htrace-core4/4.1.0-incubating/htrace-core4-4.1.0-incubating.jar:/home/alex/.m2/repository/org/apache/commons/commons-compress/1.21/commons-compress-1.21.jar:/home/alex/.m2/repository/org/apache/kerby/kerb-simplekdc/1.0.1/kerb-simplekdc-1.0.1.jar:/home/alex/.m2/repository/org/apache/kerby/kerb-client/1.0.1/kerb-client-1.0.1.jar:/home/alex/.m2/repository/org/apache/kerby/kerby-config/1.0.1/kerby-config-1.0.1.jar:/home/alex/.m2/repository/org/apache/kerby/kerb-core/1.0.1/kerb-core-1.0.1.jar:/home/alex/.m2/repository/org/apache/kerby/kerby-pkix/1.0.1/kerby-pkix-1.0.1.jar:/home/alex/.m2/repository/org/apache/kerby/kerby-asn1/1.0.1/kerby-asn1-1.0.1.jar:/home/alex/.m2/repository/org/apache/kerby/kerby-util/1.0.1/kerby-util-1.0.1.jar:/home/alex/.m2/repository/org/apache/kerby/kerb-common/1.0.1/kerb-common-1.0.1.jar:/home/alex/.m2/repository/org/apache/kerby/kerb-crypto/1.0.1/kerb-crypto-1.0.1.jar:/home/alex/.m2/repository/org/apache/kerby/kerb-util/1.0.1/kerb-util-1.0.1.jar:/home/alex/.m2/repository/org/apache/kerby/token-provider/1.0.1/token-provider-1.0.1.jar:/home/alex/.m2/repository/org/apache/kerby/kerb-admin/1.0.1/kerb-admin-1.0.1.jar:/home/alex/.m2/repository/org/apache/kerby/kerb-server/1.0.1/kerb-server-1.0.1.jar:/home/alex/.m2/repository/org/apache/kerby/kerb-identity/1.0.1/kerb-identity-1.0.1.jar:/home/alex/.m2/repository/org/apache/kerby/kerby-xdr/1.0.1/kerby-xdr-1.0.1.jar:/home/alex/.m2/repository/org/codehaus/woodstox/stax2-api/3.1.4/stax2-api-3.1.4.jar:/home/alex/.m2/repository/com/fasterxml/woodstox/woodstox-core/5.0.3/woodstox-core-5.0.3.jar:/home/alex/.m2/repository/org/apache/hadoop/hadoop-mapreduce-client-jobclient/3.1.0/hadoop-mapreduce-client-jobclient-3.1.0.jar:/home/alex/.m2/repository/com/google/inject/extensions/guice-servlet/4.0/guice-servlet-4.0.jar:/home/alex/.m2/repository/com/google/inject/guice/4.0/guice-4.0.jar:/home/alex/.m2/repository/aopalliance/aopalliance/1.0/aopalliance-1.0.jar:/home/alex/.m2/repository/org/apache/hadoop/hadoop-mapreduce-client-core/3.1.0/hadoop-mapreduce-client-core-3.1.0.jar:/home/alex/.m2/repository/org/apache/hadoop/hadoop-yarn-client/3.1.0/hadoop-yarn-client-3.1.0.jar:/home/alex/.m2/repository/org/apache/hadoop/hadoop-yarn-api/3.1.0/hadoop-yarn-api-3.1.0.jar:/home/alex/.m2/repository/org/apache/hadoop/hadoop-yarn-common/3.1.0/hadoop-yarn-common-3.1.0.jar:/home/alex/.m2/repository/javax/xml/bind/jaxb-api/2.2.11/jaxb-api-2.2.11.jar:/home/alex/.m2/repository/com/sun/jersey/jersey-client/1.19/jersey-client-1.19.jar:/home/alex/.m2/repository/com/sun/jersey/contribs/jersey-guice/1.19/jersey-guice-1.19.jar:/home/alex/.m2/repository/com/fasterxml/jackson/module/jackson-module-jaxb-annotations/2.12.0/jackson-module-jaxb-annotations-2.12.0.jar:/home/alex/.m2/repository/jakarta/xml/bind/jakarta.xml.bind-api/2.3.2/jakarta.xml.bind-api-2.3.2.jar:/home/alex/.m2/repository/jakarta/activation/jakarta.activation-api/1.2.1/jakarta.activation-api-1.2.1.jar:/home/alex/.m2/repository/com/fasterxml/jackson/jaxrs/jackson-jaxrs-json-provider/2.12.0/jackson-jaxrs-json-provider-2.12.0.jar:/home/alex/.m2/repository/org/apache/hadoop/hadoop-hdfs-client/3.1.0/hadoop-hdfs-client-3.1.0.jar:/home/alex/.m2/repository/com/squareup/okhttp/okhttp/2.7.5/okhttp-2.7.5.jar:/home/alex/.m2/repository/com/squareup/okio/okio/1.6.0/okio-1.6.0.jar:/home/alex/.m2/repository/org/apache/pig/pig/0.16.0/pig-0.16.0-h2.jar:/home/alex/.m2/repository/xmlenc/xmlenc/0.52/xmlenc-0.52.jar:/home/alex/.m2/repository/commons-httpclient/commons-httpclient/3.1/commons-httpclient-3.1.jar:/home/alex/.m2/repository/org/mortbay/jetty/jetty/6.1.26/jetty-6.1.26.jar:/home/alex/.m2/repository/org/mortbay/jetty/servlet-api/2.5-20081211/servlet-api-2.5-20081211.jar:/home/alex/.m2/repository/org/mortbay/jetty/jetty-util/6.1.26/jetty-util-6.1.26.jar:/home/alex/.m2/repository/org/mortbay/jetty/jsp-api-2.1/6.1.14/jsp-api-2.1-6.1.14.jar:/home/alex/.m2/repository/org/mortbay/jetty/jsp-2.1/6.1.14/jsp-2.1-6.1.14.jar:/home/alex/.m2/repository/org/eclipse/jdt/core/3.1.1/core-3.1.1.jar:/home/alex/.m2/repository/ant/ant/1.6.5/ant-1.6.5.jar:/home/alex/.m2/repository/commons-el/commons-el/1.0/commons-el-1.0.jar:/home/alex/.m2/repository/net/java/dev/jets3t/jets3t/0.7.1/jets3t-0.7.1.jar:/home/alex/.m2/repository/org/mortbay/jetty/servlet-api-2.5/6.1.14/servlet-api-2.5-6.1.14.jar:/home/alex/.m2/repository/net/sf/kosmosfs/kfs/0.3/kfs-0.3.jar:/home/alex/.m2/repository/junit/junit/4.13/junit-4.13.jar:/home/alex/.m2/repository/org/hamcrest/hamcrest-core/1.3/hamcrest-core-1.3.jar:/home/alex/.m2/repository/hsqldb/hsqldb/1.8.0.10/hsqldb-1.8.0.10.jar:/home/alex/.m2/repository/oro/oro/2.0.8/oro-2.0.8.jar:/home/alex/.m2/repository/org/antlr/ST4/4.0.4/ST4-4.0.4.jar:/home/alex/.m2/repository/org/antlr/antlr-runtime/3.5.2/antlr-runtime-3.5.2.jar:/home/alex/.m2/repository/dk/brics/automaton/automaton/1.11-8/automaton-1.11-8.jar:/home/alex/.m2/repository/org/codehaus/jackson/jackson-mapper-asl/1.8.8/jackson-mapper-asl-1.8.8.jar:/home/alex/.m2/repository/org/codehaus/jackson/jackson-core-asl/1.8.8/jackson-core-asl-1.8.8.jar:/home/alex/.m2/repository/org/apache/ivy/ivy/2.2.0/ivy-2.2.0.jar:/home/alex/.m2/repository/org/apache/hadoop/hadoop-hdfs/3.1.0/hadoop-hdfs-3.1.0.jar:/home/alex/.m2/repository/org/eclipse/jetty/jetty-util-ajax/9.3.19.v20170502/jetty-util-ajax-9.3.19.v20170502.jar:/home/alex/.m2/repository/commons-logging/commons-logging/1.1.3/commons-logging-1.1.3.jar:/home/alex/.m2/repository/commons-daemon/commons-daemon/1.0.13/commons-daemon-1.0.13.jar:/home/alex/.m2/repository/io/netty/netty-all/4.1.65.Final/netty-all-4.1.65.Final.jar:/home/alex/.m2/repository/org/fusesource/leveldbjni/leveldbjni-all/1.8/leveldbjni-all-1.8.jar:/home/alex/.m2/repository/joda-time/joda-time/2.9.9/joda-time-2.9.9.jar:/home/alex/Repositories/hive/hcatalog/core/target/test-classes:/home/alex/.m2/repository/jline/jline/0.9.94/jline-0.9.94.jar:/home/alex/Repositories/hive/ql/target/test-classes:/home/alex/.m2/repository/org/apache/atlas/atlas-client-v2/2.1.0/atlas-client-v2-2.1.0.jar:/home/alex/.m2/repository/cglib/cglib/2.2.2/cglib-2.2.2.jar:/home/alex/.m2/repository/asm/asm/3.3.1/asm-3.3.1.jar:/home/alex/.m2/repository/org/apache/atlas/atlas-client-common/2.1.0/atlas-client-common-2.1.0.jar:/home/alex/.m2/repository/org/apache/atlas/atlas-intg/2.1.0/atlas-intg-2.1.0.jar:/home/alex/.m2/repository/commons-validator/commons-validator/1.6/commons-validator-1.6.jar:/home/alex/.m2/repository/commons-digester/commons-digester/1.8.1/commons-digester-1.8.1.jar:/home/alex/.m2/repository/com/fasterxml/jackson/jaxrs/jackson-jaxrs-base/2.12.0/jackson-jaxrs-base-2.12.0.jar:/home/alex/.m2/repository/javax/inject/javax.inject/1/javax.inject-1.jar:/home/alex/.m2/repository/org/springframework/spring-context/4.3.20.RELEASE/spring-context-4.3.20.RELEASE.jar:/home/alex/.m2/repository/org/springframework/spring-aop/4.3.20.RELEASE/spring-aop-4.3.20.RELEASE.jar:/home/alex/.m2/repository/org/springframework/spring-beans/4.3.20.RELEASE/spring-beans-4.3.20.RELEASE.jar:/home/alex/.m2/repository/org/springframework/spring-core/4.3.20.RELEASE/spring-core-4.3.20.RELEASE.jar:/home/alex/.m2/repository/org/springframework/spring-expression/4.3.20.RELEASE/spring-expression-4.3.20.RELEASE.jar:/home/alex/.m2/repository/commons-configuration/commons-configuration/1.10/commons-configuration-1.10.jar:/home/alex/Repositories/hive/vector-code-gen/target/classes:/home/alex/.m2/repository/org/apache/velocity/velocity/1.5/velocity-1.5.jar:/home/alex/Repositories/hive/serde/target/classes:/home/alex/.m2/repository/org/apache/arrow/arrow-vector/0.15.1/arrow-vector-0.15.1.jar:/home/alex/.m2/repository/org/apache/arrow/arrow-format/0.15.1/arrow-format-0.15.1.jar:/home/alex/.m2/repository/org/apache/arrow/arrow-memory/0.15.1/arrow-memory-0.15.1.jar:/home/alex/.m2/repository/com/google/flatbuffers/flatbuffers-java/1.9.0/flatbuffers-java-1.9.0.jar:/home/alex/.m2/repository/com/carrotsearch/hppc/0.7.2/hppc-0.7.2.jar:/home/alex/.m2/repository/com/github/davidmoten/flatbuffers-java/1.6.0.1/flatbuffers-java-1.6.0.1.jar:/home/alex/Repositories/hive/parser/target/classes:/home/alex/Repositories/hive/udf/target/classes:/home/alex/Repositories/hive/service-rpc/target/classes:/home/alex/Repositories/hive/llap-client/target/classes:/home/alex/Repositories/hive/llap-common/target/classes:/home/alex/.m2/repository/io/jsonwebtoken/jjwt-api/0.10.5/jjwt-api-0.10.5.jar:/home/alex/.m2/repository/io/jsonwebtoken/jjwt-impl/0.10.5/jjwt-impl-0.10.5.jar:/home/alex/.m2/repository/io/jsonwebtoken/jjwt-jackson/0.10.5/jjwt-jackson-0.10.5.jar:/home/alex/Repositories/hive/llap-tez/target/classes:/home/alex/Repositories/hive/shims/aggregator/target/classes:/home/alex/Repositories/hive/shims/common/target/classes:/home/alex/Repositories/hive/shims/0.23/target/classes:/home/alex/.m2/repository/org/apache/hadoop/hadoop-yarn-server-resourcemanager/3.1.0/hadoop-yarn-server-resourcemanager-3.1.0.jar:/home/alex/.m2/repository/org/apache/hadoop/hadoop-yarn-server-common/3.1.0/hadoop-yarn-server-common-3.1.0.jar:/home/alex/.m2/repository/org/apache/geronimo/specs/geronimo-jcache_1.0_spec/1.0-alpha-1/geronimo-jcache_1.0_spec-1.0-alpha-1.jar:/home/alex/.m2/repository/org/ehcache/ehcache/3.3.1/ehcache-3.3.1.jar:/home/alex/.m2/repository/com/zaxxer/HikariCP-java7/2.4.12/HikariCP-java7-2.4.12.jar:/home/alex/.m2/repository/org/apache/hadoop/hadoop-yarn-server-applicationhistoryservice/3.1.0/hadoop-yarn-server-applicationhistoryservice-3.1.0.jar:/home/alex/.m2/repository/de/ruedigermoeller/fst/2.50/fst-2.50.jar:/home/alex/.m2/repository/com/cedarsoftware/java-util/1.9.0/java-util-1.9.0.jar:/home/alex/.m2/repository/com/cedarsoftware/json-io/2.5.1/json-io-2.5.1.jar:/home/alex/Repositories/hive/shims/scheduler/target/classes:/home/alex/Repositories/hive/spark-client/target/classes:/home/alex/.m2/repository/com/fasterxml/jackson/module/jackson-module-scala_2.12/2.12.0/jackson-module-scala_2.12-2.12.0.jar:/home/alex/.m2/repository/org/scala-lang/scala-library/2.12.10/scala-library-2.12.10.jar:/home/alex/.m2/repository/org/apache/spark/spark-core_2.12/2.4.5/spark-core_2.12-2.4.5.jar:/home/alex/.m2/repository/com/twitter/chill_2.12/0.9.3/chill_2.12-0.9.3.jar:/home/alex/.m2/repository/com/twitter/chill-java/0.9.3/chill-java-0.9.3.jar:/home/alex/.m2/repository/org/apache/xbean/xbean-asm6-shaded/4.8/xbean-asm6-shaded-4.8.jar:/home/alex/.m2/repository/org/apache/hadoop/hadoop-client/3.1.0/hadoop-client-3.1.0.jar:/home/alex/.m2/repository/org/apache/spark/spark-launcher_2.12/2.4.5/spark-launcher_2.12-2.4.5.jar:/home/alex/.m2/repository/org/apache/spark/spark-kvstore_2.12/2.4.5/spark-kvstore_2.12-2.4.5.jar:/home/alex/.m2/repository/org/apache/spark/spark-network-common_2.12/2.4.5/spark-network-common_2.12-2.4.5.jar:/home/alex/.m2/repository/org/apache/spark/spark-network-shuffle_2.12/2.4.5/spark-network-shuffle_2.12-2.4.5.jar:/home/alex/.m2/repository/org/apache/spark/spark-unsafe_2.12/2.4.5/spark-unsafe_2.12-2.4.5.jar:/home/alex/.m2/repository/javax/activation/activation/1.1.1/activation-1.1.1.jar:/home/alex/.m2/repository/org/slf4j/jul-to-slf4j/1.7.16/jul-to-slf4j-1.7.16.jar:/home/alex/.m2/repository/org/slf4j/jcl-over-slf4j/1.7.16/jcl-over-slf4j-1.7.16.jar:/home/alex/.m2/repository/com/ning/compress-lzf/1.0.3/compress-lzf-1.0.3.jar:/home/alex/.m2/repository/org/roaringbitmap/RoaringBitmap/0.7.45/RoaringBitmap-0.7.45.jar:/home/alex/.m2/repository/org/roaringbitmap/shims/0.7.45/shims-0.7.45.jar:/home/alex/.m2/repository/org/json4s/json4s-jackson_2.12/3.5.3/json4s-jackson_2.12-3.5.3.jar:/home/alex/.m2/repository/org/json4s/json4s-core_2.12/3.5.3/json4s-core_2.12-3.5.3.jar:/home/alex/.m2/repository/org/json4s/json4s-ast_2.12/3.5.3/json4s-ast_2.12-3.5.3.jar:/home/alex/.m2/repository/org/json4s/json4s-scalap_2.12/3.5.3/json4s-scalap_2.12-3.5.3.jar:/home/alex/.m2/repository/org/scala-lang/modules/scala-xml_2.12/1.0.6/scala-xml_2.12-1.0.6.jar:/home/alex/.m2/repository/com/clearspring/analytics/stream/2.7.0/stream-2.7.0.jar:/home/alex/.m2/repository/io/dropwizard/metrics/metrics-graphite/3.1.5/metrics-graphite-3.1.5.jar:/home/alex/.m2/repository/net/razorvine/pyrolite/4.13/pyrolite-4.13.jar:/home/alex/.m2/repository/net/sf/py4j/py4j/0.10.7/py4j-0.10.7.jar:/home/alex/.m2/repository/org/apache/spark/spark-tags_2.12/2.4.5/spark-tags_2.12-2.4.5.jar:/home/alex/.m2/repository/org/apache/commons/commons-crypto/1.0.0/commons-crypto-1.0.0.jar:/home/alex/.m2/repository/org/spark-project/spark/unused/1.0.0/unused-1.0.0.jar:/home/alex/.m2/repository/org/apache/spark/spark-yarn_2.12/2.4.5/spark-yarn_2.12-2.4.5.jar:/home/alex/.m2/repository/org/apache/hadoop/hadoop-yarn-server-web-proxy/3.1.0/hadoop-yarn-server-web-proxy-3.1.0.jar:/home/alex/Repositories/hive/storage-api/target/classes:/home/alex/.m2/repository/com/amazonaws/secretsmanager/aws-secretsmanager-caching-java/1.0.1/aws-secretsmanager-caching-java-1.0.1.jar:/home/alex/.m2/repository/com/esotericsoftware/kryo/5.0.3/kryo-5.0.3.jar:/home/alex/.m2/repository/com/esotericsoftware/minlog/1.3.1/minlog-1.3.1.jar:/home/alex/.m2/repository/com/esotericsoftware/reflectasm/1.11.9/reflectasm-1.11.9.jar:/home/alex/.m2/repository/org/apache/parquet/parquet-hadoop-bundle/1.11.1/parquet-hadoop-bundle-1.11.1.jar:/home/alex/.m2/repository/org/apache/commons/commons-collections4/4.1/commons-collections4-4.1.jar:/home/alex/.m2/repository/org/apache/commons/commons-text/1.8/commons-text-1.8.jar:/home/alex/.m2/repository/javolution/javolution/5.5.1/javolution-5.5.1.jar:/home/alex/.m2/repository/org/apache/logging/log4j/log4j-1.2-api/2.13.2/log4j-1.2-api-2.13.2.jar:/home/alex/.m2/repository/org/apache/logging/log4j/log4j-api/2.13.2/log4j-api-2.13.2.jar:/home/alex/.m2/repository/org/apache/logging/log4j/log4j-core/2.13.2/log4j-core-2.13.2.jar:/home/alex/.m2/repository/org/apache/logging/log4j/log4j-slf4j-impl/2.13.2/log4j-slf4j-impl-2.13.2.jar:/home/alex/.m2/repository/org/apache/avro/avro-mapred/1.8.2/avro-mapred-1.8.2-hadoop2.jar:/home/alex/.m2/repository/org/apache/avro/avro-ipc/1.8.2/avro-ipc-1.8.2.jar:/home/alex/.m2/repository/org/apache/ant/ant/1.9.1/ant-1.9.1.jar:/home/alex/.m2/repository/org/apache/ant/ant-launcher/1.9.1/ant-launcher-1.9.1.jar:/home/alex/.m2/repository/org/apache/thrift/libfb303/0.9.3/libfb303-0.9.3.jar:/home/alex/.m2/repository/org/apache/hadoop/hadoop-yarn-registry/3.1.0/hadoop-yarn-registry-3.1.0.jar:/home/alex/.m2/repository/dnsjava/dnsjava/2.1.7/dnsjava-2.1.7.jar:/home/alex/.m2/repository/org/apache/orc/orc-tools/1.6.9/orc-tools-1.6.9.jar:/home/alex/.m2/repository/com/opencsv/opencsv/3.9/opencsv-3.9.jar:/home/alex/.m2/repository/org/threeten/threetenbp/1.3.5/threetenbp-1.3.5.jar:/home/alex/.m2/repository/org/apache/thrift/libthrift/0.14.1/libthrift-0.14.1.jar:/home/alex/.m2/repository/org/apache/httpcomponents/httpcore/4.4.13/httpcore-4.4.13.jar:/home/alex/.m2/repository/org/apache/tomcat/embed/tomcat-embed-core/8.5.46/tomcat-embed-core-8.5.46.jar:/home/alex/.m2/repository/org/apache/tomcat/tomcat-annotations-api/8.5.46/tomcat-annotations-api-8.5.46.jar:/home/alex/.m2/repository/javax/annotation/javax.annotation-api/1.3.2/javax.annotation-api-1.3.2.jar:/home/alex/.m2/repository/org/apache/zookeeper/zookeeper/3.5.5/zookeeper-3.5.5.jar:/home/alex/.m2/repository/org/apache/zookeeper/zookeeper-jute/3.5.5/zookeeper-jute-3.5.5.jar:/home/alex/.m2/repository/org/apache/yetus/audience-annotations/0.5.0/audience-annotations-0.5.0.jar:/home/alex/.m2/repository/org/apache/curator/curator-framework/4.2.0/curator-framework-4.2.0.jar:/home/alex/.m2/repository/org/apache/datasketches/datasketches-hive/1.1.0-incubating/datasketches-hive-1.1.0-incubating.jar:/home/alex/.m2/repository/org/apache/datasketches/datasketches-java/1.3.0-incubating/datasketches-java-1.3.0-incubating.jar:/home/alex/.m2/repository/org/apache/datasketches/datasketches-memory/1.2.0-incubating/datasketches-memory-1.2.0-incubating.jar:/home/alex/.m2/repository/org/slf4j/slf4j-simple/1.7.27/slf4j-simple-1.7.27.jar:/home/alex/.m2/repository/org/codehaus/groovy/groovy-all/2.4.11/groovy-all-2.4.11.jar:/home/alex/.m2/repository/org/jodd/jodd-util/6.0.0/jodd-util-6.0.0.jar:/home/alex/.m2/repository/com/fasterxml/jackson/dataformat/jackson-dataformat-yaml/2.12.0/jackson-dataformat-yaml-2.12.0.jar:/home/alex/.m2/repository/org/yaml/snakeyaml/1.27/snakeyaml-1.27.jar:/home/alex/.m2/repository/org/datanucleus/datanucleus-core/5.2.4/datanucleus-core-5.2.4.jar:/home/alex/.m2/repository/org/apache/calcite/calcite-core/1.25.0/calcite-core-1.25.0.jar:/home/alex/.m2/repository/org/apache/calcite/calcite-linq4j/1.25.0/calcite-linq4j-1.25.0.jar:/home/alex/.m2/repository/org/apiguardian/apiguardian-api/1.1.0/apiguardian-api-1.1.0.jar:/home/alex/.m2/repository/com/esri/geometry/esri-geometry-api/2.2.0/esri-geometry-api-2.2.0.jar:/home/alex/.m2/repository/com/yahoo/datasketches/sketches-core/0.9.0/sketches-core-0.9.0.jar:/home/alex/.m2/repository/com/yahoo/datasketches/memory/0.9.0/memory-0.9.0.jar:/home/alex/.m2/repository/org/apache/calcite/calcite-druid/1.25.0/calcite-druid-1.25.0.jar:/home/alex/.m2/repository/org/apache/calcite/avatica/avatica/1.12.0/avatica-1.12.0.jar:/home/alex/.m2/repository/com/googlecode/javaewah/JavaEWAH/0.3.2/JavaEWAH-0.3.2.jar:/home/alex/.m2/repository/com/tdunning/json/1.8/json-1.8.jar:/home/alex/.m2/repository/stax/stax-api/1.0.1/stax-api-1.0.1.jar:/home/alex/.m2/repository/net/sf/opencsv/opencsv/2.3/opencsv-2.3.jar:/home/alex/Repositories/hive/standalone-metastore/metastore-server/target/classes:/home/alex/.m2/repository/org/reflections/reflections/0.9.10/reflections-0.9.10.jar:/home/alex/.m2/repository/org/javassist/javassist/3.19.0-GA/javassist-3.19.0-GA.jar:/home/alex/.m2/repository/com/jayway/jsonpath/json-path/2.4.0/json-path-2.4.0.jar:/home/alex/.m2/repository/org/codehaus/janino/commons-compiler/3.0.11/commons-compiler-3.0.11.jar:/home/alex/.m2/repository/org/codehaus/janino/janino/3.0.11/janino-3.0.11.jar:/home/alex/.m2/repository/com/sun/jersey/contribs/jersey-multipart/1.19/jersey-multipart-1.19.jar:/home/alex/.m2/repository/org/jvnet/mimepull/mimepull/1.9.3/mimepull-1.9.3.jar:/home/alex/.m2/repository/org/apache/kafka/kafka-clients/2.5.0/kafka-clients-2.5.0.jar:/home/alex/.m2/repository/com/github/luben/zstd-jni/1.4.4-7/zstd-jni-1.4.4-7.jar:/home/alex/.m2/repository/org/lz4/lz4-java/1.7.1/lz4-java-1.7.1.jar:/home/alex/.m2/repository/org/apache/hadoop/hadoop-hdfs/3.1.0/hadoop-hdfs-3.1.0-tests.jar:/home/alex/Repositories/hive/standalone-metastore/metastore-server/target/test-classes:/home/alex/Repositories/hive/standalone-metastore/metastore-common/target/classes:/home/alex/.m2/repository/com/github/ben-manes/caffeine/caffeine/2.8.4/caffeine-2.8.4.jar:/home/alex/.m2/repository/org/checkerframework/checker-qual/3.4.0/checker-qual-3.4.0.jar:/home/alex/.m2/repository/com/google/errorprone/error_prone_annotations/2.3.4/error_prone_annotations-2.3.4.jar:/home/alex/.m2/repository/org/apache/orc/orc-core/1.6.9/orc-core-1.6.9.jar:/home/alex/.m2/repository/org/apache/orc/orc-shims/1.6.9/orc-shims-1.6.9.jar:/home/alex/.m2/repository/io/airlift/aircompressor/0.19/aircompressor-0.19.jar:/home/alex/.m2/repository/org/jetbrains/annotations/17.0.0/annotations-17.0.0.jar:/home/alex/.m2/repository/org/threeten/threeten-extra/1.5.0/threeten-extra-1.5.0.jar:/home/alex/.m2/repository/com/github/joshelser/dropwizard-metrics-hadoop-metrics2-reporter/0.1.2/dropwizard-metrics-hadoop-metrics2-reporter-0.1.2.jar:/home/alex/.m2/repository/com/zaxxer/HikariCP/2.6.1/HikariCP-2.6.1.jar:/home/alex/.m2/repository/org/apache/commons/commons-dbcp2/2.7.0/commons-dbcp2-2.7.0.jar:/home/alex/.m2/repository/org/apache/commons/commons-pool2/2.7.0/commons-pool2-2.7.0.jar:/home/alex/.m2/repository/io/dropwizard/metrics/metrics-core/3.1.0/metrics-core-3.1.0.jar:/home/alex/.m2/repository/io/dropwizard/metrics/metrics-jvm/3.1.0/metrics-jvm-3.1.0.jar:/home/alex/.m2/repository/io/dropwizard/metrics/metrics-json/3.1.0/metrics-json-3.1.0.jar:/home/alex/.m2/repository/org/apache/derby/derby/10.14.1.0/derby-10.14.1.0.jar:/home/alex/.m2/repository/commons-beanutils/commons-beanutils/1.9.4/commons-beanutils-1.9.4.jar:/home/alex/.m2/repository/org/datanucleus/datanucleus-api-jdo/5.2.4/datanucleus-api-jdo-5.2.4.jar:/home/alex/.m2/repository/org/datanucleus/datanucleus-rdbms/5.2.4/datanucleus-rdbms-5.2.4.jar:/home/alex/.m2/repository/org/datanucleus/javax.jdo/3.2.0-release/javax.jdo-3.2.0-release.jar:/home/alex/.m2/repository/javax/transaction/javax.transaction-api/1.3/javax.transaction-api-1.3.jar:/home/alex/.m2/repository/org/glassfish/corba/glassfish-corba-omgapi/4.2.2/glassfish-corba-omgapi-4.2.2.jar:/home/alex/.m2/repository/sqlline/sqlline/1.9.0/sqlline-1.9.0.jar:/home/alex/.m2/repository/org/jline/jline-terminal/3.12.1/jline-terminal-3.12.1.jar:/home/alex/.m2/repository/org/jline/jline-reader/3.12.1/jline-reader-3.12.1.jar:/home/alex/.m2/repository/org/jline/jline-terminal-jansi/3.12.1/jline-terminal-jansi-3.12.1.jar:/home/alex/.m2/repository/org/fusesource/jansi/jansi/1.18/jansi-1.18.jar:/home/alex/.m2/repository/org/jline/jline-terminal-jna/3.12.1/jline-terminal-jna-3.12.1.jar:/home/alex/.m2/repository/net/java/dev/jna/jna/5.3.1/jna-5.3.1.jar:/home/alex/.m2/repository/org/jline/jline-builtins/3.12.1/jline-builtins-3.12.1.jar:/home/alex/.m2/repository/org/jline/jline-style/3.12.1/jline-style-3.12.1.jar:/home/alex/.m2/repository/com/cronutils/cron-utils/9.1.3/cron-utils-9.1.3.jar:/home/alex/.m2/repository/org/glassfish/javax.el/3.0.0/javax.el-3.0.0.jar:/home/alex/.m2/repository/com/oracle/database/jdbc/ojdbc8/21.3.0.0/ojdbc8-21.3.0.0.jar:/home/alex/.m2/repository/mysql/mysql-connector-java/8.0.27/mysql-connector-java-8.0.27.jar:/home/alex/.m2/repository/com/microsoft/sqlserver/mssql-jdbc/6.2.1.jre8/mssql-jdbc-6.2.1.jre8.jar:/home/alex/.m2/repository/org/postgresql/postgresql/42.2.14/postgresql-42.2.14.jar:/home/alex/.m2/repository/org/apache/hadoop/hadoop-mapreduce-client-common/3.1.0/hadoop-mapreduce-client-common-3.1.0.jar:/home/alex/.m2/repository/org/apache/hadoop/hadoop-common/3.1.0/hadoop-common-3.1.0-tests.jar:/home/alex/.m2/repository/org/apache/httpcomponents/httpclient/4.5.13/httpclient-4.5.13.jar:/home/alex/.m2/repository/org/apache/curator/curator-client/4.2.0/curator-client-4.2.0.jar:/home/alex/.m2/repository/org/apache/curator/curator-recipes/4.2.0/curator-recipes-4.2.0.jar:/home/alex/.m2/repository/com/sun/jersey/jersey-servlet/1.19/jersey-servlet-1.19.jar:/home/alex/.m2/repository/org/slf4j/slf4j-api/1.7.30/slf4j-api-1.7.30.jar:/home/alex/.m2/repository/org/mockito/mockito-core/3.4.4/mockito-core-3.4.4.jar:/home/alex/.m2/repository/net/bytebuddy/byte-buddy/1.10.13/byte-buddy-1.10.13.jar:/home/alex/.m2/repository/net/bytebuddy/byte-buddy-agent/1.10.13/byte-buddy-agent-1.10.13.jar:/home/alex/.m2/repository/org/objenesis/objenesis/2.6/objenesis-2.6.jar:/home/alex/Repositories/hive/hcatalog/hcatalog-pig-adapter/target/testconf:/home/alex/Repositories/hive/hcatalog/hcatalog-pig-adapter/../../conf:"/>
    <property name="run_disabled" value=""/>
    <property name="java.vm.vendor" value="Private Build"/>
    <property name="sun.arch.data.model" value="64"/>
    <property name="hadoop.version" value="3.1.0"/>
    <property name="java.vendor.url" value="http://java.oracle.com/"/>
    <property name="user.timezone" value=""/>
    <property name="user.country.format" value="PT"/>
    <property name="test.local.warehouse.dir" value="pfile:///home/alex/Repositories/hive/hcatalog/hcatalog-pig-adapter/target/localfs/warehouse"/>
    <property name="os.name" value="Linux"/>
    <property name="java.vm.specification.version" value="1.8"/>
    <property name="test.tmp.dir" value="/home/alex/Repositories/hive/hcatalog/hcatalog-pig-adapter/target/tmp"/>
    <property name="test.build.data" value="/home/alex/Repositories/hive/hcatalog/hcatalog-pig-adapter/target/tmp"/>
    <property name="clustermode" value=""/>
    <property name="sun.java.launcher" value="SUN_STANDARD"/>
    <property name="user.country" value="US"/>
    <property name="test.data.files" value="/home/alex/Repositories/hive/hcatalog/hcatalog-pig-adapter/../../data/files"/>
    <property name="sun.boot.library.path" value="/usr/lib/jvm/java-8-openjdk-amd64/jre/lib/amd64"/>
    <property name="sun.java.command" value="/home/alex/Repositories/hive/hcatalog/hcatalog-pig-adapter/target/surefire/surefirebooter801440670804433641.jar /home/alex/Repositories/hive/hcatalog/hcatalog-pig-adapter/target/surefire 2024-05-01T05-01-21_120-jvmRun1 surefire796517795954748600tmp surefire_9497937772381532406679tmp"/>
    <property name="surefire.test.class.path" value="/home/alex/Repositories/hive/hcatalog/hcatalog-pig-adapter/target/test-classes:/home/alex/Repositories/hive/hcatalog/hcatalog-pig-adapter/target/classes:/home/alex/Repositories/hive/hcatalog/core/target/classes:/home/alex/Repositories/hive/cli/target/classes:/home/alex/Repositories/hive/service/target/classes:/home/alex/Repositories/hive/llap-server/target/classes:/home/alex/.m2/repository/com/lmax/disruptor/3.3.7/disruptor-3.3.7.jar:/home/alex/Repositories/hive/llap-common/target/test-classes:/home/alex/Repositories/hive/hplsql/target/classes:/home/alex/.m2/repository/org/antlr/antlr4-runtime/4.5/antlr4-runtime-4.5.jar:/home/alex/.m2/repository/org/abego/treelayout/org.abego.treelayout.core/1.0.1/org.abego.treelayout.core-1.0.1.jar:/home/alex/.m2/repository/javax/servlet/jsp/javax.servlet.jsp-api/2.3.1/javax.servlet.jsp-api-2.3.1.jar:/home/alex/.m2/repository/org/eclipse/jetty/jetty-runner/9.3.27.v20190418/jetty-runner-9.3.27.v20190418.jar:/home/alex/.m2/repository/org/eclipse/jetty/jetty-plus/9.3.27.v20190418/jetty-plus-9.3.27.v20190418.jar:/home/alex/.m2/repository/org/eclipse/jetty/jetty-annotations/9.3.27.v20190418/jetty-annotations-9.3.27.v20190418.jar:/home/alex/.m2/repository/org/ow2/asm/asm-commons/6.0/asm-commons-6.0.jar:/home/alex/.m2/repository/org/ow2/asm/asm-tree/6.0/asm-tree-6.0.jar:/home/alex/.m2/repository/org/eclipse/jetty/jetty-jaas/9.3.27.v20190418/jetty-jaas-9.3.27.v20190418.jar:/home/alex/.m2/repository/org/eclipse/jetty/websocket/websocket-server/9.3.27.v20190418/websocket-server-9.3.27.v20190418.jar:/home/alex/.m2/repository/org/eclipse/jetty/websocket/websocket-common/9.3.27.v20190418/websocket-common-9.3.27.v20190418.jar:/home/alex/.m2/repository/org/eclipse/jetty/websocket/websocket-api/9.3.27.v20190418/websocket-api-9.3.27.v20190418.jar:/home/alex/.m2/repository/org/eclipse/jetty/websocket/websocket-client/9.3.27.v20190418/websocket-client-9.3.27.v20190418.jar:/home/alex/.m2/repository/org/eclipse/jetty/websocket/websocket-servlet/9.3.27.v20190418/websocket-servlet-9.3.27.v20190418.jar:/home/alex/.m2/repository/org/eclipse/jetty/jetty-jndi/9.3.27.v20190418/jetty-jndi-9.3.27.v20190418.jar:/home/alex/.m2/repository/org/eclipse/jetty/apache-jsp/9.3.27.v20190418/apache-jsp-9.3.27.v20190418.jar:/home/alex/.m2/repository/org/eclipse/jetty/toolchain/jetty-schemas/3.1/jetty-schemas-3.1.jar:/home/alex/.m2/repository/org/eclipse/jdt/core/compiler/ecj/4.4.2/ecj-4.4.2.jar:/home/alex/.m2/repository/org/eclipse/jetty/apache-jstl/9.3.27.v20190418/apache-jstl-9.3.27.v20190418.jar:/home/alex/.m2/repository/org/apache/taglibs/taglibs-standard-spec/1.2.5/taglibs-standard-spec-1.2.5.jar:/home/alex/.m2/repository/org/apache/taglibs/taglibs-standard-impl/1.2.5/taglibs-standard-impl-1.2.5.jar:/home/alex/.m2/repository/org/bouncycastle/bcprov-jdk15on/1.64/bcprov-jdk15on-1.64.jar:/home/alex/.m2/repository/org/apache/santuario/xmlsec/2.2.1/xmlsec-2.2.1.jar:/home/alex/.m2/repository/org/jamon/jamon-runtime/2.3.1/jamon-runtime-2.3.1.jar:/home/alex/Repositories/hive/common/target/classes:/home/alex/Repositories/hive/classification/target/classes:/home/alex/.m2/repository/org/eclipse/jetty/jetty-http/9.3.27.v20190418/jetty-http-9.3.27.v20190418.jar:/home/alex/.m2/repository/org/eclipse/jetty/jetty-rewrite/9.3.27.v20190418/jetty-rewrite-9.3.27.v20190418.jar:/home/alex/.m2/repository/org/eclipse/jetty/jetty-client/9.3.27.v20190418/jetty-client-9.3.27.v20190418.jar:/home/alex/.m2/repository/org/apache/logging/log4j/log4j-web/2.13.2/log4j-web-2.13.2.jar:/home/alex/.m2/repository/net/sf/jpam/jpam/1.1/jpam-1.1.jar:/home/alex/Repositories/hive/metastore/target/classes:/home/alex/Repositories/hive/ql/target/classes:/home/alex/.m2/repository/com/google/guava/guava/19.0/guava-19.0.jar:/home/alex/.m2/repository/com/fasterxml/jackson/core/jackson-annotations/2.12.0/jackson-annotations-2.12.0.jar:/home/alex/.m2/repository/com/fasterxml/jackson/core/jackson-core/2.12.0/jackson-core-2.12.0.jar:/home/alex/.m2/repository/com/fasterxml/jackson/core/jackson-databind/2.12.0/jackson-databind-2.12.0.jar:/home/alex/.m2/repository/org/apache/hadoop/hadoop-annotations/3.1.0/hadoop-annotations-3.1.0.jar:/usr/lib/jvm/java-8-openjdk-amd64/jre/../lib/tools.jar:/home/alex/.m2/repository/org/apache/hadoop/hadoop-archives/3.1.0/hadoop-archives-3.1.0.jar:/home/alex/.m2/repository/org/apache/hadoop/hadoop-common/3.1.0/hadoop-common-3.1.0.jar:/home/alex/.m2/repository/commons-cli/commons-cli/1.4/commons-cli-1.4.jar:/home/alex/.m2/repository/org/apache/commons/commons-math3/3.6.1/commons-math3-3.6.1.jar:/home/alex/.m2/repository/commons-codec/commons-codec/1.15/commons-codec-1.15.jar:/home/alex/.m2/repository/commons-io/commons-io/2.6/commons-io-2.6.jar:/home/alex/.m2/repository/commons-net/commons-net/3.6/commons-net-3.6.jar:/home/alex/.m2/repository/commons-collections/commons-collections/3.2.2/commons-collections-3.2.2.jar:/home/alex/.m2/repository/javax/servlet/javax.servlet-api/3.1.0/javax.servlet-api-3.1.0.jar:/home/alex/.m2/repository/org/eclipse/jetty/jetty-server/9.3.27.v20190418/jetty-server-9.3.27.v20190418.jar:/home/alex/.m2/repository/org/eclipse/jetty/jetty-io/9.3.27.v20190418/jetty-io-9.3.27.v20190418.jar:/home/alex/.m2/repository/org/eclipse/jetty/jetty-util/9.3.27.v20190418/jetty-util-9.3.27.v20190418.jar:/home/alex/.m2/repository/org/eclipse/jetty/jetty-servlet/9.3.27.v20190418/jetty-servlet-9.3.27.v20190418.jar:/home/alex/.m2/repository/org/eclipse/jetty/jetty-security/9.3.27.v20190418/jetty-security-9.3.27.v20190418.jar:/home/alex/.m2/repository/org/eclipse/jetty/jetty-webapp/9.3.27.v20190418/jetty-webapp-9.3.27.v20190418.jar:/home/alex/.m2/repository/org/eclipse/jetty/jetty-xml/9.3.27.v20190418/jetty-xml-9.3.27.v20190418.jar:/home/alex/.m2/repository/javax/servlet/jsp/jsp-api/2.1/jsp-api-2.1.jar:/home/alex/.m2/repository/com/sun/jersey/jersey-core/1.19/jersey-core-1.19.jar:/home/alex/.m2/repository/javax/ws/rs/jsr311-api/1.1.1/jsr311-api-1.1.1.jar:/home/alex/.m2/repository/com/sun/jersey/jersey-json/1.19/jersey-json-1.19.jar:/home/alex/.m2/repository/org/codehaus/jettison/jettison/1.1/jettison-1.1.jar:/home/alex/.m2/repository/com/sun/xml/bind/jaxb-impl/2.2.3-1/jaxb-impl-2.2.3-1.jar:/home/alex/.m2/repository/org/codehaus/jackson/jackson-jaxrs/1.9.2/jackson-jaxrs-1.9.2.jar:/home/alex/.m2/repository/org/codehaus/jackson/jackson-xc/1.9.2/jackson-xc-1.9.2.jar:/home/alex/.m2/repository/com/sun/jersey/jersey-server/1.19/jersey-server-1.19.jar:/home/alex/.m2/repository/log4j/log4j/1.2.17/log4j-1.2.17.jar:/home/alex/.m2/repository/commons-lang/commons-lang/2.6/commons-lang-2.6.jar:/home/alex/.m2/repository/org/apache/commons/commons-configuration2/2.1.1/commons-configuration2-2.1.1.jar:/home/alex/.m2/repository/org/apache/commons/commons-lang3/3.4/commons-lang3-3.4.jar:/home/alex/.m2/repository/org/apache/avro/avro/1.8.2/avro-1.8.2.jar:/home/alex/.m2/repository/com/thoughtworks/paranamer/paranamer/2.8/paranamer-2.8.jar:/home/alex/.m2/repository/org/xerial/snappy/snappy-java/1.1.4/snappy-java-1.1.4.jar:/home/alex/.m2/repository/org/tukaani/xz/1.5/xz-1.5.jar:/home/alex/.m2/repository/com/google/re2j/re2j/1.2/re2j-1.2.jar:/home/alex/.m2/repository/com/google/protobuf/protobuf-java/2.5.0/protobuf-java-2.5.0.jar:/home/alex/.m2/repository/com/google/code/gson/gson/2.2.4/gson-2.2.4.jar:/home/alex/.m2/repository/org/apache/hadoop/hadoop-auth/3.1.0/hadoop-auth-3.1.0.jar:/home/alex/.m2/repository/com/nimbusds/nimbus-jose-jwt/4.41.1/nimbus-jose-jwt-4.41.1.jar:/home/alex/.m2/repository/com/github/stephenc/jcip/jcip-annotations/1.0-1/jcip-annotations-1.0-1.jar:/home/alex/.m2/repository/net/minidev/json-smart/2.3/json-smart-2.3.jar:/home/alex/.m2/repository/net/minidev/accessors-smart/1.2/accessors-smart-1.2.jar:/home/alex/.m2/repository/org/ow2/asm/asm/5.0.4/asm-5.0.4.jar:/home/alex/.m2/repository/com/jcraft/jsch/0.1.54/jsch-0.1.54.jar:/home/alex/.m2/repository/com/google/code/findbugs/jsr305/3.0.0/jsr305-3.0.0.jar:/home/alex/.m2/repository/org/apache/htrace/htrace-core4/4.1.0-incubating/htrace-core4-4.1.0-incubating.jar:/home/alex/.m2/repository/org/apache/commons/commons-compress/1.21/commons-compress-1.21.jar:/home/alex/.m2/repository/org/apache/kerby/kerb-simplekdc/1.0.1/kerb-simplekdc-1.0.1.jar:/home/alex/.m2/repository/org/apache/kerby/kerb-client/1.0.1/kerb-client-1.0.1.jar:/home/alex/.m2/repository/org/apache/kerby/kerby-config/1.0.1/kerby-config-1.0.1.jar:/home/alex/.m2/repository/org/apache/kerby/kerb-core/1.0.1/kerb-core-1.0.1.jar:/home/alex/.m2/repository/org/apache/kerby/kerby-pkix/1.0.1/kerby-pkix-1.0.1.jar:/home/alex/.m2/repository/org/apache/kerby/kerby-asn1/1.0.1/kerby-asn1-1.0.1.jar:/home/alex/.m2/repository/org/apache/kerby/kerby-util/1.0.1/kerby-util-1.0.1.jar:/home/alex/.m2/repository/org/apache/kerby/kerb-common/1.0.1/kerb-common-1.0.1.jar:/home/alex/.m2/repository/org/apache/kerby/kerb-crypto/1.0.1/kerb-crypto-1.0.1.jar:/home/alex/.m2/repository/org/apache/kerby/kerb-util/1.0.1/kerb-util-1.0.1.jar:/home/alex/.m2/repository/org/apache/kerby/token-provider/1.0.1/token-provider-1.0.1.jar:/home/alex/.m2/repository/org/apache/kerby/kerb-admin/1.0.1/kerb-admin-1.0.1.jar:/home/alex/.m2/repository/org/apache/kerby/kerb-server/1.0.1/kerb-server-1.0.1.jar:/home/alex/.m2/repository/org/apache/kerby/kerb-identity/1.0.1/kerb-identity-1.0.1.jar:/home/alex/.m2/repository/org/apache/kerby/kerby-xdr/1.0.1/kerby-xdr-1.0.1.jar:/home/alex/.m2/repository/org/codehaus/woodstox/stax2-api/3.1.4/stax2-api-3.1.4.jar:/home/alex/.m2/repository/com/fasterxml/woodstox/woodstox-core/5.0.3/woodstox-core-5.0.3.jar:/home/alex/.m2/repository/org/apache/hadoop/hadoop-mapreduce-client-jobclient/3.1.0/hadoop-mapreduce-client-jobclient-3.1.0.jar:/home/alex/.m2/repository/com/google/inject/extensions/guice-servlet/4.0/guice-servlet-4.0.jar:/home/alex/.m2/repository/com/google/inject/guice/4.0/guice-4.0.jar:/home/alex/.m2/repository/aopalliance/aopalliance/1.0/aopalliance-1.0.jar:/home/alex/.m2/repository/org/apache/hadoop/hadoop-mapreduce-client-core/3.1.0/hadoop-mapreduce-client-core-3.1.0.jar:/home/alex/.m2/repository/org/apache/hadoop/hadoop-yarn-client/3.1.0/hadoop-yarn-client-3.1.0.jar:/home/alex/.m2/repository/org/apache/hadoop/hadoop-yarn-api/3.1.0/hadoop-yarn-api-3.1.0.jar:/home/alex/.m2/repository/org/apache/hadoop/hadoop-yarn-common/3.1.0/hadoop-yarn-common-3.1.0.jar:/home/alex/.m2/repository/javax/xml/bind/jaxb-api/2.2.11/jaxb-api-2.2.11.jar:/home/alex/.m2/repository/com/sun/jersey/jersey-client/1.19/jersey-client-1.19.jar:/home/alex/.m2/repository/com/sun/jersey/contribs/jersey-guice/1.19/jersey-guice-1.19.jar:/home/alex/.m2/repository/com/fasterxml/jackson/module/jackson-module-jaxb-annotations/2.12.0/jackson-module-jaxb-annotations-2.12.0.jar:/home/alex/.m2/repository/jakarta/xml/bind/jakarta.xml.bind-api/2.3.2/jakarta.xml.bind-api-2.3.2.jar:/home/alex/.m2/repository/jakarta/activation/jakarta.activation-api/1.2.1/jakarta.activation-api-1.2.1.jar:/home/alex/.m2/repository/com/fasterxml/jackson/jaxrs/jackson-jaxrs-json-provider/2.12.0/jackson-jaxrs-json-provider-2.12.0.jar:/home/alex/.m2/repository/org/apache/hadoop/hadoop-hdfs-client/3.1.0/hadoop-hdfs-client-3.1.0.jar:/home/alex/.m2/repository/com/squareup/okhttp/okhttp/2.7.5/okhttp-2.7.5.jar:/home/alex/.m2/repository/com/squareup/okio/okio/1.6.0/okio-1.6.0.jar:/home/alex/.m2/repository/org/apache/pig/pig/0.16.0/pig-0.16.0-h2.jar:/home/alex/.m2/repository/xmlenc/xmlenc/0.52/xmlenc-0.52.jar:/home/alex/.m2/repository/commons-httpclient/commons-httpclient/3.1/commons-httpclient-3.1.jar:/home/alex/.m2/repository/org/mortbay/jetty/jetty/6.1.26/jetty-6.1.26.jar:/home/alex/.m2/repository/org/mortbay/jetty/servlet-api/2.5-20081211/servlet-api-2.5-20081211.jar:/home/alex/.m2/repository/org/mortbay/jetty/jetty-util/6.1.26/jetty-util-6.1.26.jar:/home/alex/.m2/repository/org/mortbay/jetty/jsp-api-2.1/6.1.14/jsp-api-2.1-6.1.14.jar:/home/alex/.m2/repository/org/mortbay/jetty/jsp-2.1/6.1.14/jsp-2.1-6.1.14.jar:/home/alex/.m2/repository/org/eclipse/jdt/core/3.1.1/core-3.1.1.jar:/home/alex/.m2/repository/ant/ant/1.6.5/ant-1.6.5.jar:/home/alex/.m2/repository/commons-el/commons-el/1.0/commons-el-1.0.jar:/home/alex/.m2/repository/net/java/dev/jets3t/jets3t/0.7.1/jets3t-0.7.1.jar:/home/alex/.m2/repository/org/mortbay/jetty/servlet-api-2.5/6.1.14/servlet-api-2.5-6.1.14.jar:/home/alex/.m2/repository/net/sf/kosmosfs/kfs/0.3/kfs-0.3.jar:/home/alex/.m2/repository/junit/junit/4.13/junit-4.13.jar:/home/alex/.m2/repository/org/hamcrest/hamcrest-core/1.3/hamcrest-core-1.3.jar:/home/alex/.m2/repository/hsqldb/hsqldb/1.8.0.10/hsqldb-1.8.0.10.jar:/home/alex/.m2/repository/oro/oro/2.0.8/oro-2.0.8.jar:/home/alex/.m2/repository/org/antlr/ST4/4.0.4/ST4-4.0.4.jar:/home/alex/.m2/repository/org/antlr/antlr-runtime/3.5.2/antlr-runtime-3.5.2.jar:/home/alex/.m2/repository/dk/brics/automaton/automaton/1.11-8/automaton-1.11-8.jar:/home/alex/.m2/repository/org/codehaus/jackson/jackson-mapper-asl/1.8.8/jackson-mapper-asl-1.8.8.jar:/home/alex/.m2/repository/org/codehaus/jackson/jackson-core-asl/1.8.8/jackson-core-asl-1.8.8.jar:/home/alex/.m2/repository/org/apache/ivy/ivy/2.2.0/ivy-2.2.0.jar:/home/alex/.m2/repository/org/apache/hadoop/hadoop-hdfs/3.1.0/hadoop-hdfs-3.1.0.jar:/home/alex/.m2/repository/org/eclipse/jetty/jetty-util-ajax/9.3.19.v20170502/jetty-util-ajax-9.3.19.v20170502.jar:/home/alex/.m2/repository/commons-logging/commons-logging/1.1.3/commons-logging-1.1.3.jar:/home/alex/.m2/repository/commons-daemon/commons-daemon/1.0.13/commons-daemon-1.0.13.jar:/home/alex/.m2/repository/io/netty/netty-all/4.1.65.Final/netty-all-4.1.65.Final.jar:/home/alex/.m2/repository/org/fusesource/leveldbjni/leveldbjni-all/1.8/leveldbjni-all-1.8.jar:/home/alex/.m2/repository/joda-time/joda-time/2.9.9/joda-time-2.9.9.jar:/home/alex/Repositories/hive/hcatalog/core/target/test-classes:/home/alex/.m2/repository/jline/jline/0.9.94/jline-0.9.94.jar:/home/alex/Repositories/hive/ql/target/test-classes:/home/alex/.m2/repository/org/apache/atlas/atlas-client-v2/2.1.0/atlas-client-v2-2.1.0.jar:/home/alex/.m2/repository/cglib/cglib/2.2.2/cglib-2.2.2.jar:/home/alex/.m2/repository/asm/asm/3.3.1/asm-3.3.1.jar:/home/alex/.m2/repository/org/apache/atlas/atlas-client-common/2.1.0/atlas-client-common-2.1.0.jar:/home/alex/.m2/repository/org/apache/atlas/atlas-intg/2.1.0/atlas-intg-2.1.0.jar:/home/alex/.m2/repository/commons-validator/commons-validator/1.6/commons-validator-1.6.jar:/home/alex/.m2/repository/commons-digester/commons-digester/1.8.1/commons-digester-1.8.1.jar:/home/alex/.m2/repository/com/fasterxml/jackson/jaxrs/jackson-jaxrs-base/2.12.0/jackson-jaxrs-base-2.12.0.jar:/home/alex/.m2/repository/javax/inject/javax.inject/1/javax.inject-1.jar:/home/alex/.m2/repository/org/springframework/spring-context/4.3.20.RELEASE/spring-context-4.3.20.RELEASE.jar:/home/alex/.m2/repository/org/springframework/spring-aop/4.3.20.RELEASE/spring-aop-4.3.20.RELEASE.jar:/home/alex/.m2/repository/org/springframework/spring-beans/4.3.20.RELEASE/spring-beans-4.3.20.RELEASE.jar:/home/alex/.m2/repository/org/springframework/spring-core/4.3.20.RELEASE/spring-core-4.3.20.RELEASE.jar:/home/alex/.m2/repository/org/springframework/spring-expression/4.3.20.RELEASE/spring-expression-4.3.20.RELEASE.jar:/home/alex/.m2/repository/commons-configuration/commons-configuration/1.10/commons-configuration-1.10.jar:/home/alex/Repositories/hive/vector-code-gen/target/classes:/home/alex/.m2/repository/org/apache/velocity/velocity/1.5/velocity-1.5.jar:/home/alex/Repositories/hive/serde/target/classes:/home/alex/.m2/repository/org/apache/arrow/arrow-vector/0.15.1/arrow-vector-0.15.1.jar:/home/alex/.m2/repository/org/apache/arrow/arrow-format/0.15.1/arrow-format-0.15.1.jar:/home/alex/.m2/repository/org/apache/arrow/arrow-memory/0.15.1/arrow-memory-0.15.1.jar:/home/alex/.m2/repository/com/google/flatbuffers/flatbuffers-java/1.9.0/flatbuffers-java-1.9.0.jar:/home/alex/.m2/repository/com/carrotsearch/hppc/0.7.2/hppc-0.7.2.jar:/home/alex/.m2/repository/com/github/davidmoten/flatbuffers-java/1.6.0.1/flatbuffers-java-1.6.0.1.jar:/home/alex/Repositories/hive/parser/target/classes:/home/alex/Repositories/hive/udf/target/classes:/home/alex/Repositories/hive/service-rpc/target/classes:/home/alex/Repositories/hive/llap-client/target/classes:/home/alex/Repositories/hive/llap-common/target/classes:/home/alex/.m2/repository/io/jsonwebtoken/jjwt-api/0.10.5/jjwt-api-0.10.5.jar:/home/alex/.m2/repository/io/jsonwebtoken/jjwt-impl/0.10.5/jjwt-impl-0.10.5.jar:/home/alex/.m2/repository/io/jsonwebtoken/jjwt-jackson/0.10.5/jjwt-jackson-0.10.5.jar:/home/alex/Repositories/hive/llap-tez/target/classes:/home/alex/Repositories/hive/shims/aggregator/target/classes:/home/alex/Repositories/hive/shims/common/target/classes:/home/alex/Repositories/hive/shims/0.23/target/classes:/home/alex/.m2/repository/org/apache/hadoop/hadoop-yarn-server-resourcemanager/3.1.0/hadoop-yarn-server-resourcemanager-3.1.0.jar:/home/alex/.m2/repository/org/apache/hadoop/hadoop-yarn-server-common/3.1.0/hadoop-yarn-server-common-3.1.0.jar:/home/alex/.m2/repository/org/apache/geronimo/specs/geronimo-jcache_1.0_spec/1.0-alpha-1/geronimo-jcache_1.0_spec-1.0-alpha-1.jar:/home/alex/.m2/repository/org/ehcache/ehcache/3.3.1/ehcache-3.3.1.jar:/home/alex/.m2/repository/com/zaxxer/HikariCP-java7/2.4.12/HikariCP-java7-2.4.12.jar:/home/alex/.m2/repository/org/apache/hadoop/hadoop-yarn-server-applicationhistoryservice/3.1.0/hadoop-yarn-server-applicationhistoryservice-3.1.0.jar:/home/alex/.m2/repository/de/ruedigermoeller/fst/2.50/fst-2.50.jar:/home/alex/.m2/repository/com/cedarsoftware/java-util/1.9.0/java-util-1.9.0.jar:/home/alex/.m2/repository/com/cedarsoftware/json-io/2.5.1/json-io-2.5.1.jar:/home/alex/Repositories/hive/shims/scheduler/target/classes:/home/alex/Repositories/hive/spark-client/target/classes:/home/alex/.m2/repository/com/fasterxml/jackson/module/jackson-module-scala_2.12/2.12.0/jackson-module-scala_2.12-2.12.0.jar:/home/alex/.m2/repository/org/scala-lang/scala-library/2.12.10/scala-library-2.12.10.jar:/home/alex/.m2/repository/org/apache/spark/spark-core_2.12/2.4.5/spark-core_2.12-2.4.5.jar:/home/alex/.m2/repository/com/twitter/chill_2.12/0.9.3/chill_2.12-0.9.3.jar:/home/alex/.m2/repository/com/twitter/chill-java/0.9.3/chill-java-0.9.3.jar:/home/alex/.m2/repository/org/apache/xbean/xbean-asm6-shaded/4.8/xbean-asm6-shaded-4.8.jar:/home/alex/.m2/repository/org/apache/hadoop/hadoop-client/3.1.0/hadoop-client-3.1.0.jar:/home/alex/.m2/repository/org/apache/spark/spark-launcher_2.12/2.4.5/spark-launcher_2.12-2.4.5.jar:/home/alex/.m2/repository/org/apache/spark/spark-kvstore_2.12/2.4.5/spark-kvstore_2.12-2.4.5.jar:/home/alex/.m2/repository/org/apache/spark/spark-network-common_2.12/2.4.5/spark-network-common_2.12-2.4.5.jar:/home/alex/.m2/repository/org/apache/spark/spark-network-shuffle_2.12/2.4.5/spark-network-shuffle_2.12-2.4.5.jar:/home/alex/.m2/repository/org/apache/spark/spark-unsafe_2.12/2.4.5/spark-unsafe_2.12-2.4.5.jar:/home/alex/.m2/repository/javax/activation/activation/1.1.1/activation-1.1.1.jar:/home/alex/.m2/repository/org/slf4j/jul-to-slf4j/1.7.16/jul-to-slf4j-1.7.16.jar:/home/alex/.m2/repository/org/slf4j/jcl-over-slf4j/1.7.16/jcl-over-slf4j-1.7.16.jar:/home/alex/.m2/repository/com/ning/compress-lzf/1.0.3/compress-lzf-1.0.3.jar:/home/alex/.m2/repository/org/roaringbitmap/RoaringBitmap/0.7.45/RoaringBitmap-0.7.45.jar:/home/alex/.m2/repository/org/roaringbitmap/shims/0.7.45/shims-0.7.45.jar:/home/alex/.m2/repository/org/json4s/json4s-jackson_2.12/3.5.3/json4s-jackson_2.12-3.5.3.jar:/home/alex/.m2/repository/org/json4s/json4s-core_2.12/3.5.3/json4s-core_2.12-3.5.3.jar:/home/alex/.m2/repository/org/json4s/json4s-ast_2.12/3.5.3/json4s-ast_2.12-3.5.3.jar:/home/alex/.m2/repository/org/json4s/json4s-scalap_2.12/3.5.3/json4s-scalap_2.12-3.5.3.jar:/home/alex/.m2/repository/org/scala-lang/modules/scala-xml_2.12/1.0.6/scala-xml_2.12-1.0.6.jar:/home/alex/.m2/repository/com/clearspring/analytics/stream/2.7.0/stream-2.7.0.jar:/home/alex/.m2/repository/io/dropwizard/metrics/metrics-graphite/3.1.5/metrics-graphite-3.1.5.jar:/home/alex/.m2/repository/net/razorvine/pyrolite/4.13/pyrolite-4.13.jar:/home/alex/.m2/repository/net/sf/py4j/py4j/0.10.7/py4j-0.10.7.jar:/home/alex/.m2/repository/org/apache/spark/spark-tags_2.12/2.4.5/spark-tags_2.12-2.4.5.jar:/home/alex/.m2/repository/org/apache/commons/commons-crypto/1.0.0/commons-crypto-1.0.0.jar:/home/alex/.m2/repository/org/spark-project/spark/unused/1.0.0/unused-1.0.0.jar:/home/alex/.m2/repository/org/apache/spark/spark-yarn_2.12/2.4.5/spark-yarn_2.12-2.4.5.jar:/home/alex/.m2/repository/org/apache/hadoop/hadoop-yarn-server-web-proxy/3.1.0/hadoop-yarn-server-web-proxy-3.1.0.jar:/home/alex/Repositories/hive/storage-api/target/classes:/home/alex/.m2/repository/com/amazonaws/secretsmanager/aws-secretsmanager-caching-java/1.0.1/aws-secretsmanager-caching-java-1.0.1.jar:/home/alex/.m2/repository/com/esotericsoftware/kryo/5.0.3/kryo-5.0.3.jar:/home/alex/.m2/repository/com/esotericsoftware/minlog/1.3.1/minlog-1.3.1.jar:/home/alex/.m2/repository/com/esotericsoftware/reflectasm/1.11.9/reflectasm-1.11.9.jar:/home/alex/.m2/repository/org/apache/parquet/parquet-hadoop-bundle/1.11.1/parquet-hadoop-bundle-1.11.1.jar:/home/alex/.m2/repository/org/apache/commons/commons-collections4/4.1/commons-collections4-4.1.jar:/home/alex/.m2/repository/org/apache/commons/commons-text/1.8/commons-text-1.8.jar:/home/alex/.m2/repository/javolution/javolution/5.5.1/javolution-5.5.1.jar:/home/alex/.m2/repository/org/apache/logging/log4j/log4j-1.2-api/2.13.2/log4j-1.2-api-2.13.2.jar:/home/alex/.m2/repository/org/apache/logging/log4j/log4j-api/2.13.2/log4j-api-2.13.2.jar:/home/alex/.m2/repository/org/apache/logging/log4j/log4j-core/2.13.2/log4j-core-2.13.2.jar:/home/alex/.m2/repository/org/apache/logging/log4j/log4j-slf4j-impl/2.13.2/log4j-slf4j-impl-2.13.2.jar:/home/alex/.m2/repository/org/apache/avro/avro-mapred/1.8.2/avro-mapred-1.8.2-hadoop2.jar:/home/alex/.m2/repository/org/apache/avro/avro-ipc/1.8.2/avro-ipc-1.8.2.jar:/home/alex/.m2/repository/org/apache/ant/ant/1.9.1/ant-1.9.1.jar:/home/alex/.m2/repository/org/apache/ant/ant-launcher/1.9.1/ant-launcher-1.9.1.jar:/home/alex/.m2/repository/org/apache/thrift/libfb303/0.9.3/libfb303-0.9.3.jar:/home/alex/.m2/repository/org/apache/hadoop/hadoop-yarn-registry/3.1.0/hadoop-yarn-registry-3.1.0.jar:/home/alex/.m2/repository/dnsjava/dnsjava/2.1.7/dnsjava-2.1.7.jar:/home/alex/.m2/repository/org/apache/orc/orc-tools/1.6.9/orc-tools-1.6.9.jar:/home/alex/.m2/repository/com/opencsv/opencsv/3.9/opencsv-3.9.jar:/home/alex/.m2/repository/org/threeten/threetenbp/1.3.5/threetenbp-1.3.5.jar:/home/alex/.m2/repository/org/apache/thrift/libthrift/0.14.1/libthrift-0.14.1.jar:/home/alex/.m2/repository/org/apache/httpcomponents/httpcore/4.4.13/httpcore-4.4.13.jar:/home/alex/.m2/repository/org/apache/tomcat/embed/tomcat-embed-core/8.5.46/tomcat-embed-core-8.5.46.jar:/home/alex/.m2/repository/org/apache/tomcat/tomcat-annotations-api/8.5.46/tomcat-annotations-api-8.5.46.jar:/home/alex/.m2/repository/javax/annotation/javax.annotation-api/1.3.2/javax.annotation-api-1.3.2.jar:/home/alex/.m2/repository/org/apache/zookeeper/zookeeper/3.5.5/zookeeper-3.5.5.jar:/home/alex/.m2/repository/org/apache/zookeeper/zookeeper-jute/3.5.5/zookeeper-jute-3.5.5.jar:/home/alex/.m2/repository/org/apache/yetus/audience-annotations/0.5.0/audience-annotations-0.5.0.jar:/home/alex/.m2/repository/org/apache/curator/curator-framework/4.2.0/curator-framework-4.2.0.jar:/home/alex/.m2/repository/org/apache/datasketches/datasketches-hive/1.1.0-incubating/datasketches-hive-1.1.0-incubating.jar:/home/alex/.m2/repository/org/apache/datasketches/datasketches-java/1.3.0-incubating/datasketches-java-1.3.0-incubating.jar:/home/alex/.m2/repository/org/apache/datasketches/datasketches-memory/1.2.0-incubating/datasketches-memory-1.2.0-incubating.jar:/home/alex/.m2/repository/org/slf4j/slf4j-simple/1.7.27/slf4j-simple-1.7.27.jar:/home/alex/.m2/repository/org/codehaus/groovy/groovy-all/2.4.11/groovy-all-2.4.11.jar:/home/alex/.m2/repository/org/jodd/jodd-util/6.0.0/jodd-util-6.0.0.jar:/home/alex/.m2/repository/com/fasterxml/jackson/dataformat/jackson-dataformat-yaml/2.12.0/jackson-dataformat-yaml-2.12.0.jar:/home/alex/.m2/repository/org/yaml/snakeyaml/1.27/snakeyaml-1.27.jar:/home/alex/.m2/repository/org/datanucleus/datanucleus-core/5.2.4/datanucleus-core-5.2.4.jar:/home/alex/.m2/repository/org/apache/calcite/calcite-core/1.25.0/calcite-core-1.25.0.jar:/home/alex/.m2/repository/org/apache/calcite/calcite-linq4j/1.25.0/calcite-linq4j-1.25.0.jar:/home/alex/.m2/repository/org/apiguardian/apiguardian-api/1.1.0/apiguardian-api-1.1.0.jar:/home/alex/.m2/repository/com/esri/geometry/esri-geometry-api/2.2.0/esri-geometry-api-2.2.0.jar:/home/alex/.m2/repository/com/yahoo/datasketches/sketches-core/0.9.0/sketches-core-0.9.0.jar:/home/alex/.m2/repository/com/yahoo/datasketches/memory/0.9.0/memory-0.9.0.jar:/home/alex/.m2/repository/org/apache/calcite/calcite-druid/1.25.0/calcite-druid-1.25.0.jar:/home/alex/.m2/repository/org/apache/calcite/avatica/avatica/1.12.0/avatica-1.12.0.jar:/home/alex/.m2/repository/com/googlecode/javaewah/JavaEWAH/0.3.2/JavaEWAH-0.3.2.jar:/home/alex/.m2/repository/com/tdunning/json/1.8/json-1.8.jar:/home/alex/.m2/repository/stax/stax-api/1.0.1/stax-api-1.0.1.jar:/home/alex/.m2/repository/net/sf/opencsv/opencsv/2.3/opencsv-2.3.jar:/home/alex/Repositories/hive/standalone-metastore/metastore-server/target/classes:/home/alex/.m2/repository/org/reflections/reflections/0.9.10/reflections-0.9.10.jar:/home/alex/.m2/repository/org/javassist/javassist/3.19.0-GA/javassist-3.19.0-GA.jar:/home/alex/.m2/repository/com/jayway/jsonpath/json-path/2.4.0/json-path-2.4.0.jar:/home/alex/.m2/repository/org/codehaus/janino/commons-compiler/3.0.11/commons-compiler-3.0.11.jar:/home/alex/.m2/repository/org/codehaus/janino/janino/3.0.11/janino-3.0.11.jar:/home/alex/.m2/repository/com/sun/jersey/contribs/jersey-multipart/1.19/jersey-multipart-1.19.jar:/home/alex/.m2/repository/org/jvnet/mimepull/mimepull/1.9.3/mimepull-1.9.3.jar:/home/alex/.m2/repository/org/apache/kafka/kafka-clients/2.5.0/kafka-clients-2.5.0.jar:/home/alex/.m2/repository/com/github/luben/zstd-jni/1.4.4-7/zstd-jni-1.4.4-7.jar:/home/alex/.m2/repository/org/lz4/lz4-java/1.7.1/lz4-java-1.7.1.jar:/home/alex/.m2/repository/org/apache/hadoop/hadoop-hdfs/3.1.0/hadoop-hdfs-3.1.0-tests.jar:/home/alex/Repositories/hive/standalone-metastore/metastore-server/target/test-classes:/home/alex/Repositories/hive/standalone-metastore/metastore-common/target/classes:/home/alex/.m2/repository/com/github/ben-manes/caffeine/caffeine/2.8.4/caffeine-2.8.4.jar:/home/alex/.m2/repository/org/checkerframework/checker-qual/3.4.0/checker-qual-3.4.0.jar:/home/alex/.m2/repository/com/google/errorprone/error_prone_annotations/2.3.4/error_prone_annotations-2.3.4.jar:/home/alex/.m2/repository/org/apache/orc/orc-core/1.6.9/orc-core-1.6.9.jar:/home/alex/.m2/repository/org/apache/orc/orc-shims/1.6.9/orc-shims-1.6.9.jar:/home/alex/.m2/repository/io/airlift/aircompressor/0.19/aircompressor-0.19.jar:/home/alex/.m2/repository/org/jetbrains/annotations/17.0.0/annotations-17.0.0.jar:/home/alex/.m2/repository/org/threeten/threeten-extra/1.5.0/threeten-extra-1.5.0.jar:/home/alex/.m2/repository/com/github/joshelser/dropwizard-metrics-hadoop-metrics2-reporter/0.1.2/dropwizard-metrics-hadoop-metrics2-reporter-0.1.2.jar:/home/alex/.m2/repository/com/zaxxer/HikariCP/2.6.1/HikariCP-2.6.1.jar:/home/alex/.m2/repository/org/apache/commons/commons-dbcp2/2.7.0/commons-dbcp2-2.7.0.jar:/home/alex/.m2/repository/org/apache/commons/commons-pool2/2.7.0/commons-pool2-2.7.0.jar:/home/alex/.m2/repository/io/dropwizard/metrics/metrics-core/3.1.0/metrics-core-3.1.0.jar:/home/alex/.m2/repository/io/dropwizard/metrics/metrics-jvm/3.1.0/metrics-jvm-3.1.0.jar:/home/alex/.m2/repository/io/dropwizard/metrics/metrics-json/3.1.0/metrics-json-3.1.0.jar:/home/alex/.m2/repository/org/apache/derby/derby/10.14.1.0/derby-10.14.1.0.jar:/home/alex/.m2/repository/commons-beanutils/commons-beanutils/1.9.4/commons-beanutils-1.9.4.jar:/home/alex/.m2/repository/org/datanucleus/datanucleus-api-jdo/5.2.4/datanucleus-api-jdo-5.2.4.jar:/home/alex/.m2/repository/org/datanucleus/datanucleus-rdbms/5.2.4/datanucleus-rdbms-5.2.4.jar:/home/alex/.m2/repository/org/datanucleus/javax.jdo/3.2.0-release/javax.jdo-3.2.0-release.jar:/home/alex/.m2/repository/javax/transaction/javax.transaction-api/1.3/javax.transaction-api-1.3.jar:/home/alex/.m2/repository/org/glassfish/corba/glassfish-corba-omgapi/4.2.2/glassfish-corba-omgapi-4.2.2.jar:/home/alex/.m2/repository/sqlline/sqlline/1.9.0/sqlline-1.9.0.jar:/home/alex/.m2/repository/org/jline/jline-terminal/3.12.1/jline-terminal-3.12.1.jar:/home/alex/.m2/repository/org/jline/jline-reader/3.12.1/jline-reader-3.12.1.jar:/home/alex/.m2/repository/org/jline/jline-terminal-jansi/3.12.1/jline-terminal-jansi-3.12.1.jar:/home/alex/.m2/repository/org/fusesource/jansi/jansi/1.18/jansi-1.18.jar:/home/alex/.m2/repository/org/jline/jline-terminal-jna/3.12.1/jline-terminal-jna-3.12.1.jar:/home/alex/.m2/repository/net/java/dev/jna/jna/5.3.1/jna-5.3.1.jar:/home/alex/.m2/repository/org/jline/jline-builtins/3.12.1/jline-builtins-3.12.1.jar:/home/alex/.m2/repository/org/jline/jline-style/3.12.1/jline-style-3.12.1.jar:/home/alex/.m2/repository/com/cronutils/cron-utils/9.1.3/cron-utils-9.1.3.jar:/home/alex/.m2/repository/org/glassfish/javax.el/3.0.0/javax.el-3.0.0.jar:/home/alex/.m2/repository/com/oracle/database/jdbc/ojdbc8/21.3.0.0/ojdbc8-21.3.0.0.jar:/home/alex/.m2/repository/mysql/mysql-connector-java/8.0.27/mysql-connector-java-8.0.27.jar:/home/alex/.m2/repository/com/microsoft/sqlserver/mssql-jdbc/6.2.1.jre8/mssql-jdbc-6.2.1.jre8.jar:/home/alex/.m2/repository/org/postgresql/postgresql/42.2.14/postgresql-42.2.14.jar:/home/alex/.m2/repository/org/apache/hadoop/hadoop-mapreduce-client-common/3.1.0/hadoop-mapreduce-client-common-3.1.0.jar:/home/alex/.m2/repository/org/apache/hadoop/hadoop-common/3.1.0/hadoop-common-3.1.0-tests.jar:/home/alex/.m2/repository/org/apache/httpcomponents/httpclient/4.5.13/httpclient-4.5.13.jar:/home/alex/.m2/repository/org/apache/curator/curator-client/4.2.0/curator-client-4.2.0.jar:/home/alex/.m2/repository/org/apache/curator/curator-recipes/4.2.0/curator-recipes-4.2.0.jar:/home/alex/.m2/repository/com/sun/jersey/jersey-servlet/1.19/jersey-servlet-1.19.jar:/home/alex/.m2/repository/org/slf4j/slf4j-api/1.7.30/slf4j-api-1.7.30.jar:/home/alex/.m2/repository/org/mockito/mockito-core/3.4.4/mockito-core-3.4.4.jar:/home/alex/.m2/repository/net/bytebuddy/byte-buddy/1.10.13/byte-buddy-1.10.13.jar:/home/alex/.m2/repository/net/bytebuddy/byte-buddy-agent/1.10.13/byte-buddy-agent-1.10.13.jar:/home/alex/.m2/repository/org/objenesis/objenesis/2.6/objenesis-2.6.jar:/home/alex/Repositories/hive/hcatalog/hcatalog-pig-adapter/target/testconf:/home/alex/Repositories/hive/hcatalog/hcatalog-pig-adapter/../../conf:"/>
    <property name="sun.cpu.endian" value="little"/>
    <property name="user.home" value="/home/alex"/>
    <property name="user.language" value="en"/>
    <property name="java.specification.vendor" value="Oracle Corporation"/>
    <property name="java.home" value="/usr/lib/jvm/java-8-openjdk-amd64/jre"/>
    <property name="java.security.krb5.conf" value="/home/alex/Repositories/hive/hcatalog/hcatalog-pig-adapter/target/testconf/krb5.conf"/>
    <property name="file.separator" value="/"/>
    <property name="basedir" value="/home/alex/Repositories/hive/hcatalog/hcatalog-pig-adapter"/>
    <property name="line.separator" value="&#10;"/>
    <property name="java.vm.specification.vendor" value="Oracle Corporation"/>
    <property name="java.specification.name" value="Java Platform API Specification"/>
    <property name="test.dfs.mkdir" value=""/>
    <property name="derby.stream.error.file" value="/home/alex/Repositories/hive/hcatalog/hcatalog-pig-adapter/target/tmp/derby.log"/>
    <property name="java.awt.graphicsenv" value="sun.awt.X11GraphicsEnvironment"/>
    <property name="surefire.real.class.path" value="/home/alex/Repositories/hive/hcatalog/hcatalog-pig-adapter/target/surefire/surefirebooter801440670804433641.jar"/>
    <property name="sun.boot.class.path" value="/usr/lib/jvm/java-8-openjdk-amd64/jre/lib/resources.jar:/usr/lib/jvm/java-8-openjdk-amd64/jre/lib/rt.jar:/usr/lib/jvm/java-8-openjdk-amd64/jre/lib/sunrsasign.jar:/usr/lib/jvm/java-8-openjdk-amd64/jre/lib/jsse.jar:/usr/lib/jvm/java-8-openjdk-amd64/jre/lib/jce.jar:/usr/lib/jvm/java-8-openjdk-amd64/jre/lib/charsets.jar:/usr/lib/jvm/java-8-openjdk-amd64/jre/lib/jfr.jar:/usr/lib/jvm/java-8-openjdk-amd64/jre/classes"/>
    <property name="hadoop.log.dir" value="/home/alex/Repositories/hive/hcatalog/hcatalog-pig-adapter/target/tmp"/>
    <property name="log4j.debug" value="true"/>
    <property name="sun.management.compiler" value="HotSpot 64-Bit Tiered Compilers"/>
    <property name="spark.home" value=""/>
    <property name="java.runtime.version" value="1.8.0_402-8u402-ga-2ubuntu1~22.04-b06"/>
    <property name="user.name" value="alex"/>
    <property name="java.net.preferIPv4Stack" value="true"/>
    <property name="test.src.tables" value=""/>
    <property name="path.separator" value=":"/>
    <property name="os.version" value="6.5.0-28-generic"/>
    <property name="java.endorsed.dirs" value="/usr/lib/jvm/java-8-openjdk-amd64/jre/lib/endorsed"/>
    <property name="java.runtime.name" value="OpenJDK Runtime Environment"/>
    <property name="hive.test.console.log.level" value="INFO"/>
    <property name="file.encoding" value="UTF-8"/>
    <property name="java.vm.name" value="OpenJDK 64-Bit Server VM"/>
    <property name="qfile_regex" value=""/>
    <property name="hadoop.bin.path" value="/home/alex/Repositories/hive/hcatalog/hcatalog-pig-adapter/../../testutils/hadoop"/>
    <property name="localRepository" value="/home/alex/.m2/repository"/>
    <property name="build.dir" value="/home/alex/Repositories/hive/hcatalog/hcatalog-pig-adapter/target"/>
    <property name="mapred.job.tracker" value="local"/>
    <property name="java.vendor.url.bug" value="http://bugreport.sun.com/bugreport/"/>
    <property name="java.io.tmpdir" value="/home/alex/Repositories/hive/hcatalog/hcatalog-pig-adapter/target/tmp"/>
    <property name="maven.local.repository" value="/home/alex/.m2/repository"/>
    <property name="java.version" value="1.8.0_402"/>
    <property name="user.dir" value="/home/alex/Repositories/hive/hcatalog/hcatalog-pig-adapter"/>
    <property name="os.arch" value="amd64"/>
    <property name="hive.version" value="4.0.0-SNAPSHOT"/>
    <property name="java.vm.specification.name" value="Java Virtual Machine Specification"/>
    <property name="user.language.format" value="pt"/>
    <property name="java.awt.printerjob" value="sun.print.PSPrinterJob"/>
    <property name="antlr.version" value="3.5.2"/>
    <property name="sun.os.patch.level" value="unknown"/>
    <property name="derby.version" value="10.14.1.0"/>
    <property name="test.data.dir" value="/home/alex/Repositories/hive/hcatalog/hcatalog-pig-adapter/../../data/files"/>
    <property name="java.library.path" value="/usr/java/packages/lib/amd64:/usr/lib/x86_64-linux-gnu/jni:/lib/x86_64-linux-gnu:/usr/lib/x86_64-linux-gnu:/usr/lib/jni:/lib:/usr/lib"/>
    <property name="java.vendor" value="Private Build"/>
    <property name="java.vm.info" value="mixed mode"/>
    <property name="java.vm.version" value="25.402-b06"/>
    <property name="java.specification.maintenance.version" value="5"/>
    <property name="sun.io.unicode.encoding" value="UnicodeLittle"/>
    <property name="java.ext.dirs" value="/usr/lib/jvm/java-8-openjdk-amd64/jre/lib/ext:/usr/java/packages/lib/ext"/>
    <property name="initScript" value=""/>
    <property name="java.class.version" value="52.0"/>
    <property name="test.output.overwrite" value=""/>
    <property name="hive.root" value="/home/alex/Repositories/hive/hcatalog/hcatalog-pig-adapter/../../"/>
  </properties>
  <testcase name="testDynamicPartitioningMultiPartColsInDataNoSpec" classname="org.apache.hive.hcatalog.pig.TestOrcHCatStorer" time="14.421"/>
  <testcase name="testWriteTinyint" classname="org.apache.hive.hcatalog.pig.TestOrcHCatStorer" time="4.598"/>
  <testcase name="testEmptyStore" classname="org.apache.hive.hcatalog.pig.TestOrcHCatStorer" time="0.878"/>
  <testcase name="testStoreFuncAllSimpleTypes" classname="org.apache.hive.hcatalog.pig.TestOrcHCatStorer" time="1.259"/>
  <testcase name="testDynamicPartitioningMultiPartColsInDataPartialSpec" classname="org.apache.hive.hcatalog.pig.TestOrcHCatStorer" time="1.461"/>
  <testcase name="testWriteDate2" classname="org.apache.hive.hcatalog.pig.TestOrcHCatStorer" time="4.575"/>
  <testcase name="testWriteDate3" classname="org.apache.hive.hcatalog.pig.TestOrcHCatStorer" time="2.115"/>
  <testcase name="testStoreInPartiitonedTbl" classname="org.apache.hive.hcatalog.pig.TestOrcHCatStorer" time="1.209">
    <failure message="expected:&lt;1&gt; but was:&lt;2&gt;" type="java.lang.AssertionError"><![CDATA[java.lang.AssertionError: expected:<1> but was:<2>
	at org.junit.Assert.fail(Assert.java:89)
	at org.junit.Assert.failNotEquals(Assert.java:835)
	at org.junit.Assert.assertEquals(Assert.java:647)
	at org.junit.Assert.assertEquals(Assert.java:633)
	at org.apache.hive.hcatalog.pig.AbstractHCatStorerTest.testStoreInPartiitonedTbl(AbstractHCatStorerTest.java:535)
	at sun.reflect.NativeMethodAccessorImpl.invoke0(Native Method)
	at sun.reflect.NativeMethodAccessorImpl.invoke(NativeMethodAccessorImpl.java:62)
	at sun.reflect.DelegatingMethodAccessorImpl.invoke(DelegatingMethodAccessorImpl.java:43)
	at java.lang.reflect.Method.invoke(Method.java:498)
	at org.junit.runners.model.FrameworkMethod$1.runReflectiveCall(FrameworkMethod.java:59)
	at org.junit.internal.runners.model.ReflectiveCallable.run(ReflectiveCallable.java:12)
	at org.junit.runners.model.FrameworkMethod.invokeExplosively(FrameworkMethod.java:56)
	at org.junit.internal.runners.statements.InvokeMethod.evaluate(InvokeMethod.java:17)
	at org.junit.internal.runners.statements.RunBefores.evaluate(RunBefores.java:26)
	at org.junit.runners.ParentRunner$3.evaluate(ParentRunner.java:306)
	at org.junit.runners.BlockJUnit4ClassRunner$1.evaluate(BlockJUnit4ClassRunner.java:100)
	at org.junit.runners.ParentRunner.runLeaf(ParentRunner.java:366)
	at org.junit.runners.BlockJUnit4ClassRunner.runChild(BlockJUnit4ClassRunner.java:103)
	at org.junit.runners.BlockJUnit4ClassRunner.runChild(BlockJUnit4ClassRunner.java:63)
	at org.junit.runners.ParentRunner$4.run(ParentRunner.java:331)
	at org.junit.runners.ParentRunner$1.schedule(ParentRunner.java:79)
	at org.junit.runners.ParentRunner.runChildren(ParentRunner.java:329)
	at org.junit.runners.ParentRunner.access$100(ParentRunner.java:66)
	at org.junit.runners.ParentRunner$2.evaluate(ParentRunner.java:293)
	at org.junit.internal.runners.statements.RunBefores.evaluate(RunBefores.java:26)
	at org.junit.runners.ParentRunner$3.evaluate(ParentRunner.java:306)
	at org.junit.runners.ParentRunner.run(ParentRunner.java:413)
	at org.apache.maven.surefire.junit4.JUnit4Provider.execute(JUnit4Provider.java:365)
	at org.apache.maven.surefire.junit4.JUnit4Provider.executeWithRerun(JUnit4Provider.java:273)
	at org.apache.maven.surefire.junit4.JUnit4Provider.executeTestSet(JUnit4Provider.java:238)
	at org.apache.maven.surefire.junit4.JUnit4Provider.invoke(JUnit4Provider.java:159)
	at org.apache.maven.surefire.booter.ForkedBooter.runSuitesInProcess(ForkedBooter.java:377)
	at org.apache.maven.surefire.booter.ForkedBooter.execute(ForkedBooter.java:138)
	at org.apache.maven.surefire.booter.ForkedBooter.run(ForkedBooter.java:465)
	at org.apache.maven.surefire.booter.ForkedBooter.main(ForkedBooter.java:451)
]]></failure>
    <system-out><![CDATA[log4j: Could not find root logger information. Is this OK?
log4j: Finished configuring.
log4j: Could not find root logger information. Is this OK?
log4j: Finished configuring.
]]></system-out>
    <system-err><![CDATA[2024-05-01T01:04:10,292  WARN [main] conf.HiveConf: HiveConf of name hive.llap.io.cache.orc.size does not exist
2024-05-01T01:04:10,292  WARN [main] conf.HiveConf: HiveConf of name hive.dummyparam.test.server.specific.config.override does not exist
2024-05-01T01:04:10,292  WARN [main] conf.HiveConf: HiveConf of name hive.metastore.metadb.dir does not exist
2024-05-01T01:04:10,292  WARN [main] conf.HiveConf: HiveConf of name hive.llap.io.cache.orc.alloc.min does not exist
2024-05-01T01:04:10,292  WARN [main] conf.HiveConf: HiveConf of name hive.dummyparam.test.server.specific.config.hivesite does not exist
2024-05-01T01:04:10,292  WARN [main] conf.HiveConf: HiveConf of name hive.llap.io.cache.orc.alloc.max does not exist
2024-05-01T01:04:10,292  WARN [main] conf.HiveConf: HiveConf of name hive.metastore.client.cache.maxSize does not exist
2024-05-01T01:04:10,292  WARN [main] conf.HiveConf: HiveConf of name hive.dummyparam.test.server.specific.config.metastoresite does not exist
2024-05-01T01:04:10,292  WARN [main] conf.HiveConf: HiveConf of name hive.metastore.client.cache.recordStats does not exist
2024-05-01T01:04:10,292  WARN [main] conf.HiveConf: HiveConf of name hive.llap.io.cache.orc.arena.size does not exist
2024-05-01T01:04:10,292  WARN [main] conf.HiveConf: HiveConf of name hive.stats.key.prefix.reserve.length does not exist
2024-05-01T01:04:10,294  INFO [main] metastore.HiveMetaStoreClient: HMS client filtering is enabled.
2024-05-01T01:04:10,294  INFO [main] metastore.PersistenceManagerProvider: Configuration datanucleus.autoStartMechanismMode is not set. Defaulting to 'ignored'
2024-05-01T01:04:10,294  INFO [main] metastore.ObjectStore: RawStore: org.apache.hadoop.hive.metastore.ObjectStore@6535ff34, with PersistenceManager: org.datanucleus.api.jdo.JDOPersistenceManager@3d62c84 will be shutdown
2024-05-01T01:04:10,294  INFO [main] metastore.ObjectStore: RawStore: org.apache.hadoop.hive.metastore.ObjectStore@6535ff34, with PersistenceManager: org.datanucleus.api.jdo.JDOPersistenceManager@24d5b696 created in the thread with id: 1
2024-05-01T01:04:10,296  INFO [main] metastore.HMSHandler: HMS server filtering is disabled by configuration
Hive Session ID = 8241dd91-3fdc-4931-a45d-966005028ef9
2024-05-01T01:04:10,296  INFO [main] SessionState: Hive Session ID = 8241dd91-3fdc-4931-a45d-966005028ef9
ivysettings.xml file not found in HIVE_HOME or HIVE_CONF_DIR,file:/home/alex/.m2/repository/org/apache/pig/pig/0.16.0/pig-0.16.0-h2.jar!/ivysettings.xml will be used
2024-05-01T01:04:10,297  INFO [main] DependencyResolver: ivysettings.xml file not found in HIVE_HOME or HIVE_CONF_DIR,file:/home/alex/.m2/repository/org/apache/pig/pig/0.16.0/pig-0.16.0-h2.jar!/ivysettings.xml will be used
2024-05-01T01:04:10,302  INFO [main] session.SessionState: Created HDFS directory: /home/alex/Repositories/hive/hcatalog/hcatalog-pig-adapter/target/tmp/scratchdir/alex/8241dd91-3fdc-4931-a45d-966005028ef9
2024-05-01T01:04:10,305  INFO [main] session.SessionState: Created local directory: /home/alex/Repositories/hive/hcatalog/hcatalog-pig-adapter/target/tmp/localscratchdir/8241dd91-3fdc-4931-a45d-966005028ef9
2024-05-01T01:04:10,307  INFO [main] session.SessionState: Created HDFS directory: /home/alex/Repositories/hive/hcatalog/hcatalog-pig-adapter/target/tmp/scratchdir/alex/8241dd91-3fdc-4931-a45d-966005028ef9/_tmp_space.db
2024-05-01T01:04:10,308  INFO [main] ql.Driver: Compiling command(queryId=alex_20240501010410_698b9452-4099-40dc-b792-c9fe73f6f740): drop table if exists junit_unparted
2024-05-01T01:04:10,309  INFO [main] HiveMetaStore.audit: ugi=alex	ip=unknown-ip-addr	cmd=get_table : tbl=hive.default.junit_unparted	
2024-05-01T01:04:10,309  INFO [main] ql.Driver: Semantic Analysis Completed (retrial = false)
2024-05-01T01:04:10,310  INFO [main] ql.Driver: Created Hive schema: Schema(fieldSchemas:null, properties:null)
2024-05-01T01:04:10,310  INFO [main] metadata.Hive: Dumping metastore api call timing information for : compilation phase
2024-05-01T01:04:10,310  INFO [main] metadata.Hive: Total time spent in each metastore function (ms): {isCompatibleWith_(Configuration)=0, flushCache_()=0}
2024-05-01T01:04:10,310  INFO [main] ql.Driver: Completed compiling command(queryId=alex_20240501010410_698b9452-4099-40dc-b792-c9fe73f6f740); Time taken: 0.002 seconds
2024-05-01T01:04:10,310  INFO [main] reexec.ReExecDriver: Execution #1 of query
2024-05-01T01:04:10,310  INFO [main] ql.Driver: Concurrency mode is disabled, not creating a lock manager
2024-05-01T01:04:10,310  INFO [main] ql.Driver: Executing command(queryId=alex_20240501010410_698b9452-4099-40dc-b792-c9fe73f6f740): drop table if exists junit_unparted
2024-05-01T01:04:10,310  INFO [main] ql.Driver: Starting task [Stage-0:DDL] in serial mode
2024-05-01T01:04:10,311  INFO [main] HiveMetaStore.audit: ugi=alex	ip=unknown-ip-addr	cmd=get_table : tbl=hive.default.junit_unparted	
2024-05-01T01:04:10,312  INFO [main] metadata.Hive: Dumping metastore api call timing information for : execution phase
2024-05-01T01:04:10,312  INFO [main] metadata.Hive: Total time spent in each metastore function (ms): {isCompatibleWith_(Configuration)=0}
2024-05-01T01:04:10,312  INFO [main] ql.Driver: Completed executing command(queryId=alex_20240501010410_698b9452-4099-40dc-b792-c9fe73f6f740); Time taken: 0.002 seconds
2024-05-01T01:04:10,312  INFO [main] ql.Driver: Compiling command(queryId=alex_20240501010410_698b9452-4099-40dc-b792-c9fe73f6f740): use default
2024-05-01T01:04:10,313  INFO [main] HiveMetaStore.audit: ugi=alex	ip=unknown-ip-addr	cmd=get_database: default	
2024-05-01T01:04:10,313  INFO [main] ql.Driver: Semantic Analysis Completed (retrial = false)
2024-05-01T01:04:10,313  INFO [main] ql.Driver: Created Hive schema: Schema(fieldSchemas:null, properties:null)
2024-05-01T01:04:10,314  INFO [main] metadata.Hive: Dumping metastore api call timing information for : compilation phase
2024-05-01T01:04:10,314  INFO [main] metadata.Hive: Total time spent in each metastore function (ms): {isCompatibleWith_(Configuration)=0, getDatabase_(String)=0, flushCache_()=0}
2024-05-01T01:04:10,314  INFO [main] ql.Driver: Completed compiling command(queryId=alex_20240501010410_698b9452-4099-40dc-b792-c9fe73f6f740); Time taken: 0.001 seconds
2024-05-01T01:04:10,314  INFO [main] reexec.ReExecDriver: Execution #1 of query
2024-05-01T01:04:10,314  INFO [main] ql.Driver: Concurrency mode is disabled, not creating a lock manager
2024-05-01T01:04:10,314  INFO [main] ql.Driver: Executing command(queryId=alex_20240501010410_698b9452-4099-40dc-b792-c9fe73f6f740): use default
2024-05-01T01:04:10,314  INFO [main] ql.Driver: Starting task [Stage-0:DDL] in serial mode
2024-05-01T01:04:10,314  INFO [main] HiveMetaStore.audit: ugi=alex	ip=unknown-ip-addr	cmd=get_database: default	
2024-05-01T01:04:10,315  INFO [main] HiveMetaStore.audit: ugi=alex	ip=unknown-ip-addr	cmd=get_database: default	
2024-05-01T01:04:10,315  INFO [main] metadata.Hive: Dumping metastore api call timing information for : execution phase
2024-05-01T01:04:10,315  INFO [main] metadata.Hive: Total time spent in each metastore function (ms): {isCompatibleWith_(Configuration)=0, getDatabase_(String)=1}
2024-05-01T01:04:10,315  INFO [main] ql.Driver: Completed executing command(queryId=alex_20240501010410_698b9452-4099-40dc-b792-c9fe73f6f740); Time taken: 0.001 seconds
2024-05-01T01:04:10,316  INFO [main] ql.Driver: Compiling command(queryId=alex_20240501010410_698b9452-4099-40dc-b792-c9fe73f6f740): create table junit_unparted(a int) partitioned by (b string) stored as ORCFILE TBLPROPERTIES ('transactional'='false')
2024-05-01T01:04:10,317  INFO [main] parse.CalcitePlanner: Starting caching scope for: alex_20240501010410_698b9452-4099-40dc-b792-c9fe73f6f740
2024-05-01T01:04:10,317  INFO [main] parse.CalcitePlanner: Starting Semantic Analysis
2024-05-01T01:04:10,317  INFO [main] sqlstd.SQLStdHiveAccessController: Created SQLStdHiveAccessController for session context : HiveAuthzSessionContext [sessionString=8241dd91-3fdc-4931-a45d-966005028ef9, clientType=HIVECLI]
2024-05-01T01:04:10,317  INFO [main] metastore.HiveMetaStoreClient: Mestastore configuration metastore.filter.hook changed from org.apache.hadoop.hive.metastore.DefaultMetaStoreFilterHookImpl to org.apache.hadoop.hive.ql.security.authorization.plugin.AuthorizationMetaStoreFilterHook
2024-05-01T01:04:10,317  INFO [main] HiveMetaStore.audit: ugi=alex	ip=unknown-ip-addr	cmd=Cleaning up thread local RawStore...	
2024-05-01T01:04:10,317  INFO [main] metastore.ObjectStore: RawStore: org.apache.hadoop.hive.metastore.ObjectStore@6535ff34, with PersistenceManager: org.datanucleus.api.jdo.JDOPersistenceManager@24d5b696 will be shutdown
2024-05-01T01:04:10,318  INFO [main] HiveMetaStore.audit: ugi=alex	ip=unknown-ip-addr	cmd=Done cleaning up thread local RawStore	
2024-05-01T01:04:10,318  INFO [main] metastore.HiveMetaStoreClient: Closed a connection to metastore, current connections: -16
2024-05-01T01:04:10,318  INFO [main] metastore.HiveMetaStoreClient: HMS client filtering is enabled.
2024-05-01T01:04:10,319  INFO [main] metastore.HMSHandler: 0: Opening raw store with implementation class:org.apache.hadoop.hive.metastore.ObjectStore
2024-05-01T01:04:10,319  INFO [main] metastore.PersistenceManagerProvider: Configuration datanucleus.autoStartMechanismMode is not set. Defaulting to 'ignored'
2024-05-01T01:04:10,319  INFO [main] metastore.ObjectStore: RawStore: org.apache.hadoop.hive.metastore.ObjectStore@c529ddd, with PersistenceManager: null will be shutdown
2024-05-01T01:04:10,319  INFO [main] metastore.ObjectStore: RawStore: org.apache.hadoop.hive.metastore.ObjectStore@c529ddd, with PersistenceManager: org.datanucleus.api.jdo.JDOPersistenceManager@42103b5b created in the thread with id: 1
2024-05-01T01:04:10,321  INFO [main] metastore.HMSHandler: Created RawStore: org.apache.hadoop.hive.metastore.ObjectStore@c529ddd from thread id: 1
2024-05-01T01:04:10,321  INFO [main] metastore.HMSHandler: HMS server filtering is disabled by configuration
2024-05-01T01:04:10,321  INFO [main] metastore.RetryingMetaStoreClient: RetryingMetaStoreClient proxy=class org.apache.hadoop.hive.ql.metadata.SessionHiveMetaStoreClient ugi=alex (auth:SIMPLE) retries=1 delay=1 lifetime=0
2024-05-01T01:04:10,321  INFO [main] parse.CalcitePlanner: Creating table default.junit_unparted position=13
2024-05-01T01:04:10,322  INFO [main] metastore.HiveMetaStoreClient: HMS client filtering is enabled.
2024-05-01T01:04:10,322  INFO [main] metastore.PersistenceManagerProvider: Configuration datanucleus.autoStartMechanismMode is not set. Defaulting to 'ignored'
2024-05-01T01:04:10,322  INFO [main] metastore.ObjectStore: RawStore: org.apache.hadoop.hive.metastore.ObjectStore@c529ddd, with PersistenceManager: org.datanucleus.api.jdo.JDOPersistenceManager@42103b5b will be shutdown
2024-05-01T01:04:10,322  INFO [main] metastore.ObjectStore: RawStore: org.apache.hadoop.hive.metastore.ObjectStore@c529ddd, with PersistenceManager: org.datanucleus.api.jdo.JDOPersistenceManager@714245ff created in the thread with id: 1
2024-05-01T01:04:10,324  INFO [main] metastore.HMSHandler: HMS server filtering is disabled by configuration
2024-05-01T01:04:10,324  INFO [main] metastore.RetryingMetaStoreClient: RetryingMetaStoreClient proxy=class org.apache.hadoop.hive.ql.metadata.SessionHiveMetaStoreClient ugi=alex (auth:SIMPLE) retries=1 delay=1 lifetime=0
2024-05-01T01:04:10,324  INFO [main] HiveMetaStore.audit: ugi=alex	ip=unknown-ip-addr	cmd=get_database: default	
2024-05-01T01:04:10,325  INFO [main] parse.CalcitePlanner: Ending caching scope for: alex_20240501010410_698b9452-4099-40dc-b792-c9fe73f6f740
2024-05-01T01:04:10,325  INFO [main] ql.Driver: Semantic Analysis Completed (retrial = false)
2024-05-01T01:04:10,325  INFO [main] ql.Driver: Created Hive schema: Schema(fieldSchemas:null, properties:null)
2024-05-01T01:04:10,325  INFO [main] metadata.Hive: Dumping metastore api call timing information for : compilation phase
2024-05-01T01:04:10,325  INFO [main] metadata.Hive: Total time spent in each metastore function (ms): {}
2024-05-01T01:04:10,325  INFO [main] ql.Driver: Completed compiling command(queryId=alex_20240501010410_698b9452-4099-40dc-b792-c9fe73f6f740); Time taken: 0.009 seconds
2024-05-01T01:04:10,325  INFO [main] reexec.ReExecDriver: Execution #1 of query
2024-05-01T01:04:10,325  INFO [main] ql.Driver: Concurrency mode is disabled, not creating a lock manager
2024-05-01T01:04:10,325  INFO [main] ql.Driver: Executing command(queryId=alex_20240501010410_698b9452-4099-40dc-b792-c9fe73f6f740): create table junit_unparted(a int) partitioned by (b string) stored as ORCFILE TBLPROPERTIES ('transactional'='false')
2024-05-01T01:04:10,325  INFO [main] ql.Driver: Starting task [Stage-0:DDL] in serial mode
2024-05-01T01:04:10,325  INFO [main] metastore.HiveMetaStoreClient: Mestastore configuration metastore.filter.hook changed from org.apache.hadoop.hive.ql.security.authorization.plugin.AuthorizationMetaStoreFilterHook to org.apache.hadoop.hive.metastore.DefaultMetaStoreFilterHookImpl
2024-05-01T01:04:10,326  INFO [main] HiveMetaStore.audit: ugi=alex	ip=unknown-ip-addr	cmd=Cleaning up thread local RawStore...	
2024-05-01T01:04:10,326  INFO [main] metastore.ObjectStore: RawStore: org.apache.hadoop.hive.metastore.ObjectStore@c529ddd, with PersistenceManager: org.datanucleus.api.jdo.JDOPersistenceManager@714245ff will be shutdown
2024-05-01T01:04:10,326  INFO [main] HiveMetaStore.audit: ugi=alex	ip=unknown-ip-addr	cmd=Done cleaning up thread local RawStore	
2024-05-01T01:04:10,326  INFO [main] metastore.HiveMetaStoreClient: Closed a connection to metastore, current connections: -17
2024-05-01T01:04:10,327  INFO [main] metastore.HiveMetaStoreClient: HMS client filtering is enabled.
2024-05-01T01:04:10,328  INFO [main] metastore.HMSHandler: 0: Opening raw store with implementation class:org.apache.hadoop.hive.metastore.ObjectStore
2024-05-01T01:04:10,328  INFO [main] metastore.PersistenceManagerProvider: Configuration datanucleus.autoStartMechanismMode is not set. Defaulting to 'ignored'
2024-05-01T01:04:10,328  INFO [main] metastore.ObjectStore: RawStore: org.apache.hadoop.hive.metastore.ObjectStore@150ae70c, with PersistenceManager: null will be shutdown
2024-05-01T01:04:10,328  INFO [main] metastore.ObjectStore: RawStore: org.apache.hadoop.hive.metastore.ObjectStore@150ae70c, with PersistenceManager: org.datanucleus.api.jdo.JDOPersistenceManager@508edcd7 created in the thread with id: 1
2024-05-01T01:04:10,329  INFO [main] metastore.HMSHandler: Created RawStore: org.apache.hadoop.hive.metastore.ObjectStore@150ae70c from thread id: 1
2024-05-01T01:04:10,330  INFO [main] metastore.HMSHandler: HMS server filtering is disabled by configuration
2024-05-01T01:04:10,330  INFO [main] metastore.RetryingMetaStoreClient: RetryingMetaStoreClient proxy=class org.apache.hadoop.hive.ql.metadata.SessionHiveMetaStoreClient ugi=alex (auth:SIMPLE) retries=1 delay=1 lifetime=0
2024-05-01T01:04:10,330  INFO [main] HiveMetaStore.audit: ugi=alex	ip=unknown-ip-addr	cmd=create_table_req: Table(tableName:junit_unparted, dbName:default, owner:alex, createTime:1714550650, lastAccessTime:0, retention:0, sd:StorageDescriptor(cols:[FieldSchema(name:a, type:int, comment:null)], location:null, inputFormat:org.apache.hadoop.hive.ql.io.orc.OrcInputFormat, outputFormat:org.apache.hadoop.hive.ql.io.orc.OrcOutputFormat, compressed:false, numBuckets:-1, serdeInfo:SerDeInfo(name:null, serializationLib:org.apache.hadoop.hive.ql.io.orc.OrcSerde, parameters:{serialization.format=1}), bucketCols:[], sortCols:[], parameters:{}, skewedInfo:SkewedInfo(skewedColNames:[], skewedColValues:[], skewedColValueLocationMaps:{}), storedAsSubDirectories:false), partitionKeys:[FieldSchema(name:b, type:string, comment:null)], parameters:{bucketing_version=2, transactional=false}, viewOriginalText:null, viewExpandedText:null, tableType:MANAGED_TABLE, privileges:PrincipalPrivilegeSet(userPrivileges:{alex=[PrivilegeGrantInfo(privilege:INSERT, createTime:-1, grantor:alex, grantorType:USER, grantOption:true), PrivilegeGrantInfo(privilege:SELECT, createTime:-1, grantor:alex, grantorType:USER, grantOption:true), PrivilegeGrantInfo(privilege:UPDATE, createTime:-1, grantor:alex, grantorType:USER, grantOption:true), PrivilegeGrantInfo(privilege:DELETE, createTime:-1, grantor:alex, grantorType:USER, grantOption:true)]}, groupPrivileges:null, rolePrivileges:null), temporary:false, catName:hive, ownerType:USER)	
2024-05-01T01:04:10,331  INFO [main] utils.FileUtils: Creating directory if it doesn't exist: file:/home/alex/Repositories/hive/hcatalog/hcatalog-pig-adapter/build/test/data/org.apache.hive.hcatalog.mapreduce.HCatBaseTest-1714550620829/warehouse/junit_unparted
2024-05-01T01:04:10,342  INFO [main] metadata.Hive: Dumping metastore api call timing information for : execution phase
2024-05-01T01:04:10,342  INFO [main] metadata.Hive: Total time spent in each metastore function (ms): {createTable_(Table)=11}
2024-05-01T01:04:10,342  INFO [main] ql.Driver: Completed executing command(queryId=alex_20240501010410_698b9452-4099-40dc-b792-c9fe73f6f740); Time taken: 0.017 seconds
2024-05-01T01:04:10,365  INFO [main] executionengine.HExecutionEngine: Connecting to hadoop file system at: file:///
2024-05-01T01:04:10,365  INFO [main] pig.PigServer: Pig Script ID for the session: PIG-default-000b3290-657e-4046-b6ed-19fb445e3b31
2024-05-01T01:04:10,399  WARN [main] conf.HiveConf: HiveConf of name hive.llap.io.cache.orc.size does not exist
2024-05-01T01:04:10,399  WARN [main] conf.HiveConf: HiveConf of name hive.dummyparam.test.server.specific.config.override does not exist
2024-05-01T01:04:10,399  WARN [main] conf.HiveConf: HiveConf of name hive.metastore.metadb.dir does not exist
2024-05-01T01:04:10,399  WARN [main] conf.HiveConf: HiveConf of name hive.llap.io.cache.orc.alloc.min does not exist
2024-05-01T01:04:10,399  WARN [main] conf.HiveConf: HiveConf of name hive.dummyparam.test.server.specific.config.hivesite does not exist
2024-05-01T01:04:10,399  WARN [main] conf.HiveConf: HiveConf of name hive.llap.io.cache.orc.alloc.max does not exist
2024-05-01T01:04:10,399  WARN [main] conf.HiveConf: HiveConf of name hive.metastore.client.cache.maxSize does not exist
2024-05-01T01:04:10,399  WARN [main] conf.HiveConf: HiveConf of name hive.dummyparam.test.server.specific.config.metastoresite does not exist
2024-05-01T01:04:10,399  WARN [main] conf.HiveConf: HiveConf of name hive.metastore.client.cache.recordStats does not exist
2024-05-01T01:04:10,399  WARN [main] conf.HiveConf: HiveConf of name hive.llap.io.cache.orc.arena.size does not exist
2024-05-01T01:04:10,399  WARN [main] conf.HiveConf: HiveConf of name hive.stats.key.prefix.reserve.length does not exist
2024-05-01T01:04:10,400  INFO [main] common.HCatUtil: mapreduce.lib.hcatoutput.hive.conf not set. Generating configuration differences.
2024-05-01T01:04:10,400  INFO [main] common.HCatUtil: Configuration differences={datanucleus.connectionPool.maxPoolSize=4, hive.llap.io.cache.orc.alloc.max=2097152, javax.jdo.option.ConnectionUserName=APP, test.property1=value1, hive.stats.column.autogather=true, hive.query.results.cache.enabled=false, fs.pfile.impl=org.apache.hadoop.fs.ProxyLocalFileSystem, hive.querylog.location=${test.tmp.dir}/tmp, hive.metastore.rawstore.impl=org.apache.hadoop.hive.metastore.ObjectStore, hive.llap.io.use.lrfu=true, javax.jdo.option.ConnectionPassword=mine, hive.jar.path=${maven.local.repository}/org/apache/hive/hive-exec/${hive.version}/hive-exec-${hive.version}.jar, hive.default.rcfile.serde=org.apache.hadoop.hive.serde2.columnar.ColumnarSerDe, datanucleus.schema.autoCreateAll=true, test.data.scripts=${hive.root}/data/scripts, hive.users.in.admin.role=hive_admin_user, hive.llap.io.cache.orc.size=8388608, test.var.hiveconf.property=${hive.exec.default.partition.name}, hive.dummyparam.test.server.specific.config.hivesite=from.hive-site.xml, hive.exec.mode.local.auto=false, hive.materializedview.rewriting=true, hive.dummyparam.test.server.specific.config.override=from.hive-site.xml, hive.fetch.task.conversion=minimal, hive.metastore.metadb.dir=file://${test.tmp.dir}/metadb/, hive.conf.restricted.list=dummy.config.value, hive.server2.operation.log.purgePolicy.timeToLive=5s, hive.query.reexecution.stats.persist.scope=query, hive.cbo.fallback.strategy=TEST, hive.input.format=org.apache.hadoop.hive.ql.io.CombineHiveInputFormat, hive.security.authorization.manager=org.apache.hadoop.hive.ql.security.authorization.plugin.sqlstd.SQLStdHiveAuthorizerFactoryForTest, test.data.files=${hive.root}/data/files, hive.metastore.client.cache.enabled=true, hive.stats.key.prefix.reserve.length=0, hive.exec.local.scratchdir=${test.tmp.dir}/localscratchdir/, hive.exec.submit.local.task.via.child=false, hive.auto.convert.join=false, hive.llap.io.cache.orc.alloc.min=32768, hive.stats.fetch.bitvector=true, hive.llap.io.allocator.direct=false, hive.metastore.schema.verification=false, javax.jdo.option.ConnectionDriverName=org.apache.derby.jdbc.EmbeddedDriver, hive.support.concurrency=true, hive.in.test=true, hive.metastore.warehouse.dir=${test.warehouse.dir}, hive.llap.io.cache.orc.arena.size=8388608, hive.exec.scratchdir=${test.tmp.dir}/scratchdir, test.log.dir=${test.tmp.dir}/log/, hive.exec.post.hooks=org.apache.hadoop.hive.ql.hooks.PostExecutePrinter, javax.jdo.option.ConnectionURL=jdbc:derby:memory:${test.tmp.dir}/junit_metastore_db;create=true, hive.llap.cache.allow.synthetic.fileid=true, hive.scheduled.queries.executor.enabled=false, hive.ignore.mapjoin.hint=false, hive.metastore.client.cache.maxSize=10Mb, hive.metastore.client.cache.recordStats=true, hive.mapjoin.max.gc.time.percentage=0.99, hive.test.dummystats.aggregator=value2, hive.exec.pre.hooks=org.apache.hadoop.hive.ql.hooks.PreExecutePrinter, org.apache.hadoop.hive.ql.hooks.EnforceReadOnlyTables, org.apache.hadoop.hive.ql.hooks.MaterializedViewRegistryPropertiesHook, iceberg.hive.keep.stats=true, hive.strict.timestamp.conversion=false}
2024-05-01T01:04:10,401  INFO [main] HiveMetaStore.audit: ugi=alex	ip=unknown-ip-addr	cmd=get_databases: @hive#NonExistentDatabaseUsedForHealthCheck	
2024-05-01T01:04:10,402  INFO [main] HiveMetaStore.audit: ugi=alex	ip=unknown-ip-addr	cmd=get_table : tbl=hive.default.junit_unparted	
2024-05-01T01:04:10,406  INFO [main] metastore.HMSHandler: Skipping translation for processor with null
2024-05-01T01:04:10,425  WARN [main] conf.HiveConf: HiveConf of name hive.llap.io.cache.orc.size does not exist
2024-05-01T01:04:10,425  WARN [main] conf.HiveConf: HiveConf of name hive.dummyparam.test.server.specific.config.override does not exist
2024-05-01T01:04:10,425  WARN [main] conf.HiveConf: HiveConf of name hive.metastore.metadb.dir does not exist
2024-05-01T01:04:10,425  WARN [main] conf.HiveConf: HiveConf of name hive.llap.io.cache.orc.alloc.min does not exist
2024-05-01T01:04:10,425  WARN [main] conf.HiveConf: HiveConf of name hive.dummyparam.test.server.specific.config.hivesite does not exist
2024-05-01T01:04:10,425  WARN [main] conf.HiveConf: HiveConf of name hive.llap.io.cache.orc.alloc.max does not exist
2024-05-01T01:04:10,426  WARN [main] conf.HiveConf: HiveConf of name hive.metastore.client.cache.maxSize does not exist
2024-05-01T01:04:10,426  WARN [main] conf.HiveConf: HiveConf of name hive.dummyparam.test.server.specific.config.metastoresite does not exist
2024-05-01T01:04:10,426  WARN [main] conf.HiveConf: HiveConf of name hive.metastore.client.cache.recordStats does not exist
2024-05-01T01:04:10,426  WARN [main] conf.HiveConf: HiveConf of name hive.llap.io.cache.orc.arena.size does not exist
2024-05-01T01:04:10,426  WARN [main] conf.HiveConf: HiveConf of name hive.stats.key.prefix.reserve.length does not exist
2024-05-01T01:04:10,426  INFO [main] common.HCatUtil: mapreduce.lib.hcatoutput.hive.conf is set. Applying configuration differences.
2024-05-01T01:04:10,426  INFO [main] HiveMetaStore.audit: ugi=alex	ip=unknown-ip-addr	cmd=get_databases: @hive#NonExistentDatabaseUsedForHealthCheck	
2024-05-01T01:04:10,428  INFO [main] pigstats.ScriptState: Pig features used in the script: UNKNOWN
2024-05-01T01:04:10,437  WARN [main] data.SchemaTupleBackend: SchemaTupleBackend has already been initialized
2024-05-01T01:04:10,437  INFO [main] optimizer.LogicalPlanOptimizer: {RULES_ENABLED=[AddForEach, ColumnMapKeyPrune, ConstantCalculator, GroupByConstParallelSetter, LimitOptimizer, LoadTypeCastInserter, MergeFilter, MergeForEach, PartitionFilterOptimizer, PredicatePushdownOptimizer, PushDownForEachFlatten, PushUpFilter, SplitFilter, StreamTypeCastInserter]}
2024-05-01T01:04:10,438  INFO [main] mapReduceLayer.MRCompiler: File concatenation threshold: 100 optimistic? false
2024-05-01T01:04:10,438  INFO [main] mapReduceLayer.MultiQueryOptimizer: MR plan size before optimization: 1
2024-05-01T01:04:10,438  INFO [main] mapReduceLayer.MultiQueryOptimizer: MR plan size after optimization: 1
2024-05-01T01:04:10,444  WARN [main] impl.MetricsSystemImpl: JobTracker metrics system already initialized!
2024-05-01T01:04:10,445  INFO [main] mapreduce.MRScriptState: Pig script settings are added to the job
2024-05-01T01:04:10,445  INFO [main] mapReduceLayer.JobControlCompiler: mapred.job.reduce.markreset.buffer.percent is not set, set to default 0.3
2024-05-01T01:04:10,446  INFO [main] mapReduceLayer.JobControlCompiler: Setting up single store job
2024-05-01T01:04:10,446  INFO [main] data.SchemaTupleFrontend: Key [pig.schematuple] is false, will not generate code.
2024-05-01T01:04:10,446  INFO [main] data.SchemaTupleFrontend: Starting process to move generated code to distributed cacche
2024-05-01T01:04:10,446  INFO [main] data.SchemaTupleFrontend: Distributed cache not supported or needed in local mode. Setting key [pig.schematuple.local.dir] with code temp directory: /home/alex/Repositories/hive/hcatalog/hcatalog-pig-adapter/target/tmp/1714550650446-0
2024-05-01T01:04:10,450  INFO [main] mapReduceLayer.MapReduceLauncher: 1 map-reduce job(s) waiting for submission.
2024-05-01T01:04:10,452  WARN [JobControl] impl.MetricsSystemImpl: JobTracker metrics system already initialized!
2024-05-01T01:04:10,467  WARN [JobControl] conf.HiveConf: HiveConf of name hive.llap.io.cache.orc.size does not exist
2024-05-01T01:04:10,467  WARN [JobControl] conf.HiveConf: HiveConf of name hive.dummyparam.test.server.specific.config.override does not exist
2024-05-01T01:04:10,467  WARN [JobControl] conf.HiveConf: HiveConf of name hive.metastore.metadb.dir does not exist
2024-05-01T01:04:10,467  WARN [JobControl] conf.HiveConf: HiveConf of name hive.llap.io.cache.orc.alloc.min does not exist
2024-05-01T01:04:10,467  WARN [JobControl] conf.HiveConf: HiveConf of name hive.dummyparam.test.server.specific.config.hivesite does not exist
2024-05-01T01:04:10,467  WARN [JobControl] conf.HiveConf: HiveConf of name hive.llap.io.cache.orc.alloc.max does not exist
2024-05-01T01:04:10,467  WARN [JobControl] conf.HiveConf: HiveConf of name hive.metastore.client.cache.maxSize does not exist
2024-05-01T01:04:10,467  WARN [JobControl] conf.HiveConf: HiveConf of name hive.dummyparam.test.server.specific.config.metastoresite does not exist
2024-05-01T01:04:10,467  WARN [JobControl] conf.HiveConf: HiveConf of name hive.metastore.client.cache.recordStats does not exist
2024-05-01T01:04:10,467  WARN [JobControl] conf.HiveConf: HiveConf of name hive.llap.io.cache.orc.arena.size does not exist
2024-05-01T01:04:10,467  WARN [JobControl] conf.HiveConf: HiveConf of name hive.stats.key.prefix.reserve.length does not exist
2024-05-01T01:04:10,468  INFO [JobControl] common.HCatUtil: mapreduce.lib.hcatoutput.hive.conf is set. Applying configuration differences.
2024-05-01T01:04:10,468  INFO [JobControl] metastore.HiveMetaStoreClient: HMS client filtering is enabled.
2024-05-01T01:04:10,469  INFO [JobControl] metastore.HMSHandler: 34: Opening raw store with implementation class:org.apache.hadoop.hive.metastore.ObjectStore
2024-05-01T01:04:10,469  INFO [JobControl] metastore.PersistenceManagerProvider: Configuration datanucleus.autoStartMechanismMode is not set. Defaulting to 'ignored'
2024-05-01T01:04:10,469  INFO [JobControl] metastore.ObjectStore: RawStore: org.apache.hadoop.hive.metastore.ObjectStore@26c7529c, with PersistenceManager: null will be shutdown
2024-05-01T01:04:10,469  INFO [JobControl] metastore.ObjectStore: RawStore: org.apache.hadoop.hive.metastore.ObjectStore@26c7529c, with PersistenceManager: org.datanucleus.api.jdo.JDOPersistenceManager@71ee7c3f created in the thread with id: 1366
2024-05-01T01:04:10,471  INFO [JobControl] metastore.HMSHandler: Created RawStore: org.apache.hadoop.hive.metastore.ObjectStore@26c7529c from thread id: 1366
2024-05-01T01:04:10,471  INFO [JobControl] metastore.HMSHandler: HMS server filtering is disabled by configuration
2024-05-01T01:04:10,471  INFO [JobControl] metastore.RetryingMetaStoreClient: RetryingMetaStoreClient proxy=class org.apache.hive.hcatalog.common.HiveClientCache$CacheableHiveMetaStoreClient ugi=alex (auth:SIMPLE) retries=1 delay=1 lifetime=0
2024-05-01T01:04:10,471  INFO [JobControl] HiveMetaStore.audit: ugi=alex	ip=unknown-ip-addr	cmd=get_databases: @hive#NonExistentDatabaseUsedForHealthCheck	
2024-05-01T01:04:10,485  WARN [JobControl] mapreduce.JobResourceUploader: Hadoop command-line option parsing not performed. Implement the Tool interface and execute your application with ToolRunner to remedy this.
2024-05-01T01:04:10,490  WARN [JobControl] mapreduce.JobResourceUploader: No job jar file set.  User classes may not be found. See Job or Job#setJar(String).
2024-05-01T01:04:10,491  INFO [JobControl] builtin.PigStorage: Using PigTextInputFormat
2024-05-01T01:04:10,491  INFO [JobControl] input.FileInputFormat: Total input files to process : 1
2024-05-01T01:04:10,491  INFO [JobControl] util.MapRedUtil: Total input paths to process : 1
2024-05-01T01:04:10,491  INFO [JobControl] util.MapRedUtil: Total input paths (combined) to process : 1
2024-05-01T01:04:10,511  INFO [JobControl] mapreduce.JobSubmitter: number of splits:1
2024-05-01T01:04:10,525  INFO [JobControl] mapreduce.JobSubmitter: Submitting tokens for job: job_local1581321645_0025
2024-05-01T01:04:10,525  INFO [JobControl] mapreduce.JobSubmitter: Executing with tokens: []
2024-05-01T01:04:10,583  INFO [JobControl] mapreduce.Job: The url to track the job: http://localhost:8080/
2024-05-01T01:04:10,583  INFO [Thread-1269] mapred.LocalJobRunner: OutputCommitter set in config null
2024-05-01T01:04:10,587  INFO [Thread-1269] output.FileOutputCommitter: File Output Committer Algorithm version is 2
2024-05-01T01:04:10,587  INFO [Thread-1269] output.FileOutputCommitter: FileOutputCommitter skip cleanup _temporary folders under output directory:false, ignore cleanup failures: false
2024-05-01T01:04:10,588  INFO [Thread-1269] mapred.LocalJobRunner: OutputCommitter is org.apache.pig.backend.hadoop.executionengine.mapReduceLayer.PigOutputCommitter
2024-05-01T01:04:10,589  INFO [Thread-1269] output.FileOutputCommitter: File Output Committer Algorithm version is 2
2024-05-01T01:04:10,589  INFO [Thread-1269] output.FileOutputCommitter: FileOutputCommitter skip cleanup _temporary folders under output directory:false, ignore cleanup failures: false
2024-05-01T01:04:10,599  INFO [Thread-1269] mapred.LocalJobRunner: Waiting for map tasks
2024-05-01T01:04:10,600  INFO [LocalJobRunner Map Task Executor #0] mapred.LocalJobRunner: Starting task: attempt_local1581321645_0025_m_000000_0
2024-05-01T01:04:10,604  INFO [LocalJobRunner Map Task Executor #0] output.FileOutputCommitter: File Output Committer Algorithm version is 2
2024-05-01T01:04:10,604  INFO [LocalJobRunner Map Task Executor #0] output.FileOutputCommitter: FileOutputCommitter skip cleanup _temporary folders under output directory:false, ignore cleanup failures: false
2024-05-01T01:04:10,606  INFO [LocalJobRunner Map Task Executor #0] output.FileOutputCommitter: File Output Committer Algorithm version is 2
2024-05-01T01:04:10,606  INFO [LocalJobRunner Map Task Executor #0] output.FileOutputCommitter: FileOutputCommitter skip cleanup _temporary folders under output directory:false, ignore cleanup failures: false
2024-05-01T01:04:10,606  INFO [LocalJobRunner Map Task Executor #0] mapred.Task:  Using ResourceCalculatorProcessTree : [ ]
2024-05-01T01:04:10,607  INFO [LocalJobRunner Map Task Executor #0] mapred.MapTask: Processing split: Number of splits :1
Total Length = 23
Input split[0]:
   Length = 23
   ClassName: org.apache.hadoop.mapreduce.lib.input.FileSplit
   Locations:

-----------------------

2024-05-01T01:04:10,607  INFO [LocalJobRunner Map Task Executor #0] builtin.PigStorage: Using PigTextInputFormat
2024-05-01T01:04:10,608  INFO [LocalJobRunner Map Task Executor #0] mapReduceLayer.PigRecordReader: Current split being processed file:/home/alex/Repositories/hive/hcatalog/hcatalog-pig-adapter/build/test/data/org.apache.hive.hcatalog.mapreduce.HCatBaseTest-1714550620829/input.data:0+23
2024-05-01T01:04:10,609  INFO [LocalJobRunner Map Task Executor #0] output.FileOutputCommitter: File Output Committer Algorithm version is 2
2024-05-01T01:04:10,610  INFO [LocalJobRunner Map Task Executor #0] output.FileOutputCommitter: FileOutputCommitter skip cleanup _temporary folders under output directory:false, ignore cleanup failures: false
2024-05-01T01:04:10,612  INFO [LocalJobRunner Map Task Executor #0] util.SpillableMemoryManager: Selected heap (PS Old Gen) of size 1431830528 to monitor. collectionUsageThreshold = 1064828928, usageThreshold = 1064828928
2024-05-01T01:04:10,612  INFO [LocalJobRunner Map Task Executor #0] data.SchemaTupleBackend: Key [pig.schematuple] was not set... will not generate code.
2024-05-01T01:04:10,613  INFO [LocalJobRunner Map Task Executor #0] mapReduceLayer.PigMapOnly$Map: Aliases being processed per job phase (AliasName[line,offset]): M: A[1,4],A[-1,-1] C:  R: 
2024-05-01T01:04:10,613  INFO [LocalJobRunner Map Task Executor #0] impl.PhysicalFsWriter: ORC writer created for path: file:/home/alex/Repositories/hive/hcatalog/hcatalog-pig-adapter/build/test/data/org.apache.hive.hcatalog.mapreduce.HCatBaseTest-1714550620829/warehouse/junit_unparted/_SCRATCH0,8533053674453703/b=1/_temporary/0/_temporary/attempt_local1581321645_0025_m_000000_0/part-m-00000 with stripeSize: 67108864 blockSize: 268435456 compression: Compress: ZLIB buffer: 262144
2024-05-01T01:04:10,623  INFO [LocalJobRunner Map Task Executor #0] impl.WriterImpl: ORC writer created for path: file:/home/alex/Repositories/hive/hcatalog/hcatalog-pig-adapter/build/test/data/org.apache.hive.hcatalog.mapreduce.HCatBaseTest-1714550620829/warehouse/junit_unparted/_SCRATCH0,8533053674453703/b=1/_temporary/0/_temporary/attempt_local1581321645_0025_m_000000_0/part-m-00000 with stripeSize: 67108864 options: Compress: ZLIB buffer: 262144
2024-05-01T01:04:10,623  INFO [LocalJobRunner Map Task Executor #0] mapred.LocalJobRunner: 
2024-05-01T01:04:10,625  INFO [LocalJobRunner Map Task Executor #0] mapred.Task: Task:attempt_local1581321645_0025_m_000000_0 is done. And is in the process of committing
2024-05-01T01:04:10,626  INFO [LocalJobRunner Map Task Executor #0] output.FileOutputCommitter: File Output Committer Algorithm version is 2
2024-05-01T01:04:10,626  INFO [LocalJobRunner Map Task Executor #0] output.FileOutputCommitter: FileOutputCommitter skip cleanup _temporary folders under output directory:false, ignore cleanup failures: false
2024-05-01T01:04:10,626  INFO [LocalJobRunner Map Task Executor #0] mapred.LocalJobRunner: 
2024-05-01T01:04:10,627  INFO [LocalJobRunner Map Task Executor #0] mapred.Task: Task attempt_local1581321645_0025_m_000000_0 is allowed to commit now
2024-05-01T01:04:10,627  INFO [LocalJobRunner Map Task Executor #0] output.FileOutputCommitter: File Output Committer Algorithm version is 2
2024-05-01T01:04:10,627  INFO [LocalJobRunner Map Task Executor #0] output.FileOutputCommitter: FileOutputCommitter skip cleanup _temporary folders under output directory:false, ignore cleanup failures: false
2024-05-01T01:04:10,628  INFO [LocalJobRunner Map Task Executor #0] output.FileOutputCommitter: Saved output of task 'attempt_local1581321645_0025_m_000000_0' to file:/home/alex/Repositories/hive/hcatalog/hcatalog-pig-adapter/build/test/data/org.apache.hive.hcatalog.mapreduce.HCatBaseTest-1714550620829/warehouse/junit_unparted/_SCRATCH0,8533053674453703/b=1
2024-05-01T01:04:10,628  INFO [LocalJobRunner Map Task Executor #0] mapred.LocalJobRunner: map
2024-05-01T01:04:10,629  INFO [LocalJobRunner Map Task Executor #0] mapred.Task: Task 'attempt_local1581321645_0025_m_000000_0' done.
2024-05-01T01:04:10,629  INFO [LocalJobRunner Map Task Executor #0] mapred.Task: Final Counters for attempt_local1581321645_0025_m_000000_0: Counters: 15
	File System Counters
		FILE: Number of bytes read=76712
		FILE: Number of bytes written=14238896
		FILE: Number of read operations=0
		FILE: Number of large read operations=0
		FILE: Number of write operations=0
	Map-Reduce Framework
		Map input records=11
		Map output records=11
		Input split bytes=480
		Spilled Records=0
		Failed Shuffles=0
		Merged Map outputs=0
		GC time elapsed (ms)=0
		Total committed heap usage (bytes)=1041760256
	File Input Format Counters 
		Bytes Read=0
	File Output Format Counters 
		Bytes Written=0
2024-05-01T01:04:10,629  INFO [LocalJobRunner Map Task Executor #0] mapred.LocalJobRunner: Finishing task: attempt_local1581321645_0025_m_000000_0
2024-05-01T01:04:10,629  INFO [Thread-1269] mapred.LocalJobRunner: map task executor complete.
2024-05-01T01:04:10,673  WARN [Thread-1269] conf.HiveConf: HiveConf of name hive.llap.io.cache.orc.size does not exist
2024-05-01T01:04:10,673  WARN [Thread-1269] conf.HiveConf: HiveConf of name hive.dummyparam.test.server.specific.config.override does not exist
2024-05-01T01:04:10,673  WARN [Thread-1269] conf.HiveConf: HiveConf of name hive.metastore.metadb.dir does not exist
2024-05-01T01:04:10,673  WARN [Thread-1269] conf.HiveConf: HiveConf of name hive.llap.io.cache.orc.alloc.min does not exist
2024-05-01T01:04:10,673  WARN [Thread-1269] conf.HiveConf: HiveConf of name hive.dummyparam.test.server.specific.config.hivesite does not exist
2024-05-01T01:04:10,673  WARN [Thread-1269] conf.HiveConf: HiveConf of name hive.llap.io.cache.orc.alloc.max does not exist
2024-05-01T01:04:10,673  WARN [Thread-1269] conf.HiveConf: HiveConf of name hive.metastore.client.cache.maxSize does not exist
2024-05-01T01:04:10,673  WARN [Thread-1269] conf.HiveConf: HiveConf of name hive.dummyparam.test.server.specific.config.metastoresite does not exist
2024-05-01T01:04:10,673  WARN [Thread-1269] conf.HiveConf: HiveConf of name hive.metastore.client.cache.recordStats does not exist
2024-05-01T01:04:10,673  WARN [Thread-1269] conf.HiveConf: HiveConf of name hive.llap.io.cache.orc.arena.size does not exist
2024-05-01T01:04:10,674  WARN [Thread-1269] conf.HiveConf: HiveConf of name hive.stats.key.prefix.reserve.length does not exist
2024-05-01T01:04:10,674  INFO [Thread-1269] common.HCatUtil: mapreduce.lib.hcatoutput.hive.conf is set. Applying configuration differences.
2024-05-01T01:04:10,674  INFO [Thread-1269] metastore.HiveMetaStoreClient: HMS client filtering is enabled.
2024-05-01T01:04:10,675  INFO [Thread-1269] metastore.HMSHandler: 35: Opening raw store with implementation class:org.apache.hadoop.hive.metastore.ObjectStore
2024-05-01T01:04:10,675  INFO [Thread-1269] metastore.PersistenceManagerProvider: Configuration datanucleus.autoStartMechanismMode is not set. Defaulting to 'ignored'
2024-05-01T01:04:10,675  INFO [Thread-1269] metastore.ObjectStore: RawStore: org.apache.hadoop.hive.metastore.ObjectStore@39299524, with PersistenceManager: null will be shutdown
2024-05-01T01:04:10,676  INFO [Thread-1269] metastore.ObjectStore: RawStore: org.apache.hadoop.hive.metastore.ObjectStore@39299524, with PersistenceManager: org.datanucleus.api.jdo.JDOPersistenceManager@5d1822c0 created in the thread with id: 1386
2024-05-01T01:04:10,678  INFO [Thread-1269] metastore.HMSHandler: Created RawStore: org.apache.hadoop.hive.metastore.ObjectStore@39299524 from thread id: 1386
2024-05-01T01:04:10,678  INFO [Thread-1269] metastore.HMSHandler: HMS server filtering is disabled by configuration
2024-05-01T01:04:10,678  INFO [Thread-1269] metastore.RetryingMetaStoreClient: RetryingMetaStoreClient proxy=class org.apache.hive.hcatalog.common.HiveClientCache$CacheableHiveMetaStoreClient ugi=alex (auth:SIMPLE) retries=1 delay=1 lifetime=0
2024-05-01T01:04:10,678  INFO [Thread-1269] HiveMetaStore.audit: ugi=alex	ip=unknown-ip-addr	cmd=get_databases: @hive#NonExistentDatabaseUsedForHealthCheck	
2024-05-01T01:04:10,719  WARN [Thread-1269] conf.HiveConf: HiveConf of name hive.llap.io.cache.orc.size does not exist
2024-05-01T01:04:10,719  WARN [Thread-1269] conf.HiveConf: HiveConf of name hive.dummyparam.test.server.specific.config.override does not exist
2024-05-01T01:04:10,719  WARN [Thread-1269] conf.HiveConf: HiveConf of name hive.metastore.metadb.dir does not exist
2024-05-01T01:04:10,719  WARN [Thread-1269] conf.HiveConf: HiveConf of name hive.llap.io.cache.orc.alloc.min does not exist
2024-05-01T01:04:10,719  WARN [Thread-1269] conf.HiveConf: HiveConf of name hive.dummyparam.test.server.specific.config.hivesite does not exist
2024-05-01T01:04:10,719  WARN [Thread-1269] conf.HiveConf: HiveConf of name hive.llap.io.cache.orc.alloc.max does not exist
2024-05-01T01:04:10,719  WARN [Thread-1269] conf.HiveConf: HiveConf of name hive.metastore.client.cache.maxSize does not exist
2024-05-01T01:04:10,719  WARN [Thread-1269] conf.HiveConf: HiveConf of name hive.dummyparam.test.server.specific.config.metastoresite does not exist
2024-05-01T01:04:10,719  WARN [Thread-1269] conf.HiveConf: HiveConf of name hive.metastore.client.cache.recordStats does not exist
2024-05-01T01:04:10,719  WARN [Thread-1269] conf.HiveConf: HiveConf of name hive.llap.io.cache.orc.arena.size does not exist
2024-05-01T01:04:10,719  WARN [Thread-1269] conf.HiveConf: HiveConf of name hive.stats.key.prefix.reserve.length does not exist
2024-05-01T01:04:10,719  INFO [Thread-1269] mapreduce.FileOutputCommitterContainer: HAR not is not being used. The table junit_unparted has new partitions [{b=1}].
2024-05-01T01:04:10,720  INFO [Thread-1269] HiveMetaStore.audit: ugi=alex	ip=unknown-ip-addr	cmd=get_partition : tbl=hive.default.junit_unparted[1]	
2024-05-01T01:04:10,727  INFO [Thread-1269] HiveMetaStore.audit: ugi=alex	ip=unknown-ip-addr	cmd=add_partition	
2024-05-01T01:04:10,727  INFO [Thread-1269] HiveMetaStore.audit: ugi=alex	ip=unknown-ip-addr	cmd=add_partitions	
2024-05-01T01:04:10,734  INFO [HMSHandler #8] utils.MetaStoreServerUtils: Updating partition stats fast for: junit_unparted
2024-05-01T01:04:10,734  INFO [HMSHandler #8] utils.MetaStoreServerUtils: Updated size to 190
2024-05-01T01:04:10,767  INFO [Thread-1269] mapreduce.FileOutputCommitterContainer: Cancelling delegation token for the job.
2024-05-01T01:04:10,804  WARN [Thread-1269] conf.HiveConf: HiveConf of name hive.llap.io.cache.orc.size does not exist
2024-05-01T01:04:10,804  WARN [Thread-1269] conf.HiveConf: HiveConf of name hive.dummyparam.test.server.specific.config.override does not exist
2024-05-01T01:04:10,804  WARN [Thread-1269] conf.HiveConf: HiveConf of name hive.metastore.metadb.dir does not exist
2024-05-01T01:04:10,804  WARN [Thread-1269] conf.HiveConf: HiveConf of name hive.llap.io.cache.orc.alloc.min does not exist
2024-05-01T01:04:10,804  WARN [Thread-1269] conf.HiveConf: HiveConf of name hive.dummyparam.test.server.specific.config.hivesite does not exist
2024-05-01T01:04:10,804  WARN [Thread-1269] conf.HiveConf: HiveConf of name hive.llap.io.cache.orc.alloc.max does not exist
2024-05-01T01:04:10,804  WARN [Thread-1269] conf.HiveConf: HiveConf of name hive.metastore.client.cache.maxSize does not exist
2024-05-01T01:04:10,804  WARN [Thread-1269] conf.HiveConf: HiveConf of name hive.dummyparam.test.server.specific.config.metastoresite does not exist
2024-05-01T01:04:10,804  WARN [Thread-1269] conf.HiveConf: HiveConf of name hive.metastore.client.cache.recordStats does not exist
2024-05-01T01:04:10,804  WARN [Thread-1269] conf.HiveConf: HiveConf of name hive.llap.io.cache.orc.arena.size does not exist
2024-05-01T01:04:10,804  WARN [Thread-1269] conf.HiveConf: HiveConf of name hive.stats.key.prefix.reserve.length does not exist
2024-05-01T01:04:10,804  INFO [Thread-1269] common.HCatUtil: mapreduce.lib.hcatoutput.hive.conf is set. Applying configuration differences.
2024-05-01T01:04:10,805  INFO [Thread-1269] HiveMetaStore.audit: ugi=alex	ip=unknown-ip-addr	cmd=get_databases: @hive#NonExistentDatabaseUsedForHealthCheck	
2024-05-01T01:04:10,806  INFO [Thread-1269] mapreduce.FileOutputCommitterContainer: FileOutputCommitterContainer::cancelDelegationTokens(): Could not find tokenStrForm, or HCAT_KEY_TOKEN_SIGNATURE. Skipping token cancellation.
2024-05-01T01:04:10,951  INFO [main] mapReduceLayer.MapReduceLauncher: HadoopJobId: job_local1581321645_0025
2024-05-01T01:04:10,951  INFO [main] mapReduceLayer.MapReduceLauncher: Processing aliases A
2024-05-01T01:04:10,951  INFO [main] mapReduceLayer.MapReduceLauncher: detailed locations: M: A[1,4],A[-1,-1] C:  R: 
2024-05-01T01:04:10,953  WARN [main] impl.MetricsSystemImpl: JobTracker metrics system already initialized!
2024-05-01T01:04:10,953  WARN [main] impl.MetricsSystemImpl: JobTracker metrics system already initialized!
2024-05-01T01:04:10,954  WARN [main] impl.MetricsSystemImpl: JobTracker metrics system already initialized!
2024-05-01T01:04:10,966  INFO [main] mapReduceLayer.MapReduceLauncher: 100% complete
2024-05-01T01:04:10,967  INFO [main] mapreduce.SimplePigStats: Script Statistics: 

HadoopVersion	PigVersion	UserId	StartedAt	FinishedAt	Features
3.1.0	0.16.0	alex	2024-05-01 01:04:10	2024-05-01 01:04:10	UNKNOWN

Success!

Job Stats (time in seconds):
JobId	Maps	Reduces	MaxMapTime	MinMapTime	AvgMapTime	MedianMapTime	MaxReduceTime	MinReduceTime	AvgReduceTime	MedianReducetime	Alias	Feature	Outputs
job_local1581321645_0025	1	0	n/a	n/a	n/a	n/a	0	0	0	0	A	MAP_ONLY	default.junit_unparted,

Input(s):
Successfully read 11 records from: "/home/alex/Repositories/hive/hcatalog/hcatalog-pig-adapter/build/test/data/org.apache.hive.hcatalog.mapreduce.HCatBaseTest-1714550620829/input.data"

Output(s):
Successfully stored 11 records in: "default.junit_unparted"

Counters:
Total records written : 11
Total bytes written : 0
Spillable Memory Manager spill count : 0
Total bags proactively spilled: 0
Total records proactively spilled: 0

Job DAG:
job_local1581321645_0025


2024-05-01T01:04:10,967  WARN [main] impl.MetricsSystemImpl: JobTracker metrics system already initialized!
2024-05-01T01:04:10,968  WARN [main] impl.MetricsSystemImpl: JobTracker metrics system already initialized!
2024-05-01T01:04:10,968  INFO [main] mapReduceLayer.MapReduceLauncher: Success!
2024-05-01T01:04:10,992  WARN [main] conf.HiveConf: HiveConf of name hive.llap.io.cache.orc.size does not exist
2024-05-01T01:04:10,992  WARN [main] conf.HiveConf: HiveConf of name hive.dummyparam.test.server.specific.config.override does not exist
2024-05-01T01:04:10,992  WARN [main] conf.HiveConf: HiveConf of name hive.metastore.metadb.dir does not exist
2024-05-01T01:04:10,992  WARN [main] conf.HiveConf: HiveConf of name hive.llap.io.cache.orc.alloc.min does not exist
2024-05-01T01:04:10,992  WARN [main] conf.HiveConf: HiveConf of name hive.dummyparam.test.server.specific.config.hivesite does not exist
2024-05-01T01:04:10,992  WARN [main] conf.HiveConf: HiveConf of name hive.llap.io.cache.orc.alloc.max does not exist
2024-05-01T01:04:10,992  WARN [main] conf.HiveConf: HiveConf of name hive.metastore.client.cache.maxSize does not exist
2024-05-01T01:04:10,992  WARN [main] conf.HiveConf: HiveConf of name hive.dummyparam.test.server.specific.config.metastoresite does not exist
2024-05-01T01:04:10,992  WARN [main] conf.HiveConf: HiveConf of name hive.metastore.client.cache.recordStats does not exist
2024-05-01T01:04:10,992  WARN [main] conf.HiveConf: HiveConf of name hive.llap.io.cache.orc.arena.size does not exist
2024-05-01T01:04:10,992  WARN [main] conf.HiveConf: HiveConf of name hive.stats.key.prefix.reserve.length does not exist
2024-05-01T01:04:10,993  INFO [main] HiveMetaStore.audit: ugi=alex	ip=unknown-ip-addr	cmd=get_databases: @hive#NonExistentDatabaseUsedForHealthCheck	
2024-05-01T01:04:10,994  INFO [main] HiveMetaStore.audit: ugi=alex	ip=unknown-ip-addr	cmd=get_table : tbl=hive.default.junit_unparted	
2024-05-01T01:04:10,997  INFO [main] metastore.HMSHandler: Skipping translation for processor with null
2024-05-01T01:04:11,047  WARN [main] conf.HiveConf: HiveConf of name hive.llap.io.cache.orc.size does not exist
2024-05-01T01:04:11,047  WARN [main] conf.HiveConf: HiveConf of name hive.dummyparam.test.server.specific.config.override does not exist
2024-05-01T01:04:11,047  WARN [main] conf.HiveConf: HiveConf of name hive.metastore.metadb.dir does not exist
2024-05-01T01:04:11,047  WARN [main] conf.HiveConf: HiveConf of name hive.llap.io.cache.orc.alloc.min does not exist
2024-05-01T01:04:11,047  WARN [main] conf.HiveConf: HiveConf of name hive.dummyparam.test.server.specific.config.hivesite does not exist
2024-05-01T01:04:11,047  WARN [main] conf.HiveConf: HiveConf of name hive.llap.io.cache.orc.alloc.max does not exist
2024-05-01T01:04:11,047  WARN [main] conf.HiveConf: HiveConf of name hive.metastore.client.cache.maxSize does not exist
2024-05-01T01:04:11,047  WARN [main] conf.HiveConf: HiveConf of name hive.dummyparam.test.server.specific.config.metastoresite does not exist
2024-05-01T01:04:11,047  WARN [main] conf.HiveConf: HiveConf of name hive.metastore.client.cache.recordStats does not exist
2024-05-01T01:04:11,047  WARN [main] conf.HiveConf: HiveConf of name hive.llap.io.cache.orc.arena.size does not exist
2024-05-01T01:04:11,047  WARN [main] conf.HiveConf: HiveConf of name hive.stats.key.prefix.reserve.length does not exist
2024-05-01T01:04:11,048  INFO [main] HiveMetaStore.audit: ugi=alex	ip=unknown-ip-addr	cmd=get_databases: @hive#NonExistentDatabaseUsedForHealthCheck	
2024-05-01T01:04:11,049  INFO [main] HiveMetaStore.audit: ugi=alex	ip=unknown-ip-addr	cmd=get_table : tbl=hive.default.junit_unparted	
2024-05-01T01:04:11,056  INFO [main] metastore.HMSHandler: Skipping translation for processor with null
2024-05-01T01:04:11,058  INFO [main] pigstats.ScriptState: Pig features used in the script: UNKNOWN
2024-05-01T01:04:11,069  WARN [main] data.SchemaTupleBackend: SchemaTupleBackend has already been initialized
2024-05-01T01:04:11,069  INFO [main] optimizer.LogicalPlanOptimizer: {RULES_ENABLED=[AddForEach, ColumnMapKeyPrune, ConstantCalculator, GroupByConstParallelSetter, LimitOptimizer, LoadTypeCastInserter, MergeFilter, MergeForEach, PartitionFilterOptimizer, PredicatePushdownOptimizer, PushDownForEachFlatten, PushUpFilter, SplitFilter, StreamTypeCastInserter]}
2024-05-01T01:04:11,069  INFO [main] mapReduceLayer.MRCompiler: File concatenation threshold: 100 optimistic? false
2024-05-01T01:04:11,070  INFO [main] mapReduceLayer.MultiQueryOptimizer: MR plan size before optimization: 1
2024-05-01T01:04:11,070  INFO [main] mapReduceLayer.MultiQueryOptimizer: MR plan size after optimization: 1
2024-05-01T01:04:11,075  WARN [main] impl.MetricsSystemImpl: JobTracker metrics system already initialized!
2024-05-01T01:04:11,076  INFO [main] mapreduce.MRScriptState: Pig script settings are added to the job
2024-05-01T01:04:11,076  INFO [main] mapReduceLayer.JobControlCompiler: mapred.job.reduce.markreset.buffer.percent is not set, set to default 0.3
2024-05-01T01:04:11,089  WARN [main] conf.HiveConf: HiveConf of name hive.llap.io.cache.orc.size does not exist
2024-05-01T01:04:11,089  WARN [main] conf.HiveConf: HiveConf of name hive.dummyparam.test.server.specific.config.override does not exist
2024-05-01T01:04:11,089  WARN [main] conf.HiveConf: HiveConf of name hive.metastore.metadb.dir does not exist
2024-05-01T01:04:11,089  WARN [main] conf.HiveConf: HiveConf of name hive.llap.io.cache.orc.alloc.min does not exist
2024-05-01T01:04:11,089  WARN [main] conf.HiveConf: HiveConf of name hive.dummyparam.test.server.specific.config.hivesite does not exist
2024-05-01T01:04:11,089  WARN [main] conf.HiveConf: HiveConf of name hive.llap.io.cache.orc.alloc.max does not exist
2024-05-01T01:04:11,089  WARN [main] conf.HiveConf: HiveConf of name hive.metastore.client.cache.maxSize does not exist
2024-05-01T01:04:11,089  WARN [main] conf.HiveConf: HiveConf of name hive.dummyparam.test.server.specific.config.metastoresite does not exist
2024-05-01T01:04:11,089  WARN [main] conf.HiveConf: HiveConf of name hive.metastore.client.cache.recordStats does not exist
2024-05-01T01:04:11,089  WARN [main] conf.HiveConf: HiveConf of name hive.llap.io.cache.orc.arena.size does not exist
2024-05-01T01:04:11,089  WARN [main] conf.HiveConf: HiveConf of name hive.stats.key.prefix.reserve.length does not exist
2024-05-01T01:04:11,089  INFO [main] common.HCatUtil: mapreduce.lib.hcatoutput.hive.conf not set. Generating configuration differences.
2024-05-01T01:04:11,090  INFO [main] common.HCatUtil: Configuration differences={datanucleus.connectionPool.maxPoolSize=4, hive.llap.io.cache.orc.alloc.max=2097152, javax.jdo.option.ConnectionUserName=APP, test.property1=value1, hive.stats.column.autogather=true, hive.query.results.cache.enabled=false, fs.pfile.impl=org.apache.hadoop.fs.ProxyLocalFileSystem, hive.querylog.location=${test.tmp.dir}/tmp, hive.metastore.rawstore.impl=org.apache.hadoop.hive.metastore.ObjectStore, hive.llap.io.use.lrfu=true, javax.jdo.option.ConnectionPassword=mine, hive.jar.path=${maven.local.repository}/org/apache/hive/hive-exec/${hive.version}/hive-exec-${hive.version}.jar, hive.default.rcfile.serde=org.apache.hadoop.hive.serde2.columnar.ColumnarSerDe, datanucleus.schema.autoCreateAll=true, test.data.scripts=${hive.root}/data/scripts, hive.users.in.admin.role=hive_admin_user, hive.llap.io.cache.orc.size=8388608, test.var.hiveconf.property=${hive.exec.default.partition.name}, hive.dummyparam.test.server.specific.config.hivesite=from.hive-site.xml, hive.exec.mode.local.auto=false, hive.materializedview.rewriting=true, hive.dummyparam.test.server.specific.config.override=from.hive-site.xml, hive.fetch.task.conversion=minimal, hive.metastore.metadb.dir=file://${test.tmp.dir}/metadb/, hive.conf.restricted.list=dummy.config.value, hive.server2.operation.log.purgePolicy.timeToLive=5s, hive.query.reexecution.stats.persist.scope=query, hive.cbo.fallback.strategy=TEST, hive.input.format=org.apache.hadoop.hive.ql.io.CombineHiveInputFormat, hive.security.authorization.manager=org.apache.hadoop.hive.ql.security.authorization.plugin.sqlstd.SQLStdHiveAuthorizerFactoryForTest, test.data.files=${hive.root}/data/files, hive.metastore.client.cache.enabled=true, hive.stats.key.prefix.reserve.length=0, hive.exec.local.scratchdir=${test.tmp.dir}/localscratchdir/, hive.exec.submit.local.task.via.child=false, hive.auto.convert.join=false, hive.llap.io.cache.orc.alloc.min=32768, hive.stats.fetch.bitvector=true, hive.llap.io.allocator.direct=false, hive.metastore.schema.verification=false, javax.jdo.option.ConnectionDriverName=org.apache.derby.jdbc.EmbeddedDriver, hive.support.concurrency=true, hive.in.test=true, hive.metastore.warehouse.dir=${test.warehouse.dir}, hive.llap.io.cache.orc.arena.size=8388608, hive.exec.scratchdir=${test.tmp.dir}/scratchdir, test.log.dir=${test.tmp.dir}/log/, hive.exec.post.hooks=org.apache.hadoop.hive.ql.hooks.PostExecutePrinter, javax.jdo.option.ConnectionURL=jdbc:derby:memory:${test.tmp.dir}/junit_metastore_db;create=true, hive.llap.cache.allow.synthetic.fileid=true, hive.scheduled.queries.executor.enabled=false, hive.ignore.mapjoin.hint=false, hive.metastore.client.cache.maxSize=10Mb, hive.metastore.client.cache.recordStats=true, hive.mapjoin.max.gc.time.percentage=0.99, hive.test.dummystats.aggregator=value2, hive.exec.pre.hooks=org.apache.hadoop.hive.ql.hooks.PreExecutePrinter, org.apache.hadoop.hive.ql.hooks.EnforceReadOnlyTables, org.apache.hadoop.hive.ql.hooks.MaterializedViewRegistryPropertiesHook, iceberg.hive.keep.stats=true, hive.strict.timestamp.conversion=false}
2024-05-01T01:04:11,091  INFO [main] HiveMetaStore.audit: ugi=alex	ip=unknown-ip-addr	cmd=get_databases: @hive#NonExistentDatabaseUsedForHealthCheck	
2024-05-01T01:04:11,092  INFO [main] HiveMetaStore.audit: ugi=alex	ip=unknown-ip-addr	cmd=get_table : tbl=hive.default.junit_unparted	
2024-05-01T01:04:11,096  INFO [main] metastore.HMSHandler: Skipping translation for processor with null
2024-05-01T01:04:11,096  INFO [main] HiveMetaStore.audit: ugi=alex	ip=unknown-ip-addr	cmd=get_partitions_by_filter : tbl=hive.default.junit_unparted	
2024-05-01T01:04:11,133  INFO [main] mapReduceLayer.JobControlCompiler: Setting up single store job
2024-05-01T01:04:11,137  INFO [main] mapReduceLayer.MapReduceLauncher: 1 map-reduce job(s) waiting for submission.
2024-05-01T01:04:11,139  WARN [JobControl] impl.MetricsSystemImpl: JobTracker metrics system already initialized!
2024-05-01T01:04:11,145  WARN [JobControl] mapreduce.JobResourceUploader: Hadoop command-line option parsing not performed. Implement the Tool interface and execute your application with ToolRunner to remedy this.
2024-05-01T01:04:11,150  WARN [JobControl] mapreduce.JobResourceUploader: No job jar file set.  User classes may not be found. See Job or Job#setJar(String).
2024-05-01T01:04:11,152  INFO [JobControl] common.HCatUtil: mapreduce.lib.hcatoutput.hive.conf is set. Using differences={hive.metastore.metadb.dir=file://${test.tmp.dir}/metadb/, hive.llap.io.cache.orc.size=8388608, hive.default.rcfile.serde=org.apache.hadoop.hive.serde2.columnar.ColumnarSerDe, hive.mapjoin.max.gc.time.percentage=0.99, hive.dummyparam.test.server.specific.config.hivesite=from.hive-site.xml, hive.stats.key.prefix.reserve.length=0, hive.server2.operation.log.purgePolicy.timeToLive=5s, hive.test.dummystats.aggregator=value2, hive.users.in.admin.role=hive_admin_user, iceberg.hive.keep.stats=true, hive.jar.path=${maven.local.repository}/org/apache/hive/hive-exec/${hive.version}/hive-exec-${hive.version}.jar, hive.exec.submit.local.task.via.child=false, hive.auto.convert.join=false, hive.query.reexecution.stats.persist.scope=query, hive.input.format=org.apache.hadoop.hive.ql.io.CombineHiveInputFormat, javax.jdo.option.ConnectionURL=jdbc:derby:memory:${test.tmp.dir}/junit_metastore_db;create=true, test.log.dir=${test.tmp.dir}/log/, hive.cbo.fallback.strategy=TEST, hive.exec.mode.local.auto=false, hive.support.concurrency=true, javax.jdo.option.ConnectionUserName=APP, hive.ignore.mapjoin.hint=false, hive.exec.pre.hooks=org.apache.hadoop.hive.ql.hooks.PreExecutePrinter, org.apache.hadoop.hive.ql.hooks.EnforceReadOnlyTables, org.apache.hadoop.hive.ql.hooks.MaterializedViewRegistryPropertiesHook, datanucleus.connectionPool.maxPoolSize=4, hive.strict.timestamp.conversion=false, datanucleus.schema.autoCreateAll=true, test.data.files=${hive.root}/data/files, javax.jdo.option.ConnectionDriverName=org.apache.derby.jdbc.EmbeddedDriver, hive.stats.fetch.bitvector=true, hive.security.authorization.manager=org.apache.hadoop.hive.ql.security.authorization.plugin.sqlstd.SQLStdHiveAuthorizerFactoryForTest, hive.conf.restricted.list=dummy.config.value, hive.exec.scratchdir=${test.tmp.dir}/scratchdir, test.property1=value1, hive.llap.io.cache.orc.alloc.max=2097152, hive.metastore.warehouse.dir=${test.warehouse.dir}, hive.fetch.task.conversion=minimal, test.data.scripts=${hive.root}/data/scripts, hive.metastore.client.cache.maxSize=10Mb, hive.metastore.schema.verification=false, hive.query.results.cache.enabled=false, test.var.hiveconf.property=${hive.exec.default.partition.name}, hive.querylog.location=${test.tmp.dir}/tmp, hive.llap.io.cache.orc.alloc.min=32768, hive.llap.io.allocator.direct=false, hive.stats.column.autogather=true, hive.llap.cache.allow.synthetic.fileid=true, javax.jdo.option.ConnectionPassword=mine, hive.metastore.client.cache.recordStats=true, hive.llap.io.cache.orc.arena.size=8388608, hive.scheduled.queries.executor.enabled=false, hive.exec.local.scratchdir=${test.tmp.dir}/localscratchdir/, hive.metastore.rawstore.impl=org.apache.hadoop.hive.metastore.ObjectStore, hive.llap.io.use.lrfu=true, hive.exec.post.hooks=org.apache.hadoop.hive.ql.hooks.PostExecutePrinter, fs.pfile.impl=org.apache.hadoop.fs.ProxyLocalFileSystem, hive.in.test=true, hive.metastore.client.cache.enabled=true, hive.materializedview.rewriting=true, hive.dummyparam.test.server.specific.config.override=from.hive-site.xml}
2024-05-01T01:04:11,153  INFO [JobControl] orc.OrcInputFormat: getSplits started
2024-05-01T01:04:11,153  INFO [JobControl] orc.OrcInputFormat: Context:: isAcid: false isVectorMode: false sarg: null minSplitSize: 0 maxSplitSize: 268435456 splitStrategy: HYBRID footerInSplits: false numBuckets: 0 numThreads: 10 cacheMemSize: 268435456 cacheStripeDetails: true useSoftReference: false writeIdList: null:9223372036854775807:9223372036854775807:: isTransactionalTable: false txnProperties: null 
2024-05-01T01:04:11,153  INFO [JobControl] orc.OrcInputFormat: ORC pushdown predicate: null
2024-05-01T01:04:11,157  INFO [JobControl] orc.OrcInputFormat: FooterCacheHitRatio: 0/1
2024-05-01T01:04:11,157  INFO [JobControl] orc.OrcInputFormat: getSplits finished (#splits: 1). duration: 4 ms
2024-05-01T01:04:11,157  INFO [JobControl] util.MapRedUtil: Total input paths (combined) to process : 1
2024-05-01T01:04:11,178  INFO [JobControl] mapreduce.JobSubmitter: number of splits:1
2024-05-01T01:04:11,192  INFO [JobControl] mapreduce.JobSubmitter: Submitting tokens for job: job_local743433704_0026
2024-05-01T01:04:11,192  INFO [JobControl] mapreduce.JobSubmitter: Executing with tokens: []
2024-05-01T01:04:11,238  INFO [JobControl] mapreduce.Job: The url to track the job: http://localhost:8080/
2024-05-01T01:04:11,239  INFO [Thread-1311] mapred.LocalJobRunner: OutputCommitter set in config null
2024-05-01T01:04:11,242  INFO [Thread-1311] output.FileOutputCommitter: File Output Committer Algorithm version is 2
2024-05-01T01:04:11,242  INFO [Thread-1311] output.FileOutputCommitter: FileOutputCommitter skip cleanup _temporary folders under output directory:false, ignore cleanup failures: false
2024-05-01T01:04:11,242  INFO [Thread-1311] mapred.LocalJobRunner: OutputCommitter is org.apache.pig.backend.hadoop.executionengine.mapReduceLayer.PigOutputCommitter
2024-05-01T01:04:11,251  INFO [Thread-1311] mapred.LocalJobRunner: Waiting for map tasks
2024-05-01T01:04:11,251  INFO [LocalJobRunner Map Task Executor #0] mapred.LocalJobRunner: Starting task: attempt_local743433704_0026_m_000000_0
2024-05-01T01:04:11,254  INFO [LocalJobRunner Map Task Executor #0] output.FileOutputCommitter: File Output Committer Algorithm version is 2
2024-05-01T01:04:11,255  INFO [LocalJobRunner Map Task Executor #0] output.FileOutputCommitter: FileOutputCommitter skip cleanup _temporary folders under output directory:false, ignore cleanup failures: false
2024-05-01T01:04:11,255  INFO [LocalJobRunner Map Task Executor #0] mapred.Task:  Using ResourceCalculatorProcessTree : [ ]
2024-05-01T01:04:11,256  INFO [LocalJobRunner Map Task Executor #0] mapred.MapTask: Processing split: Number of splits :1
Total Length = 72
Input split[0]:
   Length = 72
   ClassName: org.apache.hive.hcatalog.mapreduce.HCatSplit
   Locations:

-----------------------

2024-05-01T01:04:11,260  INFO [LocalJobRunner Map Task Executor #0] mapReduceLayer.PigRecordReader: Current split being processed org.apache.hive.hcatalog.mapreduce.HCatSplit@3fbd1e25
2024-05-01T01:04:11,261  INFO [LocalJobRunner Map Task Executor #0] output.FileOutputCommitter: File Output Committer Algorithm version is 2
2024-05-01T01:04:11,261  INFO [LocalJobRunner Map Task Executor #0] output.FileOutputCommitter: FileOutputCommitter skip cleanup _temporary folders under output directory:false, ignore cleanup failures: false
2024-05-01T01:04:11,273  INFO [LocalJobRunner Map Task Executor #0] orc.ReaderImpl: Reading ORC rows from file:/home/alex/Repositories/hive/hcatalog/hcatalog-pig-adapter/build/test/data/org.apache.hive.hcatalog.mapreduce.HCatBaseTest-1714550620829/warehouse/junit_unparted/b=1/part-m-00000 with {include: null, offset: 3, length: 72, schema: struct<a:int>, includeAcidColumns: true}
2024-05-01T01:04:11,274  INFO [LocalJobRunner Map Task Executor #0] mapreduce.InternalUtil: Initializing org.apache.hadoop.hive.ql.io.orc.OrcSerde with properties {name=default.junit_unparted, columns.types=int, serialization.format=1, columns=a, columns.comments=null, bucketing_version=2, serialization.lib=org.apache.hadoop.hive.ql.io.orc.OrcSerde, column.name.delimiter=,, serialization.null.format=\N, transient_lastDdlTime=1714550650}
2024-05-01T01:04:11,274  INFO [LocalJobRunner Map Task Executor #0] util.SpillableMemoryManager: Selected heap (PS Old Gen) of size 1431830528 to monitor. collectionUsageThreshold = 1064828928, usageThreshold = 1064828928
2024-05-01T01:04:11,274  WARN [LocalJobRunner Map Task Executor #0] data.SchemaTupleBackend: SchemaTupleBackend has already been initialized
2024-05-01T01:04:11,275  INFO [LocalJobRunner Map Task Executor #0] mapReduceLayer.PigMapOnly$Map: Aliases being processed per job phase (AliasName[line,offset]): M: B[3,4] C:  R: 
2024-05-01T01:04:11,275  INFO [LocalJobRunner Map Task Executor #0] mapred.LocalJobRunner: 
2024-05-01T01:04:11,275  INFO [LocalJobRunner Map Task Executor #0] mapred.Task: Task:attempt_local743433704_0026_m_000000_0 is done. And is in the process of committing
2024-05-01T01:04:11,277  INFO [LocalJobRunner Map Task Executor #0] mapred.LocalJobRunner: 
2024-05-01T01:04:11,277  INFO [LocalJobRunner Map Task Executor #0] mapred.Task: Task attempt_local743433704_0026_m_000000_0 is allowed to commit now
2024-05-01T01:04:11,279  INFO [LocalJobRunner Map Task Executor #0] output.FileOutputCommitter: Saved output of task 'attempt_local743433704_0026_m_000000_0' to file:/home/alex/Repositories/hive/hcatalog/hcatalog-pig-adapter/target/tmp/HCatBaseTest_1714550635613/pig/temp/temp1422306014/tmp-916507696
2024-05-01T01:04:11,279  INFO [LocalJobRunner Map Task Executor #0] mapred.LocalJobRunner: map
2024-05-01T01:04:11,279  INFO [LocalJobRunner Map Task Executor #0] mapred.Task: Task 'attempt_local743433704_0026_m_000000_0' done.
2024-05-01T01:04:11,279  INFO [LocalJobRunner Map Task Executor #0] mapred.Task: Final Counters for attempt_local743433704_0026_m_000000_0: Counters: 15
	File System Counters
		FILE: Number of bytes read=80136
		FILE: Number of bytes written=14801278
		FILE: Number of read operations=0
		FILE: Number of large read operations=0
		FILE: Number of write operations=0
	Map-Reduce Framework
		Map input records=11
		Map output records=11
		Input split bytes=2320
		Spilled Records=0
		Failed Shuffles=0
		Merged Map outputs=0
		GC time elapsed (ms)=0
		Total committed heap usage (bytes)=1008205824
	File Input Format Counters 
		Bytes Read=0
	File Output Format Counters 
		Bytes Written=0
2024-05-01T01:04:11,279  INFO [LocalJobRunner Map Task Executor #0] mapred.LocalJobRunner: Finishing task: attempt_local743433704_0026_m_000000_0
2024-05-01T01:04:11,279  INFO [Thread-1311] mapred.LocalJobRunner: map task executor complete.
2024-05-01T01:04:11,439  INFO [main] mapReduceLayer.MapReduceLauncher: HadoopJobId: job_local743433704_0026
2024-05-01T01:04:11,439  INFO [main] mapReduceLayer.MapReduceLauncher: Processing aliases B
2024-05-01T01:04:11,439  INFO [main] mapReduceLayer.MapReduceLauncher: detailed locations: M: B[3,4] C:  R: 
2024-05-01T01:04:11,441  WARN [main] impl.MetricsSystemImpl: JobTracker metrics system already initialized!
2024-05-01T01:04:11,442  WARN [main] impl.MetricsSystemImpl: JobTracker metrics system already initialized!
2024-05-01T01:04:11,443  WARN [main] impl.MetricsSystemImpl: JobTracker metrics system already initialized!
2024-05-01T01:04:11,444  INFO [main] mapReduceLayer.MapReduceLauncher: 100% complete
2024-05-01T01:04:11,444  INFO [main] mapreduce.SimplePigStats: Script Statistics: 

HadoopVersion	PigVersion	UserId	StartedAt	FinishedAt	Features
3.1.0	0.16.0	alex	2024-05-01 01:04:11	2024-05-01 01:04:11	UNKNOWN

Success!

Job Stats (time in seconds):
JobId	Maps	Reduces	MaxMapTime	MinMapTime	AvgMapTime	MedianMapTime	MaxReduceTime	MinReduceTime	AvgReduceTime	MedianReducetime	Alias	Feature	Outputs
job_local743433704_0026	1	0	n/a	n/a	n/a	n/a	0	0	0	0	B	MAP_ONLY	file:/home/alex/Repositories/hive/hcatalog/hcatalog-pig-adapter/target/tmp/HCatBaseTest_1714550635613/pig/temp/temp1422306014/tmp-916507696,

Input(s):
Successfully read 11 records from: "default.junit_unparted"

Output(s):
Successfully stored 11 records in: "file:/home/alex/Repositories/hive/hcatalog/hcatalog-pig-adapter/target/tmp/HCatBaseTest_1714550635613/pig/temp/temp1422306014/tmp-916507696"

Counters:
Total records written : 11
Total bytes written : 0
Spillable Memory Manager spill count : 0
Total bags proactively spilled: 0
Total records proactively spilled: 0

Job DAG:
job_local743433704_0026


2024-05-01T01:04:11,445  WARN [main] impl.MetricsSystemImpl: JobTracker metrics system already initialized!
2024-05-01T01:04:11,446  WARN [main] impl.MetricsSystemImpl: JobTracker metrics system already initialized!
2024-05-01T01:04:11,446  INFO [main] mapReduceLayer.MapReduceLauncher: Success!
2024-05-01T01:04:11,447  WARN [main] data.SchemaTupleBackend: SchemaTupleBackend has already been initialized
2024-05-01T01:04:11,454  INFO [main] input.FileInputFormat: Total input files to process : 1
2024-05-01T01:04:11,454  INFO [main] util.MapRedUtil: Total input paths to process : 1
2024-05-01T01:04:11,454  INFO [main] HiveMetaStore.audit: ugi=alex	ip=unknown-ip-addr	cmd=get_table : tbl=hive.default.junit_unparted	
2024-05-01T01:04:11,458  INFO [main] metastore.HMSHandler: Skipping translation for processor with null
]]></system-err>
  </testcase>
  <testcase name="testWriteChar" classname="org.apache.hive.hcatalog.pig.TestOrcHCatStorer" time="3.914"/>
  <testcase name="testWriteDate" classname="org.apache.hive.hcatalog.pig.TestOrcHCatStorer" time="5.509"/>
  <testcase name="testWriteSmallint" classname="org.apache.hive.hcatalog.pig.TestOrcHCatStorer" time="2.667"/>
  <testcase name="testDynamicPartitioningMultiPartColsNoDataInDataNoSpec" classname="org.apache.hive.hcatalog.pig.TestOrcHCatStorer" time="0.745"/>
  <testcase name="testWriteVarchar" classname="org.apache.hive.hcatalog.pig.TestOrcHCatStorer" time="3.845"/>
  <testcase name="testBagNStruct" classname="org.apache.hive.hcatalog.pig.TestOrcHCatStorer" time="0.951"/>
  <testcase name="testStaticPartitioningMultiPartCols" classname="org.apache.hive.hcatalog.pig.TestOrcHCatStorer" time="1.127"/>
  <testcase name="testPartColsInData" classname="org.apache.hive.hcatalog.pig.TestOrcHCatStorer" time="1.269"/>
  <testcase name="testStoreWithNoCtorArgs" classname="org.apache.hive.hcatalog.pig.TestOrcHCatStorer" time="1.048"/>
  <testcase name="testWriteDecimalX" classname="org.apache.hive.hcatalog.pig.TestOrcHCatStorer" time="2.648"/>
  <testcase name="testDateCharTypes" classname="org.apache.hive.hcatalog.pig.TestOrcHCatStorer" time="1.14"/>
  <testcase name="testPartitionPublish" classname="org.apache.hive.hcatalog.pig.TestOrcHCatStorer" time="0.559"/>
  <testcase name="testWriteDecimal" classname="org.apache.hive.hcatalog.pig.TestOrcHCatStorer" time="2.716"/>
  <testcase name="testMultiPartColsInData" classname="org.apache.hive.hcatalog.pig.TestOrcHCatStorer" time="1.531">
    <failure message="expected:&lt;1&gt; but was:&lt;5&gt;" type="java.lang.AssertionError"><![CDATA[java.lang.AssertionError: expected:<1> but was:<5>
	at org.junit.Assert.fail(Assert.java:89)
	at org.junit.Assert.failNotEquals(Assert.java:835)
	at org.junit.Assert.assertEquals(Assert.java:647)
	at org.junit.Assert.assertEquals(Assert.java:633)
	at org.apache.hive.hcatalog.pig.AbstractHCatStorerTest.testMultiPartColsInData(AbstractHCatStorerTest.java:491)
	at sun.reflect.NativeMethodAccessorImpl.invoke0(Native Method)
	at sun.reflect.NativeMethodAccessorImpl.invoke(NativeMethodAccessorImpl.java:62)
	at sun.reflect.DelegatingMethodAccessorImpl.invoke(DelegatingMethodAccessorImpl.java:43)
	at java.lang.reflect.Method.invoke(Method.java:498)
	at org.junit.runners.model.FrameworkMethod$1.runReflectiveCall(FrameworkMethod.java:59)
	at org.junit.internal.runners.model.ReflectiveCallable.run(ReflectiveCallable.java:12)
	at org.junit.runners.model.FrameworkMethod.invokeExplosively(FrameworkMethod.java:56)
	at org.junit.internal.runners.statements.InvokeMethod.evaluate(InvokeMethod.java:17)
	at org.junit.internal.runners.statements.RunBefores.evaluate(RunBefores.java:26)
	at org.junit.runners.ParentRunner$3.evaluate(ParentRunner.java:306)
	at org.junit.runners.BlockJUnit4ClassRunner$1.evaluate(BlockJUnit4ClassRunner.java:100)
	at org.junit.runners.ParentRunner.runLeaf(ParentRunner.java:366)
	at org.junit.runners.BlockJUnit4ClassRunner.runChild(BlockJUnit4ClassRunner.java:103)
	at org.junit.runners.BlockJUnit4ClassRunner.runChild(BlockJUnit4ClassRunner.java:63)
	at org.junit.runners.ParentRunner$4.run(ParentRunner.java:331)
	at org.junit.runners.ParentRunner$1.schedule(ParentRunner.java:79)
	at org.junit.runners.ParentRunner.runChildren(ParentRunner.java:329)
	at org.junit.runners.ParentRunner.access$100(ParentRunner.java:66)
	at org.junit.runners.ParentRunner$2.evaluate(ParentRunner.java:293)
	at org.junit.internal.runners.statements.RunBefores.evaluate(RunBefores.java:26)
	at org.junit.runners.ParentRunner$3.evaluate(ParentRunner.java:306)
	at org.junit.runners.ParentRunner.run(ParentRunner.java:413)
	at org.apache.maven.surefire.junit4.JUnit4Provider.execute(JUnit4Provider.java:365)
	at org.apache.maven.surefire.junit4.JUnit4Provider.executeWithRerun(JUnit4Provider.java:273)
	at org.apache.maven.surefire.junit4.JUnit4Provider.executeTestSet(JUnit4Provider.java:238)
	at org.apache.maven.surefire.junit4.JUnit4Provider.invoke(JUnit4Provider.java:159)
	at org.apache.maven.surefire.booter.ForkedBooter.runSuitesInProcess(ForkedBooter.java:377)
	at org.apache.maven.surefire.booter.ForkedBooter.execute(ForkedBooter.java:138)
	at org.apache.maven.surefire.booter.ForkedBooter.run(ForkedBooter.java:465)
	at org.apache.maven.surefire.booter.ForkedBooter.main(ForkedBooter.java:451)
]]></failure>
    <system-out><![CDATA[log4j: Could not find root logger information. Is this OK?
log4j: Finished configuring.
]]></system-out>
    <system-err><![CDATA[2024-05-01T01:04:39,646  WARN [main] conf.HiveConf: HiveConf of name hive.llap.io.cache.orc.size does not exist
2024-05-01T01:04:39,646  WARN [main] conf.HiveConf: HiveConf of name hive.dummyparam.test.server.specific.config.override does not exist
2024-05-01T01:04:39,646  WARN [main] conf.HiveConf: HiveConf of name hive.metastore.metadb.dir does not exist
2024-05-01T01:04:39,647  WARN [main] conf.HiveConf: HiveConf of name hive.llap.io.cache.orc.alloc.min does not exist
2024-05-01T01:04:39,647  WARN [main] conf.HiveConf: HiveConf of name hive.dummyparam.test.server.specific.config.hivesite does not exist
2024-05-01T01:04:39,647  WARN [main] conf.HiveConf: HiveConf of name hive.llap.io.cache.orc.alloc.max does not exist
2024-05-01T01:04:39,647  WARN [main] conf.HiveConf: HiveConf of name hive.metastore.client.cache.maxSize does not exist
2024-05-01T01:04:39,647  WARN [main] conf.HiveConf: HiveConf of name hive.dummyparam.test.server.specific.config.metastoresite does not exist
2024-05-01T01:04:39,647  WARN [main] conf.HiveConf: HiveConf of name hive.metastore.client.cache.recordStats does not exist
2024-05-01T01:04:39,647  WARN [main] conf.HiveConf: HiveConf of name hive.llap.io.cache.orc.arena.size does not exist
2024-05-01T01:04:39,647  WARN [main] conf.HiveConf: HiveConf of name hive.stats.key.prefix.reserve.length does not exist
2024-05-01T01:04:39,649  INFO [main] metastore.HiveMetaStoreClient: HMS client filtering is enabled.
2024-05-01T01:04:39,649  INFO [main] metastore.PersistenceManagerProvider: Configuration datanucleus.autoStartMechanismMode is not set. Defaulting to 'ignored'
2024-05-01T01:04:39,649  INFO [main] metastore.ObjectStore: RawStore: org.apache.hadoop.hive.metastore.ObjectStore@24c306bd, with PersistenceManager: org.datanucleus.api.jdo.JDOPersistenceManager@643c2a22 will be shutdown
2024-05-01T01:04:39,649  INFO [main] metastore.ObjectStore: RawStore: org.apache.hadoop.hive.metastore.ObjectStore@24c306bd, with PersistenceManager: org.datanucleus.api.jdo.JDOPersistenceManager@399a27c0 created in the thread with id: 1
2024-05-01T01:04:39,651  INFO [main] metastore.HMSHandler: HMS server filtering is disabled by configuration
Hive Session ID = 9860e757-e385-4ce1-b966-c4367437e938
2024-05-01T01:04:39,651  INFO [main] SessionState: Hive Session ID = 9860e757-e385-4ce1-b966-c4367437e938
ivysettings.xml file not found in HIVE_HOME or HIVE_CONF_DIR,file:/home/alex/.m2/repository/org/apache/pig/pig/0.16.0/pig-0.16.0-h2.jar!/ivysettings.xml will be used
2024-05-01T01:04:39,651  INFO [main] DependencyResolver: ivysettings.xml file not found in HIVE_HOME or HIVE_CONF_DIR,file:/home/alex/.m2/repository/org/apache/pig/pig/0.16.0/pig-0.16.0-h2.jar!/ivysettings.xml will be used
2024-05-01T01:04:39,657  INFO [main] session.SessionState: Created HDFS directory: /home/alex/Repositories/hive/hcatalog/hcatalog-pig-adapter/target/tmp/scratchdir/alex/9860e757-e385-4ce1-b966-c4367437e938
2024-05-01T01:04:39,660  INFO [main] session.SessionState: Created local directory: /home/alex/Repositories/hive/hcatalog/hcatalog-pig-adapter/target/tmp/localscratchdir/9860e757-e385-4ce1-b966-c4367437e938
2024-05-01T01:04:39,662  INFO [main] session.SessionState: Created HDFS directory: /home/alex/Repositories/hive/hcatalog/hcatalog-pig-adapter/target/tmp/scratchdir/alex/9860e757-e385-4ce1-b966-c4367437e938/_tmp_space.db
2024-05-01T01:04:39,663  INFO [main] ql.Driver: Compiling command(queryId=alex_20240501010439_2bcaf937-fa56-4a65-9c30-19e04672383e): drop table if exists employee
2024-05-01T01:04:39,664  INFO [main] HiveMetaStore.audit: ugi=alex	ip=unknown-ip-addr	cmd=get_table : tbl=hive.default.employee	
2024-05-01T01:04:39,664  INFO [main] ql.Driver: Semantic Analysis Completed (retrial = false)
2024-05-01T01:04:39,665  INFO [main] ql.Driver: Created Hive schema: Schema(fieldSchemas:null, properties:null)
2024-05-01T01:04:39,665  INFO [main] metadata.Hive: Dumping metastore api call timing information for : compilation phase
2024-05-01T01:04:39,665  INFO [main] metadata.Hive: Total time spent in each metastore function (ms): {isCompatibleWith_(Configuration)=0, flushCache_()=0}
2024-05-01T01:04:39,665  INFO [main] ql.Driver: Completed compiling command(queryId=alex_20240501010439_2bcaf937-fa56-4a65-9c30-19e04672383e); Time taken: 0.002 seconds
2024-05-01T01:04:39,665  INFO [main] reexec.ReExecDriver: Execution #1 of query
2024-05-01T01:04:39,665  INFO [main] ql.Driver: Concurrency mode is disabled, not creating a lock manager
2024-05-01T01:04:39,665  INFO [main] ql.Driver: Executing command(queryId=alex_20240501010439_2bcaf937-fa56-4a65-9c30-19e04672383e): drop table if exists employee
2024-05-01T01:04:39,665  INFO [main] ql.Driver: Starting task [Stage-0:DDL] in serial mode
2024-05-01T01:04:39,665  INFO [main] HiveMetaStore.audit: ugi=alex	ip=unknown-ip-addr	cmd=get_table : tbl=hive.default.employee	
2024-05-01T01:04:39,666  INFO [main] metadata.Hive: Dumping metastore api call timing information for : execution phase
2024-05-01T01:04:39,666  INFO [main] metadata.Hive: Total time spent in each metastore function (ms): {isCompatibleWith_(Configuration)=0}
2024-05-01T01:04:39,666  INFO [main] ql.Driver: Completed executing command(queryId=alex_20240501010439_2bcaf937-fa56-4a65-9c30-19e04672383e); Time taken: 0.001 seconds
2024-05-01T01:04:39,667  INFO [main] ql.Driver: Compiling command(queryId=alex_20240501010439_2bcaf937-fa56-4a65-9c30-19e04672383e): use default
2024-05-01T01:04:39,667  INFO [main] HiveMetaStore.audit: ugi=alex	ip=unknown-ip-addr	cmd=get_database: default	
2024-05-01T01:04:39,668  INFO [main] ql.Driver: Semantic Analysis Completed (retrial = false)
2024-05-01T01:04:39,668  INFO [main] ql.Driver: Created Hive schema: Schema(fieldSchemas:null, properties:null)
2024-05-01T01:04:39,668  INFO [main] metadata.Hive: Dumping metastore api call timing information for : compilation phase
2024-05-01T01:04:39,668  INFO [main] metadata.Hive: Total time spent in each metastore function (ms): {isCompatibleWith_(Configuration)=0, getDatabase_(String)=1, flushCache_()=0}
2024-05-01T01:04:39,668  INFO [main] ql.Driver: Completed compiling command(queryId=alex_20240501010439_2bcaf937-fa56-4a65-9c30-19e04672383e); Time taken: 0.001 seconds
2024-05-01T01:04:39,668  INFO [main] reexec.ReExecDriver: Execution #1 of query
2024-05-01T01:04:39,668  INFO [main] ql.Driver: Concurrency mode is disabled, not creating a lock manager
2024-05-01T01:04:39,668  INFO [main] ql.Driver: Executing command(queryId=alex_20240501010439_2bcaf937-fa56-4a65-9c30-19e04672383e): use default
2024-05-01T01:04:39,668  INFO [main] ql.Driver: Starting task [Stage-0:DDL] in serial mode
2024-05-01T01:04:39,669  INFO [main] HiveMetaStore.audit: ugi=alex	ip=unknown-ip-addr	cmd=get_database: default	
2024-05-01T01:04:39,669  INFO [main] HiveMetaStore.audit: ugi=alex	ip=unknown-ip-addr	cmd=get_database: default	
2024-05-01T01:04:39,669  INFO [main] metadata.Hive: Dumping metastore api call timing information for : execution phase
2024-05-01T01:04:39,669  INFO [main] metadata.Hive: Total time spent in each metastore function (ms): {isCompatibleWith_(Configuration)=0, getDatabase_(String)=1}
2024-05-01T01:04:39,669  INFO [main] ql.Driver: Completed executing command(queryId=alex_20240501010439_2bcaf937-fa56-4a65-9c30-19e04672383e); Time taken: 0.001 seconds
2024-05-01T01:04:39,670  INFO [main] ql.Driver: Compiling command(queryId=alex_20240501010439_2bcaf937-fa56-4a65-9c30-19e04672383e): create table employee(emp_id INT, emp_name STRING, emp_start_date STRING , emp_gender STRING) partitioned by (emp_country STRING , emp_state STRING) stored as ORCFILE TBLPROPERTIES ('transactional'='false')
2024-05-01T01:04:39,671  INFO [main] parse.CalcitePlanner: Starting caching scope for: alex_20240501010439_2bcaf937-fa56-4a65-9c30-19e04672383e
2024-05-01T01:04:39,671  INFO [main] parse.CalcitePlanner: Starting Semantic Analysis
2024-05-01T01:04:39,671  INFO [main] sqlstd.SQLStdHiveAccessController: Created SQLStdHiveAccessController for session context : HiveAuthzSessionContext [sessionString=9860e757-e385-4ce1-b966-c4367437e938, clientType=HIVECLI]
2024-05-01T01:04:39,671  INFO [main] metastore.HiveMetaStoreClient: Mestastore configuration metastore.filter.hook changed from org.apache.hadoop.hive.metastore.DefaultMetaStoreFilterHookImpl to org.apache.hadoop.hive.ql.security.authorization.plugin.AuthorizationMetaStoreFilterHook
2024-05-01T01:04:39,671  INFO [main] HiveMetaStore.audit: ugi=alex	ip=unknown-ip-addr	cmd=Cleaning up thread local RawStore...	
2024-05-01T01:04:39,671  INFO [main] metastore.ObjectStore: RawStore: org.apache.hadoop.hive.metastore.ObjectStore@24c306bd, with PersistenceManager: org.datanucleus.api.jdo.JDOPersistenceManager@399a27c0 will be shutdown
2024-05-01T01:04:39,671  INFO [main] HiveMetaStore.audit: ugi=alex	ip=unknown-ip-addr	cmd=Done cleaning up thread local RawStore	
2024-05-01T01:04:39,671  INFO [main] metastore.HiveMetaStoreClient: Closed a connection to metastore, current connections: -92
2024-05-01T01:04:39,672  INFO [main] metastore.HiveMetaStoreClient: HMS client filtering is enabled.
2024-05-01T01:04:39,673  INFO [main] metastore.HMSHandler: 0: Opening raw store with implementation class:org.apache.hadoop.hive.metastore.ObjectStore
2024-05-01T01:04:39,673  INFO [main] metastore.PersistenceManagerProvider: Configuration datanucleus.autoStartMechanismMode is not set. Defaulting to 'ignored'
2024-05-01T01:04:39,673  INFO [main] metastore.ObjectStore: RawStore: org.apache.hadoop.hive.metastore.ObjectStore@2e25dbe5, with PersistenceManager: null will be shutdown
2024-05-01T01:04:39,673  INFO [main] metastore.ObjectStore: RawStore: org.apache.hadoop.hive.metastore.ObjectStore@2e25dbe5, with PersistenceManager: org.datanucleus.api.jdo.JDOPersistenceManager@3a4f9868 created in the thread with id: 1
2024-05-01T01:04:39,675  INFO [main] metastore.HMSHandler: Created RawStore: org.apache.hadoop.hive.metastore.ObjectStore@2e25dbe5 from thread id: 1
2024-05-01T01:04:39,675  INFO [main] metastore.HMSHandler: HMS server filtering is disabled by configuration
2024-05-01T01:04:39,675  INFO [main] metastore.RetryingMetaStoreClient: RetryingMetaStoreClient proxy=class org.apache.hadoop.hive.ql.metadata.SessionHiveMetaStoreClient ugi=alex (auth:SIMPLE) retries=1 delay=1 lifetime=0
2024-05-01T01:04:39,675  INFO [main] parse.CalcitePlanner: Creating table default.employee position=13
2024-05-01T01:04:39,676  INFO [main] metastore.HiveMetaStoreClient: HMS client filtering is enabled.
2024-05-01T01:04:39,676  INFO [main] metastore.PersistenceManagerProvider: Configuration datanucleus.autoStartMechanismMode is not set. Defaulting to 'ignored'
2024-05-01T01:04:39,676  INFO [main] metastore.ObjectStore: RawStore: org.apache.hadoop.hive.metastore.ObjectStore@2e25dbe5, with PersistenceManager: org.datanucleus.api.jdo.JDOPersistenceManager@3a4f9868 will be shutdown
2024-05-01T01:04:39,676  INFO [main] metastore.ObjectStore: RawStore: org.apache.hadoop.hive.metastore.ObjectStore@2e25dbe5, with PersistenceManager: org.datanucleus.api.jdo.JDOPersistenceManager@77e42d31 created in the thread with id: 1
2024-05-01T01:04:39,678  INFO [main] metastore.HMSHandler: HMS server filtering is disabled by configuration
2024-05-01T01:04:39,678  INFO [main] metastore.RetryingMetaStoreClient: RetryingMetaStoreClient proxy=class org.apache.hadoop.hive.ql.metadata.SessionHiveMetaStoreClient ugi=alex (auth:SIMPLE) retries=1 delay=1 lifetime=0
2024-05-01T01:04:39,678  INFO [main] HiveMetaStore.audit: ugi=alex	ip=unknown-ip-addr	cmd=get_database: default	
2024-05-01T01:04:39,679  INFO [main] parse.CalcitePlanner: Ending caching scope for: alex_20240501010439_2bcaf937-fa56-4a65-9c30-19e04672383e
2024-05-01T01:04:39,679  INFO [main] ql.Driver: Semantic Analysis Completed (retrial = false)
2024-05-01T01:04:39,679  INFO [main] ql.Driver: Created Hive schema: Schema(fieldSchemas:null, properties:null)
2024-05-01T01:04:39,679  INFO [main] metadata.Hive: Dumping metastore api call timing information for : compilation phase
2024-05-01T01:04:39,679  INFO [main] metadata.Hive: Total time spent in each metastore function (ms): {}
2024-05-01T01:04:39,679  INFO [main] ql.Driver: Completed compiling command(queryId=alex_20240501010439_2bcaf937-fa56-4a65-9c30-19e04672383e); Time taken: 0.009 seconds
2024-05-01T01:04:39,679  INFO [main] reexec.ReExecDriver: Execution #1 of query
2024-05-01T01:04:39,679  INFO [main] ql.Driver: Concurrency mode is disabled, not creating a lock manager
2024-05-01T01:04:39,679  INFO [main] ql.Driver: Executing command(queryId=alex_20240501010439_2bcaf937-fa56-4a65-9c30-19e04672383e): create table employee(emp_id INT, emp_name STRING, emp_start_date STRING , emp_gender STRING) partitioned by (emp_country STRING , emp_state STRING) stored as ORCFILE TBLPROPERTIES ('transactional'='false')
2024-05-01T01:04:39,679  INFO [main] ql.Driver: Starting task [Stage-0:DDL] in serial mode
2024-05-01T01:04:39,679  INFO [main] metastore.HiveMetaStoreClient: Mestastore configuration metastore.filter.hook changed from org.apache.hadoop.hive.ql.security.authorization.plugin.AuthorizationMetaStoreFilterHook to org.apache.hadoop.hive.metastore.DefaultMetaStoreFilterHookImpl
2024-05-01T01:04:39,680  INFO [main] HiveMetaStore.audit: ugi=alex	ip=unknown-ip-addr	cmd=Cleaning up thread local RawStore...	
2024-05-01T01:04:39,680  INFO [main] metastore.ObjectStore: RawStore: org.apache.hadoop.hive.metastore.ObjectStore@2e25dbe5, with PersistenceManager: org.datanucleus.api.jdo.JDOPersistenceManager@77e42d31 will be shutdown
2024-05-01T01:04:39,680  INFO [main] HiveMetaStore.audit: ugi=alex	ip=unknown-ip-addr	cmd=Done cleaning up thread local RawStore	
2024-05-01T01:04:39,680  INFO [main] metastore.HiveMetaStoreClient: Closed a connection to metastore, current connections: -93
2024-05-01T01:04:39,681  INFO [main] metastore.HiveMetaStoreClient: HMS client filtering is enabled.
2024-05-01T01:04:39,681  INFO [main] metastore.HMSHandler: 0: Opening raw store with implementation class:org.apache.hadoop.hive.metastore.ObjectStore
2024-05-01T01:04:39,681  INFO [main] metastore.PersistenceManagerProvider: Configuration datanucleus.autoStartMechanismMode is not set. Defaulting to 'ignored'
2024-05-01T01:04:39,682  INFO [main] metastore.ObjectStore: RawStore: org.apache.hadoop.hive.metastore.ObjectStore@4fe9f4ca, with PersistenceManager: null will be shutdown
2024-05-01T01:04:39,682  INFO [main] metastore.ObjectStore: RawStore: org.apache.hadoop.hive.metastore.ObjectStore@4fe9f4ca, with PersistenceManager: org.datanucleus.api.jdo.JDOPersistenceManager@6d5bdc65 created in the thread with id: 1
2024-05-01T01:04:39,683  INFO [main] metastore.HMSHandler: Created RawStore: org.apache.hadoop.hive.metastore.ObjectStore@4fe9f4ca from thread id: 1
2024-05-01T01:04:39,683  INFO [main] metastore.HMSHandler: HMS server filtering is disabled by configuration
2024-05-01T01:04:39,683  INFO [main] metastore.RetryingMetaStoreClient: RetryingMetaStoreClient proxy=class org.apache.hadoop.hive.ql.metadata.SessionHiveMetaStoreClient ugi=alex (auth:SIMPLE) retries=1 delay=1 lifetime=0
2024-05-01T01:04:39,683  INFO [main] HiveMetaStore.audit: ugi=alex	ip=unknown-ip-addr	cmd=create_table_req: Table(tableName:employee, dbName:default, owner:alex, createTime:1714550679, lastAccessTime:0, retention:0, sd:StorageDescriptor(cols:[FieldSchema(name:emp_id, type:int, comment:null), FieldSchema(name:emp_name, type:string, comment:null), FieldSchema(name:emp_start_date, type:string, comment:null), FieldSchema(name:emp_gender, type:string, comment:null)], location:null, inputFormat:org.apache.hadoop.hive.ql.io.orc.OrcInputFormat, outputFormat:org.apache.hadoop.hive.ql.io.orc.OrcOutputFormat, compressed:false, numBuckets:-1, serdeInfo:SerDeInfo(name:null, serializationLib:org.apache.hadoop.hive.ql.io.orc.OrcSerde, parameters:{serialization.format=1}), bucketCols:[], sortCols:[], parameters:{}, skewedInfo:SkewedInfo(skewedColNames:[], skewedColValues:[], skewedColValueLocationMaps:{}), storedAsSubDirectories:false), partitionKeys:[FieldSchema(name:emp_country, type:string, comment:null), FieldSchema(name:emp_state, type:string, comment:null)], parameters:{bucketing_version=2, transactional=false}, viewOriginalText:null, viewExpandedText:null, tableType:MANAGED_TABLE, privileges:PrincipalPrivilegeSet(userPrivileges:{alex=[PrivilegeGrantInfo(privilege:INSERT, createTime:-1, grantor:alex, grantorType:USER, grantOption:true), PrivilegeGrantInfo(privilege:SELECT, createTime:-1, grantor:alex, grantorType:USER, grantOption:true), PrivilegeGrantInfo(privilege:UPDATE, createTime:-1, grantor:alex, grantorType:USER, grantOption:true), PrivilegeGrantInfo(privilege:DELETE, createTime:-1, grantor:alex, grantorType:USER, grantOption:true)]}, groupPrivileges:null, rolePrivileges:null), temporary:false, catName:hive, ownerType:USER)	
2024-05-01T01:04:39,685  INFO [main] utils.FileUtils: Creating directory if it doesn't exist: file:/home/alex/Repositories/hive/hcatalog/hcatalog-pig-adapter/build/test/data/org.apache.hive.hcatalog.mapreduce.HCatBaseTest-1714550620829/warehouse/employee
2024-05-01T01:04:39,694  INFO [main] metadata.Hive: Dumping metastore api call timing information for : execution phase
2024-05-01T01:04:39,694  INFO [main] metadata.Hive: Total time spent in each metastore function (ms): {createTable_(Table)=10}
2024-05-01T01:04:39,694  INFO [main] ql.Driver: Completed executing command(queryId=alex_20240501010439_2bcaf937-fa56-4a65-9c30-19e04672383e); Time taken: 0.015 seconds
2024-05-01T01:04:39,714  INFO [main] executionengine.HExecutionEngine: Connecting to hadoop file system at: file:///
2024-05-01T01:04:39,715  INFO [main] pig.PigServer: Pig Script ID for the session: PIG-default-000b3290-657e-4046-b6ed-19fb445e3b31
2024-05-01T01:04:39,811  WARN [main] conf.HiveConf: HiveConf of name hive.llap.io.cache.orc.size does not exist
2024-05-01T01:04:39,811  WARN [main] conf.HiveConf: HiveConf of name hive.dummyparam.test.server.specific.config.override does not exist
2024-05-01T01:04:39,811  WARN [main] conf.HiveConf: HiveConf of name hive.metastore.metadb.dir does not exist
2024-05-01T01:04:39,811  WARN [main] conf.HiveConf: HiveConf of name hive.llap.io.cache.orc.alloc.min does not exist
2024-05-01T01:04:39,811  WARN [main] conf.HiveConf: HiveConf of name hive.dummyparam.test.server.specific.config.hivesite does not exist
2024-05-01T01:04:39,811  WARN [main] conf.HiveConf: HiveConf of name hive.llap.io.cache.orc.alloc.max does not exist
2024-05-01T01:04:39,811  WARN [main] conf.HiveConf: HiveConf of name hive.metastore.client.cache.maxSize does not exist
2024-05-01T01:04:39,811  WARN [main] conf.HiveConf: HiveConf of name hive.dummyparam.test.server.specific.config.metastoresite does not exist
2024-05-01T01:04:39,811  WARN [main] conf.HiveConf: HiveConf of name hive.metastore.client.cache.recordStats does not exist
2024-05-01T01:04:39,812  WARN [main] conf.HiveConf: HiveConf of name hive.llap.io.cache.orc.arena.size does not exist
2024-05-01T01:04:39,812  WARN [main] conf.HiveConf: HiveConf of name hive.stats.key.prefix.reserve.length does not exist
2024-05-01T01:04:39,812  INFO [main] common.HCatUtil: mapreduce.lib.hcatoutput.hive.conf not set. Generating configuration differences.
2024-05-01T01:04:39,812  INFO [main] common.HCatUtil: Configuration differences={datanucleus.connectionPool.maxPoolSize=4, hive.llap.io.cache.orc.alloc.max=2097152, javax.jdo.option.ConnectionUserName=APP, test.property1=value1, hive.stats.column.autogather=true, hive.query.results.cache.enabled=false, fs.pfile.impl=org.apache.hadoop.fs.ProxyLocalFileSystem, hive.querylog.location=${test.tmp.dir}/tmp, hive.metastore.rawstore.impl=org.apache.hadoop.hive.metastore.ObjectStore, hive.llap.io.use.lrfu=true, javax.jdo.option.ConnectionPassword=mine, hive.jar.path=${maven.local.repository}/org/apache/hive/hive-exec/${hive.version}/hive-exec-${hive.version}.jar, hive.default.rcfile.serde=org.apache.hadoop.hive.serde2.columnar.ColumnarSerDe, datanucleus.schema.autoCreateAll=true, test.data.scripts=${hive.root}/data/scripts, hive.users.in.admin.role=hive_admin_user, hive.llap.io.cache.orc.size=8388608, test.var.hiveconf.property=${hive.exec.default.partition.name}, hive.dummyparam.test.server.specific.config.hivesite=from.hive-site.xml, hive.exec.mode.local.auto=false, hive.materializedview.rewriting=true, hive.dummyparam.test.server.specific.config.override=from.hive-site.xml, hive.fetch.task.conversion=minimal, hive.metastore.metadb.dir=file://${test.tmp.dir}/metadb/, hive.conf.restricted.list=dummy.config.value, hive.server2.operation.log.purgePolicy.timeToLive=5s, hive.query.reexecution.stats.persist.scope=query, hive.cbo.fallback.strategy=TEST, hive.input.format=org.apache.hadoop.hive.ql.io.CombineHiveInputFormat, hive.security.authorization.manager=org.apache.hadoop.hive.ql.security.authorization.plugin.sqlstd.SQLStdHiveAuthorizerFactoryForTest, test.data.files=${hive.root}/data/files, hive.metastore.client.cache.enabled=true, hive.stats.key.prefix.reserve.length=0, hive.exec.local.scratchdir=${test.tmp.dir}/localscratchdir/, hive.exec.submit.local.task.via.child=false, hive.auto.convert.join=false, hive.llap.io.cache.orc.alloc.min=32768, hive.stats.fetch.bitvector=true, hive.llap.io.allocator.direct=false, hive.metastore.schema.verification=false, javax.jdo.option.ConnectionDriverName=org.apache.derby.jdbc.EmbeddedDriver, hive.support.concurrency=true, hive.in.test=true, hive.metastore.warehouse.dir=${test.warehouse.dir}, hive.llap.io.cache.orc.arena.size=8388608, hive.exec.scratchdir=${test.tmp.dir}/scratchdir, test.log.dir=${test.tmp.dir}/log/, hive.exec.post.hooks=org.apache.hadoop.hive.ql.hooks.PostExecutePrinter, javax.jdo.option.ConnectionURL=jdbc:derby:memory:${test.tmp.dir}/junit_metastore_db;create=true, hive.llap.cache.allow.synthetic.fileid=true, hive.scheduled.queries.executor.enabled=false, hive.ignore.mapjoin.hint=false, hive.metastore.client.cache.maxSize=10Mb, hive.metastore.client.cache.recordStats=true, hive.mapjoin.max.gc.time.percentage=0.99, hive.test.dummystats.aggregator=value2, hive.exec.pre.hooks=org.apache.hadoop.hive.ql.hooks.PreExecutePrinter, org.apache.hadoop.hive.ql.hooks.EnforceReadOnlyTables, org.apache.hadoop.hive.ql.hooks.MaterializedViewRegistryPropertiesHook, iceberg.hive.keep.stats=true, hive.strict.timestamp.conversion=false}
2024-05-01T01:04:39,813  INFO [main] HiveMetaStore.audit: ugi=alex	ip=unknown-ip-addr	cmd=get_databases: @hive#NonExistentDatabaseUsedForHealthCheck	
2024-05-01T01:04:39,814  INFO [main] HiveMetaStore.audit: ugi=alex	ip=unknown-ip-addr	cmd=get_table : tbl=hive.default.employee	
2024-05-01T01:04:39,817  INFO [main] metastore.HMSHandler: Skipping translation for processor with null
2024-05-01T01:04:39,835  WARN [main] conf.HiveConf: HiveConf of name hive.llap.io.cache.orc.size does not exist
2024-05-01T01:04:39,835  WARN [main] conf.HiveConf: HiveConf of name hive.dummyparam.test.server.specific.config.override does not exist
2024-05-01T01:04:39,835  WARN [main] conf.HiveConf: HiveConf of name hive.metastore.metadb.dir does not exist
2024-05-01T01:04:39,835  WARN [main] conf.HiveConf: HiveConf of name hive.llap.io.cache.orc.alloc.min does not exist
2024-05-01T01:04:39,835  WARN [main] conf.HiveConf: HiveConf of name hive.dummyparam.test.server.specific.config.hivesite does not exist
2024-05-01T01:04:39,835  WARN [main] conf.HiveConf: HiveConf of name hive.llap.io.cache.orc.alloc.max does not exist
2024-05-01T01:04:39,835  WARN [main] conf.HiveConf: HiveConf of name hive.metastore.client.cache.maxSize does not exist
2024-05-01T01:04:39,835  WARN [main] conf.HiveConf: HiveConf of name hive.dummyparam.test.server.specific.config.metastoresite does not exist
2024-05-01T01:04:39,835  WARN [main] conf.HiveConf: HiveConf of name hive.metastore.client.cache.recordStats does not exist
2024-05-01T01:04:39,835  WARN [main] conf.HiveConf: HiveConf of name hive.llap.io.cache.orc.arena.size does not exist
2024-05-01T01:04:39,836  WARN [main] conf.HiveConf: HiveConf of name hive.stats.key.prefix.reserve.length does not exist
2024-05-01T01:04:39,836  INFO [main] common.HCatUtil: mapreduce.lib.hcatoutput.hive.conf is set. Applying configuration differences.
2024-05-01T01:04:39,836  INFO [main] HiveMetaStore.audit: ugi=alex	ip=unknown-ip-addr	cmd=get_databases: @hive#NonExistentDatabaseUsedForHealthCheck	
2024-05-01T01:04:39,851  WARN [main] conf.HiveConf: HiveConf of name hive.llap.io.cache.orc.size does not exist
2024-05-01T01:04:39,851  WARN [main] conf.HiveConf: HiveConf of name hive.dummyparam.test.server.specific.config.override does not exist
2024-05-01T01:04:39,851  WARN [main] conf.HiveConf: HiveConf of name hive.metastore.metadb.dir does not exist
2024-05-01T01:04:39,851  WARN [main] conf.HiveConf: HiveConf of name hive.llap.io.cache.orc.alloc.min does not exist
2024-05-01T01:04:39,851  WARN [main] conf.HiveConf: HiveConf of name hive.dummyparam.test.server.specific.config.hivesite does not exist
2024-05-01T01:04:39,851  WARN [main] conf.HiveConf: HiveConf of name hive.llap.io.cache.orc.alloc.max does not exist
2024-05-01T01:04:39,851  WARN [main] conf.HiveConf: HiveConf of name hive.metastore.client.cache.maxSize does not exist
2024-05-01T01:04:39,851  WARN [main] conf.HiveConf: HiveConf of name hive.dummyparam.test.server.specific.config.metastoresite does not exist
2024-05-01T01:04:39,851  WARN [main] conf.HiveConf: HiveConf of name hive.metastore.client.cache.recordStats does not exist
2024-05-01T01:04:39,851  WARN [main] conf.HiveConf: HiveConf of name hive.llap.io.cache.orc.arena.size does not exist
2024-05-01T01:04:39,851  WARN [main] conf.HiveConf: HiveConf of name hive.stats.key.prefix.reserve.length does not exist
2024-05-01T01:04:39,851  INFO [main] common.HCatUtil: mapreduce.lib.hcatoutput.hive.conf not set. Generating configuration differences.
2024-05-01T01:04:39,852  INFO [main] common.HCatUtil: Configuration differences={datanucleus.connectionPool.maxPoolSize=4, hive.llap.io.cache.orc.alloc.max=2097152, javax.jdo.option.ConnectionUserName=APP, test.property1=value1, hive.stats.column.autogather=true, hive.query.results.cache.enabled=false, fs.pfile.impl=org.apache.hadoop.fs.ProxyLocalFileSystem, hive.querylog.location=${test.tmp.dir}/tmp, hive.metastore.rawstore.impl=org.apache.hadoop.hive.metastore.ObjectStore, hive.llap.io.use.lrfu=true, javax.jdo.option.ConnectionPassword=mine, hive.jar.path=${maven.local.repository}/org/apache/hive/hive-exec/${hive.version}/hive-exec-${hive.version}.jar, hive.default.rcfile.serde=org.apache.hadoop.hive.serde2.columnar.ColumnarSerDe, datanucleus.schema.autoCreateAll=true, test.data.scripts=${hive.root}/data/scripts, hive.users.in.admin.role=hive_admin_user, hive.llap.io.cache.orc.size=8388608, test.var.hiveconf.property=${hive.exec.default.partition.name}, hive.dummyparam.test.server.specific.config.hivesite=from.hive-site.xml, hive.exec.mode.local.auto=false, hive.materializedview.rewriting=true, hive.dummyparam.test.server.specific.config.override=from.hive-site.xml, hive.fetch.task.conversion=minimal, hive.metastore.metadb.dir=file://${test.tmp.dir}/metadb/, hive.conf.restricted.list=dummy.config.value, hive.server2.operation.log.purgePolicy.timeToLive=5s, hive.query.reexecution.stats.persist.scope=query, hive.cbo.fallback.strategy=TEST, hive.input.format=org.apache.hadoop.hive.ql.io.CombineHiveInputFormat, hive.security.authorization.manager=org.apache.hadoop.hive.ql.security.authorization.plugin.sqlstd.SQLStdHiveAuthorizerFactoryForTest, test.data.files=${hive.root}/data/files, hive.metastore.client.cache.enabled=true, hive.stats.key.prefix.reserve.length=0, hive.exec.local.scratchdir=${test.tmp.dir}/localscratchdir/, hive.exec.submit.local.task.via.child=false, hive.auto.convert.join=false, hive.llap.io.cache.orc.alloc.min=32768, hive.stats.fetch.bitvector=true, hive.llap.io.allocator.direct=false, hive.metastore.schema.verification=false, javax.jdo.option.ConnectionDriverName=org.apache.derby.jdbc.EmbeddedDriver, hive.support.concurrency=true, hive.in.test=true, hive.metastore.warehouse.dir=${test.warehouse.dir}, hive.llap.io.cache.orc.arena.size=8388608, hive.exec.scratchdir=${test.tmp.dir}/scratchdir, test.log.dir=${test.tmp.dir}/log/, hive.exec.post.hooks=org.apache.hadoop.hive.ql.hooks.PostExecutePrinter, javax.jdo.option.ConnectionURL=jdbc:derby:memory:${test.tmp.dir}/junit_metastore_db;create=true, hive.llap.cache.allow.synthetic.fileid=true, hive.scheduled.queries.executor.enabled=false, hive.ignore.mapjoin.hint=false, hive.metastore.client.cache.maxSize=10Mb, hive.metastore.client.cache.recordStats=true, hive.mapjoin.max.gc.time.percentage=0.99, hive.test.dummystats.aggregator=value2, hive.exec.pre.hooks=org.apache.hadoop.hive.ql.hooks.PreExecutePrinter, org.apache.hadoop.hive.ql.hooks.EnforceReadOnlyTables, org.apache.hadoop.hive.ql.hooks.MaterializedViewRegistryPropertiesHook, iceberg.hive.keep.stats=true, hive.strict.timestamp.conversion=false}
2024-05-01T01:04:39,854  INFO [main] HiveMetaStore.audit: ugi=alex	ip=unknown-ip-addr	cmd=get_databases: @hive#NonExistentDatabaseUsedForHealthCheck	
2024-05-01T01:04:39,855  INFO [main] HiveMetaStore.audit: ugi=alex	ip=unknown-ip-addr	cmd=get_table : tbl=hive.default.employee	
2024-05-01T01:04:39,858  INFO [main] metastore.HMSHandler: Skipping translation for processor with null
2024-05-01T01:04:39,883  WARN [main] conf.HiveConf: HiveConf of name hive.llap.io.cache.orc.size does not exist
2024-05-01T01:04:39,883  WARN [main] conf.HiveConf: HiveConf of name hive.dummyparam.test.server.specific.config.override does not exist
2024-05-01T01:04:39,883  WARN [main] conf.HiveConf: HiveConf of name hive.metastore.metadb.dir does not exist
2024-05-01T01:04:39,883  WARN [main] conf.HiveConf: HiveConf of name hive.llap.io.cache.orc.alloc.min does not exist
2024-05-01T01:04:39,883  WARN [main] conf.HiveConf: HiveConf of name hive.dummyparam.test.server.specific.config.hivesite does not exist
2024-05-01T01:04:39,883  WARN [main] conf.HiveConf: HiveConf of name hive.llap.io.cache.orc.alloc.max does not exist
2024-05-01T01:04:39,883  WARN [main] conf.HiveConf: HiveConf of name hive.metastore.client.cache.maxSize does not exist
2024-05-01T01:04:39,883  WARN [main] conf.HiveConf: HiveConf of name hive.dummyparam.test.server.specific.config.metastoresite does not exist
2024-05-01T01:04:39,883  WARN [main] conf.HiveConf: HiveConf of name hive.metastore.client.cache.recordStats does not exist
2024-05-01T01:04:39,883  WARN [main] conf.HiveConf: HiveConf of name hive.llap.io.cache.orc.arena.size does not exist
2024-05-01T01:04:39,884  WARN [main] conf.HiveConf: HiveConf of name hive.stats.key.prefix.reserve.length does not exist
2024-05-01T01:04:39,884  INFO [main] common.HCatUtil: mapreduce.lib.hcatoutput.hive.conf is set. Applying configuration differences.
2024-05-01T01:04:39,884  INFO [main] HiveMetaStore.audit: ugi=alex	ip=unknown-ip-addr	cmd=get_databases: @hive#NonExistentDatabaseUsedForHealthCheck	
2024-05-01T01:04:39,899  WARN [main] conf.HiveConf: HiveConf of name hive.llap.io.cache.orc.size does not exist
2024-05-01T01:04:39,899  WARN [main] conf.HiveConf: HiveConf of name hive.dummyparam.test.server.specific.config.override does not exist
2024-05-01T01:04:39,899  WARN [main] conf.HiveConf: HiveConf of name hive.metastore.metadb.dir does not exist
2024-05-01T01:04:39,899  WARN [main] conf.HiveConf: HiveConf of name hive.llap.io.cache.orc.alloc.min does not exist
2024-05-01T01:04:39,899  WARN [main] conf.HiveConf: HiveConf of name hive.dummyparam.test.server.specific.config.hivesite does not exist
2024-05-01T01:04:39,899  WARN [main] conf.HiveConf: HiveConf of name hive.llap.io.cache.orc.alloc.max does not exist
2024-05-01T01:04:39,899  WARN [main] conf.HiveConf: HiveConf of name hive.metastore.client.cache.maxSize does not exist
2024-05-01T01:04:39,899  WARN [main] conf.HiveConf: HiveConf of name hive.dummyparam.test.server.specific.config.metastoresite does not exist
2024-05-01T01:04:39,899  WARN [main] conf.HiveConf: HiveConf of name hive.metastore.client.cache.recordStats does not exist
2024-05-01T01:04:39,899  WARN [main] conf.HiveConf: HiveConf of name hive.llap.io.cache.orc.arena.size does not exist
2024-05-01T01:04:39,899  WARN [main] conf.HiveConf: HiveConf of name hive.stats.key.prefix.reserve.length does not exist
2024-05-01T01:04:39,900  INFO [main] common.HCatUtil: mapreduce.lib.hcatoutput.hive.conf not set. Generating configuration differences.
2024-05-01T01:04:39,900  INFO [main] common.HCatUtil: Configuration differences={datanucleus.connectionPool.maxPoolSize=4, hive.llap.io.cache.orc.alloc.max=2097152, javax.jdo.option.ConnectionUserName=APP, test.property1=value1, hive.stats.column.autogather=true, hive.query.results.cache.enabled=false, fs.pfile.impl=org.apache.hadoop.fs.ProxyLocalFileSystem, hive.querylog.location=${test.tmp.dir}/tmp, hive.metastore.rawstore.impl=org.apache.hadoop.hive.metastore.ObjectStore, hive.llap.io.use.lrfu=true, javax.jdo.option.ConnectionPassword=mine, hive.jar.path=${maven.local.repository}/org/apache/hive/hive-exec/${hive.version}/hive-exec-${hive.version}.jar, hive.default.rcfile.serde=org.apache.hadoop.hive.serde2.columnar.ColumnarSerDe, datanucleus.schema.autoCreateAll=true, test.data.scripts=${hive.root}/data/scripts, hive.users.in.admin.role=hive_admin_user, hive.llap.io.cache.orc.size=8388608, test.var.hiveconf.property=${hive.exec.default.partition.name}, hive.dummyparam.test.server.specific.config.hivesite=from.hive-site.xml, hive.exec.mode.local.auto=false, hive.materializedview.rewriting=true, hive.dummyparam.test.server.specific.config.override=from.hive-site.xml, hive.fetch.task.conversion=minimal, hive.metastore.metadb.dir=file://${test.tmp.dir}/metadb/, hive.conf.restricted.list=dummy.config.value, hive.server2.operation.log.purgePolicy.timeToLive=5s, hive.query.reexecution.stats.persist.scope=query, hive.cbo.fallback.strategy=TEST, hive.input.format=org.apache.hadoop.hive.ql.io.CombineHiveInputFormat, hive.security.authorization.manager=org.apache.hadoop.hive.ql.security.authorization.plugin.sqlstd.SQLStdHiveAuthorizerFactoryForTest, test.data.files=${hive.root}/data/files, hive.metastore.client.cache.enabled=true, hive.stats.key.prefix.reserve.length=0, hive.exec.local.scratchdir=${test.tmp.dir}/localscratchdir/, hive.exec.submit.local.task.via.child=false, hive.auto.convert.join=false, hive.llap.io.cache.orc.alloc.min=32768, hive.stats.fetch.bitvector=true, hive.llap.io.allocator.direct=false, hive.metastore.schema.verification=false, javax.jdo.option.ConnectionDriverName=org.apache.derby.jdbc.EmbeddedDriver, hive.support.concurrency=true, hive.in.test=true, hive.metastore.warehouse.dir=${test.warehouse.dir}, hive.llap.io.cache.orc.arena.size=8388608, hive.exec.scratchdir=${test.tmp.dir}/scratchdir, test.log.dir=${test.tmp.dir}/log/, hive.exec.post.hooks=org.apache.hadoop.hive.ql.hooks.PostExecutePrinter, javax.jdo.option.ConnectionURL=jdbc:derby:memory:${test.tmp.dir}/junit_metastore_db;create=true, hive.llap.cache.allow.synthetic.fileid=true, hive.scheduled.queries.executor.enabled=false, hive.ignore.mapjoin.hint=false, hive.metastore.client.cache.maxSize=10Mb, hive.metastore.client.cache.recordStats=true, hive.mapjoin.max.gc.time.percentage=0.99, hive.test.dummystats.aggregator=value2, hive.exec.pre.hooks=org.apache.hadoop.hive.ql.hooks.PreExecutePrinter, org.apache.hadoop.hive.ql.hooks.EnforceReadOnlyTables, org.apache.hadoop.hive.ql.hooks.MaterializedViewRegistryPropertiesHook, iceberg.hive.keep.stats=true, hive.strict.timestamp.conversion=false}
2024-05-01T01:04:39,901  INFO [main] HiveMetaStore.audit: ugi=alex	ip=unknown-ip-addr	cmd=get_databases: @hive#NonExistentDatabaseUsedForHealthCheck	
2024-05-01T01:04:39,902  INFO [main] HiveMetaStore.audit: ugi=alex	ip=unknown-ip-addr	cmd=get_table : tbl=hive.default.employee	
2024-05-01T01:04:39,905  INFO [main] metastore.HMSHandler: Skipping translation for processor with null
2024-05-01T01:04:39,923  WARN [main] conf.HiveConf: HiveConf of name hive.llap.io.cache.orc.size does not exist
2024-05-01T01:04:39,923  WARN [main] conf.HiveConf: HiveConf of name hive.dummyparam.test.server.specific.config.override does not exist
2024-05-01T01:04:39,923  WARN [main] conf.HiveConf: HiveConf of name hive.metastore.metadb.dir does not exist
2024-05-01T01:04:39,923  WARN [main] conf.HiveConf: HiveConf of name hive.llap.io.cache.orc.alloc.min does not exist
2024-05-01T01:04:39,923  WARN [main] conf.HiveConf: HiveConf of name hive.dummyparam.test.server.specific.config.hivesite does not exist
2024-05-01T01:04:39,923  WARN [main] conf.HiveConf: HiveConf of name hive.llap.io.cache.orc.alloc.max does not exist
2024-05-01T01:04:39,923  WARN [main] conf.HiveConf: HiveConf of name hive.metastore.client.cache.maxSize does not exist
2024-05-01T01:04:39,923  WARN [main] conf.HiveConf: HiveConf of name hive.dummyparam.test.server.specific.config.metastoresite does not exist
2024-05-01T01:04:39,923  WARN [main] conf.HiveConf: HiveConf of name hive.metastore.client.cache.recordStats does not exist
2024-05-01T01:04:39,923  WARN [main] conf.HiveConf: HiveConf of name hive.llap.io.cache.orc.arena.size does not exist
2024-05-01T01:04:39,923  WARN [main] conf.HiveConf: HiveConf of name hive.stats.key.prefix.reserve.length does not exist
2024-05-01T01:04:39,923  INFO [main] common.HCatUtil: mapreduce.lib.hcatoutput.hive.conf is set. Applying configuration differences.
2024-05-01T01:04:39,923  INFO [main] HiveMetaStore.audit: ugi=alex	ip=unknown-ip-addr	cmd=get_databases: @hive#NonExistentDatabaseUsedForHealthCheck	
2024-05-01T01:04:39,938  WARN [main] conf.HiveConf: HiveConf of name hive.llap.io.cache.orc.size does not exist
2024-05-01T01:04:39,938  WARN [main] conf.HiveConf: HiveConf of name hive.dummyparam.test.server.specific.config.override does not exist
2024-05-01T01:04:39,938  WARN [main] conf.HiveConf: HiveConf of name hive.metastore.metadb.dir does not exist
2024-05-01T01:04:39,938  WARN [main] conf.HiveConf: HiveConf of name hive.llap.io.cache.orc.alloc.min does not exist
2024-05-01T01:04:39,938  WARN [main] conf.HiveConf: HiveConf of name hive.dummyparam.test.server.specific.config.hivesite does not exist
2024-05-01T01:04:39,938  WARN [main] conf.HiveConf: HiveConf of name hive.llap.io.cache.orc.alloc.max does not exist
2024-05-01T01:04:39,938  WARN [main] conf.HiveConf: HiveConf of name hive.metastore.client.cache.maxSize does not exist
2024-05-01T01:04:39,938  WARN [main] conf.HiveConf: HiveConf of name hive.dummyparam.test.server.specific.config.metastoresite does not exist
2024-05-01T01:04:39,938  WARN [main] conf.HiveConf: HiveConf of name hive.metastore.client.cache.recordStats does not exist
2024-05-01T01:04:39,938  WARN [main] conf.HiveConf: HiveConf of name hive.llap.io.cache.orc.arena.size does not exist
2024-05-01T01:04:39,938  WARN [main] conf.HiveConf: HiveConf of name hive.stats.key.prefix.reserve.length does not exist
2024-05-01T01:04:39,938  INFO [main] common.HCatUtil: mapreduce.lib.hcatoutput.hive.conf not set. Generating configuration differences.
2024-05-01T01:04:39,939  INFO [main] common.HCatUtil: Configuration differences={datanucleus.connectionPool.maxPoolSize=4, hive.llap.io.cache.orc.alloc.max=2097152, javax.jdo.option.ConnectionUserName=APP, test.property1=value1, hive.stats.column.autogather=true, hive.query.results.cache.enabled=false, fs.pfile.impl=org.apache.hadoop.fs.ProxyLocalFileSystem, hive.querylog.location=${test.tmp.dir}/tmp, hive.metastore.rawstore.impl=org.apache.hadoop.hive.metastore.ObjectStore, hive.llap.io.use.lrfu=true, javax.jdo.option.ConnectionPassword=mine, hive.jar.path=${maven.local.repository}/org/apache/hive/hive-exec/${hive.version}/hive-exec-${hive.version}.jar, hive.default.rcfile.serde=org.apache.hadoop.hive.serde2.columnar.ColumnarSerDe, datanucleus.schema.autoCreateAll=true, test.data.scripts=${hive.root}/data/scripts, hive.users.in.admin.role=hive_admin_user, hive.llap.io.cache.orc.size=8388608, test.var.hiveconf.property=${hive.exec.default.partition.name}, hive.dummyparam.test.server.specific.config.hivesite=from.hive-site.xml, hive.exec.mode.local.auto=false, hive.materializedview.rewriting=true, hive.dummyparam.test.server.specific.config.override=from.hive-site.xml, hive.fetch.task.conversion=minimal, hive.metastore.metadb.dir=file://${test.tmp.dir}/metadb/, hive.conf.restricted.list=dummy.config.value, hive.server2.operation.log.purgePolicy.timeToLive=5s, hive.query.reexecution.stats.persist.scope=query, hive.cbo.fallback.strategy=TEST, hive.input.format=org.apache.hadoop.hive.ql.io.CombineHiveInputFormat, hive.security.authorization.manager=org.apache.hadoop.hive.ql.security.authorization.plugin.sqlstd.SQLStdHiveAuthorizerFactoryForTest, test.data.files=${hive.root}/data/files, hive.metastore.client.cache.enabled=true, hive.stats.key.prefix.reserve.length=0, hive.exec.local.scratchdir=${test.tmp.dir}/localscratchdir/, hive.exec.submit.local.task.via.child=false, hive.auto.convert.join=false, hive.llap.io.cache.orc.alloc.min=32768, hive.stats.fetch.bitvector=true, hive.llap.io.allocator.direct=false, hive.metastore.schema.verification=false, javax.jdo.option.ConnectionDriverName=org.apache.derby.jdbc.EmbeddedDriver, hive.support.concurrency=true, hive.in.test=true, hive.metastore.warehouse.dir=${test.warehouse.dir}, hive.llap.io.cache.orc.arena.size=8388608, hive.exec.scratchdir=${test.tmp.dir}/scratchdir, test.log.dir=${test.tmp.dir}/log/, hive.exec.post.hooks=org.apache.hadoop.hive.ql.hooks.PostExecutePrinter, javax.jdo.option.ConnectionURL=jdbc:derby:memory:${test.tmp.dir}/junit_metastore_db;create=true, hive.llap.cache.allow.synthetic.fileid=true, hive.scheduled.queries.executor.enabled=false, hive.ignore.mapjoin.hint=false, hive.metastore.client.cache.maxSize=10Mb, hive.metastore.client.cache.recordStats=true, hive.mapjoin.max.gc.time.percentage=0.99, hive.test.dummystats.aggregator=value2, hive.exec.pre.hooks=org.apache.hadoop.hive.ql.hooks.PreExecutePrinter, org.apache.hadoop.hive.ql.hooks.EnforceReadOnlyTables, org.apache.hadoop.hive.ql.hooks.MaterializedViewRegistryPropertiesHook, iceberg.hive.keep.stats=true, hive.strict.timestamp.conversion=false}
2024-05-01T01:04:39,940  INFO [main] HiveMetaStore.audit: ugi=alex	ip=unknown-ip-addr	cmd=get_databases: @hive#NonExistentDatabaseUsedForHealthCheck	
2024-05-01T01:04:39,940  INFO [main] HiveMetaStore.audit: ugi=alex	ip=unknown-ip-addr	cmd=get_table : tbl=hive.default.employee	
2024-05-01T01:04:39,943  INFO [main] metastore.HMSHandler: Skipping translation for processor with null
2024-05-01T01:04:39,960  INFO [communication thread] mapred.LocalJobRunner: map > map
2024-05-01T01:04:39,963  WARN [main] conf.HiveConf: HiveConf of name hive.llap.io.cache.orc.size does not exist
2024-05-01T01:04:39,963  WARN [main] conf.HiveConf: HiveConf of name hive.dummyparam.test.server.specific.config.override does not exist
2024-05-01T01:04:39,963  WARN [main] conf.HiveConf: HiveConf of name hive.metastore.metadb.dir does not exist
2024-05-01T01:04:39,963  WARN [main] conf.HiveConf: HiveConf of name hive.llap.io.cache.orc.alloc.min does not exist
2024-05-01T01:04:39,963  WARN [main] conf.HiveConf: HiveConf of name hive.dummyparam.test.server.specific.config.hivesite does not exist
2024-05-01T01:04:39,963  WARN [main] conf.HiveConf: HiveConf of name hive.llap.io.cache.orc.alloc.max does not exist
2024-05-01T01:04:39,963  WARN [main] conf.HiveConf: HiveConf of name hive.metastore.client.cache.maxSize does not exist
2024-05-01T01:04:39,963  WARN [main] conf.HiveConf: HiveConf of name hive.dummyparam.test.server.specific.config.metastoresite does not exist
2024-05-01T01:04:39,963  WARN [main] conf.HiveConf: HiveConf of name hive.metastore.client.cache.recordStats does not exist
2024-05-01T01:04:39,963  WARN [main] conf.HiveConf: HiveConf of name hive.llap.io.cache.orc.arena.size does not exist
2024-05-01T01:04:39,963  WARN [main] conf.HiveConf: HiveConf of name hive.stats.key.prefix.reserve.length does not exist
2024-05-01T01:04:39,963  INFO [main] common.HCatUtil: mapreduce.lib.hcatoutput.hive.conf is set. Applying configuration differences.
2024-05-01T01:04:39,963  INFO [main] HiveMetaStore.audit: ugi=alex	ip=unknown-ip-addr	cmd=get_databases: @hive#NonExistentDatabaseUsedForHealthCheck	
2024-05-01T01:04:39,965  INFO [main] pigstats.ScriptState: Pig features used in the script: FILTER
2024-05-01T01:04:39,973  WARN [main] data.SchemaTupleBackend: SchemaTupleBackend has already been initialized
2024-05-01T01:04:39,973  INFO [main] optimizer.LogicalPlanOptimizer: {RULES_ENABLED=[AddForEach, ColumnMapKeyPrune, ConstantCalculator, GroupByConstParallelSetter, LimitOptimizer, LoadTypeCastInserter, MergeFilter, MergeForEach, PartitionFilterOptimizer, PredicatePushdownOptimizer, PushDownForEachFlatten, PushUpFilter, SplitFilter, StreamTypeCastInserter]}
2024-05-01T01:04:39,975  INFO [main] mapReduceLayer.MRCompiler: File concatenation threshold: 100 optimistic? false
2024-05-01T01:04:39,976  INFO [main] mapReduceLayer.MultiQueryOptimizer: MR plan size before optimization: 5
2024-05-01T01:04:39,976  INFO [main] mapReduceLayer.MultiQueryOptimizer: Merged 4 map-only splittees.
2024-05-01T01:04:39,976  INFO [main] mapReduceLayer.MultiQueryOptimizer: Merged 4 out of total 5 MR operators.
2024-05-01T01:04:39,976  INFO [main] mapReduceLayer.MultiQueryOptimizer: MR plan size after optimization: 1
2024-05-01T01:04:39,982  WARN [main] impl.MetricsSystemImpl: JobTracker metrics system already initialized!
2024-05-01T01:04:39,983  INFO [main] mapreduce.MRScriptState: Pig script settings are added to the job
2024-05-01T01:04:39,983  INFO [main] mapReduceLayer.JobControlCompiler: mapred.job.reduce.markreset.buffer.percent is not set, set to default 0.3
2024-05-01T01:04:39,983  INFO [main] mapReduceLayer.JobControlCompiler: Setting up multi store job
2024-05-01T01:04:39,984  INFO [main] data.SchemaTupleFrontend: Key [pig.schematuple] is false, will not generate code.
2024-05-01T01:04:39,984  INFO [main] data.SchemaTupleFrontend: Starting process to move generated code to distributed cacche
2024-05-01T01:04:39,984  INFO [main] data.SchemaTupleFrontend: Distributed cache not supported or needed in local mode. Setting key [pig.schematuple.local.dir] with code temp directory: /home/alex/Repositories/hive/hcatalog/hcatalog-pig-adapter/target/tmp/1714550679984-0
2024-05-01T01:04:39,991  INFO [main] mapReduceLayer.MapReduceLauncher: 1 map-reduce job(s) waiting for submission.
2024-05-01T01:04:39,992  WARN [JobControl] impl.MetricsSystemImpl: JobTracker metrics system already initialized!
2024-05-01T01:04:40,008  WARN [JobControl] conf.HiveConf: HiveConf of name hive.llap.io.cache.orc.size does not exist
2024-05-01T01:04:40,008  WARN [JobControl] conf.HiveConf: HiveConf of name hive.dummyparam.test.server.specific.config.override does not exist
2024-05-01T01:04:40,008  WARN [JobControl] conf.HiveConf: HiveConf of name hive.metastore.metadb.dir does not exist
2024-05-01T01:04:40,008  WARN [JobControl] conf.HiveConf: HiveConf of name hive.llap.io.cache.orc.alloc.min does not exist
2024-05-01T01:04:40,008  WARN [JobControl] conf.HiveConf: HiveConf of name hive.dummyparam.test.server.specific.config.hivesite does not exist
2024-05-01T01:04:40,008  WARN [JobControl] conf.HiveConf: HiveConf of name hive.llap.io.cache.orc.alloc.max does not exist
2024-05-01T01:04:40,008  WARN [JobControl] conf.HiveConf: HiveConf of name hive.metastore.client.cache.maxSize does not exist
2024-05-01T01:04:40,008  WARN [JobControl] conf.HiveConf: HiveConf of name hive.dummyparam.test.server.specific.config.metastoresite does not exist
2024-05-01T01:04:40,008  WARN [JobControl] conf.HiveConf: HiveConf of name hive.metastore.client.cache.recordStats does not exist
2024-05-01T01:04:40,008  WARN [JobControl] conf.HiveConf: HiveConf of name hive.llap.io.cache.orc.arena.size does not exist
2024-05-01T01:04:40,008  WARN [JobControl] conf.HiveConf: HiveConf of name hive.stats.key.prefix.reserve.length does not exist
2024-05-01T01:04:40,008  INFO [JobControl] common.HCatUtil: mapreduce.lib.hcatoutput.hive.conf is set. Applying configuration differences.
2024-05-01T01:04:40,009  INFO [JobControl] metastore.HiveMetaStoreClient: HMS client filtering is enabled.
2024-05-01T01:04:40,009  INFO [JobControl] metastore.HMSHandler: 96: Opening raw store with implementation class:org.apache.hadoop.hive.metastore.ObjectStore
2024-05-01T01:04:40,009  INFO [JobControl] metastore.PersistenceManagerProvider: Configuration datanucleus.autoStartMechanismMode is not set. Defaulting to 'ignored'
2024-05-01T01:04:40,009  INFO [JobControl] metastore.ObjectStore: RawStore: org.apache.hadoop.hive.metastore.ObjectStore@37c0bd93, with PersistenceManager: null will be shutdown
2024-05-01T01:04:40,009  INFO [JobControl] metastore.ObjectStore: RawStore: org.apache.hadoop.hive.metastore.ObjectStore@37c0bd93, with PersistenceManager: org.datanucleus.api.jdo.JDOPersistenceManager@3835f0e5 created in the thread with id: 3560
2024-05-01T01:04:40,011  INFO [JobControl] metastore.HMSHandler: Created RawStore: org.apache.hadoop.hive.metastore.ObjectStore@37c0bd93 from thread id: 3560
2024-05-01T01:04:40,011  INFO [JobControl] metastore.HMSHandler: HMS server filtering is disabled by configuration
2024-05-01T01:04:40,011  INFO [JobControl] metastore.RetryingMetaStoreClient: RetryingMetaStoreClient proxy=class org.apache.hive.hcatalog.common.HiveClientCache$CacheableHiveMetaStoreClient ugi=alex (auth:SIMPLE) retries=1 delay=1 lifetime=0
2024-05-01T01:04:40,011  INFO [JobControl] HiveMetaStore.audit: ugi=alex	ip=unknown-ip-addr	cmd=Cleaning up thread local RawStore...	
2024-05-01T01:04:40,011  INFO [JobControl] metastore.ObjectStore: RawStore: org.apache.hadoop.hive.metastore.ObjectStore@37c0bd93, with PersistenceManager: org.datanucleus.api.jdo.JDOPersistenceManager@3835f0e5 will be shutdown
2024-05-01T01:04:40,011  INFO [JobControl] HiveMetaStore.audit: ugi=alex	ip=unknown-ip-addr	cmd=Done cleaning up thread local RawStore	
2024-05-01T01:04:40,011  INFO [JobControl] metastore.HiveMetaStoreClient: Closed a connection to metastore, current connections: -94
2024-05-01T01:04:40,011  INFO [JobControl] HiveMetaStore.audit: ugi=alex	ip=unknown-ip-addr	cmd=get_databases: @hive#NonExistentDatabaseUsedForHealthCheck	
2024-05-01T01:04:40,012  INFO [JobControl] metastore.HMSHandler: 96: Opening raw store with implementation class:org.apache.hadoop.hive.metastore.ObjectStore
2024-05-01T01:04:40,012  INFO [JobControl] metastore.ObjectStore: RawStore: org.apache.hadoop.hive.metastore.ObjectStore@1ac6502f, with PersistenceManager: null will be shutdown
2024-05-01T01:04:40,012  INFO [JobControl] metastore.ObjectStore: RawStore: org.apache.hadoop.hive.metastore.ObjectStore@1ac6502f, with PersistenceManager: org.datanucleus.api.jdo.JDOPersistenceManager@453769d7 created in the thread with id: 3560
2024-05-01T01:04:40,013  INFO [JobControl] metastore.HMSHandler: Created RawStore: org.apache.hadoop.hive.metastore.ObjectStore@1ac6502f from thread id: 3560
2024-05-01T01:04:40,029  WARN [JobControl] conf.HiveConf: HiveConf of name hive.llap.io.cache.orc.size does not exist
2024-05-01T01:04:40,029  WARN [JobControl] conf.HiveConf: HiveConf of name hive.dummyparam.test.server.specific.config.override does not exist
2024-05-01T01:04:40,029  WARN [JobControl] conf.HiveConf: HiveConf of name hive.metastore.metadb.dir does not exist
2024-05-01T01:04:40,029  WARN [JobControl] conf.HiveConf: HiveConf of name hive.llap.io.cache.orc.alloc.min does not exist
2024-05-01T01:04:40,029  WARN [JobControl] conf.HiveConf: HiveConf of name hive.dummyparam.test.server.specific.config.hivesite does not exist
2024-05-01T01:04:40,029  WARN [JobControl] conf.HiveConf: HiveConf of name hive.llap.io.cache.orc.alloc.max does not exist
2024-05-01T01:04:40,029  WARN [JobControl] conf.HiveConf: HiveConf of name hive.metastore.client.cache.maxSize does not exist
2024-05-01T01:04:40,029  WARN [JobControl] conf.HiveConf: HiveConf of name hive.dummyparam.test.server.specific.config.metastoresite does not exist
2024-05-01T01:04:40,029  WARN [JobControl] conf.HiveConf: HiveConf of name hive.metastore.client.cache.recordStats does not exist
2024-05-01T01:04:40,029  WARN [JobControl] conf.HiveConf: HiveConf of name hive.llap.io.cache.orc.arena.size does not exist
2024-05-01T01:04:40,029  WARN [JobControl] conf.HiveConf: HiveConf of name hive.stats.key.prefix.reserve.length does not exist
2024-05-01T01:04:40,029  INFO [JobControl] common.HCatUtil: mapreduce.lib.hcatoutput.hive.conf is set. Applying configuration differences.
2024-05-01T01:04:40,029  INFO [JobControl] HiveMetaStore.audit: ugi=alex	ip=unknown-ip-addr	cmd=get_databases: @hive#NonExistentDatabaseUsedForHealthCheck	
2024-05-01T01:04:40,045  WARN [JobControl] conf.HiveConf: HiveConf of name hive.llap.io.cache.orc.size does not exist
2024-05-01T01:04:40,045  WARN [JobControl] conf.HiveConf: HiveConf of name hive.dummyparam.test.server.specific.config.override does not exist
2024-05-01T01:04:40,045  WARN [JobControl] conf.HiveConf: HiveConf of name hive.metastore.metadb.dir does not exist
2024-05-01T01:04:40,045  WARN [JobControl] conf.HiveConf: HiveConf of name hive.llap.io.cache.orc.alloc.min does not exist
2024-05-01T01:04:40,045  WARN [JobControl] conf.HiveConf: HiveConf of name hive.dummyparam.test.server.specific.config.hivesite does not exist
2024-05-01T01:04:40,045  WARN [JobControl] conf.HiveConf: HiveConf of name hive.llap.io.cache.orc.alloc.max does not exist
2024-05-01T01:04:40,045  WARN [JobControl] conf.HiveConf: HiveConf of name hive.metastore.client.cache.maxSize does not exist
2024-05-01T01:04:40,045  WARN [JobControl] conf.HiveConf: HiveConf of name hive.dummyparam.test.server.specific.config.metastoresite does not exist
2024-05-01T01:04:40,045  WARN [JobControl] conf.HiveConf: HiveConf of name hive.metastore.client.cache.recordStats does not exist
2024-05-01T01:04:40,045  WARN [JobControl] conf.HiveConf: HiveConf of name hive.llap.io.cache.orc.arena.size does not exist
2024-05-01T01:04:40,045  WARN [JobControl] conf.HiveConf: HiveConf of name hive.stats.key.prefix.reserve.length does not exist
2024-05-01T01:04:40,045  INFO [JobControl] common.HCatUtil: mapreduce.lib.hcatoutput.hive.conf is set. Applying configuration differences.
2024-05-01T01:04:40,045  INFO [JobControl] HiveMetaStore.audit: ugi=alex	ip=unknown-ip-addr	cmd=get_databases: @hive#NonExistentDatabaseUsedForHealthCheck	
2024-05-01T01:04:40,060  WARN [JobControl] conf.HiveConf: HiveConf of name hive.llap.io.cache.orc.size does not exist
2024-05-01T01:04:40,060  WARN [JobControl] conf.HiveConf: HiveConf of name hive.dummyparam.test.server.specific.config.override does not exist
2024-05-01T01:04:40,060  WARN [JobControl] conf.HiveConf: HiveConf of name hive.metastore.metadb.dir does not exist
2024-05-01T01:04:40,060  WARN [JobControl] conf.HiveConf: HiveConf of name hive.llap.io.cache.orc.alloc.min does not exist
2024-05-01T01:04:40,060  WARN [JobControl] conf.HiveConf: HiveConf of name hive.dummyparam.test.server.specific.config.hivesite does not exist
2024-05-01T01:04:40,060  WARN [JobControl] conf.HiveConf: HiveConf of name hive.llap.io.cache.orc.alloc.max does not exist
2024-05-01T01:04:40,061  WARN [JobControl] conf.HiveConf: HiveConf of name hive.metastore.client.cache.maxSize does not exist
2024-05-01T01:04:40,061  WARN [JobControl] conf.HiveConf: HiveConf of name hive.dummyparam.test.server.specific.config.metastoresite does not exist
2024-05-01T01:04:40,061  WARN [JobControl] conf.HiveConf: HiveConf of name hive.metastore.client.cache.recordStats does not exist
2024-05-01T01:04:40,061  WARN [JobControl] conf.HiveConf: HiveConf of name hive.llap.io.cache.orc.arena.size does not exist
2024-05-01T01:04:40,061  WARN [JobControl] conf.HiveConf: HiveConf of name hive.stats.key.prefix.reserve.length does not exist
2024-05-01T01:04:40,061  INFO [JobControl] common.HCatUtil: mapreduce.lib.hcatoutput.hive.conf is set. Applying configuration differences.
2024-05-01T01:04:40,061  INFO [JobControl] HiveMetaStore.audit: ugi=alex	ip=unknown-ip-addr	cmd=get_databases: @hive#NonExistentDatabaseUsedForHealthCheck	
2024-05-01T01:04:40,075  WARN [JobControl] mapreduce.JobResourceUploader: Hadoop command-line option parsing not performed. Implement the Tool interface and execute your application with ToolRunner to remedy this.
2024-05-01T01:04:40,079  WARN [JobControl] mapreduce.JobResourceUploader: No job jar file set.  User classes may not be found. See Job or Job#setJar(String).
2024-05-01T01:04:40,081  INFO [JobControl] builtin.PigStorage: Using PigTextInputFormat
2024-05-01T01:04:40,081  INFO [JobControl] input.FileInputFormat: Total input files to process : 1
2024-05-01T01:04:40,081  INFO [JobControl] util.MapRedUtil: Total input paths to process : 1
2024-05-01T01:04:40,082  INFO [JobControl] util.MapRedUtil: Total input paths (combined) to process : 1
2024-05-01T01:04:40,102  INFO [JobControl] mapreduce.JobSubmitter: number of splits:1
2024-05-01T01:04:40,116  INFO [JobControl] mapreduce.JobSubmitter: Submitting tokens for job: job_local1403807064_0075
2024-05-01T01:04:40,116  INFO [JobControl] mapreduce.JobSubmitter: Executing with tokens: []
2024-05-01T01:04:40,171  INFO [JobControl] mapreduce.Job: The url to track the job: http://localhost:8080/
2024-05-01T01:04:40,172  INFO [Thread-3310] mapred.LocalJobRunner: OutputCommitter set in config null
2024-05-01T01:04:40,176  INFO [Thread-3310] output.FileOutputCommitter: File Output Committer Algorithm version is 2
2024-05-01T01:04:40,176  INFO [Thread-3310] output.FileOutputCommitter: FileOutputCommitter skip cleanup _temporary folders under output directory:false, ignore cleanup failures: false
2024-05-01T01:04:40,178  INFO [Thread-3310] output.FileOutputCommitter: File Output Committer Algorithm version is 2
2024-05-01T01:04:40,178  INFO [Thread-3310] output.FileOutputCommitter: FileOutputCommitter skip cleanup _temporary folders under output directory:false, ignore cleanup failures: false
2024-05-01T01:04:40,180  INFO [Thread-3310] output.FileOutputCommitter: File Output Committer Algorithm version is 2
2024-05-01T01:04:40,180  INFO [Thread-3310] output.FileOutputCommitter: FileOutputCommitter skip cleanup _temporary folders under output directory:false, ignore cleanup failures: false
2024-05-01T01:04:40,183  INFO [Thread-3310] output.FileOutputCommitter: File Output Committer Algorithm version is 2
2024-05-01T01:04:40,183  INFO [Thread-3310] output.FileOutputCommitter: FileOutputCommitter skip cleanup _temporary folders under output directory:false, ignore cleanup failures: false
2024-05-01T01:04:40,183  INFO [Thread-3310] mapred.LocalJobRunner: OutputCommitter is org.apache.pig.backend.hadoop.executionengine.mapReduceLayer.PigOutputCommitter
2024-05-01T01:04:40,185  INFO [Thread-3310] output.FileOutputCommitter: File Output Committer Algorithm version is 2
2024-05-01T01:04:40,185  INFO [Thread-3310] output.FileOutputCommitter: FileOutputCommitter skip cleanup _temporary folders under output directory:false, ignore cleanup failures: false
2024-05-01T01:04:40,197  INFO [Thread-3310] output.FileOutputCommitter: File Output Committer Algorithm version is 2
2024-05-01T01:04:40,197  INFO [Thread-3310] output.FileOutputCommitter: FileOutputCommitter skip cleanup _temporary folders under output directory:false, ignore cleanup failures: false
2024-05-01T01:04:40,210  INFO [Thread-3310] output.FileOutputCommitter: File Output Committer Algorithm version is 2
2024-05-01T01:04:40,210  INFO [Thread-3310] output.FileOutputCommitter: FileOutputCommitter skip cleanup _temporary folders under output directory:false, ignore cleanup failures: false
2024-05-01T01:04:40,224  INFO [Thread-3310] output.FileOutputCommitter: File Output Committer Algorithm version is 2
2024-05-01T01:04:40,224  INFO [Thread-3310] output.FileOutputCommitter: FileOutputCommitter skip cleanup _temporary folders under output directory:false, ignore cleanup failures: false
2024-05-01T01:04:40,236  INFO [Thread-3310] mapred.LocalJobRunner: Waiting for map tasks
2024-05-01T01:04:40,237  INFO [LocalJobRunner Map Task Executor #0] mapred.LocalJobRunner: Starting task: attempt_local1403807064_0075_m_000000_0
2024-05-01T01:04:40,242  INFO [LocalJobRunner Map Task Executor #0] output.FileOutputCommitter: File Output Committer Algorithm version is 2
2024-05-01T01:04:40,242  INFO [LocalJobRunner Map Task Executor #0] output.FileOutputCommitter: FileOutputCommitter skip cleanup _temporary folders under output directory:false, ignore cleanup failures: false
2024-05-01T01:04:40,244  INFO [LocalJobRunner Map Task Executor #0] output.FileOutputCommitter: File Output Committer Algorithm version is 2
2024-05-01T01:04:40,244  INFO [LocalJobRunner Map Task Executor #0] output.FileOutputCommitter: FileOutputCommitter skip cleanup _temporary folders under output directory:false, ignore cleanup failures: false
2024-05-01T01:04:40,246  INFO [LocalJobRunner Map Task Executor #0] output.FileOutputCommitter: File Output Committer Algorithm version is 2
2024-05-01T01:04:40,246  INFO [LocalJobRunner Map Task Executor #0] output.FileOutputCommitter: FileOutputCommitter skip cleanup _temporary folders under output directory:false, ignore cleanup failures: false
2024-05-01T01:04:40,249  INFO [LocalJobRunner Map Task Executor #0] output.FileOutputCommitter: File Output Committer Algorithm version is 2
2024-05-01T01:04:40,249  INFO [LocalJobRunner Map Task Executor #0] output.FileOutputCommitter: FileOutputCommitter skip cleanup _temporary folders under output directory:false, ignore cleanup failures: false
2024-05-01T01:04:40,251  INFO [LocalJobRunner Map Task Executor #0] output.FileOutputCommitter: File Output Committer Algorithm version is 2
2024-05-01T01:04:40,251  INFO [LocalJobRunner Map Task Executor #0] output.FileOutputCommitter: FileOutputCommitter skip cleanup _temporary folders under output directory:false, ignore cleanup failures: false
2024-05-01T01:04:40,252  INFO [LocalJobRunner Map Task Executor #0] output.FileOutputCommitter: File Output Committer Algorithm version is 2
2024-05-01T01:04:40,252  INFO [LocalJobRunner Map Task Executor #0] output.FileOutputCommitter: FileOutputCommitter skip cleanup _temporary folders under output directory:false, ignore cleanup failures: false
2024-05-01T01:04:40,253  INFO [LocalJobRunner Map Task Executor #0] output.FileOutputCommitter: File Output Committer Algorithm version is 2
2024-05-01T01:04:40,253  INFO [LocalJobRunner Map Task Executor #0] output.FileOutputCommitter: FileOutputCommitter skip cleanup _temporary folders under output directory:false, ignore cleanup failures: false
2024-05-01T01:04:40,254  INFO [LocalJobRunner Map Task Executor #0] output.FileOutputCommitter: File Output Committer Algorithm version is 2
2024-05-01T01:04:40,254  INFO [LocalJobRunner Map Task Executor #0] output.FileOutputCommitter: FileOutputCommitter skip cleanup _temporary folders under output directory:false, ignore cleanup failures: false
2024-05-01T01:04:40,254  INFO [LocalJobRunner Map Task Executor #0] mapred.Task:  Using ResourceCalculatorProcessTree : [ ]
2024-05-01T01:04:40,254  INFO [LocalJobRunner Map Task Executor #0] mapred.MapTask: Processing split: Number of splits :1
Total Length = 132
Input split[0]:
   Length = 132
   ClassName: org.apache.hadoop.mapreduce.lib.input.FileSplit
   Locations:

-----------------------

2024-05-01T01:04:40,256  INFO [LocalJobRunner Map Task Executor #0] builtin.PigStorage: Using PigTextInputFormat
2024-05-01T01:04:40,256  INFO [LocalJobRunner Map Task Executor #0] mapReduceLayer.PigRecordReader: Current split being processed file:/home/alex/Repositories/hive/hcatalog/hcatalog-pig-adapter/build/test/data/org.apache.hive.hcatalog.mapreduce.HCatBaseTest-1714550620829/input.data:0+132
2024-05-01T01:04:40,257  INFO [LocalJobRunner Map Task Executor #0] util.SpillableMemoryManager: Selected heap (PS Old Gen) of size 1431830528 to monitor. collectionUsageThreshold = 1064828928, usageThreshold = 1064828928
2024-05-01T01:04:40,257  INFO [LocalJobRunner Map Task Executor #0] data.SchemaTupleBackend: Key [pig.schematuple] was not set... will not generate code.
2024-05-01T01:04:40,259  INFO [LocalJobRunner Map Task Executor #0] mapReduceLayer.PigMapOnly$Map: Aliases being processed per job phase (AliasName[line,offset]): M: A[1,4],A[-1,-1],TN[1,306],KA[1,341],KL[1,376],AP[1,411] C:  R: 
2024-05-01T01:04:40,262  INFO [LocalJobRunner Map Task Executor #0] output.FileOutputCommitter: File Output Committer Algorithm version is 2
2024-05-01T01:04:40,262  INFO [LocalJobRunner Map Task Executor #0] output.FileOutputCommitter: FileOutputCommitter skip cleanup _temporary folders under output directory:false, ignore cleanup failures: false
2024-05-01T01:04:40,269  INFO [LocalJobRunner Map Task Executor #0] output.FileOutputCommitter: File Output Committer Algorithm version is 2
2024-05-01T01:04:40,269  INFO [LocalJobRunner Map Task Executor #0] output.FileOutputCommitter: FileOutputCommitter skip cleanup _temporary folders under output directory:false, ignore cleanup failures: false
2024-05-01T01:04:40,272  INFO [LocalJobRunner Map Task Executor #0] output.FileOutputCommitter: File Output Committer Algorithm version is 2
2024-05-01T01:04:40,272  INFO [LocalJobRunner Map Task Executor #0] output.FileOutputCommitter: FileOutputCommitter skip cleanup _temporary folders under output directory:false, ignore cleanup failures: false
2024-05-01T01:04:40,276  INFO [LocalJobRunner Map Task Executor #0] output.FileOutputCommitter: File Output Committer Algorithm version is 2
2024-05-01T01:04:40,276  INFO [LocalJobRunner Map Task Executor #0] output.FileOutputCommitter: FileOutputCommitter skip cleanup _temporary folders under output directory:false, ignore cleanup failures: false
2024-05-01T01:04:40,278  INFO [LocalJobRunner Map Task Executor #0] impl.PhysicalFsWriter: ORC writer created for path: file:/home/alex/Repositories/hive/hcatalog/hcatalog-pig-adapter/build/test/data/org.apache.hive.hcatalog.mapreduce.HCatBaseTest-1714550620829/warehouse/employee/_SCRATCH0,3914418994482156/emp_country=IN/emp_state=TN/_temporary/0/_temporary/attempt_local1403807064_0075_m_000000_0/part-m-00000 with stripeSize: 67108864 blockSize: 268435456 compression: Compress: ZLIB buffer: 262144
2024-05-01T01:04:40,288  INFO [LocalJobRunner Map Task Executor #0] impl.WriterImpl: ORC writer created for path: file:/home/alex/Repositories/hive/hcatalog/hcatalog-pig-adapter/build/test/data/org.apache.hive.hcatalog.mapreduce.HCatBaseTest-1714550620829/warehouse/employee/_SCRATCH0,3914418994482156/emp_country=IN/emp_state=TN/_temporary/0/_temporary/attempt_local1403807064_0075_m_000000_0/part-m-00000 with stripeSize: 67108864 options: Compress: ZLIB buffer: 262144
2024-05-01T01:04:40,289  INFO [LocalJobRunner Map Task Executor #0] impl.PhysicalFsWriter: ORC writer created for path: file:/home/alex/Repositories/hive/hcatalog/hcatalog-pig-adapter/build/test/data/org.apache.hive.hcatalog.mapreduce.HCatBaseTest-1714550620829/warehouse/employee/_SCRATCH0,9062156459378092/emp_country=IN/emp_state=KA/_temporary/0/_temporary/attempt_local1403807064_0075_m_000000_0/part-m-00000 with stripeSize: 67108864 blockSize: 268435456 compression: Compress: ZLIB buffer: 262144
2024-05-01T01:04:40,299  INFO [LocalJobRunner Map Task Executor #0] impl.WriterImpl: ORC writer created for path: file:/home/alex/Repositories/hive/hcatalog/hcatalog-pig-adapter/build/test/data/org.apache.hive.hcatalog.mapreduce.HCatBaseTest-1714550620829/warehouse/employee/_SCRATCH0,9062156459378092/emp_country=IN/emp_state=KA/_temporary/0/_temporary/attempt_local1403807064_0075_m_000000_0/part-m-00000 with stripeSize: 67108864 options: Compress: ZLIB buffer: 262144
2024-05-01T01:04:40,299  INFO [LocalJobRunner Map Task Executor #0] impl.PhysicalFsWriter: ORC writer created for path: file:/home/alex/Repositories/hive/hcatalog/hcatalog-pig-adapter/build/test/data/org.apache.hive.hcatalog.mapreduce.HCatBaseTest-1714550620829/warehouse/employee/_SCRATCH0,8206981037839896/emp_country=IN/emp_state=KL/_temporary/0/_temporary/attempt_local1403807064_0075_m_000000_0/part-m-00000 with stripeSize: 67108864 blockSize: 268435456 compression: Compress: ZLIB buffer: 262144
2024-05-01T01:04:40,310  INFO [LocalJobRunner Map Task Executor #0] impl.WriterImpl: ORC writer created for path: file:/home/alex/Repositories/hive/hcatalog/hcatalog-pig-adapter/build/test/data/org.apache.hive.hcatalog.mapreduce.HCatBaseTest-1714550620829/warehouse/employee/_SCRATCH0,8206981037839896/emp_country=IN/emp_state=KL/_temporary/0/_temporary/attempt_local1403807064_0075_m_000000_0/part-m-00000 with stripeSize: 67108864 options: Compress: ZLIB buffer: 262144
2024-05-01T01:04:40,310  INFO [LocalJobRunner Map Task Executor #0] impl.PhysicalFsWriter: ORC writer created for path: file:/home/alex/Repositories/hive/hcatalog/hcatalog-pig-adapter/build/test/data/org.apache.hive.hcatalog.mapreduce.HCatBaseTest-1714550620829/warehouse/employee/_SCRATCH0,6045847334703213/emp_country=IN/emp_state=AP/_temporary/0/_temporary/attempt_local1403807064_0075_m_000000_0/part-m-00000 with stripeSize: 67108864 blockSize: 268435456 compression: Compress: ZLIB buffer: 262144
2024-05-01T01:04:40,321  INFO [LocalJobRunner Map Task Executor #0] impl.WriterImpl: ORC writer created for path: file:/home/alex/Repositories/hive/hcatalog/hcatalog-pig-adapter/build/test/data/org.apache.hive.hcatalog.mapreduce.HCatBaseTest-1714550620829/warehouse/employee/_SCRATCH0,6045847334703213/emp_country=IN/emp_state=AP/_temporary/0/_temporary/attempt_local1403807064_0075_m_000000_0/part-m-00000 with stripeSize: 67108864 options: Compress: ZLIB buffer: 262144
2024-05-01T01:04:40,371  INFO [LocalJobRunner Map Task Executor #0] mapred.LocalJobRunner: 
2024-05-01T01:04:40,371  INFO [LocalJobRunner Map Task Executor #0] mapred.Task: Task:attempt_local1403807064_0075_m_000000_0 is done. And is in the process of committing
2024-05-01T01:04:40,372  INFO [LocalJobRunner Map Task Executor #0] output.FileOutputCommitter: File Output Committer Algorithm version is 2
2024-05-01T01:04:40,372  INFO [LocalJobRunner Map Task Executor #0] output.FileOutputCommitter: FileOutputCommitter skip cleanup _temporary folders under output directory:false, ignore cleanup failures: false
2024-05-01T01:04:40,374  INFO [LocalJobRunner Map Task Executor #0] mapred.LocalJobRunner: 
2024-05-01T01:04:40,375  INFO [LocalJobRunner Map Task Executor #0] mapred.Task: Task attempt_local1403807064_0075_m_000000_0 is allowed to commit now
2024-05-01T01:04:40,376  INFO [LocalJobRunner Map Task Executor #0] output.FileOutputCommitter: File Output Committer Algorithm version is 2
2024-05-01T01:04:40,376  INFO [LocalJobRunner Map Task Executor #0] output.FileOutputCommitter: FileOutputCommitter skip cleanup _temporary folders under output directory:false, ignore cleanup failures: false
2024-05-01T01:04:40,376  INFO [LocalJobRunner Map Task Executor #0] output.FileOutputCommitter: Saved output of task 'attempt_local1403807064_0075_m_000000_0' to file:/home/alex/Repositories/hive/hcatalog/hcatalog-pig-adapter/build/test/data/org.apache.hive.hcatalog.mapreduce.HCatBaseTest-1714550620829/warehouse/employee/_SCRATCH0,3914418994482156/emp_country=IN/emp_state=TN
2024-05-01T01:04:40,377  INFO [LocalJobRunner Map Task Executor #0] output.FileOutputCommitter: File Output Committer Algorithm version is 2
2024-05-01T01:04:40,377  INFO [LocalJobRunner Map Task Executor #0] output.FileOutputCommitter: FileOutputCommitter skip cleanup _temporary folders under output directory:false, ignore cleanup failures: false
2024-05-01T01:04:40,378  INFO [LocalJobRunner Map Task Executor #0] output.FileOutputCommitter: Saved output of task 'attempt_local1403807064_0075_m_000000_0' to file:/home/alex/Repositories/hive/hcatalog/hcatalog-pig-adapter/build/test/data/org.apache.hive.hcatalog.mapreduce.HCatBaseTest-1714550620829/warehouse/employee/_SCRATCH0,9062156459378092/emp_country=IN/emp_state=KA
2024-05-01T01:04:40,379  INFO [LocalJobRunner Map Task Executor #0] output.FileOutputCommitter: File Output Committer Algorithm version is 2
2024-05-01T01:04:40,379  INFO [LocalJobRunner Map Task Executor #0] output.FileOutputCommitter: FileOutputCommitter skip cleanup _temporary folders under output directory:false, ignore cleanup failures: false
2024-05-01T01:04:40,380  INFO [LocalJobRunner Map Task Executor #0] output.FileOutputCommitter: Saved output of task 'attempt_local1403807064_0075_m_000000_0' to file:/home/alex/Repositories/hive/hcatalog/hcatalog-pig-adapter/build/test/data/org.apache.hive.hcatalog.mapreduce.HCatBaseTest-1714550620829/warehouse/employee/_SCRATCH0,8206981037839896/emp_country=IN/emp_state=KL
2024-05-01T01:04:40,381  INFO [LocalJobRunner Map Task Executor #0] output.FileOutputCommitter: File Output Committer Algorithm version is 2
2024-05-01T01:04:40,381  INFO [LocalJobRunner Map Task Executor #0] output.FileOutputCommitter: FileOutputCommitter skip cleanup _temporary folders under output directory:false, ignore cleanup failures: false
2024-05-01T01:04:40,382  INFO [LocalJobRunner Map Task Executor #0] output.FileOutputCommitter: Saved output of task 'attempt_local1403807064_0075_m_000000_0' to file:/home/alex/Repositories/hive/hcatalog/hcatalog-pig-adapter/build/test/data/org.apache.hive.hcatalog.mapreduce.HCatBaseTest-1714550620829/warehouse/employee/_SCRATCH0,6045847334703213/emp_country=IN/emp_state=AP
2024-05-01T01:04:40,382  INFO [LocalJobRunner Map Task Executor #0] mapred.LocalJobRunner: map
2024-05-01T01:04:40,382  INFO [LocalJobRunner Map Task Executor #0] mapred.Task: Task 'attempt_local1403807064_0075_m_000000_0' done.
2024-05-01T01:04:40,382  INFO [LocalJobRunner Map Task Executor #0] mapred.Task: Final Counters for attempt_local1403807064_0075_m_000000_0: Counters: 19
	File System Counters
		FILE: Number of bytes read=188565
		FILE: Number of bytes written=42717899
		FILE: Number of read operations=0
		FILE: Number of large read operations=0
		FILE: Number of write operations=0
	Map-Reduce Framework
		Map input records=4
		Map output records=0
		Input split bytes=480
		Spilled Records=0
		Failed Shuffles=0
		Merged Map outputs=0
		GC time elapsed (ms)=39
		Total committed heap usage (bytes)=921174016
	MultiStoreCounters
		Output records in _0_employee=1
		Output records in _1_employee=1
		Output records in _2_employee=1
		Output records in _3_employee=1
	File Input Format Counters 
		Bytes Read=0
	File Output Format Counters 
		Bytes Written=0
2024-05-01T01:04:40,382  INFO [LocalJobRunner Map Task Executor #0] mapred.LocalJobRunner: Finishing task: attempt_local1403807064_0075_m_000000_0
2024-05-01T01:04:40,382  INFO [Thread-3310] mapred.LocalJobRunner: map task executor complete.
2024-05-01T01:04:40,425  WARN [Thread-3310] conf.HiveConf: HiveConf of name hive.llap.io.cache.orc.size does not exist
2024-05-01T01:04:40,425  WARN [Thread-3310] conf.HiveConf: HiveConf of name hive.dummyparam.test.server.specific.config.override does not exist
2024-05-01T01:04:40,425  WARN [Thread-3310] conf.HiveConf: HiveConf of name hive.metastore.metadb.dir does not exist
2024-05-01T01:04:40,425  WARN [Thread-3310] conf.HiveConf: HiveConf of name hive.llap.io.cache.orc.alloc.min does not exist
2024-05-01T01:04:40,425  WARN [Thread-3310] conf.HiveConf: HiveConf of name hive.dummyparam.test.server.specific.config.hivesite does not exist
2024-05-01T01:04:40,425  WARN [Thread-3310] conf.HiveConf: HiveConf of name hive.llap.io.cache.orc.alloc.max does not exist
2024-05-01T01:04:40,425  WARN [Thread-3310] conf.HiveConf: HiveConf of name hive.metastore.client.cache.maxSize does not exist
2024-05-01T01:04:40,425  WARN [Thread-3310] conf.HiveConf: HiveConf of name hive.dummyparam.test.server.specific.config.metastoresite does not exist
2024-05-01T01:04:40,425  WARN [Thread-3310] conf.HiveConf: HiveConf of name hive.metastore.client.cache.recordStats does not exist
2024-05-01T01:04:40,425  WARN [Thread-3310] conf.HiveConf: HiveConf of name hive.llap.io.cache.orc.arena.size does not exist
2024-05-01T01:04:40,425  WARN [Thread-3310] conf.HiveConf: HiveConf of name hive.stats.key.prefix.reserve.length does not exist
2024-05-01T01:04:40,425  INFO [Thread-3310] common.HCatUtil: mapreduce.lib.hcatoutput.hive.conf is set. Applying configuration differences.
2024-05-01T01:04:40,426  INFO [Thread-3310] metastore.HiveMetaStoreClient: HMS client filtering is enabled.
2024-05-01T01:04:40,427  INFO [Thread-3310] metastore.HMSHandler: 97: Opening raw store with implementation class:org.apache.hadoop.hive.metastore.ObjectStore
2024-05-01T01:04:40,427  INFO [Thread-3310] metastore.PersistenceManagerProvider: Configuration datanucleus.autoStartMechanismMode is not set. Defaulting to 'ignored'
2024-05-01T01:04:40,427  INFO [Thread-3310] metastore.ObjectStore: RawStore: org.apache.hadoop.hive.metastore.ObjectStore@11d0bd5e, with PersistenceManager: null will be shutdown
2024-05-01T01:04:40,427  INFO [Thread-3310] metastore.ObjectStore: RawStore: org.apache.hadoop.hive.metastore.ObjectStore@11d0bd5e, with PersistenceManager: org.datanucleus.api.jdo.JDOPersistenceManager@576b72f2 created in the thread with id: 3580
2024-05-01T01:04:40,428  INFO [Thread-3310] metastore.HMSHandler: Created RawStore: org.apache.hadoop.hive.metastore.ObjectStore@11d0bd5e from thread id: 3580
2024-05-01T01:04:40,428  INFO [Thread-3310] metastore.HMSHandler: HMS server filtering is disabled by configuration
2024-05-01T01:04:40,428  INFO [Thread-3310] metastore.RetryingMetaStoreClient: RetryingMetaStoreClient proxy=class org.apache.hive.hcatalog.common.HiveClientCache$CacheableHiveMetaStoreClient ugi=alex (auth:SIMPLE) retries=1 delay=1 lifetime=0
2024-05-01T01:04:40,428  INFO [Thread-3310] HiveMetaStore.audit: ugi=alex	ip=unknown-ip-addr	cmd=Cleaning up thread local RawStore...	
2024-05-01T01:04:40,428  INFO [Thread-3310] metastore.ObjectStore: RawStore: org.apache.hadoop.hive.metastore.ObjectStore@11d0bd5e, with PersistenceManager: org.datanucleus.api.jdo.JDOPersistenceManager@576b72f2 will be shutdown
2024-05-01T01:04:40,428  INFO [Thread-3310] HiveMetaStore.audit: ugi=alex	ip=unknown-ip-addr	cmd=Done cleaning up thread local RawStore	
2024-05-01T01:04:40,428  INFO [Thread-3310] metastore.HiveMetaStoreClient: Closed a connection to metastore, current connections: -95
2024-05-01T01:04:40,428  INFO [Thread-3310] HiveMetaStore.audit: ugi=alex	ip=unknown-ip-addr	cmd=get_databases: @hive#NonExistentDatabaseUsedForHealthCheck	
2024-05-01T01:04:40,429  INFO [Thread-3310] metastore.HMSHandler: 97: Opening raw store with implementation class:org.apache.hadoop.hive.metastore.ObjectStore
2024-05-01T01:04:40,429  INFO [Thread-3310] metastore.ObjectStore: RawStore: org.apache.hadoop.hive.metastore.ObjectStore@79a3abcc, with PersistenceManager: null will be shutdown
2024-05-01T01:04:40,429  INFO [Thread-3310] metastore.ObjectStore: RawStore: org.apache.hadoop.hive.metastore.ObjectStore@79a3abcc, with PersistenceManager: org.datanucleus.api.jdo.JDOPersistenceManager@55a66b5f created in the thread with id: 3580
2024-05-01T01:04:40,431  INFO [Thread-3310] metastore.HMSHandler: Created RawStore: org.apache.hadoop.hive.metastore.ObjectStore@79a3abcc from thread id: 3580
2024-05-01T01:04:40,476  WARN [Thread-3310] conf.HiveConf: HiveConf of name hive.llap.io.cache.orc.size does not exist
2024-05-01T01:04:40,476  WARN [Thread-3310] conf.HiveConf: HiveConf of name hive.dummyparam.test.server.specific.config.override does not exist
2024-05-01T01:04:40,476  WARN [Thread-3310] conf.HiveConf: HiveConf of name hive.metastore.metadb.dir does not exist
2024-05-01T01:04:40,476  WARN [Thread-3310] conf.HiveConf: HiveConf of name hive.llap.io.cache.orc.alloc.min does not exist
2024-05-01T01:04:40,476  WARN [Thread-3310] conf.HiveConf: HiveConf of name hive.dummyparam.test.server.specific.config.hivesite does not exist
2024-05-01T01:04:40,476  WARN [Thread-3310] conf.HiveConf: HiveConf of name hive.llap.io.cache.orc.alloc.max does not exist
2024-05-01T01:04:40,476  WARN [Thread-3310] conf.HiveConf: HiveConf of name hive.metastore.client.cache.maxSize does not exist
2024-05-01T01:04:40,476  WARN [Thread-3310] conf.HiveConf: HiveConf of name hive.dummyparam.test.server.specific.config.metastoresite does not exist
2024-05-01T01:04:40,476  WARN [Thread-3310] conf.HiveConf: HiveConf of name hive.metastore.client.cache.recordStats does not exist
2024-05-01T01:04:40,476  WARN [Thread-3310] conf.HiveConf: HiveConf of name hive.llap.io.cache.orc.arena.size does not exist
2024-05-01T01:04:40,477  WARN [Thread-3310] conf.HiveConf: HiveConf of name hive.stats.key.prefix.reserve.length does not exist
2024-05-01T01:04:40,477  INFO [Thread-3310] mapreduce.FileOutputCommitterContainer: HAR not is not being used. The table employee has new partitions [{emp_country=IN, emp_state=TN}].
2024-05-01T01:04:40,478  INFO [Thread-3310] HiveMetaStore.audit: ugi=alex	ip=unknown-ip-addr	cmd=get_partition : tbl=hive.default.employee[IN,TN]	
2024-05-01T01:04:40,482  INFO [Thread-3310] HiveMetaStore.audit: ugi=alex	ip=unknown-ip-addr	cmd=add_partition	
2024-05-01T01:04:40,482  INFO [Thread-3310] HiveMetaStore.audit: ugi=alex	ip=unknown-ip-addr	cmd=add_partitions	
2024-05-01T01:04:40,485  INFO [HMSHandler #11] utils.MetaStoreServerUtils: Updating partition stats fast for: employee
2024-05-01T01:04:40,486  INFO [HMSHandler #11] utils.MetaStoreServerUtils: Updated size to 554
2024-05-01T01:04:40,492  INFO [main] mapReduceLayer.MapReduceLauncher: HadoopJobId: job_local1403807064_0075
2024-05-01T01:04:40,492  INFO [main] mapReduceLayer.MapReduceLauncher: Processing aliases A,AP,KA,KL,TN
2024-05-01T01:04:40,492  INFO [main] mapReduceLayer.MapReduceLauncher: detailed locations: M: A[1,4],A[-1,-1],TN[1,306],KA[1,341],KL[1,376],AP[1,411] C:  R: 
2024-05-01T01:04:40,494  INFO [main] mapReduceLayer.MapReduceLauncher: 50% complete
2024-05-01T01:04:40,494  INFO [main] mapReduceLayer.MapReduceLauncher: Running jobs are [job_local1403807064_0075]
2024-05-01T01:04:40,516  INFO [Thread-3310] mapreduce.FileOutputCommitterContainer: Cancelling delegation token for the job.
2024-05-01T01:04:40,553  WARN [Thread-3310] conf.HiveConf: HiveConf of name hive.llap.io.cache.orc.size does not exist
2024-05-01T01:04:40,553  WARN [Thread-3310] conf.HiveConf: HiveConf of name hive.dummyparam.test.server.specific.config.override does not exist
2024-05-01T01:04:40,553  WARN [Thread-3310] conf.HiveConf: HiveConf of name hive.metastore.metadb.dir does not exist
2024-05-01T01:04:40,553  WARN [Thread-3310] conf.HiveConf: HiveConf of name hive.llap.io.cache.orc.alloc.min does not exist
2024-05-01T01:04:40,553  WARN [Thread-3310] conf.HiveConf: HiveConf of name hive.dummyparam.test.server.specific.config.hivesite does not exist
2024-05-01T01:04:40,553  WARN [Thread-3310] conf.HiveConf: HiveConf of name hive.llap.io.cache.orc.alloc.max does not exist
2024-05-01T01:04:40,553  WARN [Thread-3310] conf.HiveConf: HiveConf of name hive.metastore.client.cache.maxSize does not exist
2024-05-01T01:04:40,553  WARN [Thread-3310] conf.HiveConf: HiveConf of name hive.dummyparam.test.server.specific.config.metastoresite does not exist
2024-05-01T01:04:40,553  WARN [Thread-3310] conf.HiveConf: HiveConf of name hive.metastore.client.cache.recordStats does not exist
2024-05-01T01:04:40,553  WARN [Thread-3310] conf.HiveConf: HiveConf of name hive.llap.io.cache.orc.arena.size does not exist
2024-05-01T01:04:40,553  WARN [Thread-3310] conf.HiveConf: HiveConf of name hive.stats.key.prefix.reserve.length does not exist
2024-05-01T01:04:40,553  INFO [Thread-3310] common.HCatUtil: mapreduce.lib.hcatoutput.hive.conf is set. Applying configuration differences.
2024-05-01T01:04:40,553  INFO [Thread-3310] HiveMetaStore.audit: ugi=alex	ip=unknown-ip-addr	cmd=get_databases: @hive#NonExistentDatabaseUsedForHealthCheck	
2024-05-01T01:04:40,554  INFO [Thread-3310] mapreduce.FileOutputCommitterContainer: FileOutputCommitterContainer::cancelDelegationTokens(): Could not find tokenStrForm, or HCAT_KEY_TOKEN_SIGNATURE. Skipping token cancellation.
2024-05-01T01:04:40,596  WARN [Thread-3310] conf.HiveConf: HiveConf of name hive.llap.io.cache.orc.size does not exist
2024-05-01T01:04:40,597  WARN [Thread-3310] conf.HiveConf: HiveConf of name hive.dummyparam.test.server.specific.config.override does not exist
2024-05-01T01:04:40,597  WARN [Thread-3310] conf.HiveConf: HiveConf of name hive.metastore.metadb.dir does not exist
2024-05-01T01:04:40,597  WARN [Thread-3310] conf.HiveConf: HiveConf of name hive.llap.io.cache.orc.alloc.min does not exist
2024-05-01T01:04:40,597  WARN [Thread-3310] conf.HiveConf: HiveConf of name hive.dummyparam.test.server.specific.config.hivesite does not exist
2024-05-01T01:04:40,597  WARN [Thread-3310] conf.HiveConf: HiveConf of name hive.llap.io.cache.orc.alloc.max does not exist
2024-05-01T01:04:40,597  WARN [Thread-3310] conf.HiveConf: HiveConf of name hive.metastore.client.cache.maxSize does not exist
2024-05-01T01:04:40,597  WARN [Thread-3310] conf.HiveConf: HiveConf of name hive.dummyparam.test.server.specific.config.metastoresite does not exist
2024-05-01T01:04:40,597  WARN [Thread-3310] conf.HiveConf: HiveConf of name hive.metastore.client.cache.recordStats does not exist
2024-05-01T01:04:40,597  WARN [Thread-3310] conf.HiveConf: HiveConf of name hive.llap.io.cache.orc.arena.size does not exist
2024-05-01T01:04:40,597  WARN [Thread-3310] conf.HiveConf: HiveConf of name hive.stats.key.prefix.reserve.length does not exist
2024-05-01T01:04:40,597  INFO [Thread-3310] common.HCatUtil: mapreduce.lib.hcatoutput.hive.conf is set. Applying configuration differences.
2024-05-01T01:04:40,597  INFO [Thread-3310] HiveMetaStore.audit: ugi=alex	ip=unknown-ip-addr	cmd=get_databases: @hive#NonExistentDatabaseUsedForHealthCheck	
2024-05-01T01:04:40,605  INFO [Thread-3310] mapreduce.FileOutputCommitterContainer: HAR not is not being used. The table employee has new partitions [{emp_country=IN, emp_state=KA}].
2024-05-01T01:04:40,606  INFO [Thread-3310] HiveMetaStore.audit: ugi=alex	ip=unknown-ip-addr	cmd=get_partition : tbl=hive.default.employee[IN,KA]	
2024-05-01T01:04:40,608  INFO [Thread-3310] HiveMetaStore.audit: ugi=alex	ip=unknown-ip-addr	cmd=add_partition	
2024-05-01T01:04:40,608  INFO [Thread-3310] HiveMetaStore.audit: ugi=alex	ip=unknown-ip-addr	cmd=add_partitions	
2024-05-01T01:04:40,611  INFO [HMSHandler #12] utils.MetaStoreServerUtils: Updating partition stats fast for: employee
2024-05-01T01:04:40,611  INFO [HMSHandler #12] utils.MetaStoreServerUtils: Updated size to 554
2024-05-01T01:04:40,633  INFO [Thread-3310] mapreduce.FileOutputCommitterContainer: Cancelling delegation token for the job.
2024-05-01T01:04:40,668  WARN [Thread-3310] conf.HiveConf: HiveConf of name hive.llap.io.cache.orc.size does not exist
2024-05-01T01:04:40,668  WARN [Thread-3310] conf.HiveConf: HiveConf of name hive.dummyparam.test.server.specific.config.override does not exist
2024-05-01T01:04:40,669  WARN [Thread-3310] conf.HiveConf: HiveConf of name hive.metastore.metadb.dir does not exist
2024-05-01T01:04:40,669  WARN [Thread-3310] conf.HiveConf: HiveConf of name hive.llap.io.cache.orc.alloc.min does not exist
2024-05-01T01:04:40,669  WARN [Thread-3310] conf.HiveConf: HiveConf of name hive.dummyparam.test.server.specific.config.hivesite does not exist
2024-05-01T01:04:40,669  WARN [Thread-3310] conf.HiveConf: HiveConf of name hive.llap.io.cache.orc.alloc.max does not exist
2024-05-01T01:04:40,669  WARN [Thread-3310] conf.HiveConf: HiveConf of name hive.metastore.client.cache.maxSize does not exist
2024-05-01T01:04:40,669  WARN [Thread-3310] conf.HiveConf: HiveConf of name hive.dummyparam.test.server.specific.config.metastoresite does not exist
2024-05-01T01:04:40,669  WARN [Thread-3310] conf.HiveConf: HiveConf of name hive.metastore.client.cache.recordStats does not exist
2024-05-01T01:04:40,669  WARN [Thread-3310] conf.HiveConf: HiveConf of name hive.llap.io.cache.orc.arena.size does not exist
2024-05-01T01:04:40,669  WARN [Thread-3310] conf.HiveConf: HiveConf of name hive.stats.key.prefix.reserve.length does not exist
2024-05-01T01:04:40,669  INFO [Thread-3310] common.HCatUtil: mapreduce.lib.hcatoutput.hive.conf is set. Applying configuration differences.
2024-05-01T01:04:40,669  INFO [Thread-3310] HiveMetaStore.audit: ugi=alex	ip=unknown-ip-addr	cmd=get_databases: @hive#NonExistentDatabaseUsedForHealthCheck	
2024-05-01T01:04:40,670  INFO [Thread-3310] mapreduce.FileOutputCommitterContainer: FileOutputCommitterContainer::cancelDelegationTokens(): Could not find tokenStrForm, or HCAT_KEY_TOKEN_SIGNATURE. Skipping token cancellation.
2024-05-01T01:04:40,713  WARN [Thread-3310] conf.HiveConf: HiveConf of name hive.llap.io.cache.orc.size does not exist
2024-05-01T01:04:40,713  WARN [Thread-3310] conf.HiveConf: HiveConf of name hive.dummyparam.test.server.specific.config.override does not exist
2024-05-01T01:04:40,713  WARN [Thread-3310] conf.HiveConf: HiveConf of name hive.metastore.metadb.dir does not exist
2024-05-01T01:04:40,713  WARN [Thread-3310] conf.HiveConf: HiveConf of name hive.llap.io.cache.orc.alloc.min does not exist
2024-05-01T01:04:40,713  WARN [Thread-3310] conf.HiveConf: HiveConf of name hive.dummyparam.test.server.specific.config.hivesite does not exist
2024-05-01T01:04:40,713  WARN [Thread-3310] conf.HiveConf: HiveConf of name hive.llap.io.cache.orc.alloc.max does not exist
2024-05-01T01:04:40,713  WARN [Thread-3310] conf.HiveConf: HiveConf of name hive.metastore.client.cache.maxSize does not exist
2024-05-01T01:04:40,713  WARN [Thread-3310] conf.HiveConf: HiveConf of name hive.dummyparam.test.server.specific.config.metastoresite does not exist
2024-05-01T01:04:40,713  WARN [Thread-3310] conf.HiveConf: HiveConf of name hive.metastore.client.cache.recordStats does not exist
2024-05-01T01:04:40,713  WARN [Thread-3310] conf.HiveConf: HiveConf of name hive.llap.io.cache.orc.arena.size does not exist
2024-05-01T01:04:40,713  WARN [Thread-3310] conf.HiveConf: HiveConf of name hive.stats.key.prefix.reserve.length does not exist
2024-05-01T01:04:40,714  INFO [Thread-3310] common.HCatUtil: mapreduce.lib.hcatoutput.hive.conf is set. Applying configuration differences.
2024-05-01T01:04:40,714  INFO [Thread-3310] HiveMetaStore.audit: ugi=alex	ip=unknown-ip-addr	cmd=get_databases: @hive#NonExistentDatabaseUsedForHealthCheck	
2024-05-01T01:04:40,722  INFO [Thread-3310] mapreduce.FileOutputCommitterContainer: HAR not is not being used. The table employee has new partitions [{emp_country=IN, emp_state=KL}].
2024-05-01T01:04:40,723  INFO [Thread-3310] HiveMetaStore.audit: ugi=alex	ip=unknown-ip-addr	cmd=get_partition : tbl=hive.default.employee[IN,KL]	
2024-05-01T01:04:40,725  INFO [Thread-3310] HiveMetaStore.audit: ugi=alex	ip=unknown-ip-addr	cmd=add_partition	
2024-05-01T01:04:40,725  INFO [Thread-3310] HiveMetaStore.audit: ugi=alex	ip=unknown-ip-addr	cmd=add_partitions	
2024-05-01T01:04:40,728  INFO [HMSHandler #13] utils.MetaStoreServerUtils: Updating partition stats fast for: employee
2024-05-01T01:04:40,728  INFO [HMSHandler #13] utils.MetaStoreServerUtils: Updated size to 544
2024-05-01T01:04:40,750  INFO [Thread-3310] mapreduce.FileOutputCommitterContainer: Cancelling delegation token for the job.
2024-05-01T01:04:40,786  WARN [Thread-3310] conf.HiveConf: HiveConf of name hive.llap.io.cache.orc.size does not exist
2024-05-01T01:04:40,786  WARN [Thread-3310] conf.HiveConf: HiveConf of name hive.dummyparam.test.server.specific.config.override does not exist
2024-05-01T01:04:40,786  WARN [Thread-3310] conf.HiveConf: HiveConf of name hive.metastore.metadb.dir does not exist
2024-05-01T01:04:40,786  WARN [Thread-3310] conf.HiveConf: HiveConf of name hive.llap.io.cache.orc.alloc.min does not exist
2024-05-01T01:04:40,786  WARN [Thread-3310] conf.HiveConf: HiveConf of name hive.dummyparam.test.server.specific.config.hivesite does not exist
2024-05-01T01:04:40,786  WARN [Thread-3310] conf.HiveConf: HiveConf of name hive.llap.io.cache.orc.alloc.max does not exist
2024-05-01T01:04:40,787  WARN [Thread-3310] conf.HiveConf: HiveConf of name hive.metastore.client.cache.maxSize does not exist
2024-05-01T01:04:40,787  WARN [Thread-3310] conf.HiveConf: HiveConf of name hive.dummyparam.test.server.specific.config.metastoresite does not exist
2024-05-01T01:04:40,787  WARN [Thread-3310] conf.HiveConf: HiveConf of name hive.metastore.client.cache.recordStats does not exist
2024-05-01T01:04:40,787  WARN [Thread-3310] conf.HiveConf: HiveConf of name hive.llap.io.cache.orc.arena.size does not exist
2024-05-01T01:04:40,787  WARN [Thread-3310] conf.HiveConf: HiveConf of name hive.stats.key.prefix.reserve.length does not exist
2024-05-01T01:04:40,787  INFO [Thread-3310] common.HCatUtil: mapreduce.lib.hcatoutput.hive.conf is set. Applying configuration differences.
2024-05-01T01:04:40,787  INFO [Thread-3310] HiveMetaStore.audit: ugi=alex	ip=unknown-ip-addr	cmd=get_databases: @hive#NonExistentDatabaseUsedForHealthCheck	
2024-05-01T01:04:40,788  INFO [Thread-3310] mapreduce.FileOutputCommitterContainer: FileOutputCommitterContainer::cancelDelegationTokens(): Could not find tokenStrForm, or HCAT_KEY_TOKEN_SIGNATURE. Skipping token cancellation.
2024-05-01T01:04:40,831  WARN [Thread-3310] conf.HiveConf: HiveConf of name hive.llap.io.cache.orc.size does not exist
2024-05-01T01:04:40,831  WARN [Thread-3310] conf.HiveConf: HiveConf of name hive.dummyparam.test.server.specific.config.override does not exist
2024-05-01T01:04:40,831  WARN [Thread-3310] conf.HiveConf: HiveConf of name hive.metastore.metadb.dir does not exist
2024-05-01T01:04:40,831  WARN [Thread-3310] conf.HiveConf: HiveConf of name hive.llap.io.cache.orc.alloc.min does not exist
2024-05-01T01:04:40,831  WARN [Thread-3310] conf.HiveConf: HiveConf of name hive.dummyparam.test.server.specific.config.hivesite does not exist
2024-05-01T01:04:40,831  WARN [Thread-3310] conf.HiveConf: HiveConf of name hive.llap.io.cache.orc.alloc.max does not exist
2024-05-01T01:04:40,831  WARN [Thread-3310] conf.HiveConf: HiveConf of name hive.metastore.client.cache.maxSize does not exist
2024-05-01T01:04:40,831  WARN [Thread-3310] conf.HiveConf: HiveConf of name hive.dummyparam.test.server.specific.config.metastoresite does not exist
2024-05-01T01:04:40,831  WARN [Thread-3310] conf.HiveConf: HiveConf of name hive.metastore.client.cache.recordStats does not exist
2024-05-01T01:04:40,831  WARN [Thread-3310] conf.HiveConf: HiveConf of name hive.llap.io.cache.orc.arena.size does not exist
2024-05-01T01:04:40,831  WARN [Thread-3310] conf.HiveConf: HiveConf of name hive.stats.key.prefix.reserve.length does not exist
2024-05-01T01:04:40,831  INFO [Thread-3310] common.HCatUtil: mapreduce.lib.hcatoutput.hive.conf is set. Applying configuration differences.
2024-05-01T01:04:40,832  INFO [Thread-3310] HiveMetaStore.audit: ugi=alex	ip=unknown-ip-addr	cmd=get_databases: @hive#NonExistentDatabaseUsedForHealthCheck	
2024-05-01T01:04:40,840  INFO [Thread-3310] mapreduce.FileOutputCommitterContainer: HAR not is not being used. The table employee has new partitions [{emp_country=IN, emp_state=AP}].
2024-05-01T01:04:40,841  INFO [Thread-3310] HiveMetaStore.audit: ugi=alex	ip=unknown-ip-addr	cmd=get_partition : tbl=hive.default.employee[IN,AP]	
2024-05-01T01:04:40,843  INFO [Thread-3310] HiveMetaStore.audit: ugi=alex	ip=unknown-ip-addr	cmd=add_partition	
2024-05-01T01:04:40,843  INFO [Thread-3310] HiveMetaStore.audit: ugi=alex	ip=unknown-ip-addr	cmd=add_partitions	
2024-05-01T01:04:40,846  INFO [HMSHandler #14] utils.MetaStoreServerUtils: Updating partition stats fast for: employee
2024-05-01T01:04:40,846  INFO [HMSHandler #14] utils.MetaStoreServerUtils: Updated size to 545
2024-05-01T01:04:40,868  INFO [Thread-3310] mapreduce.FileOutputCommitterContainer: Cancelling delegation token for the job.
2024-05-01T01:04:40,904  WARN [Thread-3310] conf.HiveConf: HiveConf of name hive.llap.io.cache.orc.size does not exist
2024-05-01T01:04:40,904  WARN [Thread-3310] conf.HiveConf: HiveConf of name hive.dummyparam.test.server.specific.config.override does not exist
2024-05-01T01:04:40,904  WARN [Thread-3310] conf.HiveConf: HiveConf of name hive.metastore.metadb.dir does not exist
2024-05-01T01:04:40,904  WARN [Thread-3310] conf.HiveConf: HiveConf of name hive.llap.io.cache.orc.alloc.min does not exist
2024-05-01T01:04:40,904  WARN [Thread-3310] conf.HiveConf: HiveConf of name hive.dummyparam.test.server.specific.config.hivesite does not exist
2024-05-01T01:04:40,904  WARN [Thread-3310] conf.HiveConf: HiveConf of name hive.llap.io.cache.orc.alloc.max does not exist
2024-05-01T01:04:40,904  WARN [Thread-3310] conf.HiveConf: HiveConf of name hive.metastore.client.cache.maxSize does not exist
2024-05-01T01:04:40,904  WARN [Thread-3310] conf.HiveConf: HiveConf of name hive.dummyparam.test.server.specific.config.metastoresite does not exist
2024-05-01T01:04:40,904  WARN [Thread-3310] conf.HiveConf: HiveConf of name hive.metastore.client.cache.recordStats does not exist
2024-05-01T01:04:40,904  WARN [Thread-3310] conf.HiveConf: HiveConf of name hive.llap.io.cache.orc.arena.size does not exist
2024-05-01T01:04:40,905  WARN [Thread-3310] conf.HiveConf: HiveConf of name hive.stats.key.prefix.reserve.length does not exist
2024-05-01T01:04:40,905  INFO [Thread-3310] common.HCatUtil: mapreduce.lib.hcatoutput.hive.conf is set. Applying configuration differences.
2024-05-01T01:04:40,905  INFO [Thread-3310] HiveMetaStore.audit: ugi=alex	ip=unknown-ip-addr	cmd=get_databases: @hive#NonExistentDatabaseUsedForHealthCheck	
2024-05-01T01:04:40,906  INFO [Thread-3310] mapreduce.FileOutputCommitterContainer: FileOutputCommitterContainer::cancelDelegationTokens(): Could not find tokenStrForm, or HCAT_KEY_TOKEN_SIGNATURE. Skipping token cancellation.
2024-05-01T01:04:40,996  WARN [main] impl.MetricsSystemImpl: JobTracker metrics system already initialized!
2024-05-01T01:04:40,996  WARN [main] impl.MetricsSystemImpl: JobTracker metrics system already initialized!
2024-05-01T01:04:40,997  WARN [main] impl.MetricsSystemImpl: JobTracker metrics system already initialized!
2024-05-01T01:04:41,013  INFO [main] pigstats.JobStats: using output size reader: org.apache.pig.backend.hadoop.executionengine.mapReduceLayer.FileBasedOutputSizeReader
2024-05-01T01:04:41,014  WARN [main] pigstats.JobStats: unable to find the output file
java.io.FileNotFoundException: File employee does not exist
	at org.apache.hadoop.fs.RawLocalFileSystem.listStatus(RawLocalFileSystem.java:464) ~[hadoop-common-3.1.0.jar:?]
	at org.apache.hadoop.fs.FileSystem.listStatus(FileSystem.java:1919) ~[hadoop-common-3.1.0.jar:?]
	at org.apache.hadoop.fs.FileSystem.listStatus(FileSystem.java:1961) ~[hadoop-common-3.1.0.jar:?]
	at org.apache.hadoop.fs.ChecksumFileSystem.listStatus(ChecksumFileSystem.java:678) ~[hadoop-common-3.1.0.jar:?]
	at org.apache.pig.backend.hadoop.executionengine.mapReduceLayer.FileBasedOutputSizeReader.getOutputSize(FileBasedOutputSizeReader.java:81) ~[pig-0.16.0-h2.jar:?]
	at org.apache.pig.tools.pigstats.JobStats.getOutputSize(JobStats.java:351) [pig-0.16.0-h2.jar:?]
	at org.apache.pig.tools.pigstats.mapreduce.MRJobStats.addOneOutputStats(MRJobStats.java:461) [pig-0.16.0-h2.jar:?]
	at org.apache.pig.tools.pigstats.mapreduce.MRJobStats.addOutputStatistics(MRJobStats.java:443) [pig-0.16.0-h2.jar:?]
	at org.apache.pig.tools.pigstats.mapreduce.MRPigStatsUtil.addSuccessJobStats(MRPigStatsUtil.java:237) [pig-0.16.0-h2.jar:?]
	at org.apache.pig.tools.pigstats.mapreduce.MRPigStatsUtil.accumulateStats(MRPigStatsUtil.java:165) [pig-0.16.0-h2.jar:?]
	at org.apache.pig.backend.hadoop.executionengine.mapReduceLayer.MapReduceLauncher.launchPig(MapReduceLauncher.java:360) [pig-0.16.0-h2.jar:?]
	at org.apache.pig.backend.hadoop.executionengine.HExecutionEngine.launchPig(HExecutionEngine.java:308) [pig-0.16.0-h2.jar:?]
	at org.apache.pig.PigServer.launchPlan(PigServer.java:1474) [pig-0.16.0-h2.jar:?]
	at org.apache.pig.PigServer.executeCompiledLogicalPlan(PigServer.java:1459) [pig-0.16.0-h2.jar:?]
	at org.apache.pig.PigServer.execute(PigServer.java:1448) [pig-0.16.0-h2.jar:?]
	at org.apache.pig.PigServer.executeBatch(PigServer.java:488) [pig-0.16.0-h2.jar:?]
	at org.apache.pig.PigServer.executeBatch(PigServer.java:471) [pig-0.16.0-h2.jar:?]
	at org.apache.hive.hcatalog.pig.AbstractHCatStorerTest.testMultiPartColsInData(AbstractHCatStorerTest.java:478) [test-classes/:?]
	at sun.reflect.NativeMethodAccessorImpl.invoke0(Native Method) ~[?:1.8.0_402]
	at sun.reflect.NativeMethodAccessorImpl.invoke(NativeMethodAccessorImpl.java:62) ~[?:1.8.0_402]
	at sun.reflect.DelegatingMethodAccessorImpl.invoke(DelegatingMethodAccessorImpl.java:43) ~[?:1.8.0_402]
	at java.lang.reflect.Method.invoke(Method.java:498) ~[?:1.8.0_402]
	at org.junit.runners.model.FrameworkMethod$1.runReflectiveCall(FrameworkMethod.java:59) [junit-4.13.jar:4.13]
	at org.junit.internal.runners.model.ReflectiveCallable.run(ReflectiveCallable.java:12) [junit-4.13.jar:4.13]
	at org.junit.runners.model.FrameworkMethod.invokeExplosively(FrameworkMethod.java:56) [junit-4.13.jar:4.13]
	at org.junit.internal.runners.statements.InvokeMethod.evaluate(InvokeMethod.java:17) [junit-4.13.jar:4.13]
	at org.junit.internal.runners.statements.RunBefores.evaluate(RunBefores.java:26) [junit-4.13.jar:4.13]
	at org.junit.runners.ParentRunner$3.evaluate(ParentRunner.java:306) [junit-4.13.jar:4.13]
	at org.junit.runners.BlockJUnit4ClassRunner$1.evaluate(BlockJUnit4ClassRunner.java:100) [junit-4.13.jar:4.13]
	at org.junit.runners.ParentRunner.runLeaf(ParentRunner.java:366) [junit-4.13.jar:4.13]
	at org.junit.runners.BlockJUnit4ClassRunner.runChild(BlockJUnit4ClassRunner.java:103) [junit-4.13.jar:4.13]
	at org.junit.runners.BlockJUnit4ClassRunner.runChild(BlockJUnit4ClassRunner.java:63) [junit-4.13.jar:4.13]
	at org.junit.runners.ParentRunner$4.run(ParentRunner.java:331) [junit-4.13.jar:4.13]
	at org.junit.runners.ParentRunner$1.schedule(ParentRunner.java:79) [junit-4.13.jar:4.13]
	at org.junit.runners.ParentRunner.runChildren(ParentRunner.java:329) [junit-4.13.jar:4.13]
	at org.junit.runners.ParentRunner.access$100(ParentRunner.java:66) [junit-4.13.jar:4.13]
	at org.junit.runners.ParentRunner$2.evaluate(ParentRunner.java:293) [junit-4.13.jar:4.13]
	at org.junit.internal.runners.statements.RunBefores.evaluate(RunBefores.java:26) [junit-4.13.jar:4.13]
	at org.junit.runners.ParentRunner$3.evaluate(ParentRunner.java:306) [junit-4.13.jar:4.13]
	at org.junit.runners.ParentRunner.run(ParentRunner.java:413) [junit-4.13.jar:4.13]
	at org.apache.maven.surefire.junit4.JUnit4Provider.execute(JUnit4Provider.java:365) [surefire-junit4-3.0.0-M4.jar:3.0.0-M4]
	at org.apache.maven.surefire.junit4.JUnit4Provider.executeWithRerun(JUnit4Provider.java:273) [surefire-junit4-3.0.0-M4.jar:3.0.0-M4]
	at org.apache.maven.surefire.junit4.JUnit4Provider.executeTestSet(JUnit4Provider.java:238) [surefire-junit4-3.0.0-M4.jar:3.0.0-M4]
	at org.apache.maven.surefire.junit4.JUnit4Provider.invoke(JUnit4Provider.java:159) [surefire-junit4-3.0.0-M4.jar:3.0.0-M4]
	at org.apache.maven.surefire.booter.ForkedBooter.runSuitesInProcess(ForkedBooter.java:377) [surefire-booter-3.0.0-M4.jar:3.0.0-M4]
	at org.apache.maven.surefire.booter.ForkedBooter.execute(ForkedBooter.java:138) [surefire-booter-3.0.0-M4.jar:3.0.0-M4]
	at org.apache.maven.surefire.booter.ForkedBooter.run(ForkedBooter.java:465) [surefire-booter-3.0.0-M4.jar:3.0.0-M4]
	at org.apache.maven.surefire.booter.ForkedBooter.main(ForkedBooter.java:451) [surefire-booter-3.0.0-M4.jar:3.0.0-M4]
2024-05-01T01:04:41,014  INFO [main] pigstats.JobStats: using output size reader: org.apache.pig.backend.hadoop.executionengine.mapReduceLayer.FileBasedOutputSizeReader
2024-05-01T01:04:41,014  WARN [main] pigstats.JobStats: unable to find the output file
java.io.FileNotFoundException: File employee does not exist
	at org.apache.hadoop.fs.RawLocalFileSystem.listStatus(RawLocalFileSystem.java:464) ~[hadoop-common-3.1.0.jar:?]
	at org.apache.hadoop.fs.FileSystem.listStatus(FileSystem.java:1919) ~[hadoop-common-3.1.0.jar:?]
	at org.apache.hadoop.fs.FileSystem.listStatus(FileSystem.java:1961) ~[hadoop-common-3.1.0.jar:?]
	at org.apache.hadoop.fs.ChecksumFileSystem.listStatus(ChecksumFileSystem.java:678) ~[hadoop-common-3.1.0.jar:?]
	at org.apache.pig.backend.hadoop.executionengine.mapReduceLayer.FileBasedOutputSizeReader.getOutputSize(FileBasedOutputSizeReader.java:81) ~[pig-0.16.0-h2.jar:?]
	at org.apache.pig.tools.pigstats.JobStats.getOutputSize(JobStats.java:351) [pig-0.16.0-h2.jar:?]
	at org.apache.pig.tools.pigstats.mapreduce.MRJobStats.addOneOutputStats(MRJobStats.java:461) [pig-0.16.0-h2.jar:?]
	at org.apache.pig.tools.pigstats.mapreduce.MRJobStats.addOutputStatistics(MRJobStats.java:443) [pig-0.16.0-h2.jar:?]
	at org.apache.pig.tools.pigstats.mapreduce.MRPigStatsUtil.addSuccessJobStats(MRPigStatsUtil.java:237) [pig-0.16.0-h2.jar:?]
	at org.apache.pig.tools.pigstats.mapreduce.MRPigStatsUtil.accumulateStats(MRPigStatsUtil.java:165) [pig-0.16.0-h2.jar:?]
	at org.apache.pig.backend.hadoop.executionengine.mapReduceLayer.MapReduceLauncher.launchPig(MapReduceLauncher.java:360) [pig-0.16.0-h2.jar:?]
	at org.apache.pig.backend.hadoop.executionengine.HExecutionEngine.launchPig(HExecutionEngine.java:308) [pig-0.16.0-h2.jar:?]
	at org.apache.pig.PigServer.launchPlan(PigServer.java:1474) [pig-0.16.0-h2.jar:?]
	at org.apache.pig.PigServer.executeCompiledLogicalPlan(PigServer.java:1459) [pig-0.16.0-h2.jar:?]
	at org.apache.pig.PigServer.execute(PigServer.java:1448) [pig-0.16.0-h2.jar:?]
	at org.apache.pig.PigServer.executeBatch(PigServer.java:488) [pig-0.16.0-h2.jar:?]
	at org.apache.pig.PigServer.executeBatch(PigServer.java:471) [pig-0.16.0-h2.jar:?]
	at org.apache.hive.hcatalog.pig.AbstractHCatStorerTest.testMultiPartColsInData(AbstractHCatStorerTest.java:478) [test-classes/:?]
	at sun.reflect.NativeMethodAccessorImpl.invoke0(Native Method) ~[?:1.8.0_402]
	at sun.reflect.NativeMethodAccessorImpl.invoke(NativeMethodAccessorImpl.java:62) ~[?:1.8.0_402]
	at sun.reflect.DelegatingMethodAccessorImpl.invoke(DelegatingMethodAccessorImpl.java:43) ~[?:1.8.0_402]
	at java.lang.reflect.Method.invoke(Method.java:498) ~[?:1.8.0_402]
	at org.junit.runners.model.FrameworkMethod$1.runReflectiveCall(FrameworkMethod.java:59) [junit-4.13.jar:4.13]
	at org.junit.internal.runners.model.ReflectiveCallable.run(ReflectiveCallable.java:12) [junit-4.13.jar:4.13]
	at org.junit.runners.model.FrameworkMethod.invokeExplosively(FrameworkMethod.java:56) [junit-4.13.jar:4.13]
	at org.junit.internal.runners.statements.InvokeMethod.evaluate(InvokeMethod.java:17) [junit-4.13.jar:4.13]
	at org.junit.internal.runners.statements.RunBefores.evaluate(RunBefores.java:26) [junit-4.13.jar:4.13]
	at org.junit.runners.ParentRunner$3.evaluate(ParentRunner.java:306) [junit-4.13.jar:4.13]
	at org.junit.runners.BlockJUnit4ClassRunner$1.evaluate(BlockJUnit4ClassRunner.java:100) [junit-4.13.jar:4.13]
	at org.junit.runners.ParentRunner.runLeaf(ParentRunner.java:366) [junit-4.13.jar:4.13]
	at org.junit.runners.BlockJUnit4ClassRunner.runChild(BlockJUnit4ClassRunner.java:103) [junit-4.13.jar:4.13]
	at org.junit.runners.BlockJUnit4ClassRunner.runChild(BlockJUnit4ClassRunner.java:63) [junit-4.13.jar:4.13]
	at org.junit.runners.ParentRunner$4.run(ParentRunner.java:331) [junit-4.13.jar:4.13]
	at org.junit.runners.ParentRunner$1.schedule(ParentRunner.java:79) [junit-4.13.jar:4.13]
	at org.junit.runners.ParentRunner.runChildren(ParentRunner.java:329) [junit-4.13.jar:4.13]
	at org.junit.runners.ParentRunner.access$100(ParentRunner.java:66) [junit-4.13.jar:4.13]
	at org.junit.runners.ParentRunner$2.evaluate(ParentRunner.java:293) [junit-4.13.jar:4.13]
	at org.junit.internal.runners.statements.RunBefores.evaluate(RunBefores.java:26) [junit-4.13.jar:4.13]
	at org.junit.runners.ParentRunner$3.evaluate(ParentRunner.java:306) [junit-4.13.jar:4.13]
	at org.junit.runners.ParentRunner.run(ParentRunner.java:413) [junit-4.13.jar:4.13]
	at org.apache.maven.surefire.junit4.JUnit4Provider.execute(JUnit4Provider.java:365) [surefire-junit4-3.0.0-M4.jar:3.0.0-M4]
	at org.apache.maven.surefire.junit4.JUnit4Provider.executeWithRerun(JUnit4Provider.java:273) [surefire-junit4-3.0.0-M4.jar:3.0.0-M4]
	at org.apache.maven.surefire.junit4.JUnit4Provider.executeTestSet(JUnit4Provider.java:238) [surefire-junit4-3.0.0-M4.jar:3.0.0-M4]
	at org.apache.maven.surefire.junit4.JUnit4Provider.invoke(JUnit4Provider.java:159) [surefire-junit4-3.0.0-M4.jar:3.0.0-M4]
	at org.apache.maven.surefire.booter.ForkedBooter.runSuitesInProcess(ForkedBooter.java:377) [surefire-booter-3.0.0-M4.jar:3.0.0-M4]
	at org.apache.maven.surefire.booter.ForkedBooter.execute(ForkedBooter.java:138) [surefire-booter-3.0.0-M4.jar:3.0.0-M4]
	at org.apache.maven.surefire.booter.ForkedBooter.run(ForkedBooter.java:465) [surefire-booter-3.0.0-M4.jar:3.0.0-M4]
	at org.apache.maven.surefire.booter.ForkedBooter.main(ForkedBooter.java:451) [surefire-booter-3.0.0-M4.jar:3.0.0-M4]
2024-05-01T01:04:41,015  INFO [main] pigstats.JobStats: using output size reader: org.apache.pig.backend.hadoop.executionengine.mapReduceLayer.FileBasedOutputSizeReader
2024-05-01T01:04:41,015  WARN [main] pigstats.JobStats: unable to find the output file
java.io.FileNotFoundException: File employee does not exist
	at org.apache.hadoop.fs.RawLocalFileSystem.listStatus(RawLocalFileSystem.java:464) ~[hadoop-common-3.1.0.jar:?]
	at org.apache.hadoop.fs.FileSystem.listStatus(FileSystem.java:1919) ~[hadoop-common-3.1.0.jar:?]
	at org.apache.hadoop.fs.FileSystem.listStatus(FileSystem.java:1961) ~[hadoop-common-3.1.0.jar:?]
	at org.apache.hadoop.fs.ChecksumFileSystem.listStatus(ChecksumFileSystem.java:678) ~[hadoop-common-3.1.0.jar:?]
	at org.apache.pig.backend.hadoop.executionengine.mapReduceLayer.FileBasedOutputSizeReader.getOutputSize(FileBasedOutputSizeReader.java:81) ~[pig-0.16.0-h2.jar:?]
	at org.apache.pig.tools.pigstats.JobStats.getOutputSize(JobStats.java:351) [pig-0.16.0-h2.jar:?]
	at org.apache.pig.tools.pigstats.mapreduce.MRJobStats.addOneOutputStats(MRJobStats.java:461) [pig-0.16.0-h2.jar:?]
	at org.apache.pig.tools.pigstats.mapreduce.MRJobStats.addOutputStatistics(MRJobStats.java:443) [pig-0.16.0-h2.jar:?]
	at org.apache.pig.tools.pigstats.mapreduce.MRPigStatsUtil.addSuccessJobStats(MRPigStatsUtil.java:237) [pig-0.16.0-h2.jar:?]
	at org.apache.pig.tools.pigstats.mapreduce.MRPigStatsUtil.accumulateStats(MRPigStatsUtil.java:165) [pig-0.16.0-h2.jar:?]
	at org.apache.pig.backend.hadoop.executionengine.mapReduceLayer.MapReduceLauncher.launchPig(MapReduceLauncher.java:360) [pig-0.16.0-h2.jar:?]
	at org.apache.pig.backend.hadoop.executionengine.HExecutionEngine.launchPig(HExecutionEngine.java:308) [pig-0.16.0-h2.jar:?]
	at org.apache.pig.PigServer.launchPlan(PigServer.java:1474) [pig-0.16.0-h2.jar:?]
	at org.apache.pig.PigServer.executeCompiledLogicalPlan(PigServer.java:1459) [pig-0.16.0-h2.jar:?]
	at org.apache.pig.PigServer.execute(PigServer.java:1448) [pig-0.16.0-h2.jar:?]
	at org.apache.pig.PigServer.executeBatch(PigServer.java:488) [pig-0.16.0-h2.jar:?]
	at org.apache.pig.PigServer.executeBatch(PigServer.java:471) [pig-0.16.0-h2.jar:?]
	at org.apache.hive.hcatalog.pig.AbstractHCatStorerTest.testMultiPartColsInData(AbstractHCatStorerTest.java:478) [test-classes/:?]
	at sun.reflect.NativeMethodAccessorImpl.invoke0(Native Method) ~[?:1.8.0_402]
	at sun.reflect.NativeMethodAccessorImpl.invoke(NativeMethodAccessorImpl.java:62) ~[?:1.8.0_402]
	at sun.reflect.DelegatingMethodAccessorImpl.invoke(DelegatingMethodAccessorImpl.java:43) ~[?:1.8.0_402]
	at java.lang.reflect.Method.invoke(Method.java:498) ~[?:1.8.0_402]
	at org.junit.runners.model.FrameworkMethod$1.runReflectiveCall(FrameworkMethod.java:59) [junit-4.13.jar:4.13]
	at org.junit.internal.runners.model.ReflectiveCallable.run(ReflectiveCallable.java:12) [junit-4.13.jar:4.13]
	at org.junit.runners.model.FrameworkMethod.invokeExplosively(FrameworkMethod.java:56) [junit-4.13.jar:4.13]
	at org.junit.internal.runners.statements.InvokeMethod.evaluate(InvokeMethod.java:17) [junit-4.13.jar:4.13]
	at org.junit.internal.runners.statements.RunBefores.evaluate(RunBefores.java:26) [junit-4.13.jar:4.13]
	at org.junit.runners.ParentRunner$3.evaluate(ParentRunner.java:306) [junit-4.13.jar:4.13]
	at org.junit.runners.BlockJUnit4ClassRunner$1.evaluate(BlockJUnit4ClassRunner.java:100) [junit-4.13.jar:4.13]
	at org.junit.runners.ParentRunner.runLeaf(ParentRunner.java:366) [junit-4.13.jar:4.13]
	at org.junit.runners.BlockJUnit4ClassRunner.runChild(BlockJUnit4ClassRunner.java:103) [junit-4.13.jar:4.13]
	at org.junit.runners.BlockJUnit4ClassRunner.runChild(BlockJUnit4ClassRunner.java:63) [junit-4.13.jar:4.13]
	at org.junit.runners.ParentRunner$4.run(ParentRunner.java:331) [junit-4.13.jar:4.13]
	at org.junit.runners.ParentRunner$1.schedule(ParentRunner.java:79) [junit-4.13.jar:4.13]
	at org.junit.runners.ParentRunner.runChildren(ParentRunner.java:329) [junit-4.13.jar:4.13]
	at org.junit.runners.ParentRunner.access$100(ParentRunner.java:66) [junit-4.13.jar:4.13]
	at org.junit.runners.ParentRunner$2.evaluate(ParentRunner.java:293) [junit-4.13.jar:4.13]
	at org.junit.internal.runners.statements.RunBefores.evaluate(RunBefores.java:26) [junit-4.13.jar:4.13]
	at org.junit.runners.ParentRunner$3.evaluate(ParentRunner.java:306) [junit-4.13.jar:4.13]
	at org.junit.runners.ParentRunner.run(ParentRunner.java:413) [junit-4.13.jar:4.13]
	at org.apache.maven.surefire.junit4.JUnit4Provider.execute(JUnit4Provider.java:365) [surefire-junit4-3.0.0-M4.jar:3.0.0-M4]
	at org.apache.maven.surefire.junit4.JUnit4Provider.executeWithRerun(JUnit4Provider.java:273) [surefire-junit4-3.0.0-M4.jar:3.0.0-M4]
	at org.apache.maven.surefire.junit4.JUnit4Provider.executeTestSet(JUnit4Provider.java:238) [surefire-junit4-3.0.0-M4.jar:3.0.0-M4]
	at org.apache.maven.surefire.junit4.JUnit4Provider.invoke(JUnit4Provider.java:159) [surefire-junit4-3.0.0-M4.jar:3.0.0-M4]
	at org.apache.maven.surefire.booter.ForkedBooter.runSuitesInProcess(ForkedBooter.java:377) [surefire-booter-3.0.0-M4.jar:3.0.0-M4]
	at org.apache.maven.surefire.booter.ForkedBooter.execute(ForkedBooter.java:138) [surefire-booter-3.0.0-M4.jar:3.0.0-M4]
	at org.apache.maven.surefire.booter.ForkedBooter.run(ForkedBooter.java:465) [surefire-booter-3.0.0-M4.jar:3.0.0-M4]
	at org.apache.maven.surefire.booter.ForkedBooter.main(ForkedBooter.java:451) [surefire-booter-3.0.0-M4.jar:3.0.0-M4]
2024-05-01T01:04:41,016  INFO [main] pigstats.JobStats: using output size reader: org.apache.pig.backend.hadoop.executionengine.mapReduceLayer.FileBasedOutputSizeReader
2024-05-01T01:04:41,016  WARN [main] pigstats.JobStats: unable to find the output file
java.io.FileNotFoundException: File employee does not exist
	at org.apache.hadoop.fs.RawLocalFileSystem.listStatus(RawLocalFileSystem.java:464) ~[hadoop-common-3.1.0.jar:?]
	at org.apache.hadoop.fs.FileSystem.listStatus(FileSystem.java:1919) ~[hadoop-common-3.1.0.jar:?]
	at org.apache.hadoop.fs.FileSystem.listStatus(FileSystem.java:1961) ~[hadoop-common-3.1.0.jar:?]
	at org.apache.hadoop.fs.ChecksumFileSystem.listStatus(ChecksumFileSystem.java:678) ~[hadoop-common-3.1.0.jar:?]
	at org.apache.pig.backend.hadoop.executionengine.mapReduceLayer.FileBasedOutputSizeReader.getOutputSize(FileBasedOutputSizeReader.java:81) ~[pig-0.16.0-h2.jar:?]
	at org.apache.pig.tools.pigstats.JobStats.getOutputSize(JobStats.java:351) [pig-0.16.0-h2.jar:?]
	at org.apache.pig.tools.pigstats.mapreduce.MRJobStats.addOneOutputStats(MRJobStats.java:461) [pig-0.16.0-h2.jar:?]
	at org.apache.pig.tools.pigstats.mapreduce.MRJobStats.addOutputStatistics(MRJobStats.java:443) [pig-0.16.0-h2.jar:?]
	at org.apache.pig.tools.pigstats.mapreduce.MRPigStatsUtil.addSuccessJobStats(MRPigStatsUtil.java:237) [pig-0.16.0-h2.jar:?]
	at org.apache.pig.tools.pigstats.mapreduce.MRPigStatsUtil.accumulateStats(MRPigStatsUtil.java:165) [pig-0.16.0-h2.jar:?]
	at org.apache.pig.backend.hadoop.executionengine.mapReduceLayer.MapReduceLauncher.launchPig(MapReduceLauncher.java:360) [pig-0.16.0-h2.jar:?]
	at org.apache.pig.backend.hadoop.executionengine.HExecutionEngine.launchPig(HExecutionEngine.java:308) [pig-0.16.0-h2.jar:?]
	at org.apache.pig.PigServer.launchPlan(PigServer.java:1474) [pig-0.16.0-h2.jar:?]
	at org.apache.pig.PigServer.executeCompiledLogicalPlan(PigServer.java:1459) [pig-0.16.0-h2.jar:?]
	at org.apache.pig.PigServer.execute(PigServer.java:1448) [pig-0.16.0-h2.jar:?]
	at org.apache.pig.PigServer.executeBatch(PigServer.java:488) [pig-0.16.0-h2.jar:?]
	at org.apache.pig.PigServer.executeBatch(PigServer.java:471) [pig-0.16.0-h2.jar:?]
	at org.apache.hive.hcatalog.pig.AbstractHCatStorerTest.testMultiPartColsInData(AbstractHCatStorerTest.java:478) [test-classes/:?]
	at sun.reflect.NativeMethodAccessorImpl.invoke0(Native Method) ~[?:1.8.0_402]
	at sun.reflect.NativeMethodAccessorImpl.invoke(NativeMethodAccessorImpl.java:62) ~[?:1.8.0_402]
	at sun.reflect.DelegatingMethodAccessorImpl.invoke(DelegatingMethodAccessorImpl.java:43) ~[?:1.8.0_402]
	at java.lang.reflect.Method.invoke(Method.java:498) ~[?:1.8.0_402]
	at org.junit.runners.model.FrameworkMethod$1.runReflectiveCall(FrameworkMethod.java:59) [junit-4.13.jar:4.13]
	at org.junit.internal.runners.model.ReflectiveCallable.run(ReflectiveCallable.java:12) [junit-4.13.jar:4.13]
	at org.junit.runners.model.FrameworkMethod.invokeExplosively(FrameworkMethod.java:56) [junit-4.13.jar:4.13]
	at org.junit.internal.runners.statements.InvokeMethod.evaluate(InvokeMethod.java:17) [junit-4.13.jar:4.13]
	at org.junit.internal.runners.statements.RunBefores.evaluate(RunBefores.java:26) [junit-4.13.jar:4.13]
	at org.junit.runners.ParentRunner$3.evaluate(ParentRunner.java:306) [junit-4.13.jar:4.13]
	at org.junit.runners.BlockJUnit4ClassRunner$1.evaluate(BlockJUnit4ClassRunner.java:100) [junit-4.13.jar:4.13]
	at org.junit.runners.ParentRunner.runLeaf(ParentRunner.java:366) [junit-4.13.jar:4.13]
	at org.junit.runners.BlockJUnit4ClassRunner.runChild(BlockJUnit4ClassRunner.java:103) [junit-4.13.jar:4.13]
	at org.junit.runners.BlockJUnit4ClassRunner.runChild(BlockJUnit4ClassRunner.java:63) [junit-4.13.jar:4.13]
	at org.junit.runners.ParentRunner$4.run(ParentRunner.java:331) [junit-4.13.jar:4.13]
	at org.junit.runners.ParentRunner$1.schedule(ParentRunner.java:79) [junit-4.13.jar:4.13]
	at org.junit.runners.ParentRunner.runChildren(ParentRunner.java:329) [junit-4.13.jar:4.13]
	at org.junit.runners.ParentRunner.access$100(ParentRunner.java:66) [junit-4.13.jar:4.13]
	at org.junit.runners.ParentRunner$2.evaluate(ParentRunner.java:293) [junit-4.13.jar:4.13]
	at org.junit.internal.runners.statements.RunBefores.evaluate(RunBefores.java:26) [junit-4.13.jar:4.13]
	at org.junit.runners.ParentRunner$3.evaluate(ParentRunner.java:306) [junit-4.13.jar:4.13]
	at org.junit.runners.ParentRunner.run(ParentRunner.java:413) [junit-4.13.jar:4.13]
	at org.apache.maven.surefire.junit4.JUnit4Provider.execute(JUnit4Provider.java:365) [surefire-junit4-3.0.0-M4.jar:3.0.0-M4]
	at org.apache.maven.surefire.junit4.JUnit4Provider.executeWithRerun(JUnit4Provider.java:273) [surefire-junit4-3.0.0-M4.jar:3.0.0-M4]
	at org.apache.maven.surefire.junit4.JUnit4Provider.executeTestSet(JUnit4Provider.java:238) [surefire-junit4-3.0.0-M4.jar:3.0.0-M4]
	at org.apache.maven.surefire.junit4.JUnit4Provider.invoke(JUnit4Provider.java:159) [surefire-junit4-3.0.0-M4.jar:3.0.0-M4]
	at org.apache.maven.surefire.booter.ForkedBooter.runSuitesInProcess(ForkedBooter.java:377) [surefire-booter-3.0.0-M4.jar:3.0.0-M4]
	at org.apache.maven.surefire.booter.ForkedBooter.execute(ForkedBooter.java:138) [surefire-booter-3.0.0-M4.jar:3.0.0-M4]
	at org.apache.maven.surefire.booter.ForkedBooter.run(ForkedBooter.java:465) [surefire-booter-3.0.0-M4.jar:3.0.0-M4]
	at org.apache.maven.surefire.booter.ForkedBooter.main(ForkedBooter.java:451) [surefire-booter-3.0.0-M4.jar:3.0.0-M4]
2024-05-01T01:04:41,016  INFO [main] mapReduceLayer.MapReduceLauncher: 100% complete
2024-05-01T01:04:41,016  INFO [main] mapreduce.SimplePigStats: Script Statistics: 

HadoopVersion	PigVersion	UserId	StartedAt	FinishedAt	Features
3.1.0	0.16.0	alex	2024-05-01 01:04:39	2024-05-01 01:04:41	FILTER

Success!

Job Stats (time in seconds):
JobId	Maps	Reduces	MaxMapTime	MinMapTime	AvgMapTime	MedianMapTime	MaxReduceTime	MinReduceTime	AvgReduceTime	MedianReducetime	Alias	Feature	Outputs
job_local1403807064_0075	1	0	n/a	n/a	n/a	n/a	0	0	0	0	A,AP,KA,KL,TN	MULTI_QUERY,MAP_ONLY	employee,employee,employee,employee,

Input(s):
Successfully read 4 records from: "/home/alex/Repositories/hive/hcatalog/hcatalog-pig-adapter/build/test/data/org.apache.hive.hcatalog.mapreduce.HCatBaseTest-1714550620829/input.data"

Output(s):
Successfully stored 1 records in: "employee"
Successfully stored 1 records in: "employee"
Successfully stored 1 records in: "employee"
Successfully stored 1 records in: "employee"

Counters:
Total records written : 4
Total bytes written : 0
Spillable Memory Manager spill count : 0
Total bags proactively spilled: 0
Total records proactively spilled: 0

Job DAG:
job_local1403807064_0075


2024-05-01T01:04:41,018  WARN [main] impl.MetricsSystemImpl: JobTracker metrics system already initialized!
2024-05-01T01:04:41,019  WARN [main] impl.MetricsSystemImpl: JobTracker metrics system already initialized!
2024-05-01T01:04:41,019  INFO [main] mapReduceLayer.MapReduceLauncher: Success!
2024-05-01T01:04:41,021  INFO [main] ql.Driver: Compiling command(queryId=alex_20240501010439_2bcaf937-fa56-4a65-9c30-19e04672383e): select * from employee
2024-05-01T01:04:41,021  INFO [main] parse.CalcitePlanner: Starting caching scope for: alex_20240501010439_2bcaf937-fa56-4a65-9c30-19e04672383e
2024-05-01T01:04:41,021  INFO [main] parse.CalcitePlanner: Starting Semantic Analysis
2024-05-01T01:04:41,022  INFO [main] parse.CalcitePlanner: Completed phase 1 of Semantic Analysis
2024-05-01T01:04:41,022  INFO [main] parse.CalcitePlanner: Get metadata for source tables
2024-05-01T01:04:41,022  INFO [main] HiveMetaStore.audit: ugi=alex	ip=unknown-ip-addr	cmd=get_table : tbl=hive.default.employee	
2024-05-01T01:04:41,025  INFO [main] metastore.HMSHandler: Skipping translation for processor with null
2024-05-01T01:04:41,026  INFO [main] parse.CalcitePlanner: Get metadata for subqueries
2024-05-01T01:04:41,026  INFO [main] parse.CalcitePlanner: Get metadata for destination tables
2024-05-01T01:04:41,026  INFO [main] parse.CalcitePlanner: Completed getting MetaData in Semantic Analysis
2024-05-01T01:04:41,027  INFO [main] HiveMetaStore.audit: ugi=alex	ip=unknown-ip-addr	cmd=get_all_table_constraints : tbl=hive.default.employee	
2024-05-01T01:04:41,033  INFO [main] calcite.RelOptHiveTable: Calculating column statistics for default.employee, projIndxSet: [0, 1, 2, 3, 4, 5], allowMissingStats: true
2024-05-01T01:04:41,033  INFO [main] HiveMetaStore.audit: ugi=alex	ip=unknown-ip-addr	cmd=get_partitions : tbl=hive.default.employee	
2024-05-01T01:04:41,057  INFO [main] HiveMetaStore.audit: ugi=alex	ip=unknown-ip-addr	cmd=get_aggr_stats_for: table=hive.default.employee	
2024-05-01T01:04:41,064  WARN [main] calcite.RelOptHiveTable: No Stats for default@employee, Columns: emp_start_date, emp_name, emp_gender, emp_id
No Stats for default@employee, Columns: emp_start_date, emp_name, emp_gender, emp_id
2024-05-01T01:04:41,064  INFO [main] SessionState: No Stats for default@employee, Columns: emp_start_date, emp_name, emp_gender, emp_id
2024-05-01T01:04:41,091  INFO [main] parse.CalcitePlanner: Get metadata for source tables
2024-05-01T01:04:41,091  INFO [main] parse.CalcitePlanner: Get metadata for subqueries
2024-05-01T01:04:41,091  INFO [main] parse.CalcitePlanner: Get metadata for destination tables
2024-05-01T01:04:41,092  INFO [main] common.FileUtils: Creating directory if it doesn't exist: file:/home/alex/Repositories/hive/hcatalog/hcatalog-pig-adapter/target/tmp/localscratchdir/9860e757-e385-4ce1-b966-c4367437e938/hive_2024-05-01_01-04-41_021_38486500589433388-1/-mr-10001/.hive-staging_hive_2024-05-01_01-04-41_021_38486500589433388-1
2024-05-01T01:04:41,100  INFO [main] parse.CalcitePlanner: CBO Succeeded; optimized logical plan.
2024-05-01T01:04:41,101  INFO [main] optimizer.BucketVersionPopulator: not considering bucketingVersion for: TS[0] because it has -1<2 buckets 
2024-05-01T01:04:41,101  INFO [main] parse.CalcitePlanner: Completed plan generation
2024-05-01T01:04:41,101  INFO [main] parse.CalcitePlanner: Ending caching scope for: alex_20240501010439_2bcaf937-fa56-4a65-9c30-19e04672383e
2024-05-01T01:04:41,101  INFO [main] ql.Driver: Semantic Analysis Completed (retrial = false)
2024-05-01T01:04:41,102  INFO [main] ql.Driver: Created Hive schema: Schema(fieldSchemas:[FieldSchema(name:employee.emp_id, type:int, comment:null), FieldSchema(name:employee.emp_name, type:string, comment:null), FieldSchema(name:employee.emp_start_date, type:string, comment:null), FieldSchema(name:employee.emp_gender, type:string, comment:null), FieldSchema(name:employee.emp_country, type:string, comment:null), FieldSchema(name:employee.emp_state, type:string, comment:null)], properties:null)
2024-05-01T01:04:41,102  INFO [main] exec.TableScanOperator: Initializing Operator: TS[0]
2024-05-01T01:04:41,103  INFO [main] exec.SelectOperator: Initializing Operator: SEL[1]
2024-05-01T01:04:41,103  INFO [main] exec.SelectOperator: SELECT struct<emp_id:int,emp_name:string,emp_start_date:string,emp_gender:string,emp_country:string,emp_state:string>
2024-05-01T01:04:41,103  INFO [main] exec.ListSinkOperator: Initializing Operator: LIST_SINK[3]
2024-05-01T01:04:41,103  INFO [main] metadata.Hive: Dumping metastore api call timing information for : compilation phase
2024-05-01T01:04:41,103  INFO [main] metadata.Hive: Total time spent in each metastore function (ms): {isCompatibleWith_(Configuration)=0, listPartitions_(String, String, short)=23, getAllTableConstraints_(AllTableConstraintsRequest)=2, getTable_(GetTableRequest)=4, flushCache_()=0, getAggrColStatsFor_(String, String, List, List, String, String)=8}
2024-05-01T01:04:41,103  INFO [main] ql.Driver: Completed compiling command(queryId=alex_20240501010439_2bcaf937-fa56-4a65-9c30-19e04672383e); Time taken: 0.082 seconds
2024-05-01T01:04:41,103  INFO [main] reexec.ReExecDriver: Execution #1 of query
2024-05-01T01:04:41,103  INFO [main] ql.Driver: Concurrency mode is disabled, not creating a lock manager
2024-05-01T01:04:41,103  INFO [main] ql.Driver: Executing command(queryId=alex_20240501010439_2bcaf937-fa56-4a65-9c30-19e04672383e): select * from employee
2024-05-01T01:04:41,104  INFO [main] metadata.Hive: Dumping metastore api call timing information for : execution phase
2024-05-01T01:04:41,104  INFO [main] metadata.Hive: Total time spent in each metastore function (ms): {}
2024-05-01T01:04:41,104  INFO [main] ql.Driver: Completed executing command(queryId=alex_20240501010439_2bcaf937-fa56-4a65-9c30-19e04672383e); Time taken: 0.001 seconds
2024-05-01T01:04:41,104  INFO [main] orc.OrcInputFormat: getSplits started
2024-05-01T01:04:41,104  INFO [main] orc.OrcInputFormat: Context:: isAcid: false isVectorMode: false sarg: null minSplitSize: 1 maxSplitSize: 256000000 splitStrategy: HYBRID footerInSplits: false numBuckets: 0 numThreads: 10 cacheMemSize: 268435456 cacheStripeDetails: true useSoftReference: false writeIdList: null:9223372036854775807:9223372036854775807:: isTransactionalTable: false txnProperties: null 
2024-05-01T01:04:41,104  INFO [main] orc.OrcInputFormat: ORC pushdown predicate: null
2024-05-01T01:04:41,108  INFO [main] orc.OrcInputFormat: FooterCacheHitRatio: 0/1
2024-05-01T01:04:41,108  INFO [main] orc.OrcInputFormat: getSplits finished (#splits: 1). duration: 4 ms
2024-05-01T01:04:41,109  INFO [main] orc.ReaderImpl: Reading ORC rows from file:/home/alex/Repositories/hive/hcatalog/hcatalog-pig-adapter/build/test/data/org.apache.hive.hcatalog.mapreduce.HCatBaseTest-1714550620829/warehouse/employee/emp_country=IN/emp_state=AP/part-m-00000 with {include: [true, true, true, true, true], offset: 3, length: 251, schema: struct<emp_id:int,emp_name:string,emp_start_date:string,emp_gender:string>, includeAcidColumns: true}
2024-05-01T01:04:41,110  INFO [main] orc.OrcInputFormat: getSplits started
2024-05-01T01:04:41,110  INFO [main] orc.OrcInputFormat: Context:: isAcid: false isVectorMode: false sarg: null minSplitSize: 1 maxSplitSize: 256000000 splitStrategy: HYBRID footerInSplits: false numBuckets: 0 numThreads: 10 cacheMemSize: 268435456 cacheStripeDetails: true useSoftReference: false writeIdList: null:9223372036854775807:9223372036854775807:: isTransactionalTable: false txnProperties: null 
2024-05-01T01:04:41,110  INFO [main] orc.OrcInputFormat: ORC pushdown predicate: null
2024-05-01T01:04:41,114  INFO [main] orc.OrcInputFormat: FooterCacheHitRatio: 0/1
2024-05-01T01:04:41,114  INFO [main] orc.OrcInputFormat: getSplits finished (#splits: 1). duration: 4 ms
2024-05-01T01:04:41,115  INFO [main] orc.ReaderImpl: Reading ORC rows from file:/home/alex/Repositories/hive/hcatalog/hcatalog-pig-adapter/build/test/data/org.apache.hive.hcatalog.mapreduce.HCatBaseTest-1714550620829/warehouse/employee/emp_country=IN/emp_state=KA/part-m-00000 with {include: [true, true, true, true, true], offset: 3, length: 256, schema: struct<emp_id:int,emp_name:string,emp_start_date:string,emp_gender:string>, includeAcidColumns: true}
2024-05-01T01:04:41,117  INFO [main] orc.OrcInputFormat: getSplits started
2024-05-01T01:04:41,117  INFO [main] orc.OrcInputFormat: Context:: isAcid: false isVectorMode: false sarg: null minSplitSize: 1 maxSplitSize: 256000000 splitStrategy: HYBRID footerInSplits: false numBuckets: 0 numThreads: 10 cacheMemSize: 268435456 cacheStripeDetails: true useSoftReference: false writeIdList: null:9223372036854775807:9223372036854775807:: isTransactionalTable: false txnProperties: null 
2024-05-01T01:04:41,117  INFO [main] orc.OrcInputFormat: ORC pushdown predicate: null
2024-05-01T01:04:41,121  INFO [main] orc.OrcInputFormat: FooterCacheHitRatio: 0/1
2024-05-01T01:04:41,121  INFO [main] orc.OrcInputFormat: getSplits finished (#splits: 1). duration: 4 ms
2024-05-01T01:04:41,122  INFO [main] orc.ReaderImpl: Reading ORC rows from file:/home/alex/Repositories/hive/hcatalog/hcatalog-pig-adapter/build/test/data/org.apache.hive.hcatalog.mapreduce.HCatBaseTest-1714550620829/warehouse/employee/emp_country=IN/emp_state=KL/part-m-00000 with {include: [true, true, true, true, true], offset: 3, length: 251, schema: struct<emp_id:int,emp_name:string,emp_start_date:string,emp_gender:string>, includeAcidColumns: true}
2024-05-01T01:04:41,124  INFO [main] orc.OrcInputFormat: getSplits started
2024-05-01T01:04:41,124  INFO [main] orc.OrcInputFormat: Context:: isAcid: false isVectorMode: false sarg: null minSplitSize: 1 maxSplitSize: 256000000 splitStrategy: HYBRID footerInSplits: false numBuckets: 0 numThreads: 10 cacheMemSize: 268435456 cacheStripeDetails: true useSoftReference: false writeIdList: null:9223372036854775807:9223372036854775807:: isTransactionalTable: false txnProperties: null 
2024-05-01T01:04:41,124  INFO [main] orc.OrcInputFormat: ORC pushdown predicate: null
2024-05-01T01:04:41,128  INFO [main] orc.OrcInputFormat: FooterCacheHitRatio: 0/1
2024-05-01T01:04:41,128  INFO [main] orc.OrcInputFormat: getSplits finished (#splits: 1). duration: 4 ms
2024-05-01T01:04:41,129  INFO [main] orc.ReaderImpl: Reading ORC rows from file:/home/alex/Repositories/hive/hcatalog/hcatalog-pig-adapter/build/test/data/org.apache.hive.hcatalog.mapreduce.HCatBaseTest-1714550620829/warehouse/employee/emp_country=IN/emp_state=TN/part-m-00000 with {include: [true, true, true, true, true], offset: 3, length: 256, schema: struct<emp_id:int,emp_name:string,emp_start_date:string,emp_gender:string>, includeAcidColumns: true}
2024-05-01T01:04:41,130  INFO [main] exec.TableScanOperator: Closing Operator: TS[0]
2024-05-01T01:04:41,130  INFO [main] exec.TableScanOperator: RECORDS_OUT_INTERMEDIATE:0, RECORDS_OUT_OPERATOR_TS_0:4, 
2024-05-01T01:04:41,130  INFO [main] exec.SelectOperator: Closing Operator: SEL[1]
2024-05-01T01:04:41,130  INFO [main] exec.SelectOperator: RECORDS_OUT_INTERMEDIATE:0, RECORDS_OUT_OPERATOR_SEL_1:4, 
2024-05-01T01:04:41,130  INFO [main] exec.ListSinkOperator: Closing Operator: LIST_SINK[3]
2024-05-01T01:04:41,130  INFO [main] exec.ListSinkOperator: RECORDS_OUT_INTERMEDIATE:0, RECORDS_OUT_OPERATOR_LIST_SINK_3:4, 
2024-05-01T01:04:41,130  INFO [main] HiveMetaStore.audit: ugi=alex	ip=unknown-ip-addr	cmd=get_table : tbl=hive.default.employee	
2024-05-01T01:04:41,134  INFO [main] metastore.HMSHandler: Skipping translation for processor with null
]]></system-err>
  </testcase>
  <testcase name="testStaticPartitioningMultiPartColsNoData" classname="org.apache.hive.hcatalog.pig.TestOrcHCatStorer" time="1.069"/>
  <testcase name="testStoreMultiTables" classname="org.apache.hive.hcatalog.pig.TestOrcHCatStorer" time="1.054"/>
  <testcase name="testStoreWithNoSchema" classname="org.apache.hive.hcatalog.pig.TestOrcHCatStorer" time="0.801"/>
  <testcase name="testNoAlias" classname="org.apache.hive.hcatalog.pig.TestOrcHCatStorer" time="0.236"/>
  <testcase name="testWriteTimestamp" classname="org.apache.hive.hcatalog.pig.TestOrcHCatStorer" time="3.295"/>
  <testcase name="testWriteDecimalXY" classname="org.apache.hive.hcatalog.pig.TestOrcHCatStorer" time="4.168"/>
  <testcase name="testStoreFuncSimple" classname="org.apache.hive.hcatalog.pig.TestOrcHCatStorer" time="0.747"/>
</testsuite>