<?xml version="1.0" encoding="UTF-8"?>
<testsuite xmlns:xsi="http://www.w3.org/2001/XMLSchema-instance" xsi:noNamespaceSchemaLocation="https://maven.apache.org/surefire/maven-surefire-plugin/xsd/surefire-test-report-3.0.xsd" version="3.0" name="org.apache.hive.beeline.cli.TestHiveCli" time="48.241" tests="28" errors="1" skipped="0" failures="17">
  <properties>
    <property name="build.test.dir" value="/home/alex/Repositories/hive/beeline/target/tmp"/>
    <property name="awt.toolkit" value="sun.awt.X11.XToolkit"/>
    <property name="test.tmp.dir.uri" value="file:///home/alex/Repositories/hive/beeline/target/tmp"/>
    <property name="java.specification.version" value="1.8"/>
    <property name="qfile" value=""/>
    <property name="test.warehouse.dir" value="pfile:///home/alex/Repositories/hive/beeline/target/warehouse"/>
    <property name="sun.cpu.isalist" value=""/>
    <property name="sun.jnu.encoding" value="UTF-8"/>
    <property name="run_disabled" value=""/>
    <property name="sun.arch.data.model" value="64"/>
    <property name="java.vendor.url" value="http://java.oracle.com/"/>
    <property name="user.country.format" value="PT"/>
    <property name="test.tmp.dir" value="/home/alex/Repositories/hive/beeline/target/tmp"/>
    <property name="sun.boot.library.path" value="/usr/lib/jvm/java-8-openjdk-amd64/jre/lib/amd64"/>
    <property name="sun.java.command" value="/home/alex/Repositories/hive/beeline/target/surefire/surefirebooter7705800028842837516.jar /home/alex/Repositories/hive/beeline/target/surefire 2024-05-01T05-01-21_120-jvmRun1 surefire5847204886567146432tmp surefire_8727925007835516917667tmp"/>
    <property name="java.specification.vendor" value="Oracle Corporation"/>
    <property name="java.home" value="/usr/lib/jvm/java-8-openjdk-amd64/jre"/>
    <property name="file.separator" value="/"/>
    <property name="basedir" value="/home/alex/Repositories/hive/beeline"/>
    <property name="line.separator" value="&#10;"/>
    <property name="java.vm.specification.vendor" value="Oracle Corporation"/>
    <property name="java.specification.name" value="Java Platform API Specification"/>
    <property name="derby.stream.error.file" value="/home/alex/Repositories/hive/beeline/target/tmp/derby.log"/>
    <property name="log4j.debug" value="true"/>
    <property name="sun.boot.class.path" value="/usr/lib/jvm/java-8-openjdk-amd64/jre/lib/resources.jar:/usr/lib/jvm/java-8-openjdk-amd64/jre/lib/rt.jar:/usr/lib/jvm/java-8-openjdk-amd64/jre/lib/sunrsasign.jar:/usr/lib/jvm/java-8-openjdk-amd64/jre/lib/jsse.jar:/usr/lib/jvm/java-8-openjdk-amd64/jre/lib/jce.jar:/usr/lib/jvm/java-8-openjdk-amd64/jre/lib/charsets.jar:/usr/lib/jvm/java-8-openjdk-amd64/jre/lib/jfr.jar:/usr/lib/jvm/java-8-openjdk-amd64/jre/classes"/>
    <property name="sun.management.compiler" value="HotSpot 64-Bit Tiered Compilers"/>
    <property name="spark.home" value=""/>
    <property name="java.runtime.version" value="1.8.0_402-8u402-ga-2ubuntu1~22.04-b06"/>
    <property name="user.name" value="alex"/>
    <property name="test.src.tables" value=""/>
    <property name="file.encoding" value="UTF-8"/>
    <property name="yyy" value="5"/>
    <property name="qfile_regex" value=""/>
    <property name="hadoop.bin.path" value="/home/alex/Repositories/hive/beeline/../testutils/hadoop"/>
    <property name="localRepository" value="/home/alex/.m2/repository"/>
    <property name="build.dir" value="/home/alex/Repositories/hive/beeline/target"/>
    <property name="mapred.job.tracker" value="local"/>
    <property name="java.io.tmpdir" value="/home/alex/Repositories/hive/beeline/target/tmp"/>
    <property name="com.zaxxer.hikari.pool_number" value="3"/>
    <property name="java.version" value="1.8.0_402"/>
    <property name="hive.version" value="4.0.0-SNAPSHOT"/>
    <property name="java.vm.specification.name" value="Java Virtual Machine Specification"/>
    <property name="java.awt.printerjob" value="sun.print.PSPrinterJob"/>
    <property name="sun.os.patch.level" value="unknown"/>
    <property name="test.data.dir" value="/home/alex/Repositories/hive/beeline/../data/files"/>
    <property name="java.library.path" value="/usr/java/packages/lib/amd64:/usr/lib/x86_64-linux-gnu/jni:/lib/x86_64-linux-gnu:/usr/lib/x86_64-linux-gnu:/usr/lib/jni:/lib:/usr/lib"/>
    <property name="java.vendor" value="Private Build"/>
    <property name="java.specification.maintenance.version" value="5"/>
    <property name="sun.io.unicode.encoding" value="UnicodeLittle"/>
    <property name="xxx" value="5"/>
    <property name="initScript" value=""/>
    <property name="sun.desktop" value="gnome"/>
    <property name="calcite.enable.rexnode.digest.normalize" value="false"/>
    <property name="file.encoding.pkg" value="sun.io"/>
    <property name="log4j.configurationFile" value="file:///home/alex/Repositories/hive/beeline/target/testconf/hive-log4j2.properties"/>
    <property name="java.class.path" value="/home/alex/Repositories/hive/beeline/target/test-classes:/home/alex/Repositories/hive/beeline/target/classes:/home/alex/Repositories/hive/common/target/classes:/home/alex/Repositories/hive/classification/target/classes:/home/alex/Repositories/hive/storage-api/target/classes:/home/alex/Repositories/hive/standalone-metastore/metastore-common/target/classes:/home/alex/.m2/repository/com/github/ben-manes/caffeine/caffeine/2.8.4/caffeine-2.8.4.jar:/home/alex/.m2/repository/org/checkerframework/checker-qual/3.4.0/checker-qual-3.4.0.jar:/home/alex/.m2/repository/com/google/errorprone/error_prone_annotations/2.3.4/error_prone_annotations-2.3.4.jar:/home/alex/.m2/repository/com/google/guava/guava/19.0/guava-19.0.jar:/home/alex/.m2/repository/org/apache/commons/commons-lang3/3.9/commons-lang3-3.9.jar:/home/alex/.m2/repository/org/apache/commons/commons-math3/3.6.1/commons-math3-3.6.1.jar:/home/alex/.m2/repository/org/apache/orc/orc-core/1.6.9/orc-core-1.6.9.jar:/home/alex/.m2/repository/org/apache/orc/orc-shims/1.6.9/orc-shims-1.6.9.jar:/home/alex/.m2/repository/io/airlift/aircompressor/0.19/aircompressor-0.19.jar:/home/alex/.m2/repository/javax/xml/bind/jaxb-api/2.2.11/jaxb-api-2.2.11.jar:/home/alex/.m2/repository/org/jetbrains/annotations/17.0.0/annotations-17.0.0.jar:/home/alex/.m2/repository/org/threeten/threeten-extra/1.5.0/threeten-extra-1.5.0.jar:/home/alex/.m2/repository/javax/servlet/javax.servlet-api/3.1.0/javax.servlet-api-3.1.0.jar:/home/alex/.m2/repository/org/eclipse/jetty/jetty-http/9.3.27.v20190418/jetty-http-9.3.27.v20190418.jar:/home/alex/.m2/repository/org/eclipse/jetty/jetty-rewrite/9.3.27.v20190418/jetty-rewrite-9.3.27.v20190418.jar:/home/alex/.m2/repository/org/eclipse/jetty/jetty-client/9.3.27.v20190418/jetty-client-9.3.27.v20190418.jar:/home/alex/.m2/repository/org/eclipse/jetty/jetty-server/9.3.27.v20190418/jetty-server-9.3.27.v20190418.jar:/home/alex/.m2/repository/org/eclipse/jetty/jetty-io/9.3.27.v20190418/jetty-io-9.3.27.v20190418.jar:/home/alex/.m2/repository/org/eclipse/jetty/jetty-servlet/9.3.27.v20190418/jetty-servlet-9.3.27.v20190418.jar:/home/alex/.m2/repository/org/eclipse/jetty/jetty-security/9.3.27.v20190418/jetty-security-9.3.27.v20190418.jar:/home/alex/.m2/repository/org/eclipse/jetty/jetty-webapp/9.3.27.v20190418/jetty-webapp-9.3.27.v20190418.jar:/home/alex/.m2/repository/org/eclipse/jetty/jetty-xml/9.3.27.v20190418/jetty-xml-9.3.27.v20190418.jar:/home/alex/.m2/repository/joda-time/joda-time/2.9.9/joda-time-2.9.9.jar:/home/alex/.m2/repository/org/apache/logging/log4j/log4j-1.2-api/2.13.2/log4j-1.2-api-2.13.2.jar:/home/alex/.m2/repository/org/apache/logging/log4j/log4j-web/2.13.2/log4j-web-2.13.2.jar:/home/alex/.m2/repository/org/apache/commons/commons-compress/1.21/commons-compress-1.21.jar:/home/alex/.m2/repository/org/apache/ant/ant/1.9.1/ant-1.9.1.jar:/home/alex/.m2/repository/org/apache/ant/ant-launcher/1.9.1/ant-launcher-1.9.1.jar:/home/alex/.m2/repository/net/sf/jpam/jpam/1.1/jpam-1.1.jar:/home/alex/.m2/repository/com/tdunning/json/1.8/json-1.8.jar:/home/alex/.m2/repository/io/dropwizard/metrics/metrics-core/3.1.0/metrics-core-3.1.0.jar:/home/alex/.m2/repository/io/dropwizard/metrics/metrics-jvm/3.1.0/metrics-jvm-3.1.0.jar:/home/alex/.m2/repository/io/dropwizard/metrics/metrics-json/3.1.0/metrics-json-3.1.0.jar:/home/alex/.m2/repository/com/fasterxml/jackson/core/jackson-databind/2.12.0/jackson-databind-2.12.0.jar:/home/alex/.m2/repository/com/github/joshelser/dropwizard-metrics-hadoop-metrics2-reporter/0.1.2/dropwizard-metrics-hadoop-metrics2-reporter-0.1.2.jar:/home/alex/.m2/repository/javolution/javolution/5.5.1/javolution-5.5.1.jar:/home/alex/Repositories/hive/metastore/target/classes:/home/alex/Repositories/hive/serde/target/classes:/home/alex/.m2/repository/org/apache/arrow/arrow-vector/0.15.1/arrow-vector-0.15.1.jar:/home/alex/.m2/repository/org/apache/arrow/arrow-format/0.15.1/arrow-format-0.15.1.jar:/home/alex/.m2/repository/org/apache/arrow/arrow-memory/0.15.1/arrow-memory-0.15.1.jar:/home/alex/.m2/repository/com/google/flatbuffers/flatbuffers-java/1.9.0/flatbuffers-java-1.9.0.jar:/home/alex/.m2/repository/com/carrotsearch/hppc/0.7.2/hppc-0.7.2.jar:/home/alex/.m2/repository/com/github/davidmoten/flatbuffers-java/1.6.0.1/flatbuffers-java-1.6.0.1.jar:/home/alex/.m2/repository/org/apache/derby/derby/10.14.1.0/derby-10.14.1.0.jar:/home/alex/.m2/repository/org/antlr/antlr-runtime/3.5.2/antlr-runtime-3.5.2.jar:/home/alex/.m2/repository/org/apache/thrift/libfb303/0.9.3/libfb303-0.9.3.jar:/home/alex/Repositories/hive/shims/aggregator/target/classes:/home/alex/Repositories/hive/shims/common/target/classes:/home/alex/Repositories/hive/shims/0.23/target/classes:/home/alex/.m2/repository/org/apache/hadoop/hadoop-yarn-server-resourcemanager/3.1.0/hadoop-yarn-server-resourcemanager-3.1.0.jar:/home/alex/.m2/repository/org/eclipse/jetty/jetty-util-ajax/9.3.19.v20170502/jetty-util-ajax-9.3.19.v20170502.jar:/home/alex/.m2/repository/org/apache/hadoop/hadoop-yarn-server-common/3.1.0/hadoop-yarn-server-common-3.1.0.jar:/home/alex/.m2/repository/org/apache/geronimo/specs/geronimo-jcache_1.0_spec/1.0-alpha-1/geronimo-jcache_1.0_spec-1.0-alpha-1.jar:/home/alex/.m2/repository/org/ehcache/ehcache/3.3.1/ehcache-3.3.1.jar:/home/alex/.m2/repository/com/zaxxer/HikariCP-java7/2.4.12/HikariCP-java7-2.4.12.jar:/home/alex/.m2/repository/org/apache/hadoop/hadoop-yarn-server-applicationhistoryservice/3.1.0/hadoop-yarn-server-applicationhistoryservice-3.1.0.jar:/home/alex/.m2/repository/de/ruedigermoeller/fst/2.50/fst-2.50.jar:/home/alex/.m2/repository/com/cedarsoftware/java-util/1.9.0/java-util-1.9.0.jar:/home/alex/.m2/repository/com/cedarsoftware/json-io/2.5.1/json-io-2.5.1.jar:/home/alex/.m2/repository/org/apache/hadoop/hadoop-yarn-server-web-proxy/3.1.0/hadoop-yarn-server-web-proxy-3.1.0.jar:/home/alex/.m2/repository/org/fusesource/leveldbjni/leveldbjni-all/1.8/leveldbjni-all-1.8.jar:/home/alex/Repositories/hive/shims/scheduler/target/classes:/home/alex/Repositories/hive/jdbc/target/classes:/home/alex/Repositories/hive/llap-client/target/classes:/home/alex/Repositories/hive/llap-common/target/classes:/home/alex/.m2/repository/io/jsonwebtoken/jjwt-api/0.10.5/jjwt-api-0.10.5.jar:/home/alex/.m2/repository/io/jsonwebtoken/jjwt-impl/0.10.5/jjwt-impl-0.10.5.jar:/home/alex/.m2/repository/io/jsonwebtoken/jjwt-jackson/0.10.5/jjwt-jackson-0.10.5.jar:/home/alex/Repositories/hive/service-rpc/target/classes:/home/alex/.m2/repository/org/apache/httpcomponents/httpclient/4.5.13/httpclient-4.5.13.jar:/home/alex/.m2/repository/org/apache/httpcomponents/httpcore/4.4.13/httpcore-4.4.13.jar:/home/alex/.m2/repository/org/apache/zookeeper/zookeeper/3.5.5/zookeeper-3.5.5.jar:/home/alex/.m2/repository/org/apache/zookeeper/zookeeper-jute/3.5.5/zookeeper-jute-3.5.5.jar:/home/alex/.m2/repository/org/apache/yetus/audience-annotations/0.5.0/audience-annotations-0.5.0.jar:/home/alex/.m2/repository/org/apache/curator/curator-framework/4.2.0/curator-framework-4.2.0.jar:/home/alex/Repositories/hive/standalone-metastore/metastore-server/target/classes:/home/alex/.m2/repository/com/google/protobuf/protobuf-java/2.5.0/protobuf-java-2.5.0.jar:/home/alex/.m2/repository/com/zaxxer/HikariCP/2.6.1/HikariCP-2.6.1.jar:/home/alex/.m2/repository/org/apache/commons/commons-dbcp2/2.7.0/commons-dbcp2-2.7.0.jar:/home/alex/.m2/repository/org/apache/commons/commons-pool2/2.7.0/commons-pool2-2.7.0.jar:/home/alex/.m2/repository/commons-beanutils/commons-beanutils/1.9.4/commons-beanutils-1.9.4.jar:/home/alex/.m2/repository/org/apache/logging/log4j/log4j-core/2.13.2/log4j-core-2.13.2.jar:/home/alex/.m2/repository/org/datanucleus/datanucleus-api-jdo/5.2.4/datanucleus-api-jdo-5.2.4.jar:/home/alex/.m2/repository/org/datanucleus/datanucleus-core/5.2.4/datanucleus-core-5.2.4.jar:/home/alex/.m2/repository/org/datanucleus/datanucleus-rdbms/5.2.4/datanucleus-rdbms-5.2.4.jar:/home/alex/.m2/repository/org/datanucleus/javax.jdo/3.2.0-release/javax.jdo-3.2.0-release.jar:/home/alex/.m2/repository/javax/transaction/javax.transaction-api/1.3/javax.transaction-api-1.3.jar:/home/alex/.m2/repository/org/glassfish/corba/glassfish-corba-omgapi/4.2.2/glassfish-corba-omgapi-4.2.2.jar:/home/alex/.m2/repository/sqlline/sqlline/1.9.0/sqlline-1.9.0.jar:/home/alex/.m2/repository/org/jline/jline-terminal/3.12.1/jline-terminal-3.12.1.jar:/home/alex/.m2/repository/org/jline/jline-reader/3.12.1/jline-reader-3.12.1.jar:/home/alex/.m2/repository/org/jline/jline-terminal-jansi/3.12.1/jline-terminal-jansi-3.12.1.jar:/home/alex/.m2/repository/org/fusesource/jansi/jansi/1.18/jansi-1.18.jar:/home/alex/.m2/repository/org/jline/jline-terminal-jna/3.12.1/jline-terminal-jna-3.12.1.jar:/home/alex/.m2/repository/net/java/dev/jna/jna/5.3.1/jna-5.3.1.jar:/home/alex/.m2/repository/org/jline/jline-builtins/3.12.1/jline-builtins-3.12.1.jar:/home/alex/.m2/repository/org/jline/jline-style/3.12.1/jline-style-3.12.1.jar:/home/alex/.m2/repository/commons-logging/commons-logging/1.1.3/commons-logging-1.1.3.jar:/home/alex/.m2/repository/com/cronutils/cron-utils/9.1.3/cron-utils-9.1.3.jar:/home/alex/.m2/repository/org/glassfish/javax.el/3.0.0/javax.el-3.0.0.jar:/home/alex/.m2/repository/com/oracle/database/jdbc/ojdbc8/21.3.0.0/ojdbc8-21.3.0.0.jar:/home/alex/.m2/repository/mysql/mysql-connector-java/8.0.27/mysql-connector-java-8.0.27.jar:/home/alex/.m2/repository/com/microsoft/sqlserver/mssql-jdbc/6.2.1.jre8/mssql-jdbc-6.2.1.jre8.jar:/home/alex/.m2/repository/commons-cli/commons-cli/1.4/commons-cli-1.4.jar:/home/alex/.m2/repository/commons-io/commons-io/2.6/commons-io-2.6.jar:/home/alex/.m2/repository/com/fasterxml/jackson/core/jackson-core/2.12.0/jackson-core-2.12.0.jar:/home/alex/.m2/repository/jline/jline/2.14.6/jline-2.14.6.jar:/home/alex/.m2/repository/org/apache/hadoop/hadoop-common/3.1.0/hadoop-common-3.1.0.jar:/home/alex/.m2/repository/org/apache/hadoop/hadoop-annotations/3.1.0/hadoop-annotations-3.1.0.jar:/usr/lib/jvm/java-8-openjdk-amd64/jre/../lib/tools.jar:/home/alex/.m2/repository/commons-codec/commons-codec/1.15/commons-codec-1.15.jar:/home/alex/.m2/repository/commons-net/commons-net/3.6/commons-net-3.6.jar:/home/alex/.m2/repository/commons-collections/commons-collections/3.2.2/commons-collections-3.2.2.jar:/home/alex/.m2/repository/org/eclipse/jetty/jetty-util/9.3.27.v20190418/jetty-util-9.3.27.v20190418.jar:/home/alex/.m2/repository/javax/servlet/jsp/jsp-api/2.1/jsp-api-2.1.jar:/home/alex/.m2/repository/com/sun/jersey/jersey-core/1.19/jersey-core-1.19.jar:/home/alex/.m2/repository/javax/ws/rs/jsr311-api/1.1.1/jsr311-api-1.1.1.jar:/home/alex/.m2/repository/com/sun/jersey/jersey-servlet/1.19/jersey-servlet-1.19.jar:/home/alex/.m2/repository/com/sun/jersey/jersey-json/1.19/jersey-json-1.19.jar:/home/alex/.m2/repository/org/codehaus/jettison/jettison/1.1/jettison-1.1.jar:/home/alex/.m2/repository/com/sun/xml/bind/jaxb-impl/2.2.3-1/jaxb-impl-2.2.3-1.jar:/home/alex/.m2/repository/org/codehaus/jackson/jackson-core-asl/1.9.2/jackson-core-asl-1.9.2.jar:/home/alex/.m2/repository/org/codehaus/jackson/jackson-mapper-asl/1.9.2/jackson-mapper-asl-1.9.2.jar:/home/alex/.m2/repository/org/codehaus/jackson/jackson-jaxrs/1.9.2/jackson-jaxrs-1.9.2.jar:/home/alex/.m2/repository/org/codehaus/jackson/jackson-xc/1.9.2/jackson-xc-1.9.2.jar:/home/alex/.m2/repository/com/sun/jersey/jersey-server/1.19/jersey-server-1.19.jar:/home/alex/.m2/repository/commons-lang/commons-lang/2.6/commons-lang-2.6.jar:/home/alex/.m2/repository/org/apache/commons/commons-configuration2/2.1.1/commons-configuration2-2.1.1.jar:/home/alex/.m2/repository/org/apache/avro/avro/1.8.2/avro-1.8.2.jar:/home/alex/.m2/repository/com/thoughtworks/paranamer/paranamer/2.8/paranamer-2.8.jar:/home/alex/.m2/repository/org/xerial/snappy/snappy-java/1.1.4/snappy-java-1.1.4.jar:/home/alex/.m2/repository/org/tukaani/xz/1.5/xz-1.5.jar:/home/alex/.m2/repository/com/google/re2j/re2j/1.2/re2j-1.2.jar:/home/alex/.m2/repository/com/google/code/gson/gson/2.2.4/gson-2.2.4.jar:/home/alex/.m2/repository/org/apache/hadoop/hadoop-auth/3.1.0/hadoop-auth-3.1.0.jar:/home/alex/.m2/repository/com/nimbusds/nimbus-jose-jwt/4.41.1/nimbus-jose-jwt-4.41.1.jar:/home/alex/.m2/repository/com/github/stephenc/jcip/jcip-annotations/1.0-1/jcip-annotations-1.0-1.jar:/home/alex/.m2/repository/net/minidev/json-smart/2.3/json-smart-2.3.jar:/home/alex/.m2/repository/net/minidev/accessors-smart/1.2/accessors-smart-1.2.jar:/home/alex/.m2/repository/com/jcraft/jsch/0.1.54/jsch-0.1.54.jar:/home/alex/.m2/repository/com/google/code/findbugs/jsr305/3.0.0/jsr305-3.0.0.jar:/home/alex/.m2/repository/org/apache/htrace/htrace-core4/4.1.0-incubating/htrace-core4-4.1.0-incubating.jar:/home/alex/.m2/repository/org/apache/kerby/kerb-simplekdc/1.0.1/kerb-simplekdc-1.0.1.jar:/home/alex/.m2/repository/org/apache/kerby/kerb-client/1.0.1/kerb-client-1.0.1.jar:/home/alex/.m2/repository/org/apache/kerby/kerby-config/1.0.1/kerby-config-1.0.1.jar:/home/alex/.m2/repository/org/apache/kerby/kerb-core/1.0.1/kerb-core-1.0.1.jar:/home/alex/.m2/repository/org/apache/kerby/kerby-pkix/1.0.1/kerby-pkix-1.0.1.jar:/home/alex/.m2/repository/org/apache/kerby/kerby-asn1/1.0.1/kerby-asn1-1.0.1.jar:/home/alex/.m2/repository/org/apache/kerby/kerby-util/1.0.1/kerby-util-1.0.1.jar:/home/alex/.m2/repository/org/apache/kerby/kerb-common/1.0.1/kerb-common-1.0.1.jar:/home/alex/.m2/repository/org/apache/kerby/kerb-crypto/1.0.1/kerb-crypto-1.0.1.jar:/home/alex/.m2/repository/org/apache/kerby/kerb-util/1.0.1/kerb-util-1.0.1.jar:/home/alex/.m2/repository/org/apache/kerby/token-provider/1.0.1/token-provider-1.0.1.jar:/home/alex/.m2/repository/org/apache/kerby/kerb-admin/1.0.1/kerb-admin-1.0.1.jar:/home/alex/.m2/repository/org/apache/kerby/kerb-server/1.0.1/kerb-server-1.0.1.jar:/home/alex/.m2/repository/org/apache/kerby/kerb-identity/1.0.1/kerb-identity-1.0.1.jar:/home/alex/.m2/repository/org/apache/kerby/kerby-xdr/1.0.1/kerby-xdr-1.0.1.jar:/home/alex/.m2/repository/org/codehaus/woodstox/stax2-api/3.1.4/stax2-api-3.1.4.jar:/home/alex/.m2/repository/com/fasterxml/woodstox/woodstox-core/5.0.3/woodstox-core-5.0.3.jar:/home/alex/.m2/repository/org/apache/thrift/libthrift/0.14.1/libthrift-0.14.1.jar:/home/alex/.m2/repository/org/apache/tomcat/embed/tomcat-embed-core/8.5.46/tomcat-embed-core-8.5.46.jar:/home/alex/.m2/repository/org/apache/tomcat/tomcat-annotations-api/8.5.46/tomcat-annotations-api-8.5.46.jar:/home/alex/.m2/repository/javax/annotation/javax.annotation-api/1.3.2/javax.annotation-api-1.3.2.jar:/home/alex/.m2/repository/net/sf/supercsv/super-csv/2.2.0/super-csv-2.2.0.jar:/home/alex/.m2/repository/org/apache/logging/log4j/log4j-slf4j-impl/2.13.2/log4j-slf4j-impl-2.13.2.jar:/home/alex/.m2/repository/org/apache/logging/log4j/log4j-api/2.13.2/log4j-api-2.13.2.jar:/home/alex/Repositories/hive/ql/target/test-classes:/home/alex/.m2/repository/org/apache/atlas/atlas-client-v2/2.1.0/atlas-client-v2-2.1.0.jar:/home/alex/.m2/repository/cglib/cglib/2.2.2/cglib-2.2.2.jar:/home/alex/.m2/repository/asm/asm/3.3.1/asm-3.3.1.jar:/home/alex/.m2/repository/org/apache/atlas/atlas-client-common/2.1.0/atlas-client-common-2.1.0.jar:/home/alex/.m2/repository/com/sun/jersey/jersey-client/1.19/jersey-client-1.19.jar:/home/alex/.m2/repository/org/apache/atlas/atlas-intg/2.1.0/atlas-intg-2.1.0.jar:/home/alex/.m2/repository/commons-validator/commons-validator/1.6/commons-validator-1.6.jar:/home/alex/.m2/repository/commons-digester/commons-digester/1.8.1/commons-digester-1.8.1.jar:/home/alex/.m2/repository/com/fasterxml/jackson/jaxrs/jackson-jaxrs-base/2.12.0/jackson-jaxrs-base-2.12.0.jar:/home/alex/.m2/repository/com/fasterxml/jackson/jaxrs/jackson-jaxrs-json-provider/2.12.0/jackson-jaxrs-json-provider-2.12.0.jar:/home/alex/.m2/repository/javax/inject/javax.inject/1/javax.inject-1.jar:/home/alex/.m2/repository/org/springframework/spring-context/4.3.20.RELEASE/spring-context-4.3.20.RELEASE.jar:/home/alex/.m2/repository/org/springframework/spring-aop/4.3.20.RELEASE/spring-aop-4.3.20.RELEASE.jar:/home/alex/.m2/repository/org/springframework/spring-beans/4.3.20.RELEASE/spring-beans-4.3.20.RELEASE.jar:/home/alex/.m2/repository/org/springframework/spring-core/4.3.20.RELEASE/spring-core-4.3.20.RELEASE.jar:/home/alex/.m2/repository/org/springframework/spring-expression/4.3.20.RELEASE/spring-expression-4.3.20.RELEASE.jar:/home/alex/.m2/repository/commons-configuration/commons-configuration/1.10/commons-configuration-1.10.jar:/home/alex/Repositories/hive/vector-code-gen/target/classes:/home/alex/.m2/repository/org/apache/velocity/velocity/1.5/velocity-1.5.jar:/home/alex/.m2/repository/oro/oro/2.0.8/oro-2.0.8.jar:/home/alex/Repositories/hive/parser/target/classes:/home/alex/Repositories/hive/udf/target/classes:/home/alex/Repositories/hive/llap-tez/target/classes:/home/alex/Repositories/hive/spark-client/target/classes:/home/alex/.m2/repository/io/netty/netty-all/4.1.65.Final/netty-all-4.1.65.Final.jar:/home/alex/.m2/repository/com/fasterxml/jackson/module/jackson-module-scala_2.12/2.12.0/jackson-module-scala_2.12-2.12.0.jar:/home/alex/.m2/repository/org/scala-lang/scala-library/2.12.10/scala-library-2.12.10.jar:/home/alex/.m2/repository/org/apache/spark/spark-core_2.12/2.4.5/spark-core_2.12-2.4.5.jar:/home/alex/.m2/repository/com/twitter/chill_2.12/0.9.3/chill_2.12-0.9.3.jar:/home/alex/.m2/repository/com/twitter/chill-java/0.9.3/chill-java-0.9.3.jar:/home/alex/.m2/repository/org/apache/xbean/xbean-asm6-shaded/4.8/xbean-asm6-shaded-4.8.jar:/home/alex/.m2/repository/org/apache/hadoop/hadoop-client/3.1.0/hadoop-client-3.1.0.jar:/home/alex/.m2/repository/org/apache/hadoop/hadoop-mapreduce-client-jobclient/3.1.0/hadoop-mapreduce-client-jobclient-3.1.0.jar:/home/alex/.m2/repository/org/apache/hadoop/hadoop-mapreduce-client-common/3.1.0/hadoop-mapreduce-client-common-3.1.0.jar:/home/alex/.m2/repository/org/apache/spark/spark-launcher_2.12/2.4.5/spark-launcher_2.12-2.4.5.jar:/home/alex/.m2/repository/org/apache/spark/spark-kvstore_2.12/2.4.5/spark-kvstore_2.12-2.4.5.jar:/home/alex/.m2/repository/org/apache/spark/spark-network-common_2.12/2.4.5/spark-network-common_2.12-2.4.5.jar:/home/alex/.m2/repository/org/apache/spark/spark-network-shuffle_2.12/2.4.5/spark-network-shuffle_2.12-2.4.5.jar:/home/alex/.m2/repository/org/apache/spark/spark-unsafe_2.12/2.4.5/spark-unsafe_2.12-2.4.5.jar:/home/alex/.m2/repository/javax/activation/activation/1.1.1/activation-1.1.1.jar:/home/alex/.m2/repository/org/slf4j/jul-to-slf4j/1.7.16/jul-to-slf4j-1.7.16.jar:/home/alex/.m2/repository/org/slf4j/jcl-over-slf4j/1.7.16/jcl-over-slf4j-1.7.16.jar:/home/alex/.m2/repository/com/ning/compress-lzf/1.0.3/compress-lzf-1.0.3.jar:/home/alex/.m2/repository/org/roaringbitmap/RoaringBitmap/0.7.45/RoaringBitmap-0.7.45.jar:/home/alex/.m2/repository/org/roaringbitmap/shims/0.7.45/shims-0.7.45.jar:/home/alex/.m2/repository/org/json4s/json4s-jackson_2.12/3.5.3/json4s-jackson_2.12-3.5.3.jar:/home/alex/.m2/repository/org/json4s/json4s-core_2.12/3.5.3/json4s-core_2.12-3.5.3.jar:/home/alex/.m2/repository/org/json4s/json4s-ast_2.12/3.5.3/json4s-ast_2.12-3.5.3.jar:/home/alex/.m2/repository/org/json4s/json4s-scalap_2.12/3.5.3/json4s-scalap_2.12-3.5.3.jar:/home/alex/.m2/repository/org/scala-lang/modules/scala-xml_2.12/1.0.6/scala-xml_2.12-1.0.6.jar:/home/alex/.m2/repository/com/clearspring/analytics/stream/2.7.0/stream-2.7.0.jar:/home/alex/.m2/repository/io/dropwizard/metrics/metrics-graphite/3.1.5/metrics-graphite-3.1.5.jar:/home/alex/.m2/repository/net/razorvine/pyrolite/4.13/pyrolite-4.13.jar:/home/alex/.m2/repository/net/sf/py4j/py4j/0.10.7/py4j-0.10.7.jar:/home/alex/.m2/repository/org/apache/spark/spark-tags_2.12/2.4.5/spark-tags_2.12-2.4.5.jar:/home/alex/.m2/repository/org/apache/commons/commons-crypto/1.0.0/commons-crypto-1.0.0.jar:/home/alex/.m2/repository/org/spark-project/spark/unused/1.0.0/unused-1.0.0.jar:/home/alex/.m2/repository/org/apache/spark/spark-yarn_2.12/2.4.5/spark-yarn_2.12-2.4.5.jar:/home/alex/.m2/repository/com/amazonaws/secretsmanager/aws-secretsmanager-caching-java/1.0.1/aws-secretsmanager-caching-java-1.0.1.jar:/home/alex/.m2/repository/com/esotericsoftware/kryo/5.0.3/kryo-5.0.3.jar:/home/alex/.m2/repository/com/esotericsoftware/minlog/1.3.1/minlog-1.3.1.jar:/home/alex/.m2/repository/com/esotericsoftware/reflectasm/1.11.9/reflectasm-1.11.9.jar:/home/alex/.m2/repository/org/apache/parquet/parquet-hadoop-bundle/1.11.1/parquet-hadoop-bundle-1.11.1.jar:/home/alex/.m2/repository/org/apache/commons/commons-collections4/4.1/commons-collections4-4.1.jar:/home/alex/.m2/repository/org/apache/commons/commons-text/1.8/commons-text-1.8.jar:/home/alex/.m2/repository/org/antlr/ST4/4.0.4/ST4-4.0.4.jar:/home/alex/.m2/repository/org/apache/avro/avro-mapred/1.8.2/avro-mapred-1.8.2-hadoop2.jar:/home/alex/.m2/repository/org/apache/avro/avro-ipc/1.8.2/avro-ipc-1.8.2.jar:/home/alex/.m2/repository/org/mortbay/jetty/jetty/6.1.26/jetty-6.1.26.jar:/home/alex/.m2/repository/org/apache/hadoop/hadoop-yarn-registry/3.1.0/hadoop-yarn-registry-3.1.0.jar:/home/alex/.m2/repository/org/apache/hadoop/hadoop-yarn-api/3.1.0/hadoop-yarn-api-3.1.0.jar:/home/alex/.m2/repository/commons-daemon/commons-daemon/1.0.13/commons-daemon-1.0.13.jar:/home/alex/.m2/repository/dnsjava/dnsjava/2.1.7/dnsjava-2.1.7.jar:/home/alex/.m2/repository/org/apache/orc/orc-tools/1.6.9/orc-tools-1.6.9.jar:/home/alex/.m2/repository/com/opencsv/opencsv/3.9/opencsv-3.9.jar:/home/alex/.m2/repository/org/apache/hadoop/hadoop-hdfs/3.1.0/hadoop-hdfs-3.1.0.jar:/home/alex/.m2/repository/org/threeten/threetenbp/1.3.5/threetenbp-1.3.5.jar:/home/alex/.m2/repository/org/apache/ivy/ivy/2.4.0/ivy-2.4.0.jar:/home/alex/.m2/repository/org/apache/datasketches/datasketches-hive/1.1.0-incubating/datasketches-hive-1.1.0-incubating.jar:/home/alex/.m2/repository/org/apache/datasketches/datasketches-java/1.3.0-incubating/datasketches-java-1.3.0-incubating.jar:/home/alex/.m2/repository/org/apache/datasketches/datasketches-memory/1.2.0-incubating/datasketches-memory-1.2.0-incubating.jar:/home/alex/.m2/repository/org/slf4j/slf4j-simple/1.7.27/slf4j-simple-1.7.27.jar:/home/alex/.m2/repository/org/codehaus/groovy/groovy-all/2.4.11/groovy-all-2.4.11.jar:/home/alex/.m2/repository/org/jodd/jodd-util/6.0.0/jodd-util-6.0.0.jar:/home/alex/.m2/repository/com/fasterxml/jackson/core/jackson-annotations/2.12.0/jackson-annotations-2.12.0.jar:/home/alex/.m2/repository/com/fasterxml/jackson/dataformat/jackson-dataformat-yaml/2.12.0/jackson-dataformat-yaml-2.12.0.jar:/home/alex/.m2/repository/org/yaml/snakeyaml/1.27/snakeyaml-1.27.jar:/home/alex/.m2/repository/org/apache/calcite/calcite-core/1.25.0/calcite-core-1.25.0.jar:/home/alex/.m2/repository/org/apache/calcite/calcite-linq4j/1.25.0/calcite-linq4j-1.25.0.jar:/home/alex/.m2/repository/com/esri/geometry/esri-geometry-api/2.2.0/esri-geometry-api-2.2.0.jar:/home/alex/.m2/repository/com/yahoo/datasketches/sketches-core/0.9.0/sketches-core-0.9.0.jar:/home/alex/.m2/repository/com/yahoo/datasketches/memory/0.9.0/memory-0.9.0.jar:/home/alex/.m2/repository/org/apache/calcite/calcite-druid/1.25.0/calcite-druid-1.25.0.jar:/home/alex/.m2/repository/org/apache/calcite/avatica/avatica/1.12.0/avatica-1.12.0.jar:/home/alex/.m2/repository/com/googlecode/javaewah/JavaEWAH/0.3.2/JavaEWAH-0.3.2.jar:/home/alex/.m2/repository/stax/stax-api/1.0.1/stax-api-1.0.1.jar:/home/alex/.m2/repository/net/sf/opencsv/opencsv/2.3/opencsv-2.3.jar:/home/alex/.m2/repository/org/reflections/reflections/0.9.10/reflections-0.9.10.jar:/home/alex/.m2/repository/org/javassist/javassist/3.19.0-GA/javassist-3.19.0-GA.jar:/home/alex/.m2/repository/com/jayway/jsonpath/json-path/2.4.0/json-path-2.4.0.jar:/home/alex/.m2/repository/org/codehaus/janino/commons-compiler/3.0.11/commons-compiler-3.0.11.jar:/home/alex/.m2/repository/org/codehaus/janino/janino/3.0.11/janino-3.0.11.jar:/home/alex/.m2/repository/com/sun/jersey/contribs/jersey-multipart/1.19/jersey-multipart-1.19.jar:/home/alex/.m2/repository/org/jvnet/mimepull/mimepull/1.9.3/mimepull-1.9.3.jar:/home/alex/.m2/repository/org/apache/kafka/kafka-clients/2.5.0/kafka-clients-2.5.0.jar:/home/alex/.m2/repository/com/github/luben/zstd-jni/1.4.4-7/zstd-jni-1.4.4-7.jar:/home/alex/.m2/repository/org/lz4/lz4-java/1.7.1/lz4-java-1.7.1.jar:/home/alex/Repositories/hive/service/target/classes:/home/alex/Repositories/hive/ql/target/classes:/home/alex/Repositories/hive/llap-server/target/classes:/home/alex/.m2/repository/com/lmax/disruptor/3.3.7/disruptor-3.3.7.jar:/home/alex/Repositories/hive/llap-common/target/test-classes:/home/alex/Repositories/hive/hplsql/target/classes:/home/alex/.m2/repository/org/antlr/antlr4-runtime/4.5/antlr4-runtime-4.5.jar:/home/alex/.m2/repository/org/abego/treelayout/org.abego.treelayout.core/1.0.1/org.abego.treelayout.core-1.0.1.jar:/home/alex/.m2/repository/javax/servlet/jsp/javax.servlet.jsp-api/2.3.1/javax.servlet.jsp-api-2.3.1.jar:/home/alex/.m2/repository/org/eclipse/jetty/jetty-runner/9.3.27.v20190418/jetty-runner-9.3.27.v20190418.jar:/home/alex/.m2/repository/org/eclipse/jetty/jetty-plus/9.3.27.v20190418/jetty-plus-9.3.27.v20190418.jar:/home/alex/.m2/repository/org/eclipse/jetty/jetty-annotations/9.3.27.v20190418/jetty-annotations-9.3.27.v20190418.jar:/home/alex/.m2/repository/org/ow2/asm/asm/6.0/asm-6.0.jar:/home/alex/.m2/repository/org/ow2/asm/asm-commons/6.0/asm-commons-6.0.jar:/home/alex/.m2/repository/org/ow2/asm/asm-tree/6.0/asm-tree-6.0.jar:/home/alex/.m2/repository/org/eclipse/jetty/jetty-jaas/9.3.27.v20190418/jetty-jaas-9.3.27.v20190418.jar:/home/alex/.m2/repository/org/eclipse/jetty/websocket/websocket-server/9.3.27.v20190418/websocket-server-9.3.27.v20190418.jar:/home/alex/.m2/repository/org/eclipse/jetty/websocket/websocket-common/9.3.27.v20190418/websocket-common-9.3.27.v20190418.jar:/home/alex/.m2/repository/org/eclipse/jetty/websocket/websocket-api/9.3.27.v20190418/websocket-api-9.3.27.v20190418.jar:/home/alex/.m2/repository/org/eclipse/jetty/websocket/websocket-client/9.3.27.v20190418/websocket-client-9.3.27.v20190418.jar:/home/alex/.m2/repository/org/eclipse/jetty/websocket/websocket-servlet/9.3.27.v20190418/websocket-servlet-9.3.27.v20190418.jar:/home/alex/.m2/repository/org/eclipse/jetty/jetty-jndi/9.3.27.v20190418/jetty-jndi-9.3.27.v20190418.jar:/home/alex/.m2/repository/org/eclipse/jetty/apache-jsp/9.3.27.v20190418/apache-jsp-9.3.27.v20190418.jar:/home/alex/.m2/repository/org/eclipse/jetty/toolchain/jetty-schemas/3.1/jetty-schemas-3.1.jar:/home/alex/.m2/repository/org/eclipse/jdt/core/compiler/ecj/4.4.2/ecj-4.4.2.jar:/home/alex/.m2/repository/org/eclipse/jetty/apache-jstl/9.3.27.v20190418/apache-jstl-9.3.27.v20190418.jar:/home/alex/.m2/repository/org/apache/taglibs/taglibs-standard-spec/1.2.5/taglibs-standard-spec-1.2.5.jar:/home/alex/.m2/repository/org/apache/taglibs/taglibs-standard-impl/1.2.5/taglibs-standard-impl-1.2.5.jar:/home/alex/.m2/repository/org/apache/curator/curator-client/4.2.0/curator-client-4.2.0.jar:/home/alex/.m2/repository/org/apache/curator/curator-recipes/4.2.0/curator-recipes-4.2.0.jar:/home/alex/.m2/repository/org/pac4j/pac4j-saml-opensamlv3/4.0.3/pac4j-saml-opensamlv3-4.0.3.jar:/home/alex/.m2/repository/org/pac4j/pac4j-core/4.0.3/pac4j-core-4.0.3.jar:/home/alex/.m2/repository/org/opensaml/opensaml-core/3.4.5/opensaml-core-3.4.5.jar:/home/alex/.m2/repository/net/shibboleth/utilities/java-support/7.5.1/java-support-7.5.1.jar:/home/alex/.m2/repository/org/opensaml/opensaml-saml-api/3.4.5/opensaml-saml-api-3.4.5.jar:/home/alex/.m2/repository/org/opensaml/opensaml-storage-api/3.4.5/opensaml-storage-api-3.4.5.jar:/home/alex/.m2/repository/org/opensaml/opensaml-saml-impl/3.4.5/opensaml-saml-impl-3.4.5.jar:/home/alex/.m2/repository/org/opensaml/opensaml-soap-impl/3.4.5/opensaml-soap-impl-3.4.5.jar:/home/alex/.m2/repository/org/opensaml/opensaml-soap-api/3.4.5/opensaml-soap-api-3.4.5.jar:/home/alex/.m2/repository/org/opensaml/opensaml-xmlsec-api/3.4.5/opensaml-xmlsec-api-3.4.5.jar:/home/alex/.m2/repository/org/opensaml/opensaml-security-api/3.4.5/opensaml-security-api-3.4.5.jar:/home/alex/.m2/repository/org/opensaml/opensaml-security-impl/3.4.5/opensaml-security-impl-3.4.5.jar:/home/alex/.m2/repository/org/opensaml/opensaml-profile-api/3.4.5/opensaml-profile-api-3.4.5.jar:/home/alex/.m2/repository/org/opensaml/opensaml-profile-impl/3.4.5/opensaml-profile-impl-3.4.5.jar:/home/alex/.m2/repository/org/opensaml/opensaml-messaging-api/3.4.5/opensaml-messaging-api-3.4.5.jar:/home/alex/.m2/repository/org/opensaml/opensaml-messaging-impl/3.4.5/opensaml-messaging-impl-3.4.5.jar:/home/alex/.m2/repository/org/opensaml/opensaml-storage-impl/3.4.5/opensaml-storage-impl-3.4.5.jar:/home/alex/.m2/repository/org/ldaptive/ldaptive/1.0.13/ldaptive-1.0.13.jar:/home/alex/.m2/repository/javax/json/javax.json-api/1.0/javax.json-api-1.0.jar:/home/alex/.m2/repository/net/spy/spymemcached/2.12.3/spymemcached-2.12.3.jar:/home/alex/.m2/repository/org/glassfish/javax.json/1.0.4/javax.json-1.0.4.jar:/home/alex/.m2/repository/org/opensaml/opensaml-xmlsec-impl/3.4.5/opensaml-xmlsec-impl-3.4.5.jar:/home/alex/.m2/repository/org/cryptacular/cryptacular/1.2.4/cryptacular-1.2.4.jar:/home/alex/.m2/repository/net/shibboleth/tool/xmlsectool/2.0.0/xmlsectool-2.0.0.jar:/home/alex/.m2/repository/com/beust/jcommander/1.48/jcommander-1.48.jar:/home/alex/.m2/repository/org/bouncycastle/bcprov-jdk15on/1.64/bcprov-jdk15on-1.64.jar:/home/alex/.m2/repository/org/apache/santuario/xmlsec/2.2.1/xmlsec-2.2.1.jar:/home/alex/.m2/repository/org/jamon/jamon-runtime/2.3.1/jamon-runtime-2.3.1.jar:/home/alex/.m2/repository/org/apache/hadoop/hadoop-mapreduce-client-core/3.1.0/hadoop-mapreduce-client-core-3.1.0.jar:/home/alex/.m2/repository/org/apache/hadoop/hadoop-yarn-client/3.1.0/hadoop-yarn-client-3.1.0.jar:/home/alex/.m2/repository/org/apache/hadoop/hadoop-yarn-common/3.1.0/hadoop-yarn-common-3.1.0.jar:/home/alex/.m2/repository/com/google/inject/guice/4.0/guice-4.0.jar:/home/alex/.m2/repository/aopalliance/aopalliance/1.0/aopalliance-1.0.jar:/home/alex/.m2/repository/com/sun/jersey/contribs/jersey-guice/1.19/jersey-guice-1.19.jar:/home/alex/.m2/repository/com/fasterxml/jackson/module/jackson-module-jaxb-annotations/2.12.0/jackson-module-jaxb-annotations-2.12.0.jar:/home/alex/.m2/repository/jakarta/xml/bind/jakarta.xml.bind-api/2.3.2/jakarta.xml.bind-api-2.3.2.jar:/home/alex/.m2/repository/jakarta/activation/jakarta.activation-api/1.2.1/jakarta.activation-api-1.2.1.jar:/home/alex/.m2/repository/org/apache/hadoop/hadoop-hdfs-client/3.1.0/hadoop-hdfs-client-3.1.0.jar:/home/alex/.m2/repository/com/squareup/okhttp/okhttp/2.7.5/okhttp-2.7.5.jar:/home/alex/.m2/repository/com/squareup/okio/okio/1.6.0/okio-1.6.0.jar:/home/alex/.m2/repository/com/google/inject/extensions/guice-servlet/4.0/guice-servlet-4.0.jar:/home/alex/.m2/repository/junit/junit/4.13/junit-4.13.jar:/home/alex/.m2/repository/org/hamcrest/hamcrest-core/1.3/hamcrest-core-1.3.jar:/home/alex/.m2/repository/org/junit/jupiter/junit-jupiter-engine/5.6.2/junit-jupiter-engine-5.6.2.jar:/home/alex/.m2/repository/org/apiguardian/apiguardian-api/1.1.0/apiguardian-api-1.1.0.jar:/home/alex/.m2/repository/org/junit/platform/junit-platform-engine/1.6.2/junit-platform-engine-1.6.2.jar:/home/alex/.m2/repository/org/opentest4j/opentest4j/1.2.0/opentest4j-1.2.0.jar:/home/alex/.m2/repository/org/junit/platform/junit-platform-commons/1.6.2/junit-platform-commons-1.6.2.jar:/home/alex/.m2/repository/org/junit/jupiter/junit-jupiter-api/5.6.2/junit-jupiter-api-5.6.2.jar:/home/alex/.m2/repository/org/junit/vintage/junit-vintage-engine/5.6.2/junit-vintage-engine-5.6.2.jar:/home/alex/.m2/repository/org/powermock/powermock-module-junit4/2.0.2/powermock-module-junit4-2.0.2.jar:/home/alex/.m2/repository/org/powermock/powermock-module-junit4-common/2.0.2/powermock-module-junit4-common-2.0.2.jar:/home/alex/.m2/repository/org/powermock/powermock-reflect/2.0.2/powermock-reflect-2.0.2.jar:/home/alex/.m2/repository/org/powermock/powermock-core/2.0.2/powermock-core-2.0.2.jar:/home/alex/.m2/repository/org/powermock/powermock-api-mockito2/2.0.2/powermock-api-mockito2-2.0.2.jar:/home/alex/.m2/repository/org/powermock/powermock-api-support/2.0.2/powermock-api-support-2.0.2.jar:/home/alex/.m2/repository/org/postgresql/postgresql/42.2.14/postgresql-42.2.14.jar:/home/alex/.m2/repository/org/slf4j/slf4j-api/1.7.30/slf4j-api-1.7.30.jar:/home/alex/.m2/repository/org/mockito/mockito-core/3.4.4/mockito-core-3.4.4.jar:/home/alex/.m2/repository/net/bytebuddy/byte-buddy/1.10.13/byte-buddy-1.10.13.jar:/home/alex/.m2/repository/net/bytebuddy/byte-buddy-agent/1.10.13/byte-buddy-agent-1.10.13.jar:/home/alex/.m2/repository/org/objenesis/objenesis/2.6/objenesis-2.6.jar:/home/alex/Repositories/hive/beeline/target/testconf:/home/alex/Repositories/hive/beeline/../conf:"/>
    <property name="java.vm.vendor" value="Private Build"/>
    <property name="hadoop.version" value="3.1.0"/>
    <property name="user.timezone" value="US/Pacific"/>
    <property name="test.local.warehouse.dir" value="pfile:///home/alex/Repositories/hive/beeline/target/localfs/warehouse"/>
    <property name="os.name" value="Linux"/>
    <property name="java.vm.specification.version" value="1.8"/>
    <property name="test.build.data" value="/home/alex/Repositories/hive/beeline/target/tmp"/>
    <property name="clustermode" value=""/>
    <property name="sun.java.launcher" value="SUN_STANDARD"/>
    <property name="user.country" value="US"/>
    <property name="test.data.files" value="/home/alex/Repositories/hive/beeline/../data/files"/>
    <property name="surefire.test.class.path" value="/home/alex/Repositories/hive/beeline/target/test-classes:/home/alex/Repositories/hive/beeline/target/classes:/home/alex/Repositories/hive/common/target/classes:/home/alex/Repositories/hive/classification/target/classes:/home/alex/Repositories/hive/storage-api/target/classes:/home/alex/Repositories/hive/standalone-metastore/metastore-common/target/classes:/home/alex/.m2/repository/com/github/ben-manes/caffeine/caffeine/2.8.4/caffeine-2.8.4.jar:/home/alex/.m2/repository/org/checkerframework/checker-qual/3.4.0/checker-qual-3.4.0.jar:/home/alex/.m2/repository/com/google/errorprone/error_prone_annotations/2.3.4/error_prone_annotations-2.3.4.jar:/home/alex/.m2/repository/com/google/guava/guava/19.0/guava-19.0.jar:/home/alex/.m2/repository/org/apache/commons/commons-lang3/3.9/commons-lang3-3.9.jar:/home/alex/.m2/repository/org/apache/commons/commons-math3/3.6.1/commons-math3-3.6.1.jar:/home/alex/.m2/repository/org/apache/orc/orc-core/1.6.9/orc-core-1.6.9.jar:/home/alex/.m2/repository/org/apache/orc/orc-shims/1.6.9/orc-shims-1.6.9.jar:/home/alex/.m2/repository/io/airlift/aircompressor/0.19/aircompressor-0.19.jar:/home/alex/.m2/repository/javax/xml/bind/jaxb-api/2.2.11/jaxb-api-2.2.11.jar:/home/alex/.m2/repository/org/jetbrains/annotations/17.0.0/annotations-17.0.0.jar:/home/alex/.m2/repository/org/threeten/threeten-extra/1.5.0/threeten-extra-1.5.0.jar:/home/alex/.m2/repository/javax/servlet/javax.servlet-api/3.1.0/javax.servlet-api-3.1.0.jar:/home/alex/.m2/repository/org/eclipse/jetty/jetty-http/9.3.27.v20190418/jetty-http-9.3.27.v20190418.jar:/home/alex/.m2/repository/org/eclipse/jetty/jetty-rewrite/9.3.27.v20190418/jetty-rewrite-9.3.27.v20190418.jar:/home/alex/.m2/repository/org/eclipse/jetty/jetty-client/9.3.27.v20190418/jetty-client-9.3.27.v20190418.jar:/home/alex/.m2/repository/org/eclipse/jetty/jetty-server/9.3.27.v20190418/jetty-server-9.3.27.v20190418.jar:/home/alex/.m2/repository/org/eclipse/jetty/jetty-io/9.3.27.v20190418/jetty-io-9.3.27.v20190418.jar:/home/alex/.m2/repository/org/eclipse/jetty/jetty-servlet/9.3.27.v20190418/jetty-servlet-9.3.27.v20190418.jar:/home/alex/.m2/repository/org/eclipse/jetty/jetty-security/9.3.27.v20190418/jetty-security-9.3.27.v20190418.jar:/home/alex/.m2/repository/org/eclipse/jetty/jetty-webapp/9.3.27.v20190418/jetty-webapp-9.3.27.v20190418.jar:/home/alex/.m2/repository/org/eclipse/jetty/jetty-xml/9.3.27.v20190418/jetty-xml-9.3.27.v20190418.jar:/home/alex/.m2/repository/joda-time/joda-time/2.9.9/joda-time-2.9.9.jar:/home/alex/.m2/repository/org/apache/logging/log4j/log4j-1.2-api/2.13.2/log4j-1.2-api-2.13.2.jar:/home/alex/.m2/repository/org/apache/logging/log4j/log4j-web/2.13.2/log4j-web-2.13.2.jar:/home/alex/.m2/repository/org/apache/commons/commons-compress/1.21/commons-compress-1.21.jar:/home/alex/.m2/repository/org/apache/ant/ant/1.9.1/ant-1.9.1.jar:/home/alex/.m2/repository/org/apache/ant/ant-launcher/1.9.1/ant-launcher-1.9.1.jar:/home/alex/.m2/repository/net/sf/jpam/jpam/1.1/jpam-1.1.jar:/home/alex/.m2/repository/com/tdunning/json/1.8/json-1.8.jar:/home/alex/.m2/repository/io/dropwizard/metrics/metrics-core/3.1.0/metrics-core-3.1.0.jar:/home/alex/.m2/repository/io/dropwizard/metrics/metrics-jvm/3.1.0/metrics-jvm-3.1.0.jar:/home/alex/.m2/repository/io/dropwizard/metrics/metrics-json/3.1.0/metrics-json-3.1.0.jar:/home/alex/.m2/repository/com/fasterxml/jackson/core/jackson-databind/2.12.0/jackson-databind-2.12.0.jar:/home/alex/.m2/repository/com/github/joshelser/dropwizard-metrics-hadoop-metrics2-reporter/0.1.2/dropwizard-metrics-hadoop-metrics2-reporter-0.1.2.jar:/home/alex/.m2/repository/javolution/javolution/5.5.1/javolution-5.5.1.jar:/home/alex/Repositories/hive/metastore/target/classes:/home/alex/Repositories/hive/serde/target/classes:/home/alex/.m2/repository/org/apache/arrow/arrow-vector/0.15.1/arrow-vector-0.15.1.jar:/home/alex/.m2/repository/org/apache/arrow/arrow-format/0.15.1/arrow-format-0.15.1.jar:/home/alex/.m2/repository/org/apache/arrow/arrow-memory/0.15.1/arrow-memory-0.15.1.jar:/home/alex/.m2/repository/com/google/flatbuffers/flatbuffers-java/1.9.0/flatbuffers-java-1.9.0.jar:/home/alex/.m2/repository/com/carrotsearch/hppc/0.7.2/hppc-0.7.2.jar:/home/alex/.m2/repository/com/github/davidmoten/flatbuffers-java/1.6.0.1/flatbuffers-java-1.6.0.1.jar:/home/alex/.m2/repository/org/apache/derby/derby/10.14.1.0/derby-10.14.1.0.jar:/home/alex/.m2/repository/org/antlr/antlr-runtime/3.5.2/antlr-runtime-3.5.2.jar:/home/alex/.m2/repository/org/apache/thrift/libfb303/0.9.3/libfb303-0.9.3.jar:/home/alex/Repositories/hive/shims/aggregator/target/classes:/home/alex/Repositories/hive/shims/common/target/classes:/home/alex/Repositories/hive/shims/0.23/target/classes:/home/alex/.m2/repository/org/apache/hadoop/hadoop-yarn-server-resourcemanager/3.1.0/hadoop-yarn-server-resourcemanager-3.1.0.jar:/home/alex/.m2/repository/org/eclipse/jetty/jetty-util-ajax/9.3.19.v20170502/jetty-util-ajax-9.3.19.v20170502.jar:/home/alex/.m2/repository/org/apache/hadoop/hadoop-yarn-server-common/3.1.0/hadoop-yarn-server-common-3.1.0.jar:/home/alex/.m2/repository/org/apache/geronimo/specs/geronimo-jcache_1.0_spec/1.0-alpha-1/geronimo-jcache_1.0_spec-1.0-alpha-1.jar:/home/alex/.m2/repository/org/ehcache/ehcache/3.3.1/ehcache-3.3.1.jar:/home/alex/.m2/repository/com/zaxxer/HikariCP-java7/2.4.12/HikariCP-java7-2.4.12.jar:/home/alex/.m2/repository/org/apache/hadoop/hadoop-yarn-server-applicationhistoryservice/3.1.0/hadoop-yarn-server-applicationhistoryservice-3.1.0.jar:/home/alex/.m2/repository/de/ruedigermoeller/fst/2.50/fst-2.50.jar:/home/alex/.m2/repository/com/cedarsoftware/java-util/1.9.0/java-util-1.9.0.jar:/home/alex/.m2/repository/com/cedarsoftware/json-io/2.5.1/json-io-2.5.1.jar:/home/alex/.m2/repository/org/apache/hadoop/hadoop-yarn-server-web-proxy/3.1.0/hadoop-yarn-server-web-proxy-3.1.0.jar:/home/alex/.m2/repository/org/fusesource/leveldbjni/leveldbjni-all/1.8/leveldbjni-all-1.8.jar:/home/alex/Repositories/hive/shims/scheduler/target/classes:/home/alex/Repositories/hive/jdbc/target/classes:/home/alex/Repositories/hive/llap-client/target/classes:/home/alex/Repositories/hive/llap-common/target/classes:/home/alex/.m2/repository/io/jsonwebtoken/jjwt-api/0.10.5/jjwt-api-0.10.5.jar:/home/alex/.m2/repository/io/jsonwebtoken/jjwt-impl/0.10.5/jjwt-impl-0.10.5.jar:/home/alex/.m2/repository/io/jsonwebtoken/jjwt-jackson/0.10.5/jjwt-jackson-0.10.5.jar:/home/alex/Repositories/hive/service-rpc/target/classes:/home/alex/.m2/repository/org/apache/httpcomponents/httpclient/4.5.13/httpclient-4.5.13.jar:/home/alex/.m2/repository/org/apache/httpcomponents/httpcore/4.4.13/httpcore-4.4.13.jar:/home/alex/.m2/repository/org/apache/zookeeper/zookeeper/3.5.5/zookeeper-3.5.5.jar:/home/alex/.m2/repository/org/apache/zookeeper/zookeeper-jute/3.5.5/zookeeper-jute-3.5.5.jar:/home/alex/.m2/repository/org/apache/yetus/audience-annotations/0.5.0/audience-annotations-0.5.0.jar:/home/alex/.m2/repository/org/apache/curator/curator-framework/4.2.0/curator-framework-4.2.0.jar:/home/alex/Repositories/hive/standalone-metastore/metastore-server/target/classes:/home/alex/.m2/repository/com/google/protobuf/protobuf-java/2.5.0/protobuf-java-2.5.0.jar:/home/alex/.m2/repository/com/zaxxer/HikariCP/2.6.1/HikariCP-2.6.1.jar:/home/alex/.m2/repository/org/apache/commons/commons-dbcp2/2.7.0/commons-dbcp2-2.7.0.jar:/home/alex/.m2/repository/org/apache/commons/commons-pool2/2.7.0/commons-pool2-2.7.0.jar:/home/alex/.m2/repository/commons-beanutils/commons-beanutils/1.9.4/commons-beanutils-1.9.4.jar:/home/alex/.m2/repository/org/apache/logging/log4j/log4j-core/2.13.2/log4j-core-2.13.2.jar:/home/alex/.m2/repository/org/datanucleus/datanucleus-api-jdo/5.2.4/datanucleus-api-jdo-5.2.4.jar:/home/alex/.m2/repository/org/datanucleus/datanucleus-core/5.2.4/datanucleus-core-5.2.4.jar:/home/alex/.m2/repository/org/datanucleus/datanucleus-rdbms/5.2.4/datanucleus-rdbms-5.2.4.jar:/home/alex/.m2/repository/org/datanucleus/javax.jdo/3.2.0-release/javax.jdo-3.2.0-release.jar:/home/alex/.m2/repository/javax/transaction/javax.transaction-api/1.3/javax.transaction-api-1.3.jar:/home/alex/.m2/repository/org/glassfish/corba/glassfish-corba-omgapi/4.2.2/glassfish-corba-omgapi-4.2.2.jar:/home/alex/.m2/repository/sqlline/sqlline/1.9.0/sqlline-1.9.0.jar:/home/alex/.m2/repository/org/jline/jline-terminal/3.12.1/jline-terminal-3.12.1.jar:/home/alex/.m2/repository/org/jline/jline-reader/3.12.1/jline-reader-3.12.1.jar:/home/alex/.m2/repository/org/jline/jline-terminal-jansi/3.12.1/jline-terminal-jansi-3.12.1.jar:/home/alex/.m2/repository/org/fusesource/jansi/jansi/1.18/jansi-1.18.jar:/home/alex/.m2/repository/org/jline/jline-terminal-jna/3.12.1/jline-terminal-jna-3.12.1.jar:/home/alex/.m2/repository/net/java/dev/jna/jna/5.3.1/jna-5.3.1.jar:/home/alex/.m2/repository/org/jline/jline-builtins/3.12.1/jline-builtins-3.12.1.jar:/home/alex/.m2/repository/org/jline/jline-style/3.12.1/jline-style-3.12.1.jar:/home/alex/.m2/repository/commons-logging/commons-logging/1.1.3/commons-logging-1.1.3.jar:/home/alex/.m2/repository/com/cronutils/cron-utils/9.1.3/cron-utils-9.1.3.jar:/home/alex/.m2/repository/org/glassfish/javax.el/3.0.0/javax.el-3.0.0.jar:/home/alex/.m2/repository/com/oracle/database/jdbc/ojdbc8/21.3.0.0/ojdbc8-21.3.0.0.jar:/home/alex/.m2/repository/mysql/mysql-connector-java/8.0.27/mysql-connector-java-8.0.27.jar:/home/alex/.m2/repository/com/microsoft/sqlserver/mssql-jdbc/6.2.1.jre8/mssql-jdbc-6.2.1.jre8.jar:/home/alex/.m2/repository/commons-cli/commons-cli/1.4/commons-cli-1.4.jar:/home/alex/.m2/repository/commons-io/commons-io/2.6/commons-io-2.6.jar:/home/alex/.m2/repository/com/fasterxml/jackson/core/jackson-core/2.12.0/jackson-core-2.12.0.jar:/home/alex/.m2/repository/jline/jline/2.14.6/jline-2.14.6.jar:/home/alex/.m2/repository/org/apache/hadoop/hadoop-common/3.1.0/hadoop-common-3.1.0.jar:/home/alex/.m2/repository/org/apache/hadoop/hadoop-annotations/3.1.0/hadoop-annotations-3.1.0.jar:/usr/lib/jvm/java-8-openjdk-amd64/jre/../lib/tools.jar:/home/alex/.m2/repository/commons-codec/commons-codec/1.15/commons-codec-1.15.jar:/home/alex/.m2/repository/commons-net/commons-net/3.6/commons-net-3.6.jar:/home/alex/.m2/repository/commons-collections/commons-collections/3.2.2/commons-collections-3.2.2.jar:/home/alex/.m2/repository/org/eclipse/jetty/jetty-util/9.3.27.v20190418/jetty-util-9.3.27.v20190418.jar:/home/alex/.m2/repository/javax/servlet/jsp/jsp-api/2.1/jsp-api-2.1.jar:/home/alex/.m2/repository/com/sun/jersey/jersey-core/1.19/jersey-core-1.19.jar:/home/alex/.m2/repository/javax/ws/rs/jsr311-api/1.1.1/jsr311-api-1.1.1.jar:/home/alex/.m2/repository/com/sun/jersey/jersey-servlet/1.19/jersey-servlet-1.19.jar:/home/alex/.m2/repository/com/sun/jersey/jersey-json/1.19/jersey-json-1.19.jar:/home/alex/.m2/repository/org/codehaus/jettison/jettison/1.1/jettison-1.1.jar:/home/alex/.m2/repository/com/sun/xml/bind/jaxb-impl/2.2.3-1/jaxb-impl-2.2.3-1.jar:/home/alex/.m2/repository/org/codehaus/jackson/jackson-core-asl/1.9.2/jackson-core-asl-1.9.2.jar:/home/alex/.m2/repository/org/codehaus/jackson/jackson-mapper-asl/1.9.2/jackson-mapper-asl-1.9.2.jar:/home/alex/.m2/repository/org/codehaus/jackson/jackson-jaxrs/1.9.2/jackson-jaxrs-1.9.2.jar:/home/alex/.m2/repository/org/codehaus/jackson/jackson-xc/1.9.2/jackson-xc-1.9.2.jar:/home/alex/.m2/repository/com/sun/jersey/jersey-server/1.19/jersey-server-1.19.jar:/home/alex/.m2/repository/commons-lang/commons-lang/2.6/commons-lang-2.6.jar:/home/alex/.m2/repository/org/apache/commons/commons-configuration2/2.1.1/commons-configuration2-2.1.1.jar:/home/alex/.m2/repository/org/apache/avro/avro/1.8.2/avro-1.8.2.jar:/home/alex/.m2/repository/com/thoughtworks/paranamer/paranamer/2.8/paranamer-2.8.jar:/home/alex/.m2/repository/org/xerial/snappy/snappy-java/1.1.4/snappy-java-1.1.4.jar:/home/alex/.m2/repository/org/tukaani/xz/1.5/xz-1.5.jar:/home/alex/.m2/repository/com/google/re2j/re2j/1.2/re2j-1.2.jar:/home/alex/.m2/repository/com/google/code/gson/gson/2.2.4/gson-2.2.4.jar:/home/alex/.m2/repository/org/apache/hadoop/hadoop-auth/3.1.0/hadoop-auth-3.1.0.jar:/home/alex/.m2/repository/com/nimbusds/nimbus-jose-jwt/4.41.1/nimbus-jose-jwt-4.41.1.jar:/home/alex/.m2/repository/com/github/stephenc/jcip/jcip-annotations/1.0-1/jcip-annotations-1.0-1.jar:/home/alex/.m2/repository/net/minidev/json-smart/2.3/json-smart-2.3.jar:/home/alex/.m2/repository/net/minidev/accessors-smart/1.2/accessors-smart-1.2.jar:/home/alex/.m2/repository/com/jcraft/jsch/0.1.54/jsch-0.1.54.jar:/home/alex/.m2/repository/com/google/code/findbugs/jsr305/3.0.0/jsr305-3.0.0.jar:/home/alex/.m2/repository/org/apache/htrace/htrace-core4/4.1.0-incubating/htrace-core4-4.1.0-incubating.jar:/home/alex/.m2/repository/org/apache/kerby/kerb-simplekdc/1.0.1/kerb-simplekdc-1.0.1.jar:/home/alex/.m2/repository/org/apache/kerby/kerb-client/1.0.1/kerb-client-1.0.1.jar:/home/alex/.m2/repository/org/apache/kerby/kerby-config/1.0.1/kerby-config-1.0.1.jar:/home/alex/.m2/repository/org/apache/kerby/kerb-core/1.0.1/kerb-core-1.0.1.jar:/home/alex/.m2/repository/org/apache/kerby/kerby-pkix/1.0.1/kerby-pkix-1.0.1.jar:/home/alex/.m2/repository/org/apache/kerby/kerby-asn1/1.0.1/kerby-asn1-1.0.1.jar:/home/alex/.m2/repository/org/apache/kerby/kerby-util/1.0.1/kerby-util-1.0.1.jar:/home/alex/.m2/repository/org/apache/kerby/kerb-common/1.0.1/kerb-common-1.0.1.jar:/home/alex/.m2/repository/org/apache/kerby/kerb-crypto/1.0.1/kerb-crypto-1.0.1.jar:/home/alex/.m2/repository/org/apache/kerby/kerb-util/1.0.1/kerb-util-1.0.1.jar:/home/alex/.m2/repository/org/apache/kerby/token-provider/1.0.1/token-provider-1.0.1.jar:/home/alex/.m2/repository/org/apache/kerby/kerb-admin/1.0.1/kerb-admin-1.0.1.jar:/home/alex/.m2/repository/org/apache/kerby/kerb-server/1.0.1/kerb-server-1.0.1.jar:/home/alex/.m2/repository/org/apache/kerby/kerb-identity/1.0.1/kerb-identity-1.0.1.jar:/home/alex/.m2/repository/org/apache/kerby/kerby-xdr/1.0.1/kerby-xdr-1.0.1.jar:/home/alex/.m2/repository/org/codehaus/woodstox/stax2-api/3.1.4/stax2-api-3.1.4.jar:/home/alex/.m2/repository/com/fasterxml/woodstox/woodstox-core/5.0.3/woodstox-core-5.0.3.jar:/home/alex/.m2/repository/org/apache/thrift/libthrift/0.14.1/libthrift-0.14.1.jar:/home/alex/.m2/repository/org/apache/tomcat/embed/tomcat-embed-core/8.5.46/tomcat-embed-core-8.5.46.jar:/home/alex/.m2/repository/org/apache/tomcat/tomcat-annotations-api/8.5.46/tomcat-annotations-api-8.5.46.jar:/home/alex/.m2/repository/javax/annotation/javax.annotation-api/1.3.2/javax.annotation-api-1.3.2.jar:/home/alex/.m2/repository/net/sf/supercsv/super-csv/2.2.0/super-csv-2.2.0.jar:/home/alex/.m2/repository/org/apache/logging/log4j/log4j-slf4j-impl/2.13.2/log4j-slf4j-impl-2.13.2.jar:/home/alex/.m2/repository/org/apache/logging/log4j/log4j-api/2.13.2/log4j-api-2.13.2.jar:/home/alex/Repositories/hive/ql/target/test-classes:/home/alex/.m2/repository/org/apache/atlas/atlas-client-v2/2.1.0/atlas-client-v2-2.1.0.jar:/home/alex/.m2/repository/cglib/cglib/2.2.2/cglib-2.2.2.jar:/home/alex/.m2/repository/asm/asm/3.3.1/asm-3.3.1.jar:/home/alex/.m2/repository/org/apache/atlas/atlas-client-common/2.1.0/atlas-client-common-2.1.0.jar:/home/alex/.m2/repository/com/sun/jersey/jersey-client/1.19/jersey-client-1.19.jar:/home/alex/.m2/repository/org/apache/atlas/atlas-intg/2.1.0/atlas-intg-2.1.0.jar:/home/alex/.m2/repository/commons-validator/commons-validator/1.6/commons-validator-1.6.jar:/home/alex/.m2/repository/commons-digester/commons-digester/1.8.1/commons-digester-1.8.1.jar:/home/alex/.m2/repository/com/fasterxml/jackson/jaxrs/jackson-jaxrs-base/2.12.0/jackson-jaxrs-base-2.12.0.jar:/home/alex/.m2/repository/com/fasterxml/jackson/jaxrs/jackson-jaxrs-json-provider/2.12.0/jackson-jaxrs-json-provider-2.12.0.jar:/home/alex/.m2/repository/javax/inject/javax.inject/1/javax.inject-1.jar:/home/alex/.m2/repository/org/springframework/spring-context/4.3.20.RELEASE/spring-context-4.3.20.RELEASE.jar:/home/alex/.m2/repository/org/springframework/spring-aop/4.3.20.RELEASE/spring-aop-4.3.20.RELEASE.jar:/home/alex/.m2/repository/org/springframework/spring-beans/4.3.20.RELEASE/spring-beans-4.3.20.RELEASE.jar:/home/alex/.m2/repository/org/springframework/spring-core/4.3.20.RELEASE/spring-core-4.3.20.RELEASE.jar:/home/alex/.m2/repository/org/springframework/spring-expression/4.3.20.RELEASE/spring-expression-4.3.20.RELEASE.jar:/home/alex/.m2/repository/commons-configuration/commons-configuration/1.10/commons-configuration-1.10.jar:/home/alex/Repositories/hive/vector-code-gen/target/classes:/home/alex/.m2/repository/org/apache/velocity/velocity/1.5/velocity-1.5.jar:/home/alex/.m2/repository/oro/oro/2.0.8/oro-2.0.8.jar:/home/alex/Repositories/hive/parser/target/classes:/home/alex/Repositories/hive/udf/target/classes:/home/alex/Repositories/hive/llap-tez/target/classes:/home/alex/Repositories/hive/spark-client/target/classes:/home/alex/.m2/repository/io/netty/netty-all/4.1.65.Final/netty-all-4.1.65.Final.jar:/home/alex/.m2/repository/com/fasterxml/jackson/module/jackson-module-scala_2.12/2.12.0/jackson-module-scala_2.12-2.12.0.jar:/home/alex/.m2/repository/org/scala-lang/scala-library/2.12.10/scala-library-2.12.10.jar:/home/alex/.m2/repository/org/apache/spark/spark-core_2.12/2.4.5/spark-core_2.12-2.4.5.jar:/home/alex/.m2/repository/com/twitter/chill_2.12/0.9.3/chill_2.12-0.9.3.jar:/home/alex/.m2/repository/com/twitter/chill-java/0.9.3/chill-java-0.9.3.jar:/home/alex/.m2/repository/org/apache/xbean/xbean-asm6-shaded/4.8/xbean-asm6-shaded-4.8.jar:/home/alex/.m2/repository/org/apache/hadoop/hadoop-client/3.1.0/hadoop-client-3.1.0.jar:/home/alex/.m2/repository/org/apache/hadoop/hadoop-mapreduce-client-jobclient/3.1.0/hadoop-mapreduce-client-jobclient-3.1.0.jar:/home/alex/.m2/repository/org/apache/hadoop/hadoop-mapreduce-client-common/3.1.0/hadoop-mapreduce-client-common-3.1.0.jar:/home/alex/.m2/repository/org/apache/spark/spark-launcher_2.12/2.4.5/spark-launcher_2.12-2.4.5.jar:/home/alex/.m2/repository/org/apache/spark/spark-kvstore_2.12/2.4.5/spark-kvstore_2.12-2.4.5.jar:/home/alex/.m2/repository/org/apache/spark/spark-network-common_2.12/2.4.5/spark-network-common_2.12-2.4.5.jar:/home/alex/.m2/repository/org/apache/spark/spark-network-shuffle_2.12/2.4.5/spark-network-shuffle_2.12-2.4.5.jar:/home/alex/.m2/repository/org/apache/spark/spark-unsafe_2.12/2.4.5/spark-unsafe_2.12-2.4.5.jar:/home/alex/.m2/repository/javax/activation/activation/1.1.1/activation-1.1.1.jar:/home/alex/.m2/repository/org/slf4j/jul-to-slf4j/1.7.16/jul-to-slf4j-1.7.16.jar:/home/alex/.m2/repository/org/slf4j/jcl-over-slf4j/1.7.16/jcl-over-slf4j-1.7.16.jar:/home/alex/.m2/repository/com/ning/compress-lzf/1.0.3/compress-lzf-1.0.3.jar:/home/alex/.m2/repository/org/roaringbitmap/RoaringBitmap/0.7.45/RoaringBitmap-0.7.45.jar:/home/alex/.m2/repository/org/roaringbitmap/shims/0.7.45/shims-0.7.45.jar:/home/alex/.m2/repository/org/json4s/json4s-jackson_2.12/3.5.3/json4s-jackson_2.12-3.5.3.jar:/home/alex/.m2/repository/org/json4s/json4s-core_2.12/3.5.3/json4s-core_2.12-3.5.3.jar:/home/alex/.m2/repository/org/json4s/json4s-ast_2.12/3.5.3/json4s-ast_2.12-3.5.3.jar:/home/alex/.m2/repository/org/json4s/json4s-scalap_2.12/3.5.3/json4s-scalap_2.12-3.5.3.jar:/home/alex/.m2/repository/org/scala-lang/modules/scala-xml_2.12/1.0.6/scala-xml_2.12-1.0.6.jar:/home/alex/.m2/repository/com/clearspring/analytics/stream/2.7.0/stream-2.7.0.jar:/home/alex/.m2/repository/io/dropwizard/metrics/metrics-graphite/3.1.5/metrics-graphite-3.1.5.jar:/home/alex/.m2/repository/net/razorvine/pyrolite/4.13/pyrolite-4.13.jar:/home/alex/.m2/repository/net/sf/py4j/py4j/0.10.7/py4j-0.10.7.jar:/home/alex/.m2/repository/org/apache/spark/spark-tags_2.12/2.4.5/spark-tags_2.12-2.4.5.jar:/home/alex/.m2/repository/org/apache/commons/commons-crypto/1.0.0/commons-crypto-1.0.0.jar:/home/alex/.m2/repository/org/spark-project/spark/unused/1.0.0/unused-1.0.0.jar:/home/alex/.m2/repository/org/apache/spark/spark-yarn_2.12/2.4.5/spark-yarn_2.12-2.4.5.jar:/home/alex/.m2/repository/com/amazonaws/secretsmanager/aws-secretsmanager-caching-java/1.0.1/aws-secretsmanager-caching-java-1.0.1.jar:/home/alex/.m2/repository/com/esotericsoftware/kryo/5.0.3/kryo-5.0.3.jar:/home/alex/.m2/repository/com/esotericsoftware/minlog/1.3.1/minlog-1.3.1.jar:/home/alex/.m2/repository/com/esotericsoftware/reflectasm/1.11.9/reflectasm-1.11.9.jar:/home/alex/.m2/repository/org/apache/parquet/parquet-hadoop-bundle/1.11.1/parquet-hadoop-bundle-1.11.1.jar:/home/alex/.m2/repository/org/apache/commons/commons-collections4/4.1/commons-collections4-4.1.jar:/home/alex/.m2/repository/org/apache/commons/commons-text/1.8/commons-text-1.8.jar:/home/alex/.m2/repository/org/antlr/ST4/4.0.4/ST4-4.0.4.jar:/home/alex/.m2/repository/org/apache/avro/avro-mapred/1.8.2/avro-mapred-1.8.2-hadoop2.jar:/home/alex/.m2/repository/org/apache/avro/avro-ipc/1.8.2/avro-ipc-1.8.2.jar:/home/alex/.m2/repository/org/mortbay/jetty/jetty/6.1.26/jetty-6.1.26.jar:/home/alex/.m2/repository/org/apache/hadoop/hadoop-yarn-registry/3.1.0/hadoop-yarn-registry-3.1.0.jar:/home/alex/.m2/repository/org/apache/hadoop/hadoop-yarn-api/3.1.0/hadoop-yarn-api-3.1.0.jar:/home/alex/.m2/repository/commons-daemon/commons-daemon/1.0.13/commons-daemon-1.0.13.jar:/home/alex/.m2/repository/dnsjava/dnsjava/2.1.7/dnsjava-2.1.7.jar:/home/alex/.m2/repository/org/apache/orc/orc-tools/1.6.9/orc-tools-1.6.9.jar:/home/alex/.m2/repository/com/opencsv/opencsv/3.9/opencsv-3.9.jar:/home/alex/.m2/repository/org/apache/hadoop/hadoop-hdfs/3.1.0/hadoop-hdfs-3.1.0.jar:/home/alex/.m2/repository/org/threeten/threetenbp/1.3.5/threetenbp-1.3.5.jar:/home/alex/.m2/repository/org/apache/ivy/ivy/2.4.0/ivy-2.4.0.jar:/home/alex/.m2/repository/org/apache/datasketches/datasketches-hive/1.1.0-incubating/datasketches-hive-1.1.0-incubating.jar:/home/alex/.m2/repository/org/apache/datasketches/datasketches-java/1.3.0-incubating/datasketches-java-1.3.0-incubating.jar:/home/alex/.m2/repository/org/apache/datasketches/datasketches-memory/1.2.0-incubating/datasketches-memory-1.2.0-incubating.jar:/home/alex/.m2/repository/org/slf4j/slf4j-simple/1.7.27/slf4j-simple-1.7.27.jar:/home/alex/.m2/repository/org/codehaus/groovy/groovy-all/2.4.11/groovy-all-2.4.11.jar:/home/alex/.m2/repository/org/jodd/jodd-util/6.0.0/jodd-util-6.0.0.jar:/home/alex/.m2/repository/com/fasterxml/jackson/core/jackson-annotations/2.12.0/jackson-annotations-2.12.0.jar:/home/alex/.m2/repository/com/fasterxml/jackson/dataformat/jackson-dataformat-yaml/2.12.0/jackson-dataformat-yaml-2.12.0.jar:/home/alex/.m2/repository/org/yaml/snakeyaml/1.27/snakeyaml-1.27.jar:/home/alex/.m2/repository/org/apache/calcite/calcite-core/1.25.0/calcite-core-1.25.0.jar:/home/alex/.m2/repository/org/apache/calcite/calcite-linq4j/1.25.0/calcite-linq4j-1.25.0.jar:/home/alex/.m2/repository/com/esri/geometry/esri-geometry-api/2.2.0/esri-geometry-api-2.2.0.jar:/home/alex/.m2/repository/com/yahoo/datasketches/sketches-core/0.9.0/sketches-core-0.9.0.jar:/home/alex/.m2/repository/com/yahoo/datasketches/memory/0.9.0/memory-0.9.0.jar:/home/alex/.m2/repository/org/apache/calcite/calcite-druid/1.25.0/calcite-druid-1.25.0.jar:/home/alex/.m2/repository/org/apache/calcite/avatica/avatica/1.12.0/avatica-1.12.0.jar:/home/alex/.m2/repository/com/googlecode/javaewah/JavaEWAH/0.3.2/JavaEWAH-0.3.2.jar:/home/alex/.m2/repository/stax/stax-api/1.0.1/stax-api-1.0.1.jar:/home/alex/.m2/repository/net/sf/opencsv/opencsv/2.3/opencsv-2.3.jar:/home/alex/.m2/repository/org/reflections/reflections/0.9.10/reflections-0.9.10.jar:/home/alex/.m2/repository/org/javassist/javassist/3.19.0-GA/javassist-3.19.0-GA.jar:/home/alex/.m2/repository/com/jayway/jsonpath/json-path/2.4.0/json-path-2.4.0.jar:/home/alex/.m2/repository/org/codehaus/janino/commons-compiler/3.0.11/commons-compiler-3.0.11.jar:/home/alex/.m2/repository/org/codehaus/janino/janino/3.0.11/janino-3.0.11.jar:/home/alex/.m2/repository/com/sun/jersey/contribs/jersey-multipart/1.19/jersey-multipart-1.19.jar:/home/alex/.m2/repository/org/jvnet/mimepull/mimepull/1.9.3/mimepull-1.9.3.jar:/home/alex/.m2/repository/org/apache/kafka/kafka-clients/2.5.0/kafka-clients-2.5.0.jar:/home/alex/.m2/repository/com/github/luben/zstd-jni/1.4.4-7/zstd-jni-1.4.4-7.jar:/home/alex/.m2/repository/org/lz4/lz4-java/1.7.1/lz4-java-1.7.1.jar:/home/alex/Repositories/hive/service/target/classes:/home/alex/Repositories/hive/ql/target/classes:/home/alex/Repositories/hive/llap-server/target/classes:/home/alex/.m2/repository/com/lmax/disruptor/3.3.7/disruptor-3.3.7.jar:/home/alex/Repositories/hive/llap-common/target/test-classes:/home/alex/Repositories/hive/hplsql/target/classes:/home/alex/.m2/repository/org/antlr/antlr4-runtime/4.5/antlr4-runtime-4.5.jar:/home/alex/.m2/repository/org/abego/treelayout/org.abego.treelayout.core/1.0.1/org.abego.treelayout.core-1.0.1.jar:/home/alex/.m2/repository/javax/servlet/jsp/javax.servlet.jsp-api/2.3.1/javax.servlet.jsp-api-2.3.1.jar:/home/alex/.m2/repository/org/eclipse/jetty/jetty-runner/9.3.27.v20190418/jetty-runner-9.3.27.v20190418.jar:/home/alex/.m2/repository/org/eclipse/jetty/jetty-plus/9.3.27.v20190418/jetty-plus-9.3.27.v20190418.jar:/home/alex/.m2/repository/org/eclipse/jetty/jetty-annotations/9.3.27.v20190418/jetty-annotations-9.3.27.v20190418.jar:/home/alex/.m2/repository/org/ow2/asm/asm/6.0/asm-6.0.jar:/home/alex/.m2/repository/org/ow2/asm/asm-commons/6.0/asm-commons-6.0.jar:/home/alex/.m2/repository/org/ow2/asm/asm-tree/6.0/asm-tree-6.0.jar:/home/alex/.m2/repository/org/eclipse/jetty/jetty-jaas/9.3.27.v20190418/jetty-jaas-9.3.27.v20190418.jar:/home/alex/.m2/repository/org/eclipse/jetty/websocket/websocket-server/9.3.27.v20190418/websocket-server-9.3.27.v20190418.jar:/home/alex/.m2/repository/org/eclipse/jetty/websocket/websocket-common/9.3.27.v20190418/websocket-common-9.3.27.v20190418.jar:/home/alex/.m2/repository/org/eclipse/jetty/websocket/websocket-api/9.3.27.v20190418/websocket-api-9.3.27.v20190418.jar:/home/alex/.m2/repository/org/eclipse/jetty/websocket/websocket-client/9.3.27.v20190418/websocket-client-9.3.27.v20190418.jar:/home/alex/.m2/repository/org/eclipse/jetty/websocket/websocket-servlet/9.3.27.v20190418/websocket-servlet-9.3.27.v20190418.jar:/home/alex/.m2/repository/org/eclipse/jetty/jetty-jndi/9.3.27.v20190418/jetty-jndi-9.3.27.v20190418.jar:/home/alex/.m2/repository/org/eclipse/jetty/apache-jsp/9.3.27.v20190418/apache-jsp-9.3.27.v20190418.jar:/home/alex/.m2/repository/org/eclipse/jetty/toolchain/jetty-schemas/3.1/jetty-schemas-3.1.jar:/home/alex/.m2/repository/org/eclipse/jdt/core/compiler/ecj/4.4.2/ecj-4.4.2.jar:/home/alex/.m2/repository/org/eclipse/jetty/apache-jstl/9.3.27.v20190418/apache-jstl-9.3.27.v20190418.jar:/home/alex/.m2/repository/org/apache/taglibs/taglibs-standard-spec/1.2.5/taglibs-standard-spec-1.2.5.jar:/home/alex/.m2/repository/org/apache/taglibs/taglibs-standard-impl/1.2.5/taglibs-standard-impl-1.2.5.jar:/home/alex/.m2/repository/org/apache/curator/curator-client/4.2.0/curator-client-4.2.0.jar:/home/alex/.m2/repository/org/apache/curator/curator-recipes/4.2.0/curator-recipes-4.2.0.jar:/home/alex/.m2/repository/org/pac4j/pac4j-saml-opensamlv3/4.0.3/pac4j-saml-opensamlv3-4.0.3.jar:/home/alex/.m2/repository/org/pac4j/pac4j-core/4.0.3/pac4j-core-4.0.3.jar:/home/alex/.m2/repository/org/opensaml/opensaml-core/3.4.5/opensaml-core-3.4.5.jar:/home/alex/.m2/repository/net/shibboleth/utilities/java-support/7.5.1/java-support-7.5.1.jar:/home/alex/.m2/repository/org/opensaml/opensaml-saml-api/3.4.5/opensaml-saml-api-3.4.5.jar:/home/alex/.m2/repository/org/opensaml/opensaml-storage-api/3.4.5/opensaml-storage-api-3.4.5.jar:/home/alex/.m2/repository/org/opensaml/opensaml-saml-impl/3.4.5/opensaml-saml-impl-3.4.5.jar:/home/alex/.m2/repository/org/opensaml/opensaml-soap-impl/3.4.5/opensaml-soap-impl-3.4.5.jar:/home/alex/.m2/repository/org/opensaml/opensaml-soap-api/3.4.5/opensaml-soap-api-3.4.5.jar:/home/alex/.m2/repository/org/opensaml/opensaml-xmlsec-api/3.4.5/opensaml-xmlsec-api-3.4.5.jar:/home/alex/.m2/repository/org/opensaml/opensaml-security-api/3.4.5/opensaml-security-api-3.4.5.jar:/home/alex/.m2/repository/org/opensaml/opensaml-security-impl/3.4.5/opensaml-security-impl-3.4.5.jar:/home/alex/.m2/repository/org/opensaml/opensaml-profile-api/3.4.5/opensaml-profile-api-3.4.5.jar:/home/alex/.m2/repository/org/opensaml/opensaml-profile-impl/3.4.5/opensaml-profile-impl-3.4.5.jar:/home/alex/.m2/repository/org/opensaml/opensaml-messaging-api/3.4.5/opensaml-messaging-api-3.4.5.jar:/home/alex/.m2/repository/org/opensaml/opensaml-messaging-impl/3.4.5/opensaml-messaging-impl-3.4.5.jar:/home/alex/.m2/repository/org/opensaml/opensaml-storage-impl/3.4.5/opensaml-storage-impl-3.4.5.jar:/home/alex/.m2/repository/org/ldaptive/ldaptive/1.0.13/ldaptive-1.0.13.jar:/home/alex/.m2/repository/javax/json/javax.json-api/1.0/javax.json-api-1.0.jar:/home/alex/.m2/repository/net/spy/spymemcached/2.12.3/spymemcached-2.12.3.jar:/home/alex/.m2/repository/org/glassfish/javax.json/1.0.4/javax.json-1.0.4.jar:/home/alex/.m2/repository/org/opensaml/opensaml-xmlsec-impl/3.4.5/opensaml-xmlsec-impl-3.4.5.jar:/home/alex/.m2/repository/org/cryptacular/cryptacular/1.2.4/cryptacular-1.2.4.jar:/home/alex/.m2/repository/net/shibboleth/tool/xmlsectool/2.0.0/xmlsectool-2.0.0.jar:/home/alex/.m2/repository/com/beust/jcommander/1.48/jcommander-1.48.jar:/home/alex/.m2/repository/org/bouncycastle/bcprov-jdk15on/1.64/bcprov-jdk15on-1.64.jar:/home/alex/.m2/repository/org/apache/santuario/xmlsec/2.2.1/xmlsec-2.2.1.jar:/home/alex/.m2/repository/org/jamon/jamon-runtime/2.3.1/jamon-runtime-2.3.1.jar:/home/alex/.m2/repository/org/apache/hadoop/hadoop-mapreduce-client-core/3.1.0/hadoop-mapreduce-client-core-3.1.0.jar:/home/alex/.m2/repository/org/apache/hadoop/hadoop-yarn-client/3.1.0/hadoop-yarn-client-3.1.0.jar:/home/alex/.m2/repository/org/apache/hadoop/hadoop-yarn-common/3.1.0/hadoop-yarn-common-3.1.0.jar:/home/alex/.m2/repository/com/google/inject/guice/4.0/guice-4.0.jar:/home/alex/.m2/repository/aopalliance/aopalliance/1.0/aopalliance-1.0.jar:/home/alex/.m2/repository/com/sun/jersey/contribs/jersey-guice/1.19/jersey-guice-1.19.jar:/home/alex/.m2/repository/com/fasterxml/jackson/module/jackson-module-jaxb-annotations/2.12.0/jackson-module-jaxb-annotations-2.12.0.jar:/home/alex/.m2/repository/jakarta/xml/bind/jakarta.xml.bind-api/2.3.2/jakarta.xml.bind-api-2.3.2.jar:/home/alex/.m2/repository/jakarta/activation/jakarta.activation-api/1.2.1/jakarta.activation-api-1.2.1.jar:/home/alex/.m2/repository/org/apache/hadoop/hadoop-hdfs-client/3.1.0/hadoop-hdfs-client-3.1.0.jar:/home/alex/.m2/repository/com/squareup/okhttp/okhttp/2.7.5/okhttp-2.7.5.jar:/home/alex/.m2/repository/com/squareup/okio/okio/1.6.0/okio-1.6.0.jar:/home/alex/.m2/repository/com/google/inject/extensions/guice-servlet/4.0/guice-servlet-4.0.jar:/home/alex/.m2/repository/junit/junit/4.13/junit-4.13.jar:/home/alex/.m2/repository/org/hamcrest/hamcrest-core/1.3/hamcrest-core-1.3.jar:/home/alex/.m2/repository/org/junit/jupiter/junit-jupiter-engine/5.6.2/junit-jupiter-engine-5.6.2.jar:/home/alex/.m2/repository/org/apiguardian/apiguardian-api/1.1.0/apiguardian-api-1.1.0.jar:/home/alex/.m2/repository/org/junit/platform/junit-platform-engine/1.6.2/junit-platform-engine-1.6.2.jar:/home/alex/.m2/repository/org/opentest4j/opentest4j/1.2.0/opentest4j-1.2.0.jar:/home/alex/.m2/repository/org/junit/platform/junit-platform-commons/1.6.2/junit-platform-commons-1.6.2.jar:/home/alex/.m2/repository/org/junit/jupiter/junit-jupiter-api/5.6.2/junit-jupiter-api-5.6.2.jar:/home/alex/.m2/repository/org/junit/vintage/junit-vintage-engine/5.6.2/junit-vintage-engine-5.6.2.jar:/home/alex/.m2/repository/org/powermock/powermock-module-junit4/2.0.2/powermock-module-junit4-2.0.2.jar:/home/alex/.m2/repository/org/powermock/powermock-module-junit4-common/2.0.2/powermock-module-junit4-common-2.0.2.jar:/home/alex/.m2/repository/org/powermock/powermock-reflect/2.0.2/powermock-reflect-2.0.2.jar:/home/alex/.m2/repository/org/powermock/powermock-core/2.0.2/powermock-core-2.0.2.jar:/home/alex/.m2/repository/org/powermock/powermock-api-mockito2/2.0.2/powermock-api-mockito2-2.0.2.jar:/home/alex/.m2/repository/org/powermock/powermock-api-support/2.0.2/powermock-api-support-2.0.2.jar:/home/alex/.m2/repository/org/postgresql/postgresql/42.2.14/postgresql-42.2.14.jar:/home/alex/.m2/repository/org/slf4j/slf4j-api/1.7.30/slf4j-api-1.7.30.jar:/home/alex/.m2/repository/org/mockito/mockito-core/3.4.4/mockito-core-3.4.4.jar:/home/alex/.m2/repository/net/bytebuddy/byte-buddy/1.10.13/byte-buddy-1.10.13.jar:/home/alex/.m2/repository/net/bytebuddy/byte-buddy-agent/1.10.13/byte-buddy-agent-1.10.13.jar:/home/alex/.m2/repository/org/objenesis/objenesis/2.6/objenesis-2.6.jar:/home/alex/Repositories/hive/beeline/target/testconf:/home/alex/Repositories/hive/beeline/../conf:"/>
    <property name="sun.cpu.endian" value="little"/>
    <property name="user.home" value="/home/alex"/>
    <property name="user.language" value="en"/>
    <property name="java.security.krb5.conf" value="/home/alex/Repositories/hive/beeline/target/testconf/krb5.conf"/>
    <property name="test.dfs.mkdir" value=""/>
    <property name="java.awt.graphicsenv" value="sun.awt.X11GraphicsEnvironment"/>
    <property name="surefire.real.class.path" value="/home/alex/Repositories/hive/beeline/target/surefire/surefirebooter7705800028842837516.jar"/>
    <property name="hadoop.log.dir" value="/home/alex/Repositories/hive/beeline/target/tmp"/>
    <property name="java.net.preferIPv4Stack" value="true"/>
    <property name="path.separator" value=":"/>
    <property name="os.version" value="6.5.0-28-generic"/>
    <property name="java.endorsed.dirs" value="/usr/lib/jvm/java-8-openjdk-amd64/jre/lib/endorsed"/>
    <property name="java.runtime.name" value="OpenJDK Runtime Environment"/>
    <property name="hive.test.console.log.level" value="INFO"/>
    <property name="java.vm.name" value="OpenJDK 64-Bit Server VM"/>
    <property name="java.vendor.url.bug" value="http://bugreport.sun.com/bugreport/"/>
    <property name="maven.local.repository" value="/home/alex/.m2/repository"/>
    <property name="user.dir" value="/home/alex/Repositories/hive/beeline"/>
    <property name="os.arch" value="amd64"/>
    <property name="user.language.format" value="pt"/>
    <property name="antlr.version" value="3.5.2"/>
    <property name="derby.version" value="10.14.1.0"/>
    <property name="java.vm.info" value="mixed mode"/>
    <property name="java.vm.version" value="25.402-b06"/>
    <property name="java.ext.dirs" value="/usr/lib/jvm/java-8-openjdk-amd64/jre/lib/ext:/usr/java/packages/lib/ext"/>
    <property name="datanucleus.schema.autoCreateAll" value="true"/>
    <property name="java.class.version" value="52.0"/>
    <property name="test.output.overwrite" value=""/>
    <property name="hive.root" value="/home/alex/Repositories/hive/beeline/../"/>
  </properties>
  <testcase name="testSetPromptValue" classname="org.apache.hive.beeline.cli.TestHiveCli" time="9.209">
    <error type="java.lang.NullPointerException"><![CDATA[java.lang.NullPointerException
	at org.apache.hive.beeline.cli.TestHiveCli.executeCMD(TestHiveCli.java:255)
	at org.apache.hive.beeline.cli.TestHiveCli.initFromFile(TestHiveCli.java:321)
	at org.apache.hive.beeline.cli.TestHiveCli.setup(TestHiveCli.java:294)
	at sun.reflect.NativeMethodAccessorImpl.invoke0(Native Method)
	at sun.reflect.NativeMethodAccessorImpl.invoke(NativeMethodAccessorImpl.java:62)
	at sun.reflect.DelegatingMethodAccessorImpl.invoke(DelegatingMethodAccessorImpl.java:43)
	at java.lang.reflect.Method.invoke(Method.java:498)
	at org.junit.runners.model.FrameworkMethod$1.runReflectiveCall(FrameworkMethod.java:59)
	at org.junit.internal.runners.model.ReflectiveCallable.run(ReflectiveCallable.java:12)
	at org.junit.runners.model.FrameworkMethod.invokeExplosively(FrameworkMethod.java:56)
	at org.junit.internal.runners.statements.RunBefores.invokeMethod(RunBefores.java:33)
	at org.junit.internal.runners.statements.RunBefores.evaluate(RunBefores.java:24)
	at org.junit.internal.runners.statements.RunAfters.evaluate(RunAfters.java:27)
	at org.junit.runners.ParentRunner$3.evaluate(ParentRunner.java:306)
	at org.junit.runners.BlockJUnit4ClassRunner$1.evaluate(BlockJUnit4ClassRunner.java:100)
	at org.junit.runners.ParentRunner.runLeaf(ParentRunner.java:366)
	at org.junit.runners.BlockJUnit4ClassRunner.runChild(BlockJUnit4ClassRunner.java:103)
	at org.junit.runners.BlockJUnit4ClassRunner.runChild(BlockJUnit4ClassRunner.java:63)
	at org.junit.runners.ParentRunner$4.run(ParentRunner.java:331)
	at org.junit.runners.ParentRunner$1.schedule(ParentRunner.java:79)
	at org.junit.runners.ParentRunner.runChildren(ParentRunner.java:329)
	at org.junit.runners.ParentRunner.access$100(ParentRunner.java:66)
	at org.junit.runners.ParentRunner$2.evaluate(ParentRunner.java:293)
	at org.junit.internal.runners.statements.RunBefores.evaluate(RunBefores.java:26)
	at org.junit.runners.ParentRunner$3.evaluate(ParentRunner.java:306)
	at org.junit.runners.ParentRunner.run(ParentRunner.java:413)
	at org.junit.runner.JUnitCore.run(JUnitCore.java:137)
	at org.junit.runner.JUnitCore.run(JUnitCore.java:115)
	at org.junit.vintage.engine.execution.RunnerExecutor.execute(RunnerExecutor.java:43)
	at java.util.stream.ForEachOps$ForEachOp$OfRef.accept(ForEachOps.java:183)
	at java.util.stream.ReferencePipeline$3$1.accept(ReferencePipeline.java:193)
	at java.util.Iterator.forEachRemaining(Iterator.java:116)
	at java.util.Spliterators$IteratorSpliterator.forEachRemaining(Spliterators.java:1801)
	at java.util.stream.AbstractPipeline.copyInto(AbstractPipeline.java:482)
	at java.util.stream.AbstractPipeline.wrapAndCopyInto(AbstractPipeline.java:472)
	at java.util.stream.ForEachOps$ForEachOp.evaluateSequential(ForEachOps.java:150)
	at java.util.stream.ForEachOps$ForEachOp$OfRef.evaluateSequential(ForEachOps.java:173)
	at java.util.stream.AbstractPipeline.evaluate(AbstractPipeline.java:234)
	at java.util.stream.ReferencePipeline.forEach(ReferencePipeline.java:485)
	at org.junit.vintage.engine.VintageTestEngine.executeAllChildren(VintageTestEngine.java:82)
	at org.junit.vintage.engine.VintageTestEngine.execute(VintageTestEngine.java:73)
	at org.junit.platform.launcher.core.DefaultLauncher.execute(DefaultLauncher.java:248)
	at org.junit.platform.launcher.core.DefaultLauncher.lambda$execute$5(DefaultLauncher.java:211)
	at org.junit.platform.launcher.core.DefaultLauncher.withInterceptedStreams(DefaultLauncher.java:226)
	at org.junit.platform.launcher.core.DefaultLauncher.execute(DefaultLauncher.java:199)
	at org.junit.platform.launcher.core.DefaultLauncher.execute(DefaultLauncher.java:132)
	at org.apache.maven.surefire.junitplatform.JUnitPlatformProvider.invokeAllTests(JUnitPlatformProvider.java:154)
	at org.apache.maven.surefire.junitplatform.JUnitPlatformProvider.invoke(JUnitPlatformProvider.java:123)
	at org.apache.maven.surefire.booter.ForkedBooter.runSuitesInProcess(ForkedBooter.java:377)
	at org.apache.maven.surefire.booter.ForkedBooter.execute(ForkedBooter.java:138)
	at org.apache.maven.surefire.booter.ForkedBooter.run(ForkedBooter.java:465)
	at org.apache.maven.surefire.booter.ForkedBooter.main(ForkedBooter.java:451)
]]></error>
    <system-err><![CDATA[SLF4J: Class path contains multiple SLF4J bindings.
SLF4J: Found binding in [jar:file:/home/alex/.m2/repository/org/apache/logging/log4j/log4j-slf4j-impl/2.13.2/log4j-slf4j-impl-2.13.2.jar!/org/slf4j/impl/StaticLoggerBinder.class]
SLF4J: Found binding in [jar:file:/home/alex/.m2/repository/org/slf4j/slf4j-simple/1.7.27/slf4j-simple-1.7.27.jar!/org/slf4j/impl/StaticLoggerBinder.class]
SLF4J: See http://www.slf4j.org/codes.html#multiple_bindings for an explanation.
SLF4J: Actual binding is of type [org.apache.logging.slf4j.Log4jLoggerFactory]
DEBUG StatusLogger Using ShutdownCallbackRegistry class org.apache.logging.log4j.core.util.DefaultShutdownCallbackRegistry
DEBUG StatusLogger Took 0,072777 seconds to load 250 plugins from sun.misc.Launcher$AppClassLoader@7f31245a
DEBUG StatusLogger PluginManager 'Converter' found 46 plugins
DEBUG StatusLogger Starting OutputStreamManager SYSTEM_OUT.false.false-1
DEBUG StatusLogger Starting LoggerContext[name=7f31245a, org.apache.logging.log4j.core.LoggerContext@76b1e9b8]...
DEBUG StatusLogger Reconfiguration started for context[name=7f31245a] at URI null (org.apache.logging.log4j.core.LoggerContext@76b1e9b8) with optional ClassLoader: null
DEBUG StatusLogger PluginManager 'ConfigurationFactory' found 6 plugins
DEBUG StatusLogger Using configurationFactory org.apache.logging.log4j.core.config.ConfigurationFactory$Factory@7a35b0f5
DEBUG StatusLogger Apache Log4j Core 2.13.2 initializing configuration org.apache.logging.log4j.core.config.properties.PropertiesConfiguration@2a693f59
DEBUG StatusLogger Installed 2 script engines
DEBUG StatusLogger Groovy Scripting Engine version: 2.0, language: Groovy, threading: MULTITHREADED, compile: true, names: [groovy, Groovy], factory class: org.codehaus.groovy.jsr223.GroovyScriptEngineFactory
DEBUG StatusLogger Oracle Nashorn version: 1.8.0_402, language: ECMAScript, threading: Not Thread Safe, compile: true, names: [nashorn, Nashorn, js, JS, JavaScript, javascript, ECMAScript, ecmascript], factory class: jdk.nashorn.api.scripting.NashornScriptEngineFactory
INFO StatusLogger Scanning for classes in '/home/alex/Repositories/hive/common/target/classes/org/apache/hadoop/hive/ql/log' matching criteria annotated with @Plugin
DEBUG StatusLogger Checking to see if class org.apache.hadoop.hive.ql.log.PerfLogger matches criteria annotated with @Plugin
INFO StatusLogger Scanning for classes in '/home/alex/Repositories/hive/ql/target/test-classes/org/apache/hadoop/hive/ql/log' matching criteria annotated with @Plugin
DEBUG StatusLogger Checking to see if class org.apache.hadoop.hive.ql.log.TestSlidingFilenameRolloverStrategy matches criteria annotated with @Plugin
DEBUG StatusLogger Checking to see if class org.apache.hadoop.hive.ql.log.TestSyslogInputFormat matches criteria annotated with @Plugin
DEBUG StatusLogger Checking to see if class org.apache.hadoop.hive.ql.log.TestLog4j2Appenders matches criteria annotated with @Plugin
INFO StatusLogger Scanning for classes in '/home/alex/Repositories/hive/ql/target/classes/org/apache/hadoop/hive/ql/log' matching criteria annotated with @Plugin
DEBUG StatusLogger Checking to see if class org.apache.hadoop.hive.ql.log.PidFilePatternConverter matches criteria annotated with @Plugin
DEBUG StatusLogger Checking to see if class org.apache.hadoop.hive.ql.log.LogDivertAppenderForTest$TestFilter matches criteria annotated with @Plugin
DEBUG StatusLogger Checking to see if class org.apache.hadoop.hive.ql.log.HushableRandomAccessFileAppender matches criteria annotated with @Plugin
DEBUG StatusLogger Checking to see if class org.apache.hadoop.hive.ql.log.LogDivertAppender$NameFilter matches criteria annotated with @Plugin
DEBUG StatusLogger Checking to see if class org.apache.hadoop.hive.ql.log.LogDivertAppenderForTest matches criteria annotated with @Plugin
DEBUG StatusLogger Checking to see if class org.apache.hadoop.hive.ql.log.HiveEventCounter matches criteria annotated with @Plugin
DEBUG StatusLogger Checking to see if class org.apache.hadoop.hive.ql.log.HiveEventCounter$EventCounts matches criteria annotated with @Plugin
DEBUG StatusLogger Checking to see if class org.apache.hadoop.hive.ql.log.SlidingFilenameRolloverStrategy matches criteria annotated with @Plugin
DEBUG StatusLogger Checking to see if class org.apache.hadoop.hive.ql.log.HushableRandomAccessFileAppender$1 matches criteria annotated with @Plugin
DEBUG StatusLogger Checking to see if class org.apache.hadoop.hive.ql.log.SlidingFilenameRolloverStrategy$1 matches criteria annotated with @Plugin
DEBUG StatusLogger Checking to see if class org.apache.hadoop.hive.ql.log.HiveEventCounter$1 matches criteria annotated with @Plugin
DEBUG StatusLogger Checking to see if class org.apache.hadoop.hive.ql.log.LogDivertAppender matches criteria annotated with @Plugin
DEBUG StatusLogger Checking to see if class org.apache.hadoop.hive.ql.log.syslog.SyslogSerDe matches criteria annotated with @Plugin
DEBUG StatusLogger Checking to see if class org.apache.hadoop.hive.ql.log.syslog.SyslogStorageHandler matches criteria annotated with @Plugin
DEBUG StatusLogger Checking to see if class org.apache.hadoop.hive.ql.log.syslog.SyslogInputFormat$Location matches criteria annotated with @Plugin
DEBUG StatusLogger Checking to see if class org.apache.hadoop.hive.ql.log.syslog.SyslogParser matches criteria annotated with @Plugin
DEBUG StatusLogger Checking to see if class org.apache.hadoop.hive.ql.log.syslog.SyslogInputFormat matches criteria annotated with @Plugin
DEBUG StatusLogger Checking to see if class org.apache.hadoop.hive.ql.log.NullAppender matches criteria annotated with @Plugin
DEBUG StatusLogger Took 0,025192 seconds to load 7 plugins from package org.apache.hadoop.hive.ql.log
DEBUG StatusLogger PluginManager 'Core' found 132 plugins
DEBUG StatusLogger PluginManager 'Level' found 0 plugins
DEBUG StatusLogger Building Plugin[name=property, class=org.apache.logging.log4j.core.config.Property].
TRACE StatusLogger TypeConverterRegistry initializing.
DEBUG StatusLogger PluginManager 'TypeConverter' found 26 plugins
DEBUG StatusLogger createProperty(name="hive.log.file", value="hive.log")
DEBUG StatusLogger Building Plugin[name=property, class=org.apache.logging.log4j.core.config.Property].
DEBUG StatusLogger createProperty(name="hive.log.dir", value="/home/alex/Repositories/hive/beeline/target/tmp/log")
DEBUG StatusLogger Building Plugin[name=property, class=org.apache.logging.log4j.core.config.Property].
DEBUG StatusLogger createProperty(name="hive.root.logger", value="DRFA")
DEBUG StatusLogger Building Plugin[name=property, class=org.apache.logging.log4j.core.config.Property].
DEBUG StatusLogger createProperty(name="hive.log.level", value="DEBUG")
DEBUG StatusLogger Building Plugin[name=property, class=org.apache.logging.log4j.core.config.Property].
DEBUG StatusLogger createProperty(name="hive.test.console.log.level", value="INFO")
DEBUG StatusLogger Building Plugin[name=properties, class=org.apache.logging.log4j.core.config.PropertiesPlugin].
DEBUG StatusLogger configureSubstitutor(={hive.log.file=hive.log, hive.log.dir=/home/alex/Repositories/hive/beeline/target/tmp/log, hive.root.logger=DRFA, hive.log.level=DEBUG, hive.test.console.log.level=INFO}, Configuration(HiveLog4j2Test))
DEBUG StatusLogger PluginManager 'Lookup' found 17 plugins
DEBUG StatusLogger Building Plugin[name=logger, class=org.apache.logging.log4j.core.config.LoggerConfig].
DEBUG StatusLogger createLogger(additivity="true", level="WARN", name="org.apache.hadoop.ipc", includeLocation="null", ={}, ={}, Configuration(HiveLog4j2Test), Filter=null)
DEBUG StatusLogger Building Plugin[name=logger, class=org.apache.logging.log4j.core.config.LoggerConfig].
DEBUG StatusLogger createLogger(additivity="true", level="INFO", name="org.apache.hadoop.security", includeLocation="null", ={}, ={}, Configuration(HiveLog4j2Test), Filter=null)
DEBUG StatusLogger Building Plugin[name=logger, class=org.apache.logging.log4j.core.config.LoggerConfig].
DEBUG StatusLogger createLogger(additivity="true", level="INFO", name="org.apache.hadoop.hdfs", includeLocation="null", ={}, ={}, Configuration(HiveLog4j2Test), Filter=null)
DEBUG StatusLogger Building Plugin[name=logger, class=org.apache.logging.log4j.core.config.LoggerConfig].
DEBUG StatusLogger createLogger(additivity="true", level="WARN", name="org.apache.hadoop.hdfs.server", includeLocation="null", ={}, ={}, Configuration(HiveLog4j2Test), Filter=null)
DEBUG StatusLogger Building Plugin[name=logger, class=org.apache.logging.log4j.core.config.LoggerConfig].
DEBUG StatusLogger createLogger(additivity="true", level="INFO", name="org.apache.hadoop.metrics2", includeLocation="null", ={}, ={}, Configuration(HiveLog4j2Test), Filter=null)
DEBUG StatusLogger Building Plugin[name=logger, class=org.apache.logging.log4j.core.config.LoggerConfig].
DEBUG StatusLogger createLogger(additivity="true", level="INFO", name="org.mortbay", includeLocation="null", ={}, ={}, Configuration(HiveLog4j2Test), Filter=null)
DEBUG StatusLogger Building Plugin[name=logger, class=org.apache.logging.log4j.core.config.LoggerConfig].
DEBUG StatusLogger createLogger(additivity="true", level="INFO", name="org.apache.hadoop.yarn", includeLocation="null", ={}, ={}, Configuration(HiveLog4j2Test), Filter=null)
DEBUG StatusLogger Building Plugin[name=logger, class=org.apache.logging.log4j.core.config.LoggerConfig].
DEBUG StatusLogger createLogger(additivity="true", level="WARN", name="org.apache.hadoop.yarn.server", includeLocation="null", ={}, ={}, Configuration(HiveLog4j2Test), Filter=null)
DEBUG StatusLogger Building Plugin[name=logger, class=org.apache.logging.log4j.core.config.LoggerConfig].
DEBUG StatusLogger createLogger(additivity="true", level="INFO", name="org.apache.tez", includeLocation="null", ={}, ={}, Configuration(HiveLog4j2Test), Filter=null)
DEBUG StatusLogger Building Plugin[name=logger, class=org.apache.logging.log4j.core.config.LoggerConfig].
DEBUG StatusLogger createLogger(additivity="true", level="ERROR", name="org.apache.hadoop.conf.Configuration", includeLocation="null", ={}, ={}, Configuration(HiveLog4j2Test), Filter=null)
DEBUG StatusLogger Building Plugin[name=logger, class=org.apache.logging.log4j.core.config.LoggerConfig].
DEBUG StatusLogger createLogger(additivity="true", level="INFO", name="org.apache.zookeeper", includeLocation="null", ={}, ={}, Configuration(HiveLog4j2Test), Filter=null)
DEBUG StatusLogger Building Plugin[name=logger, class=org.apache.logging.log4j.core.config.LoggerConfig].
DEBUG StatusLogger createLogger(additivity="true", level="WARN", name="org.apache.zookeeper.server.ServerCnxn", includeLocation="null", ={}, ={}, Configuration(HiveLog4j2Test), Filter=null)
DEBUG StatusLogger Building Plugin[name=logger, class=org.apache.logging.log4j.core.config.LoggerConfig].
DEBUG StatusLogger createLogger(additivity="true", level="WARN", name="org.apache.zookeeper.server.NIOServerCnxn", includeLocation="null", ={}, ={}, Configuration(HiveLog4j2Test), Filter=null)
DEBUG StatusLogger Building Plugin[name=logger, class=org.apache.logging.log4j.core.config.LoggerConfig].
DEBUG StatusLogger createLogger(additivity="true", level="WARN", name="org.apache.zookeeper.ClientCnxn", includeLocation="null", ={}, ={}, Configuration(HiveLog4j2Test), Filter=null)
DEBUG StatusLogger Building Plugin[name=logger, class=org.apache.logging.log4j.core.config.LoggerConfig].
DEBUG StatusLogger createLogger(additivity="true", level="WARN", name="org.apache.zookeeper.ClientCnxnSocket", includeLocation="null", ={}, ={}, Configuration(HiveLog4j2Test), Filter=null)
DEBUG StatusLogger Building Plugin[name=logger, class=org.apache.logging.log4j.core.config.LoggerConfig].
DEBUG StatusLogger createLogger(additivity="true", level="WARN", name="org.apache.zookeeper.ClientCnxnSocketNIO", includeLocation="null", ={}, ={}, Configuration(HiveLog4j2Test), Filter=null)
DEBUG StatusLogger Building Plugin[name=logger, class=org.apache.logging.log4j.core.config.LoggerConfig].
DEBUG StatusLogger createLogger(additivity="true", level="ERROR", name="DataNucleus", includeLocation="null", ={}, ={}, Configuration(HiveLog4j2Test), Filter=null)
DEBUG StatusLogger Building Plugin[name=logger, class=org.apache.logging.log4j.core.config.LoggerConfig].
DEBUG StatusLogger createLogger(additivity="true", level="ERROR", name="Datastore", includeLocation="null", ={}, ={}, Configuration(HiveLog4j2Test), Filter=null)
DEBUG StatusLogger Building Plugin[name=logger, class=org.apache.logging.log4j.core.config.LoggerConfig].
DEBUG StatusLogger createLogger(additivity="true", level="ERROR", name="JPOX", includeLocation="null", ={}, ={}, Configuration(HiveLog4j2Test), Filter=null)
DEBUG StatusLogger Building Plugin[name=logger, class=org.apache.logging.log4j.core.config.LoggerConfig].
DEBUG StatusLogger createLogger(additivity="true", level="INFO", name="org.apache.hadoop.hive.ql.exec.Operator", includeLocation="null", ={}, ={}, Configuration(HiveLog4j2Test), Filter=null)
DEBUG StatusLogger Building Plugin[name=logger, class=org.apache.logging.log4j.core.config.LoggerConfig].
DEBUG StatusLogger createLogger(additivity="true", level="INFO", name="org.apache.hadoop.hive.serde2.lazy", includeLocation="null", ={}, ={}, Configuration(HiveLog4j2Test), Filter=null)
DEBUG StatusLogger Building Plugin[name=logger, class=org.apache.logging.log4j.core.config.LoggerConfig].
DEBUG StatusLogger createLogger(additivity="true", level="INFO", name="org.apache.hadoop.hive.metastore.ObjectStore", includeLocation="null", ={}, ={}, Configuration(HiveLog4j2Test), Filter=null)
DEBUG StatusLogger Building Plugin[name=logger, class=org.apache.logging.log4j.core.config.LoggerConfig].
DEBUG StatusLogger createLogger(additivity="true", level="INFO", name="org.apache.calcite.plan.RelOptPlanner", includeLocation="null", ={}, ={}, Configuration(HiveLog4j2Test), Filter=null)
DEBUG StatusLogger Building Plugin[name=logger, class=org.apache.logging.log4j.core.config.LoggerConfig].
DEBUG StatusLogger createLogger(additivity="true", level="INFO", name="com.amazonaws", includeLocation="null", ={}, ={}, Configuration(HiveLog4j2Test), Filter=null)
DEBUG StatusLogger Building Plugin[name=logger, class=org.apache.logging.log4j.core.config.LoggerConfig].
DEBUG StatusLogger createLogger(additivity="true", level="INFO", name="org.apache.http", includeLocation="null", ={}, ={}, Configuration(HiveLog4j2Test), Filter=null)
DEBUG StatusLogger Building Plugin[name=logger, class=org.apache.logging.log4j.core.config.LoggerConfig].
DEBUG StatusLogger createLogger(additivity="true", level="WARN", name="org.apache.thrift", includeLocation="null", ={}, ={}, Configuration(HiveLog4j2Test), Filter=null)
DEBUG StatusLogger Building Plugin[name=logger, class=org.apache.logging.log4j.core.config.LoggerConfig].
DEBUG StatusLogger createLogger(additivity="true", level="WARN", name="org.eclipse.jetty", includeLocation="null", ={}, ={}, Configuration(HiveLog4j2Test), Filter=null)
DEBUG StatusLogger Building Plugin[name=logger, class=org.apache.logging.log4j.core.config.LoggerConfig].
DEBUG StatusLogger createLogger(additivity="true", level="WARN", name="BlockStateChange", includeLocation="null", ={}, ={}, Configuration(HiveLog4j2Test), Filter=null)
DEBUG StatusLogger Building Plugin[name=logger, class=org.apache.logging.log4j.core.config.LoggerConfig].
DEBUG StatusLogger createLogger(additivity="true", level="DEBUG", name="org.apache.hadoop.hive.ql.optimizer.SharedWorkOptimizer", includeLocation="null", ={}, ={}, Configuration(HiveLog4j2Test), Filter=null)
DEBUG StatusLogger Building Plugin[name=AppenderRef, class=org.apache.logging.log4j.core.config.AppenderRef].
DEBUG StatusLogger createAppenderRef(ref="console", level="INFO", Filter=null)
DEBUG StatusLogger Building Plugin[name=AppenderRef, class=org.apache.logging.log4j.core.config.AppenderRef].
DEBUG StatusLogger createAppenderRef(ref="DRFA", level="null", Filter=null)
DEBUG StatusLogger Building Plugin[name=root, class=org.apache.logging.log4j.core.config.LoggerConfig$RootLogger].
DEBUG StatusLogger createLogger(additivity="null", level="DEBUG", includeLocation="null", ={console, DRFA}, ={}, Configuration(HiveLog4j2Test), Filter=null)
DEBUG StatusLogger Building Plugin[name=loggers, class=org.apache.logging.log4j.core.config.LoggersPlugin].
DEBUG StatusLogger createLoggers(={org.apache.hadoop.ipc, org.apache.hadoop.security, org.apache.hadoop.hdfs, org.apache.hadoop.hdfs.server, org.apache.hadoop.metrics2, org.mortbay, org.apache.hadoop.yarn, org.apache.hadoop.yarn.server, org.apache.tez, org.apache.hadoop.conf.Configuration, org.apache.zookeeper, org.apache.zookeeper.server.ServerCnxn, org.apache.zookeeper.server.NIOServerCnxn, org.apache.zookeeper.ClientCnxn, org.apache.zookeeper.ClientCnxnSocket, org.apache.zookeeper.ClientCnxnSocketNIO, DataNucleus, Datastore, JPOX, org.apache.hadoop.hive.ql.exec.Operator, org.apache.hadoop.hive.serde2.lazy, org.apache.hadoop.hive.metastore.ObjectStore, org.apache.calcite.plan.RelOptPlanner, com.amazonaws, org.apache.http, org.apache.thrift, org.eclipse.jetty, BlockStateChange, org.apache.hadoop.hive.ql.optimizer.SharedWorkOptimizer, root})
DEBUG StatusLogger Building Plugin[name=layout, class=org.apache.logging.log4j.core.layout.PatternLayout].
DEBUG StatusLogger PatternLayout$Builder(pattern="%d{ISO8601} %5p [%t] %c{2}: %m%n", PatternSelector=null, Configuration(HiveLog4j2Test), Replace=null, charset="null", alwaysWriteExceptions="null", disableAnsi="null", noConsoleNoAnsi="null", header="null", footer="null")
DEBUG StatusLogger PluginManager 'Converter' found 46 plugins
DEBUG StatusLogger Building Plugin[name=appender, class=org.apache.logging.log4j.core.appender.ConsoleAppender].
DEBUG StatusLogger ConsoleAppender$Builder(target="SYSTEM_ERR", follow="null", direct="null", bufferedIo="null", bufferSize="null", immediateFlush="null", ignoreExceptions="null", PatternLayout(%d{ISO8601} %5p [%t] %c{2}: %m%n), name="console", Configuration(HiveLog4j2Test), Filter=null, ={})
DEBUG StatusLogger Starting OutputStreamManager SYSTEM_ERR.false.false
DEBUG StatusLogger Building Plugin[name=layout, class=org.apache.logging.log4j.core.layout.PatternLayout].
DEBUG StatusLogger PatternLayout$Builder(pattern="%d{ISO8601} %5p [%t] %c{2}: %m%n", PatternSelector=null, Configuration(HiveLog4j2Test), Replace=null, charset="null", alwaysWriteExceptions="null", disableAnsi="null", noConsoleNoAnsi="null", header="null", footer="null")
DEBUG StatusLogger Building Plugin[name=TimeBasedTriggeringPolicy, class=org.apache.logging.log4j.core.appender.rolling.TimeBasedTriggeringPolicy].
DEBUG StatusLogger TimeBasedTriggeringPolicy$Builder(interval="1", modulate="true", maxRandomDelay="null")
DEBUG StatusLogger Building Plugin[name=Policies, class=org.apache.logging.log4j.core.appender.rolling.CompositeTriggeringPolicy].
DEBUG StatusLogger createPolicy(={TimeBasedTriggeringPolicy(nextRolloverMillis=0, interval=1, modulate=true)})
DEBUG StatusLogger Building Plugin[name=DefaultRolloverStrategy, class=org.apache.logging.log4j.core.appender.rolling.DefaultRolloverStrategy].
DEBUG StatusLogger DefaultRolloverStrategy$Builder(max="30", min="null", fileIndex="null", compressionLevel="null", ={}, stopCustomActionsOnError="null", tempCompressedFilePattern="null", Configuration(HiveLog4j2Test))
DEBUG StatusLogger Building Plugin[name=appender, class=org.apache.logging.log4j.core.appender.RollingRandomAccessFileAppender].
DEBUG StatusLogger RollingRandomAccessFileAppender$Builder(fileName="/home/alex/Repositories/hive/beeline/target/tmp/log/hive.log", filePattern="/home/alex/Repositories/hive/beeline/target/tmp/log/hive.log.%d{yyyy-MM-dd}", append="null", Policies(CompositeTriggeringPolicy(policies=[TimeBasedTriggeringPolicy(nextRolloverMillis=0, interval=1, modulate=true)])), DefaultRolloverStrategy(DefaultRolloverStrategy(min=1, max=30, useMax=true)), advertise="null", advertiseURI="null", filePermissions="null", fileOwner="null", fileGroup="null", bufferedIo="null", bufferSize="null", immediateFlush="null", ignoreExceptions="null", PatternLayout(%d{ISO8601} %5p [%t] %c{2}: %m%n), name="DRFA", Configuration(HiveLog4j2Test), Filter=null, ={})
TRACE StatusLogger RandomAccessFile /home/alex/Repositories/hive/beeline/target/tmp/log/hive.log seek to 0
DEBUG StatusLogger Starting RollingRandomAccessFileManager /home/alex/Repositories/hive/beeline/target/tmp/log/hive.log
DEBUG StatusLogger PluginManager 'FileConverter' found 3 plugins
DEBUG StatusLogger Setting prev file time to 2024-05-01T00:31:37.073-0700
DEBUG StatusLogger Initializing triggering policy CompositeTriggeringPolicy(policies=[TimeBasedTriggeringPolicy(nextRolloverMillis=0, interval=1, modulate=true)])
DEBUG StatusLogger Initializing triggering policy TimeBasedTriggeringPolicy(nextRolloverMillis=0, interval=1, modulate=true)
TRACE StatusLogger PatternProcessor.getNextTime returning 2024/05/02-00:00:00.000, nextFileTime=2024/05/01-00:00:00.000, prevFileTime=1969/12/31-16:00:00.000, current=2024/05/01-00:31:37.080, freq=DAILY
TRACE StatusLogger PatternProcessor.getNextTime returning 2024/05/02-00:00:00.000, nextFileTime=2024/05/01-00:00:00.000, prevFileTime=2024/05/01-00:00:00.000, current=2024/05/01-00:31:37.081, freq=DAILY
DEBUG StatusLogger Building Plugin[name=appenders, class=org.apache.logging.log4j.core.config.AppendersPlugin].
DEBUG StatusLogger createAppenders(={console, DRFA})
DEBUG StatusLogger Configuration org.apache.logging.log4j.core.config.properties.PropertiesConfiguration@2a693f59 initialized
DEBUG StatusLogger Starting configuration org.apache.logging.log4j.core.config.properties.PropertiesConfiguration@2a693f59
DEBUG StatusLogger Started configuration org.apache.logging.log4j.core.config.properties.PropertiesConfiguration@2a693f59 OK.
TRACE StatusLogger Stopping org.apache.logging.log4j.core.config.DefaultConfiguration@65e98b1c...
TRACE StatusLogger DefaultConfiguration notified 1 ReliabilityStrategies that config will be stopped.
TRACE StatusLogger DefaultConfiguration stopping root LoggerConfig.
TRACE StatusLogger DefaultConfiguration notifying ReliabilityStrategies that appenders will be stopped.
TRACE StatusLogger DefaultConfiguration stopping remaining Appenders.
DEBUG StatusLogger Shutting down OutputStreamManager SYSTEM_OUT.false.false-1
DEBUG StatusLogger OutputStream closed
DEBUG StatusLogger Shut down OutputStreamManager SYSTEM_OUT.false.false-1, all resources released: true
DEBUG StatusLogger Appender DefaultConsole-1 stopped with status true
TRACE StatusLogger DefaultConfiguration stopped 1 remaining Appenders.
TRACE StatusLogger DefaultConfiguration cleaning Appenders from 1 LoggerConfigs.
DEBUG StatusLogger Stopped org.apache.logging.log4j.core.config.DefaultConfiguration@65e98b1c OK
TRACE StatusLogger Reregistering MBeans after reconfigure. Selector=org.apache.logging.log4j.core.selector.ClassLoaderContextSelector@4af0df05
TRACE StatusLogger Reregistering context (1/1): '7f31245a' org.apache.logging.log4j.core.LoggerContext@76b1e9b8
TRACE StatusLogger Unregistering but no MBeans found matching 'org.apache.logging.log4j2:type=7f31245a'
TRACE StatusLogger Unregistering but no MBeans found matching 'org.apache.logging.log4j2:type=7f31245a,component=StatusLogger'
TRACE StatusLogger Unregistering but no MBeans found matching 'org.apache.logging.log4j2:type=7f31245a,component=ContextSelector'
TRACE StatusLogger Unregistering but no MBeans found matching 'org.apache.logging.log4j2:type=7f31245a,component=Loggers,name=*'
TRACE StatusLogger Unregistering but no MBeans found matching 'org.apache.logging.log4j2:type=7f31245a,component=Appenders,name=*'
TRACE StatusLogger Unregistering but no MBeans found matching 'org.apache.logging.log4j2:type=7f31245a,component=AsyncAppenders,name=*'
TRACE StatusLogger Unregistering but no MBeans found matching 'org.apache.logging.log4j2:type=7f31245a,component=AsyncLoggerRingBuffer'
TRACE StatusLogger Unregistering but no MBeans found matching 'org.apache.logging.log4j2:type=7f31245a,component=Loggers,name=*,subtype=RingBuffer'
DEBUG StatusLogger Registering MBean org.apache.logging.log4j2:type=7f31245a
DEBUG StatusLogger Registering MBean org.apache.logging.log4j2:type=7f31245a,component=StatusLogger
DEBUG StatusLogger Registering MBean org.apache.logging.log4j2:type=7f31245a,component=ContextSelector
DEBUG StatusLogger Registering MBean org.apache.logging.log4j2:type=7f31245a,component=Loggers,name=
DEBUG StatusLogger Registering MBean org.apache.logging.log4j2:type=7f31245a,component=Loggers,name=org.apache.tez
DEBUG StatusLogger Registering MBean org.apache.logging.log4j2:type=7f31245a,component=Loggers,name=com.amazonaws
DEBUG StatusLogger Registering MBean org.apache.logging.log4j2:type=7f31245a,component=Loggers,name=org.apache.thrift
DEBUG StatusLogger Registering MBean org.apache.logging.log4j2:type=7f31245a,component=Loggers,name=org.eclipse.jetty
DEBUG StatusLogger Registering MBean org.apache.logging.log4j2:type=7f31245a,component=Loggers,name=BlockStateChange
DEBUG StatusLogger Registering MBean org.apache.logging.log4j2:type=7f31245a,component=Loggers,name=org.apache.hadoop.metrics2
DEBUG StatusLogger Registering MBean org.apache.logging.log4j2:type=7f31245a,component=Loggers,name=org.apache.zookeeper.ClientCnxn
DEBUG StatusLogger Registering MBean org.apache.logging.log4j2:type=7f31245a,component=Loggers,name=org.apache.zookeeper
DEBUG StatusLogger Registering MBean org.apache.logging.log4j2:type=7f31245a,component=Loggers,name=org.apache.hadoop.security
DEBUG StatusLogger Registering MBean org.apache.logging.log4j2:type=7f31245a,component=Loggers,name=JPOX
DEBUG StatusLogger Registering MBean org.apache.logging.log4j2:type=7f31245a,component=Loggers,name=org.apache.hadoop.hive.ql.optimizer.SharedWorkOptimizer
DEBUG StatusLogger Registering MBean org.apache.logging.log4j2:type=7f31245a,component=Loggers,name=org.apache.hadoop.yarn.server
DEBUG StatusLogger Registering MBean org.apache.logging.log4j2:type=7f31245a,component=Loggers,name=org.apache.hadoop.conf.Configuration
DEBUG StatusLogger Registering MBean org.apache.logging.log4j2:type=7f31245a,component=Loggers,name=org.apache.hadoop.yarn
DEBUG StatusLogger Registering MBean org.apache.logging.log4j2:type=7f31245a,component=Loggers,name=org.apache.zookeeper.ClientCnxnSocketNIO
DEBUG StatusLogger Registering MBean org.apache.logging.log4j2:type=7f31245a,component=Loggers,name=org.apache.zookeeper.server.ServerCnxn
DEBUG StatusLogger Registering MBean org.apache.logging.log4j2:type=7f31245a,component=Loggers,name=org.apache.hadoop.hdfs
DEBUG StatusLogger Registering MBean org.apache.logging.log4j2:type=7f31245a,component=Loggers,name=org.apache.hadoop.hdfs.server
DEBUG StatusLogger Registering MBean org.apache.logging.log4j2:type=7f31245a,component=Loggers,name=org.apache.hadoop.hive.serde2.lazy
DEBUG StatusLogger Registering MBean org.apache.logging.log4j2:type=7f31245a,component=Loggers,name=org.apache.zookeeper.ClientCnxnSocket
DEBUG StatusLogger Registering MBean org.apache.logging.log4j2:type=7f31245a,component=Loggers,name=org.mortbay
DEBUG StatusLogger Registering MBean org.apache.logging.log4j2:type=7f31245a,component=Loggers,name=org.apache.http
DEBUG StatusLogger Registering MBean org.apache.logging.log4j2:type=7f31245a,component=Loggers,name=org.apache.hadoop.hive.ql.exec.Operator
DEBUG StatusLogger Registering MBean org.apache.logging.log4j2:type=7f31245a,component=Loggers,name=DataNucleus
DEBUG StatusLogger Registering MBean org.apache.logging.log4j2:type=7f31245a,component=Loggers,name=Datastore
DEBUG StatusLogger Registering MBean org.apache.logging.log4j2:type=7f31245a,component=Loggers,name=org.apache.hadoop.hive.metastore.ObjectStore
DEBUG StatusLogger Registering MBean org.apache.logging.log4j2:type=7f31245a,component=Loggers,name=org.apache.hadoop.ipc
DEBUG StatusLogger Registering MBean org.apache.logging.log4j2:type=7f31245a,component=Loggers,name=org.apache.zookeeper.server.NIOServerCnxn
DEBUG StatusLogger Registering MBean org.apache.logging.log4j2:type=7f31245a,component=Loggers,name=org.apache.calcite.plan.RelOptPlanner
DEBUG StatusLogger Registering MBean org.apache.logging.log4j2:type=7f31245a,component=Appenders,name=console
DEBUG StatusLogger Registering MBean org.apache.logging.log4j2:type=7f31245a,component=Appenders,name=DRFA
TRACE StatusLogger Using default SystemClock for timestamps.
DEBUG StatusLogger org.apache.logging.log4j.core.util.SystemClock does not support precise timestamps.
TRACE StatusLogger Using DummyNanoClock for nanosecond timestamps.
DEBUG StatusLogger Reconfiguration complete for context[name=7f31245a] at URI /home/alex/Repositories/hive/beeline/target/testconf/hive-log4j2.properties (org.apache.logging.log4j.core.LoggerContext@76b1e9b8) with optional ClassLoader: null
DEBUG StatusLogger Shutdown hook enabled. Registering a new one.
DEBUG StatusLogger LoggerContext[name=7f31245a, org.apache.logging.log4j.core.LoggerContext@76b1e9b8] started OK.
2024-05-01T00:31:37,192  INFO [main] conf.HiveConf: Found configuration file file:/home/alex/Repositories/hive/beeline/target/test-classes/hive-site.xml
DEBUG StatusLogger AsyncLogger.ThreadNameStrategy=UNCACHED (user specified null, default is UNCACHED)
TRACE StatusLogger Using default SystemClock for timestamps.
DEBUG StatusLogger org.apache.logging.log4j.core.util.SystemClock does not support precise timestamps.
2024-05-01T00:31:37,635  WARN [main] util.NativeCodeLoader: Unable to load native-hadoop library for your platform... using builtin-java classes where applicable
2024-05-01T00:31:37,693  WARN [main] conf.HiveConf: HiveConf of name hive.dummyparam.test.server.specific.config.override does not exist
2024-05-01T00:31:37,695  WARN [main] conf.HiveConf: HiveConf of name hive.dummyparam.test.server.specific.config.metastoresite does not exist
Connecting to jdbc:hive2://
2024-05-01T00:31:38,111  WARN [main] conf.HiveConf: HiveConf of name hive.dummyparam.test.server.specific.config.override does not exist
2024-05-01T00:31:38,111  WARN [main] conf.HiveConf: HiveConf of name hive.dummyparam.test.server.specific.config.hiveserver2site does not exist
2024-05-01T00:31:38,111  WARN [main] conf.HiveConf: HiveConf of name hive.dummyparam.test.server.specific.config.metastoresite does not exist
Hive Session ID = 8f324720-4099-48f0-922e-8aee7be12ddd
2024-05-01T00:31:38,160  INFO [main] SessionState: Hive Session ID = 8f324720-4099-48f0-922e-8aee7be12ddd
ivysettings.xml file not found in HIVE_HOME or HIVE_CONF_DIR,/home/alex/Repositories/hive/conf/ivysettings.xml will be used
2024-05-01T00:31:38,174  INFO [main] DependencyResolver: ivysettings.xml file not found in HIVE_HOME or HIVE_CONF_DIR,/home/alex/Repositories/hive/conf/ivysettings.xml will be used
2024-05-01T00:31:38,460  INFO [main] session.SessionState: Created local directory: /home/alex/Repositories/hive/beeline/target/tmp/alex
2024-05-01T00:31:38,463  INFO [main] session.SessionState: Created HDFS directory: /tmp/hive/alex/8f324720-4099-48f0-922e-8aee7be12ddd
2024-05-01T00:31:38,467  INFO [main] session.SessionState: Created local directory: /home/alex/Repositories/hive/beeline/target/tmp/alex/8f324720-4099-48f0-922e-8aee7be12ddd
2024-05-01T00:31:38,470  INFO [main] session.SessionState: Created HDFS directory: /tmp/hive/alex/8f324720-4099-48f0-922e-8aee7be12ddd/_tmp_space.db
2024-05-01T00:31:38,494  INFO [main] sqlstd.SQLStdHiveAccessController: Created SQLStdHiveAccessController for session context : HiveAuthzSessionContext [sessionString=8f324720-4099-48f0-922e-8aee7be12ddd, clientType=HIVESERVER2]
2024-05-01T00:31:38,600  INFO [main] metastore.HiveMetaStoreClient: HMS client filtering is enabled.
2024-05-01T00:31:38,771  INFO [main] metastore.HMSHandler: 0: Opening raw store with implementation class:org.apache.hadoop.hive.metastore.ObjectStore
2024-05-01T00:31:38,806  INFO [main] metastore.PersistenceManagerProvider: Configuration datanucleus.autoStartMechanismMode is not set. Defaulting to 'ignored'
2024-05-01T00:31:38,813  INFO [main] metastore.PersistenceManagerProvider: Updating the pmf due to property change
2024-05-01T00:31:38,813  INFO [main] metastore.PersistenceManagerProvider: Current pmf properties are uninitialized
2024-05-01T00:31:38,833  WARN [main] hikari.HikariConfig: HikariPool-1 - leakDetectionThreshold is less than 2000ms or more than maxLifetime, disabling it.
2024-05-01T00:31:38,837  INFO [main] hikari.HikariDataSource: HikariPool-1 - Starting...
2024-05-01T00:31:39,570  INFO [main] pool.PoolBase: HikariPool-1 - Driver does not support get/set network timeout for connections. (Feature not implemented: No details.)
2024-05-01T00:31:39,573  INFO [main] hikari.HikariDataSource: HikariPool-1 - Start completed.
2024-05-01T00:31:40,164  INFO [main] metastore.PersistenceManagerProvider: Setting MetaStore object pin classes with hive.metastore.cache.pinobjtypes="Table,StorageDescriptor,SerDeInfo,Partition,Database,Type,FieldSchema,Order"
2024-05-01T00:31:40,165  INFO [main] metastore.ObjectStore: RawStore: org.apache.hadoop.hive.metastore.ObjectStore@76ad6715, with PersistenceManager: null will be shutdown
2024-05-01T00:31:40,189  INFO [main] metastore.ObjectStore: RawStore: org.apache.hadoop.hive.metastore.ObjectStore@76ad6715, with PersistenceManager: org.datanucleus.api.jdo.JDOPersistenceManager@34780cd9 created in the thread with id: 1
2024-05-01T00:31:43,232  WARN [main] metastore.ObjectStore: Version information not found in metastore. metastore.schema.verification is not enabled so recording the schema version 4.0.0
2024-05-01T00:31:43,232  WARN [main] metastore.ObjectStore: setMetaStoreSchemaVersion called but recording version is disabled: version = 4.0.0, comment = Set by MetaStore alex@127.0.1.1
2024-05-01T00:31:43,233  INFO [main] metastore.HMSHandler: Created RawStore: org.apache.hadoop.hive.metastore.ObjectStore@76ad6715 from thread id: 1
2024-05-01T00:31:43,360  INFO [main] metastore.HMSHandler: Started creating a default database with name: default
2024-05-01T00:31:43,399  INFO [main] metastore.HMSHandler: Successfully created a default database with name: default
2024-05-01T00:31:43,443  INFO [main] metastore.HMSHandler: Added admin role in metastore
2024-05-01T00:31:43,445  INFO [main] metastore.HMSHandler: Added public role in metastore
2024-05-01T00:31:43,508  INFO [main] metastore.HMSHandler: No user is added in admin role, since config is empty
2024-05-01T00:31:43,513  INFO [main] metastore.HMSHandler: Scheduling for org.apache.hadoop.hive.metastore.events.EventCleanerTask service with frequency 0ms.
2024-05-01T00:31:43,513  INFO [main] metastore.HMSHandler: Scheduling for org.apache.hadoop.hive.metastore.RuntimeStatsCleanerTask service with frequency 3600000ms.
2024-05-01T00:31:43,516  INFO [main] metastore.HMSHandler: Scheduling for org.apache.hadoop.hive.metastore.HiveProtoEventsCleanerTask service with frequency 86400000ms.
2024-05-01T00:31:43,538  WARN [main] hikari.HikariConfig: HikariPool-2 - leakDetectionThreshold is less than 2000ms or more than maxLifetime, disabling it.
2024-05-01T00:31:43,541  INFO [main] hikari.HikariDataSource: HikariPool-2 - Starting...
2024-05-01T00:31:43,543  INFO [main] pool.PoolBase: HikariPool-2 - Driver does not support get/set network timeout for connections. (Feature not implemented: No details.)
2024-05-01T00:31:43,544  INFO [main] hikari.HikariDataSource: HikariPool-2 - Start completed.
2024-05-01T00:31:43,546  WARN [main] hikari.HikariConfig: HikariPool-3 - leakDetectionThreshold is less than 2000ms or more than maxLifetime, disabling it.
2024-05-01T00:31:43,549  INFO [main] hikari.HikariDataSource: HikariPool-3 - Starting...
2024-05-01T00:31:43,550  INFO [main] pool.PoolBase: HikariPool-3 - Driver does not support get/set network timeout for connections. (Feature not implemented: No details.)
2024-05-01T00:31:43,551  INFO [main] hikari.HikariDataSource: HikariPool-3 - Start completed.
2024-05-01T00:31:43,556  INFO [main] metastore.HMSHandler: Scheduling for org.apache.hadoop.hive.metastore.metrics.AcidMetricService service with frequency 300000ms.
2024-05-01T00:31:43,557  INFO [main] metastore.HMSHandler: Scheduling for org.apache.hadoop.hive.metastore.ReplicationMetricsMaintTask service with frequency 86400000ms.
2024-05-01T00:31:43,558  INFO [main] metastore.HMSHandler: Scheduling for org.apache.hadoop.hive.metastore.ScheduledQueryExecutionsMaintTask service with frequency 60000ms.
2024-05-01T00:31:43,560  INFO [main] metastore.HMSHandler: HMS server filtering is disabled by configuration
2024-05-01T00:31:43,686  INFO [main] metastore.RetryingMetaStoreClient: RetryingMetaStoreClient proxy=class org.apache.hadoop.hive.ql.metadata.SessionHiveMetaStoreClient ugi=alex (auth:SIMPLE) retries=1 delay=1 lifetime=0
2024-05-01T00:31:44,536  WARN [main] exec.FunctionRegistry: UDF Class org.apache.datasketches.hive.cpc.UnionSketchUDF does not have description. Please annotate the class with the org.apache.hadoop.hive.ql.exec.Description annotation and provide the description of the function.
2024-05-01T00:31:44,541  WARN [main] exec.FunctionRegistry: UDF Class org.apache.datasketches.hive.hll.UnionSketchUDF does not have description. Please annotate the class with the org.apache.hadoop.hive.ql.exec.Description annotation and provide the description of the function.
2024-05-01T00:31:44,545  WARN [main] exec.FunctionRegistry: UDF Class org.apache.datasketches.hive.theta.IntersectSketchUDF does not have description. Please annotate the class with the org.apache.hadoop.hive.ql.exec.Description annotation and provide the description of the function.
2024-05-01T00:31:44,546  WARN [main] exec.FunctionRegistry: UDF Class org.apache.datasketches.hive.theta.EstimateSketchUDF does not have description. Please annotate the class with the org.apache.hadoop.hive.ql.exec.Description annotation and provide the description of the function.
2024-05-01T00:31:44,546  WARN [main] exec.FunctionRegistry: UDF Class org.apache.datasketches.hive.theta.ExcludeSketchUDF does not have description. Please annotate the class with the org.apache.hadoop.hive.ql.exec.Description annotation and provide the description of the function.
2024-05-01T00:31:44,548  WARN [main] exec.FunctionRegistry: UDF Class org.apache.datasketches.hive.theta.UnionSketchUDF does not have description. Please annotate the class with the org.apache.hadoop.hive.ql.exec.Description annotation and provide the description of the function.
2024-05-01T00:31:44,549  WARN [main] exec.FunctionRegistry: UDF Class org.apache.datasketches.hive.tuple.ArrayOfDoublesSketchToValuesUDTF does not have description. Please annotate the class with the org.apache.hadoop.hive.ql.exec.Description annotation and provide the description of the function.
2024-05-01T00:31:44,646  INFO [main] service.CompositeService: Operation log root directory is created: /home/alex/Repositories/hive/beeline/target/tmp/alex/operation_logs
2024-05-01T00:31:44,648  INFO [main] service.CompositeService: HiveServer2: Background operation thread pool size: 100
2024-05-01T00:31:44,648  INFO [main] service.CompositeService: HiveServer2: Background operation thread wait queue size: 100
2024-05-01T00:31:44,648  INFO [main] service.CompositeService: HiveServer2: Background operation thread keepalive time: 10 seconds
2024-05-01T00:31:44,650  INFO [main] service.CompositeService: Connections limit are user: 0 ipaddress: 0 user-ipaddress: 0
2024-05-01T00:31:44,653  INFO [main] cleanup.EventualCleanupService: EventualCleanupService started with 10 threads and queue of size 10000
2024-05-01T00:31:44,660  INFO [main] service.AbstractService: Service:OperationManager is inited.
DEBUG StatusLogger Building Plugin[name=appender, class=org.apache.hadoop.hive.ql.log.NullAppender].
DEBUG StatusLogger createNullAppender()
DEBUG StatusLogger PluginManager 'Converter' found 46 plugins
DEBUG StatusLogger Starting OutputStreamManager SYSTEM_OUT.false.false-2
DEBUG StatusLogger Log4j2 ConfigurationScheduler starting 2 threads
DEBUG StatusLogger Building Plugin[name=appender, class=org.apache.hadoop.hive.ql.log.NullAppender].
DEBUG StatusLogger createNullAppender()
DEBUG StatusLogger PluginManager 'Converter' found 46 plugins
DEBUG StatusLogger Starting OutputStreamManager SYSTEM_OUT.false.false-3
2024-05-01T00:31:44,674  INFO [main] service.AbstractService: Service:SessionManager is inited.
2024-05-01T00:31:44,674  INFO [main] service.AbstractService: Service:CLIService is inited.
2024-05-01T00:31:44,674  INFO [main] service.AbstractService: Service:OperationManager is started.
2024-05-01T00:31:44,674  INFO [main] service.AbstractService: Service:SessionManager is started.
2024-05-01T00:31:44,675  INFO [main] service.AbstractService: Service:CLIService is started.
2024-05-01T00:31:44,676  INFO [main] service.AbstractService: Service:ThriftBinaryCLIService is inited.
2024-05-01T00:31:44,679  INFO [main] thrift.ThriftCLIService: Client protocol version: HIVE_CLI_SERVICE_PROTOCOL_V10
2024-05-01T00:31:44,684  INFO [main] thrift.ThriftCLIService: Creating Hive session handle for user [null] from IP null
ivysettings.xml file not found in HIVE_HOME or HIVE_CONF_DIR,/home/alex/Repositories/hive/conf/ivysettings.xml will be used
2024-05-01T00:31:44,690  INFO [main] DependencyResolver: ivysettings.xml file not found in HIVE_HOME or HIVE_CONF_DIR,/home/alex/Repositories/hive/conf/ivysettings.xml will be used
2024-05-01T00:31:44,701  INFO [main] session.SessionState: Created HDFS directory: /tmp/hive/alex/22477e68-aa0d-446d-8962-3ee6db76c221
2024-05-01T00:31:44,704  INFO [main] session.SessionState: Created local directory: /home/alex/Repositories/hive/beeline/target/tmp/alex/22477e68-aa0d-446d-8962-3ee6db76c221
2024-05-01T00:31:44,708  INFO [main] session.SessionState: Created HDFS directory: /tmp/hive/alex/22477e68-aa0d-446d-8962-3ee6db76c221/_tmp_space.db
2024-05-01T00:31:44,712  INFO [main] session.SessionState: Reloading auxiliary JAR files
2024-05-01T00:31:44,712  WARN [main] session.SessionState: Configuration hive.reloadable.aux.jars.path not specified
2024-05-01T00:31:44,714  INFO [main] metastore.HiveMetaStoreClient: HMS client filtering is enabled.
2024-05-01T00:31:44,714  INFO [main] metastore.PersistenceManagerProvider: Configuration datanucleus.autoStartMechanismMode is not set. Defaulting to 'ignored'
2024-05-01T00:31:44,717  INFO [main] metastore.ObjectStore: RawStore: org.apache.hadoop.hive.metastore.ObjectStore@76ad6715, with PersistenceManager: org.datanucleus.api.jdo.JDOPersistenceManager@34780cd9 will be shutdown
2024-05-01T00:31:44,717  INFO [main] metastore.ObjectStore: RawStore: org.apache.hadoop.hive.metastore.ObjectStore@76ad6715, with PersistenceManager: org.datanucleus.api.jdo.JDOPersistenceManager@6d6cd1e0 created in the thread with id: 1
2024-05-01T00:31:44,739  INFO [main] metastore.HMSHandler: HMS server filtering is disabled by configuration
2024-05-01T00:31:44,739  INFO [main] metastore.RetryingMetaStoreClient: RetryingMetaStoreClient proxy=class org.apache.hadoop.hive.ql.metadata.SessionHiveMetaStoreClient ugi=alex (auth:SIMPLE) retries=1 delay=1 lifetime=0
2024-05-01T00:31:44,741  INFO [main] HiveMetaStore.audit: ugi=alex	ip=unknown-ip-addr	cmd=get_all_functions	
2024-05-01T00:31:44,823  INFO [main] HiveMetaStore.audit: ugi=alex	ip=unknown-ip-addr	cmd=Cleaning up thread local RawStore...	
2024-05-01T00:31:44,823  INFO [main] metastore.ObjectStore: RawStore: org.apache.hadoop.hive.metastore.ObjectStore@76ad6715, with PersistenceManager: org.datanucleus.api.jdo.JDOPersistenceManager@6d6cd1e0 will be shutdown
2024-05-01T00:31:44,823  INFO [main] HiveMetaStore.audit: ugi=alex	ip=unknown-ip-addr	cmd=Done cleaning up thread local RawStore	
2024-05-01T00:31:44,824  INFO [main] metastore.HiveMetaStoreClient: Closed a connection to metastore, current connections: -1
2024-05-01T00:31:44,826  INFO [main] session.HiveSessionImpl: Operation log session directory is created: /home/alex/Repositories/hive/beeline/target/tmp/alex/operation_logs/22477e68-aa0d-446d-8962-3ee6db76c221
2024-05-01T00:31:44,831  INFO [main] service.CompositeService: Session opened, SessionHandle [22477e68-aa0d-446d-8962-3ee6db76c221], current sessions:1
2024-05-01T00:31:44,835  INFO [main] thrift.ThriftCLIService: Login attempt is successful for user : null
Connected to: Apache Hive (version 4.0.0-SNAPSHOT)
Error: Couldn't load manifest attributes. (state=,code=0)
Transaction isolation: TRANSACTION_REPEATABLE_READ
2024-05-01T00:31:44,982  WARN [main] conf.HiveConf: HiveConf of name hive.dummyparam.test.server.specific.config.override does not exist
2024-05-01T00:31:44,983  WARN [main] conf.HiveConf: HiveConf of name hive.dummyparam.test.server.specific.config.hiveserver2site does not exist
2024-05-01T00:31:44,983  WARN [main] conf.HiveConf: HiveConf of name hive.dummyparam.test.server.specific.config.metastoresite does not exist
2024-05-01T00:31:44,989  INFO [22477e68-aa0d-446d-8962-3ee6db76c221 main] session.HiveSessionImpl: executing set
2024-05-01T00:31:45,022  INFO [22477e68-aa0d-446d-8962-3ee6db76c221 main] operation.HiveCommandOperation: Putting temp output to file /home/alex/Repositories/hive/beeline/target/tmp/alex/22477e68-aa0d-446d-8962-3ee6db76c221430442408426697010.pipeout and error output to file /home/alex/Repositories/hive/beeline/target/tmp/alex/22477e68-aa0d-446d-8962-3ee6db76c2214775488549185086369.pipeout
2024-05-01T00:31:45,022  INFO [22477e68-aa0d-446d-8962-3ee6db76c221 main] operation.OperationManager: Adding operation: OperationHandle [opType=EXECUTE_STATEMENT, getHandleIdentifier()=9a3a5d36-4a7f-4188-84b5-4b2068f13605] SessionHandle [22477e68-aa0d-446d-8962-3ee6db76c221]
2024-05-01T00:31:45,029  INFO [22477e68-aa0d-446d-8962-3ee6db76c221 main] common.LogUtils: Thread context registration is done.
DEBUG StatusLogger Building Plugin[name=filter, class=org.apache.hadoop.hive.ql.log.LogDivertAppender$NameFilter].
DEBUG StatusLogger createFilter(loggingLevel="EXECUTION")
DEBUG StatusLogger Building Plugin[name=layout, class=org.apache.logging.log4j.core.layout.PatternLayout].
DEBUG StatusLogger PatternLayout$Builder(pattern="%-5p : %m%n", PatternSelector=null, Configuration(HiveLog4j2Test), Replace=null, charset="null", alwaysWriteExceptions="null", disableAnsi="null", noConsoleNoAnsi="null", header="null", footer="null")
DEBUG StatusLogger Building Plugin[name=appender, class=org.apache.hadoop.hive.ql.log.HushableRandomAccessFileAppender].
DEBUG StatusLogger createAppender(fileName="/home/alex/Repositories/hive/beeline/target/tmp/alex/operation_logs/22477e68-aa0d-446d-8962-3ee6db76c221/alex_20240501003145_4565b7af-187f-4016-9a34-449acbefe6f8", append="null", name="query-file-appender", immediateFlush="null", bufferSize="null", ignoreExceptions="null", PatternLayout(org.apache.logging.log4j.core.layout.PatternLayout with name PatternLayout), NameFilter(org.apache.hadoop.hive.ql.log.LogDivertAppender$NameFilter with name NameFilter), advertise="null", advertiseURI="null", Configuration(HiveLog4j2Test))
DEBUG StatusLogger Starting RandomAccessFileManager /home/alex/Repositories/hive/beeline/target/tmp/alex/operation_logs/22477e68-aa0d-446d-8962-3ee6db76c221/alex_20240501003145_4565b7af-187f-4016-9a34-449acbefe6f8
DEBUG StatusLogger Building Plugin[name=, class=org.apache.hadoop.hive.ql.log.LogDivertAppenderForTest$TestFilter].
DEBUG StatusLogger createFilter()
DEBUG StatusLogger Building Plugin[name=, class=org.apache.logging.log4j.core.layout.PatternLayout].
DEBUG StatusLogger PatternLayout$Builder(pattern="%-5p : %m%n", PatternSelector=null, Configuration(HiveLog4j2Test), Replace=null, charset="null", alwaysWriteExceptions="null", disableAnsi="null", noConsoleNoAnsi="null", header="null", footer="null")
DEBUG StatusLogger Building Plugin[name=appender, class=org.apache.hadoop.hive.ql.log.HushableRandomAccessFileAppender].
DEBUG StatusLogger createAppender(fileName="/home/alex/Repositories/hive/beeline/target/tmp/alex/operation_logs/22477e68-aa0d-446d-8962-3ee6db76c221/alex_20240501003145_4565b7af-187f-4016-9a34-449acbefe6f8.test", append="null", name="test-query-file-appender", immediateFlush="null", bufferSize="null", ignoreExceptions="null", PatternLayout(org.apache.logging.log4j.core.layout.PatternLayout with name PatternLayout), test-filter(org.apache.hadoop.hive.ql.log.LogDivertAppenderForTest$TestFilter with name test-filter), advertise="null", advertiseURI="null", Configuration(HiveLog4j2Test))
DEBUG StatusLogger Starting RandomAccessFileManager /home/alex/Repositories/hive/beeline/target/tmp/alex/operation_logs/22477e68-aa0d-446d-8962-3ee6db76c221/alex_20240501003145_4565b7af-187f-4016-9a34-449acbefe6f8.test
2024-05-01T00:31:45,047  INFO [22477e68-aa0d-446d-8962-3ee6db76c221 main] operation.HiveCommandOperation: [opType=EXECUTE_STATEMENT, queryId=alex_20240501003145_4565b7af-187f-4016-9a34-449acbefe6f8, startTime=1714548705016, sessionId=22477e68-aa0d-446d-8962-3ee6db76c221, createTime=1714548704687, userName=null, ipAddress=null]
2024-05-01T00:31:45,078  INFO [22477e68-aa0d-446d-8962-3ee6db76c221 main] common.LogUtils: Unregistered logging context.
2024-05-01T00:31:45,151  INFO [22477e68-aa0d-446d-8962-3ee6db76c221 main] operation.OperationManager: Closing operation: OperationHandle [opType=EXECUTE_STATEMENT, getHandleIdentifier()=9a3a5d36-4a7f-4188-84b5-4b2068f13605]
2024-05-01T00:31:45,152  INFO [22477e68-aa0d-446d-8962-3ee6db76c221 main] operation.OperationManager: Removed queryId: alex_20240501003145_4565b7af-187f-4016-9a34-449acbefe6f8 corresponding to operation: OperationHandle [opType=EXECUTE_STATEMENT, getHandleIdentifier()=9a3a5d36-4a7f-4188-84b5-4b2068f13605] with tag: null
2024-05-01T00:31:45,154  INFO [22477e68-aa0d-446d-8962-3ee6db76c221 main] operation.HiveCommandOperation: Closing operation log /home/alex/Repositories/hive/beeline/target/tmp/alex/operation_logs/22477e68-aa0d-446d-8962-3ee6db76c221/alex_20240501003145_4565b7af-187f-4016-9a34-449acbefe6f8 without delay
hive> create database if not exists test;
2024-05-01T00:31:45,205  INFO [22477e68-aa0d-446d-8962-3ee6db76c221 main] session.HiveSessionImpl: executing create database if not exists test
2024-05-01T00:31:45,210  INFO [22477e68-aa0d-446d-8962-3ee6db76c221 main] operation.OperationManager: Adding operation: OperationHandle [opType=EXECUTE_STATEMENT, getHandleIdentifier()=4a202727-17f4-4ad2-9969-e76d65e5b9d5] SessionHandle [22477e68-aa0d-446d-8962-3ee6db76c221]
2024-05-01T00:31:45,210  INFO [22477e68-aa0d-446d-8962-3ee6db76c221 main] common.LogUtils: Thread context registration is done.
DEBUG StatusLogger Building Plugin[name=filter, class=org.apache.hadoop.hive.ql.log.LogDivertAppender$NameFilter].
DEBUG StatusLogger createFilter(loggingLevel="EXECUTION")
DEBUG StatusLogger Building Plugin[name=layout, class=org.apache.logging.log4j.core.layout.PatternLayout].
DEBUG StatusLogger PatternLayout$Builder(pattern="%-5p : %m%n", PatternSelector=null, Configuration(HiveLog4j2Test), Replace=null, charset="null", alwaysWriteExceptions="null", disableAnsi="null", noConsoleNoAnsi="null", header="null", footer="null")
DEBUG StatusLogger Building Plugin[name=appender, class=org.apache.hadoop.hive.ql.log.HushableRandomAccessFileAppender].
DEBUG StatusLogger createAppender(fileName="/home/alex/Repositories/hive/beeline/target/tmp/alex/operation_logs/22477e68-aa0d-446d-8962-3ee6db76c221/alex_20240501003145_27c456a4-123c-4b55-9316-2eea847019cf", append="null", name="query-file-appender", immediateFlush="null", bufferSize="null", ignoreExceptions="null", PatternLayout(org.apache.logging.log4j.core.layout.PatternLayout with name PatternLayout), NameFilter(org.apache.hadoop.hive.ql.log.LogDivertAppender$NameFilter with name NameFilter), advertise="null", advertiseURI="null", Configuration(HiveLog4j2Test))
DEBUG StatusLogger Starting RandomAccessFileManager /home/alex/Repositories/hive/beeline/target/tmp/alex/operation_logs/22477e68-aa0d-446d-8962-3ee6db76c221/alex_20240501003145_27c456a4-123c-4b55-9316-2eea847019cf
DEBUG StatusLogger Building Plugin[name=, class=org.apache.hadoop.hive.ql.log.LogDivertAppenderForTest$TestFilter].
DEBUG StatusLogger createFilter()
DEBUG StatusLogger Building Plugin[name=, class=org.apache.logging.log4j.core.layout.PatternLayout].
DEBUG StatusLogger PatternLayout$Builder(pattern="%-5p : %m%n", PatternSelector=null, Configuration(HiveLog4j2Test), Replace=null, charset="null", alwaysWriteExceptions="null", disableAnsi="null", noConsoleNoAnsi="null", header="null", footer="null")
DEBUG StatusLogger Building Plugin[name=appender, class=org.apache.hadoop.hive.ql.log.HushableRandomAccessFileAppender].
DEBUG StatusLogger createAppender(fileName="/home/alex/Repositories/hive/beeline/target/tmp/alex/operation_logs/22477e68-aa0d-446d-8962-3ee6db76c221/alex_20240501003145_27c456a4-123c-4b55-9316-2eea847019cf.test", append="null", name="test-query-file-appender", immediateFlush="null", bufferSize="null", ignoreExceptions="null", PatternLayout(org.apache.logging.log4j.core.layout.PatternLayout with name PatternLayout), test-filter(org.apache.hadoop.hive.ql.log.LogDivertAppenderForTest$TestFilter with name test-filter), advertise="null", advertiseURI="null", Configuration(HiveLog4j2Test))
DEBUG StatusLogger Starting RandomAccessFileManager /home/alex/Repositories/hive/beeline/target/tmp/alex/operation_logs/22477e68-aa0d-446d-8962-3ee6db76c221/alex_20240501003145_27c456a4-123c-4b55-9316-2eea847019cf.test
2024-05-01T00:31:45,215  INFO [22477e68-aa0d-446d-8962-3ee6db76c221 main] operation.SQLOperation: [opType=EXECUTE_STATEMENT, queryId=alex_20240501003145_27c456a4-123c-4b55-9316-2eea847019cf, startTime=1714548705208, sessionId=22477e68-aa0d-446d-8962-3ee6db76c221, createTime=1714548704687, userName=null, ipAddress=null]
2024-05-01T00:31:45,296  WARN [Metastore-RuntimeStats-Loader-1] conf.HiveConf: HiveConf of name hive.dummyparam.test.server.specific.config.override does not exist
2024-05-01T00:31:45,296  WARN [Metastore-RuntimeStats-Loader-1] conf.HiveConf: HiveConf of name hive.dummyparam.test.server.specific.config.hiveserver2site does not exist
2024-05-01T00:31:45,297  WARN [Metastore-RuntimeStats-Loader-1] conf.HiveConf: HiveConf of name hive.dummyparam.test.server.specific.config.metastoresite does not exist
2024-05-01T00:31:45,298  INFO [Metastore-RuntimeStats-Loader-1] metastore.HiveMetaStoreClient: HMS client filtering is enabled.
2024-05-01T00:31:45,299  INFO [Metastore-RuntimeStats-Loader-1] metastore.HMSHandler: 1: Opening raw store with implementation class:org.apache.hadoop.hive.metastore.ObjectStore
2024-05-01T00:31:45,300  INFO [Metastore-RuntimeStats-Loader-1] metastore.PersistenceManagerProvider: Configuration datanucleus.autoStartMechanismMode is not set. Defaulting to 'ignored'
2024-05-01T00:31:45,301  INFO [Metastore-RuntimeStats-Loader-1] metastore.ObjectStore: RawStore: org.apache.hadoop.hive.metastore.ObjectStore@1f2114ac, with PersistenceManager: null will be shutdown
2024-05-01T00:31:45,302  INFO [Metastore-RuntimeStats-Loader-1] metastore.ObjectStore: RawStore: org.apache.hadoop.hive.metastore.ObjectStore@1f2114ac, with PersistenceManager: org.datanucleus.api.jdo.JDOPersistenceManager@2f7dd4bc created in the thread with id: 87
2024-05-01T00:31:45,304  INFO [22477e68-aa0d-446d-8962-3ee6db76c221 main] ql.Driver: Compiling command(queryId=alex_20240501003145_27c456a4-123c-4b55-9316-2eea847019cf): create database if not exists test
2024-05-01T00:31:45,317  INFO [Metastore-RuntimeStats-Loader-1] metastore.HMSHandler: Created RawStore: org.apache.hadoop.hive.metastore.ObjectStore@1f2114ac from thread id: 87
2024-05-01T00:31:45,317  INFO [Metastore-RuntimeStats-Loader-1] metastore.HMSHandler: HMS server filtering is disabled by configuration
2024-05-01T00:31:45,318  INFO [Metastore-RuntimeStats-Loader-1] metastore.RetryingMetaStoreClient: RetryingMetaStoreClient proxy=class org.apache.hadoop.hive.ql.metadata.SessionHiveMetaStoreClient ugi=alex (auth:SIMPLE) retries=1 delay=1 lifetime=0
2024-05-01T00:31:45,318  INFO [Metastore-RuntimeStats-Loader-1] HiveMetaStore.audit: ugi=alex	ip=unknown-ip-addr	cmd=get_runtime_stats	
2024-05-01T00:31:46,077  INFO [22477e68-aa0d-446d-8962-3ee6db76c221 main] metastore.HMSHandler: 0: Opening raw store with implementation class:org.apache.hadoop.hive.metastore.ObjectStore
2024-05-01T00:31:46,079  INFO [22477e68-aa0d-446d-8962-3ee6db76c221 main] metastore.ObjectStore: RawStore: org.apache.hadoop.hive.metastore.ObjectStore@3a2546d6, with PersistenceManager: null will be shutdown
2024-05-01T00:31:46,079  INFO [22477e68-aa0d-446d-8962-3ee6db76c221 main] metastore.ObjectStore: RawStore: org.apache.hadoop.hive.metastore.ObjectStore@3a2546d6, with PersistenceManager: org.datanucleus.api.jdo.JDOPersistenceManager@7282af25 created in the thread with id: 1
2024-05-01T00:31:46,083  INFO [22477e68-aa0d-446d-8962-3ee6db76c221 main] metastore.HMSHandler: Created RawStore: org.apache.hadoop.hive.metastore.ObjectStore@3a2546d6 from thread id: 1
2024-05-01T00:31:46,304  INFO [22477e68-aa0d-446d-8962-3ee6db76c221 main] reflections.Reflections: Reflections took 180 ms to scan 2 urls, producing 53 keys and 784 values 
2024-05-01T00:31:46,474  INFO [22477e68-aa0d-446d-8962-3ee6db76c221 main] reflections.Reflections: Reflections took 104 ms to scan 2 urls, producing 53 keys and 784 values 
2024-05-01T00:31:46,565  INFO [22477e68-aa0d-446d-8962-3ee6db76c221 main] reflections.Reflections: Reflections took 84 ms to scan 2 urls, producing 53 keys and 784 values 
2024-05-01T00:31:46,673  INFO [22477e68-aa0d-446d-8962-3ee6db76c221 main] reflections.Reflections: Reflections took 96 ms to scan 2 urls, producing 53 keys and 784 values 
2024-05-01T00:31:46,814  INFO [22477e68-aa0d-446d-8962-3ee6db76c221 main] ql.Driver: Semantic Analysis Completed (retrial = false)
2024-05-01T00:31:46,815  INFO [22477e68-aa0d-446d-8962-3ee6db76c221 main] ql.Driver: Created Hive schema: Schema(fieldSchemas:null, properties:null)
2024-05-01T00:31:46,820  INFO [22477e68-aa0d-446d-8962-3ee6db76c221 main] metadata.Hive: Dumping metastore api call timing information for : compilation phase
2024-05-01T00:31:46,820  INFO [22477e68-aa0d-446d-8962-3ee6db76c221 main] metadata.Hive: Total time spent in each metastore function (ms): {isCompatibleWith_(Configuration)=0, flushCache_()=8, getAllFunctions_()=82}
2024-05-01T00:31:46,821  INFO [22477e68-aa0d-446d-8962-3ee6db76c221 main] ql.Driver: Completed compiling command(queryId=alex_20240501003145_27c456a4-123c-4b55-9316-2eea847019cf); Time taken: 1.518 seconds
2024-05-01T00:31:46,822  INFO [22477e68-aa0d-446d-8962-3ee6db76c221 main] common.LogUtils: Unregistered logging context.
2024-05-01T00:31:46,825  INFO [HiveServer2-Background-Pool: Thread-88] common.LogUtils: Thread context registration is done.
2024-05-01T00:31:46,825  INFO [HiveServer2-Background-Pool: Thread-88] reexec.ReExecDriver: Execution #1 of query
2024-05-01T00:31:46,826  INFO [HiveServer2-Background-Pool: Thread-88] ql.Driver: Concurrency mode is disabled, not creating a lock manager
2024-05-01T00:31:46,831  INFO [HiveServer2-Background-Pool: Thread-88] ql.Driver: Executing command(queryId=alex_20240501003145_27c456a4-123c-4b55-9316-2eea847019cf): create database if not exists test
2024-05-01T00:31:46,838  INFO [HiveServer2-Background-Pool: Thread-88] ql.Driver: Starting task [Stage-0:DDL] in serial mode
2024-05-01T00:31:46,840  INFO [HiveServer2-Background-Pool: Thread-88] sqlstd.SQLStdHiveAccessController: Created SQLStdHiveAccessController for session context : HiveAuthzSessionContext [sessionString=22477e68-aa0d-446d-8962-3ee6db76c221, clientType=HIVESERVER2]
2024-05-01T00:31:46,841  WARN [HiveServer2-Background-Pool: Thread-88] exec.DDLTask: metastore.warehouse.external.dir is not set, falling back to metastore.warehouse.dir. This could cause external tables to use to managed tablespace.
2024-05-01T00:31:46,842  INFO [HiveServer2-Background-Pool: Thread-88] HiveMetaStore.audit: ugi=alex	ip=unknown-ip-addr	cmd=create_database: Database(name:test, description:null, locationUri:file:/home/alex/Repositories/hive/beeline/target/tmp/warehouse/test.db, parameters:null, ownerName:alex, ownerType:USER, catalogName:hive, type:NATIVE)	
2024-05-01T00:31:46,844  INFO [HiveServer2-Background-Pool: Thread-88] metastore.HMSHandler: 2: Opening raw store with implementation class:org.apache.hadoop.hive.metastore.ObjectStore
2024-05-01T00:31:46,846  INFO [HiveServer2-Background-Pool: Thread-88] metastore.ObjectStore: RawStore: org.apache.hadoop.hive.metastore.ObjectStore@1c88107, with PersistenceManager: null will be shutdown
2024-05-01T00:31:46,846  INFO [HiveServer2-Background-Pool: Thread-88] metastore.ObjectStore: RawStore: org.apache.hadoop.hive.metastore.ObjectStore@1c88107, with PersistenceManager: org.datanucleus.api.jdo.JDOPersistenceManager@5f171149 created in the thread with id: 88
2024-05-01T00:31:46,851  INFO [HiveServer2-Background-Pool: Thread-88] metastore.HMSHandler: Created RawStore: org.apache.hadoop.hive.metastore.ObjectStore@1c88107 from thread id: 88
2024-05-01T00:31:46,861  INFO [HiveServer2-Background-Pool: Thread-88] metastore.HMSHandler: Creating database path in external directory file:/home/alex/Repositories/hive/beeline/target/tmp/warehouse/test.db
2024-05-01T00:31:46,863  INFO [HiveServer2-Background-Pool: Thread-88] utils.FileUtils: Creating directory if it doesn't exist: file:/home/alex/Repositories/hive/beeline/target/tmp/warehouse/test.db
2024-05-01T00:31:46,870  INFO [HiveServer2-Background-Pool: Thread-88] metastore.HMSHandler: Created database path in external directory file:/home/alex/Repositories/hive/beeline/target/tmp/warehouse/test.db
2024-05-01T00:31:46,888  INFO [HiveServer2-Background-Pool: Thread-88] metadata.Hive: Dumping metastore api call timing information for : execution phase
2024-05-01T00:31:46,888  INFO [HiveServer2-Background-Pool: Thread-88] metadata.Hive: Total time spent in each metastore function (ms): {isCompatibleWith_(Configuration)=1, createDatabase_(Database)=45}
2024-05-01T00:31:46,888  INFO [HiveServer2-Background-Pool: Thread-88] ql.Driver: Completed executing command(queryId=alex_20240501003145_27c456a4-123c-4b55-9316-2eea847019cf); Time taken: 0.057 seconds
2024-05-01T00:31:46,889  INFO [HiveServer2-Background-Pool: Thread-88] common.LogUtils: Unregistered logging context.
INFO  : Compiling command(queryId=alex_20240501003145_27c456a4-123c-4b55-9316-2eea847019cf): create database if not exists test
INFO  : Semantic Analysis Completed (retrial = false)
INFO  : Created Hive schema: Schema(fieldSchemas:null, properties:null)
INFO  : Completed compiling command(queryId=alex_20240501003145_27c456a4-123c-4b55-9316-2eea847019cf); Time taken: 1.518 seconds
INFO  : Concurrency mode is disabled, not creating a lock manager
INFO  : Executing command(queryId=alex_20240501003145_27c456a4-123c-4b55-9316-2eea847019cf): create database if not exists test
INFO  : Starting task [Stage-0:DDL] in serial mode
DEBUG : Task getting executed using mapred tag : alex_20240501003145_27c456a4-123c-4b55-9316-2eea847019cf,userid=null
INFO  : Completed executing command(queryId=alex_20240501003145_27c456a4-123c-4b55-9316-2eea847019cf); Time taken: 0.057 seconds
DEBUG : Shutting down query create database if not exists test
2024-05-01T00:31:46,892  INFO [22477e68-aa0d-446d-8962-3ee6db76c221 main] operation.OperationManager: Closing operation: OperationHandle [opType=EXECUTE_STATEMENT, getHandleIdentifier()=4a202727-17f4-4ad2-9969-e76d65e5b9d5]
2024-05-01T00:31:46,892  INFO [22477e68-aa0d-446d-8962-3ee6db76c221 main] operation.OperationManager: Removed queryId: alex_20240501003145_27c456a4-123c-4b55-9316-2eea847019cf corresponding to operation: OperationHandle [opType=EXECUTE_STATEMENT, getHandleIdentifier()=4a202727-17f4-4ad2-9969-e76d65e5b9d5] with tag: null
2024-05-01T00:31:46,892  INFO [22477e68-aa0d-446d-8962-3ee6db76c221 main] operation.SQLOperation: Closing operation log /home/alex/Repositories/hive/beeline/target/tmp/alex/operation_logs/22477e68-aa0d-446d-8962-3ee6db76c221/alex_20240501003145_27c456a4-123c-4b55-9316-2eea847019cf without delay
Error: Failed to wait for operation to complete (state=08S01,code=0)
Closing: 0: jdbc:hive2://
2024-05-01T00:31:46,895  INFO [main] service.CompositeService: Session closed, SessionHandle [22477e68-aa0d-446d-8962-3ee6db76c221], current sessions:0
2024-05-01T00:31:46,895  INFO [22477e68-aa0d-446d-8962-3ee6db76c221 main] session.HiveSessionImpl: Operation log session directory is deleted: /home/alex/Repositories/hive/beeline/target/tmp/alex/operation_logs/22477e68-aa0d-446d-8962-3ee6db76c221
2024-05-01T00:31:46,896  INFO [main] cleanup.EventualCleanupService: Delete /tmp/hive/alex/22477e68-aa0d-446d-8962-3ee6db76c221 operation was queued
2024-05-01T00:31:46,897  INFO [main] cleanup.EventualCleanupService: Delete /home/alex/Repositories/hive/beeline/target/tmp/alex/22477e68-aa0d-446d-8962-3ee6db76c221 operation was queued
2024-05-01T00:31:46,897  INFO [EventualCleanupService thread 1] cleanup.EventualCleanupService: Deleted /home/alex/Repositories/hive/beeline/target/tmp/alex/22477e68-aa0d-446d-8962-3ee6db76c221
2024-05-01T00:31:46,897  INFO [EventualCleanupService thread 0] cleanup.EventualCleanupService: Deleted /tmp/hive/alex/22477e68-aa0d-446d-8962-3ee6db76c221
2024-05-01T00:31:46,903  INFO [main] HiveMetaStore.audit: ugi=alex	ip=unknown-ip-addr	cmd=Cleaning up thread local RawStore...	
2024-05-01T00:31:46,904  INFO [main] metastore.ObjectStore: RawStore: org.apache.hadoop.hive.metastore.ObjectStore@3a2546d6, with PersistenceManager: org.datanucleus.api.jdo.JDOPersistenceManager@7282af25 will be shutdown
2024-05-01T00:31:46,904  INFO [main] HiveMetaStore.audit: ugi=alex	ip=unknown-ip-addr	cmd=Done cleaning up thread local RawStore	
2024-05-01T00:31:46,904  INFO [main] metastore.HiveMetaStoreClient: Closed a connection to metastore, current connections: -2
]]></system-err>
  </testcase>
  <testcase name="testSourceCmd2" classname="org.apache.hive.beeline.cli.TestHiveCli" time="0.814">
    <failure type="java.lang.AssertionError"><![CDATA[java.lang.AssertionError: The expected keyword "sc3" occur in the output: 
	at org.junit.Assert.fail(Assert.java:89)
	at org.junit.Assert.assertTrue(Assert.java:42)
	at org.apache.hive.beeline.cli.TestHiveCli.verifyCMD(TestHiveCli.java:270)
	at org.apache.hive.beeline.cli.TestHiveCli.testSourceCmd2(TestHiveCli.java:122)
	at sun.reflect.NativeMethodAccessorImpl.invoke0(Native Method)
	at sun.reflect.NativeMethodAccessorImpl.invoke(NativeMethodAccessorImpl.java:62)
	at sun.reflect.DelegatingMethodAccessorImpl.invoke(DelegatingMethodAccessorImpl.java:43)
	at java.lang.reflect.Method.invoke(Method.java:498)
	at org.junit.runners.model.FrameworkMethod$1.runReflectiveCall(FrameworkMethod.java:59)
	at org.junit.internal.runners.model.ReflectiveCallable.run(ReflectiveCallable.java:12)
	at org.junit.runners.model.FrameworkMethod.invokeExplosively(FrameworkMethod.java:56)
	at org.junit.internal.runners.statements.InvokeMethod.evaluate(InvokeMethod.java:17)
	at org.junit.internal.runners.statements.RunBefores.evaluate(RunBefores.java:26)
	at org.junit.internal.runners.statements.RunAfters.evaluate(RunAfters.java:27)
	at org.junit.runners.ParentRunner$3.evaluate(ParentRunner.java:306)
	at org.junit.runners.BlockJUnit4ClassRunner$1.evaluate(BlockJUnit4ClassRunner.java:100)
	at org.junit.runners.ParentRunner.runLeaf(ParentRunner.java:366)
	at org.junit.runners.BlockJUnit4ClassRunner.runChild(BlockJUnit4ClassRunner.java:103)
	at org.junit.runners.BlockJUnit4ClassRunner.runChild(BlockJUnit4ClassRunner.java:63)
	at org.junit.runners.ParentRunner$4.run(ParentRunner.java:331)
	at org.junit.runners.ParentRunner$1.schedule(ParentRunner.java:79)
	at org.junit.runners.ParentRunner.runChildren(ParentRunner.java:329)
	at org.junit.runners.ParentRunner.access$100(ParentRunner.java:66)
	at org.junit.runners.ParentRunner$2.evaluate(ParentRunner.java:293)
	at org.junit.internal.runners.statements.RunBefores.evaluate(RunBefores.java:26)
	at org.junit.runners.ParentRunner$3.evaluate(ParentRunner.java:306)
	at org.junit.runners.ParentRunner.run(ParentRunner.java:413)
	at org.junit.runner.JUnitCore.run(JUnitCore.java:137)
	at org.junit.runner.JUnitCore.run(JUnitCore.java:115)
	at org.junit.vintage.engine.execution.RunnerExecutor.execute(RunnerExecutor.java:43)
	at java.util.stream.ForEachOps$ForEachOp$OfRef.accept(ForEachOps.java:183)
	at java.util.stream.ReferencePipeline$3$1.accept(ReferencePipeline.java:193)
	at java.util.Iterator.forEachRemaining(Iterator.java:116)
	at java.util.Spliterators$IteratorSpliterator.forEachRemaining(Spliterators.java:1801)
	at java.util.stream.AbstractPipeline.copyInto(AbstractPipeline.java:482)
	at java.util.stream.AbstractPipeline.wrapAndCopyInto(AbstractPipeline.java:472)
	at java.util.stream.ForEachOps$ForEachOp.evaluateSequential(ForEachOps.java:150)
	at java.util.stream.ForEachOps$ForEachOp$OfRef.evaluateSequential(ForEachOps.java:173)
	at java.util.stream.AbstractPipeline.evaluate(AbstractPipeline.java:234)
	at java.util.stream.ReferencePipeline.forEach(ReferencePipeline.java:485)
	at org.junit.vintage.engine.VintageTestEngine.executeAllChildren(VintageTestEngine.java:82)
	at org.junit.vintage.engine.VintageTestEngine.execute(VintageTestEngine.java:73)
	at org.junit.platform.launcher.core.DefaultLauncher.execute(DefaultLauncher.java:248)
	at org.junit.platform.launcher.core.DefaultLauncher.lambda$execute$5(DefaultLauncher.java:211)
	at org.junit.platform.launcher.core.DefaultLauncher.withInterceptedStreams(DefaultLauncher.java:226)
	at org.junit.platform.launcher.core.DefaultLauncher.execute(DefaultLauncher.java:199)
	at org.junit.platform.launcher.core.DefaultLauncher.execute(DefaultLauncher.java:132)
	at org.apache.maven.surefire.junitplatform.JUnitPlatformProvider.invokeAllTests(JUnitPlatformProvider.java:154)
	at org.apache.maven.surefire.junitplatform.JUnitPlatformProvider.invoke(JUnitPlatformProvider.java:123)
	at org.apache.maven.surefire.booter.ForkedBooter.runSuitesInProcess(ForkedBooter.java:377)
	at org.apache.maven.surefire.booter.ForkedBooter.execute(ForkedBooter.java:138)
	at org.apache.maven.surefire.booter.ForkedBooter.run(ForkedBooter.java:465)
	at org.apache.maven.surefire.booter.ForkedBooter.main(ForkedBooter.java:451)
]]></failure>
    <system-err><![CDATA[2024-05-01T00:31:46,920 ERROR [main] cli.TestHiveCli: Failed to execute command due to the error: java.lang.NullPointerException: Null output stream
2024-05-01T00:31:46,987  WARN [main] conf.HiveConf: HiveConf of name hive.dummyparam.test.server.specific.config.override does not exist
2024-05-01T00:31:46,988  WARN [main] conf.HiveConf: HiveConf of name hive.dummyparam.test.server.specific.config.hiveserver2site does not exist
2024-05-01T00:31:46,988  WARN [main] conf.HiveConf: HiveConf of name hive.dummyparam.test.server.specific.config.metastoresite does not exist
2024-05-01T00:31:46,989  INFO [main] SessionState: Hive Session ID = 2b738358-d36b-4686-aca3-58732ec0a538
2024-05-01T00:31:46,990  INFO [main] DependencyResolver: ivysettings.xml file not found in HIVE_HOME or HIVE_CONF_DIR,/home/alex/Repositories/hive/conf/ivysettings.xml will be used
2024-05-01T00:31:46,999  INFO [main] session.SessionState: Created HDFS directory: /tmp/hive/alex/2b738358-d36b-4686-aca3-58732ec0a538
2024-05-01T00:31:47,003  INFO [main] session.SessionState: Created local directory: /home/alex/Repositories/hive/beeline/target/tmp/alex/2b738358-d36b-4686-aca3-58732ec0a538
2024-05-01T00:31:47,007  INFO [main] session.SessionState: Created HDFS directory: /tmp/hive/alex/2b738358-d36b-4686-aca3-58732ec0a538/_tmp_space.db
2024-05-01T00:31:47,007  INFO [main] sqlstd.SQLStdHiveAccessController: Created SQLStdHiveAccessController for session context : HiveAuthzSessionContext [sessionString=2b738358-d36b-4686-aca3-58732ec0a538, clientType=HIVESERVER2]
2024-05-01T00:31:47,008  INFO [main] metastore.HiveMetaStoreClient: HMS client filtering is enabled.
2024-05-01T00:31:47,009  INFO [main] metastore.HMSHandler: 0: Opening raw store with implementation class:org.apache.hadoop.hive.metastore.ObjectStore
2024-05-01T00:31:47,010  INFO [main] metastore.PersistenceManagerProvider: Configuration datanucleus.autoStartMechanismMode is not set. Defaulting to 'ignored'
2024-05-01T00:31:47,011  INFO [main] metastore.ObjectStore: RawStore: org.apache.hadoop.hive.metastore.ObjectStore@6ce15112, with PersistenceManager: null will be shutdown
2024-05-01T00:31:47,011  INFO [main] metastore.ObjectStore: RawStore: org.apache.hadoop.hive.metastore.ObjectStore@6ce15112, with PersistenceManager: org.datanucleus.api.jdo.JDOPersistenceManager@ba4f370 created in the thread with id: 1
2024-05-01T00:31:47,016  INFO [main] metastore.HMSHandler: Created RawStore: org.apache.hadoop.hive.metastore.ObjectStore@6ce15112 from thread id: 1
2024-05-01T00:31:47,016  INFO [main] metastore.HMSHandler: HMS server filtering is disabled by configuration
2024-05-01T00:31:47,016  INFO [main] metastore.RetryingMetaStoreClient: RetryingMetaStoreClient proxy=class org.apache.hadoop.hive.ql.metadata.SessionHiveMetaStoreClient ugi=alex (auth:SIMPLE) retries=1 delay=1 lifetime=0
2024-05-01T00:31:47,017  INFO [main] service.CompositeService: Operation log root directory is created: /home/alex/Repositories/hive/beeline/target/tmp/alex/operation_logs
2024-05-01T00:31:47,017  INFO [main] service.CompositeService: HiveServer2: Background operation thread pool size: 100
2024-05-01T00:31:47,017  INFO [main] service.CompositeService: HiveServer2: Background operation thread wait queue size: 100
2024-05-01T00:31:47,017  INFO [main] service.CompositeService: HiveServer2: Background operation thread keepalive time: 10 seconds
2024-05-01T00:31:47,017  INFO [main] service.CompositeService: Connections limit are user: 0 ipaddress: 0 user-ipaddress: 0
2024-05-01T00:31:47,019  INFO [main] cleanup.EventualCleanupService: EventualCleanupService started with 10 threads and queue of size 10000
ERROR StatusLogger Log4j2 ConfigurationScheduler attempted to increment scheduled items after start
ERROR StatusLogger Log4j2 ConfigurationScheduler attempted to increment scheduled items after start
2024-05-01T00:31:47,021  INFO [main] service.AbstractService: Service:OperationManager is inited.
2024-05-01T00:31:47,021  INFO [main] service.AbstractService: Service:SessionManager is inited.
2024-05-01T00:31:47,021  INFO [main] service.AbstractService: Service:CLIService is inited.
2024-05-01T00:31:47,021  INFO [main] service.AbstractService: Service:OperationManager is started.
2024-05-01T00:31:47,021  INFO [main] service.AbstractService: Service:SessionManager is started.
2024-05-01T00:31:47,021  INFO [main] service.AbstractService: Service:CLIService is started.
2024-05-01T00:31:47,021  INFO [main] service.AbstractService: Service:ThriftBinaryCLIService is inited.
2024-05-01T00:31:47,021  INFO [main] thrift.ThriftCLIService: Client protocol version: HIVE_CLI_SERVICE_PROTOCOL_V10
2024-05-01T00:31:47,022  INFO [main] thrift.ThriftCLIService: Creating Hive session handle for user [null] from IP null
2024-05-01T00:31:47,023  INFO [main] DependencyResolver: ivysettings.xml file not found in HIVE_HOME or HIVE_CONF_DIR,/home/alex/Repositories/hive/conf/ivysettings.xml will be used
2024-05-01T00:31:47,032  INFO [main] session.SessionState: Created HDFS directory: /tmp/hive/alex/280a67e1-5f8e-491d-8642-79bdfdb7fa83
2024-05-01T00:31:47,036  INFO [main] session.SessionState: Created local directory: /home/alex/Repositories/hive/beeline/target/tmp/alex/280a67e1-5f8e-491d-8642-79bdfdb7fa83
2024-05-01T00:31:47,040  INFO [main] session.SessionState: Created HDFS directory: /tmp/hive/alex/280a67e1-5f8e-491d-8642-79bdfdb7fa83/_tmp_space.db
2024-05-01T00:31:47,040  INFO [main] session.SessionState: Reloading auxiliary JAR files
2024-05-01T00:31:47,040  WARN [main] session.SessionState: Configuration hive.reloadable.aux.jars.path not specified
2024-05-01T00:31:47,040  INFO [main] HiveMetaStore.audit: ugi=alex	ip=unknown-ip-addr	cmd=Cleaning up thread local RawStore...	
2024-05-01T00:31:47,041  INFO [main] metastore.ObjectStore: RawStore: org.apache.hadoop.hive.metastore.ObjectStore@6ce15112, with PersistenceManager: org.datanucleus.api.jdo.JDOPersistenceManager@ba4f370 will be shutdown
2024-05-01T00:31:47,041  INFO [main] HiveMetaStore.audit: ugi=alex	ip=unknown-ip-addr	cmd=Done cleaning up thread local RawStore	
2024-05-01T00:31:47,041  INFO [main] metastore.HiveMetaStoreClient: Closed a connection to metastore, current connections: -3
2024-05-01T00:31:47,041  INFO [main] session.HiveSessionImpl: Operation log session directory is created: /home/alex/Repositories/hive/beeline/target/tmp/alex/operation_logs/280a67e1-5f8e-491d-8642-79bdfdb7fa83
2024-05-01T00:31:47,041  INFO [main] service.CompositeService: Session opened, SessionHandle [280a67e1-5f8e-491d-8642-79bdfdb7fa83], current sessions:1
2024-05-01T00:31:47,041  INFO [main] thrift.ThriftCLIService: Login attempt is successful for user : null
2024-05-01T00:31:47,102  WARN [main] conf.HiveConf: HiveConf of name hive.dummyparam.test.server.specific.config.override does not exist
2024-05-01T00:31:47,102  WARN [main] conf.HiveConf: HiveConf of name hive.dummyparam.test.server.specific.config.hiveserver2site does not exist
2024-05-01T00:31:47,102  WARN [main] conf.HiveConf: HiveConf of name hive.dummyparam.test.server.specific.config.metastoresite does not exist
2024-05-01T00:31:47,103  INFO [280a67e1-5f8e-491d-8642-79bdfdb7fa83 main] session.HiveSessionImpl: executing set
2024-05-01T00:31:47,104  INFO [280a67e1-5f8e-491d-8642-79bdfdb7fa83 main] operation.HiveCommandOperation: Putting temp output to file /home/alex/Repositories/hive/beeline/target/tmp/alex/280a67e1-5f8e-491d-8642-79bdfdb7fa835779737981955093263.pipeout and error output to file /home/alex/Repositories/hive/beeline/target/tmp/alex/280a67e1-5f8e-491d-8642-79bdfdb7fa836260782379065868961.pipeout
2024-05-01T00:31:47,104  INFO [280a67e1-5f8e-491d-8642-79bdfdb7fa83 main] operation.OperationManager: Adding operation: OperationHandle [opType=EXECUTE_STATEMENT, getHandleIdentifier()=61ff8a2c-2082-4415-81ac-6a143847e0fc] SessionHandle [280a67e1-5f8e-491d-8642-79bdfdb7fa83]
2024-05-01T00:31:47,104  INFO [280a67e1-5f8e-491d-8642-79bdfdb7fa83 main] common.LogUtils: Thread context registration is done.
DEBUG StatusLogger Building Plugin[name=filter, class=org.apache.hadoop.hive.ql.log.LogDivertAppender$NameFilter].
DEBUG StatusLogger createFilter(loggingLevel="EXECUTION")
DEBUG StatusLogger Building Plugin[name=layout, class=org.apache.logging.log4j.core.layout.PatternLayout].
DEBUG StatusLogger PatternLayout$Builder(pattern="%-5p : %m%n", PatternSelector=null, Configuration(HiveLog4j2Test), Replace=null, charset="null", alwaysWriteExceptions="null", disableAnsi="null", noConsoleNoAnsi="null", header="null", footer="null")
DEBUG StatusLogger Building Plugin[name=appender, class=org.apache.hadoop.hive.ql.log.HushableRandomAccessFileAppender].
DEBUG StatusLogger createAppender(fileName="/home/alex/Repositories/hive/beeline/target/tmp/alex/operation_logs/280a67e1-5f8e-491d-8642-79bdfdb7fa83/alex_20240501003147_9039a66f-213c-4e5a-9bbf-819490e15d88", append="null", name="query-file-appender", immediateFlush="null", bufferSize="null", ignoreExceptions="null", PatternLayout(org.apache.logging.log4j.core.layout.PatternLayout with name PatternLayout), NameFilter(org.apache.hadoop.hive.ql.log.LogDivertAppender$NameFilter with name NameFilter), advertise="null", advertiseURI="null", Configuration(HiveLog4j2Test))
DEBUG StatusLogger Starting RandomAccessFileManager /home/alex/Repositories/hive/beeline/target/tmp/alex/operation_logs/280a67e1-5f8e-491d-8642-79bdfdb7fa83/alex_20240501003147_9039a66f-213c-4e5a-9bbf-819490e15d88
DEBUG StatusLogger Building Plugin[name=, class=org.apache.hadoop.hive.ql.log.LogDivertAppenderForTest$TestFilter].
DEBUG StatusLogger createFilter()
DEBUG StatusLogger Building Plugin[name=, class=org.apache.logging.log4j.core.layout.PatternLayout].
DEBUG StatusLogger PatternLayout$Builder(pattern="%-5p : %m%n", PatternSelector=null, Configuration(HiveLog4j2Test), Replace=null, charset="null", alwaysWriteExceptions="null", disableAnsi="null", noConsoleNoAnsi="null", header="null", footer="null")
DEBUG StatusLogger Building Plugin[name=appender, class=org.apache.hadoop.hive.ql.log.HushableRandomAccessFileAppender].
DEBUG StatusLogger createAppender(fileName="/home/alex/Repositories/hive/beeline/target/tmp/alex/operation_logs/280a67e1-5f8e-491d-8642-79bdfdb7fa83/alex_20240501003147_9039a66f-213c-4e5a-9bbf-819490e15d88.test", append="null", name="test-query-file-appender", immediateFlush="null", bufferSize="null", ignoreExceptions="null", PatternLayout(org.apache.logging.log4j.core.layout.PatternLayout with name PatternLayout), test-filter(org.apache.hadoop.hive.ql.log.LogDivertAppenderForTest$TestFilter with name test-filter), advertise="null", advertiseURI="null", Configuration(HiveLog4j2Test))
DEBUG StatusLogger Starting RandomAccessFileManager /home/alex/Repositories/hive/beeline/target/tmp/alex/operation_logs/280a67e1-5f8e-491d-8642-79bdfdb7fa83/alex_20240501003147_9039a66f-213c-4e5a-9bbf-819490e15d88.test
2024-05-01T00:31:47,110  INFO [280a67e1-5f8e-491d-8642-79bdfdb7fa83 main] operation.HiveCommandOperation: [opType=EXECUTE_STATEMENT, queryId=alex_20240501003147_9039a66f-213c-4e5a-9bbf-819490e15d88, startTime=1714548707103, sessionId=280a67e1-5f8e-491d-8642-79bdfdb7fa83, createTime=1714548707022, userName=null, ipAddress=null]
2024-05-01T00:31:47,122  INFO [280a67e1-5f8e-491d-8642-79bdfdb7fa83 main] common.LogUtils: Unregistered logging context.
2024-05-01T00:31:47,127  INFO [280a67e1-5f8e-491d-8642-79bdfdb7fa83 main] operation.OperationManager: Closing operation: OperationHandle [opType=EXECUTE_STATEMENT, getHandleIdentifier()=61ff8a2c-2082-4415-81ac-6a143847e0fc]
2024-05-01T00:31:47,127  INFO [280a67e1-5f8e-491d-8642-79bdfdb7fa83 main] operation.OperationManager: Removed queryId: alex_20240501003147_9039a66f-213c-4e5a-9bbf-819490e15d88 corresponding to operation: OperationHandle [opType=EXECUTE_STATEMENT, getHandleIdentifier()=61ff8a2c-2082-4415-81ac-6a143847e0fc] with tag: null
2024-05-01T00:31:47,128  INFO [280a67e1-5f8e-491d-8642-79bdfdb7fa83 main] operation.HiveCommandOperation: Closing operation log /home/alex/Repositories/hive/beeline/target/tmp/alex/operation_logs/280a67e1-5f8e-491d-8642-79bdfdb7fa83/alex_20240501003147_9039a66f-213c-4e5a-9bbf-819490e15d88 without delay
2024-05-01T00:31:47,132  INFO [280a67e1-5f8e-491d-8642-79bdfdb7fa83 main] session.HiveSessionImpl: executing use test
2024-05-01T00:31:47,133  INFO [280a67e1-5f8e-491d-8642-79bdfdb7fa83 main] operation.OperationManager: Adding operation: OperationHandle [opType=EXECUTE_STATEMENT, getHandleIdentifier()=064b9e8a-6d17-4ca9-b806-1f50bb6fa6c1] SessionHandle [280a67e1-5f8e-491d-8642-79bdfdb7fa83]
2024-05-01T00:31:47,133  INFO [280a67e1-5f8e-491d-8642-79bdfdb7fa83 main] common.LogUtils: Thread context registration is done.
DEBUG StatusLogger Building Plugin[name=filter, class=org.apache.hadoop.hive.ql.log.LogDivertAppender$NameFilter].
DEBUG StatusLogger createFilter(loggingLevel="EXECUTION")
DEBUG StatusLogger Building Plugin[name=layout, class=org.apache.logging.log4j.core.layout.PatternLayout].
DEBUG StatusLogger PatternLayout$Builder(pattern="%-5p : %m%n", PatternSelector=null, Configuration(HiveLog4j2Test), Replace=null, charset="null", alwaysWriteExceptions="null", disableAnsi="null", noConsoleNoAnsi="null", header="null", footer="null")
DEBUG StatusLogger Building Plugin[name=appender, class=org.apache.hadoop.hive.ql.log.HushableRandomAccessFileAppender].
DEBUG StatusLogger createAppender(fileName="/home/alex/Repositories/hive/beeline/target/tmp/alex/operation_logs/280a67e1-5f8e-491d-8642-79bdfdb7fa83/alex_20240501003147_e600842d-e99a-48c0-bed1-61933207511b", append="null", name="query-file-appender", immediateFlush="null", bufferSize="null", ignoreExceptions="null", PatternLayout(org.apache.logging.log4j.core.layout.PatternLayout with name PatternLayout), NameFilter(org.apache.hadoop.hive.ql.log.LogDivertAppender$NameFilter with name NameFilter), advertise="null", advertiseURI="null", Configuration(HiveLog4j2Test))
DEBUG StatusLogger Starting RandomAccessFileManager /home/alex/Repositories/hive/beeline/target/tmp/alex/operation_logs/280a67e1-5f8e-491d-8642-79bdfdb7fa83/alex_20240501003147_e600842d-e99a-48c0-bed1-61933207511b
DEBUG StatusLogger Building Plugin[name=, class=org.apache.hadoop.hive.ql.log.LogDivertAppenderForTest$TestFilter].
DEBUG StatusLogger createFilter()
DEBUG StatusLogger Building Plugin[name=, class=org.apache.logging.log4j.core.layout.PatternLayout].
DEBUG StatusLogger PatternLayout$Builder(pattern="%-5p : %m%n", PatternSelector=null, Configuration(HiveLog4j2Test), Replace=null, charset="null", alwaysWriteExceptions="null", disableAnsi="null", noConsoleNoAnsi="null", header="null", footer="null")
DEBUG StatusLogger Building Plugin[name=appender, class=org.apache.hadoop.hive.ql.log.HushableRandomAccessFileAppender].
DEBUG StatusLogger createAppender(fileName="/home/alex/Repositories/hive/beeline/target/tmp/alex/operation_logs/280a67e1-5f8e-491d-8642-79bdfdb7fa83/alex_20240501003147_e600842d-e99a-48c0-bed1-61933207511b.test", append="null", name="test-query-file-appender", immediateFlush="null", bufferSize="null", ignoreExceptions="null", PatternLayout(org.apache.logging.log4j.core.layout.PatternLayout with name PatternLayout), test-filter(org.apache.hadoop.hive.ql.log.LogDivertAppenderForTest$TestFilter with name test-filter), advertise="null", advertiseURI="null", Configuration(HiveLog4j2Test))
DEBUG StatusLogger Starting RandomAccessFileManager /home/alex/Repositories/hive/beeline/target/tmp/alex/operation_logs/280a67e1-5f8e-491d-8642-79bdfdb7fa83/alex_20240501003147_e600842d-e99a-48c0-bed1-61933207511b.test
2024-05-01T00:31:47,139  INFO [280a67e1-5f8e-491d-8642-79bdfdb7fa83 main] operation.SQLOperation: [opType=EXECUTE_STATEMENT, queryId=alex_20240501003147_e600842d-e99a-48c0-bed1-61933207511b, startTime=1714548707132, sessionId=280a67e1-5f8e-491d-8642-79bdfdb7fa83, createTime=1714548707022, userName=null, ipAddress=null]
2024-05-01T00:31:47,140  INFO [280a67e1-5f8e-491d-8642-79bdfdb7fa83 main] ql.Driver: Compiling command(queryId=alex_20240501003147_e600842d-e99a-48c0-bed1-61933207511b): use test
2024-05-01T00:31:47,142  INFO [280a67e1-5f8e-491d-8642-79bdfdb7fa83 main] metastore.HiveMetaStoreClient: HMS client filtering is enabled.
2024-05-01T00:31:47,143  INFO [280a67e1-5f8e-491d-8642-79bdfdb7fa83 main] metastore.HMSHandler: 0: Opening raw store with implementation class:org.apache.hadoop.hive.metastore.ObjectStore
2024-05-01T00:31:47,143  INFO [280a67e1-5f8e-491d-8642-79bdfdb7fa83 main] metastore.PersistenceManagerProvider: Configuration datanucleus.autoStartMechanismMode is not set. Defaulting to 'ignored'
2024-05-01T00:31:47,144  INFO [280a67e1-5f8e-491d-8642-79bdfdb7fa83 main] metastore.ObjectStore: RawStore: org.apache.hadoop.hive.metastore.ObjectStore@15586843, with PersistenceManager: null will be shutdown
2024-05-01T00:31:47,145  INFO [280a67e1-5f8e-491d-8642-79bdfdb7fa83 main] metastore.ObjectStore: RawStore: org.apache.hadoop.hive.metastore.ObjectStore@15586843, with PersistenceManager: org.datanucleus.api.jdo.JDOPersistenceManager@4fbb1144 created in the thread with id: 1
2024-05-01T00:31:47,150  INFO [280a67e1-5f8e-491d-8642-79bdfdb7fa83 main] metastore.HMSHandler: Created RawStore: org.apache.hadoop.hive.metastore.ObjectStore@15586843 from thread id: 1
2024-05-01T00:31:47,150  INFO [280a67e1-5f8e-491d-8642-79bdfdb7fa83 main] metastore.HMSHandler: HMS server filtering is disabled by configuration
2024-05-01T00:31:47,150  INFO [280a67e1-5f8e-491d-8642-79bdfdb7fa83 main] metastore.RetryingMetaStoreClient: RetryingMetaStoreClient proxy=class org.apache.hadoop.hive.ql.metadata.SessionHiveMetaStoreClient ugi=alex (auth:SIMPLE) retries=1 delay=1 lifetime=0
2024-05-01T00:31:47,152  INFO [280a67e1-5f8e-491d-8642-79bdfdb7fa83 main] HiveMetaStore.audit: ugi=alex	ip=unknown-ip-addr	cmd=get_database: test	
2024-05-01T00:31:47,161  INFO [280a67e1-5f8e-491d-8642-79bdfdb7fa83 main] ql.Driver: Semantic Analysis Completed (retrial = false)
2024-05-01T00:31:47,161  INFO [280a67e1-5f8e-491d-8642-79bdfdb7fa83 main] ql.Driver: Created Hive schema: Schema(fieldSchemas:null, properties:null)
2024-05-01T00:31:47,161  INFO [280a67e1-5f8e-491d-8642-79bdfdb7fa83 main] metadata.Hive: Dumping metastore api call timing information for : compilation phase
2024-05-01T00:31:47,161  INFO [280a67e1-5f8e-491d-8642-79bdfdb7fa83 main] metadata.Hive: Total time spent in each metastore function (ms): {isCompatibleWith_(Configuration)=0, getDatabase_(String)=9, flushCache_()=1}
2024-05-01T00:31:47,161  INFO [280a67e1-5f8e-491d-8642-79bdfdb7fa83 main] ql.Driver: Completed compiling command(queryId=alex_20240501003147_e600842d-e99a-48c0-bed1-61933207511b); Time taken: 0.021 seconds
2024-05-01T00:31:47,161  INFO [280a67e1-5f8e-491d-8642-79bdfdb7fa83 main] common.LogUtils: Unregistered logging context.
2024-05-01T00:31:47,162  INFO [HiveServer2-Background-Pool: Thread-113] common.LogUtils: Thread context registration is done.
2024-05-01T00:31:47,163  INFO [HiveServer2-Background-Pool: Thread-113] reexec.ReExecDriver: Execution #1 of query
2024-05-01T00:31:47,163  INFO [HiveServer2-Background-Pool: Thread-113] ql.Driver: Concurrency mode is disabled, not creating a lock manager
2024-05-01T00:31:47,163  INFO [HiveServer2-Background-Pool: Thread-113] ql.Driver: Executing command(queryId=alex_20240501003147_e600842d-e99a-48c0-bed1-61933207511b): use test
2024-05-01T00:31:47,164  INFO [HiveServer2-Background-Pool: Thread-113] ql.Driver: Starting task [Stage-0:DDL] in serial mode
2024-05-01T00:31:47,165  INFO [HiveServer2-Background-Pool: Thread-113] HiveMetaStore.audit: ugi=alex	ip=unknown-ip-addr	cmd=get_database: test	
2024-05-01T00:31:47,166  INFO [HiveServer2-Background-Pool: Thread-113] metastore.HMSHandler: 3: Opening raw store with implementation class:org.apache.hadoop.hive.metastore.ObjectStore
2024-05-01T00:31:47,167  INFO [HiveServer2-Background-Pool: Thread-113] metastore.ObjectStore: RawStore: org.apache.hadoop.hive.metastore.ObjectStore@296b595c, with PersistenceManager: null will be shutdown
2024-05-01T00:31:47,167  INFO [HiveServer2-Background-Pool: Thread-113] metastore.ObjectStore: RawStore: org.apache.hadoop.hive.metastore.ObjectStore@296b595c, with PersistenceManager: org.datanucleus.api.jdo.JDOPersistenceManager@6c69d215 created in the thread with id: 113
2024-05-01T00:31:47,171  INFO [HiveServer2-Background-Pool: Thread-113] metastore.HMSHandler: Created RawStore: org.apache.hadoop.hive.metastore.ObjectStore@296b595c from thread id: 113
2024-05-01T00:31:47,172  INFO [HiveServer2-Background-Pool: Thread-113] HiveMetaStore.audit: ugi=alex	ip=unknown-ip-addr	cmd=get_database: test	
2024-05-01T00:31:47,174  INFO [HiveServer2-Background-Pool: Thread-113] metadata.Hive: Dumping metastore api call timing information for : execution phase
2024-05-01T00:31:47,174  INFO [HiveServer2-Background-Pool: Thread-113] metadata.Hive: Total time spent in each metastore function (ms): {isCompatibleWith_(Configuration)=0, getDatabase_(String)=10}
2024-05-01T00:31:47,174  INFO [HiveServer2-Background-Pool: Thread-113] ql.Driver: Completed executing command(queryId=alex_20240501003147_e600842d-e99a-48c0-bed1-61933207511b); Time taken: 0.011 seconds
2024-05-01T00:31:47,174  INFO [HiveServer2-Background-Pool: Thread-113] common.LogUtils: Unregistered logging context.
2024-05-01T00:31:47,177  INFO [280a67e1-5f8e-491d-8642-79bdfdb7fa83 main] operation.OperationManager: Closing operation: OperationHandle [opType=EXECUTE_STATEMENT, getHandleIdentifier()=064b9e8a-6d17-4ca9-b806-1f50bb6fa6c1]
2024-05-01T00:31:47,177  INFO [280a67e1-5f8e-491d-8642-79bdfdb7fa83 main] operation.OperationManager: Removed queryId: alex_20240501003147_e600842d-e99a-48c0-bed1-61933207511b corresponding to operation: OperationHandle [opType=EXECUTE_STATEMENT, getHandleIdentifier()=064b9e8a-6d17-4ca9-b806-1f50bb6fa6c1] with tag: null
2024-05-01T00:31:47,178  INFO [280a67e1-5f8e-491d-8642-79bdfdb7fa83 main] operation.SQLOperation: Closing operation log /home/alex/Repositories/hive/beeline/target/tmp/alex/operation_logs/280a67e1-5f8e-491d-8642-79bdfdb7fa83/alex_20240501003147_e600842d-e99a-48c0-bed1-61933207511b without delay
2024-05-01T00:31:47,243  WARN [main] conf.HiveConf: HiveConf of name hive.dummyparam.test.server.specific.config.override does not exist
2024-05-01T00:31:47,244  WARN [main] conf.HiveConf: HiveConf of name hive.dummyparam.test.server.specific.config.hiveserver2site does not exist
2024-05-01T00:31:47,244  WARN [main] conf.HiveConf: HiveConf of name hive.dummyparam.test.server.specific.config.metastoresite does not exist
2024-05-01T00:31:47,245  INFO [280a67e1-5f8e-491d-8642-79bdfdb7fa83 main] session.HiveSessionImpl: executing set
2024-05-01T00:31:47,245  INFO [280a67e1-5f8e-491d-8642-79bdfdb7fa83 main] operation.HiveCommandOperation: Putting temp output to file /home/alex/Repositories/hive/beeline/target/tmp/alex/280a67e1-5f8e-491d-8642-79bdfdb7fa835779737981955093263.pipeout and error output to file /home/alex/Repositories/hive/beeline/target/tmp/alex/280a67e1-5f8e-491d-8642-79bdfdb7fa836260782379065868961.pipeout
2024-05-01T00:31:47,245  INFO [280a67e1-5f8e-491d-8642-79bdfdb7fa83 main] operation.OperationManager: Adding operation: OperationHandle [opType=EXECUTE_STATEMENT, getHandleIdentifier()=a3995e0d-2d32-4c13-8248-3b725e0dde5d] SessionHandle [280a67e1-5f8e-491d-8642-79bdfdb7fa83]
2024-05-01T00:31:47,246  INFO [280a67e1-5f8e-491d-8642-79bdfdb7fa83 main] common.LogUtils: Thread context registration is done.
DEBUG StatusLogger Building Plugin[name=filter, class=org.apache.hadoop.hive.ql.log.LogDivertAppender$NameFilter].
DEBUG StatusLogger createFilter(loggingLevel="EXECUTION")
DEBUG StatusLogger Building Plugin[name=layout, class=org.apache.logging.log4j.core.layout.PatternLayout].
DEBUG StatusLogger PatternLayout$Builder(pattern="%-5p : %m%n", PatternSelector=null, Configuration(HiveLog4j2Test), Replace=null, charset="null", alwaysWriteExceptions="null", disableAnsi="null", noConsoleNoAnsi="null", header="null", footer="null")
DEBUG StatusLogger Building Plugin[name=appender, class=org.apache.hadoop.hive.ql.log.HushableRandomAccessFileAppender].
DEBUG StatusLogger createAppender(fileName="/home/alex/Repositories/hive/beeline/target/tmp/alex/operation_logs/280a67e1-5f8e-491d-8642-79bdfdb7fa83/alex_20240501003147_90d6eeea-5709-43b0-ac00-a9201bd36d9c", append="null", name="query-file-appender", immediateFlush="null", bufferSize="null", ignoreExceptions="null", PatternLayout(org.apache.logging.log4j.core.layout.PatternLayout with name PatternLayout), NameFilter(org.apache.hadoop.hive.ql.log.LogDivertAppender$NameFilter with name NameFilter), advertise="null", advertiseURI="null", Configuration(HiveLog4j2Test))
DEBUG StatusLogger Starting RandomAccessFileManager /home/alex/Repositories/hive/beeline/target/tmp/alex/operation_logs/280a67e1-5f8e-491d-8642-79bdfdb7fa83/alex_20240501003147_90d6eeea-5709-43b0-ac00-a9201bd36d9c
DEBUG StatusLogger Building Plugin[name=, class=org.apache.hadoop.hive.ql.log.LogDivertAppenderForTest$TestFilter].
DEBUG StatusLogger createFilter()
DEBUG StatusLogger Building Plugin[name=, class=org.apache.logging.log4j.core.layout.PatternLayout].
DEBUG StatusLogger PatternLayout$Builder(pattern="%-5p : %m%n", PatternSelector=null, Configuration(HiveLog4j2Test), Replace=null, charset="null", alwaysWriteExceptions="null", disableAnsi="null", noConsoleNoAnsi="null", header="null", footer="null")
DEBUG StatusLogger Building Plugin[name=appender, class=org.apache.hadoop.hive.ql.log.HushableRandomAccessFileAppender].
DEBUG StatusLogger createAppender(fileName="/home/alex/Repositories/hive/beeline/target/tmp/alex/operation_logs/280a67e1-5f8e-491d-8642-79bdfdb7fa83/alex_20240501003147_90d6eeea-5709-43b0-ac00-a9201bd36d9c.test", append="null", name="test-query-file-appender", immediateFlush="null", bufferSize="null", ignoreExceptions="null", PatternLayout(org.apache.logging.log4j.core.layout.PatternLayout with name PatternLayout), test-filter(org.apache.hadoop.hive.ql.log.LogDivertAppenderForTest$TestFilter with name test-filter), advertise="null", advertiseURI="null", Configuration(HiveLog4j2Test))
DEBUG StatusLogger Starting RandomAccessFileManager /home/alex/Repositories/hive/beeline/target/tmp/alex/operation_logs/280a67e1-5f8e-491d-8642-79bdfdb7fa83/alex_20240501003147_90d6eeea-5709-43b0-ac00-a9201bd36d9c.test
2024-05-01T00:31:47,250  INFO [280a67e1-5f8e-491d-8642-79bdfdb7fa83 main] operation.HiveCommandOperation: [opType=EXECUTE_STATEMENT, queryId=alex_20240501003147_90d6eeea-5709-43b0-ac00-a9201bd36d9c, startTime=1714548707245, sessionId=280a67e1-5f8e-491d-8642-79bdfdb7fa83, createTime=1714548707022, userName=null, ipAddress=null]
2024-05-01T00:31:47,259  INFO [280a67e1-5f8e-491d-8642-79bdfdb7fa83 main] common.LogUtils: Unregistered logging context.
2024-05-01T00:31:47,266  INFO [280a67e1-5f8e-491d-8642-79bdfdb7fa83 main] operation.OperationManager: Closing operation: OperationHandle [opType=EXECUTE_STATEMENT, getHandleIdentifier()=a3995e0d-2d32-4c13-8248-3b725e0dde5d]
2024-05-01T00:31:47,266  INFO [280a67e1-5f8e-491d-8642-79bdfdb7fa83 main] operation.OperationManager: Removed queryId: alex_20240501003147_90d6eeea-5709-43b0-ac00-a9201bd36d9c corresponding to operation: OperationHandle [opType=EXECUTE_STATEMENT, getHandleIdentifier()=a3995e0d-2d32-4c13-8248-3b725e0dde5d] with tag: null
2024-05-01T00:31:47,266  INFO [280a67e1-5f8e-491d-8642-79bdfdb7fa83 main] operation.HiveCommandOperation: Closing operation log /home/alex/Repositories/hive/beeline/target/tmp/alex/operation_logs/280a67e1-5f8e-491d-8642-79bdfdb7fa83/alex_20240501003147_90d6eeea-5709-43b0-ac00-a9201bd36d9c without delay
2024-05-01T00:31:47,269  INFO [280a67e1-5f8e-491d-8642-79bdfdb7fa83 main] session.HiveSessionImpl: executing create table if not exists test.testSrcTbl3(sc3 string)
2024-05-01T00:31:47,271  INFO [280a67e1-5f8e-491d-8642-79bdfdb7fa83 main] operation.OperationManager: Adding operation: OperationHandle [opType=EXECUTE_STATEMENT, getHandleIdentifier()=56601188-fd2a-4592-b16f-c58c38a1bf93] SessionHandle [280a67e1-5f8e-491d-8642-79bdfdb7fa83]
2024-05-01T00:31:47,272  INFO [280a67e1-5f8e-491d-8642-79bdfdb7fa83 main] common.LogUtils: Thread context registration is done.
DEBUG StatusLogger Building Plugin[name=filter, class=org.apache.hadoop.hive.ql.log.LogDivertAppender$NameFilter].
DEBUG StatusLogger createFilter(loggingLevel="EXECUTION")
DEBUG StatusLogger Building Plugin[name=layout, class=org.apache.logging.log4j.core.layout.PatternLayout].
DEBUG StatusLogger PatternLayout$Builder(pattern="%-5p : %m%n", PatternSelector=null, Configuration(HiveLog4j2Test), Replace=null, charset="null", alwaysWriteExceptions="null", disableAnsi="null", noConsoleNoAnsi="null", header="null", footer="null")
DEBUG StatusLogger Building Plugin[name=appender, class=org.apache.hadoop.hive.ql.log.HushableRandomAccessFileAppender].
DEBUG StatusLogger createAppender(fileName="/home/alex/Repositories/hive/beeline/target/tmp/alex/operation_logs/280a67e1-5f8e-491d-8642-79bdfdb7fa83/alex_20240501003147_c8b9b20c-bc4d-4906-9d17-ded71a8b420e", append="null", name="query-file-appender", immediateFlush="null", bufferSize="null", ignoreExceptions="null", PatternLayout(org.apache.logging.log4j.core.layout.PatternLayout with name PatternLayout), NameFilter(org.apache.hadoop.hive.ql.log.LogDivertAppender$NameFilter with name NameFilter), advertise="null", advertiseURI="null", Configuration(HiveLog4j2Test))
DEBUG StatusLogger Starting RandomAccessFileManager /home/alex/Repositories/hive/beeline/target/tmp/alex/operation_logs/280a67e1-5f8e-491d-8642-79bdfdb7fa83/alex_20240501003147_c8b9b20c-bc4d-4906-9d17-ded71a8b420e
DEBUG StatusLogger Building Plugin[name=, class=org.apache.hadoop.hive.ql.log.LogDivertAppenderForTest$TestFilter].
DEBUG StatusLogger createFilter()
DEBUG StatusLogger Building Plugin[name=, class=org.apache.logging.log4j.core.layout.PatternLayout].
DEBUG StatusLogger PatternLayout$Builder(pattern="%-5p : %m%n", PatternSelector=null, Configuration(HiveLog4j2Test), Replace=null, charset="null", alwaysWriteExceptions="null", disableAnsi="null", noConsoleNoAnsi="null", header="null", footer="null")
DEBUG StatusLogger Building Plugin[name=appender, class=org.apache.hadoop.hive.ql.log.HushableRandomAccessFileAppender].
DEBUG StatusLogger createAppender(fileName="/home/alex/Repositories/hive/beeline/target/tmp/alex/operation_logs/280a67e1-5f8e-491d-8642-79bdfdb7fa83/alex_20240501003147_c8b9b20c-bc4d-4906-9d17-ded71a8b420e.test", append="null", name="test-query-file-appender", immediateFlush="null", bufferSize="null", ignoreExceptions="null", PatternLayout(org.apache.logging.log4j.core.layout.PatternLayout with name PatternLayout), test-filter(org.apache.hadoop.hive.ql.log.LogDivertAppenderForTest$TestFilter with name test-filter), advertise="null", advertiseURI="null", Configuration(HiveLog4j2Test))
DEBUG StatusLogger Starting RandomAccessFileManager /home/alex/Repositories/hive/beeline/target/tmp/alex/operation_logs/280a67e1-5f8e-491d-8642-79bdfdb7fa83/alex_20240501003147_c8b9b20c-bc4d-4906-9d17-ded71a8b420e.test
2024-05-01T00:31:47,277  INFO [280a67e1-5f8e-491d-8642-79bdfdb7fa83 main] operation.SQLOperation: [opType=EXECUTE_STATEMENT, queryId=alex_20240501003147_c8b9b20c-bc4d-4906-9d17-ded71a8b420e, startTime=1714548707269, sessionId=280a67e1-5f8e-491d-8642-79bdfdb7fa83, createTime=1714548707022, userName=null, ipAddress=null]
2024-05-01T00:31:47,278  INFO [280a67e1-5f8e-491d-8642-79bdfdb7fa83 main] ql.Driver: Compiling command(queryId=alex_20240501003147_c8b9b20c-bc4d-4906-9d17-ded71a8b420e): create table if not exists test.testSrcTbl3(sc3 string)
2024-05-01T00:31:47,377  INFO [280a67e1-5f8e-491d-8642-79bdfdb7fa83 main] parse.CalcitePlanner: Starting caching scope for: alex_20240501003147_c8b9b20c-bc4d-4906-9d17-ded71a8b420e
2024-05-01T00:31:47,382  INFO [280a67e1-5f8e-491d-8642-79bdfdb7fa83 main] parse.CalcitePlanner: Starting Semantic Analysis
2024-05-01T00:31:47,382  INFO [280a67e1-5f8e-491d-8642-79bdfdb7fa83 main] sqlstd.SQLStdHiveAccessController: Created SQLStdHiveAccessController for session context : HiveAuthzSessionContext [sessionString=280a67e1-5f8e-491d-8642-79bdfdb7fa83, clientType=HIVESERVER2]
2024-05-01T00:31:47,392  INFO [280a67e1-5f8e-491d-8642-79bdfdb7fa83 main] parse.CalcitePlanner: Creating table test.testSrcTbl3 position=27
2024-05-01T00:31:47,409  INFO [280a67e1-5f8e-491d-8642-79bdfdb7fa83 main] HiveMetaStore.audit: ugi=alex	ip=unknown-ip-addr	cmd=get_table : tbl=hive.test.testSrcTbl3	
2024-05-01T00:31:47,424  INFO [280a67e1-5f8e-491d-8642-79bdfdb7fa83 main] HiveMetaStore.audit: ugi=alex	ip=unknown-ip-addr	cmd=get_database: test	
2024-05-01T00:31:47,437  INFO [280a67e1-5f8e-491d-8642-79bdfdb7fa83 main] parse.CalcitePlanner: Ending caching scope for: alex_20240501003147_c8b9b20c-bc4d-4906-9d17-ded71a8b420e
2024-05-01T00:31:47,437  INFO [280a67e1-5f8e-491d-8642-79bdfdb7fa83 main] ql.Driver: Semantic Analysis Completed (retrial = false)
2024-05-01T00:31:47,438  INFO [280a67e1-5f8e-491d-8642-79bdfdb7fa83 main] ql.Driver: Created Hive schema: Schema(fieldSchemas:null, properties:null)
2024-05-01T00:31:47,438  INFO [280a67e1-5f8e-491d-8642-79bdfdb7fa83 main] metadata.Hive: Dumping metastore api call timing information for : compilation phase
2024-05-01T00:31:47,438  INFO [280a67e1-5f8e-491d-8642-79bdfdb7fa83 main] metadata.Hive: Total time spent in each metastore function (ms): {isCompatibleWith_(Configuration)=0, getDatabase_(String)=2, flushCache_()=0}
2024-05-01T00:31:47,438  INFO [280a67e1-5f8e-491d-8642-79bdfdb7fa83 main] ql.Driver: Completed compiling command(queryId=alex_20240501003147_c8b9b20c-bc4d-4906-9d17-ded71a8b420e); Time taken: 0.16 seconds
2024-05-01T00:31:47,438  INFO [280a67e1-5f8e-491d-8642-79bdfdb7fa83 main] common.LogUtils: Unregistered logging context.
2024-05-01T00:31:47,439  INFO [HiveServer2-Background-Pool: Thread-116] common.LogUtils: Thread context registration is done.
2024-05-01T00:31:47,440  INFO [HiveServer2-Background-Pool: Thread-116] reexec.ReExecDriver: Execution #1 of query
2024-05-01T00:31:47,440  INFO [HiveServer2-Background-Pool: Thread-116] ql.Driver: Concurrency mode is disabled, not creating a lock manager
2024-05-01T00:31:47,440  INFO [HiveServer2-Background-Pool: Thread-116] ql.Driver: Executing command(queryId=alex_20240501003147_c8b9b20c-bc4d-4906-9d17-ded71a8b420e): create table if not exists test.testSrcTbl3(sc3 string)
2024-05-01T00:31:47,441  INFO [HiveServer2-Background-Pool: Thread-116] ql.Driver: Starting task [Stage-0:DDL] in serial mode
2024-05-01T00:31:47,552  INFO [HiveServer2-Background-Pool: Thread-116] HiveMetaStore.audit: ugi=alex	ip=unknown-ip-addr	cmd=create_table_req: Table(tableName:testSrcTbl3, dbName:test, owner:alex, createTime:1714548707, lastAccessTime:0, retention:0, sd:StorageDescriptor(cols:[FieldSchema(name:sc3, type:string, comment:null)], location:null, inputFormat:org.apache.hadoop.mapred.TextInputFormat, outputFormat:org.apache.hadoop.hive.ql.io.HiveIgnoreKeyTextOutputFormat, compressed:false, numBuckets:-1, serdeInfo:SerDeInfo(name:null, serializationLib:org.apache.hadoop.hive.serde2.lazy.LazySimpleSerDe, parameters:{serialization.format=1}), bucketCols:[], sortCols:[], parameters:{}, skewedInfo:SkewedInfo(skewedColNames:[], skewedColValues:[], skewedColValueLocationMaps:{}), storedAsSubDirectories:false), partitionKeys:[], parameters:{totalSize=0, numRows=0, rawDataSize=0, COLUMN_STATS_ACCURATE={"BASIC_STATS":"true","COLUMN_STATS":{"sc3":"true"}}, numFiles=0, bucketing_version=2, numFilesErasureCoded=0}, viewOriginalText:null, viewExpandedText:null, tableType:MANAGED_TABLE, privileges:PrincipalPrivilegeSet(userPrivileges:{alex=[PrivilegeGrantInfo(privilege:INSERT, createTime:-1, grantor:alex, grantorType:USER, grantOption:true), PrivilegeGrantInfo(privilege:SELECT, createTime:-1, grantor:alex, grantorType:USER, grantOption:true), PrivilegeGrantInfo(privilege:UPDATE, createTime:-1, grantor:alex, grantorType:USER, grantOption:true), PrivilegeGrantInfo(privilege:DELETE, createTime:-1, grantor:alex, grantorType:USER, grantOption:true)]}, groupPrivileges:null, rolePrivileges:null), temporary:false, catName:hive, ownerType:USER)	
2024-05-01T00:31:47,553  INFO [HiveServer2-Background-Pool: Thread-116] metastore.HMSHandler: 4: Opening raw store with implementation class:org.apache.hadoop.hive.metastore.ObjectStore
2024-05-01T00:31:47,554  INFO [HiveServer2-Background-Pool: Thread-116] metastore.ObjectStore: RawStore: org.apache.hadoop.hive.metastore.ObjectStore@935da86, with PersistenceManager: null will be shutdown
2024-05-01T00:31:47,554  INFO [HiveServer2-Background-Pool: Thread-116] metastore.ObjectStore: RawStore: org.apache.hadoop.hive.metastore.ObjectStore@935da86, with PersistenceManager: org.datanucleus.api.jdo.JDOPersistenceManager@283439f2 created in the thread with id: 116
2024-05-01T00:31:47,559  INFO [HiveServer2-Background-Pool: Thread-116] metastore.HMSHandler: Created RawStore: org.apache.hadoop.hive.metastore.ObjectStore@935da86 from thread id: 116
2024-05-01T00:31:47,565  INFO [HiveServer2-Background-Pool: Thread-116] utils.FileUtils: Creating directory if it doesn't exist: file:/home/alex/Repositories/hive/beeline/target/tmp/warehouse/test.db/testsrctbl3
2024-05-01T00:31:47,719  INFO [HiveServer2-Background-Pool: Thread-116] metadata.Hive: Dumping metastore api call timing information for : execution phase
2024-05-01T00:31:47,719  INFO [HiveServer2-Background-Pool: Thread-116] metadata.Hive: Total time spent in each metastore function (ms): {isCompatibleWith_(Configuration)=0, createTable_(Table)=166}
2024-05-01T00:31:47,719  INFO [HiveServer2-Background-Pool: Thread-116] ql.Driver: Completed executing command(queryId=alex_20240501003147_c8b9b20c-bc4d-4906-9d17-ded71a8b420e); Time taken: 0.279 seconds
2024-05-01T00:31:47,720  INFO [HiveServer2-Background-Pool: Thread-116] common.LogUtils: Unregistered logging context.
2024-05-01T00:31:47,722  INFO [280a67e1-5f8e-491d-8642-79bdfdb7fa83 main] operation.OperationManager: Closing operation: OperationHandle [opType=EXECUTE_STATEMENT, getHandleIdentifier()=56601188-fd2a-4592-b16f-c58c38a1bf93]
2024-05-01T00:31:47,722  INFO [280a67e1-5f8e-491d-8642-79bdfdb7fa83 main] operation.OperationManager: Removed queryId: alex_20240501003147_c8b9b20c-bc4d-4906-9d17-ded71a8b420e corresponding to operation: OperationHandle [opType=EXECUTE_STATEMENT, getHandleIdentifier()=56601188-fd2a-4592-b16f-c58c38a1bf93] with tag: null
2024-05-01T00:31:47,722  INFO [280a67e1-5f8e-491d-8642-79bdfdb7fa83 main] operation.SQLOperation: Closing operation log /home/alex/Repositories/hive/beeline/target/tmp/alex/operation_logs/280a67e1-5f8e-491d-8642-79bdfdb7fa83/alex_20240501003147_c8b9b20c-bc4d-4906-9d17-ded71a8b420e without delay
2024-05-01T00:31:47,727  INFO [main] service.CompositeService: Session closed, SessionHandle [280a67e1-5f8e-491d-8642-79bdfdb7fa83], current sessions:0
2024-05-01T00:31:47,728  INFO [280a67e1-5f8e-491d-8642-79bdfdb7fa83 main] session.HiveSessionImpl: Operation log session directory is deleted: /home/alex/Repositories/hive/beeline/target/tmp/alex/operation_logs/280a67e1-5f8e-491d-8642-79bdfdb7fa83
2024-05-01T00:31:47,728  INFO [main] cleanup.EventualCleanupService: Delete /tmp/hive/alex/280a67e1-5f8e-491d-8642-79bdfdb7fa83 operation was queued
2024-05-01T00:31:47,728  INFO [main] cleanup.EventualCleanupService: Delete /home/alex/Repositories/hive/beeline/target/tmp/alex/280a67e1-5f8e-491d-8642-79bdfdb7fa83 operation was queued
2024-05-01T00:31:47,728  INFO [EventualCleanupService thread 0] cleanup.EventualCleanupService: Deleted /tmp/hive/alex/280a67e1-5f8e-491d-8642-79bdfdb7fa83
2024-05-01T00:31:47,728  INFO [EventualCleanupService thread 1] cleanup.EventualCleanupService: Deleted /home/alex/Repositories/hive/beeline/target/tmp/alex/280a67e1-5f8e-491d-8642-79bdfdb7fa83
2024-05-01T00:31:47,729  INFO [main] HiveMetaStore.audit: ugi=alex	ip=unknown-ip-addr	cmd=Cleaning up thread local RawStore...	
2024-05-01T00:31:47,729  INFO [main] metastore.ObjectStore: RawStore: org.apache.hadoop.hive.metastore.ObjectStore@15586843, with PersistenceManager: org.datanucleus.api.jdo.JDOPersistenceManager@4fbb1144 will be shutdown
2024-05-01T00:31:47,730  INFO [main] HiveMetaStore.audit: ugi=alex	ip=unknown-ip-addr	cmd=Done cleaning up thread local RawStore	
2024-05-01T00:31:47,730  INFO [main] metastore.HiveMetaStoreClient: Closed a connection to metastore, current connections: -4
]]></system-err>
  </testcase>
  <testcase name="testSourceCmd3" classname="org.apache.hive.beeline.cli.TestHiveCli" time="0.621">
    <failure type="java.lang.AssertionError"><![CDATA[java.lang.AssertionError: Supported return code is 2 while the actual is 0
	at org.junit.Assert.fail(Assert.java:89)
	at org.apache.hive.beeline.cli.TestHiveCli.executeCMD(TestHiveCli.java:256)
	at org.apache.hive.beeline.cli.TestHiveCli.verifyCMD(TestHiveCli.java:266)
	at org.apache.hive.beeline.cli.TestHiveCli.testSourceCmd3(TestHiveCli.java:130)
	at sun.reflect.NativeMethodAccessorImpl.invoke0(Native Method)
	at sun.reflect.NativeMethodAccessorImpl.invoke(NativeMethodAccessorImpl.java:62)
	at sun.reflect.DelegatingMethodAccessorImpl.invoke(DelegatingMethodAccessorImpl.java:43)
	at java.lang.reflect.Method.invoke(Method.java:498)
	at org.junit.runners.model.FrameworkMethod$1.runReflectiveCall(FrameworkMethod.java:59)
	at org.junit.internal.runners.model.ReflectiveCallable.run(ReflectiveCallable.java:12)
	at org.junit.runners.model.FrameworkMethod.invokeExplosively(FrameworkMethod.java:56)
	at org.junit.internal.runners.statements.InvokeMethod.evaluate(InvokeMethod.java:17)
	at org.junit.internal.runners.statements.RunBefores.evaluate(RunBefores.java:26)
	at org.junit.internal.runners.statements.RunAfters.evaluate(RunAfters.java:27)
	at org.junit.runners.ParentRunner$3.evaluate(ParentRunner.java:306)
	at org.junit.runners.BlockJUnit4ClassRunner$1.evaluate(BlockJUnit4ClassRunner.java:100)
	at org.junit.runners.ParentRunner.runLeaf(ParentRunner.java:366)
	at org.junit.runners.BlockJUnit4ClassRunner.runChild(BlockJUnit4ClassRunner.java:103)
	at org.junit.runners.BlockJUnit4ClassRunner.runChild(BlockJUnit4ClassRunner.java:63)
	at org.junit.runners.ParentRunner$4.run(ParentRunner.java:331)
	at org.junit.runners.ParentRunner$1.schedule(ParentRunner.java:79)
	at org.junit.runners.ParentRunner.runChildren(ParentRunner.java:329)
	at org.junit.runners.ParentRunner.access$100(ParentRunner.java:66)
	at org.junit.runners.ParentRunner$2.evaluate(ParentRunner.java:293)
	at org.junit.internal.runners.statements.RunBefores.evaluate(RunBefores.java:26)
	at org.junit.runners.ParentRunner$3.evaluate(ParentRunner.java:306)
	at org.junit.runners.ParentRunner.run(ParentRunner.java:413)
	at org.junit.runner.JUnitCore.run(JUnitCore.java:137)
	at org.junit.runner.JUnitCore.run(JUnitCore.java:115)
	at org.junit.vintage.engine.execution.RunnerExecutor.execute(RunnerExecutor.java:43)
	at java.util.stream.ForEachOps$ForEachOp$OfRef.accept(ForEachOps.java:183)
	at java.util.stream.ReferencePipeline$3$1.accept(ReferencePipeline.java:193)
	at java.util.Iterator.forEachRemaining(Iterator.java:116)
	at java.util.Spliterators$IteratorSpliterator.forEachRemaining(Spliterators.java:1801)
	at java.util.stream.AbstractPipeline.copyInto(AbstractPipeline.java:482)
	at java.util.stream.AbstractPipeline.wrapAndCopyInto(AbstractPipeline.java:472)
	at java.util.stream.ForEachOps$ForEachOp.evaluateSequential(ForEachOps.java:150)
	at java.util.stream.ForEachOps$ForEachOp$OfRef.evaluateSequential(ForEachOps.java:173)
	at java.util.stream.AbstractPipeline.evaluate(AbstractPipeline.java:234)
	at java.util.stream.ReferencePipeline.forEach(ReferencePipeline.java:485)
	at org.junit.vintage.engine.VintageTestEngine.executeAllChildren(VintageTestEngine.java:82)
	at org.junit.vintage.engine.VintageTestEngine.execute(VintageTestEngine.java:73)
	at org.junit.platform.launcher.core.DefaultLauncher.execute(DefaultLauncher.java:248)
	at org.junit.platform.launcher.core.DefaultLauncher.lambda$execute$5(DefaultLauncher.java:211)
	at org.junit.platform.launcher.core.DefaultLauncher.withInterceptedStreams(DefaultLauncher.java:226)
	at org.junit.platform.launcher.core.DefaultLauncher.execute(DefaultLauncher.java:199)
	at org.junit.platform.launcher.core.DefaultLauncher.execute(DefaultLauncher.java:132)
	at org.apache.maven.surefire.junitplatform.JUnitPlatformProvider.invokeAllTests(JUnitPlatformProvider.java:154)
	at org.apache.maven.surefire.junitplatform.JUnitPlatformProvider.invoke(JUnitPlatformProvider.java:123)
	at org.apache.maven.surefire.booter.ForkedBooter.runSuitesInProcess(ForkedBooter.java:377)
	at org.apache.maven.surefire.booter.ForkedBooter.execute(ForkedBooter.java:138)
	at org.apache.maven.surefire.booter.ForkedBooter.run(ForkedBooter.java:465)
	at org.apache.maven.surefire.booter.ForkedBooter.main(ForkedBooter.java:451)
]]></failure>
    <system-err><![CDATA[2024-05-01T00:31:47,731 ERROR [main] cli.TestHiveCli: Failed to execute command due to the error: java.lang.NullPointerException: Null output stream
2024-05-01T00:31:47,785  WARN [main] conf.HiveConf: HiveConf of name hive.dummyparam.test.server.specific.config.override does not exist
2024-05-01T00:31:47,785  WARN [main] conf.HiveConf: HiveConf of name hive.dummyparam.test.server.specific.config.hiveserver2site does not exist
2024-05-01T00:31:47,785  WARN [main] conf.HiveConf: HiveConf of name hive.dummyparam.test.server.specific.config.metastoresite does not exist
2024-05-01T00:31:47,786  INFO [main] SessionState: Hive Session ID = 5eb6fe09-d302-4a8a-af1e-8547fcce31f9
2024-05-01T00:31:47,786  INFO [main] DependencyResolver: ivysettings.xml file not found in HIVE_HOME or HIVE_CONF_DIR,/home/alex/Repositories/hive/conf/ivysettings.xml will be used
2024-05-01T00:31:47,795  INFO [main] session.SessionState: Created HDFS directory: /tmp/hive/alex/5eb6fe09-d302-4a8a-af1e-8547fcce31f9
2024-05-01T00:31:47,798  INFO [main] session.SessionState: Created local directory: /home/alex/Repositories/hive/beeline/target/tmp/alex/5eb6fe09-d302-4a8a-af1e-8547fcce31f9
2024-05-01T00:31:47,802  INFO [main] session.SessionState: Created HDFS directory: /tmp/hive/alex/5eb6fe09-d302-4a8a-af1e-8547fcce31f9/_tmp_space.db
2024-05-01T00:31:47,802  INFO [main] sqlstd.SQLStdHiveAccessController: Created SQLStdHiveAccessController for session context : HiveAuthzSessionContext [sessionString=5eb6fe09-d302-4a8a-af1e-8547fcce31f9, clientType=HIVESERVER2]
2024-05-01T00:31:47,803  INFO [main] metastore.HiveMetaStoreClient: HMS client filtering is enabled.
2024-05-01T00:31:47,804  INFO [main] metastore.HMSHandler: 0: Opening raw store with implementation class:org.apache.hadoop.hive.metastore.ObjectStore
2024-05-01T00:31:47,804  INFO [main] metastore.PersistenceManagerProvider: Configuration datanucleus.autoStartMechanismMode is not set. Defaulting to 'ignored'
2024-05-01T00:31:47,804  INFO [main] metastore.ObjectStore: RawStore: org.apache.hadoop.hive.metastore.ObjectStore@2712e8f4, with PersistenceManager: null will be shutdown
2024-05-01T00:31:47,804  INFO [main] metastore.ObjectStore: RawStore: org.apache.hadoop.hive.metastore.ObjectStore@2712e8f4, with PersistenceManager: org.datanucleus.api.jdo.JDOPersistenceManager@5896cb9c created in the thread with id: 1
2024-05-01T00:31:47,815  INFO [main] metastore.HMSHandler: Created RawStore: org.apache.hadoop.hive.metastore.ObjectStore@2712e8f4 from thread id: 1
2024-05-01T00:31:47,815  INFO [main] metastore.HMSHandler: HMS server filtering is disabled by configuration
2024-05-01T00:31:47,816  INFO [main] metastore.RetryingMetaStoreClient: RetryingMetaStoreClient proxy=class org.apache.hadoop.hive.ql.metadata.SessionHiveMetaStoreClient ugi=alex (auth:SIMPLE) retries=1 delay=1 lifetime=0
2024-05-01T00:31:47,816  INFO [main] service.CompositeService: Operation log root directory is created: /home/alex/Repositories/hive/beeline/target/tmp/alex/operation_logs
2024-05-01T00:31:47,816  INFO [main] service.CompositeService: HiveServer2: Background operation thread pool size: 100
2024-05-01T00:31:47,816  INFO [main] service.CompositeService: HiveServer2: Background operation thread wait queue size: 100
2024-05-01T00:31:47,816  INFO [main] service.CompositeService: HiveServer2: Background operation thread keepalive time: 10 seconds
2024-05-01T00:31:47,816  INFO [main] service.CompositeService: Connections limit are user: 0 ipaddress: 0 user-ipaddress: 0
2024-05-01T00:31:47,818  INFO [main] cleanup.EventualCleanupService: EventualCleanupService started with 10 threads and queue of size 10000
ERROR StatusLogger Log4j2 ConfigurationScheduler attempted to increment scheduled items after start
ERROR StatusLogger Log4j2 ConfigurationScheduler attempted to increment scheduled items after start
2024-05-01T00:31:47,820  INFO [main] service.AbstractService: Service:OperationManager is inited.
2024-05-01T00:31:47,820  INFO [main] service.AbstractService: Service:SessionManager is inited.
2024-05-01T00:31:47,820  INFO [main] service.AbstractService: Service:CLIService is inited.
2024-05-01T00:31:47,820  INFO [main] service.AbstractService: Service:OperationManager is started.
2024-05-01T00:31:47,820  INFO [main] service.AbstractService: Service:SessionManager is started.
2024-05-01T00:31:47,820  INFO [main] service.AbstractService: Service:CLIService is started.
2024-05-01T00:31:47,820  INFO [main] service.AbstractService: Service:ThriftBinaryCLIService is inited.
2024-05-01T00:31:47,821  INFO [main] thrift.ThriftCLIService: Client protocol version: HIVE_CLI_SERVICE_PROTOCOL_V10
2024-05-01T00:31:47,821  INFO [main] thrift.ThriftCLIService: Creating Hive session handle for user [null] from IP null
2024-05-01T00:31:47,822  INFO [main] DependencyResolver: ivysettings.xml file not found in HIVE_HOME or HIVE_CONF_DIR,/home/alex/Repositories/hive/conf/ivysettings.xml will be used
2024-05-01T00:31:47,831  INFO [main] session.SessionState: Created HDFS directory: /tmp/hive/alex/d2aa81b4-f10b-4507-805c-b0416d39517c
2024-05-01T00:31:47,835  INFO [main] session.SessionState: Created local directory: /home/alex/Repositories/hive/beeline/target/tmp/alex/d2aa81b4-f10b-4507-805c-b0416d39517c
2024-05-01T00:31:47,838  INFO [main] session.SessionState: Created HDFS directory: /tmp/hive/alex/d2aa81b4-f10b-4507-805c-b0416d39517c/_tmp_space.db
2024-05-01T00:31:47,839  INFO [main] session.SessionState: Reloading auxiliary JAR files
2024-05-01T00:31:47,839  WARN [main] session.SessionState: Configuration hive.reloadable.aux.jars.path not specified
2024-05-01T00:31:47,839  INFO [main] HiveMetaStore.audit: ugi=alex	ip=unknown-ip-addr	cmd=Cleaning up thread local RawStore...	
2024-05-01T00:31:47,839  INFO [main] metastore.ObjectStore: RawStore: org.apache.hadoop.hive.metastore.ObjectStore@2712e8f4, with PersistenceManager: org.datanucleus.api.jdo.JDOPersistenceManager@5896cb9c will be shutdown
2024-05-01T00:31:47,840  INFO [main] HiveMetaStore.audit: ugi=alex	ip=unknown-ip-addr	cmd=Done cleaning up thread local RawStore	
2024-05-01T00:31:47,840  INFO [main] metastore.HiveMetaStoreClient: Closed a connection to metastore, current connections: -5
2024-05-01T00:31:47,840  INFO [main] session.HiveSessionImpl: Operation log session directory is created: /home/alex/Repositories/hive/beeline/target/tmp/alex/operation_logs/d2aa81b4-f10b-4507-805c-b0416d39517c
2024-05-01T00:31:47,840  INFO [main] service.CompositeService: Session opened, SessionHandle [d2aa81b4-f10b-4507-805c-b0416d39517c], current sessions:1
2024-05-01T00:31:47,840  INFO [main] thrift.ThriftCLIService: Login attempt is successful for user : null
2024-05-01T00:31:47,893  WARN [main] conf.HiveConf: HiveConf of name hive.dummyparam.test.server.specific.config.override does not exist
2024-05-01T00:31:47,893  WARN [main] conf.HiveConf: HiveConf of name hive.dummyparam.test.server.specific.config.hiveserver2site does not exist
2024-05-01T00:31:47,893  WARN [main] conf.HiveConf: HiveConf of name hive.dummyparam.test.server.specific.config.metastoresite does not exist
2024-05-01T00:31:47,894  INFO [d2aa81b4-f10b-4507-805c-b0416d39517c main] session.HiveSessionImpl: executing set
2024-05-01T00:31:47,894  INFO [d2aa81b4-f10b-4507-805c-b0416d39517c main] operation.HiveCommandOperation: Putting temp output to file /home/alex/Repositories/hive/beeline/target/tmp/alex/d2aa81b4-f10b-4507-805c-b0416d39517c7816445376334058834.pipeout and error output to file /home/alex/Repositories/hive/beeline/target/tmp/alex/d2aa81b4-f10b-4507-805c-b0416d39517c5063980559983273678.pipeout
2024-05-01T00:31:47,895  INFO [d2aa81b4-f10b-4507-805c-b0416d39517c main] operation.OperationManager: Adding operation: OperationHandle [opType=EXECUTE_STATEMENT, getHandleIdentifier()=5d61b99c-0d85-4888-8672-a7e6e947c1a8] SessionHandle [d2aa81b4-f10b-4507-805c-b0416d39517c]
2024-05-01T00:31:47,895  INFO [d2aa81b4-f10b-4507-805c-b0416d39517c main] common.LogUtils: Thread context registration is done.
DEBUG StatusLogger Building Plugin[name=filter, class=org.apache.hadoop.hive.ql.log.LogDivertAppender$NameFilter].
DEBUG StatusLogger createFilter(loggingLevel="EXECUTION")
DEBUG StatusLogger Building Plugin[name=layout, class=org.apache.logging.log4j.core.layout.PatternLayout].
DEBUG StatusLogger PatternLayout$Builder(pattern="%-5p : %m%n", PatternSelector=null, Configuration(HiveLog4j2Test), Replace=null, charset="null", alwaysWriteExceptions="null", disableAnsi="null", noConsoleNoAnsi="null", header="null", footer="null")
DEBUG StatusLogger Building Plugin[name=appender, class=org.apache.hadoop.hive.ql.log.HushableRandomAccessFileAppender].
DEBUG StatusLogger createAppender(fileName="/home/alex/Repositories/hive/beeline/target/tmp/alex/operation_logs/d2aa81b4-f10b-4507-805c-b0416d39517c/alex_20240501003147_08b6beb9-2e98-4111-bdb9-def8505bf88c", append="null", name="query-file-appender", immediateFlush="null", bufferSize="null", ignoreExceptions="null", PatternLayout(org.apache.logging.log4j.core.layout.PatternLayout with name PatternLayout), NameFilter(org.apache.hadoop.hive.ql.log.LogDivertAppender$NameFilter with name NameFilter), advertise="null", advertiseURI="null", Configuration(HiveLog4j2Test))
DEBUG StatusLogger Starting RandomAccessFileManager /home/alex/Repositories/hive/beeline/target/tmp/alex/operation_logs/d2aa81b4-f10b-4507-805c-b0416d39517c/alex_20240501003147_08b6beb9-2e98-4111-bdb9-def8505bf88c
DEBUG StatusLogger Building Plugin[name=, class=org.apache.hadoop.hive.ql.log.LogDivertAppenderForTest$TestFilter].
DEBUG StatusLogger createFilter()
DEBUG StatusLogger Building Plugin[name=, class=org.apache.logging.log4j.core.layout.PatternLayout].
DEBUG StatusLogger PatternLayout$Builder(pattern="%-5p : %m%n", PatternSelector=null, Configuration(HiveLog4j2Test), Replace=null, charset="null", alwaysWriteExceptions="null", disableAnsi="null", noConsoleNoAnsi="null", header="null", footer="null")
DEBUG StatusLogger Building Plugin[name=appender, class=org.apache.hadoop.hive.ql.log.HushableRandomAccessFileAppender].
DEBUG StatusLogger createAppender(fileName="/home/alex/Repositories/hive/beeline/target/tmp/alex/operation_logs/d2aa81b4-f10b-4507-805c-b0416d39517c/alex_20240501003147_08b6beb9-2e98-4111-bdb9-def8505bf88c.test", append="null", name="test-query-file-appender", immediateFlush="null", bufferSize="null", ignoreExceptions="null", PatternLayout(org.apache.logging.log4j.core.layout.PatternLayout with name PatternLayout), test-filter(org.apache.hadoop.hive.ql.log.LogDivertAppenderForTest$TestFilter with name test-filter), advertise="null", advertiseURI="null", Configuration(HiveLog4j2Test))
DEBUG StatusLogger Starting RandomAccessFileManager /home/alex/Repositories/hive/beeline/target/tmp/alex/operation_logs/d2aa81b4-f10b-4507-805c-b0416d39517c/alex_20240501003147_08b6beb9-2e98-4111-bdb9-def8505bf88c.test
2024-05-01T00:31:47,899  INFO [d2aa81b4-f10b-4507-805c-b0416d39517c main] operation.HiveCommandOperation: [opType=EXECUTE_STATEMENT, queryId=alex_20240501003147_08b6beb9-2e98-4111-bdb9-def8505bf88c, startTime=1714548707894, sessionId=d2aa81b4-f10b-4507-805c-b0416d39517c, createTime=1714548707821, userName=null, ipAddress=null]
2024-05-01T00:31:47,909  INFO [d2aa81b4-f10b-4507-805c-b0416d39517c main] common.LogUtils: Unregistered logging context.
2024-05-01T00:31:47,912  INFO [d2aa81b4-f10b-4507-805c-b0416d39517c main] operation.OperationManager: Closing operation: OperationHandle [opType=EXECUTE_STATEMENT, getHandleIdentifier()=5d61b99c-0d85-4888-8672-a7e6e947c1a8]
2024-05-01T00:31:47,912  INFO [d2aa81b4-f10b-4507-805c-b0416d39517c main] operation.OperationManager: Removed queryId: alex_20240501003147_08b6beb9-2e98-4111-bdb9-def8505bf88c corresponding to operation: OperationHandle [opType=EXECUTE_STATEMENT, getHandleIdentifier()=5d61b99c-0d85-4888-8672-a7e6e947c1a8] with tag: null
2024-05-01T00:31:47,913  INFO [d2aa81b4-f10b-4507-805c-b0416d39517c main] operation.HiveCommandOperation: Closing operation log /home/alex/Repositories/hive/beeline/target/tmp/alex/operation_logs/d2aa81b4-f10b-4507-805c-b0416d39517c/alex_20240501003147_08b6beb9-2e98-4111-bdb9-def8505bf88c without delay
2024-05-01T00:31:47,916  INFO [d2aa81b4-f10b-4507-805c-b0416d39517c main] session.HiveSessionImpl: executing use test
2024-05-01T00:31:47,917  INFO [d2aa81b4-f10b-4507-805c-b0416d39517c main] operation.OperationManager: Adding operation: OperationHandle [opType=EXECUTE_STATEMENT, getHandleIdentifier()=632f5d08-19c3-46db-99e6-a1ff722ee963] SessionHandle [d2aa81b4-f10b-4507-805c-b0416d39517c]
2024-05-01T00:31:47,917  INFO [d2aa81b4-f10b-4507-805c-b0416d39517c main] common.LogUtils: Thread context registration is done.
DEBUG StatusLogger Building Plugin[name=filter, class=org.apache.hadoop.hive.ql.log.LogDivertAppender$NameFilter].
DEBUG StatusLogger createFilter(loggingLevel="EXECUTION")
DEBUG StatusLogger Building Plugin[name=layout, class=org.apache.logging.log4j.core.layout.PatternLayout].
DEBUG StatusLogger PatternLayout$Builder(pattern="%-5p : %m%n", PatternSelector=null, Configuration(HiveLog4j2Test), Replace=null, charset="null", alwaysWriteExceptions="null", disableAnsi="null", noConsoleNoAnsi="null", header="null", footer="null")
DEBUG StatusLogger Building Plugin[name=appender, class=org.apache.hadoop.hive.ql.log.HushableRandomAccessFileAppender].
DEBUG StatusLogger createAppender(fileName="/home/alex/Repositories/hive/beeline/target/tmp/alex/operation_logs/d2aa81b4-f10b-4507-805c-b0416d39517c/alex_20240501003147_d22df95f-662c-430b-b843-f4a1fc2bd7ff", append="null", name="query-file-appender", immediateFlush="null", bufferSize="null", ignoreExceptions="null", PatternLayout(org.apache.logging.log4j.core.layout.PatternLayout with name PatternLayout), NameFilter(org.apache.hadoop.hive.ql.log.LogDivertAppender$NameFilter with name NameFilter), advertise="null", advertiseURI="null", Configuration(HiveLog4j2Test))
DEBUG StatusLogger Starting RandomAccessFileManager /home/alex/Repositories/hive/beeline/target/tmp/alex/operation_logs/d2aa81b4-f10b-4507-805c-b0416d39517c/alex_20240501003147_d22df95f-662c-430b-b843-f4a1fc2bd7ff
DEBUG StatusLogger Building Plugin[name=, class=org.apache.hadoop.hive.ql.log.LogDivertAppenderForTest$TestFilter].
DEBUG StatusLogger createFilter()
DEBUG StatusLogger Building Plugin[name=, class=org.apache.logging.log4j.core.layout.PatternLayout].
DEBUG StatusLogger PatternLayout$Builder(pattern="%-5p : %m%n", PatternSelector=null, Configuration(HiveLog4j2Test), Replace=null, charset="null", alwaysWriteExceptions="null", disableAnsi="null", noConsoleNoAnsi="null", header="null", footer="null")
DEBUG StatusLogger Building Plugin[name=appender, class=org.apache.hadoop.hive.ql.log.HushableRandomAccessFileAppender].
DEBUG StatusLogger createAppender(fileName="/home/alex/Repositories/hive/beeline/target/tmp/alex/operation_logs/d2aa81b4-f10b-4507-805c-b0416d39517c/alex_20240501003147_d22df95f-662c-430b-b843-f4a1fc2bd7ff.test", append="null", name="test-query-file-appender", immediateFlush="null", bufferSize="null", ignoreExceptions="null", PatternLayout(org.apache.logging.log4j.core.layout.PatternLayout with name PatternLayout), test-filter(org.apache.hadoop.hive.ql.log.LogDivertAppenderForTest$TestFilter with name test-filter), advertise="null", advertiseURI="null", Configuration(HiveLog4j2Test))
DEBUG StatusLogger Starting RandomAccessFileManager /home/alex/Repositories/hive/beeline/target/tmp/alex/operation_logs/d2aa81b4-f10b-4507-805c-b0416d39517c/alex_20240501003147_d22df95f-662c-430b-b843-f4a1fc2bd7ff.test
2024-05-01T00:31:47,921  INFO [d2aa81b4-f10b-4507-805c-b0416d39517c main] operation.SQLOperation: [opType=EXECUTE_STATEMENT, queryId=alex_20240501003147_d22df95f-662c-430b-b843-f4a1fc2bd7ff, startTime=1714548707916, sessionId=d2aa81b4-f10b-4507-805c-b0416d39517c, createTime=1714548707821, userName=null, ipAddress=null]
2024-05-01T00:31:47,923  INFO [d2aa81b4-f10b-4507-805c-b0416d39517c main] ql.Driver: Compiling command(queryId=alex_20240501003147_d22df95f-662c-430b-b843-f4a1fc2bd7ff): use test
2024-05-01T00:31:47,924  INFO [d2aa81b4-f10b-4507-805c-b0416d39517c main] metastore.HiveMetaStoreClient: HMS client filtering is enabled.
2024-05-01T00:31:47,924  INFO [d2aa81b4-f10b-4507-805c-b0416d39517c main] metastore.HMSHandler: 0: Opening raw store with implementation class:org.apache.hadoop.hive.metastore.ObjectStore
2024-05-01T00:31:47,925  INFO [d2aa81b4-f10b-4507-805c-b0416d39517c main] metastore.PersistenceManagerProvider: Configuration datanucleus.autoStartMechanismMode is not set. Defaulting to 'ignored'
2024-05-01T00:31:47,925  INFO [d2aa81b4-f10b-4507-805c-b0416d39517c main] metastore.ObjectStore: RawStore: org.apache.hadoop.hive.metastore.ObjectStore@704d3b00, with PersistenceManager: null will be shutdown
2024-05-01T00:31:47,926  INFO [d2aa81b4-f10b-4507-805c-b0416d39517c main] metastore.ObjectStore: RawStore: org.apache.hadoop.hive.metastore.ObjectStore@704d3b00, with PersistenceManager: org.datanucleus.api.jdo.JDOPersistenceManager@21e484b created in the thread with id: 1
2024-05-01T00:31:47,929  INFO [d2aa81b4-f10b-4507-805c-b0416d39517c main] metastore.HMSHandler: Created RawStore: org.apache.hadoop.hive.metastore.ObjectStore@704d3b00 from thread id: 1
2024-05-01T00:31:47,929  INFO [d2aa81b4-f10b-4507-805c-b0416d39517c main] metastore.HMSHandler: HMS server filtering is disabled by configuration
2024-05-01T00:31:47,929  INFO [d2aa81b4-f10b-4507-805c-b0416d39517c main] metastore.RetryingMetaStoreClient: RetryingMetaStoreClient proxy=class org.apache.hadoop.hive.ql.metadata.SessionHiveMetaStoreClient ugi=alex (auth:SIMPLE) retries=1 delay=1 lifetime=0
2024-05-01T00:31:47,930  INFO [d2aa81b4-f10b-4507-805c-b0416d39517c main] HiveMetaStore.audit: ugi=alex	ip=unknown-ip-addr	cmd=get_database: test	
2024-05-01T00:31:47,932  INFO [d2aa81b4-f10b-4507-805c-b0416d39517c main] ql.Driver: Semantic Analysis Completed (retrial = false)
2024-05-01T00:31:47,932  INFO [d2aa81b4-f10b-4507-805c-b0416d39517c main] ql.Driver: Created Hive schema: Schema(fieldSchemas:null, properties:null)
2024-05-01T00:31:47,932  INFO [d2aa81b4-f10b-4507-805c-b0416d39517c main] metadata.Hive: Dumping metastore api call timing information for : compilation phase
2024-05-01T00:31:47,932  INFO [d2aa81b4-f10b-4507-805c-b0416d39517c main] metadata.Hive: Total time spent in each metastore function (ms): {isCompatibleWith_(Configuration)=0, getDatabase_(String)=2, flushCache_()=0}
2024-05-01T00:31:47,932  INFO [d2aa81b4-f10b-4507-805c-b0416d39517c main] ql.Driver: Completed compiling command(queryId=alex_20240501003147_d22df95f-662c-430b-b843-f4a1fc2bd7ff); Time taken: 0.009 seconds
2024-05-01T00:31:47,933  INFO [d2aa81b4-f10b-4507-805c-b0416d39517c main] common.LogUtils: Unregistered logging context.
2024-05-01T00:31:47,933  INFO [HiveServer2-Background-Pool: Thread-140] common.LogUtils: Thread context registration is done.
2024-05-01T00:31:47,934  INFO [HiveServer2-Background-Pool: Thread-140] reexec.ReExecDriver: Execution #1 of query
2024-05-01T00:31:47,934  INFO [HiveServer2-Background-Pool: Thread-140] ql.Driver: Concurrency mode is disabled, not creating a lock manager
2024-05-01T00:31:47,934  INFO [HiveServer2-Background-Pool: Thread-140] ql.Driver: Executing command(queryId=alex_20240501003147_d22df95f-662c-430b-b843-f4a1fc2bd7ff): use test
2024-05-01T00:31:47,935  INFO [HiveServer2-Background-Pool: Thread-140] ql.Driver: Starting task [Stage-0:DDL] in serial mode
2024-05-01T00:31:47,936  INFO [HiveServer2-Background-Pool: Thread-140] HiveMetaStore.audit: ugi=alex	ip=unknown-ip-addr	cmd=get_database: test	
2024-05-01T00:31:47,937  INFO [HiveServer2-Background-Pool: Thread-140] metastore.HMSHandler: 5: Opening raw store with implementation class:org.apache.hadoop.hive.metastore.ObjectStore
2024-05-01T00:31:47,938  INFO [HiveServer2-Background-Pool: Thread-140] metastore.ObjectStore: RawStore: org.apache.hadoop.hive.metastore.ObjectStore@3b33f5b, with PersistenceManager: null will be shutdown
2024-05-01T00:31:47,938  INFO [HiveServer2-Background-Pool: Thread-140] metastore.ObjectStore: RawStore: org.apache.hadoop.hive.metastore.ObjectStore@3b33f5b, with PersistenceManager: org.datanucleus.api.jdo.JDOPersistenceManager@46b1a149 created in the thread with id: 140
2024-05-01T00:31:47,944  INFO [HiveServer2-Background-Pool: Thread-140] metastore.HMSHandler: Created RawStore: org.apache.hadoop.hive.metastore.ObjectStore@3b33f5b from thread id: 140
2024-05-01T00:31:47,945  INFO [HiveServer2-Background-Pool: Thread-140] HiveMetaStore.audit: ugi=alex	ip=unknown-ip-addr	cmd=get_database: test	
2024-05-01T00:31:47,947  INFO [HiveServer2-Background-Pool: Thread-140] metadata.Hive: Dumping metastore api call timing information for : execution phase
2024-05-01T00:31:47,947  INFO [HiveServer2-Background-Pool: Thread-140] metadata.Hive: Total time spent in each metastore function (ms): {isCompatibleWith_(Configuration)=0, getDatabase_(String)=11}
2024-05-01T00:31:47,947  INFO [HiveServer2-Background-Pool: Thread-140] ql.Driver: Completed executing command(queryId=alex_20240501003147_d22df95f-662c-430b-b843-f4a1fc2bd7ff); Time taken: 0.013 seconds
2024-05-01T00:31:47,948  INFO [HiveServer2-Background-Pool: Thread-140] common.LogUtils: Unregistered logging context.
2024-05-01T00:31:47,951  INFO [d2aa81b4-f10b-4507-805c-b0416d39517c main] operation.OperationManager: Closing operation: OperationHandle [opType=EXECUTE_STATEMENT, getHandleIdentifier()=632f5d08-19c3-46db-99e6-a1ff722ee963]
2024-05-01T00:31:47,951  INFO [d2aa81b4-f10b-4507-805c-b0416d39517c main] operation.OperationManager: Removed queryId: alex_20240501003147_d22df95f-662c-430b-b843-f4a1fc2bd7ff corresponding to operation: OperationHandle [opType=EXECUTE_STATEMENT, getHandleIdentifier()=632f5d08-19c3-46db-99e6-a1ff722ee963] with tag: null
2024-05-01T00:31:47,951  INFO [d2aa81b4-f10b-4507-805c-b0416d39517c main] operation.SQLOperation: Closing operation log /home/alex/Repositories/hive/beeline/target/tmp/alex/operation_logs/d2aa81b4-f10b-4507-805c-b0416d39517c/alex_20240501003147_d22df95f-662c-430b-b843-f4a1fc2bd7ff without delay
2024-05-01T00:31:48,014  WARN [main] conf.HiveConf: HiveConf of name hive.dummyparam.test.server.specific.config.override does not exist
2024-05-01T00:31:48,015  WARN [main] conf.HiveConf: HiveConf of name hive.dummyparam.test.server.specific.config.hiveserver2site does not exist
2024-05-01T00:31:48,015  WARN [main] conf.HiveConf: HiveConf of name hive.dummyparam.test.server.specific.config.metastoresite does not exist
2024-05-01T00:31:48,015  INFO [d2aa81b4-f10b-4507-805c-b0416d39517c main] session.HiveSessionImpl: executing set
2024-05-01T00:31:48,016  INFO [d2aa81b4-f10b-4507-805c-b0416d39517c main] operation.HiveCommandOperation: Putting temp output to file /home/alex/Repositories/hive/beeline/target/tmp/alex/d2aa81b4-f10b-4507-805c-b0416d39517c7816445376334058834.pipeout and error output to file /home/alex/Repositories/hive/beeline/target/tmp/alex/d2aa81b4-f10b-4507-805c-b0416d39517c5063980559983273678.pipeout
2024-05-01T00:31:48,016  INFO [d2aa81b4-f10b-4507-805c-b0416d39517c main] operation.OperationManager: Adding operation: OperationHandle [opType=EXECUTE_STATEMENT, getHandleIdentifier()=31a705a7-4627-4d43-8376-56c0d47821f6] SessionHandle [d2aa81b4-f10b-4507-805c-b0416d39517c]
2024-05-01T00:31:48,016  INFO [d2aa81b4-f10b-4507-805c-b0416d39517c main] common.LogUtils: Thread context registration is done.
DEBUG StatusLogger Building Plugin[name=filter, class=org.apache.hadoop.hive.ql.log.LogDivertAppender$NameFilter].
DEBUG StatusLogger createFilter(loggingLevel="EXECUTION")
DEBUG StatusLogger Building Plugin[name=layout, class=org.apache.logging.log4j.core.layout.PatternLayout].
DEBUG StatusLogger PatternLayout$Builder(pattern="%-5p : %m%n", PatternSelector=null, Configuration(HiveLog4j2Test), Replace=null, charset="null", alwaysWriteExceptions="null", disableAnsi="null", noConsoleNoAnsi="null", header="null", footer="null")
DEBUG StatusLogger Building Plugin[name=appender, class=org.apache.hadoop.hive.ql.log.HushableRandomAccessFileAppender].
DEBUG StatusLogger createAppender(fileName="/home/alex/Repositories/hive/beeline/target/tmp/alex/operation_logs/d2aa81b4-f10b-4507-805c-b0416d39517c/alex_20240501003148_4d382ee3-22d7-462d-9bca-6a7d5fe907bf", append="null", name="query-file-appender", immediateFlush="null", bufferSize="null", ignoreExceptions="null", PatternLayout(org.apache.logging.log4j.core.layout.PatternLayout with name PatternLayout), NameFilter(org.apache.hadoop.hive.ql.log.LogDivertAppender$NameFilter with name NameFilter), advertise="null", advertiseURI="null", Configuration(HiveLog4j2Test))
DEBUG StatusLogger Starting RandomAccessFileManager /home/alex/Repositories/hive/beeline/target/tmp/alex/operation_logs/d2aa81b4-f10b-4507-805c-b0416d39517c/alex_20240501003148_4d382ee3-22d7-462d-9bca-6a7d5fe907bf
DEBUG StatusLogger Building Plugin[name=, class=org.apache.hadoop.hive.ql.log.LogDivertAppenderForTest$TestFilter].
DEBUG StatusLogger createFilter()
DEBUG StatusLogger Building Plugin[name=, class=org.apache.logging.log4j.core.layout.PatternLayout].
DEBUG StatusLogger PatternLayout$Builder(pattern="%-5p : %m%n", PatternSelector=null, Configuration(HiveLog4j2Test), Replace=null, charset="null", alwaysWriteExceptions="null", disableAnsi="null", noConsoleNoAnsi="null", header="null", footer="null")
DEBUG StatusLogger Building Plugin[name=appender, class=org.apache.hadoop.hive.ql.log.HushableRandomAccessFileAppender].
DEBUG StatusLogger createAppender(fileName="/home/alex/Repositories/hive/beeline/target/tmp/alex/operation_logs/d2aa81b4-f10b-4507-805c-b0416d39517c/alex_20240501003148_4d382ee3-22d7-462d-9bca-6a7d5fe907bf.test", append="null", name="test-query-file-appender", immediateFlush="null", bufferSize="null", ignoreExceptions="null", PatternLayout(org.apache.logging.log4j.core.layout.PatternLayout with name PatternLayout), test-filter(org.apache.hadoop.hive.ql.log.LogDivertAppenderForTest$TestFilter with name test-filter), advertise="null", advertiseURI="null", Configuration(HiveLog4j2Test))
DEBUG StatusLogger Starting RandomAccessFileManager /home/alex/Repositories/hive/beeline/target/tmp/alex/operation_logs/d2aa81b4-f10b-4507-805c-b0416d39517c/alex_20240501003148_4d382ee3-22d7-462d-9bca-6a7d5fe907bf.test
2024-05-01T00:31:48,020  INFO [d2aa81b4-f10b-4507-805c-b0416d39517c main] operation.HiveCommandOperation: [opType=EXECUTE_STATEMENT, queryId=alex_20240501003148_4d382ee3-22d7-462d-9bca-6a7d5fe907bf, startTime=1714548708015, sessionId=d2aa81b4-f10b-4507-805c-b0416d39517c, createTime=1714548707821, userName=null, ipAddress=null]
2024-05-01T00:31:48,029  INFO [d2aa81b4-f10b-4507-805c-b0416d39517c main] common.LogUtils: Unregistered logging context.
2024-05-01T00:31:48,032  INFO [d2aa81b4-f10b-4507-805c-b0416d39517c main] operation.OperationManager: Closing operation: OperationHandle [opType=EXECUTE_STATEMENT, getHandleIdentifier()=31a705a7-4627-4d43-8376-56c0d47821f6]
2024-05-01T00:31:48,032  INFO [d2aa81b4-f10b-4507-805c-b0416d39517c main] operation.OperationManager: Removed queryId: alex_20240501003148_4d382ee3-22d7-462d-9bca-6a7d5fe907bf corresponding to operation: OperationHandle [opType=EXECUTE_STATEMENT, getHandleIdentifier()=31a705a7-4627-4d43-8376-56c0d47821f6] with tag: null
2024-05-01T00:31:48,033  INFO [d2aa81b4-f10b-4507-805c-b0416d39517c main] operation.HiveCommandOperation: Closing operation log /home/alex/Repositories/hive/beeline/target/tmp/alex/operation_logs/d2aa81b4-f10b-4507-805c-b0416d39517c/alex_20240501003148_4d382ee3-22d7-462d-9bca-6a7d5fe907bf without delay
2024-05-01T00:31:48,034  INFO [d2aa81b4-f10b-4507-805c-b0416d39517c main] session.HiveSessionImpl: executing show tables
2024-05-01T00:31:48,035  INFO [d2aa81b4-f10b-4507-805c-b0416d39517c main] operation.OperationManager: Adding operation: OperationHandle [opType=EXECUTE_STATEMENT, getHandleIdentifier()=e570bf1b-7403-44e4-898b-7d0c73d5e7b5] SessionHandle [d2aa81b4-f10b-4507-805c-b0416d39517c]
2024-05-01T00:31:48,035  INFO [d2aa81b4-f10b-4507-805c-b0416d39517c main] common.LogUtils: Thread context registration is done.
DEBUG StatusLogger Building Plugin[name=filter, class=org.apache.hadoop.hive.ql.log.LogDivertAppender$NameFilter].
DEBUG StatusLogger createFilter(loggingLevel="EXECUTION")
DEBUG StatusLogger Building Plugin[name=layout, class=org.apache.logging.log4j.core.layout.PatternLayout].
DEBUG StatusLogger PatternLayout$Builder(pattern="%-5p : %m%n", PatternSelector=null, Configuration(HiveLog4j2Test), Replace=null, charset="null", alwaysWriteExceptions="null", disableAnsi="null", noConsoleNoAnsi="null", header="null", footer="null")
DEBUG StatusLogger Building Plugin[name=appender, class=org.apache.hadoop.hive.ql.log.HushableRandomAccessFileAppender].
DEBUG StatusLogger createAppender(fileName="/home/alex/Repositories/hive/beeline/target/tmp/alex/operation_logs/d2aa81b4-f10b-4507-805c-b0416d39517c/alex_20240501003148_161fcd62-8358-4aae-b734-262aed557d2f", append="null", name="query-file-appender", immediateFlush="null", bufferSize="null", ignoreExceptions="null", PatternLayout(org.apache.logging.log4j.core.layout.PatternLayout with name PatternLayout), NameFilter(org.apache.hadoop.hive.ql.log.LogDivertAppender$NameFilter with name NameFilter), advertise="null", advertiseURI="null", Configuration(HiveLog4j2Test))
DEBUG StatusLogger Starting RandomAccessFileManager /home/alex/Repositories/hive/beeline/target/tmp/alex/operation_logs/d2aa81b4-f10b-4507-805c-b0416d39517c/alex_20240501003148_161fcd62-8358-4aae-b734-262aed557d2f
DEBUG StatusLogger Building Plugin[name=, class=org.apache.hadoop.hive.ql.log.LogDivertAppenderForTest$TestFilter].
DEBUG StatusLogger createFilter()
DEBUG StatusLogger Building Plugin[name=, class=org.apache.logging.log4j.core.layout.PatternLayout].
DEBUG StatusLogger PatternLayout$Builder(pattern="%-5p : %m%n", PatternSelector=null, Configuration(HiveLog4j2Test), Replace=null, charset="null", alwaysWriteExceptions="null", disableAnsi="null", noConsoleNoAnsi="null", header="null", footer="null")
DEBUG StatusLogger Building Plugin[name=appender, class=org.apache.hadoop.hive.ql.log.HushableRandomAccessFileAppender].
DEBUG StatusLogger createAppender(fileName="/home/alex/Repositories/hive/beeline/target/tmp/alex/operation_logs/d2aa81b4-f10b-4507-805c-b0416d39517c/alex_20240501003148_161fcd62-8358-4aae-b734-262aed557d2f.test", append="null", name="test-query-file-appender", immediateFlush="null", bufferSize="null", ignoreExceptions="null", PatternLayout(org.apache.logging.log4j.core.layout.PatternLayout with name PatternLayout), test-filter(org.apache.hadoop.hive.ql.log.LogDivertAppenderForTest$TestFilter with name test-filter), advertise="null", advertiseURI="null", Configuration(HiveLog4j2Test))
DEBUG StatusLogger Starting RandomAccessFileManager /home/alex/Repositories/hive/beeline/target/tmp/alex/operation_logs/d2aa81b4-f10b-4507-805c-b0416d39517c/alex_20240501003148_161fcd62-8358-4aae-b734-262aed557d2f.test
2024-05-01T00:31:48,040  INFO [d2aa81b4-f10b-4507-805c-b0416d39517c main] operation.SQLOperation: [opType=EXECUTE_STATEMENT, queryId=alex_20240501003148_161fcd62-8358-4aae-b734-262aed557d2f, startTime=1714548708035, sessionId=d2aa81b4-f10b-4507-805c-b0416d39517c, createTime=1714548707821, userName=null, ipAddress=null]
2024-05-01T00:31:48,041  INFO [d2aa81b4-f10b-4507-805c-b0416d39517c main] ql.Driver: Compiling command(queryId=alex_20240501003148_161fcd62-8358-4aae-b734-262aed557d2f): show tables
2024-05-01T00:31:48,072  INFO [d2aa81b4-f10b-4507-805c-b0416d39517c main] HiveMetaStore.audit: ugi=alex	ip=unknown-ip-addr	cmd=get_database: test	
2024-05-01T00:31:48,075  INFO [d2aa81b4-f10b-4507-805c-b0416d39517c main] ql.Driver: Semantic Analysis Completed (retrial = false)
2024-05-01T00:31:48,076  INFO [d2aa81b4-f10b-4507-805c-b0416d39517c main] ql.Driver: Created Hive schema: Schema(fieldSchemas:[FieldSchema(name:tab_name, type:string, comment:from deserializer)], properties:null)
2024-05-01T00:31:48,242  INFO [d2aa81b4-f10b-4507-805c-b0416d39517c main] exec.ListSinkOperator: Initializing Operator: LIST_SINK[0]
2024-05-01T00:31:48,248  INFO [d2aa81b4-f10b-4507-805c-b0416d39517c main] metadata.Hive: Dumping metastore api call timing information for : compilation phase
2024-05-01T00:31:48,248  INFO [d2aa81b4-f10b-4507-805c-b0416d39517c main] metadata.Hive: Total time spent in each metastore function (ms): {isCompatibleWith_(Configuration)=1, getDatabase_(String)=1, flushCache_()=0}
2024-05-01T00:31:48,248  INFO [d2aa81b4-f10b-4507-805c-b0416d39517c main] ql.Driver: Completed compiling command(queryId=alex_20240501003148_161fcd62-8358-4aae-b734-262aed557d2f); Time taken: 0.207 seconds
2024-05-01T00:31:48,249  INFO [d2aa81b4-f10b-4507-805c-b0416d39517c main] common.LogUtils: Unregistered logging context.
2024-05-01T00:31:48,249  INFO [HiveServer2-Background-Pool: Thread-144] common.LogUtils: Thread context registration is done.
2024-05-01T00:31:48,249  INFO [HiveServer2-Background-Pool: Thread-144] reexec.ReExecDriver: Execution #1 of query
2024-05-01T00:31:48,250  INFO [HiveServer2-Background-Pool: Thread-144] ql.Driver: Concurrency mode is disabled, not creating a lock manager
2024-05-01T00:31:48,250  INFO [HiveServer2-Background-Pool: Thread-144] ql.Driver: Executing command(queryId=alex_20240501003148_161fcd62-8358-4aae-b734-262aed557d2f): show tables
2024-05-01T00:31:48,250  INFO [HiveServer2-Background-Pool: Thread-144] ql.Driver: Starting task [Stage-0:DDL] in serial mode
2024-05-01T00:31:48,251  INFO [HiveServer2-Background-Pool: Thread-144] HiveMetaStore.audit: ugi=alex	ip=unknown-ip-addr	cmd=get_database: test	
2024-05-01T00:31:48,252  INFO [HiveServer2-Background-Pool: Thread-144] metastore.HMSHandler: 6: Opening raw store with implementation class:org.apache.hadoop.hive.metastore.ObjectStore
2024-05-01T00:31:48,252  INFO [HiveServer2-Background-Pool: Thread-144] metastore.ObjectStore: RawStore: org.apache.hadoop.hive.metastore.ObjectStore@452c1fff, with PersistenceManager: null will be shutdown
2024-05-01T00:31:48,253  INFO [HiveServer2-Background-Pool: Thread-144] metastore.ObjectStore: RawStore: org.apache.hadoop.hive.metastore.ObjectStore@452c1fff, with PersistenceManager: org.datanucleus.api.jdo.JDOPersistenceManager@2e993e created in the thread with id: 144
2024-05-01T00:31:48,258  INFO [HiveServer2-Background-Pool: Thread-144] metastore.HMSHandler: Created RawStore: org.apache.hadoop.hive.metastore.ObjectStore@452c1fff from thread id: 144
2024-05-01T00:31:48,263  INFO [HiveServer2-Background-Pool: Thread-144] HiveMetaStore.audit: ugi=alex	ip=unknown-ip-addr	cmd=get_multi_table : db=test tbls=null	
2024-05-01T00:31:48,322  INFO [HiveServer2-Background-Pool: Thread-144] sqlstd.SQLStdHiveAccessController: Created SQLStdHiveAccessController for session context : HiveAuthzSessionContext [sessionString=d2aa81b4-f10b-4507-805c-b0416d39517c, clientType=HIVESERVER2]
2024-05-01T00:31:48,340  INFO [HiveServer2-Background-Pool: Thread-144] metadata.Hive: Dumping metastore api call timing information for : execution phase
2024-05-01T00:31:48,340  INFO [HiveServer2-Background-Pool: Thread-144] metadata.Hive: Total time spent in each metastore function (ms): {isCompatibleWith_(Configuration)=1, getDatabase_(String)=8, getTables_(String, String)=65}
2024-05-01T00:31:48,340  INFO [HiveServer2-Background-Pool: Thread-144] ql.Driver: Completed executing command(queryId=alex_20240501003148_161fcd62-8358-4aae-b734-262aed557d2f); Time taken: 0.09 seconds
2024-05-01T00:31:48,340  INFO [HiveServer2-Background-Pool: Thread-144] common.LogUtils: Unregistered logging context.
2024-05-01T00:31:48,342  INFO [d2aa81b4-f10b-4507-805c-b0416d39517c main] operation.OperationManager: Closing operation: OperationHandle [opType=EXECUTE_STATEMENT, getHandleIdentifier()=e570bf1b-7403-44e4-898b-7d0c73d5e7b5]
2024-05-01T00:31:48,342  INFO [d2aa81b4-f10b-4507-805c-b0416d39517c main] operation.OperationManager: Removed queryId: alex_20240501003148_161fcd62-8358-4aae-b734-262aed557d2f corresponding to operation: OperationHandle [opType=EXECUTE_STATEMENT, getHandleIdentifier()=e570bf1b-7403-44e4-898b-7d0c73d5e7b5] with tag: null
2024-05-01T00:31:48,343  INFO [d2aa81b4-f10b-4507-805c-b0416d39517c main] ql.Context: Deleting scratch dir: file:/home/alex/Repositories/hive/beeline/target/tmp/alex/d2aa81b4-f10b-4507-805c-b0416d39517c/hive_2024-05-01_00-31-48_041_5418339456228180382-1
2024-05-01T00:31:48,343  INFO [d2aa81b4-f10b-4507-805c-b0416d39517c main] cleanup.EventualCleanupService: Delete file:/home/alex/Repositories/hive/beeline/target/tmp/alex/d2aa81b4-f10b-4507-805c-b0416d39517c/hive_2024-05-01_00-31-48_041_5418339456228180382-1 operation was queued
2024-05-01T00:31:48,343  INFO [d2aa81b4-f10b-4507-805c-b0416d39517c main] exec.ListSinkOperator: Closing Operator: LIST_SINK[0]
2024-05-01T00:31:48,343  INFO [EventualCleanupService thread 0] cleanup.EventualCleanupService: Deleted file:/home/alex/Repositories/hive/beeline/target/tmp/alex/d2aa81b4-f10b-4507-805c-b0416d39517c/hive_2024-05-01_00-31-48_041_5418339456228180382-1
2024-05-01T00:31:48,344  INFO [d2aa81b4-f10b-4507-805c-b0416d39517c main] exec.ListSinkOperator: RECORDS_OUT_INTERMEDIATE:0, RECORDS_OUT_OPERATOR_LIST_SINK_0:0, 
2024-05-01T00:31:48,344  INFO [d2aa81b4-f10b-4507-805c-b0416d39517c main] operation.SQLOperation: Closing operation log /home/alex/Repositories/hive/beeline/target/tmp/alex/operation_logs/d2aa81b4-f10b-4507-805c-b0416d39517c/alex_20240501003148_161fcd62-8358-4aae-b734-262aed557d2f without delay
2024-05-01T00:31:48,349  INFO [main] service.CompositeService: Session closed, SessionHandle [d2aa81b4-f10b-4507-805c-b0416d39517c], current sessions:0
2024-05-01T00:31:48,349  INFO [d2aa81b4-f10b-4507-805c-b0416d39517c main] session.HiveSessionImpl: Operation log session directory is deleted: /home/alex/Repositories/hive/beeline/target/tmp/alex/operation_logs/d2aa81b4-f10b-4507-805c-b0416d39517c
2024-05-01T00:31:48,350  INFO [main] cleanup.EventualCleanupService: Delete /tmp/hive/alex/d2aa81b4-f10b-4507-805c-b0416d39517c operation was queued
2024-05-01T00:31:48,350  INFO [main] cleanup.EventualCleanupService: Delete /home/alex/Repositories/hive/beeline/target/tmp/alex/d2aa81b4-f10b-4507-805c-b0416d39517c operation was queued
2024-05-01T00:31:48,351  INFO [EventualCleanupService thread 1] cleanup.EventualCleanupService: Deleted /tmp/hive/alex/d2aa81b4-f10b-4507-805c-b0416d39517c
2024-05-01T00:31:48,351  INFO [EventualCleanupService thread 2] cleanup.EventualCleanupService: Deleted /home/alex/Repositories/hive/beeline/target/tmp/alex/d2aa81b4-f10b-4507-805c-b0416d39517c
2024-05-01T00:31:48,352  INFO [main] HiveMetaStore.audit: ugi=alex	ip=unknown-ip-addr	cmd=Cleaning up thread local RawStore...	
2024-05-01T00:31:48,352  INFO [main] metastore.ObjectStore: RawStore: org.apache.hadoop.hive.metastore.ObjectStore@704d3b00, with PersistenceManager: org.datanucleus.api.jdo.JDOPersistenceManager@21e484b will be shutdown
2024-05-01T00:31:48,352  INFO [main] HiveMetaStore.audit: ugi=alex	ip=unknown-ip-addr	cmd=Done cleaning up thread local RawStore	
2024-05-01T00:31:48,352  INFO [main] metastore.HiveMetaStoreClient: Closed a connection to metastore, current connections: -6
2024-05-01T00:31:48,352 ERROR [main] cli.TestHiveCli: Failed due to the error:Connecting to jdbc:hive2://
Hive Session ID = 5eb6fe09-d302-4a8a-af1e-8547fcce31f9
ivysettings.xml file not found in HIVE_HOME or HIVE_CONF_DIR,/home/alex/Repositories/hive/conf/ivysettings.xml will be used
ivysettings.xml file not found in HIVE_HOME or HIVE_CONF_DIR,/home/alex/Repositories/hive/conf/ivysettings.xml will be used
Connected to: Apache Hive (version 4.0.0-SNAPSHOT)
Error: Couldn't load manifest attributes. (state=,code=0)
Transaction isolation: TRANSACTION_REPEATABLE_READ
INFO  : Compiling command(queryId=alex_20240501003147_d22df95f-662c-430b-b843-f4a1fc2bd7ff): use test
INFO  : Semantic Analysis Completed (retrial = false)
INFO  : Created Hive schema: Schema(fieldSchemas:null, properties:null)
INFO  : Completed compiling command(queryId=alex_20240501003147_d22df95f-662c-430b-b843-f4a1fc2bd7ff); Time taken: 0.009 seconds
INFO  : Concurrency mode is disabled, not creating a lock manager
INFO  : Executing command(queryId=alex_20240501003147_d22df95f-662c-430b-b843-f4a1fc2bd7ff): use test
INFO  : Starting task [Stage-0:DDL] in serial mode
DEBUG : Task getting executed using mapred tag : alex_20240501003147_d22df95f-662c-430b-b843-f4a1fc2bd7ff,userid=null
INFO  : Completed executing command(queryId=alex_20240501003147_d22df95f-662c-430b-b843-f4a1fc2bd7ff); Time taken: 0.013 seconds
DEBUG : Shutting down query use test
Error: Failed to wait for operation to complete (state=08S01,code=0)
Beeline version ??? by Apache Hive
hive> source /home/alex/Repositories/hive/beeline/target/tmp/test2386971314339168456.sql;desc testSrcTbl4;
INFO  : Compiling command(queryId=alex_20240501003148_161fcd62-8358-4aae-b734-262aed557d2f): show tables
INFO  : Semantic Analysis Completed (retrial = false)
INFO  : Created Hive schema: Schema(fieldSchemas:[FieldSchema(name:tab_name, type:string, comment:from deserializer)], properties:null)
INFO  : Completed compiling command(queryId=alex_20240501003148_161fcd62-8358-4aae-b734-262aed557d2f); Time taken: 0.207 seconds
INFO  : Concurrency mode is disabled, not creating a lock manager
INFO  : Executing command(queryId=alex_20240501003148_161fcd62-8358-4aae-b734-262aed557d2f): show tables
INFO  : Starting task [Stage-0:DDL] in serial mode
DEBUG : Task getting executed using mapred tag : alex_20240501003148_161fcd62-8358-4aae-b734-262aed557d2f,userid=null
INFO  : Completed executing command(queryId=alex_20240501003148_161fcd62-8358-4aae-b734-262aed557d2f); Time taken: 0.09 seconds
DEBUG : Shutting down query show tables
Error: Failed to wait for operation to complete (state=08S01,code=0)
hive> quit;
Closing: 0: jdbc:hive2://

]]></system-err>
  </testcase>
  <testcase name="testSourceCmd4" classname="org.apache.hive.beeline.cli.TestHiveCli" time="0.349">
    <failure type="java.lang.AssertionError"><![CDATA[java.lang.AssertionError: Supported return code is 0 while the actual is 2
	at org.junit.Assert.fail(Assert.java:89)
	at org.apache.hive.beeline.cli.TestHiveCli.executeCMD(TestHiveCli.java:256)
	at org.apache.hive.beeline.cli.TestHiveCli.verifyCMD(TestHiveCli.java:266)
	at org.apache.hive.beeline.cli.TestHiveCli.testSourceCmd4(TestHiveCli.java:138)
	at sun.reflect.NativeMethodAccessorImpl.invoke0(Native Method)
	at sun.reflect.NativeMethodAccessorImpl.invoke(NativeMethodAccessorImpl.java:62)
	at sun.reflect.DelegatingMethodAccessorImpl.invoke(DelegatingMethodAccessorImpl.java:43)
	at java.lang.reflect.Method.invoke(Method.java:498)
	at org.junit.runners.model.FrameworkMethod$1.runReflectiveCall(FrameworkMethod.java:59)
	at org.junit.internal.runners.model.ReflectiveCallable.run(ReflectiveCallable.java:12)
	at org.junit.runners.model.FrameworkMethod.invokeExplosively(FrameworkMethod.java:56)
	at org.junit.internal.runners.statements.InvokeMethod.evaluate(InvokeMethod.java:17)
	at org.junit.internal.runners.statements.RunBefores.evaluate(RunBefores.java:26)
	at org.junit.internal.runners.statements.RunAfters.evaluate(RunAfters.java:27)
	at org.junit.runners.ParentRunner$3.evaluate(ParentRunner.java:306)
	at org.junit.runners.BlockJUnit4ClassRunner$1.evaluate(BlockJUnit4ClassRunner.java:100)
	at org.junit.runners.ParentRunner.runLeaf(ParentRunner.java:366)
	at org.junit.runners.BlockJUnit4ClassRunner.runChild(BlockJUnit4ClassRunner.java:103)
	at org.junit.runners.BlockJUnit4ClassRunner.runChild(BlockJUnit4ClassRunner.java:63)
	at org.junit.runners.ParentRunner$4.run(ParentRunner.java:331)
	at org.junit.runners.ParentRunner$1.schedule(ParentRunner.java:79)
	at org.junit.runners.ParentRunner.runChildren(ParentRunner.java:329)
	at org.junit.runners.ParentRunner.access$100(ParentRunner.java:66)
	at org.junit.runners.ParentRunner$2.evaluate(ParentRunner.java:293)
	at org.junit.internal.runners.statements.RunBefores.evaluate(RunBefores.java:26)
	at org.junit.runners.ParentRunner$3.evaluate(ParentRunner.java:306)
	at org.junit.runners.ParentRunner.run(ParentRunner.java:413)
	at org.junit.runner.JUnitCore.run(JUnitCore.java:137)
	at org.junit.runner.JUnitCore.run(JUnitCore.java:115)
	at org.junit.vintage.engine.execution.RunnerExecutor.execute(RunnerExecutor.java:43)
	at java.util.stream.ForEachOps$ForEachOp$OfRef.accept(ForEachOps.java:183)
	at java.util.stream.ReferencePipeline$3$1.accept(ReferencePipeline.java:193)
	at java.util.Iterator.forEachRemaining(Iterator.java:116)
	at java.util.Spliterators$IteratorSpliterator.forEachRemaining(Spliterators.java:1801)
	at java.util.stream.AbstractPipeline.copyInto(AbstractPipeline.java:482)
	at java.util.stream.AbstractPipeline.wrapAndCopyInto(AbstractPipeline.java:472)
	at java.util.stream.ForEachOps$ForEachOp.evaluateSequential(ForEachOps.java:150)
	at java.util.stream.ForEachOps$ForEachOp$OfRef.evaluateSequential(ForEachOps.java:173)
	at java.util.stream.AbstractPipeline.evaluate(AbstractPipeline.java:234)
	at java.util.stream.ReferencePipeline.forEach(ReferencePipeline.java:485)
	at org.junit.vintage.engine.VintageTestEngine.executeAllChildren(VintageTestEngine.java:82)
	at org.junit.vintage.engine.VintageTestEngine.execute(VintageTestEngine.java:73)
	at org.junit.platform.launcher.core.DefaultLauncher.execute(DefaultLauncher.java:248)
	at org.junit.platform.launcher.core.DefaultLauncher.lambda$execute$5(DefaultLauncher.java:211)
	at org.junit.platform.launcher.core.DefaultLauncher.withInterceptedStreams(DefaultLauncher.java:226)
	at org.junit.platform.launcher.core.DefaultLauncher.execute(DefaultLauncher.java:199)
	at org.junit.platform.launcher.core.DefaultLauncher.execute(DefaultLauncher.java:132)
	at org.apache.maven.surefire.junitplatform.JUnitPlatformProvider.invokeAllTests(JUnitPlatformProvider.java:154)
	at org.apache.maven.surefire.junitplatform.JUnitPlatformProvider.invoke(JUnitPlatformProvider.java:123)
	at org.apache.maven.surefire.booter.ForkedBooter.runSuitesInProcess(ForkedBooter.java:377)
	at org.apache.maven.surefire.booter.ForkedBooter.execute(ForkedBooter.java:138)
	at org.apache.maven.surefire.booter.ForkedBooter.run(ForkedBooter.java:465)
	at org.apache.maven.surefire.booter.ForkedBooter.main(ForkedBooter.java:451)
]]></failure>
    <system-err><![CDATA[2024-05-01T00:31:48,354 ERROR [main] cli.TestHiveCli: Failed to execute command due to the error: java.lang.NullPointerException: Null output stream
2024-05-01T00:31:48,405  WARN [main] conf.HiveConf: HiveConf of name hive.dummyparam.test.server.specific.config.override does not exist
2024-05-01T00:31:48,406  WARN [main] conf.HiveConf: HiveConf of name hive.dummyparam.test.server.specific.config.hiveserver2site does not exist
2024-05-01T00:31:48,406  WARN [main] conf.HiveConf: HiveConf of name hive.dummyparam.test.server.specific.config.metastoresite does not exist
2024-05-01T00:31:48,406  INFO [main] SessionState: Hive Session ID = a53fba28-1ff2-442b-9d52-b40e52a2ad79
2024-05-01T00:31:48,407  INFO [main] DependencyResolver: ivysettings.xml file not found in HIVE_HOME or HIVE_CONF_DIR,/home/alex/Repositories/hive/conf/ivysettings.xml will be used
2024-05-01T00:31:48,415  INFO [main] session.SessionState: Created HDFS directory: /tmp/hive/alex/a53fba28-1ff2-442b-9d52-b40e52a2ad79
2024-05-01T00:31:48,419  INFO [main] session.SessionState: Created local directory: /home/alex/Repositories/hive/beeline/target/tmp/alex/a53fba28-1ff2-442b-9d52-b40e52a2ad79
2024-05-01T00:31:48,422  INFO [main] session.SessionState: Created HDFS directory: /tmp/hive/alex/a53fba28-1ff2-442b-9d52-b40e52a2ad79/_tmp_space.db
2024-05-01T00:31:48,423  INFO [main] sqlstd.SQLStdHiveAccessController: Created SQLStdHiveAccessController for session context : HiveAuthzSessionContext [sessionString=a53fba28-1ff2-442b-9d52-b40e52a2ad79, clientType=HIVESERVER2]
2024-05-01T00:31:48,423  INFO [main] metastore.HiveMetaStoreClient: HMS client filtering is enabled.
2024-05-01T00:31:48,424  INFO [main] metastore.HMSHandler: 0: Opening raw store with implementation class:org.apache.hadoop.hive.metastore.ObjectStore
2024-05-01T00:31:48,424  INFO [main] metastore.PersistenceManagerProvider: Configuration datanucleus.autoStartMechanismMode is not set. Defaulting to 'ignored'
2024-05-01T00:31:48,425  INFO [main] metastore.ObjectStore: RawStore: org.apache.hadoop.hive.metastore.ObjectStore@4ccdacf5, with PersistenceManager: null will be shutdown
2024-05-01T00:31:48,425  INFO [main] metastore.ObjectStore: RawStore: org.apache.hadoop.hive.metastore.ObjectStore@4ccdacf5, with PersistenceManager: org.datanucleus.api.jdo.JDOPersistenceManager@5aa6da2 created in the thread with id: 1
2024-05-01T00:31:48,430  INFO [main] metastore.HMSHandler: Created RawStore: org.apache.hadoop.hive.metastore.ObjectStore@4ccdacf5 from thread id: 1
2024-05-01T00:31:48,430  INFO [main] metastore.HMSHandler: HMS server filtering is disabled by configuration
2024-05-01T00:31:48,430  INFO [main] metastore.RetryingMetaStoreClient: RetryingMetaStoreClient proxy=class org.apache.hadoop.hive.ql.metadata.SessionHiveMetaStoreClient ugi=alex (auth:SIMPLE) retries=1 delay=1 lifetime=0
2024-05-01T00:31:48,431  INFO [main] service.CompositeService: Operation log root directory is created: /home/alex/Repositories/hive/beeline/target/tmp/alex/operation_logs
2024-05-01T00:31:48,431  INFO [main] service.CompositeService: HiveServer2: Background operation thread pool size: 100
2024-05-01T00:31:48,431  INFO [main] service.CompositeService: HiveServer2: Background operation thread wait queue size: 100
2024-05-01T00:31:48,431  INFO [main] service.CompositeService: HiveServer2: Background operation thread keepalive time: 10 seconds
2024-05-01T00:31:48,431  INFO [main] service.CompositeService: Connections limit are user: 0 ipaddress: 0 user-ipaddress: 0
2024-05-01T00:31:48,433  INFO [main] cleanup.EventualCleanupService: EventualCleanupService started with 10 threads and queue of size 10000
ERROR StatusLogger Log4j2 ConfigurationScheduler attempted to increment scheduled items after start
ERROR StatusLogger Log4j2 ConfigurationScheduler attempted to increment scheduled items after start
2024-05-01T00:31:48,434  INFO [main] service.AbstractService: Service:OperationManager is inited.
2024-05-01T00:31:48,434  INFO [main] service.AbstractService: Service:SessionManager is inited.
2024-05-01T00:31:48,434  INFO [main] service.AbstractService: Service:CLIService is inited.
2024-05-01T00:31:48,434  INFO [main] service.AbstractService: Service:OperationManager is started.
2024-05-01T00:31:48,434  INFO [main] service.AbstractService: Service:SessionManager is started.
2024-05-01T00:31:48,434  INFO [main] service.AbstractService: Service:CLIService is started.
2024-05-01T00:31:48,434  INFO [main] service.AbstractService: Service:ThriftBinaryCLIService is inited.
2024-05-01T00:31:48,435  INFO [main] thrift.ThriftCLIService: Client protocol version: HIVE_CLI_SERVICE_PROTOCOL_V10
2024-05-01T00:31:48,435  INFO [main] thrift.ThriftCLIService: Creating Hive session handle for user [null] from IP null
2024-05-01T00:31:48,436  INFO [main] DependencyResolver: ivysettings.xml file not found in HIVE_HOME or HIVE_CONF_DIR,/home/alex/Repositories/hive/conf/ivysettings.xml will be used
2024-05-01T00:31:48,444  INFO [main] session.SessionState: Created HDFS directory: /tmp/hive/alex/fed7f091-7b31-4911-99c7-7fe7e526d9cb
2024-05-01T00:31:48,447  INFO [main] session.SessionState: Created local directory: /home/alex/Repositories/hive/beeline/target/tmp/alex/fed7f091-7b31-4911-99c7-7fe7e526d9cb
2024-05-01T00:31:48,451  INFO [main] session.SessionState: Created HDFS directory: /tmp/hive/alex/fed7f091-7b31-4911-99c7-7fe7e526d9cb/_tmp_space.db
2024-05-01T00:31:48,451  INFO [main] session.SessionState: Reloading auxiliary JAR files
2024-05-01T00:31:48,451  WARN [main] session.SessionState: Configuration hive.reloadable.aux.jars.path not specified
2024-05-01T00:31:48,451  INFO [main] HiveMetaStore.audit: ugi=alex	ip=unknown-ip-addr	cmd=Cleaning up thread local RawStore...	
2024-05-01T00:31:48,451  INFO [main] metastore.ObjectStore: RawStore: org.apache.hadoop.hive.metastore.ObjectStore@4ccdacf5, with PersistenceManager: org.datanucleus.api.jdo.JDOPersistenceManager@5aa6da2 will be shutdown
2024-05-01T00:31:48,452  INFO [main] HiveMetaStore.audit: ugi=alex	ip=unknown-ip-addr	cmd=Done cleaning up thread local RawStore	
2024-05-01T00:31:48,452  INFO [main] metastore.HiveMetaStoreClient: Closed a connection to metastore, current connections: -7
2024-05-01T00:31:48,452  INFO [main] session.HiveSessionImpl: Operation log session directory is created: /home/alex/Repositories/hive/beeline/target/tmp/alex/operation_logs/fed7f091-7b31-4911-99c7-7fe7e526d9cb
2024-05-01T00:31:48,452  INFO [main] service.CompositeService: Session opened, SessionHandle [fed7f091-7b31-4911-99c7-7fe7e526d9cb], current sessions:1
2024-05-01T00:31:48,452  INFO [main] thrift.ThriftCLIService: Login attempt is successful for user : null
2024-05-01T00:31:48,507  WARN [main] conf.HiveConf: HiveConf of name hive.dummyparam.test.server.specific.config.override does not exist
2024-05-01T00:31:48,508  WARN [main] conf.HiveConf: HiveConf of name hive.dummyparam.test.server.specific.config.hiveserver2site does not exist
2024-05-01T00:31:48,508  WARN [main] conf.HiveConf: HiveConf of name hive.dummyparam.test.server.specific.config.metastoresite does not exist
2024-05-01T00:31:48,509  INFO [fed7f091-7b31-4911-99c7-7fe7e526d9cb main] session.HiveSessionImpl: executing set
2024-05-01T00:31:48,510  INFO [fed7f091-7b31-4911-99c7-7fe7e526d9cb main] operation.HiveCommandOperation: Putting temp output to file /home/alex/Repositories/hive/beeline/target/tmp/alex/fed7f091-7b31-4911-99c7-7fe7e526d9cb2515094505246958866.pipeout and error output to file /home/alex/Repositories/hive/beeline/target/tmp/alex/fed7f091-7b31-4911-99c7-7fe7e526d9cb2082708686527559771.pipeout
2024-05-01T00:31:48,510  INFO [fed7f091-7b31-4911-99c7-7fe7e526d9cb main] operation.OperationManager: Adding operation: OperationHandle [opType=EXECUTE_STATEMENT, getHandleIdentifier()=6dd436a9-69ef-40b8-8f4e-d85f097467cd] SessionHandle [fed7f091-7b31-4911-99c7-7fe7e526d9cb]
2024-05-01T00:31:48,510  INFO [fed7f091-7b31-4911-99c7-7fe7e526d9cb main] common.LogUtils: Thread context registration is done.
DEBUG StatusLogger Building Plugin[name=filter, class=org.apache.hadoop.hive.ql.log.LogDivertAppender$NameFilter].
DEBUG StatusLogger createFilter(loggingLevel="EXECUTION")
DEBUG StatusLogger Building Plugin[name=layout, class=org.apache.logging.log4j.core.layout.PatternLayout].
DEBUG StatusLogger PatternLayout$Builder(pattern="%-5p : %m%n", PatternSelector=null, Configuration(HiveLog4j2Test), Replace=null, charset="null", alwaysWriteExceptions="null", disableAnsi="null", noConsoleNoAnsi="null", header="null", footer="null")
DEBUG StatusLogger Building Plugin[name=appender, class=org.apache.hadoop.hive.ql.log.HushableRandomAccessFileAppender].
DEBUG StatusLogger createAppender(fileName="/home/alex/Repositories/hive/beeline/target/tmp/alex/operation_logs/fed7f091-7b31-4911-99c7-7fe7e526d9cb/alex_20240501003148_70a54c21-dd2c-42fd-a4ce-cc77ae35e2ff", append="null", name="query-file-appender", immediateFlush="null", bufferSize="null", ignoreExceptions="null", PatternLayout(org.apache.logging.log4j.core.layout.PatternLayout with name PatternLayout), NameFilter(org.apache.hadoop.hive.ql.log.LogDivertAppender$NameFilter with name NameFilter), advertise="null", advertiseURI="null", Configuration(HiveLog4j2Test))
DEBUG StatusLogger Starting RandomAccessFileManager /home/alex/Repositories/hive/beeline/target/tmp/alex/operation_logs/fed7f091-7b31-4911-99c7-7fe7e526d9cb/alex_20240501003148_70a54c21-dd2c-42fd-a4ce-cc77ae35e2ff
DEBUG StatusLogger Building Plugin[name=, class=org.apache.hadoop.hive.ql.log.LogDivertAppenderForTest$TestFilter].
DEBUG StatusLogger createFilter()
DEBUG StatusLogger Building Plugin[name=, class=org.apache.logging.log4j.core.layout.PatternLayout].
DEBUG StatusLogger PatternLayout$Builder(pattern="%-5p : %m%n", PatternSelector=null, Configuration(HiveLog4j2Test), Replace=null, charset="null", alwaysWriteExceptions="null", disableAnsi="null", noConsoleNoAnsi="null", header="null", footer="null")
DEBUG StatusLogger Building Plugin[name=appender, class=org.apache.hadoop.hive.ql.log.HushableRandomAccessFileAppender].
DEBUG StatusLogger createAppender(fileName="/home/alex/Repositories/hive/beeline/target/tmp/alex/operation_logs/fed7f091-7b31-4911-99c7-7fe7e526d9cb/alex_20240501003148_70a54c21-dd2c-42fd-a4ce-cc77ae35e2ff.test", append="null", name="test-query-file-appender", immediateFlush="null", bufferSize="null", ignoreExceptions="null", PatternLayout(org.apache.logging.log4j.core.layout.PatternLayout with name PatternLayout), test-filter(org.apache.hadoop.hive.ql.log.LogDivertAppenderForTest$TestFilter with name test-filter), advertise="null", advertiseURI="null", Configuration(HiveLog4j2Test))
DEBUG StatusLogger Starting RandomAccessFileManager /home/alex/Repositories/hive/beeline/target/tmp/alex/operation_logs/fed7f091-7b31-4911-99c7-7fe7e526d9cb/alex_20240501003148_70a54c21-dd2c-42fd-a4ce-cc77ae35e2ff.test
2024-05-01T00:31:48,515  INFO [fed7f091-7b31-4911-99c7-7fe7e526d9cb main] operation.HiveCommandOperation: [opType=EXECUTE_STATEMENT, queryId=alex_20240501003148_70a54c21-dd2c-42fd-a4ce-cc77ae35e2ff, startTime=1714548708509, sessionId=fed7f091-7b31-4911-99c7-7fe7e526d9cb, createTime=1714548708435, userName=null, ipAddress=null]
2024-05-01T00:31:48,523  INFO [fed7f091-7b31-4911-99c7-7fe7e526d9cb main] common.LogUtils: Unregistered logging context.
2024-05-01T00:31:48,527  INFO [fed7f091-7b31-4911-99c7-7fe7e526d9cb main] operation.OperationManager: Closing operation: OperationHandle [opType=EXECUTE_STATEMENT, getHandleIdentifier()=6dd436a9-69ef-40b8-8f4e-d85f097467cd]
2024-05-01T00:31:48,527  INFO [fed7f091-7b31-4911-99c7-7fe7e526d9cb main] operation.OperationManager: Removed queryId: alex_20240501003148_70a54c21-dd2c-42fd-a4ce-cc77ae35e2ff corresponding to operation: OperationHandle [opType=EXECUTE_STATEMENT, getHandleIdentifier()=6dd436a9-69ef-40b8-8f4e-d85f097467cd] with tag: null
2024-05-01T00:31:48,528  INFO [fed7f091-7b31-4911-99c7-7fe7e526d9cb main] operation.HiveCommandOperation: Closing operation log /home/alex/Repositories/hive/beeline/target/tmp/alex/operation_logs/fed7f091-7b31-4911-99c7-7fe7e526d9cb/alex_20240501003148_70a54c21-dd2c-42fd-a4ce-cc77ae35e2ff without delay
2024-05-01T00:31:48,532  INFO [fed7f091-7b31-4911-99c7-7fe7e526d9cb main] session.HiveSessionImpl: executing use test
2024-05-01T00:31:48,533  INFO [fed7f091-7b31-4911-99c7-7fe7e526d9cb main] operation.OperationManager: Adding operation: OperationHandle [opType=EXECUTE_STATEMENT, getHandleIdentifier()=e7b34a90-e299-48db-8e5e-12361f7e8074] SessionHandle [fed7f091-7b31-4911-99c7-7fe7e526d9cb]
2024-05-01T00:31:48,533  INFO [fed7f091-7b31-4911-99c7-7fe7e526d9cb main] common.LogUtils: Thread context registration is done.
DEBUG StatusLogger Building Plugin[name=filter, class=org.apache.hadoop.hive.ql.log.LogDivertAppender$NameFilter].
DEBUG StatusLogger createFilter(loggingLevel="EXECUTION")
DEBUG StatusLogger Building Plugin[name=layout, class=org.apache.logging.log4j.core.layout.PatternLayout].
DEBUG StatusLogger PatternLayout$Builder(pattern="%-5p : %m%n", PatternSelector=null, Configuration(HiveLog4j2Test), Replace=null, charset="null", alwaysWriteExceptions="null", disableAnsi="null", noConsoleNoAnsi="null", header="null", footer="null")
DEBUG StatusLogger Building Plugin[name=appender, class=org.apache.hadoop.hive.ql.log.HushableRandomAccessFileAppender].
DEBUG StatusLogger createAppender(fileName="/home/alex/Repositories/hive/beeline/target/tmp/alex/operation_logs/fed7f091-7b31-4911-99c7-7fe7e526d9cb/alex_20240501003148_9ed01267-5733-4993-a101-09eace36391a", append="null", name="query-file-appender", immediateFlush="null", bufferSize="null", ignoreExceptions="null", PatternLayout(org.apache.logging.log4j.core.layout.PatternLayout with name PatternLayout), NameFilter(org.apache.hadoop.hive.ql.log.LogDivertAppender$NameFilter with name NameFilter), advertise="null", advertiseURI="null", Configuration(HiveLog4j2Test))
DEBUG StatusLogger Starting RandomAccessFileManager /home/alex/Repositories/hive/beeline/target/tmp/alex/operation_logs/fed7f091-7b31-4911-99c7-7fe7e526d9cb/alex_20240501003148_9ed01267-5733-4993-a101-09eace36391a
DEBUG StatusLogger Building Plugin[name=, class=org.apache.hadoop.hive.ql.log.LogDivertAppenderForTest$TestFilter].
DEBUG StatusLogger createFilter()
DEBUG StatusLogger Building Plugin[name=, class=org.apache.logging.log4j.core.layout.PatternLayout].
DEBUG StatusLogger PatternLayout$Builder(pattern="%-5p : %m%n", PatternSelector=null, Configuration(HiveLog4j2Test), Replace=null, charset="null", alwaysWriteExceptions="null", disableAnsi="null", noConsoleNoAnsi="null", header="null", footer="null")
DEBUG StatusLogger Building Plugin[name=appender, class=org.apache.hadoop.hive.ql.log.HushableRandomAccessFileAppender].
DEBUG StatusLogger createAppender(fileName="/home/alex/Repositories/hive/beeline/target/tmp/alex/operation_logs/fed7f091-7b31-4911-99c7-7fe7e526d9cb/alex_20240501003148_9ed01267-5733-4993-a101-09eace36391a.test", append="null", name="test-query-file-appender", immediateFlush="null", bufferSize="null", ignoreExceptions="null", PatternLayout(org.apache.logging.log4j.core.layout.PatternLayout with name PatternLayout), test-filter(org.apache.hadoop.hive.ql.log.LogDivertAppenderForTest$TestFilter with name test-filter), advertise="null", advertiseURI="null", Configuration(HiveLog4j2Test))
DEBUG StatusLogger Starting RandomAccessFileManager /home/alex/Repositories/hive/beeline/target/tmp/alex/operation_logs/fed7f091-7b31-4911-99c7-7fe7e526d9cb/alex_20240501003148_9ed01267-5733-4993-a101-09eace36391a.test
2024-05-01T00:31:48,539  INFO [fed7f091-7b31-4911-99c7-7fe7e526d9cb main] operation.SQLOperation: [opType=EXECUTE_STATEMENT, queryId=alex_20240501003148_9ed01267-5733-4993-a101-09eace36391a, startTime=1714548708532, sessionId=fed7f091-7b31-4911-99c7-7fe7e526d9cb, createTime=1714548708435, userName=null, ipAddress=null]
2024-05-01T00:31:48,540  INFO [fed7f091-7b31-4911-99c7-7fe7e526d9cb main] ql.Driver: Compiling command(queryId=alex_20240501003148_9ed01267-5733-4993-a101-09eace36391a): use test
2024-05-01T00:31:48,543  INFO [fed7f091-7b31-4911-99c7-7fe7e526d9cb main] metastore.HiveMetaStoreClient: HMS client filtering is enabled.
2024-05-01T00:31:48,544  INFO [fed7f091-7b31-4911-99c7-7fe7e526d9cb main] metastore.HMSHandler: 0: Opening raw store with implementation class:org.apache.hadoop.hive.metastore.ObjectStore
2024-05-01T00:31:48,544  INFO [fed7f091-7b31-4911-99c7-7fe7e526d9cb main] metastore.PersistenceManagerProvider: Configuration datanucleus.autoStartMechanismMode is not set. Defaulting to 'ignored'
2024-05-01T00:31:48,545  INFO [fed7f091-7b31-4911-99c7-7fe7e526d9cb main] metastore.ObjectStore: RawStore: org.apache.hadoop.hive.metastore.ObjectStore@6ce2e079, with PersistenceManager: null will be shutdown
2024-05-01T00:31:48,545  INFO [fed7f091-7b31-4911-99c7-7fe7e526d9cb main] metastore.ObjectStore: RawStore: org.apache.hadoop.hive.metastore.ObjectStore@6ce2e079, with PersistenceManager: org.datanucleus.api.jdo.JDOPersistenceManager@3e39e0fb created in the thread with id: 1
2024-05-01T00:31:48,550  INFO [fed7f091-7b31-4911-99c7-7fe7e526d9cb main] metastore.HMSHandler: Created RawStore: org.apache.hadoop.hive.metastore.ObjectStore@6ce2e079 from thread id: 1
2024-05-01T00:31:48,550  INFO [fed7f091-7b31-4911-99c7-7fe7e526d9cb main] metastore.HMSHandler: HMS server filtering is disabled by configuration
2024-05-01T00:31:48,550  INFO [fed7f091-7b31-4911-99c7-7fe7e526d9cb main] metastore.RetryingMetaStoreClient: RetryingMetaStoreClient proxy=class org.apache.hadoop.hive.ql.metadata.SessionHiveMetaStoreClient ugi=alex (auth:SIMPLE) retries=1 delay=1 lifetime=0
2024-05-01T00:31:48,551  INFO [fed7f091-7b31-4911-99c7-7fe7e526d9cb main] HiveMetaStore.audit: ugi=alex	ip=unknown-ip-addr	cmd=get_database: test	
2024-05-01T00:31:48,553  INFO [fed7f091-7b31-4911-99c7-7fe7e526d9cb main] ql.Driver: Semantic Analysis Completed (retrial = false)
2024-05-01T00:31:48,553  INFO [fed7f091-7b31-4911-99c7-7fe7e526d9cb main] ql.Driver: Created Hive schema: Schema(fieldSchemas:null, properties:null)
2024-05-01T00:31:48,553  INFO [fed7f091-7b31-4911-99c7-7fe7e526d9cb main] metadata.Hive: Dumping metastore api call timing information for : compilation phase
2024-05-01T00:31:48,553  INFO [fed7f091-7b31-4911-99c7-7fe7e526d9cb main] metadata.Hive: Total time spent in each metastore function (ms): {isCompatibleWith_(Configuration)=1, getDatabase_(String)=2, flushCache_()=0}
2024-05-01T00:31:48,553  INFO [fed7f091-7b31-4911-99c7-7fe7e526d9cb main] ql.Driver: Completed compiling command(queryId=alex_20240501003148_9ed01267-5733-4993-a101-09eace36391a); Time taken: 0.013 seconds
2024-05-01T00:31:48,554  INFO [fed7f091-7b31-4911-99c7-7fe7e526d9cb main] common.LogUtils: Unregistered logging context.
2024-05-01T00:31:48,555  INFO [HiveServer2-Background-Pool: Thread-169] common.LogUtils: Thread context registration is done.
2024-05-01T00:31:48,555  INFO [HiveServer2-Background-Pool: Thread-169] reexec.ReExecDriver: Execution #1 of query
2024-05-01T00:31:48,556  INFO [HiveServer2-Background-Pool: Thread-169] ql.Driver: Concurrency mode is disabled, not creating a lock manager
2024-05-01T00:31:48,556  INFO [HiveServer2-Background-Pool: Thread-169] ql.Driver: Executing command(queryId=alex_20240501003148_9ed01267-5733-4993-a101-09eace36391a): use test
2024-05-01T00:31:48,557  INFO [HiveServer2-Background-Pool: Thread-169] ql.Driver: Starting task [Stage-0:DDL] in serial mode
2024-05-01T00:31:48,558  INFO [HiveServer2-Background-Pool: Thread-169] HiveMetaStore.audit: ugi=alex	ip=unknown-ip-addr	cmd=get_database: test	
2024-05-01T00:31:48,559  INFO [HiveServer2-Background-Pool: Thread-169] metastore.HMSHandler: 7: Opening raw store with implementation class:org.apache.hadoop.hive.metastore.ObjectStore
2024-05-01T00:31:48,560  INFO [HiveServer2-Background-Pool: Thread-169] metastore.ObjectStore: RawStore: org.apache.hadoop.hive.metastore.ObjectStore@5fa2a286, with PersistenceManager: null will be shutdown
2024-05-01T00:31:48,560  INFO [HiveServer2-Background-Pool: Thread-169] metastore.ObjectStore: RawStore: org.apache.hadoop.hive.metastore.ObjectStore@5fa2a286, with PersistenceManager: org.datanucleus.api.jdo.JDOPersistenceManager@1aa03716 created in the thread with id: 169
2024-05-01T00:31:48,567  INFO [HiveServer2-Background-Pool: Thread-169] metastore.HMSHandler: Created RawStore: org.apache.hadoop.hive.metastore.ObjectStore@5fa2a286 from thread id: 169
2024-05-01T00:31:48,568  INFO [HiveServer2-Background-Pool: Thread-169] HiveMetaStore.audit: ugi=alex	ip=unknown-ip-addr	cmd=get_database: test	
2024-05-01T00:31:48,570  INFO [HiveServer2-Background-Pool: Thread-169] metadata.Hive: Dumping metastore api call timing information for : execution phase
2024-05-01T00:31:48,570  INFO [HiveServer2-Background-Pool: Thread-169] metadata.Hive: Total time spent in each metastore function (ms): {isCompatibleWith_(Configuration)=0, getDatabase_(String)=13}
2024-05-01T00:31:48,570  INFO [HiveServer2-Background-Pool: Thread-169] ql.Driver: Completed executing command(queryId=alex_20240501003148_9ed01267-5733-4993-a101-09eace36391a); Time taken: 0.014 seconds
2024-05-01T00:31:48,571  INFO [HiveServer2-Background-Pool: Thread-169] common.LogUtils: Unregistered logging context.
2024-05-01T00:31:48,574  INFO [fed7f091-7b31-4911-99c7-7fe7e526d9cb main] operation.OperationManager: Closing operation: OperationHandle [opType=EXECUTE_STATEMENT, getHandleIdentifier()=e7b34a90-e299-48db-8e5e-12361f7e8074]
2024-05-01T00:31:48,574  INFO [fed7f091-7b31-4911-99c7-7fe7e526d9cb main] operation.OperationManager: Removed queryId: alex_20240501003148_9ed01267-5733-4993-a101-09eace36391a corresponding to operation: OperationHandle [opType=EXECUTE_STATEMENT, getHandleIdentifier()=e7b34a90-e299-48db-8e5e-12361f7e8074] with tag: null
2024-05-01T00:31:48,574  INFO [fed7f091-7b31-4911-99c7-7fe7e526d9cb main] operation.SQLOperation: Closing operation log /home/alex/Repositories/hive/beeline/target/tmp/alex/operation_logs/fed7f091-7b31-4911-99c7-7fe7e526d9cb/alex_20240501003148_9ed01267-5733-4993-a101-09eace36391a without delay
2024-05-01T00:31:48,630  WARN [main] conf.HiveConf: HiveConf of name hive.dummyparam.test.server.specific.config.override does not exist
2024-05-01T00:31:48,630  WARN [main] conf.HiveConf: HiveConf of name hive.dummyparam.test.server.specific.config.hiveserver2site does not exist
2024-05-01T00:31:48,631  WARN [main] conf.HiveConf: HiveConf of name hive.dummyparam.test.server.specific.config.metastoresite does not exist
2024-05-01T00:31:48,631  INFO [fed7f091-7b31-4911-99c7-7fe7e526d9cb main] session.HiveSessionImpl: executing set
2024-05-01T00:31:48,632  INFO [fed7f091-7b31-4911-99c7-7fe7e526d9cb main] operation.HiveCommandOperation: Putting temp output to file /home/alex/Repositories/hive/beeline/target/tmp/alex/fed7f091-7b31-4911-99c7-7fe7e526d9cb2515094505246958866.pipeout and error output to file /home/alex/Repositories/hive/beeline/target/tmp/alex/fed7f091-7b31-4911-99c7-7fe7e526d9cb2082708686527559771.pipeout
2024-05-01T00:31:48,632  INFO [fed7f091-7b31-4911-99c7-7fe7e526d9cb main] operation.OperationManager: Adding operation: OperationHandle [opType=EXECUTE_STATEMENT, getHandleIdentifier()=48b7310a-bf6d-458f-88ba-0cb7b1db468e] SessionHandle [fed7f091-7b31-4911-99c7-7fe7e526d9cb]
2024-05-01T00:31:48,632  INFO [fed7f091-7b31-4911-99c7-7fe7e526d9cb main] common.LogUtils: Thread context registration is done.
DEBUG StatusLogger Building Plugin[name=filter, class=org.apache.hadoop.hive.ql.log.LogDivertAppender$NameFilter].
DEBUG StatusLogger createFilter(loggingLevel="EXECUTION")
DEBUG StatusLogger Building Plugin[name=layout, class=org.apache.logging.log4j.core.layout.PatternLayout].
DEBUG StatusLogger PatternLayout$Builder(pattern="%-5p : %m%n", PatternSelector=null, Configuration(HiveLog4j2Test), Replace=null, charset="null", alwaysWriteExceptions="null", disableAnsi="null", noConsoleNoAnsi="null", header="null", footer="null")
DEBUG StatusLogger Building Plugin[name=appender, class=org.apache.hadoop.hive.ql.log.HushableRandomAccessFileAppender].
DEBUG StatusLogger createAppender(fileName="/home/alex/Repositories/hive/beeline/target/tmp/alex/operation_logs/fed7f091-7b31-4911-99c7-7fe7e526d9cb/alex_20240501003148_c3e14421-d8b0-4c15-b886-4f313d3d65b2", append="null", name="query-file-appender", immediateFlush="null", bufferSize="null", ignoreExceptions="null", PatternLayout(org.apache.logging.log4j.core.layout.PatternLayout with name PatternLayout), NameFilter(org.apache.hadoop.hive.ql.log.LogDivertAppender$NameFilter with name NameFilter), advertise="null", advertiseURI="null", Configuration(HiveLog4j2Test))
DEBUG StatusLogger Starting RandomAccessFileManager /home/alex/Repositories/hive/beeline/target/tmp/alex/operation_logs/fed7f091-7b31-4911-99c7-7fe7e526d9cb/alex_20240501003148_c3e14421-d8b0-4c15-b886-4f313d3d65b2
DEBUG StatusLogger Building Plugin[name=, class=org.apache.hadoop.hive.ql.log.LogDivertAppenderForTest$TestFilter].
DEBUG StatusLogger createFilter()
DEBUG StatusLogger Building Plugin[name=, class=org.apache.logging.log4j.core.layout.PatternLayout].
DEBUG StatusLogger PatternLayout$Builder(pattern="%-5p : %m%n", PatternSelector=null, Configuration(HiveLog4j2Test), Replace=null, charset="null", alwaysWriteExceptions="null", disableAnsi="null", noConsoleNoAnsi="null", header="null", footer="null")
DEBUG StatusLogger Building Plugin[name=appender, class=org.apache.hadoop.hive.ql.log.HushableRandomAccessFileAppender].
DEBUG StatusLogger createAppender(fileName="/home/alex/Repositories/hive/beeline/target/tmp/alex/operation_logs/fed7f091-7b31-4911-99c7-7fe7e526d9cb/alex_20240501003148_c3e14421-d8b0-4c15-b886-4f313d3d65b2.test", append="null", name="test-query-file-appender", immediateFlush="null", bufferSize="null", ignoreExceptions="null", PatternLayout(org.apache.logging.log4j.core.layout.PatternLayout with name PatternLayout), test-filter(org.apache.hadoop.hive.ql.log.LogDivertAppenderForTest$TestFilter with name test-filter), advertise="null", advertiseURI="null", Configuration(HiveLog4j2Test))
DEBUG StatusLogger Starting RandomAccessFileManager /home/alex/Repositories/hive/beeline/target/tmp/alex/operation_logs/fed7f091-7b31-4911-99c7-7fe7e526d9cb/alex_20240501003148_c3e14421-d8b0-4c15-b886-4f313d3d65b2.test
2024-05-01T00:31:48,636  INFO [fed7f091-7b31-4911-99c7-7fe7e526d9cb main] operation.HiveCommandOperation: [opType=EXECUTE_STATEMENT, queryId=alex_20240501003148_c3e14421-d8b0-4c15-b886-4f313d3d65b2, startTime=1714548708631, sessionId=fed7f091-7b31-4911-99c7-7fe7e526d9cb, createTime=1714548708435, userName=null, ipAddress=null]
2024-05-01T00:31:48,644  INFO [fed7f091-7b31-4911-99c7-7fe7e526d9cb main] common.LogUtils: Unregistered logging context.
2024-05-01T00:31:48,647  INFO [fed7f091-7b31-4911-99c7-7fe7e526d9cb main] operation.OperationManager: Closing operation: OperationHandle [opType=EXECUTE_STATEMENT, getHandleIdentifier()=48b7310a-bf6d-458f-88ba-0cb7b1db468e]
2024-05-01T00:31:48,647  INFO [fed7f091-7b31-4911-99c7-7fe7e526d9cb main] operation.OperationManager: Removed queryId: alex_20240501003148_c3e14421-d8b0-4c15-b886-4f313d3d65b2 corresponding to operation: OperationHandle [opType=EXECUTE_STATEMENT, getHandleIdentifier()=48b7310a-bf6d-458f-88ba-0cb7b1db468e] with tag: null
2024-05-01T00:31:48,648  INFO [fed7f091-7b31-4911-99c7-7fe7e526d9cb main] operation.HiveCommandOperation: Closing operation log /home/alex/Repositories/hive/beeline/target/tmp/alex/operation_logs/fed7f091-7b31-4911-99c7-7fe7e526d9cb/alex_20240501003148_c3e14421-d8b0-4c15-b886-4f313d3d65b2 without delay
2024-05-01T00:31:48,649  INFO [fed7f091-7b31-4911-99c7-7fe7e526d9cb main] session.HiveSessionImpl: executing show tables
2024-05-01T00:31:48,650  INFO [fed7f091-7b31-4911-99c7-7fe7e526d9cb main] operation.OperationManager: Adding operation: OperationHandle [opType=EXECUTE_STATEMENT, getHandleIdentifier()=853a46fa-198d-45ba-8be9-b749deb70db5] SessionHandle [fed7f091-7b31-4911-99c7-7fe7e526d9cb]
2024-05-01T00:31:48,650  INFO [fed7f091-7b31-4911-99c7-7fe7e526d9cb main] common.LogUtils: Thread context registration is done.
DEBUG StatusLogger Building Plugin[name=filter, class=org.apache.hadoop.hive.ql.log.LogDivertAppender$NameFilter].
DEBUG StatusLogger createFilter(loggingLevel="EXECUTION")
DEBUG StatusLogger Building Plugin[name=layout, class=org.apache.logging.log4j.core.layout.PatternLayout].
DEBUG StatusLogger PatternLayout$Builder(pattern="%-5p : %m%n", PatternSelector=null, Configuration(HiveLog4j2Test), Replace=null, charset="null", alwaysWriteExceptions="null", disableAnsi="null", noConsoleNoAnsi="null", header="null", footer="null")
DEBUG StatusLogger Building Plugin[name=appender, class=org.apache.hadoop.hive.ql.log.HushableRandomAccessFileAppender].
DEBUG StatusLogger createAppender(fileName="/home/alex/Repositories/hive/beeline/target/tmp/alex/operation_logs/fed7f091-7b31-4911-99c7-7fe7e526d9cb/alex_20240501003148_deb17d88-58d5-4665-80e5-0e4579f060ff", append="null", name="query-file-appender", immediateFlush="null", bufferSize="null", ignoreExceptions="null", PatternLayout(org.apache.logging.log4j.core.layout.PatternLayout with name PatternLayout), NameFilter(org.apache.hadoop.hive.ql.log.LogDivertAppender$NameFilter with name NameFilter), advertise="null", advertiseURI="null", Configuration(HiveLog4j2Test))
DEBUG StatusLogger Starting RandomAccessFileManager /home/alex/Repositories/hive/beeline/target/tmp/alex/operation_logs/fed7f091-7b31-4911-99c7-7fe7e526d9cb/alex_20240501003148_deb17d88-58d5-4665-80e5-0e4579f060ff
DEBUG StatusLogger Building Plugin[name=, class=org.apache.hadoop.hive.ql.log.LogDivertAppenderForTest$TestFilter].
DEBUG StatusLogger createFilter()
DEBUG StatusLogger Building Plugin[name=, class=org.apache.logging.log4j.core.layout.PatternLayout].
DEBUG StatusLogger PatternLayout$Builder(pattern="%-5p : %m%n", PatternSelector=null, Configuration(HiveLog4j2Test), Replace=null, charset="null", alwaysWriteExceptions="null", disableAnsi="null", noConsoleNoAnsi="null", header="null", footer="null")
DEBUG StatusLogger Building Plugin[name=appender, class=org.apache.hadoop.hive.ql.log.HushableRandomAccessFileAppender].
DEBUG StatusLogger createAppender(fileName="/home/alex/Repositories/hive/beeline/target/tmp/alex/operation_logs/fed7f091-7b31-4911-99c7-7fe7e526d9cb/alex_20240501003148_deb17d88-58d5-4665-80e5-0e4579f060ff.test", append="null", name="test-query-file-appender", immediateFlush="null", bufferSize="null", ignoreExceptions="null", PatternLayout(org.apache.logging.log4j.core.layout.PatternLayout with name PatternLayout), test-filter(org.apache.hadoop.hive.ql.log.LogDivertAppenderForTest$TestFilter with name test-filter), advertise="null", advertiseURI="null", Configuration(HiveLog4j2Test))
DEBUG StatusLogger Starting RandomAccessFileManager /home/alex/Repositories/hive/beeline/target/tmp/alex/operation_logs/fed7f091-7b31-4911-99c7-7fe7e526d9cb/alex_20240501003148_deb17d88-58d5-4665-80e5-0e4579f060ff.test
2024-05-01T00:31:48,654  INFO [fed7f091-7b31-4911-99c7-7fe7e526d9cb main] operation.SQLOperation: [opType=EXECUTE_STATEMENT, queryId=alex_20240501003148_deb17d88-58d5-4665-80e5-0e4579f060ff, startTime=1714548708650, sessionId=fed7f091-7b31-4911-99c7-7fe7e526d9cb, createTime=1714548708435, userName=null, ipAddress=null]
2024-05-01T00:31:48,655  INFO [fed7f091-7b31-4911-99c7-7fe7e526d9cb main] ql.Driver: Compiling command(queryId=alex_20240501003148_deb17d88-58d5-4665-80e5-0e4579f060ff): show tables
2024-05-01T00:31:48,660  INFO [fed7f091-7b31-4911-99c7-7fe7e526d9cb main] HiveMetaStore.audit: ugi=alex	ip=unknown-ip-addr	cmd=get_database: test	
2024-05-01T00:31:48,661  INFO [fed7f091-7b31-4911-99c7-7fe7e526d9cb main] ql.Driver: Semantic Analysis Completed (retrial = false)
2024-05-01T00:31:48,662  INFO [fed7f091-7b31-4911-99c7-7fe7e526d9cb main] ql.Driver: Created Hive schema: Schema(fieldSchemas:[FieldSchema(name:tab_name, type:string, comment:from deserializer)], properties:null)
2024-05-01T00:31:48,662  INFO [fed7f091-7b31-4911-99c7-7fe7e526d9cb main] exec.ListSinkOperator: Initializing Operator: LIST_SINK[0]
2024-05-01T00:31:48,662  INFO [fed7f091-7b31-4911-99c7-7fe7e526d9cb main] metadata.Hive: Dumping metastore api call timing information for : compilation phase
2024-05-01T00:31:48,662  INFO [fed7f091-7b31-4911-99c7-7fe7e526d9cb main] metadata.Hive: Total time spent in each metastore function (ms): {isCompatibleWith_(Configuration)=0, getDatabase_(String)=1, flushCache_()=1}
2024-05-01T00:31:48,663  INFO [fed7f091-7b31-4911-99c7-7fe7e526d9cb main] ql.Driver: Completed compiling command(queryId=alex_20240501003148_deb17d88-58d5-4665-80e5-0e4579f060ff); Time taken: 0.007 seconds
2024-05-01T00:31:48,663  INFO [fed7f091-7b31-4911-99c7-7fe7e526d9cb main] common.LogUtils: Unregistered logging context.
2024-05-01T00:31:48,663  INFO [HiveServer2-Background-Pool: Thread-173] common.LogUtils: Thread context registration is done.
2024-05-01T00:31:48,664  INFO [HiveServer2-Background-Pool: Thread-173] reexec.ReExecDriver: Execution #1 of query
2024-05-01T00:31:48,664  INFO [HiveServer2-Background-Pool: Thread-173] ql.Driver: Concurrency mode is disabled, not creating a lock manager
2024-05-01T00:31:48,664  INFO [HiveServer2-Background-Pool: Thread-173] ql.Driver: Executing command(queryId=alex_20240501003148_deb17d88-58d5-4665-80e5-0e4579f060ff): show tables
2024-05-01T00:31:48,665  INFO [HiveServer2-Background-Pool: Thread-173] ql.Driver: Starting task [Stage-0:DDL] in serial mode
2024-05-01T00:31:48,665  INFO [HiveServer2-Background-Pool: Thread-173] HiveMetaStore.audit: ugi=alex	ip=unknown-ip-addr	cmd=get_database: test	
2024-05-01T00:31:48,666  INFO [HiveServer2-Background-Pool: Thread-173] metastore.HMSHandler: 8: Opening raw store with implementation class:org.apache.hadoop.hive.metastore.ObjectStore
2024-05-01T00:31:48,667  INFO [HiveServer2-Background-Pool: Thread-173] metastore.ObjectStore: RawStore: org.apache.hadoop.hive.metastore.ObjectStore@6e9e721a, with PersistenceManager: null will be shutdown
2024-05-01T00:31:48,667  INFO [HiveServer2-Background-Pool: Thread-173] metastore.ObjectStore: RawStore: org.apache.hadoop.hive.metastore.ObjectStore@6e9e721a, with PersistenceManager: org.datanucleus.api.jdo.JDOPersistenceManager@6bec72de created in the thread with id: 173
2024-05-01T00:31:48,671  INFO [HiveServer2-Background-Pool: Thread-173] metastore.HMSHandler: Created RawStore: org.apache.hadoop.hive.metastore.ObjectStore@6e9e721a from thread id: 173
2024-05-01T00:31:48,673  INFO [HiveServer2-Background-Pool: Thread-173] HiveMetaStore.audit: ugi=alex	ip=unknown-ip-addr	cmd=get_multi_table : db=test tbls=null	
2024-05-01T00:31:48,684  INFO [HiveServer2-Background-Pool: Thread-173] sqlstd.SQLStdHiveAccessController: Created SQLStdHiveAccessController for session context : HiveAuthzSessionContext [sessionString=fed7f091-7b31-4911-99c7-7fe7e526d9cb, clientType=HIVESERVER2]
2024-05-01T00:31:48,691  INFO [HiveServer2-Background-Pool: Thread-173] metadata.Hive: Dumping metastore api call timing information for : execution phase
2024-05-01T00:31:48,691  INFO [HiveServer2-Background-Pool: Thread-173] metadata.Hive: Total time spent in each metastore function (ms): {isCompatibleWith_(Configuration)=0, getDatabase_(String)=7, getTables_(String, String)=12}
2024-05-01T00:31:48,691  INFO [HiveServer2-Background-Pool: Thread-173] ql.Driver: Completed executing command(queryId=alex_20240501003148_deb17d88-58d5-4665-80e5-0e4579f060ff); Time taken: 0.027 seconds
2024-05-01T00:31:48,692  INFO [HiveServer2-Background-Pool: Thread-173] common.LogUtils: Unregistered logging context.
2024-05-01T00:31:48,693  INFO [fed7f091-7b31-4911-99c7-7fe7e526d9cb main] operation.OperationManager: Closing operation: OperationHandle [opType=EXECUTE_STATEMENT, getHandleIdentifier()=853a46fa-198d-45ba-8be9-b749deb70db5]
2024-05-01T00:31:48,693  INFO [fed7f091-7b31-4911-99c7-7fe7e526d9cb main] operation.OperationManager: Removed queryId: alex_20240501003148_deb17d88-58d5-4665-80e5-0e4579f060ff corresponding to operation: OperationHandle [opType=EXECUTE_STATEMENT, getHandleIdentifier()=853a46fa-198d-45ba-8be9-b749deb70db5] with tag: null
2024-05-01T00:31:48,693  INFO [fed7f091-7b31-4911-99c7-7fe7e526d9cb main] ql.Context: Deleting scratch dir: file:/home/alex/Repositories/hive/beeline/target/tmp/alex/fed7f091-7b31-4911-99c7-7fe7e526d9cb/hive_2024-05-01_00-31-48_655_5358803321781217972-1
2024-05-01T00:31:48,693  INFO [fed7f091-7b31-4911-99c7-7fe7e526d9cb main] cleanup.EventualCleanupService: Delete file:/home/alex/Repositories/hive/beeline/target/tmp/alex/fed7f091-7b31-4911-99c7-7fe7e526d9cb/hive_2024-05-01_00-31-48_655_5358803321781217972-1 operation was queued
2024-05-01T00:31:48,693  INFO [fed7f091-7b31-4911-99c7-7fe7e526d9cb main] exec.ListSinkOperator: Closing Operator: LIST_SINK[0]
2024-05-01T00:31:48,693  INFO [fed7f091-7b31-4911-99c7-7fe7e526d9cb main] exec.ListSinkOperator: RECORDS_OUT_INTERMEDIATE:0, RECORDS_OUT_OPERATOR_LIST_SINK_0:0, 
2024-05-01T00:31:48,693  INFO [fed7f091-7b31-4911-99c7-7fe7e526d9cb main] operation.SQLOperation: Closing operation log /home/alex/Repositories/hive/beeline/target/tmp/alex/operation_logs/fed7f091-7b31-4911-99c7-7fe7e526d9cb/alex_20240501003148_deb17d88-58d5-4665-80e5-0e4579f060ff without delay
2024-05-01T00:31:48,694  INFO [EventualCleanupService thread 0] cleanup.EventualCleanupService: Deleted file:/home/alex/Repositories/hive/beeline/target/tmp/alex/fed7f091-7b31-4911-99c7-7fe7e526d9cb/hive_2024-05-01_00-31-48_655_5358803321781217972-1
2024-05-01T00:31:48,698  INFO [main] service.CompositeService: Session closed, SessionHandle [fed7f091-7b31-4911-99c7-7fe7e526d9cb], current sessions:0
2024-05-01T00:31:48,699  INFO [fed7f091-7b31-4911-99c7-7fe7e526d9cb main] session.HiveSessionImpl: Operation log session directory is deleted: /home/alex/Repositories/hive/beeline/target/tmp/alex/operation_logs/fed7f091-7b31-4911-99c7-7fe7e526d9cb
2024-05-01T00:31:48,700  INFO [main] cleanup.EventualCleanupService: Delete /tmp/hive/alex/fed7f091-7b31-4911-99c7-7fe7e526d9cb operation was queued
2024-05-01T00:31:48,700  INFO [main] cleanup.EventualCleanupService: Delete /home/alex/Repositories/hive/beeline/target/tmp/alex/fed7f091-7b31-4911-99c7-7fe7e526d9cb operation was queued
2024-05-01T00:31:48,700  INFO [EventualCleanupService thread 2] cleanup.EventualCleanupService: Deleted /home/alex/Repositories/hive/beeline/target/tmp/alex/fed7f091-7b31-4911-99c7-7fe7e526d9cb
2024-05-01T00:31:48,700  INFO [EventualCleanupService thread 1] cleanup.EventualCleanupService: Deleted /tmp/hive/alex/fed7f091-7b31-4911-99c7-7fe7e526d9cb
2024-05-01T00:31:48,701  INFO [main] HiveMetaStore.audit: ugi=alex	ip=unknown-ip-addr	cmd=Cleaning up thread local RawStore...	
2024-05-01T00:31:48,701  INFO [main] metastore.ObjectStore: RawStore: org.apache.hadoop.hive.metastore.ObjectStore@6ce2e079, with PersistenceManager: org.datanucleus.api.jdo.JDOPersistenceManager@3e39e0fb will be shutdown
2024-05-01T00:31:48,701  INFO [main] HiveMetaStore.audit: ugi=alex	ip=unknown-ip-addr	cmd=Done cleaning up thread local RawStore	
2024-05-01T00:31:48,701  INFO [main] metastore.HiveMetaStoreClient: Closed a connection to metastore, current connections: -8
2024-05-01T00:31:48,702 ERROR [main] cli.TestHiveCli: Failed due to the error:Connecting to jdbc:hive2://
Hive Session ID = a53fba28-1ff2-442b-9d52-b40e52a2ad79
ivysettings.xml file not found in HIVE_HOME or HIVE_CONF_DIR,/home/alex/Repositories/hive/conf/ivysettings.xml will be used
ivysettings.xml file not found in HIVE_HOME or HIVE_CONF_DIR,/home/alex/Repositories/hive/conf/ivysettings.xml will be used
Connected to: Apache Hive (version 4.0.0-SNAPSHOT)
Error: Couldn't load manifest attributes. (state=,code=0)
Transaction isolation: TRANSACTION_REPEATABLE_READ
INFO  : Compiling command(queryId=alex_20240501003148_9ed01267-5733-4993-a101-09eace36391a): use test
INFO  : Semantic Analysis Completed (retrial = false)
INFO  : Created Hive schema: Schema(fieldSchemas:null, properties:null)
INFO  : Completed compiling command(queryId=alex_20240501003148_9ed01267-5733-4993-a101-09eace36391a); Time taken: 0.013 seconds
INFO  : Concurrency mode is disabled, not creating a lock manager
INFO  : Executing command(queryId=alex_20240501003148_9ed01267-5733-4993-a101-09eace36391a): use test
INFO  : Starting task [Stage-0:DDL] in serial mode
DEBUG : Task getting executed using mapred tag : alex_20240501003148_9ed01267-5733-4993-a101-09eace36391a,userid=null
INFO  : Completed executing command(queryId=alex_20240501003148_9ed01267-5733-4993-a101-09eace36391a); Time taken: 0.014 seconds
DEBUG : Shutting down query use test
Error: Failed to wait for operation to complete (state=08S01,code=0)
Beeline version ??? by Apache Hive
hive> source /home/alex/Repositories/hive/beeline/target/tmp/test228066634800402274.sql;
INFO  : Compiling command(queryId=alex_20240501003148_deb17d88-58d5-4665-80e5-0e4579f060ff): show tables
INFO  : Semantic Analysis Completed (retrial = false)
INFO  : Created Hive schema: Schema(fieldSchemas:[FieldSchema(name:tab_name, type:string, comment:from deserializer)], properties:null)
INFO  : Completed compiling command(queryId=alex_20240501003148_deb17d88-58d5-4665-80e5-0e4579f060ff); Time taken: 0.007 seconds
INFO  : Concurrency mode is disabled, not creating a lock manager
INFO  : Executing command(queryId=alex_20240501003148_deb17d88-58d5-4665-80e5-0e4579f060ff): show tables
INFO  : Starting task [Stage-0:DDL] in serial mode
DEBUG : Task getting executed using mapred tag : alex_20240501003148_deb17d88-58d5-4665-80e5-0e4579f060ff,userid=null
INFO  : Completed executing command(queryId=alex_20240501003148_deb17d88-58d5-4665-80e5-0e4579f060ff); Time taken: 0.027 seconds
DEBUG : Shutting down query show tables
Error: Failed to wait for operation to complete (state=08S01,code=0)
hive> Closing: 0: jdbc:hive2://

]]></system-err>
  </testcase>
  <testcase name="testInvalidOptions2" classname="org.apache.hive.beeline.cli.TestHiveCli" time="0.005"/>
  <testcase name="testCmd" classname="org.apache.hive.beeline.cli.TestHiveCli" time="0.24">
    <failure type="java.lang.AssertionError"><![CDATA[java.lang.AssertionError: The expected keyword "src" occur in the output: 
	at org.junit.Assert.fail(Assert.java:89)
	at org.junit.Assert.assertTrue(Assert.java:42)
	at org.apache.hive.beeline.cli.TestHiveCli.verifyCMD(TestHiveCli.java:270)
	at org.apache.hive.beeline.cli.TestHiveCli.testCmd(TestHiveCli.java:72)
	at sun.reflect.NativeMethodAccessorImpl.invoke0(Native Method)
	at sun.reflect.NativeMethodAccessorImpl.invoke(NativeMethodAccessorImpl.java:62)
	at sun.reflect.DelegatingMethodAccessorImpl.invoke(DelegatingMethodAccessorImpl.java:43)
	at java.lang.reflect.Method.invoke(Method.java:498)
	at org.junit.runners.model.FrameworkMethod$1.runReflectiveCall(FrameworkMethod.java:59)
	at org.junit.internal.runners.model.ReflectiveCallable.run(ReflectiveCallable.java:12)
	at org.junit.runners.model.FrameworkMethod.invokeExplosively(FrameworkMethod.java:56)
	at org.junit.internal.runners.statements.InvokeMethod.evaluate(InvokeMethod.java:17)
	at org.junit.internal.runners.statements.RunBefores.evaluate(RunBefores.java:26)
	at org.junit.internal.runners.statements.RunAfters.evaluate(RunAfters.java:27)
	at org.junit.runners.ParentRunner$3.evaluate(ParentRunner.java:306)
	at org.junit.runners.BlockJUnit4ClassRunner$1.evaluate(BlockJUnit4ClassRunner.java:100)
	at org.junit.runners.ParentRunner.runLeaf(ParentRunner.java:366)
	at org.junit.runners.BlockJUnit4ClassRunner.runChild(BlockJUnit4ClassRunner.java:103)
	at org.junit.runners.BlockJUnit4ClassRunner.runChild(BlockJUnit4ClassRunner.java:63)
	at org.junit.runners.ParentRunner$4.run(ParentRunner.java:331)
	at org.junit.runners.ParentRunner$1.schedule(ParentRunner.java:79)
	at org.junit.runners.ParentRunner.runChildren(ParentRunner.java:329)
	at org.junit.runners.ParentRunner.access$100(ParentRunner.java:66)
	at org.junit.runners.ParentRunner$2.evaluate(ParentRunner.java:293)
	at org.junit.internal.runners.statements.RunBefores.evaluate(RunBefores.java:26)
	at org.junit.runners.ParentRunner$3.evaluate(ParentRunner.java:306)
	at org.junit.runners.ParentRunner.run(ParentRunner.java:413)
	at org.junit.runner.JUnitCore.run(JUnitCore.java:137)
	at org.junit.runner.JUnitCore.run(JUnitCore.java:115)
	at org.junit.vintage.engine.execution.RunnerExecutor.execute(RunnerExecutor.java:43)
	at java.util.stream.ForEachOps$ForEachOp$OfRef.accept(ForEachOps.java:183)
	at java.util.stream.ReferencePipeline$3$1.accept(ReferencePipeline.java:193)
	at java.util.Iterator.forEachRemaining(Iterator.java:116)
	at java.util.Spliterators$IteratorSpliterator.forEachRemaining(Spliterators.java:1801)
	at java.util.stream.AbstractPipeline.copyInto(AbstractPipeline.java:482)
	at java.util.stream.AbstractPipeline.wrapAndCopyInto(AbstractPipeline.java:472)
	at java.util.stream.ForEachOps$ForEachOp.evaluateSequential(ForEachOps.java:150)
	at java.util.stream.ForEachOps$ForEachOp$OfRef.evaluateSequential(ForEachOps.java:173)
	at java.util.stream.AbstractPipeline.evaluate(AbstractPipeline.java:234)
	at java.util.stream.ReferencePipeline.forEach(ReferencePipeline.java:485)
	at org.junit.vintage.engine.VintageTestEngine.executeAllChildren(VintageTestEngine.java:82)
	at org.junit.vintage.engine.VintageTestEngine.execute(VintageTestEngine.java:73)
	at org.junit.platform.launcher.core.DefaultLauncher.execute(DefaultLauncher.java:248)
	at org.junit.platform.launcher.core.DefaultLauncher.lambda$execute$5(DefaultLauncher.java:211)
	at org.junit.platform.launcher.core.DefaultLauncher.withInterceptedStreams(DefaultLauncher.java:226)
	at org.junit.platform.launcher.core.DefaultLauncher.execute(DefaultLauncher.java:199)
	at org.junit.platform.launcher.core.DefaultLauncher.execute(DefaultLauncher.java:132)
	at org.apache.maven.surefire.junitplatform.JUnitPlatformProvider.invokeAllTests(JUnitPlatformProvider.java:154)
	at org.apache.maven.surefire.junitplatform.JUnitPlatformProvider.invoke(JUnitPlatformProvider.java:123)
	at org.apache.maven.surefire.booter.ForkedBooter.runSuitesInProcess(ForkedBooter.java:377)
	at org.apache.maven.surefire.booter.ForkedBooter.execute(ForkedBooter.java:138)
	at org.apache.maven.surefire.booter.ForkedBooter.run(ForkedBooter.java:465)
	at org.apache.maven.surefire.booter.ForkedBooter.main(ForkedBooter.java:451)
]]></failure>
    <system-err><![CDATA[2024-05-01T00:31:48,709 ERROR [main] cli.TestHiveCli: Failed to execute command due to the error: java.lang.NullPointerException: Null output stream
2024-05-01T00:31:48,766  WARN [main] conf.HiveConf: HiveConf of name hive.dummyparam.test.server.specific.config.override does not exist
2024-05-01T00:31:48,766  WARN [main] conf.HiveConf: HiveConf of name hive.dummyparam.test.server.specific.config.hiveserver2site does not exist
2024-05-01T00:31:48,766  WARN [main] conf.HiveConf: HiveConf of name hive.dummyparam.test.server.specific.config.metastoresite does not exist
2024-05-01T00:31:48,767  INFO [main] SessionState: Hive Session ID = b1bc2b04-b7bc-4809-be5b-ffc5f1e3851a
2024-05-01T00:31:48,767  INFO [main] DependencyResolver: ivysettings.xml file not found in HIVE_HOME or HIVE_CONF_DIR,/home/alex/Repositories/hive/conf/ivysettings.xml will be used
2024-05-01T00:31:48,774  INFO [main] session.SessionState: Created HDFS directory: /tmp/hive/alex/b1bc2b04-b7bc-4809-be5b-ffc5f1e3851a
2024-05-01T00:31:48,778  INFO [main] session.SessionState: Created local directory: /home/alex/Repositories/hive/beeline/target/tmp/alex/b1bc2b04-b7bc-4809-be5b-ffc5f1e3851a
2024-05-01T00:31:48,782  INFO [main] session.SessionState: Created HDFS directory: /tmp/hive/alex/b1bc2b04-b7bc-4809-be5b-ffc5f1e3851a/_tmp_space.db
2024-05-01T00:31:48,782  INFO [main] sqlstd.SQLStdHiveAccessController: Created SQLStdHiveAccessController for session context : HiveAuthzSessionContext [sessionString=b1bc2b04-b7bc-4809-be5b-ffc5f1e3851a, clientType=HIVESERVER2]
2024-05-01T00:31:48,783  INFO [main] metastore.HiveMetaStoreClient: HMS client filtering is enabled.
2024-05-01T00:31:48,784  INFO [main] metastore.HMSHandler: 0: Opening raw store with implementation class:org.apache.hadoop.hive.metastore.ObjectStore
2024-05-01T00:31:48,784  INFO [main] metastore.PersistenceManagerProvider: Configuration datanucleus.autoStartMechanismMode is not set. Defaulting to 'ignored'
2024-05-01T00:31:48,784  INFO [main] metastore.ObjectStore: RawStore: org.apache.hadoop.hive.metastore.ObjectStore@660296d5, with PersistenceManager: null will be shutdown
2024-05-01T00:31:48,785  INFO [main] metastore.ObjectStore: RawStore: org.apache.hadoop.hive.metastore.ObjectStore@660296d5, with PersistenceManager: org.datanucleus.api.jdo.JDOPersistenceManager@6d3163a6 created in the thread with id: 1
2024-05-01T00:31:48,789  INFO [main] metastore.HMSHandler: Created RawStore: org.apache.hadoop.hive.metastore.ObjectStore@660296d5 from thread id: 1
2024-05-01T00:31:48,789  INFO [main] metastore.HMSHandler: HMS server filtering is disabled by configuration
2024-05-01T00:31:48,789  INFO [main] metastore.RetryingMetaStoreClient: RetryingMetaStoreClient proxy=class org.apache.hadoop.hive.ql.metadata.SessionHiveMetaStoreClient ugi=alex (auth:SIMPLE) retries=1 delay=1 lifetime=0
2024-05-01T00:31:48,790  INFO [main] service.CompositeService: Operation log root directory is created: /home/alex/Repositories/hive/beeline/target/tmp/alex/operation_logs
2024-05-01T00:31:48,790  INFO [main] service.CompositeService: HiveServer2: Background operation thread pool size: 100
2024-05-01T00:31:48,790  INFO [main] service.CompositeService: HiveServer2: Background operation thread wait queue size: 100
2024-05-01T00:31:48,790  INFO [main] service.CompositeService: HiveServer2: Background operation thread keepalive time: 10 seconds
2024-05-01T00:31:48,790  INFO [main] service.CompositeService: Connections limit are user: 0 ipaddress: 0 user-ipaddress: 0
2024-05-01T00:31:48,792  INFO [main] cleanup.EventualCleanupService: EventualCleanupService started with 10 threads and queue of size 10000
ERROR StatusLogger Log4j2 ConfigurationScheduler attempted to increment scheduled items after start
ERROR StatusLogger Log4j2 ConfigurationScheduler attempted to increment scheduled items after start
2024-05-01T00:31:48,793  INFO [main] service.AbstractService: Service:OperationManager is inited.
2024-05-01T00:31:48,793  INFO [main] service.AbstractService: Service:SessionManager is inited.
2024-05-01T00:31:48,793  INFO [main] service.AbstractService: Service:CLIService is inited.
2024-05-01T00:31:48,793  INFO [main] service.AbstractService: Service:OperationManager is started.
2024-05-01T00:31:48,793  INFO [main] service.AbstractService: Service:SessionManager is started.
2024-05-01T00:31:48,794  INFO [main] service.AbstractService: Service:CLIService is started.
2024-05-01T00:31:48,794  INFO [main] service.AbstractService: Service:ThriftBinaryCLIService is inited.
2024-05-01T00:31:48,794  INFO [main] thrift.ThriftCLIService: Client protocol version: HIVE_CLI_SERVICE_PROTOCOL_V10
2024-05-01T00:31:48,794  INFO [main] thrift.ThriftCLIService: Creating Hive session handle for user [null] from IP null
2024-05-01T00:31:48,795  INFO [main] DependencyResolver: ivysettings.xml file not found in HIVE_HOME or HIVE_CONF_DIR,/home/alex/Repositories/hive/conf/ivysettings.xml will be used
2024-05-01T00:31:48,803  INFO [main] session.SessionState: Created HDFS directory: /tmp/hive/alex/d0bbc1ff-2aea-412d-b306-5afc7b37cb2d
2024-05-01T00:31:48,806  INFO [main] session.SessionState: Created local directory: /home/alex/Repositories/hive/beeline/target/tmp/alex/d0bbc1ff-2aea-412d-b306-5afc7b37cb2d
2024-05-01T00:31:48,809  INFO [main] session.SessionState: Created HDFS directory: /tmp/hive/alex/d0bbc1ff-2aea-412d-b306-5afc7b37cb2d/_tmp_space.db
2024-05-01T00:31:48,810  INFO [main] session.SessionState: Reloading auxiliary JAR files
2024-05-01T00:31:48,810  WARN [main] session.SessionState: Configuration hive.reloadable.aux.jars.path not specified
2024-05-01T00:31:48,810  INFO [main] HiveMetaStore.audit: ugi=alex	ip=unknown-ip-addr	cmd=Cleaning up thread local RawStore...	
2024-05-01T00:31:48,810  INFO [main] metastore.ObjectStore: RawStore: org.apache.hadoop.hive.metastore.ObjectStore@660296d5, with PersistenceManager: org.datanucleus.api.jdo.JDOPersistenceManager@6d3163a6 will be shutdown
2024-05-01T00:31:48,810  INFO [main] HiveMetaStore.audit: ugi=alex	ip=unknown-ip-addr	cmd=Done cleaning up thread local RawStore	
2024-05-01T00:31:48,810  INFO [main] metastore.HiveMetaStoreClient: Closed a connection to metastore, current connections: -9
2024-05-01T00:31:48,810  INFO [main] session.HiveSessionImpl: Operation log session directory is created: /home/alex/Repositories/hive/beeline/target/tmp/alex/operation_logs/d0bbc1ff-2aea-412d-b306-5afc7b37cb2d
2024-05-01T00:31:48,810  INFO [main] service.CompositeService: Session opened, SessionHandle [d0bbc1ff-2aea-412d-b306-5afc7b37cb2d], current sessions:1
2024-05-01T00:31:48,810  INFO [main] thrift.ThriftCLIService: Login attempt is successful for user : null
2024-05-01T00:31:48,864  WARN [main] conf.HiveConf: HiveConf of name hive.dummyparam.test.server.specific.config.override does not exist
2024-05-01T00:31:48,864  WARN [main] conf.HiveConf: HiveConf of name hive.dummyparam.test.server.specific.config.hiveserver2site does not exist
2024-05-01T00:31:48,865  WARN [main] conf.HiveConf: HiveConf of name hive.dummyparam.test.server.specific.config.metastoresite does not exist
2024-05-01T00:31:48,865  INFO [d0bbc1ff-2aea-412d-b306-5afc7b37cb2d main] session.HiveSessionImpl: executing set
2024-05-01T00:31:48,866  INFO [d0bbc1ff-2aea-412d-b306-5afc7b37cb2d main] operation.HiveCommandOperation: Putting temp output to file /home/alex/Repositories/hive/beeline/target/tmp/alex/d0bbc1ff-2aea-412d-b306-5afc7b37cb2d7399934016867115944.pipeout and error output to file /home/alex/Repositories/hive/beeline/target/tmp/alex/d0bbc1ff-2aea-412d-b306-5afc7b37cb2d6444908923205941602.pipeout
2024-05-01T00:31:48,866  INFO [d0bbc1ff-2aea-412d-b306-5afc7b37cb2d main] operation.OperationManager: Adding operation: OperationHandle [opType=EXECUTE_STATEMENT, getHandleIdentifier()=c2bd92cd-ec2e-4cb9-9393-82a4beacbb2d] SessionHandle [d0bbc1ff-2aea-412d-b306-5afc7b37cb2d]
2024-05-01T00:31:48,866  INFO [d0bbc1ff-2aea-412d-b306-5afc7b37cb2d main] common.LogUtils: Thread context registration is done.
DEBUG StatusLogger Building Plugin[name=filter, class=org.apache.hadoop.hive.ql.log.LogDivertAppender$NameFilter].
DEBUG StatusLogger createFilter(loggingLevel="EXECUTION")
DEBUG StatusLogger Building Plugin[name=layout, class=org.apache.logging.log4j.core.layout.PatternLayout].
DEBUG StatusLogger PatternLayout$Builder(pattern="%-5p : %m%n", PatternSelector=null, Configuration(HiveLog4j2Test), Replace=null, charset="null", alwaysWriteExceptions="null", disableAnsi="null", noConsoleNoAnsi="null", header="null", footer="null")
DEBUG StatusLogger Building Plugin[name=appender, class=org.apache.hadoop.hive.ql.log.HushableRandomAccessFileAppender].
DEBUG StatusLogger createAppender(fileName="/home/alex/Repositories/hive/beeline/target/tmp/alex/operation_logs/d0bbc1ff-2aea-412d-b306-5afc7b37cb2d/alex_20240501003148_9fb70923-5864-48e2-86af-df87f2f2c68e", append="null", name="query-file-appender", immediateFlush="null", bufferSize="null", ignoreExceptions="null", PatternLayout(org.apache.logging.log4j.core.layout.PatternLayout with name PatternLayout), NameFilter(org.apache.hadoop.hive.ql.log.LogDivertAppender$NameFilter with name NameFilter), advertise="null", advertiseURI="null", Configuration(HiveLog4j2Test))
DEBUG StatusLogger Starting RandomAccessFileManager /home/alex/Repositories/hive/beeline/target/tmp/alex/operation_logs/d0bbc1ff-2aea-412d-b306-5afc7b37cb2d/alex_20240501003148_9fb70923-5864-48e2-86af-df87f2f2c68e
DEBUG StatusLogger Building Plugin[name=, class=org.apache.hadoop.hive.ql.log.LogDivertAppenderForTest$TestFilter].
DEBUG StatusLogger createFilter()
DEBUG StatusLogger Building Plugin[name=, class=org.apache.logging.log4j.core.layout.PatternLayout].
DEBUG StatusLogger PatternLayout$Builder(pattern="%-5p : %m%n", PatternSelector=null, Configuration(HiveLog4j2Test), Replace=null, charset="null", alwaysWriteExceptions="null", disableAnsi="null", noConsoleNoAnsi="null", header="null", footer="null")
DEBUG StatusLogger Building Plugin[name=appender, class=org.apache.hadoop.hive.ql.log.HushableRandomAccessFileAppender].
DEBUG StatusLogger createAppender(fileName="/home/alex/Repositories/hive/beeline/target/tmp/alex/operation_logs/d0bbc1ff-2aea-412d-b306-5afc7b37cb2d/alex_20240501003148_9fb70923-5864-48e2-86af-df87f2f2c68e.test", append="null", name="test-query-file-appender", immediateFlush="null", bufferSize="null", ignoreExceptions="null", PatternLayout(org.apache.logging.log4j.core.layout.PatternLayout with name PatternLayout), test-filter(org.apache.hadoop.hive.ql.log.LogDivertAppenderForTest$TestFilter with name test-filter), advertise="null", advertiseURI="null", Configuration(HiveLog4j2Test))
DEBUG StatusLogger Starting RandomAccessFileManager /home/alex/Repositories/hive/beeline/target/tmp/alex/operation_logs/d0bbc1ff-2aea-412d-b306-5afc7b37cb2d/alex_20240501003148_9fb70923-5864-48e2-86af-df87f2f2c68e.test
2024-05-01T00:31:48,870  INFO [d0bbc1ff-2aea-412d-b306-5afc7b37cb2d main] operation.HiveCommandOperation: [opType=EXECUTE_STATEMENT, queryId=alex_20240501003148_9fb70923-5864-48e2-86af-df87f2f2c68e, startTime=1714548708865, sessionId=d0bbc1ff-2aea-412d-b306-5afc7b37cb2d, createTime=1714548708794, userName=null, ipAddress=null]
2024-05-01T00:31:48,878  INFO [d0bbc1ff-2aea-412d-b306-5afc7b37cb2d main] common.LogUtils: Unregistered logging context.
2024-05-01T00:31:48,881  INFO [d0bbc1ff-2aea-412d-b306-5afc7b37cb2d main] operation.OperationManager: Closing operation: OperationHandle [opType=EXECUTE_STATEMENT, getHandleIdentifier()=c2bd92cd-ec2e-4cb9-9393-82a4beacbb2d]
2024-05-01T00:31:48,881  INFO [d0bbc1ff-2aea-412d-b306-5afc7b37cb2d main] operation.OperationManager: Removed queryId: alex_20240501003148_9fb70923-5864-48e2-86af-df87f2f2c68e corresponding to operation: OperationHandle [opType=EXECUTE_STATEMENT, getHandleIdentifier()=c2bd92cd-ec2e-4cb9-9393-82a4beacbb2d] with tag: null
2024-05-01T00:31:48,882  INFO [d0bbc1ff-2aea-412d-b306-5afc7b37cb2d main] operation.HiveCommandOperation: Closing operation log /home/alex/Repositories/hive/beeline/target/tmp/alex/operation_logs/d0bbc1ff-2aea-412d-b306-5afc7b37cb2d/alex_20240501003148_9fb70923-5864-48e2-86af-df87f2f2c68e without delay
2024-05-01T00:31:48,889  INFO [d0bbc1ff-2aea-412d-b306-5afc7b37cb2d main] session.HiveSessionImpl: executing show tables
2024-05-01T00:31:48,890  INFO [d0bbc1ff-2aea-412d-b306-5afc7b37cb2d main] operation.OperationManager: Adding operation: OperationHandle [opType=EXECUTE_STATEMENT, getHandleIdentifier()=e5430596-e251-40ca-a978-0432d75a3d6a] SessionHandle [d0bbc1ff-2aea-412d-b306-5afc7b37cb2d]
2024-05-01T00:31:48,890  INFO [d0bbc1ff-2aea-412d-b306-5afc7b37cb2d main] common.LogUtils: Thread context registration is done.
DEBUG StatusLogger Building Plugin[name=filter, class=org.apache.hadoop.hive.ql.log.LogDivertAppender$NameFilter].
DEBUG StatusLogger createFilter(loggingLevel="EXECUTION")
DEBUG StatusLogger Building Plugin[name=layout, class=org.apache.logging.log4j.core.layout.PatternLayout].
DEBUG StatusLogger PatternLayout$Builder(pattern="%-5p : %m%n", PatternSelector=null, Configuration(HiveLog4j2Test), Replace=null, charset="null", alwaysWriteExceptions="null", disableAnsi="null", noConsoleNoAnsi="null", header="null", footer="null")
DEBUG StatusLogger Building Plugin[name=appender, class=org.apache.hadoop.hive.ql.log.HushableRandomAccessFileAppender].
DEBUG StatusLogger createAppender(fileName="/home/alex/Repositories/hive/beeline/target/tmp/alex/operation_logs/d0bbc1ff-2aea-412d-b306-5afc7b37cb2d/alex_20240501003148_4abc8100-65d0-4e6b-9702-818908daaa4e", append="null", name="query-file-appender", immediateFlush="null", bufferSize="null", ignoreExceptions="null", PatternLayout(org.apache.logging.log4j.core.layout.PatternLayout with name PatternLayout), NameFilter(org.apache.hadoop.hive.ql.log.LogDivertAppender$NameFilter with name NameFilter), advertise="null", advertiseURI="null", Configuration(HiveLog4j2Test))
DEBUG StatusLogger Starting RandomAccessFileManager /home/alex/Repositories/hive/beeline/target/tmp/alex/operation_logs/d0bbc1ff-2aea-412d-b306-5afc7b37cb2d/alex_20240501003148_4abc8100-65d0-4e6b-9702-818908daaa4e
DEBUG StatusLogger Building Plugin[name=, class=org.apache.hadoop.hive.ql.log.LogDivertAppenderForTest$TestFilter].
DEBUG StatusLogger createFilter()
DEBUG StatusLogger Building Plugin[name=, class=org.apache.logging.log4j.core.layout.PatternLayout].
DEBUG StatusLogger PatternLayout$Builder(pattern="%-5p : %m%n", PatternSelector=null, Configuration(HiveLog4j2Test), Replace=null, charset="null", alwaysWriteExceptions="null", disableAnsi="null", noConsoleNoAnsi="null", header="null", footer="null")
DEBUG StatusLogger Building Plugin[name=appender, class=org.apache.hadoop.hive.ql.log.HushableRandomAccessFileAppender].
DEBUG StatusLogger createAppender(fileName="/home/alex/Repositories/hive/beeline/target/tmp/alex/operation_logs/d0bbc1ff-2aea-412d-b306-5afc7b37cb2d/alex_20240501003148_4abc8100-65d0-4e6b-9702-818908daaa4e.test", append="null", name="test-query-file-appender", immediateFlush="null", bufferSize="null", ignoreExceptions="null", PatternLayout(org.apache.logging.log4j.core.layout.PatternLayout with name PatternLayout), test-filter(org.apache.hadoop.hive.ql.log.LogDivertAppenderForTest$TestFilter with name test-filter), advertise="null", advertiseURI="null", Configuration(HiveLog4j2Test))
DEBUG StatusLogger Starting RandomAccessFileManager /home/alex/Repositories/hive/beeline/target/tmp/alex/operation_logs/d0bbc1ff-2aea-412d-b306-5afc7b37cb2d/alex_20240501003148_4abc8100-65d0-4e6b-9702-818908daaa4e.test
2024-05-01T00:31:48,894  INFO [d0bbc1ff-2aea-412d-b306-5afc7b37cb2d main] operation.SQLOperation: [opType=EXECUTE_STATEMENT, queryId=alex_20240501003148_4abc8100-65d0-4e6b-9702-818908daaa4e, startTime=1714548708889, sessionId=d0bbc1ff-2aea-412d-b306-5afc7b37cb2d, createTime=1714548708794, userName=null, ipAddress=null]
2024-05-01T00:31:48,895  INFO [d0bbc1ff-2aea-412d-b306-5afc7b37cb2d main] ql.Driver: Compiling command(queryId=alex_20240501003148_4abc8100-65d0-4e6b-9702-818908daaa4e): show tables
2024-05-01T00:31:48,895  INFO [d0bbc1ff-2aea-412d-b306-5afc7b37cb2d main] metastore.HiveMetaStoreClient: HMS client filtering is enabled.
2024-05-01T00:31:48,896  INFO [d0bbc1ff-2aea-412d-b306-5afc7b37cb2d main] metastore.HMSHandler: 0: Opening raw store with implementation class:org.apache.hadoop.hive.metastore.ObjectStore
2024-05-01T00:31:48,896  INFO [d0bbc1ff-2aea-412d-b306-5afc7b37cb2d main] metastore.PersistenceManagerProvider: Configuration datanucleus.autoStartMechanismMode is not set. Defaulting to 'ignored'
2024-05-01T00:31:48,897  INFO [d0bbc1ff-2aea-412d-b306-5afc7b37cb2d main] metastore.ObjectStore: RawStore: org.apache.hadoop.hive.metastore.ObjectStore@8af1c49, with PersistenceManager: null will be shutdown
2024-05-01T00:31:48,897  INFO [d0bbc1ff-2aea-412d-b306-5afc7b37cb2d main] metastore.ObjectStore: RawStore: org.apache.hadoop.hive.metastore.ObjectStore@8af1c49, with PersistenceManager: org.datanucleus.api.jdo.JDOPersistenceManager@70d5d96b created in the thread with id: 1
2024-05-01T00:31:48,900  INFO [d0bbc1ff-2aea-412d-b306-5afc7b37cb2d main] metastore.HMSHandler: Created RawStore: org.apache.hadoop.hive.metastore.ObjectStore@8af1c49 from thread id: 1
2024-05-01T00:31:48,900  INFO [d0bbc1ff-2aea-412d-b306-5afc7b37cb2d main] metastore.HMSHandler: HMS server filtering is disabled by configuration
2024-05-01T00:31:48,900  INFO [d0bbc1ff-2aea-412d-b306-5afc7b37cb2d main] metastore.RetryingMetaStoreClient: RetryingMetaStoreClient proxy=class org.apache.hadoop.hive.ql.metadata.SessionHiveMetaStoreClient ugi=alex (auth:SIMPLE) retries=1 delay=1 lifetime=0
2024-05-01T00:31:48,904  INFO [d0bbc1ff-2aea-412d-b306-5afc7b37cb2d main] HiveMetaStore.audit: ugi=alex	ip=unknown-ip-addr	cmd=get_database: default	
2024-05-01T00:31:48,906  INFO [d0bbc1ff-2aea-412d-b306-5afc7b37cb2d main] ql.Driver: Semantic Analysis Completed (retrial = false)
2024-05-01T00:31:48,906  INFO [d0bbc1ff-2aea-412d-b306-5afc7b37cb2d main] ql.Driver: Created Hive schema: Schema(fieldSchemas:[FieldSchema(name:tab_name, type:string, comment:from deserializer)], properties:null)
2024-05-01T00:31:48,907  INFO [d0bbc1ff-2aea-412d-b306-5afc7b37cb2d main] exec.ListSinkOperator: Initializing Operator: LIST_SINK[0]
2024-05-01T00:31:48,907  INFO [d0bbc1ff-2aea-412d-b306-5afc7b37cb2d main] metadata.Hive: Dumping metastore api call timing information for : compilation phase
2024-05-01T00:31:48,907  INFO [d0bbc1ff-2aea-412d-b306-5afc7b37cb2d main] metadata.Hive: Total time spent in each metastore function (ms): {isCompatibleWith_(Configuration)=1, getDatabase_(String)=2, flushCache_()=0}
2024-05-01T00:31:48,908  INFO [d0bbc1ff-2aea-412d-b306-5afc7b37cb2d main] ql.Driver: Completed compiling command(queryId=alex_20240501003148_4abc8100-65d0-4e6b-9702-818908daaa4e); Time taken: 0.012 seconds
2024-05-01T00:31:48,908  INFO [d0bbc1ff-2aea-412d-b306-5afc7b37cb2d main] common.LogUtils: Unregistered logging context.
2024-05-01T00:31:48,908  INFO [HiveServer2-Background-Pool: Thread-200] common.LogUtils: Thread context registration is done.
2024-05-01T00:31:48,909  INFO [HiveServer2-Background-Pool: Thread-200] reexec.ReExecDriver: Execution #1 of query
2024-05-01T00:31:48,909  INFO [HiveServer2-Background-Pool: Thread-200] ql.Driver: Concurrency mode is disabled, not creating a lock manager
2024-05-01T00:31:48,909  INFO [HiveServer2-Background-Pool: Thread-200] ql.Driver: Executing command(queryId=alex_20240501003148_4abc8100-65d0-4e6b-9702-818908daaa4e): show tables
2024-05-01T00:31:48,910  INFO [HiveServer2-Background-Pool: Thread-200] ql.Driver: Starting task [Stage-0:DDL] in serial mode
2024-05-01T00:31:48,912  INFO [HiveServer2-Background-Pool: Thread-200] HiveMetaStore.audit: ugi=alex	ip=unknown-ip-addr	cmd=get_database: default	
2024-05-01T00:31:48,913  INFO [HiveServer2-Background-Pool: Thread-200] metastore.HMSHandler: 9: Opening raw store with implementation class:org.apache.hadoop.hive.metastore.ObjectStore
2024-05-01T00:31:48,914  INFO [HiveServer2-Background-Pool: Thread-200] metastore.ObjectStore: RawStore: org.apache.hadoop.hive.metastore.ObjectStore@76c56f28, with PersistenceManager: null will be shutdown
2024-05-01T00:31:48,914  INFO [HiveServer2-Background-Pool: Thread-200] metastore.ObjectStore: RawStore: org.apache.hadoop.hive.metastore.ObjectStore@76c56f28, with PersistenceManager: org.datanucleus.api.jdo.JDOPersistenceManager@24d32caa created in the thread with id: 200
2024-05-01T00:31:48,919  INFO [HiveServer2-Background-Pool: Thread-200] metastore.HMSHandler: Created RawStore: org.apache.hadoop.hive.metastore.ObjectStore@76c56f28 from thread id: 200
2024-05-01T00:31:48,922  INFO [HiveServer2-Background-Pool: Thread-200] HiveMetaStore.audit: ugi=alex	ip=unknown-ip-addr	cmd=get_multi_table : db=default tbls=null	
2024-05-01T00:31:48,925  INFO [HiveServer2-Background-Pool: Thread-200] sqlstd.SQLStdHiveAccessController: Created SQLStdHiveAccessController for session context : HiveAuthzSessionContext [sessionString=d0bbc1ff-2aea-412d-b306-5afc7b37cb2d, clientType=HIVESERVER2]
2024-05-01T00:31:48,933  INFO [HiveServer2-Background-Pool: Thread-200] metadata.Hive: Dumping metastore api call timing information for : execution phase
2024-05-01T00:31:48,933  INFO [HiveServer2-Background-Pool: Thread-200] metadata.Hive: Total time spent in each metastore function (ms): {isCompatibleWith_(Configuration)=1, getDatabase_(String)=9, getTables_(String, String)=6}
2024-05-01T00:31:48,933  INFO [HiveServer2-Background-Pool: Thread-200] ql.Driver: Completed executing command(queryId=alex_20240501003148_4abc8100-65d0-4e6b-9702-818908daaa4e); Time taken: 0.024 seconds
2024-05-01T00:31:48,934  INFO [HiveServer2-Background-Pool: Thread-200] common.LogUtils: Unregistered logging context.
2024-05-01T00:31:48,936  INFO [d0bbc1ff-2aea-412d-b306-5afc7b37cb2d main] operation.OperationManager: Closing operation: OperationHandle [opType=EXECUTE_STATEMENT, getHandleIdentifier()=e5430596-e251-40ca-a978-0432d75a3d6a]
2024-05-01T00:31:48,936  INFO [d0bbc1ff-2aea-412d-b306-5afc7b37cb2d main] operation.OperationManager: Removed queryId: alex_20240501003148_4abc8100-65d0-4e6b-9702-818908daaa4e corresponding to operation: OperationHandle [opType=EXECUTE_STATEMENT, getHandleIdentifier()=e5430596-e251-40ca-a978-0432d75a3d6a] with tag: null
2024-05-01T00:31:48,936  INFO [d0bbc1ff-2aea-412d-b306-5afc7b37cb2d main] ql.Context: Deleting scratch dir: file:/home/alex/Repositories/hive/beeline/target/tmp/alex/d0bbc1ff-2aea-412d-b306-5afc7b37cb2d/hive_2024-05-01_00-31-48_894_7539183162152611860-1
2024-05-01T00:31:48,937  INFO [d0bbc1ff-2aea-412d-b306-5afc7b37cb2d main] cleanup.EventualCleanupService: Delete file:/home/alex/Repositories/hive/beeline/target/tmp/alex/d0bbc1ff-2aea-412d-b306-5afc7b37cb2d/hive_2024-05-01_00-31-48_894_7539183162152611860-1 operation was queued
2024-05-01T00:31:48,937  INFO [d0bbc1ff-2aea-412d-b306-5afc7b37cb2d main] exec.ListSinkOperator: Closing Operator: LIST_SINK[0]
2024-05-01T00:31:48,937  INFO [d0bbc1ff-2aea-412d-b306-5afc7b37cb2d main] exec.ListSinkOperator: RECORDS_OUT_INTERMEDIATE:0, RECORDS_OUT_OPERATOR_LIST_SINK_0:0, 
2024-05-01T00:31:48,937  INFO [d0bbc1ff-2aea-412d-b306-5afc7b37cb2d main] operation.SQLOperation: Closing operation log /home/alex/Repositories/hive/beeline/target/tmp/alex/operation_logs/d0bbc1ff-2aea-412d-b306-5afc7b37cb2d/alex_20240501003148_4abc8100-65d0-4e6b-9702-818908daaa4e without delay
2024-05-01T00:31:48,937  INFO [EventualCleanupService thread 0] cleanup.EventualCleanupService: Deleted file:/home/alex/Repositories/hive/beeline/target/tmp/alex/d0bbc1ff-2aea-412d-b306-5afc7b37cb2d/hive_2024-05-01_00-31-48_894_7539183162152611860-1
2024-05-01T00:31:48,945  INFO [main] service.CompositeService: Session closed, SessionHandle [d0bbc1ff-2aea-412d-b306-5afc7b37cb2d], current sessions:0
2024-05-01T00:31:48,946  INFO [d0bbc1ff-2aea-412d-b306-5afc7b37cb2d main] session.HiveSessionImpl: Operation log session directory is deleted: /home/alex/Repositories/hive/beeline/target/tmp/alex/operation_logs/d0bbc1ff-2aea-412d-b306-5afc7b37cb2d
2024-05-01T00:31:48,946  INFO [main] cleanup.EventualCleanupService: Delete /tmp/hive/alex/d0bbc1ff-2aea-412d-b306-5afc7b37cb2d operation was queued
2024-05-01T00:31:48,946  INFO [main] cleanup.EventualCleanupService: Delete /home/alex/Repositories/hive/beeline/target/tmp/alex/d0bbc1ff-2aea-412d-b306-5afc7b37cb2d operation was queued
2024-05-01T00:31:48,946  INFO [EventualCleanupService thread 2] cleanup.EventualCleanupService: Deleted /home/alex/Repositories/hive/beeline/target/tmp/alex/d0bbc1ff-2aea-412d-b306-5afc7b37cb2d
2024-05-01T00:31:48,946  INFO [EventualCleanupService thread 1] cleanup.EventualCleanupService: Deleted /tmp/hive/alex/d0bbc1ff-2aea-412d-b306-5afc7b37cb2d
2024-05-01T00:31:48,947  INFO [main] HiveMetaStore.audit: ugi=alex	ip=unknown-ip-addr	cmd=Cleaning up thread local RawStore...	
2024-05-01T00:31:48,947  INFO [main] metastore.ObjectStore: RawStore: org.apache.hadoop.hive.metastore.ObjectStore@8af1c49, with PersistenceManager: org.datanucleus.api.jdo.JDOPersistenceManager@70d5d96b will be shutdown
2024-05-01T00:31:48,947  INFO [main] HiveMetaStore.audit: ugi=alex	ip=unknown-ip-addr	cmd=Done cleaning up thread local RawStore	
2024-05-01T00:31:48,947  INFO [main] metastore.HiveMetaStoreClient: Closed a connection to metastore, current connections: -10
]]></system-err>
  </testcase>
  <testcase name="testHelp" classname="org.apache.hive.beeline.cli.TestHiveCli" time="0.002"/>
  <testcase name="testSourceCmd" classname="org.apache.hive.beeline.cli.TestHiveCli" time="0.347">
    <failure type="java.lang.AssertionError"><![CDATA[java.lang.AssertionError: The expected keyword "sc1" occur in the output: 
	at org.junit.Assert.fail(Assert.java:89)
	at org.junit.Assert.assertTrue(Assert.java:42)
	at org.apache.hive.beeline.cli.TestHiveCli.verifyCMD(TestHiveCli.java:270)
	at org.apache.hive.beeline.cli.TestHiveCli.testSourceCmd(TestHiveCli.java:114)
	at sun.reflect.NativeMethodAccessorImpl.invoke0(Native Method)
	at sun.reflect.NativeMethodAccessorImpl.invoke(NativeMethodAccessorImpl.java:62)
	at sun.reflect.DelegatingMethodAccessorImpl.invoke(DelegatingMethodAccessorImpl.java:43)
	at java.lang.reflect.Method.invoke(Method.java:498)
	at org.junit.runners.model.FrameworkMethod$1.runReflectiveCall(FrameworkMethod.java:59)
	at org.junit.internal.runners.model.ReflectiveCallable.run(ReflectiveCallable.java:12)
	at org.junit.runners.model.FrameworkMethod.invokeExplosively(FrameworkMethod.java:56)
	at org.junit.internal.runners.statements.InvokeMethod.evaluate(InvokeMethod.java:17)
	at org.junit.internal.runners.statements.RunBefores.evaluate(RunBefores.java:26)
	at org.junit.internal.runners.statements.RunAfters.evaluate(RunAfters.java:27)
	at org.junit.runners.ParentRunner$3.evaluate(ParentRunner.java:306)
	at org.junit.runners.BlockJUnit4ClassRunner$1.evaluate(BlockJUnit4ClassRunner.java:100)
	at org.junit.runners.ParentRunner.runLeaf(ParentRunner.java:366)
	at org.junit.runners.BlockJUnit4ClassRunner.runChild(BlockJUnit4ClassRunner.java:103)
	at org.junit.runners.BlockJUnit4ClassRunner.runChild(BlockJUnit4ClassRunner.java:63)
	at org.junit.runners.ParentRunner$4.run(ParentRunner.java:331)
	at org.junit.runners.ParentRunner$1.schedule(ParentRunner.java:79)
	at org.junit.runners.ParentRunner.runChildren(ParentRunner.java:329)
	at org.junit.runners.ParentRunner.access$100(ParentRunner.java:66)
	at org.junit.runners.ParentRunner$2.evaluate(ParentRunner.java:293)
	at org.junit.internal.runners.statements.RunBefores.evaluate(RunBefores.java:26)
	at org.junit.runners.ParentRunner$3.evaluate(ParentRunner.java:306)
	at org.junit.runners.ParentRunner.run(ParentRunner.java:413)
	at org.junit.runner.JUnitCore.run(JUnitCore.java:137)
	at org.junit.runner.JUnitCore.run(JUnitCore.java:115)
	at org.junit.vintage.engine.execution.RunnerExecutor.execute(RunnerExecutor.java:43)
	at java.util.stream.ForEachOps$ForEachOp$OfRef.accept(ForEachOps.java:183)
	at java.util.stream.ReferencePipeline$3$1.accept(ReferencePipeline.java:193)
	at java.util.Iterator.forEachRemaining(Iterator.java:116)
	at java.util.Spliterators$IteratorSpliterator.forEachRemaining(Spliterators.java:1801)
	at java.util.stream.AbstractPipeline.copyInto(AbstractPipeline.java:482)
	at java.util.stream.AbstractPipeline.wrapAndCopyInto(AbstractPipeline.java:472)
	at java.util.stream.ForEachOps$ForEachOp.evaluateSequential(ForEachOps.java:150)
	at java.util.stream.ForEachOps$ForEachOp$OfRef.evaluateSequential(ForEachOps.java:173)
	at java.util.stream.AbstractPipeline.evaluate(AbstractPipeline.java:234)
	at java.util.stream.ReferencePipeline.forEach(ReferencePipeline.java:485)
	at org.junit.vintage.engine.VintageTestEngine.executeAllChildren(VintageTestEngine.java:82)
	at org.junit.vintage.engine.VintageTestEngine.execute(VintageTestEngine.java:73)
	at org.junit.platform.launcher.core.DefaultLauncher.execute(DefaultLauncher.java:248)
	at org.junit.platform.launcher.core.DefaultLauncher.lambda$execute$5(DefaultLauncher.java:211)
	at org.junit.platform.launcher.core.DefaultLauncher.withInterceptedStreams(DefaultLauncher.java:226)
	at org.junit.platform.launcher.core.DefaultLauncher.execute(DefaultLauncher.java:199)
	at org.junit.platform.launcher.core.DefaultLauncher.execute(DefaultLauncher.java:132)
	at org.apache.maven.surefire.junitplatform.JUnitPlatformProvider.invokeAllTests(JUnitPlatformProvider.java:154)
	at org.apache.maven.surefire.junitplatform.JUnitPlatformProvider.invoke(JUnitPlatformProvider.java:123)
	at org.apache.maven.surefire.booter.ForkedBooter.runSuitesInProcess(ForkedBooter.java:377)
	at org.apache.maven.surefire.booter.ForkedBooter.execute(ForkedBooter.java:138)
	at org.apache.maven.surefire.booter.ForkedBooter.run(ForkedBooter.java:465)
	at org.apache.maven.surefire.booter.ForkedBooter.main(ForkedBooter.java:451)
]]></failure>
    <system-err><![CDATA[2024-05-01T00:31:48,951 ERROR [main] cli.TestHiveCli: Failed to execute command due to the error: java.lang.NullPointerException: Null output stream
2024-05-01T00:31:49,005  WARN [main] conf.HiveConf: HiveConf of name hive.dummyparam.test.server.specific.config.override does not exist
2024-05-01T00:31:49,006  WARN [main] conf.HiveConf: HiveConf of name hive.dummyparam.test.server.specific.config.hiveserver2site does not exist
2024-05-01T00:31:49,006  WARN [main] conf.HiveConf: HiveConf of name hive.dummyparam.test.server.specific.config.metastoresite does not exist
2024-05-01T00:31:49,006  INFO [main] SessionState: Hive Session ID = 617e2d41-3391-4c7a-87af-e1244e8c906a
2024-05-01T00:31:49,007  INFO [main] DependencyResolver: ivysettings.xml file not found in HIVE_HOME or HIVE_CONF_DIR,/home/alex/Repositories/hive/conf/ivysettings.xml will be used
2024-05-01T00:31:49,014  INFO [main] session.SessionState: Created HDFS directory: /tmp/hive/alex/617e2d41-3391-4c7a-87af-e1244e8c906a
2024-05-01T00:31:49,017  INFO [main] session.SessionState: Created local directory: /home/alex/Repositories/hive/beeline/target/tmp/alex/617e2d41-3391-4c7a-87af-e1244e8c906a
2024-05-01T00:31:49,021  INFO [main] session.SessionState: Created HDFS directory: /tmp/hive/alex/617e2d41-3391-4c7a-87af-e1244e8c906a/_tmp_space.db
2024-05-01T00:31:49,021  INFO [main] sqlstd.SQLStdHiveAccessController: Created SQLStdHiveAccessController for session context : HiveAuthzSessionContext [sessionString=617e2d41-3391-4c7a-87af-e1244e8c906a, clientType=HIVESERVER2]
2024-05-01T00:31:49,022  INFO [main] metastore.HiveMetaStoreClient: HMS client filtering is enabled.
2024-05-01T00:31:49,022  INFO [main] metastore.HMSHandler: 0: Opening raw store with implementation class:org.apache.hadoop.hive.metastore.ObjectStore
2024-05-01T00:31:49,022  INFO [main] metastore.PersistenceManagerProvider: Configuration datanucleus.autoStartMechanismMode is not set. Defaulting to 'ignored'
2024-05-01T00:31:49,023  INFO [main] metastore.ObjectStore: RawStore: org.apache.hadoop.hive.metastore.ObjectStore@73b0ed03, with PersistenceManager: null will be shutdown
2024-05-01T00:31:49,023  INFO [main] metastore.ObjectStore: RawStore: org.apache.hadoop.hive.metastore.ObjectStore@73b0ed03, with PersistenceManager: org.datanucleus.api.jdo.JDOPersistenceManager@55061418 created in the thread with id: 1
2024-05-01T00:31:49,026  INFO [main] metastore.HMSHandler: Created RawStore: org.apache.hadoop.hive.metastore.ObjectStore@73b0ed03 from thread id: 1
2024-05-01T00:31:49,027  INFO [main] metastore.HMSHandler: HMS server filtering is disabled by configuration
2024-05-01T00:31:49,027  INFO [main] metastore.RetryingMetaStoreClient: RetryingMetaStoreClient proxy=class org.apache.hadoop.hive.ql.metadata.SessionHiveMetaStoreClient ugi=alex (auth:SIMPLE) retries=1 delay=1 lifetime=0
2024-05-01T00:31:49,027  INFO [main] service.CompositeService: Operation log root directory is created: /home/alex/Repositories/hive/beeline/target/tmp/alex/operation_logs
2024-05-01T00:31:49,027  INFO [main] service.CompositeService: HiveServer2: Background operation thread pool size: 100
2024-05-01T00:31:49,027  INFO [main] service.CompositeService: HiveServer2: Background operation thread wait queue size: 100
2024-05-01T00:31:49,027  INFO [main] service.CompositeService: HiveServer2: Background operation thread keepalive time: 10 seconds
2024-05-01T00:31:49,027  INFO [main] service.CompositeService: Connections limit are user: 0 ipaddress: 0 user-ipaddress: 0
2024-05-01T00:31:49,029  INFO [main] cleanup.EventualCleanupService: EventualCleanupService started with 10 threads and queue of size 10000
ERROR StatusLogger Log4j2 ConfigurationScheduler attempted to increment scheduled items after start
ERROR StatusLogger Log4j2 ConfigurationScheduler attempted to increment scheduled items after start
2024-05-01T00:31:49,030  INFO [main] service.AbstractService: Service:OperationManager is inited.
2024-05-01T00:31:49,030  INFO [main] service.AbstractService: Service:SessionManager is inited.
2024-05-01T00:31:49,030  INFO [main] service.AbstractService: Service:CLIService is inited.
2024-05-01T00:31:49,030  INFO [main] service.AbstractService: Service:OperationManager is started.
2024-05-01T00:31:49,030  INFO [main] service.AbstractService: Service:SessionManager is started.
2024-05-01T00:31:49,031  INFO [main] service.AbstractService: Service:CLIService is started.
2024-05-01T00:31:49,031  INFO [main] service.AbstractService: Service:ThriftBinaryCLIService is inited.
2024-05-01T00:31:49,031  INFO [main] thrift.ThriftCLIService: Client protocol version: HIVE_CLI_SERVICE_PROTOCOL_V10
2024-05-01T00:31:49,031  INFO [main] thrift.ThriftCLIService: Creating Hive session handle for user [null] from IP null
2024-05-01T00:31:49,032  INFO [main] DependencyResolver: ivysettings.xml file not found in HIVE_HOME or HIVE_CONF_DIR,/home/alex/Repositories/hive/conf/ivysettings.xml will be used
2024-05-01T00:31:49,040  INFO [main] session.SessionState: Created HDFS directory: /tmp/hive/alex/e43dba11-b530-42de-8a8a-f1564d76a6b4
2024-05-01T00:31:49,044  INFO [main] session.SessionState: Created local directory: /home/alex/Repositories/hive/beeline/target/tmp/alex/e43dba11-b530-42de-8a8a-f1564d76a6b4
2024-05-01T00:31:49,047  INFO [main] session.SessionState: Created HDFS directory: /tmp/hive/alex/e43dba11-b530-42de-8a8a-f1564d76a6b4/_tmp_space.db
2024-05-01T00:31:49,047  INFO [main] session.SessionState: Reloading auxiliary JAR files
2024-05-01T00:31:49,048  WARN [main] session.SessionState: Configuration hive.reloadable.aux.jars.path not specified
2024-05-01T00:31:49,048  INFO [main] HiveMetaStore.audit: ugi=alex	ip=unknown-ip-addr	cmd=Cleaning up thread local RawStore...	
2024-05-01T00:31:49,048  INFO [main] metastore.ObjectStore: RawStore: org.apache.hadoop.hive.metastore.ObjectStore@73b0ed03, with PersistenceManager: org.datanucleus.api.jdo.JDOPersistenceManager@55061418 will be shutdown
2024-05-01T00:31:49,048  INFO [main] HiveMetaStore.audit: ugi=alex	ip=unknown-ip-addr	cmd=Done cleaning up thread local RawStore	
2024-05-01T00:31:49,048  INFO [main] metastore.HiveMetaStoreClient: Closed a connection to metastore, current connections: -11
2024-05-01T00:31:49,048  INFO [main] session.HiveSessionImpl: Operation log session directory is created: /home/alex/Repositories/hive/beeline/target/tmp/alex/operation_logs/e43dba11-b530-42de-8a8a-f1564d76a6b4
2024-05-01T00:31:49,048  INFO [main] service.CompositeService: Session opened, SessionHandle [e43dba11-b530-42de-8a8a-f1564d76a6b4], current sessions:1
2024-05-01T00:31:49,049  INFO [main] thrift.ThriftCLIService: Login attempt is successful for user : null
2024-05-01T00:31:49,100  WARN [main] conf.HiveConf: HiveConf of name hive.dummyparam.test.server.specific.config.override does not exist
2024-05-01T00:31:49,101  WARN [main] conf.HiveConf: HiveConf of name hive.dummyparam.test.server.specific.config.hiveserver2site does not exist
2024-05-01T00:31:49,101  WARN [main] conf.HiveConf: HiveConf of name hive.dummyparam.test.server.specific.config.metastoresite does not exist
2024-05-01T00:31:49,101  INFO [e43dba11-b530-42de-8a8a-f1564d76a6b4 main] session.HiveSessionImpl: executing set
2024-05-01T00:31:49,102  INFO [e43dba11-b530-42de-8a8a-f1564d76a6b4 main] operation.HiveCommandOperation: Putting temp output to file /home/alex/Repositories/hive/beeline/target/tmp/alex/e43dba11-b530-42de-8a8a-f1564d76a6b48812322029382443983.pipeout and error output to file /home/alex/Repositories/hive/beeline/target/tmp/alex/e43dba11-b530-42de-8a8a-f1564d76a6b46856437984807568572.pipeout
2024-05-01T00:31:49,102  INFO [e43dba11-b530-42de-8a8a-f1564d76a6b4 main] operation.OperationManager: Adding operation: OperationHandle [opType=EXECUTE_STATEMENT, getHandleIdentifier()=3ed42fba-0160-4844-8e91-c39196e505ba] SessionHandle [e43dba11-b530-42de-8a8a-f1564d76a6b4]
2024-05-01T00:31:49,102  INFO [e43dba11-b530-42de-8a8a-f1564d76a6b4 main] common.LogUtils: Thread context registration is done.
DEBUG StatusLogger Building Plugin[name=filter, class=org.apache.hadoop.hive.ql.log.LogDivertAppender$NameFilter].
DEBUG StatusLogger createFilter(loggingLevel="EXECUTION")
DEBUG StatusLogger Building Plugin[name=layout, class=org.apache.logging.log4j.core.layout.PatternLayout].
DEBUG StatusLogger PatternLayout$Builder(pattern="%-5p : %m%n", PatternSelector=null, Configuration(HiveLog4j2Test), Replace=null, charset="null", alwaysWriteExceptions="null", disableAnsi="null", noConsoleNoAnsi="null", header="null", footer="null")
DEBUG StatusLogger Building Plugin[name=appender, class=org.apache.hadoop.hive.ql.log.HushableRandomAccessFileAppender].
DEBUG StatusLogger createAppender(fileName="/home/alex/Repositories/hive/beeline/target/tmp/alex/operation_logs/e43dba11-b530-42de-8a8a-f1564d76a6b4/alex_20240501003149_816403d5-ca40-4bbe-b62c-7c84f33a23e5", append="null", name="query-file-appender", immediateFlush="null", bufferSize="null", ignoreExceptions="null", PatternLayout(org.apache.logging.log4j.core.layout.PatternLayout with name PatternLayout), NameFilter(org.apache.hadoop.hive.ql.log.LogDivertAppender$NameFilter with name NameFilter), advertise="null", advertiseURI="null", Configuration(HiveLog4j2Test))
DEBUG StatusLogger Starting RandomAccessFileManager /home/alex/Repositories/hive/beeline/target/tmp/alex/operation_logs/e43dba11-b530-42de-8a8a-f1564d76a6b4/alex_20240501003149_816403d5-ca40-4bbe-b62c-7c84f33a23e5
DEBUG StatusLogger Building Plugin[name=, class=org.apache.hadoop.hive.ql.log.LogDivertAppenderForTest$TestFilter].
DEBUG StatusLogger createFilter()
DEBUG StatusLogger Building Plugin[name=, class=org.apache.logging.log4j.core.layout.PatternLayout].
DEBUG StatusLogger PatternLayout$Builder(pattern="%-5p : %m%n", PatternSelector=null, Configuration(HiveLog4j2Test), Replace=null, charset="null", alwaysWriteExceptions="null", disableAnsi="null", noConsoleNoAnsi="null", header="null", footer="null")
DEBUG StatusLogger Building Plugin[name=appender, class=org.apache.hadoop.hive.ql.log.HushableRandomAccessFileAppender].
DEBUG StatusLogger createAppender(fileName="/home/alex/Repositories/hive/beeline/target/tmp/alex/operation_logs/e43dba11-b530-42de-8a8a-f1564d76a6b4/alex_20240501003149_816403d5-ca40-4bbe-b62c-7c84f33a23e5.test", append="null", name="test-query-file-appender", immediateFlush="null", bufferSize="null", ignoreExceptions="null", PatternLayout(org.apache.logging.log4j.core.layout.PatternLayout with name PatternLayout), test-filter(org.apache.hadoop.hive.ql.log.LogDivertAppenderForTest$TestFilter with name test-filter), advertise="null", advertiseURI="null", Configuration(HiveLog4j2Test))
DEBUG StatusLogger Starting RandomAccessFileManager /home/alex/Repositories/hive/beeline/target/tmp/alex/operation_logs/e43dba11-b530-42de-8a8a-f1564d76a6b4/alex_20240501003149_816403d5-ca40-4bbe-b62c-7c84f33a23e5.test
2024-05-01T00:31:49,106  INFO [e43dba11-b530-42de-8a8a-f1564d76a6b4 main] operation.HiveCommandOperation: [opType=EXECUTE_STATEMENT, queryId=alex_20240501003149_816403d5-ca40-4bbe-b62c-7c84f33a23e5, startTime=1714548709102, sessionId=e43dba11-b530-42de-8a8a-f1564d76a6b4, createTime=1714548709031, userName=null, ipAddress=null]
2024-05-01T00:31:49,115  INFO [e43dba11-b530-42de-8a8a-f1564d76a6b4 main] common.LogUtils: Unregistered logging context.
2024-05-01T00:31:49,118  INFO [e43dba11-b530-42de-8a8a-f1564d76a6b4 main] operation.OperationManager: Closing operation: OperationHandle [opType=EXECUTE_STATEMENT, getHandleIdentifier()=3ed42fba-0160-4844-8e91-c39196e505ba]
2024-05-01T00:31:49,118  INFO [e43dba11-b530-42de-8a8a-f1564d76a6b4 main] operation.OperationManager: Removed queryId: alex_20240501003149_816403d5-ca40-4bbe-b62c-7c84f33a23e5 corresponding to operation: OperationHandle [opType=EXECUTE_STATEMENT, getHandleIdentifier()=3ed42fba-0160-4844-8e91-c39196e505ba] with tag: null
2024-05-01T00:31:49,119  INFO [e43dba11-b530-42de-8a8a-f1564d76a6b4 main] operation.HiveCommandOperation: Closing operation log /home/alex/Repositories/hive/beeline/target/tmp/alex/operation_logs/e43dba11-b530-42de-8a8a-f1564d76a6b4/alex_20240501003149_816403d5-ca40-4bbe-b62c-7c84f33a23e5 without delay
2024-05-01T00:31:49,121  INFO [e43dba11-b530-42de-8a8a-f1564d76a6b4 main] session.HiveSessionImpl: executing use test
2024-05-01T00:31:49,121  INFO [e43dba11-b530-42de-8a8a-f1564d76a6b4 main] operation.OperationManager: Adding operation: OperationHandle [opType=EXECUTE_STATEMENT, getHandleIdentifier()=5f7095c1-ee79-4e49-ac4a-0c447c25465e] SessionHandle [e43dba11-b530-42de-8a8a-f1564d76a6b4]
2024-05-01T00:31:49,122  INFO [e43dba11-b530-42de-8a8a-f1564d76a6b4 main] common.LogUtils: Thread context registration is done.
DEBUG StatusLogger Building Plugin[name=filter, class=org.apache.hadoop.hive.ql.log.LogDivertAppender$NameFilter].
DEBUG StatusLogger createFilter(loggingLevel="EXECUTION")
DEBUG StatusLogger Building Plugin[name=layout, class=org.apache.logging.log4j.core.layout.PatternLayout].
DEBUG StatusLogger PatternLayout$Builder(pattern="%-5p : %m%n", PatternSelector=null, Configuration(HiveLog4j2Test), Replace=null, charset="null", alwaysWriteExceptions="null", disableAnsi="null", noConsoleNoAnsi="null", header="null", footer="null")
DEBUG StatusLogger Building Plugin[name=appender, class=org.apache.hadoop.hive.ql.log.HushableRandomAccessFileAppender].
DEBUG StatusLogger createAppender(fileName="/home/alex/Repositories/hive/beeline/target/tmp/alex/operation_logs/e43dba11-b530-42de-8a8a-f1564d76a6b4/alex_20240501003149_79c4feae-fbe4-4e04-9743-068407d54ad2", append="null", name="query-file-appender", immediateFlush="null", bufferSize="null", ignoreExceptions="null", PatternLayout(org.apache.logging.log4j.core.layout.PatternLayout with name PatternLayout), NameFilter(org.apache.hadoop.hive.ql.log.LogDivertAppender$NameFilter with name NameFilter), advertise="null", advertiseURI="null", Configuration(HiveLog4j2Test))
DEBUG StatusLogger Starting RandomAccessFileManager /home/alex/Repositories/hive/beeline/target/tmp/alex/operation_logs/e43dba11-b530-42de-8a8a-f1564d76a6b4/alex_20240501003149_79c4feae-fbe4-4e04-9743-068407d54ad2
DEBUG StatusLogger Building Plugin[name=, class=org.apache.hadoop.hive.ql.log.LogDivertAppenderForTest$TestFilter].
DEBUG StatusLogger createFilter()
DEBUG StatusLogger Building Plugin[name=, class=org.apache.logging.log4j.core.layout.PatternLayout].
DEBUG StatusLogger PatternLayout$Builder(pattern="%-5p : %m%n", PatternSelector=null, Configuration(HiveLog4j2Test), Replace=null, charset="null", alwaysWriteExceptions="null", disableAnsi="null", noConsoleNoAnsi="null", header="null", footer="null")
DEBUG StatusLogger Building Plugin[name=appender, class=org.apache.hadoop.hive.ql.log.HushableRandomAccessFileAppender].
DEBUG StatusLogger createAppender(fileName="/home/alex/Repositories/hive/beeline/target/tmp/alex/operation_logs/e43dba11-b530-42de-8a8a-f1564d76a6b4/alex_20240501003149_79c4feae-fbe4-4e04-9743-068407d54ad2.test", append="null", name="test-query-file-appender", immediateFlush="null", bufferSize="null", ignoreExceptions="null", PatternLayout(org.apache.logging.log4j.core.layout.PatternLayout with name PatternLayout), test-filter(org.apache.hadoop.hive.ql.log.LogDivertAppenderForTest$TestFilter with name test-filter), advertise="null", advertiseURI="null", Configuration(HiveLog4j2Test))
DEBUG StatusLogger Starting RandomAccessFileManager /home/alex/Repositories/hive/beeline/target/tmp/alex/operation_logs/e43dba11-b530-42de-8a8a-f1564d76a6b4/alex_20240501003149_79c4feae-fbe4-4e04-9743-068407d54ad2.test
2024-05-01T00:31:49,125  INFO [e43dba11-b530-42de-8a8a-f1564d76a6b4 main] operation.SQLOperation: [opType=EXECUTE_STATEMENT, queryId=alex_20240501003149_79c4feae-fbe4-4e04-9743-068407d54ad2, startTime=1714548709121, sessionId=e43dba11-b530-42de-8a8a-f1564d76a6b4, createTime=1714548709031, userName=null, ipAddress=null]
2024-05-01T00:31:49,126  INFO [e43dba11-b530-42de-8a8a-f1564d76a6b4 main] ql.Driver: Compiling command(queryId=alex_20240501003149_79c4feae-fbe4-4e04-9743-068407d54ad2): use test
2024-05-01T00:31:49,127  INFO [e43dba11-b530-42de-8a8a-f1564d76a6b4 main] metastore.HiveMetaStoreClient: HMS client filtering is enabled.
2024-05-01T00:31:49,127  INFO [e43dba11-b530-42de-8a8a-f1564d76a6b4 main] metastore.HMSHandler: 0: Opening raw store with implementation class:org.apache.hadoop.hive.metastore.ObjectStore
2024-05-01T00:31:49,127  INFO [e43dba11-b530-42de-8a8a-f1564d76a6b4 main] metastore.PersistenceManagerProvider: Configuration datanucleus.autoStartMechanismMode is not set. Defaulting to 'ignored'
2024-05-01T00:31:49,128  INFO [e43dba11-b530-42de-8a8a-f1564d76a6b4 main] metastore.ObjectStore: RawStore: org.apache.hadoop.hive.metastore.ObjectStore@5368e981, with PersistenceManager: null will be shutdown
2024-05-01T00:31:49,128  INFO [e43dba11-b530-42de-8a8a-f1564d76a6b4 main] metastore.ObjectStore: RawStore: org.apache.hadoop.hive.metastore.ObjectStore@5368e981, with PersistenceManager: org.datanucleus.api.jdo.JDOPersistenceManager@1c171746 created in the thread with id: 1
2024-05-01T00:31:49,132  INFO [e43dba11-b530-42de-8a8a-f1564d76a6b4 main] metastore.HMSHandler: Created RawStore: org.apache.hadoop.hive.metastore.ObjectStore@5368e981 from thread id: 1
2024-05-01T00:31:49,132  INFO [e43dba11-b530-42de-8a8a-f1564d76a6b4 main] metastore.HMSHandler: HMS server filtering is disabled by configuration
2024-05-01T00:31:49,132  INFO [e43dba11-b530-42de-8a8a-f1564d76a6b4 main] metastore.RetryingMetaStoreClient: RetryingMetaStoreClient proxy=class org.apache.hadoop.hive.ql.metadata.SessionHiveMetaStoreClient ugi=alex (auth:SIMPLE) retries=1 delay=1 lifetime=0
2024-05-01T00:31:49,133  INFO [e43dba11-b530-42de-8a8a-f1564d76a6b4 main] HiveMetaStore.audit: ugi=alex	ip=unknown-ip-addr	cmd=get_database: test	
2024-05-01T00:31:49,134  INFO [e43dba11-b530-42de-8a8a-f1564d76a6b4 main] ql.Driver: Semantic Analysis Completed (retrial = false)
2024-05-01T00:31:49,134  INFO [e43dba11-b530-42de-8a8a-f1564d76a6b4 main] ql.Driver: Created Hive schema: Schema(fieldSchemas:null, properties:null)
2024-05-01T00:31:49,134  INFO [e43dba11-b530-42de-8a8a-f1564d76a6b4 main] metadata.Hive: Dumping metastore api call timing information for : compilation phase
2024-05-01T00:31:49,134  INFO [e43dba11-b530-42de-8a8a-f1564d76a6b4 main] metadata.Hive: Total time spent in each metastore function (ms): {isCompatibleWith_(Configuration)=1, getDatabase_(String)=1, flushCache_()=0}
2024-05-01T00:31:49,134  INFO [e43dba11-b530-42de-8a8a-f1564d76a6b4 main] ql.Driver: Completed compiling command(queryId=alex_20240501003149_79c4feae-fbe4-4e04-9743-068407d54ad2); Time taken: 0.008 seconds
2024-05-01T00:31:49,135  INFO [e43dba11-b530-42de-8a8a-f1564d76a6b4 main] common.LogUtils: Unregistered logging context.
2024-05-01T00:31:49,135  INFO [HiveServer2-Background-Pool: Thread-226] common.LogUtils: Thread context registration is done.
2024-05-01T00:31:49,136  INFO [HiveServer2-Background-Pool: Thread-226] reexec.ReExecDriver: Execution #1 of query
2024-05-01T00:31:49,136  INFO [HiveServer2-Background-Pool: Thread-226] ql.Driver: Concurrency mode is disabled, not creating a lock manager
2024-05-01T00:31:49,136  INFO [HiveServer2-Background-Pool: Thread-226] ql.Driver: Executing command(queryId=alex_20240501003149_79c4feae-fbe4-4e04-9743-068407d54ad2): use test
2024-05-01T00:31:49,137  INFO [HiveServer2-Background-Pool: Thread-226] ql.Driver: Starting task [Stage-0:DDL] in serial mode
2024-05-01T00:31:49,137  INFO [HiveServer2-Background-Pool: Thread-226] HiveMetaStore.audit: ugi=alex	ip=unknown-ip-addr	cmd=get_database: test	
2024-05-01T00:31:49,138  INFO [HiveServer2-Background-Pool: Thread-226] metastore.HMSHandler: 10: Opening raw store with implementation class:org.apache.hadoop.hive.metastore.ObjectStore
2024-05-01T00:31:49,139  INFO [HiveServer2-Background-Pool: Thread-226] metastore.ObjectStore: RawStore: org.apache.hadoop.hive.metastore.ObjectStore@23fd9002, with PersistenceManager: null will be shutdown
2024-05-01T00:31:49,139  INFO [HiveServer2-Background-Pool: Thread-226] metastore.ObjectStore: RawStore: org.apache.hadoop.hive.metastore.ObjectStore@23fd9002, with PersistenceManager: org.datanucleus.api.jdo.JDOPersistenceManager@66ff0a19 created in the thread with id: 226
2024-05-01T00:31:49,142  INFO [HiveServer2-Background-Pool: Thread-226] metastore.HMSHandler: Created RawStore: org.apache.hadoop.hive.metastore.ObjectStore@23fd9002 from thread id: 226
2024-05-01T00:31:49,143  INFO [HiveServer2-Background-Pool: Thread-226] HiveMetaStore.audit: ugi=alex	ip=unknown-ip-addr	cmd=get_database: test	
2024-05-01T00:31:49,145  INFO [HiveServer2-Background-Pool: Thread-226] metadata.Hive: Dumping metastore api call timing information for : execution phase
2024-05-01T00:31:49,145  INFO [HiveServer2-Background-Pool: Thread-226] metadata.Hive: Total time spent in each metastore function (ms): {isCompatibleWith_(Configuration)=0, getDatabase_(String)=7}
2024-05-01T00:31:49,145  INFO [HiveServer2-Background-Pool: Thread-226] ql.Driver: Completed executing command(queryId=alex_20240501003149_79c4feae-fbe4-4e04-9743-068407d54ad2); Time taken: 0.008 seconds
2024-05-01T00:31:49,145  INFO [HiveServer2-Background-Pool: Thread-226] common.LogUtils: Unregistered logging context.
2024-05-01T00:31:49,148  INFO [e43dba11-b530-42de-8a8a-f1564d76a6b4 main] operation.OperationManager: Closing operation: OperationHandle [opType=EXECUTE_STATEMENT, getHandleIdentifier()=5f7095c1-ee79-4e49-ac4a-0c447c25465e]
2024-05-01T00:31:49,148  INFO [e43dba11-b530-42de-8a8a-f1564d76a6b4 main] operation.OperationManager: Removed queryId: alex_20240501003149_79c4feae-fbe4-4e04-9743-068407d54ad2 corresponding to operation: OperationHandle [opType=EXECUTE_STATEMENT, getHandleIdentifier()=5f7095c1-ee79-4e49-ac4a-0c447c25465e] with tag: null
2024-05-01T00:31:49,148  INFO [e43dba11-b530-42de-8a8a-f1564d76a6b4 main] operation.SQLOperation: Closing operation log /home/alex/Repositories/hive/beeline/target/tmp/alex/operation_logs/e43dba11-b530-42de-8a8a-f1564d76a6b4/alex_20240501003149_79c4feae-fbe4-4e04-9743-068407d54ad2 without delay
2024-05-01T00:31:49,206  WARN [main] conf.HiveConf: HiveConf of name hive.dummyparam.test.server.specific.config.override does not exist
2024-05-01T00:31:49,206  WARN [main] conf.HiveConf: HiveConf of name hive.dummyparam.test.server.specific.config.hiveserver2site does not exist
2024-05-01T00:31:49,206  WARN [main] conf.HiveConf: HiveConf of name hive.dummyparam.test.server.specific.config.metastoresite does not exist
2024-05-01T00:31:49,207  INFO [e43dba11-b530-42de-8a8a-f1564d76a6b4 main] session.HiveSessionImpl: executing set
2024-05-01T00:31:49,207  INFO [e43dba11-b530-42de-8a8a-f1564d76a6b4 main] operation.HiveCommandOperation: Putting temp output to file /home/alex/Repositories/hive/beeline/target/tmp/alex/e43dba11-b530-42de-8a8a-f1564d76a6b48812322029382443983.pipeout and error output to file /home/alex/Repositories/hive/beeline/target/tmp/alex/e43dba11-b530-42de-8a8a-f1564d76a6b46856437984807568572.pipeout
2024-05-01T00:31:49,208  INFO [e43dba11-b530-42de-8a8a-f1564d76a6b4 main] operation.OperationManager: Adding operation: OperationHandle [opType=EXECUTE_STATEMENT, getHandleIdentifier()=6e8c7c03-e20d-4b8d-adbf-de90e9575a3d] SessionHandle [e43dba11-b530-42de-8a8a-f1564d76a6b4]
2024-05-01T00:31:49,208  INFO [e43dba11-b530-42de-8a8a-f1564d76a6b4 main] common.LogUtils: Thread context registration is done.
DEBUG StatusLogger Building Plugin[name=filter, class=org.apache.hadoop.hive.ql.log.LogDivertAppender$NameFilter].
DEBUG StatusLogger createFilter(loggingLevel="EXECUTION")
DEBUG StatusLogger Building Plugin[name=layout, class=org.apache.logging.log4j.core.layout.PatternLayout].
DEBUG StatusLogger PatternLayout$Builder(pattern="%-5p : %m%n", PatternSelector=null, Configuration(HiveLog4j2Test), Replace=null, charset="null", alwaysWriteExceptions="null", disableAnsi="null", noConsoleNoAnsi="null", header="null", footer="null")
DEBUG StatusLogger Building Plugin[name=appender, class=org.apache.hadoop.hive.ql.log.HushableRandomAccessFileAppender].
DEBUG StatusLogger createAppender(fileName="/home/alex/Repositories/hive/beeline/target/tmp/alex/operation_logs/e43dba11-b530-42de-8a8a-f1564d76a6b4/alex_20240501003149_5aeb8db8-cabe-4b78-af1b-37c1029a2e4b", append="null", name="query-file-appender", immediateFlush="null", bufferSize="null", ignoreExceptions="null", PatternLayout(org.apache.logging.log4j.core.layout.PatternLayout with name PatternLayout), NameFilter(org.apache.hadoop.hive.ql.log.LogDivertAppender$NameFilter with name NameFilter), advertise="null", advertiseURI="null", Configuration(HiveLog4j2Test))
DEBUG StatusLogger Starting RandomAccessFileManager /home/alex/Repositories/hive/beeline/target/tmp/alex/operation_logs/e43dba11-b530-42de-8a8a-f1564d76a6b4/alex_20240501003149_5aeb8db8-cabe-4b78-af1b-37c1029a2e4b
DEBUG StatusLogger Building Plugin[name=, class=org.apache.hadoop.hive.ql.log.LogDivertAppenderForTest$TestFilter].
DEBUG StatusLogger createFilter()
DEBUG StatusLogger Building Plugin[name=, class=org.apache.logging.log4j.core.layout.PatternLayout].
DEBUG StatusLogger PatternLayout$Builder(pattern="%-5p : %m%n", PatternSelector=null, Configuration(HiveLog4j2Test), Replace=null, charset="null", alwaysWriteExceptions="null", disableAnsi="null", noConsoleNoAnsi="null", header="null", footer="null")
DEBUG StatusLogger Building Plugin[name=appender, class=org.apache.hadoop.hive.ql.log.HushableRandomAccessFileAppender].
DEBUG StatusLogger createAppender(fileName="/home/alex/Repositories/hive/beeline/target/tmp/alex/operation_logs/e43dba11-b530-42de-8a8a-f1564d76a6b4/alex_20240501003149_5aeb8db8-cabe-4b78-af1b-37c1029a2e4b.test", append="null", name="test-query-file-appender", immediateFlush="null", bufferSize="null", ignoreExceptions="null", PatternLayout(org.apache.logging.log4j.core.layout.PatternLayout with name PatternLayout), test-filter(org.apache.hadoop.hive.ql.log.LogDivertAppenderForTest$TestFilter with name test-filter), advertise="null", advertiseURI="null", Configuration(HiveLog4j2Test))
DEBUG StatusLogger Starting RandomAccessFileManager /home/alex/Repositories/hive/beeline/target/tmp/alex/operation_logs/e43dba11-b530-42de-8a8a-f1564d76a6b4/alex_20240501003149_5aeb8db8-cabe-4b78-af1b-37c1029a2e4b.test
2024-05-01T00:31:49,212  INFO [e43dba11-b530-42de-8a8a-f1564d76a6b4 main] operation.HiveCommandOperation: [opType=EXECUTE_STATEMENT, queryId=alex_20240501003149_5aeb8db8-cabe-4b78-af1b-37c1029a2e4b, startTime=1714548709207, sessionId=e43dba11-b530-42de-8a8a-f1564d76a6b4, createTime=1714548709031, userName=null, ipAddress=null]
2024-05-01T00:31:49,220  INFO [e43dba11-b530-42de-8a8a-f1564d76a6b4 main] common.LogUtils: Unregistered logging context.
2024-05-01T00:31:49,223  INFO [e43dba11-b530-42de-8a8a-f1564d76a6b4 main] operation.OperationManager: Closing operation: OperationHandle [opType=EXECUTE_STATEMENT, getHandleIdentifier()=6e8c7c03-e20d-4b8d-adbf-de90e9575a3d]
2024-05-01T00:31:49,223  INFO [e43dba11-b530-42de-8a8a-f1564d76a6b4 main] operation.OperationManager: Removed queryId: alex_20240501003149_5aeb8db8-cabe-4b78-af1b-37c1029a2e4b corresponding to operation: OperationHandle [opType=EXECUTE_STATEMENT, getHandleIdentifier()=6e8c7c03-e20d-4b8d-adbf-de90e9575a3d] with tag: null
2024-05-01T00:31:49,223  INFO [e43dba11-b530-42de-8a8a-f1564d76a6b4 main] operation.HiveCommandOperation: Closing operation log /home/alex/Repositories/hive/beeline/target/tmp/alex/operation_logs/e43dba11-b530-42de-8a8a-f1564d76a6b4/alex_20240501003149_5aeb8db8-cabe-4b78-af1b-37c1029a2e4b without delay
2024-05-01T00:31:49,225  INFO [e43dba11-b530-42de-8a8a-f1564d76a6b4 main] session.HiveSessionImpl: executing create table if not exists test.testSrcTbl(sc1 string)
2024-05-01T00:31:49,225  INFO [e43dba11-b530-42de-8a8a-f1564d76a6b4 main] operation.OperationManager: Adding operation: OperationHandle [opType=EXECUTE_STATEMENT, getHandleIdentifier()=9072a827-d7ec-4c80-9bd6-e38b2b93c6c9] SessionHandle [e43dba11-b530-42de-8a8a-f1564d76a6b4]
2024-05-01T00:31:49,225  INFO [e43dba11-b530-42de-8a8a-f1564d76a6b4 main] common.LogUtils: Thread context registration is done.
DEBUG StatusLogger Building Plugin[name=filter, class=org.apache.hadoop.hive.ql.log.LogDivertAppender$NameFilter].
DEBUG StatusLogger createFilter(loggingLevel="EXECUTION")
DEBUG StatusLogger Building Plugin[name=layout, class=org.apache.logging.log4j.core.layout.PatternLayout].
DEBUG StatusLogger PatternLayout$Builder(pattern="%-5p : %m%n", PatternSelector=null, Configuration(HiveLog4j2Test), Replace=null, charset="null", alwaysWriteExceptions="null", disableAnsi="null", noConsoleNoAnsi="null", header="null", footer="null")
DEBUG StatusLogger Building Plugin[name=appender, class=org.apache.hadoop.hive.ql.log.HushableRandomAccessFileAppender].
DEBUG StatusLogger createAppender(fileName="/home/alex/Repositories/hive/beeline/target/tmp/alex/operation_logs/e43dba11-b530-42de-8a8a-f1564d76a6b4/alex_20240501003149_d09bab4c-30b4-47d0-86da-e303bc26cae4", append="null", name="query-file-appender", immediateFlush="null", bufferSize="null", ignoreExceptions="null", PatternLayout(org.apache.logging.log4j.core.layout.PatternLayout with name PatternLayout), NameFilter(org.apache.hadoop.hive.ql.log.LogDivertAppender$NameFilter with name NameFilter), advertise="null", advertiseURI="null", Configuration(HiveLog4j2Test))
DEBUG StatusLogger Starting RandomAccessFileManager /home/alex/Repositories/hive/beeline/target/tmp/alex/operation_logs/e43dba11-b530-42de-8a8a-f1564d76a6b4/alex_20240501003149_d09bab4c-30b4-47d0-86da-e303bc26cae4
DEBUG StatusLogger Building Plugin[name=, class=org.apache.hadoop.hive.ql.log.LogDivertAppenderForTest$TestFilter].
DEBUG StatusLogger createFilter()
DEBUG StatusLogger Building Plugin[name=, class=org.apache.logging.log4j.core.layout.PatternLayout].
DEBUG StatusLogger PatternLayout$Builder(pattern="%-5p : %m%n", PatternSelector=null, Configuration(HiveLog4j2Test), Replace=null, charset="null", alwaysWriteExceptions="null", disableAnsi="null", noConsoleNoAnsi="null", header="null", footer="null")
DEBUG StatusLogger Building Plugin[name=appender, class=org.apache.hadoop.hive.ql.log.HushableRandomAccessFileAppender].
DEBUG StatusLogger createAppender(fileName="/home/alex/Repositories/hive/beeline/target/tmp/alex/operation_logs/e43dba11-b530-42de-8a8a-f1564d76a6b4/alex_20240501003149_d09bab4c-30b4-47d0-86da-e303bc26cae4.test", append="null", name="test-query-file-appender", immediateFlush="null", bufferSize="null", ignoreExceptions="null", PatternLayout(org.apache.logging.log4j.core.layout.PatternLayout with name PatternLayout), test-filter(org.apache.hadoop.hive.ql.log.LogDivertAppenderForTest$TestFilter with name test-filter), advertise="null", advertiseURI="null", Configuration(HiveLog4j2Test))
DEBUG StatusLogger Starting RandomAccessFileManager /home/alex/Repositories/hive/beeline/target/tmp/alex/operation_logs/e43dba11-b530-42de-8a8a-f1564d76a6b4/alex_20240501003149_d09bab4c-30b4-47d0-86da-e303bc26cae4.test
2024-05-01T00:31:49,229  INFO [e43dba11-b530-42de-8a8a-f1564d76a6b4 main] operation.SQLOperation: [opType=EXECUTE_STATEMENT, queryId=alex_20240501003149_d09bab4c-30b4-47d0-86da-e303bc26cae4, startTime=1714548709225, sessionId=e43dba11-b530-42de-8a8a-f1564d76a6b4, createTime=1714548709031, userName=null, ipAddress=null]
2024-05-01T00:31:49,230  INFO [e43dba11-b530-42de-8a8a-f1564d76a6b4 main] ql.Driver: Compiling command(queryId=alex_20240501003149_d09bab4c-30b4-47d0-86da-e303bc26cae4): create table if not exists test.testSrcTbl(sc1 string)
2024-05-01T00:31:49,231  INFO [e43dba11-b530-42de-8a8a-f1564d76a6b4 main] parse.CalcitePlanner: Starting caching scope for: alex_20240501003149_d09bab4c-30b4-47d0-86da-e303bc26cae4
2024-05-01T00:31:49,231  INFO [e43dba11-b530-42de-8a8a-f1564d76a6b4 main] parse.CalcitePlanner: Starting Semantic Analysis
2024-05-01T00:31:49,231  INFO [e43dba11-b530-42de-8a8a-f1564d76a6b4 main] sqlstd.SQLStdHiveAccessController: Created SQLStdHiveAccessController for session context : HiveAuthzSessionContext [sessionString=e43dba11-b530-42de-8a8a-f1564d76a6b4, clientType=HIVESERVER2]
2024-05-01T00:31:49,231  INFO [e43dba11-b530-42de-8a8a-f1564d76a6b4 main] parse.CalcitePlanner: Creating table test.testSrcTbl position=27
2024-05-01T00:31:49,232  INFO [e43dba11-b530-42de-8a8a-f1564d76a6b4 main] HiveMetaStore.audit: ugi=alex	ip=unknown-ip-addr	cmd=get_table : tbl=hive.test.testSrcTbl	
2024-05-01T00:31:49,242  INFO [e43dba11-b530-42de-8a8a-f1564d76a6b4 main] HiveMetaStore.audit: ugi=alex	ip=unknown-ip-addr	cmd=get_database: test	
2024-05-01T00:31:49,243  INFO [e43dba11-b530-42de-8a8a-f1564d76a6b4 main] parse.CalcitePlanner: Ending caching scope for: alex_20240501003149_d09bab4c-30b4-47d0-86da-e303bc26cae4
2024-05-01T00:31:49,243  INFO [e43dba11-b530-42de-8a8a-f1564d76a6b4 main] ql.Driver: Semantic Analysis Completed (retrial = false)
2024-05-01T00:31:49,244  INFO [e43dba11-b530-42de-8a8a-f1564d76a6b4 main] ql.Driver: Created Hive schema: Schema(fieldSchemas:null, properties:null)
2024-05-01T00:31:49,244  INFO [e43dba11-b530-42de-8a8a-f1564d76a6b4 main] metadata.Hive: Dumping metastore api call timing information for : compilation phase
2024-05-01T00:31:49,244  INFO [e43dba11-b530-42de-8a8a-f1564d76a6b4 main] metadata.Hive: Total time spent in each metastore function (ms): {isCompatibleWith_(Configuration)=0, getDatabase_(String)=1, flushCache_()=0}
2024-05-01T00:31:49,244  INFO [e43dba11-b530-42de-8a8a-f1564d76a6b4 main] ql.Driver: Completed compiling command(queryId=alex_20240501003149_d09bab4c-30b4-47d0-86da-e303bc26cae4); Time taken: 0.014 seconds
2024-05-01T00:31:49,244  INFO [e43dba11-b530-42de-8a8a-f1564d76a6b4 main] common.LogUtils: Unregistered logging context.
2024-05-01T00:31:49,244  INFO [HiveServer2-Background-Pool: Thread-229] common.LogUtils: Thread context registration is done.
2024-05-01T00:31:49,247  INFO [HiveServer2-Background-Pool: Thread-229] reexec.ReExecDriver: Execution #1 of query
2024-05-01T00:31:49,247  INFO [HiveServer2-Background-Pool: Thread-229] ql.Driver: Concurrency mode is disabled, not creating a lock manager
2024-05-01T00:31:49,248  INFO [HiveServer2-Background-Pool: Thread-229] ql.Driver: Executing command(queryId=alex_20240501003149_d09bab4c-30b4-47d0-86da-e303bc26cae4): create table if not exists test.testSrcTbl(sc1 string)
2024-05-01T00:31:49,248  INFO [HiveServer2-Background-Pool: Thread-229] ql.Driver: Starting task [Stage-0:DDL] in serial mode
2024-05-01T00:31:49,250  INFO [HiveServer2-Background-Pool: Thread-229] HiveMetaStore.audit: ugi=alex	ip=unknown-ip-addr	cmd=create_table_req: Table(tableName:testSrcTbl, dbName:test, owner:alex, createTime:1714548709, lastAccessTime:0, retention:0, sd:StorageDescriptor(cols:[FieldSchema(name:sc1, type:string, comment:null)], location:null, inputFormat:org.apache.hadoop.mapred.TextInputFormat, outputFormat:org.apache.hadoop.hive.ql.io.HiveIgnoreKeyTextOutputFormat, compressed:false, numBuckets:-1, serdeInfo:SerDeInfo(name:null, serializationLib:org.apache.hadoop.hive.serde2.lazy.LazySimpleSerDe, parameters:{serialization.format=1}), bucketCols:[], sortCols:[], parameters:{}, skewedInfo:SkewedInfo(skewedColNames:[], skewedColValues:[], skewedColValueLocationMaps:{}), storedAsSubDirectories:false), partitionKeys:[], parameters:{totalSize=0, numRows=0, rawDataSize=0, COLUMN_STATS_ACCURATE={"BASIC_STATS":"true","COLUMN_STATS":{"sc1":"true"}}, numFiles=0, bucketing_version=2, numFilesErasureCoded=0}, viewOriginalText:null, viewExpandedText:null, tableType:MANAGED_TABLE, privileges:PrincipalPrivilegeSet(userPrivileges:{alex=[PrivilegeGrantInfo(privilege:INSERT, createTime:-1, grantor:alex, grantorType:USER, grantOption:true), PrivilegeGrantInfo(privilege:SELECT, createTime:-1, grantor:alex, grantorType:USER, grantOption:true), PrivilegeGrantInfo(privilege:UPDATE, createTime:-1, grantor:alex, grantorType:USER, grantOption:true), PrivilegeGrantInfo(privilege:DELETE, createTime:-1, grantor:alex, grantorType:USER, grantOption:true)]}, groupPrivileges:null, rolePrivileges:null), temporary:false, catName:hive, ownerType:USER)	
2024-05-01T00:31:49,250  INFO [HiveServer2-Background-Pool: Thread-229] metastore.HMSHandler: 11: Opening raw store with implementation class:org.apache.hadoop.hive.metastore.ObjectStore
2024-05-01T00:31:49,251  INFO [HiveServer2-Background-Pool: Thread-229] metastore.ObjectStore: RawStore: org.apache.hadoop.hive.metastore.ObjectStore@4218645f, with PersistenceManager: null will be shutdown
2024-05-01T00:31:49,251  INFO [HiveServer2-Background-Pool: Thread-229] metastore.ObjectStore: RawStore: org.apache.hadoop.hive.metastore.ObjectStore@4218645f, with PersistenceManager: org.datanucleus.api.jdo.JDOPersistenceManager@5b6ec265 created in the thread with id: 229
2024-05-01T00:31:49,254  INFO [HiveServer2-Background-Pool: Thread-229] metastore.HMSHandler: Created RawStore: org.apache.hadoop.hive.metastore.ObjectStore@4218645f from thread id: 229
2024-05-01T00:31:49,258  INFO [HiveServer2-Background-Pool: Thread-229] utils.FileUtils: Creating directory if it doesn't exist: file:/home/alex/Repositories/hive/beeline/target/tmp/warehouse/test.db/testsrctbl
2024-05-01T00:31:49,288  INFO [HiveServer2-Background-Pool: Thread-229] metadata.Hive: Dumping metastore api call timing information for : execution phase
2024-05-01T00:31:49,288  INFO [HiveServer2-Background-Pool: Thread-229] metadata.Hive: Total time spent in each metastore function (ms): {isCompatibleWith_(Configuration)=1, createTable_(Table)=38}
2024-05-01T00:31:49,288  INFO [HiveServer2-Background-Pool: Thread-229] ql.Driver: Completed executing command(queryId=alex_20240501003149_d09bab4c-30b4-47d0-86da-e303bc26cae4); Time taken: 0.04 seconds
2024-05-01T00:31:49,289  INFO [HiveServer2-Background-Pool: Thread-229] common.LogUtils: Unregistered logging context.
2024-05-01T00:31:49,290  INFO [e43dba11-b530-42de-8a8a-f1564d76a6b4 main] operation.OperationManager: Closing operation: OperationHandle [opType=EXECUTE_STATEMENT, getHandleIdentifier()=9072a827-d7ec-4c80-9bd6-e38b2b93c6c9]
2024-05-01T00:31:49,290  INFO [e43dba11-b530-42de-8a8a-f1564d76a6b4 main] operation.OperationManager: Removed queryId: alex_20240501003149_d09bab4c-30b4-47d0-86da-e303bc26cae4 corresponding to operation: OperationHandle [opType=EXECUTE_STATEMENT, getHandleIdentifier()=9072a827-d7ec-4c80-9bd6-e38b2b93c6c9] with tag: null
2024-05-01T00:31:49,291  INFO [e43dba11-b530-42de-8a8a-f1564d76a6b4 main] operation.SQLOperation: Closing operation log /home/alex/Repositories/hive/beeline/target/tmp/alex/operation_logs/e43dba11-b530-42de-8a8a-f1564d76a6b4/alex_20240501003149_d09bab4c-30b4-47d0-86da-e303bc26cae4 without delay
2024-05-01T00:31:49,295  INFO [main] service.CompositeService: Session closed, SessionHandle [e43dba11-b530-42de-8a8a-f1564d76a6b4], current sessions:0
2024-05-01T00:31:49,296  INFO [e43dba11-b530-42de-8a8a-f1564d76a6b4 main] session.HiveSessionImpl: Operation log session directory is deleted: /home/alex/Repositories/hive/beeline/target/tmp/alex/operation_logs/e43dba11-b530-42de-8a8a-f1564d76a6b4
2024-05-01T00:31:49,296  INFO [main] cleanup.EventualCleanupService: Delete /tmp/hive/alex/e43dba11-b530-42de-8a8a-f1564d76a6b4 operation was queued
2024-05-01T00:31:49,296  INFO [main] cleanup.EventualCleanupService: Delete /home/alex/Repositories/hive/beeline/target/tmp/alex/e43dba11-b530-42de-8a8a-f1564d76a6b4 operation was queued
2024-05-01T00:31:49,296  INFO [EventualCleanupService thread 0] cleanup.EventualCleanupService: Deleted /tmp/hive/alex/e43dba11-b530-42de-8a8a-f1564d76a6b4
2024-05-01T00:31:49,296  INFO [EventualCleanupService thread 1] cleanup.EventualCleanupService: Deleted /home/alex/Repositories/hive/beeline/target/tmp/alex/e43dba11-b530-42de-8a8a-f1564d76a6b4
2024-05-01T00:31:49,297  INFO [main] HiveMetaStore.audit: ugi=alex	ip=unknown-ip-addr	cmd=Cleaning up thread local RawStore...	
2024-05-01T00:31:49,297  INFO [main] metastore.ObjectStore: RawStore: org.apache.hadoop.hive.metastore.ObjectStore@5368e981, with PersistenceManager: org.datanucleus.api.jdo.JDOPersistenceManager@1c171746 will be shutdown
2024-05-01T00:31:49,297  INFO [main] HiveMetaStore.audit: ugi=alex	ip=unknown-ip-addr	cmd=Done cleaning up thread local RawStore	
2024-05-01T00:31:49,298  INFO [main] metastore.HiveMetaStoreClient: Closed a connection to metastore, current connections: -12
]]></system-err>
  </testcase>
  <testcase name="testSqlFromCmdWithDBName" classname="org.apache.hive.beeline.cli.TestHiveCli" time="0.231">
    <failure type="java.lang.AssertionError"><![CDATA[java.lang.AssertionError: Supported return code is 0 while the actual is 1
	at org.junit.Assert.fail(Assert.java:89)
	at org.apache.hive.beeline.cli.TestHiveCli.executeCMD(TestHiveCli.java:256)
	at org.apache.hive.beeline.cli.TestHiveCli.verifyCMD(TestHiveCli.java:266)
	at org.apache.hive.beeline.cli.TestHiveCli.testSqlFromCmdWithDBName(TestHiveCli.java:166)
	at sun.reflect.NativeMethodAccessorImpl.invoke0(Native Method)
	at sun.reflect.NativeMethodAccessorImpl.invoke(NativeMethodAccessorImpl.java:62)
	at sun.reflect.DelegatingMethodAccessorImpl.invoke(DelegatingMethodAccessorImpl.java:43)
	at java.lang.reflect.Method.invoke(Method.java:498)
	at org.junit.runners.model.FrameworkMethod$1.runReflectiveCall(FrameworkMethod.java:59)
	at org.junit.internal.runners.model.ReflectiveCallable.run(ReflectiveCallable.java:12)
	at org.junit.runners.model.FrameworkMethod.invokeExplosively(FrameworkMethod.java:56)
	at org.junit.internal.runners.statements.InvokeMethod.evaluate(InvokeMethod.java:17)
	at org.junit.internal.runners.statements.RunBefores.evaluate(RunBefores.java:26)
	at org.junit.internal.runners.statements.RunAfters.evaluate(RunAfters.java:27)
	at org.junit.runners.ParentRunner$3.evaluate(ParentRunner.java:306)
	at org.junit.runners.BlockJUnit4ClassRunner$1.evaluate(BlockJUnit4ClassRunner.java:100)
	at org.junit.runners.ParentRunner.runLeaf(ParentRunner.java:366)
	at org.junit.runners.BlockJUnit4ClassRunner.runChild(BlockJUnit4ClassRunner.java:103)
	at org.junit.runners.BlockJUnit4ClassRunner.runChild(BlockJUnit4ClassRunner.java:63)
	at org.junit.runners.ParentRunner$4.run(ParentRunner.java:331)
	at org.junit.runners.ParentRunner$1.schedule(ParentRunner.java:79)
	at org.junit.runners.ParentRunner.runChildren(ParentRunner.java:329)
	at org.junit.runners.ParentRunner.access$100(ParentRunner.java:66)
	at org.junit.runners.ParentRunner$2.evaluate(ParentRunner.java:293)
	at org.junit.internal.runners.statements.RunBefores.evaluate(RunBefores.java:26)
	at org.junit.runners.ParentRunner$3.evaluate(ParentRunner.java:306)
	at org.junit.runners.ParentRunner.run(ParentRunner.java:413)
	at org.junit.runner.JUnitCore.run(JUnitCore.java:137)
	at org.junit.runner.JUnitCore.run(JUnitCore.java:115)
	at org.junit.vintage.engine.execution.RunnerExecutor.execute(RunnerExecutor.java:43)
	at java.util.stream.ForEachOps$ForEachOp$OfRef.accept(ForEachOps.java:183)
	at java.util.stream.ReferencePipeline$3$1.accept(ReferencePipeline.java:193)
	at java.util.Iterator.forEachRemaining(Iterator.java:116)
	at java.util.Spliterators$IteratorSpliterator.forEachRemaining(Spliterators.java:1801)
	at java.util.stream.AbstractPipeline.copyInto(AbstractPipeline.java:482)
	at java.util.stream.AbstractPipeline.wrapAndCopyInto(AbstractPipeline.java:472)
	at java.util.stream.ForEachOps$ForEachOp.evaluateSequential(ForEachOps.java:150)
	at java.util.stream.ForEachOps$ForEachOp$OfRef.evaluateSequential(ForEachOps.java:173)
	at java.util.stream.AbstractPipeline.evaluate(AbstractPipeline.java:234)
	at java.util.stream.ReferencePipeline.forEach(ReferencePipeline.java:485)
	at org.junit.vintage.engine.VintageTestEngine.executeAllChildren(VintageTestEngine.java:82)
	at org.junit.vintage.engine.VintageTestEngine.execute(VintageTestEngine.java:73)
	at org.junit.platform.launcher.core.DefaultLauncher.execute(DefaultLauncher.java:248)
	at org.junit.platform.launcher.core.DefaultLauncher.lambda$execute$5(DefaultLauncher.java:211)
	at org.junit.platform.launcher.core.DefaultLauncher.withInterceptedStreams(DefaultLauncher.java:226)
	at org.junit.platform.launcher.core.DefaultLauncher.execute(DefaultLauncher.java:199)
	at org.junit.platform.launcher.core.DefaultLauncher.execute(DefaultLauncher.java:132)
	at org.apache.maven.surefire.junitplatform.JUnitPlatformProvider.invokeAllTests(JUnitPlatformProvider.java:154)
	at org.apache.maven.surefire.junitplatform.JUnitPlatformProvider.invoke(JUnitPlatformProvider.java:123)
	at org.apache.maven.surefire.booter.ForkedBooter.runSuitesInProcess(ForkedBooter.java:377)
	at org.apache.maven.surefire.booter.ForkedBooter.execute(ForkedBooter.java:138)
	at org.apache.maven.surefire.booter.ForkedBooter.run(ForkedBooter.java:465)
	at org.apache.maven.surefire.booter.ForkedBooter.main(ForkedBooter.java:451)
]]></failure>
    <system-err><![CDATA[2024-05-01T00:31:49,299 ERROR [main] cli.TestHiveCli: Failed to execute command due to the error: java.lang.NullPointerException: Null output stream
2024-05-01T00:31:49,348  WARN [main] conf.HiveConf: HiveConf of name hive.dummyparam.test.server.specific.config.override does not exist
2024-05-01T00:31:49,348  WARN [main] conf.HiveConf: HiveConf of name hive.dummyparam.test.server.specific.config.hiveserver2site does not exist
2024-05-01T00:31:49,348  WARN [main] conf.HiveConf: HiveConf of name hive.dummyparam.test.server.specific.config.metastoresite does not exist
2024-05-01T00:31:49,349  INFO [main] SessionState: Hive Session ID = 883f9d3f-fd6a-4b6b-b018-6bcfe6f8f647
2024-05-01T00:31:49,349  INFO [main] DependencyResolver: ivysettings.xml file not found in HIVE_HOME or HIVE_CONF_DIR,/home/alex/Repositories/hive/conf/ivysettings.xml will be used
2024-05-01T00:31:49,357  INFO [main] session.SessionState: Created HDFS directory: /tmp/hive/alex/883f9d3f-fd6a-4b6b-b018-6bcfe6f8f647
2024-05-01T00:31:49,361  INFO [main] session.SessionState: Created local directory: /home/alex/Repositories/hive/beeline/target/tmp/alex/883f9d3f-fd6a-4b6b-b018-6bcfe6f8f647
2024-05-01T00:31:49,364  INFO [main] session.SessionState: Created HDFS directory: /tmp/hive/alex/883f9d3f-fd6a-4b6b-b018-6bcfe6f8f647/_tmp_space.db
2024-05-01T00:31:49,365  INFO [main] sqlstd.SQLStdHiveAccessController: Created SQLStdHiveAccessController for session context : HiveAuthzSessionContext [sessionString=883f9d3f-fd6a-4b6b-b018-6bcfe6f8f647, clientType=HIVESERVER2]
2024-05-01T00:31:49,365  INFO [main] metastore.HiveMetaStoreClient: HMS client filtering is enabled.
2024-05-01T00:31:49,366  INFO [main] metastore.HMSHandler: 0: Opening raw store with implementation class:org.apache.hadoop.hive.metastore.ObjectStore
2024-05-01T00:31:49,366  INFO [main] metastore.PersistenceManagerProvider: Configuration datanucleus.autoStartMechanismMode is not set. Defaulting to 'ignored'
2024-05-01T00:31:49,366  INFO [main] metastore.ObjectStore: RawStore: org.apache.hadoop.hive.metastore.ObjectStore@478530cb, with PersistenceManager: null will be shutdown
2024-05-01T00:31:49,366  INFO [main] metastore.ObjectStore: RawStore: org.apache.hadoop.hive.metastore.ObjectStore@478530cb, with PersistenceManager: org.datanucleus.api.jdo.JDOPersistenceManager@5be7b749 created in the thread with id: 1
2024-05-01T00:31:49,369  INFO [main] metastore.HMSHandler: Created RawStore: org.apache.hadoop.hive.metastore.ObjectStore@478530cb from thread id: 1
2024-05-01T00:31:49,369  INFO [main] metastore.HMSHandler: HMS server filtering is disabled by configuration
2024-05-01T00:31:49,369  INFO [main] metastore.RetryingMetaStoreClient: RetryingMetaStoreClient proxy=class org.apache.hadoop.hive.ql.metadata.SessionHiveMetaStoreClient ugi=alex (auth:SIMPLE) retries=1 delay=1 lifetime=0
2024-05-01T00:31:49,370  INFO [main] service.CompositeService: Operation log root directory is created: /home/alex/Repositories/hive/beeline/target/tmp/alex/operation_logs
2024-05-01T00:31:49,370  INFO [main] service.CompositeService: HiveServer2: Background operation thread pool size: 100
2024-05-01T00:31:49,370  INFO [main] service.CompositeService: HiveServer2: Background operation thread wait queue size: 100
2024-05-01T00:31:49,370  INFO [main] service.CompositeService: HiveServer2: Background operation thread keepalive time: 10 seconds
2024-05-01T00:31:49,370  INFO [main] service.CompositeService: Connections limit are user: 0 ipaddress: 0 user-ipaddress: 0
2024-05-01T00:31:49,371  INFO [main] cleanup.EventualCleanupService: EventualCleanupService started with 10 threads and queue of size 10000
ERROR StatusLogger Log4j2 ConfigurationScheduler attempted to increment scheduled items after start
ERROR StatusLogger Log4j2 ConfigurationScheduler attempted to increment scheduled items after start
2024-05-01T00:31:49,373  INFO [main] service.AbstractService: Service:OperationManager is inited.
2024-05-01T00:31:49,373  INFO [main] service.AbstractService: Service:SessionManager is inited.
2024-05-01T00:31:49,373  INFO [main] service.AbstractService: Service:CLIService is inited.
2024-05-01T00:31:49,373  INFO [main] service.AbstractService: Service:OperationManager is started.
2024-05-01T00:31:49,373  INFO [main] service.AbstractService: Service:SessionManager is started.
2024-05-01T00:31:49,373  INFO [main] service.AbstractService: Service:CLIService is started.
2024-05-01T00:31:49,373  INFO [main] service.AbstractService: Service:ThriftBinaryCLIService is inited.
2024-05-01T00:31:49,373  INFO [main] thrift.ThriftCLIService: Client protocol version: HIVE_CLI_SERVICE_PROTOCOL_V10
2024-05-01T00:31:49,373  INFO [main] thrift.ThriftCLIService: Creating Hive session handle for user [null] from IP null
2024-05-01T00:31:49,374  INFO [main] DependencyResolver: ivysettings.xml file not found in HIVE_HOME or HIVE_CONF_DIR,/home/alex/Repositories/hive/conf/ivysettings.xml will be used
2024-05-01T00:31:49,381  INFO [main] session.SessionState: Created HDFS directory: /tmp/hive/alex/52ce6d6f-fde5-4313-922c-4f0a48ee7ec9
2024-05-01T00:31:49,384  INFO [main] session.SessionState: Created local directory: /home/alex/Repositories/hive/beeline/target/tmp/alex/52ce6d6f-fde5-4313-922c-4f0a48ee7ec9
2024-05-01T00:31:49,388  INFO [main] session.SessionState: Created HDFS directory: /tmp/hive/alex/52ce6d6f-fde5-4313-922c-4f0a48ee7ec9/_tmp_space.db
2024-05-01T00:31:49,388  INFO [main] session.SessionState: Reloading auxiliary JAR files
2024-05-01T00:31:49,388  WARN [main] session.SessionState: Configuration hive.reloadable.aux.jars.path not specified
2024-05-01T00:31:49,388  INFO [main] HiveMetaStore.audit: ugi=alex	ip=unknown-ip-addr	cmd=Cleaning up thread local RawStore...	
2024-05-01T00:31:49,388  INFO [main] metastore.ObjectStore: RawStore: org.apache.hadoop.hive.metastore.ObjectStore@478530cb, with PersistenceManager: org.datanucleus.api.jdo.JDOPersistenceManager@5be7b749 will be shutdown
2024-05-01T00:31:49,389  INFO [main] HiveMetaStore.audit: ugi=alex	ip=unknown-ip-addr	cmd=Done cleaning up thread local RawStore	
2024-05-01T00:31:49,389  INFO [main] metastore.HiveMetaStoreClient: Closed a connection to metastore, current connections: -13
2024-05-01T00:31:49,389  INFO [main] session.HiveSessionImpl: Operation log session directory is created: /home/alex/Repositories/hive/beeline/target/tmp/alex/operation_logs/52ce6d6f-fde5-4313-922c-4f0a48ee7ec9
2024-05-01T00:31:49,389  INFO [main] service.CompositeService: Session opened, SessionHandle [52ce6d6f-fde5-4313-922c-4f0a48ee7ec9], current sessions:1
2024-05-01T00:31:49,389  INFO [main] thrift.ThriftCLIService: Login attempt is successful for user : null
2024-05-01T00:31:49,438  WARN [main] conf.HiveConf: HiveConf of name hive.dummyparam.test.server.specific.config.override does not exist
2024-05-01T00:31:49,439  WARN [main] conf.HiveConf: HiveConf of name hive.dummyparam.test.server.specific.config.hiveserver2site does not exist
2024-05-01T00:31:49,439  WARN [main] conf.HiveConf: HiveConf of name hive.dummyparam.test.server.specific.config.metastoresite does not exist
2024-05-01T00:31:49,439  INFO [52ce6d6f-fde5-4313-922c-4f0a48ee7ec9 main] session.HiveSessionImpl: executing set
2024-05-01T00:31:49,440  INFO [52ce6d6f-fde5-4313-922c-4f0a48ee7ec9 main] operation.HiveCommandOperation: Putting temp output to file /home/alex/Repositories/hive/beeline/target/tmp/alex/52ce6d6f-fde5-4313-922c-4f0a48ee7ec98121679643754222452.pipeout and error output to file /home/alex/Repositories/hive/beeline/target/tmp/alex/52ce6d6f-fde5-4313-922c-4f0a48ee7ec92437296198375098241.pipeout
2024-05-01T00:31:49,440  INFO [52ce6d6f-fde5-4313-922c-4f0a48ee7ec9 main] operation.OperationManager: Adding operation: OperationHandle [opType=EXECUTE_STATEMENT, getHandleIdentifier()=e2e289c5-c4a2-455c-a94b-74bbf062bf30] SessionHandle [52ce6d6f-fde5-4313-922c-4f0a48ee7ec9]
2024-05-01T00:31:49,440  INFO [52ce6d6f-fde5-4313-922c-4f0a48ee7ec9 main] common.LogUtils: Thread context registration is done.
DEBUG StatusLogger Building Plugin[name=filter, class=org.apache.hadoop.hive.ql.log.LogDivertAppender$NameFilter].
DEBUG StatusLogger createFilter(loggingLevel="EXECUTION")
DEBUG StatusLogger Building Plugin[name=layout, class=org.apache.logging.log4j.core.layout.PatternLayout].
DEBUG StatusLogger PatternLayout$Builder(pattern="%-5p : %m%n", PatternSelector=null, Configuration(HiveLog4j2Test), Replace=null, charset="null", alwaysWriteExceptions="null", disableAnsi="null", noConsoleNoAnsi="null", header="null", footer="null")
DEBUG StatusLogger Building Plugin[name=appender, class=org.apache.hadoop.hive.ql.log.HushableRandomAccessFileAppender].
DEBUG StatusLogger createAppender(fileName="/home/alex/Repositories/hive/beeline/target/tmp/alex/operation_logs/52ce6d6f-fde5-4313-922c-4f0a48ee7ec9/alex_20240501003149_53e9fcf4-5d29-4afe-a9f4-22eb8628e81f", append="null", name="query-file-appender", immediateFlush="null", bufferSize="null", ignoreExceptions="null", PatternLayout(org.apache.logging.log4j.core.layout.PatternLayout with name PatternLayout), NameFilter(org.apache.hadoop.hive.ql.log.LogDivertAppender$NameFilter with name NameFilter), advertise="null", advertiseURI="null", Configuration(HiveLog4j2Test))
DEBUG StatusLogger Starting RandomAccessFileManager /home/alex/Repositories/hive/beeline/target/tmp/alex/operation_logs/52ce6d6f-fde5-4313-922c-4f0a48ee7ec9/alex_20240501003149_53e9fcf4-5d29-4afe-a9f4-22eb8628e81f
DEBUG StatusLogger Building Plugin[name=, class=org.apache.hadoop.hive.ql.log.LogDivertAppenderForTest$TestFilter].
DEBUG StatusLogger createFilter()
DEBUG StatusLogger Building Plugin[name=, class=org.apache.logging.log4j.core.layout.PatternLayout].
DEBUG StatusLogger PatternLayout$Builder(pattern="%-5p : %m%n", PatternSelector=null, Configuration(HiveLog4j2Test), Replace=null, charset="null", alwaysWriteExceptions="null", disableAnsi="null", noConsoleNoAnsi="null", header="null", footer="null")
DEBUG StatusLogger Building Plugin[name=appender, class=org.apache.hadoop.hive.ql.log.HushableRandomAccessFileAppender].
DEBUG StatusLogger createAppender(fileName="/home/alex/Repositories/hive/beeline/target/tmp/alex/operation_logs/52ce6d6f-fde5-4313-922c-4f0a48ee7ec9/alex_20240501003149_53e9fcf4-5d29-4afe-a9f4-22eb8628e81f.test", append="null", name="test-query-file-appender", immediateFlush="null", bufferSize="null", ignoreExceptions="null", PatternLayout(org.apache.logging.log4j.core.layout.PatternLayout with name PatternLayout), test-filter(org.apache.hadoop.hive.ql.log.LogDivertAppenderForTest$TestFilter with name test-filter), advertise="null", advertiseURI="null", Configuration(HiveLog4j2Test))
DEBUG StatusLogger Starting RandomAccessFileManager /home/alex/Repositories/hive/beeline/target/tmp/alex/operation_logs/52ce6d6f-fde5-4313-922c-4f0a48ee7ec9/alex_20240501003149_53e9fcf4-5d29-4afe-a9f4-22eb8628e81f.test
2024-05-01T00:31:49,444  INFO [52ce6d6f-fde5-4313-922c-4f0a48ee7ec9 main] operation.HiveCommandOperation: [opType=EXECUTE_STATEMENT, queryId=alex_20240501003149_53e9fcf4-5d29-4afe-a9f4-22eb8628e81f, startTime=1714548709439, sessionId=52ce6d6f-fde5-4313-922c-4f0a48ee7ec9, createTime=1714548709373, userName=null, ipAddress=null]
2024-05-01T00:31:49,452  INFO [52ce6d6f-fde5-4313-922c-4f0a48ee7ec9 main] common.LogUtils: Unregistered logging context.
2024-05-01T00:31:49,455  INFO [52ce6d6f-fde5-4313-922c-4f0a48ee7ec9 main] operation.OperationManager: Closing operation: OperationHandle [opType=EXECUTE_STATEMENT, getHandleIdentifier()=e2e289c5-c4a2-455c-a94b-74bbf062bf30]
2024-05-01T00:31:49,455  INFO [52ce6d6f-fde5-4313-922c-4f0a48ee7ec9 main] operation.OperationManager: Removed queryId: alex_20240501003149_53e9fcf4-5d29-4afe-a9f4-22eb8628e81f corresponding to operation: OperationHandle [opType=EXECUTE_STATEMENT, getHandleIdentifier()=e2e289c5-c4a2-455c-a94b-74bbf062bf30] with tag: null
2024-05-01T00:31:49,456  INFO [52ce6d6f-fde5-4313-922c-4f0a48ee7ec9 main] operation.HiveCommandOperation: Closing operation log /home/alex/Repositories/hive/beeline/target/tmp/alex/operation_logs/52ce6d6f-fde5-4313-922c-4f0a48ee7ec9/alex_20240501003149_53e9fcf4-5d29-4afe-a9f4-22eb8628e81f without delay
2024-05-01T00:31:49,458  INFO [52ce6d6f-fde5-4313-922c-4f0a48ee7ec9 main] session.HiveSessionImpl: executing use test
2024-05-01T00:31:49,459  INFO [52ce6d6f-fde5-4313-922c-4f0a48ee7ec9 main] operation.OperationManager: Adding operation: OperationHandle [opType=EXECUTE_STATEMENT, getHandleIdentifier()=82c78c38-e466-4cdf-90ef-d38fe34a0f6c] SessionHandle [52ce6d6f-fde5-4313-922c-4f0a48ee7ec9]
2024-05-01T00:31:49,459  INFO [52ce6d6f-fde5-4313-922c-4f0a48ee7ec9 main] common.LogUtils: Thread context registration is done.
DEBUG StatusLogger Building Plugin[name=filter, class=org.apache.hadoop.hive.ql.log.LogDivertAppender$NameFilter].
DEBUG StatusLogger createFilter(loggingLevel="EXECUTION")
DEBUG StatusLogger Building Plugin[name=layout, class=org.apache.logging.log4j.core.layout.PatternLayout].
DEBUG StatusLogger PatternLayout$Builder(pattern="%-5p : %m%n", PatternSelector=null, Configuration(HiveLog4j2Test), Replace=null, charset="null", alwaysWriteExceptions="null", disableAnsi="null", noConsoleNoAnsi="null", header="null", footer="null")
DEBUG StatusLogger Building Plugin[name=appender, class=org.apache.hadoop.hive.ql.log.HushableRandomAccessFileAppender].
DEBUG StatusLogger createAppender(fileName="/home/alex/Repositories/hive/beeline/target/tmp/alex/operation_logs/52ce6d6f-fde5-4313-922c-4f0a48ee7ec9/alex_20240501003149_89c8e0af-beb9-4142-bc15-182768bc3b20", append="null", name="query-file-appender", immediateFlush="null", bufferSize="null", ignoreExceptions="null", PatternLayout(org.apache.logging.log4j.core.layout.PatternLayout with name PatternLayout), NameFilter(org.apache.hadoop.hive.ql.log.LogDivertAppender$NameFilter with name NameFilter), advertise="null", advertiseURI="null", Configuration(HiveLog4j2Test))
DEBUG StatusLogger Starting RandomAccessFileManager /home/alex/Repositories/hive/beeline/target/tmp/alex/operation_logs/52ce6d6f-fde5-4313-922c-4f0a48ee7ec9/alex_20240501003149_89c8e0af-beb9-4142-bc15-182768bc3b20
DEBUG StatusLogger Building Plugin[name=, class=org.apache.hadoop.hive.ql.log.LogDivertAppenderForTest$TestFilter].
DEBUG StatusLogger createFilter()
DEBUG StatusLogger Building Plugin[name=, class=org.apache.logging.log4j.core.layout.PatternLayout].
DEBUG StatusLogger PatternLayout$Builder(pattern="%-5p : %m%n", PatternSelector=null, Configuration(HiveLog4j2Test), Replace=null, charset="null", alwaysWriteExceptions="null", disableAnsi="null", noConsoleNoAnsi="null", header="null", footer="null")
DEBUG StatusLogger Building Plugin[name=appender, class=org.apache.hadoop.hive.ql.log.HushableRandomAccessFileAppender].
DEBUG StatusLogger createAppender(fileName="/home/alex/Repositories/hive/beeline/target/tmp/alex/operation_logs/52ce6d6f-fde5-4313-922c-4f0a48ee7ec9/alex_20240501003149_89c8e0af-beb9-4142-bc15-182768bc3b20.test", append="null", name="test-query-file-appender", immediateFlush="null", bufferSize="null", ignoreExceptions="null", PatternLayout(org.apache.logging.log4j.core.layout.PatternLayout with name PatternLayout), test-filter(org.apache.hadoop.hive.ql.log.LogDivertAppenderForTest$TestFilter with name test-filter), advertise="null", advertiseURI="null", Configuration(HiveLog4j2Test))
DEBUG StatusLogger Starting RandomAccessFileManager /home/alex/Repositories/hive/beeline/target/tmp/alex/operation_logs/52ce6d6f-fde5-4313-922c-4f0a48ee7ec9/alex_20240501003149_89c8e0af-beb9-4142-bc15-182768bc3b20.test
2024-05-01T00:31:49,463  INFO [52ce6d6f-fde5-4313-922c-4f0a48ee7ec9 main] operation.SQLOperation: [opType=EXECUTE_STATEMENT, queryId=alex_20240501003149_89c8e0af-beb9-4142-bc15-182768bc3b20, startTime=1714548709458, sessionId=52ce6d6f-fde5-4313-922c-4f0a48ee7ec9, createTime=1714548709373, userName=null, ipAddress=null]
2024-05-01T00:31:49,464  INFO [52ce6d6f-fde5-4313-922c-4f0a48ee7ec9 main] ql.Driver: Compiling command(queryId=alex_20240501003149_89c8e0af-beb9-4142-bc15-182768bc3b20): use test
2024-05-01T00:31:49,465  INFO [52ce6d6f-fde5-4313-922c-4f0a48ee7ec9 main] metastore.HiveMetaStoreClient: HMS client filtering is enabled.
2024-05-01T00:31:49,466  INFO [52ce6d6f-fde5-4313-922c-4f0a48ee7ec9 main] metastore.HMSHandler: 0: Opening raw store with implementation class:org.apache.hadoop.hive.metastore.ObjectStore
2024-05-01T00:31:49,466  INFO [52ce6d6f-fde5-4313-922c-4f0a48ee7ec9 main] metastore.PersistenceManagerProvider: Configuration datanucleus.autoStartMechanismMode is not set. Defaulting to 'ignored'
2024-05-01T00:31:49,466  INFO [52ce6d6f-fde5-4313-922c-4f0a48ee7ec9 main] metastore.ObjectStore: RawStore: org.apache.hadoop.hive.metastore.ObjectStore@72001c71, with PersistenceManager: null will be shutdown
2024-05-01T00:31:49,467  INFO [52ce6d6f-fde5-4313-922c-4f0a48ee7ec9 main] metastore.ObjectStore: RawStore: org.apache.hadoop.hive.metastore.ObjectStore@72001c71, with PersistenceManager: org.datanucleus.api.jdo.JDOPersistenceManager@e7b0bec created in the thread with id: 1
2024-05-01T00:31:49,469  INFO [52ce6d6f-fde5-4313-922c-4f0a48ee7ec9 main] metastore.HMSHandler: Created RawStore: org.apache.hadoop.hive.metastore.ObjectStore@72001c71 from thread id: 1
2024-05-01T00:31:49,469  INFO [52ce6d6f-fde5-4313-922c-4f0a48ee7ec9 main] metastore.HMSHandler: HMS server filtering is disabled by configuration
2024-05-01T00:31:49,469  INFO [52ce6d6f-fde5-4313-922c-4f0a48ee7ec9 main] metastore.RetryingMetaStoreClient: RetryingMetaStoreClient proxy=class org.apache.hadoop.hive.ql.metadata.SessionHiveMetaStoreClient ugi=alex (auth:SIMPLE) retries=1 delay=1 lifetime=0
2024-05-01T00:31:49,470  INFO [52ce6d6f-fde5-4313-922c-4f0a48ee7ec9 main] HiveMetaStore.audit: ugi=alex	ip=unknown-ip-addr	cmd=get_database: test	
2024-05-01T00:31:49,471  INFO [52ce6d6f-fde5-4313-922c-4f0a48ee7ec9 main] ql.Driver: Semantic Analysis Completed (retrial = false)
2024-05-01T00:31:49,471  INFO [52ce6d6f-fde5-4313-922c-4f0a48ee7ec9 main] ql.Driver: Created Hive schema: Schema(fieldSchemas:null, properties:null)
2024-05-01T00:31:49,471  INFO [52ce6d6f-fde5-4313-922c-4f0a48ee7ec9 main] metadata.Hive: Dumping metastore api call timing information for : compilation phase
2024-05-01T00:31:49,471  INFO [52ce6d6f-fde5-4313-922c-4f0a48ee7ec9 main] metadata.Hive: Total time spent in each metastore function (ms): {isCompatibleWith_(Configuration)=0, getDatabase_(String)=1, flushCache_()=0}
2024-05-01T00:31:49,471  INFO [52ce6d6f-fde5-4313-922c-4f0a48ee7ec9 main] ql.Driver: Completed compiling command(queryId=alex_20240501003149_89c8e0af-beb9-4142-bc15-182768bc3b20); Time taken: 0.007 seconds
2024-05-01T00:31:49,472  INFO [52ce6d6f-fde5-4313-922c-4f0a48ee7ec9 main] common.LogUtils: Unregistered logging context.
2024-05-01T00:31:49,472  INFO [HiveServer2-Background-Pool: Thread-253] common.LogUtils: Thread context registration is done.
2024-05-01T00:31:49,472  INFO [HiveServer2-Background-Pool: Thread-253] reexec.ReExecDriver: Execution #1 of query
2024-05-01T00:31:49,473  INFO [HiveServer2-Background-Pool: Thread-253] ql.Driver: Concurrency mode is disabled, not creating a lock manager
2024-05-01T00:31:49,473  INFO [HiveServer2-Background-Pool: Thread-253] ql.Driver: Executing command(queryId=alex_20240501003149_89c8e0af-beb9-4142-bc15-182768bc3b20): use test
2024-05-01T00:31:49,473  INFO [HiveServer2-Background-Pool: Thread-253] ql.Driver: Starting task [Stage-0:DDL] in serial mode
2024-05-01T00:31:49,474  INFO [HiveServer2-Background-Pool: Thread-253] HiveMetaStore.audit: ugi=alex	ip=unknown-ip-addr	cmd=get_database: test	
2024-05-01T00:31:49,475  INFO [HiveServer2-Background-Pool: Thread-253] metastore.HMSHandler: 12: Opening raw store with implementation class:org.apache.hadoop.hive.metastore.ObjectStore
2024-05-01T00:31:49,476  INFO [HiveServer2-Background-Pool: Thread-253] metastore.ObjectStore: RawStore: org.apache.hadoop.hive.metastore.ObjectStore@526bcaae, with PersistenceManager: null will be shutdown
2024-05-01T00:31:49,476  INFO [HiveServer2-Background-Pool: Thread-253] metastore.ObjectStore: RawStore: org.apache.hadoop.hive.metastore.ObjectStore@526bcaae, with PersistenceManager: org.datanucleus.api.jdo.JDOPersistenceManager@17695e87 created in the thread with id: 253
2024-05-01T00:31:49,478  INFO [HiveServer2-Background-Pool: Thread-253] metastore.HMSHandler: Created RawStore: org.apache.hadoop.hive.metastore.ObjectStore@526bcaae from thread id: 253
2024-05-01T00:31:49,480  INFO [HiveServer2-Background-Pool: Thread-253] HiveMetaStore.audit: ugi=alex	ip=unknown-ip-addr	cmd=get_database: test	
2024-05-01T00:31:49,481  INFO [HiveServer2-Background-Pool: Thread-253] metadata.Hive: Dumping metastore api call timing information for : execution phase
2024-05-01T00:31:49,481  INFO [HiveServer2-Background-Pool: Thread-253] metadata.Hive: Total time spent in each metastore function (ms): {isCompatibleWith_(Configuration)=0, getDatabase_(String)=6}
2024-05-01T00:31:49,481  INFO [HiveServer2-Background-Pool: Thread-253] ql.Driver: Completed executing command(queryId=alex_20240501003149_89c8e0af-beb9-4142-bc15-182768bc3b20); Time taken: 0.008 seconds
2024-05-01T00:31:49,481  INFO [HiveServer2-Background-Pool: Thread-253] common.LogUtils: Unregistered logging context.
2024-05-01T00:31:49,484  INFO [52ce6d6f-fde5-4313-922c-4f0a48ee7ec9 main] operation.OperationManager: Closing operation: OperationHandle [opType=EXECUTE_STATEMENT, getHandleIdentifier()=82c78c38-e466-4cdf-90ef-d38fe34a0f6c]
2024-05-01T00:31:49,484  INFO [52ce6d6f-fde5-4313-922c-4f0a48ee7ec9 main] operation.OperationManager: Removed queryId: alex_20240501003149_89c8e0af-beb9-4142-bc15-182768bc3b20 corresponding to operation: OperationHandle [opType=EXECUTE_STATEMENT, getHandleIdentifier()=82c78c38-e466-4cdf-90ef-d38fe34a0f6c] with tag: null
2024-05-01T00:31:49,484  INFO [52ce6d6f-fde5-4313-922c-4f0a48ee7ec9 main] operation.SQLOperation: Closing operation log /home/alex/Repositories/hive/beeline/target/tmp/alex/operation_logs/52ce6d6f-fde5-4313-922c-4f0a48ee7ec9/alex_20240501003149_89c8e0af-beb9-4142-bc15-182768bc3b20 without delay
2024-05-01T00:31:49,485  INFO [52ce6d6f-fde5-4313-922c-4f0a48ee7ec9 main] session.HiveSessionImpl: executing show tables
2024-05-01T00:31:49,486  INFO [52ce6d6f-fde5-4313-922c-4f0a48ee7ec9 main] operation.OperationManager: Adding operation: OperationHandle [opType=EXECUTE_STATEMENT, getHandleIdentifier()=c914b8a0-083f-4f58-a1d9-133945437d11] SessionHandle [52ce6d6f-fde5-4313-922c-4f0a48ee7ec9]
2024-05-01T00:31:49,486  INFO [52ce6d6f-fde5-4313-922c-4f0a48ee7ec9 main] common.LogUtils: Thread context registration is done.
DEBUG StatusLogger Building Plugin[name=filter, class=org.apache.hadoop.hive.ql.log.LogDivertAppender$NameFilter].
DEBUG StatusLogger createFilter(loggingLevel="EXECUTION")
DEBUG StatusLogger Building Plugin[name=layout, class=org.apache.logging.log4j.core.layout.PatternLayout].
DEBUG StatusLogger PatternLayout$Builder(pattern="%-5p : %m%n", PatternSelector=null, Configuration(HiveLog4j2Test), Replace=null, charset="null", alwaysWriteExceptions="null", disableAnsi="null", noConsoleNoAnsi="null", header="null", footer="null")
DEBUG StatusLogger Building Plugin[name=appender, class=org.apache.hadoop.hive.ql.log.HushableRandomAccessFileAppender].
DEBUG StatusLogger createAppender(fileName="/home/alex/Repositories/hive/beeline/target/tmp/alex/operation_logs/52ce6d6f-fde5-4313-922c-4f0a48ee7ec9/alex_20240501003149_2dbcfa51-f994-43df-bb7b-ef75ccfe28b0", append="null", name="query-file-appender", immediateFlush="null", bufferSize="null", ignoreExceptions="null", PatternLayout(org.apache.logging.log4j.core.layout.PatternLayout with name PatternLayout), NameFilter(org.apache.hadoop.hive.ql.log.LogDivertAppender$NameFilter with name NameFilter), advertise="null", advertiseURI="null", Configuration(HiveLog4j2Test))
DEBUG StatusLogger Starting RandomAccessFileManager /home/alex/Repositories/hive/beeline/target/tmp/alex/operation_logs/52ce6d6f-fde5-4313-922c-4f0a48ee7ec9/alex_20240501003149_2dbcfa51-f994-43df-bb7b-ef75ccfe28b0
DEBUG StatusLogger Building Plugin[name=, class=org.apache.hadoop.hive.ql.log.LogDivertAppenderForTest$TestFilter].
DEBUG StatusLogger createFilter()
DEBUG StatusLogger Building Plugin[name=, class=org.apache.logging.log4j.core.layout.PatternLayout].
DEBUG StatusLogger PatternLayout$Builder(pattern="%-5p : %m%n", PatternSelector=null, Configuration(HiveLog4j2Test), Replace=null, charset="null", alwaysWriteExceptions="null", disableAnsi="null", noConsoleNoAnsi="null", header="null", footer="null")
DEBUG StatusLogger Building Plugin[name=appender, class=org.apache.hadoop.hive.ql.log.HushableRandomAccessFileAppender].
DEBUG StatusLogger createAppender(fileName="/home/alex/Repositories/hive/beeline/target/tmp/alex/operation_logs/52ce6d6f-fde5-4313-922c-4f0a48ee7ec9/alex_20240501003149_2dbcfa51-f994-43df-bb7b-ef75ccfe28b0.test", append="null", name="test-query-file-appender", immediateFlush="null", bufferSize="null", ignoreExceptions="null", PatternLayout(org.apache.logging.log4j.core.layout.PatternLayout with name PatternLayout), test-filter(org.apache.hadoop.hive.ql.log.LogDivertAppenderForTest$TestFilter with name test-filter), advertise="null", advertiseURI="null", Configuration(HiveLog4j2Test))
DEBUG StatusLogger Starting RandomAccessFileManager /home/alex/Repositories/hive/beeline/target/tmp/alex/operation_logs/52ce6d6f-fde5-4313-922c-4f0a48ee7ec9/alex_20240501003149_2dbcfa51-f994-43df-bb7b-ef75ccfe28b0.test
2024-05-01T00:31:49,491  INFO [52ce6d6f-fde5-4313-922c-4f0a48ee7ec9 main] operation.SQLOperation: [opType=EXECUTE_STATEMENT, queryId=alex_20240501003149_2dbcfa51-f994-43df-bb7b-ef75ccfe28b0, startTime=1714548709485, sessionId=52ce6d6f-fde5-4313-922c-4f0a48ee7ec9, createTime=1714548709373, userName=null, ipAddress=null]
2024-05-01T00:31:49,493  INFO [52ce6d6f-fde5-4313-922c-4f0a48ee7ec9 main] ql.Driver: Compiling command(queryId=alex_20240501003149_2dbcfa51-f994-43df-bb7b-ef75ccfe28b0): show tables
2024-05-01T00:31:49,497  INFO [52ce6d6f-fde5-4313-922c-4f0a48ee7ec9 main] HiveMetaStore.audit: ugi=alex	ip=unknown-ip-addr	cmd=get_database: test	
2024-05-01T00:31:49,499  INFO [52ce6d6f-fde5-4313-922c-4f0a48ee7ec9 main] ql.Driver: Semantic Analysis Completed (retrial = false)
2024-05-01T00:31:49,499  INFO [52ce6d6f-fde5-4313-922c-4f0a48ee7ec9 main] ql.Driver: Created Hive schema: Schema(fieldSchemas:[FieldSchema(name:tab_name, type:string, comment:from deserializer)], properties:null)
2024-05-01T00:31:49,500  INFO [52ce6d6f-fde5-4313-922c-4f0a48ee7ec9 main] exec.ListSinkOperator: Initializing Operator: LIST_SINK[0]
2024-05-01T00:31:49,500  INFO [52ce6d6f-fde5-4313-922c-4f0a48ee7ec9 main] metadata.Hive: Dumping metastore api call timing information for : compilation phase
2024-05-01T00:31:49,500  INFO [52ce6d6f-fde5-4313-922c-4f0a48ee7ec9 main] metadata.Hive: Total time spent in each metastore function (ms): {isCompatibleWith_(Configuration)=0, getDatabase_(String)=1, flushCache_()=0}
2024-05-01T00:31:49,500  INFO [52ce6d6f-fde5-4313-922c-4f0a48ee7ec9 main] ql.Driver: Completed compiling command(queryId=alex_20240501003149_2dbcfa51-f994-43df-bb7b-ef75ccfe28b0); Time taken: 0.008 seconds
2024-05-01T00:31:49,500  INFO [52ce6d6f-fde5-4313-922c-4f0a48ee7ec9 main] common.LogUtils: Unregistered logging context.
2024-05-01T00:31:49,501  INFO [HiveServer2-Background-Pool: Thread-257] common.LogUtils: Thread context registration is done.
2024-05-01T00:31:49,501  INFO [HiveServer2-Background-Pool: Thread-257] reexec.ReExecDriver: Execution #1 of query
2024-05-01T00:31:49,501  INFO [HiveServer2-Background-Pool: Thread-257] ql.Driver: Concurrency mode is disabled, not creating a lock manager
2024-05-01T00:31:49,502  INFO [HiveServer2-Background-Pool: Thread-257] ql.Driver: Executing command(queryId=alex_20240501003149_2dbcfa51-f994-43df-bb7b-ef75ccfe28b0): show tables
2024-05-01T00:31:49,502  INFO [HiveServer2-Background-Pool: Thread-257] ql.Driver: Starting task [Stage-0:DDL] in serial mode
2024-05-01T00:31:49,502  INFO [HiveServer2-Background-Pool: Thread-257] HiveMetaStore.audit: ugi=alex	ip=unknown-ip-addr	cmd=get_database: test	
2024-05-01T00:31:49,503  INFO [HiveServer2-Background-Pool: Thread-257] metastore.HMSHandler: 13: Opening raw store with implementation class:org.apache.hadoop.hive.metastore.ObjectStore
2024-05-01T00:31:49,504  INFO [HiveServer2-Background-Pool: Thread-257] metastore.ObjectStore: RawStore: org.apache.hadoop.hive.metastore.ObjectStore@550efb7b, with PersistenceManager: null will be shutdown
2024-05-01T00:31:49,504  INFO [HiveServer2-Background-Pool: Thread-257] metastore.ObjectStore: RawStore: org.apache.hadoop.hive.metastore.ObjectStore@550efb7b, with PersistenceManager: org.datanucleus.api.jdo.JDOPersistenceManager@100c7fbe created in the thread with id: 257
2024-05-01T00:31:49,506  INFO [HiveServer2-Background-Pool: Thread-257] metastore.HMSHandler: Created RawStore: org.apache.hadoop.hive.metastore.ObjectStore@550efb7b from thread id: 257
2024-05-01T00:31:49,508  INFO [HiveServer2-Background-Pool: Thread-257] HiveMetaStore.audit: ugi=alex	ip=unknown-ip-addr	cmd=get_multi_table : db=test tbls=null	
2024-05-01T00:31:49,517  INFO [HiveServer2-Background-Pool: Thread-257] sqlstd.SQLStdHiveAccessController: Created SQLStdHiveAccessController for session context : HiveAuthzSessionContext [sessionString=52ce6d6f-fde5-4313-922c-4f0a48ee7ec9, clientType=HIVESERVER2]
2024-05-01T00:31:49,523  INFO [HiveServer2-Background-Pool: Thread-257] metadata.Hive: Dumping metastore api call timing information for : execution phase
2024-05-01T00:31:49,523  INFO [HiveServer2-Background-Pool: Thread-257] metadata.Hive: Total time spent in each metastore function (ms): {isCompatibleWith_(Configuration)=0, getDatabase_(String)=5, getTables_(String, String)=10}
2024-05-01T00:31:49,524  INFO [HiveServer2-Background-Pool: Thread-257] ql.Driver: Completed executing command(queryId=alex_20240501003149_2dbcfa51-f994-43df-bb7b-ef75ccfe28b0); Time taken: 0.021 seconds
2024-05-01T00:31:49,524  INFO [HiveServer2-Background-Pool: Thread-257] common.LogUtils: Unregistered logging context.
2024-05-01T00:31:49,525  INFO [52ce6d6f-fde5-4313-922c-4f0a48ee7ec9 main] operation.OperationManager: Closing operation: OperationHandle [opType=EXECUTE_STATEMENT, getHandleIdentifier()=c914b8a0-083f-4f58-a1d9-133945437d11]
2024-05-01T00:31:49,525  INFO [52ce6d6f-fde5-4313-922c-4f0a48ee7ec9 main] operation.OperationManager: Removed queryId: alex_20240501003149_2dbcfa51-f994-43df-bb7b-ef75ccfe28b0 corresponding to operation: OperationHandle [opType=EXECUTE_STATEMENT, getHandleIdentifier()=c914b8a0-083f-4f58-a1d9-133945437d11] with tag: null
2024-05-01T00:31:49,526  INFO [52ce6d6f-fde5-4313-922c-4f0a48ee7ec9 main] ql.Context: Deleting scratch dir: file:/home/alex/Repositories/hive/beeline/target/tmp/alex/52ce6d6f-fde5-4313-922c-4f0a48ee7ec9/hive_2024-05-01_00-31-49_492_2731244692882645200-1
2024-05-01T00:31:49,526  INFO [52ce6d6f-fde5-4313-922c-4f0a48ee7ec9 main] cleanup.EventualCleanupService: Delete file:/home/alex/Repositories/hive/beeline/target/tmp/alex/52ce6d6f-fde5-4313-922c-4f0a48ee7ec9/hive_2024-05-01_00-31-49_492_2731244692882645200-1 operation was queued
2024-05-01T00:31:49,526  INFO [52ce6d6f-fde5-4313-922c-4f0a48ee7ec9 main] exec.ListSinkOperator: Closing Operator: LIST_SINK[0]
2024-05-01T00:31:49,526  INFO [52ce6d6f-fde5-4313-922c-4f0a48ee7ec9 main] exec.ListSinkOperator: RECORDS_OUT_INTERMEDIATE:0, RECORDS_OUT_OPERATOR_LIST_SINK_0:0, 
2024-05-01T00:31:49,526  INFO [52ce6d6f-fde5-4313-922c-4f0a48ee7ec9 main] operation.SQLOperation: Closing operation log /home/alex/Repositories/hive/beeline/target/tmp/alex/operation_logs/52ce6d6f-fde5-4313-922c-4f0a48ee7ec9/alex_20240501003149_2dbcfa51-f994-43df-bb7b-ef75ccfe28b0 without delay
2024-05-01T00:31:49,526  INFO [EventualCleanupService thread 0] cleanup.EventualCleanupService: Deleted file:/home/alex/Repositories/hive/beeline/target/tmp/alex/52ce6d6f-fde5-4313-922c-4f0a48ee7ec9/hive_2024-05-01_00-31-49_492_2731244692882645200-1
2024-05-01T00:31:49,526  INFO [main] service.CompositeService: Session closed, SessionHandle [52ce6d6f-fde5-4313-922c-4f0a48ee7ec9], current sessions:0
2024-05-01T00:31:49,526  INFO [52ce6d6f-fde5-4313-922c-4f0a48ee7ec9 main] session.HiveSessionImpl: Operation log session directory is deleted: /home/alex/Repositories/hive/beeline/target/tmp/alex/operation_logs/52ce6d6f-fde5-4313-922c-4f0a48ee7ec9
2024-05-01T00:31:49,527  INFO [main] cleanup.EventualCleanupService: Delete /tmp/hive/alex/52ce6d6f-fde5-4313-922c-4f0a48ee7ec9 operation was queued
2024-05-01T00:31:49,527  INFO [main] cleanup.EventualCleanupService: Delete /home/alex/Repositories/hive/beeline/target/tmp/alex/52ce6d6f-fde5-4313-922c-4f0a48ee7ec9 operation was queued
2024-05-01T00:31:49,527  INFO [EventualCleanupService thread 1] cleanup.EventualCleanupService: Deleted /tmp/hive/alex/52ce6d6f-fde5-4313-922c-4f0a48ee7ec9
2024-05-01T00:31:49,527  INFO [EventualCleanupService thread 2] cleanup.EventualCleanupService: Deleted /home/alex/Repositories/hive/beeline/target/tmp/alex/52ce6d6f-fde5-4313-922c-4f0a48ee7ec9
2024-05-01T00:31:49,528  INFO [main] HiveMetaStore.audit: ugi=alex	ip=unknown-ip-addr	cmd=Cleaning up thread local RawStore...	
2024-05-01T00:31:49,528  INFO [main] metastore.ObjectStore: RawStore: org.apache.hadoop.hive.metastore.ObjectStore@72001c71, with PersistenceManager: org.datanucleus.api.jdo.JDOPersistenceManager@e7b0bec will be shutdown
2024-05-01T00:31:49,528  INFO [main] HiveMetaStore.audit: ugi=alex	ip=unknown-ip-addr	cmd=Done cleaning up thread local RawStore	
2024-05-01T00:31:49,528  INFO [main] metastore.HiveMetaStoreClient: Closed a connection to metastore, current connections: -14
2024-05-01T00:31:49,528 ERROR [main] cli.TestHiveCli: Failed due to the error:Connecting to jdbc:hive2://
Hive Session ID = 883f9d3f-fd6a-4b6b-b018-6bcfe6f8f647
ivysettings.xml file not found in HIVE_HOME or HIVE_CONF_DIR,/home/alex/Repositories/hive/conf/ivysettings.xml will be used
ivysettings.xml file not found in HIVE_HOME or HIVE_CONF_DIR,/home/alex/Repositories/hive/conf/ivysettings.xml will be used
Connected to: Apache Hive (version 4.0.0-SNAPSHOT)
Error: Couldn't load manifest attributes. (state=,code=0)
Transaction isolation: TRANSACTION_REPEATABLE_READ
INFO  : Compiling command(queryId=alex_20240501003149_89c8e0af-beb9-4142-bc15-182768bc3b20): use test
INFO  : Semantic Analysis Completed (retrial = false)
INFO  : Created Hive schema: Schema(fieldSchemas:null, properties:null)
INFO  : Completed compiling command(queryId=alex_20240501003149_89c8e0af-beb9-4142-bc15-182768bc3b20); Time taken: 0.007 seconds
INFO  : Concurrency mode is disabled, not creating a lock manager
INFO  : Executing command(queryId=alex_20240501003149_89c8e0af-beb9-4142-bc15-182768bc3b20): use test
INFO  : Starting task [Stage-0:DDL] in serial mode
DEBUG : Task getting executed using mapred tag : alex_20240501003149_89c8e0af-beb9-4142-bc15-182768bc3b20,userid=null
INFO  : Completed executing command(queryId=alex_20240501003149_89c8e0af-beb9-4142-bc15-182768bc3b20); Time taken: 0.008 seconds
DEBUG : Shutting down query use test
Error: Failed to wait for operation to complete (state=08S01,code=0)
INFO  : Compiling command(queryId=alex_20240501003149_2dbcfa51-f994-43df-bb7b-ef75ccfe28b0): show tables
INFO  : Semantic Analysis Completed (retrial = false)
INFO  : Created Hive schema: Schema(fieldSchemas:[FieldSchema(name:tab_name, type:string, comment:from deserializer)], properties:null)
INFO  : Completed compiling command(queryId=alex_20240501003149_2dbcfa51-f994-43df-bb7b-ef75ccfe28b0); Time taken: 0.008 seconds
INFO  : Concurrency mode is disabled, not creating a lock manager
INFO  : Executing command(queryId=alex_20240501003149_2dbcfa51-f994-43df-bb7b-ef75ccfe28b0): show tables
INFO  : Starting task [Stage-0:DDL] in serial mode
DEBUG : Task getting executed using mapred tag : alex_20240501003149_2dbcfa51-f994-43df-bb7b-ef75ccfe28b0,userid=null
INFO  : Completed executing command(queryId=alex_20240501003149_2dbcfa51-f994-43df-bb7b-ef75ccfe28b0); Time taken: 0.021 seconds
DEBUG : Shutting down query show tables
Error: Failed to wait for operation to complete (state=08S01,code=0)
Closing: 0: jdbc:hive2://

]]></system-err>
  </testcase>
  <testcase name="testCommentStripping" classname="org.apache.hive.beeline.cli.TestHiveCli" time="0.26"/>
  <testcase name="testUseCurrentDB1" classname="org.apache.hive.beeline.cli.TestHiveCli" time="0.238">
    <failure type="java.lang.AssertionError"><![CDATA[java.lang.AssertionError: 
The expected keyword "hive (testDB)>" occur in the output: Connecting to jdbc:hive2://
Hive Session ID = cd085617-6e37-486b-9370-3bdb51b188e9
ivysettings.xml file not found in HIVE_HOME or HIVE_CONF_DIR,/home/alex/Repositories/hive/conf/ivysettings.xml will be used
ivysettings.xml file not found in HIVE_HOME or HIVE_CONF_DIR,/home/alex/Repositories/hive/conf/ivysettings.xml will be used
Connected to: Apache Hive (version 4.0.0-SNAPSHOT)
Error: Couldn't load manifest attributes. (state=,code=0)
Transaction isolation: TRANSACTION_REPEATABLE_READ
Beeline version ??? by Apache Hive
hive> create database if not exists testDB; set hive.cli.print.current.db=true;use testDB;
INFO  : Compiling command(queryId=alex_20240501003149_50e5d704-d344-4bca-854c-f80c7af8a825): create database if not exists testDB
INFO  : Semantic Analysis Completed (retrial = false)
INFO  : Created Hive schema: Schema(fieldSchemas:null, properties:null)
INFO  : Completed compiling command(queryId=alex_20240501003149_50e5d704-d344-4bca-854c-f80c7af8a825); Time taken: 0.006 seconds
INFO  : Concurrency mode is disabled, not creating a lock manager
INFO  : Executing command(queryId=alex_20240501003149_50e5d704-d344-4bca-854c-f80c7af8a825): create database if not exists testDB
INFO  : Starting task [Stage-0:DDL] in serial mode
DEBUG : Task getting executed using mapred tag : alex_20240501003149_50e5d704-d344-4bca-854c-f80c7af8a825,userid=null
INFO  : Completed executing command(queryId=alex_20240501003149_50e5d704-d344-4bca-854c-f80c7af8a825); Time taken: 0.016 seconds
DEBUG : Shutting down query create database if not exists testDB
Error: Failed to wait for operation to complete (state=08S01,code=0)
hive> use default;drop if exists testDB;
INFO  : Compiling command(queryId=alex_20240501003150_84673b05-3fae-4431-bd51-6f2cc09f6fc8): use default
INFO  : Semantic Analysis Completed (retrial = false)
INFO  : Created Hive schema: Schema(fieldSchemas:null, properties:null)
INFO  : Completed compiling command(queryId=alex_20240501003150_84673b05-3fae-4431-bd51-6f2cc09f6fc8); Time taken: 0.002 seconds
INFO  : Concurrency mode is disabled, not creating a lock manager
INFO  : Executing command(queryId=alex_20240501003150_84673b05-3fae-4431-bd51-6f2cc09f6fc8): use default
INFO  : Starting task [Stage-0:DDL] in serial mode
DEBUG : Task getting executed using mapred tag : alex_20240501003150_84673b05-3fae-4431-bd51-6f2cc09f6fc8,userid=null
INFO  : Completed executing command(queryId=alex_20240501003150_84673b05-3fae-4431-bd51-6f2cc09f6fc8); Time taken: 0.007 seconds
DEBUG : Shutting down query use default
Error: Failed to wait for operation to complete (state=08S01,code=0)
hive> Closing: 0: jdbc:hive2://

	at org.junit.Assert.fail(Assert.java:89)
	at org.junit.Assert.assertTrue(Assert.java:42)
	at org.apache.hive.beeline.cli.TestHiveCli.verifyCMD(TestHiveCli.java:270)
	at org.apache.hive.beeline.cli.TestHiveCli.testUseCurrentDB1(TestHiveCli.java:212)
	at sun.reflect.NativeMethodAccessorImpl.invoke0(Native Method)
	at sun.reflect.NativeMethodAccessorImpl.invoke(NativeMethodAccessorImpl.java:62)
	at sun.reflect.DelegatingMethodAccessorImpl.invoke(DelegatingMethodAccessorImpl.java:43)
	at java.lang.reflect.Method.invoke(Method.java:498)
	at org.junit.runners.model.FrameworkMethod$1.runReflectiveCall(FrameworkMethod.java:59)
	at org.junit.internal.runners.model.ReflectiveCallable.run(ReflectiveCallable.java:12)
	at org.junit.runners.model.FrameworkMethod.invokeExplosively(FrameworkMethod.java:56)
	at org.junit.internal.runners.statements.InvokeMethod.evaluate(InvokeMethod.java:17)
	at org.junit.internal.runners.statements.RunBefores.evaluate(RunBefores.java:26)
	at org.junit.internal.runners.statements.RunAfters.evaluate(RunAfters.java:27)
	at org.junit.runners.ParentRunner$3.evaluate(ParentRunner.java:306)
	at org.junit.runners.BlockJUnit4ClassRunner$1.evaluate(BlockJUnit4ClassRunner.java:100)
	at org.junit.runners.ParentRunner.runLeaf(ParentRunner.java:366)
	at org.junit.runners.BlockJUnit4ClassRunner.runChild(BlockJUnit4ClassRunner.java:103)
	at org.junit.runners.BlockJUnit4ClassRunner.runChild(BlockJUnit4ClassRunner.java:63)
	at org.junit.runners.ParentRunner$4.run(ParentRunner.java:331)
	at org.junit.runners.ParentRunner$1.schedule(ParentRunner.java:79)
	at org.junit.runners.ParentRunner.runChildren(ParentRunner.java:329)
	at org.junit.runners.ParentRunner.access$100(ParentRunner.java:66)
	at org.junit.runners.ParentRunner$2.evaluate(ParentRunner.java:293)
	at org.junit.internal.runners.statements.RunBefores.evaluate(RunBefores.java:26)
	at org.junit.runners.ParentRunner$3.evaluate(ParentRunner.java:306)
	at org.junit.runners.ParentRunner.run(ParentRunner.java:413)
	at org.junit.runner.JUnitCore.run(JUnitCore.java:137)
	at org.junit.runner.JUnitCore.run(JUnitCore.java:115)
	at org.junit.vintage.engine.execution.RunnerExecutor.execute(RunnerExecutor.java:43)
	at java.util.stream.ForEachOps$ForEachOp$OfRef.accept(ForEachOps.java:183)
	at java.util.stream.ReferencePipeline$3$1.accept(ReferencePipeline.java:193)
	at java.util.Iterator.forEachRemaining(Iterator.java:116)
	at java.util.Spliterators$IteratorSpliterator.forEachRemaining(Spliterators.java:1801)
	at java.util.stream.AbstractPipeline.copyInto(AbstractPipeline.java:482)
	at java.util.stream.AbstractPipeline.wrapAndCopyInto(AbstractPipeline.java:472)
	at java.util.stream.ForEachOps$ForEachOp.evaluateSequential(ForEachOps.java:150)
	at java.util.stream.ForEachOps$ForEachOp$OfRef.evaluateSequential(ForEachOps.java:173)
	at java.util.stream.AbstractPipeline.evaluate(AbstractPipeline.java:234)
	at java.util.stream.ReferencePipeline.forEach(ReferencePipeline.java:485)
	at org.junit.vintage.engine.VintageTestEngine.executeAllChildren(VintageTestEngine.java:82)
	at org.junit.vintage.engine.VintageTestEngine.execute(VintageTestEngine.java:73)
	at org.junit.platform.launcher.core.DefaultLauncher.execute(DefaultLauncher.java:248)
	at org.junit.platform.launcher.core.DefaultLauncher.lambda$execute$5(DefaultLauncher.java:211)
	at org.junit.platform.launcher.core.DefaultLauncher.withInterceptedStreams(DefaultLauncher.java:226)
	at org.junit.platform.launcher.core.DefaultLauncher.execute(DefaultLauncher.java:199)
	at org.junit.platform.launcher.core.DefaultLauncher.execute(DefaultLauncher.java:132)
	at org.apache.maven.surefire.junitplatform.JUnitPlatformProvider.invokeAllTests(JUnitPlatformProvider.java:154)
	at org.apache.maven.surefire.junitplatform.JUnitPlatformProvider.invoke(JUnitPlatformProvider.java:123)
	at org.apache.maven.surefire.booter.ForkedBooter.runSuitesInProcess(ForkedBooter.java:377)
	at org.apache.maven.surefire.booter.ForkedBooter.execute(ForkedBooter.java:138)
	at org.apache.maven.surefire.booter.ForkedBooter.run(ForkedBooter.java:465)
	at org.apache.maven.surefire.booter.ForkedBooter.main(ForkedBooter.java:451)
]]></failure>
    <system-err><![CDATA[2024-05-01T00:31:49,789 ERROR [main] cli.TestHiveCli: Failed to execute command due to the error: java.lang.NullPointerException: Null output stream
2024-05-01T00:31:49,850  WARN [main] conf.HiveConf: HiveConf of name hive.dummyparam.test.server.specific.config.override does not exist
2024-05-01T00:31:49,850  WARN [main] conf.HiveConf: HiveConf of name hive.dummyparam.test.server.specific.config.hiveserver2site does not exist
2024-05-01T00:31:49,851  WARN [main] conf.HiveConf: HiveConf of name hive.dummyparam.test.server.specific.config.metastoresite does not exist
2024-05-01T00:31:49,851  INFO [main] SessionState: Hive Session ID = cd085617-6e37-486b-9370-3bdb51b188e9
2024-05-01T00:31:49,851  INFO [main] DependencyResolver: ivysettings.xml file not found in HIVE_HOME or HIVE_CONF_DIR,/home/alex/Repositories/hive/conf/ivysettings.xml will be used
2024-05-01T00:31:49,859  INFO [main] session.SessionState: Created HDFS directory: /tmp/hive/alex/cd085617-6e37-486b-9370-3bdb51b188e9
2024-05-01T00:31:49,862  INFO [main] session.SessionState: Created local directory: /home/alex/Repositories/hive/beeline/target/tmp/alex/cd085617-6e37-486b-9370-3bdb51b188e9
2024-05-01T00:31:49,865  INFO [main] session.SessionState: Created HDFS directory: /tmp/hive/alex/cd085617-6e37-486b-9370-3bdb51b188e9/_tmp_space.db
2024-05-01T00:31:49,866  INFO [main] sqlstd.SQLStdHiveAccessController: Created SQLStdHiveAccessController for session context : HiveAuthzSessionContext [sessionString=cd085617-6e37-486b-9370-3bdb51b188e9, clientType=HIVESERVER2]
2024-05-01T00:31:49,867  INFO [main] metastore.HiveMetaStoreClient: HMS client filtering is enabled.
2024-05-01T00:31:49,867  INFO [main] metastore.HMSHandler: 0: Opening raw store with implementation class:org.apache.hadoop.hive.metastore.ObjectStore
2024-05-01T00:31:49,868  INFO [main] metastore.PersistenceManagerProvider: Configuration datanucleus.autoStartMechanismMode is not set. Defaulting to 'ignored'
2024-05-01T00:31:49,868  INFO [main] metastore.ObjectStore: RawStore: org.apache.hadoop.hive.metastore.ObjectStore@534d0e20, with PersistenceManager: null will be shutdown
2024-05-01T00:31:49,868  INFO [main] metastore.ObjectStore: RawStore: org.apache.hadoop.hive.metastore.ObjectStore@534d0e20, with PersistenceManager: org.datanucleus.api.jdo.JDOPersistenceManager@7d18338b created in the thread with id: 1
2024-05-01T00:31:49,870  INFO [main] metastore.HMSHandler: Created RawStore: org.apache.hadoop.hive.metastore.ObjectStore@534d0e20 from thread id: 1
2024-05-01T00:31:49,871  INFO [main] metastore.HMSHandler: HMS server filtering is disabled by configuration
2024-05-01T00:31:49,871  INFO [main] metastore.RetryingMetaStoreClient: RetryingMetaStoreClient proxy=class org.apache.hadoop.hive.ql.metadata.SessionHiveMetaStoreClient ugi=alex (auth:SIMPLE) retries=1 delay=1 lifetime=0
2024-05-01T00:31:49,871  INFO [main] service.CompositeService: Operation log root directory is created: /home/alex/Repositories/hive/beeline/target/tmp/alex/operation_logs
2024-05-01T00:31:49,871  INFO [main] service.CompositeService: HiveServer2: Background operation thread pool size: 100
2024-05-01T00:31:49,871  INFO [main] service.CompositeService: HiveServer2: Background operation thread wait queue size: 100
2024-05-01T00:31:49,871  INFO [main] service.CompositeService: HiveServer2: Background operation thread keepalive time: 10 seconds
2024-05-01T00:31:49,871  INFO [main] service.CompositeService: Connections limit are user: 0 ipaddress: 0 user-ipaddress: 0
2024-05-01T00:31:49,873  INFO [main] cleanup.EventualCleanupService: EventualCleanupService started with 10 threads and queue of size 10000
ERROR StatusLogger Log4j2 ConfigurationScheduler attempted to increment scheduled items after start
ERROR StatusLogger Log4j2 ConfigurationScheduler attempted to increment scheduled items after start
2024-05-01T00:31:49,874  INFO [main] service.AbstractService: Service:OperationManager is inited.
2024-05-01T00:31:49,874  INFO [main] service.AbstractService: Service:SessionManager is inited.
2024-05-01T00:31:49,874  INFO [main] service.AbstractService: Service:CLIService is inited.
2024-05-01T00:31:49,874  INFO [main] service.AbstractService: Service:OperationManager is started.
2024-05-01T00:31:49,874  INFO [main] service.AbstractService: Service:SessionManager is started.
2024-05-01T00:31:49,874  INFO [main] service.AbstractService: Service:CLIService is started.
2024-05-01T00:31:49,874  INFO [main] service.AbstractService: Service:ThriftBinaryCLIService is inited.
2024-05-01T00:31:49,874  INFO [main] thrift.ThriftCLIService: Client protocol version: HIVE_CLI_SERVICE_PROTOCOL_V10
2024-05-01T00:31:49,874  INFO [main] thrift.ThriftCLIService: Creating Hive session handle for user [null] from IP null
2024-05-01T00:31:49,876  INFO [main] DependencyResolver: ivysettings.xml file not found in HIVE_HOME or HIVE_CONF_DIR,/home/alex/Repositories/hive/conf/ivysettings.xml will be used
2024-05-01T00:31:49,883  INFO [main] session.SessionState: Created HDFS directory: /tmp/hive/alex/dc00727d-3246-49b3-93b2-0eff33c6381c
2024-05-01T00:31:49,887  INFO [main] session.SessionState: Created local directory: /home/alex/Repositories/hive/beeline/target/tmp/alex/dc00727d-3246-49b3-93b2-0eff33c6381c
2024-05-01T00:31:49,890  INFO [main] session.SessionState: Created HDFS directory: /tmp/hive/alex/dc00727d-3246-49b3-93b2-0eff33c6381c/_tmp_space.db
2024-05-01T00:31:49,890  INFO [main] session.SessionState: Reloading auxiliary JAR files
2024-05-01T00:31:49,890  WARN [main] session.SessionState: Configuration hive.reloadable.aux.jars.path not specified
2024-05-01T00:31:49,891  INFO [main] HiveMetaStore.audit: ugi=alex	ip=unknown-ip-addr	cmd=Cleaning up thread local RawStore...	
2024-05-01T00:31:49,891  INFO [main] metastore.ObjectStore: RawStore: org.apache.hadoop.hive.metastore.ObjectStore@534d0e20, with PersistenceManager: org.datanucleus.api.jdo.JDOPersistenceManager@7d18338b will be shutdown
2024-05-01T00:31:49,891  INFO [main] HiveMetaStore.audit: ugi=alex	ip=unknown-ip-addr	cmd=Done cleaning up thread local RawStore	
2024-05-01T00:31:49,891  INFO [main] metastore.HiveMetaStoreClient: Closed a connection to metastore, current connections: -16
2024-05-01T00:31:49,891  INFO [main] session.HiveSessionImpl: Operation log session directory is created: /home/alex/Repositories/hive/beeline/target/tmp/alex/operation_logs/dc00727d-3246-49b3-93b2-0eff33c6381c
2024-05-01T00:31:49,891  INFO [main] service.CompositeService: Session opened, SessionHandle [dc00727d-3246-49b3-93b2-0eff33c6381c], current sessions:1
2024-05-01T00:31:49,892  INFO [main] thrift.ThriftCLIService: Login attempt is successful for user : null
2024-05-01T00:31:49,940  WARN [main] conf.HiveConf: HiveConf of name hive.dummyparam.test.server.specific.config.override does not exist
2024-05-01T00:31:49,940  WARN [main] conf.HiveConf: HiveConf of name hive.dummyparam.test.server.specific.config.hiveserver2site does not exist
2024-05-01T00:31:49,941  WARN [main] conf.HiveConf: HiveConf of name hive.dummyparam.test.server.specific.config.metastoresite does not exist
2024-05-01T00:31:49,941  INFO [dc00727d-3246-49b3-93b2-0eff33c6381c main] session.HiveSessionImpl: executing set
2024-05-01T00:31:49,942  INFO [dc00727d-3246-49b3-93b2-0eff33c6381c main] operation.HiveCommandOperation: Putting temp output to file /home/alex/Repositories/hive/beeline/target/tmp/alex/dc00727d-3246-49b3-93b2-0eff33c6381c4204892243787609440.pipeout and error output to file /home/alex/Repositories/hive/beeline/target/tmp/alex/dc00727d-3246-49b3-93b2-0eff33c6381c927972630973264346.pipeout
2024-05-01T00:31:49,942  INFO [dc00727d-3246-49b3-93b2-0eff33c6381c main] operation.OperationManager: Adding operation: OperationHandle [opType=EXECUTE_STATEMENT, getHandleIdentifier()=9d20260c-1be6-4f6d-b836-c43ea69dc600] SessionHandle [dc00727d-3246-49b3-93b2-0eff33c6381c]
2024-05-01T00:31:49,942  INFO [dc00727d-3246-49b3-93b2-0eff33c6381c main] common.LogUtils: Thread context registration is done.
DEBUG StatusLogger Building Plugin[name=filter, class=org.apache.hadoop.hive.ql.log.LogDivertAppender$NameFilter].
DEBUG StatusLogger createFilter(loggingLevel="EXECUTION")
DEBUG StatusLogger Building Plugin[name=layout, class=org.apache.logging.log4j.core.layout.PatternLayout].
DEBUG StatusLogger PatternLayout$Builder(pattern="%-5p : %m%n", PatternSelector=null, Configuration(HiveLog4j2Test), Replace=null, charset="null", alwaysWriteExceptions="null", disableAnsi="null", noConsoleNoAnsi="null", header="null", footer="null")
DEBUG StatusLogger Building Plugin[name=appender, class=org.apache.hadoop.hive.ql.log.HushableRandomAccessFileAppender].
DEBUG StatusLogger createAppender(fileName="/home/alex/Repositories/hive/beeline/target/tmp/alex/operation_logs/dc00727d-3246-49b3-93b2-0eff33c6381c/alex_20240501003149_a2711ced-610f-4240-a8da-00d3aabaef68", append="null", name="query-file-appender", immediateFlush="null", bufferSize="null", ignoreExceptions="null", PatternLayout(org.apache.logging.log4j.core.layout.PatternLayout with name PatternLayout), NameFilter(org.apache.hadoop.hive.ql.log.LogDivertAppender$NameFilter with name NameFilter), advertise="null", advertiseURI="null", Configuration(HiveLog4j2Test))
DEBUG StatusLogger Starting RandomAccessFileManager /home/alex/Repositories/hive/beeline/target/tmp/alex/operation_logs/dc00727d-3246-49b3-93b2-0eff33c6381c/alex_20240501003149_a2711ced-610f-4240-a8da-00d3aabaef68
DEBUG StatusLogger Building Plugin[name=, class=org.apache.hadoop.hive.ql.log.LogDivertAppenderForTest$TestFilter].
DEBUG StatusLogger createFilter()
DEBUG StatusLogger Building Plugin[name=, class=org.apache.logging.log4j.core.layout.PatternLayout].
DEBUG StatusLogger PatternLayout$Builder(pattern="%-5p : %m%n", PatternSelector=null, Configuration(HiveLog4j2Test), Replace=null, charset="null", alwaysWriteExceptions="null", disableAnsi="null", noConsoleNoAnsi="null", header="null", footer="null")
DEBUG StatusLogger Building Plugin[name=appender, class=org.apache.hadoop.hive.ql.log.HushableRandomAccessFileAppender].
DEBUG StatusLogger createAppender(fileName="/home/alex/Repositories/hive/beeline/target/tmp/alex/operation_logs/dc00727d-3246-49b3-93b2-0eff33c6381c/alex_20240501003149_a2711ced-610f-4240-a8da-00d3aabaef68.test", append="null", name="test-query-file-appender", immediateFlush="null", bufferSize="null", ignoreExceptions="null", PatternLayout(org.apache.logging.log4j.core.layout.PatternLayout with name PatternLayout), test-filter(org.apache.hadoop.hive.ql.log.LogDivertAppenderForTest$TestFilter with name test-filter), advertise="null", advertiseURI="null", Configuration(HiveLog4j2Test))
DEBUG StatusLogger Starting RandomAccessFileManager /home/alex/Repositories/hive/beeline/target/tmp/alex/operation_logs/dc00727d-3246-49b3-93b2-0eff33c6381c/alex_20240501003149_a2711ced-610f-4240-a8da-00d3aabaef68.test
2024-05-01T00:31:49,945  INFO [dc00727d-3246-49b3-93b2-0eff33c6381c main] operation.HiveCommandOperation: [opType=EXECUTE_STATEMENT, queryId=alex_20240501003149_a2711ced-610f-4240-a8da-00d3aabaef68, startTime=1714548709941, sessionId=dc00727d-3246-49b3-93b2-0eff33c6381c, createTime=1714548709874, userName=null, ipAddress=null]
2024-05-01T00:31:49,954  INFO [dc00727d-3246-49b3-93b2-0eff33c6381c main] common.LogUtils: Unregistered logging context.
2024-05-01T00:31:49,957  INFO [dc00727d-3246-49b3-93b2-0eff33c6381c main] operation.OperationManager: Closing operation: OperationHandle [opType=EXECUTE_STATEMENT, getHandleIdentifier()=9d20260c-1be6-4f6d-b836-c43ea69dc600]
2024-05-01T00:31:49,957  INFO [dc00727d-3246-49b3-93b2-0eff33c6381c main] operation.OperationManager: Removed queryId: alex_20240501003149_a2711ced-610f-4240-a8da-00d3aabaef68 corresponding to operation: OperationHandle [opType=EXECUTE_STATEMENT, getHandleIdentifier()=9d20260c-1be6-4f6d-b836-c43ea69dc600] with tag: null
2024-05-01T00:31:49,958  INFO [dc00727d-3246-49b3-93b2-0eff33c6381c main] operation.HiveCommandOperation: Closing operation log /home/alex/Repositories/hive/beeline/target/tmp/alex/operation_logs/dc00727d-3246-49b3-93b2-0eff33c6381c/alex_20240501003149_a2711ced-610f-4240-a8da-00d3aabaef68 without delay
2024-05-01T00:31:49,965  INFO [dc00727d-3246-49b3-93b2-0eff33c6381c main] session.HiveSessionImpl: executing create database if not exists testDB
2024-05-01T00:31:49,966  INFO [dc00727d-3246-49b3-93b2-0eff33c6381c main] operation.OperationManager: Adding operation: OperationHandle [opType=EXECUTE_STATEMENT, getHandleIdentifier()=00fe3cab-69fc-4225-b9cc-e5cde2d64a32] SessionHandle [dc00727d-3246-49b3-93b2-0eff33c6381c]
2024-05-01T00:31:49,967  INFO [dc00727d-3246-49b3-93b2-0eff33c6381c main] common.LogUtils: Thread context registration is done.
DEBUG StatusLogger Building Plugin[name=filter, class=org.apache.hadoop.hive.ql.log.LogDivertAppender$NameFilter].
DEBUG StatusLogger createFilter(loggingLevel="EXECUTION")
DEBUG StatusLogger Building Plugin[name=layout, class=org.apache.logging.log4j.core.layout.PatternLayout].
DEBUG StatusLogger PatternLayout$Builder(pattern="%-5p : %m%n", PatternSelector=null, Configuration(HiveLog4j2Test), Replace=null, charset="null", alwaysWriteExceptions="null", disableAnsi="null", noConsoleNoAnsi="null", header="null", footer="null")
DEBUG StatusLogger Building Plugin[name=appender, class=org.apache.hadoop.hive.ql.log.HushableRandomAccessFileAppender].
DEBUG StatusLogger createAppender(fileName="/home/alex/Repositories/hive/beeline/target/tmp/alex/operation_logs/dc00727d-3246-49b3-93b2-0eff33c6381c/alex_20240501003149_50e5d704-d344-4bca-854c-f80c7af8a825", append="null", name="query-file-appender", immediateFlush="null", bufferSize="null", ignoreExceptions="null", PatternLayout(org.apache.logging.log4j.core.layout.PatternLayout with name PatternLayout), NameFilter(org.apache.hadoop.hive.ql.log.LogDivertAppender$NameFilter with name NameFilter), advertise="null", advertiseURI="null", Configuration(HiveLog4j2Test))
DEBUG StatusLogger Starting RandomAccessFileManager /home/alex/Repositories/hive/beeline/target/tmp/alex/operation_logs/dc00727d-3246-49b3-93b2-0eff33c6381c/alex_20240501003149_50e5d704-d344-4bca-854c-f80c7af8a825
DEBUG StatusLogger Building Plugin[name=, class=org.apache.hadoop.hive.ql.log.LogDivertAppenderForTest$TestFilter].
DEBUG StatusLogger createFilter()
DEBUG StatusLogger Building Plugin[name=, class=org.apache.logging.log4j.core.layout.PatternLayout].
DEBUG StatusLogger PatternLayout$Builder(pattern="%-5p : %m%n", PatternSelector=null, Configuration(HiveLog4j2Test), Replace=null, charset="null", alwaysWriteExceptions="null", disableAnsi="null", noConsoleNoAnsi="null", header="null", footer="null")
DEBUG StatusLogger Building Plugin[name=appender, class=org.apache.hadoop.hive.ql.log.HushableRandomAccessFileAppender].
DEBUG StatusLogger createAppender(fileName="/home/alex/Repositories/hive/beeline/target/tmp/alex/operation_logs/dc00727d-3246-49b3-93b2-0eff33c6381c/alex_20240501003149_50e5d704-d344-4bca-854c-f80c7af8a825.test", append="null", name="test-query-file-appender", immediateFlush="null", bufferSize="null", ignoreExceptions="null", PatternLayout(org.apache.logging.log4j.core.layout.PatternLayout with name PatternLayout), test-filter(org.apache.hadoop.hive.ql.log.LogDivertAppenderForTest$TestFilter with name test-filter), advertise="null", advertiseURI="null", Configuration(HiveLog4j2Test))
DEBUG StatusLogger Starting RandomAccessFileManager /home/alex/Repositories/hive/beeline/target/tmp/alex/operation_logs/dc00727d-3246-49b3-93b2-0eff33c6381c/alex_20240501003149_50e5d704-d344-4bca-854c-f80c7af8a825.test
2024-05-01T00:31:49,971  INFO [dc00727d-3246-49b3-93b2-0eff33c6381c main] operation.SQLOperation: [opType=EXECUTE_STATEMENT, queryId=alex_20240501003149_50e5d704-d344-4bca-854c-f80c7af8a825, startTime=1714548709966, sessionId=dc00727d-3246-49b3-93b2-0eff33c6381c, createTime=1714548709874, userName=null, ipAddress=null]
2024-05-01T00:31:49,972  INFO [dc00727d-3246-49b3-93b2-0eff33c6381c main] ql.Driver: Compiling command(queryId=alex_20240501003149_50e5d704-d344-4bca-854c-f80c7af8a825): create database if not exists testDB
2024-05-01T00:31:49,973  INFO [dc00727d-3246-49b3-93b2-0eff33c6381c main] metastore.HiveMetaStoreClient: HMS client filtering is enabled.
2024-05-01T00:31:49,973  INFO [dc00727d-3246-49b3-93b2-0eff33c6381c main] metastore.HMSHandler: 0: Opening raw store with implementation class:org.apache.hadoop.hive.metastore.ObjectStore
2024-05-01T00:31:49,973  INFO [dc00727d-3246-49b3-93b2-0eff33c6381c main] metastore.PersistenceManagerProvider: Configuration datanucleus.autoStartMechanismMode is not set. Defaulting to 'ignored'
2024-05-01T00:31:49,974  INFO [dc00727d-3246-49b3-93b2-0eff33c6381c main] metastore.ObjectStore: RawStore: org.apache.hadoop.hive.metastore.ObjectStore@1f6c4ae, with PersistenceManager: null will be shutdown
2024-05-01T00:31:49,974  INFO [dc00727d-3246-49b3-93b2-0eff33c6381c main] metastore.ObjectStore: RawStore: org.apache.hadoop.hive.metastore.ObjectStore@1f6c4ae, with PersistenceManager: org.datanucleus.api.jdo.JDOPersistenceManager@26270b77 created in the thread with id: 1
2024-05-01T00:31:49,977  INFO [dc00727d-3246-49b3-93b2-0eff33c6381c main] metastore.HMSHandler: Created RawStore: org.apache.hadoop.hive.metastore.ObjectStore@1f6c4ae from thread id: 1
2024-05-01T00:31:49,977  INFO [dc00727d-3246-49b3-93b2-0eff33c6381c main] metastore.HMSHandler: HMS server filtering is disabled by configuration
2024-05-01T00:31:49,977  INFO [dc00727d-3246-49b3-93b2-0eff33c6381c main] metastore.RetryingMetaStoreClient: RetryingMetaStoreClient proxy=class org.apache.hadoop.hive.ql.metadata.SessionHiveMetaStoreClient ugi=alex (auth:SIMPLE) retries=1 delay=1 lifetime=0
2024-05-01T00:31:49,978  INFO [dc00727d-3246-49b3-93b2-0eff33c6381c main] ql.Driver: Semantic Analysis Completed (retrial = false)
2024-05-01T00:31:49,978  INFO [dc00727d-3246-49b3-93b2-0eff33c6381c main] ql.Driver: Created Hive schema: Schema(fieldSchemas:null, properties:null)
2024-05-01T00:31:49,978  INFO [dc00727d-3246-49b3-93b2-0eff33c6381c main] metadata.Hive: Dumping metastore api call timing information for : compilation phase
2024-05-01T00:31:49,978  INFO [dc00727d-3246-49b3-93b2-0eff33c6381c main] metadata.Hive: Total time spent in each metastore function (ms): {isCompatibleWith_(Configuration)=0, flushCache_()=0}
2024-05-01T00:31:49,978  INFO [dc00727d-3246-49b3-93b2-0eff33c6381c main] ql.Driver: Completed compiling command(queryId=alex_20240501003149_50e5d704-d344-4bca-854c-f80c7af8a825); Time taken: 0.006 seconds
2024-05-01T00:31:49,978  INFO [dc00727d-3246-49b3-93b2-0eff33c6381c main] common.LogUtils: Unregistered logging context.
2024-05-01T00:31:49,979  INFO [HiveServer2-Background-Pool: Thread-304] common.LogUtils: Thread context registration is done.
2024-05-01T00:31:49,979  INFO [HiveServer2-Background-Pool: Thread-304] reexec.ReExecDriver: Execution #1 of query
2024-05-01T00:31:49,979  INFO [HiveServer2-Background-Pool: Thread-304] ql.Driver: Concurrency mode is disabled, not creating a lock manager
2024-05-01T00:31:49,979  INFO [HiveServer2-Background-Pool: Thread-304] ql.Driver: Executing command(queryId=alex_20240501003149_50e5d704-d344-4bca-854c-f80c7af8a825): create database if not exists testDB
2024-05-01T00:31:49,980  INFO [HiveServer2-Background-Pool: Thread-304] ql.Driver: Starting task [Stage-0:DDL] in serial mode
2024-05-01T00:31:49,981  INFO [HiveServer2-Background-Pool: Thread-304] sqlstd.SQLStdHiveAccessController: Created SQLStdHiveAccessController for session context : HiveAuthzSessionContext [sessionString=dc00727d-3246-49b3-93b2-0eff33c6381c, clientType=HIVESERVER2]
2024-05-01T00:31:49,981  WARN [HiveServer2-Background-Pool: Thread-304] exec.DDLTask: metastore.warehouse.external.dir is not set, falling back to metastore.warehouse.dir. This could cause external tables to use to managed tablespace.
2024-05-01T00:31:49,981  INFO [HiveServer2-Background-Pool: Thread-304] HiveMetaStore.audit: ugi=alex	ip=unknown-ip-addr	cmd=create_database: Database(name:testDB, description:null, locationUri:file:/home/alex/Repositories/hive/beeline/target/tmp/warehouse/testdb.db, parameters:null, ownerName:alex, ownerType:USER, catalogName:hive, type:NATIVE)	
2024-05-01T00:31:49,982  INFO [HiveServer2-Background-Pool: Thread-304] metastore.HMSHandler: 14: Opening raw store with implementation class:org.apache.hadoop.hive.metastore.ObjectStore
2024-05-01T00:31:49,983  INFO [HiveServer2-Background-Pool: Thread-304] metastore.ObjectStore: RawStore: org.apache.hadoop.hive.metastore.ObjectStore@7aa4746a, with PersistenceManager: null will be shutdown
2024-05-01T00:31:49,983  INFO [HiveServer2-Background-Pool: Thread-304] metastore.ObjectStore: RawStore: org.apache.hadoop.hive.metastore.ObjectStore@7aa4746a, with PersistenceManager: org.datanucleus.api.jdo.JDOPersistenceManager@3fa6e55a created in the thread with id: 304
2024-05-01T00:31:49,986  INFO [HiveServer2-Background-Pool: Thread-304] metastore.HMSHandler: Created RawStore: org.apache.hadoop.hive.metastore.ObjectStore@7aa4746a from thread id: 304
2024-05-01T00:31:49,989  INFO [HiveServer2-Background-Pool: Thread-304] metastore.HMSHandler: Creating database path in external directory file:/home/alex/Repositories/hive/beeline/target/tmp/warehouse/testdb.db
2024-05-01T00:31:49,989  INFO [HiveServer2-Background-Pool: Thread-304] utils.FileUtils: Creating directory if it doesn't exist: file:/home/alex/Repositories/hive/beeline/target/tmp/warehouse/testdb.db
2024-05-01T00:31:49,992  INFO [HiveServer2-Background-Pool: Thread-304] metastore.HMSHandler: Created database path in external directory file:/home/alex/Repositories/hive/beeline/target/tmp/warehouse/testdb.db
2024-05-01T00:31:49,995  INFO [HiveServer2-Background-Pool: Thread-304] metadata.Hive: Dumping metastore api call timing information for : execution phase
2024-05-01T00:31:49,995  INFO [HiveServer2-Background-Pool: Thread-304] metadata.Hive: Total time spent in each metastore function (ms): {isCompatibleWith_(Configuration)=0, createDatabase_(Database)=14}
2024-05-01T00:31:49,995  INFO [HiveServer2-Background-Pool: Thread-304] ql.Driver: Completed executing command(queryId=alex_20240501003149_50e5d704-d344-4bca-854c-f80c7af8a825); Time taken: 0.016 seconds
2024-05-01T00:31:49,996  INFO [HiveServer2-Background-Pool: Thread-304] common.LogUtils: Unregistered logging context.
2024-05-01T00:31:49,998  INFO [dc00727d-3246-49b3-93b2-0eff33c6381c main] operation.OperationManager: Closing operation: OperationHandle [opType=EXECUTE_STATEMENT, getHandleIdentifier()=00fe3cab-69fc-4225-b9cc-e5cde2d64a32]
2024-05-01T00:31:49,998  INFO [dc00727d-3246-49b3-93b2-0eff33c6381c main] operation.OperationManager: Removed queryId: alex_20240501003149_50e5d704-d344-4bca-854c-f80c7af8a825 corresponding to operation: OperationHandle [opType=EXECUTE_STATEMENT, getHandleIdentifier()=00fe3cab-69fc-4225-b9cc-e5cde2d64a32] with tag: null
2024-05-01T00:31:49,998  INFO [dc00727d-3246-49b3-93b2-0eff33c6381c main] operation.SQLOperation: Closing operation log /home/alex/Repositories/hive/beeline/target/tmp/alex/operation_logs/dc00727d-3246-49b3-93b2-0eff33c6381c/alex_20240501003149_50e5d704-d344-4bca-854c-f80c7af8a825 without delay
2024-05-01T00:31:50,003  INFO [dc00727d-3246-49b3-93b2-0eff33c6381c main] session.HiveSessionImpl: executing use default
2024-05-01T00:31:50,004  INFO [dc00727d-3246-49b3-93b2-0eff33c6381c main] operation.OperationManager: Adding operation: OperationHandle [opType=EXECUTE_STATEMENT, getHandleIdentifier()=98164c5c-fe78-4496-b1c5-7f14f8221911] SessionHandle [dc00727d-3246-49b3-93b2-0eff33c6381c]
2024-05-01T00:31:50,004  INFO [dc00727d-3246-49b3-93b2-0eff33c6381c main] common.LogUtils: Thread context registration is done.
DEBUG StatusLogger Building Plugin[name=filter, class=org.apache.hadoop.hive.ql.log.LogDivertAppender$NameFilter].
DEBUG StatusLogger createFilter(loggingLevel="EXECUTION")
DEBUG StatusLogger Building Plugin[name=layout, class=org.apache.logging.log4j.core.layout.PatternLayout].
DEBUG StatusLogger PatternLayout$Builder(pattern="%-5p : %m%n", PatternSelector=null, Configuration(HiveLog4j2Test), Replace=null, charset="null", alwaysWriteExceptions="null", disableAnsi="null", noConsoleNoAnsi="null", header="null", footer="null")
DEBUG StatusLogger Building Plugin[name=appender, class=org.apache.hadoop.hive.ql.log.HushableRandomAccessFileAppender].
DEBUG StatusLogger createAppender(fileName="/home/alex/Repositories/hive/beeline/target/tmp/alex/operation_logs/dc00727d-3246-49b3-93b2-0eff33c6381c/alex_20240501003150_84673b05-3fae-4431-bd51-6f2cc09f6fc8", append="null", name="query-file-appender", immediateFlush="null", bufferSize="null", ignoreExceptions="null", PatternLayout(org.apache.logging.log4j.core.layout.PatternLayout with name PatternLayout), NameFilter(org.apache.hadoop.hive.ql.log.LogDivertAppender$NameFilter with name NameFilter), advertise="null", advertiseURI="null", Configuration(HiveLog4j2Test))
DEBUG StatusLogger Starting RandomAccessFileManager /home/alex/Repositories/hive/beeline/target/tmp/alex/operation_logs/dc00727d-3246-49b3-93b2-0eff33c6381c/alex_20240501003150_84673b05-3fae-4431-bd51-6f2cc09f6fc8
DEBUG StatusLogger Building Plugin[name=, class=org.apache.hadoop.hive.ql.log.LogDivertAppenderForTest$TestFilter].
DEBUG StatusLogger createFilter()
DEBUG StatusLogger Building Plugin[name=, class=org.apache.logging.log4j.core.layout.PatternLayout].
DEBUG StatusLogger PatternLayout$Builder(pattern="%-5p : %m%n", PatternSelector=null, Configuration(HiveLog4j2Test), Replace=null, charset="null", alwaysWriteExceptions="null", disableAnsi="null", noConsoleNoAnsi="null", header="null", footer="null")
DEBUG StatusLogger Building Plugin[name=appender, class=org.apache.hadoop.hive.ql.log.HushableRandomAccessFileAppender].
DEBUG StatusLogger createAppender(fileName="/home/alex/Repositories/hive/beeline/target/tmp/alex/operation_logs/dc00727d-3246-49b3-93b2-0eff33c6381c/alex_20240501003150_84673b05-3fae-4431-bd51-6f2cc09f6fc8.test", append="null", name="test-query-file-appender", immediateFlush="null", bufferSize="null", ignoreExceptions="null", PatternLayout(org.apache.logging.log4j.core.layout.PatternLayout with name PatternLayout), test-filter(org.apache.hadoop.hive.ql.log.LogDivertAppenderForTest$TestFilter with name test-filter), advertise="null", advertiseURI="null", Configuration(HiveLog4j2Test))
DEBUG StatusLogger Starting RandomAccessFileManager /home/alex/Repositories/hive/beeline/target/tmp/alex/operation_logs/dc00727d-3246-49b3-93b2-0eff33c6381c/alex_20240501003150_84673b05-3fae-4431-bd51-6f2cc09f6fc8.test
2024-05-01T00:31:50,007  INFO [dc00727d-3246-49b3-93b2-0eff33c6381c main] operation.SQLOperation: [opType=EXECUTE_STATEMENT, queryId=alex_20240501003150_84673b05-3fae-4431-bd51-6f2cc09f6fc8, startTime=1714548710004, sessionId=dc00727d-3246-49b3-93b2-0eff33c6381c, createTime=1714548709874, userName=null, ipAddress=null]
2024-05-01T00:31:50,008  INFO [dc00727d-3246-49b3-93b2-0eff33c6381c main] ql.Driver: Compiling command(queryId=alex_20240501003150_84673b05-3fae-4431-bd51-6f2cc09f6fc8): use default
2024-05-01T00:31:50,009  INFO [dc00727d-3246-49b3-93b2-0eff33c6381c main] HiveMetaStore.audit: ugi=alex	ip=unknown-ip-addr	cmd=get_database: default	
2024-05-01T00:31:50,010  INFO [dc00727d-3246-49b3-93b2-0eff33c6381c main] ql.Driver: Semantic Analysis Completed (retrial = false)
2024-05-01T00:31:50,010  INFO [dc00727d-3246-49b3-93b2-0eff33c6381c main] ql.Driver: Created Hive schema: Schema(fieldSchemas:null, properties:null)
2024-05-01T00:31:50,010  INFO [dc00727d-3246-49b3-93b2-0eff33c6381c main] metadata.Hive: Dumping metastore api call timing information for : compilation phase
2024-05-01T00:31:50,011  INFO [dc00727d-3246-49b3-93b2-0eff33c6381c main] metadata.Hive: Total time spent in each metastore function (ms): {isCompatibleWith_(Configuration)=0, getDatabase_(String)=1, flushCache_()=0}
2024-05-01T00:31:50,011  INFO [dc00727d-3246-49b3-93b2-0eff33c6381c main] ql.Driver: Completed compiling command(queryId=alex_20240501003150_84673b05-3fae-4431-bd51-6f2cc09f6fc8); Time taken: 0.002 seconds
2024-05-01T00:31:50,011  INFO [dc00727d-3246-49b3-93b2-0eff33c6381c main] common.LogUtils: Unregistered logging context.
2024-05-01T00:31:50,011  INFO [HiveServer2-Background-Pool: Thread-308] common.LogUtils: Thread context registration is done.
2024-05-01T00:31:50,011  INFO [HiveServer2-Background-Pool: Thread-308] reexec.ReExecDriver: Execution #1 of query
2024-05-01T00:31:50,012  INFO [HiveServer2-Background-Pool: Thread-308] ql.Driver: Concurrency mode is disabled, not creating a lock manager
2024-05-01T00:31:50,012  INFO [HiveServer2-Background-Pool: Thread-308] ql.Driver: Executing command(queryId=alex_20240501003150_84673b05-3fae-4431-bd51-6f2cc09f6fc8): use default
2024-05-01T00:31:50,012  INFO [HiveServer2-Background-Pool: Thread-308] ql.Driver: Starting task [Stage-0:DDL] in serial mode
2024-05-01T00:31:50,013  INFO [HiveServer2-Background-Pool: Thread-308] HiveMetaStore.audit: ugi=alex	ip=unknown-ip-addr	cmd=get_database: default	
2024-05-01T00:31:50,013  INFO [HiveServer2-Background-Pool: Thread-308] metastore.HMSHandler: 15: Opening raw store with implementation class:org.apache.hadoop.hive.metastore.ObjectStore
2024-05-01T00:31:50,014  INFO [HiveServer2-Background-Pool: Thread-308] metastore.ObjectStore: RawStore: org.apache.hadoop.hive.metastore.ObjectStore@6e6d7e59, with PersistenceManager: null will be shutdown
2024-05-01T00:31:50,014  INFO [HiveServer2-Background-Pool: Thread-308] metastore.ObjectStore: RawStore: org.apache.hadoop.hive.metastore.ObjectStore@6e6d7e59, with PersistenceManager: org.datanucleus.api.jdo.JDOPersistenceManager@2b6fedf0 created in the thread with id: 308
2024-05-01T00:31:50,017  INFO [HiveServer2-Background-Pool: Thread-308] metastore.HMSHandler: Created RawStore: org.apache.hadoop.hive.metastore.ObjectStore@6e6d7e59 from thread id: 308
2024-05-01T00:31:50,018  INFO [HiveServer2-Background-Pool: Thread-308] HiveMetaStore.audit: ugi=alex	ip=unknown-ip-addr	cmd=get_database: default	
2024-05-01T00:31:50,019  INFO [HiveServer2-Background-Pool: Thread-308] metadata.Hive: Dumping metastore api call timing information for : execution phase
2024-05-01T00:31:50,019  INFO [HiveServer2-Background-Pool: Thread-308] metadata.Hive: Total time spent in each metastore function (ms): {isCompatibleWith_(Configuration)=1, getDatabase_(String)=6}
2024-05-01T00:31:50,019  INFO [HiveServer2-Background-Pool: Thread-308] ql.Driver: Completed executing command(queryId=alex_20240501003150_84673b05-3fae-4431-bd51-6f2cc09f6fc8); Time taken: 0.007 seconds
2024-05-01T00:31:50,019  INFO [HiveServer2-Background-Pool: Thread-308] common.LogUtils: Unregistered logging context.
2024-05-01T00:31:50,021  INFO [dc00727d-3246-49b3-93b2-0eff33c6381c main] operation.OperationManager: Closing operation: OperationHandle [opType=EXECUTE_STATEMENT, getHandleIdentifier()=98164c5c-fe78-4496-b1c5-7f14f8221911]
2024-05-01T00:31:50,021  INFO [dc00727d-3246-49b3-93b2-0eff33c6381c main] operation.OperationManager: Removed queryId: alex_20240501003150_84673b05-3fae-4431-bd51-6f2cc09f6fc8 corresponding to operation: OperationHandle [opType=EXECUTE_STATEMENT, getHandleIdentifier()=98164c5c-fe78-4496-b1c5-7f14f8221911] with tag: null
2024-05-01T00:31:50,021  INFO [dc00727d-3246-49b3-93b2-0eff33c6381c main] operation.SQLOperation: Closing operation log /home/alex/Repositories/hive/beeline/target/tmp/alex/operation_logs/dc00727d-3246-49b3-93b2-0eff33c6381c/alex_20240501003150_84673b05-3fae-4431-bd51-6f2cc09f6fc8 without delay
2024-05-01T00:31:50,025  INFO [main] service.CompositeService: Session closed, SessionHandle [dc00727d-3246-49b3-93b2-0eff33c6381c], current sessions:0
2024-05-01T00:31:50,026  INFO [dc00727d-3246-49b3-93b2-0eff33c6381c main] session.HiveSessionImpl: Operation log session directory is deleted: /home/alex/Repositories/hive/beeline/target/tmp/alex/operation_logs/dc00727d-3246-49b3-93b2-0eff33c6381c
2024-05-01T00:31:50,026  INFO [main] cleanup.EventualCleanupService: Delete /tmp/hive/alex/dc00727d-3246-49b3-93b2-0eff33c6381c operation was queued
2024-05-01T00:31:50,026  INFO [main] cleanup.EventualCleanupService: Delete /home/alex/Repositories/hive/beeline/target/tmp/alex/dc00727d-3246-49b3-93b2-0eff33c6381c operation was queued
2024-05-01T00:31:50,026  INFO [EventualCleanupService thread 0] cleanup.EventualCleanupService: Deleted /tmp/hive/alex/dc00727d-3246-49b3-93b2-0eff33c6381c
2024-05-01T00:31:50,026  INFO [EventualCleanupService thread 1] cleanup.EventualCleanupService: Deleted /home/alex/Repositories/hive/beeline/target/tmp/alex/dc00727d-3246-49b3-93b2-0eff33c6381c
2024-05-01T00:31:50,027  INFO [main] HiveMetaStore.audit: ugi=alex	ip=unknown-ip-addr	cmd=Cleaning up thread local RawStore...	
2024-05-01T00:31:50,027  INFO [main] metastore.ObjectStore: RawStore: org.apache.hadoop.hive.metastore.ObjectStore@1f6c4ae, with PersistenceManager: org.datanucleus.api.jdo.JDOPersistenceManager@26270b77 will be shutdown
2024-05-01T00:31:50,027  INFO [main] HiveMetaStore.audit: ugi=alex	ip=unknown-ip-addr	cmd=Done cleaning up thread local RawStore	
2024-05-01T00:31:50,027  INFO [main] metastore.HiveMetaStoreClient: Closed a connection to metastore, current connections: -17
]]></system-err>
  </testcase>
  <testcase name="testUseCurrentDB2" classname="org.apache.hive.beeline.cli.TestHiveCli" time="0.228">
    <failure type="java.lang.AssertionError"><![CDATA[java.lang.AssertionError: 
The expected keyword "hive (testDB)>" occur in the output: Connecting to jdbc:hive2://
Hive Session ID = 869f789f-d06b-4a26-8fb8-50afb038ef36
ivysettings.xml file not found in HIVE_HOME or HIVE_CONF_DIR,/home/alex/Repositories/hive/conf/ivysettings.xml will be used
ivysettings.xml file not found in HIVE_HOME or HIVE_CONF_DIR,/home/alex/Repositories/hive/conf/ivysettings.xml will be used
Connected to: Apache Hive (version 4.0.0-SNAPSHOT)
Error: Couldn't load manifest attributes. (state=,code=0)
Transaction isolation: TRANSACTION_REPEATABLE_READ
Beeline version ??? by Apache Hive
hive> create database if not exists testDB; set hive.cli.print.current.db=true;use
. . > testDB;
INFO  : Compiling command(queryId=alex_20240501003150_191108ac-db83-42ba-b5a1-c089e4586027): create database if not exists testDB
INFO  : Semantic Analysis Completed (retrial = false)
INFO  : Created Hive schema: Schema(fieldSchemas:null, properties:null)
INFO  : Completed compiling command(queryId=alex_20240501003150_191108ac-db83-42ba-b5a1-c089e4586027); Time taken: 0.005 seconds
INFO  : Concurrency mode is disabled, not creating a lock manager
INFO  : Executing command(queryId=alex_20240501003150_191108ac-db83-42ba-b5a1-c089e4586027): create database if not exists testDB
INFO  : Starting task [Stage-0:DDL] in serial mode
DEBUG : Task getting executed using mapred tag : alex_20240501003150_191108ac-db83-42ba-b5a1-c089e4586027,userid=null
INFO  : Completed executing command(queryId=alex_20240501003150_191108ac-db83-42ba-b5a1-c089e4586027); Time taken: 0.009 seconds
DEBUG : Shutting down query create database if not exists testDB
Error: Failed to wait for operation to complete (state=08S01,code=0)
hive> use default;drop if exists testDB;
INFO  : Compiling command(queryId=alex_20240501003150_632204de-1f72-420e-bd54-77e0c78390b6): use default
INFO  : Semantic Analysis Completed (retrial = false)
INFO  : Created Hive schema: Schema(fieldSchemas:null, properties:null)
INFO  : Completed compiling command(queryId=alex_20240501003150_632204de-1f72-420e-bd54-77e0c78390b6); Time taken: 0.003 seconds
INFO  : Concurrency mode is disabled, not creating a lock manager
INFO  : Executing command(queryId=alex_20240501003150_632204de-1f72-420e-bd54-77e0c78390b6): use default
INFO  : Starting task [Stage-0:DDL] in serial mode
DEBUG : Task getting executed using mapred tag : alex_20240501003150_632204de-1f72-420e-bd54-77e0c78390b6,userid=null
INFO  : Completed executing command(queryId=alex_20240501003150_632204de-1f72-420e-bd54-77e0c78390b6); Time taken: 0.007 seconds
DEBUG : Shutting down query use default
Error: Failed to wait for operation to complete (state=08S01,code=0)
hive> Closing: 0: jdbc:hive2://

	at org.junit.Assert.fail(Assert.java:89)
	at org.junit.Assert.assertTrue(Assert.java:42)
	at org.apache.hive.beeline.cli.TestHiveCli.verifyCMD(TestHiveCli.java:270)
	at org.apache.hive.beeline.cli.TestHiveCli.testUseCurrentDB2(TestHiveCli.java:219)
	at sun.reflect.NativeMethodAccessorImpl.invoke0(Native Method)
	at sun.reflect.NativeMethodAccessorImpl.invoke(NativeMethodAccessorImpl.java:62)
	at sun.reflect.DelegatingMethodAccessorImpl.invoke(DelegatingMethodAccessorImpl.java:43)
	at java.lang.reflect.Method.invoke(Method.java:498)
	at org.junit.runners.model.FrameworkMethod$1.runReflectiveCall(FrameworkMethod.java:59)
	at org.junit.internal.runners.model.ReflectiveCallable.run(ReflectiveCallable.java:12)
	at org.junit.runners.model.FrameworkMethod.invokeExplosively(FrameworkMethod.java:56)
	at org.junit.internal.runners.statements.InvokeMethod.evaluate(InvokeMethod.java:17)
	at org.junit.internal.runners.statements.RunBefores.evaluate(RunBefores.java:26)
	at org.junit.internal.runners.statements.RunAfters.evaluate(RunAfters.java:27)
	at org.junit.runners.ParentRunner$3.evaluate(ParentRunner.java:306)
	at org.junit.runners.BlockJUnit4ClassRunner$1.evaluate(BlockJUnit4ClassRunner.java:100)
	at org.junit.runners.ParentRunner.runLeaf(ParentRunner.java:366)
	at org.junit.runners.BlockJUnit4ClassRunner.runChild(BlockJUnit4ClassRunner.java:103)
	at org.junit.runners.BlockJUnit4ClassRunner.runChild(BlockJUnit4ClassRunner.java:63)
	at org.junit.runners.ParentRunner$4.run(ParentRunner.java:331)
	at org.junit.runners.ParentRunner$1.schedule(ParentRunner.java:79)
	at org.junit.runners.ParentRunner.runChildren(ParentRunner.java:329)
	at org.junit.runners.ParentRunner.access$100(ParentRunner.java:66)
	at org.junit.runners.ParentRunner$2.evaluate(ParentRunner.java:293)
	at org.junit.internal.runners.statements.RunBefores.evaluate(RunBefores.java:26)
	at org.junit.runners.ParentRunner$3.evaluate(ParentRunner.java:306)
	at org.junit.runners.ParentRunner.run(ParentRunner.java:413)
	at org.junit.runner.JUnitCore.run(JUnitCore.java:137)
	at org.junit.runner.JUnitCore.run(JUnitCore.java:115)
	at org.junit.vintage.engine.execution.RunnerExecutor.execute(RunnerExecutor.java:43)
	at java.util.stream.ForEachOps$ForEachOp$OfRef.accept(ForEachOps.java:183)
	at java.util.stream.ReferencePipeline$3$1.accept(ReferencePipeline.java:193)
	at java.util.Iterator.forEachRemaining(Iterator.java:116)
	at java.util.Spliterators$IteratorSpliterator.forEachRemaining(Spliterators.java:1801)
	at java.util.stream.AbstractPipeline.copyInto(AbstractPipeline.java:482)
	at java.util.stream.AbstractPipeline.wrapAndCopyInto(AbstractPipeline.java:472)
	at java.util.stream.ForEachOps$ForEachOp.evaluateSequential(ForEachOps.java:150)
	at java.util.stream.ForEachOps$ForEachOp$OfRef.evaluateSequential(ForEachOps.java:173)
	at java.util.stream.AbstractPipeline.evaluate(AbstractPipeline.java:234)
	at java.util.stream.ReferencePipeline.forEach(ReferencePipeline.java:485)
	at org.junit.vintage.engine.VintageTestEngine.executeAllChildren(VintageTestEngine.java:82)
	at org.junit.vintage.engine.VintageTestEngine.execute(VintageTestEngine.java:73)
	at org.junit.platform.launcher.core.DefaultLauncher.execute(DefaultLauncher.java:248)
	at org.junit.platform.launcher.core.DefaultLauncher.lambda$execute$5(DefaultLauncher.java:211)
	at org.junit.platform.launcher.core.DefaultLauncher.withInterceptedStreams(DefaultLauncher.java:226)
	at org.junit.platform.launcher.core.DefaultLauncher.execute(DefaultLauncher.java:199)
	at org.junit.platform.launcher.core.DefaultLauncher.execute(DefaultLauncher.java:132)
	at org.apache.maven.surefire.junitplatform.JUnitPlatformProvider.invokeAllTests(JUnitPlatformProvider.java:154)
	at org.apache.maven.surefire.junitplatform.JUnitPlatformProvider.invoke(JUnitPlatformProvider.java:123)
	at org.apache.maven.surefire.booter.ForkedBooter.runSuitesInProcess(ForkedBooter.java:377)
	at org.apache.maven.surefire.booter.ForkedBooter.execute(ForkedBooter.java:138)
	at org.apache.maven.surefire.booter.ForkedBooter.run(ForkedBooter.java:465)
	at org.apache.maven.surefire.booter.ForkedBooter.main(ForkedBooter.java:451)
]]></failure>
    <system-err><![CDATA[2024-05-01T00:31:50,029 ERROR [main] cli.TestHiveCli: Failed to execute command due to the error: java.lang.NullPointerException: Null output stream
2024-05-01T00:31:50,077  WARN [main] conf.HiveConf: HiveConf of name hive.dummyparam.test.server.specific.config.override does not exist
2024-05-01T00:31:50,077  WARN [main] conf.HiveConf: HiveConf of name hive.dummyparam.test.server.specific.config.hiveserver2site does not exist
2024-05-01T00:31:50,077  WARN [main] conf.HiveConf: HiveConf of name hive.dummyparam.test.server.specific.config.metastoresite does not exist
2024-05-01T00:31:50,078  INFO [main] SessionState: Hive Session ID = 869f789f-d06b-4a26-8fb8-50afb038ef36
2024-05-01T00:31:50,078  INFO [main] DependencyResolver: ivysettings.xml file not found in HIVE_HOME or HIVE_CONF_DIR,/home/alex/Repositories/hive/conf/ivysettings.xml will be used
2024-05-01T00:31:50,085  INFO [main] session.SessionState: Created HDFS directory: /tmp/hive/alex/869f789f-d06b-4a26-8fb8-50afb038ef36
2024-05-01T00:31:50,089  INFO [main] session.SessionState: Created local directory: /home/alex/Repositories/hive/beeline/target/tmp/alex/869f789f-d06b-4a26-8fb8-50afb038ef36
2024-05-01T00:31:50,092  INFO [main] session.SessionState: Created HDFS directory: /tmp/hive/alex/869f789f-d06b-4a26-8fb8-50afb038ef36/_tmp_space.db
2024-05-01T00:31:50,092  INFO [main] sqlstd.SQLStdHiveAccessController: Created SQLStdHiveAccessController for session context : HiveAuthzSessionContext [sessionString=869f789f-d06b-4a26-8fb8-50afb038ef36, clientType=HIVESERVER2]
2024-05-01T00:31:50,093  INFO [main] metastore.HiveMetaStoreClient: HMS client filtering is enabled.
2024-05-01T00:31:50,094  INFO [main] metastore.HMSHandler: 0: Opening raw store with implementation class:org.apache.hadoop.hive.metastore.ObjectStore
2024-05-01T00:31:50,094  INFO [main] metastore.PersistenceManagerProvider: Configuration datanucleus.autoStartMechanismMode is not set. Defaulting to 'ignored'
2024-05-01T00:31:50,094  INFO [main] metastore.ObjectStore: RawStore: org.apache.hadoop.hive.metastore.ObjectStore@64665781, with PersistenceManager: null will be shutdown
2024-05-01T00:31:50,094  INFO [main] metastore.ObjectStore: RawStore: org.apache.hadoop.hive.metastore.ObjectStore@64665781, with PersistenceManager: org.datanucleus.api.jdo.JDOPersistenceManager@4c2bea52 created in the thread with id: 1
2024-05-01T00:31:50,097  INFO [main] metastore.HMSHandler: Created RawStore: org.apache.hadoop.hive.metastore.ObjectStore@64665781 from thread id: 1
2024-05-01T00:31:50,097  INFO [main] metastore.HMSHandler: HMS server filtering is disabled by configuration
2024-05-01T00:31:50,097  INFO [main] metastore.RetryingMetaStoreClient: RetryingMetaStoreClient proxy=class org.apache.hadoop.hive.ql.metadata.SessionHiveMetaStoreClient ugi=alex (auth:SIMPLE) retries=1 delay=1 lifetime=0
2024-05-01T00:31:50,097  INFO [main] service.CompositeService: Operation log root directory is created: /home/alex/Repositories/hive/beeline/target/tmp/alex/operation_logs
2024-05-01T00:31:50,098  INFO [main] service.CompositeService: HiveServer2: Background operation thread pool size: 100
2024-05-01T00:31:50,098  INFO [main] service.CompositeService: HiveServer2: Background operation thread wait queue size: 100
2024-05-01T00:31:50,098  INFO [main] service.CompositeService: HiveServer2: Background operation thread keepalive time: 10 seconds
2024-05-01T00:31:50,098  INFO [main] service.CompositeService: Connections limit are user: 0 ipaddress: 0 user-ipaddress: 0
2024-05-01T00:31:50,099  INFO [main] cleanup.EventualCleanupService: EventualCleanupService started with 10 threads and queue of size 10000
ERROR StatusLogger Log4j2 ConfigurationScheduler attempted to increment scheduled items after start
ERROR StatusLogger Log4j2 ConfigurationScheduler attempted to increment scheduled items after start
2024-05-01T00:31:50,101  INFO [main] service.AbstractService: Service:OperationManager is inited.
2024-05-01T00:31:50,101  INFO [main] service.AbstractService: Service:SessionManager is inited.
2024-05-01T00:31:50,101  INFO [main] service.AbstractService: Service:CLIService is inited.
2024-05-01T00:31:50,101  INFO [main] service.AbstractService: Service:OperationManager is started.
2024-05-01T00:31:50,101  INFO [main] service.AbstractService: Service:SessionManager is started.
2024-05-01T00:31:50,101  INFO [main] service.AbstractService: Service:CLIService is started.
2024-05-01T00:31:50,101  INFO [main] service.AbstractService: Service:ThriftBinaryCLIService is inited.
2024-05-01T00:31:50,101  INFO [main] thrift.ThriftCLIService: Client protocol version: HIVE_CLI_SERVICE_PROTOCOL_V10
2024-05-01T00:31:50,101  INFO [main] thrift.ThriftCLIService: Creating Hive session handle for user [null] from IP null
2024-05-01T00:31:50,102  INFO [main] DependencyResolver: ivysettings.xml file not found in HIVE_HOME or HIVE_CONF_DIR,/home/alex/Repositories/hive/conf/ivysettings.xml will be used
2024-05-01T00:31:50,110  INFO [main] session.SessionState: Created HDFS directory: /tmp/hive/alex/3c5f0ff4-0299-460d-a646-00aacbbd682d
2024-05-01T00:31:50,113  INFO [main] session.SessionState: Created local directory: /home/alex/Repositories/hive/beeline/target/tmp/alex/3c5f0ff4-0299-460d-a646-00aacbbd682d
2024-05-01T00:31:50,117  INFO [main] session.SessionState: Created HDFS directory: /tmp/hive/alex/3c5f0ff4-0299-460d-a646-00aacbbd682d/_tmp_space.db
2024-05-01T00:31:50,117  INFO [main] session.SessionState: Reloading auxiliary JAR files
2024-05-01T00:31:50,117  WARN [main] session.SessionState: Configuration hive.reloadable.aux.jars.path not specified
2024-05-01T00:31:50,117  INFO [main] HiveMetaStore.audit: ugi=alex	ip=unknown-ip-addr	cmd=Cleaning up thread local RawStore...	
2024-05-01T00:31:50,117  INFO [main] metastore.ObjectStore: RawStore: org.apache.hadoop.hive.metastore.ObjectStore@64665781, with PersistenceManager: org.datanucleus.api.jdo.JDOPersistenceManager@4c2bea52 will be shutdown
2024-05-01T00:31:50,117  INFO [main] HiveMetaStore.audit: ugi=alex	ip=unknown-ip-addr	cmd=Done cleaning up thread local RawStore	
2024-05-01T00:31:50,117  INFO [main] metastore.HiveMetaStoreClient: Closed a connection to metastore, current connections: -18
2024-05-01T00:31:50,117  INFO [main] session.HiveSessionImpl: Operation log session directory is created: /home/alex/Repositories/hive/beeline/target/tmp/alex/operation_logs/3c5f0ff4-0299-460d-a646-00aacbbd682d
2024-05-01T00:31:50,118  INFO [main] service.CompositeService: Session opened, SessionHandle [3c5f0ff4-0299-460d-a646-00aacbbd682d], current sessions:1
2024-05-01T00:31:50,118  INFO [main] thrift.ThriftCLIService: Login attempt is successful for user : null
2024-05-01T00:31:50,166  WARN [main] conf.HiveConf: HiveConf of name hive.dummyparam.test.server.specific.config.override does not exist
2024-05-01T00:31:50,166  WARN [main] conf.HiveConf: HiveConf of name hive.dummyparam.test.server.specific.config.hiveserver2site does not exist
2024-05-01T00:31:50,167  WARN [main] conf.HiveConf: HiveConf of name hive.dummyparam.test.server.specific.config.metastoresite does not exist
2024-05-01T00:31:50,167  INFO [3c5f0ff4-0299-460d-a646-00aacbbd682d main] session.HiveSessionImpl: executing set
2024-05-01T00:31:50,168  INFO [3c5f0ff4-0299-460d-a646-00aacbbd682d main] operation.HiveCommandOperation: Putting temp output to file /home/alex/Repositories/hive/beeline/target/tmp/alex/3c5f0ff4-0299-460d-a646-00aacbbd682d143381410626751502.pipeout and error output to file /home/alex/Repositories/hive/beeline/target/tmp/alex/3c5f0ff4-0299-460d-a646-00aacbbd682d5267388483035800297.pipeout
2024-05-01T00:31:50,168  INFO [3c5f0ff4-0299-460d-a646-00aacbbd682d main] operation.OperationManager: Adding operation: OperationHandle [opType=EXECUTE_STATEMENT, getHandleIdentifier()=3dd1d591-08da-4111-ae94-a3d8480ce2ea] SessionHandle [3c5f0ff4-0299-460d-a646-00aacbbd682d]
2024-05-01T00:31:50,168  INFO [3c5f0ff4-0299-460d-a646-00aacbbd682d main] common.LogUtils: Thread context registration is done.
DEBUG StatusLogger Building Plugin[name=filter, class=org.apache.hadoop.hive.ql.log.LogDivertAppender$NameFilter].
DEBUG StatusLogger createFilter(loggingLevel="EXECUTION")
DEBUG StatusLogger Building Plugin[name=layout, class=org.apache.logging.log4j.core.layout.PatternLayout].
DEBUG StatusLogger PatternLayout$Builder(pattern="%-5p : %m%n", PatternSelector=null, Configuration(HiveLog4j2Test), Replace=null, charset="null", alwaysWriteExceptions="null", disableAnsi="null", noConsoleNoAnsi="null", header="null", footer="null")
DEBUG StatusLogger Building Plugin[name=appender, class=org.apache.hadoop.hive.ql.log.HushableRandomAccessFileAppender].
DEBUG StatusLogger createAppender(fileName="/home/alex/Repositories/hive/beeline/target/tmp/alex/operation_logs/3c5f0ff4-0299-460d-a646-00aacbbd682d/alex_20240501003150_2a61a7cc-20af-46e9-8bfb-a4b1d8262fba", append="null", name="query-file-appender", immediateFlush="null", bufferSize="null", ignoreExceptions="null", PatternLayout(org.apache.logging.log4j.core.layout.PatternLayout with name PatternLayout), NameFilter(org.apache.hadoop.hive.ql.log.LogDivertAppender$NameFilter with name NameFilter), advertise="null", advertiseURI="null", Configuration(HiveLog4j2Test))
DEBUG StatusLogger Starting RandomAccessFileManager /home/alex/Repositories/hive/beeline/target/tmp/alex/operation_logs/3c5f0ff4-0299-460d-a646-00aacbbd682d/alex_20240501003150_2a61a7cc-20af-46e9-8bfb-a4b1d8262fba
DEBUG StatusLogger Building Plugin[name=, class=org.apache.hadoop.hive.ql.log.LogDivertAppenderForTest$TestFilter].
DEBUG StatusLogger createFilter()
DEBUG StatusLogger Building Plugin[name=, class=org.apache.logging.log4j.core.layout.PatternLayout].
DEBUG StatusLogger PatternLayout$Builder(pattern="%-5p : %m%n", PatternSelector=null, Configuration(HiveLog4j2Test), Replace=null, charset="null", alwaysWriteExceptions="null", disableAnsi="null", noConsoleNoAnsi="null", header="null", footer="null")
DEBUG StatusLogger Building Plugin[name=appender, class=org.apache.hadoop.hive.ql.log.HushableRandomAccessFileAppender].
DEBUG StatusLogger createAppender(fileName="/home/alex/Repositories/hive/beeline/target/tmp/alex/operation_logs/3c5f0ff4-0299-460d-a646-00aacbbd682d/alex_20240501003150_2a61a7cc-20af-46e9-8bfb-a4b1d8262fba.test", append="null", name="test-query-file-appender", immediateFlush="null", bufferSize="null", ignoreExceptions="null", PatternLayout(org.apache.logging.log4j.core.layout.PatternLayout with name PatternLayout), test-filter(org.apache.hadoop.hive.ql.log.LogDivertAppenderForTest$TestFilter with name test-filter), advertise="null", advertiseURI="null", Configuration(HiveLog4j2Test))
DEBUG StatusLogger Starting RandomAccessFileManager /home/alex/Repositories/hive/beeline/target/tmp/alex/operation_logs/3c5f0ff4-0299-460d-a646-00aacbbd682d/alex_20240501003150_2a61a7cc-20af-46e9-8bfb-a4b1d8262fba.test
2024-05-01T00:31:50,172  INFO [3c5f0ff4-0299-460d-a646-00aacbbd682d main] operation.HiveCommandOperation: [opType=EXECUTE_STATEMENT, queryId=alex_20240501003150_2a61a7cc-20af-46e9-8bfb-a4b1d8262fba, startTime=1714548710167, sessionId=3c5f0ff4-0299-460d-a646-00aacbbd682d, createTime=1714548710101, userName=null, ipAddress=null]
2024-05-01T00:31:50,180  INFO [3c5f0ff4-0299-460d-a646-00aacbbd682d main] common.LogUtils: Unregistered logging context.
2024-05-01T00:31:50,183  INFO [3c5f0ff4-0299-460d-a646-00aacbbd682d main] operation.OperationManager: Closing operation: OperationHandle [opType=EXECUTE_STATEMENT, getHandleIdentifier()=3dd1d591-08da-4111-ae94-a3d8480ce2ea]
2024-05-01T00:31:50,183  INFO [3c5f0ff4-0299-460d-a646-00aacbbd682d main] operation.OperationManager: Removed queryId: alex_20240501003150_2a61a7cc-20af-46e9-8bfb-a4b1d8262fba corresponding to operation: OperationHandle [opType=EXECUTE_STATEMENT, getHandleIdentifier()=3dd1d591-08da-4111-ae94-a3d8480ce2ea] with tag: null
2024-05-01T00:31:50,184  INFO [3c5f0ff4-0299-460d-a646-00aacbbd682d main] operation.HiveCommandOperation: Closing operation log /home/alex/Repositories/hive/beeline/target/tmp/alex/operation_logs/3c5f0ff4-0299-460d-a646-00aacbbd682d/alex_20240501003150_2a61a7cc-20af-46e9-8bfb-a4b1d8262fba without delay
2024-05-01T00:31:50,199  INFO [3c5f0ff4-0299-460d-a646-00aacbbd682d main] session.HiveSessionImpl: executing create database if not exists testDB
2024-05-01T00:31:50,200  INFO [3c5f0ff4-0299-460d-a646-00aacbbd682d main] operation.OperationManager: Adding operation: OperationHandle [opType=EXECUTE_STATEMENT, getHandleIdentifier()=f39c417a-3cbe-4177-a4e7-1b65db1d2234] SessionHandle [3c5f0ff4-0299-460d-a646-00aacbbd682d]
2024-05-01T00:31:50,200  INFO [3c5f0ff4-0299-460d-a646-00aacbbd682d main] common.LogUtils: Thread context registration is done.
DEBUG StatusLogger Building Plugin[name=filter, class=org.apache.hadoop.hive.ql.log.LogDivertAppender$NameFilter].
DEBUG StatusLogger createFilter(loggingLevel="EXECUTION")
DEBUG StatusLogger Building Plugin[name=layout, class=org.apache.logging.log4j.core.layout.PatternLayout].
DEBUG StatusLogger PatternLayout$Builder(pattern="%-5p : %m%n", PatternSelector=null, Configuration(HiveLog4j2Test), Replace=null, charset="null", alwaysWriteExceptions="null", disableAnsi="null", noConsoleNoAnsi="null", header="null", footer="null")
DEBUG StatusLogger Building Plugin[name=appender, class=org.apache.hadoop.hive.ql.log.HushableRandomAccessFileAppender].
DEBUG StatusLogger createAppender(fileName="/home/alex/Repositories/hive/beeline/target/tmp/alex/operation_logs/3c5f0ff4-0299-460d-a646-00aacbbd682d/alex_20240501003150_191108ac-db83-42ba-b5a1-c089e4586027", append="null", name="query-file-appender", immediateFlush="null", bufferSize="null", ignoreExceptions="null", PatternLayout(org.apache.logging.log4j.core.layout.PatternLayout with name PatternLayout), NameFilter(org.apache.hadoop.hive.ql.log.LogDivertAppender$NameFilter with name NameFilter), advertise="null", advertiseURI="null", Configuration(HiveLog4j2Test))
DEBUG StatusLogger Starting RandomAccessFileManager /home/alex/Repositories/hive/beeline/target/tmp/alex/operation_logs/3c5f0ff4-0299-460d-a646-00aacbbd682d/alex_20240501003150_191108ac-db83-42ba-b5a1-c089e4586027
DEBUG StatusLogger Building Plugin[name=, class=org.apache.hadoop.hive.ql.log.LogDivertAppenderForTest$TestFilter].
DEBUG StatusLogger createFilter()
DEBUG StatusLogger Building Plugin[name=, class=org.apache.logging.log4j.core.layout.PatternLayout].
DEBUG StatusLogger PatternLayout$Builder(pattern="%-5p : %m%n", PatternSelector=null, Configuration(HiveLog4j2Test), Replace=null, charset="null", alwaysWriteExceptions="null", disableAnsi="null", noConsoleNoAnsi="null", header="null", footer="null")
DEBUG StatusLogger Building Plugin[name=appender, class=org.apache.hadoop.hive.ql.log.HushableRandomAccessFileAppender].
DEBUG StatusLogger createAppender(fileName="/home/alex/Repositories/hive/beeline/target/tmp/alex/operation_logs/3c5f0ff4-0299-460d-a646-00aacbbd682d/alex_20240501003150_191108ac-db83-42ba-b5a1-c089e4586027.test", append="null", name="test-query-file-appender", immediateFlush="null", bufferSize="null", ignoreExceptions="null", PatternLayout(org.apache.logging.log4j.core.layout.PatternLayout with name PatternLayout), test-filter(org.apache.hadoop.hive.ql.log.LogDivertAppenderForTest$TestFilter with name test-filter), advertise="null", advertiseURI="null", Configuration(HiveLog4j2Test))
DEBUG StatusLogger Starting RandomAccessFileManager /home/alex/Repositories/hive/beeline/target/tmp/alex/operation_logs/3c5f0ff4-0299-460d-a646-00aacbbd682d/alex_20240501003150_191108ac-db83-42ba-b5a1-c089e4586027.test
2024-05-01T00:31:50,204  INFO [3c5f0ff4-0299-460d-a646-00aacbbd682d main] operation.SQLOperation: [opType=EXECUTE_STATEMENT, queryId=alex_20240501003150_191108ac-db83-42ba-b5a1-c089e4586027, startTime=1714548710199, sessionId=3c5f0ff4-0299-460d-a646-00aacbbd682d, createTime=1714548710101, userName=null, ipAddress=null]
2024-05-01T00:31:50,206  INFO [3c5f0ff4-0299-460d-a646-00aacbbd682d main] ql.Driver: Compiling command(queryId=alex_20240501003150_191108ac-db83-42ba-b5a1-c089e4586027): create database if not exists testDB
2024-05-01T00:31:50,207  INFO [3c5f0ff4-0299-460d-a646-00aacbbd682d main] metastore.HiveMetaStoreClient: HMS client filtering is enabled.
2024-05-01T00:31:50,207  INFO [3c5f0ff4-0299-460d-a646-00aacbbd682d main] metastore.HMSHandler: 0: Opening raw store with implementation class:org.apache.hadoop.hive.metastore.ObjectStore
2024-05-01T00:31:50,207  INFO [3c5f0ff4-0299-460d-a646-00aacbbd682d main] metastore.PersistenceManagerProvider: Configuration datanucleus.autoStartMechanismMode is not set. Defaulting to 'ignored'
2024-05-01T00:31:50,208  INFO [3c5f0ff4-0299-460d-a646-00aacbbd682d main] metastore.ObjectStore: RawStore: org.apache.hadoop.hive.metastore.ObjectStore@2b6fcca1, with PersistenceManager: null will be shutdown
2024-05-01T00:31:50,208  INFO [3c5f0ff4-0299-460d-a646-00aacbbd682d main] metastore.ObjectStore: RawStore: org.apache.hadoop.hive.metastore.ObjectStore@2b6fcca1, with PersistenceManager: org.datanucleus.api.jdo.JDOPersistenceManager@39f93225 created in the thread with id: 1
2024-05-01T00:31:50,210  INFO [3c5f0ff4-0299-460d-a646-00aacbbd682d main] metastore.HMSHandler: Created RawStore: org.apache.hadoop.hive.metastore.ObjectStore@2b6fcca1 from thread id: 1
2024-05-01T00:31:50,211  INFO [3c5f0ff4-0299-460d-a646-00aacbbd682d main] metastore.HMSHandler: HMS server filtering is disabled by configuration
2024-05-01T00:31:50,211  INFO [3c5f0ff4-0299-460d-a646-00aacbbd682d main] metastore.RetryingMetaStoreClient: RetryingMetaStoreClient proxy=class org.apache.hadoop.hive.ql.metadata.SessionHiveMetaStoreClient ugi=alex (auth:SIMPLE) retries=1 delay=1 lifetime=0
2024-05-01T00:31:50,211  INFO [3c5f0ff4-0299-460d-a646-00aacbbd682d main] ql.Driver: Semantic Analysis Completed (retrial = false)
2024-05-01T00:31:50,211  INFO [3c5f0ff4-0299-460d-a646-00aacbbd682d main] ql.Driver: Created Hive schema: Schema(fieldSchemas:null, properties:null)
2024-05-01T00:31:50,211  INFO [3c5f0ff4-0299-460d-a646-00aacbbd682d main] metadata.Hive: Dumping metastore api call timing information for : compilation phase
2024-05-01T00:31:50,211  INFO [3c5f0ff4-0299-460d-a646-00aacbbd682d main] metadata.Hive: Total time spent in each metastore function (ms): {isCompatibleWith_(Configuration)=0, flushCache_()=0}
2024-05-01T00:31:50,212  INFO [3c5f0ff4-0299-460d-a646-00aacbbd682d main] ql.Driver: Completed compiling command(queryId=alex_20240501003150_191108ac-db83-42ba-b5a1-c089e4586027); Time taken: 0.005 seconds
2024-05-01T00:31:50,212  INFO [3c5f0ff4-0299-460d-a646-00aacbbd682d main] common.LogUtils: Unregistered logging context.
2024-05-01T00:31:50,212  INFO [HiveServer2-Background-Pool: Thread-331] common.LogUtils: Thread context registration is done.
2024-05-01T00:31:50,213  INFO [HiveServer2-Background-Pool: Thread-331] reexec.ReExecDriver: Execution #1 of query
2024-05-01T00:31:50,213  INFO [HiveServer2-Background-Pool: Thread-331] ql.Driver: Concurrency mode is disabled, not creating a lock manager
2024-05-01T00:31:50,213  INFO [HiveServer2-Background-Pool: Thread-331] ql.Driver: Executing command(queryId=alex_20240501003150_191108ac-db83-42ba-b5a1-c089e4586027): create database if not exists testDB
2024-05-01T00:31:50,214  INFO [HiveServer2-Background-Pool: Thread-331] ql.Driver: Starting task [Stage-0:DDL] in serial mode
2024-05-01T00:31:50,214  INFO [HiveServer2-Background-Pool: Thread-331] sqlstd.SQLStdHiveAccessController: Created SQLStdHiveAccessController for session context : HiveAuthzSessionContext [sessionString=3c5f0ff4-0299-460d-a646-00aacbbd682d, clientType=HIVESERVER2]
2024-05-01T00:31:50,214  WARN [HiveServer2-Background-Pool: Thread-331] exec.DDLTask: metastore.warehouse.external.dir is not set, falling back to metastore.warehouse.dir. This could cause external tables to use to managed tablespace.
2024-05-01T00:31:50,215  INFO [HiveServer2-Background-Pool: Thread-331] HiveMetaStore.audit: ugi=alex	ip=unknown-ip-addr	cmd=create_database: Database(name:testDB, description:null, locationUri:file:/home/alex/Repositories/hive/beeline/target/tmp/warehouse/testdb.db, parameters:null, ownerName:alex, ownerType:USER, catalogName:hive, type:NATIVE)	
2024-05-01T00:31:50,215  INFO [HiveServer2-Background-Pool: Thread-331] metastore.HMSHandler: 16: Opening raw store with implementation class:org.apache.hadoop.hive.metastore.ObjectStore
2024-05-01T00:31:50,216  INFO [HiveServer2-Background-Pool: Thread-331] metastore.ObjectStore: RawStore: org.apache.hadoop.hive.metastore.ObjectStore@2757d26a, with PersistenceManager: null will be shutdown
2024-05-01T00:31:50,216  INFO [HiveServer2-Background-Pool: Thread-331] metastore.ObjectStore: RawStore: org.apache.hadoop.hive.metastore.ObjectStore@2757d26a, with PersistenceManager: org.datanucleus.api.jdo.JDOPersistenceManager@625548e4 created in the thread with id: 331
2024-05-01T00:31:50,219  INFO [HiveServer2-Background-Pool: Thread-331] metastore.HMSHandler: Created RawStore: org.apache.hadoop.hive.metastore.ObjectStore@2757d26a from thread id: 331
2024-05-01T00:31:50,222 ERROR [HiveServer2-Background-Pool: Thread-331] metastore.RetryingHMSHandler: AlreadyExistsException(message:Database testDB already exists)
	at org.apache.hadoop.hive.metastore.HMSHandler.create_database(HMSHandler.java:1472)
	at sun.reflect.NativeMethodAccessorImpl.invoke0(Native Method)
	at sun.reflect.NativeMethodAccessorImpl.invoke(NativeMethodAccessorImpl.java:62)
	at sun.reflect.DelegatingMethodAccessorImpl.invoke(DelegatingMethodAccessorImpl.java:43)
	at java.lang.reflect.Method.invoke(Method.java:498)
	at org.apache.hadoop.hive.metastore.RetryingHMSHandler.invokeInternal(RetryingHMSHandler.java:147)
	at org.apache.hadoop.hive.metastore.RetryingHMSHandler.invoke(RetryingHMSHandler.java:108)
	at com.sun.proxy.$Proxy40.create_database(Unknown Source)
	at org.apache.hadoop.hive.metastore.HiveMetaStoreClient.createDatabase(HiveMetaStoreClient.java:1151)
	at sun.reflect.NativeMethodAccessorImpl.invoke0(Native Method)
	at sun.reflect.NativeMethodAccessorImpl.invoke(NativeMethodAccessorImpl.java:62)
	at sun.reflect.DelegatingMethodAccessorImpl.invoke(DelegatingMethodAccessorImpl.java:43)
	at java.lang.reflect.Method.invoke(Method.java:498)
	at org.apache.hadoop.hive.metastore.RetryingMetaStoreClient.invoke(RetryingMetaStoreClient.java:218)
	at com.sun.proxy.$Proxy41.createDatabase(Unknown Source)
	at org.apache.hadoop.hive.ql.metadata.Hive.createDatabase(Hive.java:605)
	at org.apache.hadoop.hive.ql.ddl.database.create.CreateDatabaseOperation.execute(CreateDatabaseOperation.java:68)
	at org.apache.hadoop.hive.ql.ddl.DDLTask.execute(DDLTask.java:84)
	at org.apache.hadoop.hive.ql.exec.Task.executeTask(Task.java:212)
	at org.apache.hadoop.hive.ql.exec.TaskRunner.runSequential(TaskRunner.java:105)
	at org.apache.hadoop.hive.ql.Executor.launchTask(Executor.java:361)
	at org.apache.hadoop.hive.ql.Executor.launchTasks(Executor.java:334)
	at org.apache.hadoop.hive.ql.Executor.runTasks(Executor.java:245)
	at org.apache.hadoop.hive.ql.Executor.execute(Executor.java:108)
	at org.apache.hadoop.hive.ql.Driver.execute(Driver.java:348)
	at org.apache.hadoop.hive.ql.Driver.runInternal(Driver.java:204)
	at org.apache.hadoop.hive.ql.Driver.run(Driver.java:153)
	at org.apache.hadoop.hive.ql.Driver.run(Driver.java:148)
	at org.apache.hadoop.hive.ql.reexec.ReExecDriver.run(ReExecDriver.java:164)
	at org.apache.hive.service.cli.operation.SQLOperation.runQuery(SQLOperation.java:233)
	at org.apache.hive.service.cli.operation.SQLOperation.access$500(SQLOperation.java:88)
	at org.apache.hive.service.cli.operation.SQLOperation$BackgroundWork$1.run(SQLOperation.java:336)
	at java.security.AccessController.doPrivileged(Native Method)
	at javax.security.auth.Subject.doAs(Subject.java:422)
	at org.apache.hadoop.security.UserGroupInformation.doAs(UserGroupInformation.java:1682)
	at org.apache.hive.service.cli.operation.SQLOperation$BackgroundWork.run(SQLOperation.java:356)
	at java.util.concurrent.Executors$RunnableAdapter.call(Executors.java:511)
	at java.util.concurrent.FutureTask.run(FutureTask.java:266)
	at java.util.concurrent.ThreadPoolExecutor.runWorker(ThreadPoolExecutor.java:1149)
	at java.util.concurrent.ThreadPoolExecutor$Worker.run(ThreadPoolExecutor.java:624)
	at java.lang.Thread.run(Thread.java:750)

2024-05-01T00:31:50,222  INFO [HiveServer2-Background-Pool: Thread-331] metadata.Hive: Dumping metastore api call timing information for : execution phase
2024-05-01T00:31:50,222  INFO [HiveServer2-Background-Pool: Thread-331] metadata.Hive: Total time spent in each metastore function (ms): {isCompatibleWith_(Configuration)=0}
2024-05-01T00:31:50,222  INFO [HiveServer2-Background-Pool: Thread-331] ql.Driver: Completed executing command(queryId=alex_20240501003150_191108ac-db83-42ba-b5a1-c089e4586027); Time taken: 0.009 seconds
2024-05-01T00:31:50,223  INFO [HiveServer2-Background-Pool: Thread-331] common.LogUtils: Unregistered logging context.
2024-05-01T00:31:50,225  INFO [3c5f0ff4-0299-460d-a646-00aacbbd682d main] operation.OperationManager: Closing operation: OperationHandle [opType=EXECUTE_STATEMENT, getHandleIdentifier()=f39c417a-3cbe-4177-a4e7-1b65db1d2234]
2024-05-01T00:31:50,225  INFO [3c5f0ff4-0299-460d-a646-00aacbbd682d main] operation.OperationManager: Removed queryId: alex_20240501003150_191108ac-db83-42ba-b5a1-c089e4586027 corresponding to operation: OperationHandle [opType=EXECUTE_STATEMENT, getHandleIdentifier()=f39c417a-3cbe-4177-a4e7-1b65db1d2234] with tag: null
2024-05-01T00:31:50,225  INFO [3c5f0ff4-0299-460d-a646-00aacbbd682d main] operation.SQLOperation: Closing operation log /home/alex/Repositories/hive/beeline/target/tmp/alex/operation_logs/3c5f0ff4-0299-460d-a646-00aacbbd682d/alex_20240501003150_191108ac-db83-42ba-b5a1-c089e4586027 without delay
2024-05-01T00:31:50,230  INFO [3c5f0ff4-0299-460d-a646-00aacbbd682d main] session.HiveSessionImpl: executing use default
2024-05-01T00:31:50,230  INFO [3c5f0ff4-0299-460d-a646-00aacbbd682d main] operation.OperationManager: Adding operation: OperationHandle [opType=EXECUTE_STATEMENT, getHandleIdentifier()=58d1b435-6c75-492b-a75d-a7a24f69d9b0] SessionHandle [3c5f0ff4-0299-460d-a646-00aacbbd682d]
2024-05-01T00:31:50,231  INFO [3c5f0ff4-0299-460d-a646-00aacbbd682d main] common.LogUtils: Thread context registration is done.
DEBUG StatusLogger Building Plugin[name=filter, class=org.apache.hadoop.hive.ql.log.LogDivertAppender$NameFilter].
DEBUG StatusLogger createFilter(loggingLevel="EXECUTION")
DEBUG StatusLogger Building Plugin[name=layout, class=org.apache.logging.log4j.core.layout.PatternLayout].
DEBUG StatusLogger PatternLayout$Builder(pattern="%-5p : %m%n", PatternSelector=null, Configuration(HiveLog4j2Test), Replace=null, charset="null", alwaysWriteExceptions="null", disableAnsi="null", noConsoleNoAnsi="null", header="null", footer="null")
DEBUG StatusLogger Building Plugin[name=appender, class=org.apache.hadoop.hive.ql.log.HushableRandomAccessFileAppender].
DEBUG StatusLogger createAppender(fileName="/home/alex/Repositories/hive/beeline/target/tmp/alex/operation_logs/3c5f0ff4-0299-460d-a646-00aacbbd682d/alex_20240501003150_632204de-1f72-420e-bd54-77e0c78390b6", append="null", name="query-file-appender", immediateFlush="null", bufferSize="null", ignoreExceptions="null", PatternLayout(org.apache.logging.log4j.core.layout.PatternLayout with name PatternLayout), NameFilter(org.apache.hadoop.hive.ql.log.LogDivertAppender$NameFilter with name NameFilter), advertise="null", advertiseURI="null", Configuration(HiveLog4j2Test))
DEBUG StatusLogger Starting RandomAccessFileManager /home/alex/Repositories/hive/beeline/target/tmp/alex/operation_logs/3c5f0ff4-0299-460d-a646-00aacbbd682d/alex_20240501003150_632204de-1f72-420e-bd54-77e0c78390b6
DEBUG StatusLogger Building Plugin[name=, class=org.apache.hadoop.hive.ql.log.LogDivertAppenderForTest$TestFilter].
DEBUG StatusLogger createFilter()
DEBUG StatusLogger Building Plugin[name=, class=org.apache.logging.log4j.core.layout.PatternLayout].
DEBUG StatusLogger PatternLayout$Builder(pattern="%-5p : %m%n", PatternSelector=null, Configuration(HiveLog4j2Test), Replace=null, charset="null", alwaysWriteExceptions="null", disableAnsi="null", noConsoleNoAnsi="null", header="null", footer="null")
DEBUG StatusLogger Building Plugin[name=appender, class=org.apache.hadoop.hive.ql.log.HushableRandomAccessFileAppender].
DEBUG StatusLogger createAppender(fileName="/home/alex/Repositories/hive/beeline/target/tmp/alex/operation_logs/3c5f0ff4-0299-460d-a646-00aacbbd682d/alex_20240501003150_632204de-1f72-420e-bd54-77e0c78390b6.test", append="null", name="test-query-file-appender", immediateFlush="null", bufferSize="null", ignoreExceptions="null", PatternLayout(org.apache.logging.log4j.core.layout.PatternLayout with name PatternLayout), test-filter(org.apache.hadoop.hive.ql.log.LogDivertAppenderForTest$TestFilter with name test-filter), advertise="null", advertiseURI="null", Configuration(HiveLog4j2Test))
DEBUG StatusLogger Starting RandomAccessFileManager /home/alex/Repositories/hive/beeline/target/tmp/alex/operation_logs/3c5f0ff4-0299-460d-a646-00aacbbd682d/alex_20240501003150_632204de-1f72-420e-bd54-77e0c78390b6.test
2024-05-01T00:31:50,235  INFO [3c5f0ff4-0299-460d-a646-00aacbbd682d main] operation.SQLOperation: [opType=EXECUTE_STATEMENT, queryId=alex_20240501003150_632204de-1f72-420e-bd54-77e0c78390b6, startTime=1714548710230, sessionId=3c5f0ff4-0299-460d-a646-00aacbbd682d, createTime=1714548710101, userName=null, ipAddress=null]
2024-05-01T00:31:50,235  INFO [3c5f0ff4-0299-460d-a646-00aacbbd682d main] ql.Driver: Compiling command(queryId=alex_20240501003150_632204de-1f72-420e-bd54-77e0c78390b6): use default
2024-05-01T00:31:50,237  INFO [3c5f0ff4-0299-460d-a646-00aacbbd682d main] HiveMetaStore.audit: ugi=alex	ip=unknown-ip-addr	cmd=get_database: default	
2024-05-01T00:31:50,238  INFO [3c5f0ff4-0299-460d-a646-00aacbbd682d main] ql.Driver: Semantic Analysis Completed (retrial = false)
2024-05-01T00:31:50,238  INFO [3c5f0ff4-0299-460d-a646-00aacbbd682d main] ql.Driver: Created Hive schema: Schema(fieldSchemas:null, properties:null)
2024-05-01T00:31:50,238  INFO [3c5f0ff4-0299-460d-a646-00aacbbd682d main] metadata.Hive: Dumping metastore api call timing information for : compilation phase
2024-05-01T00:31:50,238  INFO [3c5f0ff4-0299-460d-a646-00aacbbd682d main] metadata.Hive: Total time spent in each metastore function (ms): {isCompatibleWith_(Configuration)=0, getDatabase_(String)=1, flushCache_()=1}
2024-05-01T00:31:50,239  INFO [3c5f0ff4-0299-460d-a646-00aacbbd682d main] ql.Driver: Completed compiling command(queryId=alex_20240501003150_632204de-1f72-420e-bd54-77e0c78390b6); Time taken: 0.003 seconds
2024-05-01T00:31:50,239  INFO [3c5f0ff4-0299-460d-a646-00aacbbd682d main] common.LogUtils: Unregistered logging context.
2024-05-01T00:31:50,239  INFO [HiveServer2-Background-Pool: Thread-334] common.LogUtils: Thread context registration is done.
2024-05-01T00:31:50,239  INFO [HiveServer2-Background-Pool: Thread-334] reexec.ReExecDriver: Execution #1 of query
2024-05-01T00:31:50,240  INFO [HiveServer2-Background-Pool: Thread-334] ql.Driver: Concurrency mode is disabled, not creating a lock manager
2024-05-01T00:31:50,240  INFO [HiveServer2-Background-Pool: Thread-334] ql.Driver: Executing command(queryId=alex_20240501003150_632204de-1f72-420e-bd54-77e0c78390b6): use default
2024-05-01T00:31:50,240  INFO [HiveServer2-Background-Pool: Thread-334] ql.Driver: Starting task [Stage-0:DDL] in serial mode
2024-05-01T00:31:50,241  INFO [HiveServer2-Background-Pool: Thread-334] HiveMetaStore.audit: ugi=alex	ip=unknown-ip-addr	cmd=get_database: default	
2024-05-01T00:31:50,242  INFO [HiveServer2-Background-Pool: Thread-334] metastore.HMSHandler: 17: Opening raw store with implementation class:org.apache.hadoop.hive.metastore.ObjectStore
2024-05-01T00:31:50,242  INFO [HiveServer2-Background-Pool: Thread-334] metastore.ObjectStore: RawStore: org.apache.hadoop.hive.metastore.ObjectStore@1e1df03f, with PersistenceManager: null will be shutdown
2024-05-01T00:31:50,242  INFO [HiveServer2-Background-Pool: Thread-334] metastore.ObjectStore: RawStore: org.apache.hadoop.hive.metastore.ObjectStore@1e1df03f, with PersistenceManager: org.datanucleus.api.jdo.JDOPersistenceManager@5b1f7d98 created in the thread with id: 334
2024-05-01T00:31:50,245  INFO [HiveServer2-Background-Pool: Thread-334] metastore.HMSHandler: Created RawStore: org.apache.hadoop.hive.metastore.ObjectStore@1e1df03f from thread id: 334
2024-05-01T00:31:50,246  INFO [HiveServer2-Background-Pool: Thread-334] HiveMetaStore.audit: ugi=alex	ip=unknown-ip-addr	cmd=get_database: default	
2024-05-01T00:31:50,247  INFO [HiveServer2-Background-Pool: Thread-334] metadata.Hive: Dumping metastore api call timing information for : execution phase
2024-05-01T00:31:50,247  INFO [HiveServer2-Background-Pool: Thread-334] metadata.Hive: Total time spent in each metastore function (ms): {isCompatibleWith_(Configuration)=1, getDatabase_(String)=6}
2024-05-01T00:31:50,248  INFO [HiveServer2-Background-Pool: Thread-334] ql.Driver: Completed executing command(queryId=alex_20240501003150_632204de-1f72-420e-bd54-77e0c78390b6); Time taken: 0.007 seconds
2024-05-01T00:31:50,248  INFO [HiveServer2-Background-Pool: Thread-334] common.LogUtils: Unregistered logging context.
2024-05-01T00:31:50,249  INFO [3c5f0ff4-0299-460d-a646-00aacbbd682d main] operation.OperationManager: Closing operation: OperationHandle [opType=EXECUTE_STATEMENT, getHandleIdentifier()=58d1b435-6c75-492b-a75d-a7a24f69d9b0]
2024-05-01T00:31:50,249  INFO [3c5f0ff4-0299-460d-a646-00aacbbd682d main] operation.OperationManager: Removed queryId: alex_20240501003150_632204de-1f72-420e-bd54-77e0c78390b6 corresponding to operation: OperationHandle [opType=EXECUTE_STATEMENT, getHandleIdentifier()=58d1b435-6c75-492b-a75d-a7a24f69d9b0] with tag: null
2024-05-01T00:31:50,250  INFO [3c5f0ff4-0299-460d-a646-00aacbbd682d main] operation.SQLOperation: Closing operation log /home/alex/Repositories/hive/beeline/target/tmp/alex/operation_logs/3c5f0ff4-0299-460d-a646-00aacbbd682d/alex_20240501003150_632204de-1f72-420e-bd54-77e0c78390b6 without delay
2024-05-01T00:31:50,254  INFO [main] service.CompositeService: Session closed, SessionHandle [3c5f0ff4-0299-460d-a646-00aacbbd682d], current sessions:0
2024-05-01T00:31:50,254  INFO [3c5f0ff4-0299-460d-a646-00aacbbd682d main] session.HiveSessionImpl: Operation log session directory is deleted: /home/alex/Repositories/hive/beeline/target/tmp/alex/operation_logs/3c5f0ff4-0299-460d-a646-00aacbbd682d
2024-05-01T00:31:50,255  INFO [main] cleanup.EventualCleanupService: Delete /tmp/hive/alex/3c5f0ff4-0299-460d-a646-00aacbbd682d operation was queued
2024-05-01T00:31:50,255  INFO [main] cleanup.EventualCleanupService: Delete /home/alex/Repositories/hive/beeline/target/tmp/alex/3c5f0ff4-0299-460d-a646-00aacbbd682d operation was queued
2024-05-01T00:31:50,255  INFO [EventualCleanupService thread 1] cleanup.EventualCleanupService: Deleted /home/alex/Repositories/hive/beeline/target/tmp/alex/3c5f0ff4-0299-460d-a646-00aacbbd682d
2024-05-01T00:31:50,255  INFO [EventualCleanupService thread 0] cleanup.EventualCleanupService: Deleted /tmp/hive/alex/3c5f0ff4-0299-460d-a646-00aacbbd682d
2024-05-01T00:31:50,256  INFO [main] HiveMetaStore.audit: ugi=alex	ip=unknown-ip-addr	cmd=Cleaning up thread local RawStore...	
2024-05-01T00:31:50,256  INFO [main] metastore.ObjectStore: RawStore: org.apache.hadoop.hive.metastore.ObjectStore@2b6fcca1, with PersistenceManager: org.datanucleus.api.jdo.JDOPersistenceManager@39f93225 will be shutdown
2024-05-01T00:31:50,256  INFO [main] HiveMetaStore.audit: ugi=alex	ip=unknown-ip-addr	cmd=Done cleaning up thread local RawStore	
2024-05-01T00:31:50,256  INFO [main] metastore.HiveMetaStoreClient: Closed a connection to metastore, current connections: -19
]]></system-err>
  </testcase>
  <testcase name="testUseCurrentDB3" classname="org.apache.hive.beeline.cli.TestHiveCli" time="0.253">
    <failure type="java.lang.AssertionError"><![CDATA[java.lang.AssertionError: 
The expected keyword "hive (testDB)>" occur in the output: Connecting to jdbc:hive2://
Hive Session ID = 882af7ee-0032-4cec-bf2f-5cbf6b25e9d8
ivysettings.xml file not found in HIVE_HOME or HIVE_CONF_DIR,/home/alex/Repositories/hive/conf/ivysettings.xml will be used
ivysettings.xml file not found in HIVE_HOME or HIVE_CONF_DIR,/home/alex/Repositories/hive/conf/ivysettings.xml will be used
Connected to: Apache Hive (version 4.0.0-SNAPSHOT)
Error: Couldn't load manifest attributes. (state=,code=0)
Transaction isolation: TRANSACTION_REPEATABLE_READ
Beeline version ??? by Apache Hive
hive> create database if not exists testDB; set hive.cli.print.current.db=true;use  testDB;
INFO  : Compiling command(queryId=alex_20240501003150_023677f8-5b30-461c-a99d-3321a7eabba9): create database if not exists testDB
INFO  : Semantic Analysis Completed (retrial = false)
INFO  : Created Hive schema: Schema(fieldSchemas:null, properties:null)
INFO  : Completed compiling command(queryId=alex_20240501003150_023677f8-5b30-461c-a99d-3321a7eabba9); Time taken: 0.007 seconds
INFO  : Concurrency mode is disabled, not creating a lock manager
INFO  : Executing command(queryId=alex_20240501003150_023677f8-5b30-461c-a99d-3321a7eabba9): create database if not exists testDB
INFO  : Starting task [Stage-0:DDL] in serial mode
DEBUG : Task getting executed using mapred tag : alex_20240501003150_023677f8-5b30-461c-a99d-3321a7eabba9,userid=null
INFO  : Completed executing command(queryId=alex_20240501003150_023677f8-5b30-461c-a99d-3321a7eabba9); Time taken: 0.008 seconds
DEBUG : Shutting down query create database if not exists testDB
Error: Failed to wait for operation to complete (state=08S01,code=0)
hive> use default;drop if exists testDB;
INFO  : Compiling command(queryId=alex_20240501003150_b7ccfd8e-c9e3-428b-a920-98ba3334bdcf): use default
INFO  : Semantic Analysis Completed (retrial = false)
INFO  : Created Hive schema: Schema(fieldSchemas:null, properties:null)
INFO  : Completed compiling command(queryId=alex_20240501003150_b7ccfd8e-c9e3-428b-a920-98ba3334bdcf); Time taken: 0.002 seconds
INFO  : Concurrency mode is disabled, not creating a lock manager
INFO  : Executing command(queryId=alex_20240501003150_b7ccfd8e-c9e3-428b-a920-98ba3334bdcf): use default
INFO  : Starting task [Stage-0:DDL] in serial mode
DEBUG : Task getting executed using mapred tag : alex_20240501003150_b7ccfd8e-c9e3-428b-a920-98ba3334bdcf,userid=null
INFO  : Completed executing command(queryId=alex_20240501003150_b7ccfd8e-c9e3-428b-a920-98ba3334bdcf); Time taken: 0.008 seconds
DEBUG : Shutting down query use default
Error: Failed to wait for operation to complete (state=08S01,code=0)
hive> Closing: 0: jdbc:hive2://

	at org.junit.Assert.fail(Assert.java:89)
	at org.junit.Assert.assertTrue(Assert.java:42)
	at org.apache.hive.beeline.cli.TestHiveCli.verifyCMD(TestHiveCli.java:270)
	at org.apache.hive.beeline.cli.TestHiveCli.testUseCurrentDB3(TestHiveCli.java:226)
	at sun.reflect.NativeMethodAccessorImpl.invoke0(Native Method)
	at sun.reflect.NativeMethodAccessorImpl.invoke(NativeMethodAccessorImpl.java:62)
	at sun.reflect.DelegatingMethodAccessorImpl.invoke(DelegatingMethodAccessorImpl.java:43)
	at java.lang.reflect.Method.invoke(Method.java:498)
	at org.junit.runners.model.FrameworkMethod$1.runReflectiveCall(FrameworkMethod.java:59)
	at org.junit.internal.runners.model.ReflectiveCallable.run(ReflectiveCallable.java:12)
	at org.junit.runners.model.FrameworkMethod.invokeExplosively(FrameworkMethod.java:56)
	at org.junit.internal.runners.statements.InvokeMethod.evaluate(InvokeMethod.java:17)
	at org.junit.internal.runners.statements.RunBefores.evaluate(RunBefores.java:26)
	at org.junit.internal.runners.statements.RunAfters.evaluate(RunAfters.java:27)
	at org.junit.runners.ParentRunner$3.evaluate(ParentRunner.java:306)
	at org.junit.runners.BlockJUnit4ClassRunner$1.evaluate(BlockJUnit4ClassRunner.java:100)
	at org.junit.runners.ParentRunner.runLeaf(ParentRunner.java:366)
	at org.junit.runners.BlockJUnit4ClassRunner.runChild(BlockJUnit4ClassRunner.java:103)
	at org.junit.runners.BlockJUnit4ClassRunner.runChild(BlockJUnit4ClassRunner.java:63)
	at org.junit.runners.ParentRunner$4.run(ParentRunner.java:331)
	at org.junit.runners.ParentRunner$1.schedule(ParentRunner.java:79)
	at org.junit.runners.ParentRunner.runChildren(ParentRunner.java:329)
	at org.junit.runners.ParentRunner.access$100(ParentRunner.java:66)
	at org.junit.runners.ParentRunner$2.evaluate(ParentRunner.java:293)
	at org.junit.internal.runners.statements.RunBefores.evaluate(RunBefores.java:26)
	at org.junit.runners.ParentRunner$3.evaluate(ParentRunner.java:306)
	at org.junit.runners.ParentRunner.run(ParentRunner.java:413)
	at org.junit.runner.JUnitCore.run(JUnitCore.java:137)
	at org.junit.runner.JUnitCore.run(JUnitCore.java:115)
	at org.junit.vintage.engine.execution.RunnerExecutor.execute(RunnerExecutor.java:43)
	at java.util.stream.ForEachOps$ForEachOp$OfRef.accept(ForEachOps.java:183)
	at java.util.stream.ReferencePipeline$3$1.accept(ReferencePipeline.java:193)
	at java.util.Iterator.forEachRemaining(Iterator.java:116)
	at java.util.Spliterators$IteratorSpliterator.forEachRemaining(Spliterators.java:1801)
	at java.util.stream.AbstractPipeline.copyInto(AbstractPipeline.java:482)
	at java.util.stream.AbstractPipeline.wrapAndCopyInto(AbstractPipeline.java:472)
	at java.util.stream.ForEachOps$ForEachOp.evaluateSequential(ForEachOps.java:150)
	at java.util.stream.ForEachOps$ForEachOp$OfRef.evaluateSequential(ForEachOps.java:173)
	at java.util.stream.AbstractPipeline.evaluate(AbstractPipeline.java:234)
	at java.util.stream.ReferencePipeline.forEach(ReferencePipeline.java:485)
	at org.junit.vintage.engine.VintageTestEngine.executeAllChildren(VintageTestEngine.java:82)
	at org.junit.vintage.engine.VintageTestEngine.execute(VintageTestEngine.java:73)
	at org.junit.platform.launcher.core.DefaultLauncher.execute(DefaultLauncher.java:248)
	at org.junit.platform.launcher.core.DefaultLauncher.lambda$execute$5(DefaultLauncher.java:211)
	at org.junit.platform.launcher.core.DefaultLauncher.withInterceptedStreams(DefaultLauncher.java:226)
	at org.junit.platform.launcher.core.DefaultLauncher.execute(DefaultLauncher.java:199)
	at org.junit.platform.launcher.core.DefaultLauncher.execute(DefaultLauncher.java:132)
	at org.apache.maven.surefire.junitplatform.JUnitPlatformProvider.invokeAllTests(JUnitPlatformProvider.java:154)
	at org.apache.maven.surefire.junitplatform.JUnitPlatformProvider.invoke(JUnitPlatformProvider.java:123)
	at org.apache.maven.surefire.booter.ForkedBooter.runSuitesInProcess(ForkedBooter.java:377)
	at org.apache.maven.surefire.booter.ForkedBooter.execute(ForkedBooter.java:138)
	at org.apache.maven.surefire.booter.ForkedBooter.run(ForkedBooter.java:465)
	at org.apache.maven.surefire.booter.ForkedBooter.main(ForkedBooter.java:451)
]]></failure>
    <system-err><![CDATA[2024-05-01T00:31:50,258 ERROR [main] cli.TestHiveCli: Failed to execute command due to the error: java.lang.NullPointerException: Null output stream
2024-05-01T00:31:50,305  WARN [main] conf.HiveConf: HiveConf of name hive.dummyparam.test.server.specific.config.override does not exist
2024-05-01T00:31:50,306  WARN [main] conf.HiveConf: HiveConf of name hive.dummyparam.test.server.specific.config.hiveserver2site does not exist
2024-05-01T00:31:50,306  WARN [main] conf.HiveConf: HiveConf of name hive.dummyparam.test.server.specific.config.metastoresite does not exist
2024-05-01T00:31:50,307  INFO [main] SessionState: Hive Session ID = 882af7ee-0032-4cec-bf2f-5cbf6b25e9d8
2024-05-01T00:31:50,307  INFO [main] DependencyResolver: ivysettings.xml file not found in HIVE_HOME or HIVE_CONF_DIR,/home/alex/Repositories/hive/conf/ivysettings.xml will be used
2024-05-01T00:31:50,315  INFO [main] session.SessionState: Created HDFS directory: /tmp/hive/alex/882af7ee-0032-4cec-bf2f-5cbf6b25e9d8
2024-05-01T00:31:50,319  INFO [main] session.SessionState: Created local directory: /home/alex/Repositories/hive/beeline/target/tmp/alex/882af7ee-0032-4cec-bf2f-5cbf6b25e9d8
2024-05-01T00:31:50,322  INFO [main] session.SessionState: Created HDFS directory: /tmp/hive/alex/882af7ee-0032-4cec-bf2f-5cbf6b25e9d8/_tmp_space.db
2024-05-01T00:31:50,322  INFO [main] sqlstd.SQLStdHiveAccessController: Created SQLStdHiveAccessController for session context : HiveAuthzSessionContext [sessionString=882af7ee-0032-4cec-bf2f-5cbf6b25e9d8, clientType=HIVESERVER2]
2024-05-01T00:31:50,323  INFO [main] metastore.HiveMetaStoreClient: HMS client filtering is enabled.
2024-05-01T00:31:50,323  INFO [main] metastore.HMSHandler: 0: Opening raw store with implementation class:org.apache.hadoop.hive.metastore.ObjectStore
2024-05-01T00:31:50,324  INFO [main] metastore.PersistenceManagerProvider: Configuration datanucleus.autoStartMechanismMode is not set. Defaulting to 'ignored'
2024-05-01T00:31:50,324  INFO [main] metastore.ObjectStore: RawStore: org.apache.hadoop.hive.metastore.ObjectStore@343d1d25, with PersistenceManager: null will be shutdown
2024-05-01T00:31:50,324  INFO [main] metastore.ObjectStore: RawStore: org.apache.hadoop.hive.metastore.ObjectStore@343d1d25, with PersistenceManager: org.datanucleus.api.jdo.JDOPersistenceManager@762da62b created in the thread with id: 1
2024-05-01T00:31:50,328  INFO [main] metastore.HMSHandler: Created RawStore: org.apache.hadoop.hive.metastore.ObjectStore@343d1d25 from thread id: 1
2024-05-01T00:31:50,328  INFO [main] metastore.HMSHandler: HMS server filtering is disabled by configuration
2024-05-01T00:31:50,328  INFO [main] metastore.RetryingMetaStoreClient: RetryingMetaStoreClient proxy=class org.apache.hadoop.hive.ql.metadata.SessionHiveMetaStoreClient ugi=alex (auth:SIMPLE) retries=1 delay=1 lifetime=0
2024-05-01T00:31:50,328  INFO [main] service.CompositeService: Operation log root directory is created: /home/alex/Repositories/hive/beeline/target/tmp/alex/operation_logs
2024-05-01T00:31:50,329  INFO [main] service.CompositeService: HiveServer2: Background operation thread pool size: 100
2024-05-01T00:31:50,329  INFO [main] service.CompositeService: HiveServer2: Background operation thread wait queue size: 100
2024-05-01T00:31:50,329  INFO [main] service.CompositeService: HiveServer2: Background operation thread keepalive time: 10 seconds
2024-05-01T00:31:50,329  INFO [main] service.CompositeService: Connections limit are user: 0 ipaddress: 0 user-ipaddress: 0
2024-05-01T00:31:50,330  INFO [main] cleanup.EventualCleanupService: EventualCleanupService started with 10 threads and queue of size 10000
ERROR StatusLogger Log4j2 ConfigurationScheduler attempted to increment scheduled items after start
ERROR StatusLogger Log4j2 ConfigurationScheduler attempted to increment scheduled items after start
2024-05-01T00:31:50,332  INFO [main] service.AbstractService: Service:OperationManager is inited.
2024-05-01T00:31:50,332  INFO [main] service.AbstractService: Service:SessionManager is inited.
2024-05-01T00:31:50,332  INFO [main] service.AbstractService: Service:CLIService is inited.
2024-05-01T00:31:50,332  INFO [main] service.AbstractService: Service:OperationManager is started.
2024-05-01T00:31:50,332  INFO [main] service.AbstractService: Service:SessionManager is started.
2024-05-01T00:31:50,332  INFO [main] service.AbstractService: Service:CLIService is started.
2024-05-01T00:31:50,332  INFO [main] service.AbstractService: Service:ThriftBinaryCLIService is inited.
2024-05-01T00:31:50,332  INFO [main] thrift.ThriftCLIService: Client protocol version: HIVE_CLI_SERVICE_PROTOCOL_V10
2024-05-01T00:31:50,332  INFO [main] thrift.ThriftCLIService: Creating Hive session handle for user [null] from IP null
2024-05-01T00:31:50,333  INFO [main] DependencyResolver: ivysettings.xml file not found in HIVE_HOME or HIVE_CONF_DIR,/home/alex/Repositories/hive/conf/ivysettings.xml will be used
2024-05-01T00:31:50,341  INFO [main] session.SessionState: Created HDFS directory: /tmp/hive/alex/7fd8501e-8aca-4266-b063-ed134f422e42
2024-05-01T00:31:50,344  INFO [main] session.SessionState: Created local directory: /home/alex/Repositories/hive/beeline/target/tmp/alex/7fd8501e-8aca-4266-b063-ed134f422e42
2024-05-01T00:31:50,348  INFO [main] session.SessionState: Created HDFS directory: /tmp/hive/alex/7fd8501e-8aca-4266-b063-ed134f422e42/_tmp_space.db
2024-05-01T00:31:50,348  INFO [main] session.SessionState: Reloading auxiliary JAR files
2024-05-01T00:31:50,348  WARN [main] session.SessionState: Configuration hive.reloadable.aux.jars.path not specified
2024-05-01T00:31:50,348  INFO [main] HiveMetaStore.audit: ugi=alex	ip=unknown-ip-addr	cmd=Cleaning up thread local RawStore...	
2024-05-01T00:31:50,348  INFO [main] metastore.ObjectStore: RawStore: org.apache.hadoop.hive.metastore.ObjectStore@343d1d25, with PersistenceManager: org.datanucleus.api.jdo.JDOPersistenceManager@762da62b will be shutdown
2024-05-01T00:31:50,349  INFO [main] HiveMetaStore.audit: ugi=alex	ip=unknown-ip-addr	cmd=Done cleaning up thread local RawStore	
2024-05-01T00:31:50,349  INFO [main] metastore.HiveMetaStoreClient: Closed a connection to metastore, current connections: -20
2024-05-01T00:31:50,349  INFO [main] session.HiveSessionImpl: Operation log session directory is created: /home/alex/Repositories/hive/beeline/target/tmp/alex/operation_logs/7fd8501e-8aca-4266-b063-ed134f422e42
2024-05-01T00:31:50,349  INFO [main] service.CompositeService: Session opened, SessionHandle [7fd8501e-8aca-4266-b063-ed134f422e42], current sessions:1
2024-05-01T00:31:50,349  INFO [main] thrift.ThriftCLIService: Login attempt is successful for user : null
2024-05-01T00:31:50,424  WARN [main] conf.HiveConf: HiveConf of name hive.dummyparam.test.server.specific.config.override does not exist
2024-05-01T00:31:50,424  WARN [main] conf.HiveConf: HiveConf of name hive.dummyparam.test.server.specific.config.hiveserver2site does not exist
2024-05-01T00:31:50,424  WARN [main] conf.HiveConf: HiveConf of name hive.dummyparam.test.server.specific.config.metastoresite does not exist
2024-05-01T00:31:50,424  INFO [7fd8501e-8aca-4266-b063-ed134f422e42 main] session.HiveSessionImpl: executing set
2024-05-01T00:31:50,425  INFO [7fd8501e-8aca-4266-b063-ed134f422e42 main] operation.HiveCommandOperation: Putting temp output to file /home/alex/Repositories/hive/beeline/target/tmp/alex/7fd8501e-8aca-4266-b063-ed134f422e423689969015786484114.pipeout and error output to file /home/alex/Repositories/hive/beeline/target/tmp/alex/7fd8501e-8aca-4266-b063-ed134f422e426381106085929416218.pipeout
2024-05-01T00:31:50,425  INFO [7fd8501e-8aca-4266-b063-ed134f422e42 main] operation.OperationManager: Adding operation: OperationHandle [opType=EXECUTE_STATEMENT, getHandleIdentifier()=8e6460f0-3a4f-4c48-b3fc-b007350ceebb] SessionHandle [7fd8501e-8aca-4266-b063-ed134f422e42]
2024-05-01T00:31:50,426  INFO [7fd8501e-8aca-4266-b063-ed134f422e42 main] common.LogUtils: Thread context registration is done.
DEBUG StatusLogger Building Plugin[name=filter, class=org.apache.hadoop.hive.ql.log.LogDivertAppender$NameFilter].
DEBUG StatusLogger createFilter(loggingLevel="EXECUTION")
DEBUG StatusLogger Building Plugin[name=layout, class=org.apache.logging.log4j.core.layout.PatternLayout].
DEBUG StatusLogger PatternLayout$Builder(pattern="%-5p : %m%n", PatternSelector=null, Configuration(HiveLog4j2Test), Replace=null, charset="null", alwaysWriteExceptions="null", disableAnsi="null", noConsoleNoAnsi="null", header="null", footer="null")
DEBUG StatusLogger Building Plugin[name=appender, class=org.apache.hadoop.hive.ql.log.HushableRandomAccessFileAppender].
DEBUG StatusLogger createAppender(fileName="/home/alex/Repositories/hive/beeline/target/tmp/alex/operation_logs/7fd8501e-8aca-4266-b063-ed134f422e42/alex_20240501003150_2c500ead-dbc8-495d-aa03-92005d6a2727", append="null", name="query-file-appender", immediateFlush="null", bufferSize="null", ignoreExceptions="null", PatternLayout(org.apache.logging.log4j.core.layout.PatternLayout with name PatternLayout), NameFilter(org.apache.hadoop.hive.ql.log.LogDivertAppender$NameFilter with name NameFilter), advertise="null", advertiseURI="null", Configuration(HiveLog4j2Test))
DEBUG StatusLogger Starting RandomAccessFileManager /home/alex/Repositories/hive/beeline/target/tmp/alex/operation_logs/7fd8501e-8aca-4266-b063-ed134f422e42/alex_20240501003150_2c500ead-dbc8-495d-aa03-92005d6a2727
DEBUG StatusLogger Building Plugin[name=, class=org.apache.hadoop.hive.ql.log.LogDivertAppenderForTest$TestFilter].
DEBUG StatusLogger createFilter()
DEBUG StatusLogger Building Plugin[name=, class=org.apache.logging.log4j.core.layout.PatternLayout].
DEBUG StatusLogger PatternLayout$Builder(pattern="%-5p : %m%n", PatternSelector=null, Configuration(HiveLog4j2Test), Replace=null, charset="null", alwaysWriteExceptions="null", disableAnsi="null", noConsoleNoAnsi="null", header="null", footer="null")
DEBUG StatusLogger Building Plugin[name=appender, class=org.apache.hadoop.hive.ql.log.HushableRandomAccessFileAppender].
DEBUG StatusLogger createAppender(fileName="/home/alex/Repositories/hive/beeline/target/tmp/alex/operation_logs/7fd8501e-8aca-4266-b063-ed134f422e42/alex_20240501003150_2c500ead-dbc8-495d-aa03-92005d6a2727.test", append="null", name="test-query-file-appender", immediateFlush="null", bufferSize="null", ignoreExceptions="null", PatternLayout(org.apache.logging.log4j.core.layout.PatternLayout with name PatternLayout), test-filter(org.apache.hadoop.hive.ql.log.LogDivertAppenderForTest$TestFilter with name test-filter), advertise="null", advertiseURI="null", Configuration(HiveLog4j2Test))
DEBUG StatusLogger Starting RandomAccessFileManager /home/alex/Repositories/hive/beeline/target/tmp/alex/operation_logs/7fd8501e-8aca-4266-b063-ed134f422e42/alex_20240501003150_2c500ead-dbc8-495d-aa03-92005d6a2727.test
2024-05-01T00:31:50,430  INFO [7fd8501e-8aca-4266-b063-ed134f422e42 main] operation.HiveCommandOperation: [opType=EXECUTE_STATEMENT, queryId=alex_20240501003150_2c500ead-dbc8-495d-aa03-92005d6a2727, startTime=1714548710425, sessionId=7fd8501e-8aca-4266-b063-ed134f422e42, createTime=1714548710332, userName=null, ipAddress=null]
2024-05-01T00:31:50,439  INFO [7fd8501e-8aca-4266-b063-ed134f422e42 main] common.LogUtils: Unregistered logging context.
2024-05-01T00:31:50,442  INFO [7fd8501e-8aca-4266-b063-ed134f422e42 main] operation.OperationManager: Closing operation: OperationHandle [opType=EXECUTE_STATEMENT, getHandleIdentifier()=8e6460f0-3a4f-4c48-b3fc-b007350ceebb]
2024-05-01T00:31:50,442  INFO [7fd8501e-8aca-4266-b063-ed134f422e42 main] operation.OperationManager: Removed queryId: alex_20240501003150_2c500ead-dbc8-495d-aa03-92005d6a2727 corresponding to operation: OperationHandle [opType=EXECUTE_STATEMENT, getHandleIdentifier()=8e6460f0-3a4f-4c48-b3fc-b007350ceebb] with tag: null
2024-05-01T00:31:50,443  INFO [7fd8501e-8aca-4266-b063-ed134f422e42 main] operation.HiveCommandOperation: Closing operation log /home/alex/Repositories/hive/beeline/target/tmp/alex/operation_logs/7fd8501e-8aca-4266-b063-ed134f422e42/alex_20240501003150_2c500ead-dbc8-495d-aa03-92005d6a2727 without delay
2024-05-01T00:31:50,451  INFO [7fd8501e-8aca-4266-b063-ed134f422e42 main] session.HiveSessionImpl: executing create database if not exists testDB
2024-05-01T00:31:50,452  INFO [7fd8501e-8aca-4266-b063-ed134f422e42 main] operation.OperationManager: Adding operation: OperationHandle [opType=EXECUTE_STATEMENT, getHandleIdentifier()=5f4bc4eb-c520-42ac-af0c-1385d62c3d21] SessionHandle [7fd8501e-8aca-4266-b063-ed134f422e42]
2024-05-01T00:31:50,452  INFO [7fd8501e-8aca-4266-b063-ed134f422e42 main] common.LogUtils: Thread context registration is done.
DEBUG StatusLogger Building Plugin[name=filter, class=org.apache.hadoop.hive.ql.log.LogDivertAppender$NameFilter].
DEBUG StatusLogger createFilter(loggingLevel="EXECUTION")
DEBUG StatusLogger Building Plugin[name=layout, class=org.apache.logging.log4j.core.layout.PatternLayout].
DEBUG StatusLogger PatternLayout$Builder(pattern="%-5p : %m%n", PatternSelector=null, Configuration(HiveLog4j2Test), Replace=null, charset="null", alwaysWriteExceptions="null", disableAnsi="null", noConsoleNoAnsi="null", header="null", footer="null")
DEBUG StatusLogger Building Plugin[name=appender, class=org.apache.hadoop.hive.ql.log.HushableRandomAccessFileAppender].
DEBUG StatusLogger createAppender(fileName="/home/alex/Repositories/hive/beeline/target/tmp/alex/operation_logs/7fd8501e-8aca-4266-b063-ed134f422e42/alex_20240501003150_023677f8-5b30-461c-a99d-3321a7eabba9", append="null", name="query-file-appender", immediateFlush="null", bufferSize="null", ignoreExceptions="null", PatternLayout(org.apache.logging.log4j.core.layout.PatternLayout with name PatternLayout), NameFilter(org.apache.hadoop.hive.ql.log.LogDivertAppender$NameFilter with name NameFilter), advertise="null", advertiseURI="null", Configuration(HiveLog4j2Test))
DEBUG StatusLogger Starting RandomAccessFileManager /home/alex/Repositories/hive/beeline/target/tmp/alex/operation_logs/7fd8501e-8aca-4266-b063-ed134f422e42/alex_20240501003150_023677f8-5b30-461c-a99d-3321a7eabba9
DEBUG StatusLogger Building Plugin[name=, class=org.apache.hadoop.hive.ql.log.LogDivertAppenderForTest$TestFilter].
DEBUG StatusLogger createFilter()
DEBUG StatusLogger Building Plugin[name=, class=org.apache.logging.log4j.core.layout.PatternLayout].
DEBUG StatusLogger PatternLayout$Builder(pattern="%-5p : %m%n", PatternSelector=null, Configuration(HiveLog4j2Test), Replace=null, charset="null", alwaysWriteExceptions="null", disableAnsi="null", noConsoleNoAnsi="null", header="null", footer="null")
DEBUG StatusLogger Building Plugin[name=appender, class=org.apache.hadoop.hive.ql.log.HushableRandomAccessFileAppender].
DEBUG StatusLogger createAppender(fileName="/home/alex/Repositories/hive/beeline/target/tmp/alex/operation_logs/7fd8501e-8aca-4266-b063-ed134f422e42/alex_20240501003150_023677f8-5b30-461c-a99d-3321a7eabba9.test", append="null", name="test-query-file-appender", immediateFlush="null", bufferSize="null", ignoreExceptions="null", PatternLayout(org.apache.logging.log4j.core.layout.PatternLayout with name PatternLayout), test-filter(org.apache.hadoop.hive.ql.log.LogDivertAppenderForTest$TestFilter with name test-filter), advertise="null", advertiseURI="null", Configuration(HiveLog4j2Test))
DEBUG StatusLogger Starting RandomAccessFileManager /home/alex/Repositories/hive/beeline/target/tmp/alex/operation_logs/7fd8501e-8aca-4266-b063-ed134f422e42/alex_20240501003150_023677f8-5b30-461c-a99d-3321a7eabba9.test
2024-05-01T00:31:50,456  INFO [7fd8501e-8aca-4266-b063-ed134f422e42 main] operation.SQLOperation: [opType=EXECUTE_STATEMENT, queryId=alex_20240501003150_023677f8-5b30-461c-a99d-3321a7eabba9, startTime=1714548710451, sessionId=7fd8501e-8aca-4266-b063-ed134f422e42, createTime=1714548710332, userName=null, ipAddress=null]
2024-05-01T00:31:50,457  INFO [7fd8501e-8aca-4266-b063-ed134f422e42 main] ql.Driver: Compiling command(queryId=alex_20240501003150_023677f8-5b30-461c-a99d-3321a7eabba9): create database if not exists testDB
2024-05-01T00:31:50,458  INFO [7fd8501e-8aca-4266-b063-ed134f422e42 main] metastore.HiveMetaStoreClient: HMS client filtering is enabled.
2024-05-01T00:31:50,459  INFO [7fd8501e-8aca-4266-b063-ed134f422e42 main] metastore.HMSHandler: 0: Opening raw store with implementation class:org.apache.hadoop.hive.metastore.ObjectStore
2024-05-01T00:31:50,459  INFO [7fd8501e-8aca-4266-b063-ed134f422e42 main] metastore.PersistenceManagerProvider: Configuration datanucleus.autoStartMechanismMode is not set. Defaulting to 'ignored'
2024-05-01T00:31:50,460  INFO [7fd8501e-8aca-4266-b063-ed134f422e42 main] metastore.ObjectStore: RawStore: org.apache.hadoop.hive.metastore.ObjectStore@3de45b6c, with PersistenceManager: null will be shutdown
2024-05-01T00:31:50,460  INFO [7fd8501e-8aca-4266-b063-ed134f422e42 main] metastore.ObjectStore: RawStore: org.apache.hadoop.hive.metastore.ObjectStore@3de45b6c, with PersistenceManager: org.datanucleus.api.jdo.JDOPersistenceManager@37caecda created in the thread with id: 1
2024-05-01T00:31:50,462  INFO [7fd8501e-8aca-4266-b063-ed134f422e42 main] metastore.HMSHandler: Created RawStore: org.apache.hadoop.hive.metastore.ObjectStore@3de45b6c from thread id: 1
2024-05-01T00:31:50,463  INFO [7fd8501e-8aca-4266-b063-ed134f422e42 main] metastore.HMSHandler: HMS server filtering is disabled by configuration
2024-05-01T00:31:50,463  INFO [7fd8501e-8aca-4266-b063-ed134f422e42 main] metastore.RetryingMetaStoreClient: RetryingMetaStoreClient proxy=class org.apache.hadoop.hive.ql.metadata.SessionHiveMetaStoreClient ugi=alex (auth:SIMPLE) retries=1 delay=1 lifetime=0
2024-05-01T00:31:50,463  INFO [7fd8501e-8aca-4266-b063-ed134f422e42 main] ql.Driver: Semantic Analysis Completed (retrial = false)
2024-05-01T00:31:50,464  INFO [7fd8501e-8aca-4266-b063-ed134f422e42 main] ql.Driver: Created Hive schema: Schema(fieldSchemas:null, properties:null)
2024-05-01T00:31:50,464  INFO [7fd8501e-8aca-4266-b063-ed134f422e42 main] metadata.Hive: Dumping metastore api call timing information for : compilation phase
2024-05-01T00:31:50,464  INFO [7fd8501e-8aca-4266-b063-ed134f422e42 main] metadata.Hive: Total time spent in each metastore function (ms): {isCompatibleWith_(Configuration)=0, flushCache_()=0}
2024-05-01T00:31:50,464  INFO [7fd8501e-8aca-4266-b063-ed134f422e42 main] ql.Driver: Completed compiling command(queryId=alex_20240501003150_023677f8-5b30-461c-a99d-3321a7eabba9); Time taken: 0.007 seconds
2024-05-01T00:31:50,464  INFO [7fd8501e-8aca-4266-b063-ed134f422e42 main] common.LogUtils: Unregistered logging context.
2024-05-01T00:31:50,465  INFO [HiveServer2-Background-Pool: Thread-357] common.LogUtils: Thread context registration is done.
2024-05-01T00:31:50,465  INFO [HiveServer2-Background-Pool: Thread-357] reexec.ReExecDriver: Execution #1 of query
2024-05-01T00:31:50,466  INFO [HiveServer2-Background-Pool: Thread-357] ql.Driver: Concurrency mode is disabled, not creating a lock manager
2024-05-01T00:31:50,466  INFO [HiveServer2-Background-Pool: Thread-357] ql.Driver: Executing command(queryId=alex_20240501003150_023677f8-5b30-461c-a99d-3321a7eabba9): create database if not exists testDB
2024-05-01T00:31:50,466  INFO [HiveServer2-Background-Pool: Thread-357] ql.Driver: Starting task [Stage-0:DDL] in serial mode
2024-05-01T00:31:50,467  INFO [HiveServer2-Background-Pool: Thread-357] sqlstd.SQLStdHiveAccessController: Created SQLStdHiveAccessController for session context : HiveAuthzSessionContext [sessionString=7fd8501e-8aca-4266-b063-ed134f422e42, clientType=HIVESERVER2]
2024-05-01T00:31:50,467  WARN [HiveServer2-Background-Pool: Thread-357] exec.DDLTask: metastore.warehouse.external.dir is not set, falling back to metastore.warehouse.dir. This could cause external tables to use to managed tablespace.
2024-05-01T00:31:50,468  INFO [HiveServer2-Background-Pool: Thread-357] HiveMetaStore.audit: ugi=alex	ip=unknown-ip-addr	cmd=create_database: Database(name:testDB, description:null, locationUri:file:/home/alex/Repositories/hive/beeline/target/tmp/warehouse/testdb.db, parameters:null, ownerName:alex, ownerType:USER, catalogName:hive, type:NATIVE)	
2024-05-01T00:31:50,469  INFO [HiveServer2-Background-Pool: Thread-357] metastore.HMSHandler: 18: Opening raw store with implementation class:org.apache.hadoop.hive.metastore.ObjectStore
2024-05-01T00:31:50,470  INFO [HiveServer2-Background-Pool: Thread-357] metastore.ObjectStore: RawStore: org.apache.hadoop.hive.metastore.ObjectStore@12ed97b2, with PersistenceManager: null will be shutdown
2024-05-01T00:31:50,470  INFO [HiveServer2-Background-Pool: Thread-357] metastore.ObjectStore: RawStore: org.apache.hadoop.hive.metastore.ObjectStore@12ed97b2, with PersistenceManager: org.datanucleus.api.jdo.JDOPersistenceManager@57ef1b8b created in the thread with id: 357
2024-05-01T00:31:50,473  INFO [HiveServer2-Background-Pool: Thread-357] metastore.HMSHandler: Created RawStore: org.apache.hadoop.hive.metastore.ObjectStore@12ed97b2 from thread id: 357
2024-05-01T00:31:50,474 ERROR [HiveServer2-Background-Pool: Thread-357] metastore.RetryingHMSHandler: AlreadyExistsException(message:Database testDB already exists)
	at org.apache.hadoop.hive.metastore.HMSHandler.create_database(HMSHandler.java:1472)
	at sun.reflect.NativeMethodAccessorImpl.invoke0(Native Method)
	at sun.reflect.NativeMethodAccessorImpl.invoke(NativeMethodAccessorImpl.java:62)
	at sun.reflect.DelegatingMethodAccessorImpl.invoke(DelegatingMethodAccessorImpl.java:43)
	at java.lang.reflect.Method.invoke(Method.java:498)
	at org.apache.hadoop.hive.metastore.RetryingHMSHandler.invokeInternal(RetryingHMSHandler.java:147)
	at org.apache.hadoop.hive.metastore.RetryingHMSHandler.invoke(RetryingHMSHandler.java:108)
	at com.sun.proxy.$Proxy40.create_database(Unknown Source)
	at org.apache.hadoop.hive.metastore.HiveMetaStoreClient.createDatabase(HiveMetaStoreClient.java:1151)
	at sun.reflect.NativeMethodAccessorImpl.invoke0(Native Method)
	at sun.reflect.NativeMethodAccessorImpl.invoke(NativeMethodAccessorImpl.java:62)
	at sun.reflect.DelegatingMethodAccessorImpl.invoke(DelegatingMethodAccessorImpl.java:43)
	at java.lang.reflect.Method.invoke(Method.java:498)
	at org.apache.hadoop.hive.metastore.RetryingMetaStoreClient.invoke(RetryingMetaStoreClient.java:218)
	at com.sun.proxy.$Proxy41.createDatabase(Unknown Source)
	at org.apache.hadoop.hive.ql.metadata.Hive.createDatabase(Hive.java:605)
	at org.apache.hadoop.hive.ql.ddl.database.create.CreateDatabaseOperation.execute(CreateDatabaseOperation.java:68)
	at org.apache.hadoop.hive.ql.ddl.DDLTask.execute(DDLTask.java:84)
	at org.apache.hadoop.hive.ql.exec.Task.executeTask(Task.java:212)
	at org.apache.hadoop.hive.ql.exec.TaskRunner.runSequential(TaskRunner.java:105)
	at org.apache.hadoop.hive.ql.Executor.launchTask(Executor.java:361)
	at org.apache.hadoop.hive.ql.Executor.launchTasks(Executor.java:334)
	at org.apache.hadoop.hive.ql.Executor.runTasks(Executor.java:245)
	at org.apache.hadoop.hive.ql.Executor.execute(Executor.java:108)
	at org.apache.hadoop.hive.ql.Driver.execute(Driver.java:348)
	at org.apache.hadoop.hive.ql.Driver.runInternal(Driver.java:204)
	at org.apache.hadoop.hive.ql.Driver.run(Driver.java:153)
	at org.apache.hadoop.hive.ql.Driver.run(Driver.java:148)
	at org.apache.hadoop.hive.ql.reexec.ReExecDriver.run(ReExecDriver.java:164)
	at org.apache.hive.service.cli.operation.SQLOperation.runQuery(SQLOperation.java:233)
	at org.apache.hive.service.cli.operation.SQLOperation.access$500(SQLOperation.java:88)
	at org.apache.hive.service.cli.operation.SQLOperation$BackgroundWork$1.run(SQLOperation.java:336)
	at java.security.AccessController.doPrivileged(Native Method)
	at javax.security.auth.Subject.doAs(Subject.java:422)
	at org.apache.hadoop.security.UserGroupInformation.doAs(UserGroupInformation.java:1682)
	at org.apache.hive.service.cli.operation.SQLOperation$BackgroundWork.run(SQLOperation.java:356)
	at java.util.concurrent.Executors$RunnableAdapter.call(Executors.java:511)
	at java.util.concurrent.FutureTask.run(FutureTask.java:266)
	at java.util.concurrent.ThreadPoolExecutor.runWorker(ThreadPoolExecutor.java:1149)
	at java.util.concurrent.ThreadPoolExecutor$Worker.run(ThreadPoolExecutor.java:624)
	at java.lang.Thread.run(Thread.java:750)

2024-05-01T00:31:50,475  INFO [HiveServer2-Background-Pool: Thread-357] metadata.Hive: Dumping metastore api call timing information for : execution phase
2024-05-01T00:31:50,475  INFO [HiveServer2-Background-Pool: Thread-357] metadata.Hive: Total time spent in each metastore function (ms): {isCompatibleWith_(Configuration)=1}
2024-05-01T00:31:50,475  INFO [HiveServer2-Background-Pool: Thread-357] ql.Driver: Completed executing command(queryId=alex_20240501003150_023677f8-5b30-461c-a99d-3321a7eabba9); Time taken: 0.008 seconds
2024-05-01T00:31:50,475  INFO [HiveServer2-Background-Pool: Thread-357] common.LogUtils: Unregistered logging context.
2024-05-01T00:31:50,478  INFO [7fd8501e-8aca-4266-b063-ed134f422e42 main] operation.OperationManager: Closing operation: OperationHandle [opType=EXECUTE_STATEMENT, getHandleIdentifier()=5f4bc4eb-c520-42ac-af0c-1385d62c3d21]
2024-05-01T00:31:50,478  INFO [7fd8501e-8aca-4266-b063-ed134f422e42 main] operation.OperationManager: Removed queryId: alex_20240501003150_023677f8-5b30-461c-a99d-3321a7eabba9 corresponding to operation: OperationHandle [opType=EXECUTE_STATEMENT, getHandleIdentifier()=5f4bc4eb-c520-42ac-af0c-1385d62c3d21] with tag: null
2024-05-01T00:31:50,478  INFO [7fd8501e-8aca-4266-b063-ed134f422e42 main] operation.SQLOperation: Closing operation log /home/alex/Repositories/hive/beeline/target/tmp/alex/operation_logs/7fd8501e-8aca-4266-b063-ed134f422e42/alex_20240501003150_023677f8-5b30-461c-a99d-3321a7eabba9 without delay
2024-05-01T00:31:50,483  INFO [7fd8501e-8aca-4266-b063-ed134f422e42 main] session.HiveSessionImpl: executing use default
2024-05-01T00:31:50,484  INFO [7fd8501e-8aca-4266-b063-ed134f422e42 main] operation.OperationManager: Adding operation: OperationHandle [opType=EXECUTE_STATEMENT, getHandleIdentifier()=5e5e5e37-b24a-4474-a689-9d57d35f473a] SessionHandle [7fd8501e-8aca-4266-b063-ed134f422e42]
2024-05-01T00:31:50,484  INFO [7fd8501e-8aca-4266-b063-ed134f422e42 main] common.LogUtils: Thread context registration is done.
DEBUG StatusLogger Building Plugin[name=filter, class=org.apache.hadoop.hive.ql.log.LogDivertAppender$NameFilter].
DEBUG StatusLogger createFilter(loggingLevel="EXECUTION")
DEBUG StatusLogger Building Plugin[name=layout, class=org.apache.logging.log4j.core.layout.PatternLayout].
DEBUG StatusLogger PatternLayout$Builder(pattern="%-5p : %m%n", PatternSelector=null, Configuration(HiveLog4j2Test), Replace=null, charset="null", alwaysWriteExceptions="null", disableAnsi="null", noConsoleNoAnsi="null", header="null", footer="null")
DEBUG StatusLogger Building Plugin[name=appender, class=org.apache.hadoop.hive.ql.log.HushableRandomAccessFileAppender].
DEBUG StatusLogger createAppender(fileName="/home/alex/Repositories/hive/beeline/target/tmp/alex/operation_logs/7fd8501e-8aca-4266-b063-ed134f422e42/alex_20240501003150_b7ccfd8e-c9e3-428b-a920-98ba3334bdcf", append="null", name="query-file-appender", immediateFlush="null", bufferSize="null", ignoreExceptions="null", PatternLayout(org.apache.logging.log4j.core.layout.PatternLayout with name PatternLayout), NameFilter(org.apache.hadoop.hive.ql.log.LogDivertAppender$NameFilter with name NameFilter), advertise="null", advertiseURI="null", Configuration(HiveLog4j2Test))
DEBUG StatusLogger Starting RandomAccessFileManager /home/alex/Repositories/hive/beeline/target/tmp/alex/operation_logs/7fd8501e-8aca-4266-b063-ed134f422e42/alex_20240501003150_b7ccfd8e-c9e3-428b-a920-98ba3334bdcf
DEBUG StatusLogger Building Plugin[name=, class=org.apache.hadoop.hive.ql.log.LogDivertAppenderForTest$TestFilter].
DEBUG StatusLogger createFilter()
DEBUG StatusLogger Building Plugin[name=, class=org.apache.logging.log4j.core.layout.PatternLayout].
DEBUG StatusLogger PatternLayout$Builder(pattern="%-5p : %m%n", PatternSelector=null, Configuration(HiveLog4j2Test), Replace=null, charset="null", alwaysWriteExceptions="null", disableAnsi="null", noConsoleNoAnsi="null", header="null", footer="null")
DEBUG StatusLogger Building Plugin[name=appender, class=org.apache.hadoop.hive.ql.log.HushableRandomAccessFileAppender].
DEBUG StatusLogger createAppender(fileName="/home/alex/Repositories/hive/beeline/target/tmp/alex/operation_logs/7fd8501e-8aca-4266-b063-ed134f422e42/alex_20240501003150_b7ccfd8e-c9e3-428b-a920-98ba3334bdcf.test", append="null", name="test-query-file-appender", immediateFlush="null", bufferSize="null", ignoreExceptions="null", PatternLayout(org.apache.logging.log4j.core.layout.PatternLayout with name PatternLayout), test-filter(org.apache.hadoop.hive.ql.log.LogDivertAppenderForTest$TestFilter with name test-filter), advertise="null", advertiseURI="null", Configuration(HiveLog4j2Test))
DEBUG StatusLogger Starting RandomAccessFileManager /home/alex/Repositories/hive/beeline/target/tmp/alex/operation_logs/7fd8501e-8aca-4266-b063-ed134f422e42/alex_20240501003150_b7ccfd8e-c9e3-428b-a920-98ba3334bdcf.test
2024-05-01T00:31:50,488  INFO [7fd8501e-8aca-4266-b063-ed134f422e42 main] operation.SQLOperation: [opType=EXECUTE_STATEMENT, queryId=alex_20240501003150_b7ccfd8e-c9e3-428b-a920-98ba3334bdcf, startTime=1714548710483, sessionId=7fd8501e-8aca-4266-b063-ed134f422e42, createTime=1714548710332, userName=null, ipAddress=null]
2024-05-01T00:31:50,489  INFO [7fd8501e-8aca-4266-b063-ed134f422e42 main] ql.Driver: Compiling command(queryId=alex_20240501003150_b7ccfd8e-c9e3-428b-a920-98ba3334bdcf): use default
2024-05-01T00:31:50,490  INFO [7fd8501e-8aca-4266-b063-ed134f422e42 main] HiveMetaStore.audit: ugi=alex	ip=unknown-ip-addr	cmd=get_database: default	
2024-05-01T00:31:50,491  INFO [7fd8501e-8aca-4266-b063-ed134f422e42 main] ql.Driver: Semantic Analysis Completed (retrial = false)
2024-05-01T00:31:50,491  INFO [7fd8501e-8aca-4266-b063-ed134f422e42 main] ql.Driver: Created Hive schema: Schema(fieldSchemas:null, properties:null)
2024-05-01T00:31:50,491  INFO [7fd8501e-8aca-4266-b063-ed134f422e42 main] metadata.Hive: Dumping metastore api call timing information for : compilation phase
2024-05-01T00:31:50,491  INFO [7fd8501e-8aca-4266-b063-ed134f422e42 main] metadata.Hive: Total time spent in each metastore function (ms): {isCompatibleWith_(Configuration)=0, getDatabase_(String)=1, flushCache_()=0}
2024-05-01T00:31:50,492  INFO [7fd8501e-8aca-4266-b063-ed134f422e42 main] ql.Driver: Completed compiling command(queryId=alex_20240501003150_b7ccfd8e-c9e3-428b-a920-98ba3334bdcf); Time taken: 0.002 seconds
2024-05-01T00:31:50,492  INFO [7fd8501e-8aca-4266-b063-ed134f422e42 main] common.LogUtils: Unregistered logging context.
2024-05-01T00:31:50,492  INFO [HiveServer2-Background-Pool: Thread-360] common.LogUtils: Thread context registration is done.
2024-05-01T00:31:50,493  INFO [HiveServer2-Background-Pool: Thread-360] reexec.ReExecDriver: Execution #1 of query
2024-05-01T00:31:50,493  INFO [HiveServer2-Background-Pool: Thread-360] ql.Driver: Concurrency mode is disabled, not creating a lock manager
2024-05-01T00:31:50,494  INFO [HiveServer2-Background-Pool: Thread-360] ql.Driver: Executing command(queryId=alex_20240501003150_b7ccfd8e-c9e3-428b-a920-98ba3334bdcf): use default
2024-05-01T00:31:50,494  INFO [HiveServer2-Background-Pool: Thread-360] ql.Driver: Starting task [Stage-0:DDL] in serial mode
2024-05-01T00:31:50,494  INFO [HiveServer2-Background-Pool: Thread-360] HiveMetaStore.audit: ugi=alex	ip=unknown-ip-addr	cmd=get_database: default	
2024-05-01T00:31:50,495  INFO [HiveServer2-Background-Pool: Thread-360] metastore.HMSHandler: 19: Opening raw store with implementation class:org.apache.hadoop.hive.metastore.ObjectStore
2024-05-01T00:31:50,496  INFO [HiveServer2-Background-Pool: Thread-360] metastore.ObjectStore: RawStore: org.apache.hadoop.hive.metastore.ObjectStore@68ae63ef, with PersistenceManager: null will be shutdown
2024-05-01T00:31:50,496  INFO [HiveServer2-Background-Pool: Thread-360] metastore.ObjectStore: RawStore: org.apache.hadoop.hive.metastore.ObjectStore@68ae63ef, with PersistenceManager: org.datanucleus.api.jdo.JDOPersistenceManager@2dacf09e created in the thread with id: 360
2024-05-01T00:31:50,499  INFO [HiveServer2-Background-Pool: Thread-360] metastore.HMSHandler: Created RawStore: org.apache.hadoop.hive.metastore.ObjectStore@68ae63ef from thread id: 360
2024-05-01T00:31:50,500  INFO [HiveServer2-Background-Pool: Thread-360] HiveMetaStore.audit: ugi=alex	ip=unknown-ip-addr	cmd=get_database: default	
2024-05-01T00:31:50,501  INFO [HiveServer2-Background-Pool: Thread-360] metadata.Hive: Dumping metastore api call timing information for : execution phase
2024-05-01T00:31:50,501  INFO [HiveServer2-Background-Pool: Thread-360] metadata.Hive: Total time spent in each metastore function (ms): {isCompatibleWith_(Configuration)=0, getDatabase_(String)=7}
2024-05-01T00:31:50,501  INFO [HiveServer2-Background-Pool: Thread-360] ql.Driver: Completed executing command(queryId=alex_20240501003150_b7ccfd8e-c9e3-428b-a920-98ba3334bdcf); Time taken: 0.008 seconds
2024-05-01T00:31:50,502  INFO [HiveServer2-Background-Pool: Thread-360] common.LogUtils: Unregistered logging context.
2024-05-01T00:31:50,503  INFO [7fd8501e-8aca-4266-b063-ed134f422e42 main] operation.OperationManager: Closing operation: OperationHandle [opType=EXECUTE_STATEMENT, getHandleIdentifier()=5e5e5e37-b24a-4474-a689-9d57d35f473a]
2024-05-01T00:31:50,503  INFO [7fd8501e-8aca-4266-b063-ed134f422e42 main] operation.OperationManager: Removed queryId: alex_20240501003150_b7ccfd8e-c9e3-428b-a920-98ba3334bdcf corresponding to operation: OperationHandle [opType=EXECUTE_STATEMENT, getHandleIdentifier()=5e5e5e37-b24a-4474-a689-9d57d35f473a] with tag: null
2024-05-01T00:31:50,503  INFO [7fd8501e-8aca-4266-b063-ed134f422e42 main] operation.SQLOperation: Closing operation log /home/alex/Repositories/hive/beeline/target/tmp/alex/operation_logs/7fd8501e-8aca-4266-b063-ed134f422e42/alex_20240501003150_b7ccfd8e-c9e3-428b-a920-98ba3334bdcf without delay
2024-05-01T00:31:50,508  INFO [main] service.CompositeService: Session closed, SessionHandle [7fd8501e-8aca-4266-b063-ed134f422e42], current sessions:0
2024-05-01T00:31:50,508  INFO [7fd8501e-8aca-4266-b063-ed134f422e42 main] session.HiveSessionImpl: Operation log session directory is deleted: /home/alex/Repositories/hive/beeline/target/tmp/alex/operation_logs/7fd8501e-8aca-4266-b063-ed134f422e42
2024-05-01T00:31:50,508  INFO [main] cleanup.EventualCleanupService: Delete /tmp/hive/alex/7fd8501e-8aca-4266-b063-ed134f422e42 operation was queued
2024-05-01T00:31:50,508  INFO [main] cleanup.EventualCleanupService: Delete /home/alex/Repositories/hive/beeline/target/tmp/alex/7fd8501e-8aca-4266-b063-ed134f422e42 operation was queued
2024-05-01T00:31:50,509  INFO [EventualCleanupService thread 1] cleanup.EventualCleanupService: Deleted /home/alex/Repositories/hive/beeline/target/tmp/alex/7fd8501e-8aca-4266-b063-ed134f422e42
2024-05-01T00:31:50,509  INFO [EventualCleanupService thread 0] cleanup.EventualCleanupService: Deleted /tmp/hive/alex/7fd8501e-8aca-4266-b063-ed134f422e42
2024-05-01T00:31:50,510  INFO [main] HiveMetaStore.audit: ugi=alex	ip=unknown-ip-addr	cmd=Cleaning up thread local RawStore...	
2024-05-01T00:31:50,510  INFO [main] metastore.ObjectStore: RawStore: org.apache.hadoop.hive.metastore.ObjectStore@3de45b6c, with PersistenceManager: org.datanucleus.api.jdo.JDOPersistenceManager@37caecda will be shutdown
2024-05-01T00:31:50,510  INFO [main] HiveMetaStore.audit: ugi=alex	ip=unknown-ip-addr	cmd=Done cleaning up thread local RawStore	
2024-05-01T00:31:50,510  INFO [main] metastore.HiveMetaStoreClient: Closed a connection to metastore, current connections: -21
]]></system-err>
  </testcase>
  <testcase name="testDatabaseOptions" classname="org.apache.hive.beeline.cli.TestHiveCli" time="0.294">
    <failure type="java.lang.AssertionError"><![CDATA[java.lang.AssertionError: The expected keyword "testtbl" occur in the output: 
	at org.junit.Assert.fail(Assert.java:89)
	at org.junit.Assert.assertTrue(Assert.java:42)
	at org.apache.hive.beeline.cli.TestHiveCli.verifyCMD(TestHiveCli.java:270)
	at org.apache.hive.beeline.cli.TestHiveCli.testDatabaseOptions(TestHiveCli.java:107)
	at sun.reflect.NativeMethodAccessorImpl.invoke0(Native Method)
	at sun.reflect.NativeMethodAccessorImpl.invoke(NativeMethodAccessorImpl.java:62)
	at sun.reflect.DelegatingMethodAccessorImpl.invoke(DelegatingMethodAccessorImpl.java:43)
	at java.lang.reflect.Method.invoke(Method.java:498)
	at org.junit.runners.model.FrameworkMethod$1.runReflectiveCall(FrameworkMethod.java:59)
	at org.junit.internal.runners.model.ReflectiveCallable.run(ReflectiveCallable.java:12)
	at org.junit.runners.model.FrameworkMethod.invokeExplosively(FrameworkMethod.java:56)
	at org.junit.internal.runners.statements.InvokeMethod.evaluate(InvokeMethod.java:17)
	at org.junit.internal.runners.statements.RunBefores.evaluate(RunBefores.java:26)
	at org.junit.internal.runners.statements.RunAfters.evaluate(RunAfters.java:27)
	at org.junit.runners.ParentRunner$3.evaluate(ParentRunner.java:306)
	at org.junit.runners.BlockJUnit4ClassRunner$1.evaluate(BlockJUnit4ClassRunner.java:100)
	at org.junit.runners.ParentRunner.runLeaf(ParentRunner.java:366)
	at org.junit.runners.BlockJUnit4ClassRunner.runChild(BlockJUnit4ClassRunner.java:103)
	at org.junit.runners.BlockJUnit4ClassRunner.runChild(BlockJUnit4ClassRunner.java:63)
	at org.junit.runners.ParentRunner$4.run(ParentRunner.java:331)
	at org.junit.runners.ParentRunner$1.schedule(ParentRunner.java:79)
	at org.junit.runners.ParentRunner.runChildren(ParentRunner.java:329)
	at org.junit.runners.ParentRunner.access$100(ParentRunner.java:66)
	at org.junit.runners.ParentRunner$2.evaluate(ParentRunner.java:293)
	at org.junit.internal.runners.statements.RunBefores.evaluate(RunBefores.java:26)
	at org.junit.runners.ParentRunner$3.evaluate(ParentRunner.java:306)
	at org.junit.runners.ParentRunner.run(ParentRunner.java:413)
	at org.junit.runner.JUnitCore.run(JUnitCore.java:137)
	at org.junit.runner.JUnitCore.run(JUnitCore.java:115)
	at org.junit.vintage.engine.execution.RunnerExecutor.execute(RunnerExecutor.java:43)
	at java.util.stream.ForEachOps$ForEachOp$OfRef.accept(ForEachOps.java:183)
	at java.util.stream.ReferencePipeline$3$1.accept(ReferencePipeline.java:193)
	at java.util.Iterator.forEachRemaining(Iterator.java:116)
	at java.util.Spliterators$IteratorSpliterator.forEachRemaining(Spliterators.java:1801)
	at java.util.stream.AbstractPipeline.copyInto(AbstractPipeline.java:482)
	at java.util.stream.AbstractPipeline.wrapAndCopyInto(AbstractPipeline.java:472)
	at java.util.stream.ForEachOps$ForEachOp.evaluateSequential(ForEachOps.java:150)
	at java.util.stream.ForEachOps$ForEachOp$OfRef.evaluateSequential(ForEachOps.java:173)
	at java.util.stream.AbstractPipeline.evaluate(AbstractPipeline.java:234)
	at java.util.stream.ReferencePipeline.forEach(ReferencePipeline.java:485)
	at org.junit.vintage.engine.VintageTestEngine.executeAllChildren(VintageTestEngine.java:82)
	at org.junit.vintage.engine.VintageTestEngine.execute(VintageTestEngine.java:73)
	at org.junit.platform.launcher.core.DefaultLauncher.execute(DefaultLauncher.java:248)
	at org.junit.platform.launcher.core.DefaultLauncher.lambda$execute$5(DefaultLauncher.java:211)
	at org.junit.platform.launcher.core.DefaultLauncher.withInterceptedStreams(DefaultLauncher.java:226)
	at org.junit.platform.launcher.core.DefaultLauncher.execute(DefaultLauncher.java:199)
	at org.junit.platform.launcher.core.DefaultLauncher.execute(DefaultLauncher.java:132)
	at org.apache.maven.surefire.junitplatform.JUnitPlatformProvider.invokeAllTests(JUnitPlatformProvider.java:154)
	at org.apache.maven.surefire.junitplatform.JUnitPlatformProvider.invoke(JUnitPlatformProvider.java:123)
	at org.apache.maven.surefire.booter.ForkedBooter.runSuitesInProcess(ForkedBooter.java:377)
	at org.apache.maven.surefire.booter.ForkedBooter.execute(ForkedBooter.java:138)
	at org.apache.maven.surefire.booter.ForkedBooter.run(ForkedBooter.java:465)
	at org.apache.maven.surefire.booter.ForkedBooter.main(ForkedBooter.java:451)
]]></failure>
    <system-err><![CDATA[2024-05-01T00:31:50,511 ERROR [main] cli.TestHiveCli: Failed to execute command due to the error: java.lang.NullPointerException: Null output stream
2024-05-01T00:31:50,564  WARN [main] conf.HiveConf: HiveConf of name hive.dummyparam.test.server.specific.config.override does not exist
2024-05-01T00:31:50,564  WARN [main] conf.HiveConf: HiveConf of name hive.dummyparam.test.server.specific.config.hiveserver2site does not exist
2024-05-01T00:31:50,564  WARN [main] conf.HiveConf: HiveConf of name hive.dummyparam.test.server.specific.config.metastoresite does not exist
2024-05-01T00:31:50,565  INFO [main] SessionState: Hive Session ID = cdfc1df5-c4c7-455a-9d2d-1fe7ea38df84
2024-05-01T00:31:50,565  INFO [main] DependencyResolver: ivysettings.xml file not found in HIVE_HOME or HIVE_CONF_DIR,/home/alex/Repositories/hive/conf/ivysettings.xml will be used
2024-05-01T00:31:50,573  INFO [main] session.SessionState: Created HDFS directory: /tmp/hive/alex/cdfc1df5-c4c7-455a-9d2d-1fe7ea38df84
2024-05-01T00:31:50,576  INFO [main] session.SessionState: Created local directory: /home/alex/Repositories/hive/beeline/target/tmp/alex/cdfc1df5-c4c7-455a-9d2d-1fe7ea38df84
2024-05-01T00:31:50,580  INFO [main] session.SessionState: Created HDFS directory: /tmp/hive/alex/cdfc1df5-c4c7-455a-9d2d-1fe7ea38df84/_tmp_space.db
2024-05-01T00:31:50,580  INFO [main] sqlstd.SQLStdHiveAccessController: Created SQLStdHiveAccessController for session context : HiveAuthzSessionContext [sessionString=cdfc1df5-c4c7-455a-9d2d-1fe7ea38df84, clientType=HIVESERVER2]
2024-05-01T00:31:50,581  INFO [main] metastore.HiveMetaStoreClient: HMS client filtering is enabled.
2024-05-01T00:31:50,582  INFO [main] metastore.HMSHandler: 0: Opening raw store with implementation class:org.apache.hadoop.hive.metastore.ObjectStore
2024-05-01T00:31:50,582  INFO [main] metastore.PersistenceManagerProvider: Configuration datanucleus.autoStartMechanismMode is not set. Defaulting to 'ignored'
2024-05-01T00:31:50,583  INFO [main] metastore.ObjectStore: RawStore: org.apache.hadoop.hive.metastore.ObjectStore@2676d96a, with PersistenceManager: null will be shutdown
2024-05-01T00:31:50,583  INFO [main] metastore.ObjectStore: RawStore: org.apache.hadoop.hive.metastore.ObjectStore@2676d96a, with PersistenceManager: org.datanucleus.api.jdo.JDOPersistenceManager@12266084 created in the thread with id: 1
2024-05-01T00:31:50,586  INFO [main] metastore.HMSHandler: Created RawStore: org.apache.hadoop.hive.metastore.ObjectStore@2676d96a from thread id: 1
2024-05-01T00:31:50,586  INFO [main] metastore.HMSHandler: HMS server filtering is disabled by configuration
2024-05-01T00:31:50,586  INFO [main] metastore.RetryingMetaStoreClient: RetryingMetaStoreClient proxy=class org.apache.hadoop.hive.ql.metadata.SessionHiveMetaStoreClient ugi=alex (auth:SIMPLE) retries=1 delay=1 lifetime=0
2024-05-01T00:31:50,587  INFO [main] service.CompositeService: Operation log root directory is created: /home/alex/Repositories/hive/beeline/target/tmp/alex/operation_logs
2024-05-01T00:31:50,587  INFO [main] service.CompositeService: HiveServer2: Background operation thread pool size: 100
2024-05-01T00:31:50,587  INFO [main] service.CompositeService: HiveServer2: Background operation thread wait queue size: 100
2024-05-01T00:31:50,587  INFO [main] service.CompositeService: HiveServer2: Background operation thread keepalive time: 10 seconds
2024-05-01T00:31:50,587  INFO [main] service.CompositeService: Connections limit are user: 0 ipaddress: 0 user-ipaddress: 0
2024-05-01T00:31:50,589  INFO [main] cleanup.EventualCleanupService: EventualCleanupService started with 10 threads and queue of size 10000
ERROR StatusLogger Log4j2 ConfigurationScheduler attempted to increment scheduled items after start
ERROR StatusLogger Log4j2 ConfigurationScheduler attempted to increment scheduled items after start
2024-05-01T00:31:50,590  INFO [main] service.AbstractService: Service:OperationManager is inited.
2024-05-01T00:31:50,590  INFO [main] service.AbstractService: Service:SessionManager is inited.
2024-05-01T00:31:50,590  INFO [main] service.AbstractService: Service:CLIService is inited.
2024-05-01T00:31:50,590  INFO [main] service.AbstractService: Service:OperationManager is started.
2024-05-01T00:31:50,590  INFO [main] service.AbstractService: Service:SessionManager is started.
2024-05-01T00:31:50,591  INFO [main] service.AbstractService: Service:CLIService is started.
2024-05-01T00:31:50,591  INFO [main] service.AbstractService: Service:ThriftBinaryCLIService is inited.
2024-05-01T00:31:50,591  INFO [main] thrift.ThriftCLIService: Client protocol version: HIVE_CLI_SERVICE_PROTOCOL_V10
2024-05-01T00:31:50,591  INFO [main] thrift.ThriftCLIService: Creating Hive session handle for user [null] from IP null
2024-05-01T00:31:50,593  INFO [main] DependencyResolver: ivysettings.xml file not found in HIVE_HOME or HIVE_CONF_DIR,/home/alex/Repositories/hive/conf/ivysettings.xml will be used
2024-05-01T00:31:50,601  INFO [main] session.SessionState: Created HDFS directory: /tmp/hive/alex/a90d6a49-b334-4439-81e1-0cc55cff1f28
2024-05-01T00:31:50,604  INFO [main] session.SessionState: Created local directory: /home/alex/Repositories/hive/beeline/target/tmp/alex/a90d6a49-b334-4439-81e1-0cc55cff1f28
2024-05-01T00:31:50,608  INFO [main] session.SessionState: Created HDFS directory: /tmp/hive/alex/a90d6a49-b334-4439-81e1-0cc55cff1f28/_tmp_space.db
2024-05-01T00:31:50,608  INFO [main] session.SessionState: Reloading auxiliary JAR files
2024-05-01T00:31:50,608  WARN [main] session.SessionState: Configuration hive.reloadable.aux.jars.path not specified
2024-05-01T00:31:50,608  INFO [main] HiveMetaStore.audit: ugi=alex	ip=unknown-ip-addr	cmd=Cleaning up thread local RawStore...	
2024-05-01T00:31:50,608  INFO [main] metastore.ObjectStore: RawStore: org.apache.hadoop.hive.metastore.ObjectStore@2676d96a, with PersistenceManager: org.datanucleus.api.jdo.JDOPersistenceManager@12266084 will be shutdown
2024-05-01T00:31:50,608  INFO [main] HiveMetaStore.audit: ugi=alex	ip=unknown-ip-addr	cmd=Done cleaning up thread local RawStore	
2024-05-01T00:31:50,608  INFO [main] metastore.HiveMetaStoreClient: Closed a connection to metastore, current connections: -22
2024-05-01T00:31:50,609  INFO [main] session.HiveSessionImpl: Operation log session directory is created: /home/alex/Repositories/hive/beeline/target/tmp/alex/operation_logs/a90d6a49-b334-4439-81e1-0cc55cff1f28
2024-05-01T00:31:50,609  INFO [main] service.CompositeService: Session opened, SessionHandle [a90d6a49-b334-4439-81e1-0cc55cff1f28], current sessions:1
2024-05-01T00:31:50,609  INFO [main] thrift.ThriftCLIService: Login attempt is successful for user : null
2024-05-01T00:31:50,693  WARN [main] conf.HiveConf: HiveConf of name hive.dummyparam.test.server.specific.config.override does not exist
2024-05-01T00:31:50,693  WARN [main] conf.HiveConf: HiveConf of name hive.dummyparam.test.server.specific.config.hiveserver2site does not exist
2024-05-01T00:31:50,693  WARN [main] conf.HiveConf: HiveConf of name hive.dummyparam.test.server.specific.config.metastoresite does not exist
2024-05-01T00:31:50,694  INFO [a90d6a49-b334-4439-81e1-0cc55cff1f28 main] session.HiveSessionImpl: executing set
2024-05-01T00:31:50,694  INFO [a90d6a49-b334-4439-81e1-0cc55cff1f28 main] operation.HiveCommandOperation: Putting temp output to file /home/alex/Repositories/hive/beeline/target/tmp/alex/a90d6a49-b334-4439-81e1-0cc55cff1f286300273037223287414.pipeout and error output to file /home/alex/Repositories/hive/beeline/target/tmp/alex/a90d6a49-b334-4439-81e1-0cc55cff1f283425983804948094177.pipeout
2024-05-01T00:31:50,695  INFO [a90d6a49-b334-4439-81e1-0cc55cff1f28 main] operation.OperationManager: Adding operation: OperationHandle [opType=EXECUTE_STATEMENT, getHandleIdentifier()=3a35b527-0771-47f5-a6d2-5c9ffa25d360] SessionHandle [a90d6a49-b334-4439-81e1-0cc55cff1f28]
2024-05-01T00:31:50,695  INFO [a90d6a49-b334-4439-81e1-0cc55cff1f28 main] common.LogUtils: Thread context registration is done.
DEBUG StatusLogger Building Plugin[name=filter, class=org.apache.hadoop.hive.ql.log.LogDivertAppender$NameFilter].
DEBUG StatusLogger createFilter(loggingLevel="EXECUTION")
DEBUG StatusLogger Building Plugin[name=layout, class=org.apache.logging.log4j.core.layout.PatternLayout].
DEBUG StatusLogger PatternLayout$Builder(pattern="%-5p : %m%n", PatternSelector=null, Configuration(HiveLog4j2Test), Replace=null, charset="null", alwaysWriteExceptions="null", disableAnsi="null", noConsoleNoAnsi="null", header="null", footer="null")
DEBUG StatusLogger Building Plugin[name=appender, class=org.apache.hadoop.hive.ql.log.HushableRandomAccessFileAppender].
DEBUG StatusLogger createAppender(fileName="/home/alex/Repositories/hive/beeline/target/tmp/alex/operation_logs/a90d6a49-b334-4439-81e1-0cc55cff1f28/alex_20240501003150_c2f9c052-63ca-4891-9f44-a1395dd8604f", append="null", name="query-file-appender", immediateFlush="null", bufferSize="null", ignoreExceptions="null", PatternLayout(org.apache.logging.log4j.core.layout.PatternLayout with name PatternLayout), NameFilter(org.apache.hadoop.hive.ql.log.LogDivertAppender$NameFilter with name NameFilter), advertise="null", advertiseURI="null", Configuration(HiveLog4j2Test))
DEBUG StatusLogger Starting RandomAccessFileManager /home/alex/Repositories/hive/beeline/target/tmp/alex/operation_logs/a90d6a49-b334-4439-81e1-0cc55cff1f28/alex_20240501003150_c2f9c052-63ca-4891-9f44-a1395dd8604f
DEBUG StatusLogger Building Plugin[name=, class=org.apache.hadoop.hive.ql.log.LogDivertAppenderForTest$TestFilter].
DEBUG StatusLogger createFilter()
DEBUG StatusLogger Building Plugin[name=, class=org.apache.logging.log4j.core.layout.PatternLayout].
DEBUG StatusLogger PatternLayout$Builder(pattern="%-5p : %m%n", PatternSelector=null, Configuration(HiveLog4j2Test), Replace=null, charset="null", alwaysWriteExceptions="null", disableAnsi="null", noConsoleNoAnsi="null", header="null", footer="null")
DEBUG StatusLogger Building Plugin[name=appender, class=org.apache.hadoop.hive.ql.log.HushableRandomAccessFileAppender].
DEBUG StatusLogger createAppender(fileName="/home/alex/Repositories/hive/beeline/target/tmp/alex/operation_logs/a90d6a49-b334-4439-81e1-0cc55cff1f28/alex_20240501003150_c2f9c052-63ca-4891-9f44-a1395dd8604f.test", append="null", name="test-query-file-appender", immediateFlush="null", bufferSize="null", ignoreExceptions="null", PatternLayout(org.apache.logging.log4j.core.layout.PatternLayout with name PatternLayout), test-filter(org.apache.hadoop.hive.ql.log.LogDivertAppenderForTest$TestFilter with name test-filter), advertise="null", advertiseURI="null", Configuration(HiveLog4j2Test))
DEBUG StatusLogger Starting RandomAccessFileManager /home/alex/Repositories/hive/beeline/target/tmp/alex/operation_logs/a90d6a49-b334-4439-81e1-0cc55cff1f28/alex_20240501003150_c2f9c052-63ca-4891-9f44-a1395dd8604f.test
2024-05-01T00:31:50,699  INFO [a90d6a49-b334-4439-81e1-0cc55cff1f28 main] operation.HiveCommandOperation: [opType=EXECUTE_STATEMENT, queryId=alex_20240501003150_c2f9c052-63ca-4891-9f44-a1395dd8604f, startTime=1714548710694, sessionId=a90d6a49-b334-4439-81e1-0cc55cff1f28, createTime=1714548710591, userName=null, ipAddress=null]
2024-05-01T00:31:50,710  INFO [a90d6a49-b334-4439-81e1-0cc55cff1f28 main] common.LogUtils: Unregistered logging context.
2024-05-01T00:31:50,713  INFO [a90d6a49-b334-4439-81e1-0cc55cff1f28 main] operation.OperationManager: Closing operation: OperationHandle [opType=EXECUTE_STATEMENT, getHandleIdentifier()=3a35b527-0771-47f5-a6d2-5c9ffa25d360]
2024-05-01T00:31:50,713  INFO [a90d6a49-b334-4439-81e1-0cc55cff1f28 main] operation.OperationManager: Removed queryId: alex_20240501003150_c2f9c052-63ca-4891-9f44-a1395dd8604f corresponding to operation: OperationHandle [opType=EXECUTE_STATEMENT, getHandleIdentifier()=3a35b527-0771-47f5-a6d2-5c9ffa25d360] with tag: null
2024-05-01T00:31:50,714  INFO [a90d6a49-b334-4439-81e1-0cc55cff1f28 main] operation.HiveCommandOperation: Closing operation log /home/alex/Repositories/hive/beeline/target/tmp/alex/operation_logs/a90d6a49-b334-4439-81e1-0cc55cff1f28/alex_20240501003150_c2f9c052-63ca-4891-9f44-a1395dd8604f without delay
2024-05-01T00:31:50,716  INFO [a90d6a49-b334-4439-81e1-0cc55cff1f28 main] session.HiveSessionImpl: executing use test
2024-05-01T00:31:50,717  INFO [a90d6a49-b334-4439-81e1-0cc55cff1f28 main] operation.OperationManager: Adding operation: OperationHandle [opType=EXECUTE_STATEMENT, getHandleIdentifier()=d43de981-71cf-429a-9c05-09ab1d689e42] SessionHandle [a90d6a49-b334-4439-81e1-0cc55cff1f28]
2024-05-01T00:31:50,717  INFO [a90d6a49-b334-4439-81e1-0cc55cff1f28 main] common.LogUtils: Thread context registration is done.
DEBUG StatusLogger Building Plugin[name=filter, class=org.apache.hadoop.hive.ql.log.LogDivertAppender$NameFilter].
DEBUG StatusLogger createFilter(loggingLevel="EXECUTION")
DEBUG StatusLogger Building Plugin[name=layout, class=org.apache.logging.log4j.core.layout.PatternLayout].
DEBUG StatusLogger PatternLayout$Builder(pattern="%-5p : %m%n", PatternSelector=null, Configuration(HiveLog4j2Test), Replace=null, charset="null", alwaysWriteExceptions="null", disableAnsi="null", noConsoleNoAnsi="null", header="null", footer="null")
DEBUG StatusLogger Building Plugin[name=appender, class=org.apache.hadoop.hive.ql.log.HushableRandomAccessFileAppender].
DEBUG StatusLogger createAppender(fileName="/home/alex/Repositories/hive/beeline/target/tmp/alex/operation_logs/a90d6a49-b334-4439-81e1-0cc55cff1f28/alex_20240501003150_35fb9c8c-51c3-415f-a752-2927667f1ec5", append="null", name="query-file-appender", immediateFlush="null", bufferSize="null", ignoreExceptions="null", PatternLayout(org.apache.logging.log4j.core.layout.PatternLayout with name PatternLayout), NameFilter(org.apache.hadoop.hive.ql.log.LogDivertAppender$NameFilter with name NameFilter), advertise="null", advertiseURI="null", Configuration(HiveLog4j2Test))
DEBUG StatusLogger Starting RandomAccessFileManager /home/alex/Repositories/hive/beeline/target/tmp/alex/operation_logs/a90d6a49-b334-4439-81e1-0cc55cff1f28/alex_20240501003150_35fb9c8c-51c3-415f-a752-2927667f1ec5
DEBUG StatusLogger Building Plugin[name=, class=org.apache.hadoop.hive.ql.log.LogDivertAppenderForTest$TestFilter].
DEBUG StatusLogger createFilter()
DEBUG StatusLogger Building Plugin[name=, class=org.apache.logging.log4j.core.layout.PatternLayout].
DEBUG StatusLogger PatternLayout$Builder(pattern="%-5p : %m%n", PatternSelector=null, Configuration(HiveLog4j2Test), Replace=null, charset="null", alwaysWriteExceptions="null", disableAnsi="null", noConsoleNoAnsi="null", header="null", footer="null")
DEBUG StatusLogger Building Plugin[name=appender, class=org.apache.hadoop.hive.ql.log.HushableRandomAccessFileAppender].
DEBUG StatusLogger createAppender(fileName="/home/alex/Repositories/hive/beeline/target/tmp/alex/operation_logs/a90d6a49-b334-4439-81e1-0cc55cff1f28/alex_20240501003150_35fb9c8c-51c3-415f-a752-2927667f1ec5.test", append="null", name="test-query-file-appender", immediateFlush="null", bufferSize="null", ignoreExceptions="null", PatternLayout(org.apache.logging.log4j.core.layout.PatternLayout with name PatternLayout), test-filter(org.apache.hadoop.hive.ql.log.LogDivertAppenderForTest$TestFilter with name test-filter), advertise="null", advertiseURI="null", Configuration(HiveLog4j2Test))
DEBUG StatusLogger Starting RandomAccessFileManager /home/alex/Repositories/hive/beeline/target/tmp/alex/operation_logs/a90d6a49-b334-4439-81e1-0cc55cff1f28/alex_20240501003150_35fb9c8c-51c3-415f-a752-2927667f1ec5.test
2024-05-01T00:31:50,721  INFO [a90d6a49-b334-4439-81e1-0cc55cff1f28 main] operation.SQLOperation: [opType=EXECUTE_STATEMENT, queryId=alex_20240501003150_35fb9c8c-51c3-415f-a752-2927667f1ec5, startTime=1714548710716, sessionId=a90d6a49-b334-4439-81e1-0cc55cff1f28, createTime=1714548710591, userName=null, ipAddress=null]
2024-05-01T00:31:50,722  INFO [a90d6a49-b334-4439-81e1-0cc55cff1f28 main] ql.Driver: Compiling command(queryId=alex_20240501003150_35fb9c8c-51c3-415f-a752-2927667f1ec5): use test
2024-05-01T00:31:50,723  INFO [a90d6a49-b334-4439-81e1-0cc55cff1f28 main] metastore.HiveMetaStoreClient: HMS client filtering is enabled.
2024-05-01T00:31:50,724  INFO [a90d6a49-b334-4439-81e1-0cc55cff1f28 main] metastore.HMSHandler: 0: Opening raw store with implementation class:org.apache.hadoop.hive.metastore.ObjectStore
2024-05-01T00:31:50,724  INFO [a90d6a49-b334-4439-81e1-0cc55cff1f28 main] metastore.PersistenceManagerProvider: Configuration datanucleus.autoStartMechanismMode is not set. Defaulting to 'ignored'
2024-05-01T00:31:50,725  INFO [a90d6a49-b334-4439-81e1-0cc55cff1f28 main] metastore.ObjectStore: RawStore: org.apache.hadoop.hive.metastore.ObjectStore@2ac05a33, with PersistenceManager: null will be shutdown
2024-05-01T00:31:50,725  INFO [a90d6a49-b334-4439-81e1-0cc55cff1f28 main] metastore.ObjectStore: RawStore: org.apache.hadoop.hive.metastore.ObjectStore@2ac05a33, with PersistenceManager: org.datanucleus.api.jdo.JDOPersistenceManager@35af52dc created in the thread with id: 1
2024-05-01T00:31:50,728  INFO [a90d6a49-b334-4439-81e1-0cc55cff1f28 main] metastore.HMSHandler: Created RawStore: org.apache.hadoop.hive.metastore.ObjectStore@2ac05a33 from thread id: 1
2024-05-01T00:31:50,728  INFO [a90d6a49-b334-4439-81e1-0cc55cff1f28 main] metastore.HMSHandler: HMS server filtering is disabled by configuration
2024-05-01T00:31:50,728  INFO [a90d6a49-b334-4439-81e1-0cc55cff1f28 main] metastore.RetryingMetaStoreClient: RetryingMetaStoreClient proxy=class org.apache.hadoop.hive.ql.metadata.SessionHiveMetaStoreClient ugi=alex (auth:SIMPLE) retries=1 delay=1 lifetime=0
2024-05-01T00:31:50,729  INFO [a90d6a49-b334-4439-81e1-0cc55cff1f28 main] HiveMetaStore.audit: ugi=alex	ip=unknown-ip-addr	cmd=get_database: test	
2024-05-01T00:31:50,730  INFO [a90d6a49-b334-4439-81e1-0cc55cff1f28 main] ql.Driver: Semantic Analysis Completed (retrial = false)
2024-05-01T00:31:50,730  INFO [a90d6a49-b334-4439-81e1-0cc55cff1f28 main] ql.Driver: Created Hive schema: Schema(fieldSchemas:null, properties:null)
2024-05-01T00:31:50,730  INFO [a90d6a49-b334-4439-81e1-0cc55cff1f28 main] metadata.Hive: Dumping metastore api call timing information for : compilation phase
2024-05-01T00:31:50,730  INFO [a90d6a49-b334-4439-81e1-0cc55cff1f28 main] metadata.Hive: Total time spent in each metastore function (ms): {isCompatibleWith_(Configuration)=0, getDatabase_(String)=2, flushCache_()=0}
2024-05-01T00:31:50,730  INFO [a90d6a49-b334-4439-81e1-0cc55cff1f28 main] ql.Driver: Completed compiling command(queryId=alex_20240501003150_35fb9c8c-51c3-415f-a752-2927667f1ec5); Time taken: 0.008 seconds
2024-05-01T00:31:50,730  INFO [a90d6a49-b334-4439-81e1-0cc55cff1f28 main] common.LogUtils: Unregistered logging context.
2024-05-01T00:31:50,731  INFO [HiveServer2-Background-Pool: Thread-383] common.LogUtils: Thread context registration is done.
2024-05-01T00:31:50,731  INFO [HiveServer2-Background-Pool: Thread-383] reexec.ReExecDriver: Execution #1 of query
2024-05-01T00:31:50,731  INFO [HiveServer2-Background-Pool: Thread-383] ql.Driver: Concurrency mode is disabled, not creating a lock manager
2024-05-01T00:31:50,731  INFO [HiveServer2-Background-Pool: Thread-383] ql.Driver: Executing command(queryId=alex_20240501003150_35fb9c8c-51c3-415f-a752-2927667f1ec5): use test
2024-05-01T00:31:50,732  INFO [HiveServer2-Background-Pool: Thread-383] ql.Driver: Starting task [Stage-0:DDL] in serial mode
2024-05-01T00:31:50,732  INFO [HiveServer2-Background-Pool: Thread-383] HiveMetaStore.audit: ugi=alex	ip=unknown-ip-addr	cmd=get_database: test	
2024-05-01T00:31:50,733  INFO [HiveServer2-Background-Pool: Thread-383] metastore.HMSHandler: 20: Opening raw store with implementation class:org.apache.hadoop.hive.metastore.ObjectStore
2024-05-01T00:31:50,734  INFO [HiveServer2-Background-Pool: Thread-383] metastore.ObjectStore: RawStore: org.apache.hadoop.hive.metastore.ObjectStore@631f2994, with PersistenceManager: null will be shutdown
2024-05-01T00:31:50,734  INFO [HiveServer2-Background-Pool: Thread-383] metastore.ObjectStore: RawStore: org.apache.hadoop.hive.metastore.ObjectStore@631f2994, with PersistenceManager: org.datanucleus.api.jdo.JDOPersistenceManager@261dab93 created in the thread with id: 383
2024-05-01T00:31:50,737  INFO [HiveServer2-Background-Pool: Thread-383] metastore.HMSHandler: Created RawStore: org.apache.hadoop.hive.metastore.ObjectStore@631f2994 from thread id: 383
2024-05-01T00:31:50,739  INFO [HiveServer2-Background-Pool: Thread-383] HiveMetaStore.audit: ugi=alex	ip=unknown-ip-addr	cmd=get_database: test	
2024-05-01T00:31:50,740  INFO [HiveServer2-Background-Pool: Thread-383] metadata.Hive: Dumping metastore api call timing information for : execution phase
2024-05-01T00:31:50,740  INFO [HiveServer2-Background-Pool: Thread-383] metadata.Hive: Total time spent in each metastore function (ms): {isCompatibleWith_(Configuration)=0, getDatabase_(String)=8}
2024-05-01T00:31:50,740  INFO [HiveServer2-Background-Pool: Thread-383] ql.Driver: Completed executing command(queryId=alex_20240501003150_35fb9c8c-51c3-415f-a752-2927667f1ec5); Time taken: 0.009 seconds
2024-05-01T00:31:50,740  INFO [HiveServer2-Background-Pool: Thread-383] common.LogUtils: Unregistered logging context.
2024-05-01T00:31:50,745  INFO [a90d6a49-b334-4439-81e1-0cc55cff1f28 main] operation.OperationManager: Closing operation: OperationHandle [opType=EXECUTE_STATEMENT, getHandleIdentifier()=d43de981-71cf-429a-9c05-09ab1d689e42]
2024-05-01T00:31:50,745  INFO [a90d6a49-b334-4439-81e1-0cc55cff1f28 main] operation.OperationManager: Removed queryId: alex_20240501003150_35fb9c8c-51c3-415f-a752-2927667f1ec5 corresponding to operation: OperationHandle [opType=EXECUTE_STATEMENT, getHandleIdentifier()=d43de981-71cf-429a-9c05-09ab1d689e42] with tag: null
2024-05-01T00:31:50,746  INFO [a90d6a49-b334-4439-81e1-0cc55cff1f28 main] operation.SQLOperation: Closing operation log /home/alex/Repositories/hive/beeline/target/tmp/alex/operation_logs/a90d6a49-b334-4439-81e1-0cc55cff1f28/alex_20240501003150_35fb9c8c-51c3-415f-a752-2927667f1ec5 without delay
2024-05-01T00:31:50,755  INFO [a90d6a49-b334-4439-81e1-0cc55cff1f28 main] session.HiveSessionImpl: executing show tables
2024-05-01T00:31:50,756  INFO [a90d6a49-b334-4439-81e1-0cc55cff1f28 main] operation.OperationManager: Adding operation: OperationHandle [opType=EXECUTE_STATEMENT, getHandleIdentifier()=215e1414-657a-4352-93c1-2eaac894de62] SessionHandle [a90d6a49-b334-4439-81e1-0cc55cff1f28]
2024-05-01T00:31:50,756  INFO [a90d6a49-b334-4439-81e1-0cc55cff1f28 main] common.LogUtils: Thread context registration is done.
DEBUG StatusLogger Building Plugin[name=filter, class=org.apache.hadoop.hive.ql.log.LogDivertAppender$NameFilter].
DEBUG StatusLogger createFilter(loggingLevel="EXECUTION")
DEBUG StatusLogger Building Plugin[name=layout, class=org.apache.logging.log4j.core.layout.PatternLayout].
DEBUG StatusLogger PatternLayout$Builder(pattern="%-5p : %m%n", PatternSelector=null, Configuration(HiveLog4j2Test), Replace=null, charset="null", alwaysWriteExceptions="null", disableAnsi="null", noConsoleNoAnsi="null", header="null", footer="null")
DEBUG StatusLogger Building Plugin[name=appender, class=org.apache.hadoop.hive.ql.log.HushableRandomAccessFileAppender].
DEBUG StatusLogger createAppender(fileName="/home/alex/Repositories/hive/beeline/target/tmp/alex/operation_logs/a90d6a49-b334-4439-81e1-0cc55cff1f28/alex_20240501003150_42989c7a-951a-4240-a351-b980775c2ae7", append="null", name="query-file-appender", immediateFlush="null", bufferSize="null", ignoreExceptions="null", PatternLayout(org.apache.logging.log4j.core.layout.PatternLayout with name PatternLayout), NameFilter(org.apache.hadoop.hive.ql.log.LogDivertAppender$NameFilter with name NameFilter), advertise="null", advertiseURI="null", Configuration(HiveLog4j2Test))
DEBUG StatusLogger Starting RandomAccessFileManager /home/alex/Repositories/hive/beeline/target/tmp/alex/operation_logs/a90d6a49-b334-4439-81e1-0cc55cff1f28/alex_20240501003150_42989c7a-951a-4240-a351-b980775c2ae7
DEBUG StatusLogger Building Plugin[name=, class=org.apache.hadoop.hive.ql.log.LogDivertAppenderForTest$TestFilter].
DEBUG StatusLogger createFilter()
DEBUG StatusLogger Building Plugin[name=, class=org.apache.logging.log4j.core.layout.PatternLayout].
DEBUG StatusLogger PatternLayout$Builder(pattern="%-5p : %m%n", PatternSelector=null, Configuration(HiveLog4j2Test), Replace=null, charset="null", alwaysWriteExceptions="null", disableAnsi="null", noConsoleNoAnsi="null", header="null", footer="null")
DEBUG StatusLogger Building Plugin[name=appender, class=org.apache.hadoop.hive.ql.log.HushableRandomAccessFileAppender].
DEBUG StatusLogger createAppender(fileName="/home/alex/Repositories/hive/beeline/target/tmp/alex/operation_logs/a90d6a49-b334-4439-81e1-0cc55cff1f28/alex_20240501003150_42989c7a-951a-4240-a351-b980775c2ae7.test", append="null", name="test-query-file-appender", immediateFlush="null", bufferSize="null", ignoreExceptions="null", PatternLayout(org.apache.logging.log4j.core.layout.PatternLayout with name PatternLayout), test-filter(org.apache.hadoop.hive.ql.log.LogDivertAppenderForTest$TestFilter with name test-filter), advertise="null", advertiseURI="null", Configuration(HiveLog4j2Test))
DEBUG StatusLogger Starting RandomAccessFileManager /home/alex/Repositories/hive/beeline/target/tmp/alex/operation_logs/a90d6a49-b334-4439-81e1-0cc55cff1f28/alex_20240501003150_42989c7a-951a-4240-a351-b980775c2ae7.test
2024-05-01T00:31:50,760  INFO [a90d6a49-b334-4439-81e1-0cc55cff1f28 main] operation.SQLOperation: [opType=EXECUTE_STATEMENT, queryId=alex_20240501003150_42989c7a-951a-4240-a351-b980775c2ae7, startTime=1714548710755, sessionId=a90d6a49-b334-4439-81e1-0cc55cff1f28, createTime=1714548710591, userName=null, ipAddress=null]
2024-05-01T00:31:50,761  INFO [a90d6a49-b334-4439-81e1-0cc55cff1f28 main] ql.Driver: Compiling command(queryId=alex_20240501003150_42989c7a-951a-4240-a351-b980775c2ae7): show tables
2024-05-01T00:31:50,766  INFO [a90d6a49-b334-4439-81e1-0cc55cff1f28 main] HiveMetaStore.audit: ugi=alex	ip=unknown-ip-addr	cmd=get_database: test	
2024-05-01T00:31:50,767  INFO [a90d6a49-b334-4439-81e1-0cc55cff1f28 main] ql.Driver: Semantic Analysis Completed (retrial = false)
2024-05-01T00:31:50,767  INFO [a90d6a49-b334-4439-81e1-0cc55cff1f28 main] ql.Driver: Created Hive schema: Schema(fieldSchemas:[FieldSchema(name:tab_name, type:string, comment:from deserializer)], properties:null)
2024-05-01T00:31:50,768  INFO [a90d6a49-b334-4439-81e1-0cc55cff1f28 main] exec.ListSinkOperator: Initializing Operator: LIST_SINK[0]
2024-05-01T00:31:50,768  INFO [a90d6a49-b334-4439-81e1-0cc55cff1f28 main] metadata.Hive: Dumping metastore api call timing information for : compilation phase
2024-05-01T00:31:50,768  INFO [a90d6a49-b334-4439-81e1-0cc55cff1f28 main] metadata.Hive: Total time spent in each metastore function (ms): {isCompatibleWith_(Configuration)=0, getDatabase_(String)=2, flushCache_()=0}
2024-05-01T00:31:50,768  INFO [a90d6a49-b334-4439-81e1-0cc55cff1f28 main] ql.Driver: Completed compiling command(queryId=alex_20240501003150_42989c7a-951a-4240-a351-b980775c2ae7); Time taken: 0.007 seconds
2024-05-01T00:31:50,769  INFO [a90d6a49-b334-4439-81e1-0cc55cff1f28 main] common.LogUtils: Unregistered logging context.
2024-05-01T00:31:50,769  INFO [HiveServer2-Background-Pool: Thread-387] common.LogUtils: Thread context registration is done.
2024-05-01T00:31:50,770  INFO [HiveServer2-Background-Pool: Thread-387] reexec.ReExecDriver: Execution #1 of query
2024-05-01T00:31:50,771  INFO [HiveServer2-Background-Pool: Thread-387] ql.Driver: Concurrency mode is disabled, not creating a lock manager
2024-05-01T00:31:50,771  INFO [HiveServer2-Background-Pool: Thread-387] ql.Driver: Executing command(queryId=alex_20240501003150_42989c7a-951a-4240-a351-b980775c2ae7): show tables
2024-05-01T00:31:50,772  INFO [HiveServer2-Background-Pool: Thread-387] ql.Driver: Starting task [Stage-0:DDL] in serial mode
2024-05-01T00:31:50,772  INFO [HiveServer2-Background-Pool: Thread-387] HiveMetaStore.audit: ugi=alex	ip=unknown-ip-addr	cmd=get_database: test	
2024-05-01T00:31:50,773  INFO [HiveServer2-Background-Pool: Thread-387] metastore.HMSHandler: 21: Opening raw store with implementation class:org.apache.hadoop.hive.metastore.ObjectStore
2024-05-01T00:31:50,773  INFO [HiveServer2-Background-Pool: Thread-387] metastore.ObjectStore: RawStore: org.apache.hadoop.hive.metastore.ObjectStore@687604b7, with PersistenceManager: null will be shutdown
2024-05-01T00:31:50,774  INFO [HiveServer2-Background-Pool: Thread-387] metastore.ObjectStore: RawStore: org.apache.hadoop.hive.metastore.ObjectStore@687604b7, with PersistenceManager: org.datanucleus.api.jdo.JDOPersistenceManager@2d7497dd created in the thread with id: 387
2024-05-01T00:31:50,777  INFO [HiveServer2-Background-Pool: Thread-387] metastore.HMSHandler: Created RawStore: org.apache.hadoop.hive.metastore.ObjectStore@687604b7 from thread id: 387
2024-05-01T00:31:50,778  INFO [HiveServer2-Background-Pool: Thread-387] HiveMetaStore.audit: ugi=alex	ip=unknown-ip-addr	cmd=get_multi_table : db=test tbls=null	
2024-05-01T00:31:50,786  INFO [HiveServer2-Background-Pool: Thread-387] sqlstd.SQLStdHiveAccessController: Created SQLStdHiveAccessController for session context : HiveAuthzSessionContext [sessionString=a90d6a49-b334-4439-81e1-0cc55cff1f28, clientType=HIVESERVER2]
2024-05-01T00:31:50,794  INFO [HiveServer2-Background-Pool: Thread-387] metadata.Hive: Dumping metastore api call timing information for : execution phase
2024-05-01T00:31:50,794  INFO [HiveServer2-Background-Pool: Thread-387] metadata.Hive: Total time spent in each metastore function (ms): {isCompatibleWith_(Configuration)=0, getDatabase_(String)=6, getTables_(String, String)=8}
2024-05-01T00:31:50,794  INFO [HiveServer2-Background-Pool: Thread-387] ql.Driver: Completed executing command(queryId=alex_20240501003150_42989c7a-951a-4240-a351-b980775c2ae7); Time taken: 0.023 seconds
2024-05-01T00:31:50,795  INFO [HiveServer2-Background-Pool: Thread-387] common.LogUtils: Unregistered logging context.
2024-05-01T00:31:50,797  INFO [a90d6a49-b334-4439-81e1-0cc55cff1f28 main] operation.OperationManager: Closing operation: OperationHandle [opType=EXECUTE_STATEMENT, getHandleIdentifier()=215e1414-657a-4352-93c1-2eaac894de62]
2024-05-01T00:31:50,797  INFO [a90d6a49-b334-4439-81e1-0cc55cff1f28 main] operation.OperationManager: Removed queryId: alex_20240501003150_42989c7a-951a-4240-a351-b980775c2ae7 corresponding to operation: OperationHandle [opType=EXECUTE_STATEMENT, getHandleIdentifier()=215e1414-657a-4352-93c1-2eaac894de62] with tag: null
2024-05-01T00:31:50,798  INFO [a90d6a49-b334-4439-81e1-0cc55cff1f28 main] ql.Context: Deleting scratch dir: file:/home/alex/Repositories/hive/beeline/target/tmp/alex/a90d6a49-b334-4439-81e1-0cc55cff1f28/hive_2024-05-01_00-31-50_761_8283102778876135463-1
2024-05-01T00:31:50,798  INFO [a90d6a49-b334-4439-81e1-0cc55cff1f28 main] cleanup.EventualCleanupService: Delete file:/home/alex/Repositories/hive/beeline/target/tmp/alex/a90d6a49-b334-4439-81e1-0cc55cff1f28/hive_2024-05-01_00-31-50_761_8283102778876135463-1 operation was queued
2024-05-01T00:31:50,798  INFO [a90d6a49-b334-4439-81e1-0cc55cff1f28 main] exec.ListSinkOperator: Closing Operator: LIST_SINK[0]
2024-05-01T00:31:50,798  INFO [a90d6a49-b334-4439-81e1-0cc55cff1f28 main] exec.ListSinkOperator: RECORDS_OUT_INTERMEDIATE:0, RECORDS_OUT_OPERATOR_LIST_SINK_0:0, 
2024-05-01T00:31:50,798  INFO [a90d6a49-b334-4439-81e1-0cc55cff1f28 main] operation.SQLOperation: Closing operation log /home/alex/Repositories/hive/beeline/target/tmp/alex/operation_logs/a90d6a49-b334-4439-81e1-0cc55cff1f28/alex_20240501003150_42989c7a-951a-4240-a351-b980775c2ae7 without delay
2024-05-01T00:31:50,798  INFO [EventualCleanupService thread 0] cleanup.EventualCleanupService: Deleted file:/home/alex/Repositories/hive/beeline/target/tmp/alex/a90d6a49-b334-4439-81e1-0cc55cff1f28/hive_2024-05-01_00-31-50_761_8283102778876135463-1
2024-05-01T00:31:50,802  INFO [main] service.CompositeService: Session closed, SessionHandle [a90d6a49-b334-4439-81e1-0cc55cff1f28], current sessions:0
2024-05-01T00:31:50,802  INFO [a90d6a49-b334-4439-81e1-0cc55cff1f28 main] session.HiveSessionImpl: Operation log session directory is deleted: /home/alex/Repositories/hive/beeline/target/tmp/alex/operation_logs/a90d6a49-b334-4439-81e1-0cc55cff1f28
2024-05-01T00:31:50,803  INFO [main] cleanup.EventualCleanupService: Delete /tmp/hive/alex/a90d6a49-b334-4439-81e1-0cc55cff1f28 operation was queued
2024-05-01T00:31:50,803  INFO [main] cleanup.EventualCleanupService: Delete /home/alex/Repositories/hive/beeline/target/tmp/alex/a90d6a49-b334-4439-81e1-0cc55cff1f28 operation was queued
2024-05-01T00:31:50,804  INFO [EventualCleanupService thread 2] cleanup.EventualCleanupService: Deleted /home/alex/Repositories/hive/beeline/target/tmp/alex/a90d6a49-b334-4439-81e1-0cc55cff1f28
2024-05-01T00:31:50,804  INFO [EventualCleanupService thread 1] cleanup.EventualCleanupService: Deleted /tmp/hive/alex/a90d6a49-b334-4439-81e1-0cc55cff1f28
2024-05-01T00:31:50,804  INFO [main] HiveMetaStore.audit: ugi=alex	ip=unknown-ip-addr	cmd=Cleaning up thread local RawStore...	
2024-05-01T00:31:50,804  INFO [main] metastore.ObjectStore: RawStore: org.apache.hadoop.hive.metastore.ObjectStore@2ac05a33, with PersistenceManager: org.datanucleus.api.jdo.JDOPersistenceManager@35af52dc will be shutdown
2024-05-01T00:31:50,804  INFO [main] HiveMetaStore.audit: ugi=alex	ip=unknown-ip-addr	cmd=Done cleaning up thread local RawStore	
2024-05-01T00:31:50,804  INFO [main] metastore.HiveMetaStoreClient: Closed a connection to metastore, current connections: -23
]]></system-err>
  </testcase>
  <testcase name="testNoErrorDB" classname="org.apache.hive.beeline.cli.TestHiveCli" time="0.197">
    <failure type="java.lang.AssertionError"><![CDATA[java.lang.AssertionError: Supported return code is 0 while the actual is 1
	at org.junit.Assert.fail(Assert.java:89)
	at org.apache.hive.beeline.cli.TestHiveCli.executeCMD(TestHiveCli.java:256)
	at org.apache.hive.beeline.cli.TestHiveCli.verifyCMD(TestHiveCli.java:266)
	at org.apache.hive.beeline.cli.TestHiveCli.testNoErrorDB(TestHiveCli.java:239)
	at sun.reflect.NativeMethodAccessorImpl.invoke0(Native Method)
	at sun.reflect.NativeMethodAccessorImpl.invoke(NativeMethodAccessorImpl.java:62)
	at sun.reflect.DelegatingMethodAccessorImpl.invoke(DelegatingMethodAccessorImpl.java:43)
	at java.lang.reflect.Method.invoke(Method.java:498)
	at org.junit.runners.model.FrameworkMethod$1.runReflectiveCall(FrameworkMethod.java:59)
	at org.junit.internal.runners.model.ReflectiveCallable.run(ReflectiveCallable.java:12)
	at org.junit.runners.model.FrameworkMethod.invokeExplosively(FrameworkMethod.java:56)
	at org.junit.internal.runners.statements.InvokeMethod.evaluate(InvokeMethod.java:17)
	at org.junit.internal.runners.statements.RunBefores.evaluate(RunBefores.java:26)
	at org.junit.internal.runners.statements.RunAfters.evaluate(RunAfters.java:27)
	at org.junit.runners.ParentRunner$3.evaluate(ParentRunner.java:306)
	at org.junit.runners.BlockJUnit4ClassRunner$1.evaluate(BlockJUnit4ClassRunner.java:100)
	at org.junit.runners.ParentRunner.runLeaf(ParentRunner.java:366)
	at org.junit.runners.BlockJUnit4ClassRunner.runChild(BlockJUnit4ClassRunner.java:103)
	at org.junit.runners.BlockJUnit4ClassRunner.runChild(BlockJUnit4ClassRunner.java:63)
	at org.junit.runners.ParentRunner$4.run(ParentRunner.java:331)
	at org.junit.runners.ParentRunner$1.schedule(ParentRunner.java:79)
	at org.junit.runners.ParentRunner.runChildren(ParentRunner.java:329)
	at org.junit.runners.ParentRunner.access$100(ParentRunner.java:66)
	at org.junit.runners.ParentRunner$2.evaluate(ParentRunner.java:293)
	at org.junit.internal.runners.statements.RunBefores.evaluate(RunBefores.java:26)
	at org.junit.runners.ParentRunner$3.evaluate(ParentRunner.java:306)
	at org.junit.runners.ParentRunner.run(ParentRunner.java:413)
	at org.junit.runner.JUnitCore.run(JUnitCore.java:137)
	at org.junit.runner.JUnitCore.run(JUnitCore.java:115)
	at org.junit.vintage.engine.execution.RunnerExecutor.execute(RunnerExecutor.java:43)
	at java.util.stream.ForEachOps$ForEachOp$OfRef.accept(ForEachOps.java:183)
	at java.util.stream.ReferencePipeline$3$1.accept(ReferencePipeline.java:193)
	at java.util.Iterator.forEachRemaining(Iterator.java:116)
	at java.util.Spliterators$IteratorSpliterator.forEachRemaining(Spliterators.java:1801)
	at java.util.stream.AbstractPipeline.copyInto(AbstractPipeline.java:482)
	at java.util.stream.AbstractPipeline.wrapAndCopyInto(AbstractPipeline.java:472)
	at java.util.stream.ForEachOps$ForEachOp.evaluateSequential(ForEachOps.java:150)
	at java.util.stream.ForEachOps$ForEachOp$OfRef.evaluateSequential(ForEachOps.java:173)
	at java.util.stream.AbstractPipeline.evaluate(AbstractPipeline.java:234)
	at java.util.stream.ReferencePipeline.forEach(ReferencePipeline.java:485)
	at org.junit.vintage.engine.VintageTestEngine.executeAllChildren(VintageTestEngine.java:82)
	at org.junit.vintage.engine.VintageTestEngine.execute(VintageTestEngine.java:73)
	at org.junit.platform.launcher.core.DefaultLauncher.execute(DefaultLauncher.java:248)
	at org.junit.platform.launcher.core.DefaultLauncher.lambda$execute$5(DefaultLauncher.java:211)
	at org.junit.platform.launcher.core.DefaultLauncher.withInterceptedStreams(DefaultLauncher.java:226)
	at org.junit.platform.launcher.core.DefaultLauncher.execute(DefaultLauncher.java:199)
	at org.junit.platform.launcher.core.DefaultLauncher.execute(DefaultLauncher.java:132)
	at org.apache.maven.surefire.junitplatform.JUnitPlatformProvider.invokeAllTests(JUnitPlatformProvider.java:154)
	at org.apache.maven.surefire.junitplatform.JUnitPlatformProvider.invoke(JUnitPlatformProvider.java:123)
	at org.apache.maven.surefire.booter.ForkedBooter.runSuitesInProcess(ForkedBooter.java:377)
	at org.apache.maven.surefire.booter.ForkedBooter.execute(ForkedBooter.java:138)
	at org.apache.maven.surefire.booter.ForkedBooter.run(ForkedBooter.java:465)
	at org.apache.maven.surefire.booter.ForkedBooter.main(ForkedBooter.java:451)
]]></failure>
    <system-err><![CDATA[2024-05-01T00:31:50,806 ERROR [main] cli.TestHiveCli: Failed to execute command due to the error: java.lang.NullPointerException: Null output stream
2024-05-01T00:31:50,858  WARN [main] conf.HiveConf: HiveConf of name hive.dummyparam.test.server.specific.config.override does not exist
2024-05-01T00:31:50,858  WARN [main] conf.HiveConf: HiveConf of name hive.dummyparam.test.server.specific.config.hiveserver2site does not exist
2024-05-01T00:31:50,858  WARN [main] conf.HiveConf: HiveConf of name hive.dummyparam.test.server.specific.config.metastoresite does not exist
2024-05-01T00:31:50,858  INFO [main] SessionState: Hive Session ID = 872167fe-8b04-4aba-84a6-02cdf50a3d48
2024-05-01T00:31:50,859  INFO [main] DependencyResolver: ivysettings.xml file not found in HIVE_HOME or HIVE_CONF_DIR,/home/alex/Repositories/hive/conf/ivysettings.xml will be used
2024-05-01T00:31:50,866  INFO [main] session.SessionState: Created HDFS directory: /tmp/hive/alex/872167fe-8b04-4aba-84a6-02cdf50a3d48
2024-05-01T00:31:50,869  INFO [main] session.SessionState: Created local directory: /home/alex/Repositories/hive/beeline/target/tmp/alex/872167fe-8b04-4aba-84a6-02cdf50a3d48
2024-05-01T00:31:50,873  INFO [main] session.SessionState: Created HDFS directory: /tmp/hive/alex/872167fe-8b04-4aba-84a6-02cdf50a3d48/_tmp_space.db
2024-05-01T00:31:50,873  INFO [main] sqlstd.SQLStdHiveAccessController: Created SQLStdHiveAccessController for session context : HiveAuthzSessionContext [sessionString=872167fe-8b04-4aba-84a6-02cdf50a3d48, clientType=HIVESERVER2]
2024-05-01T00:31:50,873  INFO [main] metastore.HiveMetaStoreClient: HMS client filtering is enabled.
2024-05-01T00:31:50,874  INFO [main] metastore.HMSHandler: 0: Opening raw store with implementation class:org.apache.hadoop.hive.metastore.ObjectStore
2024-05-01T00:31:50,874  INFO [main] metastore.PersistenceManagerProvider: Configuration datanucleus.autoStartMechanismMode is not set. Defaulting to 'ignored'
2024-05-01T00:31:50,874  INFO [main] metastore.ObjectStore: RawStore: org.apache.hadoop.hive.metastore.ObjectStore@295f2d1b, with PersistenceManager: null will be shutdown
2024-05-01T00:31:50,874  INFO [main] metastore.ObjectStore: RawStore: org.apache.hadoop.hive.metastore.ObjectStore@295f2d1b, with PersistenceManager: org.datanucleus.api.jdo.JDOPersistenceManager@65015a49 created in the thread with id: 1
2024-05-01T00:31:50,876  INFO [main] metastore.HMSHandler: Created RawStore: org.apache.hadoop.hive.metastore.ObjectStore@295f2d1b from thread id: 1
2024-05-01T00:31:50,876  INFO [main] metastore.HMSHandler: HMS server filtering is disabled by configuration
2024-05-01T00:31:50,877  INFO [main] metastore.RetryingMetaStoreClient: RetryingMetaStoreClient proxy=class org.apache.hadoop.hive.ql.metadata.SessionHiveMetaStoreClient ugi=alex (auth:SIMPLE) retries=1 delay=1 lifetime=0
2024-05-01T00:31:50,877  INFO [main] service.CompositeService: Operation log root directory is created: /home/alex/Repositories/hive/beeline/target/tmp/alex/operation_logs
2024-05-01T00:31:50,877  INFO [main] service.CompositeService: HiveServer2: Background operation thread pool size: 100
2024-05-01T00:31:50,877  INFO [main] service.CompositeService: HiveServer2: Background operation thread wait queue size: 100
2024-05-01T00:31:50,877  INFO [main] service.CompositeService: HiveServer2: Background operation thread keepalive time: 10 seconds
2024-05-01T00:31:50,877  INFO [main] service.CompositeService: Connections limit are user: 0 ipaddress: 0 user-ipaddress: 0
2024-05-01T00:31:50,878  INFO [main] cleanup.EventualCleanupService: EventualCleanupService started with 10 threads and queue of size 10000
ERROR StatusLogger Log4j2 ConfigurationScheduler attempted to increment scheduled items after start
ERROR StatusLogger Log4j2 ConfigurationScheduler attempted to increment scheduled items after start
2024-05-01T00:31:50,880  INFO [main] service.AbstractService: Service:OperationManager is inited.
2024-05-01T00:31:50,880  INFO [main] service.AbstractService: Service:SessionManager is inited.
2024-05-01T00:31:50,880  INFO [main] service.AbstractService: Service:CLIService is inited.
2024-05-01T00:31:50,880  INFO [main] service.AbstractService: Service:OperationManager is started.
2024-05-01T00:31:50,880  INFO [main] service.AbstractService: Service:SessionManager is started.
2024-05-01T00:31:50,880  INFO [main] service.AbstractService: Service:CLIService is started.
2024-05-01T00:31:50,880  INFO [main] service.AbstractService: Service:ThriftBinaryCLIService is inited.
2024-05-01T00:31:50,880  INFO [main] thrift.ThriftCLIService: Client protocol version: HIVE_CLI_SERVICE_PROTOCOL_V10
2024-05-01T00:31:50,880  INFO [main] thrift.ThriftCLIService: Creating Hive session handle for user [null] from IP null
2024-05-01T00:31:50,881  INFO [main] DependencyResolver: ivysettings.xml file not found in HIVE_HOME or HIVE_CONF_DIR,/home/alex/Repositories/hive/conf/ivysettings.xml will be used
2024-05-01T00:31:50,889  INFO [main] session.SessionState: Created HDFS directory: /tmp/hive/alex/20cd7050-bcdc-4164-86e0-4bc3cbe00693
2024-05-01T00:31:50,892  INFO [main] session.SessionState: Created local directory: /home/alex/Repositories/hive/beeline/target/tmp/alex/20cd7050-bcdc-4164-86e0-4bc3cbe00693
2024-05-01T00:31:50,895  INFO [main] session.SessionState: Created HDFS directory: /tmp/hive/alex/20cd7050-bcdc-4164-86e0-4bc3cbe00693/_tmp_space.db
2024-05-01T00:31:50,896  INFO [main] session.SessionState: Reloading auxiliary JAR files
2024-05-01T00:31:50,896  WARN [main] session.SessionState: Configuration hive.reloadable.aux.jars.path not specified
2024-05-01T00:31:50,896  INFO [main] HiveMetaStore.audit: ugi=alex	ip=unknown-ip-addr	cmd=Cleaning up thread local RawStore...	
2024-05-01T00:31:50,896  INFO [main] metastore.ObjectStore: RawStore: org.apache.hadoop.hive.metastore.ObjectStore@295f2d1b, with PersistenceManager: org.datanucleus.api.jdo.JDOPersistenceManager@65015a49 will be shutdown
2024-05-01T00:31:50,896  INFO [main] HiveMetaStore.audit: ugi=alex	ip=unknown-ip-addr	cmd=Done cleaning up thread local RawStore	
2024-05-01T00:31:50,896  INFO [main] metastore.HiveMetaStoreClient: Closed a connection to metastore, current connections: -24
2024-05-01T00:31:50,896  INFO [main] session.HiveSessionImpl: Operation log session directory is created: /home/alex/Repositories/hive/beeline/target/tmp/alex/operation_logs/20cd7050-bcdc-4164-86e0-4bc3cbe00693
2024-05-01T00:31:50,896  INFO [main] service.CompositeService: Session opened, SessionHandle [20cd7050-bcdc-4164-86e0-4bc3cbe00693], current sessions:1
2024-05-01T00:31:50,896  INFO [main] thrift.ThriftCLIService: Login attempt is successful for user : null
2024-05-01T00:31:50,944  WARN [main] conf.HiveConf: HiveConf of name hive.dummyparam.test.server.specific.config.override does not exist
2024-05-01T00:31:50,944  WARN [main] conf.HiveConf: HiveConf of name hive.dummyparam.test.server.specific.config.hiveserver2site does not exist
2024-05-01T00:31:50,944  WARN [main] conf.HiveConf: HiveConf of name hive.dummyparam.test.server.specific.config.metastoresite does not exist
2024-05-01T00:31:50,944  INFO [20cd7050-bcdc-4164-86e0-4bc3cbe00693 main] session.HiveSessionImpl: executing set
2024-05-01T00:31:50,945  INFO [20cd7050-bcdc-4164-86e0-4bc3cbe00693 main] operation.HiveCommandOperation: Putting temp output to file /home/alex/Repositories/hive/beeline/target/tmp/alex/20cd7050-bcdc-4164-86e0-4bc3cbe006933935781171000860670.pipeout and error output to file /home/alex/Repositories/hive/beeline/target/tmp/alex/20cd7050-bcdc-4164-86e0-4bc3cbe006933402346847338088086.pipeout
2024-05-01T00:31:50,945  INFO [20cd7050-bcdc-4164-86e0-4bc3cbe00693 main] operation.OperationManager: Adding operation: OperationHandle [opType=EXECUTE_STATEMENT, getHandleIdentifier()=53ea20f3-136d-4453-b228-f247130613a8] SessionHandle [20cd7050-bcdc-4164-86e0-4bc3cbe00693]
2024-05-01T00:31:50,945  INFO [20cd7050-bcdc-4164-86e0-4bc3cbe00693 main] common.LogUtils: Thread context registration is done.
DEBUG StatusLogger Building Plugin[name=filter, class=org.apache.hadoop.hive.ql.log.LogDivertAppender$NameFilter].
DEBUG StatusLogger createFilter(loggingLevel="EXECUTION")
DEBUG StatusLogger Building Plugin[name=layout, class=org.apache.logging.log4j.core.layout.PatternLayout].
DEBUG StatusLogger PatternLayout$Builder(pattern="%-5p : %m%n", PatternSelector=null, Configuration(HiveLog4j2Test), Replace=null, charset="null", alwaysWriteExceptions="null", disableAnsi="null", noConsoleNoAnsi="null", header="null", footer="null")
DEBUG StatusLogger Building Plugin[name=appender, class=org.apache.hadoop.hive.ql.log.HushableRandomAccessFileAppender].
DEBUG StatusLogger createAppender(fileName="/home/alex/Repositories/hive/beeline/target/tmp/alex/operation_logs/20cd7050-bcdc-4164-86e0-4bc3cbe00693/alex_20240501003150_00609908-612a-4093-86c4-ecd6f30f51b6", append="null", name="query-file-appender", immediateFlush="null", bufferSize="null", ignoreExceptions="null", PatternLayout(org.apache.logging.log4j.core.layout.PatternLayout with name PatternLayout), NameFilter(org.apache.hadoop.hive.ql.log.LogDivertAppender$NameFilter with name NameFilter), advertise="null", advertiseURI="null", Configuration(HiveLog4j2Test))
DEBUG StatusLogger Starting RandomAccessFileManager /home/alex/Repositories/hive/beeline/target/tmp/alex/operation_logs/20cd7050-bcdc-4164-86e0-4bc3cbe00693/alex_20240501003150_00609908-612a-4093-86c4-ecd6f30f51b6
DEBUG StatusLogger Building Plugin[name=, class=org.apache.hadoop.hive.ql.log.LogDivertAppenderForTest$TestFilter].
DEBUG StatusLogger createFilter()
DEBUG StatusLogger Building Plugin[name=, class=org.apache.logging.log4j.core.layout.PatternLayout].
DEBUG StatusLogger PatternLayout$Builder(pattern="%-5p : %m%n", PatternSelector=null, Configuration(HiveLog4j2Test), Replace=null, charset="null", alwaysWriteExceptions="null", disableAnsi="null", noConsoleNoAnsi="null", header="null", footer="null")
DEBUG StatusLogger Building Plugin[name=appender, class=org.apache.hadoop.hive.ql.log.HushableRandomAccessFileAppender].
DEBUG StatusLogger createAppender(fileName="/home/alex/Repositories/hive/beeline/target/tmp/alex/operation_logs/20cd7050-bcdc-4164-86e0-4bc3cbe00693/alex_20240501003150_00609908-612a-4093-86c4-ecd6f30f51b6.test", append="null", name="test-query-file-appender", immediateFlush="null", bufferSize="null", ignoreExceptions="null", PatternLayout(org.apache.logging.log4j.core.layout.PatternLayout with name PatternLayout), test-filter(org.apache.hadoop.hive.ql.log.LogDivertAppenderForTest$TestFilter with name test-filter), advertise="null", advertiseURI="null", Configuration(HiveLog4j2Test))
DEBUG StatusLogger Starting RandomAccessFileManager /home/alex/Repositories/hive/beeline/target/tmp/alex/operation_logs/20cd7050-bcdc-4164-86e0-4bc3cbe00693/alex_20240501003150_00609908-612a-4093-86c4-ecd6f30f51b6.test
2024-05-01T00:31:50,949  INFO [20cd7050-bcdc-4164-86e0-4bc3cbe00693 main] operation.HiveCommandOperation: [opType=EXECUTE_STATEMENT, queryId=alex_20240501003150_00609908-612a-4093-86c4-ecd6f30f51b6, startTime=1714548710945, sessionId=20cd7050-bcdc-4164-86e0-4bc3cbe00693, createTime=1714548710880, userName=null, ipAddress=null]
2024-05-01T00:31:50,957  INFO [20cd7050-bcdc-4164-86e0-4bc3cbe00693 main] common.LogUtils: Unregistered logging context.
2024-05-01T00:31:50,959  INFO [20cd7050-bcdc-4164-86e0-4bc3cbe00693 main] operation.OperationManager: Closing operation: OperationHandle [opType=EXECUTE_STATEMENT, getHandleIdentifier()=53ea20f3-136d-4453-b228-f247130613a8]
2024-05-01T00:31:50,959  INFO [20cd7050-bcdc-4164-86e0-4bc3cbe00693 main] operation.OperationManager: Removed queryId: alex_20240501003150_00609908-612a-4093-86c4-ecd6f30f51b6 corresponding to operation: OperationHandle [opType=EXECUTE_STATEMENT, getHandleIdentifier()=53ea20f3-136d-4453-b228-f247130613a8] with tag: null
2024-05-01T00:31:50,960  INFO [20cd7050-bcdc-4164-86e0-4bc3cbe00693 main] operation.HiveCommandOperation: Closing operation log /home/alex/Repositories/hive/beeline/target/tmp/alex/operation_logs/20cd7050-bcdc-4164-86e0-4bc3cbe00693/alex_20240501003150_00609908-612a-4093-86c4-ecd6f30f51b6 without delay
2024-05-01T00:31:50,963  INFO [20cd7050-bcdc-4164-86e0-4bc3cbe00693 main] session.HiveSessionImpl: executing show tables
2024-05-01T00:31:50,963  INFO [20cd7050-bcdc-4164-86e0-4bc3cbe00693 main] operation.OperationManager: Adding operation: OperationHandle [opType=EXECUTE_STATEMENT, getHandleIdentifier()=128c10e3-2f94-41b5-a460-b6bf694055f1] SessionHandle [20cd7050-bcdc-4164-86e0-4bc3cbe00693]
2024-05-01T00:31:50,963  INFO [20cd7050-bcdc-4164-86e0-4bc3cbe00693 main] common.LogUtils: Thread context registration is done.
DEBUG StatusLogger Building Plugin[name=filter, class=org.apache.hadoop.hive.ql.log.LogDivertAppender$NameFilter].
DEBUG StatusLogger createFilter(loggingLevel="EXECUTION")
DEBUG StatusLogger Building Plugin[name=layout, class=org.apache.logging.log4j.core.layout.PatternLayout].
DEBUG StatusLogger PatternLayout$Builder(pattern="%-5p : %m%n", PatternSelector=null, Configuration(HiveLog4j2Test), Replace=null, charset="null", alwaysWriteExceptions="null", disableAnsi="null", noConsoleNoAnsi="null", header="null", footer="null")
DEBUG StatusLogger Building Plugin[name=appender, class=org.apache.hadoop.hive.ql.log.HushableRandomAccessFileAppender].
DEBUG StatusLogger createAppender(fileName="/home/alex/Repositories/hive/beeline/target/tmp/alex/operation_logs/20cd7050-bcdc-4164-86e0-4bc3cbe00693/alex_20240501003150_eeb59951-a2d0-4598-a7e1-69686351f4d6", append="null", name="query-file-appender", immediateFlush="null", bufferSize="null", ignoreExceptions="null", PatternLayout(org.apache.logging.log4j.core.layout.PatternLayout with name PatternLayout), NameFilter(org.apache.hadoop.hive.ql.log.LogDivertAppender$NameFilter with name NameFilter), advertise="null", advertiseURI="null", Configuration(HiveLog4j2Test))
DEBUG StatusLogger Starting RandomAccessFileManager /home/alex/Repositories/hive/beeline/target/tmp/alex/operation_logs/20cd7050-bcdc-4164-86e0-4bc3cbe00693/alex_20240501003150_eeb59951-a2d0-4598-a7e1-69686351f4d6
DEBUG StatusLogger Building Plugin[name=, class=org.apache.hadoop.hive.ql.log.LogDivertAppenderForTest$TestFilter].
DEBUG StatusLogger createFilter()
DEBUG StatusLogger Building Plugin[name=, class=org.apache.logging.log4j.core.layout.PatternLayout].
DEBUG StatusLogger PatternLayout$Builder(pattern="%-5p : %m%n", PatternSelector=null, Configuration(HiveLog4j2Test), Replace=null, charset="null", alwaysWriteExceptions="null", disableAnsi="null", noConsoleNoAnsi="null", header="null", footer="null")
DEBUG StatusLogger Building Plugin[name=appender, class=org.apache.hadoop.hive.ql.log.HushableRandomAccessFileAppender].
DEBUG StatusLogger createAppender(fileName="/home/alex/Repositories/hive/beeline/target/tmp/alex/operation_logs/20cd7050-bcdc-4164-86e0-4bc3cbe00693/alex_20240501003150_eeb59951-a2d0-4598-a7e1-69686351f4d6.test", append="null", name="test-query-file-appender", immediateFlush="null", bufferSize="null", ignoreExceptions="null", PatternLayout(org.apache.logging.log4j.core.layout.PatternLayout with name PatternLayout), test-filter(org.apache.hadoop.hive.ql.log.LogDivertAppenderForTest$TestFilter with name test-filter), advertise="null", advertiseURI="null", Configuration(HiveLog4j2Test))
DEBUG StatusLogger Starting RandomAccessFileManager /home/alex/Repositories/hive/beeline/target/tmp/alex/operation_logs/20cd7050-bcdc-4164-86e0-4bc3cbe00693/alex_20240501003150_eeb59951-a2d0-4598-a7e1-69686351f4d6.test
2024-05-01T00:31:50,967  INFO [20cd7050-bcdc-4164-86e0-4bc3cbe00693 main] operation.SQLOperation: [opType=EXECUTE_STATEMENT, queryId=alex_20240501003150_eeb59951-a2d0-4598-a7e1-69686351f4d6, startTime=1714548710963, sessionId=20cd7050-bcdc-4164-86e0-4bc3cbe00693, createTime=1714548710880, userName=null, ipAddress=null]
2024-05-01T00:31:50,968  INFO [20cd7050-bcdc-4164-86e0-4bc3cbe00693 main] ql.Driver: Compiling command(queryId=alex_20240501003150_eeb59951-a2d0-4598-a7e1-69686351f4d6): show tables
2024-05-01T00:31:50,969  INFO [20cd7050-bcdc-4164-86e0-4bc3cbe00693 main] metastore.HiveMetaStoreClient: HMS client filtering is enabled.
2024-05-01T00:31:50,969  INFO [20cd7050-bcdc-4164-86e0-4bc3cbe00693 main] metastore.HMSHandler: 0: Opening raw store with implementation class:org.apache.hadoop.hive.metastore.ObjectStore
2024-05-01T00:31:50,969  INFO [20cd7050-bcdc-4164-86e0-4bc3cbe00693 main] metastore.PersistenceManagerProvider: Configuration datanucleus.autoStartMechanismMode is not set. Defaulting to 'ignored'
2024-05-01T00:31:50,970  INFO [20cd7050-bcdc-4164-86e0-4bc3cbe00693 main] metastore.ObjectStore: RawStore: org.apache.hadoop.hive.metastore.ObjectStore@290807e5, with PersistenceManager: null will be shutdown
2024-05-01T00:31:50,970  INFO [20cd7050-bcdc-4164-86e0-4bc3cbe00693 main] metastore.ObjectStore: RawStore: org.apache.hadoop.hive.metastore.ObjectStore@290807e5, with PersistenceManager: org.datanucleus.api.jdo.JDOPersistenceManager@60bc308b created in the thread with id: 1
2024-05-01T00:31:50,972  INFO [20cd7050-bcdc-4164-86e0-4bc3cbe00693 main] metastore.HMSHandler: Created RawStore: org.apache.hadoop.hive.metastore.ObjectStore@290807e5 from thread id: 1
2024-05-01T00:31:50,972  INFO [20cd7050-bcdc-4164-86e0-4bc3cbe00693 main] metastore.HMSHandler: HMS server filtering is disabled by configuration
2024-05-01T00:31:50,972  INFO [20cd7050-bcdc-4164-86e0-4bc3cbe00693 main] metastore.RetryingMetaStoreClient: RetryingMetaStoreClient proxy=class org.apache.hadoop.hive.ql.metadata.SessionHiveMetaStoreClient ugi=alex (auth:SIMPLE) retries=1 delay=1 lifetime=0
2024-05-01T00:31:50,976  INFO [20cd7050-bcdc-4164-86e0-4bc3cbe00693 main] HiveMetaStore.audit: ugi=alex	ip=unknown-ip-addr	cmd=get_database: default	
2024-05-01T00:31:50,977  INFO [20cd7050-bcdc-4164-86e0-4bc3cbe00693 main] ql.Driver: Semantic Analysis Completed (retrial = false)
2024-05-01T00:31:50,978  INFO [20cd7050-bcdc-4164-86e0-4bc3cbe00693 main] ql.Driver: Created Hive schema: Schema(fieldSchemas:[FieldSchema(name:tab_name, type:string, comment:from deserializer)], properties:null)
2024-05-01T00:31:50,978  INFO [20cd7050-bcdc-4164-86e0-4bc3cbe00693 main] exec.ListSinkOperator: Initializing Operator: LIST_SINK[0]
2024-05-01T00:31:50,979  INFO [20cd7050-bcdc-4164-86e0-4bc3cbe00693 main] metadata.Hive: Dumping metastore api call timing information for : compilation phase
2024-05-01T00:31:50,979  INFO [20cd7050-bcdc-4164-86e0-4bc3cbe00693 main] metadata.Hive: Total time spent in each metastore function (ms): {isCompatibleWith_(Configuration)=0, getDatabase_(String)=1, flushCache_()=0}
2024-05-01T00:31:50,979  INFO [20cd7050-bcdc-4164-86e0-4bc3cbe00693 main] ql.Driver: Completed compiling command(queryId=alex_20240501003150_eeb59951-a2d0-4598-a7e1-69686351f4d6); Time taken: 0.011 seconds
2024-05-01T00:31:50,979  INFO [20cd7050-bcdc-4164-86e0-4bc3cbe00693 main] common.LogUtils: Unregistered logging context.
2024-05-01T00:31:50,980  INFO [HiveServer2-Background-Pool: Thread-413] common.LogUtils: Thread context registration is done.
2024-05-01T00:31:50,980  INFO [HiveServer2-Background-Pool: Thread-413] reexec.ReExecDriver: Execution #1 of query
2024-05-01T00:31:50,980  INFO [HiveServer2-Background-Pool: Thread-413] ql.Driver: Concurrency mode is disabled, not creating a lock manager
2024-05-01T00:31:50,980  INFO [HiveServer2-Background-Pool: Thread-413] ql.Driver: Executing command(queryId=alex_20240501003150_eeb59951-a2d0-4598-a7e1-69686351f4d6): show tables
2024-05-01T00:31:50,981  INFO [HiveServer2-Background-Pool: Thread-413] ql.Driver: Starting task [Stage-0:DDL] in serial mode
2024-05-01T00:31:50,981  INFO [HiveServer2-Background-Pool: Thread-413] HiveMetaStore.audit: ugi=alex	ip=unknown-ip-addr	cmd=get_database: default	
2024-05-01T00:31:50,982  INFO [HiveServer2-Background-Pool: Thread-413] metastore.HMSHandler: 22: Opening raw store with implementation class:org.apache.hadoop.hive.metastore.ObjectStore
2024-05-01T00:31:50,982  INFO [HiveServer2-Background-Pool: Thread-413] metastore.ObjectStore: RawStore: org.apache.hadoop.hive.metastore.ObjectStore@41a79aa6, with PersistenceManager: null will be shutdown
2024-05-01T00:31:50,983  INFO [HiveServer2-Background-Pool: Thread-413] metastore.ObjectStore: RawStore: org.apache.hadoop.hive.metastore.ObjectStore@41a79aa6, with PersistenceManager: org.datanucleus.api.jdo.JDOPersistenceManager@4a50cf6 created in the thread with id: 413
2024-05-01T00:31:50,985  INFO [HiveServer2-Background-Pool: Thread-413] metastore.HMSHandler: Created RawStore: org.apache.hadoop.hive.metastore.ObjectStore@41a79aa6 from thread id: 413
2024-05-01T00:31:50,986  INFO [HiveServer2-Background-Pool: Thread-413] HiveMetaStore.audit: ugi=alex	ip=unknown-ip-addr	cmd=get_multi_table : db=default tbls=null	
2024-05-01T00:31:50,989  INFO [HiveServer2-Background-Pool: Thread-413] sqlstd.SQLStdHiveAccessController: Created SQLStdHiveAccessController for session context : HiveAuthzSessionContext [sessionString=20cd7050-bcdc-4164-86e0-4bc3cbe00693, clientType=HIVESERVER2]
2024-05-01T00:31:50,996  INFO [HiveServer2-Background-Pool: Thread-413] metadata.Hive: Dumping metastore api call timing information for : execution phase
2024-05-01T00:31:50,996  INFO [HiveServer2-Background-Pool: Thread-413] metadata.Hive: Total time spent in each metastore function (ms): {isCompatibleWith_(Configuration)=0, getDatabase_(String)=5, getTables_(String, String)=3}
2024-05-01T00:31:50,996  INFO [HiveServer2-Background-Pool: Thread-413] ql.Driver: Completed executing command(queryId=alex_20240501003150_eeb59951-a2d0-4598-a7e1-69686351f4d6); Time taken: 0.016 seconds
2024-05-01T00:31:50,996  INFO [HiveServer2-Background-Pool: Thread-413] common.LogUtils: Unregistered logging context.
2024-05-01T00:31:50,999  INFO [20cd7050-bcdc-4164-86e0-4bc3cbe00693 main] operation.OperationManager: Closing operation: OperationHandle [opType=EXECUTE_STATEMENT, getHandleIdentifier()=128c10e3-2f94-41b5-a460-b6bf694055f1]
2024-05-01T00:31:50,999  INFO [20cd7050-bcdc-4164-86e0-4bc3cbe00693 main] operation.OperationManager: Removed queryId: alex_20240501003150_eeb59951-a2d0-4598-a7e1-69686351f4d6 corresponding to operation: OperationHandle [opType=EXECUTE_STATEMENT, getHandleIdentifier()=128c10e3-2f94-41b5-a460-b6bf694055f1] with tag: null
2024-05-01T00:31:50,999  INFO [20cd7050-bcdc-4164-86e0-4bc3cbe00693 main] ql.Context: Deleting scratch dir: file:/home/alex/Repositories/hive/beeline/target/tmp/alex/20cd7050-bcdc-4164-86e0-4bc3cbe00693/hive_2024-05-01_00-31-50_968_2788010695740603575-1
2024-05-01T00:31:50,999  INFO [20cd7050-bcdc-4164-86e0-4bc3cbe00693 main] cleanup.EventualCleanupService: Delete file:/home/alex/Repositories/hive/beeline/target/tmp/alex/20cd7050-bcdc-4164-86e0-4bc3cbe00693/hive_2024-05-01_00-31-50_968_2788010695740603575-1 operation was queued
2024-05-01T00:31:50,999  INFO [20cd7050-bcdc-4164-86e0-4bc3cbe00693 main] exec.ListSinkOperator: Closing Operator: LIST_SINK[0]
2024-05-01T00:31:50,999  INFO [20cd7050-bcdc-4164-86e0-4bc3cbe00693 main] exec.ListSinkOperator: RECORDS_OUT_INTERMEDIATE:0, RECORDS_OUT_OPERATOR_LIST_SINK_0:0, 
2024-05-01T00:31:50,999  INFO [20cd7050-bcdc-4164-86e0-4bc3cbe00693 main] operation.SQLOperation: Closing operation log /home/alex/Repositories/hive/beeline/target/tmp/alex/operation_logs/20cd7050-bcdc-4164-86e0-4bc3cbe00693/alex_20240501003150_eeb59951-a2d0-4598-a7e1-69686351f4d6 without delay
2024-05-01T00:31:50,999  INFO [EventualCleanupService thread 0] cleanup.EventualCleanupService: Deleted file:/home/alex/Repositories/hive/beeline/target/tmp/alex/20cd7050-bcdc-4164-86e0-4bc3cbe00693/hive_2024-05-01_00-31-50_968_2788010695740603575-1
2024-05-01T00:31:51,000  INFO [main] service.CompositeService: Session closed, SessionHandle [20cd7050-bcdc-4164-86e0-4bc3cbe00693], current sessions:0
2024-05-01T00:31:51,000  INFO [20cd7050-bcdc-4164-86e0-4bc3cbe00693 main] session.HiveSessionImpl: Operation log session directory is deleted: /home/alex/Repositories/hive/beeline/target/tmp/alex/operation_logs/20cd7050-bcdc-4164-86e0-4bc3cbe00693
2024-05-01T00:31:51,000  INFO [main] cleanup.EventualCleanupService: Delete /tmp/hive/alex/20cd7050-bcdc-4164-86e0-4bc3cbe00693 operation was queued
2024-05-01T00:31:51,000  INFO [main] cleanup.EventualCleanupService: Delete /home/alex/Repositories/hive/beeline/target/tmp/alex/20cd7050-bcdc-4164-86e0-4bc3cbe00693 operation was queued
2024-05-01T00:31:51,000  INFO [EventualCleanupService thread 2] cleanup.EventualCleanupService: Deleted /home/alex/Repositories/hive/beeline/target/tmp/alex/20cd7050-bcdc-4164-86e0-4bc3cbe00693
2024-05-01T00:31:51,001  INFO [EventualCleanupService thread 1] cleanup.EventualCleanupService: Deleted /tmp/hive/alex/20cd7050-bcdc-4164-86e0-4bc3cbe00693
2024-05-01T00:31:51,001  INFO [main] HiveMetaStore.audit: ugi=alex	ip=unknown-ip-addr	cmd=Cleaning up thread local RawStore...	
2024-05-01T00:31:51,001  INFO [main] metastore.ObjectStore: RawStore: org.apache.hadoop.hive.metastore.ObjectStore@290807e5, with PersistenceManager: org.datanucleus.api.jdo.JDOPersistenceManager@60bc308b will be shutdown
2024-05-01T00:31:51,001  INFO [main] HiveMetaStore.audit: ugi=alex	ip=unknown-ip-addr	cmd=Done cleaning up thread local RawStore	
2024-05-01T00:31:51,001  INFO [main] metastore.HiveMetaStoreClient: Closed a connection to metastore, current connections: -25
2024-05-01T00:31:51,001 ERROR [main] cli.TestHiveCli: Failed due to the error:Connecting to jdbc:hive2://
Hive Session ID = 872167fe-8b04-4aba-84a6-02cdf50a3d48
ivysettings.xml file not found in HIVE_HOME or HIVE_CONF_DIR,/home/alex/Repositories/hive/conf/ivysettings.xml will be used
ivysettings.xml file not found in HIVE_HOME or HIVE_CONF_DIR,/home/alex/Repositories/hive/conf/ivysettings.xml will be used
Connected to: Apache Hive (version 4.0.0-SNAPSHOT)
Error: Couldn't load manifest attributes. (state=,code=0)
Transaction isolation: TRANSACTION_REPEATABLE_READ
INFO  : Compiling command(queryId=alex_20240501003150_eeb59951-a2d0-4598-a7e1-69686351f4d6): show tables
INFO  : Semantic Analysis Completed (retrial = false)
INFO  : Created Hive schema: Schema(fieldSchemas:[FieldSchema(name:tab_name, type:string, comment:from deserializer)], properties:null)
INFO  : Completed compiling command(queryId=alex_20240501003150_eeb59951-a2d0-4598-a7e1-69686351f4d6); Time taken: 0.011 seconds
INFO  : Concurrency mode is disabled, not creating a lock manager
INFO  : Executing command(queryId=alex_20240501003150_eeb59951-a2d0-4598-a7e1-69686351f4d6): show tables
INFO  : Starting task [Stage-0:DDL] in serial mode
DEBUG : Task getting executed using mapred tag : alex_20240501003150_eeb59951-a2d0-4598-a7e1-69686351f4d6,userid=null
INFO  : Completed executing command(queryId=alex_20240501003150_eeb59951-a2d0-4598-a7e1-69686351f4d6); Time taken: 0.016 seconds
DEBUG : Shutting down query show tables
Error: Failed to wait for operation to complete (state=08S01,code=0)
Closing: 0: jdbc:hive2://

]]></system-err>
  </testcase>
  <testcase name="testUseInvalidDB" classname="org.apache.hive.beeline.cli.TestHiveCli" time="0.271"/>
  <testcase name="testErrOutput" classname="org.apache.hive.beeline.cli.TestHiveCli" time="0.218"/>
  <testcase name="testSqlFromCmdWithComments1" classname="org.apache.hive.beeline.cli.TestHiveCli" time="0.204">
    <failure type="java.lang.AssertionError"><![CDATA[java.lang.AssertionError: Supported return code is 0 while the actual is 1
	at org.junit.Assert.fail(Assert.java:89)
	at org.apache.hive.beeline.cli.TestHiveCli.executeCMD(TestHiveCli.java:256)
	at org.apache.hive.beeline.cli.TestHiveCli.verifyCMD(TestHiveCli.java:266)
	at org.apache.hive.beeline.cli.TestHiveCli.testSqlFromCmdWithComments1(TestHiveCli.java:150)
	at sun.reflect.NativeMethodAccessorImpl.invoke0(Native Method)
	at sun.reflect.NativeMethodAccessorImpl.invoke(NativeMethodAccessorImpl.java:62)
	at sun.reflect.DelegatingMethodAccessorImpl.invoke(DelegatingMethodAccessorImpl.java:43)
	at java.lang.reflect.Method.invoke(Method.java:498)
	at org.junit.runners.model.FrameworkMethod$1.runReflectiveCall(FrameworkMethod.java:59)
	at org.junit.internal.runners.model.ReflectiveCallable.run(ReflectiveCallable.java:12)
	at org.junit.runners.model.FrameworkMethod.invokeExplosively(FrameworkMethod.java:56)
	at org.junit.internal.runners.statements.InvokeMethod.evaluate(InvokeMethod.java:17)
	at org.junit.internal.runners.statements.RunBefores.evaluate(RunBefores.java:26)
	at org.junit.internal.runners.statements.RunAfters.evaluate(RunAfters.java:27)
	at org.junit.runners.ParentRunner$3.evaluate(ParentRunner.java:306)
	at org.junit.runners.BlockJUnit4ClassRunner$1.evaluate(BlockJUnit4ClassRunner.java:100)
	at org.junit.runners.ParentRunner.runLeaf(ParentRunner.java:366)
	at org.junit.runners.BlockJUnit4ClassRunner.runChild(BlockJUnit4ClassRunner.java:103)
	at org.junit.runners.BlockJUnit4ClassRunner.runChild(BlockJUnit4ClassRunner.java:63)
	at org.junit.runners.ParentRunner$4.run(ParentRunner.java:331)
	at org.junit.runners.ParentRunner$1.schedule(ParentRunner.java:79)
	at org.junit.runners.ParentRunner.runChildren(ParentRunner.java:329)
	at org.junit.runners.ParentRunner.access$100(ParentRunner.java:66)
	at org.junit.runners.ParentRunner$2.evaluate(ParentRunner.java:293)
	at org.junit.internal.runners.statements.RunBefores.evaluate(RunBefores.java:26)
	at org.junit.runners.ParentRunner$3.evaluate(ParentRunner.java:306)
	at org.junit.runners.ParentRunner.run(ParentRunner.java:413)
	at org.junit.runner.JUnitCore.run(JUnitCore.java:137)
	at org.junit.runner.JUnitCore.run(JUnitCore.java:115)
	at org.junit.vintage.engine.execution.RunnerExecutor.execute(RunnerExecutor.java:43)
	at java.util.stream.ForEachOps$ForEachOp$OfRef.accept(ForEachOps.java:183)
	at java.util.stream.ReferencePipeline$3$1.accept(ReferencePipeline.java:193)
	at java.util.Iterator.forEachRemaining(Iterator.java:116)
	at java.util.Spliterators$IteratorSpliterator.forEachRemaining(Spliterators.java:1801)
	at java.util.stream.AbstractPipeline.copyInto(AbstractPipeline.java:482)
	at java.util.stream.AbstractPipeline.wrapAndCopyInto(AbstractPipeline.java:472)
	at java.util.stream.ForEachOps$ForEachOp.evaluateSequential(ForEachOps.java:150)
	at java.util.stream.ForEachOps$ForEachOp$OfRef.evaluateSequential(ForEachOps.java:173)
	at java.util.stream.AbstractPipeline.evaluate(AbstractPipeline.java:234)
	at java.util.stream.ReferencePipeline.forEach(ReferencePipeline.java:485)
	at org.junit.vintage.engine.VintageTestEngine.executeAllChildren(VintageTestEngine.java:82)
	at org.junit.vintage.engine.VintageTestEngine.execute(VintageTestEngine.java:73)
	at org.junit.platform.launcher.core.DefaultLauncher.execute(DefaultLauncher.java:248)
	at org.junit.platform.launcher.core.DefaultLauncher.lambda$execute$5(DefaultLauncher.java:211)
	at org.junit.platform.launcher.core.DefaultLauncher.withInterceptedStreams(DefaultLauncher.java:226)
	at org.junit.platform.launcher.core.DefaultLauncher.execute(DefaultLauncher.java:199)
	at org.junit.platform.launcher.core.DefaultLauncher.execute(DefaultLauncher.java:132)
	at org.apache.maven.surefire.junitplatform.JUnitPlatformProvider.invokeAllTests(JUnitPlatformProvider.java:154)
	at org.apache.maven.surefire.junitplatform.JUnitPlatformProvider.invoke(JUnitPlatformProvider.java:123)
	at org.apache.maven.surefire.booter.ForkedBooter.runSuitesInProcess(ForkedBooter.java:377)
	at org.apache.maven.surefire.booter.ForkedBooter.execute(ForkedBooter.java:138)
	at org.apache.maven.surefire.booter.ForkedBooter.run(ForkedBooter.java:465)
	at org.apache.maven.surefire.booter.ForkedBooter.main(ForkedBooter.java:451)
]]></failure>
    <system-err><![CDATA[2024-05-01T00:31:51,492 ERROR [main] cli.TestHiveCli: Failed to execute command due to the error: java.lang.NullPointerException: Null output stream
2024-05-01T00:31:51,540  WARN [main] conf.HiveConf: HiveConf of name hive.dummyparam.test.server.specific.config.override does not exist
2024-05-01T00:31:51,540  WARN [main] conf.HiveConf: HiveConf of name hive.dummyparam.test.server.specific.config.hiveserver2site does not exist
2024-05-01T00:31:51,540  WARN [main] conf.HiveConf: HiveConf of name hive.dummyparam.test.server.specific.config.metastoresite does not exist
2024-05-01T00:31:51,541  INFO [main] SessionState: Hive Session ID = 5182a07e-1463-472d-b6a7-33a424a18655
2024-05-01T00:31:51,541  INFO [main] DependencyResolver: ivysettings.xml file not found in HIVE_HOME or HIVE_CONF_DIR,/home/alex/Repositories/hive/conf/ivysettings.xml will be used
2024-05-01T00:31:51,549  INFO [main] session.SessionState: Created HDFS directory: /tmp/hive/alex/5182a07e-1463-472d-b6a7-33a424a18655
2024-05-01T00:31:51,552  INFO [main] session.SessionState: Created local directory: /home/alex/Repositories/hive/beeline/target/tmp/alex/5182a07e-1463-472d-b6a7-33a424a18655
2024-05-01T00:31:51,555  INFO [main] session.SessionState: Created HDFS directory: /tmp/hive/alex/5182a07e-1463-472d-b6a7-33a424a18655/_tmp_space.db
2024-05-01T00:31:51,556  INFO [main] sqlstd.SQLStdHiveAccessController: Created SQLStdHiveAccessController for session context : HiveAuthzSessionContext [sessionString=5182a07e-1463-472d-b6a7-33a424a18655, clientType=HIVESERVER2]
2024-05-01T00:31:51,556  INFO [main] metastore.HiveMetaStoreClient: HMS client filtering is enabled.
2024-05-01T00:31:51,557  INFO [main] metastore.HMSHandler: 0: Opening raw store with implementation class:org.apache.hadoop.hive.metastore.ObjectStore
2024-05-01T00:31:51,557  INFO [main] metastore.PersistenceManagerProvider: Configuration datanucleus.autoStartMechanismMode is not set. Defaulting to 'ignored'
2024-05-01T00:31:51,557  INFO [main] metastore.ObjectStore: RawStore: org.apache.hadoop.hive.metastore.ObjectStore@7f1ad846, with PersistenceManager: null will be shutdown
2024-05-01T00:31:51,557  INFO [main] metastore.ObjectStore: RawStore: org.apache.hadoop.hive.metastore.ObjectStore@7f1ad846, with PersistenceManager: org.datanucleus.api.jdo.JDOPersistenceManager@5d5ae6aa created in the thread with id: 1
2024-05-01T00:31:51,560  INFO [main] metastore.HMSHandler: Created RawStore: org.apache.hadoop.hive.metastore.ObjectStore@7f1ad846 from thread id: 1
2024-05-01T00:31:51,560  INFO [main] metastore.HMSHandler: HMS server filtering is disabled by configuration
2024-05-01T00:31:51,560  INFO [main] metastore.RetryingMetaStoreClient: RetryingMetaStoreClient proxy=class org.apache.hadoop.hive.ql.metadata.SessionHiveMetaStoreClient ugi=alex (auth:SIMPLE) retries=1 delay=1 lifetime=0
2024-05-01T00:31:51,561  INFO [main] service.CompositeService: Operation log root directory is created: /home/alex/Repositories/hive/beeline/target/tmp/alex/operation_logs
2024-05-01T00:31:51,561  INFO [main] service.CompositeService: HiveServer2: Background operation thread pool size: 100
2024-05-01T00:31:51,561  INFO [main] service.CompositeService: HiveServer2: Background operation thread wait queue size: 100
2024-05-01T00:31:51,561  INFO [main] service.CompositeService: HiveServer2: Background operation thread keepalive time: 10 seconds
2024-05-01T00:31:51,561  INFO [main] service.CompositeService: Connections limit are user: 0 ipaddress: 0 user-ipaddress: 0
2024-05-01T00:31:51,562  INFO [main] cleanup.EventualCleanupService: EventualCleanupService started with 10 threads and queue of size 10000
ERROR StatusLogger Log4j2 ConfigurationScheduler attempted to increment scheduled items after start
ERROR StatusLogger Log4j2 ConfigurationScheduler attempted to increment scheduled items after start
2024-05-01T00:31:51,564  INFO [main] service.AbstractService: Service:OperationManager is inited.
2024-05-01T00:31:51,564  INFO [main] service.AbstractService: Service:SessionManager is inited.
2024-05-01T00:31:51,564  INFO [main] service.AbstractService: Service:CLIService is inited.
2024-05-01T00:31:51,564  INFO [main] service.AbstractService: Service:OperationManager is started.
2024-05-01T00:31:51,564  INFO [main] service.AbstractService: Service:SessionManager is started.
2024-05-01T00:31:51,564  INFO [main] service.AbstractService: Service:CLIService is started.
2024-05-01T00:31:51,564  INFO [main] service.AbstractService: Service:ThriftBinaryCLIService is inited.
2024-05-01T00:31:51,564  INFO [main] thrift.ThriftCLIService: Client protocol version: HIVE_CLI_SERVICE_PROTOCOL_V10
2024-05-01T00:31:51,564  INFO [main] thrift.ThriftCLIService: Creating Hive session handle for user [null] from IP null
2024-05-01T00:31:51,566  INFO [main] DependencyResolver: ivysettings.xml file not found in HIVE_HOME or HIVE_CONF_DIR,/home/alex/Repositories/hive/conf/ivysettings.xml will be used
2024-05-01T00:31:51,575  INFO [main] session.SessionState: Created HDFS directory: /tmp/hive/alex/6c057b61-96b5-4db3-a658-641f1c7297f4
2024-05-01T00:31:51,578  INFO [main] session.SessionState: Created local directory: /home/alex/Repositories/hive/beeline/target/tmp/alex/6c057b61-96b5-4db3-a658-641f1c7297f4
2024-05-01T00:31:51,582  INFO [main] session.SessionState: Created HDFS directory: /tmp/hive/alex/6c057b61-96b5-4db3-a658-641f1c7297f4/_tmp_space.db
2024-05-01T00:31:51,582  INFO [main] session.SessionState: Reloading auxiliary JAR files
2024-05-01T00:31:51,582  WARN [main] session.SessionState: Configuration hive.reloadable.aux.jars.path not specified
2024-05-01T00:31:51,582  INFO [main] HiveMetaStore.audit: ugi=alex	ip=unknown-ip-addr	cmd=Cleaning up thread local RawStore...	
2024-05-01T00:31:51,582  INFO [main] metastore.ObjectStore: RawStore: org.apache.hadoop.hive.metastore.ObjectStore@7f1ad846, with PersistenceManager: org.datanucleus.api.jdo.JDOPersistenceManager@5d5ae6aa will be shutdown
2024-05-01T00:31:51,583  INFO [main] HiveMetaStore.audit: ugi=alex	ip=unknown-ip-addr	cmd=Done cleaning up thread local RawStore	
2024-05-01T00:31:51,583  INFO [main] metastore.HiveMetaStoreClient: Closed a connection to metastore, current connections: -30
2024-05-01T00:31:51,583  INFO [main] session.HiveSessionImpl: Operation log session directory is created: /home/alex/Repositories/hive/beeline/target/tmp/alex/operation_logs/6c057b61-96b5-4db3-a658-641f1c7297f4
2024-05-01T00:31:51,583  INFO [main] service.CompositeService: Session opened, SessionHandle [6c057b61-96b5-4db3-a658-641f1c7297f4], current sessions:1
2024-05-01T00:31:51,583  INFO [main] thrift.ThriftCLIService: Login attempt is successful for user : null
2024-05-01T00:31:51,634  WARN [main] conf.HiveConf: HiveConf of name hive.dummyparam.test.server.specific.config.override does not exist
2024-05-01T00:31:51,634  WARN [main] conf.HiveConf: HiveConf of name hive.dummyparam.test.server.specific.config.hiveserver2site does not exist
2024-05-01T00:31:51,634  WARN [main] conf.HiveConf: HiveConf of name hive.dummyparam.test.server.specific.config.metastoresite does not exist
2024-05-01T00:31:51,635  INFO [6c057b61-96b5-4db3-a658-641f1c7297f4 main] session.HiveSessionImpl: executing set
2024-05-01T00:31:51,635  INFO [6c057b61-96b5-4db3-a658-641f1c7297f4 main] operation.HiveCommandOperation: Putting temp output to file /home/alex/Repositories/hive/beeline/target/tmp/alex/6c057b61-96b5-4db3-a658-641f1c7297f43969337106475747656.pipeout and error output to file /home/alex/Repositories/hive/beeline/target/tmp/alex/6c057b61-96b5-4db3-a658-641f1c7297f45806539881298694579.pipeout
2024-05-01T00:31:51,635  INFO [6c057b61-96b5-4db3-a658-641f1c7297f4 main] operation.OperationManager: Adding operation: OperationHandle [opType=EXECUTE_STATEMENT, getHandleIdentifier()=4141feaf-ab52-4c30-babb-7d1801694724] SessionHandle [6c057b61-96b5-4db3-a658-641f1c7297f4]
2024-05-01T00:31:51,636  INFO [6c057b61-96b5-4db3-a658-641f1c7297f4 main] common.LogUtils: Thread context registration is done.
DEBUG StatusLogger Building Plugin[name=filter, class=org.apache.hadoop.hive.ql.log.LogDivertAppender$NameFilter].
DEBUG StatusLogger createFilter(loggingLevel="EXECUTION")
DEBUG StatusLogger Building Plugin[name=layout, class=org.apache.logging.log4j.core.layout.PatternLayout].
DEBUG StatusLogger PatternLayout$Builder(pattern="%-5p : %m%n", PatternSelector=null, Configuration(HiveLog4j2Test), Replace=null, charset="null", alwaysWriteExceptions="null", disableAnsi="null", noConsoleNoAnsi="null", header="null", footer="null")
DEBUG StatusLogger Building Plugin[name=appender, class=org.apache.hadoop.hive.ql.log.HushableRandomAccessFileAppender].
DEBUG StatusLogger createAppender(fileName="/home/alex/Repositories/hive/beeline/target/tmp/alex/operation_logs/6c057b61-96b5-4db3-a658-641f1c7297f4/alex_20240501003151_8987da24-3814-4897-ae57-87374b262a5c", append="null", name="query-file-appender", immediateFlush="null", bufferSize="null", ignoreExceptions="null", PatternLayout(org.apache.logging.log4j.core.layout.PatternLayout with name PatternLayout), NameFilter(org.apache.hadoop.hive.ql.log.LogDivertAppender$NameFilter with name NameFilter), advertise="null", advertiseURI="null", Configuration(HiveLog4j2Test))
DEBUG StatusLogger Starting RandomAccessFileManager /home/alex/Repositories/hive/beeline/target/tmp/alex/operation_logs/6c057b61-96b5-4db3-a658-641f1c7297f4/alex_20240501003151_8987da24-3814-4897-ae57-87374b262a5c
DEBUG StatusLogger Building Plugin[name=, class=org.apache.hadoop.hive.ql.log.LogDivertAppenderForTest$TestFilter].
DEBUG StatusLogger createFilter()
DEBUG StatusLogger Building Plugin[name=, class=org.apache.logging.log4j.core.layout.PatternLayout].
DEBUG StatusLogger PatternLayout$Builder(pattern="%-5p : %m%n", PatternSelector=null, Configuration(HiveLog4j2Test), Replace=null, charset="null", alwaysWriteExceptions="null", disableAnsi="null", noConsoleNoAnsi="null", header="null", footer="null")
DEBUG StatusLogger Building Plugin[name=appender, class=org.apache.hadoop.hive.ql.log.HushableRandomAccessFileAppender].
DEBUG StatusLogger createAppender(fileName="/home/alex/Repositories/hive/beeline/target/tmp/alex/operation_logs/6c057b61-96b5-4db3-a658-641f1c7297f4/alex_20240501003151_8987da24-3814-4897-ae57-87374b262a5c.test", append="null", name="test-query-file-appender", immediateFlush="null", bufferSize="null", ignoreExceptions="null", PatternLayout(org.apache.logging.log4j.core.layout.PatternLayout with name PatternLayout), test-filter(org.apache.hadoop.hive.ql.log.LogDivertAppenderForTest$TestFilter with name test-filter), advertise="null", advertiseURI="null", Configuration(HiveLog4j2Test))
DEBUG StatusLogger Starting RandomAccessFileManager /home/alex/Repositories/hive/beeline/target/tmp/alex/operation_logs/6c057b61-96b5-4db3-a658-641f1c7297f4/alex_20240501003151_8987da24-3814-4897-ae57-87374b262a5c.test
2024-05-01T00:31:51,639  INFO [6c057b61-96b5-4db3-a658-641f1c7297f4 main] operation.HiveCommandOperation: [opType=EXECUTE_STATEMENT, queryId=alex_20240501003151_8987da24-3814-4897-ae57-87374b262a5c, startTime=1714548711635, sessionId=6c057b61-96b5-4db3-a658-641f1c7297f4, createTime=1714548711564, userName=null, ipAddress=null]
2024-05-01T00:31:51,647  INFO [6c057b61-96b5-4db3-a658-641f1c7297f4 main] common.LogUtils: Unregistered logging context.
2024-05-01T00:31:51,649  INFO [6c057b61-96b5-4db3-a658-641f1c7297f4 main] operation.OperationManager: Closing operation: OperationHandle [opType=EXECUTE_STATEMENT, getHandleIdentifier()=4141feaf-ab52-4c30-babb-7d1801694724]
2024-05-01T00:31:51,650  INFO [6c057b61-96b5-4db3-a658-641f1c7297f4 main] operation.OperationManager: Removed queryId: alex_20240501003151_8987da24-3814-4897-ae57-87374b262a5c corresponding to operation: OperationHandle [opType=EXECUTE_STATEMENT, getHandleIdentifier()=4141feaf-ab52-4c30-babb-7d1801694724] with tag: null
2024-05-01T00:31:51,650  INFO [6c057b61-96b5-4db3-a658-641f1c7297f4 main] operation.HiveCommandOperation: Closing operation log /home/alex/Repositories/hive/beeline/target/tmp/alex/operation_logs/6c057b61-96b5-4db3-a658-641f1c7297f4/alex_20240501003151_8987da24-3814-4897-ae57-87374b262a5c without delay
2024-05-01T00:31:51,652  INFO [6c057b61-96b5-4db3-a658-641f1c7297f4 main] session.HiveSessionImpl: executing show databases
2024-05-01T00:31:51,653  INFO [6c057b61-96b5-4db3-a658-641f1c7297f4 main] operation.OperationManager: Adding operation: OperationHandle [opType=EXECUTE_STATEMENT, getHandleIdentifier()=f301652b-e36a-4341-ad0e-49b1232d68fc] SessionHandle [6c057b61-96b5-4db3-a658-641f1c7297f4]
2024-05-01T00:31:51,653  INFO [6c057b61-96b5-4db3-a658-641f1c7297f4 main] common.LogUtils: Thread context registration is done.
DEBUG StatusLogger Building Plugin[name=filter, class=org.apache.hadoop.hive.ql.log.LogDivertAppender$NameFilter].
DEBUG StatusLogger createFilter(loggingLevel="EXECUTION")
DEBUG StatusLogger Building Plugin[name=layout, class=org.apache.logging.log4j.core.layout.PatternLayout].
DEBUG StatusLogger PatternLayout$Builder(pattern="%-5p : %m%n", PatternSelector=null, Configuration(HiveLog4j2Test), Replace=null, charset="null", alwaysWriteExceptions="null", disableAnsi="null", noConsoleNoAnsi="null", header="null", footer="null")
DEBUG StatusLogger Building Plugin[name=appender, class=org.apache.hadoop.hive.ql.log.HushableRandomAccessFileAppender].
DEBUG StatusLogger createAppender(fileName="/home/alex/Repositories/hive/beeline/target/tmp/alex/operation_logs/6c057b61-96b5-4db3-a658-641f1c7297f4/alex_20240501003151_1f4b90a6-ed58-4d3a-817d-e5b8bedad489", append="null", name="query-file-appender", immediateFlush="null", bufferSize="null", ignoreExceptions="null", PatternLayout(org.apache.logging.log4j.core.layout.PatternLayout with name PatternLayout), NameFilter(org.apache.hadoop.hive.ql.log.LogDivertAppender$NameFilter with name NameFilter), advertise="null", advertiseURI="null", Configuration(HiveLog4j2Test))
DEBUG StatusLogger Starting RandomAccessFileManager /home/alex/Repositories/hive/beeline/target/tmp/alex/operation_logs/6c057b61-96b5-4db3-a658-641f1c7297f4/alex_20240501003151_1f4b90a6-ed58-4d3a-817d-e5b8bedad489
DEBUG StatusLogger Building Plugin[name=, class=org.apache.hadoop.hive.ql.log.LogDivertAppenderForTest$TestFilter].
DEBUG StatusLogger createFilter()
DEBUG StatusLogger Building Plugin[name=, class=org.apache.logging.log4j.core.layout.PatternLayout].
DEBUG StatusLogger PatternLayout$Builder(pattern="%-5p : %m%n", PatternSelector=null, Configuration(HiveLog4j2Test), Replace=null, charset="null", alwaysWriteExceptions="null", disableAnsi="null", noConsoleNoAnsi="null", header="null", footer="null")
DEBUG StatusLogger Building Plugin[name=appender, class=org.apache.hadoop.hive.ql.log.HushableRandomAccessFileAppender].
DEBUG StatusLogger createAppender(fileName="/home/alex/Repositories/hive/beeline/target/tmp/alex/operation_logs/6c057b61-96b5-4db3-a658-641f1c7297f4/alex_20240501003151_1f4b90a6-ed58-4d3a-817d-e5b8bedad489.test", append="null", name="test-query-file-appender", immediateFlush="null", bufferSize="null", ignoreExceptions="null", PatternLayout(org.apache.logging.log4j.core.layout.PatternLayout with name PatternLayout), test-filter(org.apache.hadoop.hive.ql.log.LogDivertAppenderForTest$TestFilter with name test-filter), advertise="null", advertiseURI="null", Configuration(HiveLog4j2Test))
DEBUG StatusLogger Starting RandomAccessFileManager /home/alex/Repositories/hive/beeline/target/tmp/alex/operation_logs/6c057b61-96b5-4db3-a658-641f1c7297f4/alex_20240501003151_1f4b90a6-ed58-4d3a-817d-e5b8bedad489.test
2024-05-01T00:31:51,657  INFO [6c057b61-96b5-4db3-a658-641f1c7297f4 main] operation.SQLOperation: [opType=EXECUTE_STATEMENT, queryId=alex_20240501003151_1f4b90a6-ed58-4d3a-817d-e5b8bedad489, startTime=1714548711653, sessionId=6c057b61-96b5-4db3-a658-641f1c7297f4, createTime=1714548711564, userName=null, ipAddress=null]
2024-05-01T00:31:51,658  INFO [6c057b61-96b5-4db3-a658-641f1c7297f4 main] ql.Driver: Compiling command(queryId=alex_20240501003151_1f4b90a6-ed58-4d3a-817d-e5b8bedad489): show databases
2024-05-01T00:31:51,659  INFO [6c057b61-96b5-4db3-a658-641f1c7297f4 main] metastore.HiveMetaStoreClient: HMS client filtering is enabled.
2024-05-01T00:31:51,659  INFO [6c057b61-96b5-4db3-a658-641f1c7297f4 main] metastore.HMSHandler: 0: Opening raw store with implementation class:org.apache.hadoop.hive.metastore.ObjectStore
2024-05-01T00:31:51,660  INFO [6c057b61-96b5-4db3-a658-641f1c7297f4 main] metastore.PersistenceManagerProvider: Configuration datanucleus.autoStartMechanismMode is not set. Defaulting to 'ignored'
2024-05-01T00:31:51,660  INFO [6c057b61-96b5-4db3-a658-641f1c7297f4 main] metastore.ObjectStore: RawStore: org.apache.hadoop.hive.metastore.ObjectStore@12e3f4ae, with PersistenceManager: null will be shutdown
2024-05-01T00:31:51,660  INFO [6c057b61-96b5-4db3-a658-641f1c7297f4 main] metastore.ObjectStore: RawStore: org.apache.hadoop.hive.metastore.ObjectStore@12e3f4ae, with PersistenceManager: org.datanucleus.api.jdo.JDOPersistenceManager@537451d5 created in the thread with id: 1
2024-05-01T00:31:51,662  INFO [6c057b61-96b5-4db3-a658-641f1c7297f4 main] metastore.HMSHandler: Created RawStore: org.apache.hadoop.hive.metastore.ObjectStore@12e3f4ae from thread id: 1
2024-05-01T00:31:51,663  INFO [6c057b61-96b5-4db3-a658-641f1c7297f4 main] metastore.HMSHandler: HMS server filtering is disabled by configuration
2024-05-01T00:31:51,663  INFO [6c057b61-96b5-4db3-a658-641f1c7297f4 main] metastore.RetryingMetaStoreClient: RetryingMetaStoreClient proxy=class org.apache.hadoop.hive.ql.metadata.SessionHiveMetaStoreClient ugi=alex (auth:SIMPLE) retries=1 delay=1 lifetime=0
2024-05-01T00:31:51,667  INFO [6c057b61-96b5-4db3-a658-641f1c7297f4 main] ql.Driver: Semantic Analysis Completed (retrial = false)
2024-05-01T00:31:51,667  INFO [6c057b61-96b5-4db3-a658-641f1c7297f4 main] ql.Driver: Created Hive schema: Schema(fieldSchemas:[FieldSchema(name:database_name, type:string, comment:from deserializer)], properties:null)
2024-05-01T00:31:51,667  INFO [6c057b61-96b5-4db3-a658-641f1c7297f4 main] exec.ListSinkOperator: Initializing Operator: LIST_SINK[0]
2024-05-01T00:31:51,668  INFO [6c057b61-96b5-4db3-a658-641f1c7297f4 main] metadata.Hive: Dumping metastore api call timing information for : compilation phase
2024-05-01T00:31:51,668  INFO [6c057b61-96b5-4db3-a658-641f1c7297f4 main] metadata.Hive: Total time spent in each metastore function (ms): {isCompatibleWith_(Configuration)=0, flushCache_()=0}
2024-05-01T00:31:51,668  INFO [6c057b61-96b5-4db3-a658-641f1c7297f4 main] ql.Driver: Completed compiling command(queryId=alex_20240501003151_1f4b90a6-ed58-4d3a-817d-e5b8bedad489); Time taken: 0.01 seconds
2024-05-01T00:31:51,668  INFO [6c057b61-96b5-4db3-a658-641f1c7297f4 main] common.LogUtils: Unregistered logging context.
2024-05-01T00:31:51,669  INFO [HiveServer2-Background-Pool: Thread-488] common.LogUtils: Thread context registration is done.
2024-05-01T00:31:51,669  INFO [HiveServer2-Background-Pool: Thread-488] reexec.ReExecDriver: Execution #1 of query
2024-05-01T00:31:51,669  INFO [HiveServer2-Background-Pool: Thread-488] ql.Driver: Concurrency mode is disabled, not creating a lock manager
2024-05-01T00:31:51,670  INFO [HiveServer2-Background-Pool: Thread-488] ql.Driver: Executing command(queryId=alex_20240501003151_1f4b90a6-ed58-4d3a-817d-e5b8bedad489): show databases
2024-05-01T00:31:51,670  INFO [HiveServer2-Background-Pool: Thread-488] ql.Driver: Starting task [Stage-0:DDL] in serial mode
2024-05-01T00:31:51,671  INFO [HiveServer2-Background-Pool: Thread-488] HiveMetaStore.audit: ugi=alex	ip=unknown-ip-addr	cmd=get_databases: @hive#	
2024-05-01T00:31:51,672  INFO [HiveServer2-Background-Pool: Thread-488] metastore.HMSHandler: 24: Opening raw store with implementation class:org.apache.hadoop.hive.metastore.ObjectStore
2024-05-01T00:31:51,672  INFO [HiveServer2-Background-Pool: Thread-488] metastore.ObjectStore: RawStore: org.apache.hadoop.hive.metastore.ObjectStore@4b6bd4a1, with PersistenceManager: null will be shutdown
2024-05-01T00:31:51,672  INFO [HiveServer2-Background-Pool: Thread-488] metastore.ObjectStore: RawStore: org.apache.hadoop.hive.metastore.ObjectStore@4b6bd4a1, with PersistenceManager: org.datanucleus.api.jdo.JDOPersistenceManager@e6943a8 created in the thread with id: 488
2024-05-01T00:31:51,674  INFO [HiveServer2-Background-Pool: Thread-488] metastore.HMSHandler: Created RawStore: org.apache.hadoop.hive.metastore.ObjectStore@4b6bd4a1 from thread id: 488
2024-05-01T00:31:51,681  INFO [HiveServer2-Background-Pool: Thread-488] sqlstd.SQLStdHiveAccessController: Created SQLStdHiveAccessController for session context : HiveAuthzSessionContext [sessionString=6c057b61-96b5-4db3-a658-641f1c7297f4, clientType=HIVESERVER2]
2024-05-01T00:31:51,681  INFO [HiveServer2-Background-Pool: Thread-488] exec.DDLTask: Found 3 database(s) matching the SHOW DATABASES statement.
2024-05-01T00:31:51,689  INFO [HiveServer2-Background-Pool: Thread-488] metadata.Hive: Dumping metastore api call timing information for : execution phase
2024-05-01T00:31:51,689  INFO [HiveServer2-Background-Pool: Thread-488] metadata.Hive: Total time spent in each metastore function (ms): {isCompatibleWith_(Configuration)=0, getAllDatabases_()=10}
2024-05-01T00:31:51,689  INFO [HiveServer2-Background-Pool: Thread-488] ql.Driver: Completed executing command(queryId=alex_20240501003151_1f4b90a6-ed58-4d3a-817d-e5b8bedad489); Time taken: 0.019 seconds
2024-05-01T00:31:51,690  INFO [HiveServer2-Background-Pool: Thread-488] common.LogUtils: Unregistered logging context.
2024-05-01T00:31:51,693  INFO [6c057b61-96b5-4db3-a658-641f1c7297f4 main] operation.OperationManager: Closing operation: OperationHandle [opType=EXECUTE_STATEMENT, getHandleIdentifier()=f301652b-e36a-4341-ad0e-49b1232d68fc]
2024-05-01T00:31:51,693  INFO [6c057b61-96b5-4db3-a658-641f1c7297f4 main] operation.OperationManager: Removed queryId: alex_20240501003151_1f4b90a6-ed58-4d3a-817d-e5b8bedad489 corresponding to operation: OperationHandle [opType=EXECUTE_STATEMENT, getHandleIdentifier()=f301652b-e36a-4341-ad0e-49b1232d68fc] with tag: null
2024-05-01T00:31:51,693  INFO [6c057b61-96b5-4db3-a658-641f1c7297f4 main] ql.Context: Deleting scratch dir: file:/home/alex/Repositories/hive/beeline/target/tmp/alex/6c057b61-96b5-4db3-a658-641f1c7297f4/hive_2024-05-01_00-31-51_658_8093837226936435846-1
2024-05-01T00:31:51,693  INFO [6c057b61-96b5-4db3-a658-641f1c7297f4 main] cleanup.EventualCleanupService: Delete file:/home/alex/Repositories/hive/beeline/target/tmp/alex/6c057b61-96b5-4db3-a658-641f1c7297f4/hive_2024-05-01_00-31-51_658_8093837226936435846-1 operation was queued
2024-05-01T00:31:51,693  INFO [6c057b61-96b5-4db3-a658-641f1c7297f4 main] exec.ListSinkOperator: Closing Operator: LIST_SINK[0]
2024-05-01T00:31:51,693  INFO [6c057b61-96b5-4db3-a658-641f1c7297f4 main] exec.ListSinkOperator: RECORDS_OUT_INTERMEDIATE:0, RECORDS_OUT_OPERATOR_LIST_SINK_0:0, 
2024-05-01T00:31:51,693  INFO [6c057b61-96b5-4db3-a658-641f1c7297f4 main] operation.SQLOperation: Closing operation log /home/alex/Repositories/hive/beeline/target/tmp/alex/operation_logs/6c057b61-96b5-4db3-a658-641f1c7297f4/alex_20240501003151_1f4b90a6-ed58-4d3a-817d-e5b8bedad489 without delay
2024-05-01T00:31:51,693  INFO [EventualCleanupService thread 0] cleanup.EventualCleanupService: Deleted file:/home/alex/Repositories/hive/beeline/target/tmp/alex/6c057b61-96b5-4db3-a658-641f1c7297f4/hive_2024-05-01_00-31-51_658_8093837226936435846-1
2024-05-01T00:31:51,694  INFO [main] service.CompositeService: Session closed, SessionHandle [6c057b61-96b5-4db3-a658-641f1c7297f4], current sessions:0
2024-05-01T00:31:51,694  INFO [6c057b61-96b5-4db3-a658-641f1c7297f4 main] session.HiveSessionImpl: Operation log session directory is deleted: /home/alex/Repositories/hive/beeline/target/tmp/alex/operation_logs/6c057b61-96b5-4db3-a658-641f1c7297f4
2024-05-01T00:31:51,694  INFO [main] cleanup.EventualCleanupService: Delete /tmp/hive/alex/6c057b61-96b5-4db3-a658-641f1c7297f4 operation was queued
2024-05-01T00:31:51,694  INFO [main] cleanup.EventualCleanupService: Delete /home/alex/Repositories/hive/beeline/target/tmp/alex/6c057b61-96b5-4db3-a658-641f1c7297f4 operation was queued
2024-05-01T00:31:51,694  INFO [EventualCleanupService thread 2] cleanup.EventualCleanupService: Deleted /home/alex/Repositories/hive/beeline/target/tmp/alex/6c057b61-96b5-4db3-a658-641f1c7297f4
2024-05-01T00:31:51,694  INFO [EventualCleanupService thread 1] cleanup.EventualCleanupService: Deleted /tmp/hive/alex/6c057b61-96b5-4db3-a658-641f1c7297f4
2024-05-01T00:31:51,695  INFO [main] HiveMetaStore.audit: ugi=alex	ip=unknown-ip-addr	cmd=Cleaning up thread local RawStore...	
2024-05-01T00:31:51,695  INFO [main] metastore.ObjectStore: RawStore: org.apache.hadoop.hive.metastore.ObjectStore@12e3f4ae, with PersistenceManager: org.datanucleus.api.jdo.JDOPersistenceManager@537451d5 will be shutdown
2024-05-01T00:31:51,695  INFO [main] HiveMetaStore.audit: ugi=alex	ip=unknown-ip-addr	cmd=Done cleaning up thread local RawStore	
2024-05-01T00:31:51,695  INFO [main] metastore.HiveMetaStoreClient: Closed a connection to metastore, current connections: -31
2024-05-01T00:31:51,695 ERROR [main] cli.TestHiveCli: Failed due to the error:Connecting to jdbc:hive2://
Hive Session ID = 5182a07e-1463-472d-b6a7-33a424a18655
ivysettings.xml file not found in HIVE_HOME or HIVE_CONF_DIR,/home/alex/Repositories/hive/conf/ivysettings.xml will be used
ivysettings.xml file not found in HIVE_HOME or HIVE_CONF_DIR,/home/alex/Repositories/hive/conf/ivysettings.xml will be used
Connected to: Apache Hive (version 4.0.0-SNAPSHOT)
Error: Couldn't load manifest attributes. (state=,code=0)
Transaction isolation: TRANSACTION_REPEATABLE_READ
INFO  : Compiling command(queryId=alex_20240501003151_1f4b90a6-ed58-4d3a-817d-e5b8bedad489): show databases
INFO  : Semantic Analysis Completed (retrial = false)
INFO  : Created Hive schema: Schema(fieldSchemas:[FieldSchema(name:database_name, type:string, comment:from deserializer)], properties:null)
INFO  : Completed compiling command(queryId=alex_20240501003151_1f4b90a6-ed58-4d3a-817d-e5b8bedad489); Time taken: 0.01 seconds
INFO  : Concurrency mode is disabled, not creating a lock manager
INFO  : Executing command(queryId=alex_20240501003151_1f4b90a6-ed58-4d3a-817d-e5b8bedad489): show databases
INFO  : Starting task [Stage-0:DDL] in serial mode
DEBUG : Task getting executed using mapred tag : alex_20240501003151_1f4b90a6-ed58-4d3a-817d-e5b8bedad489,userid=null
INFO  : Completed executing command(queryId=alex_20240501003151_1f4b90a6-ed58-4d3a-817d-e5b8bedad489); Time taken: 0.019 seconds
DEBUG : Shutting down query show databases
Error: Failed to wait for operation to complete (state=08S01,code=0)
Closing: 0: jdbc:hive2://

]]></system-err>
  </testcase>
  <testcase name="testSqlFromCmdWithComments2" classname="org.apache.hive.beeline.cli.TestHiveCli" time="0.167"/>
  <testcase name="testSqlFromCmdWithComments3" classname="org.apache.hive.beeline.cli.TestHiveCli" time="0.192">
    <failure type="java.lang.AssertionError"><![CDATA[java.lang.AssertionError: Supported return code is 0 while the actual is 1
	at org.junit.Assert.fail(Assert.java:89)
	at org.apache.hive.beeline.cli.TestHiveCli.executeCMD(TestHiveCli.java:256)
	at org.apache.hive.beeline.cli.TestHiveCli.verifyCMD(TestHiveCli.java:266)
	at org.apache.hive.beeline.cli.TestHiveCli.testSqlFromCmdWithComments3(TestHiveCli.java:160)
	at sun.reflect.NativeMethodAccessorImpl.invoke0(Native Method)
	at sun.reflect.NativeMethodAccessorImpl.invoke(NativeMethodAccessorImpl.java:62)
	at sun.reflect.DelegatingMethodAccessorImpl.invoke(DelegatingMethodAccessorImpl.java:43)
	at java.lang.reflect.Method.invoke(Method.java:498)
	at org.junit.runners.model.FrameworkMethod$1.runReflectiveCall(FrameworkMethod.java:59)
	at org.junit.internal.runners.model.ReflectiveCallable.run(ReflectiveCallable.java:12)
	at org.junit.runners.model.FrameworkMethod.invokeExplosively(FrameworkMethod.java:56)
	at org.junit.internal.runners.statements.InvokeMethod.evaluate(InvokeMethod.java:17)
	at org.junit.internal.runners.statements.RunBefores.evaluate(RunBefores.java:26)
	at org.junit.internal.runners.statements.RunAfters.evaluate(RunAfters.java:27)
	at org.junit.runners.ParentRunner$3.evaluate(ParentRunner.java:306)
	at org.junit.runners.BlockJUnit4ClassRunner$1.evaluate(BlockJUnit4ClassRunner.java:100)
	at org.junit.runners.ParentRunner.runLeaf(ParentRunner.java:366)
	at org.junit.runners.BlockJUnit4ClassRunner.runChild(BlockJUnit4ClassRunner.java:103)
	at org.junit.runners.BlockJUnit4ClassRunner.runChild(BlockJUnit4ClassRunner.java:63)
	at org.junit.runners.ParentRunner$4.run(ParentRunner.java:331)
	at org.junit.runners.ParentRunner$1.schedule(ParentRunner.java:79)
	at org.junit.runners.ParentRunner.runChildren(ParentRunner.java:329)
	at org.junit.runners.ParentRunner.access$100(ParentRunner.java:66)
	at org.junit.runners.ParentRunner$2.evaluate(ParentRunner.java:293)
	at org.junit.internal.runners.statements.RunBefores.evaluate(RunBefores.java:26)
	at org.junit.runners.ParentRunner$3.evaluate(ParentRunner.java:306)
	at org.junit.runners.ParentRunner.run(ParentRunner.java:413)
	at org.junit.runner.JUnitCore.run(JUnitCore.java:137)
	at org.junit.runner.JUnitCore.run(JUnitCore.java:115)
	at org.junit.vintage.engine.execution.RunnerExecutor.execute(RunnerExecutor.java:43)
	at java.util.stream.ForEachOps$ForEachOp$OfRef.accept(ForEachOps.java:183)
	at java.util.stream.ReferencePipeline$3$1.accept(ReferencePipeline.java:193)
	at java.util.Iterator.forEachRemaining(Iterator.java:116)
	at java.util.Spliterators$IteratorSpliterator.forEachRemaining(Spliterators.java:1801)
	at java.util.stream.AbstractPipeline.copyInto(AbstractPipeline.java:482)
	at java.util.stream.AbstractPipeline.wrapAndCopyInto(AbstractPipeline.java:472)
	at java.util.stream.ForEachOps$ForEachOp.evaluateSequential(ForEachOps.java:150)
	at java.util.stream.ForEachOps$ForEachOp$OfRef.evaluateSequential(ForEachOps.java:173)
	at java.util.stream.AbstractPipeline.evaluate(AbstractPipeline.java:234)
	at java.util.stream.ReferencePipeline.forEach(ReferencePipeline.java:485)
	at org.junit.vintage.engine.VintageTestEngine.executeAllChildren(VintageTestEngine.java:82)
	at org.junit.vintage.engine.VintageTestEngine.execute(VintageTestEngine.java:73)
	at org.junit.platform.launcher.core.DefaultLauncher.execute(DefaultLauncher.java:248)
	at org.junit.platform.launcher.core.DefaultLauncher.lambda$execute$5(DefaultLauncher.java:211)
	at org.junit.platform.launcher.core.DefaultLauncher.withInterceptedStreams(DefaultLauncher.java:226)
	at org.junit.platform.launcher.core.DefaultLauncher.execute(DefaultLauncher.java:199)
	at org.junit.platform.launcher.core.DefaultLauncher.execute(DefaultLauncher.java:132)
	at org.apache.maven.surefire.junitplatform.JUnitPlatformProvider.invokeAllTests(JUnitPlatformProvider.java:154)
	at org.apache.maven.surefire.junitplatform.JUnitPlatformProvider.invoke(JUnitPlatformProvider.java:123)
	at org.apache.maven.surefire.booter.ForkedBooter.runSuitesInProcess(ForkedBooter.java:377)
	at org.apache.maven.surefire.booter.ForkedBooter.execute(ForkedBooter.java:138)
	at org.apache.maven.surefire.booter.ForkedBooter.run(ForkedBooter.java:465)
	at org.apache.maven.surefire.booter.ForkedBooter.main(ForkedBooter.java:451)
]]></failure>
    <system-err><![CDATA[2024-05-01T00:31:51,864 ERROR [main] cli.TestHiveCli: Failed to execute command due to the error: java.lang.NullPointerException: Null output stream
2024-05-01T00:31:51,913  WARN [main] conf.HiveConf: HiveConf of name hive.dummyparam.test.server.specific.config.override does not exist
2024-05-01T00:31:51,913  WARN [main] conf.HiveConf: HiveConf of name hive.dummyparam.test.server.specific.config.hiveserver2site does not exist
2024-05-01T00:31:51,913  WARN [main] conf.HiveConf: HiveConf of name hive.dummyparam.test.server.specific.config.metastoresite does not exist
2024-05-01T00:31:51,914  INFO [main] SessionState: Hive Session ID = f6351321-c466-43b2-aace-331bc06cf8a3
2024-05-01T00:31:51,914  INFO [main] DependencyResolver: ivysettings.xml file not found in HIVE_HOME or HIVE_CONF_DIR,/home/alex/Repositories/hive/conf/ivysettings.xml will be used
2024-05-01T00:31:51,921  INFO [main] session.SessionState: Created HDFS directory: /tmp/hive/alex/f6351321-c466-43b2-aace-331bc06cf8a3
2024-05-01T00:31:51,925  INFO [main] session.SessionState: Created local directory: /home/alex/Repositories/hive/beeline/target/tmp/alex/f6351321-c466-43b2-aace-331bc06cf8a3
2024-05-01T00:31:51,928  INFO [main] session.SessionState: Created HDFS directory: /tmp/hive/alex/f6351321-c466-43b2-aace-331bc06cf8a3/_tmp_space.db
2024-05-01T00:31:51,929  INFO [main] sqlstd.SQLStdHiveAccessController: Created SQLStdHiveAccessController for session context : HiveAuthzSessionContext [sessionString=f6351321-c466-43b2-aace-331bc06cf8a3, clientType=HIVESERVER2]
2024-05-01T00:31:51,929  INFO [main] metastore.HiveMetaStoreClient: HMS client filtering is enabled.
2024-05-01T00:31:51,930  INFO [main] metastore.HMSHandler: 0: Opening raw store with implementation class:org.apache.hadoop.hive.metastore.ObjectStore
2024-05-01T00:31:51,930  INFO [main] metastore.PersistenceManagerProvider: Configuration datanucleus.autoStartMechanismMode is not set. Defaulting to 'ignored'
2024-05-01T00:31:51,930  INFO [main] metastore.ObjectStore: RawStore: org.apache.hadoop.hive.metastore.ObjectStore@69d021c1, with PersistenceManager: null will be shutdown
2024-05-01T00:31:51,930  INFO [main] metastore.ObjectStore: RawStore: org.apache.hadoop.hive.metastore.ObjectStore@69d021c1, with PersistenceManager: org.datanucleus.api.jdo.JDOPersistenceManager@6d5508a5 created in the thread with id: 1
2024-05-01T00:31:51,932  INFO [main] metastore.HMSHandler: Created RawStore: org.apache.hadoop.hive.metastore.ObjectStore@69d021c1 from thread id: 1
2024-05-01T00:31:51,932  INFO [main] metastore.HMSHandler: HMS server filtering is disabled by configuration
2024-05-01T00:31:51,933  INFO [main] metastore.RetryingMetaStoreClient: RetryingMetaStoreClient proxy=class org.apache.hadoop.hive.ql.metadata.SessionHiveMetaStoreClient ugi=alex (auth:SIMPLE) retries=1 delay=1 lifetime=0
2024-05-01T00:31:51,933  INFO [main] service.CompositeService: Operation log root directory is created: /home/alex/Repositories/hive/beeline/target/tmp/alex/operation_logs
2024-05-01T00:31:51,933  INFO [main] service.CompositeService: HiveServer2: Background operation thread pool size: 100
2024-05-01T00:31:51,933  INFO [main] service.CompositeService: HiveServer2: Background operation thread wait queue size: 100
2024-05-01T00:31:51,933  INFO [main] service.CompositeService: HiveServer2: Background operation thread keepalive time: 10 seconds
2024-05-01T00:31:51,933  INFO [main] service.CompositeService: Connections limit are user: 0 ipaddress: 0 user-ipaddress: 0
2024-05-01T00:31:51,935  INFO [main] cleanup.EventualCleanupService: EventualCleanupService started with 10 threads and queue of size 10000
ERROR StatusLogger Log4j2 ConfigurationScheduler attempted to increment scheduled items after start
ERROR StatusLogger Log4j2 ConfigurationScheduler attempted to increment scheduled items after start
2024-05-01T00:31:51,936  INFO [main] service.AbstractService: Service:OperationManager is inited.
2024-05-01T00:31:51,936  INFO [main] service.AbstractService: Service:SessionManager is inited.
2024-05-01T00:31:51,936  INFO [main] service.AbstractService: Service:CLIService is inited.
2024-05-01T00:31:51,936  INFO [main] service.AbstractService: Service:OperationManager is started.
2024-05-01T00:31:51,936  INFO [main] service.AbstractService: Service:SessionManager is started.
2024-05-01T00:31:51,936  INFO [main] service.AbstractService: Service:CLIService is started.
2024-05-01T00:31:51,936  INFO [main] service.AbstractService: Service:ThriftBinaryCLIService is inited.
2024-05-01T00:31:51,936  INFO [main] thrift.ThriftCLIService: Client protocol version: HIVE_CLI_SERVICE_PROTOCOL_V10
2024-05-01T00:31:51,936  INFO [main] thrift.ThriftCLIService: Creating Hive session handle for user [null] from IP null
2024-05-01T00:31:51,937  INFO [main] DependencyResolver: ivysettings.xml file not found in HIVE_HOME or HIVE_CONF_DIR,/home/alex/Repositories/hive/conf/ivysettings.xml will be used
2024-05-01T00:31:51,945  INFO [main] session.SessionState: Created HDFS directory: /tmp/hive/alex/f8e91b92-c7aa-4d17-9cdf-57b488225112
2024-05-01T00:31:51,948  INFO [main] session.SessionState: Created local directory: /home/alex/Repositories/hive/beeline/target/tmp/alex/f8e91b92-c7aa-4d17-9cdf-57b488225112
2024-05-01T00:31:51,951  INFO [main] session.SessionState: Created HDFS directory: /tmp/hive/alex/f8e91b92-c7aa-4d17-9cdf-57b488225112/_tmp_space.db
2024-05-01T00:31:51,952  INFO [main] session.SessionState: Reloading auxiliary JAR files
2024-05-01T00:31:51,952  WARN [main] session.SessionState: Configuration hive.reloadable.aux.jars.path not specified
2024-05-01T00:31:51,952  INFO [main] HiveMetaStore.audit: ugi=alex	ip=unknown-ip-addr	cmd=Cleaning up thread local RawStore...	
2024-05-01T00:31:51,952  INFO [main] metastore.ObjectStore: RawStore: org.apache.hadoop.hive.metastore.ObjectStore@69d021c1, with PersistenceManager: org.datanucleus.api.jdo.JDOPersistenceManager@6d5508a5 will be shutdown
2024-05-01T00:31:51,952  INFO [main] HiveMetaStore.audit: ugi=alex	ip=unknown-ip-addr	cmd=Done cleaning up thread local RawStore	
2024-05-01T00:31:51,952  INFO [main] metastore.HiveMetaStoreClient: Closed a connection to metastore, current connections: -33
2024-05-01T00:31:51,952  INFO [main] session.HiveSessionImpl: Operation log session directory is created: /home/alex/Repositories/hive/beeline/target/tmp/alex/operation_logs/f8e91b92-c7aa-4d17-9cdf-57b488225112
2024-05-01T00:31:51,952  INFO [main] service.CompositeService: Session opened, SessionHandle [f8e91b92-c7aa-4d17-9cdf-57b488225112], current sessions:1
2024-05-01T00:31:51,952  INFO [main] thrift.ThriftCLIService: Login attempt is successful for user : null
2024-05-01T00:31:51,999  WARN [main] conf.HiveConf: HiveConf of name hive.dummyparam.test.server.specific.config.override does not exist
2024-05-01T00:31:51,999  WARN [main] conf.HiveConf: HiveConf of name hive.dummyparam.test.server.specific.config.hiveserver2site does not exist
2024-05-01T00:31:52,000  WARN [main] conf.HiveConf: HiveConf of name hive.dummyparam.test.server.specific.config.metastoresite does not exist
2024-05-01T00:31:52,000  INFO [f8e91b92-c7aa-4d17-9cdf-57b488225112 main] session.HiveSessionImpl: executing set
2024-05-01T00:31:52,001  INFO [f8e91b92-c7aa-4d17-9cdf-57b488225112 main] operation.HiveCommandOperation: Putting temp output to file /home/alex/Repositories/hive/beeline/target/tmp/alex/f8e91b92-c7aa-4d17-9cdf-57b4882251122611213396126466100.pipeout and error output to file /home/alex/Repositories/hive/beeline/target/tmp/alex/f8e91b92-c7aa-4d17-9cdf-57b488225112291101899008248456.pipeout
2024-05-01T00:31:52,001  INFO [f8e91b92-c7aa-4d17-9cdf-57b488225112 main] operation.OperationManager: Adding operation: OperationHandle [opType=EXECUTE_STATEMENT, getHandleIdentifier()=3c4b3ac6-6d1e-480a-93f6-42442c33c587] SessionHandle [f8e91b92-c7aa-4d17-9cdf-57b488225112]
2024-05-01T00:31:52,001  INFO [f8e91b92-c7aa-4d17-9cdf-57b488225112 main] common.LogUtils: Thread context registration is done.
DEBUG StatusLogger Building Plugin[name=filter, class=org.apache.hadoop.hive.ql.log.LogDivertAppender$NameFilter].
DEBUG StatusLogger createFilter(loggingLevel="EXECUTION")
DEBUG StatusLogger Building Plugin[name=layout, class=org.apache.logging.log4j.core.layout.PatternLayout].
DEBUG StatusLogger PatternLayout$Builder(pattern="%-5p : %m%n", PatternSelector=null, Configuration(HiveLog4j2Test), Replace=null, charset="null", alwaysWriteExceptions="null", disableAnsi="null", noConsoleNoAnsi="null", header="null", footer="null")
DEBUG StatusLogger Building Plugin[name=appender, class=org.apache.hadoop.hive.ql.log.HushableRandomAccessFileAppender].
DEBUG StatusLogger createAppender(fileName="/home/alex/Repositories/hive/beeline/target/tmp/alex/operation_logs/f8e91b92-c7aa-4d17-9cdf-57b488225112/alex_20240501003152_5f96c9cc-d61d-4a54-b35a-c5f7940f2877", append="null", name="query-file-appender", immediateFlush="null", bufferSize="null", ignoreExceptions="null", PatternLayout(org.apache.logging.log4j.core.layout.PatternLayout with name PatternLayout), NameFilter(org.apache.hadoop.hive.ql.log.LogDivertAppender$NameFilter with name NameFilter), advertise="null", advertiseURI="null", Configuration(HiveLog4j2Test))
DEBUG StatusLogger Starting RandomAccessFileManager /home/alex/Repositories/hive/beeline/target/tmp/alex/operation_logs/f8e91b92-c7aa-4d17-9cdf-57b488225112/alex_20240501003152_5f96c9cc-d61d-4a54-b35a-c5f7940f2877
DEBUG StatusLogger Building Plugin[name=, class=org.apache.hadoop.hive.ql.log.LogDivertAppenderForTest$TestFilter].
DEBUG StatusLogger createFilter()
DEBUG StatusLogger Building Plugin[name=, class=org.apache.logging.log4j.core.layout.PatternLayout].
DEBUG StatusLogger PatternLayout$Builder(pattern="%-5p : %m%n", PatternSelector=null, Configuration(HiveLog4j2Test), Replace=null, charset="null", alwaysWriteExceptions="null", disableAnsi="null", noConsoleNoAnsi="null", header="null", footer="null")
DEBUG StatusLogger Building Plugin[name=appender, class=org.apache.hadoop.hive.ql.log.HushableRandomAccessFileAppender].
DEBUG StatusLogger createAppender(fileName="/home/alex/Repositories/hive/beeline/target/tmp/alex/operation_logs/f8e91b92-c7aa-4d17-9cdf-57b488225112/alex_20240501003152_5f96c9cc-d61d-4a54-b35a-c5f7940f2877.test", append="null", name="test-query-file-appender", immediateFlush="null", bufferSize="null", ignoreExceptions="null", PatternLayout(org.apache.logging.log4j.core.layout.PatternLayout with name PatternLayout), test-filter(org.apache.hadoop.hive.ql.log.LogDivertAppenderForTest$TestFilter with name test-filter), advertise="null", advertiseURI="null", Configuration(HiveLog4j2Test))
DEBUG StatusLogger Starting RandomAccessFileManager /home/alex/Repositories/hive/beeline/target/tmp/alex/operation_logs/f8e91b92-c7aa-4d17-9cdf-57b488225112/alex_20240501003152_5f96c9cc-d61d-4a54-b35a-c5f7940f2877.test
2024-05-01T00:31:52,005  INFO [f8e91b92-c7aa-4d17-9cdf-57b488225112 main] operation.HiveCommandOperation: [opType=EXECUTE_STATEMENT, queryId=alex_20240501003152_5f96c9cc-d61d-4a54-b35a-c5f7940f2877, startTime=1714548712000, sessionId=f8e91b92-c7aa-4d17-9cdf-57b488225112, createTime=1714548711936, userName=null, ipAddress=null]
2024-05-01T00:31:52,014  INFO [f8e91b92-c7aa-4d17-9cdf-57b488225112 main] common.LogUtils: Unregistered logging context.
2024-05-01T00:31:52,016  INFO [f8e91b92-c7aa-4d17-9cdf-57b488225112 main] operation.OperationManager: Closing operation: OperationHandle [opType=EXECUTE_STATEMENT, getHandleIdentifier()=3c4b3ac6-6d1e-480a-93f6-42442c33c587]
2024-05-01T00:31:52,016  INFO [f8e91b92-c7aa-4d17-9cdf-57b488225112 main] operation.OperationManager: Removed queryId: alex_20240501003152_5f96c9cc-d61d-4a54-b35a-c5f7940f2877 corresponding to operation: OperationHandle [opType=EXECUTE_STATEMENT, getHandleIdentifier()=3c4b3ac6-6d1e-480a-93f6-42442c33c587] with tag: null
2024-05-01T00:31:52,017  INFO [f8e91b92-c7aa-4d17-9cdf-57b488225112 main] operation.HiveCommandOperation: Closing operation log /home/alex/Repositories/hive/beeline/target/tmp/alex/operation_logs/f8e91b92-c7aa-4d17-9cdf-57b488225112/alex_20240501003152_5f96c9cc-d61d-4a54-b35a-c5f7940f2877 without delay
2024-05-01T00:31:52,019  INFO [f8e91b92-c7aa-4d17-9cdf-57b488225112 main] session.HiveSessionImpl: executing show databases
2024-05-01T00:31:52,020  INFO [f8e91b92-c7aa-4d17-9cdf-57b488225112 main] operation.OperationManager: Adding operation: OperationHandle [opType=EXECUTE_STATEMENT, getHandleIdentifier()=dc830e1d-94c7-4683-b155-12785a857565] SessionHandle [f8e91b92-c7aa-4d17-9cdf-57b488225112]
2024-05-01T00:31:52,020  INFO [f8e91b92-c7aa-4d17-9cdf-57b488225112 main] common.LogUtils: Thread context registration is done.
DEBUG StatusLogger Building Plugin[name=filter, class=org.apache.hadoop.hive.ql.log.LogDivertAppender$NameFilter].
DEBUG StatusLogger createFilter(loggingLevel="EXECUTION")
DEBUG StatusLogger Building Plugin[name=layout, class=org.apache.logging.log4j.core.layout.PatternLayout].
DEBUG StatusLogger PatternLayout$Builder(pattern="%-5p : %m%n", PatternSelector=null, Configuration(HiveLog4j2Test), Replace=null, charset="null", alwaysWriteExceptions="null", disableAnsi="null", noConsoleNoAnsi="null", header="null", footer="null")
DEBUG StatusLogger Building Plugin[name=appender, class=org.apache.hadoop.hive.ql.log.HushableRandomAccessFileAppender].
DEBUG StatusLogger createAppender(fileName="/home/alex/Repositories/hive/beeline/target/tmp/alex/operation_logs/f8e91b92-c7aa-4d17-9cdf-57b488225112/alex_20240501003152_3b3b87ae-66fc-46c9-a8ca-3909fd996db5", append="null", name="query-file-appender", immediateFlush="null", bufferSize="null", ignoreExceptions="null", PatternLayout(org.apache.logging.log4j.core.layout.PatternLayout with name PatternLayout), NameFilter(org.apache.hadoop.hive.ql.log.LogDivertAppender$NameFilter with name NameFilter), advertise="null", advertiseURI="null", Configuration(HiveLog4j2Test))
DEBUG StatusLogger Starting RandomAccessFileManager /home/alex/Repositories/hive/beeline/target/tmp/alex/operation_logs/f8e91b92-c7aa-4d17-9cdf-57b488225112/alex_20240501003152_3b3b87ae-66fc-46c9-a8ca-3909fd996db5
DEBUG StatusLogger Building Plugin[name=, class=org.apache.hadoop.hive.ql.log.LogDivertAppenderForTest$TestFilter].
DEBUG StatusLogger createFilter()
DEBUG StatusLogger Building Plugin[name=, class=org.apache.logging.log4j.core.layout.PatternLayout].
DEBUG StatusLogger PatternLayout$Builder(pattern="%-5p : %m%n", PatternSelector=null, Configuration(HiveLog4j2Test), Replace=null, charset="null", alwaysWriteExceptions="null", disableAnsi="null", noConsoleNoAnsi="null", header="null", footer="null")
DEBUG StatusLogger Building Plugin[name=appender, class=org.apache.hadoop.hive.ql.log.HushableRandomAccessFileAppender].
DEBUG StatusLogger createAppender(fileName="/home/alex/Repositories/hive/beeline/target/tmp/alex/operation_logs/f8e91b92-c7aa-4d17-9cdf-57b488225112/alex_20240501003152_3b3b87ae-66fc-46c9-a8ca-3909fd996db5.test", append="null", name="test-query-file-appender", immediateFlush="null", bufferSize="null", ignoreExceptions="null", PatternLayout(org.apache.logging.log4j.core.layout.PatternLayout with name PatternLayout), test-filter(org.apache.hadoop.hive.ql.log.LogDivertAppenderForTest$TestFilter with name test-filter), advertise="null", advertiseURI="null", Configuration(HiveLog4j2Test))
DEBUG StatusLogger Starting RandomAccessFileManager /home/alex/Repositories/hive/beeline/target/tmp/alex/operation_logs/f8e91b92-c7aa-4d17-9cdf-57b488225112/alex_20240501003152_3b3b87ae-66fc-46c9-a8ca-3909fd996db5.test
2024-05-01T00:31:52,023  INFO [f8e91b92-c7aa-4d17-9cdf-57b488225112 main] operation.SQLOperation: [opType=EXECUTE_STATEMENT, queryId=alex_20240501003152_3b3b87ae-66fc-46c9-a8ca-3909fd996db5, startTime=1714548712019, sessionId=f8e91b92-c7aa-4d17-9cdf-57b488225112, createTime=1714548711936, userName=null, ipAddress=null]
2024-05-01T00:31:52,024  INFO [f8e91b92-c7aa-4d17-9cdf-57b488225112 main] ql.Driver: Compiling command(queryId=alex_20240501003152_3b3b87ae-66fc-46c9-a8ca-3909fd996db5): show databases
2024-05-01T00:31:52,025  INFO [f8e91b92-c7aa-4d17-9cdf-57b488225112 main] metastore.HiveMetaStoreClient: HMS client filtering is enabled.
2024-05-01T00:31:52,026  INFO [f8e91b92-c7aa-4d17-9cdf-57b488225112 main] metastore.HMSHandler: 0: Opening raw store with implementation class:org.apache.hadoop.hive.metastore.ObjectStore
2024-05-01T00:31:52,026  INFO [f8e91b92-c7aa-4d17-9cdf-57b488225112 main] metastore.PersistenceManagerProvider: Configuration datanucleus.autoStartMechanismMode is not set. Defaulting to 'ignored'
2024-05-01T00:31:52,026  INFO [f8e91b92-c7aa-4d17-9cdf-57b488225112 main] metastore.ObjectStore: RawStore: org.apache.hadoop.hive.metastore.ObjectStore@114badf0, with PersistenceManager: null will be shutdown
2024-05-01T00:31:52,026  INFO [f8e91b92-c7aa-4d17-9cdf-57b488225112 main] metastore.ObjectStore: RawStore: org.apache.hadoop.hive.metastore.ObjectStore@114badf0, with PersistenceManager: org.datanucleus.api.jdo.JDOPersistenceManager@19e8fe55 created in the thread with id: 1
2024-05-01T00:31:52,028  INFO [f8e91b92-c7aa-4d17-9cdf-57b488225112 main] metastore.HMSHandler: Created RawStore: org.apache.hadoop.hive.metastore.ObjectStore@114badf0 from thread id: 1
2024-05-01T00:31:52,028  INFO [f8e91b92-c7aa-4d17-9cdf-57b488225112 main] metastore.HMSHandler: HMS server filtering is disabled by configuration
2024-05-01T00:31:52,029  INFO [f8e91b92-c7aa-4d17-9cdf-57b488225112 main] metastore.RetryingMetaStoreClient: RetryingMetaStoreClient proxy=class org.apache.hadoop.hive.ql.metadata.SessionHiveMetaStoreClient ugi=alex (auth:SIMPLE) retries=1 delay=1 lifetime=0
2024-05-01T00:31:52,032  INFO [f8e91b92-c7aa-4d17-9cdf-57b488225112 main] ql.Driver: Semantic Analysis Completed (retrial = false)
2024-05-01T00:31:52,032  INFO [f8e91b92-c7aa-4d17-9cdf-57b488225112 main] ql.Driver: Created Hive schema: Schema(fieldSchemas:[FieldSchema(name:database_name, type:string, comment:from deserializer)], properties:null)
2024-05-01T00:31:52,033  INFO [f8e91b92-c7aa-4d17-9cdf-57b488225112 main] exec.ListSinkOperator: Initializing Operator: LIST_SINK[0]
2024-05-01T00:31:52,033  INFO [f8e91b92-c7aa-4d17-9cdf-57b488225112 main] metadata.Hive: Dumping metastore api call timing information for : compilation phase
2024-05-01T00:31:52,033  INFO [f8e91b92-c7aa-4d17-9cdf-57b488225112 main] metadata.Hive: Total time spent in each metastore function (ms): {isCompatibleWith_(Configuration)=0, flushCache_()=0}
2024-05-01T00:31:52,033  INFO [f8e91b92-c7aa-4d17-9cdf-57b488225112 main] ql.Driver: Completed compiling command(queryId=alex_20240501003152_3b3b87ae-66fc-46c9-a8ca-3909fd996db5); Time taken: 0.009 seconds
2024-05-01T00:31:52,034  INFO [f8e91b92-c7aa-4d17-9cdf-57b488225112 main] common.LogUtils: Unregistered logging context.
2024-05-01T00:31:52,034  INFO [HiveServer2-Background-Pool: Thread-535] common.LogUtils: Thread context registration is done.
2024-05-01T00:31:52,034  INFO [HiveServer2-Background-Pool: Thread-535] reexec.ReExecDriver: Execution #1 of query
2024-05-01T00:31:52,035  INFO [HiveServer2-Background-Pool: Thread-535] ql.Driver: Concurrency mode is disabled, not creating a lock manager
2024-05-01T00:31:52,035  INFO [HiveServer2-Background-Pool: Thread-535] ql.Driver: Executing command(queryId=alex_20240501003152_3b3b87ae-66fc-46c9-a8ca-3909fd996db5): show databases
2024-05-01T00:31:52,035  INFO [HiveServer2-Background-Pool: Thread-535] ql.Driver: Starting task [Stage-0:DDL] in serial mode
2024-05-01T00:31:52,036  INFO [HiveServer2-Background-Pool: Thread-535] HiveMetaStore.audit: ugi=alex	ip=unknown-ip-addr	cmd=get_databases: @hive#	
2024-05-01T00:31:52,037  INFO [HiveServer2-Background-Pool: Thread-535] metastore.HMSHandler: 25: Opening raw store with implementation class:org.apache.hadoop.hive.metastore.ObjectStore
2024-05-01T00:31:52,038  INFO [HiveServer2-Background-Pool: Thread-535] metastore.ObjectStore: RawStore: org.apache.hadoop.hive.metastore.ObjectStore@5b638c10, with PersistenceManager: null will be shutdown
2024-05-01T00:31:52,038  INFO [HiveServer2-Background-Pool: Thread-535] metastore.ObjectStore: RawStore: org.apache.hadoop.hive.metastore.ObjectStore@5b638c10, with PersistenceManager: org.datanucleus.api.jdo.JDOPersistenceManager@1e610918 created in the thread with id: 535
2024-05-01T00:31:52,041  INFO [HiveServer2-Background-Pool: Thread-535] metastore.HMSHandler: Created RawStore: org.apache.hadoop.hive.metastore.ObjectStore@5b638c10 from thread id: 535
2024-05-01T00:31:52,043  INFO [HiveServer2-Background-Pool: Thread-535] sqlstd.SQLStdHiveAccessController: Created SQLStdHiveAccessController for session context : HiveAuthzSessionContext [sessionString=f8e91b92-c7aa-4d17-9cdf-57b488225112, clientType=HIVESERVER2]
2024-05-01T00:31:52,043  INFO [HiveServer2-Background-Pool: Thread-535] exec.DDLTask: Found 3 database(s) matching the SHOW DATABASES statement.
2024-05-01T00:31:52,050  INFO [HiveServer2-Background-Pool: Thread-535] metadata.Hive: Dumping metastore api call timing information for : execution phase
2024-05-01T00:31:52,050  INFO [HiveServer2-Background-Pool: Thread-535] metadata.Hive: Total time spent in each metastore function (ms): {isCompatibleWith_(Configuration)=1, getAllDatabases_()=7}
2024-05-01T00:31:52,050  INFO [HiveServer2-Background-Pool: Thread-535] ql.Driver: Completed executing command(queryId=alex_20240501003152_3b3b87ae-66fc-46c9-a8ca-3909fd996db5); Time taken: 0.015 seconds
2024-05-01T00:31:52,051  INFO [HiveServer2-Background-Pool: Thread-535] common.LogUtils: Unregistered logging context.
2024-05-01T00:31:52,053  INFO [f8e91b92-c7aa-4d17-9cdf-57b488225112 main] operation.OperationManager: Closing operation: OperationHandle [opType=EXECUTE_STATEMENT, getHandleIdentifier()=dc830e1d-94c7-4683-b155-12785a857565]
2024-05-01T00:31:52,053  INFO [f8e91b92-c7aa-4d17-9cdf-57b488225112 main] operation.OperationManager: Removed queryId: alex_20240501003152_3b3b87ae-66fc-46c9-a8ca-3909fd996db5 corresponding to operation: OperationHandle [opType=EXECUTE_STATEMENT, getHandleIdentifier()=dc830e1d-94c7-4683-b155-12785a857565] with tag: null
2024-05-01T00:31:52,053  INFO [f8e91b92-c7aa-4d17-9cdf-57b488225112 main] ql.Context: Deleting scratch dir: file:/home/alex/Repositories/hive/beeline/target/tmp/alex/f8e91b92-c7aa-4d17-9cdf-57b488225112/hive_2024-05-01_00-31-52_024_5202127013895942714-1
2024-05-01T00:31:52,054  INFO [f8e91b92-c7aa-4d17-9cdf-57b488225112 main] cleanup.EventualCleanupService: Delete file:/home/alex/Repositories/hive/beeline/target/tmp/alex/f8e91b92-c7aa-4d17-9cdf-57b488225112/hive_2024-05-01_00-31-52_024_5202127013895942714-1 operation was queued
2024-05-01T00:31:52,054  INFO [f8e91b92-c7aa-4d17-9cdf-57b488225112 main] exec.ListSinkOperator: Closing Operator: LIST_SINK[0]
2024-05-01T00:31:52,054  INFO [f8e91b92-c7aa-4d17-9cdf-57b488225112 main] exec.ListSinkOperator: RECORDS_OUT_INTERMEDIATE:0, RECORDS_OUT_OPERATOR_LIST_SINK_0:0, 
2024-05-01T00:31:52,054  INFO [f8e91b92-c7aa-4d17-9cdf-57b488225112 main] operation.SQLOperation: Closing operation log /home/alex/Repositories/hive/beeline/target/tmp/alex/operation_logs/f8e91b92-c7aa-4d17-9cdf-57b488225112/alex_20240501003152_3b3b87ae-66fc-46c9-a8ca-3909fd996db5 without delay
2024-05-01T00:31:52,054  INFO [EventualCleanupService thread 0] cleanup.EventualCleanupService: Deleted file:/home/alex/Repositories/hive/beeline/target/tmp/alex/f8e91b92-c7aa-4d17-9cdf-57b488225112/hive_2024-05-01_00-31-52_024_5202127013895942714-1
2024-05-01T00:31:52,054  INFO [main] service.CompositeService: Session closed, SessionHandle [f8e91b92-c7aa-4d17-9cdf-57b488225112], current sessions:0
2024-05-01T00:31:52,054  INFO [f8e91b92-c7aa-4d17-9cdf-57b488225112 main] session.HiveSessionImpl: Operation log session directory is deleted: /home/alex/Repositories/hive/beeline/target/tmp/alex/operation_logs/f8e91b92-c7aa-4d17-9cdf-57b488225112
2024-05-01T00:31:52,055  INFO [main] cleanup.EventualCleanupService: Delete /tmp/hive/alex/f8e91b92-c7aa-4d17-9cdf-57b488225112 operation was queued
2024-05-01T00:31:52,055  INFO [main] cleanup.EventualCleanupService: Delete /home/alex/Repositories/hive/beeline/target/tmp/alex/f8e91b92-c7aa-4d17-9cdf-57b488225112 operation was queued
2024-05-01T00:31:52,055  INFO [EventualCleanupService thread 2] cleanup.EventualCleanupService: Deleted /home/alex/Repositories/hive/beeline/target/tmp/alex/f8e91b92-c7aa-4d17-9cdf-57b488225112
2024-05-01T00:31:52,055  INFO [EventualCleanupService thread 1] cleanup.EventualCleanupService: Deleted /tmp/hive/alex/f8e91b92-c7aa-4d17-9cdf-57b488225112
2024-05-01T00:31:52,055  INFO [main] HiveMetaStore.audit: ugi=alex	ip=unknown-ip-addr	cmd=Cleaning up thread local RawStore...	
2024-05-01T00:31:52,055  INFO [main] metastore.ObjectStore: RawStore: org.apache.hadoop.hive.metastore.ObjectStore@114badf0, with PersistenceManager: org.datanucleus.api.jdo.JDOPersistenceManager@19e8fe55 will be shutdown
2024-05-01T00:31:52,055  INFO [main] HiveMetaStore.audit: ugi=alex	ip=unknown-ip-addr	cmd=Done cleaning up thread local RawStore	
2024-05-01T00:31:52,055  INFO [main] metastore.HiveMetaStoreClient: Closed a connection to metastore, current connections: -34
2024-05-01T00:31:52,056 ERROR [main] cli.TestHiveCli: Failed due to the error:Connecting to jdbc:hive2://
Hive Session ID = f6351321-c466-43b2-aace-331bc06cf8a3
ivysettings.xml file not found in HIVE_HOME or HIVE_CONF_DIR,/home/alex/Repositories/hive/conf/ivysettings.xml will be used
ivysettings.xml file not found in HIVE_HOME or HIVE_CONF_DIR,/home/alex/Repositories/hive/conf/ivysettings.xml will be used
Connected to: Apache Hive (version 4.0.0-SNAPSHOT)
Error: Couldn't load manifest attributes. (state=,code=0)
Transaction isolation: TRANSACTION_REPEATABLE_READ
INFO  : Compiling command(queryId=alex_20240501003152_3b3b87ae-66fc-46c9-a8ca-3909fd996db5): show databases
INFO  : Semantic Analysis Completed (retrial = false)
INFO  : Created Hive schema: Schema(fieldSchemas:[FieldSchema(name:database_name, type:string, comment:from deserializer)], properties:null)
INFO  : Completed compiling command(queryId=alex_20240501003152_3b3b87ae-66fc-46c9-a8ca-3909fd996db5); Time taken: 0.009 seconds
INFO  : Concurrency mode is disabled, not creating a lock manager
INFO  : Executing command(queryId=alex_20240501003152_3b3b87ae-66fc-46c9-a8ca-3909fd996db5): show databases
INFO  : Starting task [Stage-0:DDL] in serial mode
DEBUG : Task getting executed using mapred tag : alex_20240501003152_3b3b87ae-66fc-46c9-a8ca-3909fd996db5,userid=null
INFO  : Completed executing command(queryId=alex_20240501003152_3b3b87ae-66fc-46c9-a8ca-3909fd996db5); Time taken: 0.015 seconds
DEBUG : Shutting down query show databases
Error: Failed to wait for operation to complete (state=08S01,code=0)
Closing: 0: jdbc:hive2://

]]></system-err>
  </testcase>
  <testcase name="testSqlFromCmd" classname="org.apache.hive.beeline.cli.TestHiveCli" time="0.189">
    <failure type="java.lang.AssertionError"><![CDATA[java.lang.AssertionError: Supported return code is 0 while the actual is 1
	at org.junit.Assert.fail(Assert.java:89)
	at org.apache.hive.beeline.cli.TestHiveCli.executeCMD(TestHiveCli.java:256)
	at org.apache.hive.beeline.cli.TestHiveCli.verifyCMD(TestHiveCli.java:266)
	at org.apache.hive.beeline.cli.TestHiveCli.testSqlFromCmd(TestHiveCli.java:145)
	at sun.reflect.NativeMethodAccessorImpl.invoke0(Native Method)
	at sun.reflect.NativeMethodAccessorImpl.invoke(NativeMethodAccessorImpl.java:62)
	at sun.reflect.DelegatingMethodAccessorImpl.invoke(DelegatingMethodAccessorImpl.java:43)
	at java.lang.reflect.Method.invoke(Method.java:498)
	at org.junit.runners.model.FrameworkMethod$1.runReflectiveCall(FrameworkMethod.java:59)
	at org.junit.internal.runners.model.ReflectiveCallable.run(ReflectiveCallable.java:12)
	at org.junit.runners.model.FrameworkMethod.invokeExplosively(FrameworkMethod.java:56)
	at org.junit.internal.runners.statements.InvokeMethod.evaluate(InvokeMethod.java:17)
	at org.junit.internal.runners.statements.RunBefores.evaluate(RunBefores.java:26)
	at org.junit.internal.runners.statements.RunAfters.evaluate(RunAfters.java:27)
	at org.junit.runners.ParentRunner$3.evaluate(ParentRunner.java:306)
	at org.junit.runners.BlockJUnit4ClassRunner$1.evaluate(BlockJUnit4ClassRunner.java:100)
	at org.junit.runners.ParentRunner.runLeaf(ParentRunner.java:366)
	at org.junit.runners.BlockJUnit4ClassRunner.runChild(BlockJUnit4ClassRunner.java:103)
	at org.junit.runners.BlockJUnit4ClassRunner.runChild(BlockJUnit4ClassRunner.java:63)
	at org.junit.runners.ParentRunner$4.run(ParentRunner.java:331)
	at org.junit.runners.ParentRunner$1.schedule(ParentRunner.java:79)
	at org.junit.runners.ParentRunner.runChildren(ParentRunner.java:329)
	at org.junit.runners.ParentRunner.access$100(ParentRunner.java:66)
	at org.junit.runners.ParentRunner$2.evaluate(ParentRunner.java:293)
	at org.junit.internal.runners.statements.RunBefores.evaluate(RunBefores.java:26)
	at org.junit.runners.ParentRunner$3.evaluate(ParentRunner.java:306)
	at org.junit.runners.ParentRunner.run(ParentRunner.java:413)
	at org.junit.runner.JUnitCore.run(JUnitCore.java:137)
	at org.junit.runner.JUnitCore.run(JUnitCore.java:115)
	at org.junit.vintage.engine.execution.RunnerExecutor.execute(RunnerExecutor.java:43)
	at java.util.stream.ForEachOps$ForEachOp$OfRef.accept(ForEachOps.java:183)
	at java.util.stream.ReferencePipeline$3$1.accept(ReferencePipeline.java:193)
	at java.util.Iterator.forEachRemaining(Iterator.java:116)
	at java.util.Spliterators$IteratorSpliterator.forEachRemaining(Spliterators.java:1801)
	at java.util.stream.AbstractPipeline.copyInto(AbstractPipeline.java:482)
	at java.util.stream.AbstractPipeline.wrapAndCopyInto(AbstractPipeline.java:472)
	at java.util.stream.ForEachOps$ForEachOp.evaluateSequential(ForEachOps.java:150)
	at java.util.stream.ForEachOps$ForEachOp$OfRef.evaluateSequential(ForEachOps.java:173)
	at java.util.stream.AbstractPipeline.evaluate(AbstractPipeline.java:234)
	at java.util.stream.ReferencePipeline.forEach(ReferencePipeline.java:485)
	at org.junit.vintage.engine.VintageTestEngine.executeAllChildren(VintageTestEngine.java:82)
	at org.junit.vintage.engine.VintageTestEngine.execute(VintageTestEngine.java:73)
	at org.junit.platform.launcher.core.DefaultLauncher.execute(DefaultLauncher.java:248)
	at org.junit.platform.launcher.core.DefaultLauncher.lambda$execute$5(DefaultLauncher.java:211)
	at org.junit.platform.launcher.core.DefaultLauncher.withInterceptedStreams(DefaultLauncher.java:226)
	at org.junit.platform.launcher.core.DefaultLauncher.execute(DefaultLauncher.java:199)
	at org.junit.platform.launcher.core.DefaultLauncher.execute(DefaultLauncher.java:132)
	at org.apache.maven.surefire.junitplatform.JUnitPlatformProvider.invokeAllTests(JUnitPlatformProvider.java:154)
	at org.apache.maven.surefire.junitplatform.JUnitPlatformProvider.invoke(JUnitPlatformProvider.java:123)
	at org.apache.maven.surefire.booter.ForkedBooter.runSuitesInProcess(ForkedBooter.java:377)
	at org.apache.maven.surefire.booter.ForkedBooter.execute(ForkedBooter.java:138)
	at org.apache.maven.surefire.booter.ForkedBooter.run(ForkedBooter.java:465)
	at org.apache.maven.surefire.booter.ForkedBooter.main(ForkedBooter.java:451)
]]></failure>
    <system-err><![CDATA[2024-05-01T00:31:52,057 ERROR [main] cli.TestHiveCli: Failed to execute command due to the error: java.lang.NullPointerException: Null output stream
2024-05-01T00:31:52,104  WARN [main] conf.HiveConf: HiveConf of name hive.dummyparam.test.server.specific.config.override does not exist
2024-05-01T00:31:52,104  WARN [main] conf.HiveConf: HiveConf of name hive.dummyparam.test.server.specific.config.hiveserver2site does not exist
2024-05-01T00:31:52,104  WARN [main] conf.HiveConf: HiveConf of name hive.dummyparam.test.server.specific.config.metastoresite does not exist
2024-05-01T00:31:52,105  INFO [main] SessionState: Hive Session ID = 822440b4-18c1-4719-ae0f-9dae467cef1b
2024-05-01T00:31:52,105  INFO [main] DependencyResolver: ivysettings.xml file not found in HIVE_HOME or HIVE_CONF_DIR,/home/alex/Repositories/hive/conf/ivysettings.xml will be used
2024-05-01T00:31:52,112  INFO [main] session.SessionState: Created HDFS directory: /tmp/hive/alex/822440b4-18c1-4719-ae0f-9dae467cef1b
2024-05-01T00:31:52,116  INFO [main] session.SessionState: Created local directory: /home/alex/Repositories/hive/beeline/target/tmp/alex/822440b4-18c1-4719-ae0f-9dae467cef1b
2024-05-01T00:31:52,119  INFO [main] session.SessionState: Created HDFS directory: /tmp/hive/alex/822440b4-18c1-4719-ae0f-9dae467cef1b/_tmp_space.db
2024-05-01T00:31:52,119  INFO [main] sqlstd.SQLStdHiveAccessController: Created SQLStdHiveAccessController for session context : HiveAuthzSessionContext [sessionString=822440b4-18c1-4719-ae0f-9dae467cef1b, clientType=HIVESERVER2]
2024-05-01T00:31:52,120  INFO [main] metastore.HiveMetaStoreClient: HMS client filtering is enabled.
2024-05-01T00:31:52,121  INFO [main] metastore.HMSHandler: 0: Opening raw store with implementation class:org.apache.hadoop.hive.metastore.ObjectStore
2024-05-01T00:31:52,121  INFO [main] metastore.PersistenceManagerProvider: Configuration datanucleus.autoStartMechanismMode is not set. Defaulting to 'ignored'
2024-05-01T00:31:52,121  INFO [main] metastore.ObjectStore: RawStore: org.apache.hadoop.hive.metastore.ObjectStore@5d15789f, with PersistenceManager: null will be shutdown
2024-05-01T00:31:52,121  INFO [main] metastore.ObjectStore: RawStore: org.apache.hadoop.hive.metastore.ObjectStore@5d15789f, with PersistenceManager: org.datanucleus.api.jdo.JDOPersistenceManager@5abb7a8f created in the thread with id: 1
2024-05-01T00:31:52,123  INFO [main] metastore.HMSHandler: Created RawStore: org.apache.hadoop.hive.metastore.ObjectStore@5d15789f from thread id: 1
2024-05-01T00:31:52,123  INFO [main] metastore.HMSHandler: HMS server filtering is disabled by configuration
2024-05-01T00:31:52,123  INFO [main] metastore.RetryingMetaStoreClient: RetryingMetaStoreClient proxy=class org.apache.hadoop.hive.ql.metadata.SessionHiveMetaStoreClient ugi=alex (auth:SIMPLE) retries=1 delay=1 lifetime=0
2024-05-01T00:31:52,123  INFO [main] service.CompositeService: Operation log root directory is created: /home/alex/Repositories/hive/beeline/target/tmp/alex/operation_logs
2024-05-01T00:31:52,124  INFO [main] service.CompositeService: HiveServer2: Background operation thread pool size: 100
2024-05-01T00:31:52,124  INFO [main] service.CompositeService: HiveServer2: Background operation thread wait queue size: 100
2024-05-01T00:31:52,124  INFO [main] service.CompositeService: HiveServer2: Background operation thread keepalive time: 10 seconds
2024-05-01T00:31:52,124  INFO [main] service.CompositeService: Connections limit are user: 0 ipaddress: 0 user-ipaddress: 0
2024-05-01T00:31:52,125  INFO [main] cleanup.EventualCleanupService: EventualCleanupService started with 10 threads and queue of size 10000
ERROR StatusLogger Log4j2 ConfigurationScheduler attempted to increment scheduled items after start
ERROR StatusLogger Log4j2 ConfigurationScheduler attempted to increment scheduled items after start
2024-05-01T00:31:52,126  INFO [main] service.AbstractService: Service:OperationManager is inited.
2024-05-01T00:31:52,126  INFO [main] service.AbstractService: Service:SessionManager is inited.
2024-05-01T00:31:52,126  INFO [main] service.AbstractService: Service:CLIService is inited.
2024-05-01T00:31:52,126  INFO [main] service.AbstractService: Service:OperationManager is started.
2024-05-01T00:31:52,126  INFO [main] service.AbstractService: Service:SessionManager is started.
2024-05-01T00:31:52,126  INFO [main] service.AbstractService: Service:CLIService is started.
2024-05-01T00:31:52,126  INFO [main] service.AbstractService: Service:ThriftBinaryCLIService is inited.
2024-05-01T00:31:52,127  INFO [main] thrift.ThriftCLIService: Client protocol version: HIVE_CLI_SERVICE_PROTOCOL_V10
2024-05-01T00:31:52,127  INFO [main] thrift.ThriftCLIService: Creating Hive session handle for user [null] from IP null
2024-05-01T00:31:52,128  INFO [main] DependencyResolver: ivysettings.xml file not found in HIVE_HOME or HIVE_CONF_DIR,/home/alex/Repositories/hive/conf/ivysettings.xml will be used
2024-05-01T00:31:52,135  INFO [main] session.SessionState: Created HDFS directory: /tmp/hive/alex/54d9832d-6b69-46e3-a73e-de6d35d6b340
2024-05-01T00:31:52,138  INFO [main] session.SessionState: Created local directory: /home/alex/Repositories/hive/beeline/target/tmp/alex/54d9832d-6b69-46e3-a73e-de6d35d6b340
2024-05-01T00:31:52,142  INFO [main] session.SessionState: Created HDFS directory: /tmp/hive/alex/54d9832d-6b69-46e3-a73e-de6d35d6b340/_tmp_space.db
2024-05-01T00:31:52,142  INFO [main] session.SessionState: Reloading auxiliary JAR files
2024-05-01T00:31:52,142  WARN [main] session.SessionState: Configuration hive.reloadable.aux.jars.path not specified
2024-05-01T00:31:52,142  INFO [main] HiveMetaStore.audit: ugi=alex	ip=unknown-ip-addr	cmd=Cleaning up thread local RawStore...	
2024-05-01T00:31:52,142  INFO [main] metastore.ObjectStore: RawStore: org.apache.hadoop.hive.metastore.ObjectStore@5d15789f, with PersistenceManager: org.datanucleus.api.jdo.JDOPersistenceManager@5abb7a8f will be shutdown
2024-05-01T00:31:52,142  INFO [main] HiveMetaStore.audit: ugi=alex	ip=unknown-ip-addr	cmd=Done cleaning up thread local RawStore	
2024-05-01T00:31:52,142  INFO [main] metastore.HiveMetaStoreClient: Closed a connection to metastore, current connections: -35
2024-05-01T00:31:52,143  INFO [main] session.HiveSessionImpl: Operation log session directory is created: /home/alex/Repositories/hive/beeline/target/tmp/alex/operation_logs/54d9832d-6b69-46e3-a73e-de6d35d6b340
2024-05-01T00:31:52,143  INFO [main] service.CompositeService: Session opened, SessionHandle [54d9832d-6b69-46e3-a73e-de6d35d6b340], current sessions:1
2024-05-01T00:31:52,143  INFO [main] thrift.ThriftCLIService: Login attempt is successful for user : null
2024-05-01T00:31:52,190  WARN [main] conf.HiveConf: HiveConf of name hive.dummyparam.test.server.specific.config.override does not exist
2024-05-01T00:31:52,190  WARN [main] conf.HiveConf: HiveConf of name hive.dummyparam.test.server.specific.config.hiveserver2site does not exist
2024-05-01T00:31:52,190  WARN [main] conf.HiveConf: HiveConf of name hive.dummyparam.test.server.specific.config.metastoresite does not exist
2024-05-01T00:31:52,190  INFO [54d9832d-6b69-46e3-a73e-de6d35d6b340 main] session.HiveSessionImpl: executing set
2024-05-01T00:31:52,191  INFO [54d9832d-6b69-46e3-a73e-de6d35d6b340 main] operation.HiveCommandOperation: Putting temp output to file /home/alex/Repositories/hive/beeline/target/tmp/alex/54d9832d-6b69-46e3-a73e-de6d35d6b3404091092598309876455.pipeout and error output to file /home/alex/Repositories/hive/beeline/target/tmp/alex/54d9832d-6b69-46e3-a73e-de6d35d6b3401068443178029949302.pipeout
2024-05-01T00:31:52,191  INFO [54d9832d-6b69-46e3-a73e-de6d35d6b340 main] operation.OperationManager: Adding operation: OperationHandle [opType=EXECUTE_STATEMENT, getHandleIdentifier()=ee4c2ca6-6b47-4e9a-90d9-b8492f3548e1] SessionHandle [54d9832d-6b69-46e3-a73e-de6d35d6b340]
2024-05-01T00:31:52,191  INFO [54d9832d-6b69-46e3-a73e-de6d35d6b340 main] common.LogUtils: Thread context registration is done.
DEBUG StatusLogger Building Plugin[name=filter, class=org.apache.hadoop.hive.ql.log.LogDivertAppender$NameFilter].
DEBUG StatusLogger createFilter(loggingLevel="EXECUTION")
DEBUG StatusLogger Building Plugin[name=layout, class=org.apache.logging.log4j.core.layout.PatternLayout].
DEBUG StatusLogger PatternLayout$Builder(pattern="%-5p : %m%n", PatternSelector=null, Configuration(HiveLog4j2Test), Replace=null, charset="null", alwaysWriteExceptions="null", disableAnsi="null", noConsoleNoAnsi="null", header="null", footer="null")
DEBUG StatusLogger Building Plugin[name=appender, class=org.apache.hadoop.hive.ql.log.HushableRandomAccessFileAppender].
DEBUG StatusLogger createAppender(fileName="/home/alex/Repositories/hive/beeline/target/tmp/alex/operation_logs/54d9832d-6b69-46e3-a73e-de6d35d6b340/alex_20240501003152_163a109b-1905-4a0f-8501-c3780d00bf14", append="null", name="query-file-appender", immediateFlush="null", bufferSize="null", ignoreExceptions="null", PatternLayout(org.apache.logging.log4j.core.layout.PatternLayout with name PatternLayout), NameFilter(org.apache.hadoop.hive.ql.log.LogDivertAppender$NameFilter with name NameFilter), advertise="null", advertiseURI="null", Configuration(HiveLog4j2Test))
DEBUG StatusLogger Starting RandomAccessFileManager /home/alex/Repositories/hive/beeline/target/tmp/alex/operation_logs/54d9832d-6b69-46e3-a73e-de6d35d6b340/alex_20240501003152_163a109b-1905-4a0f-8501-c3780d00bf14
DEBUG StatusLogger Building Plugin[name=, class=org.apache.hadoop.hive.ql.log.LogDivertAppenderForTest$TestFilter].
DEBUG StatusLogger createFilter()
DEBUG StatusLogger Building Plugin[name=, class=org.apache.logging.log4j.core.layout.PatternLayout].
DEBUG StatusLogger PatternLayout$Builder(pattern="%-5p : %m%n", PatternSelector=null, Configuration(HiveLog4j2Test), Replace=null, charset="null", alwaysWriteExceptions="null", disableAnsi="null", noConsoleNoAnsi="null", header="null", footer="null")
DEBUG StatusLogger Building Plugin[name=appender, class=org.apache.hadoop.hive.ql.log.HushableRandomAccessFileAppender].
DEBUG StatusLogger createAppender(fileName="/home/alex/Repositories/hive/beeline/target/tmp/alex/operation_logs/54d9832d-6b69-46e3-a73e-de6d35d6b340/alex_20240501003152_163a109b-1905-4a0f-8501-c3780d00bf14.test", append="null", name="test-query-file-appender", immediateFlush="null", bufferSize="null", ignoreExceptions="null", PatternLayout(org.apache.logging.log4j.core.layout.PatternLayout with name PatternLayout), test-filter(org.apache.hadoop.hive.ql.log.LogDivertAppenderForTest$TestFilter with name test-filter), advertise="null", advertiseURI="null", Configuration(HiveLog4j2Test))
DEBUG StatusLogger Starting RandomAccessFileManager /home/alex/Repositories/hive/beeline/target/tmp/alex/operation_logs/54d9832d-6b69-46e3-a73e-de6d35d6b340/alex_20240501003152_163a109b-1905-4a0f-8501-c3780d00bf14.test
2024-05-01T00:31:52,195  INFO [54d9832d-6b69-46e3-a73e-de6d35d6b340 main] operation.HiveCommandOperation: [opType=EXECUTE_STATEMENT, queryId=alex_20240501003152_163a109b-1905-4a0f-8501-c3780d00bf14, startTime=1714548712190, sessionId=54d9832d-6b69-46e3-a73e-de6d35d6b340, createTime=1714548712127, userName=null, ipAddress=null]
2024-05-01T00:31:52,204  INFO [54d9832d-6b69-46e3-a73e-de6d35d6b340 main] common.LogUtils: Unregistered logging context.
2024-05-01T00:31:52,206  INFO [54d9832d-6b69-46e3-a73e-de6d35d6b340 main] operation.OperationManager: Closing operation: OperationHandle [opType=EXECUTE_STATEMENT, getHandleIdentifier()=ee4c2ca6-6b47-4e9a-90d9-b8492f3548e1]
2024-05-01T00:31:52,206  INFO [54d9832d-6b69-46e3-a73e-de6d35d6b340 main] operation.OperationManager: Removed queryId: alex_20240501003152_163a109b-1905-4a0f-8501-c3780d00bf14 corresponding to operation: OperationHandle [opType=EXECUTE_STATEMENT, getHandleIdentifier()=ee4c2ca6-6b47-4e9a-90d9-b8492f3548e1] with tag: null
2024-05-01T00:31:52,207  INFO [54d9832d-6b69-46e3-a73e-de6d35d6b340 main] operation.HiveCommandOperation: Closing operation log /home/alex/Repositories/hive/beeline/target/tmp/alex/operation_logs/54d9832d-6b69-46e3-a73e-de6d35d6b340/alex_20240501003152_163a109b-1905-4a0f-8501-c3780d00bf14 without delay
2024-05-01T00:31:52,209  INFO [54d9832d-6b69-46e3-a73e-de6d35d6b340 main] session.HiveSessionImpl: executing show databases
2024-05-01T00:31:52,210  INFO [54d9832d-6b69-46e3-a73e-de6d35d6b340 main] operation.OperationManager: Adding operation: OperationHandle [opType=EXECUTE_STATEMENT, getHandleIdentifier()=812ea11e-0820-4e44-bf2b-a126dbd47b76] SessionHandle [54d9832d-6b69-46e3-a73e-de6d35d6b340]
2024-05-01T00:31:52,210  INFO [54d9832d-6b69-46e3-a73e-de6d35d6b340 main] common.LogUtils: Thread context registration is done.
DEBUG StatusLogger Building Plugin[name=filter, class=org.apache.hadoop.hive.ql.log.LogDivertAppender$NameFilter].
DEBUG StatusLogger createFilter(loggingLevel="EXECUTION")
DEBUG StatusLogger Building Plugin[name=layout, class=org.apache.logging.log4j.core.layout.PatternLayout].
DEBUG StatusLogger PatternLayout$Builder(pattern="%-5p : %m%n", PatternSelector=null, Configuration(HiveLog4j2Test), Replace=null, charset="null", alwaysWriteExceptions="null", disableAnsi="null", noConsoleNoAnsi="null", header="null", footer="null")
DEBUG StatusLogger Building Plugin[name=appender, class=org.apache.hadoop.hive.ql.log.HushableRandomAccessFileAppender].
DEBUG StatusLogger createAppender(fileName="/home/alex/Repositories/hive/beeline/target/tmp/alex/operation_logs/54d9832d-6b69-46e3-a73e-de6d35d6b340/alex_20240501003152_620f3c51-e245-46ca-8734-04e3f8dafa6d", append="null", name="query-file-appender", immediateFlush="null", bufferSize="null", ignoreExceptions="null", PatternLayout(org.apache.logging.log4j.core.layout.PatternLayout with name PatternLayout), NameFilter(org.apache.hadoop.hive.ql.log.LogDivertAppender$NameFilter with name NameFilter), advertise="null", advertiseURI="null", Configuration(HiveLog4j2Test))
DEBUG StatusLogger Starting RandomAccessFileManager /home/alex/Repositories/hive/beeline/target/tmp/alex/operation_logs/54d9832d-6b69-46e3-a73e-de6d35d6b340/alex_20240501003152_620f3c51-e245-46ca-8734-04e3f8dafa6d
DEBUG StatusLogger Building Plugin[name=, class=org.apache.hadoop.hive.ql.log.LogDivertAppenderForTest$TestFilter].
DEBUG StatusLogger createFilter()
DEBUG StatusLogger Building Plugin[name=, class=org.apache.logging.log4j.core.layout.PatternLayout].
DEBUG StatusLogger PatternLayout$Builder(pattern="%-5p : %m%n", PatternSelector=null, Configuration(HiveLog4j2Test), Replace=null, charset="null", alwaysWriteExceptions="null", disableAnsi="null", noConsoleNoAnsi="null", header="null", footer="null")
DEBUG StatusLogger Building Plugin[name=appender, class=org.apache.hadoop.hive.ql.log.HushableRandomAccessFileAppender].
DEBUG StatusLogger createAppender(fileName="/home/alex/Repositories/hive/beeline/target/tmp/alex/operation_logs/54d9832d-6b69-46e3-a73e-de6d35d6b340/alex_20240501003152_620f3c51-e245-46ca-8734-04e3f8dafa6d.test", append="null", name="test-query-file-appender", immediateFlush="null", bufferSize="null", ignoreExceptions="null", PatternLayout(org.apache.logging.log4j.core.layout.PatternLayout with name PatternLayout), test-filter(org.apache.hadoop.hive.ql.log.LogDivertAppenderForTest$TestFilter with name test-filter), advertise="null", advertiseURI="null", Configuration(HiveLog4j2Test))
DEBUG StatusLogger Starting RandomAccessFileManager /home/alex/Repositories/hive/beeline/target/tmp/alex/operation_logs/54d9832d-6b69-46e3-a73e-de6d35d6b340/alex_20240501003152_620f3c51-e245-46ca-8734-04e3f8dafa6d.test
2024-05-01T00:31:52,213  INFO [54d9832d-6b69-46e3-a73e-de6d35d6b340 main] operation.SQLOperation: [opType=EXECUTE_STATEMENT, queryId=alex_20240501003152_620f3c51-e245-46ca-8734-04e3f8dafa6d, startTime=1714548712209, sessionId=54d9832d-6b69-46e3-a73e-de6d35d6b340, createTime=1714548712127, userName=null, ipAddress=null]
2024-05-01T00:31:52,214  INFO [54d9832d-6b69-46e3-a73e-de6d35d6b340 main] ql.Driver: Compiling command(queryId=alex_20240501003152_620f3c51-e245-46ca-8734-04e3f8dafa6d): show databases
2024-05-01T00:31:52,215  INFO [54d9832d-6b69-46e3-a73e-de6d35d6b340 main] metastore.HiveMetaStoreClient: HMS client filtering is enabled.
2024-05-01T00:31:52,215  INFO [54d9832d-6b69-46e3-a73e-de6d35d6b340 main] metastore.HMSHandler: 0: Opening raw store with implementation class:org.apache.hadoop.hive.metastore.ObjectStore
2024-05-01T00:31:52,215  INFO [54d9832d-6b69-46e3-a73e-de6d35d6b340 main] metastore.PersistenceManagerProvider: Configuration datanucleus.autoStartMechanismMode is not set. Defaulting to 'ignored'
2024-05-01T00:31:52,216  INFO [54d9832d-6b69-46e3-a73e-de6d35d6b340 main] metastore.ObjectStore: RawStore: org.apache.hadoop.hive.metastore.ObjectStore@57f1a1de, with PersistenceManager: null will be shutdown
2024-05-01T00:31:52,216  INFO [54d9832d-6b69-46e3-a73e-de6d35d6b340 main] metastore.ObjectStore: RawStore: org.apache.hadoop.hive.metastore.ObjectStore@57f1a1de, with PersistenceManager: org.datanucleus.api.jdo.JDOPersistenceManager@4a6ef712 created in the thread with id: 1
2024-05-01T00:31:52,218  INFO [54d9832d-6b69-46e3-a73e-de6d35d6b340 main] metastore.HMSHandler: Created RawStore: org.apache.hadoop.hive.metastore.ObjectStore@57f1a1de from thread id: 1
2024-05-01T00:31:52,218  INFO [54d9832d-6b69-46e3-a73e-de6d35d6b340 main] metastore.HMSHandler: HMS server filtering is disabled by configuration
2024-05-01T00:31:52,218  INFO [54d9832d-6b69-46e3-a73e-de6d35d6b340 main] metastore.RetryingMetaStoreClient: RetryingMetaStoreClient proxy=class org.apache.hadoop.hive.ql.metadata.SessionHiveMetaStoreClient ugi=alex (auth:SIMPLE) retries=1 delay=1 lifetime=0
2024-05-01T00:31:52,222  INFO [54d9832d-6b69-46e3-a73e-de6d35d6b340 main] ql.Driver: Semantic Analysis Completed (retrial = false)
2024-05-01T00:31:52,222  INFO [54d9832d-6b69-46e3-a73e-de6d35d6b340 main] ql.Driver: Created Hive schema: Schema(fieldSchemas:[FieldSchema(name:database_name, type:string, comment:from deserializer)], properties:null)
2024-05-01T00:31:52,223  INFO [54d9832d-6b69-46e3-a73e-de6d35d6b340 main] exec.ListSinkOperator: Initializing Operator: LIST_SINK[0]
2024-05-01T00:31:52,223  INFO [54d9832d-6b69-46e3-a73e-de6d35d6b340 main] metadata.Hive: Dumping metastore api call timing information for : compilation phase
2024-05-01T00:31:52,223  INFO [54d9832d-6b69-46e3-a73e-de6d35d6b340 main] metadata.Hive: Total time spent in each metastore function (ms): {isCompatibleWith_(Configuration)=0, flushCache_()=0}
2024-05-01T00:31:52,223  INFO [54d9832d-6b69-46e3-a73e-de6d35d6b340 main] ql.Driver: Completed compiling command(queryId=alex_20240501003152_620f3c51-e245-46ca-8734-04e3f8dafa6d); Time taken: 0.009 seconds
2024-05-01T00:31:52,223  INFO [54d9832d-6b69-46e3-a73e-de6d35d6b340 main] common.LogUtils: Unregistered logging context.
2024-05-01T00:31:52,224  INFO [HiveServer2-Background-Pool: Thread-561] common.LogUtils: Thread context registration is done.
2024-05-01T00:31:52,225  INFO [HiveServer2-Background-Pool: Thread-561] reexec.ReExecDriver: Execution #1 of query
2024-05-01T00:31:52,225  INFO [HiveServer2-Background-Pool: Thread-561] ql.Driver: Concurrency mode is disabled, not creating a lock manager
2024-05-01T00:31:52,225  INFO [HiveServer2-Background-Pool: Thread-561] ql.Driver: Executing command(queryId=alex_20240501003152_620f3c51-e245-46ca-8734-04e3f8dafa6d): show databases
2024-05-01T00:31:52,226  INFO [HiveServer2-Background-Pool: Thread-561] ql.Driver: Starting task [Stage-0:DDL] in serial mode
2024-05-01T00:31:52,226  INFO [HiveServer2-Background-Pool: Thread-561] HiveMetaStore.audit: ugi=alex	ip=unknown-ip-addr	cmd=get_databases: @hive#	
2024-05-01T00:31:52,227  INFO [HiveServer2-Background-Pool: Thread-561] metastore.HMSHandler: 26: Opening raw store with implementation class:org.apache.hadoop.hive.metastore.ObjectStore
2024-05-01T00:31:52,228  INFO [HiveServer2-Background-Pool: Thread-561] metastore.ObjectStore: RawStore: org.apache.hadoop.hive.metastore.ObjectStore@4ae9358, with PersistenceManager: null will be shutdown
2024-05-01T00:31:52,228  INFO [HiveServer2-Background-Pool: Thread-561] metastore.ObjectStore: RawStore: org.apache.hadoop.hive.metastore.ObjectStore@4ae9358, with PersistenceManager: org.datanucleus.api.jdo.JDOPersistenceManager@41ac0da9 created in the thread with id: 561
2024-05-01T00:31:52,230  INFO [HiveServer2-Background-Pool: Thread-561] metastore.HMSHandler: Created RawStore: org.apache.hadoop.hive.metastore.ObjectStore@4ae9358 from thread id: 561
2024-05-01T00:31:52,232  INFO [HiveServer2-Background-Pool: Thread-561] sqlstd.SQLStdHiveAccessController: Created SQLStdHiveAccessController for session context : HiveAuthzSessionContext [sessionString=54d9832d-6b69-46e3-a73e-de6d35d6b340, clientType=HIVESERVER2]
2024-05-01T00:31:52,232  INFO [HiveServer2-Background-Pool: Thread-561] exec.DDLTask: Found 3 database(s) matching the SHOW DATABASES statement.
2024-05-01T00:31:52,239  INFO [HiveServer2-Background-Pool: Thread-561] metadata.Hive: Dumping metastore api call timing information for : execution phase
2024-05-01T00:31:52,239  INFO [HiveServer2-Background-Pool: Thread-561] metadata.Hive: Total time spent in each metastore function (ms): {isCompatibleWith_(Configuration)=0, getAllDatabases_()=6}
2024-05-01T00:31:52,239  INFO [HiveServer2-Background-Pool: Thread-561] ql.Driver: Completed executing command(queryId=alex_20240501003152_620f3c51-e245-46ca-8734-04e3f8dafa6d); Time taken: 0.014 seconds
2024-05-01T00:31:52,240  INFO [HiveServer2-Background-Pool: Thread-561] common.LogUtils: Unregistered logging context.
2024-05-01T00:31:52,242  INFO [54d9832d-6b69-46e3-a73e-de6d35d6b340 main] operation.OperationManager: Closing operation: OperationHandle [opType=EXECUTE_STATEMENT, getHandleIdentifier()=812ea11e-0820-4e44-bf2b-a126dbd47b76]
2024-05-01T00:31:52,242  INFO [54d9832d-6b69-46e3-a73e-de6d35d6b340 main] operation.OperationManager: Removed queryId: alex_20240501003152_620f3c51-e245-46ca-8734-04e3f8dafa6d corresponding to operation: OperationHandle [opType=EXECUTE_STATEMENT, getHandleIdentifier()=812ea11e-0820-4e44-bf2b-a126dbd47b76] with tag: null
2024-05-01T00:31:52,242  INFO [54d9832d-6b69-46e3-a73e-de6d35d6b340 main] ql.Context: Deleting scratch dir: file:/home/alex/Repositories/hive/beeline/target/tmp/alex/54d9832d-6b69-46e3-a73e-de6d35d6b340/hive_2024-05-01_00-31-52_214_2323184186016308441-1
2024-05-01T00:31:52,242  INFO [54d9832d-6b69-46e3-a73e-de6d35d6b340 main] cleanup.EventualCleanupService: Delete file:/home/alex/Repositories/hive/beeline/target/tmp/alex/54d9832d-6b69-46e3-a73e-de6d35d6b340/hive_2024-05-01_00-31-52_214_2323184186016308441-1 operation was queued
2024-05-01T00:31:52,242  INFO [54d9832d-6b69-46e3-a73e-de6d35d6b340 main] exec.ListSinkOperator: Closing Operator: LIST_SINK[0]
2024-05-01T00:31:52,242  INFO [54d9832d-6b69-46e3-a73e-de6d35d6b340 main] exec.ListSinkOperator: RECORDS_OUT_INTERMEDIATE:0, RECORDS_OUT_OPERATOR_LIST_SINK_0:0, 
2024-05-01T00:31:52,242  INFO [54d9832d-6b69-46e3-a73e-de6d35d6b340 main] operation.SQLOperation: Closing operation log /home/alex/Repositories/hive/beeline/target/tmp/alex/operation_logs/54d9832d-6b69-46e3-a73e-de6d35d6b340/alex_20240501003152_620f3c51-e245-46ca-8734-04e3f8dafa6d without delay
2024-05-01T00:31:52,243  INFO [EventualCleanupService thread 0] cleanup.EventualCleanupService: Deleted file:/home/alex/Repositories/hive/beeline/target/tmp/alex/54d9832d-6b69-46e3-a73e-de6d35d6b340/hive_2024-05-01_00-31-52_214_2323184186016308441-1
2024-05-01T00:31:52,243  INFO [main] service.CompositeService: Session closed, SessionHandle [54d9832d-6b69-46e3-a73e-de6d35d6b340], current sessions:0
2024-05-01T00:31:52,243  INFO [54d9832d-6b69-46e3-a73e-de6d35d6b340 main] session.HiveSessionImpl: Operation log session directory is deleted: /home/alex/Repositories/hive/beeline/target/tmp/alex/operation_logs/54d9832d-6b69-46e3-a73e-de6d35d6b340
2024-05-01T00:31:52,243  INFO [main] cleanup.EventualCleanupService: Delete /tmp/hive/alex/54d9832d-6b69-46e3-a73e-de6d35d6b340 operation was queued
2024-05-01T00:31:52,243  INFO [main] cleanup.EventualCleanupService: Delete /home/alex/Repositories/hive/beeline/target/tmp/alex/54d9832d-6b69-46e3-a73e-de6d35d6b340 operation was queued
2024-05-01T00:31:52,243  INFO [EventualCleanupService thread 2] cleanup.EventualCleanupService: Deleted /home/alex/Repositories/hive/beeline/target/tmp/alex/54d9832d-6b69-46e3-a73e-de6d35d6b340
2024-05-01T00:31:52,243  INFO [EventualCleanupService thread 1] cleanup.EventualCleanupService: Deleted /tmp/hive/alex/54d9832d-6b69-46e3-a73e-de6d35d6b340
2024-05-01T00:31:52,244  INFO [main] HiveMetaStore.audit: ugi=alex	ip=unknown-ip-addr	cmd=Cleaning up thread local RawStore...	
2024-05-01T00:31:52,244  INFO [main] metastore.ObjectStore: RawStore: org.apache.hadoop.hive.metastore.ObjectStore@57f1a1de, with PersistenceManager: org.datanucleus.api.jdo.JDOPersistenceManager@4a6ef712 will be shutdown
2024-05-01T00:31:52,244  INFO [main] HiveMetaStore.audit: ugi=alex	ip=unknown-ip-addr	cmd=Done cleaning up thread local RawStore	
2024-05-01T00:31:52,244  INFO [main] metastore.HiveMetaStoreClient: Closed a connection to metastore, current connections: -36
2024-05-01T00:31:52,244 ERROR [main] cli.TestHiveCli: Failed due to the error:Connecting to jdbc:hive2://
Hive Session ID = 822440b4-18c1-4719-ae0f-9dae467cef1b
ivysettings.xml file not found in HIVE_HOME or HIVE_CONF_DIR,/home/alex/Repositories/hive/conf/ivysettings.xml will be used
ivysettings.xml file not found in HIVE_HOME or HIVE_CONF_DIR,/home/alex/Repositories/hive/conf/ivysettings.xml will be used
Connected to: Apache Hive (version 4.0.0-SNAPSHOT)
Error: Couldn't load manifest attributes. (state=,code=0)
Transaction isolation: TRANSACTION_REPEATABLE_READ
INFO  : Compiling command(queryId=alex_20240501003152_620f3c51-e245-46ca-8734-04e3f8dafa6d): show databases
INFO  : Semantic Analysis Completed (retrial = false)
INFO  : Created Hive schema: Schema(fieldSchemas:[FieldSchema(name:database_name, type:string, comment:from deserializer)], properties:null)
INFO  : Completed compiling command(queryId=alex_20240501003152_620f3c51-e245-46ca-8734-04e3f8dafa6d); Time taken: 0.009 seconds
INFO  : Concurrency mode is disabled, not creating a lock manager
INFO  : Executing command(queryId=alex_20240501003152_620f3c51-e245-46ca-8734-04e3f8dafa6d): show databases
INFO  : Starting task [Stage-0:DDL] in serial mode
DEBUG : Task getting executed using mapred tag : alex_20240501003152_620f3c51-e245-46ca-8734-04e3f8dafa6d,userid=null
INFO  : Completed executing command(queryId=alex_20240501003152_620f3c51-e245-46ca-8734-04e3f8dafa6d); Time taken: 0.014 seconds
DEBUG : Shutting down query show databases
Error: Failed to wait for operation to complete (state=08S01,code=0)
Closing: 0: jdbc:hive2://

]]></system-err>
  </testcase>
  <testcase name="testInvalidDatabaseOptions" classname="org.apache.hive.beeline.cli.TestHiveCli" time="0.218"/>
  <testcase name="testVariables" classname="org.apache.hive.beeline.cli.TestHiveCli" time="0.324"/>
  <testcase name="testInvalidOptions" classname="org.apache.hive.beeline.cli.TestHiveCli" time="0.002"/>
  <testcase name="testVariablesForSource" classname="org.apache.hive.beeline.cli.TestHiveCli" time="0.524">
    <failure type="java.lang.AssertionError"><![CDATA[java.lang.AssertionError: Supported return code is 0 while the actual is 2
	at org.junit.Assert.fail(Assert.java:89)
	at org.apache.hive.beeline.cli.TestHiveCli.executeCMD(TestHiveCli.java:256)
	at org.apache.hive.beeline.cli.TestHiveCli.verifyCMD(TestHiveCli.java:266)
	at org.apache.hive.beeline.cli.TestHiveCli.testVariablesForSource(TestHiveCli.java:198)
	at sun.reflect.NativeMethodAccessorImpl.invoke0(Native Method)
	at sun.reflect.NativeMethodAccessorImpl.invoke(NativeMethodAccessorImpl.java:62)
	at sun.reflect.DelegatingMethodAccessorImpl.invoke(DelegatingMethodAccessorImpl.java:43)
	at java.lang.reflect.Method.invoke(Method.java:498)
	at org.junit.runners.model.FrameworkMethod$1.runReflectiveCall(FrameworkMethod.java:59)
	at org.junit.internal.runners.model.ReflectiveCallable.run(ReflectiveCallable.java:12)
	at org.junit.runners.model.FrameworkMethod.invokeExplosively(FrameworkMethod.java:56)
	at org.junit.internal.runners.statements.InvokeMethod.evaluate(InvokeMethod.java:17)
	at org.junit.internal.runners.statements.RunBefores.evaluate(RunBefores.java:26)
	at org.junit.internal.runners.statements.RunAfters.evaluate(RunAfters.java:27)
	at org.junit.runners.ParentRunner$3.evaluate(ParentRunner.java:306)
	at org.junit.runners.BlockJUnit4ClassRunner$1.evaluate(BlockJUnit4ClassRunner.java:100)
	at org.junit.runners.ParentRunner.runLeaf(ParentRunner.java:366)
	at org.junit.runners.BlockJUnit4ClassRunner.runChild(BlockJUnit4ClassRunner.java:103)
	at org.junit.runners.BlockJUnit4ClassRunner.runChild(BlockJUnit4ClassRunner.java:63)
	at org.junit.runners.ParentRunner$4.run(ParentRunner.java:331)
	at org.junit.runners.ParentRunner$1.schedule(ParentRunner.java:79)
	at org.junit.runners.ParentRunner.runChildren(ParentRunner.java:329)
	at org.junit.runners.ParentRunner.access$100(ParentRunner.java:66)
	at org.junit.runners.ParentRunner$2.evaluate(ParentRunner.java:293)
	at org.junit.internal.runners.statements.RunBefores.evaluate(RunBefores.java:26)
	at org.junit.runners.ParentRunner$3.evaluate(ParentRunner.java:306)
	at org.junit.runners.ParentRunner.run(ParentRunner.java:413)
	at org.junit.runner.JUnitCore.run(JUnitCore.java:137)
	at org.junit.runner.JUnitCore.run(JUnitCore.java:115)
	at org.junit.vintage.engine.execution.RunnerExecutor.execute(RunnerExecutor.java:43)
	at java.util.stream.ForEachOps$ForEachOp$OfRef.accept(ForEachOps.java:183)
	at java.util.stream.ReferencePipeline$3$1.accept(ReferencePipeline.java:193)
	at java.util.Iterator.forEachRemaining(Iterator.java:116)
	at java.util.Spliterators$IteratorSpliterator.forEachRemaining(Spliterators.java:1801)
	at java.util.stream.AbstractPipeline.copyInto(AbstractPipeline.java:482)
	at java.util.stream.AbstractPipeline.wrapAndCopyInto(AbstractPipeline.java:472)
	at java.util.stream.ForEachOps$ForEachOp.evaluateSequential(ForEachOps.java:150)
	at java.util.stream.ForEachOps$ForEachOp$OfRef.evaluateSequential(ForEachOps.java:173)
	at java.util.stream.AbstractPipeline.evaluate(AbstractPipeline.java:234)
	at java.util.stream.ReferencePipeline.forEach(ReferencePipeline.java:485)
	at org.junit.vintage.engine.VintageTestEngine.executeAllChildren(VintageTestEngine.java:82)
	at org.junit.vintage.engine.VintageTestEngine.execute(VintageTestEngine.java:73)
	at org.junit.platform.launcher.core.DefaultLauncher.execute(DefaultLauncher.java:248)
	at org.junit.platform.launcher.core.DefaultLauncher.lambda$execute$5(DefaultLauncher.java:211)
	at org.junit.platform.launcher.core.DefaultLauncher.withInterceptedStreams(DefaultLauncher.java:226)
	at org.junit.platform.launcher.core.DefaultLauncher.execute(DefaultLauncher.java:199)
	at org.junit.platform.launcher.core.DefaultLauncher.execute(DefaultLauncher.java:132)
	at org.apache.maven.surefire.junitplatform.JUnitPlatformProvider.invokeAllTests(JUnitPlatformProvider.java:154)
	at org.apache.maven.surefire.junitplatform.JUnitPlatformProvider.invoke(JUnitPlatformProvider.java:123)
	at org.apache.maven.surefire.booter.ForkedBooter.runSuitesInProcess(ForkedBooter.java:377)
	at org.apache.maven.surefire.booter.ForkedBooter.execute(ForkedBooter.java:138)
	at org.apache.maven.surefire.booter.ForkedBooter.run(ForkedBooter.java:465)
	at org.apache.maven.surefire.booter.ForkedBooter.main(ForkedBooter.java:451)
]]></failure>
    <system-err><![CDATA[2024-05-01T00:31:52,789 ERROR [main] cli.TestHiveCli: Failed to execute command due to the error: java.lang.NullPointerException: Null output stream
2024-05-01T00:31:52,838  WARN [main] conf.HiveConf: HiveConf of name hive.dummyparam.test.server.specific.config.override does not exist
2024-05-01T00:31:52,838  WARN [main] conf.HiveConf: HiveConf of name hive.dummyparam.test.server.specific.config.hiveserver2site does not exist
2024-05-01T00:31:52,839  WARN [main] conf.HiveConf: HiveConf of name hive.dummyparam.test.server.specific.config.metastoresite does not exist
2024-05-01T00:31:52,839  INFO [main] SessionState: Hive Session ID = 6d5951c9-8aa7-4878-bb0e-9d35cd5f9e52
2024-05-01T00:31:52,839  INFO [main] DependencyResolver: ivysettings.xml file not found in HIVE_HOME or HIVE_CONF_DIR,/home/alex/Repositories/hive/conf/ivysettings.xml will be used
2024-05-01T00:31:52,847  INFO [main] session.SessionState: Created HDFS directory: /tmp/hive/alex/6d5951c9-8aa7-4878-bb0e-9d35cd5f9e52
2024-05-01T00:31:52,851  INFO [main] session.SessionState: Created local directory: /home/alex/Repositories/hive/beeline/target/tmp/alex/6d5951c9-8aa7-4878-bb0e-9d35cd5f9e52
2024-05-01T00:31:52,854  INFO [main] session.SessionState: Created HDFS directory: /tmp/hive/alex/6d5951c9-8aa7-4878-bb0e-9d35cd5f9e52/_tmp_space.db
2024-05-01T00:31:52,855  INFO [main] sqlstd.SQLStdHiveAccessController: Created SQLStdHiveAccessController for session context : HiveAuthzSessionContext [sessionString=6d5951c9-8aa7-4878-bb0e-9d35cd5f9e52, clientType=HIVESERVER2]
2024-05-01T00:31:52,855  INFO [main] metastore.HiveMetaStoreClient: HMS client filtering is enabled.
2024-05-01T00:31:52,856  INFO [main] metastore.HMSHandler: 0: Opening raw store with implementation class:org.apache.hadoop.hive.metastore.ObjectStore
2024-05-01T00:31:52,856  INFO [main] metastore.PersistenceManagerProvider: Configuration datanucleus.autoStartMechanismMode is not set. Defaulting to 'ignored'
2024-05-01T00:31:52,856  INFO [main] metastore.ObjectStore: RawStore: org.apache.hadoop.hive.metastore.ObjectStore@3a917017, with PersistenceManager: null will be shutdown
2024-05-01T00:31:52,857  INFO [main] metastore.ObjectStore: RawStore: org.apache.hadoop.hive.metastore.ObjectStore@3a917017, with PersistenceManager: org.datanucleus.api.jdo.JDOPersistenceManager@1ed12d10 created in the thread with id: 1
2024-05-01T00:31:52,858  INFO [main] metastore.HMSHandler: Created RawStore: org.apache.hadoop.hive.metastore.ObjectStore@3a917017 from thread id: 1
2024-05-01T00:31:52,858  INFO [main] metastore.HMSHandler: HMS server filtering is disabled by configuration
2024-05-01T00:31:52,858  INFO [main] metastore.RetryingMetaStoreClient: RetryingMetaStoreClient proxy=class org.apache.hadoop.hive.ql.metadata.SessionHiveMetaStoreClient ugi=alex (auth:SIMPLE) retries=1 delay=1 lifetime=0
2024-05-01T00:31:52,859  INFO [main] service.CompositeService: Operation log root directory is created: /home/alex/Repositories/hive/beeline/target/tmp/alex/operation_logs
2024-05-01T00:31:52,859  INFO [main] service.CompositeService: HiveServer2: Background operation thread pool size: 100
2024-05-01T00:31:52,859  INFO [main] service.CompositeService: HiveServer2: Background operation thread wait queue size: 100
2024-05-01T00:31:52,859  INFO [main] service.CompositeService: HiveServer2: Background operation thread keepalive time: 10 seconds
2024-05-01T00:31:52,859  INFO [main] service.CompositeService: Connections limit are user: 0 ipaddress: 0 user-ipaddress: 0
2024-05-01T00:31:52,860  INFO [main] cleanup.EventualCleanupService: EventualCleanupService started with 10 threads and queue of size 10000
ERROR StatusLogger Log4j2 ConfigurationScheduler attempted to increment scheduled items after start
ERROR StatusLogger Log4j2 ConfigurationScheduler attempted to increment scheduled items after start
2024-05-01T00:31:52,861  INFO [main] service.AbstractService: Service:OperationManager is inited.
2024-05-01T00:31:52,861  INFO [main] service.AbstractService: Service:SessionManager is inited.
2024-05-01T00:31:52,861  INFO [main] service.AbstractService: Service:CLIService is inited.
2024-05-01T00:31:52,861  INFO [main] service.AbstractService: Service:OperationManager is started.
2024-05-01T00:31:52,861  INFO [main] service.AbstractService: Service:SessionManager is started.
2024-05-01T00:31:52,862  INFO [main] service.AbstractService: Service:CLIService is started.
2024-05-01T00:31:52,862  INFO [main] service.AbstractService: Service:ThriftBinaryCLIService is inited.
2024-05-01T00:31:52,862  INFO [main] thrift.ThriftCLIService: Client protocol version: HIVE_CLI_SERVICE_PROTOCOL_V10
2024-05-01T00:31:52,862  INFO [main] thrift.ThriftCLIService: Creating Hive session handle for user [null] from IP null
2024-05-01T00:31:52,863  INFO [main] DependencyResolver: ivysettings.xml file not found in HIVE_HOME or HIVE_CONF_DIR,/home/alex/Repositories/hive/conf/ivysettings.xml will be used
2024-05-01T00:31:52,870  INFO [main] session.SessionState: Created HDFS directory: /tmp/hive/alex/9ea33afa-04fc-41d5-873b-ccec3c78c470
2024-05-01T00:31:52,873  INFO [main] session.SessionState: Created local directory: /home/alex/Repositories/hive/beeline/target/tmp/alex/9ea33afa-04fc-41d5-873b-ccec3c78c470
2024-05-01T00:31:52,877  INFO [main] session.SessionState: Created HDFS directory: /tmp/hive/alex/9ea33afa-04fc-41d5-873b-ccec3c78c470/_tmp_space.db
2024-05-01T00:31:52,877  INFO [main] session.SessionState: Reloading auxiliary JAR files
2024-05-01T00:31:52,877  WARN [main] session.SessionState: Configuration hive.reloadable.aux.jars.path not specified
2024-05-01T00:31:52,877  INFO [main] HiveMetaStore.audit: ugi=alex	ip=unknown-ip-addr	cmd=Cleaning up thread local RawStore...	
2024-05-01T00:31:52,877  INFO [main] metastore.ObjectStore: RawStore: org.apache.hadoop.hive.metastore.ObjectStore@3a917017, with PersistenceManager: org.datanucleus.api.jdo.JDOPersistenceManager@1ed12d10 will be shutdown
2024-05-01T00:31:52,877  INFO [main] HiveMetaStore.audit: ugi=alex	ip=unknown-ip-addr	cmd=Done cleaning up thread local RawStore	
2024-05-01T00:31:52,877  INFO [main] metastore.HiveMetaStoreClient: Closed a connection to metastore, current connections: -40
2024-05-01T00:31:52,877  INFO [main] session.HiveSessionImpl: Operation log session directory is created: /home/alex/Repositories/hive/beeline/target/tmp/alex/operation_logs/9ea33afa-04fc-41d5-873b-ccec3c78c470
2024-05-01T00:31:52,877  INFO [main] service.CompositeService: Session opened, SessionHandle [9ea33afa-04fc-41d5-873b-ccec3c78c470], current sessions:1
2024-05-01T00:31:52,878  INFO [main] thrift.ThriftCLIService: Login attempt is successful for user : null
2024-05-01T00:31:52,924  WARN [main] conf.HiveConf: HiveConf of name hive.dummyparam.test.server.specific.config.override does not exist
2024-05-01T00:31:52,925  WARN [main] conf.HiveConf: HiveConf of name hive.dummyparam.test.server.specific.config.hiveserver2site does not exist
2024-05-01T00:31:52,925  WARN [main] conf.HiveConf: HiveConf of name hive.dummyparam.test.server.specific.config.metastoresite does not exist
2024-05-01T00:31:52,925  INFO [9ea33afa-04fc-41d5-873b-ccec3c78c470 main] session.HiveSessionImpl: executing set
2024-05-01T00:31:52,925  INFO [9ea33afa-04fc-41d5-873b-ccec3c78c470 main] operation.HiveCommandOperation: Putting temp output to file /home/alex/Repositories/hive/beeline/target/tmp/alex/9ea33afa-04fc-41d5-873b-ccec3c78c4704644470755536531152.pipeout and error output to file /home/alex/Repositories/hive/beeline/target/tmp/alex/9ea33afa-04fc-41d5-873b-ccec3c78c4702894529780085643851.pipeout
2024-05-01T00:31:52,926  INFO [9ea33afa-04fc-41d5-873b-ccec3c78c470 main] operation.OperationManager: Adding operation: OperationHandle [opType=EXECUTE_STATEMENT, getHandleIdentifier()=6b2cb188-dd12-4fac-8334-88c7551cc854] SessionHandle [9ea33afa-04fc-41d5-873b-ccec3c78c470]
2024-05-01T00:31:52,926  INFO [9ea33afa-04fc-41d5-873b-ccec3c78c470 main] common.LogUtils: Thread context registration is done.
DEBUG StatusLogger Building Plugin[name=filter, class=org.apache.hadoop.hive.ql.log.LogDivertAppender$NameFilter].
DEBUG StatusLogger createFilter(loggingLevel="EXECUTION")
DEBUG StatusLogger Building Plugin[name=layout, class=org.apache.logging.log4j.core.layout.PatternLayout].
DEBUG StatusLogger PatternLayout$Builder(pattern="%-5p : %m%n", PatternSelector=null, Configuration(HiveLog4j2Test), Replace=null, charset="null", alwaysWriteExceptions="null", disableAnsi="null", noConsoleNoAnsi="null", header="null", footer="null")
DEBUG StatusLogger Building Plugin[name=appender, class=org.apache.hadoop.hive.ql.log.HushableRandomAccessFileAppender].
DEBUG StatusLogger createAppender(fileName="/home/alex/Repositories/hive/beeline/target/tmp/alex/operation_logs/9ea33afa-04fc-41d5-873b-ccec3c78c470/alex_20240501003152_62e5d3ed-0cd1-4b55-866a-286bb8a41612", append="null", name="query-file-appender", immediateFlush="null", bufferSize="null", ignoreExceptions="null", PatternLayout(org.apache.logging.log4j.core.layout.PatternLayout with name PatternLayout), NameFilter(org.apache.hadoop.hive.ql.log.LogDivertAppender$NameFilter with name NameFilter), advertise="null", advertiseURI="null", Configuration(HiveLog4j2Test))
DEBUG StatusLogger Starting RandomAccessFileManager /home/alex/Repositories/hive/beeline/target/tmp/alex/operation_logs/9ea33afa-04fc-41d5-873b-ccec3c78c470/alex_20240501003152_62e5d3ed-0cd1-4b55-866a-286bb8a41612
DEBUG StatusLogger Building Plugin[name=, class=org.apache.hadoop.hive.ql.log.LogDivertAppenderForTest$TestFilter].
DEBUG StatusLogger createFilter()
DEBUG StatusLogger Building Plugin[name=, class=org.apache.logging.log4j.core.layout.PatternLayout].
DEBUG StatusLogger PatternLayout$Builder(pattern="%-5p : %m%n", PatternSelector=null, Configuration(HiveLog4j2Test), Replace=null, charset="null", alwaysWriteExceptions="null", disableAnsi="null", noConsoleNoAnsi="null", header="null", footer="null")
DEBUG StatusLogger Building Plugin[name=appender, class=org.apache.hadoop.hive.ql.log.HushableRandomAccessFileAppender].
DEBUG StatusLogger createAppender(fileName="/home/alex/Repositories/hive/beeline/target/tmp/alex/operation_logs/9ea33afa-04fc-41d5-873b-ccec3c78c470/alex_20240501003152_62e5d3ed-0cd1-4b55-866a-286bb8a41612.test", append="null", name="test-query-file-appender", immediateFlush="null", bufferSize="null", ignoreExceptions="null", PatternLayout(org.apache.logging.log4j.core.layout.PatternLayout with name PatternLayout), test-filter(org.apache.hadoop.hive.ql.log.LogDivertAppenderForTest$TestFilter with name test-filter), advertise="null", advertiseURI="null", Configuration(HiveLog4j2Test))
DEBUG StatusLogger Starting RandomAccessFileManager /home/alex/Repositories/hive/beeline/target/tmp/alex/operation_logs/9ea33afa-04fc-41d5-873b-ccec3c78c470/alex_20240501003152_62e5d3ed-0cd1-4b55-866a-286bb8a41612.test
2024-05-01T00:31:52,929  INFO [9ea33afa-04fc-41d5-873b-ccec3c78c470 main] operation.HiveCommandOperation: [opType=EXECUTE_STATEMENT, queryId=alex_20240501003152_62e5d3ed-0cd1-4b55-866a-286bb8a41612, startTime=1714548712925, sessionId=9ea33afa-04fc-41d5-873b-ccec3c78c470, createTime=1714548712862, userName=null, ipAddress=null]
2024-05-01T00:31:52,937  INFO [9ea33afa-04fc-41d5-873b-ccec3c78c470 main] common.LogUtils: Unregistered logging context.
2024-05-01T00:31:52,940  INFO [9ea33afa-04fc-41d5-873b-ccec3c78c470 main] operation.OperationManager: Closing operation: OperationHandle [opType=EXECUTE_STATEMENT, getHandleIdentifier()=6b2cb188-dd12-4fac-8334-88c7551cc854]
2024-05-01T00:31:52,940  INFO [9ea33afa-04fc-41d5-873b-ccec3c78c470 main] operation.OperationManager: Removed queryId: alex_20240501003152_62e5d3ed-0cd1-4b55-866a-286bb8a41612 corresponding to operation: OperationHandle [opType=EXECUTE_STATEMENT, getHandleIdentifier()=6b2cb188-dd12-4fac-8334-88c7551cc854] with tag: null
2024-05-01T00:31:52,940  INFO [9ea33afa-04fc-41d5-873b-ccec3c78c470 main] operation.HiveCommandOperation: Closing operation log /home/alex/Repositories/hive/beeline/target/tmp/alex/operation_logs/9ea33afa-04fc-41d5-873b-ccec3c78c470/alex_20240501003152_62e5d3ed-0cd1-4b55-866a-286bb8a41612 without delay
2024-05-01T00:31:52,943  INFO [9ea33afa-04fc-41d5-873b-ccec3c78c470 main] session.HiveSessionImpl: executing use test
2024-05-01T00:31:52,943  INFO [9ea33afa-04fc-41d5-873b-ccec3c78c470 main] operation.OperationManager: Adding operation: OperationHandle [opType=EXECUTE_STATEMENT, getHandleIdentifier()=5eb71c6e-7405-4598-acbf-2fbb5e79de4e] SessionHandle [9ea33afa-04fc-41d5-873b-ccec3c78c470]
2024-05-01T00:31:52,943  INFO [9ea33afa-04fc-41d5-873b-ccec3c78c470 main] common.LogUtils: Thread context registration is done.
DEBUG StatusLogger Building Plugin[name=filter, class=org.apache.hadoop.hive.ql.log.LogDivertAppender$NameFilter].
DEBUG StatusLogger createFilter(loggingLevel="EXECUTION")
DEBUG StatusLogger Building Plugin[name=layout, class=org.apache.logging.log4j.core.layout.PatternLayout].
DEBUG StatusLogger PatternLayout$Builder(pattern="%-5p : %m%n", PatternSelector=null, Configuration(HiveLog4j2Test), Replace=null, charset="null", alwaysWriteExceptions="null", disableAnsi="null", noConsoleNoAnsi="null", header="null", footer="null")
DEBUG StatusLogger Building Plugin[name=appender, class=org.apache.hadoop.hive.ql.log.HushableRandomAccessFileAppender].
DEBUG StatusLogger createAppender(fileName="/home/alex/Repositories/hive/beeline/target/tmp/alex/operation_logs/9ea33afa-04fc-41d5-873b-ccec3c78c470/alex_20240501003152_1edd49b4-38d6-4048-b9ee-75d3ab885ec8", append="null", name="query-file-appender", immediateFlush="null", bufferSize="null", ignoreExceptions="null", PatternLayout(org.apache.logging.log4j.core.layout.PatternLayout with name PatternLayout), NameFilter(org.apache.hadoop.hive.ql.log.LogDivertAppender$NameFilter with name NameFilter), advertise="null", advertiseURI="null", Configuration(HiveLog4j2Test))
DEBUG StatusLogger Starting RandomAccessFileManager /home/alex/Repositories/hive/beeline/target/tmp/alex/operation_logs/9ea33afa-04fc-41d5-873b-ccec3c78c470/alex_20240501003152_1edd49b4-38d6-4048-b9ee-75d3ab885ec8
DEBUG StatusLogger Building Plugin[name=, class=org.apache.hadoop.hive.ql.log.LogDivertAppenderForTest$TestFilter].
DEBUG StatusLogger createFilter()
DEBUG StatusLogger Building Plugin[name=, class=org.apache.logging.log4j.core.layout.PatternLayout].
DEBUG StatusLogger PatternLayout$Builder(pattern="%-5p : %m%n", PatternSelector=null, Configuration(HiveLog4j2Test), Replace=null, charset="null", alwaysWriteExceptions="null", disableAnsi="null", noConsoleNoAnsi="null", header="null", footer="null")
DEBUG StatusLogger Building Plugin[name=appender, class=org.apache.hadoop.hive.ql.log.HushableRandomAccessFileAppender].
DEBUG StatusLogger createAppender(fileName="/home/alex/Repositories/hive/beeline/target/tmp/alex/operation_logs/9ea33afa-04fc-41d5-873b-ccec3c78c470/alex_20240501003152_1edd49b4-38d6-4048-b9ee-75d3ab885ec8.test", append="null", name="test-query-file-appender", immediateFlush="null", bufferSize="null", ignoreExceptions="null", PatternLayout(org.apache.logging.log4j.core.layout.PatternLayout with name PatternLayout), test-filter(org.apache.hadoop.hive.ql.log.LogDivertAppenderForTest$TestFilter with name test-filter), advertise="null", advertiseURI="null", Configuration(HiveLog4j2Test))
DEBUG StatusLogger Starting RandomAccessFileManager /home/alex/Repositories/hive/beeline/target/tmp/alex/operation_logs/9ea33afa-04fc-41d5-873b-ccec3c78c470/alex_20240501003152_1edd49b4-38d6-4048-b9ee-75d3ab885ec8.test
2024-05-01T00:31:52,946  INFO [9ea33afa-04fc-41d5-873b-ccec3c78c470 main] operation.SQLOperation: [opType=EXECUTE_STATEMENT, queryId=alex_20240501003152_1edd49b4-38d6-4048-b9ee-75d3ab885ec8, startTime=1714548712943, sessionId=9ea33afa-04fc-41d5-873b-ccec3c78c470, createTime=1714548712862, userName=null, ipAddress=null]
2024-05-01T00:31:52,947  INFO [9ea33afa-04fc-41d5-873b-ccec3c78c470 main] ql.Driver: Compiling command(queryId=alex_20240501003152_1edd49b4-38d6-4048-b9ee-75d3ab885ec8): use test
2024-05-01T00:31:52,947  INFO [9ea33afa-04fc-41d5-873b-ccec3c78c470 main] metastore.HiveMetaStoreClient: HMS client filtering is enabled.
2024-05-01T00:31:52,948  INFO [9ea33afa-04fc-41d5-873b-ccec3c78c470 main] metastore.HMSHandler: 0: Opening raw store with implementation class:org.apache.hadoop.hive.metastore.ObjectStore
2024-05-01T00:31:52,948  INFO [9ea33afa-04fc-41d5-873b-ccec3c78c470 main] metastore.PersistenceManagerProvider: Configuration datanucleus.autoStartMechanismMode is not set. Defaulting to 'ignored'
2024-05-01T00:31:52,948  INFO [9ea33afa-04fc-41d5-873b-ccec3c78c470 main] metastore.ObjectStore: RawStore: org.apache.hadoop.hive.metastore.ObjectStore@1cfa7ee0, with PersistenceManager: null will be shutdown
2024-05-01T00:31:52,948  INFO [9ea33afa-04fc-41d5-873b-ccec3c78c470 main] metastore.ObjectStore: RawStore: org.apache.hadoop.hive.metastore.ObjectStore@1cfa7ee0, with PersistenceManager: org.datanucleus.api.jdo.JDOPersistenceManager@612290d created in the thread with id: 1
2024-05-01T00:31:52,950  INFO [9ea33afa-04fc-41d5-873b-ccec3c78c470 main] metastore.HMSHandler: Created RawStore: org.apache.hadoop.hive.metastore.ObjectStore@1cfa7ee0 from thread id: 1
2024-05-01T00:31:52,950  INFO [9ea33afa-04fc-41d5-873b-ccec3c78c470 main] metastore.HMSHandler: HMS server filtering is disabled by configuration
2024-05-01T00:31:52,951  INFO [9ea33afa-04fc-41d5-873b-ccec3c78c470 main] metastore.RetryingMetaStoreClient: RetryingMetaStoreClient proxy=class org.apache.hadoop.hive.ql.metadata.SessionHiveMetaStoreClient ugi=alex (auth:SIMPLE) retries=1 delay=1 lifetime=0
2024-05-01T00:31:52,951  INFO [9ea33afa-04fc-41d5-873b-ccec3c78c470 main] HiveMetaStore.audit: ugi=alex	ip=unknown-ip-addr	cmd=get_database: test	
2024-05-01T00:31:52,952  INFO [9ea33afa-04fc-41d5-873b-ccec3c78c470 main] ql.Driver: Semantic Analysis Completed (retrial = false)
2024-05-01T00:31:52,952  INFO [9ea33afa-04fc-41d5-873b-ccec3c78c470 main] ql.Driver: Created Hive schema: Schema(fieldSchemas:null, properties:null)
2024-05-01T00:31:52,952  INFO [9ea33afa-04fc-41d5-873b-ccec3c78c470 main] metadata.Hive: Dumping metastore api call timing information for : compilation phase
2024-05-01T00:31:52,952  INFO [9ea33afa-04fc-41d5-873b-ccec3c78c470 main] metadata.Hive: Total time spent in each metastore function (ms): {isCompatibleWith_(Configuration)=0, getDatabase_(String)=1, flushCache_()=0}
2024-05-01T00:31:52,953  INFO [9ea33afa-04fc-41d5-873b-ccec3c78c470 main] ql.Driver: Completed compiling command(queryId=alex_20240501003152_1edd49b4-38d6-4048-b9ee-75d3ab885ec8); Time taken: 0.005 seconds
2024-05-01T00:31:52,953  INFO [9ea33afa-04fc-41d5-873b-ccec3c78c470 main] common.LogUtils: Unregistered logging context.
2024-05-01T00:31:52,953  INFO [HiveServer2-Background-Pool: Thread-637] common.LogUtils: Thread context registration is done.
2024-05-01T00:31:52,954  INFO [HiveServer2-Background-Pool: Thread-637] reexec.ReExecDriver: Execution #1 of query
2024-05-01T00:31:52,954  INFO [HiveServer2-Background-Pool: Thread-637] ql.Driver: Concurrency mode is disabled, not creating a lock manager
2024-05-01T00:31:52,955  INFO [HiveServer2-Background-Pool: Thread-637] ql.Driver: Executing command(queryId=alex_20240501003152_1edd49b4-38d6-4048-b9ee-75d3ab885ec8): use test
2024-05-01T00:31:52,955  INFO [HiveServer2-Background-Pool: Thread-637] ql.Driver: Starting task [Stage-0:DDL] in serial mode
2024-05-01T00:31:52,956  INFO [HiveServer2-Background-Pool: Thread-637] HiveMetaStore.audit: ugi=alex	ip=unknown-ip-addr	cmd=get_database: test	
2024-05-01T00:31:52,957  INFO [HiveServer2-Background-Pool: Thread-637] metastore.HMSHandler: 28: Opening raw store with implementation class:org.apache.hadoop.hive.metastore.ObjectStore
2024-05-01T00:31:52,958  INFO [HiveServer2-Background-Pool: Thread-637] metastore.ObjectStore: RawStore: org.apache.hadoop.hive.metastore.ObjectStore@385ee467, with PersistenceManager: null will be shutdown
2024-05-01T00:31:52,958  INFO [HiveServer2-Background-Pool: Thread-637] metastore.ObjectStore: RawStore: org.apache.hadoop.hive.metastore.ObjectStore@385ee467, with PersistenceManager: org.datanucleus.api.jdo.JDOPersistenceManager@7d5c6d08 created in the thread with id: 637
2024-05-01T00:31:52,961  INFO [HiveServer2-Background-Pool: Thread-637] metastore.HMSHandler: Created RawStore: org.apache.hadoop.hive.metastore.ObjectStore@385ee467 from thread id: 637
2024-05-01T00:31:52,962  INFO [HiveServer2-Background-Pool: Thread-637] HiveMetaStore.audit: ugi=alex	ip=unknown-ip-addr	cmd=get_database: test	
2024-05-01T00:31:52,963  INFO [HiveServer2-Background-Pool: Thread-637] metadata.Hive: Dumping metastore api call timing information for : execution phase
2024-05-01T00:31:52,963  INFO [HiveServer2-Background-Pool: Thread-637] metadata.Hive: Total time spent in each metastore function (ms): {isCompatibleWith_(Configuration)=0, getDatabase_(String)=7}
2024-05-01T00:31:52,963  INFO [HiveServer2-Background-Pool: Thread-637] ql.Driver: Completed executing command(queryId=alex_20240501003152_1edd49b4-38d6-4048-b9ee-75d3ab885ec8); Time taken: 0.008 seconds
2024-05-01T00:31:52,964  INFO [HiveServer2-Background-Pool: Thread-637] common.LogUtils: Unregistered logging context.
2024-05-01T00:31:52,968  INFO [9ea33afa-04fc-41d5-873b-ccec3c78c470 main] operation.OperationManager: Closing operation: OperationHandle [opType=EXECUTE_STATEMENT, getHandleIdentifier()=5eb71c6e-7405-4598-acbf-2fbb5e79de4e]
2024-05-01T00:31:52,968  INFO [9ea33afa-04fc-41d5-873b-ccec3c78c470 main] operation.OperationManager: Removed queryId: alex_20240501003152_1edd49b4-38d6-4048-b9ee-75d3ab885ec8 corresponding to operation: OperationHandle [opType=EXECUTE_STATEMENT, getHandleIdentifier()=5eb71c6e-7405-4598-acbf-2fbb5e79de4e] with tag: null
2024-05-01T00:31:52,968  INFO [9ea33afa-04fc-41d5-873b-ccec3c78c470 main] operation.SQLOperation: Closing operation log /home/alex/Repositories/hive/beeline/target/tmp/alex/operation_logs/9ea33afa-04fc-41d5-873b-ccec3c78c470/alex_20240501003152_1edd49b4-38d6-4048-b9ee-75d3ab885ec8 without delay
2024-05-01T00:31:52,974  INFO [9ea33afa-04fc-41d5-873b-ccec3c78c470 main] session.HiveSessionImpl: executing set hiveconf:zzz=/home/alex/Repositories/hive/beeline/target/tmp/test8180945237200894479.sql
2024-05-01T00:31:52,974  INFO [9ea33afa-04fc-41d5-873b-ccec3c78c470 main] operation.HiveCommandOperation: Putting temp output to file /home/alex/Repositories/hive/beeline/target/tmp/alex/9ea33afa-04fc-41d5-873b-ccec3c78c4704644470755536531152.pipeout and error output to file /home/alex/Repositories/hive/beeline/target/tmp/alex/9ea33afa-04fc-41d5-873b-ccec3c78c4702894529780085643851.pipeout
2024-05-01T00:31:52,974  INFO [9ea33afa-04fc-41d5-873b-ccec3c78c470 main] operation.OperationManager: Adding operation: OperationHandle [opType=EXECUTE_STATEMENT, getHandleIdentifier()=ded1b092-d0ed-46e0-a002-e4edfe926bee] SessionHandle [9ea33afa-04fc-41d5-873b-ccec3c78c470]
2024-05-01T00:31:52,974  INFO [9ea33afa-04fc-41d5-873b-ccec3c78c470 main] common.LogUtils: Thread context registration is done.
DEBUG StatusLogger Building Plugin[name=filter, class=org.apache.hadoop.hive.ql.log.LogDivertAppender$NameFilter].
DEBUG StatusLogger createFilter(loggingLevel="EXECUTION")
DEBUG StatusLogger Building Plugin[name=layout, class=org.apache.logging.log4j.core.layout.PatternLayout].
DEBUG StatusLogger PatternLayout$Builder(pattern="%-5p : %m%n", PatternSelector=null, Configuration(HiveLog4j2Test), Replace=null, charset="null", alwaysWriteExceptions="null", disableAnsi="null", noConsoleNoAnsi="null", header="null", footer="null")
DEBUG StatusLogger Building Plugin[name=appender, class=org.apache.hadoop.hive.ql.log.HushableRandomAccessFileAppender].
DEBUG StatusLogger createAppender(fileName="/home/alex/Repositories/hive/beeline/target/tmp/alex/operation_logs/9ea33afa-04fc-41d5-873b-ccec3c78c470/alex_20240501003152_d1edb807-9cfd-4682-b818-659c6ca2d6fc", append="null", name="query-file-appender", immediateFlush="null", bufferSize="null", ignoreExceptions="null", PatternLayout(org.apache.logging.log4j.core.layout.PatternLayout with name PatternLayout), NameFilter(org.apache.hadoop.hive.ql.log.LogDivertAppender$NameFilter with name NameFilter), advertise="null", advertiseURI="null", Configuration(HiveLog4j2Test))
DEBUG StatusLogger Starting RandomAccessFileManager /home/alex/Repositories/hive/beeline/target/tmp/alex/operation_logs/9ea33afa-04fc-41d5-873b-ccec3c78c470/alex_20240501003152_d1edb807-9cfd-4682-b818-659c6ca2d6fc
DEBUG StatusLogger Building Plugin[name=, class=org.apache.hadoop.hive.ql.log.LogDivertAppenderForTest$TestFilter].
DEBUG StatusLogger createFilter()
DEBUG StatusLogger Building Plugin[name=, class=org.apache.logging.log4j.core.layout.PatternLayout].
DEBUG StatusLogger PatternLayout$Builder(pattern="%-5p : %m%n", PatternSelector=null, Configuration(HiveLog4j2Test), Replace=null, charset="null", alwaysWriteExceptions="null", disableAnsi="null", noConsoleNoAnsi="null", header="null", footer="null")
DEBUG StatusLogger Building Plugin[name=appender, class=org.apache.hadoop.hive.ql.log.HushableRandomAccessFileAppender].
DEBUG StatusLogger createAppender(fileName="/home/alex/Repositories/hive/beeline/target/tmp/alex/operation_logs/9ea33afa-04fc-41d5-873b-ccec3c78c470/alex_20240501003152_d1edb807-9cfd-4682-b818-659c6ca2d6fc.test", append="null", name="test-query-file-appender", immediateFlush="null", bufferSize="null", ignoreExceptions="null", PatternLayout(org.apache.logging.log4j.core.layout.PatternLayout with name PatternLayout), test-filter(org.apache.hadoop.hive.ql.log.LogDivertAppenderForTest$TestFilter with name test-filter), advertise="null", advertiseURI="null", Configuration(HiveLog4j2Test))
DEBUG StatusLogger Starting RandomAccessFileManager /home/alex/Repositories/hive/beeline/target/tmp/alex/operation_logs/9ea33afa-04fc-41d5-873b-ccec3c78c470/alex_20240501003152_d1edb807-9cfd-4682-b818-659c6ca2d6fc.test
2024-05-01T00:31:52,978  INFO [9ea33afa-04fc-41d5-873b-ccec3c78c470 main] operation.HiveCommandOperation: [opType=EXECUTE_STATEMENT, queryId=alex_20240501003152_d1edb807-9cfd-4682-b818-659c6ca2d6fc, startTime=1714548712974, sessionId=9ea33afa-04fc-41d5-873b-ccec3c78c470, createTime=1714548712862, userName=null, ipAddress=null]
2024-05-01T00:31:52,978  INFO [9ea33afa-04fc-41d5-873b-ccec3c78c470 main] common.LogUtils: Unregistered logging context.
2024-05-01T00:31:52,980  INFO [9ea33afa-04fc-41d5-873b-ccec3c78c470 main] operation.OperationManager: Closing operation: OperationHandle [opType=EXECUTE_STATEMENT, getHandleIdentifier()=ded1b092-d0ed-46e0-a002-e4edfe926bee]
2024-05-01T00:31:52,980  INFO [9ea33afa-04fc-41d5-873b-ccec3c78c470 main] operation.OperationManager: Removed queryId: alex_20240501003152_d1edb807-9cfd-4682-b818-659c6ca2d6fc corresponding to operation: OperationHandle [opType=EXECUTE_STATEMENT, getHandleIdentifier()=ded1b092-d0ed-46e0-a002-e4edfe926bee] with tag: null
2024-05-01T00:31:52,980  INFO [9ea33afa-04fc-41d5-873b-ccec3c78c470 main] operation.HiveCommandOperation: Closing operation log /home/alex/Repositories/hive/beeline/target/tmp/alex/operation_logs/9ea33afa-04fc-41d5-873b-ccec3c78c470/alex_20240501003152_d1edb807-9cfd-4682-b818-659c6ca2d6fc without delay
2024-05-01T00:31:53,026  WARN [main] conf.HiveConf: HiveConf of name hive.dummyparam.test.server.specific.config.override does not exist
2024-05-01T00:31:53,027  WARN [main] conf.HiveConf: HiveConf of name hive.dummyparam.test.server.specific.config.hiveserver2site does not exist
2024-05-01T00:31:53,027  WARN [main] conf.HiveConf: HiveConf of name hive.dummyparam.test.server.specific.config.metastoresite does not exist
2024-05-01T00:31:53,027  INFO [9ea33afa-04fc-41d5-873b-ccec3c78c470 main] session.HiveSessionImpl: executing set
2024-05-01T00:31:53,027  INFO [9ea33afa-04fc-41d5-873b-ccec3c78c470 main] operation.HiveCommandOperation: Putting temp output to file /home/alex/Repositories/hive/beeline/target/tmp/alex/9ea33afa-04fc-41d5-873b-ccec3c78c4704644470755536531152.pipeout and error output to file /home/alex/Repositories/hive/beeline/target/tmp/alex/9ea33afa-04fc-41d5-873b-ccec3c78c4702894529780085643851.pipeout
2024-05-01T00:31:53,027  INFO [9ea33afa-04fc-41d5-873b-ccec3c78c470 main] operation.OperationManager: Adding operation: OperationHandle [opType=EXECUTE_STATEMENT, getHandleIdentifier()=989679a2-30c6-4cf8-9ed8-efebb2fbefdf] SessionHandle [9ea33afa-04fc-41d5-873b-ccec3c78c470]
2024-05-01T00:31:53,027  INFO [9ea33afa-04fc-41d5-873b-ccec3c78c470 main] common.LogUtils: Thread context registration is done.
DEBUG StatusLogger Building Plugin[name=filter, class=org.apache.hadoop.hive.ql.log.LogDivertAppender$NameFilter].
DEBUG StatusLogger createFilter(loggingLevel="EXECUTION")
DEBUG StatusLogger Building Plugin[name=layout, class=org.apache.logging.log4j.core.layout.PatternLayout].
DEBUG StatusLogger PatternLayout$Builder(pattern="%-5p : %m%n", PatternSelector=null, Configuration(HiveLog4j2Test), Replace=null, charset="null", alwaysWriteExceptions="null", disableAnsi="null", noConsoleNoAnsi="null", header="null", footer="null")
DEBUG StatusLogger Building Plugin[name=appender, class=org.apache.hadoop.hive.ql.log.HushableRandomAccessFileAppender].
DEBUG StatusLogger createAppender(fileName="/home/alex/Repositories/hive/beeline/target/tmp/alex/operation_logs/9ea33afa-04fc-41d5-873b-ccec3c78c470/alex_20240501003153_cc32cc99-d61f-462f-8c6f-0894a78921bd", append="null", name="query-file-appender", immediateFlush="null", bufferSize="null", ignoreExceptions="null", PatternLayout(org.apache.logging.log4j.core.layout.PatternLayout with name PatternLayout), NameFilter(org.apache.hadoop.hive.ql.log.LogDivertAppender$NameFilter with name NameFilter), advertise="null", advertiseURI="null", Configuration(HiveLog4j2Test))
DEBUG StatusLogger Starting RandomAccessFileManager /home/alex/Repositories/hive/beeline/target/tmp/alex/operation_logs/9ea33afa-04fc-41d5-873b-ccec3c78c470/alex_20240501003153_cc32cc99-d61f-462f-8c6f-0894a78921bd
DEBUG StatusLogger Building Plugin[name=, class=org.apache.hadoop.hive.ql.log.LogDivertAppenderForTest$TestFilter].
DEBUG StatusLogger createFilter()
DEBUG StatusLogger Building Plugin[name=, class=org.apache.logging.log4j.core.layout.PatternLayout].
DEBUG StatusLogger PatternLayout$Builder(pattern="%-5p : %m%n", PatternSelector=null, Configuration(HiveLog4j2Test), Replace=null, charset="null", alwaysWriteExceptions="null", disableAnsi="null", noConsoleNoAnsi="null", header="null", footer="null")
DEBUG StatusLogger Building Plugin[name=appender, class=org.apache.hadoop.hive.ql.log.HushableRandomAccessFileAppender].
DEBUG StatusLogger createAppender(fileName="/home/alex/Repositories/hive/beeline/target/tmp/alex/operation_logs/9ea33afa-04fc-41d5-873b-ccec3c78c470/alex_20240501003153_cc32cc99-d61f-462f-8c6f-0894a78921bd.test", append="null", name="test-query-file-appender", immediateFlush="null", bufferSize="null", ignoreExceptions="null", PatternLayout(org.apache.logging.log4j.core.layout.PatternLayout with name PatternLayout), test-filter(org.apache.hadoop.hive.ql.log.LogDivertAppenderForTest$TestFilter with name test-filter), advertise="null", advertiseURI="null", Configuration(HiveLog4j2Test))
DEBUG StatusLogger Starting RandomAccessFileManager /home/alex/Repositories/hive/beeline/target/tmp/alex/operation_logs/9ea33afa-04fc-41d5-873b-ccec3c78c470/alex_20240501003153_cc32cc99-d61f-462f-8c6f-0894a78921bd.test
2024-05-01T00:31:53,030  INFO [9ea33afa-04fc-41d5-873b-ccec3c78c470 main] operation.HiveCommandOperation: [opType=EXECUTE_STATEMENT, queryId=alex_20240501003153_cc32cc99-d61f-462f-8c6f-0894a78921bd, startTime=1714548713027, sessionId=9ea33afa-04fc-41d5-873b-ccec3c78c470, createTime=1714548712862, userName=null, ipAddress=null]
2024-05-01T00:31:53,038  INFO [9ea33afa-04fc-41d5-873b-ccec3c78c470 main] common.LogUtils: Unregistered logging context.
2024-05-01T00:31:53,041  INFO [9ea33afa-04fc-41d5-873b-ccec3c78c470 main] operation.OperationManager: Closing operation: OperationHandle [opType=EXECUTE_STATEMENT, getHandleIdentifier()=989679a2-30c6-4cf8-9ed8-efebb2fbefdf]
2024-05-01T00:31:53,041  INFO [9ea33afa-04fc-41d5-873b-ccec3c78c470 main] operation.OperationManager: Removed queryId: alex_20240501003153_cc32cc99-d61f-462f-8c6f-0894a78921bd corresponding to operation: OperationHandle [opType=EXECUTE_STATEMENT, getHandleIdentifier()=989679a2-30c6-4cf8-9ed8-efebb2fbefdf] with tag: null
2024-05-01T00:31:53,041  INFO [9ea33afa-04fc-41d5-873b-ccec3c78c470 main] operation.HiveCommandOperation: Closing operation log /home/alex/Repositories/hive/beeline/target/tmp/alex/operation_logs/9ea33afa-04fc-41d5-873b-ccec3c78c470/alex_20240501003153_cc32cc99-d61f-462f-8c6f-0894a78921bd without delay
2024-05-01T00:31:53,092  WARN [main] conf.HiveConf: HiveConf of name hive.dummyparam.test.server.specific.config.override does not exist
2024-05-01T00:31:53,092  WARN [main] conf.HiveConf: HiveConf of name hive.dummyparam.test.server.specific.config.hiveserver2site does not exist
2024-05-01T00:31:53,092  WARN [main] conf.HiveConf: HiveConf of name hive.dummyparam.test.server.specific.config.metastoresite does not exist
2024-05-01T00:31:53,093  INFO [9ea33afa-04fc-41d5-873b-ccec3c78c470 main] session.HiveSessionImpl: executing set
2024-05-01T00:31:53,093  INFO [9ea33afa-04fc-41d5-873b-ccec3c78c470 main] operation.HiveCommandOperation: Putting temp output to file /home/alex/Repositories/hive/beeline/target/tmp/alex/9ea33afa-04fc-41d5-873b-ccec3c78c4704644470755536531152.pipeout and error output to file /home/alex/Repositories/hive/beeline/target/tmp/alex/9ea33afa-04fc-41d5-873b-ccec3c78c4702894529780085643851.pipeout
2024-05-01T00:31:53,093  INFO [9ea33afa-04fc-41d5-873b-ccec3c78c470 main] operation.OperationManager: Adding operation: OperationHandle [opType=EXECUTE_STATEMENT, getHandleIdentifier()=3f227fc4-223a-4822-a275-6c15acdef979] SessionHandle [9ea33afa-04fc-41d5-873b-ccec3c78c470]
2024-05-01T00:31:53,093  INFO [9ea33afa-04fc-41d5-873b-ccec3c78c470 main] common.LogUtils: Thread context registration is done.
DEBUG StatusLogger Building Plugin[name=filter, class=org.apache.hadoop.hive.ql.log.LogDivertAppender$NameFilter].
DEBUG StatusLogger createFilter(loggingLevel="EXECUTION")
DEBUG StatusLogger Building Plugin[name=layout, class=org.apache.logging.log4j.core.layout.PatternLayout].
DEBUG StatusLogger PatternLayout$Builder(pattern="%-5p : %m%n", PatternSelector=null, Configuration(HiveLog4j2Test), Replace=null, charset="null", alwaysWriteExceptions="null", disableAnsi="null", noConsoleNoAnsi="null", header="null", footer="null")
DEBUG StatusLogger Building Plugin[name=appender, class=org.apache.hadoop.hive.ql.log.HushableRandomAccessFileAppender].
DEBUG StatusLogger createAppender(fileName="/home/alex/Repositories/hive/beeline/target/tmp/alex/operation_logs/9ea33afa-04fc-41d5-873b-ccec3c78c470/alex_20240501003153_31362974-4b84-47de-9f23-d4c368b55bb0", append="null", name="query-file-appender", immediateFlush="null", bufferSize="null", ignoreExceptions="null", PatternLayout(org.apache.logging.log4j.core.layout.PatternLayout with name PatternLayout), NameFilter(org.apache.hadoop.hive.ql.log.LogDivertAppender$NameFilter with name NameFilter), advertise="null", advertiseURI="null", Configuration(HiveLog4j2Test))
DEBUG StatusLogger Starting RandomAccessFileManager /home/alex/Repositories/hive/beeline/target/tmp/alex/operation_logs/9ea33afa-04fc-41d5-873b-ccec3c78c470/alex_20240501003153_31362974-4b84-47de-9f23-d4c368b55bb0
DEBUG StatusLogger Building Plugin[name=, class=org.apache.hadoop.hive.ql.log.LogDivertAppenderForTest$TestFilter].
DEBUG StatusLogger createFilter()
DEBUG StatusLogger Building Plugin[name=, class=org.apache.logging.log4j.core.layout.PatternLayout].
DEBUG StatusLogger PatternLayout$Builder(pattern="%-5p : %m%n", PatternSelector=null, Configuration(HiveLog4j2Test), Replace=null, charset="null", alwaysWriteExceptions="null", disableAnsi="null", noConsoleNoAnsi="null", header="null", footer="null")
DEBUG StatusLogger Building Plugin[name=appender, class=org.apache.hadoop.hive.ql.log.HushableRandomAccessFileAppender].
DEBUG StatusLogger createAppender(fileName="/home/alex/Repositories/hive/beeline/target/tmp/alex/operation_logs/9ea33afa-04fc-41d5-873b-ccec3c78c470/alex_20240501003153_31362974-4b84-47de-9f23-d4c368b55bb0.test", append="null", name="test-query-file-appender", immediateFlush="null", bufferSize="null", ignoreExceptions="null", PatternLayout(org.apache.logging.log4j.core.layout.PatternLayout with name PatternLayout), test-filter(org.apache.hadoop.hive.ql.log.LogDivertAppenderForTest$TestFilter with name test-filter), advertise="null", advertiseURI="null", Configuration(HiveLog4j2Test))
DEBUG StatusLogger Starting RandomAccessFileManager /home/alex/Repositories/hive/beeline/target/tmp/alex/operation_logs/9ea33afa-04fc-41d5-873b-ccec3c78c470/alex_20240501003153_31362974-4b84-47de-9f23-d4c368b55bb0.test
2024-05-01T00:31:53,096  INFO [9ea33afa-04fc-41d5-873b-ccec3c78c470 main] operation.HiveCommandOperation: [opType=EXECUTE_STATEMENT, queryId=alex_20240501003153_31362974-4b84-47de-9f23-d4c368b55bb0, startTime=1714548713093, sessionId=9ea33afa-04fc-41d5-873b-ccec3c78c470, createTime=1714548712862, userName=null, ipAddress=null]
2024-05-01T00:31:53,104  INFO [9ea33afa-04fc-41d5-873b-ccec3c78c470 main] common.LogUtils: Unregistered logging context.
2024-05-01T00:31:53,106  INFO [9ea33afa-04fc-41d5-873b-ccec3c78c470 main] operation.OperationManager: Closing operation: OperationHandle [opType=EXECUTE_STATEMENT, getHandleIdentifier()=3f227fc4-223a-4822-a275-6c15acdef979]
2024-05-01T00:31:53,106  INFO [9ea33afa-04fc-41d5-873b-ccec3c78c470 main] operation.OperationManager: Removed queryId: alex_20240501003153_31362974-4b84-47de-9f23-d4c368b55bb0 corresponding to operation: OperationHandle [opType=EXECUTE_STATEMENT, getHandleIdentifier()=3f227fc4-223a-4822-a275-6c15acdef979] with tag: null
2024-05-01T00:31:53,106  INFO [9ea33afa-04fc-41d5-873b-ccec3c78c470 main] operation.HiveCommandOperation: Closing operation log /home/alex/Repositories/hive/beeline/target/tmp/alex/operation_logs/9ea33afa-04fc-41d5-873b-ccec3c78c470/alex_20240501003153_31362974-4b84-47de-9f23-d4c368b55bb0 without delay
2024-05-01T00:31:53,108  INFO [9ea33afa-04fc-41d5-873b-ccec3c78c470 main] session.HiveSessionImpl: executing create table if not exists test.testSrcTbl2(sc2 string)
2024-05-01T00:31:53,109  INFO [9ea33afa-04fc-41d5-873b-ccec3c78c470 main] operation.OperationManager: Adding operation: OperationHandle [opType=EXECUTE_STATEMENT, getHandleIdentifier()=e528bbb7-b5c2-4515-be49-9c86aaa4166a] SessionHandle [9ea33afa-04fc-41d5-873b-ccec3c78c470]
2024-05-01T00:31:53,109  INFO [9ea33afa-04fc-41d5-873b-ccec3c78c470 main] common.LogUtils: Thread context registration is done.
DEBUG StatusLogger Building Plugin[name=filter, class=org.apache.hadoop.hive.ql.log.LogDivertAppender$NameFilter].
DEBUG StatusLogger createFilter(loggingLevel="EXECUTION")
DEBUG StatusLogger Building Plugin[name=layout, class=org.apache.logging.log4j.core.layout.PatternLayout].
DEBUG StatusLogger PatternLayout$Builder(pattern="%-5p : %m%n", PatternSelector=null, Configuration(HiveLog4j2Test), Replace=null, charset="null", alwaysWriteExceptions="null", disableAnsi="null", noConsoleNoAnsi="null", header="null", footer="null")
DEBUG StatusLogger Building Plugin[name=appender, class=org.apache.hadoop.hive.ql.log.HushableRandomAccessFileAppender].
DEBUG StatusLogger createAppender(fileName="/home/alex/Repositories/hive/beeline/target/tmp/alex/operation_logs/9ea33afa-04fc-41d5-873b-ccec3c78c470/alex_20240501003153_ca9621ce-39d1-41f0-845a-7b021081d2d2", append="null", name="query-file-appender", immediateFlush="null", bufferSize="null", ignoreExceptions="null", PatternLayout(org.apache.logging.log4j.core.layout.PatternLayout with name PatternLayout), NameFilter(org.apache.hadoop.hive.ql.log.LogDivertAppender$NameFilter with name NameFilter), advertise="null", advertiseURI="null", Configuration(HiveLog4j2Test))
DEBUG StatusLogger Starting RandomAccessFileManager /home/alex/Repositories/hive/beeline/target/tmp/alex/operation_logs/9ea33afa-04fc-41d5-873b-ccec3c78c470/alex_20240501003153_ca9621ce-39d1-41f0-845a-7b021081d2d2
DEBUG StatusLogger Building Plugin[name=, class=org.apache.hadoop.hive.ql.log.LogDivertAppenderForTest$TestFilter].
DEBUG StatusLogger createFilter()
DEBUG StatusLogger Building Plugin[name=, class=org.apache.logging.log4j.core.layout.PatternLayout].
DEBUG StatusLogger PatternLayout$Builder(pattern="%-5p : %m%n", PatternSelector=null, Configuration(HiveLog4j2Test), Replace=null, charset="null", alwaysWriteExceptions="null", disableAnsi="null", noConsoleNoAnsi="null", header="null", footer="null")
DEBUG StatusLogger Building Plugin[name=appender, class=org.apache.hadoop.hive.ql.log.HushableRandomAccessFileAppender].
DEBUG StatusLogger createAppender(fileName="/home/alex/Repositories/hive/beeline/target/tmp/alex/operation_logs/9ea33afa-04fc-41d5-873b-ccec3c78c470/alex_20240501003153_ca9621ce-39d1-41f0-845a-7b021081d2d2.test", append="null", name="test-query-file-appender", immediateFlush="null", bufferSize="null", ignoreExceptions="null", PatternLayout(org.apache.logging.log4j.core.layout.PatternLayout with name PatternLayout), test-filter(org.apache.hadoop.hive.ql.log.LogDivertAppenderForTest$TestFilter with name test-filter), advertise="null", advertiseURI="null", Configuration(HiveLog4j2Test))
DEBUG StatusLogger Starting RandomAccessFileManager /home/alex/Repositories/hive/beeline/target/tmp/alex/operation_logs/9ea33afa-04fc-41d5-873b-ccec3c78c470/alex_20240501003153_ca9621ce-39d1-41f0-845a-7b021081d2d2.test
2024-05-01T00:31:53,112  INFO [9ea33afa-04fc-41d5-873b-ccec3c78c470 main] operation.SQLOperation: [opType=EXECUTE_STATEMENT, queryId=alex_20240501003153_ca9621ce-39d1-41f0-845a-7b021081d2d2, startTime=1714548713108, sessionId=9ea33afa-04fc-41d5-873b-ccec3c78c470, createTime=1714548712862, userName=null, ipAddress=null]
2024-05-01T00:31:53,112  INFO [9ea33afa-04fc-41d5-873b-ccec3c78c470 main] ql.Driver: Compiling command(queryId=alex_20240501003153_ca9621ce-39d1-41f0-845a-7b021081d2d2): create table if not exists test.testSrcTbl2(sc2 string)
2024-05-01T00:31:53,113  INFO [9ea33afa-04fc-41d5-873b-ccec3c78c470 main] parse.CalcitePlanner: Starting caching scope for: alex_20240501003153_ca9621ce-39d1-41f0-845a-7b021081d2d2
2024-05-01T00:31:53,113  INFO [9ea33afa-04fc-41d5-873b-ccec3c78c470 main] parse.CalcitePlanner: Starting Semantic Analysis
2024-05-01T00:31:53,114  INFO [9ea33afa-04fc-41d5-873b-ccec3c78c470 main] sqlstd.SQLStdHiveAccessController: Created SQLStdHiveAccessController for session context : HiveAuthzSessionContext [sessionString=9ea33afa-04fc-41d5-873b-ccec3c78c470, clientType=HIVESERVER2]
2024-05-01T00:31:53,114  INFO [9ea33afa-04fc-41d5-873b-ccec3c78c470 main] parse.CalcitePlanner: Creating table test.testSrcTbl2 position=27
2024-05-01T00:31:53,114  INFO [9ea33afa-04fc-41d5-873b-ccec3c78c470 main] HiveMetaStore.audit: ugi=alex	ip=unknown-ip-addr	cmd=get_table : tbl=hive.test.testSrcTbl2	
2024-05-01T00:31:53,115  INFO [9ea33afa-04fc-41d5-873b-ccec3c78c470 main] HiveMetaStore.audit: ugi=alex	ip=unknown-ip-addr	cmd=get_database: test	
2024-05-01T00:31:53,116  INFO [9ea33afa-04fc-41d5-873b-ccec3c78c470 main] parse.CalcitePlanner: Ending caching scope for: alex_20240501003153_ca9621ce-39d1-41f0-845a-7b021081d2d2
2024-05-01T00:31:53,116  INFO [9ea33afa-04fc-41d5-873b-ccec3c78c470 main] ql.Driver: Semantic Analysis Completed (retrial = false)
2024-05-01T00:31:53,116  INFO [9ea33afa-04fc-41d5-873b-ccec3c78c470 main] ql.Driver: Created Hive schema: Schema(fieldSchemas:null, properties:null)
2024-05-01T00:31:53,116  INFO [9ea33afa-04fc-41d5-873b-ccec3c78c470 main] metadata.Hive: Dumping metastore api call timing information for : compilation phase
2024-05-01T00:31:53,116  INFO [9ea33afa-04fc-41d5-873b-ccec3c78c470 main] metadata.Hive: Total time spent in each metastore function (ms): {isCompatibleWith_(Configuration)=0, getDatabase_(String)=1, flushCache_()=0}
2024-05-01T00:31:53,116  INFO [9ea33afa-04fc-41d5-873b-ccec3c78c470 main] ql.Driver: Completed compiling command(queryId=alex_20240501003153_ca9621ce-39d1-41f0-845a-7b021081d2d2); Time taken: 0.004 seconds
2024-05-01T00:31:53,117  INFO [9ea33afa-04fc-41d5-873b-ccec3c78c470 main] common.LogUtils: Unregistered logging context.
2024-05-01T00:31:53,117  INFO [HiveServer2-Background-Pool: Thread-641] common.LogUtils: Thread context registration is done.
2024-05-01T00:31:53,118  INFO [HiveServer2-Background-Pool: Thread-641] reexec.ReExecDriver: Execution #1 of query
2024-05-01T00:31:53,118  INFO [HiveServer2-Background-Pool: Thread-641] ql.Driver: Concurrency mode is disabled, not creating a lock manager
2024-05-01T00:31:53,119  INFO [HiveServer2-Background-Pool: Thread-641] ql.Driver: Executing command(queryId=alex_20240501003153_ca9621ce-39d1-41f0-845a-7b021081d2d2): create table if not exists test.testSrcTbl2(sc2 string)
2024-05-01T00:31:53,119  INFO [HiveServer2-Background-Pool: Thread-641] ql.Driver: Starting task [Stage-0:DDL] in serial mode
2024-05-01T00:31:53,120  INFO [HiveServer2-Background-Pool: Thread-641] HiveMetaStore.audit: ugi=alex	ip=unknown-ip-addr	cmd=create_table_req: Table(tableName:testSrcTbl2, dbName:test, owner:alex, createTime:1714548713, lastAccessTime:0, retention:0, sd:StorageDescriptor(cols:[FieldSchema(name:sc2, type:string, comment:null)], location:null, inputFormat:org.apache.hadoop.mapred.TextInputFormat, outputFormat:org.apache.hadoop.hive.ql.io.HiveIgnoreKeyTextOutputFormat, compressed:false, numBuckets:-1, serdeInfo:SerDeInfo(name:null, serializationLib:org.apache.hadoop.hive.serde2.lazy.LazySimpleSerDe, parameters:{serialization.format=1}), bucketCols:[], sortCols:[], parameters:{}, skewedInfo:SkewedInfo(skewedColNames:[], skewedColValues:[], skewedColValueLocationMaps:{}), storedAsSubDirectories:false), partitionKeys:[], parameters:{totalSize=0, numRows=0, rawDataSize=0, COLUMN_STATS_ACCURATE={"BASIC_STATS":"true","COLUMN_STATS":{"sc2":"true"}}, numFiles=0, bucketing_version=2, numFilesErasureCoded=0}, viewOriginalText:null, viewExpandedText:null, tableType:MANAGED_TABLE, privileges:PrincipalPrivilegeSet(userPrivileges:{alex=[PrivilegeGrantInfo(privilege:INSERT, createTime:-1, grantor:alex, grantorType:USER, grantOption:true), PrivilegeGrantInfo(privilege:SELECT, createTime:-1, grantor:alex, grantorType:USER, grantOption:true), PrivilegeGrantInfo(privilege:UPDATE, createTime:-1, grantor:alex, grantorType:USER, grantOption:true), PrivilegeGrantInfo(privilege:DELETE, createTime:-1, grantor:alex, grantorType:USER, grantOption:true)]}, groupPrivileges:null, rolePrivileges:null), temporary:false, catName:hive, ownerType:USER)	
2024-05-01T00:31:53,121  INFO [HiveServer2-Background-Pool: Thread-641] metastore.HMSHandler: 29: Opening raw store with implementation class:org.apache.hadoop.hive.metastore.ObjectStore
2024-05-01T00:31:53,121  INFO [HiveServer2-Background-Pool: Thread-641] metastore.ObjectStore: RawStore: org.apache.hadoop.hive.metastore.ObjectStore@3f170344, with PersistenceManager: null will be shutdown
2024-05-01T00:31:53,122  INFO [HiveServer2-Background-Pool: Thread-641] metastore.ObjectStore: RawStore: org.apache.hadoop.hive.metastore.ObjectStore@3f170344, with PersistenceManager: org.datanucleus.api.jdo.JDOPersistenceManager@202d58dd created in the thread with id: 641
2024-05-01T00:31:53,124  INFO [HiveServer2-Background-Pool: Thread-641] metastore.HMSHandler: Created RawStore: org.apache.hadoop.hive.metastore.ObjectStore@3f170344 from thread id: 641
2024-05-01T00:31:53,126  INFO [HiveServer2-Background-Pool: Thread-641] utils.FileUtils: Creating directory if it doesn't exist: file:/home/alex/Repositories/hive/beeline/target/tmp/warehouse/test.db/testsrctbl2
2024-05-01T00:31:53,161  INFO [HiveServer2-Background-Pool: Thread-641] metadata.Hive: Dumping metastore api call timing information for : execution phase
2024-05-01T00:31:53,161  INFO [HiveServer2-Background-Pool: Thread-641] metadata.Hive: Total time spent in each metastore function (ms): {isCompatibleWith_(Configuration)=0, createTable_(Table)=41}
2024-05-01T00:31:53,161  INFO [HiveServer2-Background-Pool: Thread-641] ql.Driver: Completed executing command(queryId=alex_20240501003153_ca9621ce-39d1-41f0-845a-7b021081d2d2); Time taken: 0.042 seconds
2024-05-01T00:31:53,162  INFO [HiveServer2-Background-Pool: Thread-641] common.LogUtils: Unregistered logging context.
2024-05-01T00:31:53,164  INFO [9ea33afa-04fc-41d5-873b-ccec3c78c470 main] operation.OperationManager: Closing operation: OperationHandle [opType=EXECUTE_STATEMENT, getHandleIdentifier()=e528bbb7-b5c2-4515-be49-9c86aaa4166a]
2024-05-01T00:31:53,164  INFO [9ea33afa-04fc-41d5-873b-ccec3c78c470 main] operation.OperationManager: Removed queryId: alex_20240501003153_ca9621ce-39d1-41f0-845a-7b021081d2d2 corresponding to operation: OperationHandle [opType=EXECUTE_STATEMENT, getHandleIdentifier()=e528bbb7-b5c2-4515-be49-9c86aaa4166a] with tag: null
2024-05-01T00:31:53,164  INFO [9ea33afa-04fc-41d5-873b-ccec3c78c470 main] operation.SQLOperation: Closing operation log /home/alex/Repositories/hive/beeline/target/tmp/alex/operation_logs/9ea33afa-04fc-41d5-873b-ccec3c78c470/alex_20240501003153_ca9621ce-39d1-41f0-845a-7b021081d2d2 without delay
2024-05-01T00:31:53,169  INFO [9ea33afa-04fc-41d5-873b-ccec3c78c470 main] session.HiveSessionImpl: executing desc testSrcTbl2
2024-05-01T00:31:53,169  INFO [9ea33afa-04fc-41d5-873b-ccec3c78c470 main] operation.OperationManager: Adding operation: OperationHandle [opType=EXECUTE_STATEMENT, getHandleIdentifier()=a5ef6392-7fee-4afe-a74a-809050a7f30d] SessionHandle [9ea33afa-04fc-41d5-873b-ccec3c78c470]
2024-05-01T00:31:53,170  INFO [9ea33afa-04fc-41d5-873b-ccec3c78c470 main] common.LogUtils: Thread context registration is done.
DEBUG StatusLogger Building Plugin[name=filter, class=org.apache.hadoop.hive.ql.log.LogDivertAppender$NameFilter].
DEBUG StatusLogger createFilter(loggingLevel="EXECUTION")
DEBUG StatusLogger Building Plugin[name=layout, class=org.apache.logging.log4j.core.layout.PatternLayout].
DEBUG StatusLogger PatternLayout$Builder(pattern="%-5p : %m%n", PatternSelector=null, Configuration(HiveLog4j2Test), Replace=null, charset="null", alwaysWriteExceptions="null", disableAnsi="null", noConsoleNoAnsi="null", header="null", footer="null")
DEBUG StatusLogger Building Plugin[name=appender, class=org.apache.hadoop.hive.ql.log.HushableRandomAccessFileAppender].
DEBUG StatusLogger createAppender(fileName="/home/alex/Repositories/hive/beeline/target/tmp/alex/operation_logs/9ea33afa-04fc-41d5-873b-ccec3c78c470/alex_20240501003153_f4079109-dec0-4249-8579-ec2d0fde5fb9", append="null", name="query-file-appender", immediateFlush="null", bufferSize="null", ignoreExceptions="null", PatternLayout(org.apache.logging.log4j.core.layout.PatternLayout with name PatternLayout), NameFilter(org.apache.hadoop.hive.ql.log.LogDivertAppender$NameFilter with name NameFilter), advertise="null", advertiseURI="null", Configuration(HiveLog4j2Test))
DEBUG StatusLogger Starting RandomAccessFileManager /home/alex/Repositories/hive/beeline/target/tmp/alex/operation_logs/9ea33afa-04fc-41d5-873b-ccec3c78c470/alex_20240501003153_f4079109-dec0-4249-8579-ec2d0fde5fb9
DEBUG StatusLogger Building Plugin[name=, class=org.apache.hadoop.hive.ql.log.LogDivertAppenderForTest$TestFilter].
DEBUG StatusLogger createFilter()
DEBUG StatusLogger Building Plugin[name=, class=org.apache.logging.log4j.core.layout.PatternLayout].
DEBUG StatusLogger PatternLayout$Builder(pattern="%-5p : %m%n", PatternSelector=null, Configuration(HiveLog4j2Test), Replace=null, charset="null", alwaysWriteExceptions="null", disableAnsi="null", noConsoleNoAnsi="null", header="null", footer="null")
DEBUG StatusLogger Building Plugin[name=appender, class=org.apache.hadoop.hive.ql.log.HushableRandomAccessFileAppender].
DEBUG StatusLogger createAppender(fileName="/home/alex/Repositories/hive/beeline/target/tmp/alex/operation_logs/9ea33afa-04fc-41d5-873b-ccec3c78c470/alex_20240501003153_f4079109-dec0-4249-8579-ec2d0fde5fb9.test", append="null", name="test-query-file-appender", immediateFlush="null", bufferSize="null", ignoreExceptions="null", PatternLayout(org.apache.logging.log4j.core.layout.PatternLayout with name PatternLayout), test-filter(org.apache.hadoop.hive.ql.log.LogDivertAppenderForTest$TestFilter with name test-filter), advertise="null", advertiseURI="null", Configuration(HiveLog4j2Test))
DEBUG StatusLogger Starting RandomAccessFileManager /home/alex/Repositories/hive/beeline/target/tmp/alex/operation_logs/9ea33afa-04fc-41d5-873b-ccec3c78c470/alex_20240501003153_f4079109-dec0-4249-8579-ec2d0fde5fb9.test
2024-05-01T00:31:53,173  INFO [9ea33afa-04fc-41d5-873b-ccec3c78c470 main] operation.SQLOperation: [opType=EXECUTE_STATEMENT, queryId=alex_20240501003153_f4079109-dec0-4249-8579-ec2d0fde5fb9, startTime=1714548713169, sessionId=9ea33afa-04fc-41d5-873b-ccec3c78c470, createTime=1714548712862, userName=null, ipAddress=null]
2024-05-01T00:31:53,174  INFO [9ea33afa-04fc-41d5-873b-ccec3c78c470 main] ql.Driver: Compiling command(queryId=alex_20240501003153_f4079109-dec0-4249-8579-ec2d0fde5fb9): desc testSrcTbl2
2024-05-01T00:31:53,179  INFO [9ea33afa-04fc-41d5-873b-ccec3c78c470 main] HiveMetaStore.audit: ugi=alex	ip=unknown-ip-addr	cmd=get_database: test	
2024-05-01T00:31:53,180  INFO [9ea33afa-04fc-41d5-873b-ccec3c78c470 main] HiveMetaStore.audit: ugi=alex	ip=unknown-ip-addr	cmd=get_table : tbl=hive.test.testSrcTbl2	
2024-05-01T00:31:53,266  INFO [9ea33afa-04fc-41d5-873b-ccec3c78c470 main] ql.Driver: Semantic Analysis Completed (retrial = false)
2024-05-01T00:31:53,266  INFO [9ea33afa-04fc-41d5-873b-ccec3c78c470 main] ql.Driver: Created Hive schema: Schema(fieldSchemas:[FieldSchema(name:col_name, type:string, comment:from deserializer), FieldSchema(name:data_type, type:string, comment:from deserializer), FieldSchema(name:comment, type:string, comment:from deserializer)], properties:null)
2024-05-01T00:31:53,267  INFO [9ea33afa-04fc-41d5-873b-ccec3c78c470 main] exec.ListSinkOperator: Initializing Operator: LIST_SINK[0]
2024-05-01T00:31:53,267  INFO [9ea33afa-04fc-41d5-873b-ccec3c78c470 main] metadata.Hive: Dumping metastore api call timing information for : compilation phase
2024-05-01T00:31:53,267  INFO [9ea33afa-04fc-41d5-873b-ccec3c78c470 main] metadata.Hive: Total time spent in each metastore function (ms): {isCompatibleWith_(Configuration)=0, getDatabase_(String)=1, getTable_(GetTableRequest)=86, flushCache_()=0}
2024-05-01T00:31:53,267  INFO [9ea33afa-04fc-41d5-873b-ccec3c78c470 main] ql.Driver: Completed compiling command(queryId=alex_20240501003153_f4079109-dec0-4249-8579-ec2d0fde5fb9); Time taken: 0.093 seconds
2024-05-01T00:31:53,267  INFO [9ea33afa-04fc-41d5-873b-ccec3c78c470 main] common.LogUtils: Unregistered logging context.
2024-05-01T00:31:53,267  INFO [HiveServer2-Background-Pool: Thread-646] common.LogUtils: Thread context registration is done.
2024-05-01T00:31:53,268  INFO [HiveServer2-Background-Pool: Thread-646] reexec.ReExecDriver: Execution #1 of query
2024-05-01T00:31:53,269  INFO [HiveServer2-Background-Pool: Thread-646] ql.Driver: Concurrency mode is disabled, not creating a lock manager
2024-05-01T00:31:53,269  INFO [HiveServer2-Background-Pool: Thread-646] ql.Driver: Executing command(queryId=alex_20240501003153_f4079109-dec0-4249-8579-ec2d0fde5fb9): desc testSrcTbl2
2024-05-01T00:31:53,269  INFO [HiveServer2-Background-Pool: Thread-646] ql.Driver: Starting task [Stage-0:DDL] in serial mode
2024-05-01T00:31:53,271  INFO [HiveServer2-Background-Pool: Thread-646] HiveMetaStore.audit: ugi=alex	ip=unknown-ip-addr	cmd=get_table : tbl=hive.test.testSrcTbl2	
2024-05-01T00:31:53,271  INFO [HiveServer2-Background-Pool: Thread-646] metastore.HMSHandler: 30: Opening raw store with implementation class:org.apache.hadoop.hive.metastore.ObjectStore
2024-05-01T00:31:53,271  INFO [HiveServer2-Background-Pool: Thread-646] metastore.ObjectStore: RawStore: org.apache.hadoop.hive.metastore.ObjectStore@551b961d, with PersistenceManager: null will be shutdown
2024-05-01T00:31:53,272  INFO [HiveServer2-Background-Pool: Thread-646] metastore.ObjectStore: RawStore: org.apache.hadoop.hive.metastore.ObjectStore@551b961d, with PersistenceManager: org.datanucleus.api.jdo.JDOPersistenceManager@101902da created in the thread with id: 646
2024-05-01T00:31:53,274  INFO [HiveServer2-Background-Pool: Thread-646] metastore.HMSHandler: Created RawStore: org.apache.hadoop.hive.metastore.ObjectStore@551b961d from thread id: 646
2024-05-01T00:31:53,304  INFO [HiveServer2-Background-Pool: Thread-646] metadata.Hive: Dumping metastore api call timing information for : execution phase
2024-05-01T00:31:53,304  INFO [HiveServer2-Background-Pool: Thread-646] metadata.Hive: Total time spent in each metastore function (ms): {isCompatibleWith_(Configuration)=0, getTable_(GetTableRequest)=19}
2024-05-01T00:31:53,304  INFO [HiveServer2-Background-Pool: Thread-646] ql.Driver: Completed executing command(queryId=alex_20240501003153_f4079109-dec0-4249-8579-ec2d0fde5fb9); Time taken: 0.035 seconds
2024-05-01T00:31:53,305  INFO [HiveServer2-Background-Pool: Thread-646] common.LogUtils: Unregistered logging context.
2024-05-01T00:31:53,307  INFO [9ea33afa-04fc-41d5-873b-ccec3c78c470 main] operation.OperationManager: Closing operation: OperationHandle [opType=EXECUTE_STATEMENT, getHandleIdentifier()=a5ef6392-7fee-4afe-a74a-809050a7f30d]
2024-05-01T00:31:53,307  INFO [9ea33afa-04fc-41d5-873b-ccec3c78c470 main] operation.OperationManager: Removed queryId: alex_20240501003153_f4079109-dec0-4249-8579-ec2d0fde5fb9 corresponding to operation: OperationHandle [opType=EXECUTE_STATEMENT, getHandleIdentifier()=a5ef6392-7fee-4afe-a74a-809050a7f30d] with tag: null
2024-05-01T00:31:53,307  INFO [9ea33afa-04fc-41d5-873b-ccec3c78c470 main] ql.Context: Deleting scratch dir: file:/home/alex/Repositories/hive/beeline/target/tmp/alex/9ea33afa-04fc-41d5-873b-ccec3c78c470/hive_2024-05-01_00-31-53_174_8569869061370739724-1
2024-05-01T00:31:53,307  INFO [9ea33afa-04fc-41d5-873b-ccec3c78c470 main] cleanup.EventualCleanupService: Delete file:/home/alex/Repositories/hive/beeline/target/tmp/alex/9ea33afa-04fc-41d5-873b-ccec3c78c470/hive_2024-05-01_00-31-53_174_8569869061370739724-1 operation was queued
2024-05-01T00:31:53,307  INFO [9ea33afa-04fc-41d5-873b-ccec3c78c470 main] exec.ListSinkOperator: Closing Operator: LIST_SINK[0]
2024-05-01T00:31:53,307  INFO [9ea33afa-04fc-41d5-873b-ccec3c78c470 main] exec.ListSinkOperator: RECORDS_OUT_INTERMEDIATE:0, RECORDS_OUT_OPERATOR_LIST_SINK_0:0, 
2024-05-01T00:31:53,307  INFO [9ea33afa-04fc-41d5-873b-ccec3c78c470 main] operation.SQLOperation: Closing operation log /home/alex/Repositories/hive/beeline/target/tmp/alex/operation_logs/9ea33afa-04fc-41d5-873b-ccec3c78c470/alex_20240501003153_f4079109-dec0-4249-8579-ec2d0fde5fb9 without delay
2024-05-01T00:31:53,307  INFO [EventualCleanupService thread 0] cleanup.EventualCleanupService: Deleted file:/home/alex/Repositories/hive/beeline/target/tmp/alex/9ea33afa-04fc-41d5-873b-ccec3c78c470/hive_2024-05-01_00-31-53_174_8569869061370739724-1
2024-05-01T00:31:53,311  INFO [main] service.CompositeService: Session closed, SessionHandle [9ea33afa-04fc-41d5-873b-ccec3c78c470], current sessions:0
2024-05-01T00:31:53,312  INFO [9ea33afa-04fc-41d5-873b-ccec3c78c470 main] session.HiveSessionImpl: Operation log session directory is deleted: /home/alex/Repositories/hive/beeline/target/tmp/alex/operation_logs/9ea33afa-04fc-41d5-873b-ccec3c78c470
2024-05-01T00:31:53,312  INFO [main] cleanup.EventualCleanupService: Delete /tmp/hive/alex/9ea33afa-04fc-41d5-873b-ccec3c78c470 operation was queued
2024-05-01T00:31:53,312  INFO [main] cleanup.EventualCleanupService: Delete /home/alex/Repositories/hive/beeline/target/tmp/alex/9ea33afa-04fc-41d5-873b-ccec3c78c470 operation was queued
2024-05-01T00:31:53,312  INFO [EventualCleanupService thread 2] cleanup.EventualCleanupService: Deleted /home/alex/Repositories/hive/beeline/target/tmp/alex/9ea33afa-04fc-41d5-873b-ccec3c78c470
2024-05-01T00:31:53,312  INFO [EventualCleanupService thread 1] cleanup.EventualCleanupService: Deleted /tmp/hive/alex/9ea33afa-04fc-41d5-873b-ccec3c78c470
2024-05-01T00:31:53,313  INFO [main] HiveMetaStore.audit: ugi=alex	ip=unknown-ip-addr	cmd=Cleaning up thread local RawStore...	
2024-05-01T00:31:53,313  INFO [main] metastore.ObjectStore: RawStore: org.apache.hadoop.hive.metastore.ObjectStore@1cfa7ee0, with PersistenceManager: org.datanucleus.api.jdo.JDOPersistenceManager@612290d will be shutdown
2024-05-01T00:31:53,313  INFO [main] HiveMetaStore.audit: ugi=alex	ip=unknown-ip-addr	cmd=Done cleaning up thread local RawStore	
2024-05-01T00:31:53,313  INFO [main] metastore.HiveMetaStoreClient: Closed a connection to metastore, current connections: -41
2024-05-01T00:31:53,313 ERROR [main] cli.TestHiveCli: Failed due to the error:Connecting to jdbc:hive2://
Hive Session ID = 6d5951c9-8aa7-4878-bb0e-9d35cd5f9e52
ivysettings.xml file not found in HIVE_HOME or HIVE_CONF_DIR,/home/alex/Repositories/hive/conf/ivysettings.xml will be used
ivysettings.xml file not found in HIVE_HOME or HIVE_CONF_DIR,/home/alex/Repositories/hive/conf/ivysettings.xml will be used
Connected to: Apache Hive (version 4.0.0-SNAPSHOT)
Error: Couldn't load manifest attributes. (state=,code=0)
Transaction isolation: TRANSACTION_REPEATABLE_READ
INFO  : Compiling command(queryId=alex_20240501003152_1edd49b4-38d6-4048-b9ee-75d3ab885ec8): use test
INFO  : Semantic Analysis Completed (retrial = false)
INFO  : Created Hive schema: Schema(fieldSchemas:null, properties:null)
INFO  : Completed compiling command(queryId=alex_20240501003152_1edd49b4-38d6-4048-b9ee-75d3ab885ec8); Time taken: 0.005 seconds
INFO  : Concurrency mode is disabled, not creating a lock manager
INFO  : Executing command(queryId=alex_20240501003152_1edd49b4-38d6-4048-b9ee-75d3ab885ec8): use test
INFO  : Starting task [Stage-0:DDL] in serial mode
DEBUG : Task getting executed using mapred tag : alex_20240501003152_1edd49b4-38d6-4048-b9ee-75d3ab885ec8,userid=null
INFO  : Completed executing command(queryId=alex_20240501003152_1edd49b4-38d6-4048-b9ee-75d3ab885ec8); Time taken: 0.008 seconds
DEBUG : Shutting down query use test
Error: Failed to wait for operation to complete (state=08S01,code=0)
Beeline version ??? by Apache Hive
hive> set hiveconf:zzz=/home/alex/Repositories/hive/beeline/target/tmp/test8180945237200894479.sql;
No rows affected (0,006 seconds)
hive> source ${hiveconf:zzz};
INFO  : Compiling command(queryId=alex_20240501003153_ca9621ce-39d1-41f0-845a-7b021081d2d2): create table if not exists test.testSrcTbl2(sc2 string)
INFO  : Semantic Analysis Completed (retrial = false)
INFO  : Created Hive schema: Schema(fieldSchemas:null, properties:null)
INFO  : Completed compiling command(queryId=alex_20240501003153_ca9621ce-39d1-41f0-845a-7b021081d2d2); Time taken: 0.004 seconds
INFO  : Concurrency mode is disabled, not creating a lock manager
INFO  : Executing command(queryId=alex_20240501003153_ca9621ce-39d1-41f0-845a-7b021081d2d2): create table if not exists test.testSrcTbl2(sc2 string)
INFO  : Starting task [Stage-0:DDL] in serial mode
DEBUG : Task getting executed using mapred tag : alex_20240501003153_ca9621ce-39d1-41f0-845a-7b021081d2d2,userid=null
INFO  : Completed executing command(queryId=alex_20240501003153_ca9621ce-39d1-41f0-845a-7b021081d2d2); Time taken: 0.042 seconds
DEBUG : Shutting down query create table if not exists test.testSrcTbl2(sc2 string)
Error: Failed to wait for operation to complete (state=08S01,code=0)
hive> desc testSrcTbl2;
INFO  : Compiling command(queryId=alex_20240501003153_f4079109-dec0-4249-8579-ec2d0fde5fb9): desc testSrcTbl2
INFO  : Semantic Analysis Completed (retrial = false)
INFO  : Created Hive schema: Schema(fieldSchemas:[FieldSchema(name:col_name, type:string, comment:from deserializer), FieldSchema(name:data_type, type:string, comment:from deserializer), FieldSchema(name:comment, type:string, comment:from deserializer)], properties:null)
INFO  : Completed compiling command(queryId=alex_20240501003153_f4079109-dec0-4249-8579-ec2d0fde5fb9); Time taken: 0.093 seconds
INFO  : Concurrency mode is disabled, not creating a lock manager
INFO  : Executing command(queryId=alex_20240501003153_f4079109-dec0-4249-8579-ec2d0fde5fb9): desc testSrcTbl2
INFO  : Starting task [Stage-0:DDL] in serial mode
DEBUG : Task getting executed using mapred tag : alex_20240501003153_f4079109-dec0-4249-8579-ec2d0fde5fb9,userid=null
INFO  : Completed executing command(queryId=alex_20240501003153_f4079109-dec0-4249-8579-ec2d0fde5fb9); Time taken: 0.035 seconds
DEBUG : Shutting down query desc testSrcTbl2
Error: Failed to wait for operation to complete (state=08S01,code=0)
hive> Closing: 0: jdbc:hive2://

]]></system-err>
  </testcase>
  <testcase name="testSetHeaderValue" classname="org.apache.hive.beeline.cli.TestHiveCli" time="2.713">
    <failure type="java.lang.AssertionError"><![CDATA[java.lang.AssertionError: The expected keyword "testtbl.a testtbl.b" occur in the output: 
	at org.junit.Assert.fail(Assert.java:89)
	at org.junit.Assert.assertTrue(Assert.java:42)
	at org.apache.hive.beeline.cli.TestHiveCli.verifyCMD(TestHiveCli.java:270)
	at org.apache.hive.beeline.cli.TestHiveCli.testSetHeaderValue(TestHiveCli.java:89)
	at sun.reflect.NativeMethodAccessorImpl.invoke0(Native Method)
	at sun.reflect.NativeMethodAccessorImpl.invoke(NativeMethodAccessorImpl.java:62)
	at sun.reflect.DelegatingMethodAccessorImpl.invoke(DelegatingMethodAccessorImpl.java:43)
	at java.lang.reflect.Method.invoke(Method.java:498)
	at org.junit.runners.model.FrameworkMethod$1.runReflectiveCall(FrameworkMethod.java:59)
	at org.junit.internal.runners.model.ReflectiveCallable.run(ReflectiveCallable.java:12)
	at org.junit.runners.model.FrameworkMethod.invokeExplosively(FrameworkMethod.java:56)
	at org.junit.internal.runners.statements.InvokeMethod.evaluate(InvokeMethod.java:17)
	at org.junit.internal.runners.statements.RunBefores.evaluate(RunBefores.java:26)
	at org.junit.internal.runners.statements.RunAfters.evaluate(RunAfters.java:27)
	at org.junit.runners.ParentRunner$3.evaluate(ParentRunner.java:306)
	at org.junit.runners.BlockJUnit4ClassRunner$1.evaluate(BlockJUnit4ClassRunner.java:100)
	at org.junit.runners.ParentRunner.runLeaf(ParentRunner.java:366)
	at org.junit.runners.BlockJUnit4ClassRunner.runChild(BlockJUnit4ClassRunner.java:103)
	at org.junit.runners.BlockJUnit4ClassRunner.runChild(BlockJUnit4ClassRunner.java:63)
	at org.junit.runners.ParentRunner$4.run(ParentRunner.java:331)
	at org.junit.runners.ParentRunner$1.schedule(ParentRunner.java:79)
	at org.junit.runners.ParentRunner.runChildren(ParentRunner.java:329)
	at org.junit.runners.ParentRunner.access$100(ParentRunner.java:66)
	at org.junit.runners.ParentRunner$2.evaluate(ParentRunner.java:293)
	at org.junit.internal.runners.statements.RunBefores.evaluate(RunBefores.java:26)
	at org.junit.runners.ParentRunner$3.evaluate(ParentRunner.java:306)
	at org.junit.runners.ParentRunner.run(ParentRunner.java:413)
	at org.junit.runner.JUnitCore.run(JUnitCore.java:137)
	at org.junit.runner.JUnitCore.run(JUnitCore.java:115)
	at org.junit.vintage.engine.execution.RunnerExecutor.execute(RunnerExecutor.java:43)
	at java.util.stream.ForEachOps$ForEachOp$OfRef.accept(ForEachOps.java:183)
	at java.util.stream.ReferencePipeline$3$1.accept(ReferencePipeline.java:193)
	at java.util.Iterator.forEachRemaining(Iterator.java:116)
	at java.util.Spliterators$IteratorSpliterator.forEachRemaining(Spliterators.java:1801)
	at java.util.stream.AbstractPipeline.copyInto(AbstractPipeline.java:482)
	at java.util.stream.AbstractPipeline.wrapAndCopyInto(AbstractPipeline.java:472)
	at java.util.stream.ForEachOps$ForEachOp.evaluateSequential(ForEachOps.java:150)
	at java.util.stream.ForEachOps$ForEachOp$OfRef.evaluateSequential(ForEachOps.java:173)
	at java.util.stream.AbstractPipeline.evaluate(AbstractPipeline.java:234)
	at java.util.stream.ReferencePipeline.forEach(ReferencePipeline.java:485)
	at org.junit.vintage.engine.VintageTestEngine.executeAllChildren(VintageTestEngine.java:82)
	at org.junit.vintage.engine.VintageTestEngine.execute(VintageTestEngine.java:73)
	at org.junit.platform.launcher.core.DefaultLauncher.execute(DefaultLauncher.java:248)
	at org.junit.platform.launcher.core.DefaultLauncher.lambda$execute$5(DefaultLauncher.java:211)
	at org.junit.platform.launcher.core.DefaultLauncher.withInterceptedStreams(DefaultLauncher.java:226)
	at org.junit.platform.launcher.core.DefaultLauncher.execute(DefaultLauncher.java:199)
	at org.junit.platform.launcher.core.DefaultLauncher.execute(DefaultLauncher.java:132)
	at org.apache.maven.surefire.junitplatform.JUnitPlatformProvider.invokeAllTests(JUnitPlatformProvider.java:154)
	at org.apache.maven.surefire.junitplatform.JUnitPlatformProvider.invoke(JUnitPlatformProvider.java:123)
	at org.apache.maven.surefire.booter.ForkedBooter.runSuitesInProcess(ForkedBooter.java:377)
	at org.apache.maven.surefire.booter.ForkedBooter.execute(ForkedBooter.java:138)
	at org.apache.maven.surefire.booter.ForkedBooter.run(ForkedBooter.java:465)
	at org.apache.maven.surefire.booter.ForkedBooter.main(ForkedBooter.java:451)
]]></failure>
    <system-err><![CDATA[2024-05-01T00:31:53,314 ERROR [main] cli.TestHiveCli: Failed to execute command due to the error: java.lang.NullPointerException: Null output stream
2024-05-01T00:31:53,370  WARN [main] conf.HiveConf: HiveConf of name hive.dummyparam.test.server.specific.config.override does not exist
2024-05-01T00:31:53,370  WARN [main] conf.HiveConf: HiveConf of name hive.dummyparam.test.server.specific.config.hiveserver2site does not exist
2024-05-01T00:31:53,370  WARN [main] conf.HiveConf: HiveConf of name hive.dummyparam.test.server.specific.config.metastoresite does not exist
2024-05-01T00:31:53,370  INFO [main] SessionState: Hive Session ID = 0da9efa2-a5c7-4104-a30d-720d5479c1d1
2024-05-01T00:31:53,371  INFO [main] DependencyResolver: ivysettings.xml file not found in HIVE_HOME or HIVE_CONF_DIR,/home/alex/Repositories/hive/conf/ivysettings.xml will be used
2024-05-01T00:31:53,379  INFO [main] session.SessionState: Created HDFS directory: /tmp/hive/alex/0da9efa2-a5c7-4104-a30d-720d5479c1d1
2024-05-01T00:31:53,382  INFO [main] session.SessionState: Created local directory: /home/alex/Repositories/hive/beeline/target/tmp/alex/0da9efa2-a5c7-4104-a30d-720d5479c1d1
2024-05-01T00:31:53,386  INFO [main] session.SessionState: Created HDFS directory: /tmp/hive/alex/0da9efa2-a5c7-4104-a30d-720d5479c1d1/_tmp_space.db
2024-05-01T00:31:53,386  INFO [main] sqlstd.SQLStdHiveAccessController: Created SQLStdHiveAccessController for session context : HiveAuthzSessionContext [sessionString=0da9efa2-a5c7-4104-a30d-720d5479c1d1, clientType=HIVESERVER2]
2024-05-01T00:31:53,387  INFO [main] metastore.HiveMetaStoreClient: HMS client filtering is enabled.
2024-05-01T00:31:53,387  INFO [main] metastore.HMSHandler: 0: Opening raw store with implementation class:org.apache.hadoop.hive.metastore.ObjectStore
2024-05-01T00:31:53,387  INFO [main] metastore.PersistenceManagerProvider: Configuration datanucleus.autoStartMechanismMode is not set. Defaulting to 'ignored'
2024-05-01T00:31:53,388  INFO [main] metastore.ObjectStore: RawStore: org.apache.hadoop.hive.metastore.ObjectStore@389bc2d3, with PersistenceManager: null will be shutdown
2024-05-01T00:31:53,388  INFO [main] metastore.ObjectStore: RawStore: org.apache.hadoop.hive.metastore.ObjectStore@389bc2d3, with PersistenceManager: org.datanucleus.api.jdo.JDOPersistenceManager@442310fd created in the thread with id: 1
2024-05-01T00:31:53,390  INFO [main] metastore.HMSHandler: Created RawStore: org.apache.hadoop.hive.metastore.ObjectStore@389bc2d3 from thread id: 1
2024-05-01T00:31:53,390  INFO [main] metastore.HMSHandler: HMS server filtering is disabled by configuration
2024-05-01T00:31:53,390  INFO [main] metastore.RetryingMetaStoreClient: RetryingMetaStoreClient proxy=class org.apache.hadoop.hive.ql.metadata.SessionHiveMetaStoreClient ugi=alex (auth:SIMPLE) retries=1 delay=1 lifetime=0
2024-05-01T00:31:53,390  INFO [main] service.CompositeService: Operation log root directory is created: /home/alex/Repositories/hive/beeline/target/tmp/alex/operation_logs
2024-05-01T00:31:53,390  INFO [main] service.CompositeService: HiveServer2: Background operation thread pool size: 100
2024-05-01T00:31:53,390  INFO [main] service.CompositeService: HiveServer2: Background operation thread wait queue size: 100
2024-05-01T00:31:53,390  INFO [main] service.CompositeService: HiveServer2: Background operation thread keepalive time: 10 seconds
2024-05-01T00:31:53,391  INFO [main] service.CompositeService: Connections limit are user: 0 ipaddress: 0 user-ipaddress: 0
2024-05-01T00:31:53,392  INFO [main] cleanup.EventualCleanupService: EventualCleanupService started with 10 threads and queue of size 10000
ERROR StatusLogger Log4j2 ConfigurationScheduler attempted to increment scheduled items after start
ERROR StatusLogger Log4j2 ConfigurationScheduler attempted to increment scheduled items after start
2024-05-01T00:31:53,393  INFO [main] service.AbstractService: Service:OperationManager is inited.
2024-05-01T00:31:53,393  INFO [main] service.AbstractService: Service:SessionManager is inited.
2024-05-01T00:31:53,393  INFO [main] service.AbstractService: Service:CLIService is inited.
2024-05-01T00:31:53,394  INFO [main] service.AbstractService: Service:OperationManager is started.
2024-05-01T00:31:53,394  INFO [main] service.AbstractService: Service:SessionManager is started.
2024-05-01T00:31:53,394  INFO [main] service.AbstractService: Service:CLIService is started.
2024-05-01T00:31:53,394  INFO [main] service.AbstractService: Service:ThriftBinaryCLIService is inited.
2024-05-01T00:31:53,394  INFO [main] thrift.ThriftCLIService: Client protocol version: HIVE_CLI_SERVICE_PROTOCOL_V10
2024-05-01T00:31:53,394  INFO [main] thrift.ThriftCLIService: Creating Hive session handle for user [null] from IP null
2024-05-01T00:31:53,395  INFO [main] DependencyResolver: ivysettings.xml file not found in HIVE_HOME or HIVE_CONF_DIR,/home/alex/Repositories/hive/conf/ivysettings.xml will be used
2024-05-01T00:31:53,403  INFO [main] session.SessionState: Created HDFS directory: /tmp/hive/alex/7467622d-2e02-4a07-9bb8-b823b42581eb
2024-05-01T00:31:53,406  INFO [main] session.SessionState: Created local directory: /home/alex/Repositories/hive/beeline/target/tmp/alex/7467622d-2e02-4a07-9bb8-b823b42581eb
2024-05-01T00:31:53,410  INFO [main] session.SessionState: Created HDFS directory: /tmp/hive/alex/7467622d-2e02-4a07-9bb8-b823b42581eb/_tmp_space.db
2024-05-01T00:31:53,410  INFO [main] session.SessionState: Reloading auxiliary JAR files
2024-05-01T00:31:53,410  WARN [main] session.SessionState: Configuration hive.reloadable.aux.jars.path not specified
2024-05-01T00:31:53,410  INFO [main] HiveMetaStore.audit: ugi=alex	ip=unknown-ip-addr	cmd=Cleaning up thread local RawStore...	
2024-05-01T00:31:53,410  INFO [main] metastore.ObjectStore: RawStore: org.apache.hadoop.hive.metastore.ObjectStore@389bc2d3, with PersistenceManager: org.datanucleus.api.jdo.JDOPersistenceManager@442310fd will be shutdown
2024-05-01T00:31:53,410  INFO [main] HiveMetaStore.audit: ugi=alex	ip=unknown-ip-addr	cmd=Done cleaning up thread local RawStore	
2024-05-01T00:31:53,411  INFO [main] metastore.HiveMetaStoreClient: Closed a connection to metastore, current connections: -42
2024-05-01T00:31:53,411  INFO [main] session.HiveSessionImpl: Operation log session directory is created: /home/alex/Repositories/hive/beeline/target/tmp/alex/operation_logs/7467622d-2e02-4a07-9bb8-b823b42581eb
2024-05-01T00:31:53,411  INFO [main] service.CompositeService: Session opened, SessionHandle [7467622d-2e02-4a07-9bb8-b823b42581eb], current sessions:1
2024-05-01T00:31:53,411  INFO [main] thrift.ThriftCLIService: Login attempt is successful for user : null
2024-05-01T00:31:53,462  WARN [main] conf.HiveConf: HiveConf of name hive.dummyparam.test.server.specific.config.override does not exist
2024-05-01T00:31:53,463  WARN [main] conf.HiveConf: HiveConf of name hive.dummyparam.test.server.specific.config.hiveserver2site does not exist
2024-05-01T00:31:53,463  WARN [main] conf.HiveConf: HiveConf of name hive.dummyparam.test.server.specific.config.metastoresite does not exist
2024-05-01T00:31:53,463  INFO [7467622d-2e02-4a07-9bb8-b823b42581eb main] session.HiveSessionImpl: executing set
2024-05-01T00:31:53,464  INFO [7467622d-2e02-4a07-9bb8-b823b42581eb main] operation.HiveCommandOperation: Putting temp output to file /home/alex/Repositories/hive/beeline/target/tmp/alex/7467622d-2e02-4a07-9bb8-b823b42581eb5443115544049654256.pipeout and error output to file /home/alex/Repositories/hive/beeline/target/tmp/alex/7467622d-2e02-4a07-9bb8-b823b42581eb4874375084103047972.pipeout
2024-05-01T00:31:53,464  INFO [7467622d-2e02-4a07-9bb8-b823b42581eb main] operation.OperationManager: Adding operation: OperationHandle [opType=EXECUTE_STATEMENT, getHandleIdentifier()=70cad551-7e90-44f6-a252-54361aefe406] SessionHandle [7467622d-2e02-4a07-9bb8-b823b42581eb]
2024-05-01T00:31:53,464  INFO [7467622d-2e02-4a07-9bb8-b823b42581eb main] common.LogUtils: Thread context registration is done.
DEBUG StatusLogger Building Plugin[name=filter, class=org.apache.hadoop.hive.ql.log.LogDivertAppender$NameFilter].
DEBUG StatusLogger createFilter(loggingLevel="EXECUTION")
DEBUG StatusLogger Building Plugin[name=layout, class=org.apache.logging.log4j.core.layout.PatternLayout].
DEBUG StatusLogger PatternLayout$Builder(pattern="%-5p : %m%n", PatternSelector=null, Configuration(HiveLog4j2Test), Replace=null, charset="null", alwaysWriteExceptions="null", disableAnsi="null", noConsoleNoAnsi="null", header="null", footer="null")
DEBUG StatusLogger Building Plugin[name=appender, class=org.apache.hadoop.hive.ql.log.HushableRandomAccessFileAppender].
DEBUG StatusLogger createAppender(fileName="/home/alex/Repositories/hive/beeline/target/tmp/alex/operation_logs/7467622d-2e02-4a07-9bb8-b823b42581eb/alex_20240501003153_d646f433-32d6-4b0d-a2c0-325de08722d9", append="null", name="query-file-appender", immediateFlush="null", bufferSize="null", ignoreExceptions="null", PatternLayout(org.apache.logging.log4j.core.layout.PatternLayout with name PatternLayout), NameFilter(org.apache.hadoop.hive.ql.log.LogDivertAppender$NameFilter with name NameFilter), advertise="null", advertiseURI="null", Configuration(HiveLog4j2Test))
DEBUG StatusLogger Starting RandomAccessFileManager /home/alex/Repositories/hive/beeline/target/tmp/alex/operation_logs/7467622d-2e02-4a07-9bb8-b823b42581eb/alex_20240501003153_d646f433-32d6-4b0d-a2c0-325de08722d9
DEBUG StatusLogger Building Plugin[name=, class=org.apache.hadoop.hive.ql.log.LogDivertAppenderForTest$TestFilter].
DEBUG StatusLogger createFilter()
DEBUG StatusLogger Building Plugin[name=, class=org.apache.logging.log4j.core.layout.PatternLayout].
DEBUG StatusLogger PatternLayout$Builder(pattern="%-5p : %m%n", PatternSelector=null, Configuration(HiveLog4j2Test), Replace=null, charset="null", alwaysWriteExceptions="null", disableAnsi="null", noConsoleNoAnsi="null", header="null", footer="null")
DEBUG StatusLogger Building Plugin[name=appender, class=org.apache.hadoop.hive.ql.log.HushableRandomAccessFileAppender].
DEBUG StatusLogger createAppender(fileName="/home/alex/Repositories/hive/beeline/target/tmp/alex/operation_logs/7467622d-2e02-4a07-9bb8-b823b42581eb/alex_20240501003153_d646f433-32d6-4b0d-a2c0-325de08722d9.test", append="null", name="test-query-file-appender", immediateFlush="null", bufferSize="null", ignoreExceptions="null", PatternLayout(org.apache.logging.log4j.core.layout.PatternLayout with name PatternLayout), test-filter(org.apache.hadoop.hive.ql.log.LogDivertAppenderForTest$TestFilter with name test-filter), advertise="null", advertiseURI="null", Configuration(HiveLog4j2Test))
DEBUG StatusLogger Starting RandomAccessFileManager /home/alex/Repositories/hive/beeline/target/tmp/alex/operation_logs/7467622d-2e02-4a07-9bb8-b823b42581eb/alex_20240501003153_d646f433-32d6-4b0d-a2c0-325de08722d9.test
2024-05-01T00:31:53,468  INFO [7467622d-2e02-4a07-9bb8-b823b42581eb main] operation.HiveCommandOperation: [opType=EXECUTE_STATEMENT, queryId=alex_20240501003153_d646f433-32d6-4b0d-a2c0-325de08722d9, startTime=1714548713463, sessionId=7467622d-2e02-4a07-9bb8-b823b42581eb, createTime=1714548713394, userName=null, ipAddress=null]
2024-05-01T00:31:53,477  INFO [7467622d-2e02-4a07-9bb8-b823b42581eb main] common.LogUtils: Unregistered logging context.
2024-05-01T00:31:53,480  INFO [7467622d-2e02-4a07-9bb8-b823b42581eb main] operation.OperationManager: Closing operation: OperationHandle [opType=EXECUTE_STATEMENT, getHandleIdentifier()=70cad551-7e90-44f6-a252-54361aefe406]
2024-05-01T00:31:53,480  INFO [7467622d-2e02-4a07-9bb8-b823b42581eb main] operation.OperationManager: Removed queryId: alex_20240501003153_d646f433-32d6-4b0d-a2c0-325de08722d9 corresponding to operation: OperationHandle [opType=EXECUTE_STATEMENT, getHandleIdentifier()=70cad551-7e90-44f6-a252-54361aefe406] with tag: null
2024-05-01T00:31:53,481  INFO [7467622d-2e02-4a07-9bb8-b823b42581eb main] operation.HiveCommandOperation: Closing operation log /home/alex/Repositories/hive/beeline/target/tmp/alex/operation_logs/7467622d-2e02-4a07-9bb8-b823b42581eb/alex_20240501003153_d646f433-32d6-4b0d-a2c0-325de08722d9 without delay
2024-05-01T00:31:53,492  INFO [7467622d-2e02-4a07-9bb8-b823b42581eb main] session.HiveSessionImpl: executing create database if not exists test
2024-05-01T00:31:53,492  INFO [7467622d-2e02-4a07-9bb8-b823b42581eb main] operation.OperationManager: Adding operation: OperationHandle [opType=EXECUTE_STATEMENT, getHandleIdentifier()=540a8f0f-0314-420e-97eb-450ffdc33275] SessionHandle [7467622d-2e02-4a07-9bb8-b823b42581eb]
2024-05-01T00:31:53,493  INFO [7467622d-2e02-4a07-9bb8-b823b42581eb main] common.LogUtils: Thread context registration is done.
DEBUG StatusLogger Building Plugin[name=filter, class=org.apache.hadoop.hive.ql.log.LogDivertAppender$NameFilter].
DEBUG StatusLogger createFilter(loggingLevel="EXECUTION")
DEBUG StatusLogger Building Plugin[name=layout, class=org.apache.logging.log4j.core.layout.PatternLayout].
DEBUG StatusLogger PatternLayout$Builder(pattern="%-5p : %m%n", PatternSelector=null, Configuration(HiveLog4j2Test), Replace=null, charset="null", alwaysWriteExceptions="null", disableAnsi="null", noConsoleNoAnsi="null", header="null", footer="null")
DEBUG StatusLogger Building Plugin[name=appender, class=org.apache.hadoop.hive.ql.log.HushableRandomAccessFileAppender].
DEBUG StatusLogger createAppender(fileName="/home/alex/Repositories/hive/beeline/target/tmp/alex/operation_logs/7467622d-2e02-4a07-9bb8-b823b42581eb/alex_20240501003153_3352eb53-63cd-4936-bd54-538bd13de5a4", append="null", name="query-file-appender", immediateFlush="null", bufferSize="null", ignoreExceptions="null", PatternLayout(org.apache.logging.log4j.core.layout.PatternLayout with name PatternLayout), NameFilter(org.apache.hadoop.hive.ql.log.LogDivertAppender$NameFilter with name NameFilter), advertise="null", advertiseURI="null", Configuration(HiveLog4j2Test))
DEBUG StatusLogger Starting RandomAccessFileManager /home/alex/Repositories/hive/beeline/target/tmp/alex/operation_logs/7467622d-2e02-4a07-9bb8-b823b42581eb/alex_20240501003153_3352eb53-63cd-4936-bd54-538bd13de5a4
DEBUG StatusLogger Building Plugin[name=, class=org.apache.hadoop.hive.ql.log.LogDivertAppenderForTest$TestFilter].
DEBUG StatusLogger createFilter()
DEBUG StatusLogger Building Plugin[name=, class=org.apache.logging.log4j.core.layout.PatternLayout].
DEBUG StatusLogger PatternLayout$Builder(pattern="%-5p : %m%n", PatternSelector=null, Configuration(HiveLog4j2Test), Replace=null, charset="null", alwaysWriteExceptions="null", disableAnsi="null", noConsoleNoAnsi="null", header="null", footer="null")
DEBUG StatusLogger Building Plugin[name=appender, class=org.apache.hadoop.hive.ql.log.HushableRandomAccessFileAppender].
DEBUG StatusLogger createAppender(fileName="/home/alex/Repositories/hive/beeline/target/tmp/alex/operation_logs/7467622d-2e02-4a07-9bb8-b823b42581eb/alex_20240501003153_3352eb53-63cd-4936-bd54-538bd13de5a4.test", append="null", name="test-query-file-appender", immediateFlush="null", bufferSize="null", ignoreExceptions="null", PatternLayout(org.apache.logging.log4j.core.layout.PatternLayout with name PatternLayout), test-filter(org.apache.hadoop.hive.ql.log.LogDivertAppenderForTest$TestFilter with name test-filter), advertise="null", advertiseURI="null", Configuration(HiveLog4j2Test))
DEBUG StatusLogger Starting RandomAccessFileManager /home/alex/Repositories/hive/beeline/target/tmp/alex/operation_logs/7467622d-2e02-4a07-9bb8-b823b42581eb/alex_20240501003153_3352eb53-63cd-4936-bd54-538bd13de5a4.test
2024-05-01T00:31:53,496  INFO [7467622d-2e02-4a07-9bb8-b823b42581eb main] operation.SQLOperation: [opType=EXECUTE_STATEMENT, queryId=alex_20240501003153_3352eb53-63cd-4936-bd54-538bd13de5a4, startTime=1714548713492, sessionId=7467622d-2e02-4a07-9bb8-b823b42581eb, createTime=1714548713394, userName=null, ipAddress=null]
2024-05-01T00:31:53,497  INFO [7467622d-2e02-4a07-9bb8-b823b42581eb main] ql.Driver: Compiling command(queryId=alex_20240501003153_3352eb53-63cd-4936-bd54-538bd13de5a4): create database if not exists test
2024-05-01T00:31:53,498  INFO [7467622d-2e02-4a07-9bb8-b823b42581eb main] metastore.HiveMetaStoreClient: HMS client filtering is enabled.
2024-05-01T00:31:53,499  INFO [7467622d-2e02-4a07-9bb8-b823b42581eb main] metastore.HMSHandler: 0: Opening raw store with implementation class:org.apache.hadoop.hive.metastore.ObjectStore
2024-05-01T00:31:53,499  INFO [7467622d-2e02-4a07-9bb8-b823b42581eb main] metastore.PersistenceManagerProvider: Configuration datanucleus.autoStartMechanismMode is not set. Defaulting to 'ignored'
2024-05-01T00:31:53,499  INFO [7467622d-2e02-4a07-9bb8-b823b42581eb main] metastore.ObjectStore: RawStore: org.apache.hadoop.hive.metastore.ObjectStore@438c0aaf, with PersistenceManager: null will be shutdown
2024-05-01T00:31:53,500  INFO [7467622d-2e02-4a07-9bb8-b823b42581eb main] metastore.ObjectStore: RawStore: org.apache.hadoop.hive.metastore.ObjectStore@438c0aaf, with PersistenceManager: org.datanucleus.api.jdo.JDOPersistenceManager@7577589 created in the thread with id: 1
2024-05-01T00:31:53,502  INFO [7467622d-2e02-4a07-9bb8-b823b42581eb main] metastore.HMSHandler: Created RawStore: org.apache.hadoop.hive.metastore.ObjectStore@438c0aaf from thread id: 1
2024-05-01T00:31:53,502  INFO [7467622d-2e02-4a07-9bb8-b823b42581eb main] metastore.HMSHandler: HMS server filtering is disabled by configuration
2024-05-01T00:31:53,502  INFO [7467622d-2e02-4a07-9bb8-b823b42581eb main] metastore.RetryingMetaStoreClient: RetryingMetaStoreClient proxy=class org.apache.hadoop.hive.ql.metadata.SessionHiveMetaStoreClient ugi=alex (auth:SIMPLE) retries=1 delay=1 lifetime=0
2024-05-01T00:31:53,503  INFO [7467622d-2e02-4a07-9bb8-b823b42581eb main] ql.Driver: Semantic Analysis Completed (retrial = false)
2024-05-01T00:31:53,503  INFO [7467622d-2e02-4a07-9bb8-b823b42581eb main] ql.Driver: Created Hive schema: Schema(fieldSchemas:null, properties:null)
2024-05-01T00:31:53,503  INFO [7467622d-2e02-4a07-9bb8-b823b42581eb main] metadata.Hive: Dumping metastore api call timing information for : compilation phase
2024-05-01T00:31:53,503  INFO [7467622d-2e02-4a07-9bb8-b823b42581eb main] metadata.Hive: Total time spent in each metastore function (ms): {isCompatibleWith_(Configuration)=0, flushCache_()=0}
2024-05-01T00:31:53,503  INFO [7467622d-2e02-4a07-9bb8-b823b42581eb main] ql.Driver: Completed compiling command(queryId=alex_20240501003153_3352eb53-63cd-4936-bd54-538bd13de5a4); Time taken: 0.006 seconds
2024-05-01T00:31:53,503  INFO [7467622d-2e02-4a07-9bb8-b823b42581eb main] common.LogUtils: Unregistered logging context.
2024-05-01T00:31:53,504  INFO [HiveServer2-Background-Pool: Thread-671] common.LogUtils: Thread context registration is done.
2024-05-01T00:31:53,505  INFO [HiveServer2-Background-Pool: Thread-671] reexec.ReExecDriver: Execution #1 of query
2024-05-01T00:31:53,505  INFO [HiveServer2-Background-Pool: Thread-671] ql.Driver: Concurrency mode is disabled, not creating a lock manager
2024-05-01T00:31:53,506  INFO [HiveServer2-Background-Pool: Thread-671] ql.Driver: Executing command(queryId=alex_20240501003153_3352eb53-63cd-4936-bd54-538bd13de5a4): create database if not exists test
2024-05-01T00:31:53,506  INFO [HiveServer2-Background-Pool: Thread-671] ql.Driver: Starting task [Stage-0:DDL] in serial mode
2024-05-01T00:31:53,507  INFO [HiveServer2-Background-Pool: Thread-671] sqlstd.SQLStdHiveAccessController: Created SQLStdHiveAccessController for session context : HiveAuthzSessionContext [sessionString=7467622d-2e02-4a07-9bb8-b823b42581eb, clientType=HIVESERVER2]
2024-05-01T00:31:53,507  WARN [HiveServer2-Background-Pool: Thread-671] exec.DDLTask: metastore.warehouse.external.dir is not set, falling back to metastore.warehouse.dir. This could cause external tables to use to managed tablespace.
2024-05-01T00:31:53,508  INFO [HiveServer2-Background-Pool: Thread-671] HiveMetaStore.audit: ugi=alex	ip=unknown-ip-addr	cmd=create_database: Database(name:test, description:null, locationUri:file:/home/alex/Repositories/hive/beeline/target/tmp/warehouse/test.db, parameters:null, ownerName:alex, ownerType:USER, catalogName:hive, type:NATIVE)	
2024-05-01T00:31:53,508  INFO [HiveServer2-Background-Pool: Thread-671] metastore.HMSHandler: 31: Opening raw store with implementation class:org.apache.hadoop.hive.metastore.ObjectStore
2024-05-01T00:31:53,509  INFO [HiveServer2-Background-Pool: Thread-671] metastore.ObjectStore: RawStore: org.apache.hadoop.hive.metastore.ObjectStore@54a22e06, with PersistenceManager: null will be shutdown
2024-05-01T00:31:53,509  INFO [HiveServer2-Background-Pool: Thread-671] metastore.ObjectStore: RawStore: org.apache.hadoop.hive.metastore.ObjectStore@54a22e06, with PersistenceManager: org.datanucleus.api.jdo.JDOPersistenceManager@11a0aaf6 created in the thread with id: 671
2024-05-01T00:31:53,561  INFO [HiveServer2-Background-Pool: Thread-671] metastore.HMSHandler: Created RawStore: org.apache.hadoop.hive.metastore.ObjectStore@54a22e06 from thread id: 671
2024-05-01T00:31:53,562 ERROR [HiveServer2-Background-Pool: Thread-671] metastore.RetryingHMSHandler: AlreadyExistsException(message:Database test already exists)
	at org.apache.hadoop.hive.metastore.HMSHandler.create_database(HMSHandler.java:1472)
	at sun.reflect.NativeMethodAccessorImpl.invoke0(Native Method)
	at sun.reflect.NativeMethodAccessorImpl.invoke(NativeMethodAccessorImpl.java:62)
	at sun.reflect.DelegatingMethodAccessorImpl.invoke(DelegatingMethodAccessorImpl.java:43)
	at java.lang.reflect.Method.invoke(Method.java:498)
	at org.apache.hadoop.hive.metastore.RetryingHMSHandler.invokeInternal(RetryingHMSHandler.java:147)
	at org.apache.hadoop.hive.metastore.RetryingHMSHandler.invoke(RetryingHMSHandler.java:108)
	at com.sun.proxy.$Proxy40.create_database(Unknown Source)
	at org.apache.hadoop.hive.metastore.HiveMetaStoreClient.createDatabase(HiveMetaStoreClient.java:1151)
	at sun.reflect.NativeMethodAccessorImpl.invoke0(Native Method)
	at sun.reflect.NativeMethodAccessorImpl.invoke(NativeMethodAccessorImpl.java:62)
	at sun.reflect.DelegatingMethodAccessorImpl.invoke(DelegatingMethodAccessorImpl.java:43)
	at java.lang.reflect.Method.invoke(Method.java:498)
	at org.apache.hadoop.hive.metastore.RetryingMetaStoreClient.invoke(RetryingMetaStoreClient.java:218)
	at com.sun.proxy.$Proxy41.createDatabase(Unknown Source)
	at org.apache.hadoop.hive.ql.metadata.Hive.createDatabase(Hive.java:605)
	at org.apache.hadoop.hive.ql.ddl.database.create.CreateDatabaseOperation.execute(CreateDatabaseOperation.java:68)
	at org.apache.hadoop.hive.ql.ddl.DDLTask.execute(DDLTask.java:84)
	at org.apache.hadoop.hive.ql.exec.Task.executeTask(Task.java:212)
	at org.apache.hadoop.hive.ql.exec.TaskRunner.runSequential(TaskRunner.java:105)
	at org.apache.hadoop.hive.ql.Executor.launchTask(Executor.java:361)
	at org.apache.hadoop.hive.ql.Executor.launchTasks(Executor.java:334)
	at org.apache.hadoop.hive.ql.Executor.runTasks(Executor.java:245)
	at org.apache.hadoop.hive.ql.Executor.execute(Executor.java:108)
	at org.apache.hadoop.hive.ql.Driver.execute(Driver.java:348)
	at org.apache.hadoop.hive.ql.Driver.runInternal(Driver.java:204)
	at org.apache.hadoop.hive.ql.Driver.run(Driver.java:153)
	at org.apache.hadoop.hive.ql.Driver.run(Driver.java:148)
	at org.apache.hadoop.hive.ql.reexec.ReExecDriver.run(ReExecDriver.java:164)
	at org.apache.hive.service.cli.operation.SQLOperation.runQuery(SQLOperation.java:233)
	at org.apache.hive.service.cli.operation.SQLOperation.access$500(SQLOperation.java:88)
	at org.apache.hive.service.cli.operation.SQLOperation$BackgroundWork$1.run(SQLOperation.java:336)
	at java.security.AccessController.doPrivileged(Native Method)
	at javax.security.auth.Subject.doAs(Subject.java:422)
	at org.apache.hadoop.security.UserGroupInformation.doAs(UserGroupInformation.java:1682)
	at org.apache.hive.service.cli.operation.SQLOperation$BackgroundWork.run(SQLOperation.java:356)
	at java.util.concurrent.Executors$RunnableAdapter.call(Executors.java:511)
	at java.util.concurrent.FutureTask.run(FutureTask.java:266)
	at java.util.concurrent.ThreadPoolExecutor.runWorker(ThreadPoolExecutor.java:1149)
	at java.util.concurrent.ThreadPoolExecutor$Worker.run(ThreadPoolExecutor.java:624)
	at java.lang.Thread.run(Thread.java:750)

2024-05-01T00:31:53,563  INFO [HiveServer2-Background-Pool: Thread-671] metadata.Hive: Dumping metastore api call timing information for : execution phase
2024-05-01T00:31:53,563  INFO [HiveServer2-Background-Pool: Thread-671] metadata.Hive: Total time spent in each metastore function (ms): {isCompatibleWith_(Configuration)=0}
2024-05-01T00:31:53,563  INFO [HiveServer2-Background-Pool: Thread-671] ql.Driver: Completed executing command(queryId=alex_20240501003153_3352eb53-63cd-4936-bd54-538bd13de5a4); Time taken: 0.057 seconds
2024-05-01T00:31:53,563  INFO [HiveServer2-Background-Pool: Thread-671] common.LogUtils: Unregistered logging context.
2024-05-01T00:31:53,567  INFO [7467622d-2e02-4a07-9bb8-b823b42581eb main] operation.OperationManager: Closing operation: OperationHandle [opType=EXECUTE_STATEMENT, getHandleIdentifier()=540a8f0f-0314-420e-97eb-450ffdc33275]
2024-05-01T00:31:53,567  INFO [7467622d-2e02-4a07-9bb8-b823b42581eb main] operation.OperationManager: Removed queryId: alex_20240501003153_3352eb53-63cd-4936-bd54-538bd13de5a4 corresponding to operation: OperationHandle [opType=EXECUTE_STATEMENT, getHandleIdentifier()=540a8f0f-0314-420e-97eb-450ffdc33275] with tag: null
2024-05-01T00:31:53,567  INFO [7467622d-2e02-4a07-9bb8-b823b42581eb main] operation.SQLOperation: Closing operation log /home/alex/Repositories/hive/beeline/target/tmp/alex/operation_logs/7467622d-2e02-4a07-9bb8-b823b42581eb/alex_20240501003153_3352eb53-63cd-4936-bd54-538bd13de5a4 without delay
2024-05-01T00:31:53,572  INFO [7467622d-2e02-4a07-9bb8-b823b42581eb main] session.HiveSessionImpl: executing create table if not exists test.testTbl(a string, b string)
2024-05-01T00:31:53,572  INFO [7467622d-2e02-4a07-9bb8-b823b42581eb main] operation.OperationManager: Adding operation: OperationHandle [opType=EXECUTE_STATEMENT, getHandleIdentifier()=4ef79ed6-1478-4bfc-b916-726ebff6a024] SessionHandle [7467622d-2e02-4a07-9bb8-b823b42581eb]
2024-05-01T00:31:53,572  INFO [7467622d-2e02-4a07-9bb8-b823b42581eb main] common.LogUtils: Thread context registration is done.
DEBUG StatusLogger Building Plugin[name=filter, class=org.apache.hadoop.hive.ql.log.LogDivertAppender$NameFilter].
DEBUG StatusLogger createFilter(loggingLevel="EXECUTION")
DEBUG StatusLogger Building Plugin[name=layout, class=org.apache.logging.log4j.core.layout.PatternLayout].
DEBUG StatusLogger PatternLayout$Builder(pattern="%-5p : %m%n", PatternSelector=null, Configuration(HiveLog4j2Test), Replace=null, charset="null", alwaysWriteExceptions="null", disableAnsi="null", noConsoleNoAnsi="null", header="null", footer="null")
DEBUG StatusLogger Building Plugin[name=appender, class=org.apache.hadoop.hive.ql.log.HushableRandomAccessFileAppender].
DEBUG StatusLogger createAppender(fileName="/home/alex/Repositories/hive/beeline/target/tmp/alex/operation_logs/7467622d-2e02-4a07-9bb8-b823b42581eb/alex_20240501003153_eeaca5f4-5a91-46a5-875e-0707c47ccfec", append="null", name="query-file-appender", immediateFlush="null", bufferSize="null", ignoreExceptions="null", PatternLayout(org.apache.logging.log4j.core.layout.PatternLayout with name PatternLayout), NameFilter(org.apache.hadoop.hive.ql.log.LogDivertAppender$NameFilter with name NameFilter), advertise="null", advertiseURI="null", Configuration(HiveLog4j2Test))
DEBUG StatusLogger Starting RandomAccessFileManager /home/alex/Repositories/hive/beeline/target/tmp/alex/operation_logs/7467622d-2e02-4a07-9bb8-b823b42581eb/alex_20240501003153_eeaca5f4-5a91-46a5-875e-0707c47ccfec
DEBUG StatusLogger Building Plugin[name=, class=org.apache.hadoop.hive.ql.log.LogDivertAppenderForTest$TestFilter].
DEBUG StatusLogger createFilter()
DEBUG StatusLogger Building Plugin[name=, class=org.apache.logging.log4j.core.layout.PatternLayout].
DEBUG StatusLogger PatternLayout$Builder(pattern="%-5p : %m%n", PatternSelector=null, Configuration(HiveLog4j2Test), Replace=null, charset="null", alwaysWriteExceptions="null", disableAnsi="null", noConsoleNoAnsi="null", header="null", footer="null")
DEBUG StatusLogger Building Plugin[name=appender, class=org.apache.hadoop.hive.ql.log.HushableRandomAccessFileAppender].
DEBUG StatusLogger createAppender(fileName="/home/alex/Repositories/hive/beeline/target/tmp/alex/operation_logs/7467622d-2e02-4a07-9bb8-b823b42581eb/alex_20240501003153_eeaca5f4-5a91-46a5-875e-0707c47ccfec.test", append="null", name="test-query-file-appender", immediateFlush="null", bufferSize="null", ignoreExceptions="null", PatternLayout(org.apache.logging.log4j.core.layout.PatternLayout with name PatternLayout), test-filter(org.apache.hadoop.hive.ql.log.LogDivertAppenderForTest$TestFilter with name test-filter), advertise="null", advertiseURI="null", Configuration(HiveLog4j2Test))
DEBUG StatusLogger Starting RandomAccessFileManager /home/alex/Repositories/hive/beeline/target/tmp/alex/operation_logs/7467622d-2e02-4a07-9bb8-b823b42581eb/alex_20240501003153_eeaca5f4-5a91-46a5-875e-0707c47ccfec.test
2024-05-01T00:31:53,575  INFO [7467622d-2e02-4a07-9bb8-b823b42581eb main] operation.SQLOperation: [opType=EXECUTE_STATEMENT, queryId=alex_20240501003153_eeaca5f4-5a91-46a5-875e-0707c47ccfec, startTime=1714548713572, sessionId=7467622d-2e02-4a07-9bb8-b823b42581eb, createTime=1714548713394, userName=null, ipAddress=null]
2024-05-01T00:31:53,576  INFO [7467622d-2e02-4a07-9bb8-b823b42581eb main] ql.Driver: Compiling command(queryId=alex_20240501003153_eeaca5f4-5a91-46a5-875e-0707c47ccfec): create table if not exists test.testTbl(a string, b string)
2024-05-01T00:31:53,577  INFO [7467622d-2e02-4a07-9bb8-b823b42581eb main] parse.CalcitePlanner: Starting caching scope for: alex_20240501003153_eeaca5f4-5a91-46a5-875e-0707c47ccfec
2024-05-01T00:31:53,577  INFO [7467622d-2e02-4a07-9bb8-b823b42581eb main] parse.CalcitePlanner: Starting Semantic Analysis
2024-05-01T00:31:53,577  INFO [7467622d-2e02-4a07-9bb8-b823b42581eb main] parse.CalcitePlanner: Creating table test.testTbl position=27
2024-05-01T00:31:53,578  INFO [7467622d-2e02-4a07-9bb8-b823b42581eb main] HiveMetaStore.audit: ugi=alex	ip=unknown-ip-addr	cmd=get_table : tbl=hive.test.testTbl	
2024-05-01T00:31:53,579  INFO [7467622d-2e02-4a07-9bb8-b823b42581eb main] HiveMetaStore.audit: ugi=alex	ip=unknown-ip-addr	cmd=get_database: test	
2024-05-01T00:31:53,580  INFO [7467622d-2e02-4a07-9bb8-b823b42581eb main] parse.CalcitePlanner: Ending caching scope for: alex_20240501003153_eeaca5f4-5a91-46a5-875e-0707c47ccfec
2024-05-01T00:31:53,580  INFO [7467622d-2e02-4a07-9bb8-b823b42581eb main] ql.Driver: Semantic Analysis Completed (retrial = false)
2024-05-01T00:31:53,580  INFO [7467622d-2e02-4a07-9bb8-b823b42581eb main] ql.Driver: Created Hive schema: Schema(fieldSchemas:null, properties:null)
2024-05-01T00:31:53,580  INFO [7467622d-2e02-4a07-9bb8-b823b42581eb main] metadata.Hive: Dumping metastore api call timing information for : compilation phase
2024-05-01T00:31:53,580  INFO [7467622d-2e02-4a07-9bb8-b823b42581eb main] metadata.Hive: Total time spent in each metastore function (ms): {isCompatibleWith_(Configuration)=0, getDatabase_(String)=1, flushCache_()=0}
2024-05-01T00:31:53,580  INFO [7467622d-2e02-4a07-9bb8-b823b42581eb main] ql.Driver: Completed compiling command(queryId=alex_20240501003153_eeaca5f4-5a91-46a5-875e-0707c47ccfec); Time taken: 0.004 seconds
2024-05-01T00:31:53,581  INFO [7467622d-2e02-4a07-9bb8-b823b42581eb main] common.LogUtils: Unregistered logging context.
2024-05-01T00:31:53,581  INFO [HiveServer2-Background-Pool: Thread-674] common.LogUtils: Thread context registration is done.
2024-05-01T00:31:53,581  INFO [HiveServer2-Background-Pool: Thread-674] reexec.ReExecDriver: Execution #1 of query
2024-05-01T00:31:53,582  INFO [HiveServer2-Background-Pool: Thread-674] ql.Driver: Concurrency mode is disabled, not creating a lock manager
2024-05-01T00:31:53,582  INFO [HiveServer2-Background-Pool: Thread-674] ql.Driver: Executing command(queryId=alex_20240501003153_eeaca5f4-5a91-46a5-875e-0707c47ccfec): create table if not exists test.testTbl(a string, b string)
2024-05-01T00:31:53,583  INFO [HiveServer2-Background-Pool: Thread-674] ql.Driver: Starting task [Stage-0:DDL] in serial mode
2024-05-01T00:31:53,584  INFO [HiveServer2-Background-Pool: Thread-674] HiveMetaStore.audit: ugi=alex	ip=unknown-ip-addr	cmd=create_table_req: Table(tableName:testTbl, dbName:test, owner:alex, createTime:1714548713, lastAccessTime:0, retention:0, sd:StorageDescriptor(cols:[FieldSchema(name:a, type:string, comment:null), FieldSchema(name:b, type:string, comment:null)], location:null, inputFormat:org.apache.hadoop.mapred.TextInputFormat, outputFormat:org.apache.hadoop.hive.ql.io.HiveIgnoreKeyTextOutputFormat, compressed:false, numBuckets:-1, serdeInfo:SerDeInfo(name:null, serializationLib:org.apache.hadoop.hive.serde2.lazy.LazySimpleSerDe, parameters:{serialization.format=1}), bucketCols:[], sortCols:[], parameters:{}, skewedInfo:SkewedInfo(skewedColNames:[], skewedColValues:[], skewedColValueLocationMaps:{}), storedAsSubDirectories:false), partitionKeys:[], parameters:{totalSize=0, numRows=0, rawDataSize=0, COLUMN_STATS_ACCURATE={"BASIC_STATS":"true","COLUMN_STATS":{"a":"true","b":"true"}}, numFiles=0, bucketing_version=2, numFilesErasureCoded=0}, viewOriginalText:null, viewExpandedText:null, tableType:MANAGED_TABLE, privileges:PrincipalPrivilegeSet(userPrivileges:{alex=[PrivilegeGrantInfo(privilege:INSERT, createTime:-1, grantor:alex, grantorType:USER, grantOption:true), PrivilegeGrantInfo(privilege:SELECT, createTime:-1, grantor:alex, grantorType:USER, grantOption:true), PrivilegeGrantInfo(privilege:UPDATE, createTime:-1, grantor:alex, grantorType:USER, grantOption:true), PrivilegeGrantInfo(privilege:DELETE, createTime:-1, grantor:alex, grantorType:USER, grantOption:true)]}, groupPrivileges:null, rolePrivileges:null), temporary:false, catName:hive, ownerType:USER)	
2024-05-01T00:31:53,585  INFO [HiveServer2-Background-Pool: Thread-674] metastore.HMSHandler: 32: Opening raw store with implementation class:org.apache.hadoop.hive.metastore.ObjectStore
2024-05-01T00:31:53,585  INFO [HiveServer2-Background-Pool: Thread-674] metastore.ObjectStore: RawStore: org.apache.hadoop.hive.metastore.ObjectStore@3d55969f, with PersistenceManager: null will be shutdown
2024-05-01T00:31:53,586  INFO [HiveServer2-Background-Pool: Thread-674] metastore.ObjectStore: RawStore: org.apache.hadoop.hive.metastore.ObjectStore@3d55969f, with PersistenceManager: org.datanucleus.api.jdo.JDOPersistenceManager@34972ed0 created in the thread with id: 674
2024-05-01T00:31:53,588  INFO [HiveServer2-Background-Pool: Thread-674] metastore.HMSHandler: Created RawStore: org.apache.hadoop.hive.metastore.ObjectStore@3d55969f from thread id: 674
2024-05-01T00:31:53,590  INFO [HiveServer2-Background-Pool: Thread-674] utils.FileUtils: Creating directory if it doesn't exist: file:/home/alex/Repositories/hive/beeline/target/tmp/warehouse/test.db/testtbl
2024-05-01T00:31:53,609  INFO [HiveServer2-Background-Pool: Thread-674] metadata.Hive: Dumping metastore api call timing information for : execution phase
2024-05-01T00:31:53,609  INFO [HiveServer2-Background-Pool: Thread-674] metadata.Hive: Total time spent in each metastore function (ms): {isCompatibleWith_(Configuration)=0, createTable_(Table)=25}
2024-05-01T00:31:53,609  INFO [HiveServer2-Background-Pool: Thread-674] ql.Driver: Completed executing command(queryId=alex_20240501003153_eeaca5f4-5a91-46a5-875e-0707c47ccfec); Time taken: 0.027 seconds
2024-05-01T00:31:53,610  INFO [HiveServer2-Background-Pool: Thread-674] common.LogUtils: Unregistered logging context.
2024-05-01T00:31:53,611  INFO [7467622d-2e02-4a07-9bb8-b823b42581eb main] operation.OperationManager: Closing operation: OperationHandle [opType=EXECUTE_STATEMENT, getHandleIdentifier()=4ef79ed6-1478-4bfc-b916-726ebff6a024]
2024-05-01T00:31:53,611  INFO [7467622d-2e02-4a07-9bb8-b823b42581eb main] operation.OperationManager: Removed queryId: alex_20240501003153_eeaca5f4-5a91-46a5-875e-0707c47ccfec corresponding to operation: OperationHandle [opType=EXECUTE_STATEMENT, getHandleIdentifier()=4ef79ed6-1478-4bfc-b916-726ebff6a024] with tag: null
2024-05-01T00:31:53,611  INFO [7467622d-2e02-4a07-9bb8-b823b42581eb main] operation.SQLOperation: Closing operation log /home/alex/Repositories/hive/beeline/target/tmp/alex/operation_logs/7467622d-2e02-4a07-9bb8-b823b42581eb/alex_20240501003153_eeaca5f4-5a91-46a5-875e-0707c47ccfec without delay
2024-05-01T00:31:53,616  INFO [7467622d-2e02-4a07-9bb8-b823b42581eb main] session.HiveSessionImpl: executing set hive.cli.print.header=true
2024-05-01T00:31:53,617  INFO [7467622d-2e02-4a07-9bb8-b823b42581eb main] operation.HiveCommandOperation: Putting temp output to file /home/alex/Repositories/hive/beeline/target/tmp/alex/7467622d-2e02-4a07-9bb8-b823b42581eb5443115544049654256.pipeout and error output to file /home/alex/Repositories/hive/beeline/target/tmp/alex/7467622d-2e02-4a07-9bb8-b823b42581eb4874375084103047972.pipeout
2024-05-01T00:31:53,617  INFO [7467622d-2e02-4a07-9bb8-b823b42581eb main] operation.OperationManager: Adding operation: OperationHandle [opType=EXECUTE_STATEMENT, getHandleIdentifier()=1099f18a-9842-48f0-ad52-001178282242] SessionHandle [7467622d-2e02-4a07-9bb8-b823b42581eb]
2024-05-01T00:31:53,617  INFO [7467622d-2e02-4a07-9bb8-b823b42581eb main] common.LogUtils: Thread context registration is done.
DEBUG StatusLogger Building Plugin[name=filter, class=org.apache.hadoop.hive.ql.log.LogDivertAppender$NameFilter].
DEBUG StatusLogger createFilter(loggingLevel="EXECUTION")
DEBUG StatusLogger Building Plugin[name=layout, class=org.apache.logging.log4j.core.layout.PatternLayout].
DEBUG StatusLogger PatternLayout$Builder(pattern="%-5p : %m%n", PatternSelector=null, Configuration(HiveLog4j2Test), Replace=null, charset="null", alwaysWriteExceptions="null", disableAnsi="null", noConsoleNoAnsi="null", header="null", footer="null")
DEBUG StatusLogger Building Plugin[name=appender, class=org.apache.hadoop.hive.ql.log.HushableRandomAccessFileAppender].
DEBUG StatusLogger createAppender(fileName="/home/alex/Repositories/hive/beeline/target/tmp/alex/operation_logs/7467622d-2e02-4a07-9bb8-b823b42581eb/alex_20240501003153_e700ed59-91c2-4c1b-9f0f-892a4bf98b6d", append="null", name="query-file-appender", immediateFlush="null", bufferSize="null", ignoreExceptions="null", PatternLayout(org.apache.logging.log4j.core.layout.PatternLayout with name PatternLayout), NameFilter(org.apache.hadoop.hive.ql.log.LogDivertAppender$NameFilter with name NameFilter), advertise="null", advertiseURI="null", Configuration(HiveLog4j2Test))
DEBUG StatusLogger Starting RandomAccessFileManager /home/alex/Repositories/hive/beeline/target/tmp/alex/operation_logs/7467622d-2e02-4a07-9bb8-b823b42581eb/alex_20240501003153_e700ed59-91c2-4c1b-9f0f-892a4bf98b6d
DEBUG StatusLogger Building Plugin[name=, class=org.apache.hadoop.hive.ql.log.LogDivertAppenderForTest$TestFilter].
DEBUG StatusLogger createFilter()
DEBUG StatusLogger Building Plugin[name=, class=org.apache.logging.log4j.core.layout.PatternLayout].
DEBUG StatusLogger PatternLayout$Builder(pattern="%-5p : %m%n", PatternSelector=null, Configuration(HiveLog4j2Test), Replace=null, charset="null", alwaysWriteExceptions="null", disableAnsi="null", noConsoleNoAnsi="null", header="null", footer="null")
DEBUG StatusLogger Building Plugin[name=appender, class=org.apache.hadoop.hive.ql.log.HushableRandomAccessFileAppender].
DEBUG StatusLogger createAppender(fileName="/home/alex/Repositories/hive/beeline/target/tmp/alex/operation_logs/7467622d-2e02-4a07-9bb8-b823b42581eb/alex_20240501003153_e700ed59-91c2-4c1b-9f0f-892a4bf98b6d.test", append="null", name="test-query-file-appender", immediateFlush="null", bufferSize="null", ignoreExceptions="null", PatternLayout(org.apache.logging.log4j.core.layout.PatternLayout with name PatternLayout), test-filter(org.apache.hadoop.hive.ql.log.LogDivertAppenderForTest$TestFilter with name test-filter), advertise="null", advertiseURI="null", Configuration(HiveLog4j2Test))
DEBUG StatusLogger Starting RandomAccessFileManager /home/alex/Repositories/hive/beeline/target/tmp/alex/operation_logs/7467622d-2e02-4a07-9bb8-b823b42581eb/alex_20240501003153_e700ed59-91c2-4c1b-9f0f-892a4bf98b6d.test
2024-05-01T00:31:53,622  INFO [7467622d-2e02-4a07-9bb8-b823b42581eb main] operation.HiveCommandOperation: [opType=EXECUTE_STATEMENT, queryId=alex_20240501003153_e700ed59-91c2-4c1b-9f0f-892a4bf98b6d, startTime=1714548713616, sessionId=7467622d-2e02-4a07-9bb8-b823b42581eb, createTime=1714548713394, userName=null, ipAddress=null]
2024-05-01T00:31:53,622  INFO [7467622d-2e02-4a07-9bb8-b823b42581eb main] common.LogUtils: Unregistered logging context.
2024-05-01T00:31:53,625  INFO [7467622d-2e02-4a07-9bb8-b823b42581eb main] operation.OperationManager: Closing operation: OperationHandle [opType=EXECUTE_STATEMENT, getHandleIdentifier()=1099f18a-9842-48f0-ad52-001178282242]
2024-05-01T00:31:53,625  INFO [7467622d-2e02-4a07-9bb8-b823b42581eb main] operation.OperationManager: Removed queryId: alex_20240501003153_e700ed59-91c2-4c1b-9f0f-892a4bf98b6d corresponding to operation: OperationHandle [opType=EXECUTE_STATEMENT, getHandleIdentifier()=1099f18a-9842-48f0-ad52-001178282242] with tag: null
2024-05-01T00:31:53,625  INFO [7467622d-2e02-4a07-9bb8-b823b42581eb main] operation.HiveCommandOperation: Closing operation log /home/alex/Repositories/hive/beeline/target/tmp/alex/operation_logs/7467622d-2e02-4a07-9bb8-b823b42581eb/alex_20240501003153_e700ed59-91c2-4c1b-9f0f-892a4bf98b6d without delay
2024-05-01T00:31:53,677  WARN [main] conf.HiveConf: HiveConf of name hive.dummyparam.test.server.specific.config.override does not exist
2024-05-01T00:31:53,678  WARN [main] conf.HiveConf: HiveConf of name hive.dummyparam.test.server.specific.config.hiveserver2site does not exist
2024-05-01T00:31:53,678  WARN [main] conf.HiveConf: HiveConf of name hive.dummyparam.test.server.specific.config.metastoresite does not exist
2024-05-01T00:31:53,678  INFO [7467622d-2e02-4a07-9bb8-b823b42581eb main] session.HiveSessionImpl: executing set
2024-05-01T00:31:53,679  INFO [7467622d-2e02-4a07-9bb8-b823b42581eb main] operation.HiveCommandOperation: Putting temp output to file /home/alex/Repositories/hive/beeline/target/tmp/alex/7467622d-2e02-4a07-9bb8-b823b42581eb5443115544049654256.pipeout and error output to file /home/alex/Repositories/hive/beeline/target/tmp/alex/7467622d-2e02-4a07-9bb8-b823b42581eb4874375084103047972.pipeout
2024-05-01T00:31:53,679  INFO [7467622d-2e02-4a07-9bb8-b823b42581eb main] operation.OperationManager: Adding operation: OperationHandle [opType=EXECUTE_STATEMENT, getHandleIdentifier()=646b60c0-b37d-4584-8b67-9c35ac239b65] SessionHandle [7467622d-2e02-4a07-9bb8-b823b42581eb]
2024-05-01T00:31:53,679  INFO [7467622d-2e02-4a07-9bb8-b823b42581eb main] common.LogUtils: Thread context registration is done.
DEBUG StatusLogger Building Plugin[name=filter, class=org.apache.hadoop.hive.ql.log.LogDivertAppender$NameFilter].
DEBUG StatusLogger createFilter(loggingLevel="EXECUTION")
DEBUG StatusLogger Building Plugin[name=layout, class=org.apache.logging.log4j.core.layout.PatternLayout].
DEBUG StatusLogger PatternLayout$Builder(pattern="%-5p : %m%n", PatternSelector=null, Configuration(HiveLog4j2Test), Replace=null, charset="null", alwaysWriteExceptions="null", disableAnsi="null", noConsoleNoAnsi="null", header="null", footer="null")
DEBUG StatusLogger Building Plugin[name=appender, class=org.apache.hadoop.hive.ql.log.HushableRandomAccessFileAppender].
DEBUG StatusLogger createAppender(fileName="/home/alex/Repositories/hive/beeline/target/tmp/alex/operation_logs/7467622d-2e02-4a07-9bb8-b823b42581eb/alex_20240501003153_7f9dc142-b935-4df4-8130-65a504923dae", append="null", name="query-file-appender", immediateFlush="null", bufferSize="null", ignoreExceptions="null", PatternLayout(org.apache.logging.log4j.core.layout.PatternLayout with name PatternLayout), NameFilter(org.apache.hadoop.hive.ql.log.LogDivertAppender$NameFilter with name NameFilter), advertise="null", advertiseURI="null", Configuration(HiveLog4j2Test))
DEBUG StatusLogger Starting RandomAccessFileManager /home/alex/Repositories/hive/beeline/target/tmp/alex/operation_logs/7467622d-2e02-4a07-9bb8-b823b42581eb/alex_20240501003153_7f9dc142-b935-4df4-8130-65a504923dae
DEBUG StatusLogger Building Plugin[name=, class=org.apache.hadoop.hive.ql.log.LogDivertAppenderForTest$TestFilter].
DEBUG StatusLogger createFilter()
DEBUG StatusLogger Building Plugin[name=, class=org.apache.logging.log4j.core.layout.PatternLayout].
DEBUG StatusLogger PatternLayout$Builder(pattern="%-5p : %m%n", PatternSelector=null, Configuration(HiveLog4j2Test), Replace=null, charset="null", alwaysWriteExceptions="null", disableAnsi="null", noConsoleNoAnsi="null", header="null", footer="null")
DEBUG StatusLogger Building Plugin[name=appender, class=org.apache.hadoop.hive.ql.log.HushableRandomAccessFileAppender].
DEBUG StatusLogger createAppender(fileName="/home/alex/Repositories/hive/beeline/target/tmp/alex/operation_logs/7467622d-2e02-4a07-9bb8-b823b42581eb/alex_20240501003153_7f9dc142-b935-4df4-8130-65a504923dae.test", append="null", name="test-query-file-appender", immediateFlush="null", bufferSize="null", ignoreExceptions="null", PatternLayout(org.apache.logging.log4j.core.layout.PatternLayout with name PatternLayout), test-filter(org.apache.hadoop.hive.ql.log.LogDivertAppenderForTest$TestFilter with name test-filter), advertise="null", advertiseURI="null", Configuration(HiveLog4j2Test))
DEBUG StatusLogger Starting RandomAccessFileManager /home/alex/Repositories/hive/beeline/target/tmp/alex/operation_logs/7467622d-2e02-4a07-9bb8-b823b42581eb/alex_20240501003153_7f9dc142-b935-4df4-8130-65a504923dae.test
2024-05-01T00:31:53,682  INFO [7467622d-2e02-4a07-9bb8-b823b42581eb main] operation.HiveCommandOperation: [opType=EXECUTE_STATEMENT, queryId=alex_20240501003153_7f9dc142-b935-4df4-8130-65a504923dae, startTime=1714548713678, sessionId=7467622d-2e02-4a07-9bb8-b823b42581eb, createTime=1714548713394, userName=null, ipAddress=null]
2024-05-01T00:31:53,690  INFO [7467622d-2e02-4a07-9bb8-b823b42581eb main] common.LogUtils: Unregistered logging context.
2024-05-01T00:31:53,692  INFO [7467622d-2e02-4a07-9bb8-b823b42581eb main] operation.OperationManager: Closing operation: OperationHandle [opType=EXECUTE_STATEMENT, getHandleIdentifier()=646b60c0-b37d-4584-8b67-9c35ac239b65]
2024-05-01T00:31:53,692  INFO [7467622d-2e02-4a07-9bb8-b823b42581eb main] operation.OperationManager: Removed queryId: alex_20240501003153_7f9dc142-b935-4df4-8130-65a504923dae corresponding to operation: OperationHandle [opType=EXECUTE_STATEMENT, getHandleIdentifier()=646b60c0-b37d-4584-8b67-9c35ac239b65] with tag: null
2024-05-01T00:31:53,693  INFO [7467622d-2e02-4a07-9bb8-b823b42581eb main] operation.HiveCommandOperation: Closing operation log /home/alex/Repositories/hive/beeline/target/tmp/alex/operation_logs/7467622d-2e02-4a07-9bb8-b823b42581eb/alex_20240501003153_7f9dc142-b935-4df4-8130-65a504923dae without delay
2024-05-01T00:31:53,699  INFO [7467622d-2e02-4a07-9bb8-b823b42581eb main] session.HiveSessionImpl: executing select * from test.testTbl
2024-05-01T00:31:53,699  INFO [7467622d-2e02-4a07-9bb8-b823b42581eb main] operation.OperationManager: Adding operation: OperationHandle [opType=EXECUTE_STATEMENT, getHandleIdentifier()=e1f7fe76-5509-4d69-80c3-d7e288e9c252] SessionHandle [7467622d-2e02-4a07-9bb8-b823b42581eb]
2024-05-01T00:31:53,700  INFO [7467622d-2e02-4a07-9bb8-b823b42581eb main] common.LogUtils: Thread context registration is done.
DEBUG StatusLogger Building Plugin[name=filter, class=org.apache.hadoop.hive.ql.log.LogDivertAppender$NameFilter].
DEBUG StatusLogger createFilter(loggingLevel="EXECUTION")
DEBUG StatusLogger Building Plugin[name=layout, class=org.apache.logging.log4j.core.layout.PatternLayout].
DEBUG StatusLogger PatternLayout$Builder(pattern="%-5p : %m%n", PatternSelector=null, Configuration(HiveLog4j2Test), Replace=null, charset="null", alwaysWriteExceptions="null", disableAnsi="null", noConsoleNoAnsi="null", header="null", footer="null")
DEBUG StatusLogger Building Plugin[name=appender, class=org.apache.hadoop.hive.ql.log.HushableRandomAccessFileAppender].
DEBUG StatusLogger createAppender(fileName="/home/alex/Repositories/hive/beeline/target/tmp/alex/operation_logs/7467622d-2e02-4a07-9bb8-b823b42581eb/alex_20240501003153_b0cc6377-cde0-46b2-bc3a-0d42d3438819", append="null", name="query-file-appender", immediateFlush="null", bufferSize="null", ignoreExceptions="null", PatternLayout(org.apache.logging.log4j.core.layout.PatternLayout with name PatternLayout), NameFilter(org.apache.hadoop.hive.ql.log.LogDivertAppender$NameFilter with name NameFilter), advertise="null", advertiseURI="null", Configuration(HiveLog4j2Test))
DEBUG StatusLogger Starting RandomAccessFileManager /home/alex/Repositories/hive/beeline/target/tmp/alex/operation_logs/7467622d-2e02-4a07-9bb8-b823b42581eb/alex_20240501003153_b0cc6377-cde0-46b2-bc3a-0d42d3438819
DEBUG StatusLogger Building Plugin[name=, class=org.apache.hadoop.hive.ql.log.LogDivertAppenderForTest$TestFilter].
DEBUG StatusLogger createFilter()
DEBUG StatusLogger Building Plugin[name=, class=org.apache.logging.log4j.core.layout.PatternLayout].
DEBUG StatusLogger PatternLayout$Builder(pattern="%-5p : %m%n", PatternSelector=null, Configuration(HiveLog4j2Test), Replace=null, charset="null", alwaysWriteExceptions="null", disableAnsi="null", noConsoleNoAnsi="null", header="null", footer="null")
DEBUG StatusLogger Building Plugin[name=appender, class=org.apache.hadoop.hive.ql.log.HushableRandomAccessFileAppender].
DEBUG StatusLogger createAppender(fileName="/home/alex/Repositories/hive/beeline/target/tmp/alex/operation_logs/7467622d-2e02-4a07-9bb8-b823b42581eb/alex_20240501003153_b0cc6377-cde0-46b2-bc3a-0d42d3438819.test", append="null", name="test-query-file-appender", immediateFlush="null", bufferSize="null", ignoreExceptions="null", PatternLayout(org.apache.logging.log4j.core.layout.PatternLayout with name PatternLayout), test-filter(org.apache.hadoop.hive.ql.log.LogDivertAppenderForTest$TestFilter with name test-filter), advertise="null", advertiseURI="null", Configuration(HiveLog4j2Test))
DEBUG StatusLogger Starting RandomAccessFileManager /home/alex/Repositories/hive/beeline/target/tmp/alex/operation_logs/7467622d-2e02-4a07-9bb8-b823b42581eb/alex_20240501003153_b0cc6377-cde0-46b2-bc3a-0d42d3438819.test
2024-05-01T00:31:53,702  INFO [7467622d-2e02-4a07-9bb8-b823b42581eb main] operation.SQLOperation: [opType=EXECUTE_STATEMENT, queryId=alex_20240501003153_b0cc6377-cde0-46b2-bc3a-0d42d3438819, startTime=1714548713699, sessionId=7467622d-2e02-4a07-9bb8-b823b42581eb, createTime=1714548713394, userName=null, ipAddress=null]
2024-05-01T00:31:53,703  INFO [7467622d-2e02-4a07-9bb8-b823b42581eb main] ql.Driver: Compiling command(queryId=alex_20240501003153_b0cc6377-cde0-46b2-bc3a-0d42d3438819): select * from test.testTbl
2024-05-01T00:31:53,705  INFO [7467622d-2e02-4a07-9bb8-b823b42581eb main] parse.CalcitePlanner: Starting caching scope for: alex_20240501003153_b0cc6377-cde0-46b2-bc3a-0d42d3438819
2024-05-01T00:31:53,705  INFO [7467622d-2e02-4a07-9bb8-b823b42581eb main] parse.CalcitePlanner: Starting Semantic Analysis
2024-05-01T00:31:53,709  INFO [7467622d-2e02-4a07-9bb8-b823b42581eb main] parse.CalcitePlanner: Completed phase 1 of Semantic Analysis
2024-05-01T00:31:53,709  INFO [7467622d-2e02-4a07-9bb8-b823b42581eb main] parse.CalcitePlanner: Get metadata for source tables
2024-05-01T00:31:53,710  INFO [7467622d-2e02-4a07-9bb8-b823b42581eb main] HiveMetaStore.audit: ugi=alex	ip=unknown-ip-addr	cmd=get_table : tbl=hive.test.testtbl	
2024-05-01T00:31:53,722  INFO [7467622d-2e02-4a07-9bb8-b823b42581eb main] parse.CalcitePlanner: Get metadata for subqueries
2024-05-01T00:31:53,722  INFO [7467622d-2e02-4a07-9bb8-b823b42581eb main] parse.CalcitePlanner: Get metadata for destination tables
2024-05-01T00:31:53,728  INFO [7467622d-2e02-4a07-9bb8-b823b42581eb main] parse.CalcitePlanner: Completed getting MetaData in Semantic Analysis
2024-05-01T00:31:55,058  INFO [7467622d-2e02-4a07-9bb8-b823b42581eb main] HiveMetaStore.audit: ugi=alex	ip=unknown-ip-addr	cmd=get_all_table_constraints : tbl=hive.test.testtbl	
2024-05-01T00:31:55,647  INFO [7467622d-2e02-4a07-9bb8-b823b42581eb main] calcite.RelOptHiveTable: Calculating column statistics for test.testtbl, projIndxSet: [0, 1], allowMissingStats: true
2024-05-01T00:31:55,665  INFO [7467622d-2e02-4a07-9bb8-b823b42581eb main] HiveMetaStore.audit: ugi=alex	ip=unknown-ip-addr	cmd=get_table_statistics_req: table=hive.test.testtbl	
2024-05-01T00:31:55,684  WARN [7467622d-2e02-4a07-9bb8-b823b42581eb main] calcite.RelOptHiveTable: No Stats for test@testtbl, Columns: a, b
2024-05-01T00:31:55,684  INFO [7467622d-2e02-4a07-9bb8-b823b42581eb main] SessionState: No Stats for test@testtbl, Columns: a, b
2024-05-01T00:31:55,810  INFO [7467622d-2e02-4a07-9bb8-b823b42581eb main] parse.CalcitePlanner: Get metadata for source tables
2024-05-01T00:31:55,811  INFO [7467622d-2e02-4a07-9bb8-b823b42581eb main] parse.CalcitePlanner: Get metadata for subqueries
2024-05-01T00:31:55,811  INFO [7467622d-2e02-4a07-9bb8-b823b42581eb main] parse.CalcitePlanner: Get metadata for destination tables
2024-05-01T00:31:55,842  INFO [7467622d-2e02-4a07-9bb8-b823b42581eb main] common.FileUtils: Creating directory if it doesn't exist: file:/home/alex/Repositories/hive/beeline/target/tmp/alex/7467622d-2e02-4a07-9bb8-b823b42581eb/hive_2024-05-01_00-31-53_703_879511457541103995-1/-mr-10001/.hive-staging_hive_2024-05-01_00-31-53_703_879511457541103995-1
2024-05-01T00:31:55,866  INFO [7467622d-2e02-4a07-9bb8-b823b42581eb main] parse.CalcitePlanner: CBO Succeeded; optimized logical plan.
2024-05-01T00:31:55,966  INFO [7467622d-2e02-4a07-9bb8-b823b42581eb main] optimizer.BucketVersionPopulator: not considering bucketingVersion for: TS[0] because it has -1<2 buckets 
2024-05-01T00:31:55,993  INFO [7467622d-2e02-4a07-9bb8-b823b42581eb main] parse.CalcitePlanner: Completed plan generation
2024-05-01T00:31:55,993  INFO [7467622d-2e02-4a07-9bb8-b823b42581eb main] parse.CalcitePlanner: Ending caching scope for: alex_20240501003153_b0cc6377-cde0-46b2-bc3a-0d42d3438819
2024-05-01T00:31:55,993  INFO [7467622d-2e02-4a07-9bb8-b823b42581eb main] ql.Driver: Semantic Analysis Completed (retrial = false)
2024-05-01T00:31:55,993  INFO [7467622d-2e02-4a07-9bb8-b823b42581eb main] ql.Driver: Created Hive schema: Schema(fieldSchemas:[FieldSchema(name:testtbl.a, type:string, comment:null), FieldSchema(name:testtbl.b, type:string, comment:null)], properties:null)
2024-05-01T00:31:55,998  INFO [7467622d-2e02-4a07-9bb8-b823b42581eb main] exec.TableScanOperator: Initializing Operator: TS[0]
2024-05-01T00:31:55,998  INFO [7467622d-2e02-4a07-9bb8-b823b42581eb main] exec.SelectOperator: Initializing Operator: SEL[1]
2024-05-01T00:31:56,006  INFO [7467622d-2e02-4a07-9bb8-b823b42581eb main] exec.SelectOperator: SELECT struct<a:string,b:string>
2024-05-01T00:31:56,006  INFO [7467622d-2e02-4a07-9bb8-b823b42581eb main] exec.ListSinkOperator: Initializing Operator: LIST_SINK[3]
2024-05-01T00:31:56,006  INFO [7467622d-2e02-4a07-9bb8-b823b42581eb main] metadata.Hive: Dumping metastore api call timing information for : compilation phase
2024-05-01T00:31:56,006  INFO [7467622d-2e02-4a07-9bb8-b823b42581eb main] metadata.Hive: Total time spent in each metastore function (ms): {getTableColumnStatistics_(String, String, List, String)=16, isCompatibleWith_(Configuration)=0, getAllTableConstraints_(AllTableConstraintsRequest)=83, getTable_(GetTableRequest)=10, flushCache_()=0}
2024-05-01T00:31:56,006  INFO [7467622d-2e02-4a07-9bb8-b823b42581eb main] ql.Driver: Completed compiling command(queryId=alex_20240501003153_b0cc6377-cde0-46b2-bc3a-0d42d3438819); Time taken: 2.303 seconds
2024-05-01T00:31:56,007  INFO [7467622d-2e02-4a07-9bb8-b823b42581eb main] common.LogUtils: Unregistered logging context.
2024-05-01T00:31:56,007  INFO [HiveServer2-Background-Pool: Thread-682] common.LogUtils: Thread context registration is done.
2024-05-01T00:31:56,007  INFO [HiveServer2-Background-Pool: Thread-682] reexec.ReExecDriver: Execution #1 of query
2024-05-01T00:31:56,008  INFO [HiveServer2-Background-Pool: Thread-682] ql.Driver: Concurrency mode is disabled, not creating a lock manager
2024-05-01T00:31:56,008  INFO [HiveServer2-Background-Pool: Thread-682] ql.Driver: Executing command(queryId=alex_20240501003153_b0cc6377-cde0-46b2-bc3a-0d42d3438819): select * from test.testTbl
2024-05-01T00:31:56,009  INFO [HiveServer2-Background-Pool: Thread-682] metadata.Hive: Dumping metastore api call timing information for : execution phase
2024-05-01T00:31:56,009  INFO [HiveServer2-Background-Pool: Thread-682] metadata.Hive: Total time spent in each metastore function (ms): {}
2024-05-01T00:31:56,009  INFO [HiveServer2-Background-Pool: Thread-682] ql.Driver: Completed executing command(queryId=alex_20240501003153_b0cc6377-cde0-46b2-bc3a-0d42d3438819); Time taken: 0.001 seconds
2024-05-01T00:31:56,010  INFO [HiveServer2-Background-Pool: Thread-682] common.LogUtils: Unregistered logging context.
2024-05-01T00:31:56,011  INFO [7467622d-2e02-4a07-9bb8-b823b42581eb main] operation.OperationManager: Closing operation: OperationHandle [opType=EXECUTE_STATEMENT, getHandleIdentifier()=e1f7fe76-5509-4d69-80c3-d7e288e9c252]
2024-05-01T00:31:56,011  INFO [7467622d-2e02-4a07-9bb8-b823b42581eb main] operation.OperationManager: Removed queryId: alex_20240501003153_b0cc6377-cde0-46b2-bc3a-0d42d3438819 corresponding to operation: OperationHandle [opType=EXECUTE_STATEMENT, getHandleIdentifier()=e1f7fe76-5509-4d69-80c3-d7e288e9c252] with tag: null
2024-05-01T00:31:56,011  INFO [7467622d-2e02-4a07-9bb8-b823b42581eb main] ql.Context: Deleting scratch dir: file:/home/alex/Repositories/hive/beeline/target/tmp/alex/7467622d-2e02-4a07-9bb8-b823b42581eb/hive_2024-05-01_00-31-53_703_879511457541103995-1
2024-05-01T00:31:56,012  INFO [EventualCleanupService thread 0] cleanup.EventualCleanupService: Deleted file:/home/alex/Repositories/hive/beeline/target/tmp/alex/7467622d-2e02-4a07-9bb8-b823b42581eb/hive_2024-05-01_00-31-53_703_879511457541103995-1
2024-05-01T00:31:56,012  INFO [7467622d-2e02-4a07-9bb8-b823b42581eb main] cleanup.EventualCleanupService: Delete file:/home/alex/Repositories/hive/beeline/target/tmp/alex/7467622d-2e02-4a07-9bb8-b823b42581eb/hive_2024-05-01_00-31-53_703_879511457541103995-1 operation was queued
2024-05-01T00:31:56,012  INFO [7467622d-2e02-4a07-9bb8-b823b42581eb main] exec.TableScanOperator: Closing Operator: TS[0]
2024-05-01T00:31:56,012  INFO [7467622d-2e02-4a07-9bb8-b823b42581eb main] exec.TableScanOperator: RECORDS_OUT_INTERMEDIATE:0, RECORDS_OUT_OPERATOR_TS_0:0, 
2024-05-01T00:31:56,012  INFO [7467622d-2e02-4a07-9bb8-b823b42581eb main] exec.SelectOperator: Closing Operator: SEL[1]
2024-05-01T00:31:56,012  INFO [7467622d-2e02-4a07-9bb8-b823b42581eb main] exec.SelectOperator: RECORDS_OUT_INTERMEDIATE:0, RECORDS_OUT_OPERATOR_SEL_1:0, 
2024-05-01T00:31:56,012  INFO [7467622d-2e02-4a07-9bb8-b823b42581eb main] exec.ListSinkOperator: Closing Operator: LIST_SINK[3]
2024-05-01T00:31:56,012  INFO [7467622d-2e02-4a07-9bb8-b823b42581eb main] exec.ListSinkOperator: RECORDS_OUT_INTERMEDIATE:0, RECORDS_OUT_OPERATOR_LIST_SINK_3:0, 
2024-05-01T00:31:56,012  INFO [7467622d-2e02-4a07-9bb8-b823b42581eb main] operation.SQLOperation: Closing operation log /home/alex/Repositories/hive/beeline/target/tmp/alex/operation_logs/7467622d-2e02-4a07-9bb8-b823b42581eb/alex_20240501003153_b0cc6377-cde0-46b2-bc3a-0d42d3438819 without delay
2024-05-01T00:31:56,024  INFO [main] service.CompositeService: Session closed, SessionHandle [7467622d-2e02-4a07-9bb8-b823b42581eb], current sessions:0
2024-05-01T00:31:56,025  INFO [7467622d-2e02-4a07-9bb8-b823b42581eb main] session.HiveSessionImpl: Operation log session directory is deleted: /home/alex/Repositories/hive/beeline/target/tmp/alex/operation_logs/7467622d-2e02-4a07-9bb8-b823b42581eb
2024-05-01T00:31:56,025  INFO [main] cleanup.EventualCleanupService: Delete /tmp/hive/alex/7467622d-2e02-4a07-9bb8-b823b42581eb operation was queued
2024-05-01T00:31:56,025  INFO [main] cleanup.EventualCleanupService: Delete /home/alex/Repositories/hive/beeline/target/tmp/alex/7467622d-2e02-4a07-9bb8-b823b42581eb operation was queued
2024-05-01T00:31:56,026  INFO [EventualCleanupService thread 2] cleanup.EventualCleanupService: Deleted /home/alex/Repositories/hive/beeline/target/tmp/alex/7467622d-2e02-4a07-9bb8-b823b42581eb
2024-05-01T00:31:56,026  INFO [EventualCleanupService thread 1] cleanup.EventualCleanupService: Deleted /tmp/hive/alex/7467622d-2e02-4a07-9bb8-b823b42581eb
2024-05-01T00:31:56,027  INFO [main] HiveMetaStore.audit: ugi=alex	ip=unknown-ip-addr	cmd=Cleaning up thread local RawStore...	
2024-05-01T00:31:56,027  INFO [main] metastore.ObjectStore: RawStore: org.apache.hadoop.hive.metastore.ObjectStore@438c0aaf, with PersistenceManager: org.datanucleus.api.jdo.JDOPersistenceManager@7577589 will be shutdown
2024-05-01T00:31:56,027  INFO [main] HiveMetaStore.audit: ugi=alex	ip=unknown-ip-addr	cmd=Done cleaning up thread local RawStore	
2024-05-01T00:31:56,027  INFO [main] metastore.HiveMetaStoreClient: Closed a connection to metastore, current connections: -43
]]></system-err>
  </testcase>
  <testcase name="testInValidCmd" classname="org.apache.hive.beeline.cli.TestHiveCli" time="0.272"/>
  <testcase name="testSqlFromCmdWithEmbeddedQuotes" classname="org.apache.hive.beeline.cli.TestHiveCli" time="28.405">
    <failure type="java.lang.AssertionError"><![CDATA[java.lang.AssertionError: Supported return code is 0 while the actual is 1
	at org.junit.Assert.fail(Assert.java:89)
	at org.apache.hive.beeline.cli.TestHiveCli.executeCMD(TestHiveCli.java:256)
	at org.apache.hive.beeline.cli.TestHiveCli.verifyCMD(TestHiveCli.java:266)
	at org.apache.hive.beeline.cli.TestHiveCli.testSqlFromCmdWithEmbeddedQuotes(TestHiveCli.java:172)
	at sun.reflect.NativeMethodAccessorImpl.invoke0(Native Method)
	at sun.reflect.NativeMethodAccessorImpl.invoke(NativeMethodAccessorImpl.java:62)
	at sun.reflect.DelegatingMethodAccessorImpl.invoke(DelegatingMethodAccessorImpl.java:43)
	at java.lang.reflect.Method.invoke(Method.java:498)
	at org.junit.runners.model.FrameworkMethod$1.runReflectiveCall(FrameworkMethod.java:59)
	at org.junit.internal.runners.model.ReflectiveCallable.run(ReflectiveCallable.java:12)
	at org.junit.runners.model.FrameworkMethod.invokeExplosively(FrameworkMethod.java:56)
	at org.junit.internal.runners.statements.InvokeMethod.evaluate(InvokeMethod.java:17)
	at org.junit.internal.runners.statements.RunBefores.evaluate(RunBefores.java:26)
	at org.junit.internal.runners.statements.RunAfters.evaluate(RunAfters.java:27)
	at org.junit.runners.ParentRunner$3.evaluate(ParentRunner.java:306)
	at org.junit.runners.BlockJUnit4ClassRunner$1.evaluate(BlockJUnit4ClassRunner.java:100)
	at org.junit.runners.ParentRunner.runLeaf(ParentRunner.java:366)
	at org.junit.runners.BlockJUnit4ClassRunner.runChild(BlockJUnit4ClassRunner.java:103)
	at org.junit.runners.BlockJUnit4ClassRunner.runChild(BlockJUnit4ClassRunner.java:63)
	at org.junit.runners.ParentRunner$4.run(ParentRunner.java:331)
	at org.junit.runners.ParentRunner$1.schedule(ParentRunner.java:79)
	at org.junit.runners.ParentRunner.runChildren(ParentRunner.java:329)
	at org.junit.runners.ParentRunner.access$100(ParentRunner.java:66)
	at org.junit.runners.ParentRunner$2.evaluate(ParentRunner.java:293)
	at org.junit.internal.runners.statements.RunBefores.evaluate(RunBefores.java:26)
	at org.junit.runners.ParentRunner$3.evaluate(ParentRunner.java:306)
	at org.junit.runners.ParentRunner.run(ParentRunner.java:413)
	at org.junit.runner.JUnitCore.run(JUnitCore.java:137)
	at org.junit.runner.JUnitCore.run(JUnitCore.java:115)
	at org.junit.vintage.engine.execution.RunnerExecutor.execute(RunnerExecutor.java:43)
	at java.util.stream.ForEachOps$ForEachOp$OfRef.accept(ForEachOps.java:183)
	at java.util.stream.ReferencePipeline$3$1.accept(ReferencePipeline.java:193)
	at java.util.Iterator.forEachRemaining(Iterator.java:116)
	at java.util.Spliterators$IteratorSpliterator.forEachRemaining(Spliterators.java:1801)
	at java.util.stream.AbstractPipeline.copyInto(AbstractPipeline.java:482)
	at java.util.stream.AbstractPipeline.wrapAndCopyInto(AbstractPipeline.java:472)
	at java.util.stream.ForEachOps$ForEachOp.evaluateSequential(ForEachOps.java:150)
	at java.util.stream.ForEachOps$ForEachOp$OfRef.evaluateSequential(ForEachOps.java:173)
	at java.util.stream.AbstractPipeline.evaluate(AbstractPipeline.java:234)
	at java.util.stream.ReferencePipeline.forEach(ReferencePipeline.java:485)
	at org.junit.vintage.engine.VintageTestEngine.executeAllChildren(VintageTestEngine.java:82)
	at org.junit.vintage.engine.VintageTestEngine.execute(VintageTestEngine.java:73)
	at org.junit.platform.launcher.core.DefaultLauncher.execute(DefaultLauncher.java:248)
	at org.junit.platform.launcher.core.DefaultLauncher.lambda$execute$5(DefaultLauncher.java:211)
	at org.junit.platform.launcher.core.DefaultLauncher.withInterceptedStreams(DefaultLauncher.java:226)
	at org.junit.platform.launcher.core.DefaultLauncher.execute(DefaultLauncher.java:199)
	at org.junit.platform.launcher.core.DefaultLauncher.execute(DefaultLauncher.java:132)
	at org.apache.maven.surefire.junitplatform.JUnitPlatformProvider.invokeAllTests(JUnitPlatformProvider.java:154)
	at org.apache.maven.surefire.junitplatform.JUnitPlatformProvider.invoke(JUnitPlatformProvider.java:123)
	at org.apache.maven.surefire.booter.ForkedBooter.runSuitesInProcess(ForkedBooter.java:377)
	at org.apache.maven.surefire.booter.ForkedBooter.execute(ForkedBooter.java:138)
	at org.apache.maven.surefire.booter.ForkedBooter.run(ForkedBooter.java:465)
	at org.apache.maven.surefire.booter.ForkedBooter.main(ForkedBooter.java:451)
]]></failure>
    <system-err><![CDATA[2024-05-01T00:31:56,301 ERROR [main] cli.TestHiveCli: Failed to execute command due to the error: java.lang.NullPointerException: Null output stream
2024-05-01T00:31:56,349  WARN [main] conf.HiveConf: HiveConf of name hive.dummyparam.test.server.specific.config.override does not exist
2024-05-01T00:31:56,350  WARN [main] conf.HiveConf: HiveConf of name hive.dummyparam.test.server.specific.config.hiveserver2site does not exist
2024-05-01T00:31:56,350  WARN [main] conf.HiveConf: HiveConf of name hive.dummyparam.test.server.specific.config.metastoresite does not exist
2024-05-01T00:31:56,350  INFO [main] SessionState: Hive Session ID = a984f42b-ba6a-43bd-ba78-2ca1268720a2
2024-05-01T00:31:56,351  INFO [main] DependencyResolver: ivysettings.xml file not found in HIVE_HOME or HIVE_CONF_DIR,/home/alex/Repositories/hive/conf/ivysettings.xml will be used
2024-05-01T00:31:56,358  INFO [main] session.SessionState: Created HDFS directory: /tmp/hive/alex/a984f42b-ba6a-43bd-ba78-2ca1268720a2
2024-05-01T00:31:56,362  INFO [main] session.SessionState: Created local directory: /home/alex/Repositories/hive/beeline/target/tmp/alex/a984f42b-ba6a-43bd-ba78-2ca1268720a2
2024-05-01T00:31:56,365  INFO [main] session.SessionState: Created HDFS directory: /tmp/hive/alex/a984f42b-ba6a-43bd-ba78-2ca1268720a2/_tmp_space.db
2024-05-01T00:31:56,365  INFO [main] sqlstd.SQLStdHiveAccessController: Created SQLStdHiveAccessController for session context : HiveAuthzSessionContext [sessionString=a984f42b-ba6a-43bd-ba78-2ca1268720a2, clientType=HIVESERVER2]
2024-05-01T00:31:56,366  INFO [main] metastore.HiveMetaStoreClient: HMS client filtering is enabled.
2024-05-01T00:31:56,367  INFO [main] metastore.HMSHandler: 0: Opening raw store with implementation class:org.apache.hadoop.hive.metastore.ObjectStore
2024-05-01T00:31:56,367  INFO [main] metastore.PersistenceManagerProvider: Configuration datanucleus.autoStartMechanismMode is not set. Defaulting to 'ignored'
2024-05-01T00:31:56,367  INFO [main] metastore.ObjectStore: RawStore: org.apache.hadoop.hive.metastore.ObjectStore@ccea4be, with PersistenceManager: null will be shutdown
2024-05-01T00:31:56,367  INFO [main] metastore.ObjectStore: RawStore: org.apache.hadoop.hive.metastore.ObjectStore@ccea4be, with PersistenceManager: org.datanucleus.api.jdo.JDOPersistenceManager@40f931ec created in the thread with id: 1
2024-05-01T00:31:56,369  INFO [main] metastore.HMSHandler: Created RawStore: org.apache.hadoop.hive.metastore.ObjectStore@ccea4be from thread id: 1
2024-05-01T00:31:56,369  INFO [main] metastore.HMSHandler: HMS server filtering is disabled by configuration
2024-05-01T00:31:56,369  INFO [main] metastore.RetryingMetaStoreClient: RetryingMetaStoreClient proxy=class org.apache.hadoop.hive.ql.metadata.SessionHiveMetaStoreClient ugi=alex (auth:SIMPLE) retries=1 delay=1 lifetime=0
2024-05-01T00:31:56,370  INFO [main] service.CompositeService: Operation log root directory is created: /home/alex/Repositories/hive/beeline/target/tmp/alex/operation_logs
2024-05-01T00:31:56,370  INFO [main] service.CompositeService: HiveServer2: Background operation thread pool size: 100
2024-05-01T00:31:56,370  INFO [main] service.CompositeService: HiveServer2: Background operation thread wait queue size: 100
2024-05-01T00:31:56,370  INFO [main] service.CompositeService: HiveServer2: Background operation thread keepalive time: 10 seconds
2024-05-01T00:31:56,370  INFO [main] service.CompositeService: Connections limit are user: 0 ipaddress: 0 user-ipaddress: 0
2024-05-01T00:31:56,371  INFO [main] cleanup.EventualCleanupService: EventualCleanupService started with 10 threads and queue of size 10000
ERROR StatusLogger Log4j2 ConfigurationScheduler attempted to increment scheduled items after start
ERROR StatusLogger Log4j2 ConfigurationScheduler attempted to increment scheduled items after start
2024-05-01T00:31:56,373  INFO [main] service.AbstractService: Service:OperationManager is inited.
2024-05-01T00:31:56,373  INFO [main] service.AbstractService: Service:SessionManager is inited.
2024-05-01T00:31:56,373  INFO [main] service.AbstractService: Service:CLIService is inited.
2024-05-01T00:31:56,373  INFO [main] service.AbstractService: Service:OperationManager is started.
2024-05-01T00:31:56,373  INFO [main] service.AbstractService: Service:SessionManager is started.
2024-05-01T00:31:56,373  INFO [main] service.AbstractService: Service:CLIService is started.
2024-05-01T00:31:56,373  INFO [main] service.AbstractService: Service:ThriftBinaryCLIService is inited.
2024-05-01T00:31:56,373  INFO [main] thrift.ThriftCLIService: Client protocol version: HIVE_CLI_SERVICE_PROTOCOL_V10
2024-05-01T00:31:56,373  INFO [main] thrift.ThriftCLIService: Creating Hive session handle for user [null] from IP null
2024-05-01T00:31:56,374  INFO [main] DependencyResolver: ivysettings.xml file not found in HIVE_HOME or HIVE_CONF_DIR,/home/alex/Repositories/hive/conf/ivysettings.xml will be used
2024-05-01T00:31:56,382  INFO [main] session.SessionState: Created HDFS directory: /tmp/hive/alex/66fa06de-a380-4f63-a5c2-b451a9343754
2024-05-01T00:31:56,386  INFO [main] session.SessionState: Created local directory: /home/alex/Repositories/hive/beeline/target/tmp/alex/66fa06de-a380-4f63-a5c2-b451a9343754
2024-05-01T00:31:56,389  INFO [main] session.SessionState: Created HDFS directory: /tmp/hive/alex/66fa06de-a380-4f63-a5c2-b451a9343754/_tmp_space.db
2024-05-01T00:31:56,389  INFO [main] session.SessionState: Reloading auxiliary JAR files
2024-05-01T00:31:56,389  WARN [main] session.SessionState: Configuration hive.reloadable.aux.jars.path not specified
2024-05-01T00:31:56,390  INFO [main] HiveMetaStore.audit: ugi=alex	ip=unknown-ip-addr	cmd=Cleaning up thread local RawStore...	
2024-05-01T00:31:56,390  INFO [main] metastore.ObjectStore: RawStore: org.apache.hadoop.hive.metastore.ObjectStore@ccea4be, with PersistenceManager: org.datanucleus.api.jdo.JDOPersistenceManager@40f931ec will be shutdown
2024-05-01T00:31:56,390  INFO [main] HiveMetaStore.audit: ugi=alex	ip=unknown-ip-addr	cmd=Done cleaning up thread local RawStore	
2024-05-01T00:31:56,390  INFO [main] metastore.HiveMetaStoreClient: Closed a connection to metastore, current connections: -45
2024-05-01T00:31:56,390  INFO [main] session.HiveSessionImpl: Operation log session directory is created: /home/alex/Repositories/hive/beeline/target/tmp/alex/operation_logs/66fa06de-a380-4f63-a5c2-b451a9343754
2024-05-01T00:31:56,390  INFO [main] service.CompositeService: Session opened, SessionHandle [66fa06de-a380-4f63-a5c2-b451a9343754], current sessions:1
2024-05-01T00:31:56,390  INFO [main] thrift.ThriftCLIService: Login attempt is successful for user : null
2024-05-01T00:31:56,438  WARN [main] conf.HiveConf: HiveConf of name hive.dummyparam.test.server.specific.config.override does not exist
2024-05-01T00:31:56,438  WARN [main] conf.HiveConf: HiveConf of name hive.dummyparam.test.server.specific.config.hiveserver2site does not exist
2024-05-01T00:31:56,438  WARN [main] conf.HiveConf: HiveConf of name hive.dummyparam.test.server.specific.config.metastoresite does not exist
2024-05-01T00:31:56,438  INFO [66fa06de-a380-4f63-a5c2-b451a9343754 main] session.HiveSessionImpl: executing set
2024-05-01T00:31:56,439  INFO [66fa06de-a380-4f63-a5c2-b451a9343754 main] operation.HiveCommandOperation: Putting temp output to file /home/alex/Repositories/hive/beeline/target/tmp/alex/66fa06de-a380-4f63-a5c2-b451a93437545595081299400706044.pipeout and error output to file /home/alex/Repositories/hive/beeline/target/tmp/alex/66fa06de-a380-4f63-a5c2-b451a9343754179181402937578643.pipeout
2024-05-01T00:31:56,439  INFO [66fa06de-a380-4f63-a5c2-b451a9343754 main] operation.OperationManager: Adding operation: OperationHandle [opType=EXECUTE_STATEMENT, getHandleIdentifier()=1d2abb8e-84b5-4efa-aa87-fc55363ca5d6] SessionHandle [66fa06de-a380-4f63-a5c2-b451a9343754]
2024-05-01T00:31:56,439  INFO [66fa06de-a380-4f63-a5c2-b451a9343754 main] common.LogUtils: Thread context registration is done.
DEBUG StatusLogger Building Plugin[name=filter, class=org.apache.hadoop.hive.ql.log.LogDivertAppender$NameFilter].
DEBUG StatusLogger createFilter(loggingLevel="EXECUTION")
DEBUG StatusLogger Building Plugin[name=layout, class=org.apache.logging.log4j.core.layout.PatternLayout].
DEBUG StatusLogger PatternLayout$Builder(pattern="%-5p : %m%n", PatternSelector=null, Configuration(HiveLog4j2Test), Replace=null, charset="null", alwaysWriteExceptions="null", disableAnsi="null", noConsoleNoAnsi="null", header="null", footer="null")
DEBUG StatusLogger Building Plugin[name=appender, class=org.apache.hadoop.hive.ql.log.HushableRandomAccessFileAppender].
DEBUG StatusLogger createAppender(fileName="/home/alex/Repositories/hive/beeline/target/tmp/alex/operation_logs/66fa06de-a380-4f63-a5c2-b451a9343754/alex_20240501003156_b678fc72-8a9e-47a4-ad00-bdd400aeb60d", append="null", name="query-file-appender", immediateFlush="null", bufferSize="null", ignoreExceptions="null", PatternLayout(org.apache.logging.log4j.core.layout.PatternLayout with name PatternLayout), NameFilter(org.apache.hadoop.hive.ql.log.LogDivertAppender$NameFilter with name NameFilter), advertise="null", advertiseURI="null", Configuration(HiveLog4j2Test))
DEBUG StatusLogger Starting RandomAccessFileManager /home/alex/Repositories/hive/beeline/target/tmp/alex/operation_logs/66fa06de-a380-4f63-a5c2-b451a9343754/alex_20240501003156_b678fc72-8a9e-47a4-ad00-bdd400aeb60d
DEBUG StatusLogger Building Plugin[name=, class=org.apache.hadoop.hive.ql.log.LogDivertAppenderForTest$TestFilter].
DEBUG StatusLogger createFilter()
DEBUG StatusLogger Building Plugin[name=, class=org.apache.logging.log4j.core.layout.PatternLayout].
DEBUG StatusLogger PatternLayout$Builder(pattern="%-5p : %m%n", PatternSelector=null, Configuration(HiveLog4j2Test), Replace=null, charset="null", alwaysWriteExceptions="null", disableAnsi="null", noConsoleNoAnsi="null", header="null", footer="null")
DEBUG StatusLogger Building Plugin[name=appender, class=org.apache.hadoop.hive.ql.log.HushableRandomAccessFileAppender].
DEBUG StatusLogger createAppender(fileName="/home/alex/Repositories/hive/beeline/target/tmp/alex/operation_logs/66fa06de-a380-4f63-a5c2-b451a9343754/alex_20240501003156_b678fc72-8a9e-47a4-ad00-bdd400aeb60d.test", append="null", name="test-query-file-appender", immediateFlush="null", bufferSize="null", ignoreExceptions="null", PatternLayout(org.apache.logging.log4j.core.layout.PatternLayout with name PatternLayout), test-filter(org.apache.hadoop.hive.ql.log.LogDivertAppenderForTest$TestFilter with name test-filter), advertise="null", advertiseURI="null", Configuration(HiveLog4j2Test))
DEBUG StatusLogger Starting RandomAccessFileManager /home/alex/Repositories/hive/beeline/target/tmp/alex/operation_logs/66fa06de-a380-4f63-a5c2-b451a9343754/alex_20240501003156_b678fc72-8a9e-47a4-ad00-bdd400aeb60d.test
2024-05-01T00:31:56,443  INFO [66fa06de-a380-4f63-a5c2-b451a9343754 main] operation.HiveCommandOperation: [opType=EXECUTE_STATEMENT, queryId=alex_20240501003156_b678fc72-8a9e-47a4-ad00-bdd400aeb60d, startTime=1714548716439, sessionId=66fa06de-a380-4f63-a5c2-b451a9343754, createTime=1714548716373, userName=null, ipAddress=null]
2024-05-01T00:31:56,451  INFO [66fa06de-a380-4f63-a5c2-b451a9343754 main] common.LogUtils: Unregistered logging context.
2024-05-01T00:31:56,453  INFO [66fa06de-a380-4f63-a5c2-b451a9343754 main] operation.OperationManager: Closing operation: OperationHandle [opType=EXECUTE_STATEMENT, getHandleIdentifier()=1d2abb8e-84b5-4efa-aa87-fc55363ca5d6]
2024-05-01T00:31:56,453  INFO [66fa06de-a380-4f63-a5c2-b451a9343754 main] operation.OperationManager: Removed queryId: alex_20240501003156_b678fc72-8a9e-47a4-ad00-bdd400aeb60d corresponding to operation: OperationHandle [opType=EXECUTE_STATEMENT, getHandleIdentifier()=1d2abb8e-84b5-4efa-aa87-fc55363ca5d6] with tag: null
2024-05-01T00:31:56,454  INFO [66fa06de-a380-4f63-a5c2-b451a9343754 main] operation.HiveCommandOperation: Closing operation log /home/alex/Repositories/hive/beeline/target/tmp/alex/operation_logs/66fa06de-a380-4f63-a5c2-b451a9343754/alex_20240501003156_b678fc72-8a9e-47a4-ad00-bdd400aeb60d without delay
2024-05-01T00:32:24,599  INFO [66fa06de-a380-4f63-a5c2-b451a9343754 main] session.HiveSessionImpl: executing select "hive"
2024-05-01T00:32:24,599  INFO [66fa06de-a380-4f63-a5c2-b451a9343754 main] operation.OperationManager: Adding operation: OperationHandle [opType=EXECUTE_STATEMENT, getHandleIdentifier()=3af2a933-0215-41fd-b61f-3aa4921fea47] SessionHandle [66fa06de-a380-4f63-a5c2-b451a9343754]
2024-05-01T00:32:24,600  INFO [66fa06de-a380-4f63-a5c2-b451a9343754 main] common.LogUtils: Thread context registration is done.
DEBUG StatusLogger Building Plugin[name=filter, class=org.apache.hadoop.hive.ql.log.LogDivertAppender$NameFilter].
DEBUG StatusLogger createFilter(loggingLevel="EXECUTION")
DEBUG StatusLogger Building Plugin[name=layout, class=org.apache.logging.log4j.core.layout.PatternLayout].
DEBUG StatusLogger PatternLayout$Builder(pattern="%-5p : %m%n", PatternSelector=null, Configuration(HiveLog4j2Test), Replace=null, charset="null", alwaysWriteExceptions="null", disableAnsi="null", noConsoleNoAnsi="null", header="null", footer="null")
DEBUG StatusLogger Building Plugin[name=appender, class=org.apache.hadoop.hive.ql.log.HushableRandomAccessFileAppender].
DEBUG StatusLogger createAppender(fileName="/home/alex/Repositories/hive/beeline/target/tmp/alex/operation_logs/66fa06de-a380-4f63-a5c2-b451a9343754/alex_20240501003224_cc835439-f959-41ee-b961-000555ee687e", append="null", name="query-file-appender", immediateFlush="null", bufferSize="null", ignoreExceptions="null", PatternLayout(org.apache.logging.log4j.core.layout.PatternLayout with name PatternLayout), NameFilter(org.apache.hadoop.hive.ql.log.LogDivertAppender$NameFilter with name NameFilter), advertise="null", advertiseURI="null", Configuration(HiveLog4j2Test))
DEBUG StatusLogger Starting RandomAccessFileManager /home/alex/Repositories/hive/beeline/target/tmp/alex/operation_logs/66fa06de-a380-4f63-a5c2-b451a9343754/alex_20240501003224_cc835439-f959-41ee-b961-000555ee687e
DEBUG StatusLogger Building Plugin[name=, class=org.apache.hadoop.hive.ql.log.LogDivertAppenderForTest$TestFilter].
DEBUG StatusLogger createFilter()
DEBUG StatusLogger Building Plugin[name=, class=org.apache.logging.log4j.core.layout.PatternLayout].
DEBUG StatusLogger PatternLayout$Builder(pattern="%-5p : %m%n", PatternSelector=null, Configuration(HiveLog4j2Test), Replace=null, charset="null", alwaysWriteExceptions="null", disableAnsi="null", noConsoleNoAnsi="null", header="null", footer="null")
DEBUG StatusLogger Building Plugin[name=appender, class=org.apache.hadoop.hive.ql.log.HushableRandomAccessFileAppender].
DEBUG StatusLogger createAppender(fileName="/home/alex/Repositories/hive/beeline/target/tmp/alex/operation_logs/66fa06de-a380-4f63-a5c2-b451a9343754/alex_20240501003224_cc835439-f959-41ee-b961-000555ee687e.test", append="null", name="test-query-file-appender", immediateFlush="null", bufferSize="null", ignoreExceptions="null", PatternLayout(org.apache.logging.log4j.core.layout.PatternLayout with name PatternLayout), test-filter(org.apache.hadoop.hive.ql.log.LogDivertAppenderForTest$TestFilter with name test-filter), advertise="null", advertiseURI="null", Configuration(HiveLog4j2Test))
DEBUG StatusLogger Starting RandomAccessFileManager /home/alex/Repositories/hive/beeline/target/tmp/alex/operation_logs/66fa06de-a380-4f63-a5c2-b451a9343754/alex_20240501003224_cc835439-f959-41ee-b961-000555ee687e.test
2024-05-01T00:32:24,604  INFO [66fa06de-a380-4f63-a5c2-b451a9343754 main] operation.SQLOperation: [opType=EXECUTE_STATEMENT, queryId=alex_20240501003224_cc835439-f959-41ee-b961-000555ee687e, startTime=1714548744599, sessionId=66fa06de-a380-4f63-a5c2-b451a9343754, createTime=1714548716373, userName=null, ipAddress=null]
2024-05-01T00:32:24,605  INFO [66fa06de-a380-4f63-a5c2-b451a9343754 main] ql.Driver: Compiling command(queryId=alex_20240501003224_cc835439-f959-41ee-b961-000555ee687e): select "hive"
2024-05-01T00:32:24,607  INFO [66fa06de-a380-4f63-a5c2-b451a9343754 main] metastore.HiveMetaStoreClient: HMS client filtering is enabled.
2024-05-01T00:32:24,608  INFO [66fa06de-a380-4f63-a5c2-b451a9343754 main] metastore.HMSHandler: 0: Opening raw store with implementation class:org.apache.hadoop.hive.metastore.ObjectStore
2024-05-01T00:32:24,608  INFO [66fa06de-a380-4f63-a5c2-b451a9343754 main] metastore.PersistenceManagerProvider: Configuration datanucleus.autoStartMechanismMode is not set. Defaulting to 'ignored'
2024-05-01T00:32:24,609  INFO [66fa06de-a380-4f63-a5c2-b451a9343754 main] metastore.ObjectStore: RawStore: org.apache.hadoop.hive.metastore.ObjectStore@640028f2, with PersistenceManager: null will be shutdown
2024-05-01T00:32:24,609  INFO [66fa06de-a380-4f63-a5c2-b451a9343754 main] metastore.ObjectStore: RawStore: org.apache.hadoop.hive.metastore.ObjectStore@640028f2, with PersistenceManager: org.datanucleus.api.jdo.JDOPersistenceManager@48b744fd created in the thread with id: 1
2024-05-01T00:32:24,611  INFO [66fa06de-a380-4f63-a5c2-b451a9343754 main] metastore.HMSHandler: Created RawStore: org.apache.hadoop.hive.metastore.ObjectStore@640028f2 from thread id: 1
2024-05-01T00:32:24,611  INFO [66fa06de-a380-4f63-a5c2-b451a9343754 main] metastore.HMSHandler: HMS server filtering is disabled by configuration
2024-05-01T00:32:24,611  INFO [66fa06de-a380-4f63-a5c2-b451a9343754 main] metastore.RetryingMetaStoreClient: RetryingMetaStoreClient proxy=class org.apache.hadoop.hive.ql.metadata.SessionHiveMetaStoreClient ugi=alex (auth:SIMPLE) retries=1 delay=1 lifetime=0
2024-05-01T00:32:24,612  INFO [66fa06de-a380-4f63-a5c2-b451a9343754 main] parse.CalcitePlanner: Starting caching scope for: alex_20240501003224_cc835439-f959-41ee-b961-000555ee687e
2024-05-01T00:32:24,612  INFO [66fa06de-a380-4f63-a5c2-b451a9343754 main] parse.CalcitePlanner: Starting Semantic Analysis
2024-05-01T00:32:24,612  INFO [66fa06de-a380-4f63-a5c2-b451a9343754 main] sqlstd.SQLStdHiveAccessController: Created SQLStdHiveAccessController for session context : HiveAuthzSessionContext [sessionString=66fa06de-a380-4f63-a5c2-b451a9343754, clientType=HIVESERVER2]
2024-05-01T00:32:24,612  INFO [66fa06de-a380-4f63-a5c2-b451a9343754 main] parse.CalcitePlanner: Completed phase 1 of Semantic Analysis
2024-05-01T00:32:24,612  INFO [66fa06de-a380-4f63-a5c2-b451a9343754 main] parse.CalcitePlanner: Get metadata for source tables
2024-05-01T00:32:24,612  INFO [66fa06de-a380-4f63-a5c2-b451a9343754 main] parse.CalcitePlanner: Get metadata for subqueries
2024-05-01T00:32:24,612  INFO [66fa06de-a380-4f63-a5c2-b451a9343754 main] parse.CalcitePlanner: Get metadata for destination tables
2024-05-01T00:32:24,613  INFO [66fa06de-a380-4f63-a5c2-b451a9343754 main] parse.CalcitePlanner: Completed getting MetaData in Semantic Analysis
2024-05-01T00:32:24,630  INFO [66fa06de-a380-4f63-a5c2-b451a9343754 main] HiveMetaStore.audit: ugi=alex	ip=unknown-ip-addr	cmd=get_all_table_constraints : tbl=hive._dummy_database._dummy_table	
2024-05-01T00:32:24,675  INFO [66fa06de-a380-4f63-a5c2-b451a9343754 main] parse.CalcitePlanner: Get metadata for source tables
2024-05-01T00:32:24,676  INFO [66fa06de-a380-4f63-a5c2-b451a9343754 main] HiveMetaStore.audit: ugi=alex	ip=unknown-ip-addr	cmd=get_table : tbl=hive._dummy_database._dummy_table	
2024-05-01T00:32:24,677  INFO [66fa06de-a380-4f63-a5c2-b451a9343754 main] parse.CalcitePlanner: Get metadata for subqueries
2024-05-01T00:32:24,677  INFO [66fa06de-a380-4f63-a5c2-b451a9343754 main] parse.CalcitePlanner: Get metadata for destination tables
2024-05-01T00:32:24,684  INFO [66fa06de-a380-4f63-a5c2-b451a9343754 main] common.FileUtils: Creating directory if it doesn't exist: file:/home/alex/Repositories/hive/beeline/target/tmp/alex/66fa06de-a380-4f63-a5c2-b451a9343754/hive_2024-05-01_00-32-24_605_6445855586289630322-1/-mr-10001/.hive-staging_hive_2024-05-01_00-32-24_605_6445855586289630322-1
2024-05-01T00:32:24,691  INFO [66fa06de-a380-4f63-a5c2-b451a9343754 main] parse.CalcitePlanner: CBO Succeeded; optimized logical plan.
2024-05-01T00:32:24,693  INFO [66fa06de-a380-4f63-a5c2-b451a9343754 main] optimizer.BucketVersionPopulator: not considering bucketingVersion for: TS[0] because it has -1<2 buckets 
2024-05-01T00:32:24,694  INFO [66fa06de-a380-4f63-a5c2-b451a9343754 main] parse.CalcitePlanner: Completed plan generation
2024-05-01T00:32:24,694  INFO [66fa06de-a380-4f63-a5c2-b451a9343754 main] parse.CalcitePlanner: Ending caching scope for: alex_20240501003224_cc835439-f959-41ee-b961-000555ee687e
2024-05-01T00:32:24,694  INFO [66fa06de-a380-4f63-a5c2-b451a9343754 main] ql.Driver: Semantic Analysis Completed (retrial = false)
2024-05-01T00:32:24,694  INFO [66fa06de-a380-4f63-a5c2-b451a9343754 main] ql.Driver: Created Hive schema: Schema(fieldSchemas:[FieldSchema(name:_c0, type:string, comment:null)], properties:null)
2024-05-01T00:32:24,694  INFO [66fa06de-a380-4f63-a5c2-b451a9343754 main] exec.TableScanOperator: Initializing Operator: TS[0]
2024-05-01T00:32:24,695  INFO [66fa06de-a380-4f63-a5c2-b451a9343754 main] exec.SelectOperator: Initializing Operator: SEL[1]
2024-05-01T00:32:24,695  INFO [66fa06de-a380-4f63-a5c2-b451a9343754 main] exec.SelectOperator: SELECT null
2024-05-01T00:32:24,695  INFO [66fa06de-a380-4f63-a5c2-b451a9343754 main] exec.ListSinkOperator: Initializing Operator: LIST_SINK[3]
2024-05-01T00:32:24,695  INFO [66fa06de-a380-4f63-a5c2-b451a9343754 main] metadata.Hive: Dumping metastore api call timing information for : compilation phase
2024-05-01T00:32:24,695  INFO [66fa06de-a380-4f63-a5c2-b451a9343754 main] metadata.Hive: Total time spent in each metastore function (ms): {isCompatibleWith_(Configuration)=0, getAllTableConstraints_(AllTableConstraintsRequest)=2, flushCache_()=1}
2024-05-01T00:32:24,695  INFO [66fa06de-a380-4f63-a5c2-b451a9343754 main] ql.Driver: Completed compiling command(queryId=alex_20240501003224_cc835439-f959-41ee-b961-000555ee687e); Time taken: 0.09 seconds
2024-05-01T00:32:24,695  INFO [66fa06de-a380-4f63-a5c2-b451a9343754 main] common.LogUtils: Unregistered logging context.
2024-05-01T00:32:24,697  INFO [HiveServer2-Background-Pool: Thread-730] common.LogUtils: Thread context registration is done.
2024-05-01T00:32:24,697  INFO [HiveServer2-Background-Pool: Thread-730] reexec.ReExecDriver: Execution #1 of query
2024-05-01T00:32:24,698  INFO [HiveServer2-Background-Pool: Thread-730] ql.Driver: Concurrency mode is disabled, not creating a lock manager
2024-05-01T00:32:24,698  INFO [HiveServer2-Background-Pool: Thread-730] ql.Driver: Executing command(queryId=alex_20240501003224_cc835439-f959-41ee-b961-000555ee687e): select "hive"
2024-05-01T00:32:24,699  INFO [HiveServer2-Background-Pool: Thread-730] metadata.Hive: Dumping metastore api call timing information for : execution phase
2024-05-01T00:32:24,699  INFO [HiveServer2-Background-Pool: Thread-730] metadata.Hive: Total time spent in each metastore function (ms): {}
2024-05-01T00:32:24,699  INFO [HiveServer2-Background-Pool: Thread-730] ql.Driver: Completed executing command(queryId=alex_20240501003224_cc835439-f959-41ee-b961-000555ee687e); Time taken: 0.001 seconds
2024-05-01T00:32:24,699  INFO [HiveServer2-Background-Pool: Thread-730] common.LogUtils: Unregistered logging context.
2024-05-01T00:32:24,703  INFO [66fa06de-a380-4f63-a5c2-b451a9343754 main] operation.OperationManager: Closing operation: OperationHandle [opType=EXECUTE_STATEMENT, getHandleIdentifier()=3af2a933-0215-41fd-b61f-3aa4921fea47]
2024-05-01T00:32:24,703  INFO [66fa06de-a380-4f63-a5c2-b451a9343754 main] operation.OperationManager: Removed queryId: alex_20240501003224_cc835439-f959-41ee-b961-000555ee687e corresponding to operation: OperationHandle [opType=EXECUTE_STATEMENT, getHandleIdentifier()=3af2a933-0215-41fd-b61f-3aa4921fea47] with tag: null
2024-05-01T00:32:24,704  INFO [66fa06de-a380-4f63-a5c2-b451a9343754 main] ql.Context: Deleting scratch dir: file:/home/alex/Repositories/hive/beeline/target/tmp/alex/66fa06de-a380-4f63-a5c2-b451a9343754/hive_2024-05-01_00-32-24_605_6445855586289630322-1
2024-05-01T00:32:24,704  INFO [66fa06de-a380-4f63-a5c2-b451a9343754 main] cleanup.EventualCleanupService: Delete file:/home/alex/Repositories/hive/beeline/target/tmp/alex/66fa06de-a380-4f63-a5c2-b451a9343754/hive_2024-05-01_00-32-24_605_6445855586289630322-1 operation was queued
2024-05-01T00:32:24,704  INFO [66fa06de-a380-4f63-a5c2-b451a9343754 main] exec.TableScanOperator: Closing Operator: TS[0]
2024-05-01T00:32:24,704  INFO [66fa06de-a380-4f63-a5c2-b451a9343754 main] exec.TableScanOperator: RECORDS_OUT_INTERMEDIATE:0, RECORDS_OUT_OPERATOR_TS_0:0, 
2024-05-01T00:32:24,704  INFO [66fa06de-a380-4f63-a5c2-b451a9343754 main] exec.SelectOperator: Closing Operator: SEL[1]
2024-05-01T00:32:24,704  INFO [66fa06de-a380-4f63-a5c2-b451a9343754 main] exec.SelectOperator: RECORDS_OUT_INTERMEDIATE:0, RECORDS_OUT_OPERATOR_SEL_1:0, 
2024-05-01T00:32:24,704  INFO [66fa06de-a380-4f63-a5c2-b451a9343754 main] exec.ListSinkOperator: Closing Operator: LIST_SINK[3]
2024-05-01T00:32:24,704  INFO [66fa06de-a380-4f63-a5c2-b451a9343754 main] exec.ListSinkOperator: RECORDS_OUT_INTERMEDIATE:0, RECORDS_OUT_OPERATOR_LIST_SINK_3:0, 
2024-05-01T00:32:24,704  INFO [66fa06de-a380-4f63-a5c2-b451a9343754 main] operation.SQLOperation: Closing operation log /home/alex/Repositories/hive/beeline/target/tmp/alex/operation_logs/66fa06de-a380-4f63-a5c2-b451a9343754/alex_20240501003224_cc835439-f959-41ee-b961-000555ee687e without delay
2024-05-01T00:32:24,704  INFO [EventualCleanupService thread 0] cleanup.EventualCleanupService: Deleted file:/home/alex/Repositories/hive/beeline/target/tmp/alex/66fa06de-a380-4f63-a5c2-b451a9343754/hive_2024-05-01_00-32-24_605_6445855586289630322-1
2024-05-01T00:32:24,704  INFO [main] service.CompositeService: Session closed, SessionHandle [66fa06de-a380-4f63-a5c2-b451a9343754], current sessions:0
2024-05-01T00:32:24,705  INFO [66fa06de-a380-4f63-a5c2-b451a9343754 main] session.HiveSessionImpl: Operation log session directory is deleted: /home/alex/Repositories/hive/beeline/target/tmp/alex/operation_logs/66fa06de-a380-4f63-a5c2-b451a9343754
2024-05-01T00:32:24,705  INFO [main] cleanup.EventualCleanupService: Delete /tmp/hive/alex/66fa06de-a380-4f63-a5c2-b451a9343754 operation was queued
2024-05-01T00:32:24,705  INFO [main] cleanup.EventualCleanupService: Delete /home/alex/Repositories/hive/beeline/target/tmp/alex/66fa06de-a380-4f63-a5c2-b451a9343754 operation was queued
2024-05-01T00:32:24,705  INFO [EventualCleanupService thread 2] cleanup.EventualCleanupService: Deleted /home/alex/Repositories/hive/beeline/target/tmp/alex/66fa06de-a380-4f63-a5c2-b451a9343754
2024-05-01T00:32:24,705  INFO [EventualCleanupService thread 1] cleanup.EventualCleanupService: Deleted /tmp/hive/alex/66fa06de-a380-4f63-a5c2-b451a9343754
2024-05-01T00:32:24,706  INFO [main] HiveMetaStore.audit: ugi=alex	ip=unknown-ip-addr	cmd=Cleaning up thread local RawStore...	
2024-05-01T00:32:24,706  INFO [main] metastore.ObjectStore: RawStore: org.apache.hadoop.hive.metastore.ObjectStore@640028f2, with PersistenceManager: org.datanucleus.api.jdo.JDOPersistenceManager@48b744fd will be shutdown
2024-05-01T00:32:24,706  INFO [main] HiveMetaStore.audit: ugi=alex	ip=unknown-ip-addr	cmd=Done cleaning up thread local RawStore	
2024-05-01T00:32:24,706  INFO [main] metastore.HiveMetaStoreClient: Closed a connection to metastore, current connections: -46
2024-05-01T00:32:24,706 ERROR [main] cli.TestHiveCli: Failed due to the error:Connecting to jdbc:hive2://
Hive Session ID = a984f42b-ba6a-43bd-ba78-2ca1268720a2
ivysettings.xml file not found in HIVE_HOME or HIVE_CONF_DIR,/home/alex/Repositories/hive/conf/ivysettings.xml will be used
ivysettings.xml file not found in HIVE_HOME or HIVE_CONF_DIR,/home/alex/Repositories/hive/conf/ivysettings.xml will be used
Connected to: Apache Hive (version 4.0.0-SNAPSHOT)
Error: Couldn't load manifest attributes. (state=,code=0)
Transaction isolation: TRANSACTION_REPEATABLE_READ
. . > INFO  : Compiling command(queryId=alex_20240501003224_cc835439-f959-41ee-b961-000555ee687e): select "hive"
INFO  : Semantic Analysis Completed (retrial = false)
INFO  : Created Hive schema: Schema(fieldSchemas:[FieldSchema(name:_c0, type:string, comment:null)], properties:null)
INFO  : Completed compiling command(queryId=alex_20240501003224_cc835439-f959-41ee-b961-000555ee687e); Time taken: 0.09 seconds
INFO  : Concurrency mode is disabled, not creating a lock manager
INFO  : Executing command(queryId=alex_20240501003224_cc835439-f959-41ee-b961-000555ee687e): select "hive"
INFO  : Completed executing command(queryId=alex_20240501003224_cc835439-f959-41ee-b961-000555ee687e); Time taken: 0.001 seconds
DEBUG : Shutting down query select "hive"
Error: Failed to wait for operation to complete (state=08S01,code=0)
Closing: 0: jdbc:hive2://

]]></system-err>
  </testcase>
</testsuite>