<?xml version="1.0" encoding="UTF-8"?>
<testsuite xmlns:xsi="http://www.w3.org/2001/XMLSchema-instance" xsi:noNamespaceSchemaLocation="https://maven.apache.org/surefire/maven-surefire-plugin/xsd/surefire-test-report.xsd" name="com.j256.ormlite.logger.NullLogBackendTest" time="0" tests="15" errors="0" skipped="0" failures="0">
  <properties>
    <property name="sun.desktop" value="gnome"/>
    <property name="awt.toolkit" value="sun.awt.X11.XToolkit"/>
    <property name="nondexStart" value="0"/>
    <property name="file.encoding.pkg" value="sun.io"/>
    <property name="java.specification.version" value="1.8"/>
    <property name="sun.cpu.isalist" value=""/>
    <property name="sun.jnu.encoding" value="UTF-8"/>
    <property name="java.class.path" value="/home/alex/.m2/repository/org/apache/maven/surefire/surefire-booter/2.22.1/surefire-booter-2.22.1.jar:/home/alex/.m2/repository/org/apache/maven/surefire/surefire-api/2.22.1/surefire-api-2.22.1.jar:/home/alex/.m2/repository/org/apache/maven/surefire/surefire-logger-api/2.22.1/surefire-logger-api-2.22.1.jar:/home/alex/Repositories/ormlite-core/target/test-classes:/home/alex/Repositories/ormlite-core/target/classes:/home/alex/.m2/repository/org/slf4j/slf4j-api/1.7.2/slf4j-api-1.7.2.jar:/home/alex/.m2/repository/org/slf4j/slf4j-log4j12/1.7.2/slf4j-log4j12-1.7.2.jar:/home/alex/.m2/repository/javax/persistence/persistence-api/1.0/persistence-api-1.0.jar:/home/alex/.m2/repository/commons-logging/commons-logging/1.1.1/commons-logging-1.1.1.jar:/home/alex/.m2/repository/log4j/log4j/1.2.17/log4j-1.2.17.jar:/home/alex/.m2/repository/org/apache/logging/log4j/log4j-api/2.0-beta4/log4j-api-2.0-beta4.jar:/home/alex/.m2/repository/junit/junit/4.13.1/junit-4.13.1.jar:/home/alex/.m2/repository/org/hamcrest/hamcrest-core/1.3/hamcrest-core-1.3.jar:/home/alex/.m2/repository/org/easymock/easymock/3.4/easymock-3.4.jar:/home/alex/.m2/repository/org/objenesis/objenesis/2.2/objenesis-2.2.jar:/home/alex/.m2/repository/com/h2database/h2/1.4.200/h2-1.4.200.jar:/home/alex/.m2/repository/commons-lang/commons-lang/2.1/commons-lang-2.1.jar:/home/alex/.m2/repository/org/apache/maven/surefire/surefire-junit47/2.22.1/surefire-junit47-2.22.1.jar:/home/alex/.m2/repository/org/apache/maven/surefire/common-junit48/2.22.1/common-junit48-2.22.1.jar:/home/alex/.m2/repository/org/apache/maven/surefire/common-junit4/2.22.1/common-junit4-2.22.1.jar:/home/alex/.m2/repository/org/apache/maven/surefire/common-junit3/2.22.1/common-junit3-2.22.1.jar:/home/alex/.m2/repository/org/apache/maven/surefire/common-java5/2.22.1/common-java5-2.22.1.jar:/home/alex/.m2/repository/org/apache/maven/shared/maven-shared-utils/0.9/maven-shared-utils-0.9.jar:/home/alex/.m2/repository/org/apache/maven/surefire/surefire-grouper/2.22.1/surefire-grouper-2.22.1.jar"/>
    <property name="java.vm.vendor" value="Private Build"/>
    <property name="nondexPrintstack" value="false"/>
    <property name="sun.arch.data.model" value="64"/>
    <property name="java.vendor.url" value="http://java.oracle.com/"/>
    <property name="user.timezone" value=""/>
    <property name="user.country.format" value="PT"/>
    <property name="java.vm.specification.version" value="1.8"/>
    <property name="os.name" value="Linux"/>
    <property name="sun.java.launcher" value="SUN_STANDARD"/>
    <property name="user.country" value="US"/>
    <property name="sun.boot.library.path" value="/usr/lib/jvm/java-8-openjdk-amd64/jre/lib/amd64"/>
    <property name="sun.java.command" value="org.apache.maven.surefire.booter.ForkedBooter /home/alex/Repositories/ormlite-core/target/surefire 2024-04-25T16-18-14_624-jvmRun1 surefire8781379242968173609tmp surefire_13152855715617368541tmp"/>
    <property name="nondexLogging" value="CONFIG"/>
    <property name="surefire.test.class.path" value="/home/alex/Repositories/ormlite-core/target/test-classes:/home/alex/Repositories/ormlite-core/target/classes:/home/alex/.m2/repository/org/slf4j/slf4j-api/1.7.2/slf4j-api-1.7.2.jar:/home/alex/.m2/repository/org/slf4j/slf4j-log4j12/1.7.2/slf4j-log4j12-1.7.2.jar:/home/alex/.m2/repository/javax/persistence/persistence-api/1.0/persistence-api-1.0.jar:/home/alex/.m2/repository/commons-logging/commons-logging/1.1.1/commons-logging-1.1.1.jar:/home/alex/.m2/repository/log4j/log4j/1.2.17/log4j-1.2.17.jar:/home/alex/.m2/repository/org/apache/logging/log4j/log4j-api/2.0-beta4/log4j-api-2.0-beta4.jar:/home/alex/.m2/repository/junit/junit/4.13.1/junit-4.13.1.jar:/home/alex/.m2/repository/org/hamcrest/hamcrest-core/1.3/hamcrest-core-1.3.jar:/home/alex/.m2/repository/org/easymock/easymock/3.4/easymock-3.4.jar:/home/alex/.m2/repository/org/objenesis/objenesis/2.2/objenesis-2.2.jar:/home/alex/.m2/repository/com/h2database/h2/1.4.200/h2-1.4.200.jar:/home/alex/.m2/repository/commons-lang/commons-lang/2.1/commons-lang-2.1.jar:"/>
    <property name="sun.cpu.endian" value="little"/>
    <property name="nondexExecid" value="vzNqv0owTFqmRDYfJGSovQnn4YjCCpZ8e+0XgCi08+I="/>
    <property name="user.home" value="/home/alex"/>
    <property name="user.language" value="en"/>
    <property name="java.specification.vendor" value="Oracle Corporation"/>
    <property name="java.home" value="/usr/lib/jvm/java-8-openjdk-amd64/jre"/>
    <property name="file.separator" value="/"/>
    <property name="basedir" value="/home/alex/Repositories/ormlite-core"/>
    <property name="line.separator" value="&#10;"/>
    <property name="nondexEnd" value="9223372036854775807"/>
    <property name="java.specification.name" value="Java Platform API Specification"/>
    <property name="java.vm.specification.vendor" value="Oracle Corporation"/>
    <property name="java.awt.graphicsenv" value="sun.awt.X11GraphicsEnvironment"/>
    <property name="nondexFilter" value=".*"/>
    <property name="nondexSeed" value="933178"/>
    <property name="sun.boot.class.path" value="/home/alex/Repositories/ormlite-core/.nondex/nondex-instr.jar:/home/alex/.m2/repository/edu/illinois/nondex-common/2.1.7/nondex-common-2.1.7.jar:/home/alex/.m2/repository/edu/illinois/nondex-annotations/2.1.7/nondex-annotations-2.1.7.jar:/usr/lib/jvm/java-8-openjdk-amd64/jre/lib/resources.jar:/usr/lib/jvm/java-8-openjdk-amd64/jre/lib/rt.jar:/usr/lib/jvm/java-8-openjdk-amd64/jre/lib/sunrsasign.jar:/usr/lib/jvm/java-8-openjdk-amd64/jre/lib/jsse.jar:/usr/lib/jvm/java-8-openjdk-amd64/jre/lib/jce.jar:/usr/lib/jvm/java-8-openjdk-amd64/jre/lib/charsets.jar:/usr/lib/jvm/java-8-openjdk-amd64/jre/lib/jfr.jar:/usr/lib/jvm/java-8-openjdk-amd64/jre/classes"/>
    <property name="sun.management.compiler" value="HotSpot 64-Bit Tiered Compilers"/>
    <property name="java.runtime.version" value="1.8.0_402-8u402-ga-2ubuntu1~22.04-b06"/>
    <property name="user.name" value="alex"/>
    <property name="path.separator" value=":"/>
    <property name="os.version" value="6.5.0-28-generic"/>
    <property name="java.endorsed.dirs" value="/usr/lib/jvm/java-8-openjdk-amd64/jre/lib/endorsed"/>
    <property name="java.runtime.name" value="OpenJDK Runtime Environment"/>
    <property name="file.encoding" value="UTF-8"/>
    <property name="java.vm.name" value="OpenJDK 64-Bit Server VM"/>
    <property name="localRepository" value="/home/alex/.m2/repository"/>
    <property name="nondexDir" value="/home/alex/Repositories/ormlite-core/.nondex"/>
    <property name="java.vendor.url.bug" value="http://bugreport.sun.com/bugreport/"/>
    <property name="nondexJarDir" value="/home/alex/Repositories/ormlite-core/.nondex"/>
    <property name="java.io.tmpdir" value="/tmp"/>
    <property name="java.version" value="1.8.0_402"/>
    <property name="user.dir" value="/home/alex/Repositories/ormlite-core"/>
    <property name="os.arch" value="amd64"/>
    <property name="nondexMode" value="FULL"/>
    <property name="java.vm.specification.name" value="Java Virtual Machine Specification"/>
    <property name="user.language.format" value="pt"/>
    <property name="java.awt.printerjob" value="sun.print.PSPrinterJob"/>
    <property name="sun.os.patch.level" value="unknown"/>
    <property name="java.library.path" value="/usr/java/packages/lib/amd64:/usr/lib/x86_64-linux-gnu/jni:/lib/x86_64-linux-gnu:/usr/lib/x86_64-linux-gnu:/usr/lib/jni:/lib:/usr/lib"/>
    <property name="java.vm.info" value="mixed mode"/>
    <property name="java.vendor" value="Private Build"/>
    <property name="java.vm.version" value="25.402-b06"/>
    <property name="java.specification.maintenance.version" value="5"/>
    <property name="sun.io.unicode.encoding" value="UnicodeLittle"/>
    <property name="java.ext.dirs" value="/usr/lib/jvm/java-8-openjdk-amd64/jre/lib/ext:/usr/java/packages/lib/ext"/>
    <property name="java.class.version" value="52.0"/>
  </properties>
  <testcase name="testStuff" classname="com.j256.ormlite.logger.NullLogBackendTest" time="0"/>
  <testcase name="testErrorString" classname="com.j256.ormlite.logger.NullLogBackendTest" time="0"/>
  <testcase name="testLogStuff" classname="com.j256.ormlite.logger.NullLogBackendTest" time="0"/>
  <testcase name="testInfoString" classname="com.j256.ormlite.logger.NullLogBackendTest" time="0"/>
  <testcase name="testInfoStringThrowable" classname="com.j256.ormlite.logger.NullLogBackendTest" time="0"/>
  <testcase name="testWarnStringThrowable" classname="com.j256.ormlite.logger.NullLogBackendTest" time="0"/>
  <testcase name="testErrorStringThrowable" classname="com.j256.ormlite.logger.NullLogBackendTest" time="0"/>
  <testcase name="testTraceString" classname="com.j256.ormlite.logger.NullLogBackendTest" time="0"/>
  <testcase name="testFatalStringThrowable" classname="com.j256.ormlite.logger.NullLogBackendTest" time="0"/>
  <testcase name="testWarnString" classname="com.j256.ormlite.logger.NullLogBackendTest" time="0"/>
  <testcase name="testTraceStringThrowable" classname="com.j256.ormlite.logger.NullLogBackendTest" time="0"/>
  <testcase name="testLevelEnabled" classname="com.j256.ormlite.logger.NullLogBackendTest" time="0"/>
  <testcase name="testFatalString" classname="com.j256.ormlite.logger.NullLogBackendTest" time="0"/>
  <testcase name="testDebugStringThrowable" classname="com.j256.ormlite.logger.NullLogBackendTest" time="0"/>
  <testcase name="testDebugString" classname="com.j256.ormlite.logger.NullLogBackendTest" time="0"/>
</testsuite>