<?xml version="1.0" encoding="UTF-8"?>
<testsuite xmlns:xsi="http://www.w3.org/2001/XMLSchema-instance" xsi:noNamespaceSchemaLocation="https://maven.apache.org/surefire/maven-surefire-plugin/xsd/surefire-test-report.xsd" name="com.j256.ormlite.dao.BaseDaoImplTest" time="0.805" tests="151" errors="0" skipped="0" failures="0">
  <properties>
    <property name="sun.desktop" value="gnome"/>
    <property name="awt.toolkit" value="sun.awt.X11.XToolkit"/>
    <property name="nondexStart" value="0"/>
    <property name="file.encoding.pkg" value="sun.io"/>
    <property name="java.specification.version" value="1.8"/>
    <property name="sun.cpu.isalist" value=""/>
    <property name="sun.jnu.encoding" value="UTF-8"/>
    <property name="java.class.path" value="/home/alex/.m2/repository/org/apache/maven/surefire/surefire-booter/2.22.1/surefire-booter-2.22.1.jar:/home/alex/.m2/repository/org/apache/maven/surefire/surefire-api/2.22.1/surefire-api-2.22.1.jar:/home/alex/.m2/repository/org/apache/maven/surefire/surefire-logger-api/2.22.1/surefire-logger-api-2.22.1.jar:/home/alex/Repositories/ormlite-core/target/test-classes:/home/alex/Repositories/ormlite-core/target/classes:/home/alex/.m2/repository/org/slf4j/slf4j-api/1.7.2/slf4j-api-1.7.2.jar:/home/alex/.m2/repository/org/slf4j/slf4j-log4j12/1.7.2/slf4j-log4j12-1.7.2.jar:/home/alex/.m2/repository/javax/persistence/persistence-api/1.0/persistence-api-1.0.jar:/home/alex/.m2/repository/commons-logging/commons-logging/1.1.1/commons-logging-1.1.1.jar:/home/alex/.m2/repository/log4j/log4j/1.2.17/log4j-1.2.17.jar:/home/alex/.m2/repository/org/apache/logging/log4j/log4j-api/2.0-beta4/log4j-api-2.0-beta4.jar:/home/alex/.m2/repository/junit/junit/4.13.1/junit-4.13.1.jar:/home/alex/.m2/repository/org/hamcrest/hamcrest-core/1.3/hamcrest-core-1.3.jar:/home/alex/.m2/repository/org/easymock/easymock/3.4/easymock-3.4.jar:/home/alex/.m2/repository/org/objenesis/objenesis/2.2/objenesis-2.2.jar:/home/alex/.m2/repository/com/h2database/h2/1.4.200/h2-1.4.200.jar:/home/alex/.m2/repository/commons-lang/commons-lang/2.1/commons-lang-2.1.jar:/home/alex/.m2/repository/org/apache/maven/surefire/surefire-junit47/2.22.1/surefire-junit47-2.22.1.jar:/home/alex/.m2/repository/org/apache/maven/surefire/common-junit48/2.22.1/common-junit48-2.22.1.jar:/home/alex/.m2/repository/org/apache/maven/surefire/common-junit4/2.22.1/common-junit4-2.22.1.jar:/home/alex/.m2/repository/org/apache/maven/surefire/common-junit3/2.22.1/common-junit3-2.22.1.jar:/home/alex/.m2/repository/org/apache/maven/surefire/common-java5/2.22.1/common-java5-2.22.1.jar:/home/alex/.m2/repository/org/apache/maven/shared/maven-shared-utils/0.9/maven-shared-utils-0.9.jar:/home/alex/.m2/repository/org/apache/maven/surefire/surefire-grouper/2.22.1/surefire-grouper-2.22.1.jar"/>
    <property name="java.vm.vendor" value="Private Build"/>
    <property name="nondexPrintstack" value="false"/>
    <property name="sun.arch.data.model" value="64"/>
    <property name="java.vendor.url" value="http://java.oracle.com/"/>
    <property name="user.timezone" value=""/>
    <property name="user.country.format" value="PT"/>
    <property name="java.vm.specification.version" value="1.8"/>
    <property name="os.name" value="Linux"/>
    <property name="sun.java.launcher" value="SUN_STANDARD"/>
    <property name="user.country" value="US"/>
    <property name="sun.boot.library.path" value="/usr/lib/jvm/java-8-openjdk-amd64/jre/lib/amd64"/>
    <property name="sun.java.command" value="org.apache.maven.surefire.booter.ForkedBooter /home/alex/Repositories/ormlite-core/target/surefire 2024-04-25T16-18-14_624-jvmRun1 surefire8781379242968173609tmp surefire_13152855715617368541tmp"/>
    <property name="nondexLogging" value="CONFIG"/>
    <property name="surefire.test.class.path" value="/home/alex/Repositories/ormlite-core/target/test-classes:/home/alex/Repositories/ormlite-core/target/classes:/home/alex/.m2/repository/org/slf4j/slf4j-api/1.7.2/slf4j-api-1.7.2.jar:/home/alex/.m2/repository/org/slf4j/slf4j-log4j12/1.7.2/slf4j-log4j12-1.7.2.jar:/home/alex/.m2/repository/javax/persistence/persistence-api/1.0/persistence-api-1.0.jar:/home/alex/.m2/repository/commons-logging/commons-logging/1.1.1/commons-logging-1.1.1.jar:/home/alex/.m2/repository/log4j/log4j/1.2.17/log4j-1.2.17.jar:/home/alex/.m2/repository/org/apache/logging/log4j/log4j-api/2.0-beta4/log4j-api-2.0-beta4.jar:/home/alex/.m2/repository/junit/junit/4.13.1/junit-4.13.1.jar:/home/alex/.m2/repository/org/hamcrest/hamcrest-core/1.3/hamcrest-core-1.3.jar:/home/alex/.m2/repository/org/easymock/easymock/3.4/easymock-3.4.jar:/home/alex/.m2/repository/org/objenesis/objenesis/2.2/objenesis-2.2.jar:/home/alex/.m2/repository/com/h2database/h2/1.4.200/h2-1.4.200.jar:/home/alex/.m2/repository/commons-lang/commons-lang/2.1/commons-lang-2.1.jar:"/>
    <property name="sun.cpu.endian" value="little"/>
    <property name="nondexExecid" value="vzNqv0owTFqmRDYfJGSovQnn4YjCCpZ8e+0XgCi08+I="/>
    <property name="user.home" value="/home/alex"/>
    <property name="user.language" value="en"/>
    <property name="java.specification.vendor" value="Oracle Corporation"/>
    <property name="java.home" value="/usr/lib/jvm/java-8-openjdk-amd64/jre"/>
    <property name="file.separator" value="/"/>
    <property name="basedir" value="/home/alex/Repositories/ormlite-core"/>
    <property name="line.separator" value="&#10;"/>
    <property name="nondexEnd" value="9223372036854775807"/>
    <property name="java.specification.name" value="Java Platform API Specification"/>
    <property name="java.vm.specification.vendor" value="Oracle Corporation"/>
    <property name="java.awt.graphicsenv" value="sun.awt.X11GraphicsEnvironment"/>
    <property name="nondexFilter" value=".*"/>
    <property name="nondexSeed" value="933178"/>
    <property name="sun.boot.class.path" value="/home/alex/Repositories/ormlite-core/.nondex/nondex-instr.jar:/home/alex/.m2/repository/edu/illinois/nondex-common/2.1.7/nondex-common-2.1.7.jar:/home/alex/.m2/repository/edu/illinois/nondex-annotations/2.1.7/nondex-annotations-2.1.7.jar:/usr/lib/jvm/java-8-openjdk-amd64/jre/lib/resources.jar:/usr/lib/jvm/java-8-openjdk-amd64/jre/lib/rt.jar:/usr/lib/jvm/java-8-openjdk-amd64/jre/lib/sunrsasign.jar:/usr/lib/jvm/java-8-openjdk-amd64/jre/lib/jsse.jar:/usr/lib/jvm/java-8-openjdk-amd64/jre/lib/jce.jar:/usr/lib/jvm/java-8-openjdk-amd64/jre/lib/charsets.jar:/usr/lib/jvm/java-8-openjdk-amd64/jre/lib/jfr.jar:/usr/lib/jvm/java-8-openjdk-amd64/jre/classes"/>
    <property name="sun.management.compiler" value="HotSpot 64-Bit Tiered Compilers"/>
    <property name="java.runtime.version" value="1.8.0_402-8u402-ga-2ubuntu1~22.04-b06"/>
    <property name="user.name" value="alex"/>
    <property name="path.separator" value=":"/>
    <property name="os.version" value="6.5.0-28-generic"/>
    <property name="java.endorsed.dirs" value="/usr/lib/jvm/java-8-openjdk-amd64/jre/lib/endorsed"/>
    <property name="java.runtime.name" value="OpenJDK Runtime Environment"/>
    <property name="file.encoding" value="UTF-8"/>
    <property name="java.vm.name" value="OpenJDK 64-Bit Server VM"/>
    <property name="localRepository" value="/home/alex/.m2/repository"/>
    <property name="nondexDir" value="/home/alex/Repositories/ormlite-core/.nondex"/>
    <property name="java.vendor.url.bug" value="http://bugreport.sun.com/bugreport/"/>
    <property name="nondexJarDir" value="/home/alex/Repositories/ormlite-core/.nondex"/>
    <property name="java.io.tmpdir" value="/tmp"/>
    <property name="java.version" value="1.8.0_402"/>
    <property name="user.dir" value="/home/alex/Repositories/ormlite-core"/>
    <property name="os.arch" value="amd64"/>
    <property name="nondexMode" value="FULL"/>
    <property name="java.vm.specification.name" value="Java Virtual Machine Specification"/>
    <property name="user.language.format" value="pt"/>
    <property name="java.awt.printerjob" value="sun.print.PSPrinterJob"/>
    <property name="sun.os.patch.level" value="unknown"/>
    <property name="java.library.path" value="/usr/java/packages/lib/amd64:/usr/lib/x86_64-linux-gnu/jni:/lib/x86_64-linux-gnu:/usr/lib/x86_64-linux-gnu:/usr/lib/jni:/lib:/usr/lib"/>
    <property name="java.vm.info" value="mixed mode"/>
    <property name="java.vendor" value="Private Build"/>
    <property name="java.vm.version" value="25.402-b06"/>
    <property name="java.specification.maintenance.version" value="5"/>
    <property name="sun.io.unicode.encoding" value="UnicodeLittle"/>
    <property name="java.ext.dirs" value="/usr/lib/jvm/java-8-openjdk-amd64/jre/lib/ext:/usr/java/packages/lib/ext"/>
    <property name="java.class.version" value="52.0"/>
  </properties>
  <testcase name="testDeleteByIdNull" classname="com.j256.ormlite.dao.BaseDaoImplTest" time="0.002"/>
  <testcase name="testForeignLoop" classname="com.j256.ormlite.dao.BaseDaoImplTest" time="0.024"/>
  <testcase name="testForeignNoId" classname="com.j256.ormlite.dao.BaseDaoImplTest" time="0.006"/>
  <testcase name="testForeignNull" classname="com.j256.ormlite.dao.BaseDaoImplTest" time="0.002"/>
  <testcase name="testMultipleUniqueCombo" classname="com.j256.ormlite.dao.BaseDaoImplTest" time="0.008"/>
  <testcase name="testIsTableExistsThrow" classname="com.j256.ormlite.dao.BaseDaoImplTest" time="0.004"/>
  <testcase name="testRefreshNull" classname="com.j256.ormlite.dao.BaseDaoImplTest" time="0"/>
  <testcase name="testObjectToStringNoInit" classname="com.j256.ormlite.dao.BaseDaoImplTest" time="0"/>
  <testcase name="testForeignCollectionAutoRefresh" classname="com.j256.ormlite.dao.BaseDaoImplTest" time="0.002"/>
  <testcase name="testQueryPrepared" classname="com.j256.ormlite.dao.BaseDaoImplTest" time="0.01"/>
  <testcase name="testCreateNoInit" classname="com.j256.ormlite.dao.BaseDaoImplTest" time="0"/>
  <testcase name="testAnotherConstructor" classname="com.j256.ormlite.dao.BaseDaoImplTest" time="0"/>
  <testcase name="testGenIdVersusJustId" classname="com.j256.ormlite.dao.BaseDaoImplTest" time="0.022"/>
  <testcase name="testDeleteThrow" classname="com.j256.ormlite.dao.BaseDaoImplTest" time="0.005"/>
  <testcase name="testCountOfPrepared" classname="com.j256.ormlite.dao.BaseDaoImplTest" time="0.01"/>
  <testcase name="testUpdatePrepared" classname="com.j256.ormlite.dao.BaseDaoImplTest" time="0.017"/>
  <testcase name="testDeleteCollectionNoInit" classname="com.j256.ormlite.dao.BaseDaoImplTest" time="0"/>
  <testcase name="testForeignCantBeNull" classname="com.j256.ormlite.dao.BaseDaoImplTest" time="0.007"/>
  <testcase name="testQueryForPreparedNoInit" classname="com.j256.ormlite.dao.BaseDaoImplTest" time="0"/>
  <testcase name="testInitNoConnectionSource" classname="com.j256.ormlite.dao.BaseDaoImplTest" time="0"/>
  <testcase name="testIsUpdatable" classname="com.j256.ormlite.dao.BaseDaoImplTest" time="0"/>
  <testcase name="testQueryForFirstNoInit" classname="com.j256.ormlite.dao.BaseDaoImplTest" time="0"/>
  <testcase name="testForeignIntIdNull" classname="com.j256.ormlite.dao.BaseDaoImplTest" time="0.006"/>
  <testcase name="testUpdateRaw" classname="com.j256.ormlite.dao.BaseDaoImplTest" time="0.012"/>
  <testcase name="testUpdateThrow" classname="com.j256.ormlite.dao.BaseDaoImplTest" time="0.005"/>
  <testcase name="testUuidIdInsert" classname="com.j256.ormlite.dao.BaseDaoImplTest" time="0.006"/>
  <testcase name="testIntegerFieldNull" classname="com.j256.ormlite.dao.BaseDaoImplTest" time="0.007"/>
  <testcase name="testUseOfAndInt" classname="com.j256.ormlite.dao.BaseDaoImplTest" time="0.011"/>
  <testcase name="testCreateIfNotExists" classname="com.j256.ormlite.dao.BaseDaoImplTest" time="0.008"/>
  <testcase name="testUpdateIdNoInit" classname="com.j256.ormlite.dao.BaseDaoImplTest" time="0"/>
  <testcase name="testColumnDefinition" classname="com.j256.ormlite.dao.BaseDaoImplTest" time="0.007"/>
  <testcase name="testCreateThrow" classname="com.j256.ormlite.dao.BaseDaoImplTest" time="0.006"/>
  <testcase name="testExecuteRawThrow" classname="com.j256.ormlite.dao.BaseDaoImplTest" time="0.006"/>
  <testcase name="testForeign" classname="com.j256.ormlite.dao.BaseDaoImplTest" time="0.013"/>
  <testcase name="testSelectRaw" classname="com.j256.ormlite.dao.BaseDaoImplTest" time="0.006"/>
  <testcase name="testUpdateNull" classname="com.j256.ormlite.dao.BaseDaoImplTest" time="0"/>
  <testcase name="testDeleteByIdThrow" classname="com.j256.ormlite.dao.BaseDaoImplTest" time="0.005"/>
  <testcase name="testGetTableName" classname="com.j256.ormlite.dao.BaseDaoImplTest" time="0.003"/>
  <testcase name="testCreateCollection" classname="com.j256.ormlite.dao.BaseDaoImplTest" time="0.162"/>
  <testcase name="testQueryForEq" classname="com.j256.ormlite.dao.BaseDaoImplTest" time="0.005"/>
  <testcase name="testComparisonOfForeignCollection" classname="com.j256.ormlite.dao.BaseDaoImplTest" time="0.002"/>
  <testcase name="testTableConfig" classname="com.j256.ormlite.dao.BaseDaoImplTest" time="0"/>
  <testcase name="testQueryForMatchingQuotes" classname="com.j256.ormlite.dao.BaseDaoImplTest" time="0.003"/>
  <testcase name="testHeritagePattern" classname="com.j256.ormlite.dao.BaseDaoImplTest" time="0.005"/>
  <testcase name="testUseOfOrMany" classname="com.j256.ormlite.dao.BaseDaoImplTest" time="0.005"/>
  <testcase name="testCreateIfNotExistsNull" classname="com.j256.ormlite.dao.BaseDaoImplTest" time="0.002"/>
  <testcase name="testMultipleUniqueCreateDrop" classname="com.j256.ormlite.dao.BaseDaoImplTest" time="0.004"/>
  <testcase name="testDeleteIdsNoInit" classname="com.j256.ormlite.dao.BaseDaoImplTest" time="0"/>
  <testcase name="testQueryForIdNoInit" classname="com.j256.ormlite.dao.BaseDaoImplTest" time="0"/>
  <testcase name="testQueryForSameIdNull" classname="com.j256.ormlite.dao.BaseDaoImplTest" time="0.002"/>
  <testcase name="testDeleteEmptyCollection" classname="com.j256.ormlite.dao.BaseDaoImplTest" time="0.006"/>
  <testcase name="testQueryForIdThrow" classname="com.j256.ormlite.dao.BaseDaoImplTest" time="0.003"/>
  <testcase name="testFindForeign" classname="com.j256.ormlite.dao.BaseDaoImplTest" time="0"/>
  <testcase name="testCallBatchThrow" classname="com.j256.ormlite.dao.BaseDaoImplTest" time="0.002"/>
  <testcase name="testInsertObjectWithQuotes" classname="com.j256.ormlite.dao.BaseDaoImplTest" time="0.004"/>
  <testcase name="testCallBatch" classname="com.j256.ormlite.dao.BaseDaoImplTest" time="0.004"/>
  <testcase name="testDeletePreparedThrow" classname="com.j256.ormlite.dao.BaseDaoImplTest" time="0.003"/>
  <testcase name="testExecuteRawTrigger" classname="com.j256.ormlite.dao.BaseDaoImplTest" time="0.004"/>
  <testcase name="testQueryRawObjectsArguments" classname="com.j256.ormlite.dao.BaseDaoImplTest" time="0.003"/>
  <testcase name="testQueryForSameId" classname="com.j256.ormlite.dao.BaseDaoImplTest" time="0.003"/>
  <testcase name="testQueryForSameIdNullId" classname="com.j256.ormlite.dao.BaseDaoImplTest" time="0.003"/>
  <testcase name="testCountOfPreparedNoCountOf" classname="com.j256.ormlite.dao.BaseDaoImplTest" time="0.001"/>
  <testcase name="testMultipleUnique" classname="com.j256.ormlite.dao.BaseDaoImplTest" time="0.006"/>
  <testcase name="testUpdateIdNull" classname="com.j256.ormlite.dao.BaseDaoImplTest" time="0"/>
  <testcase name="testDaoObserver" classname="com.j256.ormlite.dao.BaseDaoImplTest" time="0.004"/>
  <testcase name="testExecuteRaw" classname="com.j256.ormlite.dao.BaseDaoImplTest" time="0.004"/>
  <testcase name="testQueryForFirst" classname="com.j256.ormlite.dao.BaseDaoImplTest" time="0.004"/>
  <testcase name="testQueryRawValue" classname="com.j256.ormlite.dao.BaseDaoImplTest" time="0.004"/>
  <testcase name="testUpdatePreparedThrow" classname="com.j256.ormlite.dao.BaseDaoImplTest" time="0.003"/>
  <testcase name="testUpdateNoInit" classname="com.j256.ormlite.dao.BaseDaoImplTest" time="0"/>
  <testcase name="testRefreshNoInit" classname="com.j256.ormlite.dao.BaseDaoImplTest" time="0"/>
  <testcase name="testDeleteCollection" classname="com.j256.ormlite.dao.BaseDaoImplTest" time="0.006"/>
  <testcase name="testSelectRawNotQuery" classname="com.j256.ormlite.dao.BaseDaoImplTest" time="0.003"/>
  <testcase name="testQueryRawUsingRawRowMapper" classname="com.j256.ormlite.dao.BaseDaoImplTest" time="0.003"/>
  <testcase name="testDoubleInitialize" classname="com.j256.ormlite.dao.BaseDaoImplTest" time="0"/>
  <testcase name="testQueryRawDataResultsMapper" classname="com.j256.ormlite.dao.BaseDaoImplTest" time="0.004"/>
  <testcase name="testForeignAutoRefresh" classname="com.j256.ormlite.dao.BaseDaoImplTest" time="0.006"/>
  <testcase name="testUpdateRawThrow" classname="com.j256.ormlite.dao.BaseDaoImplTest" time="0.003"/>
  <testcase name="testDeleteNoInit" classname="com.j256.ormlite.dao.BaseDaoImplTest" time="0"/>
  <testcase name="testQueryForMatchingNoFields" classname="com.j256.ormlite.dao.BaseDaoImplTest" time="0.002"/>
  <testcase name="testConstruct" classname="com.j256.ormlite.dao.BaseDaoImplTest" time="0"/>
  <testcase name="testQueryForFieldValues" classname="com.j256.ormlite.dao.BaseDaoImplTest" time="0.005"/>
  <testcase name="testDataClass" classname="com.j256.ormlite.dao.BaseDaoImplTest" time="0"/>
  <testcase name="testDeleteIds" classname="com.j256.ormlite.dao.BaseDaoImplTest" time="0.006"/>
  <testcase name="testIsTableExists" classname="com.j256.ormlite.dao.BaseDaoImplTest" time="0.002"/>
  <testcase name="testStatementBuilderNoInit" classname="com.j256.ormlite.dao.BaseDaoImplTest" time="0"/>
  <testcase name="testUseOfOrInt" classname="com.j256.ormlite.dao.BaseDaoImplTest" time="0.005"/>
  <testcase name="testUpdateTwoNullsInSeperateStatements" classname="com.j256.ormlite.dao.BaseDaoImplTest" time="0.003"/>
  <testcase name="testQueryForMatching" classname="com.j256.ormlite.dao.BaseDaoImplTest" time="0.006"/>
  <testcase name="testExtractId" classname="com.j256.ormlite.dao.BaseDaoImplTest" time="0.001"/>
  <testcase name="testCreateOrUpdateNull" classname="com.j256.ormlite.dao.BaseDaoImplTest" time="0.002"/>
  <testcase name="testQueryForMatchingArgs" classname="com.j256.ormlite.dao.BaseDaoImplTest" time="0.005"/>
  <testcase name="testNoDatabaseType" classname="com.j256.ormlite.dao.BaseDaoImplTest" time="0"/>
  <testcase name="testQueryForFieldValuesQuotes" classname="com.j256.ormlite.dao.BaseDaoImplTest" time="0.003"/>
  <testcase name="testCreateOrUpdate" classname="com.j256.ormlite.dao.BaseDaoImplTest" time="0.005"/>
  <testcase name="testForeignAutoRefreshFalse" classname="com.j256.ormlite.dao.BaseDaoImplTest" time="0.006"/>
  <testcase name="testCountOf" classname="com.j256.ormlite.dao.BaseDaoImplTest" time="0.005"/>
  <testcase name="testObjectToString" classname="com.j256.ormlite.dao.BaseDaoImplTest" time="0"/>
  <testcase name="testObjectsEqual" classname="com.j256.ormlite.dao.BaseDaoImplTest" time="0"/>
  <testcase name="testUpdateBuilder" classname="com.j256.ormlite.dao.BaseDaoImplTest" time="0"/>
  <testcase name="testCreateNull" classname="com.j256.ormlite.dao.BaseDaoImplTest" time="0.004"/>
  <testcase name="testQueryRawObjectsThrow" classname="com.j256.ormlite.dao.BaseDaoImplTest" time="0.005"/>
  <testcase name="testRefresh" classname="com.j256.ormlite.dao.BaseDaoImplTest" time="0.007"/>
  <testcase name="testQueryForFieldValuesEmpty" classname="com.j256.ormlite.dao.BaseDaoImplTest" time="0.005"/>
  <testcase name="testQueryRawMapped" classname="com.j256.ormlite.dao.BaseDaoImplTest" time="0.006"/>
  <testcase name="testDeleteCollectionThrow" classname="com.j256.ormlite.dao.BaseDaoImplTest" time="0.005"/>
  <testcase name="testQueryForForeignEq" classname="com.j256.ormlite.dao.BaseDaoImplTest" time="0.01"/>
  <testcase name="testRefreshThrow" classname="com.j256.ormlite.dao.BaseDaoImplTest" time="0.003"/>
  <testcase name="testExtractIdBadClass" classname="com.j256.ormlite.dao.BaseDaoImplTest" time="0.003"/>
  <testcase name="testDeleteById" classname="com.j256.ormlite.dao.BaseDaoImplTest" time="0.006"/>
  <testcase name="testDeleteNull" classname="com.j256.ormlite.dao.BaseDaoImplTest" time="0"/>
  <testcase name="testQueryForFirstThrow" classname="com.j256.ormlite.dao.BaseDaoImplTest" time="0.005"/>
  <testcase name="testNoConstructor" classname="com.j256.ormlite.dao.BaseDaoImplTest" time="0"/>
  <testcase name="testDeleteIdsEmpty" classname="com.j256.ormlite.dao.BaseDaoImplTest" time="0.001"/>
  <testcase name="testDeleteIdsThrow" classname="com.j256.ormlite.dao.BaseDaoImplTest" time="0.005"/>
  <testcase name="testCreateOrUpdateNullId" classname="com.j256.ormlite.dao.BaseDaoImplTest" time="0.006"/>
  <testcase name="testFewFields" classname="com.j256.ormlite.dao.BaseDaoImplTest" time="0.004"/>
  <testcase name="testCreate" classname="com.j256.ormlite.dao.BaseDaoImplTest" time="0.005"/>
  <testcase name="testDelete" classname="com.j256.ormlite.dao.BaseDaoImplTest" time="0.006"/>
  <testcase name="testBaseClassForeignEq" classname="com.j256.ormlite.dao.BaseDaoImplTest" time="0.01"/>
  <testcase name="testUpdateTwoDates" classname="com.j256.ormlite.dao.BaseDaoImplTest" time="0.004"/>
  <testcase name="testBadConnectionSource" classname="com.j256.ormlite.dao.BaseDaoImplTest" time="0.001"/>
  <testcase name="testUpdateTwoNulls" classname="com.j256.ormlite.dao.BaseDaoImplTest" time="0.004"/>
  <testcase name="testQueryRawStringsArguments" classname="com.j256.ormlite.dao.BaseDaoImplTest" time="0.006"/>
  <testcase name="testIfExists" classname="com.j256.ormlite.dao.BaseDaoImplTest" time="0.004"/>
  <testcase name="testReplaceCache" classname="com.j256.ormlite.dao.BaseDaoImplTest" time="0.005"/>
  <testcase name="testQueryForFirstNoResults" classname="com.j256.ormlite.dao.BaseDaoImplTest" time="0.003"/>
  <testcase name="testUseOfAndMany" classname="com.j256.ormlite.dao.BaseDaoImplTest" time="0.008"/>
  <testcase name="testJeremyNull" classname="com.j256.ormlite.dao.BaseDaoImplTest" time="0.003"/>
  <testcase name="testSetters" classname="com.j256.ormlite.dao.BaseDaoImplTest" time="0"/>
  <testcase name="testDeletePreparedStatement" classname="com.j256.ormlite.dao.BaseDaoImplTest" time="0.01"/>
  <testcase name="testObjectFactory" classname="com.j256.ormlite.dao.BaseDaoImplTest" time="0.005"/>
  <testcase name="testAutoCommitClose" classname="com.j256.ormlite.dao.BaseDaoImplTest" time="0.008"/>
  <testcase name="testObjectsEqualNoInit" classname="com.j256.ormlite.dao.BaseDaoImplTest" time="0"/>
  <testcase name="testQueryForFieldValuesArgs" classname="com.j256.ormlite.dao.BaseDaoImplTest" time="0.004"/>
  <testcase name="testConnectionMethods" classname="com.j256.ormlite.dao.BaseDaoImplTest" time="0.007"/>
  <testcase name="testUnique" classname="com.j256.ormlite.dao.BaseDaoImplTest" time="0.006"/>
  <testcase name="testUpdate" classname="com.j256.ormlite.dao.BaseDaoImplTest" time="0.005"/>
  <testcase name="testForeignColumnName" classname="com.j256.ormlite.dao.BaseDaoImplTest" time="0.01"/>
  <testcase name="testQueryRawStrings" classname="com.j256.ormlite.dao.BaseDaoImplTest" time="0.004"/>
  <testcase name="testQueryRawMappedArguments" classname="com.j256.ormlite.dao.BaseDaoImplTest" time="0.005"/>
  <testcase name="testQueryForFirstNoArgThrow" classname="com.j256.ormlite.dao.BaseDaoImplTest" time="0.004"/>
  <testcase name="testIterator" classname="com.j256.ormlite.dao.BaseDaoImplTest" time="0.01"/>
  <testcase name="testDeleteBuilder" classname="com.j256.ormlite.dao.BaseDaoImplTest" time="0"/>
  <testcase name="testUuidInsertQuery" classname="com.j256.ormlite.dao.BaseDaoImplTest" time="0.007"/>
  <testcase name="testQueryRawObjects" classname="com.j256.ormlite.dao.BaseDaoImplTest" time="0.006"/>
  <testcase name="testUpdateId" classname="com.j256.ormlite.dao.BaseDaoImplTest" time="0.011"/>
  <testcase name="testQueryRawStringsThrow" classname="com.j256.ormlite.dao.BaseDaoImplTest" time="0.003"/>
  <testcase name="testUpdateIdThrow" classname="com.j256.ormlite.dao.BaseDaoImplTest" time="0.002"/>
  <testcase name="testQueryRawMappedThrow" classname="com.j256.ormlite.dao.BaseDaoImplTest" time="0.004"/>
  <testcase name="testSerializableTimeStamp" classname="com.j256.ormlite.dao.BaseDaoImplTest" time="0.007"/>
</testsuite>