<?xml version="1.0" encoding="UTF-8"?>
<testsuite xmlns:xsi="http://www.w3.org/2001/XMLSchema-instance" xsi:noNamespaceSchemaLocation="https://maven.apache.org/surefire/maven-surefire-plugin/xsd/surefire-test-report-3.0.xsd" version="3.0" name="org.apache.nifi.processors.kudu.TestPutKudu" time="1.579" tests="29" errors="0" skipped="0" failures="0">
  <properties>
    <property name="sun.desktop" value="gnome"/>
    <property name="awt.toolkit" value="sun.awt.X11.XToolkit"/>
    <property name="file.encoding.pkg" value="sun.io"/>
    <property name="java.specification.version" value="1.8"/>
    <property name="sun.cpu.isalist" value=""/>
    <property name="sun.jnu.encoding" value="UTF-8"/>
    <property name="java.class.path" value="/home/alex/Repositories/nifi/nifi-nar-bundles/nifi-kudu-bundle/nifi-kudu-processors/target/test-classes:/home/alex/Repositories/nifi/nifi-nar-bundles/nifi-kudu-bundle/nifi-kudu-processors/target/classes:/home/alex/Repositories/nifi/nifi-api/target/classes:/home/alex/Repositories/nifi/nifi-nar-bundles/nifi-extension-utils/nifi-processor-utils/target/classes:/home/alex/Repositories/nifi/nifi-commons/nifi-security-socket-ssl/target/classes:/home/alex/.m2/repository/commons-io/commons-io/2.10.0/commons-io-2.10.0.jar:/home/alex/.m2/repository/org/apache/commons/commons-lang3/3.11/commons-lang3-3.11.jar:/home/alex/.m2/repository/com/fasterxml/jackson/core/jackson-databind/2.12.3/jackson-databind-2.12.3.jar:/home/alex/.m2/repository/com/fasterxml/jackson/core/jackson-annotations/2.12.3/jackson-annotations-2.12.3.jar:/home/alex/Repositories/nifi/nifi-nar-bundles/nifi-extension-utils/nifi-event-transport/target/classes:/home/alex/.m2/repository/io/netty/netty-handler/4.1.69.Final/netty-handler-4.1.69.Final.jar:/home/alex/.m2/repository/io/netty/netty-common/4.1.69.Final/netty-common-4.1.69.Final.jar:/home/alex/.m2/repository/io/netty/netty-resolver/4.1.69.Final/netty-resolver-4.1.69.Final.jar:/home/alex/.m2/repository/io/netty/netty-buffer/4.1.69.Final/netty-buffer-4.1.69.Final.jar:/home/alex/.m2/repository/io/netty/netty-transport/4.1.69.Final/netty-transport-4.1.69.Final.jar:/home/alex/.m2/repository/io/netty/netty-codec/4.1.69.Final/netty-codec-4.1.69.Final.jar:/home/alex/Repositories/nifi/nifi-nar-bundles/nifi-standard-services/nifi-kerberos-credentials-service-api/target/classes:/home/alex/Repositories/nifi/nifi-nar-bundles/nifi-standard-services/nifi-kerberos-user-service-api/target/classes:/home/alex/Repositories/nifi/nifi-nar-bundles/nifi-standard-services/nifi-record-serialization-service-api/target/classes:/home/alex/.m2/repository/org/apache/kudu/kudu-client/1.15.0/kudu-client-1.15.0.jar:/home/alex/.m2/repository/com/stumbleupon/async/1.4.1/async-1.4.1.jar:/home/alex/.m2/repository/org/slf4j/slf4j-api/1.7.32/slf4j-api-1.7.32.jar:/home/alex/Repositories/nifi/nifi-commons/nifi-utils/target/classes:/home/alex/Repositories/nifi/nifi-commons/nifi-record/target/classes:/home/alex/Repositories/nifi/nifi-commons/nifi-record-path/target/classes:/home/alex/Repositories/nifi/nifi-commons/nifi-properties/target/classes:/home/alex/Repositories/nifi/nifi-commons/nifi-property-utils/target/classes:/home/alex/Repositories/nifi/nifi-commons/nifi-uuid5/target/classes:/home/alex/.m2/repository/org/antlr/antlr-runtime/3.5.2/antlr-runtime-3.5.2.jar:/home/alex/.m2/repository/com/github/ben-manes/caffeine/caffeine/2.8.1/caffeine-2.8.1.jar:/home/alex/.m2/repository/org/checkerframework/checker-qual/3.1.0/checker-qual-3.1.0.jar:/home/alex/.m2/repository/com/google/errorprone/error_prone_annotations/2.3.4/error_prone_annotations-2.3.4.jar:/home/alex/.m2/repository/commons-codec/commons-codec/1.14/commons-codec-1.14.jar:/home/alex/Repositories/nifi/nifi-commons/nifi-security-kerberos/target/classes:/home/alex/Repositories/nifi/nifi-commons/nifi-security-kerberos-api/target/classes:/home/alex/.m2/repository/org/apache/kudu/kudu-test-utils/1.15.0/kudu-test-utils-1.15.0.jar:/home/alex/.m2/repository/junit/junit/4.13.2/junit-4.13.2.jar:/home/alex/.m2/repository/org/hamcrest/hamcrest/2.2/hamcrest-2.2.jar:/home/alex/Repositories/nifi/nifi-nar-bundles/nifi-extension-utils/nifi-record-utils/nifi-mock-record-utils/target/classes:/home/alex/Repositories/nifi/nifi-mock/target/classes:/home/alex/Repositories/nifi/nifi-framework-api/target/classes:/home/alex/Repositories/nifi/nifi-commons/nifi-parameter/target/classes:/home/alex/Repositories/nifi/nifi-nar-bundles/nifi-framework-bundle/nifi-framework/nifi-framework-core-api/target/classes:/home/alex/Repositories/nifi/nifi-nar-bundles/nifi-framework-bundle/nifi-framework/nifi-framework-nar-utils/target/classes:/home/alex/Repositories/nifi/nifi-nar-bundles/nifi-framework-bundle/nifi-framework/nifi-client-dto/target/classes:/home/alex/.m2/repository/io/swagger/swagger-annotations/1.6.0/swagger-annotations-1.6.0.jar:/home/alex/Repositories/nifi/nifi-commons/nifi-site-to-site-client/target/classes:/home/alex/Repositories/nifi/nifi-commons/nifi-security-utils/target/classes:/home/alex/Repositories/nifi/nifi-commons/nifi-security-utils-api/target/classes:/home/alex/Repositories/nifi/nifi-commons/nifi-security-kms/target/classes:/home/alex/.m2/repository/org/bouncycastle/bcprov-jdk15on/1.69/bcprov-jdk15on-1.69.jar:/home/alex/.m2/repository/org/bouncycastle/bcpkix-jdk15on/1.69/bcpkix-jdk15on-1.69.jar:/home/alex/.m2/repository/org/bouncycastle/bcutil-jdk15on/1.69/bcutil-jdk15on-1.69.jar:/home/alex/.m2/repository/at/favre/lib/bcrypt/0.9.0/bcrypt-0.9.0.jar:/home/alex/.m2/repository/at/favre/lib/bytes/1.3.0/bytes-1.3.0.jar:/home/alex/.m2/repository/org/apache/commons/commons-configuration2/2.7/commons-configuration2-2.7.jar:/home/alex/.m2/repository/org/apache/httpcomponents/httpclient/4.5.5/httpclient-4.5.5.jar:/home/alex/.m2/repository/org/apache/httpcomponents/httpcore/4.4.9/httpcore-4.4.9.jar:/home/alex/.m2/repository/org/apache/httpcomponents/httpasyncclient/4.1.4/httpasyncclient-4.1.4.jar:/home/alex/.m2/repository/org/apache/httpcomponents/httpcore-nio/4.4.10/httpcore-nio-4.4.10.jar:/home/alex/Repositories/nifi/nifi-nar-bundles/nifi-framework-bundle/nifi-framework/nifi-framework-authorization/target/classes:/home/alex/Repositories/nifi/nifi-registry/nifi-registry-core/nifi-registry-data-model/target/classes:/home/alex/.m2/repository/javax/validation/validation-api/2.0.1.Final/validation-api-2.0.1.Final.jar:/home/alex/.m2/repository/javax/ws/rs/javax.ws.rs-api/2.1/javax.ws.rs-api-2.1.jar:/home/alex/Repositories/nifi/nifi-registry/nifi-registry-core/nifi-registry-revision/nifi-registry-revision-entity-model/target/classes:/home/alex/Repositories/nifi/nifi-registry/nifi-registry-core/nifi-registry-client/target/classes:/home/alex/Repositories/nifi/nifi-registry/nifi-registry-core/nifi-registry-security-utils/target/classes:/home/alex/.m2/repository/org/glassfish/jersey/core/jersey-client/2.33/jersey-client-2.33.jar:/home/alex/.m2/repository/jakarta/ws/rs/jakarta.ws.rs-api/2.1.6/jakarta.ws.rs-api-2.1.6.jar:/home/alex/.m2/repository/org/glassfish/hk2/external/jakarta.inject/2.6.1/jakarta.inject-2.6.1.jar:/home/alex/.m2/repository/org/glassfish/jersey/media/jersey-media-json-jackson/2.33/jersey-media-json-jackson-2.33.jar:/home/alex/.m2/repository/org/glassfish/jersey/ext/jersey-entity-filtering/2.33/jersey-entity-filtering-2.33.jar:/home/alex/.m2/repository/com/fasterxml/jackson/module/jackson-module-jaxb-annotations/2.11.3/jackson-module-jaxb-annotations-2.11.3.jar:/home/alex/.m2/repository/jakarta/xml/bind/jakarta.xml.bind-api/2.3.2/jakarta.xml.bind-api-2.3.2.jar:/home/alex/.m2/repository/jakarta/activation/jakarta.activation-api/1.2.1/jakarta.activation-api-1.2.1.jar:/home/alex/.m2/repository/org/glassfish/jersey/inject/jersey-hk2/2.33/jersey-hk2-2.33.jar:/home/alex/.m2/repository/org/glassfish/hk2/hk2-locator/2.6.1/hk2-locator-2.6.1.jar:/home/alex/.m2/repository/org/glassfish/hk2/external/aopalliance-repackaged/2.6.1/aopalliance-repackaged-2.6.1.jar:/home/alex/.m2/repository/org/glassfish/hk2/hk2-api/2.6.1/hk2-api-2.6.1.jar:/home/alex/.m2/repository/org/glassfish/hk2/hk2-utils/2.6.1/hk2-utils-2.6.1.jar:/home/alex/.m2/repository/org/javassist/javassist/3.25.0-GA/javassist-3.25.0-GA.jar:/home/alex/.m2/repository/org/glassfish/jersey/core/jersey-common/2.33/jersey-common-2.33.jar:/home/alex/.m2/repository/jakarta/annotation/jakarta.annotation-api/1.3.5/jakarta.annotation-api-1.3.5.jar:/home/alex/.m2/repository/org/glassfish/hk2/osgi-resource-locator/1.0.3/osgi-resource-locator-1.0.3.jar:/home/alex/.m2/repository/org/glassfish/jersey/media/jersey-media-multipart/2.33/jersey-media-multipart-2.33.jar:/home/alex/.m2/repository/org/jvnet/mimepull/mimepull/1.9.13/mimepull-1.9.13.jar:/home/alex/Repositories/nifi/nifi-commons/nifi-expression-language/target/classes:/home/alex/.m2/repository/com/jayway/jsonpath/json-path/2.6.0/json-path-2.6.0.jar:/home/alex/.m2/repository/net/minidev/json-smart/2.4.7/json-smart-2.4.7.jar:/home/alex/.m2/repository/net/minidev/accessors-smart/2.4.7/accessors-smart-2.4.7.jar:/home/alex/.m2/repository/org/ow2/asm/asm/9.1/asm-9.1.jar:/home/alex/.m2/repository/org/apache/commons/commons-text/1.8/commons-text-1.8.jar:/home/alex/Repositories/nifi/nifi-commons/nifi-data-provenance-utils/target/classes:/home/alex/.m2/repository/com/fasterxml/jackson/core/jackson-core/2.12.3/jackson-core-2.12.3.jar:/home/alex/.m2/repository/org/apache/kudu/kudu-binary/1.15.0/kudu-binary-1.15.0-linux-x86_64.jar:/home/alex/.m2/repository/org/junit/jupiter/junit-jupiter-api/5.7.2/junit-jupiter-api-5.7.2.jar:/home/alex/.m2/repository/org/apiguardian/apiguardian-api/1.1.0/apiguardian-api-1.1.0.jar:/home/alex/.m2/repository/org/opentest4j/opentest4j/1.2.0/opentest4j-1.2.0.jar:/home/alex/.m2/repository/org/junit/platform/junit-platform-commons/1.7.2/junit-platform-commons-1.7.2.jar:/home/alex/.m2/repository/org/junit/jupiter/junit-jupiter-engine/5.7.2/junit-jupiter-engine-5.7.2.jar:/home/alex/.m2/repository/org/junit/platform/junit-platform-engine/1.7.2/junit-platform-engine-1.7.2.jar:/home/alex/.m2/repository/org/junit/vintage/junit-vintage-engine/5.7.2/junit-vintage-engine-5.7.2.jar:/home/alex/.m2/repository/org/junit/jupiter/junit-jupiter-params/5.7.2/junit-jupiter-params-5.7.2.jar:/home/alex/.m2/repository/org/mockito/mockito-core/3.11.2/mockito-core-3.11.2.jar:/home/alex/.m2/repository/net/bytebuddy/byte-buddy/1.11.3/byte-buddy-1.11.3.jar:/home/alex/.m2/repository/net/bytebuddy/byte-buddy-agent/1.11.3/byte-buddy-agent-1.11.3.jar:/home/alex/.m2/repository/org/objenesis/objenesis/3.2/objenesis-3.2.jar:/home/alex/.m2/repository/org/mockito/mockito-junit-jupiter/3.11.2/mockito-junit-jupiter-3.11.2.jar:/home/alex/.m2/repository/org/slf4j/slf4j-simple/1.7.32/slf4j-simple-1.7.32.jar:/home/alex/.m2/repository/org/codehaus/groovy/groovy-test/2.5.14/groovy-test-2.5.14.jar:/home/alex/.m2/repository/org/codehaus/groovy/groovy/2.5.14/groovy-2.5.14.jar:"/>
    <property name="java.vm.vendor" value="Private Build"/>
    <property name="sun.arch.data.model" value="64"/>
    <property name="java.vendor.url" value="http://java.oracle.com/"/>
    <property name="user.timezone" value="Europe/Lisbon"/>
    <property name="java.vm.specification.version" value="1.8"/>
    <property name="os.name" value="Linux"/>
    <property name="user.country" value="US"/>
    <property name="sun.java.launcher" value="SUN_STANDARD"/>
    <property name="sun.boot.library.path" value="/usr/lib/jvm/java-8-openjdk-amd64/jre/lib/amd64"/>
    <property name="sun.java.command" value="/home/alex/Repositories/nifi/nifi-nar-bundles/nifi-kudu-bundle/nifi-kudu-processors/target/surefire/surefirebooter7379578212735433724.jar /home/alex/Repositories/nifi/nifi-nar-bundles/nifi-kudu-bundle/nifi-kudu-processors/target/surefire 2024-05-02T02-49-14_087-jvmRun1 surefire8485793754043768167tmp surefire_0112725279940450035tmp"/>
    <property name="surefire.test.class.path" value="/home/alex/Repositories/nifi/nifi-nar-bundles/nifi-kudu-bundle/nifi-kudu-processors/target/test-classes:/home/alex/Repositories/nifi/nifi-nar-bundles/nifi-kudu-bundle/nifi-kudu-processors/target/classes:/home/alex/Repositories/nifi/nifi-api/target/classes:/home/alex/Repositories/nifi/nifi-nar-bundles/nifi-extension-utils/nifi-processor-utils/target/classes:/home/alex/Repositories/nifi/nifi-commons/nifi-security-socket-ssl/target/classes:/home/alex/.m2/repository/commons-io/commons-io/2.10.0/commons-io-2.10.0.jar:/home/alex/.m2/repository/org/apache/commons/commons-lang3/3.11/commons-lang3-3.11.jar:/home/alex/.m2/repository/com/fasterxml/jackson/core/jackson-databind/2.12.3/jackson-databind-2.12.3.jar:/home/alex/.m2/repository/com/fasterxml/jackson/core/jackson-annotations/2.12.3/jackson-annotations-2.12.3.jar:/home/alex/Repositories/nifi/nifi-nar-bundles/nifi-extension-utils/nifi-event-transport/target/classes:/home/alex/.m2/repository/io/netty/netty-handler/4.1.69.Final/netty-handler-4.1.69.Final.jar:/home/alex/.m2/repository/io/netty/netty-common/4.1.69.Final/netty-common-4.1.69.Final.jar:/home/alex/.m2/repository/io/netty/netty-resolver/4.1.69.Final/netty-resolver-4.1.69.Final.jar:/home/alex/.m2/repository/io/netty/netty-buffer/4.1.69.Final/netty-buffer-4.1.69.Final.jar:/home/alex/.m2/repository/io/netty/netty-transport/4.1.69.Final/netty-transport-4.1.69.Final.jar:/home/alex/.m2/repository/io/netty/netty-codec/4.1.69.Final/netty-codec-4.1.69.Final.jar:/home/alex/Repositories/nifi/nifi-nar-bundles/nifi-standard-services/nifi-kerberos-credentials-service-api/target/classes:/home/alex/Repositories/nifi/nifi-nar-bundles/nifi-standard-services/nifi-kerberos-user-service-api/target/classes:/home/alex/Repositories/nifi/nifi-nar-bundles/nifi-standard-services/nifi-record-serialization-service-api/target/classes:/home/alex/.m2/repository/org/apache/kudu/kudu-client/1.15.0/kudu-client-1.15.0.jar:/home/alex/.m2/repository/com/stumbleupon/async/1.4.1/async-1.4.1.jar:/home/alex/.m2/repository/org/slf4j/slf4j-api/1.7.32/slf4j-api-1.7.32.jar:/home/alex/Repositories/nifi/nifi-commons/nifi-utils/target/classes:/home/alex/Repositories/nifi/nifi-commons/nifi-record/target/classes:/home/alex/Repositories/nifi/nifi-commons/nifi-record-path/target/classes:/home/alex/Repositories/nifi/nifi-commons/nifi-properties/target/classes:/home/alex/Repositories/nifi/nifi-commons/nifi-property-utils/target/classes:/home/alex/Repositories/nifi/nifi-commons/nifi-uuid5/target/classes:/home/alex/.m2/repository/org/antlr/antlr-runtime/3.5.2/antlr-runtime-3.5.2.jar:/home/alex/.m2/repository/com/github/ben-manes/caffeine/caffeine/2.8.1/caffeine-2.8.1.jar:/home/alex/.m2/repository/org/checkerframework/checker-qual/3.1.0/checker-qual-3.1.0.jar:/home/alex/.m2/repository/com/google/errorprone/error_prone_annotations/2.3.4/error_prone_annotations-2.3.4.jar:/home/alex/.m2/repository/commons-codec/commons-codec/1.14/commons-codec-1.14.jar:/home/alex/Repositories/nifi/nifi-commons/nifi-security-kerberos/target/classes:/home/alex/Repositories/nifi/nifi-commons/nifi-security-kerberos-api/target/classes:/home/alex/.m2/repository/org/apache/kudu/kudu-test-utils/1.15.0/kudu-test-utils-1.15.0.jar:/home/alex/.m2/repository/junit/junit/4.13.2/junit-4.13.2.jar:/home/alex/.m2/repository/org/hamcrest/hamcrest/2.2/hamcrest-2.2.jar:/home/alex/Repositories/nifi/nifi-nar-bundles/nifi-extension-utils/nifi-record-utils/nifi-mock-record-utils/target/classes:/home/alex/Repositories/nifi/nifi-mock/target/classes:/home/alex/Repositories/nifi/nifi-framework-api/target/classes:/home/alex/Repositories/nifi/nifi-commons/nifi-parameter/target/classes:/home/alex/Repositories/nifi/nifi-nar-bundles/nifi-framework-bundle/nifi-framework/nifi-framework-core-api/target/classes:/home/alex/Repositories/nifi/nifi-nar-bundles/nifi-framework-bundle/nifi-framework/nifi-framework-nar-utils/target/classes:/home/alex/Repositories/nifi/nifi-nar-bundles/nifi-framework-bundle/nifi-framework/nifi-client-dto/target/classes:/home/alex/.m2/repository/io/swagger/swagger-annotations/1.6.0/swagger-annotations-1.6.0.jar:/home/alex/Repositories/nifi/nifi-commons/nifi-site-to-site-client/target/classes:/home/alex/Repositories/nifi/nifi-commons/nifi-security-utils/target/classes:/home/alex/Repositories/nifi/nifi-commons/nifi-security-utils-api/target/classes:/home/alex/Repositories/nifi/nifi-commons/nifi-security-kms/target/classes:/home/alex/.m2/repository/org/bouncycastle/bcprov-jdk15on/1.69/bcprov-jdk15on-1.69.jar:/home/alex/.m2/repository/org/bouncycastle/bcpkix-jdk15on/1.69/bcpkix-jdk15on-1.69.jar:/home/alex/.m2/repository/org/bouncycastle/bcutil-jdk15on/1.69/bcutil-jdk15on-1.69.jar:/home/alex/.m2/repository/at/favre/lib/bcrypt/0.9.0/bcrypt-0.9.0.jar:/home/alex/.m2/repository/at/favre/lib/bytes/1.3.0/bytes-1.3.0.jar:/home/alex/.m2/repository/org/apache/commons/commons-configuration2/2.7/commons-configuration2-2.7.jar:/home/alex/.m2/repository/org/apache/httpcomponents/httpclient/4.5.5/httpclient-4.5.5.jar:/home/alex/.m2/repository/org/apache/httpcomponents/httpcore/4.4.9/httpcore-4.4.9.jar:/home/alex/.m2/repository/org/apache/httpcomponents/httpasyncclient/4.1.4/httpasyncclient-4.1.4.jar:/home/alex/.m2/repository/org/apache/httpcomponents/httpcore-nio/4.4.10/httpcore-nio-4.4.10.jar:/home/alex/Repositories/nifi/nifi-nar-bundles/nifi-framework-bundle/nifi-framework/nifi-framework-authorization/target/classes:/home/alex/Repositories/nifi/nifi-registry/nifi-registry-core/nifi-registry-data-model/target/classes:/home/alex/.m2/repository/javax/validation/validation-api/2.0.1.Final/validation-api-2.0.1.Final.jar:/home/alex/.m2/repository/javax/ws/rs/javax.ws.rs-api/2.1/javax.ws.rs-api-2.1.jar:/home/alex/Repositories/nifi/nifi-registry/nifi-registry-core/nifi-registry-revision/nifi-registry-revision-entity-model/target/classes:/home/alex/Repositories/nifi/nifi-registry/nifi-registry-core/nifi-registry-client/target/classes:/home/alex/Repositories/nifi/nifi-registry/nifi-registry-core/nifi-registry-security-utils/target/classes:/home/alex/.m2/repository/org/glassfish/jersey/core/jersey-client/2.33/jersey-client-2.33.jar:/home/alex/.m2/repository/jakarta/ws/rs/jakarta.ws.rs-api/2.1.6/jakarta.ws.rs-api-2.1.6.jar:/home/alex/.m2/repository/org/glassfish/hk2/external/jakarta.inject/2.6.1/jakarta.inject-2.6.1.jar:/home/alex/.m2/repository/org/glassfish/jersey/media/jersey-media-json-jackson/2.33/jersey-media-json-jackson-2.33.jar:/home/alex/.m2/repository/org/glassfish/jersey/ext/jersey-entity-filtering/2.33/jersey-entity-filtering-2.33.jar:/home/alex/.m2/repository/com/fasterxml/jackson/module/jackson-module-jaxb-annotations/2.11.3/jackson-module-jaxb-annotations-2.11.3.jar:/home/alex/.m2/repository/jakarta/xml/bind/jakarta.xml.bind-api/2.3.2/jakarta.xml.bind-api-2.3.2.jar:/home/alex/.m2/repository/jakarta/activation/jakarta.activation-api/1.2.1/jakarta.activation-api-1.2.1.jar:/home/alex/.m2/repository/org/glassfish/jersey/inject/jersey-hk2/2.33/jersey-hk2-2.33.jar:/home/alex/.m2/repository/org/glassfish/hk2/hk2-locator/2.6.1/hk2-locator-2.6.1.jar:/home/alex/.m2/repository/org/glassfish/hk2/external/aopalliance-repackaged/2.6.1/aopalliance-repackaged-2.6.1.jar:/home/alex/.m2/repository/org/glassfish/hk2/hk2-api/2.6.1/hk2-api-2.6.1.jar:/home/alex/.m2/repository/org/glassfish/hk2/hk2-utils/2.6.1/hk2-utils-2.6.1.jar:/home/alex/.m2/repository/org/javassist/javassist/3.25.0-GA/javassist-3.25.0-GA.jar:/home/alex/.m2/repository/org/glassfish/jersey/core/jersey-common/2.33/jersey-common-2.33.jar:/home/alex/.m2/repository/jakarta/annotation/jakarta.annotation-api/1.3.5/jakarta.annotation-api-1.3.5.jar:/home/alex/.m2/repository/org/glassfish/hk2/osgi-resource-locator/1.0.3/osgi-resource-locator-1.0.3.jar:/home/alex/.m2/repository/org/glassfish/jersey/media/jersey-media-multipart/2.33/jersey-media-multipart-2.33.jar:/home/alex/.m2/repository/org/jvnet/mimepull/mimepull/1.9.13/mimepull-1.9.13.jar:/home/alex/Repositories/nifi/nifi-commons/nifi-expression-language/target/classes:/home/alex/.m2/repository/com/jayway/jsonpath/json-path/2.6.0/json-path-2.6.0.jar:/home/alex/.m2/repository/net/minidev/json-smart/2.4.7/json-smart-2.4.7.jar:/home/alex/.m2/repository/net/minidev/accessors-smart/2.4.7/accessors-smart-2.4.7.jar:/home/alex/.m2/repository/org/ow2/asm/asm/9.1/asm-9.1.jar:/home/alex/.m2/repository/org/apache/commons/commons-text/1.8/commons-text-1.8.jar:/home/alex/Repositories/nifi/nifi-commons/nifi-data-provenance-utils/target/classes:/home/alex/.m2/repository/com/fasterxml/jackson/core/jackson-core/2.12.3/jackson-core-2.12.3.jar:/home/alex/.m2/repository/org/apache/kudu/kudu-binary/1.15.0/kudu-binary-1.15.0-linux-x86_64.jar:/home/alex/.m2/repository/org/junit/jupiter/junit-jupiter-api/5.7.2/junit-jupiter-api-5.7.2.jar:/home/alex/.m2/repository/org/apiguardian/apiguardian-api/1.1.0/apiguardian-api-1.1.0.jar:/home/alex/.m2/repository/org/opentest4j/opentest4j/1.2.0/opentest4j-1.2.0.jar:/home/alex/.m2/repository/org/junit/platform/junit-platform-commons/1.7.2/junit-platform-commons-1.7.2.jar:/home/alex/.m2/repository/org/junit/jupiter/junit-jupiter-engine/5.7.2/junit-jupiter-engine-5.7.2.jar:/home/alex/.m2/repository/org/junit/platform/junit-platform-engine/1.7.2/junit-platform-engine-1.7.2.jar:/home/alex/.m2/repository/org/junit/vintage/junit-vintage-engine/5.7.2/junit-vintage-engine-5.7.2.jar:/home/alex/.m2/repository/org/junit/jupiter/junit-jupiter-params/5.7.2/junit-jupiter-params-5.7.2.jar:/home/alex/.m2/repository/org/mockito/mockito-core/3.11.2/mockito-core-3.11.2.jar:/home/alex/.m2/repository/net/bytebuddy/byte-buddy/1.11.3/byte-buddy-1.11.3.jar:/home/alex/.m2/repository/net/bytebuddy/byte-buddy-agent/1.11.3/byte-buddy-agent-1.11.3.jar:/home/alex/.m2/repository/org/objenesis/objenesis/3.2/objenesis-3.2.jar:/home/alex/.m2/repository/org/mockito/mockito-junit-jupiter/3.11.2/mockito-junit-jupiter-3.11.2.jar:/home/alex/.m2/repository/org/slf4j/slf4j-simple/1.7.32/slf4j-simple-1.7.32.jar:/home/alex/.m2/repository/org/codehaus/groovy/groovy-test/2.5.14/groovy-test-2.5.14.jar:/home/alex/.m2/repository/org/codehaus/groovy/groovy/2.5.14/groovy-2.5.14.jar:"/>
    <property name="sun.cpu.endian" value="little"/>
    <property name="user.home" value="/home/alex"/>
    <property name="user.language" value="en"/>
    <property name="java.specification.vendor" value="Oracle Corporation"/>
    <property name="java.home" value="/usr/lib/jvm/java-8-openjdk-amd64/jre"/>
    <property name="basedir" value="/home/alex/Repositories/nifi/nifi-nar-bundles/nifi-kudu-bundle/nifi-kudu-processors"/>
    <property name="file.separator" value="/"/>
    <property name="line.separator" value="&#10;"/>
    <property name="java.vm.specification.vendor" value="Oracle Corporation"/>
    <property name="java.specification.name" value="Java Platform API Specification"/>
    <property name="java.awt.graphicsenv" value="sun.awt.X11GraphicsEnvironment"/>
    <property name="java.awt.headless" value="true"/>
    <property name="surefire.real.class.path" value="/home/alex/Repositories/nifi/nifi-nar-bundles/nifi-kudu-bundle/nifi-kudu-processors/target/surefire/surefirebooter7379578212735433724.jar"/>
    <property name="sun.boot.class.path" value="/usr/lib/jvm/java-8-openjdk-amd64/jre/lib/resources.jar:/usr/lib/jvm/java-8-openjdk-amd64/jre/lib/rt.jar:/usr/lib/jvm/java-8-openjdk-amd64/jre/lib/sunrsasign.jar:/usr/lib/jvm/java-8-openjdk-amd64/jre/lib/jsse.jar:/usr/lib/jvm/java-8-openjdk-amd64/jre/lib/jce.jar:/usr/lib/jvm/java-8-openjdk-amd64/jre/lib/charsets.jar:/usr/lib/jvm/java-8-openjdk-amd64/jre/lib/jfr.jar:/usr/lib/jvm/java-8-openjdk-amd64/jre/classes"/>
    <property name="sun.management.compiler" value="HotSpot 64-Bit Tiered Compilers"/>
    <property name="java.runtime.version" value="1.8.0_402-8u402-ga-2ubuntu1~22.04-b06"/>
    <property name="java.net.preferIPv4Stack" value="true"/>
    <property name="user.name" value="alex"/>
    <property name="path.separator" value=":"/>
    <property name="os.version" value="6.5.0-28-generic"/>
    <property name="java.endorsed.dirs" value="/usr/lib/jvm/java-8-openjdk-amd64/jre/lib/endorsed"/>
    <property name="java.runtime.name" value="OpenJDK Runtime Environment"/>
    <property name="file.encoding" value="UTF-8"/>
    <property name="java.vm.name" value="OpenJDK 64-Bit Server VM"/>
    <property name="localRepository" value="/home/alex/.m2/repository"/>
    <property name="java.vendor.url.bug" value="http://bugreport.sun.com/bugreport/"/>
    <property name="java.io.tmpdir" value="/tmp"/>
    <property name="java.version" value="1.8.0_402"/>
    <property name="user.dir" value="/home/alex/Repositories/nifi/nifi-nar-bundles/nifi-kudu-bundle/nifi-kudu-processors"/>
    <property name="os.arch" value="amd64"/>
    <property name="java.vm.specification.name" value="Java Virtual Machine Specification"/>
    <property name="java.awt.printerjob" value="sun.print.PSPrinterJob"/>
    <property name="sun.os.patch.level" value="unknown"/>
    <property name="java.library.path" value="/usr/java/packages/lib/amd64:/usr/lib/x86_64-linux-gnu/jni:/lib/x86_64-linux-gnu:/usr/lib/x86_64-linux-gnu:/usr/lib/jni:/lib:/usr/lib"/>
    <property name="java.vm.info" value="mixed mode"/>
    <property name="java.vendor" value="Private Build"/>
    <property name="java.vm.version" value="25.402-b06"/>
    <property name="java.specification.maintenance.version" value="5"/>
    <property name="java.ext.dirs" value="/usr/lib/jvm/java-8-openjdk-amd64/jre/lib/ext:/usr/java/packages/lib/ext"/>
    <property name="sun.io.unicode.encoding" value="UnicodeLittle"/>
    <property name="java.class.version" value="52.0"/>
  </properties>
  <testcase name="testBuildPartialRowLowercaseFields" classname="org.apache.nifi.processors.kudu.TestPutKudu" time="0.592"/>
  <testcase name="testValidSchemaShouldBeSuccessful" classname="org.apache.nifi.processors.kudu.TestPutKudu" time="0.279"/>
  <testcase name="testAddingMissingFieldsWhenHandleSchemaDriftIsAllowed" classname="org.apache.nifi.processors.kudu.TestPutKudu" time="0.044">
    <system-err><![CDATA[[pool-3-thread-1] INFO org.apache.nifi.processors.kudu.MockPutKudu - MockPutKudu[id=9667a23c-79d7-41f0-becd-373950119b40] Adding 6 columns to table 'null' to handle schema drift
]]></system-err>
  </testcase>
  <testcase name="testBuildPartialRowLowercaseFieldsFalse" classname="org.apache.nifi.processors.kudu.TestPutKudu" time="0.002"/>
  <testcase name="testBuildPartialRowNullable" classname="org.apache.nifi.processors.kudu.TestPutKudu" time="0.002"/>
  <testcase name="testBuildPartialRowWithDateDefaultTimeZone" classname="org.apache.nifi.processors.kudu.TestPutKudu" time="0.031"/>
  <testcase name="testBuildPartialRowLowercaseFieldsKuduUpperFail" classname="org.apache.nifi.processors.kudu.TestPutKudu" time="0.001"/>
  <testcase name="testCustomValidate" classname="org.apache.nifi.processors.kudu.TestPutKudu" time="0.021"/>
  <testcase name="testMissingColumnInReader" classname="org.apache.nifi.processors.kudu.TestPutKudu" time="0.011">
    <system-err><![CDATA[[pool-4-thread-1] ERROR org.apache.nifi.processors.kudu.MockPutKudu - MockPutKudu[id=2ed7ef8b-237e-4b68-9be2-cef1e9e0b459] Failed to push FlowFile[0,testMissingColumnInReader-1714614555807,7B] to Kudu: java.lang.ArrayIndexOutOfBoundsException: 3
java.lang.ArrayIndexOutOfBoundsException: 3
	at org.apache.nifi.serialization.record.MockRecordParser$1.nextRecord(MockRecordParser.java:106)
	at org.apache.nifi.serialization.RecordReader.nextRecord(RecordReader.java:50)
	at org.apache.nifi.serialization.RecordReader$1.next(RecordReader.java:96)
	at org.apache.nifi.processors.kudu.PutKudu.processRecords(PutKudu.java:432)
	at org.apache.nifi.processors.kudu.PutKudu.processFlowFiles(PutKudu.java:372)
	at org.apache.nifi.processors.kudu.PutKudu.lambda$onTrigger$0(PutKudu.java:351)
	at org.apache.nifi.processors.kudu.MockPutKudu.executeOnKuduClient(MockPutKudu.java:140)
	at org.apache.nifi.processors.kudu.PutKudu.onTrigger(PutKudu.java:351)
	at org.apache.nifi.processor.AbstractProcessor.onTrigger(AbstractProcessor.java:27)
	at org.apache.nifi.util.StandardProcessorTestRunner$RunProcessor.call(StandardProcessorTestRunner.java:284)
	at org.apache.nifi.util.StandardProcessorTestRunner$RunProcessor.call(StandardProcessorTestRunner.java:278)
	at java.util.concurrent.FutureTask.run(FutureTask.java:266)
	at java.util.concurrent.ScheduledThreadPoolExecutor$ScheduledFutureTask.access$201(ScheduledThreadPoolExecutor.java:180)
	at java.util.concurrent.ScheduledThreadPoolExecutor$ScheduledFutureTask.run(ScheduledThreadPoolExecutor.java:293)
	at java.util.concurrent.ThreadPoolExecutor.runWorker(ThreadPoolExecutor.java:1149)
	at java.util.concurrent.ThreadPoolExecutor$Worker.run(ThreadPoolExecutor.java:624)
	at java.lang.Thread.run(Thread.java:750)
[pool-4-thread-1] ERROR org.apache.nifi.processors.kudu.MockPutKudu - MockPutKudu[id=2ed7ef8b-237e-4b68-9be2-cef1e9e0b459] Failed to write due to java.lang.ArrayIndexOutOfBoundsException: 3: java.lang.ArrayIndexOutOfBoundsException: 3
java.lang.ArrayIndexOutOfBoundsException: 3
	at org.apache.nifi.serialization.record.MockRecordParser$1.nextRecord(MockRecordParser.java:106)
	at org.apache.nifi.serialization.RecordReader.nextRecord(RecordReader.java:50)
	at org.apache.nifi.serialization.RecordReader$1.next(RecordReader.java:96)
	at org.apache.nifi.processors.kudu.PutKudu.processRecords(PutKudu.java:432)
	at org.apache.nifi.processors.kudu.PutKudu.processFlowFiles(PutKudu.java:372)
	at org.apache.nifi.processors.kudu.PutKudu.lambda$onTrigger$0(PutKudu.java:351)
	at org.apache.nifi.processors.kudu.MockPutKudu.executeOnKuduClient(MockPutKudu.java:140)
	at org.apache.nifi.processors.kudu.PutKudu.onTrigger(PutKudu.java:351)
	at org.apache.nifi.processor.AbstractProcessor.onTrigger(AbstractProcessor.java:27)
	at org.apache.nifi.util.StandardProcessorTestRunner$RunProcessor.call(StandardProcessorTestRunner.java:284)
	at org.apache.nifi.util.StandardProcessorTestRunner$RunProcessor.call(StandardProcessorTestRunner.java:278)
	at java.util.concurrent.FutureTask.run(FutureTask.java:266)
	at java.util.concurrent.ScheduledThreadPoolExecutor$ScheduledFutureTask.access$201(ScheduledThreadPoolExecutor.java:180)
	at java.util.concurrent.ScheduledThreadPoolExecutor$ScheduledFutureTask.run(ScheduledThreadPoolExecutor.java:293)
	at java.util.concurrent.ThreadPoolExecutor.runWorker(ThreadPoolExecutor.java:1149)
	at java.util.concurrent.ThreadPoolExecutor$Worker.run(ThreadPoolExecutor.java:624)
	at java.lang.Thread.run(Thread.java:750)
]]></system-err>
  </testcase>
  <testcase name="testKuduPartialFailuresOnAutoFlushBackground" classname="org.apache.nifi.processors.kudu.TestPutKudu" time="0.253">
    <system-err><![CDATA[[pool-5-thread-1] ERROR org.apache.nifi.processors.kudu.MockPutKudu - MockPutKudu[id=b0a50293-3730-4c77-92a6-af26cdb3c5e9] Failed to write due to Mock for RowError, hashCode: 582894091
[pool-5-thread-1] ERROR org.apache.nifi.processors.kudu.MockPutKudu - MockPutKudu[id=b0a50293-3730-4c77-92a6-af26cdb3c5e9] Failed to write due to Mock for RowError, hashCode: 1204536773
[pool-5-thread-1] ERROR org.apache.nifi.processors.kudu.MockPutKudu - MockPutKudu[id=b0a50293-3730-4c77-92a6-af26cdb3c5e9] Failed to push FlowFile[3,94975884149212.mockFlowFile,0B] to Kudu: Mock for KuduException, hashCode: 338877021
[pool-5-thread-1] ERROR org.apache.nifi.processors.kudu.MockPutKudu - MockPutKudu[id=b0a50293-3730-4c77-92a6-af26cdb3c5e9] Failed to write due to Mock for KuduException, hashCode: 338877021: Mock for KuduException, hashCode: 338877021
[pool-6-thread-1] ERROR org.apache.nifi.processors.kudu.MockPutKudu - MockPutKudu[id=f0a6d642-4b43-4adb-83a0-ba7f8620149c] Failed to write due to Mock for RowError, hashCode: 682071487
[pool-6-thread-1] ERROR org.apache.nifi.processors.kudu.MockPutKudu - MockPutKudu[id=f0a6d642-4b43-4adb-83a0-ba7f8620149c] Failed to write due to Mock for RowError, hashCode: 101116817
[pool-6-thread-1] ERROR org.apache.nifi.processors.kudu.MockPutKudu - MockPutKudu[id=f0a6d642-4b43-4adb-83a0-ba7f8620149c] Failed to push FlowFile[3,94975901732883.mockFlowFile,0B] to Kudu: Mock for KuduException, hashCode: 434205923
[pool-6-thread-1] ERROR org.apache.nifi.processors.kudu.MockPutKudu - MockPutKudu[id=f0a6d642-4b43-4adb-83a0-ba7f8620149c] Failed to write due to Mock for KuduException, hashCode: 434205923: Mock for KuduException, hashCode: 434205923
[pool-7-thread-1] ERROR org.apache.nifi.processors.kudu.MockPutKudu - MockPutKudu[id=84f6cc72-4fba-4d14-8f32-36612b6783a9] Failed to write due to Mock for RowError, hashCode: 2084019902
[pool-7-thread-1] ERROR org.apache.nifi.processors.kudu.MockPutKudu - MockPutKudu[id=84f6cc72-4fba-4d14-8f32-36612b6783a9] Failed to write due to Mock for RowError, hashCode: 1814600402
[pool-7-thread-1] ERROR org.apache.nifi.processors.kudu.MockPutKudu - MockPutKudu[id=84f6cc72-4fba-4d14-8f32-36612b6783a9] Failed to push FlowFile[3,94975911962123.mockFlowFile,0B] to Kudu: Mock for KuduException, hashCode: 251663685
[pool-7-thread-1] ERROR org.apache.nifi.processors.kudu.MockPutKudu - MockPutKudu[id=84f6cc72-4fba-4d14-8f32-36612b6783a9] Failed to write due to Mock for KuduException, hashCode: 251663685: Mock for KuduException, hashCode: 251663685
[pool-8-thread-1] ERROR org.apache.nifi.processors.kudu.MockPutKudu - MockPutKudu[id=c243b54d-ef61-45b1-9266-6f85584ea33e] Failed to push FlowFile[3,94975922099577.mockFlowFile,0B] to Kudu: Mock for KuduException, hashCode: 673910842
[pool-8-thread-1] ERROR org.apache.nifi.processors.kudu.MockPutKudu - MockPutKudu[id=c243b54d-ef61-45b1-9266-6f85584ea33e] Failed to write due to Mock for RowError, hashCode: 624412950
[pool-8-thread-1] ERROR org.apache.nifi.processors.kudu.MockPutKudu - MockPutKudu[id=c243b54d-ef61-45b1-9266-6f85584ea33e] Failed to write due to Mock for RowError, hashCode: 960797855
[pool-8-thread-1] ERROR org.apache.nifi.processors.kudu.MockPutKudu - MockPutKudu[id=c243b54d-ef61-45b1-9266-6f85584ea33e] Failed to write due to Mock for KuduException, hashCode: 673910842: Mock for KuduException, hashCode: 673910842
[pool-9-thread-1] ERROR org.apache.nifi.processors.kudu.MockPutKudu - MockPutKudu[id=a1358c45-174d-4938-90c9-bd264cd8fc5d] Failed to push FlowFile[3,94975932202143.mockFlowFile,0B] to Kudu: Mock for KuduException, hashCode: 221096181
[pool-9-thread-1] ERROR org.apache.nifi.processors.kudu.MockPutKudu - MockPutKudu[id=a1358c45-174d-4938-90c9-bd264cd8fc5d] Failed to write due to Mock for RowError, hashCode: 1919946372
[pool-9-thread-1] ERROR org.apache.nifi.processors.kudu.MockPutKudu - MockPutKudu[id=a1358c45-174d-4938-90c9-bd264cd8fc5d] Failed to write due to Mock for RowError, hashCode: 1254543185
[pool-9-thread-1] ERROR org.apache.nifi.processors.kudu.MockPutKudu - MockPutKudu[id=a1358c45-174d-4938-90c9-bd264cd8fc5d] Failed to write due to Mock for KuduException, hashCode: 221096181: Mock for KuduException, hashCode: 221096181
[pool-10-thread-1] ERROR org.apache.nifi.processors.kudu.MockPutKudu - MockPutKudu[id=ede0a778-41c6-4b6b-b463-693d371fbe7e] Failed to push FlowFile[3,94975939767856.mockFlowFile,0B] to Kudu: Mock for KuduException, hashCode: 316626682
[pool-10-thread-1] ERROR org.apache.nifi.processors.kudu.MockPutKudu - MockPutKudu[id=ede0a778-41c6-4b6b-b463-693d371fbe7e] Failed to write due to Mock for RowError, hashCode: 1515493171
[pool-10-thread-1] ERROR org.apache.nifi.processors.kudu.MockPutKudu - MockPutKudu[id=ede0a778-41c6-4b6b-b463-693d371fbe7e] Failed to write due to Mock for RowError, hashCode: 1867013739
[pool-10-thread-1] ERROR org.apache.nifi.processors.kudu.MockPutKudu - MockPutKudu[id=ede0a778-41c6-4b6b-b463-693d371fbe7e] Failed to write due to Mock for KuduException, hashCode: 316626682: Mock for KuduException, hashCode: 316626682
[pool-11-thread-1] ERROR org.apache.nifi.processors.kudu.MockPutKudu - MockPutKudu[id=541a8963-faeb-4013-9beb-09d866ab2df4] Failed to push FlowFile[3,94975947837937.mockFlowFile,0B] to Kudu: Mock for KuduException, hashCode: 330112779
[pool-11-thread-1] ERROR org.apache.nifi.processors.kudu.MockPutKudu - MockPutKudu[id=541a8963-faeb-4013-9beb-09d866ab2df4] Failed to write due to Mock for RowError, hashCode: 326494594
[pool-11-thread-1] ERROR org.apache.nifi.processors.kudu.MockPutKudu - MockPutKudu[id=541a8963-faeb-4013-9beb-09d866ab2df4] Failed to write due to Mock for RowError, hashCode: 1089312260
[pool-11-thread-1] ERROR org.apache.nifi.processors.kudu.MockPutKudu - MockPutKudu[id=541a8963-faeb-4013-9beb-09d866ab2df4] Failed to write due to Mock for KuduException, hashCode: 330112779: Mock for KuduException, hashCode: 330112779
[pool-12-thread-1] ERROR org.apache.nifi.processors.kudu.MockPutKudu - MockPutKudu[id=eb1bf7f7-f008-4a52-90a5-ead240b3b2da] Failed to push FlowFile[3,94975957253803.mockFlowFile,0B] to Kudu: Mock for KuduException, hashCode: 701700657
[pool-12-thread-1] ERROR org.apache.nifi.processors.kudu.MockPutKudu - MockPutKudu[id=eb1bf7f7-f008-4a52-90a5-ead240b3b2da] Failed to write due to Mock for RowError, hashCode: 1244833780
[pool-12-thread-1] ERROR org.apache.nifi.processors.kudu.MockPutKudu - MockPutKudu[id=eb1bf7f7-f008-4a52-90a5-ead240b3b2da] Failed to write due to Mock for RowError, hashCode: 1275700976
[pool-12-thread-1] ERROR org.apache.nifi.processors.kudu.MockPutKudu - MockPutKudu[id=eb1bf7f7-f008-4a52-90a5-ead240b3b2da] Failed to write due to Mock for KuduException, hashCode: 701700657: Mock for KuduException, hashCode: 701700657
[pool-13-thread-1] ERROR org.apache.nifi.processors.kudu.MockPutKudu - MockPutKudu[id=0f8897f1-cd6b-4b2b-afbe-4ed600f53b17] Failed to push FlowFile[3,94975966660021.mockFlowFile,0B] to Kudu: Mock for KuduException, hashCode: 1344349657
[pool-13-thread-1] ERROR org.apache.nifi.processors.kudu.MockPutKudu - MockPutKudu[id=0f8897f1-cd6b-4b2b-afbe-4ed600f53b17] Failed to write due to Mock for RowError, hashCode: 929512741
[pool-13-thread-1] ERROR org.apache.nifi.processors.kudu.MockPutKudu - MockPutKudu[id=0f8897f1-cd6b-4b2b-afbe-4ed600f53b17] Failed to write due to Mock for RowError, hashCode: 970084577
[pool-13-thread-1] ERROR org.apache.nifi.processors.kudu.MockPutKudu - MockPutKudu[id=0f8897f1-cd6b-4b2b-afbe-4ed600f53b17] Failed to write due to Mock for KuduException, hashCode: 1344349657: Mock for KuduException, hashCode: 1344349657
[pool-14-thread-1] ERROR org.apache.nifi.processors.kudu.MockPutKudu - MockPutKudu[id=9f1c5aa2-3b11-4197-a4c4-254c9eedb662] Failed to push FlowFile[3,94975975757957.mockFlowFile,0B] to Kudu: Mock for KuduException, hashCode: 822070168
[pool-14-thread-1] ERROR org.apache.nifi.processors.kudu.MockPutKudu - MockPutKudu[id=9f1c5aa2-3b11-4197-a4c4-254c9eedb662] Failed to write due to Mock for RowError, hashCode: 625579632
[pool-14-thread-1] ERROR org.apache.nifi.processors.kudu.MockPutKudu - MockPutKudu[id=9f1c5aa2-3b11-4197-a4c4-254c9eedb662] Failed to write due to Mock for RowError, hashCode: 642553260
[pool-14-thread-1] ERROR org.apache.nifi.processors.kudu.MockPutKudu - MockPutKudu[id=9f1c5aa2-3b11-4197-a4c4-254c9eedb662] Failed to write due to Mock for KuduException, hashCode: 822070168: Mock for KuduException, hashCode: 822070168
[pool-15-thread-1] ERROR org.apache.nifi.processors.kudu.MockPutKudu - MockPutKudu[id=40bec7da-fa07-4214-8dfd-1d3517bce202] Failed to push FlowFile[3,94975984818097.mockFlowFile,0B] to Kudu: Mock for KuduException, hashCode: 124564883
[pool-15-thread-1] ERROR org.apache.nifi.processors.kudu.MockPutKudu - MockPutKudu[id=40bec7da-fa07-4214-8dfd-1d3517bce202] Failed to write due to Mock for RowError, hashCode: 1591053453
[pool-15-thread-1] ERROR org.apache.nifi.processors.kudu.MockPutKudu - MockPutKudu[id=40bec7da-fa07-4214-8dfd-1d3517bce202] Failed to write due to Mock for RowError, hashCode: 1371896046
[pool-15-thread-1] ERROR org.apache.nifi.processors.kudu.MockPutKudu - MockPutKudu[id=40bec7da-fa07-4214-8dfd-1d3517bce202] Failed to write due to Mock for KuduException, hashCode: 124564883: Mock for KuduException, hashCode: 124564883
]]></system-err>
  </testcase>
  <testcase name="testBuildPartialRowLowercaseFieldsKuduUpper" classname="org.apache.nifi.processors.kudu.TestPutKudu" time="0.001"/>
  <testcase name="testDeleteFlowFiles" classname="org.apache.nifi.processors.kudu.TestPutKudu" time="0.092"/>
  <testcase name="testBuildRow" classname="org.apache.nifi.processors.kudu.TestPutKudu" time="0"/>
  <testcase name="testBuildPartialRowWithDate" classname="org.apache.nifi.processors.kudu.TestPutKudu" time="0.001"/>
  <testcase name="testInsecureClient" classname="org.apache.nifi.processors.kudu.TestPutKudu" time="0.003"/>
  <testcase name="testUpdateFlowFiles" classname="org.apache.nifi.processors.kudu.TestPutKudu" time="0.035"/>
  <testcase name="testBuildPartialRowNullPrimaryKey" classname="org.apache.nifi.processors.kudu.TestPutKudu" time="0.002"/>
  <testcase name="testBuildPartialRowWithDateString" classname="org.apache.nifi.processors.kudu.TestPutKudu" time="0.001"/>
  <testcase name="testReadAsStringAndWriteAsInt" classname="org.apache.nifi.processors.kudu.TestPutKudu" time="0.003"/>
  <testcase name="testBuildPartialRowNotNullable" classname="org.apache.nifi.processors.kudu.TestPutKudu" time="0.001"/>
  <testcase name="testUpsertFlowFiles" classname="org.apache.nifi.processors.kudu.TestPutKudu" time="0.03"/>
  <testcase name="testKuduPartialFailuresOnManualFlush" classname="org.apache.nifi.processors.kudu.TestPutKudu" time="0.06">
    <system-err><![CDATA[[pool-22-thread-1] ERROR org.apache.nifi.processors.kudu.MockPutKudu - MockPutKudu[id=efb6d20a-a644-47b7-ae21-30c3ef14181b] Failed to write due to Mock for RowError, hashCode: 772295074
[pool-22-thread-1] ERROR org.apache.nifi.processors.kudu.MockPutKudu - MockPutKudu[id=efb6d20a-a644-47b7-ae21-30c3ef14181b] Failed to write due to Mock for RowError, hashCode: 1311225581
[pool-22-thread-1] ERROR org.apache.nifi.processors.kudu.MockPutKudu - MockPutKudu[id=efb6d20a-a644-47b7-ae21-30c3ef14181b] Failed to push FlowFile[3,94976165586650.mockFlowFile,0B] to Kudu: Mock for KuduException, hashCode: 363830105
[pool-22-thread-1] ERROR org.apache.nifi.processors.kudu.MockPutKudu - MockPutKudu[id=efb6d20a-a644-47b7-ae21-30c3ef14181b] Failed to write due to Mock for KuduException, hashCode: 363830105: Mock for KuduException, hashCode: 363830105
[pool-23-thread-1] ERROR org.apache.nifi.processors.kudu.MockPutKudu - MockPutKudu[id=f2f58df9-90fe-4ff6-a4de-cc62cdff40e5] Failed to write due to Mock for RowError, hashCode: 1017720100
[pool-23-thread-1] ERROR org.apache.nifi.processors.kudu.MockPutKudu - MockPutKudu[id=f2f58df9-90fe-4ff6-a4de-cc62cdff40e5] Failed to write due to Mock for RowError, hashCode: 212105600
[pool-23-thread-1] ERROR org.apache.nifi.processors.kudu.MockPutKudu - MockPutKudu[id=f2f58df9-90fe-4ff6-a4de-cc62cdff40e5] Failed to push FlowFile[3,94976172248907.mockFlowFile,0B] to Kudu: Mock for KuduException, hashCode: 1789845512
[pool-23-thread-1] ERROR org.apache.nifi.processors.kudu.MockPutKudu - MockPutKudu[id=f2f58df9-90fe-4ff6-a4de-cc62cdff40e5] Failed to write due to Mock for KuduException, hashCode: 1789845512: Mock for KuduException, hashCode: 1789845512
[pool-24-thread-1] ERROR org.apache.nifi.processors.kudu.MockPutKudu - MockPutKudu[id=7c7d5aa2-1882-47d1-82ee-9fd4b7948365] Failed to write due to Mock for RowError, hashCode: 805663671
[pool-24-thread-1] ERROR org.apache.nifi.processors.kudu.MockPutKudu - MockPutKudu[id=7c7d5aa2-1882-47d1-82ee-9fd4b7948365] Failed to write due to Mock for RowError, hashCode: 35757480
[pool-24-thread-1] ERROR org.apache.nifi.processors.kudu.MockPutKudu - MockPutKudu[id=7c7d5aa2-1882-47d1-82ee-9fd4b7948365] Failed to push FlowFile[3,94976177924575.mockFlowFile,0B] to Kudu: Mock for KuduException, hashCode: 300527880
[pool-24-thread-1] ERROR org.apache.nifi.processors.kudu.MockPutKudu - MockPutKudu[id=7c7d5aa2-1882-47d1-82ee-9fd4b7948365] Failed to write due to Mock for KuduException, hashCode: 300527880: Mock for KuduException, hashCode: 300527880
[pool-25-thread-1] ERROR org.apache.nifi.processors.kudu.MockPutKudu - MockPutKudu[id=919440dd-39ca-4ae5-9596-9efd0a763ff6] Failed to push FlowFile[3,94976183357696.mockFlowFile,0B] to Kudu: Mock for KuduException, hashCode: 1841263428
[pool-25-thread-1] ERROR org.apache.nifi.processors.kudu.MockPutKudu - MockPutKudu[id=919440dd-39ca-4ae5-9596-9efd0a763ff6] Failed to write due to Mock for RowError, hashCode: 454211063
[pool-25-thread-1] ERROR org.apache.nifi.processors.kudu.MockPutKudu - MockPutKudu[id=919440dd-39ca-4ae5-9596-9efd0a763ff6] Failed to write due to Mock for RowError, hashCode: 973602714
[pool-25-thread-1] ERROR org.apache.nifi.processors.kudu.MockPutKudu - MockPutKudu[id=919440dd-39ca-4ae5-9596-9efd0a763ff6] Failed to write due to Mock for KuduException, hashCode: 1841263428: Mock for KuduException, hashCode: 1841263428
[pool-26-thread-1] ERROR org.apache.nifi.processors.kudu.MockPutKudu - MockPutKudu[id=741faf2d-db43-4639-b146-be80b8c05cc5] Failed to push FlowFile[3,94976188113750.mockFlowFile,0B] to Kudu: Mock for KuduException, hashCode: 1081775945
[pool-26-thread-1] ERROR org.apache.nifi.processors.kudu.MockPutKudu - MockPutKudu[id=741faf2d-db43-4639-b146-be80b8c05cc5] Failed to write due to Mock for RowError, hashCode: 1651130170
[pool-26-thread-1] ERROR org.apache.nifi.processors.kudu.MockPutKudu - MockPutKudu[id=741faf2d-db43-4639-b146-be80b8c05cc5] Failed to write due to Mock for RowError, hashCode: 789416384
[pool-26-thread-1] ERROR org.apache.nifi.processors.kudu.MockPutKudu - MockPutKudu[id=741faf2d-db43-4639-b146-be80b8c05cc5] Failed to write due to Mock for KuduException, hashCode: 1081775945: Mock for KuduException, hashCode: 1081775945
[pool-27-thread-1] ERROR org.apache.nifi.processors.kudu.MockPutKudu - MockPutKudu[id=09cb22a9-e8e6-4565-a0d5-0f0a42ff1a92] Failed to push FlowFile[3,94976192708219.mockFlowFile,0B] to Kudu: Mock for KuduException, hashCode: 1043426599
[pool-27-thread-1] ERROR org.apache.nifi.processors.kudu.MockPutKudu - MockPutKudu[id=09cb22a9-e8e6-4565-a0d5-0f0a42ff1a92] Failed to write due to Mock for RowError, hashCode: 1442978439
[pool-27-thread-1] ERROR org.apache.nifi.processors.kudu.MockPutKudu - MockPutKudu[id=09cb22a9-e8e6-4565-a0d5-0f0a42ff1a92] Failed to write due to Mock for RowError, hashCode: 1331821008
[pool-27-thread-1] ERROR org.apache.nifi.processors.kudu.MockPutKudu - MockPutKudu[id=09cb22a9-e8e6-4565-a0d5-0f0a42ff1a92] Failed to write due to Mock for KuduException, hashCode: 1043426599: Mock for KuduException, hashCode: 1043426599
[pool-28-thread-1] ERROR org.apache.nifi.processors.kudu.MockPutKudu - MockPutKudu[id=a3e14ee4-18d6-4fae-9c2e-0ef1f0d760d2] Failed to push FlowFile[3,94976197928766.mockFlowFile,0B] to Kudu: Mock for KuduException, hashCode: 1366265275
[pool-28-thread-1] ERROR org.apache.nifi.processors.kudu.MockPutKudu - MockPutKudu[id=a3e14ee4-18d6-4fae-9c2e-0ef1f0d760d2] Failed to write due to Mock for RowError, hashCode: 295000977
[pool-28-thread-1] ERROR org.apache.nifi.processors.kudu.MockPutKudu - MockPutKudu[id=a3e14ee4-18d6-4fae-9c2e-0ef1f0d760d2] Failed to write due to Mock for RowError, hashCode: 1515296442
[pool-28-thread-1] ERROR org.apache.nifi.processors.kudu.MockPutKudu - MockPutKudu[id=a3e14ee4-18d6-4fae-9c2e-0ef1f0d760d2] Failed to write due to Mock for KuduException, hashCode: 1366265275: Mock for KuduException, hashCode: 1366265275
[pool-29-thread-1] ERROR org.apache.nifi.processors.kudu.MockPutKudu - MockPutKudu[id=2e4cfd7b-41b5-4584-a150-cba0ff447c9f] Failed to push FlowFile[3,94976202745996.mockFlowFile,0B] to Kudu: Mock for KuduException, hashCode: 2017626517
[pool-29-thread-1] ERROR org.apache.nifi.processors.kudu.MockPutKudu - MockPutKudu[id=2e4cfd7b-41b5-4584-a150-cba0ff447c9f] Failed to write due to Mock for RowError, hashCode: 412620669
[pool-29-thread-1] ERROR org.apache.nifi.processors.kudu.MockPutKudu - MockPutKudu[id=2e4cfd7b-41b5-4584-a150-cba0ff447c9f] Failed to write due to Mock for RowError, hashCode: 1509064414
[pool-29-thread-1] ERROR org.apache.nifi.processors.kudu.MockPutKudu - MockPutKudu[id=2e4cfd7b-41b5-4584-a150-cba0ff447c9f] Failed to write due to Mock for KuduException, hashCode: 2017626517: Mock for KuduException, hashCode: 2017626517
[pool-30-thread-1] ERROR org.apache.nifi.processors.kudu.MockPutKudu - MockPutKudu[id=1b2a6f65-050a-4be9-b02a-7d61b3d1599f] Failed to push FlowFile[3,94976207921152.mockFlowFile,0B] to Kudu: Mock for KuduException, hashCode: 636410534
[pool-30-thread-1] ERROR org.apache.nifi.processors.kudu.MockPutKudu - MockPutKudu[id=1b2a6f65-050a-4be9-b02a-7d61b3d1599f] Failed to write due to Mock for RowError, hashCode: 1828447163
[pool-30-thread-1] ERROR org.apache.nifi.processors.kudu.MockPutKudu - MockPutKudu[id=1b2a6f65-050a-4be9-b02a-7d61b3d1599f] Failed to write due to Mock for RowError, hashCode: 537323687
[pool-30-thread-1] ERROR org.apache.nifi.processors.kudu.MockPutKudu - MockPutKudu[id=1b2a6f65-050a-4be9-b02a-7d61b3d1599f] Failed to write due to Mock for KuduException, hashCode: 636410534: Mock for KuduException, hashCode: 636410534
[pool-31-thread-1] ERROR org.apache.nifi.processors.kudu.MockPutKudu - MockPutKudu[id=cf7859cb-5c1d-4cf0-9cf4-cee71e681e00] Failed to push FlowFile[3,94976213394822.mockFlowFile,0B] to Kudu: Mock for KuduException, hashCode: 926705645
[pool-31-thread-1] ERROR org.apache.nifi.processors.kudu.MockPutKudu - MockPutKudu[id=cf7859cb-5c1d-4cf0-9cf4-cee71e681e00] Failed to write due to Mock for RowError, hashCode: 660166765
[pool-31-thread-1] ERROR org.apache.nifi.processors.kudu.MockPutKudu - MockPutKudu[id=cf7859cb-5c1d-4cf0-9cf4-cee71e681e00] Failed to write due to Mock for RowError, hashCode: 1423399618
[pool-31-thread-1] ERROR org.apache.nifi.processors.kudu.MockPutKudu - MockPutKudu[id=cf7859cb-5c1d-4cf0-9cf4-cee71e681e00] Failed to write due to Mock for KuduException, hashCode: 926705645: Mock for KuduException, hashCode: 926705645
[pool-32-thread-1] ERROR org.apache.nifi.processors.kudu.MockPutKudu - MockPutKudu[id=26310ebd-be37-499d-b7ce-833ba5e61e02] Failed to push FlowFile[3,94976218815814.mockFlowFile,0B] to Kudu: Mock for KuduException, hashCode: 202460981
[pool-32-thread-1] ERROR org.apache.nifi.processors.kudu.MockPutKudu - MockPutKudu[id=26310ebd-be37-499d-b7ce-833ba5e61e02] Failed to write due to Mock for RowError, hashCode: 2009747463
[pool-32-thread-1] ERROR org.apache.nifi.processors.kudu.MockPutKudu - MockPutKudu[id=26310ebd-be37-499d-b7ce-833ba5e61e02] Failed to write due to Mock for RowError, hashCode: 2052604028
[pool-32-thread-1] ERROR org.apache.nifi.processors.kudu.MockPutKudu - MockPutKudu[id=26310ebd-be37-499d-b7ce-833ba5e61e02] Failed to write due to Mock for KuduException, hashCode: 202460981: Mock for KuduException, hashCode: 202460981
]]></system-err>
  </testcase>
  <testcase name="testInsertManyFlowFiles" classname="org.apache.nifi.processors.kudu.TestPutKudu" time="0.008"/>
  <testcase name="testKerberosEnabled" classname="org.apache.nifi.processors.kudu.TestPutKudu" time="0.002"/>
  <testcase name="testBuildPartialRowVarCharTooLong" classname="org.apache.nifi.processors.kudu.TestPutKudu" time="0.001"/>
  <testcase name="testMalformedRecordExceptionFromReaderShouldRouteToFailure" classname="org.apache.nifi.processors.kudu.TestPutKudu" time="0.019">
    <system-err><![CDATA[[pool-36-thread-1] ERROR org.apache.nifi.processors.kudu.MockPutKudu - MockPutKudu[id=275a0558-3a8a-4444-a3af-d28fc0d56270] Failed to push FlowFile[0,testMalformedRecordExceptionShouldRouteToFailure-1714614556331,7B] to Kudu: java.lang.NullPointerException
java.lang.NullPointerException
	at org.apache.nifi.processors.kudu.PutKudu.processRecords(PutKudu.java:432)
	at org.apache.nifi.processors.kudu.PutKudu.processFlowFiles(PutKudu.java:372)
	at org.apache.nifi.processors.kudu.PutKudu.lambda$onTrigger$0(PutKudu.java:351)
	at org.apache.nifi.processors.kudu.MockPutKudu.executeOnKuduClient(MockPutKudu.java:140)
	at org.apache.nifi.processors.kudu.PutKudu.onTrigger(PutKudu.java:351)
	at org.apache.nifi.processor.AbstractProcessor.onTrigger(AbstractProcessor.java:27)
	at org.apache.nifi.util.StandardProcessorTestRunner$RunProcessor.call(StandardProcessorTestRunner.java:284)
	at org.apache.nifi.util.StandardProcessorTestRunner$RunProcessor.call(StandardProcessorTestRunner.java:278)
	at java.util.concurrent.FutureTask.run(FutureTask.java:266)
	at java.util.concurrent.ScheduledThreadPoolExecutor$ScheduledFutureTask.access$201(ScheduledThreadPoolExecutor.java:180)
	at java.util.concurrent.ScheduledThreadPoolExecutor$ScheduledFutureTask.run(ScheduledThreadPoolExecutor.java:293)
	at java.util.concurrent.ThreadPoolExecutor.runWorker(ThreadPoolExecutor.java:1149)
	at java.util.concurrent.ThreadPoolExecutor$Worker.run(ThreadPoolExecutor.java:624)
	at java.lang.Thread.run(Thread.java:750)
[pool-36-thread-1] ERROR org.apache.nifi.processors.kudu.MockPutKudu - MockPutKudu[id=275a0558-3a8a-4444-a3af-d28fc0d56270] Failed to write due to java.lang.NullPointerException: java.lang.NullPointerException
java.lang.NullPointerException
	at org.apache.nifi.processors.kudu.PutKudu.processRecords(PutKudu.java:432)
	at org.apache.nifi.processors.kudu.PutKudu.processFlowFiles(PutKudu.java:372)
	at org.apache.nifi.processors.kudu.PutKudu.lambda$onTrigger$0(PutKudu.java:351)
	at org.apache.nifi.processors.kudu.MockPutKudu.executeOnKuduClient(MockPutKudu.java:140)
	at org.apache.nifi.processors.kudu.PutKudu.onTrigger(PutKudu.java:351)
	at org.apache.nifi.processor.AbstractProcessor.onTrigger(AbstractProcessor.java:27)
	at org.apache.nifi.util.StandardProcessorTestRunner$RunProcessor.call(StandardProcessorTestRunner.java:284)
	at org.apache.nifi.util.StandardProcessorTestRunner$RunProcessor.call(StandardProcessorTestRunner.java:278)
	at java.util.concurrent.FutureTask.run(FutureTask.java:266)
	at java.util.concurrent.ScheduledThreadPoolExecutor$ScheduledFutureTask.access$201(ScheduledThreadPoolExecutor.java:180)
	at java.util.concurrent.ScheduledThreadPoolExecutor$ScheduledFutureTask.run(ScheduledThreadPoolExecutor.java:293)
	at java.util.concurrent.ThreadPoolExecutor.runWorker(ThreadPoolExecutor.java:1149)
	at java.util.concurrent.ThreadPoolExecutor$Worker.run(ThreadPoolExecutor.java:624)
	at java.lang.Thread.run(Thread.java:750)
]]></system-err>
  </testcase>
  <testcase name="testInvalidReaderShouldRouteToFailure" classname="org.apache.nifi.processors.kudu.TestPutKudu" time="0.005">
    <system-err><![CDATA[[pool-37-thread-1] ERROR org.apache.nifi.processors.kudu.MockPutKudu - MockPutKudu[id=978cafb2-34ee-4ea9-b1b0-3953fcd92ddc] Failed to push FlowFile[0,testInvalidAvroShouldRouteToFailure-1714614556336,7B] to Kudu: java.io.IOException: NOT AVRO
java.io.IOException: NOT AVRO
	at org.apache.nifi.processors.kudu.PutKudu.processRecords(PutKudu.java:413)
	at org.apache.nifi.processors.kudu.PutKudu.processFlowFiles(PutKudu.java:372)
	at org.apache.nifi.processors.kudu.PutKudu.lambda$onTrigger$0(PutKudu.java:351)
	at org.apache.nifi.processors.kudu.MockPutKudu.executeOnKuduClient(MockPutKudu.java:140)
	at org.apache.nifi.processors.kudu.PutKudu.onTrigger(PutKudu.java:351)
	at org.apache.nifi.processor.AbstractProcessor.onTrigger(AbstractProcessor.java:27)
	at org.apache.nifi.util.StandardProcessorTestRunner$RunProcessor.call(StandardProcessorTestRunner.java:284)
	at org.apache.nifi.util.StandardProcessorTestRunner$RunProcessor.call(StandardProcessorTestRunner.java:278)
	at java.util.concurrent.FutureTask.run(FutureTask.java:266)
	at java.util.concurrent.ScheduledThreadPoolExecutor$ScheduledFutureTask.access$201(ScheduledThreadPoolExecutor.java:180)
	at java.util.concurrent.ScheduledThreadPoolExecutor$ScheduledFutureTask.run(ScheduledThreadPoolExecutor.java:293)
	at java.util.concurrent.ThreadPoolExecutor.runWorker(ThreadPoolExecutor.java:1149)
	at java.util.concurrent.ThreadPoolExecutor$Worker.run(ThreadPoolExecutor.java:624)
	at java.lang.Thread.run(Thread.java:750)
[pool-37-thread-1] ERROR org.apache.nifi.processors.kudu.MockPutKudu - MockPutKudu[id=978cafb2-34ee-4ea9-b1b0-3953fcd92ddc] Failed to write due to java.io.IOException: NOT AVRO: java.io.IOException: NOT AVRO
java.io.IOException: NOT AVRO
	at org.apache.nifi.processors.kudu.PutKudu.processRecords(PutKudu.java:413)
	at org.apache.nifi.processors.kudu.PutKudu.processFlowFiles(PutKudu.java:372)
	at org.apache.nifi.processors.kudu.PutKudu.lambda$onTrigger$0(PutKudu.java:351)
	at org.apache.nifi.processors.kudu.MockPutKudu.executeOnKuduClient(MockPutKudu.java:140)
	at org.apache.nifi.processors.kudu.PutKudu.onTrigger(PutKudu.java:351)
	at org.apache.nifi.processor.AbstractProcessor.onTrigger(AbstractProcessor.java:27)
	at org.apache.nifi.util.StandardProcessorTestRunner$RunProcessor.call(StandardProcessorTestRunner.java:284)
	at org.apache.nifi.util.StandardProcessorTestRunner$RunProcessor.call(StandardProcessorTestRunner.java:278)
	at java.util.concurrent.FutureTask.run(FutureTask.java:266)
	at java.util.concurrent.ScheduledThreadPoolExecutor$ScheduledFutureTask.access$201(ScheduledThreadPoolExecutor.java:180)
	at java.util.concurrent.ScheduledThreadPoolExecutor$ScheduledFutureTask.run(ScheduledThreadPoolExecutor.java:293)
	at java.util.concurrent.ThreadPoolExecutor.runWorker(ThreadPoolExecutor.java:1149)
	at java.util.concurrent.ThreadPoolExecutor$Worker.run(ThreadPoolExecutor.java:624)
	at java.lang.Thread.run(Thread.java:750)
]]></system-err>
  </testcase>
  <testcase name="testWriteKuduWithDefaults" classname="org.apache.nifi.processors.kudu.TestPutKudu" time="0.01"/>
  <testcase name="testKuduPartialFailuresOnAutoFlushSync" classname="org.apache.nifi.processors.kudu.TestPutKudu" time="0.049">
    <system-err><![CDATA[[pool-39-thread-1] ERROR org.apache.nifi.processors.kudu.MockPutKudu - MockPutKudu[id=8205ff70-a896-4ca0-b7f2-0eddd25cb2ff] Failed to write due to Mock for RowError, hashCode: 1453305862
[pool-39-thread-1] ERROR org.apache.nifi.processors.kudu.MockPutKudu - MockPutKudu[id=8205ff70-a896-4ca0-b7f2-0eddd25cb2ff] Failed to write due to Mock for RowError, hashCode: 486855535
[pool-39-thread-1] ERROR org.apache.nifi.processors.kudu.MockPutKudu - MockPutKudu[id=8205ff70-a896-4ca0-b7f2-0eddd25cb2ff] Failed to push FlowFile[3,94976271364521.mockFlowFile,0B] to Kudu: Mock for KuduException, hashCode: 941977023
[pool-39-thread-1] ERROR org.apache.nifi.processors.kudu.MockPutKudu - MockPutKudu[id=8205ff70-a896-4ca0-b7f2-0eddd25cb2ff] Failed to write due to Mock for KuduException, hashCode: 941977023: Mock for KuduException, hashCode: 941977023
[pool-40-thread-1] ERROR org.apache.nifi.processors.kudu.MockPutKudu - MockPutKudu[id=e6c0ad41-a5a3-4850-980d-1235791c863a] Failed to write due to Mock for RowError, hashCode: 190396087
[pool-40-thread-1] ERROR org.apache.nifi.processors.kudu.MockPutKudu - MockPutKudu[id=e6c0ad41-a5a3-4850-980d-1235791c863a] Failed to write due to Mock for RowError, hashCode: 713900292
[pool-40-thread-1] ERROR org.apache.nifi.processors.kudu.MockPutKudu - MockPutKudu[id=e6c0ad41-a5a3-4850-980d-1235791c863a] Failed to push FlowFile[3,94976277069670.mockFlowFile,0B] to Kudu: Mock for KuduException, hashCode: 2013795977
[pool-40-thread-1] ERROR org.apache.nifi.processors.kudu.MockPutKudu - MockPutKudu[id=e6c0ad41-a5a3-4850-980d-1235791c863a] Failed to write due to Mock for KuduException, hashCode: 2013795977: Mock for KuduException, hashCode: 2013795977
[pool-41-thread-1] ERROR org.apache.nifi.processors.kudu.MockPutKudu - MockPutKudu[id=c0c2b8de-1017-468f-9128-1c3c30ce8eab] Failed to write due to Mock for RowError, hashCode: 1838955751
[pool-41-thread-1] ERROR org.apache.nifi.processors.kudu.MockPutKudu - MockPutKudu[id=c0c2b8de-1017-468f-9128-1c3c30ce8eab] Failed to write due to Mock for RowError, hashCode: 1703601029
[pool-41-thread-1] ERROR org.apache.nifi.processors.kudu.MockPutKudu - MockPutKudu[id=c0c2b8de-1017-468f-9128-1c3c30ce8eab] Failed to push FlowFile[3,94976282466441.mockFlowFile,0B] to Kudu: Mock for KuduException, hashCode: 76202631
[pool-41-thread-1] ERROR org.apache.nifi.processors.kudu.MockPutKudu - MockPutKudu[id=c0c2b8de-1017-468f-9128-1c3c30ce8eab] Failed to write due to Mock for KuduException, hashCode: 76202631: Mock for KuduException, hashCode: 76202631
[pool-42-thread-1] ERROR org.apache.nifi.processors.kudu.MockPutKudu - MockPutKudu[id=df866b7e-cd2b-4a15-b0ef-8a0ddd8fee5a] Failed to push FlowFile[3,94976287073843.mockFlowFile,0B] to Kudu: Mock for KuduException, hashCode: 1489954925
[pool-42-thread-1] ERROR org.apache.nifi.processors.kudu.MockPutKudu - MockPutKudu[id=df866b7e-cd2b-4a15-b0ef-8a0ddd8fee5a] Failed to write due to Mock for RowError, hashCode: 782586012
[pool-42-thread-1] ERROR org.apache.nifi.processors.kudu.MockPutKudu - MockPutKudu[id=df866b7e-cd2b-4a15-b0ef-8a0ddd8fee5a] Failed to write due to Mock for RowError, hashCode: 753495205
[pool-42-thread-1] ERROR org.apache.nifi.processors.kudu.MockPutKudu - MockPutKudu[id=df866b7e-cd2b-4a15-b0ef-8a0ddd8fee5a] Failed to write due to Mock for KuduException, hashCode: 1489954925: Mock for KuduException, hashCode: 1489954925
[pool-43-thread-1] ERROR org.apache.nifi.processors.kudu.MockPutKudu - MockPutKudu[id=83176783-53e1-4655-9ef3-9283d8ccd7b6] Failed to push FlowFile[3,94976291014673.mockFlowFile,0B] to Kudu: Mock for KuduException, hashCode: 1316084091
[pool-43-thread-1] ERROR org.apache.nifi.processors.kudu.MockPutKudu - MockPutKudu[id=83176783-53e1-4655-9ef3-9283d8ccd7b6] Failed to write due to Mock for RowError, hashCode: 1597467167
[pool-43-thread-1] ERROR org.apache.nifi.processors.kudu.MockPutKudu - MockPutKudu[id=83176783-53e1-4655-9ef3-9283d8ccd7b6] Failed to write due to Mock for RowError, hashCode: 1102310103
[pool-43-thread-1] ERROR org.apache.nifi.processors.kudu.MockPutKudu - MockPutKudu[id=83176783-53e1-4655-9ef3-9283d8ccd7b6] Failed to write due to Mock for KuduException, hashCode: 1316084091: Mock for KuduException, hashCode: 1316084091
[pool-44-thread-1] ERROR org.apache.nifi.processors.kudu.MockPutKudu - MockPutKudu[id=405d48d2-eb79-4de5-b44e-a69ab124af52] Failed to push FlowFile[3,94976294849974.mockFlowFile,0B] to Kudu: Mock for KuduException, hashCode: 1368385576
[pool-44-thread-1] ERROR org.apache.nifi.processors.kudu.MockPutKudu - MockPutKudu[id=405d48d2-eb79-4de5-b44e-a69ab124af52] Failed to write due to Mock for RowError, hashCode: 1111757025
[pool-44-thread-1] ERROR org.apache.nifi.processors.kudu.MockPutKudu - MockPutKudu[id=405d48d2-eb79-4de5-b44e-a69ab124af52] Failed to write due to Mock for RowError, hashCode: 1167743082
[pool-44-thread-1] ERROR org.apache.nifi.processors.kudu.MockPutKudu - MockPutKudu[id=405d48d2-eb79-4de5-b44e-a69ab124af52] Failed to write due to Mock for KuduException, hashCode: 1368385576: Mock for KuduException, hashCode: 1368385576
[pool-45-thread-1] ERROR org.apache.nifi.processors.kudu.MockPutKudu - MockPutKudu[id=258098a6-83ce-4d50-9ee9-c93dbfe512b5] Failed to push FlowFile[3,94976298770968.mockFlowFile,0B] to Kudu: Mock for KuduException, hashCode: 1339179969
[pool-45-thread-1] ERROR org.apache.nifi.processors.kudu.MockPutKudu - MockPutKudu[id=258098a6-83ce-4d50-9ee9-c93dbfe512b5] Failed to write due to Mock for RowError, hashCode: 1304944358
[pool-45-thread-1] ERROR org.apache.nifi.processors.kudu.MockPutKudu - MockPutKudu[id=258098a6-83ce-4d50-9ee9-c93dbfe512b5] Failed to write due to Mock for RowError, hashCode: 903891698
[pool-45-thread-1] ERROR org.apache.nifi.processors.kudu.MockPutKudu - MockPutKudu[id=258098a6-83ce-4d50-9ee9-c93dbfe512b5] Failed to write due to Mock for KuduException, hashCode: 1339179969: Mock for KuduException, hashCode: 1339179969
[pool-46-thread-1] ERROR org.apache.nifi.processors.kudu.MockPutKudu - MockPutKudu[id=35fd0da1-a53b-4699-b26d-89d7b6b10b1b] Failed to push FlowFile[3,94976302736887.mockFlowFile,0B] to Kudu: Mock for KuduException, hashCode: 159012269
[pool-46-thread-1] ERROR org.apache.nifi.processors.kudu.MockPutKudu - MockPutKudu[id=35fd0da1-a53b-4699-b26d-89d7b6b10b1b] Failed to write due to Mock for RowError, hashCode: 727677305
[pool-46-thread-1] ERROR org.apache.nifi.processors.kudu.MockPutKudu - MockPutKudu[id=35fd0da1-a53b-4699-b26d-89d7b6b10b1b] Failed to write due to Mock for RowError, hashCode: 221463697
[pool-46-thread-1] ERROR org.apache.nifi.processors.kudu.MockPutKudu - MockPutKudu[id=35fd0da1-a53b-4699-b26d-89d7b6b10b1b] Failed to write due to Mock for KuduException, hashCode: 159012269: Mock for KuduException, hashCode: 159012269
[pool-47-thread-1] ERROR org.apache.nifi.processors.kudu.MockPutKudu - MockPutKudu[id=55dc2b27-31a8-4bf5-b988-e1c0946782bc] Failed to push FlowFile[3,94976307037333.mockFlowFile,0B] to Kudu: Mock for KuduException, hashCode: 1005669386
[pool-47-thread-1] ERROR org.apache.nifi.processors.kudu.MockPutKudu - MockPutKudu[id=55dc2b27-31a8-4bf5-b988-e1c0946782bc] Failed to write due to Mock for RowError, hashCode: 286853976
[pool-47-thread-1] ERROR org.apache.nifi.processors.kudu.MockPutKudu - MockPutKudu[id=55dc2b27-31a8-4bf5-b988-e1c0946782bc] Failed to write due to Mock for RowError, hashCode: 842508481
[pool-47-thread-1] ERROR org.apache.nifi.processors.kudu.MockPutKudu - MockPutKudu[id=55dc2b27-31a8-4bf5-b988-e1c0946782bc] Failed to write due to Mock for KuduException, hashCode: 1005669386: Mock for KuduException, hashCode: 1005669386
[pool-48-thread-1] ERROR org.apache.nifi.processors.kudu.MockPutKudu - MockPutKudu[id=515f7b1d-5210-430f-8854-cefc51cd752c] Failed to push FlowFile[3,94976310995791.mockFlowFile,0B] to Kudu: Mock for KuduException, hashCode: 653014114
[pool-48-thread-1] ERROR org.apache.nifi.processors.kudu.MockPutKudu - MockPutKudu[id=515f7b1d-5210-430f-8854-cefc51cd752c] Failed to write due to Mock for RowError, hashCode: 368721704
[pool-48-thread-1] ERROR org.apache.nifi.processors.kudu.MockPutKudu - MockPutKudu[id=515f7b1d-5210-430f-8854-cefc51cd752c] Failed to write due to Mock for RowError, hashCode: 1321058685
[pool-48-thread-1] ERROR org.apache.nifi.processors.kudu.MockPutKudu - MockPutKudu[id=515f7b1d-5210-430f-8854-cefc51cd752c] Failed to write due to Mock for KuduException, hashCode: 653014114: Mock for KuduException, hashCode: 653014114
[pool-49-thread-1] ERROR org.apache.nifi.processors.kudu.MockPutKudu - MockPutKudu[id=60d58bea-f60a-46a6-8815-bb87adaa8a46] Failed to push FlowFile[3,94976314848635.mockFlowFile,0B] to Kudu: Mock for KuduException, hashCode: 965138797
[pool-49-thread-1] ERROR org.apache.nifi.processors.kudu.MockPutKudu - MockPutKudu[id=60d58bea-f60a-46a6-8815-bb87adaa8a46] Failed to write due to Mock for RowError, hashCode: 703193619
[pool-49-thread-1] ERROR org.apache.nifi.processors.kudu.MockPutKudu - MockPutKudu[id=60d58bea-f60a-46a6-8815-bb87adaa8a46] Failed to write due to Mock for RowError, hashCode: 846907079
[pool-49-thread-1] ERROR org.apache.nifi.processors.kudu.MockPutKudu - MockPutKudu[id=60d58bea-f60a-46a6-8815-bb87adaa8a46] Failed to write due to Mock for KuduException, hashCode: 965138797: Mock for KuduException, hashCode: 965138797
]]></system-err>
  </testcase>
</testsuite>