<?xml version="1.0" encoding="UTF-8"?>
<testsuite xmlns:xsi="http://www.w3.org/2001/XMLSchema-instance" xsi:noNamespaceSchemaLocation="https://maven.apache.org/surefire/maven-surefire-plugin/xsd/surefire-test-report-3.0.xsd" version="3.0" name="org.apache.nifi.minifi.bootstrap.configuration.ingestors.PullHttpChangeIngestorTest" time="1.675" tests="7" errors="0" skipped="0" failures="0">
  <properties>
    <property name="sun.desktop" value="gnome"/>
    <property name="awt.toolkit" value="sun.awt.X11.XToolkit"/>
    <property name="file.encoding.pkg" value="sun.io"/>
    <property name="java.specification.version" value="1.8"/>
    <property name="sun.cpu.isalist" value=""/>
    <property name="sun.jnu.encoding" value="UTF-8"/>
    <property name="java.class.path" value="/home/alex/Repositories/nifi/minifi/minifi-bootstrap/target/test-classes:/home/alex/Repositories/nifi/minifi/minifi-bootstrap/target/classes:/home/alex/.m2/repository/org/slf4j/slf4j-api/1.7.32/slf4j-api-1.7.32.jar:/home/alex/.m2/repository/ch/qos/logback/logback-classic/1.2.6/logback-classic-1.2.6.jar:/home/alex/.m2/repository/ch/qos/logback/logback-core/1.2.6/logback-core-1.2.6.jar:/home/alex/Repositories/nifi/nifi-api/target/classes:/home/alex/Repositories/nifi/nifi-commons/nifi-bootstrap-utils/target/classes:/home/alex/.m2/repository/net/java/dev/jna/jna-platform/4.4.0/jna-platform-4.4.0.jar:/home/alex/.m2/repository/net/java/dev/jna/jna/4.4.0/jna-4.4.0.jar:/home/alex/Repositories/nifi/nifi-nar-bundles/nifi-extension-utils/nifi-processor-utils/target/classes:/home/alex/Repositories/nifi/nifi-commons/nifi-security-socket-ssl/target/classes:/home/alex/.m2/repository/org/apache/commons/commons-lang3/3.9/commons-lang3-3.9.jar:/home/alex/.m2/repository/com/fasterxml/jackson/core/jackson-databind/2.12.3/jackson-databind-2.12.3.jar:/home/alex/.m2/repository/com/fasterxml/jackson/core/jackson-annotations/2.12.3/jackson-annotations-2.12.3.jar:/home/alex/.m2/repository/com/fasterxml/jackson/core/jackson-core/2.12.3/jackson-core-2.12.3.jar:/home/alex/Repositories/nifi/nifi-nar-bundles/nifi-standard-services/nifi-record-serialization-service-api/target/classes:/home/alex/Repositories/nifi/nifi-commons/nifi-record/target/classes:/home/alex/Repositories/nifi/nifi-nar-bundles/nifi-extension-utils/nifi-event-transport/target/classes:/home/alex/.m2/repository/io/netty/netty-handler/4.1.69.Final/netty-handler-4.1.69.Final.jar:/home/alex/.m2/repository/io/netty/netty-common/4.1.69.Final/netty-common-4.1.69.Final.jar:/home/alex/.m2/repository/io/netty/netty-resolver/4.1.69.Final/netty-resolver-4.1.69.Final.jar:/home/alex/.m2/repository/io/netty/netty-buffer/4.1.69.Final/netty-buffer-4.1.69.Final.jar:/home/alex/.m2/repository/io/netty/netty-transport/4.1.69.Final/netty-transport-4.1.69.Final.jar:/home/alex/.m2/repository/io/netty/netty-codec/4.1.69.Final/netty-codec-4.1.69.Final.jar:/home/alex/Repositories/nifi/nifi-commons/nifi-expression-language/target/classes:/home/alex/.m2/repository/org/antlr/antlr-runtime/3.5.2/antlr-runtime-3.5.2.jar:/home/alex/Repositories/nifi/nifi-commons/nifi-parameter/target/classes:/home/alex/Repositories/nifi/nifi-commons/nifi-uuid5/target/classes:/home/alex/.m2/repository/com/jayway/jsonpath/json-path/2.6.0/json-path-2.6.0.jar:/home/alex/.m2/repository/net/minidev/json-smart/2.4.7/json-smart-2.4.7.jar:/home/alex/.m2/repository/net/minidev/accessors-smart/2.4.7/accessors-smart-2.4.7.jar:/home/alex/.m2/repository/org/ow2/asm/asm/9.1/asm-9.1.jar:/home/alex/.m2/repository/org/apache/commons/commons-text/1.8/commons-text-1.8.jar:/home/alex/.m2/repository/commons-codec/commons-codec/1.10/commons-codec-1.10.jar:/home/alex/Repositories/nifi/minifi/minifi-commons/minifi-utils/target/classes:/home/alex/Repositories/nifi/nifi-commons/nifi-utils/target/classes:/home/alex/Repositories/nifi/nifi-commons/nifi-properties/target/classes:/home/alex/Repositories/nifi/nifi-commons/nifi-property-utils/target/classes:/home/alex/.m2/repository/org/yaml/snakeyaml/1.29/snakeyaml-1.29.jar:/home/alex/Repositories/nifi/minifi/minifi-commons/minifi-commons-schema/target/classes:/home/alex/.m2/repository/org/eclipse/jetty/jetty-server/9.4.44.v20210927/jetty-server-9.4.44.v20210927.jar:/home/alex/.m2/repository/javax/servlet/javax.servlet-api/3.1.0/javax.servlet-api-3.1.0.jar:/home/alex/.m2/repository/org/eclipse/jetty/jetty-http/9.4.44.v20210927/jetty-http-9.4.44.v20210927.jar:/home/alex/.m2/repository/org/eclipse/jetty/jetty-util/9.4.44.v20210927/jetty-util-9.4.44.v20210927.jar:/home/alex/.m2/repository/org/eclipse/jetty/jetty-io/9.4.44.v20210927/jetty-io-9.4.44.v20210927.jar:/home/alex/.m2/repository/org/eclipse/jetty/jetty-servlet/9.4.44.v20210927/jetty-servlet-9.4.44.v20210927.jar:/home/alex/.m2/repository/org/eclipse/jetty/jetty-security/9.4.44.v20210927/jetty-security-9.4.44.v20210927.jar:/home/alex/.m2/repository/org/eclipse/jetty/jetty-util-ajax/9.4.44.v20210927/jetty-util-ajax-9.4.44.v20210927.jar:/home/alex/.m2/repository/com/squareup/okhttp3/okhttp/3.12.3/okhttp-3.12.3.jar:/home/alex/.m2/repository/com/squareup/okio/okio/1.15.0/okio-1.15.0.jar:/home/alex/.m2/repository/commons-io/commons-io/2.10.0/commons-io-2.10.0.jar:/home/alex/.m2/repository/junit/junit/4.13.2/junit-4.13.2.jar:/home/alex/.m2/repository/org/hamcrest/hamcrest-core/1.3/hamcrest-core-1.3.jar:/home/alex/.m2/repository/org/mockito/mockito-all/1.10.19/mockito-all-1.10.19.jar:/home/alex/.m2/repository/org/slf4j/slf4j-simple/1.7.32/slf4j-simple-1.7.32.jar:/home/alex/.m2/repository/org/junit/jupiter/junit-jupiter-api/5.7.2/junit-jupiter-api-5.7.2.jar:/home/alex/.m2/repository/org/apiguardian/apiguardian-api/1.1.0/apiguardian-api-1.1.0.jar:/home/alex/.m2/repository/org/opentest4j/opentest4j/1.2.0/opentest4j-1.2.0.jar:/home/alex/.m2/repository/org/junit/platform/junit-platform-commons/1.7.2/junit-platform-commons-1.7.2.jar:/home/alex/.m2/repository/org/junit/jupiter/junit-jupiter-engine/5.7.2/junit-jupiter-engine-5.7.2.jar:/home/alex/.m2/repository/org/junit/platform/junit-platform-engine/1.7.2/junit-platform-engine-1.7.2.jar:/home/alex/.m2/repository/org/junit/vintage/junit-vintage-engine/5.7.2/junit-vintage-engine-5.7.2.jar:/home/alex/.m2/repository/org/junit/jupiter/junit-jupiter-params/5.7.2/junit-jupiter-params-5.7.2.jar:/home/alex/.m2/repository/org/mockito/mockito-core/3.11.2/mockito-core-3.11.2.jar:/home/alex/.m2/repository/net/bytebuddy/byte-buddy/1.11.3/byte-buddy-1.11.3.jar:/home/alex/.m2/repository/net/bytebuddy/byte-buddy-agent/1.11.3/byte-buddy-agent-1.11.3.jar:/home/alex/.m2/repository/org/objenesis/objenesis/3.2/objenesis-3.2.jar:/home/alex/.m2/repository/org/mockito/mockito-junit-jupiter/3.11.2/mockito-junit-jupiter-3.11.2.jar:/home/alex/.m2/repository/org/codehaus/groovy/groovy-test/2.5.14/groovy-test-2.5.14.jar:/home/alex/.m2/repository/org/codehaus/groovy/groovy/2.5.14/groovy-2.5.14.jar:"/>
    <property name="java.vm.vendor" value="Private Build"/>
    <property name="sun.arch.data.model" value="64"/>
    <property name="java.vendor.url" value="http://java.oracle.com/"/>
    <property name="user.timezone" value="Europe/Lisbon"/>
    <property name="java.vm.specification.version" value="1.8"/>
    <property name="os.name" value="Linux"/>
    <property name="user.country" value="US"/>
    <property name="sun.java.launcher" value="SUN_STANDARD"/>
    <property name="sun.boot.library.path" value="/usr/lib/jvm/java-8-openjdk-amd64/jre/lib/amd64"/>
    <property name="sun.java.command" value="/home/alex/Repositories/nifi/minifi/minifi-bootstrap/target/surefire/surefirebooter5969781174578255079.jar /home/alex/Repositories/nifi/minifi/minifi-bootstrap/target/surefire 2024-05-02T02-37-14_149-jvmRun1 surefire7037808414124685867tmp surefire_1826678308040343614376tmp"/>
    <property name="surefire.test.class.path" value="/home/alex/Repositories/nifi/minifi/minifi-bootstrap/target/test-classes:/home/alex/Repositories/nifi/minifi/minifi-bootstrap/target/classes:/home/alex/.m2/repository/org/slf4j/slf4j-api/1.7.32/slf4j-api-1.7.32.jar:/home/alex/.m2/repository/ch/qos/logback/logback-classic/1.2.6/logback-classic-1.2.6.jar:/home/alex/.m2/repository/ch/qos/logback/logback-core/1.2.6/logback-core-1.2.6.jar:/home/alex/Repositories/nifi/nifi-api/target/classes:/home/alex/Repositories/nifi/nifi-commons/nifi-bootstrap-utils/target/classes:/home/alex/.m2/repository/net/java/dev/jna/jna-platform/4.4.0/jna-platform-4.4.0.jar:/home/alex/.m2/repository/net/java/dev/jna/jna/4.4.0/jna-4.4.0.jar:/home/alex/Repositories/nifi/nifi-nar-bundles/nifi-extension-utils/nifi-processor-utils/target/classes:/home/alex/Repositories/nifi/nifi-commons/nifi-security-socket-ssl/target/classes:/home/alex/.m2/repository/org/apache/commons/commons-lang3/3.9/commons-lang3-3.9.jar:/home/alex/.m2/repository/com/fasterxml/jackson/core/jackson-databind/2.12.3/jackson-databind-2.12.3.jar:/home/alex/.m2/repository/com/fasterxml/jackson/core/jackson-annotations/2.12.3/jackson-annotations-2.12.3.jar:/home/alex/.m2/repository/com/fasterxml/jackson/core/jackson-core/2.12.3/jackson-core-2.12.3.jar:/home/alex/Repositories/nifi/nifi-nar-bundles/nifi-standard-services/nifi-record-serialization-service-api/target/classes:/home/alex/Repositories/nifi/nifi-commons/nifi-record/target/classes:/home/alex/Repositories/nifi/nifi-nar-bundles/nifi-extension-utils/nifi-event-transport/target/classes:/home/alex/.m2/repository/io/netty/netty-handler/4.1.69.Final/netty-handler-4.1.69.Final.jar:/home/alex/.m2/repository/io/netty/netty-common/4.1.69.Final/netty-common-4.1.69.Final.jar:/home/alex/.m2/repository/io/netty/netty-resolver/4.1.69.Final/netty-resolver-4.1.69.Final.jar:/home/alex/.m2/repository/io/netty/netty-buffer/4.1.69.Final/netty-buffer-4.1.69.Final.jar:/home/alex/.m2/repository/io/netty/netty-transport/4.1.69.Final/netty-transport-4.1.69.Final.jar:/home/alex/.m2/repository/io/netty/netty-codec/4.1.69.Final/netty-codec-4.1.69.Final.jar:/home/alex/Repositories/nifi/nifi-commons/nifi-expression-language/target/classes:/home/alex/.m2/repository/org/antlr/antlr-runtime/3.5.2/antlr-runtime-3.5.2.jar:/home/alex/Repositories/nifi/nifi-commons/nifi-parameter/target/classes:/home/alex/Repositories/nifi/nifi-commons/nifi-uuid5/target/classes:/home/alex/.m2/repository/com/jayway/jsonpath/json-path/2.6.0/json-path-2.6.0.jar:/home/alex/.m2/repository/net/minidev/json-smart/2.4.7/json-smart-2.4.7.jar:/home/alex/.m2/repository/net/minidev/accessors-smart/2.4.7/accessors-smart-2.4.7.jar:/home/alex/.m2/repository/org/ow2/asm/asm/9.1/asm-9.1.jar:/home/alex/.m2/repository/org/apache/commons/commons-text/1.8/commons-text-1.8.jar:/home/alex/.m2/repository/commons-codec/commons-codec/1.10/commons-codec-1.10.jar:/home/alex/Repositories/nifi/minifi/minifi-commons/minifi-utils/target/classes:/home/alex/Repositories/nifi/nifi-commons/nifi-utils/target/classes:/home/alex/Repositories/nifi/nifi-commons/nifi-properties/target/classes:/home/alex/Repositories/nifi/nifi-commons/nifi-property-utils/target/classes:/home/alex/.m2/repository/org/yaml/snakeyaml/1.29/snakeyaml-1.29.jar:/home/alex/Repositories/nifi/minifi/minifi-commons/minifi-commons-schema/target/classes:/home/alex/.m2/repository/org/eclipse/jetty/jetty-server/9.4.44.v20210927/jetty-server-9.4.44.v20210927.jar:/home/alex/.m2/repository/javax/servlet/javax.servlet-api/3.1.0/javax.servlet-api-3.1.0.jar:/home/alex/.m2/repository/org/eclipse/jetty/jetty-http/9.4.44.v20210927/jetty-http-9.4.44.v20210927.jar:/home/alex/.m2/repository/org/eclipse/jetty/jetty-util/9.4.44.v20210927/jetty-util-9.4.44.v20210927.jar:/home/alex/.m2/repository/org/eclipse/jetty/jetty-io/9.4.44.v20210927/jetty-io-9.4.44.v20210927.jar:/home/alex/.m2/repository/org/eclipse/jetty/jetty-servlet/9.4.44.v20210927/jetty-servlet-9.4.44.v20210927.jar:/home/alex/.m2/repository/org/eclipse/jetty/jetty-security/9.4.44.v20210927/jetty-security-9.4.44.v20210927.jar:/home/alex/.m2/repository/org/eclipse/jetty/jetty-util-ajax/9.4.44.v20210927/jetty-util-ajax-9.4.44.v20210927.jar:/home/alex/.m2/repository/com/squareup/okhttp3/okhttp/3.12.3/okhttp-3.12.3.jar:/home/alex/.m2/repository/com/squareup/okio/okio/1.15.0/okio-1.15.0.jar:/home/alex/.m2/repository/commons-io/commons-io/2.10.0/commons-io-2.10.0.jar:/home/alex/.m2/repository/junit/junit/4.13.2/junit-4.13.2.jar:/home/alex/.m2/repository/org/hamcrest/hamcrest-core/1.3/hamcrest-core-1.3.jar:/home/alex/.m2/repository/org/mockito/mockito-all/1.10.19/mockito-all-1.10.19.jar:/home/alex/.m2/repository/org/slf4j/slf4j-simple/1.7.32/slf4j-simple-1.7.32.jar:/home/alex/.m2/repository/org/junit/jupiter/junit-jupiter-api/5.7.2/junit-jupiter-api-5.7.2.jar:/home/alex/.m2/repository/org/apiguardian/apiguardian-api/1.1.0/apiguardian-api-1.1.0.jar:/home/alex/.m2/repository/org/opentest4j/opentest4j/1.2.0/opentest4j-1.2.0.jar:/home/alex/.m2/repository/org/junit/platform/junit-platform-commons/1.7.2/junit-platform-commons-1.7.2.jar:/home/alex/.m2/repository/org/junit/jupiter/junit-jupiter-engine/5.7.2/junit-jupiter-engine-5.7.2.jar:/home/alex/.m2/repository/org/junit/platform/junit-platform-engine/1.7.2/junit-platform-engine-1.7.2.jar:/home/alex/.m2/repository/org/junit/vintage/junit-vintage-engine/5.7.2/junit-vintage-engine-5.7.2.jar:/home/alex/.m2/repository/org/junit/jupiter/junit-jupiter-params/5.7.2/junit-jupiter-params-5.7.2.jar:/home/alex/.m2/repository/org/mockito/mockito-core/3.11.2/mockito-core-3.11.2.jar:/home/alex/.m2/repository/net/bytebuddy/byte-buddy/1.11.3/byte-buddy-1.11.3.jar:/home/alex/.m2/repository/net/bytebuddy/byte-buddy-agent/1.11.3/byte-buddy-agent-1.11.3.jar:/home/alex/.m2/repository/org/objenesis/objenesis/3.2/objenesis-3.2.jar:/home/alex/.m2/repository/org/mockito/mockito-junit-jupiter/3.11.2/mockito-junit-jupiter-3.11.2.jar:/home/alex/.m2/repository/org/codehaus/groovy/groovy-test/2.5.14/groovy-test-2.5.14.jar:/home/alex/.m2/repository/org/codehaus/groovy/groovy/2.5.14/groovy-2.5.14.jar:"/>
    <property name="sun.cpu.endian" value="little"/>
    <property name="user.home" value="/home/alex"/>
    <property name="user.language" value="en"/>
    <property name="java.specification.vendor" value="Oracle Corporation"/>
    <property name="java.home" value="/usr/lib/jvm/java-8-openjdk-amd64/jre"/>
    <property name="basedir" value="/home/alex/Repositories/nifi/minifi/minifi-bootstrap"/>
    <property name="file.separator" value="/"/>
    <property name="line.separator" value="&#10;"/>
    <property name="java.vm.specification.vendor" value="Oracle Corporation"/>
    <property name="java.specification.name" value="Java Platform API Specification"/>
    <property name="java.awt.graphicsenv" value="sun.awt.X11GraphicsEnvironment"/>
    <property name="java.awt.headless" value="true"/>
    <property name="surefire.real.class.path" value="/home/alex/Repositories/nifi/minifi/minifi-bootstrap/target/surefire/surefirebooter5969781174578255079.jar"/>
    <property name="sun.boot.class.path" value="/usr/lib/jvm/java-8-openjdk-amd64/jre/lib/resources.jar:/usr/lib/jvm/java-8-openjdk-amd64/jre/lib/rt.jar:/usr/lib/jvm/java-8-openjdk-amd64/jre/lib/sunrsasign.jar:/usr/lib/jvm/java-8-openjdk-amd64/jre/lib/jsse.jar:/usr/lib/jvm/java-8-openjdk-amd64/jre/lib/jce.jar:/usr/lib/jvm/java-8-openjdk-amd64/jre/lib/charsets.jar:/usr/lib/jvm/java-8-openjdk-amd64/jre/lib/jfr.jar:/usr/lib/jvm/java-8-openjdk-amd64/jre/classes"/>
    <property name="sun.management.compiler" value="HotSpot 64-Bit Tiered Compilers"/>
    <property name="java.runtime.version" value="1.8.0_402-8u402-ga-2ubuntu1~22.04-b06"/>
    <property name="java.net.preferIPv4Stack" value="true"/>
    <property name="user.name" value="alex"/>
    <property name="path.separator" value=":"/>
    <property name="os.version" value="6.5.0-28-generic"/>
    <property name="java.endorsed.dirs" value="/usr/lib/jvm/java-8-openjdk-amd64/jre/lib/endorsed"/>
    <property name="java.runtime.name" value="OpenJDK Runtime Environment"/>
    <property name="file.encoding" value="UTF-8"/>
    <property name="java.vm.name" value="OpenJDK 64-Bit Server VM"/>
    <property name="localRepository" value="/home/alex/.m2/repository"/>
    <property name="java.vendor.url.bug" value="http://bugreport.sun.com/bugreport/"/>
    <property name="jetty.git.hash" value="8da83308eeca865e495e53ef315a249d63ba9332"/>
    <property name="java.io.tmpdir" value="/tmp"/>
    <property name="java.version" value="1.8.0_402"/>
    <property name="user.dir" value="/home/alex/Repositories/nifi/minifi/minifi-bootstrap"/>
    <property name="os.arch" value="amd64"/>
    <property name="java.vm.specification.name" value="Java Virtual Machine Specification"/>
    <property name="java.awt.printerjob" value="sun.print.PSPrinterJob"/>
    <property name="sun.os.patch.level" value="unknown"/>
    <property name="java.library.path" value="/usr/java/packages/lib/amd64:/usr/lib/x86_64-linux-gnu/jni:/lib/x86_64-linux-gnu:/usr/lib/x86_64-linux-gnu:/usr/lib/jni:/lib:/usr/lib"/>
    <property name="java.vm.info" value="mixed mode"/>
    <property name="java.vendor" value="Private Build"/>
    <property name="java.vm.version" value="25.402-b06"/>
    <property name="java.specification.maintenance.version" value="5"/>
    <property name="java.ext.dirs" value="/usr/lib/jvm/java-8-openjdk-amd64/jre/lib/ext:/usr/java/packages/lib/ext"/>
    <property name="sun.io.unicode.encoding" value="UnicodeLittle"/>
    <property name="java.class.version" value="52.0"/>
  </properties>
  <testcase name="testNewUpdateWithPath" classname="org.apache.nifi.minifi.bootstrap.configuration.ingestors.PullHttpChangeIngestorTest" time="0.267">
    <system-out><![CDATA[02:56:36.944 [main] DEBUG org.eclipse.jetty.util.log - Logging to Logger[org.eclipse.jetty.util.log] via org.eclipse.jetty.util.log.Slf4jLog
02:56:36.946 [main] INFO org.eclipse.jetty.util.log - Logging initialized @869ms to org.eclipse.jetty.util.log.Slf4jLog
02:56:36.952 [main] DEBUG org.eclipse.jetty.util.component.ContainerLifeCycle - QueuedThreadPool[qtp961160488]@394a2528{STOPPED,8<=0<=200,i=0,r=-1,q=0}[NO_TRY] added {org.eclipse.jetty.util.thread.ThreadPoolBudget@2a266d09,POJO}
02:56:36.965 [main] DEBUG org.eclipse.jetty.util.component.ContainerLifeCycle - Server@53aad5d5{STOPPED}[9.4.44.v20210927] added {QueuedThreadPool[qtp961160488]@394a2528{STOPPED,8<=0<=200,i=0,r=-1,q=0}[NO_TRY],AUTO}
02:56:36.968 [main] DEBUG org.eclipse.jetty.util.component.ContainerLifeCycle - HandlerCollection@2892dae4{STOPPED} added {JettyHandler@355ce81c{STOPPED},AUTO}
02:56:36.969 [main] DEBUG org.eclipse.jetty.util.component.ContainerLifeCycle - Server@53aad5d5{STOPPED}[9.4.44.v20210927] added {HandlerCollection@2892dae4{STOPPED},MANAGED}
02:56:36.985 [main] DEBUG org.eclipse.jetty.util.component.ContainerLifeCycle - HttpConnectionFactory@22e357dc[HTTP/1.1] added {HttpConfiguration@49912c99{32768/8192,8192/8192,https://:0,[]},POJO}
02:56:36.993 [main] DEBUG org.eclipse.jetty.util.component.ContainerLifeCycle - ServerConnector@446293d{null, ()}{0.0.0.0:0} added {Server@53aad5d5{STOPPED}[9.4.44.v20210927],UNMANAGED}
02:56:36.993 [main] DEBUG org.eclipse.jetty.util.component.ContainerLifeCycle - ServerConnector@446293d{null, ()}{0.0.0.0:0} added {QueuedThreadPool[qtp961160488]@394a2528{STOPPED,8<=0<=200,i=0,r=-1,q=0}[NO_TRY],AUTO}
02:56:36.993 [main] DEBUG org.eclipse.jetty.util.component.ContainerLifeCycle - ServerConnector@446293d{null, ()}{0.0.0.0:0} added {ScheduledExecutorScheduler@3059cbc{STOPPED},AUTO}
02:56:36.994 [main] DEBUG org.eclipse.jetty.util.component.ContainerLifeCycle - ServerConnector@446293d{null, ()}{0.0.0.0:0} added {org.eclipse.jetty.io.ArrayByteBufferPool@7ea9e1e2,POJO}
02:56:36.994 [main] DEBUG org.eclipse.jetty.util.component.ContainerLifeCycle - ServerConnector@446293d{null, (http/1.1)}{0.0.0.0:0} added {HttpConnectionFactory@22e357dc[HTTP/1.1],AUTO}
02:56:36.994 [main] DEBUG org.eclipse.jetty.server.AbstractConnector - ServerConnector@446293d{HTTP/1.1, (http/1.1)}{0.0.0.0:0} added HttpConnectionFactory@22e357dc[HTTP/1.1]
02:56:36.998 [main] DEBUG org.eclipse.jetty.util.component.ContainerLifeCycle - ServerConnector@446293d{HTTP/1.1, (http/1.1)}{0.0.0.0:0} added {SelectorManager@ServerConnector@446293d{HTTP/1.1, (http/1.1)}{0.0.0.0:0},MANAGED}
02:56:36.998 [main] DEBUG org.eclipse.jetty.util.component.ContainerLifeCycle - Server@53aad5d5{STOPPED}[9.4.44.v20210927] added {ServerConnector@446293d{HTTP/1.1, (http/1.1)}{localhost:0},AUTO}
02:56:36.998 [main] DEBUG org.eclipse.jetty.util.component.AbstractLifeCycle - starting Server@53aad5d5{STOPPED}[9.4.44.v20210927]
02:56:37.000 [main] DEBUG org.eclipse.jetty.util.component.ContainerLifeCycle - Server@53aad5d5{STARTING}[9.4.44.v20210927] added {ErrorHandler@4d5b6aac{STOPPED},AUTO}
02:56:37.001 [main] INFO org.eclipse.jetty.server.Server - jetty-9.4.44.v20210927; built: 2021-09-27T23:02:44.612Z; git: 8da83308eeca865e495e53ef315a249d63ba9332; jvm 1.8.0_402-8u402-ga-2ubuntu1~22.04-b06
02:56:37.010 [main] DEBUG org.eclipse.jetty.server.handler.AbstractHandler - starting Server@53aad5d5{STARTING}[9.4.44.v20210927]
02:56:37.010 [main] DEBUG org.eclipse.jetty.util.component.AbstractLifeCycle - starting QueuedThreadPool[qtp961160488]@394a2528{STOPPED,8<=0<=200,i=0,r=-1,q=0}[NO_TRY]
02:56:37.011 [main] DEBUG org.eclipse.jetty.util.thread.ReservedThreadExecutor - ReservedThreadExecutor@383bfa16{reserved=0/8,pending=0}
02:56:37.011 [main] DEBUG org.eclipse.jetty.util.component.ContainerLifeCycle - QueuedThreadPool[qtp961160488]@394a2528{STARTING,8<=0<=200,i=0,r=-1,q=0}[ReservedThreadExecutor@383bfa16{reserved=0/8,pending=0}] added {ReservedThreadExecutor@383bfa16{reserved=0/8,pending=0},AUTO}
02:56:37.012 [main] DEBUG org.eclipse.jetty.util.component.AbstractLifeCycle - starting ReservedThreadExecutor@383bfa16{reserved=0/8,pending=0}
02:56:37.014 [main] DEBUG org.eclipse.jetty.util.component.AbstractLifeCycle - STARTED @937ms ReservedThreadExecutor@383bfa16{reserved=0/8,pending=0}
02:56:37.015 [main] DEBUG org.eclipse.jetty.util.thread.QueuedThreadPool - Starting Thread[qtp961160488-15,5,main]
02:56:37.015 [main] DEBUG org.eclipse.jetty.util.thread.QueuedThreadPool - Starting Thread[qtp961160488-16,5,main]
02:56:37.015 [main] DEBUG org.eclipse.jetty.util.thread.QueuedThreadPool - Starting Thread[qtp961160488-17,5,main]
02:56:37.015 [qtp961160488-15] DEBUG org.eclipse.jetty.util.thread.QueuedThreadPool - Runner started for QueuedThreadPool[qtp961160488]@394a2528{STARTING,8<=2<=200,i=2,r=-1,q=0}[ReservedThreadExecutor@383bfa16{reserved=0/8,pending=0}]
02:56:37.015 [main] DEBUG org.eclipse.jetty.util.thread.QueuedThreadPool - Starting Thread[qtp961160488-18,5,main]
02:56:37.016 [qtp961160488-16] DEBUG org.eclipse.jetty.util.thread.QueuedThreadPool - Runner started for QueuedThreadPool[qtp961160488]@394a2528{STARTING,8<=3<=200,i=3,r=-1,q=0}[ReservedThreadExecutor@383bfa16{reserved=0/8,pending=0}]
02:56:37.016 [qtp961160488-17] DEBUG org.eclipse.jetty.util.thread.QueuedThreadPool - Runner started for QueuedThreadPool[qtp961160488]@394a2528{STARTING,8<=4<=200,i=4,r=-1,q=0}[ReservedThreadExecutor@383bfa16{reserved=0/8,pending=0}]
02:56:37.016 [main] DEBUG org.eclipse.jetty.util.thread.QueuedThreadPool - Starting Thread[qtp961160488-19,5,main]
02:56:37.016 [main] DEBUG org.eclipse.jetty.util.thread.QueuedThreadPool - Starting Thread[qtp961160488-20,5,main]
02:56:37.016 [qtp961160488-18] DEBUG org.eclipse.jetty.util.thread.QueuedThreadPool - Runner started for QueuedThreadPool[qtp961160488]@394a2528{STARTING,8<=5<=200,i=5,r=-1,q=0}[ReservedThreadExecutor@383bfa16{reserved=0/8,pending=0}]
02:56:37.016 [qtp961160488-19] DEBUG org.eclipse.jetty.util.thread.QueuedThreadPool - Runner started for QueuedThreadPool[qtp961160488]@394a2528{STARTING,8<=6<=200,i=6,r=-1,q=0}[ReservedThreadExecutor@383bfa16{reserved=0/8,pending=0}]
02:56:37.016 [main] DEBUG org.eclipse.jetty.util.thread.QueuedThreadPool - Starting Thread[qtp961160488-21,5,main]
02:56:37.024 [main] DEBUG org.eclipse.jetty.util.thread.QueuedThreadPool - Starting Thread[qtp961160488-22,5,main]
02:56:37.024 [qtp961160488-20] DEBUG org.eclipse.jetty.util.thread.QueuedThreadPool - Runner started for QueuedThreadPool[qtp961160488]@394a2528{STARTING,8<=8<=200,i=8,r=-1,q=0}[ReservedThreadExecutor@383bfa16{reserved=0/8,pending=0}]
02:56:37.024 [main] DEBUG org.eclipse.jetty.util.component.AbstractLifeCycle - STARTED @947ms QueuedThreadPool[qtp961160488]@394a2528{STARTED,8<=8<=200,i=8,r=-1,q=0}[ReservedThreadExecutor@383bfa16{reserved=0/8,pending=0}]
02:56:37.024 [qtp961160488-22] DEBUG org.eclipse.jetty.util.thread.QueuedThreadPool - Runner started for QueuedThreadPool[qtp961160488]@394a2528{STARTED,8<=8<=200,i=8,r=-1,q=0}[ReservedThreadExecutor@383bfa16{reserved=0/8,pending=0}]
02:56:37.024 [qtp961160488-21] DEBUG org.eclipse.jetty.util.thread.QueuedThreadPool - Runner started for QueuedThreadPool[qtp961160488]@394a2528{STARTING,8<=8<=200,i=8,r=-1,q=0}[ReservedThreadExecutor@383bfa16{reserved=0/8,pending=0}]
02:56:37.024 [main] DEBUG org.eclipse.jetty.util.component.AbstractLifeCycle - starting HandlerCollection@2892dae4{STOPPED}
02:56:37.025 [main] DEBUG org.eclipse.jetty.server.handler.AbstractHandler - starting HandlerCollection@2892dae4{STARTING}
02:56:37.025 [main] DEBUG org.eclipse.jetty.util.component.AbstractLifeCycle - starting JettyHandler@355ce81c{STOPPED}
02:56:37.025 [main] DEBUG org.eclipse.jetty.server.handler.AbstractHandler - starting JettyHandler@355ce81c{STARTING}
02:56:37.025 [main] DEBUG org.eclipse.jetty.util.component.AbstractLifeCycle - STARTED @948ms JettyHandler@355ce81c{STARTED}
02:56:37.025 [main] DEBUG org.eclipse.jetty.util.component.AbstractLifeCycle - STARTED @949ms HandlerCollection@2892dae4{STARTED}
02:56:37.025 [main] DEBUG org.eclipse.jetty.util.component.AbstractLifeCycle - starting ErrorHandler@4d5b6aac{STOPPED}
02:56:37.025 [main] DEBUG org.eclipse.jetty.server.handler.AbstractHandler - starting ErrorHandler@4d5b6aac{STARTING}
02:56:37.025 [main] DEBUG org.eclipse.jetty.util.component.AbstractLifeCycle - STARTED @949ms ErrorHandler@4d5b6aac{STARTED}
02:56:37.026 [main] DEBUG org.eclipse.jetty.util.component.AbstractLifeCycle - starting ServerConnector@446293d{HTTP/1.1, (http/1.1)}{localhost:0}
02:56:37.030 [main] DEBUG org.eclipse.jetty.util.component.ContainerLifeCycle - ServerConnector@446293d{HTTP/1.1, (http/1.1)}{localhost:45451} added {sun.nio.ch.ServerSocketChannelImpl[/127.0.0.1:45451],POJO}
02:56:37.030 [main] DEBUG org.eclipse.jetty.util.component.AbstractLifeCycle - starting ScheduledExecutorScheduler@3059cbc{STOPPED}
02:56:37.031 [main] DEBUG org.eclipse.jetty.util.component.AbstractLifeCycle - STARTED @954ms ScheduledExecutorScheduler@3059cbc{STARTED}
02:56:37.031 [main] DEBUG org.eclipse.jetty.util.component.AbstractLifeCycle - starting HttpConnectionFactory@22e357dc[HTTP/1.1]
02:56:37.031 [main] DEBUG org.eclipse.jetty.util.component.AbstractLifeCycle - STARTED @954ms HttpConnectionFactory@22e357dc[HTTP/1.1]
02:56:37.031 [main] DEBUG org.eclipse.jetty.util.component.AbstractLifeCycle - starting SelectorManager@ServerConnector@446293d{HTTP/1.1, (http/1.1)}{localhost:45451}
02:56:37.046 [main] DEBUG org.eclipse.jetty.util.component.ContainerLifeCycle - EatWhatYouKill@25fb8912/SelectorProducer@d5b810e/IDLE/p=false/QueuedThreadPool[qtp961160488]@394a2528{STARTED,8<=8<=200,i=8,r=-1,q=0}[ReservedThreadExecutor@383bfa16{reserved=0/8,pending=0}][pc=0,pic=0,pec=0,epc=0]@2024-05-02T02:56:37.043+01:00 added {SelectorProducer@d5b810e,POJO}
02:56:37.046 [main] DEBUG org.eclipse.jetty.util.component.ContainerLifeCycle - EatWhatYouKill@25fb8912/SelectorProducer@d5b810e/IDLE/p=false/QueuedThreadPool[qtp961160488]@394a2528{STARTED,8<=8<=200,i=8,r=-1,q=0}[ReservedThreadExecutor@383bfa16{reserved=0/8,pending=0}][pc=0,pic=0,pec=0,epc=0]@2024-05-02T02:56:37.046+01:00 added {QueuedThreadPool[qtp961160488]@394a2528{STARTED,8<=8<=200,i=8,r=-1,q=0}[ReservedThreadExecutor@383bfa16{reserved=0/8,pending=0}],UNMANAGED}
02:56:37.047 [main] DEBUG org.eclipse.jetty.util.thread.strategy.EatWhatYouKill - EatWhatYouKill@25fb8912/SelectorProducer@d5b810e/IDLE/p=false/QueuedThreadPool[qtp961160488]@394a2528{STARTED,8<=8<=200,i=8,r=-1,q=0}[ReservedThreadExecutor@383bfa16{reserved=0/8,pending=0}][pc=0,pic=0,pec=0,epc=0]@2024-05-02T02:56:37.047+01:00 created
02:56:37.047 [main] DEBUG org.eclipse.jetty.util.component.ContainerLifeCycle - ManagedSelector@194bcebf{STOPPED} id=0 keys=-1 selected=-1 updates=0 added {EatWhatYouKill@25fb8912/SelectorProducer@d5b810e/IDLE/p=false/QueuedThreadPool[qtp961160488]@394a2528{STARTED,8<=8<=200,i=8,r=-1,q=0}[ReservedThreadExecutor@383bfa16{reserved=0/8,pending=0}][pc=0,pic=0,pec=0,epc=0]@2024-05-02T02:56:37.047+01:00,MANAGED}
02:56:37.047 [main] DEBUG org.eclipse.jetty.util.component.ContainerLifeCycle - SelectorManager@ServerConnector@446293d{HTTP/1.1, (http/1.1)}{localhost:45451} added {ManagedSelector@194bcebf{STOPPED} id=0 keys=-1 selected=-1 updates=0,AUTO}
02:56:37.047 [main] DEBUG org.eclipse.jetty.util.component.ContainerLifeCycle - EatWhatYouKill@17497425/SelectorProducer@f0da945/IDLE/p=false/QueuedThreadPool[qtp961160488]@394a2528{STARTED,8<=8<=200,i=8,r=-1,q=0}[ReservedThreadExecutor@383bfa16{reserved=0/8,pending=0}][pc=0,pic=0,pec=0,epc=0]@2024-05-02T02:56:37.047+01:00 added {SelectorProducer@f0da945,POJO}
02:56:37.048 [main] DEBUG org.eclipse.jetty.util.component.ContainerLifeCycle - EatWhatYouKill@17497425/SelectorProducer@f0da945/IDLE/p=false/QueuedThreadPool[qtp961160488]@394a2528{STARTED,8<=8<=200,i=8,r=-1,q=0}[ReservedThreadExecutor@383bfa16{reserved=0/8,pending=0}][pc=0,pic=0,pec=0,epc=0]@2024-05-02T02:56:37.047+01:00 added {QueuedThreadPool[qtp961160488]@394a2528{STARTED,8<=8<=200,i=8,r=-1,q=0}[ReservedThreadExecutor@383bfa16{reserved=0/8,pending=0}],UNMANAGED}
02:56:37.048 [main] DEBUG org.eclipse.jetty.util.thread.strategy.EatWhatYouKill - EatWhatYouKill@17497425/SelectorProducer@f0da945/IDLE/p=false/QueuedThreadPool[qtp961160488]@394a2528{STARTED,8<=8<=200,i=8,r=-1,q=0}[ReservedThreadExecutor@383bfa16{reserved=0/8,pending=0}][pc=0,pic=0,pec=0,epc=0]@2024-05-02T02:56:37.048+01:00 created
02:56:37.048 [main] DEBUG org.eclipse.jetty.util.component.ContainerLifeCycle - ManagedSelector@4803b726{STOPPED} id=1 keys=-1 selected=-1 updates=0 added {EatWhatYouKill@17497425/SelectorProducer@f0da945/IDLE/p=false/QueuedThreadPool[qtp961160488]@394a2528{STARTED,8<=8<=200,i=8,r=-1,q=0}[ReservedThreadExecutor@383bfa16{reserved=0/8,pending=0}][pc=0,pic=0,pec=0,epc=0]@2024-05-02T02:56:37.048+01:00,MANAGED}
02:56:37.048 [main] DEBUG org.eclipse.jetty.util.component.ContainerLifeCycle - SelectorManager@ServerConnector@446293d{HTTP/1.1, (http/1.1)}{localhost:45451} added {ManagedSelector@4803b726{STOPPED} id=1 keys=-1 selected=-1 updates=0,AUTO}
02:56:37.049 [main] DEBUG org.eclipse.jetty.util.component.ContainerLifeCycle - EatWhatYouKill@ffaa6af/SelectorProducer@53ce1329/IDLE/p=false/QueuedThreadPool[qtp961160488]@394a2528{STARTED,8<=8<=200,i=8,r=-1,q=0}[ReservedThreadExecutor@383bfa16{reserved=0/8,pending=0}][pc=0,pic=0,pec=0,epc=0]@2024-05-02T02:56:37.048+01:00 added {SelectorProducer@53ce1329,POJO}
02:56:37.049 [main] DEBUG org.eclipse.jetty.util.component.ContainerLifeCycle - EatWhatYouKill@ffaa6af/SelectorProducer@53ce1329/IDLE/p=false/QueuedThreadPool[qtp961160488]@394a2528{STARTED,8<=8<=200,i=8,r=-1,q=0}[ReservedThreadExecutor@383bfa16{reserved=0/8,pending=0}][pc=0,pic=0,pec=0,epc=0]@2024-05-02T02:56:37.049+01:00 added {QueuedThreadPool[qtp961160488]@394a2528{STARTED,8<=8<=200,i=8,r=-1,q=0}[ReservedThreadExecutor@383bfa16{reserved=0/8,pending=0}],UNMANAGED}
02:56:37.049 [main] DEBUG org.eclipse.jetty.util.thread.strategy.EatWhatYouKill - EatWhatYouKill@ffaa6af/SelectorProducer@53ce1329/IDLE/p=false/QueuedThreadPool[qtp961160488]@394a2528{STARTED,8<=8<=200,i=8,r=-1,q=0}[ReservedThreadExecutor@383bfa16{reserved=0/8,pending=0}][pc=0,pic=0,pec=0,epc=0]@2024-05-02T02:56:37.049+01:00 created
02:56:37.050 [main] DEBUG org.eclipse.jetty.util.component.ContainerLifeCycle - ManagedSelector@316bcf94{STOPPED} id=2 keys=-1 selected=-1 updates=0 added {EatWhatYouKill@ffaa6af/SelectorProducer@53ce1329/IDLE/p=false/QueuedThreadPool[qtp961160488]@394a2528{STARTED,8<=8<=200,i=8,r=-1,q=0}[ReservedThreadExecutor@383bfa16{reserved=0/8,pending=0}][pc=0,pic=0,pec=0,epc=0]@2024-05-02T02:56:37.05+01:00,MANAGED}
02:56:37.050 [main] DEBUG org.eclipse.jetty.util.component.ContainerLifeCycle - SelectorManager@ServerConnector@446293d{HTTP/1.1, (http/1.1)}{localhost:45451} added {ManagedSelector@316bcf94{STOPPED} id=2 keys=-1 selected=-1 updates=0,AUTO}
02:56:37.050 [main] DEBUG org.eclipse.jetty.util.component.ContainerLifeCycle - EatWhatYouKill@6404f418/SelectorProducer@3e11f9e9/IDLE/p=false/QueuedThreadPool[qtp961160488]@394a2528{STARTED,8<=8<=200,i=8,r=-1,q=0}[ReservedThreadExecutor@383bfa16{reserved=0/8,pending=0}][pc=0,pic=0,pec=0,epc=0]@2024-05-02T02:56:37.05+01:00 added {SelectorProducer@3e11f9e9,POJO}
02:56:37.051 [main] DEBUG org.eclipse.jetty.util.component.ContainerLifeCycle - EatWhatYouKill@6404f418/SelectorProducer@3e11f9e9/IDLE/p=false/QueuedThreadPool[qtp961160488]@394a2528{STARTED,8<=8<=200,i=8,r=-1,q=0}[ReservedThreadExecutor@383bfa16{reserved=0/8,pending=0}][pc=0,pic=0,pec=0,epc=0]@2024-05-02T02:56:37.051+01:00 added {QueuedThreadPool[qtp961160488]@394a2528{STARTED,8<=8<=200,i=8,r=-1,q=0}[ReservedThreadExecutor@383bfa16{reserved=0/8,pending=0}],UNMANAGED}
02:56:37.051 [main] DEBUG org.eclipse.jetty.util.thread.strategy.EatWhatYouKill - EatWhatYouKill@6404f418/SelectorProducer@3e11f9e9/IDLE/p=false/QueuedThreadPool[qtp961160488]@394a2528{STARTED,8<=8<=200,i=8,r=-1,q=0}[ReservedThreadExecutor@383bfa16{reserved=0/8,pending=0}][pc=0,pic=0,pec=0,epc=0]@2024-05-02T02:56:37.051+01:00 created
02:56:37.051 [main] DEBUG org.eclipse.jetty.util.component.ContainerLifeCycle - ManagedSelector@1de5f259{STOPPED} id=3 keys=-1 selected=-1 updates=0 added {EatWhatYouKill@6404f418/SelectorProducer@3e11f9e9/IDLE/p=false/QueuedThreadPool[qtp961160488]@394a2528{STARTED,8<=8<=200,i=8,r=-1,q=0}[ReservedThreadExecutor@383bfa16{reserved=0/8,pending=0}][pc=0,pic=0,pec=0,epc=0]@2024-05-02T02:56:37.051+01:00,MANAGED}
02:56:37.052 [main] DEBUG org.eclipse.jetty.util.component.ContainerLifeCycle - SelectorManager@ServerConnector@446293d{HTTP/1.1, (http/1.1)}{localhost:45451} added {ManagedSelector@1de5f259{STOPPED} id=3 keys=-1 selected=-1 updates=0,AUTO}
02:56:37.052 [main] DEBUG org.eclipse.jetty.util.component.AbstractLifeCycle - starting ManagedSelector@194bcebf{STOPPED} id=0 keys=-1 selected=-1 updates=0
02:56:37.052 [main] DEBUG org.eclipse.jetty.util.component.AbstractLifeCycle - starting EatWhatYouKill@25fb8912/SelectorProducer@d5b810e/IDLE/p=false/QueuedThreadPool[qtp961160488]@394a2528{STARTED,8<=8<=200,i=8,r=-1,q=0}[ReservedThreadExecutor@383bfa16{reserved=0/8,pending=0}][pc=0,pic=0,pec=0,epc=0]@2024-05-02T02:56:37.052+01:00
02:56:37.052 [main] DEBUG org.eclipse.jetty.util.component.AbstractLifeCycle - STARTED @976ms EatWhatYouKill@25fb8912/SelectorProducer@d5b810e/IDLE/p=false/QueuedThreadPool[qtp961160488]@394a2528{STARTED,8<=8<=200,i=8,r=-1,q=0}[ReservedThreadExecutor@383bfa16{reserved=0/8,pending=0}][pc=0,pic=0,pec=0,epc=0]@2024-05-02T02:56:37.052+01:00
02:56:37.054 [main] DEBUG org.eclipse.jetty.util.thread.QueuedThreadPool - queue org.eclipse.jetty.io.ManagedSelector$$Lambda$253/838473569@957e06 startThread=0
02:56:37.054 [qtp961160488-15] DEBUG org.eclipse.jetty.util.thread.QueuedThreadPool - run org.eclipse.jetty.io.ManagedSelector$$Lambda$253/838473569@957e06 in QueuedThreadPool[qtp961160488]@394a2528{STARTED,8<=8<=200,i=7,r=-1,q=0}[ReservedThreadExecutor@383bfa16{reserved=0/8,pending=0}]
02:56:37.054 [main] DEBUG org.eclipse.jetty.io.ManagedSelector - Queued change lazy=false org.eclipse.jetty.io.ManagedSelector$Start@32502377 on ManagedSelector@194bcebf{STARTING} id=0 keys=0 selected=0 updates=0
02:56:37.055 [qtp961160488-15] DEBUG org.eclipse.jetty.util.thread.strategy.EatWhatYouKill - EatWhatYouKill@25fb8912/SelectorProducer@d5b810e/IDLE/p=false/QueuedThreadPool[qtp961160488]@394a2528{STARTED,8<=8<=200,i=7,r=-1,q=0}[ReservedThreadExecutor@383bfa16{reserved=0/8,pending=0}][pc=0,pic=0,pec=0,epc=0]@2024-05-02T02:56:37.055+01:00 tryProduce false
02:56:37.056 [qtp961160488-15] DEBUG org.eclipse.jetty.io.ManagedSelector - updateable 1
02:56:37.057 [qtp961160488-15] DEBUG org.eclipse.jetty.io.ManagedSelector - update org.eclipse.jetty.io.ManagedSelector$Start@32502377
02:56:37.057 [qtp961160488-15] DEBUG org.eclipse.jetty.io.ManagedSelector - updates 0
02:56:37.057 [qtp961160488-15] DEBUG org.eclipse.jetty.io.ManagedSelector - Selector sun.nio.ch.EPollSelectorImpl@33589807 waiting with 0 keys
02:56:37.057 [main] DEBUG org.eclipse.jetty.util.component.AbstractLifeCycle - STARTED @980ms ManagedSelector@194bcebf{STARTED} id=0 keys=0 selected=0 updates=0
02:56:37.057 [main] DEBUG org.eclipse.jetty.util.component.AbstractLifeCycle - starting ManagedSelector@4803b726{STOPPED} id=1 keys=-1 selected=-1 updates=0
02:56:37.057 [main] DEBUG org.eclipse.jetty.util.component.AbstractLifeCycle - starting EatWhatYouKill@17497425/SelectorProducer@f0da945/IDLE/p=false/QueuedThreadPool[qtp961160488]@394a2528{STARTED,8<=8<=200,i=7,r=-1,q=0}[ReservedThreadExecutor@383bfa16{reserved=0/8,pending=0}][pc=0,pic=0,pec=0,epc=0]@2024-05-02T02:56:37.057+01:00
02:56:37.058 [main] DEBUG org.eclipse.jetty.util.component.AbstractLifeCycle - STARTED @981ms EatWhatYouKill@17497425/SelectorProducer@f0da945/IDLE/p=false/QueuedThreadPool[qtp961160488]@394a2528{STARTED,8<=8<=200,i=7,r=-1,q=0}[ReservedThreadExecutor@383bfa16{reserved=0/8,pending=0}][pc=0,pic=0,pec=0,epc=0]@2024-05-02T02:56:37.058+01:00
02:56:37.058 [main] DEBUG org.eclipse.jetty.util.thread.QueuedThreadPool - queue org.eclipse.jetty.io.ManagedSelector$$Lambda$253/838473569@2c1b194a startThread=0
02:56:37.058 [qtp961160488-16] DEBUG org.eclipse.jetty.util.thread.QueuedThreadPool - run org.eclipse.jetty.io.ManagedSelector$$Lambda$253/838473569@2c1b194a in QueuedThreadPool[qtp961160488]@394a2528{STARTED,8<=8<=200,i=6,r=-1,q=0}[ReservedThreadExecutor@383bfa16{reserved=0/8,pending=0}]
02:56:37.058 [main] DEBUG org.eclipse.jetty.io.ManagedSelector - Queued change lazy=false org.eclipse.jetty.io.ManagedSelector$Start@4dbb42b7 on ManagedSelector@4803b726{STARTING} id=1 keys=0 selected=0 updates=0
02:56:37.058 [qtp961160488-16] DEBUG org.eclipse.jetty.util.thread.strategy.EatWhatYouKill - EatWhatYouKill@17497425/SelectorProducer@f0da945/IDLE/p=false/QueuedThreadPool[qtp961160488]@394a2528{STARTED,8<=8<=200,i=6,r=-1,q=0}[ReservedThreadExecutor@383bfa16{reserved=0/8,pending=0}][pc=0,pic=0,pec=0,epc=0]@2024-05-02T02:56:37.058+01:00 tryProduce false
02:56:37.058 [qtp961160488-16] DEBUG org.eclipse.jetty.io.ManagedSelector - updateable 1
02:56:37.058 [qtp961160488-16] DEBUG org.eclipse.jetty.io.ManagedSelector - update org.eclipse.jetty.io.ManagedSelector$Start@4dbb42b7
02:56:37.058 [qtp961160488-16] DEBUG org.eclipse.jetty.io.ManagedSelector - updates 0
02:56:37.058 [qtp961160488-16] DEBUG org.eclipse.jetty.io.ManagedSelector - Selector sun.nio.ch.EPollSelectorImpl@7c892958 waiting with 0 keys
02:56:37.058 [main] DEBUG org.eclipse.jetty.util.component.AbstractLifeCycle - STARTED @982ms ManagedSelector@4803b726{STARTED} id=1 keys=0 selected=0 updates=0
02:56:37.059 [main] DEBUG org.eclipse.jetty.util.component.AbstractLifeCycle - starting ManagedSelector@316bcf94{STOPPED} id=2 keys=-1 selected=-1 updates=0
02:56:37.059 [main] DEBUG org.eclipse.jetty.util.component.AbstractLifeCycle - starting EatWhatYouKill@ffaa6af/SelectorProducer@53ce1329/IDLE/p=false/QueuedThreadPool[qtp961160488]@394a2528{STARTED,8<=8<=200,i=6,r=-1,q=0}[ReservedThreadExecutor@383bfa16{reserved=0/8,pending=0}][pc=0,pic=0,pec=0,epc=0]@2024-05-02T02:56:37.059+01:00
02:56:37.059 [main] DEBUG org.eclipse.jetty.util.component.AbstractLifeCycle - STARTED @982ms EatWhatYouKill@ffaa6af/SelectorProducer@53ce1329/IDLE/p=false/QueuedThreadPool[qtp961160488]@394a2528{STARTED,8<=8<=200,i=6,r=-1,q=0}[ReservedThreadExecutor@383bfa16{reserved=0/8,pending=0}][pc=0,pic=0,pec=0,epc=0]@2024-05-02T02:56:37.059+01:00
02:56:37.059 [main] DEBUG org.eclipse.jetty.util.thread.QueuedThreadPool - queue org.eclipse.jetty.io.ManagedSelector$$Lambda$253/838473569@66f57048 startThread=0
02:56:37.059 [qtp961160488-17] DEBUG org.eclipse.jetty.util.thread.QueuedThreadPool - run org.eclipse.jetty.io.ManagedSelector$$Lambda$253/838473569@66f57048 in QueuedThreadPool[qtp961160488]@394a2528{STARTED,8<=8<=200,i=5,r=-1,q=0}[ReservedThreadExecutor@383bfa16{reserved=0/8,pending=0}]
02:56:37.059 [main] DEBUG org.eclipse.jetty.io.ManagedSelector - Queued change lazy=false org.eclipse.jetty.io.ManagedSelector$Start@550dbc7a on ManagedSelector@316bcf94{STARTING} id=2 keys=0 selected=0 updates=0
02:56:37.060 [qtp961160488-17] DEBUG org.eclipse.jetty.util.thread.strategy.EatWhatYouKill - EatWhatYouKill@ffaa6af/SelectorProducer@53ce1329/IDLE/p=false/QueuedThreadPool[qtp961160488]@394a2528{STARTED,8<=8<=200,i=5,r=-1,q=0}[ReservedThreadExecutor@383bfa16{reserved=0/8,pending=0}][pc=0,pic=0,pec=0,epc=0]@2024-05-02T02:56:37.06+01:00 tryProduce false
02:56:37.060 [qtp961160488-17] DEBUG org.eclipse.jetty.io.ManagedSelector - updateable 1
02:56:37.060 [qtp961160488-17] DEBUG org.eclipse.jetty.io.ManagedSelector - update org.eclipse.jetty.io.ManagedSelector$Start@550dbc7a
02:56:37.060 [qtp961160488-17] DEBUG org.eclipse.jetty.io.ManagedSelector - updates 0
02:56:37.060 [qtp961160488-17] DEBUG org.eclipse.jetty.io.ManagedSelector - Selector sun.nio.ch.EPollSelectorImpl@736a5ca1 waiting with 0 keys
02:56:37.060 [main] DEBUG org.eclipse.jetty.util.component.AbstractLifeCycle - STARTED @983ms ManagedSelector@316bcf94{STARTED} id=2 keys=0 selected=0 updates=0
02:56:37.060 [main] DEBUG org.eclipse.jetty.util.component.AbstractLifeCycle - starting ManagedSelector@1de5f259{STOPPED} id=3 keys=-1 selected=-1 updates=0
02:56:37.060 [main] DEBUG org.eclipse.jetty.util.component.AbstractLifeCycle - starting EatWhatYouKill@6404f418/SelectorProducer@3e11f9e9/IDLE/p=false/QueuedThreadPool[qtp961160488]@394a2528{STARTED,8<=8<=200,i=5,r=-1,q=0}[ReservedThreadExecutor@383bfa16{reserved=0/8,pending=0}][pc=0,pic=0,pec=0,epc=0]@2024-05-02T02:56:37.06+01:00
02:56:37.061 [main] DEBUG org.eclipse.jetty.util.component.AbstractLifeCycle - STARTED @984ms EatWhatYouKill@6404f418/SelectorProducer@3e11f9e9/IDLE/p=false/QueuedThreadPool[qtp961160488]@394a2528{STARTED,8<=8<=200,i=5,r=-1,q=0}[ReservedThreadExecutor@383bfa16{reserved=0/8,pending=0}][pc=0,pic=0,pec=0,epc=0]@2024-05-02T02:56:37.061+01:00
02:56:37.061 [main] DEBUG org.eclipse.jetty.util.thread.QueuedThreadPool - queue org.eclipse.jetty.io.ManagedSelector$$Lambda$253/838473569@21282ed8 startThread=0
02:56:37.061 [qtp961160488-18] DEBUG org.eclipse.jetty.util.thread.QueuedThreadPool - run org.eclipse.jetty.io.ManagedSelector$$Lambda$253/838473569@21282ed8 in QueuedThreadPool[qtp961160488]@394a2528{STARTED,8<=8<=200,i=4,r=-1,q=0}[ReservedThreadExecutor@383bfa16{reserved=0/8,pending=0}]
02:56:37.061 [main] DEBUG org.eclipse.jetty.io.ManagedSelector - Queued change lazy=false org.eclipse.jetty.io.ManagedSelector$Start@36916eb0 on ManagedSelector@1de5f259{STARTING} id=3 keys=0 selected=0 updates=0
02:56:37.061 [qtp961160488-18] DEBUG org.eclipse.jetty.util.thread.strategy.EatWhatYouKill - EatWhatYouKill@6404f418/SelectorProducer@3e11f9e9/IDLE/p=false/QueuedThreadPool[qtp961160488]@394a2528{STARTED,8<=8<=200,i=4,r=-1,q=0}[ReservedThreadExecutor@383bfa16{reserved=0/8,pending=0}][pc=0,pic=0,pec=0,epc=0]@2024-05-02T02:56:37.061+01:00 tryProduce false
02:56:37.061 [qtp961160488-18] DEBUG org.eclipse.jetty.io.ManagedSelector - updateable 1
02:56:37.061 [qtp961160488-18] DEBUG org.eclipse.jetty.io.ManagedSelector - update org.eclipse.jetty.io.ManagedSelector$Start@36916eb0
02:56:37.061 [qtp961160488-18] DEBUG org.eclipse.jetty.io.ManagedSelector - updates 0
02:56:37.062 [qtp961160488-18] DEBUG org.eclipse.jetty.io.ManagedSelector - Selector sun.nio.ch.EPollSelectorImpl@1c7c7889 waiting with 0 keys
02:56:37.062 [main] DEBUG org.eclipse.jetty.util.component.AbstractLifeCycle - STARTED @985ms ManagedSelector@1de5f259{STARTED} id=3 keys=0 selected=0 updates=0
02:56:37.062 [main] DEBUG org.eclipse.jetty.util.component.AbstractLifeCycle - STARTED @985ms SelectorManager@ServerConnector@446293d{HTTP/1.1, (http/1.1)}{localhost:45451}
02:56:37.063 [main] DEBUG org.eclipse.jetty.util.component.ContainerLifeCycle - ServerConnector@446293d{HTTP/1.1, (http/1.1)}{localhost:45451} added {acceptor-0@1e1a0406,POJO}
02:56:37.063 [main] DEBUG org.eclipse.jetty.util.thread.QueuedThreadPool - queue acceptor-0@1e1a0406 startThread=0
02:56:37.063 [qtp961160488-19] DEBUG org.eclipse.jetty.util.thread.QueuedThreadPool - run acceptor-0@1e1a0406 in QueuedThreadPool[qtp961160488]@394a2528{STARTED,8<=8<=200,i=3,r=-1,q=0}[ReservedThreadExecutor@383bfa16{reserved=0/8,pending=0}]
02:56:37.063 [main] INFO org.eclipse.jetty.server.AbstractConnector - Started ServerConnector@446293d{HTTP/1.1, (http/1.1)}{localhost:45451}
02:56:37.063 [main] DEBUG org.eclipse.jetty.util.component.AbstractLifeCycle - STARTED @987ms ServerConnector@446293d{HTTP/1.1, (http/1.1)}{localhost:45451}
02:56:37.064 [main] INFO org.eclipse.jetty.server.Server - Started @987ms
02:56:37.064 [main] DEBUG org.eclipse.jetty.util.component.AbstractLifeCycle - STARTED @987ms Server@53aad5d5{STARTED}[9.4.44.v20210927]
02:56:38.213 [main] DEBUG org.apache.nifi.minifi.bootstrap.configuration.ingestors.PullHttpChangeIngestor - Attempting to pull new config
02:56:38.231 [qtp961160488-19-acceptor-0@1e1a0406-ServerConnector@446293d{HTTP/1.1, (http/1.1)}{localhost:45451}] DEBUG org.eclipse.jetty.io.ManagedSelector - Queued change lazy=false Accept@4e695d32[java.nio.channels.SocketChannel[connected local=/127.0.0.1:45451 remote=/127.0.0.1:51780]] on ManagedSelector@4803b726{STARTED} id=1 keys=0 selected=0 updates=0
02:56:38.231 [qtp961160488-19-acceptor-0@1e1a0406-ServerConnector@446293d{HTTP/1.1, (http/1.1)}{localhost:45451}] DEBUG org.eclipse.jetty.io.ManagedSelector - Wakeup on submit ManagedSelector@4803b726{STARTED} id=1 keys=0 selected=0 updates=1
02:56:38.231 [qtp961160488-16] DEBUG org.eclipse.jetty.io.ManagedSelector - Selector sun.nio.ch.EPollSelectorImpl@7c892958 woken with none selected
02:56:38.231 [qtp961160488-16] DEBUG org.eclipse.jetty.io.ManagedSelector - Selector sun.nio.ch.EPollSelectorImpl@7c892958 woken up from select, 0/0/0 selected
02:56:38.231 [qtp961160488-16] DEBUG org.eclipse.jetty.io.ManagedSelector - Selector sun.nio.ch.EPollSelectorImpl@7c892958 processing 0 keys, 1 updates
02:56:38.231 [qtp961160488-16] DEBUG org.eclipse.jetty.io.ManagedSelector - updateable 1
02:56:38.231 [qtp961160488-16] DEBUG org.eclipse.jetty.io.ManagedSelector - update Accept@4e695d32[java.nio.channels.SocketChannel[connected local=/127.0.0.1:45451 remote=/127.0.0.1:51780]]
02:56:38.232 [qtp961160488-16] DEBUG org.eclipse.jetty.util.thread.QueuedThreadPool - queue Accept@4e695d32[java.nio.channels.SocketChannel[connected local=/127.0.0.1:45451 remote=/127.0.0.1:51780]] startThread=0
02:56:38.232 [qtp961160488-20] DEBUG org.eclipse.jetty.util.thread.QueuedThreadPool - run Accept@4e695d32[java.nio.channels.SocketChannel[connected local=/127.0.0.1:45451 remote=/127.0.0.1:51780]] in QueuedThreadPool[qtp961160488]@394a2528{STARTED,8<=8<=200,i=2,r=-1,q=0}[ReservedThreadExecutor@383bfa16{reserved=0/8,pending=0}]
02:56:38.232 [qtp961160488-16] DEBUG org.eclipse.jetty.io.ManagedSelector - updates 0
02:56:38.232 [qtp961160488-16] DEBUG org.eclipse.jetty.io.ManagedSelector - Selector sun.nio.ch.EPollSelectorImpl@7c892958 waiting with 1 keys
02:56:38.238 [qtp961160488-20] DEBUG org.eclipse.jetty.io.IdleTimeout - SocketChannelEndPoint@3cfd90f5{l=/127.0.0.1:45451,r=/127.0.0.1:51780,OPEN,fill=-,flush=-,to=4/3000}{io=0/0,kio=0,kro=0}-><null> idle timeout check, elapsed: 3 ms, remaining: 2997 ms
02:56:38.244 [qtp961160488-20] DEBUG org.eclipse.jetty.http.PreEncodedHttpField - HttpField encoders loaded: [org.eclipse.jetty.http.Http1FieldPreEncoder@3d34d96f]
02:56:38.271 [qtp961160488-20] DEBUG org.eclipse.jetty.server.HttpChannel - new HttpChannelOverHttp@65b39b5f{s=HttpChannelState@45ef261d{s=IDLE rs=BLOCKING os=OPEN is=IDLE awp=false se=false i=true al=0},r=0,c=false/false,a=IDLE,uri=null,age=0} -> SocketChannelEndPoint@3cfd90f5{l=/127.0.0.1:45451,r=/127.0.0.1:51780,OPEN,fill=-,flush=-,to=36/3000}{io=0/0,kio=0,kro=0}-><null>,null,HttpChannelState@45ef261d{s=IDLE rs=BLOCKING os=OPEN is=IDLE awp=false se=false i=true al=0}
02:56:38.278 [qtp961160488-20] DEBUG org.eclipse.jetty.server.HttpConnection - New HTTP Connection HttpConnection@424d0718::SocketChannelEndPoint@3cfd90f5{l=/127.0.0.1:45451,r=/127.0.0.1:51780,OPEN,fill=-,flush=-,to=44/3000}{io=0/0,kio=0,kro=0}-><null>
02:56:38.279 [qtp961160488-20] DEBUG org.eclipse.jetty.io.ManagedSelector - Queued change lazy=true org.eclipse.jetty.io.ManagedSelector$$Lambda$258/269590367@19329470 on ManagedSelector@4803b726{STARTED} id=1 keys=1 selected=0 updates=0
02:56:38.279 [qtp961160488-20] DEBUG org.eclipse.jetty.io.AbstractEndPoint - onOpen SocketChannelEndPoint@3cfd90f5{l=/127.0.0.1:45451,r=/127.0.0.1:51780,OPEN,fill=-,flush=-,to=45/3000}{io=0/0,kio=0,kro=0}->HttpConnection@424d0718[p=HttpParser{s=START,0 of -1},g=HttpGenerator@1dc37bab{s=START}]=>HttpChannelOverHttp@65b39b5f{s=HttpChannelState@45ef261d{s=IDLE rs=BLOCKING os=OPEN is=IDLE awp=false se=false i=true al=0},r=0,c=false/false,a=IDLE,uri=null,age=0}
02:56:38.280 [qtp961160488-20] DEBUG org.eclipse.jetty.io.AbstractConnection - onOpen HttpConnection@424d0718::SocketChannelEndPoint@3cfd90f5{l=/127.0.0.1:45451,r=/127.0.0.1:51780,OPEN,fill=-,flush=-,to=45/3000}{io=0/0,kio=0,kro=0}->HttpConnection@424d0718[p=HttpParser{s=START,0 of -1},g=HttpGenerator@1dc37bab{s=START}]=>HttpChannelOverHttp@65b39b5f{s=HttpChannelState@45ef261d{s=IDLE rs=BLOCKING os=OPEN is=IDLE awp=false se=false i=true al=0},r=0,c=false/false,a=IDLE,uri=null,age=0}
02:56:38.280 [qtp961160488-20] DEBUG org.eclipse.jetty.io.AbstractConnection - fillInterested HttpConnection@424d0718::SocketChannelEndPoint@3cfd90f5{l=/127.0.0.1:45451,r=/127.0.0.1:51780,OPEN,fill=-,flush=-,to=45/3000}{io=0/0,kio=0,kro=0}->HttpConnection@424d0718[p=HttpParser{s=START,0 of -1},g=HttpGenerator@1dc37bab{s=START}]=>HttpChannelOverHttp@65b39b5f{s=HttpChannelState@45ef261d{s=IDLE rs=BLOCKING os=OPEN is=IDLE awp=false se=false i=true al=0},r=0,c=false/false,a=IDLE,uri=null,age=0}
02:56:38.281 [qtp961160488-20] DEBUG org.eclipse.jetty.io.FillInterest - interested FillInterest@1de5210b{AC.ReadCB@424d0718{HttpConnection@424d0718::SocketChannelEndPoint@3cfd90f5{l=/127.0.0.1:45451,r=/127.0.0.1:51780,OPEN,fill=FI,flush=-,to=0/3000}{io=0/0,kio=0,kro=0}->HttpConnection@424d0718[p=HttpParser{s=START,0 of -1},g=HttpGenerator@1dc37bab{s=START}]=>HttpChannelOverHttp@65b39b5f{s=HttpChannelState@45ef261d{s=IDLE rs=BLOCKING os=OPEN is=IDLE awp=false se=false i=true al=0},r=0,c=false/false,a=IDLE,uri=null,age=0}}}
02:56:38.281 [qtp961160488-20] DEBUG org.eclipse.jetty.io.ChannelEndPoint - changeInterests p=false 0->1 for SocketChannelEndPoint@3cfd90f5{l=/127.0.0.1:45451,r=/127.0.0.1:51780,OPEN,fill=FI,flush=-,to=0/3000}{io=0/1,kio=0,kro=0}->HttpConnection@424d0718[p=HttpParser{s=START,0 of -1},g=HttpGenerator@1dc37bab{s=START}]=>HttpChannelOverHttp@65b39b5f{s=HttpChannelState@45ef261d{s=IDLE rs=BLOCKING os=OPEN is=IDLE awp=false se=false i=true al=0},r=0,c=false/false,a=IDLE,uri=null,age=0}
02:56:38.281 [qtp961160488-20] DEBUG org.eclipse.jetty.io.ManagedSelector - Queued change lazy=false org.eclipse.jetty.io.ChannelEndPoint$$Lambda$255/899789472@112be8f on ManagedSelector@4803b726{STARTED} id=1 keys=1 selected=0 updates=1
02:56:38.281 [qtp961160488-20] DEBUG org.eclipse.jetty.io.ManagedSelector - Wakeup on submit ManagedSelector@4803b726{STARTED} id=1 keys=1 selected=0 updates=2
02:56:38.281 [qtp961160488-16] DEBUG org.eclipse.jetty.io.ManagedSelector - Selector sun.nio.ch.EPollSelectorImpl@7c892958 woken with none selected
02:56:38.281 [qtp961160488-16] DEBUG org.eclipse.jetty.io.ManagedSelector - Selector sun.nio.ch.EPollSelectorImpl@7c892958 woken up from select, 0/0/1 selected
02:56:38.281 [qtp961160488-20] DEBUG org.eclipse.jetty.io.ManagedSelector - Created SocketChannelEndPoint@3cfd90f5{l=/127.0.0.1:45451,r=/127.0.0.1:51780,OPEN,fill=FI,flush=-,to=0/3000}{io=0/1,kio=0,kro=0}->HttpConnection@424d0718[p=HttpParser{s=START,0 of -1},g=HttpGenerator@1dc37bab{s=START}]=>HttpChannelOverHttp@65b39b5f{s=HttpChannelState@45ef261d{s=IDLE rs=BLOCKING os=OPEN is=IDLE awp=false se=false i=true al=0},r=0,c=false/false,a=IDLE,uri=null,age=0}
02:56:38.281 [qtp961160488-16] DEBUG org.eclipse.jetty.io.ManagedSelector - Selector sun.nio.ch.EPollSelectorImpl@7c892958 processing 0 keys, 2 updates
02:56:38.281 [qtp961160488-16] DEBUG org.eclipse.jetty.io.ManagedSelector - updateable 2
02:56:38.281 [qtp961160488-16] DEBUG org.eclipse.jetty.io.ManagedSelector - update org.eclipse.jetty.io.ManagedSelector$$Lambda$258/269590367@19329470
02:56:38.282 [qtp961160488-20] DEBUG org.eclipse.jetty.util.thread.QueuedThreadPool - ran Accept@4e695d32[java.nio.channels.SocketChannel[connected local=/127.0.0.1:45451 remote=/127.0.0.1:51780]] in QueuedThreadPool[qtp961160488]@394a2528{STARTED,8<=8<=200,i=2,r=-1,q=0}[ReservedThreadExecutor@383bfa16{reserved=0/8,pending=0}]
02:56:38.282 [qtp961160488-16] DEBUG org.eclipse.jetty.io.ManagedSelector - update org.eclipse.jetty.io.ChannelEndPoint$$Lambda$255/899789472@112be8f
02:56:38.282 [qtp961160488-16] DEBUG org.eclipse.jetty.io.ChannelEndPoint - Key interests updated 0 -> 1 on SocketChannelEndPoint@3cfd90f5{l=/127.0.0.1:45451,r=/127.0.0.1:51780,OPEN,fill=FI,flush=-,to=1/3000}{io=1/1,kio=1,kro=0}->HttpConnection@424d0718[p=HttpParser{s=START,0 of -1},g=HttpGenerator@1dc37bab{s=START}]=>HttpChannelOverHttp@65b39b5f{s=HttpChannelState@45ef261d{s=IDLE rs=BLOCKING os=OPEN is=IDLE awp=false se=false i=true al=0},r=0,c=false/false,a=IDLE,uri=null,age=0}
02:56:38.282 [qtp961160488-16] DEBUG org.eclipse.jetty.io.ManagedSelector - updates 0
02:56:38.282 [qtp961160488-16] DEBUG org.eclipse.jetty.io.ManagedSelector - Selector sun.nio.ch.EPollSelectorImpl@7c892958 waiting with 1 keys
02:56:38.282 [qtp961160488-16] DEBUG org.eclipse.jetty.io.ManagedSelector - Selector sun.nio.ch.EPollSelectorImpl@7c892958 woken up from select, 1/1/1 selected
02:56:38.282 [qtp961160488-16] DEBUG org.eclipse.jetty.io.ManagedSelector - Selector sun.nio.ch.EPollSelectorImpl@7c892958 processing 1 keys, 0 updates
02:56:38.282 [qtp961160488-16] DEBUG org.eclipse.jetty.io.ManagedSelector - selected 1 sun.nio.ch.SelectionKeyImpl@76714228 SocketChannelEndPoint@3cfd90f5{l=/127.0.0.1:45451,r=/127.0.0.1:51780,OPEN,fill=FI,flush=-,to=1/3000}{io=1/1,kio=1,kro=1}->HttpConnection@424d0718[p=HttpParser{s=START,0 of -1},g=HttpGenerator@1dc37bab{s=START}]=>HttpChannelOverHttp@65b39b5f{s=HttpChannelState@45ef261d{s=IDLE rs=BLOCKING os=OPEN is=IDLE awp=false se=false i=true al=0},r=0,c=false/false,a=IDLE,uri=null,age=0} 
02:56:38.283 [qtp961160488-16] DEBUG org.eclipse.jetty.io.ChannelEndPoint - onSelected 1->0 r=true w=false for SocketChannelEndPoint@3cfd90f5{l=/127.0.0.1:45451,r=/127.0.0.1:51780,OPEN,fill=FI,flush=-,to=2/3000}{io=1/0,kio=1,kro=1}->HttpConnection@424d0718[p=HttpParser{s=START,0 of -1},g=HttpGenerator@1dc37bab{s=START}]=>HttpChannelOverHttp@65b39b5f{s=HttpChannelState@45ef261d{s=IDLE rs=BLOCKING os=OPEN is=IDLE awp=false se=false i=true al=0},r=0,c=false/false,a=IDLE,uri=null,age=0}
02:56:38.283 [qtp961160488-16] DEBUG org.eclipse.jetty.io.ChannelEndPoint - task CEP:SocketChannelEndPoint@3cfd90f5{l=/127.0.0.1:45451,r=/127.0.0.1:51780,OPEN,fill=FI,flush=-,to=2/3000}{io=1/0,kio=1,kro=1}->HttpConnection@424d0718[p=HttpParser{s=START,0 of -1},g=HttpGenerator@1dc37bab{s=START}]=>HttpChannelOverHttp@65b39b5f{s=HttpChannelState@45ef261d{s=IDLE rs=BLOCKING os=OPEN is=IDLE awp=false se=false i=true al=0},r=0,c=false/false,a=IDLE,uri=null,age=0}:runFillable:BLOCKING
02:56:38.283 [qtp961160488-16] DEBUG org.eclipse.jetty.util.thread.ReservedThreadExecutor - ReservedThreadExecutor@383bfa16{reserved=0/8,pending=0} tryExecute EatWhatYouKill@17497425/SelectorProducer@f0da945/PRODUCING/p=false/QueuedThreadPool[qtp961160488]@394a2528{STARTED,8<=8<=200,i=3,r=-1,q=0}[ReservedThreadExecutor@383bfa16{reserved=0/8,pending=0}][pc=0,pic=0,pec=0,epc=0]@2024-05-02T02:56:38.283+01:00
02:56:38.283 [qtp961160488-16] DEBUG org.eclipse.jetty.util.thread.ReservedThreadExecutor - ReservedThreadExecutor@383bfa16{reserved=0/8,pending=1} startReservedThread p=1
02:56:38.285 [qtp961160488-16] DEBUG org.eclipse.jetty.util.thread.QueuedThreadPool - queue ReservedThread@535c2dcd{PENDING,thread=null} startThread=0
02:56:38.285 [qtp961160488-22] DEBUG org.eclipse.jetty.util.thread.QueuedThreadPool - run ReservedThread@535c2dcd{PENDING,thread=null} in QueuedThreadPool[qtp961160488]@394a2528{STARTED,8<=8<=200,i=2,r=-1,q=0}[ReservedThreadExecutor@383bfa16{reserved=0/8,pending=1}]
02:56:38.285 [qtp961160488-22] DEBUG org.eclipse.jetty.util.thread.ReservedThreadExecutor - ReservedThread@535c2dcd{PENDING,thread=Thread[qtp961160488-22,5,main]} was=PENDING next=RESERVED size=0+1 capacity=8
02:56:38.285 [qtp961160488-22] DEBUG org.eclipse.jetty.util.thread.ReservedThreadExecutor - ReservedThread@535c2dcd{RESERVED,thread=Thread[qtp961160488-22,5,main]} waiting ReservedThreadExecutor@383bfa16{reserved=1/8,pending=0}
02:56:38.285 [qtp961160488-16] DEBUG org.eclipse.jetty.util.thread.strategy.EatWhatYouKill - EatWhatYouKill@17497425/SelectorProducer@f0da945/PRODUCING/p=false/QueuedThreadPool[qtp961160488]@394a2528{STARTED,8<=8<=200,i=2,r=-1,q=0}[ReservedThreadExecutor@383bfa16{reserved=0/8,pending=1}][pc=0,pic=0,pec=0,epc=0]@2024-05-02T02:56:38.285+01:00 m=PRODUCE_EXECUTE_CONSUME t=CEP:SocketChannelEndPoint@3cfd90f5{l=/127.0.0.1:45451,r=/127.0.0.1:51780,OPEN,fill=FI,flush=-,to=4/3000}{io=1/0,kio=1,kro=1}->HttpConnection@424d0718[p=HttpParser{s=START,0 of -1},g=HttpGenerator@1dc37bab{s=START}]=>HttpChannelOverHttp@65b39b5f{s=HttpChannelState@45ef261d{s=IDLE rs=BLOCKING os=OPEN is=IDLE awp=false se=false i=true al=0},r=0,c=false/false,a=IDLE,uri=null,age=0}:runFillable:BLOCKING/BLOCKING
02:56:38.285 [qtp961160488-16] DEBUG org.eclipse.jetty.util.thread.QueuedThreadPool - queue CEP:SocketChannelEndPoint@3cfd90f5{l=/127.0.0.1:45451,r=/127.0.0.1:51780,OPEN,fill=FI,flush=-,to=4/3000}{io=1/0,kio=1,kro=1}->HttpConnection@424d0718[p=HttpParser{s=START,0 of -1},g=HttpGenerator@1dc37bab{s=START}]=>HttpChannelOverHttp@65b39b5f{s=HttpChannelState@45ef261d{s=IDLE rs=BLOCKING os=OPEN is=IDLE awp=false se=false i=true al=0},r=0,c=false/false,a=IDLE,uri=null,age=0}:runFillable:BLOCKING startThread=0
02:56:38.285 [qtp961160488-16] DEBUG org.eclipse.jetty.io.ManagedSelector - updateable 0
02:56:38.286 [qtp961160488-16] DEBUG org.eclipse.jetty.io.ManagedSelector - updates 0
02:56:38.286 [qtp961160488-21] DEBUG org.eclipse.jetty.util.thread.QueuedThreadPool - run CEP:SocketChannelEndPoint@3cfd90f5{l=/127.0.0.1:45451,r=/127.0.0.1:51780,OPEN,fill=FI,flush=-,to=5/3000}{io=1/0,kio=1,kro=1}->HttpConnection@424d0718[p=HttpParser{s=START,0 of -1},g=HttpGenerator@1dc37bab{s=START}]=>HttpChannelOverHttp@65b39b5f{s=HttpChannelState@45ef261d{s=IDLE rs=BLOCKING os=OPEN is=IDLE awp=false se=false i=true al=0},r=0,c=false/false,a=IDLE,uri=null,age=0}:runFillable:BLOCKING in QueuedThreadPool[qtp961160488]@394a2528{STARTED,8<=8<=200,i=1,r=-1,q=0}[ReservedThreadExecutor@383bfa16{reserved=1/8,pending=0}]
02:56:38.286 [qtp961160488-16] DEBUG org.eclipse.jetty.io.ChannelEndPoint - Key interests updated 1 -> 0 on SocketChannelEndPoint@3cfd90f5{l=/127.0.0.1:45451,r=/127.0.0.1:51780,OPEN,fill=FI,flush=-,to=5/3000}{io=0/0,kio=0,kro=1}->HttpConnection@424d0718[p=HttpParser{s=START,0 of -1},g=HttpGenerator@1dc37bab{s=START}]=>HttpChannelOverHttp@65b39b5f{s=HttpChannelState@45ef261d{s=IDLE rs=BLOCKING os=OPEN is=IDLE awp=false se=false i=true al=0},r=0,c=false/false,a=IDLE,uri=null,age=0}
02:56:38.286 [qtp961160488-16] DEBUG org.eclipse.jetty.io.ManagedSelector - Selector sun.nio.ch.EPollSelectorImpl@7c892958 waiting with 1 keys
02:56:38.286 [qtp961160488-21] DEBUG org.eclipse.jetty.io.FillInterest - fillable FillInterest@1de5210b{AC.ReadCB@424d0718{HttpConnection@424d0718::SocketChannelEndPoint@3cfd90f5{l=/127.0.0.1:45451,r=/127.0.0.1:51780,OPEN,fill=FI,flush=-,to=5/3000}{io=0/0,kio=0,kro=1}->HttpConnection@424d0718[p=HttpParser{s=START,0 of -1},g=HttpGenerator@1dc37bab{s=START}]=>HttpChannelOverHttp@65b39b5f{s=HttpChannelState@45ef261d{s=IDLE rs=BLOCKING os=OPEN is=IDLE awp=false se=false i=true al=0},r=0,c=false/false,a=IDLE,uri=null,age=0}}}
02:56:38.286 [qtp961160488-21] DEBUG org.eclipse.jetty.server.HttpConnection - HttpConnection@424d0718::SocketChannelEndPoint@3cfd90f5{l=/127.0.0.1:45451,r=/127.0.0.1:51780,OPEN,fill=-,flush=-,to=5/3000}{io=0/0,kio=0,kro=1}->HttpConnection@424d0718[p=HttpParser{s=START,0 of -1},g=HttpGenerator@1dc37bab{s=START}]=>HttpChannelOverHttp@65b39b5f{s=HttpChannelState@45ef261d{s=IDLE rs=BLOCKING os=OPEN is=IDLE awp=false se=false i=true al=0},r=0,c=false/false,a=IDLE,uri=null,age=0} onFillable enter HttpChannelState@45ef261d{s=IDLE rs=BLOCKING os=OPEN is=IDLE awp=false se=false i=true al=0} null
02:56:38.290 [qtp961160488-21] DEBUG org.eclipse.jetty.util.TypeUtil - This JVM Runtime does not support Modules, disabling Jetty internal support
02:56:38.291 [qtp961160488-21] DEBUG org.eclipse.jetty.io.ChannelEndPoint - filled 125 HeapByteBuffer@301bd4e3[p=0,l=125,c=8192,r=125]={<<<GET /config.yml HTTP/1.1\r...gent: okhttp/3.12.3\r\n\r\n>>>\x00\x00\x00\x00\x00\x00\x00\x00\x00...\x00\x00\x00\x00\x00\x00\x00}
02:56:38.292 [qtp961160488-21] DEBUG org.eclipse.jetty.server.HttpConnection - HttpConnection@424d0718::SocketChannelEndPoint@3cfd90f5{l=/127.0.0.1:45451,r=/127.0.0.1:51780,OPEN,fill=-,flush=-,to=4/3000}{io=0/0,kio=0,kro=1}->HttpConnection@424d0718[p=HttpParser{s=START,0 of -1},g=HttpGenerator@1dc37bab{s=START}]=>HttpChannelOverHttp@65b39b5f{s=HttpChannelState@45ef261d{s=IDLE rs=BLOCKING os=OPEN is=IDLE awp=false se=false i=true al=0},r=0,c=false/false,a=IDLE,uri=null,age=0} filled 125 HeapByteBuffer@301bd4e3[p=0,l=125,c=8192,r=125]={<<<GET /config.yml HTTP/1.1\r...gent: okhttp/3.12.3\r\n\r\n>>>\x00\x00\x00\x00\x00\x00\x00\x00\x00...\x00\x00\x00\x00\x00\x00\x00}
02:56:38.292 [qtp961160488-21] DEBUG org.eclipse.jetty.server.HttpConnection - HttpConnection@424d0718::SocketChannelEndPoint@3cfd90f5{l=/127.0.0.1:45451,r=/127.0.0.1:51780,OPEN,fill=-,flush=-,to=4/3000}{io=0/0,kio=0,kro=1}->HttpConnection@424d0718[p=HttpParser{s=START,0 of -1},g=HttpGenerator@1dc37bab{s=START}]=>HttpChannelOverHttp@65b39b5f{s=HttpChannelState@45ef261d{s=IDLE rs=BLOCKING os=OPEN is=IDLE awp=false se=false i=true al=0},r=0,c=false/false,a=IDLE,uri=null,age=0} parse HeapByteBuffer@301bd4e3[p=0,l=125,c=8192,r=125]={<<<GET /config.yml HTTP/1.1\r...gent: okhttp/3.12.3\r\n\r\n>>>\x00\x00\x00\x00\x00\x00\x00\x00\x00...\x00\x00\x00\x00\x00\x00\x00} {}
02:56:38.292 [qtp961160488-21] DEBUG org.eclipse.jetty.http.HttpParser - parseNext s=START HeapByteBuffer@301bd4e3[p=0,l=125,c=8192,r=125]={<<<GET /config.yml HTTP/1.1\r...gent: okhttp/3.12.3\r\n\r\n>>>\x00\x00\x00\x00\x00\x00\x00\x00\x00...\x00\x00\x00\x00\x00\x00\x00}
02:56:38.292 [qtp961160488-21] DEBUG org.eclipse.jetty.http.HttpParser - START --> SPACE1
02:56:38.295 [qtp961160488-21] DEBUG org.eclipse.jetty.http.HttpParser - SPACE1 --> URI
02:56:38.295 [qtp961160488-21] DEBUG org.eclipse.jetty.http.HttpParser - URI --> SPACE2
02:56:38.295 [qtp961160488-21] DEBUG org.eclipse.jetty.http.HttpParser - SPACE2 --> REQUEST_VERSION
02:56:38.295 [qtp961160488-21] DEBUG org.eclipse.jetty.http.HttpParser - REQUEST_VERSION --> HEADER
02:56:38.296 [qtp961160488-21] DEBUG org.eclipse.jetty.http.HttpParser - HEADER:Host --> VALUE
02:56:38.296 [qtp961160488-21] DEBUG org.eclipse.jetty.http.HttpParser - HEADER:Host --> IN_VALUE
02:56:38.296 [qtp961160488-21] DEBUG org.eclipse.jetty.http.HttpParser - HEADER:Host --> FIELD
02:56:38.297 [qtp961160488-21] DEBUG org.eclipse.jetty.http.HttpParser - HEADER:Connection: keep-alive --> IN_VALUE
02:56:38.297 [qtp961160488-21] DEBUG org.eclipse.jetty.http.HttpParser - HEADER:Connection: keep-alive --> FIELD
02:56:38.297 [qtp961160488-21] DEBUG org.eclipse.jetty.http.HttpParser - HEADER:Accept-Encoding: gzip --> IN_VALUE
02:56:38.297 [qtp961160488-21] DEBUG org.eclipse.jetty.http.HttpParser - HEADER:Accept-Encoding: gzip --> FIELD
02:56:38.297 [qtp961160488-21] DEBUG org.eclipse.jetty.http.HttpParser - HEADER:User-Agent --> VALUE
02:56:38.297 [qtp961160488-21] DEBUG org.eclipse.jetty.http.HttpParser - HEADER:User-Agent --> IN_VALUE
02:56:38.297 [qtp961160488-21] DEBUG org.eclipse.jetty.http.HttpParser - HEADER:User-Agent --> FIELD
02:56:38.297 [qtp961160488-21] DEBUG org.eclipse.jetty.http.HttpParser - HEADER --> CONTENT
02:56:38.299 [qtp961160488-21] DEBUG org.eclipse.jetty.server.HttpChannel - REQUEST for //localhost:45451/config.yml on HttpChannelOverHttp@65b39b5f{s=HttpChannelState@45ef261d{s=IDLE rs=BLOCKING os=OPEN is=IDLE awp=false se=false i=true al=0},r=1,c=false/false,a=IDLE,uri=//localhost:45451/config.yml,age=1}
GET //localhost:45451/config.yml HTTP/1.1
Host: localhost:45451
Connection: keep-alive
Accept-Encoding: gzip
User-Agent: okhttp/3.12.3


02:56:38.299 [qtp961160488-21] DEBUG org.eclipse.jetty.server.HttpConnection - HttpConnection@424d0718::SocketChannelEndPoint@3cfd90f5{l=/127.0.0.1:45451,r=/127.0.0.1:51780,OPEN,fill=-,flush=-,to=12/3000}{io=0/0,kio=0,kro=1}->HttpConnection@424d0718[p=HttpParser{s=CONTENT,0 of -1},g=HttpGenerator@1dc37bab{s=START}]=>HttpChannelOverHttp@65b39b5f{s=HttpChannelState@45ef261d{s=IDLE rs=BLOCKING os=OPEN is=IDLE awp=false se=false i=true al=0},r=1,c=false/false,a=IDLE,uri=//localhost:45451/config.yml,age=2} parsed true HttpParser{s=CONTENT,0 of -1}
02:56:38.300 [qtp961160488-21] DEBUG org.eclipse.jetty.server.HttpConnection - releaseRequestBuffer HttpConnection@424d0718::SocketChannelEndPoint@3cfd90f5{l=/127.0.0.1:45451,r=/127.0.0.1:51780,OPEN,fill=-,flush=-,to=12/3000}{io=0/0,kio=0,kro=1}->HttpConnection@424d0718[p=HttpParser{s=CONTENT,0 of -1},g=HttpGenerator@1dc37bab{s=START}]=>HttpChannelOverHttp@65b39b5f{s=HttpChannelState@45ef261d{s=IDLE rs=BLOCKING os=OPEN is=IDLE awp=false se=false i=true al=0},r=1,c=false/false,a=IDLE,uri=//localhost:45451/config.yml,age=3}
02:56:38.301 [qtp961160488-21] DEBUG org.eclipse.jetty.server.HttpChannel - handle //localhost:45451/config.yml HttpChannelOverHttp@65b39b5f{s=HttpChannelState@45ef261d{s=IDLE rs=BLOCKING os=OPEN is=IDLE awp=false se=false i=true al=0},r=1,c=false/false,a=IDLE,uri=//localhost:45451/config.yml,age=4} 
02:56:38.301 [qtp961160488-21] DEBUG org.eclipse.jetty.server.HttpChannelState - handling HttpChannelState@45ef261d{s=IDLE rs=BLOCKING os=OPEN is=IDLE awp=false se=false i=true al=0}
02:56:38.303 [qtp961160488-21] DEBUG org.eclipse.jetty.server.HttpChannel - action DISPATCH HttpChannelOverHttp@65b39b5f{s=HttpChannelState@45ef261d{s=HANDLING rs=BLOCKING os=OPEN is=IDLE awp=false se=false i=true al=0},r=1,c=false/false,a=HANDLING,uri=//localhost:45451/config.yml,age=6}
02:56:38.305 [qtp961160488-21] DEBUG org.eclipse.jetty.server.Server - REQUEST GET /config.yml on HttpChannelOverHttp@65b39b5f{s=HttpChannelState@45ef261d{s=HANDLING rs=BLOCKING os=OPEN is=IDLE awp=false se=false i=true al=0},r=1,c=false/false,a=HANDLING,uri=//localhost:45451/config.yml,age=8}
02:56:38.315 [qtp961160488-21] DEBUG org.eclipse.jetty.server.HttpOutput - write(array HeapByteBuffer@3b47002e[p=0,l=4,c=512,r=4]={<<<path>>>\x00\x00\x00\x00\x00\x00\x00\x00\x00...\x00\x00\x00\x00\x00\x00\x00})
02:56:38.315 [qtp961160488-21] DEBUG org.eclipse.jetty.server.HttpOutput - write(array) s=CLOSING,api=BLOCKED,sc=false,e=null last=true agg=false flush=true async=false, len=4 null
02:56:38.315 [qtp961160488-21] DEBUG org.eclipse.jetty.server.HttpChannel - sendResponse info=null content=HeapByteBuffer@2123883a[p=0,l=4,c=512,r=4]={<<<path>>>\x00\x00\x00\x00\x00\x00\x00\x00\x00...\x00\x00\x00\x00\x00\x00\x00} complete=true committing=true callback=Blocker@22e6aa40{null}
02:56:38.316 [qtp961160488-21] DEBUG org.eclipse.jetty.server.HttpChannel - COMMIT for /config.yml on HttpChannelOverHttp@65b39b5f{s=HttpChannelState@45ef261d{s=HANDLING rs=BLOCKING os=COMMITTED is=IDLE awp=false se=false i=true al=0},r=1,c=false/false,a=HANDLING,uri=//localhost:45451/config.yml,age=19}
200 null HTTP/1.1
Date: Thu, 02 May 2024 01:56:38 GMT
ETag: testEtag
Content-Type: text/plain;charset=utf-8
Content-Length: 4


02:56:38.318 [qtp961160488-21] DEBUG org.eclipse.jetty.server.HttpConnection - generate: NEED_HEADER for SendCallback@52c8ab47[PROCESSING][i=HTTP/1.1{s=200,h=4,cl=4},cb=org.eclipse.jetty.server.HttpChannel$SendCallback@3352834f] (null,[p=0,l=4,c=512,r=4],true)@START
02:56:38.318 [qtp961160488-21] DEBUG org.eclipse.jetty.http.HttpGenerator - generateHeaders HTTP/1.1{s=200,h=4,cl=4} last=true content=HeapByteBuffer@2123883a[p=0,l=4,c=512,r=4]={<<<path>>>\x00\x00\x00\x00\x00\x00\x00\x00\x00...\x00\x00\x00\x00\x00\x00\x00}
02:56:38.318 [qtp961160488-21] DEBUG org.eclipse.jetty.http.HttpGenerator - Date: Thu, 02 May 2024 01:56:38 GMT
ETag: testEtag
Content-Type: text/plain;charset=utf-8
Content-Length: 4


02:56:38.318 [qtp961160488-21] DEBUG org.eclipse.jetty.http.HttpGenerator - CONTENT_LENGTH
02:56:38.318 [qtp961160488-21] DEBUG org.eclipse.jetty.server.HttpConnection - generate: FLUSH for SendCallback@52c8ab47[PROCESSING][i=HTTP/1.1{s=200,h=4,cl=4},cb=org.eclipse.jetty.server.HttpChannel$SendCallback@3352834f] ([p=0,l=164,c=8192,r=164],[p=0,l=4,c=512,r=4],true)@COMPLETING
02:56:38.319 [qtp961160488-21] DEBUG org.eclipse.jetty.io.WriteFlusher - write: WriteFlusher@11d61487{IDLE}->null [HeapByteBuffer@301bd4e3[p=0,l=164,c=8192,r=164]={<<<HTTP/1.1 200 OK\r\nDate: Th...y(9.4.44.v20210927)\r\n\r\n>>>\x00\x00\x00\x00\x00\x00\x00\x00\x00...\x00\x00\x00\x00\x00\x00\x00},HeapByteBuffer@2123883a[p=0,l=4,c=512,r=4]={<<<path>>>\x00\x00\x00\x00\x00\x00\x00\x00\x00...\x00\x00\x00\x00\x00\x00\x00}]
02:56:38.319 [qtp961160488-21] DEBUG org.eclipse.jetty.io.WriteFlusher - update WriteFlusher@11d61487{WRITING}->null:IDLE-->WRITING
02:56:38.319 [qtp961160488-21] DEBUG org.eclipse.jetty.io.ChannelEndPoint - flushed 168 SocketChannelEndPoint@3cfd90f5{l=/127.0.0.1:45451,r=/127.0.0.1:51780,OPEN,fill=-,flush=W,to=32/3000}{io=0/0,kio=0,kro=1}->HttpConnection@424d0718[p=HttpParser{s=CONTENT,0 of -1},g=HttpGenerator@1dc37bab{s=COMPLETING}]=>HttpChannelOverHttp@65b39b5f{s=HttpChannelState@45ef261d{s=HANDLING rs=BLOCKING os=COMMITTED is=IDLE awp=false se=false i=true al=0},r=1,c=false/false,a=HANDLING,uri=//localhost:45451/config.yml,age=22}
02:56:38.319 [qtp961160488-21] DEBUG org.eclipse.jetty.io.WriteFlusher - Flushed=true written=168 remaining=0 WriteFlusher@11d61487{WRITING}->null
02:56:38.320 [qtp961160488-21] DEBUG org.eclipse.jetty.io.WriteFlusher - update WriteFlusher@11d61487{IDLE}->null:WRITING-->IDLE
02:56:38.320 [qtp961160488-21] DEBUG org.eclipse.jetty.server.HttpConnection - generate: DONE for SendCallback@52c8ab47[PROCESSING][i=HTTP/1.1{s=200,h=4,cl=4},cb=org.eclipse.jetty.server.HttpChannel$SendCallback@3352834f] ([p=164,l=164,c=8192,r=0],[p=4,l=4,c=512,r=0],true)@END
02:56:38.320 [qtp961160488-21] DEBUG org.eclipse.jetty.server.HttpOutput - onWriteComplete(true,null) s=CLOSING,api=BLOCKED,sc=false,e=null->s=CLOSED,api=BLOCKING,sc=false,e=null c=null cb=null w=false
02:56:38.320 [qtp961160488-21] DEBUG org.eclipse.jetty.server.HttpOutput - close() s=CLOSED,api=BLOCKING,sc=false,e=null c=null b=null
02:56:38.320 [qtp961160488-21] DEBUG org.eclipse.jetty.server.Server - handled=true async=false committed=true on HttpChannelOverHttp@65b39b5f{s=HttpChannelState@45ef261d{s=HANDLING rs=BLOCKING os=COMPLETED is=IDLE awp=false se=false i=true al=0},r=1,c=false/true,a=HANDLING,uri=//localhost:45451/config.yml,age=23}
02:56:38.320 [qtp961160488-21] DEBUG org.eclipse.jetty.server.HttpChannelState - unhandle HttpChannelState@45ef261d{s=HANDLING rs=BLOCKING os=COMPLETED is=IDLE awp=false se=false i=true al=0}
02:56:38.320 [qtp961160488-21] DEBUG org.eclipse.jetty.server.HttpChannelState - nextAction(false) COMPLETE HttpChannelState@45ef261d{s=HANDLING rs=COMPLETING os=COMPLETED is=IDLE awp=false se=false i=false al=0}
02:56:38.320 [qtp961160488-21] DEBUG org.eclipse.jetty.server.HttpChannel - action COMPLETE HttpChannelOverHttp@65b39b5f{s=HttpChannelState@45ef261d{s=HANDLING rs=COMPLETING os=COMPLETED is=IDLE awp=false se=false i=false al=0},r=1,c=false/true,a=HANDLING,uri=//localhost:45451/config.yml,age=23}
02:56:38.321 [qtp961160488-21] DEBUG org.eclipse.jetty.server.HttpOutput - complete(org.eclipse.jetty.util.Callback$3@4a99a86) s=CLOSED,api=BLOCKING,sc=false,e=null s=true e=null, c=null
02:56:38.321 [qtp961160488-21] DEBUG org.eclipse.jetty.server.HttpChannelState - completed HttpChannelState@45ef261d{s=HANDLING rs=COMPLETING os=COMPLETED is=IDLE awp=false se=false i=false al=0}
02:56:38.321 [qtp961160488-21] DEBUG org.eclipse.jetty.server.HttpChannelState - unhandle HttpChannelState@45ef261d{s=HANDLING rs=COMPLETED os=COMPLETED is=IDLE awp=false se=false i=false al=0}
02:56:38.321 [qtp961160488-21] DEBUG org.eclipse.jetty.server.HttpChannelState - nextAction(false) TERMINATED HttpChannelState@45ef261d{s=IDLE rs=COMPLETED os=COMPLETED is=IDLE awp=false se=false i=false al=0}
02:56:38.321 [qtp961160488-21] DEBUG org.eclipse.jetty.server.HttpChannel - action TERMINATED HttpChannelOverHttp@65b39b5f{s=HttpChannelState@45ef261d{s=IDLE rs=COMPLETED os=COMPLETED is=IDLE awp=false se=false i=false al=0},r=1,c=true/true,a=IDLE,uri=//localhost:45451/config.yml,age=24}
02:56:38.321 [qtp961160488-21] DEBUG org.eclipse.jetty.server.HttpChannel - onCompleted for /config.yml written=4
02:56:38.322 [qtp961160488-21] DEBUG org.eclipse.jetty.io.ChannelEndPoint - filled 0 HeapByteBuffer@301bd4e3[p=0,l=0,c=8192,r=0]={<<<>>>HTTP/1.1 ...\x00\x00\x00\x00\x00\x00\x00}
02:56:38.322 [qtp961160488-21] DEBUG org.eclipse.jetty.io.ChannelEndPoint - filled 0 HeapByteBuffer@301bd4e3[p=0,l=0,c=8192,r=0]={<<<>>>HTTP/1.1 ...\x00\x00\x00\x00\x00\x00\x00}
02:56:38.322 [qtp961160488-21] DEBUG org.eclipse.jetty.server.HttpConnection - HttpConnection@424d0718::SocketChannelEndPoint@3cfd90f5{l=/127.0.0.1:45451,r=/127.0.0.1:51780,OPEN,fill=-,flush=-,to=2/3000}{io=0/0,kio=0,kro=1}->HttpConnection@424d0718[p=HttpParser{s=CONTENT,0 of -1},g=HttpGenerator@1dc37bab{s=END}]=>HttpChannelOverHttp@65b39b5f{s=HttpChannelState@45ef261d{s=IDLE rs=COMPLETED os=COMPLETED is=IDLE awp=false se=false i=false al=0},r=1,c=true/true,a=IDLE,uri=//localhost:45451/config.yml,age=25} filled 0 HeapByteBuffer@301bd4e3[p=0,l=0,c=8192,r=0]={<<<>>>HTTP/1.1 ...\x00\x00\x00\x00\x00\x00\x00}
02:56:38.322 [qtp961160488-21] DEBUG org.eclipse.jetty.server.HttpConnection - HttpConnection@424d0718::SocketChannelEndPoint@3cfd90f5{l=/127.0.0.1:45451,r=/127.0.0.1:51780,OPEN,fill=-,flush=-,to=2/3000}{io=0/0,kio=0,kro=1}->HttpConnection@424d0718[p=HttpParser{s=CONTENT,0 of -1},g=HttpGenerator@1dc37bab{s=END}]=>HttpChannelOverHttp@65b39b5f{s=HttpChannelState@45ef261d{s=IDLE rs=COMPLETED os=COMPLETED is=IDLE awp=false se=false i=false al=0},r=1,c=true/true,a=IDLE,uri=//localhost:45451/config.yml,age=25} parse HeapByteBuffer@301bd4e3[p=0,l=0,c=8192,r=0]={<<<>>>HTTP/1.1 ...\x00\x00\x00\x00\x00\x00\x00} {}
02:56:38.322 [qtp961160488-21] DEBUG org.eclipse.jetty.http.HttpParser - parseNext s=CONTENT HeapByteBuffer@301bd4e3[p=0,l=0,c=8192,r=0]={<<<>>>HTTP/1.1 ...\x00\x00\x00\x00\x00\x00\x00}
02:56:38.322 [qtp961160488-21] DEBUG org.eclipse.jetty.http.HttpParser - CONTENT --> CONTENT_END
02:56:38.322 [qtp961160488-21] DEBUG org.eclipse.jetty.server.HttpChannel - onContentComplete HttpChannelOverHttp@65b39b5f{s=HttpChannelState@45ef261d{s=IDLE rs=COMPLETED os=COMPLETED is=IDLE awp=false se=false i=false al=0},r=1,c=true/true,a=IDLE,uri=//localhost:45451/config.yml,age=25}
02:56:38.322 [qtp961160488-21] DEBUG org.eclipse.jetty.http.HttpParser - CONTENT_END --> END
02:56:38.322 [qtp961160488-21] DEBUG org.eclipse.jetty.server.HttpChannel - onRequestComplete HttpChannelOverHttp@65b39b5f{s=HttpChannelState@45ef261d{s=IDLE rs=COMPLETED os=COMPLETED is=IDLE awp=false se=false i=false al=0},r=1,c=true/true,a=IDLE,uri=//localhost:45451/config.yml,age=25}
02:56:38.322 [qtp961160488-21] DEBUG org.eclipse.jetty.server.HttpInput - HttpInputOverHTTP@4437e0c7[c=0,q=0,[0]=null,s=STREAM] addContent EOF
02:56:38.323 [qtp961160488-21] DEBUG org.eclipse.jetty.server.HttpConnection - HttpConnection@424d0718::SocketChannelEndPoint@3cfd90f5{l=/127.0.0.1:45451,r=/127.0.0.1:51780,OPEN,fill=-,flush=-,to=3/3000}{io=0/0,kio=0,kro=1}->HttpConnection@424d0718[p=HttpParser{s=END,0 of -1},g=HttpGenerator@1dc37bab{s=END}]=>HttpChannelOverHttp@65b39b5f{s=HttpChannelState@45ef261d{s=IDLE rs=COMPLETED os=COMPLETED is=IDLE awp=false se=false i=false al=0},r=1,c=true/true,a=IDLE,uri=//localhost:45451/config.yml,age=26} parsed false HttpParser{s=END,0 of -1}
02:56:38.323 [qtp961160488-21] DEBUG org.eclipse.jetty.server.HttpConnection - releaseRequestBuffer HttpConnection@424d0718::SocketChannelEndPoint@3cfd90f5{l=/127.0.0.1:45451,r=/127.0.0.1:51780,OPEN,fill=-,flush=-,to=3/3000}{io=0/0,kio=0,kro=1}->HttpConnection@424d0718[p=HttpParser{s=END,0 of -1},g=HttpGenerator@1dc37bab{s=END}]=>HttpChannelOverHttp@65b39b5f{s=HttpChannelState@45ef261d{s=IDLE rs=COMPLETED os=COMPLETED is=IDLE awp=false se=false i=false al=0},r=1,c=true/true,a=IDLE,uri=//localhost:45451/config.yml,age=26}
02:56:38.323 [qtp961160488-21] DEBUG org.eclipse.jetty.server.HttpChannelState - recycle HttpChannelState@45ef261d{s=IDLE rs=COMPLETED os=COMPLETED is=IDLE awp=false se=false i=false al=0}
02:56:38.324 [main] DEBUG org.apache.nifi.minifi.bootstrap.configuration.ingestors.PullHttpChangeIngestor - Response received: Response{protocol=http/1.1, code=200, message=OK, url=http://localhost:45451/config.yml}
02:56:38.325 [main] DEBUG org.apache.nifi.minifi.bootstrap.configuration.ingestors.PullHttpChangeIngestor - New change received, notifying listener
02:56:38.325 [main] DEBUG org.apache.nifi.minifi.bootstrap.configuration.ingestors.PullHttpChangeIngestor - Listeners notified
02:56:38.326 [qtp961160488-21] DEBUG org.eclipse.jetty.http.HttpParser - reset HttpParser{s=END,0 of -1}
02:56:38.327 [qtp961160488-21] DEBUG org.eclipse.jetty.http.HttpParser - END --> START
02:56:38.327 [qtp961160488-21] DEBUG org.eclipse.jetty.server.HttpChannel - !handle TERMINATED HttpChannelOverHttp@65b39b5f{s=HttpChannelState@45ef261d{s=IDLE rs=BLOCKING os=OPEN is=IDLE awp=false se=false i=true al=0},r=1,c=false/false,a=IDLE,uri=null,age=0}
02:56:38.327 [qtp961160488-21] DEBUG org.eclipse.jetty.io.ChannelEndPoint - filled 0 HeapByteBuffer@301bd4e3[p=0,l=0,c=8192,r=0]={<<<>>>HTTP/1.1 ...\x00\x00\x00\x00\x00\x00\x00}
02:56:38.327 [qtp961160488-21] DEBUG org.eclipse.jetty.io.ChannelEndPoint - filled 0 HeapByteBuffer@301bd4e3[p=0,l=0,c=8192,r=0]={<<<>>>HTTP/1.1 ...\x00\x00\x00\x00\x00\x00\x00}
02:56:38.327 [qtp961160488-21] DEBUG org.eclipse.jetty.server.HttpConnection - HttpConnection@424d0718::SocketChannelEndPoint@3cfd90f5{l=/127.0.0.1:45451,r=/127.0.0.1:51780,OPEN,fill=-,flush=-,to=7/3000}{io=0/0,kio=0,kro=1}->HttpConnection@424d0718[p=HttpParser{s=START,0 of -1},g=HttpGenerator@1dc37bab{s=START}]=>HttpChannelOverHttp@65b39b5f{s=HttpChannelState@45ef261d{s=IDLE rs=BLOCKING os=OPEN is=IDLE awp=false se=false i=true al=0},r=1,c=false/false,a=IDLE,uri=null,age=0} filled 0 HeapByteBuffer@301bd4e3[p=0,l=0,c=8192,r=0]={<<<>>>HTTP/1.1 ...\x00\x00\x00\x00\x00\x00\x00}
02:56:38.327 [qtp961160488-21] DEBUG org.eclipse.jetty.server.HttpConnection - HttpConnection@424d0718::SocketChannelEndPoint@3cfd90f5{l=/127.0.0.1:45451,r=/127.0.0.1:51780,OPEN,fill=-,flush=-,to=7/3000}{io=0/0,kio=0,kro=1}->HttpConnection@424d0718[p=HttpParser{s=START,0 of -1},g=HttpGenerator@1dc37bab{s=START}]=>HttpChannelOverHttp@65b39b5f{s=HttpChannelState@45ef261d{s=IDLE rs=BLOCKING os=OPEN is=IDLE awp=false se=false i=true al=0},r=1,c=false/false,a=IDLE,uri=null,age=0} parse HeapByteBuffer@301bd4e3[p=0,l=0,c=8192,r=0]={<<<>>>HTTP/1.1 ...\x00\x00\x00\x00\x00\x00\x00} {}
02:56:38.327 [qtp961160488-21] DEBUG org.eclipse.jetty.http.HttpParser - parseNext s=START HeapByteBuffer@301bd4e3[p=0,l=0,c=8192,r=0]={<<<>>>HTTP/1.1 ...\x00\x00\x00\x00\x00\x00\x00}
02:56:38.328 [qtp961160488-21] DEBUG org.eclipse.jetty.server.HttpConnection - HttpConnection@424d0718::SocketChannelEndPoint@3cfd90f5{l=/127.0.0.1:45451,r=/127.0.0.1:51780,OPEN,fill=-,flush=-,to=8/3000}{io=0/0,kio=0,kro=1}->HttpConnection@424d0718[p=HttpParser{s=START,0 of -1},g=HttpGenerator@1dc37bab{s=START}]=>HttpChannelOverHttp@65b39b5f{s=HttpChannelState@45ef261d{s=IDLE rs=BLOCKING os=OPEN is=IDLE awp=false se=false i=true al=0},r=1,c=false/false,a=IDLE,uri=null,age=0} parsed false HttpParser{s=START,0 of -1}
02:56:38.328 [qtp961160488-21] DEBUG org.eclipse.jetty.server.HttpConnection - releaseRequestBuffer HttpConnection@424d0718::SocketChannelEndPoint@3cfd90f5{l=/127.0.0.1:45451,r=/127.0.0.1:51780,OPEN,fill=-,flush=-,to=8/3000}{io=0/0,kio=0,kro=1}->HttpConnection@424d0718[p=HttpParser{s=START,0 of -1},g=HttpGenerator@1dc37bab{s=START}]=>HttpChannelOverHttp@65b39b5f{s=HttpChannelState@45ef261d{s=IDLE rs=BLOCKING os=OPEN is=IDLE awp=false se=false i=true al=0},r=1,c=false/false,a=IDLE,uri=null,age=0}
02:56:38.328 [qtp961160488-21] DEBUG org.eclipse.jetty.io.AbstractConnection - fillInterested HttpConnection@424d0718::SocketChannelEndPoint@3cfd90f5{l=/127.0.0.1:45451,r=/127.0.0.1:51780,OPEN,fill=-,flush=-,to=8/3000}{io=0/0,kio=0,kro=1}->HttpConnection@424d0718[p=HttpParser{s=START,0 of -1},g=HttpGenerator@1dc37bab{s=START}]=>HttpChannelOverHttp@65b39b5f{s=HttpChannelState@45ef261d{s=IDLE rs=BLOCKING os=OPEN is=IDLE awp=false se=false i=true al=0},r=1,c=false/false,a=IDLE,uri=null,age=0}
02:56:38.328 [qtp961160488-21] DEBUG org.eclipse.jetty.io.FillInterest - interested FillInterest@1de5210b{AC.ReadCB@424d0718{HttpConnection@424d0718::SocketChannelEndPoint@3cfd90f5{l=/127.0.0.1:45451,r=/127.0.0.1:51780,OPEN,fill=FI,flush=-,to=0/3000}{io=0/0,kio=0,kro=1}->HttpConnection@424d0718[p=HttpParser{s=START,0 of -1},g=HttpGenerator@1dc37bab{s=START}]=>HttpChannelOverHttp@65b39b5f{s=HttpChannelState@45ef261d{s=IDLE rs=BLOCKING os=OPEN is=IDLE awp=false se=false i=true al=0},r=1,c=false/false,a=IDLE,uri=null,age=0}}}
02:56:38.329 [qtp961160488-21] DEBUG org.eclipse.jetty.io.ChannelEndPoint - changeInterests p=false 0->1 for SocketChannelEndPoint@3cfd90f5{l=/127.0.0.1:45451,r=/127.0.0.1:51780,OPEN,fill=FI,flush=-,to=0/3000}{io=0/1,kio=0,kro=1}->HttpConnection@424d0718[p=HttpParser{s=START,0 of -1},g=HttpGenerator@1dc37bab{s=START}]=>HttpChannelOverHttp@65b39b5f{s=HttpChannelState@45ef261d{s=IDLE rs=BLOCKING os=OPEN is=IDLE awp=false se=false i=true al=0},r=1,c=false/false,a=IDLE,uri=null,age=0}
02:56:38.329 [qtp961160488-21] DEBUG org.eclipse.jetty.io.ManagedSelector - Queued change lazy=false org.eclipse.jetty.io.ChannelEndPoint$$Lambda$255/899789472@112be8f on ManagedSelector@4803b726{STARTED} id=1 keys=1 selected=0 updates=0
02:56:38.329 [qtp961160488-21] DEBUG org.eclipse.jetty.io.ManagedSelector - Wakeup on submit ManagedSelector@4803b726{STARTED} id=1 keys=1 selected=0 updates=1
02:56:38.329 [qtp961160488-16] DEBUG org.eclipse.jetty.io.ManagedSelector - Selector sun.nio.ch.EPollSelectorImpl@7c892958 woken with none selected
02:56:38.329 [qtp961160488-16] DEBUG org.eclipse.jetty.io.ManagedSelector - Selector sun.nio.ch.EPollSelectorImpl@7c892958 woken up from select, 0/0/1 selected
02:56:38.329 [qtp961160488-16] DEBUG org.eclipse.jetty.io.ManagedSelector - Selector sun.nio.ch.EPollSelectorImpl@7c892958 processing 0 keys, 1 updates
02:56:38.329 [qtp961160488-16] DEBUG org.eclipse.jetty.io.ManagedSelector - updateable 1
02:56:38.329 [qtp961160488-16] DEBUG org.eclipse.jetty.io.ManagedSelector - update org.eclipse.jetty.io.ChannelEndPoint$$Lambda$255/899789472@112be8f
02:56:38.329 [qtp961160488-21] DEBUG org.eclipse.jetty.server.HttpConnection - HttpConnection@424d0718::SocketChannelEndPoint@3cfd90f5{l=/127.0.0.1:45451,r=/127.0.0.1:51780,OPEN,fill=FI,flush=-,to=0/3000}{io=0/1,kio=0,kro=1}->HttpConnection@424d0718[p=HttpParser{s=START,0 of -1},g=HttpGenerator@1dc37bab{s=START}]=>HttpChannelOverHttp@65b39b5f{s=HttpChannelState@45ef261d{s=IDLE rs=BLOCKING os=OPEN is=IDLE awp=false se=false i=true al=0},r=1,c=false/false,a=IDLE,uri=null,age=0} onFillable exit HttpChannelState@45ef261d{s=IDLE rs=BLOCKING os=OPEN is=IDLE awp=false se=false i=true al=0} null
02:56:38.329 [qtp961160488-16] DEBUG org.eclipse.jetty.io.ChannelEndPoint - Key interests updated 0 -> 1 on SocketChannelEndPoint@3cfd90f5{l=/127.0.0.1:45451,r=/127.0.0.1:51780,OPEN,fill=FI,flush=-,to=0/3000}{io=1/1,kio=1,kro=1}->HttpConnection@424d0718[p=HttpParser{s=START,0 of -1},g=HttpGenerator@1dc37bab{s=START}]=>HttpChannelOverHttp@65b39b5f{s=HttpChannelState@45ef261d{s=IDLE rs=BLOCKING os=OPEN is=IDLE awp=false se=false i=true al=0},r=1,c=false/false,a=IDLE,uri=null,age=0}
02:56:38.329 [qtp961160488-16] DEBUG org.eclipse.jetty.io.ManagedSelector - updates 0
02:56:38.329 [qtp961160488-21] DEBUG org.eclipse.jetty.util.thread.QueuedThreadPool - ran CEP:SocketChannelEndPoint@3cfd90f5{l=/127.0.0.1:45451,r=/127.0.0.1:51780,OPEN,fill=FI,flush=-,to=0/3000}{io=1/1,kio=1,kro=1}->HttpConnection@424d0718[p=HttpParser{s=START,0 of -1},g=HttpGenerator@1dc37bab{s=START}]=>HttpChannelOverHttp@65b39b5f{s=HttpChannelState@45ef261d{s=IDLE rs=BLOCKING os=OPEN is=IDLE awp=false se=false i=true al=0},r=1,c=false/false,a=IDLE,uri=null,age=0}:runFillable:BLOCKING in QueuedThreadPool[qtp961160488]@394a2528{STARTED,8<=8<=200,i=1,r=-1,q=0}[ReservedThreadExecutor@383bfa16{reserved=1/8,pending=0}]
02:56:38.329 [qtp961160488-16] DEBUG org.eclipse.jetty.io.ManagedSelector - Selector sun.nio.ch.EPollSelectorImpl@7c892958 waiting with 1 keys
]]></system-out>
  </testcase>
  <testcase name="testUseEtag" classname="org.apache.nifi.minifi.bootstrap.configuration.ingestors.PullHttpChangeIngestorTest" time="0.019">
    <system-out><![CDATA[02:56:38.333 [main] DEBUG org.apache.nifi.minifi.bootstrap.configuration.ingestors.PullHttpChangeIngestor - Attempting to pull new config
02:56:38.334 [qtp961160488-19-acceptor-0@1e1a0406-ServerConnector@446293d{HTTP/1.1, (http/1.1)}{localhost:45451}] DEBUG org.eclipse.jetty.io.ManagedSelector - Queued change lazy=false Accept@40aeaa8f[java.nio.channels.SocketChannel[connected local=/127.0.0.1:45451 remote=/127.0.0.1:51786]] on ManagedSelector@316bcf94{STARTED} id=2 keys=0 selected=0 updates=0
02:56:38.334 [qtp961160488-19-acceptor-0@1e1a0406-ServerConnector@446293d{HTTP/1.1, (http/1.1)}{localhost:45451}] DEBUG org.eclipse.jetty.io.ManagedSelector - Wakeup on submit ManagedSelector@316bcf94{STARTED} id=2 keys=0 selected=0 updates=1
02:56:38.334 [qtp961160488-17] DEBUG org.eclipse.jetty.io.ManagedSelector - Selector sun.nio.ch.EPollSelectorImpl@736a5ca1 woken with none selected
02:56:38.334 [qtp961160488-17] DEBUG org.eclipse.jetty.io.ManagedSelector - Selector sun.nio.ch.EPollSelectorImpl@736a5ca1 woken up from select, 0/0/0 selected
02:56:38.334 [qtp961160488-17] DEBUG org.eclipse.jetty.io.ManagedSelector - Selector sun.nio.ch.EPollSelectorImpl@736a5ca1 processing 0 keys, 1 updates
02:56:38.334 [qtp961160488-17] DEBUG org.eclipse.jetty.io.ManagedSelector - updateable 1
02:56:38.334 [qtp961160488-17] DEBUG org.eclipse.jetty.io.ManagedSelector - update Accept@40aeaa8f[java.nio.channels.SocketChannel[connected local=/127.0.0.1:45451 remote=/127.0.0.1:51786]]
02:56:38.334 [qtp961160488-17] DEBUG org.eclipse.jetty.util.thread.QueuedThreadPool - queue Accept@40aeaa8f[java.nio.channels.SocketChannel[connected local=/127.0.0.1:45451 remote=/127.0.0.1:51786]] startThread=0
02:56:38.334 [qtp961160488-17] DEBUG org.eclipse.jetty.io.ManagedSelector - updates 0
02:56:38.334 [qtp961160488-17] DEBUG org.eclipse.jetty.io.ManagedSelector - Selector sun.nio.ch.EPollSelectorImpl@736a5ca1 waiting with 1 keys
02:56:38.334 [qtp961160488-20] DEBUG org.eclipse.jetty.util.thread.QueuedThreadPool - run Accept@40aeaa8f[java.nio.channels.SocketChannel[connected local=/127.0.0.1:45451 remote=/127.0.0.1:51786]] in QueuedThreadPool[qtp961160488]@394a2528{STARTED,8<=8<=200,i=1,r=-1,q=0}[ReservedThreadExecutor@383bfa16{reserved=1/8,pending=0}]
02:56:38.335 [qtp961160488-20] DEBUG org.eclipse.jetty.io.IdleTimeout - SocketChannelEndPoint@c8e2bc9{l=/127.0.0.1:45451,r=/127.0.0.1:51786,OPEN,fill=-,flush=-,to=0/3000}{io=0/0,kio=0,kro=0}-><null> idle timeout check, elapsed: 0 ms, remaining: 3000 ms
02:56:38.335 [qtp961160488-20] DEBUG org.eclipse.jetty.server.HttpChannel - new HttpChannelOverHttp@a9607d0{s=HttpChannelState@3ecf82f0{s=IDLE rs=BLOCKING os=OPEN is=IDLE awp=false se=false i=true al=0},r=0,c=false/false,a=IDLE,uri=null,age=0} -> SocketChannelEndPoint@c8e2bc9{l=/127.0.0.1:45451,r=/127.0.0.1:51786,OPEN,fill=-,flush=-,to=0/3000}{io=0/0,kio=0,kro=0}-><null>,null,HttpChannelState@3ecf82f0{s=IDLE rs=BLOCKING os=OPEN is=IDLE awp=false se=false i=true al=0}
02:56:38.335 [qtp961160488-20] DEBUG org.eclipse.jetty.server.HttpConnection - New HTTP Connection HttpConnection@2a3da560::SocketChannelEndPoint@c8e2bc9{l=/127.0.0.1:45451,r=/127.0.0.1:51786,OPEN,fill=-,flush=-,to=0/3000}{io=0/0,kio=0,kro=0}-><null>
02:56:38.335 [qtp961160488-20] DEBUG org.eclipse.jetty.io.ManagedSelector - Queued change lazy=true org.eclipse.jetty.io.ManagedSelector$$Lambda$258/269590367@5710138d on ManagedSelector@316bcf94{STARTED} id=2 keys=1 selected=0 updates=0
02:56:38.335 [qtp961160488-20] DEBUG org.eclipse.jetty.io.AbstractEndPoint - onOpen SocketChannelEndPoint@c8e2bc9{l=/127.0.0.1:45451,r=/127.0.0.1:51786,OPEN,fill=-,flush=-,to=0/3000}{io=0/0,kio=0,kro=0}->HttpConnection@2a3da560[p=HttpParser{s=START,0 of -1},g=HttpGenerator@6d822638{s=START}]=>HttpChannelOverHttp@a9607d0{s=HttpChannelState@3ecf82f0{s=IDLE rs=BLOCKING os=OPEN is=IDLE awp=false se=false i=true al=0},r=0,c=false/false,a=IDLE,uri=null,age=0}
02:56:38.335 [qtp961160488-20] DEBUG org.eclipse.jetty.io.AbstractConnection - onOpen HttpConnection@2a3da560::SocketChannelEndPoint@c8e2bc9{l=/127.0.0.1:45451,r=/127.0.0.1:51786,OPEN,fill=-,flush=-,to=0/3000}{io=0/0,kio=0,kro=0}->HttpConnection@2a3da560[p=HttpParser{s=START,0 of -1},g=HttpGenerator@6d822638{s=START}]=>HttpChannelOverHttp@a9607d0{s=HttpChannelState@3ecf82f0{s=IDLE rs=BLOCKING os=OPEN is=IDLE awp=false se=false i=true al=0},r=0,c=false/false,a=IDLE,uri=null,age=0}
02:56:38.336 [qtp961160488-20] DEBUG org.eclipse.jetty.io.AbstractConnection - fillInterested HttpConnection@2a3da560::SocketChannelEndPoint@c8e2bc9{l=/127.0.0.1:45451,r=/127.0.0.1:51786,OPEN,fill=-,flush=-,to=0/3000}{io=0/0,kio=0,kro=0}->HttpConnection@2a3da560[p=HttpParser{s=START,0 of -1},g=HttpGenerator@6d822638{s=START}]=>HttpChannelOverHttp@a9607d0{s=HttpChannelState@3ecf82f0{s=IDLE rs=BLOCKING os=OPEN is=IDLE awp=false se=false i=true al=0},r=0,c=false/false,a=IDLE,uri=null,age=0}
02:56:38.336 [qtp961160488-20] DEBUG org.eclipse.jetty.io.FillInterest - interested FillInterest@2f18e17a{AC.ReadCB@2a3da560{HttpConnection@2a3da560::SocketChannelEndPoint@c8e2bc9{l=/127.0.0.1:45451,r=/127.0.0.1:51786,OPEN,fill=FI,flush=-,to=0/3000}{io=0/0,kio=0,kro=0}->HttpConnection@2a3da560[p=HttpParser{s=START,0 of -1},g=HttpGenerator@6d822638{s=START}]=>HttpChannelOverHttp@a9607d0{s=HttpChannelState@3ecf82f0{s=IDLE rs=BLOCKING os=OPEN is=IDLE awp=false se=false i=true al=0},r=0,c=false/false,a=IDLE,uri=null,age=0}}}
02:56:38.336 [qtp961160488-20] DEBUG org.eclipse.jetty.io.ChannelEndPoint - changeInterests p=false 0->1 for SocketChannelEndPoint@c8e2bc9{l=/127.0.0.1:45451,r=/127.0.0.1:51786,OPEN,fill=FI,flush=-,to=0/3000}{io=0/1,kio=0,kro=0}->HttpConnection@2a3da560[p=HttpParser{s=START,0 of -1},g=HttpGenerator@6d822638{s=START}]=>HttpChannelOverHttp@a9607d0{s=HttpChannelState@3ecf82f0{s=IDLE rs=BLOCKING os=OPEN is=IDLE awp=false se=false i=true al=0},r=0,c=false/false,a=IDLE,uri=null,age=0}
02:56:38.336 [qtp961160488-20] DEBUG org.eclipse.jetty.io.ManagedSelector - Queued change lazy=false org.eclipse.jetty.io.ChannelEndPoint$$Lambda$255/899789472@68c9475c on ManagedSelector@316bcf94{STARTED} id=2 keys=1 selected=0 updates=1
02:56:38.336 [qtp961160488-20] DEBUG org.eclipse.jetty.io.ManagedSelector - Wakeup on submit ManagedSelector@316bcf94{STARTED} id=2 keys=1 selected=0 updates=2
02:56:38.336 [qtp961160488-17] DEBUG org.eclipse.jetty.io.ManagedSelector - Selector sun.nio.ch.EPollSelectorImpl@736a5ca1 woken with none selected
02:56:38.336 [qtp961160488-17] DEBUG org.eclipse.jetty.io.ManagedSelector - Selector sun.nio.ch.EPollSelectorImpl@736a5ca1 woken up from select, 0/0/1 selected
02:56:38.336 [qtp961160488-17] DEBUG org.eclipse.jetty.io.ManagedSelector - Selector sun.nio.ch.EPollSelectorImpl@736a5ca1 processing 0 keys, 2 updates
02:56:38.336 [qtp961160488-17] DEBUG org.eclipse.jetty.io.ManagedSelector - updateable 2
02:56:38.336 [qtp961160488-17] DEBUG org.eclipse.jetty.io.ManagedSelector - update org.eclipse.jetty.io.ManagedSelector$$Lambda$258/269590367@5710138d
02:56:38.336 [qtp961160488-20] DEBUG org.eclipse.jetty.io.ManagedSelector - Created SocketChannelEndPoint@c8e2bc9{l=/127.0.0.1:45451,r=/127.0.0.1:51786,OPEN,fill=FI,flush=-,to=0/3000}{io=0/1,kio=0,kro=0}->HttpConnection@2a3da560[p=HttpParser{s=START,0 of -1},g=HttpGenerator@6d822638{s=START}]=>HttpChannelOverHttp@a9607d0{s=HttpChannelState@3ecf82f0{s=IDLE rs=BLOCKING os=OPEN is=IDLE awp=false se=false i=true al=0},r=0,c=false/false,a=IDLE,uri=null,age=0}
02:56:38.336 [qtp961160488-17] DEBUG org.eclipse.jetty.io.ManagedSelector - update org.eclipse.jetty.io.ChannelEndPoint$$Lambda$255/899789472@68c9475c
02:56:38.336 [qtp961160488-20] DEBUG org.eclipse.jetty.util.thread.QueuedThreadPool - ran Accept@40aeaa8f[java.nio.channels.SocketChannel[connected local=/127.0.0.1:45451 remote=/127.0.0.1:51786]] in QueuedThreadPool[qtp961160488]@394a2528{STARTED,8<=8<=200,i=1,r=-1,q=0}[ReservedThreadExecutor@383bfa16{reserved=1/8,pending=0}]
02:56:38.336 [qtp961160488-17] DEBUG org.eclipse.jetty.io.ChannelEndPoint - Key interests updated 0 -> 1 on SocketChannelEndPoint@c8e2bc9{l=/127.0.0.1:45451,r=/127.0.0.1:51786,OPEN,fill=FI,flush=-,to=0/3000}{io=1/1,kio=1,kro=0}->HttpConnection@2a3da560[p=HttpParser{s=START,0 of -1},g=HttpGenerator@6d822638{s=START}]=>HttpChannelOverHttp@a9607d0{s=HttpChannelState@3ecf82f0{s=IDLE rs=BLOCKING os=OPEN is=IDLE awp=false se=false i=true al=0},r=0,c=false/false,a=IDLE,uri=null,age=0}
02:56:38.337 [qtp961160488-17] DEBUG org.eclipse.jetty.io.ManagedSelector - updates 0
02:56:38.337 [qtp961160488-17] DEBUG org.eclipse.jetty.io.ManagedSelector - Selector sun.nio.ch.EPollSelectorImpl@736a5ca1 waiting with 1 keys
02:56:38.337 [qtp961160488-17] DEBUG org.eclipse.jetty.io.ManagedSelector - Selector sun.nio.ch.EPollSelectorImpl@736a5ca1 woken up from select, 1/1/1 selected
02:56:38.337 [qtp961160488-17] DEBUG org.eclipse.jetty.io.ManagedSelector - Selector sun.nio.ch.EPollSelectorImpl@736a5ca1 processing 1 keys, 0 updates
02:56:38.337 [qtp961160488-17] DEBUG org.eclipse.jetty.io.ManagedSelector - selected 1 sun.nio.ch.SelectionKeyImpl@7dadacbc SocketChannelEndPoint@c8e2bc9{l=/127.0.0.1:45451,r=/127.0.0.1:51786,OPEN,fill=FI,flush=-,to=1/3000}{io=1/1,kio=1,kro=1}->HttpConnection@2a3da560[p=HttpParser{s=START,0 of -1},g=HttpGenerator@6d822638{s=START}]=>HttpChannelOverHttp@a9607d0{s=HttpChannelState@3ecf82f0{s=IDLE rs=BLOCKING os=OPEN is=IDLE awp=false se=false i=true al=0},r=0,c=false/false,a=IDLE,uri=null,age=0} 
02:56:38.337 [qtp961160488-17] DEBUG org.eclipse.jetty.io.ChannelEndPoint - onSelected 1->0 r=true w=false for SocketChannelEndPoint@c8e2bc9{l=/127.0.0.1:45451,r=/127.0.0.1:51786,OPEN,fill=FI,flush=-,to=1/3000}{io=1/0,kio=1,kro=1}->HttpConnection@2a3da560[p=HttpParser{s=START,0 of -1},g=HttpGenerator@6d822638{s=START}]=>HttpChannelOverHttp@a9607d0{s=HttpChannelState@3ecf82f0{s=IDLE rs=BLOCKING os=OPEN is=IDLE awp=false se=false i=true al=0},r=0,c=false/false,a=IDLE,uri=null,age=0}
02:56:38.337 [qtp961160488-17] DEBUG org.eclipse.jetty.io.ChannelEndPoint - task CEP:SocketChannelEndPoint@c8e2bc9{l=/127.0.0.1:45451,r=/127.0.0.1:51786,OPEN,fill=FI,flush=-,to=1/3000}{io=1/0,kio=1,kro=1}->HttpConnection@2a3da560[p=HttpParser{s=START,0 of -1},g=HttpGenerator@6d822638{s=START}]=>HttpChannelOverHttp@a9607d0{s=HttpChannelState@3ecf82f0{s=IDLE rs=BLOCKING os=OPEN is=IDLE awp=false se=false i=true al=0},r=0,c=false/false,a=IDLE,uri=null,age=0}:runFillable:BLOCKING
02:56:38.337 [qtp961160488-17] DEBUG org.eclipse.jetty.util.thread.ReservedThreadExecutor - ReservedThreadExecutor@383bfa16{reserved=1/8,pending=0} tryExecute EatWhatYouKill@ffaa6af/SelectorProducer@53ce1329/PRODUCING/p=false/QueuedThreadPool[qtp961160488]@394a2528{STARTED,8<=8<=200,i=2,r=-1,q=0}[ReservedThreadExecutor@383bfa16{reserved=1/8,pending=0}][pc=0,pic=0,pec=0,epc=0]@2024-05-02T02:56:38.337+01:00
02:56:38.337 [qtp961160488-17] DEBUG org.eclipse.jetty.util.thread.ReservedThreadExecutor - ReservedThreadExecutor@383bfa16{reserved=0/8,pending=1} startReservedThread p=1
02:56:38.337 [qtp961160488-17] DEBUG org.eclipse.jetty.util.thread.QueuedThreadPool - queue ReservedThread@799237d1{PENDING,thread=null} startThread=0
02:56:38.337 [qtp961160488-21] DEBUG org.eclipse.jetty.util.thread.QueuedThreadPool - run ReservedThread@799237d1{PENDING,thread=null} in QueuedThreadPool[qtp961160488]@394a2528{STARTED,8<=8<=200,i=1,r=-1,q=0}[ReservedThreadExecutor@383bfa16{reserved=0/8,pending=1}]
02:56:38.337 [qtp961160488-21] DEBUG org.eclipse.jetty.util.thread.ReservedThreadExecutor - ReservedThread@799237d1{PENDING,thread=Thread[qtp961160488-21,5,main]} was=PENDING next=RESERVED size=0+1 capacity=8
02:56:38.337 [qtp961160488-21] DEBUG org.eclipse.jetty.util.thread.ReservedThreadExecutor - ReservedThread@799237d1{RESERVED,thread=Thread[qtp961160488-21,5,main]} waiting ReservedThreadExecutor@383bfa16{reserved=1/8,pending=0}
02:56:38.338 [qtp961160488-22] DEBUG org.eclipse.jetty.util.thread.ReservedThreadExecutor - ReservedThread@535c2dcd{RESERVED,thread=Thread[qtp961160488-22,5,main]} task=EatWhatYouKill@ffaa6af/SelectorProducer@53ce1329/IDLE/p=true/QueuedThreadPool[qtp961160488]@394a2528{STARTED,8<=8<=200,i=1,r=-1,q=0}[ReservedThreadExecutor@383bfa16{reserved=0/8,pending=1}][pc=0,pic=0,pec=0,epc=0]@2024-05-02T02:56:38.337+01:00 ReservedThreadExecutor@383bfa16{reserved=1/8,pending=0}
02:56:38.338 [qtp961160488-17] DEBUG org.eclipse.jetty.util.thread.strategy.EatWhatYouKill - EatWhatYouKill@ffaa6af/SelectorProducer@53ce1329/IDLE/p=true/QueuedThreadPool[qtp961160488]@394a2528{STARTED,8<=8<=200,i=1,r=-1,q=0}[ReservedThreadExecutor@383bfa16{reserved=1/8,pending=0}][pc=0,pic=0,pec=0,epc=0]@2024-05-02T02:56:38.338+01:00 m=EXECUTE_PRODUCE_CONSUME t=CEP:SocketChannelEndPoint@c8e2bc9{l=/127.0.0.1:45451,r=/127.0.0.1:51786,OPEN,fill=FI,flush=-,to=1/3000}{io=1/0,kio=1,kro=1}->HttpConnection@2a3da560[p=HttpParser{s=START,0 of -1},g=HttpGenerator@6d822638{s=START}]=>HttpChannelOverHttp@a9607d0{s=HttpChannelState@3ecf82f0{s=IDLE rs=BLOCKING os=OPEN is=IDLE awp=false se=false i=true al=0},r=0,c=false/false,a=IDLE,uri=null,age=0}:runFillable:BLOCKING/BLOCKING
02:56:38.338 [qtp961160488-22] DEBUG org.eclipse.jetty.util.thread.strategy.EatWhatYouKill - EatWhatYouKill@ffaa6af/SelectorProducer@53ce1329/IDLE/p=true/QueuedThreadPool[qtp961160488]@394a2528{STARTED,8<=8<=200,i=1,r=-1,q=0}[ReservedThreadExecutor@383bfa16{reserved=1/8,pending=0}][pc=0,pic=0,pec=0,epc=0]@2024-05-02T02:56:38.338+01:00 tryProduce true
02:56:38.338 [qtp961160488-22] DEBUG org.eclipse.jetty.io.ManagedSelector - updateable 0
02:56:38.338 [qtp961160488-22] DEBUG org.eclipse.jetty.io.ManagedSelector - updates 0
02:56:38.338 [qtp961160488-17] DEBUG org.eclipse.jetty.io.FillInterest - fillable FillInterest@2f18e17a{AC.ReadCB@2a3da560{HttpConnection@2a3da560::SocketChannelEndPoint@c8e2bc9{l=/127.0.0.1:45451,r=/127.0.0.1:51786,OPEN,fill=FI,flush=-,to=2/3000}{io=1/0,kio=1,kro=1}->HttpConnection@2a3da560[p=HttpParser{s=START,0 of -1},g=HttpGenerator@6d822638{s=START}]=>HttpChannelOverHttp@a9607d0{s=HttpChannelState@3ecf82f0{s=IDLE rs=BLOCKING os=OPEN is=IDLE awp=false se=false i=true al=0},r=0,c=false/false,a=IDLE,uri=null,age=0}}}
02:56:38.338 [qtp961160488-17] DEBUG org.eclipse.jetty.server.HttpConnection - HttpConnection@2a3da560::SocketChannelEndPoint@c8e2bc9{l=/127.0.0.1:45451,r=/127.0.0.1:51786,OPEN,fill=-,flush=-,to=2/3000}{io=0/0,kio=0,kro=1}->HttpConnection@2a3da560[p=HttpParser{s=START,0 of -1},g=HttpGenerator@6d822638{s=START}]=>HttpChannelOverHttp@a9607d0{s=HttpChannelState@3ecf82f0{s=IDLE rs=BLOCKING os=OPEN is=IDLE awp=false se=false i=true al=0},r=0,c=false/false,a=IDLE,uri=null,age=0} onFillable enter HttpChannelState@3ecf82f0{s=IDLE rs=BLOCKING os=OPEN is=IDLE awp=false se=false i=true al=0} null
02:56:38.338 [qtp961160488-22] DEBUG org.eclipse.jetty.io.ChannelEndPoint - Key interests updated 1 -> 0 on SocketChannelEndPoint@c8e2bc9{l=/127.0.0.1:45451,r=/127.0.0.1:51786,OPEN,fill=-,flush=-,to=2/3000}{io=0/0,kio=0,kro=1}->HttpConnection@2a3da560[p=HttpParser{s=START,0 of -1},g=HttpGenerator@6d822638{s=START}]=>HttpChannelOverHttp@a9607d0{s=HttpChannelState@3ecf82f0{s=IDLE rs=BLOCKING os=OPEN is=IDLE awp=false se=false i=true al=0},r=0,c=false/false,a=IDLE,uri=null,age=0}
02:56:38.338 [qtp961160488-22] DEBUG org.eclipse.jetty.io.ManagedSelector - Selector sun.nio.ch.EPollSelectorImpl@736a5ca1 waiting with 1 keys
02:56:38.338 [qtp961160488-17] DEBUG org.eclipse.jetty.io.ChannelEndPoint - filled 132 HeapByteBuffer@301bd4e3[p=0,l=132,c=8192,r=132]={<<<GET / HTTP/1.1\r\nIf-None-M...gent: okhttp/3.12.3\r\n\r\n>>>ver: Jett...\x00\x00\x00\x00\x00\x00\x00}
02:56:38.338 [qtp961160488-17] DEBUG org.eclipse.jetty.server.HttpConnection - HttpConnection@2a3da560::SocketChannelEndPoint@c8e2bc9{l=/127.0.0.1:45451,r=/127.0.0.1:51786,OPEN,fill=-,flush=-,to=0/3000}{io=0/0,kio=0,kro=1}->HttpConnection@2a3da560[p=HttpParser{s=START,0 of -1},g=HttpGenerator@6d822638{s=START}]=>HttpChannelOverHttp@a9607d0{s=HttpChannelState@3ecf82f0{s=IDLE rs=BLOCKING os=OPEN is=IDLE awp=false se=false i=true al=0},r=0,c=false/false,a=IDLE,uri=null,age=0} filled 132 HeapByteBuffer@301bd4e3[p=0,l=132,c=8192,r=132]={<<<GET / HTTP/1.1\r\nIf-None-M...gent: okhttp/3.12.3\r\n\r\n>>>ver: Jett...\x00\x00\x00\x00\x00\x00\x00}
02:56:38.338 [qtp961160488-17] DEBUG org.eclipse.jetty.server.HttpConnection - HttpConnection@2a3da560::SocketChannelEndPoint@c8e2bc9{l=/127.0.0.1:45451,r=/127.0.0.1:51786,OPEN,fill=-,flush=-,to=0/3000}{io=0/0,kio=0,kro=1}->HttpConnection@2a3da560[p=HttpParser{s=START,0 of -1},g=HttpGenerator@6d822638{s=START}]=>HttpChannelOverHttp@a9607d0{s=HttpChannelState@3ecf82f0{s=IDLE rs=BLOCKING os=OPEN is=IDLE awp=false se=false i=true al=0},r=0,c=false/false,a=IDLE,uri=null,age=0} parse HeapByteBuffer@301bd4e3[p=0,l=132,c=8192,r=132]={<<<GET / HTTP/1.1\r\nIf-None-M...gent: okhttp/3.12.3\r\n\r\n>>>ver: Jett...\x00\x00\x00\x00\x00\x00\x00} {}
02:56:38.339 [qtp961160488-17] DEBUG org.eclipse.jetty.http.HttpParser - parseNext s=START HeapByteBuffer@301bd4e3[p=0,l=132,c=8192,r=132]={<<<GET / HTTP/1.1\r\nIf-None-M...gent: okhttp/3.12.3\r\n\r\n>>>ver: Jett...\x00\x00\x00\x00\x00\x00\x00}
02:56:38.339 [qtp961160488-17] DEBUG org.eclipse.jetty.http.HttpParser - START --> SPACE1
02:56:38.339 [qtp961160488-17] DEBUG org.eclipse.jetty.http.HttpParser - SPACE1 --> URI
02:56:38.339 [qtp961160488-17] DEBUG org.eclipse.jetty.http.HttpParser - URI --> SPACE2
02:56:38.339 [qtp961160488-17] DEBUG org.eclipse.jetty.http.HttpParser - SPACE2 --> REQUEST_VERSION
02:56:38.339 [qtp961160488-17] DEBUG org.eclipse.jetty.http.HttpParser - REQUEST_VERSION --> HEADER
02:56:38.339 [qtp961160488-17] DEBUG org.eclipse.jetty.http.HttpParser - HEADER:If-None-Match --> VALUE
02:56:38.339 [qtp961160488-17] DEBUG org.eclipse.jetty.http.HttpParser - HEADER:If-None-Match --> FIELD
02:56:38.339 [qtp961160488-17] DEBUG org.eclipse.jetty.http.HttpParser - HEADER:Host --> VALUE
02:56:38.339 [qtp961160488-17] DEBUG org.eclipse.jetty.http.HttpParser - HEADER:Host --> IN_VALUE
02:56:38.339 [qtp961160488-17] DEBUG org.eclipse.jetty.http.HttpParser - HEADER:Host --> FIELD
02:56:38.339 [qtp961160488-17] DEBUG org.eclipse.jetty.http.HttpParser - HEADER:Connection: keep-alive --> IN_VALUE
02:56:38.339 [qtp961160488-17] DEBUG org.eclipse.jetty.http.HttpParser - HEADER:Connection: keep-alive --> FIELD
02:56:38.339 [qtp961160488-17] DEBUG org.eclipse.jetty.http.HttpParser - HEADER:Accept-Encoding: gzip --> IN_VALUE
02:56:38.339 [qtp961160488-17] DEBUG org.eclipse.jetty.http.HttpParser - HEADER:Accept-Encoding: gzip --> FIELD
02:56:38.339 [qtp961160488-17] DEBUG org.eclipse.jetty.http.HttpParser - HEADER:User-Agent --> VALUE
02:56:38.339 [qtp961160488-17] DEBUG org.eclipse.jetty.http.HttpParser - HEADER:User-Agent --> IN_VALUE
02:56:38.339 [qtp961160488-17] DEBUG org.eclipse.jetty.http.HttpParser - HEADER:User-Agent --> FIELD
02:56:38.339 [qtp961160488-17] DEBUG org.eclipse.jetty.http.HttpParser - HEADER --> CONTENT
02:56:38.339 [qtp961160488-17] DEBUG org.eclipse.jetty.server.HttpChannel - REQUEST for //localhost:45451/ on HttpChannelOverHttp@a9607d0{s=HttpChannelState@3ecf82f0{s=IDLE rs=BLOCKING os=OPEN is=IDLE awp=false se=false i=true al=0},r=1,c=false/false,a=IDLE,uri=//localhost:45451/,age=0}
GET //localhost:45451/ HTTP/1.1
If-None-Match: 
Host: localhost:45451
Connection: keep-alive
Accept-Encoding: gzip
User-Agent: okhttp/3.12.3


02:56:38.339 [qtp961160488-17] DEBUG org.eclipse.jetty.server.HttpConnection - HttpConnection@2a3da560::SocketChannelEndPoint@c8e2bc9{l=/127.0.0.1:45451,r=/127.0.0.1:51786,OPEN,fill=-,flush=-,to=0/3000}{io=0/0,kio=0,kro=1}->HttpConnection@2a3da560[p=HttpParser{s=CONTENT,0 of -1},g=HttpGenerator@6d822638{s=START}]=>HttpChannelOverHttp@a9607d0{s=HttpChannelState@3ecf82f0{s=IDLE rs=BLOCKING os=OPEN is=IDLE awp=false se=false i=true al=0},r=1,c=false/false,a=IDLE,uri=//localhost:45451/,age=0} parsed true HttpParser{s=CONTENT,0 of -1}
02:56:38.339 [qtp961160488-17] DEBUG org.eclipse.jetty.server.HttpConnection - releaseRequestBuffer HttpConnection@2a3da560::SocketChannelEndPoint@c8e2bc9{l=/127.0.0.1:45451,r=/127.0.0.1:51786,OPEN,fill=-,flush=-,to=1/3000}{io=0/0,kio=0,kro=1}->HttpConnection@2a3da560[p=HttpParser{s=CONTENT,0 of -1},g=HttpGenerator@6d822638{s=START}]=>HttpChannelOverHttp@a9607d0{s=HttpChannelState@3ecf82f0{s=IDLE rs=BLOCKING os=OPEN is=IDLE awp=false se=false i=true al=0},r=1,c=false/false,a=IDLE,uri=//localhost:45451/,age=0}
02:56:38.339 [qtp961160488-17] DEBUG org.eclipse.jetty.server.HttpChannel - handle //localhost:45451/ HttpChannelOverHttp@a9607d0{s=HttpChannelState@3ecf82f0{s=IDLE rs=BLOCKING os=OPEN is=IDLE awp=false se=false i=true al=0},r=1,c=false/false,a=IDLE,uri=//localhost:45451/,age=0} 
02:56:38.339 [qtp961160488-17] DEBUG org.eclipse.jetty.server.HttpChannelState - handling HttpChannelState@3ecf82f0{s=IDLE rs=BLOCKING os=OPEN is=IDLE awp=false se=false i=true al=0}
02:56:38.340 [qtp961160488-17] DEBUG org.eclipse.jetty.server.HttpChannel - action DISPATCH HttpChannelOverHttp@a9607d0{s=HttpChannelState@3ecf82f0{s=HANDLING rs=BLOCKING os=OPEN is=IDLE awp=false se=false i=true al=0},r=1,c=false/false,a=HANDLING,uri=//localhost:45451/,age=0}
02:56:38.340 [qtp961160488-17] DEBUG org.eclipse.jetty.server.Server - REQUEST GET / on HttpChannelOverHttp@a9607d0{s=HttpChannelState@3ecf82f0{s=HANDLING rs=BLOCKING os=OPEN is=IDLE awp=false se=false i=true al=0},r=1,c=false/false,a=HANDLING,uri=//localhost:45451/,age=1}
02:56:38.340 [qtp961160488-17] DEBUG org.eclipse.jetty.server.HttpOutput - write(array HeapByteBuffer@3c90a687[p=0,l=4,c=512,r=4]={<<<test>>>\x00\x00\x00\x00\x00\x00\x00\x00\x00...\x00\x00\x00\x00\x00\x00\x00})
02:56:38.340 [qtp961160488-17] DEBUG org.eclipse.jetty.server.HttpOutput - write(array) s=CLOSING,api=BLOCKED,sc=false,e=null last=true agg=false flush=true async=false, len=4 null
02:56:38.340 [qtp961160488-17] DEBUG org.eclipse.jetty.server.HttpChannel - sendResponse info=null content=HeapByteBuffer@1d3e6ae0[p=0,l=4,c=512,r=4]={<<<test>>>\x00\x00\x00\x00\x00\x00\x00\x00\x00...\x00\x00\x00\x00\x00\x00\x00} complete=true committing=true callback=Blocker@d66fdb7{null}
02:56:38.340 [qtp961160488-17] DEBUG org.eclipse.jetty.server.HttpChannel - COMMIT for / on HttpChannelOverHttp@a9607d0{s=HttpChannelState@3ecf82f0{s=HANDLING rs=BLOCKING os=COMMITTED is=IDLE awp=false se=false i=true al=0},r=1,c=false/false,a=HANDLING,uri=//localhost:45451/,age=1}
200 null HTTP/1.1
Date: Thu, 02 May 2024 01:56:38 GMT
ETag: testEtag
Content-Type: text/plain;charset=utf-8
Content-Length: 4


02:56:38.340 [qtp961160488-17] DEBUG org.eclipse.jetty.server.HttpConnection - generate: NEED_HEADER for SendCallback@65226f75[PROCESSING][i=HTTP/1.1{s=200,h=4,cl=4},cb=org.eclipse.jetty.server.HttpChannel$SendCallback@5cbf59c8] (null,[p=0,l=4,c=512,r=4],true)@START
02:56:38.340 [qtp961160488-17] DEBUG org.eclipse.jetty.http.HttpGenerator - generateHeaders HTTP/1.1{s=200,h=4,cl=4} last=true content=HeapByteBuffer@1d3e6ae0[p=0,l=4,c=512,r=4]={<<<test>>>\x00\x00\x00\x00\x00\x00\x00\x00\x00...\x00\x00\x00\x00\x00\x00\x00}
02:56:38.340 [qtp961160488-17] DEBUG org.eclipse.jetty.http.HttpGenerator - Date: Thu, 02 May 2024 01:56:38 GMT
ETag: testEtag
Content-Type: text/plain;charset=utf-8
Content-Length: 4


02:56:38.340 [qtp961160488-17] DEBUG org.eclipse.jetty.http.HttpGenerator - CONTENT_LENGTH
02:56:38.340 [qtp961160488-17] DEBUG org.eclipse.jetty.server.HttpConnection - generate: FLUSH for SendCallback@65226f75[PROCESSING][i=HTTP/1.1{s=200,h=4,cl=4},cb=org.eclipse.jetty.server.HttpChannel$SendCallback@5cbf59c8] ([p=0,l=164,c=8192,r=164],[p=0,l=4,c=512,r=4],true)@COMPLETING
02:56:38.340 [qtp961160488-17] DEBUG org.eclipse.jetty.io.WriteFlusher - write: WriteFlusher@32b851d5{IDLE}->null [HeapByteBuffer@301bd4e3[p=0,l=164,c=8192,r=164]={<<<HTTP/1.1 200 OK\r\nDate: Th...y(9.4.44.v20210927)\r\n\r\n>>>\x00\x00\x00\x00\x00\x00\x00\x00\x00...\x00\x00\x00\x00\x00\x00\x00},HeapByteBuffer@1d3e6ae0[p=0,l=4,c=512,r=4]={<<<test>>>\x00\x00\x00\x00\x00\x00\x00\x00\x00...\x00\x00\x00\x00\x00\x00\x00}]
02:56:38.340 [qtp961160488-17] DEBUG org.eclipse.jetty.io.WriteFlusher - update WriteFlusher@32b851d5{WRITING}->null:IDLE-->WRITING
02:56:38.340 [main] DEBUG org.apache.nifi.minifi.bootstrap.configuration.ingestors.PullHttpChangeIngestor - Response received: Response{protocol=http/1.1, code=200, message=OK, url=http://localhost:45451/}
02:56:38.340 [qtp961160488-17] DEBUG org.eclipse.jetty.io.ChannelEndPoint - flushed 168 SocketChannelEndPoint@c8e2bc9{l=/127.0.0.1:45451,r=/127.0.0.1:51786,OPEN,fill=-,flush=W,to=2/3000}{io=0/0,kio=0,kro=1}->HttpConnection@2a3da560[p=HttpParser{s=CONTENT,0 of -1},g=HttpGenerator@6d822638{s=COMPLETING}]=>HttpChannelOverHttp@a9607d0{s=HttpChannelState@3ecf82f0{s=HANDLING rs=BLOCKING os=COMMITTED is=IDLE awp=false se=false i=true al=0},r=1,c=false/false,a=HANDLING,uri=//localhost:45451/,age=1}
02:56:38.340 [qtp961160488-17] DEBUG org.eclipse.jetty.io.WriteFlusher - Flushed=true written=168 remaining=0 WriteFlusher@32b851d5{WRITING}->null
02:56:38.341 [qtp961160488-17] DEBUG org.eclipse.jetty.io.WriteFlusher - update WriteFlusher@32b851d5{IDLE}->null:WRITING-->IDLE
02:56:38.341 [main] DEBUG org.apache.nifi.minifi.bootstrap.configuration.ingestors.PullHttpChangeIngestor - New change received, notifying listener
02:56:38.341 [qtp961160488-17] DEBUG org.eclipse.jetty.server.HttpConnection - generate: DONE for SendCallback@65226f75[PROCESSING][i=HTTP/1.1{s=200,h=4,cl=4},cb=org.eclipse.jetty.server.HttpChannel$SendCallback@5cbf59c8] ([p=164,l=164,c=8192,r=0],[p=4,l=4,c=512,r=0],true)@END
02:56:38.341 [main] DEBUG org.apache.nifi.minifi.bootstrap.configuration.ingestors.PullHttpChangeIngestor - Listeners notified
02:56:38.341 [qtp961160488-17] DEBUG org.eclipse.jetty.server.HttpOutput - onWriteComplete(true,null) s=CLOSING,api=BLOCKED,sc=false,e=null->s=CLOSED,api=BLOCKING,sc=false,e=null c=null cb=null w=false
02:56:38.341 [qtp961160488-17] DEBUG org.eclipse.jetty.server.HttpOutput - close() s=CLOSED,api=BLOCKING,sc=false,e=null c=null b=null
02:56:38.341 [qtp961160488-17] DEBUG org.eclipse.jetty.server.Server - handled=true async=false committed=true on HttpChannelOverHttp@a9607d0{s=HttpChannelState@3ecf82f0{s=HANDLING rs=BLOCKING os=COMPLETED is=IDLE awp=false se=false i=true al=0},r=1,c=false/true,a=HANDLING,uri=//localhost:45451/,age=2}
02:56:38.341 [main] DEBUG org.apache.nifi.minifi.bootstrap.configuration.ingestors.PullHttpChangeIngestor - Attempting to pull new config
02:56:38.341 [qtp961160488-17] DEBUG org.eclipse.jetty.server.HttpChannelState - unhandle HttpChannelState@3ecf82f0{s=HANDLING rs=BLOCKING os=COMPLETED is=IDLE awp=false se=false i=true al=0}
02:56:38.342 [qtp961160488-17] DEBUG org.eclipse.jetty.server.HttpChannelState - nextAction(false) COMPLETE HttpChannelState@3ecf82f0{s=HANDLING rs=COMPLETING os=COMPLETED is=IDLE awp=false se=false i=false al=0}
02:56:38.342 [qtp961160488-17] DEBUG org.eclipse.jetty.server.HttpChannel - action COMPLETE HttpChannelOverHttp@a9607d0{s=HttpChannelState@3ecf82f0{s=HANDLING rs=COMPLETING os=COMPLETED is=IDLE awp=false se=false i=false al=0},r=1,c=false/true,a=HANDLING,uri=//localhost:45451/,age=3}
02:56:38.342 [qtp961160488-17] DEBUG org.eclipse.jetty.server.HttpOutput - complete(org.eclipse.jetty.util.Callback$3@8099970) s=CLOSED,api=BLOCKING,sc=false,e=null s=true e=null, c=null
02:56:38.342 [qtp961160488-17] DEBUG org.eclipse.jetty.server.HttpChannelState - completed HttpChannelState@3ecf82f0{s=HANDLING rs=COMPLETING os=COMPLETED is=IDLE awp=false se=false i=false al=0}
02:56:38.342 [qtp961160488-17] DEBUG org.eclipse.jetty.server.HttpChannelState - unhandle HttpChannelState@3ecf82f0{s=HANDLING rs=COMPLETED os=COMPLETED is=IDLE awp=false se=false i=false al=0}
02:56:38.342 [qtp961160488-17] DEBUG org.eclipse.jetty.server.HttpChannelState - nextAction(false) TERMINATED HttpChannelState@3ecf82f0{s=IDLE rs=COMPLETED os=COMPLETED is=IDLE awp=false se=false i=false al=0}
02:56:38.342 [qtp961160488-17] DEBUG org.eclipse.jetty.server.HttpChannel - action TERMINATED HttpChannelOverHttp@a9607d0{s=HttpChannelState@3ecf82f0{s=IDLE rs=COMPLETED os=COMPLETED is=IDLE awp=false se=false i=false al=0},r=1,c=true/true,a=IDLE,uri=//localhost:45451/,age=3}
02:56:38.342 [qtp961160488-17] DEBUG org.eclipse.jetty.server.HttpChannel - onCompleted for / written=4
02:56:38.342 [qtp961160488-17] DEBUG org.eclipse.jetty.io.ChannelEndPoint - filled 142 HeapByteBuffer@301bd4e3[p=0,l=142,c=8192,r=142]={<<<GET / HTTP/1.1\r\nIf-None-M...gent: okhttp/3.12.3\r\n\r\n>>>(9.4.44.v...\x00\x00\x00\x00\x00\x00\x00}
02:56:38.343 [qtp961160488-17] DEBUG org.eclipse.jetty.server.HttpConnection - HttpConnection@2a3da560::SocketChannelEndPoint@c8e2bc9{l=/127.0.0.1:45451,r=/127.0.0.1:51786,OPEN,fill=-,flush=-,to=0/3000}{io=0/0,kio=0,kro=1}->HttpConnection@2a3da560[p=HttpParser{s=CONTENT,0 of -1},g=HttpGenerator@6d822638{s=END}]=>HttpChannelOverHttp@a9607d0{s=HttpChannelState@3ecf82f0{s=IDLE rs=COMPLETED os=COMPLETED is=IDLE awp=false se=false i=false al=0},r=1,c=true/true,a=IDLE,uri=//localhost:45451/,age=4} filled 142 HeapByteBuffer@301bd4e3[p=0,l=142,c=8192,r=142]={<<<GET / HTTP/1.1\r\nIf-None-M...gent: okhttp/3.12.3\r\n\r\n>>>(9.4.44.v...\x00\x00\x00\x00\x00\x00\x00}
02:56:38.343 [qtp961160488-17] DEBUG org.eclipse.jetty.server.HttpConnection - HttpConnection@2a3da560::SocketChannelEndPoint@c8e2bc9{l=/127.0.0.1:45451,r=/127.0.0.1:51786,OPEN,fill=-,flush=-,to=0/3000}{io=0/0,kio=0,kro=1}->HttpConnection@2a3da560[p=HttpParser{s=CONTENT,0 of -1},g=HttpGenerator@6d822638{s=END}]=>HttpChannelOverHttp@a9607d0{s=HttpChannelState@3ecf82f0{s=IDLE rs=COMPLETED os=COMPLETED is=IDLE awp=false se=false i=false al=0},r=1,c=true/true,a=IDLE,uri=//localhost:45451/,age=4} parse HeapByteBuffer@301bd4e3[p=0,l=142,c=8192,r=142]={<<<GET / HTTP/1.1\r\nIf-None-M...gent: okhttp/3.12.3\r\n\r\n>>>(9.4.44.v...\x00\x00\x00\x00\x00\x00\x00} {}
02:56:38.343 [qtp961160488-17] DEBUG org.eclipse.jetty.http.HttpParser - parseNext s=CONTENT HeapByteBuffer@301bd4e3[p=0,l=142,c=8192,r=142]={<<<GET / HTTP/1.1\r\nIf-None-M...gent: okhttp/3.12.3\r\n\r\n>>>(9.4.44.v...\x00\x00\x00\x00\x00\x00\x00}
02:56:38.343 [qtp961160488-17] DEBUG org.eclipse.jetty.http.HttpParser - CONTENT --> CONTENT_END
02:56:38.343 [qtp961160488-17] DEBUG org.eclipse.jetty.server.HttpChannel - onContentComplete HttpChannelOverHttp@a9607d0{s=HttpChannelState@3ecf82f0{s=IDLE rs=COMPLETED os=COMPLETED is=IDLE awp=false se=false i=false al=0},r=1,c=true/true,a=IDLE,uri=//localhost:45451/,age=4}
02:56:38.343 [qtp961160488-17] DEBUG org.eclipse.jetty.http.HttpParser - CONTENT_END --> END
02:56:38.343 [qtp961160488-17] DEBUG org.eclipse.jetty.server.HttpChannel - onRequestComplete HttpChannelOverHttp@a9607d0{s=HttpChannelState@3ecf82f0{s=IDLE rs=COMPLETED os=COMPLETED is=IDLE awp=false se=false i=false al=0},r=1,c=true/true,a=IDLE,uri=//localhost:45451/,age=4}
02:56:38.343 [qtp961160488-17] DEBUG org.eclipse.jetty.server.HttpInput - HttpInputOverHTTP@7e2606c3[c=0,q=0,[0]=null,s=STREAM] addContent EOF
02:56:38.343 [qtp961160488-17] DEBUG org.eclipse.jetty.server.HttpConnection - HttpConnection@2a3da560::SocketChannelEndPoint@c8e2bc9{l=/127.0.0.1:45451,r=/127.0.0.1:51786,OPEN,fill=-,flush=-,to=0/3000}{io=0/0,kio=0,kro=1}->HttpConnection@2a3da560[p=HttpParser{s=END,0 of -1},g=HttpGenerator@6d822638{s=END}]=>HttpChannelOverHttp@a9607d0{s=HttpChannelState@3ecf82f0{s=IDLE rs=COMPLETED os=COMPLETED is=IDLE awp=false se=false i=false al=0},r=1,c=true/true,a=IDLE,uri=//localhost:45451/,age=4} parsed false HttpParser{s=END,0 of -1}
02:56:38.343 [qtp961160488-17] DEBUG org.eclipse.jetty.server.HttpChannelState - recycle HttpChannelState@3ecf82f0{s=IDLE rs=COMPLETED os=COMPLETED is=IDLE awp=false se=false i=false al=0}
02:56:38.343 [qtp961160488-17] DEBUG org.eclipse.jetty.http.HttpParser - reset HttpParser{s=END,0 of -1}
02:56:38.344 [qtp961160488-17] DEBUG org.eclipse.jetty.http.HttpParser - END --> START
02:56:38.344 [qtp961160488-17] DEBUG org.eclipse.jetty.server.HttpChannel - !handle TERMINATED HttpChannelOverHttp@a9607d0{s=HttpChannelState@3ecf82f0{s=IDLE rs=BLOCKING os=OPEN is=IDLE awp=false se=false i=true al=0},r=1,c=false/false,a=IDLE,uri=null,age=0}
02:56:38.344 [qtp961160488-17] DEBUG org.eclipse.jetty.server.HttpConnection - HttpConnection@2a3da560::SocketChannelEndPoint@c8e2bc9{l=/127.0.0.1:45451,r=/127.0.0.1:51786,OPEN,fill=-,flush=-,to=1/3000}{io=0/0,kio=0,kro=1}->HttpConnection@2a3da560[p=HttpParser{s=START,0 of -1},g=HttpGenerator@6d822638{s=START}]=>HttpChannelOverHttp@a9607d0{s=HttpChannelState@3ecf82f0{s=IDLE rs=BLOCKING os=OPEN is=IDLE awp=false se=false i=true al=0},r=1,c=false/false,a=IDLE,uri=null,age=0} parse HeapByteBuffer@301bd4e3[p=0,l=142,c=8192,r=142]={<<<GET / HTTP/1.1\r\nIf-None-M...gent: okhttp/3.12.3\r\n\r\n>>>(9.4.44.v...\x00\x00\x00\x00\x00\x00\x00} {}
02:56:38.344 [qtp961160488-17] DEBUG org.eclipse.jetty.http.HttpParser - parseNext s=START HeapByteBuffer@301bd4e3[p=0,l=142,c=8192,r=142]={<<<GET / HTTP/1.1\r\nIf-None-M...gent: okhttp/3.12.3\r\n\r\n>>>(9.4.44.v...\x00\x00\x00\x00\x00\x00\x00}
02:56:38.344 [qtp961160488-17] DEBUG org.eclipse.jetty.http.HttpParser - START --> SPACE1
02:56:38.344 [qtp961160488-17] DEBUG org.eclipse.jetty.http.HttpParser - SPACE1 --> URI
02:56:38.344 [qtp961160488-17] DEBUG org.eclipse.jetty.http.HttpParser - URI --> SPACE2
02:56:38.344 [qtp961160488-17] DEBUG org.eclipse.jetty.http.HttpParser - SPACE2 --> REQUEST_VERSION
02:56:38.344 [qtp961160488-17] DEBUG org.eclipse.jetty.http.HttpParser - REQUEST_VERSION --> HEADER
02:56:38.344 [qtp961160488-17] DEBUG org.eclipse.jetty.http.HttpParser - HEADER:If-None-Match --> VALUE
02:56:38.344 [qtp961160488-17] DEBUG org.eclipse.jetty.http.HttpParser - HEADER:If-None-Match --> IN_VALUE
02:56:38.344 [qtp961160488-17] DEBUG org.eclipse.jetty.http.HttpParser - HEADER:If-None-Match --> FIELD
02:56:38.344 [qtp961160488-17] DEBUG org.eclipse.jetty.http.HttpParser - HEADER:Host: localhost:45451 --> IN_VALUE
02:56:38.344 [qtp961160488-17] DEBUG org.eclipse.jetty.http.HttpParser - HEADER:Host: localhost:45451 --> FIELD
02:56:38.344 [qtp961160488-17] DEBUG org.eclipse.jetty.http.HttpParser - HEADER:Connection: keep-alive --> IN_VALUE
02:56:38.344 [qtp961160488-17] DEBUG org.eclipse.jetty.http.HttpParser - HEADER:Connection: keep-alive --> FIELD
02:56:38.344 [qtp961160488-17] DEBUG org.eclipse.jetty.http.HttpParser - HEADER:Accept-Encoding: gzip --> IN_VALUE
02:56:38.344 [qtp961160488-17] DEBUG org.eclipse.jetty.http.HttpParser - HEADER:Accept-Encoding: gzip --> FIELD
02:56:38.344 [qtp961160488-17] DEBUG org.eclipse.jetty.http.HttpParser - HEADER:User-Agent: okhttp/3.12.3 --> IN_VALUE
02:56:38.344 [qtp961160488-17] DEBUG org.eclipse.jetty.http.HttpParser - HEADER:User-Agent: okhttp/3.12.3 --> FIELD
02:56:38.344 [qtp961160488-17] DEBUG org.eclipse.jetty.http.HttpParser - HEADER --> CONTENT
02:56:38.344 [qtp961160488-17] DEBUG org.eclipse.jetty.server.HttpChannel - REQUEST for //localhost:45451/ on HttpChannelOverHttp@a9607d0{s=HttpChannelState@3ecf82f0{s=IDLE rs=BLOCKING os=OPEN is=IDLE awp=false se=false i=true al=0},r=2,c=false/false,a=IDLE,uri=//localhost:45451/,age=0}
GET //localhost:45451/ HTTP/1.1
If-None-Match: "testEtag"
Host: localhost:45451
Connection: keep-alive
Accept-Encoding: gzip
User-Agent: okhttp/3.12.3


02:56:38.345 [qtp961160488-17] DEBUG org.eclipse.jetty.server.HttpConnection - HttpConnection@2a3da560::SocketChannelEndPoint@c8e2bc9{l=/127.0.0.1:45451,r=/127.0.0.1:51786,OPEN,fill=-,flush=-,to=2/3000}{io=0/0,kio=0,kro=1}->HttpConnection@2a3da560[p=HttpParser{s=CONTENT,0 of -1},g=HttpGenerator@6d822638{s=START}]=>HttpChannelOverHttp@a9607d0{s=HttpChannelState@3ecf82f0{s=IDLE rs=BLOCKING os=OPEN is=IDLE awp=false se=false i=true al=0},r=2,c=false/false,a=IDLE,uri=//localhost:45451/,age=1} parsed true HttpParser{s=CONTENT,0 of -1}
02:56:38.345 [qtp961160488-17] DEBUG org.eclipse.jetty.server.HttpConnection - releaseRequestBuffer HttpConnection@2a3da560::SocketChannelEndPoint@c8e2bc9{l=/127.0.0.1:45451,r=/127.0.0.1:51786,OPEN,fill=-,flush=-,to=2/3000}{io=0/0,kio=0,kro=1}->HttpConnection@2a3da560[p=HttpParser{s=CONTENT,0 of -1},g=HttpGenerator@6d822638{s=START}]=>HttpChannelOverHttp@a9607d0{s=HttpChannelState@3ecf82f0{s=IDLE rs=BLOCKING os=OPEN is=IDLE awp=false se=false i=true al=0},r=2,c=false/false,a=IDLE,uri=//localhost:45451/,age=1}
02:56:38.345 [qtp961160488-17] DEBUG org.eclipse.jetty.server.HttpChannel - handle //localhost:45451/ HttpChannelOverHttp@a9607d0{s=HttpChannelState@3ecf82f0{s=IDLE rs=BLOCKING os=OPEN is=IDLE awp=false se=false i=true al=0},r=2,c=false/false,a=IDLE,uri=//localhost:45451/,age=1} 
02:56:38.345 [qtp961160488-17] DEBUG org.eclipse.jetty.server.HttpChannelState - handling HttpChannelState@3ecf82f0{s=IDLE rs=BLOCKING os=OPEN is=IDLE awp=false se=false i=true al=0}
02:56:38.345 [qtp961160488-17] DEBUG org.eclipse.jetty.server.HttpChannel - action DISPATCH HttpChannelOverHttp@a9607d0{s=HttpChannelState@3ecf82f0{s=HANDLING rs=BLOCKING os=OPEN is=IDLE awp=false se=false i=true al=0},r=2,c=false/false,a=HANDLING,uri=//localhost:45451/,age=1}
02:56:38.345 [qtp961160488-17] DEBUG org.eclipse.jetty.server.Server - REQUEST GET / on HttpChannelOverHttp@a9607d0{s=HttpChannelState@3ecf82f0{s=HANDLING rs=BLOCKING os=OPEN is=IDLE awp=false se=false i=true al=0},r=2,c=false/false,a=HANDLING,uri=//localhost:45451/,age=1}
02:56:38.345 [qtp961160488-17] DEBUG org.eclipse.jetty.server.Server - handled=true async=false committed=false on HttpChannelOverHttp@a9607d0{s=HttpChannelState@3ecf82f0{s=HANDLING rs=BLOCKING os=OPEN is=IDLE awp=false se=false i=true al=0},r=2,c=false/false,a=HANDLING,uri=//localhost:45451/,age=1}
02:56:38.345 [qtp961160488-17] DEBUG org.eclipse.jetty.server.HttpChannelState - unhandle HttpChannelState@3ecf82f0{s=HANDLING rs=BLOCKING os=OPEN is=IDLE awp=false se=false i=true al=0}
02:56:38.345 [qtp961160488-17] DEBUG org.eclipse.jetty.server.HttpChannelState - nextAction(false) COMPLETE HttpChannelState@3ecf82f0{s=HANDLING rs=COMPLETING os=OPEN is=IDLE awp=false se=false i=false al=0}
02:56:38.346 [qtp961160488-17] DEBUG org.eclipse.jetty.server.HttpChannel - action COMPLETE HttpChannelOverHttp@a9607d0{s=HttpChannelState@3ecf82f0{s=HANDLING rs=COMPLETING os=OPEN is=IDLE awp=false se=false i=false al=0},r=2,c=false/false,a=HANDLING,uri=//localhost:45451/,age=1}
02:56:38.346 [qtp961160488-17] DEBUG org.eclipse.jetty.io.ChannelEndPoint - filled 0 HeapByteBuffer@301bd4e3[p=0,l=0,c=8192,r=0]={<<<>>>GET / HTT...\x00\x00\x00\x00\x00\x00\x00}
02:56:38.346 [qtp961160488-17] DEBUG org.eclipse.jetty.io.ChannelEndPoint - filled 0 HeapByteBuffer@301bd4e3[p=0,l=0,c=8192,r=0]={<<<>>>GET / HTT...\x00\x00\x00\x00\x00\x00\x00}
02:56:38.346 [qtp961160488-17] DEBUG org.eclipse.jetty.server.HttpConnection - HttpConnection@2a3da560::SocketChannelEndPoint@c8e2bc9{l=/127.0.0.1:45451,r=/127.0.0.1:51786,OPEN,fill=-,flush=-,to=3/3000}{io=0/0,kio=0,kro=1}->HttpConnection@2a3da560[p=HttpParser{s=CONTENT,0 of -1},g=HttpGenerator@6d822638{s=START}]=>HttpChannelOverHttp@a9607d0{s=HttpChannelState@3ecf82f0{s=HANDLING rs=COMPLETING os=OPEN is=IDLE awp=false se=false i=false al=0},r=2,c=false/false,a=HANDLING,uri=//localhost:45451/,age=2} filled 0 HeapByteBuffer@301bd4e3[p=0,l=0,c=8192,r=0]={<<<>>>GET / HTT...\x00\x00\x00\x00\x00\x00\x00}
02:56:38.346 [qtp961160488-17] DEBUG org.eclipse.jetty.server.HttpConnection - HttpConnection@2a3da560::SocketChannelEndPoint@c8e2bc9{l=/127.0.0.1:45451,r=/127.0.0.1:51786,OPEN,fill=-,flush=-,to=3/3000}{io=0/0,kio=0,kro=1}->HttpConnection@2a3da560[p=HttpParser{s=CONTENT,0 of -1},g=HttpGenerator@6d822638{s=START}]=>HttpChannelOverHttp@a9607d0{s=HttpChannelState@3ecf82f0{s=HANDLING rs=COMPLETING os=OPEN is=IDLE awp=false se=false i=false al=0},r=2,c=false/false,a=HANDLING,uri=//localhost:45451/,age=2} parse HeapByteBuffer@301bd4e3[p=0,l=0,c=8192,r=0]={<<<>>>GET / HTT...\x00\x00\x00\x00\x00\x00\x00} {}
02:56:38.346 [qtp961160488-17] DEBUG org.eclipse.jetty.http.HttpParser - parseNext s=CONTENT HeapByteBuffer@301bd4e3[p=0,l=0,c=8192,r=0]={<<<>>>GET / HTT...\x00\x00\x00\x00\x00\x00\x00}
02:56:38.346 [qtp961160488-17] DEBUG org.eclipse.jetty.http.HttpParser - CONTENT --> CONTENT_END
02:56:38.346 [qtp961160488-17] DEBUG org.eclipse.jetty.server.HttpChannel - onContentComplete HttpChannelOverHttp@a9607d0{s=HttpChannelState@3ecf82f0{s=HANDLING rs=COMPLETING os=OPEN is=IDLE awp=false se=false i=false al=0},r=2,c=false/false,a=HANDLING,uri=//localhost:45451/,age=2}
02:56:38.346 [qtp961160488-17] DEBUG org.eclipse.jetty.http.HttpParser - CONTENT_END --> END
02:56:38.346 [qtp961160488-17] DEBUG org.eclipse.jetty.server.HttpChannel - onRequestComplete HttpChannelOverHttp@a9607d0{s=HttpChannelState@3ecf82f0{s=HANDLING rs=COMPLETING os=OPEN is=IDLE awp=false se=false i=false al=0},r=2,c=false/false,a=HANDLING,uri=//localhost:45451/,age=2}
02:56:38.346 [qtp961160488-17] DEBUG org.eclipse.jetty.server.HttpInput - HttpInputOverHTTP@7e2606c3[c=0,q=0,[0]=null,s=STREAM] addContent EOF
02:56:38.347 [qtp961160488-17] DEBUG org.eclipse.jetty.server.HttpConnection - HttpConnection@2a3da560::SocketChannelEndPoint@c8e2bc9{l=/127.0.0.1:45451,r=/127.0.0.1:51786,OPEN,fill=-,flush=-,to=4/3000}{io=0/0,kio=0,kro=1}->HttpConnection@2a3da560[p=HttpParser{s=END,0 of -1},g=HttpGenerator@6d822638{s=START}]=>HttpChannelOverHttp@a9607d0{s=HttpChannelState@3ecf82f0{s=HANDLING rs=COMPLETING os=OPEN is=IDLE awp=false se=false i=false al=0},r=2,c=false/false,a=HANDLING,uri=//localhost:45451/,age=3} parsed false HttpParser{s=END,0 of -1}
02:56:38.347 [qtp961160488-17] DEBUG org.eclipse.jetty.server.HttpConnection - releaseRequestBuffer HttpConnection@2a3da560::SocketChannelEndPoint@c8e2bc9{l=/127.0.0.1:45451,r=/127.0.0.1:51786,OPEN,fill=-,flush=-,to=4/3000}{io=0/0,kio=0,kro=1}->HttpConnection@2a3da560[p=HttpParser{s=END,0 of -1},g=HttpGenerator@6d822638{s=START}]=>HttpChannelOverHttp@a9607d0{s=HttpChannelState@3ecf82f0{s=HANDLING rs=COMPLETING os=OPEN is=IDLE awp=false se=false i=false al=0},r=2,c=false/false,a=HANDLING,uri=//localhost:45451/,age=3}
02:56:38.347 [qtp961160488-17] DEBUG org.eclipse.jetty.server.HttpOutput - complete(org.eclipse.jetty.util.Callback$3@2837b5e4) s=CLOSING,api=BLOCKED,sc=false,e=null s=false e=null, c=HeapByteBuffer@58f161d6[p=0,l=0,c=0,r=0]={<<<>>>}
02:56:38.348 [qtp961160488-17] DEBUG org.eclipse.jetty.server.HttpChannel - sendResponse info=null content=HeapByteBuffer@58f161d6[p=0,l=0,c=0,r=0]={<<<>>>} complete=true committing=true callback=org.eclipse.jetty.server.HttpOutput$WriteCompleteCB@7143429a
02:56:38.348 [qtp961160488-17] DEBUG org.eclipse.jetty.server.HttpChannel - COMMIT for / on HttpChannelOverHttp@a9607d0{s=HttpChannelState@3ecf82f0{s=HANDLING rs=COMPLETING os=COMMITTED is=IDLE awp=false se=false i=false al=0},r=2,c=false/false,a=HANDLING,uri=//localhost:45451/,age=4}
304 null HTTP/1.1
Date: Thu, 02 May 2024 01:56:38 GMT
ETag: testEtag


02:56:38.348 [qtp961160488-17] DEBUG org.eclipse.jetty.server.HttpConnection - generate: NEED_HEADER for SendCallback@65226f75[PROCESSING][i=HTTP/1.1{s=304,h=2,cl=-1},cb=org.eclipse.jetty.server.HttpChannel$SendCallback@644e41c3] (null,[p=0,l=0,c=0,r=0],true)@START
02:56:38.348 [qtp961160488-17] DEBUG org.eclipse.jetty.http.HttpGenerator - generateHeaders HTTP/1.1{s=304,h=2,cl=-1} last=true content=HeapByteBuffer@58f161d6[p=0,l=0,c=0,r=0]={<<<>>>}
02:56:38.348 [qtp961160488-17] DEBUG org.eclipse.jetty.http.HttpGenerator - Date: Thu, 02 May 2024 01:56:38 GMT
ETag: testEtag


02:56:38.348 [qtp961160488-17] DEBUG org.eclipse.jetty.http.HttpGenerator - NO_CONTENT
02:56:38.348 [qtp961160488-17] DEBUG org.eclipse.jetty.server.HttpConnection - generate: FLUSH for SendCallback@65226f75[PROCESSING][i=HTTP/1.1{s=304,h=2,cl=-1},cb=org.eclipse.jetty.server.HttpChannel$SendCallback@644e41c3] ([p=0,l=115,c=8192,r=115],[p=0,l=0,c=0,r=0],true)@COMPLETING
02:56:38.348 [qtp961160488-17] DEBUG org.eclipse.jetty.io.WriteFlusher - write: WriteFlusher@32b851d5{IDLE}->null [HeapByteBuffer@301bd4e3[p=0,l=115,c=8192,r=115]={<<<HTTP/1.1 304 Not Modified...y(9.4.44.v20210927)\r\n\r\n>>>er-Agent:...\x00\x00\x00\x00\x00\x00\x00}]
02:56:38.348 [qtp961160488-17] DEBUG org.eclipse.jetty.io.WriteFlusher - update WriteFlusher@32b851d5{WRITING}->null:IDLE-->WRITING
02:56:38.349 [qtp961160488-17] DEBUG org.eclipse.jetty.io.ChannelEndPoint - flushed 115 SocketChannelEndPoint@c8e2bc9{l=/127.0.0.1:45451,r=/127.0.0.1:51786,OPEN,fill=-,flush=W,to=6/3000}{io=0/0,kio=0,kro=1}->HttpConnection@2a3da560[p=HttpParser{s=END,0 of -1},g=HttpGenerator@6d822638{s=COMPLETING}]=>HttpChannelOverHttp@a9607d0{s=HttpChannelState@3ecf82f0{s=HANDLING rs=COMPLETING os=COMMITTED is=IDLE awp=false se=false i=false al=0},r=2,c=false/false,a=HANDLING,uri=//localhost:45451/,age=5}
02:56:38.349 [qtp961160488-17] DEBUG org.eclipse.jetty.io.WriteFlusher - Flushed=true written=115 remaining=0 WriteFlusher@32b851d5{WRITING}->null
02:56:38.349 [qtp961160488-17] DEBUG org.eclipse.jetty.io.WriteFlusher - update WriteFlusher@32b851d5{IDLE}->null:WRITING-->IDLE
02:56:38.349 [qtp961160488-17] DEBUG org.eclipse.jetty.server.HttpConnection - generate: DONE for SendCallback@65226f75[PROCESSING][i=HTTP/1.1{s=304,h=2,cl=-1},cb=org.eclipse.jetty.server.HttpChannel$SendCallback@644e41c3] ([p=115,l=115,c=8192,r=0],[p=0,l=0,c=0,r=0],true)@END
02:56:38.349 [qtp961160488-17] DEBUG org.eclipse.jetty.server.HttpOutput - onWriteComplete(true,null) s=CLOSING,api=BLOCKED,sc=false,e=null->s=CLOSED,api=BLOCKING,sc=false,e=null c=null cb=org.eclipse.jetty.util.Callback$3@2837b5e4 w=false
02:56:38.349 [qtp961160488-17] DEBUG org.eclipse.jetty.server.HttpChannelState - completed HttpChannelState@3ecf82f0{s=HANDLING rs=COMPLETING os=COMPLETED is=IDLE awp=false se=false i=false al=0}
02:56:38.349 [qtp961160488-17] DEBUG org.eclipse.jetty.server.HttpChannelState - unhandle HttpChannelState@3ecf82f0{s=HANDLING rs=COMPLETED os=COMPLETED is=IDLE awp=false se=false i=false al=0}
02:56:38.349 [qtp961160488-17] DEBUG org.eclipse.jetty.server.HttpChannelState - nextAction(false) TERMINATED HttpChannelState@3ecf82f0{s=IDLE rs=COMPLETED os=COMPLETED is=IDLE awp=false se=false i=false al=0}
02:56:38.349 [qtp961160488-17] DEBUG org.eclipse.jetty.server.HttpChannel - action TERMINATED HttpChannelOverHttp@a9607d0{s=HttpChannelState@3ecf82f0{s=IDLE rs=COMPLETED os=COMPLETED is=IDLE awp=false se=false i=false al=0},r=2,c=true/true,a=IDLE,uri=//localhost:45451/,age=5}
02:56:38.349 [qtp961160488-17] DEBUG org.eclipse.jetty.server.HttpChannel - onCompleted for / written=0
02:56:38.349 [qtp961160488-17] DEBUG org.eclipse.jetty.server.HttpChannelState - recycle HttpChannelState@3ecf82f0{s=IDLE rs=COMPLETED os=COMPLETED is=IDLE awp=false se=false i=false al=0}
02:56:38.349 [qtp961160488-17] DEBUG org.eclipse.jetty.http.HttpParser - reset HttpParser{s=END,0 of -1}
02:56:38.349 [qtp961160488-17] DEBUG org.eclipse.jetty.http.HttpParser - END --> START
02:56:38.349 [qtp961160488-17] DEBUG org.eclipse.jetty.server.HttpChannel - !handle TERMINATED HttpChannelOverHttp@a9607d0{s=HttpChannelState@3ecf82f0{s=IDLE rs=BLOCKING os=OPEN is=IDLE awp=false se=false i=true al=0},r=2,c=false/false,a=IDLE,uri=null,age=0}
02:56:38.349 [main] DEBUG org.apache.nifi.minifi.bootstrap.configuration.ingestors.PullHttpChangeIngestor - Response received: Response{protocol=http/1.1, code=304, message=Not Modified, url=http://localhost:45451/}
02:56:38.350 [qtp961160488-17] DEBUG org.eclipse.jetty.io.ChannelEndPoint - filled 0 HeapByteBuffer@301bd4e3[p=0,l=0,c=8192,r=0]={<<<>>>HTTP/1.1 ...\x00\x00\x00\x00\x00\x00\x00}
02:56:38.350 [qtp961160488-17] DEBUG org.eclipse.jetty.io.ChannelEndPoint - filled 0 HeapByteBuffer@301bd4e3[p=0,l=0,c=8192,r=0]={<<<>>>HTTP/1.1 ...\x00\x00\x00\x00\x00\x00\x00}
]]></system-out>
  </testcase>
  <testcase name="testNewUpdate" classname="org.apache.nifi.minifi.bootstrap.configuration.ingestors.PullHttpChangeIngestorTest" time="0.01">
    <system-out><![CDATA[02:56:38.350 [qtp961160488-17] DEBUG org.eclipse.jetty.server.HttpConnection - HttpConnection@2a3da560::SocketChannelEndPoint@c8e2bc9{l=/127.0.0.1:45451,r=/127.0.0.1:51786,OPEN,fill=-,flush=-,to=0/3000}{io=0/0,kio=0,kro=1}->HttpConnection@2a3da560[p=HttpParser{s=START,0 of -1},g=HttpGenerator@6d822638{s=START}]=>HttpChannelOverHttp@a9607d0{s=HttpChannelState@3ecf82f0{s=IDLE rs=BLOCKING os=OPEN is=IDLE awp=false se=false i=true al=0},r=2,c=false/false,a=IDLE,uri=null,age=0} filled 0 HeapByteBuffer@301bd4e3[p=0,l=0,c=8192,r=0]={<<<>>>HTTP/1.1 ...\x00\x00\x00\x00\x00\x00\x00}
02:56:38.350 [qtp961160488-17] DEBUG org.eclipse.jetty.server.HttpConnection - HttpConnection@2a3da560::SocketChannelEndPoint@c8e2bc9{l=/127.0.0.1:45451,r=/127.0.0.1:51786,OPEN,fill=-,flush=-,to=1/3000}{io=0/0,kio=0,kro=1}->HttpConnection@2a3da560[p=HttpParser{s=START,0 of -1},g=HttpGenerator@6d822638{s=START}]=>HttpChannelOverHttp@a9607d0{s=HttpChannelState@3ecf82f0{s=IDLE rs=BLOCKING os=OPEN is=IDLE awp=false se=false i=true al=0},r=2,c=false/false,a=IDLE,uri=null,age=0} parse HeapByteBuffer@301bd4e3[p=0,l=0,c=8192,r=0]={<<<>>>HTTP/1.1 ...\x00\x00\x00\x00\x00\x00\x00} {}
02:56:38.350 [qtp961160488-17] DEBUG org.eclipse.jetty.http.HttpParser - parseNext s=START HeapByteBuffer@301bd4e3[p=0,l=0,c=8192,r=0]={<<<>>>HTTP/1.1 ...\x00\x00\x00\x00\x00\x00\x00}
02:56:38.350 [qtp961160488-17] DEBUG org.eclipse.jetty.server.HttpConnection - HttpConnection@2a3da560::SocketChannelEndPoint@c8e2bc9{l=/127.0.0.1:45451,r=/127.0.0.1:51786,OPEN,fill=-,flush=-,to=1/3000}{io=0/0,kio=0,kro=1}->HttpConnection@2a3da560[p=HttpParser{s=START,0 of -1},g=HttpGenerator@6d822638{s=START}]=>HttpChannelOverHttp@a9607d0{s=HttpChannelState@3ecf82f0{s=IDLE rs=BLOCKING os=OPEN is=IDLE awp=false se=false i=true al=0},r=2,c=false/false,a=IDLE,uri=null,age=0} parsed false HttpParser{s=START,0 of -1}
02:56:38.350 [qtp961160488-17] DEBUG org.eclipse.jetty.server.HttpConnection - releaseRequestBuffer HttpConnection@2a3da560::SocketChannelEndPoint@c8e2bc9{l=/127.0.0.1:45451,r=/127.0.0.1:51786,OPEN,fill=-,flush=-,to=1/3000}{io=0/0,kio=0,kro=1}->HttpConnection@2a3da560[p=HttpParser{s=START,0 of -1},g=HttpGenerator@6d822638{s=START}]=>HttpChannelOverHttp@a9607d0{s=HttpChannelState@3ecf82f0{s=IDLE rs=BLOCKING os=OPEN is=IDLE awp=false se=false i=true al=0},r=2,c=false/false,a=IDLE,uri=null,age=0}
02:56:38.351 [qtp961160488-17] DEBUG org.eclipse.jetty.io.AbstractConnection - fillInterested HttpConnection@2a3da560::SocketChannelEndPoint@c8e2bc9{l=/127.0.0.1:45451,r=/127.0.0.1:51786,OPEN,fill=-,flush=-,to=1/3000}{io=0/0,kio=0,kro=1}->HttpConnection@2a3da560[p=HttpParser{s=START,0 of -1},g=HttpGenerator@6d822638{s=START}]=>HttpChannelOverHttp@a9607d0{s=HttpChannelState@3ecf82f0{s=IDLE rs=BLOCKING os=OPEN is=IDLE awp=false se=false i=true al=0},r=2,c=false/false,a=IDLE,uri=null,age=0}
02:56:38.351 [qtp961160488-17] DEBUG org.eclipse.jetty.io.FillInterest - interested FillInterest@2f18e17a{AC.ReadCB@2a3da560{HttpConnection@2a3da560::SocketChannelEndPoint@c8e2bc9{l=/127.0.0.1:45451,r=/127.0.0.1:51786,OPEN,fill=FI,flush=-,to=0/3000}{io=0/0,kio=0,kro=1}->HttpConnection@2a3da560[p=HttpParser{s=START,0 of -1},g=HttpGenerator@6d822638{s=START}]=>HttpChannelOverHttp@a9607d0{s=HttpChannelState@3ecf82f0{s=IDLE rs=BLOCKING os=OPEN is=IDLE awp=false se=false i=true al=0},r=2,c=false/false,a=IDLE,uri=null,age=0}}}
02:56:38.351 [qtp961160488-17] DEBUG org.eclipse.jetty.io.ChannelEndPoint - changeInterests p=false 0->1 for SocketChannelEndPoint@c8e2bc9{l=/127.0.0.1:45451,r=/127.0.0.1:51786,OPEN,fill=FI,flush=-,to=0/3000}{io=0/1,kio=0,kro=1}->HttpConnection@2a3da560[p=HttpParser{s=START,0 of -1},g=HttpGenerator@6d822638{s=START}]=>HttpChannelOverHttp@a9607d0{s=HttpChannelState@3ecf82f0{s=IDLE rs=BLOCKING os=OPEN is=IDLE awp=false se=false i=true al=0},r=2,c=false/false,a=IDLE,uri=null,age=0}
02:56:38.351 [qtp961160488-17] DEBUG org.eclipse.jetty.io.ManagedSelector - Queued change lazy=false org.eclipse.jetty.io.ChannelEndPoint$$Lambda$255/899789472@68c9475c on ManagedSelector@316bcf94{STARTED} id=2 keys=1 selected=0 updates=0
02:56:38.351 [qtp961160488-17] DEBUG org.eclipse.jetty.io.ManagedSelector - Wakeup on submit ManagedSelector@316bcf94{STARTED} id=2 keys=1 selected=0 updates=1
02:56:38.351 [qtp961160488-22] DEBUG org.eclipse.jetty.io.ManagedSelector - Selector sun.nio.ch.EPollSelectorImpl@736a5ca1 woken with none selected
02:56:38.351 [qtp961160488-22] DEBUG org.eclipse.jetty.io.ManagedSelector - Selector sun.nio.ch.EPollSelectorImpl@736a5ca1 woken up from select, 0/0/1 selected
02:56:38.351 [qtp961160488-22] DEBUG org.eclipse.jetty.io.ManagedSelector - Selector sun.nio.ch.EPollSelectorImpl@736a5ca1 processing 0 keys, 1 updates
02:56:38.351 [qtp961160488-17] DEBUG org.eclipse.jetty.server.HttpConnection - HttpConnection@2a3da560::SocketChannelEndPoint@c8e2bc9{l=/127.0.0.1:45451,r=/127.0.0.1:51786,OPEN,fill=FI,flush=-,to=0/3000}{io=0/1,kio=0,kro=1}->HttpConnection@2a3da560[p=HttpParser{s=START,0 of -1},g=HttpGenerator@6d822638{s=START}]=>HttpChannelOverHttp@a9607d0{s=HttpChannelState@3ecf82f0{s=IDLE rs=BLOCKING os=OPEN is=IDLE awp=false se=false i=true al=0},r=2,c=false/false,a=IDLE,uri=null,age=0} onFillable exit HttpChannelState@3ecf82f0{s=IDLE rs=BLOCKING os=OPEN is=IDLE awp=false se=false i=true al=0} null
02:56:38.351 [main] DEBUG org.apache.nifi.minifi.bootstrap.configuration.ingestors.PullHttpChangeIngestor - Attempting to pull new config
02:56:38.351 [qtp961160488-22] DEBUG org.eclipse.jetty.io.ManagedSelector - updateable 1
02:56:38.351 [qtp961160488-22] DEBUG org.eclipse.jetty.io.ManagedSelector - update org.eclipse.jetty.io.ChannelEndPoint$$Lambda$255/899789472@68c9475c
02:56:38.351 [qtp961160488-17] DEBUG org.eclipse.jetty.util.thread.QueuedThreadPool - ran org.eclipse.jetty.io.ManagedSelector$$Lambda$253/838473569@66f57048 in QueuedThreadPool[qtp961160488]@394a2528{STARTED,8<=8<=200,i=1,r=-1,q=0}[ReservedThreadExecutor@383bfa16{reserved=1/8,pending=0}]
02:56:38.351 [qtp961160488-22] DEBUG org.eclipse.jetty.io.ChannelEndPoint - Key interests updated 0 -> 1 on SocketChannelEndPoint@c8e2bc9{l=/127.0.0.1:45451,r=/127.0.0.1:51786,OPEN,fill=FI,flush=-,to=0/3000}{io=1/1,kio=1,kro=1}->HttpConnection@2a3da560[p=HttpParser{s=START,0 of -1},g=HttpGenerator@6d822638{s=START}]=>HttpChannelOverHttp@a9607d0{s=HttpChannelState@3ecf82f0{s=IDLE rs=BLOCKING os=OPEN is=IDLE awp=false se=false i=true al=0},r=2,c=false/false,a=IDLE,uri=null,age=0}
02:56:38.351 [qtp961160488-22] DEBUG org.eclipse.jetty.io.ManagedSelector - updates 0
02:56:38.351 [qtp961160488-22] DEBUG org.eclipse.jetty.io.ManagedSelector - Selector sun.nio.ch.EPollSelectorImpl@736a5ca1 waiting with 1 keys
02:56:38.352 [qtp961160488-19-acceptor-0@1e1a0406-ServerConnector@446293d{HTTP/1.1, (http/1.1)}{localhost:45451}] DEBUG org.eclipse.jetty.io.ManagedSelector - Queued change lazy=false Accept@44913642[java.nio.channels.SocketChannel[connected local=/127.0.0.1:45451 remote=/127.0.0.1:51792]] on ManagedSelector@1de5f259{STARTED} id=3 keys=0 selected=0 updates=0
02:56:38.352 [qtp961160488-19-acceptor-0@1e1a0406-ServerConnector@446293d{HTTP/1.1, (http/1.1)}{localhost:45451}] DEBUG org.eclipse.jetty.io.ManagedSelector - Wakeup on submit ManagedSelector@1de5f259{STARTED} id=3 keys=0 selected=0 updates=1
02:56:38.352 [qtp961160488-18] DEBUG org.eclipse.jetty.io.ManagedSelector - Selector sun.nio.ch.EPollSelectorImpl@1c7c7889 woken with none selected
02:56:38.352 [qtp961160488-18] DEBUG org.eclipse.jetty.io.ManagedSelector - Selector sun.nio.ch.EPollSelectorImpl@1c7c7889 woken up from select, 0/0/0 selected
02:56:38.352 [qtp961160488-18] DEBUG org.eclipse.jetty.io.ManagedSelector - Selector sun.nio.ch.EPollSelectorImpl@1c7c7889 processing 0 keys, 1 updates
02:56:38.352 [qtp961160488-18] DEBUG org.eclipse.jetty.io.ManagedSelector - updateable 1
02:56:38.352 [qtp961160488-18] DEBUG org.eclipse.jetty.io.ManagedSelector - update Accept@44913642[java.nio.channels.SocketChannel[connected local=/127.0.0.1:45451 remote=/127.0.0.1:51792]]
02:56:38.352 [qtp961160488-18] DEBUG org.eclipse.jetty.util.thread.QueuedThreadPool - queue Accept@44913642[java.nio.channels.SocketChannel[connected local=/127.0.0.1:45451 remote=/127.0.0.1:51792]] startThread=0
02:56:38.352 [qtp961160488-18] DEBUG org.eclipse.jetty.io.ManagedSelector - updates 0
02:56:38.352 [qtp961160488-20] DEBUG org.eclipse.jetty.util.thread.QueuedThreadPool - run Accept@44913642[java.nio.channels.SocketChannel[connected local=/127.0.0.1:45451 remote=/127.0.0.1:51792]] in QueuedThreadPool[qtp961160488]@394a2528{STARTED,8<=8<=200,i=1,r=-1,q=0}[ReservedThreadExecutor@383bfa16{reserved=1/8,pending=0}]
02:56:38.352 [qtp961160488-18] DEBUG org.eclipse.jetty.io.ManagedSelector - Selector sun.nio.ch.EPollSelectorImpl@1c7c7889 waiting with 1 keys
02:56:38.353 [qtp961160488-20] DEBUG org.eclipse.jetty.io.IdleTimeout - SocketChannelEndPoint@3f12bdb3{l=/127.0.0.1:45451,r=/127.0.0.1:51792,OPEN,fill=-,flush=-,to=0/3000}{io=0/0,kio=0,kro=0}-><null> idle timeout check, elapsed: 0 ms, remaining: 3000 ms
02:56:38.353 [qtp961160488-20] DEBUG org.eclipse.jetty.server.HttpChannel - new HttpChannelOverHttp@435def8f{s=HttpChannelState@2b26d5af{s=IDLE rs=BLOCKING os=OPEN is=IDLE awp=false se=false i=true al=0},r=0,c=false/false,a=IDLE,uri=null,age=0} -> SocketChannelEndPoint@3f12bdb3{l=/127.0.0.1:45451,r=/127.0.0.1:51792,OPEN,fill=-,flush=-,to=0/3000}{io=0/0,kio=0,kro=0}-><null>,null,HttpChannelState@2b26d5af{s=IDLE rs=BLOCKING os=OPEN is=IDLE awp=false se=false i=true al=0}
02:56:38.353 [qtp961160488-20] DEBUG org.eclipse.jetty.server.HttpConnection - New HTTP Connection HttpConnection@9f79430::SocketChannelEndPoint@3f12bdb3{l=/127.0.0.1:45451,r=/127.0.0.1:51792,OPEN,fill=-,flush=-,to=0/3000}{io=0/0,kio=0,kro=0}-><null>
02:56:38.353 [qtp961160488-20] DEBUG org.eclipse.jetty.io.ManagedSelector - Queued change lazy=true org.eclipse.jetty.io.ManagedSelector$$Lambda$258/269590367@23a25f98 on ManagedSelector@1de5f259{STARTED} id=3 keys=1 selected=0 updates=0
02:56:38.353 [qtp961160488-20] DEBUG org.eclipse.jetty.io.AbstractEndPoint - onOpen SocketChannelEndPoint@3f12bdb3{l=/127.0.0.1:45451,r=/127.0.0.1:51792,OPEN,fill=-,flush=-,to=0/3000}{io=0/0,kio=0,kro=0}->HttpConnection@9f79430[p=HttpParser{s=START,0 of -1},g=HttpGenerator@fafedf4{s=START}]=>HttpChannelOverHttp@435def8f{s=HttpChannelState@2b26d5af{s=IDLE rs=BLOCKING os=OPEN is=IDLE awp=false se=false i=true al=0},r=0,c=false/false,a=IDLE,uri=null,age=0}
02:56:38.353 [qtp961160488-20] DEBUG org.eclipse.jetty.io.AbstractConnection - onOpen HttpConnection@9f79430::SocketChannelEndPoint@3f12bdb3{l=/127.0.0.1:45451,r=/127.0.0.1:51792,OPEN,fill=-,flush=-,to=0/3000}{io=0/0,kio=0,kro=0}->HttpConnection@9f79430[p=HttpParser{s=START,0 of -1},g=HttpGenerator@fafedf4{s=START}]=>HttpChannelOverHttp@435def8f{s=HttpChannelState@2b26d5af{s=IDLE rs=BLOCKING os=OPEN is=IDLE awp=false se=false i=true al=0},r=0,c=false/false,a=IDLE,uri=null,age=0}
02:56:38.353 [qtp961160488-20] DEBUG org.eclipse.jetty.io.AbstractConnection - fillInterested HttpConnection@9f79430::SocketChannelEndPoint@3f12bdb3{l=/127.0.0.1:45451,r=/127.0.0.1:51792,OPEN,fill=-,flush=-,to=0/3000}{io=0/0,kio=0,kro=0}->HttpConnection@9f79430[p=HttpParser{s=START,0 of -1},g=HttpGenerator@fafedf4{s=START}]=>HttpChannelOverHttp@435def8f{s=HttpChannelState@2b26d5af{s=IDLE rs=BLOCKING os=OPEN is=IDLE awp=false se=false i=true al=0},r=0,c=false/false,a=IDLE,uri=null,age=0}
02:56:38.354 [qtp961160488-20] DEBUG org.eclipse.jetty.io.FillInterest - interested FillInterest@12b9ca03{AC.ReadCB@9f79430{HttpConnection@9f79430::SocketChannelEndPoint@3f12bdb3{l=/127.0.0.1:45451,r=/127.0.0.1:51792,OPEN,fill=FI,flush=-,to=0/3000}{io=0/0,kio=0,kro=0}->HttpConnection@9f79430[p=HttpParser{s=START,0 of -1},g=HttpGenerator@fafedf4{s=START}]=>HttpChannelOverHttp@435def8f{s=HttpChannelState@2b26d5af{s=IDLE rs=BLOCKING os=OPEN is=IDLE awp=false se=false i=true al=0},r=0,c=false/false,a=IDLE,uri=null,age=0}}}
02:56:38.354 [qtp961160488-20] DEBUG org.eclipse.jetty.io.ChannelEndPoint - changeInterests p=false 0->1 for SocketChannelEndPoint@3f12bdb3{l=/127.0.0.1:45451,r=/127.0.0.1:51792,OPEN,fill=FI,flush=-,to=0/3000}{io=0/1,kio=0,kro=0}->HttpConnection@9f79430[p=HttpParser{s=START,0 of -1},g=HttpGenerator@fafedf4{s=START}]=>HttpChannelOverHttp@435def8f{s=HttpChannelState@2b26d5af{s=IDLE rs=BLOCKING os=OPEN is=IDLE awp=false se=false i=true al=0},r=0,c=false/false,a=IDLE,uri=null,age=0}
02:56:38.354 [qtp961160488-20] DEBUG org.eclipse.jetty.io.ManagedSelector - Queued change lazy=false org.eclipse.jetty.io.ChannelEndPoint$$Lambda$255/899789472@27da9a70 on ManagedSelector@1de5f259{STARTED} id=3 keys=1 selected=0 updates=1
02:56:38.354 [qtp961160488-20] DEBUG org.eclipse.jetty.io.ManagedSelector - Wakeup on submit ManagedSelector@1de5f259{STARTED} id=3 keys=1 selected=0 updates=2
02:56:38.354 [qtp961160488-18] DEBUG org.eclipse.jetty.io.ManagedSelector - Selector sun.nio.ch.EPollSelectorImpl@1c7c7889 woken with none selected
02:56:38.354 [qtp961160488-18] DEBUG org.eclipse.jetty.io.ManagedSelector - Selector sun.nio.ch.EPollSelectorImpl@1c7c7889 woken up from select, 0/0/1 selected
02:56:38.354 [qtp961160488-18] DEBUG org.eclipse.jetty.io.ManagedSelector - Selector sun.nio.ch.EPollSelectorImpl@1c7c7889 processing 0 keys, 2 updates
02:56:38.354 [qtp961160488-18] DEBUG org.eclipse.jetty.io.ManagedSelector - updateable 2
02:56:38.354 [qtp961160488-20] DEBUG org.eclipse.jetty.io.ManagedSelector - Created SocketChannelEndPoint@3f12bdb3{l=/127.0.0.1:45451,r=/127.0.0.1:51792,OPEN,fill=FI,flush=-,to=0/3000}{io=0/1,kio=0,kro=0}->HttpConnection@9f79430[p=HttpParser{s=START,0 of -1},g=HttpGenerator@fafedf4{s=START}]=>HttpChannelOverHttp@435def8f{s=HttpChannelState@2b26d5af{s=IDLE rs=BLOCKING os=OPEN is=IDLE awp=false se=false i=true al=0},r=0,c=false/false,a=IDLE,uri=null,age=0}
02:56:38.354 [qtp961160488-18] DEBUG org.eclipse.jetty.io.ManagedSelector - update org.eclipse.jetty.io.ManagedSelector$$Lambda$258/269590367@23a25f98
02:56:38.354 [qtp961160488-18] DEBUG org.eclipse.jetty.io.ManagedSelector - update org.eclipse.jetty.io.ChannelEndPoint$$Lambda$255/899789472@27da9a70
02:56:38.354 [qtp961160488-20] DEBUG org.eclipse.jetty.util.thread.QueuedThreadPool - ran Accept@44913642[java.nio.channels.SocketChannel[connected local=/127.0.0.1:45451 remote=/127.0.0.1:51792]] in QueuedThreadPool[qtp961160488]@394a2528{STARTED,8<=8<=200,i=1,r=-1,q=0}[ReservedThreadExecutor@383bfa16{reserved=1/8,pending=0}]
02:56:38.354 [qtp961160488-18] DEBUG org.eclipse.jetty.io.ChannelEndPoint - Key interests updated 0 -> 1 on SocketChannelEndPoint@3f12bdb3{l=/127.0.0.1:45451,r=/127.0.0.1:51792,OPEN,fill=FI,flush=-,to=0/3000}{io=1/1,kio=1,kro=0}->HttpConnection@9f79430[p=HttpParser{s=START,0 of -1},g=HttpGenerator@fafedf4{s=START}]=>HttpChannelOverHttp@435def8f{s=HttpChannelState@2b26d5af{s=IDLE rs=BLOCKING os=OPEN is=IDLE awp=false se=false i=true al=0},r=0,c=false/false,a=IDLE,uri=null,age=0}
02:56:38.354 [qtp961160488-18] DEBUG org.eclipse.jetty.io.ManagedSelector - updates 0
02:56:38.354 [qtp961160488-18] DEBUG org.eclipse.jetty.io.ManagedSelector - Selector sun.nio.ch.EPollSelectorImpl@1c7c7889 waiting with 1 keys
02:56:38.354 [qtp961160488-18] DEBUG org.eclipse.jetty.io.ManagedSelector - Selector sun.nio.ch.EPollSelectorImpl@1c7c7889 woken up from select, 1/1/1 selected
02:56:38.354 [qtp961160488-18] DEBUG org.eclipse.jetty.io.ManagedSelector - Selector sun.nio.ch.EPollSelectorImpl@1c7c7889 processing 1 keys, 0 updates
02:56:38.355 [qtp961160488-18] DEBUG org.eclipse.jetty.io.ManagedSelector - selected 1 sun.nio.ch.SelectionKeyImpl@12bb9576 SocketChannelEndPoint@3f12bdb3{l=/127.0.0.1:45451,r=/127.0.0.1:51792,OPEN,fill=FI,flush=-,to=0/3000}{io=1/1,kio=1,kro=1}->HttpConnection@9f79430[p=HttpParser{s=START,0 of -1},g=HttpGenerator@fafedf4{s=START}]=>HttpChannelOverHttp@435def8f{s=HttpChannelState@2b26d5af{s=IDLE rs=BLOCKING os=OPEN is=IDLE awp=false se=false i=true al=0},r=0,c=false/false,a=IDLE,uri=null,age=0} 
02:56:38.355 [qtp961160488-18] DEBUG org.eclipse.jetty.io.ChannelEndPoint - onSelected 1->0 r=true w=false for SocketChannelEndPoint@3f12bdb3{l=/127.0.0.1:45451,r=/127.0.0.1:51792,OPEN,fill=FI,flush=-,to=1/3000}{io=1/0,kio=1,kro=1}->HttpConnection@9f79430[p=HttpParser{s=START,0 of -1},g=HttpGenerator@fafedf4{s=START}]=>HttpChannelOverHttp@435def8f{s=HttpChannelState@2b26d5af{s=IDLE rs=BLOCKING os=OPEN is=IDLE awp=false se=false i=true al=0},r=0,c=false/false,a=IDLE,uri=null,age=0}
02:56:38.355 [qtp961160488-18] DEBUG org.eclipse.jetty.io.ChannelEndPoint - task CEP:SocketChannelEndPoint@3f12bdb3{l=/127.0.0.1:45451,r=/127.0.0.1:51792,OPEN,fill=FI,flush=-,to=1/3000}{io=1/0,kio=1,kro=1}->HttpConnection@9f79430[p=HttpParser{s=START,0 of -1},g=HttpGenerator@fafedf4{s=START}]=>HttpChannelOverHttp@435def8f{s=HttpChannelState@2b26d5af{s=IDLE rs=BLOCKING os=OPEN is=IDLE awp=false se=false i=true al=0},r=0,c=false/false,a=IDLE,uri=null,age=0}:runFillable:BLOCKING
02:56:38.355 [qtp961160488-18] DEBUG org.eclipse.jetty.util.thread.ReservedThreadExecutor - ReservedThreadExecutor@383bfa16{reserved=1/8,pending=0} tryExecute EatWhatYouKill@6404f418/SelectorProducer@3e11f9e9/PRODUCING/p=false/QueuedThreadPool[qtp961160488]@394a2528{STARTED,8<=8<=200,i=2,r=-1,q=0}[ReservedThreadExecutor@383bfa16{reserved=1/8,pending=0}][pc=0,pic=0,pec=0,epc=0]@2024-05-02T02:56:38.355+01:00
02:56:38.355 [qtp961160488-18] DEBUG org.eclipse.jetty.util.thread.ReservedThreadExecutor - ReservedThreadExecutor@383bfa16{reserved=0/8,pending=1} startReservedThread p=1
02:56:38.355 [qtp961160488-18] DEBUG org.eclipse.jetty.util.thread.QueuedThreadPool - queue ReservedThread@168413f9{PENDING,thread=null} startThread=0
02:56:38.355 [qtp961160488-17] DEBUG org.eclipse.jetty.util.thread.QueuedThreadPool - run ReservedThread@168413f9{PENDING,thread=null} in QueuedThreadPool[qtp961160488]@394a2528{STARTED,8<=8<=200,i=1,r=-1,q=0}[ReservedThreadExecutor@383bfa16{reserved=0/8,pending=1}]
02:56:38.355 [qtp961160488-17] DEBUG org.eclipse.jetty.util.thread.ReservedThreadExecutor - ReservedThread@168413f9{PENDING,thread=Thread[qtp961160488-17,5,main]} was=PENDING next=RESERVED size=0+1 capacity=8
02:56:38.355 [qtp961160488-17] DEBUG org.eclipse.jetty.util.thread.ReservedThreadExecutor - ReservedThread@168413f9{RESERVED,thread=Thread[qtp961160488-17,5,main]} waiting ReservedThreadExecutor@383bfa16{reserved=1/8,pending=0}
02:56:38.356 [qtp961160488-18] DEBUG org.eclipse.jetty.util.thread.strategy.EatWhatYouKill - EatWhatYouKill@6404f418/SelectorProducer@3e11f9e9/IDLE/p=true/QueuedThreadPool[qtp961160488]@394a2528{STARTED,8<=8<=200,i=1,r=-1,q=0}[ReservedThreadExecutor@383bfa16{reserved=1/8,pending=0}][pc=0,pic=0,pec=0,epc=0]@2024-05-02T02:56:38.356+01:00 m=EXECUTE_PRODUCE_CONSUME t=CEP:SocketChannelEndPoint@3f12bdb3{l=/127.0.0.1:45451,r=/127.0.0.1:51792,OPEN,fill=FI,flush=-,to=2/3000}{io=1/0,kio=1,kro=1}->HttpConnection@9f79430[p=HttpParser{s=START,0 of -1},g=HttpGenerator@fafedf4{s=START}]=>HttpChannelOverHttp@435def8f{s=HttpChannelState@2b26d5af{s=IDLE rs=BLOCKING os=OPEN is=IDLE awp=false se=false i=true al=0},r=0,c=false/false,a=IDLE,uri=null,age=0}:runFillable:BLOCKING/BLOCKING
02:56:38.355 [qtp961160488-21] DEBUG org.eclipse.jetty.util.thread.ReservedThreadExecutor - ReservedThread@799237d1{RESERVED,thread=Thread[qtp961160488-21,5,main]} task=EatWhatYouKill@6404f418/SelectorProducer@3e11f9e9/IDLE/p=true/QueuedThreadPool[qtp961160488]@394a2528{STARTED,8<=8<=200,i=1,r=-1,q=0}[ReservedThreadExecutor@383bfa16{reserved=0/8,pending=1}][pc=0,pic=0,pec=0,epc=0]@2024-05-02T02:56:38.355+01:00 ReservedThreadExecutor@383bfa16{reserved=1/8,pending=0}
02:56:38.356 [qtp961160488-18] DEBUG org.eclipse.jetty.io.FillInterest - fillable FillInterest@12b9ca03{AC.ReadCB@9f79430{HttpConnection@9f79430::SocketChannelEndPoint@3f12bdb3{l=/127.0.0.1:45451,r=/127.0.0.1:51792,OPEN,fill=FI,flush=-,to=2/3000}{io=1/0,kio=1,kro=1}->HttpConnection@9f79430[p=HttpParser{s=START,0 of -1},g=HttpGenerator@fafedf4{s=START}]=>HttpChannelOverHttp@435def8f{s=HttpChannelState@2b26d5af{s=IDLE rs=BLOCKING os=OPEN is=IDLE awp=false se=false i=true al=0},r=0,c=false/false,a=IDLE,uri=null,age=0}}}
02:56:38.356 [qtp961160488-21] DEBUG org.eclipse.jetty.util.thread.strategy.EatWhatYouKill - EatWhatYouKill@6404f418/SelectorProducer@3e11f9e9/IDLE/p=true/QueuedThreadPool[qtp961160488]@394a2528{STARTED,8<=8<=200,i=1,r=-1,q=0}[ReservedThreadExecutor@383bfa16{reserved=1/8,pending=0}][pc=0,pic=0,pec=0,epc=1]@2024-05-02T02:56:38.356+01:00 tryProduce true
02:56:38.356 [qtp961160488-21] DEBUG org.eclipse.jetty.io.ManagedSelector - updateable 0
02:56:38.356 [qtp961160488-21] DEBUG org.eclipse.jetty.io.ManagedSelector - updates 0
02:56:38.356 [qtp961160488-18] DEBUG org.eclipse.jetty.server.HttpConnection - HttpConnection@9f79430::SocketChannelEndPoint@3f12bdb3{l=/127.0.0.1:45451,r=/127.0.0.1:51792,OPEN,fill=-,flush=-,to=2/3000}{io=1/0,kio=1,kro=1}->HttpConnection@9f79430[p=HttpParser{s=START,0 of -1},g=HttpGenerator@fafedf4{s=START}]=>HttpChannelOverHttp@435def8f{s=HttpChannelState@2b26d5af{s=IDLE rs=BLOCKING os=OPEN is=IDLE awp=false se=false i=true al=0},r=0,c=false/false,a=IDLE,uri=null,age=0} onFillable enter HttpChannelState@2b26d5af{s=IDLE rs=BLOCKING os=OPEN is=IDLE awp=false se=false i=true al=0} null
02:56:38.356 [qtp961160488-18] DEBUG org.eclipse.jetty.io.ChannelEndPoint - filled 115 HeapByteBuffer@301bd4e3[p=0,l=115,c=8192,r=115]={<<<GET / HTTP/1.1\r\nHost: loc...gent: okhttp/3.12.3\r\n\r\n>>>er-Agent:...\x00\x00\x00\x00\x00\x00\x00}
02:56:38.356 [qtp961160488-21] DEBUG org.eclipse.jetty.io.ChannelEndPoint - Key interests updated 1 -> 0 on SocketChannelEndPoint@3f12bdb3{l=/127.0.0.1:45451,r=/127.0.0.1:51792,OPEN,fill=-,flush=-,to=2/3000}{io=0/0,kio=0,kro=1}->HttpConnection@9f79430[p=HttpParser{s=START,0 of -1},g=HttpGenerator@fafedf4{s=START}]=>HttpChannelOverHttp@435def8f{s=HttpChannelState@2b26d5af{s=IDLE rs=BLOCKING os=OPEN is=IDLE awp=false se=false i=true al=0},r=0,c=false/false,a=IDLE,uri=null,age=0}
02:56:38.356 [qtp961160488-21] DEBUG org.eclipse.jetty.io.ManagedSelector - Selector sun.nio.ch.EPollSelectorImpl@1c7c7889 waiting with 1 keys
02:56:38.357 [qtp961160488-18] DEBUG org.eclipse.jetty.server.HttpConnection - HttpConnection@9f79430::SocketChannelEndPoint@3f12bdb3{l=/127.0.0.1:45451,r=/127.0.0.1:51792,OPEN,fill=-,flush=-,to=0/3000}{io=0/0,kio=0,kro=1}->HttpConnection@9f79430[p=HttpParser{s=START,0 of -1},g=HttpGenerator@fafedf4{s=START}]=>HttpChannelOverHttp@435def8f{s=HttpChannelState@2b26d5af{s=IDLE rs=BLOCKING os=OPEN is=IDLE awp=false se=false i=true al=0},r=0,c=false/false,a=IDLE,uri=null,age=0} filled 115 HeapByteBuffer@301bd4e3[p=0,l=115,c=8192,r=115]={<<<GET / HTTP/1.1\r\nHost: loc...gent: okhttp/3.12.3\r\n\r\n>>>er-Agent:...\x00\x00\x00\x00\x00\x00\x00}
02:56:38.357 [qtp961160488-18] DEBUG org.eclipse.jetty.server.HttpConnection - HttpConnection@9f79430::SocketChannelEndPoint@3f12bdb3{l=/127.0.0.1:45451,r=/127.0.0.1:51792,OPEN,fill=-,flush=-,to=0/3000}{io=0/0,kio=0,kro=1}->HttpConnection@9f79430[p=HttpParser{s=START,0 of -1},g=HttpGenerator@fafedf4{s=START}]=>HttpChannelOverHttp@435def8f{s=HttpChannelState@2b26d5af{s=IDLE rs=BLOCKING os=OPEN is=IDLE awp=false se=false i=true al=0},r=0,c=false/false,a=IDLE,uri=null,age=0} parse HeapByteBuffer@301bd4e3[p=0,l=115,c=8192,r=115]={<<<GET / HTTP/1.1\r\nHost: loc...gent: okhttp/3.12.3\r\n\r\n>>>er-Agent:...\x00\x00\x00\x00\x00\x00\x00} {}
02:56:38.357 [qtp961160488-18] DEBUG org.eclipse.jetty.http.HttpParser - parseNext s=START HeapByteBuffer@301bd4e3[p=0,l=115,c=8192,r=115]={<<<GET / HTTP/1.1\r\nHost: loc...gent: okhttp/3.12.3\r\n\r\n>>>er-Agent:...\x00\x00\x00\x00\x00\x00\x00}
02:56:38.357 [qtp961160488-18] DEBUG org.eclipse.jetty.http.HttpParser - START --> SPACE1
02:56:38.357 [qtp961160488-18] DEBUG org.eclipse.jetty.http.HttpParser - SPACE1 --> URI
02:56:38.357 [qtp961160488-18] DEBUG org.eclipse.jetty.http.HttpParser - URI --> SPACE2
02:56:38.357 [qtp961160488-18] DEBUG org.eclipse.jetty.http.HttpParser - SPACE2 --> REQUEST_VERSION
02:56:38.357 [qtp961160488-18] DEBUG org.eclipse.jetty.http.HttpParser - REQUEST_VERSION --> HEADER
02:56:38.357 [qtp961160488-18] DEBUG org.eclipse.jetty.http.HttpParser - HEADER:Host --> VALUE
02:56:38.357 [qtp961160488-18] DEBUG org.eclipse.jetty.http.HttpParser - HEADER:Host --> IN_VALUE
02:56:38.357 [qtp961160488-18] DEBUG org.eclipse.jetty.http.HttpParser - HEADER:Host --> FIELD
02:56:38.357 [qtp961160488-18] DEBUG org.eclipse.jetty.http.HttpParser - HEADER:Connection: keep-alive --> IN_VALUE
02:56:38.357 [qtp961160488-18] DEBUG org.eclipse.jetty.http.HttpParser - HEADER:Connection: keep-alive --> FIELD
02:56:38.357 [qtp961160488-18] DEBUG org.eclipse.jetty.http.HttpParser - HEADER:Accept-Encoding: gzip --> IN_VALUE
02:56:38.357 [qtp961160488-18] DEBUG org.eclipse.jetty.http.HttpParser - HEADER:Accept-Encoding: gzip --> FIELD
02:56:38.357 [qtp961160488-18] DEBUG org.eclipse.jetty.http.HttpParser - HEADER:User-Agent --> VALUE
02:56:38.357 [qtp961160488-18] DEBUG org.eclipse.jetty.http.HttpParser - HEADER:User-Agent --> IN_VALUE
02:56:38.357 [qtp961160488-18] DEBUG org.eclipse.jetty.http.HttpParser - HEADER:User-Agent --> FIELD
02:56:38.357 [qtp961160488-18] DEBUG org.eclipse.jetty.http.HttpParser - HEADER --> CONTENT
02:56:38.357 [qtp961160488-18] DEBUG org.eclipse.jetty.server.HttpChannel - REQUEST for //localhost:45451/ on HttpChannelOverHttp@435def8f{s=HttpChannelState@2b26d5af{s=IDLE rs=BLOCKING os=OPEN is=IDLE awp=false se=false i=true al=0},r=1,c=false/false,a=IDLE,uri=//localhost:45451/,age=0}
GET //localhost:45451/ HTTP/1.1
Host: localhost:45451
Connection: keep-alive
Accept-Encoding: gzip
User-Agent: okhttp/3.12.3


02:56:38.358 [qtp961160488-18] DEBUG org.eclipse.jetty.server.HttpConnection - HttpConnection@9f79430::SocketChannelEndPoint@3f12bdb3{l=/127.0.0.1:45451,r=/127.0.0.1:51792,OPEN,fill=-,flush=-,to=1/3000}{io=0/0,kio=0,kro=1}->HttpConnection@9f79430[p=HttpParser{s=CONTENT,0 of -1},g=HttpGenerator@fafedf4{s=START}]=>HttpChannelOverHttp@435def8f{s=HttpChannelState@2b26d5af{s=IDLE rs=BLOCKING os=OPEN is=IDLE awp=false se=false i=true al=0},r=1,c=false/false,a=IDLE,uri=//localhost:45451/,age=0} parsed true HttpParser{s=CONTENT,0 of -1}
02:56:38.358 [qtp961160488-18] DEBUG org.eclipse.jetty.server.HttpConnection - releaseRequestBuffer HttpConnection@9f79430::SocketChannelEndPoint@3f12bdb3{l=/127.0.0.1:45451,r=/127.0.0.1:51792,OPEN,fill=-,flush=-,to=1/3000}{io=0/0,kio=0,kro=1}->HttpConnection@9f79430[p=HttpParser{s=CONTENT,0 of -1},g=HttpGenerator@fafedf4{s=START}]=>HttpChannelOverHttp@435def8f{s=HttpChannelState@2b26d5af{s=IDLE rs=BLOCKING os=OPEN is=IDLE awp=false se=false i=true al=0},r=1,c=false/false,a=IDLE,uri=//localhost:45451/,age=1}
02:56:38.358 [qtp961160488-18] DEBUG org.eclipse.jetty.server.HttpChannel - handle //localhost:45451/ HttpChannelOverHttp@435def8f{s=HttpChannelState@2b26d5af{s=IDLE rs=BLOCKING os=OPEN is=IDLE awp=false se=false i=true al=0},r=1,c=false/false,a=IDLE,uri=//localhost:45451/,age=1} 
02:56:38.358 [qtp961160488-18] DEBUG org.eclipse.jetty.server.HttpChannelState - handling HttpChannelState@2b26d5af{s=IDLE rs=BLOCKING os=OPEN is=IDLE awp=false se=false i=true al=0}
02:56:38.358 [qtp961160488-18] DEBUG org.eclipse.jetty.server.HttpChannel - action DISPATCH HttpChannelOverHttp@435def8f{s=HttpChannelState@2b26d5af{s=HANDLING rs=BLOCKING os=OPEN is=IDLE awp=false se=false i=true al=0},r=1,c=false/false,a=HANDLING,uri=//localhost:45451/,age=1}
02:56:38.358 [qtp961160488-18] DEBUG org.eclipse.jetty.server.Server - REQUEST GET / on HttpChannelOverHttp@435def8f{s=HttpChannelState@2b26d5af{s=HANDLING rs=BLOCKING os=OPEN is=IDLE awp=false se=false i=true al=0},r=1,c=false/false,a=HANDLING,uri=//localhost:45451/,age=1}
02:56:38.358 [qtp961160488-18] DEBUG org.eclipse.jetty.server.HttpOutput - write(array HeapByteBuffer@53869f4d[p=0,l=4,c=512,r=4]={<<<test>>>\x00\x00\x00\x00\x00\x00\x00\x00\x00...\x00\x00\x00\x00\x00\x00\x00})
02:56:38.358 [qtp961160488-18] DEBUG org.eclipse.jetty.server.HttpOutput - write(array) s=CLOSING,api=BLOCKED,sc=false,e=null last=true agg=false flush=true async=false, len=4 null
02:56:38.358 [qtp961160488-18] DEBUG org.eclipse.jetty.server.HttpChannel - sendResponse info=null content=HeapByteBuffer@2c411d84[p=0,l=4,c=512,r=4]={<<<test>>>\x00\x00\x00\x00\x00\x00\x00\x00\x00...\x00\x00\x00\x00\x00\x00\x00} complete=true committing=true callback=Blocker@629f2d5f{null}
02:56:38.358 [qtp961160488-18] DEBUG org.eclipse.jetty.server.HttpChannel - COMMIT for / on HttpChannelOverHttp@435def8f{s=HttpChannelState@2b26d5af{s=HANDLING rs=BLOCKING os=COMMITTED is=IDLE awp=false se=false i=true al=0},r=1,c=false/false,a=HANDLING,uri=//localhost:45451/,age=1}
200 null HTTP/1.1
Date: Thu, 02 May 2024 01:56:38 GMT
ETag: testEtag
Content-Type: text/plain;charset=utf-8
Content-Length: 4


02:56:38.358 [qtp961160488-18] DEBUG org.eclipse.jetty.server.HttpConnection - generate: NEED_HEADER for SendCallback@54b2f12e[PROCESSING][i=HTTP/1.1{s=200,h=4,cl=4},cb=org.eclipse.jetty.server.HttpChannel$SendCallback@33a96002] (null,[p=0,l=4,c=512,r=4],true)@START
02:56:38.359 [qtp961160488-18] DEBUG org.eclipse.jetty.http.HttpGenerator - generateHeaders HTTP/1.1{s=200,h=4,cl=4} last=true content=HeapByteBuffer@2c411d84[p=0,l=4,c=512,r=4]={<<<test>>>\x00\x00\x00\x00\x00\x00\x00\x00\x00...\x00\x00\x00\x00\x00\x00\x00}
02:56:38.359 [qtp961160488-18] DEBUG org.eclipse.jetty.http.HttpGenerator - Date: Thu, 02 May 2024 01:56:38 GMT
ETag: testEtag
Content-Type: text/plain;charset=utf-8
Content-Length: 4


02:56:38.359 [qtp961160488-18] DEBUG org.eclipse.jetty.http.HttpGenerator - CONTENT_LENGTH
02:56:38.359 [qtp961160488-18] DEBUG org.eclipse.jetty.server.HttpConnection - generate: FLUSH for SendCallback@54b2f12e[PROCESSING][i=HTTP/1.1{s=200,h=4,cl=4},cb=org.eclipse.jetty.server.HttpChannel$SendCallback@33a96002] ([p=0,l=164,c=8192,r=164],[p=0,l=4,c=512,r=4],true)@COMPLETING
02:56:38.359 [qtp961160488-18] DEBUG org.eclipse.jetty.io.WriteFlusher - write: WriteFlusher@1720e6ce{IDLE}->null [HeapByteBuffer@301bd4e3[p=0,l=164,c=8192,r=164]={<<<HTTP/1.1 200 OK\r\nDate: Th...y(9.4.44.v20210927)\r\n\r\n>>>\x00\x00\x00\x00\x00\x00\x00\x00\x00...\x00\x00\x00\x00\x00\x00\x00},HeapByteBuffer@2c411d84[p=0,l=4,c=512,r=4]={<<<test>>>\x00\x00\x00\x00\x00\x00\x00\x00\x00...\x00\x00\x00\x00\x00\x00\x00}]
02:56:38.359 [qtp961160488-18] DEBUG org.eclipse.jetty.io.WriteFlusher - update WriteFlusher@1720e6ce{WRITING}->null:IDLE-->WRITING
02:56:38.359 [main] DEBUG org.apache.nifi.minifi.bootstrap.configuration.ingestors.PullHttpChangeIngestor - Response received: Response{protocol=http/1.1, code=200, message=OK, url=http://localhost:45451/}
02:56:38.359 [qtp961160488-18] DEBUG org.eclipse.jetty.io.ChannelEndPoint - flushed 168 SocketChannelEndPoint@3f12bdb3{l=/127.0.0.1:45451,r=/127.0.0.1:51792,OPEN,fill=-,flush=W,to=2/3000}{io=0/0,kio=0,kro=1}->HttpConnection@9f79430[p=HttpParser{s=CONTENT,0 of -1},g=HttpGenerator@fafedf4{s=COMPLETING}]=>HttpChannelOverHttp@435def8f{s=HttpChannelState@2b26d5af{s=HANDLING rs=BLOCKING os=COMMITTED is=IDLE awp=false se=false i=true al=0},r=1,c=false/false,a=HANDLING,uri=//localhost:45451/,age=2}
02:56:38.359 [qtp961160488-18] DEBUG org.eclipse.jetty.io.WriteFlusher - Flushed=true written=168 remaining=0 WriteFlusher@1720e6ce{WRITING}->null
02:56:38.359 [qtp961160488-18] DEBUG org.eclipse.jetty.io.WriteFlusher - update WriteFlusher@1720e6ce{IDLE}->null:WRITING-->IDLE
02:56:38.359 [main] DEBUG org.apache.nifi.minifi.bootstrap.configuration.ingestors.PullHttpChangeIngestor - New change received, notifying listener
02:56:38.359 [qtp961160488-18] DEBUG org.eclipse.jetty.server.HttpConnection - generate: DONE for SendCallback@54b2f12e[PROCESSING][i=HTTP/1.1{s=200,h=4,cl=4},cb=org.eclipse.jetty.server.HttpChannel$SendCallback@33a96002] ([p=164,l=164,c=8192,r=0],[p=4,l=4,c=512,r=0],true)@END
02:56:38.359 [main] DEBUG org.apache.nifi.minifi.bootstrap.configuration.ingestors.PullHttpChangeIngestor - Listeners notified
02:56:38.359 [qtp961160488-18] DEBUG org.eclipse.jetty.server.HttpOutput - onWriteComplete(true,null) s=CLOSING,api=BLOCKED,sc=false,e=null->s=CLOSED,api=BLOCKING,sc=false,e=null c=null cb=null w=false
02:56:38.359 [qtp961160488-18] DEBUG org.eclipse.jetty.server.HttpOutput - close() s=CLOSED,api=BLOCKING,sc=false,e=null c=null b=null
02:56:38.360 [qtp961160488-18] DEBUG org.eclipse.jetty.server.Server - handled=true async=false committed=true on HttpChannelOverHttp@435def8f{s=HttpChannelState@2b26d5af{s=HANDLING rs=BLOCKING os=COMPLETED is=IDLE awp=false se=false i=true al=0},r=1,c=false/true,a=HANDLING,uri=//localhost:45451/,age=3}
02:56:38.360 [qtp961160488-18] DEBUG org.eclipse.jetty.server.HttpChannelState - unhandle HttpChannelState@2b26d5af{s=HANDLING rs=BLOCKING os=COMPLETED is=IDLE awp=false se=false i=true al=0}
]]></system-out>
  </testcase>
  <testcase name="testUseEtagWithPath" classname="org.apache.nifi.minifi.bootstrap.configuration.ingestors.PullHttpChangeIngestorTest" time="0.023">
    <system-out><![CDATA[02:56:38.360 [qtp961160488-18] DEBUG org.eclipse.jetty.server.HttpChannelState - nextAction(false) COMPLETE HttpChannelState@2b26d5af{s=HANDLING rs=COMPLETING os=COMPLETED is=IDLE awp=false se=false i=false al=0}
02:56:38.362 [qtp961160488-18] DEBUG org.eclipse.jetty.server.HttpChannel - action COMPLETE HttpChannelOverHttp@435def8f{s=HttpChannelState@2b26d5af{s=HANDLING rs=COMPLETING os=COMPLETED is=IDLE awp=false se=false i=false al=0},r=1,c=false/true,a=HANDLING,uri=//localhost:45451/,age=4}
02:56:38.362 [qtp961160488-18] DEBUG org.eclipse.jetty.server.HttpOutput - complete(org.eclipse.jetty.util.Callback$3@cced4a0) s=CLOSED,api=BLOCKING,sc=false,e=null s=true e=null, c=null
02:56:38.362 [qtp961160488-18] DEBUG org.eclipse.jetty.server.HttpChannelState - completed HttpChannelState@2b26d5af{s=HANDLING rs=COMPLETING os=COMPLETED is=IDLE awp=false se=false i=false al=0}
02:56:38.362 [qtp961160488-18] DEBUG org.eclipse.jetty.server.HttpChannelState - unhandle HttpChannelState@2b26d5af{s=HANDLING rs=COMPLETED os=COMPLETED is=IDLE awp=false se=false i=false al=0}
02:56:38.362 [qtp961160488-18] DEBUG org.eclipse.jetty.server.HttpChannelState - nextAction(false) TERMINATED HttpChannelState@2b26d5af{s=IDLE rs=COMPLETED os=COMPLETED is=IDLE awp=false se=false i=false al=0}
02:56:38.362 [qtp961160488-18] DEBUG org.eclipse.jetty.server.HttpChannel - action TERMINATED HttpChannelOverHttp@435def8f{s=HttpChannelState@2b26d5af{s=IDLE rs=COMPLETED os=COMPLETED is=IDLE awp=false se=false i=false al=0},r=1,c=true/true,a=IDLE,uri=//localhost:45451/,age=5}
02:56:38.362 [qtp961160488-18] DEBUG org.eclipse.jetty.server.HttpChannel - onCompleted for / written=4
02:56:38.362 [qtp961160488-18] DEBUG org.eclipse.jetty.io.ChannelEndPoint - filled 0 HeapByteBuffer@301bd4e3[p=0,l=0,c=8192,r=0]={<<<>>>HTTP/1.1 ...\x00\x00\x00\x00\x00\x00\x00}
02:56:38.362 [qtp961160488-18] DEBUG org.eclipse.jetty.io.ChannelEndPoint - filled 0 HeapByteBuffer@301bd4e3[p=0,l=0,c=8192,r=0]={<<<>>>HTTP/1.1 ...\x00\x00\x00\x00\x00\x00\x00}
02:56:38.362 [qtp961160488-18] DEBUG org.eclipse.jetty.server.HttpConnection - HttpConnection@9f79430::SocketChannelEndPoint@3f12bdb3{l=/127.0.0.1:45451,r=/127.0.0.1:51792,OPEN,fill=-,flush=-,to=2/3000}{io=0/0,kio=0,kro=1}->HttpConnection@9f79430[p=HttpParser{s=CONTENT,0 of -1},g=HttpGenerator@fafedf4{s=END}]=>HttpChannelOverHttp@435def8f{s=HttpChannelState@2b26d5af{s=IDLE rs=COMPLETED os=COMPLETED is=IDLE awp=false se=false i=false al=0},r=1,c=true/true,a=IDLE,uri=//localhost:45451/,age=5} filled 0 HeapByteBuffer@301bd4e3[p=0,l=0,c=8192,r=0]={<<<>>>HTTP/1.1 ...\x00\x00\x00\x00\x00\x00\x00}
02:56:38.363 [qtp961160488-18] DEBUG org.eclipse.jetty.server.HttpConnection - HttpConnection@9f79430::SocketChannelEndPoint@3f12bdb3{l=/127.0.0.1:45451,r=/127.0.0.1:51792,OPEN,fill=-,flush=-,to=3/3000}{io=0/0,kio=0,kro=1}->HttpConnection@9f79430[p=HttpParser{s=CONTENT,0 of -1},g=HttpGenerator@fafedf4{s=END}]=>HttpChannelOverHttp@435def8f{s=HttpChannelState@2b26d5af{s=IDLE rs=COMPLETED os=COMPLETED is=IDLE awp=false se=false i=false al=0},r=1,c=true/true,a=IDLE,uri=//localhost:45451/,age=5} parse HeapByteBuffer@301bd4e3[p=0,l=0,c=8192,r=0]={<<<>>>HTTP/1.1 ...\x00\x00\x00\x00\x00\x00\x00} {}
02:56:38.363 [qtp961160488-18] DEBUG org.eclipse.jetty.http.HttpParser - parseNext s=CONTENT HeapByteBuffer@301bd4e3[p=0,l=0,c=8192,r=0]={<<<>>>HTTP/1.1 ...\x00\x00\x00\x00\x00\x00\x00}
02:56:38.363 [qtp961160488-18] DEBUG org.eclipse.jetty.http.HttpParser - CONTENT --> CONTENT_END
02:56:38.363 [qtp961160488-18] DEBUG org.eclipse.jetty.server.HttpChannel - onContentComplete HttpChannelOverHttp@435def8f{s=HttpChannelState@2b26d5af{s=IDLE rs=COMPLETED os=COMPLETED is=IDLE awp=false se=false i=false al=0},r=1,c=true/true,a=IDLE,uri=//localhost:45451/,age=6}
02:56:38.363 [qtp961160488-18] DEBUG org.eclipse.jetty.http.HttpParser - CONTENT_END --> END
02:56:38.363 [main] DEBUG org.apache.nifi.minifi.bootstrap.configuration.ingestors.PullHttpChangeIngestor - Attempting to pull new config
02:56:38.363 [qtp961160488-18] DEBUG org.eclipse.jetty.server.HttpChannel - onRequestComplete HttpChannelOverHttp@435def8f{s=HttpChannelState@2b26d5af{s=IDLE rs=COMPLETED os=COMPLETED is=IDLE awp=false se=false i=false al=0},r=1,c=true/true,a=IDLE,uri=//localhost:45451/,age=6}
02:56:38.363 [qtp961160488-18] DEBUG org.eclipse.jetty.server.HttpInput - HttpInputOverHTTP@4fb67f96[c=0,q=0,[0]=null,s=STREAM] addContent EOF
02:56:38.363 [qtp961160488-18] DEBUG org.eclipse.jetty.server.HttpConnection - HttpConnection@9f79430::SocketChannelEndPoint@3f12bdb3{l=/127.0.0.1:45451,r=/127.0.0.1:51792,OPEN,fill=-,flush=-,to=3/3000}{io=0/0,kio=0,kro=1}->HttpConnection@9f79430[p=HttpParser{s=END,0 of -1},g=HttpGenerator@fafedf4{s=END}]=>HttpChannelOverHttp@435def8f{s=HttpChannelState@2b26d5af{s=IDLE rs=COMPLETED os=COMPLETED is=IDLE awp=false se=false i=false al=0},r=1,c=true/true,a=IDLE,uri=//localhost:45451/,age=6} parsed false HttpParser{s=END,0 of -1}
02:56:38.363 [qtp961160488-18] DEBUG org.eclipse.jetty.server.HttpConnection - releaseRequestBuffer HttpConnection@9f79430::SocketChannelEndPoint@3f12bdb3{l=/127.0.0.1:45451,r=/127.0.0.1:51792,OPEN,fill=-,flush=-,to=3/3000}{io=0/0,kio=0,kro=1}->HttpConnection@9f79430[p=HttpParser{s=END,0 of -1},g=HttpGenerator@fafedf4{s=END}]=>HttpChannelOverHttp@435def8f{s=HttpChannelState@2b26d5af{s=IDLE rs=COMPLETED os=COMPLETED is=IDLE awp=false se=false i=false al=0},r=1,c=true/true,a=IDLE,uri=//localhost:45451/,age=6}
02:56:38.363 [qtp961160488-18] DEBUG org.eclipse.jetty.server.HttpChannelState - recycle HttpChannelState@2b26d5af{s=IDLE rs=COMPLETED os=COMPLETED is=IDLE awp=false se=false i=false al=0}
02:56:38.363 [qtp961160488-18] DEBUG org.eclipse.jetty.http.HttpParser - reset HttpParser{s=END,0 of -1}
02:56:38.363 [qtp961160488-19-acceptor-0@1e1a0406-ServerConnector@446293d{HTTP/1.1, (http/1.1)}{localhost:45451}] DEBUG org.eclipse.jetty.io.ManagedSelector - Queued change lazy=false Accept@193a0b4[java.nio.channels.SocketChannel[connected local=/127.0.0.1:45451 remote=/127.0.0.1:51796]] on ManagedSelector@194bcebf{STARTED} id=0 keys=0 selected=0 updates=0
02:56:38.363 [qtp961160488-18] DEBUG org.eclipse.jetty.http.HttpParser - END --> START
02:56:38.363 [qtp961160488-19-acceptor-0@1e1a0406-ServerConnector@446293d{HTTP/1.1, (http/1.1)}{localhost:45451}] DEBUG org.eclipse.jetty.io.ManagedSelector - Wakeup on submit ManagedSelector@194bcebf{STARTED} id=0 keys=0 selected=0 updates=1
02:56:38.363 [qtp961160488-18] DEBUG org.eclipse.jetty.server.HttpChannel - !handle TERMINATED HttpChannelOverHttp@435def8f{s=HttpChannelState@2b26d5af{s=IDLE rs=BLOCKING os=OPEN is=IDLE awp=false se=false i=true al=0},r=1,c=false/false,a=IDLE,uri=null,age=0}
02:56:38.363 [qtp961160488-15] DEBUG org.eclipse.jetty.io.ManagedSelector - Selector sun.nio.ch.EPollSelectorImpl@33589807 woken with none selected
02:56:38.363 [qtp961160488-15] DEBUG org.eclipse.jetty.io.ManagedSelector - Selector sun.nio.ch.EPollSelectorImpl@33589807 woken up from select, 0/0/0 selected
02:56:38.363 [qtp961160488-18] DEBUG org.eclipse.jetty.io.ChannelEndPoint - filled 0 HeapByteBuffer@301bd4e3[p=0,l=0,c=8192,r=0]={<<<>>>HTTP/1.1 ...\x00\x00\x00\x00\x00\x00\x00}
02:56:38.363 [qtp961160488-15] DEBUG org.eclipse.jetty.io.ManagedSelector - Selector sun.nio.ch.EPollSelectorImpl@33589807 processing 0 keys, 1 updates
02:56:38.364 [qtp961160488-15] DEBUG org.eclipse.jetty.io.ManagedSelector - updateable 1
02:56:38.364 [qtp961160488-18] DEBUG org.eclipse.jetty.io.ChannelEndPoint - filled 0 HeapByteBuffer@301bd4e3[p=0,l=0,c=8192,r=0]={<<<>>>HTTP/1.1 ...\x00\x00\x00\x00\x00\x00\x00}
02:56:38.364 [qtp961160488-15] DEBUG org.eclipse.jetty.io.ManagedSelector - update Accept@193a0b4[java.nio.channels.SocketChannel[connected local=/127.0.0.1:45451 remote=/127.0.0.1:51796]]
02:56:38.364 [qtp961160488-15] DEBUG org.eclipse.jetty.util.thread.QueuedThreadPool - queue Accept@193a0b4[java.nio.channels.SocketChannel[connected local=/127.0.0.1:45451 remote=/127.0.0.1:51796]] startThread=0
02:56:38.364 [qtp961160488-15] DEBUG org.eclipse.jetty.io.ManagedSelector - updates 0
02:56:38.364 [qtp961160488-18] DEBUG org.eclipse.jetty.server.HttpConnection - HttpConnection@9f79430::SocketChannelEndPoint@3f12bdb3{l=/127.0.0.1:45451,r=/127.0.0.1:51792,OPEN,fill=-,flush=-,to=4/3000}{io=0/0,kio=0,kro=1}->HttpConnection@9f79430[p=HttpParser{s=START,0 of -1},g=HttpGenerator@fafedf4{s=START}]=>HttpChannelOverHttp@435def8f{s=HttpChannelState@2b26d5af{s=IDLE rs=BLOCKING os=OPEN is=IDLE awp=false se=false i=true al=0},r=1,c=false/false,a=IDLE,uri=null,age=0} filled 0 HeapByteBuffer@301bd4e3[p=0,l=0,c=8192,r=0]={<<<>>>HTTP/1.1 ...\x00\x00\x00\x00\x00\x00\x00}
02:56:38.364 [qtp961160488-15] DEBUG org.eclipse.jetty.io.ManagedSelector - Selector sun.nio.ch.EPollSelectorImpl@33589807 waiting with 1 keys
02:56:38.364 [qtp961160488-20] DEBUG org.eclipse.jetty.util.thread.QueuedThreadPool - run Accept@193a0b4[java.nio.channels.SocketChannel[connected local=/127.0.0.1:45451 remote=/127.0.0.1:51796]] in QueuedThreadPool[qtp961160488]@394a2528{STARTED,8<=8<=200,i=0,r=-1,q=0}[ReservedThreadExecutor@383bfa16{reserved=1/8,pending=0}]
02:56:38.364 [qtp961160488-18] DEBUG org.eclipse.jetty.server.HttpConnection - HttpConnection@9f79430::SocketChannelEndPoint@3f12bdb3{l=/127.0.0.1:45451,r=/127.0.0.1:51792,OPEN,fill=-,flush=-,to=4/3000}{io=0/0,kio=0,kro=1}->HttpConnection@9f79430[p=HttpParser{s=START,0 of -1},g=HttpGenerator@fafedf4{s=START}]=>HttpChannelOverHttp@435def8f{s=HttpChannelState@2b26d5af{s=IDLE rs=BLOCKING os=OPEN is=IDLE awp=false se=false i=true al=0},r=1,c=false/false,a=IDLE,uri=null,age=0} parse HeapByteBuffer@301bd4e3[p=0,l=0,c=8192,r=0]={<<<>>>HTTP/1.1 ...\x00\x00\x00\x00\x00\x00\x00} {}
02:56:38.364 [qtp961160488-20] DEBUG org.eclipse.jetty.io.IdleTimeout - SocketChannelEndPoint@16b54f8c{l=/127.0.0.1:45451,r=/127.0.0.1:51796,OPEN,fill=-,flush=-,to=0/3000}{io=0/0,kio=0,kro=0}-><null> idle timeout check, elapsed: 0 ms, remaining: 3000 ms
02:56:38.364 [qtp961160488-18] DEBUG org.eclipse.jetty.http.HttpParser - parseNext s=START HeapByteBuffer@301bd4e3[p=0,l=0,c=8192,r=0]={<<<>>>HTTP/1.1 ...\x00\x00\x00\x00\x00\x00\x00}
02:56:38.364 [qtp961160488-20] DEBUG org.eclipse.jetty.server.HttpChannel - new HttpChannelOverHttp@6605d0e3{s=HttpChannelState@3ab0f7f2{s=IDLE rs=BLOCKING os=OPEN is=IDLE awp=false se=false i=true al=0},r=0,c=false/false,a=IDLE,uri=null,age=0} -> SocketChannelEndPoint@16b54f8c{l=/127.0.0.1:45451,r=/127.0.0.1:51796,OPEN,fill=-,flush=-,to=0/3000}{io=0/0,kio=0,kro=0}-><null>,null,HttpChannelState@3ab0f7f2{s=IDLE rs=BLOCKING os=OPEN is=IDLE awp=false se=false i=true al=0}
02:56:38.364 [qtp961160488-20] DEBUG org.eclipse.jetty.server.HttpConnection - New HTTP Connection HttpConnection@49caf3ce::SocketChannelEndPoint@16b54f8c{l=/127.0.0.1:45451,r=/127.0.0.1:51796,OPEN,fill=-,flush=-,to=0/3000}{io=0/0,kio=0,kro=0}-><null>
02:56:38.364 [qtp961160488-20] DEBUG org.eclipse.jetty.io.ManagedSelector - Queued change lazy=true org.eclipse.jetty.io.ManagedSelector$$Lambda$258/269590367@753f0c54 on ManagedSelector@194bcebf{STARTED} id=0 keys=1 selected=0 updates=0
02:56:38.364 [qtp961160488-18] DEBUG org.eclipse.jetty.server.HttpConnection - HttpConnection@9f79430::SocketChannelEndPoint@3f12bdb3{l=/127.0.0.1:45451,r=/127.0.0.1:51792,OPEN,fill=-,flush=-,to=4/3000}{io=0/0,kio=0,kro=1}->HttpConnection@9f79430[p=HttpParser{s=START,0 of -1},g=HttpGenerator@fafedf4{s=START}]=>HttpChannelOverHttp@435def8f{s=HttpChannelState@2b26d5af{s=IDLE rs=BLOCKING os=OPEN is=IDLE awp=false se=false i=true al=0},r=1,c=false/false,a=IDLE,uri=null,age=0} parsed false HttpParser{s=START,0 of -1}
02:56:38.365 [qtp961160488-20] DEBUG org.eclipse.jetty.io.AbstractEndPoint - onOpen SocketChannelEndPoint@16b54f8c{l=/127.0.0.1:45451,r=/127.0.0.1:51796,OPEN,fill=-,flush=-,to=0/3000}{io=0/0,kio=0,kro=0}->HttpConnection@49caf3ce[p=HttpParser{s=START,0 of -1},g=HttpGenerator@3d7558d8{s=START}]=>HttpChannelOverHttp@6605d0e3{s=HttpChannelState@3ab0f7f2{s=IDLE rs=BLOCKING os=OPEN is=IDLE awp=false se=false i=true al=0},r=0,c=false/false,a=IDLE,uri=null,age=0}
02:56:38.365 [qtp961160488-18] DEBUG org.eclipse.jetty.server.HttpConnection - releaseRequestBuffer HttpConnection@9f79430::SocketChannelEndPoint@3f12bdb3{l=/127.0.0.1:45451,r=/127.0.0.1:51792,OPEN,fill=-,flush=-,to=5/3000}{io=0/0,kio=0,kro=1}->HttpConnection@9f79430[p=HttpParser{s=START,0 of -1},g=HttpGenerator@fafedf4{s=START}]=>HttpChannelOverHttp@435def8f{s=HttpChannelState@2b26d5af{s=IDLE rs=BLOCKING os=OPEN is=IDLE awp=false se=false i=true al=0},r=1,c=false/false,a=IDLE,uri=null,age=0}
02:56:38.365 [qtp961160488-20] DEBUG org.eclipse.jetty.io.AbstractConnection - onOpen HttpConnection@49caf3ce::SocketChannelEndPoint@16b54f8c{l=/127.0.0.1:45451,r=/127.0.0.1:51796,OPEN,fill=-,flush=-,to=0/3000}{io=0/0,kio=0,kro=0}->HttpConnection@49caf3ce[p=HttpParser{s=START,0 of -1},g=HttpGenerator@3d7558d8{s=START}]=>HttpChannelOverHttp@6605d0e3{s=HttpChannelState@3ab0f7f2{s=IDLE rs=BLOCKING os=OPEN is=IDLE awp=false se=false i=true al=0},r=0,c=false/false,a=IDLE,uri=null,age=0}
02:56:38.365 [qtp961160488-18] DEBUG org.eclipse.jetty.io.AbstractConnection - fillInterested HttpConnection@9f79430::SocketChannelEndPoint@3f12bdb3{l=/127.0.0.1:45451,r=/127.0.0.1:51792,OPEN,fill=-,flush=-,to=5/3000}{io=0/0,kio=0,kro=1}->HttpConnection@9f79430[p=HttpParser{s=START,0 of -1},g=HttpGenerator@fafedf4{s=START}]=>HttpChannelOverHttp@435def8f{s=HttpChannelState@2b26d5af{s=IDLE rs=BLOCKING os=OPEN is=IDLE awp=false se=false i=true al=0},r=1,c=false/false,a=IDLE,uri=null,age=0}
02:56:38.365 [qtp961160488-20] DEBUG org.eclipse.jetty.io.AbstractConnection - fillInterested HttpConnection@49caf3ce::SocketChannelEndPoint@16b54f8c{l=/127.0.0.1:45451,r=/127.0.0.1:51796,OPEN,fill=-,flush=-,to=0/3000}{io=0/0,kio=0,kro=0}->HttpConnection@49caf3ce[p=HttpParser{s=START,0 of -1},g=HttpGenerator@3d7558d8{s=START}]=>HttpChannelOverHttp@6605d0e3{s=HttpChannelState@3ab0f7f2{s=IDLE rs=BLOCKING os=OPEN is=IDLE awp=false se=false i=true al=0},r=0,c=false/false,a=IDLE,uri=null,age=0}
02:56:38.365 [qtp961160488-18] DEBUG org.eclipse.jetty.io.FillInterest - interested FillInterest@12b9ca03{AC.ReadCB@9f79430{HttpConnection@9f79430::SocketChannelEndPoint@3f12bdb3{l=/127.0.0.1:45451,r=/127.0.0.1:51792,OPEN,fill=FI,flush=-,to=0/3000}{io=0/0,kio=0,kro=1}->HttpConnection@9f79430[p=HttpParser{s=START,0 of -1},g=HttpGenerator@fafedf4{s=START}]=>HttpChannelOverHttp@435def8f{s=HttpChannelState@2b26d5af{s=IDLE rs=BLOCKING os=OPEN is=IDLE awp=false se=false i=true al=0},r=1,c=false/false,a=IDLE,uri=null,age=0}}}
02:56:38.365 [qtp961160488-20] DEBUG org.eclipse.jetty.io.FillInterest - interested FillInterest@4737e3{AC.ReadCB@49caf3ce{HttpConnection@49caf3ce::SocketChannelEndPoint@16b54f8c{l=/127.0.0.1:45451,r=/127.0.0.1:51796,OPEN,fill=FI,flush=-,to=0/3000}{io=0/0,kio=0,kro=0}->HttpConnection@49caf3ce[p=HttpParser{s=START,0 of -1},g=HttpGenerator@3d7558d8{s=START}]=>HttpChannelOverHttp@6605d0e3{s=HttpChannelState@3ab0f7f2{s=IDLE rs=BLOCKING os=OPEN is=IDLE awp=false se=false i=true al=0},r=0,c=false/false,a=IDLE,uri=null,age=0}}}
02:56:38.365 [qtp961160488-18] DEBUG org.eclipse.jetty.io.ChannelEndPoint - changeInterests p=false 0->1 for SocketChannelEndPoint@3f12bdb3{l=/127.0.0.1:45451,r=/127.0.0.1:51792,OPEN,fill=FI,flush=-,to=0/3000}{io=0/1,kio=0,kro=1}->HttpConnection@9f79430[p=HttpParser{s=START,0 of -1},g=HttpGenerator@fafedf4{s=START}]=>HttpChannelOverHttp@435def8f{s=HttpChannelState@2b26d5af{s=IDLE rs=BLOCKING os=OPEN is=IDLE awp=false se=false i=true al=0},r=1,c=false/false,a=IDLE,uri=null,age=0}
02:56:38.365 [qtp961160488-18] DEBUG org.eclipse.jetty.io.ManagedSelector - Queued change lazy=false org.eclipse.jetty.io.ChannelEndPoint$$Lambda$255/899789472@27da9a70 on ManagedSelector@1de5f259{STARTED} id=3 keys=1 selected=0 updates=0
02:56:38.365 [qtp961160488-20] DEBUG org.eclipse.jetty.io.ChannelEndPoint - changeInterests p=false 0->1 for SocketChannelEndPoint@16b54f8c{l=/127.0.0.1:45451,r=/127.0.0.1:51796,OPEN,fill=FI,flush=-,to=0/3000}{io=0/1,kio=0,kro=0}->HttpConnection@49caf3ce[p=HttpParser{s=START,0 of -1},g=HttpGenerator@3d7558d8{s=START}]=>HttpChannelOverHttp@6605d0e3{s=HttpChannelState@3ab0f7f2{s=IDLE rs=BLOCKING os=OPEN is=IDLE awp=false se=false i=true al=0},r=0,c=false/false,a=IDLE,uri=null,age=0}
02:56:38.365 [qtp961160488-18] DEBUG org.eclipse.jetty.io.ManagedSelector - Wakeup on submit ManagedSelector@1de5f259{STARTED} id=3 keys=1 selected=0 updates=1
02:56:38.365 [qtp961160488-20] DEBUG org.eclipse.jetty.io.ManagedSelector - Queued change lazy=false org.eclipse.jetty.io.ChannelEndPoint$$Lambda$255/899789472@1e8de0a6 on ManagedSelector@194bcebf{STARTED} id=0 keys=1 selected=0 updates=1
02:56:38.365 [qtp961160488-20] DEBUG org.eclipse.jetty.io.ManagedSelector - Wakeup on submit ManagedSelector@194bcebf{STARTED} id=0 keys=1 selected=0 updates=2
02:56:38.365 [qtp961160488-15] DEBUG org.eclipse.jetty.io.ManagedSelector - Selector sun.nio.ch.EPollSelectorImpl@33589807 woken with none selected
02:56:38.365 [qtp961160488-18] DEBUG org.eclipse.jetty.server.HttpConnection - HttpConnection@9f79430::SocketChannelEndPoint@3f12bdb3{l=/127.0.0.1:45451,r=/127.0.0.1:51792,OPEN,fill=FI,flush=-,to=0/3000}{io=0/1,kio=0,kro=1}->HttpConnection@9f79430[p=HttpParser{s=START,0 of -1},g=HttpGenerator@fafedf4{s=START}]=>HttpChannelOverHttp@435def8f{s=HttpChannelState@2b26d5af{s=IDLE rs=BLOCKING os=OPEN is=IDLE awp=false se=false i=true al=0},r=1,c=false/false,a=IDLE,uri=null,age=0} onFillable exit HttpChannelState@2b26d5af{s=IDLE rs=BLOCKING os=OPEN is=IDLE awp=false se=false i=true al=0} null
02:56:38.365 [qtp961160488-15] DEBUG org.eclipse.jetty.io.ManagedSelector - Selector sun.nio.ch.EPollSelectorImpl@33589807 woken up from select, 0/0/1 selected
02:56:38.366 [qtp961160488-20] DEBUG org.eclipse.jetty.io.ManagedSelector - Created SocketChannelEndPoint@16b54f8c{l=/127.0.0.1:45451,r=/127.0.0.1:51796,OPEN,fill=FI,flush=-,to=0/3000}{io=0/1,kio=0,kro=0}->HttpConnection@49caf3ce[p=HttpParser{s=START,0 of -1},g=HttpGenerator@3d7558d8{s=START}]=>HttpChannelOverHttp@6605d0e3{s=HttpChannelState@3ab0f7f2{s=IDLE rs=BLOCKING os=OPEN is=IDLE awp=false se=false i=true al=0},r=0,c=false/false,a=IDLE,uri=null,age=0}
02:56:38.366 [qtp961160488-21] DEBUG org.eclipse.jetty.io.ManagedSelector - Selector sun.nio.ch.EPollSelectorImpl@1c7c7889 woken with none selected
02:56:38.366 [qtp961160488-21] DEBUG org.eclipse.jetty.io.ManagedSelector - Selector sun.nio.ch.EPollSelectorImpl@1c7c7889 woken up from select, 0/0/1 selected
02:56:38.366 [qtp961160488-21] DEBUG org.eclipse.jetty.io.ManagedSelector - Selector sun.nio.ch.EPollSelectorImpl@1c7c7889 processing 0 keys, 1 updates
02:56:38.366 [qtp961160488-21] DEBUG org.eclipse.jetty.io.ManagedSelector - updateable 1
02:56:38.366 [qtp961160488-20] DEBUG org.eclipse.jetty.util.thread.QueuedThreadPool - ran Accept@193a0b4[java.nio.channels.SocketChannel[connected local=/127.0.0.1:45451 remote=/127.0.0.1:51796]] in QueuedThreadPool[qtp961160488]@394a2528{STARTED,8<=8<=200,i=0,r=-1,q=0}[ReservedThreadExecutor@383bfa16{reserved=1/8,pending=0}]
02:56:38.366 [qtp961160488-18] DEBUG org.eclipse.jetty.util.thread.QueuedThreadPool - ran org.eclipse.jetty.io.ManagedSelector$$Lambda$253/838473569@21282ed8 in QueuedThreadPool[qtp961160488]@394a2528{STARTED,8<=8<=200,i=0,r=-1,q=0}[ReservedThreadExecutor@383bfa16{reserved=1/8,pending=0}]
02:56:38.366 [qtp961160488-15] DEBUG org.eclipse.jetty.io.ManagedSelector - Selector sun.nio.ch.EPollSelectorImpl@33589807 processing 0 keys, 2 updates
02:56:38.366 [qtp961160488-21] DEBUG org.eclipse.jetty.io.ManagedSelector - update org.eclipse.jetty.io.ChannelEndPoint$$Lambda$255/899789472@27da9a70
02:56:38.366 [qtp961160488-15] DEBUG org.eclipse.jetty.io.ManagedSelector - updateable 2
02:56:38.366 [qtp961160488-15] DEBUG org.eclipse.jetty.io.ManagedSelector - update org.eclipse.jetty.io.ManagedSelector$$Lambda$258/269590367@753f0c54
02:56:38.366 [qtp961160488-15] DEBUG org.eclipse.jetty.io.ManagedSelector - update org.eclipse.jetty.io.ChannelEndPoint$$Lambda$255/899789472@1e8de0a6
02:56:38.366 [qtp961160488-21] DEBUG org.eclipse.jetty.io.ChannelEndPoint - Key interests updated 0 -> 1 on SocketChannelEndPoint@3f12bdb3{l=/127.0.0.1:45451,r=/127.0.0.1:51792,OPEN,fill=FI,flush=-,to=0/3000}{io=1/1,kio=1,kro=1}->HttpConnection@9f79430[p=HttpParser{s=START,0 of -1},g=HttpGenerator@fafedf4{s=START}]=>HttpChannelOverHttp@435def8f{s=HttpChannelState@2b26d5af{s=IDLE rs=BLOCKING os=OPEN is=IDLE awp=false se=false i=true al=0},r=1,c=false/false,a=IDLE,uri=null,age=0}
02:56:38.366 [qtp961160488-21] DEBUG org.eclipse.jetty.io.ManagedSelector - updates 0
02:56:38.366 [qtp961160488-21] DEBUG org.eclipse.jetty.io.ManagedSelector - Selector sun.nio.ch.EPollSelectorImpl@1c7c7889 waiting with 1 keys
02:56:38.366 [qtp961160488-15] DEBUG org.eclipse.jetty.io.ChannelEndPoint - Key interests updated 0 -> 1 on SocketChannelEndPoint@16b54f8c{l=/127.0.0.1:45451,r=/127.0.0.1:51796,OPEN,fill=FI,flush=-,to=0/3000}{io=1/1,kio=1,kro=0}->HttpConnection@49caf3ce[p=HttpParser{s=START,0 of -1},g=HttpGenerator@3d7558d8{s=START}]=>HttpChannelOverHttp@6605d0e3{s=HttpChannelState@3ab0f7f2{s=IDLE rs=BLOCKING os=OPEN is=IDLE awp=false se=false i=true al=0},r=0,c=false/false,a=IDLE,uri=null,age=0}
02:56:38.366 [qtp961160488-15] DEBUG org.eclipse.jetty.io.ManagedSelector - updates 0
02:56:38.366 [qtp961160488-15] DEBUG org.eclipse.jetty.io.ManagedSelector - Selector sun.nio.ch.EPollSelectorImpl@33589807 waiting with 1 keys
02:56:38.366 [qtp961160488-15] DEBUG org.eclipse.jetty.io.ManagedSelector - Selector sun.nio.ch.EPollSelectorImpl@33589807 woken up from select, 1/1/1 selected
02:56:38.366 [qtp961160488-15] DEBUG org.eclipse.jetty.io.ManagedSelector - Selector sun.nio.ch.EPollSelectorImpl@33589807 processing 1 keys, 0 updates
02:56:38.366 [qtp961160488-15] DEBUG org.eclipse.jetty.io.ManagedSelector - selected 1 sun.nio.ch.SelectionKeyImpl@5f159c27 SocketChannelEndPoint@16b54f8c{l=/127.0.0.1:45451,r=/127.0.0.1:51796,OPEN,fill=FI,flush=-,to=1/3000}{io=1/1,kio=1,kro=1}->HttpConnection@49caf3ce[p=HttpParser{s=START,0 of -1},g=HttpGenerator@3d7558d8{s=START}]=>HttpChannelOverHttp@6605d0e3{s=HttpChannelState@3ab0f7f2{s=IDLE rs=BLOCKING os=OPEN is=IDLE awp=false se=false i=true al=0},r=0,c=false/false,a=IDLE,uri=null,age=0} 
02:56:38.366 [qtp961160488-15] DEBUG org.eclipse.jetty.io.ChannelEndPoint - onSelected 1->0 r=true w=false for SocketChannelEndPoint@16b54f8c{l=/127.0.0.1:45451,r=/127.0.0.1:51796,OPEN,fill=FI,flush=-,to=1/3000}{io=1/0,kio=1,kro=1}->HttpConnection@49caf3ce[p=HttpParser{s=START,0 of -1},g=HttpGenerator@3d7558d8{s=START}]=>HttpChannelOverHttp@6605d0e3{s=HttpChannelState@3ab0f7f2{s=IDLE rs=BLOCKING os=OPEN is=IDLE awp=false se=false i=true al=0},r=0,c=false/false,a=IDLE,uri=null,age=0}
02:56:38.366 [qtp961160488-15] DEBUG org.eclipse.jetty.io.ChannelEndPoint - task CEP:SocketChannelEndPoint@16b54f8c{l=/127.0.0.1:45451,r=/127.0.0.1:51796,OPEN,fill=FI,flush=-,to=1/3000}{io=1/0,kio=1,kro=1}->HttpConnection@49caf3ce[p=HttpParser{s=START,0 of -1},g=HttpGenerator@3d7558d8{s=START}]=>HttpChannelOverHttp@6605d0e3{s=HttpChannelState@3ab0f7f2{s=IDLE rs=BLOCKING os=OPEN is=IDLE awp=false se=false i=true al=0},r=0,c=false/false,a=IDLE,uri=null,age=0}:runFillable:BLOCKING
02:56:38.367 [qtp961160488-15] DEBUG org.eclipse.jetty.util.thread.ReservedThreadExecutor - ReservedThreadExecutor@383bfa16{reserved=1/8,pending=0} tryExecute EatWhatYouKill@25fb8912/SelectorProducer@d5b810e/PRODUCING/p=false/QueuedThreadPool[qtp961160488]@394a2528{STARTED,8<=8<=200,i=2,r=-1,q=0}[ReservedThreadExecutor@383bfa16{reserved=1/8,pending=0}][pc=0,pic=0,pec=0,epc=0]@2024-05-02T02:56:38.367+01:00
02:56:38.367 [qtp961160488-15] DEBUG org.eclipse.jetty.util.thread.ReservedThreadExecutor - ReservedThreadExecutor@383bfa16{reserved=0/8,pending=1} startReservedThread p=1
02:56:38.367 [qtp961160488-15] DEBUG org.eclipse.jetty.util.thread.QueuedThreadPool - queue ReservedThread@2d47a3a4{PENDING,thread=null} startThread=0
02:56:38.367 [qtp961160488-20] DEBUG org.eclipse.jetty.util.thread.QueuedThreadPool - run ReservedThread@2d47a3a4{PENDING,thread=null} in QueuedThreadPool[qtp961160488]@394a2528{STARTED,8<=8<=200,i=1,r=-1,q=0}[ReservedThreadExecutor@383bfa16{reserved=0/8,pending=1}]
02:56:38.367 [qtp961160488-20] DEBUG org.eclipse.jetty.util.thread.ReservedThreadExecutor - ReservedThread@2d47a3a4{PENDING,thread=Thread[qtp961160488-20,5,main]} was=PENDING next=RESERVED size=0+1 capacity=8
02:56:38.367 [qtp961160488-20] DEBUG org.eclipse.jetty.util.thread.ReservedThreadExecutor - ReservedThread@2d47a3a4{RESERVED,thread=Thread[qtp961160488-20,5,main]} waiting ReservedThreadExecutor@383bfa16{reserved=1/8,pending=0}
02:56:38.367 [qtp961160488-17] DEBUG org.eclipse.jetty.util.thread.ReservedThreadExecutor - ReservedThread@168413f9{RESERVED,thread=Thread[qtp961160488-17,5,main]} task=EatWhatYouKill@25fb8912/SelectorProducer@d5b810e/IDLE/p=true/QueuedThreadPool[qtp961160488]@394a2528{STARTED,8<=8<=200,i=1,r=-1,q=0}[ReservedThreadExecutor@383bfa16{reserved=0/8,pending=1}][pc=0,pic=0,pec=0,epc=0]@2024-05-02T02:56:38.367+01:00 ReservedThreadExecutor@383bfa16{reserved=1/8,pending=0}
02:56:38.367 [qtp961160488-17] DEBUG org.eclipse.jetty.util.thread.strategy.EatWhatYouKill - EatWhatYouKill@25fb8912/SelectorProducer@d5b810e/IDLE/p=true/QueuedThreadPool[qtp961160488]@394a2528{STARTED,8<=8<=200,i=1,r=-1,q=0}[ReservedThreadExecutor@383bfa16{reserved=1/8,pending=0}][pc=0,pic=0,pec=0,epc=0]@2024-05-02T02:56:38.367+01:00 tryProduce true
02:56:38.367 [qtp961160488-15] DEBUG org.eclipse.jetty.util.thread.strategy.EatWhatYouKill - EatWhatYouKill@25fb8912/SelectorProducer@d5b810e/IDLE/p=true/QueuedThreadPool[qtp961160488]@394a2528{STARTED,8<=8<=200,i=1,r=-1,q=0}[ReservedThreadExecutor@383bfa16{reserved=1/8,pending=0}][pc=0,pic=0,pec=0,epc=0]@2024-05-02T02:56:38.367+01:00 m=EXECUTE_PRODUCE_CONSUME t=CEP:SocketChannelEndPoint@16b54f8c{l=/127.0.0.1:45451,r=/127.0.0.1:51796,OPEN,fill=FI,flush=-,to=2/3000}{io=1/0,kio=1,kro=1}->HttpConnection@49caf3ce[p=HttpParser{s=START,0 of -1},g=HttpGenerator@3d7558d8{s=START}]=>HttpChannelOverHttp@6605d0e3{s=HttpChannelState@3ab0f7f2{s=IDLE rs=BLOCKING os=OPEN is=IDLE awp=false se=false i=true al=0},r=0,c=false/false,a=IDLE,uri=null,age=0}:runFillable:BLOCKING/BLOCKING
02:56:38.367 [qtp961160488-17] DEBUG org.eclipse.jetty.io.ManagedSelector - updateable 0
02:56:38.367 [qtp961160488-17] DEBUG org.eclipse.jetty.io.ManagedSelector - updates 0
02:56:38.367 [qtp961160488-15] DEBUG org.eclipse.jetty.io.FillInterest - fillable FillInterest@4737e3{AC.ReadCB@49caf3ce{HttpConnection@49caf3ce::SocketChannelEndPoint@16b54f8c{l=/127.0.0.1:45451,r=/127.0.0.1:51796,OPEN,fill=FI,flush=-,to=2/3000}{io=0/0,kio=0,kro=1}->HttpConnection@49caf3ce[p=HttpParser{s=START,0 of -1},g=HttpGenerator@3d7558d8{s=START}]=>HttpChannelOverHttp@6605d0e3{s=HttpChannelState@3ab0f7f2{s=IDLE rs=BLOCKING os=OPEN is=IDLE awp=false se=false i=true al=0},r=0,c=false/false,a=IDLE,uri=null,age=0}}}
02:56:38.367 [qtp961160488-17] DEBUG org.eclipse.jetty.io.ChannelEndPoint - Key interests updated 1 -> 0 on SocketChannelEndPoint@16b54f8c{l=/127.0.0.1:45451,r=/127.0.0.1:51796,OPEN,fill=FI,flush=-,to=2/3000}{io=0/0,kio=0,kro=1}->HttpConnection@49caf3ce[p=HttpParser{s=START,0 of -1},g=HttpGenerator@3d7558d8{s=START}]=>HttpChannelOverHttp@6605d0e3{s=HttpChannelState@3ab0f7f2{s=IDLE rs=BLOCKING os=OPEN is=IDLE awp=false se=false i=true al=0},r=0,c=false/false,a=IDLE,uri=null,age=0}
02:56:38.367 [qtp961160488-17] DEBUG org.eclipse.jetty.io.ManagedSelector - Selector sun.nio.ch.EPollSelectorImpl@33589807 waiting with 1 keys
02:56:38.368 [qtp961160488-15] DEBUG org.eclipse.jetty.server.HttpConnection - HttpConnection@49caf3ce::SocketChannelEndPoint@16b54f8c{l=/127.0.0.1:45451,r=/127.0.0.1:51796,OPEN,fill=-,flush=-,to=2/3000}{io=0/0,kio=0,kro=1}->HttpConnection@49caf3ce[p=HttpParser{s=START,0 of -1},g=HttpGenerator@3d7558d8{s=START}]=>HttpChannelOverHttp@6605d0e3{s=HttpChannelState@3ab0f7f2{s=IDLE rs=BLOCKING os=OPEN is=IDLE awp=false se=false i=true al=0},r=0,c=false/false,a=IDLE,uri=null,age=0} onFillable enter HttpChannelState@3ab0f7f2{s=IDLE rs=BLOCKING os=OPEN is=IDLE awp=false se=false i=true al=0} null
02:56:38.368 [qtp961160488-15] DEBUG org.eclipse.jetty.io.ChannelEndPoint - filled 142 HeapByteBuffer@301bd4e3[p=0,l=142,c=8192,r=142]={<<<GET /config.yml HTTP/1.1\r...gent: okhttp/3.12.3\r\n\r\n>>>(9.4.44.v...\x00\x00\x00\x00\x00\x00\x00}
02:56:38.368 [qtp961160488-15] DEBUG org.eclipse.jetty.server.HttpConnection - HttpConnection@49caf3ce::SocketChannelEndPoint@16b54f8c{l=/127.0.0.1:45451,r=/127.0.0.1:51796,OPEN,fill=-,flush=-,to=0/3000}{io=0/0,kio=0,kro=1}->HttpConnection@49caf3ce[p=HttpParser{s=START,0 of -1},g=HttpGenerator@3d7558d8{s=START}]=>HttpChannelOverHttp@6605d0e3{s=HttpChannelState@3ab0f7f2{s=IDLE rs=BLOCKING os=OPEN is=IDLE awp=false se=false i=true al=0},r=0,c=false/false,a=IDLE,uri=null,age=0} filled 142 HeapByteBuffer@301bd4e3[p=0,l=142,c=8192,r=142]={<<<GET /config.yml HTTP/1.1\r...gent: okhttp/3.12.3\r\n\r\n>>>(9.4.44.v...\x00\x00\x00\x00\x00\x00\x00}
02:56:38.368 [qtp961160488-15] DEBUG org.eclipse.jetty.server.HttpConnection - HttpConnection@49caf3ce::SocketChannelEndPoint@16b54f8c{l=/127.0.0.1:45451,r=/127.0.0.1:51796,OPEN,fill=-,flush=-,to=0/3000}{io=0/0,kio=0,kro=1}->HttpConnection@49caf3ce[p=HttpParser{s=START,0 of -1},g=HttpGenerator@3d7558d8{s=START}]=>HttpChannelOverHttp@6605d0e3{s=HttpChannelState@3ab0f7f2{s=IDLE rs=BLOCKING os=OPEN is=IDLE awp=false se=false i=true al=0},r=0,c=false/false,a=IDLE,uri=null,age=0} parse HeapByteBuffer@301bd4e3[p=0,l=142,c=8192,r=142]={<<<GET /config.yml HTTP/1.1\r...gent: okhttp/3.12.3\r\n\r\n>>>(9.4.44.v...\x00\x00\x00\x00\x00\x00\x00} {}
02:56:38.368 [qtp961160488-15] DEBUG org.eclipse.jetty.http.HttpParser - parseNext s=START HeapByteBuffer@301bd4e3[p=0,l=142,c=8192,r=142]={<<<GET /config.yml HTTP/1.1\r...gent: okhttp/3.12.3\r\n\r\n>>>(9.4.44.v...\x00\x00\x00\x00\x00\x00\x00}
02:56:38.368 [qtp961160488-15] DEBUG org.eclipse.jetty.http.HttpParser - START --> SPACE1
02:56:38.368 [qtp961160488-15] DEBUG org.eclipse.jetty.http.HttpParser - SPACE1 --> URI
02:56:38.368 [qtp961160488-15] DEBUG org.eclipse.jetty.http.HttpParser - URI --> SPACE2
02:56:38.368 [qtp961160488-15] DEBUG org.eclipse.jetty.http.HttpParser - SPACE2 --> REQUEST_VERSION
02:56:38.368 [qtp961160488-15] DEBUG org.eclipse.jetty.http.HttpParser - REQUEST_VERSION --> HEADER
02:56:38.368 [qtp961160488-15] DEBUG org.eclipse.jetty.http.HttpParser - HEADER:If-None-Match --> VALUE
02:56:38.368 [qtp961160488-15] DEBUG org.eclipse.jetty.http.HttpParser - HEADER:If-None-Match --> FIELD
02:56:38.368 [qtp961160488-15] DEBUG org.eclipse.jetty.http.HttpParser - HEADER:Host --> VALUE
02:56:38.368 [qtp961160488-15] DEBUG org.eclipse.jetty.http.HttpParser - HEADER:Host --> IN_VALUE
02:56:38.368 [qtp961160488-15] DEBUG org.eclipse.jetty.http.HttpParser - HEADER:Host --> FIELD
02:56:38.368 [qtp961160488-15] DEBUG org.eclipse.jetty.http.HttpParser - HEADER:Connection: keep-alive --> IN_VALUE
02:56:38.368 [qtp961160488-15] DEBUG org.eclipse.jetty.http.HttpParser - HEADER:Connection: keep-alive --> FIELD
02:56:38.368 [qtp961160488-15] DEBUG org.eclipse.jetty.http.HttpParser - HEADER:Accept-Encoding: gzip --> IN_VALUE
02:56:38.368 [qtp961160488-15] DEBUG org.eclipse.jetty.http.HttpParser - HEADER:Accept-Encoding: gzip --> FIELD
02:56:38.368 [qtp961160488-15] DEBUG org.eclipse.jetty.http.HttpParser - HEADER:User-Agent --> VALUE
02:56:38.368 [qtp961160488-15] DEBUG org.eclipse.jetty.http.HttpParser - HEADER:User-Agent --> IN_VALUE
02:56:38.368 [qtp961160488-15] DEBUG org.eclipse.jetty.http.HttpParser - HEADER:User-Agent --> FIELD
02:56:38.368 [qtp961160488-15] DEBUG org.eclipse.jetty.http.HttpParser - HEADER --> CONTENT
02:56:38.369 [qtp961160488-15] DEBUG org.eclipse.jetty.server.HttpChannel - REQUEST for //localhost:45451/config.yml on HttpChannelOverHttp@6605d0e3{s=HttpChannelState@3ab0f7f2{s=IDLE rs=BLOCKING os=OPEN is=IDLE awp=false se=false i=true al=0},r=1,c=false/false,a=IDLE,uri=//localhost:45451/config.yml,age=0}
GET //localhost:45451/config.yml HTTP/1.1
If-None-Match: 
Host: localhost:45451
Connection: keep-alive
Accept-Encoding: gzip
User-Agent: okhttp/3.12.3


02:56:38.369 [qtp961160488-15] DEBUG org.eclipse.jetty.server.HttpConnection - HttpConnection@49caf3ce::SocketChannelEndPoint@16b54f8c{l=/127.0.0.1:45451,r=/127.0.0.1:51796,OPEN,fill=-,flush=-,to=0/3000}{io=0/0,kio=0,kro=1}->HttpConnection@49caf3ce[p=HttpParser{s=CONTENT,0 of -1},g=HttpGenerator@3d7558d8{s=START}]=>HttpChannelOverHttp@6605d0e3{s=HttpChannelState@3ab0f7f2{s=IDLE rs=BLOCKING os=OPEN is=IDLE awp=false se=false i=true al=0},r=1,c=false/false,a=IDLE,uri=//localhost:45451/config.yml,age=1} parsed true HttpParser{s=CONTENT,0 of -1}
02:56:38.369 [qtp961160488-15] DEBUG org.eclipse.jetty.server.HttpConnection - releaseRequestBuffer HttpConnection@49caf3ce::SocketChannelEndPoint@16b54f8c{l=/127.0.0.1:45451,r=/127.0.0.1:51796,OPEN,fill=-,flush=-,to=1/3000}{io=0/0,kio=0,kro=1}->HttpConnection@49caf3ce[p=HttpParser{s=CONTENT,0 of -1},g=HttpGenerator@3d7558d8{s=START}]=>HttpChannelOverHttp@6605d0e3{s=HttpChannelState@3ab0f7f2{s=IDLE rs=BLOCKING os=OPEN is=IDLE awp=false se=false i=true al=0},r=1,c=false/false,a=IDLE,uri=//localhost:45451/config.yml,age=1}
02:56:38.369 [qtp961160488-15] DEBUG org.eclipse.jetty.server.HttpChannel - handle //localhost:45451/config.yml HttpChannelOverHttp@6605d0e3{s=HttpChannelState@3ab0f7f2{s=IDLE rs=BLOCKING os=OPEN is=IDLE awp=false se=false i=true al=0},r=1,c=false/false,a=IDLE,uri=//localhost:45451/config.yml,age=1} 
02:56:38.369 [qtp961160488-15] DEBUG org.eclipse.jetty.server.HttpChannelState - handling HttpChannelState@3ab0f7f2{s=IDLE rs=BLOCKING os=OPEN is=IDLE awp=false se=false i=true al=0}
02:56:38.369 [qtp961160488-15] DEBUG org.eclipse.jetty.server.HttpChannel - action DISPATCH HttpChannelOverHttp@6605d0e3{s=HttpChannelState@3ab0f7f2{s=HANDLING rs=BLOCKING os=OPEN is=IDLE awp=false se=false i=true al=0},r=1,c=false/false,a=HANDLING,uri=//localhost:45451/config.yml,age=1}
02:56:38.369 [qtp961160488-15] DEBUG org.eclipse.jetty.server.Server - REQUEST GET /config.yml on HttpChannelOverHttp@6605d0e3{s=HttpChannelState@3ab0f7f2{s=HANDLING rs=BLOCKING os=OPEN is=IDLE awp=false se=false i=true al=0},r=1,c=false/false,a=HANDLING,uri=//localhost:45451/config.yml,age=1}
02:56:38.369 [qtp961160488-15] DEBUG org.eclipse.jetty.server.HttpOutput - write(array HeapByteBuffer@5f33d152[p=0,l=4,c=512,r=4]={<<<path>>>\x00\x00\x00\x00\x00\x00\x00\x00\x00...\x00\x00\x00\x00\x00\x00\x00})
02:56:38.369 [qtp961160488-15] DEBUG org.eclipse.jetty.server.HttpOutput - write(array) s=CLOSING,api=BLOCKED,sc=false,e=null last=true agg=false flush=true async=false, len=4 null
02:56:38.369 [qtp961160488-15] DEBUG org.eclipse.jetty.server.HttpChannel - sendResponse info=null content=HeapByteBuffer@285cf213[p=0,l=4,c=512,r=4]={<<<path>>>\x00\x00\x00\x00\x00\x00\x00\x00\x00...\x00\x00\x00\x00\x00\x00\x00} complete=true committing=true callback=Blocker@5b5ba79b{null}
02:56:38.369 [qtp961160488-15] DEBUG org.eclipse.jetty.server.HttpChannel - COMMIT for /config.yml on HttpChannelOverHttp@6605d0e3{s=HttpChannelState@3ab0f7f2{s=HANDLING rs=BLOCKING os=COMMITTED is=IDLE awp=false se=false i=true al=0},r=1,c=false/false,a=HANDLING,uri=//localhost:45451/config.yml,age=1}
200 null HTTP/1.1
Date: Thu, 02 May 2024 01:56:38 GMT
ETag: testEtag
Content-Type: text/plain;charset=utf-8
Content-Length: 4


02:56:38.369 [qtp961160488-15] DEBUG org.eclipse.jetty.server.HttpConnection - generate: NEED_HEADER for SendCallback@4b9165d7[PROCESSING][i=HTTP/1.1{s=200,h=4,cl=4},cb=org.eclipse.jetty.server.HttpChannel$SendCallback@a6994b6] (null,[p=0,l=4,c=512,r=4],true)@START
02:56:38.370 [qtp961160488-15] DEBUG org.eclipse.jetty.http.HttpGenerator - generateHeaders HTTP/1.1{s=200,h=4,cl=4} last=true content=HeapByteBuffer@285cf213[p=0,l=4,c=512,r=4]={<<<path>>>\x00\x00\x00\x00\x00\x00\x00\x00\x00...\x00\x00\x00\x00\x00\x00\x00}
02:56:38.370 [qtp961160488-15] DEBUG org.eclipse.jetty.http.HttpGenerator - Date: Thu, 02 May 2024 01:56:38 GMT
ETag: testEtag
Content-Type: text/plain;charset=utf-8
Content-Length: 4


02:56:38.370 [qtp961160488-15] DEBUG org.eclipse.jetty.http.HttpGenerator - CONTENT_LENGTH
02:56:38.370 [qtp961160488-15] DEBUG org.eclipse.jetty.server.HttpConnection - generate: FLUSH for SendCallback@4b9165d7[PROCESSING][i=HTTP/1.1{s=200,h=4,cl=4},cb=org.eclipse.jetty.server.HttpChannel$SendCallback@a6994b6] ([p=0,l=164,c=8192,r=164],[p=0,l=4,c=512,r=4],true)@COMPLETING
02:56:38.370 [qtp961160488-15] DEBUG org.eclipse.jetty.io.WriteFlusher - write: WriteFlusher@456a3382{IDLE}->null [HeapByteBuffer@301bd4e3[p=0,l=164,c=8192,r=164]={<<<HTTP/1.1 200 OK\r\nDate: Th...y(9.4.44.v20210927)\r\n\r\n>>>\x00\x00\x00\x00\x00\x00\x00\x00\x00...\x00\x00\x00\x00\x00\x00\x00},HeapByteBuffer@285cf213[p=0,l=4,c=512,r=4]={<<<path>>>\x00\x00\x00\x00\x00\x00\x00\x00\x00...\x00\x00\x00\x00\x00\x00\x00}]
02:56:38.370 [qtp961160488-15] DEBUG org.eclipse.jetty.io.WriteFlusher - update WriteFlusher@456a3382{WRITING}->null:IDLE-->WRITING
02:56:38.370 [main] DEBUG org.apache.nifi.minifi.bootstrap.configuration.ingestors.PullHttpChangeIngestor - Response received: Response{protocol=http/1.1, code=200, message=OK, url=http://localhost:45451/config.yml}
02:56:38.370 [qtp961160488-15] DEBUG org.eclipse.jetty.io.ChannelEndPoint - flushed 168 SocketChannelEndPoint@16b54f8c{l=/127.0.0.1:45451,r=/127.0.0.1:51796,OPEN,fill=-,flush=W,to=2/3000}{io=0/0,kio=0,kro=1}->HttpConnection@49caf3ce[p=HttpParser{s=CONTENT,0 of -1},g=HttpGenerator@3d7558d8{s=COMPLETING}]=>HttpChannelOverHttp@6605d0e3{s=HttpChannelState@3ab0f7f2{s=HANDLING rs=BLOCKING os=COMMITTED is=IDLE awp=false se=false i=true al=0},r=1,c=false/false,a=HANDLING,uri=//localhost:45451/config.yml,age=2}
02:56:38.370 [qtp961160488-15] DEBUG org.eclipse.jetty.io.WriteFlusher - Flushed=true written=168 remaining=0 WriteFlusher@456a3382{WRITING}->null
02:56:38.370 [qtp961160488-15] DEBUG org.eclipse.jetty.io.WriteFlusher - update WriteFlusher@456a3382{IDLE}->null:WRITING-->IDLE
02:56:38.370 [main] DEBUG org.apache.nifi.minifi.bootstrap.configuration.ingestors.PullHttpChangeIngestor - New change received, notifying listener
02:56:38.370 [qtp961160488-15] DEBUG org.eclipse.jetty.server.HttpConnection - generate: DONE for SendCallback@4b9165d7[PROCESSING][i=HTTP/1.1{s=200,h=4,cl=4},cb=org.eclipse.jetty.server.HttpChannel$SendCallback@a6994b6] ([p=164,l=164,c=8192,r=0],[p=4,l=4,c=512,r=0],true)@END
02:56:38.370 [main] DEBUG org.apache.nifi.minifi.bootstrap.configuration.ingestors.PullHttpChangeIngestor - Listeners notified
02:56:38.370 [qtp961160488-15] DEBUG org.eclipse.jetty.server.HttpOutput - onWriteComplete(true,null) s=CLOSING,api=BLOCKED,sc=false,e=null->s=CLOSED,api=BLOCKING,sc=false,e=null c=null cb=null w=false
02:56:38.370 [qtp961160488-15] DEBUG org.eclipse.jetty.server.HttpOutput - close() s=CLOSED,api=BLOCKING,sc=false,e=null c=null b=null
02:56:38.370 [qtp961160488-15] DEBUG org.eclipse.jetty.server.Server - handled=true async=false committed=true on HttpChannelOverHttp@6605d0e3{s=HttpChannelState@3ab0f7f2{s=HANDLING rs=BLOCKING os=COMPLETED is=IDLE awp=false se=false i=true al=0},r=1,c=false/true,a=HANDLING,uri=//localhost:45451/config.yml,age=2}
02:56:38.370 [main] DEBUG org.apache.nifi.minifi.bootstrap.configuration.ingestors.PullHttpChangeIngestor - Attempting to pull new config
02:56:38.370 [qtp961160488-15] DEBUG org.eclipse.jetty.server.HttpChannelState - unhandle HttpChannelState@3ab0f7f2{s=HANDLING rs=BLOCKING os=COMPLETED is=IDLE awp=false se=false i=true al=0}
02:56:38.370 [qtp961160488-15] DEBUG org.eclipse.jetty.server.HttpChannelState - nextAction(false) COMPLETE HttpChannelState@3ab0f7f2{s=HANDLING rs=COMPLETING os=COMPLETED is=IDLE awp=false se=false i=false al=0}
02:56:38.370 [qtp961160488-15] DEBUG org.eclipse.jetty.server.HttpChannel - action COMPLETE HttpChannelOverHttp@6605d0e3{s=HttpChannelState@3ab0f7f2{s=HANDLING rs=COMPLETING os=COMPLETED is=IDLE awp=false se=false i=false al=0},r=1,c=false/true,a=HANDLING,uri=//localhost:45451/config.yml,age=2}
02:56:38.371 [qtp961160488-15] DEBUG org.eclipse.jetty.server.HttpOutput - complete(org.eclipse.jetty.util.Callback$3@430b33cb) s=CLOSED,api=BLOCKING,sc=false,e=null s=true e=null, c=null
02:56:38.371 [qtp961160488-15] DEBUG org.eclipse.jetty.server.HttpChannelState - completed HttpChannelState@3ab0f7f2{s=HANDLING rs=COMPLETING os=COMPLETED is=IDLE awp=false se=false i=false al=0}
02:56:38.371 [qtp961160488-15] DEBUG org.eclipse.jetty.server.HttpChannelState - unhandle HttpChannelState@3ab0f7f2{s=HANDLING rs=COMPLETED os=COMPLETED is=IDLE awp=false se=false i=false al=0}
02:56:38.371 [qtp961160488-15] DEBUG org.eclipse.jetty.server.HttpChannelState - nextAction(false) TERMINATED HttpChannelState@3ab0f7f2{s=IDLE rs=COMPLETED os=COMPLETED is=IDLE awp=false se=false i=false al=0}
02:56:38.371 [qtp961160488-15] DEBUG org.eclipse.jetty.server.HttpChannel - action TERMINATED HttpChannelOverHttp@6605d0e3{s=HttpChannelState@3ab0f7f2{s=IDLE rs=COMPLETED os=COMPLETED is=IDLE awp=false se=false i=false al=0},r=1,c=true/true,a=IDLE,uri=//localhost:45451/config.yml,age=3}
02:56:38.371 [qtp961160488-15] DEBUG org.eclipse.jetty.server.HttpChannel - onCompleted for /config.yml written=4
02:56:38.371 [qtp961160488-15] DEBUG org.eclipse.jetty.io.ChannelEndPoint - filled 152 HeapByteBuffer@301bd4e3[p=0,l=152,c=8192,r=152]={<<<GET /config.yml HTTP/1.1\r...gent: okhttp/3.12.3\r\n\r\n>>>0210927)\r...\x00\x00\x00\x00\x00\x00\x00}
02:56:38.371 [qtp961160488-15] DEBUG org.eclipse.jetty.server.HttpConnection - HttpConnection@49caf3ce::SocketChannelEndPoint@16b54f8c{l=/127.0.0.1:45451,r=/127.0.0.1:51796,OPEN,fill=-,flush=-,to=0/3000}{io=0/0,kio=0,kro=1}->HttpConnection@49caf3ce[p=HttpParser{s=CONTENT,0 of -1},g=HttpGenerator@3d7558d8{s=END}]=>HttpChannelOverHttp@6605d0e3{s=HttpChannelState@3ab0f7f2{s=IDLE rs=COMPLETED os=COMPLETED is=IDLE awp=false se=false i=false al=0},r=1,c=true/true,a=IDLE,uri=//localhost:45451/config.yml,age=3} filled 152 HeapByteBuffer@301bd4e3[p=0,l=152,c=8192,r=152]={<<<GET /config.yml HTTP/1.1\r...gent: okhttp/3.12.3\r\n\r\n>>>0210927)\r...\x00\x00\x00\x00\x00\x00\x00}
02:56:38.371 [qtp961160488-15] DEBUG org.eclipse.jetty.server.HttpConnection - HttpConnection@49caf3ce::SocketChannelEndPoint@16b54f8c{l=/127.0.0.1:45451,r=/127.0.0.1:51796,OPEN,fill=-,flush=-,to=0/3000}{io=0/0,kio=0,kro=1}->HttpConnection@49caf3ce[p=HttpParser{s=CONTENT,0 of -1},g=HttpGenerator@3d7558d8{s=END}]=>HttpChannelOverHttp@6605d0e3{s=HttpChannelState@3ab0f7f2{s=IDLE rs=COMPLETED os=COMPLETED is=IDLE awp=false se=false i=false al=0},r=1,c=true/true,a=IDLE,uri=//localhost:45451/config.yml,age=3} parse HeapByteBuffer@301bd4e3[p=0,l=152,c=8192,r=152]={<<<GET /config.yml HTTP/1.1\r...gent: okhttp/3.12.3\r\n\r\n>>>0210927)\r...\x00\x00\x00\x00\x00\x00\x00} {}
02:56:38.371 [qtp961160488-15] DEBUG org.eclipse.jetty.http.HttpParser - parseNext s=CONTENT HeapByteBuffer@301bd4e3[p=0,l=152,c=8192,r=152]={<<<GET /config.yml HTTP/1.1\r...gent: okhttp/3.12.3\r\n\r\n>>>0210927)\r...\x00\x00\x00\x00\x00\x00\x00}
02:56:38.371 [qtp961160488-15] DEBUG org.eclipse.jetty.http.HttpParser - CONTENT --> CONTENT_END
02:56:38.371 [qtp961160488-15] DEBUG org.eclipse.jetty.server.HttpChannel - onContentComplete HttpChannelOverHttp@6605d0e3{s=HttpChannelState@3ab0f7f2{s=IDLE rs=COMPLETED os=COMPLETED is=IDLE awp=false se=false i=false al=0},r=1,c=true/true,a=IDLE,uri=//localhost:45451/config.yml,age=3}
02:56:38.371 [qtp961160488-15] DEBUG org.eclipse.jetty.http.HttpParser - CONTENT_END --> END
02:56:38.372 [qtp961160488-15] DEBUG org.eclipse.jetty.server.HttpChannel - onRequestComplete HttpChannelOverHttp@6605d0e3{s=HttpChannelState@3ab0f7f2{s=IDLE rs=COMPLETED os=COMPLETED is=IDLE awp=false se=false i=false al=0},r=1,c=true/true,a=IDLE,uri=//localhost:45451/config.yml,age=3}
02:56:38.372 [qtp961160488-15] DEBUG org.eclipse.jetty.server.HttpInput - HttpInputOverHTTP@37449a0[c=0,q=0,[0]=null,s=STREAM] addContent EOF
02:56:38.372 [qtp961160488-15] DEBUG org.eclipse.jetty.server.HttpConnection - HttpConnection@49caf3ce::SocketChannelEndPoint@16b54f8c{l=/127.0.0.1:45451,r=/127.0.0.1:51796,OPEN,fill=-,flush=-,to=0/3000}{io=0/0,kio=0,kro=1}->HttpConnection@49caf3ce[p=HttpParser{s=END,0 of -1},g=HttpGenerator@3d7558d8{s=END}]=>HttpChannelOverHttp@6605d0e3{s=HttpChannelState@3ab0f7f2{s=IDLE rs=COMPLETED os=COMPLETED is=IDLE awp=false se=false i=false al=0},r=1,c=true/true,a=IDLE,uri=//localhost:45451/config.yml,age=4} parsed false HttpParser{s=END,0 of -1}
02:56:38.372 [qtp961160488-15] DEBUG org.eclipse.jetty.server.HttpChannelState - recycle HttpChannelState@3ab0f7f2{s=IDLE rs=COMPLETED os=COMPLETED is=IDLE awp=false se=false i=false al=0}
02:56:38.372 [qtp961160488-15] DEBUG org.eclipse.jetty.http.HttpParser - reset HttpParser{s=END,0 of -1}
02:56:38.372 [qtp961160488-15] DEBUG org.eclipse.jetty.http.HttpParser - END --> START
02:56:38.372 [qtp961160488-15] DEBUG org.eclipse.jetty.server.HttpChannel - !handle TERMINATED HttpChannelOverHttp@6605d0e3{s=HttpChannelState@3ab0f7f2{s=IDLE rs=BLOCKING os=OPEN is=IDLE awp=false se=false i=true al=0},r=1,c=false/false,a=IDLE,uri=null,age=0}
02:56:38.372 [qtp961160488-15] DEBUG org.eclipse.jetty.server.HttpConnection - HttpConnection@49caf3ce::SocketChannelEndPoint@16b54f8c{l=/127.0.0.1:45451,r=/127.0.0.1:51796,OPEN,fill=-,flush=-,to=1/3000}{io=0/0,kio=0,kro=1}->HttpConnection@49caf3ce[p=HttpParser{s=START,0 of -1},g=HttpGenerator@3d7558d8{s=START}]=>HttpChannelOverHttp@6605d0e3{s=HttpChannelState@3ab0f7f2{s=IDLE rs=BLOCKING os=OPEN is=IDLE awp=false se=false i=true al=0},r=1,c=false/false,a=IDLE,uri=null,age=0} parse HeapByteBuffer@301bd4e3[p=0,l=152,c=8192,r=152]={<<<GET /config.yml HTTP/1.1\r...gent: okhttp/3.12.3\r\n\r\n>>>0210927)\r...\x00\x00\x00\x00\x00\x00\x00} {}
02:56:38.372 [qtp961160488-15] DEBUG org.eclipse.jetty.http.HttpParser - parseNext s=START HeapByteBuffer@301bd4e3[p=0,l=152,c=8192,r=152]={<<<GET /config.yml HTTP/1.1\r...gent: okhttp/3.12.3\r\n\r\n>>>0210927)\r...\x00\x00\x00\x00\x00\x00\x00}
02:56:38.372 [qtp961160488-15] DEBUG org.eclipse.jetty.http.HttpParser - START --> SPACE1
02:56:38.372 [qtp961160488-15] DEBUG org.eclipse.jetty.http.HttpParser - SPACE1 --> URI
02:56:38.372 [qtp961160488-15] DEBUG org.eclipse.jetty.http.HttpParser - URI --> SPACE2
02:56:38.372 [qtp961160488-15] DEBUG org.eclipse.jetty.http.HttpParser - SPACE2 --> REQUEST_VERSION
02:56:38.372 [qtp961160488-15] DEBUG org.eclipse.jetty.http.HttpParser - REQUEST_VERSION --> HEADER
02:56:38.372 [qtp961160488-15] DEBUG org.eclipse.jetty.http.HttpParser - HEADER:If-None-Match --> VALUE
02:56:38.372 [qtp961160488-15] DEBUG org.eclipse.jetty.http.HttpParser - HEADER:If-None-Match --> IN_VALUE
02:56:38.372 [qtp961160488-15] DEBUG org.eclipse.jetty.http.HttpParser - HEADER:If-None-Match --> FIELD
02:56:38.372 [qtp961160488-15] DEBUG org.eclipse.jetty.http.HttpParser - HEADER:Host: localhost:45451 --> IN_VALUE
02:56:38.372 [qtp961160488-15] DEBUG org.eclipse.jetty.http.HttpParser - HEADER:Host: localhost:45451 --> FIELD
02:56:38.372 [qtp961160488-15] DEBUG org.eclipse.jetty.http.HttpParser - HEADER:Connection: keep-alive --> IN_VALUE
02:56:38.372 [qtp961160488-15] DEBUG org.eclipse.jetty.http.HttpParser - HEADER:Connection: keep-alive --> FIELD
02:56:38.372 [qtp961160488-15] DEBUG org.eclipse.jetty.http.HttpParser - HEADER:Accept-Encoding: gzip --> IN_VALUE
02:56:38.372 [qtp961160488-15] DEBUG org.eclipse.jetty.http.HttpParser - HEADER:Accept-Encoding: gzip --> FIELD
02:56:38.372 [qtp961160488-15] DEBUG org.eclipse.jetty.http.HttpParser - HEADER:User-Agent: okhttp/3.12.3 --> IN_VALUE
02:56:38.372 [qtp961160488-15] DEBUG org.eclipse.jetty.http.HttpParser - HEADER:User-Agent: okhttp/3.12.3 --> FIELD
02:56:38.372 [qtp961160488-15] DEBUG org.eclipse.jetty.http.HttpParser - HEADER --> CONTENT
02:56:38.372 [qtp961160488-15] DEBUG org.eclipse.jetty.server.HttpChannel - REQUEST for //localhost:45451/config.yml on HttpChannelOverHttp@6605d0e3{s=HttpChannelState@3ab0f7f2{s=IDLE rs=BLOCKING os=OPEN is=IDLE awp=false se=false i=true al=0},r=2,c=false/false,a=IDLE,uri=//localhost:45451/config.yml,age=0}
GET //localhost:45451/config.yml HTTP/1.1
If-None-Match: "testEtag"
Host: localhost:45451
Connection: keep-alive
Accept-Encoding: gzip
User-Agent: okhttp/3.12.3


02:56:38.373 [qtp961160488-15] DEBUG org.eclipse.jetty.server.HttpConnection - HttpConnection@49caf3ce::SocketChannelEndPoint@16b54f8c{l=/127.0.0.1:45451,r=/127.0.0.1:51796,OPEN,fill=-,flush=-,to=1/3000}{io=0/0,kio=0,kro=1}->HttpConnection@49caf3ce[p=HttpParser{s=CONTENT,0 of -1},g=HttpGenerator@3d7558d8{s=START}]=>HttpChannelOverHttp@6605d0e3{s=HttpChannelState@3ab0f7f2{s=IDLE rs=BLOCKING os=OPEN is=IDLE awp=false se=false i=true al=0},r=2,c=false/false,a=IDLE,uri=//localhost:45451/config.yml,age=1} parsed true HttpParser{s=CONTENT,0 of -1}
02:56:38.373 [qtp961160488-15] DEBUG org.eclipse.jetty.server.HttpConnection - releaseRequestBuffer HttpConnection@49caf3ce::SocketChannelEndPoint@16b54f8c{l=/127.0.0.1:45451,r=/127.0.0.1:51796,OPEN,fill=-,flush=-,to=1/3000}{io=0/0,kio=0,kro=1}->HttpConnection@49caf3ce[p=HttpParser{s=CONTENT,0 of -1},g=HttpGenerator@3d7558d8{s=START}]=>HttpChannelOverHttp@6605d0e3{s=HttpChannelState@3ab0f7f2{s=IDLE rs=BLOCKING os=OPEN is=IDLE awp=false se=false i=true al=0},r=2,c=false/false,a=IDLE,uri=//localhost:45451/config.yml,age=1}
02:56:38.373 [qtp961160488-15] DEBUG org.eclipse.jetty.server.HttpChannel - handle //localhost:45451/config.yml HttpChannelOverHttp@6605d0e3{s=HttpChannelState@3ab0f7f2{s=IDLE rs=BLOCKING os=OPEN is=IDLE awp=false se=false i=true al=0},r=2,c=false/false,a=IDLE,uri=//localhost:45451/config.yml,age=1} 
02:56:38.373 [qtp961160488-15] DEBUG org.eclipse.jetty.server.HttpChannelState - handling HttpChannelState@3ab0f7f2{s=IDLE rs=BLOCKING os=OPEN is=IDLE awp=false se=false i=true al=0}
02:56:38.373 [qtp961160488-15] DEBUG org.eclipse.jetty.server.HttpChannel - action DISPATCH HttpChannelOverHttp@6605d0e3{s=HttpChannelState@3ab0f7f2{s=HANDLING rs=BLOCKING os=OPEN is=IDLE awp=false se=false i=true al=0},r=2,c=false/false,a=HANDLING,uri=//localhost:45451/config.yml,age=1}
02:56:38.373 [qtp961160488-15] DEBUG org.eclipse.jetty.server.Server - REQUEST GET /config.yml on HttpChannelOverHttp@6605d0e3{s=HttpChannelState@3ab0f7f2{s=HANDLING rs=BLOCKING os=OPEN is=IDLE awp=false se=false i=true al=0},r=2,c=false/false,a=HANDLING,uri=//localhost:45451/config.yml,age=1}
02:56:38.373 [qtp961160488-15] DEBUG org.eclipse.jetty.server.Server - handled=true async=false committed=false on HttpChannelOverHttp@6605d0e3{s=HttpChannelState@3ab0f7f2{s=HANDLING rs=BLOCKING os=OPEN is=IDLE awp=false se=false i=true al=0},r=2,c=false/false,a=HANDLING,uri=//localhost:45451/config.yml,age=1}
02:56:38.373 [qtp961160488-15] DEBUG org.eclipse.jetty.server.HttpChannelState - unhandle HttpChannelState@3ab0f7f2{s=HANDLING rs=BLOCKING os=OPEN is=IDLE awp=false se=false i=true al=0}
02:56:38.373 [qtp961160488-15] DEBUG org.eclipse.jetty.server.HttpChannelState - nextAction(false) COMPLETE HttpChannelState@3ab0f7f2{s=HANDLING rs=COMPLETING os=OPEN is=IDLE awp=false se=false i=false al=0}
02:56:38.373 [qtp961160488-15] DEBUG org.eclipse.jetty.server.HttpChannel - action COMPLETE HttpChannelOverHttp@6605d0e3{s=HttpChannelState@3ab0f7f2{s=HANDLING rs=COMPLETING os=OPEN is=IDLE awp=false se=false i=false al=0},r=2,c=false/false,a=HANDLING,uri=//localhost:45451/config.yml,age=1}
02:56:38.373 [qtp961160488-15] DEBUG org.eclipse.jetty.io.ChannelEndPoint - filled 0 HeapByteBuffer@301bd4e3[p=0,l=0,c=8192,r=0]={<<<>>>GET /conf...\x00\x00\x00\x00\x00\x00\x00}
02:56:38.373 [qtp961160488-15] DEBUG org.eclipse.jetty.io.ChannelEndPoint - filled 0 HeapByteBuffer@301bd4e3[p=0,l=0,c=8192,r=0]={<<<>>>GET /conf...\x00\x00\x00\x00\x00\x00\x00}
02:56:38.373 [qtp961160488-15] DEBUG org.eclipse.jetty.server.HttpConnection - HttpConnection@49caf3ce::SocketChannelEndPoint@16b54f8c{l=/127.0.0.1:45451,r=/127.0.0.1:51796,OPEN,fill=-,flush=-,to=2/3000}{io=0/0,kio=0,kro=1}->HttpConnection@49caf3ce[p=HttpParser{s=CONTENT,0 of -1},g=HttpGenerator@3d7558d8{s=START}]=>HttpChannelOverHttp@6605d0e3{s=HttpChannelState@3ab0f7f2{s=HANDLING rs=COMPLETING os=OPEN is=IDLE awp=false se=false i=false al=0},r=2,c=false/false,a=HANDLING,uri=//localhost:45451/config.yml,age=1} filled 0 HeapByteBuffer@301bd4e3[p=0,l=0,c=8192,r=0]={<<<>>>GET /conf...\x00\x00\x00\x00\x00\x00\x00}
02:56:38.374 [qtp961160488-15] DEBUG org.eclipse.jetty.server.HttpConnection - HttpConnection@49caf3ce::SocketChannelEndPoint@16b54f8c{l=/127.0.0.1:45451,r=/127.0.0.1:51796,OPEN,fill=-,flush=-,to=2/3000}{io=0/0,kio=0,kro=1}->HttpConnection@49caf3ce[p=HttpParser{s=CONTENT,0 of -1},g=HttpGenerator@3d7558d8{s=START}]=>HttpChannelOverHttp@6605d0e3{s=HttpChannelState@3ab0f7f2{s=HANDLING rs=COMPLETING os=OPEN is=IDLE awp=false se=false i=false al=0},r=2,c=false/false,a=HANDLING,uri=//localhost:45451/config.yml,age=2} parse HeapByteBuffer@301bd4e3[p=0,l=0,c=8192,r=0]={<<<>>>GET /conf...\x00\x00\x00\x00\x00\x00\x00} {}
02:56:38.374 [qtp961160488-15] DEBUG org.eclipse.jetty.http.HttpParser - parseNext s=CONTENT HeapByteBuffer@301bd4e3[p=0,l=0,c=8192,r=0]={<<<>>>GET /conf...\x00\x00\x00\x00\x00\x00\x00}
02:56:38.374 [qtp961160488-15] DEBUG org.eclipse.jetty.http.HttpParser - CONTENT --> CONTENT_END
02:56:38.374 [qtp961160488-15] DEBUG org.eclipse.jetty.server.HttpChannel - onContentComplete HttpChannelOverHttp@6605d0e3{s=HttpChannelState@3ab0f7f2{s=HANDLING rs=COMPLETING os=OPEN is=IDLE awp=false se=false i=false al=0},r=2,c=false/false,a=HANDLING,uri=//localhost:45451/config.yml,age=2}
02:56:38.374 [qtp961160488-15] DEBUG org.eclipse.jetty.http.HttpParser - CONTENT_END --> END
02:56:38.374 [qtp961160488-15] DEBUG org.eclipse.jetty.server.HttpChannel - onRequestComplete HttpChannelOverHttp@6605d0e3{s=HttpChannelState@3ab0f7f2{s=HANDLING rs=COMPLETING os=OPEN is=IDLE awp=false se=false i=false al=0},r=2,c=false/false,a=HANDLING,uri=//localhost:45451/config.yml,age=2}
02:56:38.374 [qtp961160488-15] DEBUG org.eclipse.jetty.server.HttpInput - HttpInputOverHTTP@37449a0[c=0,q=0,[0]=null,s=STREAM] addContent EOF
02:56:38.374 [qtp961160488-15] DEBUG org.eclipse.jetty.server.HttpConnection - HttpConnection@49caf3ce::SocketChannelEndPoint@16b54f8c{l=/127.0.0.1:45451,r=/127.0.0.1:51796,OPEN,fill=-,flush=-,to=3/3000}{io=0/0,kio=0,kro=1}->HttpConnection@49caf3ce[p=HttpParser{s=END,0 of -1},g=HttpGenerator@3d7558d8{s=START}]=>HttpChannelOverHttp@6605d0e3{s=HttpChannelState@3ab0f7f2{s=HANDLING rs=COMPLETING os=OPEN is=IDLE awp=false se=false i=false al=0},r=2,c=false/false,a=HANDLING,uri=//localhost:45451/config.yml,age=2} parsed false HttpParser{s=END,0 of -1}
02:56:38.374 [qtp961160488-15] DEBUG org.eclipse.jetty.server.HttpConnection - releaseRequestBuffer HttpConnection@49caf3ce::SocketChannelEndPoint@16b54f8c{l=/127.0.0.1:45451,r=/127.0.0.1:51796,OPEN,fill=-,flush=-,to=3/3000}{io=0/0,kio=0,kro=1}->HttpConnection@49caf3ce[p=HttpParser{s=END,0 of -1},g=HttpGenerator@3d7558d8{s=START}]=>HttpChannelOverHttp@6605d0e3{s=HttpChannelState@3ab0f7f2{s=HANDLING rs=COMPLETING os=OPEN is=IDLE awp=false se=false i=false al=0},r=2,c=false/false,a=HANDLING,uri=//localhost:45451/config.yml,age=2}
02:56:38.374 [qtp961160488-15] DEBUG org.eclipse.jetty.server.HttpOutput - complete(org.eclipse.jetty.util.Callback$3@45fea15c) s=CLOSING,api=BLOCKED,sc=false,e=null s=false e=null, c=HeapByteBuffer@58f161d6[p=0,l=0,c=0,r=0]={<<<>>>}
02:56:38.374 [qtp961160488-15] DEBUG org.eclipse.jetty.server.HttpChannel - sendResponse info=null content=HeapByteBuffer@58f161d6[p=0,l=0,c=0,r=0]={<<<>>>} complete=true committing=true callback=org.eclipse.jetty.server.HttpOutput$WriteCompleteCB@519c7c42
02:56:38.374 [qtp961160488-15] DEBUG org.eclipse.jetty.server.HttpChannel - COMMIT for /config.yml on HttpChannelOverHttp@6605d0e3{s=HttpChannelState@3ab0f7f2{s=HANDLING rs=COMPLETING os=COMMITTED is=IDLE awp=false se=false i=false al=0},r=2,c=false/false,a=HANDLING,uri=//localhost:45451/config.yml,age=2}
304 null HTTP/1.1
Date: Thu, 02 May 2024 01:56:38 GMT
ETag: testEtag


02:56:38.374 [qtp961160488-15] DEBUG org.eclipse.jetty.server.HttpConnection - generate: NEED_HEADER for SendCallback@4b9165d7[PROCESSING][i=HTTP/1.1{s=304,h=2,cl=-1},cb=org.eclipse.jetty.server.HttpChannel$SendCallback@4b9398d1] (null,[p=0,l=0,c=0,r=0],true)@START
02:56:38.374 [qtp961160488-15] DEBUG org.eclipse.jetty.http.HttpGenerator - generateHeaders HTTP/1.1{s=304,h=2,cl=-1} last=true content=HeapByteBuffer@58f161d6[p=0,l=0,c=0,r=0]={<<<>>>}
02:56:38.374 [qtp961160488-15] DEBUG org.eclipse.jetty.http.HttpGenerator - Date: Thu, 02 May 2024 01:56:38 GMT
ETag: testEtag


02:56:38.374 [qtp961160488-15] DEBUG org.eclipse.jetty.http.HttpGenerator - NO_CONTENT
02:56:38.385 [qtp961160488-15] DEBUG org.eclipse.jetty.server.HttpConnection - generate: FLUSH for SendCallback@4b9165d7[PROCESSING][i=HTTP/1.1{s=304,h=2,cl=-1},cb=org.eclipse.jetty.server.HttpChannel$SendCallback@4b9398d1] ([p=0,l=115,c=8192,r=115],[p=0,l=0,c=0,r=0],true)@COMPLETING
02:56:38.385 [qtp961160488-15] DEBUG org.eclipse.jetty.io.WriteFlusher - write: WriteFlusher@456a3382{IDLE}->null [HeapByteBuffer@301bd4e3[p=0,l=115,c=8192,r=115]={<<<HTTP/1.1 304 Not Modified...y(9.4.44.v20210927)\r\n\r\n>>>: gzip\r\nU...\x00\x00\x00\x00\x00\x00\x00}]
02:56:38.385 [qtp961160488-15] DEBUG org.eclipse.jetty.io.WriteFlusher - update WriteFlusher@456a3382{WRITING}->null:IDLE-->WRITING
02:56:38.385 [main] DEBUG org.apache.nifi.minifi.bootstrap.configuration.ingestors.PullHttpChangeIngestor - Response received: Response{protocol=http/1.1, code=304, message=Not Modified, url=http://localhost:45451/config.yml}
]]></system-out>
  </testcase>
  <testcase name="testSecurityOverride" classname="org.apache.nifi.minifi.bootstrap.configuration.ingestors.PullHttpChangeIngestorTest" time="0.188">
    <system-out><![CDATA[02:56:38.387 [main] DEBUG org.apache.nifi.minifi.bootstrap.configuration.ingestors.PullHttpChangeIngestor - Attempting to pull new config
02:56:38.387 [qtp961160488-19-acceptor-0@1e1a0406-ServerConnector@446293d{HTTP/1.1, (http/1.1)}{localhost:45451}] DEBUG org.eclipse.jetty.io.ManagedSelector - Queued change lazy=false Accept@517fd79[java.nio.channels.SocketChannel[connected local=/127.0.0.1:45451 remote=/127.0.0.1:51810]] on ManagedSelector@4803b726{STARTED} id=1 keys=1 selected=0 updates=0
02:56:38.387 [qtp961160488-19-acceptor-0@1e1a0406-ServerConnector@446293d{HTTP/1.1, (http/1.1)}{localhost:45451}] DEBUG org.eclipse.jetty.io.ManagedSelector - Wakeup on submit ManagedSelector@4803b726{STARTED} id=1 keys=1 selected=0 updates=1
02:56:38.388 [qtp961160488-16] DEBUG org.eclipse.jetty.io.ManagedSelector - Selector sun.nio.ch.EPollSelectorImpl@7c892958 woken with none selected
02:56:38.388 [qtp961160488-15] DEBUG org.eclipse.jetty.io.ChannelEndPoint - flushed 115 SocketChannelEndPoint@16b54f8c{l=/127.0.0.1:45451,r=/127.0.0.1:51796,OPEN,fill=-,flush=W,to=16/3000}{io=0/0,kio=0,kro=1}->HttpConnection@49caf3ce[p=HttpParser{s=END,0 of -1},g=HttpGenerator@3d7558d8{s=COMPLETING}]=>HttpChannelOverHttp@6605d0e3{s=HttpChannelState@3ab0f7f2{s=HANDLING rs=COMPLETING os=COMMITTED is=IDLE awp=false se=false i=false al=0},r=2,c=false/false,a=HANDLING,uri=//localhost:45451/config.yml,age=16}
02:56:38.388 [qtp961160488-16] DEBUG org.eclipse.jetty.io.ManagedSelector - Selector sun.nio.ch.EPollSelectorImpl@7c892958 woken up from select, 0/0/1 selected
02:56:38.388 [qtp961160488-15] DEBUG org.eclipse.jetty.io.WriteFlusher - Flushed=true written=115 remaining=0 WriteFlusher@456a3382{WRITING}->null
02:56:38.388 [qtp961160488-16] DEBUG org.eclipse.jetty.io.ManagedSelector - Selector sun.nio.ch.EPollSelectorImpl@7c892958 processing 0 keys, 1 updates
02:56:38.388 [qtp961160488-16] DEBUG org.eclipse.jetty.io.ManagedSelector - updateable 1
02:56:38.388 [qtp961160488-15] DEBUG org.eclipse.jetty.io.WriteFlusher - update WriteFlusher@456a3382{IDLE}->null:WRITING-->IDLE
02:56:38.388 [qtp961160488-16] DEBUG org.eclipse.jetty.io.ManagedSelector - update Accept@517fd79[java.nio.channels.SocketChannel[connected local=/127.0.0.1:45451 remote=/127.0.0.1:51810]]
02:56:38.388 [qtp961160488-15] DEBUG org.eclipse.jetty.server.HttpConnection - generate: DONE for SendCallback@4b9165d7[PROCESSING][i=HTTP/1.1{s=304,h=2,cl=-1},cb=org.eclipse.jetty.server.HttpChannel$SendCallback@4b9398d1] ([p=115,l=115,c=8192,r=0],[p=0,l=0,c=0,r=0],true)@END
02:56:38.388 [qtp961160488-16] DEBUG org.eclipse.jetty.util.thread.QueuedThreadPool - queue Accept@517fd79[java.nio.channels.SocketChannel[connected local=/127.0.0.1:45451 remote=/127.0.0.1:51810]] startThread=0
02:56:38.388 [qtp961160488-15] DEBUG org.eclipse.jetty.server.HttpOutput - onWriteComplete(true,null) s=CLOSING,api=BLOCKED,sc=false,e=null->s=CLOSED,api=BLOCKING,sc=false,e=null c=null cb=org.eclipse.jetty.util.Callback$3@45fea15c w=false
02:56:38.388 [qtp961160488-16] DEBUG org.eclipse.jetty.io.ManagedSelector - updates 0
02:56:38.388 [qtp961160488-16] DEBUG org.eclipse.jetty.io.ManagedSelector - Selector sun.nio.ch.EPollSelectorImpl@7c892958 waiting with 2 keys
02:56:38.388 [qtp961160488-15] DEBUG org.eclipse.jetty.server.HttpChannelState - completed HttpChannelState@3ab0f7f2{s=HANDLING rs=COMPLETING os=COMPLETED is=IDLE awp=false se=false i=false al=0}
02:56:38.388 [qtp961160488-15] DEBUG org.eclipse.jetty.server.HttpChannelState - unhandle HttpChannelState@3ab0f7f2{s=HANDLING rs=COMPLETED os=COMPLETED is=IDLE awp=false se=false i=false al=0}
02:56:38.388 [qtp961160488-15] DEBUG org.eclipse.jetty.server.HttpChannelState - nextAction(false) TERMINATED HttpChannelState@3ab0f7f2{s=IDLE rs=COMPLETED os=COMPLETED is=IDLE awp=false se=false i=false al=0}
02:56:38.388 [qtp961160488-18] DEBUG org.eclipse.jetty.util.thread.QueuedThreadPool - run Accept@517fd79[java.nio.channels.SocketChannel[connected local=/127.0.0.1:45451 remote=/127.0.0.1:51810]] in QueuedThreadPool[qtp961160488]@394a2528{STARTED,8<=8<=200,i=0,r=-1,q=0}[ReservedThreadExecutor@383bfa16{reserved=1/8,pending=0}]
02:56:38.388 [qtp961160488-15] DEBUG org.eclipse.jetty.server.HttpChannel - action TERMINATED HttpChannelOverHttp@6605d0e3{s=HttpChannelState@3ab0f7f2{s=IDLE rs=COMPLETED os=COMPLETED is=IDLE awp=false se=false i=false al=0},r=2,c=true/true,a=IDLE,uri=//localhost:45451/config.yml,age=16}
02:56:38.388 [qtp961160488-15] DEBUG org.eclipse.jetty.server.HttpChannel - onCompleted for /config.yml written=0
02:56:38.388 [qtp961160488-15] DEBUG org.eclipse.jetty.server.HttpChannelState - recycle HttpChannelState@3ab0f7f2{s=IDLE rs=COMPLETED os=COMPLETED is=IDLE awp=false se=false i=false al=0}
02:56:38.388 [qtp961160488-18] DEBUG org.eclipse.jetty.io.IdleTimeout - SocketChannelEndPoint@37e7bf12{l=/127.0.0.1:45451,r=/127.0.0.1:51810,OPEN,fill=-,flush=-,to=0/3000}{io=0/0,kio=0,kro=0}-><null> idle timeout check, elapsed: 0 ms, remaining: 3000 ms
02:56:38.388 [qtp961160488-15] DEBUG org.eclipse.jetty.http.HttpParser - reset HttpParser{s=END,0 of -1}
02:56:38.388 [qtp961160488-15] DEBUG org.eclipse.jetty.http.HttpParser - END --> START
02:56:38.388 [qtp961160488-15] DEBUG org.eclipse.jetty.server.HttpChannel - !handle TERMINATED HttpChannelOverHttp@6605d0e3{s=HttpChannelState@3ab0f7f2{s=IDLE rs=BLOCKING os=OPEN is=IDLE awp=false se=false i=true al=0},r=2,c=false/false,a=IDLE,uri=null,age=0}
02:56:38.388 [qtp961160488-15] DEBUG org.eclipse.jetty.io.ChannelEndPoint - filled 0 HeapByteBuffer@301bd4e3[p=0,l=0,c=8192,r=0]={<<<>>>HTTP/1.1 ...\x00\x00\x00\x00\x00\x00\x00}
02:56:38.388 [qtp961160488-18] DEBUG org.eclipse.jetty.server.HttpChannel - new HttpChannelOverHttp@276139b6{s=HttpChannelState@5df0922e{s=IDLE rs=BLOCKING os=OPEN is=IDLE awp=false se=false i=true al=0},r=0,c=false/false,a=IDLE,uri=null,age=0} -> SocketChannelEndPoint@37e7bf12{l=/127.0.0.1:45451,r=/127.0.0.1:51810,OPEN,fill=-,flush=-,to=0/3000}{io=0/0,kio=0,kro=0}-><null>,null,HttpChannelState@5df0922e{s=IDLE rs=BLOCKING os=OPEN is=IDLE awp=false se=false i=true al=0}
02:56:38.388 [qtp961160488-15] DEBUG org.eclipse.jetty.io.ChannelEndPoint - filled 0 HeapByteBuffer@301bd4e3[p=0,l=0,c=8192,r=0]={<<<>>>HTTP/1.1 ...\x00\x00\x00\x00\x00\x00\x00}
02:56:38.388 [qtp961160488-18] DEBUG org.eclipse.jetty.server.HttpConnection - New HTTP Connection HttpConnection@21c61cc9::SocketChannelEndPoint@37e7bf12{l=/127.0.0.1:45451,r=/127.0.0.1:51810,OPEN,fill=-,flush=-,to=0/3000}{io=0/0,kio=0,kro=0}-><null>
02:56:38.388 [qtp961160488-18] DEBUG org.eclipse.jetty.io.ManagedSelector - Queued change lazy=true org.eclipse.jetty.io.ManagedSelector$$Lambda$258/269590367@2bd328cc on ManagedSelector@4803b726{STARTED} id=1 keys=2 selected=0 updates=0
02:56:38.389 [qtp961160488-18] DEBUG org.eclipse.jetty.io.AbstractEndPoint - onOpen SocketChannelEndPoint@37e7bf12{l=/127.0.0.1:45451,r=/127.0.0.1:51810,OPEN,fill=-,flush=-,to=0/3000}{io=0/0,kio=0,kro=0}->HttpConnection@21c61cc9[p=HttpParser{s=START,0 of -1},g=HttpGenerator@5d10889{s=START}]=>HttpChannelOverHttp@276139b6{s=HttpChannelState@5df0922e{s=IDLE rs=BLOCKING os=OPEN is=IDLE awp=false se=false i=true al=0},r=0,c=false/false,a=IDLE,uri=null,age=0}
02:56:38.389 [qtp961160488-15] DEBUG org.eclipse.jetty.server.HttpConnection - HttpConnection@49caf3ce::SocketChannelEndPoint@16b54f8c{l=/127.0.0.1:45451,r=/127.0.0.1:51796,OPEN,fill=-,flush=-,to=0/3000}{io=0/0,kio=0,kro=1}->HttpConnection@49caf3ce[p=HttpParser{s=START,0 of -1},g=HttpGenerator@3d7558d8{s=START}]=>HttpChannelOverHttp@6605d0e3{s=HttpChannelState@3ab0f7f2{s=IDLE rs=BLOCKING os=OPEN is=IDLE awp=false se=false i=true al=0},r=2,c=false/false,a=IDLE,uri=null,age=0} filled 0 HeapByteBuffer@301bd4e3[p=0,l=0,c=8192,r=0]={<<<>>>HTTP/1.1 ...\x00\x00\x00\x00\x00\x00\x00}
02:56:38.389 [qtp961160488-18] DEBUG org.eclipse.jetty.io.AbstractConnection - onOpen HttpConnection@21c61cc9::SocketChannelEndPoint@37e7bf12{l=/127.0.0.1:45451,r=/127.0.0.1:51810,OPEN,fill=-,flush=-,to=0/3000}{io=0/0,kio=0,kro=0}->HttpConnection@21c61cc9[p=HttpParser{s=START,0 of -1},g=HttpGenerator@5d10889{s=START}]=>HttpChannelOverHttp@276139b6{s=HttpChannelState@5df0922e{s=IDLE rs=BLOCKING os=OPEN is=IDLE awp=false se=false i=true al=0},r=0,c=false/false,a=IDLE,uri=null,age=0}
02:56:38.389 [qtp961160488-15] DEBUG org.eclipse.jetty.server.HttpConnection - HttpConnection@49caf3ce::SocketChannelEndPoint@16b54f8c{l=/127.0.0.1:45451,r=/127.0.0.1:51796,OPEN,fill=-,flush=-,to=1/3000}{io=0/0,kio=0,kro=1}->HttpConnection@49caf3ce[p=HttpParser{s=START,0 of -1},g=HttpGenerator@3d7558d8{s=START}]=>HttpChannelOverHttp@6605d0e3{s=HttpChannelState@3ab0f7f2{s=IDLE rs=BLOCKING os=OPEN is=IDLE awp=false se=false i=true al=0},r=2,c=false/false,a=IDLE,uri=null,age=0} parse HeapByteBuffer@301bd4e3[p=0,l=0,c=8192,r=0]={<<<>>>HTTP/1.1 ...\x00\x00\x00\x00\x00\x00\x00} {}
02:56:38.389 [qtp961160488-15] DEBUG org.eclipse.jetty.http.HttpParser - parseNext s=START HeapByteBuffer@301bd4e3[p=0,l=0,c=8192,r=0]={<<<>>>HTTP/1.1 ...\x00\x00\x00\x00\x00\x00\x00}
02:56:38.389 [qtp961160488-18] DEBUG org.eclipse.jetty.io.AbstractConnection - fillInterested HttpConnection@21c61cc9::SocketChannelEndPoint@37e7bf12{l=/127.0.0.1:45451,r=/127.0.0.1:51810,OPEN,fill=-,flush=-,to=0/3000}{io=0/0,kio=0,kro=0}->HttpConnection@21c61cc9[p=HttpParser{s=START,0 of -1},g=HttpGenerator@5d10889{s=START}]=>HttpChannelOverHttp@276139b6{s=HttpChannelState@5df0922e{s=IDLE rs=BLOCKING os=OPEN is=IDLE awp=false se=false i=true al=0},r=0,c=false/false,a=IDLE,uri=null,age=0}
02:56:38.389 [qtp961160488-15] DEBUG org.eclipse.jetty.server.HttpConnection - HttpConnection@49caf3ce::SocketChannelEndPoint@16b54f8c{l=/127.0.0.1:45451,r=/127.0.0.1:51796,OPEN,fill=-,flush=-,to=1/3000}{io=0/0,kio=0,kro=1}->HttpConnection@49caf3ce[p=HttpParser{s=START,0 of -1},g=HttpGenerator@3d7558d8{s=START}]=>HttpChannelOverHttp@6605d0e3{s=HttpChannelState@3ab0f7f2{s=IDLE rs=BLOCKING os=OPEN is=IDLE awp=false se=false i=true al=0},r=2,c=false/false,a=IDLE,uri=null,age=0} parsed false HttpParser{s=START,0 of -1}
02:56:38.389 [qtp961160488-18] DEBUG org.eclipse.jetty.io.FillInterest - interested FillInterest@5c699bff{AC.ReadCB@21c61cc9{HttpConnection@21c61cc9::SocketChannelEndPoint@37e7bf12{l=/127.0.0.1:45451,r=/127.0.0.1:51810,OPEN,fill=FI,flush=-,to=0/3000}{io=0/0,kio=0,kro=0}->HttpConnection@21c61cc9[p=HttpParser{s=START,0 of -1},g=HttpGenerator@5d10889{s=START}]=>HttpChannelOverHttp@276139b6{s=HttpChannelState@5df0922e{s=IDLE rs=BLOCKING os=OPEN is=IDLE awp=false se=false i=true al=0},r=0,c=false/false,a=IDLE,uri=null,age=0}}}
02:56:38.389 [qtp961160488-15] DEBUG org.eclipse.jetty.server.HttpConnection - releaseRequestBuffer HttpConnection@49caf3ce::SocketChannelEndPoint@16b54f8c{l=/127.0.0.1:45451,r=/127.0.0.1:51796,OPEN,fill=-,flush=-,to=1/3000}{io=0/0,kio=0,kro=1}->HttpConnection@49caf3ce[p=HttpParser{s=START,0 of -1},g=HttpGenerator@3d7558d8{s=START}]=>HttpChannelOverHttp@6605d0e3{s=HttpChannelState@3ab0f7f2{s=IDLE rs=BLOCKING os=OPEN is=IDLE awp=false se=false i=true al=0},r=2,c=false/false,a=IDLE,uri=null,age=0}
02:56:38.389 [qtp961160488-18] DEBUG org.eclipse.jetty.io.ChannelEndPoint - changeInterests p=false 0->1 for SocketChannelEndPoint@37e7bf12{l=/127.0.0.1:45451,r=/127.0.0.1:51810,OPEN,fill=FI,flush=-,to=0/3000}{io=0/1,kio=0,kro=0}->HttpConnection@21c61cc9[p=HttpParser{s=START,0 of -1},g=HttpGenerator@5d10889{s=START}]=>HttpChannelOverHttp@276139b6{s=HttpChannelState@5df0922e{s=IDLE rs=BLOCKING os=OPEN is=IDLE awp=false se=false i=true al=0},r=0,c=false/false,a=IDLE,uri=null,age=0}
02:56:38.389 [qtp961160488-18] DEBUG org.eclipse.jetty.io.ManagedSelector - Queued change lazy=false org.eclipse.jetty.io.ChannelEndPoint$$Lambda$255/899789472@4d58e4ef on ManagedSelector@4803b726{STARTED} id=1 keys=2 selected=0 updates=1
02:56:38.389 [qtp961160488-18] DEBUG org.eclipse.jetty.io.ManagedSelector - Wakeup on submit ManagedSelector@4803b726{STARTED} id=1 keys=2 selected=0 updates=2
02:56:38.389 [qtp961160488-15] DEBUG org.eclipse.jetty.io.AbstractConnection - fillInterested HttpConnection@49caf3ce::SocketChannelEndPoint@16b54f8c{l=/127.0.0.1:45451,r=/127.0.0.1:51796,OPEN,fill=-,flush=-,to=1/3000}{io=0/0,kio=0,kro=1}->HttpConnection@49caf3ce[p=HttpParser{s=START,0 of -1},g=HttpGenerator@3d7558d8{s=START}]=>HttpChannelOverHttp@6605d0e3{s=HttpChannelState@3ab0f7f2{s=IDLE rs=BLOCKING os=OPEN is=IDLE awp=false se=false i=true al=0},r=2,c=false/false,a=IDLE,uri=null,age=0}
02:56:38.389 [qtp961160488-18] DEBUG org.eclipse.jetty.io.ManagedSelector - Created SocketChannelEndPoint@37e7bf12{l=/127.0.0.1:45451,r=/127.0.0.1:51810,OPEN,fill=FI,flush=-,to=0/3000}{io=0/1,kio=0,kro=0}->HttpConnection@21c61cc9[p=HttpParser{s=START,0 of -1},g=HttpGenerator@5d10889{s=START}]=>HttpChannelOverHttp@276139b6{s=HttpChannelState@5df0922e{s=IDLE rs=BLOCKING os=OPEN is=IDLE awp=false se=false i=true al=0},r=0,c=false/false,a=IDLE,uri=null,age=0}
02:56:38.389 [qtp961160488-15] DEBUG org.eclipse.jetty.io.FillInterest - interested FillInterest@4737e3{AC.ReadCB@49caf3ce{HttpConnection@49caf3ce::SocketChannelEndPoint@16b54f8c{l=/127.0.0.1:45451,r=/127.0.0.1:51796,OPEN,fill=FI,flush=-,to=0/3000}{io=0/0,kio=0,kro=1}->HttpConnection@49caf3ce[p=HttpParser{s=START,0 of -1},g=HttpGenerator@3d7558d8{s=START}]=>HttpChannelOverHttp@6605d0e3{s=HttpChannelState@3ab0f7f2{s=IDLE rs=BLOCKING os=OPEN is=IDLE awp=false se=false i=true al=0},r=2,c=false/false,a=IDLE,uri=null,age=0}}}
02:56:38.389 [qtp961160488-18] DEBUG org.eclipse.jetty.util.thread.QueuedThreadPool - ran Accept@517fd79[java.nio.channels.SocketChannel[connected local=/127.0.0.1:45451 remote=/127.0.0.1:51810]] in QueuedThreadPool[qtp961160488]@394a2528{STARTED,8<=8<=200,i=0,r=-1,q=0}[ReservedThreadExecutor@383bfa16{reserved=1/8,pending=0}]
02:56:38.390 [qtp961160488-16] DEBUG org.eclipse.jetty.io.ManagedSelector - Selector sun.nio.ch.EPollSelectorImpl@7c892958 woken with none selected
02:56:38.390 [qtp961160488-15] DEBUG org.eclipse.jetty.io.ChannelEndPoint - changeInterests p=false 0->1 for SocketChannelEndPoint@16b54f8c{l=/127.0.0.1:45451,r=/127.0.0.1:51796,OPEN,fill=FI,flush=-,to=0/3000}{io=0/1,kio=0,kro=1}->HttpConnection@49caf3ce[p=HttpParser{s=START,0 of -1},g=HttpGenerator@3d7558d8{s=START}]=>HttpChannelOverHttp@6605d0e3{s=HttpChannelState@3ab0f7f2{s=IDLE rs=BLOCKING os=OPEN is=IDLE awp=false se=false i=true al=0},r=2,c=false/false,a=IDLE,uri=null,age=0}
02:56:38.390 [qtp961160488-16] DEBUG org.eclipse.jetty.io.ManagedSelector - Selector sun.nio.ch.EPollSelectorImpl@7c892958 woken up from select, 0/0/2 selected
02:56:38.390 [qtp961160488-16] DEBUG org.eclipse.jetty.io.ManagedSelector - Selector sun.nio.ch.EPollSelectorImpl@7c892958 processing 0 keys, 2 updates
02:56:38.390 [qtp961160488-15] DEBUG org.eclipse.jetty.io.ManagedSelector - Queued change lazy=false org.eclipse.jetty.io.ChannelEndPoint$$Lambda$255/899789472@1e8de0a6 on ManagedSelector@194bcebf{STARTED} id=0 keys=1 selected=0 updates=0
02:56:38.390 [qtp961160488-16] DEBUG org.eclipse.jetty.io.ManagedSelector - updateable 2
02:56:38.390 [qtp961160488-15] DEBUG org.eclipse.jetty.io.ManagedSelector - Wakeup on submit ManagedSelector@194bcebf{STARTED} id=0 keys=1 selected=0 updates=1
02:56:38.390 [qtp961160488-16] DEBUG org.eclipse.jetty.io.ManagedSelector - update org.eclipse.jetty.io.ManagedSelector$$Lambda$258/269590367@2bd328cc
02:56:38.390 [qtp961160488-16] DEBUG org.eclipse.jetty.io.ManagedSelector - update org.eclipse.jetty.io.ChannelEndPoint$$Lambda$255/899789472@4d58e4ef
02:56:38.390 [qtp961160488-17] DEBUG org.eclipse.jetty.io.ManagedSelector - Selector sun.nio.ch.EPollSelectorImpl@33589807 woken with none selected
02:56:38.390 [qtp961160488-16] DEBUG org.eclipse.jetty.io.ChannelEndPoint - Key interests updated 0 -> 1 on SocketChannelEndPoint@37e7bf12{l=/127.0.0.1:45451,r=/127.0.0.1:51810,OPEN,fill=FI,flush=-,to=0/3000}{io=1/1,kio=1,kro=0}->HttpConnection@21c61cc9[p=HttpParser{s=START,0 of -1},g=HttpGenerator@5d10889{s=START}]=>HttpChannelOverHttp@276139b6{s=HttpChannelState@5df0922e{s=IDLE rs=BLOCKING os=OPEN is=IDLE awp=false se=false i=true al=0},r=0,c=false/false,a=IDLE,uri=null,age=0}
02:56:38.390 [qtp961160488-17] DEBUG org.eclipse.jetty.io.ManagedSelector - Selector sun.nio.ch.EPollSelectorImpl@33589807 woken up from select, 0/0/1 selected
02:56:38.390 [qtp961160488-16] DEBUG org.eclipse.jetty.io.ManagedSelector - updates 0
02:56:38.390 [qtp961160488-17] DEBUG org.eclipse.jetty.io.ManagedSelector - Selector sun.nio.ch.EPollSelectorImpl@33589807 processing 0 keys, 1 updates
02:56:38.390 [qtp961160488-16] DEBUG org.eclipse.jetty.io.ManagedSelector - Selector sun.nio.ch.EPollSelectorImpl@7c892958 waiting with 2 keys
02:56:38.390 [qtp961160488-17] DEBUG org.eclipse.jetty.io.ManagedSelector - updateable 1
02:56:38.390 [qtp961160488-17] DEBUG org.eclipse.jetty.io.ManagedSelector - update org.eclipse.jetty.io.ChannelEndPoint$$Lambda$255/899789472@1e8de0a6
02:56:38.390 [qtp961160488-16] DEBUG org.eclipse.jetty.io.ManagedSelector - Selector sun.nio.ch.EPollSelectorImpl@7c892958 woken up from select, 1/1/2 selected
02:56:38.390 [qtp961160488-16] DEBUG org.eclipse.jetty.io.ManagedSelector - Selector sun.nio.ch.EPollSelectorImpl@7c892958 processing 1 keys, 0 updates
02:56:38.390 [qtp961160488-17] DEBUG org.eclipse.jetty.io.ChannelEndPoint - Key interests updated 0 -> 1 on SocketChannelEndPoint@16b54f8c{l=/127.0.0.1:45451,r=/127.0.0.1:51796,OPEN,fill=FI,flush=-,to=0/3000}{io=1/1,kio=1,kro=1}->HttpConnection@49caf3ce[p=HttpParser{s=START,0 of -1},g=HttpGenerator@3d7558d8{s=START}]=>HttpChannelOverHttp@6605d0e3{s=HttpChannelState@3ab0f7f2{s=IDLE rs=BLOCKING os=OPEN is=IDLE awp=false se=false i=true al=0},r=2,c=false/false,a=IDLE,uri=null,age=0}
02:56:38.390 [qtp961160488-17] DEBUG org.eclipse.jetty.io.ManagedSelector - updates 0
02:56:38.390 [qtp961160488-17] DEBUG org.eclipse.jetty.io.ManagedSelector - Selector sun.nio.ch.EPollSelectorImpl@33589807 waiting with 1 keys
02:56:38.390 [qtp961160488-16] DEBUG org.eclipse.jetty.io.ManagedSelector - selected 1 sun.nio.ch.SelectionKeyImpl@7a02d6fd SocketChannelEndPoint@37e7bf12{l=/127.0.0.1:45451,r=/127.0.0.1:51810,OPEN,fill=FI,flush=-,to=1/3000}{io=1/1,kio=1,kro=1}->HttpConnection@21c61cc9[p=HttpParser{s=START,0 of -1},g=HttpGenerator@5d10889{s=START}]=>HttpChannelOverHttp@276139b6{s=HttpChannelState@5df0922e{s=IDLE rs=BLOCKING os=OPEN is=IDLE awp=false se=false i=true al=0},r=0,c=false/false,a=IDLE,uri=null,age=0} 
02:56:38.390 [qtp961160488-16] DEBUG org.eclipse.jetty.io.ChannelEndPoint - onSelected 1->0 r=true w=false for SocketChannelEndPoint@37e7bf12{l=/127.0.0.1:45451,r=/127.0.0.1:51810,OPEN,fill=FI,flush=-,to=1/3000}{io=1/0,kio=1,kro=1}->HttpConnection@21c61cc9[p=HttpParser{s=START,0 of -1},g=HttpGenerator@5d10889{s=START}]=>HttpChannelOverHttp@276139b6{s=HttpChannelState@5df0922e{s=IDLE rs=BLOCKING os=OPEN is=IDLE awp=false se=false i=true al=0},r=0,c=false/false,a=IDLE,uri=null,age=0}
02:56:38.390 [qtp961160488-15] DEBUG org.eclipse.jetty.server.HttpConnection - HttpConnection@49caf3ce::SocketChannelEndPoint@16b54f8c{l=/127.0.0.1:45451,r=/127.0.0.1:51796,OPEN,fill=FI,flush=-,to=0/3000}{io=1/1,kio=1,kro=1}->HttpConnection@49caf3ce[p=HttpParser{s=START,0 of -1},g=HttpGenerator@3d7558d8{s=START}]=>HttpChannelOverHttp@6605d0e3{s=HttpChannelState@3ab0f7f2{s=IDLE rs=BLOCKING os=OPEN is=IDLE awp=false se=false i=true al=0},r=2,c=false/false,a=IDLE,uri=null,age=0} onFillable exit HttpChannelState@3ab0f7f2{s=IDLE rs=BLOCKING os=OPEN is=IDLE awp=false se=false i=true al=0} null
02:56:38.390 [qtp961160488-15] DEBUG org.eclipse.jetty.util.thread.QueuedThreadPool - ran org.eclipse.jetty.io.ManagedSelector$$Lambda$253/838473569@957e06 in QueuedThreadPool[qtp961160488]@394a2528{STARTED,8<=8<=200,i=1,r=-1,q=0}[ReservedThreadExecutor@383bfa16{reserved=1/8,pending=0}]
02:56:38.390 [qtp961160488-16] DEBUG org.eclipse.jetty.io.ChannelEndPoint - task CEP:SocketChannelEndPoint@37e7bf12{l=/127.0.0.1:45451,r=/127.0.0.1:51810,OPEN,fill=FI,flush=-,to=1/3000}{io=1/0,kio=1,kro=1}->HttpConnection@21c61cc9[p=HttpParser{s=START,0 of -1},g=HttpGenerator@5d10889{s=START}]=>HttpChannelOverHttp@276139b6{s=HttpChannelState@5df0922e{s=IDLE rs=BLOCKING os=OPEN is=IDLE awp=false se=false i=true al=0},r=0,c=false/false,a=IDLE,uri=null,age=0}:runFillable:BLOCKING
02:56:38.391 [qtp961160488-16] DEBUG org.eclipse.jetty.util.thread.ReservedThreadExecutor - ReservedThreadExecutor@383bfa16{reserved=1/8,pending=0} tryExecute EatWhatYouKill@17497425/SelectorProducer@f0da945/PRODUCING/p=false/QueuedThreadPool[qtp961160488]@394a2528{STARTED,8<=8<=200,i=2,r=-1,q=0}[ReservedThreadExecutor@383bfa16{reserved=1/8,pending=0}][pc=0,pic=0,pec=1,epc=0]@2024-05-02T02:56:38.39+01:00
02:56:38.391 [qtp961160488-16] DEBUG org.eclipse.jetty.util.thread.ReservedThreadExecutor - ReservedThreadExecutor@383bfa16{reserved=0/8,pending=1} startReservedThread p=1
02:56:38.391 [qtp961160488-16] DEBUG org.eclipse.jetty.util.thread.QueuedThreadPool - queue ReservedThread@2bf02fdc{PENDING,thread=null} startThread=0
02:56:38.391 [qtp961160488-16] DEBUG org.eclipse.jetty.util.thread.strategy.EatWhatYouKill - EatWhatYouKill@17497425/SelectorProducer@f0da945/IDLE/p=true/QueuedThreadPool[qtp961160488]@394a2528{STARTED,8<=8<=200,i=1,r=-1,q=0}[ReservedThreadExecutor@383bfa16{reserved=0/8,pending=1}][pc=0,pic=0,pec=1,epc=0]@2024-05-02T02:56:38.391+01:00 m=EXECUTE_PRODUCE_CONSUME t=CEP:SocketChannelEndPoint@37e7bf12{l=/127.0.0.1:45451,r=/127.0.0.1:51810,OPEN,fill=FI,flush=-,to=1/3000}{io=1/0,kio=1,kro=1}->HttpConnection@21c61cc9[p=HttpParser{s=START,0 of -1},g=HttpGenerator@5d10889{s=START}]=>HttpChannelOverHttp@276139b6{s=HttpChannelState@5df0922e{s=IDLE rs=BLOCKING os=OPEN is=IDLE awp=false se=false i=true al=0},r=0,c=false/false,a=IDLE,uri=null,age=0}:runFillable:BLOCKING/BLOCKING
02:56:38.391 [qtp961160488-16] DEBUG org.eclipse.jetty.io.FillInterest - fillable FillInterest@5c699bff{AC.ReadCB@21c61cc9{HttpConnection@21c61cc9::SocketChannelEndPoint@37e7bf12{l=/127.0.0.1:45451,r=/127.0.0.1:51810,OPEN,fill=FI,flush=-,to=2/3000}{io=1/0,kio=1,kro=1}->HttpConnection@21c61cc9[p=HttpParser{s=START,0 of -1},g=HttpGenerator@5d10889{s=START}]=>HttpChannelOverHttp@276139b6{s=HttpChannelState@5df0922e{s=IDLE rs=BLOCKING os=OPEN is=IDLE awp=false se=false i=true al=0},r=0,c=false/false,a=IDLE,uri=null,age=0}}}
02:56:38.391 [qtp961160488-16] DEBUG org.eclipse.jetty.server.HttpConnection - HttpConnection@21c61cc9::SocketChannelEndPoint@37e7bf12{l=/127.0.0.1:45451,r=/127.0.0.1:51810,OPEN,fill=-,flush=-,to=2/3000}{io=1/0,kio=1,kro=1}->HttpConnection@21c61cc9[p=HttpParser{s=START,0 of -1},g=HttpGenerator@5d10889{s=START}]=>HttpChannelOverHttp@276139b6{s=HttpChannelState@5df0922e{s=IDLE rs=BLOCKING os=OPEN is=IDLE awp=false se=false i=true al=0},r=0,c=false/false,a=IDLE,uri=null,age=0} onFillable enter HttpChannelState@5df0922e{s=IDLE rs=BLOCKING os=OPEN is=IDLE awp=false se=false i=true al=0} null
02:56:38.391 [qtp961160488-16] DEBUG org.eclipse.jetty.io.ChannelEndPoint - filled 133 HeapByteBuffer@301bd4e3[p=0,l=133,c=8192,r=133]={<<<GET /config-minimal.yml H...gent: okhttp/3.12.3\r\n\r\n>>>: okhttp/...\x00\x00\x00\x00\x00\x00\x00}
02:56:38.391 [qtp961160488-16] DEBUG org.eclipse.jetty.server.HttpConnection - HttpConnection@21c61cc9::SocketChannelEndPoint@37e7bf12{l=/127.0.0.1:45451,r=/127.0.0.1:51810,OPEN,fill=-,flush=-,to=0/3000}{io=1/0,kio=1,kro=1}->HttpConnection@21c61cc9[p=HttpParser{s=START,0 of -1},g=HttpGenerator@5d10889{s=START}]=>HttpChannelOverHttp@276139b6{s=HttpChannelState@5df0922e{s=IDLE rs=BLOCKING os=OPEN is=IDLE awp=false se=false i=true al=0},r=0,c=false/false,a=IDLE,uri=null,age=0} filled 133 HeapByteBuffer@301bd4e3[p=0,l=133,c=8192,r=133]={<<<GET /config-minimal.yml H...gent: okhttp/3.12.3\r\n\r\n>>>: okhttp/...\x00\x00\x00\x00\x00\x00\x00}
02:56:38.392 [qtp961160488-16] DEBUG org.eclipse.jetty.server.HttpConnection - HttpConnection@21c61cc9::SocketChannelEndPoint@37e7bf12{l=/127.0.0.1:45451,r=/127.0.0.1:51810,OPEN,fill=-,flush=-,to=0/3000}{io=1/0,kio=1,kro=1}->HttpConnection@21c61cc9[p=HttpParser{s=START,0 of -1},g=HttpGenerator@5d10889{s=START}]=>HttpChannelOverHttp@276139b6{s=HttpChannelState@5df0922e{s=IDLE rs=BLOCKING os=OPEN is=IDLE awp=false se=false i=true al=0},r=0,c=false/false,a=IDLE,uri=null,age=0} parse HeapByteBuffer@301bd4e3[p=0,l=133,c=8192,r=133]={<<<GET /config-minimal.yml H...gent: okhttp/3.12.3\r\n\r\n>>>: okhttp/...\x00\x00\x00\x00\x00\x00\x00} {}
02:56:38.392 [qtp961160488-16] DEBUG org.eclipse.jetty.http.HttpParser - parseNext s=START HeapByteBuffer@301bd4e3[p=0,l=133,c=8192,r=133]={<<<GET /config-minimal.yml H...gent: okhttp/3.12.3\r\n\r\n>>>: okhttp/...\x00\x00\x00\x00\x00\x00\x00}
02:56:38.392 [qtp961160488-16] DEBUG org.eclipse.jetty.http.HttpParser - START --> SPACE1
02:56:38.392 [qtp961160488-16] DEBUG org.eclipse.jetty.http.HttpParser - SPACE1 --> URI
02:56:38.392 [qtp961160488-16] DEBUG org.eclipse.jetty.http.HttpParser - URI --> SPACE2
02:56:38.392 [qtp961160488-16] DEBUG org.eclipse.jetty.http.HttpParser - SPACE2 --> REQUEST_VERSION
02:56:38.392 [qtp961160488-16] DEBUG org.eclipse.jetty.http.HttpParser - REQUEST_VERSION --> HEADER
02:56:38.392 [qtp961160488-16] DEBUG org.eclipse.jetty.http.HttpParser - HEADER:Host --> VALUE
02:56:38.392 [qtp961160488-16] DEBUG org.eclipse.jetty.http.HttpParser - HEADER:Host --> IN_VALUE
02:56:38.392 [qtp961160488-16] DEBUG org.eclipse.jetty.http.HttpParser - HEADER:Host --> FIELD
02:56:38.392 [qtp961160488-16] DEBUG org.eclipse.jetty.http.HttpParser - HEADER:Connection: keep-alive --> IN_VALUE
02:56:38.392 [qtp961160488-16] DEBUG org.eclipse.jetty.http.HttpParser - HEADER:Connection: keep-alive --> FIELD
02:56:38.392 [qtp961160488-16] DEBUG org.eclipse.jetty.http.HttpParser - HEADER:Accept-Encoding: gzip --> IN_VALUE
02:56:38.392 [qtp961160488-16] DEBUG org.eclipse.jetty.http.HttpParser - HEADER:Accept-Encoding: gzip --> FIELD
02:56:38.392 [qtp961160488-16] DEBUG org.eclipse.jetty.http.HttpParser - HEADER:User-Agent --> VALUE
02:56:38.392 [qtp961160488-16] DEBUG org.eclipse.jetty.http.HttpParser - HEADER:User-Agent --> IN_VALUE
02:56:38.392 [qtp961160488-16] DEBUG org.eclipse.jetty.http.HttpParser - HEADER:User-Agent --> FIELD
02:56:38.392 [qtp961160488-16] DEBUG org.eclipse.jetty.http.HttpParser - HEADER --> CONTENT
02:56:38.392 [qtp961160488-16] DEBUG org.eclipse.jetty.server.HttpChannel - REQUEST for //localhost:45451/config-minimal.yml on HttpChannelOverHttp@276139b6{s=HttpChannelState@5df0922e{s=IDLE rs=BLOCKING os=OPEN is=IDLE awp=false se=false i=true al=0},r=1,c=false/false,a=IDLE,uri=//localhost:45451/config-minimal.yml,age=0}
GET //localhost:45451/config-minimal.yml HTTP/1.1
Host: localhost:45451
Connection: keep-alive
Accept-Encoding: gzip
User-Agent: okhttp/3.12.3


02:56:38.392 [qtp961160488-16] DEBUG org.eclipse.jetty.server.HttpConnection - HttpConnection@21c61cc9::SocketChannelEndPoint@37e7bf12{l=/127.0.0.1:45451,r=/127.0.0.1:51810,OPEN,fill=-,flush=-,to=0/3000}{io=1/0,kio=1,kro=1}->HttpConnection@21c61cc9[p=HttpParser{s=CONTENT,0 of -1},g=HttpGenerator@5d10889{s=START}]=>HttpChannelOverHttp@276139b6{s=HttpChannelState@5df0922e{s=IDLE rs=BLOCKING os=OPEN is=IDLE awp=false se=false i=true al=0},r=1,c=false/false,a=IDLE,uri=//localhost:45451/config-minimal.yml,age=0} parsed true HttpParser{s=CONTENT,0 of -1}
02:56:38.392 [qtp961160488-16] DEBUG org.eclipse.jetty.server.HttpConnection - releaseRequestBuffer HttpConnection@21c61cc9::SocketChannelEndPoint@37e7bf12{l=/127.0.0.1:45451,r=/127.0.0.1:51810,OPEN,fill=-,flush=-,to=0/3000}{io=1/0,kio=1,kro=1}->HttpConnection@21c61cc9[p=HttpParser{s=CONTENT,0 of -1},g=HttpGenerator@5d10889{s=START}]=>HttpChannelOverHttp@276139b6{s=HttpChannelState@5df0922e{s=IDLE rs=BLOCKING os=OPEN is=IDLE awp=false se=false i=true al=0},r=1,c=false/false,a=IDLE,uri=//localhost:45451/config-minimal.yml,age=0}
02:56:38.392 [qtp961160488-16] DEBUG org.eclipse.jetty.server.HttpChannel - handle //localhost:45451/config-minimal.yml HttpChannelOverHttp@276139b6{s=HttpChannelState@5df0922e{s=IDLE rs=BLOCKING os=OPEN is=IDLE awp=false se=false i=true al=0},r=1,c=false/false,a=IDLE,uri=//localhost:45451/config-minimal.yml,age=0} 
02:56:38.392 [qtp961160488-16] DEBUG org.eclipse.jetty.server.HttpChannelState - handling HttpChannelState@5df0922e{s=IDLE rs=BLOCKING os=OPEN is=IDLE awp=false se=false i=true al=0}
02:56:38.392 [qtp961160488-16] DEBUG org.eclipse.jetty.server.HttpChannel - action DISPATCH HttpChannelOverHttp@276139b6{s=HttpChannelState@5df0922e{s=HANDLING rs=BLOCKING os=OPEN is=IDLE awp=false se=false i=true al=0},r=1,c=false/false,a=HANDLING,uri=//localhost:45451/config-minimal.yml,age=0}
02:56:38.393 [qtp961160488-16] DEBUG org.eclipse.jetty.server.Server - REQUEST GET /config-minimal.yml on HttpChannelOverHttp@276139b6{s=HttpChannelState@5df0922e{s=HANDLING rs=BLOCKING os=OPEN is=IDLE awp=false se=false i=true al=0},r=1,c=false/false,a=HANDLING,uri=//localhost:45451/config-minimal.yml,age=0}
02:56:38.395 [qtp961160488-16] DEBUG org.eclipse.jetty.server.HttpOutput - write(array HeapByteBuffer@57121238[p=0,l=1469,c=262144,r=1469]={<<<# Licensed to the Apache ...tination name: PutFile\n>>>\x00\x00\x00\x00\x00\x00\x00\x00\x00...\x00\x00\x00\x00\x00\x00\x00})
02:56:38.396 [qtp961160488-16] DEBUG org.eclipse.jetty.server.HttpOutput - write(array) s=CLOSING,api=BLOCKED,sc=false,e=null last=true agg=false flush=true async=false, len=1469 null
02:56:38.396 [qtp961160488-16] DEBUG org.eclipse.jetty.server.HttpChannel - sendResponse info=null content=HeapByteBuffer@3b4b8319[p=0,l=1469,c=262144,r=1469]={<<<# Licensed to the Apache ...tination name: PutFile\n>>>\x00\x00\x00\x00\x00\x00\x00\x00\x00...\x00\x00\x00\x00\x00\x00\x00} complete=true committing=true callback=Blocker@11efc563{null}
02:56:38.396 [qtp961160488-16] DEBUG org.eclipse.jetty.server.HttpChannel - COMMIT for /config-minimal.yml on HttpChannelOverHttp@276139b6{s=HttpChannelState@5df0922e{s=HANDLING rs=BLOCKING os=COMMITTED is=IDLE awp=false se=false i=true al=0},r=1,c=false/false,a=HANDLING,uri=//localhost:45451/config-minimal.yml,age=4}
200 null HTTP/1.1
Date: Thu, 02 May 2024 01:56:38 GMT
ETag: testEtag
Content-Type: text/plain;charset=utf-8
Content-Length: 1469


02:56:38.396 [qtp961160488-16] DEBUG org.eclipse.jetty.server.HttpConnection - generate: NEED_HEADER for SendCallback@67c36425[PROCESSING][i=HTTP/1.1{s=200,h=4,cl=1469},cb=org.eclipse.jetty.server.HttpChannel$SendCallback@20072937] (null,[p=0,l=1469,c=262144,r=1469],true)@START
02:56:38.396 [qtp961160488-16] DEBUG org.eclipse.jetty.http.HttpGenerator - generateHeaders HTTP/1.1{s=200,h=4,cl=1469} last=true content=HeapByteBuffer@3b4b8319[p=0,l=1469,c=262144,r=1469]={<<<# Licensed to the Apache ...tination name: PutFile\n>>>\x00\x00\x00\x00\x00\x00\x00\x00\x00...\x00\x00\x00\x00\x00\x00\x00}
02:56:38.396 [qtp961160488-16] DEBUG org.eclipse.jetty.http.HttpGenerator - Date: Thu, 02 May 2024 01:56:38 GMT
ETag: testEtag
Content-Type: text/plain;charset=utf-8
Content-Length: 1469


02:56:38.396 [qtp961160488-16] DEBUG org.eclipse.jetty.http.HttpGenerator - CONTENT_LENGTH
02:56:38.396 [qtp961160488-16] DEBUG org.eclipse.jetty.server.HttpConnection - generate: FLUSH for SendCallback@67c36425[PROCESSING][i=HTTP/1.1{s=200,h=4,cl=1469},cb=org.eclipse.jetty.server.HttpChannel$SendCallback@20072937] ([p=0,l=167,c=8192,r=167],[p=0,l=1469,c=262144,r=1469],true)@COMPLETING
02:56:38.396 [qtp961160488-16] DEBUG org.eclipse.jetty.io.WriteFlusher - write: WriteFlusher@47332565{IDLE}->null [HeapByteBuffer@301bd4e3[p=0,l=167,c=8192,r=167]={<<<HTTP/1.1 200 OK\r\nDate: Th...y(9.4.44.v20210927)\r\n\r\n>>>\x00\x00\x00\x00\x00\x00\x00\x00\x00...\x00\x00\x00\x00\x00\x00\x00},HeapByteBuffer@3b4b8319[p=0,l=1469,c=262144,r=1469]={<<<# Licensed to the Apache ...tination name: PutFile\n>>>\x00\x00\x00\x00\x00\x00\x00\x00\x00...\x00\x00\x00\x00\x00\x00\x00}]
02:56:38.396 [qtp961160488-16] DEBUG org.eclipse.jetty.io.WriteFlusher - update WriteFlusher@47332565{WRITING}->null:IDLE-->WRITING
02:56:38.396 [main] DEBUG org.apache.nifi.minifi.bootstrap.configuration.ingestors.PullHttpChangeIngestor - Response received: Response{protocol=http/1.1, code=200, message=OK, url=http://localhost:45451/config-minimal.yml}
02:56:38.396 [qtp961160488-16] DEBUG org.eclipse.jetty.io.ChannelEndPoint - flushed 1636 SocketChannelEndPoint@37e7bf12{l=/127.0.0.1:45451,r=/127.0.0.1:51810,OPEN,fill=-,flush=W,to=4/3000}{io=1/0,kio=1,kro=1}->HttpConnection@21c61cc9[p=HttpParser{s=CONTENT,0 of -1},g=HttpGenerator@5d10889{s=COMPLETING}]=>HttpChannelOverHttp@276139b6{s=HttpChannelState@5df0922e{s=HANDLING rs=BLOCKING os=COMMITTED is=IDLE awp=false se=false i=true al=0},r=1,c=false/false,a=HANDLING,uri=//localhost:45451/config-minimal.yml,age=4}
02:56:38.396 [qtp961160488-16] DEBUG org.eclipse.jetty.io.WriteFlusher - Flushed=true written=1636 remaining=0 WriteFlusher@47332565{WRITING}->null
02:56:38.396 [main] DEBUG org.apache.nifi.minifi.bootstrap.configuration.ingestors.PullHttpChangeIngestor - Preserving previous security properties...
02:56:38.396 [qtp961160488-16] DEBUG org.eclipse.jetty.io.WriteFlusher - update WriteFlusher@47332565{IDLE}->null:WRITING-->IDLE
02:56:38.396 [qtp961160488-16] DEBUG org.eclipse.jetty.server.HttpConnection - generate: DONE for SendCallback@67c36425[PROCESSING][i=HTTP/1.1{s=200,h=4,cl=1469},cb=org.eclipse.jetty.server.HttpChannel$SendCallback@20072937] ([p=167,l=167,c=8192,r=0],[p=1469,l=1469,c=262144,r=0],true)@END
02:56:38.397 [qtp961160488-16] DEBUG org.eclipse.jetty.server.HttpOutput - onWriteComplete(true,null) s=CLOSING,api=BLOCKED,sc=false,e=null->s=CLOSED,api=BLOCKING,sc=false,e=null c=null cb=null w=false
02:56:38.397 [qtp961160488-20] DEBUG org.eclipse.jetty.util.thread.ReservedThreadExecutor - ReservedThread@2d47a3a4{RESERVED,thread=Thread[qtp961160488-20,5,main]} task=EatWhatYouKill@17497425/SelectorProducer@f0da945/IDLE/p=true/QueuedThreadPool[qtp961160488]@394a2528{STARTED,8<=8<=200,i=1,r=-1,q=0}[ReservedThreadExecutor@383bfa16{reserved=0/8,pending=1}][pc=0,pic=0,pec=1,epc=1]@2024-05-02T02:56:38.397+01:00 ReservedThreadExecutor@383bfa16{reserved=0/8,pending=1}
02:56:38.397 [qtp961160488-20] DEBUG org.eclipse.jetty.util.thread.strategy.EatWhatYouKill - EatWhatYouKill@17497425/SelectorProducer@f0da945/IDLE/p=true/QueuedThreadPool[qtp961160488]@394a2528{STARTED,8<=8<=200,i=1,r=-1,q=0}[ReservedThreadExecutor@383bfa16{reserved=0/8,pending=1}][pc=0,pic=0,pec=1,epc=1]@2024-05-02T02:56:38.397+01:00 tryProduce true
02:56:38.397 [qtp961160488-20] DEBUG org.eclipse.jetty.io.ManagedSelector - updateable 0
02:56:38.397 [qtp961160488-20] DEBUG org.eclipse.jetty.io.ManagedSelector - updates 0
02:56:38.397 [qtp961160488-20] DEBUG org.eclipse.jetty.io.ChannelEndPoint - Key interests updated 1 -> 0 on SocketChannelEndPoint@37e7bf12{l=/127.0.0.1:45451,r=/127.0.0.1:51810,OPEN,fill=-,flush=-,to=0/3000}{io=0/0,kio=0,kro=1}->HttpConnection@21c61cc9[p=HttpParser{s=CONTENT,0 of -1},g=HttpGenerator@5d10889{s=END}]=>HttpChannelOverHttp@276139b6{s=HttpChannelState@5df0922e{s=HANDLING rs=BLOCKING os=COMPLETED is=IDLE awp=false se=false i=true al=0},r=1,c=false/true,a=HANDLING,uri=//localhost:45451/config-minimal.yml,age=5}
02:56:38.397 [qtp961160488-20] DEBUG org.eclipse.jetty.io.ManagedSelector - Selector sun.nio.ch.EPollSelectorImpl@7c892958 waiting with 2 keys
02:56:38.397 [qtp961160488-18] DEBUG org.eclipse.jetty.util.thread.QueuedThreadPool - run ReservedThread@2bf02fdc{PENDING,thread=null} in QueuedThreadPool[qtp961160488]@394a2528{STARTED,8<=8<=200,i=1,r=-1,q=0}[ReservedThreadExecutor@383bfa16{reserved=0/8,pending=1}]
02:56:38.397 [qtp961160488-18] DEBUG org.eclipse.jetty.util.thread.ReservedThreadExecutor - ReservedThread@2bf02fdc{PENDING,thread=Thread[qtp961160488-18,5,main]} was=PENDING next=RESERVED size=0+1 capacity=8
02:56:38.397 [qtp961160488-18] DEBUG org.eclipse.jetty.util.thread.ReservedThreadExecutor - ReservedThread@2bf02fdc{RESERVED,thread=Thread[qtp961160488-18,5,main]} waiting ReservedThreadExecutor@383bfa16{reserved=1/8,pending=0}
02:56:38.398 [qtp961160488-16] DEBUG org.eclipse.jetty.server.HttpOutput - close() s=CLOSED,api=BLOCKING,sc=false,e=null c=null b=null
02:56:38.398 [qtp961160488-16] DEBUG org.eclipse.jetty.server.Server - handled=true async=false committed=true on HttpChannelOverHttp@276139b6{s=HttpChannelState@5df0922e{s=HANDLING rs=BLOCKING os=COMPLETED is=IDLE awp=false se=false i=true al=0},r=1,c=false/true,a=HANDLING,uri=//localhost:45451/config-minimal.yml,age=6}
02:56:38.398 [qtp961160488-16] DEBUG org.eclipse.jetty.server.HttpChannelState - unhandle HttpChannelState@5df0922e{s=HANDLING rs=BLOCKING os=COMPLETED is=IDLE awp=false se=false i=true al=0}
02:56:38.398 [qtp961160488-16] DEBUG org.eclipse.jetty.server.HttpChannelState - nextAction(false) COMPLETE HttpChannelState@5df0922e{s=HANDLING rs=COMPLETING os=COMPLETED is=IDLE awp=false se=false i=false al=0}
02:56:38.398 [qtp961160488-16] DEBUG org.eclipse.jetty.server.HttpChannel - action COMPLETE HttpChannelOverHttp@276139b6{s=HttpChannelState@5df0922e{s=HANDLING rs=COMPLETING os=COMPLETED is=IDLE awp=false se=false i=false al=0},r=1,c=false/true,a=HANDLING,uri=//localhost:45451/config-minimal.yml,age=6}
02:56:38.398 [qtp961160488-16] DEBUG org.eclipse.jetty.server.HttpOutput - complete(org.eclipse.jetty.util.Callback$3@2898243d) s=CLOSED,api=BLOCKING,sc=false,e=null s=true e=null, c=null
02:56:38.398 [qtp961160488-16] DEBUG org.eclipse.jetty.server.HttpChannelState - completed HttpChannelState@5df0922e{s=HANDLING rs=COMPLETING os=COMPLETED is=IDLE awp=false se=false i=false al=0}
02:56:38.398 [qtp961160488-16] DEBUG org.eclipse.jetty.server.HttpChannelState - unhandle HttpChannelState@5df0922e{s=HANDLING rs=COMPLETED os=COMPLETED is=IDLE awp=false se=false i=false al=0}
02:56:38.398 [qtp961160488-16] DEBUG org.eclipse.jetty.server.HttpChannelState - nextAction(false) TERMINATED HttpChannelState@5df0922e{s=IDLE rs=COMPLETED os=COMPLETED is=IDLE awp=false se=false i=false al=0}
02:56:38.398 [qtp961160488-16] DEBUG org.eclipse.jetty.server.HttpChannel - action TERMINATED HttpChannelOverHttp@276139b6{s=HttpChannelState@5df0922e{s=IDLE rs=COMPLETED os=COMPLETED is=IDLE awp=false se=false i=false al=0},r=1,c=true/true,a=IDLE,uri=//localhost:45451/config-minimal.yml,age=6}
02:56:38.398 [qtp961160488-16] DEBUG org.eclipse.jetty.server.HttpChannel - onCompleted for /config-minimal.yml written=1469
02:56:38.398 [qtp961160488-16] DEBUG org.eclipse.jetty.io.ChannelEndPoint - filled 0 HeapByteBuffer@301bd4e3[p=0,l=0,c=8192,r=0]={<<<>>>HTTP/1.1 ...\x00\x00\x00\x00\x00\x00\x00}
02:56:38.398 [qtp961160488-16] DEBUG org.eclipse.jetty.io.ChannelEndPoint - filled 0 HeapByteBuffer@301bd4e3[p=0,l=0,c=8192,r=0]={<<<>>>HTTP/1.1 ...\x00\x00\x00\x00\x00\x00\x00}
02:56:38.398 [qtp961160488-16] DEBUG org.eclipse.jetty.server.HttpConnection - HttpConnection@21c61cc9::SocketChannelEndPoint@37e7bf12{l=/127.0.0.1:45451,r=/127.0.0.1:51810,OPEN,fill=-,flush=-,to=1/3000}{io=0/0,kio=0,kro=1}->HttpConnection@21c61cc9[p=HttpParser{s=CONTENT,0 of -1},g=HttpGenerator@5d10889{s=END}]=>HttpChannelOverHttp@276139b6{s=HttpChannelState@5df0922e{s=IDLE rs=COMPLETED os=COMPLETED is=IDLE awp=false se=false i=false al=0},r=1,c=true/true,a=IDLE,uri=//localhost:45451/config-minimal.yml,age=6} filled 0 HeapByteBuffer@301bd4e3[p=0,l=0,c=8192,r=0]={<<<>>>HTTP/1.1 ...\x00\x00\x00\x00\x00\x00\x00}
02:56:38.399 [qtp961160488-16] DEBUG org.eclipse.jetty.server.HttpConnection - HttpConnection@21c61cc9::SocketChannelEndPoint@37e7bf12{l=/127.0.0.1:45451,r=/127.0.0.1:51810,OPEN,fill=-,flush=-,to=2/3000}{io=0/0,kio=0,kro=1}->HttpConnection@21c61cc9[p=HttpParser{s=CONTENT,0 of -1},g=HttpGenerator@5d10889{s=END}]=>HttpChannelOverHttp@276139b6{s=HttpChannelState@5df0922e{s=IDLE rs=COMPLETED os=COMPLETED is=IDLE awp=false se=false i=false al=0},r=1,c=true/true,a=IDLE,uri=//localhost:45451/config-minimal.yml,age=7} parse HeapByteBuffer@301bd4e3[p=0,l=0,c=8192,r=0]={<<<>>>HTTP/1.1 ...\x00\x00\x00\x00\x00\x00\x00} {}
02:56:38.399 [qtp961160488-16] DEBUG org.eclipse.jetty.http.HttpParser - parseNext s=CONTENT HeapByteBuffer@301bd4e3[p=0,l=0,c=8192,r=0]={<<<>>>HTTP/1.1 ...\x00\x00\x00\x00\x00\x00\x00}
02:56:38.399 [qtp961160488-16] DEBUG org.eclipse.jetty.http.HttpParser - CONTENT --> CONTENT_END
02:56:38.399 [qtp961160488-16] DEBUG org.eclipse.jetty.server.HttpChannel - onContentComplete HttpChannelOverHttp@276139b6{s=HttpChannelState@5df0922e{s=IDLE rs=COMPLETED os=COMPLETED is=IDLE awp=false se=false i=false al=0},r=1,c=true/true,a=IDLE,uri=//localhost:45451/config-minimal.yml,age=7}
02:56:38.399 [qtp961160488-16] DEBUG org.eclipse.jetty.http.HttpParser - CONTENT_END --> END
02:56:38.399 [qtp961160488-16] DEBUG org.eclipse.jetty.server.HttpChannel - onRequestComplete HttpChannelOverHttp@276139b6{s=HttpChannelState@5df0922e{s=IDLE rs=COMPLETED os=COMPLETED is=IDLE awp=false se=false i=false al=0},r=1,c=true/true,a=IDLE,uri=//localhost:45451/config-minimal.yml,age=7}
02:56:38.399 [qtp961160488-16] DEBUG org.eclipse.jetty.server.HttpInput - HttpInputOverHTTP@54869f47[c=0,q=0,[0]=null,s=STREAM] addContent EOF
02:56:38.399 [qtp961160488-16] DEBUG org.eclipse.jetty.server.HttpConnection - HttpConnection@21c61cc9::SocketChannelEndPoint@37e7bf12{l=/127.0.0.1:45451,r=/127.0.0.1:51810,OPEN,fill=-,flush=-,to=2/3000}{io=0/0,kio=0,kro=1}->HttpConnection@21c61cc9[p=HttpParser{s=END,0 of -1},g=HttpGenerator@5d10889{s=END}]=>HttpChannelOverHttp@276139b6{s=HttpChannelState@5df0922e{s=IDLE rs=COMPLETED os=COMPLETED is=IDLE awp=false se=false i=false al=0},r=1,c=true/true,a=IDLE,uri=//localhost:45451/config-minimal.yml,age=7} parsed false HttpParser{s=END,0 of -1}
02:56:38.399 [qtp961160488-16] DEBUG org.eclipse.jetty.server.HttpConnection - releaseRequestBuffer HttpConnection@21c61cc9::SocketChannelEndPoint@37e7bf12{l=/127.0.0.1:45451,r=/127.0.0.1:51810,OPEN,fill=-,flush=-,to=2/3000}{io=0/0,kio=0,kro=1}->HttpConnection@21c61cc9[p=HttpParser{s=END,0 of -1},g=HttpGenerator@5d10889{s=END}]=>HttpChannelOverHttp@276139b6{s=HttpChannelState@5df0922e{s=IDLE rs=COMPLETED os=COMPLETED is=IDLE awp=false se=false i=false al=0},r=1,c=true/true,a=IDLE,uri=//localhost:45451/config-minimal.yml,age=7}
02:56:38.399 [qtp961160488-16] DEBUG org.eclipse.jetty.server.HttpChannelState - recycle HttpChannelState@5df0922e{s=IDLE rs=COMPLETED os=COMPLETED is=IDLE awp=false se=false i=false al=0}
02:56:38.402 [qtp961160488-16] DEBUG org.eclipse.jetty.http.HttpParser - reset HttpParser{s=END,0 of -1}
02:56:38.402 [qtp961160488-16] DEBUG org.eclipse.jetty.http.HttpParser - END --> START
02:56:38.402 [qtp961160488-16] DEBUG org.eclipse.jetty.server.HttpChannel - !handle TERMINATED HttpChannelOverHttp@276139b6{s=HttpChannelState@5df0922e{s=IDLE rs=BLOCKING os=OPEN is=IDLE awp=false se=false i=true al=0},r=1,c=false/false,a=IDLE,uri=null,age=0}
02:56:38.402 [qtp961160488-16] DEBUG org.eclipse.jetty.io.ChannelEndPoint - filled 0 HeapByteBuffer@301bd4e3[p=0,l=0,c=8192,r=0]={<<<>>>HTTP/1.1 ...\x00\x00\x00\x00\x00\x00\x00}
02:56:38.402 [qtp961160488-16] DEBUG org.eclipse.jetty.io.ChannelEndPoint - filled 0 HeapByteBuffer@301bd4e3[p=0,l=0,c=8192,r=0]={<<<>>>HTTP/1.1 ...\x00\x00\x00\x00\x00\x00\x00}
02:56:38.402 [qtp961160488-16] DEBUG org.eclipse.jetty.server.HttpConnection - HttpConnection@21c61cc9::SocketChannelEndPoint@37e7bf12{l=/127.0.0.1:45451,r=/127.0.0.1:51810,OPEN,fill=-,flush=-,to=5/3000}{io=0/0,kio=0,kro=1}->HttpConnection@21c61cc9[p=HttpParser{s=START,0 of -1},g=HttpGenerator@5d10889{s=START}]=>HttpChannelOverHttp@276139b6{s=HttpChannelState@5df0922e{s=IDLE rs=BLOCKING os=OPEN is=IDLE awp=false se=false i=true al=0},r=1,c=false/false,a=IDLE,uri=null,age=0} filled 0 HeapByteBuffer@301bd4e3[p=0,l=0,c=8192,r=0]={<<<>>>HTTP/1.1 ...\x00\x00\x00\x00\x00\x00\x00}
02:56:38.402 [qtp961160488-16] DEBUG org.eclipse.jetty.server.HttpConnection - HttpConnection@21c61cc9::SocketChannelEndPoint@37e7bf12{l=/127.0.0.1:45451,r=/127.0.0.1:51810,OPEN,fill=-,flush=-,to=5/3000}{io=0/0,kio=0,kro=1}->HttpConnection@21c61cc9[p=HttpParser{s=START,0 of -1},g=HttpGenerator@5d10889{s=START}]=>HttpChannelOverHttp@276139b6{s=HttpChannelState@5df0922e{s=IDLE rs=BLOCKING os=OPEN is=IDLE awp=false se=false i=true al=0},r=1,c=false/false,a=IDLE,uri=null,age=0} parse HeapByteBuffer@301bd4e3[p=0,l=0,c=8192,r=0]={<<<>>>HTTP/1.1 ...\x00\x00\x00\x00\x00\x00\x00} {}
02:56:38.402 [qtp961160488-16] DEBUG org.eclipse.jetty.http.HttpParser - parseNext s=START HeapByteBuffer@301bd4e3[p=0,l=0,c=8192,r=0]={<<<>>>HTTP/1.1 ...\x00\x00\x00\x00\x00\x00\x00}
02:56:38.402 [qtp961160488-16] DEBUG org.eclipse.jetty.server.HttpConnection - HttpConnection@21c61cc9::SocketChannelEndPoint@37e7bf12{l=/127.0.0.1:45451,r=/127.0.0.1:51810,OPEN,fill=-,flush=-,to=5/3000}{io=0/0,kio=0,kro=1}->HttpConnection@21c61cc9[p=HttpParser{s=START,0 of -1},g=HttpGenerator@5d10889{s=START}]=>HttpChannelOverHttp@276139b6{s=HttpChannelState@5df0922e{s=IDLE rs=BLOCKING os=OPEN is=IDLE awp=false se=false i=true al=0},r=1,c=false/false,a=IDLE,uri=null,age=0} parsed false HttpParser{s=START,0 of -1}
02:56:38.402 [qtp961160488-16] DEBUG org.eclipse.jetty.server.HttpConnection - releaseRequestBuffer HttpConnection@21c61cc9::SocketChannelEndPoint@37e7bf12{l=/127.0.0.1:45451,r=/127.0.0.1:51810,OPEN,fill=-,flush=-,to=6/3000}{io=0/0,kio=0,kro=1}->HttpConnection@21c61cc9[p=HttpParser{s=START,0 of -1},g=HttpGenerator@5d10889{s=START}]=>HttpChannelOverHttp@276139b6{s=HttpChannelState@5df0922e{s=IDLE rs=BLOCKING os=OPEN is=IDLE awp=false se=false i=true al=0},r=1,c=false/false,a=IDLE,uri=null,age=0}
02:56:38.403 [qtp961160488-16] DEBUG org.eclipse.jetty.io.AbstractConnection - fillInterested HttpConnection@21c61cc9::SocketChannelEndPoint@37e7bf12{l=/127.0.0.1:45451,r=/127.0.0.1:51810,OPEN,fill=-,flush=-,to=6/3000}{io=0/0,kio=0,kro=1}->HttpConnection@21c61cc9[p=HttpParser{s=START,0 of -1},g=HttpGenerator@5d10889{s=START}]=>HttpChannelOverHttp@276139b6{s=HttpChannelState@5df0922e{s=IDLE rs=BLOCKING os=OPEN is=IDLE awp=false se=false i=true al=0},r=1,c=false/false,a=IDLE,uri=null,age=0}
02:56:38.403 [qtp961160488-16] DEBUG org.eclipse.jetty.io.FillInterest - interested FillInterest@5c699bff{AC.ReadCB@21c61cc9{HttpConnection@21c61cc9::SocketChannelEndPoint@37e7bf12{l=/127.0.0.1:45451,r=/127.0.0.1:51810,OPEN,fill=FI,flush=-,to=0/3000}{io=0/0,kio=0,kro=1}->HttpConnection@21c61cc9[p=HttpParser{s=START,0 of -1},g=HttpGenerator@5d10889{s=START}]=>HttpChannelOverHttp@276139b6{s=HttpChannelState@5df0922e{s=IDLE rs=BLOCKING os=OPEN is=IDLE awp=false se=false i=true al=0},r=1,c=false/false,a=IDLE,uri=null,age=0}}}
02:56:38.403 [qtp961160488-16] DEBUG org.eclipse.jetty.io.ChannelEndPoint - changeInterests p=false 0->1 for SocketChannelEndPoint@37e7bf12{l=/127.0.0.1:45451,r=/127.0.0.1:51810,OPEN,fill=FI,flush=-,to=0/3000}{io=0/1,kio=0,kro=1}->HttpConnection@21c61cc9[p=HttpParser{s=START,0 of -1},g=HttpGenerator@5d10889{s=START}]=>HttpChannelOverHttp@276139b6{s=HttpChannelState@5df0922e{s=IDLE rs=BLOCKING os=OPEN is=IDLE awp=false se=false i=true al=0},r=1,c=false/false,a=IDLE,uri=null,age=0}
02:56:38.403 [qtp961160488-16] DEBUG org.eclipse.jetty.io.ManagedSelector - Queued change lazy=false org.eclipse.jetty.io.ChannelEndPoint$$Lambda$255/899789472@4d58e4ef on ManagedSelector@4803b726{STARTED} id=1 keys=2 selected=0 updates=0
02:56:38.403 [qtp961160488-16] DEBUG org.eclipse.jetty.io.ManagedSelector - Wakeup on submit ManagedSelector@4803b726{STARTED} id=1 keys=2 selected=0 updates=1
02:56:38.403 [qtp961160488-20] DEBUG org.eclipse.jetty.io.ManagedSelector - Selector sun.nio.ch.EPollSelectorImpl@7c892958 woken with none selected
02:56:38.403 [qtp961160488-20] DEBUG org.eclipse.jetty.io.ManagedSelector - Selector sun.nio.ch.EPollSelectorImpl@7c892958 woken up from select, 0/0/2 selected
02:56:38.403 [qtp961160488-20] DEBUG org.eclipse.jetty.io.ManagedSelector - Selector sun.nio.ch.EPollSelectorImpl@7c892958 processing 0 keys, 1 updates
02:56:38.403 [qtp961160488-20] DEBUG org.eclipse.jetty.io.ManagedSelector - updateable 1
02:56:38.403 [qtp961160488-20] DEBUG org.eclipse.jetty.io.ManagedSelector - update org.eclipse.jetty.io.ChannelEndPoint$$Lambda$255/899789472@4d58e4ef
02:56:38.403 [qtp961160488-20] DEBUG org.eclipse.jetty.io.ChannelEndPoint - Key interests updated 0 -> 1 on SocketChannelEndPoint@37e7bf12{l=/127.0.0.1:45451,r=/127.0.0.1:51810,OPEN,fill=FI,flush=-,to=0/3000}{io=1/1,kio=1,kro=1}->HttpConnection@21c61cc9[p=HttpParser{s=START,0 of -1},g=HttpGenerator@5d10889{s=START}]=>HttpChannelOverHttp@276139b6{s=HttpChannelState@5df0922e{s=IDLE rs=BLOCKING os=OPEN is=IDLE awp=false se=false i=true al=0},r=1,c=false/false,a=IDLE,uri=null,age=0}
02:56:38.403 [qtp961160488-20] DEBUG org.eclipse.jetty.io.ManagedSelector - updates 0
02:56:38.403 [qtp961160488-20] DEBUG org.eclipse.jetty.io.ManagedSelector - Selector sun.nio.ch.EPollSelectorImpl@7c892958 waiting with 2 keys
02:56:38.403 [qtp961160488-16] DEBUG org.eclipse.jetty.server.HttpConnection - HttpConnection@21c61cc9::SocketChannelEndPoint@37e7bf12{l=/127.0.0.1:45451,r=/127.0.0.1:51810,OPEN,fill=FI,flush=-,to=0/3000}{io=1/1,kio=1,kro=1}->HttpConnection@21c61cc9[p=HttpParser{s=START,0 of -1},g=HttpGenerator@5d10889{s=START}]=>HttpChannelOverHttp@276139b6{s=HttpChannelState@5df0922e{s=IDLE rs=BLOCKING os=OPEN is=IDLE awp=false se=false i=true al=0},r=1,c=false/false,a=IDLE,uri=null,age=0} onFillable exit HttpChannelState@5df0922e{s=IDLE rs=BLOCKING os=OPEN is=IDLE awp=false se=false i=true al=0} null
02:56:38.404 [qtp961160488-16] DEBUG org.eclipse.jetty.util.thread.QueuedThreadPool - ran org.eclipse.jetty.io.ManagedSelector$$Lambda$253/838473569@2c1b194a in QueuedThreadPool[qtp961160488]@394a2528{STARTED,8<=8<=200,i=1,r=-1,q=0}[ReservedThreadExecutor@383bfa16{reserved=1/8,pending=0}]
02:56:38.564 [main] DEBUG org.apache.nifi.minifi.bootstrap.configuration.ingestors.PullHttpChangeIngestor - New change received, notifying listener
02:56:38.564 [main] DEBUG org.apache.nifi.minifi.bootstrap.configuration.ingestors.PullHttpChangeIngestor - Listeners notified
]]></system-out>
  </testcase>
  <testcase name="testNoUpdate" classname="org.apache.nifi.minifi.bootstrap.configuration.ingestors.PullHttpChangeIngestorTest" time="0.006">
    <system-out><![CDATA[02:56:38.575 [main] DEBUG org.apache.nifi.minifi.bootstrap.configuration.ingestors.PullHttpChangeIngestor - Attempting to pull new config
02:56:38.576 [qtp961160488-19-acceptor-0@1e1a0406-ServerConnector@446293d{HTTP/1.1, (http/1.1)}{localhost:45451}] DEBUG org.eclipse.jetty.io.ManagedSelector - Queued change lazy=false Accept@3058c586[java.nio.channels.SocketChannel[connected local=/127.0.0.1:45451 remote=/127.0.0.1:51826]] on ManagedSelector@316bcf94{STARTED} id=2 keys=1 selected=0 updates=0
02:56:38.576 [qtp961160488-19-acceptor-0@1e1a0406-ServerConnector@446293d{HTTP/1.1, (http/1.1)}{localhost:45451}] DEBUG org.eclipse.jetty.io.ManagedSelector - Wakeup on submit ManagedSelector@316bcf94{STARTED} id=2 keys=1 selected=0 updates=1
02:56:38.576 [qtp961160488-22] DEBUG org.eclipse.jetty.io.ManagedSelector - Selector sun.nio.ch.EPollSelectorImpl@736a5ca1 woken with none selected
02:56:38.576 [qtp961160488-22] DEBUG org.eclipse.jetty.io.ManagedSelector - Selector sun.nio.ch.EPollSelectorImpl@736a5ca1 woken up from select, 0/0/1 selected
02:56:38.576 [qtp961160488-22] DEBUG org.eclipse.jetty.io.ManagedSelector - Selector sun.nio.ch.EPollSelectorImpl@736a5ca1 processing 0 keys, 1 updates
02:56:38.576 [qtp961160488-22] DEBUG org.eclipse.jetty.io.ManagedSelector - updateable 1
02:56:38.576 [qtp961160488-22] DEBUG org.eclipse.jetty.io.ManagedSelector - update Accept@3058c586[java.nio.channels.SocketChannel[connected local=/127.0.0.1:45451 remote=/127.0.0.1:51826]]
02:56:38.576 [qtp961160488-22] DEBUG org.eclipse.jetty.util.thread.QueuedThreadPool - queue Accept@3058c586[java.nio.channels.SocketChannel[connected local=/127.0.0.1:45451 remote=/127.0.0.1:51826]] startThread=0
02:56:38.576 [qtp961160488-22] DEBUG org.eclipse.jetty.io.ManagedSelector - updates 0
02:56:38.576 [qtp961160488-22] DEBUG org.eclipse.jetty.io.ManagedSelector - Selector sun.nio.ch.EPollSelectorImpl@736a5ca1 waiting with 2 keys
02:56:38.576 [qtp961160488-15] DEBUG org.eclipse.jetty.util.thread.QueuedThreadPool - run Accept@3058c586[java.nio.channels.SocketChannel[connected local=/127.0.0.1:45451 remote=/127.0.0.1:51826]] in QueuedThreadPool[qtp961160488]@394a2528{STARTED,8<=8<=200,i=1,r=-1,q=0}[ReservedThreadExecutor@383bfa16{reserved=1/8,pending=0}]
02:56:38.576 [qtp961160488-15] DEBUG org.eclipse.jetty.io.IdleTimeout - SocketChannelEndPoint@6a0be14a{l=/127.0.0.1:45451,r=/127.0.0.1:51826,OPEN,fill=-,flush=-,to=0/3000}{io=0/0,kio=0,kro=0}-><null> idle timeout check, elapsed: 0 ms, remaining: 3000 ms
02:56:38.577 [qtp961160488-15] DEBUG org.eclipse.jetty.server.HttpChannel - new HttpChannelOverHttp@5a4f4916{s=HttpChannelState@68035071{s=IDLE rs=BLOCKING os=OPEN is=IDLE awp=false se=false i=true al=0},r=0,c=false/false,a=IDLE,uri=null,age=0} -> SocketChannelEndPoint@6a0be14a{l=/127.0.0.1:45451,r=/127.0.0.1:51826,OPEN,fill=-,flush=-,to=0/3000}{io=0/0,kio=0,kro=0}-><null>,null,HttpChannelState@68035071{s=IDLE rs=BLOCKING os=OPEN is=IDLE awp=false se=false i=true al=0}
02:56:38.577 [qtp961160488-15] DEBUG org.eclipse.jetty.server.HttpConnection - New HTTP Connection HttpConnection@3f8118b0::SocketChannelEndPoint@6a0be14a{l=/127.0.0.1:45451,r=/127.0.0.1:51826,OPEN,fill=-,flush=-,to=0/3000}{io=0/0,kio=0,kro=0}-><null>
02:56:38.577 [qtp961160488-15] DEBUG org.eclipse.jetty.io.ManagedSelector - Queued change lazy=true org.eclipse.jetty.io.ManagedSelector$$Lambda$258/269590367@a35bfbb on ManagedSelector@316bcf94{STARTED} id=2 keys=2 selected=0 updates=0
02:56:38.577 [qtp961160488-15] DEBUG org.eclipse.jetty.io.AbstractEndPoint - onOpen SocketChannelEndPoint@6a0be14a{l=/127.0.0.1:45451,r=/127.0.0.1:51826,OPEN,fill=-,flush=-,to=0/3000}{io=0/0,kio=0,kro=0}->HttpConnection@3f8118b0[p=HttpParser{s=START,0 of -1},g=HttpGenerator@2a124012{s=START}]=>HttpChannelOverHttp@5a4f4916{s=HttpChannelState@68035071{s=IDLE rs=BLOCKING os=OPEN is=IDLE awp=false se=false i=true al=0},r=0,c=false/false,a=IDLE,uri=null,age=0}
02:56:38.577 [qtp961160488-15] DEBUG org.eclipse.jetty.io.AbstractConnection - onOpen HttpConnection@3f8118b0::SocketChannelEndPoint@6a0be14a{l=/127.0.0.1:45451,r=/127.0.0.1:51826,OPEN,fill=-,flush=-,to=0/3000}{io=0/0,kio=0,kro=0}->HttpConnection@3f8118b0[p=HttpParser{s=START,0 of -1},g=HttpGenerator@2a124012{s=START}]=>HttpChannelOverHttp@5a4f4916{s=HttpChannelState@68035071{s=IDLE rs=BLOCKING os=OPEN is=IDLE awp=false se=false i=true al=0},r=0,c=false/false,a=IDLE,uri=null,age=0}
02:56:38.577 [qtp961160488-15] DEBUG org.eclipse.jetty.io.AbstractConnection - fillInterested HttpConnection@3f8118b0::SocketChannelEndPoint@6a0be14a{l=/127.0.0.1:45451,r=/127.0.0.1:51826,OPEN,fill=-,flush=-,to=0/3000}{io=0/0,kio=0,kro=0}->HttpConnection@3f8118b0[p=HttpParser{s=START,0 of -1},g=HttpGenerator@2a124012{s=START}]=>HttpChannelOverHttp@5a4f4916{s=HttpChannelState@68035071{s=IDLE rs=BLOCKING os=OPEN is=IDLE awp=false se=false i=true al=0},r=0,c=false/false,a=IDLE,uri=null,age=0}
02:56:38.577 [qtp961160488-15] DEBUG org.eclipse.jetty.io.FillInterest - interested FillInterest@58e01df9{AC.ReadCB@3f8118b0{HttpConnection@3f8118b0::SocketChannelEndPoint@6a0be14a{l=/127.0.0.1:45451,r=/127.0.0.1:51826,OPEN,fill=FI,flush=-,to=0/3000}{io=0/0,kio=0,kro=0}->HttpConnection@3f8118b0[p=HttpParser{s=START,0 of -1},g=HttpGenerator@2a124012{s=START}]=>HttpChannelOverHttp@5a4f4916{s=HttpChannelState@68035071{s=IDLE rs=BLOCKING os=OPEN is=IDLE awp=false se=false i=true al=0},r=0,c=false/false,a=IDLE,uri=null,age=0}}}
02:56:38.577 [qtp961160488-15] DEBUG org.eclipse.jetty.io.ChannelEndPoint - changeInterests p=false 0->1 for SocketChannelEndPoint@6a0be14a{l=/127.0.0.1:45451,r=/127.0.0.1:51826,OPEN,fill=FI,flush=-,to=0/3000}{io=0/1,kio=0,kro=0}->HttpConnection@3f8118b0[p=HttpParser{s=START,0 of -1},g=HttpGenerator@2a124012{s=START}]=>HttpChannelOverHttp@5a4f4916{s=HttpChannelState@68035071{s=IDLE rs=BLOCKING os=OPEN is=IDLE awp=false se=false i=true al=0},r=0,c=false/false,a=IDLE,uri=null,age=0}
02:56:38.577 [qtp961160488-15] DEBUG org.eclipse.jetty.io.ManagedSelector - Queued change lazy=false org.eclipse.jetty.io.ChannelEndPoint$$Lambda$255/899789472@6f13cacd on ManagedSelector@316bcf94{STARTED} id=2 keys=2 selected=0 updates=1
02:56:38.577 [qtp961160488-15] DEBUG org.eclipse.jetty.io.ManagedSelector - Wakeup on submit ManagedSelector@316bcf94{STARTED} id=2 keys=2 selected=0 updates=2
02:56:38.577 [qtp961160488-22] DEBUG org.eclipse.jetty.io.ManagedSelector - Selector sun.nio.ch.EPollSelectorImpl@736a5ca1 woken with none selected
02:56:38.577 [qtp961160488-22] DEBUG org.eclipse.jetty.io.ManagedSelector - Selector sun.nio.ch.EPollSelectorImpl@736a5ca1 woken up from select, 0/0/2 selected
02:56:38.577 [qtp961160488-22] DEBUG org.eclipse.jetty.io.ManagedSelector - Selector sun.nio.ch.EPollSelectorImpl@736a5ca1 processing 0 keys, 2 updates
02:56:38.577 [qtp961160488-15] DEBUG org.eclipse.jetty.io.ManagedSelector - Created SocketChannelEndPoint@6a0be14a{l=/127.0.0.1:45451,r=/127.0.0.1:51826,OPEN,fill=FI,flush=-,to=0/3000}{io=0/1,kio=0,kro=0}->HttpConnection@3f8118b0[p=HttpParser{s=START,0 of -1},g=HttpGenerator@2a124012{s=START}]=>HttpChannelOverHttp@5a4f4916{s=HttpChannelState@68035071{s=IDLE rs=BLOCKING os=OPEN is=IDLE awp=false se=false i=true al=0},r=0,c=false/false,a=IDLE,uri=null,age=0}
02:56:38.577 [qtp961160488-22] DEBUG org.eclipse.jetty.io.ManagedSelector - updateable 2
02:56:38.577 [qtp961160488-22] DEBUG org.eclipse.jetty.io.ManagedSelector - update org.eclipse.jetty.io.ManagedSelector$$Lambda$258/269590367@a35bfbb
02:56:38.577 [qtp961160488-22] DEBUG org.eclipse.jetty.io.ManagedSelector - update org.eclipse.jetty.io.ChannelEndPoint$$Lambda$255/899789472@6f13cacd
02:56:38.577 [qtp961160488-15] DEBUG org.eclipse.jetty.util.thread.QueuedThreadPool - ran Accept@3058c586[java.nio.channels.SocketChannel[connected local=/127.0.0.1:45451 remote=/127.0.0.1:51826]] in QueuedThreadPool[qtp961160488]@394a2528{STARTED,8<=8<=200,i=1,r=-1,q=0}[ReservedThreadExecutor@383bfa16{reserved=1/8,pending=0}]
02:56:38.578 [qtp961160488-22] DEBUG org.eclipse.jetty.io.ChannelEndPoint - Key interests updated 0 -> 1 on SocketChannelEndPoint@6a0be14a{l=/127.0.0.1:45451,r=/127.0.0.1:51826,OPEN,fill=FI,flush=-,to=0/3000}{io=1/1,kio=1,kro=0}->HttpConnection@3f8118b0[p=HttpParser{s=START,0 of -1},g=HttpGenerator@2a124012{s=START}]=>HttpChannelOverHttp@5a4f4916{s=HttpChannelState@68035071{s=IDLE rs=BLOCKING os=OPEN is=IDLE awp=false se=false i=true al=0},r=0,c=false/false,a=IDLE,uri=null,age=0}
02:56:38.578 [qtp961160488-22] DEBUG org.eclipse.jetty.io.ManagedSelector - updates 0
02:56:38.578 [qtp961160488-22] DEBUG org.eclipse.jetty.io.ManagedSelector - Selector sun.nio.ch.EPollSelectorImpl@736a5ca1 waiting with 2 keys
02:56:38.578 [qtp961160488-22] DEBUG org.eclipse.jetty.io.ManagedSelector - Selector sun.nio.ch.EPollSelectorImpl@736a5ca1 woken up from select, 1/1/2 selected
02:56:38.578 [qtp961160488-22] DEBUG org.eclipse.jetty.io.ManagedSelector - Selector sun.nio.ch.EPollSelectorImpl@736a5ca1 processing 1 keys, 0 updates
02:56:38.578 [qtp961160488-22] DEBUG org.eclipse.jetty.io.ManagedSelector - selected 1 sun.nio.ch.SelectionKeyImpl@1c801e76 SocketChannelEndPoint@6a0be14a{l=/127.0.0.1:45451,r=/127.0.0.1:51826,OPEN,fill=FI,flush=-,to=0/3000}{io=1/1,kio=1,kro=1}->HttpConnection@3f8118b0[p=HttpParser{s=START,0 of -1},g=HttpGenerator@2a124012{s=START}]=>HttpChannelOverHttp@5a4f4916{s=HttpChannelState@68035071{s=IDLE rs=BLOCKING os=OPEN is=IDLE awp=false se=false i=true al=0},r=0,c=false/false,a=IDLE,uri=null,age=0} 
02:56:38.578 [qtp961160488-22] DEBUG org.eclipse.jetty.io.ChannelEndPoint - onSelected 1->0 r=true w=false for SocketChannelEndPoint@6a0be14a{l=/127.0.0.1:45451,r=/127.0.0.1:51826,OPEN,fill=FI,flush=-,to=0/3000}{io=1/0,kio=1,kro=1}->HttpConnection@3f8118b0[p=HttpParser{s=START,0 of -1},g=HttpGenerator@2a124012{s=START}]=>HttpChannelOverHttp@5a4f4916{s=HttpChannelState@68035071{s=IDLE rs=BLOCKING os=OPEN is=IDLE awp=false se=false i=true al=0},r=0,c=false/false,a=IDLE,uri=null,age=0}
02:56:38.578 [qtp961160488-22] DEBUG org.eclipse.jetty.io.ChannelEndPoint - task CEP:SocketChannelEndPoint@6a0be14a{l=/127.0.0.1:45451,r=/127.0.0.1:51826,OPEN,fill=FI,flush=-,to=0/3000}{io=1/0,kio=1,kro=1}->HttpConnection@3f8118b0[p=HttpParser{s=START,0 of -1},g=HttpGenerator@2a124012{s=START}]=>HttpChannelOverHttp@5a4f4916{s=HttpChannelState@68035071{s=IDLE rs=BLOCKING os=OPEN is=IDLE awp=false se=false i=true al=0},r=0,c=false/false,a=IDLE,uri=null,age=0}:runFillable:BLOCKING
02:56:38.578 [qtp961160488-22] DEBUG org.eclipse.jetty.util.thread.ReservedThreadExecutor - ReservedThreadExecutor@383bfa16{reserved=1/8,pending=0} tryExecute EatWhatYouKill@ffaa6af/SelectorProducer@53ce1329/PRODUCING/p=false/QueuedThreadPool[qtp961160488]@394a2528{STARTED,8<=8<=200,i=2,r=-1,q=0}[ReservedThreadExecutor@383bfa16{reserved=1/8,pending=0}][pc=0,pic=0,pec=0,epc=1]@2024-05-02T02:56:38.578+01:00
02:56:38.578 [qtp961160488-22] DEBUG org.eclipse.jetty.util.thread.ReservedThreadExecutor - ReservedThreadExecutor@383bfa16{reserved=0/8,pending=1} startReservedThread p=1
02:56:38.578 [qtp961160488-22] DEBUG org.eclipse.jetty.util.thread.QueuedThreadPool - queue ReservedThread@18bf993e{PENDING,thread=null} startThread=0
02:56:38.578 [qtp961160488-16] DEBUG org.eclipse.jetty.util.thread.QueuedThreadPool - run ReservedThread@18bf993e{PENDING,thread=null} in QueuedThreadPool[qtp961160488]@394a2528{STARTED,8<=8<=200,i=1,r=-1,q=0}[ReservedThreadExecutor@383bfa16{reserved=0/8,pending=1}]
02:56:38.578 [qtp961160488-16] DEBUG org.eclipse.jetty.util.thread.ReservedThreadExecutor - ReservedThread@18bf993e{PENDING,thread=Thread[qtp961160488-16,5,main]} was=PENDING next=RESERVED size=0+1 capacity=8
02:56:38.578 [qtp961160488-16] DEBUG org.eclipse.jetty.util.thread.ReservedThreadExecutor - ReservedThread@18bf993e{RESERVED,thread=Thread[qtp961160488-16,5,main]} waiting ReservedThreadExecutor@383bfa16{reserved=1/8,pending=0}
02:56:38.578 [qtp961160488-18] DEBUG org.eclipse.jetty.util.thread.ReservedThreadExecutor - ReservedThread@2bf02fdc{RESERVED,thread=Thread[qtp961160488-18,5,main]} task=EatWhatYouKill@ffaa6af/SelectorProducer@53ce1329/IDLE/p=true/QueuedThreadPool[qtp961160488]@394a2528{STARTED,8<=8<=200,i=1,r=-1,q=0}[ReservedThreadExecutor@383bfa16{reserved=0/8,pending=1}][pc=0,pic=0,pec=0,epc=1]@2024-05-02T02:56:38.578+01:00 ReservedThreadExecutor@383bfa16{reserved=1/8,pending=0}
02:56:38.578 [qtp961160488-22] DEBUG org.eclipse.jetty.util.thread.strategy.EatWhatYouKill - EatWhatYouKill@ffaa6af/SelectorProducer@53ce1329/IDLE/p=true/QueuedThreadPool[qtp961160488]@394a2528{STARTED,8<=8<=200,i=1,r=-1,q=0}[ReservedThreadExecutor@383bfa16{reserved=1/8,pending=0}][pc=0,pic=0,pec=0,epc=1]@2024-05-02T02:56:38.578+01:00 m=EXECUTE_PRODUCE_CONSUME t=CEP:SocketChannelEndPoint@6a0be14a{l=/127.0.0.1:45451,r=/127.0.0.1:51826,OPEN,fill=FI,flush=-,to=1/3000}{io=1/0,kio=1,kro=1}->HttpConnection@3f8118b0[p=HttpParser{s=START,0 of -1},g=HttpGenerator@2a124012{s=START}]=>HttpChannelOverHttp@5a4f4916{s=HttpChannelState@68035071{s=IDLE rs=BLOCKING os=OPEN is=IDLE awp=false se=false i=true al=0},r=0,c=false/false,a=IDLE,uri=null,age=0}:runFillable:BLOCKING/BLOCKING
02:56:38.578 [qtp961160488-18] DEBUG org.eclipse.jetty.util.thread.strategy.EatWhatYouKill - EatWhatYouKill@ffaa6af/SelectorProducer@53ce1329/IDLE/p=true/QueuedThreadPool[qtp961160488]@394a2528{STARTED,8<=8<=200,i=1,r=-1,q=0}[ReservedThreadExecutor@383bfa16{reserved=1/8,pending=0}][pc=0,pic=0,pec=0,epc=1]@2024-05-02T02:56:38.578+01:00 tryProduce true
02:56:38.578 [qtp961160488-18] DEBUG org.eclipse.jetty.io.ManagedSelector - updateable 0
02:56:38.578 [qtp961160488-22] DEBUG org.eclipse.jetty.io.FillInterest - fillable FillInterest@58e01df9{AC.ReadCB@3f8118b0{HttpConnection@3f8118b0::SocketChannelEndPoint@6a0be14a{l=/127.0.0.1:45451,r=/127.0.0.1:51826,OPEN,fill=FI,flush=-,to=1/3000}{io=1/0,kio=1,kro=1}->HttpConnection@3f8118b0[p=HttpParser{s=START,0 of -1},g=HttpGenerator@2a124012{s=START}]=>HttpChannelOverHttp@5a4f4916{s=HttpChannelState@68035071{s=IDLE rs=BLOCKING os=OPEN is=IDLE awp=false se=false i=true al=0},r=0,c=false/false,a=IDLE,uri=null,age=0}}}
02:56:38.578 [qtp961160488-18] DEBUG org.eclipse.jetty.io.ManagedSelector - updates 0
02:56:38.579 [qtp961160488-22] DEBUG org.eclipse.jetty.server.HttpConnection - HttpConnection@3f8118b0::SocketChannelEndPoint@6a0be14a{l=/127.0.0.1:45451,r=/127.0.0.1:51826,OPEN,fill=-,flush=-,to=1/3000}{io=0/0,kio=0,kro=1}->HttpConnection@3f8118b0[p=HttpParser{s=START,0 of -1},g=HttpGenerator@2a124012{s=START}]=>HttpChannelOverHttp@5a4f4916{s=HttpChannelState@68035071{s=IDLE rs=BLOCKING os=OPEN is=IDLE awp=false se=false i=true al=0},r=0,c=false/false,a=IDLE,uri=null,age=0} onFillable enter HttpChannelState@68035071{s=IDLE rs=BLOCKING os=OPEN is=IDLE awp=false se=false i=true al=0} null
02:56:38.579 [qtp961160488-18] DEBUG org.eclipse.jetty.io.ChannelEndPoint - Key interests updated 1 -> 0 on SocketChannelEndPoint@6a0be14a{l=/127.0.0.1:45451,r=/127.0.0.1:51826,OPEN,fill=-,flush=-,to=1/3000}{io=0/0,kio=0,kro=1}->HttpConnection@3f8118b0[p=HttpParser{s=START,0 of -1},g=HttpGenerator@2a124012{s=START}]=>HttpChannelOverHttp@5a4f4916{s=HttpChannelState@68035071{s=IDLE rs=BLOCKING os=OPEN is=IDLE awp=false se=false i=true al=0},r=0,c=false/false,a=IDLE,uri=null,age=0}
02:56:38.579 [qtp961160488-18] DEBUG org.eclipse.jetty.io.ManagedSelector - Selector sun.nio.ch.EPollSelectorImpl@736a5ca1 waiting with 2 keys
02:56:38.579 [qtp961160488-22] DEBUG org.eclipse.jetty.io.ChannelEndPoint - filled 115 HeapByteBuffer@301bd4e3[p=0,l=115,c=8192,r=115]={<<<GET / HTTP/1.1\r\nHost: loc...gent: okhttp/3.12.3\r\n\r\n>>>nt-Length...\x00\x00\x00\x00\x00\x00\x00}
02:56:38.579 [qtp961160488-22] DEBUG org.eclipse.jetty.server.HttpConnection - HttpConnection@3f8118b0::SocketChannelEndPoint@6a0be14a{l=/127.0.0.1:45451,r=/127.0.0.1:51826,OPEN,fill=-,flush=-,to=0/3000}{io=0/0,kio=0,kro=1}->HttpConnection@3f8118b0[p=HttpParser{s=START,0 of -1},g=HttpGenerator@2a124012{s=START}]=>HttpChannelOverHttp@5a4f4916{s=HttpChannelState@68035071{s=IDLE rs=BLOCKING os=OPEN is=IDLE awp=false se=false i=true al=0},r=0,c=false/false,a=IDLE,uri=null,age=0} filled 115 HeapByteBuffer@301bd4e3[p=0,l=115,c=8192,r=115]={<<<GET / HTTP/1.1\r\nHost: loc...gent: okhttp/3.12.3\r\n\r\n>>>nt-Length...\x00\x00\x00\x00\x00\x00\x00}
02:56:38.579 [qtp961160488-22] DEBUG org.eclipse.jetty.server.HttpConnection - HttpConnection@3f8118b0::SocketChannelEndPoint@6a0be14a{l=/127.0.0.1:45451,r=/127.0.0.1:51826,OPEN,fill=-,flush=-,to=0/3000}{io=0/0,kio=0,kro=1}->HttpConnection@3f8118b0[p=HttpParser{s=START,0 of -1},g=HttpGenerator@2a124012{s=START}]=>HttpChannelOverHttp@5a4f4916{s=HttpChannelState@68035071{s=IDLE rs=BLOCKING os=OPEN is=IDLE awp=false se=false i=true al=0},r=0,c=false/false,a=IDLE,uri=null,age=0} parse HeapByteBuffer@301bd4e3[p=0,l=115,c=8192,r=115]={<<<GET / HTTP/1.1\r\nHost: loc...gent: okhttp/3.12.3\r\n\r\n>>>nt-Length...\x00\x00\x00\x00\x00\x00\x00} {}
02:56:38.579 [qtp961160488-22] DEBUG org.eclipse.jetty.http.HttpParser - parseNext s=START HeapByteBuffer@301bd4e3[p=0,l=115,c=8192,r=115]={<<<GET / HTTP/1.1\r\nHost: loc...gent: okhttp/3.12.3\r\n\r\n>>>nt-Length...\x00\x00\x00\x00\x00\x00\x00}
02:56:38.579 [qtp961160488-22] DEBUG org.eclipse.jetty.http.HttpParser - START --> SPACE1
02:56:38.579 [qtp961160488-22] DEBUG org.eclipse.jetty.http.HttpParser - SPACE1 --> URI
02:56:38.579 [qtp961160488-22] DEBUG org.eclipse.jetty.http.HttpParser - URI --> SPACE2
02:56:38.579 [qtp961160488-22] DEBUG org.eclipse.jetty.http.HttpParser - SPACE2 --> REQUEST_VERSION
02:56:38.579 [qtp961160488-22] DEBUG org.eclipse.jetty.http.HttpParser - REQUEST_VERSION --> HEADER
02:56:38.579 [qtp961160488-22] DEBUG org.eclipse.jetty.http.HttpParser - HEADER:Host --> VALUE
02:56:38.579 [qtp961160488-22] DEBUG org.eclipse.jetty.http.HttpParser - HEADER:Host --> IN_VALUE
02:56:38.579 [qtp961160488-22] DEBUG org.eclipse.jetty.http.HttpParser - HEADER:Host --> FIELD
02:56:38.579 [qtp961160488-22] DEBUG org.eclipse.jetty.http.HttpParser - HEADER:Connection: keep-alive --> IN_VALUE
02:56:38.579 [qtp961160488-22] DEBUG org.eclipse.jetty.http.HttpParser - HEADER:Connection: keep-alive --> FIELD
02:56:38.579 [qtp961160488-22] DEBUG org.eclipse.jetty.http.HttpParser - HEADER:Accept-Encoding: gzip --> IN_VALUE
02:56:38.579 [qtp961160488-22] DEBUG org.eclipse.jetty.http.HttpParser - HEADER:Accept-Encoding: gzip --> FIELD
02:56:38.579 [qtp961160488-22] DEBUG org.eclipse.jetty.http.HttpParser - HEADER:User-Agent --> VALUE
02:56:38.579 [qtp961160488-22] DEBUG org.eclipse.jetty.http.HttpParser - HEADER:User-Agent --> IN_VALUE
02:56:38.579 [qtp961160488-22] DEBUG org.eclipse.jetty.http.HttpParser - HEADER:User-Agent --> FIELD
02:56:38.579 [qtp961160488-22] DEBUG org.eclipse.jetty.http.HttpParser - HEADER --> CONTENT
02:56:38.579 [qtp961160488-22] DEBUG org.eclipse.jetty.server.HttpChannel - REQUEST for //localhost:45451/ on HttpChannelOverHttp@5a4f4916{s=HttpChannelState@68035071{s=IDLE rs=BLOCKING os=OPEN is=IDLE awp=false se=false i=true al=0},r=1,c=false/false,a=IDLE,uri=//localhost:45451/,age=0}
GET //localhost:45451/ HTTP/1.1
Host: localhost:45451
Connection: keep-alive
Accept-Encoding: gzip
User-Agent: okhttp/3.12.3


02:56:38.579 [qtp961160488-22] DEBUG org.eclipse.jetty.server.HttpConnection - HttpConnection@3f8118b0::SocketChannelEndPoint@6a0be14a{l=/127.0.0.1:45451,r=/127.0.0.1:51826,OPEN,fill=-,flush=-,to=0/3000}{io=0/0,kio=0,kro=1}->HttpConnection@3f8118b0[p=HttpParser{s=CONTENT,0 of -1},g=HttpGenerator@2a124012{s=START}]=>HttpChannelOverHttp@5a4f4916{s=HttpChannelState@68035071{s=IDLE rs=BLOCKING os=OPEN is=IDLE awp=false se=false i=true al=0},r=1,c=false/false,a=IDLE,uri=//localhost:45451/,age=0} parsed true HttpParser{s=CONTENT,0 of -1}
02:56:38.579 [qtp961160488-22] DEBUG org.eclipse.jetty.server.HttpConnection - releaseRequestBuffer HttpConnection@3f8118b0::SocketChannelEndPoint@6a0be14a{l=/127.0.0.1:45451,r=/127.0.0.1:51826,OPEN,fill=-,flush=-,to=0/3000}{io=0/0,kio=0,kro=1}->HttpConnection@3f8118b0[p=HttpParser{s=CONTENT,0 of -1},g=HttpGenerator@2a124012{s=START}]=>HttpChannelOverHttp@5a4f4916{s=HttpChannelState@68035071{s=IDLE rs=BLOCKING os=OPEN is=IDLE awp=false se=false i=true al=0},r=1,c=false/false,a=IDLE,uri=//localhost:45451/,age=0}
02:56:38.579 [qtp961160488-22] DEBUG org.eclipse.jetty.server.HttpChannel - handle //localhost:45451/ HttpChannelOverHttp@5a4f4916{s=HttpChannelState@68035071{s=IDLE rs=BLOCKING os=OPEN is=IDLE awp=false se=false i=true al=0},r=1,c=false/false,a=IDLE,uri=//localhost:45451/,age=0} 
02:56:38.579 [qtp961160488-22] DEBUG org.eclipse.jetty.server.HttpChannelState - handling HttpChannelState@68035071{s=IDLE rs=BLOCKING os=OPEN is=IDLE awp=false se=false i=true al=0}
02:56:38.579 [qtp961160488-22] DEBUG org.eclipse.jetty.server.HttpChannel - action DISPATCH HttpChannelOverHttp@5a4f4916{s=HttpChannelState@68035071{s=HANDLING rs=BLOCKING os=OPEN is=IDLE awp=false se=false i=true al=0},r=1,c=false/false,a=HANDLING,uri=//localhost:45451/,age=0}
02:56:38.579 [qtp961160488-22] DEBUG org.eclipse.jetty.server.Server - REQUEST GET / on HttpChannelOverHttp@5a4f4916{s=HttpChannelState@68035071{s=HANDLING rs=BLOCKING os=OPEN is=IDLE awp=false se=false i=true al=0},r=1,c=false/false,a=HANDLING,uri=//localhost:45451/,age=0}
02:56:38.579 [qtp961160488-22] DEBUG org.eclipse.jetty.server.HttpOutput - write(array HeapByteBuffer@5dbd144d[p=0,l=4,c=512,r=4]={<<<test>>>\x00\x00\x00\x00\x00\x00\x00\x00\x00...\x00\x00\x00\x00\x00\x00\x00})
02:56:38.579 [qtp961160488-22] DEBUG org.eclipse.jetty.server.HttpOutput - write(array) s=CLOSING,api=BLOCKED,sc=false,e=null last=true agg=false flush=true async=false, len=4 null
02:56:38.580 [qtp961160488-22] DEBUG org.eclipse.jetty.server.HttpChannel - sendResponse info=null content=HeapByteBuffer@70c54836[p=0,l=4,c=512,r=4]={<<<test>>>\x00\x00\x00\x00\x00\x00\x00\x00\x00...\x00\x00\x00\x00\x00\x00\x00} complete=true committing=true callback=Blocker@6caa8bf6{null}
02:56:38.580 [qtp961160488-22] DEBUG org.eclipse.jetty.server.HttpChannel - COMMIT for / on HttpChannelOverHttp@5a4f4916{s=HttpChannelState@68035071{s=HANDLING rs=BLOCKING os=COMMITTED is=IDLE awp=false se=false i=true al=0},r=1,c=false/false,a=HANDLING,uri=//localhost:45451/,age=1}
200 null HTTP/1.1
Date: Thu, 02 May 2024 01:56:38 GMT
ETag: testEtag
Content-Type: text/plain;charset=utf-8
Content-Length: 4


02:56:38.580 [qtp961160488-22] DEBUG org.eclipse.jetty.server.HttpConnection - generate: NEED_HEADER for SendCallback@8388934[PROCESSING][i=HTTP/1.1{s=200,h=4,cl=4},cb=org.eclipse.jetty.server.HttpChannel$SendCallback@3d92eb02] (null,[p=0,l=4,c=512,r=4],true)@START
02:56:38.580 [qtp961160488-22] DEBUG org.eclipse.jetty.http.HttpGenerator - generateHeaders HTTP/1.1{s=200,h=4,cl=4} last=true content=HeapByteBuffer@70c54836[p=0,l=4,c=512,r=4]={<<<test>>>\x00\x00\x00\x00\x00\x00\x00\x00\x00...\x00\x00\x00\x00\x00\x00\x00}
02:56:38.580 [qtp961160488-22] DEBUG org.eclipse.jetty.http.HttpGenerator - Date: Thu, 02 May 2024 01:56:38 GMT
ETag: testEtag
Content-Type: text/plain;charset=utf-8
Content-Length: 4


02:56:38.580 [qtp961160488-22] DEBUG org.eclipse.jetty.http.HttpGenerator - CONTENT_LENGTH
02:56:38.580 [qtp961160488-22] DEBUG org.eclipse.jetty.server.HttpConnection - generate: FLUSH for SendCallback@8388934[PROCESSING][i=HTTP/1.1{s=200,h=4,cl=4},cb=org.eclipse.jetty.server.HttpChannel$SendCallback@3d92eb02] ([p=0,l=164,c=8192,r=164],[p=0,l=4,c=512,r=4],true)@COMPLETING
02:56:38.580 [qtp961160488-22] DEBUG org.eclipse.jetty.io.WriteFlusher - write: WriteFlusher@67cc807e{IDLE}->null [HeapByteBuffer@301bd4e3[p=0,l=164,c=8192,r=164]={<<<HTTP/1.1 200 OK\r\nDate: Th...y(9.4.44.v20210927)\r\n\r\n>>>\n\r\n\x00\x00\x00\x00\x00\x00...\x00\x00\x00\x00\x00\x00\x00},HeapByteBuffer@70c54836[p=0,l=4,c=512,r=4]={<<<test>>>\x00\x00\x00\x00\x00\x00\x00\x00\x00...\x00\x00\x00\x00\x00\x00\x00}]
02:56:38.580 [qtp961160488-22] DEBUG org.eclipse.jetty.io.WriteFlusher - update WriteFlusher@67cc807e{WRITING}->null:IDLE-->WRITING
02:56:38.580 [qtp961160488-22] DEBUG org.eclipse.jetty.io.ChannelEndPoint - flushed 168 SocketChannelEndPoint@6a0be14a{l=/127.0.0.1:45451,r=/127.0.0.1:51826,OPEN,fill=-,flush=W,to=1/3000}{io=0/0,kio=0,kro=1}->HttpConnection@3f8118b0[p=HttpParser{s=CONTENT,0 of -1},g=HttpGenerator@2a124012{s=COMPLETING}]=>HttpChannelOverHttp@5a4f4916{s=HttpChannelState@68035071{s=HANDLING rs=BLOCKING os=COMMITTED is=IDLE awp=false se=false i=true al=0},r=1,c=false/false,a=HANDLING,uri=//localhost:45451/,age=1}
02:56:38.580 [main] DEBUG org.apache.nifi.minifi.bootstrap.configuration.ingestors.PullHttpChangeIngestor - Response received: Response{protocol=http/1.1, code=200, message=OK, url=http://localhost:45451/}
02:56:38.580 [qtp961160488-22] DEBUG org.eclipse.jetty.io.WriteFlusher - Flushed=true written=168 remaining=0 WriteFlusher@67cc807e{WRITING}->null
02:56:38.580 [qtp961160488-22] DEBUG org.eclipse.jetty.io.WriteFlusher - update WriteFlusher@67cc807e{IDLE}->null:WRITING-->IDLE
02:56:38.580 [qtp961160488-22] DEBUG org.eclipse.jetty.server.HttpConnection - generate: DONE for SendCallback@8388934[PROCESSING][i=HTTP/1.1{s=200,h=4,cl=4},cb=org.eclipse.jetty.server.HttpChannel$SendCallback@3d92eb02] ([p=164,l=164,c=8192,r=0],[p=4,l=4,c=512,r=0],true)@END
02:56:38.580 [qtp961160488-22] DEBUG org.eclipse.jetty.server.HttpOutput - onWriteComplete(true,null) s=CLOSING,api=BLOCKED,sc=false,e=null->s=CLOSED,api=BLOCKING,sc=false,e=null c=null cb=null w=false
02:56:38.580 [main] DEBUG org.apache.nifi.minifi.bootstrap.configuration.ingestors.PullHttpChangeIngestor - Pulled config same as currently running.
02:56:38.580 [qtp961160488-22] DEBUG org.eclipse.jetty.server.HttpOutput - close() s=CLOSED,api=BLOCKING,sc=false,e=null c=null b=null
02:56:38.580 [qtp961160488-22] DEBUG org.eclipse.jetty.server.Server - handled=true async=false committed=true on HttpChannelOverHttp@5a4f4916{s=HttpChannelState@68035071{s=HANDLING rs=BLOCKING os=COMPLETED is=IDLE awp=false se=false i=true al=0},r=1,c=false/true,a=HANDLING,uri=//localhost:45451/,age=1}
02:56:38.580 [qtp961160488-22] DEBUG org.eclipse.jetty.server.HttpChannelState - unhandle HttpChannelState@68035071{s=HANDLING rs=BLOCKING os=COMPLETED is=IDLE awp=false se=false i=true al=0}
02:56:38.580 [qtp961160488-22] DEBUG org.eclipse.jetty.server.HttpChannelState - nextAction(false) COMPLETE HttpChannelState@68035071{s=HANDLING rs=COMPLETING os=COMPLETED is=IDLE awp=false se=false i=false al=0}
02:56:38.580 [qtp961160488-22] DEBUG org.eclipse.jetty.server.HttpChannel - action COMPLETE HttpChannelOverHttp@5a4f4916{s=HttpChannelState@68035071{s=HANDLING rs=COMPLETING os=COMPLETED is=IDLE awp=false se=false i=false al=0},r=1,c=false/true,a=HANDLING,uri=//localhost:45451/,age=1}
02:56:38.580 [qtp961160488-22] DEBUG org.eclipse.jetty.server.HttpOutput - complete(org.eclipse.jetty.util.Callback$3@5f81424a) s=CLOSED,api=BLOCKING,sc=false,e=null s=true e=null, c=null
02:56:38.580 [qtp961160488-22] DEBUG org.eclipse.jetty.server.HttpChannelState - completed HttpChannelState@68035071{s=HANDLING rs=COMPLETING os=COMPLETED is=IDLE awp=false se=false i=false al=0}
02:56:38.580 [qtp961160488-22] DEBUG org.eclipse.jetty.server.HttpChannelState - unhandle HttpChannelState@68035071{s=HANDLING rs=COMPLETED os=COMPLETED is=IDLE awp=false se=false i=false al=0}
]]></system-out>
  </testcase>
  <testcase name="testNoUpdateWithPath" classname="org.apache.nifi.minifi.bootstrap.configuration.ingestors.PullHttpChangeIngestorTest" time="0.006">
    <system-out><![CDATA[02:56:38.580 [qtp961160488-22] DEBUG org.eclipse.jetty.server.HttpChannelState - nextAction(false) TERMINATED HttpChannelState@68035071{s=IDLE rs=COMPLETED os=COMPLETED is=IDLE awp=false se=false i=false al=0}
02:56:38.581 [qtp961160488-22] DEBUG org.eclipse.jetty.server.HttpChannel - action TERMINATED HttpChannelOverHttp@5a4f4916{s=HttpChannelState@68035071{s=IDLE rs=COMPLETED os=COMPLETED is=IDLE awp=false se=false i=false al=0},r=1,c=true/true,a=IDLE,uri=//localhost:45451/,age=2}
02:56:38.581 [qtp961160488-22] DEBUG org.eclipse.jetty.server.HttpChannel - onCompleted for / written=4
02:56:38.581 [qtp961160488-22] DEBUG org.eclipse.jetty.io.ChannelEndPoint - filled 0 HeapByteBuffer@301bd4e3[p=0,l=0,c=8192,r=0]={<<<>>>HTTP/1.1 ...\x00\x00\x00\x00\x00\x00\x00}
02:56:38.581 [qtp961160488-22] DEBUG org.eclipse.jetty.io.ChannelEndPoint - filled 0 HeapByteBuffer@301bd4e3[p=0,l=0,c=8192,r=0]={<<<>>>HTTP/1.1 ...\x00\x00\x00\x00\x00\x00\x00}
02:56:38.581 [qtp961160488-22] DEBUG org.eclipse.jetty.server.HttpConnection - HttpConnection@3f8118b0::SocketChannelEndPoint@6a0be14a{l=/127.0.0.1:45451,r=/127.0.0.1:51826,OPEN,fill=-,flush=-,to=0/3000}{io=0/0,kio=0,kro=1}->HttpConnection@3f8118b0[p=HttpParser{s=CONTENT,0 of -1},g=HttpGenerator@2a124012{s=END}]=>HttpChannelOverHttp@5a4f4916{s=HttpChannelState@68035071{s=IDLE rs=COMPLETED os=COMPLETED is=IDLE awp=false se=false i=false al=0},r=1,c=true/true,a=IDLE,uri=//localhost:45451/,age=2} filled 0 HeapByteBuffer@301bd4e3[p=0,l=0,c=8192,r=0]={<<<>>>HTTP/1.1 ...\x00\x00\x00\x00\x00\x00\x00}
02:56:38.581 [qtp961160488-22] DEBUG org.eclipse.jetty.server.HttpConnection - HttpConnection@3f8118b0::SocketChannelEndPoint@6a0be14a{l=/127.0.0.1:45451,r=/127.0.0.1:51826,OPEN,fill=-,flush=-,to=0/3000}{io=0/0,kio=0,kro=1}->HttpConnection@3f8118b0[p=HttpParser{s=CONTENT,0 of -1},g=HttpGenerator@2a124012{s=END}]=>HttpChannelOverHttp@5a4f4916{s=HttpChannelState@68035071{s=IDLE rs=COMPLETED os=COMPLETED is=IDLE awp=false se=false i=false al=0},r=1,c=true/true,a=IDLE,uri=//localhost:45451/,age=2} parse HeapByteBuffer@301bd4e3[p=0,l=0,c=8192,r=0]={<<<>>>HTTP/1.1 ...\x00\x00\x00\x00\x00\x00\x00} {}
02:56:38.581 [qtp961160488-22] DEBUG org.eclipse.jetty.http.HttpParser - parseNext s=CONTENT HeapByteBuffer@301bd4e3[p=0,l=0,c=8192,r=0]={<<<>>>HTTP/1.1 ...\x00\x00\x00\x00\x00\x00\x00}
02:56:38.581 [qtp961160488-22] DEBUG org.eclipse.jetty.http.HttpParser - CONTENT --> CONTENT_END
02:56:38.581 [qtp961160488-22] DEBUG org.eclipse.jetty.server.HttpChannel - onContentComplete HttpChannelOverHttp@5a4f4916{s=HttpChannelState@68035071{s=IDLE rs=COMPLETED os=COMPLETED is=IDLE awp=false se=false i=false al=0},r=1,c=true/true,a=IDLE,uri=//localhost:45451/,age=2}
02:56:38.581 [qtp961160488-22] DEBUG org.eclipse.jetty.http.HttpParser - CONTENT_END --> END
02:56:38.581 [qtp961160488-22] DEBUG org.eclipse.jetty.server.HttpChannel - onRequestComplete HttpChannelOverHttp@5a4f4916{s=HttpChannelState@68035071{s=IDLE rs=COMPLETED os=COMPLETED is=IDLE awp=false se=false i=false al=0},r=1,c=true/true,a=IDLE,uri=//localhost:45451/,age=2}
02:56:38.581 [qtp961160488-22] DEBUG org.eclipse.jetty.server.HttpInput - HttpInputOverHTTP@133c01a7[c=0,q=0,[0]=null,s=STREAM] addContent EOF
02:56:38.581 [qtp961160488-22] DEBUG org.eclipse.jetty.server.HttpConnection - HttpConnection@3f8118b0::SocketChannelEndPoint@6a0be14a{l=/127.0.0.1:45451,r=/127.0.0.1:51826,OPEN,fill=-,flush=-,to=1/3000}{io=0/0,kio=0,kro=1}->HttpConnection@3f8118b0[p=HttpParser{s=END,0 of -1},g=HttpGenerator@2a124012{s=END}]=>HttpChannelOverHttp@5a4f4916{s=HttpChannelState@68035071{s=IDLE rs=COMPLETED os=COMPLETED is=IDLE awp=false se=false i=false al=0},r=1,c=true/true,a=IDLE,uri=//localhost:45451/,age=2} parsed false HttpParser{s=END,0 of -1}
02:56:38.581 [qtp961160488-22] DEBUG org.eclipse.jetty.server.HttpConnection - releaseRequestBuffer HttpConnection@3f8118b0::SocketChannelEndPoint@6a0be14a{l=/127.0.0.1:45451,r=/127.0.0.1:51826,OPEN,fill=-,flush=-,to=1/3000}{io=0/0,kio=0,kro=1}->HttpConnection@3f8118b0[p=HttpParser{s=END,0 of -1},g=HttpGenerator@2a124012{s=END}]=>HttpChannelOverHttp@5a4f4916{s=HttpChannelState@68035071{s=IDLE rs=COMPLETED os=COMPLETED is=IDLE awp=false se=false i=false al=0},r=1,c=true/true,a=IDLE,uri=//localhost:45451/,age=2}
02:56:38.581 [qtp961160488-22] DEBUG org.eclipse.jetty.server.HttpChannelState - recycle HttpChannelState@68035071{s=IDLE rs=COMPLETED os=COMPLETED is=IDLE awp=false se=false i=false al=0}
02:56:38.582 [qtp961160488-22] DEBUG org.eclipse.jetty.http.HttpParser - reset HttpParser{s=END,0 of -1}
02:56:38.582 [qtp961160488-22] DEBUG org.eclipse.jetty.http.HttpParser - END --> START
02:56:38.582 [qtp961160488-22] DEBUG org.eclipse.jetty.server.HttpChannel - !handle TERMINATED HttpChannelOverHttp@5a4f4916{s=HttpChannelState@68035071{s=IDLE rs=BLOCKING os=OPEN is=IDLE awp=false se=false i=true al=0},r=1,c=false/false,a=IDLE,uri=null,age=0}
02:56:38.582 [qtp961160488-22] DEBUG org.eclipse.jetty.io.ChannelEndPoint - filled 0 HeapByteBuffer@301bd4e3[p=0,l=0,c=8192,r=0]={<<<>>>HTTP/1.1 ...\x00\x00\x00\x00\x00\x00\x00}
02:56:38.582 [qtp961160488-22] DEBUG org.eclipse.jetty.io.ChannelEndPoint - filled 0 HeapByteBuffer@301bd4e3[p=0,l=0,c=8192,r=0]={<<<>>>HTTP/1.1 ...\x00\x00\x00\x00\x00\x00\x00}
02:56:38.582 [main] DEBUG org.apache.nifi.minifi.bootstrap.configuration.ingestors.PullHttpChangeIngestor - Attempting to pull new config
02:56:38.582 [qtp961160488-22] DEBUG org.eclipse.jetty.server.HttpConnection - HttpConnection@3f8118b0::SocketChannelEndPoint@6a0be14a{l=/127.0.0.1:45451,r=/127.0.0.1:51826,OPEN,fill=-,flush=-,to=1/3000}{io=0/0,kio=0,kro=1}->HttpConnection@3f8118b0[p=HttpParser{s=START,0 of -1},g=HttpGenerator@2a124012{s=START}]=>HttpChannelOverHttp@5a4f4916{s=HttpChannelState@68035071{s=IDLE rs=BLOCKING os=OPEN is=IDLE awp=false se=false i=true al=0},r=1,c=false/false,a=IDLE,uri=null,age=0} filled 0 HeapByteBuffer@301bd4e3[p=0,l=0,c=8192,r=0]={<<<>>>HTTP/1.1 ...\x00\x00\x00\x00\x00\x00\x00}
02:56:38.582 [qtp961160488-22] DEBUG org.eclipse.jetty.server.HttpConnection - HttpConnection@3f8118b0::SocketChannelEndPoint@6a0be14a{l=/127.0.0.1:45451,r=/127.0.0.1:51826,OPEN,fill=-,flush=-,to=1/3000}{io=0/0,kio=0,kro=1}->HttpConnection@3f8118b0[p=HttpParser{s=START,0 of -1},g=HttpGenerator@2a124012{s=START}]=>HttpChannelOverHttp@5a4f4916{s=HttpChannelState@68035071{s=IDLE rs=BLOCKING os=OPEN is=IDLE awp=false se=false i=true al=0},r=1,c=false/false,a=IDLE,uri=null,age=0} parse HeapByteBuffer@301bd4e3[p=0,l=0,c=8192,r=0]={<<<>>>HTTP/1.1 ...\x00\x00\x00\x00\x00\x00\x00} {}
02:56:38.582 [qtp961160488-22] DEBUG org.eclipse.jetty.http.HttpParser - parseNext s=START HeapByteBuffer@301bd4e3[p=0,l=0,c=8192,r=0]={<<<>>>HTTP/1.1 ...\x00\x00\x00\x00\x00\x00\x00}
02:56:38.582 [qtp961160488-22] DEBUG org.eclipse.jetty.server.HttpConnection - HttpConnection@3f8118b0::SocketChannelEndPoint@6a0be14a{l=/127.0.0.1:45451,r=/127.0.0.1:51826,OPEN,fill=-,flush=-,to=2/3000}{io=0/0,kio=0,kro=1}->HttpConnection@3f8118b0[p=HttpParser{s=START,0 of -1},g=HttpGenerator@2a124012{s=START}]=>HttpChannelOverHttp@5a4f4916{s=HttpChannelState@68035071{s=IDLE rs=BLOCKING os=OPEN is=IDLE awp=false se=false i=true al=0},r=1,c=false/false,a=IDLE,uri=null,age=0} parsed false HttpParser{s=START,0 of -1}
02:56:38.582 [qtp961160488-22] DEBUG org.eclipse.jetty.server.HttpConnection - releaseRequestBuffer HttpConnection@3f8118b0::SocketChannelEndPoint@6a0be14a{l=/127.0.0.1:45451,r=/127.0.0.1:51826,OPEN,fill=-,flush=-,to=2/3000}{io=0/0,kio=0,kro=1}->HttpConnection@3f8118b0[p=HttpParser{s=START,0 of -1},g=HttpGenerator@2a124012{s=START}]=>HttpChannelOverHttp@5a4f4916{s=HttpChannelState@68035071{s=IDLE rs=BLOCKING os=OPEN is=IDLE awp=false se=false i=true al=0},r=1,c=false/false,a=IDLE,uri=null,age=0}
02:56:38.582 [qtp961160488-22] DEBUG org.eclipse.jetty.io.AbstractConnection - fillInterested HttpConnection@3f8118b0::SocketChannelEndPoint@6a0be14a{l=/127.0.0.1:45451,r=/127.0.0.1:51826,OPEN,fill=-,flush=-,to=2/3000}{io=0/0,kio=0,kro=1}->HttpConnection@3f8118b0[p=HttpParser{s=START,0 of -1},g=HttpGenerator@2a124012{s=START}]=>HttpChannelOverHttp@5a4f4916{s=HttpChannelState@68035071{s=IDLE rs=BLOCKING os=OPEN is=IDLE awp=false se=false i=true al=0},r=1,c=false/false,a=IDLE,uri=null,age=0}
02:56:38.582 [qtp961160488-22] DEBUG org.eclipse.jetty.io.FillInterest - interested FillInterest@58e01df9{AC.ReadCB@3f8118b0{HttpConnection@3f8118b0::SocketChannelEndPoint@6a0be14a{l=/127.0.0.1:45451,r=/127.0.0.1:51826,OPEN,fill=FI,flush=-,to=0/3000}{io=0/0,kio=0,kro=1}->HttpConnection@3f8118b0[p=HttpParser{s=START,0 of -1},g=HttpGenerator@2a124012{s=START}]=>HttpChannelOverHttp@5a4f4916{s=HttpChannelState@68035071{s=IDLE rs=BLOCKING os=OPEN is=IDLE awp=false se=false i=true al=0},r=1,c=false/false,a=IDLE,uri=null,age=0}}}
02:56:38.583 [qtp961160488-22] DEBUG org.eclipse.jetty.io.ChannelEndPoint - changeInterests p=false 0->1 for SocketChannelEndPoint@6a0be14a{l=/127.0.0.1:45451,r=/127.0.0.1:51826,OPEN,fill=FI,flush=-,to=0/3000}{io=0/1,kio=0,kro=1}->HttpConnection@3f8118b0[p=HttpParser{s=START,0 of -1},g=HttpGenerator@2a124012{s=START}]=>HttpChannelOverHttp@5a4f4916{s=HttpChannelState@68035071{s=IDLE rs=BLOCKING os=OPEN is=IDLE awp=false se=false i=true al=0},r=1,c=false/false,a=IDLE,uri=null,age=0}
02:56:38.583 [qtp961160488-19-acceptor-0@1e1a0406-ServerConnector@446293d{HTTP/1.1, (http/1.1)}{localhost:45451}] DEBUG org.eclipse.jetty.io.ManagedSelector - Queued change lazy=false Accept@7d36c6e9[java.nio.channels.SocketChannel[connected local=/127.0.0.1:45451 remote=/127.0.0.1:51832]] on ManagedSelector@1de5f259{STARTED} id=3 keys=1 selected=0 updates=0
02:56:38.583 [qtp961160488-22] DEBUG org.eclipse.jetty.io.ManagedSelector - Queued change lazy=false org.eclipse.jetty.io.ChannelEndPoint$$Lambda$255/899789472@6f13cacd on ManagedSelector@316bcf94{STARTED} id=2 keys=2 selected=0 updates=0
02:56:38.583 [qtp961160488-19-acceptor-0@1e1a0406-ServerConnector@446293d{HTTP/1.1, (http/1.1)}{localhost:45451}] DEBUG org.eclipse.jetty.io.ManagedSelector - Wakeup on submit ManagedSelector@1de5f259{STARTED} id=3 keys=1 selected=0 updates=1
02:56:38.583 [qtp961160488-22] DEBUG org.eclipse.jetty.io.ManagedSelector - Wakeup on submit ManagedSelector@316bcf94{STARTED} id=2 keys=2 selected=0 updates=1
02:56:38.583 [qtp961160488-21] DEBUG org.eclipse.jetty.io.ManagedSelector - Selector sun.nio.ch.EPollSelectorImpl@1c7c7889 woken with none selected
02:56:38.583 [qtp961160488-21] DEBUG org.eclipse.jetty.io.ManagedSelector - Selector sun.nio.ch.EPollSelectorImpl@1c7c7889 woken up from select, 0/0/1 selected
02:56:38.583 [qtp961160488-21] DEBUG org.eclipse.jetty.io.ManagedSelector - Selector sun.nio.ch.EPollSelectorImpl@1c7c7889 processing 0 keys, 1 updates
02:56:38.583 [qtp961160488-21] DEBUG org.eclipse.jetty.io.ManagedSelector - updateable 1
02:56:38.583 [qtp961160488-22] DEBUG org.eclipse.jetty.server.HttpConnection - HttpConnection@3f8118b0::SocketChannelEndPoint@6a0be14a{l=/127.0.0.1:45451,r=/127.0.0.1:51826,OPEN,fill=FI,flush=-,to=0/3000}{io=0/1,kio=0,kro=1}->HttpConnection@3f8118b0[p=HttpParser{s=START,0 of -1},g=HttpGenerator@2a124012{s=START}]=>HttpChannelOverHttp@5a4f4916{s=HttpChannelState@68035071{s=IDLE rs=BLOCKING os=OPEN is=IDLE awp=false se=false i=true al=0},r=1,c=false/false,a=IDLE,uri=null,age=0} onFillable exit HttpChannelState@68035071{s=IDLE rs=BLOCKING os=OPEN is=IDLE awp=false se=false i=true al=0} null
02:56:38.583 [qtp961160488-21] DEBUG org.eclipse.jetty.io.ManagedSelector - update Accept@7d36c6e9[java.nio.channels.SocketChannel[connected local=/127.0.0.1:45451 remote=/127.0.0.1:51832]]
02:56:38.583 [qtp961160488-22] DEBUG org.eclipse.jetty.util.thread.ReservedThreadExecutor - ReservedThread@535c2dcd{RUNNING,thread=Thread[qtp961160488-22,5,main]} was=RUNNING next=RESERVED size=0+2 capacity=8
02:56:38.583 [qtp961160488-21] DEBUG org.eclipse.jetty.util.thread.QueuedThreadPool - queue Accept@7d36c6e9[java.nio.channels.SocketChannel[connected local=/127.0.0.1:45451 remote=/127.0.0.1:51832]] startThread=0
02:56:38.583 [qtp961160488-22] DEBUG org.eclipse.jetty.util.thread.ReservedThreadExecutor - ReservedThread@535c2dcd{RESERVED,thread=Thread[qtp961160488-22,5,main]} waiting ReservedThreadExecutor@383bfa16{reserved=2/8,pending=0}
02:56:38.583 [qtp961160488-18] DEBUG org.eclipse.jetty.io.ManagedSelector - Selector sun.nio.ch.EPollSelectorImpl@736a5ca1 woken with none selected
02:56:38.583 [qtp961160488-18] DEBUG org.eclipse.jetty.io.ManagedSelector - Selector sun.nio.ch.EPollSelectorImpl@736a5ca1 woken up from select, 0/0/2 selected
02:56:38.583 [qtp961160488-18] DEBUG org.eclipse.jetty.io.ManagedSelector - Selector sun.nio.ch.EPollSelectorImpl@736a5ca1 processing 0 keys, 1 updates
02:56:38.583 [qtp961160488-18] DEBUG org.eclipse.jetty.io.ManagedSelector - updateable 1
02:56:38.583 [qtp961160488-21] DEBUG org.eclipse.jetty.io.ManagedSelector - updates 0
02:56:38.583 [qtp961160488-15] DEBUG org.eclipse.jetty.util.thread.QueuedThreadPool - run Accept@7d36c6e9[java.nio.channels.SocketChannel[connected local=/127.0.0.1:45451 remote=/127.0.0.1:51832]] in QueuedThreadPool[qtp961160488]@394a2528{STARTED,8<=8<=200,i=0,r=-1,q=0}[ReservedThreadExecutor@383bfa16{reserved=2/8,pending=0}]
02:56:38.583 [qtp961160488-15] DEBUG org.eclipse.jetty.io.IdleTimeout - SocketChannelEndPoint@487c78f3{l=/127.0.0.1:45451,r=/127.0.0.1:51832,OPEN,fill=-,flush=-,to=0/3000}{io=0/0,kio=0,kro=0}-><null> idle timeout check, elapsed: 0 ms, remaining: 3000 ms
02:56:38.583 [qtp961160488-18] DEBUG org.eclipse.jetty.io.ManagedSelector - update org.eclipse.jetty.io.ChannelEndPoint$$Lambda$255/899789472@6f13cacd
02:56:38.583 [qtp961160488-15] DEBUG org.eclipse.jetty.server.HttpChannel - new HttpChannelOverHttp@70d6b33e{s=HttpChannelState@28817708{s=IDLE rs=BLOCKING os=OPEN is=IDLE awp=false se=false i=true al=0},r=0,c=false/false,a=IDLE,uri=null,age=0} -> SocketChannelEndPoint@487c78f3{l=/127.0.0.1:45451,r=/127.0.0.1:51832,OPEN,fill=-,flush=-,to=0/3000}{io=0/0,kio=0,kro=0}-><null>,null,HttpChannelState@28817708{s=IDLE rs=BLOCKING os=OPEN is=IDLE awp=false se=false i=true al=0}
02:56:38.583 [qtp961160488-18] DEBUG org.eclipse.jetty.io.ChannelEndPoint - Key interests updated 0 -> 1 on SocketChannelEndPoint@6a0be14a{l=/127.0.0.1:45451,r=/127.0.0.1:51826,OPEN,fill=FI,flush=-,to=0/3000}{io=1/1,kio=1,kro=1}->HttpConnection@3f8118b0[p=HttpParser{s=START,0 of -1},g=HttpGenerator@2a124012{s=START}]=>HttpChannelOverHttp@5a4f4916{s=HttpChannelState@68035071{s=IDLE rs=BLOCKING os=OPEN is=IDLE awp=false se=false i=true al=0},r=1,c=false/false,a=IDLE,uri=null,age=0}
02:56:38.583 [qtp961160488-18] DEBUG org.eclipse.jetty.io.ManagedSelector - updates 0
02:56:38.583 [qtp961160488-15] DEBUG org.eclipse.jetty.server.HttpConnection - New HTTP Connection HttpConnection@59b58577::SocketChannelEndPoint@487c78f3{l=/127.0.0.1:45451,r=/127.0.0.1:51832,OPEN,fill=-,flush=-,to=0/3000}{io=0/0,kio=0,kro=0}-><null>
02:56:38.583 [qtp961160488-21] DEBUG org.eclipse.jetty.io.ManagedSelector - Selector sun.nio.ch.EPollSelectorImpl@1c7c7889 waiting with 2 keys
02:56:38.583 [qtp961160488-18] DEBUG org.eclipse.jetty.io.ManagedSelector - Selector sun.nio.ch.EPollSelectorImpl@736a5ca1 waiting with 2 keys
02:56:38.583 [qtp961160488-15] DEBUG org.eclipse.jetty.io.ManagedSelector - Queued change lazy=true org.eclipse.jetty.io.ManagedSelector$$Lambda$258/269590367@72a5c552 on ManagedSelector@1de5f259{STARTED} id=3 keys=2 selected=0 updates=0
02:56:38.584 [qtp961160488-15] DEBUG org.eclipse.jetty.io.AbstractEndPoint - onOpen SocketChannelEndPoint@487c78f3{l=/127.0.0.1:45451,r=/127.0.0.1:51832,OPEN,fill=-,flush=-,to=0/3000}{io=0/0,kio=0,kro=0}->HttpConnection@59b58577[p=HttpParser{s=START,0 of -1},g=HttpGenerator@37afc77b{s=START}]=>HttpChannelOverHttp@70d6b33e{s=HttpChannelState@28817708{s=IDLE rs=BLOCKING os=OPEN is=IDLE awp=false se=false i=true al=0},r=0,c=false/false,a=IDLE,uri=null,age=0}
02:56:38.584 [qtp961160488-15] DEBUG org.eclipse.jetty.io.AbstractConnection - onOpen HttpConnection@59b58577::SocketChannelEndPoint@487c78f3{l=/127.0.0.1:45451,r=/127.0.0.1:51832,OPEN,fill=-,flush=-,to=0/3000}{io=0/0,kio=0,kro=0}->HttpConnection@59b58577[p=HttpParser{s=START,0 of -1},g=HttpGenerator@37afc77b{s=START}]=>HttpChannelOverHttp@70d6b33e{s=HttpChannelState@28817708{s=IDLE rs=BLOCKING os=OPEN is=IDLE awp=false se=false i=true al=0},r=0,c=false/false,a=IDLE,uri=null,age=0}
02:56:38.584 [qtp961160488-15] DEBUG org.eclipse.jetty.io.AbstractConnection - fillInterested HttpConnection@59b58577::SocketChannelEndPoint@487c78f3{l=/127.0.0.1:45451,r=/127.0.0.1:51832,OPEN,fill=-,flush=-,to=0/3000}{io=0/0,kio=0,kro=0}->HttpConnection@59b58577[p=HttpParser{s=START,0 of -1},g=HttpGenerator@37afc77b{s=START}]=>HttpChannelOverHttp@70d6b33e{s=HttpChannelState@28817708{s=IDLE rs=BLOCKING os=OPEN is=IDLE awp=false se=false i=true al=0},r=0,c=false/false,a=IDLE,uri=null,age=0}
02:56:38.584 [qtp961160488-15] DEBUG org.eclipse.jetty.io.FillInterest - interested FillInterest@1435cfb1{AC.ReadCB@59b58577{HttpConnection@59b58577::SocketChannelEndPoint@487c78f3{l=/127.0.0.1:45451,r=/127.0.0.1:51832,OPEN,fill=FI,flush=-,to=0/3000}{io=0/0,kio=0,kro=0}->HttpConnection@59b58577[p=HttpParser{s=START,0 of -1},g=HttpGenerator@37afc77b{s=START}]=>HttpChannelOverHttp@70d6b33e{s=HttpChannelState@28817708{s=IDLE rs=BLOCKING os=OPEN is=IDLE awp=false se=false i=true al=0},r=0,c=false/false,a=IDLE,uri=null,age=0}}}
02:56:38.584 [qtp961160488-15] DEBUG org.eclipse.jetty.io.ChannelEndPoint - changeInterests p=false 0->1 for SocketChannelEndPoint@487c78f3{l=/127.0.0.1:45451,r=/127.0.0.1:51832,OPEN,fill=FI,flush=-,to=0/3000}{io=0/1,kio=0,kro=0}->HttpConnection@59b58577[p=HttpParser{s=START,0 of -1},g=HttpGenerator@37afc77b{s=START}]=>HttpChannelOverHttp@70d6b33e{s=HttpChannelState@28817708{s=IDLE rs=BLOCKING os=OPEN is=IDLE awp=false se=false i=true al=0},r=0,c=false/false,a=IDLE,uri=null,age=0}
02:56:38.584 [qtp961160488-15] DEBUG org.eclipse.jetty.io.ManagedSelector - Queued change lazy=false org.eclipse.jetty.io.ChannelEndPoint$$Lambda$255/899789472@61de7e7d on ManagedSelector@1de5f259{STARTED} id=3 keys=2 selected=0 updates=1
02:56:38.584 [qtp961160488-15] DEBUG org.eclipse.jetty.io.ManagedSelector - Wakeup on submit ManagedSelector@1de5f259{STARTED} id=3 keys=2 selected=0 updates=2
02:56:38.584 [qtp961160488-21] DEBUG org.eclipse.jetty.io.ManagedSelector - Selector sun.nio.ch.EPollSelectorImpl@1c7c7889 woken with none selected
02:56:38.584 [qtp961160488-21] DEBUG org.eclipse.jetty.io.ManagedSelector - Selector sun.nio.ch.EPollSelectorImpl@1c7c7889 woken up from select, 0/0/2 selected
02:56:38.584 [qtp961160488-21] DEBUG org.eclipse.jetty.io.ManagedSelector - Selector sun.nio.ch.EPollSelectorImpl@1c7c7889 processing 0 keys, 2 updates
02:56:38.584 [qtp961160488-15] DEBUG org.eclipse.jetty.io.ManagedSelector - Created SocketChannelEndPoint@487c78f3{l=/127.0.0.1:45451,r=/127.0.0.1:51832,OPEN,fill=FI,flush=-,to=0/3000}{io=0/1,kio=0,kro=0}->HttpConnection@59b58577[p=HttpParser{s=START,0 of -1},g=HttpGenerator@37afc77b{s=START}]=>HttpChannelOverHttp@70d6b33e{s=HttpChannelState@28817708{s=IDLE rs=BLOCKING os=OPEN is=IDLE awp=false se=false i=true al=0},r=0,c=false/false,a=IDLE,uri=null,age=0}
02:56:38.584 [qtp961160488-21] DEBUG org.eclipse.jetty.io.ManagedSelector - updateable 2
02:56:38.584 [qtp961160488-21] DEBUG org.eclipse.jetty.io.ManagedSelector - update org.eclipse.jetty.io.ManagedSelector$$Lambda$258/269590367@72a5c552
02:56:38.584 [qtp961160488-21] DEBUG org.eclipse.jetty.io.ManagedSelector - update org.eclipse.jetty.io.ChannelEndPoint$$Lambda$255/899789472@61de7e7d
02:56:38.584 [qtp961160488-15] DEBUG org.eclipse.jetty.util.thread.QueuedThreadPool - ran Accept@7d36c6e9[java.nio.channels.SocketChannel[connected local=/127.0.0.1:45451 remote=/127.0.0.1:51832]] in QueuedThreadPool[qtp961160488]@394a2528{STARTED,8<=8<=200,i=0,r=-1,q=0}[ReservedThreadExecutor@383bfa16{reserved=2/8,pending=0}]
02:56:38.584 [qtp961160488-21] DEBUG org.eclipse.jetty.io.ChannelEndPoint - Key interests updated 0 -> 1 on SocketChannelEndPoint@487c78f3{l=/127.0.0.1:45451,r=/127.0.0.1:51832,OPEN,fill=FI,flush=-,to=0/3000}{io=1/1,kio=1,kro=0}->HttpConnection@59b58577[p=HttpParser{s=START,0 of -1},g=HttpGenerator@37afc77b{s=START}]=>HttpChannelOverHttp@70d6b33e{s=HttpChannelState@28817708{s=IDLE rs=BLOCKING os=OPEN is=IDLE awp=false se=false i=true al=0},r=0,c=false/false,a=IDLE,uri=null,age=0}
02:56:38.584 [qtp961160488-21] DEBUG org.eclipse.jetty.io.ManagedSelector - updates 0
02:56:38.584 [qtp961160488-21] DEBUG org.eclipse.jetty.io.ManagedSelector - Selector sun.nio.ch.EPollSelectorImpl@1c7c7889 waiting with 2 keys
02:56:38.584 [qtp961160488-21] DEBUG org.eclipse.jetty.io.ManagedSelector - Selector sun.nio.ch.EPollSelectorImpl@1c7c7889 woken up from select, 1/1/2 selected
02:56:38.585 [qtp961160488-21] DEBUG org.eclipse.jetty.io.ManagedSelector - Selector sun.nio.ch.EPollSelectorImpl@1c7c7889 processing 1 keys, 0 updates
02:56:38.585 [qtp961160488-21] DEBUG org.eclipse.jetty.io.ManagedSelector - selected 1 sun.nio.ch.SelectionKeyImpl@659fb1fd SocketChannelEndPoint@487c78f3{l=/127.0.0.1:45451,r=/127.0.0.1:51832,OPEN,fill=FI,flush=-,to=0/3000}{io=1/1,kio=1,kro=1}->HttpConnection@59b58577[p=HttpParser{s=START,0 of -1},g=HttpGenerator@37afc77b{s=START}]=>HttpChannelOverHttp@70d6b33e{s=HttpChannelState@28817708{s=IDLE rs=BLOCKING os=OPEN is=IDLE awp=false se=false i=true al=0},r=0,c=false/false,a=IDLE,uri=null,age=0} 
02:56:38.585 [qtp961160488-21] DEBUG org.eclipse.jetty.io.ChannelEndPoint - onSelected 1->0 r=true w=false for SocketChannelEndPoint@487c78f3{l=/127.0.0.1:45451,r=/127.0.0.1:51832,OPEN,fill=FI,flush=-,to=0/3000}{io=1/0,kio=1,kro=1}->HttpConnection@59b58577[p=HttpParser{s=START,0 of -1},g=HttpGenerator@37afc77b{s=START}]=>HttpChannelOverHttp@70d6b33e{s=HttpChannelState@28817708{s=IDLE rs=BLOCKING os=OPEN is=IDLE awp=false se=false i=true al=0},r=0,c=false/false,a=IDLE,uri=null,age=0}
02:56:38.585 [qtp961160488-21] DEBUG org.eclipse.jetty.io.ChannelEndPoint - task CEP:SocketChannelEndPoint@487c78f3{l=/127.0.0.1:45451,r=/127.0.0.1:51832,OPEN,fill=FI,flush=-,to=0/3000}{io=1/0,kio=1,kro=1}->HttpConnection@59b58577[p=HttpParser{s=START,0 of -1},g=HttpGenerator@37afc77b{s=START}]=>HttpChannelOverHttp@70d6b33e{s=HttpChannelState@28817708{s=IDLE rs=BLOCKING os=OPEN is=IDLE awp=false se=false i=true al=0},r=0,c=false/false,a=IDLE,uri=null,age=0}:runFillable:BLOCKING
02:56:38.585 [qtp961160488-21] DEBUG org.eclipse.jetty.util.thread.ReservedThreadExecutor - ReservedThreadExecutor@383bfa16{reserved=2/8,pending=0} tryExecute EatWhatYouKill@6404f418/SelectorProducer@3e11f9e9/PRODUCING/p=false/QueuedThreadPool[qtp961160488]@394a2528{STARTED,8<=8<=200,i=1,r=-1,q=0}[ReservedThreadExecutor@383bfa16{reserved=2/8,pending=0}][pc=0,pic=0,pec=0,epc=1]@2024-05-02T02:56:38.585+01:00
02:56:38.585 [qtp961160488-21] DEBUG org.eclipse.jetty.util.thread.strategy.EatWhatYouKill - EatWhatYouKill@6404f418/SelectorProducer@3e11f9e9/IDLE/p=true/QueuedThreadPool[qtp961160488]@394a2528{STARTED,8<=8<=200,i=1,r=-1,q=0}[ReservedThreadExecutor@383bfa16{reserved=1/8,pending=0}][pc=0,pic=0,pec=0,epc=1]@2024-05-02T02:56:38.585+01:00 m=EXECUTE_PRODUCE_CONSUME t=CEP:SocketChannelEndPoint@487c78f3{l=/127.0.0.1:45451,r=/127.0.0.1:51832,OPEN,fill=FI,flush=-,to=1/3000}{io=1/0,kio=1,kro=1}->HttpConnection@59b58577[p=HttpParser{s=START,0 of -1},g=HttpGenerator@37afc77b{s=START}]=>HttpChannelOverHttp@70d6b33e{s=HttpChannelState@28817708{s=IDLE rs=BLOCKING os=OPEN is=IDLE awp=false se=false i=true al=0},r=0,c=false/false,a=IDLE,uri=null,age=0}:runFillable:BLOCKING/BLOCKING
02:56:38.585 [qtp961160488-22] DEBUG org.eclipse.jetty.util.thread.ReservedThreadExecutor - ReservedThread@535c2dcd{RESERVED,thread=Thread[qtp961160488-22,5,main]} task=EatWhatYouKill@6404f418/SelectorProducer@3e11f9e9/IDLE/p=true/QueuedThreadPool[qtp961160488]@394a2528{STARTED,8<=8<=200,i=1,r=-1,q=0}[ReservedThreadExecutor@383bfa16{reserved=1/8,pending=0}][pc=0,pic=0,pec=0,epc=1]@2024-05-02T02:56:38.585+01:00 ReservedThreadExecutor@383bfa16{reserved=1/8,pending=0}
02:56:38.585 [qtp961160488-21] DEBUG org.eclipse.jetty.io.FillInterest - fillable FillInterest@1435cfb1{AC.ReadCB@59b58577{HttpConnection@59b58577::SocketChannelEndPoint@487c78f3{l=/127.0.0.1:45451,r=/127.0.0.1:51832,OPEN,fill=FI,flush=-,to=1/3000}{io=1/0,kio=1,kro=1}->HttpConnection@59b58577[p=HttpParser{s=START,0 of -1},g=HttpGenerator@37afc77b{s=START}]=>HttpChannelOverHttp@70d6b33e{s=HttpChannelState@28817708{s=IDLE rs=BLOCKING os=OPEN is=IDLE awp=false se=false i=true al=0},r=0,c=false/false,a=IDLE,uri=null,age=0}}}
02:56:38.585 [qtp961160488-22] DEBUG org.eclipse.jetty.util.thread.strategy.EatWhatYouKill - EatWhatYouKill@6404f418/SelectorProducer@3e11f9e9/IDLE/p=true/QueuedThreadPool[qtp961160488]@394a2528{STARTED,8<=8<=200,i=1,r=-1,q=0}[ReservedThreadExecutor@383bfa16{reserved=1/8,pending=0}][pc=0,pic=0,pec=0,epc=2]@2024-05-02T02:56:38.585+01:00 tryProduce true
02:56:38.585 [qtp961160488-22] DEBUG org.eclipse.jetty.io.ManagedSelector - updateable 0
02:56:38.585 [qtp961160488-22] DEBUG org.eclipse.jetty.io.ManagedSelector - updates 0
02:56:38.585 [qtp961160488-21] DEBUG org.eclipse.jetty.server.HttpConnection - HttpConnection@59b58577::SocketChannelEndPoint@487c78f3{l=/127.0.0.1:45451,r=/127.0.0.1:51832,OPEN,fill=-,flush=-,to=1/3000}{io=1/0,kio=1,kro=1}->HttpConnection@59b58577[p=HttpParser{s=START,0 of -1},g=HttpGenerator@37afc77b{s=START}]=>HttpChannelOverHttp@70d6b33e{s=HttpChannelState@28817708{s=IDLE rs=BLOCKING os=OPEN is=IDLE awp=false se=false i=true al=0},r=0,c=false/false,a=IDLE,uri=null,age=0} onFillable enter HttpChannelState@28817708{s=IDLE rs=BLOCKING os=OPEN is=IDLE awp=false se=false i=true al=0} null
02:56:38.585 [qtp961160488-22] DEBUG org.eclipse.jetty.io.ChannelEndPoint - Key interests updated 1 -> 0 on SocketChannelEndPoint@487c78f3{l=/127.0.0.1:45451,r=/127.0.0.1:51832,OPEN,fill=-,flush=-,to=1/3000}{io=0/0,kio=0,kro=1}->HttpConnection@59b58577[p=HttpParser{s=START,0 of -1},g=HttpGenerator@37afc77b{s=START}]=>HttpChannelOverHttp@70d6b33e{s=HttpChannelState@28817708{s=IDLE rs=BLOCKING os=OPEN is=IDLE awp=false se=false i=true al=0},r=0,c=false/false,a=IDLE,uri=null,age=0}
02:56:38.585 [qtp961160488-22] DEBUG org.eclipse.jetty.io.ManagedSelector - Selector sun.nio.ch.EPollSelectorImpl@1c7c7889 waiting with 2 keys
02:56:38.586 [qtp961160488-21] DEBUG org.eclipse.jetty.io.ChannelEndPoint - filled 125 HeapByteBuffer@301bd4e3[p=0,l=125,c=8192,r=125]={<<<GET /config.yml HTTP/1.1\r...gent: okhttp/3.12.3\r\n\r\n>>> 4\r\nServe...\x00\x00\x00\x00\x00\x00\x00}
02:56:38.586 [qtp961160488-21] DEBUG org.eclipse.jetty.server.HttpConnection - HttpConnection@59b58577::SocketChannelEndPoint@487c78f3{l=/127.0.0.1:45451,r=/127.0.0.1:51832,OPEN,fill=-,flush=-,to=0/3000}{io=0/0,kio=0,kro=1}->HttpConnection@59b58577[p=HttpParser{s=START,0 of -1},g=HttpGenerator@37afc77b{s=START}]=>HttpChannelOverHttp@70d6b33e{s=HttpChannelState@28817708{s=IDLE rs=BLOCKING os=OPEN is=IDLE awp=false se=false i=true al=0},r=0,c=false/false,a=IDLE,uri=null,age=0} filled 125 HeapByteBuffer@301bd4e3[p=0,l=125,c=8192,r=125]={<<<GET /config.yml HTTP/1.1\r...gent: okhttp/3.12.3\r\n\r\n>>> 4\r\nServe...\x00\x00\x00\x00\x00\x00\x00}
02:56:38.586 [qtp961160488-21] DEBUG org.eclipse.jetty.server.HttpConnection - HttpConnection@59b58577::SocketChannelEndPoint@487c78f3{l=/127.0.0.1:45451,r=/127.0.0.1:51832,OPEN,fill=-,flush=-,to=0/3000}{io=0/0,kio=0,kro=1}->HttpConnection@59b58577[p=HttpParser{s=START,0 of -1},g=HttpGenerator@37afc77b{s=START}]=>HttpChannelOverHttp@70d6b33e{s=HttpChannelState@28817708{s=IDLE rs=BLOCKING os=OPEN is=IDLE awp=false se=false i=true al=0},r=0,c=false/false,a=IDLE,uri=null,age=0} parse HeapByteBuffer@301bd4e3[p=0,l=125,c=8192,r=125]={<<<GET /config.yml HTTP/1.1\r...gent: okhttp/3.12.3\r\n\r\n>>> 4\r\nServe...\x00\x00\x00\x00\x00\x00\x00} {}
02:56:38.586 [qtp961160488-21] DEBUG org.eclipse.jetty.http.HttpParser - parseNext s=START HeapByteBuffer@301bd4e3[p=0,l=125,c=8192,r=125]={<<<GET /config.yml HTTP/1.1\r...gent: okhttp/3.12.3\r\n\r\n>>> 4\r\nServe...\x00\x00\x00\x00\x00\x00\x00}
02:56:38.586 [qtp961160488-21] DEBUG org.eclipse.jetty.http.HttpParser - START --> SPACE1
02:56:38.586 [qtp961160488-21] DEBUG org.eclipse.jetty.http.HttpParser - SPACE1 --> URI
02:56:38.586 [qtp961160488-21] DEBUG org.eclipse.jetty.http.HttpParser - URI --> SPACE2
02:56:38.586 [qtp961160488-21] DEBUG org.eclipse.jetty.http.HttpParser - SPACE2 --> REQUEST_VERSION
02:56:38.586 [qtp961160488-21] DEBUG org.eclipse.jetty.http.HttpParser - REQUEST_VERSION --> HEADER
02:56:38.586 [qtp961160488-21] DEBUG org.eclipse.jetty.http.HttpParser - HEADER:Host --> VALUE
02:56:38.586 [qtp961160488-21] DEBUG org.eclipse.jetty.http.HttpParser - HEADER:Host --> IN_VALUE
02:56:38.586 [qtp961160488-21] DEBUG org.eclipse.jetty.http.HttpParser - HEADER:Host --> FIELD
02:56:38.586 [qtp961160488-21] DEBUG org.eclipse.jetty.http.HttpParser - HEADER:Connection: keep-alive --> IN_VALUE
02:56:38.586 [qtp961160488-21] DEBUG org.eclipse.jetty.http.HttpParser - HEADER:Connection: keep-alive --> FIELD
02:56:38.586 [qtp961160488-21] DEBUG org.eclipse.jetty.http.HttpParser - HEADER:Accept-Encoding: gzip --> IN_VALUE
02:56:38.586 [qtp961160488-21] DEBUG org.eclipse.jetty.http.HttpParser - HEADER:Accept-Encoding: gzip --> FIELD
02:56:38.586 [qtp961160488-21] DEBUG org.eclipse.jetty.http.HttpParser - HEADER:User-Agent --> VALUE
02:56:38.586 [qtp961160488-21] DEBUG org.eclipse.jetty.http.HttpParser - HEADER:User-Agent --> IN_VALUE
02:56:38.586 [qtp961160488-21] DEBUG org.eclipse.jetty.http.HttpParser - HEADER:User-Agent --> FIELD
02:56:38.586 [qtp961160488-21] DEBUG org.eclipse.jetty.http.HttpParser - HEADER --> CONTENT
02:56:38.586 [qtp961160488-21] DEBUG org.eclipse.jetty.server.HttpChannel - REQUEST for //localhost:45451/config.yml on HttpChannelOverHttp@70d6b33e{s=HttpChannelState@28817708{s=IDLE rs=BLOCKING os=OPEN is=IDLE awp=false se=false i=true al=0},r=1,c=false/false,a=IDLE,uri=//localhost:45451/config.yml,age=0}
GET //localhost:45451/config.yml HTTP/1.1
Host: localhost:45451
Connection: keep-alive
Accept-Encoding: gzip
User-Agent: okhttp/3.12.3


02:56:38.586 [qtp961160488-21] DEBUG org.eclipse.jetty.server.HttpConnection - HttpConnection@59b58577::SocketChannelEndPoint@487c78f3{l=/127.0.0.1:45451,r=/127.0.0.1:51832,OPEN,fill=-,flush=-,to=0/3000}{io=0/0,kio=0,kro=1}->HttpConnection@59b58577[p=HttpParser{s=CONTENT,0 of -1},g=HttpGenerator@37afc77b{s=START}]=>HttpChannelOverHttp@70d6b33e{s=HttpChannelState@28817708{s=IDLE rs=BLOCKING os=OPEN is=IDLE awp=false se=false i=true al=0},r=1,c=false/false,a=IDLE,uri=//localhost:45451/config.yml,age=0} parsed true HttpParser{s=CONTENT,0 of -1}
02:56:38.586 [qtp961160488-21] DEBUG org.eclipse.jetty.server.HttpConnection - releaseRequestBuffer HttpConnection@59b58577::SocketChannelEndPoint@487c78f3{l=/127.0.0.1:45451,r=/127.0.0.1:51832,OPEN,fill=-,flush=-,to=0/3000}{io=0/0,kio=0,kro=1}->HttpConnection@59b58577[p=HttpParser{s=CONTENT,0 of -1},g=HttpGenerator@37afc77b{s=START}]=>HttpChannelOverHttp@70d6b33e{s=HttpChannelState@28817708{s=IDLE rs=BLOCKING os=OPEN is=IDLE awp=false se=false i=true al=0},r=1,c=false/false,a=IDLE,uri=//localhost:45451/config.yml,age=0}
02:56:38.586 [qtp961160488-21] DEBUG org.eclipse.jetty.server.HttpChannel - handle //localhost:45451/config.yml HttpChannelOverHttp@70d6b33e{s=HttpChannelState@28817708{s=IDLE rs=BLOCKING os=OPEN is=IDLE awp=false se=false i=true al=0},r=1,c=false/false,a=IDLE,uri=//localhost:45451/config.yml,age=0} 
02:56:38.586 [qtp961160488-21] DEBUG org.eclipse.jetty.server.HttpChannelState - handling HttpChannelState@28817708{s=IDLE rs=BLOCKING os=OPEN is=IDLE awp=false se=false i=true al=0}
02:56:38.586 [qtp961160488-21] DEBUG org.eclipse.jetty.server.HttpChannel - action DISPATCH HttpChannelOverHttp@70d6b33e{s=HttpChannelState@28817708{s=HANDLING rs=BLOCKING os=OPEN is=IDLE awp=false se=false i=true al=0},r=1,c=false/false,a=HANDLING,uri=//localhost:45451/config.yml,age=0}
02:56:38.586 [qtp961160488-21] DEBUG org.eclipse.jetty.server.Server - REQUEST GET /config.yml on HttpChannelOverHttp@70d6b33e{s=HttpChannelState@28817708{s=HANDLING rs=BLOCKING os=OPEN is=IDLE awp=false se=false i=true al=0},r=1,c=false/false,a=HANDLING,uri=//localhost:45451/config.yml,age=0}
02:56:38.586 [qtp961160488-21] DEBUG org.eclipse.jetty.server.HttpOutput - write(array HeapByteBuffer@7ce79ec4[p=0,l=4,c=512,r=4]={<<<path>>>\x00\x00\x00\x00\x00\x00\x00\x00\x00...\x00\x00\x00\x00\x00\x00\x00})
02:56:38.586 [qtp961160488-21] DEBUG org.eclipse.jetty.server.HttpOutput - write(array) s=CLOSING,api=BLOCKED,sc=false,e=null last=true agg=false flush=true async=false, len=4 null
02:56:38.586 [qtp961160488-21] DEBUG org.eclipse.jetty.server.HttpChannel - sendResponse info=null content=HeapByteBuffer@3e2b24ab[p=0,l=4,c=512,r=4]={<<<path>>>\x00\x00\x00\x00\x00\x00\x00\x00\x00...\x00\x00\x00\x00\x00\x00\x00} complete=true committing=true callback=Blocker@64220ebf{null}
02:56:38.586 [qtp961160488-21] DEBUG org.eclipse.jetty.server.HttpChannel - COMMIT for /config.yml on HttpChannelOverHttp@70d6b33e{s=HttpChannelState@28817708{s=HANDLING rs=BLOCKING os=COMMITTED is=IDLE awp=false se=false i=true al=0},r=1,c=false/false,a=HANDLING,uri=//localhost:45451/config.yml,age=0}
200 null HTTP/1.1
Date: Thu, 02 May 2024 01:56:38 GMT
ETag: testEtag
Content-Type: text/plain;charset=utf-8
Content-Length: 4


02:56:38.586 [qtp961160488-21] DEBUG org.eclipse.jetty.server.HttpConnection - generate: NEED_HEADER for SendCallback@7c2a5b9f[PROCESSING][i=HTTP/1.1{s=200,h=4,cl=4},cb=org.eclipse.jetty.server.HttpChannel$SendCallback@3cfbeb60] (null,[p=0,l=4,c=512,r=4],true)@START
02:56:38.586 [qtp961160488-21] DEBUG org.eclipse.jetty.http.HttpGenerator - generateHeaders HTTP/1.1{s=200,h=4,cl=4} last=true content=HeapByteBuffer@3e2b24ab[p=0,l=4,c=512,r=4]={<<<path>>>\x00\x00\x00\x00\x00\x00\x00\x00\x00...\x00\x00\x00\x00\x00\x00\x00}
02:56:38.586 [qtp961160488-21] DEBUG org.eclipse.jetty.http.HttpGenerator - Date: Thu, 02 May 2024 01:56:38 GMT
ETag: testEtag
Content-Type: text/plain;charset=utf-8
Content-Length: 4


02:56:38.587 [qtp961160488-21] DEBUG org.eclipse.jetty.http.HttpGenerator - CONTENT_LENGTH
02:56:38.587 [qtp961160488-21] DEBUG org.eclipse.jetty.server.HttpConnection - generate: FLUSH for SendCallback@7c2a5b9f[PROCESSING][i=HTTP/1.1{s=200,h=4,cl=4},cb=org.eclipse.jetty.server.HttpChannel$SendCallback@3cfbeb60] ([p=0,l=164,c=8192,r=164],[p=0,l=4,c=512,r=4],true)@COMPLETING
02:56:38.587 [qtp961160488-21] DEBUG org.eclipse.jetty.io.WriteFlusher - write: WriteFlusher@5b929e28{IDLE}->null [HeapByteBuffer@301bd4e3[p=0,l=164,c=8192,r=164]={<<<HTTP/1.1 200 OK\r\nDate: Th...y(9.4.44.v20210927)\r\n\r\n>>>\n\r\n\x00\x00\x00\x00\x00\x00...\x00\x00\x00\x00\x00\x00\x00},HeapByteBuffer@3e2b24ab[p=0,l=4,c=512,r=4]={<<<path>>>\x00\x00\x00\x00\x00\x00\x00\x00\x00...\x00\x00\x00\x00\x00\x00\x00}]
02:56:38.587 [qtp961160488-21] DEBUG org.eclipse.jetty.io.WriteFlusher - update WriteFlusher@5b929e28{WRITING}->null:IDLE-->WRITING
02:56:38.587 [qtp961160488-21] DEBUG org.eclipse.jetty.io.ChannelEndPoint - flushed 168 SocketChannelEndPoint@487c78f3{l=/127.0.0.1:45451,r=/127.0.0.1:51832,OPEN,fill=-,flush=W,to=1/3000}{io=0/0,kio=0,kro=1}->HttpConnection@59b58577[p=HttpParser{s=CONTENT,0 of -1},g=HttpGenerator@37afc77b{s=COMPLETING}]=>HttpChannelOverHttp@70d6b33e{s=HttpChannelState@28817708{s=HANDLING rs=BLOCKING os=COMMITTED is=IDLE awp=false se=false i=true al=0},r=1,c=false/false,a=HANDLING,uri=//localhost:45451/config.yml,age=1}
02:56:38.587 [qtp961160488-21] DEBUG org.eclipse.jetty.io.WriteFlusher - Flushed=true written=168 remaining=0 WriteFlusher@5b929e28{WRITING}->null
02:56:38.587 [main] DEBUG org.apache.nifi.minifi.bootstrap.configuration.ingestors.PullHttpChangeIngestor - Response received: Response{protocol=http/1.1, code=200, message=OK, url=http://localhost:45451/config.yml}
02:56:38.587 [qtp961160488-21] DEBUG org.eclipse.jetty.io.WriteFlusher - update WriteFlusher@5b929e28{IDLE}->null:WRITING-->IDLE
02:56:38.587 [qtp961160488-21] DEBUG org.eclipse.jetty.server.HttpConnection - generate: DONE for SendCallback@7c2a5b9f[PROCESSING][i=HTTP/1.1{s=200,h=4,cl=4},cb=org.eclipse.jetty.server.HttpChannel$SendCallback@3cfbeb60] ([p=164,l=164,c=8192,r=0],[p=4,l=4,c=512,r=0],true)@END
02:56:38.587 [qtp961160488-21] DEBUG org.eclipse.jetty.server.HttpOutput - onWriteComplete(true,null) s=CLOSING,api=BLOCKED,sc=false,e=null->s=CLOSED,api=BLOCKING,sc=false,e=null c=null cb=null w=false
02:56:38.587 [qtp961160488-21] DEBUG org.eclipse.jetty.server.HttpOutput - close() s=CLOSED,api=BLOCKING,sc=false,e=null c=null b=null
02:56:38.587 [main] DEBUG org.apache.nifi.minifi.bootstrap.configuration.ingestors.PullHttpChangeIngestor - Pulled config same as currently running.
02:56:38.587 [qtp961160488-21] DEBUG org.eclipse.jetty.server.Server - handled=true async=false committed=true on HttpChannelOverHttp@70d6b33e{s=HttpChannelState@28817708{s=HANDLING rs=BLOCKING os=COMPLETED is=IDLE awp=false se=false i=true al=0},r=1,c=false/true,a=HANDLING,uri=//localhost:45451/config.yml,age=1}
02:56:38.587 [qtp961160488-21] DEBUG org.eclipse.jetty.server.HttpChannelState - unhandle HttpChannelState@28817708{s=HANDLING rs=BLOCKING os=COMPLETED is=IDLE awp=false se=false i=true al=0}
02:56:38.587 [qtp961160488-21] DEBUG org.eclipse.jetty.server.HttpChannelState - nextAction(false) COMPLETE HttpChannelState@28817708{s=HANDLING rs=COMPLETING os=COMPLETED is=IDLE awp=false se=false i=false al=0}
02:56:38.587 [qtp961160488-21] DEBUG org.eclipse.jetty.server.HttpChannel - action COMPLETE HttpChannelOverHttp@70d6b33e{s=HttpChannelState@28817708{s=HANDLING rs=COMPLETING os=COMPLETED is=IDLE awp=false se=false i=false al=0},r=1,c=false/true,a=HANDLING,uri=//localhost:45451/config.yml,age=1}
02:56:38.587 [qtp961160488-21] DEBUG org.eclipse.jetty.server.HttpOutput - complete(org.eclipse.jetty.util.Callback$3@2f313413) s=CLOSED,api=BLOCKING,sc=false,e=null s=true e=null, c=null
02:56:38.587 [qtp961160488-21] DEBUG org.eclipse.jetty.server.HttpChannelState - completed HttpChannelState@28817708{s=HANDLING rs=COMPLETING os=COMPLETED is=IDLE awp=false se=false i=false al=0}
02:56:38.587 [qtp961160488-21] DEBUG org.eclipse.jetty.server.HttpChannelState - unhandle HttpChannelState@28817708{s=HANDLING rs=COMPLETED os=COMPLETED is=IDLE awp=false se=false i=false al=0}
02:56:38.587 [qtp961160488-21] DEBUG org.eclipse.jetty.server.HttpChannelState - nextAction(false) TERMINATED HttpChannelState@28817708{s=IDLE rs=COMPLETED os=COMPLETED is=IDLE awp=false se=false i=false al=0}
]]></system-out>
  </testcase>
</testsuite>