<?xml version="1.0" encoding="UTF-8"?>
<testsuite xmlns:xsi="http://www.w3.org/2001/XMLSchema-instance" xsi:noNamespaceSchemaLocation="https://maven.apache.org/surefire/maven-surefire-plugin/xsd/surefire-test-report-3.0.xsd" version="3.0" name="org.apache.nifi.processors.standard.TestExecuteSQL" time="9.81" tests="22" errors="0" skipped="0" failures="0">
  <properties>
    <property name="sun.desktop" value="gnome"/>
    <property name="awt.toolkit" value="sun.awt.X11.XToolkit"/>
    <property name="file.encoding.pkg" value="sun.io"/>
    <property name="java.specification.version" value="1.8"/>
    <property name="sun.cpu.isalist" value=""/>
    <property name="sun.jnu.encoding" value="UTF-8"/>
    <property name="java.class.path" value="/home/alex/Repositories/nifi/nifi-nar-bundles/nifi-standard-bundle/nifi-standard-processors/target/test-classes:/home/alex/Repositories/nifi/nifi-nar-bundles/nifi-standard-bundle/nifi-standard-processors/target/classes:/home/alex/.m2/repository/org/apache/ftpserver/ftpserver-core/1.1.1/ftpserver-core-1.1.1.jar:/home/alex/.m2/repository/org/apache/ftpserver/ftplet-api/1.1.1/ftplet-api-1.1.1.jar:/home/alex/.m2/repository/org/slf4j/slf4j-api/1.7.32/slf4j-api-1.7.32.jar:/home/alex/.m2/repository/org/apache/mina/mina-core/2.0.16/mina-core-2.0.16.jar:/home/alex/Repositories/nifi/nifi-api/target/classes:/home/alex/Repositories/nifi/nifi-commons/nifi-expression-language/target/classes:/home/alex/.m2/repository/org/antlr/antlr-runtime/3.5.2/antlr-runtime-3.5.2.jar:/home/alex/Repositories/nifi/nifi-commons/nifi-parameter/target/classes:/home/alex/Repositories/nifi/nifi-commons/nifi-uuid5/target/classes:/home/alex/.m2/repository/org/apache/commons/commons-text/1.8/commons-text-1.8.jar:/home/alex/Repositories/nifi/nifi-nar-bundles/nifi-extension-utils/nifi-processor-utils/target/classes:/home/alex/Repositories/nifi/nifi-commons/nifi-security-socket-ssl/target/classes:/home/alex/Repositories/nifi/nifi-nar-bundles/nifi-extension-utils/nifi-event-transport/target/classes:/home/alex/.m2/repository/io/netty/netty-handler/4.1.69.Final/netty-handler-4.1.69.Final.jar:/home/alex/.m2/repository/io/netty/netty-common/4.1.69.Final/netty-common-4.1.69.Final.jar:/home/alex/.m2/repository/io/netty/netty-resolver/4.1.69.Final/netty-resolver-4.1.69.Final.jar:/home/alex/.m2/repository/io/netty/netty-transport/4.1.69.Final/netty-transport-4.1.69.Final.jar:/home/alex/.m2/repository/io/netty/netty-codec/4.1.69.Final/netty-codec-4.1.69.Final.jar:/home/alex/Repositories/nifi/nifi-nar-bundles/nifi-extension-utils/nifi-syslog-utils/target/classes:/home/alex/.m2/repository/com/github/palindromicity/simple-syslog-5424/0.0.16/simple-syslog-5424-0.0.16.jar:/home/alex/.m2/repository/org/antlr/antlr4-runtime/4.7.2/antlr4-runtime-4.7.2.jar:/home/alex/Repositories/nifi/nifi-commons/nifi-utils/target/classes:/home/alex/Repositories/nifi/nifi-commons/nifi-record-path/target/classes:/home/alex/Repositories/nifi/nifi-commons/nifi-properties/target/classes:/home/alex/Repositories/nifi/nifi-commons/nifi-property-utils/target/classes:/home/alex/.m2/repository/com/github/ben-manes/caffeine/caffeine/2.8.1/caffeine-2.8.1.jar:/home/alex/Repositories/nifi/nifi-nar-bundles/nifi-standard-services/nifi-ssl-context-service-api/target/classes:/home/alex/Repositories/nifi/nifi-commons/nifi-security-utils-api/target/classes:/home/alex/Repositories/nifi/nifi-nar-bundles/nifi-standard-services/nifi-lookup-service-api/target/classes:/home/alex/Repositories/nifi/nifi-commons/nifi-flowfile-packager/target/classes:/home/alex/Repositories/nifi/nifi-nar-bundles/nifi-standard-services/nifi-distributed-cache-client-service-api/target/classes:/home/alex/Repositories/nifi/nifi-nar-bundles/nifi-standard-services/nifi-http-context-map-api/target/classes:/home/alex/Repositories/nifi/nifi-nar-bundles/nifi-standard-services/nifi-record-serialization-service-api/target/classes:/home/alex/Repositories/nifi/nifi-nar-bundles/nifi-standard-services/nifi-proxy-configuration-api/target/classes:/home/alex/Repositories/nifi/nifi-commons/nifi-record/target/classes:/home/alex/Repositories/nifi/nifi-nar-bundles/nifi-standard-services/nifi-record-sink-api/target/classes:/home/alex/.m2/repository/commons-io/commons-io/2.10.0/commons-io-2.10.0.jar:/home/alex/.m2/repository/javax/ws/rs/javax.ws.rs-api/2.1/javax.ws.rs-api-2.1.jar:/home/alex/.m2/repository/commons-net/commons-net/3.6/commons-net-3.6.jar:/home/alex/.m2/repository/org/apache/commons/commons-compress/1.21/commons-compress-1.21.jar:/home/alex/.m2/repository/org/apache/commons/commons-lang3/3.9/commons-lang3-3.9.jar:/home/alex/.m2/repository/org/bouncycastle/bcprov-jdk15on/1.69/bcprov-jdk15on-1.69.jar:/home/alex/.m2/repository/org/bouncycastle/bcpg-jdk15on/1.69/bcpg-jdk15on-1.69.jar:/home/alex/.m2/repository/org/bouncycastle/bcpkix-jdk15on/1.69/bcpkix-jdk15on-1.69.jar:/home/alex/.m2/repository/org/bouncycastle/bcutil-jdk15on/1.69/bcutil-jdk15on-1.69.jar:/home/alex/.m2/repository/commons-codec/commons-codec/1.14/commons-codec-1.14.jar:/home/alex/Repositories/nifi/nifi-commons/nifi-security-utils/target/classes:/home/alex/Repositories/nifi/nifi-commons/nifi-security-kms/target/classes:/home/alex/.m2/repository/org/apache/commons/commons-configuration2/2.7/commons-configuration2-2.7.jar:/home/alex/.m2/repository/com/hierynomus/sshj/0.32.0/sshj-0.32.0.jar:/home/alex/.m2/repository/com/jcraft/jzlib/1.1.3/jzlib-1.1.3.jar:/home/alex/.m2/repository/com/hierynomus/asn-one/0.6.0/asn-one-0.6.0.jar:/home/alex/.m2/repository/net/i2p/crypto/eddsa/0.3.0/eddsa-0.3.0.jar:/home/alex/.m2/repository/org/eclipse/jetty/jetty-server/9.4.44.v20210927/jetty-server-9.4.44.v20210927.jar:/home/alex/.m2/repository/javax/servlet/javax.servlet-api/3.1.0/javax.servlet-api-3.1.0.jar:/home/alex/.m2/repository/org/eclipse/jetty/jetty-http/9.4.44.v20210927/jetty-http-9.4.44.v20210927.jar:/home/alex/.m2/repository/org/eclipse/jetty/jetty-util/9.4.44.v20210927/jetty-util-9.4.44.v20210927.jar:/home/alex/.m2/repository/org/eclipse/jetty/jetty-io/9.4.44.v20210927/jetty-io-9.4.44.v20210927.jar:/home/alex/.m2/repository/org/eclipse/jetty/jetty-servlet/9.4.44.v20210927/jetty-servlet-9.4.44.v20210927.jar:/home/alex/.m2/repository/org/eclipse/jetty/jetty-security/9.4.44.v20210927/jetty-security-9.4.44.v20210927.jar:/home/alex/.m2/repository/org/eclipse/jetty/jetty-util-ajax/9.4.44.v20210927/jetty-util-ajax-9.4.44.v20210927.jar:/home/alex/.m2/repository/org/apache/httpcomponents/httpclient/4.5.5/httpclient-4.5.5.jar:/home/alex/.m2/repository/commons-logging/commons-logging/1.2/commons-logging-1.2.jar:/home/alex/.m2/repository/org/apache/httpcomponents/httpcore/4.4.9/httpcore-4.4.9.jar:/home/alex/.m2/repository/jakarta/activation/jakarta.activation-api/2.0.1/jakarta.activation-api-2.0.1.jar:/home/alex/.m2/repository/com/sun/activation/jakarta.activation/2.0.1/jakarta.activation-2.0.1.jar:/home/alex/.m2/repository/jakarta/mail/jakarta.mail-api/2.0.1/jakarta.mail-api-2.0.1.jar:/home/alex/.m2/repository/com/sun/mail/jakarta.mail/2.0.1/jakarta.mail-2.0.1.jar:/home/alex/.m2/repository/com/github/jponge/lzma-java/1.3/lzma-java-1.3.jar:/home/alex/.m2/repository/org/tukaani/xz/1.8/xz-1.8.jar:/home/alex/.m2/repository/net/sf/saxon/Saxon-HE/10.6/Saxon-HE-10.6.jar:/home/alex/Repositories/nifi/nifi-commons/nifi-socket-utils/target/classes:/home/alex/Repositories/nifi/nifi-commons/nifi-logging-utils/target/classes:/home/alex/Repositories/nifi/nifi-nar-bundles/nifi-standard-services/nifi-load-distribution-service-api/target/classes:/home/alex/.m2/repository/javax/jms/javax.jms-api/2.0.1/javax.jms-api-2.0.1.jar:/home/alex/.m2/repository/org/apache/activemq/activemq-client/5.15.15/activemq-client-5.15.15.jar:/home/alex/.m2/repository/org/apache/geronimo/specs/geronimo-jms_1.1_spec/1.1.1/geronimo-jms_1.1_spec-1.1.1.jar:/home/alex/.m2/repository/org/fusesource/hawtbuf/hawtbuf/1.11/hawtbuf-1.11.jar:/home/alex/.m2/repository/org/apache/geronimo/specs/geronimo-j2ee-management_1.1_spec/1.0.1/geronimo-j2ee-management_1.1_spec-1.0.1.jar:/home/alex/.m2/repository/com/jayway/jsonpath/json-path/2.6.0/json-path-2.6.0.jar:/home/alex/.m2/repository/net/minidev/json-smart/2.4.7/json-smart-2.4.7.jar:/home/alex/.m2/repository/net/minidev/accessors-smart/2.4.7/accessors-smart-2.4.7.jar:/home/alex/.m2/repository/org/ow2/asm/asm/9.1/asm-9.1.jar:/home/alex/.m2/repository/org/apache/tika/tika-core/1.26/tika-core-1.26.jar:/home/alex/.m2/repository/com/fasterxml/jackson/core/jackson-databind/2.12.3/jackson-databind-2.12.3.jar:/home/alex/.m2/repository/com/fasterxml/jackson/core/jackson-annotations/2.12.3/jackson-annotations-2.12.3.jar:/home/alex/.m2/repository/com/fasterxml/jackson/core/jackson-core/2.12.3/jackson-core-2.12.3.jar:/home/alex/Repositories/nifi/nifi-nar-bundles/nifi-extension-utils/nifi-record-utils/nifi-avro-record-utils/target/classes:/home/alex/Repositories/nifi/nifi-nar-bundles/nifi-extension-utils/nifi-record-utils/nifi-standard-record-utils/target/classes:/home/alex/.m2/repository/org/apache/avro/avro/1.8.1/avro-1.8.1.jar:/home/alex/.m2/repository/org/codehaus/jackson/jackson-core-asl/1.9.13/jackson-core-asl-1.9.13.jar:/home/alex/.m2/repository/org/codehaus/jackson/jackson-mapper-asl/1.9.13/jackson-mapper-asl-1.9.13.jar:/home/alex/.m2/repository/com/thoughtworks/paranamer/paranamer/2.7/paranamer-2.7.jar:/home/alex/Repositories/nifi/nifi-nar-bundles/nifi-standard-services/nifi-dbcp-service-api/target/classes:/home/alex/.m2/repository/com/squareup/okhttp3/okhttp/4.9.2/okhttp-4.9.2.jar:/home/alex/.m2/repository/com/squareup/okio/okio/2.8.0/okio-2.8.0.jar:/home/alex/.m2/repository/org/jetbrains/kotlin/kotlin-stdlib-common/1.4.0/kotlin-stdlib-common-1.4.0.jar:/home/alex/.m2/repository/org/jetbrains/kotlin/kotlin-stdlib/1.4.10/kotlin-stdlib-1.4.10.jar:/home/alex/.m2/repository/org/jetbrains/annotations/13.0/annotations-13.0.jar:/home/alex/.m2/repository/io/github/rburgst/okhttp-digest/2.5/okhttp-digest-2.5.jar:/home/alex/.m2/repository/at/favre/lib/bcrypt/0.9.0/bcrypt-0.9.0.jar:/home/alex/.m2/repository/at/favre/lib/bytes/1.3.0/bytes-1.3.0.jar:/home/alex/.m2/repository/com/google/guava/guava/28.0-jre/guava-28.0-jre.jar:/home/alex/.m2/repository/com/google/guava/failureaccess/1.0.1/failureaccess-1.0.1.jar:/home/alex/.m2/repository/com/google/guava/listenablefuture/9999.0-empty-to-avoid-conflict-with-guava/listenablefuture-9999.0-empty-to-avoid-conflict-with-guava.jar:/home/alex/.m2/repository/com/google/code/findbugs/jsr305/3.0.2/jsr305-3.0.2.jar:/home/alex/.m2/repository/org/checkerframework/checker-qual/2.8.1/checker-qual-2.8.1.jar:/home/alex/.m2/repository/com/google/errorprone/error_prone_annotations/2.3.2/error_prone_annotations-2.3.2.jar:/home/alex/.m2/repository/com/google/j2objc/j2objc-annotations/1.3/j2objc-annotations-1.3.jar:/home/alex/.m2/repository/org/codehaus/mojo/animal-sniffer-annotations/1.17/animal-sniffer-annotations-1.17.jar:/home/alex/Repositories/nifi/nifi-mock/target/classes:/home/alex/Repositories/nifi/nifi-framework-api/target/classes:/home/alex/Repositories/nifi/nifi-nar-bundles/nifi-framework-bundle/nifi-framework/nifi-framework-core-api/target/classes:/home/alex/Repositories/nifi/nifi-nar-bundles/nifi-framework-bundle/nifi-framework/nifi-framework-nar-utils/target/classes:/home/alex/Repositories/nifi/nifi-nar-bundles/nifi-framework-bundle/nifi-framework/nifi-client-dto/target/classes:/home/alex/.m2/repository/io/swagger/swagger-annotations/1.6.0/swagger-annotations-1.6.0.jar:/home/alex/Repositories/nifi/nifi-commons/nifi-site-to-site-client/target/classes:/home/alex/.m2/repository/org/apache/httpcomponents/httpasyncclient/4.1.4/httpasyncclient-4.1.4.jar:/home/alex/.m2/repository/org/apache/httpcomponents/httpcore-nio/4.4.10/httpcore-nio-4.4.10.jar:/home/alex/Repositories/nifi/nifi-nar-bundles/nifi-framework-bundle/nifi-framework/nifi-framework-authorization/target/classes:/home/alex/Repositories/nifi/nifi-registry/nifi-registry-core/nifi-registry-data-model/target/classes:/home/alex/Repositories/nifi/nifi-registry/nifi-registry-core/nifi-registry-revision/nifi-registry-revision-entity-model/target/classes:/home/alex/Repositories/nifi/nifi-registry/nifi-registry-core/nifi-registry-client/target/classes:/home/alex/Repositories/nifi/nifi-registry/nifi-registry-core/nifi-registry-security-utils/target/classes:/home/alex/.m2/repository/org/glassfish/jersey/core/jersey-client/2.33/jersey-client-2.33.jar:/home/alex/.m2/repository/jakarta/ws/rs/jakarta.ws.rs-api/2.1.6/jakarta.ws.rs-api-2.1.6.jar:/home/alex/.m2/repository/org/glassfish/hk2/external/jakarta.inject/2.6.1/jakarta.inject-2.6.1.jar:/home/alex/.m2/repository/org/glassfish/jersey/media/jersey-media-json-jackson/2.33/jersey-media-json-jackson-2.33.jar:/home/alex/.m2/repository/org/glassfish/jersey/ext/jersey-entity-filtering/2.33/jersey-entity-filtering-2.33.jar:/home/alex/.m2/repository/org/glassfish/jersey/inject/jersey-hk2/2.33/jersey-hk2-2.33.jar:/home/alex/.m2/repository/org/glassfish/hk2/hk2-locator/2.6.1/hk2-locator-2.6.1.jar:/home/alex/.m2/repository/org/glassfish/hk2/external/aopalliance-repackaged/2.6.1/aopalliance-repackaged-2.6.1.jar:/home/alex/.m2/repository/org/glassfish/hk2/hk2-api/2.6.1/hk2-api-2.6.1.jar:/home/alex/.m2/repository/org/glassfish/hk2/hk2-utils/2.6.1/hk2-utils-2.6.1.jar:/home/alex/.m2/repository/org/javassist/javassist/3.25.0-GA/javassist-3.25.0-GA.jar:/home/alex/.m2/repository/org/glassfish/jersey/core/jersey-common/2.33/jersey-common-2.33.jar:/home/alex/.m2/repository/jakarta/annotation/jakarta.annotation-api/1.3.5/jakarta.annotation-api-1.3.5.jar:/home/alex/.m2/repository/org/glassfish/hk2/osgi-resource-locator/1.0.3/osgi-resource-locator-1.0.3.jar:/home/alex/.m2/repository/org/glassfish/jersey/media/jersey-media-multipart/2.33/jersey-media-multipart-2.33.jar:/home/alex/.m2/repository/org/jvnet/mimepull/mimepull/1.9.13/mimepull-1.9.13.jar:/home/alex/Repositories/nifi/nifi-commons/nifi-data-provenance-utils/target/classes:/home/alex/Repositories/nifi/nifi-nar-bundles/nifi-standard-services/nifi-distributed-cache-services-bundle/nifi-distributed-cache-client-service/target/classes:/home/alex/Repositories/nifi/nifi-nar-bundles/nifi-standard-services/nifi-distributed-cache-services-bundle/nifi-distributed-cache-protocol/target/classes:/home/alex/.m2/repository/io/netty/netty-buffer/4.1.69.Final/netty-buffer-4.1.69.Final.jar:/home/alex/.m2/repository/com/google/http-client/google-http-client/1.28.0/google-http-client-1.28.0.jar:/home/alex/.m2/repository/io/opencensus/opencensus-api/0.18.0/opencensus-api-0.18.0.jar:/home/alex/.m2/repository/io/grpc/grpc-context/1.14.0/grpc-context-1.14.0.jar:/home/alex/.m2/repository/io/opencensus/opencensus-contrib-http-util/0.18.0/opencensus-contrib-http-util-0.18.0.jar:/home/alex/.m2/repository/org/apache/activemq/activemq-broker/5.15.14/activemq-broker-5.15.14.jar:/home/alex/.m2/repository/org/apache/activemq/activemq-openwire-legacy/5.15.14/activemq-openwire-legacy-5.15.14.jar:/home/alex/Repositories/nifi/nifi-nar-bundles/nifi-standard-services/nifi-ssl-context-bundle/nifi-ssl-context-service/target/classes:/home/alex/Repositories/nifi/nifi-nar-bundles/nifi-framework-bundle/nifi-framework/nifi-standard-prioritizers/target/classes:/home/alex/Repositories/nifi/nifi-nar-bundles/nifi-extension-utils/nifi-record-utils/nifi-mock-record-utils/target/classes:/home/alex/Repositories/nifi/nifi-nar-bundles/nifi-standard-services/nifi-record-serialization-services-bundle/nifi-record-serialization-services/target/classes:/home/alex/.m2/repository/org/apache/commons/commons-csv/1.8/commons-csv-1.8.jar:/home/alex/.m2/repository/com/fasterxml/jackson/dataformat/jackson-dataformat-csv/2.12.3/jackson-dataformat-csv-2.12.3.jar:/home/alex/.m2/repository/net/java/dev/stax-utils/stax-utils/20070216/stax-utils-20070216.jar:/home/alex/Repositories/nifi/nifi-nar-bundles/nifi-standard-services/nifi-lookup-services-bundle/nifi-lookup-services/target/classes:/home/alex/.m2/repository/commons-beanutils/commons-beanutils/1.9.4/commons-beanutils-1.9.4.jar:/home/alex/.m2/repository/commons-collections/commons-collections/3.2.2/commons-collections-3.2.2.jar:/home/alex/.m2/repository/com/maxmind/geoip2/geoip2/2.12.0/geoip2-2.12.0.jar:/home/alex/.m2/repository/com/maxmind/db/maxmind-db/1.2.2/maxmind-db-1.2.2.jar:/home/alex/.m2/repository/org/apache/derby/derby/10.14.2.0/derby-10.14.2.0.jar:/home/alex/.m2/repository/org/xerial/snappy/snappy-java/1.1.7.3/snappy-java-1.1.7.3.jar:/home/alex/.m2/repository/net/lingala/zip4j/zip4j/2.8.0/zip4j-2.8.0.jar:/home/alex/.m2/repository/com/h2database/h2/1.4.187/h2-1.4.187.jar:/home/alex/.m2/repository/org/mockftpserver/MockFtpServer/2.7.1/MockFtpServer-2.7.1.jar:/home/alex/.m2/repository/org/apache/sshd/sshd-core/1.7.0/sshd-core-1.7.0.jar:/home/alex/.m2/repository/com/bazaarvoice/jolt/jolt-core/0.1.1/jolt-core-0.1.1.jar:/home/alex/.m2/repository/javax/inject/javax.inject/1/javax.inject-1.jar:/home/alex/.m2/repository/com/bazaarvoice/jolt/json-utils/0.1.1/json-utils-0.1.1.jar:/home/alex/Repositories/nifi/nifi-nar-bundles/nifi-standard-bundle/nifi-standard-utils/target/classes:/home/alex/.m2/repository/net/sf/supercsv/super-csv/2.4.0/super-csv-2.4.0.jar:/home/alex/.m2/repository/com/fluenda/parcefone/2.1.0/parcefone-2.1.0.jar:/home/alex/.m2/repository/javax/validation/validation-api/1.1.0.Final/validation-api-1.1.0.Final.jar:/home/alex/.m2/repository/javax/el/javax.el-api/3.0.0/javax.el-api-3.0.0.jar:/home/alex/.m2/repository/com/github/wnameless/json/json-flattener/0.12.0/json-flattener-0.12.0.jar:/home/alex/.m2/repository/com/github/wnameless/json/json-base/2.0.0/json-base-2.0.0.jar:/home/alex/.m2/repository/org/apache/bval/bval-jsr/1.1.2/bval-jsr-1.1.2.jar:/home/alex/.m2/repository/org/apache/bval/bval-core/1.1.2/bval-core-1.1.2.jar:/home/alex/.m2/repository/io/krakens/java-grok/0.1.9/java-grok-0.1.9.jar:/home/alex/.m2/repository/org/apache/calcite/calcite-core/1.27.0/calcite-core-1.27.0.jar:/home/alex/.m2/repository/org/apache/calcite/calcite-linq4j/1.27.0/calcite-linq4j-1.27.0.jar:/home/alex/.m2/repository/com/esri/geometry/esri-geometry-api/2.2.0/esri-geometry-api-2.2.0.jar:/home/alex/.m2/repository/org/apache/calcite/avatica/avatica-core/1.18.0/avatica-core-1.18.0.jar:/home/alex/.m2/repository/org/apache/calcite/avatica/avatica-metrics/1.18.0/avatica-metrics-1.18.0.jar:/home/alex/.m2/repository/com/google/protobuf/protobuf-java/3.6.1/protobuf-java-3.6.1.jar:/home/alex/.m2/repository/org/apiguardian/apiguardian-api/1.1.0/apiguardian-api-1.1.0.jar:/home/alex/.m2/repository/com/fasterxml/jackson/dataformat/jackson-dataformat-yaml/2.10.0/jackson-dataformat-yaml-2.10.0.jar:/home/alex/.m2/repository/org/yaml/snakeyaml/1.29/snakeyaml-1.29.jar:/home/alex/.m2/repository/com/google/uzaygezen/uzaygezen-core/0.2/uzaygezen-core-0.2.jar:/home/alex/.m2/repository/com/yahoo/datasketches/sketches-core/0.9.0/sketches-core-0.9.0.jar:/home/alex/.m2/repository/com/yahoo/datasketches/memory/0.9.0/memory-0.9.0.jar:/home/alex/.m2/repository/net/hydromatic/aggdesigner-algorithm/6.0/aggdesigner-algorithm-6.0.jar:/home/alex/.m2/repository/commons-lang/commons-lang/2.4/commons-lang-2.4.jar:/home/alex/.m2/repository/org/apache/commons/commons-dbcp2/2.6.0/commons-dbcp2-2.6.0.jar:/home/alex/.m2/repository/org/apache/commons/commons-pool2/2.6.1/commons-pool2-2.6.1.jar:/home/alex/.m2/repository/org/codehaus/janino/commons-compiler/3.0.11/commons-compiler-3.0.11.jar:/home/alex/.m2/repository/org/codehaus/janino/janino/3.0.11/janino-3.0.11.jar:/home/alex/Repositories/nifi/nifi-nar-bundles/nifi-standard-services/nifi-schema-registry-service-api/target/classes:/home/alex/Repositories/nifi/nifi-nar-bundles/nifi-extension-utils/nifi-database-utils/target/classes:/home/alex/Repositories/nifi/nifi-nar-bundles/nifi-standard-bundle/nifi-standard-web-test-utils/target/classes:/home/alex/.m2/repository/com/github/stefanbirkner/fake-sftp-server-rule/2.0.1/fake-sftp-server-rule-2.0.1.jar:/home/alex/.m2/repository/com/github/marschall/memoryfilesystem/2.8.0/memoryfilesystem-2.8.0.jar:/home/alex/.m2/repository/junit/junit/4.13.2/junit-4.13.2.jar:/home/alex/.m2/repository/org/hamcrest/hamcrest-core/1.3/hamcrest-core-1.3.jar:/home/alex/Repositories/nifi/nifi-nar-bundles/nifi-extension-utils/nifi-database-test-utils/target/classes:/home/alex/.m2/repository/org/codehaus/groovy/groovy-json/2.5.14/groovy-json-2.5.14.jar:/home/alex/.m2/repository/org/codehaus/groovy/groovy/2.5.14/groovy-2.5.14.jar:/home/alex/.m2/repository/org/codehaus/groovy/groovy-servlet/2.5.14/groovy-servlet-2.5.14.jar:/home/alex/.m2/repository/org/codehaus/groovy/groovy-templates/2.5.14/groovy-templates-2.5.14.jar:/home/alex/.m2/repository/org/codehaus/groovy/groovy-xml/2.5.14/groovy-xml-2.5.14.jar:/home/alex/.m2/repository/org/hamcrest/hamcrest-all/1.3/hamcrest-all-1.3.jar:/home/alex/.m2/repository/com/squareup/okhttp3/mockwebserver/4.9.2/mockwebserver-4.9.2.jar:/home/alex/.m2/repository/org/jetbrains/kotlin/kotlin-stdlib-jdk8/1.4.10/kotlin-stdlib-jdk8-1.4.10.jar:/home/alex/.m2/repository/org/jetbrains/kotlin/kotlin-stdlib-jdk7/1.4.10/kotlin-stdlib-jdk7-1.4.10.jar:/home/alex/.m2/repository/org/mockito/mockito-inline/3.12.4/mockito-inline-3.12.4.jar:/home/alex/.m2/repository/org/junit/jupiter/junit-jupiter-api/5.7.2/junit-jupiter-api-5.7.2.jar:/home/alex/.m2/repository/org/opentest4j/opentest4j/1.2.0/opentest4j-1.2.0.jar:/home/alex/.m2/repository/org/junit/platform/junit-platform-commons/1.7.2/junit-platform-commons-1.7.2.jar:/home/alex/.m2/repository/org/junit/jupiter/junit-jupiter-engine/5.7.2/junit-jupiter-engine-5.7.2.jar:/home/alex/.m2/repository/org/junit/platform/junit-platform-engine/1.7.2/junit-platform-engine-1.7.2.jar:/home/alex/.m2/repository/org/junit/vintage/junit-vintage-engine/5.7.2/junit-vintage-engine-5.7.2.jar:/home/alex/.m2/repository/org/junit/jupiter/junit-jupiter-params/5.7.2/junit-jupiter-params-5.7.2.jar:/home/alex/.m2/repository/org/mockito/mockito-core/3.11.2/mockito-core-3.11.2.jar:/home/alex/.m2/repository/net/bytebuddy/byte-buddy/1.11.3/byte-buddy-1.11.3.jar:/home/alex/.m2/repository/net/bytebuddy/byte-buddy-agent/1.11.3/byte-buddy-agent-1.11.3.jar:/home/alex/.m2/repository/org/objenesis/objenesis/3.2/objenesis-3.2.jar:/home/alex/.m2/repository/org/mockito/mockito-junit-jupiter/3.11.2/mockito-junit-jupiter-3.11.2.jar:/home/alex/.m2/repository/org/slf4j/slf4j-simple/1.7.32/slf4j-simple-1.7.32.jar:/home/alex/.m2/repository/org/codehaus/groovy/groovy-test/2.5.14/groovy-test-2.5.14.jar:"/>
    <property name="org.slf4j.simpleLogger.log.nifi.processors.standard.TestExecuteSQLRecord" value="debug"/>
    <property name="java.vm.vendor" value="Private Build"/>
    <property name="sun.arch.data.model" value="64"/>
    <property name="java.vendor.url" value="http://java.oracle.com/"/>
    <property name="user.timezone" value="Europe/Lisbon"/>
    <property name="java.vm.specification.version" value="1.8"/>
    <property name="os.name" value="Linux"/>
    <property name="user.country" value="US"/>
    <property name="sun.java.launcher" value="SUN_STANDARD"/>
    <property name="sun.boot.library.path" value="/usr/lib/jvm/java-8-openjdk-amd64/jre/lib/amd64"/>
    <property name="sun.java.command" value="/home/alex/Repositories/nifi/nifi-nar-bundles/nifi-standard-bundle/nifi-standard-processors/target/surefire/surefirebooter7473415933682638322.jar /home/alex/Repositories/nifi/nifi-nar-bundles/nifi-standard-bundle/nifi-standard-processors/target/surefire 2024-05-02T02-37-14_149-jvmRun1 surefire6139189294397462573tmp surefire_693674938239097471618tmp"/>
    <property name="org.slf4j.simpleLogger.log.nifi.io.nio" value="debug"/>
    <property name="surefire.test.class.path" value="/home/alex/Repositories/nifi/nifi-nar-bundles/nifi-standard-bundle/nifi-standard-processors/target/test-classes:/home/alex/Repositories/nifi/nifi-nar-bundles/nifi-standard-bundle/nifi-standard-processors/target/classes:/home/alex/.m2/repository/org/apache/ftpserver/ftpserver-core/1.1.1/ftpserver-core-1.1.1.jar:/home/alex/.m2/repository/org/apache/ftpserver/ftplet-api/1.1.1/ftplet-api-1.1.1.jar:/home/alex/.m2/repository/org/slf4j/slf4j-api/1.7.32/slf4j-api-1.7.32.jar:/home/alex/.m2/repository/org/apache/mina/mina-core/2.0.16/mina-core-2.0.16.jar:/home/alex/Repositories/nifi/nifi-api/target/classes:/home/alex/Repositories/nifi/nifi-commons/nifi-expression-language/target/classes:/home/alex/.m2/repository/org/antlr/antlr-runtime/3.5.2/antlr-runtime-3.5.2.jar:/home/alex/Repositories/nifi/nifi-commons/nifi-parameter/target/classes:/home/alex/Repositories/nifi/nifi-commons/nifi-uuid5/target/classes:/home/alex/.m2/repository/org/apache/commons/commons-text/1.8/commons-text-1.8.jar:/home/alex/Repositories/nifi/nifi-nar-bundles/nifi-extension-utils/nifi-processor-utils/target/classes:/home/alex/Repositories/nifi/nifi-commons/nifi-security-socket-ssl/target/classes:/home/alex/Repositories/nifi/nifi-nar-bundles/nifi-extension-utils/nifi-event-transport/target/classes:/home/alex/.m2/repository/io/netty/netty-handler/4.1.69.Final/netty-handler-4.1.69.Final.jar:/home/alex/.m2/repository/io/netty/netty-common/4.1.69.Final/netty-common-4.1.69.Final.jar:/home/alex/.m2/repository/io/netty/netty-resolver/4.1.69.Final/netty-resolver-4.1.69.Final.jar:/home/alex/.m2/repository/io/netty/netty-transport/4.1.69.Final/netty-transport-4.1.69.Final.jar:/home/alex/.m2/repository/io/netty/netty-codec/4.1.69.Final/netty-codec-4.1.69.Final.jar:/home/alex/Repositories/nifi/nifi-nar-bundles/nifi-extension-utils/nifi-syslog-utils/target/classes:/home/alex/.m2/repository/com/github/palindromicity/simple-syslog-5424/0.0.16/simple-syslog-5424-0.0.16.jar:/home/alex/.m2/repository/org/antlr/antlr4-runtime/4.7.2/antlr4-runtime-4.7.2.jar:/home/alex/Repositories/nifi/nifi-commons/nifi-utils/target/classes:/home/alex/Repositories/nifi/nifi-commons/nifi-record-path/target/classes:/home/alex/Repositories/nifi/nifi-commons/nifi-properties/target/classes:/home/alex/Repositories/nifi/nifi-commons/nifi-property-utils/target/classes:/home/alex/.m2/repository/com/github/ben-manes/caffeine/caffeine/2.8.1/caffeine-2.8.1.jar:/home/alex/Repositories/nifi/nifi-nar-bundles/nifi-standard-services/nifi-ssl-context-service-api/target/classes:/home/alex/Repositories/nifi/nifi-commons/nifi-security-utils-api/target/classes:/home/alex/Repositories/nifi/nifi-nar-bundles/nifi-standard-services/nifi-lookup-service-api/target/classes:/home/alex/Repositories/nifi/nifi-commons/nifi-flowfile-packager/target/classes:/home/alex/Repositories/nifi/nifi-nar-bundles/nifi-standard-services/nifi-distributed-cache-client-service-api/target/classes:/home/alex/Repositories/nifi/nifi-nar-bundles/nifi-standard-services/nifi-http-context-map-api/target/classes:/home/alex/Repositories/nifi/nifi-nar-bundles/nifi-standard-services/nifi-record-serialization-service-api/target/classes:/home/alex/Repositories/nifi/nifi-nar-bundles/nifi-standard-services/nifi-proxy-configuration-api/target/classes:/home/alex/Repositories/nifi/nifi-commons/nifi-record/target/classes:/home/alex/Repositories/nifi/nifi-nar-bundles/nifi-standard-services/nifi-record-sink-api/target/classes:/home/alex/.m2/repository/commons-io/commons-io/2.10.0/commons-io-2.10.0.jar:/home/alex/.m2/repository/javax/ws/rs/javax.ws.rs-api/2.1/javax.ws.rs-api-2.1.jar:/home/alex/.m2/repository/commons-net/commons-net/3.6/commons-net-3.6.jar:/home/alex/.m2/repository/org/apache/commons/commons-compress/1.21/commons-compress-1.21.jar:/home/alex/.m2/repository/org/apache/commons/commons-lang3/3.9/commons-lang3-3.9.jar:/home/alex/.m2/repository/org/bouncycastle/bcprov-jdk15on/1.69/bcprov-jdk15on-1.69.jar:/home/alex/.m2/repository/org/bouncycastle/bcpg-jdk15on/1.69/bcpg-jdk15on-1.69.jar:/home/alex/.m2/repository/org/bouncycastle/bcpkix-jdk15on/1.69/bcpkix-jdk15on-1.69.jar:/home/alex/.m2/repository/org/bouncycastle/bcutil-jdk15on/1.69/bcutil-jdk15on-1.69.jar:/home/alex/.m2/repository/commons-codec/commons-codec/1.14/commons-codec-1.14.jar:/home/alex/Repositories/nifi/nifi-commons/nifi-security-utils/target/classes:/home/alex/Repositories/nifi/nifi-commons/nifi-security-kms/target/classes:/home/alex/.m2/repository/org/apache/commons/commons-configuration2/2.7/commons-configuration2-2.7.jar:/home/alex/.m2/repository/com/hierynomus/sshj/0.32.0/sshj-0.32.0.jar:/home/alex/.m2/repository/com/jcraft/jzlib/1.1.3/jzlib-1.1.3.jar:/home/alex/.m2/repository/com/hierynomus/asn-one/0.6.0/asn-one-0.6.0.jar:/home/alex/.m2/repository/net/i2p/crypto/eddsa/0.3.0/eddsa-0.3.0.jar:/home/alex/.m2/repository/org/eclipse/jetty/jetty-server/9.4.44.v20210927/jetty-server-9.4.44.v20210927.jar:/home/alex/.m2/repository/javax/servlet/javax.servlet-api/3.1.0/javax.servlet-api-3.1.0.jar:/home/alex/.m2/repository/org/eclipse/jetty/jetty-http/9.4.44.v20210927/jetty-http-9.4.44.v20210927.jar:/home/alex/.m2/repository/org/eclipse/jetty/jetty-util/9.4.44.v20210927/jetty-util-9.4.44.v20210927.jar:/home/alex/.m2/repository/org/eclipse/jetty/jetty-io/9.4.44.v20210927/jetty-io-9.4.44.v20210927.jar:/home/alex/.m2/repository/org/eclipse/jetty/jetty-servlet/9.4.44.v20210927/jetty-servlet-9.4.44.v20210927.jar:/home/alex/.m2/repository/org/eclipse/jetty/jetty-security/9.4.44.v20210927/jetty-security-9.4.44.v20210927.jar:/home/alex/.m2/repository/org/eclipse/jetty/jetty-util-ajax/9.4.44.v20210927/jetty-util-ajax-9.4.44.v20210927.jar:/home/alex/.m2/repository/org/apache/httpcomponents/httpclient/4.5.5/httpclient-4.5.5.jar:/home/alex/.m2/repository/commons-logging/commons-logging/1.2/commons-logging-1.2.jar:/home/alex/.m2/repository/org/apache/httpcomponents/httpcore/4.4.9/httpcore-4.4.9.jar:/home/alex/.m2/repository/jakarta/activation/jakarta.activation-api/2.0.1/jakarta.activation-api-2.0.1.jar:/home/alex/.m2/repository/com/sun/activation/jakarta.activation/2.0.1/jakarta.activation-2.0.1.jar:/home/alex/.m2/repository/jakarta/mail/jakarta.mail-api/2.0.1/jakarta.mail-api-2.0.1.jar:/home/alex/.m2/repository/com/sun/mail/jakarta.mail/2.0.1/jakarta.mail-2.0.1.jar:/home/alex/.m2/repository/com/github/jponge/lzma-java/1.3/lzma-java-1.3.jar:/home/alex/.m2/repository/org/tukaani/xz/1.8/xz-1.8.jar:/home/alex/.m2/repository/net/sf/saxon/Saxon-HE/10.6/Saxon-HE-10.6.jar:/home/alex/Repositories/nifi/nifi-commons/nifi-socket-utils/target/classes:/home/alex/Repositories/nifi/nifi-commons/nifi-logging-utils/target/classes:/home/alex/Repositories/nifi/nifi-nar-bundles/nifi-standard-services/nifi-load-distribution-service-api/target/classes:/home/alex/.m2/repository/javax/jms/javax.jms-api/2.0.1/javax.jms-api-2.0.1.jar:/home/alex/.m2/repository/org/apache/activemq/activemq-client/5.15.15/activemq-client-5.15.15.jar:/home/alex/.m2/repository/org/apache/geronimo/specs/geronimo-jms_1.1_spec/1.1.1/geronimo-jms_1.1_spec-1.1.1.jar:/home/alex/.m2/repository/org/fusesource/hawtbuf/hawtbuf/1.11/hawtbuf-1.11.jar:/home/alex/.m2/repository/org/apache/geronimo/specs/geronimo-j2ee-management_1.1_spec/1.0.1/geronimo-j2ee-management_1.1_spec-1.0.1.jar:/home/alex/.m2/repository/com/jayway/jsonpath/json-path/2.6.0/json-path-2.6.0.jar:/home/alex/.m2/repository/net/minidev/json-smart/2.4.7/json-smart-2.4.7.jar:/home/alex/.m2/repository/net/minidev/accessors-smart/2.4.7/accessors-smart-2.4.7.jar:/home/alex/.m2/repository/org/ow2/asm/asm/9.1/asm-9.1.jar:/home/alex/.m2/repository/org/apache/tika/tika-core/1.26/tika-core-1.26.jar:/home/alex/.m2/repository/com/fasterxml/jackson/core/jackson-databind/2.12.3/jackson-databind-2.12.3.jar:/home/alex/.m2/repository/com/fasterxml/jackson/core/jackson-annotations/2.12.3/jackson-annotations-2.12.3.jar:/home/alex/.m2/repository/com/fasterxml/jackson/core/jackson-core/2.12.3/jackson-core-2.12.3.jar:/home/alex/Repositories/nifi/nifi-nar-bundles/nifi-extension-utils/nifi-record-utils/nifi-avro-record-utils/target/classes:/home/alex/Repositories/nifi/nifi-nar-bundles/nifi-extension-utils/nifi-record-utils/nifi-standard-record-utils/target/classes:/home/alex/.m2/repository/org/apache/avro/avro/1.8.1/avro-1.8.1.jar:/home/alex/.m2/repository/org/codehaus/jackson/jackson-core-asl/1.9.13/jackson-core-asl-1.9.13.jar:/home/alex/.m2/repository/org/codehaus/jackson/jackson-mapper-asl/1.9.13/jackson-mapper-asl-1.9.13.jar:/home/alex/.m2/repository/com/thoughtworks/paranamer/paranamer/2.7/paranamer-2.7.jar:/home/alex/Repositories/nifi/nifi-nar-bundles/nifi-standard-services/nifi-dbcp-service-api/target/classes:/home/alex/.m2/repository/com/squareup/okhttp3/okhttp/4.9.2/okhttp-4.9.2.jar:/home/alex/.m2/repository/com/squareup/okio/okio/2.8.0/okio-2.8.0.jar:/home/alex/.m2/repository/org/jetbrains/kotlin/kotlin-stdlib-common/1.4.0/kotlin-stdlib-common-1.4.0.jar:/home/alex/.m2/repository/org/jetbrains/kotlin/kotlin-stdlib/1.4.10/kotlin-stdlib-1.4.10.jar:/home/alex/.m2/repository/org/jetbrains/annotations/13.0/annotations-13.0.jar:/home/alex/.m2/repository/io/github/rburgst/okhttp-digest/2.5/okhttp-digest-2.5.jar:/home/alex/.m2/repository/at/favre/lib/bcrypt/0.9.0/bcrypt-0.9.0.jar:/home/alex/.m2/repository/at/favre/lib/bytes/1.3.0/bytes-1.3.0.jar:/home/alex/.m2/repository/com/google/guava/guava/28.0-jre/guava-28.0-jre.jar:/home/alex/.m2/repository/com/google/guava/failureaccess/1.0.1/failureaccess-1.0.1.jar:/home/alex/.m2/repository/com/google/guava/listenablefuture/9999.0-empty-to-avoid-conflict-with-guava/listenablefuture-9999.0-empty-to-avoid-conflict-with-guava.jar:/home/alex/.m2/repository/com/google/code/findbugs/jsr305/3.0.2/jsr305-3.0.2.jar:/home/alex/.m2/repository/org/checkerframework/checker-qual/2.8.1/checker-qual-2.8.1.jar:/home/alex/.m2/repository/com/google/errorprone/error_prone_annotations/2.3.2/error_prone_annotations-2.3.2.jar:/home/alex/.m2/repository/com/google/j2objc/j2objc-annotations/1.3/j2objc-annotations-1.3.jar:/home/alex/.m2/repository/org/codehaus/mojo/animal-sniffer-annotations/1.17/animal-sniffer-annotations-1.17.jar:/home/alex/Repositories/nifi/nifi-mock/target/classes:/home/alex/Repositories/nifi/nifi-framework-api/target/classes:/home/alex/Repositories/nifi/nifi-nar-bundles/nifi-framework-bundle/nifi-framework/nifi-framework-core-api/target/classes:/home/alex/Repositories/nifi/nifi-nar-bundles/nifi-framework-bundle/nifi-framework/nifi-framework-nar-utils/target/classes:/home/alex/Repositories/nifi/nifi-nar-bundles/nifi-framework-bundle/nifi-framework/nifi-client-dto/target/classes:/home/alex/.m2/repository/io/swagger/swagger-annotations/1.6.0/swagger-annotations-1.6.0.jar:/home/alex/Repositories/nifi/nifi-commons/nifi-site-to-site-client/target/classes:/home/alex/.m2/repository/org/apache/httpcomponents/httpasyncclient/4.1.4/httpasyncclient-4.1.4.jar:/home/alex/.m2/repository/org/apache/httpcomponents/httpcore-nio/4.4.10/httpcore-nio-4.4.10.jar:/home/alex/Repositories/nifi/nifi-nar-bundles/nifi-framework-bundle/nifi-framework/nifi-framework-authorization/target/classes:/home/alex/Repositories/nifi/nifi-registry/nifi-registry-core/nifi-registry-data-model/target/classes:/home/alex/Repositories/nifi/nifi-registry/nifi-registry-core/nifi-registry-revision/nifi-registry-revision-entity-model/target/classes:/home/alex/Repositories/nifi/nifi-registry/nifi-registry-core/nifi-registry-client/target/classes:/home/alex/Repositories/nifi/nifi-registry/nifi-registry-core/nifi-registry-security-utils/target/classes:/home/alex/.m2/repository/org/glassfish/jersey/core/jersey-client/2.33/jersey-client-2.33.jar:/home/alex/.m2/repository/jakarta/ws/rs/jakarta.ws.rs-api/2.1.6/jakarta.ws.rs-api-2.1.6.jar:/home/alex/.m2/repository/org/glassfish/hk2/external/jakarta.inject/2.6.1/jakarta.inject-2.6.1.jar:/home/alex/.m2/repository/org/glassfish/jersey/media/jersey-media-json-jackson/2.33/jersey-media-json-jackson-2.33.jar:/home/alex/.m2/repository/org/glassfish/jersey/ext/jersey-entity-filtering/2.33/jersey-entity-filtering-2.33.jar:/home/alex/.m2/repository/org/glassfish/jersey/inject/jersey-hk2/2.33/jersey-hk2-2.33.jar:/home/alex/.m2/repository/org/glassfish/hk2/hk2-locator/2.6.1/hk2-locator-2.6.1.jar:/home/alex/.m2/repository/org/glassfish/hk2/external/aopalliance-repackaged/2.6.1/aopalliance-repackaged-2.6.1.jar:/home/alex/.m2/repository/org/glassfish/hk2/hk2-api/2.6.1/hk2-api-2.6.1.jar:/home/alex/.m2/repository/org/glassfish/hk2/hk2-utils/2.6.1/hk2-utils-2.6.1.jar:/home/alex/.m2/repository/org/javassist/javassist/3.25.0-GA/javassist-3.25.0-GA.jar:/home/alex/.m2/repository/org/glassfish/jersey/core/jersey-common/2.33/jersey-common-2.33.jar:/home/alex/.m2/repository/jakarta/annotation/jakarta.annotation-api/1.3.5/jakarta.annotation-api-1.3.5.jar:/home/alex/.m2/repository/org/glassfish/hk2/osgi-resource-locator/1.0.3/osgi-resource-locator-1.0.3.jar:/home/alex/.m2/repository/org/glassfish/jersey/media/jersey-media-multipart/2.33/jersey-media-multipart-2.33.jar:/home/alex/.m2/repository/org/jvnet/mimepull/mimepull/1.9.13/mimepull-1.9.13.jar:/home/alex/Repositories/nifi/nifi-commons/nifi-data-provenance-utils/target/classes:/home/alex/Repositories/nifi/nifi-nar-bundles/nifi-standard-services/nifi-distributed-cache-services-bundle/nifi-distributed-cache-client-service/target/classes:/home/alex/Repositories/nifi/nifi-nar-bundles/nifi-standard-services/nifi-distributed-cache-services-bundle/nifi-distributed-cache-protocol/target/classes:/home/alex/.m2/repository/io/netty/netty-buffer/4.1.69.Final/netty-buffer-4.1.69.Final.jar:/home/alex/.m2/repository/com/google/http-client/google-http-client/1.28.0/google-http-client-1.28.0.jar:/home/alex/.m2/repository/io/opencensus/opencensus-api/0.18.0/opencensus-api-0.18.0.jar:/home/alex/.m2/repository/io/grpc/grpc-context/1.14.0/grpc-context-1.14.0.jar:/home/alex/.m2/repository/io/opencensus/opencensus-contrib-http-util/0.18.0/opencensus-contrib-http-util-0.18.0.jar:/home/alex/.m2/repository/org/apache/activemq/activemq-broker/5.15.14/activemq-broker-5.15.14.jar:/home/alex/.m2/repository/org/apache/activemq/activemq-openwire-legacy/5.15.14/activemq-openwire-legacy-5.15.14.jar:/home/alex/Repositories/nifi/nifi-nar-bundles/nifi-standard-services/nifi-ssl-context-bundle/nifi-ssl-context-service/target/classes:/home/alex/Repositories/nifi/nifi-nar-bundles/nifi-framework-bundle/nifi-framework/nifi-standard-prioritizers/target/classes:/home/alex/Repositories/nifi/nifi-nar-bundles/nifi-extension-utils/nifi-record-utils/nifi-mock-record-utils/target/classes:/home/alex/Repositories/nifi/nifi-nar-bundles/nifi-standard-services/nifi-record-serialization-services-bundle/nifi-record-serialization-services/target/classes:/home/alex/.m2/repository/org/apache/commons/commons-csv/1.8/commons-csv-1.8.jar:/home/alex/.m2/repository/com/fasterxml/jackson/dataformat/jackson-dataformat-csv/2.12.3/jackson-dataformat-csv-2.12.3.jar:/home/alex/.m2/repository/net/java/dev/stax-utils/stax-utils/20070216/stax-utils-20070216.jar:/home/alex/Repositories/nifi/nifi-nar-bundles/nifi-standard-services/nifi-lookup-services-bundle/nifi-lookup-services/target/classes:/home/alex/.m2/repository/commons-beanutils/commons-beanutils/1.9.4/commons-beanutils-1.9.4.jar:/home/alex/.m2/repository/commons-collections/commons-collections/3.2.2/commons-collections-3.2.2.jar:/home/alex/.m2/repository/com/maxmind/geoip2/geoip2/2.12.0/geoip2-2.12.0.jar:/home/alex/.m2/repository/com/maxmind/db/maxmind-db/1.2.2/maxmind-db-1.2.2.jar:/home/alex/.m2/repository/org/apache/derby/derby/10.14.2.0/derby-10.14.2.0.jar:/home/alex/.m2/repository/org/xerial/snappy/snappy-java/1.1.7.3/snappy-java-1.1.7.3.jar:/home/alex/.m2/repository/net/lingala/zip4j/zip4j/2.8.0/zip4j-2.8.0.jar:/home/alex/.m2/repository/com/h2database/h2/1.4.187/h2-1.4.187.jar:/home/alex/.m2/repository/org/mockftpserver/MockFtpServer/2.7.1/MockFtpServer-2.7.1.jar:/home/alex/.m2/repository/org/apache/sshd/sshd-core/1.7.0/sshd-core-1.7.0.jar:/home/alex/.m2/repository/com/bazaarvoice/jolt/jolt-core/0.1.1/jolt-core-0.1.1.jar:/home/alex/.m2/repository/javax/inject/javax.inject/1/javax.inject-1.jar:/home/alex/.m2/repository/com/bazaarvoice/jolt/json-utils/0.1.1/json-utils-0.1.1.jar:/home/alex/Repositories/nifi/nifi-nar-bundles/nifi-standard-bundle/nifi-standard-utils/target/classes:/home/alex/.m2/repository/net/sf/supercsv/super-csv/2.4.0/super-csv-2.4.0.jar:/home/alex/.m2/repository/com/fluenda/parcefone/2.1.0/parcefone-2.1.0.jar:/home/alex/.m2/repository/javax/validation/validation-api/1.1.0.Final/validation-api-1.1.0.Final.jar:/home/alex/.m2/repository/javax/el/javax.el-api/3.0.0/javax.el-api-3.0.0.jar:/home/alex/.m2/repository/com/github/wnameless/json/json-flattener/0.12.0/json-flattener-0.12.0.jar:/home/alex/.m2/repository/com/github/wnameless/json/json-base/2.0.0/json-base-2.0.0.jar:/home/alex/.m2/repository/org/apache/bval/bval-jsr/1.1.2/bval-jsr-1.1.2.jar:/home/alex/.m2/repository/org/apache/bval/bval-core/1.1.2/bval-core-1.1.2.jar:/home/alex/.m2/repository/io/krakens/java-grok/0.1.9/java-grok-0.1.9.jar:/home/alex/.m2/repository/org/apache/calcite/calcite-core/1.27.0/calcite-core-1.27.0.jar:/home/alex/.m2/repository/org/apache/calcite/calcite-linq4j/1.27.0/calcite-linq4j-1.27.0.jar:/home/alex/.m2/repository/com/esri/geometry/esri-geometry-api/2.2.0/esri-geometry-api-2.2.0.jar:/home/alex/.m2/repository/org/apache/calcite/avatica/avatica-core/1.18.0/avatica-core-1.18.0.jar:/home/alex/.m2/repository/org/apache/calcite/avatica/avatica-metrics/1.18.0/avatica-metrics-1.18.0.jar:/home/alex/.m2/repository/com/google/protobuf/protobuf-java/3.6.1/protobuf-java-3.6.1.jar:/home/alex/.m2/repository/org/apiguardian/apiguardian-api/1.1.0/apiguardian-api-1.1.0.jar:/home/alex/.m2/repository/com/fasterxml/jackson/dataformat/jackson-dataformat-yaml/2.10.0/jackson-dataformat-yaml-2.10.0.jar:/home/alex/.m2/repository/org/yaml/snakeyaml/1.29/snakeyaml-1.29.jar:/home/alex/.m2/repository/com/google/uzaygezen/uzaygezen-core/0.2/uzaygezen-core-0.2.jar:/home/alex/.m2/repository/com/yahoo/datasketches/sketches-core/0.9.0/sketches-core-0.9.0.jar:/home/alex/.m2/repository/com/yahoo/datasketches/memory/0.9.0/memory-0.9.0.jar:/home/alex/.m2/repository/net/hydromatic/aggdesigner-algorithm/6.0/aggdesigner-algorithm-6.0.jar:/home/alex/.m2/repository/commons-lang/commons-lang/2.4/commons-lang-2.4.jar:/home/alex/.m2/repository/org/apache/commons/commons-dbcp2/2.6.0/commons-dbcp2-2.6.0.jar:/home/alex/.m2/repository/org/apache/commons/commons-pool2/2.6.1/commons-pool2-2.6.1.jar:/home/alex/.m2/repository/org/codehaus/janino/commons-compiler/3.0.11/commons-compiler-3.0.11.jar:/home/alex/.m2/repository/org/codehaus/janino/janino/3.0.11/janino-3.0.11.jar:/home/alex/Repositories/nifi/nifi-nar-bundles/nifi-standard-services/nifi-schema-registry-service-api/target/classes:/home/alex/Repositories/nifi/nifi-nar-bundles/nifi-extension-utils/nifi-database-utils/target/classes:/home/alex/Repositories/nifi/nifi-nar-bundles/nifi-standard-bundle/nifi-standard-web-test-utils/target/classes:/home/alex/.m2/repository/com/github/stefanbirkner/fake-sftp-server-rule/2.0.1/fake-sftp-server-rule-2.0.1.jar:/home/alex/.m2/repository/com/github/marschall/memoryfilesystem/2.8.0/memoryfilesystem-2.8.0.jar:/home/alex/.m2/repository/junit/junit/4.13.2/junit-4.13.2.jar:/home/alex/.m2/repository/org/hamcrest/hamcrest-core/1.3/hamcrest-core-1.3.jar:/home/alex/Repositories/nifi/nifi-nar-bundles/nifi-extension-utils/nifi-database-test-utils/target/classes:/home/alex/.m2/repository/org/codehaus/groovy/groovy-json/2.5.14/groovy-json-2.5.14.jar:/home/alex/.m2/repository/org/codehaus/groovy/groovy/2.5.14/groovy-2.5.14.jar:/home/alex/.m2/repository/org/codehaus/groovy/groovy-servlet/2.5.14/groovy-servlet-2.5.14.jar:/home/alex/.m2/repository/org/codehaus/groovy/groovy-templates/2.5.14/groovy-templates-2.5.14.jar:/home/alex/.m2/repository/org/codehaus/groovy/groovy-xml/2.5.14/groovy-xml-2.5.14.jar:/home/alex/.m2/repository/org/hamcrest/hamcrest-all/1.3/hamcrest-all-1.3.jar:/home/alex/.m2/repository/com/squareup/okhttp3/mockwebserver/4.9.2/mockwebserver-4.9.2.jar:/home/alex/.m2/repository/org/jetbrains/kotlin/kotlin-stdlib-jdk8/1.4.10/kotlin-stdlib-jdk8-1.4.10.jar:/home/alex/.m2/repository/org/jetbrains/kotlin/kotlin-stdlib-jdk7/1.4.10/kotlin-stdlib-jdk7-1.4.10.jar:/home/alex/.m2/repository/org/mockito/mockito-inline/3.12.4/mockito-inline-3.12.4.jar:/home/alex/.m2/repository/org/junit/jupiter/junit-jupiter-api/5.7.2/junit-jupiter-api-5.7.2.jar:/home/alex/.m2/repository/org/opentest4j/opentest4j/1.2.0/opentest4j-1.2.0.jar:/home/alex/.m2/repository/org/junit/platform/junit-platform-commons/1.7.2/junit-platform-commons-1.7.2.jar:/home/alex/.m2/repository/org/junit/jupiter/junit-jupiter-engine/5.7.2/junit-jupiter-engine-5.7.2.jar:/home/alex/.m2/repository/org/junit/platform/junit-platform-engine/1.7.2/junit-platform-engine-1.7.2.jar:/home/alex/.m2/repository/org/junit/vintage/junit-vintage-engine/5.7.2/junit-vintage-engine-5.7.2.jar:/home/alex/.m2/repository/org/junit/jupiter/junit-jupiter-params/5.7.2/junit-jupiter-params-5.7.2.jar:/home/alex/.m2/repository/org/mockito/mockito-core/3.11.2/mockito-core-3.11.2.jar:/home/alex/.m2/repository/net/bytebuddy/byte-buddy/1.11.3/byte-buddy-1.11.3.jar:/home/alex/.m2/repository/net/bytebuddy/byte-buddy-agent/1.11.3/byte-buddy-agent-1.11.3.jar:/home/alex/.m2/repository/org/objenesis/objenesis/3.2/objenesis-3.2.jar:/home/alex/.m2/repository/org/mockito/mockito-junit-jupiter/3.11.2/mockito-junit-jupiter-3.11.2.jar:/home/alex/.m2/repository/org/slf4j/slf4j-simple/1.7.32/slf4j-simple-1.7.32.jar:/home/alex/.m2/repository/org/codehaus/groovy/groovy-test/2.5.14/groovy-test-2.5.14.jar:"/>
    <property name="sun.cpu.endian" value="little"/>
    <property name="user.home" value="/home/alex"/>
    <property name="user.language" value="en"/>
    <property name="java.specification.vendor" value="Oracle Corporation"/>
    <property name="java.home" value="/usr/lib/jvm/java-8-openjdk-amd64/jre"/>
    <property name="basedir" value="/home/alex/Repositories/nifi/nifi-nar-bundles/nifi-standard-bundle/nifi-standard-processors"/>
    <property name="file.separator" value="/"/>
    <property name="line.separator" value="&#10;"/>
    <property name="java.vm.specification.vendor" value="Oracle Corporation"/>
    <property name="java.specification.name" value="Java Platform API Specification"/>
    <property name="derby.stream.error.file" value="target/derby.log"/>
    <property name="javax.xml.xpath.XPathFactory:http://saxon.sf.net/jaxp/xpath/om" value="net.sf.saxon.xpath.XPathFactoryImpl"/>
    <property name="java.awt.graphicsenv" value="sun.awt.X11GraphicsEnvironment"/>
    <property name="org.slf4j.simpleLogger.log.org.apache.nifi.processors.standard.SQLTransform" value="debug"/>
    <property name="java.awt.headless" value="true"/>
    <property name="org.slf4j.simpleLogger.log.nifi.processors.standard.ExecuteSQLRecord" value="debug"/>
    <property name="org.slf4j.simpleLogger.showDateTime" value="true"/>
    <property name="surefire.real.class.path" value="/home/alex/Repositories/nifi/nifi-nar-bundles/nifi-standard-bundle/nifi-standard-processors/target/surefire/surefirebooter7473415933682638322.jar"/>
    <property name="sun.boot.class.path" value="/usr/lib/jvm/java-8-openjdk-amd64/jre/lib/resources.jar:/usr/lib/jvm/java-8-openjdk-amd64/jre/lib/rt.jar:/usr/lib/jvm/java-8-openjdk-amd64/jre/lib/sunrsasign.jar:/usr/lib/jvm/java-8-openjdk-amd64/jre/lib/jsse.jar:/usr/lib/jvm/java-8-openjdk-amd64/jre/lib/jce.jar:/usr/lib/jvm/java-8-openjdk-amd64/jre/lib/charsets.jar:/usr/lib/jvm/java-8-openjdk-amd64/jre/lib/jfr.jar:/usr/lib/jvm/java-8-openjdk-amd64/jre/classes"/>
    <property name="sun.management.compiler" value="HotSpot 64-Bit Tiered Compilers"/>
    <property name="org.slf4j.simpleLogger.log.nifi.processors.standard.TestExecuteSQL" value="debug"/>
    <property name="java.runtime.version" value="1.8.0_402-8u402-ga-2ubuntu1~22.04-b06"/>
    <property name="java.net.preferIPv4Stack" value="true"/>
    <property name="user.name" value="alex"/>
    <property name="path.separator" value=":"/>
    <property name="os.version" value="6.5.0-28-generic"/>
    <property name="java.endorsed.dirs" value="/usr/lib/jvm/java-8-openjdk-amd64/jre/lib/endorsed"/>
    <property name="java.runtime.name" value="OpenJDK Runtime Environment"/>
    <property name="file.encoding" value="UTF-8"/>
    <property name="org.slf4j.simpleLogger.log.org.apache.nifi.processors.standard" value="TRACE"/>
    <property name="org.slf4j.simpleLogger.log.nifi.processors.standard.ExecuteSQL" value="debug"/>
    <property name="sun.nio.ch.bugLevel" value=""/>
    <property name="java.vm.name" value="OpenJDK 64-Bit Server VM"/>
    <property name="localRepository" value="/home/alex/.m2/repository"/>
    <property name="java.vendor.url.bug" value="http://bugreport.sun.com/bugreport/"/>
    <property name="java.io.tmpdir" value="/tmp"/>
    <property name="java.version" value="1.8.0_402"/>
    <property name="user.dir" value="/home/alex/Repositories/nifi/nifi-nar-bundles/nifi-standard-bundle/nifi-standard-processors"/>
    <property name="org.slf4j.simpleLogger.log.nifi.processors.standard.TestDetectDuplicate" value="debug"/>
    <property name="os.arch" value="amd64"/>
    <property name="java.vm.specification.name" value="Java Virtual Machine Specification"/>
    <property name="java.awt.printerjob" value="sun.print.PSPrinterJob"/>
    <property name="sun.os.patch.level" value="unknown"/>
    <property name="org.slf4j.simpleLogger.defaultLogLevel" value="info"/>
    <property name="java.library.path" value="/usr/java/packages/lib/amd64:/usr/lib/x86_64-linux-gnu/jni:/lib/x86_64-linux-gnu:/usr/lib/x86_64-linux-gnu:/usr/lib/jni:/lib:/usr/lib"/>
    <property name="java.vm.info" value="mixed mode"/>
    <property name="java.vendor" value="Private Build"/>
    <property name="java.vm.version" value="25.402-b06"/>
    <property name="org.slf4j.simpleLogger.log.nifi.processors.standard.DetectDuplicate" value="debug"/>
    <property name="java.specification.maintenance.version" value="5"/>
    <property name="java.ext.dirs" value="/usr/lib/jvm/java-8-openjdk-amd64/jre/lib/ext:/usr/java/packages/lib/ext"/>
    <property name="sun.io.unicode.encoding" value="UnicodeLittle"/>
    <property name="java.class.version" value="52.0"/>
  </properties>
  <testcase name="testWithOutputBatching" classname="org.apache.nifi.processors.standard.TestExecuteSQL" time="2.209">
    <system-err><![CDATA[[org.apache.nifi.processors.standard.ListenUDP [46ad6104-7131-49a9-bbe5-8e6cf047e8c1]] ERROR org.apache.nifi.processors.standard.ListenUDP - ListenUDP[id=46ad6104-7131-49a9-bbe5-8e6cf047e8c1] Internal queue at maximum capacity, could not queue event
[org.apache.nifi.processors.standard.ListenUDP [46ad6104-7131-49a9-bbe5-8e6cf047e8c1]] ERROR org.apache.nifi.processors.standard.ListenUDP - ListenUDP[id=46ad6104-7131-49a9-bbe5-8e6cf047e8c1] Internal queue at maximum capacity, could not queue event
[org.apache.nifi.processors.standard.ListenUDP [46ad6104-7131-49a9-bbe5-8e6cf047e8c1]] ERROR org.apache.nifi.processors.standard.ListenUDP - ListenUDP[id=46ad6104-7131-49a9-bbe5-8e6cf047e8c1] Internal queue at maximum capacity, could not queue event
[org.apache.nifi.processors.standard.ListenUDP [46ad6104-7131-49a9-bbe5-8e6cf047e8c1]] ERROR org.apache.nifi.processors.standard.ListenUDP - ListenUDP[id=46ad6104-7131-49a9-bbe5-8e6cf047e8c1] Internal queue at maximum capacity, could not queue event
[org.apache.nifi.processors.standard.ListenUDP [46ad6104-7131-49a9-bbe5-8e6cf047e8c1]] ERROR org.apache.nifi.processors.standard.ListenUDP - ListenUDP[id=46ad6104-7131-49a9-bbe5-8e6cf047e8c1] Internal queue at maximum capacity, could not queue event
[org.apache.nifi.processors.standard.ListenUDP [46ad6104-7131-49a9-bbe5-8e6cf047e8c1]] ERROR org.apache.nifi.processors.standard.ListenUDP - ListenUDP[id=46ad6104-7131-49a9-bbe5-8e6cf047e8c1] Internal queue at maximum capacity, could not queue event
[org.apache.nifi.processors.standard.ListenUDP [46ad6104-7131-49a9-bbe5-8e6cf047e8c1]] ERROR org.apache.nifi.processors.standard.ListenUDP - ListenUDP[id=46ad6104-7131-49a9-bbe5-8e6cf047e8c1] Internal queue at maximum capacity, could not queue event
[org.apache.nifi.processors.standard.ListenUDP [46ad6104-7131-49a9-bbe5-8e6cf047e8c1]] ERROR org.apache.nifi.processors.standard.ListenUDP - ListenUDP[id=46ad6104-7131-49a9-bbe5-8e6cf047e8c1] Internal queue at maximum capacity, could not queue event
[org.apache.nifi.processors.standard.ListenUDP [46ad6104-7131-49a9-bbe5-8e6cf047e8c1]] ERROR org.apache.nifi.processors.standard.ListenUDP - ListenUDP[id=46ad6104-7131-49a9-bbe5-8e6cf047e8c1] Internal queue at maximum capacity, could not queue event
[org.apache.nifi.processors.standard.ListenUDP [46ad6104-7131-49a9-bbe5-8e6cf047e8c1]] ERROR org.apache.nifi.processors.standard.ListenUDP - ListenUDP[id=46ad6104-7131-49a9-bbe5-8e6cf047e8c1] Internal queue at maximum capacity, could not queue event
[org.apache.nifi.processors.standard.ListenUDP [46ad6104-7131-49a9-bbe5-8e6cf047e8c1]] ERROR org.apache.nifi.processors.standard.ListenUDP - ListenUDP[id=46ad6104-7131-49a9-bbe5-8e6cf047e8c1] Internal queue at maximum capacity, could not queue event
[org.apache.nifi.processors.standard.ListenUDP [46ad6104-7131-49a9-bbe5-8e6cf047e8c1]] ERROR org.apache.nifi.processors.standard.ListenUDP - ListenUDP[id=46ad6104-7131-49a9-bbe5-8e6cf047e8c1] Internal queue at maximum capacity, could not queue event
[org.apache.nifi.processors.standard.ListenUDP [46ad6104-7131-49a9-bbe5-8e6cf047e8c1]] ERROR org.apache.nifi.processors.standard.ListenUDP - ListenUDP[id=46ad6104-7131-49a9-bbe5-8e6cf047e8c1] Internal queue at maximum capacity, could not queue event
[pool-1916-thread-1] DEBUG org.apache.nifi.processors.standard.ExecuteSQL - ExecuteSQL[id=2432f9f4-8088-42cd-8347-2a59525b223f] Executing query SELECT * FROM TEST_NULL_INT
[pool-1916-thread-1] INFO org.apache.nifi.processors.standard.ExecuteSQL - ExecuteSQL[id=2432f9f4-8088-42cd-8347-2a59525b223f] FlowFile[0,94790442120554.mockFlowFile,286B] contains 5 records; transferring to 'success'
[pool-1916-thread-1] INFO org.apache.nifi.processors.standard.ExecuteSQL - ExecuteSQL[id=2432f9f4-8088-42cd-8347-2a59525b223f] FlowFile[1,94790444126418.mockFlowFile,286B] contains 5 records; transferring to 'success'
[pool-1916-thread-1] INFO org.apache.nifi.processors.standard.ExecuteSQL - ExecuteSQL[id=2432f9f4-8088-42cd-8347-2a59525b223f] FlowFile[2,94790444284691.mockFlowFile,286B] contains 5 records; transferring to 'success'
[pool-1916-thread-1] INFO org.apache.nifi.processors.standard.ExecuteSQL - ExecuteSQL[id=2432f9f4-8088-42cd-8347-2a59525b223f] FlowFile[3,94790444391396.mockFlowFile,286B] contains 5 records; transferring to 'success'
[pool-1916-thread-1] INFO org.apache.nifi.processors.standard.ExecuteSQL - ExecuteSQL[id=2432f9f4-8088-42cd-8347-2a59525b223f] FlowFile[4,94790444499116.mockFlowFile,286B] contains 5 records; transferring to 'success'
[pool-1916-thread-1] INFO org.apache.nifi.processors.standard.ExecuteSQL - ExecuteSQL[id=2432f9f4-8088-42cd-8347-2a59525b223f] FlowFile[5,94790444642834.mockFlowFile,286B] contains 5 records; transferring to 'success'
[pool-1916-thread-1] INFO org.apache.nifi.processors.standard.ExecuteSQL - ExecuteSQL[id=2432f9f4-8088-42cd-8347-2a59525b223f] FlowFile[6,94790444831400.mockFlowFile,286B] contains 5 records; transferring to 'success'
[pool-1916-thread-1] INFO org.apache.nifi.processors.standard.ExecuteSQL - ExecuteSQL[id=2432f9f4-8088-42cd-8347-2a59525b223f] FlowFile[7,94790444939977.mockFlowFile,286B] contains 5 records; transferring to 'success'
[pool-1916-thread-1] INFO org.apache.nifi.processors.standard.ExecuteSQL - ExecuteSQL[id=2432f9f4-8088-42cd-8347-2a59525b223f] FlowFile[8,94790445046334.mockFlowFile,286B] contains 5 records; transferring to 'success'
[pool-1916-thread-1] INFO org.apache.nifi.processors.standard.ExecuteSQL - ExecuteSQL[id=2432f9f4-8088-42cd-8347-2a59525b223f] FlowFile[9,94790445153471.mockFlowFile,286B] contains 5 records; transferring to 'success'
[pool-1916-thread-1] INFO org.apache.nifi.processors.standard.ExecuteSQL - ExecuteSQL[id=2432f9f4-8088-42cd-8347-2a59525b223f] FlowFile[10,94790445262736.mockFlowFile,286B] contains 5 records; transferring to 'success'
[pool-1916-thread-1] INFO org.apache.nifi.processors.standard.ExecuteSQL - ExecuteSQL[id=2432f9f4-8088-42cd-8347-2a59525b223f] FlowFile[11,94790445371720.mockFlowFile,286B] contains 5 records; transferring to 'success'
[pool-1916-thread-1] INFO org.apache.nifi.processors.standard.ExecuteSQL - ExecuteSQL[id=2432f9f4-8088-42cd-8347-2a59525b223f] FlowFile[12,94790445462870.mockFlowFile,287B] contains 5 records; transferring to 'success'
[pool-1916-thread-1] INFO org.apache.nifi.processors.standard.ExecuteSQL - ExecuteSQL[id=2432f9f4-8088-42cd-8347-2a59525b223f] FlowFile[13,94790445563172.mockFlowFile,291B] contains 5 records; transferring to 'success'
[pool-1916-thread-1] INFO org.apache.nifi.processors.standard.ExecuteSQL - ExecuteSQL[id=2432f9f4-8088-42cd-8347-2a59525b223f] FlowFile[14,94790445705937.mockFlowFile,291B] contains 5 records; transferring to 'success'
[pool-1916-thread-1] INFO org.apache.nifi.processors.standard.ExecuteSQL - ExecuteSQL[id=2432f9f4-8088-42cd-8347-2a59525b223f] FlowFile[15,94790445859660.mockFlowFile,291B] contains 5 records; transferring to 'success'
[pool-1916-thread-1] INFO org.apache.nifi.processors.standard.ExecuteSQL - ExecuteSQL[id=2432f9f4-8088-42cd-8347-2a59525b223f] FlowFile[16,94790445999795.mockFlowFile,291B] contains 5 records; transferring to 'success'
[pool-1916-thread-1] INFO org.apache.nifi.processors.standard.ExecuteSQL - ExecuteSQL[id=2432f9f4-8088-42cd-8347-2a59525b223f] FlowFile[17,94790446097246.mockFlowFile,291B] contains 5 records; transferring to 'success'
[pool-1916-thread-1] INFO org.apache.nifi.processors.standard.ExecuteSQL - ExecuteSQL[id=2432f9f4-8088-42cd-8347-2a59525b223f] FlowFile[18,94790446192308.mockFlowFile,291B] contains 5 records; transferring to 'success'
[pool-1916-thread-1] INFO org.apache.nifi.processors.standard.ExecuteSQL - ExecuteSQL[id=2432f9f4-8088-42cd-8347-2a59525b223f] FlowFile[19,94790446282039.mockFlowFile,291B] contains 5 records; transferring to 'success'
[pool-1916-thread-1] INFO org.apache.nifi.processors.standard.ExecuteSQL - ExecuteSQL[id=2432f9f4-8088-42cd-8347-2a59525b223f] FlowFile[20,94790446381730.mockFlowFile,291B] contains 5 records; transferring to 'success'
[pool-1916-thread-1] INFO org.apache.nifi.processors.standard.ExecuteSQL - ExecuteSQL[id=2432f9f4-8088-42cd-8347-2a59525b223f] FlowFile[21,94790446474035.mockFlowFile,291B] contains 5 records; transferring to 'success'
[pool-1916-thread-1] INFO org.apache.nifi.processors.standard.ExecuteSQL - ExecuteSQL[id=2432f9f4-8088-42cd-8347-2a59525b223f] FlowFile[22,94790446563201.mockFlowFile,291B] contains 5 records; transferring to 'success'
[pool-1916-thread-1] INFO org.apache.nifi.processors.standard.ExecuteSQL - ExecuteSQL[id=2432f9f4-8088-42cd-8347-2a59525b223f] FlowFile[23,94790446659790.mockFlowFile,291B] contains 5 records; transferring to 'success'
[pool-1916-thread-1] INFO org.apache.nifi.processors.standard.ExecuteSQL - ExecuteSQL[id=2432f9f4-8088-42cd-8347-2a59525b223f] FlowFile[24,94790446758940.mockFlowFile,291B] contains 5 records; transferring to 'success'
[pool-1916-thread-1] INFO org.apache.nifi.processors.standard.ExecuteSQL - ExecuteSQL[id=2432f9f4-8088-42cd-8347-2a59525b223f] FlowFile[25,94790446855741.mockFlowFile,291B] contains 5 records; transferring to 'success'
[pool-1916-thread-1] INFO org.apache.nifi.processors.standard.ExecuteSQL - ExecuteSQL[id=2432f9f4-8088-42cd-8347-2a59525b223f] FlowFile[26,94790446956449.mockFlowFile,291B] contains 5 records; transferring to 'success'
[pool-1916-thread-1] INFO org.apache.nifi.processors.standard.ExecuteSQL - ExecuteSQL[id=2432f9f4-8088-42cd-8347-2a59525b223f] FlowFile[27,94790447046538.mockFlowFile,291B] contains 5 records; transferring to 'success'
[pool-1916-thread-1] INFO org.apache.nifi.processors.standard.ExecuteSQL - ExecuteSQL[id=2432f9f4-8088-42cd-8347-2a59525b223f] FlowFile[28,94790447137244.mockFlowFile,291B] contains 5 records; transferring to 'success'
[pool-1916-thread-1] INFO org.apache.nifi.processors.standard.ExecuteSQL - ExecuteSQL[id=2432f9f4-8088-42cd-8347-2a59525b223f] FlowFile[29,94790447232487.mockFlowFile,291B] contains 5 records; transferring to 'success'
[pool-1916-thread-1] INFO org.apache.nifi.processors.standard.ExecuteSQL - ExecuteSQL[id=2432f9f4-8088-42cd-8347-2a59525b223f] FlowFile[30,94790447328183.mockFlowFile,291B] contains 5 records; transferring to 'success'
[pool-1916-thread-1] INFO org.apache.nifi.processors.standard.ExecuteSQL - ExecuteSQL[id=2432f9f4-8088-42cd-8347-2a59525b223f] FlowFile[31,94790447456465.mockFlowFile,291B] contains 5 records; transferring to 'success'
[pool-1916-thread-1] INFO org.apache.nifi.processors.standard.ExecuteSQL - ExecuteSQL[id=2432f9f4-8088-42cd-8347-2a59525b223f] FlowFile[32,94790447600271.mockFlowFile,291B] contains 5 records; transferring to 'success'
[pool-1916-thread-1] INFO org.apache.nifi.processors.standard.ExecuteSQL - ExecuteSQL[id=2432f9f4-8088-42cd-8347-2a59525b223f] FlowFile[33,94790447722822.mockFlowFile,291B] contains 5 records; transferring to 'success'
[pool-1916-thread-1] INFO org.apache.nifi.processors.standard.ExecuteSQL - ExecuteSQL[id=2432f9f4-8088-42cd-8347-2a59525b223f] FlowFile[34,94790447818856.mockFlowFile,291B] contains 5 records; transferring to 'success'
[pool-1916-thread-1] INFO org.apache.nifi.processors.standard.ExecuteSQL - ExecuteSQL[id=2432f9f4-8088-42cd-8347-2a59525b223f] FlowFile[35,94790447941245.mockFlowFile,291B] contains 5 records; transferring to 'success'
[pool-1916-thread-1] INFO org.apache.nifi.processors.standard.ExecuteSQL - ExecuteSQL[id=2432f9f4-8088-42cd-8347-2a59525b223f] FlowFile[36,94790448067943.mockFlowFile,291B] contains 5 records; transferring to 'success'
[pool-1916-thread-1] INFO org.apache.nifi.processors.standard.ExecuteSQL - ExecuteSQL[id=2432f9f4-8088-42cd-8347-2a59525b223f] FlowFile[37,94790448170020.mockFlowFile,291B] contains 5 records; transferring to 'success'
[pool-1916-thread-1] INFO org.apache.nifi.processors.standard.ExecuteSQL - ExecuteSQL[id=2432f9f4-8088-42cd-8347-2a59525b223f] FlowFile[38,94790448263929.mockFlowFile,291B] contains 5 records; transferring to 'success'
[pool-1916-thread-1] INFO org.apache.nifi.processors.standard.ExecuteSQL - ExecuteSQL[id=2432f9f4-8088-42cd-8347-2a59525b223f] FlowFile[39,94790448514210.mockFlowFile,291B] contains 5 records; transferring to 'success'
[pool-1916-thread-1] INFO org.apache.nifi.processors.standard.ExecuteSQL - ExecuteSQL[id=2432f9f4-8088-42cd-8347-2a59525b223f] FlowFile[40,94790448660024.mockFlowFile,291B] contains 5 records; transferring to 'success'
[pool-1916-thread-1] INFO org.apache.nifi.processors.standard.ExecuteSQL - ExecuteSQL[id=2432f9f4-8088-42cd-8347-2a59525b223f] FlowFile[41,94790448764510.mockFlowFile,291B] contains 5 records; transferring to 'success'
[pool-1916-thread-1] INFO org.apache.nifi.processors.standard.ExecuteSQL - ExecuteSQL[id=2432f9f4-8088-42cd-8347-2a59525b223f] FlowFile[42,94790448870057.mockFlowFile,291B] contains 5 records; transferring to 'success'
[pool-1916-thread-1] INFO org.apache.nifi.processors.standard.ExecuteSQL - ExecuteSQL[id=2432f9f4-8088-42cd-8347-2a59525b223f] FlowFile[43,94790448963875.mockFlowFile,291B] contains 5 records; transferring to 'success'
[pool-1916-thread-1] INFO org.apache.nifi.processors.standard.ExecuteSQL - ExecuteSQL[id=2432f9f4-8088-42cd-8347-2a59525b223f] FlowFile[44,94790449057818.mockFlowFile,291B] contains 5 records; transferring to 'success'
[pool-1916-thread-1] INFO org.apache.nifi.processors.standard.ExecuteSQL - ExecuteSQL[id=2432f9f4-8088-42cd-8347-2a59525b223f] FlowFile[45,94790449165745.mockFlowFile,291B] contains 5 records; transferring to 'success'
[pool-1916-thread-1] INFO org.apache.nifi.processors.standard.ExecuteSQL - ExecuteSQL[id=2432f9f4-8088-42cd-8347-2a59525b223f] FlowFile[46,94790449261469.mockFlowFile,291B] contains 5 records; transferring to 'success'
[pool-1916-thread-1] INFO org.apache.nifi.processors.standard.ExecuteSQL - ExecuteSQL[id=2432f9f4-8088-42cd-8347-2a59525b223f] FlowFile[47,94790449357701.mockFlowFile,291B] contains 5 records; transferring to 'success'
[pool-1916-thread-1] INFO org.apache.nifi.processors.standard.ExecuteSQL - ExecuteSQL[id=2432f9f4-8088-42cd-8347-2a59525b223f] FlowFile[48,94790449629580.mockFlowFile,291B] contains 5 records; transferring to 'success'
[pool-1916-thread-1] INFO org.apache.nifi.processors.standard.ExecuteSQL - ExecuteSQL[id=2432f9f4-8088-42cd-8347-2a59525b223f] FlowFile[49,94790449758748.mockFlowFile,291B] contains 5 records; transferring to 'success'
[pool-1916-thread-1] INFO org.apache.nifi.processors.standard.ExecuteSQL - ExecuteSQL[id=2432f9f4-8088-42cd-8347-2a59525b223f] FlowFile[50,94790449898764.mockFlowFile,291B] contains 5 records; transferring to 'success'
[pool-1916-thread-1] INFO org.apache.nifi.processors.standard.ExecuteSQL - ExecuteSQL[id=2432f9f4-8088-42cd-8347-2a59525b223f] FlowFile[51,94790450000332.mockFlowFile,291B] contains 5 records; transferring to 'success'
[pool-1916-thread-1] INFO org.apache.nifi.processors.standard.ExecuteSQL - ExecuteSQL[id=2432f9f4-8088-42cd-8347-2a59525b223f] FlowFile[52,94790450102308.mockFlowFile,291B] contains 5 records; transferring to 'success'
[pool-1916-thread-1] INFO org.apache.nifi.processors.standard.ExecuteSQL - ExecuteSQL[id=2432f9f4-8088-42cd-8347-2a59525b223f] FlowFile[53,94790450208207.mockFlowFile,291B] contains 5 records; transferring to 'success'
[pool-1916-thread-1] INFO org.apache.nifi.processors.standard.ExecuteSQL - ExecuteSQL[id=2432f9f4-8088-42cd-8347-2a59525b223f] FlowFile[54,94790450301291.mockFlowFile,291B] contains 5 records; transferring to 'success'
[pool-1916-thread-1] INFO org.apache.nifi.processors.standard.ExecuteSQL - ExecuteSQL[id=2432f9f4-8088-42cd-8347-2a59525b223f] FlowFile[55,94790450406696.mockFlowFile,291B] contains 5 records; transferring to 'success'
[pool-1916-thread-1] INFO org.apache.nifi.processors.standard.ExecuteSQL - ExecuteSQL[id=2432f9f4-8088-42cd-8347-2a59525b223f] FlowFile[56,94790450511082.mockFlowFile,291B] contains 5 records; transferring to 'success'
[pool-1916-thread-1] INFO org.apache.nifi.processors.standard.ExecuteSQL - ExecuteSQL[id=2432f9f4-8088-42cd-8347-2a59525b223f] FlowFile[57,94790450605566.mockFlowFile,291B] contains 5 records; transferring to 'success'
[pool-1916-thread-1] INFO org.apache.nifi.processors.standard.ExecuteSQL - ExecuteSQL[id=2432f9f4-8088-42cd-8347-2a59525b223f] FlowFile[58,94790450702302.mockFlowFile,291B] contains 5 records; transferring to 'success'
[pool-1916-thread-1] INFO org.apache.nifi.processors.standard.ExecuteSQL - ExecuteSQL[id=2432f9f4-8088-42cd-8347-2a59525b223f] FlowFile[59,94790450814001.mockFlowFile,291B] contains 5 records; transferring to 'success'
[pool-1916-thread-1] INFO org.apache.nifi.processors.standard.ExecuteSQL - ExecuteSQL[id=2432f9f4-8088-42cd-8347-2a59525b223f] FlowFile[60,94790450942981.mockFlowFile,291B] contains 5 records; transferring to 'success'
[pool-1916-thread-1] INFO org.apache.nifi.processors.standard.ExecuteSQL - ExecuteSQL[id=2432f9f4-8088-42cd-8347-2a59525b223f] FlowFile[61,94790451045066.mockFlowFile,291B] contains 5 records; transferring to 'success'
[pool-1916-thread-1] INFO org.apache.nifi.processors.standard.ExecuteSQL - ExecuteSQL[id=2432f9f4-8088-42cd-8347-2a59525b223f] FlowFile[62,94790451139687.mockFlowFile,291B] contains 5 records; transferring to 'success'
[pool-1916-thread-1] INFO org.apache.nifi.processors.standard.ExecuteSQL - ExecuteSQL[id=2432f9f4-8088-42cd-8347-2a59525b223f] FlowFile[63,94790451229993.mockFlowFile,291B] contains 5 records; transferring to 'success'
[pool-1916-thread-1] INFO org.apache.nifi.processors.standard.ExecuteSQL - ExecuteSQL[id=2432f9f4-8088-42cd-8347-2a59525b223f] FlowFile[64,94790451339314.mockFlowFile,291B] contains 5 records; transferring to 'success'
[pool-1916-thread-1] INFO org.apache.nifi.processors.standard.ExecuteSQL - ExecuteSQL[id=2432f9f4-8088-42cd-8347-2a59525b223f] FlowFile[65,94790451446438.mockFlowFile,291B] contains 5 records; transferring to 'success'
[pool-1916-thread-1] INFO org.apache.nifi.processors.standard.ExecuteSQL - ExecuteSQL[id=2432f9f4-8088-42cd-8347-2a59525b223f] FlowFile[66,94790451541102.mockFlowFile,291B] contains 5 records; transferring to 'success'
[pool-1916-thread-1] INFO org.apache.nifi.processors.standard.ExecuteSQL - ExecuteSQL[id=2432f9f4-8088-42cd-8347-2a59525b223f] FlowFile[67,94790451633278.mockFlowFile,291B] contains 5 records; transferring to 'success'
[pool-1916-thread-1] INFO org.apache.nifi.processors.standard.ExecuteSQL - ExecuteSQL[id=2432f9f4-8088-42cd-8347-2a59525b223f] FlowFile[68,94790451733131.mockFlowFile,291B] contains 5 records; transferring to 'success'
[pool-1916-thread-1] INFO org.apache.nifi.processors.standard.ExecuteSQL - ExecuteSQL[id=2432f9f4-8088-42cd-8347-2a59525b223f] FlowFile[69,94790451911427.mockFlowFile,291B] contains 5 records; transferring to 'success'
[pool-1916-thread-1] INFO org.apache.nifi.processors.standard.ExecuteSQL - ExecuteSQL[id=2432f9f4-8088-42cd-8347-2a59525b223f] FlowFile[70,94790452039157.mockFlowFile,291B] contains 5 records; transferring to 'success'
[pool-1916-thread-1] INFO org.apache.nifi.processors.standard.ExecuteSQL - ExecuteSQL[id=2432f9f4-8088-42cd-8347-2a59525b223f] FlowFile[71,94790452151313.mockFlowFile,291B] contains 5 records; transferring to 'success'
[pool-1916-thread-1] INFO org.apache.nifi.processors.standard.ExecuteSQL - ExecuteSQL[id=2432f9f4-8088-42cd-8347-2a59525b223f] FlowFile[72,94790452254328.mockFlowFile,291B] contains 5 records; transferring to 'success'
[pool-1916-thread-1] INFO org.apache.nifi.processors.standard.ExecuteSQL - ExecuteSQL[id=2432f9f4-8088-42cd-8347-2a59525b223f] FlowFile[73,94790452354358.mockFlowFile,291B] contains 5 records; transferring to 'success'
[pool-1916-thread-1] INFO org.apache.nifi.processors.standard.ExecuteSQL - ExecuteSQL[id=2432f9f4-8088-42cd-8347-2a59525b223f] FlowFile[74,94790452453125.mockFlowFile,291B] contains 5 records; transferring to 'success'
[pool-1916-thread-1] INFO org.apache.nifi.processors.standard.ExecuteSQL - ExecuteSQL[id=2432f9f4-8088-42cd-8347-2a59525b223f] FlowFile[75,94790452551861.mockFlowFile,291B] contains 5 records; transferring to 'success'
[pool-1916-thread-1] INFO org.apache.nifi.processors.standard.ExecuteSQL - ExecuteSQL[id=2432f9f4-8088-42cd-8347-2a59525b223f] FlowFile[76,94790452644817.mockFlowFile,291B] contains 5 records; transferring to 'success'
[pool-1916-thread-1] INFO org.apache.nifi.processors.standard.ExecuteSQL - ExecuteSQL[id=2432f9f4-8088-42cd-8347-2a59525b223f] FlowFile[77,94790452742339.mockFlowFile,291B] contains 5 records; transferring to 'success'
[pool-1916-thread-1] INFO org.apache.nifi.processors.standard.ExecuteSQL - ExecuteSQL[id=2432f9f4-8088-42cd-8347-2a59525b223f] FlowFile[78,94790452833714.mockFlowFile,291B] contains 5 records; transferring to 'success'
[pool-1916-thread-1] INFO org.apache.nifi.processors.standard.ExecuteSQL - ExecuteSQL[id=2432f9f4-8088-42cd-8347-2a59525b223f] FlowFile[79,94790452935343.mockFlowFile,291B] contains 5 records; transferring to 'success'
[pool-1916-thread-1] INFO org.apache.nifi.processors.standard.ExecuteSQL - ExecuteSQL[id=2432f9f4-8088-42cd-8347-2a59525b223f] FlowFile[80,94790453042616.mockFlowFile,291B] contains 5 records; transferring to 'success'
[pool-1916-thread-1] INFO org.apache.nifi.processors.standard.ExecuteSQL - ExecuteSQL[id=2432f9f4-8088-42cd-8347-2a59525b223f] FlowFile[81,94790453147731.mockFlowFile,291B] contains 5 records; transferring to 'success'
[pool-1916-thread-1] INFO org.apache.nifi.processors.standard.ExecuteSQL - ExecuteSQL[id=2432f9f4-8088-42cd-8347-2a59525b223f] FlowFile[82,94790453242245.mockFlowFile,291B] contains 5 records; transferring to 'success'
[pool-1916-thread-1] INFO org.apache.nifi.processors.standard.ExecuteSQL - ExecuteSQL[id=2432f9f4-8088-42cd-8347-2a59525b223f] FlowFile[83,94790453337083.mockFlowFile,291B] contains 5 records; transferring to 'success'
[pool-1916-thread-1] INFO org.apache.nifi.processors.standard.ExecuteSQL - ExecuteSQL[id=2432f9f4-8088-42cd-8347-2a59525b223f] FlowFile[84,94790453435473.mockFlowFile,291B] contains 5 records; transferring to 'success'
[pool-1916-thread-1] INFO org.apache.nifi.processors.standard.ExecuteSQL - ExecuteSQL[id=2432f9f4-8088-42cd-8347-2a59525b223f] FlowFile[85,94790453551619.mockFlowFile,291B] contains 5 records; transferring to 'success'
[pool-1916-thread-1] INFO org.apache.nifi.processors.standard.ExecuteSQL - ExecuteSQL[id=2432f9f4-8088-42cd-8347-2a59525b223f] FlowFile[86,94790453645623.mockFlowFile,291B] contains 5 records; transferring to 'success'
[pool-1916-thread-1] INFO org.apache.nifi.processors.standard.ExecuteSQL - ExecuteSQL[id=2432f9f4-8088-42cd-8347-2a59525b223f] FlowFile[87,94790453746679.mockFlowFile,291B] contains 5 records; transferring to 'success'
[pool-1916-thread-1] INFO org.apache.nifi.processors.standard.ExecuteSQL - ExecuteSQL[id=2432f9f4-8088-42cd-8347-2a59525b223f] FlowFile[88,94790453848759.mockFlowFile,291B] contains 5 records; transferring to 'success'
[pool-1916-thread-1] INFO org.apache.nifi.processors.standard.ExecuteSQL - ExecuteSQL[id=2432f9f4-8088-42cd-8347-2a59525b223f] FlowFile[89,94790453967021.mockFlowFile,291B] contains 5 records; transferring to 'success'
[pool-1916-thread-1] INFO org.apache.nifi.processors.standard.ExecuteSQL - ExecuteSQL[id=2432f9f4-8088-42cd-8347-2a59525b223f] FlowFile[90,94790454085078.mockFlowFile,291B] contains 5 records; transferring to 'success'
[pool-1916-thread-1] INFO org.apache.nifi.processors.standard.ExecuteSQL - ExecuteSQL[id=2432f9f4-8088-42cd-8347-2a59525b223f] FlowFile[91,94790454181030.mockFlowFile,291B] contains 5 records; transferring to 'success'
[pool-1916-thread-1] INFO org.apache.nifi.processors.standard.ExecuteSQL - ExecuteSQL[id=2432f9f4-8088-42cd-8347-2a59525b223f] FlowFile[92,94790454274801.mockFlowFile,291B] contains 5 records; transferring to 'success'
[pool-1916-thread-1] INFO org.apache.nifi.processors.standard.ExecuteSQL - ExecuteSQL[id=2432f9f4-8088-42cd-8347-2a59525b223f] FlowFile[93,94790454372987.mockFlowFile,291B] contains 5 records; transferring to 'success'
[pool-1916-thread-1] INFO org.apache.nifi.processors.standard.ExecuteSQL - ExecuteSQL[id=2432f9f4-8088-42cd-8347-2a59525b223f] FlowFile[94,94790454469215.mockFlowFile,291B] contains 5 records; transferring to 'success'
[pool-1916-thread-1] INFO org.apache.nifi.processors.standard.ExecuteSQL - ExecuteSQL[id=2432f9f4-8088-42cd-8347-2a59525b223f] FlowFile[95,94790454567072.mockFlowFile,291B] contains 5 records; transferring to 'success'
[pool-1916-thread-1] INFO org.apache.nifi.processors.standard.ExecuteSQL - ExecuteSQL[id=2432f9f4-8088-42cd-8347-2a59525b223f] FlowFile[96,94790454675477.mockFlowFile,291B] contains 5 records; transferring to 'success'
[pool-1916-thread-1] INFO org.apache.nifi.processors.standard.ExecuteSQL - ExecuteSQL[id=2432f9f4-8088-42cd-8347-2a59525b223f] FlowFile[97,94790454781397.mockFlowFile,291B] contains 5 records; transferring to 'success'
[pool-1916-thread-1] INFO org.apache.nifi.processors.standard.ExecuteSQL - ExecuteSQL[id=2432f9f4-8088-42cd-8347-2a59525b223f] FlowFile[98,94790454879333.mockFlowFile,291B] contains 5 records; transferring to 'success'
[pool-1916-thread-1] INFO org.apache.nifi.processors.standard.ExecuteSQL - ExecuteSQL[id=2432f9f4-8088-42cd-8347-2a59525b223f] FlowFile[99,94790454974363.mockFlowFile,291B] contains 5 records; transferring to 'success'
[pool-1916-thread-1] INFO org.apache.nifi.processors.standard.ExecuteSQL - ExecuteSQL[id=2432f9f4-8088-42cd-8347-2a59525b223f] FlowFile[100,94790455081067.mockFlowFile,291B] contains 5 records; transferring to 'success'
[pool-1916-thread-1] INFO org.apache.nifi.processors.standard.ExecuteSQL - ExecuteSQL[id=2432f9f4-8088-42cd-8347-2a59525b223f] FlowFile[101,94790455210338.mockFlowFile,291B] contains 5 records; transferring to 'success'
[pool-1916-thread-1] INFO org.apache.nifi.processors.standard.ExecuteSQL - ExecuteSQL[id=2432f9f4-8088-42cd-8347-2a59525b223f] FlowFile[102,94790455331657.mockFlowFile,291B] contains 5 records; transferring to 'success'
[pool-1916-thread-1] INFO org.apache.nifi.processors.standard.ExecuteSQL - ExecuteSQL[id=2432f9f4-8088-42cd-8347-2a59525b223f] FlowFile[103,94790455437824.mockFlowFile,291B] contains 5 records; transferring to 'success'
[pool-1916-thread-1] INFO org.apache.nifi.processors.standard.ExecuteSQL - ExecuteSQL[id=2432f9f4-8088-42cd-8347-2a59525b223f] FlowFile[104,94790455556689.mockFlowFile,291B] contains 5 records; transferring to 'success'
[pool-1916-thread-1] INFO org.apache.nifi.processors.standard.ExecuteSQL - ExecuteSQL[id=2432f9f4-8088-42cd-8347-2a59525b223f] FlowFile[105,94790455663163.mockFlowFile,291B] contains 5 records; transferring to 'success'
[pool-1916-thread-1] INFO org.apache.nifi.processors.standard.ExecuteSQL - ExecuteSQL[id=2432f9f4-8088-42cd-8347-2a59525b223f] FlowFile[106,94790455770201.mockFlowFile,291B] contains 5 records; transferring to 'success'
[pool-1916-thread-1] INFO org.apache.nifi.processors.standard.ExecuteSQL - ExecuteSQL[id=2432f9f4-8088-42cd-8347-2a59525b223f] FlowFile[107,94790455866575.mockFlowFile,291B] contains 5 records; transferring to 'success'
[pool-1916-thread-1] INFO org.apache.nifi.processors.standard.ExecuteSQL - ExecuteSQL[id=2432f9f4-8088-42cd-8347-2a59525b223f] FlowFile[108,94790455960363.mockFlowFile,291B] contains 5 records; transferring to 'success'
[pool-1916-thread-1] INFO org.apache.nifi.processors.standard.ExecuteSQL - ExecuteSQL[id=2432f9f4-8088-42cd-8347-2a59525b223f] FlowFile[109,94790456232669.mockFlowFile,291B] contains 5 records; transferring to 'success'
[pool-1916-thread-1] INFO org.apache.nifi.processors.standard.ExecuteSQL - ExecuteSQL[id=2432f9f4-8088-42cd-8347-2a59525b223f] FlowFile[110,94790456367646.mockFlowFile,291B] contains 5 records; transferring to 'success'
[pool-1916-thread-1] INFO org.apache.nifi.processors.standard.ExecuteSQL - ExecuteSQL[id=2432f9f4-8088-42cd-8347-2a59525b223f] FlowFile[111,94790456473660.mockFlowFile,291B] contains 5 records; transferring to 'success'
[pool-1916-thread-1] INFO org.apache.nifi.processors.standard.ExecuteSQL - ExecuteSQL[id=2432f9f4-8088-42cd-8347-2a59525b223f] FlowFile[112,94790456581712.mockFlowFile,291B] contains 5 records; transferring to 'success'
[pool-1916-thread-1] INFO org.apache.nifi.processors.standard.ExecuteSQL - ExecuteSQL[id=2432f9f4-8088-42cd-8347-2a59525b223f] FlowFile[113,94790456687306.mockFlowFile,291B] contains 5 records; transferring to 'success'
[pool-1916-thread-1] INFO org.apache.nifi.processors.standard.ExecuteSQL - ExecuteSQL[id=2432f9f4-8088-42cd-8347-2a59525b223f] FlowFile[114,94790456782111.mockFlowFile,291B] contains 5 records; transferring to 'success'
[pool-1916-thread-1] INFO org.apache.nifi.processors.standard.ExecuteSQL - ExecuteSQL[id=2432f9f4-8088-42cd-8347-2a59525b223f] FlowFile[115,94790456882707.mockFlowFile,291B] contains 5 records; transferring to 'success'
[pool-1916-thread-1] INFO org.apache.nifi.processors.standard.ExecuteSQL - ExecuteSQL[id=2432f9f4-8088-42cd-8347-2a59525b223f] FlowFile[116,94790456987051.mockFlowFile,291B] contains 5 records; transferring to 'success'
[pool-1916-thread-1] INFO org.apache.nifi.processors.standard.ExecuteSQL - ExecuteSQL[id=2432f9f4-8088-42cd-8347-2a59525b223f] FlowFile[117,94790457083256.mockFlowFile,291B] contains 5 records; transferring to 'success'
[pool-1916-thread-1] INFO org.apache.nifi.processors.standard.ExecuteSQL - ExecuteSQL[id=2432f9f4-8088-42cd-8347-2a59525b223f] FlowFile[118,94790457174327.mockFlowFile,291B] contains 5 records; transferring to 'success'
[pool-1916-thread-1] INFO org.apache.nifi.processors.standard.ExecuteSQL - ExecuteSQL[id=2432f9f4-8088-42cd-8347-2a59525b223f] FlowFile[119,94790457274287.mockFlowFile,291B] contains 5 records; transferring to 'success'
[pool-1916-thread-1] INFO org.apache.nifi.processors.standard.ExecuteSQL - ExecuteSQL[id=2432f9f4-8088-42cd-8347-2a59525b223f] FlowFile[120,94790457383195.mockFlowFile,291B] contains 5 records; transferring to 'success'
[pool-1916-thread-1] INFO org.apache.nifi.processors.standard.ExecuteSQL - ExecuteSQL[id=2432f9f4-8088-42cd-8347-2a59525b223f] FlowFile[121,94790457480165.mockFlowFile,291B] contains 5 records; transferring to 'success'
[pool-1916-thread-1] INFO org.apache.nifi.processors.standard.ExecuteSQL - ExecuteSQL[id=2432f9f4-8088-42cd-8347-2a59525b223f] FlowFile[122,94790457582709.mockFlowFile,291B] contains 5 records; transferring to 'success'
[pool-1916-thread-1] INFO org.apache.nifi.processors.standard.ExecuteSQL - ExecuteSQL[id=2432f9f4-8088-42cd-8347-2a59525b223f] FlowFile[123,94790457679223.mockFlowFile,291B] contains 5 records; transferring to 'success'
[pool-1916-thread-1] INFO org.apache.nifi.processors.standard.ExecuteSQL - ExecuteSQL[id=2432f9f4-8088-42cd-8347-2a59525b223f] FlowFile[124,94790457775354.mockFlowFile,291B] contains 5 records; transferring to 'success'
[pool-1916-thread-1] INFO org.apache.nifi.processors.standard.ExecuteSQL - ExecuteSQL[id=2432f9f4-8088-42cd-8347-2a59525b223f] FlowFile[125,94790457882846.mockFlowFile,291B] contains 5 records; transferring to 'success'
[pool-1916-thread-1] INFO org.apache.nifi.processors.standard.ExecuteSQL - ExecuteSQL[id=2432f9f4-8088-42cd-8347-2a59525b223f] FlowFile[126,94790457978933.mockFlowFile,291B] contains 5 records; transferring to 'success'
[pool-1916-thread-1] INFO org.apache.nifi.processors.standard.ExecuteSQL - ExecuteSQL[id=2432f9f4-8088-42cd-8347-2a59525b223f] FlowFile[127,94790458073656.mockFlowFile,291B] contains 5 records; transferring to 'success'
[pool-1916-thread-1] INFO org.apache.nifi.processors.standard.ExecuteSQL - ExecuteSQL[id=2432f9f4-8088-42cd-8347-2a59525b223f] FlowFile[128,94790458175540.mockFlowFile,291B] contains 5 records; transferring to 'success'
[pool-1916-thread-1] INFO org.apache.nifi.processors.standard.ExecuteSQL - ExecuteSQL[id=2432f9f4-8088-42cd-8347-2a59525b223f] FlowFile[129,94790458293863.mockFlowFile,291B] contains 5 records; transferring to 'success'
[pool-1916-thread-1] INFO org.apache.nifi.processors.standard.ExecuteSQL - ExecuteSQL[id=2432f9f4-8088-42cd-8347-2a59525b223f] FlowFile[130,94790458408504.mockFlowFile,291B] contains 5 records; transferring to 'success'
[pool-1916-thread-1] INFO org.apache.nifi.processors.standard.ExecuteSQL - ExecuteSQL[id=2432f9f4-8088-42cd-8347-2a59525b223f] FlowFile[131,94790458507293.mockFlowFile,291B] contains 5 records; transferring to 'success'
[pool-1916-thread-1] INFO org.apache.nifi.processors.standard.ExecuteSQL - ExecuteSQL[id=2432f9f4-8088-42cd-8347-2a59525b223f] FlowFile[132,94790458620095.mockFlowFile,291B] contains 5 records; transferring to 'success'
[pool-1916-thread-1] INFO org.apache.nifi.processors.standard.ExecuteSQL - ExecuteSQL[id=2432f9f4-8088-42cd-8347-2a59525b223f] FlowFile[133,94790458718913.mockFlowFile,291B] contains 5 records; transferring to 'success'
[pool-1916-thread-1] INFO org.apache.nifi.processors.standard.ExecuteSQL - ExecuteSQL[id=2432f9f4-8088-42cd-8347-2a59525b223f] FlowFile[134,94790458814672.mockFlowFile,291B] contains 5 records; transferring to 'success'
[pool-1916-thread-1] INFO org.apache.nifi.processors.standard.ExecuteSQL - ExecuteSQL[id=2432f9f4-8088-42cd-8347-2a59525b223f] FlowFile[135,94790458927361.mockFlowFile,291B] contains 5 records; transferring to 'success'
[pool-1916-thread-1] INFO org.apache.nifi.processors.standard.ExecuteSQL - ExecuteSQL[id=2432f9f4-8088-42cd-8347-2a59525b223f] FlowFile[136,94790459035554.mockFlowFile,291B] contains 5 records; transferring to 'success'
[pool-1916-thread-1] INFO org.apache.nifi.processors.standard.ExecuteSQL - ExecuteSQL[id=2432f9f4-8088-42cd-8347-2a59525b223f] FlowFile[137,94790459135945.mockFlowFile,291B] contains 5 records; transferring to 'success'
[pool-1916-thread-1] INFO org.apache.nifi.processors.standard.ExecuteSQL - ExecuteSQL[id=2432f9f4-8088-42cd-8347-2a59525b223f] FlowFile[138,94790459241766.mockFlowFile,291B] contains 5 records; transferring to 'success'
[pool-1916-thread-1] INFO org.apache.nifi.processors.standard.ExecuteSQL - ExecuteSQL[id=2432f9f4-8088-42cd-8347-2a59525b223f] FlowFile[139,94790459341322.mockFlowFile,291B] contains 5 records; transferring to 'success'
[pool-1916-thread-1] INFO org.apache.nifi.processors.standard.ExecuteSQL - ExecuteSQL[id=2432f9f4-8088-42cd-8347-2a59525b223f] FlowFile[140,94790459448310.mockFlowFile,291B] contains 5 records; transferring to 'success'
[pool-1916-thread-1] INFO org.apache.nifi.processors.standard.ExecuteSQL - ExecuteSQL[id=2432f9f4-8088-42cd-8347-2a59525b223f] FlowFile[141,94790459555747.mockFlowFile,291B] contains 5 records; transferring to 'success'
[pool-1916-thread-1] INFO org.apache.nifi.processors.standard.ExecuteSQL - ExecuteSQL[id=2432f9f4-8088-42cd-8347-2a59525b223f] FlowFile[142,94790459655346.mockFlowFile,291B] contains 5 records; transferring to 'success'
[pool-1916-thread-1] INFO org.apache.nifi.processors.standard.ExecuteSQL - ExecuteSQL[id=2432f9f4-8088-42cd-8347-2a59525b223f] FlowFile[143,94790459809497.mockFlowFile,291B] contains 5 records; transferring to 'success'
[pool-1916-thread-1] INFO org.apache.nifi.processors.standard.ExecuteSQL - ExecuteSQL[id=2432f9f4-8088-42cd-8347-2a59525b223f] FlowFile[144,94790459922202.mockFlowFile,291B] contains 5 records; transferring to 'success'
[pool-1916-thread-1] INFO org.apache.nifi.processors.standard.ExecuteSQL - ExecuteSQL[id=2432f9f4-8088-42cd-8347-2a59525b223f] FlowFile[145,94790460081395.mockFlowFile,291B] contains 5 records; transferring to 'success'
[pool-1916-thread-1] INFO org.apache.nifi.processors.standard.ExecuteSQL - ExecuteSQL[id=2432f9f4-8088-42cd-8347-2a59525b223f] FlowFile[146,94790460195036.mockFlowFile,291B] contains 5 records; transferring to 'success'
[pool-1916-thread-1] INFO org.apache.nifi.processors.standard.ExecuteSQL - ExecuteSQL[id=2432f9f4-8088-42cd-8347-2a59525b223f] FlowFile[147,94790460294058.mockFlowFile,291B] contains 5 records; transferring to 'success'
[pool-1916-thread-1] INFO org.apache.nifi.processors.standard.ExecuteSQL - ExecuteSQL[id=2432f9f4-8088-42cd-8347-2a59525b223f] FlowFile[148,94790460400797.mockFlowFile,291B] contains 5 records; transferring to 'success'
[pool-1916-thread-1] INFO org.apache.nifi.processors.standard.ExecuteSQL - ExecuteSQL[id=2432f9f4-8088-42cd-8347-2a59525b223f] FlowFile[149,94790460503022.mockFlowFile,291B] contains 5 records; transferring to 'success'
[pool-1916-thread-1] INFO org.apache.nifi.processors.standard.ExecuteSQL - ExecuteSQL[id=2432f9f4-8088-42cd-8347-2a59525b223f] FlowFile[150,94790460612348.mockFlowFile,291B] contains 5 records; transferring to 'success'
[pool-1916-thread-1] INFO org.apache.nifi.processors.standard.ExecuteSQL - ExecuteSQL[id=2432f9f4-8088-42cd-8347-2a59525b223f] FlowFile[151,94790460724631.mockFlowFile,291B] contains 5 records; transferring to 'success'
[pool-1916-thread-1] INFO org.apache.nifi.processors.standard.ExecuteSQL - ExecuteSQL[id=2432f9f4-8088-42cd-8347-2a59525b223f] FlowFile[152,94790460837157.mockFlowFile,291B] contains 5 records; transferring to 'success'
[pool-1916-thread-1] INFO org.apache.nifi.processors.standard.ExecuteSQL - ExecuteSQL[id=2432f9f4-8088-42cd-8347-2a59525b223f] FlowFile[153,94790460937694.mockFlowFile,291B] contains 5 records; transferring to 'success'
[pool-1916-thread-1] INFO org.apache.nifi.processors.standard.ExecuteSQL - ExecuteSQL[id=2432f9f4-8088-42cd-8347-2a59525b223f] FlowFile[154,94790461060412.mockFlowFile,291B] contains 5 records; transferring to 'success'
[pool-1916-thread-1] INFO org.apache.nifi.processors.standard.ExecuteSQL - ExecuteSQL[id=2432f9f4-8088-42cd-8347-2a59525b223f] FlowFile[155,94790461171066.mockFlowFile,291B] contains 5 records; transferring to 'success'
[pool-1916-thread-1] INFO org.apache.nifi.processors.standard.ExecuteSQL - ExecuteSQL[id=2432f9f4-8088-42cd-8347-2a59525b223f] FlowFile[156,94790461268743.mockFlowFile,291B] contains 5 records; transferring to 'success'
[pool-1916-thread-1] INFO org.apache.nifi.processors.standard.ExecuteSQL - ExecuteSQL[id=2432f9f4-8088-42cd-8347-2a59525b223f] FlowFile[157,94790461376219.mockFlowFile,291B] contains 5 records; transferring to 'success'
[pool-1916-thread-1] INFO org.apache.nifi.processors.standard.ExecuteSQL - ExecuteSQL[id=2432f9f4-8088-42cd-8347-2a59525b223f] FlowFile[158,94790461476350.mockFlowFile,291B] contains 5 records; transferring to 'success'
[pool-1916-thread-1] INFO org.apache.nifi.processors.standard.ExecuteSQL - ExecuteSQL[id=2432f9f4-8088-42cd-8347-2a59525b223f] FlowFile[159,94790461575204.mockFlowFile,291B] contains 5 records; transferring to 'success'
[pool-1916-thread-1] INFO org.apache.nifi.processors.standard.ExecuteSQL - ExecuteSQL[id=2432f9f4-8088-42cd-8347-2a59525b223f] FlowFile[160,94790461688857.mockFlowFile,291B] contains 5 records; transferring to 'success'
[pool-1916-thread-1] INFO org.apache.nifi.processors.standard.ExecuteSQL - ExecuteSQL[id=2432f9f4-8088-42cd-8347-2a59525b223f] FlowFile[161,94790461797331.mockFlowFile,291B] contains 5 records; transferring to 'success'
[pool-1916-thread-1] INFO org.apache.nifi.processors.standard.ExecuteSQL - ExecuteSQL[id=2432f9f4-8088-42cd-8347-2a59525b223f] FlowFile[162,94790461897207.mockFlowFile,291B] contains 5 records; transferring to 'success'
[pool-1916-thread-1] INFO org.apache.nifi.processors.standard.ExecuteSQL - ExecuteSQL[id=2432f9f4-8088-42cd-8347-2a59525b223f] FlowFile[163,94790461992658.mockFlowFile,291B] contains 5 records; transferring to 'success'
[pool-1916-thread-1] INFO org.apache.nifi.processors.standard.ExecuteSQL - ExecuteSQL[id=2432f9f4-8088-42cd-8347-2a59525b223f] FlowFile[164,94790462100683.mockFlowFile,291B] contains 5 records; transferring to 'success'
[pool-1916-thread-1] INFO org.apache.nifi.processors.standard.ExecuteSQL - ExecuteSQL[id=2432f9f4-8088-42cd-8347-2a59525b223f] FlowFile[165,94790462213775.mockFlowFile,291B] contains 5 records; transferring to 'success'
[pool-1916-thread-1] INFO org.apache.nifi.processors.standard.ExecuteSQL - ExecuteSQL[id=2432f9f4-8088-42cd-8347-2a59525b223f] FlowFile[166,94790462311747.mockFlowFile,291B] contains 5 records; transferring to 'success'
[pool-1916-thread-1] INFO org.apache.nifi.processors.standard.ExecuteSQL - ExecuteSQL[id=2432f9f4-8088-42cd-8347-2a59525b223f] FlowFile[167,94790462419131.mockFlowFile,291B] contains 5 records; transferring to 'success'
[pool-1916-thread-1] INFO org.apache.nifi.processors.standard.ExecuteSQL - ExecuteSQL[id=2432f9f4-8088-42cd-8347-2a59525b223f] FlowFile[168,94790462527557.mockFlowFile,291B] contains 5 records; transferring to 'success'
[pool-1916-thread-1] INFO org.apache.nifi.processors.standard.ExecuteSQL - ExecuteSQL[id=2432f9f4-8088-42cd-8347-2a59525b223f] FlowFile[169,94790462779695.mockFlowFile,291B] contains 5 records; transferring to 'success'
[pool-1916-thread-1] INFO org.apache.nifi.processors.standard.ExecuteSQL - ExecuteSQL[id=2432f9f4-8088-42cd-8347-2a59525b223f] FlowFile[170,94790462980259.mockFlowFile,291B] contains 5 records; transferring to 'success'
[pool-1916-thread-1] INFO org.apache.nifi.processors.standard.ExecuteSQL - ExecuteSQL[id=2432f9f4-8088-42cd-8347-2a59525b223f] FlowFile[171,94790463145160.mockFlowFile,291B] contains 5 records; transferring to 'success'
[pool-1916-thread-1] INFO org.apache.nifi.processors.standard.ExecuteSQL - ExecuteSQL[id=2432f9f4-8088-42cd-8347-2a59525b223f] FlowFile[172,94790463301759.mockFlowFile,291B] contains 5 records; transferring to 'success'
[pool-1916-thread-1] INFO org.apache.nifi.processors.standard.ExecuteSQL - ExecuteSQL[id=2432f9f4-8088-42cd-8347-2a59525b223f] FlowFile[173,94790463470738.mockFlowFile,291B] contains 5 records; transferring to 'success'
[pool-1916-thread-1] INFO org.apache.nifi.processors.standard.ExecuteSQL - ExecuteSQL[id=2432f9f4-8088-42cd-8347-2a59525b223f] FlowFile[174,94790463618687.mockFlowFile,291B] contains 5 records; transferring to 'success'
[pool-1916-thread-1] INFO org.apache.nifi.processors.standard.ExecuteSQL - ExecuteSQL[id=2432f9f4-8088-42cd-8347-2a59525b223f] FlowFile[175,94790463780265.mockFlowFile,291B] contains 5 records; transferring to 'success'
[pool-1916-thread-1] INFO org.apache.nifi.processors.standard.ExecuteSQL - ExecuteSQL[id=2432f9f4-8088-42cd-8347-2a59525b223f] FlowFile[176,94790463952729.mockFlowFile,291B] contains 5 records; transferring to 'success'
[pool-1916-thread-1] INFO org.apache.nifi.processors.standard.ExecuteSQL - ExecuteSQL[id=2432f9f4-8088-42cd-8347-2a59525b223f] FlowFile[177,94790464132871.mockFlowFile,291B] contains 5 records; transferring to 'success'
[pool-1916-thread-1] INFO org.apache.nifi.processors.standard.ExecuteSQL - ExecuteSQL[id=2432f9f4-8088-42cd-8347-2a59525b223f] FlowFile[178,94790464282427.mockFlowFile,291B] contains 5 records; transferring to 'success'
[pool-1916-thread-1] INFO org.apache.nifi.processors.standard.ExecuteSQL - ExecuteSQL[id=2432f9f4-8088-42cd-8347-2a59525b223f] FlowFile[179,94790464431522.mockFlowFile,291B] contains 5 records; transferring to 'success'
[pool-1916-thread-1] INFO org.apache.nifi.processors.standard.ExecuteSQL - ExecuteSQL[id=2432f9f4-8088-42cd-8347-2a59525b223f] FlowFile[180,94790464600324.mockFlowFile,291B] contains 5 records; transferring to 'success'
[pool-1916-thread-1] INFO org.apache.nifi.processors.standard.ExecuteSQL - ExecuteSQL[id=2432f9f4-8088-42cd-8347-2a59525b223f] FlowFile[181,94790464746434.mockFlowFile,291B] contains 5 records; transferring to 'success'
[pool-1916-thread-1] INFO org.apache.nifi.processors.standard.ExecuteSQL - ExecuteSQL[id=2432f9f4-8088-42cd-8347-2a59525b223f] FlowFile[182,94790464892032.mockFlowFile,291B] contains 5 records; transferring to 'success'
[pool-1916-thread-1] INFO org.apache.nifi.processors.standard.ExecuteSQL - ExecuteSQL[id=2432f9f4-8088-42cd-8347-2a59525b223f] FlowFile[183,94790465048732.mockFlowFile,291B] contains 5 records; transferring to 'success'
[pool-1916-thread-1] INFO org.apache.nifi.processors.standard.ExecuteSQL - ExecuteSQL[id=2432f9f4-8088-42cd-8347-2a59525b223f] FlowFile[184,94790465170077.mockFlowFile,291B] contains 5 records; transferring to 'success'
[pool-1916-thread-1] INFO org.apache.nifi.processors.standard.ExecuteSQL - ExecuteSQL[id=2432f9f4-8088-42cd-8347-2a59525b223f] FlowFile[185,94790465279980.mockFlowFile,291B] contains 5 records; transferring to 'success'
[pool-1916-thread-1] INFO org.apache.nifi.processors.standard.ExecuteSQL - ExecuteSQL[id=2432f9f4-8088-42cd-8347-2a59525b223f] FlowFile[186,94790465387557.mockFlowFile,291B] contains 5 records; transferring to 'success'
[pool-1916-thread-1] INFO org.apache.nifi.processors.standard.ExecuteSQL - ExecuteSQL[id=2432f9f4-8088-42cd-8347-2a59525b223f] FlowFile[187,94790465490469.mockFlowFile,291B] contains 5 records; transferring to 'success'
[pool-1916-thread-1] INFO org.apache.nifi.processors.standard.ExecuteSQL - ExecuteSQL[id=2432f9f4-8088-42cd-8347-2a59525b223f] FlowFile[188,94790465589343.mockFlowFile,291B] contains 5 records; transferring to 'success'
[pool-1916-thread-1] INFO org.apache.nifi.processors.standard.ExecuteSQL - ExecuteSQL[id=2432f9f4-8088-42cd-8347-2a59525b223f] FlowFile[189,94790465695380.mockFlowFile,291B] contains 5 records; transferring to 'success'
[pool-1916-thread-1] INFO org.apache.nifi.processors.standard.ExecuteSQL - ExecuteSQL[id=2432f9f4-8088-42cd-8347-2a59525b223f] FlowFile[190,94790465801587.mockFlowFile,291B] contains 5 records; transferring to 'success'
[pool-1916-thread-1] INFO org.apache.nifi.processors.standard.ExecuteSQL - ExecuteSQL[id=2432f9f4-8088-42cd-8347-2a59525b223f] FlowFile[191,94790465899394.mockFlowFile,291B] contains 5 records; transferring to 'success'
[pool-1916-thread-1] INFO org.apache.nifi.processors.standard.ExecuteSQL - ExecuteSQL[id=2432f9f4-8088-42cd-8347-2a59525b223f] FlowFile[192,94790466016459.mockFlowFile,291B] contains 5 records; transferring to 'success'
[pool-1916-thread-1] INFO org.apache.nifi.processors.standard.ExecuteSQL - ExecuteSQL[id=2432f9f4-8088-42cd-8347-2a59525b223f] FlowFile[193,94790466265444.mockFlowFile,291B] contains 5 records; transferring to 'success'
[pool-1916-thread-1] INFO org.apache.nifi.processors.standard.ExecuteSQL - ExecuteSQL[id=2432f9f4-8088-42cd-8347-2a59525b223f] FlowFile[194,94790466362287.mockFlowFile,291B] contains 5 records; transferring to 'success'
[pool-1916-thread-1] INFO org.apache.nifi.processors.standard.ExecuteSQL - ExecuteSQL[id=2432f9f4-8088-42cd-8347-2a59525b223f] FlowFile[195,94790466462346.mockFlowFile,291B] contains 5 records; transferring to 'success'
[pool-1916-thread-1] INFO org.apache.nifi.processors.standard.ExecuteSQL - ExecuteSQL[id=2432f9f4-8088-42cd-8347-2a59525b223f] FlowFile[196,94790466573087.mockFlowFile,291B] contains 5 records; transferring to 'success'
[pool-1916-thread-1] INFO org.apache.nifi.processors.standard.ExecuteSQL - ExecuteSQL[id=2432f9f4-8088-42cd-8347-2a59525b223f] FlowFile[197,94790466664656.mockFlowFile,291B] contains 5 records; transferring to 'success'
[pool-1916-thread-1] INFO org.apache.nifi.processors.standard.ExecuteSQL - ExecuteSQL[id=2432f9f4-8088-42cd-8347-2a59525b223f] FlowFile[198,94790466752859.mockFlowFile,291B] contains 5 records; transferring to 'success'
[pool-1916-thread-1] INFO org.apache.nifi.processors.standard.ExecuteSQL - ExecuteSQL[id=2432f9f4-8088-42cd-8347-2a59525b223f] FlowFile[199,94790466861839.mockFlowFile,291B] contains 5 records; transferring to 'success'
]]></system-err>
  </testcase>
  <testcase name="testPostQuery" classname="org.apache.nifi.processors.standard.TestExecuteSQL" time="0.031">
    <system-err><![CDATA[[pool-1917-thread-1] DEBUG org.apache.nifi.processors.standard.ExecuteSQL - ExecuteSQL[id=27226b28-64a9-4675-a78f-059d17673b4d] Executing query select * from TEST_NULL_INT
[pool-1917-thread-1] INFO org.apache.nifi.processors.standard.ExecuteSQL - ExecuteSQL[id=27226b28-64a9-4675-a78f-059d17673b4d] FlowFile[1,94790490233483.mockFlowFile,262B] contains 1 records; transferring to 'success'
]]></system-err>
  </testcase>
  <testcase name="testNoIncomingConnection" classname="org.apache.nifi.processors.standard.TestExecuteSQL" time="0.947">
    <system-out><![CDATA[ AF
DHAEDI EIBABF
DBI 
]]></system-out>
    <system-err><![CDATA[[main] INFO org.apache.nifi.processors.standard.TestExecuteSQL - test data loaded
[pool-1918-thread-1] DEBUG org.apache.nifi.processors.standard.ExecuteSQL - ExecuteSQL[id=27cea6cb-47c4-48da-8ae1-d2b4b62d9ffb] Executing query select   PER.ID as PersonId, PER.NAME as PersonName, PER.CODE as PersonCode, PRD.ID as ProductId,PRD.NAME as ProductName,PRD.CODE as ProductCode, REL.ID as RelId,    REL.NAME as RelName,    REL.CODE as RelCode, ROW_NUMBER() OVER () as rownr  from persons PER, products PRD, relationships REL where PER.ID = 10
[pool-1918-thread-1] INFO org.apache.nifi.processors.standard.ExecuteSQL - ExecuteSQL[id=27cea6cb-47c4-48da-8ae1-d2b4b62d9ffb] FlowFile[0,94791193277434.mockFlowFile,1219517B] contains 20000 records; transferring to 'success'
[main] INFO org.apache.nifi.processors.standard.TestExecuteSQL - total nr of records from stream: 20000
]]></system-err>
  </testcase>
  <testcase name="testPostQueryFail" classname="org.apache.nifi.processors.standard.TestExecuteSQL" time="0.025">
    <system-err><![CDATA[[pool-1919-thread-1] DEBUG org.apache.nifi.processors.standard.ExecuteSQL - ExecuteSQL[id=49e1bc5f-04f6-4845-8f9d-26e44a2d3904] Executing query select * from TEST_NULL_INT
[pool-1919-thread-1] INFO org.apache.nifi.processors.standard.ExecuteSQL - ExecuteSQL[id=49e1bc5f-04f6-4845-8f9d-26e44a2d3904] FlowFile[1,94791464389727.mockFlowFile,238B] contains 0 records; transferring to 'success'
[pool-1919-thread-1] ERROR org.apache.nifi.processors.standard.ExecuteSQL - ExecuteSQL[id=49e1bc5f-04f6-4845-8f9d-26e44a2d3904] Unable to execute SQL select query CALL SYSCS_UTIL.SYSCS_SET_RUNTIMESTATISTICS() for FlowFile[0,94791464389727.mockFlowFile,4B] due to java.sql.SQLSyntaxErrorException: 'SYSCS_UTIL.SYSCS_SET_RUNTIMESTATISTICS' is not recognized as a function or procedure.; routing to failure: java.sql.SQLSyntaxErrorException: 'SYSCS_UTIL.SYSCS_SET_RUNTIMESTATISTICS' is not recognized as a function or procedure.
java.sql.SQLSyntaxErrorException: 'SYSCS_UTIL.SYSCS_SET_RUNTIMESTATISTICS' is not recognized as a function or procedure.
	at org.apache.derby.impl.jdbc.SQLExceptionFactory.getSQLException(Unknown Source)
	at org.apache.derby.impl.jdbc.Util.generateCsSQLException(Unknown Source)
	at org.apache.derby.impl.jdbc.TransactionResourceImpl.wrapInSQLException(Unknown Source)
	at org.apache.derby.impl.jdbc.TransactionResourceImpl.handleException(Unknown Source)
	at org.apache.derby.impl.jdbc.EmbedConnection.handleException(Unknown Source)
	at org.apache.derby.impl.jdbc.ConnectionChild.handleException(Unknown Source)
	at org.apache.derby.impl.jdbc.EmbedStatement.execute(Unknown Source)
	at org.apache.derby.impl.jdbc.EmbedStatement.execute(Unknown Source)
	at org.apache.nifi.processors.standard.AbstractExecuteSQL.executeConfigStatements(AbstractExecuteSQL.java:464)
	at org.apache.nifi.processors.standard.AbstractExecuteSQL.onTrigger(AbstractExecuteSQL.java:397)
	at org.apache.nifi.processor.AbstractProcessor.onTrigger(AbstractProcessor.java:27)
	at org.apache.nifi.util.StandardProcessorTestRunner$RunProcessor.call(StandardProcessorTestRunner.java:284)
	at org.apache.nifi.util.StandardProcessorTestRunner$RunProcessor.call(StandardProcessorTestRunner.java:278)
	at java.util.concurrent.FutureTask.run(FutureTask.java:266)
	at java.util.concurrent.ScheduledThreadPoolExecutor$ScheduledFutureTask.access$201(ScheduledThreadPoolExecutor.java:180)
	at java.util.concurrent.ScheduledThreadPoolExecutor$ScheduledFutureTask.run(ScheduledThreadPoolExecutor.java:293)
	at java.util.concurrent.ThreadPoolExecutor.runWorker(ThreadPoolExecutor.java:1149)
	at java.util.concurrent.ThreadPoolExecutor$Worker.run(ThreadPoolExecutor.java:624)
	at java.lang.Thread.run(Thread.java:750)
Caused by: ERROR 42Y03: 'SYSCS_UTIL.SYSCS_SET_RUNTIMESTATISTICS' is not recognized as a function or procedure.
	at org.apache.derby.iapi.error.StandardException.newException(Unknown Source)
	at org.apache.derby.iapi.error.StandardException.newException(Unknown Source)
	at org.apache.derby.impl.sql.compile.StaticMethodCallNode.bindExpressionMinion(Unknown Source)
	at org.apache.derby.impl.sql.compile.StaticMethodCallNode.bindExpression(Unknown Source)
	at org.apache.derby.impl.sql.compile.JavaToSQLValueNode.bindExpression(Unknown Source)
	at org.apache.derby.impl.sql.compile.CallStatementNode.bindStatement(Unknown Source)
	at org.apache.derby.impl.sql.GenericStatement.prepMinion(Unknown Source)
	at org.apache.derby.impl.sql.GenericStatement.prepare(Unknown Source)
	at org.apache.derby.impl.sql.conn.GenericLanguageConnectionContext.prepareInternalStatement(Unknown Source)
	... 13 more
]]></system-err>
  </testcase>
  <testcase name="testWithSqlException" classname="org.apache.nifi.processors.standard.TestExecuteSQL" time="0.011">
    <system-err><![CDATA[[pool-1920-thread-1] ERROR org.apache.nifi.processors.standard.ExecuteSQL - ExecuteSQL[id=7955150c-fc9f-4caa-bb4b-7ac31825d90b] Unable to execute SQL select query SELECT val1 FROM TEST_NO_ROWS due to java.sql.SQLSyntaxErrorException: Column 'VAL1' is either not in any table in the FROM list or appears within a join specification and is outside the scope of the join specification or appears in a HAVING clause and is not in the GROUP BY list. If this is a CREATE or ALTER TABLE  statement then 'VAL1' is not a column in the target table.. No FlowFile to route to failure: java.sql.SQLSyntaxErrorException: Column 'VAL1' is either not in any table in the FROM list or appears within a join specification and is outside the scope of the join specification or appears in a HAVING clause and is not in the GROUP BY list. If this is a CREATE or ALTER TABLE  statement then 'VAL1' is not a column in the target table.
java.sql.SQLSyntaxErrorException: Column 'VAL1' is either not in any table in the FROM list or appears within a join specification and is outside the scope of the join specification or appears in a HAVING clause and is not in the GROUP BY list. If this is a CREATE or ALTER TABLE  statement then 'VAL1' is not a column in the target table.
	at org.apache.derby.impl.jdbc.SQLExceptionFactory.getSQLException(Unknown Source)
	at org.apache.derby.impl.jdbc.Util.generateCsSQLException(Unknown Source)
	at org.apache.derby.impl.jdbc.TransactionResourceImpl.wrapInSQLException(Unknown Source)
	at org.apache.derby.impl.jdbc.TransactionResourceImpl.handleException(Unknown Source)
	at org.apache.derby.impl.jdbc.EmbedConnection.handleException(Unknown Source)
	at org.apache.derby.impl.jdbc.ConnectionChild.handleException(Unknown Source)
	at org.apache.derby.impl.jdbc.EmbedPreparedStatement.<init>(Unknown Source)
	at org.apache.derby.impl.jdbc.EmbedPreparedStatement42.<init>(Unknown Source)
	at org.apache.derby.jdbc.Driver42.newEmbedPreparedStatement(Unknown Source)
	at org.apache.derby.impl.jdbc.EmbedConnection.prepareStatement(Unknown Source)
	at org.apache.derby.impl.jdbc.EmbedConnection.prepareStatement(Unknown Source)
	at org.apache.nifi.processors.standard.AbstractExecuteSQL.onTrigger(AbstractExecuteSQL.java:240)
	at org.apache.nifi.processor.AbstractProcessor.onTrigger(AbstractProcessor.java:27)
	at org.apache.nifi.util.StandardProcessorTestRunner$RunProcessor.call(StandardProcessorTestRunner.java:284)
	at org.apache.nifi.util.StandardProcessorTestRunner$RunProcessor.call(StandardProcessorTestRunner.java:278)
	at java.util.concurrent.FutureTask.run(FutureTask.java:266)
	at java.util.concurrent.ScheduledThreadPoolExecutor$ScheduledFutureTask.access$201(ScheduledThreadPoolExecutor.java:180)
	at java.util.concurrent.ScheduledThreadPoolExecutor$ScheduledFutureTask.run(ScheduledThreadPoolExecutor.java:293)
	at java.util.concurrent.ThreadPoolExecutor.runWorker(ThreadPoolExecutor.java:1149)
	at java.util.concurrent.ThreadPoolExecutor$Worker.run(ThreadPoolExecutor.java:624)
	at java.lang.Thread.run(Thread.java:750)
Caused by: ERROR 42X04: Column 'VAL1' is either not in any table in the FROM list or appears within a join specification and is outside the scope of the join specification or appears in a HAVING clause and is not in the GROUP BY list. If this is a CREATE or ALTER TABLE  statement then 'VAL1' is not a column in the target table.
	at org.apache.derby.iapi.error.StandardException.newException(Unknown Source)
	at org.apache.derby.iapi.error.StandardException.newException(Unknown Source)
	at org.apache.derby.impl.sql.compile.ColumnReference.bindExpression(Unknown Source)
	at org.apache.derby.impl.sql.compile.ColumnReference.bindExpression(Unknown Source)
	at org.apache.derby.impl.sql.compile.ResultColumn.bindExpression(Unknown Source)
	at org.apache.derby.impl.sql.compile.ResultColumnList.bindExpressions(Unknown Source)
	at org.apache.derby.impl.sql.compile.SelectNode.bindExpressions(Unknown Source)
	at org.apache.derby.impl.sql.compile.DMLStatementNode.bindExpressions(Unknown Source)
	at org.apache.derby.impl.sql.compile.DMLStatementNode.bind(Unknown Source)
	at org.apache.derby.impl.sql.compile.CursorNode.bindStatement(Unknown Source)
	at org.apache.derby.impl.sql.GenericStatement.prepMinion(Unknown Source)
	at org.apache.derby.impl.sql.GenericStatement.prepare(Unknown Source)
	at org.apache.derby.impl.sql.conn.GenericLanguageConnectionContext.prepareInternalStatement(Unknown Source)
	... 15 more
]]></system-err>
  </testcase>
  <testcase name="testPreQuery" classname="org.apache.nifi.processors.standard.TestExecuteSQL" time="0.024">
    <system-err><![CDATA[[pool-1921-thread-1] DEBUG org.apache.nifi.processors.standard.ExecuteSQL - ExecuteSQL[id=44626f30-550d-4178-a80c-d9b8b36f6e78] Executing query select * from TEST_NULL_INT
[pool-1921-thread-1] INFO org.apache.nifi.processors.standard.ExecuteSQL - ExecuteSQL[id=44626f30-550d-4178-a80c-d9b8b36f6e78] FlowFile[1,94791502851004.mockFlowFile,262B] contains 1 records; transferring to 'success'
]]></system-err>
  </testcase>
  <testcase name="testInsertStatementCreatesFlowFile" classname="org.apache.nifi.processors.standard.TestExecuteSQL" time="0.026">
    <system-err><![CDATA[[pool-1922-thread-1] DEBUG org.apache.nifi.processors.standard.ExecuteSQL - ExecuteSQL[id=a6978d86-d43f-4edd-bcab-2ff768fad069] Executing query insert into TEST_NULL_INT (id, val1, val2) VALUES (0, NULL, 1)
]]></system-err>
  </testcase>
  <testcase name="testNoRowsStatementCreatesEmptyFlowFile" classname="org.apache.nifi.processors.standard.TestExecuteSQL" time="0.021">
    <system-err><![CDATA[[pool-1923-thread-1] DEBUG org.apache.nifi.processors.standard.ExecuteSQL - ExecuteSQL[id=bcce701c-7ed3-40d8-8ab6-e42ea5822c9e] Executing query select * from TEST_NULL_INT
[pool-1923-thread-1] INFO org.apache.nifi.processors.standard.ExecuteSQL - ExecuteSQL[id=bcce701c-7ed3-40d8-8ab6-e42ea5822c9e] FlowFile[1,94791549868372.mockFlowFile,238B] contains 0 records; transferring to 'success'
]]></system-err>
  </testcase>
  <testcase name="testWithDuplicateColumns" classname="org.apache.nifi.processors.standard.TestExecuteSQL" time="0.028">
    <system-err><![CDATA[[pool-1924-thread-1] DEBUG org.apache.nifi.processors.standard.ExecuteSQL - ExecuteSQL[id=ab0a0cd1-6678-45d6-916e-88a528b79990] Executing query select a.host as hostA,b.host as hostB from host1 a join host2 b on b.id=a.id
[pool-1924-thread-1] INFO org.apache.nifi.processors.standard.ExecuteSQL - ExecuteSQL[id=ab0a0cd1-6678-45d6-916e-88a528b79990] FlowFile[0,94791580941924.mockFlowFile,234B] contains 1 records; transferring to 'success'
]]></system-err>
  </testcase>
  <testcase name="testMaxRowsPerFlowFile" classname="org.apache.nifi.processors.standard.TestExecuteSQL" time="1.719">
    <system-err><![CDATA[[pool-1925-thread-1] DEBUG org.apache.nifi.processors.standard.ExecuteSQL - ExecuteSQL[id=9baaa36a-9fcf-4ecd-9258-1166be62c5aa] Executing query SELECT * FROM TEST_NULL_INT
[pool-1925-thread-1] INFO org.apache.nifi.processors.standard.ExecuteSQL - ExecuteSQL[id=9baaa36a-9fcf-4ecd-9258-1166be62c5aa] FlowFile[0,94793275854170.mockFlowFile,286B] contains 5 records; transferring to 'success'
[pool-1925-thread-1] INFO org.apache.nifi.processors.standard.ExecuteSQL - ExecuteSQL[id=9baaa36a-9fcf-4ecd-9258-1166be62c5aa] FlowFile[1,94793276259837.mockFlowFile,286B] contains 5 records; transferring to 'success'
[pool-1925-thread-1] INFO org.apache.nifi.processors.standard.ExecuteSQL - ExecuteSQL[id=9baaa36a-9fcf-4ecd-9258-1166be62c5aa] FlowFile[2,94793276419882.mockFlowFile,286B] contains 5 records; transferring to 'success'
[pool-1925-thread-1] INFO org.apache.nifi.processors.standard.ExecuteSQL - ExecuteSQL[id=9baaa36a-9fcf-4ecd-9258-1166be62c5aa] FlowFile[3,94793276616213.mockFlowFile,286B] contains 5 records; transferring to 'success'
[pool-1925-thread-1] INFO org.apache.nifi.processors.standard.ExecuteSQL - ExecuteSQL[id=9baaa36a-9fcf-4ecd-9258-1166be62c5aa] FlowFile[4,94793276730443.mockFlowFile,286B] contains 5 records; transferring to 'success'
[pool-1925-thread-1] INFO org.apache.nifi.processors.standard.ExecuteSQL - ExecuteSQL[id=9baaa36a-9fcf-4ecd-9258-1166be62c5aa] FlowFile[5,94793277034117.mockFlowFile,286B] contains 5 records; transferring to 'success'
[pool-1925-thread-1] INFO org.apache.nifi.processors.standard.ExecuteSQL - ExecuteSQL[id=9baaa36a-9fcf-4ecd-9258-1166be62c5aa] FlowFile[6,94793277146434.mockFlowFile,286B] contains 5 records; transferring to 'success'
[pool-1925-thread-1] INFO org.apache.nifi.processors.standard.ExecuteSQL - ExecuteSQL[id=9baaa36a-9fcf-4ecd-9258-1166be62c5aa] FlowFile[7,94793277276834.mockFlowFile,286B] contains 5 records; transferring to 'success'
[pool-1925-thread-1] INFO org.apache.nifi.processors.standard.ExecuteSQL - ExecuteSQL[id=9baaa36a-9fcf-4ecd-9258-1166be62c5aa] FlowFile[8,94793277381367.mockFlowFile,286B] contains 5 records; transferring to 'success'
[pool-1925-thread-1] INFO org.apache.nifi.processors.standard.ExecuteSQL - ExecuteSQL[id=9baaa36a-9fcf-4ecd-9258-1166be62c5aa] FlowFile[9,94793277477007.mockFlowFile,286B] contains 5 records; transferring to 'success'
[pool-1925-thread-1] INFO org.apache.nifi.processors.standard.ExecuteSQL - ExecuteSQL[id=9baaa36a-9fcf-4ecd-9258-1166be62c5aa] FlowFile[10,94793277599162.mockFlowFile,286B] contains 5 records; transferring to 'success'
[pool-1925-thread-1] INFO org.apache.nifi.processors.standard.ExecuteSQL - ExecuteSQL[id=9baaa36a-9fcf-4ecd-9258-1166be62c5aa] FlowFile[11,94793277702173.mockFlowFile,286B] contains 5 records; transferring to 'success'
[pool-1925-thread-1] INFO org.apache.nifi.processors.standard.ExecuteSQL - ExecuteSQL[id=9baaa36a-9fcf-4ecd-9258-1166be62c5aa] FlowFile[12,94793277794853.mockFlowFile,287B] contains 5 records; transferring to 'success'
[pool-1925-thread-1] INFO org.apache.nifi.processors.standard.ExecuteSQL - ExecuteSQL[id=9baaa36a-9fcf-4ecd-9258-1166be62c5aa] FlowFile[13,94793277924511.mockFlowFile,291B] contains 5 records; transferring to 'success'
[pool-1925-thread-1] INFO org.apache.nifi.processors.standard.ExecuteSQL - ExecuteSQL[id=9baaa36a-9fcf-4ecd-9258-1166be62c5aa] FlowFile[14,94793278019532.mockFlowFile,291B] contains 5 records; transferring to 'success'
[pool-1925-thread-1] INFO org.apache.nifi.processors.standard.ExecuteSQL - ExecuteSQL[id=9baaa36a-9fcf-4ecd-9258-1166be62c5aa] FlowFile[15,94793278120051.mockFlowFile,291B] contains 5 records; transferring to 'success'
[pool-1925-thread-1] INFO org.apache.nifi.processors.standard.ExecuteSQL - ExecuteSQL[id=9baaa36a-9fcf-4ecd-9258-1166be62c5aa] FlowFile[16,94793278223478.mockFlowFile,291B] contains 5 records; transferring to 'success'
[pool-1925-thread-1] INFO org.apache.nifi.processors.standard.ExecuteSQL - ExecuteSQL[id=9baaa36a-9fcf-4ecd-9258-1166be62c5aa] FlowFile[17,94793278814223.mockFlowFile,291B] contains 5 records; transferring to 'success'
[pool-1925-thread-1] INFO org.apache.nifi.processors.standard.ExecuteSQL - ExecuteSQL[id=9baaa36a-9fcf-4ecd-9258-1166be62c5aa] FlowFile[18,94793278969412.mockFlowFile,291B] contains 5 records; transferring to 'success'
[pool-1925-thread-1] INFO org.apache.nifi.processors.standard.ExecuteSQL - ExecuteSQL[id=9baaa36a-9fcf-4ecd-9258-1166be62c5aa] FlowFile[19,94793279042151.mockFlowFile,291B] contains 5 records; transferring to 'success'
[pool-1925-thread-1] INFO org.apache.nifi.processors.standard.ExecuteSQL - ExecuteSQL[id=9baaa36a-9fcf-4ecd-9258-1166be62c5aa] FlowFile[20,94793279119365.mockFlowFile,291B] contains 5 records; transferring to 'success'
[pool-1925-thread-1] INFO org.apache.nifi.processors.standard.ExecuteSQL - ExecuteSQL[id=9baaa36a-9fcf-4ecd-9258-1166be62c5aa] FlowFile[21,94793279217859.mockFlowFile,291B] contains 5 records; transferring to 'success'
[pool-1925-thread-1] INFO org.apache.nifi.processors.standard.ExecuteSQL - ExecuteSQL[id=9baaa36a-9fcf-4ecd-9258-1166be62c5aa] FlowFile[22,94793279286360.mockFlowFile,291B] contains 5 records; transferring to 'success'
[pool-1925-thread-1] INFO org.apache.nifi.processors.standard.ExecuteSQL - ExecuteSQL[id=9baaa36a-9fcf-4ecd-9258-1166be62c5aa] FlowFile[23,94793279367345.mockFlowFile,291B] contains 5 records; transferring to 'success'
[pool-1925-thread-1] INFO org.apache.nifi.processors.standard.ExecuteSQL - ExecuteSQL[id=9baaa36a-9fcf-4ecd-9258-1166be62c5aa] FlowFile[24,94793279457865.mockFlowFile,291B] contains 5 records; transferring to 'success'
[pool-1925-thread-1] INFO org.apache.nifi.processors.standard.ExecuteSQL - ExecuteSQL[id=9baaa36a-9fcf-4ecd-9258-1166be62c5aa] FlowFile[25,94793279545946.mockFlowFile,291B] contains 5 records; transferring to 'success'
[pool-1925-thread-1] INFO org.apache.nifi.processors.standard.ExecuteSQL - ExecuteSQL[id=9baaa36a-9fcf-4ecd-9258-1166be62c5aa] FlowFile[26,94793279624364.mockFlowFile,291B] contains 5 records; transferring to 'success'
[pool-1925-thread-1] INFO org.apache.nifi.processors.standard.ExecuteSQL - ExecuteSQL[id=9baaa36a-9fcf-4ecd-9258-1166be62c5aa] FlowFile[27,94793279704837.mockFlowFile,291B] contains 5 records; transferring to 'success'
[pool-1925-thread-1] INFO org.apache.nifi.processors.standard.ExecuteSQL - ExecuteSQL[id=9baaa36a-9fcf-4ecd-9258-1166be62c5aa] FlowFile[28,94793279808690.mockFlowFile,291B] contains 5 records; transferring to 'success'
[pool-1925-thread-1] INFO org.apache.nifi.processors.standard.ExecuteSQL - ExecuteSQL[id=9baaa36a-9fcf-4ecd-9258-1166be62c5aa] FlowFile[29,94793279928601.mockFlowFile,291B] contains 5 records; transferring to 'success'
[pool-1925-thread-1] INFO org.apache.nifi.processors.standard.ExecuteSQL - ExecuteSQL[id=9baaa36a-9fcf-4ecd-9258-1166be62c5aa] FlowFile[30,94793280047713.mockFlowFile,291B] contains 5 records; transferring to 'success'
[pool-1925-thread-1] INFO org.apache.nifi.processors.standard.ExecuteSQL - ExecuteSQL[id=9baaa36a-9fcf-4ecd-9258-1166be62c5aa] FlowFile[31,94793280166631.mockFlowFile,291B] contains 5 records; transferring to 'success'
[pool-1925-thread-1] INFO org.apache.nifi.processors.standard.ExecuteSQL - ExecuteSQL[id=9baaa36a-9fcf-4ecd-9258-1166be62c5aa] FlowFile[32,94793280245002.mockFlowFile,291B] contains 5 records; transferring to 'success'
[pool-1925-thread-1] INFO org.apache.nifi.processors.standard.ExecuteSQL - ExecuteSQL[id=9baaa36a-9fcf-4ecd-9258-1166be62c5aa] FlowFile[33,94793280319462.mockFlowFile,291B] contains 5 records; transferring to 'success'
[pool-1925-thread-1] INFO org.apache.nifi.processors.standard.ExecuteSQL - ExecuteSQL[id=9baaa36a-9fcf-4ecd-9258-1166be62c5aa] FlowFile[34,94793280385515.mockFlowFile,291B] contains 5 records; transferring to 'success'
[pool-1925-thread-1] INFO org.apache.nifi.processors.standard.ExecuteSQL - ExecuteSQL[id=9baaa36a-9fcf-4ecd-9258-1166be62c5aa] FlowFile[35,94793280448370.mockFlowFile,291B] contains 5 records; transferring to 'success'
[pool-1925-thread-1] INFO org.apache.nifi.processors.standard.ExecuteSQL - ExecuteSQL[id=9baaa36a-9fcf-4ecd-9258-1166be62c5aa] FlowFile[36,94793280521109.mockFlowFile,291B] contains 5 records; transferring to 'success'
[pool-1925-thread-1] INFO org.apache.nifi.processors.standard.ExecuteSQL - ExecuteSQL[id=9baaa36a-9fcf-4ecd-9258-1166be62c5aa] FlowFile[37,94793280584274.mockFlowFile,291B] contains 5 records; transferring to 'success'
[pool-1925-thread-1] INFO org.apache.nifi.processors.standard.ExecuteSQL - ExecuteSQL[id=9baaa36a-9fcf-4ecd-9258-1166be62c5aa] FlowFile[38,94793280646645.mockFlowFile,291B] contains 5 records; transferring to 'success'
[pool-1925-thread-1] INFO org.apache.nifi.processors.standard.ExecuteSQL - ExecuteSQL[id=9baaa36a-9fcf-4ecd-9258-1166be62c5aa] FlowFile[39,94793280721462.mockFlowFile,291B] contains 5 records; transferring to 'success'
[pool-1925-thread-1] INFO org.apache.nifi.processors.standard.ExecuteSQL - ExecuteSQL[id=9baaa36a-9fcf-4ecd-9258-1166be62c5aa] FlowFile[40,94793280791769.mockFlowFile,291B] contains 5 records; transferring to 'success'
[pool-1925-thread-1] INFO org.apache.nifi.processors.standard.ExecuteSQL - ExecuteSQL[id=9baaa36a-9fcf-4ecd-9258-1166be62c5aa] FlowFile[41,94793280854411.mockFlowFile,291B] contains 5 records; transferring to 'success'
[pool-1925-thread-1] INFO org.apache.nifi.processors.standard.ExecuteSQL - ExecuteSQL[id=9baaa36a-9fcf-4ecd-9258-1166be62c5aa] FlowFile[42,94793280927305.mockFlowFile,291B] contains 5 records; transferring to 'success'
[pool-1925-thread-1] INFO org.apache.nifi.processors.standard.ExecuteSQL - ExecuteSQL[id=9baaa36a-9fcf-4ecd-9258-1166be62c5aa] FlowFile[43,94793280990599.mockFlowFile,291B] contains 5 records; transferring to 'success'
[pool-1925-thread-1] INFO org.apache.nifi.processors.standard.ExecuteSQL - ExecuteSQL[id=9baaa36a-9fcf-4ecd-9258-1166be62c5aa] FlowFile[44,94793281050952.mockFlowFile,291B] contains 5 records; transferring to 'success'
[pool-1925-thread-1] INFO org.apache.nifi.processors.standard.ExecuteSQL - ExecuteSQL[id=9baaa36a-9fcf-4ecd-9258-1166be62c5aa] FlowFile[45,94793281121843.mockFlowFile,291B] contains 5 records; transferring to 'success'
[pool-1925-thread-1] INFO org.apache.nifi.processors.standard.ExecuteSQL - ExecuteSQL[id=9baaa36a-9fcf-4ecd-9258-1166be62c5aa] FlowFile[46,94793281185802.mockFlowFile,291B] contains 5 records; transferring to 'success'
[pool-1925-thread-1] INFO org.apache.nifi.processors.standard.ExecuteSQL - ExecuteSQL[id=9baaa36a-9fcf-4ecd-9258-1166be62c5aa] FlowFile[47,94793281246928.mockFlowFile,291B] contains 5 records; transferring to 'success'
[pool-1925-thread-1] INFO org.apache.nifi.processors.standard.ExecuteSQL - ExecuteSQL[id=9baaa36a-9fcf-4ecd-9258-1166be62c5aa] FlowFile[48,94793281325107.mockFlowFile,291B] contains 5 records; transferring to 'success'
[pool-1925-thread-1] INFO org.apache.nifi.processors.standard.ExecuteSQL - ExecuteSQL[id=9baaa36a-9fcf-4ecd-9258-1166be62c5aa] FlowFile[49,94793281403400.mockFlowFile,291B] contains 5 records; transferring to 'success'
[pool-1925-thread-1] INFO org.apache.nifi.processors.standard.ExecuteSQL - ExecuteSQL[id=9baaa36a-9fcf-4ecd-9258-1166be62c5aa] FlowFile[50,94793281467390.mockFlowFile,291B] contains 5 records; transferring to 'success'
[pool-1925-thread-1] INFO org.apache.nifi.processors.standard.ExecuteSQL - ExecuteSQL[id=9baaa36a-9fcf-4ecd-9258-1166be62c5aa] FlowFile[51,94793281529710.mockFlowFile,291B] contains 5 records; transferring to 'success'
[pool-1925-thread-1] INFO org.apache.nifi.processors.standard.ExecuteSQL - ExecuteSQL[id=9baaa36a-9fcf-4ecd-9258-1166be62c5aa] FlowFile[52,94793281602543.mockFlowFile,291B] contains 5 records; transferring to 'success'
[pool-1925-thread-1] INFO org.apache.nifi.processors.standard.ExecuteSQL - ExecuteSQL[id=9baaa36a-9fcf-4ecd-9258-1166be62c5aa] FlowFile[53,94793281683017.mockFlowFile,291B] contains 5 records; transferring to 'success'
[pool-1925-thread-1] INFO org.apache.nifi.processors.standard.ExecuteSQL - ExecuteSQL[id=9baaa36a-9fcf-4ecd-9258-1166be62c5aa] FlowFile[54,94793281745468.mockFlowFile,291B] contains 5 records; transferring to 'success'
[pool-1925-thread-1] INFO org.apache.nifi.processors.standard.ExecuteSQL - ExecuteSQL[id=9baaa36a-9fcf-4ecd-9258-1166be62c5aa] FlowFile[55,94793282000923.mockFlowFile,291B] contains 5 records; transferring to 'success'
[pool-1925-thread-1] INFO org.apache.nifi.processors.standard.ExecuteSQL - ExecuteSQL[id=9baaa36a-9fcf-4ecd-9258-1166be62c5aa] FlowFile[56,94793282178698.mockFlowFile,291B] contains 5 records; transferring to 'success'
[pool-1925-thread-1] INFO org.apache.nifi.processors.standard.ExecuteSQL - ExecuteSQL[id=9baaa36a-9fcf-4ecd-9258-1166be62c5aa] FlowFile[57,94793282307463.mockFlowFile,291B] contains 5 records; transferring to 'success'
[pool-1925-thread-1] INFO org.apache.nifi.processors.standard.ExecuteSQL - ExecuteSQL[id=9baaa36a-9fcf-4ecd-9258-1166be62c5aa] FlowFile[58,94793282426106.mockFlowFile,291B] contains 5 records; transferring to 'success'
[pool-1925-thread-1] INFO org.apache.nifi.processors.standard.ExecuteSQL - ExecuteSQL[id=9baaa36a-9fcf-4ecd-9258-1166be62c5aa] FlowFile[59,94793282499251.mockFlowFile,291B] contains 5 records; transferring to 'success'
[pool-1925-thread-1] INFO org.apache.nifi.processors.standard.ExecuteSQL - ExecuteSQL[id=9baaa36a-9fcf-4ecd-9258-1166be62c5aa] FlowFile[60,94793282597995.mockFlowFile,291B] contains 5 records; transferring to 'success'
[pool-1925-thread-1] INFO org.apache.nifi.processors.standard.ExecuteSQL - ExecuteSQL[id=9baaa36a-9fcf-4ecd-9258-1166be62c5aa] FlowFile[61,94793282723768.mockFlowFile,291B] contains 5 records; transferring to 'success'
[pool-1925-thread-1] INFO org.apache.nifi.processors.standard.ExecuteSQL - ExecuteSQL[id=9baaa36a-9fcf-4ecd-9258-1166be62c5aa] FlowFile[62,94793282831037.mockFlowFile,291B] contains 5 records; transferring to 'success'
[pool-1925-thread-1] INFO org.apache.nifi.processors.standard.ExecuteSQL - ExecuteSQL[id=9baaa36a-9fcf-4ecd-9258-1166be62c5aa] FlowFile[63,94793282943535.mockFlowFile,291B] contains 5 records; transferring to 'success'
[pool-1925-thread-1] INFO org.apache.nifi.processors.standard.ExecuteSQL - ExecuteSQL[id=9baaa36a-9fcf-4ecd-9258-1166be62c5aa] FlowFile[64,94793283055149.mockFlowFile,291B] contains 5 records; transferring to 'success'
[pool-1925-thread-1] INFO org.apache.nifi.processors.standard.ExecuteSQL - ExecuteSQL[id=9baaa36a-9fcf-4ecd-9258-1166be62c5aa] FlowFile[65,94793283180699.mockFlowFile,291B] contains 5 records; transferring to 'success'
[pool-1925-thread-1] INFO org.apache.nifi.processors.standard.ExecuteSQL - ExecuteSQL[id=9baaa36a-9fcf-4ecd-9258-1166be62c5aa] FlowFile[66,94793283291073.mockFlowFile,291B] contains 5 records; transferring to 'success'
[pool-1925-thread-1] INFO org.apache.nifi.processors.standard.ExecuteSQL - ExecuteSQL[id=9baaa36a-9fcf-4ecd-9258-1166be62c5aa] FlowFile[67,94793283398423.mockFlowFile,291B] contains 5 records; transferring to 'success'
[pool-1925-thread-1] INFO org.apache.nifi.processors.standard.ExecuteSQL - ExecuteSQL[id=9baaa36a-9fcf-4ecd-9258-1166be62c5aa] FlowFile[68,94793283522693.mockFlowFile,291B] contains 5 records; transferring to 'success'
[pool-1925-thread-1] INFO org.apache.nifi.processors.standard.ExecuteSQL - ExecuteSQL[id=9baaa36a-9fcf-4ecd-9258-1166be62c5aa] FlowFile[69,94793283629452.mockFlowFile,291B] contains 5 records; transferring to 'success'
[pool-1925-thread-1] INFO org.apache.nifi.processors.standard.ExecuteSQL - ExecuteSQL[id=9baaa36a-9fcf-4ecd-9258-1166be62c5aa] FlowFile[70,94793283732485.mockFlowFile,291B] contains 5 records; transferring to 'success'
[pool-1925-thread-1] INFO org.apache.nifi.processors.standard.ExecuteSQL - ExecuteSQL[id=9baaa36a-9fcf-4ecd-9258-1166be62c5aa] FlowFile[71,94793283849281.mockFlowFile,291B] contains 5 records; transferring to 'success'
[pool-1925-thread-1] INFO org.apache.nifi.processors.standard.ExecuteSQL - ExecuteSQL[id=9baaa36a-9fcf-4ecd-9258-1166be62c5aa] FlowFile[72,94793283962527.mockFlowFile,291B] contains 5 records; transferring to 'success'
[pool-1925-thread-1] INFO org.apache.nifi.processors.standard.ExecuteSQL - ExecuteSQL[id=9baaa36a-9fcf-4ecd-9258-1166be62c5aa] FlowFile[73,94793284112591.mockFlowFile,291B] contains 5 records; transferring to 'success'
[pool-1925-thread-1] INFO org.apache.nifi.processors.standard.ExecuteSQL - ExecuteSQL[id=9baaa36a-9fcf-4ecd-9258-1166be62c5aa] FlowFile[74,94793284234850.mockFlowFile,291B] contains 5 records; transferring to 'success'
[pool-1925-thread-1] INFO org.apache.nifi.processors.standard.ExecuteSQL - ExecuteSQL[id=9baaa36a-9fcf-4ecd-9258-1166be62c5aa] FlowFile[75,94793284332775.mockFlowFile,291B] contains 5 records; transferring to 'success'
[pool-1925-thread-1] INFO org.apache.nifi.processors.standard.ExecuteSQL - ExecuteSQL[id=9baaa36a-9fcf-4ecd-9258-1166be62c5aa] FlowFile[76,94793284433776.mockFlowFile,291B] contains 5 records; transferring to 'success'
[pool-1925-thread-1] INFO org.apache.nifi.processors.standard.ExecuteSQL - ExecuteSQL[id=9baaa36a-9fcf-4ecd-9258-1166be62c5aa] FlowFile[77,94793284552911.mockFlowFile,291B] contains 5 records; transferring to 'success'
[pool-1925-thread-1] INFO org.apache.nifi.processors.standard.ExecuteSQL - ExecuteSQL[id=9baaa36a-9fcf-4ecd-9258-1166be62c5aa] FlowFile[78,94793284686364.mockFlowFile,291B] contains 5 records; transferring to 'success'
[pool-1925-thread-1] INFO org.apache.nifi.processors.standard.ExecuteSQL - ExecuteSQL[id=9baaa36a-9fcf-4ecd-9258-1166be62c5aa] FlowFile[79,94793284796107.mockFlowFile,291B] contains 5 records; transferring to 'success'
[pool-1925-thread-1] INFO org.apache.nifi.processors.standard.ExecuteSQL - ExecuteSQL[id=9baaa36a-9fcf-4ecd-9258-1166be62c5aa] FlowFile[80,94793284909627.mockFlowFile,291B] contains 5 records; transferring to 'success'
[pool-1925-thread-1] INFO org.apache.nifi.processors.standard.ExecuteSQL - ExecuteSQL[id=9baaa36a-9fcf-4ecd-9258-1166be62c5aa] FlowFile[81,94793285029684.mockFlowFile,291B] contains 5 records; transferring to 'success'
[pool-1925-thread-1] INFO org.apache.nifi.processors.standard.ExecuteSQL - ExecuteSQL[id=9baaa36a-9fcf-4ecd-9258-1166be62c5aa] FlowFile[82,94793285150079.mockFlowFile,291B] contains 5 records; transferring to 'success'
[pool-1925-thread-1] INFO org.apache.nifi.processors.standard.ExecuteSQL - ExecuteSQL[id=9baaa36a-9fcf-4ecd-9258-1166be62c5aa] FlowFile[83,94793285251716.mockFlowFile,291B] contains 5 records; transferring to 'success'
[pool-1925-thread-1] INFO org.apache.nifi.processors.standard.ExecuteSQL - ExecuteSQL[id=9baaa36a-9fcf-4ecd-9258-1166be62c5aa] FlowFile[84,94793285367854.mockFlowFile,291B] contains 5 records; transferring to 'success'
[pool-1925-thread-1] INFO org.apache.nifi.processors.standard.ExecuteSQL - ExecuteSQL[id=9baaa36a-9fcf-4ecd-9258-1166be62c5aa] FlowFile[85,94793285484754.mockFlowFile,291B] contains 5 records; transferring to 'success'
[pool-1925-thread-1] INFO org.apache.nifi.processors.standard.ExecuteSQL - ExecuteSQL[id=9baaa36a-9fcf-4ecd-9258-1166be62c5aa] FlowFile[86,94793285586169.mockFlowFile,291B] contains 5 records; transferring to 'success'
[pool-1925-thread-1] INFO org.apache.nifi.processors.standard.ExecuteSQL - ExecuteSQL[id=9baaa36a-9fcf-4ecd-9258-1166be62c5aa] FlowFile[87,94793285702821.mockFlowFile,291B] contains 5 records; transferring to 'success'
[pool-1925-thread-1] INFO org.apache.nifi.processors.standard.ExecuteSQL - ExecuteSQL[id=9baaa36a-9fcf-4ecd-9258-1166be62c5aa] FlowFile[88,94793285815316.mockFlowFile,291B] contains 5 records; transferring to 'success'
[pool-1925-thread-1] INFO org.apache.nifi.processors.standard.ExecuteSQL - ExecuteSQL[id=9baaa36a-9fcf-4ecd-9258-1166be62c5aa] FlowFile[89,94793285916471.mockFlowFile,291B] contains 5 records; transferring to 'success'
[pool-1925-thread-1] INFO org.apache.nifi.processors.standard.ExecuteSQL - ExecuteSQL[id=9baaa36a-9fcf-4ecd-9258-1166be62c5aa] FlowFile[90,94793286032161.mockFlowFile,291B] contains 5 records; transferring to 'success'
[pool-1925-thread-1] INFO org.apache.nifi.processors.standard.ExecuteSQL - ExecuteSQL[id=9baaa36a-9fcf-4ecd-9258-1166be62c5aa] FlowFile[91,94793286125808.mockFlowFile,291B] contains 5 records; transferring to 'success'
[pool-1925-thread-1] INFO org.apache.nifi.processors.standard.ExecuteSQL - ExecuteSQL[id=9baaa36a-9fcf-4ecd-9258-1166be62c5aa] FlowFile[92,94793286241741.mockFlowFile,291B] contains 5 records; transferring to 'success'
[pool-1925-thread-1] INFO org.apache.nifi.processors.standard.ExecuteSQL - ExecuteSQL[id=9baaa36a-9fcf-4ecd-9258-1166be62c5aa] FlowFile[93,94793286378935.mockFlowFile,291B] contains 5 records; transferring to 'success'
[pool-1925-thread-1] INFO org.apache.nifi.processors.standard.ExecuteSQL - ExecuteSQL[id=9baaa36a-9fcf-4ecd-9258-1166be62c5aa] FlowFile[94,94793286485601.mockFlowFile,291B] contains 5 records; transferring to 'success'
[pool-1925-thread-1] INFO org.apache.nifi.processors.standard.ExecuteSQL - ExecuteSQL[id=9baaa36a-9fcf-4ecd-9258-1166be62c5aa] FlowFile[95,94793286590845.mockFlowFile,291B] contains 5 records; transferring to 'success'
[pool-1925-thread-1] INFO org.apache.nifi.processors.standard.ExecuteSQL - ExecuteSQL[id=9baaa36a-9fcf-4ecd-9258-1166be62c5aa] FlowFile[96,94793286731424.mockFlowFile,291B] contains 5 records; transferring to 'success'
[pool-1925-thread-1] INFO org.apache.nifi.processors.standard.ExecuteSQL - ExecuteSQL[id=9baaa36a-9fcf-4ecd-9258-1166be62c5aa] FlowFile[97,94793286886133.mockFlowFile,291B] contains 5 records; transferring to 'success'
[pool-1925-thread-1] INFO org.apache.nifi.processors.standard.ExecuteSQL - ExecuteSQL[id=9baaa36a-9fcf-4ecd-9258-1166be62c5aa] FlowFile[98,94793287023186.mockFlowFile,291B] contains 5 records; transferring to 'success'
[pool-1925-thread-1] INFO org.apache.nifi.processors.standard.ExecuteSQL - ExecuteSQL[id=9baaa36a-9fcf-4ecd-9258-1166be62c5aa] FlowFile[99,94793287128521.mockFlowFile,291B] contains 5 records; transferring to 'success'
[pool-1925-thread-1] INFO org.apache.nifi.processors.standard.ExecuteSQL - ExecuteSQL[id=9baaa36a-9fcf-4ecd-9258-1166be62c5aa] FlowFile[100,94793287232592.mockFlowFile,291B] contains 5 records; transferring to 'success'
[pool-1925-thread-1] INFO org.apache.nifi.processors.standard.ExecuteSQL - ExecuteSQL[id=9baaa36a-9fcf-4ecd-9258-1166be62c5aa] FlowFile[101,94793287302910.mockFlowFile,291B] contains 5 records; transferring to 'success'
[pool-1925-thread-1] INFO org.apache.nifi.processors.standard.ExecuteSQL - ExecuteSQL[id=9baaa36a-9fcf-4ecd-9258-1166be62c5aa] FlowFile[102,94793287431060.mockFlowFile,291B] contains 5 records; transferring to 'success'
[pool-1925-thread-1] INFO org.apache.nifi.processors.standard.ExecuteSQL - ExecuteSQL[id=9baaa36a-9fcf-4ecd-9258-1166be62c5aa] FlowFile[103,94793287559751.mockFlowFile,291B] contains 5 records; transferring to 'success'
[pool-1925-thread-1] INFO org.apache.nifi.processors.standard.ExecuteSQL - ExecuteSQL[id=9baaa36a-9fcf-4ecd-9258-1166be62c5aa] FlowFile[104,94793287678022.mockFlowFile,291B] contains 5 records; transferring to 'success'
[pool-1925-thread-1] INFO org.apache.nifi.processors.standard.ExecuteSQL - ExecuteSQL[id=9baaa36a-9fcf-4ecd-9258-1166be62c5aa] FlowFile[105,94793287780502.mockFlowFile,291B] contains 5 records; transferring to 'success'
[pool-1925-thread-1] INFO org.apache.nifi.processors.standard.ExecuteSQL - ExecuteSQL[id=9baaa36a-9fcf-4ecd-9258-1166be62c5aa] FlowFile[106,94793287901400.mockFlowFile,291B] contains 5 records; transferring to 'success'
[pool-1925-thread-1] INFO org.apache.nifi.processors.standard.ExecuteSQL - ExecuteSQL[id=9baaa36a-9fcf-4ecd-9258-1166be62c5aa] FlowFile[107,94793288036577.mockFlowFile,291B] contains 5 records; transferring to 'success'
[pool-1925-thread-1] INFO org.apache.nifi.processors.standard.ExecuteSQL - ExecuteSQL[id=9baaa36a-9fcf-4ecd-9258-1166be62c5aa] FlowFile[108,94793288155131.mockFlowFile,291B] contains 5 records; transferring to 'success'
[pool-1925-thread-1] INFO org.apache.nifi.processors.standard.ExecuteSQL - ExecuteSQL[id=9baaa36a-9fcf-4ecd-9258-1166be62c5aa] FlowFile[109,94793288280669.mockFlowFile,291B] contains 5 records; transferring to 'success'
[pool-1925-thread-1] INFO org.apache.nifi.processors.standard.ExecuteSQL - ExecuteSQL[id=9baaa36a-9fcf-4ecd-9258-1166be62c5aa] FlowFile[110,94793288383051.mockFlowFile,291B] contains 5 records; transferring to 'success'
[pool-1925-thread-1] INFO org.apache.nifi.processors.standard.ExecuteSQL - ExecuteSQL[id=9baaa36a-9fcf-4ecd-9258-1166be62c5aa] FlowFile[111,94793288485875.mockFlowFile,291B] contains 5 records; transferring to 'success'
[pool-1925-thread-1] INFO org.apache.nifi.processors.standard.ExecuteSQL - ExecuteSQL[id=9baaa36a-9fcf-4ecd-9258-1166be62c5aa] FlowFile[112,94793288659336.mockFlowFile,291B] contains 5 records; transferring to 'success'
[pool-1925-thread-1] INFO org.apache.nifi.processors.standard.ExecuteSQL - ExecuteSQL[id=9baaa36a-9fcf-4ecd-9258-1166be62c5aa] FlowFile[113,94793288813688.mockFlowFile,291B] contains 5 records; transferring to 'success'
[pool-1925-thread-1] INFO org.apache.nifi.processors.standard.ExecuteSQL - ExecuteSQL[id=9baaa36a-9fcf-4ecd-9258-1166be62c5aa] FlowFile[114,94793288941870.mockFlowFile,291B] contains 5 records; transferring to 'success'
[pool-1925-thread-1] INFO org.apache.nifi.processors.standard.ExecuteSQL - ExecuteSQL[id=9baaa36a-9fcf-4ecd-9258-1166be62c5aa] FlowFile[115,94793289049278.mockFlowFile,291B] contains 5 records; transferring to 'success'
[pool-1925-thread-1] INFO org.apache.nifi.processors.standard.ExecuteSQL - ExecuteSQL[id=9baaa36a-9fcf-4ecd-9258-1166be62c5aa] FlowFile[116,94793289178195.mockFlowFile,291B] contains 5 records; transferring to 'success'
[pool-1925-thread-1] INFO org.apache.nifi.processors.standard.ExecuteSQL - ExecuteSQL[id=9baaa36a-9fcf-4ecd-9258-1166be62c5aa] FlowFile[117,94793289283516.mockFlowFile,291B] contains 5 records; transferring to 'success'
[pool-1925-thread-1] INFO org.apache.nifi.processors.standard.ExecuteSQL - ExecuteSQL[id=9baaa36a-9fcf-4ecd-9258-1166be62c5aa] FlowFile[118,94793289387798.mockFlowFile,291B] contains 5 records; transferring to 'success'
[pool-1925-thread-1] INFO org.apache.nifi.processors.standard.ExecuteSQL - ExecuteSQL[id=9baaa36a-9fcf-4ecd-9258-1166be62c5aa] FlowFile[119,94793289507792.mockFlowFile,291B] contains 5 records; transferring to 'success'
[pool-1925-thread-1] INFO org.apache.nifi.processors.standard.ExecuteSQL - ExecuteSQL[id=9baaa36a-9fcf-4ecd-9258-1166be62c5aa] FlowFile[120,94793289622013.mockFlowFile,291B] contains 5 records; transferring to 'success'
[pool-1925-thread-1] INFO org.apache.nifi.processors.standard.ExecuteSQL - ExecuteSQL[id=9baaa36a-9fcf-4ecd-9258-1166be62c5aa] FlowFile[121,94793289727083.mockFlowFile,291B] contains 5 records; transferring to 'success'
[pool-1925-thread-1] INFO org.apache.nifi.processors.standard.ExecuteSQL - ExecuteSQL[id=9baaa36a-9fcf-4ecd-9258-1166be62c5aa] FlowFile[122,94793289847952.mockFlowFile,291B] contains 5 records; transferring to 'success'
[pool-1925-thread-1] INFO org.apache.nifi.processors.standard.ExecuteSQL - ExecuteSQL[id=9baaa36a-9fcf-4ecd-9258-1166be62c5aa] FlowFile[123,94793289955028.mockFlowFile,291B] contains 5 records; transferring to 'success'
[pool-1925-thread-1] INFO org.apache.nifi.processors.standard.ExecuteSQL - ExecuteSQL[id=9baaa36a-9fcf-4ecd-9258-1166be62c5aa] FlowFile[124,94793290059404.mockFlowFile,291B] contains 5 records; transferring to 'success'
[pool-1925-thread-1] INFO org.apache.nifi.processors.standard.ExecuteSQL - ExecuteSQL[id=9baaa36a-9fcf-4ecd-9258-1166be62c5aa] FlowFile[125,94793290181824.mockFlowFile,291B] contains 5 records; transferring to 'success'
[pool-1925-thread-1] INFO org.apache.nifi.processors.standard.ExecuteSQL - ExecuteSQL[id=9baaa36a-9fcf-4ecd-9258-1166be62c5aa] FlowFile[126,94793290314631.mockFlowFile,291B] contains 5 records; transferring to 'success'
[pool-1925-thread-1] INFO org.apache.nifi.processors.standard.ExecuteSQL - ExecuteSQL[id=9baaa36a-9fcf-4ecd-9258-1166be62c5aa] FlowFile[127,94793290417769.mockFlowFile,291B] contains 5 records; transferring to 'success'
[pool-1925-thread-1] INFO org.apache.nifi.processors.standard.ExecuteSQL - ExecuteSQL[id=9baaa36a-9fcf-4ecd-9258-1166be62c5aa] FlowFile[128,94793290526100.mockFlowFile,291B] contains 5 records; transferring to 'success'
[pool-1925-thread-1] INFO org.apache.nifi.processors.standard.ExecuteSQL - ExecuteSQL[id=9baaa36a-9fcf-4ecd-9258-1166be62c5aa] FlowFile[129,94793290634816.mockFlowFile,291B] contains 5 records; transferring to 'success'
[pool-1925-thread-1] INFO org.apache.nifi.processors.standard.ExecuteSQL - ExecuteSQL[id=9baaa36a-9fcf-4ecd-9258-1166be62c5aa] FlowFile[130,94793290729850.mockFlowFile,291B] contains 5 records; transferring to 'success'
[pool-1925-thread-1] INFO org.apache.nifi.processors.standard.ExecuteSQL - ExecuteSQL[id=9baaa36a-9fcf-4ecd-9258-1166be62c5aa] FlowFile[131,94793290824709.mockFlowFile,291B] contains 5 records; transferring to 'success'
[pool-1925-thread-1] INFO org.apache.nifi.processors.standard.ExecuteSQL - ExecuteSQL[id=9baaa36a-9fcf-4ecd-9258-1166be62c5aa] FlowFile[132,94793290937932.mockFlowFile,291B] contains 5 records; transferring to 'success'
[pool-1925-thread-1] INFO org.apache.nifi.processors.standard.ExecuteSQL - ExecuteSQL[id=9baaa36a-9fcf-4ecd-9258-1166be62c5aa] FlowFile[133,94793291206161.mockFlowFile,291B] contains 5 records; transferring to 'success'
[pool-1925-thread-1] INFO org.apache.nifi.processors.standard.ExecuteSQL - ExecuteSQL[id=9baaa36a-9fcf-4ecd-9258-1166be62c5aa] FlowFile[134,94793291316664.mockFlowFile,291B] contains 5 records; transferring to 'success'
[pool-1925-thread-1] INFO org.apache.nifi.processors.standard.ExecuteSQL - ExecuteSQL[id=9baaa36a-9fcf-4ecd-9258-1166be62c5aa] FlowFile[135,94793291439915.mockFlowFile,291B] contains 5 records; transferring to 'success'
[pool-1925-thread-1] INFO org.apache.nifi.processors.standard.ExecuteSQL - ExecuteSQL[id=9baaa36a-9fcf-4ecd-9258-1166be62c5aa] FlowFile[136,94793291551367.mockFlowFile,291B] contains 5 records; transferring to 'success'
[pool-1925-thread-1] INFO org.apache.nifi.processors.standard.ExecuteSQL - ExecuteSQL[id=9baaa36a-9fcf-4ecd-9258-1166be62c5aa] FlowFile[137,94793291657177.mockFlowFile,291B] contains 5 records; transferring to 'success'
[pool-1925-thread-1] INFO org.apache.nifi.processors.standard.ExecuteSQL - ExecuteSQL[id=9baaa36a-9fcf-4ecd-9258-1166be62c5aa] FlowFile[138,94793291782588.mockFlowFile,291B] contains 5 records; transferring to 'success'
[pool-1925-thread-1] INFO org.apache.nifi.processors.standard.ExecuteSQL - ExecuteSQL[id=9baaa36a-9fcf-4ecd-9258-1166be62c5aa] FlowFile[139,94793291889081.mockFlowFile,291B] contains 5 records; transferring to 'success'
[pool-1925-thread-1] INFO org.apache.nifi.processors.standard.ExecuteSQL - ExecuteSQL[id=9baaa36a-9fcf-4ecd-9258-1166be62c5aa] FlowFile[140,94793291986738.mockFlowFile,291B] contains 5 records; transferring to 'success'
[pool-1925-thread-1] INFO org.apache.nifi.processors.standard.ExecuteSQL - ExecuteSQL[id=9baaa36a-9fcf-4ecd-9258-1166be62c5aa] FlowFile[141,94793292162037.mockFlowFile,291B] contains 5 records; transferring to 'success'
[pool-1925-thread-1] INFO org.apache.nifi.processors.standard.ExecuteSQL - ExecuteSQL[id=9baaa36a-9fcf-4ecd-9258-1166be62c5aa] FlowFile[142,94793292267947.mockFlowFile,291B] contains 5 records; transferring to 'success'
[pool-1925-thread-1] INFO org.apache.nifi.processors.standard.ExecuteSQL - ExecuteSQL[id=9baaa36a-9fcf-4ecd-9258-1166be62c5aa] FlowFile[143,94793292366718.mockFlowFile,291B] contains 5 records; transferring to 'success'
[pool-1925-thread-1] INFO org.apache.nifi.processors.standard.ExecuteSQL - ExecuteSQL[id=9baaa36a-9fcf-4ecd-9258-1166be62c5aa] FlowFile[144,94793292480945.mockFlowFile,291B] contains 5 records; transferring to 'success'
[pool-1925-thread-1] INFO org.apache.nifi.processors.standard.ExecuteSQL - ExecuteSQL[id=9baaa36a-9fcf-4ecd-9258-1166be62c5aa] FlowFile[145,94793292602209.mockFlowFile,291B] contains 5 records; transferring to 'success'
[pool-1925-thread-1] INFO org.apache.nifi.processors.standard.ExecuteSQL - ExecuteSQL[id=9baaa36a-9fcf-4ecd-9258-1166be62c5aa] FlowFile[146,94793292704821.mockFlowFile,291B] contains 5 records; transferring to 'success'
[pool-1925-thread-1] INFO org.apache.nifi.processors.standard.ExecuteSQL - ExecuteSQL[id=9baaa36a-9fcf-4ecd-9258-1166be62c5aa] FlowFile[147,94793292806556.mockFlowFile,291B] contains 5 records; transferring to 'success'
[pool-1925-thread-1] INFO org.apache.nifi.processors.standard.ExecuteSQL - ExecuteSQL[id=9baaa36a-9fcf-4ecd-9258-1166be62c5aa] FlowFile[148,94793292924915.mockFlowFile,291B] contains 5 records; transferring to 'success'
[pool-1925-thread-1] INFO org.apache.nifi.processors.standard.ExecuteSQL - ExecuteSQL[id=9baaa36a-9fcf-4ecd-9258-1166be62c5aa] FlowFile[149,94793293027580.mockFlowFile,291B] contains 5 records; transferring to 'success'
[pool-1925-thread-1] INFO org.apache.nifi.processors.standard.ExecuteSQL - ExecuteSQL[id=9baaa36a-9fcf-4ecd-9258-1166be62c5aa] FlowFile[150,94793293126861.mockFlowFile,291B] contains 5 records; transferring to 'success'
[pool-1925-thread-1] INFO org.apache.nifi.processors.standard.ExecuteSQL - ExecuteSQL[id=9baaa36a-9fcf-4ecd-9258-1166be62c5aa] FlowFile[151,94793293242789.mockFlowFile,291B] contains 5 records; transferring to 'success'
[pool-1925-thread-1] INFO org.apache.nifi.processors.standard.ExecuteSQL - ExecuteSQL[id=9baaa36a-9fcf-4ecd-9258-1166be62c5aa] FlowFile[152,94793293355945.mockFlowFile,291B] contains 5 records; transferring to 'success'
[pool-1925-thread-1] INFO org.apache.nifi.processors.standard.ExecuteSQL - ExecuteSQL[id=9baaa36a-9fcf-4ecd-9258-1166be62c5aa] FlowFile[153,94793293458197.mockFlowFile,291B] contains 5 records; transferring to 'success'
[pool-1925-thread-1] INFO org.apache.nifi.processors.standard.ExecuteSQL - ExecuteSQL[id=9baaa36a-9fcf-4ecd-9258-1166be62c5aa] FlowFile[154,94793293577182.mockFlowFile,291B] contains 5 records; transferring to 'success'
[pool-1925-thread-1] INFO org.apache.nifi.processors.standard.ExecuteSQL - ExecuteSQL[id=9baaa36a-9fcf-4ecd-9258-1166be62c5aa] FlowFile[155,94793293677932.mockFlowFile,291B] contains 5 records; transferring to 'success'
[pool-1925-thread-1] INFO org.apache.nifi.processors.standard.ExecuteSQL - ExecuteSQL[id=9baaa36a-9fcf-4ecd-9258-1166be62c5aa] FlowFile[156,94793293777457.mockFlowFile,291B] contains 5 records; transferring to 'success'
[pool-1925-thread-1] INFO org.apache.nifi.processors.standard.ExecuteSQL - ExecuteSQL[id=9baaa36a-9fcf-4ecd-9258-1166be62c5aa] FlowFile[157,94793293938191.mockFlowFile,291B] contains 5 records; transferring to 'success'
[pool-1925-thread-1] INFO org.apache.nifi.processors.standard.ExecuteSQL - ExecuteSQL[id=9baaa36a-9fcf-4ecd-9258-1166be62c5aa] FlowFile[158,94793294044152.mockFlowFile,291B] contains 5 records; transferring to 'success'
[pool-1925-thread-1] INFO org.apache.nifi.processors.standard.ExecuteSQL - ExecuteSQL[id=9baaa36a-9fcf-4ecd-9258-1166be62c5aa] FlowFile[159,94793294149484.mockFlowFile,291B] contains 5 records; transferring to 'success'
[pool-1925-thread-1] INFO org.apache.nifi.processors.standard.ExecuteSQL - ExecuteSQL[id=9baaa36a-9fcf-4ecd-9258-1166be62c5aa] FlowFile[160,94793294290962.mockFlowFile,291B] contains 5 records; transferring to 'success'
[pool-1925-thread-1] INFO org.apache.nifi.processors.standard.ExecuteSQL - ExecuteSQL[id=9baaa36a-9fcf-4ecd-9258-1166be62c5aa] FlowFile[161,94793294419084.mockFlowFile,291B] contains 5 records; transferring to 'success'
[pool-1925-thread-1] INFO org.apache.nifi.processors.standard.ExecuteSQL - ExecuteSQL[id=9baaa36a-9fcf-4ecd-9258-1166be62c5aa] FlowFile[162,94793294520575.mockFlowFile,291B] contains 5 records; transferring to 'success'
[pool-1925-thread-1] INFO org.apache.nifi.processors.standard.ExecuteSQL - ExecuteSQL[id=9baaa36a-9fcf-4ecd-9258-1166be62c5aa] FlowFile[163,94793294617102.mockFlowFile,291B] contains 5 records; transferring to 'success'
[pool-1925-thread-1] INFO org.apache.nifi.processors.standard.ExecuteSQL - ExecuteSQL[id=9baaa36a-9fcf-4ecd-9258-1166be62c5aa] FlowFile[164,94793294733710.mockFlowFile,291B] contains 5 records; transferring to 'success'
[pool-1925-thread-1] INFO org.apache.nifi.processors.standard.ExecuteSQL - ExecuteSQL[id=9baaa36a-9fcf-4ecd-9258-1166be62c5aa] FlowFile[165,94793294831172.mockFlowFile,291B] contains 5 records; transferring to 'success'
[pool-1925-thread-1] INFO org.apache.nifi.processors.standard.ExecuteSQL - ExecuteSQL[id=9baaa36a-9fcf-4ecd-9258-1166be62c5aa] FlowFile[166,94793294924399.mockFlowFile,291B] contains 5 records; transferring to 'success'
[pool-1925-thread-1] INFO org.apache.nifi.processors.standard.ExecuteSQL - ExecuteSQL[id=9baaa36a-9fcf-4ecd-9258-1166be62c5aa] FlowFile[167,94793295036165.mockFlowFile,291B] contains 5 records; transferring to 'success'
[pool-1925-thread-1] INFO org.apache.nifi.processors.standard.ExecuteSQL - ExecuteSQL[id=9baaa36a-9fcf-4ecd-9258-1166be62c5aa] FlowFile[168,94793295160740.mockFlowFile,291B] contains 5 records; transferring to 'success'
[pool-1925-thread-1] INFO org.apache.nifi.processors.standard.ExecuteSQL - ExecuteSQL[id=9baaa36a-9fcf-4ecd-9258-1166be62c5aa] FlowFile[169,94793295269634.mockFlowFile,291B] contains 5 records; transferring to 'success'
[pool-1925-thread-1] INFO org.apache.nifi.processors.standard.ExecuteSQL - ExecuteSQL[id=9baaa36a-9fcf-4ecd-9258-1166be62c5aa] FlowFile[170,94793295387553.mockFlowFile,291B] contains 5 records; transferring to 'success'
[pool-1925-thread-1] INFO org.apache.nifi.processors.standard.ExecuteSQL - ExecuteSQL[id=9baaa36a-9fcf-4ecd-9258-1166be62c5aa] FlowFile[171,94793295485183.mockFlowFile,291B] contains 5 records; transferring to 'success'
[pool-1925-thread-1] INFO org.apache.nifi.processors.standard.ExecuteSQL - ExecuteSQL[id=9baaa36a-9fcf-4ecd-9258-1166be62c5aa] FlowFile[172,94793295579262.mockFlowFile,291B] contains 5 records; transferring to 'success'
[pool-1925-thread-1] INFO org.apache.nifi.processors.standard.ExecuteSQL - ExecuteSQL[id=9baaa36a-9fcf-4ecd-9258-1166be62c5aa] FlowFile[173,94793295692614.mockFlowFile,291B] contains 5 records; transferring to 'success'
[pool-1925-thread-1] INFO org.apache.nifi.processors.standard.ExecuteSQL - ExecuteSQL[id=9baaa36a-9fcf-4ecd-9258-1166be62c5aa] FlowFile[174,94793295791661.mockFlowFile,291B] contains 5 records; transferring to 'success'
[pool-1925-thread-1] INFO org.apache.nifi.processors.standard.ExecuteSQL - ExecuteSQL[id=9baaa36a-9fcf-4ecd-9258-1166be62c5aa] FlowFile[175,94793295885601.mockFlowFile,291B] contains 5 records; transferring to 'success'
[pool-1925-thread-1] INFO org.apache.nifi.processors.standard.ExecuteSQL - ExecuteSQL[id=9baaa36a-9fcf-4ecd-9258-1166be62c5aa] FlowFile[176,94793295988726.mockFlowFile,291B] contains 5 records; transferring to 'success'
[pool-1925-thread-1] INFO org.apache.nifi.processors.standard.ExecuteSQL - ExecuteSQL[id=9baaa36a-9fcf-4ecd-9258-1166be62c5aa] FlowFile[177,94793296148891.mockFlowFile,291B] contains 5 records; transferring to 'success'
[pool-1925-thread-1] INFO org.apache.nifi.processors.standard.ExecuteSQL - ExecuteSQL[id=9baaa36a-9fcf-4ecd-9258-1166be62c5aa] FlowFile[178,94793296248112.mockFlowFile,291B] contains 5 records; transferring to 'success'
[pool-1925-thread-1] INFO org.apache.nifi.processors.standard.ExecuteSQL - ExecuteSQL[id=9baaa36a-9fcf-4ecd-9258-1166be62c5aa] FlowFile[179,94793296343860.mockFlowFile,291B] contains 5 records; transferring to 'success'
[pool-1925-thread-1] INFO org.apache.nifi.processors.standard.ExecuteSQL - ExecuteSQL[id=9baaa36a-9fcf-4ecd-9258-1166be62c5aa] FlowFile[180,94793296457639.mockFlowFile,291B] contains 5 records; transferring to 'success'
[pool-1925-thread-1] INFO org.apache.nifi.processors.standard.ExecuteSQL - ExecuteSQL[id=9baaa36a-9fcf-4ecd-9258-1166be62c5aa] FlowFile[181,94793296553110.mockFlowFile,291B] contains 5 records; transferring to 'success'
[pool-1925-thread-1] INFO org.apache.nifi.processors.standard.ExecuteSQL - ExecuteSQL[id=9baaa36a-9fcf-4ecd-9258-1166be62c5aa] FlowFile[182,94793296647381.mockFlowFile,291B] contains 5 records; transferring to 'success'
[pool-1925-thread-1] INFO org.apache.nifi.processors.standard.ExecuteSQL - ExecuteSQL[id=9baaa36a-9fcf-4ecd-9258-1166be62c5aa] FlowFile[183,94793296943002.mockFlowFile,291B] contains 5 records; transferring to 'success'
[pool-1925-thread-1] INFO org.apache.nifi.processors.standard.ExecuteSQL - ExecuteSQL[id=9baaa36a-9fcf-4ecd-9258-1166be62c5aa] FlowFile[184,94793297076950.mockFlowFile,291B] contains 5 records; transferring to 'success'
[pool-1925-thread-1] INFO org.apache.nifi.processors.standard.ExecuteSQL - ExecuteSQL[id=9baaa36a-9fcf-4ecd-9258-1166be62c5aa] FlowFile[185,94793297182759.mockFlowFile,291B] contains 5 records; transferring to 'success'
[pool-1925-thread-1] INFO org.apache.nifi.processors.standard.ExecuteSQL - ExecuteSQL[id=9baaa36a-9fcf-4ecd-9258-1166be62c5aa] FlowFile[186,94793297310323.mockFlowFile,291B] contains 5 records; transferring to 'success'
[pool-1925-thread-1] INFO org.apache.nifi.processors.standard.ExecuteSQL - ExecuteSQL[id=9baaa36a-9fcf-4ecd-9258-1166be62c5aa] FlowFile[187,94793297413426.mockFlowFile,291B] contains 5 records; transferring to 'success'
[pool-1925-thread-1] INFO org.apache.nifi.processors.standard.ExecuteSQL - ExecuteSQL[id=9baaa36a-9fcf-4ecd-9258-1166be62c5aa] FlowFile[188,94793297512586.mockFlowFile,291B] contains 5 records; transferring to 'success'
[pool-1925-thread-1] INFO org.apache.nifi.processors.standard.ExecuteSQL - ExecuteSQL[id=9baaa36a-9fcf-4ecd-9258-1166be62c5aa] FlowFile[189,94793297653695.mockFlowFile,291B] contains 5 records; transferring to 'success'
[pool-1925-thread-1] INFO org.apache.nifi.processors.standard.ExecuteSQL - ExecuteSQL[id=9baaa36a-9fcf-4ecd-9258-1166be62c5aa] FlowFile[190,94793297758967.mockFlowFile,291B] contains 5 records; transferring to 'success'
[pool-1925-thread-1] INFO org.apache.nifi.processors.standard.ExecuteSQL - ExecuteSQL[id=9baaa36a-9fcf-4ecd-9258-1166be62c5aa] FlowFile[191,94793297907453.mockFlowFile,291B] contains 5 records; transferring to 'success'
[pool-1925-thread-1] INFO org.apache.nifi.processors.standard.ExecuteSQL - ExecuteSQL[id=9baaa36a-9fcf-4ecd-9258-1166be62c5aa] FlowFile[192,94793298028959.mockFlowFile,291B] contains 5 records; transferring to 'success'
[pool-1925-thread-1] INFO org.apache.nifi.processors.standard.ExecuteSQL - ExecuteSQL[id=9baaa36a-9fcf-4ecd-9258-1166be62c5aa] FlowFile[193,94793298224744.mockFlowFile,291B] contains 5 records; transferring to 'success'
[pool-1925-thread-1] INFO org.apache.nifi.processors.standard.ExecuteSQL - ExecuteSQL[id=9baaa36a-9fcf-4ecd-9258-1166be62c5aa] FlowFile[194,94793298347014.mockFlowFile,291B] contains 5 records; transferring to 'success'
[pool-1925-thread-1] INFO org.apache.nifi.processors.standard.ExecuteSQL - ExecuteSQL[id=9baaa36a-9fcf-4ecd-9258-1166be62c5aa] FlowFile[195,94793298456840.mockFlowFile,291B] contains 5 records; transferring to 'success'
[pool-1925-thread-1] INFO org.apache.nifi.processors.standard.ExecuteSQL - ExecuteSQL[id=9baaa36a-9fcf-4ecd-9258-1166be62c5aa] FlowFile[196,94793298578835.mockFlowFile,291B] contains 5 records; transferring to 'success'
[pool-1925-thread-1] INFO org.apache.nifi.processors.standard.ExecuteSQL - ExecuteSQL[id=9baaa36a-9fcf-4ecd-9258-1166be62c5aa] FlowFile[197,94793298684869.mockFlowFile,291B] contains 5 records; transferring to 'success'
[pool-1925-thread-1] INFO org.apache.nifi.processors.standard.ExecuteSQL - ExecuteSQL[id=9baaa36a-9fcf-4ecd-9258-1166be62c5aa] FlowFile[198,94793298801690.mockFlowFile,291B] contains 5 records; transferring to 'success'
[pool-1925-thread-1] INFO org.apache.nifi.processors.standard.ExecuteSQL - ExecuteSQL[id=9baaa36a-9fcf-4ecd-9258-1166be62c5aa] FlowFile[199,94793298919408.mockFlowFile,291B] contains 5 records; transferring to 'success'
]]></system-err>
  </testcase>
  <testcase name="testSelectQueryInFlowFileWithParameters" classname="org.apache.nifi.processors.standard.TestExecuteSQL" time="0.8">
    <system-out><![CDATA[GAIAJID AEGGDEBD
D CHBG
JDBBDA 
]]></system-out>
    <system-err><![CDATA[[main] INFO org.apache.nifi.processors.standard.TestExecuteSQL - test data loaded
[pool-1926-thread-1] DEBUG org.apache.nifi.processors.standard.ExecuteSQL - ExecuteSQL[id=7c19cea5-814f-496d-8007-6616daca4c50] Executing query select   PER.ID as PersonId, PER.NAME as PersonName, PER.CODE as PersonCode, PRD.ID as ProductId,PRD.NAME as ProductName,PRD.CODE as ProductCode, REL.ID as RelId,    REL.NAME as RelName,    REL.CODE as RelCode, ROW_NUMBER() OVER () as rownr  from persons PER, products PRD, relationships REL where PER.ID < ? AND REL.ID < ?
[pool-1926-thread-1] INFO org.apache.nifi.processors.standard.ExecuteSQL - ExecuteSQL[id=7c19cea5-814f-496d-8007-6616daca4c50] FlowFile[1,94793978220540.mockFlowFile,1196698B] contains 20000 records; transferring to 'success'
[main] INFO org.apache.nifi.processors.standard.TestExecuteSQL - total nr of records from stream: 20000
]]></system-err>
  </testcase>
  <testcase name="testCompression" classname="org.apache.nifi.processors.standard.TestExecuteSQL" time="0.029">
    <system-err><![CDATA[[pool-1927-thread-1] DEBUG org.apache.nifi.processors.standard.ExecuteSQL - ExecuteSQL[id=ca64db6e-54ba-43dc-b661-ac292b532850] Executing query SELECT * FROM TEST_NULL_INT
[pool-1927-thread-1] INFO org.apache.nifi.processors.standard.ExecuteSQL - ExecuteSQL[id=ca64db6e-54ba-43dc-b661-ac292b532850] FlowFile[0,94794125977267.mockFlowFile,297B] contains 2 records; transferring to 'success'
]]></system-err>
  </testcase>
  <testcase name="testNoTimeLimit" classname="org.apache.nifi.processors.standard.TestExecuteSQL" time="0.73">
    <system-out><![CDATA[HJEGBBIBF GACFAH
AAHDJFBCA DABEB
IIII CEE
]]></system-out>
    <system-err><![CDATA[[main] INFO org.apache.nifi.processors.standard.TestExecuteSQL - test data loaded
[pool-1928-thread-1] DEBUG org.apache.nifi.processors.standard.ExecuteSQL - ExecuteSQL[id=924a7477-4b19-487f-ac50-b92b6ef40a2a] Executing query select   PER.ID as PersonId, PER.NAME as PersonName, PER.CODE as PersonCode, PRD.ID as ProductId,PRD.NAME as ProductName,PRD.CODE as ProductCode, REL.ID as RelId,    REL.NAME as RelName,    REL.CODE as RelCode, ROW_NUMBER() OVER () as rownr  from persons PER, products PRD, relationships REL where PER.ID = 10
[pool-1928-thread-1] INFO org.apache.nifi.processors.standard.ExecuteSQL - ExecuteSQL[id=924a7477-4b19-487f-ac50-b92b6ef40a2a] FlowFile[1,94794772483423.mockFlowFile,1274919B] contains 20000 records; transferring to 'success'
[main] INFO org.apache.nifi.processors.standard.TestExecuteSQL - total nr of records from stream: 20000
]]></system-err>
  </testcase>
  <testcase name="testSelectQueryInFlowFile" classname="org.apache.nifi.processors.standard.TestExecuteSQL" time="0.716">
    <system-out><![CDATA[ BJGIH
HIFABCFD 
JJEJID IGD
]]></system-out>
    <system-err><![CDATA[[main] INFO org.apache.nifi.processors.standard.TestExecuteSQL - test data loaded
[pool-1929-thread-1] DEBUG org.apache.nifi.processors.standard.ExecuteSQL - ExecuteSQL[id=7e40f311-63b5-49da-8db2-af10703673e4] Executing query select   PER.ID as PersonId, PER.NAME as PersonName, PER.CODE as PersonCode, PRD.ID as ProductId,PRD.NAME as ProductName,PRD.CODE as ProductCode, REL.ID as RelId,    REL.NAME as RelName,    REL.CODE as RelCode, ROW_NUMBER() OVER () as rownr  from persons PER, products PRD, relationships REL where PER.ID = 10
[pool-1929-thread-1] INFO org.apache.nifi.processors.standard.ExecuteSQL - ExecuteSQL[id=7e40f311-63b5-49da-8db2-af10703673e4] FlowFile[1,94795498658344.mockFlowFile,1071956B] contains 20000 records; transferring to 'success'
[main] INFO org.apache.nifi.processors.standard.TestExecuteSQL - total nr of records from stream: 20000
]]></system-err>
  </testcase>
  <testcase name="testWithOutputBatchingAndIncomingFlowFile" classname="org.apache.nifi.processors.standard.TestExecuteSQL" time="1.61">
    <system-err><![CDATA[[pool-1930-thread-1] DEBUG org.apache.nifi.processors.standard.ExecuteSQL - ExecuteSQL[id=91ab1b25-c8d5-4771-b924-c5677a3bc2e7] Executing query SELECT * FROM TEST_NULL_INT
[pool-1930-thread-1] INFO org.apache.nifi.processors.standard.ExecuteSQL - ExecuteSQL[id=91ab1b25-c8d5-4771-b924-c5677a3bc2e7] FlowFile[1,94797161880515.mockFlowFile,286B] contains 5 records; transferring to 'success'
[pool-1930-thread-1] INFO org.apache.nifi.processors.standard.ExecuteSQL - ExecuteSQL[id=91ab1b25-c8d5-4771-b924-c5677a3bc2e7] FlowFile[2,94797161880515.mockFlowFile,286B] contains 5 records; transferring to 'success'
[pool-1930-thread-1] INFO org.apache.nifi.processors.standard.ExecuteSQL - ExecuteSQL[id=91ab1b25-c8d5-4771-b924-c5677a3bc2e7] FlowFile[3,94797161880515.mockFlowFile,286B] contains 5 records; transferring to 'success'
[pool-1930-thread-1] INFO org.apache.nifi.processors.standard.ExecuteSQL - ExecuteSQL[id=91ab1b25-c8d5-4771-b924-c5677a3bc2e7] FlowFile[4,94797161880515.mockFlowFile,286B] contains 5 records; transferring to 'success'
[pool-1930-thread-1] INFO org.apache.nifi.processors.standard.ExecuteSQL - ExecuteSQL[id=91ab1b25-c8d5-4771-b924-c5677a3bc2e7] FlowFile[5,94797161880515.mockFlowFile,286B] contains 5 records; transferring to 'success'
[pool-1930-thread-1] INFO org.apache.nifi.processors.standard.ExecuteSQL - ExecuteSQL[id=91ab1b25-c8d5-4771-b924-c5677a3bc2e7] FlowFile[6,94797161880515.mockFlowFile,286B] contains 5 records; transferring to 'success'
[pool-1930-thread-1] INFO org.apache.nifi.processors.standard.ExecuteSQL - ExecuteSQL[id=91ab1b25-c8d5-4771-b924-c5677a3bc2e7] FlowFile[7,94797161880515.mockFlowFile,286B] contains 5 records; transferring to 'success'
[pool-1930-thread-1] INFO org.apache.nifi.processors.standard.ExecuteSQL - ExecuteSQL[id=91ab1b25-c8d5-4771-b924-c5677a3bc2e7] FlowFile[8,94797161880515.mockFlowFile,286B] contains 5 records; transferring to 'success'
[pool-1930-thread-1] INFO org.apache.nifi.processors.standard.ExecuteSQL - ExecuteSQL[id=91ab1b25-c8d5-4771-b924-c5677a3bc2e7] FlowFile[9,94797161880515.mockFlowFile,286B] contains 5 records; transferring to 'success'
[pool-1930-thread-1] INFO org.apache.nifi.processors.standard.ExecuteSQL - ExecuteSQL[id=91ab1b25-c8d5-4771-b924-c5677a3bc2e7] FlowFile[10,94797161880515.mockFlowFile,286B] contains 5 records; transferring to 'success'
[pool-1930-thread-1] INFO org.apache.nifi.processors.standard.ExecuteSQL - ExecuteSQL[id=91ab1b25-c8d5-4771-b924-c5677a3bc2e7] FlowFile[11,94797161880515.mockFlowFile,286B] contains 5 records; transferring to 'success'
[pool-1930-thread-1] INFO org.apache.nifi.processors.standard.ExecuteSQL - ExecuteSQL[id=91ab1b25-c8d5-4771-b924-c5677a3bc2e7] FlowFile[12,94797161880515.mockFlowFile,286B] contains 5 records; transferring to 'success'
[pool-1930-thread-1] INFO org.apache.nifi.processors.standard.ExecuteSQL - ExecuteSQL[id=91ab1b25-c8d5-4771-b924-c5677a3bc2e7] FlowFile[13,94797161880515.mockFlowFile,287B] contains 5 records; transferring to 'success'
[pool-1930-thread-1] INFO org.apache.nifi.processors.standard.ExecuteSQL - ExecuteSQL[id=91ab1b25-c8d5-4771-b924-c5677a3bc2e7] FlowFile[14,94797161880515.mockFlowFile,291B] contains 5 records; transferring to 'success'
[pool-1930-thread-1] INFO org.apache.nifi.processors.standard.ExecuteSQL - ExecuteSQL[id=91ab1b25-c8d5-4771-b924-c5677a3bc2e7] FlowFile[15,94797161880515.mockFlowFile,291B] contains 5 records; transferring to 'success'
[pool-1930-thread-1] INFO org.apache.nifi.processors.standard.ExecuteSQL - ExecuteSQL[id=91ab1b25-c8d5-4771-b924-c5677a3bc2e7] FlowFile[16,94797161880515.mockFlowFile,291B] contains 5 records; transferring to 'success'
[pool-1930-thread-1] INFO org.apache.nifi.processors.standard.ExecuteSQL - ExecuteSQL[id=91ab1b25-c8d5-4771-b924-c5677a3bc2e7] FlowFile[17,94797161880515.mockFlowFile,291B] contains 5 records; transferring to 'success'
[pool-1930-thread-1] INFO org.apache.nifi.processors.standard.ExecuteSQL - ExecuteSQL[id=91ab1b25-c8d5-4771-b924-c5677a3bc2e7] FlowFile[18,94797161880515.mockFlowFile,291B] contains 5 records; transferring to 'success'
[pool-1930-thread-1] INFO org.apache.nifi.processors.standard.ExecuteSQL - ExecuteSQL[id=91ab1b25-c8d5-4771-b924-c5677a3bc2e7] FlowFile[19,94797161880515.mockFlowFile,291B] contains 5 records; transferring to 'success'
[pool-1930-thread-1] INFO org.apache.nifi.processors.standard.ExecuteSQL - ExecuteSQL[id=91ab1b25-c8d5-4771-b924-c5677a3bc2e7] FlowFile[20,94797161880515.mockFlowFile,291B] contains 5 records; transferring to 'success'
[pool-1930-thread-1] INFO org.apache.nifi.processors.standard.ExecuteSQL - ExecuteSQL[id=91ab1b25-c8d5-4771-b924-c5677a3bc2e7] FlowFile[21,94797161880515.mockFlowFile,291B] contains 5 records; transferring to 'success'
[pool-1930-thread-1] INFO org.apache.nifi.processors.standard.ExecuteSQL - ExecuteSQL[id=91ab1b25-c8d5-4771-b924-c5677a3bc2e7] FlowFile[22,94797161880515.mockFlowFile,291B] contains 5 records; transferring to 'success'
[pool-1930-thread-1] INFO org.apache.nifi.processors.standard.ExecuteSQL - ExecuteSQL[id=91ab1b25-c8d5-4771-b924-c5677a3bc2e7] FlowFile[23,94797161880515.mockFlowFile,291B] contains 5 records; transferring to 'success'
[pool-1930-thread-1] INFO org.apache.nifi.processors.standard.ExecuteSQL - ExecuteSQL[id=91ab1b25-c8d5-4771-b924-c5677a3bc2e7] FlowFile[24,94797161880515.mockFlowFile,291B] contains 5 records; transferring to 'success'
[pool-1930-thread-1] INFO org.apache.nifi.processors.standard.ExecuteSQL - ExecuteSQL[id=91ab1b25-c8d5-4771-b924-c5677a3bc2e7] FlowFile[25,94797161880515.mockFlowFile,291B] contains 5 records; transferring to 'success'
[pool-1930-thread-1] INFO org.apache.nifi.processors.standard.ExecuteSQL - ExecuteSQL[id=91ab1b25-c8d5-4771-b924-c5677a3bc2e7] FlowFile[26,94797161880515.mockFlowFile,291B] contains 5 records; transferring to 'success'
[pool-1930-thread-1] INFO org.apache.nifi.processors.standard.ExecuteSQL - ExecuteSQL[id=91ab1b25-c8d5-4771-b924-c5677a3bc2e7] FlowFile[27,94797161880515.mockFlowFile,291B] contains 5 records; transferring to 'success'
[pool-1930-thread-1] INFO org.apache.nifi.processors.standard.ExecuteSQL - ExecuteSQL[id=91ab1b25-c8d5-4771-b924-c5677a3bc2e7] FlowFile[28,94797161880515.mockFlowFile,291B] contains 5 records; transferring to 'success'
[pool-1930-thread-1] INFO org.apache.nifi.processors.standard.ExecuteSQL - ExecuteSQL[id=91ab1b25-c8d5-4771-b924-c5677a3bc2e7] FlowFile[29,94797161880515.mockFlowFile,291B] contains 5 records; transferring to 'success'
[pool-1930-thread-1] INFO org.apache.nifi.processors.standard.ExecuteSQL - ExecuteSQL[id=91ab1b25-c8d5-4771-b924-c5677a3bc2e7] FlowFile[30,94797161880515.mockFlowFile,291B] contains 5 records; transferring to 'success'
[pool-1930-thread-1] INFO org.apache.nifi.processors.standard.ExecuteSQL - ExecuteSQL[id=91ab1b25-c8d5-4771-b924-c5677a3bc2e7] FlowFile[31,94797161880515.mockFlowFile,291B] contains 5 records; transferring to 'success'
[pool-1930-thread-1] INFO org.apache.nifi.processors.standard.ExecuteSQL - ExecuteSQL[id=91ab1b25-c8d5-4771-b924-c5677a3bc2e7] FlowFile[32,94797161880515.mockFlowFile,291B] contains 5 records; transferring to 'success'
[pool-1930-thread-1] INFO org.apache.nifi.processors.standard.ExecuteSQL - ExecuteSQL[id=91ab1b25-c8d5-4771-b924-c5677a3bc2e7] FlowFile[33,94797161880515.mockFlowFile,291B] contains 5 records; transferring to 'success'
[pool-1930-thread-1] INFO org.apache.nifi.processors.standard.ExecuteSQL - ExecuteSQL[id=91ab1b25-c8d5-4771-b924-c5677a3bc2e7] FlowFile[34,94797161880515.mockFlowFile,291B] contains 5 records; transferring to 'success'
[pool-1930-thread-1] INFO org.apache.nifi.processors.standard.ExecuteSQL - ExecuteSQL[id=91ab1b25-c8d5-4771-b924-c5677a3bc2e7] FlowFile[35,94797161880515.mockFlowFile,291B] contains 5 records; transferring to 'success'
[pool-1930-thread-1] INFO org.apache.nifi.processors.standard.ExecuteSQL - ExecuteSQL[id=91ab1b25-c8d5-4771-b924-c5677a3bc2e7] FlowFile[36,94797161880515.mockFlowFile,291B] contains 5 records; transferring to 'success'
[pool-1930-thread-1] INFO org.apache.nifi.processors.standard.ExecuteSQL - ExecuteSQL[id=91ab1b25-c8d5-4771-b924-c5677a3bc2e7] FlowFile[37,94797161880515.mockFlowFile,291B] contains 5 records; transferring to 'success'
[pool-1930-thread-1] INFO org.apache.nifi.processors.standard.ExecuteSQL - ExecuteSQL[id=91ab1b25-c8d5-4771-b924-c5677a3bc2e7] FlowFile[38,94797161880515.mockFlowFile,291B] contains 5 records; transferring to 'success'
[pool-1930-thread-1] INFO org.apache.nifi.processors.standard.ExecuteSQL - ExecuteSQL[id=91ab1b25-c8d5-4771-b924-c5677a3bc2e7] FlowFile[39,94797161880515.mockFlowFile,291B] contains 5 records; transferring to 'success'
[pool-1930-thread-1] INFO org.apache.nifi.processors.standard.ExecuteSQL - ExecuteSQL[id=91ab1b25-c8d5-4771-b924-c5677a3bc2e7] FlowFile[40,94797161880515.mockFlowFile,291B] contains 5 records; transferring to 'success'
[pool-1930-thread-1] INFO org.apache.nifi.processors.standard.ExecuteSQL - ExecuteSQL[id=91ab1b25-c8d5-4771-b924-c5677a3bc2e7] FlowFile[41,94797161880515.mockFlowFile,291B] contains 5 records; transferring to 'success'
[pool-1930-thread-1] INFO org.apache.nifi.processors.standard.ExecuteSQL - ExecuteSQL[id=91ab1b25-c8d5-4771-b924-c5677a3bc2e7] FlowFile[42,94797161880515.mockFlowFile,291B] contains 5 records; transferring to 'success'
[pool-1930-thread-1] INFO org.apache.nifi.processors.standard.ExecuteSQL - ExecuteSQL[id=91ab1b25-c8d5-4771-b924-c5677a3bc2e7] FlowFile[43,94797161880515.mockFlowFile,291B] contains 5 records; transferring to 'success'
[pool-1930-thread-1] INFO org.apache.nifi.processors.standard.ExecuteSQL - ExecuteSQL[id=91ab1b25-c8d5-4771-b924-c5677a3bc2e7] FlowFile[44,94797161880515.mockFlowFile,291B] contains 5 records; transferring to 'success'
[pool-1930-thread-1] INFO org.apache.nifi.processors.standard.ExecuteSQL - ExecuteSQL[id=91ab1b25-c8d5-4771-b924-c5677a3bc2e7] FlowFile[45,94797161880515.mockFlowFile,291B] contains 5 records; transferring to 'success'
[pool-1930-thread-1] INFO org.apache.nifi.processors.standard.ExecuteSQL - ExecuteSQL[id=91ab1b25-c8d5-4771-b924-c5677a3bc2e7] FlowFile[46,94797161880515.mockFlowFile,291B] contains 5 records; transferring to 'success'
[pool-1930-thread-1] INFO org.apache.nifi.processors.standard.ExecuteSQL - ExecuteSQL[id=91ab1b25-c8d5-4771-b924-c5677a3bc2e7] FlowFile[47,94797161880515.mockFlowFile,291B] contains 5 records; transferring to 'success'
[pool-1930-thread-1] INFO org.apache.nifi.processors.standard.ExecuteSQL - ExecuteSQL[id=91ab1b25-c8d5-4771-b924-c5677a3bc2e7] FlowFile[48,94797161880515.mockFlowFile,291B] contains 5 records; transferring to 'success'
[pool-1930-thread-1] INFO org.apache.nifi.processors.standard.ExecuteSQL - ExecuteSQL[id=91ab1b25-c8d5-4771-b924-c5677a3bc2e7] FlowFile[49,94797161880515.mockFlowFile,291B] contains 5 records; transferring to 'success'
[pool-1930-thread-1] INFO org.apache.nifi.processors.standard.ExecuteSQL - ExecuteSQL[id=91ab1b25-c8d5-4771-b924-c5677a3bc2e7] FlowFile[50,94797161880515.mockFlowFile,291B] contains 5 records; transferring to 'success'
[pool-1930-thread-1] INFO org.apache.nifi.processors.standard.ExecuteSQL - ExecuteSQL[id=91ab1b25-c8d5-4771-b924-c5677a3bc2e7] FlowFile[51,94797161880515.mockFlowFile,291B] contains 5 records; transferring to 'success'
[pool-1930-thread-1] INFO org.apache.nifi.processors.standard.ExecuteSQL - ExecuteSQL[id=91ab1b25-c8d5-4771-b924-c5677a3bc2e7] FlowFile[52,94797161880515.mockFlowFile,291B] contains 5 records; transferring to 'success'
[pool-1930-thread-1] INFO org.apache.nifi.processors.standard.ExecuteSQL - ExecuteSQL[id=91ab1b25-c8d5-4771-b924-c5677a3bc2e7] FlowFile[53,94797161880515.mockFlowFile,291B] contains 5 records; transferring to 'success'
[pool-1930-thread-1] INFO org.apache.nifi.processors.standard.ExecuteSQL - ExecuteSQL[id=91ab1b25-c8d5-4771-b924-c5677a3bc2e7] FlowFile[54,94797161880515.mockFlowFile,291B] contains 5 records; transferring to 'success'
[pool-1930-thread-1] INFO org.apache.nifi.processors.standard.ExecuteSQL - ExecuteSQL[id=91ab1b25-c8d5-4771-b924-c5677a3bc2e7] FlowFile[55,94797161880515.mockFlowFile,291B] contains 5 records; transferring to 'success'
[pool-1930-thread-1] INFO org.apache.nifi.processors.standard.ExecuteSQL - ExecuteSQL[id=91ab1b25-c8d5-4771-b924-c5677a3bc2e7] FlowFile[56,94797161880515.mockFlowFile,291B] contains 5 records; transferring to 'success'
[pool-1930-thread-1] INFO org.apache.nifi.processors.standard.ExecuteSQL - ExecuteSQL[id=91ab1b25-c8d5-4771-b924-c5677a3bc2e7] FlowFile[57,94797161880515.mockFlowFile,291B] contains 5 records; transferring to 'success'
[pool-1930-thread-1] INFO org.apache.nifi.processors.standard.ExecuteSQL - ExecuteSQL[id=91ab1b25-c8d5-4771-b924-c5677a3bc2e7] FlowFile[58,94797161880515.mockFlowFile,291B] contains 5 records; transferring to 'success'
[pool-1930-thread-1] INFO org.apache.nifi.processors.standard.ExecuteSQL - ExecuteSQL[id=91ab1b25-c8d5-4771-b924-c5677a3bc2e7] FlowFile[59,94797161880515.mockFlowFile,291B] contains 5 records; transferring to 'success'
[pool-1930-thread-1] INFO org.apache.nifi.processors.standard.ExecuteSQL - ExecuteSQL[id=91ab1b25-c8d5-4771-b924-c5677a3bc2e7] FlowFile[60,94797161880515.mockFlowFile,291B] contains 5 records; transferring to 'success'
[pool-1930-thread-1] INFO org.apache.nifi.processors.standard.ExecuteSQL - ExecuteSQL[id=91ab1b25-c8d5-4771-b924-c5677a3bc2e7] FlowFile[61,94797161880515.mockFlowFile,291B] contains 5 records; transferring to 'success'
[pool-1930-thread-1] INFO org.apache.nifi.processors.standard.ExecuteSQL - ExecuteSQL[id=91ab1b25-c8d5-4771-b924-c5677a3bc2e7] FlowFile[62,94797161880515.mockFlowFile,291B] contains 5 records; transferring to 'success'
[pool-1930-thread-1] INFO org.apache.nifi.processors.standard.ExecuteSQL - ExecuteSQL[id=91ab1b25-c8d5-4771-b924-c5677a3bc2e7] FlowFile[63,94797161880515.mockFlowFile,291B] contains 5 records; transferring to 'success'
[pool-1930-thread-1] INFO org.apache.nifi.processors.standard.ExecuteSQL - ExecuteSQL[id=91ab1b25-c8d5-4771-b924-c5677a3bc2e7] FlowFile[64,94797161880515.mockFlowFile,291B] contains 5 records; transferring to 'success'
[pool-1930-thread-1] INFO org.apache.nifi.processors.standard.ExecuteSQL - ExecuteSQL[id=91ab1b25-c8d5-4771-b924-c5677a3bc2e7] FlowFile[65,94797161880515.mockFlowFile,291B] contains 5 records; transferring to 'success'
[pool-1930-thread-1] INFO org.apache.nifi.processors.standard.ExecuteSQL - ExecuteSQL[id=91ab1b25-c8d5-4771-b924-c5677a3bc2e7] FlowFile[66,94797161880515.mockFlowFile,291B] contains 5 records; transferring to 'success'
[pool-1930-thread-1] INFO org.apache.nifi.processors.standard.ExecuteSQL - ExecuteSQL[id=91ab1b25-c8d5-4771-b924-c5677a3bc2e7] FlowFile[67,94797161880515.mockFlowFile,291B] contains 5 records; transferring to 'success'
[pool-1930-thread-1] INFO org.apache.nifi.processors.standard.ExecuteSQL - ExecuteSQL[id=91ab1b25-c8d5-4771-b924-c5677a3bc2e7] FlowFile[68,94797161880515.mockFlowFile,291B] contains 5 records; transferring to 'success'
[pool-1930-thread-1] INFO org.apache.nifi.processors.standard.ExecuteSQL - ExecuteSQL[id=91ab1b25-c8d5-4771-b924-c5677a3bc2e7] FlowFile[69,94797161880515.mockFlowFile,291B] contains 5 records; transferring to 'success'
[pool-1930-thread-1] INFO org.apache.nifi.processors.standard.ExecuteSQL - ExecuteSQL[id=91ab1b25-c8d5-4771-b924-c5677a3bc2e7] FlowFile[70,94797161880515.mockFlowFile,291B] contains 5 records; transferring to 'success'
[pool-1930-thread-1] INFO org.apache.nifi.processors.standard.ExecuteSQL - ExecuteSQL[id=91ab1b25-c8d5-4771-b924-c5677a3bc2e7] FlowFile[71,94797161880515.mockFlowFile,291B] contains 5 records; transferring to 'success'
[pool-1930-thread-1] INFO org.apache.nifi.processors.standard.ExecuteSQL - ExecuteSQL[id=91ab1b25-c8d5-4771-b924-c5677a3bc2e7] FlowFile[72,94797161880515.mockFlowFile,291B] contains 5 records; transferring to 'success'
[pool-1930-thread-1] INFO org.apache.nifi.processors.standard.ExecuteSQL - ExecuteSQL[id=91ab1b25-c8d5-4771-b924-c5677a3bc2e7] FlowFile[73,94797161880515.mockFlowFile,291B] contains 5 records; transferring to 'success'
[pool-1930-thread-1] INFO org.apache.nifi.processors.standard.ExecuteSQL - ExecuteSQL[id=91ab1b25-c8d5-4771-b924-c5677a3bc2e7] FlowFile[74,94797161880515.mockFlowFile,291B] contains 5 records; transferring to 'success'
[pool-1930-thread-1] INFO org.apache.nifi.processors.standard.ExecuteSQL - ExecuteSQL[id=91ab1b25-c8d5-4771-b924-c5677a3bc2e7] FlowFile[75,94797161880515.mockFlowFile,291B] contains 5 records; transferring to 'success'
[pool-1930-thread-1] INFO org.apache.nifi.processors.standard.ExecuteSQL - ExecuteSQL[id=91ab1b25-c8d5-4771-b924-c5677a3bc2e7] FlowFile[76,94797161880515.mockFlowFile,291B] contains 5 records; transferring to 'success'
[pool-1930-thread-1] INFO org.apache.nifi.processors.standard.ExecuteSQL - ExecuteSQL[id=91ab1b25-c8d5-4771-b924-c5677a3bc2e7] FlowFile[77,94797161880515.mockFlowFile,291B] contains 5 records; transferring to 'success'
[pool-1930-thread-1] INFO org.apache.nifi.processors.standard.ExecuteSQL - ExecuteSQL[id=91ab1b25-c8d5-4771-b924-c5677a3bc2e7] FlowFile[78,94797161880515.mockFlowFile,291B] contains 5 records; transferring to 'success'
[pool-1930-thread-1] INFO org.apache.nifi.processors.standard.ExecuteSQL - ExecuteSQL[id=91ab1b25-c8d5-4771-b924-c5677a3bc2e7] FlowFile[79,94797161880515.mockFlowFile,291B] contains 5 records; transferring to 'success'
[pool-1930-thread-1] INFO org.apache.nifi.processors.standard.ExecuteSQL - ExecuteSQL[id=91ab1b25-c8d5-4771-b924-c5677a3bc2e7] FlowFile[80,94797161880515.mockFlowFile,291B] contains 5 records; transferring to 'success'
[pool-1930-thread-1] INFO org.apache.nifi.processors.standard.ExecuteSQL - ExecuteSQL[id=91ab1b25-c8d5-4771-b924-c5677a3bc2e7] FlowFile[81,94797161880515.mockFlowFile,291B] contains 5 records; transferring to 'success'
[pool-1930-thread-1] INFO org.apache.nifi.processors.standard.ExecuteSQL - ExecuteSQL[id=91ab1b25-c8d5-4771-b924-c5677a3bc2e7] FlowFile[82,94797161880515.mockFlowFile,291B] contains 5 records; transferring to 'success'
[pool-1930-thread-1] INFO org.apache.nifi.processors.standard.ExecuteSQL - ExecuteSQL[id=91ab1b25-c8d5-4771-b924-c5677a3bc2e7] FlowFile[83,94797161880515.mockFlowFile,291B] contains 5 records; transferring to 'success'
[pool-1930-thread-1] INFO org.apache.nifi.processors.standard.ExecuteSQL - ExecuteSQL[id=91ab1b25-c8d5-4771-b924-c5677a3bc2e7] FlowFile[84,94797161880515.mockFlowFile,291B] contains 5 records; transferring to 'success'
[pool-1930-thread-1] INFO org.apache.nifi.processors.standard.ExecuteSQL - ExecuteSQL[id=91ab1b25-c8d5-4771-b924-c5677a3bc2e7] FlowFile[85,94797161880515.mockFlowFile,291B] contains 5 records; transferring to 'success'
[pool-1930-thread-1] INFO org.apache.nifi.processors.standard.ExecuteSQL - ExecuteSQL[id=91ab1b25-c8d5-4771-b924-c5677a3bc2e7] FlowFile[86,94797161880515.mockFlowFile,291B] contains 5 records; transferring to 'success'
[pool-1930-thread-1] INFO org.apache.nifi.processors.standard.ExecuteSQL - ExecuteSQL[id=91ab1b25-c8d5-4771-b924-c5677a3bc2e7] FlowFile[87,94797161880515.mockFlowFile,291B] contains 5 records; transferring to 'success'
[pool-1930-thread-1] INFO org.apache.nifi.processors.standard.ExecuteSQL - ExecuteSQL[id=91ab1b25-c8d5-4771-b924-c5677a3bc2e7] FlowFile[88,94797161880515.mockFlowFile,291B] contains 5 records; transferring to 'success'
[pool-1930-thread-1] INFO org.apache.nifi.processors.standard.ExecuteSQL - ExecuteSQL[id=91ab1b25-c8d5-4771-b924-c5677a3bc2e7] FlowFile[89,94797161880515.mockFlowFile,291B] contains 5 records; transferring to 'success'
[pool-1930-thread-1] INFO org.apache.nifi.processors.standard.ExecuteSQL - ExecuteSQL[id=91ab1b25-c8d5-4771-b924-c5677a3bc2e7] FlowFile[90,94797161880515.mockFlowFile,291B] contains 5 records; transferring to 'success'
[pool-1930-thread-1] INFO org.apache.nifi.processors.standard.ExecuteSQL - ExecuteSQL[id=91ab1b25-c8d5-4771-b924-c5677a3bc2e7] FlowFile[91,94797161880515.mockFlowFile,291B] contains 5 records; transferring to 'success'
[pool-1930-thread-1] INFO org.apache.nifi.processors.standard.ExecuteSQL - ExecuteSQL[id=91ab1b25-c8d5-4771-b924-c5677a3bc2e7] FlowFile[92,94797161880515.mockFlowFile,291B] contains 5 records; transferring to 'success'
[pool-1930-thread-1] INFO org.apache.nifi.processors.standard.ExecuteSQL - ExecuteSQL[id=91ab1b25-c8d5-4771-b924-c5677a3bc2e7] FlowFile[93,94797161880515.mockFlowFile,291B] contains 5 records; transferring to 'success'
[pool-1930-thread-1] INFO org.apache.nifi.processors.standard.ExecuteSQL - ExecuteSQL[id=91ab1b25-c8d5-4771-b924-c5677a3bc2e7] FlowFile[94,94797161880515.mockFlowFile,291B] contains 5 records; transferring to 'success'
[pool-1930-thread-1] INFO org.apache.nifi.processors.standard.ExecuteSQL - ExecuteSQL[id=91ab1b25-c8d5-4771-b924-c5677a3bc2e7] FlowFile[95,94797161880515.mockFlowFile,291B] contains 5 records; transferring to 'success'
[pool-1930-thread-1] INFO org.apache.nifi.processors.standard.ExecuteSQL - ExecuteSQL[id=91ab1b25-c8d5-4771-b924-c5677a3bc2e7] FlowFile[96,94797161880515.mockFlowFile,291B] contains 5 records; transferring to 'success'
[pool-1930-thread-1] INFO org.apache.nifi.processors.standard.ExecuteSQL - ExecuteSQL[id=91ab1b25-c8d5-4771-b924-c5677a3bc2e7] FlowFile[97,94797161880515.mockFlowFile,291B] contains 5 records; transferring to 'success'
[pool-1930-thread-1] INFO org.apache.nifi.processors.standard.ExecuteSQL - ExecuteSQL[id=91ab1b25-c8d5-4771-b924-c5677a3bc2e7] FlowFile[98,94797161880515.mockFlowFile,291B] contains 5 records; transferring to 'success'
[pool-1930-thread-1] INFO org.apache.nifi.processors.standard.ExecuteSQL - ExecuteSQL[id=91ab1b25-c8d5-4771-b924-c5677a3bc2e7] FlowFile[99,94797161880515.mockFlowFile,291B] contains 5 records; transferring to 'success'
[pool-1930-thread-1] INFO org.apache.nifi.processors.standard.ExecuteSQL - ExecuteSQL[id=91ab1b25-c8d5-4771-b924-c5677a3bc2e7] FlowFile[100,94797161880515.mockFlowFile,291B] contains 5 records; transferring to 'success'
[pool-1930-thread-1] INFO org.apache.nifi.processors.standard.ExecuteSQL - ExecuteSQL[id=91ab1b25-c8d5-4771-b924-c5677a3bc2e7] FlowFile[101,94797161880515.mockFlowFile,291B] contains 5 records; transferring to 'success'
[pool-1930-thread-1] INFO org.apache.nifi.processors.standard.ExecuteSQL - ExecuteSQL[id=91ab1b25-c8d5-4771-b924-c5677a3bc2e7] FlowFile[102,94797161880515.mockFlowFile,291B] contains 5 records; transferring to 'success'
[pool-1930-thread-1] INFO org.apache.nifi.processors.standard.ExecuteSQL - ExecuteSQL[id=91ab1b25-c8d5-4771-b924-c5677a3bc2e7] FlowFile[103,94797161880515.mockFlowFile,291B] contains 5 records; transferring to 'success'
[pool-1930-thread-1] INFO org.apache.nifi.processors.standard.ExecuteSQL - ExecuteSQL[id=91ab1b25-c8d5-4771-b924-c5677a3bc2e7] FlowFile[104,94797161880515.mockFlowFile,291B] contains 5 records; transferring to 'success'
[pool-1930-thread-1] INFO org.apache.nifi.processors.standard.ExecuteSQL - ExecuteSQL[id=91ab1b25-c8d5-4771-b924-c5677a3bc2e7] FlowFile[105,94797161880515.mockFlowFile,291B] contains 5 records; transferring to 'success'
[pool-1930-thread-1] INFO org.apache.nifi.processors.standard.ExecuteSQL - ExecuteSQL[id=91ab1b25-c8d5-4771-b924-c5677a3bc2e7] FlowFile[106,94797161880515.mockFlowFile,291B] contains 5 records; transferring to 'success'
[pool-1930-thread-1] INFO org.apache.nifi.processors.standard.ExecuteSQL - ExecuteSQL[id=91ab1b25-c8d5-4771-b924-c5677a3bc2e7] FlowFile[107,94797161880515.mockFlowFile,291B] contains 5 records; transferring to 'success'
[pool-1930-thread-1] INFO org.apache.nifi.processors.standard.ExecuteSQL - ExecuteSQL[id=91ab1b25-c8d5-4771-b924-c5677a3bc2e7] FlowFile[108,94797161880515.mockFlowFile,291B] contains 5 records; transferring to 'success'
[pool-1930-thread-1] INFO org.apache.nifi.processors.standard.ExecuteSQL - ExecuteSQL[id=91ab1b25-c8d5-4771-b924-c5677a3bc2e7] FlowFile[109,94797161880515.mockFlowFile,291B] contains 5 records; transferring to 'success'
[pool-1930-thread-1] INFO org.apache.nifi.processors.standard.ExecuteSQL - ExecuteSQL[id=91ab1b25-c8d5-4771-b924-c5677a3bc2e7] FlowFile[110,94797161880515.mockFlowFile,291B] contains 5 records; transferring to 'success'
[pool-1930-thread-1] INFO org.apache.nifi.processors.standard.ExecuteSQL - ExecuteSQL[id=91ab1b25-c8d5-4771-b924-c5677a3bc2e7] FlowFile[111,94797161880515.mockFlowFile,291B] contains 5 records; transferring to 'success'
[pool-1930-thread-1] INFO org.apache.nifi.processors.standard.ExecuteSQL - ExecuteSQL[id=91ab1b25-c8d5-4771-b924-c5677a3bc2e7] FlowFile[112,94797161880515.mockFlowFile,291B] contains 5 records; transferring to 'success'
[pool-1930-thread-1] INFO org.apache.nifi.processors.standard.ExecuteSQL - ExecuteSQL[id=91ab1b25-c8d5-4771-b924-c5677a3bc2e7] FlowFile[113,94797161880515.mockFlowFile,291B] contains 5 records; transferring to 'success'
[pool-1930-thread-1] INFO org.apache.nifi.processors.standard.ExecuteSQL - ExecuteSQL[id=91ab1b25-c8d5-4771-b924-c5677a3bc2e7] FlowFile[114,94797161880515.mockFlowFile,291B] contains 5 records; transferring to 'success'
[pool-1930-thread-1] INFO org.apache.nifi.processors.standard.ExecuteSQL - ExecuteSQL[id=91ab1b25-c8d5-4771-b924-c5677a3bc2e7] FlowFile[115,94797161880515.mockFlowFile,291B] contains 5 records; transferring to 'success'
[pool-1930-thread-1] INFO org.apache.nifi.processors.standard.ExecuteSQL - ExecuteSQL[id=91ab1b25-c8d5-4771-b924-c5677a3bc2e7] FlowFile[116,94797161880515.mockFlowFile,291B] contains 5 records; transferring to 'success'
[pool-1930-thread-1] INFO org.apache.nifi.processors.standard.ExecuteSQL - ExecuteSQL[id=91ab1b25-c8d5-4771-b924-c5677a3bc2e7] FlowFile[117,94797161880515.mockFlowFile,291B] contains 5 records; transferring to 'success'
[pool-1930-thread-1] INFO org.apache.nifi.processors.standard.ExecuteSQL - ExecuteSQL[id=91ab1b25-c8d5-4771-b924-c5677a3bc2e7] FlowFile[118,94797161880515.mockFlowFile,291B] contains 5 records; transferring to 'success'
[pool-1930-thread-1] INFO org.apache.nifi.processors.standard.ExecuteSQL - ExecuteSQL[id=91ab1b25-c8d5-4771-b924-c5677a3bc2e7] FlowFile[119,94797161880515.mockFlowFile,291B] contains 5 records; transferring to 'success'
[pool-1930-thread-1] INFO org.apache.nifi.processors.standard.ExecuteSQL - ExecuteSQL[id=91ab1b25-c8d5-4771-b924-c5677a3bc2e7] FlowFile[120,94797161880515.mockFlowFile,291B] contains 5 records; transferring to 'success'
[pool-1930-thread-1] INFO org.apache.nifi.processors.standard.ExecuteSQL - ExecuteSQL[id=91ab1b25-c8d5-4771-b924-c5677a3bc2e7] FlowFile[121,94797161880515.mockFlowFile,291B] contains 5 records; transferring to 'success'
[pool-1930-thread-1] INFO org.apache.nifi.processors.standard.ExecuteSQL - ExecuteSQL[id=91ab1b25-c8d5-4771-b924-c5677a3bc2e7] FlowFile[122,94797161880515.mockFlowFile,291B] contains 5 records; transferring to 'success'
[pool-1930-thread-1] INFO org.apache.nifi.processors.standard.ExecuteSQL - ExecuteSQL[id=91ab1b25-c8d5-4771-b924-c5677a3bc2e7] FlowFile[123,94797161880515.mockFlowFile,291B] contains 5 records; transferring to 'success'
[pool-1930-thread-1] INFO org.apache.nifi.processors.standard.ExecuteSQL - ExecuteSQL[id=91ab1b25-c8d5-4771-b924-c5677a3bc2e7] FlowFile[124,94797161880515.mockFlowFile,291B] contains 5 records; transferring to 'success'
[pool-1930-thread-1] INFO org.apache.nifi.processors.standard.ExecuteSQL - ExecuteSQL[id=91ab1b25-c8d5-4771-b924-c5677a3bc2e7] FlowFile[125,94797161880515.mockFlowFile,291B] contains 5 records; transferring to 'success'
[pool-1930-thread-1] INFO org.apache.nifi.processors.standard.ExecuteSQL - ExecuteSQL[id=91ab1b25-c8d5-4771-b924-c5677a3bc2e7] FlowFile[126,94797161880515.mockFlowFile,291B] contains 5 records; transferring to 'success'
[pool-1930-thread-1] INFO org.apache.nifi.processors.standard.ExecuteSQL - ExecuteSQL[id=91ab1b25-c8d5-4771-b924-c5677a3bc2e7] FlowFile[127,94797161880515.mockFlowFile,291B] contains 5 records; transferring to 'success'
[pool-1930-thread-1] INFO org.apache.nifi.processors.standard.ExecuteSQL - ExecuteSQL[id=91ab1b25-c8d5-4771-b924-c5677a3bc2e7] FlowFile[128,94797161880515.mockFlowFile,291B] contains 5 records; transferring to 'success'
[pool-1930-thread-1] INFO org.apache.nifi.processors.standard.ExecuteSQL - ExecuteSQL[id=91ab1b25-c8d5-4771-b924-c5677a3bc2e7] FlowFile[129,94797161880515.mockFlowFile,291B] contains 5 records; transferring to 'success'
[pool-1930-thread-1] INFO org.apache.nifi.processors.standard.ExecuteSQL - ExecuteSQL[id=91ab1b25-c8d5-4771-b924-c5677a3bc2e7] FlowFile[130,94797161880515.mockFlowFile,291B] contains 5 records; transferring to 'success'
[pool-1930-thread-1] INFO org.apache.nifi.processors.standard.ExecuteSQL - ExecuteSQL[id=91ab1b25-c8d5-4771-b924-c5677a3bc2e7] FlowFile[131,94797161880515.mockFlowFile,291B] contains 5 records; transferring to 'success'
[pool-1930-thread-1] INFO org.apache.nifi.processors.standard.ExecuteSQL - ExecuteSQL[id=91ab1b25-c8d5-4771-b924-c5677a3bc2e7] FlowFile[132,94797161880515.mockFlowFile,291B] contains 5 records; transferring to 'success'
[pool-1930-thread-1] INFO org.apache.nifi.processors.standard.ExecuteSQL - ExecuteSQL[id=91ab1b25-c8d5-4771-b924-c5677a3bc2e7] FlowFile[133,94797161880515.mockFlowFile,291B] contains 5 records; transferring to 'success'
[pool-1930-thread-1] INFO org.apache.nifi.processors.standard.ExecuteSQL - ExecuteSQL[id=91ab1b25-c8d5-4771-b924-c5677a3bc2e7] FlowFile[134,94797161880515.mockFlowFile,291B] contains 5 records; transferring to 'success'
[pool-1930-thread-1] INFO org.apache.nifi.processors.standard.ExecuteSQL - ExecuteSQL[id=91ab1b25-c8d5-4771-b924-c5677a3bc2e7] FlowFile[135,94797161880515.mockFlowFile,291B] contains 5 records; transferring to 'success'
[pool-1930-thread-1] INFO org.apache.nifi.processors.standard.ExecuteSQL - ExecuteSQL[id=91ab1b25-c8d5-4771-b924-c5677a3bc2e7] FlowFile[136,94797161880515.mockFlowFile,291B] contains 5 records; transferring to 'success'
[pool-1930-thread-1] INFO org.apache.nifi.processors.standard.ExecuteSQL - ExecuteSQL[id=91ab1b25-c8d5-4771-b924-c5677a3bc2e7] FlowFile[137,94797161880515.mockFlowFile,291B] contains 5 records; transferring to 'success'
[pool-1930-thread-1] INFO org.apache.nifi.processors.standard.ExecuteSQL - ExecuteSQL[id=91ab1b25-c8d5-4771-b924-c5677a3bc2e7] FlowFile[138,94797161880515.mockFlowFile,291B] contains 5 records; transferring to 'success'
[pool-1930-thread-1] INFO org.apache.nifi.processors.standard.ExecuteSQL - ExecuteSQL[id=91ab1b25-c8d5-4771-b924-c5677a3bc2e7] FlowFile[139,94797161880515.mockFlowFile,291B] contains 5 records; transferring to 'success'
[pool-1930-thread-1] INFO org.apache.nifi.processors.standard.ExecuteSQL - ExecuteSQL[id=91ab1b25-c8d5-4771-b924-c5677a3bc2e7] FlowFile[140,94797161880515.mockFlowFile,291B] contains 5 records; transferring to 'success'
[pool-1930-thread-1] INFO org.apache.nifi.processors.standard.ExecuteSQL - ExecuteSQL[id=91ab1b25-c8d5-4771-b924-c5677a3bc2e7] FlowFile[141,94797161880515.mockFlowFile,291B] contains 5 records; transferring to 'success'
[pool-1930-thread-1] INFO org.apache.nifi.processors.standard.ExecuteSQL - ExecuteSQL[id=91ab1b25-c8d5-4771-b924-c5677a3bc2e7] FlowFile[142,94797161880515.mockFlowFile,291B] contains 5 records; transferring to 'success'
[pool-1930-thread-1] INFO org.apache.nifi.processors.standard.ExecuteSQL - ExecuteSQL[id=91ab1b25-c8d5-4771-b924-c5677a3bc2e7] FlowFile[143,94797161880515.mockFlowFile,291B] contains 5 records; transferring to 'success'
[pool-1930-thread-1] INFO org.apache.nifi.processors.standard.ExecuteSQL - ExecuteSQL[id=91ab1b25-c8d5-4771-b924-c5677a3bc2e7] FlowFile[144,94797161880515.mockFlowFile,291B] contains 5 records; transferring to 'success'
[pool-1930-thread-1] INFO org.apache.nifi.processors.standard.ExecuteSQL - ExecuteSQL[id=91ab1b25-c8d5-4771-b924-c5677a3bc2e7] FlowFile[145,94797161880515.mockFlowFile,291B] contains 5 records; transferring to 'success'
[pool-1930-thread-1] INFO org.apache.nifi.processors.standard.ExecuteSQL - ExecuteSQL[id=91ab1b25-c8d5-4771-b924-c5677a3bc2e7] FlowFile[146,94797161880515.mockFlowFile,291B] contains 5 records; transferring to 'success'
[pool-1930-thread-1] INFO org.apache.nifi.processors.standard.ExecuteSQL - ExecuteSQL[id=91ab1b25-c8d5-4771-b924-c5677a3bc2e7] FlowFile[147,94797161880515.mockFlowFile,291B] contains 5 records; transferring to 'success'
[pool-1930-thread-1] INFO org.apache.nifi.processors.standard.ExecuteSQL - ExecuteSQL[id=91ab1b25-c8d5-4771-b924-c5677a3bc2e7] FlowFile[148,94797161880515.mockFlowFile,291B] contains 5 records; transferring to 'success'
[pool-1930-thread-1] INFO org.apache.nifi.processors.standard.ExecuteSQL - ExecuteSQL[id=91ab1b25-c8d5-4771-b924-c5677a3bc2e7] FlowFile[149,94797161880515.mockFlowFile,291B] contains 5 records; transferring to 'success'
[pool-1930-thread-1] INFO org.apache.nifi.processors.standard.ExecuteSQL - ExecuteSQL[id=91ab1b25-c8d5-4771-b924-c5677a3bc2e7] FlowFile[150,94797161880515.mockFlowFile,291B] contains 5 records; transferring to 'success'
[pool-1930-thread-1] INFO org.apache.nifi.processors.standard.ExecuteSQL - ExecuteSQL[id=91ab1b25-c8d5-4771-b924-c5677a3bc2e7] FlowFile[151,94797161880515.mockFlowFile,291B] contains 5 records; transferring to 'success'
[pool-1930-thread-1] INFO org.apache.nifi.processors.standard.ExecuteSQL - ExecuteSQL[id=91ab1b25-c8d5-4771-b924-c5677a3bc2e7] FlowFile[152,94797161880515.mockFlowFile,291B] contains 5 records; transferring to 'success'
[pool-1930-thread-1] INFO org.apache.nifi.processors.standard.ExecuteSQL - ExecuteSQL[id=91ab1b25-c8d5-4771-b924-c5677a3bc2e7] FlowFile[153,94797161880515.mockFlowFile,291B] contains 5 records; transferring to 'success'
[pool-1930-thread-1] INFO org.apache.nifi.processors.standard.ExecuteSQL - ExecuteSQL[id=91ab1b25-c8d5-4771-b924-c5677a3bc2e7] FlowFile[154,94797161880515.mockFlowFile,291B] contains 5 records; transferring to 'success'
[pool-1930-thread-1] INFO org.apache.nifi.processors.standard.ExecuteSQL - ExecuteSQL[id=91ab1b25-c8d5-4771-b924-c5677a3bc2e7] FlowFile[155,94797161880515.mockFlowFile,291B] contains 5 records; transferring to 'success'
[pool-1930-thread-1] INFO org.apache.nifi.processors.standard.ExecuteSQL - ExecuteSQL[id=91ab1b25-c8d5-4771-b924-c5677a3bc2e7] FlowFile[156,94797161880515.mockFlowFile,291B] contains 5 records; transferring to 'success'
[pool-1930-thread-1] INFO org.apache.nifi.processors.standard.ExecuteSQL - ExecuteSQL[id=91ab1b25-c8d5-4771-b924-c5677a3bc2e7] FlowFile[157,94797161880515.mockFlowFile,291B] contains 5 records; transferring to 'success'
[pool-1930-thread-1] INFO org.apache.nifi.processors.standard.ExecuteSQL - ExecuteSQL[id=91ab1b25-c8d5-4771-b924-c5677a3bc2e7] FlowFile[158,94797161880515.mockFlowFile,291B] contains 5 records; transferring to 'success'
[pool-1930-thread-1] INFO org.apache.nifi.processors.standard.ExecuteSQL - ExecuteSQL[id=91ab1b25-c8d5-4771-b924-c5677a3bc2e7] FlowFile[159,94797161880515.mockFlowFile,291B] contains 5 records; transferring to 'success'
[pool-1930-thread-1] INFO org.apache.nifi.processors.standard.ExecuteSQL - ExecuteSQL[id=91ab1b25-c8d5-4771-b924-c5677a3bc2e7] FlowFile[160,94797161880515.mockFlowFile,291B] contains 5 records; transferring to 'success'
[pool-1930-thread-1] INFO org.apache.nifi.processors.standard.ExecuteSQL - ExecuteSQL[id=91ab1b25-c8d5-4771-b924-c5677a3bc2e7] FlowFile[161,94797161880515.mockFlowFile,291B] contains 5 records; transferring to 'success'
[pool-1930-thread-1] INFO org.apache.nifi.processors.standard.ExecuteSQL - ExecuteSQL[id=91ab1b25-c8d5-4771-b924-c5677a3bc2e7] FlowFile[162,94797161880515.mockFlowFile,291B] contains 5 records; transferring to 'success'
[pool-1930-thread-1] INFO org.apache.nifi.processors.standard.ExecuteSQL - ExecuteSQL[id=91ab1b25-c8d5-4771-b924-c5677a3bc2e7] FlowFile[163,94797161880515.mockFlowFile,291B] contains 5 records; transferring to 'success'
[pool-1930-thread-1] INFO org.apache.nifi.processors.standard.ExecuteSQL - ExecuteSQL[id=91ab1b25-c8d5-4771-b924-c5677a3bc2e7] FlowFile[164,94797161880515.mockFlowFile,291B] contains 5 records; transferring to 'success'
[pool-1930-thread-1] INFO org.apache.nifi.processors.standard.ExecuteSQL - ExecuteSQL[id=91ab1b25-c8d5-4771-b924-c5677a3bc2e7] FlowFile[165,94797161880515.mockFlowFile,291B] contains 5 records; transferring to 'success'
[pool-1930-thread-1] INFO org.apache.nifi.processors.standard.ExecuteSQL - ExecuteSQL[id=91ab1b25-c8d5-4771-b924-c5677a3bc2e7] FlowFile[166,94797161880515.mockFlowFile,291B] contains 5 records; transferring to 'success'
[pool-1930-thread-1] INFO org.apache.nifi.processors.standard.ExecuteSQL - ExecuteSQL[id=91ab1b25-c8d5-4771-b924-c5677a3bc2e7] FlowFile[167,94797161880515.mockFlowFile,291B] contains 5 records; transferring to 'success'
[pool-1930-thread-1] INFO org.apache.nifi.processors.standard.ExecuteSQL - ExecuteSQL[id=91ab1b25-c8d5-4771-b924-c5677a3bc2e7] FlowFile[168,94797161880515.mockFlowFile,291B] contains 5 records; transferring to 'success'
[pool-1930-thread-1] INFO org.apache.nifi.processors.standard.ExecuteSQL - ExecuteSQL[id=91ab1b25-c8d5-4771-b924-c5677a3bc2e7] FlowFile[169,94797161880515.mockFlowFile,291B] contains 5 records; transferring to 'success'
[pool-1930-thread-1] INFO org.apache.nifi.processors.standard.ExecuteSQL - ExecuteSQL[id=91ab1b25-c8d5-4771-b924-c5677a3bc2e7] FlowFile[170,94797161880515.mockFlowFile,291B] contains 5 records; transferring to 'success'
[pool-1930-thread-1] INFO org.apache.nifi.processors.standard.ExecuteSQL - ExecuteSQL[id=91ab1b25-c8d5-4771-b924-c5677a3bc2e7] FlowFile[171,94797161880515.mockFlowFile,291B] contains 5 records; transferring to 'success'
[pool-1930-thread-1] INFO org.apache.nifi.processors.standard.ExecuteSQL - ExecuteSQL[id=91ab1b25-c8d5-4771-b924-c5677a3bc2e7] FlowFile[172,94797161880515.mockFlowFile,291B] contains 5 records; transferring to 'success'
[pool-1930-thread-1] INFO org.apache.nifi.processors.standard.ExecuteSQL - ExecuteSQL[id=91ab1b25-c8d5-4771-b924-c5677a3bc2e7] FlowFile[173,94797161880515.mockFlowFile,291B] contains 5 records; transferring to 'success'
[pool-1930-thread-1] INFO org.apache.nifi.processors.standard.ExecuteSQL - ExecuteSQL[id=91ab1b25-c8d5-4771-b924-c5677a3bc2e7] FlowFile[174,94797161880515.mockFlowFile,291B] contains 5 records; transferring to 'success'
[pool-1930-thread-1] INFO org.apache.nifi.processors.standard.ExecuteSQL - ExecuteSQL[id=91ab1b25-c8d5-4771-b924-c5677a3bc2e7] FlowFile[175,94797161880515.mockFlowFile,291B] contains 5 records; transferring to 'success'
[pool-1930-thread-1] INFO org.apache.nifi.processors.standard.ExecuteSQL - ExecuteSQL[id=91ab1b25-c8d5-4771-b924-c5677a3bc2e7] FlowFile[176,94797161880515.mockFlowFile,291B] contains 5 records; transferring to 'success'
[pool-1930-thread-1] INFO org.apache.nifi.processors.standard.ExecuteSQL - ExecuteSQL[id=91ab1b25-c8d5-4771-b924-c5677a3bc2e7] FlowFile[177,94797161880515.mockFlowFile,291B] contains 5 records; transferring to 'success'
[pool-1930-thread-1] INFO org.apache.nifi.processors.standard.ExecuteSQL - ExecuteSQL[id=91ab1b25-c8d5-4771-b924-c5677a3bc2e7] FlowFile[178,94797161880515.mockFlowFile,291B] contains 5 records; transferring to 'success'
[pool-1930-thread-1] INFO org.apache.nifi.processors.standard.ExecuteSQL - ExecuteSQL[id=91ab1b25-c8d5-4771-b924-c5677a3bc2e7] FlowFile[179,94797161880515.mockFlowFile,291B] contains 5 records; transferring to 'success'
[pool-1930-thread-1] INFO org.apache.nifi.processors.standard.ExecuteSQL - ExecuteSQL[id=91ab1b25-c8d5-4771-b924-c5677a3bc2e7] FlowFile[180,94797161880515.mockFlowFile,291B] contains 5 records; transferring to 'success'
[pool-1930-thread-1] INFO org.apache.nifi.processors.standard.ExecuteSQL - ExecuteSQL[id=91ab1b25-c8d5-4771-b924-c5677a3bc2e7] FlowFile[181,94797161880515.mockFlowFile,291B] contains 5 records; transferring to 'success'
[pool-1930-thread-1] INFO org.apache.nifi.processors.standard.ExecuteSQL - ExecuteSQL[id=91ab1b25-c8d5-4771-b924-c5677a3bc2e7] FlowFile[182,94797161880515.mockFlowFile,291B] contains 5 records; transferring to 'success'
[pool-1930-thread-1] INFO org.apache.nifi.processors.standard.ExecuteSQL - ExecuteSQL[id=91ab1b25-c8d5-4771-b924-c5677a3bc2e7] FlowFile[183,94797161880515.mockFlowFile,291B] contains 5 records; transferring to 'success'
[pool-1930-thread-1] INFO org.apache.nifi.processors.standard.ExecuteSQL - ExecuteSQL[id=91ab1b25-c8d5-4771-b924-c5677a3bc2e7] FlowFile[184,94797161880515.mockFlowFile,291B] contains 5 records; transferring to 'success'
[pool-1930-thread-1] INFO org.apache.nifi.processors.standard.ExecuteSQL - ExecuteSQL[id=91ab1b25-c8d5-4771-b924-c5677a3bc2e7] FlowFile[185,94797161880515.mockFlowFile,291B] contains 5 records; transferring to 'success'
[pool-1930-thread-1] INFO org.apache.nifi.processors.standard.ExecuteSQL - ExecuteSQL[id=91ab1b25-c8d5-4771-b924-c5677a3bc2e7] FlowFile[186,94797161880515.mockFlowFile,291B] contains 5 records; transferring to 'success'
[pool-1930-thread-1] INFO org.apache.nifi.processors.standard.ExecuteSQL - ExecuteSQL[id=91ab1b25-c8d5-4771-b924-c5677a3bc2e7] FlowFile[187,94797161880515.mockFlowFile,291B] contains 5 records; transferring to 'success'
[pool-1930-thread-1] INFO org.apache.nifi.processors.standard.ExecuteSQL - ExecuteSQL[id=91ab1b25-c8d5-4771-b924-c5677a3bc2e7] FlowFile[188,94797161880515.mockFlowFile,291B] contains 5 records; transferring to 'success'
[pool-1930-thread-1] INFO org.apache.nifi.processors.standard.ExecuteSQL - ExecuteSQL[id=91ab1b25-c8d5-4771-b924-c5677a3bc2e7] FlowFile[189,94797161880515.mockFlowFile,291B] contains 5 records; transferring to 'success'
[pool-1930-thread-1] INFO org.apache.nifi.processors.standard.ExecuteSQL - ExecuteSQL[id=91ab1b25-c8d5-4771-b924-c5677a3bc2e7] FlowFile[190,94797161880515.mockFlowFile,291B] contains 5 records; transferring to 'success'
[pool-1930-thread-1] INFO org.apache.nifi.processors.standard.ExecuteSQL - ExecuteSQL[id=91ab1b25-c8d5-4771-b924-c5677a3bc2e7] FlowFile[191,94797161880515.mockFlowFile,291B] contains 5 records; transferring to 'success'
[pool-1930-thread-1] INFO org.apache.nifi.processors.standard.ExecuteSQL - ExecuteSQL[id=91ab1b25-c8d5-4771-b924-c5677a3bc2e7] FlowFile[192,94797161880515.mockFlowFile,291B] contains 5 records; transferring to 'success'
[pool-1930-thread-1] INFO org.apache.nifi.processors.standard.ExecuteSQL - ExecuteSQL[id=91ab1b25-c8d5-4771-b924-c5677a3bc2e7] FlowFile[193,94797161880515.mockFlowFile,291B] contains 5 records; transferring to 'success'
[pool-1930-thread-1] INFO org.apache.nifi.processors.standard.ExecuteSQL - ExecuteSQL[id=91ab1b25-c8d5-4771-b924-c5677a3bc2e7] FlowFile[194,94797161880515.mockFlowFile,291B] contains 5 records; transferring to 'success'
[pool-1930-thread-1] INFO org.apache.nifi.processors.standard.ExecuteSQL - ExecuteSQL[id=91ab1b25-c8d5-4771-b924-c5677a3bc2e7] FlowFile[195,94797161880515.mockFlowFile,291B] contains 5 records; transferring to 'success'
[pool-1930-thread-1] INFO org.apache.nifi.processors.standard.ExecuteSQL - ExecuteSQL[id=91ab1b25-c8d5-4771-b924-c5677a3bc2e7] FlowFile[196,94797161880515.mockFlowFile,291B] contains 5 records; transferring to 'success'
[pool-1930-thread-1] INFO org.apache.nifi.processors.standard.ExecuteSQL - ExecuteSQL[id=91ab1b25-c8d5-4771-b924-c5677a3bc2e7] FlowFile[197,94797161880515.mockFlowFile,291B] contains 5 records; transferring to 'success'
[pool-1930-thread-1] INFO org.apache.nifi.processors.standard.ExecuteSQL - ExecuteSQL[id=91ab1b25-c8d5-4771-b924-c5677a3bc2e7] FlowFile[198,94797161880515.mockFlowFile,291B] contains 5 records; transferring to 'success'
[pool-1930-thread-1] INFO org.apache.nifi.processors.standard.ExecuteSQL - ExecuteSQL[id=91ab1b25-c8d5-4771-b924-c5677a3bc2e7] FlowFile[199,94797161880515.mockFlowFile,291B] contains 5 records; transferring to 'success'
[pool-1930-thread-1] INFO org.apache.nifi.processors.standard.ExecuteSQL - ExecuteSQL[id=91ab1b25-c8d5-4771-b924-c5677a3bc2e7] FlowFile[200,94797161880515.mockFlowFile,291B] contains 5 records; transferring to 'success'
]]></system-err>
  </testcase>
  <testcase name="testWithSqlExceptionErrorProcessingResultSet" classname="org.apache.nifi.processors.standard.TestExecuteSQL" time="0.009">
    <system-err><![CDATA[[pool-1931-thread-1] DEBUG org.apache.nifi.processors.standard.ExecuteSQL - ExecuteSQL[id=2c895056-1a27-473f-8270-bd2486f34eaa] Executing query SELECT 1
[pool-1931-thread-1] ERROR org.apache.nifi.processors.standard.ExecuteSQL - ExecuteSQL[id=2c895056-1a27-473f-8270-bd2486f34eaa] Unable to execute SQL select query SELECT 1 for FlowFile[0,94797191524563.mockFlowFile,8B] due to org.apache.nifi.processor.exception.ProcessException: java.sql.SQLException: test execute statement failed; routing to failure: org.apache.nifi.processor.exception.ProcessException: java.sql.SQLException: test execute statement failed
org.apache.nifi.processor.exception.ProcessException: java.sql.SQLException: test execute statement failed
	at org.apache.nifi.processors.standard.sql.DefaultAvroSqlWriter.writeResultSet(DefaultAvroSqlWriter.java:51)
	at org.apache.nifi.processors.standard.AbstractExecuteSQL.lambda$onTrigger$1(AbstractExecuteSQL.java:302)
	at org.apache.nifi.util.MockProcessSession.write(MockProcessSession.java:907)
	at org.apache.nifi.util.MockProcessSession.write(MockProcessSession.java:67)
	at org.apache.nifi.processors.standard.AbstractExecuteSQL.onTrigger(AbstractExecuteSQL.java:300)
	at org.apache.nifi.processor.AbstractProcessor.onTrigger(AbstractProcessor.java:27)
	at org.apache.nifi.util.StandardProcessorTestRunner$RunProcessor.call(StandardProcessorTestRunner.java:284)
	at org.apache.nifi.util.StandardProcessorTestRunner$RunProcessor.call(StandardProcessorTestRunner.java:278)
	at java.util.concurrent.FutureTask.run(FutureTask.java:266)
	at java.util.concurrent.ScheduledThreadPoolExecutor$ScheduledFutureTask.access$201(ScheduledThreadPoolExecutor.java:180)
	at java.util.concurrent.ScheduledThreadPoolExecutor$ScheduledFutureTask.run(ScheduledThreadPoolExecutor.java:293)
	at java.util.concurrent.ThreadPoolExecutor.runWorker(ThreadPoolExecutor.java:1149)
	at java.util.concurrent.ThreadPoolExecutor$Worker.run(ThreadPoolExecutor.java:624)
	at java.lang.Thread.run(Thread.java:750)
Caused by: java.sql.SQLException: test execute statement failed
	at org.apache.nifi.util.db.JdbcCommon.createSchema(JdbcCommon.java:497)
	at org.apache.nifi.util.db.JdbcCommon.convertToAvroStream(JdbcCommon.java:251)
	at org.apache.nifi.processors.standard.sql.DefaultAvroSqlWriter.writeResultSet(DefaultAvroSqlWriter.java:49)
	... 13 more
]]></system-err>
  </testcase>
  <testcase name="testIncomingConnectionWithNoFlowFileAndNoQuery" classname="org.apache.nifi.processors.standard.TestExecuteSQL" time="0.001"/>
  <testcase name="testQueryTimeout" classname="org.apache.nifi.processors.standard.TestExecuteSQL" time="0.824">
    <system-out><![CDATA[JCIDDEH 
DDABGCFD IHJIGJ
EEJHJ C
]]></system-out>
    <system-err><![CDATA[[main] INFO org.apache.nifi.processors.standard.TestExecuteSQL - test data loaded
[pool-1933-thread-1] DEBUG org.apache.nifi.processors.standard.ExecuteSQL - ExecuteSQL[id=dd00196c-9162-4bf3-af65-e8cbca835539] Executing query select   PER.ID as PersonId, PER.NAME as PersonName, PER.CODE as PersonCode, PRD.ID as ProductId,PRD.NAME as ProductName,PRD.CODE as ProductCode, REL.ID as RelId,    REL.NAME as RelName,    REL.CODE as RelCode, ROW_NUMBER() OVER () as rownr  from persons PER, products PRD, relationships REL where PER.ID = 10
[pool-1933-thread-1] INFO org.apache.nifi.processors.standard.ExecuteSQL - ExecuteSQL[id=dd00196c-9162-4bf3-af65-e8cbca835539] FlowFile[1,94797889542571.mockFlowFile,1174898B] contains 20000 records; transferring to 'success'
[main] INFO org.apache.nifi.processors.standard.TestExecuteSQL - total nr of records from stream: 20000
]]></system-err>
  </testcase>
  <testcase name="testPreQueryFail" classname="org.apache.nifi.processors.standard.TestExecuteSQL" time="0.025">
    <system-err><![CDATA[[pool-1934-thread-1] ERROR org.apache.nifi.processors.standard.ExecuteSQL - ExecuteSQL[id=2c4ba7ef-d260-452a-a7b9-ab934212d562] Unable to execute SQL select query CALL SYSCS_UTIL.SYSCS_SET_RUNTIMESTATISTICS() for FlowFile[0,94798041523424.mockFlowFile,4B] due to java.sql.SQLSyntaxErrorException: 'SYSCS_UTIL.SYSCS_SET_RUNTIMESTATISTICS' is not recognized as a function or procedure.; routing to failure: java.sql.SQLSyntaxErrorException: 'SYSCS_UTIL.SYSCS_SET_RUNTIMESTATISTICS' is not recognized as a function or procedure.
java.sql.SQLSyntaxErrorException: 'SYSCS_UTIL.SYSCS_SET_RUNTIMESTATISTICS' is not recognized as a function or procedure.
	at org.apache.derby.impl.jdbc.SQLExceptionFactory.getSQLException(Unknown Source)
	at org.apache.derby.impl.jdbc.Util.generateCsSQLException(Unknown Source)
	at org.apache.derby.impl.jdbc.TransactionResourceImpl.wrapInSQLException(Unknown Source)
	at org.apache.derby.impl.jdbc.TransactionResourceImpl.handleException(Unknown Source)
	at org.apache.derby.impl.jdbc.EmbedConnection.handleException(Unknown Source)
	at org.apache.derby.impl.jdbc.ConnectionChild.handleException(Unknown Source)
	at org.apache.derby.impl.jdbc.EmbedStatement.execute(Unknown Source)
	at org.apache.derby.impl.jdbc.EmbedStatement.execute(Unknown Source)
	at org.apache.nifi.processors.standard.AbstractExecuteSQL.executeConfigStatements(AbstractExecuteSQL.java:464)
	at org.apache.nifi.processors.standard.AbstractExecuteSQL.onTrigger(AbstractExecuteSQL.java:252)
	at org.apache.nifi.processor.AbstractProcessor.onTrigger(AbstractProcessor.java:27)
	at org.apache.nifi.util.StandardProcessorTestRunner$RunProcessor.call(StandardProcessorTestRunner.java:284)
	at org.apache.nifi.util.StandardProcessorTestRunner$RunProcessor.call(StandardProcessorTestRunner.java:278)
	at java.util.concurrent.FutureTask.run(FutureTask.java:266)
	at java.util.concurrent.ScheduledThreadPoolExecutor$ScheduledFutureTask.access$201(ScheduledThreadPoolExecutor.java:180)
	at java.util.concurrent.ScheduledThreadPoolExecutor$ScheduledFutureTask.run(ScheduledThreadPoolExecutor.java:293)
	at java.util.concurrent.ThreadPoolExecutor.runWorker(ThreadPoolExecutor.java:1149)
	at java.util.concurrent.ThreadPoolExecutor$Worker.run(ThreadPoolExecutor.java:624)
	at java.lang.Thread.run(Thread.java:750)
Caused by: ERROR 42Y03: 'SYSCS_UTIL.SYSCS_SET_RUNTIMESTATISTICS' is not recognized as a function or procedure.
	at org.apache.derby.iapi.error.StandardException.newException(Unknown Source)
	at org.apache.derby.iapi.error.StandardException.newException(Unknown Source)
	at org.apache.derby.impl.sql.compile.StaticMethodCallNode.bindExpressionMinion(Unknown Source)
	at org.apache.derby.impl.sql.compile.StaticMethodCallNode.bindExpression(Unknown Source)
	at org.apache.derby.impl.sql.compile.JavaToSQLValueNode.bindExpression(Unknown Source)
	at org.apache.derby.impl.sql.compile.CallStatementNode.bindStatement(Unknown Source)
	at org.apache.derby.impl.sql.GenericStatement.prepMinion(Unknown Source)
	at org.apache.derby.impl.sql.GenericStatement.prepare(Unknown Source)
	at org.apache.derby.impl.sql.conn.GenericLanguageConnectionContext.prepareInternalStatement(Unknown Source)
	... 13 more
]]></system-err>
  </testcase>
  <testcase name="testIncomingConnectionWithNoFlowFile" classname="org.apache.nifi.processors.standard.TestExecuteSQL" time="0.001"/>
  <testcase name="testWithNullIntColumn" classname="org.apache.nifi.processors.standard.TestExecuteSQL" time="0.022">
    <system-err><![CDATA[[pool-1936-thread-1] DEBUG org.apache.nifi.processors.standard.ExecuteSQL - ExecuteSQL[id=f253232b-8dbf-4b8d-b9cc-50b9be262dd7] Executing query SELECT * FROM TEST_NULL_INT
[pool-1936-thread-1] INFO org.apache.nifi.processors.standard.ExecuteSQL - ExecuteSQL[id=f253232b-8dbf-4b8d-b9cc-50b9be262dd7] FlowFile[0,94798067059382.mockFlowFile,267B] contains 2 records; transferring to 'success'
]]></system-err>
  </testcase>
  <testcase name="testNoIncomingConnectionAndNoQuery" classname="org.apache.nifi.processors.standard.TestExecuteSQL" time="0.001">
    <system-err><![CDATA[[main] ERROR org.apache.nifi.processors.standard.ExecuteSQL - ExecuteSQL[id=7e47e2d7-35a3-462a-bd8c-7a4a387f79f2] Either the Select Query must be specified or there must be an incoming connection providing flowfile(s) containing a SQL select query
java.lang.reflect.InvocationTargetException
	at sun.reflect.GeneratedMethodAccessor126.invoke(Unknown Source)
	at sun.reflect.DelegatingMethodAccessorImpl.invoke(DelegatingMethodAccessorImpl.java:43)
	at java.lang.reflect.Method.invoke(Method.java:498)
	at org.apache.nifi.util.ReflectionUtils.invokeMethodsWithAnnotation(ReflectionUtils.java:68)
	at org.apache.nifi.util.StandardProcessorTestRunner.run(StandardProcessorTestRunner.java:203)
	at org.apache.nifi.util.StandardProcessorTestRunner.run(StandardProcessorTestRunner.java:185)
	at org.apache.nifi.util.StandardProcessorTestRunner.run(StandardProcessorTestRunner.java:180)
	at org.apache.nifi.util.StandardProcessorTestRunner.run(StandardProcessorTestRunner.java:175)
	at org.apache.nifi.util.StandardProcessorTestRunner.run(StandardProcessorTestRunner.java:170)
	at org.apache.nifi.processors.standard.TestExecuteSQL.testNoIncomingConnectionAndNoQuery(TestExecuteSQL.java:141)
	at sun.reflect.NativeMethodAccessorImpl.invoke0(Native Method)
	at sun.reflect.NativeMethodAccessorImpl.invoke(NativeMethodAccessorImpl.java:62)
	at sun.reflect.DelegatingMethodAccessorImpl.invoke(DelegatingMethodAccessorImpl.java:43)
	at java.lang.reflect.Method.invoke(Method.java:498)
	at org.junit.runners.model.FrameworkMethod$1.runReflectiveCall(FrameworkMethod.java:59)
	at org.junit.internal.runners.model.ReflectiveCallable.run(ReflectiveCallable.java:12)
	at org.junit.runners.model.FrameworkMethod.invokeExplosively(FrameworkMethod.java:56)
	at org.junit.internal.runners.statements.InvokeMethod.evaluate(InvokeMethod.java:17)
	at org.junit.internal.runners.statements.ExpectException.evaluate(ExpectException.java:19)
	at org.junit.internal.runners.statements.RunBefores.evaluate(RunBefores.java:26)
	at org.junit.runners.ParentRunner$3.evaluate(ParentRunner.java:306)
	at org.junit.runners.BlockJUnit4ClassRunner$1.evaluate(BlockJUnit4ClassRunner.java:100)
	at org.junit.runners.ParentRunner.runLeaf(ParentRunner.java:366)
	at org.junit.runners.BlockJUnit4ClassRunner.runChild(BlockJUnit4ClassRunner.java:103)
	at org.junit.runners.BlockJUnit4ClassRunner.runChild(BlockJUnit4ClassRunner.java:63)
	at org.junit.runners.ParentRunner$4.run(ParentRunner.java:331)
	at org.junit.runners.ParentRunner$1.schedule(ParentRunner.java:79)
	at org.junit.runners.ParentRunner.runChildren(ParentRunner.java:329)
	at org.junit.runners.ParentRunner.access$100(ParentRunner.java:66)
	at org.junit.runners.ParentRunner$2.evaluate(ParentRunner.java:293)
	at org.junit.internal.runners.statements.RunBefores.evaluate(RunBefores.java:26)
	at org.junit.runners.ParentRunner$3.evaluate(ParentRunner.java:306)
	at org.junit.runners.ParentRunner.run(ParentRunner.java:413)
	at org.junit.runner.JUnitCore.run(JUnitCore.java:137)
	at org.junit.runner.JUnitCore.run(JUnitCore.java:115)
	at org.junit.vintage.engine.execution.RunnerExecutor.execute(RunnerExecutor.java:43)
	at java.util.stream.ForEachOps$ForEachOp$OfRef.accept(ForEachOps.java:183)
	at java.util.stream.ReferencePipeline$3$1.accept(ReferencePipeline.java:193)
	at java.util.Iterator.forEachRemaining(Iterator.java:116)
	at java.util.Spliterators$IteratorSpliterator.forEachRemaining(Spliterators.java:1801)
	at java.util.stream.AbstractPipeline.copyInto(AbstractPipeline.java:482)
	at java.util.stream.AbstractPipeline.wrapAndCopyInto(AbstractPipeline.java:472)
	at java.util.stream.ForEachOps$ForEachOp.evaluateSequential(ForEachOps.java:150)
	at java.util.stream.ForEachOps$ForEachOp$OfRef.evaluateSequential(ForEachOps.java:173)
	at java.util.stream.AbstractPipeline.evaluate(AbstractPipeline.java:234)
	at java.util.stream.ReferencePipeline.forEach(ReferencePipeline.java:485)
	at org.junit.vintage.engine.VintageTestEngine.executeAllChildren(VintageTestEngine.java:82)
	at org.junit.vintage.engine.VintageTestEngine.execute(VintageTestEngine.java:73)
	at org.junit.platform.launcher.core.EngineExecutionOrchestrator.execute(EngineExecutionOrchestrator.java:108)
	at org.junit.platform.launcher.core.EngineExecutionOrchestrator.execute(EngineExecutionOrchestrator.java:88)
	at org.junit.platform.launcher.core.EngineExecutionOrchestrator.lambda$execute$0(EngineExecutionOrchestrator.java:54)
	at org.junit.platform.launcher.core.EngineExecutionOrchestrator.withInterceptedStreams(EngineExecutionOrchestrator.java:67)
	at org.junit.platform.launcher.core.EngineExecutionOrchestrator.execute(EngineExecutionOrchestrator.java:52)
	at org.junit.platform.launcher.core.DefaultLauncher.execute(DefaultLauncher.java:96)
	at org.junit.platform.launcher.core.DefaultLauncher.execute(DefaultLauncher.java:75)
	at org.apache.maven.surefire.junitplatform.JUnitPlatformProvider.execute(JUnitPlatformProvider.java:188)
	at org.apache.maven.surefire.junitplatform.JUnitPlatformProvider.invokeAllTests(JUnitPlatformProvider.java:154)
	at org.apache.maven.surefire.junitplatform.JUnitPlatformProvider.invoke(JUnitPlatformProvider.java:128)
	at org.apache.maven.surefire.booter.ForkedBooter.runSuitesInProcess(ForkedBooter.java:428)
	at org.apache.maven.surefire.booter.ForkedBooter.execute(ForkedBooter.java:162)
	at org.apache.maven.surefire.booter.ForkedBooter.run(ForkedBooter.java:562)
	at org.apache.maven.surefire.booter.ForkedBooter.main(ForkedBooter.java:548)
Caused by: org.apache.nifi.processor.exception.ProcessException: Either the Select Query must be specified or there must be an incoming connection providing flowfile(s) containing a SQL select query
	at org.apache.nifi.processors.standard.AbstractExecuteSQL.setup(AbstractExecuteSQL.java:193)
	... 62 more
]]></system-err>
  </testcase>
</testsuite>