<?xml version="1.0" encoding="UTF-8"?>
<testsuite xmlns:xsi="http://www.w3.org/2001/XMLSchema-instance" xsi:noNamespaceSchemaLocation="https://maven.apache.org/surefire/maven-surefire-plugin/xsd/surefire-test-report-3.0.xsd" version="3.0" name="org.apache.nifi.processors.standard.CryptographicHashAttributeTest" time="0.2" tests="6" errors="0" skipped="0" failures="0">
  <properties>
    <property name="sun.desktop" value="gnome"/>
    <property name="awt.toolkit" value="sun.awt.X11.XToolkit"/>
    <property name="file.encoding.pkg" value="sun.io"/>
    <property name="java.specification.version" value="1.8"/>
    <property name="sun.cpu.isalist" value=""/>
    <property name="sun.jnu.encoding" value="UTF-8"/>
    <property name="java.class.path" value="/home/alex/Repositories/nifi/nifi-nar-bundles/nifi-standard-bundle/nifi-standard-processors/target/test-classes:/home/alex/Repositories/nifi/nifi-nar-bundles/nifi-standard-bundle/nifi-standard-processors/target/classes:/home/alex/.m2/repository/org/apache/ftpserver/ftpserver-core/1.1.1/ftpserver-core-1.1.1.jar:/home/alex/.m2/repository/org/apache/ftpserver/ftplet-api/1.1.1/ftplet-api-1.1.1.jar:/home/alex/.m2/repository/org/slf4j/slf4j-api/1.7.32/slf4j-api-1.7.32.jar:/home/alex/.m2/repository/org/apache/mina/mina-core/2.0.16/mina-core-2.0.16.jar:/home/alex/Repositories/nifi/nifi-api/target/classes:/home/alex/Repositories/nifi/nifi-commons/nifi-expression-language/target/classes:/home/alex/.m2/repository/org/antlr/antlr-runtime/3.5.2/antlr-runtime-3.5.2.jar:/home/alex/Repositories/nifi/nifi-commons/nifi-parameter/target/classes:/home/alex/Repositories/nifi/nifi-commons/nifi-uuid5/target/classes:/home/alex/.m2/repository/org/apache/commons/commons-text/1.8/commons-text-1.8.jar:/home/alex/Repositories/nifi/nifi-nar-bundles/nifi-extension-utils/nifi-processor-utils/target/classes:/home/alex/Repositories/nifi/nifi-commons/nifi-security-socket-ssl/target/classes:/home/alex/Repositories/nifi/nifi-nar-bundles/nifi-extension-utils/nifi-event-transport/target/classes:/home/alex/.m2/repository/io/netty/netty-handler/4.1.69.Final/netty-handler-4.1.69.Final.jar:/home/alex/.m2/repository/io/netty/netty-common/4.1.69.Final/netty-common-4.1.69.Final.jar:/home/alex/.m2/repository/io/netty/netty-resolver/4.1.69.Final/netty-resolver-4.1.69.Final.jar:/home/alex/.m2/repository/io/netty/netty-transport/4.1.69.Final/netty-transport-4.1.69.Final.jar:/home/alex/.m2/repository/io/netty/netty-codec/4.1.69.Final/netty-codec-4.1.69.Final.jar:/home/alex/Repositories/nifi/nifi-nar-bundles/nifi-extension-utils/nifi-syslog-utils/target/classes:/home/alex/.m2/repository/com/github/palindromicity/simple-syslog-5424/0.0.16/simple-syslog-5424-0.0.16.jar:/home/alex/.m2/repository/org/antlr/antlr4-runtime/4.7.2/antlr4-runtime-4.7.2.jar:/home/alex/Repositories/nifi/nifi-commons/nifi-utils/target/classes:/home/alex/Repositories/nifi/nifi-commons/nifi-record-path/target/classes:/home/alex/Repositories/nifi/nifi-commons/nifi-properties/target/classes:/home/alex/Repositories/nifi/nifi-commons/nifi-property-utils/target/classes:/home/alex/.m2/repository/com/github/ben-manes/caffeine/caffeine/2.8.1/caffeine-2.8.1.jar:/home/alex/Repositories/nifi/nifi-nar-bundles/nifi-standard-services/nifi-ssl-context-service-api/target/classes:/home/alex/Repositories/nifi/nifi-commons/nifi-security-utils-api/target/classes:/home/alex/Repositories/nifi/nifi-nar-bundles/nifi-standard-services/nifi-lookup-service-api/target/classes:/home/alex/Repositories/nifi/nifi-commons/nifi-flowfile-packager/target/classes:/home/alex/Repositories/nifi/nifi-nar-bundles/nifi-standard-services/nifi-distributed-cache-client-service-api/target/classes:/home/alex/Repositories/nifi/nifi-nar-bundles/nifi-standard-services/nifi-http-context-map-api/target/classes:/home/alex/Repositories/nifi/nifi-nar-bundles/nifi-standard-services/nifi-record-serialization-service-api/target/classes:/home/alex/Repositories/nifi/nifi-nar-bundles/nifi-standard-services/nifi-proxy-configuration-api/target/classes:/home/alex/Repositories/nifi/nifi-commons/nifi-record/target/classes:/home/alex/Repositories/nifi/nifi-nar-bundles/nifi-standard-services/nifi-record-sink-api/target/classes:/home/alex/.m2/repository/commons-io/commons-io/2.10.0/commons-io-2.10.0.jar:/home/alex/.m2/repository/javax/ws/rs/javax.ws.rs-api/2.1/javax.ws.rs-api-2.1.jar:/home/alex/.m2/repository/commons-net/commons-net/3.6/commons-net-3.6.jar:/home/alex/.m2/repository/org/apache/commons/commons-compress/1.21/commons-compress-1.21.jar:/home/alex/.m2/repository/org/apache/commons/commons-lang3/3.9/commons-lang3-3.9.jar:/home/alex/.m2/repository/org/bouncycastle/bcprov-jdk15on/1.69/bcprov-jdk15on-1.69.jar:/home/alex/.m2/repository/org/bouncycastle/bcpg-jdk15on/1.69/bcpg-jdk15on-1.69.jar:/home/alex/.m2/repository/org/bouncycastle/bcpkix-jdk15on/1.69/bcpkix-jdk15on-1.69.jar:/home/alex/.m2/repository/org/bouncycastle/bcutil-jdk15on/1.69/bcutil-jdk15on-1.69.jar:/home/alex/.m2/repository/commons-codec/commons-codec/1.14/commons-codec-1.14.jar:/home/alex/Repositories/nifi/nifi-commons/nifi-security-utils/target/classes:/home/alex/Repositories/nifi/nifi-commons/nifi-security-kms/target/classes:/home/alex/.m2/repository/org/apache/commons/commons-configuration2/2.7/commons-configuration2-2.7.jar:/home/alex/.m2/repository/com/hierynomus/sshj/0.32.0/sshj-0.32.0.jar:/home/alex/.m2/repository/com/jcraft/jzlib/1.1.3/jzlib-1.1.3.jar:/home/alex/.m2/repository/com/hierynomus/asn-one/0.6.0/asn-one-0.6.0.jar:/home/alex/.m2/repository/net/i2p/crypto/eddsa/0.3.0/eddsa-0.3.0.jar:/home/alex/.m2/repository/org/eclipse/jetty/jetty-server/9.4.44.v20210927/jetty-server-9.4.44.v20210927.jar:/home/alex/.m2/repository/javax/servlet/javax.servlet-api/3.1.0/javax.servlet-api-3.1.0.jar:/home/alex/.m2/repository/org/eclipse/jetty/jetty-http/9.4.44.v20210927/jetty-http-9.4.44.v20210927.jar:/home/alex/.m2/repository/org/eclipse/jetty/jetty-util/9.4.44.v20210927/jetty-util-9.4.44.v20210927.jar:/home/alex/.m2/repository/org/eclipse/jetty/jetty-io/9.4.44.v20210927/jetty-io-9.4.44.v20210927.jar:/home/alex/.m2/repository/org/eclipse/jetty/jetty-servlet/9.4.44.v20210927/jetty-servlet-9.4.44.v20210927.jar:/home/alex/.m2/repository/org/eclipse/jetty/jetty-security/9.4.44.v20210927/jetty-security-9.4.44.v20210927.jar:/home/alex/.m2/repository/org/eclipse/jetty/jetty-util-ajax/9.4.44.v20210927/jetty-util-ajax-9.4.44.v20210927.jar:/home/alex/.m2/repository/org/apache/httpcomponents/httpclient/4.5.5/httpclient-4.5.5.jar:/home/alex/.m2/repository/commons-logging/commons-logging/1.2/commons-logging-1.2.jar:/home/alex/.m2/repository/org/apache/httpcomponents/httpcore/4.4.9/httpcore-4.4.9.jar:/home/alex/.m2/repository/jakarta/activation/jakarta.activation-api/2.0.1/jakarta.activation-api-2.0.1.jar:/home/alex/.m2/repository/com/sun/activation/jakarta.activation/2.0.1/jakarta.activation-2.0.1.jar:/home/alex/.m2/repository/jakarta/mail/jakarta.mail-api/2.0.1/jakarta.mail-api-2.0.1.jar:/home/alex/.m2/repository/com/sun/mail/jakarta.mail/2.0.1/jakarta.mail-2.0.1.jar:/home/alex/.m2/repository/com/github/jponge/lzma-java/1.3/lzma-java-1.3.jar:/home/alex/.m2/repository/org/tukaani/xz/1.8/xz-1.8.jar:/home/alex/.m2/repository/net/sf/saxon/Saxon-HE/10.6/Saxon-HE-10.6.jar:/home/alex/Repositories/nifi/nifi-commons/nifi-socket-utils/target/classes:/home/alex/Repositories/nifi/nifi-commons/nifi-logging-utils/target/classes:/home/alex/Repositories/nifi/nifi-nar-bundles/nifi-standard-services/nifi-load-distribution-service-api/target/classes:/home/alex/.m2/repository/javax/jms/javax.jms-api/2.0.1/javax.jms-api-2.0.1.jar:/home/alex/.m2/repository/org/apache/activemq/activemq-client/5.15.15/activemq-client-5.15.15.jar:/home/alex/.m2/repository/org/apache/geronimo/specs/geronimo-jms_1.1_spec/1.1.1/geronimo-jms_1.1_spec-1.1.1.jar:/home/alex/.m2/repository/org/fusesource/hawtbuf/hawtbuf/1.11/hawtbuf-1.11.jar:/home/alex/.m2/repository/org/apache/geronimo/specs/geronimo-j2ee-management_1.1_spec/1.0.1/geronimo-j2ee-management_1.1_spec-1.0.1.jar:/home/alex/.m2/repository/com/jayway/jsonpath/json-path/2.6.0/json-path-2.6.0.jar:/home/alex/.m2/repository/net/minidev/json-smart/2.4.7/json-smart-2.4.7.jar:/home/alex/.m2/repository/net/minidev/accessors-smart/2.4.7/accessors-smart-2.4.7.jar:/home/alex/.m2/repository/org/ow2/asm/asm/9.1/asm-9.1.jar:/home/alex/.m2/repository/org/apache/tika/tika-core/1.26/tika-core-1.26.jar:/home/alex/.m2/repository/com/fasterxml/jackson/core/jackson-databind/2.12.3/jackson-databind-2.12.3.jar:/home/alex/.m2/repository/com/fasterxml/jackson/core/jackson-annotations/2.12.3/jackson-annotations-2.12.3.jar:/home/alex/.m2/repository/com/fasterxml/jackson/core/jackson-core/2.12.3/jackson-core-2.12.3.jar:/home/alex/Repositories/nifi/nifi-nar-bundles/nifi-extension-utils/nifi-record-utils/nifi-avro-record-utils/target/classes:/home/alex/Repositories/nifi/nifi-nar-bundles/nifi-extension-utils/nifi-record-utils/nifi-standard-record-utils/target/classes:/home/alex/.m2/repository/org/apache/avro/avro/1.8.1/avro-1.8.1.jar:/home/alex/.m2/repository/org/codehaus/jackson/jackson-core-asl/1.9.13/jackson-core-asl-1.9.13.jar:/home/alex/.m2/repository/org/codehaus/jackson/jackson-mapper-asl/1.9.13/jackson-mapper-asl-1.9.13.jar:/home/alex/.m2/repository/com/thoughtworks/paranamer/paranamer/2.7/paranamer-2.7.jar:/home/alex/Repositories/nifi/nifi-nar-bundles/nifi-standard-services/nifi-dbcp-service-api/target/classes:/home/alex/.m2/repository/com/squareup/okhttp3/okhttp/4.9.2/okhttp-4.9.2.jar:/home/alex/.m2/repository/com/squareup/okio/okio/2.8.0/okio-2.8.0.jar:/home/alex/.m2/repository/org/jetbrains/kotlin/kotlin-stdlib-common/1.4.0/kotlin-stdlib-common-1.4.0.jar:/home/alex/.m2/repository/org/jetbrains/kotlin/kotlin-stdlib/1.4.10/kotlin-stdlib-1.4.10.jar:/home/alex/.m2/repository/org/jetbrains/annotations/13.0/annotations-13.0.jar:/home/alex/.m2/repository/io/github/rburgst/okhttp-digest/2.5/okhttp-digest-2.5.jar:/home/alex/.m2/repository/at/favre/lib/bcrypt/0.9.0/bcrypt-0.9.0.jar:/home/alex/.m2/repository/at/favre/lib/bytes/1.3.0/bytes-1.3.0.jar:/home/alex/.m2/repository/com/google/guava/guava/28.0-jre/guava-28.0-jre.jar:/home/alex/.m2/repository/com/google/guava/failureaccess/1.0.1/failureaccess-1.0.1.jar:/home/alex/.m2/repository/com/google/guava/listenablefuture/9999.0-empty-to-avoid-conflict-with-guava/listenablefuture-9999.0-empty-to-avoid-conflict-with-guava.jar:/home/alex/.m2/repository/com/google/code/findbugs/jsr305/3.0.2/jsr305-3.0.2.jar:/home/alex/.m2/repository/org/checkerframework/checker-qual/2.8.1/checker-qual-2.8.1.jar:/home/alex/.m2/repository/com/google/errorprone/error_prone_annotations/2.3.2/error_prone_annotations-2.3.2.jar:/home/alex/.m2/repository/com/google/j2objc/j2objc-annotations/1.3/j2objc-annotations-1.3.jar:/home/alex/.m2/repository/org/codehaus/mojo/animal-sniffer-annotations/1.17/animal-sniffer-annotations-1.17.jar:/home/alex/Repositories/nifi/nifi-mock/target/classes:/home/alex/Repositories/nifi/nifi-framework-api/target/classes:/home/alex/Repositories/nifi/nifi-nar-bundles/nifi-framework-bundle/nifi-framework/nifi-framework-core-api/target/classes:/home/alex/Repositories/nifi/nifi-nar-bundles/nifi-framework-bundle/nifi-framework/nifi-framework-nar-utils/target/classes:/home/alex/Repositories/nifi/nifi-nar-bundles/nifi-framework-bundle/nifi-framework/nifi-client-dto/target/classes:/home/alex/.m2/repository/io/swagger/swagger-annotations/1.6.0/swagger-annotations-1.6.0.jar:/home/alex/Repositories/nifi/nifi-commons/nifi-site-to-site-client/target/classes:/home/alex/.m2/repository/org/apache/httpcomponents/httpasyncclient/4.1.4/httpasyncclient-4.1.4.jar:/home/alex/.m2/repository/org/apache/httpcomponents/httpcore-nio/4.4.10/httpcore-nio-4.4.10.jar:/home/alex/Repositories/nifi/nifi-nar-bundles/nifi-framework-bundle/nifi-framework/nifi-framework-authorization/target/classes:/home/alex/Repositories/nifi/nifi-registry/nifi-registry-core/nifi-registry-data-model/target/classes:/home/alex/Repositories/nifi/nifi-registry/nifi-registry-core/nifi-registry-revision/nifi-registry-revision-entity-model/target/classes:/home/alex/Repositories/nifi/nifi-registry/nifi-registry-core/nifi-registry-client/target/classes:/home/alex/Repositories/nifi/nifi-registry/nifi-registry-core/nifi-registry-security-utils/target/classes:/home/alex/.m2/repository/org/glassfish/jersey/core/jersey-client/2.33/jersey-client-2.33.jar:/home/alex/.m2/repository/jakarta/ws/rs/jakarta.ws.rs-api/2.1.6/jakarta.ws.rs-api-2.1.6.jar:/home/alex/.m2/repository/org/glassfish/hk2/external/jakarta.inject/2.6.1/jakarta.inject-2.6.1.jar:/home/alex/.m2/repository/org/glassfish/jersey/media/jersey-media-json-jackson/2.33/jersey-media-json-jackson-2.33.jar:/home/alex/.m2/repository/org/glassfish/jersey/ext/jersey-entity-filtering/2.33/jersey-entity-filtering-2.33.jar:/home/alex/.m2/repository/org/glassfish/jersey/inject/jersey-hk2/2.33/jersey-hk2-2.33.jar:/home/alex/.m2/repository/org/glassfish/hk2/hk2-locator/2.6.1/hk2-locator-2.6.1.jar:/home/alex/.m2/repository/org/glassfish/hk2/external/aopalliance-repackaged/2.6.1/aopalliance-repackaged-2.6.1.jar:/home/alex/.m2/repository/org/glassfish/hk2/hk2-api/2.6.1/hk2-api-2.6.1.jar:/home/alex/.m2/repository/org/glassfish/hk2/hk2-utils/2.6.1/hk2-utils-2.6.1.jar:/home/alex/.m2/repository/org/javassist/javassist/3.25.0-GA/javassist-3.25.0-GA.jar:/home/alex/.m2/repository/org/glassfish/jersey/core/jersey-common/2.33/jersey-common-2.33.jar:/home/alex/.m2/repository/jakarta/annotation/jakarta.annotation-api/1.3.5/jakarta.annotation-api-1.3.5.jar:/home/alex/.m2/repository/org/glassfish/hk2/osgi-resource-locator/1.0.3/osgi-resource-locator-1.0.3.jar:/home/alex/.m2/repository/org/glassfish/jersey/media/jersey-media-multipart/2.33/jersey-media-multipart-2.33.jar:/home/alex/.m2/repository/org/jvnet/mimepull/mimepull/1.9.13/mimepull-1.9.13.jar:/home/alex/Repositories/nifi/nifi-commons/nifi-data-provenance-utils/target/classes:/home/alex/Repositories/nifi/nifi-nar-bundles/nifi-standard-services/nifi-distributed-cache-services-bundle/nifi-distributed-cache-client-service/target/classes:/home/alex/Repositories/nifi/nifi-nar-bundles/nifi-standard-services/nifi-distributed-cache-services-bundle/nifi-distributed-cache-protocol/target/classes:/home/alex/.m2/repository/io/netty/netty-buffer/4.1.69.Final/netty-buffer-4.1.69.Final.jar:/home/alex/.m2/repository/com/google/http-client/google-http-client/1.28.0/google-http-client-1.28.0.jar:/home/alex/.m2/repository/io/opencensus/opencensus-api/0.18.0/opencensus-api-0.18.0.jar:/home/alex/.m2/repository/io/grpc/grpc-context/1.14.0/grpc-context-1.14.0.jar:/home/alex/.m2/repository/io/opencensus/opencensus-contrib-http-util/0.18.0/opencensus-contrib-http-util-0.18.0.jar:/home/alex/.m2/repository/org/apache/activemq/activemq-broker/5.15.14/activemq-broker-5.15.14.jar:/home/alex/.m2/repository/org/apache/activemq/activemq-openwire-legacy/5.15.14/activemq-openwire-legacy-5.15.14.jar:/home/alex/Repositories/nifi/nifi-nar-bundles/nifi-standard-services/nifi-ssl-context-bundle/nifi-ssl-context-service/target/classes:/home/alex/Repositories/nifi/nifi-nar-bundles/nifi-framework-bundle/nifi-framework/nifi-standard-prioritizers/target/classes:/home/alex/Repositories/nifi/nifi-nar-bundles/nifi-extension-utils/nifi-record-utils/nifi-mock-record-utils/target/classes:/home/alex/Repositories/nifi/nifi-nar-bundles/nifi-standard-services/nifi-record-serialization-services-bundle/nifi-record-serialization-services/target/classes:/home/alex/.m2/repository/org/apache/commons/commons-csv/1.8/commons-csv-1.8.jar:/home/alex/.m2/repository/com/fasterxml/jackson/dataformat/jackson-dataformat-csv/2.12.3/jackson-dataformat-csv-2.12.3.jar:/home/alex/.m2/repository/net/java/dev/stax-utils/stax-utils/20070216/stax-utils-20070216.jar:/home/alex/Repositories/nifi/nifi-nar-bundles/nifi-standard-services/nifi-lookup-services-bundle/nifi-lookup-services/target/classes:/home/alex/.m2/repository/commons-beanutils/commons-beanutils/1.9.4/commons-beanutils-1.9.4.jar:/home/alex/.m2/repository/commons-collections/commons-collections/3.2.2/commons-collections-3.2.2.jar:/home/alex/.m2/repository/com/maxmind/geoip2/geoip2/2.12.0/geoip2-2.12.0.jar:/home/alex/.m2/repository/com/maxmind/db/maxmind-db/1.2.2/maxmind-db-1.2.2.jar:/home/alex/.m2/repository/org/apache/derby/derby/10.14.2.0/derby-10.14.2.0.jar:/home/alex/.m2/repository/org/xerial/snappy/snappy-java/1.1.7.3/snappy-java-1.1.7.3.jar:/home/alex/.m2/repository/net/lingala/zip4j/zip4j/2.8.0/zip4j-2.8.0.jar:/home/alex/.m2/repository/com/h2database/h2/1.4.187/h2-1.4.187.jar:/home/alex/.m2/repository/org/mockftpserver/MockFtpServer/2.7.1/MockFtpServer-2.7.1.jar:/home/alex/.m2/repository/org/apache/sshd/sshd-core/1.7.0/sshd-core-1.7.0.jar:/home/alex/.m2/repository/com/bazaarvoice/jolt/jolt-core/0.1.1/jolt-core-0.1.1.jar:/home/alex/.m2/repository/javax/inject/javax.inject/1/javax.inject-1.jar:/home/alex/.m2/repository/com/bazaarvoice/jolt/json-utils/0.1.1/json-utils-0.1.1.jar:/home/alex/Repositories/nifi/nifi-nar-bundles/nifi-standard-bundle/nifi-standard-utils/target/classes:/home/alex/.m2/repository/net/sf/supercsv/super-csv/2.4.0/super-csv-2.4.0.jar:/home/alex/.m2/repository/com/fluenda/parcefone/2.1.0/parcefone-2.1.0.jar:/home/alex/.m2/repository/javax/validation/validation-api/1.1.0.Final/validation-api-1.1.0.Final.jar:/home/alex/.m2/repository/javax/el/javax.el-api/3.0.0/javax.el-api-3.0.0.jar:/home/alex/.m2/repository/com/github/wnameless/json/json-flattener/0.12.0/json-flattener-0.12.0.jar:/home/alex/.m2/repository/com/github/wnameless/json/json-base/2.0.0/json-base-2.0.0.jar:/home/alex/.m2/repository/org/apache/bval/bval-jsr/1.1.2/bval-jsr-1.1.2.jar:/home/alex/.m2/repository/org/apache/bval/bval-core/1.1.2/bval-core-1.1.2.jar:/home/alex/.m2/repository/io/krakens/java-grok/0.1.9/java-grok-0.1.9.jar:/home/alex/.m2/repository/org/apache/calcite/calcite-core/1.27.0/calcite-core-1.27.0.jar:/home/alex/.m2/repository/org/apache/calcite/calcite-linq4j/1.27.0/calcite-linq4j-1.27.0.jar:/home/alex/.m2/repository/com/esri/geometry/esri-geometry-api/2.2.0/esri-geometry-api-2.2.0.jar:/home/alex/.m2/repository/org/apache/calcite/avatica/avatica-core/1.18.0/avatica-core-1.18.0.jar:/home/alex/.m2/repository/org/apache/calcite/avatica/avatica-metrics/1.18.0/avatica-metrics-1.18.0.jar:/home/alex/.m2/repository/com/google/protobuf/protobuf-java/3.6.1/protobuf-java-3.6.1.jar:/home/alex/.m2/repository/org/apiguardian/apiguardian-api/1.1.0/apiguardian-api-1.1.0.jar:/home/alex/.m2/repository/com/fasterxml/jackson/dataformat/jackson-dataformat-yaml/2.10.0/jackson-dataformat-yaml-2.10.0.jar:/home/alex/.m2/repository/org/yaml/snakeyaml/1.29/snakeyaml-1.29.jar:/home/alex/.m2/repository/com/google/uzaygezen/uzaygezen-core/0.2/uzaygezen-core-0.2.jar:/home/alex/.m2/repository/com/yahoo/datasketches/sketches-core/0.9.0/sketches-core-0.9.0.jar:/home/alex/.m2/repository/com/yahoo/datasketches/memory/0.9.0/memory-0.9.0.jar:/home/alex/.m2/repository/net/hydromatic/aggdesigner-algorithm/6.0/aggdesigner-algorithm-6.0.jar:/home/alex/.m2/repository/commons-lang/commons-lang/2.4/commons-lang-2.4.jar:/home/alex/.m2/repository/org/apache/commons/commons-dbcp2/2.6.0/commons-dbcp2-2.6.0.jar:/home/alex/.m2/repository/org/apache/commons/commons-pool2/2.6.1/commons-pool2-2.6.1.jar:/home/alex/.m2/repository/org/codehaus/janino/commons-compiler/3.0.11/commons-compiler-3.0.11.jar:/home/alex/.m2/repository/org/codehaus/janino/janino/3.0.11/janino-3.0.11.jar:/home/alex/Repositories/nifi/nifi-nar-bundles/nifi-standard-services/nifi-schema-registry-service-api/target/classes:/home/alex/Repositories/nifi/nifi-nar-bundles/nifi-extension-utils/nifi-database-utils/target/classes:/home/alex/Repositories/nifi/nifi-nar-bundles/nifi-standard-bundle/nifi-standard-web-test-utils/target/classes:/home/alex/.m2/repository/com/github/stefanbirkner/fake-sftp-server-rule/2.0.1/fake-sftp-server-rule-2.0.1.jar:/home/alex/.m2/repository/com/github/marschall/memoryfilesystem/2.8.0/memoryfilesystem-2.8.0.jar:/home/alex/.m2/repository/junit/junit/4.13.2/junit-4.13.2.jar:/home/alex/.m2/repository/org/hamcrest/hamcrest-core/1.3/hamcrest-core-1.3.jar:/home/alex/Repositories/nifi/nifi-nar-bundles/nifi-extension-utils/nifi-database-test-utils/target/classes:/home/alex/.m2/repository/org/codehaus/groovy/groovy-json/2.5.14/groovy-json-2.5.14.jar:/home/alex/.m2/repository/org/codehaus/groovy/groovy/2.5.14/groovy-2.5.14.jar:/home/alex/.m2/repository/org/codehaus/groovy/groovy-servlet/2.5.14/groovy-servlet-2.5.14.jar:/home/alex/.m2/repository/org/codehaus/groovy/groovy-templates/2.5.14/groovy-templates-2.5.14.jar:/home/alex/.m2/repository/org/codehaus/groovy/groovy-xml/2.5.14/groovy-xml-2.5.14.jar:/home/alex/.m2/repository/org/hamcrest/hamcrest-all/1.3/hamcrest-all-1.3.jar:/home/alex/.m2/repository/com/squareup/okhttp3/mockwebserver/4.9.2/mockwebserver-4.9.2.jar:/home/alex/.m2/repository/org/jetbrains/kotlin/kotlin-stdlib-jdk8/1.4.10/kotlin-stdlib-jdk8-1.4.10.jar:/home/alex/.m2/repository/org/jetbrains/kotlin/kotlin-stdlib-jdk7/1.4.10/kotlin-stdlib-jdk7-1.4.10.jar:/home/alex/.m2/repository/org/mockito/mockito-inline/3.12.4/mockito-inline-3.12.4.jar:/home/alex/.m2/repository/org/junit/jupiter/junit-jupiter-api/5.7.2/junit-jupiter-api-5.7.2.jar:/home/alex/.m2/repository/org/opentest4j/opentest4j/1.2.0/opentest4j-1.2.0.jar:/home/alex/.m2/repository/org/junit/platform/junit-platform-commons/1.7.2/junit-platform-commons-1.7.2.jar:/home/alex/.m2/repository/org/junit/jupiter/junit-jupiter-engine/5.7.2/junit-jupiter-engine-5.7.2.jar:/home/alex/.m2/repository/org/junit/platform/junit-platform-engine/1.7.2/junit-platform-engine-1.7.2.jar:/home/alex/.m2/repository/org/junit/vintage/junit-vintage-engine/5.7.2/junit-vintage-engine-5.7.2.jar:/home/alex/.m2/repository/org/junit/jupiter/junit-jupiter-params/5.7.2/junit-jupiter-params-5.7.2.jar:/home/alex/.m2/repository/org/mockito/mockito-core/3.11.2/mockito-core-3.11.2.jar:/home/alex/.m2/repository/net/bytebuddy/byte-buddy/1.11.3/byte-buddy-1.11.3.jar:/home/alex/.m2/repository/net/bytebuddy/byte-buddy-agent/1.11.3/byte-buddy-agent-1.11.3.jar:/home/alex/.m2/repository/org/objenesis/objenesis/3.2/objenesis-3.2.jar:/home/alex/.m2/repository/org/mockito/mockito-junit-jupiter/3.11.2/mockito-junit-jupiter-3.11.2.jar:/home/alex/.m2/repository/org/slf4j/slf4j-simple/1.7.32/slf4j-simple-1.7.32.jar:/home/alex/.m2/repository/org/codehaus/groovy/groovy-test/2.5.14/groovy-test-2.5.14.jar:"/>
    <property name="java.vm.vendor" value="Private Build"/>
    <property name="sun.arch.data.model" value="64"/>
    <property name="java.vendor.url" value="http://java.oracle.com/"/>
    <property name="user.timezone" value="Europe/Lisbon"/>
    <property name="java.vm.specification.version" value="1.8"/>
    <property name="os.name" value="Linux"/>
    <property name="user.country" value="US"/>
    <property name="sun.java.launcher" value="SUN_STANDARD"/>
    <property name="sun.boot.library.path" value="/usr/lib/jvm/java-8-openjdk-amd64/jre/lib/amd64"/>
    <property name="sun.java.command" value="/home/alex/Repositories/nifi/nifi-nar-bundles/nifi-standard-bundle/nifi-standard-processors/target/surefire/surefirebooter7473415933682638322.jar /home/alex/Repositories/nifi/nifi-nar-bundles/nifi-standard-bundle/nifi-standard-processors/target/surefire 2024-05-02T02-37-14_149-jvmRun1 surefire6139189294397462573tmp surefire_693674938239097471618tmp"/>
    <property name="org.slf4j.simpleLogger.log.nifi.io.nio" value="debug"/>
    <property name="surefire.test.class.path" value="/home/alex/Repositories/nifi/nifi-nar-bundles/nifi-standard-bundle/nifi-standard-processors/target/test-classes:/home/alex/Repositories/nifi/nifi-nar-bundles/nifi-standard-bundle/nifi-standard-processors/target/classes:/home/alex/.m2/repository/org/apache/ftpserver/ftpserver-core/1.1.1/ftpserver-core-1.1.1.jar:/home/alex/.m2/repository/org/apache/ftpserver/ftplet-api/1.1.1/ftplet-api-1.1.1.jar:/home/alex/.m2/repository/org/slf4j/slf4j-api/1.7.32/slf4j-api-1.7.32.jar:/home/alex/.m2/repository/org/apache/mina/mina-core/2.0.16/mina-core-2.0.16.jar:/home/alex/Repositories/nifi/nifi-api/target/classes:/home/alex/Repositories/nifi/nifi-commons/nifi-expression-language/target/classes:/home/alex/.m2/repository/org/antlr/antlr-runtime/3.5.2/antlr-runtime-3.5.2.jar:/home/alex/Repositories/nifi/nifi-commons/nifi-parameter/target/classes:/home/alex/Repositories/nifi/nifi-commons/nifi-uuid5/target/classes:/home/alex/.m2/repository/org/apache/commons/commons-text/1.8/commons-text-1.8.jar:/home/alex/Repositories/nifi/nifi-nar-bundles/nifi-extension-utils/nifi-processor-utils/target/classes:/home/alex/Repositories/nifi/nifi-commons/nifi-security-socket-ssl/target/classes:/home/alex/Repositories/nifi/nifi-nar-bundles/nifi-extension-utils/nifi-event-transport/target/classes:/home/alex/.m2/repository/io/netty/netty-handler/4.1.69.Final/netty-handler-4.1.69.Final.jar:/home/alex/.m2/repository/io/netty/netty-common/4.1.69.Final/netty-common-4.1.69.Final.jar:/home/alex/.m2/repository/io/netty/netty-resolver/4.1.69.Final/netty-resolver-4.1.69.Final.jar:/home/alex/.m2/repository/io/netty/netty-transport/4.1.69.Final/netty-transport-4.1.69.Final.jar:/home/alex/.m2/repository/io/netty/netty-codec/4.1.69.Final/netty-codec-4.1.69.Final.jar:/home/alex/Repositories/nifi/nifi-nar-bundles/nifi-extension-utils/nifi-syslog-utils/target/classes:/home/alex/.m2/repository/com/github/palindromicity/simple-syslog-5424/0.0.16/simple-syslog-5424-0.0.16.jar:/home/alex/.m2/repository/org/antlr/antlr4-runtime/4.7.2/antlr4-runtime-4.7.2.jar:/home/alex/Repositories/nifi/nifi-commons/nifi-utils/target/classes:/home/alex/Repositories/nifi/nifi-commons/nifi-record-path/target/classes:/home/alex/Repositories/nifi/nifi-commons/nifi-properties/target/classes:/home/alex/Repositories/nifi/nifi-commons/nifi-property-utils/target/classes:/home/alex/.m2/repository/com/github/ben-manes/caffeine/caffeine/2.8.1/caffeine-2.8.1.jar:/home/alex/Repositories/nifi/nifi-nar-bundles/nifi-standard-services/nifi-ssl-context-service-api/target/classes:/home/alex/Repositories/nifi/nifi-commons/nifi-security-utils-api/target/classes:/home/alex/Repositories/nifi/nifi-nar-bundles/nifi-standard-services/nifi-lookup-service-api/target/classes:/home/alex/Repositories/nifi/nifi-commons/nifi-flowfile-packager/target/classes:/home/alex/Repositories/nifi/nifi-nar-bundles/nifi-standard-services/nifi-distributed-cache-client-service-api/target/classes:/home/alex/Repositories/nifi/nifi-nar-bundles/nifi-standard-services/nifi-http-context-map-api/target/classes:/home/alex/Repositories/nifi/nifi-nar-bundles/nifi-standard-services/nifi-record-serialization-service-api/target/classes:/home/alex/Repositories/nifi/nifi-nar-bundles/nifi-standard-services/nifi-proxy-configuration-api/target/classes:/home/alex/Repositories/nifi/nifi-commons/nifi-record/target/classes:/home/alex/Repositories/nifi/nifi-nar-bundles/nifi-standard-services/nifi-record-sink-api/target/classes:/home/alex/.m2/repository/commons-io/commons-io/2.10.0/commons-io-2.10.0.jar:/home/alex/.m2/repository/javax/ws/rs/javax.ws.rs-api/2.1/javax.ws.rs-api-2.1.jar:/home/alex/.m2/repository/commons-net/commons-net/3.6/commons-net-3.6.jar:/home/alex/.m2/repository/org/apache/commons/commons-compress/1.21/commons-compress-1.21.jar:/home/alex/.m2/repository/org/apache/commons/commons-lang3/3.9/commons-lang3-3.9.jar:/home/alex/.m2/repository/org/bouncycastle/bcprov-jdk15on/1.69/bcprov-jdk15on-1.69.jar:/home/alex/.m2/repository/org/bouncycastle/bcpg-jdk15on/1.69/bcpg-jdk15on-1.69.jar:/home/alex/.m2/repository/org/bouncycastle/bcpkix-jdk15on/1.69/bcpkix-jdk15on-1.69.jar:/home/alex/.m2/repository/org/bouncycastle/bcutil-jdk15on/1.69/bcutil-jdk15on-1.69.jar:/home/alex/.m2/repository/commons-codec/commons-codec/1.14/commons-codec-1.14.jar:/home/alex/Repositories/nifi/nifi-commons/nifi-security-utils/target/classes:/home/alex/Repositories/nifi/nifi-commons/nifi-security-kms/target/classes:/home/alex/.m2/repository/org/apache/commons/commons-configuration2/2.7/commons-configuration2-2.7.jar:/home/alex/.m2/repository/com/hierynomus/sshj/0.32.0/sshj-0.32.0.jar:/home/alex/.m2/repository/com/jcraft/jzlib/1.1.3/jzlib-1.1.3.jar:/home/alex/.m2/repository/com/hierynomus/asn-one/0.6.0/asn-one-0.6.0.jar:/home/alex/.m2/repository/net/i2p/crypto/eddsa/0.3.0/eddsa-0.3.0.jar:/home/alex/.m2/repository/org/eclipse/jetty/jetty-server/9.4.44.v20210927/jetty-server-9.4.44.v20210927.jar:/home/alex/.m2/repository/javax/servlet/javax.servlet-api/3.1.0/javax.servlet-api-3.1.0.jar:/home/alex/.m2/repository/org/eclipse/jetty/jetty-http/9.4.44.v20210927/jetty-http-9.4.44.v20210927.jar:/home/alex/.m2/repository/org/eclipse/jetty/jetty-util/9.4.44.v20210927/jetty-util-9.4.44.v20210927.jar:/home/alex/.m2/repository/org/eclipse/jetty/jetty-io/9.4.44.v20210927/jetty-io-9.4.44.v20210927.jar:/home/alex/.m2/repository/org/eclipse/jetty/jetty-servlet/9.4.44.v20210927/jetty-servlet-9.4.44.v20210927.jar:/home/alex/.m2/repository/org/eclipse/jetty/jetty-security/9.4.44.v20210927/jetty-security-9.4.44.v20210927.jar:/home/alex/.m2/repository/org/eclipse/jetty/jetty-util-ajax/9.4.44.v20210927/jetty-util-ajax-9.4.44.v20210927.jar:/home/alex/.m2/repository/org/apache/httpcomponents/httpclient/4.5.5/httpclient-4.5.5.jar:/home/alex/.m2/repository/commons-logging/commons-logging/1.2/commons-logging-1.2.jar:/home/alex/.m2/repository/org/apache/httpcomponents/httpcore/4.4.9/httpcore-4.4.9.jar:/home/alex/.m2/repository/jakarta/activation/jakarta.activation-api/2.0.1/jakarta.activation-api-2.0.1.jar:/home/alex/.m2/repository/com/sun/activation/jakarta.activation/2.0.1/jakarta.activation-2.0.1.jar:/home/alex/.m2/repository/jakarta/mail/jakarta.mail-api/2.0.1/jakarta.mail-api-2.0.1.jar:/home/alex/.m2/repository/com/sun/mail/jakarta.mail/2.0.1/jakarta.mail-2.0.1.jar:/home/alex/.m2/repository/com/github/jponge/lzma-java/1.3/lzma-java-1.3.jar:/home/alex/.m2/repository/org/tukaani/xz/1.8/xz-1.8.jar:/home/alex/.m2/repository/net/sf/saxon/Saxon-HE/10.6/Saxon-HE-10.6.jar:/home/alex/Repositories/nifi/nifi-commons/nifi-socket-utils/target/classes:/home/alex/Repositories/nifi/nifi-commons/nifi-logging-utils/target/classes:/home/alex/Repositories/nifi/nifi-nar-bundles/nifi-standard-services/nifi-load-distribution-service-api/target/classes:/home/alex/.m2/repository/javax/jms/javax.jms-api/2.0.1/javax.jms-api-2.0.1.jar:/home/alex/.m2/repository/org/apache/activemq/activemq-client/5.15.15/activemq-client-5.15.15.jar:/home/alex/.m2/repository/org/apache/geronimo/specs/geronimo-jms_1.1_spec/1.1.1/geronimo-jms_1.1_spec-1.1.1.jar:/home/alex/.m2/repository/org/fusesource/hawtbuf/hawtbuf/1.11/hawtbuf-1.11.jar:/home/alex/.m2/repository/org/apache/geronimo/specs/geronimo-j2ee-management_1.1_spec/1.0.1/geronimo-j2ee-management_1.1_spec-1.0.1.jar:/home/alex/.m2/repository/com/jayway/jsonpath/json-path/2.6.0/json-path-2.6.0.jar:/home/alex/.m2/repository/net/minidev/json-smart/2.4.7/json-smart-2.4.7.jar:/home/alex/.m2/repository/net/minidev/accessors-smart/2.4.7/accessors-smart-2.4.7.jar:/home/alex/.m2/repository/org/ow2/asm/asm/9.1/asm-9.1.jar:/home/alex/.m2/repository/org/apache/tika/tika-core/1.26/tika-core-1.26.jar:/home/alex/.m2/repository/com/fasterxml/jackson/core/jackson-databind/2.12.3/jackson-databind-2.12.3.jar:/home/alex/.m2/repository/com/fasterxml/jackson/core/jackson-annotations/2.12.3/jackson-annotations-2.12.3.jar:/home/alex/.m2/repository/com/fasterxml/jackson/core/jackson-core/2.12.3/jackson-core-2.12.3.jar:/home/alex/Repositories/nifi/nifi-nar-bundles/nifi-extension-utils/nifi-record-utils/nifi-avro-record-utils/target/classes:/home/alex/Repositories/nifi/nifi-nar-bundles/nifi-extension-utils/nifi-record-utils/nifi-standard-record-utils/target/classes:/home/alex/.m2/repository/org/apache/avro/avro/1.8.1/avro-1.8.1.jar:/home/alex/.m2/repository/org/codehaus/jackson/jackson-core-asl/1.9.13/jackson-core-asl-1.9.13.jar:/home/alex/.m2/repository/org/codehaus/jackson/jackson-mapper-asl/1.9.13/jackson-mapper-asl-1.9.13.jar:/home/alex/.m2/repository/com/thoughtworks/paranamer/paranamer/2.7/paranamer-2.7.jar:/home/alex/Repositories/nifi/nifi-nar-bundles/nifi-standard-services/nifi-dbcp-service-api/target/classes:/home/alex/.m2/repository/com/squareup/okhttp3/okhttp/4.9.2/okhttp-4.9.2.jar:/home/alex/.m2/repository/com/squareup/okio/okio/2.8.0/okio-2.8.0.jar:/home/alex/.m2/repository/org/jetbrains/kotlin/kotlin-stdlib-common/1.4.0/kotlin-stdlib-common-1.4.0.jar:/home/alex/.m2/repository/org/jetbrains/kotlin/kotlin-stdlib/1.4.10/kotlin-stdlib-1.4.10.jar:/home/alex/.m2/repository/org/jetbrains/annotations/13.0/annotations-13.0.jar:/home/alex/.m2/repository/io/github/rburgst/okhttp-digest/2.5/okhttp-digest-2.5.jar:/home/alex/.m2/repository/at/favre/lib/bcrypt/0.9.0/bcrypt-0.9.0.jar:/home/alex/.m2/repository/at/favre/lib/bytes/1.3.0/bytes-1.3.0.jar:/home/alex/.m2/repository/com/google/guava/guava/28.0-jre/guava-28.0-jre.jar:/home/alex/.m2/repository/com/google/guava/failureaccess/1.0.1/failureaccess-1.0.1.jar:/home/alex/.m2/repository/com/google/guava/listenablefuture/9999.0-empty-to-avoid-conflict-with-guava/listenablefuture-9999.0-empty-to-avoid-conflict-with-guava.jar:/home/alex/.m2/repository/com/google/code/findbugs/jsr305/3.0.2/jsr305-3.0.2.jar:/home/alex/.m2/repository/org/checkerframework/checker-qual/2.8.1/checker-qual-2.8.1.jar:/home/alex/.m2/repository/com/google/errorprone/error_prone_annotations/2.3.2/error_prone_annotations-2.3.2.jar:/home/alex/.m2/repository/com/google/j2objc/j2objc-annotations/1.3/j2objc-annotations-1.3.jar:/home/alex/.m2/repository/org/codehaus/mojo/animal-sniffer-annotations/1.17/animal-sniffer-annotations-1.17.jar:/home/alex/Repositories/nifi/nifi-mock/target/classes:/home/alex/Repositories/nifi/nifi-framework-api/target/classes:/home/alex/Repositories/nifi/nifi-nar-bundles/nifi-framework-bundle/nifi-framework/nifi-framework-core-api/target/classes:/home/alex/Repositories/nifi/nifi-nar-bundles/nifi-framework-bundle/nifi-framework/nifi-framework-nar-utils/target/classes:/home/alex/Repositories/nifi/nifi-nar-bundles/nifi-framework-bundle/nifi-framework/nifi-client-dto/target/classes:/home/alex/.m2/repository/io/swagger/swagger-annotations/1.6.0/swagger-annotations-1.6.0.jar:/home/alex/Repositories/nifi/nifi-commons/nifi-site-to-site-client/target/classes:/home/alex/.m2/repository/org/apache/httpcomponents/httpasyncclient/4.1.4/httpasyncclient-4.1.4.jar:/home/alex/.m2/repository/org/apache/httpcomponents/httpcore-nio/4.4.10/httpcore-nio-4.4.10.jar:/home/alex/Repositories/nifi/nifi-nar-bundles/nifi-framework-bundle/nifi-framework/nifi-framework-authorization/target/classes:/home/alex/Repositories/nifi/nifi-registry/nifi-registry-core/nifi-registry-data-model/target/classes:/home/alex/Repositories/nifi/nifi-registry/nifi-registry-core/nifi-registry-revision/nifi-registry-revision-entity-model/target/classes:/home/alex/Repositories/nifi/nifi-registry/nifi-registry-core/nifi-registry-client/target/classes:/home/alex/Repositories/nifi/nifi-registry/nifi-registry-core/nifi-registry-security-utils/target/classes:/home/alex/.m2/repository/org/glassfish/jersey/core/jersey-client/2.33/jersey-client-2.33.jar:/home/alex/.m2/repository/jakarta/ws/rs/jakarta.ws.rs-api/2.1.6/jakarta.ws.rs-api-2.1.6.jar:/home/alex/.m2/repository/org/glassfish/hk2/external/jakarta.inject/2.6.1/jakarta.inject-2.6.1.jar:/home/alex/.m2/repository/org/glassfish/jersey/media/jersey-media-json-jackson/2.33/jersey-media-json-jackson-2.33.jar:/home/alex/.m2/repository/org/glassfish/jersey/ext/jersey-entity-filtering/2.33/jersey-entity-filtering-2.33.jar:/home/alex/.m2/repository/org/glassfish/jersey/inject/jersey-hk2/2.33/jersey-hk2-2.33.jar:/home/alex/.m2/repository/org/glassfish/hk2/hk2-locator/2.6.1/hk2-locator-2.6.1.jar:/home/alex/.m2/repository/org/glassfish/hk2/external/aopalliance-repackaged/2.6.1/aopalliance-repackaged-2.6.1.jar:/home/alex/.m2/repository/org/glassfish/hk2/hk2-api/2.6.1/hk2-api-2.6.1.jar:/home/alex/.m2/repository/org/glassfish/hk2/hk2-utils/2.6.1/hk2-utils-2.6.1.jar:/home/alex/.m2/repository/org/javassist/javassist/3.25.0-GA/javassist-3.25.0-GA.jar:/home/alex/.m2/repository/org/glassfish/jersey/core/jersey-common/2.33/jersey-common-2.33.jar:/home/alex/.m2/repository/jakarta/annotation/jakarta.annotation-api/1.3.5/jakarta.annotation-api-1.3.5.jar:/home/alex/.m2/repository/org/glassfish/hk2/osgi-resource-locator/1.0.3/osgi-resource-locator-1.0.3.jar:/home/alex/.m2/repository/org/glassfish/jersey/media/jersey-media-multipart/2.33/jersey-media-multipart-2.33.jar:/home/alex/.m2/repository/org/jvnet/mimepull/mimepull/1.9.13/mimepull-1.9.13.jar:/home/alex/Repositories/nifi/nifi-commons/nifi-data-provenance-utils/target/classes:/home/alex/Repositories/nifi/nifi-nar-bundles/nifi-standard-services/nifi-distributed-cache-services-bundle/nifi-distributed-cache-client-service/target/classes:/home/alex/Repositories/nifi/nifi-nar-bundles/nifi-standard-services/nifi-distributed-cache-services-bundle/nifi-distributed-cache-protocol/target/classes:/home/alex/.m2/repository/io/netty/netty-buffer/4.1.69.Final/netty-buffer-4.1.69.Final.jar:/home/alex/.m2/repository/com/google/http-client/google-http-client/1.28.0/google-http-client-1.28.0.jar:/home/alex/.m2/repository/io/opencensus/opencensus-api/0.18.0/opencensus-api-0.18.0.jar:/home/alex/.m2/repository/io/grpc/grpc-context/1.14.0/grpc-context-1.14.0.jar:/home/alex/.m2/repository/io/opencensus/opencensus-contrib-http-util/0.18.0/opencensus-contrib-http-util-0.18.0.jar:/home/alex/.m2/repository/org/apache/activemq/activemq-broker/5.15.14/activemq-broker-5.15.14.jar:/home/alex/.m2/repository/org/apache/activemq/activemq-openwire-legacy/5.15.14/activemq-openwire-legacy-5.15.14.jar:/home/alex/Repositories/nifi/nifi-nar-bundles/nifi-standard-services/nifi-ssl-context-bundle/nifi-ssl-context-service/target/classes:/home/alex/Repositories/nifi/nifi-nar-bundles/nifi-framework-bundle/nifi-framework/nifi-standard-prioritizers/target/classes:/home/alex/Repositories/nifi/nifi-nar-bundles/nifi-extension-utils/nifi-record-utils/nifi-mock-record-utils/target/classes:/home/alex/Repositories/nifi/nifi-nar-bundles/nifi-standard-services/nifi-record-serialization-services-bundle/nifi-record-serialization-services/target/classes:/home/alex/.m2/repository/org/apache/commons/commons-csv/1.8/commons-csv-1.8.jar:/home/alex/.m2/repository/com/fasterxml/jackson/dataformat/jackson-dataformat-csv/2.12.3/jackson-dataformat-csv-2.12.3.jar:/home/alex/.m2/repository/net/java/dev/stax-utils/stax-utils/20070216/stax-utils-20070216.jar:/home/alex/Repositories/nifi/nifi-nar-bundles/nifi-standard-services/nifi-lookup-services-bundle/nifi-lookup-services/target/classes:/home/alex/.m2/repository/commons-beanutils/commons-beanutils/1.9.4/commons-beanutils-1.9.4.jar:/home/alex/.m2/repository/commons-collections/commons-collections/3.2.2/commons-collections-3.2.2.jar:/home/alex/.m2/repository/com/maxmind/geoip2/geoip2/2.12.0/geoip2-2.12.0.jar:/home/alex/.m2/repository/com/maxmind/db/maxmind-db/1.2.2/maxmind-db-1.2.2.jar:/home/alex/.m2/repository/org/apache/derby/derby/10.14.2.0/derby-10.14.2.0.jar:/home/alex/.m2/repository/org/xerial/snappy/snappy-java/1.1.7.3/snappy-java-1.1.7.3.jar:/home/alex/.m2/repository/net/lingala/zip4j/zip4j/2.8.0/zip4j-2.8.0.jar:/home/alex/.m2/repository/com/h2database/h2/1.4.187/h2-1.4.187.jar:/home/alex/.m2/repository/org/mockftpserver/MockFtpServer/2.7.1/MockFtpServer-2.7.1.jar:/home/alex/.m2/repository/org/apache/sshd/sshd-core/1.7.0/sshd-core-1.7.0.jar:/home/alex/.m2/repository/com/bazaarvoice/jolt/jolt-core/0.1.1/jolt-core-0.1.1.jar:/home/alex/.m2/repository/javax/inject/javax.inject/1/javax.inject-1.jar:/home/alex/.m2/repository/com/bazaarvoice/jolt/json-utils/0.1.1/json-utils-0.1.1.jar:/home/alex/Repositories/nifi/nifi-nar-bundles/nifi-standard-bundle/nifi-standard-utils/target/classes:/home/alex/.m2/repository/net/sf/supercsv/super-csv/2.4.0/super-csv-2.4.0.jar:/home/alex/.m2/repository/com/fluenda/parcefone/2.1.0/parcefone-2.1.0.jar:/home/alex/.m2/repository/javax/validation/validation-api/1.1.0.Final/validation-api-1.1.0.Final.jar:/home/alex/.m2/repository/javax/el/javax.el-api/3.0.0/javax.el-api-3.0.0.jar:/home/alex/.m2/repository/com/github/wnameless/json/json-flattener/0.12.0/json-flattener-0.12.0.jar:/home/alex/.m2/repository/com/github/wnameless/json/json-base/2.0.0/json-base-2.0.0.jar:/home/alex/.m2/repository/org/apache/bval/bval-jsr/1.1.2/bval-jsr-1.1.2.jar:/home/alex/.m2/repository/org/apache/bval/bval-core/1.1.2/bval-core-1.1.2.jar:/home/alex/.m2/repository/io/krakens/java-grok/0.1.9/java-grok-0.1.9.jar:/home/alex/.m2/repository/org/apache/calcite/calcite-core/1.27.0/calcite-core-1.27.0.jar:/home/alex/.m2/repository/org/apache/calcite/calcite-linq4j/1.27.0/calcite-linq4j-1.27.0.jar:/home/alex/.m2/repository/com/esri/geometry/esri-geometry-api/2.2.0/esri-geometry-api-2.2.0.jar:/home/alex/.m2/repository/org/apache/calcite/avatica/avatica-core/1.18.0/avatica-core-1.18.0.jar:/home/alex/.m2/repository/org/apache/calcite/avatica/avatica-metrics/1.18.0/avatica-metrics-1.18.0.jar:/home/alex/.m2/repository/com/google/protobuf/protobuf-java/3.6.1/protobuf-java-3.6.1.jar:/home/alex/.m2/repository/org/apiguardian/apiguardian-api/1.1.0/apiguardian-api-1.1.0.jar:/home/alex/.m2/repository/com/fasterxml/jackson/dataformat/jackson-dataformat-yaml/2.10.0/jackson-dataformat-yaml-2.10.0.jar:/home/alex/.m2/repository/org/yaml/snakeyaml/1.29/snakeyaml-1.29.jar:/home/alex/.m2/repository/com/google/uzaygezen/uzaygezen-core/0.2/uzaygezen-core-0.2.jar:/home/alex/.m2/repository/com/yahoo/datasketches/sketches-core/0.9.0/sketches-core-0.9.0.jar:/home/alex/.m2/repository/com/yahoo/datasketches/memory/0.9.0/memory-0.9.0.jar:/home/alex/.m2/repository/net/hydromatic/aggdesigner-algorithm/6.0/aggdesigner-algorithm-6.0.jar:/home/alex/.m2/repository/commons-lang/commons-lang/2.4/commons-lang-2.4.jar:/home/alex/.m2/repository/org/apache/commons/commons-dbcp2/2.6.0/commons-dbcp2-2.6.0.jar:/home/alex/.m2/repository/org/apache/commons/commons-pool2/2.6.1/commons-pool2-2.6.1.jar:/home/alex/.m2/repository/org/codehaus/janino/commons-compiler/3.0.11/commons-compiler-3.0.11.jar:/home/alex/.m2/repository/org/codehaus/janino/janino/3.0.11/janino-3.0.11.jar:/home/alex/Repositories/nifi/nifi-nar-bundles/nifi-standard-services/nifi-schema-registry-service-api/target/classes:/home/alex/Repositories/nifi/nifi-nar-bundles/nifi-extension-utils/nifi-database-utils/target/classes:/home/alex/Repositories/nifi/nifi-nar-bundles/nifi-standard-bundle/nifi-standard-web-test-utils/target/classes:/home/alex/.m2/repository/com/github/stefanbirkner/fake-sftp-server-rule/2.0.1/fake-sftp-server-rule-2.0.1.jar:/home/alex/.m2/repository/com/github/marschall/memoryfilesystem/2.8.0/memoryfilesystem-2.8.0.jar:/home/alex/.m2/repository/junit/junit/4.13.2/junit-4.13.2.jar:/home/alex/.m2/repository/org/hamcrest/hamcrest-core/1.3/hamcrest-core-1.3.jar:/home/alex/Repositories/nifi/nifi-nar-bundles/nifi-extension-utils/nifi-database-test-utils/target/classes:/home/alex/.m2/repository/org/codehaus/groovy/groovy-json/2.5.14/groovy-json-2.5.14.jar:/home/alex/.m2/repository/org/codehaus/groovy/groovy/2.5.14/groovy-2.5.14.jar:/home/alex/.m2/repository/org/codehaus/groovy/groovy-servlet/2.5.14/groovy-servlet-2.5.14.jar:/home/alex/.m2/repository/org/codehaus/groovy/groovy-templates/2.5.14/groovy-templates-2.5.14.jar:/home/alex/.m2/repository/org/codehaus/groovy/groovy-xml/2.5.14/groovy-xml-2.5.14.jar:/home/alex/.m2/repository/org/hamcrest/hamcrest-all/1.3/hamcrest-all-1.3.jar:/home/alex/.m2/repository/com/squareup/okhttp3/mockwebserver/4.9.2/mockwebserver-4.9.2.jar:/home/alex/.m2/repository/org/jetbrains/kotlin/kotlin-stdlib-jdk8/1.4.10/kotlin-stdlib-jdk8-1.4.10.jar:/home/alex/.m2/repository/org/jetbrains/kotlin/kotlin-stdlib-jdk7/1.4.10/kotlin-stdlib-jdk7-1.4.10.jar:/home/alex/.m2/repository/org/mockito/mockito-inline/3.12.4/mockito-inline-3.12.4.jar:/home/alex/.m2/repository/org/junit/jupiter/junit-jupiter-api/5.7.2/junit-jupiter-api-5.7.2.jar:/home/alex/.m2/repository/org/opentest4j/opentest4j/1.2.0/opentest4j-1.2.0.jar:/home/alex/.m2/repository/org/junit/platform/junit-platform-commons/1.7.2/junit-platform-commons-1.7.2.jar:/home/alex/.m2/repository/org/junit/jupiter/junit-jupiter-engine/5.7.2/junit-jupiter-engine-5.7.2.jar:/home/alex/.m2/repository/org/junit/platform/junit-platform-engine/1.7.2/junit-platform-engine-1.7.2.jar:/home/alex/.m2/repository/org/junit/vintage/junit-vintage-engine/5.7.2/junit-vintage-engine-5.7.2.jar:/home/alex/.m2/repository/org/junit/jupiter/junit-jupiter-params/5.7.2/junit-jupiter-params-5.7.2.jar:/home/alex/.m2/repository/org/mockito/mockito-core/3.11.2/mockito-core-3.11.2.jar:/home/alex/.m2/repository/net/bytebuddy/byte-buddy/1.11.3/byte-buddy-1.11.3.jar:/home/alex/.m2/repository/net/bytebuddy/byte-buddy-agent/1.11.3/byte-buddy-agent-1.11.3.jar:/home/alex/.m2/repository/org/objenesis/objenesis/3.2/objenesis-3.2.jar:/home/alex/.m2/repository/org/mockito/mockito-junit-jupiter/3.11.2/mockito-junit-jupiter-3.11.2.jar:/home/alex/.m2/repository/org/slf4j/slf4j-simple/1.7.32/slf4j-simple-1.7.32.jar:/home/alex/.m2/repository/org/codehaus/groovy/groovy-test/2.5.14/groovy-test-2.5.14.jar:"/>
    <property name="sun.cpu.endian" value="little"/>
    <property name="user.home" value="/home/alex"/>
    <property name="user.language" value="en"/>
    <property name="java.specification.vendor" value="Oracle Corporation"/>
    <property name="java.home" value="/usr/lib/jvm/java-8-openjdk-amd64/jre"/>
    <property name="basedir" value="/home/alex/Repositories/nifi/nifi-nar-bundles/nifi-standard-bundle/nifi-standard-processors"/>
    <property name="file.separator" value="/"/>
    <property name="line.separator" value="&#10;"/>
    <property name="java.vm.specification.vendor" value="Oracle Corporation"/>
    <property name="java.specification.name" value="Java Platform API Specification"/>
    <property name="derby.stream.error.file" value="target/derby.log"/>
    <property name="java.awt.graphicsenv" value="sun.awt.X11GraphicsEnvironment"/>
    <property name="org.slf4j.simpleLogger.log.org.apache.nifi.processors.standard.SQLTransform" value="debug"/>
    <property name="java.awt.headless" value="true"/>
    <property name="org.slf4j.simpleLogger.showDateTime" value="true"/>
    <property name="surefire.real.class.path" value="/home/alex/Repositories/nifi/nifi-nar-bundles/nifi-standard-bundle/nifi-standard-processors/target/surefire/surefirebooter7473415933682638322.jar"/>
    <property name="sun.boot.class.path" value="/usr/lib/jvm/java-8-openjdk-amd64/jre/lib/resources.jar:/usr/lib/jvm/java-8-openjdk-amd64/jre/lib/rt.jar:/usr/lib/jvm/java-8-openjdk-amd64/jre/lib/sunrsasign.jar:/usr/lib/jvm/java-8-openjdk-amd64/jre/lib/jsse.jar:/usr/lib/jvm/java-8-openjdk-amd64/jre/lib/jce.jar:/usr/lib/jvm/java-8-openjdk-amd64/jre/lib/charsets.jar:/usr/lib/jvm/java-8-openjdk-amd64/jre/lib/jfr.jar:/usr/lib/jvm/java-8-openjdk-amd64/jre/classes"/>
    <property name="sun.management.compiler" value="HotSpot 64-Bit Tiered Compilers"/>
    <property name="java.runtime.version" value="1.8.0_402-8u402-ga-2ubuntu1~22.04-b06"/>
    <property name="java.net.preferIPv4Stack" value="true"/>
    <property name="user.name" value="alex"/>
    <property name="path.separator" value=":"/>
    <property name="os.version" value="6.5.0-28-generic"/>
    <property name="java.endorsed.dirs" value="/usr/lib/jvm/java-8-openjdk-amd64/jre/lib/endorsed"/>
    <property name="java.runtime.name" value="OpenJDK Runtime Environment"/>
    <property name="file.encoding" value="UTF-8"/>
    <property name="sun.nio.ch.bugLevel" value=""/>
    <property name="java.vm.name" value="OpenJDK 64-Bit Server VM"/>
    <property name="localRepository" value="/home/alex/.m2/repository"/>
    <property name="java.vendor.url.bug" value="http://bugreport.sun.com/bugreport/"/>
    <property name="java.io.tmpdir" value="/tmp"/>
    <property name="java.version" value="1.8.0_402"/>
    <property name="user.dir" value="/home/alex/Repositories/nifi/nifi-nar-bundles/nifi-standard-bundle/nifi-standard-processors"/>
    <property name="os.arch" value="amd64"/>
    <property name="java.vm.specification.name" value="Java Virtual Machine Specification"/>
    <property name="java.awt.printerjob" value="sun.print.PSPrinterJob"/>
    <property name="sun.os.patch.level" value="unknown"/>
    <property name="org.slf4j.simpleLogger.defaultLogLevel" value="info"/>
    <property name="java.library.path" value="/usr/java/packages/lib/amd64:/usr/lib/x86_64-linux-gnu/jni:/lib/x86_64-linux-gnu:/usr/lib/x86_64-linux-gnu:/usr/lib/jni:/lib:/usr/lib"/>
    <property name="java.vm.info" value="mixed mode"/>
    <property name="java.vendor" value="Private Build"/>
    <property name="java.vm.version" value="25.402-b06"/>
    <property name="java.specification.maintenance.version" value="5"/>
    <property name="java.ext.dirs" value="/usr/lib/jvm/java-8-openjdk-amd64/jre/lib/ext:/usr/java/packages/lib/ext"/>
    <property name="sun.io.unicode.encoding" value="UnicodeLittle"/>
    <property name="java.class.version" value="52.0"/>
  </properties>
  <testcase name="testShouldCalculateHashOfPresentAttribute" classname="org.apache.nifi.processors.standard.CryptographicHashAttributeTest" time="0.061">
    <system-err><![CDATA[[main] INFO org.apache.nifi.processors.standard.CryptographicHashAttributeTest - [EXPECTED]         MD2(alopresto) = 326d36aff5e2473c23ab54b6a193d737
[main] INFO org.apache.nifi.processors.standard.CryptographicHashAttributeTest - [EXPECTED]         MD2(2024-05-02 02:45:31.755 +0100) = f3a292d8561a3bbca377394f4b9fec8d
[main] INFO org.apache.nifi.processors.standard.CryptographicHashAttributeTest - Setting hash algorithm to MD2
[main] INFO org.apache.nifi.processors.standard.CryptographicHashAttributeTest - flowfile.username_MD2 = 326d36aff5e2473c23ab54b6a193d737
[main] INFO org.apache.nifi.processors.standard.CryptographicHashAttributeTest - flowfile.date_MD2 = f3a292d8561a3bbca377394f4b9fec8d
[main] INFO org.apache.nifi.processors.standard.CryptographicHashAttributeTest - [EXPECTED]         MD5(alopresto) = 543d5b89b8d21eefd90e36e6dceaf715
[main] INFO org.apache.nifi.processors.standard.CryptographicHashAttributeTest - [EXPECTED]         MD5(2024-05-02 02:45:31.755 +0100) = c74763b64935c3df7a9a166b1a1f7ec5
[main] INFO org.apache.nifi.processors.standard.CryptographicHashAttributeTest - Setting hash algorithm to MD5
[main] INFO org.apache.nifi.processors.standard.CryptographicHashAttributeTest - flowfile.username_MD5 = 543d5b89b8d21eefd90e36e6dceaf715
[main] INFO org.apache.nifi.processors.standard.CryptographicHashAttributeTest - flowfile.date_MD5 = c74763b64935c3df7a9a166b1a1f7ec5
[main] INFO org.apache.nifi.processors.standard.CryptographicHashAttributeTest - [EXPECTED]       SHA-1(alopresto) = feb3cf00ee9bc01575e9428a4270e7b599f5a4bd
[main] INFO org.apache.nifi.processors.standard.CryptographicHashAttributeTest - [EXPECTED]       SHA-1(2024-05-02 02:45:31.755 +0100) = d43f0274fa4346621a9065abff1b98ca30b24b75
[main] INFO org.apache.nifi.processors.standard.CryptographicHashAttributeTest - Setting hash algorithm to SHA-1
[main] INFO org.apache.nifi.processors.standard.CryptographicHashAttributeTest - flowfile.username_SHA-1 = feb3cf00ee9bc01575e9428a4270e7b599f5a4bd
[main] INFO org.apache.nifi.processors.standard.CryptographicHashAttributeTest - flowfile.date_SHA-1 = d43f0274fa4346621a9065abff1b98ca30b24b75
[main] INFO org.apache.nifi.processors.standard.CryptographicHashAttributeTest - [EXPECTED]     SHA-224(alopresto) = 1350407880aca59020712c9828884ad48befea1ad614780a1162c8bf
[main] INFO org.apache.nifi.processors.standard.CryptographicHashAttributeTest - [EXPECTED]     SHA-224(2024-05-02 02:45:31.755 +0100) = 07e9f3c506aefcc5dd50310a55e687bae1a6249a8fccfabf83593c4d
[main] INFO org.apache.nifi.processors.standard.CryptographicHashAttributeTest - Setting hash algorithm to SHA-224
[main] INFO org.apache.nifi.processors.standard.CryptographicHashAttributeTest - flowfile.username_SHA-224 = 1350407880aca59020712c9828884ad48befea1ad614780a1162c8bf
[main] INFO org.apache.nifi.processors.standard.CryptographicHashAttributeTest - flowfile.date_SHA-224 = 07e9f3c506aefcc5dd50310a55e687bae1a6249a8fccfabf83593c4d
[main] INFO org.apache.nifi.processors.standard.CryptographicHashAttributeTest - [EXPECTED]     SHA-256(alopresto) = 600973dc8f2b7bb2a20651ebefe4bf91c5295afef19f4d5b9994d581f5a68a23
[main] INFO org.apache.nifi.processors.standard.CryptographicHashAttributeTest - [EXPECTED]     SHA-256(2024-05-02 02:45:31.755 +0100) = a798cde2b28e4ef8366f7d32a2417ed7e4fbd968fb37b528bbd648118dbac716
[main] INFO org.apache.nifi.processors.standard.CryptographicHashAttributeTest - Setting hash algorithm to SHA-256
[main] INFO org.apache.nifi.processors.standard.CryptographicHashAttributeTest - flowfile.username_SHA-256 = 600973dc8f2b7bb2a20651ebefe4bf91c5295afef19f4d5b9994d581f5a68a23
[main] INFO org.apache.nifi.processors.standard.CryptographicHashAttributeTest - flowfile.date_SHA-256 = a798cde2b28e4ef8366f7d32a2417ed7e4fbd968fb37b528bbd648118dbac716
[main] INFO org.apache.nifi.processors.standard.CryptographicHashAttributeTest - [EXPECTED]     SHA-384(alopresto) = c5281f88fd5cff56fe512abc56930eae958b61049bffa296bafadac7696e2fd2fec8b5bcc9b69153ba0388b77b2f5b89
[main] INFO org.apache.nifi.processors.standard.CryptographicHashAttributeTest - [EXPECTED]     SHA-384(2024-05-02 02:45:31.755 +0100) = 0b8c3a68488a002acd5343fff802b7f93599fdf66289fccfb7622dc902fbe2d1b3cf37b5a129ecad6900725f1887d6bc
[main] INFO org.apache.nifi.processors.standard.CryptographicHashAttributeTest - Setting hash algorithm to SHA-384
[main] INFO org.apache.nifi.processors.standard.CryptographicHashAttributeTest - flowfile.username_SHA-384 = c5281f88fd5cff56fe512abc56930eae958b61049bffa296bafadac7696e2fd2fec8b5bcc9b69153ba0388b77b2f5b89
[main] INFO org.apache.nifi.processors.standard.CryptographicHashAttributeTest - flowfile.date_SHA-384 = 0b8c3a68488a002acd5343fff802b7f93599fdf66289fccfb7622dc902fbe2d1b3cf37b5a129ecad6900725f1887d6bc
[main] INFO org.apache.nifi.processors.standard.CryptographicHashAttributeTest - [EXPECTED]     SHA-512(alopresto) = 739b4f6722fb5de20125751c7a1a358b2a7eb8f07e530e4bf18561fbff93234908aa9d2577770c876bca9ede5ba784d5ce6081dbbdfe5ddd446678f223b8d632
[main] INFO org.apache.nifi.processors.standard.CryptographicHashAttributeTest - [EXPECTED]     SHA-512(2024-05-02 02:45:31.755 +0100) = 67040fc87ce3ad798de3075ca1bfb90a6319e14c938f10fe4b491b9e0184ff244d282e03b9f5a2acb1b688ff01ba68cc999a066704e0205c4b73cb1687f9e2ac
[main] INFO org.apache.nifi.processors.standard.CryptographicHashAttributeTest - Setting hash algorithm to SHA-512
[main] INFO org.apache.nifi.processors.standard.CryptographicHashAttributeTest - flowfile.username_SHA-512 = 739b4f6722fb5de20125751c7a1a358b2a7eb8f07e530e4bf18561fbff93234908aa9d2577770c876bca9ede5ba784d5ce6081dbbdfe5ddd446678f223b8d632
[main] INFO org.apache.nifi.processors.standard.CryptographicHashAttributeTest - flowfile.date_SHA-512 = 67040fc87ce3ad798de3075ca1bfb90a6319e14c938f10fe4b491b9e0184ff244d282e03b9f5a2acb1b688ff01ba68cc999a066704e0205c4b73cb1687f9e2ac
[main] INFO org.apache.nifi.processors.standard.CryptographicHashAttributeTest - [EXPECTED] SHA-512/224(alopresto) = 38a9636224af851358954799f78ec8757568f16856e07a33dd0cdacc
[main] INFO org.apache.nifi.processors.standard.CryptographicHashAttributeTest - [EXPECTED] SHA-512/224(2024-05-02 02:45:31.755 +0100) = ffe824e193b11a60b1ed0371323a92f97ef7bd7738d3008eb917bae6
[main] INFO org.apache.nifi.processors.standard.CryptographicHashAttributeTest - Setting hash algorithm to SHA-512/224
[main] INFO org.apache.nifi.processors.standard.CryptographicHashAttributeTest - flowfile.username_SHA-512/224 = 38a9636224af851358954799f78ec8757568f16856e07a33dd0cdacc
[main] INFO org.apache.nifi.processors.standard.CryptographicHashAttributeTest - flowfile.date_SHA-512/224 = ffe824e193b11a60b1ed0371323a92f97ef7bd7738d3008eb917bae6
[main] INFO org.apache.nifi.processors.standard.CryptographicHashAttributeTest - [EXPECTED] SHA-512/256(alopresto) = 370885c776287a2597419043f99d35d3e1062a19ca1a69be850769105120875c
[main] INFO org.apache.nifi.processors.standard.CryptographicHashAttributeTest - [EXPECTED] SHA-512/256(2024-05-02 02:45:31.755 +0100) = ce371fb1e7dd2a293ef02f484a80dcf3afd9570ec6d768f8495ae7ab68819e08
[main] INFO org.apache.nifi.processors.standard.CryptographicHashAttributeTest - Setting hash algorithm to SHA-512/256
[main] INFO org.apache.nifi.processors.standard.CryptographicHashAttributeTest - flowfile.username_SHA-512/256 = 370885c776287a2597419043f99d35d3e1062a19ca1a69be850769105120875c
[main] INFO org.apache.nifi.processors.standard.CryptographicHashAttributeTest - flowfile.date_SHA-512/256 = ce371fb1e7dd2a293ef02f484a80dcf3afd9570ec6d768f8495ae7ab68819e08
[main] INFO org.apache.nifi.processors.standard.CryptographicHashAttributeTest - [EXPECTED]    SHA3-224(alopresto) = 7ea11353d972cece9ec5767a36fe240b159c6fbfba64e33ec73ec13e
[main] INFO org.apache.nifi.processors.standard.CryptographicHashAttributeTest - [EXPECTED]    SHA3-224(2024-05-02 02:45:31.755 +0100) = ab90963992920b96cad190438c9393a87f4ebec00a165a74e5ba84d4
[main] INFO org.apache.nifi.processors.standard.CryptographicHashAttributeTest - Setting hash algorithm to SHA3-224
[main] INFO org.apache.nifi.processors.standard.CryptographicHashAttributeTest - flowfile.username_SHA3-224 = 7ea11353d972cece9ec5767a36fe240b159c6fbfba64e33ec73ec13e
[main] INFO org.apache.nifi.processors.standard.CryptographicHashAttributeTest - flowfile.date_SHA3-224 = ab90963992920b96cad190438c9393a87f4ebec00a165a74e5ba84d4
[main] INFO org.apache.nifi.processors.standard.CryptographicHashAttributeTest - [EXPECTED]    SHA3-256(alopresto) = 4eb6a96c91941d27f478d732312f81d535959fec854b37c1750abdbe8fb063e8
[main] INFO org.apache.nifi.processors.standard.CryptographicHashAttributeTest - [EXPECTED]    SHA3-256(2024-05-02 02:45:31.755 +0100) = 8cfc942b5bbc7072dc62d9219d1899dd9fc6095174d24d97a3b473bc23828b7d
[main] INFO org.apache.nifi.processors.standard.CryptographicHashAttributeTest - Setting hash algorithm to SHA3-256
[main] INFO org.apache.nifi.processors.standard.CryptographicHashAttributeTest - flowfile.username_SHA3-256 = 4eb6a96c91941d27f478d732312f81d535959fec854b37c1750abdbe8fb063e8
[main] INFO org.apache.nifi.processors.standard.CryptographicHashAttributeTest - flowfile.date_SHA3-256 = 8cfc942b5bbc7072dc62d9219d1899dd9fc6095174d24d97a3b473bc23828b7d
[main] INFO org.apache.nifi.processors.standard.CryptographicHashAttributeTest - [EXPECTED]    SHA3-384(alopresto) = ac2980977cd8cfc6c6b89a955fc827cc72ed959de855772ae63c442c20861261654e19de8ae7b1223da66a9cf3ea81a1
[main] INFO org.apache.nifi.processors.standard.CryptographicHashAttributeTest - [EXPECTED]    SHA3-384(2024-05-02 02:45:31.755 +0100) = 84da5d264df6b1858e53bbdce48d8fd1f0ea6f9dcc67644087355f1bf94708cf300ea54103503c985a21ea0a5437ea74
[main] INFO org.apache.nifi.processors.standard.CryptographicHashAttributeTest - Setting hash algorithm to SHA3-384
[main] INFO org.apache.nifi.processors.standard.CryptographicHashAttributeTest - flowfile.username_SHA3-384 = ac2980977cd8cfc6c6b89a955fc827cc72ed959de855772ae63c442c20861261654e19de8ae7b1223da66a9cf3ea81a1
[main] INFO org.apache.nifi.processors.standard.CryptographicHashAttributeTest - flowfile.date_SHA3-384 = 84da5d264df6b1858e53bbdce48d8fd1f0ea6f9dcc67644087355f1bf94708cf300ea54103503c985a21ea0a5437ea74
[main] INFO org.apache.nifi.processors.standard.CryptographicHashAttributeTest - [EXPECTED]    SHA3-512(alopresto) = 3f5fce02238d646c5b1f85732dd13b2fe23160bc0a1386c14f38d52a2c7b4c143aba6556f988e9e811d5138254e3d37c1d425c84b4bcf484d27e8c8634e3c030
[main] INFO org.apache.nifi.processors.standard.CryptographicHashAttributeTest - [EXPECTED]    SHA3-512(2024-05-02 02:45:31.755 +0100) = 3827cd798ba366d098a16a083fc83d3d611bce89271362697efbf15d5dc42d62007d6532e43f246276468e97ebf7db28a95cdea6370b6c13a70aebbed65448a3
[main] INFO org.apache.nifi.processors.standard.CryptographicHashAttributeTest - Setting hash algorithm to SHA3-512
[main] INFO org.apache.nifi.processors.standard.CryptographicHashAttributeTest - flowfile.username_SHA3-512 = 3f5fce02238d646c5b1f85732dd13b2fe23160bc0a1386c14f38d52a2c7b4c143aba6556f988e9e811d5138254e3d37c1d425c84b4bcf484d27e8c8634e3c030
[main] INFO org.apache.nifi.processors.standard.CryptographicHashAttributeTest - flowfile.date_SHA3-512 = 3827cd798ba366d098a16a083fc83d3d611bce89271362697efbf15d5dc42d62007d6532e43f246276468e97ebf7db28a95cdea6370b6c13a70aebbed65448a3
[main] INFO org.apache.nifi.processors.standard.CryptographicHashAttributeTest - [EXPECTED]  BLAKE2-160(alopresto) = 3183dbb75b206fb429365b5eba35eff3b4ad26e7
[main] INFO org.apache.nifi.processors.standard.CryptographicHashAttributeTest - [EXPECTED]  BLAKE2-160(2024-05-02 02:45:31.755 +0100) = b6c6f011036c89b41ea95b527c86756b0ea65bcf
[main] INFO org.apache.nifi.processors.standard.CryptographicHashAttributeTest - Setting hash algorithm to BLAKE2-160
[main] INFO org.apache.nifi.processors.standard.CryptographicHashAttributeTest - flowfile.username_BLAKE2-160 = 3183dbb75b206fb429365b5eba35eff3b4ad26e7
[main] INFO org.apache.nifi.processors.standard.CryptographicHashAttributeTest - flowfile.date_BLAKE2-160 = b6c6f011036c89b41ea95b527c86756b0ea65bcf
[main] INFO org.apache.nifi.processors.standard.CryptographicHashAttributeTest - [EXPECTED]  BLAKE2-256(alopresto) = c3240ba7756c0b1edb30147b26cc44c26793936b98a2f39a71f0071cc1e4a244
[main] INFO org.apache.nifi.processors.standard.CryptographicHashAttributeTest - [EXPECTED]  BLAKE2-256(2024-05-02 02:45:31.755 +0100) = 85385cc515542214365038bed27b0677017f9b796be0e20e84b888e67aaa95ab
[main] INFO org.apache.nifi.processors.standard.CryptographicHashAttributeTest - Setting hash algorithm to BLAKE2-256
[main] INFO org.apache.nifi.processors.standard.CryptographicHashAttributeTest - flowfile.username_BLAKE2-256 = c3240ba7756c0b1edb30147b26cc44c26793936b98a2f39a71f0071cc1e4a244
[main] INFO org.apache.nifi.processors.standard.CryptographicHashAttributeTest - flowfile.date_BLAKE2-256 = 85385cc515542214365038bed27b0677017f9b796be0e20e84b888e67aaa95ab
[main] INFO org.apache.nifi.processors.standard.CryptographicHashAttributeTest - [EXPECTED]  BLAKE2-384(alopresto) = f8e38969c7348870e5e7af09beac6931982fae61db1560b4de0b25004e75da48a9d004a8f848f4145bc0fd65778a286e
[main] INFO org.apache.nifi.processors.standard.CryptographicHashAttributeTest - [EXPECTED]  BLAKE2-384(2024-05-02 02:45:31.755 +0100) = 19d2a86b94dafa6dca74d11f69aca907e304df1af673281efa23d34cda7a7ca891a89e3c7a17af7ad1ae91fec563f07b
[main] INFO org.apache.nifi.processors.standard.CryptographicHashAttributeTest - Setting hash algorithm to BLAKE2-384
[main] INFO org.apache.nifi.processors.standard.CryptographicHashAttributeTest - flowfile.username_BLAKE2-384 = f8e38969c7348870e5e7af09beac6931982fae61db1560b4de0b25004e75da48a9d004a8f848f4145bc0fd65778a286e
[main] INFO org.apache.nifi.processors.standard.CryptographicHashAttributeTest - flowfile.date_BLAKE2-384 = 19d2a86b94dafa6dca74d11f69aca907e304df1af673281efa23d34cda7a7ca891a89e3c7a17af7ad1ae91fec563f07b
[main] INFO org.apache.nifi.processors.standard.CryptographicHashAttributeTest - [EXPECTED]  BLAKE2-512(alopresto) = 581f0339613fb4acf3de694dff4d7066fdaff163ab7af97812cabfd5e2dad0cd618d85099ff691aaa969ca22d244e4cdce43704a506383c7d78eea7754c32bdc
[main] INFO org.apache.nifi.processors.standard.CryptographicHashAttributeTest - [EXPECTED]  BLAKE2-512(2024-05-02 02:45:31.755 +0100) = e89717a87bf3df67d4c76a3994abc2495196472b39a1505bb3d3e0d09cfe9560815ee34c62442c2bb6895d54531450a8fc0a8e122f95b72a9bb2e224128c4101
[main] INFO org.apache.nifi.processors.standard.CryptographicHashAttributeTest - Setting hash algorithm to BLAKE2-512
[main] INFO org.apache.nifi.processors.standard.CryptographicHashAttributeTest - flowfile.username_BLAKE2-512 = 581f0339613fb4acf3de694dff4d7066fdaff163ab7af97812cabfd5e2dad0cd618d85099ff691aaa969ca22d244e4cdce43704a506383c7d78eea7754c32bdc
[main] INFO org.apache.nifi.processors.standard.CryptographicHashAttributeTest - flowfile.date_BLAKE2-512 = e89717a87bf3df67d4c76a3994abc2495196472b39a1505bb3d3e0d09cfe9560815ee34c62442c2bb6895d54531450a8fc0a8e122f95b72a9bb2e224128c4101
]]></system-err>
  </testcase>
  <testcase name="testShouldCalculateHashWithVariousCharacterEncodings" classname="org.apache.nifi.processors.standard.CryptographicHashAttributeTest" time="0.028">
    <system-err><![CDATA[[main] INFO org.apache.nifi.processors.standard.CryptographicHashAttributeTest - [EXPECTED] MD5(    utf_8(apachenifi)) = a968b5ec1d52449963dcc517789baaaf
[main] INFO org.apache.nifi.processors.standard.CryptographicHashAttributeTest - [EXPECTED] MD5(   utf_16(apachenifi)) = b8413d18f7e64042bb0322a1cd61eba2
[main] INFO org.apache.nifi.processors.standard.CryptographicHashAttributeTest - [EXPECTED] MD5( utf_16be(apachenifi)) = b8413d18f7e64042bb0322a1cd61eba2
[main] INFO org.apache.nifi.processors.standard.CryptographicHashAttributeTest - [EXPECTED] MD5( utf_16le(apachenifi)) = 91c3b67f9f8ae77156f21f271cc09121
[main] INFO org.apache.nifi.processors.standard.CryptographicHashAttributeTest - [EXPECTED] MD5(apachenifi, UTF-8) = a968b5ec1d52449963dcc517789baaaf
[main] INFO org.apache.nifi.processors.standard.CryptographicHashAttributeTest - Setting hash algorithm to MD5
[main] INFO org.apache.nifi.processors.standard.CryptographicHashAttributeTest - Setting character set to UTF-8
[main] INFO org.apache.nifi.processors.standard.CryptographicHashAttributeTest - flowfile.test_attribute_MD5 = a968b5ec1d52449963dcc517789baaaf
[main] WARN org.apache.nifi.security.util.crypto.HashService - The charset provided was UTF-16, but Java will insert a Big Endian BOM in the decoded message before hashing, so switching to UTF-16BE
[main] INFO org.apache.nifi.processors.standard.CryptographicHashAttributeTest - [EXPECTED] MD5(apachenifi, UTF-16) = b8413d18f7e64042bb0322a1cd61eba2
[main] INFO org.apache.nifi.processors.standard.CryptographicHashAttributeTest - Setting hash algorithm to MD5
[main] INFO org.apache.nifi.processors.standard.CryptographicHashAttributeTest - Setting character set to UTF-16
[pool-1325-thread-1] WARN org.apache.nifi.security.util.crypto.HashService - The charset provided was UTF-16, but Java will insert a Big Endian BOM in the decoded message before hashing, so switching to UTF-16BE
[main] INFO org.apache.nifi.processors.standard.CryptographicHashAttributeTest - flowfile.test_attribute_MD5 = b8413d18f7e64042bb0322a1cd61eba2
[main] INFO org.apache.nifi.processors.standard.CryptographicHashAttributeTest - [EXPECTED] MD5(apachenifi, UTF-16LE) = 91c3b67f9f8ae77156f21f271cc09121
[main] INFO org.apache.nifi.processors.standard.CryptographicHashAttributeTest - Setting hash algorithm to MD5
[main] INFO org.apache.nifi.processors.standard.CryptographicHashAttributeTest - Setting character set to UTF-16LE
[main] INFO org.apache.nifi.processors.standard.CryptographicHashAttributeTest - flowfile.test_attribute_MD5 = 91c3b67f9f8ae77156f21f271cc09121
[main] INFO org.apache.nifi.processors.standard.CryptographicHashAttributeTest - [EXPECTED] MD5(apachenifi, UTF-16BE) = b8413d18f7e64042bb0322a1cd61eba2
[main] INFO org.apache.nifi.processors.standard.CryptographicHashAttributeTest - Setting hash algorithm to MD5
[main] INFO org.apache.nifi.processors.standard.CryptographicHashAttributeTest - Setting character set to UTF-16BE
[main] INFO org.apache.nifi.processors.standard.CryptographicHashAttributeTest - flowfile.test_attribute_MD5 = b8413d18f7e64042bb0322a1cd61eba2
]]></system-err>
  </testcase>
  <testcase name="testShouldRouteToFailureOnEmptyAttributes" classname="org.apache.nifi.processors.standard.CryptographicHashAttributeTest" time="0.013">
    <system-err><![CDATA[[main] INFO org.apache.nifi.processors.standard.CryptographicHashAttributeTest - Setting hash algorithm to MD2
[pool-1328-thread-1] INFO org.apache.nifi.processors.standard.CryptographicHashAttribute - CryptographicHashAttribute[id=224f6a73-15e6-4901-ae84-61147e745bb0] Routing FlowFile[0,94751748598799.mockFlowFile,0B] to 'failure' because of missing all attributes: 
[main] INFO org.apache.nifi.processors.standard.CryptographicHashAttributeTest - Failed flowfile has attributes [date:null, path:target, filename:94751748598799.mockFlowFile, uuid:f37b2686-e3e5-4497-967f-0164a6365813, username:]
[main] INFO org.apache.nifi.processors.standard.CryptographicHashAttributeTest - Setting hash algorithm to MD5
[pool-1329-thread-1] INFO org.apache.nifi.processors.standard.CryptographicHashAttribute - CryptographicHashAttribute[id=224f6a73-15e6-4901-ae84-61147e745bb0] Routing FlowFile[1,94751750835722.mockFlowFile,0B] to 'failure' because of missing all attributes: 
[main] INFO org.apache.nifi.processors.standard.CryptographicHashAttributeTest - Failed flowfile has attributes [date:null, path:target, filename:94751750835722.mockFlowFile, uuid:d07c934c-c4e1-4d2d-8341-ffc17ad3f805, username:]
[main] INFO org.apache.nifi.processors.standard.CryptographicHashAttributeTest - Setting hash algorithm to SHA-1
[pool-1330-thread-1] INFO org.apache.nifi.processors.standard.CryptographicHashAttribute - CryptographicHashAttribute[id=224f6a73-15e6-4901-ae84-61147e745bb0] Routing FlowFile[2,94751751628405.mockFlowFile,0B] to 'failure' because of missing all attributes: 
[main] INFO org.apache.nifi.processors.standard.CryptographicHashAttributeTest - Failed flowfile has attributes [date:null, path:target, filename:94751751628405.mockFlowFile, uuid:49c0d013-f65e-43ab-a591-01d6a799153b, username:]
[main] INFO org.apache.nifi.processors.standard.CryptographicHashAttributeTest - Setting hash algorithm to SHA-224
[pool-1331-thread-1] INFO org.apache.nifi.processors.standard.CryptographicHashAttribute - CryptographicHashAttribute[id=224f6a73-15e6-4901-ae84-61147e745bb0] Routing FlowFile[3,94751752081205.mockFlowFile,0B] to 'failure' because of missing all attributes: 
[main] INFO org.apache.nifi.processors.standard.CryptographicHashAttributeTest - Failed flowfile has attributes [date:null, path:target, filename:94751752081205.mockFlowFile, uuid:34b49bb3-6fd0-4b75-a2fa-029c2a273066, username:]
[main] INFO org.apache.nifi.processors.standard.CryptographicHashAttributeTest - Setting hash algorithm to SHA-256
[pool-1332-thread-1] INFO org.apache.nifi.processors.standard.CryptographicHashAttribute - CryptographicHashAttribute[id=224f6a73-15e6-4901-ae84-61147e745bb0] Routing FlowFile[4,94751752585905.mockFlowFile,0B] to 'failure' because of missing all attributes: 
[main] INFO org.apache.nifi.processors.standard.CryptographicHashAttributeTest - Failed flowfile has attributes [date:null, path:target, filename:94751752585905.mockFlowFile, uuid:a16b8f3b-3670-4231-99b5-dae9f39824c3, username:]
[main] INFO org.apache.nifi.processors.standard.CryptographicHashAttributeTest - Setting hash algorithm to SHA-384
[pool-1333-thread-1] INFO org.apache.nifi.processors.standard.CryptographicHashAttribute - CryptographicHashAttribute[id=224f6a73-15e6-4901-ae84-61147e745bb0] Routing FlowFile[5,94751753048702.mockFlowFile,0B] to 'failure' because of missing all attributes: 
[main] INFO org.apache.nifi.processors.standard.CryptographicHashAttributeTest - Failed flowfile has attributes [date:null, path:target, filename:94751753048702.mockFlowFile, uuid:8aaf461a-b838-41e0-85d1-e53c49f38b72, username:]
[main] INFO org.apache.nifi.processors.standard.CryptographicHashAttributeTest - Setting hash algorithm to SHA-512
[pool-1334-thread-1] INFO org.apache.nifi.processors.standard.CryptographicHashAttribute - CryptographicHashAttribute[id=224f6a73-15e6-4901-ae84-61147e745bb0] Routing FlowFile[6,94751753706177.mockFlowFile,0B] to 'failure' because of missing all attributes: 
[main] INFO org.apache.nifi.processors.standard.CryptographicHashAttributeTest - Failed flowfile has attributes [date:null, path:target, filename:94751753706177.mockFlowFile, uuid:f3da7b2a-4dc0-4679-9d23-d547a62398fe, username:]
[main] INFO org.apache.nifi.processors.standard.CryptographicHashAttributeTest - Setting hash algorithm to SHA-512/224
[pool-1335-thread-1] INFO org.apache.nifi.processors.standard.CryptographicHashAttribute - CryptographicHashAttribute[id=224f6a73-15e6-4901-ae84-61147e745bb0] Routing FlowFile[7,94751754280543.mockFlowFile,0B] to 'failure' because of missing all attributes: 
[main] INFO org.apache.nifi.processors.standard.CryptographicHashAttributeTest - Failed flowfile has attributes [date:null, path:target, filename:94751754280543.mockFlowFile, uuid:ae5f3eed-3a2c-46d8-802b-fd7d5b6325a0, username:]
[main] INFO org.apache.nifi.processors.standard.CryptographicHashAttributeTest - Setting hash algorithm to SHA-512/256
[pool-1336-thread-1] INFO org.apache.nifi.processors.standard.CryptographicHashAttribute - CryptographicHashAttribute[id=224f6a73-15e6-4901-ae84-61147e745bb0] Routing FlowFile[8,94751755179466.mockFlowFile,0B] to 'failure' because of missing all attributes: 
[main] INFO org.apache.nifi.processors.standard.CryptographicHashAttributeTest - Failed flowfile has attributes [date:null, path:target, filename:94751755179466.mockFlowFile, uuid:b5b1571b-4d02-4042-aa3c-3fe7cb100101, username:]
[main] INFO org.apache.nifi.processors.standard.CryptographicHashAttributeTest - Setting hash algorithm to SHA3-224
[pool-1337-thread-1] INFO org.apache.nifi.processors.standard.CryptographicHashAttribute - CryptographicHashAttribute[id=224f6a73-15e6-4901-ae84-61147e745bb0] Routing FlowFile[9,94751755765761.mockFlowFile,0B] to 'failure' because of missing all attributes: 
[main] INFO org.apache.nifi.processors.standard.CryptographicHashAttributeTest - Failed flowfile has attributes [date:null, path:target, filename:94751755765761.mockFlowFile, uuid:c2300260-2de7-411a-b571-a0b1e2fe9b0c, username:]
[main] INFO org.apache.nifi.processors.standard.CryptographicHashAttributeTest - Setting hash algorithm to SHA3-256
[pool-1338-thread-1] INFO org.apache.nifi.processors.standard.CryptographicHashAttribute - CryptographicHashAttribute[id=224f6a73-15e6-4901-ae84-61147e745bb0] Routing FlowFile[10,94751756216691.mockFlowFile,0B] to 'failure' because of missing all attributes: 
[main] INFO org.apache.nifi.processors.standard.CryptographicHashAttributeTest - Failed flowfile has attributes [date:null, path:target, filename:94751756216691.mockFlowFile, uuid:fec3749f-c7e7-4754-a27f-917cfa79946f, username:]
[main] INFO org.apache.nifi.processors.standard.CryptographicHashAttributeTest - Setting hash algorithm to SHA3-384
[pool-1339-thread-1] INFO org.apache.nifi.processors.standard.CryptographicHashAttribute - CryptographicHashAttribute[id=224f6a73-15e6-4901-ae84-61147e745bb0] Routing FlowFile[11,94751756648859.mockFlowFile,0B] to 'failure' because of missing all attributes: 
[main] INFO org.apache.nifi.processors.standard.CryptographicHashAttributeTest - Failed flowfile has attributes [date:null, path:target, filename:94751756648859.mockFlowFile, uuid:55f8c091-e9b2-4325-bef2-0875dee286d6, username:]
[main] INFO org.apache.nifi.processors.standard.CryptographicHashAttributeTest - Setting hash algorithm to SHA3-512
[pool-1340-thread-1] INFO org.apache.nifi.processors.standard.CryptographicHashAttribute - CryptographicHashAttribute[id=224f6a73-15e6-4901-ae84-61147e745bb0] Routing FlowFile[12,94751757003444.mockFlowFile,0B] to 'failure' because of missing all attributes: 
[main] INFO org.apache.nifi.processors.standard.CryptographicHashAttributeTest - Failed flowfile has attributes [date:null, path:target, filename:94751757003444.mockFlowFile, uuid:8d5cb186-b985-4a9c-93e7-169b86d1fe6f, username:]
[main] INFO org.apache.nifi.processors.standard.CryptographicHashAttributeTest - Setting hash algorithm to BLAKE2-160
[pool-1341-thread-1] INFO org.apache.nifi.processors.standard.CryptographicHashAttribute - CryptographicHashAttribute[id=224f6a73-15e6-4901-ae84-61147e745bb0] Routing FlowFile[13,94751757414225.mockFlowFile,0B] to 'failure' because of missing all attributes: 
[main] INFO org.apache.nifi.processors.standard.CryptographicHashAttributeTest - Failed flowfile has attributes [date:null, path:target, filename:94751757414225.mockFlowFile, uuid:827d4092-31b2-4fb8-8f5e-08333236afdf, username:]
[main] INFO org.apache.nifi.processors.standard.CryptographicHashAttributeTest - Setting hash algorithm to BLAKE2-256
[pool-1342-thread-1] INFO org.apache.nifi.processors.standard.CryptographicHashAttribute - CryptographicHashAttribute[id=224f6a73-15e6-4901-ae84-61147e745bb0] Routing FlowFile[14,94751757895372.mockFlowFile,0B] to 'failure' because of missing all attributes: 
[main] INFO org.apache.nifi.processors.standard.CryptographicHashAttributeTest - Failed flowfile has attributes [date:null, path:target, filename:94751757895372.mockFlowFile, uuid:8910b492-0876-4d1b-801e-78bd175a7d54, username:]
[main] INFO org.apache.nifi.processors.standard.CryptographicHashAttributeTest - Setting hash algorithm to BLAKE2-384
[pool-1343-thread-1] INFO org.apache.nifi.processors.standard.CryptographicHashAttribute - CryptographicHashAttribute[id=224f6a73-15e6-4901-ae84-61147e745bb0] Routing FlowFile[15,94751758532263.mockFlowFile,0B] to 'failure' because of missing all attributes: 
[main] INFO org.apache.nifi.processors.standard.CryptographicHashAttributeTest - Failed flowfile has attributes [date:null, path:target, filename:94751758532263.mockFlowFile, uuid:2bf24ea2-bfdf-4b5c-bb25-5f7309d842f8, username:]
[main] INFO org.apache.nifi.processors.standard.CryptographicHashAttributeTest - Setting hash algorithm to BLAKE2-512
[pool-1344-thread-1] INFO org.apache.nifi.processors.standard.CryptographicHashAttribute - CryptographicHashAttribute[id=224f6a73-15e6-4901-ae84-61147e745bb0] Routing FlowFile[16,94751759144401.mockFlowFile,0B] to 'failure' because of missing all attributes: 
[main] INFO org.apache.nifi.processors.standard.CryptographicHashAttributeTest - Failed flowfile has attributes [date:null, path:target, filename:94751759144401.mockFlowFile, uuid:09563508-b9d1-4002-831c-c8bb397b4718, username:]
]]></system-err>
  </testcase>
  <testcase name="testShouldCalculateHashOfMissingAttribute" classname="org.apache.nifi.processors.standard.CryptographicHashAttributeTest" time="0.054">
    <system-err><![CDATA[[main] INFO org.apache.nifi.processors.standard.CryptographicHashAttributeTest - [EXPECTED]         MD2() = 8350e5a3e24c153df2275c9f80692773
[main] INFO org.apache.nifi.processors.standard.CryptographicHashAttributeTest - [EXPECTED]         MD2(null) = null
[main] INFO org.apache.nifi.processors.standard.CryptographicHashAttributeTest - Setting hash algorithm to MD2
[main] INFO org.apache.nifi.processors.standard.CryptographicHashAttributeTest - flowfile.username_MD2 = 8350e5a3e24c153df2275c9f80692773
[main] INFO org.apache.nifi.processors.standard.CryptographicHashAttributeTest - flowfile.date_MD2 = null
[main] INFO org.apache.nifi.processors.standard.CryptographicHashAttributeTest - [EXPECTED]         MD5() = d41d8cd98f00b204e9800998ecf8427e
[main] INFO org.apache.nifi.processors.standard.CryptographicHashAttributeTest - [EXPECTED]         MD5(null) = null
[main] INFO org.apache.nifi.processors.standard.CryptographicHashAttributeTest - Setting hash algorithm to MD5
[main] INFO org.apache.nifi.processors.standard.CryptographicHashAttributeTest - flowfile.username_MD5 = d41d8cd98f00b204e9800998ecf8427e
[main] INFO org.apache.nifi.processors.standard.CryptographicHashAttributeTest - flowfile.date_MD5 = null
[main] INFO org.apache.nifi.processors.standard.CryptographicHashAttributeTest - [EXPECTED]       SHA-1() = da39a3ee5e6b4b0d3255bfef95601890afd80709
[main] INFO org.apache.nifi.processors.standard.CryptographicHashAttributeTest - [EXPECTED]       SHA-1(null) = null
[main] INFO org.apache.nifi.processors.standard.CryptographicHashAttributeTest - Setting hash algorithm to SHA-1
[main] INFO org.apache.nifi.processors.standard.CryptographicHashAttributeTest - flowfile.username_SHA-1 = da39a3ee5e6b4b0d3255bfef95601890afd80709
[main] INFO org.apache.nifi.processors.standard.CryptographicHashAttributeTest - flowfile.date_SHA-1 = null
[main] INFO org.apache.nifi.processors.standard.CryptographicHashAttributeTest - [EXPECTED]     SHA-224() = d14a028c2a3a2bc9476102bb288234c415a2b01f828ea62ac5b3e42f
[main] INFO org.apache.nifi.processors.standard.CryptographicHashAttributeTest - [EXPECTED]     SHA-224(null) = null
[main] INFO org.apache.nifi.processors.standard.CryptographicHashAttributeTest - Setting hash algorithm to SHA-224
[main] INFO org.apache.nifi.processors.standard.CryptographicHashAttributeTest - flowfile.username_SHA-224 = d14a028c2a3a2bc9476102bb288234c415a2b01f828ea62ac5b3e42f
[main] INFO org.apache.nifi.processors.standard.CryptographicHashAttributeTest - flowfile.date_SHA-224 = null
[main] INFO org.apache.nifi.processors.standard.CryptographicHashAttributeTest - [EXPECTED]     SHA-256() = e3b0c44298fc1c149afbf4c8996fb92427ae41e4649b934ca495991b7852b855
[main] INFO org.apache.nifi.processors.standard.CryptographicHashAttributeTest - [EXPECTED]     SHA-256(null) = null
[main] INFO org.apache.nifi.processors.standard.CryptographicHashAttributeTest - Setting hash algorithm to SHA-256
[main] INFO org.apache.nifi.processors.standard.CryptographicHashAttributeTest - flowfile.username_SHA-256 = e3b0c44298fc1c149afbf4c8996fb92427ae41e4649b934ca495991b7852b855
[main] INFO org.apache.nifi.processors.standard.CryptographicHashAttributeTest - flowfile.date_SHA-256 = null
[main] INFO org.apache.nifi.processors.standard.CryptographicHashAttributeTest - [EXPECTED]     SHA-384() = 38b060a751ac96384cd9327eb1b1e36a21fdb71114be07434c0cc7bf63f6e1da274edebfe76f65fbd51ad2f14898b95b
[main] INFO org.apache.nifi.processors.standard.CryptographicHashAttributeTest - [EXPECTED]     SHA-384(null) = null
[main] INFO org.apache.nifi.processors.standard.CryptographicHashAttributeTest - Setting hash algorithm to SHA-384
[main] INFO org.apache.nifi.processors.standard.CryptographicHashAttributeTest - flowfile.username_SHA-384 = 38b060a751ac96384cd9327eb1b1e36a21fdb71114be07434c0cc7bf63f6e1da274edebfe76f65fbd51ad2f14898b95b
[main] INFO org.apache.nifi.processors.standard.CryptographicHashAttributeTest - flowfile.date_SHA-384 = null
[main] INFO org.apache.nifi.processors.standard.CryptographicHashAttributeTest - [EXPECTED]     SHA-512() = cf83e1357eefb8bdf1542850d66d8007d620e4050b5715dc83f4a921d36ce9ce47d0d13c5d85f2b0ff8318d2877eec2f63b931bd47417a81a538327af927da3e
[main] INFO org.apache.nifi.processors.standard.CryptographicHashAttributeTest - [EXPECTED]     SHA-512(null) = null
[main] INFO org.apache.nifi.processors.standard.CryptographicHashAttributeTest - Setting hash algorithm to SHA-512
[main] INFO org.apache.nifi.processors.standard.CryptographicHashAttributeTest - flowfile.username_SHA-512 = cf83e1357eefb8bdf1542850d66d8007d620e4050b5715dc83f4a921d36ce9ce47d0d13c5d85f2b0ff8318d2877eec2f63b931bd47417a81a538327af927da3e
[main] INFO org.apache.nifi.processors.standard.CryptographicHashAttributeTest - flowfile.date_SHA-512 = null
[main] INFO org.apache.nifi.processors.standard.CryptographicHashAttributeTest - [EXPECTED] SHA-512/224() = 6ed0dd02806fa89e25de060c19d3ac86cabb87d6a0ddd05c333b84f4
[main] INFO org.apache.nifi.processors.standard.CryptographicHashAttributeTest - [EXPECTED] SHA-512/224(null) = null
[main] INFO org.apache.nifi.processors.standard.CryptographicHashAttributeTest - Setting hash algorithm to SHA-512/224
[main] INFO org.apache.nifi.processors.standard.CryptographicHashAttributeTest - flowfile.username_SHA-512/224 = 6ed0dd02806fa89e25de060c19d3ac86cabb87d6a0ddd05c333b84f4
[main] INFO org.apache.nifi.processors.standard.CryptographicHashAttributeTest - flowfile.date_SHA-512/224 = null
[main] INFO org.apache.nifi.processors.standard.CryptographicHashAttributeTest - [EXPECTED] SHA-512/256() = c672b8d1ef56ed28ab87c3622c5114069bdd3ad7b8f9737498d0c01ecef0967a
[main] INFO org.apache.nifi.processors.standard.CryptographicHashAttributeTest - [EXPECTED] SHA-512/256(null) = null
[main] INFO org.apache.nifi.processors.standard.CryptographicHashAttributeTest - Setting hash algorithm to SHA-512/256
[main] INFO org.apache.nifi.processors.standard.CryptographicHashAttributeTest - flowfile.username_SHA-512/256 = c672b8d1ef56ed28ab87c3622c5114069bdd3ad7b8f9737498d0c01ecef0967a
[main] INFO org.apache.nifi.processors.standard.CryptographicHashAttributeTest - flowfile.date_SHA-512/256 = null
[main] INFO org.apache.nifi.processors.standard.CryptographicHashAttributeTest - [EXPECTED]    SHA3-224() = 6b4e03423667dbb73b6e15454f0eb1abd4597f9a1b078e3f5b5a6bc7
[main] INFO org.apache.nifi.processors.standard.CryptographicHashAttributeTest - [EXPECTED]    SHA3-224(null) = null
[main] INFO org.apache.nifi.processors.standard.CryptographicHashAttributeTest - Setting hash algorithm to SHA3-224
[main] INFO org.apache.nifi.processors.standard.CryptographicHashAttributeTest - flowfile.username_SHA3-224 = 6b4e03423667dbb73b6e15454f0eb1abd4597f9a1b078e3f5b5a6bc7
[main] INFO org.apache.nifi.processors.standard.CryptographicHashAttributeTest - flowfile.date_SHA3-224 = null
[main] INFO org.apache.nifi.processors.standard.CryptographicHashAttributeTest - [EXPECTED]    SHA3-256() = a7ffc6f8bf1ed76651c14756a061d662f580ff4de43b49fa82d80a4b80f8434a
[main] INFO org.apache.nifi.processors.standard.CryptographicHashAttributeTest - [EXPECTED]    SHA3-256(null) = null
[main] INFO org.apache.nifi.processors.standard.CryptographicHashAttributeTest - Setting hash algorithm to SHA3-256
[main] INFO org.apache.nifi.processors.standard.CryptographicHashAttributeTest - flowfile.username_SHA3-256 = a7ffc6f8bf1ed76651c14756a061d662f580ff4de43b49fa82d80a4b80f8434a
[main] INFO org.apache.nifi.processors.standard.CryptographicHashAttributeTest - flowfile.date_SHA3-256 = null
[main] INFO org.apache.nifi.processors.standard.CryptographicHashAttributeTest - [EXPECTED]    SHA3-384() = 0c63a75b845e4f7d01107d852e4c2485c51a50aaaa94fc61995e71bbee983a2ac3713831264adb47fb6bd1e058d5f004
[main] INFO org.apache.nifi.processors.standard.CryptographicHashAttributeTest - [EXPECTED]    SHA3-384(null) = null
[main] INFO org.apache.nifi.processors.standard.CryptographicHashAttributeTest - Setting hash algorithm to SHA3-384
[main] INFO org.apache.nifi.processors.standard.CryptographicHashAttributeTest - flowfile.username_SHA3-384 = 0c63a75b845e4f7d01107d852e4c2485c51a50aaaa94fc61995e71bbee983a2ac3713831264adb47fb6bd1e058d5f004
[main] INFO org.apache.nifi.processors.standard.CryptographicHashAttributeTest - flowfile.date_SHA3-384 = null
[main] INFO org.apache.nifi.processors.standard.CryptographicHashAttributeTest - [EXPECTED]    SHA3-512() = a69f73cca23a9ac5c8b567dc185a756e97c982164fe25859e0d1dcc1475c80a615b2123af1f5f94c11e3e9402c3ac558f500199d95b6d3e301758586281dcd26
[main] INFO org.apache.nifi.processors.standard.CryptographicHashAttributeTest - [EXPECTED]    SHA3-512(null) = null
[main] INFO org.apache.nifi.processors.standard.CryptographicHashAttributeTest - Setting hash algorithm to SHA3-512
[main] INFO org.apache.nifi.processors.standard.CryptographicHashAttributeTest - flowfile.username_SHA3-512 = a69f73cca23a9ac5c8b567dc185a756e97c982164fe25859e0d1dcc1475c80a615b2123af1f5f94c11e3e9402c3ac558f500199d95b6d3e301758586281dcd26
[main] INFO org.apache.nifi.processors.standard.CryptographicHashAttributeTest - flowfile.date_SHA3-512 = null
[main] INFO org.apache.nifi.processors.standard.CryptographicHashAttributeTest - [EXPECTED]  BLAKE2-160() = 3345524abf6bbe1809449224b5972c41790b6cf2
[main] INFO org.apache.nifi.processors.standard.CryptographicHashAttributeTest - [EXPECTED]  BLAKE2-160(null) = null
[main] INFO org.apache.nifi.processors.standard.CryptographicHashAttributeTest - Setting hash algorithm to BLAKE2-160
[main] INFO org.apache.nifi.processors.standard.CryptographicHashAttributeTest - flowfile.username_BLAKE2-160 = 3345524abf6bbe1809449224b5972c41790b6cf2
[main] INFO org.apache.nifi.processors.standard.CryptographicHashAttributeTest - flowfile.date_BLAKE2-160 = null
[main] INFO org.apache.nifi.processors.standard.CryptographicHashAttributeTest - [EXPECTED]  BLAKE2-256() = 0e5751c026e543b2e8ab2eb06099daa1d1e5df47778f7787faab45cdf12fe3a8
[main] INFO org.apache.nifi.processors.standard.CryptographicHashAttributeTest - [EXPECTED]  BLAKE2-256(null) = null
[main] INFO org.apache.nifi.processors.standard.CryptographicHashAttributeTest - Setting hash algorithm to BLAKE2-256
[main] INFO org.apache.nifi.processors.standard.CryptographicHashAttributeTest - flowfile.username_BLAKE2-256 = 0e5751c026e543b2e8ab2eb06099daa1d1e5df47778f7787faab45cdf12fe3a8
[main] INFO org.apache.nifi.processors.standard.CryptographicHashAttributeTest - flowfile.date_BLAKE2-256 = null
[main] INFO org.apache.nifi.processors.standard.CryptographicHashAttributeTest - [EXPECTED]  BLAKE2-384() = b32811423377f52d7862286ee1a72ee540524380fda1724a6f25d7978c6fd3244a6caf0498812673c5e05ef583825100
[main] INFO org.apache.nifi.processors.standard.CryptographicHashAttributeTest - [EXPECTED]  BLAKE2-384(null) = null
[main] INFO org.apache.nifi.processors.standard.CryptographicHashAttributeTest - Setting hash algorithm to BLAKE2-384
[main] INFO org.apache.nifi.processors.standard.CryptographicHashAttributeTest - flowfile.username_BLAKE2-384 = b32811423377f52d7862286ee1a72ee540524380fda1724a6f25d7978c6fd3244a6caf0498812673c5e05ef583825100
[main] INFO org.apache.nifi.processors.standard.CryptographicHashAttributeTest - flowfile.date_BLAKE2-384 = null
[main] INFO org.apache.nifi.processors.standard.CryptographicHashAttributeTest - [EXPECTED]  BLAKE2-512() = 786a02f742015903c6c6fd852552d272912f4740e15847618a86e217f71f5419d25e1031afee585313896444934eb04b903a685b1448b755d56f701afe9be2ce
[main] INFO org.apache.nifi.processors.standard.CryptographicHashAttributeTest - [EXPECTED]  BLAKE2-512(null) = null
[main] INFO org.apache.nifi.processors.standard.CryptographicHashAttributeTest - Setting hash algorithm to BLAKE2-512
[main] INFO org.apache.nifi.processors.standard.CryptographicHashAttributeTest - flowfile.username_BLAKE2-512 = 786a02f742015903c6c6fd852552d272912f4740e15847618a86e217f71f5419d25e1031afee585313896444934eb04b903a685b1448b755d56f701afe9be2ce
[main] INFO org.apache.nifi.processors.standard.CryptographicHashAttributeTest - flowfile.date_BLAKE2-512 = null
]]></system-err>
  </testcase>
  <testcase name="testShouldRouteToSuccessOnAllowPartial" classname="org.apache.nifi.processors.standard.CryptographicHashAttributeTest" time="0.022">
    <system-err><![CDATA[[main] INFO org.apache.nifi.processors.standard.CryptographicHashAttributeTest - [EXPECTED]         MD2() = 8350e5a3e24c153df2275c9f80692773
[main] INFO org.apache.nifi.processors.standard.CryptographicHashAttributeTest - [EXPECTED]         MD2(null) = null
[main] INFO org.apache.nifi.processors.standard.CryptographicHashAttributeTest - Setting hash algorithm to MD2
[main] INFO org.apache.nifi.processors.standard.CryptographicHashAttributeTest - Successful flowfile has attributes [path:target, filename:94751819879964.mockFlowFile, username_MD2:8350e5a3e24c153df2275c9f80692773, uuid:1a6914fc-d1aa-4951-bcbc-f612ee6fd789, username:]
[main] INFO org.apache.nifi.processors.standard.CryptographicHashAttributeTest - [EXPECTED]         MD5() = d41d8cd98f00b204e9800998ecf8427e
[main] INFO org.apache.nifi.processors.standard.CryptographicHashAttributeTest - [EXPECTED]         MD5(null) = null
[main] INFO org.apache.nifi.processors.standard.CryptographicHashAttributeTest - Setting hash algorithm to MD5
[main] INFO org.apache.nifi.processors.standard.CryptographicHashAttributeTest - Successful flowfile has attributes [path:target, filename:94751822091987.mockFlowFile, username_MD5:d41d8cd98f00b204e9800998ecf8427e, uuid:c77135e4-6f0f-4908-b768-a663c1661c29, username:]
[main] INFO org.apache.nifi.processors.standard.CryptographicHashAttributeTest - [EXPECTED]       SHA-1() = da39a3ee5e6b4b0d3255bfef95601890afd80709
[main] INFO org.apache.nifi.processors.standard.CryptographicHashAttributeTest - [EXPECTED]       SHA-1(null) = null
[main] INFO org.apache.nifi.processors.standard.CryptographicHashAttributeTest - Setting hash algorithm to SHA-1
[main] INFO org.apache.nifi.processors.standard.CryptographicHashAttributeTest - Successful flowfile has attributes [path:target, filename:94751822844664.mockFlowFile, uuid:89c666d1-c283-4557-9ce8-bb394cd5478b, username:, username_SHA-1:da39a3ee5e6b4b0d3255bfef95601890afd80709]
[main] INFO org.apache.nifi.processors.standard.CryptographicHashAttributeTest - [EXPECTED]     SHA-224() = d14a028c2a3a2bc9476102bb288234c415a2b01f828ea62ac5b3e42f
[main] INFO org.apache.nifi.processors.standard.CryptographicHashAttributeTest - [EXPECTED]     SHA-224(null) = null
[main] INFO org.apache.nifi.processors.standard.CryptographicHashAttributeTest - Setting hash algorithm to SHA-224
[main] INFO org.apache.nifi.processors.standard.CryptographicHashAttributeTest - Successful flowfile has attributes [path:target, filename:94751823634273.mockFlowFile, username_SHA-224:d14a028c2a3a2bc9476102bb288234c415a2b01f828ea62ac5b3e42f, uuid:fe9e8ba6-b482-4f44-9c91-af4018667a4e, username:]
[main] INFO org.apache.nifi.processors.standard.CryptographicHashAttributeTest - [EXPECTED]     SHA-256() = e3b0c44298fc1c149afbf4c8996fb92427ae41e4649b934ca495991b7852b855
[main] INFO org.apache.nifi.processors.standard.CryptographicHashAttributeTest - [EXPECTED]     SHA-256(null) = null
[main] INFO org.apache.nifi.processors.standard.CryptographicHashAttributeTest - Setting hash algorithm to SHA-256
[main] INFO org.apache.nifi.processors.standard.CryptographicHashAttributeTest - Successful flowfile has attributes [path:target, filename:94751824284418.mockFlowFile, username_SHA-256:e3b0c44298fc1c149afbf4c8996fb92427ae41e4649b934ca495991b7852b855, uuid:3441dd25-6cfa-48fc-a896-10d79cf25381, username:]
[main] INFO org.apache.nifi.processors.standard.CryptographicHashAttributeTest - [EXPECTED]     SHA-384() = 38b060a751ac96384cd9327eb1b1e36a21fdb71114be07434c0cc7bf63f6e1da274edebfe76f65fbd51ad2f14898b95b
[main] INFO org.apache.nifi.processors.standard.CryptographicHashAttributeTest - [EXPECTED]     SHA-384(null) = null
[main] INFO org.apache.nifi.processors.standard.CryptographicHashAttributeTest - Setting hash algorithm to SHA-384
[main] INFO org.apache.nifi.processors.standard.CryptographicHashAttributeTest - Successful flowfile has attributes [path:target, filename:94751825098763.mockFlowFile, username_SHA-384:38b060a751ac96384cd9327eb1b1e36a21fdb71114be07434c0cc7bf63f6e1da274edebfe76f65fbd51ad2f14898b95b, uuid:63ef564b-a5af-445d-a716-7d17d1e96d8a, username:]
[main] INFO org.apache.nifi.processors.standard.CryptographicHashAttributeTest - [EXPECTED]     SHA-512() = cf83e1357eefb8bdf1542850d66d8007d620e4050b5715dc83f4a921d36ce9ce47d0d13c5d85f2b0ff8318d2877eec2f63b931bd47417a81a538327af927da3e
[main] INFO org.apache.nifi.processors.standard.CryptographicHashAttributeTest - [EXPECTED]     SHA-512(null) = null
[main] INFO org.apache.nifi.processors.standard.CryptographicHashAttributeTest - Setting hash algorithm to SHA-512
[main] INFO org.apache.nifi.processors.standard.CryptographicHashAttributeTest - Successful flowfile has attributes [path:target, filename:94751825891733.mockFlowFile, uuid:1635a384-b42b-4413-a183-d4e44487e2ca, username_SHA-512:cf83e1357eefb8bdf1542850d66d8007d620e4050b5715dc83f4a921d36ce9ce47d0d13c5d85f2b0ff8318d2877eec2f63b931bd47417a81a538327af927da3e, username:]
[main] INFO org.apache.nifi.processors.standard.CryptographicHashAttributeTest - [EXPECTED] SHA-512/224() = 6ed0dd02806fa89e25de060c19d3ac86cabb87d6a0ddd05c333b84f4
[main] INFO org.apache.nifi.processors.standard.CryptographicHashAttributeTest - [EXPECTED] SHA-512/224(null) = null
[main] INFO org.apache.nifi.processors.standard.CryptographicHashAttributeTest - Setting hash algorithm to SHA-512/224
[main] INFO org.apache.nifi.processors.standard.CryptographicHashAttributeTest - Successful flowfile has attributes [path:target, filename:94751826516228.mockFlowFile, username_SHA-512/224:6ed0dd02806fa89e25de060c19d3ac86cabb87d6a0ddd05c333b84f4, uuid:c36809fb-bfb9-4023-8ad2-eb618679304d, username:]
[main] INFO org.apache.nifi.processors.standard.CryptographicHashAttributeTest - [EXPECTED] SHA-512/256() = c672b8d1ef56ed28ab87c3622c5114069bdd3ad7b8f9737498d0c01ecef0967a
[main] INFO org.apache.nifi.processors.standard.CryptographicHashAttributeTest - [EXPECTED] SHA-512/256(null) = null
[main] INFO org.apache.nifi.processors.standard.CryptographicHashAttributeTest - Setting hash algorithm to SHA-512/256
[main] INFO org.apache.nifi.processors.standard.CryptographicHashAttributeTest - Successful flowfile has attributes [path:target, username_SHA-512/256:c672b8d1ef56ed28ab87c3622c5114069bdd3ad7b8f9737498d0c01ecef0967a, filename:94751827070917.mockFlowFile, uuid:031f5052-b98b-48bf-b393-4dcb715e17a1, username:]
[main] INFO org.apache.nifi.processors.standard.CryptographicHashAttributeTest - [EXPECTED]    SHA3-224() = 6b4e03423667dbb73b6e15454f0eb1abd4597f9a1b078e3f5b5a6bc7
[main] INFO org.apache.nifi.processors.standard.CryptographicHashAttributeTest - [EXPECTED]    SHA3-224(null) = null
[main] INFO org.apache.nifi.processors.standard.CryptographicHashAttributeTest - Setting hash algorithm to SHA3-224
[main] INFO org.apache.nifi.processors.standard.CryptographicHashAttributeTest - Successful flowfile has attributes [path:target, filename:94751827900789.mockFlowFile, uuid:23a8e800-0156-4510-b507-9994ebda3f74, username_SHA3-224:6b4e03423667dbb73b6e15454f0eb1abd4597f9a1b078e3f5b5a6bc7, username:]
[main] INFO org.apache.nifi.processors.standard.CryptographicHashAttributeTest - [EXPECTED]    SHA3-256() = a7ffc6f8bf1ed76651c14756a061d662f580ff4de43b49fa82d80a4b80f8434a
[main] INFO org.apache.nifi.processors.standard.CryptographicHashAttributeTest - [EXPECTED]    SHA3-256(null) = null
[main] INFO org.apache.nifi.processors.standard.CryptographicHashAttributeTest - Setting hash algorithm to SHA3-256
[main] INFO org.apache.nifi.processors.standard.CryptographicHashAttributeTest - Successful flowfile has attributes [path:target, filename:94751828851847.mockFlowFile, username_SHA3-256:a7ffc6f8bf1ed76651c14756a061d662f580ff4de43b49fa82d80a4b80f8434a, uuid:a65ce887-03e0-495c-938d-5fe4aabb7589, username:]
[main] INFO org.apache.nifi.processors.standard.CryptographicHashAttributeTest - [EXPECTED]    SHA3-384() = 0c63a75b845e4f7d01107d852e4c2485c51a50aaaa94fc61995e71bbee983a2ac3713831264adb47fb6bd1e058d5f004
[main] INFO org.apache.nifi.processors.standard.CryptographicHashAttributeTest - [EXPECTED]    SHA3-384(null) = null
[main] INFO org.apache.nifi.processors.standard.CryptographicHashAttributeTest - Setting hash algorithm to SHA3-384
[main] INFO org.apache.nifi.processors.standard.CryptographicHashAttributeTest - Successful flowfile has attributes [path:target, filename:94751829733828.mockFlowFile, username_SHA3-384:0c63a75b845e4f7d01107d852e4c2485c51a50aaaa94fc61995e71bbee983a2ac3713831264adb47fb6bd1e058d5f004, uuid:5be50cc2-6dbd-45e7-adb0-bcb699dc3e34, username:]
[main] INFO org.apache.nifi.processors.standard.CryptographicHashAttributeTest - [EXPECTED]    SHA3-512() = a69f73cca23a9ac5c8b567dc185a756e97c982164fe25859e0d1dcc1475c80a615b2123af1f5f94c11e3e9402c3ac558f500199d95b6d3e301758586281dcd26
[main] INFO org.apache.nifi.processors.standard.CryptographicHashAttributeTest - [EXPECTED]    SHA3-512(null) = null
[main] INFO org.apache.nifi.processors.standard.CryptographicHashAttributeTest - Setting hash algorithm to SHA3-512
[main] INFO org.apache.nifi.processors.standard.CryptographicHashAttributeTest - Successful flowfile has attributes [path:target, filename:94751830807273.mockFlowFile, username_SHA3-512:a69f73cca23a9ac5c8b567dc185a756e97c982164fe25859e0d1dcc1475c80a615b2123af1f5f94c11e3e9402c3ac558f500199d95b6d3e301758586281dcd26, uuid:f45f391a-c15a-4baa-9d56-647ed3067a99, username:]
[main] INFO org.apache.nifi.processors.standard.CryptographicHashAttributeTest - [EXPECTED]  BLAKE2-160() = 3345524abf6bbe1809449224b5972c41790b6cf2
[main] INFO org.apache.nifi.processors.standard.CryptographicHashAttributeTest - [EXPECTED]  BLAKE2-160(null) = null
[main] INFO org.apache.nifi.processors.standard.CryptographicHashAttributeTest - Setting hash algorithm to BLAKE2-160
[main] INFO org.apache.nifi.processors.standard.CryptographicHashAttributeTest - Successful flowfile has attributes [path:target, filename:94751831624875.mockFlowFile, username_BLAKE2-160:3345524abf6bbe1809449224b5972c41790b6cf2, uuid:015eba89-9739-48f7-9503-ad11019514d5, username:]
[main] INFO org.apache.nifi.processors.standard.CryptographicHashAttributeTest - [EXPECTED]  BLAKE2-256() = 0e5751c026e543b2e8ab2eb06099daa1d1e5df47778f7787faab45cdf12fe3a8
[main] INFO org.apache.nifi.processors.standard.CryptographicHashAttributeTest - [EXPECTED]  BLAKE2-256(null) = null
[main] INFO org.apache.nifi.processors.standard.CryptographicHashAttributeTest - Setting hash algorithm to BLAKE2-256
[main] INFO org.apache.nifi.processors.standard.CryptographicHashAttributeTest - Successful flowfile has attributes [path:target, filename:94751832351444.mockFlowFile, username_BLAKE2-256:0e5751c026e543b2e8ab2eb06099daa1d1e5df47778f7787faab45cdf12fe3a8, uuid:2a0a6e25-10ea-4248-88af-783108c60cbd, username:]
[main] INFO org.apache.nifi.processors.standard.CryptographicHashAttributeTest - [EXPECTED]  BLAKE2-384() = b32811423377f52d7862286ee1a72ee540524380fda1724a6f25d7978c6fd3244a6caf0498812673c5e05ef583825100
[main] INFO org.apache.nifi.processors.standard.CryptographicHashAttributeTest - [EXPECTED]  BLAKE2-384(null) = null
[main] INFO org.apache.nifi.processors.standard.CryptographicHashAttributeTest - Setting hash algorithm to BLAKE2-384
[main] INFO org.apache.nifi.processors.standard.CryptographicHashAttributeTest - Successful flowfile has attributes [path:target, filename:94751833633609.mockFlowFile, username_BLAKE2-384:b32811423377f52d7862286ee1a72ee540524380fda1724a6f25d7978c6fd3244a6caf0498812673c5e05ef583825100, uuid:a1536dc7-bd0e-4919-9278-40d0c6e15290, username:]
[main] INFO org.apache.nifi.processors.standard.CryptographicHashAttributeTest - [EXPECTED]  BLAKE2-512() = 786a02f742015903c6c6fd852552d272912f4740e15847618a86e217f71f5419d25e1031afee585313896444934eb04b903a685b1448b755d56f701afe9be2ce
[main] INFO org.apache.nifi.processors.standard.CryptographicHashAttributeTest - [EXPECTED]  BLAKE2-512(null) = null
[main] INFO org.apache.nifi.processors.standard.CryptographicHashAttributeTest - Setting hash algorithm to BLAKE2-512
[main] INFO org.apache.nifi.processors.standard.CryptographicHashAttributeTest - Successful flowfile has attributes [path:target, filename:94751834950136.mockFlowFile, username_BLAKE2-512:786a02f742015903c6c6fd852552d272912f4740e15847618a86e217f71f5419d25e1031afee585313896444934eb04b903a685b1448b755d56f701afe9be2ce, uuid:a45f1f17-5059-4b1d-babd-be939e256406, username:]
]]></system-err>
  </testcase>
  <testcase name="testShouldRouteToFailureOnProhibitedMissingAttribute" classname="org.apache.nifi.processors.standard.CryptographicHashAttributeTest" time="0.017">
    <system-err><![CDATA[[main] INFO org.apache.nifi.processors.standard.CryptographicHashAttributeTest - [EXPECTED]         MD2() = 8350e5a3e24c153df2275c9f80692773
[main] INFO org.apache.nifi.processors.standard.CryptographicHashAttributeTest - [EXPECTED]         MD2(null) = null
[main] INFO org.apache.nifi.processors.standard.CryptographicHashAttributeTest - Setting hash algorithm to MD2
[pool-1379-thread-1] INFO org.apache.nifi.processors.standard.CryptographicHashAttribute - CryptographicHashAttribute[id=1bb9e222-d1af-45f7-baab-8dbf81692a93] Routing FlowFile[0,94751839811010.mockFlowFile,0B] to 'failure' because of missing attributes: date 
[main] INFO org.apache.nifi.processors.standard.CryptographicHashAttributeTest - Failed flowfile has attributes [date:null, path:target, filename:94751839811010.mockFlowFile, uuid:afc0da98-8653-4cfc-91ea-a65b1ea806fa, username:]
[main] INFO org.apache.nifi.processors.standard.CryptographicHashAttributeTest - [EXPECTED]         MD5() = d41d8cd98f00b204e9800998ecf8427e
[main] INFO org.apache.nifi.processors.standard.CryptographicHashAttributeTest - [EXPECTED]         MD5(null) = null
[main] INFO org.apache.nifi.processors.standard.CryptographicHashAttributeTest - Setting hash algorithm to MD5
[pool-1380-thread-1] INFO org.apache.nifi.processors.standard.CryptographicHashAttribute - CryptographicHashAttribute[id=1bb9e222-d1af-45f7-baab-8dbf81692a93] Routing FlowFile[1,94751841989447.mockFlowFile,0B] to 'failure' because of missing attributes: date 
[main] INFO org.apache.nifi.processors.standard.CryptographicHashAttributeTest - Failed flowfile has attributes [date:null, path:target, filename:94751841989447.mockFlowFile, uuid:68e4974e-b656-4a19-9e0e-4d0638f1621c, username:]
[main] INFO org.apache.nifi.processors.standard.CryptographicHashAttributeTest - [EXPECTED]       SHA-1() = da39a3ee5e6b4b0d3255bfef95601890afd80709
[main] INFO org.apache.nifi.processors.standard.CryptographicHashAttributeTest - [EXPECTED]       SHA-1(null) = null
[main] INFO org.apache.nifi.processors.standard.CryptographicHashAttributeTest - Setting hash algorithm to SHA-1
[pool-1381-thread-1] INFO org.apache.nifi.processors.standard.CryptographicHashAttribute - CryptographicHashAttribute[id=1bb9e222-d1af-45f7-baab-8dbf81692a93] Routing FlowFile[2,94751842621829.mockFlowFile,0B] to 'failure' because of missing attributes: date 
[main] INFO org.apache.nifi.processors.standard.CryptographicHashAttributeTest - Failed flowfile has attributes [date:null, path:target, filename:94751842621829.mockFlowFile, uuid:d8984fb5-c27b-41a3-ba19-8a361192b598, username:]
[main] INFO org.apache.nifi.processors.standard.CryptographicHashAttributeTest - [EXPECTED]     SHA-224() = d14a028c2a3a2bc9476102bb288234c415a2b01f828ea62ac5b3e42f
[main] INFO org.apache.nifi.processors.standard.CryptographicHashAttributeTest - [EXPECTED]     SHA-224(null) = null
[main] INFO org.apache.nifi.processors.standard.CryptographicHashAttributeTest - Setting hash algorithm to SHA-224
[pool-1382-thread-1] INFO org.apache.nifi.processors.standard.CryptographicHashAttribute - CryptographicHashAttribute[id=1bb9e222-d1af-45f7-baab-8dbf81692a93] Routing FlowFile[3,94751843171782.mockFlowFile,0B] to 'failure' because of missing attributes: date 
[main] INFO org.apache.nifi.processors.standard.CryptographicHashAttributeTest - Failed flowfile has attributes [date:null, path:target, filename:94751843171782.mockFlowFile, uuid:fb9cfd29-54bb-41aa-83d8-cb13d49be9c0, username:]
[main] INFO org.apache.nifi.processors.standard.CryptographicHashAttributeTest - [EXPECTED]     SHA-256() = e3b0c44298fc1c149afbf4c8996fb92427ae41e4649b934ca495991b7852b855
[main] INFO org.apache.nifi.processors.standard.CryptographicHashAttributeTest - [EXPECTED]     SHA-256(null) = null
[main] INFO org.apache.nifi.processors.standard.CryptographicHashAttributeTest - Setting hash algorithm to SHA-256
[pool-1383-thread-1] INFO org.apache.nifi.processors.standard.CryptographicHashAttribute - CryptographicHashAttribute[id=1bb9e222-d1af-45f7-baab-8dbf81692a93] Routing FlowFile[4,94751843811907.mockFlowFile,0B] to 'failure' because of missing attributes: date 
[main] INFO org.apache.nifi.processors.standard.CryptographicHashAttributeTest - Failed flowfile has attributes [date:null, path:target, filename:94751843811907.mockFlowFile, uuid:ebff4c77-78b8-4fcf-ab87-6eb339179648, username:]
[main] INFO org.apache.nifi.processors.standard.CryptographicHashAttributeTest - [EXPECTED]     SHA-384() = 38b060a751ac96384cd9327eb1b1e36a21fdb71114be07434c0cc7bf63f6e1da274edebfe76f65fbd51ad2f14898b95b
[main] INFO org.apache.nifi.processors.standard.CryptographicHashAttributeTest - [EXPECTED]     SHA-384(null) = null
[main] INFO org.apache.nifi.processors.standard.CryptographicHashAttributeTest - Setting hash algorithm to SHA-384
[pool-1384-thread-1] INFO org.apache.nifi.processors.standard.CryptographicHashAttribute - CryptographicHashAttribute[id=1bb9e222-d1af-45f7-baab-8dbf81692a93] Routing FlowFile[5,94751844435441.mockFlowFile,0B] to 'failure' because of missing attributes: date 
[main] INFO org.apache.nifi.processors.standard.CryptographicHashAttributeTest - Failed flowfile has attributes [date:null, path:target, filename:94751844435441.mockFlowFile, uuid:0f45e658-991a-4153-89a6-974c40b577ef, username:]
[main] INFO org.apache.nifi.processors.standard.CryptographicHashAttributeTest - [EXPECTED]     SHA-512() = cf83e1357eefb8bdf1542850d66d8007d620e4050b5715dc83f4a921d36ce9ce47d0d13c5d85f2b0ff8318d2877eec2f63b931bd47417a81a538327af927da3e
[main] INFO org.apache.nifi.processors.standard.CryptographicHashAttributeTest - [EXPECTED]     SHA-512(null) = null
[main] INFO org.apache.nifi.processors.standard.CryptographicHashAttributeTest - Setting hash algorithm to SHA-512
[pool-1385-thread-1] INFO org.apache.nifi.processors.standard.CryptographicHashAttribute - CryptographicHashAttribute[id=1bb9e222-d1af-45f7-baab-8dbf81692a93] Routing FlowFile[6,94751845003024.mockFlowFile,0B] to 'failure' because of missing attributes: date 
[main] INFO org.apache.nifi.processors.standard.CryptographicHashAttributeTest - Failed flowfile has attributes [date:null, path:target, filename:94751845003024.mockFlowFile, uuid:2f4e88ad-b34c-462d-90d9-8054ec7a0ccf, username:]
[main] INFO org.apache.nifi.processors.standard.CryptographicHashAttributeTest - [EXPECTED] SHA-512/224() = 6ed0dd02806fa89e25de060c19d3ac86cabb87d6a0ddd05c333b84f4
[main] INFO org.apache.nifi.processors.standard.CryptographicHashAttributeTest - [EXPECTED] SHA-512/224(null) = null
[main] INFO org.apache.nifi.processors.standard.CryptographicHashAttributeTest - Setting hash algorithm to SHA-512/224
[pool-1386-thread-1] INFO org.apache.nifi.processors.standard.CryptographicHashAttribute - CryptographicHashAttribute[id=1bb9e222-d1af-45f7-baab-8dbf81692a93] Routing FlowFile[7,94751845738230.mockFlowFile,0B] to 'failure' because of missing attributes: date 
[main] INFO org.apache.nifi.processors.standard.CryptographicHashAttributeTest - Failed flowfile has attributes [date:null, path:target, filename:94751845738230.mockFlowFile, uuid:3ed78e32-fd62-4eec-8546-1338940a1e85, username:]
[main] INFO org.apache.nifi.processors.standard.CryptographicHashAttributeTest - [EXPECTED] SHA-512/256() = c672b8d1ef56ed28ab87c3622c5114069bdd3ad7b8f9737498d0c01ecef0967a
[main] INFO org.apache.nifi.processors.standard.CryptographicHashAttributeTest - [EXPECTED] SHA-512/256(null) = null
[main] INFO org.apache.nifi.processors.standard.CryptographicHashAttributeTest - Setting hash algorithm to SHA-512/256
[pool-1387-thread-1] INFO org.apache.nifi.processors.standard.CryptographicHashAttribute - CryptographicHashAttribute[id=1bb9e222-d1af-45f7-baab-8dbf81692a93] Routing FlowFile[8,94751846549762.mockFlowFile,0B] to 'failure' because of missing attributes: date 
[main] INFO org.apache.nifi.processors.standard.CryptographicHashAttributeTest - Failed flowfile has attributes [date:null, path:target, filename:94751846549762.mockFlowFile, uuid:026970ad-5672-4201-bf2a-0cc37dceed81, username:]
[main] INFO org.apache.nifi.processors.standard.CryptographicHashAttributeTest - [EXPECTED]    SHA3-224() = 6b4e03423667dbb73b6e15454f0eb1abd4597f9a1b078e3f5b5a6bc7
[main] INFO org.apache.nifi.processors.standard.CryptographicHashAttributeTest - [EXPECTED]    SHA3-224(null) = null
[main] INFO org.apache.nifi.processors.standard.CryptographicHashAttributeTest - Setting hash algorithm to SHA3-224
[pool-1388-thread-1] INFO org.apache.nifi.processors.standard.CryptographicHashAttribute - CryptographicHashAttribute[id=1bb9e222-d1af-45f7-baab-8dbf81692a93] Routing FlowFile[9,94751847597088.mockFlowFile,0B] to 'failure' because of missing attributes: date 
[main] INFO org.apache.nifi.processors.standard.CryptographicHashAttributeTest - Failed flowfile has attributes [date:null, path:target, filename:94751847597088.mockFlowFile, uuid:24da790d-7254-4bfe-9988-5d13359cecf4, username:]
[main] INFO org.apache.nifi.processors.standard.CryptographicHashAttributeTest - [EXPECTED]    SHA3-256() = a7ffc6f8bf1ed76651c14756a061d662f580ff4de43b49fa82d80a4b80f8434a
[main] INFO org.apache.nifi.processors.standard.CryptographicHashAttributeTest - [EXPECTED]    SHA3-256(null) = null
[main] INFO org.apache.nifi.processors.standard.CryptographicHashAttributeTest - Setting hash algorithm to SHA3-256
[pool-1389-thread-1] INFO org.apache.nifi.processors.standard.CryptographicHashAttribute - CryptographicHashAttribute[id=1bb9e222-d1af-45f7-baab-8dbf81692a93] Routing FlowFile[10,94751848282983.mockFlowFile,0B] to 'failure' because of missing attributes: date 
[main] INFO org.apache.nifi.processors.standard.CryptographicHashAttributeTest - Failed flowfile has attributes [date:null, path:target, filename:94751848282983.mockFlowFile, uuid:2d8ddaca-a693-44cd-8d5a-b8eef0f95b8b, username:]
[main] INFO org.apache.nifi.processors.standard.CryptographicHashAttributeTest - [EXPECTED]    SHA3-384() = 0c63a75b845e4f7d01107d852e4c2485c51a50aaaa94fc61995e71bbee983a2ac3713831264adb47fb6bd1e058d5f004
[main] INFO org.apache.nifi.processors.standard.CryptographicHashAttributeTest - [EXPECTED]    SHA3-384(null) = null
[main] INFO org.apache.nifi.processors.standard.CryptographicHashAttributeTest - Setting hash algorithm to SHA3-384
[pool-1390-thread-1] INFO org.apache.nifi.processors.standard.CryptographicHashAttribute - CryptographicHashAttribute[id=1bb9e222-d1af-45f7-baab-8dbf81692a93] Routing FlowFile[11,94751848956752.mockFlowFile,0B] to 'failure' because of missing attributes: date 
[main] INFO org.apache.nifi.processors.standard.CryptographicHashAttributeTest - Failed flowfile has attributes [date:null, path:target, filename:94751848956752.mockFlowFile, uuid:8932e4de-bf18-4cbc-afb7-023ce4924ab9, username:]
[main] INFO org.apache.nifi.processors.standard.CryptographicHashAttributeTest - [EXPECTED]    SHA3-512() = a69f73cca23a9ac5c8b567dc185a756e97c982164fe25859e0d1dcc1475c80a615b2123af1f5f94c11e3e9402c3ac558f500199d95b6d3e301758586281dcd26
[main] INFO org.apache.nifi.processors.standard.CryptographicHashAttributeTest - [EXPECTED]    SHA3-512(null) = null
[main] INFO org.apache.nifi.processors.standard.CryptographicHashAttributeTest - Setting hash algorithm to SHA3-512
[pool-1391-thread-1] INFO org.apache.nifi.processors.standard.CryptographicHashAttribute - CryptographicHashAttribute[id=1bb9e222-d1af-45f7-baab-8dbf81692a93] Routing FlowFile[12,94751849613636.mockFlowFile,0B] to 'failure' because of missing attributes: date 
[main] INFO org.apache.nifi.processors.standard.CryptographicHashAttributeTest - Failed flowfile has attributes [date:null, path:target, filename:94751849613636.mockFlowFile, uuid:d8509c4f-8f67-499b-a8a4-f34d52cd573c, username:]
[main] INFO org.apache.nifi.processors.standard.CryptographicHashAttributeTest - [EXPECTED]  BLAKE2-160() = 3345524abf6bbe1809449224b5972c41790b6cf2
[main] INFO org.apache.nifi.processors.standard.CryptographicHashAttributeTest - [EXPECTED]  BLAKE2-160(null) = null
[main] INFO org.apache.nifi.processors.standard.CryptographicHashAttributeTest - Setting hash algorithm to BLAKE2-160
[pool-1392-thread-1] INFO org.apache.nifi.processors.standard.CryptographicHashAttribute - CryptographicHashAttribute[id=1bb9e222-d1af-45f7-baab-8dbf81692a93] Routing FlowFile[13,94751850185874.mockFlowFile,0B] to 'failure' because of missing attributes: date 
[main] INFO org.apache.nifi.processors.standard.CryptographicHashAttributeTest - Failed flowfile has attributes [date:null, path:target, filename:94751850185874.mockFlowFile, uuid:63411cfb-e868-427e-8486-fbb573826edd, username:]
[main] INFO org.apache.nifi.processors.standard.CryptographicHashAttributeTest - [EXPECTED]  BLAKE2-256() = 0e5751c026e543b2e8ab2eb06099daa1d1e5df47778f7787faab45cdf12fe3a8
[main] INFO org.apache.nifi.processors.standard.CryptographicHashAttributeTest - [EXPECTED]  BLAKE2-256(null) = null
[main] INFO org.apache.nifi.processors.standard.CryptographicHashAttributeTest - Setting hash algorithm to BLAKE2-256
[pool-1393-thread-1] INFO org.apache.nifi.processors.standard.CryptographicHashAttribute - CryptographicHashAttribute[id=1bb9e222-d1af-45f7-baab-8dbf81692a93] Routing FlowFile[14,94751850746227.mockFlowFile,0B] to 'failure' because of missing attributes: date 
[main] INFO org.apache.nifi.processors.standard.CryptographicHashAttributeTest - Failed flowfile has attributes [date:null, path:target, filename:94751850746227.mockFlowFile, uuid:074f1a89-f412-49f6-babe-f608c915a326, username:]
[main] INFO org.apache.nifi.processors.standard.CryptographicHashAttributeTest - [EXPECTED]  BLAKE2-384() = b32811423377f52d7862286ee1a72ee540524380fda1724a6f25d7978c6fd3244a6caf0498812673c5e05ef583825100
[main] INFO org.apache.nifi.processors.standard.CryptographicHashAttributeTest - [EXPECTED]  BLAKE2-384(null) = null
[main] INFO org.apache.nifi.processors.standard.CryptographicHashAttributeTest - Setting hash algorithm to BLAKE2-384
[pool-1394-thread-1] INFO org.apache.nifi.processors.standard.CryptographicHashAttribute - CryptographicHashAttribute[id=1bb9e222-d1af-45f7-baab-8dbf81692a93] Routing FlowFile[15,94751851402708.mockFlowFile,0B] to 'failure' because of missing attributes: date 
[main] INFO org.apache.nifi.processors.standard.CryptographicHashAttributeTest - Failed flowfile has attributes [date:null, path:target, filename:94751851402708.mockFlowFile, uuid:54271647-cb7e-4ed7-bcc5-3b948c6275d8, username:]
[main] INFO org.apache.nifi.processors.standard.CryptographicHashAttributeTest - [EXPECTED]  BLAKE2-512() = 786a02f742015903c6c6fd852552d272912f4740e15847618a86e217f71f5419d25e1031afee585313896444934eb04b903a685b1448b755d56f701afe9be2ce
[main] INFO org.apache.nifi.processors.standard.CryptographicHashAttributeTest - [EXPECTED]  BLAKE2-512(null) = null
[main] INFO org.apache.nifi.processors.standard.CryptographicHashAttributeTest - Setting hash algorithm to BLAKE2-512
[pool-1395-thread-1] INFO org.apache.nifi.processors.standard.CryptographicHashAttribute - CryptographicHashAttribute[id=1bb9e222-d1af-45f7-baab-8dbf81692a93] Routing FlowFile[16,94751852108491.mockFlowFile,0B] to 'failure' because of missing attributes: date 
[main] INFO org.apache.nifi.processors.standard.CryptographicHashAttributeTest - Failed flowfile has attributes [date:null, path:target, filename:94751852108491.mockFlowFile, uuid:f83c9bff-c462-4f51-ae7f-d42e1bc9675f, username:]
]]></system-err>
  </testcase>
</testsuite>