<?xml version="1.0" encoding="UTF-8"?>
<testsuite xmlns:xsi="http://www.w3.org/2001/XMLSchema-instance" xsi:noNamespaceSchemaLocation="https://maven.apache.org/surefire/maven-surefire-plugin/xsd/surefire-test-report-3.0.xsd" version="3.0" name="org.apache.nifi.processors.standard.TestFTP" time="2.845" tests="7" errors="0" skipped="0" failures="0">
  <properties>
    <property name="sun.desktop" value="gnome"/>
    <property name="awt.toolkit" value="sun.awt.X11.XToolkit"/>
    <property name="file.encoding.pkg" value="sun.io"/>
    <property name="java.specification.version" value="1.8"/>
    <property name="sun.cpu.isalist" value=""/>
    <property name="sun.jnu.encoding" value="UTF-8"/>
    <property name="java.class.path" value="/home/alex/Repositories/nifi/nifi-nar-bundles/nifi-standard-bundle/nifi-standard-processors/target/test-classes:/home/alex/Repositories/nifi/nifi-nar-bundles/nifi-standard-bundle/nifi-standard-processors/target/classes:/home/alex/.m2/repository/org/apache/ftpserver/ftpserver-core/1.1.1/ftpserver-core-1.1.1.jar:/home/alex/.m2/repository/org/apache/ftpserver/ftplet-api/1.1.1/ftplet-api-1.1.1.jar:/home/alex/.m2/repository/org/slf4j/slf4j-api/1.7.32/slf4j-api-1.7.32.jar:/home/alex/.m2/repository/org/apache/mina/mina-core/2.0.16/mina-core-2.0.16.jar:/home/alex/Repositories/nifi/nifi-api/target/classes:/home/alex/Repositories/nifi/nifi-commons/nifi-expression-language/target/classes:/home/alex/.m2/repository/org/antlr/antlr-runtime/3.5.2/antlr-runtime-3.5.2.jar:/home/alex/Repositories/nifi/nifi-commons/nifi-parameter/target/classes:/home/alex/Repositories/nifi/nifi-commons/nifi-uuid5/target/classes:/home/alex/.m2/repository/org/apache/commons/commons-text/1.8/commons-text-1.8.jar:/home/alex/Repositories/nifi/nifi-nar-bundles/nifi-extension-utils/nifi-processor-utils/target/classes:/home/alex/Repositories/nifi/nifi-commons/nifi-security-socket-ssl/target/classes:/home/alex/Repositories/nifi/nifi-nar-bundles/nifi-extension-utils/nifi-event-transport/target/classes:/home/alex/.m2/repository/io/netty/netty-handler/4.1.69.Final/netty-handler-4.1.69.Final.jar:/home/alex/.m2/repository/io/netty/netty-common/4.1.69.Final/netty-common-4.1.69.Final.jar:/home/alex/.m2/repository/io/netty/netty-resolver/4.1.69.Final/netty-resolver-4.1.69.Final.jar:/home/alex/.m2/repository/io/netty/netty-transport/4.1.69.Final/netty-transport-4.1.69.Final.jar:/home/alex/.m2/repository/io/netty/netty-codec/4.1.69.Final/netty-codec-4.1.69.Final.jar:/home/alex/Repositories/nifi/nifi-nar-bundles/nifi-extension-utils/nifi-syslog-utils/target/classes:/home/alex/.m2/repository/com/github/palindromicity/simple-syslog-5424/0.0.16/simple-syslog-5424-0.0.16.jar:/home/alex/.m2/repository/org/antlr/antlr4-runtime/4.7.2/antlr4-runtime-4.7.2.jar:/home/alex/Repositories/nifi/nifi-commons/nifi-utils/target/classes:/home/alex/Repositories/nifi/nifi-commons/nifi-record-path/target/classes:/home/alex/Repositories/nifi/nifi-commons/nifi-properties/target/classes:/home/alex/Repositories/nifi/nifi-commons/nifi-property-utils/target/classes:/home/alex/.m2/repository/com/github/ben-manes/caffeine/caffeine/2.8.1/caffeine-2.8.1.jar:/home/alex/Repositories/nifi/nifi-nar-bundles/nifi-standard-services/nifi-ssl-context-service-api/target/classes:/home/alex/Repositories/nifi/nifi-commons/nifi-security-utils-api/target/classes:/home/alex/Repositories/nifi/nifi-nar-bundles/nifi-standard-services/nifi-lookup-service-api/target/classes:/home/alex/Repositories/nifi/nifi-commons/nifi-flowfile-packager/target/classes:/home/alex/Repositories/nifi/nifi-nar-bundles/nifi-standard-services/nifi-distributed-cache-client-service-api/target/classes:/home/alex/Repositories/nifi/nifi-nar-bundles/nifi-standard-services/nifi-http-context-map-api/target/classes:/home/alex/Repositories/nifi/nifi-nar-bundles/nifi-standard-services/nifi-record-serialization-service-api/target/classes:/home/alex/Repositories/nifi/nifi-nar-bundles/nifi-standard-services/nifi-proxy-configuration-api/target/classes:/home/alex/Repositories/nifi/nifi-commons/nifi-record/target/classes:/home/alex/Repositories/nifi/nifi-nar-bundles/nifi-standard-services/nifi-record-sink-api/target/classes:/home/alex/.m2/repository/commons-io/commons-io/2.10.0/commons-io-2.10.0.jar:/home/alex/.m2/repository/javax/ws/rs/javax.ws.rs-api/2.1/javax.ws.rs-api-2.1.jar:/home/alex/.m2/repository/commons-net/commons-net/3.6/commons-net-3.6.jar:/home/alex/.m2/repository/org/apache/commons/commons-compress/1.21/commons-compress-1.21.jar:/home/alex/.m2/repository/org/apache/commons/commons-lang3/3.9/commons-lang3-3.9.jar:/home/alex/.m2/repository/org/bouncycastle/bcprov-jdk15on/1.69/bcprov-jdk15on-1.69.jar:/home/alex/.m2/repository/org/bouncycastle/bcpg-jdk15on/1.69/bcpg-jdk15on-1.69.jar:/home/alex/.m2/repository/org/bouncycastle/bcpkix-jdk15on/1.69/bcpkix-jdk15on-1.69.jar:/home/alex/.m2/repository/org/bouncycastle/bcutil-jdk15on/1.69/bcutil-jdk15on-1.69.jar:/home/alex/.m2/repository/commons-codec/commons-codec/1.14/commons-codec-1.14.jar:/home/alex/Repositories/nifi/nifi-commons/nifi-security-utils/target/classes:/home/alex/Repositories/nifi/nifi-commons/nifi-security-kms/target/classes:/home/alex/.m2/repository/org/apache/commons/commons-configuration2/2.7/commons-configuration2-2.7.jar:/home/alex/.m2/repository/com/hierynomus/sshj/0.32.0/sshj-0.32.0.jar:/home/alex/.m2/repository/com/jcraft/jzlib/1.1.3/jzlib-1.1.3.jar:/home/alex/.m2/repository/com/hierynomus/asn-one/0.6.0/asn-one-0.6.0.jar:/home/alex/.m2/repository/net/i2p/crypto/eddsa/0.3.0/eddsa-0.3.0.jar:/home/alex/.m2/repository/org/eclipse/jetty/jetty-server/9.4.44.v20210927/jetty-server-9.4.44.v20210927.jar:/home/alex/.m2/repository/javax/servlet/javax.servlet-api/3.1.0/javax.servlet-api-3.1.0.jar:/home/alex/.m2/repository/org/eclipse/jetty/jetty-http/9.4.44.v20210927/jetty-http-9.4.44.v20210927.jar:/home/alex/.m2/repository/org/eclipse/jetty/jetty-util/9.4.44.v20210927/jetty-util-9.4.44.v20210927.jar:/home/alex/.m2/repository/org/eclipse/jetty/jetty-io/9.4.44.v20210927/jetty-io-9.4.44.v20210927.jar:/home/alex/.m2/repository/org/eclipse/jetty/jetty-servlet/9.4.44.v20210927/jetty-servlet-9.4.44.v20210927.jar:/home/alex/.m2/repository/org/eclipse/jetty/jetty-security/9.4.44.v20210927/jetty-security-9.4.44.v20210927.jar:/home/alex/.m2/repository/org/eclipse/jetty/jetty-util-ajax/9.4.44.v20210927/jetty-util-ajax-9.4.44.v20210927.jar:/home/alex/.m2/repository/org/apache/httpcomponents/httpclient/4.5.5/httpclient-4.5.5.jar:/home/alex/.m2/repository/commons-logging/commons-logging/1.2/commons-logging-1.2.jar:/home/alex/.m2/repository/org/apache/httpcomponents/httpcore/4.4.9/httpcore-4.4.9.jar:/home/alex/.m2/repository/jakarta/activation/jakarta.activation-api/2.0.1/jakarta.activation-api-2.0.1.jar:/home/alex/.m2/repository/com/sun/activation/jakarta.activation/2.0.1/jakarta.activation-2.0.1.jar:/home/alex/.m2/repository/jakarta/mail/jakarta.mail-api/2.0.1/jakarta.mail-api-2.0.1.jar:/home/alex/.m2/repository/com/sun/mail/jakarta.mail/2.0.1/jakarta.mail-2.0.1.jar:/home/alex/.m2/repository/com/github/jponge/lzma-java/1.3/lzma-java-1.3.jar:/home/alex/.m2/repository/org/tukaani/xz/1.8/xz-1.8.jar:/home/alex/.m2/repository/net/sf/saxon/Saxon-HE/10.6/Saxon-HE-10.6.jar:/home/alex/Repositories/nifi/nifi-commons/nifi-socket-utils/target/classes:/home/alex/Repositories/nifi/nifi-commons/nifi-logging-utils/target/classes:/home/alex/Repositories/nifi/nifi-nar-bundles/nifi-standard-services/nifi-load-distribution-service-api/target/classes:/home/alex/.m2/repository/javax/jms/javax.jms-api/2.0.1/javax.jms-api-2.0.1.jar:/home/alex/.m2/repository/org/apache/activemq/activemq-client/5.15.15/activemq-client-5.15.15.jar:/home/alex/.m2/repository/org/apache/geronimo/specs/geronimo-jms_1.1_spec/1.1.1/geronimo-jms_1.1_spec-1.1.1.jar:/home/alex/.m2/repository/org/fusesource/hawtbuf/hawtbuf/1.11/hawtbuf-1.11.jar:/home/alex/.m2/repository/org/apache/geronimo/specs/geronimo-j2ee-management_1.1_spec/1.0.1/geronimo-j2ee-management_1.1_spec-1.0.1.jar:/home/alex/.m2/repository/com/jayway/jsonpath/json-path/2.6.0/json-path-2.6.0.jar:/home/alex/.m2/repository/net/minidev/json-smart/2.4.7/json-smart-2.4.7.jar:/home/alex/.m2/repository/net/minidev/accessors-smart/2.4.7/accessors-smart-2.4.7.jar:/home/alex/.m2/repository/org/ow2/asm/asm/9.1/asm-9.1.jar:/home/alex/.m2/repository/org/apache/tika/tika-core/1.26/tika-core-1.26.jar:/home/alex/.m2/repository/com/fasterxml/jackson/core/jackson-databind/2.12.3/jackson-databind-2.12.3.jar:/home/alex/.m2/repository/com/fasterxml/jackson/core/jackson-annotations/2.12.3/jackson-annotations-2.12.3.jar:/home/alex/.m2/repository/com/fasterxml/jackson/core/jackson-core/2.12.3/jackson-core-2.12.3.jar:/home/alex/Repositories/nifi/nifi-nar-bundles/nifi-extension-utils/nifi-record-utils/nifi-avro-record-utils/target/classes:/home/alex/Repositories/nifi/nifi-nar-bundles/nifi-extension-utils/nifi-record-utils/nifi-standard-record-utils/target/classes:/home/alex/.m2/repository/org/apache/avro/avro/1.8.1/avro-1.8.1.jar:/home/alex/.m2/repository/org/codehaus/jackson/jackson-core-asl/1.9.13/jackson-core-asl-1.9.13.jar:/home/alex/.m2/repository/org/codehaus/jackson/jackson-mapper-asl/1.9.13/jackson-mapper-asl-1.9.13.jar:/home/alex/.m2/repository/com/thoughtworks/paranamer/paranamer/2.7/paranamer-2.7.jar:/home/alex/Repositories/nifi/nifi-nar-bundles/nifi-standard-services/nifi-dbcp-service-api/target/classes:/home/alex/.m2/repository/com/squareup/okhttp3/okhttp/4.9.2/okhttp-4.9.2.jar:/home/alex/.m2/repository/com/squareup/okio/okio/2.8.0/okio-2.8.0.jar:/home/alex/.m2/repository/org/jetbrains/kotlin/kotlin-stdlib-common/1.4.0/kotlin-stdlib-common-1.4.0.jar:/home/alex/.m2/repository/org/jetbrains/kotlin/kotlin-stdlib/1.4.10/kotlin-stdlib-1.4.10.jar:/home/alex/.m2/repository/org/jetbrains/annotations/13.0/annotations-13.0.jar:/home/alex/.m2/repository/io/github/rburgst/okhttp-digest/2.5/okhttp-digest-2.5.jar:/home/alex/.m2/repository/at/favre/lib/bcrypt/0.9.0/bcrypt-0.9.0.jar:/home/alex/.m2/repository/at/favre/lib/bytes/1.3.0/bytes-1.3.0.jar:/home/alex/.m2/repository/com/google/guava/guava/28.0-jre/guava-28.0-jre.jar:/home/alex/.m2/repository/com/google/guava/failureaccess/1.0.1/failureaccess-1.0.1.jar:/home/alex/.m2/repository/com/google/guava/listenablefuture/9999.0-empty-to-avoid-conflict-with-guava/listenablefuture-9999.0-empty-to-avoid-conflict-with-guava.jar:/home/alex/.m2/repository/com/google/code/findbugs/jsr305/3.0.2/jsr305-3.0.2.jar:/home/alex/.m2/repository/org/checkerframework/checker-qual/2.8.1/checker-qual-2.8.1.jar:/home/alex/.m2/repository/com/google/errorprone/error_prone_annotations/2.3.2/error_prone_annotations-2.3.2.jar:/home/alex/.m2/repository/com/google/j2objc/j2objc-annotations/1.3/j2objc-annotations-1.3.jar:/home/alex/.m2/repository/org/codehaus/mojo/animal-sniffer-annotations/1.17/animal-sniffer-annotations-1.17.jar:/home/alex/Repositories/nifi/nifi-mock/target/classes:/home/alex/Repositories/nifi/nifi-framework-api/target/classes:/home/alex/Repositories/nifi/nifi-nar-bundles/nifi-framework-bundle/nifi-framework/nifi-framework-core-api/target/classes:/home/alex/Repositories/nifi/nifi-nar-bundles/nifi-framework-bundle/nifi-framework/nifi-framework-nar-utils/target/classes:/home/alex/Repositories/nifi/nifi-nar-bundles/nifi-framework-bundle/nifi-framework/nifi-client-dto/target/classes:/home/alex/.m2/repository/io/swagger/swagger-annotations/1.6.0/swagger-annotations-1.6.0.jar:/home/alex/Repositories/nifi/nifi-commons/nifi-site-to-site-client/target/classes:/home/alex/.m2/repository/org/apache/httpcomponents/httpasyncclient/4.1.4/httpasyncclient-4.1.4.jar:/home/alex/.m2/repository/org/apache/httpcomponents/httpcore-nio/4.4.10/httpcore-nio-4.4.10.jar:/home/alex/Repositories/nifi/nifi-nar-bundles/nifi-framework-bundle/nifi-framework/nifi-framework-authorization/target/classes:/home/alex/Repositories/nifi/nifi-registry/nifi-registry-core/nifi-registry-data-model/target/classes:/home/alex/Repositories/nifi/nifi-registry/nifi-registry-core/nifi-registry-revision/nifi-registry-revision-entity-model/target/classes:/home/alex/Repositories/nifi/nifi-registry/nifi-registry-core/nifi-registry-client/target/classes:/home/alex/Repositories/nifi/nifi-registry/nifi-registry-core/nifi-registry-security-utils/target/classes:/home/alex/.m2/repository/org/glassfish/jersey/core/jersey-client/2.33/jersey-client-2.33.jar:/home/alex/.m2/repository/jakarta/ws/rs/jakarta.ws.rs-api/2.1.6/jakarta.ws.rs-api-2.1.6.jar:/home/alex/.m2/repository/org/glassfish/hk2/external/jakarta.inject/2.6.1/jakarta.inject-2.6.1.jar:/home/alex/.m2/repository/org/glassfish/jersey/media/jersey-media-json-jackson/2.33/jersey-media-json-jackson-2.33.jar:/home/alex/.m2/repository/org/glassfish/jersey/ext/jersey-entity-filtering/2.33/jersey-entity-filtering-2.33.jar:/home/alex/.m2/repository/org/glassfish/jersey/inject/jersey-hk2/2.33/jersey-hk2-2.33.jar:/home/alex/.m2/repository/org/glassfish/hk2/hk2-locator/2.6.1/hk2-locator-2.6.1.jar:/home/alex/.m2/repository/org/glassfish/hk2/external/aopalliance-repackaged/2.6.1/aopalliance-repackaged-2.6.1.jar:/home/alex/.m2/repository/org/glassfish/hk2/hk2-api/2.6.1/hk2-api-2.6.1.jar:/home/alex/.m2/repository/org/glassfish/hk2/hk2-utils/2.6.1/hk2-utils-2.6.1.jar:/home/alex/.m2/repository/org/javassist/javassist/3.25.0-GA/javassist-3.25.0-GA.jar:/home/alex/.m2/repository/org/glassfish/jersey/core/jersey-common/2.33/jersey-common-2.33.jar:/home/alex/.m2/repository/jakarta/annotation/jakarta.annotation-api/1.3.5/jakarta.annotation-api-1.3.5.jar:/home/alex/.m2/repository/org/glassfish/hk2/osgi-resource-locator/1.0.3/osgi-resource-locator-1.0.3.jar:/home/alex/.m2/repository/org/glassfish/jersey/media/jersey-media-multipart/2.33/jersey-media-multipart-2.33.jar:/home/alex/.m2/repository/org/jvnet/mimepull/mimepull/1.9.13/mimepull-1.9.13.jar:/home/alex/Repositories/nifi/nifi-commons/nifi-data-provenance-utils/target/classes:/home/alex/Repositories/nifi/nifi-nar-bundles/nifi-standard-services/nifi-distributed-cache-services-bundle/nifi-distributed-cache-client-service/target/classes:/home/alex/Repositories/nifi/nifi-nar-bundles/nifi-standard-services/nifi-distributed-cache-services-bundle/nifi-distributed-cache-protocol/target/classes:/home/alex/.m2/repository/io/netty/netty-buffer/4.1.69.Final/netty-buffer-4.1.69.Final.jar:/home/alex/.m2/repository/com/google/http-client/google-http-client/1.28.0/google-http-client-1.28.0.jar:/home/alex/.m2/repository/io/opencensus/opencensus-api/0.18.0/opencensus-api-0.18.0.jar:/home/alex/.m2/repository/io/grpc/grpc-context/1.14.0/grpc-context-1.14.0.jar:/home/alex/.m2/repository/io/opencensus/opencensus-contrib-http-util/0.18.0/opencensus-contrib-http-util-0.18.0.jar:/home/alex/.m2/repository/org/apache/activemq/activemq-broker/5.15.14/activemq-broker-5.15.14.jar:/home/alex/.m2/repository/org/apache/activemq/activemq-openwire-legacy/5.15.14/activemq-openwire-legacy-5.15.14.jar:/home/alex/Repositories/nifi/nifi-nar-bundles/nifi-standard-services/nifi-ssl-context-bundle/nifi-ssl-context-service/target/classes:/home/alex/Repositories/nifi/nifi-nar-bundles/nifi-framework-bundle/nifi-framework/nifi-standard-prioritizers/target/classes:/home/alex/Repositories/nifi/nifi-nar-bundles/nifi-extension-utils/nifi-record-utils/nifi-mock-record-utils/target/classes:/home/alex/Repositories/nifi/nifi-nar-bundles/nifi-standard-services/nifi-record-serialization-services-bundle/nifi-record-serialization-services/target/classes:/home/alex/.m2/repository/org/apache/commons/commons-csv/1.8/commons-csv-1.8.jar:/home/alex/.m2/repository/com/fasterxml/jackson/dataformat/jackson-dataformat-csv/2.12.3/jackson-dataformat-csv-2.12.3.jar:/home/alex/.m2/repository/net/java/dev/stax-utils/stax-utils/20070216/stax-utils-20070216.jar:/home/alex/Repositories/nifi/nifi-nar-bundles/nifi-standard-services/nifi-lookup-services-bundle/nifi-lookup-services/target/classes:/home/alex/.m2/repository/commons-beanutils/commons-beanutils/1.9.4/commons-beanutils-1.9.4.jar:/home/alex/.m2/repository/commons-collections/commons-collections/3.2.2/commons-collections-3.2.2.jar:/home/alex/.m2/repository/com/maxmind/geoip2/geoip2/2.12.0/geoip2-2.12.0.jar:/home/alex/.m2/repository/com/maxmind/db/maxmind-db/1.2.2/maxmind-db-1.2.2.jar:/home/alex/.m2/repository/org/apache/derby/derby/10.14.2.0/derby-10.14.2.0.jar:/home/alex/.m2/repository/org/xerial/snappy/snappy-java/1.1.7.3/snappy-java-1.1.7.3.jar:/home/alex/.m2/repository/net/lingala/zip4j/zip4j/2.8.0/zip4j-2.8.0.jar:/home/alex/.m2/repository/com/h2database/h2/1.4.187/h2-1.4.187.jar:/home/alex/.m2/repository/org/mockftpserver/MockFtpServer/2.7.1/MockFtpServer-2.7.1.jar:/home/alex/.m2/repository/org/apache/sshd/sshd-core/1.7.0/sshd-core-1.7.0.jar:/home/alex/.m2/repository/com/bazaarvoice/jolt/jolt-core/0.1.1/jolt-core-0.1.1.jar:/home/alex/.m2/repository/javax/inject/javax.inject/1/javax.inject-1.jar:/home/alex/.m2/repository/com/bazaarvoice/jolt/json-utils/0.1.1/json-utils-0.1.1.jar:/home/alex/Repositories/nifi/nifi-nar-bundles/nifi-standard-bundle/nifi-standard-utils/target/classes:/home/alex/.m2/repository/net/sf/supercsv/super-csv/2.4.0/super-csv-2.4.0.jar:/home/alex/.m2/repository/com/fluenda/parcefone/2.1.0/parcefone-2.1.0.jar:/home/alex/.m2/repository/javax/validation/validation-api/1.1.0.Final/validation-api-1.1.0.Final.jar:/home/alex/.m2/repository/javax/el/javax.el-api/3.0.0/javax.el-api-3.0.0.jar:/home/alex/.m2/repository/com/github/wnameless/json/json-flattener/0.12.0/json-flattener-0.12.0.jar:/home/alex/.m2/repository/com/github/wnameless/json/json-base/2.0.0/json-base-2.0.0.jar:/home/alex/.m2/repository/org/apache/bval/bval-jsr/1.1.2/bval-jsr-1.1.2.jar:/home/alex/.m2/repository/org/apache/bval/bval-core/1.1.2/bval-core-1.1.2.jar:/home/alex/.m2/repository/io/krakens/java-grok/0.1.9/java-grok-0.1.9.jar:/home/alex/.m2/repository/org/apache/calcite/calcite-core/1.27.0/calcite-core-1.27.0.jar:/home/alex/.m2/repository/org/apache/calcite/calcite-linq4j/1.27.0/calcite-linq4j-1.27.0.jar:/home/alex/.m2/repository/com/esri/geometry/esri-geometry-api/2.2.0/esri-geometry-api-2.2.0.jar:/home/alex/.m2/repository/org/apache/calcite/avatica/avatica-core/1.18.0/avatica-core-1.18.0.jar:/home/alex/.m2/repository/org/apache/calcite/avatica/avatica-metrics/1.18.0/avatica-metrics-1.18.0.jar:/home/alex/.m2/repository/com/google/protobuf/protobuf-java/3.6.1/protobuf-java-3.6.1.jar:/home/alex/.m2/repository/org/apiguardian/apiguardian-api/1.1.0/apiguardian-api-1.1.0.jar:/home/alex/.m2/repository/com/fasterxml/jackson/dataformat/jackson-dataformat-yaml/2.10.0/jackson-dataformat-yaml-2.10.0.jar:/home/alex/.m2/repository/org/yaml/snakeyaml/1.29/snakeyaml-1.29.jar:/home/alex/.m2/repository/com/google/uzaygezen/uzaygezen-core/0.2/uzaygezen-core-0.2.jar:/home/alex/.m2/repository/com/yahoo/datasketches/sketches-core/0.9.0/sketches-core-0.9.0.jar:/home/alex/.m2/repository/com/yahoo/datasketches/memory/0.9.0/memory-0.9.0.jar:/home/alex/.m2/repository/net/hydromatic/aggdesigner-algorithm/6.0/aggdesigner-algorithm-6.0.jar:/home/alex/.m2/repository/commons-lang/commons-lang/2.4/commons-lang-2.4.jar:/home/alex/.m2/repository/org/apache/commons/commons-dbcp2/2.6.0/commons-dbcp2-2.6.0.jar:/home/alex/.m2/repository/org/apache/commons/commons-pool2/2.6.1/commons-pool2-2.6.1.jar:/home/alex/.m2/repository/org/codehaus/janino/commons-compiler/3.0.11/commons-compiler-3.0.11.jar:/home/alex/.m2/repository/org/codehaus/janino/janino/3.0.11/janino-3.0.11.jar:/home/alex/Repositories/nifi/nifi-nar-bundles/nifi-standard-services/nifi-schema-registry-service-api/target/classes:/home/alex/Repositories/nifi/nifi-nar-bundles/nifi-extension-utils/nifi-database-utils/target/classes:/home/alex/Repositories/nifi/nifi-nar-bundles/nifi-standard-bundle/nifi-standard-web-test-utils/target/classes:/home/alex/.m2/repository/com/github/stefanbirkner/fake-sftp-server-rule/2.0.1/fake-sftp-server-rule-2.0.1.jar:/home/alex/.m2/repository/com/github/marschall/memoryfilesystem/2.8.0/memoryfilesystem-2.8.0.jar:/home/alex/.m2/repository/junit/junit/4.13.2/junit-4.13.2.jar:/home/alex/.m2/repository/org/hamcrest/hamcrest-core/1.3/hamcrest-core-1.3.jar:/home/alex/Repositories/nifi/nifi-nar-bundles/nifi-extension-utils/nifi-database-test-utils/target/classes:/home/alex/.m2/repository/org/codehaus/groovy/groovy-json/2.5.14/groovy-json-2.5.14.jar:/home/alex/.m2/repository/org/codehaus/groovy/groovy/2.5.14/groovy-2.5.14.jar:/home/alex/.m2/repository/org/codehaus/groovy/groovy-servlet/2.5.14/groovy-servlet-2.5.14.jar:/home/alex/.m2/repository/org/codehaus/groovy/groovy-templates/2.5.14/groovy-templates-2.5.14.jar:/home/alex/.m2/repository/org/codehaus/groovy/groovy-xml/2.5.14/groovy-xml-2.5.14.jar:/home/alex/.m2/repository/org/hamcrest/hamcrest-all/1.3/hamcrest-all-1.3.jar:/home/alex/.m2/repository/com/squareup/okhttp3/mockwebserver/4.9.2/mockwebserver-4.9.2.jar:/home/alex/.m2/repository/org/jetbrains/kotlin/kotlin-stdlib-jdk8/1.4.10/kotlin-stdlib-jdk8-1.4.10.jar:/home/alex/.m2/repository/org/jetbrains/kotlin/kotlin-stdlib-jdk7/1.4.10/kotlin-stdlib-jdk7-1.4.10.jar:/home/alex/.m2/repository/org/mockito/mockito-inline/3.12.4/mockito-inline-3.12.4.jar:/home/alex/.m2/repository/org/junit/jupiter/junit-jupiter-api/5.7.2/junit-jupiter-api-5.7.2.jar:/home/alex/.m2/repository/org/opentest4j/opentest4j/1.2.0/opentest4j-1.2.0.jar:/home/alex/.m2/repository/org/junit/platform/junit-platform-commons/1.7.2/junit-platform-commons-1.7.2.jar:/home/alex/.m2/repository/org/junit/jupiter/junit-jupiter-engine/5.7.2/junit-jupiter-engine-5.7.2.jar:/home/alex/.m2/repository/org/junit/platform/junit-platform-engine/1.7.2/junit-platform-engine-1.7.2.jar:/home/alex/.m2/repository/org/junit/vintage/junit-vintage-engine/5.7.2/junit-vintage-engine-5.7.2.jar:/home/alex/.m2/repository/org/junit/jupiter/junit-jupiter-params/5.7.2/junit-jupiter-params-5.7.2.jar:/home/alex/.m2/repository/org/mockito/mockito-core/3.11.2/mockito-core-3.11.2.jar:/home/alex/.m2/repository/net/bytebuddy/byte-buddy/1.11.3/byte-buddy-1.11.3.jar:/home/alex/.m2/repository/net/bytebuddy/byte-buddy-agent/1.11.3/byte-buddy-agent-1.11.3.jar:/home/alex/.m2/repository/org/objenesis/objenesis/3.2/objenesis-3.2.jar:/home/alex/.m2/repository/org/mockito/mockito-junit-jupiter/3.11.2/mockito-junit-jupiter-3.11.2.jar:/home/alex/.m2/repository/org/slf4j/slf4j-simple/1.7.32/slf4j-simple-1.7.32.jar:/home/alex/.m2/repository/org/codehaus/groovy/groovy-test/2.5.14/groovy-test-2.5.14.jar:"/>
    <property name="org.slf4j.simpleLogger.log.nifi.processors.standard.TestExecuteSQLRecord" value="debug"/>
    <property name="java.vm.vendor" value="Private Build"/>
    <property name="sun.arch.data.model" value="64"/>
    <property name="java.vendor.url" value="http://java.oracle.com/"/>
    <property name="user.timezone" value="Europe/Lisbon"/>
    <property name="java.vm.specification.version" value="1.8"/>
    <property name="os.name" value="Linux"/>
    <property name="user.country" value="US"/>
    <property name="sun.java.launcher" value="SUN_STANDARD"/>
    <property name="sun.boot.library.path" value="/usr/lib/jvm/java-8-openjdk-amd64/jre/lib/amd64"/>
    <property name="sun.java.command" value="/home/alex/Repositories/nifi/nifi-nar-bundles/nifi-standard-bundle/nifi-standard-processors/target/surefire/surefirebooter7473415933682638322.jar /home/alex/Repositories/nifi/nifi-nar-bundles/nifi-standard-bundle/nifi-standard-processors/target/surefire 2024-05-02T02-37-14_149-jvmRun1 surefire6139189294397462573tmp surefire_693674938239097471618tmp"/>
    <property name="org.slf4j.simpleLogger.log.nifi.io.nio" value="debug"/>
    <property name="surefire.test.class.path" value="/home/alex/Repositories/nifi/nifi-nar-bundles/nifi-standard-bundle/nifi-standard-processors/target/test-classes:/home/alex/Repositories/nifi/nifi-nar-bundles/nifi-standard-bundle/nifi-standard-processors/target/classes:/home/alex/.m2/repository/org/apache/ftpserver/ftpserver-core/1.1.1/ftpserver-core-1.1.1.jar:/home/alex/.m2/repository/org/apache/ftpserver/ftplet-api/1.1.1/ftplet-api-1.1.1.jar:/home/alex/.m2/repository/org/slf4j/slf4j-api/1.7.32/slf4j-api-1.7.32.jar:/home/alex/.m2/repository/org/apache/mina/mina-core/2.0.16/mina-core-2.0.16.jar:/home/alex/Repositories/nifi/nifi-api/target/classes:/home/alex/Repositories/nifi/nifi-commons/nifi-expression-language/target/classes:/home/alex/.m2/repository/org/antlr/antlr-runtime/3.5.2/antlr-runtime-3.5.2.jar:/home/alex/Repositories/nifi/nifi-commons/nifi-parameter/target/classes:/home/alex/Repositories/nifi/nifi-commons/nifi-uuid5/target/classes:/home/alex/.m2/repository/org/apache/commons/commons-text/1.8/commons-text-1.8.jar:/home/alex/Repositories/nifi/nifi-nar-bundles/nifi-extension-utils/nifi-processor-utils/target/classes:/home/alex/Repositories/nifi/nifi-commons/nifi-security-socket-ssl/target/classes:/home/alex/Repositories/nifi/nifi-nar-bundles/nifi-extension-utils/nifi-event-transport/target/classes:/home/alex/.m2/repository/io/netty/netty-handler/4.1.69.Final/netty-handler-4.1.69.Final.jar:/home/alex/.m2/repository/io/netty/netty-common/4.1.69.Final/netty-common-4.1.69.Final.jar:/home/alex/.m2/repository/io/netty/netty-resolver/4.1.69.Final/netty-resolver-4.1.69.Final.jar:/home/alex/.m2/repository/io/netty/netty-transport/4.1.69.Final/netty-transport-4.1.69.Final.jar:/home/alex/.m2/repository/io/netty/netty-codec/4.1.69.Final/netty-codec-4.1.69.Final.jar:/home/alex/Repositories/nifi/nifi-nar-bundles/nifi-extension-utils/nifi-syslog-utils/target/classes:/home/alex/.m2/repository/com/github/palindromicity/simple-syslog-5424/0.0.16/simple-syslog-5424-0.0.16.jar:/home/alex/.m2/repository/org/antlr/antlr4-runtime/4.7.2/antlr4-runtime-4.7.2.jar:/home/alex/Repositories/nifi/nifi-commons/nifi-utils/target/classes:/home/alex/Repositories/nifi/nifi-commons/nifi-record-path/target/classes:/home/alex/Repositories/nifi/nifi-commons/nifi-properties/target/classes:/home/alex/Repositories/nifi/nifi-commons/nifi-property-utils/target/classes:/home/alex/.m2/repository/com/github/ben-manes/caffeine/caffeine/2.8.1/caffeine-2.8.1.jar:/home/alex/Repositories/nifi/nifi-nar-bundles/nifi-standard-services/nifi-ssl-context-service-api/target/classes:/home/alex/Repositories/nifi/nifi-commons/nifi-security-utils-api/target/classes:/home/alex/Repositories/nifi/nifi-nar-bundles/nifi-standard-services/nifi-lookup-service-api/target/classes:/home/alex/Repositories/nifi/nifi-commons/nifi-flowfile-packager/target/classes:/home/alex/Repositories/nifi/nifi-nar-bundles/nifi-standard-services/nifi-distributed-cache-client-service-api/target/classes:/home/alex/Repositories/nifi/nifi-nar-bundles/nifi-standard-services/nifi-http-context-map-api/target/classes:/home/alex/Repositories/nifi/nifi-nar-bundles/nifi-standard-services/nifi-record-serialization-service-api/target/classes:/home/alex/Repositories/nifi/nifi-nar-bundles/nifi-standard-services/nifi-proxy-configuration-api/target/classes:/home/alex/Repositories/nifi/nifi-commons/nifi-record/target/classes:/home/alex/Repositories/nifi/nifi-nar-bundles/nifi-standard-services/nifi-record-sink-api/target/classes:/home/alex/.m2/repository/commons-io/commons-io/2.10.0/commons-io-2.10.0.jar:/home/alex/.m2/repository/javax/ws/rs/javax.ws.rs-api/2.1/javax.ws.rs-api-2.1.jar:/home/alex/.m2/repository/commons-net/commons-net/3.6/commons-net-3.6.jar:/home/alex/.m2/repository/org/apache/commons/commons-compress/1.21/commons-compress-1.21.jar:/home/alex/.m2/repository/org/apache/commons/commons-lang3/3.9/commons-lang3-3.9.jar:/home/alex/.m2/repository/org/bouncycastle/bcprov-jdk15on/1.69/bcprov-jdk15on-1.69.jar:/home/alex/.m2/repository/org/bouncycastle/bcpg-jdk15on/1.69/bcpg-jdk15on-1.69.jar:/home/alex/.m2/repository/org/bouncycastle/bcpkix-jdk15on/1.69/bcpkix-jdk15on-1.69.jar:/home/alex/.m2/repository/org/bouncycastle/bcutil-jdk15on/1.69/bcutil-jdk15on-1.69.jar:/home/alex/.m2/repository/commons-codec/commons-codec/1.14/commons-codec-1.14.jar:/home/alex/Repositories/nifi/nifi-commons/nifi-security-utils/target/classes:/home/alex/Repositories/nifi/nifi-commons/nifi-security-kms/target/classes:/home/alex/.m2/repository/org/apache/commons/commons-configuration2/2.7/commons-configuration2-2.7.jar:/home/alex/.m2/repository/com/hierynomus/sshj/0.32.0/sshj-0.32.0.jar:/home/alex/.m2/repository/com/jcraft/jzlib/1.1.3/jzlib-1.1.3.jar:/home/alex/.m2/repository/com/hierynomus/asn-one/0.6.0/asn-one-0.6.0.jar:/home/alex/.m2/repository/net/i2p/crypto/eddsa/0.3.0/eddsa-0.3.0.jar:/home/alex/.m2/repository/org/eclipse/jetty/jetty-server/9.4.44.v20210927/jetty-server-9.4.44.v20210927.jar:/home/alex/.m2/repository/javax/servlet/javax.servlet-api/3.1.0/javax.servlet-api-3.1.0.jar:/home/alex/.m2/repository/org/eclipse/jetty/jetty-http/9.4.44.v20210927/jetty-http-9.4.44.v20210927.jar:/home/alex/.m2/repository/org/eclipse/jetty/jetty-util/9.4.44.v20210927/jetty-util-9.4.44.v20210927.jar:/home/alex/.m2/repository/org/eclipse/jetty/jetty-io/9.4.44.v20210927/jetty-io-9.4.44.v20210927.jar:/home/alex/.m2/repository/org/eclipse/jetty/jetty-servlet/9.4.44.v20210927/jetty-servlet-9.4.44.v20210927.jar:/home/alex/.m2/repository/org/eclipse/jetty/jetty-security/9.4.44.v20210927/jetty-security-9.4.44.v20210927.jar:/home/alex/.m2/repository/org/eclipse/jetty/jetty-util-ajax/9.4.44.v20210927/jetty-util-ajax-9.4.44.v20210927.jar:/home/alex/.m2/repository/org/apache/httpcomponents/httpclient/4.5.5/httpclient-4.5.5.jar:/home/alex/.m2/repository/commons-logging/commons-logging/1.2/commons-logging-1.2.jar:/home/alex/.m2/repository/org/apache/httpcomponents/httpcore/4.4.9/httpcore-4.4.9.jar:/home/alex/.m2/repository/jakarta/activation/jakarta.activation-api/2.0.1/jakarta.activation-api-2.0.1.jar:/home/alex/.m2/repository/com/sun/activation/jakarta.activation/2.0.1/jakarta.activation-2.0.1.jar:/home/alex/.m2/repository/jakarta/mail/jakarta.mail-api/2.0.1/jakarta.mail-api-2.0.1.jar:/home/alex/.m2/repository/com/sun/mail/jakarta.mail/2.0.1/jakarta.mail-2.0.1.jar:/home/alex/.m2/repository/com/github/jponge/lzma-java/1.3/lzma-java-1.3.jar:/home/alex/.m2/repository/org/tukaani/xz/1.8/xz-1.8.jar:/home/alex/.m2/repository/net/sf/saxon/Saxon-HE/10.6/Saxon-HE-10.6.jar:/home/alex/Repositories/nifi/nifi-commons/nifi-socket-utils/target/classes:/home/alex/Repositories/nifi/nifi-commons/nifi-logging-utils/target/classes:/home/alex/Repositories/nifi/nifi-nar-bundles/nifi-standard-services/nifi-load-distribution-service-api/target/classes:/home/alex/.m2/repository/javax/jms/javax.jms-api/2.0.1/javax.jms-api-2.0.1.jar:/home/alex/.m2/repository/org/apache/activemq/activemq-client/5.15.15/activemq-client-5.15.15.jar:/home/alex/.m2/repository/org/apache/geronimo/specs/geronimo-jms_1.1_spec/1.1.1/geronimo-jms_1.1_spec-1.1.1.jar:/home/alex/.m2/repository/org/fusesource/hawtbuf/hawtbuf/1.11/hawtbuf-1.11.jar:/home/alex/.m2/repository/org/apache/geronimo/specs/geronimo-j2ee-management_1.1_spec/1.0.1/geronimo-j2ee-management_1.1_spec-1.0.1.jar:/home/alex/.m2/repository/com/jayway/jsonpath/json-path/2.6.0/json-path-2.6.0.jar:/home/alex/.m2/repository/net/minidev/json-smart/2.4.7/json-smart-2.4.7.jar:/home/alex/.m2/repository/net/minidev/accessors-smart/2.4.7/accessors-smart-2.4.7.jar:/home/alex/.m2/repository/org/ow2/asm/asm/9.1/asm-9.1.jar:/home/alex/.m2/repository/org/apache/tika/tika-core/1.26/tika-core-1.26.jar:/home/alex/.m2/repository/com/fasterxml/jackson/core/jackson-databind/2.12.3/jackson-databind-2.12.3.jar:/home/alex/.m2/repository/com/fasterxml/jackson/core/jackson-annotations/2.12.3/jackson-annotations-2.12.3.jar:/home/alex/.m2/repository/com/fasterxml/jackson/core/jackson-core/2.12.3/jackson-core-2.12.3.jar:/home/alex/Repositories/nifi/nifi-nar-bundles/nifi-extension-utils/nifi-record-utils/nifi-avro-record-utils/target/classes:/home/alex/Repositories/nifi/nifi-nar-bundles/nifi-extension-utils/nifi-record-utils/nifi-standard-record-utils/target/classes:/home/alex/.m2/repository/org/apache/avro/avro/1.8.1/avro-1.8.1.jar:/home/alex/.m2/repository/org/codehaus/jackson/jackson-core-asl/1.9.13/jackson-core-asl-1.9.13.jar:/home/alex/.m2/repository/org/codehaus/jackson/jackson-mapper-asl/1.9.13/jackson-mapper-asl-1.9.13.jar:/home/alex/.m2/repository/com/thoughtworks/paranamer/paranamer/2.7/paranamer-2.7.jar:/home/alex/Repositories/nifi/nifi-nar-bundles/nifi-standard-services/nifi-dbcp-service-api/target/classes:/home/alex/.m2/repository/com/squareup/okhttp3/okhttp/4.9.2/okhttp-4.9.2.jar:/home/alex/.m2/repository/com/squareup/okio/okio/2.8.0/okio-2.8.0.jar:/home/alex/.m2/repository/org/jetbrains/kotlin/kotlin-stdlib-common/1.4.0/kotlin-stdlib-common-1.4.0.jar:/home/alex/.m2/repository/org/jetbrains/kotlin/kotlin-stdlib/1.4.10/kotlin-stdlib-1.4.10.jar:/home/alex/.m2/repository/org/jetbrains/annotations/13.0/annotations-13.0.jar:/home/alex/.m2/repository/io/github/rburgst/okhttp-digest/2.5/okhttp-digest-2.5.jar:/home/alex/.m2/repository/at/favre/lib/bcrypt/0.9.0/bcrypt-0.9.0.jar:/home/alex/.m2/repository/at/favre/lib/bytes/1.3.0/bytes-1.3.0.jar:/home/alex/.m2/repository/com/google/guava/guava/28.0-jre/guava-28.0-jre.jar:/home/alex/.m2/repository/com/google/guava/failureaccess/1.0.1/failureaccess-1.0.1.jar:/home/alex/.m2/repository/com/google/guava/listenablefuture/9999.0-empty-to-avoid-conflict-with-guava/listenablefuture-9999.0-empty-to-avoid-conflict-with-guava.jar:/home/alex/.m2/repository/com/google/code/findbugs/jsr305/3.0.2/jsr305-3.0.2.jar:/home/alex/.m2/repository/org/checkerframework/checker-qual/2.8.1/checker-qual-2.8.1.jar:/home/alex/.m2/repository/com/google/errorprone/error_prone_annotations/2.3.2/error_prone_annotations-2.3.2.jar:/home/alex/.m2/repository/com/google/j2objc/j2objc-annotations/1.3/j2objc-annotations-1.3.jar:/home/alex/.m2/repository/org/codehaus/mojo/animal-sniffer-annotations/1.17/animal-sniffer-annotations-1.17.jar:/home/alex/Repositories/nifi/nifi-mock/target/classes:/home/alex/Repositories/nifi/nifi-framework-api/target/classes:/home/alex/Repositories/nifi/nifi-nar-bundles/nifi-framework-bundle/nifi-framework/nifi-framework-core-api/target/classes:/home/alex/Repositories/nifi/nifi-nar-bundles/nifi-framework-bundle/nifi-framework/nifi-framework-nar-utils/target/classes:/home/alex/Repositories/nifi/nifi-nar-bundles/nifi-framework-bundle/nifi-framework/nifi-client-dto/target/classes:/home/alex/.m2/repository/io/swagger/swagger-annotations/1.6.0/swagger-annotations-1.6.0.jar:/home/alex/Repositories/nifi/nifi-commons/nifi-site-to-site-client/target/classes:/home/alex/.m2/repository/org/apache/httpcomponents/httpasyncclient/4.1.4/httpasyncclient-4.1.4.jar:/home/alex/.m2/repository/org/apache/httpcomponents/httpcore-nio/4.4.10/httpcore-nio-4.4.10.jar:/home/alex/Repositories/nifi/nifi-nar-bundles/nifi-framework-bundle/nifi-framework/nifi-framework-authorization/target/classes:/home/alex/Repositories/nifi/nifi-registry/nifi-registry-core/nifi-registry-data-model/target/classes:/home/alex/Repositories/nifi/nifi-registry/nifi-registry-core/nifi-registry-revision/nifi-registry-revision-entity-model/target/classes:/home/alex/Repositories/nifi/nifi-registry/nifi-registry-core/nifi-registry-client/target/classes:/home/alex/Repositories/nifi/nifi-registry/nifi-registry-core/nifi-registry-security-utils/target/classes:/home/alex/.m2/repository/org/glassfish/jersey/core/jersey-client/2.33/jersey-client-2.33.jar:/home/alex/.m2/repository/jakarta/ws/rs/jakarta.ws.rs-api/2.1.6/jakarta.ws.rs-api-2.1.6.jar:/home/alex/.m2/repository/org/glassfish/hk2/external/jakarta.inject/2.6.1/jakarta.inject-2.6.1.jar:/home/alex/.m2/repository/org/glassfish/jersey/media/jersey-media-json-jackson/2.33/jersey-media-json-jackson-2.33.jar:/home/alex/.m2/repository/org/glassfish/jersey/ext/jersey-entity-filtering/2.33/jersey-entity-filtering-2.33.jar:/home/alex/.m2/repository/org/glassfish/jersey/inject/jersey-hk2/2.33/jersey-hk2-2.33.jar:/home/alex/.m2/repository/org/glassfish/hk2/hk2-locator/2.6.1/hk2-locator-2.6.1.jar:/home/alex/.m2/repository/org/glassfish/hk2/external/aopalliance-repackaged/2.6.1/aopalliance-repackaged-2.6.1.jar:/home/alex/.m2/repository/org/glassfish/hk2/hk2-api/2.6.1/hk2-api-2.6.1.jar:/home/alex/.m2/repository/org/glassfish/hk2/hk2-utils/2.6.1/hk2-utils-2.6.1.jar:/home/alex/.m2/repository/org/javassist/javassist/3.25.0-GA/javassist-3.25.0-GA.jar:/home/alex/.m2/repository/org/glassfish/jersey/core/jersey-common/2.33/jersey-common-2.33.jar:/home/alex/.m2/repository/jakarta/annotation/jakarta.annotation-api/1.3.5/jakarta.annotation-api-1.3.5.jar:/home/alex/.m2/repository/org/glassfish/hk2/osgi-resource-locator/1.0.3/osgi-resource-locator-1.0.3.jar:/home/alex/.m2/repository/org/glassfish/jersey/media/jersey-media-multipart/2.33/jersey-media-multipart-2.33.jar:/home/alex/.m2/repository/org/jvnet/mimepull/mimepull/1.9.13/mimepull-1.9.13.jar:/home/alex/Repositories/nifi/nifi-commons/nifi-data-provenance-utils/target/classes:/home/alex/Repositories/nifi/nifi-nar-bundles/nifi-standard-services/nifi-distributed-cache-services-bundle/nifi-distributed-cache-client-service/target/classes:/home/alex/Repositories/nifi/nifi-nar-bundles/nifi-standard-services/nifi-distributed-cache-services-bundle/nifi-distributed-cache-protocol/target/classes:/home/alex/.m2/repository/io/netty/netty-buffer/4.1.69.Final/netty-buffer-4.1.69.Final.jar:/home/alex/.m2/repository/com/google/http-client/google-http-client/1.28.0/google-http-client-1.28.0.jar:/home/alex/.m2/repository/io/opencensus/opencensus-api/0.18.0/opencensus-api-0.18.0.jar:/home/alex/.m2/repository/io/grpc/grpc-context/1.14.0/grpc-context-1.14.0.jar:/home/alex/.m2/repository/io/opencensus/opencensus-contrib-http-util/0.18.0/opencensus-contrib-http-util-0.18.0.jar:/home/alex/.m2/repository/org/apache/activemq/activemq-broker/5.15.14/activemq-broker-5.15.14.jar:/home/alex/.m2/repository/org/apache/activemq/activemq-openwire-legacy/5.15.14/activemq-openwire-legacy-5.15.14.jar:/home/alex/Repositories/nifi/nifi-nar-bundles/nifi-standard-services/nifi-ssl-context-bundle/nifi-ssl-context-service/target/classes:/home/alex/Repositories/nifi/nifi-nar-bundles/nifi-framework-bundle/nifi-framework/nifi-standard-prioritizers/target/classes:/home/alex/Repositories/nifi/nifi-nar-bundles/nifi-extension-utils/nifi-record-utils/nifi-mock-record-utils/target/classes:/home/alex/Repositories/nifi/nifi-nar-bundles/nifi-standard-services/nifi-record-serialization-services-bundle/nifi-record-serialization-services/target/classes:/home/alex/.m2/repository/org/apache/commons/commons-csv/1.8/commons-csv-1.8.jar:/home/alex/.m2/repository/com/fasterxml/jackson/dataformat/jackson-dataformat-csv/2.12.3/jackson-dataformat-csv-2.12.3.jar:/home/alex/.m2/repository/net/java/dev/stax-utils/stax-utils/20070216/stax-utils-20070216.jar:/home/alex/Repositories/nifi/nifi-nar-bundles/nifi-standard-services/nifi-lookup-services-bundle/nifi-lookup-services/target/classes:/home/alex/.m2/repository/commons-beanutils/commons-beanutils/1.9.4/commons-beanutils-1.9.4.jar:/home/alex/.m2/repository/commons-collections/commons-collections/3.2.2/commons-collections-3.2.2.jar:/home/alex/.m2/repository/com/maxmind/geoip2/geoip2/2.12.0/geoip2-2.12.0.jar:/home/alex/.m2/repository/com/maxmind/db/maxmind-db/1.2.2/maxmind-db-1.2.2.jar:/home/alex/.m2/repository/org/apache/derby/derby/10.14.2.0/derby-10.14.2.0.jar:/home/alex/.m2/repository/org/xerial/snappy/snappy-java/1.1.7.3/snappy-java-1.1.7.3.jar:/home/alex/.m2/repository/net/lingala/zip4j/zip4j/2.8.0/zip4j-2.8.0.jar:/home/alex/.m2/repository/com/h2database/h2/1.4.187/h2-1.4.187.jar:/home/alex/.m2/repository/org/mockftpserver/MockFtpServer/2.7.1/MockFtpServer-2.7.1.jar:/home/alex/.m2/repository/org/apache/sshd/sshd-core/1.7.0/sshd-core-1.7.0.jar:/home/alex/.m2/repository/com/bazaarvoice/jolt/jolt-core/0.1.1/jolt-core-0.1.1.jar:/home/alex/.m2/repository/javax/inject/javax.inject/1/javax.inject-1.jar:/home/alex/.m2/repository/com/bazaarvoice/jolt/json-utils/0.1.1/json-utils-0.1.1.jar:/home/alex/Repositories/nifi/nifi-nar-bundles/nifi-standard-bundle/nifi-standard-utils/target/classes:/home/alex/.m2/repository/net/sf/supercsv/super-csv/2.4.0/super-csv-2.4.0.jar:/home/alex/.m2/repository/com/fluenda/parcefone/2.1.0/parcefone-2.1.0.jar:/home/alex/.m2/repository/javax/validation/validation-api/1.1.0.Final/validation-api-1.1.0.Final.jar:/home/alex/.m2/repository/javax/el/javax.el-api/3.0.0/javax.el-api-3.0.0.jar:/home/alex/.m2/repository/com/github/wnameless/json/json-flattener/0.12.0/json-flattener-0.12.0.jar:/home/alex/.m2/repository/com/github/wnameless/json/json-base/2.0.0/json-base-2.0.0.jar:/home/alex/.m2/repository/org/apache/bval/bval-jsr/1.1.2/bval-jsr-1.1.2.jar:/home/alex/.m2/repository/org/apache/bval/bval-core/1.1.2/bval-core-1.1.2.jar:/home/alex/.m2/repository/io/krakens/java-grok/0.1.9/java-grok-0.1.9.jar:/home/alex/.m2/repository/org/apache/calcite/calcite-core/1.27.0/calcite-core-1.27.0.jar:/home/alex/.m2/repository/org/apache/calcite/calcite-linq4j/1.27.0/calcite-linq4j-1.27.0.jar:/home/alex/.m2/repository/com/esri/geometry/esri-geometry-api/2.2.0/esri-geometry-api-2.2.0.jar:/home/alex/.m2/repository/org/apache/calcite/avatica/avatica-core/1.18.0/avatica-core-1.18.0.jar:/home/alex/.m2/repository/org/apache/calcite/avatica/avatica-metrics/1.18.0/avatica-metrics-1.18.0.jar:/home/alex/.m2/repository/com/google/protobuf/protobuf-java/3.6.1/protobuf-java-3.6.1.jar:/home/alex/.m2/repository/org/apiguardian/apiguardian-api/1.1.0/apiguardian-api-1.1.0.jar:/home/alex/.m2/repository/com/fasterxml/jackson/dataformat/jackson-dataformat-yaml/2.10.0/jackson-dataformat-yaml-2.10.0.jar:/home/alex/.m2/repository/org/yaml/snakeyaml/1.29/snakeyaml-1.29.jar:/home/alex/.m2/repository/com/google/uzaygezen/uzaygezen-core/0.2/uzaygezen-core-0.2.jar:/home/alex/.m2/repository/com/yahoo/datasketches/sketches-core/0.9.0/sketches-core-0.9.0.jar:/home/alex/.m2/repository/com/yahoo/datasketches/memory/0.9.0/memory-0.9.0.jar:/home/alex/.m2/repository/net/hydromatic/aggdesigner-algorithm/6.0/aggdesigner-algorithm-6.0.jar:/home/alex/.m2/repository/commons-lang/commons-lang/2.4/commons-lang-2.4.jar:/home/alex/.m2/repository/org/apache/commons/commons-dbcp2/2.6.0/commons-dbcp2-2.6.0.jar:/home/alex/.m2/repository/org/apache/commons/commons-pool2/2.6.1/commons-pool2-2.6.1.jar:/home/alex/.m2/repository/org/codehaus/janino/commons-compiler/3.0.11/commons-compiler-3.0.11.jar:/home/alex/.m2/repository/org/codehaus/janino/janino/3.0.11/janino-3.0.11.jar:/home/alex/Repositories/nifi/nifi-nar-bundles/nifi-standard-services/nifi-schema-registry-service-api/target/classes:/home/alex/Repositories/nifi/nifi-nar-bundles/nifi-extension-utils/nifi-database-utils/target/classes:/home/alex/Repositories/nifi/nifi-nar-bundles/nifi-standard-bundle/nifi-standard-web-test-utils/target/classes:/home/alex/.m2/repository/com/github/stefanbirkner/fake-sftp-server-rule/2.0.1/fake-sftp-server-rule-2.0.1.jar:/home/alex/.m2/repository/com/github/marschall/memoryfilesystem/2.8.0/memoryfilesystem-2.8.0.jar:/home/alex/.m2/repository/junit/junit/4.13.2/junit-4.13.2.jar:/home/alex/.m2/repository/org/hamcrest/hamcrest-core/1.3/hamcrest-core-1.3.jar:/home/alex/Repositories/nifi/nifi-nar-bundles/nifi-extension-utils/nifi-database-test-utils/target/classes:/home/alex/.m2/repository/org/codehaus/groovy/groovy-json/2.5.14/groovy-json-2.5.14.jar:/home/alex/.m2/repository/org/codehaus/groovy/groovy/2.5.14/groovy-2.5.14.jar:/home/alex/.m2/repository/org/codehaus/groovy/groovy-servlet/2.5.14/groovy-servlet-2.5.14.jar:/home/alex/.m2/repository/org/codehaus/groovy/groovy-templates/2.5.14/groovy-templates-2.5.14.jar:/home/alex/.m2/repository/org/codehaus/groovy/groovy-xml/2.5.14/groovy-xml-2.5.14.jar:/home/alex/.m2/repository/org/hamcrest/hamcrest-all/1.3/hamcrest-all-1.3.jar:/home/alex/.m2/repository/com/squareup/okhttp3/mockwebserver/4.9.2/mockwebserver-4.9.2.jar:/home/alex/.m2/repository/org/jetbrains/kotlin/kotlin-stdlib-jdk8/1.4.10/kotlin-stdlib-jdk8-1.4.10.jar:/home/alex/.m2/repository/org/jetbrains/kotlin/kotlin-stdlib-jdk7/1.4.10/kotlin-stdlib-jdk7-1.4.10.jar:/home/alex/.m2/repository/org/mockito/mockito-inline/3.12.4/mockito-inline-3.12.4.jar:/home/alex/.m2/repository/org/junit/jupiter/junit-jupiter-api/5.7.2/junit-jupiter-api-5.7.2.jar:/home/alex/.m2/repository/org/opentest4j/opentest4j/1.2.0/opentest4j-1.2.0.jar:/home/alex/.m2/repository/org/junit/platform/junit-platform-commons/1.7.2/junit-platform-commons-1.7.2.jar:/home/alex/.m2/repository/org/junit/jupiter/junit-jupiter-engine/5.7.2/junit-jupiter-engine-5.7.2.jar:/home/alex/.m2/repository/org/junit/platform/junit-platform-engine/1.7.2/junit-platform-engine-1.7.2.jar:/home/alex/.m2/repository/org/junit/vintage/junit-vintage-engine/5.7.2/junit-vintage-engine-5.7.2.jar:/home/alex/.m2/repository/org/junit/jupiter/junit-jupiter-params/5.7.2/junit-jupiter-params-5.7.2.jar:/home/alex/.m2/repository/org/mockito/mockito-core/3.11.2/mockito-core-3.11.2.jar:/home/alex/.m2/repository/net/bytebuddy/byte-buddy/1.11.3/byte-buddy-1.11.3.jar:/home/alex/.m2/repository/net/bytebuddy/byte-buddy-agent/1.11.3/byte-buddy-agent-1.11.3.jar:/home/alex/.m2/repository/org/objenesis/objenesis/3.2/objenesis-3.2.jar:/home/alex/.m2/repository/org/mockito/mockito-junit-jupiter/3.11.2/mockito-junit-jupiter-3.11.2.jar:/home/alex/.m2/repository/org/slf4j/slf4j-simple/1.7.32/slf4j-simple-1.7.32.jar:/home/alex/.m2/repository/org/codehaus/groovy/groovy-test/2.5.14/groovy-test-2.5.14.jar:"/>
    <property name="sun.cpu.endian" value="little"/>
    <property name="user.home" value="/home/alex"/>
    <property name="user.language" value="en"/>
    <property name="java.specification.vendor" value="Oracle Corporation"/>
    <property name="java.home" value="/usr/lib/jvm/java-8-openjdk-amd64/jre"/>
    <property name="basedir" value="/home/alex/Repositories/nifi/nifi-nar-bundles/nifi-standard-bundle/nifi-standard-processors"/>
    <property name="file.separator" value="/"/>
    <property name="line.separator" value="&#10;"/>
    <property name="java.vm.specification.vendor" value="Oracle Corporation"/>
    <property name="java.specification.name" value="Java Platform API Specification"/>
    <property name="derby.stream.error.file" value="target/derby.log"/>
    <property name="javax.xml.xpath.XPathFactory:http://saxon.sf.net/jaxp/xpath/om" value="net.sf.saxon.xpath.XPathFactoryImpl"/>
    <property name="java.awt.graphicsenv" value="sun.awt.X11GraphicsEnvironment"/>
    <property name="org.slf4j.simpleLogger.log.org.apache.nifi.processors.standard.SQLTransform" value="debug"/>
    <property name="java.awt.headless" value="true"/>
    <property name="org.slf4j.simpleLogger.log.nifi.processors.standard.ExecuteSQLRecord" value="debug"/>
    <property name="org.slf4j.simpleLogger.showDateTime" value="true"/>
    <property name="surefire.real.class.path" value="/home/alex/Repositories/nifi/nifi-nar-bundles/nifi-standard-bundle/nifi-standard-processors/target/surefire/surefirebooter7473415933682638322.jar"/>
    <property name="sun.boot.class.path" value="/usr/lib/jvm/java-8-openjdk-amd64/jre/lib/resources.jar:/usr/lib/jvm/java-8-openjdk-amd64/jre/lib/rt.jar:/usr/lib/jvm/java-8-openjdk-amd64/jre/lib/sunrsasign.jar:/usr/lib/jvm/java-8-openjdk-amd64/jre/lib/jsse.jar:/usr/lib/jvm/java-8-openjdk-amd64/jre/lib/jce.jar:/usr/lib/jvm/java-8-openjdk-amd64/jre/lib/charsets.jar:/usr/lib/jvm/java-8-openjdk-amd64/jre/lib/jfr.jar:/usr/lib/jvm/java-8-openjdk-amd64/jre/classes"/>
    <property name="sun.management.compiler" value="HotSpot 64-Bit Tiered Compilers"/>
    <property name="java.runtime.version" value="1.8.0_402-8u402-ga-2ubuntu1~22.04-b06"/>
    <property name="java.net.preferIPv4Stack" value="true"/>
    <property name="user.name" value="alex"/>
    <property name="path.separator" value=":"/>
    <property name="os.version" value="6.5.0-28-generic"/>
    <property name="java.endorsed.dirs" value="/usr/lib/jvm/java-8-openjdk-amd64/jre/lib/endorsed"/>
    <property name="java.runtime.name" value="OpenJDK Runtime Environment"/>
    <property name="file.encoding" value="UTF-8"/>
    <property name="org.slf4j.simpleLogger.log.org.apache.nifi.processors.standard" value="TRACE"/>
    <property name="sun.nio.ch.bugLevel" value=""/>
    <property name="java.vm.name" value="OpenJDK 64-Bit Server VM"/>
    <property name="localRepository" value="/home/alex/.m2/repository"/>
    <property name="java.vendor.url.bug" value="http://bugreport.sun.com/bugreport/"/>
    <property name="java.io.tmpdir" value="/tmp"/>
    <property name="java.version" value="1.8.0_402"/>
    <property name="user.dir" value="/home/alex/Repositories/nifi/nifi-nar-bundles/nifi-standard-bundle/nifi-standard-processors"/>
    <property name="org.slf4j.simpleLogger.log.nifi.processors.standard.TestDetectDuplicate" value="debug"/>
    <property name="os.arch" value="amd64"/>
    <property name="java.vm.specification.name" value="Java Virtual Machine Specification"/>
    <property name="java.awt.printerjob" value="sun.print.PSPrinterJob"/>
    <property name="sun.os.patch.level" value="unknown"/>
    <property name="org.slf4j.simpleLogger.defaultLogLevel" value="info"/>
    <property name="java.library.path" value="/usr/java/packages/lib/amd64:/usr/lib/x86_64-linux-gnu/jni:/lib/x86_64-linux-gnu:/usr/lib/x86_64-linux-gnu:/usr/lib/jni:/lib:/usr/lib"/>
    <property name="java.vm.info" value="mixed mode"/>
    <property name="java.vendor" value="Private Build"/>
    <property name="java.vm.version" value="25.402-b06"/>
    <property name="org.slf4j.simpleLogger.log.nifi.processors.standard.DetectDuplicate" value="debug"/>
    <property name="java.specification.maintenance.version" value="5"/>
    <property name="java.ext.dirs" value="/usr/lib/jvm/java-8-openjdk-amd64/jre/lib/ext:/usr/java/packages/lib/ext"/>
    <property name="sun.io.unicode.encoding" value="UnicodeLittle"/>
    <property name="java.class.version" value="52.0"/>
  </properties>
  <testcase name="basicFileUpload" classname="org.apache.nifi.processors.standard.TestFTP" time="0.347">
    <system-err><![CDATA[[Thread-51] INFO org.mockftpserver.fake.FakeFtpServer - Starting the server on port 0
[Thread-51] INFO org.mockftpserver.fake.FakeFtpServer - Actual server port is 40537
[Thread-51] INFO org.mockftpserver.fake.FakeFtpServer - Connection accepted from host /127.0.0.1
[Thread-52] INFO org.mockftpserver.core.command.ConnectCommandHandler - Sending reply [220 Service ready for new user. (MockFtpServer 2.7.1; see http://mockftpserver.sourceforge.net)]
[Thread-52] INFO org.mockftpserver.core.session.DefaultSession - Received command: [USER nifi-ftp-user]
[Thread-52] INFO org.mockftpserver.fake.command.UserCommandHandler - Sending reply [331 User name okay, need password.]
[Thread-52] INFO org.mockftpserver.core.session.DefaultSession - Received command: [PASS Test test test chocolate]
[Thread-52] INFO org.mockftpserver.fake.command.PassCommandHandler - Sending reply [230 User logged in, proceed.]
[Thread-52] INFO org.mockftpserver.core.session.DefaultSession - Received command: [TYPE I]
[Thread-52] INFO org.mockftpserver.fake.command.TypeCommandHandler - Sending reply [200 TYPE completed.]
[Thread-52] INFO org.mockftpserver.core.session.DefaultSession - Received command: [PWD]
[Thread-52] INFO org.mockftpserver.fake.command.PwdCommandHandler - Sending reply [257 "c:\data" is current directory.] args=[c:\data]
[Thread-52] INFO org.mockftpserver.core.session.DefaultSession - Received command: [CWD c:\data]
[Thread-52] INFO org.mockftpserver.fake.command.CwdCommandHandler - Sending reply [250 CWD completed. New directory is c:\data.] args=[c:\data]
[Thread-52] INFO org.mockftpserver.core.session.DefaultSession - Received command: [CWD c:\data]
[Thread-52] INFO org.mockftpserver.fake.command.CwdCommandHandler - Sending reply [250 CWD completed. New directory is c:\data.] args=[c:\data]
[Thread-52] INFO org.mockftpserver.core.session.DefaultSession - Received command: [CWD c:\data]
[Thread-52] INFO org.mockftpserver.fake.command.CwdCommandHandler - Sending reply [250 CWD completed. New directory is c:\data.] args=[c:\data]
[Thread-52] INFO org.mockftpserver.core.session.DefaultSession - Received command: [PWD]
[Thread-52] INFO org.mockftpserver.fake.command.PwdCommandHandler - Sending reply [257 "c:\data" is current directory.] args=[c:\data]
[Thread-52] INFO org.mockftpserver.core.session.DefaultSession - Received command: [PASV]
[Thread-52] INFO org.mockftpserver.fake.command.PasvCommandHandler - Sending reply [227 (127,0,0,1,149,133)] args=[127,0,0,1,149,133]
[Thread-52] INFO org.mockftpserver.core.session.DefaultSession - Received command: [STOR .randombytes-1]
[Thread-52] INFO org.mockftpserver.fake.command.StorCommandHandler - Sending reply [150 File status okay; about to open data connection.]
[Thread-52] INFO org.mockftpserver.fake.command.StorCommandHandler - Sending reply [226 Created file .randombytes-1.] args=[.randombytes-1]
[pool-1838-thread-1] DEBUG org.apache.nifi.processors.standard.PutFTP - PutFTP[id=ba8dacca-7c9b-451a-8c91-cb4d20159210] Renaming remote path from .randombytes-1 to randombytes-1 for FlowFile[0,randombytes-1,25B]
[Thread-52] INFO org.mockftpserver.core.session.DefaultSession - Received command: [RNFR .randombytes-1]
[Thread-52] INFO org.mockftpserver.fake.command.RnfrCommandHandler - Sending reply [350 Requested file action pending further information.]
[Thread-52] INFO org.mockftpserver.core.session.DefaultSession - Received command: [RNTO randombytes-1]
[Thread-52] INFO org.mockftpserver.fake.filesystem.AbstractFakeFileSystem - renaming from [c:\data\.randombytes-1] to [c:\data\randombytes-1]
[Thread-52] INFO org.mockftpserver.fake.command.RntoCommandHandler - Sending reply [250 Rename from c:\data\.randombytes-1 to c:\data\randombytes-1 completed.] args=[c:\data\.randombytes-1, c:\data\randombytes-1]
[pool-1838-thread-1] INFO org.apache.nifi.processors.standard.PutFTP - PutFTP[id=ba8dacca-7c9b-451a-8c91-cb4d20159210] Successfully transferred FlowFile[0,randombytes-1,25B] to c:\data/randombytes-1 on remote host localhost in 186 milliseconds at a rate of 133 bytes/sec
[Thread-51] INFO org.mockftpserver.fake.FakeFtpServer - Server stopped.
]]></system-err>
  </testcase>
  <testcase name="testValidators" classname="org.apache.nifi.processors.standard.TestFTP" time="0.001">
    <system-err><![CDATA[[Thread-53] INFO org.mockftpserver.fake.FakeFtpServer - Starting the server on port 0
[Thread-53] INFO org.mockftpserver.fake.FakeFtpServer - Actual server port is 35147
[Thread-53] INFO org.mockftpserver.fake.FakeFtpServer - Server stopped.
]]></system-err>
  </testcase>
  <testcase name="basicFileFetch" classname="org.apache.nifi.processors.standard.TestFTP" time="0.269">
    <system-err><![CDATA[[Thread-54] INFO org.mockftpserver.fake.FakeFtpServer - Starting the server on port 0
[Thread-54] INFO org.mockftpserver.fake.FakeFtpServer - Actual server port is 39815
[Thread-54] INFO org.mockftpserver.fake.FakeFtpServer - Connection accepted from host /127.0.0.1
[Thread-55] INFO org.mockftpserver.core.command.ConnectCommandHandler - Sending reply [220 Service ready for new user. (MockFtpServer 2.7.1; see http://mockftpserver.sourceforge.net)]
[Thread-55] INFO org.mockftpserver.core.session.DefaultSession - Received command: [USER nifi-ftp-user]
[Thread-55] INFO org.mockftpserver.fake.command.UserCommandHandler - Sending reply [331 User name okay, need password.]
[Thread-55] INFO org.mockftpserver.core.session.DefaultSession - Received command: [PASS Test test test chocolate]
[Thread-55] INFO org.mockftpserver.fake.command.PassCommandHandler - Sending reply [230 User logged in, proceed.]
[Thread-55] INFO org.mockftpserver.core.session.DefaultSession - Received command: [TYPE I]
[Thread-55] INFO org.mockftpserver.fake.command.TypeCommandHandler - Sending reply [200 TYPE completed.]
[Thread-55] INFO org.mockftpserver.core.session.DefaultSession - Received command: [PWD]
[Thread-55] INFO org.mockftpserver.fake.command.PwdCommandHandler - Sending reply [257 "c:\data" is current directory.] args=[c:\data]
[Thread-55] INFO org.mockftpserver.core.session.DefaultSession - Received command: [PASV]
[Thread-55] INFO org.mockftpserver.fake.command.PasvCommandHandler - Sending reply [227 (127,0,0,1,154,251)] args=[127,0,0,1,154,251]
[Thread-55] INFO org.mockftpserver.core.session.DefaultSession - Received command: [RETR c:\data\randombytes-2]
[Thread-55] INFO org.mockftpserver.fake.command.RetrCommandHandler - Sending reply [150 File status okay; about to open data connection.]
[Thread-55] INFO org.mockftpserver.fake.command.RetrCommandHandler - Sending reply [226 Closing data connection. Requested file action successful.]
[Thread-55] INFO org.mockftpserver.core.session.DefaultSession - Received command: [CWD c:\data]
[Thread-55] INFO org.mockftpserver.fake.command.CwdCommandHandler - Sending reply [250 CWD completed. New directory is c:\data.] args=[c:\data]
[Thread-55] INFO org.mockftpserver.core.session.DefaultSession - Received command: [CWD c:\data]
[Thread-55] INFO org.mockftpserver.fake.command.CwdCommandHandler - Sending reply [250 CWD completed. New directory is c:\data.] args=[c:\data]
[Thread-55] INFO org.mockftpserver.core.session.DefaultSession - Received command: [RNFR c:\data\randombytes-2]
[Thread-55] INFO org.mockftpserver.fake.command.RnfrCommandHandler - Sending reply [350 Requested file action pending further information.]
[Thread-55] INFO org.mockftpserver.core.session.DefaultSession - Received command: [RNTO /home/alex/Repositories/nifi/nifi-nar-bundles/nifi-standard-bundle/nifi-standard-processors/c:/data/data]
[Thread-55] WARN org.mockftpserver.fake.command.RntoCommandHandler - Error handling command: Command[RNTO:[/home/alex/Repositories/nifi/nifi-nar-bundles/nifi-standard-bundle/nifi-standard-processors/c:/data/data]]; org.mockftpserver.fake.filesystem.FileSystemException: FileSystemException[message=c:\data\home\alex\Repositories\nifi\nifi-nar-bundles\nifi-standard-bundle\nifi-standard-processors\c:\data; messageKey=filesystem.doesNotExist]
org.mockftpserver.fake.filesystem.FileSystemException: FileSystemException[message=c:\data\home\alex\Repositories\nifi\nifi-nar-bundles\nifi-standard-bundle\nifi-standard-processors\c:\data; messageKey=filesystem.doesNotExist]
	at org.mockftpserver.fake.command.AbstractFakeCommandHandler.verifyFileSystemCondition(AbstractFakeCommandHandler.java:264)
	at org.mockftpserver.fake.command.RntoCommandHandler.handle(RntoCommandHandler.java:52)
	at org.mockftpserver.fake.command.AbstractFakeCommandHandler.handleCommand(AbstractFakeCommandHandler.java:76)
	at org.mockftpserver.core.session.DefaultSession.readAndProcessCommand(DefaultSession.java:431)
	at org.mockftpserver.core.session.DefaultSession.run(DefaultSession.java:394)
	at java.lang.Thread.run(Thread.java:750)
[Thread-55] INFO org.mockftpserver.fake.command.RntoCommandHandler - Sending reply [553 [c:\data\home\alex\Repositories\nifi\nifi-nar-bundles\nifi-standard-bundle\nifi-standard-processors\c:\data] does not exist.] args=[c:\data\home\alex\Repositories\nifi\nifi-nar-bundles\nifi-standard-bundle\nifi-standard-processors\c:\data]
[pool-1839-thread-1] WARN org.apache.nifi.processors.standard.FetchFTP - FetchFTP[id=0b02cf4f-f46c-4aac-ace5-4a488a5e4316] Successfully fetched the content for FlowFile[0,c:\data\randombytes-2,41B] from localhost:39815c:\data\randombytes-2 but failed to rename the remote file due to java.io.IOException: Failed to rename temporary file c:\data\randombytes-2 to /home/alex/Repositories/nifi/nifi-nar-bundles/nifi-standard-bundle/nifi-standard-processors/c:/data/data due to: 553 [c:\data\home\alex\Repositories\nifi\nifi-nar-bundles\nifi-standard-bundle\nifi-standard-processors\c:\data] does not exist.
: java.io.IOException: Failed to rename temporary file c:\data\randombytes-2 to /home/alex/Repositories/nifi/nifi-nar-bundles/nifi-standard-bundle/nifi-standard-processors/c:/data/data due to: 553 [c:\data\home\alex\Repositories\nifi\nifi-nar-bundles\nifi-standard-bundle\nifi-standard-processors\c:\data] does not exist.

[pool-1839-thread-1] WARN org.apache.nifi.processors.standard.FetchFTP - 
java.io.IOException: Failed to rename temporary file c:\data\randombytes-2 to /home/alex/Repositories/nifi/nifi-nar-bundles/nifi-standard-bundle/nifi-standard-processors/c:/data/data due to: 553 [c:\data\home\alex\Repositories\nifi\nifi-nar-bundles\nifi-standard-bundle\nifi-standard-processors\c:\data] does not exist.

	at org.apache.nifi.processors.standard.util.FTPTransfer.rename(FTPTransfer.java:502)
	at org.apache.nifi.processors.standard.FetchFileTransfer.performCompletionStrategy(FetchFileTransfer.java:359)
	at org.apache.nifi.processors.standard.FetchFileTransfer.lambda$onTrigger$1(FetchFileTransfer.java:313)
	at org.apache.nifi.util.MockProcessSession.commitAsync(MockProcessSession.java:314)
	at org.apache.nifi.processors.standard.FetchFileTransfer.onTrigger(FetchFileTransfer.java:312)
	at org.apache.nifi.processor.AbstractProcessor.onTrigger(AbstractProcessor.java:27)
	at org.apache.nifi.util.StandardProcessorTestRunner$RunProcessor.call(StandardProcessorTestRunner.java:284)
	at org.apache.nifi.util.StandardProcessorTestRunner$RunProcessor.call(StandardProcessorTestRunner.java:278)
	at java.util.concurrent.FutureTask.run(FutureTask.java:266)
	at java.util.concurrent.ScheduledThreadPoolExecutor$ScheduledFutureTask.access$201(ScheduledThreadPoolExecutor.java:180)
	at java.util.concurrent.ScheduledThreadPoolExecutor$ScheduledFutureTask.run(ScheduledThreadPoolExecutor.java:293)
	at java.util.concurrent.ThreadPoolExecutor.runWorker(ThreadPoolExecutor.java:1149)
	at java.util.concurrent.ThreadPoolExecutor$Worker.run(ThreadPoolExecutor.java:624)
	at java.lang.Thread.run(Thread.java:750)
[pool-1839-thread-1] DEBUG org.apache.nifi.processors.standard.FetchFTP - FetchFTP[id=0b02cf4f-f46c-4aac-ace5-4a488a5e4316] Returning FileTransfer to pool...
[Thread-54] INFO org.mockftpserver.fake.FakeFtpServer - Server stopped.
]]></system-err>
  </testcase>
  <testcase name="basicProvenanceEventTest" classname="org.apache.nifi.processors.standard.TestFTP" time="1.172">
    <system-err><![CDATA[[Thread-56] INFO org.mockftpserver.fake.FakeFtpServer - Starting the server on port 0
[Thread-56] INFO org.mockftpserver.fake.FakeFtpServer - Actual server port is 37225
[Thread-56] INFO org.mockftpserver.fake.FakeFtpServer - Connection accepted from host /127.0.0.1
[Thread-57] INFO org.mockftpserver.core.command.ConnectCommandHandler - Sending reply [220 Service ready for new user. (MockFtpServer 2.7.1; see http://mockftpserver.sourceforge.net)]
[Thread-57] INFO org.mockftpserver.core.session.DefaultSession - Received command: [USER nifi-ftp-user]
[Thread-57] INFO org.mockftpserver.fake.command.UserCommandHandler - Sending reply [331 User name okay, need password.]
[Thread-57] INFO org.mockftpserver.core.session.DefaultSession - Received command: [PASS Test test test chocolate]
[Thread-57] INFO org.mockftpserver.fake.command.PassCommandHandler - Sending reply [230 User logged in, proceed.]
[Thread-57] INFO org.mockftpserver.core.session.DefaultSession - Received command: [TYPE I]
[Thread-57] INFO org.mockftpserver.fake.command.TypeCommandHandler - Sending reply [200 TYPE completed.]
[Thread-57] INFO org.mockftpserver.core.session.DefaultSession - Received command: [PWD]
[Thread-57] INFO org.mockftpserver.fake.command.PwdCommandHandler - Sending reply [257 "c:\data" is current directory.] args=[c:\data]
[Thread-57] INFO org.mockftpserver.core.session.DefaultSession - Received command: [CWD c:\data]
[Thread-57] INFO org.mockftpserver.fake.command.CwdCommandHandler - Sending reply [250 CWD completed. New directory is c:\data.] args=[c:\data]
[Thread-57] INFO org.mockftpserver.core.session.DefaultSession - Received command: [CWD c:\data]
[Thread-57] INFO org.mockftpserver.fake.command.CwdCommandHandler - Sending reply [250 CWD completed. New directory is c:\data.] args=[c:\data]
[Thread-57] INFO org.mockftpserver.core.session.DefaultSession - Received command: [CWD c:\data]
[Thread-57] INFO org.mockftpserver.fake.command.CwdCommandHandler - Sending reply [250 CWD completed. New directory is c:\data.] args=[c:\data]
[Thread-57] INFO org.mockftpserver.core.session.DefaultSession - Received command: [PWD]
[Thread-57] INFO org.mockftpserver.fake.command.PwdCommandHandler - Sending reply [257 "c:\data" is current directory.] args=[c:\data]
[Thread-57] INFO org.mockftpserver.core.session.DefaultSession - Received command: [PASV]
[Thread-57] INFO org.mockftpserver.fake.command.PasvCommandHandler - Sending reply [227 (127,0,0,1,156,127)] args=[127,0,0,1,156,127]
[Thread-57] INFO org.mockftpserver.core.session.DefaultSession - Received command: [STOR .randombytes-1]
[Thread-57] INFO org.mockftpserver.fake.command.StorCommandHandler - Sending reply [150 File status okay; about to open data connection.]
[Thread-57] INFO org.mockftpserver.fake.command.StorCommandHandler - Sending reply [226 Created file .randombytes-1.] args=[.randombytes-1]
[pool-1840-thread-1] DEBUG org.apache.nifi.processors.standard.PutFTP - PutFTP[id=e915e182-a516-45fe-ab4e-cd9812a91829] Renaming remote path from .randombytes-1 to randombytes-1 for FlowFile[0,randombytes-1,25B]
[Thread-57] INFO org.mockftpserver.core.session.DefaultSession - Received command: [RNFR .randombytes-1]
[Thread-57] INFO org.mockftpserver.fake.command.RnfrCommandHandler - Sending reply [350 Requested file action pending further information.]
[Thread-57] INFO org.mockftpserver.core.session.DefaultSession - Received command: [RNTO randombytes-1]
[Thread-57] INFO org.mockftpserver.fake.filesystem.AbstractFakeFileSystem - renaming from [c:\data\.randombytes-1] to [c:\data\randombytes-1]
[Thread-57] INFO org.mockftpserver.fake.command.RntoCommandHandler - Sending reply [250 Rename from c:\data\.randombytes-1 to c:\data\randombytes-1 completed.] args=[c:\data\.randombytes-1, c:\data\randombytes-1]
[pool-1840-thread-1] INFO org.apache.nifi.processors.standard.PutFTP - PutFTP[id=e915e182-a516-45fe-ab4e-cd9812a91829] Successfully transferred FlowFile[0,randombytes-1,25B] to c:\data/randombytes-1 on remote host localhost in 202 milliseconds at a rate of 123 bytes/sec
[Thread-56] INFO org.mockftpserver.fake.FakeFtpServer - Connection accepted from host /127.0.0.1
[Thread-58] INFO org.mockftpserver.core.command.ConnectCommandHandler - Sending reply [220 Service ready for new user. (MockFtpServer 2.7.1; see http://mockftpserver.sourceforge.net)]
[Thread-58] INFO org.mockftpserver.core.session.DefaultSession - Received command: [USER nifi-ftp-user]
[Thread-58] INFO org.mockftpserver.fake.command.UserCommandHandler - Sending reply [331 User name okay, need password.]
[Thread-58] INFO org.mockftpserver.core.session.DefaultSession - Received command: [PASS Test test test chocolate]
[Thread-58] INFO org.mockftpserver.fake.command.PassCommandHandler - Sending reply [230 User logged in, proceed.]
[Thread-58] INFO org.mockftpserver.core.session.DefaultSession - Received command: [TYPE I]
[Thread-58] INFO org.mockftpserver.fake.command.TypeCommandHandler - Sending reply [200 TYPE completed.]
[Thread-58] INFO org.mockftpserver.core.session.DefaultSession - Received command: [PWD]
[Thread-58] INFO org.mockftpserver.fake.command.PwdCommandHandler - Sending reply [257 "c:\data" is current directory.] args=[c:\data]
[Thread-58] INFO org.mockftpserver.core.session.DefaultSession - Received command: [CWD c:\data]
[Thread-58] INFO org.mockftpserver.fake.command.CwdCommandHandler - Sending reply [250 CWD completed. New directory is c:\data.] args=[c:\data]
[Thread-58] INFO org.mockftpserver.core.session.DefaultSession - Received command: [CWD c:\data]
[Thread-58] INFO org.mockftpserver.fake.command.CwdCommandHandler - Sending reply [250 CWD completed. New directory is c:\data.] args=[c:\data]
[Thread-58] INFO org.mockftpserver.core.session.DefaultSession - Received command: [CWD c:\data]
[Thread-58] INFO org.mockftpserver.fake.command.CwdCommandHandler - Sending reply [250 CWD completed. New directory is c:\data.] args=[c:\data]
[Thread-58] INFO org.mockftpserver.core.session.DefaultSession - Received command: [PWD]
[Thread-58] INFO org.mockftpserver.fake.command.PwdCommandHandler - Sending reply [257 "c:\data" is current directory.] args=[c:\data]
[Thread-58] INFO org.mockftpserver.core.session.DefaultSession - Received command: [PASV]
[Thread-58] INFO org.mockftpserver.fake.command.PasvCommandHandler - Sending reply [227 (127,0,0,1,159,179)] args=[127,0,0,1,159,179]
[Thread-58] INFO org.mockftpserver.core.session.DefaultSession - Received command: [STOR .hello.txt]
[Thread-58] INFO org.mockftpserver.fake.command.StorCommandHandler - Sending reply [150 File status okay; about to open data connection.]
[Thread-58] INFO org.mockftpserver.fake.command.StorCommandHandler - Sending reply [226 Created file .hello.txt.] args=[.hello.txt]
[pool-1841-thread-1] DEBUG org.apache.nifi.processors.standard.PutFTP - PutFTP[id=e915e182-a516-45fe-ab4e-cd9812a91829] Renaming remote path from .hello.txt to hello.txt for FlowFile[1,hello.txt,13B]
[Thread-58] INFO org.mockftpserver.core.session.DefaultSession - Received command: [RNFR .hello.txt]
[Thread-58] INFO org.mockftpserver.fake.command.RnfrCommandHandler - Sending reply [350 Requested file action pending further information.]
[Thread-58] INFO org.mockftpserver.core.session.DefaultSession - Received command: [RNTO hello.txt]
[Thread-58] INFO org.mockftpserver.fake.filesystem.AbstractFakeFileSystem - renaming from [c:\data\.hello.txt] to [c:\data\hello.txt]
[Thread-58] INFO org.mockftpserver.fake.command.RntoCommandHandler - Sending reply [250 Rename from c:\data\.hello.txt to c:\data\hello.txt completed.] args=[c:\data\.hello.txt, c:\data\hello.txt]
[pool-1841-thread-1] INFO org.apache.nifi.processors.standard.PutFTP - PutFTP[id=e915e182-a516-45fe-ab4e-cd9812a91829] Successfully transferred FlowFile[1,hello.txt,13B] to c:\data/hello.txt on remote host localhost in 182 milliseconds at a rate of 71 bytes/sec
[Thread-56] INFO org.mockftpserver.fake.FakeFtpServer - Connection accepted from host /127.0.0.1
[Thread-59] INFO org.mockftpserver.core.command.ConnectCommandHandler - Sending reply [220 Service ready for new user. (MockFtpServer 2.7.1; see http://mockftpserver.sourceforge.net)]
[Thread-59] INFO org.mockftpserver.core.session.DefaultSession - Received command: [USER nifi-ftp-user]
[Thread-59] INFO org.mockftpserver.fake.command.UserCommandHandler - Sending reply [331 User name okay, need password.]
[Thread-59] INFO org.mockftpserver.core.session.DefaultSession - Received command: [PASS Test test test chocolate]
[Thread-59] INFO org.mockftpserver.fake.command.PassCommandHandler - Sending reply [230 User logged in, proceed.]
[Thread-59] INFO org.mockftpserver.core.session.DefaultSession - Received command: [TYPE I]
[Thread-59] INFO org.mockftpserver.fake.command.TypeCommandHandler - Sending reply [200 TYPE completed.]
[Thread-59] INFO org.mockftpserver.core.session.DefaultSession - Received command: [PWD]
[Thread-59] INFO org.mockftpserver.fake.command.PwdCommandHandler - Sending reply [257 "c:\data" is current directory.] args=[c:\data]
[Thread-59] INFO org.mockftpserver.core.session.DefaultSession - Received command: [CWD c:\data]
[Thread-59] INFO org.mockftpserver.fake.command.CwdCommandHandler - Sending reply [250 CWD completed. New directory is c:\data.] args=[c:\data]
[Thread-59] INFO org.mockftpserver.core.session.DefaultSession - Received command: [CWD c:\data]
[Thread-59] INFO org.mockftpserver.fake.command.CwdCommandHandler - Sending reply [250 CWD completed. New directory is c:\data.] args=[c:\data]
[Thread-59] INFO org.mockftpserver.core.session.DefaultSession - Received command: [CWD c:\data]
[Thread-59] INFO org.mockftpserver.fake.command.CwdCommandHandler - Sending reply [250 CWD completed. New directory is c:\data.] args=[c:\data]
[Thread-59] INFO org.mockftpserver.core.session.DefaultSession - Received command: [PWD]
[Thread-59] INFO org.mockftpserver.fake.command.PwdCommandHandler - Sending reply [257 "c:\data" is current directory.] args=[c:\data]
[Thread-59] INFO org.mockftpserver.core.session.DefaultSession - Received command: [PASV]
[Thread-59] INFO org.mockftpserver.fake.command.PasvCommandHandler - Sending reply [227 (127,0,0,1,182,61)] args=[127,0,0,1,182,61]
[Thread-59] INFO org.mockftpserver.core.session.DefaultSession - Received command: [STOR .randombytes-xx]
[Thread-59] INFO org.mockftpserver.fake.command.StorCommandHandler - Sending reply [150 File status okay; about to open data connection.]
[Thread-59] INFO org.mockftpserver.fake.command.StorCommandHandler - Sending reply [226 Created file .randombytes-xx.] args=[.randombytes-xx]
[pool-1842-thread-1] DEBUG org.apache.nifi.processors.standard.PutFTP - PutFTP[id=e915e182-a516-45fe-ab4e-cd9812a91829] Renaming remote path from .randombytes-xx to randombytes-xx for FlowFile[0,randombytes-xx,25B]
[Thread-59] INFO org.mockftpserver.core.session.DefaultSession - Received command: [RNFR .randombytes-xx]
[Thread-59] INFO org.mockftpserver.fake.command.RnfrCommandHandler - Sending reply [350 Requested file action pending further information.]
[Thread-59] INFO org.mockftpserver.core.session.DefaultSession - Received command: [RNTO randombytes-xx]
[Thread-59] INFO org.mockftpserver.fake.filesystem.AbstractFakeFileSystem - renaming from [c:\data\.randombytes-xx] to [c:\data\randombytes-xx]
[Thread-59] INFO org.mockftpserver.fake.command.RntoCommandHandler - Sending reply [250 Rename from c:\data\.randombytes-xx to c:\data\randombytes-xx completed.] args=[c:\data\.randombytes-xx, c:\data\randombytes-xx]
[pool-1842-thread-1] INFO org.apache.nifi.processors.standard.PutFTP - PutFTP[id=e915e182-a516-45fe-ab4e-cd9812a91829] Successfully transferred FlowFile[0,randombytes-xx,25B] to c:\data/randombytes-xx on remote host localhost in 203 milliseconds at a rate of 123 bytes/sec
[Thread-56] INFO org.mockftpserver.fake.FakeFtpServer - Connection accepted from host /127.0.0.1
[Thread-60] INFO org.mockftpserver.core.command.ConnectCommandHandler - Sending reply [220 Service ready for new user. (MockFtpServer 2.7.1; see http://mockftpserver.sourceforge.net)]
[Thread-60] INFO org.mockftpserver.core.session.DefaultSession - Received command: [USER nifi-ftp-user]
[Thread-60] INFO org.mockftpserver.fake.command.UserCommandHandler - Sending reply [331 User name okay, need password.]
[Thread-60] INFO org.mockftpserver.core.session.DefaultSession - Received command: [PASS Test test test chocolate]
[Thread-60] INFO org.mockftpserver.fake.command.PassCommandHandler - Sending reply [230 User logged in, proceed.]
[Thread-60] INFO org.mockftpserver.core.session.DefaultSession - Received command: [TYPE I]
[Thread-60] INFO org.mockftpserver.fake.command.TypeCommandHandler - Sending reply [200 TYPE completed.]
[Thread-60] INFO org.mockftpserver.core.session.DefaultSession - Received command: [PWD]
[Thread-60] INFO org.mockftpserver.fake.command.PwdCommandHandler - Sending reply [257 "c:\data" is current directory.] args=[c:\data]
[Thread-60] INFO org.mockftpserver.core.session.DefaultSession - Received command: [CWD c:\data]
[Thread-60] INFO org.mockftpserver.fake.command.CwdCommandHandler - Sending reply [250 CWD completed. New directory is c:\data.] args=[c:\data]
[Thread-60] INFO org.mockftpserver.core.session.DefaultSession - Received command: [CWD c:\data]
[Thread-60] INFO org.mockftpserver.fake.command.CwdCommandHandler - Sending reply [250 CWD completed. New directory is c:\data.] args=[c:\data]
[Thread-60] INFO org.mockftpserver.core.session.DefaultSession - Received command: [CWD c:\data]
[Thread-60] INFO org.mockftpserver.fake.command.CwdCommandHandler - Sending reply [250 CWD completed. New directory is c:\data.] args=[c:\data]
[Thread-60] INFO org.mockftpserver.core.session.DefaultSession - Received command: [PWD]
[Thread-60] INFO org.mockftpserver.fake.command.PwdCommandHandler - Sending reply [257 "c:\data" is current directory.] args=[c:\data]
[Thread-60] INFO org.mockftpserver.core.session.DefaultSession - Received command: [PASV]
[Thread-60] INFO org.mockftpserver.fake.command.PasvCommandHandler - Sending reply [227 (127,0,0,1,175,55)] args=[127,0,0,1,175,55]
[Thread-60] INFO org.mockftpserver.core.session.DefaultSession - Received command: [STOR .randombytes-yy]
[Thread-60] INFO org.mockftpserver.fake.command.StorCommandHandler - Sending reply [150 File status okay; about to open data connection.]
[Thread-60] INFO org.mockftpserver.fake.command.StorCommandHandler - Sending reply [226 Created file .randombytes-yy.] args=[.randombytes-yy]
[pool-1842-thread-1] DEBUG org.apache.nifi.processors.standard.PutFTP - PutFTP[id=e915e182-a516-45fe-ab4e-cd9812a91829] Renaming remote path from .randombytes-yy to randombytes-yy for FlowFile[1,randombytes-yy,13B]
[Thread-60] INFO org.mockftpserver.core.session.DefaultSession - Received command: [RNFR .randombytes-yy]
[Thread-60] INFO org.mockftpserver.fake.command.RnfrCommandHandler - Sending reply [350 Requested file action pending further information.]
[Thread-60] INFO org.mockftpserver.core.session.DefaultSession - Received command: [RNTO randombytes-yy]
[Thread-60] INFO org.mockftpserver.fake.filesystem.AbstractFakeFileSystem - renaming from [c:\data\.randombytes-yy] to [c:\data\randombytes-yy]
[Thread-60] INFO org.mockftpserver.fake.command.RntoCommandHandler - Sending reply [250 Rename from c:\data\.randombytes-yy to c:\data\randombytes-yy completed.] args=[c:\data\.randombytes-yy, c:\data\randombytes-yy]
[pool-1842-thread-1] INFO org.apache.nifi.processors.standard.PutFTP - PutFTP[id=e915e182-a516-45fe-ab4e-cd9812a91829] Successfully transferred FlowFile[1,randombytes-yy,13B] to c:\data/randombytes-yy on remote host 127.0.0.1 in 203 milliseconds at a rate of 64 bytes/sec
[Thread-56] INFO org.mockftpserver.fake.FakeFtpServer - Server stopped.
]]></system-err>
  </testcase>
  <testcase name="basicFileFetchWithUTF8FileName" classname="org.apache.nifi.processors.standard.TestFTP" time="0.287">
    <system-err><![CDATA[[Thread-61] INFO org.mockftpserver.fake.FakeFtpServer - Starting the server on port 0
[Thread-61] INFO org.mockftpserver.fake.FakeFtpServer - Actual server port is 42413
[Thread-61] INFO org.mockftpserver.fake.FakeFtpServer - Connection accepted from host /127.0.0.1
[Thread-62] INFO org.mockftpserver.core.command.ConnectCommandHandler - Sending reply [220 Service ready for new user. (MockFtpServer 2.7.1; see http://mockftpserver.sourceforge.net)]
[Thread-62] INFO org.mockftpserver.core.session.DefaultSession - Received command: [FEAT]
[Thread-62] WARN org.mockftpserver.core.command.UnsupportedCommandHandler - No CommandHandler is defined for command [FEAT]
[Thread-62] INFO org.mockftpserver.core.command.UnsupportedCommandHandler - Sending reply [502 Command not implemented: FEAT.]
[Thread-62] INFO org.mockftpserver.core.session.DefaultSession - Received command: [USER nifi-ftp-user]
[Thread-62] INFO org.mockftpserver.fake.command.UserCommandHandler - Sending reply [331 User name okay, need password.]
[Thread-62] INFO org.mockftpserver.core.session.DefaultSession - Received command: [PASS Test test test chocolate]
[Thread-62] INFO org.mockftpserver.fake.command.PassCommandHandler - Sending reply [230 User logged in, proceed.]
[Thread-62] INFO org.mockftpserver.core.session.DefaultSession - Received command: [TYPE I]
[Thread-62] INFO org.mockftpserver.fake.command.TypeCommandHandler - Sending reply [200 TYPE completed.]
[Thread-62] INFO org.mockftpserver.core.session.DefaultSession - Received command: [PWD]
[Thread-62] INFO org.mockftpserver.fake.command.PwdCommandHandler - Sending reply [257 "c:\data" is current directory.] args=[c:\data]
[Thread-62] INFO org.mockftpserver.core.session.DefaultSession - Received command: [PASV]
[Thread-62] INFO org.mockftpserver.fake.command.PasvCommandHandler - Sending reply [227 (127,0,0,1,143,13)] args=[127,0,0,1,143,13]
[Thread-62] INFO org.mockftpserver.core.session.DefaultSession - Received command: [RETR c:\data\őűőű.txt]
[Thread-62] INFO org.mockftpserver.fake.command.RetrCommandHandler - Sending reply [150 File status okay; about to open data connection.]
[Thread-62] INFO org.mockftpserver.fake.command.RetrCommandHandler - Sending reply [226 Closing data connection. Requested file action successful.]
[Thread-62] INFO org.mockftpserver.core.session.DefaultSession - Received command: [CWD c:\data]
[Thread-62] INFO org.mockftpserver.fake.command.CwdCommandHandler - Sending reply [250 CWD completed. New directory is c:\data.] args=[c:\data]
[Thread-62] INFO org.mockftpserver.core.session.DefaultSession - Received command: [CWD c:\data]
[Thread-62] INFO org.mockftpserver.fake.command.CwdCommandHandler - Sending reply [250 CWD completed. New directory is c:\data.] args=[c:\data]
[Thread-62] INFO org.mockftpserver.core.session.DefaultSession - Received command: [RNFR c:\data\őűőű.txt]
[Thread-62] INFO org.mockftpserver.fake.command.RnfrCommandHandler - Sending reply [350 Requested file action pending further information.]
[Thread-62] INFO org.mockftpserver.core.session.DefaultSession - Received command: [RNTO /home/alex/Repositories/nifi/nifi-nar-bundles/nifi-standard-bundle/nifi-standard-processors/c:/data/data]
[Thread-62] WARN org.mockftpserver.fake.command.RntoCommandHandler - Error handling command: Command[RNTO:[/home/alex/Repositories/nifi/nifi-nar-bundles/nifi-standard-bundle/nifi-standard-processors/c:/data/data]]; org.mockftpserver.fake.filesystem.FileSystemException: FileSystemException[message=c:\data\home\alex\Repositories\nifi\nifi-nar-bundles\nifi-standard-bundle\nifi-standard-processors\c:\data; messageKey=filesystem.doesNotExist]
org.mockftpserver.fake.filesystem.FileSystemException: FileSystemException[message=c:\data\home\alex\Repositories\nifi\nifi-nar-bundles\nifi-standard-bundle\nifi-standard-processors\c:\data; messageKey=filesystem.doesNotExist]
	at org.mockftpserver.fake.command.AbstractFakeCommandHandler.verifyFileSystemCondition(AbstractFakeCommandHandler.java:264)
	at org.mockftpserver.fake.command.RntoCommandHandler.handle(RntoCommandHandler.java:52)
	at org.mockftpserver.fake.command.AbstractFakeCommandHandler.handleCommand(AbstractFakeCommandHandler.java:76)
	at org.mockftpserver.core.session.DefaultSession.readAndProcessCommand(DefaultSession.java:431)
	at org.mockftpserver.core.session.DefaultSession.run(DefaultSession.java:394)
	at java.lang.Thread.run(Thread.java:750)
[Thread-62] INFO org.mockftpserver.fake.command.RntoCommandHandler - Sending reply [553 [c:\data\home\alex\Repositories\nifi\nifi-nar-bundles\nifi-standard-bundle\nifi-standard-processors\c:\data] does not exist.] args=[c:\data\home\alex\Repositories\nifi\nifi-nar-bundles\nifi-standard-bundle\nifi-standard-processors\c:\data]
[pool-1843-thread-1] WARN org.apache.nifi.processors.standard.FetchFTP - FetchFTP[id=6a662f86-d04e-4692-9786-18a7d07681f8] Successfully fetched the content for FlowFile[0,c:\data\őűőű.txt,41B] from localhost:42413c:\data\őűőű.txt but failed to rename the remote file due to java.io.IOException: Failed to rename temporary file c:\data\őűőű.txt to /home/alex/Repositories/nifi/nifi-nar-bundles/nifi-standard-bundle/nifi-standard-processors/c:/data/data due to: 553 [c:\data\home\alex\Repositories\nifi\nifi-nar-bundles\nifi-standard-bundle\nifi-standard-processors\c:\data] does not exist.
: java.io.IOException: Failed to rename temporary file c:\data\őűőű.txt to /home/alex/Repositories/nifi/nifi-nar-bundles/nifi-standard-bundle/nifi-standard-processors/c:/data/data due to: 553 [c:\data\home\alex\Repositories\nifi\nifi-nar-bundles\nifi-standard-bundle\nifi-standard-processors\c:\data] does not exist.

[pool-1843-thread-1] WARN org.apache.nifi.processors.standard.FetchFTP - 
java.io.IOException: Failed to rename temporary file c:\data\őűőű.txt to /home/alex/Repositories/nifi/nifi-nar-bundles/nifi-standard-bundle/nifi-standard-processors/c:/data/data due to: 553 [c:\data\home\alex\Repositories\nifi\nifi-nar-bundles\nifi-standard-bundle\nifi-standard-processors\c:\data] does not exist.

	at org.apache.nifi.processors.standard.util.FTPTransfer.rename(FTPTransfer.java:502)
	at org.apache.nifi.processors.standard.FetchFileTransfer.performCompletionStrategy(FetchFileTransfer.java:359)
	at org.apache.nifi.processors.standard.FetchFileTransfer.lambda$onTrigger$1(FetchFileTransfer.java:313)
	at org.apache.nifi.util.MockProcessSession.commitAsync(MockProcessSession.java:314)
	at org.apache.nifi.processors.standard.FetchFileTransfer.onTrigger(FetchFileTransfer.java:312)
	at org.apache.nifi.processor.AbstractProcessor.onTrigger(AbstractProcessor.java:27)
	at org.apache.nifi.util.StandardProcessorTestRunner$RunProcessor.call(StandardProcessorTestRunner.java:284)
	at org.apache.nifi.util.StandardProcessorTestRunner$RunProcessor.call(StandardProcessorTestRunner.java:278)
	at java.util.concurrent.FutureTask.run(FutureTask.java:266)
	at java.util.concurrent.ScheduledThreadPoolExecutor$ScheduledFutureTask.access$201(ScheduledThreadPoolExecutor.java:180)
	at java.util.concurrent.ScheduledThreadPoolExecutor$ScheduledFutureTask.run(ScheduledThreadPoolExecutor.java:293)
	at java.util.concurrent.ThreadPoolExecutor.runWorker(ThreadPoolExecutor.java:1149)
	at java.util.concurrent.ThreadPoolExecutor$Worker.run(ThreadPoolExecutor.java:624)
	at java.lang.Thread.run(Thread.java:750)
[pool-1843-thread-1] DEBUG org.apache.nifi.processors.standard.FetchFTP - FetchFTP[id=6a662f86-d04e-4692-9786-18a7d07681f8] Returning FileTransfer to pool...
[Thread-61] INFO org.mockftpserver.fake.FakeFtpServer - Server stopped.
]]></system-err>
  </testcase>
  <testcase name="basicFileGet" classname="org.apache.nifi.processors.standard.TestFTP" time="0.35">
    <system-err><![CDATA[[Thread-63] INFO org.mockftpserver.fake.FakeFtpServer - Starting the server on port 0
[Thread-63] INFO org.mockftpserver.fake.FakeFtpServer - Actual server port is 33123
[Thread-63] INFO org.mockftpserver.fake.FakeFtpServer - Connection accepted from host /127.0.0.1
[Thread-64] INFO org.mockftpserver.core.command.ConnectCommandHandler - Sending reply [220 Service ready for new user. (MockFtpServer 2.7.1; see http://mockftpserver.sourceforge.net)]
[Thread-64] INFO org.mockftpserver.core.session.DefaultSession - Received command: [USER nifi-ftp-user]
[Thread-64] INFO org.mockftpserver.fake.command.UserCommandHandler - Sending reply [331 User name okay, need password.]
[Thread-64] INFO org.mockftpserver.core.session.DefaultSession - Received command: [PASS Test test test chocolate]
[Thread-64] INFO org.mockftpserver.fake.command.PassCommandHandler - Sending reply [230 User logged in, proceed.]
[Thread-64] INFO org.mockftpserver.core.session.DefaultSession - Received command: [TYPE I]
[Thread-64] INFO org.mockftpserver.fake.command.TypeCommandHandler - Sending reply [200 TYPE completed.]
[Thread-64] INFO org.mockftpserver.core.session.DefaultSession - Received command: [PWD]
[Thread-64] INFO org.mockftpserver.fake.command.PwdCommandHandler - Sending reply [257 "c:\data" is current directory.] args=[c:\data]
[Thread-64] INFO org.mockftpserver.core.session.DefaultSession - Received command: [SYST]
[Thread-64] INFO org.mockftpserver.fake.command.SystCommandHandler - Sending reply [215 "WINDOWS"] args=[WINDOWS]
[Thread-64] INFO org.mockftpserver.core.session.DefaultSession - Received command: [PASV]
[Thread-64] INFO org.mockftpserver.fake.command.PasvCommandHandler - Sending reply [227 (127,0,0,1,136,157)] args=[127,0,0,1,136,157]
[Thread-64] INFO org.mockftpserver.core.session.DefaultSession - Received command: [LIST /]
[Thread-64] INFO org.mockftpserver.fake.command.ListCommandHandler - Sending reply [150 File status okay; about to open data connection.]
[Thread-64] INFO org.mockftpserver.fake.command.ListCommandHandler - Sending [05-02-24 02:46AM               41  randombytes-2
]
[Thread-64] INFO org.mockftpserver.fake.command.ListCommandHandler - Sending reply [226 Closing data connection. Requested file action successful.]
[pool-1844-thread-1] INFO org.apache.nifi.processors.standard.GetFTP - GetFTP[id=af66333e-5de8-4e45-9ce9-4aa546f6d140] Obtained file listing in 187 milliseconds; listing had 1 items, 1 of which were new
[Thread-64] INFO org.mockftpserver.core.session.DefaultSession - Received command: [CWD c:\data]
[Thread-64] INFO org.mockftpserver.fake.command.CwdCommandHandler - Sending reply [250 CWD completed. New directory is c:\data.] args=[c:\data]
[Thread-64] INFO org.mockftpserver.core.session.DefaultSession - Received command: [PASV]
[Thread-64] INFO org.mockftpserver.fake.command.PasvCommandHandler - Sending reply [227 (127,0,0,1,142,113)] args=[127,0,0,1,142,113]
[Thread-64] INFO org.mockftpserver.core.session.DefaultSession - Received command: [RETR /randombytes-2]
[Thread-64] INFO org.mockftpserver.fake.command.RetrCommandHandler - Sending reply [150 File status okay; about to open data connection.]
[Thread-64] INFO org.mockftpserver.fake.command.RetrCommandHandler - Sending reply [226 Closing data connection. Requested file action successful.]
[pool-1844-thread-1] INFO org.apache.nifi.processors.standard.GetFTP - GetFTP[id=af66333e-5de8-4e45-9ce9-4aa546f6d140] Successfully retrieved FlowFile[0,randombytes-2,41B] from localhost in 101 milliseconds at a rate of 405 bytes/sec and transferred to success
[Thread-64] INFO org.mockftpserver.core.session.DefaultSession - Received command: [CWD c:\data]
[Thread-64] INFO org.mockftpserver.fake.command.CwdCommandHandler - Sending reply [250 CWD completed. New directory is c:\data.] args=[c:\data]
[Thread-64] INFO org.mockftpserver.core.session.DefaultSession - Received command: [DELE /randombytes-2]
[Thread-64] INFO org.mockftpserver.fake.command.DeleCommandHandler - Sending reply [250 "c:\data\randombytes-2" deleted.] args=[c:\data\randombytes-2]
[Thread-63] INFO org.mockftpserver.fake.FakeFtpServer - Server stopped.
]]></system-err>
  </testcase>
  <testcase name="basicFileList" classname="org.apache.nifi.processors.standard.TestFTP" time="0.418">
    <system-err><![CDATA[[Thread-65] INFO org.mockftpserver.fake.FakeFtpServer - Starting the server on port 0
[Thread-65] INFO org.mockftpserver.fake.FakeFtpServer - Actual server port is 39911
[Thread-65] INFO org.mockftpserver.fake.FakeFtpServer - Connection accepted from host /127.0.0.1
[Thread-66] INFO org.mockftpserver.core.command.ConnectCommandHandler - Sending reply [220 Service ready for new user. (MockFtpServer 2.7.1; see http://mockftpserver.sourceforge.net)]
[Thread-66] INFO org.mockftpserver.core.session.DefaultSession - Received command: [USER nifi-ftp-user]
[Thread-66] INFO org.mockftpserver.fake.command.UserCommandHandler - Sending reply [331 User name okay, need password.]
[Thread-66] INFO org.mockftpserver.core.session.DefaultSession - Received command: [PASS Test test test chocolate]
[Thread-66] INFO org.mockftpserver.fake.command.PassCommandHandler - Sending reply [230 User logged in, proceed.]
[Thread-66] INFO org.mockftpserver.core.session.DefaultSession - Received command: [TYPE I]
[Thread-66] INFO org.mockftpserver.fake.command.TypeCommandHandler - Sending reply [200 TYPE completed.]
[Thread-66] INFO org.mockftpserver.core.session.DefaultSession - Received command: [PWD]
[Thread-66] INFO org.mockftpserver.fake.command.PwdCommandHandler - Sending reply [257 "c:\data" is current directory.] args=[c:\data]
[Thread-66] INFO org.mockftpserver.core.session.DefaultSession - Received command: [SYST]
[Thread-66] INFO org.mockftpserver.fake.command.SystCommandHandler - Sending reply [215 "WINDOWS"] args=[WINDOWS]
[Thread-66] INFO org.mockftpserver.core.session.DefaultSession - Received command: [PASV]
[Thread-66] INFO org.mockftpserver.fake.command.PasvCommandHandler - Sending reply [227 (127,0,0,1,160,99)] args=[127,0,0,1,160,99]
[Thread-66] INFO org.mockftpserver.core.session.DefaultSession - Received command: [LIST /]
[Thread-66] INFO org.mockftpserver.fake.command.ListCommandHandler - Sending reply [150 File status okay; about to open data connection.]
[Thread-66] INFO org.mockftpserver.fake.command.ListCommandHandler - Sending [05-02-24 02:46AM               41  randombytes-2
]
[Thread-66] INFO org.mockftpserver.fake.command.ListCommandHandler - Sending reply [226 Closing data connection. Requested file action successful.]
[pool-1845-thread-1] INFO org.apache.nifi.processors.standard.ListFTP - ListFTP[id=4e6dff42-98e1-457f-b2fd-0f105c0173f8] Successfully created listing with 1 new objects
[Thread-65] INFO org.mockftpserver.fake.FakeFtpServer - Server stopped.
]]></system-err>
  </testcase>
</testsuite>