<?xml version="1.0" encoding="UTF-8"?>
<testsuite xmlns:xsi="http://www.w3.org/2001/XMLSchema-instance" xsi:noNamespaceSchemaLocation="https://maven.apache.org/surefire/maven-surefire-plugin/xsd/surefire-test-report-3.0.xsd" version="3.0" name="org.apache.nifi.processors.script.TestScriptedTransformRecord" time="6.466" tests="15" errors="0" skipped="0" failures="0">
  <properties>
    <property name="sun.desktop" value="gnome"/>
    <property name="awt.toolkit" value="sun.awt.X11.XToolkit"/>
    <property name="file.encoding.pkg" value="sun.io"/>
    <property name="java.specification.version" value="1.8"/>
    <property name="sun.cpu.isalist" value=""/>
    <property name="sun.jnu.encoding" value="UTF-8"/>
    <property name="java.class.path" value="/home/alex/Repositories/nifi/nifi-nar-bundles/nifi-scripting-bundle/nifi-scripting-processors/target/test-classes:/home/alex/Repositories/nifi/nifi-nar-bundles/nifi-scripting-bundle/nifi-scripting-processors/target/classes:/home/alex/Repositories/nifi/nifi-api/target/classes:/home/alex/Repositories/nifi/nifi-commons/nifi-metrics/target/classes:/home/alex/.m2/repository/io/dropwizard/metrics/metrics-jvm/4.1.2/metrics-jvm-4.1.2.jar:/home/alex/.m2/repository/io/dropwizard/metrics/metrics-core/4.1.2/metrics-core-4.1.2.jar:/home/alex/Repositories/nifi/nifi-commons/nifi-properties/target/classes:/home/alex/Repositories/nifi/nifi-commons/nifi-property-utils/target/classes:/home/alex/Repositories/nifi/nifi-commons/nifi-utils/target/classes:/home/alex/Repositories/nifi/nifi-nar-bundles/nifi-standard-services/nifi-record-serialization-service-api/target/classes:/home/alex/Repositories/nifi/nifi-commons/nifi-record/target/classes:/home/alex/Repositories/nifi/nifi-commons/nifi-record-path/target/classes:/home/alex/Repositories/nifi/nifi-commons/nifi-uuid5/target/classes:/home/alex/.m2/repository/org/antlr/antlr-runtime/3.5.2/antlr-runtime-3.5.2.jar:/home/alex/.m2/repository/com/github/ben-manes/caffeine/caffeine/2.8.1/caffeine-2.8.1.jar:/home/alex/.m2/repository/org/checkerframework/checker-qual/3.1.0/checker-qual-3.1.0.jar:/home/alex/.m2/repository/com/google/errorprone/error_prone_annotations/2.3.4/error_prone_annotations-2.3.4.jar:/home/alex/.m2/repository/commons-codec/commons-codec/1.14/commons-codec-1.14.jar:/home/alex/.m2/repository/com/fasterxml/jackson/core/jackson-databind/2.12.3/jackson-databind-2.12.3.jar:/home/alex/.m2/repository/com/fasterxml/jackson/core/jackson-annotations/2.12.3/jackson-annotations-2.12.3.jar:/home/alex/.m2/repository/com/fasterxml/jackson/core/jackson-core/2.12.3/jackson-core-2.12.3.jar:/home/alex/Repositories/nifi/nifi-nar-bundles/nifi-standard-services/nifi-lookup-service-api/target/classes:/home/alex/Repositories/nifi/nifi-nar-bundles/nifi-standard-services/nifi-record-sink-api/target/classes:/home/alex/Repositories/nifi/nifi-nar-bundles/nifi-standard-services/nifi-rules-engine-service-api/target/classes:/home/alex/.m2/repository/org/apache/ivy/ivy/2.4.0/ivy-2.4.0.jar:/home/alex/.m2/repository/org/scijava/jython-shaded/2.7.1.1/jython-shaded-2.7.1.1.jar:/home/alex/.m2/repository/com/github/jnr/jffi/1.2.17/jffi-1.2.17.jar:/home/alex/.m2/repository/com/github/jnr/jffi/1.2.17/jffi-1.2.17-native.jar:/home/alex/.m2/repository/org/luaj/luaj-jse/3.0.1/luaj-jse-3.0.1.jar:/home/alex/.m2/repository/org/jruby/jruby-complete/9.2.6.0/jruby-complete-9.2.6.0.jar:/home/alex/.m2/repository/org/clojure/clojure/1.10.1/clojure-1.10.1.jar:/home/alex/.m2/repository/org/clojure/spec.alpha/0.2.176/spec.alpha-0.2.176.jar:/home/alex/.m2/repository/org/clojure/core.specs.alpha/0.2.44/core.specs.alpha-0.2.44.jar:/home/alex/.m2/repository/org/apache/commons/commons-lang3/3.9/commons-lang3-3.9.jar:/home/alex/.m2/repository/commons-io/commons-io/2.10.0/commons-io-2.10.0.jar:/home/alex/.m2/repository/commons-net/commons-net/3.6/commons-net-3.6.jar:/home/alex/.m2/repository/xerces/xercesImpl/2.12.1/xercesImpl-2.12.1.jar:/home/alex/.m2/repository/xml-apis/xml-apis/1.4.01/xml-apis-1.4.01.jar:/home/alex/Repositories/nifi/nifi-mock/target/classes:/home/alex/Repositories/nifi/nifi-framework-api/target/classes:/home/alex/Repositories/nifi/nifi-commons/nifi-parameter/target/classes:/home/alex/Repositories/nifi/nifi-nar-bundles/nifi-framework-bundle/nifi-framework/nifi-framework-core-api/target/classes:/home/alex/Repositories/nifi/nifi-nar-bundles/nifi-framework-bundle/nifi-framework/nifi-framework-nar-utils/target/classes:/home/alex/Repositories/nifi/nifi-nar-bundles/nifi-framework-bundle/nifi-framework/nifi-client-dto/target/classes:/home/alex/.m2/repository/io/swagger/swagger-annotations/1.6.0/swagger-annotations-1.6.0.jar:/home/alex/Repositories/nifi/nifi-commons/nifi-site-to-site-client/target/classes:/home/alex/Repositories/nifi/nifi-commons/nifi-security-utils/target/classes:/home/alex/Repositories/nifi/nifi-commons/nifi-security-utils-api/target/classes:/home/alex/Repositories/nifi/nifi-commons/nifi-security-kms/target/classes:/home/alex/.m2/repository/org/bouncycastle/bcprov-jdk15on/1.69/bcprov-jdk15on-1.69.jar:/home/alex/.m2/repository/org/bouncycastle/bcpkix-jdk15on/1.69/bcpkix-jdk15on-1.69.jar:/home/alex/.m2/repository/org/bouncycastle/bcutil-jdk15on/1.69/bcutil-jdk15on-1.69.jar:/home/alex/.m2/repository/at/favre/lib/bcrypt/0.9.0/bcrypt-0.9.0.jar:/home/alex/.m2/repository/at/favre/lib/bytes/1.3.0/bytes-1.3.0.jar:/home/alex/.m2/repository/org/apache/commons/commons-configuration2/2.7/commons-configuration2-2.7.jar:/home/alex/.m2/repository/org/apache/httpcomponents/httpclient/4.5.5/httpclient-4.5.5.jar:/home/alex/.m2/repository/org/apache/httpcomponents/httpcore/4.4.9/httpcore-4.4.9.jar:/home/alex/.m2/repository/org/apache/httpcomponents/httpasyncclient/4.1.4/httpasyncclient-4.1.4.jar:/home/alex/.m2/repository/org/apache/httpcomponents/httpcore-nio/4.4.10/httpcore-nio-4.4.10.jar:/home/alex/Repositories/nifi/nifi-nar-bundles/nifi-framework-bundle/nifi-framework/nifi-framework-authorization/target/classes:/home/alex/Repositories/nifi/nifi-registry/nifi-registry-core/nifi-registry-data-model/target/classes:/home/alex/.m2/repository/javax/validation/validation-api/2.0.1.Final/validation-api-2.0.1.Final.jar:/home/alex/.m2/repository/javax/ws/rs/javax.ws.rs-api/2.1/javax.ws.rs-api-2.1.jar:/home/alex/Repositories/nifi/nifi-registry/nifi-registry-core/nifi-registry-revision/nifi-registry-revision-entity-model/target/classes:/home/alex/Repositories/nifi/nifi-registry/nifi-registry-core/nifi-registry-client/target/classes:/home/alex/Repositories/nifi/nifi-registry/nifi-registry-core/nifi-registry-security-utils/target/classes:/home/alex/.m2/repository/org/glassfish/jersey/core/jersey-client/2.33/jersey-client-2.33.jar:/home/alex/.m2/repository/jakarta/ws/rs/jakarta.ws.rs-api/2.1.6/jakarta.ws.rs-api-2.1.6.jar:/home/alex/.m2/repository/org/glassfish/hk2/external/jakarta.inject/2.6.1/jakarta.inject-2.6.1.jar:/home/alex/.m2/repository/org/glassfish/jersey/media/jersey-media-json-jackson/2.33/jersey-media-json-jackson-2.33.jar:/home/alex/.m2/repository/org/glassfish/jersey/ext/jersey-entity-filtering/2.33/jersey-entity-filtering-2.33.jar:/home/alex/.m2/repository/com/fasterxml/jackson/module/jackson-module-jaxb-annotations/2.11.3/jackson-module-jaxb-annotations-2.11.3.jar:/home/alex/.m2/repository/jakarta/xml/bind/jakarta.xml.bind-api/2.3.2/jakarta.xml.bind-api-2.3.2.jar:/home/alex/.m2/repository/jakarta/activation/jakarta.activation-api/1.2.1/jakarta.activation-api-1.2.1.jar:/home/alex/.m2/repository/org/glassfish/jersey/inject/jersey-hk2/2.33/jersey-hk2-2.33.jar:/home/alex/.m2/repository/org/glassfish/hk2/hk2-locator/2.6.1/hk2-locator-2.6.1.jar:/home/alex/.m2/repository/org/glassfish/hk2/external/aopalliance-repackaged/2.6.1/aopalliance-repackaged-2.6.1.jar:/home/alex/.m2/repository/org/glassfish/hk2/hk2-api/2.6.1/hk2-api-2.6.1.jar:/home/alex/.m2/repository/org/glassfish/hk2/hk2-utils/2.6.1/hk2-utils-2.6.1.jar:/home/alex/.m2/repository/org/javassist/javassist/3.25.0-GA/javassist-3.25.0-GA.jar:/home/alex/.m2/repository/org/glassfish/jersey/core/jersey-common/2.33/jersey-common-2.33.jar:/home/alex/.m2/repository/jakarta/annotation/jakarta.annotation-api/1.3.5/jakarta.annotation-api-1.3.5.jar:/home/alex/.m2/repository/org/glassfish/hk2/osgi-resource-locator/1.0.3/osgi-resource-locator-1.0.3.jar:/home/alex/.m2/repository/org/glassfish/jersey/media/jersey-media-multipart/2.33/jersey-media-multipart-2.33.jar:/home/alex/.m2/repository/org/jvnet/mimepull/mimepull/1.9.13/mimepull-1.9.13.jar:/home/alex/Repositories/nifi/nifi-commons/nifi-expression-language/target/classes:/home/alex/.m2/repository/com/jayway/jsonpath/json-path/2.6.0/json-path-2.6.0.jar:/home/alex/.m2/repository/net/minidev/json-smart/2.4.7/json-smart-2.4.7.jar:/home/alex/.m2/repository/net/minidev/accessors-smart/2.4.7/accessors-smart-2.4.7.jar:/home/alex/.m2/repository/org/ow2/asm/asm/9.1/asm-9.1.jar:/home/alex/.m2/repository/org/apache/commons/commons-text/1.8/commons-text-1.8.jar:/home/alex/Repositories/nifi/nifi-commons/nifi-data-provenance-utils/target/classes:/home/alex/Repositories/nifi/nifi-nar-bundles/nifi-extension-utils/nifi-record-utils/nifi-mock-record-utils/target/classes:/home/alex/.m2/repository/org/codehaus/groovy/groovy-json/2.5.14/groovy-json-2.5.14.jar:/home/alex/.m2/repository/org/codehaus/groovy/groovy/2.5.14/groovy-2.5.14.jar:/home/alex/.m2/repository/org/codehaus/groovy/groovy-jsr223/2.5.14/groovy-jsr223-2.5.14.jar:/home/alex/.m2/repository/org/codehaus/groovy/groovy-xml/2.5.14/groovy-xml-2.5.14.jar:/home/alex/.m2/repository/org/codehaus/groovy/groovy-dateutil/2.5.14/groovy-dateutil-2.5.14.jar:/home/alex/.m2/repository/org/junit/jupiter/junit-jupiter-api/5.7.2/junit-jupiter-api-5.7.2.jar:/home/alex/.m2/repository/org/apiguardian/apiguardian-api/1.1.0/apiguardian-api-1.1.0.jar:/home/alex/.m2/repository/org/opentest4j/opentest4j/1.2.0/opentest4j-1.2.0.jar:/home/alex/.m2/repository/org/junit/platform/junit-platform-commons/1.7.2/junit-platform-commons-1.7.2.jar:/home/alex/.m2/repository/org/junit/jupiter/junit-jupiter-engine/5.7.2/junit-jupiter-engine-5.7.2.jar:/home/alex/.m2/repository/org/junit/platform/junit-platform-engine/1.7.2/junit-platform-engine-1.7.2.jar:/home/alex/.m2/repository/org/junit/vintage/junit-vintage-engine/5.7.2/junit-vintage-engine-5.7.2.jar:/home/alex/.m2/repository/junit/junit/4.13.2/junit-4.13.2.jar:/home/alex/.m2/repository/org/hamcrest/hamcrest-core/1.3/hamcrest-core-1.3.jar:/home/alex/.m2/repository/org/junit/jupiter/junit-jupiter-params/5.7.2/junit-jupiter-params-5.7.2.jar:/home/alex/.m2/repository/org/mockito/mockito-core/3.11.2/mockito-core-3.11.2.jar:/home/alex/.m2/repository/net/bytebuddy/byte-buddy/1.11.3/byte-buddy-1.11.3.jar:/home/alex/.m2/repository/net/bytebuddy/byte-buddy-agent/1.11.3/byte-buddy-agent-1.11.3.jar:/home/alex/.m2/repository/org/objenesis/objenesis/3.2/objenesis-3.2.jar:/home/alex/.m2/repository/org/mockito/mockito-junit-jupiter/3.11.2/mockito-junit-jupiter-3.11.2.jar:/home/alex/.m2/repository/org/slf4j/slf4j-simple/1.7.32/slf4j-simple-1.7.32.jar:/home/alex/.m2/repository/org/slf4j/slf4j-api/1.7.32/slf4j-api-1.7.32.jar:/home/alex/.m2/repository/org/codehaus/groovy/groovy-test/2.5.14/groovy-test-2.5.14.jar:"/>
    <property name="java.vm.vendor" value="Private Build"/>
    <property name="sun.arch.data.model" value="64"/>
    <property name="java.vendor.url" value="http://java.oracle.com/"/>
    <property name="user.timezone" value="Europe/Lisbon"/>
    <property name="java.vm.specification.version" value="1.8"/>
    <property name="os.name" value="Linux"/>
    <property name="user.country" value="US"/>
    <property name="sun.java.launcher" value="SUN_STANDARD"/>
    <property name="sun.boot.library.path" value="/usr/lib/jvm/java-8-openjdk-amd64/jre/lib/amd64"/>
    <property name="sun.java.command" value="/home/alex/Repositories/nifi/nifi-nar-bundles/nifi-scripting-bundle/nifi-scripting-processors/target/surefire/surefirebooter3330612975188081293.jar /home/alex/Repositories/nifi/nifi-nar-bundles/nifi-scripting-bundle/nifi-scripting-processors/target/surefire 2024-05-02T02-37-14_149-jvmRun1 surefire3967544871916680173tmp surefire_1142649812214158441970tmp"/>
    <property name="surefire.test.class.path" value="/home/alex/Repositories/nifi/nifi-nar-bundles/nifi-scripting-bundle/nifi-scripting-processors/target/test-classes:/home/alex/Repositories/nifi/nifi-nar-bundles/nifi-scripting-bundle/nifi-scripting-processors/target/classes:/home/alex/Repositories/nifi/nifi-api/target/classes:/home/alex/Repositories/nifi/nifi-commons/nifi-metrics/target/classes:/home/alex/.m2/repository/io/dropwizard/metrics/metrics-jvm/4.1.2/metrics-jvm-4.1.2.jar:/home/alex/.m2/repository/io/dropwizard/metrics/metrics-core/4.1.2/metrics-core-4.1.2.jar:/home/alex/Repositories/nifi/nifi-commons/nifi-properties/target/classes:/home/alex/Repositories/nifi/nifi-commons/nifi-property-utils/target/classes:/home/alex/Repositories/nifi/nifi-commons/nifi-utils/target/classes:/home/alex/Repositories/nifi/nifi-nar-bundles/nifi-standard-services/nifi-record-serialization-service-api/target/classes:/home/alex/Repositories/nifi/nifi-commons/nifi-record/target/classes:/home/alex/Repositories/nifi/nifi-commons/nifi-record-path/target/classes:/home/alex/Repositories/nifi/nifi-commons/nifi-uuid5/target/classes:/home/alex/.m2/repository/org/antlr/antlr-runtime/3.5.2/antlr-runtime-3.5.2.jar:/home/alex/.m2/repository/com/github/ben-manes/caffeine/caffeine/2.8.1/caffeine-2.8.1.jar:/home/alex/.m2/repository/org/checkerframework/checker-qual/3.1.0/checker-qual-3.1.0.jar:/home/alex/.m2/repository/com/google/errorprone/error_prone_annotations/2.3.4/error_prone_annotations-2.3.4.jar:/home/alex/.m2/repository/commons-codec/commons-codec/1.14/commons-codec-1.14.jar:/home/alex/.m2/repository/com/fasterxml/jackson/core/jackson-databind/2.12.3/jackson-databind-2.12.3.jar:/home/alex/.m2/repository/com/fasterxml/jackson/core/jackson-annotations/2.12.3/jackson-annotations-2.12.3.jar:/home/alex/.m2/repository/com/fasterxml/jackson/core/jackson-core/2.12.3/jackson-core-2.12.3.jar:/home/alex/Repositories/nifi/nifi-nar-bundles/nifi-standard-services/nifi-lookup-service-api/target/classes:/home/alex/Repositories/nifi/nifi-nar-bundles/nifi-standard-services/nifi-record-sink-api/target/classes:/home/alex/Repositories/nifi/nifi-nar-bundles/nifi-standard-services/nifi-rules-engine-service-api/target/classes:/home/alex/.m2/repository/org/apache/ivy/ivy/2.4.0/ivy-2.4.0.jar:/home/alex/.m2/repository/org/scijava/jython-shaded/2.7.1.1/jython-shaded-2.7.1.1.jar:/home/alex/.m2/repository/com/github/jnr/jffi/1.2.17/jffi-1.2.17.jar:/home/alex/.m2/repository/com/github/jnr/jffi/1.2.17/jffi-1.2.17-native.jar:/home/alex/.m2/repository/org/luaj/luaj-jse/3.0.1/luaj-jse-3.0.1.jar:/home/alex/.m2/repository/org/jruby/jruby-complete/9.2.6.0/jruby-complete-9.2.6.0.jar:/home/alex/.m2/repository/org/clojure/clojure/1.10.1/clojure-1.10.1.jar:/home/alex/.m2/repository/org/clojure/spec.alpha/0.2.176/spec.alpha-0.2.176.jar:/home/alex/.m2/repository/org/clojure/core.specs.alpha/0.2.44/core.specs.alpha-0.2.44.jar:/home/alex/.m2/repository/org/apache/commons/commons-lang3/3.9/commons-lang3-3.9.jar:/home/alex/.m2/repository/commons-io/commons-io/2.10.0/commons-io-2.10.0.jar:/home/alex/.m2/repository/commons-net/commons-net/3.6/commons-net-3.6.jar:/home/alex/.m2/repository/xerces/xercesImpl/2.12.1/xercesImpl-2.12.1.jar:/home/alex/.m2/repository/xml-apis/xml-apis/1.4.01/xml-apis-1.4.01.jar:/home/alex/Repositories/nifi/nifi-mock/target/classes:/home/alex/Repositories/nifi/nifi-framework-api/target/classes:/home/alex/Repositories/nifi/nifi-commons/nifi-parameter/target/classes:/home/alex/Repositories/nifi/nifi-nar-bundles/nifi-framework-bundle/nifi-framework/nifi-framework-core-api/target/classes:/home/alex/Repositories/nifi/nifi-nar-bundles/nifi-framework-bundle/nifi-framework/nifi-framework-nar-utils/target/classes:/home/alex/Repositories/nifi/nifi-nar-bundles/nifi-framework-bundle/nifi-framework/nifi-client-dto/target/classes:/home/alex/.m2/repository/io/swagger/swagger-annotations/1.6.0/swagger-annotations-1.6.0.jar:/home/alex/Repositories/nifi/nifi-commons/nifi-site-to-site-client/target/classes:/home/alex/Repositories/nifi/nifi-commons/nifi-security-utils/target/classes:/home/alex/Repositories/nifi/nifi-commons/nifi-security-utils-api/target/classes:/home/alex/Repositories/nifi/nifi-commons/nifi-security-kms/target/classes:/home/alex/.m2/repository/org/bouncycastle/bcprov-jdk15on/1.69/bcprov-jdk15on-1.69.jar:/home/alex/.m2/repository/org/bouncycastle/bcpkix-jdk15on/1.69/bcpkix-jdk15on-1.69.jar:/home/alex/.m2/repository/org/bouncycastle/bcutil-jdk15on/1.69/bcutil-jdk15on-1.69.jar:/home/alex/.m2/repository/at/favre/lib/bcrypt/0.9.0/bcrypt-0.9.0.jar:/home/alex/.m2/repository/at/favre/lib/bytes/1.3.0/bytes-1.3.0.jar:/home/alex/.m2/repository/org/apache/commons/commons-configuration2/2.7/commons-configuration2-2.7.jar:/home/alex/.m2/repository/org/apache/httpcomponents/httpclient/4.5.5/httpclient-4.5.5.jar:/home/alex/.m2/repository/org/apache/httpcomponents/httpcore/4.4.9/httpcore-4.4.9.jar:/home/alex/.m2/repository/org/apache/httpcomponents/httpasyncclient/4.1.4/httpasyncclient-4.1.4.jar:/home/alex/.m2/repository/org/apache/httpcomponents/httpcore-nio/4.4.10/httpcore-nio-4.4.10.jar:/home/alex/Repositories/nifi/nifi-nar-bundles/nifi-framework-bundle/nifi-framework/nifi-framework-authorization/target/classes:/home/alex/Repositories/nifi/nifi-registry/nifi-registry-core/nifi-registry-data-model/target/classes:/home/alex/.m2/repository/javax/validation/validation-api/2.0.1.Final/validation-api-2.0.1.Final.jar:/home/alex/.m2/repository/javax/ws/rs/javax.ws.rs-api/2.1/javax.ws.rs-api-2.1.jar:/home/alex/Repositories/nifi/nifi-registry/nifi-registry-core/nifi-registry-revision/nifi-registry-revision-entity-model/target/classes:/home/alex/Repositories/nifi/nifi-registry/nifi-registry-core/nifi-registry-client/target/classes:/home/alex/Repositories/nifi/nifi-registry/nifi-registry-core/nifi-registry-security-utils/target/classes:/home/alex/.m2/repository/org/glassfish/jersey/core/jersey-client/2.33/jersey-client-2.33.jar:/home/alex/.m2/repository/jakarta/ws/rs/jakarta.ws.rs-api/2.1.6/jakarta.ws.rs-api-2.1.6.jar:/home/alex/.m2/repository/org/glassfish/hk2/external/jakarta.inject/2.6.1/jakarta.inject-2.6.1.jar:/home/alex/.m2/repository/org/glassfish/jersey/media/jersey-media-json-jackson/2.33/jersey-media-json-jackson-2.33.jar:/home/alex/.m2/repository/org/glassfish/jersey/ext/jersey-entity-filtering/2.33/jersey-entity-filtering-2.33.jar:/home/alex/.m2/repository/com/fasterxml/jackson/module/jackson-module-jaxb-annotations/2.11.3/jackson-module-jaxb-annotations-2.11.3.jar:/home/alex/.m2/repository/jakarta/xml/bind/jakarta.xml.bind-api/2.3.2/jakarta.xml.bind-api-2.3.2.jar:/home/alex/.m2/repository/jakarta/activation/jakarta.activation-api/1.2.1/jakarta.activation-api-1.2.1.jar:/home/alex/.m2/repository/org/glassfish/jersey/inject/jersey-hk2/2.33/jersey-hk2-2.33.jar:/home/alex/.m2/repository/org/glassfish/hk2/hk2-locator/2.6.1/hk2-locator-2.6.1.jar:/home/alex/.m2/repository/org/glassfish/hk2/external/aopalliance-repackaged/2.6.1/aopalliance-repackaged-2.6.1.jar:/home/alex/.m2/repository/org/glassfish/hk2/hk2-api/2.6.1/hk2-api-2.6.1.jar:/home/alex/.m2/repository/org/glassfish/hk2/hk2-utils/2.6.1/hk2-utils-2.6.1.jar:/home/alex/.m2/repository/org/javassist/javassist/3.25.0-GA/javassist-3.25.0-GA.jar:/home/alex/.m2/repository/org/glassfish/jersey/core/jersey-common/2.33/jersey-common-2.33.jar:/home/alex/.m2/repository/jakarta/annotation/jakarta.annotation-api/1.3.5/jakarta.annotation-api-1.3.5.jar:/home/alex/.m2/repository/org/glassfish/hk2/osgi-resource-locator/1.0.3/osgi-resource-locator-1.0.3.jar:/home/alex/.m2/repository/org/glassfish/jersey/media/jersey-media-multipart/2.33/jersey-media-multipart-2.33.jar:/home/alex/.m2/repository/org/jvnet/mimepull/mimepull/1.9.13/mimepull-1.9.13.jar:/home/alex/Repositories/nifi/nifi-commons/nifi-expression-language/target/classes:/home/alex/.m2/repository/com/jayway/jsonpath/json-path/2.6.0/json-path-2.6.0.jar:/home/alex/.m2/repository/net/minidev/json-smart/2.4.7/json-smart-2.4.7.jar:/home/alex/.m2/repository/net/minidev/accessors-smart/2.4.7/accessors-smart-2.4.7.jar:/home/alex/.m2/repository/org/ow2/asm/asm/9.1/asm-9.1.jar:/home/alex/.m2/repository/org/apache/commons/commons-text/1.8/commons-text-1.8.jar:/home/alex/Repositories/nifi/nifi-commons/nifi-data-provenance-utils/target/classes:/home/alex/Repositories/nifi/nifi-nar-bundles/nifi-extension-utils/nifi-record-utils/nifi-mock-record-utils/target/classes:/home/alex/.m2/repository/org/codehaus/groovy/groovy-json/2.5.14/groovy-json-2.5.14.jar:/home/alex/.m2/repository/org/codehaus/groovy/groovy/2.5.14/groovy-2.5.14.jar:/home/alex/.m2/repository/org/codehaus/groovy/groovy-jsr223/2.5.14/groovy-jsr223-2.5.14.jar:/home/alex/.m2/repository/org/codehaus/groovy/groovy-xml/2.5.14/groovy-xml-2.5.14.jar:/home/alex/.m2/repository/org/codehaus/groovy/groovy-dateutil/2.5.14/groovy-dateutil-2.5.14.jar:/home/alex/.m2/repository/org/junit/jupiter/junit-jupiter-api/5.7.2/junit-jupiter-api-5.7.2.jar:/home/alex/.m2/repository/org/apiguardian/apiguardian-api/1.1.0/apiguardian-api-1.1.0.jar:/home/alex/.m2/repository/org/opentest4j/opentest4j/1.2.0/opentest4j-1.2.0.jar:/home/alex/.m2/repository/org/junit/platform/junit-platform-commons/1.7.2/junit-platform-commons-1.7.2.jar:/home/alex/.m2/repository/org/junit/jupiter/junit-jupiter-engine/5.7.2/junit-jupiter-engine-5.7.2.jar:/home/alex/.m2/repository/org/junit/platform/junit-platform-engine/1.7.2/junit-platform-engine-1.7.2.jar:/home/alex/.m2/repository/org/junit/vintage/junit-vintage-engine/5.7.2/junit-vintage-engine-5.7.2.jar:/home/alex/.m2/repository/junit/junit/4.13.2/junit-4.13.2.jar:/home/alex/.m2/repository/org/hamcrest/hamcrest-core/1.3/hamcrest-core-1.3.jar:/home/alex/.m2/repository/org/junit/jupiter/junit-jupiter-params/5.7.2/junit-jupiter-params-5.7.2.jar:/home/alex/.m2/repository/org/mockito/mockito-core/3.11.2/mockito-core-3.11.2.jar:/home/alex/.m2/repository/net/bytebuddy/byte-buddy/1.11.3/byte-buddy-1.11.3.jar:/home/alex/.m2/repository/net/bytebuddy/byte-buddy-agent/1.11.3/byte-buddy-agent-1.11.3.jar:/home/alex/.m2/repository/org/objenesis/objenesis/3.2/objenesis-3.2.jar:/home/alex/.m2/repository/org/mockito/mockito-junit-jupiter/3.11.2/mockito-junit-jupiter-3.11.2.jar:/home/alex/.m2/repository/org/slf4j/slf4j-simple/1.7.32/slf4j-simple-1.7.32.jar:/home/alex/.m2/repository/org/slf4j/slf4j-api/1.7.32/slf4j-api-1.7.32.jar:/home/alex/.m2/repository/org/codehaus/groovy/groovy-test/2.5.14/groovy-test-2.5.14.jar:"/>
    <property name="sun.cpu.endian" value="little"/>
    <property name="user.home" value="/home/alex"/>
    <property name="user.language" value="en"/>
    <property name="java.specification.vendor" value="Oracle Corporation"/>
    <property name="java.home" value="/usr/lib/jvm/java-8-openjdk-amd64/jre"/>
    <property name="basedir" value="/home/alex/Repositories/nifi/nifi-nar-bundles/nifi-scripting-bundle/nifi-scripting-processors"/>
    <property name="file.separator" value="/"/>
    <property name="line.separator" value="&#10;"/>
    <property name="java.vm.specification.vendor" value="Oracle Corporation"/>
    <property name="java.specification.name" value="Java Platform API Specification"/>
    <property name="java.awt.graphicsenv" value="sun.awt.X11GraphicsEnvironment"/>
    <property name="java.awt.headless" value="true"/>
    <property name="surefire.real.class.path" value="/home/alex/Repositories/nifi/nifi-nar-bundles/nifi-scripting-bundle/nifi-scripting-processors/target/surefire/surefirebooter3330612975188081293.jar"/>
    <property name="sun.boot.class.path" value="/usr/lib/jvm/java-8-openjdk-amd64/jre/lib/resources.jar:/usr/lib/jvm/java-8-openjdk-amd64/jre/lib/rt.jar:/usr/lib/jvm/java-8-openjdk-amd64/jre/lib/sunrsasign.jar:/usr/lib/jvm/java-8-openjdk-amd64/jre/lib/jsse.jar:/usr/lib/jvm/java-8-openjdk-amd64/jre/lib/jce.jar:/usr/lib/jvm/java-8-openjdk-amd64/jre/lib/charsets.jar:/usr/lib/jvm/java-8-openjdk-amd64/jre/lib/jfr.jar:/usr/lib/jvm/java-8-openjdk-amd64/jre/classes"/>
    <property name="sun.management.compiler" value="HotSpot 64-Bit Tiered Compilers"/>
    <property name="java.runtime.version" value="1.8.0_402-8u402-ga-2ubuntu1~22.04-b06"/>
    <property name="java.net.preferIPv4Stack" value="true"/>
    <property name="user.name" value="alex"/>
    <property name="path.separator" value=":"/>
    <property name="org.jruby.embed.localvariable.behavior" value="persistent"/>
    <property name="os.version" value="6.5.0-28-generic"/>
    <property name="java.endorsed.dirs" value="/usr/lib/jvm/java-8-openjdk-amd64/jre/lib/endorsed"/>
    <property name="java.runtime.name" value="OpenJDK Runtime Environment"/>
    <property name="file.encoding" value="UTF-8"/>
    <property name="java.vm.name" value="OpenJDK 64-Bit Server VM"/>
    <property name="python.console.encoding" value="UTF-8"/>
    <property name="localRepository" value="/home/alex/.m2/repository"/>
    <property name="java.vendor.url.bug" value="http://bugreport.sun.com/bugreport/"/>
    <property name="java.io.tmpdir" value="/tmp"/>
    <property name="java.version" value="1.8.0_402"/>
    <property name="user.dir" value="/home/alex/Repositories/nifi/nifi-nar-bundles/nifi-scripting-bundle/nifi-scripting-processors"/>
    <property name="os.arch" value="amd64"/>
    <property name="java.vm.specification.name" value="Java Virtual Machine Specification"/>
    <property name="java.awt.printerjob" value="sun.print.PSPrinterJob"/>
    <property name="sun.os.patch.level" value="unknown"/>
    <property name="python.cachedir.skip" value="true"/>
    <property name="java.library.path" value="/usr/java/packages/lib/amd64:/usr/lib/x86_64-linux-gnu/jni:/lib/x86_64-linux-gnu:/usr/lib/x86_64-linux-gnu:/usr/lib/jni:/lib:/usr/lib"/>
    <property name="java.vm.info" value="mixed mode"/>
    <property name="java.vendor" value="Private Build"/>
    <property name="java.vm.version" value="25.402-b06"/>
    <property name="java.specification.maintenance.version" value="5"/>
    <property name="java.ext.dirs" value="/usr/lib/jvm/java-8-openjdk-amd64/jre/lib/ext:/usr/java/packages/lib/ext"/>
    <property name="sun.io.unicode.encoding" value="UnicodeLittle"/>
    <property name="java.class.version" value="52.0"/>
  </properties>
  <testcase name="testScriptThrowsException" classname="org.apache.nifi.processors.script.TestScriptedTransformRecord" time="0.742">
    <system-err><![CDATA[[pool-2-thread-1] ERROR org.apache.nifi.processors.script.ScriptedTransformRecord - ScriptedTransformRecord[id=abf65b7f-d365-463c-a88b-8db6cdfc6f9c] After processing 1 Records, encountered failure when attempting to transform FlowFile[0,95092652997326.mockFlowFile,0B]: javax.script.ScriptException: javax.script.ScriptException: java.lang.RuntimeException: Intentional Unit Test Exception
javax.script.ScriptException: javax.script.ScriptException: java.lang.RuntimeException: Intentional Unit Test Exception
	at org.codehaus.groovy.jsr223.GroovyScriptEngineImpl.eval(GroovyScriptEngineImpl.java:158)
	at javax.script.AbstractScriptEngine.eval(AbstractScriptEngine.java:233)
	at org.apache.nifi.processors.script.InterpretedScriptEvaluator.evaluate(InterpretedScriptEvaluator.java:47)
	at org.apache.nifi.processors.script.ScriptedTransformRecord.processRecord(ScriptedTransformRecord.java:243)
	at org.apache.nifi.processors.script.ScriptedTransformRecord.lambda$transform$0(ScriptedTransformRecord.java:187)
	at org.apache.nifi.util.MockProcessSession.write(MockProcessSession.java:979)
	at org.apache.nifi.util.MockProcessSession.write(MockProcessSession.java:67)
	at org.apache.nifi.processors.script.ScriptedTransformRecord.transform(ScriptedTransformRecord.java:143)
	at org.apache.nifi.processors.script.ScriptedTransformRecord.onTrigger(ScriptedTransformRecord.java:126)
	at org.apache.nifi.processor.AbstractProcessor.onTrigger(AbstractProcessor.java:27)
	at org.apache.nifi.util.StandardProcessorTestRunner$RunProcessor.call(StandardProcessorTestRunner.java:284)
	at org.apache.nifi.util.StandardProcessorTestRunner$RunProcessor.call(StandardProcessorTestRunner.java:278)
	at java.util.concurrent.FutureTask.run(FutureTask.java:266)
	at java.util.concurrent.ScheduledThreadPoolExecutor$ScheduledFutureTask.access$201(ScheduledThreadPoolExecutor.java:180)
	at java.util.concurrent.ScheduledThreadPoolExecutor$ScheduledFutureTask.run(ScheduledThreadPoolExecutor.java:293)
	at java.util.concurrent.ThreadPoolExecutor.runWorker(ThreadPoolExecutor.java:1149)
	at java.util.concurrent.ThreadPoolExecutor$Worker.run(ThreadPoolExecutor.java:624)
	at java.lang.Thread.run(Thread.java:750)
Caused by: javax.script.ScriptException: java.lang.RuntimeException: Intentional Unit Test Exception
	at org.codehaus.groovy.jsr223.GroovyScriptEngineImpl.eval(GroovyScriptEngineImpl.java:320)
	at org.codehaus.groovy.jsr223.GroovyScriptEngineImpl.eval(GroovyScriptEngineImpl.java:155)
	... 17 more
Caused by: java.lang.RuntimeException: Intentional Unit Test Exception
	at sun.reflect.NativeConstructorAccessorImpl.newInstance0(Native Method)
	at sun.reflect.NativeConstructorAccessorImpl.newInstance(NativeConstructorAccessorImpl.java:62)
	at sun.reflect.DelegatingConstructorAccessorImpl.newInstance(DelegatingConstructorAccessorImpl.java:45)
	at java.lang.reflect.Constructor.newInstance(Constructor.java:423)
	at org.codehaus.groovy.reflection.CachedConstructor.invoke(CachedConstructor.java:80)
	at org.codehaus.groovy.runtime.callsite.ConstructorSite$ConstructorSiteNoUnwrapNoCoerce.callConstructor(ConstructorSite.java:105)
	at org.codehaus.groovy.runtime.callsite.CallSiteArray.defaultCallConstructor(CallSiteArray.java:59)
	at org.codehaus.groovy.runtime.callsite.AbstractCallSite.callConstructor(AbstractCallSite.java:237)
	at org.codehaus.groovy.runtime.callsite.AbstractCallSite.callConstructor(AbstractCallSite.java:249)
	at Script1.run(Script1.groovy:21)
	at org.codehaus.groovy.jsr223.GroovyScriptEngineImpl.eval(GroovyScriptEngineImpl.java:317)
	... 18 more
]]></system-err>
  </testcase>
  <testcase name="testSimpleJythonScript" classname="org.apache.nifi.processors.script.TestScriptedTransformRecord" time="2.154">
    <system-err><![CDATA[[pool-3-thread-1] INFO org.apache.nifi.processors.script.ScriptedTransformRecord - ScriptedTransformRecord[id=0b966f5d-52e4-442c-8b76-c4a051c74905] Successfully transformed 3 Records and dropped 0 Records for FlowFile[0,95093248775257.mockFlowFile,0B]
]]></system-err>
  </testcase>
  <testcase name="testScriptTransformsRecord" classname="org.apache.nifi.processors.script.TestScriptedTransformRecord" time="0.014">
    <system-err><![CDATA[[pool-4-thread-1] INFO org.apache.nifi.processors.script.ScriptedTransformRecord - ScriptedTransformRecord[id=6ac80a25-7806-406a-b15d-fe92c20a7316] Successfully transformed 3 Records and dropped 0 Records for FlowFile[0,95095403338489.mockFlowFile,0B]
]]></system-err>
  </testcase>
  <testcase name="testSimpleRubyScript" classname="org.apache.nifi.processors.script.TestScriptedTransformRecord" time="2.39">
    <system-err><![CDATA[[pool-5-thread-1] INFO org.apache.nifi.processors.script.ScriptedTransformRecord - ScriptedTransformRecord[id=fa715e62-d722-4fdb-a4a7-5ae11aebc809] Successfully transformed 3 Records and dropped 0 Records for FlowFile[0,95095418129735.mockFlowFile,0B]
]]></system-err>
  </testcase>
  <testcase name="testSimpleGroovyScript" classname="org.apache.nifi.processors.script.TestScriptedTransformRecord" time="0.02">
    <system-err><![CDATA[[pool-6-thread-1] INFO org.apache.nifi.processors.script.ScriptedTransformRecord - ScriptedTransformRecord[id=8b0c2998-ba97-4b39-be9b-3fdf71db0c64] Successfully transformed 3 Records and dropped 0 Records for FlowFile[0,95097809604492.mockFlowFile,0B]
]]></system-err>
  </testcase>
  <testcase name="testCollectionOfRecords" classname="org.apache.nifi.processors.script.TestScriptedTransformRecord" time="0.015">
    <system-err><![CDATA[[pool-7-thread-1] INFO org.apache.nifi.processors.script.ScriptedTransformRecord - ScriptedTransformRecord[id=b160b328-477a-455d-9e55-77ffbcaea2be] Successfully transformed 3 Records and dropped 0 Records for FlowFile[0,95097830584348.mockFlowFile,0B]
]]></system-err>
  </testcase>
  <testcase name="testAllRecordsFiltered" classname="org.apache.nifi.processors.script.TestScriptedTransformRecord" time="0.012">
    <system-err><![CDATA[[pool-8-thread-1] INFO org.apache.nifi.processors.script.ScriptedTransformRecord - ScriptedTransformRecord[id=d031da4f-5401-45ad-b986-8cf6b49992bd] Successfully transformed 0 Records and dropped 3 Records for FlowFile[0,95097846142147.mockFlowFile,0B]
]]></system-err>
  </testcase>
  <testcase name="testRecompileJythonScript" classname="org.apache.nifi.processors.script.TestScriptedTransformRecord" time="0.935">
    <system-err><![CDATA[[pool-9-thread-1] INFO org.apache.nifi.processors.script.ScriptedTransformRecord - ScriptedTransformRecord[id=dcfe4f3e-ea4f-473a-9a04-825b36617521] Successfully transformed 3 Records and dropped 0 Records for FlowFile[0,95097859554105.mockFlowFile,0B]
[pool-10-thread-1] INFO org.apache.nifi.processors.script.ScriptedTransformRecord - ScriptedTransformRecord[id=dcfe4f3e-ea4f-473a-9a04-825b36617521] Successfully transformed 3 Records and dropped 0 Records for FlowFile[1,95098362443767.mockFlowFile,0B]
]]></system-err>
  </testcase>
  <testcase name="testZeroRecordInput" classname="org.apache.nifi.processors.script.TestScriptedTransformRecord" time="0.006">
    <system-err><![CDATA[[pool-11-thread-1] INFO org.apache.nifi.processors.script.ScriptedTransformRecord - ScriptedTransformRecord[id=15ef6f84-7f2f-44c8-9e17-a08960288fe1] Successfully transformed 0 Records and dropped 0 Records for FlowFile[0,95098795237949.mockFlowFile,0B]
]]></system-err>
  </testcase>
  <testcase name="testCollectionOfRecordsWithModification" classname="org.apache.nifi.processors.script.TestScriptedTransformRecord" time="0.045">
    <system-err><![CDATA[[pool-12-thread-1] INFO org.apache.nifi.processors.script.ScriptedTransformRecord - ScriptedTransformRecord[id=fbb85ca2-1620-4a5d-a4c9-f63a1e6633fb] Successfully transformed 3 Records and dropped 0 Records for FlowFile[0,95098800814207.mockFlowFile,0B]
]]></system-err>
  </testcase>
  <testcase name="testScriptReturnsWrongObject" classname="org.apache.nifi.processors.script.TestScriptedTransformRecord" time="0.014">
    <system-err><![CDATA[[pool-13-thread-1] ERROR org.apache.nifi.processors.script.ScriptedTransformRecord - ScriptedTransformRecord[id=3d07560a-10c9-453b-98ed-e3747d68a26b] After processing 2 Records, encountered failure when attempting to transform FlowFile[0,95098845671977.mockFlowFile,0B]: java.lang.RuntimeException: Evaluated script against Record number 1 of FlowFile[0,95098845671977.mockFlowFile,0B] but instead of returning a Record, script returned a value of: 88
java.lang.RuntimeException: Evaluated script against Record number 1 of FlowFile[0,95098845671977.mockFlowFile,0B] but instead of returning a Record, script returned a value of: 88
	at org.apache.nifi.processors.script.ScriptedTransformRecord.processRecord(ScriptedTransformRecord.java:281)
	at org.apache.nifi.processors.script.ScriptedTransformRecord.lambda$transform$0(ScriptedTransformRecord.java:187)
	at org.apache.nifi.util.MockProcessSession.write(MockProcessSession.java:979)
	at org.apache.nifi.util.MockProcessSession.write(MockProcessSession.java:67)
	at org.apache.nifi.processors.script.ScriptedTransformRecord.transform(ScriptedTransformRecord.java:143)
	at org.apache.nifi.processors.script.ScriptedTransformRecord.onTrigger(ScriptedTransformRecord.java:126)
	at org.apache.nifi.processor.AbstractProcessor.onTrigger(AbstractProcessor.java:27)
	at org.apache.nifi.util.StandardProcessorTestRunner$RunProcessor.call(StandardProcessorTestRunner.java:284)
	at org.apache.nifi.util.StandardProcessorTestRunner$RunProcessor.call(StandardProcessorTestRunner.java:278)
	at java.util.concurrent.FutureTask.run(FutureTask.java:266)
	at java.util.concurrent.ScheduledThreadPoolExecutor$ScheduledFutureTask.access$201(ScheduledThreadPoolExecutor.java:180)
	at java.util.concurrent.ScheduledThreadPoolExecutor$ScheduledFutureTask.run(ScheduledThreadPoolExecutor.java:293)
	at java.util.concurrent.ThreadPoolExecutor.runWorker(ThreadPoolExecutor.java:1149)
	at java.util.concurrent.ThreadPoolExecutor$Worker.run(ThreadPoolExecutor.java:624)
	at java.lang.Thread.run(Thread.java:750)
]]></system-err>
  </testcase>
  <testcase name="testAddFieldToSchema" classname="org.apache.nifi.processors.script.TestScriptedTransformRecord" time="0.014">
    <system-err><![CDATA[[pool-14-thread-1] INFO org.apache.nifi.processors.script.ScriptedTransformRecord - ScriptedTransformRecord[id=3ae8740d-52ad-4930-8a8b-65957b0746bc] Successfully transformed 3 Records and dropped 0 Records for FlowFile[0,95098860039904.mockFlowFile,0B]
]]></system-err>
  </testcase>
  <testcase name="testScriptReturnsCollectionWithWrongObject" classname="org.apache.nifi.processors.script.TestScriptedTransformRecord" time="0.013">
    <system-err><![CDATA[[pool-15-thread-1] ERROR org.apache.nifi.processors.script.ScriptedTransformRecord - ScriptedTransformRecord[id=3772cd87-251b-4660-b41d-32e2b75e6dda] After processing 1 Records, encountered failure when attempting to transform FlowFile[0,95098873858097.mockFlowFile,0B]: java.lang.RuntimeException: Evaluated script against Record number 0 of FlowFile[0,95098873858097.mockFlowFile,0B] but instead of returning a Record or Collection of Records, script returned a Collection of values, at least one of which was not a Record but instead was: [MapRecord[{num=1}], MapRecord[{num=1}], 88, MapRecord[{num=1}]]
java.lang.RuntimeException: Evaluated script against Record number 0 of FlowFile[0,95098873858097.mockFlowFile,0B] but instead of returning a Record or Collection of Records, script returned a Collection of values, at least one of which was not a Record but instead was: [MapRecord[{num=1}], MapRecord[{num=1}], 88, MapRecord[{num=1}]]
	at org.apache.nifi.processors.script.ScriptedTransformRecord.processRecord(ScriptedTransformRecord.java:269)
	at org.apache.nifi.processors.script.ScriptedTransformRecord.lambda$transform$0(ScriptedTransformRecord.java:187)
	at org.apache.nifi.util.MockProcessSession.write(MockProcessSession.java:979)
	at org.apache.nifi.util.MockProcessSession.write(MockProcessSession.java:67)
	at org.apache.nifi.processors.script.ScriptedTransformRecord.transform(ScriptedTransformRecord.java:143)
	at org.apache.nifi.processors.script.ScriptedTransformRecord.onTrigger(ScriptedTransformRecord.java:126)
	at org.apache.nifi.processor.AbstractProcessor.onTrigger(AbstractProcessor.java:27)
	at org.apache.nifi.util.StandardProcessorTestRunner$RunProcessor.call(StandardProcessorTestRunner.java:284)
	at org.apache.nifi.util.StandardProcessorTestRunner$RunProcessor.call(StandardProcessorTestRunner.java:278)
	at java.util.concurrent.FutureTask.run(FutureTask.java:266)
	at java.util.concurrent.ScheduledThreadPoolExecutor$ScheduledFutureTask.access$201(ScheduledThreadPoolExecutor.java:180)
	at java.util.concurrent.ScheduledThreadPoolExecutor$ScheduledFutureTask.run(ScheduledThreadPoolExecutor.java:293)
	at java.util.concurrent.ThreadPoolExecutor.runWorker(ThreadPoolExecutor.java:1149)
	at java.util.concurrent.ThreadPoolExecutor$Worker.run(ThreadPoolExecutor.java:624)
	at java.lang.Thread.run(Thread.java:750)
]]></system-err>
  </testcase>
  <testcase name="testScriptWithFunctions" classname="org.apache.nifi.processors.script.TestScriptedTransformRecord" time="0.051">
    <system-err><![CDATA[[pool-16-thread-1] INFO org.apache.nifi.processors.script.ScriptedTransformRecord - ScriptedTransformRecord[id=093e0bb4-302d-4290-b0e9-196dc8c2c19b] Successfully transformed 2 Records and dropped 0 Records for FlowFile[0,95098888285353.mockFlowFile,0B]
]]></system-err>
  </testcase>
  <testcase name="testScriptReturnsNull" classname="org.apache.nifi.processors.script.TestScriptedTransformRecord" time="0.015">
    <system-err><![CDATA[[pool-17-thread-1] INFO org.apache.nifi.processors.script.ScriptedTransformRecord - ScriptedTransformRecord[id=70c03f2b-4b51-4cfb-96be-eb0b08420f86] Successfully transformed 2 Records and dropped 2 Records for FlowFile[0,95098939865545.mockFlowFile,0B]
]]></system-err>
  </testcase>
</testsuite>