<?xml version="1.0" encoding="UTF-8"?>
<testsuite xmlns:xsi="http://www.w3.org/2001/XMLSchema-instance" xsi:noNamespaceSchemaLocation="https://maven.apache.org/surefire/maven-surefire-plugin/xsd/surefire-test-report-3.0.xsd" version="3.0" name="org.apache.nifi.processors.elasticsearch.TestPutElasticsearch5" time="1.447" tests="10" errors="0" skipped="2" failures="0">
  <properties>
    <property name="sun.desktop" value="gnome"/>
    <property name="awt.toolkit" value="sun.awt.X11.XToolkit"/>
    <property name="file.encoding.pkg" value="sun.io"/>
    <property name="java.specification.version" value="1.8"/>
    <property name="sun.cpu.isalist" value=""/>
    <property name="sun.jnu.encoding" value="UTF-8"/>
    <property name="java.class.path" value="/home/alex/Repositories/nifi/nifi-nar-bundles/nifi-elasticsearch-bundle/nifi-elasticsearch-5-processors/target/test-classes:/home/alex/Repositories/nifi/nifi-nar-bundles/nifi-elasticsearch-bundle/nifi-elasticsearch-5-processors/target/classes:/home/alex/Repositories/nifi/nifi-api/target/classes:/home/alex/Repositories/nifi/nifi-commons/nifi-properties/target/classes:/home/alex/Repositories/nifi/nifi-commons/nifi-property-utils/target/classes:/home/alex/Repositories/nifi/nifi-nar-bundles/nifi-extension-utils/nifi-processor-utils/target/classes:/home/alex/Repositories/nifi/nifi-commons/nifi-utils/target/classes:/home/alex/Repositories/nifi/nifi-commons/nifi-security-socket-ssl/target/classes:/home/alex/.m2/repository/org/apache/commons/commons-lang3/3.11/commons-lang3-3.11.jar:/home/alex/.m2/repository/com/fasterxml/jackson/core/jackson-databind/2.12.3/jackson-databind-2.12.3.jar:/home/alex/.m2/repository/com/fasterxml/jackson/core/jackson-annotations/2.12.3/jackson-annotations-2.12.3.jar:/home/alex/.m2/repository/com/fasterxml/jackson/core/jackson-core/2.12.3/jackson-core-2.12.3.jar:/home/alex/Repositories/nifi/nifi-nar-bundles/nifi-standard-services/nifi-record-serialization-service-api/target/classes:/home/alex/Repositories/nifi/nifi-commons/nifi-record/target/classes:/home/alex/Repositories/nifi/nifi-nar-bundles/nifi-extension-utils/nifi-event-transport/target/classes:/home/alex/Repositories/nifi/nifi-mock/target/classes:/home/alex/Repositories/nifi/nifi-framework-api/target/classes:/home/alex/Repositories/nifi/nifi-commons/nifi-parameter/target/classes:/home/alex/Repositories/nifi/nifi-nar-bundles/nifi-framework-bundle/nifi-framework/nifi-framework-core-api/target/classes:/home/alex/Repositories/nifi/nifi-nar-bundles/nifi-framework-bundle/nifi-framework/nifi-framework-nar-utils/target/classes:/home/alex/Repositories/nifi/nifi-nar-bundles/nifi-framework-bundle/nifi-framework/nifi-client-dto/target/classes:/home/alex/.m2/repository/io/swagger/swagger-annotations/1.6.0/swagger-annotations-1.6.0.jar:/home/alex/Repositories/nifi/nifi-commons/nifi-site-to-site-client/target/classes:/home/alex/Repositories/nifi/nifi-nar-bundles/nifi-framework-bundle/nifi-framework/nifi-framework-authorization/target/classes:/home/alex/Repositories/nifi/nifi-registry/nifi-registry-core/nifi-registry-data-model/target/classes:/home/alex/.m2/repository/javax/validation/validation-api/2.0.1.Final/validation-api-2.0.1.Final.jar:/home/alex/.m2/repository/javax/ws/rs/javax.ws.rs-api/2.1/javax.ws.rs-api-2.1.jar:/home/alex/Repositories/nifi/nifi-registry/nifi-registry-core/nifi-registry-revision/nifi-registry-revision-entity-model/target/classes:/home/alex/Repositories/nifi/nifi-registry/nifi-registry-core/nifi-registry-client/target/classes:/home/alex/Repositories/nifi/nifi-registry/nifi-registry-core/nifi-registry-security-utils/target/classes:/home/alex/.m2/repository/org/glassfish/jersey/core/jersey-client/2.33/jersey-client-2.33.jar:/home/alex/.m2/repository/jakarta/ws/rs/jakarta.ws.rs-api/2.1.6/jakarta.ws.rs-api-2.1.6.jar:/home/alex/.m2/repository/org/glassfish/hk2/external/jakarta.inject/2.6.1/jakarta.inject-2.6.1.jar:/home/alex/.m2/repository/org/glassfish/jersey/media/jersey-media-json-jackson/2.33/jersey-media-json-jackson-2.33.jar:/home/alex/.m2/repository/org/glassfish/jersey/ext/jersey-entity-filtering/2.33/jersey-entity-filtering-2.33.jar:/home/alex/.m2/repository/com/fasterxml/jackson/module/jackson-module-jaxb-annotations/2.11.3/jackson-module-jaxb-annotations-2.11.3.jar:/home/alex/.m2/repository/jakarta/xml/bind/jakarta.xml.bind-api/2.3.2/jakarta.xml.bind-api-2.3.2.jar:/home/alex/.m2/repository/jakarta/activation/jakarta.activation-api/1.2.1/jakarta.activation-api-1.2.1.jar:/home/alex/.m2/repository/org/glassfish/jersey/inject/jersey-hk2/2.33/jersey-hk2-2.33.jar:/home/alex/.m2/repository/org/glassfish/hk2/hk2-locator/2.6.1/hk2-locator-2.6.1.jar:/home/alex/.m2/repository/org/glassfish/hk2/external/aopalliance-repackaged/2.6.1/aopalliance-repackaged-2.6.1.jar:/home/alex/.m2/repository/org/glassfish/hk2/hk2-api/2.6.1/hk2-api-2.6.1.jar:/home/alex/.m2/repository/org/glassfish/hk2/hk2-utils/2.6.1/hk2-utils-2.6.1.jar:/home/alex/.m2/repository/org/javassist/javassist/3.25.0-GA/javassist-3.25.0-GA.jar:/home/alex/.m2/repository/org/glassfish/jersey/core/jersey-common/2.33/jersey-common-2.33.jar:/home/alex/.m2/repository/jakarta/annotation/jakarta.annotation-api/1.3.5/jakarta.annotation-api-1.3.5.jar:/home/alex/.m2/repository/org/glassfish/hk2/osgi-resource-locator/1.0.3/osgi-resource-locator-1.0.3.jar:/home/alex/.m2/repository/org/glassfish/jersey/media/jersey-media-multipart/2.33/jersey-media-multipart-2.33.jar:/home/alex/.m2/repository/org/jvnet/mimepull/mimepull/1.9.13/mimepull-1.9.13.jar:/home/alex/Repositories/nifi/nifi-commons/nifi-expression-language/target/classes:/home/alex/.m2/repository/org/antlr/antlr-runtime/3.5.2/antlr-runtime-3.5.2.jar:/home/alex/Repositories/nifi/nifi-commons/nifi-uuid5/target/classes:/home/alex/.m2/repository/com/jayway/jsonpath/json-path/2.6.0/json-path-2.6.0.jar:/home/alex/.m2/repository/net/minidev/json-smart/2.4.7/json-smart-2.4.7.jar:/home/alex/.m2/repository/net/minidev/accessors-smart/2.4.7/accessors-smart-2.4.7.jar:/home/alex/.m2/repository/org/ow2/asm/asm/9.1/asm-9.1.jar:/home/alex/.m2/repository/org/apache/commons/commons-text/1.8/commons-text-1.8.jar:/home/alex/Repositories/nifi/nifi-commons/nifi-data-provenance-utils/target/classes:/home/alex/.m2/repository/org/elasticsearch/client/transport/5.0.1/transport-5.0.1.jar:/home/alex/.m2/repository/org/elasticsearch/elasticsearch/5.0.1/elasticsearch-5.0.1.jar:/home/alex/.m2/repository/org/apache/lucene/lucene-core/6.2.1/lucene-core-6.2.1.jar:/home/alex/.m2/repository/org/apache/lucene/lucene-analyzers-common/6.2.1/lucene-analyzers-common-6.2.1.jar:/home/alex/.m2/repository/org/apache/lucene/lucene-backward-codecs/6.2.1/lucene-backward-codecs-6.2.1.jar:/home/alex/.m2/repository/org/apache/lucene/lucene-grouping/6.2.1/lucene-grouping-6.2.1.jar:/home/alex/.m2/repository/org/apache/lucene/lucene-highlighter/6.2.1/lucene-highlighter-6.2.1.jar:/home/alex/.m2/repository/org/apache/lucene/lucene-join/6.2.1/lucene-join-6.2.1.jar:/home/alex/.m2/repository/org/apache/lucene/lucene-memory/6.2.1/lucene-memory-6.2.1.jar:/home/alex/.m2/repository/org/apache/lucene/lucene-misc/6.2.1/lucene-misc-6.2.1.jar:/home/alex/.m2/repository/org/apache/lucene/lucene-queries/6.2.1/lucene-queries-6.2.1.jar:/home/alex/.m2/repository/org/apache/lucene/lucene-queryparser/6.2.1/lucene-queryparser-6.2.1.jar:/home/alex/.m2/repository/org/apache/lucene/lucene-sandbox/6.2.1/lucene-sandbox-6.2.1.jar:/home/alex/.m2/repository/org/apache/lucene/lucene-spatial/6.2.1/lucene-spatial-6.2.1.jar:/home/alex/.m2/repository/org/apache/lucene/lucene-spatial-extras/6.2.1/lucene-spatial-extras-6.2.1.jar:/home/alex/.m2/repository/org/apache/lucene/lucene-spatial3d/6.2.1/lucene-spatial3d-6.2.1.jar:/home/alex/.m2/repository/org/apache/lucene/lucene-suggest/6.2.1/lucene-suggest-6.2.1.jar:/home/alex/.m2/repository/org/elasticsearch/securesm/1.1/securesm-1.1.jar:/home/alex/.m2/repository/net/sf/jopt-simple/jopt-simple/5.0.2/jopt-simple-5.0.2.jar:/home/alex/.m2/repository/com/carrotsearch/hppc/0.7.1/hppc-0.7.1.jar:/home/alex/.m2/repository/joda-time/joda-time/2.9.5/joda-time-2.9.5.jar:/home/alex/.m2/repository/org/yaml/snakeyaml/1.29/snakeyaml-1.29.jar:/home/alex/.m2/repository/com/fasterxml/jackson/dataformat/jackson-dataformat-smile/2.8.1/jackson-dataformat-smile-2.8.1.jar:/home/alex/.m2/repository/com/fasterxml/jackson/dataformat/jackson-dataformat-yaml/2.8.1/jackson-dataformat-yaml-2.8.1.jar:/home/alex/.m2/repository/com/fasterxml/jackson/dataformat/jackson-dataformat-cbor/2.8.1/jackson-dataformat-cbor-2.8.1.jar:/home/alex/.m2/repository/com/tdunning/t-digest/3.0/t-digest-3.0.jar:/home/alex/.m2/repository/org/hdrhistogram/HdrHistogram/2.1.6/HdrHistogram-2.1.6.jar:/home/alex/.m2/repository/net/java/dev/jna/jna/4.2.2/jna-4.2.2.jar:/home/alex/.m2/repository/org/elasticsearch/plugin/transport-netty3-client/5.0.1/transport-netty3-client-5.0.1.jar:/home/alex/.m2/repository/io/netty/netty/3.10.6.Final/netty-3.10.6.Final.jar:/home/alex/.m2/repository/org/elasticsearch/plugin/transport-netty4-client/5.0.1/transport-netty4-client-5.0.1.jar:/home/alex/.m2/repository/org/elasticsearch/plugin/reindex-client/5.0.1/reindex-client-5.0.1.jar:/home/alex/.m2/repository/org/elasticsearch/plugin/lang-mustache-client/5.0.1/lang-mustache-client-5.0.1.jar:/home/alex/.m2/repository/com/github/spullara/mustache/java/compiler/0.9.3/compiler-0.9.3.jar:/home/alex/.m2/repository/org/elasticsearch/plugin/percolator-client/5.0.1/percolator-client-5.0.1.jar:/home/alex/.m2/repository/org/elasticsearch/client/rest/5.0.1/rest-5.0.1.jar:/home/alex/.m2/repository/org/apache/httpcomponents/httpclient/4.5.2/httpclient-4.5.2.jar:/home/alex/.m2/repository/org/apache/httpcomponents/httpcore/4.4.5/httpcore-4.4.5.jar:/home/alex/.m2/repository/org/apache/httpcomponents/httpasyncclient/4.1.2/httpasyncclient-4.1.2.jar:/home/alex/.m2/repository/org/apache/httpcomponents/httpcore-nio/4.4.5/httpcore-nio-4.4.5.jar:/home/alex/.m2/repository/commons-codec/commons-codec/1.10/commons-codec-1.10.jar:/home/alex/Repositories/nifi/nifi-nar-bundles/nifi-standard-services/nifi-ssl-context-service-api/target/classes:/home/alex/Repositories/nifi/nifi-commons/nifi-security-utils-api/target/classes:/home/alex/.m2/repository/commons-io/commons-io/2.10.0/commons-io-2.10.0.jar:/home/alex/.m2/repository/org/slf4j/jcl-over-slf4j/1.7.32/jcl-over-slf4j-1.7.32.jar:/home/alex/.m2/repository/org/slf4j/slf4j-api/1.7.32/slf4j-api-1.7.32.jar:/home/alex/.m2/repository/org/apache/logging/log4j/log4j-api/2.14.1/log4j-api-2.14.1.jar:/home/alex/.m2/repository/org/apache/logging/log4j/log4j-core/2.14.1/log4j-core-2.14.1.jar:/home/alex/Repositories/nifi/nifi-nar-bundles/nifi-standard-services/nifi-ssl-context-bundle/nifi-ssl-context-service/target/classes:/home/alex/Repositories/nifi/nifi-commons/nifi-security-utils/target/classes:/home/alex/Repositories/nifi/nifi-commons/nifi-security-kms/target/classes:/home/alex/.m2/repository/org/bouncycastle/bcprov-jdk15on/1.69/bcprov-jdk15on-1.69.jar:/home/alex/.m2/repository/org/bouncycastle/bcpkix-jdk15on/1.69/bcpkix-jdk15on-1.69.jar:/home/alex/.m2/repository/org/bouncycastle/bcutil-jdk15on/1.69/bcutil-jdk15on-1.69.jar:/home/alex/.m2/repository/at/favre/lib/bcrypt/0.9.0/bcrypt-0.9.0.jar:/home/alex/.m2/repository/at/favre/lib/bytes/1.3.0/bytes-1.3.0.jar:/home/alex/.m2/repository/org/apache/commons/commons-configuration2/2.7/commons-configuration2-2.7.jar:/home/alex/.m2/repository/io/netty/netty-transport/4.1.69.Final/netty-transport-4.1.69.Final.jar:/home/alex/.m2/repository/io/netty/netty-common/4.1.69.Final/netty-common-4.1.69.Final.jar:/home/alex/.m2/repository/io/netty/netty-buffer/4.1.69.Final/netty-buffer-4.1.69.Final.jar:/home/alex/.m2/repository/io/netty/netty-resolver/4.1.69.Final/netty-resolver-4.1.69.Final.jar:/home/alex/.m2/repository/io/netty/netty-codec-http/4.1.69.Final/netty-codec-http-4.1.69.Final.jar:/home/alex/.m2/repository/io/netty/netty-codec/4.1.69.Final/netty-codec-4.1.69.Final.jar:/home/alex/.m2/repository/io/netty/netty-handler/4.1.69.Final/netty-handler-4.1.69.Final.jar:/home/alex/.m2/repository/org/junit/jupiter/junit-jupiter-api/5.7.2/junit-jupiter-api-5.7.2.jar:/home/alex/.m2/repository/org/apiguardian/apiguardian-api/1.1.0/apiguardian-api-1.1.0.jar:/home/alex/.m2/repository/org/opentest4j/opentest4j/1.2.0/opentest4j-1.2.0.jar:/home/alex/.m2/repository/org/junit/platform/junit-platform-commons/1.7.2/junit-platform-commons-1.7.2.jar:/home/alex/.m2/repository/org/junit/jupiter/junit-jupiter-engine/5.7.2/junit-jupiter-engine-5.7.2.jar:/home/alex/.m2/repository/org/junit/platform/junit-platform-engine/1.7.2/junit-platform-engine-1.7.2.jar:/home/alex/.m2/repository/org/junit/vintage/junit-vintage-engine/5.7.2/junit-vintage-engine-5.7.2.jar:/home/alex/.m2/repository/junit/junit/4.13.2/junit-4.13.2.jar:/home/alex/.m2/repository/org/hamcrest/hamcrest-core/1.3/hamcrest-core-1.3.jar:/home/alex/.m2/repository/org/junit/jupiter/junit-jupiter-params/5.7.2/junit-jupiter-params-5.7.2.jar:/home/alex/.m2/repository/org/mockito/mockito-core/3.11.2/mockito-core-3.11.2.jar:/home/alex/.m2/repository/net/bytebuddy/byte-buddy/1.11.3/byte-buddy-1.11.3.jar:/home/alex/.m2/repository/net/bytebuddy/byte-buddy-agent/1.11.3/byte-buddy-agent-1.11.3.jar:/home/alex/.m2/repository/org/objenesis/objenesis/3.2/objenesis-3.2.jar:/home/alex/.m2/repository/org/mockito/mockito-junit-jupiter/3.11.2/mockito-junit-jupiter-3.11.2.jar:/home/alex/.m2/repository/org/slf4j/slf4j-simple/1.7.32/slf4j-simple-1.7.32.jar:/home/alex/.m2/repository/org/codehaus/groovy/groovy-test/2.5.14/groovy-test-2.5.14.jar:/home/alex/.m2/repository/org/codehaus/groovy/groovy/2.5.14/groovy-2.5.14.jar:"/>
    <property name="java.vm.vendor" value="Private Build"/>
    <property name="sun.arch.data.model" value="64"/>
    <property name="java.vendor.url" value="http://java.oracle.com/"/>
    <property name="user.timezone" value="Europe/Lisbon"/>
    <property name="java.vm.specification.version" value="1.8"/>
    <property name="os.name" value="Linux"/>
    <property name="user.country" value="US"/>
    <property name="sun.java.launcher" value="SUN_STANDARD"/>
    <property name="sun.boot.library.path" value="/usr/lib/jvm/java-8-openjdk-amd64/jre/lib/amd64"/>
    <property name="sun.java.command" value="/home/alex/Repositories/nifi/nifi-nar-bundles/nifi-elasticsearch-bundle/nifi-elasticsearch-5-processors/target/surefire/surefirebooter305545840040776846.jar /home/alex/Repositories/nifi/nifi-nar-bundles/nifi-elasticsearch-bundle/nifi-elasticsearch-5-processors/target/surefire 2024-05-02T02-37-14_149-jvmRun1 surefire6106397984991220732tmp surefire_1178456029739395342128tmp"/>
    <property name="surefire.test.class.path" value="/home/alex/Repositories/nifi/nifi-nar-bundles/nifi-elasticsearch-bundle/nifi-elasticsearch-5-processors/target/test-classes:/home/alex/Repositories/nifi/nifi-nar-bundles/nifi-elasticsearch-bundle/nifi-elasticsearch-5-processors/target/classes:/home/alex/Repositories/nifi/nifi-api/target/classes:/home/alex/Repositories/nifi/nifi-commons/nifi-properties/target/classes:/home/alex/Repositories/nifi/nifi-commons/nifi-property-utils/target/classes:/home/alex/Repositories/nifi/nifi-nar-bundles/nifi-extension-utils/nifi-processor-utils/target/classes:/home/alex/Repositories/nifi/nifi-commons/nifi-utils/target/classes:/home/alex/Repositories/nifi/nifi-commons/nifi-security-socket-ssl/target/classes:/home/alex/.m2/repository/org/apache/commons/commons-lang3/3.11/commons-lang3-3.11.jar:/home/alex/.m2/repository/com/fasterxml/jackson/core/jackson-databind/2.12.3/jackson-databind-2.12.3.jar:/home/alex/.m2/repository/com/fasterxml/jackson/core/jackson-annotations/2.12.3/jackson-annotations-2.12.3.jar:/home/alex/.m2/repository/com/fasterxml/jackson/core/jackson-core/2.12.3/jackson-core-2.12.3.jar:/home/alex/Repositories/nifi/nifi-nar-bundles/nifi-standard-services/nifi-record-serialization-service-api/target/classes:/home/alex/Repositories/nifi/nifi-commons/nifi-record/target/classes:/home/alex/Repositories/nifi/nifi-nar-bundles/nifi-extension-utils/nifi-event-transport/target/classes:/home/alex/Repositories/nifi/nifi-mock/target/classes:/home/alex/Repositories/nifi/nifi-framework-api/target/classes:/home/alex/Repositories/nifi/nifi-commons/nifi-parameter/target/classes:/home/alex/Repositories/nifi/nifi-nar-bundles/nifi-framework-bundle/nifi-framework/nifi-framework-core-api/target/classes:/home/alex/Repositories/nifi/nifi-nar-bundles/nifi-framework-bundle/nifi-framework/nifi-framework-nar-utils/target/classes:/home/alex/Repositories/nifi/nifi-nar-bundles/nifi-framework-bundle/nifi-framework/nifi-client-dto/target/classes:/home/alex/.m2/repository/io/swagger/swagger-annotations/1.6.0/swagger-annotations-1.6.0.jar:/home/alex/Repositories/nifi/nifi-commons/nifi-site-to-site-client/target/classes:/home/alex/Repositories/nifi/nifi-nar-bundles/nifi-framework-bundle/nifi-framework/nifi-framework-authorization/target/classes:/home/alex/Repositories/nifi/nifi-registry/nifi-registry-core/nifi-registry-data-model/target/classes:/home/alex/.m2/repository/javax/validation/validation-api/2.0.1.Final/validation-api-2.0.1.Final.jar:/home/alex/.m2/repository/javax/ws/rs/javax.ws.rs-api/2.1/javax.ws.rs-api-2.1.jar:/home/alex/Repositories/nifi/nifi-registry/nifi-registry-core/nifi-registry-revision/nifi-registry-revision-entity-model/target/classes:/home/alex/Repositories/nifi/nifi-registry/nifi-registry-core/nifi-registry-client/target/classes:/home/alex/Repositories/nifi/nifi-registry/nifi-registry-core/nifi-registry-security-utils/target/classes:/home/alex/.m2/repository/org/glassfish/jersey/core/jersey-client/2.33/jersey-client-2.33.jar:/home/alex/.m2/repository/jakarta/ws/rs/jakarta.ws.rs-api/2.1.6/jakarta.ws.rs-api-2.1.6.jar:/home/alex/.m2/repository/org/glassfish/hk2/external/jakarta.inject/2.6.1/jakarta.inject-2.6.1.jar:/home/alex/.m2/repository/org/glassfish/jersey/media/jersey-media-json-jackson/2.33/jersey-media-json-jackson-2.33.jar:/home/alex/.m2/repository/org/glassfish/jersey/ext/jersey-entity-filtering/2.33/jersey-entity-filtering-2.33.jar:/home/alex/.m2/repository/com/fasterxml/jackson/module/jackson-module-jaxb-annotations/2.11.3/jackson-module-jaxb-annotations-2.11.3.jar:/home/alex/.m2/repository/jakarta/xml/bind/jakarta.xml.bind-api/2.3.2/jakarta.xml.bind-api-2.3.2.jar:/home/alex/.m2/repository/jakarta/activation/jakarta.activation-api/1.2.1/jakarta.activation-api-1.2.1.jar:/home/alex/.m2/repository/org/glassfish/jersey/inject/jersey-hk2/2.33/jersey-hk2-2.33.jar:/home/alex/.m2/repository/org/glassfish/hk2/hk2-locator/2.6.1/hk2-locator-2.6.1.jar:/home/alex/.m2/repository/org/glassfish/hk2/external/aopalliance-repackaged/2.6.1/aopalliance-repackaged-2.6.1.jar:/home/alex/.m2/repository/org/glassfish/hk2/hk2-api/2.6.1/hk2-api-2.6.1.jar:/home/alex/.m2/repository/org/glassfish/hk2/hk2-utils/2.6.1/hk2-utils-2.6.1.jar:/home/alex/.m2/repository/org/javassist/javassist/3.25.0-GA/javassist-3.25.0-GA.jar:/home/alex/.m2/repository/org/glassfish/jersey/core/jersey-common/2.33/jersey-common-2.33.jar:/home/alex/.m2/repository/jakarta/annotation/jakarta.annotation-api/1.3.5/jakarta.annotation-api-1.3.5.jar:/home/alex/.m2/repository/org/glassfish/hk2/osgi-resource-locator/1.0.3/osgi-resource-locator-1.0.3.jar:/home/alex/.m2/repository/org/glassfish/jersey/media/jersey-media-multipart/2.33/jersey-media-multipart-2.33.jar:/home/alex/.m2/repository/org/jvnet/mimepull/mimepull/1.9.13/mimepull-1.9.13.jar:/home/alex/Repositories/nifi/nifi-commons/nifi-expression-language/target/classes:/home/alex/.m2/repository/org/antlr/antlr-runtime/3.5.2/antlr-runtime-3.5.2.jar:/home/alex/Repositories/nifi/nifi-commons/nifi-uuid5/target/classes:/home/alex/.m2/repository/com/jayway/jsonpath/json-path/2.6.0/json-path-2.6.0.jar:/home/alex/.m2/repository/net/minidev/json-smart/2.4.7/json-smart-2.4.7.jar:/home/alex/.m2/repository/net/minidev/accessors-smart/2.4.7/accessors-smart-2.4.7.jar:/home/alex/.m2/repository/org/ow2/asm/asm/9.1/asm-9.1.jar:/home/alex/.m2/repository/org/apache/commons/commons-text/1.8/commons-text-1.8.jar:/home/alex/Repositories/nifi/nifi-commons/nifi-data-provenance-utils/target/classes:/home/alex/.m2/repository/org/elasticsearch/client/transport/5.0.1/transport-5.0.1.jar:/home/alex/.m2/repository/org/elasticsearch/elasticsearch/5.0.1/elasticsearch-5.0.1.jar:/home/alex/.m2/repository/org/apache/lucene/lucene-core/6.2.1/lucene-core-6.2.1.jar:/home/alex/.m2/repository/org/apache/lucene/lucene-analyzers-common/6.2.1/lucene-analyzers-common-6.2.1.jar:/home/alex/.m2/repository/org/apache/lucene/lucene-backward-codecs/6.2.1/lucene-backward-codecs-6.2.1.jar:/home/alex/.m2/repository/org/apache/lucene/lucene-grouping/6.2.1/lucene-grouping-6.2.1.jar:/home/alex/.m2/repository/org/apache/lucene/lucene-highlighter/6.2.1/lucene-highlighter-6.2.1.jar:/home/alex/.m2/repository/org/apache/lucene/lucene-join/6.2.1/lucene-join-6.2.1.jar:/home/alex/.m2/repository/org/apache/lucene/lucene-memory/6.2.1/lucene-memory-6.2.1.jar:/home/alex/.m2/repository/org/apache/lucene/lucene-misc/6.2.1/lucene-misc-6.2.1.jar:/home/alex/.m2/repository/org/apache/lucene/lucene-queries/6.2.1/lucene-queries-6.2.1.jar:/home/alex/.m2/repository/org/apache/lucene/lucene-queryparser/6.2.1/lucene-queryparser-6.2.1.jar:/home/alex/.m2/repository/org/apache/lucene/lucene-sandbox/6.2.1/lucene-sandbox-6.2.1.jar:/home/alex/.m2/repository/org/apache/lucene/lucene-spatial/6.2.1/lucene-spatial-6.2.1.jar:/home/alex/.m2/repository/org/apache/lucene/lucene-spatial-extras/6.2.1/lucene-spatial-extras-6.2.1.jar:/home/alex/.m2/repository/org/apache/lucene/lucene-spatial3d/6.2.1/lucene-spatial3d-6.2.1.jar:/home/alex/.m2/repository/org/apache/lucene/lucene-suggest/6.2.1/lucene-suggest-6.2.1.jar:/home/alex/.m2/repository/org/elasticsearch/securesm/1.1/securesm-1.1.jar:/home/alex/.m2/repository/net/sf/jopt-simple/jopt-simple/5.0.2/jopt-simple-5.0.2.jar:/home/alex/.m2/repository/com/carrotsearch/hppc/0.7.1/hppc-0.7.1.jar:/home/alex/.m2/repository/joda-time/joda-time/2.9.5/joda-time-2.9.5.jar:/home/alex/.m2/repository/org/yaml/snakeyaml/1.29/snakeyaml-1.29.jar:/home/alex/.m2/repository/com/fasterxml/jackson/dataformat/jackson-dataformat-smile/2.8.1/jackson-dataformat-smile-2.8.1.jar:/home/alex/.m2/repository/com/fasterxml/jackson/dataformat/jackson-dataformat-yaml/2.8.1/jackson-dataformat-yaml-2.8.1.jar:/home/alex/.m2/repository/com/fasterxml/jackson/dataformat/jackson-dataformat-cbor/2.8.1/jackson-dataformat-cbor-2.8.1.jar:/home/alex/.m2/repository/com/tdunning/t-digest/3.0/t-digest-3.0.jar:/home/alex/.m2/repository/org/hdrhistogram/HdrHistogram/2.1.6/HdrHistogram-2.1.6.jar:/home/alex/.m2/repository/net/java/dev/jna/jna/4.2.2/jna-4.2.2.jar:/home/alex/.m2/repository/org/elasticsearch/plugin/transport-netty3-client/5.0.1/transport-netty3-client-5.0.1.jar:/home/alex/.m2/repository/io/netty/netty/3.10.6.Final/netty-3.10.6.Final.jar:/home/alex/.m2/repository/org/elasticsearch/plugin/transport-netty4-client/5.0.1/transport-netty4-client-5.0.1.jar:/home/alex/.m2/repository/org/elasticsearch/plugin/reindex-client/5.0.1/reindex-client-5.0.1.jar:/home/alex/.m2/repository/org/elasticsearch/plugin/lang-mustache-client/5.0.1/lang-mustache-client-5.0.1.jar:/home/alex/.m2/repository/com/github/spullara/mustache/java/compiler/0.9.3/compiler-0.9.3.jar:/home/alex/.m2/repository/org/elasticsearch/plugin/percolator-client/5.0.1/percolator-client-5.0.1.jar:/home/alex/.m2/repository/org/elasticsearch/client/rest/5.0.1/rest-5.0.1.jar:/home/alex/.m2/repository/org/apache/httpcomponents/httpclient/4.5.2/httpclient-4.5.2.jar:/home/alex/.m2/repository/org/apache/httpcomponents/httpcore/4.4.5/httpcore-4.4.5.jar:/home/alex/.m2/repository/org/apache/httpcomponents/httpasyncclient/4.1.2/httpasyncclient-4.1.2.jar:/home/alex/.m2/repository/org/apache/httpcomponents/httpcore-nio/4.4.5/httpcore-nio-4.4.5.jar:/home/alex/.m2/repository/commons-codec/commons-codec/1.10/commons-codec-1.10.jar:/home/alex/Repositories/nifi/nifi-nar-bundles/nifi-standard-services/nifi-ssl-context-service-api/target/classes:/home/alex/Repositories/nifi/nifi-commons/nifi-security-utils-api/target/classes:/home/alex/.m2/repository/commons-io/commons-io/2.10.0/commons-io-2.10.0.jar:/home/alex/.m2/repository/org/slf4j/jcl-over-slf4j/1.7.32/jcl-over-slf4j-1.7.32.jar:/home/alex/.m2/repository/org/slf4j/slf4j-api/1.7.32/slf4j-api-1.7.32.jar:/home/alex/.m2/repository/org/apache/logging/log4j/log4j-api/2.14.1/log4j-api-2.14.1.jar:/home/alex/.m2/repository/org/apache/logging/log4j/log4j-core/2.14.1/log4j-core-2.14.1.jar:/home/alex/Repositories/nifi/nifi-nar-bundles/nifi-standard-services/nifi-ssl-context-bundle/nifi-ssl-context-service/target/classes:/home/alex/Repositories/nifi/nifi-commons/nifi-security-utils/target/classes:/home/alex/Repositories/nifi/nifi-commons/nifi-security-kms/target/classes:/home/alex/.m2/repository/org/bouncycastle/bcprov-jdk15on/1.69/bcprov-jdk15on-1.69.jar:/home/alex/.m2/repository/org/bouncycastle/bcpkix-jdk15on/1.69/bcpkix-jdk15on-1.69.jar:/home/alex/.m2/repository/org/bouncycastle/bcutil-jdk15on/1.69/bcutil-jdk15on-1.69.jar:/home/alex/.m2/repository/at/favre/lib/bcrypt/0.9.0/bcrypt-0.9.0.jar:/home/alex/.m2/repository/at/favre/lib/bytes/1.3.0/bytes-1.3.0.jar:/home/alex/.m2/repository/org/apache/commons/commons-configuration2/2.7/commons-configuration2-2.7.jar:/home/alex/.m2/repository/io/netty/netty-transport/4.1.69.Final/netty-transport-4.1.69.Final.jar:/home/alex/.m2/repository/io/netty/netty-common/4.1.69.Final/netty-common-4.1.69.Final.jar:/home/alex/.m2/repository/io/netty/netty-buffer/4.1.69.Final/netty-buffer-4.1.69.Final.jar:/home/alex/.m2/repository/io/netty/netty-resolver/4.1.69.Final/netty-resolver-4.1.69.Final.jar:/home/alex/.m2/repository/io/netty/netty-codec-http/4.1.69.Final/netty-codec-http-4.1.69.Final.jar:/home/alex/.m2/repository/io/netty/netty-codec/4.1.69.Final/netty-codec-4.1.69.Final.jar:/home/alex/.m2/repository/io/netty/netty-handler/4.1.69.Final/netty-handler-4.1.69.Final.jar:/home/alex/.m2/repository/org/junit/jupiter/junit-jupiter-api/5.7.2/junit-jupiter-api-5.7.2.jar:/home/alex/.m2/repository/org/apiguardian/apiguardian-api/1.1.0/apiguardian-api-1.1.0.jar:/home/alex/.m2/repository/org/opentest4j/opentest4j/1.2.0/opentest4j-1.2.0.jar:/home/alex/.m2/repository/org/junit/platform/junit-platform-commons/1.7.2/junit-platform-commons-1.7.2.jar:/home/alex/.m2/repository/org/junit/jupiter/junit-jupiter-engine/5.7.2/junit-jupiter-engine-5.7.2.jar:/home/alex/.m2/repository/org/junit/platform/junit-platform-engine/1.7.2/junit-platform-engine-1.7.2.jar:/home/alex/.m2/repository/org/junit/vintage/junit-vintage-engine/5.7.2/junit-vintage-engine-5.7.2.jar:/home/alex/.m2/repository/junit/junit/4.13.2/junit-4.13.2.jar:/home/alex/.m2/repository/org/hamcrest/hamcrest-core/1.3/hamcrest-core-1.3.jar:/home/alex/.m2/repository/org/junit/jupiter/junit-jupiter-params/5.7.2/junit-jupiter-params-5.7.2.jar:/home/alex/.m2/repository/org/mockito/mockito-core/3.11.2/mockito-core-3.11.2.jar:/home/alex/.m2/repository/net/bytebuddy/byte-buddy/1.11.3/byte-buddy-1.11.3.jar:/home/alex/.m2/repository/net/bytebuddy/byte-buddy-agent/1.11.3/byte-buddy-agent-1.11.3.jar:/home/alex/.m2/repository/org/objenesis/objenesis/3.2/objenesis-3.2.jar:/home/alex/.m2/repository/org/mockito/mockito-junit-jupiter/3.11.2/mockito-junit-jupiter-3.11.2.jar:/home/alex/.m2/repository/org/slf4j/slf4j-simple/1.7.32/slf4j-simple-1.7.32.jar:/home/alex/.m2/repository/org/codehaus/groovy/groovy-test/2.5.14/groovy-test-2.5.14.jar:/home/alex/.m2/repository/org/codehaus/groovy/groovy/2.5.14/groovy-2.5.14.jar:"/>
    <property name="sun.cpu.endian" value="little"/>
    <property name="user.home" value="/home/alex"/>
    <property name="user.language" value="en"/>
    <property name="java.specification.vendor" value="Oracle Corporation"/>
    <property name="java.home" value="/usr/lib/jvm/java-8-openjdk-amd64/jre"/>
    <property name="basedir" value="/home/alex/Repositories/nifi/nifi-nar-bundles/nifi-elasticsearch-bundle/nifi-elasticsearch-5-processors"/>
    <property name="file.separator" value="/"/>
    <property name="line.separator" value="&#10;"/>
    <property name="java.vm.specification.vendor" value="Oracle Corporation"/>
    <property name="java.specification.name" value="Java Platform API Specification"/>
    <property name="java.awt.graphicsenv" value="sun.awt.X11GraphicsEnvironment"/>
    <property name="java.awt.headless" value="true"/>
    <property name="surefire.real.class.path" value="/home/alex/Repositories/nifi/nifi-nar-bundles/nifi-elasticsearch-bundle/nifi-elasticsearch-5-processors/target/surefire/surefirebooter305545840040776846.jar"/>
    <property name="sun.boot.class.path" value="/usr/lib/jvm/java-8-openjdk-amd64/jre/lib/resources.jar:/usr/lib/jvm/java-8-openjdk-amd64/jre/lib/rt.jar:/usr/lib/jvm/java-8-openjdk-amd64/jre/lib/sunrsasign.jar:/usr/lib/jvm/java-8-openjdk-amd64/jre/lib/jsse.jar:/usr/lib/jvm/java-8-openjdk-amd64/jre/lib/jce.jar:/usr/lib/jvm/java-8-openjdk-amd64/jre/lib/charsets.jar:/usr/lib/jvm/java-8-openjdk-amd64/jre/lib/jfr.jar:/usr/lib/jvm/java-8-openjdk-amd64/jre/classes"/>
    <property name="sun.management.compiler" value="HotSpot 64-Bit Tiered Compilers"/>
    <property name="java.runtime.version" value="1.8.0_402-8u402-ga-2ubuntu1~22.04-b06"/>
    <property name="java.net.preferIPv4Stack" value="true"/>
    <property name="user.name" value="alex"/>
    <property name="path.separator" value=":"/>
    <property name="os.version" value="6.5.0-28-generic"/>
    <property name="java.endorsed.dirs" value="/usr/lib/jvm/java-8-openjdk-amd64/jre/lib/endorsed"/>
    <property name="java.runtime.name" value="OpenJDK Runtime Environment"/>
    <property name="file.encoding" value="UTF-8"/>
    <property name="java.vm.name" value="OpenJDK 64-Bit Server VM"/>
    <property name="localRepository" value="/home/alex/.m2/repository"/>
    <property name="java.vendor.url.bug" value="http://bugreport.sun.com/bugreport/"/>
    <property name="java.io.tmpdir" value="/tmp"/>
    <property name="java.version" value="1.8.0_402"/>
    <property name="user.dir" value="/home/alex/Repositories/nifi/nifi-nar-bundles/nifi-elasticsearch-bundle/nifi-elasticsearch-5-processors"/>
    <property name="os.arch" value="amd64"/>
    <property name="java.vm.specification.name" value="Java Virtual Machine Specification"/>
    <property name="java.awt.printerjob" value="sun.print.PSPrinterJob"/>
    <property name="sun.os.patch.level" value="unknown"/>
    <property name="java.library.path" value="/usr/java/packages/lib/amd64:/usr/lib/x86_64-linux-gnu/jni:/lib/x86_64-linux-gnu:/usr/lib/x86_64-linux-gnu:/usr/lib/jni:/lib:/usr/lib"/>
    <property name="java.vm.info" value="mixed mode"/>
    <property name="java.vendor" value="Private Build"/>
    <property name="java.vm.version" value="25.402-b06"/>
    <property name="java.specification.maintenance.version" value="5"/>
    <property name="java.ext.dirs" value="/usr/lib/jvm/java-8-openjdk-amd64/jre/lib/ext:/usr/java/packages/lib/ext"/>
    <property name="sun.io.unicode.encoding" value="UnicodeLittle"/>
    <property name="java.class.version" value="52.0"/>
  </properties>
  <testcase name="testPutElasticsearch5OnTriggerWithNoIdAttribute" classname="org.apache.nifi.processors.elasticsearch.TestPutElasticsearch5" time="1.056">
    <system-err><![CDATA[ERROR StatusLogger Could not reconfigure JMX
 java.lang.NoClassDefFoundError: org/apache/logging/log4j/core/async/DaemonThreadFactory
	at org.apache.logging.log4j.core.jmx.Server.createExecutor(Server.java:81)
	at org.apache.logging.log4j.core.jmx.Server.<clinit>(Server.java:66)
	at org.apache.logging.log4j.core.LoggerContext.setConfiguration(LoggerContext.java:638)
	at org.apache.logging.log4j.core.LoggerContext.reconfigure(LoggerContext.java:700)
	at org.apache.logging.log4j.core.LoggerContext.reconfigure(LoggerContext.java:717)
	at org.apache.logging.log4j.core.LoggerContext.start(LoggerContext.java:272)
	at org.apache.logging.log4j.core.impl.Log4jContextFactory.getContext(Log4jContextFactory.java:155)
	at org.apache.logging.log4j.core.impl.Log4jContextFactory.getContext(Log4jContextFactory.java:47)
	at org.apache.logging.log4j.LogManager.getContext(LogManager.java:196)
	at org.apache.logging.log4j.LogManager.getLogger(LogManager.java:599)
	at org.elasticsearch.common.logging.ESLoggerFactory.getLogger(ESLoggerFactory.java:49)
	at org.elasticsearch.common.logging.ESLoggerFactory.getLogger(ESLoggerFactory.java:57)
	at org.elasticsearch.common.logging.Loggers.getLogger(Loggers.java:101)
	at org.elasticsearch.action.bulk.BulkRequest.<clinit>(BulkRequest.java:64)
	at org.elasticsearch.action.bulk.BulkRequestBuilder.<init>(BulkRequestBuilder.java:44)
	at org.apache.nifi.processors.elasticsearch.TestPutElasticsearch5$PutElasticsearch5TestProcessor.getTransportClient(TestPutElasticsearch5.java:356)
	at org.apache.nifi.processors.elasticsearch.AbstractElasticsearch5TransportClientProcessor.createElasticsearchClient(AbstractElasticsearch5TransportClientProcessor.java:173)
	at org.apache.nifi.processors.elasticsearch.AbstractElasticsearch5Processor.setup(AbstractElasticsearch5Processor.java:95)
	at org.apache.nifi.processors.elasticsearch.PutElasticsearch5.onTrigger(PutElasticsearch5.java:181)
	at org.apache.nifi.processor.AbstractProcessor.onTrigger(AbstractProcessor.java:27)
	at org.apache.nifi.util.StandardProcessorTestRunner$RunProcessor.call(StandardProcessorTestRunner.java:284)
	at org.apache.nifi.util.StandardProcessorTestRunner$RunProcessor.call(StandardProcessorTestRunner.java:278)
	at java.util.concurrent.FutureTask.run(FutureTask.java:266)
	at java.util.concurrent.ScheduledThreadPoolExecutor$ScheduledFutureTask.access$201(ScheduledThreadPoolExecutor.java:180)
	at java.util.concurrent.ScheduledThreadPoolExecutor$ScheduledFutureTask.run(ScheduledThreadPoolExecutor.java:293)
	at java.util.concurrent.ThreadPoolExecutor.runWorker(ThreadPoolExecutor.java:1149)
	at java.util.concurrent.ThreadPoolExecutor$Worker.run(ThreadPoolExecutor.java:624)
	at java.lang.Thread.run(Thread.java:750)
Caused by: java.lang.ClassNotFoundException: org.apache.logging.log4j.core.async.DaemonThreadFactory
	at java.net.URLClassLoader.findClass(URLClassLoader.java:387)
	at java.lang.ClassLoader.loadClass(ClassLoader.java:418)
	at sun.misc.Launcher$AppClassLoader.loadClass(Launcher.java:352)
	at java.lang.ClassLoader.loadClass(ClassLoader.java:351)
	... 28 more
[pool-2-thread-1] WARN org.apache.nifi.processors.elasticsearch.TestPutElasticsearch5$PutElasticsearch5TestProcessor - PutElasticsearch5TestProcessor[id=a54da722-c678-4d9b-b742-a29023721efd] No value in identifier attribute doc_id for FlowFile[0,95140261027344.mockFlowFile,591B], transferring to failure
[main] INFO org.apache.nifi.processors.elasticsearch.TestPutElasticsearch5$PutElasticsearch5TestProcessor - PutElasticsearch5TestProcessor[id=a54da722-c678-4d9b-b742-a29023721efd] Closing ElasticSearch Client
]]></system-err>
  </testcase>
  <testcase name="testPutElasticSearchOnTriggerEL" classname="org.apache.nifi.processors.elasticsearch.TestPutElasticsearch5" time="0.149">
    <system-err><![CDATA[[main] INFO org.apache.nifi.processors.elasticsearch.TestPutElasticsearch5$PutElasticsearch5TestProcessor - PutElasticsearch5TestProcessor[id=a82c1c1c-56db-4ba6-84ba-c67a7e4c8be6] Closing ElasticSearch Client
]]></system-err>
  </testcase>
  <testcase name="testPutElasticsearch5OnTriggerWithIndexFromAttribute" classname="org.apache.nifi.processors.elasticsearch.TestPutElasticsearch5" time="0.071">
    <system-err><![CDATA[[main] INFO org.apache.nifi.processors.elasticsearch.TestPutElasticsearch5$PutElasticsearch5TestProcessor - PutElasticsearch5TestProcessor[id=fcdd2e7e-78a3-41c5-8912-ad6dbf226810] Closing ElasticSearch Client
[pool-6-thread-1] ERROR org.apache.nifi.processors.elasticsearch.TestPutElasticsearch5$PutElasticsearch5TestProcessor - PutElasticsearch5TestProcessor[id=fcdd2e7e-78a3-41c5-8912-ad6dbf226810] Failed to insert into Elasticsearch due to Needs index. More detailed information may be available in the NiFi logs.: NoNodeAvailableException[Needs index]
NoNodeAvailableException[Needs index]
	at org.apache.nifi.processors.elasticsearch.TestPutElasticsearch5$PutElasticsearch5TestProcessor$1.answer(TestPutElasticsearch5.java:370)
	at org.apache.nifi.processors.elasticsearch.TestPutElasticsearch5$PutElasticsearch5TestProcessor$1.answer(TestPutElasticsearch5.java:364)
	at org.mockito.internal.stubbing.StubbedInvocationMatcher.answer(StubbedInvocationMatcher.java:42)
	at org.mockito.internal.handler.MockHandlerImpl.handle(MockHandlerImpl.java:103)
	at org.mockito.internal.handler.NullResultGuardian.handle(NullResultGuardian.java:29)
	at org.mockito.internal.handler.InvocationNotifierHandler.handle(InvocationNotifierHandler.java:34)
	at org.mockito.internal.creation.bytebuddy.MockMethodInterceptor.doIntercept(MockMethodInterceptor.java:82)
	at org.mockito.internal.creation.bytebuddy.MockMethodInterceptor.doIntercept(MockMethodInterceptor.java:56)
	at org.mockito.internal.creation.bytebuddy.MockMethodInterceptor$DispatcherDefaultingToRealMethod.interceptAbstract(MockMethodInterceptor.java:161)
	at org.elasticsearch.client.Client$MockitoMock$183661429.prepareIndex(Unknown Source)
	at org.apache.nifi.processors.elasticsearch.PutElasticsearch5$1.process(PutElasticsearch5.java:220)
	at org.apache.nifi.util.MockProcessSession.read(MockProcessSession.java:601)
	at org.apache.nifi.util.MockProcessSession.read(MockProcessSession.java:583)
	at org.apache.nifi.processors.elasticsearch.PutElasticsearch5.onTrigger(PutElasticsearch5.java:212)
	at org.apache.nifi.processor.AbstractProcessor.onTrigger(AbstractProcessor.java:27)
	at org.apache.nifi.util.StandardProcessorTestRunner$RunProcessor.call(StandardProcessorTestRunner.java:284)
	at org.apache.nifi.util.StandardProcessorTestRunner$RunProcessor.call(StandardProcessorTestRunner.java:278)
	at java.util.concurrent.FutureTask.run(FutureTask.java:266)
	at java.util.concurrent.ScheduledThreadPoolExecutor$ScheduledFutureTask.access$201(ScheduledThreadPoolExecutor.java:180)
	at java.util.concurrent.ScheduledThreadPoolExecutor$ScheduledFutureTask.run(ScheduledThreadPoolExecutor.java:293)
	at java.util.concurrent.ThreadPoolExecutor.runWorker(ThreadPoolExecutor.java:1149)
	at java.util.concurrent.ThreadPoolExecutor$Worker.run(ThreadPoolExecutor.java:624)
	at java.lang.Thread.run(Thread.java:750)
[main] INFO org.apache.nifi.processors.elasticsearch.TestPutElasticsearch5$PutElasticsearch5TestProcessor - PutElasticsearch5TestProcessor[id=fcdd2e7e-78a3-41c5-8912-ad6dbf226810] Closing ElasticSearch Client
]]></system-err>
  </testcase>
  <testcase name="testPutElasticSearchOnTriggerWithFailures" classname="org.apache.nifi.processors.elasticsearch.TestPutElasticsearch5" time="0.007">
    <system-err><![CDATA[[pool-7-thread-1] ERROR org.apache.nifi.processors.elasticsearch.TestPutElasticsearch5$PutElasticsearch5TestProcessor - PutElasticsearch5TestProcessor[id=22d232e5-7cd7-4ec3-9e82-ef8edb048074] Failed to insert into Elasticsearch due to Index: 1, Size: 1, transferring to failure: java.lang.IndexOutOfBoundsException: Index: 1, Size: 1
java.lang.IndexOutOfBoundsException: Index: 1, Size: 1
	at java.util.LinkedList.checkElementIndex(LinkedList.java:555)
	at java.util.LinkedList.get(LinkedList.java:476)
	at org.apache.nifi.processors.elasticsearch.PutElasticsearch5.onTrigger(PutElasticsearch5.java:245)
	at org.apache.nifi.processor.AbstractProcessor.onTrigger(AbstractProcessor.java:27)
	at org.apache.nifi.util.StandardProcessorTestRunner$RunProcessor.call(StandardProcessorTestRunner.java:284)
	at org.apache.nifi.util.StandardProcessorTestRunner$RunProcessor.call(StandardProcessorTestRunner.java:278)
	at java.util.concurrent.FutureTask.run(FutureTask.java:266)
	at java.util.concurrent.ScheduledThreadPoolExecutor$ScheduledFutureTask.access$201(ScheduledThreadPoolExecutor.java:180)
	at java.util.concurrent.ScheduledThreadPoolExecutor$ScheduledFutureTask.run(ScheduledThreadPoolExecutor.java:293)
	at java.util.concurrent.ThreadPoolExecutor.runWorker(ThreadPoolExecutor.java:1149)
	at java.util.concurrent.ThreadPoolExecutor$Worker.run(ThreadPoolExecutor.java:624)
	at java.lang.Thread.run(Thread.java:750)
[main] INFO org.apache.nifi.processors.elasticsearch.TestPutElasticsearch5$PutElasticsearch5TestProcessor - PutElasticsearch5TestProcessor[id=22d232e5-7cd7-4ec3-9e82-ef8edb048074] Closing ElasticSearch Client
]]></system-err>
  </testcase>
  <testcase name="testPutElasticSearchBasic" classname="org.apache.nifi.processors.elasticsearch.TestPutElasticsearch5" time="0">
    <skipped message="Comment this out if you want to run against local or test ES"/>
  </testcase>
  <testcase name="testPutElasticSearchBatch" classname="org.apache.nifi.processors.elasticsearch.TestPutElasticsearch5" time="0">
    <skipped message="Comment this out if you want to run against local or test ES"/>
  </testcase>
  <testcase name="testPutElasticSearchOnTrigger" classname="org.apache.nifi.processors.elasticsearch.TestPutElasticsearch5" time="0.008">
    <system-err><![CDATA[[main] INFO org.apache.nifi.processors.elasticsearch.TestPutElasticsearch5$PutElasticsearch5TestProcessor - PutElasticsearch5TestProcessor[id=002c5841-b640-4e3c-924f-98754362ed21] Closing ElasticSearch Client
]]></system-err>
  </testcase>
  <testcase name="testPutElasticsearch5OnTriggerWithExceptions" classname="org.apache.nifi.processors.elasticsearch.TestPutElasticsearch5" time="0.126">
    <system-err><![CDATA[[pool-9-thread-1] ERROR org.apache.nifi.processors.elasticsearch.TestPutElasticsearch5$PutElasticsearch5TestProcessor - PutElasticsearch5TestProcessor[id=9dc007bd-5f71-40a0-9715-fe9dbc559d72] Failed to insert into Elasticsearch due to test. More detailed information may be available in the NiFi logs.: NoNodeAvailableException[test]
NoNodeAvailableException[test]
	at org.apache.nifi.processors.elasticsearch.PutElasticsearch5.onTrigger(PutElasticsearch5.java:238)
	at org.apache.nifi.processor.AbstractProcessor.onTrigger(AbstractProcessor.java:27)
	at org.apache.nifi.util.StandardProcessorTestRunner$RunProcessor.call(StandardProcessorTestRunner.java:284)
	at org.apache.nifi.util.StandardProcessorTestRunner$RunProcessor.call(StandardProcessorTestRunner.java:278)
	at java.util.concurrent.FutureTask.run(FutureTask.java:266)
	at java.util.concurrent.ScheduledThreadPoolExecutor$ScheduledFutureTask.access$201(ScheduledThreadPoolExecutor.java:180)
	at java.util.concurrent.ScheduledThreadPoolExecutor$ScheduledFutureTask.run(ScheduledThreadPoolExecutor.java:293)
	at java.util.concurrent.ThreadPoolExecutor.runWorker(ThreadPoolExecutor.java:1149)
	at java.util.concurrent.ThreadPoolExecutor$Worker.run(ThreadPoolExecutor.java:624)
	at java.lang.Thread.run(Thread.java:750)
[main] INFO org.apache.nifi.processors.elasticsearch.TestPutElasticsearch5$PutElasticsearch5TestProcessor - PutElasticsearch5TestProcessor[id=9dc007bd-5f71-40a0-9715-fe9dbc559d72] Closing ElasticSearch Client
[pool-10-thread-1] ERROR org.apache.nifi.processors.elasticsearch.TestPutElasticsearch5$PutElasticsearch5TestProcessor - PutElasticsearch5TestProcessor[id=9dc007bd-5f71-40a0-9715-fe9dbc559d72] Failed to insert into Elasticsearch due to test. More detailed information may be available in the NiFi logs.: ElasticsearchTimeoutException[test]
ElasticsearchTimeoutException[test]
	at org.apache.nifi.processors.elasticsearch.PutElasticsearch5.onTrigger(PutElasticsearch5.java:238)
	at org.apache.nifi.processor.AbstractProcessor.onTrigger(AbstractProcessor.java:27)
	at org.apache.nifi.util.StandardProcessorTestRunner$RunProcessor.call(StandardProcessorTestRunner.java:284)
	at org.apache.nifi.util.StandardProcessorTestRunner$RunProcessor.call(StandardProcessorTestRunner.java:278)
	at java.util.concurrent.FutureTask.run(FutureTask.java:266)
	at java.util.concurrent.ScheduledThreadPoolExecutor$ScheduledFutureTask.access$201(ScheduledThreadPoolExecutor.java:180)
	at java.util.concurrent.ScheduledThreadPoolExecutor$ScheduledFutureTask.run(ScheduledThreadPoolExecutor.java:293)
	at java.util.concurrent.ThreadPoolExecutor.runWorker(ThreadPoolExecutor.java:1149)
	at java.util.concurrent.ThreadPoolExecutor$Worker.run(ThreadPoolExecutor.java:624)
	at java.lang.Thread.run(Thread.java:750)
[main] INFO org.apache.nifi.processors.elasticsearch.TestPutElasticsearch5$PutElasticsearch5TestProcessor - PutElasticsearch5TestProcessor[id=9dc007bd-5f71-40a0-9715-fe9dbc559d72] Closing ElasticSearch Client
[pool-11-thread-1] ERROR org.apache.nifi.processors.elasticsearch.TestPutElasticsearch5$PutElasticsearch5TestProcessor - PutElasticsearch5TestProcessor[id=9dc007bd-5f71-40a0-9715-fe9dbc559d72] Failed to insert into Elasticsearch due to null. More detailed information may be available in the NiFi logs.: ReceiveTimeoutTransportException[null]
ReceiveTimeoutTransportException[null]
	at org.apache.nifi.processors.elasticsearch.PutElasticsearch5.onTrigger(PutElasticsearch5.java:238)
	at org.apache.nifi.processor.AbstractProcessor.onTrigger(AbstractProcessor.java:27)
	at org.apache.nifi.util.StandardProcessorTestRunner$RunProcessor.call(StandardProcessorTestRunner.java:284)
	at org.apache.nifi.util.StandardProcessorTestRunner$RunProcessor.call(StandardProcessorTestRunner.java:278)
	at java.util.concurrent.FutureTask.run(FutureTask.java:266)
	at java.util.concurrent.ScheduledThreadPoolExecutor$ScheduledFutureTask.access$201(ScheduledThreadPoolExecutor.java:180)
	at java.util.concurrent.ScheduledThreadPoolExecutor$ScheduledFutureTask.run(ScheduledThreadPoolExecutor.java:293)
	at java.util.concurrent.ThreadPoolExecutor.runWorker(ThreadPoolExecutor.java:1149)
	at java.util.concurrent.ThreadPoolExecutor$Worker.run(ThreadPoolExecutor.java:624)
	at java.lang.Thread.run(Thread.java:750)
[main] INFO org.apache.nifi.processors.elasticsearch.TestPutElasticsearch5$PutElasticsearch5TestProcessor - PutElasticsearch5TestProcessor[id=9dc007bd-5f71-40a0-9715-fe9dbc559d72] Closing ElasticSearch Client
[pool-12-thread-1] ERROR org.apache.nifi.processors.elasticsearch.TestPutElasticsearch5$PutElasticsearch5TestProcessor - PutElasticsearch5TestProcessor[id=9dc007bd-5f71-40a0-9715-fe9dbc559d72] Failed to insert into Elasticsearch due to null. More detailed information may be available in the NiFi logs.: NodeClosedException[null]
NodeClosedException[null]
	at org.apache.nifi.processors.elasticsearch.PutElasticsearch5.onTrigger(PutElasticsearch5.java:238)
	at org.apache.nifi.processor.AbstractProcessor.onTrigger(AbstractProcessor.java:27)
	at org.apache.nifi.util.StandardProcessorTestRunner$RunProcessor.call(StandardProcessorTestRunner.java:284)
	at org.apache.nifi.util.StandardProcessorTestRunner$RunProcessor.call(StandardProcessorTestRunner.java:278)
	at java.util.concurrent.FutureTask.run(FutureTask.java:266)
	at java.util.concurrent.ScheduledThreadPoolExecutor$ScheduledFutureTask.access$201(ScheduledThreadPoolExecutor.java:180)
	at java.util.concurrent.ScheduledThreadPoolExecutor$ScheduledFutureTask.run(ScheduledThreadPoolExecutor.java:293)
	at java.util.concurrent.ThreadPoolExecutor.runWorker(ThreadPoolExecutor.java:1149)
	at java.util.concurrent.ThreadPoolExecutor$Worker.run(ThreadPoolExecutor.java:624)
	at java.lang.Thread.run(Thread.java:750)
[main] INFO org.apache.nifi.processors.elasticsearch.TestPutElasticsearch5$PutElasticsearch5TestProcessor - PutElasticsearch5TestProcessor[id=9dc007bd-5f71-40a0-9715-fe9dbc559d72] Closing ElasticSearch Client
[pool-13-thread-1] ERROR org.apache.nifi.processors.elasticsearch.TestPutElasticsearch5$PutElasticsearch5TestProcessor - PutElasticsearch5TestProcessor[id=9dc007bd-5f71-40a0-9715-fe9dbc559d72] Failed to insert into Elasticsearch due to test, transferring to failure: ElasticsearchParseException[test]
ElasticsearchParseException[test]
	at org.apache.nifi.processors.elasticsearch.PutElasticsearch5.onTrigger(PutElasticsearch5.java:238)
	at org.apache.nifi.processor.AbstractProcessor.onTrigger(AbstractProcessor.java:27)
	at org.apache.nifi.util.StandardProcessorTestRunner$RunProcessor.call(StandardProcessorTestRunner.java:284)
	at org.apache.nifi.util.StandardProcessorTestRunner$RunProcessor.call(StandardProcessorTestRunner.java:278)
	at java.util.concurrent.FutureTask.run(FutureTask.java:266)
	at java.util.concurrent.ScheduledThreadPoolExecutor$ScheduledFutureTask.access$201(ScheduledThreadPoolExecutor.java:180)
	at java.util.concurrent.ScheduledThreadPoolExecutor$ScheduledFutureTask.run(ScheduledThreadPoolExecutor.java:293)
	at java.util.concurrent.ThreadPoolExecutor.runWorker(ThreadPoolExecutor.java:1149)
	at java.util.concurrent.ThreadPoolExecutor$Worker.run(ThreadPoolExecutor.java:624)
	at java.lang.Thread.run(Thread.java:750)
[main] INFO org.apache.nifi.processors.elasticsearch.TestPutElasticsearch5$PutElasticsearch5TestProcessor - PutElasticsearch5TestProcessor[id=9dc007bd-5f71-40a0-9715-fe9dbc559d72] Closing ElasticSearch Client
]]></system-err>
  </testcase>
  <testcase name="testPutElasticSearchOnTriggerWithInvalidIndexOp" classname="org.apache.nifi.processors.elasticsearch.TestPutElasticsearch5" time="0.006">
    <system-err><![CDATA[[pool-14-thread-1] ERROR org.apache.nifi.processors.elasticsearch.TestPutElasticsearch5$PutElasticsearch5TestProcessor - PutElasticsearch5TestProcessor[id=2226a439-9640-4851-8ea1-ba6274901604] Failed to insert into Elasticsearch due to java.io.IOException: Index operation: index_fail not supported., transferring to failure: org.apache.nifi.processor.exception.ProcessException: java.io.IOException: Index operation: index_fail not supported.
org.apache.nifi.processor.exception.ProcessException: java.io.IOException: Index operation: index_fail not supported.
	at org.apache.nifi.util.MockProcessSession.read(MockProcessSession.java:606)
	at org.apache.nifi.util.MockProcessSession.read(MockProcessSession.java:583)
	at org.apache.nifi.processors.elasticsearch.PutElasticsearch5.onTrigger(PutElasticsearch5.java:212)
	at org.apache.nifi.processor.AbstractProcessor.onTrigger(AbstractProcessor.java:27)
	at org.apache.nifi.util.StandardProcessorTestRunner$RunProcessor.call(StandardProcessorTestRunner.java:284)
	at org.apache.nifi.util.StandardProcessorTestRunner$RunProcessor.call(StandardProcessorTestRunner.java:278)
	at java.util.concurrent.FutureTask.run(FutureTask.java:266)
	at java.util.concurrent.ScheduledThreadPoolExecutor$ScheduledFutureTask.access$201(ScheduledThreadPoolExecutor.java:180)
	at java.util.concurrent.ScheduledThreadPoolExecutor$ScheduledFutureTask.run(ScheduledThreadPoolExecutor.java:293)
	at java.util.concurrent.ThreadPoolExecutor.runWorker(ThreadPoolExecutor.java:1149)
	at java.util.concurrent.ThreadPoolExecutor$Worker.run(ThreadPoolExecutor.java:624)
	at java.lang.Thread.run(Thread.java:750)
Caused by: java.io.IOException: Index operation: index_fail not supported.
	at org.apache.nifi.processors.elasticsearch.PutElasticsearch5$1.process(PutElasticsearch5.java:230)
	at org.apache.nifi.util.MockProcessSession.read(MockProcessSession.java:601)
	... 11 more
[main] INFO org.apache.nifi.processors.elasticsearch.TestPutElasticsearch5$PutElasticsearch5TestProcessor - PutElasticsearch5TestProcessor[id=2226a439-9640-4851-8ea1-ba6274901604] Closing ElasticSearch Client
]]></system-err>
  </testcase>
  <testcase name="testPutElasticSearchOnTriggerBadDocIdentifier" classname="org.apache.nifi.processors.elasticsearch.TestPutElasticsearch5" time="0.005">
    <system-err><![CDATA[[pool-15-thread-1] WARN org.apache.nifi.processors.elasticsearch.TestPutElasticsearch5$PutElasticsearch5TestProcessor - PutElasticsearch5TestProcessor[id=872aa8c2-bcc4-4b91-9929-c1b66a3e4a7d] No value in identifier attribute doc_id2 for FlowFile[0,95141608480758.mockFlowFile,591B], transferring to failure
[main] INFO org.apache.nifi.processors.elasticsearch.TestPutElasticsearch5$PutElasticsearch5TestProcessor - PutElasticsearch5TestProcessor[id=872aa8c2-bcc4-4b91-9929-c1b66a3e4a7d] Closing ElasticSearch Client
]]></system-err>
  </testcase>
</testsuite>