<?xml version="1.0" encoding="UTF-8"?>
<testsuite xmlns:xsi="http://www.w3.org/2001/XMLSchema-instance" xsi:noNamespaceSchemaLocation="https://maven.apache.org/surefire/maven-surefire-plugin/xsd/surefire-test-report-3.0.xsd" version="3.0" name="org.apache.nifi.processors.standard.TestControlRate" time="5.204" tests="8" errors="0" skipped="0" failures="0">
  <properties>
    <property name="sun.desktop" value="gnome"/>
    <property name="awt.toolkit" value="sun.awt.X11.XToolkit"/>
    <property name="file.encoding.pkg" value="sun.io"/>
    <property name="java.specification.version" value="1.8"/>
    <property name="sun.cpu.isalist" value=""/>
    <property name="sun.jnu.encoding" value="UTF-8"/>
    <property name="java.class.path" value="/home/alex/Repositories/nifi/nifi-nar-bundles/nifi-standard-bundle/nifi-standard-processors/target/test-classes:/home/alex/Repositories/nifi/nifi-nar-bundles/nifi-standard-bundle/nifi-standard-processors/target/classes:/home/alex/.m2/repository/org/apache/ftpserver/ftpserver-core/1.1.1/ftpserver-core-1.1.1.jar:/home/alex/.m2/repository/org/apache/ftpserver/ftplet-api/1.1.1/ftplet-api-1.1.1.jar:/home/alex/.m2/repository/org/slf4j/slf4j-api/1.7.32/slf4j-api-1.7.32.jar:/home/alex/.m2/repository/org/apache/mina/mina-core/2.0.16/mina-core-2.0.16.jar:/home/alex/Repositories/nifi/nifi-api/target/classes:/home/alex/Repositories/nifi/nifi-commons/nifi-expression-language/target/classes:/home/alex/.m2/repository/org/antlr/antlr-runtime/3.5.2/antlr-runtime-3.5.2.jar:/home/alex/Repositories/nifi/nifi-commons/nifi-parameter/target/classes:/home/alex/Repositories/nifi/nifi-commons/nifi-uuid5/target/classes:/home/alex/.m2/repository/org/apache/commons/commons-text/1.8/commons-text-1.8.jar:/home/alex/Repositories/nifi/nifi-nar-bundles/nifi-extension-utils/nifi-processor-utils/target/classes:/home/alex/Repositories/nifi/nifi-commons/nifi-security-socket-ssl/target/classes:/home/alex/Repositories/nifi/nifi-nar-bundles/nifi-extension-utils/nifi-event-transport/target/classes:/home/alex/.m2/repository/io/netty/netty-handler/4.1.69.Final/netty-handler-4.1.69.Final.jar:/home/alex/.m2/repository/io/netty/netty-common/4.1.69.Final/netty-common-4.1.69.Final.jar:/home/alex/.m2/repository/io/netty/netty-resolver/4.1.69.Final/netty-resolver-4.1.69.Final.jar:/home/alex/.m2/repository/io/netty/netty-transport/4.1.69.Final/netty-transport-4.1.69.Final.jar:/home/alex/.m2/repository/io/netty/netty-codec/4.1.69.Final/netty-codec-4.1.69.Final.jar:/home/alex/Repositories/nifi/nifi-nar-bundles/nifi-extension-utils/nifi-syslog-utils/target/classes:/home/alex/.m2/repository/com/github/palindromicity/simple-syslog-5424/0.0.16/simple-syslog-5424-0.0.16.jar:/home/alex/.m2/repository/org/antlr/antlr4-runtime/4.7.2/antlr4-runtime-4.7.2.jar:/home/alex/Repositories/nifi/nifi-commons/nifi-utils/target/classes:/home/alex/Repositories/nifi/nifi-commons/nifi-record-path/target/classes:/home/alex/Repositories/nifi/nifi-commons/nifi-properties/target/classes:/home/alex/Repositories/nifi/nifi-commons/nifi-property-utils/target/classes:/home/alex/.m2/repository/com/github/ben-manes/caffeine/caffeine/2.8.1/caffeine-2.8.1.jar:/home/alex/Repositories/nifi/nifi-nar-bundles/nifi-standard-services/nifi-ssl-context-service-api/target/classes:/home/alex/Repositories/nifi/nifi-commons/nifi-security-utils-api/target/classes:/home/alex/Repositories/nifi/nifi-nar-bundles/nifi-standard-services/nifi-lookup-service-api/target/classes:/home/alex/Repositories/nifi/nifi-commons/nifi-flowfile-packager/target/classes:/home/alex/Repositories/nifi/nifi-nar-bundles/nifi-standard-services/nifi-distributed-cache-client-service-api/target/classes:/home/alex/Repositories/nifi/nifi-nar-bundles/nifi-standard-services/nifi-http-context-map-api/target/classes:/home/alex/Repositories/nifi/nifi-nar-bundles/nifi-standard-services/nifi-record-serialization-service-api/target/classes:/home/alex/Repositories/nifi/nifi-nar-bundles/nifi-standard-services/nifi-proxy-configuration-api/target/classes:/home/alex/Repositories/nifi/nifi-commons/nifi-record/target/classes:/home/alex/Repositories/nifi/nifi-nar-bundles/nifi-standard-services/nifi-record-sink-api/target/classes:/home/alex/.m2/repository/commons-io/commons-io/2.10.0/commons-io-2.10.0.jar:/home/alex/.m2/repository/javax/ws/rs/javax.ws.rs-api/2.1/javax.ws.rs-api-2.1.jar:/home/alex/.m2/repository/commons-net/commons-net/3.6/commons-net-3.6.jar:/home/alex/.m2/repository/org/apache/commons/commons-compress/1.21/commons-compress-1.21.jar:/home/alex/.m2/repository/org/apache/commons/commons-lang3/3.9/commons-lang3-3.9.jar:/home/alex/.m2/repository/org/bouncycastle/bcprov-jdk15on/1.69/bcprov-jdk15on-1.69.jar:/home/alex/.m2/repository/org/bouncycastle/bcpg-jdk15on/1.69/bcpg-jdk15on-1.69.jar:/home/alex/.m2/repository/org/bouncycastle/bcpkix-jdk15on/1.69/bcpkix-jdk15on-1.69.jar:/home/alex/.m2/repository/org/bouncycastle/bcutil-jdk15on/1.69/bcutil-jdk15on-1.69.jar:/home/alex/.m2/repository/commons-codec/commons-codec/1.14/commons-codec-1.14.jar:/home/alex/Repositories/nifi/nifi-commons/nifi-security-utils/target/classes:/home/alex/Repositories/nifi/nifi-commons/nifi-security-kms/target/classes:/home/alex/.m2/repository/org/apache/commons/commons-configuration2/2.7/commons-configuration2-2.7.jar:/home/alex/.m2/repository/com/hierynomus/sshj/0.32.0/sshj-0.32.0.jar:/home/alex/.m2/repository/com/jcraft/jzlib/1.1.3/jzlib-1.1.3.jar:/home/alex/.m2/repository/com/hierynomus/asn-one/0.6.0/asn-one-0.6.0.jar:/home/alex/.m2/repository/net/i2p/crypto/eddsa/0.3.0/eddsa-0.3.0.jar:/home/alex/.m2/repository/org/eclipse/jetty/jetty-server/9.4.44.v20210927/jetty-server-9.4.44.v20210927.jar:/home/alex/.m2/repository/javax/servlet/javax.servlet-api/3.1.0/javax.servlet-api-3.1.0.jar:/home/alex/.m2/repository/org/eclipse/jetty/jetty-http/9.4.44.v20210927/jetty-http-9.4.44.v20210927.jar:/home/alex/.m2/repository/org/eclipse/jetty/jetty-util/9.4.44.v20210927/jetty-util-9.4.44.v20210927.jar:/home/alex/.m2/repository/org/eclipse/jetty/jetty-io/9.4.44.v20210927/jetty-io-9.4.44.v20210927.jar:/home/alex/.m2/repository/org/eclipse/jetty/jetty-servlet/9.4.44.v20210927/jetty-servlet-9.4.44.v20210927.jar:/home/alex/.m2/repository/org/eclipse/jetty/jetty-security/9.4.44.v20210927/jetty-security-9.4.44.v20210927.jar:/home/alex/.m2/repository/org/eclipse/jetty/jetty-util-ajax/9.4.44.v20210927/jetty-util-ajax-9.4.44.v20210927.jar:/home/alex/.m2/repository/org/apache/httpcomponents/httpclient/4.5.5/httpclient-4.5.5.jar:/home/alex/.m2/repository/commons-logging/commons-logging/1.2/commons-logging-1.2.jar:/home/alex/.m2/repository/org/apache/httpcomponents/httpcore/4.4.9/httpcore-4.4.9.jar:/home/alex/.m2/repository/jakarta/activation/jakarta.activation-api/2.0.1/jakarta.activation-api-2.0.1.jar:/home/alex/.m2/repository/com/sun/activation/jakarta.activation/2.0.1/jakarta.activation-2.0.1.jar:/home/alex/.m2/repository/jakarta/mail/jakarta.mail-api/2.0.1/jakarta.mail-api-2.0.1.jar:/home/alex/.m2/repository/com/sun/mail/jakarta.mail/2.0.1/jakarta.mail-2.0.1.jar:/home/alex/.m2/repository/com/github/jponge/lzma-java/1.3/lzma-java-1.3.jar:/home/alex/.m2/repository/org/tukaani/xz/1.8/xz-1.8.jar:/home/alex/.m2/repository/net/sf/saxon/Saxon-HE/10.6/Saxon-HE-10.6.jar:/home/alex/Repositories/nifi/nifi-commons/nifi-socket-utils/target/classes:/home/alex/Repositories/nifi/nifi-commons/nifi-logging-utils/target/classes:/home/alex/Repositories/nifi/nifi-nar-bundles/nifi-standard-services/nifi-load-distribution-service-api/target/classes:/home/alex/.m2/repository/javax/jms/javax.jms-api/2.0.1/javax.jms-api-2.0.1.jar:/home/alex/.m2/repository/org/apache/activemq/activemq-client/5.15.15/activemq-client-5.15.15.jar:/home/alex/.m2/repository/org/apache/geronimo/specs/geronimo-jms_1.1_spec/1.1.1/geronimo-jms_1.1_spec-1.1.1.jar:/home/alex/.m2/repository/org/fusesource/hawtbuf/hawtbuf/1.11/hawtbuf-1.11.jar:/home/alex/.m2/repository/org/apache/geronimo/specs/geronimo-j2ee-management_1.1_spec/1.0.1/geronimo-j2ee-management_1.1_spec-1.0.1.jar:/home/alex/.m2/repository/com/jayway/jsonpath/json-path/2.6.0/json-path-2.6.0.jar:/home/alex/.m2/repository/net/minidev/json-smart/2.4.7/json-smart-2.4.7.jar:/home/alex/.m2/repository/net/minidev/accessors-smart/2.4.7/accessors-smart-2.4.7.jar:/home/alex/.m2/repository/org/ow2/asm/asm/9.1/asm-9.1.jar:/home/alex/.m2/repository/org/apache/tika/tika-core/1.26/tika-core-1.26.jar:/home/alex/.m2/repository/com/fasterxml/jackson/core/jackson-databind/2.12.3/jackson-databind-2.12.3.jar:/home/alex/.m2/repository/com/fasterxml/jackson/core/jackson-annotations/2.12.3/jackson-annotations-2.12.3.jar:/home/alex/.m2/repository/com/fasterxml/jackson/core/jackson-core/2.12.3/jackson-core-2.12.3.jar:/home/alex/Repositories/nifi/nifi-nar-bundles/nifi-extension-utils/nifi-record-utils/nifi-avro-record-utils/target/classes:/home/alex/Repositories/nifi/nifi-nar-bundles/nifi-extension-utils/nifi-record-utils/nifi-standard-record-utils/target/classes:/home/alex/.m2/repository/org/apache/avro/avro/1.8.1/avro-1.8.1.jar:/home/alex/.m2/repository/org/codehaus/jackson/jackson-core-asl/1.9.13/jackson-core-asl-1.9.13.jar:/home/alex/.m2/repository/org/codehaus/jackson/jackson-mapper-asl/1.9.13/jackson-mapper-asl-1.9.13.jar:/home/alex/.m2/repository/com/thoughtworks/paranamer/paranamer/2.7/paranamer-2.7.jar:/home/alex/Repositories/nifi/nifi-nar-bundles/nifi-standard-services/nifi-dbcp-service-api/target/classes:/home/alex/.m2/repository/com/squareup/okhttp3/okhttp/4.9.2/okhttp-4.9.2.jar:/home/alex/.m2/repository/com/squareup/okio/okio/2.8.0/okio-2.8.0.jar:/home/alex/.m2/repository/org/jetbrains/kotlin/kotlin-stdlib-common/1.4.0/kotlin-stdlib-common-1.4.0.jar:/home/alex/.m2/repository/org/jetbrains/kotlin/kotlin-stdlib/1.4.10/kotlin-stdlib-1.4.10.jar:/home/alex/.m2/repository/org/jetbrains/annotations/13.0/annotations-13.0.jar:/home/alex/.m2/repository/io/github/rburgst/okhttp-digest/2.5/okhttp-digest-2.5.jar:/home/alex/.m2/repository/at/favre/lib/bcrypt/0.9.0/bcrypt-0.9.0.jar:/home/alex/.m2/repository/at/favre/lib/bytes/1.3.0/bytes-1.3.0.jar:/home/alex/.m2/repository/com/google/guava/guava/28.0-jre/guava-28.0-jre.jar:/home/alex/.m2/repository/com/google/guava/failureaccess/1.0.1/failureaccess-1.0.1.jar:/home/alex/.m2/repository/com/google/guava/listenablefuture/9999.0-empty-to-avoid-conflict-with-guava/listenablefuture-9999.0-empty-to-avoid-conflict-with-guava.jar:/home/alex/.m2/repository/com/google/code/findbugs/jsr305/3.0.2/jsr305-3.0.2.jar:/home/alex/.m2/repository/org/checkerframework/checker-qual/2.8.1/checker-qual-2.8.1.jar:/home/alex/.m2/repository/com/google/errorprone/error_prone_annotations/2.3.2/error_prone_annotations-2.3.2.jar:/home/alex/.m2/repository/com/google/j2objc/j2objc-annotations/1.3/j2objc-annotations-1.3.jar:/home/alex/.m2/repository/org/codehaus/mojo/animal-sniffer-annotations/1.17/animal-sniffer-annotations-1.17.jar:/home/alex/Repositories/nifi/nifi-mock/target/classes:/home/alex/Repositories/nifi/nifi-framework-api/target/classes:/home/alex/Repositories/nifi/nifi-nar-bundles/nifi-framework-bundle/nifi-framework/nifi-framework-core-api/target/classes:/home/alex/Repositories/nifi/nifi-nar-bundles/nifi-framework-bundle/nifi-framework/nifi-framework-nar-utils/target/classes:/home/alex/Repositories/nifi/nifi-nar-bundles/nifi-framework-bundle/nifi-framework/nifi-client-dto/target/classes:/home/alex/.m2/repository/io/swagger/swagger-annotations/1.6.0/swagger-annotations-1.6.0.jar:/home/alex/Repositories/nifi/nifi-commons/nifi-site-to-site-client/target/classes:/home/alex/.m2/repository/org/apache/httpcomponents/httpasyncclient/4.1.4/httpasyncclient-4.1.4.jar:/home/alex/.m2/repository/org/apache/httpcomponents/httpcore-nio/4.4.10/httpcore-nio-4.4.10.jar:/home/alex/Repositories/nifi/nifi-nar-bundles/nifi-framework-bundle/nifi-framework/nifi-framework-authorization/target/classes:/home/alex/Repositories/nifi/nifi-registry/nifi-registry-core/nifi-registry-data-model/target/classes:/home/alex/Repositories/nifi/nifi-registry/nifi-registry-core/nifi-registry-revision/nifi-registry-revision-entity-model/target/classes:/home/alex/Repositories/nifi/nifi-registry/nifi-registry-core/nifi-registry-client/target/classes:/home/alex/Repositories/nifi/nifi-registry/nifi-registry-core/nifi-registry-security-utils/target/classes:/home/alex/.m2/repository/org/glassfish/jersey/core/jersey-client/2.33/jersey-client-2.33.jar:/home/alex/.m2/repository/jakarta/ws/rs/jakarta.ws.rs-api/2.1.6/jakarta.ws.rs-api-2.1.6.jar:/home/alex/.m2/repository/org/glassfish/hk2/external/jakarta.inject/2.6.1/jakarta.inject-2.6.1.jar:/home/alex/.m2/repository/org/glassfish/jersey/media/jersey-media-json-jackson/2.33/jersey-media-json-jackson-2.33.jar:/home/alex/.m2/repository/org/glassfish/jersey/ext/jersey-entity-filtering/2.33/jersey-entity-filtering-2.33.jar:/home/alex/.m2/repository/org/glassfish/jersey/inject/jersey-hk2/2.33/jersey-hk2-2.33.jar:/home/alex/.m2/repository/org/glassfish/hk2/hk2-locator/2.6.1/hk2-locator-2.6.1.jar:/home/alex/.m2/repository/org/glassfish/hk2/external/aopalliance-repackaged/2.6.1/aopalliance-repackaged-2.6.1.jar:/home/alex/.m2/repository/org/glassfish/hk2/hk2-api/2.6.1/hk2-api-2.6.1.jar:/home/alex/.m2/repository/org/glassfish/hk2/hk2-utils/2.6.1/hk2-utils-2.6.1.jar:/home/alex/.m2/repository/org/javassist/javassist/3.25.0-GA/javassist-3.25.0-GA.jar:/home/alex/.m2/repository/org/glassfish/jersey/core/jersey-common/2.33/jersey-common-2.33.jar:/home/alex/.m2/repository/jakarta/annotation/jakarta.annotation-api/1.3.5/jakarta.annotation-api-1.3.5.jar:/home/alex/.m2/repository/org/glassfish/hk2/osgi-resource-locator/1.0.3/osgi-resource-locator-1.0.3.jar:/home/alex/.m2/repository/org/glassfish/jersey/media/jersey-media-multipart/2.33/jersey-media-multipart-2.33.jar:/home/alex/.m2/repository/org/jvnet/mimepull/mimepull/1.9.13/mimepull-1.9.13.jar:/home/alex/Repositories/nifi/nifi-commons/nifi-data-provenance-utils/target/classes:/home/alex/Repositories/nifi/nifi-nar-bundles/nifi-standard-services/nifi-distributed-cache-services-bundle/nifi-distributed-cache-client-service/target/classes:/home/alex/Repositories/nifi/nifi-nar-bundles/nifi-standard-services/nifi-distributed-cache-services-bundle/nifi-distributed-cache-protocol/target/classes:/home/alex/.m2/repository/io/netty/netty-buffer/4.1.69.Final/netty-buffer-4.1.69.Final.jar:/home/alex/.m2/repository/com/google/http-client/google-http-client/1.28.0/google-http-client-1.28.0.jar:/home/alex/.m2/repository/io/opencensus/opencensus-api/0.18.0/opencensus-api-0.18.0.jar:/home/alex/.m2/repository/io/grpc/grpc-context/1.14.0/grpc-context-1.14.0.jar:/home/alex/.m2/repository/io/opencensus/opencensus-contrib-http-util/0.18.0/opencensus-contrib-http-util-0.18.0.jar:/home/alex/.m2/repository/org/apache/activemq/activemq-broker/5.15.14/activemq-broker-5.15.14.jar:/home/alex/.m2/repository/org/apache/activemq/activemq-openwire-legacy/5.15.14/activemq-openwire-legacy-5.15.14.jar:/home/alex/Repositories/nifi/nifi-nar-bundles/nifi-standard-services/nifi-ssl-context-bundle/nifi-ssl-context-service/target/classes:/home/alex/Repositories/nifi/nifi-nar-bundles/nifi-framework-bundle/nifi-framework/nifi-standard-prioritizers/target/classes:/home/alex/Repositories/nifi/nifi-nar-bundles/nifi-extension-utils/nifi-record-utils/nifi-mock-record-utils/target/classes:/home/alex/Repositories/nifi/nifi-nar-bundles/nifi-standard-services/nifi-record-serialization-services-bundle/nifi-record-serialization-services/target/classes:/home/alex/.m2/repository/org/apache/commons/commons-csv/1.8/commons-csv-1.8.jar:/home/alex/.m2/repository/com/fasterxml/jackson/dataformat/jackson-dataformat-csv/2.12.3/jackson-dataformat-csv-2.12.3.jar:/home/alex/.m2/repository/net/java/dev/stax-utils/stax-utils/20070216/stax-utils-20070216.jar:/home/alex/Repositories/nifi/nifi-nar-bundles/nifi-standard-services/nifi-lookup-services-bundle/nifi-lookup-services/target/classes:/home/alex/.m2/repository/commons-beanutils/commons-beanutils/1.9.4/commons-beanutils-1.9.4.jar:/home/alex/.m2/repository/commons-collections/commons-collections/3.2.2/commons-collections-3.2.2.jar:/home/alex/.m2/repository/com/maxmind/geoip2/geoip2/2.12.0/geoip2-2.12.0.jar:/home/alex/.m2/repository/com/maxmind/db/maxmind-db/1.2.2/maxmind-db-1.2.2.jar:/home/alex/.m2/repository/org/apache/derby/derby/10.14.2.0/derby-10.14.2.0.jar:/home/alex/.m2/repository/org/xerial/snappy/snappy-java/1.1.7.3/snappy-java-1.1.7.3.jar:/home/alex/.m2/repository/net/lingala/zip4j/zip4j/2.8.0/zip4j-2.8.0.jar:/home/alex/.m2/repository/com/h2database/h2/1.4.187/h2-1.4.187.jar:/home/alex/.m2/repository/org/mockftpserver/MockFtpServer/2.7.1/MockFtpServer-2.7.1.jar:/home/alex/.m2/repository/org/apache/sshd/sshd-core/1.7.0/sshd-core-1.7.0.jar:/home/alex/.m2/repository/com/bazaarvoice/jolt/jolt-core/0.1.1/jolt-core-0.1.1.jar:/home/alex/.m2/repository/javax/inject/javax.inject/1/javax.inject-1.jar:/home/alex/.m2/repository/com/bazaarvoice/jolt/json-utils/0.1.1/json-utils-0.1.1.jar:/home/alex/Repositories/nifi/nifi-nar-bundles/nifi-standard-bundle/nifi-standard-utils/target/classes:/home/alex/.m2/repository/net/sf/supercsv/super-csv/2.4.0/super-csv-2.4.0.jar:/home/alex/.m2/repository/com/fluenda/parcefone/2.1.0/parcefone-2.1.0.jar:/home/alex/.m2/repository/javax/validation/validation-api/1.1.0.Final/validation-api-1.1.0.Final.jar:/home/alex/.m2/repository/javax/el/javax.el-api/3.0.0/javax.el-api-3.0.0.jar:/home/alex/.m2/repository/com/github/wnameless/json/json-flattener/0.12.0/json-flattener-0.12.0.jar:/home/alex/.m2/repository/com/github/wnameless/json/json-base/2.0.0/json-base-2.0.0.jar:/home/alex/.m2/repository/org/apache/bval/bval-jsr/1.1.2/bval-jsr-1.1.2.jar:/home/alex/.m2/repository/org/apache/bval/bval-core/1.1.2/bval-core-1.1.2.jar:/home/alex/.m2/repository/io/krakens/java-grok/0.1.9/java-grok-0.1.9.jar:/home/alex/.m2/repository/org/apache/calcite/calcite-core/1.27.0/calcite-core-1.27.0.jar:/home/alex/.m2/repository/org/apache/calcite/calcite-linq4j/1.27.0/calcite-linq4j-1.27.0.jar:/home/alex/.m2/repository/com/esri/geometry/esri-geometry-api/2.2.0/esri-geometry-api-2.2.0.jar:/home/alex/.m2/repository/org/apache/calcite/avatica/avatica-core/1.18.0/avatica-core-1.18.0.jar:/home/alex/.m2/repository/org/apache/calcite/avatica/avatica-metrics/1.18.0/avatica-metrics-1.18.0.jar:/home/alex/.m2/repository/com/google/protobuf/protobuf-java/3.6.1/protobuf-java-3.6.1.jar:/home/alex/.m2/repository/org/apiguardian/apiguardian-api/1.1.0/apiguardian-api-1.1.0.jar:/home/alex/.m2/repository/com/fasterxml/jackson/dataformat/jackson-dataformat-yaml/2.10.0/jackson-dataformat-yaml-2.10.0.jar:/home/alex/.m2/repository/org/yaml/snakeyaml/1.29/snakeyaml-1.29.jar:/home/alex/.m2/repository/com/google/uzaygezen/uzaygezen-core/0.2/uzaygezen-core-0.2.jar:/home/alex/.m2/repository/com/yahoo/datasketches/sketches-core/0.9.0/sketches-core-0.9.0.jar:/home/alex/.m2/repository/com/yahoo/datasketches/memory/0.9.0/memory-0.9.0.jar:/home/alex/.m2/repository/net/hydromatic/aggdesigner-algorithm/6.0/aggdesigner-algorithm-6.0.jar:/home/alex/.m2/repository/commons-lang/commons-lang/2.4/commons-lang-2.4.jar:/home/alex/.m2/repository/org/apache/commons/commons-dbcp2/2.6.0/commons-dbcp2-2.6.0.jar:/home/alex/.m2/repository/org/apache/commons/commons-pool2/2.6.1/commons-pool2-2.6.1.jar:/home/alex/.m2/repository/org/codehaus/janino/commons-compiler/3.0.11/commons-compiler-3.0.11.jar:/home/alex/.m2/repository/org/codehaus/janino/janino/3.0.11/janino-3.0.11.jar:/home/alex/Repositories/nifi/nifi-nar-bundles/nifi-standard-services/nifi-schema-registry-service-api/target/classes:/home/alex/Repositories/nifi/nifi-nar-bundles/nifi-extension-utils/nifi-database-utils/target/classes:/home/alex/Repositories/nifi/nifi-nar-bundles/nifi-standard-bundle/nifi-standard-web-test-utils/target/classes:/home/alex/.m2/repository/com/github/stefanbirkner/fake-sftp-server-rule/2.0.1/fake-sftp-server-rule-2.0.1.jar:/home/alex/.m2/repository/com/github/marschall/memoryfilesystem/2.8.0/memoryfilesystem-2.8.0.jar:/home/alex/.m2/repository/junit/junit/4.13.2/junit-4.13.2.jar:/home/alex/.m2/repository/org/hamcrest/hamcrest-core/1.3/hamcrest-core-1.3.jar:/home/alex/Repositories/nifi/nifi-nar-bundles/nifi-extension-utils/nifi-database-test-utils/target/classes:/home/alex/.m2/repository/org/codehaus/groovy/groovy-json/2.5.14/groovy-json-2.5.14.jar:/home/alex/.m2/repository/org/codehaus/groovy/groovy/2.5.14/groovy-2.5.14.jar:/home/alex/.m2/repository/org/codehaus/groovy/groovy-servlet/2.5.14/groovy-servlet-2.5.14.jar:/home/alex/.m2/repository/org/codehaus/groovy/groovy-templates/2.5.14/groovy-templates-2.5.14.jar:/home/alex/.m2/repository/org/codehaus/groovy/groovy-xml/2.5.14/groovy-xml-2.5.14.jar:/home/alex/.m2/repository/org/hamcrest/hamcrest-all/1.3/hamcrest-all-1.3.jar:/home/alex/.m2/repository/com/squareup/okhttp3/mockwebserver/4.9.2/mockwebserver-4.9.2.jar:/home/alex/.m2/repository/org/jetbrains/kotlin/kotlin-stdlib-jdk8/1.4.10/kotlin-stdlib-jdk8-1.4.10.jar:/home/alex/.m2/repository/org/jetbrains/kotlin/kotlin-stdlib-jdk7/1.4.10/kotlin-stdlib-jdk7-1.4.10.jar:/home/alex/.m2/repository/org/mockito/mockito-inline/3.12.4/mockito-inline-3.12.4.jar:/home/alex/.m2/repository/org/junit/jupiter/junit-jupiter-api/5.7.2/junit-jupiter-api-5.7.2.jar:/home/alex/.m2/repository/org/opentest4j/opentest4j/1.2.0/opentest4j-1.2.0.jar:/home/alex/.m2/repository/org/junit/platform/junit-platform-commons/1.7.2/junit-platform-commons-1.7.2.jar:/home/alex/.m2/repository/org/junit/jupiter/junit-jupiter-engine/5.7.2/junit-jupiter-engine-5.7.2.jar:/home/alex/.m2/repository/org/junit/platform/junit-platform-engine/1.7.2/junit-platform-engine-1.7.2.jar:/home/alex/.m2/repository/org/junit/vintage/junit-vintage-engine/5.7.2/junit-vintage-engine-5.7.2.jar:/home/alex/.m2/repository/org/junit/jupiter/junit-jupiter-params/5.7.2/junit-jupiter-params-5.7.2.jar:/home/alex/.m2/repository/org/mockito/mockito-core/3.11.2/mockito-core-3.11.2.jar:/home/alex/.m2/repository/net/bytebuddy/byte-buddy/1.11.3/byte-buddy-1.11.3.jar:/home/alex/.m2/repository/net/bytebuddy/byte-buddy-agent/1.11.3/byte-buddy-agent-1.11.3.jar:/home/alex/.m2/repository/org/objenesis/objenesis/3.2/objenesis-3.2.jar:/home/alex/.m2/repository/org/mockito/mockito-junit-jupiter/3.11.2/mockito-junit-jupiter-3.11.2.jar:/home/alex/.m2/repository/org/slf4j/slf4j-simple/1.7.32/slf4j-simple-1.7.32.jar:/home/alex/.m2/repository/org/codehaus/groovy/groovy-test/2.5.14/groovy-test-2.5.14.jar:"/>
    <property name="java.vm.vendor" value="Private Build"/>
    <property name="sun.arch.data.model" value="64"/>
    <property name="java.vendor.url" value="http://java.oracle.com/"/>
    <property name="user.timezone" value="Europe/Lisbon"/>
    <property name="java.vm.specification.version" value="1.8"/>
    <property name="os.name" value="Linux"/>
    <property name="user.country" value="US"/>
    <property name="sun.java.launcher" value="SUN_STANDARD"/>
    <property name="sun.boot.library.path" value="/usr/lib/jvm/java-8-openjdk-amd64/jre/lib/amd64"/>
    <property name="sun.java.command" value="/home/alex/Repositories/nifi/nifi-nar-bundles/nifi-standard-bundle/nifi-standard-processors/target/surefire/surefirebooter7473415933682638322.jar /home/alex/Repositories/nifi/nifi-nar-bundles/nifi-standard-bundle/nifi-standard-processors/target/surefire 2024-05-02T02-37-14_149-jvmRun1 surefire6139189294397462573tmp surefire_693674938239097471618tmp"/>
    <property name="surefire.test.class.path" value="/home/alex/Repositories/nifi/nifi-nar-bundles/nifi-standard-bundle/nifi-standard-processors/target/test-classes:/home/alex/Repositories/nifi/nifi-nar-bundles/nifi-standard-bundle/nifi-standard-processors/target/classes:/home/alex/.m2/repository/org/apache/ftpserver/ftpserver-core/1.1.1/ftpserver-core-1.1.1.jar:/home/alex/.m2/repository/org/apache/ftpserver/ftplet-api/1.1.1/ftplet-api-1.1.1.jar:/home/alex/.m2/repository/org/slf4j/slf4j-api/1.7.32/slf4j-api-1.7.32.jar:/home/alex/.m2/repository/org/apache/mina/mina-core/2.0.16/mina-core-2.0.16.jar:/home/alex/Repositories/nifi/nifi-api/target/classes:/home/alex/Repositories/nifi/nifi-commons/nifi-expression-language/target/classes:/home/alex/.m2/repository/org/antlr/antlr-runtime/3.5.2/antlr-runtime-3.5.2.jar:/home/alex/Repositories/nifi/nifi-commons/nifi-parameter/target/classes:/home/alex/Repositories/nifi/nifi-commons/nifi-uuid5/target/classes:/home/alex/.m2/repository/org/apache/commons/commons-text/1.8/commons-text-1.8.jar:/home/alex/Repositories/nifi/nifi-nar-bundles/nifi-extension-utils/nifi-processor-utils/target/classes:/home/alex/Repositories/nifi/nifi-commons/nifi-security-socket-ssl/target/classes:/home/alex/Repositories/nifi/nifi-nar-bundles/nifi-extension-utils/nifi-event-transport/target/classes:/home/alex/.m2/repository/io/netty/netty-handler/4.1.69.Final/netty-handler-4.1.69.Final.jar:/home/alex/.m2/repository/io/netty/netty-common/4.1.69.Final/netty-common-4.1.69.Final.jar:/home/alex/.m2/repository/io/netty/netty-resolver/4.1.69.Final/netty-resolver-4.1.69.Final.jar:/home/alex/.m2/repository/io/netty/netty-transport/4.1.69.Final/netty-transport-4.1.69.Final.jar:/home/alex/.m2/repository/io/netty/netty-codec/4.1.69.Final/netty-codec-4.1.69.Final.jar:/home/alex/Repositories/nifi/nifi-nar-bundles/nifi-extension-utils/nifi-syslog-utils/target/classes:/home/alex/.m2/repository/com/github/palindromicity/simple-syslog-5424/0.0.16/simple-syslog-5424-0.0.16.jar:/home/alex/.m2/repository/org/antlr/antlr4-runtime/4.7.2/antlr4-runtime-4.7.2.jar:/home/alex/Repositories/nifi/nifi-commons/nifi-utils/target/classes:/home/alex/Repositories/nifi/nifi-commons/nifi-record-path/target/classes:/home/alex/Repositories/nifi/nifi-commons/nifi-properties/target/classes:/home/alex/Repositories/nifi/nifi-commons/nifi-property-utils/target/classes:/home/alex/.m2/repository/com/github/ben-manes/caffeine/caffeine/2.8.1/caffeine-2.8.1.jar:/home/alex/Repositories/nifi/nifi-nar-bundles/nifi-standard-services/nifi-ssl-context-service-api/target/classes:/home/alex/Repositories/nifi/nifi-commons/nifi-security-utils-api/target/classes:/home/alex/Repositories/nifi/nifi-nar-bundles/nifi-standard-services/nifi-lookup-service-api/target/classes:/home/alex/Repositories/nifi/nifi-commons/nifi-flowfile-packager/target/classes:/home/alex/Repositories/nifi/nifi-nar-bundles/nifi-standard-services/nifi-distributed-cache-client-service-api/target/classes:/home/alex/Repositories/nifi/nifi-nar-bundles/nifi-standard-services/nifi-http-context-map-api/target/classes:/home/alex/Repositories/nifi/nifi-nar-bundles/nifi-standard-services/nifi-record-serialization-service-api/target/classes:/home/alex/Repositories/nifi/nifi-nar-bundles/nifi-standard-services/nifi-proxy-configuration-api/target/classes:/home/alex/Repositories/nifi/nifi-commons/nifi-record/target/classes:/home/alex/Repositories/nifi/nifi-nar-bundles/nifi-standard-services/nifi-record-sink-api/target/classes:/home/alex/.m2/repository/commons-io/commons-io/2.10.0/commons-io-2.10.0.jar:/home/alex/.m2/repository/javax/ws/rs/javax.ws.rs-api/2.1/javax.ws.rs-api-2.1.jar:/home/alex/.m2/repository/commons-net/commons-net/3.6/commons-net-3.6.jar:/home/alex/.m2/repository/org/apache/commons/commons-compress/1.21/commons-compress-1.21.jar:/home/alex/.m2/repository/org/apache/commons/commons-lang3/3.9/commons-lang3-3.9.jar:/home/alex/.m2/repository/org/bouncycastle/bcprov-jdk15on/1.69/bcprov-jdk15on-1.69.jar:/home/alex/.m2/repository/org/bouncycastle/bcpg-jdk15on/1.69/bcpg-jdk15on-1.69.jar:/home/alex/.m2/repository/org/bouncycastle/bcpkix-jdk15on/1.69/bcpkix-jdk15on-1.69.jar:/home/alex/.m2/repository/org/bouncycastle/bcutil-jdk15on/1.69/bcutil-jdk15on-1.69.jar:/home/alex/.m2/repository/commons-codec/commons-codec/1.14/commons-codec-1.14.jar:/home/alex/Repositories/nifi/nifi-commons/nifi-security-utils/target/classes:/home/alex/Repositories/nifi/nifi-commons/nifi-security-kms/target/classes:/home/alex/.m2/repository/org/apache/commons/commons-configuration2/2.7/commons-configuration2-2.7.jar:/home/alex/.m2/repository/com/hierynomus/sshj/0.32.0/sshj-0.32.0.jar:/home/alex/.m2/repository/com/jcraft/jzlib/1.1.3/jzlib-1.1.3.jar:/home/alex/.m2/repository/com/hierynomus/asn-one/0.6.0/asn-one-0.6.0.jar:/home/alex/.m2/repository/net/i2p/crypto/eddsa/0.3.0/eddsa-0.3.0.jar:/home/alex/.m2/repository/org/eclipse/jetty/jetty-server/9.4.44.v20210927/jetty-server-9.4.44.v20210927.jar:/home/alex/.m2/repository/javax/servlet/javax.servlet-api/3.1.0/javax.servlet-api-3.1.0.jar:/home/alex/.m2/repository/org/eclipse/jetty/jetty-http/9.4.44.v20210927/jetty-http-9.4.44.v20210927.jar:/home/alex/.m2/repository/org/eclipse/jetty/jetty-util/9.4.44.v20210927/jetty-util-9.4.44.v20210927.jar:/home/alex/.m2/repository/org/eclipse/jetty/jetty-io/9.4.44.v20210927/jetty-io-9.4.44.v20210927.jar:/home/alex/.m2/repository/org/eclipse/jetty/jetty-servlet/9.4.44.v20210927/jetty-servlet-9.4.44.v20210927.jar:/home/alex/.m2/repository/org/eclipse/jetty/jetty-security/9.4.44.v20210927/jetty-security-9.4.44.v20210927.jar:/home/alex/.m2/repository/org/eclipse/jetty/jetty-util-ajax/9.4.44.v20210927/jetty-util-ajax-9.4.44.v20210927.jar:/home/alex/.m2/repository/org/apache/httpcomponents/httpclient/4.5.5/httpclient-4.5.5.jar:/home/alex/.m2/repository/commons-logging/commons-logging/1.2/commons-logging-1.2.jar:/home/alex/.m2/repository/org/apache/httpcomponents/httpcore/4.4.9/httpcore-4.4.9.jar:/home/alex/.m2/repository/jakarta/activation/jakarta.activation-api/2.0.1/jakarta.activation-api-2.0.1.jar:/home/alex/.m2/repository/com/sun/activation/jakarta.activation/2.0.1/jakarta.activation-2.0.1.jar:/home/alex/.m2/repository/jakarta/mail/jakarta.mail-api/2.0.1/jakarta.mail-api-2.0.1.jar:/home/alex/.m2/repository/com/sun/mail/jakarta.mail/2.0.1/jakarta.mail-2.0.1.jar:/home/alex/.m2/repository/com/github/jponge/lzma-java/1.3/lzma-java-1.3.jar:/home/alex/.m2/repository/org/tukaani/xz/1.8/xz-1.8.jar:/home/alex/.m2/repository/net/sf/saxon/Saxon-HE/10.6/Saxon-HE-10.6.jar:/home/alex/Repositories/nifi/nifi-commons/nifi-socket-utils/target/classes:/home/alex/Repositories/nifi/nifi-commons/nifi-logging-utils/target/classes:/home/alex/Repositories/nifi/nifi-nar-bundles/nifi-standard-services/nifi-load-distribution-service-api/target/classes:/home/alex/.m2/repository/javax/jms/javax.jms-api/2.0.1/javax.jms-api-2.0.1.jar:/home/alex/.m2/repository/org/apache/activemq/activemq-client/5.15.15/activemq-client-5.15.15.jar:/home/alex/.m2/repository/org/apache/geronimo/specs/geronimo-jms_1.1_spec/1.1.1/geronimo-jms_1.1_spec-1.1.1.jar:/home/alex/.m2/repository/org/fusesource/hawtbuf/hawtbuf/1.11/hawtbuf-1.11.jar:/home/alex/.m2/repository/org/apache/geronimo/specs/geronimo-j2ee-management_1.1_spec/1.0.1/geronimo-j2ee-management_1.1_spec-1.0.1.jar:/home/alex/.m2/repository/com/jayway/jsonpath/json-path/2.6.0/json-path-2.6.0.jar:/home/alex/.m2/repository/net/minidev/json-smart/2.4.7/json-smart-2.4.7.jar:/home/alex/.m2/repository/net/minidev/accessors-smart/2.4.7/accessors-smart-2.4.7.jar:/home/alex/.m2/repository/org/ow2/asm/asm/9.1/asm-9.1.jar:/home/alex/.m2/repository/org/apache/tika/tika-core/1.26/tika-core-1.26.jar:/home/alex/.m2/repository/com/fasterxml/jackson/core/jackson-databind/2.12.3/jackson-databind-2.12.3.jar:/home/alex/.m2/repository/com/fasterxml/jackson/core/jackson-annotations/2.12.3/jackson-annotations-2.12.3.jar:/home/alex/.m2/repository/com/fasterxml/jackson/core/jackson-core/2.12.3/jackson-core-2.12.3.jar:/home/alex/Repositories/nifi/nifi-nar-bundles/nifi-extension-utils/nifi-record-utils/nifi-avro-record-utils/target/classes:/home/alex/Repositories/nifi/nifi-nar-bundles/nifi-extension-utils/nifi-record-utils/nifi-standard-record-utils/target/classes:/home/alex/.m2/repository/org/apache/avro/avro/1.8.1/avro-1.8.1.jar:/home/alex/.m2/repository/org/codehaus/jackson/jackson-core-asl/1.9.13/jackson-core-asl-1.9.13.jar:/home/alex/.m2/repository/org/codehaus/jackson/jackson-mapper-asl/1.9.13/jackson-mapper-asl-1.9.13.jar:/home/alex/.m2/repository/com/thoughtworks/paranamer/paranamer/2.7/paranamer-2.7.jar:/home/alex/Repositories/nifi/nifi-nar-bundles/nifi-standard-services/nifi-dbcp-service-api/target/classes:/home/alex/.m2/repository/com/squareup/okhttp3/okhttp/4.9.2/okhttp-4.9.2.jar:/home/alex/.m2/repository/com/squareup/okio/okio/2.8.0/okio-2.8.0.jar:/home/alex/.m2/repository/org/jetbrains/kotlin/kotlin-stdlib-common/1.4.0/kotlin-stdlib-common-1.4.0.jar:/home/alex/.m2/repository/org/jetbrains/kotlin/kotlin-stdlib/1.4.10/kotlin-stdlib-1.4.10.jar:/home/alex/.m2/repository/org/jetbrains/annotations/13.0/annotations-13.0.jar:/home/alex/.m2/repository/io/github/rburgst/okhttp-digest/2.5/okhttp-digest-2.5.jar:/home/alex/.m2/repository/at/favre/lib/bcrypt/0.9.0/bcrypt-0.9.0.jar:/home/alex/.m2/repository/at/favre/lib/bytes/1.3.0/bytes-1.3.0.jar:/home/alex/.m2/repository/com/google/guava/guava/28.0-jre/guava-28.0-jre.jar:/home/alex/.m2/repository/com/google/guava/failureaccess/1.0.1/failureaccess-1.0.1.jar:/home/alex/.m2/repository/com/google/guava/listenablefuture/9999.0-empty-to-avoid-conflict-with-guava/listenablefuture-9999.0-empty-to-avoid-conflict-with-guava.jar:/home/alex/.m2/repository/com/google/code/findbugs/jsr305/3.0.2/jsr305-3.0.2.jar:/home/alex/.m2/repository/org/checkerframework/checker-qual/2.8.1/checker-qual-2.8.1.jar:/home/alex/.m2/repository/com/google/errorprone/error_prone_annotations/2.3.2/error_prone_annotations-2.3.2.jar:/home/alex/.m2/repository/com/google/j2objc/j2objc-annotations/1.3/j2objc-annotations-1.3.jar:/home/alex/.m2/repository/org/codehaus/mojo/animal-sniffer-annotations/1.17/animal-sniffer-annotations-1.17.jar:/home/alex/Repositories/nifi/nifi-mock/target/classes:/home/alex/Repositories/nifi/nifi-framework-api/target/classes:/home/alex/Repositories/nifi/nifi-nar-bundles/nifi-framework-bundle/nifi-framework/nifi-framework-core-api/target/classes:/home/alex/Repositories/nifi/nifi-nar-bundles/nifi-framework-bundle/nifi-framework/nifi-framework-nar-utils/target/classes:/home/alex/Repositories/nifi/nifi-nar-bundles/nifi-framework-bundle/nifi-framework/nifi-client-dto/target/classes:/home/alex/.m2/repository/io/swagger/swagger-annotations/1.6.0/swagger-annotations-1.6.0.jar:/home/alex/Repositories/nifi/nifi-commons/nifi-site-to-site-client/target/classes:/home/alex/.m2/repository/org/apache/httpcomponents/httpasyncclient/4.1.4/httpasyncclient-4.1.4.jar:/home/alex/.m2/repository/org/apache/httpcomponents/httpcore-nio/4.4.10/httpcore-nio-4.4.10.jar:/home/alex/Repositories/nifi/nifi-nar-bundles/nifi-framework-bundle/nifi-framework/nifi-framework-authorization/target/classes:/home/alex/Repositories/nifi/nifi-registry/nifi-registry-core/nifi-registry-data-model/target/classes:/home/alex/Repositories/nifi/nifi-registry/nifi-registry-core/nifi-registry-revision/nifi-registry-revision-entity-model/target/classes:/home/alex/Repositories/nifi/nifi-registry/nifi-registry-core/nifi-registry-client/target/classes:/home/alex/Repositories/nifi/nifi-registry/nifi-registry-core/nifi-registry-security-utils/target/classes:/home/alex/.m2/repository/org/glassfish/jersey/core/jersey-client/2.33/jersey-client-2.33.jar:/home/alex/.m2/repository/jakarta/ws/rs/jakarta.ws.rs-api/2.1.6/jakarta.ws.rs-api-2.1.6.jar:/home/alex/.m2/repository/org/glassfish/hk2/external/jakarta.inject/2.6.1/jakarta.inject-2.6.1.jar:/home/alex/.m2/repository/org/glassfish/jersey/media/jersey-media-json-jackson/2.33/jersey-media-json-jackson-2.33.jar:/home/alex/.m2/repository/org/glassfish/jersey/ext/jersey-entity-filtering/2.33/jersey-entity-filtering-2.33.jar:/home/alex/.m2/repository/org/glassfish/jersey/inject/jersey-hk2/2.33/jersey-hk2-2.33.jar:/home/alex/.m2/repository/org/glassfish/hk2/hk2-locator/2.6.1/hk2-locator-2.6.1.jar:/home/alex/.m2/repository/org/glassfish/hk2/external/aopalliance-repackaged/2.6.1/aopalliance-repackaged-2.6.1.jar:/home/alex/.m2/repository/org/glassfish/hk2/hk2-api/2.6.1/hk2-api-2.6.1.jar:/home/alex/.m2/repository/org/glassfish/hk2/hk2-utils/2.6.1/hk2-utils-2.6.1.jar:/home/alex/.m2/repository/org/javassist/javassist/3.25.0-GA/javassist-3.25.0-GA.jar:/home/alex/.m2/repository/org/glassfish/jersey/core/jersey-common/2.33/jersey-common-2.33.jar:/home/alex/.m2/repository/jakarta/annotation/jakarta.annotation-api/1.3.5/jakarta.annotation-api-1.3.5.jar:/home/alex/.m2/repository/org/glassfish/hk2/osgi-resource-locator/1.0.3/osgi-resource-locator-1.0.3.jar:/home/alex/.m2/repository/org/glassfish/jersey/media/jersey-media-multipart/2.33/jersey-media-multipart-2.33.jar:/home/alex/.m2/repository/org/jvnet/mimepull/mimepull/1.9.13/mimepull-1.9.13.jar:/home/alex/Repositories/nifi/nifi-commons/nifi-data-provenance-utils/target/classes:/home/alex/Repositories/nifi/nifi-nar-bundles/nifi-standard-services/nifi-distributed-cache-services-bundle/nifi-distributed-cache-client-service/target/classes:/home/alex/Repositories/nifi/nifi-nar-bundles/nifi-standard-services/nifi-distributed-cache-services-bundle/nifi-distributed-cache-protocol/target/classes:/home/alex/.m2/repository/io/netty/netty-buffer/4.1.69.Final/netty-buffer-4.1.69.Final.jar:/home/alex/.m2/repository/com/google/http-client/google-http-client/1.28.0/google-http-client-1.28.0.jar:/home/alex/.m2/repository/io/opencensus/opencensus-api/0.18.0/opencensus-api-0.18.0.jar:/home/alex/.m2/repository/io/grpc/grpc-context/1.14.0/grpc-context-1.14.0.jar:/home/alex/.m2/repository/io/opencensus/opencensus-contrib-http-util/0.18.0/opencensus-contrib-http-util-0.18.0.jar:/home/alex/.m2/repository/org/apache/activemq/activemq-broker/5.15.14/activemq-broker-5.15.14.jar:/home/alex/.m2/repository/org/apache/activemq/activemq-openwire-legacy/5.15.14/activemq-openwire-legacy-5.15.14.jar:/home/alex/Repositories/nifi/nifi-nar-bundles/nifi-standard-services/nifi-ssl-context-bundle/nifi-ssl-context-service/target/classes:/home/alex/Repositories/nifi/nifi-nar-bundles/nifi-framework-bundle/nifi-framework/nifi-standard-prioritizers/target/classes:/home/alex/Repositories/nifi/nifi-nar-bundles/nifi-extension-utils/nifi-record-utils/nifi-mock-record-utils/target/classes:/home/alex/Repositories/nifi/nifi-nar-bundles/nifi-standard-services/nifi-record-serialization-services-bundle/nifi-record-serialization-services/target/classes:/home/alex/.m2/repository/org/apache/commons/commons-csv/1.8/commons-csv-1.8.jar:/home/alex/.m2/repository/com/fasterxml/jackson/dataformat/jackson-dataformat-csv/2.12.3/jackson-dataformat-csv-2.12.3.jar:/home/alex/.m2/repository/net/java/dev/stax-utils/stax-utils/20070216/stax-utils-20070216.jar:/home/alex/Repositories/nifi/nifi-nar-bundles/nifi-standard-services/nifi-lookup-services-bundle/nifi-lookup-services/target/classes:/home/alex/.m2/repository/commons-beanutils/commons-beanutils/1.9.4/commons-beanutils-1.9.4.jar:/home/alex/.m2/repository/commons-collections/commons-collections/3.2.2/commons-collections-3.2.2.jar:/home/alex/.m2/repository/com/maxmind/geoip2/geoip2/2.12.0/geoip2-2.12.0.jar:/home/alex/.m2/repository/com/maxmind/db/maxmind-db/1.2.2/maxmind-db-1.2.2.jar:/home/alex/.m2/repository/org/apache/derby/derby/10.14.2.0/derby-10.14.2.0.jar:/home/alex/.m2/repository/org/xerial/snappy/snappy-java/1.1.7.3/snappy-java-1.1.7.3.jar:/home/alex/.m2/repository/net/lingala/zip4j/zip4j/2.8.0/zip4j-2.8.0.jar:/home/alex/.m2/repository/com/h2database/h2/1.4.187/h2-1.4.187.jar:/home/alex/.m2/repository/org/mockftpserver/MockFtpServer/2.7.1/MockFtpServer-2.7.1.jar:/home/alex/.m2/repository/org/apache/sshd/sshd-core/1.7.0/sshd-core-1.7.0.jar:/home/alex/.m2/repository/com/bazaarvoice/jolt/jolt-core/0.1.1/jolt-core-0.1.1.jar:/home/alex/.m2/repository/javax/inject/javax.inject/1/javax.inject-1.jar:/home/alex/.m2/repository/com/bazaarvoice/jolt/json-utils/0.1.1/json-utils-0.1.1.jar:/home/alex/Repositories/nifi/nifi-nar-bundles/nifi-standard-bundle/nifi-standard-utils/target/classes:/home/alex/.m2/repository/net/sf/supercsv/super-csv/2.4.0/super-csv-2.4.0.jar:/home/alex/.m2/repository/com/fluenda/parcefone/2.1.0/parcefone-2.1.0.jar:/home/alex/.m2/repository/javax/validation/validation-api/1.1.0.Final/validation-api-1.1.0.Final.jar:/home/alex/.m2/repository/javax/el/javax.el-api/3.0.0/javax.el-api-3.0.0.jar:/home/alex/.m2/repository/com/github/wnameless/json/json-flattener/0.12.0/json-flattener-0.12.0.jar:/home/alex/.m2/repository/com/github/wnameless/json/json-base/2.0.0/json-base-2.0.0.jar:/home/alex/.m2/repository/org/apache/bval/bval-jsr/1.1.2/bval-jsr-1.1.2.jar:/home/alex/.m2/repository/org/apache/bval/bval-core/1.1.2/bval-core-1.1.2.jar:/home/alex/.m2/repository/io/krakens/java-grok/0.1.9/java-grok-0.1.9.jar:/home/alex/.m2/repository/org/apache/calcite/calcite-core/1.27.0/calcite-core-1.27.0.jar:/home/alex/.m2/repository/org/apache/calcite/calcite-linq4j/1.27.0/calcite-linq4j-1.27.0.jar:/home/alex/.m2/repository/com/esri/geometry/esri-geometry-api/2.2.0/esri-geometry-api-2.2.0.jar:/home/alex/.m2/repository/org/apache/calcite/avatica/avatica-core/1.18.0/avatica-core-1.18.0.jar:/home/alex/.m2/repository/org/apache/calcite/avatica/avatica-metrics/1.18.0/avatica-metrics-1.18.0.jar:/home/alex/.m2/repository/com/google/protobuf/protobuf-java/3.6.1/protobuf-java-3.6.1.jar:/home/alex/.m2/repository/org/apiguardian/apiguardian-api/1.1.0/apiguardian-api-1.1.0.jar:/home/alex/.m2/repository/com/fasterxml/jackson/dataformat/jackson-dataformat-yaml/2.10.0/jackson-dataformat-yaml-2.10.0.jar:/home/alex/.m2/repository/org/yaml/snakeyaml/1.29/snakeyaml-1.29.jar:/home/alex/.m2/repository/com/google/uzaygezen/uzaygezen-core/0.2/uzaygezen-core-0.2.jar:/home/alex/.m2/repository/com/yahoo/datasketches/sketches-core/0.9.0/sketches-core-0.9.0.jar:/home/alex/.m2/repository/com/yahoo/datasketches/memory/0.9.0/memory-0.9.0.jar:/home/alex/.m2/repository/net/hydromatic/aggdesigner-algorithm/6.0/aggdesigner-algorithm-6.0.jar:/home/alex/.m2/repository/commons-lang/commons-lang/2.4/commons-lang-2.4.jar:/home/alex/.m2/repository/org/apache/commons/commons-dbcp2/2.6.0/commons-dbcp2-2.6.0.jar:/home/alex/.m2/repository/org/apache/commons/commons-pool2/2.6.1/commons-pool2-2.6.1.jar:/home/alex/.m2/repository/org/codehaus/janino/commons-compiler/3.0.11/commons-compiler-3.0.11.jar:/home/alex/.m2/repository/org/codehaus/janino/janino/3.0.11/janino-3.0.11.jar:/home/alex/Repositories/nifi/nifi-nar-bundles/nifi-standard-services/nifi-schema-registry-service-api/target/classes:/home/alex/Repositories/nifi/nifi-nar-bundles/nifi-extension-utils/nifi-database-utils/target/classes:/home/alex/Repositories/nifi/nifi-nar-bundles/nifi-standard-bundle/nifi-standard-web-test-utils/target/classes:/home/alex/.m2/repository/com/github/stefanbirkner/fake-sftp-server-rule/2.0.1/fake-sftp-server-rule-2.0.1.jar:/home/alex/.m2/repository/com/github/marschall/memoryfilesystem/2.8.0/memoryfilesystem-2.8.0.jar:/home/alex/.m2/repository/junit/junit/4.13.2/junit-4.13.2.jar:/home/alex/.m2/repository/org/hamcrest/hamcrest-core/1.3/hamcrest-core-1.3.jar:/home/alex/Repositories/nifi/nifi-nar-bundles/nifi-extension-utils/nifi-database-test-utils/target/classes:/home/alex/.m2/repository/org/codehaus/groovy/groovy-json/2.5.14/groovy-json-2.5.14.jar:/home/alex/.m2/repository/org/codehaus/groovy/groovy/2.5.14/groovy-2.5.14.jar:/home/alex/.m2/repository/org/codehaus/groovy/groovy-servlet/2.5.14/groovy-servlet-2.5.14.jar:/home/alex/.m2/repository/org/codehaus/groovy/groovy-templates/2.5.14/groovy-templates-2.5.14.jar:/home/alex/.m2/repository/org/codehaus/groovy/groovy-xml/2.5.14/groovy-xml-2.5.14.jar:/home/alex/.m2/repository/org/hamcrest/hamcrest-all/1.3/hamcrest-all-1.3.jar:/home/alex/.m2/repository/com/squareup/okhttp3/mockwebserver/4.9.2/mockwebserver-4.9.2.jar:/home/alex/.m2/repository/org/jetbrains/kotlin/kotlin-stdlib-jdk8/1.4.10/kotlin-stdlib-jdk8-1.4.10.jar:/home/alex/.m2/repository/org/jetbrains/kotlin/kotlin-stdlib-jdk7/1.4.10/kotlin-stdlib-jdk7-1.4.10.jar:/home/alex/.m2/repository/org/mockito/mockito-inline/3.12.4/mockito-inline-3.12.4.jar:/home/alex/.m2/repository/org/junit/jupiter/junit-jupiter-api/5.7.2/junit-jupiter-api-5.7.2.jar:/home/alex/.m2/repository/org/opentest4j/opentest4j/1.2.0/opentest4j-1.2.0.jar:/home/alex/.m2/repository/org/junit/platform/junit-platform-commons/1.7.2/junit-platform-commons-1.7.2.jar:/home/alex/.m2/repository/org/junit/jupiter/junit-jupiter-engine/5.7.2/junit-jupiter-engine-5.7.2.jar:/home/alex/.m2/repository/org/junit/platform/junit-platform-engine/1.7.2/junit-platform-engine-1.7.2.jar:/home/alex/.m2/repository/org/junit/vintage/junit-vintage-engine/5.7.2/junit-vintage-engine-5.7.2.jar:/home/alex/.m2/repository/org/junit/jupiter/junit-jupiter-params/5.7.2/junit-jupiter-params-5.7.2.jar:/home/alex/.m2/repository/org/mockito/mockito-core/3.11.2/mockito-core-3.11.2.jar:/home/alex/.m2/repository/net/bytebuddy/byte-buddy/1.11.3/byte-buddy-1.11.3.jar:/home/alex/.m2/repository/net/bytebuddy/byte-buddy-agent/1.11.3/byte-buddy-agent-1.11.3.jar:/home/alex/.m2/repository/org/objenesis/objenesis/3.2/objenesis-3.2.jar:/home/alex/.m2/repository/org/mockito/mockito-junit-jupiter/3.11.2/mockito-junit-jupiter-3.11.2.jar:/home/alex/.m2/repository/org/slf4j/slf4j-simple/1.7.32/slf4j-simple-1.7.32.jar:/home/alex/.m2/repository/org/codehaus/groovy/groovy-test/2.5.14/groovy-test-2.5.14.jar:"/>
    <property name="sun.cpu.endian" value="little"/>
    <property name="user.home" value="/home/alex"/>
    <property name="user.language" value="en"/>
    <property name="java.specification.vendor" value="Oracle Corporation"/>
    <property name="java.home" value="/usr/lib/jvm/java-8-openjdk-amd64/jre"/>
    <property name="basedir" value="/home/alex/Repositories/nifi/nifi-nar-bundles/nifi-standard-bundle/nifi-standard-processors"/>
    <property name="file.separator" value="/"/>
    <property name="line.separator" value="&#10;"/>
    <property name="java.vm.specification.vendor" value="Oracle Corporation"/>
    <property name="java.specification.name" value="Java Platform API Specification"/>
    <property name="derby.stream.error.file" value="target/derby.log"/>
    <property name="java.awt.graphicsenv" value="sun.awt.X11GraphicsEnvironment"/>
    <property name="java.awt.headless" value="true"/>
    <property name="surefire.real.class.path" value="/home/alex/Repositories/nifi/nifi-nar-bundles/nifi-standard-bundle/nifi-standard-processors/target/surefire/surefirebooter7473415933682638322.jar"/>
    <property name="sun.boot.class.path" value="/usr/lib/jvm/java-8-openjdk-amd64/jre/lib/resources.jar:/usr/lib/jvm/java-8-openjdk-amd64/jre/lib/rt.jar:/usr/lib/jvm/java-8-openjdk-amd64/jre/lib/sunrsasign.jar:/usr/lib/jvm/java-8-openjdk-amd64/jre/lib/jsse.jar:/usr/lib/jvm/java-8-openjdk-amd64/jre/lib/jce.jar:/usr/lib/jvm/java-8-openjdk-amd64/jre/lib/charsets.jar:/usr/lib/jvm/java-8-openjdk-amd64/jre/lib/jfr.jar:/usr/lib/jvm/java-8-openjdk-amd64/jre/classes"/>
    <property name="sun.management.compiler" value="HotSpot 64-Bit Tiered Compilers"/>
    <property name="java.runtime.version" value="1.8.0_402-8u402-ga-2ubuntu1~22.04-b06"/>
    <property name="java.net.preferIPv4Stack" value="true"/>
    <property name="user.name" value="alex"/>
    <property name="path.separator" value=":"/>
    <property name="os.version" value="6.5.0-28-generic"/>
    <property name="java.endorsed.dirs" value="/usr/lib/jvm/java-8-openjdk-amd64/jre/lib/endorsed"/>
    <property name="java.runtime.name" value="OpenJDK Runtime Environment"/>
    <property name="file.encoding" value="UTF-8"/>
    <property name="sun.nio.ch.bugLevel" value=""/>
    <property name="java.vm.name" value="OpenJDK 64-Bit Server VM"/>
    <property name="localRepository" value="/home/alex/.m2/repository"/>
    <property name="java.vendor.url.bug" value="http://bugreport.sun.com/bugreport/"/>
    <property name="java.io.tmpdir" value="/tmp"/>
    <property name="java.version" value="1.8.0_402"/>
    <property name="user.dir" value="/home/alex/Repositories/nifi/nifi-nar-bundles/nifi-standard-bundle/nifi-standard-processors"/>
    <property name="os.arch" value="amd64"/>
    <property name="java.vm.specification.name" value="Java Virtual Machine Specification"/>
    <property name="java.awt.printerjob" value="sun.print.PSPrinterJob"/>
    <property name="sun.os.patch.level" value="unknown"/>
    <property name="java.library.path" value="/usr/java/packages/lib/amd64:/usr/lib/x86_64-linux-gnu/jni:/lib/x86_64-linux-gnu:/usr/lib/x86_64-linux-gnu:/usr/lib/jni:/lib:/usr/lib"/>
    <property name="java.vm.info" value="mixed mode"/>
    <property name="java.vendor" value="Private Build"/>
    <property name="java.vm.version" value="25.402-b06"/>
    <property name="java.specification.maintenance.version" value="5"/>
    <property name="java.ext.dirs" value="/usr/lib/jvm/java-8-openjdk-amd64/jre/lib/ext:/usr/java/packages/lib/ext"/>
    <property name="sun.io.unicode.encoding" value="UnicodeLittle"/>
    <property name="java.class.version" value="52.0"/>
  </properties>
  <testcase name="testFileCountRate" classname="org.apache.nifi.processors.standard.TestControlRate" time="1.109">
    <system-err><![CDATA[[pool-139-thread-1] INFO org.apache.nifi.processors.standard.ControlRate - ControlRate[id=0a24046d-9fc3-4914-84bb-d626595cd711] transferring FlowFile[0,94708306134767.mockFlowFile,11B] to 'success'
[pool-139-thread-1] INFO org.apache.nifi.processors.standard.ControlRate - ControlRate[id=0a24046d-9fc3-4914-84bb-d626595cd711] transferring FlowFile[1,94708306190018.mockFlowFile,11B] to 'success'
[pool-139-thread-1] INFO org.apache.nifi.processors.standard.ControlRate - ControlRate[id=0a24046d-9fc3-4914-84bb-d626595cd711] transferring FlowFile[2,94708306222567.mockFlowFile,11B] to 'success'
[pool-141-thread-1] INFO org.apache.nifi.processors.standard.ControlRate - ControlRate[id=0a24046d-9fc3-4914-84bb-d626595cd711] transferring FlowFile[3,94708306248043.mockFlowFile,11B] to 'success'
]]></system-err>
  </testcase>
  <testcase name="testDataSizeRate" classname="org.apache.nifi.processors.standard.TestControlRate" time="1.104">
    <system-err><![CDATA[[pool-142-thread-1] INFO org.apache.nifi.processors.standard.ControlRate - ControlRate[id=dd29b76d-f837-4e0b-8280-374d0ea6d3b5] transferring FlowFile[0,94709413229414.mockFlowFile,10B] to 'success'
[pool-142-thread-1] INFO org.apache.nifi.processors.standard.ControlRate - ControlRate[id=dd29b76d-f837-4e0b-8280-374d0ea6d3b5] transferring FlowFile[1,94709413272520.mockFlowFile,10B] to 'success'
[pool-144-thread-1] INFO org.apache.nifi.processors.standard.ControlRate - ControlRate[id=dd29b76d-f837-4e0b-8280-374d0ea6d3b5] transferring FlowFile[2,94709413300441.mockFlowFile,10B] to 'success'
[pool-144-thread-1] INFO org.apache.nifi.processors.standard.ControlRate - ControlRate[id=dd29b76d-f837-4e0b-8280-374d0ea6d3b5] transferring FlowFile[3,94709413326944.mockFlowFile,10B] to 'success'
]]></system-err>
  </testcase>
  <testcase name="testBatchLimit" classname="org.apache.nifi.processors.standard.TestControlRate" time="0.072">
    <system-err><![CDATA[[pool-145-thread-1] INFO org.apache.nifi.processors.standard.ControlRate - ControlRate[id=8657ba08-ba34-46dd-adcc-191ababb075c] transferring FlowFile[0,94710517366456.mockFlowFile,11B] to 'success'
[pool-145-thread-1] INFO org.apache.nifi.processors.standard.ControlRate - ControlRate[id=8657ba08-ba34-46dd-adcc-191ababb075c] transferring FlowFile[1,94710517410898.mockFlowFile,11B] to 'success'
[pool-145-thread-1] INFO org.apache.nifi.processors.standard.ControlRate - ControlRate[id=8657ba08-ba34-46dd-adcc-191ababb075c] transferring FlowFile[2,94710517467307.mockFlowFile,11B] to 'success'
[pool-145-thread-1] INFO org.apache.nifi.processors.standard.ControlRate - ControlRate[id=8657ba08-ba34-46dd-adcc-191ababb075c] transferring FlowFile[3,94710517522317.mockFlowFile,11B] to 'success'
[pool-145-thread-1] INFO org.apache.nifi.processors.standard.ControlRate - ControlRate[id=8657ba08-ba34-46dd-adcc-191ababb075c] transferring FlowFile[4,94710517558159.mockFlowFile,11B] to 'success'
[pool-145-thread-1] INFO org.apache.nifi.processors.standard.ControlRate - ControlRate[id=8657ba08-ba34-46dd-adcc-191ababb075c] transferring FlowFile[5,94710517579022.mockFlowFile,11B] to 'success'
[pool-145-thread-1] INFO org.apache.nifi.processors.standard.ControlRate - ControlRate[id=8657ba08-ba34-46dd-adcc-191ababb075c] transferring FlowFile[6,94710517600180.mockFlowFile,11B] to 'success'
[pool-145-thread-1] INFO org.apache.nifi.processors.standard.ControlRate - ControlRate[id=8657ba08-ba34-46dd-adcc-191ababb075c] transferring FlowFile[7,94710517652369.mockFlowFile,11B] to 'success'
[pool-145-thread-1] INFO org.apache.nifi.processors.standard.ControlRate - ControlRate[id=8657ba08-ba34-46dd-adcc-191ababb075c] transferring FlowFile[8,94710517705476.mockFlowFile,11B] to 'success'
[pool-145-thread-1] INFO org.apache.nifi.processors.standard.ControlRate - ControlRate[id=8657ba08-ba34-46dd-adcc-191ababb075c] transferring FlowFile[9,94710517739999.mockFlowFile,11B] to 'success'
[pool-145-thread-1] INFO org.apache.nifi.processors.standard.ControlRate - ControlRate[id=8657ba08-ba34-46dd-adcc-191ababb075c] transferring FlowFile[10,94710517760031.mockFlowFile,12B] to 'success'
[pool-145-thread-1] INFO org.apache.nifi.processors.standard.ControlRate - ControlRate[id=8657ba08-ba34-46dd-adcc-191ababb075c] transferring FlowFile[11,94710517795370.mockFlowFile,12B] to 'success'
[pool-145-thread-1] INFO org.apache.nifi.processors.standard.ControlRate - ControlRate[id=8657ba08-ba34-46dd-adcc-191ababb075c] transferring FlowFile[12,94710517816264.mockFlowFile,12B] to 'success'
[pool-145-thread-1] INFO org.apache.nifi.processors.standard.ControlRate - ControlRate[id=8657ba08-ba34-46dd-adcc-191ababb075c] transferring FlowFile[13,94710517861722.mockFlowFile,12B] to 'success'
[pool-145-thread-1] INFO org.apache.nifi.processors.standard.ControlRate - ControlRate[id=8657ba08-ba34-46dd-adcc-191ababb075c] transferring FlowFile[14,94710517883773.mockFlowFile,12B] to 'success'
[pool-145-thread-1] INFO org.apache.nifi.processors.standard.ControlRate - ControlRate[id=8657ba08-ba34-46dd-adcc-191ababb075c] transferring FlowFile[15,94710517922215.mockFlowFile,12B] to 'success'
[pool-145-thread-1] INFO org.apache.nifi.processors.standard.ControlRate - ControlRate[id=8657ba08-ba34-46dd-adcc-191ababb075c] transferring FlowFile[16,94710517971050.mockFlowFile,12B] to 'success'
[pool-145-thread-1] INFO org.apache.nifi.processors.standard.ControlRate - ControlRate[id=8657ba08-ba34-46dd-adcc-191ababb075c] transferring FlowFile[17,94710517993593.mockFlowFile,12B] to 'success'
[pool-145-thread-1] INFO org.apache.nifi.processors.standard.ControlRate - ControlRate[id=8657ba08-ba34-46dd-adcc-191ababb075c] transferring FlowFile[18,94710518024793.mockFlowFile,12B] to 'success'
[pool-145-thread-1] INFO org.apache.nifi.processors.standard.ControlRate - ControlRate[id=8657ba08-ba34-46dd-adcc-191ababb075c] transferring FlowFile[19,94710518043553.mockFlowFile,12B] to 'success'
[pool-145-thread-1] INFO org.apache.nifi.processors.standard.ControlRate - ControlRate[id=8657ba08-ba34-46dd-adcc-191ababb075c] transferring FlowFile[20,94710518062038.mockFlowFile,12B] to 'success'
[pool-145-thread-1] INFO org.apache.nifi.processors.standard.ControlRate - ControlRate[id=8657ba08-ba34-46dd-adcc-191ababb075c] transferring FlowFile[21,94710518081911.mockFlowFile,12B] to 'success'
[pool-145-thread-1] INFO org.apache.nifi.processors.standard.ControlRate - ControlRate[id=8657ba08-ba34-46dd-adcc-191ababb075c] transferring FlowFile[22,94710518107013.mockFlowFile,12B] to 'success'
[pool-145-thread-1] INFO org.apache.nifi.processors.standard.ControlRate - ControlRate[id=8657ba08-ba34-46dd-adcc-191ababb075c] transferring FlowFile[23,94710518133053.mockFlowFile,12B] to 'success'
[pool-145-thread-1] INFO org.apache.nifi.processors.standard.ControlRate - ControlRate[id=8657ba08-ba34-46dd-adcc-191ababb075c] transferring FlowFile[24,94710518156010.mockFlowFile,12B] to 'success'
[pool-145-thread-1] INFO org.apache.nifi.processors.standard.ControlRate - ControlRate[id=8657ba08-ba34-46dd-adcc-191ababb075c] transferring FlowFile[25,94710518176340.mockFlowFile,12B] to 'success'
[pool-145-thread-1] INFO org.apache.nifi.processors.standard.ControlRate - ControlRate[id=8657ba08-ba34-46dd-adcc-191ababb075c] transferring FlowFile[26,94710518196616.mockFlowFile,12B] to 'success'
[pool-145-thread-1] INFO org.apache.nifi.processors.standard.ControlRate - ControlRate[id=8657ba08-ba34-46dd-adcc-191ababb075c] transferring FlowFile[27,94710518216090.mockFlowFile,12B] to 'success'
[pool-145-thread-1] INFO org.apache.nifi.processors.standard.ControlRate - ControlRate[id=8657ba08-ba34-46dd-adcc-191ababb075c] transferring FlowFile[28,94710518234989.mockFlowFile,12B] to 'success'
[pool-145-thread-1] INFO org.apache.nifi.processors.standard.ControlRate - ControlRate[id=8657ba08-ba34-46dd-adcc-191ababb075c] transferring FlowFile[29,94710518254468.mockFlowFile,12B] to 'success'
[pool-145-thread-1] INFO org.apache.nifi.processors.standard.ControlRate - ControlRate[id=8657ba08-ba34-46dd-adcc-191ababb075c] transferring FlowFile[30,94710518275416.mockFlowFile,12B] to 'success'
[pool-145-thread-1] INFO org.apache.nifi.processors.standard.ControlRate - ControlRate[id=8657ba08-ba34-46dd-adcc-191ababb075c] transferring FlowFile[31,94710518299831.mockFlowFile,12B] to 'success'
[pool-145-thread-1] INFO org.apache.nifi.processors.standard.ControlRate - ControlRate[id=8657ba08-ba34-46dd-adcc-191ababb075c] transferring FlowFile[32,94710518318952.mockFlowFile,12B] to 'success'
[pool-145-thread-1] INFO org.apache.nifi.processors.standard.ControlRate - ControlRate[id=8657ba08-ba34-46dd-adcc-191ababb075c] transferring FlowFile[33,94710518336482.mockFlowFile,12B] to 'success'
[pool-145-thread-1] INFO org.apache.nifi.processors.standard.ControlRate - ControlRate[id=8657ba08-ba34-46dd-adcc-191ababb075c] transferring FlowFile[34,94710518355481.mockFlowFile,12B] to 'success'
[pool-145-thread-1] INFO org.apache.nifi.processors.standard.ControlRate - ControlRate[id=8657ba08-ba34-46dd-adcc-191ababb075c] transferring FlowFile[35,94710518374642.mockFlowFile,12B] to 'success'
[pool-145-thread-1] INFO org.apache.nifi.processors.standard.ControlRate - ControlRate[id=8657ba08-ba34-46dd-adcc-191ababb075c] transferring FlowFile[36,94710518393510.mockFlowFile,12B] to 'success'
[pool-145-thread-1] INFO org.apache.nifi.processors.standard.ControlRate - ControlRate[id=8657ba08-ba34-46dd-adcc-191ababb075c] transferring FlowFile[37,94710518439480.mockFlowFile,12B] to 'success'
[pool-145-thread-1] INFO org.apache.nifi.processors.standard.ControlRate - ControlRate[id=8657ba08-ba34-46dd-adcc-191ababb075c] transferring FlowFile[38,94710518459423.mockFlowFile,12B] to 'success'
[pool-145-thread-1] INFO org.apache.nifi.processors.standard.ControlRate - ControlRate[id=8657ba08-ba34-46dd-adcc-191ababb075c] transferring FlowFile[39,94710518497085.mockFlowFile,12B] to 'success'
[pool-145-thread-1] INFO org.apache.nifi.processors.standard.ControlRate - ControlRate[id=8657ba08-ba34-46dd-adcc-191ababb075c] transferring FlowFile[40,94710518517638.mockFlowFile,12B] to 'success'
[pool-145-thread-1] INFO org.apache.nifi.processors.standard.ControlRate - ControlRate[id=8657ba08-ba34-46dd-adcc-191ababb075c] transferring FlowFile[41,94710518539769.mockFlowFile,12B] to 'success'
[pool-145-thread-1] INFO org.apache.nifi.processors.standard.ControlRate - ControlRate[id=8657ba08-ba34-46dd-adcc-191ababb075c] transferring FlowFile[42,94710518618943.mockFlowFile,12B] to 'success'
[pool-145-thread-1] INFO org.apache.nifi.processors.standard.ControlRate - ControlRate[id=8657ba08-ba34-46dd-adcc-191ababb075c] transferring FlowFile[43,94710518641035.mockFlowFile,12B] to 'success'
[pool-145-thread-1] INFO org.apache.nifi.processors.standard.ControlRate - ControlRate[id=8657ba08-ba34-46dd-adcc-191ababb075c] transferring FlowFile[44,94710518662253.mockFlowFile,12B] to 'success'
[pool-145-thread-1] INFO org.apache.nifi.processors.standard.ControlRate - ControlRate[id=8657ba08-ba34-46dd-adcc-191ababb075c] transferring FlowFile[45,94710518714976.mockFlowFile,12B] to 'success'
[pool-145-thread-1] INFO org.apache.nifi.processors.standard.ControlRate - ControlRate[id=8657ba08-ba34-46dd-adcc-191ababb075c] transferring FlowFile[46,94710518746582.mockFlowFile,12B] to 'success'
[pool-145-thread-1] INFO org.apache.nifi.processors.standard.ControlRate - ControlRate[id=8657ba08-ba34-46dd-adcc-191ababb075c] transferring FlowFile[47,94710518775706.mockFlowFile,12B] to 'success'
[pool-145-thread-1] INFO org.apache.nifi.processors.standard.ControlRate - ControlRate[id=8657ba08-ba34-46dd-adcc-191ababb075c] transferring FlowFile[48,94710518797772.mockFlowFile,12B] to 'success'
[pool-145-thread-1] INFO org.apache.nifi.processors.standard.ControlRate - ControlRate[id=8657ba08-ba34-46dd-adcc-191ababb075c] transferring FlowFile[49,94710518820767.mockFlowFile,12B] to 'success'
[pool-145-thread-1] INFO org.apache.nifi.processors.standard.ControlRate - ControlRate[id=8657ba08-ba34-46dd-adcc-191ababb075c] transferring FlowFile[50,94710518841150.mockFlowFile,12B] to 'success'
[pool-145-thread-1] INFO org.apache.nifi.processors.standard.ControlRate - ControlRate[id=8657ba08-ba34-46dd-adcc-191ababb075c] transferring FlowFile[51,94710518861373.mockFlowFile,12B] to 'success'
[pool-145-thread-1] INFO org.apache.nifi.processors.standard.ControlRate - ControlRate[id=8657ba08-ba34-46dd-adcc-191ababb075c] transferring FlowFile[52,94710518881902.mockFlowFile,12B] to 'success'
[pool-145-thread-1] INFO org.apache.nifi.processors.standard.ControlRate - ControlRate[id=8657ba08-ba34-46dd-adcc-191ababb075c] transferring FlowFile[53,94710518904212.mockFlowFile,12B] to 'success'
[pool-145-thread-1] INFO org.apache.nifi.processors.standard.ControlRate - ControlRate[id=8657ba08-ba34-46dd-adcc-191ababb075c] transferring FlowFile[54,94710518932401.mockFlowFile,12B] to 'success'
[pool-145-thread-1] INFO org.apache.nifi.processors.standard.ControlRate - ControlRate[id=8657ba08-ba34-46dd-adcc-191ababb075c] transferring FlowFile[55,94710518958680.mockFlowFile,12B] to 'success'
[pool-145-thread-1] INFO org.apache.nifi.processors.standard.ControlRate - ControlRate[id=8657ba08-ba34-46dd-adcc-191ababb075c] transferring FlowFile[56,94710518980393.mockFlowFile,12B] to 'success'
[pool-145-thread-1] INFO org.apache.nifi.processors.standard.ControlRate - ControlRate[id=8657ba08-ba34-46dd-adcc-191ababb075c] transferring FlowFile[57,94710519000638.mockFlowFile,12B] to 'success'
[pool-145-thread-1] INFO org.apache.nifi.processors.standard.ControlRate - ControlRate[id=8657ba08-ba34-46dd-adcc-191ababb075c] transferring FlowFile[58,94710519048875.mockFlowFile,12B] to 'success'
[pool-145-thread-1] INFO org.apache.nifi.processors.standard.ControlRate - ControlRate[id=8657ba08-ba34-46dd-adcc-191ababb075c] transferring FlowFile[59,94710519070453.mockFlowFile,12B] to 'success'
[pool-145-thread-1] INFO org.apache.nifi.processors.standard.ControlRate - ControlRate[id=8657ba08-ba34-46dd-adcc-191ababb075c] transferring FlowFile[60,94710519103444.mockFlowFile,12B] to 'success'
[pool-145-thread-1] INFO org.apache.nifi.processors.standard.ControlRate - ControlRate[id=8657ba08-ba34-46dd-adcc-191ababb075c] transferring FlowFile[61,94710519123886.mockFlowFile,12B] to 'success'
[pool-145-thread-1] INFO org.apache.nifi.processors.standard.ControlRate - ControlRate[id=8657ba08-ba34-46dd-adcc-191ababb075c] transferring FlowFile[62,94710519144606.mockFlowFile,12B] to 'success'
[pool-145-thread-1] INFO org.apache.nifi.processors.standard.ControlRate - ControlRate[id=8657ba08-ba34-46dd-adcc-191ababb075c] transferring FlowFile[63,94710519190318.mockFlowFile,12B] to 'success'
[pool-145-thread-1] INFO org.apache.nifi.processors.standard.ControlRate - ControlRate[id=8657ba08-ba34-46dd-adcc-191ababb075c] transferring FlowFile[64,94710519226874.mockFlowFile,12B] to 'success'
[pool-145-thread-1] INFO org.apache.nifi.processors.standard.ControlRate - ControlRate[id=8657ba08-ba34-46dd-adcc-191ababb075c] transferring FlowFile[65,94710519245656.mockFlowFile,12B] to 'success'
[pool-145-thread-1] INFO org.apache.nifi.processors.standard.ControlRate - ControlRate[id=8657ba08-ba34-46dd-adcc-191ababb075c] transferring FlowFile[66,94710519268418.mockFlowFile,12B] to 'success'
[pool-145-thread-1] INFO org.apache.nifi.processors.standard.ControlRate - ControlRate[id=8657ba08-ba34-46dd-adcc-191ababb075c] transferring FlowFile[67,94710519290831.mockFlowFile,12B] to 'success'
[pool-145-thread-1] INFO org.apache.nifi.processors.standard.ControlRate - ControlRate[id=8657ba08-ba34-46dd-adcc-191ababb075c] transferring FlowFile[68,94710519310099.mockFlowFile,12B] to 'success'
[pool-145-thread-1] INFO org.apache.nifi.processors.standard.ControlRate - ControlRate[id=8657ba08-ba34-46dd-adcc-191ababb075c] transferring FlowFile[69,94710519330735.mockFlowFile,12B] to 'success'
[pool-145-thread-1] INFO org.apache.nifi.processors.standard.ControlRate - ControlRate[id=8657ba08-ba34-46dd-adcc-191ababb075c] transferring FlowFile[70,94710519350402.mockFlowFile,12B] to 'success'
[pool-145-thread-1] INFO org.apache.nifi.processors.standard.ControlRate - ControlRate[id=8657ba08-ba34-46dd-adcc-191ababb075c] transferring FlowFile[71,94710519377928.mockFlowFile,12B] to 'success'
[pool-145-thread-1] INFO org.apache.nifi.processors.standard.ControlRate - ControlRate[id=8657ba08-ba34-46dd-adcc-191ababb075c] transferring FlowFile[72,94710519398093.mockFlowFile,12B] to 'success'
[pool-145-thread-1] INFO org.apache.nifi.processors.standard.ControlRate - ControlRate[id=8657ba08-ba34-46dd-adcc-191ababb075c] transferring FlowFile[73,94710519416892.mockFlowFile,12B] to 'success'
[pool-145-thread-1] INFO org.apache.nifi.processors.standard.ControlRate - ControlRate[id=8657ba08-ba34-46dd-adcc-191ababb075c] transferring FlowFile[74,94710519436423.mockFlowFile,12B] to 'success'
[pool-145-thread-1] INFO org.apache.nifi.processors.standard.ControlRate - ControlRate[id=8657ba08-ba34-46dd-adcc-191ababb075c] transferring FlowFile[75,94710519479752.mockFlowFile,12B] to 'success'
[pool-145-thread-1] INFO org.apache.nifi.processors.standard.ControlRate - ControlRate[id=8657ba08-ba34-46dd-adcc-191ababb075c] transferring FlowFile[76,94710519501271.mockFlowFile,12B] to 'success'
[pool-145-thread-1] INFO org.apache.nifi.processors.standard.ControlRate - ControlRate[id=8657ba08-ba34-46dd-adcc-191ababb075c] transferring FlowFile[77,94710519532923.mockFlowFile,12B] to 'success'
[pool-145-thread-1] INFO org.apache.nifi.processors.standard.ControlRate - ControlRate[id=8657ba08-ba34-46dd-adcc-191ababb075c] transferring FlowFile[78,94710519549946.mockFlowFile,12B] to 'success'
[pool-145-thread-1] INFO org.apache.nifi.processors.standard.ControlRate - ControlRate[id=8657ba08-ba34-46dd-adcc-191ababb075c] transferring FlowFile[79,94710519573964.mockFlowFile,12B] to 'success'
[pool-145-thread-1] INFO org.apache.nifi.processors.standard.ControlRate - ControlRate[id=8657ba08-ba34-46dd-adcc-191ababb075c] transferring FlowFile[80,94710519593002.mockFlowFile,12B] to 'success'
[pool-145-thread-1] INFO org.apache.nifi.processors.standard.ControlRate - ControlRate[id=8657ba08-ba34-46dd-adcc-191ababb075c] transferring FlowFile[81,94710519614651.mockFlowFile,12B] to 'success'
[pool-145-thread-1] INFO org.apache.nifi.processors.standard.ControlRate - ControlRate[id=8657ba08-ba34-46dd-adcc-191ababb075c] transferring FlowFile[82,94710519661189.mockFlowFile,12B] to 'success'
[pool-145-thread-1] INFO org.apache.nifi.processors.standard.ControlRate - ControlRate[id=8657ba08-ba34-46dd-adcc-191ababb075c] transferring FlowFile[83,94710519681967.mockFlowFile,12B] to 'success'
[pool-145-thread-1] INFO org.apache.nifi.processors.standard.ControlRate - ControlRate[id=8657ba08-ba34-46dd-adcc-191ababb075c] transferring FlowFile[84,94710519702845.mockFlowFile,12B] to 'success'
[pool-145-thread-1] INFO org.apache.nifi.processors.standard.ControlRate - ControlRate[id=8657ba08-ba34-46dd-adcc-191ababb075c] transferring FlowFile[85,94710519747436.mockFlowFile,12B] to 'success'
[pool-145-thread-1] INFO org.apache.nifi.processors.standard.ControlRate - ControlRate[id=8657ba08-ba34-46dd-adcc-191ababb075c] transferring FlowFile[86,94710519771614.mockFlowFile,12B] to 'success'
[pool-145-thread-1] INFO org.apache.nifi.processors.standard.ControlRate - ControlRate[id=8657ba08-ba34-46dd-adcc-191ababb075c] transferring FlowFile[87,94710519824324.mockFlowFile,12B] to 'success'
[pool-145-thread-1] INFO org.apache.nifi.processors.standard.ControlRate - ControlRate[id=8657ba08-ba34-46dd-adcc-191ababb075c] transferring FlowFile[88,94710519843181.mockFlowFile,12B] to 'success'
[pool-145-thread-1] INFO org.apache.nifi.processors.standard.ControlRate - ControlRate[id=8657ba08-ba34-46dd-adcc-191ababb075c] transferring FlowFile[89,94710519886154.mockFlowFile,12B] to 'success'
[pool-145-thread-1] INFO org.apache.nifi.processors.standard.ControlRate - ControlRate[id=8657ba08-ba34-46dd-adcc-191ababb075c] transferring FlowFile[90,94710519920383.mockFlowFile,12B] to 'success'
[pool-145-thread-1] INFO org.apache.nifi.processors.standard.ControlRate - ControlRate[id=8657ba08-ba34-46dd-adcc-191ababb075c] transferring FlowFile[91,94710519947211.mockFlowFile,12B] to 'success'
[pool-145-thread-1] INFO org.apache.nifi.processors.standard.ControlRate - ControlRate[id=8657ba08-ba34-46dd-adcc-191ababb075c] transferring FlowFile[92,94710519968486.mockFlowFile,12B] to 'success'
[pool-145-thread-1] INFO org.apache.nifi.processors.standard.ControlRate - ControlRate[id=8657ba08-ba34-46dd-adcc-191ababb075c] transferring FlowFile[93,94710519988258.mockFlowFile,12B] to 'success'
[pool-145-thread-1] INFO org.apache.nifi.processors.standard.ControlRate - ControlRate[id=8657ba08-ba34-46dd-adcc-191ababb075c] transferring FlowFile[94,94710520019660.mockFlowFile,12B] to 'success'
[pool-145-thread-1] INFO org.apache.nifi.processors.standard.ControlRate - ControlRate[id=8657ba08-ba34-46dd-adcc-191ababb075c] transferring FlowFile[95,94710520073674.mockFlowFile,12B] to 'success'
[pool-145-thread-1] INFO org.apache.nifi.processors.standard.ControlRate - ControlRate[id=8657ba08-ba34-46dd-adcc-191ababb075c] transferring FlowFile[96,94710520096000.mockFlowFile,12B] to 'success'
[pool-145-thread-1] INFO org.apache.nifi.processors.standard.ControlRate - ControlRate[id=8657ba08-ba34-46dd-adcc-191ababb075c] transferring FlowFile[97,94710520116273.mockFlowFile,12B] to 'success'
[pool-145-thread-1] INFO org.apache.nifi.processors.standard.ControlRate - ControlRate[id=8657ba08-ba34-46dd-adcc-191ababb075c] transferring FlowFile[98,94710520136548.mockFlowFile,12B] to 'success'
[pool-145-thread-1] INFO org.apache.nifi.processors.standard.ControlRate - ControlRate[id=8657ba08-ba34-46dd-adcc-191ababb075c] transferring FlowFile[99,94710520190995.mockFlowFile,12B] to 'success'
[pool-145-thread-1] INFO org.apache.nifi.processors.standard.ControlRate - ControlRate[id=8657ba08-ba34-46dd-adcc-191ababb075c] transferring FlowFile[100,94710520230304.mockFlowFile,13B] to 'success'
[pool-145-thread-1] INFO org.apache.nifi.processors.standard.ControlRate - ControlRate[id=8657ba08-ba34-46dd-adcc-191ababb075c] transferring FlowFile[101,94710520254029.mockFlowFile,13B] to 'success'
[pool-145-thread-1] INFO org.apache.nifi.processors.standard.ControlRate - ControlRate[id=8657ba08-ba34-46dd-adcc-191ababb075c] transferring FlowFile[102,94710520287401.mockFlowFile,13B] to 'success'
[pool-145-thread-1] INFO org.apache.nifi.processors.standard.ControlRate - ControlRate[id=8657ba08-ba34-46dd-adcc-191ababb075c] transferring FlowFile[103,94710520311516.mockFlowFile,13B] to 'success'
[pool-145-thread-1] INFO org.apache.nifi.processors.standard.ControlRate - ControlRate[id=8657ba08-ba34-46dd-adcc-191ababb075c] transferring FlowFile[104,94710520331344.mockFlowFile,13B] to 'success'
[pool-145-thread-1] INFO org.apache.nifi.processors.standard.ControlRate - ControlRate[id=8657ba08-ba34-46dd-adcc-191ababb075c] transferring FlowFile[105,94710520349169.mockFlowFile,13B] to 'success'
[pool-145-thread-1] INFO org.apache.nifi.processors.standard.ControlRate - ControlRate[id=8657ba08-ba34-46dd-adcc-191ababb075c] transferring FlowFile[106,94710520368562.mockFlowFile,13B] to 'success'
[pool-145-thread-1] INFO org.apache.nifi.processors.standard.ControlRate - ControlRate[id=8657ba08-ba34-46dd-adcc-191ababb075c] transferring FlowFile[107,94710520386836.mockFlowFile,13B] to 'success'
[pool-145-thread-1] INFO org.apache.nifi.processors.standard.ControlRate - ControlRate[id=8657ba08-ba34-46dd-adcc-191ababb075c] transferring FlowFile[108,94710520405291.mockFlowFile,13B] to 'success'
[pool-145-thread-1] INFO org.apache.nifi.processors.standard.ControlRate - ControlRate[id=8657ba08-ba34-46dd-adcc-191ababb075c] transferring FlowFile[109,94710520480472.mockFlowFile,13B] to 'success'
[pool-145-thread-1] INFO org.apache.nifi.processors.standard.ControlRate - ControlRate[id=8657ba08-ba34-46dd-adcc-191ababb075c] transferring FlowFile[110,94710520515281.mockFlowFile,13B] to 'success'
[pool-145-thread-1] INFO org.apache.nifi.processors.standard.ControlRate - ControlRate[id=8657ba08-ba34-46dd-adcc-191ababb075c] transferring FlowFile[111,94710520539547.mockFlowFile,13B] to 'success'
[pool-145-thread-1] INFO org.apache.nifi.processors.standard.ControlRate - ControlRate[id=8657ba08-ba34-46dd-adcc-191ababb075c] transferring FlowFile[112,94710520558968.mockFlowFile,13B] to 'success'
[pool-145-thread-1] INFO org.apache.nifi.processors.standard.ControlRate - ControlRate[id=8657ba08-ba34-46dd-adcc-191ababb075c] transferring FlowFile[113,94710520577646.mockFlowFile,13B] to 'success'
[pool-145-thread-1] INFO org.apache.nifi.processors.standard.ControlRate - ControlRate[id=8657ba08-ba34-46dd-adcc-191ababb075c] transferring FlowFile[114,94710520597152.mockFlowFile,13B] to 'success'
[pool-145-thread-1] INFO org.apache.nifi.processors.standard.ControlRate - ControlRate[id=8657ba08-ba34-46dd-adcc-191ababb075c] transferring FlowFile[115,94710520615670.mockFlowFile,13B] to 'success'
[pool-145-thread-1] INFO org.apache.nifi.processors.standard.ControlRate - ControlRate[id=8657ba08-ba34-46dd-adcc-191ababb075c] transferring FlowFile[116,94710520635124.mockFlowFile,13B] to 'success'
[pool-145-thread-1] INFO org.apache.nifi.processors.standard.ControlRate - ControlRate[id=8657ba08-ba34-46dd-adcc-191ababb075c] transferring FlowFile[117,94710520654409.mockFlowFile,13B] to 'success'
[pool-145-thread-1] INFO org.apache.nifi.processors.standard.ControlRate - ControlRate[id=8657ba08-ba34-46dd-adcc-191ababb075c] transferring FlowFile[118,94710520674153.mockFlowFile,13B] to 'success'
[pool-145-thread-1] INFO org.apache.nifi.processors.standard.ControlRate - ControlRate[id=8657ba08-ba34-46dd-adcc-191ababb075c] transferring FlowFile[119,94710520699190.mockFlowFile,13B] to 'success'
[pool-145-thread-1] INFO org.apache.nifi.processors.standard.ControlRate - ControlRate[id=8657ba08-ba34-46dd-adcc-191ababb075c] transferring FlowFile[120,94710520770504.mockFlowFile,13B] to 'success'
[pool-145-thread-1] INFO org.apache.nifi.processors.standard.ControlRate - ControlRate[id=8657ba08-ba34-46dd-adcc-191ababb075c] transferring FlowFile[121,94710520793062.mockFlowFile,13B] to 'success'
[pool-145-thread-1] INFO org.apache.nifi.processors.standard.ControlRate - ControlRate[id=8657ba08-ba34-46dd-adcc-191ababb075c] transferring FlowFile[122,94710520813516.mockFlowFile,13B] to 'success'
[pool-145-thread-1] INFO org.apache.nifi.processors.standard.ControlRate - ControlRate[id=8657ba08-ba34-46dd-adcc-191ababb075c] transferring FlowFile[123,94710520832495.mockFlowFile,13B] to 'success'
[pool-145-thread-1] INFO org.apache.nifi.processors.standard.ControlRate - ControlRate[id=8657ba08-ba34-46dd-adcc-191ababb075c] transferring FlowFile[124,94710520855393.mockFlowFile,13B] to 'success'
[pool-145-thread-1] INFO org.apache.nifi.processors.standard.ControlRate - ControlRate[id=8657ba08-ba34-46dd-adcc-191ababb075c] transferring FlowFile[125,94710520873764.mockFlowFile,13B] to 'success'
[pool-145-thread-1] INFO org.apache.nifi.processors.standard.ControlRate - ControlRate[id=8657ba08-ba34-46dd-adcc-191ababb075c] transferring FlowFile[126,94710520893757.mockFlowFile,13B] to 'success'
[pool-145-thread-1] INFO org.apache.nifi.processors.standard.ControlRate - ControlRate[id=8657ba08-ba34-46dd-adcc-191ababb075c] transferring FlowFile[127,94710520919704.mockFlowFile,13B] to 'success'
[pool-145-thread-1] INFO org.apache.nifi.processors.standard.ControlRate - ControlRate[id=8657ba08-ba34-46dd-adcc-191ababb075c] transferring FlowFile[128,94710520939710.mockFlowFile,13B] to 'success'
[pool-145-thread-1] INFO org.apache.nifi.processors.standard.ControlRate - ControlRate[id=8657ba08-ba34-46dd-adcc-191ababb075c] transferring FlowFile[129,94710520959370.mockFlowFile,13B] to 'success'
[pool-145-thread-1] INFO org.apache.nifi.processors.standard.ControlRate - ControlRate[id=8657ba08-ba34-46dd-adcc-191ababb075c] transferring FlowFile[130,94710520978280.mockFlowFile,13B] to 'success'
[pool-145-thread-1] INFO org.apache.nifi.processors.standard.ControlRate - ControlRate[id=8657ba08-ba34-46dd-adcc-191ababb075c] transferring FlowFile[131,94710520997303.mockFlowFile,13B] to 'success'
[pool-145-thread-1] INFO org.apache.nifi.processors.standard.ControlRate - ControlRate[id=8657ba08-ba34-46dd-adcc-191ababb075c] transferring FlowFile[132,94710521016799.mockFlowFile,13B] to 'success'
[pool-145-thread-1] INFO org.apache.nifi.processors.standard.ControlRate - ControlRate[id=8657ba08-ba34-46dd-adcc-191ababb075c] transferring FlowFile[133,94710521035921.mockFlowFile,13B] to 'success'
[pool-145-thread-1] INFO org.apache.nifi.processors.standard.ControlRate - ControlRate[id=8657ba08-ba34-46dd-adcc-191ababb075c] transferring FlowFile[134,94710521055848.mockFlowFile,13B] to 'success'
[pool-145-thread-1] INFO org.apache.nifi.processors.standard.ControlRate - ControlRate[id=8657ba08-ba34-46dd-adcc-191ababb075c] transferring FlowFile[135,94710521079065.mockFlowFile,13B] to 'success'
[pool-145-thread-1] INFO org.apache.nifi.processors.standard.ControlRate - ControlRate[id=8657ba08-ba34-46dd-adcc-191ababb075c] transferring FlowFile[136,94710521099425.mockFlowFile,13B] to 'success'
[pool-145-thread-1] INFO org.apache.nifi.processors.standard.ControlRate - ControlRate[id=8657ba08-ba34-46dd-adcc-191ababb075c] transferring FlowFile[137,94710521118299.mockFlowFile,13B] to 'success'
[pool-145-thread-1] INFO org.apache.nifi.processors.standard.ControlRate - ControlRate[id=8657ba08-ba34-46dd-adcc-191ababb075c] transferring FlowFile[138,94710521135186.mockFlowFile,13B] to 'success'
[pool-145-thread-1] INFO org.apache.nifi.processors.standard.ControlRate - ControlRate[id=8657ba08-ba34-46dd-adcc-191ababb075c] transferring FlowFile[139,94710521153198.mockFlowFile,13B] to 'success'
[pool-145-thread-1] INFO org.apache.nifi.processors.standard.ControlRate - ControlRate[id=8657ba08-ba34-46dd-adcc-191ababb075c] transferring FlowFile[140,94710521204543.mockFlowFile,13B] to 'success'
[pool-145-thread-1] INFO org.apache.nifi.processors.standard.ControlRate - ControlRate[id=8657ba08-ba34-46dd-adcc-191ababb075c] transferring FlowFile[141,94710521223965.mockFlowFile,13B] to 'success'
[pool-145-thread-1] INFO org.apache.nifi.processors.standard.ControlRate - ControlRate[id=8657ba08-ba34-46dd-adcc-191ababb075c] transferring FlowFile[142,94710521255145.mockFlowFile,13B] to 'success'
[pool-145-thread-1] INFO org.apache.nifi.processors.standard.ControlRate - ControlRate[id=8657ba08-ba34-46dd-adcc-191ababb075c] transferring FlowFile[143,94710521277478.mockFlowFile,13B] to 'success'
[pool-145-thread-1] INFO org.apache.nifi.processors.standard.ControlRate - ControlRate[id=8657ba08-ba34-46dd-adcc-191ababb075c] transferring FlowFile[144,94710521295219.mockFlowFile,13B] to 'success'
[pool-145-thread-1] INFO org.apache.nifi.processors.standard.ControlRate - ControlRate[id=8657ba08-ba34-46dd-adcc-191ababb075c] transferring FlowFile[145,94710521311768.mockFlowFile,13B] to 'success'
[pool-145-thread-1] INFO org.apache.nifi.processors.standard.ControlRate - ControlRate[id=8657ba08-ba34-46dd-adcc-191ababb075c] transferring FlowFile[146,94710521329245.mockFlowFile,13B] to 'success'
[pool-145-thread-1] INFO org.apache.nifi.processors.standard.ControlRate - ControlRate[id=8657ba08-ba34-46dd-adcc-191ababb075c] transferring FlowFile[147,94710521346308.mockFlowFile,13B] to 'success'
[pool-145-thread-1] INFO org.apache.nifi.processors.standard.ControlRate - ControlRate[id=8657ba08-ba34-46dd-adcc-191ababb075c] transferring FlowFile[148,94710521362613.mockFlowFile,13B] to 'success'
[pool-145-thread-1] INFO org.apache.nifi.processors.standard.ControlRate - ControlRate[id=8657ba08-ba34-46dd-adcc-191ababb075c] transferring FlowFile[149,94710521380073.mockFlowFile,13B] to 'success'
[pool-145-thread-1] INFO org.apache.nifi.processors.standard.ControlRate - ControlRate[id=8657ba08-ba34-46dd-adcc-191ababb075c] transferring FlowFile[150,94710521400312.mockFlowFile,13B] to 'success'
[pool-145-thread-1] INFO org.apache.nifi.processors.standard.ControlRate - ControlRate[id=8657ba08-ba34-46dd-adcc-191ababb075c] transferring FlowFile[151,94710521422653.mockFlowFile,13B] to 'success'
[pool-145-thread-1] INFO org.apache.nifi.processors.standard.ControlRate - ControlRate[id=8657ba08-ba34-46dd-adcc-191ababb075c] transferring FlowFile[152,94710521468302.mockFlowFile,13B] to 'success'
[pool-145-thread-1] INFO org.apache.nifi.processors.standard.ControlRate - ControlRate[id=8657ba08-ba34-46dd-adcc-191ababb075c] transferring FlowFile[153,94710521487289.mockFlowFile,13B] to 'success'
[pool-145-thread-1] INFO org.apache.nifi.processors.standard.ControlRate - ControlRate[id=8657ba08-ba34-46dd-adcc-191ababb075c] transferring FlowFile[154,94710521507095.mockFlowFile,13B] to 'success'
[pool-145-thread-1] INFO org.apache.nifi.processors.standard.ControlRate - ControlRate[id=8657ba08-ba34-46dd-adcc-191ababb075c] transferring FlowFile[155,94710521525837.mockFlowFile,13B] to 'success'
[pool-145-thread-1] INFO org.apache.nifi.processors.standard.ControlRate - ControlRate[id=8657ba08-ba34-46dd-adcc-191ababb075c] transferring FlowFile[156,94710521545340.mockFlowFile,13B] to 'success'
[pool-145-thread-1] INFO org.apache.nifi.processors.standard.ControlRate - ControlRate[id=8657ba08-ba34-46dd-adcc-191ababb075c] transferring FlowFile[157,94710521565336.mockFlowFile,13B] to 'success'
[pool-145-thread-1] INFO org.apache.nifi.processors.standard.ControlRate - ControlRate[id=8657ba08-ba34-46dd-adcc-191ababb075c] transferring FlowFile[158,94710521586862.mockFlowFile,13B] to 'success'
[pool-145-thread-1] INFO org.apache.nifi.processors.standard.ControlRate - ControlRate[id=8657ba08-ba34-46dd-adcc-191ababb075c] transferring FlowFile[159,94710521614806.mockFlowFile,13B] to 'success'
[pool-145-thread-1] INFO org.apache.nifi.processors.standard.ControlRate - ControlRate[id=8657ba08-ba34-46dd-adcc-191ababb075c] transferring FlowFile[160,94710521634968.mockFlowFile,13B] to 'success'
[pool-145-thread-1] INFO org.apache.nifi.processors.standard.ControlRate - ControlRate[id=8657ba08-ba34-46dd-adcc-191ababb075c] transferring FlowFile[161,94710521682849.mockFlowFile,13B] to 'success'
[pool-145-thread-1] INFO org.apache.nifi.processors.standard.ControlRate - ControlRate[id=8657ba08-ba34-46dd-adcc-191ababb075c] transferring FlowFile[162,94710521704309.mockFlowFile,13B] to 'success'
[pool-145-thread-1] INFO org.apache.nifi.processors.standard.ControlRate - ControlRate[id=8657ba08-ba34-46dd-adcc-191ababb075c] transferring FlowFile[163,94710521728042.mockFlowFile,13B] to 'success'
[pool-145-thread-1] INFO org.apache.nifi.processors.standard.ControlRate - ControlRate[id=8657ba08-ba34-46dd-adcc-191ababb075c] transferring FlowFile[164,94710521747802.mockFlowFile,13B] to 'success'
[pool-145-thread-1] INFO org.apache.nifi.processors.standard.ControlRate - ControlRate[id=8657ba08-ba34-46dd-adcc-191ababb075c] transferring FlowFile[165,94710521765865.mockFlowFile,13B] to 'success'
[pool-145-thread-1] INFO org.apache.nifi.processors.standard.ControlRate - ControlRate[id=8657ba08-ba34-46dd-adcc-191ababb075c] transferring FlowFile[166,94710521788611.mockFlowFile,13B] to 'success'
[pool-145-thread-1] INFO org.apache.nifi.processors.standard.ControlRate - ControlRate[id=8657ba08-ba34-46dd-adcc-191ababb075c] transferring FlowFile[167,94710521813625.mockFlowFile,13B] to 'success'
[pool-145-thread-1] INFO org.apache.nifi.processors.standard.ControlRate - ControlRate[id=8657ba08-ba34-46dd-adcc-191ababb075c] transferring FlowFile[168,94710521862894.mockFlowFile,13B] to 'success'
[pool-145-thread-1] INFO org.apache.nifi.processors.standard.ControlRate - ControlRate[id=8657ba08-ba34-46dd-adcc-191ababb075c] transferring FlowFile[169,94710521880865.mockFlowFile,13B] to 'success'
[pool-145-thread-1] INFO org.apache.nifi.processors.standard.ControlRate - ControlRate[id=8657ba08-ba34-46dd-adcc-191ababb075c] transferring FlowFile[170,94710521907958.mockFlowFile,13B] to 'success'
[pool-145-thread-1] INFO org.apache.nifi.processors.standard.ControlRate - ControlRate[id=8657ba08-ba34-46dd-adcc-191ababb075c] transferring FlowFile[171,94710521932489.mockFlowFile,13B] to 'success'
[pool-145-thread-1] INFO org.apache.nifi.processors.standard.ControlRate - ControlRate[id=8657ba08-ba34-46dd-adcc-191ababb075c] transferring FlowFile[172,94710521978917.mockFlowFile,13B] to 'success'
[pool-145-thread-1] INFO org.apache.nifi.processors.standard.ControlRate - ControlRate[id=8657ba08-ba34-46dd-adcc-191ababb075c] transferring FlowFile[173,94710521999999.mockFlowFile,13B] to 'success'
[pool-145-thread-1] INFO org.apache.nifi.processors.standard.ControlRate - ControlRate[id=8657ba08-ba34-46dd-adcc-191ababb075c] transferring FlowFile[174,94710522021495.mockFlowFile,13B] to 'success'
[pool-145-thread-1] INFO org.apache.nifi.processors.standard.ControlRate - ControlRate[id=8657ba08-ba34-46dd-adcc-191ababb075c] transferring FlowFile[175,94710522047760.mockFlowFile,13B] to 'success'
[pool-145-thread-1] INFO org.apache.nifi.processors.standard.ControlRate - ControlRate[id=8657ba08-ba34-46dd-adcc-191ababb075c] transferring FlowFile[176,94710522068651.mockFlowFile,13B] to 'success'
[pool-145-thread-1] INFO org.apache.nifi.processors.standard.ControlRate - ControlRate[id=8657ba08-ba34-46dd-adcc-191ababb075c] transferring FlowFile[177,94710522091366.mockFlowFile,13B] to 'success'
[pool-145-thread-1] INFO org.apache.nifi.processors.standard.ControlRate - ControlRate[id=8657ba08-ba34-46dd-adcc-191ababb075c] transferring FlowFile[178,94710522112308.mockFlowFile,13B] to 'success'
[pool-145-thread-1] INFO org.apache.nifi.processors.standard.ControlRate - ControlRate[id=8657ba08-ba34-46dd-adcc-191ababb075c] transferring FlowFile[179,94710522132771.mockFlowFile,13B] to 'success'
[pool-145-thread-1] INFO org.apache.nifi.processors.standard.ControlRate - ControlRate[id=8657ba08-ba34-46dd-adcc-191ababb075c] transferring FlowFile[180,94710522152358.mockFlowFile,13B] to 'success'
[pool-145-thread-1] INFO org.apache.nifi.processors.standard.ControlRate - ControlRate[id=8657ba08-ba34-46dd-adcc-191ababb075c] transferring FlowFile[181,94710522173040.mockFlowFile,13B] to 'success'
[pool-145-thread-1] INFO org.apache.nifi.processors.standard.ControlRate - ControlRate[id=8657ba08-ba34-46dd-adcc-191ababb075c] transferring FlowFile[182,94710522194130.mockFlowFile,13B] to 'success'
[pool-145-thread-1] INFO org.apache.nifi.processors.standard.ControlRate - ControlRate[id=8657ba08-ba34-46dd-adcc-191ababb075c] transferring FlowFile[183,94710522219331.mockFlowFile,13B] to 'success'
[pool-145-thread-1] INFO org.apache.nifi.processors.standard.ControlRate - ControlRate[id=8657ba08-ba34-46dd-adcc-191ababb075c] transferring FlowFile[184,94710522240692.mockFlowFile,13B] to 'success'
[pool-145-thread-1] INFO org.apache.nifi.processors.standard.ControlRate - ControlRate[id=8657ba08-ba34-46dd-adcc-191ababb075c] transferring FlowFile[185,94710522260325.mockFlowFile,13B] to 'success'
[pool-145-thread-1] INFO org.apache.nifi.processors.standard.ControlRate - ControlRate[id=8657ba08-ba34-46dd-adcc-191ababb075c] transferring FlowFile[186,94710522281019.mockFlowFile,13B] to 'success'
[pool-145-thread-1] INFO org.apache.nifi.processors.standard.ControlRate - ControlRate[id=8657ba08-ba34-46dd-adcc-191ababb075c] transferring FlowFile[187,94710522301626.mockFlowFile,13B] to 'success'
[pool-145-thread-1] INFO org.apache.nifi.processors.standard.ControlRate - ControlRate[id=8657ba08-ba34-46dd-adcc-191ababb075c] transferring FlowFile[188,94710522321237.mockFlowFile,13B] to 'success'
[pool-145-thread-1] INFO org.apache.nifi.processors.standard.ControlRate - ControlRate[id=8657ba08-ba34-46dd-adcc-191ababb075c] transferring FlowFile[189,94710522342099.mockFlowFile,13B] to 'success'
[pool-145-thread-1] INFO org.apache.nifi.processors.standard.ControlRate - ControlRate[id=8657ba08-ba34-46dd-adcc-191ababb075c] transferring FlowFile[190,94710522361668.mockFlowFile,13B] to 'success'
[pool-145-thread-1] INFO org.apache.nifi.processors.standard.ControlRate - ControlRate[id=8657ba08-ba34-46dd-adcc-191ababb075c] transferring FlowFile[191,94710522385964.mockFlowFile,13B] to 'success'
[pool-145-thread-1] INFO org.apache.nifi.processors.standard.ControlRate - ControlRate[id=8657ba08-ba34-46dd-adcc-191ababb075c] transferring FlowFile[192,94710522406617.mockFlowFile,13B] to 'success'
[pool-145-thread-1] INFO org.apache.nifi.processors.standard.ControlRate - ControlRate[id=8657ba08-ba34-46dd-adcc-191ababb075c] transferring FlowFile[193,94710522424817.mockFlowFile,13B] to 'success'
[pool-145-thread-1] INFO org.apache.nifi.processors.standard.ControlRate - ControlRate[id=8657ba08-ba34-46dd-adcc-191ababb075c] transferring FlowFile[194,94710522455807.mockFlowFile,13B] to 'success'
[pool-145-thread-1] INFO org.apache.nifi.processors.standard.ControlRate - ControlRate[id=8657ba08-ba34-46dd-adcc-191ababb075c] transferring FlowFile[195,94710522477244.mockFlowFile,13B] to 'success'
[pool-145-thread-1] INFO org.apache.nifi.processors.standard.ControlRate - ControlRate[id=8657ba08-ba34-46dd-adcc-191ababb075c] transferring FlowFile[196,94710522497423.mockFlowFile,13B] to 'success'
[pool-145-thread-1] INFO org.apache.nifi.processors.standard.ControlRate - ControlRate[id=8657ba08-ba34-46dd-adcc-191ababb075c] transferring FlowFile[197,94710522516477.mockFlowFile,13B] to 'success'
[pool-145-thread-1] INFO org.apache.nifi.processors.standard.ControlRate - ControlRate[id=8657ba08-ba34-46dd-adcc-191ababb075c] transferring FlowFile[198,94710522534614.mockFlowFile,13B] to 'success'
[pool-145-thread-1] INFO org.apache.nifi.processors.standard.ControlRate - ControlRate[id=8657ba08-ba34-46dd-adcc-191ababb075c] transferring FlowFile[199,94710522559041.mockFlowFile,13B] to 'success'
[pool-145-thread-1] INFO org.apache.nifi.processors.standard.ControlRate - ControlRate[id=8657ba08-ba34-46dd-adcc-191ababb075c] transferring FlowFile[200,94710522578471.mockFlowFile,13B] to 'success'
[pool-145-thread-1] INFO org.apache.nifi.processors.standard.ControlRate - ControlRate[id=8657ba08-ba34-46dd-adcc-191ababb075c] transferring FlowFile[201,94710522597271.mockFlowFile,13B] to 'success'
[pool-145-thread-1] INFO org.apache.nifi.processors.standard.ControlRate - ControlRate[id=8657ba08-ba34-46dd-adcc-191ababb075c] transferring FlowFile[202,94710522616082.mockFlowFile,13B] to 'success'
[pool-145-thread-1] INFO org.apache.nifi.processors.standard.ControlRate - ControlRate[id=8657ba08-ba34-46dd-adcc-191ababb075c] transferring FlowFile[203,94710522633837.mockFlowFile,13B] to 'success'
[pool-145-thread-1] INFO org.apache.nifi.processors.standard.ControlRate - ControlRate[id=8657ba08-ba34-46dd-adcc-191ababb075c] transferring FlowFile[204,94710522652890.mockFlowFile,13B] to 'success'
[pool-145-thread-1] INFO org.apache.nifi.processors.standard.ControlRate - ControlRate[id=8657ba08-ba34-46dd-adcc-191ababb075c] transferring FlowFile[205,94710522670729.mockFlowFile,13B] to 'success'
[pool-145-thread-1] INFO org.apache.nifi.processors.standard.ControlRate - ControlRate[id=8657ba08-ba34-46dd-adcc-191ababb075c] transferring FlowFile[206,94710522689444.mockFlowFile,13B] to 'success'
[pool-145-thread-1] INFO org.apache.nifi.processors.standard.ControlRate - ControlRate[id=8657ba08-ba34-46dd-adcc-191ababb075c] transferring FlowFile[207,94710522711972.mockFlowFile,13B] to 'success'
[pool-145-thread-1] INFO org.apache.nifi.processors.standard.ControlRate - ControlRate[id=8657ba08-ba34-46dd-adcc-191ababb075c] transferring FlowFile[208,94710522729984.mockFlowFile,13B] to 'success'
[pool-145-thread-1] INFO org.apache.nifi.processors.standard.ControlRate - ControlRate[id=8657ba08-ba34-46dd-adcc-191ababb075c] transferring FlowFile[209,94710522754553.mockFlowFile,13B] to 'success'
[pool-145-thread-1] INFO org.apache.nifi.processors.standard.ControlRate - ControlRate[id=8657ba08-ba34-46dd-adcc-191ababb075c] transferring FlowFile[210,94710522772022.mockFlowFile,13B] to 'success'
[pool-145-thread-1] INFO org.apache.nifi.processors.standard.ControlRate - ControlRate[id=8657ba08-ba34-46dd-adcc-191ababb075c] transferring FlowFile[211,94710522790952.mockFlowFile,13B] to 'success'
[pool-145-thread-1] INFO org.apache.nifi.processors.standard.ControlRate - ControlRate[id=8657ba08-ba34-46dd-adcc-191ababb075c] transferring FlowFile[212,94710522808864.mockFlowFile,13B] to 'success'
[pool-145-thread-1] INFO org.apache.nifi.processors.standard.ControlRate - ControlRate[id=8657ba08-ba34-46dd-adcc-191ababb075c] transferring FlowFile[213,94710522835822.mockFlowFile,13B] to 'success'
[pool-145-thread-1] INFO org.apache.nifi.processors.standard.ControlRate - ControlRate[id=8657ba08-ba34-46dd-adcc-191ababb075c] transferring FlowFile[214,94710522854761.mockFlowFile,13B] to 'success'
[pool-145-thread-1] INFO org.apache.nifi.processors.standard.ControlRate - ControlRate[id=8657ba08-ba34-46dd-adcc-191ababb075c] transferring FlowFile[215,94710522881570.mockFlowFile,13B] to 'success'
[pool-145-thread-1] INFO org.apache.nifi.processors.standard.ControlRate - ControlRate[id=8657ba08-ba34-46dd-adcc-191ababb075c] transferring FlowFile[216,94710522901556.mockFlowFile,13B] to 'success'
[pool-145-thread-1] INFO org.apache.nifi.processors.standard.ControlRate - ControlRate[id=8657ba08-ba34-46dd-adcc-191ababb075c] transferring FlowFile[217,94710522923598.mockFlowFile,13B] to 'success'
[pool-145-thread-1] INFO org.apache.nifi.processors.standard.ControlRate - ControlRate[id=8657ba08-ba34-46dd-adcc-191ababb075c] transferring FlowFile[218,94710522942725.mockFlowFile,13B] to 'success'
[pool-145-thread-1] INFO org.apache.nifi.processors.standard.ControlRate - ControlRate[id=8657ba08-ba34-46dd-adcc-191ababb075c] transferring FlowFile[219,94710522962066.mockFlowFile,13B] to 'success'
[pool-145-thread-1] INFO org.apache.nifi.processors.standard.ControlRate - ControlRate[id=8657ba08-ba34-46dd-adcc-191ababb075c] transferring FlowFile[220,94710522979764.mockFlowFile,13B] to 'success'
[pool-145-thread-1] INFO org.apache.nifi.processors.standard.ControlRate - ControlRate[id=8657ba08-ba34-46dd-adcc-191ababb075c] transferring FlowFile[221,94710522997336.mockFlowFile,13B] to 'success'
[pool-145-thread-1] INFO org.apache.nifi.processors.standard.ControlRate - ControlRate[id=8657ba08-ba34-46dd-adcc-191ababb075c] transferring FlowFile[222,94710523016378.mockFlowFile,13B] to 'success'
[pool-145-thread-1] INFO org.apache.nifi.processors.standard.ControlRate - ControlRate[id=8657ba08-ba34-46dd-adcc-191ababb075c] transferring FlowFile[223,94710523042264.mockFlowFile,13B] to 'success'
[pool-145-thread-1] INFO org.apache.nifi.processors.standard.ControlRate - ControlRate[id=8657ba08-ba34-46dd-adcc-191ababb075c] transferring FlowFile[224,94710523063429.mockFlowFile,13B] to 'success'
[pool-145-thread-1] INFO org.apache.nifi.processors.standard.ControlRate - ControlRate[id=8657ba08-ba34-46dd-adcc-191ababb075c] transferring FlowFile[225,94710523082447.mockFlowFile,13B] to 'success'
[pool-145-thread-1] INFO org.apache.nifi.processors.standard.ControlRate - ControlRate[id=8657ba08-ba34-46dd-adcc-191ababb075c] transferring FlowFile[226,94710523102516.mockFlowFile,13B] to 'success'
[pool-145-thread-1] INFO org.apache.nifi.processors.standard.ControlRate - ControlRate[id=8657ba08-ba34-46dd-adcc-191ababb075c] transferring FlowFile[227,94710523121245.mockFlowFile,13B] to 'success'
[pool-145-thread-1] INFO org.apache.nifi.processors.standard.ControlRate - ControlRate[id=8657ba08-ba34-46dd-adcc-191ababb075c] transferring FlowFile[228,94710523138146.mockFlowFile,13B] to 'success'
[pool-145-thread-1] INFO org.apache.nifi.processors.standard.ControlRate - ControlRate[id=8657ba08-ba34-46dd-adcc-191ababb075c] transferring FlowFile[229,94710523159493.mockFlowFile,13B] to 'success'
[pool-145-thread-1] INFO org.apache.nifi.processors.standard.ControlRate - ControlRate[id=8657ba08-ba34-46dd-adcc-191ababb075c] transferring FlowFile[230,94710523179620.mockFlowFile,13B] to 'success'
[pool-145-thread-1] INFO org.apache.nifi.processors.standard.ControlRate - ControlRate[id=8657ba08-ba34-46dd-adcc-191ababb075c] transferring FlowFile[231,94710523209904.mockFlowFile,13B] to 'success'
[pool-145-thread-1] INFO org.apache.nifi.processors.standard.ControlRate - ControlRate[id=8657ba08-ba34-46dd-adcc-191ababb075c] transferring FlowFile[232,94710523230166.mockFlowFile,13B] to 'success'
[pool-145-thread-1] INFO org.apache.nifi.processors.standard.ControlRate - ControlRate[id=8657ba08-ba34-46dd-adcc-191ababb075c] transferring FlowFile[233,94710523280068.mockFlowFile,13B] to 'success'
[pool-145-thread-1] INFO org.apache.nifi.processors.standard.ControlRate - ControlRate[id=8657ba08-ba34-46dd-adcc-191ababb075c] transferring FlowFile[234,94710523304492.mockFlowFile,13B] to 'success'
[pool-145-thread-1] INFO org.apache.nifi.processors.standard.ControlRate - ControlRate[id=8657ba08-ba34-46dd-adcc-191ababb075c] transferring FlowFile[235,94710523322414.mockFlowFile,13B] to 'success'
[pool-145-thread-1] INFO org.apache.nifi.processors.standard.ControlRate - ControlRate[id=8657ba08-ba34-46dd-adcc-191ababb075c] transferring FlowFile[236,94710523341856.mockFlowFile,13B] to 'success'
[pool-145-thread-1] INFO org.apache.nifi.processors.standard.ControlRate - ControlRate[id=8657ba08-ba34-46dd-adcc-191ababb075c] transferring FlowFile[237,94710523361416.mockFlowFile,13B] to 'success'
[pool-145-thread-1] INFO org.apache.nifi.processors.standard.ControlRate - ControlRate[id=8657ba08-ba34-46dd-adcc-191ababb075c] transferring FlowFile[238,94710523378812.mockFlowFile,13B] to 'success'
[pool-145-thread-1] INFO org.apache.nifi.processors.standard.ControlRate - ControlRate[id=8657ba08-ba34-46dd-adcc-191ababb075c] transferring FlowFile[239,94710523403773.mockFlowFile,13B] to 'success'
[pool-145-thread-1] INFO org.apache.nifi.processors.standard.ControlRate - ControlRate[id=8657ba08-ba34-46dd-adcc-191ababb075c] transferring FlowFile[240,94710523422220.mockFlowFile,13B] to 'success'
[pool-145-thread-1] INFO org.apache.nifi.processors.standard.ControlRate - ControlRate[id=8657ba08-ba34-46dd-adcc-191ababb075c] transferring FlowFile[241,94710523442422.mockFlowFile,13B] to 'success'
[pool-145-thread-1] INFO org.apache.nifi.processors.standard.ControlRate - ControlRate[id=8657ba08-ba34-46dd-adcc-191ababb075c] transferring FlowFile[242,94710523461246.mockFlowFile,13B] to 'success'
[pool-145-thread-1] INFO org.apache.nifi.processors.standard.ControlRate - ControlRate[id=8657ba08-ba34-46dd-adcc-191ababb075c] transferring FlowFile[243,94710523479040.mockFlowFile,13B] to 'success'
[pool-145-thread-1] INFO org.apache.nifi.processors.standard.ControlRate - ControlRate[id=8657ba08-ba34-46dd-adcc-191ababb075c] transferring FlowFile[244,94710523502422.mockFlowFile,13B] to 'success'
[pool-145-thread-1] INFO org.apache.nifi.processors.standard.ControlRate - ControlRate[id=8657ba08-ba34-46dd-adcc-191ababb075c] transferring FlowFile[245,94710523518724.mockFlowFile,13B] to 'success'
[pool-145-thread-1] INFO org.apache.nifi.processors.standard.ControlRate - ControlRate[id=8657ba08-ba34-46dd-adcc-191ababb075c] transferring FlowFile[246,94710523555695.mockFlowFile,13B] to 'success'
[pool-145-thread-1] INFO org.apache.nifi.processors.standard.ControlRate - ControlRate[id=8657ba08-ba34-46dd-adcc-191ababb075c] transferring FlowFile[247,94710523580852.mockFlowFile,13B] to 'success'
[pool-145-thread-1] INFO org.apache.nifi.processors.standard.ControlRate - ControlRate[id=8657ba08-ba34-46dd-adcc-191ababb075c] transferring FlowFile[248,94710523599365.mockFlowFile,13B] to 'success'
[pool-145-thread-1] INFO org.apache.nifi.processors.standard.ControlRate - ControlRate[id=8657ba08-ba34-46dd-adcc-191ababb075c] transferring FlowFile[249,94710523627964.mockFlowFile,13B] to 'success'
[pool-145-thread-1] INFO org.apache.nifi.processors.standard.ControlRate - ControlRate[id=8657ba08-ba34-46dd-adcc-191ababb075c] transferring FlowFile[250,94710523647808.mockFlowFile,13B] to 'success'
[pool-145-thread-1] INFO org.apache.nifi.processors.standard.ControlRate - ControlRate[id=8657ba08-ba34-46dd-adcc-191ababb075c] transferring FlowFile[251,94710523668682.mockFlowFile,13B] to 'success'
[pool-145-thread-1] INFO org.apache.nifi.processors.standard.ControlRate - ControlRate[id=8657ba08-ba34-46dd-adcc-191ababb075c] transferring FlowFile[252,94710523687877.mockFlowFile,13B] to 'success'
[pool-145-thread-1] INFO org.apache.nifi.processors.standard.ControlRate - ControlRate[id=8657ba08-ba34-46dd-adcc-191ababb075c] transferring FlowFile[253,94710523706298.mockFlowFile,13B] to 'success'
[pool-145-thread-1] INFO org.apache.nifi.processors.standard.ControlRate - ControlRate[id=8657ba08-ba34-46dd-adcc-191ababb075c] transferring FlowFile[254,94710523724607.mockFlowFile,13B] to 'success'
[pool-145-thread-1] INFO org.apache.nifi.processors.standard.ControlRate - ControlRate[id=8657ba08-ba34-46dd-adcc-191ababb075c] transferring FlowFile[255,94710523754429.mockFlowFile,13B] to 'success'
[pool-145-thread-1] INFO org.apache.nifi.processors.standard.ControlRate - ControlRate[id=8657ba08-ba34-46dd-adcc-191ababb075c] transferring FlowFile[256,94710523778101.mockFlowFile,13B] to 'success'
[pool-145-thread-1] INFO org.apache.nifi.processors.standard.ControlRate - ControlRate[id=8657ba08-ba34-46dd-adcc-191ababb075c] transferring FlowFile[257,94710523799589.mockFlowFile,13B] to 'success'
[pool-145-thread-1] INFO org.apache.nifi.processors.standard.ControlRate - ControlRate[id=8657ba08-ba34-46dd-adcc-191ababb075c] transferring FlowFile[258,94710523817333.mockFlowFile,13B] to 'success'
[pool-145-thread-1] INFO org.apache.nifi.processors.standard.ControlRate - ControlRate[id=8657ba08-ba34-46dd-adcc-191ababb075c] transferring FlowFile[259,94710523835847.mockFlowFile,13B] to 'success'
[pool-145-thread-1] INFO org.apache.nifi.processors.standard.ControlRate - ControlRate[id=8657ba08-ba34-46dd-adcc-191ababb075c] transferring FlowFile[260,94710523853783.mockFlowFile,13B] to 'success'
[pool-145-thread-1] INFO org.apache.nifi.processors.standard.ControlRate - ControlRate[id=8657ba08-ba34-46dd-adcc-191ababb075c] transferring FlowFile[261,94710523872059.mockFlowFile,13B] to 'success'
[pool-145-thread-1] INFO org.apache.nifi.processors.standard.ControlRate - ControlRate[id=8657ba08-ba34-46dd-adcc-191ababb075c] transferring FlowFile[262,94710523890192.mockFlowFile,13B] to 'success'
[pool-145-thread-1] INFO org.apache.nifi.processors.standard.ControlRate - ControlRate[id=8657ba08-ba34-46dd-adcc-191ababb075c] transferring FlowFile[263,94710523918464.mockFlowFile,13B] to 'success'
[pool-145-thread-1] INFO org.apache.nifi.processors.standard.ControlRate - ControlRate[id=8657ba08-ba34-46dd-adcc-191ababb075c] transferring FlowFile[264,94710523941584.mockFlowFile,13B] to 'success'
[pool-145-thread-1] INFO org.apache.nifi.processors.standard.ControlRate - ControlRate[id=8657ba08-ba34-46dd-adcc-191ababb075c] transferring FlowFile[265,94710523961043.mockFlowFile,13B] to 'success'
[pool-145-thread-1] INFO org.apache.nifi.processors.standard.ControlRate - ControlRate[id=8657ba08-ba34-46dd-adcc-191ababb075c] transferring FlowFile[266,94710523981171.mockFlowFile,13B] to 'success'
[pool-145-thread-1] INFO org.apache.nifi.processors.standard.ControlRate - ControlRate[id=8657ba08-ba34-46dd-adcc-191ababb075c] transferring FlowFile[267,94710524011695.mockFlowFile,13B] to 'success'
[pool-145-thread-1] INFO org.apache.nifi.processors.standard.ControlRate - ControlRate[id=8657ba08-ba34-46dd-adcc-191ababb075c] transferring FlowFile[268,94710524032618.mockFlowFile,13B] to 'success'
[pool-145-thread-1] INFO org.apache.nifi.processors.standard.ControlRate - ControlRate[id=8657ba08-ba34-46dd-adcc-191ababb075c] transferring FlowFile[269,94710524052489.mockFlowFile,13B] to 'success'
[pool-145-thread-1] INFO org.apache.nifi.processors.standard.ControlRate - ControlRate[id=8657ba08-ba34-46dd-adcc-191ababb075c] transferring FlowFile[270,94710524071509.mockFlowFile,13B] to 'success'
[pool-145-thread-1] INFO org.apache.nifi.processors.standard.ControlRate - ControlRate[id=8657ba08-ba34-46dd-adcc-191ababb075c] transferring FlowFile[271,94710524098135.mockFlowFile,13B] to 'success'
[pool-145-thread-1] INFO org.apache.nifi.processors.standard.ControlRate - ControlRate[id=8657ba08-ba34-46dd-adcc-191ababb075c] transferring FlowFile[272,94710524118560.mockFlowFile,13B] to 'success'
[pool-145-thread-1] INFO org.apache.nifi.processors.standard.ControlRate - ControlRate[id=8657ba08-ba34-46dd-adcc-191ababb075c] transferring FlowFile[273,94710524137219.mockFlowFile,13B] to 'success'
[pool-145-thread-1] INFO org.apache.nifi.processors.standard.ControlRate - ControlRate[id=8657ba08-ba34-46dd-adcc-191ababb075c] transferring FlowFile[274,94710524156503.mockFlowFile,13B] to 'success'
[pool-145-thread-1] INFO org.apache.nifi.processors.standard.ControlRate - ControlRate[id=8657ba08-ba34-46dd-adcc-191ababb075c] transferring FlowFile[275,94710524174587.mockFlowFile,13B] to 'success'
[pool-145-thread-1] INFO org.apache.nifi.processors.standard.ControlRate - ControlRate[id=8657ba08-ba34-46dd-adcc-191ababb075c] transferring FlowFile[276,94710524193205.mockFlowFile,13B] to 'success'
[pool-145-thread-1] INFO org.apache.nifi.processors.standard.ControlRate - ControlRate[id=8657ba08-ba34-46dd-adcc-191ababb075c] transferring FlowFile[277,94710524212006.mockFlowFile,13B] to 'success'
[pool-145-thread-1] INFO org.apache.nifi.processors.standard.ControlRate - ControlRate[id=8657ba08-ba34-46dd-adcc-191ababb075c] transferring FlowFile[278,94710524238435.mockFlowFile,13B] to 'success'
[pool-145-thread-1] INFO org.apache.nifi.processors.standard.ControlRate - ControlRate[id=8657ba08-ba34-46dd-adcc-191ababb075c] transferring FlowFile[279,94710524263197.mockFlowFile,13B] to 'success'
[pool-145-thread-1] INFO org.apache.nifi.processors.standard.ControlRate - ControlRate[id=8657ba08-ba34-46dd-adcc-191ababb075c] transferring FlowFile[280,94710524281849.mockFlowFile,13B] to 'success'
[pool-145-thread-1] INFO org.apache.nifi.processors.standard.ControlRate - ControlRate[id=8657ba08-ba34-46dd-adcc-191ababb075c] transferring FlowFile[281,94710524301212.mockFlowFile,13B] to 'success'
[pool-145-thread-1] INFO org.apache.nifi.processors.standard.ControlRate - ControlRate[id=8657ba08-ba34-46dd-adcc-191ababb075c] transferring FlowFile[282,94710524319627.mockFlowFile,13B] to 'success'
[pool-145-thread-1] INFO org.apache.nifi.processors.standard.ControlRate - ControlRate[id=8657ba08-ba34-46dd-adcc-191ababb075c] transferring FlowFile[283,94710524337004.mockFlowFile,13B] to 'success'
[pool-145-thread-1] INFO org.apache.nifi.processors.standard.ControlRate - ControlRate[id=8657ba08-ba34-46dd-adcc-191ababb075c] transferring FlowFile[284,94710524355179.mockFlowFile,13B] to 'success'
[pool-145-thread-1] INFO org.apache.nifi.processors.standard.ControlRate - ControlRate[id=8657ba08-ba34-46dd-adcc-191ababb075c] transferring FlowFile[285,94710524371665.mockFlowFile,13B] to 'success'
[pool-145-thread-1] INFO org.apache.nifi.processors.standard.ControlRate - ControlRate[id=8657ba08-ba34-46dd-adcc-191ababb075c] transferring FlowFile[286,94710524414518.mockFlowFile,13B] to 'success'
[pool-145-thread-1] INFO org.apache.nifi.processors.standard.ControlRate - ControlRate[id=8657ba08-ba34-46dd-adcc-191ababb075c] transferring FlowFile[287,94710524440315.mockFlowFile,13B] to 'success'
[pool-145-thread-1] INFO org.apache.nifi.processors.standard.ControlRate - ControlRate[id=8657ba08-ba34-46dd-adcc-191ababb075c] transferring FlowFile[288,94710524460158.mockFlowFile,13B] to 'success'
[pool-145-thread-1] INFO org.apache.nifi.processors.standard.ControlRate - ControlRate[id=8657ba08-ba34-46dd-adcc-191ababb075c] transferring FlowFile[289,94710524479068.mockFlowFile,13B] to 'success'
[pool-145-thread-1] INFO org.apache.nifi.processors.standard.ControlRate - ControlRate[id=8657ba08-ba34-46dd-adcc-191ababb075c] transferring FlowFile[290,94710524496081.mockFlowFile,13B] to 'success'
[pool-145-thread-1] INFO org.apache.nifi.processors.standard.ControlRate - ControlRate[id=8657ba08-ba34-46dd-adcc-191ababb075c] transferring FlowFile[291,94710524517134.mockFlowFile,13B] to 'success'
[pool-145-thread-1] INFO org.apache.nifi.processors.standard.ControlRate - ControlRate[id=8657ba08-ba34-46dd-adcc-191ababb075c] transferring FlowFile[292,94710524541209.mockFlowFile,13B] to 'success'
[pool-145-thread-1] INFO org.apache.nifi.processors.standard.ControlRate - ControlRate[id=8657ba08-ba34-46dd-adcc-191ababb075c] transferring FlowFile[293,94710524565733.mockFlowFile,13B] to 'success'
[pool-145-thread-1] INFO org.apache.nifi.processors.standard.ControlRate - ControlRate[id=8657ba08-ba34-46dd-adcc-191ababb075c] transferring FlowFile[294,94710524584154.mockFlowFile,13B] to 'success'
[pool-145-thread-1] INFO org.apache.nifi.processors.standard.ControlRate - ControlRate[id=8657ba08-ba34-46dd-adcc-191ababb075c] transferring FlowFile[295,94710524608282.mockFlowFile,13B] to 'success'
[pool-145-thread-1] INFO org.apache.nifi.processors.standard.ControlRate - ControlRate[id=8657ba08-ba34-46dd-adcc-191ababb075c] transferring FlowFile[296,94710524627660.mockFlowFile,13B] to 'success'
[pool-145-thread-1] INFO org.apache.nifi.processors.standard.ControlRate - ControlRate[id=8657ba08-ba34-46dd-adcc-191ababb075c] transferring FlowFile[297,94710524646045.mockFlowFile,13B] to 'success'
[pool-145-thread-1] INFO org.apache.nifi.processors.standard.ControlRate - ControlRate[id=8657ba08-ba34-46dd-adcc-191ababb075c] transferring FlowFile[298,94710524664399.mockFlowFile,13B] to 'success'
[pool-145-thread-1] INFO org.apache.nifi.processors.standard.ControlRate - ControlRate[id=8657ba08-ba34-46dd-adcc-191ababb075c] transferring FlowFile[299,94710524682987.mockFlowFile,13B] to 'success'
[pool-145-thread-1] INFO org.apache.nifi.processors.standard.ControlRate - ControlRate[id=8657ba08-ba34-46dd-adcc-191ababb075c] transferring FlowFile[300,94710524699377.mockFlowFile,13B] to 'success'
[pool-145-thread-1] INFO org.apache.nifi.processors.standard.ControlRate - ControlRate[id=8657ba08-ba34-46dd-adcc-191ababb075c] transferring FlowFile[301,94710524722003.mockFlowFile,13B] to 'success'
[pool-145-thread-1] INFO org.apache.nifi.processors.standard.ControlRate - ControlRate[id=8657ba08-ba34-46dd-adcc-191ababb075c] transferring FlowFile[302,94710524741347.mockFlowFile,13B] to 'success'
[pool-145-thread-1] INFO org.apache.nifi.processors.standard.ControlRate - ControlRate[id=8657ba08-ba34-46dd-adcc-191ababb075c] transferring FlowFile[303,94710524765169.mockFlowFile,13B] to 'success'
[pool-145-thread-1] INFO org.apache.nifi.processors.standard.ControlRate - ControlRate[id=8657ba08-ba34-46dd-adcc-191ababb075c] transferring FlowFile[304,94710524785863.mockFlowFile,13B] to 'success'
[pool-145-thread-1] INFO org.apache.nifi.processors.standard.ControlRate - ControlRate[id=8657ba08-ba34-46dd-adcc-191ababb075c] transferring FlowFile[305,94710524808068.mockFlowFile,13B] to 'success'
[pool-145-thread-1] INFO org.apache.nifi.processors.standard.ControlRate - ControlRate[id=8657ba08-ba34-46dd-adcc-191ababb075c] transferring FlowFile[306,94710524838715.mockFlowFile,13B] to 'success'
[pool-145-thread-1] INFO org.apache.nifi.processors.standard.ControlRate - ControlRate[id=8657ba08-ba34-46dd-adcc-191ababb075c] transferring FlowFile[307,94710524859681.mockFlowFile,13B] to 'success'
[pool-145-thread-1] INFO org.apache.nifi.processors.standard.ControlRate - ControlRate[id=8657ba08-ba34-46dd-adcc-191ababb075c] transferring FlowFile[308,94710524877829.mockFlowFile,13B] to 'success'
[pool-145-thread-1] INFO org.apache.nifi.processors.standard.ControlRate - ControlRate[id=8657ba08-ba34-46dd-adcc-191ababb075c] transferring FlowFile[309,94710524896469.mockFlowFile,13B] to 'success'
[pool-145-thread-1] INFO org.apache.nifi.processors.standard.ControlRate - ControlRate[id=8657ba08-ba34-46dd-adcc-191ababb075c] transferring FlowFile[310,94710524914108.mockFlowFile,13B] to 'success'
[pool-145-thread-1] INFO org.apache.nifi.processors.standard.ControlRate - ControlRate[id=8657ba08-ba34-46dd-adcc-191ababb075c] transferring FlowFile[311,94710524938097.mockFlowFile,13B] to 'success'
[pool-145-thread-1] INFO org.apache.nifi.processors.standard.ControlRate - ControlRate[id=8657ba08-ba34-46dd-adcc-191ababb075c] transferring FlowFile[312,94710524956854.mockFlowFile,13B] to 'success'
[pool-145-thread-1] INFO org.apache.nifi.processors.standard.ControlRate - ControlRate[id=8657ba08-ba34-46dd-adcc-191ababb075c] transferring FlowFile[313,94710524973697.mockFlowFile,13B] to 'success'
[pool-145-thread-1] INFO org.apache.nifi.processors.standard.ControlRate - ControlRate[id=8657ba08-ba34-46dd-adcc-191ababb075c] transferring FlowFile[314,94710524990887.mockFlowFile,13B] to 'success'
[pool-145-thread-1] INFO org.apache.nifi.processors.standard.ControlRate - ControlRate[id=8657ba08-ba34-46dd-adcc-191ababb075c] transferring FlowFile[315,94710525007217.mockFlowFile,13B] to 'success'
[pool-145-thread-1] INFO org.apache.nifi.processors.standard.ControlRate - ControlRate[id=8657ba08-ba34-46dd-adcc-191ababb075c] transferring FlowFile[316,94710525025682.mockFlowFile,13B] to 'success'
[pool-145-thread-1] INFO org.apache.nifi.processors.standard.ControlRate - ControlRate[id=8657ba08-ba34-46dd-adcc-191ababb075c] transferring FlowFile[317,94710525046993.mockFlowFile,13B] to 'success'
[pool-145-thread-1] INFO org.apache.nifi.processors.standard.ControlRate - ControlRate[id=8657ba08-ba34-46dd-adcc-191ababb075c] transferring FlowFile[318,94710525064194.mockFlowFile,13B] to 'success'
[pool-145-thread-1] INFO org.apache.nifi.processors.standard.ControlRate - ControlRate[id=8657ba08-ba34-46dd-adcc-191ababb075c] transferring FlowFile[319,94710525130905.mockFlowFile,13B] to 'success'
[pool-145-thread-1] INFO org.apache.nifi.processors.standard.ControlRate - ControlRate[id=8657ba08-ba34-46dd-adcc-191ababb075c] transferring FlowFile[320,94710525152133.mockFlowFile,13B] to 'success'
[pool-145-thread-1] INFO org.apache.nifi.processors.standard.ControlRate - ControlRate[id=8657ba08-ba34-46dd-adcc-191ababb075c] transferring FlowFile[321,94710525171662.mockFlowFile,13B] to 'success'
[pool-145-thread-1] INFO org.apache.nifi.processors.standard.ControlRate - ControlRate[id=8657ba08-ba34-46dd-adcc-191ababb075c] transferring FlowFile[322,94710525195465.mockFlowFile,13B] to 'success'
[pool-145-thread-1] INFO org.apache.nifi.processors.standard.ControlRate - ControlRate[id=8657ba08-ba34-46dd-adcc-191ababb075c] transferring FlowFile[323,94710525215267.mockFlowFile,13B] to 'success'
[pool-145-thread-1] INFO org.apache.nifi.processors.standard.ControlRate - ControlRate[id=8657ba08-ba34-46dd-adcc-191ababb075c] transferring FlowFile[324,94710525233550.mockFlowFile,13B] to 'success'
[pool-145-thread-1] INFO org.apache.nifi.processors.standard.ControlRate - ControlRate[id=8657ba08-ba34-46dd-adcc-191ababb075c] transferring FlowFile[325,94710525250511.mockFlowFile,13B] to 'success'
[pool-145-thread-1] INFO org.apache.nifi.processors.standard.ControlRate - ControlRate[id=8657ba08-ba34-46dd-adcc-191ababb075c] transferring FlowFile[326,94710525268239.mockFlowFile,13B] to 'success'
[pool-145-thread-1] INFO org.apache.nifi.processors.standard.ControlRate - ControlRate[id=8657ba08-ba34-46dd-adcc-191ababb075c] transferring FlowFile[327,94710525292061.mockFlowFile,13B] to 'success'
[pool-145-thread-1] INFO org.apache.nifi.processors.standard.ControlRate - ControlRate[id=8657ba08-ba34-46dd-adcc-191ababb075c] transferring FlowFile[328,94710525310136.mockFlowFile,13B] to 'success'
[pool-145-thread-1] INFO org.apache.nifi.processors.standard.ControlRate - ControlRate[id=8657ba08-ba34-46dd-adcc-191ababb075c] transferring FlowFile[329,94710525327817.mockFlowFile,13B] to 'success'
[pool-145-thread-1] INFO org.apache.nifi.processors.standard.ControlRate - ControlRate[id=8657ba08-ba34-46dd-adcc-191ababb075c] transferring FlowFile[330,94710525344364.mockFlowFile,13B] to 'success'
[pool-145-thread-1] INFO org.apache.nifi.processors.standard.ControlRate - ControlRate[id=8657ba08-ba34-46dd-adcc-191ababb075c] transferring FlowFile[331,94710525364224.mockFlowFile,13B] to 'success'
[pool-145-thread-1] INFO org.apache.nifi.processors.standard.ControlRate - ControlRate[id=8657ba08-ba34-46dd-adcc-191ababb075c] transferring FlowFile[332,94710525381289.mockFlowFile,13B] to 'success'
[pool-145-thread-1] INFO org.apache.nifi.processors.standard.ControlRate - ControlRate[id=8657ba08-ba34-46dd-adcc-191ababb075c] transferring FlowFile[333,94710525397018.mockFlowFile,13B] to 'success'
[pool-145-thread-1] INFO org.apache.nifi.processors.standard.ControlRate - ControlRate[id=8657ba08-ba34-46dd-adcc-191ababb075c] transferring FlowFile[334,94710525414032.mockFlowFile,13B] to 'success'
[pool-145-thread-1] INFO org.apache.nifi.processors.standard.ControlRate - ControlRate[id=8657ba08-ba34-46dd-adcc-191ababb075c] transferring FlowFile[335,94710525435394.mockFlowFile,13B] to 'success'
[pool-145-thread-1] INFO org.apache.nifi.processors.standard.ControlRate - ControlRate[id=8657ba08-ba34-46dd-adcc-191ababb075c] transferring FlowFile[336,94710525453096.mockFlowFile,13B] to 'success'
[pool-145-thread-1] INFO org.apache.nifi.processors.standard.ControlRate - ControlRate[id=8657ba08-ba34-46dd-adcc-191ababb075c] transferring FlowFile[337,94710525473533.mockFlowFile,13B] to 'success'
[pool-145-thread-1] INFO org.apache.nifi.processors.standard.ControlRate - ControlRate[id=8657ba08-ba34-46dd-adcc-191ababb075c] transferring FlowFile[338,94710525490890.mockFlowFile,13B] to 'success'
[pool-145-thread-1] INFO org.apache.nifi.processors.standard.ControlRate - ControlRate[id=8657ba08-ba34-46dd-adcc-191ababb075c] transferring FlowFile[339,94710525509323.mockFlowFile,13B] to 'success'
[pool-145-thread-1] INFO org.apache.nifi.processors.standard.ControlRate - ControlRate[id=8657ba08-ba34-46dd-adcc-191ababb075c] transferring FlowFile[340,94710525535409.mockFlowFile,13B] to 'success'
[pool-145-thread-1] INFO org.apache.nifi.processors.standard.ControlRate - ControlRate[id=8657ba08-ba34-46dd-adcc-191ababb075c] transferring FlowFile[341,94710525607969.mockFlowFile,13B] to 'success'
[pool-145-thread-1] INFO org.apache.nifi.processors.standard.ControlRate - ControlRate[id=8657ba08-ba34-46dd-adcc-191ababb075c] transferring FlowFile[342,94710525637930.mockFlowFile,13B] to 'success'
[pool-145-thread-1] INFO org.apache.nifi.processors.standard.ControlRate - ControlRate[id=8657ba08-ba34-46dd-adcc-191ababb075c] transferring FlowFile[343,94710525662778.mockFlowFile,13B] to 'success'
[pool-145-thread-1] INFO org.apache.nifi.processors.standard.ControlRate - ControlRate[id=8657ba08-ba34-46dd-adcc-191ababb075c] transferring FlowFile[344,94710525681903.mockFlowFile,13B] to 'success'
[pool-145-thread-1] INFO org.apache.nifi.processors.standard.ControlRate - ControlRate[id=8657ba08-ba34-46dd-adcc-191ababb075c] transferring FlowFile[345,94710525700479.mockFlowFile,13B] to 'success'
[pool-145-thread-1] INFO org.apache.nifi.processors.standard.ControlRate - ControlRate[id=8657ba08-ba34-46dd-adcc-191ababb075c] transferring FlowFile[346,94710525720513.mockFlowFile,13B] to 'success'
[pool-145-thread-1] INFO org.apache.nifi.processors.standard.ControlRate - ControlRate[id=8657ba08-ba34-46dd-adcc-191ababb075c] transferring FlowFile[347,94710525738072.mockFlowFile,13B] to 'success'
[pool-145-thread-1] INFO org.apache.nifi.processors.standard.ControlRate - ControlRate[id=8657ba08-ba34-46dd-adcc-191ababb075c] transferring FlowFile[348,94710525754513.mockFlowFile,13B] to 'success'
[pool-145-thread-1] INFO org.apache.nifi.processors.standard.ControlRate - ControlRate[id=8657ba08-ba34-46dd-adcc-191ababb075c] transferring FlowFile[349,94710525772316.mockFlowFile,13B] to 'success'
[pool-145-thread-1] INFO org.apache.nifi.processors.standard.ControlRate - ControlRate[id=8657ba08-ba34-46dd-adcc-191ababb075c] transferring FlowFile[350,94710525789453.mockFlowFile,13B] to 'success'
[pool-145-thread-1] INFO org.apache.nifi.processors.standard.ControlRate - ControlRate[id=8657ba08-ba34-46dd-adcc-191ababb075c] transferring FlowFile[351,94710525832172.mockFlowFile,13B] to 'success'
[pool-145-thread-1] INFO org.apache.nifi.processors.standard.ControlRate - ControlRate[id=8657ba08-ba34-46dd-adcc-191ababb075c] transferring FlowFile[352,94710525856099.mockFlowFile,13B] to 'success'
[pool-145-thread-1] INFO org.apache.nifi.processors.standard.ControlRate - ControlRate[id=8657ba08-ba34-46dd-adcc-191ababb075c] transferring FlowFile[353,94710525872969.mockFlowFile,13B] to 'success'
[pool-145-thread-1] INFO org.apache.nifi.processors.standard.ControlRate - ControlRate[id=8657ba08-ba34-46dd-adcc-191ababb075c] transferring FlowFile[354,94710525892999.mockFlowFile,13B] to 'success'
[pool-145-thread-1] INFO org.apache.nifi.processors.standard.ControlRate - ControlRate[id=8657ba08-ba34-46dd-adcc-191ababb075c] transferring FlowFile[355,94710525909714.mockFlowFile,13B] to 'success'
[pool-145-thread-1] INFO org.apache.nifi.processors.standard.ControlRate - ControlRate[id=8657ba08-ba34-46dd-adcc-191ababb075c] transferring FlowFile[356,94710525927316.mockFlowFile,13B] to 'success'
[pool-145-thread-1] INFO org.apache.nifi.processors.standard.ControlRate - ControlRate[id=8657ba08-ba34-46dd-adcc-191ababb075c] transferring FlowFile[357,94710525956931.mockFlowFile,13B] to 'success'
[pool-145-thread-1] INFO org.apache.nifi.processors.standard.ControlRate - ControlRate[id=8657ba08-ba34-46dd-adcc-191ababb075c] transferring FlowFile[358,94710526010649.mockFlowFile,13B] to 'success'
[pool-145-thread-1] INFO org.apache.nifi.processors.standard.ControlRate - ControlRate[id=8657ba08-ba34-46dd-adcc-191ababb075c] transferring FlowFile[359,94710526055755.mockFlowFile,13B] to 'success'
[pool-145-thread-1] INFO org.apache.nifi.processors.standard.ControlRate - ControlRate[id=8657ba08-ba34-46dd-adcc-191ababb075c] transferring FlowFile[360,94710526107107.mockFlowFile,13B] to 'success'
[pool-145-thread-1] INFO org.apache.nifi.processors.standard.ControlRate - ControlRate[id=8657ba08-ba34-46dd-adcc-191ababb075c] transferring FlowFile[361,94710526126406.mockFlowFile,13B] to 'success'
[pool-145-thread-1] INFO org.apache.nifi.processors.standard.ControlRate - ControlRate[id=8657ba08-ba34-46dd-adcc-191ababb075c] transferring FlowFile[362,94710526153261.mockFlowFile,13B] to 'success'
[pool-145-thread-1] INFO org.apache.nifi.processors.standard.ControlRate - ControlRate[id=8657ba08-ba34-46dd-adcc-191ababb075c] transferring FlowFile[363,94710526170560.mockFlowFile,13B] to 'success'
[pool-145-thread-1] INFO org.apache.nifi.processors.standard.ControlRate - ControlRate[id=8657ba08-ba34-46dd-adcc-191ababb075c] transferring FlowFile[364,94710526187738.mockFlowFile,13B] to 'success'
[pool-145-thread-1] INFO org.apache.nifi.processors.standard.ControlRate - ControlRate[id=8657ba08-ba34-46dd-adcc-191ababb075c] transferring FlowFile[365,94710526203849.mockFlowFile,13B] to 'success'
[pool-145-thread-1] INFO org.apache.nifi.processors.standard.ControlRate - ControlRate[id=8657ba08-ba34-46dd-adcc-191ababb075c] transferring FlowFile[366,94710526221320.mockFlowFile,13B] to 'success'
[pool-145-thread-1] INFO org.apache.nifi.processors.standard.ControlRate - ControlRate[id=8657ba08-ba34-46dd-adcc-191ababb075c] transferring FlowFile[367,94710526244394.mockFlowFile,13B] to 'success'
[pool-145-thread-1] INFO org.apache.nifi.processors.standard.ControlRate - ControlRate[id=8657ba08-ba34-46dd-adcc-191ababb075c] transferring FlowFile[368,94710526261923.mockFlowFile,13B] to 'success'
[pool-145-thread-1] INFO org.apache.nifi.processors.standard.ControlRate - ControlRate[id=8657ba08-ba34-46dd-adcc-191ababb075c] transferring FlowFile[369,94710526279164.mockFlowFile,13B] to 'success'
[pool-145-thread-1] INFO org.apache.nifi.processors.standard.ControlRate - ControlRate[id=8657ba08-ba34-46dd-adcc-191ababb075c] transferring FlowFile[370,94710526295937.mockFlowFile,13B] to 'success'
[pool-145-thread-1] INFO org.apache.nifi.processors.standard.ControlRate - ControlRate[id=8657ba08-ba34-46dd-adcc-191ababb075c] transferring FlowFile[371,94710526313664.mockFlowFile,13B] to 'success'
[pool-145-thread-1] INFO org.apache.nifi.processors.standard.ControlRate - ControlRate[id=8657ba08-ba34-46dd-adcc-191ababb075c] transferring FlowFile[372,94710526330688.mockFlowFile,13B] to 'success'
[pool-145-thread-1] INFO org.apache.nifi.processors.standard.ControlRate - ControlRate[id=8657ba08-ba34-46dd-adcc-191ababb075c] transferring FlowFile[373,94710526346832.mockFlowFile,13B] to 'success'
[pool-145-thread-1] INFO org.apache.nifi.processors.standard.ControlRate - ControlRate[id=8657ba08-ba34-46dd-adcc-191ababb075c] transferring FlowFile[374,94710526363789.mockFlowFile,13B] to 'success'
[pool-145-thread-1] INFO org.apache.nifi.processors.standard.ControlRate - ControlRate[id=8657ba08-ba34-46dd-adcc-191ababb075c] transferring FlowFile[375,94710526385303.mockFlowFile,13B] to 'success'
[pool-145-thread-1] INFO org.apache.nifi.processors.standard.ControlRate - ControlRate[id=8657ba08-ba34-46dd-adcc-191ababb075c] transferring FlowFile[376,94710526403338.mockFlowFile,13B] to 'success'
[pool-145-thread-1] INFO org.apache.nifi.processors.standard.ControlRate - ControlRate[id=8657ba08-ba34-46dd-adcc-191ababb075c] transferring FlowFile[377,94710526421171.mockFlowFile,13B] to 'success'
[pool-145-thread-1] INFO org.apache.nifi.processors.standard.ControlRate - ControlRate[id=8657ba08-ba34-46dd-adcc-191ababb075c] transferring FlowFile[378,94710526438222.mockFlowFile,13B] to 'success'
[pool-145-thread-1] INFO org.apache.nifi.processors.standard.ControlRate - ControlRate[id=8657ba08-ba34-46dd-adcc-191ababb075c] transferring FlowFile[379,94710526455926.mockFlowFile,13B] to 'success'
[pool-145-thread-1] INFO org.apache.nifi.processors.standard.ControlRate - ControlRate[id=8657ba08-ba34-46dd-adcc-191ababb075c] transferring FlowFile[380,94710526471561.mockFlowFile,13B] to 'success'
[pool-145-thread-1] INFO org.apache.nifi.processors.standard.ControlRate - ControlRate[id=8657ba08-ba34-46dd-adcc-191ababb075c] transferring FlowFile[381,94710526488330.mockFlowFile,13B] to 'success'
[pool-145-thread-1] INFO org.apache.nifi.processors.standard.ControlRate - ControlRate[id=8657ba08-ba34-46dd-adcc-191ababb075c] transferring FlowFile[382,94710526504962.mockFlowFile,13B] to 'success'
[pool-145-thread-1] INFO org.apache.nifi.processors.standard.ControlRate - ControlRate[id=8657ba08-ba34-46dd-adcc-191ababb075c] transferring FlowFile[383,94710526526314.mockFlowFile,13B] to 'success'
[pool-145-thread-1] INFO org.apache.nifi.processors.standard.ControlRate - ControlRate[id=8657ba08-ba34-46dd-adcc-191ababb075c] transferring FlowFile[384,94710526544709.mockFlowFile,13B] to 'success'
[pool-145-thread-1] INFO org.apache.nifi.processors.standard.ControlRate - ControlRate[id=8657ba08-ba34-46dd-adcc-191ababb075c] transferring FlowFile[385,94710526561011.mockFlowFile,13B] to 'success'
[pool-145-thread-1] INFO org.apache.nifi.processors.standard.ControlRate - ControlRate[id=8657ba08-ba34-46dd-adcc-191ababb075c] transferring FlowFile[386,94710526578484.mockFlowFile,13B] to 'success'
[pool-145-thread-1] INFO org.apache.nifi.processors.standard.ControlRate - ControlRate[id=8657ba08-ba34-46dd-adcc-191ababb075c] transferring FlowFile[387,94710526595420.mockFlowFile,13B] to 'success'
[pool-145-thread-1] INFO org.apache.nifi.processors.standard.ControlRate - ControlRate[id=8657ba08-ba34-46dd-adcc-191ababb075c] transferring FlowFile[388,94710526612274.mockFlowFile,13B] to 'success'
[pool-145-thread-1] INFO org.apache.nifi.processors.standard.ControlRate - ControlRate[id=8657ba08-ba34-46dd-adcc-191ababb075c] transferring FlowFile[389,94710526629744.mockFlowFile,13B] to 'success'
[pool-145-thread-1] INFO org.apache.nifi.processors.standard.ControlRate - ControlRate[id=8657ba08-ba34-46dd-adcc-191ababb075c] transferring FlowFile[390,94710526645922.mockFlowFile,13B] to 'success'
[pool-145-thread-1] INFO org.apache.nifi.processors.standard.ControlRate - ControlRate[id=8657ba08-ba34-46dd-adcc-191ababb075c] transferring FlowFile[391,94710526668305.mockFlowFile,13B] to 'success'
[pool-145-thread-1] INFO org.apache.nifi.processors.standard.ControlRate - ControlRate[id=8657ba08-ba34-46dd-adcc-191ababb075c] transferring FlowFile[392,94710526686367.mockFlowFile,13B] to 'success'
[pool-145-thread-1] INFO org.apache.nifi.processors.standard.ControlRate - ControlRate[id=8657ba08-ba34-46dd-adcc-191ababb075c] transferring FlowFile[393,94710526702502.mockFlowFile,13B] to 'success'
[pool-145-thread-1] INFO org.apache.nifi.processors.standard.ControlRate - ControlRate[id=8657ba08-ba34-46dd-adcc-191ababb075c] transferring FlowFile[394,94710526719462.mockFlowFile,13B] to 'success'
[pool-145-thread-1] INFO org.apache.nifi.processors.standard.ControlRate - ControlRate[id=8657ba08-ba34-46dd-adcc-191ababb075c] transferring FlowFile[395,94710526736191.mockFlowFile,13B] to 'success'
[pool-145-thread-1] INFO org.apache.nifi.processors.standard.ControlRate - ControlRate[id=8657ba08-ba34-46dd-adcc-191ababb075c] transferring FlowFile[396,94710526753330.mockFlowFile,13B] to 'success'
[pool-145-thread-1] INFO org.apache.nifi.processors.standard.ControlRate - ControlRate[id=8657ba08-ba34-46dd-adcc-191ababb075c] transferring FlowFile[397,94710526770986.mockFlowFile,13B] to 'success'
[pool-145-thread-1] INFO org.apache.nifi.processors.standard.ControlRate - ControlRate[id=8657ba08-ba34-46dd-adcc-191ababb075c] transferring FlowFile[398,94710526787334.mockFlowFile,13B] to 'success'
[pool-145-thread-1] INFO org.apache.nifi.processors.standard.ControlRate - ControlRate[id=8657ba08-ba34-46dd-adcc-191ababb075c] transferring FlowFile[399,94710526809807.mockFlowFile,13B] to 'success'
[pool-145-thread-1] INFO org.apache.nifi.processors.standard.ControlRate - ControlRate[id=8657ba08-ba34-46dd-adcc-191ababb075c] transferring FlowFile[400,94710526827613.mockFlowFile,13B] to 'success'
[pool-145-thread-1] INFO org.apache.nifi.processors.standard.ControlRate - ControlRate[id=8657ba08-ba34-46dd-adcc-191ababb075c] transferring FlowFile[401,94710526845056.mockFlowFile,13B] to 'success'
[pool-145-thread-1] INFO org.apache.nifi.processors.standard.ControlRate - ControlRate[id=8657ba08-ba34-46dd-adcc-191ababb075c] transferring FlowFile[402,94710526862262.mockFlowFile,13B] to 'success'
[pool-145-thread-1] INFO org.apache.nifi.processors.standard.ControlRate - ControlRate[id=8657ba08-ba34-46dd-adcc-191ababb075c] transferring FlowFile[403,94710526880650.mockFlowFile,13B] to 'success'
[pool-145-thread-1] INFO org.apache.nifi.processors.standard.ControlRate - ControlRate[id=8657ba08-ba34-46dd-adcc-191ababb075c] transferring FlowFile[404,94710526898020.mockFlowFile,13B] to 'success'
[pool-145-thread-1] INFO org.apache.nifi.processors.standard.ControlRate - ControlRate[id=8657ba08-ba34-46dd-adcc-191ababb075c] transferring FlowFile[405,94710526913508.mockFlowFile,13B] to 'success'
[pool-145-thread-1] INFO org.apache.nifi.processors.standard.ControlRate - ControlRate[id=8657ba08-ba34-46dd-adcc-191ababb075c] transferring FlowFile[406,94710526955509.mockFlowFile,13B] to 'success'
[pool-145-thread-1] INFO org.apache.nifi.processors.standard.ControlRate - ControlRate[id=8657ba08-ba34-46dd-adcc-191ababb075c] transferring FlowFile[407,94710526978890.mockFlowFile,13B] to 'success'
[pool-145-thread-1] INFO org.apache.nifi.processors.standard.ControlRate - ControlRate[id=8657ba08-ba34-46dd-adcc-191ababb075c] transferring FlowFile[408,94710526997596.mockFlowFile,13B] to 'success'
[pool-145-thread-1] INFO org.apache.nifi.processors.standard.ControlRate - ControlRate[id=8657ba08-ba34-46dd-adcc-191ababb075c] transferring FlowFile[409,94710527014340.mockFlowFile,13B] to 'success'
[pool-145-thread-1] INFO org.apache.nifi.processors.standard.ControlRate - ControlRate[id=8657ba08-ba34-46dd-adcc-191ababb075c] transferring FlowFile[410,94710527029615.mockFlowFile,13B] to 'success'
[pool-145-thread-1] INFO org.apache.nifi.processors.standard.ControlRate - ControlRate[id=8657ba08-ba34-46dd-adcc-191ababb075c] transferring FlowFile[411,94710527045421.mockFlowFile,13B] to 'success'
[pool-145-thread-1] INFO org.apache.nifi.processors.standard.ControlRate - ControlRate[id=8657ba08-ba34-46dd-adcc-191ababb075c] transferring FlowFile[412,94710527061245.mockFlowFile,13B] to 'success'
[pool-145-thread-1] INFO org.apache.nifi.processors.standard.ControlRate - ControlRate[id=8657ba08-ba34-46dd-adcc-191ababb075c] transferring FlowFile[413,94710527076722.mockFlowFile,13B] to 'success'
[pool-145-thread-1] INFO org.apache.nifi.processors.standard.ControlRate - ControlRate[id=8657ba08-ba34-46dd-adcc-191ababb075c] transferring FlowFile[414,94710527094153.mockFlowFile,13B] to 'success'
[pool-145-thread-1] INFO org.apache.nifi.processors.standard.ControlRate - ControlRate[id=8657ba08-ba34-46dd-adcc-191ababb075c] transferring FlowFile[415,94710527114190.mockFlowFile,13B] to 'success'
[pool-145-thread-1] INFO org.apache.nifi.processors.standard.ControlRate - ControlRate[id=8657ba08-ba34-46dd-adcc-191ababb075c] transferring FlowFile[416,94710527130850.mockFlowFile,13B] to 'success'
[pool-145-thread-1] INFO org.apache.nifi.processors.standard.ControlRate - ControlRate[id=8657ba08-ba34-46dd-adcc-191ababb075c] transferring FlowFile[417,94710527147189.mockFlowFile,13B] to 'success'
[pool-145-thread-1] INFO org.apache.nifi.processors.standard.ControlRate - ControlRate[id=8657ba08-ba34-46dd-adcc-191ababb075c] transferring FlowFile[418,94710527163164.mockFlowFile,13B] to 'success'
[pool-145-thread-1] INFO org.apache.nifi.processors.standard.ControlRate - ControlRate[id=8657ba08-ba34-46dd-adcc-191ababb075c] transferring FlowFile[419,94710527180615.mockFlowFile,13B] to 'success'
[pool-145-thread-1] INFO org.apache.nifi.processors.standard.ControlRate - ControlRate[id=8657ba08-ba34-46dd-adcc-191ababb075c] transferring FlowFile[420,94710527196662.mockFlowFile,13B] to 'success'
[pool-145-thread-1] INFO org.apache.nifi.processors.standard.ControlRate - ControlRate[id=8657ba08-ba34-46dd-adcc-191ababb075c] transferring FlowFile[421,94710527213780.mockFlowFile,13B] to 'success'
[pool-145-thread-1] INFO org.apache.nifi.processors.standard.ControlRate - ControlRate[id=8657ba08-ba34-46dd-adcc-191ababb075c] transferring FlowFile[422,94710527231901.mockFlowFile,13B] to 'success'
[pool-145-thread-1] INFO org.apache.nifi.processors.standard.ControlRate - ControlRate[id=8657ba08-ba34-46dd-adcc-191ababb075c] transferring FlowFile[423,94710527290900.mockFlowFile,13B] to 'success'
[pool-145-thread-1] INFO org.apache.nifi.processors.standard.ControlRate - ControlRate[id=8657ba08-ba34-46dd-adcc-191ababb075c] transferring FlowFile[424,94710527311212.mockFlowFile,13B] to 'success'
[pool-145-thread-1] INFO org.apache.nifi.processors.standard.ControlRate - ControlRate[id=8657ba08-ba34-46dd-adcc-191ababb075c] transferring FlowFile[425,94710527327054.mockFlowFile,13B] to 'success'
[pool-145-thread-1] INFO org.apache.nifi.processors.standard.ControlRate - ControlRate[id=8657ba08-ba34-46dd-adcc-191ababb075c] transferring FlowFile[426,94710527409311.mockFlowFile,13B] to 'success'
[pool-145-thread-1] INFO org.apache.nifi.processors.standard.ControlRate - ControlRate[id=8657ba08-ba34-46dd-adcc-191ababb075c] transferring FlowFile[427,94710527427348.mockFlowFile,13B] to 'success'
[pool-145-thread-1] INFO org.apache.nifi.processors.standard.ControlRate - ControlRate[id=8657ba08-ba34-46dd-adcc-191ababb075c] transferring FlowFile[428,94710527443334.mockFlowFile,13B] to 'success'
[pool-145-thread-1] INFO org.apache.nifi.processors.standard.ControlRate - ControlRate[id=8657ba08-ba34-46dd-adcc-191ababb075c] transferring FlowFile[429,94710527460263.mockFlowFile,13B] to 'success'
[pool-145-thread-1] INFO org.apache.nifi.processors.standard.ControlRate - ControlRate[id=8657ba08-ba34-46dd-adcc-191ababb075c] transferring FlowFile[430,94710527476287.mockFlowFile,13B] to 'success'
[pool-145-thread-1] INFO org.apache.nifi.processors.standard.ControlRate - ControlRate[id=8657ba08-ba34-46dd-adcc-191ababb075c] transferring FlowFile[431,94710527499300.mockFlowFile,13B] to 'success'
[pool-145-thread-1] INFO org.apache.nifi.processors.standard.ControlRate - ControlRate[id=8657ba08-ba34-46dd-adcc-191ababb075c] transferring FlowFile[432,94710527516696.mockFlowFile,13B] to 'success'
[pool-145-thread-1] INFO org.apache.nifi.processors.standard.ControlRate - ControlRate[id=8657ba08-ba34-46dd-adcc-191ababb075c] transferring FlowFile[433,94710527537603.mockFlowFile,13B] to 'success'
[pool-145-thread-1] INFO org.apache.nifi.processors.standard.ControlRate - ControlRate[id=8657ba08-ba34-46dd-adcc-191ababb075c] transferring FlowFile[434,94710527558189.mockFlowFile,13B] to 'success'
[pool-145-thread-1] INFO org.apache.nifi.processors.standard.ControlRate - ControlRate[id=8657ba08-ba34-46dd-adcc-191ababb075c] transferring FlowFile[435,94710527575587.mockFlowFile,13B] to 'success'
[pool-145-thread-1] INFO org.apache.nifi.processors.standard.ControlRate - ControlRate[id=8657ba08-ba34-46dd-adcc-191ababb075c] transferring FlowFile[436,94710527592733.mockFlowFile,13B] to 'success'
[pool-145-thread-1] INFO org.apache.nifi.processors.standard.ControlRate - ControlRate[id=8657ba08-ba34-46dd-adcc-191ababb075c] transferring FlowFile[437,94710527609129.mockFlowFile,13B] to 'success'
[pool-145-thread-1] INFO org.apache.nifi.processors.standard.ControlRate - ControlRate[id=8657ba08-ba34-46dd-adcc-191ababb075c] transferring FlowFile[438,94710527624224.mockFlowFile,13B] to 'success'
[pool-145-thread-1] INFO org.apache.nifi.processors.standard.ControlRate - ControlRate[id=8657ba08-ba34-46dd-adcc-191ababb075c] transferring FlowFile[439,94710527645237.mockFlowFile,13B] to 'success'
[pool-145-thread-1] INFO org.apache.nifi.processors.standard.ControlRate - ControlRate[id=8657ba08-ba34-46dd-adcc-191ababb075c] transferring FlowFile[440,94710527660515.mockFlowFile,13B] to 'success'
[pool-145-thread-1] INFO org.apache.nifi.processors.standard.ControlRate - ControlRate[id=8657ba08-ba34-46dd-adcc-191ababb075c] transferring FlowFile[441,94710527676128.mockFlowFile,13B] to 'success'
[pool-145-thread-1] INFO org.apache.nifi.processors.standard.ControlRate - ControlRate[id=8657ba08-ba34-46dd-adcc-191ababb075c] transferring FlowFile[442,94710527691575.mockFlowFile,13B] to 'success'
[pool-145-thread-1] INFO org.apache.nifi.processors.standard.ControlRate - ControlRate[id=8657ba08-ba34-46dd-adcc-191ababb075c] transferring FlowFile[443,94710527706319.mockFlowFile,13B] to 'success'
[pool-145-thread-1] INFO org.apache.nifi.processors.standard.ControlRate - ControlRate[id=8657ba08-ba34-46dd-adcc-191ababb075c] transferring FlowFile[444,94710527722473.mockFlowFile,13B] to 'success'
[pool-145-thread-1] INFO org.apache.nifi.processors.standard.ControlRate - ControlRate[id=8657ba08-ba34-46dd-adcc-191ababb075c] transferring FlowFile[445,94710527737110.mockFlowFile,13B] to 'success'
[pool-145-thread-1] INFO org.apache.nifi.processors.standard.ControlRate - ControlRate[id=8657ba08-ba34-46dd-adcc-191ababb075c] transferring FlowFile[446,94710527752569.mockFlowFile,13B] to 'success'
[pool-145-thread-1] INFO org.apache.nifi.processors.standard.ControlRate - ControlRate[id=8657ba08-ba34-46dd-adcc-191ababb075c] transferring FlowFile[447,94710527772684.mockFlowFile,13B] to 'success'
[pool-145-thread-1] INFO org.apache.nifi.processors.standard.ControlRate - ControlRate[id=8657ba08-ba34-46dd-adcc-191ababb075c] transferring FlowFile[448,94710527789615.mockFlowFile,13B] to 'success'
[pool-145-thread-1] INFO org.apache.nifi.processors.standard.ControlRate - ControlRate[id=8657ba08-ba34-46dd-adcc-191ababb075c] transferring FlowFile[449,94710527804904.mockFlowFile,13B] to 'success'
[pool-145-thread-1] INFO org.apache.nifi.processors.standard.ControlRate - ControlRate[id=8657ba08-ba34-46dd-adcc-191ababb075c] transferring FlowFile[450,94710527836845.mockFlowFile,13B] to 'success'
[pool-145-thread-1] INFO org.apache.nifi.processors.standard.ControlRate - ControlRate[id=8657ba08-ba34-46dd-adcc-191ababb075c] transferring FlowFile[451,94710527861827.mockFlowFile,13B] to 'success'
[pool-145-thread-1] INFO org.apache.nifi.processors.standard.ControlRate - ControlRate[id=8657ba08-ba34-46dd-adcc-191ababb075c] transferring FlowFile[452,94710527878692.mockFlowFile,13B] to 'success'
[pool-145-thread-1] INFO org.apache.nifi.processors.standard.ControlRate - ControlRate[id=8657ba08-ba34-46dd-adcc-191ababb075c] transferring FlowFile[453,94710527894421.mockFlowFile,13B] to 'success'
[pool-145-thread-1] INFO org.apache.nifi.processors.standard.ControlRate - ControlRate[id=8657ba08-ba34-46dd-adcc-191ababb075c] transferring FlowFile[454,94710527910087.mockFlowFile,13B] to 'success'
[pool-145-thread-1] INFO org.apache.nifi.processors.standard.ControlRate - ControlRate[id=8657ba08-ba34-46dd-adcc-191ababb075c] transferring FlowFile[455,94710527929499.mockFlowFile,13B] to 'success'
[pool-145-thread-1] INFO org.apache.nifi.processors.standard.ControlRate - ControlRate[id=8657ba08-ba34-46dd-adcc-191ababb075c] transferring FlowFile[456,94710527944964.mockFlowFile,13B] to 'success'
[pool-145-thread-1] INFO org.apache.nifi.processors.standard.ControlRate - ControlRate[id=8657ba08-ba34-46dd-adcc-191ababb075c] transferring FlowFile[457,94710527959995.mockFlowFile,13B] to 'success'
[pool-145-thread-1] INFO org.apache.nifi.processors.standard.ControlRate - ControlRate[id=8657ba08-ba34-46dd-adcc-191ababb075c] transferring FlowFile[458,94710527974790.mockFlowFile,13B] to 'success'
[pool-145-thread-1] INFO org.apache.nifi.processors.standard.ControlRate - ControlRate[id=8657ba08-ba34-46dd-adcc-191ababb075c] transferring FlowFile[459,94710527990558.mockFlowFile,13B] to 'success'
[pool-145-thread-1] INFO org.apache.nifi.processors.standard.ControlRate - ControlRate[id=8657ba08-ba34-46dd-adcc-191ababb075c] transferring FlowFile[460,94710528021185.mockFlowFile,13B] to 'success'
[pool-145-thread-1] INFO org.apache.nifi.processors.standard.ControlRate - ControlRate[id=8657ba08-ba34-46dd-adcc-191ababb075c] transferring FlowFile[461,94710528037857.mockFlowFile,13B] to 'success'
[pool-145-thread-1] INFO org.apache.nifi.processors.standard.ControlRate - ControlRate[id=8657ba08-ba34-46dd-adcc-191ababb075c] transferring FlowFile[462,94710528055053.mockFlowFile,13B] to 'success'
[pool-145-thread-1] INFO org.apache.nifi.processors.standard.ControlRate - ControlRate[id=8657ba08-ba34-46dd-adcc-191ababb075c] transferring FlowFile[463,94710528075044.mockFlowFile,13B] to 'success'
[pool-145-thread-1] INFO org.apache.nifi.processors.standard.ControlRate - ControlRate[id=8657ba08-ba34-46dd-adcc-191ababb075c] transferring FlowFile[464,94710528093250.mockFlowFile,13B] to 'success'
[pool-145-thread-1] INFO org.apache.nifi.processors.standard.ControlRate - ControlRate[id=8657ba08-ba34-46dd-adcc-191ababb075c] transferring FlowFile[465,94710528111549.mockFlowFile,13B] to 'success'
[pool-145-thread-1] INFO org.apache.nifi.processors.standard.ControlRate - ControlRate[id=8657ba08-ba34-46dd-adcc-191ababb075c] transferring FlowFile[466,94710528139444.mockFlowFile,13B] to 'success'
[pool-145-thread-1] INFO org.apache.nifi.processors.standard.ControlRate - ControlRate[id=8657ba08-ba34-46dd-adcc-191ababb075c] transferring FlowFile[467,94710528154039.mockFlowFile,13B] to 'success'
[pool-145-thread-1] INFO org.apache.nifi.processors.standard.ControlRate - ControlRate[id=8657ba08-ba34-46dd-adcc-191ababb075c] transferring FlowFile[468,94710528167928.mockFlowFile,13B] to 'success'
[pool-145-thread-1] INFO org.apache.nifi.processors.standard.ControlRate - ControlRate[id=8657ba08-ba34-46dd-adcc-191ababb075c] transferring FlowFile[469,94710528183315.mockFlowFile,13B] to 'success'
[pool-145-thread-1] INFO org.apache.nifi.processors.standard.ControlRate - ControlRate[id=8657ba08-ba34-46dd-adcc-191ababb075c] transferring FlowFile[470,94710528197500.mockFlowFile,13B] to 'success'
[pool-145-thread-1] INFO org.apache.nifi.processors.standard.ControlRate - ControlRate[id=8657ba08-ba34-46dd-adcc-191ababb075c] transferring FlowFile[471,94710528218561.mockFlowFile,13B] to 'success'
[pool-145-thread-1] INFO org.apache.nifi.processors.standard.ControlRate - ControlRate[id=8657ba08-ba34-46dd-adcc-191ababb075c] transferring FlowFile[472,94710528235061.mockFlowFile,13B] to 'success'
[pool-145-thread-1] INFO org.apache.nifi.processors.standard.ControlRate - ControlRate[id=8657ba08-ba34-46dd-adcc-191ababb075c] transferring FlowFile[473,94710528249557.mockFlowFile,13B] to 'success'
[pool-145-thread-1] INFO org.apache.nifi.processors.standard.ControlRate - ControlRate[id=8657ba08-ba34-46dd-adcc-191ababb075c] transferring FlowFile[474,94710528273027.mockFlowFile,13B] to 'success'
[pool-145-thread-1] INFO org.apache.nifi.processors.standard.ControlRate - ControlRate[id=8657ba08-ba34-46dd-adcc-191ababb075c] transferring FlowFile[475,94710528291587.mockFlowFile,13B] to 'success'
[pool-145-thread-1] INFO org.apache.nifi.processors.standard.ControlRate - ControlRate[id=8657ba08-ba34-46dd-adcc-191ababb075c] transferring FlowFile[476,94710528306911.mockFlowFile,13B] to 'success'
[pool-145-thread-1] INFO org.apache.nifi.processors.standard.ControlRate - ControlRate[id=8657ba08-ba34-46dd-adcc-191ababb075c] transferring FlowFile[477,94710528321228.mockFlowFile,13B] to 'success'
[pool-145-thread-1] INFO org.apache.nifi.processors.standard.ControlRate - ControlRate[id=8657ba08-ba34-46dd-adcc-191ababb075c] transferring FlowFile[478,94710528335051.mockFlowFile,13B] to 'success'
[pool-145-thread-1] INFO org.apache.nifi.processors.standard.ControlRate - ControlRate[id=8657ba08-ba34-46dd-adcc-191ababb075c] transferring FlowFile[479,94710528354861.mockFlowFile,13B] to 'success'
[pool-145-thread-1] INFO org.apache.nifi.processors.standard.ControlRate - ControlRate[id=8657ba08-ba34-46dd-adcc-191ababb075c] transferring FlowFile[480,94710528371831.mockFlowFile,13B] to 'success'
[pool-145-thread-1] INFO org.apache.nifi.processors.standard.ControlRate - ControlRate[id=8657ba08-ba34-46dd-adcc-191ababb075c] transferring FlowFile[481,94710528387875.mockFlowFile,13B] to 'success'
[pool-145-thread-1] INFO org.apache.nifi.processors.standard.ControlRate - ControlRate[id=8657ba08-ba34-46dd-adcc-191ababb075c] transferring FlowFile[482,94710528404165.mockFlowFile,13B] to 'success'
[pool-145-thread-1] INFO org.apache.nifi.processors.standard.ControlRate - ControlRate[id=8657ba08-ba34-46dd-adcc-191ababb075c] transferring FlowFile[483,94710528418946.mockFlowFile,13B] to 'success'
[pool-145-thread-1] INFO org.apache.nifi.processors.standard.ControlRate - ControlRate[id=8657ba08-ba34-46dd-adcc-191ababb075c] transferring FlowFile[484,94710528433025.mockFlowFile,13B] to 'success'
[pool-145-thread-1] INFO org.apache.nifi.processors.standard.ControlRate - ControlRate[id=8657ba08-ba34-46dd-adcc-191ababb075c] transferring FlowFile[485,94710528449617.mockFlowFile,13B] to 'success'
[pool-145-thread-1] INFO org.apache.nifi.processors.standard.ControlRate - ControlRate[id=8657ba08-ba34-46dd-adcc-191ababb075c] transferring FlowFile[486,94710528465992.mockFlowFile,13B] to 'success'
[pool-145-thread-1] INFO org.apache.nifi.processors.standard.ControlRate - ControlRate[id=8657ba08-ba34-46dd-adcc-191ababb075c] transferring FlowFile[487,94710528486865.mockFlowFile,13B] to 'success'
[pool-145-thread-1] INFO org.apache.nifi.processors.standard.ControlRate - ControlRate[id=8657ba08-ba34-46dd-adcc-191ababb075c] transferring FlowFile[488,94710528500911.mockFlowFile,13B] to 'success'
[pool-145-thread-1] INFO org.apache.nifi.processors.standard.ControlRate - ControlRate[id=8657ba08-ba34-46dd-adcc-191ababb075c] transferring FlowFile[489,94710528515613.mockFlowFile,13B] to 'success'
[pool-145-thread-1] INFO org.apache.nifi.processors.standard.ControlRate - ControlRate[id=8657ba08-ba34-46dd-adcc-191ababb075c] transferring FlowFile[490,94710528528678.mockFlowFile,13B] to 'success'
[pool-145-thread-1] INFO org.apache.nifi.processors.standard.ControlRate - ControlRate[id=8657ba08-ba34-46dd-adcc-191ababb075c] transferring FlowFile[491,94710528542768.mockFlowFile,13B] to 'success'
[pool-145-thread-1] INFO org.apache.nifi.processors.standard.ControlRate - ControlRate[id=8657ba08-ba34-46dd-adcc-191ababb075c] transferring FlowFile[492,94710528556667.mockFlowFile,13B] to 'success'
[pool-145-thread-1] INFO org.apache.nifi.processors.standard.ControlRate - ControlRate[id=8657ba08-ba34-46dd-adcc-191ababb075c] transferring FlowFile[493,94710528570363.mockFlowFile,13B] to 'success'
[pool-145-thread-1] INFO org.apache.nifi.processors.standard.ControlRate - ControlRate[id=8657ba08-ba34-46dd-adcc-191ababb075c] transferring FlowFile[494,94710528584472.mockFlowFile,13B] to 'success'
[pool-145-thread-1] INFO org.apache.nifi.processors.standard.ControlRate - ControlRate[id=8657ba08-ba34-46dd-adcc-191ababb075c] transferring FlowFile[495,94710528603068.mockFlowFile,13B] to 'success'
[pool-145-thread-1] INFO org.apache.nifi.processors.standard.ControlRate - ControlRate[id=8657ba08-ba34-46dd-adcc-191ababb075c] transferring FlowFile[496,94710528618820.mockFlowFile,13B] to 'success'
[pool-145-thread-1] INFO org.apache.nifi.processors.standard.ControlRate - ControlRate[id=8657ba08-ba34-46dd-adcc-191ababb075c] transferring FlowFile[497,94710528633107.mockFlowFile,13B] to 'success'
[pool-145-thread-1] INFO org.apache.nifi.processors.standard.ControlRate - ControlRate[id=8657ba08-ba34-46dd-adcc-191ababb075c] transferring FlowFile[498,94710528646671.mockFlowFile,13B] to 'success'
[pool-145-thread-1] INFO org.apache.nifi.processors.standard.ControlRate - ControlRate[id=8657ba08-ba34-46dd-adcc-191ababb075c] transferring FlowFile[499,94710528661007.mockFlowFile,13B] to 'success'
[pool-145-thread-1] INFO org.apache.nifi.processors.standard.ControlRate - ControlRate[id=8657ba08-ba34-46dd-adcc-191ababb075c] transferring FlowFile[500,94710528676060.mockFlowFile,13B] to 'success'
[pool-145-thread-1] INFO org.apache.nifi.processors.standard.ControlRate - ControlRate[id=8657ba08-ba34-46dd-adcc-191ababb075c] transferring FlowFile[501,94710528690731.mockFlowFile,13B] to 'success'
[pool-145-thread-1] INFO org.apache.nifi.processors.standard.ControlRate - ControlRate[id=8657ba08-ba34-46dd-adcc-191ababb075c] transferring FlowFile[502,94710528705749.mockFlowFile,13B] to 'success'
[pool-145-thread-1] INFO org.apache.nifi.processors.standard.ControlRate - ControlRate[id=8657ba08-ba34-46dd-adcc-191ababb075c] transferring FlowFile[503,94710528724325.mockFlowFile,13B] to 'success'
[pool-145-thread-1] INFO org.apache.nifi.processors.standard.ControlRate - ControlRate[id=8657ba08-ba34-46dd-adcc-191ababb075c] transferring FlowFile[504,94710528739676.mockFlowFile,13B] to 'success'
[pool-145-thread-1] INFO org.apache.nifi.processors.standard.ControlRate - ControlRate[id=8657ba08-ba34-46dd-adcc-191ababb075c] transferring FlowFile[505,94710528753522.mockFlowFile,13B] to 'success'
[pool-145-thread-1] INFO org.apache.nifi.processors.standard.ControlRate - ControlRate[id=8657ba08-ba34-46dd-adcc-191ababb075c] transferring FlowFile[506,94710528770115.mockFlowFile,13B] to 'success'
[pool-145-thread-1] INFO org.apache.nifi.processors.standard.ControlRate - ControlRate[id=8657ba08-ba34-46dd-adcc-191ababb075c] transferring FlowFile[507,94710528784192.mockFlowFile,13B] to 'success'
[pool-145-thread-1] INFO org.apache.nifi.processors.standard.ControlRate - ControlRate[id=8657ba08-ba34-46dd-adcc-191ababb075c] transferring FlowFile[508,94710528797484.mockFlowFile,13B] to 'success'
[pool-145-thread-1] INFO org.apache.nifi.processors.standard.ControlRate - ControlRate[id=8657ba08-ba34-46dd-adcc-191ababb075c] transferring FlowFile[509,94710528811594.mockFlowFile,13B] to 'success'
[pool-145-thread-1] INFO org.apache.nifi.processors.standard.ControlRate - ControlRate[id=8657ba08-ba34-46dd-adcc-191ababb075c] transferring FlowFile[510,94710528825377.mockFlowFile,13B] to 'success'
[pool-145-thread-1] INFO org.apache.nifi.processors.standard.ControlRate - ControlRate[id=8657ba08-ba34-46dd-adcc-191ababb075c] transferring FlowFile[511,94710528844564.mockFlowFile,13B] to 'success'
[pool-145-thread-1] INFO org.apache.nifi.processors.standard.ControlRate - ControlRate[id=8657ba08-ba34-46dd-adcc-191ababb075c] transferring FlowFile[512,94710528859085.mockFlowFile,13B] to 'success'
[pool-145-thread-1] INFO org.apache.nifi.processors.standard.ControlRate - ControlRate[id=8657ba08-ba34-46dd-adcc-191ababb075c] transferring FlowFile[513,94710528874148.mockFlowFile,13B] to 'success'
[pool-145-thread-1] INFO org.apache.nifi.processors.standard.ControlRate - ControlRate[id=8657ba08-ba34-46dd-adcc-191ababb075c] transferring FlowFile[514,94710528888138.mockFlowFile,13B] to 'success'
[pool-145-thread-1] INFO org.apache.nifi.processors.standard.ControlRate - ControlRate[id=8657ba08-ba34-46dd-adcc-191ababb075c] transferring FlowFile[515,94710528900824.mockFlowFile,13B] to 'success'
[pool-145-thread-1] INFO org.apache.nifi.processors.standard.ControlRate - ControlRate[id=8657ba08-ba34-46dd-adcc-191ababb075c] transferring FlowFile[516,94710528914595.mockFlowFile,13B] to 'success'
[pool-145-thread-1] INFO org.apache.nifi.processors.standard.ControlRate - ControlRate[id=8657ba08-ba34-46dd-adcc-191ababb075c] transferring FlowFile[517,94710528929645.mockFlowFile,13B] to 'success'
[pool-145-thread-1] INFO org.apache.nifi.processors.standard.ControlRate - ControlRate[id=8657ba08-ba34-46dd-adcc-191ababb075c] transferring FlowFile[518,94710528942438.mockFlowFile,13B] to 'success'
[pool-145-thread-1] INFO org.apache.nifi.processors.standard.ControlRate - ControlRate[id=8657ba08-ba34-46dd-adcc-191ababb075c] transferring FlowFile[519,94710528960606.mockFlowFile,13B] to 'success'
[pool-145-thread-1] INFO org.apache.nifi.processors.standard.ControlRate - ControlRate[id=8657ba08-ba34-46dd-adcc-191ababb075c] transferring FlowFile[520,94710528974345.mockFlowFile,13B] to 'success'
[pool-145-thread-1] INFO org.apache.nifi.processors.standard.ControlRate - ControlRate[id=8657ba08-ba34-46dd-adcc-191ababb075c] transferring FlowFile[521,94710528988639.mockFlowFile,13B] to 'success'
[pool-145-thread-1] INFO org.apache.nifi.processors.standard.ControlRate - ControlRate[id=8657ba08-ba34-46dd-adcc-191ababb075c] transferring FlowFile[522,94710529002915.mockFlowFile,13B] to 'success'
[pool-145-thread-1] INFO org.apache.nifi.processors.standard.ControlRate - ControlRate[id=8657ba08-ba34-46dd-adcc-191ababb075c] transferring FlowFile[523,94710529015856.mockFlowFile,13B] to 'success'
[pool-145-thread-1] INFO org.apache.nifi.processors.standard.ControlRate - ControlRate[id=8657ba08-ba34-46dd-adcc-191ababb075c] transferring FlowFile[524,94710529030245.mockFlowFile,13B] to 'success'
[pool-145-thread-1] INFO org.apache.nifi.processors.standard.ControlRate - ControlRate[id=8657ba08-ba34-46dd-adcc-191ababb075c] transferring FlowFile[525,94710529043799.mockFlowFile,13B] to 'success'
[pool-145-thread-1] INFO org.apache.nifi.processors.standard.ControlRate - ControlRate[id=8657ba08-ba34-46dd-adcc-191ababb075c] transferring FlowFile[526,94710529058604.mockFlowFile,13B] to 'success'
[pool-145-thread-1] INFO org.apache.nifi.processors.standard.ControlRate - ControlRate[id=8657ba08-ba34-46dd-adcc-191ababb075c] transferring FlowFile[527,94710529079018.mockFlowFile,13B] to 'success'
[pool-145-thread-1] INFO org.apache.nifi.processors.standard.ControlRate - ControlRate[id=8657ba08-ba34-46dd-adcc-191ababb075c] transferring FlowFile[528,94710529094365.mockFlowFile,13B] to 'success'
[pool-145-thread-1] INFO org.apache.nifi.processors.standard.ControlRate - ControlRate[id=8657ba08-ba34-46dd-adcc-191ababb075c] transferring FlowFile[529,94710529108639.mockFlowFile,13B] to 'success'
[pool-145-thread-1] INFO org.apache.nifi.processors.standard.ControlRate - ControlRate[id=8657ba08-ba34-46dd-adcc-191ababb075c] transferring FlowFile[530,94710529122357.mockFlowFile,13B] to 'success'
[pool-145-thread-1] INFO org.apache.nifi.processors.standard.ControlRate - ControlRate[id=8657ba08-ba34-46dd-adcc-191ababb075c] transferring FlowFile[531,94710529180187.mockFlowFile,13B] to 'success'
[pool-145-thread-1] INFO org.apache.nifi.processors.standard.ControlRate - ControlRate[id=8657ba08-ba34-46dd-adcc-191ababb075c] transferring FlowFile[532,94710529195236.mockFlowFile,13B] to 'success'
[pool-145-thread-1] INFO org.apache.nifi.processors.standard.ControlRate - ControlRate[id=8657ba08-ba34-46dd-adcc-191ababb075c] transferring FlowFile[533,94710529208393.mockFlowFile,13B] to 'success'
[pool-145-thread-1] INFO org.apache.nifi.processors.standard.ControlRate - ControlRate[id=8657ba08-ba34-46dd-adcc-191ababb075c] transferring FlowFile[534,94710529223306.mockFlowFile,13B] to 'success'
[pool-145-thread-1] INFO org.apache.nifi.processors.standard.ControlRate - ControlRate[id=8657ba08-ba34-46dd-adcc-191ababb075c] transferring FlowFile[535,94710529242131.mockFlowFile,13B] to 'success'
[pool-145-thread-1] INFO org.apache.nifi.processors.standard.ControlRate - ControlRate[id=8657ba08-ba34-46dd-adcc-191ababb075c] transferring FlowFile[536,94710529259348.mockFlowFile,13B] to 'success'
[pool-145-thread-1] INFO org.apache.nifi.processors.standard.ControlRate - ControlRate[id=8657ba08-ba34-46dd-adcc-191ababb075c] transferring FlowFile[537,94710529273783.mockFlowFile,13B] to 'success'
[pool-145-thread-1] INFO org.apache.nifi.processors.standard.ControlRate - ControlRate[id=8657ba08-ba34-46dd-adcc-191ababb075c] transferring FlowFile[538,94710529287047.mockFlowFile,13B] to 'success'
[pool-145-thread-1] INFO org.apache.nifi.processors.standard.ControlRate - ControlRate[id=8657ba08-ba34-46dd-adcc-191ababb075c] transferring FlowFile[539,94710529301963.mockFlowFile,13B] to 'success'
[pool-145-thread-1] INFO org.apache.nifi.processors.standard.ControlRate - ControlRate[id=8657ba08-ba34-46dd-adcc-191ababb075c] transferring FlowFile[540,94710529316266.mockFlowFile,13B] to 'success'
[pool-145-thread-1] INFO org.apache.nifi.processors.standard.ControlRate - ControlRate[id=8657ba08-ba34-46dd-adcc-191ababb075c] transferring FlowFile[541,94710529330979.mockFlowFile,13B] to 'success'
[pool-145-thread-1] INFO org.apache.nifi.processors.standard.ControlRate - ControlRate[id=8657ba08-ba34-46dd-adcc-191ababb075c] transferring FlowFile[542,94710529350384.mockFlowFile,13B] to 'success'
[pool-145-thread-1] INFO org.apache.nifi.processors.standard.ControlRate - ControlRate[id=8657ba08-ba34-46dd-adcc-191ababb075c] transferring FlowFile[543,94710529368985.mockFlowFile,13B] to 'success'
[pool-145-thread-1] INFO org.apache.nifi.processors.standard.ControlRate - ControlRate[id=8657ba08-ba34-46dd-adcc-191ababb075c] transferring FlowFile[544,94710529383642.mockFlowFile,13B] to 'success'
[pool-145-thread-1] INFO org.apache.nifi.processors.standard.ControlRate - ControlRate[id=8657ba08-ba34-46dd-adcc-191ababb075c] transferring FlowFile[545,94710529396769.mockFlowFile,13B] to 'success'
[pool-145-thread-1] INFO org.apache.nifi.processors.standard.ControlRate - ControlRate[id=8657ba08-ba34-46dd-adcc-191ababb075c] transferring FlowFile[546,94710529411158.mockFlowFile,13B] to 'success'
[pool-145-thread-1] INFO org.apache.nifi.processors.standard.ControlRate - ControlRate[id=8657ba08-ba34-46dd-adcc-191ababb075c] transferring FlowFile[547,94710529425041.mockFlowFile,13B] to 'success'
[pool-145-thread-1] INFO org.apache.nifi.processors.standard.ControlRate - ControlRate[id=8657ba08-ba34-46dd-adcc-191ababb075c] transferring FlowFile[548,94710529438073.mockFlowFile,13B] to 'success'
[pool-145-thread-1] INFO org.apache.nifi.processors.standard.ControlRate - ControlRate[id=8657ba08-ba34-46dd-adcc-191ababb075c] transferring FlowFile[549,94710529451626.mockFlowFile,13B] to 'success'
[pool-145-thread-1] INFO org.apache.nifi.processors.standard.ControlRate - ControlRate[id=8657ba08-ba34-46dd-adcc-191ababb075c] transferring FlowFile[550,94710529464288.mockFlowFile,13B] to 'success'
[pool-145-thread-1] INFO org.apache.nifi.processors.standard.ControlRate - ControlRate[id=8657ba08-ba34-46dd-adcc-191ababb075c] transferring FlowFile[551,94710529483384.mockFlowFile,13B] to 'success'
[pool-145-thread-1] INFO org.apache.nifi.processors.standard.ControlRate - ControlRate[id=8657ba08-ba34-46dd-adcc-191ababb075c] transferring FlowFile[552,94710529498396.mockFlowFile,13B] to 'success'
[pool-145-thread-1] INFO org.apache.nifi.processors.standard.ControlRate - ControlRate[id=8657ba08-ba34-46dd-adcc-191ababb075c] transferring FlowFile[553,94710529512065.mockFlowFile,13B] to 'success'
[pool-145-thread-1] INFO org.apache.nifi.processors.standard.ControlRate - ControlRate[id=8657ba08-ba34-46dd-adcc-191ababb075c] transferring FlowFile[554,94710529525855.mockFlowFile,13B] to 'success'
[pool-145-thread-1] INFO org.apache.nifi.processors.standard.ControlRate - ControlRate[id=8657ba08-ba34-46dd-adcc-191ababb075c] transferring FlowFile[555,94710529539601.mockFlowFile,13B] to 'success'
[pool-145-thread-1] INFO org.apache.nifi.processors.standard.ControlRate - ControlRate[id=8657ba08-ba34-46dd-adcc-191ababb075c] transferring FlowFile[556,94710529553700.mockFlowFile,13B] to 'success'
[pool-145-thread-1] INFO org.apache.nifi.processors.standard.ControlRate - ControlRate[id=8657ba08-ba34-46dd-adcc-191ababb075c] transferring FlowFile[557,94710529567501.mockFlowFile,13B] to 'success'
[pool-145-thread-1] INFO org.apache.nifi.processors.standard.ControlRate - ControlRate[id=8657ba08-ba34-46dd-adcc-191ababb075c] transferring FlowFile[558,94710529580250.mockFlowFile,13B] to 'success'
[pool-145-thread-1] INFO org.apache.nifi.processors.standard.ControlRate - ControlRate[id=8657ba08-ba34-46dd-adcc-191ababb075c] transferring FlowFile[559,94710529600125.mockFlowFile,13B] to 'success'
[pool-145-thread-1] INFO org.apache.nifi.processors.standard.ControlRate - ControlRate[id=8657ba08-ba34-46dd-adcc-191ababb075c] transferring FlowFile[560,94710529614619.mockFlowFile,13B] to 'success'
[pool-145-thread-1] INFO org.apache.nifi.processors.standard.ControlRate - ControlRate[id=8657ba08-ba34-46dd-adcc-191ababb075c] transferring FlowFile[561,94710529628983.mockFlowFile,13B] to 'success'
[pool-145-thread-1] INFO org.apache.nifi.processors.standard.ControlRate - ControlRate[id=8657ba08-ba34-46dd-adcc-191ababb075c] transferring FlowFile[562,94710529643339.mockFlowFile,13B] to 'success'
[pool-145-thread-1] INFO org.apache.nifi.processors.standard.ControlRate - ControlRate[id=8657ba08-ba34-46dd-adcc-191ababb075c] transferring FlowFile[563,94710529656450.mockFlowFile,13B] to 'success'
[pool-145-thread-1] INFO org.apache.nifi.processors.standard.ControlRate - ControlRate[id=8657ba08-ba34-46dd-adcc-191ababb075c] transferring FlowFile[564,94710529678619.mockFlowFile,13B] to 'success'
[pool-145-thread-1] INFO org.apache.nifi.processors.standard.ControlRate - ControlRate[id=8657ba08-ba34-46dd-adcc-191ababb075c] transferring FlowFile[565,94710529693393.mockFlowFile,13B] to 'success'
[pool-145-thread-1] INFO org.apache.nifi.processors.standard.ControlRate - ControlRate[id=8657ba08-ba34-46dd-adcc-191ababb075c] transferring FlowFile[566,94710529708075.mockFlowFile,13B] to 'success'
[pool-145-thread-1] INFO org.apache.nifi.processors.standard.ControlRate - ControlRate[id=8657ba08-ba34-46dd-adcc-191ababb075c] transferring FlowFile[567,94710529727742.mockFlowFile,13B] to 'success'
[pool-145-thread-1] INFO org.apache.nifi.processors.standard.ControlRate - ControlRate[id=8657ba08-ba34-46dd-adcc-191ababb075c] transferring FlowFile[568,94710529741665.mockFlowFile,13B] to 'success'
[pool-145-thread-1] INFO org.apache.nifi.processors.standard.ControlRate - ControlRate[id=8657ba08-ba34-46dd-adcc-191ababb075c] transferring FlowFile[569,94710529755930.mockFlowFile,13B] to 'success'
[pool-145-thread-1] INFO org.apache.nifi.processors.standard.ControlRate - ControlRate[id=8657ba08-ba34-46dd-adcc-191ababb075c] transferring FlowFile[570,94710529769234.mockFlowFile,13B] to 'success'
[pool-145-thread-1] INFO org.apache.nifi.processors.standard.ControlRate - ControlRate[id=8657ba08-ba34-46dd-adcc-191ababb075c] transferring FlowFile[571,94710529783770.mockFlowFile,13B] to 'success'
[pool-145-thread-1] INFO org.apache.nifi.processors.standard.ControlRate - ControlRate[id=8657ba08-ba34-46dd-adcc-191ababb075c] transferring FlowFile[572,94710529798175.mockFlowFile,13B] to 'success'
[pool-145-thread-1] INFO org.apache.nifi.processors.standard.ControlRate - ControlRate[id=8657ba08-ba34-46dd-adcc-191ababb075c] transferring FlowFile[573,94710529811460.mockFlowFile,13B] to 'success'
[pool-145-thread-1] INFO org.apache.nifi.processors.standard.ControlRate - ControlRate[id=8657ba08-ba34-46dd-adcc-191ababb075c] transferring FlowFile[574,94710529826027.mockFlowFile,13B] to 'success'
[pool-145-thread-1] INFO org.apache.nifi.processors.standard.ControlRate - ControlRate[id=8657ba08-ba34-46dd-adcc-191ababb075c] transferring FlowFile[575,94710529844712.mockFlowFile,13B] to 'success'
[pool-145-thread-1] INFO org.apache.nifi.processors.standard.ControlRate - ControlRate[id=8657ba08-ba34-46dd-adcc-191ababb075c] transferring FlowFile[576,94710529865738.mockFlowFile,13B] to 'success'
[pool-145-thread-1] INFO org.apache.nifi.processors.standard.ControlRate - ControlRate[id=8657ba08-ba34-46dd-adcc-191ababb075c] transferring FlowFile[577,94710529879977.mockFlowFile,13B] to 'success'
[pool-145-thread-1] INFO org.apache.nifi.processors.standard.ControlRate - ControlRate[id=8657ba08-ba34-46dd-adcc-191ababb075c] transferring FlowFile[578,94710529898856.mockFlowFile,13B] to 'success'
[pool-145-thread-1] INFO org.apache.nifi.processors.standard.ControlRate - ControlRate[id=8657ba08-ba34-46dd-adcc-191ababb075c] transferring FlowFile[579,94710529916611.mockFlowFile,13B] to 'success'
[pool-145-thread-1] INFO org.apache.nifi.processors.standard.ControlRate - ControlRate[id=8657ba08-ba34-46dd-adcc-191ababb075c] transferring FlowFile[580,94710529931432.mockFlowFile,13B] to 'success'
[pool-145-thread-1] INFO org.apache.nifi.processors.standard.ControlRate - ControlRate[id=8657ba08-ba34-46dd-adcc-191ababb075c] transferring FlowFile[581,94710529949292.mockFlowFile,13B] to 'success'
[pool-145-thread-1] INFO org.apache.nifi.processors.standard.ControlRate - ControlRate[id=8657ba08-ba34-46dd-adcc-191ababb075c] transferring FlowFile[582,94710529964051.mockFlowFile,13B] to 'success'
[pool-145-thread-1] INFO org.apache.nifi.processors.standard.ControlRate - ControlRate[id=8657ba08-ba34-46dd-adcc-191ababb075c] transferring FlowFile[583,94710529982459.mockFlowFile,13B] to 'success'
[pool-145-thread-1] INFO org.apache.nifi.processors.standard.ControlRate - ControlRate[id=8657ba08-ba34-46dd-adcc-191ababb075c] transferring FlowFile[584,94710529997510.mockFlowFile,13B] to 'success'
[pool-145-thread-1] INFO org.apache.nifi.processors.standard.ControlRate - ControlRate[id=8657ba08-ba34-46dd-adcc-191ababb075c] transferring FlowFile[585,94710530010480.mockFlowFile,13B] to 'success'
[pool-145-thread-1] INFO org.apache.nifi.processors.standard.ControlRate - ControlRate[id=8657ba08-ba34-46dd-adcc-191ababb075c] transferring FlowFile[586,94710530024610.mockFlowFile,13B] to 'success'
[pool-145-thread-1] INFO org.apache.nifi.processors.standard.ControlRate - ControlRate[id=8657ba08-ba34-46dd-adcc-191ababb075c] transferring FlowFile[587,94710530038367.mockFlowFile,13B] to 'success'
[pool-145-thread-1] INFO org.apache.nifi.processors.standard.ControlRate - ControlRate[id=8657ba08-ba34-46dd-adcc-191ababb075c] transferring FlowFile[588,94710530051898.mockFlowFile,13B] to 'success'
[pool-145-thread-1] INFO org.apache.nifi.processors.standard.ControlRate - ControlRate[id=8657ba08-ba34-46dd-adcc-191ababb075c] transferring FlowFile[589,94710530066511.mockFlowFile,13B] to 'success'
[pool-145-thread-1] INFO org.apache.nifi.processors.standard.ControlRate - ControlRate[id=8657ba08-ba34-46dd-adcc-191ababb075c] transferring FlowFile[590,94710530080526.mockFlowFile,13B] to 'success'
[pool-145-thread-1] INFO org.apache.nifi.processors.standard.ControlRate - ControlRate[id=8657ba08-ba34-46dd-adcc-191ababb075c] transferring FlowFile[591,94710530099954.mockFlowFile,13B] to 'success'
[pool-145-thread-1] INFO org.apache.nifi.processors.standard.ControlRate - ControlRate[id=8657ba08-ba34-46dd-adcc-191ababb075c] transferring FlowFile[592,94710530115434.mockFlowFile,13B] to 'success'
[pool-145-thread-1] INFO org.apache.nifi.processors.standard.ControlRate - ControlRate[id=8657ba08-ba34-46dd-adcc-191ababb075c] transferring FlowFile[593,94710530131024.mockFlowFile,13B] to 'success'
[pool-145-thread-1] INFO org.apache.nifi.processors.standard.ControlRate - ControlRate[id=8657ba08-ba34-46dd-adcc-191ababb075c] transferring FlowFile[594,94710530145481.mockFlowFile,13B] to 'success'
[pool-145-thread-1] INFO org.apache.nifi.processors.standard.ControlRate - ControlRate[id=8657ba08-ba34-46dd-adcc-191ababb075c] transferring FlowFile[595,94710530158199.mockFlowFile,13B] to 'success'
[pool-145-thread-1] INFO org.apache.nifi.processors.standard.ControlRate - ControlRate[id=8657ba08-ba34-46dd-adcc-191ababb075c] transferring FlowFile[596,94710530175790.mockFlowFile,13B] to 'success'
[pool-145-thread-1] INFO org.apache.nifi.processors.standard.ControlRate - ControlRate[id=8657ba08-ba34-46dd-adcc-191ababb075c] transferring FlowFile[597,94710530192193.mockFlowFile,13B] to 'success'
[pool-145-thread-1] INFO org.apache.nifi.processors.standard.ControlRate - ControlRate[id=8657ba08-ba34-46dd-adcc-191ababb075c] transferring FlowFile[598,94710530206564.mockFlowFile,13B] to 'success'
[pool-145-thread-1] INFO org.apache.nifi.processors.standard.ControlRate - ControlRate[id=8657ba08-ba34-46dd-adcc-191ababb075c] transferring FlowFile[599,94710530225764.mockFlowFile,13B] to 'success'
[pool-145-thread-1] INFO org.apache.nifi.processors.standard.ControlRate - ControlRate[id=8657ba08-ba34-46dd-adcc-191ababb075c] transferring FlowFile[600,94710530239545.mockFlowFile,13B] to 'success'
[pool-145-thread-1] INFO org.apache.nifi.processors.standard.ControlRate - ControlRate[id=8657ba08-ba34-46dd-adcc-191ababb075c] transferring FlowFile[601,94710530253501.mockFlowFile,13B] to 'success'
[pool-145-thread-1] INFO org.apache.nifi.processors.standard.ControlRate - ControlRate[id=8657ba08-ba34-46dd-adcc-191ababb075c] transferring FlowFile[602,94710530268485.mockFlowFile,13B] to 'success'
[pool-145-thread-1] INFO org.apache.nifi.processors.standard.ControlRate - ControlRate[id=8657ba08-ba34-46dd-adcc-191ababb075c] transferring FlowFile[603,94710530283182.mockFlowFile,13B] to 'success'
[pool-145-thread-1] INFO org.apache.nifi.processors.standard.ControlRate - ControlRate[id=8657ba08-ba34-46dd-adcc-191ababb075c] transferring FlowFile[604,94710530297420.mockFlowFile,13B] to 'success'
[pool-145-thread-1] INFO org.apache.nifi.processors.standard.ControlRate - ControlRate[id=8657ba08-ba34-46dd-adcc-191ababb075c] transferring FlowFile[605,94710530310676.mockFlowFile,13B] to 'success'
[pool-145-thread-1] INFO org.apache.nifi.processors.standard.ControlRate - ControlRate[id=8657ba08-ba34-46dd-adcc-191ababb075c] transferring FlowFile[606,94710530334108.mockFlowFile,13B] to 'success'
[pool-145-thread-1] INFO org.apache.nifi.processors.standard.ControlRate - ControlRate[id=8657ba08-ba34-46dd-adcc-191ababb075c] transferring FlowFile[607,94710530353246.mockFlowFile,13B] to 'success'
[pool-145-thread-1] INFO org.apache.nifi.processors.standard.ControlRate - ControlRate[id=8657ba08-ba34-46dd-adcc-191ababb075c] transferring FlowFile[608,94710530367921.mockFlowFile,13B] to 'success'
[pool-145-thread-1] INFO org.apache.nifi.processors.standard.ControlRate - ControlRate[id=8657ba08-ba34-46dd-adcc-191ababb075c] transferring FlowFile[609,94710530382046.mockFlowFile,13B] to 'success'
[pool-145-thread-1] INFO org.apache.nifi.processors.standard.ControlRate - ControlRate[id=8657ba08-ba34-46dd-adcc-191ababb075c] transferring FlowFile[610,94710530395585.mockFlowFile,13B] to 'success'
[pool-145-thread-1] INFO org.apache.nifi.processors.standard.ControlRate - ControlRate[id=8657ba08-ba34-46dd-adcc-191ababb075c] transferring FlowFile[611,94710530409456.mockFlowFile,13B] to 'success'
[pool-145-thread-1] INFO org.apache.nifi.processors.standard.ControlRate - ControlRate[id=8657ba08-ba34-46dd-adcc-191ababb075c] transferring FlowFile[612,94710530423419.mockFlowFile,13B] to 'success'
[pool-145-thread-1] INFO org.apache.nifi.processors.standard.ControlRate - ControlRate[id=8657ba08-ba34-46dd-adcc-191ababb075c] transferring FlowFile[613,94710530439643.mockFlowFile,13B] to 'success'
[pool-145-thread-1] INFO org.apache.nifi.processors.standard.ControlRate - ControlRate[id=8657ba08-ba34-46dd-adcc-191ababb075c] transferring FlowFile[614,94710530453831.mockFlowFile,13B] to 'success'
[pool-145-thread-1] INFO org.apache.nifi.processors.standard.ControlRate - ControlRate[id=8657ba08-ba34-46dd-adcc-191ababb075c] transferring FlowFile[615,94710530471062.mockFlowFile,13B] to 'success'
[pool-145-thread-1] INFO org.apache.nifi.processors.standard.ControlRate - ControlRate[id=8657ba08-ba34-46dd-adcc-191ababb075c] transferring FlowFile[616,94710530485509.mockFlowFile,13B] to 'success'
[pool-145-thread-1] INFO org.apache.nifi.processors.standard.ControlRate - ControlRate[id=8657ba08-ba34-46dd-adcc-191ababb075c] transferring FlowFile[617,94710530499614.mockFlowFile,13B] to 'success'
[pool-145-thread-1] INFO org.apache.nifi.processors.standard.ControlRate - ControlRate[id=8657ba08-ba34-46dd-adcc-191ababb075c] transferring FlowFile[618,94710530512508.mockFlowFile,13B] to 'success'
[pool-145-thread-1] INFO org.apache.nifi.processors.standard.ControlRate - ControlRate[id=8657ba08-ba34-46dd-adcc-191ababb075c] transferring FlowFile[619,94710530526414.mockFlowFile,13B] to 'success'
[pool-145-thread-1] INFO org.apache.nifi.processors.standard.ControlRate - ControlRate[id=8657ba08-ba34-46dd-adcc-191ababb075c] transferring FlowFile[620,94710530539546.mockFlowFile,13B] to 'success'
[pool-145-thread-1] INFO org.apache.nifi.processors.standard.ControlRate - ControlRate[id=8657ba08-ba34-46dd-adcc-191ababb075c] transferring FlowFile[621,94710530553453.mockFlowFile,13B] to 'success'
[pool-145-thread-1] INFO org.apache.nifi.processors.standard.ControlRate - ControlRate[id=8657ba08-ba34-46dd-adcc-191ababb075c] transferring FlowFile[622,94710530567281.mockFlowFile,13B] to 'success'
[pool-145-thread-1] INFO org.apache.nifi.processors.standard.ControlRate - ControlRate[id=8657ba08-ba34-46dd-adcc-191ababb075c] transferring FlowFile[623,94710530584247.mockFlowFile,13B] to 'success'
[pool-145-thread-1] INFO org.apache.nifi.processors.standard.ControlRate - ControlRate[id=8657ba08-ba34-46dd-adcc-191ababb075c] transferring FlowFile[624,94710530598790.mockFlowFile,13B] to 'success'
[pool-145-thread-1] INFO org.apache.nifi.processors.standard.ControlRate - ControlRate[id=8657ba08-ba34-46dd-adcc-191ababb075c] transferring FlowFile[625,94710530611325.mockFlowFile,13B] to 'success'
[pool-145-thread-1] INFO org.apache.nifi.processors.standard.ControlRate - ControlRate[id=8657ba08-ba34-46dd-adcc-191ababb075c] transferring FlowFile[626,94710530625428.mockFlowFile,13B] to 'success'
[pool-145-thread-1] INFO org.apache.nifi.processors.standard.ControlRate - ControlRate[id=8657ba08-ba34-46dd-adcc-191ababb075c] transferring FlowFile[627,94710530638840.mockFlowFile,13B] to 'success'
[pool-145-thread-1] INFO org.apache.nifi.processors.standard.ControlRate - ControlRate[id=8657ba08-ba34-46dd-adcc-191ababb075c] transferring FlowFile[628,94710530652026.mockFlowFile,13B] to 'success'
[pool-145-thread-1] INFO org.apache.nifi.processors.standard.ControlRate - ControlRate[id=8657ba08-ba34-46dd-adcc-191ababb075c] transferring FlowFile[629,94710530667952.mockFlowFile,13B] to 'success'
[pool-145-thread-1] INFO org.apache.nifi.processors.standard.ControlRate - ControlRate[id=8657ba08-ba34-46dd-adcc-191ababb075c] transferring FlowFile[630,94710530681031.mockFlowFile,13B] to 'success'
[pool-145-thread-1] INFO org.apache.nifi.processors.standard.ControlRate - ControlRate[id=8657ba08-ba34-46dd-adcc-191ababb075c] transferring FlowFile[631,94710530698677.mockFlowFile,13B] to 'success'
[pool-145-thread-1] INFO org.apache.nifi.processors.standard.ControlRate - ControlRate[id=8657ba08-ba34-46dd-adcc-191ababb075c] transferring FlowFile[632,94710530712746.mockFlowFile,13B] to 'success'
[pool-145-thread-1] INFO org.apache.nifi.processors.standard.ControlRate - ControlRate[id=8657ba08-ba34-46dd-adcc-191ababb075c] transferring FlowFile[633,94710530725854.mockFlowFile,13B] to 'success'
[pool-145-thread-1] INFO org.apache.nifi.processors.standard.ControlRate - ControlRate[id=8657ba08-ba34-46dd-adcc-191ababb075c] transferring FlowFile[634,94710530739462.mockFlowFile,13B] to 'success'
[pool-145-thread-1] INFO org.apache.nifi.processors.standard.ControlRate - ControlRate[id=8657ba08-ba34-46dd-adcc-191ababb075c] transferring FlowFile[635,94710530751944.mockFlowFile,13B] to 'success'
[pool-145-thread-1] INFO org.apache.nifi.processors.standard.ControlRate - ControlRate[id=8657ba08-ba34-46dd-adcc-191ababb075c] transferring FlowFile[636,94710530774378.mockFlowFile,13B] to 'success'
[pool-145-thread-1] INFO org.apache.nifi.processors.standard.ControlRate - ControlRate[id=8657ba08-ba34-46dd-adcc-191ababb075c] transferring FlowFile[637,94710530791845.mockFlowFile,13B] to 'success'
[pool-145-thread-1] INFO org.apache.nifi.processors.standard.ControlRate - ControlRate[id=8657ba08-ba34-46dd-adcc-191ababb075c] transferring FlowFile[638,94710530804392.mockFlowFile,13B] to 'success'
[pool-145-thread-1] INFO org.apache.nifi.processors.standard.ControlRate - ControlRate[id=8657ba08-ba34-46dd-adcc-191ababb075c] transferring FlowFile[639,94710530821992.mockFlowFile,13B] to 'success'
[pool-145-thread-1] INFO org.apache.nifi.processors.standard.ControlRate - ControlRate[id=8657ba08-ba34-46dd-adcc-191ababb075c] transferring FlowFile[640,94710530836286.mockFlowFile,13B] to 'success'
[pool-145-thread-1] INFO org.apache.nifi.processors.standard.ControlRate - ControlRate[id=8657ba08-ba34-46dd-adcc-191ababb075c] transferring FlowFile[641,94710530849933.mockFlowFile,13B] to 'success'
[pool-145-thread-1] INFO org.apache.nifi.processors.standard.ControlRate - ControlRate[id=8657ba08-ba34-46dd-adcc-191ababb075c] transferring FlowFile[642,94710530870039.mockFlowFile,13B] to 'success'
[pool-145-thread-1] INFO org.apache.nifi.processors.standard.ControlRate - ControlRate[id=8657ba08-ba34-46dd-adcc-191ababb075c] transferring FlowFile[643,94710530883623.mockFlowFile,13B] to 'success'
[pool-145-thread-1] INFO org.apache.nifi.processors.standard.ControlRate - ControlRate[id=8657ba08-ba34-46dd-adcc-191ababb075c] transferring FlowFile[644,94710530897274.mockFlowFile,13B] to 'success'
[pool-145-thread-1] INFO org.apache.nifi.processors.standard.ControlRate - ControlRate[id=8657ba08-ba34-46dd-adcc-191ababb075c] transferring FlowFile[645,94710530911597.mockFlowFile,13B] to 'success'
[pool-145-thread-1] INFO org.apache.nifi.processors.standard.ControlRate - ControlRate[id=8657ba08-ba34-46dd-adcc-191ababb075c] transferring FlowFile[646,94710530925415.mockFlowFile,13B] to 'success'
[pool-145-thread-1] INFO org.apache.nifi.processors.standard.ControlRate - ControlRate[id=8657ba08-ba34-46dd-adcc-191ababb075c] transferring FlowFile[647,94710530943141.mockFlowFile,13B] to 'success'
[pool-145-thread-1] INFO org.apache.nifi.processors.standard.ControlRate - ControlRate[id=8657ba08-ba34-46dd-adcc-191ababb075c] transferring FlowFile[648,94710530956217.mockFlowFile,13B] to 'success'
[pool-145-thread-1] INFO org.apache.nifi.processors.standard.ControlRate - ControlRate[id=8657ba08-ba34-46dd-adcc-191ababb075c] transferring FlowFile[649,94710530970119.mockFlowFile,13B] to 'success'
[pool-145-thread-1] INFO org.apache.nifi.processors.standard.ControlRate - ControlRate[id=8657ba08-ba34-46dd-adcc-191ababb075c] transferring FlowFile[650,94710530982881.mockFlowFile,13B] to 'success'
[pool-145-thread-1] INFO org.apache.nifi.processors.standard.ControlRate - ControlRate[id=8657ba08-ba34-46dd-adcc-191ababb075c] transferring FlowFile[651,94710530997761.mockFlowFile,13B] to 'success'
[pool-145-thread-1] INFO org.apache.nifi.processors.standard.ControlRate - ControlRate[id=8657ba08-ba34-46dd-adcc-191ababb075c] transferring FlowFile[652,94710531012182.mockFlowFile,13B] to 'success'
[pool-145-thread-1] INFO org.apache.nifi.processors.standard.ControlRate - ControlRate[id=8657ba08-ba34-46dd-adcc-191ababb075c] transferring FlowFile[653,94710531024770.mockFlowFile,13B] to 'success'
[pool-145-thread-1] INFO org.apache.nifi.processors.standard.ControlRate - ControlRate[id=8657ba08-ba34-46dd-adcc-191ababb075c] transferring FlowFile[654,94710531038047.mockFlowFile,13B] to 'success'
[pool-145-thread-1] INFO org.apache.nifi.processors.standard.ControlRate - ControlRate[id=8657ba08-ba34-46dd-adcc-191ababb075c] transferring FlowFile[655,94710531055662.mockFlowFile,13B] to 'success'
[pool-145-thread-1] INFO org.apache.nifi.processors.standard.ControlRate - ControlRate[id=8657ba08-ba34-46dd-adcc-191ababb075c] transferring FlowFile[656,94710531070541.mockFlowFile,13B] to 'success'
[pool-145-thread-1] INFO org.apache.nifi.processors.standard.ControlRate - ControlRate[id=8657ba08-ba34-46dd-adcc-191ababb075c] transferring FlowFile[657,94710531084976.mockFlowFile,13B] to 'success'
[pool-145-thread-1] INFO org.apache.nifi.processors.standard.ControlRate - ControlRate[id=8657ba08-ba34-46dd-adcc-191ababb075c] transferring FlowFile[658,94710531098399.mockFlowFile,13B] to 'success'
[pool-145-thread-1] INFO org.apache.nifi.processors.standard.ControlRate - ControlRate[id=8657ba08-ba34-46dd-adcc-191ababb075c] transferring FlowFile[659,94710531112424.mockFlowFile,13B] to 'success'
[pool-145-thread-1] INFO org.apache.nifi.processors.standard.ControlRate - ControlRate[id=8657ba08-ba34-46dd-adcc-191ababb075c] transferring FlowFile[660,94710531125470.mockFlowFile,13B] to 'success'
[pool-145-thread-1] INFO org.apache.nifi.processors.standard.ControlRate - ControlRate[id=8657ba08-ba34-46dd-adcc-191ababb075c] transferring FlowFile[661,94710531140174.mockFlowFile,13B] to 'success'
[pool-145-thread-1] INFO org.apache.nifi.processors.standard.ControlRate - ControlRate[id=8657ba08-ba34-46dd-adcc-191ababb075c] transferring FlowFile[662,94710531155878.mockFlowFile,13B] to 'success'
[pool-145-thread-1] INFO org.apache.nifi.processors.standard.ControlRate - ControlRate[id=8657ba08-ba34-46dd-adcc-191ababb075c] transferring FlowFile[663,94710531173364.mockFlowFile,13B] to 'success'
[pool-145-thread-1] INFO org.apache.nifi.processors.standard.ControlRate - ControlRate[id=8657ba08-ba34-46dd-adcc-191ababb075c] transferring FlowFile[664,94710531187965.mockFlowFile,13B] to 'success'
[pool-145-thread-1] INFO org.apache.nifi.processors.standard.ControlRate - ControlRate[id=8657ba08-ba34-46dd-adcc-191ababb075c] transferring FlowFile[665,94710531201594.mockFlowFile,13B] to 'success'
[pool-145-thread-1] INFO org.apache.nifi.processors.standard.ControlRate - ControlRate[id=8657ba08-ba34-46dd-adcc-191ababb075c] transferring FlowFile[666,94710531215218.mockFlowFile,13B] to 'success'
[pool-145-thread-1] INFO org.apache.nifi.processors.standard.ControlRate - ControlRate[id=8657ba08-ba34-46dd-adcc-191ababb075c] transferring FlowFile[667,94710531228905.mockFlowFile,13B] to 'success'
[pool-145-thread-1] INFO org.apache.nifi.processors.standard.ControlRate - ControlRate[id=8657ba08-ba34-46dd-adcc-191ababb075c] transferring FlowFile[668,94710531241682.mockFlowFile,13B] to 'success'
[pool-145-thread-1] INFO org.apache.nifi.processors.standard.ControlRate - ControlRate[id=8657ba08-ba34-46dd-adcc-191ababb075c] transferring FlowFile[669,94710531255108.mockFlowFile,13B] to 'success'
[pool-145-thread-1] INFO org.apache.nifi.processors.standard.ControlRate - ControlRate[id=8657ba08-ba34-46dd-adcc-191ababb075c] transferring FlowFile[670,94710531267628.mockFlowFile,13B] to 'success'
[pool-145-thread-1] INFO org.apache.nifi.processors.standard.ControlRate - ControlRate[id=8657ba08-ba34-46dd-adcc-191ababb075c] transferring FlowFile[671,94710531289577.mockFlowFile,13B] to 'success'
[pool-145-thread-1] INFO org.apache.nifi.processors.standard.ControlRate - ControlRate[id=8657ba08-ba34-46dd-adcc-191ababb075c] transferring FlowFile[672,94710531303120.mockFlowFile,13B] to 'success'
[pool-145-thread-1] INFO org.apache.nifi.processors.standard.ControlRate - ControlRate[id=8657ba08-ba34-46dd-adcc-191ababb075c] transferring FlowFile[673,94710531316726.mockFlowFile,13B] to 'success'
[pool-145-thread-1] INFO org.apache.nifi.processors.standard.ControlRate - ControlRate[id=8657ba08-ba34-46dd-adcc-191ababb075c] transferring FlowFile[674,94710531335566.mockFlowFile,13B] to 'success'
[pool-145-thread-1] INFO org.apache.nifi.processors.standard.ControlRate - ControlRate[id=8657ba08-ba34-46dd-adcc-191ababb075c] transferring FlowFile[675,94710531350742.mockFlowFile,13B] to 'success'
[pool-145-thread-1] INFO org.apache.nifi.processors.standard.ControlRate - ControlRate[id=8657ba08-ba34-46dd-adcc-191ababb075c] transferring FlowFile[676,94710531368959.mockFlowFile,13B] to 'success'
[pool-145-thread-1] INFO org.apache.nifi.processors.standard.ControlRate - ControlRate[id=8657ba08-ba34-46dd-adcc-191ababb075c] transferring FlowFile[677,94710531381328.mockFlowFile,13B] to 'success'
[pool-145-thread-1] INFO org.apache.nifi.processors.standard.ControlRate - ControlRate[id=8657ba08-ba34-46dd-adcc-191ababb075c] transferring FlowFile[678,94710531394745.mockFlowFile,13B] to 'success'
[pool-145-thread-1] INFO org.apache.nifi.processors.standard.ControlRate - ControlRate[id=8657ba08-ba34-46dd-adcc-191ababb075c] transferring FlowFile[679,94710531417173.mockFlowFile,13B] to 'success'
[pool-145-thread-1] INFO org.apache.nifi.processors.standard.ControlRate - ControlRate[id=8657ba08-ba34-46dd-adcc-191ababb075c] transferring FlowFile[680,94710531432332.mockFlowFile,13B] to 'success'
[pool-145-thread-1] INFO org.apache.nifi.processors.standard.ControlRate - ControlRate[id=8657ba08-ba34-46dd-adcc-191ababb075c] transferring FlowFile[681,94710531541883.mockFlowFile,13B] to 'success'
[pool-145-thread-1] INFO org.apache.nifi.processors.standard.ControlRate - ControlRate[id=8657ba08-ba34-46dd-adcc-191ababb075c] transferring FlowFile[682,94710531566136.mockFlowFile,13B] to 'success'
[pool-145-thread-1] INFO org.apache.nifi.processors.standard.ControlRate - ControlRate[id=8657ba08-ba34-46dd-adcc-191ababb075c] transferring FlowFile[683,94710531580171.mockFlowFile,13B] to 'success'
[pool-145-thread-1] INFO org.apache.nifi.processors.standard.ControlRate - ControlRate[id=8657ba08-ba34-46dd-adcc-191ababb075c] transferring FlowFile[684,94710531594281.mockFlowFile,13B] to 'success'
[pool-145-thread-1] INFO org.apache.nifi.processors.standard.ControlRate - ControlRate[id=8657ba08-ba34-46dd-adcc-191ababb075c] transferring FlowFile[685,94710531607511.mockFlowFile,13B] to 'success'
[pool-145-thread-1] INFO org.apache.nifi.processors.standard.ControlRate - ControlRate[id=8657ba08-ba34-46dd-adcc-191ababb075c] transferring FlowFile[686,94710531621207.mockFlowFile,13B] to 'success'
[pool-145-thread-1] INFO org.apache.nifi.processors.standard.ControlRate - ControlRate[id=8657ba08-ba34-46dd-adcc-191ababb075c] transferring FlowFile[687,94710531641867.mockFlowFile,13B] to 'success'
[pool-145-thread-1] INFO org.apache.nifi.processors.standard.ControlRate - ControlRate[id=8657ba08-ba34-46dd-adcc-191ababb075c] transferring FlowFile[688,94710531663827.mockFlowFile,13B] to 'success'
[pool-145-thread-1] INFO org.apache.nifi.processors.standard.ControlRate - ControlRate[id=8657ba08-ba34-46dd-adcc-191ababb075c] transferring FlowFile[689,94710531679382.mockFlowFile,13B] to 'success'
[pool-145-thread-1] INFO org.apache.nifi.processors.standard.ControlRate - ControlRate[id=8657ba08-ba34-46dd-adcc-191ababb075c] transferring FlowFile[690,94710531692854.mockFlowFile,13B] to 'success'
[pool-145-thread-1] INFO org.apache.nifi.processors.standard.ControlRate - ControlRate[id=8657ba08-ba34-46dd-adcc-191ababb075c] transferring FlowFile[691,94710531707029.mockFlowFile,13B] to 'success'
[pool-145-thread-1] INFO org.apache.nifi.processors.standard.ControlRate - ControlRate[id=8657ba08-ba34-46dd-adcc-191ababb075c] transferring FlowFile[692,94710531721515.mockFlowFile,13B] to 'success'
[pool-145-thread-1] INFO org.apache.nifi.processors.standard.ControlRate - ControlRate[id=8657ba08-ba34-46dd-adcc-191ababb075c] transferring FlowFile[693,94710531735030.mockFlowFile,13B] to 'success'
[pool-145-thread-1] INFO org.apache.nifi.processors.standard.ControlRate - ControlRate[id=8657ba08-ba34-46dd-adcc-191ababb075c] transferring FlowFile[694,94710531749456.mockFlowFile,13B] to 'success'
[pool-145-thread-1] INFO org.apache.nifi.processors.standard.ControlRate - ControlRate[id=8657ba08-ba34-46dd-adcc-191ababb075c] transferring FlowFile[695,94710531767813.mockFlowFile,13B] to 'success'
[pool-145-thread-1] INFO org.apache.nifi.processors.standard.ControlRate - ControlRate[id=8657ba08-ba34-46dd-adcc-191ababb075c] transferring FlowFile[696,94710531782919.mockFlowFile,13B] to 'success'
[pool-145-thread-1] INFO org.apache.nifi.processors.standard.ControlRate - ControlRate[id=8657ba08-ba34-46dd-adcc-191ababb075c] transferring FlowFile[697,94710531797293.mockFlowFile,13B] to 'success'
[pool-145-thread-1] INFO org.apache.nifi.processors.standard.ControlRate - ControlRate[id=8657ba08-ba34-46dd-adcc-191ababb075c] transferring FlowFile[698,94710531810850.mockFlowFile,13B] to 'success'
[pool-145-thread-1] INFO org.apache.nifi.processors.standard.ControlRate - ControlRate[id=8657ba08-ba34-46dd-adcc-191ababb075c] transferring FlowFile[699,94710531825130.mockFlowFile,13B] to 'success'
[pool-145-thread-1] INFO org.apache.nifi.processors.standard.ControlRate - ControlRate[id=8657ba08-ba34-46dd-adcc-191ababb075c] transferring FlowFile[700,94710531838907.mockFlowFile,13B] to 'success'
[pool-145-thread-1] INFO org.apache.nifi.processors.standard.ControlRate - ControlRate[id=8657ba08-ba34-46dd-adcc-191ababb075c] transferring FlowFile[701,94710531854319.mockFlowFile,13B] to 'success'
[pool-145-thread-1] INFO org.apache.nifi.processors.standard.ControlRate - ControlRate[id=8657ba08-ba34-46dd-adcc-191ababb075c] transferring FlowFile[702,94710531868974.mockFlowFile,13B] to 'success'
[pool-145-thread-1] INFO org.apache.nifi.processors.standard.ControlRate - ControlRate[id=8657ba08-ba34-46dd-adcc-191ababb075c] transferring FlowFile[703,94710531887034.mockFlowFile,13B] to 'success'
[pool-145-thread-1] INFO org.apache.nifi.processors.standard.ControlRate - ControlRate[id=8657ba08-ba34-46dd-adcc-191ababb075c] transferring FlowFile[704,94710531901305.mockFlowFile,13B] to 'success'
[pool-145-thread-1] INFO org.apache.nifi.processors.standard.ControlRate - ControlRate[id=8657ba08-ba34-46dd-adcc-191ababb075c] transferring FlowFile[705,94710531913652.mockFlowFile,13B] to 'success'
[pool-145-thread-1] INFO org.apache.nifi.processors.standard.ControlRate - ControlRate[id=8657ba08-ba34-46dd-adcc-191ababb075c] transferring FlowFile[706,94710531929989.mockFlowFile,13B] to 'success'
[pool-145-thread-1] INFO org.apache.nifi.processors.standard.ControlRate - ControlRate[id=8657ba08-ba34-46dd-adcc-191ababb075c] transferring FlowFile[707,94710531949226.mockFlowFile,13B] to 'success'
[pool-145-thread-1] INFO org.apache.nifi.processors.standard.ControlRate - ControlRate[id=8657ba08-ba34-46dd-adcc-191ababb075c] transferring FlowFile[708,94710531962401.mockFlowFile,13B] to 'success'
[pool-145-thread-1] INFO org.apache.nifi.processors.standard.ControlRate - ControlRate[id=8657ba08-ba34-46dd-adcc-191ababb075c] transferring FlowFile[709,94710531975872.mockFlowFile,13B] to 'success'
[pool-145-thread-1] INFO org.apache.nifi.processors.standard.ControlRate - ControlRate[id=8657ba08-ba34-46dd-adcc-191ababb075c] transferring FlowFile[710,94710531988291.mockFlowFile,13B] to 'success'
[pool-145-thread-1] INFO org.apache.nifi.processors.standard.ControlRate - ControlRate[id=8657ba08-ba34-46dd-adcc-191ababb075c] transferring FlowFile[711,94710532016038.mockFlowFile,13B] to 'success'
[pool-145-thread-1] INFO org.apache.nifi.processors.standard.ControlRate - ControlRate[id=8657ba08-ba34-46dd-adcc-191ababb075c] transferring FlowFile[712,94710532032209.mockFlowFile,13B] to 'success'
[pool-145-thread-1] INFO org.apache.nifi.processors.standard.ControlRate - ControlRate[id=8657ba08-ba34-46dd-adcc-191ababb075c] transferring FlowFile[713,94710532047943.mockFlowFile,13B] to 'success'
[pool-145-thread-1] INFO org.apache.nifi.processors.standard.ControlRate - ControlRate[id=8657ba08-ba34-46dd-adcc-191ababb075c] transferring FlowFile[714,94710532068784.mockFlowFile,13B] to 'success'
[pool-145-thread-1] INFO org.apache.nifi.processors.standard.ControlRate - ControlRate[id=8657ba08-ba34-46dd-adcc-191ababb075c] transferring FlowFile[715,94710532086522.mockFlowFile,13B] to 'success'
[pool-145-thread-1] INFO org.apache.nifi.processors.standard.ControlRate - ControlRate[id=8657ba08-ba34-46dd-adcc-191ababb075c] transferring FlowFile[716,94710532100731.mockFlowFile,13B] to 'success'
[pool-145-thread-1] INFO org.apache.nifi.processors.standard.ControlRate - ControlRate[id=8657ba08-ba34-46dd-adcc-191ababb075c] transferring FlowFile[717,94710532114113.mockFlowFile,13B] to 'success'
[pool-145-thread-1] INFO org.apache.nifi.processors.standard.ControlRate - ControlRate[id=8657ba08-ba34-46dd-adcc-191ababb075c] transferring FlowFile[718,94710532126582.mockFlowFile,13B] to 'success'
[pool-145-thread-1] INFO org.apache.nifi.processors.standard.ControlRate - ControlRate[id=8657ba08-ba34-46dd-adcc-191ababb075c] transferring FlowFile[719,94710532144492.mockFlowFile,13B] to 'success'
[pool-145-thread-1] INFO org.apache.nifi.processors.standard.ControlRate - ControlRate[id=8657ba08-ba34-46dd-adcc-191ababb075c] transferring FlowFile[720,94710532157785.mockFlowFile,13B] to 'success'
[pool-145-thread-1] INFO org.apache.nifi.processors.standard.ControlRate - ControlRate[id=8657ba08-ba34-46dd-adcc-191ababb075c] transferring FlowFile[721,94710532202741.mockFlowFile,13B] to 'success'
[pool-145-thread-1] INFO org.apache.nifi.processors.standard.ControlRate - ControlRate[id=8657ba08-ba34-46dd-adcc-191ababb075c] transferring FlowFile[722,94710532216929.mockFlowFile,13B] to 'success'
[pool-145-thread-1] INFO org.apache.nifi.processors.standard.ControlRate - ControlRate[id=8657ba08-ba34-46dd-adcc-191ababb075c] transferring FlowFile[723,94710532229839.mockFlowFile,13B] to 'success'
[pool-145-thread-1] INFO org.apache.nifi.processors.standard.ControlRate - ControlRate[id=8657ba08-ba34-46dd-adcc-191ababb075c] transferring FlowFile[724,94710532243244.mockFlowFile,13B] to 'success'
[pool-145-thread-1] INFO org.apache.nifi.processors.standard.ControlRate - ControlRate[id=8657ba08-ba34-46dd-adcc-191ababb075c] transferring FlowFile[725,94710532255696.mockFlowFile,13B] to 'success'
[pool-145-thread-1] INFO org.apache.nifi.processors.standard.ControlRate - ControlRate[id=8657ba08-ba34-46dd-adcc-191ababb075c] transferring FlowFile[726,94710532269091.mockFlowFile,13B] to 'success'
[pool-145-thread-1] INFO org.apache.nifi.processors.standard.ControlRate - ControlRate[id=8657ba08-ba34-46dd-adcc-191ababb075c] transferring FlowFile[727,94710532286823.mockFlowFile,13B] to 'success'
[pool-145-thread-1] INFO org.apache.nifi.processors.standard.ControlRate - ControlRate[id=8657ba08-ba34-46dd-adcc-191ababb075c] transferring FlowFile[728,94710532318938.mockFlowFile,13B] to 'success'
[pool-145-thread-1] INFO org.apache.nifi.processors.standard.ControlRate - ControlRate[id=8657ba08-ba34-46dd-adcc-191ababb075c] transferring FlowFile[729,94710532332799.mockFlowFile,13B] to 'success'
[pool-145-thread-1] INFO org.apache.nifi.processors.standard.ControlRate - ControlRate[id=8657ba08-ba34-46dd-adcc-191ababb075c] transferring FlowFile[730,94710532346559.mockFlowFile,13B] to 'success'
[pool-145-thread-1] INFO org.apache.nifi.processors.standard.ControlRate - ControlRate[id=8657ba08-ba34-46dd-adcc-191ababb075c] transferring FlowFile[731,94710532360900.mockFlowFile,13B] to 'success'
[pool-145-thread-1] INFO org.apache.nifi.processors.standard.ControlRate - ControlRate[id=8657ba08-ba34-46dd-adcc-191ababb075c] transferring FlowFile[732,94710532374490.mockFlowFile,13B] to 'success'
[pool-145-thread-1] INFO org.apache.nifi.processors.standard.ControlRate - ControlRate[id=8657ba08-ba34-46dd-adcc-191ababb075c] transferring FlowFile[733,94710532387046.mockFlowFile,13B] to 'success'
[pool-145-thread-1] INFO org.apache.nifi.processors.standard.ControlRate - ControlRate[id=8657ba08-ba34-46dd-adcc-191ababb075c] transferring FlowFile[734,94710532400430.mockFlowFile,13B] to 'success'
[pool-145-thread-1] INFO org.apache.nifi.processors.standard.ControlRate - ControlRate[id=8657ba08-ba34-46dd-adcc-191ababb075c] transferring FlowFile[735,94710532417773.mockFlowFile,13B] to 'success'
[pool-145-thread-1] INFO org.apache.nifi.processors.standard.ControlRate - ControlRate[id=8657ba08-ba34-46dd-adcc-191ababb075c] transferring FlowFile[736,94710532432251.mockFlowFile,13B] to 'success'
[pool-145-thread-1] INFO org.apache.nifi.processors.standard.ControlRate - ControlRate[id=8657ba08-ba34-46dd-adcc-191ababb075c] transferring FlowFile[737,94710532445441.mockFlowFile,13B] to 'success'
[pool-145-thread-1] INFO org.apache.nifi.processors.standard.ControlRate - ControlRate[id=8657ba08-ba34-46dd-adcc-191ababb075c] transferring FlowFile[738,94710532458810.mockFlowFile,13B] to 'success'
[pool-145-thread-1] INFO org.apache.nifi.processors.standard.ControlRate - ControlRate[id=8657ba08-ba34-46dd-adcc-191ababb075c] transferring FlowFile[739,94710532472844.mockFlowFile,13B] to 'success'
[pool-145-thread-1] INFO org.apache.nifi.processors.standard.ControlRate - ControlRate[id=8657ba08-ba34-46dd-adcc-191ababb075c] transferring FlowFile[740,94710532486129.mockFlowFile,13B] to 'success'
[pool-145-thread-1] INFO org.apache.nifi.processors.standard.ControlRate - ControlRate[id=8657ba08-ba34-46dd-adcc-191ababb075c] transferring FlowFile[741,94710532500775.mockFlowFile,13B] to 'success'
[pool-145-thread-1] INFO org.apache.nifi.processors.standard.ControlRate - ControlRate[id=8657ba08-ba34-46dd-adcc-191ababb075c] transferring FlowFile[742,94710532516517.mockFlowFile,13B] to 'success'
[pool-145-thread-1] INFO org.apache.nifi.processors.standard.ControlRate - ControlRate[id=8657ba08-ba34-46dd-adcc-191ababb075c] transferring FlowFile[743,94710532536052.mockFlowFile,13B] to 'success'
[pool-145-thread-1] INFO org.apache.nifi.processors.standard.ControlRate - ControlRate[id=8657ba08-ba34-46dd-adcc-191ababb075c] transferring FlowFile[744,94710532550557.mockFlowFile,13B] to 'success'
[pool-145-thread-1] INFO org.apache.nifi.processors.standard.ControlRate - ControlRate[id=8657ba08-ba34-46dd-adcc-191ababb075c] transferring FlowFile[745,94710532563088.mockFlowFile,13B] to 'success'
[pool-145-thread-1] INFO org.apache.nifi.processors.standard.ControlRate - ControlRate[id=8657ba08-ba34-46dd-adcc-191ababb075c] transferring FlowFile[746,94710532578520.mockFlowFile,13B] to 'success'
[pool-145-thread-1] INFO org.apache.nifi.processors.standard.ControlRate - ControlRate[id=8657ba08-ba34-46dd-adcc-191ababb075c] transferring FlowFile[747,94710532591750.mockFlowFile,13B] to 'success'
[pool-145-thread-1] INFO org.apache.nifi.processors.standard.ControlRate - ControlRate[id=8657ba08-ba34-46dd-adcc-191ababb075c] transferring FlowFile[748,94710532605777.mockFlowFile,13B] to 'success'
[pool-145-thread-1] INFO org.apache.nifi.processors.standard.ControlRate - ControlRate[id=8657ba08-ba34-46dd-adcc-191ababb075c] transferring FlowFile[749,94710532619315.mockFlowFile,13B] to 'success'
[pool-145-thread-1] INFO org.apache.nifi.processors.standard.ControlRate - ControlRate[id=8657ba08-ba34-46dd-adcc-191ababb075c] transferring FlowFile[750,94710532663263.mockFlowFile,13B] to 'success'
[pool-145-thread-1] INFO org.apache.nifi.processors.standard.ControlRate - ControlRate[id=8657ba08-ba34-46dd-adcc-191ababb075c] transferring FlowFile[751,94710532696010.mockFlowFile,13B] to 'success'
[pool-145-thread-1] INFO org.apache.nifi.processors.standard.ControlRate - ControlRate[id=8657ba08-ba34-46dd-adcc-191ababb075c] transferring FlowFile[752,94710532712905.mockFlowFile,13B] to 'success'
[pool-145-thread-1] INFO org.apache.nifi.processors.standard.ControlRate - ControlRate[id=8657ba08-ba34-46dd-adcc-191ababb075c] transferring FlowFile[753,94710532726647.mockFlowFile,13B] to 'success'
[pool-145-thread-1] INFO org.apache.nifi.processors.standard.ControlRate - ControlRate[id=8657ba08-ba34-46dd-adcc-191ababb075c] transferring FlowFile[754,94710532740432.mockFlowFile,13B] to 'success'
[pool-145-thread-1] INFO org.apache.nifi.processors.standard.ControlRate - ControlRate[id=8657ba08-ba34-46dd-adcc-191ababb075c] transferring FlowFile[755,94710532752873.mockFlowFile,13B] to 'success'
[pool-145-thread-1] INFO org.apache.nifi.processors.standard.ControlRate - ControlRate[id=8657ba08-ba34-46dd-adcc-191ababb075c] transferring FlowFile[756,94710532766220.mockFlowFile,13B] to 'success'
[pool-145-thread-1] INFO org.apache.nifi.processors.standard.ControlRate - ControlRate[id=8657ba08-ba34-46dd-adcc-191ababb075c] transferring FlowFile[757,94710532779617.mockFlowFile,13B] to 'success'
[pool-145-thread-1] INFO org.apache.nifi.processors.standard.ControlRate - ControlRate[id=8657ba08-ba34-46dd-adcc-191ababb075c] transferring FlowFile[758,94710532792888.mockFlowFile,13B] to 'success'
[pool-145-thread-1] INFO org.apache.nifi.processors.standard.ControlRate - ControlRate[id=8657ba08-ba34-46dd-adcc-191ababb075c] transferring FlowFile[759,94710532812109.mockFlowFile,13B] to 'success'
[pool-145-thread-1] INFO org.apache.nifi.processors.standard.ControlRate - ControlRate[id=8657ba08-ba34-46dd-adcc-191ababb075c] transferring FlowFile[760,94710532825195.mockFlowFile,13B] to 'success'
[pool-145-thread-1] INFO org.apache.nifi.processors.standard.ControlRate - ControlRate[id=8657ba08-ba34-46dd-adcc-191ababb075c] transferring FlowFile[761,94710532838573.mockFlowFile,13B] to 'success'
[pool-145-thread-1] INFO org.apache.nifi.processors.standard.ControlRate - ControlRate[id=8657ba08-ba34-46dd-adcc-191ababb075c] transferring FlowFile[762,94710532851871.mockFlowFile,13B] to 'success'
[pool-145-thread-1] INFO org.apache.nifi.processors.standard.ControlRate - ControlRate[id=8657ba08-ba34-46dd-adcc-191ababb075c] transferring FlowFile[763,94710532864554.mockFlowFile,13B] to 'success'
[pool-145-thread-1] INFO org.apache.nifi.processors.standard.ControlRate - ControlRate[id=8657ba08-ba34-46dd-adcc-191ababb075c] transferring FlowFile[764,94710532878121.mockFlowFile,13B] to 'success'
[pool-145-thread-1] INFO org.apache.nifi.processors.standard.ControlRate - ControlRate[id=8657ba08-ba34-46dd-adcc-191ababb075c] transferring FlowFile[765,94710532891206.mockFlowFile,13B] to 'success'
[pool-145-thread-1] INFO org.apache.nifi.processors.standard.ControlRate - ControlRate[id=8657ba08-ba34-46dd-adcc-191ababb075c] transferring FlowFile[766,94710532905479.mockFlowFile,13B] to 'success'
[pool-145-thread-1] INFO org.apache.nifi.processors.standard.ControlRate - ControlRate[id=8657ba08-ba34-46dd-adcc-191ababb075c] transferring FlowFile[767,94710532924089.mockFlowFile,13B] to 'success'
[pool-145-thread-1] INFO org.apache.nifi.processors.standard.ControlRate - ControlRate[id=8657ba08-ba34-46dd-adcc-191ababb075c] transferring FlowFile[768,94710532951135.mockFlowFile,13B] to 'success'
[pool-145-thread-1] INFO org.apache.nifi.processors.standard.ControlRate - ControlRate[id=8657ba08-ba34-46dd-adcc-191ababb075c] transferring FlowFile[769,94710532966444.mockFlowFile,13B] to 'success'
[pool-145-thread-1] INFO org.apache.nifi.processors.standard.ControlRate - ControlRate[id=8657ba08-ba34-46dd-adcc-191ababb075c] transferring FlowFile[770,94710532979271.mockFlowFile,13B] to 'success'
[pool-145-thread-1] INFO org.apache.nifi.processors.standard.ControlRate - ControlRate[id=8657ba08-ba34-46dd-adcc-191ababb075c] transferring FlowFile[771,94710532993519.mockFlowFile,13B] to 'success'
[pool-145-thread-1] INFO org.apache.nifi.processors.standard.ControlRate - ControlRate[id=8657ba08-ba34-46dd-adcc-191ababb075c] transferring FlowFile[772,94710533007204.mockFlowFile,13B] to 'success'
[pool-145-thread-1] INFO org.apache.nifi.processors.standard.ControlRate - ControlRate[id=8657ba08-ba34-46dd-adcc-191ababb075c] transferring FlowFile[773,94710533020448.mockFlowFile,13B] to 'success'
[pool-145-thread-1] INFO org.apache.nifi.processors.standard.ControlRate - ControlRate[id=8657ba08-ba34-46dd-adcc-191ababb075c] transferring FlowFile[774,94710533034656.mockFlowFile,13B] to 'success'
[pool-145-thread-1] INFO org.apache.nifi.processors.standard.ControlRate - ControlRate[id=8657ba08-ba34-46dd-adcc-191ababb075c] transferring FlowFile[775,94710533053129.mockFlowFile,13B] to 'success'
[pool-145-thread-1] INFO org.apache.nifi.processors.standard.ControlRate - ControlRate[id=8657ba08-ba34-46dd-adcc-191ababb075c] transferring FlowFile[776,94710533078232.mockFlowFile,13B] to 'success'
[pool-145-thread-1] INFO org.apache.nifi.processors.standard.ControlRate - ControlRate[id=8657ba08-ba34-46dd-adcc-191ababb075c] transferring FlowFile[777,94710533093165.mockFlowFile,13B] to 'success'
[pool-145-thread-1] INFO org.apache.nifi.processors.standard.ControlRate - ControlRate[id=8657ba08-ba34-46dd-adcc-191ababb075c] transferring FlowFile[778,94710533122632.mockFlowFile,13B] to 'success'
[pool-145-thread-1] INFO org.apache.nifi.processors.standard.ControlRate - ControlRate[id=8657ba08-ba34-46dd-adcc-191ababb075c] transferring FlowFile[779,94710533137670.mockFlowFile,13B] to 'success'
[pool-145-thread-1] INFO org.apache.nifi.processors.standard.ControlRate - ControlRate[id=8657ba08-ba34-46dd-adcc-191ababb075c] transferring FlowFile[780,94710533151860.mockFlowFile,13B] to 'success'
[pool-145-thread-1] INFO org.apache.nifi.processors.standard.ControlRate - ControlRate[id=8657ba08-ba34-46dd-adcc-191ababb075c] transferring FlowFile[781,94710533166275.mockFlowFile,13B] to 'success'
[pool-145-thread-1] INFO org.apache.nifi.processors.standard.ControlRate - ControlRate[id=8657ba08-ba34-46dd-adcc-191ababb075c] transferring FlowFile[782,94710533180599.mockFlowFile,13B] to 'success'
[pool-145-thread-1] INFO org.apache.nifi.processors.standard.ControlRate - ControlRate[id=8657ba08-ba34-46dd-adcc-191ababb075c] transferring FlowFile[783,94710533198708.mockFlowFile,13B] to 'success'
[pool-145-thread-1] INFO org.apache.nifi.processors.standard.ControlRate - ControlRate[id=8657ba08-ba34-46dd-adcc-191ababb075c] transferring FlowFile[784,94710533212991.mockFlowFile,13B] to 'success'
[pool-145-thread-1] INFO org.apache.nifi.processors.standard.ControlRate - ControlRate[id=8657ba08-ba34-46dd-adcc-191ababb075c] transferring FlowFile[785,94710533225846.mockFlowFile,13B] to 'success'
[pool-145-thread-1] INFO org.apache.nifi.processors.standard.ControlRate - ControlRate[id=8657ba08-ba34-46dd-adcc-191ababb075c] transferring FlowFile[786,94710533239548.mockFlowFile,13B] to 'success'
[pool-145-thread-1] INFO org.apache.nifi.processors.standard.ControlRate - ControlRate[id=8657ba08-ba34-46dd-adcc-191ababb075c] transferring FlowFile[787,94710533253220.mockFlowFile,13B] to 'success'
[pool-145-thread-1] INFO org.apache.nifi.processors.standard.ControlRate - ControlRate[id=8657ba08-ba34-46dd-adcc-191ababb075c] transferring FlowFile[788,94710533265974.mockFlowFile,13B] to 'success'
[pool-145-thread-1] INFO org.apache.nifi.processors.standard.ControlRate - ControlRate[id=8657ba08-ba34-46dd-adcc-191ababb075c] transferring FlowFile[789,94710533279299.mockFlowFile,13B] to 'success'
[pool-145-thread-1] INFO org.apache.nifi.processors.standard.ControlRate - ControlRate[id=8657ba08-ba34-46dd-adcc-191ababb075c] transferring FlowFile[790,94710533291747.mockFlowFile,13B] to 'success'
[pool-145-thread-1] INFO org.apache.nifi.processors.standard.ControlRate - ControlRate[id=8657ba08-ba34-46dd-adcc-191ababb075c] transferring FlowFile[791,94710533310127.mockFlowFile,13B] to 'success'
[pool-145-thread-1] INFO org.apache.nifi.processors.standard.ControlRate - ControlRate[id=8657ba08-ba34-46dd-adcc-191ababb075c] transferring FlowFile[792,94710533324347.mockFlowFile,13B] to 'success'
[pool-145-thread-1] INFO org.apache.nifi.processors.standard.ControlRate - ControlRate[id=8657ba08-ba34-46dd-adcc-191ababb075c] transferring FlowFile[793,94710533336996.mockFlowFile,13B] to 'success'
[pool-145-thread-1] INFO org.apache.nifi.processors.standard.ControlRate - ControlRate[id=8657ba08-ba34-46dd-adcc-191ababb075c] transferring FlowFile[794,94710533350434.mockFlowFile,13B] to 'success'
[pool-145-thread-1] INFO org.apache.nifi.processors.standard.ControlRate - ControlRate[id=8657ba08-ba34-46dd-adcc-191ababb075c] transferring FlowFile[795,94710533363433.mockFlowFile,13B] to 'success'
[pool-145-thread-1] INFO org.apache.nifi.processors.standard.ControlRate - ControlRate[id=8657ba08-ba34-46dd-adcc-191ababb075c] transferring FlowFile[796,94710533376859.mockFlowFile,13B] to 'success'
[pool-145-thread-1] INFO org.apache.nifi.processors.standard.ControlRate - ControlRate[id=8657ba08-ba34-46dd-adcc-191ababb075c] transferring FlowFile[797,94710533392889.mockFlowFile,13B] to 'success'
[pool-145-thread-1] INFO org.apache.nifi.processors.standard.ControlRate - ControlRate[id=8657ba08-ba34-46dd-adcc-191ababb075c] transferring FlowFile[798,94710533406595.mockFlowFile,13B] to 'success'
[pool-145-thread-1] INFO org.apache.nifi.processors.standard.ControlRate - ControlRate[id=8657ba08-ba34-46dd-adcc-191ababb075c] transferring FlowFile[799,94710533448401.mockFlowFile,13B] to 'success'
[pool-145-thread-1] INFO org.apache.nifi.processors.standard.ControlRate - ControlRate[id=8657ba08-ba34-46dd-adcc-191ababb075c] transferring FlowFile[800,94710533463349.mockFlowFile,13B] to 'success'
[pool-145-thread-1] INFO org.apache.nifi.processors.standard.ControlRate - ControlRate[id=8657ba08-ba34-46dd-adcc-191ababb075c] transferring FlowFile[801,94710533478115.mockFlowFile,13B] to 'success'
[pool-145-thread-1] INFO org.apache.nifi.processors.standard.ControlRate - ControlRate[id=8657ba08-ba34-46dd-adcc-191ababb075c] transferring FlowFile[802,94710533492071.mockFlowFile,13B] to 'success'
[pool-145-thread-1] INFO org.apache.nifi.processors.standard.ControlRate - ControlRate[id=8657ba08-ba34-46dd-adcc-191ababb075c] transferring FlowFile[803,94710533505754.mockFlowFile,13B] to 'success'
[pool-145-thread-1] INFO org.apache.nifi.processors.standard.ControlRate - ControlRate[id=8657ba08-ba34-46dd-adcc-191ababb075c] transferring FlowFile[804,94710533519694.mockFlowFile,13B] to 'success'
[pool-145-thread-1] INFO org.apache.nifi.processors.standard.ControlRate - ControlRate[id=8657ba08-ba34-46dd-adcc-191ababb075c] transferring FlowFile[805,94710533532699.mockFlowFile,13B] to 'success'
[pool-145-thread-1] INFO org.apache.nifi.processors.standard.ControlRate - ControlRate[id=8657ba08-ba34-46dd-adcc-191ababb075c] transferring FlowFile[806,94710533546429.mockFlowFile,13B] to 'success'
[pool-145-thread-1] INFO org.apache.nifi.processors.standard.ControlRate - ControlRate[id=8657ba08-ba34-46dd-adcc-191ababb075c] transferring FlowFile[807,94710533565121.mockFlowFile,13B] to 'success'
[pool-145-thread-1] INFO org.apache.nifi.processors.standard.ControlRate - ControlRate[id=8657ba08-ba34-46dd-adcc-191ababb075c] transferring FlowFile[808,94710533578866.mockFlowFile,13B] to 'success'
[pool-145-thread-1] INFO org.apache.nifi.processors.standard.ControlRate - ControlRate[id=8657ba08-ba34-46dd-adcc-191ababb075c] transferring FlowFile[809,94710533592876.mockFlowFile,13B] to 'success'
[pool-145-thread-1] INFO org.apache.nifi.processors.standard.ControlRate - ControlRate[id=8657ba08-ba34-46dd-adcc-191ababb075c] transferring FlowFile[810,94710533607430.mockFlowFile,13B] to 'success'
[pool-145-thread-1] INFO org.apache.nifi.processors.standard.ControlRate - ControlRate[id=8657ba08-ba34-46dd-adcc-191ababb075c] transferring FlowFile[811,94710533620751.mockFlowFile,13B] to 'success'
[pool-145-thread-1] INFO org.apache.nifi.processors.standard.ControlRate - ControlRate[id=8657ba08-ba34-46dd-adcc-191ababb075c] transferring FlowFile[812,94710533655526.mockFlowFile,13B] to 'success'
[pool-145-thread-1] INFO org.apache.nifi.processors.standard.ControlRate - ControlRate[id=8657ba08-ba34-46dd-adcc-191ababb075c] transferring FlowFile[813,94710533668974.mockFlowFile,13B] to 'success'
[pool-145-thread-1] INFO org.apache.nifi.processors.standard.ControlRate - ControlRate[id=8657ba08-ba34-46dd-adcc-191ababb075c] transferring FlowFile[814,94710533682311.mockFlowFile,13B] to 'success'
[pool-145-thread-1] INFO org.apache.nifi.processors.standard.ControlRate - ControlRate[id=8657ba08-ba34-46dd-adcc-191ababb075c] transferring FlowFile[815,94710533700799.mockFlowFile,13B] to 'success'
[pool-145-thread-1] INFO org.apache.nifi.processors.standard.ControlRate - ControlRate[id=8657ba08-ba34-46dd-adcc-191ababb075c] transferring FlowFile[816,94710533714948.mockFlowFile,13B] to 'success'
[pool-145-thread-1] INFO org.apache.nifi.processors.standard.ControlRate - ControlRate[id=8657ba08-ba34-46dd-adcc-191ababb075c] transferring FlowFile[817,94710533728687.mockFlowFile,13B] to 'success'
[pool-145-thread-1] INFO org.apache.nifi.processors.standard.ControlRate - ControlRate[id=8657ba08-ba34-46dd-adcc-191ababb075c] transferring FlowFile[818,94710533741715.mockFlowFile,13B] to 'success'
[pool-145-thread-1] INFO org.apache.nifi.processors.standard.ControlRate - ControlRate[id=8657ba08-ba34-46dd-adcc-191ababb075c] transferring FlowFile[819,94710533755233.mockFlowFile,13B] to 'success'
[pool-145-thread-1] INFO org.apache.nifi.processors.standard.ControlRate - ControlRate[id=8657ba08-ba34-46dd-adcc-191ababb075c] transferring FlowFile[820,94710533767684.mockFlowFile,13B] to 'success'
[pool-145-thread-1] INFO org.apache.nifi.processors.standard.ControlRate - ControlRate[id=8657ba08-ba34-46dd-adcc-191ababb075c] transferring FlowFile[821,94710533781133.mockFlowFile,13B] to 'success'
[pool-145-thread-1] INFO org.apache.nifi.processors.standard.ControlRate - ControlRate[id=8657ba08-ba34-46dd-adcc-191ababb075c] transferring FlowFile[822,94710533798350.mockFlowFile,13B] to 'success'
[pool-145-thread-1] INFO org.apache.nifi.processors.standard.ControlRate - ControlRate[id=8657ba08-ba34-46dd-adcc-191ababb075c] transferring FlowFile[823,94710533816664.mockFlowFile,13B] to 'success'
[pool-145-thread-1] INFO org.apache.nifi.processors.standard.ControlRate - ControlRate[id=8657ba08-ba34-46dd-adcc-191ababb075c] transferring FlowFile[824,94710533832003.mockFlowFile,13B] to 'success'
[pool-145-thread-1] INFO org.apache.nifi.processors.standard.ControlRate - ControlRate[id=8657ba08-ba34-46dd-adcc-191ababb075c] transferring FlowFile[825,94710533846222.mockFlowFile,13B] to 'success'
[pool-145-thread-1] INFO org.apache.nifi.processors.standard.ControlRate - ControlRate[id=8657ba08-ba34-46dd-adcc-191ababb075c] transferring FlowFile[826,94710533868270.mockFlowFile,13B] to 'success'
[pool-145-thread-1] INFO org.apache.nifi.processors.standard.ControlRate - ControlRate[id=8657ba08-ba34-46dd-adcc-191ababb075c] transferring FlowFile[827,94710533883180.mockFlowFile,13B] to 'success'
[pool-145-thread-1] INFO org.apache.nifi.processors.standard.ControlRate - ControlRate[id=8657ba08-ba34-46dd-adcc-191ababb075c] transferring FlowFile[828,94710533896309.mockFlowFile,13B] to 'success'
[pool-145-thread-1] INFO org.apache.nifi.processors.standard.ControlRate - ControlRate[id=8657ba08-ba34-46dd-adcc-191ababb075c] transferring FlowFile[829,94710533910080.mockFlowFile,13B] to 'success'
[pool-145-thread-1] INFO org.apache.nifi.processors.standard.ControlRate - ControlRate[id=8657ba08-ba34-46dd-adcc-191ababb075c] transferring FlowFile[830,94710533925346.mockFlowFile,13B] to 'success'
[pool-145-thread-1] INFO org.apache.nifi.processors.standard.ControlRate - ControlRate[id=8657ba08-ba34-46dd-adcc-191ababb075c] transferring FlowFile[831,94710533945042.mockFlowFile,13B] to 'success'
[pool-145-thread-1] INFO org.apache.nifi.processors.standard.ControlRate - ControlRate[id=8657ba08-ba34-46dd-adcc-191ababb075c] transferring FlowFile[832,94710533959440.mockFlowFile,13B] to 'success'
[pool-145-thread-1] INFO org.apache.nifi.processors.standard.ControlRate - ControlRate[id=8657ba08-ba34-46dd-adcc-191ababb075c] transferring FlowFile[833,94710533972498.mockFlowFile,13B] to 'success'
[pool-145-thread-1] INFO org.apache.nifi.processors.standard.ControlRate - ControlRate[id=8657ba08-ba34-46dd-adcc-191ababb075c] transferring FlowFile[834,94710533988672.mockFlowFile,13B] to 'success'
[pool-145-thread-1] INFO org.apache.nifi.processors.standard.ControlRate - ControlRate[id=8657ba08-ba34-46dd-adcc-191ababb075c] transferring FlowFile[835,94710534002142.mockFlowFile,13B] to 'success'
[pool-145-thread-1] INFO org.apache.nifi.processors.standard.ControlRate - ControlRate[id=8657ba08-ba34-46dd-adcc-191ababb075c] transferring FlowFile[836,94710534015976.mockFlowFile,13B] to 'success'
[pool-145-thread-1] INFO org.apache.nifi.processors.standard.ControlRate - ControlRate[id=8657ba08-ba34-46dd-adcc-191ababb075c] transferring FlowFile[837,94710534029570.mockFlowFile,13B] to 'success'
[pool-145-thread-1] INFO org.apache.nifi.processors.standard.ControlRate - ControlRate[id=8657ba08-ba34-46dd-adcc-191ababb075c] transferring FlowFile[838,94710534042609.mockFlowFile,13B] to 'success'
[pool-145-thread-1] INFO org.apache.nifi.processors.standard.ControlRate - ControlRate[id=8657ba08-ba34-46dd-adcc-191ababb075c] transferring FlowFile[839,94710534061986.mockFlowFile,13B] to 'success'
[pool-145-thread-1] INFO org.apache.nifi.processors.standard.ControlRate - ControlRate[id=8657ba08-ba34-46dd-adcc-191ababb075c] transferring FlowFile[840,94710534075660.mockFlowFile,13B] to 'success'
[pool-145-thread-1] INFO org.apache.nifi.processors.standard.ControlRate - ControlRate[id=8657ba08-ba34-46dd-adcc-191ababb075c] transferring FlowFile[841,94710534090235.mockFlowFile,13B] to 'success'
[pool-145-thread-1] INFO org.apache.nifi.processors.standard.ControlRate - ControlRate[id=8657ba08-ba34-46dd-adcc-191ababb075c] transferring FlowFile[842,94710534126943.mockFlowFile,13B] to 'success'
[pool-145-thread-1] INFO org.apache.nifi.processors.standard.ControlRate - ControlRate[id=8657ba08-ba34-46dd-adcc-191ababb075c] transferring FlowFile[843,94710534141557.mockFlowFile,13B] to 'success'
[pool-145-thread-1] INFO org.apache.nifi.processors.standard.ControlRate - ControlRate[id=8657ba08-ba34-46dd-adcc-191ababb075c] transferring FlowFile[844,94710534155538.mockFlowFile,13B] to 'success'
[pool-145-thread-1] INFO org.apache.nifi.processors.standard.ControlRate - ControlRate[id=8657ba08-ba34-46dd-adcc-191ababb075c] transferring FlowFile[845,94710534168457.mockFlowFile,13B] to 'success'
[pool-145-thread-1] INFO org.apache.nifi.processors.standard.ControlRate - ControlRate[id=8657ba08-ba34-46dd-adcc-191ababb075c] transferring FlowFile[846,94710534181912.mockFlowFile,13B] to 'success'
[pool-145-thread-1] INFO org.apache.nifi.processors.standard.ControlRate - ControlRate[id=8657ba08-ba34-46dd-adcc-191ababb075c] transferring FlowFile[847,94710534200460.mockFlowFile,13B] to 'success'
[pool-145-thread-1] INFO org.apache.nifi.processors.standard.ControlRate - ControlRate[id=8657ba08-ba34-46dd-adcc-191ababb075c] transferring FlowFile[848,94710534214693.mockFlowFile,13B] to 'success'
[pool-145-thread-1] INFO org.apache.nifi.processors.standard.ControlRate - ControlRate[id=8657ba08-ba34-46dd-adcc-191ababb075c] transferring FlowFile[849,94710534233419.mockFlowFile,13B] to 'success'
[pool-145-thread-1] INFO org.apache.nifi.processors.standard.ControlRate - ControlRate[id=8657ba08-ba34-46dd-adcc-191ababb075c] transferring FlowFile[850,94710534247252.mockFlowFile,13B] to 'success'
[pool-145-thread-1] INFO org.apache.nifi.processors.standard.ControlRate - ControlRate[id=8657ba08-ba34-46dd-adcc-191ababb075c] transferring FlowFile[851,94710534261014.mockFlowFile,13B] to 'success'
[pool-145-thread-1] INFO org.apache.nifi.processors.standard.ControlRate - ControlRate[id=8657ba08-ba34-46dd-adcc-191ababb075c] transferring FlowFile[852,94710534274882.mockFlowFile,13B] to 'success'
[pool-145-thread-1] INFO org.apache.nifi.processors.standard.ControlRate - ControlRate[id=8657ba08-ba34-46dd-adcc-191ababb075c] transferring FlowFile[853,94710534287928.mockFlowFile,13B] to 'success'
[pool-145-thread-1] INFO org.apache.nifi.processors.standard.ControlRate - ControlRate[id=8657ba08-ba34-46dd-adcc-191ababb075c] transferring FlowFile[854,94710534301220.mockFlowFile,13B] to 'success'
[pool-145-thread-1] INFO org.apache.nifi.processors.standard.ControlRate - ControlRate[id=8657ba08-ba34-46dd-adcc-191ababb075c] transferring FlowFile[855,94710534319285.mockFlowFile,13B] to 'success'
[pool-145-thread-1] INFO org.apache.nifi.processors.standard.ControlRate - ControlRate[id=8657ba08-ba34-46dd-adcc-191ababb075c] transferring FlowFile[856,94710534333716.mockFlowFile,13B] to 'success'
[pool-145-thread-1] INFO org.apache.nifi.processors.standard.ControlRate - ControlRate[id=8657ba08-ba34-46dd-adcc-191ababb075c] transferring FlowFile[857,94710534354498.mockFlowFile,13B] to 'success'
[pool-145-thread-1] INFO org.apache.nifi.processors.standard.ControlRate - ControlRate[id=8657ba08-ba34-46dd-adcc-191ababb075c] transferring FlowFile[858,94710534371106.mockFlowFile,13B] to 'success'
[pool-145-thread-1] INFO org.apache.nifi.processors.standard.ControlRate - ControlRate[id=8657ba08-ba34-46dd-adcc-191ababb075c] transferring FlowFile[859,94710534385960.mockFlowFile,13B] to 'success'
[pool-145-thread-1] INFO org.apache.nifi.processors.standard.ControlRate - ControlRate[id=8657ba08-ba34-46dd-adcc-191ababb075c] transferring FlowFile[860,94710534398802.mockFlowFile,13B] to 'success'
[pool-145-thread-1] INFO org.apache.nifi.processors.standard.ControlRate - ControlRate[id=8657ba08-ba34-46dd-adcc-191ababb075c] transferring FlowFile[861,94710534412267.mockFlowFile,13B] to 'success'
[pool-145-thread-1] INFO org.apache.nifi.processors.standard.ControlRate - ControlRate[id=8657ba08-ba34-46dd-adcc-191ababb075c] transferring FlowFile[862,94710534425734.mockFlowFile,13B] to 'success'
[pool-145-thread-1] INFO org.apache.nifi.processors.standard.ControlRate - ControlRate[id=8657ba08-ba34-46dd-adcc-191ababb075c] transferring FlowFile[863,94710534444199.mockFlowFile,13B] to 'success'
[pool-145-thread-1] INFO org.apache.nifi.processors.standard.ControlRate - ControlRate[id=8657ba08-ba34-46dd-adcc-191ababb075c] transferring FlowFile[864,94710534458661.mockFlowFile,13B] to 'success'
[pool-145-thread-1] INFO org.apache.nifi.processors.standard.ControlRate - ControlRate[id=8657ba08-ba34-46dd-adcc-191ababb075c] transferring FlowFile[865,94710534471060.mockFlowFile,13B] to 'success'
[pool-145-thread-1] INFO org.apache.nifi.processors.standard.ControlRate - ControlRate[id=8657ba08-ba34-46dd-adcc-191ababb075c] transferring FlowFile[866,94710534484915.mockFlowFile,13B] to 'success'
[pool-145-thread-1] INFO org.apache.nifi.processors.standard.ControlRate - ControlRate[id=8657ba08-ba34-46dd-adcc-191ababb075c] transferring FlowFile[867,94710534498608.mockFlowFile,13B] to 'success'
[pool-145-thread-1] INFO org.apache.nifi.processors.standard.ControlRate - ControlRate[id=8657ba08-ba34-46dd-adcc-191ababb075c] transferring FlowFile[868,94710534512038.mockFlowFile,13B] to 'success'
[pool-145-thread-1] INFO org.apache.nifi.processors.standard.ControlRate - ControlRate[id=8657ba08-ba34-46dd-adcc-191ababb075c] transferring FlowFile[869,94710534526842.mockFlowFile,13B] to 'success'
[pool-145-thread-1] INFO org.apache.nifi.processors.standard.ControlRate - ControlRate[id=8657ba08-ba34-46dd-adcc-191ababb075c] transferring FlowFile[870,94710534542046.mockFlowFile,13B] to 'success'
[pool-145-thread-1] INFO org.apache.nifi.processors.standard.ControlRate - ControlRate[id=8657ba08-ba34-46dd-adcc-191ababb075c] transferring FlowFile[871,94710534561116.mockFlowFile,13B] to 'success'
[pool-145-thread-1] INFO org.apache.nifi.processors.standard.ControlRate - ControlRate[id=8657ba08-ba34-46dd-adcc-191ababb075c] transferring FlowFile[872,94710534575996.mockFlowFile,13B] to 'success'
[pool-145-thread-1] INFO org.apache.nifi.processors.standard.ControlRate - ControlRate[id=8657ba08-ba34-46dd-adcc-191ababb075c] transferring FlowFile[873,94710534588359.mockFlowFile,13B] to 'success'
[pool-145-thread-1] INFO org.apache.nifi.processors.standard.ControlRate - ControlRate[id=8657ba08-ba34-46dd-adcc-191ababb075c] transferring FlowFile[874,94710534601647.mockFlowFile,13B] to 'success'
[pool-145-thread-1] INFO org.apache.nifi.processors.standard.ControlRate - ControlRate[id=8657ba08-ba34-46dd-adcc-191ababb075c] transferring FlowFile[875,94710534614395.mockFlowFile,13B] to 'success'
[pool-145-thread-1] INFO org.apache.nifi.processors.standard.ControlRate - ControlRate[id=8657ba08-ba34-46dd-adcc-191ababb075c] transferring FlowFile[876,94710534627217.mockFlowFile,13B] to 'success'
[pool-145-thread-1] INFO org.apache.nifi.processors.standard.ControlRate - ControlRate[id=8657ba08-ba34-46dd-adcc-191ababb075c] transferring FlowFile[877,94710534640564.mockFlowFile,13B] to 'success'
[pool-145-thread-1] INFO org.apache.nifi.processors.standard.ControlRate - ControlRate[id=8657ba08-ba34-46dd-adcc-191ababb075c] transferring FlowFile[878,94710534653037.mockFlowFile,13B] to 'success'
[pool-145-thread-1] INFO org.apache.nifi.processors.standard.ControlRate - ControlRate[id=8657ba08-ba34-46dd-adcc-191ababb075c] transferring FlowFile[879,94710534670798.mockFlowFile,13B] to 'success'
[pool-145-thread-1] INFO org.apache.nifi.processors.standard.ControlRate - ControlRate[id=8657ba08-ba34-46dd-adcc-191ababb075c] transferring FlowFile[880,94710534683937.mockFlowFile,13B] to 'success'
[pool-145-thread-1] INFO org.apache.nifi.processors.standard.ControlRate - ControlRate[id=8657ba08-ba34-46dd-adcc-191ababb075c] transferring FlowFile[881,94710534699371.mockFlowFile,13B] to 'success'
[pool-145-thread-1] INFO org.apache.nifi.processors.standard.ControlRate - ControlRate[id=8657ba08-ba34-46dd-adcc-191ababb075c] transferring FlowFile[882,94710534712828.mockFlowFile,13B] to 'success'
[pool-145-thread-1] INFO org.apache.nifi.processors.standard.ControlRate - ControlRate[id=8657ba08-ba34-46dd-adcc-191ababb075c] transferring FlowFile[883,94710534725275.mockFlowFile,13B] to 'success'
[pool-145-thread-1] INFO org.apache.nifi.processors.standard.ControlRate - ControlRate[id=8657ba08-ba34-46dd-adcc-191ababb075c] transferring FlowFile[884,94710534738478.mockFlowFile,13B] to 'success'
[pool-145-thread-1] INFO org.apache.nifi.processors.standard.ControlRate - ControlRate[id=8657ba08-ba34-46dd-adcc-191ababb075c] transferring FlowFile[885,94710534750699.mockFlowFile,13B] to 'success'
[pool-145-thread-1] INFO org.apache.nifi.processors.standard.ControlRate - ControlRate[id=8657ba08-ba34-46dd-adcc-191ababb075c] transferring FlowFile[886,94710534763637.mockFlowFile,13B] to 'success'
[pool-145-thread-1] INFO org.apache.nifi.processors.standard.ControlRate - ControlRate[id=8657ba08-ba34-46dd-adcc-191ababb075c] transferring FlowFile[887,94710534780698.mockFlowFile,13B] to 'success'
[pool-145-thread-1] INFO org.apache.nifi.processors.standard.ControlRate - ControlRate[id=8657ba08-ba34-46dd-adcc-191ababb075c] transferring FlowFile[888,94710534792691.mockFlowFile,13B] to 'success'
[pool-145-thread-1] INFO org.apache.nifi.processors.standard.ControlRate - ControlRate[id=8657ba08-ba34-46dd-adcc-191ababb075c] transferring FlowFile[889,94710534805277.mockFlowFile,13B] to 'success'
[pool-145-thread-1] INFO org.apache.nifi.processors.standard.ControlRate - ControlRate[id=8657ba08-ba34-46dd-adcc-191ababb075c] transferring FlowFile[890,94710534817389.mockFlowFile,13B] to 'success'
[pool-145-thread-1] INFO org.apache.nifi.processors.standard.ControlRate - ControlRate[id=8657ba08-ba34-46dd-adcc-191ababb075c] transferring FlowFile[891,94710534832383.mockFlowFile,13B] to 'success'
[pool-145-thread-1] INFO org.apache.nifi.processors.standard.ControlRate - ControlRate[id=8657ba08-ba34-46dd-adcc-191ababb075c] transferring FlowFile[892,94710534844996.mockFlowFile,13B] to 'success'
[pool-145-thread-1] INFO org.apache.nifi.processors.standard.ControlRate - ControlRate[id=8657ba08-ba34-46dd-adcc-191ababb075c] transferring FlowFile[893,94710534857614.mockFlowFile,13B] to 'success'
[pool-145-thread-1] INFO org.apache.nifi.processors.standard.ControlRate - ControlRate[id=8657ba08-ba34-46dd-adcc-191ababb075c] transferring FlowFile[894,94710534870676.mockFlowFile,13B] to 'success'
[pool-145-thread-1] INFO org.apache.nifi.processors.standard.ControlRate - ControlRate[id=8657ba08-ba34-46dd-adcc-191ababb075c] transferring FlowFile[895,94710534887875.mockFlowFile,13B] to 'success'
[pool-145-thread-1] INFO org.apache.nifi.processors.standard.ControlRate - ControlRate[id=8657ba08-ba34-46dd-adcc-191ababb075c] transferring FlowFile[896,94710534901693.mockFlowFile,13B] to 'success'
[pool-145-thread-1] INFO org.apache.nifi.processors.standard.ControlRate - ControlRate[id=8657ba08-ba34-46dd-adcc-191ababb075c] transferring FlowFile[897,94710534916494.mockFlowFile,13B] to 'success'
[pool-145-thread-1] INFO org.apache.nifi.processors.standard.ControlRate - ControlRate[id=8657ba08-ba34-46dd-adcc-191ababb075c] transferring FlowFile[898,94710534930367.mockFlowFile,13B] to 'success'
[pool-145-thread-1] INFO org.apache.nifi.processors.standard.ControlRate - ControlRate[id=8657ba08-ba34-46dd-adcc-191ababb075c] transferring FlowFile[899,94710534970724.mockFlowFile,13B] to 'success'
[pool-145-thread-1] INFO org.apache.nifi.processors.standard.ControlRate - ControlRate[id=8657ba08-ba34-46dd-adcc-191ababb075c] transferring FlowFile[900,94710534986413.mockFlowFile,13B] to 'success'
[pool-145-thread-1] INFO org.apache.nifi.processors.standard.ControlRate - ControlRate[id=8657ba08-ba34-46dd-adcc-191ababb075c] transferring FlowFile[901,94710535002838.mockFlowFile,13B] to 'success'
[pool-145-thread-1] INFO org.apache.nifi.processors.standard.ControlRate - ControlRate[id=8657ba08-ba34-46dd-adcc-191ababb075c] transferring FlowFile[902,94710535016290.mockFlowFile,13B] to 'success'
[pool-145-thread-1] INFO org.apache.nifi.processors.standard.ControlRate - ControlRate[id=8657ba08-ba34-46dd-adcc-191ababb075c] transferring FlowFile[903,94710535034257.mockFlowFile,13B] to 'success'
[pool-145-thread-1] INFO org.apache.nifi.processors.standard.ControlRate - ControlRate[id=8657ba08-ba34-46dd-adcc-191ababb075c] transferring FlowFile[904,94710535048553.mockFlowFile,13B] to 'success'
[pool-145-thread-1] INFO org.apache.nifi.processors.standard.ControlRate - ControlRate[id=8657ba08-ba34-46dd-adcc-191ababb075c] transferring FlowFile[905,94710535061461.mockFlowFile,13B] to 'success'
[pool-145-thread-1] INFO org.apache.nifi.processors.standard.ControlRate - ControlRate[id=8657ba08-ba34-46dd-adcc-191ababb075c] transferring FlowFile[906,94710535075337.mockFlowFile,13B] to 'success'
[pool-145-thread-1] INFO org.apache.nifi.processors.standard.ControlRate - ControlRate[id=8657ba08-ba34-46dd-adcc-191ababb075c] transferring FlowFile[907,94710535088603.mockFlowFile,13B] to 'success'
[pool-145-thread-1] INFO org.apache.nifi.processors.standard.ControlRate - ControlRate[id=8657ba08-ba34-46dd-adcc-191ababb075c] transferring FlowFile[908,94710535101351.mockFlowFile,13B] to 'success'
[pool-145-thread-1] INFO org.apache.nifi.processors.standard.ControlRate - ControlRate[id=8657ba08-ba34-46dd-adcc-191ababb075c] transferring FlowFile[909,94710535114379.mockFlowFile,13B] to 'success'
[pool-145-thread-1] INFO org.apache.nifi.processors.standard.ControlRate - ControlRate[id=8657ba08-ba34-46dd-adcc-191ababb075c] transferring FlowFile[910,94710535126490.mockFlowFile,13B] to 'success'
[pool-145-thread-1] INFO org.apache.nifi.processors.standard.ControlRate - ControlRate[id=8657ba08-ba34-46dd-adcc-191ababb075c] transferring FlowFile[911,94710535144843.mockFlowFile,13B] to 'success'
[pool-145-thread-1] INFO org.apache.nifi.processors.standard.ControlRate - ControlRate[id=8657ba08-ba34-46dd-adcc-191ababb075c] transferring FlowFile[912,94710535158469.mockFlowFile,13B] to 'success'
[pool-145-thread-1] INFO org.apache.nifi.processors.standard.ControlRate - ControlRate[id=8657ba08-ba34-46dd-adcc-191ababb075c] transferring FlowFile[913,94710535170491.mockFlowFile,13B] to 'success'
[pool-145-thread-1] INFO org.apache.nifi.processors.standard.ControlRate - ControlRate[id=8657ba08-ba34-46dd-adcc-191ababb075c] transferring FlowFile[914,94710535182953.mockFlowFile,13B] to 'success'
[pool-145-thread-1] INFO org.apache.nifi.processors.standard.ControlRate - ControlRate[id=8657ba08-ba34-46dd-adcc-191ababb075c] transferring FlowFile[915,94710535196562.mockFlowFile,13B] to 'success'
[pool-145-thread-1] INFO org.apache.nifi.processors.standard.ControlRate - ControlRate[id=8657ba08-ba34-46dd-adcc-191ababb075c] transferring FlowFile[916,94710535209261.mockFlowFile,13B] to 'success'
[pool-145-thread-1] INFO org.apache.nifi.processors.standard.ControlRate - ControlRate[id=8657ba08-ba34-46dd-adcc-191ababb075c] transferring FlowFile[917,94710535222247.mockFlowFile,13B] to 'success'
[pool-145-thread-1] INFO org.apache.nifi.processors.standard.ControlRate - ControlRate[id=8657ba08-ba34-46dd-adcc-191ababb075c] transferring FlowFile[918,94710535235256.mockFlowFile,13B] to 'success'
[pool-145-thread-1] INFO org.apache.nifi.processors.standard.ControlRate - ControlRate[id=8657ba08-ba34-46dd-adcc-191ababb075c] transferring FlowFile[919,94710535253070.mockFlowFile,13B] to 'success'
[pool-145-thread-1] INFO org.apache.nifi.processors.standard.ControlRate - ControlRate[id=8657ba08-ba34-46dd-adcc-191ababb075c] transferring FlowFile[920,94710535267115.mockFlowFile,13B] to 'success'
[pool-145-thread-1] INFO org.apache.nifi.processors.standard.ControlRate - ControlRate[id=8657ba08-ba34-46dd-adcc-191ababb075c] transferring FlowFile[921,94710535282380.mockFlowFile,13B] to 'success'
[pool-145-thread-1] INFO org.apache.nifi.processors.standard.ControlRate - ControlRate[id=8657ba08-ba34-46dd-adcc-191ababb075c] transferring FlowFile[922,94710535296683.mockFlowFile,13B] to 'success'
[pool-145-thread-1] INFO org.apache.nifi.processors.standard.ControlRate - ControlRate[id=8657ba08-ba34-46dd-adcc-191ababb075c] transferring FlowFile[923,94710535318911.mockFlowFile,13B] to 'success'
[pool-145-thread-1] INFO org.apache.nifi.processors.standard.ControlRate - ControlRate[id=8657ba08-ba34-46dd-adcc-191ababb075c] transferring FlowFile[924,94710535332291.mockFlowFile,13B] to 'success'
[pool-145-thread-1] INFO org.apache.nifi.processors.standard.ControlRate - ControlRate[id=8657ba08-ba34-46dd-adcc-191ababb075c] transferring FlowFile[925,94710535344562.mockFlowFile,13B] to 'success'
[pool-145-thread-1] INFO org.apache.nifi.processors.standard.ControlRate - ControlRate[id=8657ba08-ba34-46dd-adcc-191ababb075c] transferring FlowFile[926,94710535357537.mockFlowFile,13B] to 'success'
[pool-145-thread-1] INFO org.apache.nifi.processors.standard.ControlRate - ControlRate[id=8657ba08-ba34-46dd-adcc-191ababb075c] transferring FlowFile[927,94710535376840.mockFlowFile,13B] to 'success'
[pool-145-thread-1] INFO org.apache.nifi.processors.standard.ControlRate - ControlRate[id=8657ba08-ba34-46dd-adcc-191ababb075c] transferring FlowFile[928,94710535390121.mockFlowFile,13B] to 'success'
[pool-145-thread-1] INFO org.apache.nifi.processors.standard.ControlRate - ControlRate[id=8657ba08-ba34-46dd-adcc-191ababb075c] transferring FlowFile[929,94710535402694.mockFlowFile,13B] to 'success'
[pool-145-thread-1] INFO org.apache.nifi.processors.standard.ControlRate - ControlRate[id=8657ba08-ba34-46dd-adcc-191ababb075c] transferring FlowFile[930,94710535414473.mockFlowFile,13B] to 'success'
[pool-145-thread-1] INFO org.apache.nifi.processors.standard.ControlRate - ControlRate[id=8657ba08-ba34-46dd-adcc-191ababb075c] transferring FlowFile[931,94710535427338.mockFlowFile,13B] to 'success'
[pool-145-thread-1] INFO org.apache.nifi.processors.standard.ControlRate - ControlRate[id=8657ba08-ba34-46dd-adcc-191ababb075c] transferring FlowFile[932,94710535439873.mockFlowFile,13B] to 'success'
[pool-145-thread-1] INFO org.apache.nifi.processors.standard.ControlRate - ControlRate[id=8657ba08-ba34-46dd-adcc-191ababb075c] transferring FlowFile[933,94710535451372.mockFlowFile,13B] to 'success'
[pool-145-thread-1] INFO org.apache.nifi.processors.standard.ControlRate - ControlRate[id=8657ba08-ba34-46dd-adcc-191ababb075c] transferring FlowFile[934,94710535486314.mockFlowFile,13B] to 'success'
[pool-145-thread-1] INFO org.apache.nifi.processors.standard.ControlRate - ControlRate[id=8657ba08-ba34-46dd-adcc-191ababb075c] transferring FlowFile[935,94710535503929.mockFlowFile,13B] to 'success'
[pool-145-thread-1] INFO org.apache.nifi.processors.standard.ControlRate - ControlRate[id=8657ba08-ba34-46dd-adcc-191ababb075c] transferring FlowFile[936,94710535516860.mockFlowFile,13B] to 'success'
[pool-145-thread-1] INFO org.apache.nifi.processors.standard.ControlRate - ControlRate[id=8657ba08-ba34-46dd-adcc-191ababb075c] transferring FlowFile[937,94710535536791.mockFlowFile,13B] to 'success'
[pool-145-thread-1] INFO org.apache.nifi.processors.standard.ControlRate - ControlRate[id=8657ba08-ba34-46dd-adcc-191ababb075c] transferring FlowFile[938,94710535549694.mockFlowFile,13B] to 'success'
[pool-145-thread-1] INFO org.apache.nifi.processors.standard.ControlRate - ControlRate[id=8657ba08-ba34-46dd-adcc-191ababb075c] transferring FlowFile[939,94710535562001.mockFlowFile,13B] to 'success'
[pool-145-thread-1] INFO org.apache.nifi.processors.standard.ControlRate - ControlRate[id=8657ba08-ba34-46dd-adcc-191ababb075c] transferring FlowFile[940,94710535573815.mockFlowFile,13B] to 'success'
[pool-145-thread-1] INFO org.apache.nifi.processors.standard.ControlRate - ControlRate[id=8657ba08-ba34-46dd-adcc-191ababb075c] transferring FlowFile[941,94710535586169.mockFlowFile,13B] to 'success'
[pool-145-thread-1] INFO org.apache.nifi.processors.standard.ControlRate - ControlRate[id=8657ba08-ba34-46dd-adcc-191ababb075c] transferring FlowFile[942,94710535598379.mockFlowFile,13B] to 'success'
[pool-145-thread-1] INFO org.apache.nifi.processors.standard.ControlRate - ControlRate[id=8657ba08-ba34-46dd-adcc-191ababb075c] transferring FlowFile[943,94710535615797.mockFlowFile,13B] to 'success'
[pool-145-thread-1] INFO org.apache.nifi.processors.standard.ControlRate - ControlRate[id=8657ba08-ba34-46dd-adcc-191ababb075c] transferring FlowFile[944,94710535647134.mockFlowFile,13B] to 'success'
[pool-145-thread-1] INFO org.apache.nifi.processors.standard.ControlRate - ControlRate[id=8657ba08-ba34-46dd-adcc-191ababb075c] transferring FlowFile[945,94710535658939.mockFlowFile,13B] to 'success'
[pool-145-thread-1] INFO org.apache.nifi.processors.standard.ControlRate - ControlRate[id=8657ba08-ba34-46dd-adcc-191ababb075c] transferring FlowFile[946,94710535671803.mockFlowFile,13B] to 'success'
[pool-145-thread-1] INFO org.apache.nifi.processors.standard.ControlRate - ControlRate[id=8657ba08-ba34-46dd-adcc-191ababb075c] transferring FlowFile[947,94710535684202.mockFlowFile,13B] to 'success'
[pool-145-thread-1] INFO org.apache.nifi.processors.standard.ControlRate - ControlRate[id=8657ba08-ba34-46dd-adcc-191ababb075c] transferring FlowFile[948,94710535695686.mockFlowFile,13B] to 'success'
[pool-145-thread-1] INFO org.apache.nifi.processors.standard.ControlRate - ControlRate[id=8657ba08-ba34-46dd-adcc-191ababb075c] transferring FlowFile[949,94710535708103.mockFlowFile,13B] to 'success'
[pool-145-thread-1] INFO org.apache.nifi.processors.standard.ControlRate - ControlRate[id=8657ba08-ba34-46dd-adcc-191ababb075c] transferring FlowFile[950,94710535720060.mockFlowFile,13B] to 'success'
[pool-145-thread-1] INFO org.apache.nifi.processors.standard.ControlRate - ControlRate[id=8657ba08-ba34-46dd-adcc-191ababb075c] transferring FlowFile[951,94710535737974.mockFlowFile,13B] to 'success'
[pool-145-thread-1] INFO org.apache.nifi.processors.standard.ControlRate - ControlRate[id=8657ba08-ba34-46dd-adcc-191ababb075c] transferring FlowFile[952,94710535751018.mockFlowFile,13B] to 'success'
[pool-145-thread-1] INFO org.apache.nifi.processors.standard.ControlRate - ControlRate[id=8657ba08-ba34-46dd-adcc-191ababb075c] transferring FlowFile[953,94710535762417.mockFlowFile,13B] to 'success'
[pool-145-thread-1] INFO org.apache.nifi.processors.standard.ControlRate - ControlRate[id=8657ba08-ba34-46dd-adcc-191ababb075c] transferring FlowFile[954,94710535774467.mockFlowFile,13B] to 'success'
[pool-145-thread-1] INFO org.apache.nifi.processors.standard.ControlRate - ControlRate[id=8657ba08-ba34-46dd-adcc-191ababb075c] transferring FlowFile[955,94710535785660.mockFlowFile,13B] to 'success'
[pool-145-thread-1] INFO org.apache.nifi.processors.standard.ControlRate - ControlRate[id=8657ba08-ba34-46dd-adcc-191ababb075c] transferring FlowFile[956,94710535798186.mockFlowFile,13B] to 'success'
[pool-145-thread-1] INFO org.apache.nifi.processors.standard.ControlRate - ControlRate[id=8657ba08-ba34-46dd-adcc-191ababb075c] transferring FlowFile[957,94710535810491.mockFlowFile,13B] to 'success'
[pool-145-thread-1] INFO org.apache.nifi.processors.standard.ControlRate - ControlRate[id=8657ba08-ba34-46dd-adcc-191ababb075c] transferring FlowFile[958,94710535822035.mockFlowFile,13B] to 'success'
[pool-145-thread-1] INFO org.apache.nifi.processors.standard.ControlRate - ControlRate[id=8657ba08-ba34-46dd-adcc-191ababb075c] transferring FlowFile[959,94710535838949.mockFlowFile,13B] to 'success'
[pool-145-thread-1] INFO org.apache.nifi.processors.standard.ControlRate - ControlRate[id=8657ba08-ba34-46dd-adcc-191ababb075c] transferring FlowFile[960,94710535853397.mockFlowFile,13B] to 'success'
[pool-145-thread-1] INFO org.apache.nifi.processors.standard.ControlRate - ControlRate[id=8657ba08-ba34-46dd-adcc-191ababb075c] transferring FlowFile[961,94710535866392.mockFlowFile,13B] to 'success'
[pool-145-thread-1] INFO org.apache.nifi.processors.standard.ControlRate - ControlRate[id=8657ba08-ba34-46dd-adcc-191ababb075c] transferring FlowFile[962,94710535880528.mockFlowFile,13B] to 'success'
[pool-145-thread-1] INFO org.apache.nifi.processors.standard.ControlRate - ControlRate[id=8657ba08-ba34-46dd-adcc-191ababb075c] transferring FlowFile[963,94710535893524.mockFlowFile,13B] to 'success'
[pool-145-thread-1] INFO org.apache.nifi.processors.standard.ControlRate - ControlRate[id=8657ba08-ba34-46dd-adcc-191ababb075c] transferring FlowFile[964,94710535920720.mockFlowFile,13B] to 'success'
[pool-145-thread-1] INFO org.apache.nifi.processors.standard.ControlRate - ControlRate[id=8657ba08-ba34-46dd-adcc-191ababb075c] transferring FlowFile[965,94710535946695.mockFlowFile,13B] to 'success'
[pool-145-thread-1] INFO org.apache.nifi.processors.standard.ControlRate - ControlRate[id=8657ba08-ba34-46dd-adcc-191ababb075c] transferring FlowFile[966,94710535960266.mockFlowFile,13B] to 'success'
[pool-145-thread-1] INFO org.apache.nifi.processors.standard.ControlRate - ControlRate[id=8657ba08-ba34-46dd-adcc-191ababb075c] transferring FlowFile[967,94710535998456.mockFlowFile,13B] to 'success'
[pool-145-thread-1] INFO org.apache.nifi.processors.standard.ControlRate - ControlRate[id=8657ba08-ba34-46dd-adcc-191ababb075c] transferring FlowFile[968,94710536031407.mockFlowFile,13B] to 'success'
[pool-145-thread-1] INFO org.apache.nifi.processors.standard.ControlRate - ControlRate[id=8657ba08-ba34-46dd-adcc-191ababb075c] transferring FlowFile[969,94710536045086.mockFlowFile,13B] to 'success'
[pool-145-thread-1] INFO org.apache.nifi.processors.standard.ControlRate - ControlRate[id=8657ba08-ba34-46dd-adcc-191ababb075c] transferring FlowFile[970,94710536055995.mockFlowFile,13B] to 'success'
[pool-145-thread-1] INFO org.apache.nifi.processors.standard.ControlRate - ControlRate[id=8657ba08-ba34-46dd-adcc-191ababb075c] transferring FlowFile[971,94710536069353.mockFlowFile,13B] to 'success'
[pool-145-thread-1] INFO org.apache.nifi.processors.standard.ControlRate - ControlRate[id=8657ba08-ba34-46dd-adcc-191ababb075c] transferring FlowFile[972,94710536080954.mockFlowFile,13B] to 'success'
[pool-145-thread-1] INFO org.apache.nifi.processors.standard.ControlRate - ControlRate[id=8657ba08-ba34-46dd-adcc-191ababb075c] transferring FlowFile[973,94710536092195.mockFlowFile,13B] to 'success'
[pool-145-thread-1] INFO org.apache.nifi.processors.standard.ControlRate - ControlRate[id=8657ba08-ba34-46dd-adcc-191ababb075c] transferring FlowFile[974,94710536103910.mockFlowFile,13B] to 'success'
[pool-145-thread-1] INFO org.apache.nifi.processors.standard.ControlRate - ControlRate[id=8657ba08-ba34-46dd-adcc-191ababb075c] transferring FlowFile[975,94710536120606.mockFlowFile,13B] to 'success'
[pool-145-thread-1] INFO org.apache.nifi.processors.standard.ControlRate - ControlRate[id=8657ba08-ba34-46dd-adcc-191ababb075c] transferring FlowFile[976,94710536133294.mockFlowFile,13B] to 'success'
[pool-145-thread-1] INFO org.apache.nifi.processors.standard.ControlRate - ControlRate[id=8657ba08-ba34-46dd-adcc-191ababb075c] transferring FlowFile[977,94710536144639.mockFlowFile,13B] to 'success'
[pool-145-thread-1] INFO org.apache.nifi.processors.standard.ControlRate - ControlRate[id=8657ba08-ba34-46dd-adcc-191ababb075c] transferring FlowFile[978,94710536155407.mockFlowFile,13B] to 'success'
[pool-145-thread-1] INFO org.apache.nifi.processors.standard.ControlRate - ControlRate[id=8657ba08-ba34-46dd-adcc-191ababb075c] transferring FlowFile[979,94710536167427.mockFlowFile,13B] to 'success'
[pool-145-thread-1] INFO org.apache.nifi.processors.standard.ControlRate - ControlRate[id=8657ba08-ba34-46dd-adcc-191ababb075c] transferring FlowFile[980,94710536178144.mockFlowFile,13B] to 'success'
[pool-145-thread-1] INFO org.apache.nifi.processors.standard.ControlRate - ControlRate[id=8657ba08-ba34-46dd-adcc-191ababb075c] transferring FlowFile[981,94710536191812.mockFlowFile,13B] to 'success'
[pool-145-thread-1] INFO org.apache.nifi.processors.standard.ControlRate - ControlRate[id=8657ba08-ba34-46dd-adcc-191ababb075c] transferring FlowFile[982,94710536203735.mockFlowFile,13B] to 'success'
[pool-145-thread-1] INFO org.apache.nifi.processors.standard.ControlRate - ControlRate[id=8657ba08-ba34-46dd-adcc-191ababb075c] transferring FlowFile[983,94710536219275.mockFlowFile,13B] to 'success'
[pool-145-thread-1] INFO org.apache.nifi.processors.standard.ControlRate - ControlRate[id=8657ba08-ba34-46dd-adcc-191ababb075c] transferring FlowFile[984,94710536231261.mockFlowFile,13B] to 'success'
[pool-145-thread-1] INFO org.apache.nifi.processors.standard.ControlRate - ControlRate[id=8657ba08-ba34-46dd-adcc-191ababb075c] transferring FlowFile[985,94710536242326.mockFlowFile,13B] to 'success'
[pool-145-thread-1] INFO org.apache.nifi.processors.standard.ControlRate - ControlRate[id=8657ba08-ba34-46dd-adcc-191ababb075c] transferring FlowFile[986,94710536255332.mockFlowFile,13B] to 'success'
[pool-145-thread-1] INFO org.apache.nifi.processors.standard.ControlRate - ControlRate[id=8657ba08-ba34-46dd-adcc-191ababb075c] transferring FlowFile[987,94710536267815.mockFlowFile,13B] to 'success'
[pool-145-thread-1] INFO org.apache.nifi.processors.standard.ControlRate - ControlRate[id=8657ba08-ba34-46dd-adcc-191ababb075c] transferring FlowFile[988,94710536278461.mockFlowFile,13B] to 'success'
[pool-145-thread-1] INFO org.apache.nifi.processors.standard.ControlRate - ControlRate[id=8657ba08-ba34-46dd-adcc-191ababb075c] transferring FlowFile[989,94710536290659.mockFlowFile,13B] to 'success'
[pool-145-thread-1] INFO org.apache.nifi.processors.standard.ControlRate - ControlRate[id=8657ba08-ba34-46dd-adcc-191ababb075c] transferring FlowFile[990,94710536302016.mockFlowFile,13B] to 'success'
[pool-145-thread-1] INFO org.apache.nifi.processors.standard.ControlRate - ControlRate[id=8657ba08-ba34-46dd-adcc-191ababb075c] transferring FlowFile[991,94710536319973.mockFlowFile,13B] to 'success'
[pool-145-thread-1] INFO org.apache.nifi.processors.standard.ControlRate - ControlRate[id=8657ba08-ba34-46dd-adcc-191ababb075c] transferring FlowFile[992,94710536331977.mockFlowFile,13B] to 'success'
[pool-145-thread-1] INFO org.apache.nifi.processors.standard.ControlRate - ControlRate[id=8657ba08-ba34-46dd-adcc-191ababb075c] transferring FlowFile[993,94710536345218.mockFlowFile,13B] to 'success'
[pool-145-thread-1] INFO org.apache.nifi.processors.standard.ControlRate - ControlRate[id=8657ba08-ba34-46dd-adcc-191ababb075c] transferring FlowFile[994,94710536356945.mockFlowFile,13B] to 'success'
[pool-145-thread-1] INFO org.apache.nifi.processors.standard.ControlRate - ControlRate[id=8657ba08-ba34-46dd-adcc-191ababb075c] transferring FlowFile[995,94710536367277.mockFlowFile,13B] to 'success'
[pool-145-thread-1] INFO org.apache.nifi.processors.standard.ControlRate - ControlRate[id=8657ba08-ba34-46dd-adcc-191ababb075c] transferring FlowFile[996,94710536378852.mockFlowFile,13B] to 'success'
[pool-145-thread-1] INFO org.apache.nifi.processors.standard.ControlRate - ControlRate[id=8657ba08-ba34-46dd-adcc-191ababb075c] transferring FlowFile[997,94710536390734.mockFlowFile,13B] to 'success'
[pool-145-thread-1] INFO org.apache.nifi.processors.standard.ControlRate - ControlRate[id=8657ba08-ba34-46dd-adcc-191ababb075c] transferring FlowFile[998,94710536402846.mockFlowFile,13B] to 'success'
[pool-145-thread-1] INFO org.apache.nifi.processors.standard.ControlRate - ControlRate[id=8657ba08-ba34-46dd-adcc-191ababb075c] transferring FlowFile[999,94710536422572.mockFlowFile,13B] to 'success'
[pool-146-thread-1] INFO org.apache.nifi.processors.standard.ControlRate - ControlRate[id=8657ba08-ba34-46dd-adcc-191ababb075c] transferring FlowFile[1000,94710536434682.mockFlowFile,14B] to 'success'
[pool-146-thread-1] INFO org.apache.nifi.processors.standard.ControlRate - ControlRate[id=8657ba08-ba34-46dd-adcc-191ababb075c] transferring FlowFile[1001,94710536447139.mockFlowFile,14B] to 'success'
[pool-146-thread-1] INFO org.apache.nifi.processors.standard.ControlRate - ControlRate[id=8657ba08-ba34-46dd-adcc-191ababb075c] transferring FlowFile[1002,94710536459348.mockFlowFile,14B] to 'success'
[pool-146-thread-1] INFO org.apache.nifi.processors.standard.ControlRate - ControlRate[id=8657ba08-ba34-46dd-adcc-191ababb075c] transferring FlowFile[1003,94710536470786.mockFlowFile,14B] to 'success'
[pool-146-thread-1] INFO org.apache.nifi.processors.standard.ControlRate - ControlRate[id=8657ba08-ba34-46dd-adcc-191ababb075c] transferring FlowFile[1004,94710536483597.mockFlowFile,14B] to 'success'
[pool-146-thread-1] INFO org.apache.nifi.processors.standard.ControlRate - ControlRate[id=8657ba08-ba34-46dd-adcc-191ababb075c] transferring FlowFile[1005,94710536495040.mockFlowFile,14B] to 'success'
[pool-146-thread-1] INFO org.apache.nifi.processors.standard.ControlRate - ControlRate[id=8657ba08-ba34-46dd-adcc-191ababb075c] transferring FlowFile[1006,94710536506904.mockFlowFile,14B] to 'success'
[pool-146-thread-1] INFO org.apache.nifi.processors.standard.ControlRate - ControlRate[id=8657ba08-ba34-46dd-adcc-191ababb075c] transferring FlowFile[1007,94710536531353.mockFlowFile,14B] to 'success'
[pool-146-thread-1] INFO org.apache.nifi.processors.standard.ControlRate - ControlRate[id=8657ba08-ba34-46dd-adcc-191ababb075c] transferring FlowFile[1008,94710536543620.mockFlowFile,14B] to 'success'
[pool-146-thread-1] INFO org.apache.nifi.processors.standard.ControlRate - ControlRate[id=8657ba08-ba34-46dd-adcc-191ababb075c] transferring FlowFile[1009,94710536558225.mockFlowFile,14B] to 'success'
[pool-146-thread-1] INFO org.apache.nifi.processors.standard.ControlRate - ControlRate[id=8657ba08-ba34-46dd-adcc-191ababb075c] transferring FlowFile[1010,94710536569326.mockFlowFile,14B] to 'success'
[pool-146-thread-1] INFO org.apache.nifi.processors.standard.ControlRate - ControlRate[id=8657ba08-ba34-46dd-adcc-191ababb075c] transferring FlowFile[1011,94710536581171.mockFlowFile,14B] to 'success'
[pool-146-thread-1] INFO org.apache.nifi.processors.standard.ControlRate - ControlRate[id=8657ba08-ba34-46dd-adcc-191ababb075c] transferring FlowFile[1012,94710536593201.mockFlowFile,14B] to 'success'
[pool-146-thread-1] INFO org.apache.nifi.processors.standard.ControlRate - ControlRate[id=8657ba08-ba34-46dd-adcc-191ababb075c] transferring FlowFile[1013,94710536604089.mockFlowFile,14B] to 'success'
[pool-146-thread-1] INFO org.apache.nifi.processors.standard.ControlRate - ControlRate[id=8657ba08-ba34-46dd-adcc-191ababb075c] transferring FlowFile[1014,94710536615761.mockFlowFile,14B] to 'success'
[pool-146-thread-1] INFO org.apache.nifi.processors.standard.ControlRate - ControlRate[id=8657ba08-ba34-46dd-adcc-191ababb075c] transferring FlowFile[1015,94710536630966.mockFlowFile,14B] to 'success'
[pool-146-thread-1] INFO org.apache.nifi.processors.standard.ControlRate - ControlRate[id=8657ba08-ba34-46dd-adcc-191ababb075c] transferring FlowFile[1016,94710536643007.mockFlowFile,14B] to 'success'
[pool-146-thread-1] INFO org.apache.nifi.processors.standard.ControlRate - ControlRate[id=8657ba08-ba34-46dd-adcc-191ababb075c] transferring FlowFile[1017,94710536654710.mockFlowFile,14B] to 'success'
[pool-146-thread-1] INFO org.apache.nifi.processors.standard.ControlRate - ControlRate[id=8657ba08-ba34-46dd-adcc-191ababb075c] transferring FlowFile[1018,94710536667990.mockFlowFile,14B] to 'success'
[pool-146-thread-1] INFO org.apache.nifi.processors.standard.ControlRate - ControlRate[id=8657ba08-ba34-46dd-adcc-191ababb075c] transferring FlowFile[1019,94710536680637.mockFlowFile,14B] to 'success'
[pool-146-thread-1] INFO org.apache.nifi.processors.standard.ControlRate - ControlRate[id=8657ba08-ba34-46dd-adcc-191ababb075c] transferring FlowFile[1020,94710536753864.mockFlowFile,14B] to 'success'
[pool-146-thread-1] INFO org.apache.nifi.processors.standard.ControlRate - ControlRate[id=8657ba08-ba34-46dd-adcc-191ababb075c] transferring FlowFile[1021,94710536769013.mockFlowFile,14B] to 'success'
[pool-146-thread-1] INFO org.apache.nifi.processors.standard.ControlRate - ControlRate[id=8657ba08-ba34-46dd-adcc-191ababb075c] transferring FlowFile[1022,94710536780699.mockFlowFile,14B] to 'success'
[pool-146-thread-1] INFO org.apache.nifi.processors.standard.ControlRate - ControlRate[id=8657ba08-ba34-46dd-adcc-191ababb075c] transferring FlowFile[1023,94710536799310.mockFlowFile,14B] to 'success'
[pool-146-thread-1] INFO org.apache.nifi.processors.standard.ControlRate - ControlRate[id=8657ba08-ba34-46dd-adcc-191ababb075c] transferring FlowFile[1024,94710536831090.mockFlowFile,14B] to 'success'
[pool-146-thread-1] INFO org.apache.nifi.processors.standard.ControlRate - ControlRate[id=8657ba08-ba34-46dd-adcc-191ababb075c] transferring FlowFile[1025,94710536842193.mockFlowFile,14B] to 'success'
[pool-146-thread-1] INFO org.apache.nifi.processors.standard.ControlRate - ControlRate[id=8657ba08-ba34-46dd-adcc-191ababb075c] transferring FlowFile[1026,94710536851673.mockFlowFile,14B] to 'success'
[pool-146-thread-1] INFO org.apache.nifi.processors.standard.ControlRate - ControlRate[id=8657ba08-ba34-46dd-adcc-191ababb075c] transferring FlowFile[1027,94710536861133.mockFlowFile,14B] to 'success'
[pool-146-thread-1] INFO org.apache.nifi.processors.standard.ControlRate - ControlRate[id=8657ba08-ba34-46dd-adcc-191ababb075c] transferring FlowFile[1028,94710536870093.mockFlowFile,14B] to 'success'
[pool-146-thread-1] INFO org.apache.nifi.processors.standard.ControlRate - ControlRate[id=8657ba08-ba34-46dd-adcc-191ababb075c] transferring FlowFile[1029,94710536879461.mockFlowFile,14B] to 'success'
[pool-146-thread-1] INFO org.apache.nifi.processors.standard.ControlRate - ControlRate[id=8657ba08-ba34-46dd-adcc-191ababb075c] transferring FlowFile[1030,94710536888364.mockFlowFile,14B] to 'success'
[pool-146-thread-1] INFO org.apache.nifi.processors.standard.ControlRate - ControlRate[id=8657ba08-ba34-46dd-adcc-191ababb075c] transferring FlowFile[1031,94710536900815.mockFlowFile,14B] to 'success'
[pool-146-thread-1] INFO org.apache.nifi.processors.standard.ControlRate - ControlRate[id=8657ba08-ba34-46dd-adcc-191ababb075c] transferring FlowFile[1032,94710536910628.mockFlowFile,14B] to 'success'
[pool-146-thread-1] INFO org.apache.nifi.processors.standard.ControlRate - ControlRate[id=8657ba08-ba34-46dd-adcc-191ababb075c] transferring FlowFile[1033,94710536919492.mockFlowFile,14B] to 'success'
[pool-146-thread-1] INFO org.apache.nifi.processors.standard.ControlRate - ControlRate[id=8657ba08-ba34-46dd-adcc-191ababb075c] transferring FlowFile[1034,94710536928879.mockFlowFile,14B] to 'success'
[pool-146-thread-1] INFO org.apache.nifi.processors.standard.ControlRate - ControlRate[id=8657ba08-ba34-46dd-adcc-191ababb075c] transferring FlowFile[1035,94710536937843.mockFlowFile,14B] to 'success'
[pool-146-thread-1] INFO org.apache.nifi.processors.standard.ControlRate - ControlRate[id=8657ba08-ba34-46dd-adcc-191ababb075c] transferring FlowFile[1036,94710536947325.mockFlowFile,14B] to 'success'
[pool-146-thread-1] INFO org.apache.nifi.processors.standard.ControlRate - ControlRate[id=8657ba08-ba34-46dd-adcc-191ababb075c] transferring FlowFile[1037,94710536956844.mockFlowFile,14B] to 'success'
[pool-146-thread-1] INFO org.apache.nifi.processors.standard.ControlRate - ControlRate[id=8657ba08-ba34-46dd-adcc-191ababb075c] transferring FlowFile[1038,94710536966111.mockFlowFile,14B] to 'success'
[pool-146-thread-1] INFO org.apache.nifi.processors.standard.ControlRate - ControlRate[id=8657ba08-ba34-46dd-adcc-191ababb075c] transferring FlowFile[1039,94710536978112.mockFlowFile,14B] to 'success'
[pool-146-thread-1] INFO org.apache.nifi.processors.standard.ControlRate - ControlRate[id=8657ba08-ba34-46dd-adcc-191ababb075c] transferring FlowFile[1040,94710536987089.mockFlowFile,14B] to 'success'
[pool-146-thread-1] INFO org.apache.nifi.processors.standard.ControlRate - ControlRate[id=8657ba08-ba34-46dd-adcc-191ababb075c] transferring FlowFile[1041,94710536996492.mockFlowFile,14B] to 'success'
[pool-146-thread-1] INFO org.apache.nifi.processors.standard.ControlRate - ControlRate[id=8657ba08-ba34-46dd-adcc-191ababb075c] transferring FlowFile[1042,94710537006004.mockFlowFile,14B] to 'success'
[pool-146-thread-1] INFO org.apache.nifi.processors.standard.ControlRate - ControlRate[id=8657ba08-ba34-46dd-adcc-191ababb075c] transferring FlowFile[1043,94710537014956.mockFlowFile,14B] to 'success'
[pool-146-thread-1] INFO org.apache.nifi.processors.standard.ControlRate - ControlRate[id=8657ba08-ba34-46dd-adcc-191ababb075c] transferring FlowFile[1044,94710537024369.mockFlowFile,14B] to 'success'
[pool-146-thread-1] INFO org.apache.nifi.processors.standard.ControlRate - ControlRate[id=8657ba08-ba34-46dd-adcc-191ababb075c] transferring FlowFile[1045,94710537033218.mockFlowFile,14B] to 'success'
[pool-146-thread-1] INFO org.apache.nifi.processors.standard.ControlRate - ControlRate[id=8657ba08-ba34-46dd-adcc-191ababb075c] transferring FlowFile[1046,94710537042608.mockFlowFile,14B] to 'success'
[pool-146-thread-1] INFO org.apache.nifi.processors.standard.ControlRate - ControlRate[id=8657ba08-ba34-46dd-adcc-191ababb075c] transferring FlowFile[1047,94710537054600.mockFlowFile,14B] to 'success'
[pool-146-thread-1] INFO org.apache.nifi.processors.standard.ControlRate - ControlRate[id=8657ba08-ba34-46dd-adcc-191ababb075c] transferring FlowFile[1048,94710537065000.mockFlowFile,14B] to 'success'
[pool-146-thread-1] INFO org.apache.nifi.processors.standard.ControlRate - ControlRate[id=8657ba08-ba34-46dd-adcc-191ababb075c] transferring FlowFile[1049,94710537074385.mockFlowFile,14B] to 'success'
[pool-146-thread-1] INFO org.apache.nifi.processors.standard.ControlRate - ControlRate[id=8657ba08-ba34-46dd-adcc-191ababb075c] transferring FlowFile[1050,94710537083475.mockFlowFile,14B] to 'success'
[pool-146-thread-1] INFO org.apache.nifi.processors.standard.ControlRate - ControlRate[id=8657ba08-ba34-46dd-adcc-191ababb075c] transferring FlowFile[1051,94710537093138.mockFlowFile,14B] to 'success'
[pool-146-thread-1] INFO org.apache.nifi.processors.standard.ControlRate - ControlRate[id=8657ba08-ba34-46dd-adcc-191ababb075c] transferring FlowFile[1052,94710537102495.mockFlowFile,14B] to 'success'
[pool-146-thread-1] INFO org.apache.nifi.processors.standard.ControlRate - ControlRate[id=8657ba08-ba34-46dd-adcc-191ababb075c] transferring FlowFile[1053,94710537111667.mockFlowFile,14B] to 'success'
[pool-146-thread-1] INFO org.apache.nifi.processors.standard.ControlRate - ControlRate[id=8657ba08-ba34-46dd-adcc-191ababb075c] transferring FlowFile[1054,94710537121094.mockFlowFile,14B] to 'success'
[pool-146-thread-1] INFO org.apache.nifi.processors.standard.ControlRate - ControlRate[id=8657ba08-ba34-46dd-adcc-191ababb075c] transferring FlowFile[1055,94710537132986.mockFlowFile,14B] to 'success'
[pool-146-thread-1] INFO org.apache.nifi.processors.standard.ControlRate - ControlRate[id=8657ba08-ba34-46dd-adcc-191ababb075c] transferring FlowFile[1056,94710537142789.mockFlowFile,14B] to 'success'
[pool-146-thread-1] INFO org.apache.nifi.processors.standard.ControlRate - ControlRate[id=8657ba08-ba34-46dd-adcc-191ababb075c] transferring FlowFile[1057,94710537152191.mockFlowFile,14B] to 'success'
[pool-146-thread-1] INFO org.apache.nifi.processors.standard.ControlRate - ControlRate[id=8657ba08-ba34-46dd-adcc-191ababb075c] transferring FlowFile[1058,94710537161202.mockFlowFile,14B] to 'success'
[pool-146-thread-1] INFO org.apache.nifi.processors.standard.ControlRate - ControlRate[id=8657ba08-ba34-46dd-adcc-191ababb075c] transferring FlowFile[1059,94710537170726.mockFlowFile,14B] to 'success'
[pool-146-thread-1] INFO org.apache.nifi.processors.standard.ControlRate - ControlRate[id=8657ba08-ba34-46dd-adcc-191ababb075c] transferring FlowFile[1060,94710537180014.mockFlowFile,14B] to 'success'
[pool-146-thread-1] INFO org.apache.nifi.processors.standard.ControlRate - ControlRate[id=8657ba08-ba34-46dd-adcc-191ababb075c] transferring FlowFile[1061,94710537189517.mockFlowFile,14B] to 'success'
[pool-146-thread-1] INFO org.apache.nifi.processors.standard.ControlRate - ControlRate[id=8657ba08-ba34-46dd-adcc-191ababb075c] transferring FlowFile[1062,94710537198933.mockFlowFile,14B] to 'success'
[pool-146-thread-1] INFO org.apache.nifi.processors.standard.ControlRate - ControlRate[id=8657ba08-ba34-46dd-adcc-191ababb075c] transferring FlowFile[1063,94710537211912.mockFlowFile,14B] to 'success'
[pool-146-thread-1] INFO org.apache.nifi.processors.standard.ControlRate - ControlRate[id=8657ba08-ba34-46dd-adcc-191ababb075c] transferring FlowFile[1064,94710537221668.mockFlowFile,14B] to 'success'
[pool-146-thread-1] INFO org.apache.nifi.processors.standard.ControlRate - ControlRate[id=8657ba08-ba34-46dd-adcc-191ababb075c] transferring FlowFile[1065,94710537230891.mockFlowFile,14B] to 'success'
[pool-146-thread-1] INFO org.apache.nifi.processors.standard.ControlRate - ControlRate[id=8657ba08-ba34-46dd-adcc-191ababb075c] transferring FlowFile[1066,94710537240367.mockFlowFile,14B] to 'success'
[pool-146-thread-1] INFO org.apache.nifi.processors.standard.ControlRate - ControlRate[id=8657ba08-ba34-46dd-adcc-191ababb075c] transferring FlowFile[1067,94710537249791.mockFlowFile,14B] to 'success'
[pool-146-thread-1] INFO org.apache.nifi.processors.standard.ControlRate - ControlRate[id=8657ba08-ba34-46dd-adcc-191ababb075c] transferring FlowFile[1068,94710537259944.mockFlowFile,14B] to 'success'
[pool-146-thread-1] INFO org.apache.nifi.processors.standard.ControlRate - ControlRate[id=8657ba08-ba34-46dd-adcc-191ababb075c] transferring FlowFile[1069,94710537270393.mockFlowFile,14B] to 'success'
[pool-146-thread-1] INFO org.apache.nifi.processors.standard.ControlRate - ControlRate[id=8657ba08-ba34-46dd-adcc-191ababb075c] transferring FlowFile[1070,94710537279370.mockFlowFile,14B] to 'success'
[pool-146-thread-1] INFO org.apache.nifi.processors.standard.ControlRate - ControlRate[id=8657ba08-ba34-46dd-adcc-191ababb075c] transferring FlowFile[1071,94710537291391.mockFlowFile,14B] to 'success'
[pool-146-thread-1] INFO org.apache.nifi.processors.standard.ControlRate - ControlRate[id=8657ba08-ba34-46dd-adcc-191ababb075c] transferring FlowFile[1072,94710537301248.mockFlowFile,14B] to 'success'
[pool-146-thread-1] INFO org.apache.nifi.processors.standard.ControlRate - ControlRate[id=8657ba08-ba34-46dd-adcc-191ababb075c] transferring FlowFile[1073,94710537310482.mockFlowFile,14B] to 'success'
[pool-146-thread-1] INFO org.apache.nifi.processors.standard.ControlRate - ControlRate[id=8657ba08-ba34-46dd-adcc-191ababb075c] transferring FlowFile[1074,94710537320033.mockFlowFile,14B] to 'success'
[pool-146-thread-1] INFO org.apache.nifi.processors.standard.ControlRate - ControlRate[id=8657ba08-ba34-46dd-adcc-191ababb075c] transferring FlowFile[1075,94710537329174.mockFlowFile,14B] to 'success'
[pool-146-thread-1] INFO org.apache.nifi.processors.standard.ControlRate - ControlRate[id=8657ba08-ba34-46dd-adcc-191ababb075c] transferring FlowFile[1076,94710537338795.mockFlowFile,14B] to 'success'
[pool-146-thread-1] INFO org.apache.nifi.processors.standard.ControlRate - ControlRate[id=8657ba08-ba34-46dd-adcc-191ababb075c] transferring FlowFile[1077,94710537348340.mockFlowFile,14B] to 'success'
[pool-146-thread-1] INFO org.apache.nifi.processors.standard.ControlRate - ControlRate[id=8657ba08-ba34-46dd-adcc-191ababb075c] transferring FlowFile[1078,94710537357371.mockFlowFile,14B] to 'success'
[pool-146-thread-1] INFO org.apache.nifi.processors.standard.ControlRate - ControlRate[id=8657ba08-ba34-46dd-adcc-191ababb075c] transferring FlowFile[1079,94710537369560.mockFlowFile,14B] to 'success'
[pool-146-thread-1] INFO org.apache.nifi.processors.standard.ControlRate - ControlRate[id=8657ba08-ba34-46dd-adcc-191ababb075c] transferring FlowFile[1080,94710537378825.mockFlowFile,14B] to 'success'
[pool-146-thread-1] INFO org.apache.nifi.processors.standard.ControlRate - ControlRate[id=8657ba08-ba34-46dd-adcc-191ababb075c] transferring FlowFile[1081,94710537388740.mockFlowFile,14B] to 'success'
[pool-146-thread-1] INFO org.apache.nifi.processors.standard.ControlRate - ControlRate[id=8657ba08-ba34-46dd-adcc-191ababb075c] transferring FlowFile[1082,94710537398229.mockFlowFile,14B] to 'success'
[pool-146-thread-1] INFO org.apache.nifi.processors.standard.ControlRate - ControlRate[id=8657ba08-ba34-46dd-adcc-191ababb075c] transferring FlowFile[1083,94710537407223.mockFlowFile,14B] to 'success'
[pool-146-thread-1] INFO org.apache.nifi.processors.standard.ControlRate - ControlRate[id=8657ba08-ba34-46dd-adcc-191ababb075c] transferring FlowFile[1084,94710537416868.mockFlowFile,14B] to 'success'
[pool-146-thread-1] INFO org.apache.nifi.processors.standard.ControlRate - ControlRate[id=8657ba08-ba34-46dd-adcc-191ababb075c] transferring FlowFile[1085,94710537425887.mockFlowFile,14B] to 'success'
[pool-146-thread-1] INFO org.apache.nifi.processors.standard.ControlRate - ControlRate[id=8657ba08-ba34-46dd-adcc-191ababb075c] transferring FlowFile[1086,94710537435272.mockFlowFile,14B] to 'success'
[pool-146-thread-1] INFO org.apache.nifi.processors.standard.ControlRate - ControlRate[id=8657ba08-ba34-46dd-adcc-191ababb075c] transferring FlowFile[1087,94710537447498.mockFlowFile,14B] to 'success'
[pool-146-thread-1] INFO org.apache.nifi.processors.standard.ControlRate - ControlRate[id=8657ba08-ba34-46dd-adcc-191ababb075c] transferring FlowFile[1088,94710537456977.mockFlowFile,14B] to 'success'
[pool-146-thread-1] INFO org.apache.nifi.processors.standard.ControlRate - ControlRate[id=8657ba08-ba34-46dd-adcc-191ababb075c] transferring FlowFile[1089,94710537466490.mockFlowFile,14B] to 'success'
[pool-146-thread-1] INFO org.apache.nifi.processors.standard.ControlRate - ControlRate[id=8657ba08-ba34-46dd-adcc-191ababb075c] transferring FlowFile[1090,94710537475441.mockFlowFile,14B] to 'success'
[pool-146-thread-1] INFO org.apache.nifi.processors.standard.ControlRate - ControlRate[id=8657ba08-ba34-46dd-adcc-191ababb075c] transferring FlowFile[1091,94710537484915.mockFlowFile,14B] to 'success'
[pool-146-thread-1] INFO org.apache.nifi.processors.standard.ControlRate - ControlRate[id=8657ba08-ba34-46dd-adcc-191ababb075c] transferring FlowFile[1092,94710537494467.mockFlowFile,14B] to 'success'
[pool-146-thread-1] INFO org.apache.nifi.processors.standard.ControlRate - ControlRate[id=8657ba08-ba34-46dd-adcc-191ababb075c] transferring FlowFile[1093,94710537505248.mockFlowFile,14B] to 'success'
[pool-146-thread-1] INFO org.apache.nifi.processors.standard.ControlRate - ControlRate[id=8657ba08-ba34-46dd-adcc-191ababb075c] transferring FlowFile[1094,94710537515078.mockFlowFile,14B] to 'success'
[pool-146-thread-1] INFO org.apache.nifi.processors.standard.ControlRate - ControlRate[id=8657ba08-ba34-46dd-adcc-191ababb075c] transferring FlowFile[1095,94710537526739.mockFlowFile,14B] to 'success'
[pool-146-thread-1] INFO org.apache.nifi.processors.standard.ControlRate - ControlRate[id=8657ba08-ba34-46dd-adcc-191ababb075c] transferring FlowFile[1096,94710537536767.mockFlowFile,14B] to 'success'
[pool-146-thread-1] INFO org.apache.nifi.processors.standard.ControlRate - ControlRate[id=8657ba08-ba34-46dd-adcc-191ababb075c] transferring FlowFile[1097,94710537546430.mockFlowFile,14B] to 'success'
[pool-146-thread-1] INFO org.apache.nifi.processors.standard.ControlRate - ControlRate[id=8657ba08-ba34-46dd-adcc-191ababb075c] transferring FlowFile[1098,94710537555797.mockFlowFile,14B] to 'success'
[pool-146-thread-1] INFO org.apache.nifi.processors.standard.ControlRate - ControlRate[id=8657ba08-ba34-46dd-adcc-191ababb075c] transferring FlowFile[1099,94710537565617.mockFlowFile,14B] to 'success'
[pool-146-thread-1] INFO org.apache.nifi.processors.standard.ControlRate - ControlRate[id=8657ba08-ba34-46dd-adcc-191ababb075c] transferring FlowFile[1100,94710537574928.mockFlowFile,14B] to 'success'
[pool-146-thread-1] INFO org.apache.nifi.processors.standard.ControlRate - ControlRate[id=8657ba08-ba34-46dd-adcc-191ababb075c] transferring FlowFile[1101,94710537584557.mockFlowFile,14B] to 'success'
[pool-146-thread-1] INFO org.apache.nifi.processors.standard.ControlRate - ControlRate[id=8657ba08-ba34-46dd-adcc-191ababb075c] transferring FlowFile[1102,94710537594105.mockFlowFile,14B] to 'success'
[pool-146-thread-1] INFO org.apache.nifi.processors.standard.ControlRate - ControlRate[id=8657ba08-ba34-46dd-adcc-191ababb075c] transferring FlowFile[1103,94710537618530.mockFlowFile,14B] to 'success'
[pool-146-thread-1] INFO org.apache.nifi.processors.standard.ControlRate - ControlRate[id=8657ba08-ba34-46dd-adcc-191ababb075c] transferring FlowFile[1104,94710537646842.mockFlowFile,14B] to 'success'
[pool-146-thread-1] INFO org.apache.nifi.processors.standard.ControlRate - ControlRate[id=8657ba08-ba34-46dd-adcc-191ababb075c] transferring FlowFile[1105,94710537656773.mockFlowFile,14B] to 'success'
[pool-146-thread-1] INFO org.apache.nifi.processors.standard.ControlRate - ControlRate[id=8657ba08-ba34-46dd-adcc-191ababb075c] transferring FlowFile[1106,94710537667284.mockFlowFile,14B] to 'success'
[pool-146-thread-1] INFO org.apache.nifi.processors.standard.ControlRate - ControlRate[id=8657ba08-ba34-46dd-adcc-191ababb075c] transferring FlowFile[1107,94710537677137.mockFlowFile,14B] to 'success'
[pool-146-thread-1] INFO org.apache.nifi.processors.standard.ControlRate - ControlRate[id=8657ba08-ba34-46dd-adcc-191ababb075c] transferring FlowFile[1108,94710537686539.mockFlowFile,14B] to 'success'
[pool-146-thread-1] INFO org.apache.nifi.processors.standard.ControlRate - ControlRate[id=8657ba08-ba34-46dd-adcc-191ababb075c] transferring FlowFile[1109,94710537696780.mockFlowFile,14B] to 'success'
[pool-146-thread-1] INFO org.apache.nifi.processors.standard.ControlRate - ControlRate[id=8657ba08-ba34-46dd-adcc-191ababb075c] transferring FlowFile[1110,94710537706886.mockFlowFile,14B] to 'success'
[pool-146-thread-1] INFO org.apache.nifi.processors.standard.ControlRate - ControlRate[id=8657ba08-ba34-46dd-adcc-191ababb075c] transferring FlowFile[1111,94710537719710.mockFlowFile,14B] to 'success'
[pool-146-thread-1] INFO org.apache.nifi.processors.standard.ControlRate - ControlRate[id=8657ba08-ba34-46dd-adcc-191ababb075c] transferring FlowFile[1112,94710537729925.mockFlowFile,14B] to 'success'
[pool-146-thread-1] INFO org.apache.nifi.processors.standard.ControlRate - ControlRate[id=8657ba08-ba34-46dd-adcc-191ababb075c] transferring FlowFile[1113,94710537739206.mockFlowFile,14B] to 'success'
[pool-146-thread-1] INFO org.apache.nifi.processors.standard.ControlRate - ControlRate[id=8657ba08-ba34-46dd-adcc-191ababb075c] transferring FlowFile[1114,94710537774088.mockFlowFile,14B] to 'success'
[pool-146-thread-1] INFO org.apache.nifi.processors.standard.ControlRate - ControlRate[id=8657ba08-ba34-46dd-adcc-191ababb075c] transferring FlowFile[1115,94710537783206.mockFlowFile,14B] to 'success'
[pool-146-thread-1] INFO org.apache.nifi.processors.standard.ControlRate - ControlRate[id=8657ba08-ba34-46dd-adcc-191ababb075c] transferring FlowFile[1116,94710537805346.mockFlowFile,14B] to 'success'
[pool-146-thread-1] INFO org.apache.nifi.processors.standard.ControlRate - ControlRate[id=8657ba08-ba34-46dd-adcc-191ababb075c] transferring FlowFile[1117,94710537814480.mockFlowFile,14B] to 'success'
[pool-146-thread-1] INFO org.apache.nifi.processors.standard.ControlRate - ControlRate[id=8657ba08-ba34-46dd-adcc-191ababb075c] transferring FlowFile[1118,94710537822770.mockFlowFile,14B] to 'success'
[pool-146-thread-1] INFO org.apache.nifi.processors.standard.ControlRate - ControlRate[id=8657ba08-ba34-46dd-adcc-191ababb075c] transferring FlowFile[1119,94710537836213.mockFlowFile,14B] to 'success'
[pool-146-thread-1] INFO org.apache.nifi.processors.standard.ControlRate - ControlRate[id=8657ba08-ba34-46dd-adcc-191ababb075c] transferring FlowFile[1120,94710537844964.mockFlowFile,14B] to 'success'
[pool-146-thread-1] INFO org.apache.nifi.processors.standard.ControlRate - ControlRate[id=8657ba08-ba34-46dd-adcc-191ababb075c] transferring FlowFile[1121,94710537853662.mockFlowFile,14B] to 'success'
[pool-146-thread-1] INFO org.apache.nifi.processors.standard.ControlRate - ControlRate[id=8657ba08-ba34-46dd-adcc-191ababb075c] transferring FlowFile[1122,94710537862281.mockFlowFile,14B] to 'success'
[pool-146-thread-1] INFO org.apache.nifi.processors.standard.ControlRate - ControlRate[id=8657ba08-ba34-46dd-adcc-191ababb075c] transferring FlowFile[1123,94710537870358.mockFlowFile,14B] to 'success'
[pool-146-thread-1] INFO org.apache.nifi.processors.standard.ControlRate - ControlRate[id=8657ba08-ba34-46dd-adcc-191ababb075c] transferring FlowFile[1124,94710543024940.mockFlowFile,14B] to 'success'
[pool-146-thread-1] INFO org.apache.nifi.processors.standard.ControlRate - ControlRate[id=8657ba08-ba34-46dd-adcc-191ababb075c] transferring FlowFile[1125,94710543052182.mockFlowFile,14B] to 'success'
[pool-146-thread-1] INFO org.apache.nifi.processors.standard.ControlRate - ControlRate[id=8657ba08-ba34-46dd-adcc-191ababb075c] transferring FlowFile[1126,94710543061211.mockFlowFile,14B] to 'success'
[pool-146-thread-1] INFO org.apache.nifi.processors.standard.ControlRate - ControlRate[id=8657ba08-ba34-46dd-adcc-191ababb075c] transferring FlowFile[1127,94710543080292.mockFlowFile,14B] to 'success'
[pool-146-thread-1] INFO org.apache.nifi.processors.standard.ControlRate - ControlRate[id=8657ba08-ba34-46dd-adcc-191ababb075c] transferring FlowFile[1128,94710543089474.mockFlowFile,14B] to 'success'
[pool-146-thread-1] INFO org.apache.nifi.processors.standard.ControlRate - ControlRate[id=8657ba08-ba34-46dd-adcc-191ababb075c] transferring FlowFile[1129,94710543098601.mockFlowFile,14B] to 'success'
[pool-146-thread-1] INFO org.apache.nifi.processors.standard.ControlRate - ControlRate[id=8657ba08-ba34-46dd-adcc-191ababb075c] transferring FlowFile[1130,94710543107023.mockFlowFile,14B] to 'success'
[pool-146-thread-1] INFO org.apache.nifi.processors.standard.ControlRate - ControlRate[id=8657ba08-ba34-46dd-adcc-191ababb075c] transferring FlowFile[1131,94710543115941.mockFlowFile,14B] to 'success'
[pool-146-thread-1] INFO org.apache.nifi.processors.standard.ControlRate - ControlRate[id=8657ba08-ba34-46dd-adcc-191ababb075c] transferring FlowFile[1132,94710543125122.mockFlowFile,14B] to 'success'
[pool-146-thread-1] INFO org.apache.nifi.processors.standard.ControlRate - ControlRate[id=8657ba08-ba34-46dd-adcc-191ababb075c] transferring FlowFile[1133,94710543133551.mockFlowFile,14B] to 'success'
[pool-146-thread-1] INFO org.apache.nifi.processors.standard.ControlRate - ControlRate[id=8657ba08-ba34-46dd-adcc-191ababb075c] transferring FlowFile[1134,94710543142766.mockFlowFile,14B] to 'success'
[pool-146-thread-1] INFO org.apache.nifi.processors.standard.ControlRate - ControlRate[id=8657ba08-ba34-46dd-adcc-191ababb075c] transferring FlowFile[1135,94710543155232.mockFlowFile,14B] to 'success'
[pool-146-thread-1] INFO org.apache.nifi.processors.standard.ControlRate - ControlRate[id=8657ba08-ba34-46dd-adcc-191ababb075c] transferring FlowFile[1136,94710543164530.mockFlowFile,14B] to 'success'
[pool-146-thread-1] INFO org.apache.nifi.processors.standard.ControlRate - ControlRate[id=8657ba08-ba34-46dd-adcc-191ababb075c] transferring FlowFile[1137,94710543173272.mockFlowFile,14B] to 'success'
[pool-146-thread-1] INFO org.apache.nifi.processors.standard.ControlRate - ControlRate[id=8657ba08-ba34-46dd-adcc-191ababb075c] transferring FlowFile[1138,94710543181662.mockFlowFile,14B] to 'success'
[pool-146-thread-1] INFO org.apache.nifi.processors.standard.ControlRate - ControlRate[id=8657ba08-ba34-46dd-adcc-191ababb075c] transferring FlowFile[1139,94710543209537.mockFlowFile,14B] to 'success'
[pool-146-thread-1] INFO org.apache.nifi.processors.standard.ControlRate - ControlRate[id=8657ba08-ba34-46dd-adcc-191ababb075c] transferring FlowFile[1140,94710543462944.mockFlowFile,14B] to 'success'
[pool-146-thread-1] INFO org.apache.nifi.processors.standard.ControlRate - ControlRate[id=8657ba08-ba34-46dd-adcc-191ababb075c] transferring FlowFile[1141,94710543483580.mockFlowFile,14B] to 'success'
[pool-146-thread-1] INFO org.apache.nifi.processors.standard.ControlRate - ControlRate[id=8657ba08-ba34-46dd-adcc-191ababb075c] transferring FlowFile[1142,94710543490434.mockFlowFile,14B] to 'success'
[pool-146-thread-1] INFO org.apache.nifi.processors.standard.ControlRate - ControlRate[id=8657ba08-ba34-46dd-adcc-191ababb075c] transferring FlowFile[1143,94710543500663.mockFlowFile,14B] to 'success'
[pool-146-thread-1] INFO org.apache.nifi.processors.standard.ControlRate - ControlRate[id=8657ba08-ba34-46dd-adcc-191ababb075c] transferring FlowFile[1144,94710543507091.mockFlowFile,14B] to 'success'
[pool-146-thread-1] INFO org.apache.nifi.processors.standard.ControlRate - ControlRate[id=8657ba08-ba34-46dd-adcc-191ababb075c] transferring FlowFile[1145,94710543512699.mockFlowFile,14B] to 'success'
[pool-146-thread-1] INFO org.apache.nifi.processors.standard.ControlRate - ControlRate[id=8657ba08-ba34-46dd-adcc-191ababb075c] transferring FlowFile[1146,94710543518579.mockFlowFile,14B] to 'success'
[pool-146-thread-1] INFO org.apache.nifi.processors.standard.ControlRate - ControlRate[id=8657ba08-ba34-46dd-adcc-191ababb075c] transferring FlowFile[1147,94710543524643.mockFlowFile,14B] to 'success'
[pool-146-thread-1] INFO org.apache.nifi.processors.standard.ControlRate - ControlRate[id=8657ba08-ba34-46dd-adcc-191ababb075c] transferring FlowFile[1148,94710543530130.mockFlowFile,14B] to 'success'
[pool-146-thread-1] INFO org.apache.nifi.processors.standard.ControlRate - ControlRate[id=8657ba08-ba34-46dd-adcc-191ababb075c] transferring FlowFile[1149,94710543643191.mockFlowFile,14B] to 'success'
[pool-146-thread-1] INFO org.apache.nifi.processors.standard.ControlRate - ControlRate[id=8657ba08-ba34-46dd-adcc-191ababb075c] transferring FlowFile[1150,94710543808282.mockFlowFile,14B] to 'success'
[pool-146-thread-1] INFO org.apache.nifi.processors.standard.ControlRate - ControlRate[id=8657ba08-ba34-46dd-adcc-191ababb075c] transferring FlowFile[1151,94710543824155.mockFlowFile,14B] to 'success'
[pool-146-thread-1] INFO org.apache.nifi.processors.standard.ControlRate - ControlRate[id=8657ba08-ba34-46dd-adcc-191ababb075c] transferring FlowFile[1152,94710543900013.mockFlowFile,14B] to 'success'
[pool-146-thread-1] INFO org.apache.nifi.processors.standard.ControlRate - ControlRate[id=8657ba08-ba34-46dd-adcc-191ababb075c] transferring FlowFile[1153,94710544011385.mockFlowFile,14B] to 'success'
[pool-146-thread-1] INFO org.apache.nifi.processors.standard.ControlRate - ControlRate[id=8657ba08-ba34-46dd-adcc-191ababb075c] transferring FlowFile[1154,94710544085803.mockFlowFile,14B] to 'success'
[pool-146-thread-1] INFO org.apache.nifi.processors.standard.ControlRate - ControlRate[id=8657ba08-ba34-46dd-adcc-191ababb075c] transferring FlowFile[1155,94710544188075.mockFlowFile,14B] to 'success'
[pool-146-thread-1] INFO org.apache.nifi.processors.standard.ControlRate - ControlRate[id=8657ba08-ba34-46dd-adcc-191ababb075c] transferring FlowFile[1156,94710544266641.mockFlowFile,14B] to 'success'
[pool-146-thread-1] INFO org.apache.nifi.processors.standard.ControlRate - ControlRate[id=8657ba08-ba34-46dd-adcc-191ababb075c] transferring FlowFile[1157,94710544342084.mockFlowFile,14B] to 'success'
[pool-146-thread-1] INFO org.apache.nifi.processors.standard.ControlRate - ControlRate[id=8657ba08-ba34-46dd-adcc-191ababb075c] transferring FlowFile[1158,94710544353565.mockFlowFile,14B] to 'success'
[pool-146-thread-1] INFO org.apache.nifi.processors.standard.ControlRate - ControlRate[id=8657ba08-ba34-46dd-adcc-191ababb075c] transferring FlowFile[1159,94710544494222.mockFlowFile,14B] to 'success'
[pool-146-thread-1] INFO org.apache.nifi.processors.standard.ControlRate - ControlRate[id=8657ba08-ba34-46dd-adcc-191ababb075c] transferring FlowFile[1160,94710544563949.mockFlowFile,14B] to 'success'
[pool-146-thread-1] INFO org.apache.nifi.processors.standard.ControlRate - ControlRate[id=8657ba08-ba34-46dd-adcc-191ababb075c] transferring FlowFile[1161,94710544577240.mockFlowFile,14B] to 'success'
[pool-146-thread-1] INFO org.apache.nifi.processors.standard.ControlRate - ControlRate[id=8657ba08-ba34-46dd-adcc-191ababb075c] transferring FlowFile[1162,94710544658744.mockFlowFile,14B] to 'success'
[pool-146-thread-1] INFO org.apache.nifi.processors.standard.ControlRate - ControlRate[id=8657ba08-ba34-46dd-adcc-191ababb075c] transferring FlowFile[1163,94710544726572.mockFlowFile,14B] to 'success'
[pool-146-thread-1] INFO org.apache.nifi.processors.standard.ControlRate - ControlRate[id=8657ba08-ba34-46dd-adcc-191ababb075c] transferring FlowFile[1164,94710544740080.mockFlowFile,14B] to 'success'
[pool-146-thread-1] INFO org.apache.nifi.processors.standard.ControlRate - ControlRate[id=8657ba08-ba34-46dd-adcc-191ababb075c] transferring FlowFile[1165,94710544811273.mockFlowFile,14B] to 'success'
[pool-146-thread-1] INFO org.apache.nifi.processors.standard.ControlRate - ControlRate[id=8657ba08-ba34-46dd-adcc-191ababb075c] transferring FlowFile[1166,94710544882043.mockFlowFile,14B] to 'success'
[pool-146-thread-1] INFO org.apache.nifi.processors.standard.ControlRate - ControlRate[id=8657ba08-ba34-46dd-adcc-191ababb075c] transferring FlowFile[1167,94710544963949.mockFlowFile,14B] to 'success'
[pool-146-thread-1] INFO org.apache.nifi.processors.standard.ControlRate - ControlRate[id=8657ba08-ba34-46dd-adcc-191ababb075c] transferring FlowFile[1168,94710545034997.mockFlowFile,14B] to 'success'
[pool-146-thread-1] INFO org.apache.nifi.processors.standard.ControlRate - ControlRate[id=8657ba08-ba34-46dd-adcc-191ababb075c] transferring FlowFile[1169,94710545100704.mockFlowFile,14B] to 'success'
[pool-146-thread-1] INFO org.apache.nifi.processors.standard.ControlRate - ControlRate[id=8657ba08-ba34-46dd-adcc-191ababb075c] transferring FlowFile[1170,94710545111529.mockFlowFile,14B] to 'success'
[pool-146-thread-1] INFO org.apache.nifi.processors.standard.ControlRate - ControlRate[id=8657ba08-ba34-46dd-adcc-191ababb075c] transferring FlowFile[1171,94710545243189.mockFlowFile,14B] to 'success'
[pool-146-thread-1] INFO org.apache.nifi.processors.standard.ControlRate - ControlRate[id=8657ba08-ba34-46dd-adcc-191ababb075c] transferring FlowFile[1172,94710545257213.mockFlowFile,14B] to 'success'
[pool-146-thread-1] INFO org.apache.nifi.processors.standard.ControlRate - ControlRate[id=8657ba08-ba34-46dd-adcc-191ababb075c] transferring FlowFile[1173,94710545266768.mockFlowFile,14B] to 'success'
[pool-146-thread-1] INFO org.apache.nifi.processors.standard.ControlRate - ControlRate[id=8657ba08-ba34-46dd-adcc-191ababb075c] transferring FlowFile[1174,94710545277994.mockFlowFile,14B] to 'success'
[pool-146-thread-1] INFO org.apache.nifi.processors.standard.ControlRate - ControlRate[id=8657ba08-ba34-46dd-adcc-191ababb075c] transferring FlowFile[1175,94710545291808.mockFlowFile,14B] to 'success'
[pool-146-thread-1] INFO org.apache.nifi.processors.standard.ControlRate - ControlRate[id=8657ba08-ba34-46dd-adcc-191ababb075c] transferring FlowFile[1176,94710545301217.mockFlowFile,14B] to 'success'
[pool-146-thread-1] INFO org.apache.nifi.processors.standard.ControlRate - ControlRate[id=8657ba08-ba34-46dd-adcc-191ababb075c] transferring FlowFile[1177,94710545310243.mockFlowFile,14B] to 'success'
[pool-146-thread-1] INFO org.apache.nifi.processors.standard.ControlRate - ControlRate[id=8657ba08-ba34-46dd-adcc-191ababb075c] transferring FlowFile[1178,94710545321519.mockFlowFile,14B] to 'success'
[pool-146-thread-1] INFO org.apache.nifi.processors.standard.ControlRate - ControlRate[id=8657ba08-ba34-46dd-adcc-191ababb075c] transferring FlowFile[1179,94710545330518.mockFlowFile,14B] to 'success'
[pool-146-thread-1] INFO org.apache.nifi.processors.standard.ControlRate - ControlRate[id=8657ba08-ba34-46dd-adcc-191ababb075c] transferring FlowFile[1180,94710545339001.mockFlowFile,14B] to 'success'
[pool-146-thread-1] INFO org.apache.nifi.processors.standard.ControlRate - ControlRate[id=8657ba08-ba34-46dd-adcc-191ababb075c] transferring FlowFile[1181,94710545347926.mockFlowFile,14B] to 'success'
[pool-146-thread-1] INFO org.apache.nifi.processors.standard.ControlRate - ControlRate[id=8657ba08-ba34-46dd-adcc-191ababb075c] transferring FlowFile[1182,94710545356710.mockFlowFile,14B] to 'success'
[pool-146-thread-1] INFO org.apache.nifi.processors.standard.ControlRate - ControlRate[id=8657ba08-ba34-46dd-adcc-191ababb075c] transferring FlowFile[1183,94710545367958.mockFlowFile,14B] to 'success'
[pool-146-thread-1] INFO org.apache.nifi.processors.standard.ControlRate - ControlRate[id=8657ba08-ba34-46dd-adcc-191ababb075c] transferring FlowFile[1184,94710545376971.mockFlowFile,14B] to 'success'
[pool-146-thread-1] INFO org.apache.nifi.processors.standard.ControlRate - ControlRate[id=8657ba08-ba34-46dd-adcc-191ababb075c] transferring FlowFile[1185,94710545385316.mockFlowFile,14B] to 'success'
[pool-146-thread-1] INFO org.apache.nifi.processors.standard.ControlRate - ControlRate[id=8657ba08-ba34-46dd-adcc-191ababb075c] transferring FlowFile[1186,94710545394180.mockFlowFile,14B] to 'success'
[pool-146-thread-1] INFO org.apache.nifi.processors.standard.ControlRate - ControlRate[id=8657ba08-ba34-46dd-adcc-191ababb075c] transferring FlowFile[1187,94710545402868.mockFlowFile,14B] to 'success'
[pool-146-thread-1] INFO org.apache.nifi.processors.standard.ControlRate - ControlRate[id=8657ba08-ba34-46dd-adcc-191ababb075c] transferring FlowFile[1188,94710545411367.mockFlowFile,14B] to 'success'
[pool-146-thread-1] INFO org.apache.nifi.processors.standard.ControlRate - ControlRate[id=8657ba08-ba34-46dd-adcc-191ababb075c] transferring FlowFile[1189,94710545420184.mockFlowFile,14B] to 'success'
[pool-146-thread-1] INFO org.apache.nifi.processors.standard.ControlRate - ControlRate[id=8657ba08-ba34-46dd-adcc-191ababb075c] transferring FlowFile[1190,94710545431330.mockFlowFile,14B] to 'success'
[pool-146-thread-1] INFO org.apache.nifi.processors.standard.ControlRate - ControlRate[id=8657ba08-ba34-46dd-adcc-191ababb075c] transferring FlowFile[1191,94710545445605.mockFlowFile,14B] to 'success'
[pool-146-thread-1] INFO org.apache.nifi.processors.standard.ControlRate - ControlRate[id=8657ba08-ba34-46dd-adcc-191ababb075c] transferring FlowFile[1192,94710545457356.mockFlowFile,14B] to 'success'
[pool-146-thread-1] INFO org.apache.nifi.processors.standard.ControlRate - ControlRate[id=8657ba08-ba34-46dd-adcc-191ababb075c] transferring FlowFile[1193,94710545467651.mockFlowFile,14B] to 'success'
[pool-146-thread-1] INFO org.apache.nifi.processors.standard.ControlRate - ControlRate[id=8657ba08-ba34-46dd-adcc-191ababb075c] transferring FlowFile[1194,94710545479041.mockFlowFile,14B] to 'success'
[pool-146-thread-1] INFO org.apache.nifi.processors.standard.ControlRate - ControlRate[id=8657ba08-ba34-46dd-adcc-191ababb075c] transferring FlowFile[1195,94710545498501.mockFlowFile,14B] to 'success'
[pool-146-thread-1] INFO org.apache.nifi.processors.standard.ControlRate - ControlRate[id=8657ba08-ba34-46dd-adcc-191ababb075c] transferring FlowFile[1196,94710545509289.mockFlowFile,14B] to 'success'
[pool-146-thread-1] INFO org.apache.nifi.processors.standard.ControlRate - ControlRate[id=8657ba08-ba34-46dd-adcc-191ababb075c] transferring FlowFile[1197,94710545519074.mockFlowFile,14B] to 'success'
[pool-146-thread-1] INFO org.apache.nifi.processors.standard.ControlRate - ControlRate[id=8657ba08-ba34-46dd-adcc-191ababb075c] transferring FlowFile[1198,94710545528112.mockFlowFile,14B] to 'success'
[pool-146-thread-1] INFO org.apache.nifi.processors.standard.ControlRate - ControlRate[id=8657ba08-ba34-46dd-adcc-191ababb075c] transferring FlowFile[1199,94710545541541.mockFlowFile,14B] to 'success'
[pool-146-thread-1] INFO org.apache.nifi.processors.standard.ControlRate - ControlRate[id=8657ba08-ba34-46dd-adcc-191ababb075c] transferring FlowFile[1200,94710545551175.mockFlowFile,14B] to 'success'
[pool-146-thread-1] INFO org.apache.nifi.processors.standard.ControlRate - ControlRate[id=8657ba08-ba34-46dd-adcc-191ababb075c] transferring FlowFile[1201,94710545560840.mockFlowFile,14B] to 'success'
[pool-146-thread-1] INFO org.apache.nifi.processors.standard.ControlRate - ControlRate[id=8657ba08-ba34-46dd-adcc-191ababb075c] transferring FlowFile[1202,94710545571843.mockFlowFile,14B] to 'success'
[pool-146-thread-1] INFO org.apache.nifi.processors.standard.ControlRate - ControlRate[id=8657ba08-ba34-46dd-adcc-191ababb075c] transferring FlowFile[1203,94710545581287.mockFlowFile,14B] to 'success'
[pool-146-thread-1] INFO org.apache.nifi.processors.standard.ControlRate - ControlRate[id=8657ba08-ba34-46dd-adcc-191ababb075c] transferring FlowFile[1204,94710545591788.mockFlowFile,14B] to 'success'
[pool-146-thread-1] INFO org.apache.nifi.processors.standard.ControlRate - ControlRate[id=8657ba08-ba34-46dd-adcc-191ababb075c] transferring FlowFile[1205,94710545601352.mockFlowFile,14B] to 'success'
[pool-146-thread-1] INFO org.apache.nifi.processors.standard.ControlRate - ControlRate[id=8657ba08-ba34-46dd-adcc-191ababb075c] transferring FlowFile[1206,94710545611155.mockFlowFile,14B] to 'success'
[pool-146-thread-1] INFO org.apache.nifi.processors.standard.ControlRate - ControlRate[id=8657ba08-ba34-46dd-adcc-191ababb075c] transferring FlowFile[1207,94710545624640.mockFlowFile,14B] to 'success'
[pool-146-thread-1] INFO org.apache.nifi.processors.standard.ControlRate - ControlRate[id=8657ba08-ba34-46dd-adcc-191ababb075c] transferring FlowFile[1208,94710545634382.mockFlowFile,14B] to 'success'
[pool-146-thread-1] INFO org.apache.nifi.processors.standard.ControlRate - ControlRate[id=8657ba08-ba34-46dd-adcc-191ababb075c] transferring FlowFile[1209,94710545644824.mockFlowFile,14B] to 'success'
[pool-146-thread-1] INFO org.apache.nifi.processors.standard.ControlRate - ControlRate[id=8657ba08-ba34-46dd-adcc-191ababb075c] transferring FlowFile[1210,94710545654689.mockFlowFile,14B] to 'success'
[pool-146-thread-1] INFO org.apache.nifi.processors.standard.ControlRate - ControlRate[id=8657ba08-ba34-46dd-adcc-191ababb075c] transferring FlowFile[1211,94710545665252.mockFlowFile,14B] to 'success'
[pool-146-thread-1] INFO org.apache.nifi.processors.standard.ControlRate - ControlRate[id=8657ba08-ba34-46dd-adcc-191ababb075c] transferring FlowFile[1212,94710545675511.mockFlowFile,14B] to 'success'
[pool-146-thread-1] INFO org.apache.nifi.processors.standard.ControlRate - ControlRate[id=8657ba08-ba34-46dd-adcc-191ababb075c] transferring FlowFile[1213,94710545684914.mockFlowFile,14B] to 'success'
[pool-146-thread-1] INFO org.apache.nifi.processors.standard.ControlRate - ControlRate[id=8657ba08-ba34-46dd-adcc-191ababb075c] transferring FlowFile[1214,94710545695282.mockFlowFile,14B] to 'success'
[pool-146-thread-1] INFO org.apache.nifi.processors.standard.ControlRate - ControlRate[id=8657ba08-ba34-46dd-adcc-191ababb075c] transferring FlowFile[1215,94710545708909.mockFlowFile,14B] to 'success'
[pool-146-thread-1] INFO org.apache.nifi.processors.standard.ControlRate - ControlRate[id=8657ba08-ba34-46dd-adcc-191ababb075c] transferring FlowFile[1216,94710545719736.mockFlowFile,14B] to 'success'
[pool-146-thread-1] INFO org.apache.nifi.processors.standard.ControlRate - ControlRate[id=8657ba08-ba34-46dd-adcc-191ababb075c] transferring FlowFile[1217,94710545729773.mockFlowFile,14B] to 'success'
[pool-146-thread-1] INFO org.apache.nifi.processors.standard.ControlRate - ControlRate[id=8657ba08-ba34-46dd-adcc-191ababb075c] transferring FlowFile[1218,94710545740928.mockFlowFile,14B] to 'success'
[pool-146-thread-1] INFO org.apache.nifi.processors.standard.ControlRate - ControlRate[id=8657ba08-ba34-46dd-adcc-191ababb075c] transferring FlowFile[1219,94710545750901.mockFlowFile,14B] to 'success'
[pool-146-thread-1] INFO org.apache.nifi.processors.standard.ControlRate - ControlRate[id=8657ba08-ba34-46dd-adcc-191ababb075c] transferring FlowFile[1220,94710545760400.mockFlowFile,14B] to 'success'
[pool-146-thread-1] INFO org.apache.nifi.processors.standard.ControlRate - ControlRate[id=8657ba08-ba34-46dd-adcc-191ababb075c] transferring FlowFile[1221,94710545771101.mockFlowFile,14B] to 'success'
[pool-146-thread-1] INFO org.apache.nifi.processors.standard.ControlRate - ControlRate[id=8657ba08-ba34-46dd-adcc-191ababb075c] transferring FlowFile[1222,94710545781738.mockFlowFile,14B] to 'success'
[pool-146-thread-1] INFO org.apache.nifi.processors.standard.ControlRate - ControlRate[id=8657ba08-ba34-46dd-adcc-191ababb075c] transferring FlowFile[1223,94710545794578.mockFlowFile,14B] to 'success'
[pool-146-thread-1] INFO org.apache.nifi.processors.standard.ControlRate - ControlRate[id=8657ba08-ba34-46dd-adcc-191ababb075c] transferring FlowFile[1224,94710545805090.mockFlowFile,14B] to 'success'
[pool-146-thread-1] INFO org.apache.nifi.processors.standard.ControlRate - ControlRate[id=8657ba08-ba34-46dd-adcc-191ababb075c] transferring FlowFile[1225,94710545814391.mockFlowFile,14B] to 'success'
[pool-146-thread-1] INFO org.apache.nifi.processors.standard.ControlRate - ControlRate[id=8657ba08-ba34-46dd-adcc-191ababb075c] transferring FlowFile[1226,94710545824191.mockFlowFile,14B] to 'success'
[pool-146-thread-1] INFO org.apache.nifi.processors.standard.ControlRate - ControlRate[id=8657ba08-ba34-46dd-adcc-191ababb075c] transferring FlowFile[1227,94710545833389.mockFlowFile,14B] to 'success'
[pool-146-thread-1] INFO org.apache.nifi.processors.standard.ControlRate - ControlRate[id=8657ba08-ba34-46dd-adcc-191ababb075c] transferring FlowFile[1228,94710545842491.mockFlowFile,14B] to 'success'
[pool-146-thread-1] INFO org.apache.nifi.processors.standard.ControlRate - ControlRate[id=8657ba08-ba34-46dd-adcc-191ababb075c] transferring FlowFile[1229,94710545852761.mockFlowFile,14B] to 'success'
[pool-146-thread-1] INFO org.apache.nifi.processors.standard.ControlRate - ControlRate[id=8657ba08-ba34-46dd-adcc-191ababb075c] transferring FlowFile[1230,94710545862452.mockFlowFile,14B] to 'success'
[pool-146-thread-1] INFO org.apache.nifi.processors.standard.ControlRate - ControlRate[id=8657ba08-ba34-46dd-adcc-191ababb075c] transferring FlowFile[1231,94710545876453.mockFlowFile,14B] to 'success'
[pool-146-thread-1] INFO org.apache.nifi.processors.standard.ControlRate - ControlRate[id=8657ba08-ba34-46dd-adcc-191ababb075c] transferring FlowFile[1232,94710545887205.mockFlowFile,14B] to 'success'
[pool-146-thread-1] INFO org.apache.nifi.processors.standard.ControlRate - ControlRate[id=8657ba08-ba34-46dd-adcc-191ababb075c] transferring FlowFile[1233,94710545896746.mockFlowFile,14B] to 'success'
[pool-146-thread-1] INFO org.apache.nifi.processors.standard.ControlRate - ControlRate[id=8657ba08-ba34-46dd-adcc-191ababb075c] transferring FlowFile[1234,94710545906929.mockFlowFile,14B] to 'success'
[pool-146-thread-1] INFO org.apache.nifi.processors.standard.ControlRate - ControlRate[id=8657ba08-ba34-46dd-adcc-191ababb075c] transferring FlowFile[1235,94710545916277.mockFlowFile,14B] to 'success'
[pool-146-thread-1] INFO org.apache.nifi.processors.standard.ControlRate - ControlRate[id=8657ba08-ba34-46dd-adcc-191ababb075c] transferring FlowFile[1236,94710545926405.mockFlowFile,14B] to 'success'
[pool-146-thread-1] INFO org.apache.nifi.processors.standard.ControlRate - ControlRate[id=8657ba08-ba34-46dd-adcc-191ababb075c] transferring FlowFile[1237,94710545937754.mockFlowFile,14B] to 'success'
[pool-146-thread-1] INFO org.apache.nifi.processors.standard.ControlRate - ControlRate[id=8657ba08-ba34-46dd-adcc-191ababb075c] transferring FlowFile[1238,94710545947601.mockFlowFile,14B] to 'success'
[pool-146-thread-1] INFO org.apache.nifi.processors.standard.ControlRate - ControlRate[id=8657ba08-ba34-46dd-adcc-191ababb075c] transferring FlowFile[1239,94710545961421.mockFlowFile,14B] to 'success'
[pool-146-thread-1] INFO org.apache.nifi.processors.standard.ControlRate - ControlRate[id=8657ba08-ba34-46dd-adcc-191ababb075c] transferring FlowFile[1240,94710545971293.mockFlowFile,14B] to 'success'
[pool-146-thread-1] INFO org.apache.nifi.processors.standard.ControlRate - ControlRate[id=8657ba08-ba34-46dd-adcc-191ababb075c] transferring FlowFile[1241,94710545981552.mockFlowFile,14B] to 'success'
[pool-146-thread-1] INFO org.apache.nifi.processors.standard.ControlRate - ControlRate[id=8657ba08-ba34-46dd-adcc-191ababb075c] transferring FlowFile[1242,94710545992023.mockFlowFile,14B] to 'success'
[pool-146-thread-1] INFO org.apache.nifi.processors.standard.ControlRate - ControlRate[id=8657ba08-ba34-46dd-adcc-191ababb075c] transferring FlowFile[1243,94710546001069.mockFlowFile,14B] to 'success'
[pool-146-thread-1] INFO org.apache.nifi.processors.standard.ControlRate - ControlRate[id=8657ba08-ba34-46dd-adcc-191ababb075c] transferring FlowFile[1244,94710546011246.mockFlowFile,14B] to 'success'
[pool-146-thread-1] INFO org.apache.nifi.processors.standard.ControlRate - ControlRate[id=8657ba08-ba34-46dd-adcc-191ababb075c] transferring FlowFile[1245,94710546020436.mockFlowFile,14B] to 'success'
[pool-146-thread-1] INFO org.apache.nifi.processors.standard.ControlRate - ControlRate[id=8657ba08-ba34-46dd-adcc-191ababb075c] transferring FlowFile[1246,94710546030802.mockFlowFile,14B] to 'success'
[pool-146-thread-1] INFO org.apache.nifi.processors.standard.ControlRate - ControlRate[id=8657ba08-ba34-46dd-adcc-191ababb075c] transferring FlowFile[1247,94710546044330.mockFlowFile,14B] to 'success'
[pool-146-thread-1] INFO org.apache.nifi.processors.standard.ControlRate - ControlRate[id=8657ba08-ba34-46dd-adcc-191ababb075c] transferring FlowFile[1248,94710546054060.mockFlowFile,14B] to 'success'
[pool-146-thread-1] INFO org.apache.nifi.processors.standard.ControlRate - ControlRate[id=8657ba08-ba34-46dd-adcc-191ababb075c] transferring FlowFile[1249,94710546063932.mockFlowFile,14B] to 'success'
[pool-146-thread-1] INFO org.apache.nifi.processors.standard.ControlRate - ControlRate[id=8657ba08-ba34-46dd-adcc-191ababb075c] transferring FlowFile[1250,94710546087071.mockFlowFile,14B] to 'success'
[pool-146-thread-1] INFO org.apache.nifi.processors.standard.ControlRate - ControlRate[id=8657ba08-ba34-46dd-adcc-191ababb075c] transferring FlowFile[1251,94710546098456.mockFlowFile,14B] to 'success'
[pool-146-thread-1] INFO org.apache.nifi.processors.standard.ControlRate - ControlRate[id=8657ba08-ba34-46dd-adcc-191ababb075c] transferring FlowFile[1252,94710546108376.mockFlowFile,14B] to 'success'
[pool-146-thread-1] INFO org.apache.nifi.processors.standard.ControlRate - ControlRate[id=8657ba08-ba34-46dd-adcc-191ababb075c] transferring FlowFile[1253,94710546117695.mockFlowFile,14B] to 'success'
[pool-146-thread-1] INFO org.apache.nifi.processors.standard.ControlRate - ControlRate[id=8657ba08-ba34-46dd-adcc-191ababb075c] transferring FlowFile[1254,94710546144427.mockFlowFile,14B] to 'success'
[pool-146-thread-1] INFO org.apache.nifi.processors.standard.ControlRate - ControlRate[id=8657ba08-ba34-46dd-adcc-191ababb075c] transferring FlowFile[1255,94710546159774.mockFlowFile,14B] to 'success'
[pool-146-thread-1] INFO org.apache.nifi.processors.standard.ControlRate - ControlRate[id=8657ba08-ba34-46dd-adcc-191ababb075c] transferring FlowFile[1256,94710546169943.mockFlowFile,14B] to 'success'
[pool-146-thread-1] INFO org.apache.nifi.processors.standard.ControlRate - ControlRate[id=8657ba08-ba34-46dd-adcc-191ababb075c] transferring FlowFile[1257,94710546178570.mockFlowFile,14B] to 'success'
[pool-146-thread-1] INFO org.apache.nifi.processors.standard.ControlRate - ControlRate[id=8657ba08-ba34-46dd-adcc-191ababb075c] transferring FlowFile[1258,94710546189114.mockFlowFile,14B] to 'success'
[pool-146-thread-1] INFO org.apache.nifi.processors.standard.ControlRate - ControlRate[id=8657ba08-ba34-46dd-adcc-191ababb075c] transferring FlowFile[1259,94710546198634.mockFlowFile,14B] to 'success'
[pool-146-thread-1] INFO org.apache.nifi.processors.standard.ControlRate - ControlRate[id=8657ba08-ba34-46dd-adcc-191ababb075c] transferring FlowFile[1260,94710546208099.mockFlowFile,14B] to 'success'
[pool-146-thread-1] INFO org.apache.nifi.processors.standard.ControlRate - ControlRate[id=8657ba08-ba34-46dd-adcc-191ababb075c] transferring FlowFile[1261,94710546218593.mockFlowFile,14B] to 'success'
[pool-146-thread-1] INFO org.apache.nifi.processors.standard.ControlRate - ControlRate[id=8657ba08-ba34-46dd-adcc-191ababb075c] transferring FlowFile[1262,94710546229093.mockFlowFile,14B] to 'success'
[pool-146-thread-1] INFO org.apache.nifi.processors.standard.ControlRate - ControlRate[id=8657ba08-ba34-46dd-adcc-191ababb075c] transferring FlowFile[1263,94710546242523.mockFlowFile,14B] to 'success'
[pool-146-thread-1] INFO org.apache.nifi.processors.standard.ControlRate - ControlRate[id=8657ba08-ba34-46dd-adcc-191ababb075c] transferring FlowFile[1264,94710546253493.mockFlowFile,14B] to 'success'
[pool-146-thread-1] INFO org.apache.nifi.processors.standard.ControlRate - ControlRate[id=8657ba08-ba34-46dd-adcc-191ababb075c] transferring FlowFile[1265,94710546262955.mockFlowFile,14B] to 'success'
[pool-146-thread-1] INFO org.apache.nifi.processors.standard.ControlRate - ControlRate[id=8657ba08-ba34-46dd-adcc-191ababb075c] transferring FlowFile[1266,94710546274275.mockFlowFile,14B] to 'success'
[pool-146-thread-1] INFO org.apache.nifi.processors.standard.ControlRate - ControlRate[id=8657ba08-ba34-46dd-adcc-191ababb075c] transferring FlowFile[1267,94710546284210.mockFlowFile,14B] to 'success'
[pool-146-thread-1] INFO org.apache.nifi.processors.standard.ControlRate - ControlRate[id=8657ba08-ba34-46dd-adcc-191ababb075c] transferring FlowFile[1268,94710546293886.mockFlowFile,14B] to 'success'
[pool-146-thread-1] INFO org.apache.nifi.processors.standard.ControlRate - ControlRate[id=8657ba08-ba34-46dd-adcc-191ababb075c] transferring FlowFile[1269,94710546303240.mockFlowFile,14B] to 'success'
[pool-146-thread-1] INFO org.apache.nifi.processors.standard.ControlRate - ControlRate[id=8657ba08-ba34-46dd-adcc-191ababb075c] transferring FlowFile[1270,94710546313346.mockFlowFile,14B] to 'success'
[pool-146-thread-1] INFO org.apache.nifi.processors.standard.ControlRate - ControlRate[id=8657ba08-ba34-46dd-adcc-191ababb075c] transferring FlowFile[1271,94710546328223.mockFlowFile,14B] to 'success'
[pool-146-thread-1] INFO org.apache.nifi.processors.standard.ControlRate - ControlRate[id=8657ba08-ba34-46dd-adcc-191ababb075c] transferring FlowFile[1272,94710546339159.mockFlowFile,14B] to 'success'
[pool-146-thread-1] INFO org.apache.nifi.processors.standard.ControlRate - ControlRate[id=8657ba08-ba34-46dd-adcc-191ababb075c] transferring FlowFile[1273,94710546350400.mockFlowFile,14B] to 'success'
[pool-146-thread-1] INFO org.apache.nifi.processors.standard.ControlRate - ControlRate[id=8657ba08-ba34-46dd-adcc-191ababb075c] transferring FlowFile[1274,94710546370581.mockFlowFile,14B] to 'success'
[pool-146-thread-1] INFO org.apache.nifi.processors.standard.ControlRate - ControlRate[id=8657ba08-ba34-46dd-adcc-191ababb075c] transferring FlowFile[1275,94710546384212.mockFlowFile,14B] to 'success'
[pool-146-thread-1] INFO org.apache.nifi.processors.standard.ControlRate - ControlRate[id=8657ba08-ba34-46dd-adcc-191ababb075c] transferring FlowFile[1276,94710546393844.mockFlowFile,14B] to 'success'
[pool-146-thread-1] INFO org.apache.nifi.processors.standard.ControlRate - ControlRate[id=8657ba08-ba34-46dd-adcc-191ababb075c] transferring FlowFile[1277,94710546403209.mockFlowFile,14B] to 'success'
[pool-146-thread-1] INFO org.apache.nifi.processors.standard.ControlRate - ControlRate[id=8657ba08-ba34-46dd-adcc-191ababb075c] transferring FlowFile[1278,94710546411776.mockFlowFile,14B] to 'success'
[pool-146-thread-1] INFO org.apache.nifi.processors.standard.ControlRate - ControlRate[id=8657ba08-ba34-46dd-adcc-191ababb075c] transferring FlowFile[1279,94710546436855.mockFlowFile,14B] to 'success'
[pool-146-thread-1] INFO org.apache.nifi.processors.standard.ControlRate - ControlRate[id=8657ba08-ba34-46dd-adcc-191ababb075c] transferring FlowFile[1280,94710546446721.mockFlowFile,14B] to 'success'
[pool-146-thread-1] INFO org.apache.nifi.processors.standard.ControlRate - ControlRate[id=8657ba08-ba34-46dd-adcc-191ababb075c] transferring FlowFile[1281,94710546455800.mockFlowFile,14B] to 'success'
[pool-146-thread-1] INFO org.apache.nifi.processors.standard.ControlRate - ControlRate[id=8657ba08-ba34-46dd-adcc-191ababb075c] transferring FlowFile[1282,94710546464625.mockFlowFile,14B] to 'success'
[pool-146-thread-1] INFO org.apache.nifi.processors.standard.ControlRate - ControlRate[id=8657ba08-ba34-46dd-adcc-191ababb075c] transferring FlowFile[1283,94710546473503.mockFlowFile,14B] to 'success'
[pool-146-thread-1] INFO org.apache.nifi.processors.standard.ControlRate - ControlRate[id=8657ba08-ba34-46dd-adcc-191ababb075c] transferring FlowFile[1284,94710546482702.mockFlowFile,14B] to 'success'
[pool-146-thread-1] INFO org.apache.nifi.processors.standard.ControlRate - ControlRate[id=8657ba08-ba34-46dd-adcc-191ababb075c] transferring FlowFile[1285,94710546491123.mockFlowFile,14B] to 'success'
[pool-146-thread-1] INFO org.apache.nifi.processors.standard.ControlRate - ControlRate[id=8657ba08-ba34-46dd-adcc-191ababb075c] transferring FlowFile[1286,94710546501874.mockFlowFile,14B] to 'success'
[pool-146-thread-1] INFO org.apache.nifi.processors.standard.ControlRate - ControlRate[id=8657ba08-ba34-46dd-adcc-191ababb075c] transferring FlowFile[1287,94710546515145.mockFlowFile,14B] to 'success'
[pool-146-thread-1] INFO org.apache.nifi.processors.standard.ControlRate - ControlRate[id=8657ba08-ba34-46dd-adcc-191ababb075c] transferring FlowFile[1288,94710546524126.mockFlowFile,14B] to 'success'
[pool-146-thread-1] INFO org.apache.nifi.processors.standard.ControlRate - ControlRate[id=8657ba08-ba34-46dd-adcc-191ababb075c] transferring FlowFile[1289,94710546533175.mockFlowFile,14B] to 'success'
[pool-146-thread-1] INFO org.apache.nifi.processors.standard.ControlRate - ControlRate[id=8657ba08-ba34-46dd-adcc-191ababb075c] transferring FlowFile[1290,94710546541527.mockFlowFile,14B] to 'success'
[pool-146-thread-1] INFO org.apache.nifi.processors.standard.ControlRate - ControlRate[id=8657ba08-ba34-46dd-adcc-191ababb075c] transferring FlowFile[1291,94710546550750.mockFlowFile,14B] to 'success'
[pool-146-thread-1] INFO org.apache.nifi.processors.standard.ControlRate - ControlRate[id=8657ba08-ba34-46dd-adcc-191ababb075c] transferring FlowFile[1292,94710546560330.mockFlowFile,14B] to 'success'
[pool-146-thread-1] INFO org.apache.nifi.processors.standard.ControlRate - ControlRate[id=8657ba08-ba34-46dd-adcc-191ababb075c] transferring FlowFile[1293,94710546568992.mockFlowFile,14B] to 'success'
[pool-146-thread-1] INFO org.apache.nifi.processors.standard.ControlRate - ControlRate[id=8657ba08-ba34-46dd-adcc-191ababb075c] transferring FlowFile[1294,94710546579031.mockFlowFile,14B] to 'success'
[pool-146-thread-1] INFO org.apache.nifi.processors.standard.ControlRate - ControlRate[id=8657ba08-ba34-46dd-adcc-191ababb075c] transferring FlowFile[1295,94710546590703.mockFlowFile,14B] to 'success'
[pool-146-thread-1] INFO org.apache.nifi.processors.standard.ControlRate - ControlRate[id=8657ba08-ba34-46dd-adcc-191ababb075c] transferring FlowFile[1296,94710546600296.mockFlowFile,14B] to 'success'
[pool-146-thread-1] INFO org.apache.nifi.processors.standard.ControlRate - ControlRate[id=8657ba08-ba34-46dd-adcc-191ababb075c] transferring FlowFile[1297,94710546609605.mockFlowFile,14B] to 'success'
[pool-146-thread-1] INFO org.apache.nifi.processors.standard.ControlRate - ControlRate[id=8657ba08-ba34-46dd-adcc-191ababb075c] transferring FlowFile[1298,94710546618216.mockFlowFile,14B] to 'success'
[pool-146-thread-1] INFO org.apache.nifi.processors.standard.ControlRate - ControlRate[id=8657ba08-ba34-46dd-adcc-191ababb075c] transferring FlowFile[1299,94710546627757.mockFlowFile,14B] to 'success'
[pool-146-thread-1] INFO org.apache.nifi.processors.standard.ControlRate - ControlRate[id=8657ba08-ba34-46dd-adcc-191ababb075c] transferring FlowFile[1300,94710546636347.mockFlowFile,14B] to 'success'
[pool-146-thread-1] INFO org.apache.nifi.processors.standard.ControlRate - ControlRate[id=8657ba08-ba34-46dd-adcc-191ababb075c] transferring FlowFile[1301,94710546645615.mockFlowFile,14B] to 'success'
[pool-146-thread-1] INFO org.apache.nifi.processors.standard.ControlRate - ControlRate[id=8657ba08-ba34-46dd-adcc-191ababb075c] transferring FlowFile[1302,94710546654645.mockFlowFile,14B] to 'success'
[pool-146-thread-1] INFO org.apache.nifi.processors.standard.ControlRate - ControlRate[id=8657ba08-ba34-46dd-adcc-191ababb075c] transferring FlowFile[1303,94710546666500.mockFlowFile,14B] to 'success'
[pool-146-thread-1] INFO org.apache.nifi.processors.standard.ControlRate - ControlRate[id=8657ba08-ba34-46dd-adcc-191ababb075c] transferring FlowFile[1304,94710546676551.mockFlowFile,14B] to 'success'
[pool-146-thread-1] INFO org.apache.nifi.processors.standard.ControlRate - ControlRate[id=8657ba08-ba34-46dd-adcc-191ababb075c] transferring FlowFile[1305,94710546685800.mockFlowFile,14B] to 'success'
[pool-146-thread-1] INFO org.apache.nifi.processors.standard.ControlRate - ControlRate[id=8657ba08-ba34-46dd-adcc-191ababb075c] transferring FlowFile[1306,94710546695595.mockFlowFile,14B] to 'success'
[pool-146-thread-1] INFO org.apache.nifi.processors.standard.ControlRate - ControlRate[id=8657ba08-ba34-46dd-adcc-191ababb075c] transferring FlowFile[1307,94710546705530.mockFlowFile,14B] to 'success'
[pool-146-thread-1] INFO org.apache.nifi.processors.standard.ControlRate - ControlRate[id=8657ba08-ba34-46dd-adcc-191ababb075c] transferring FlowFile[1308,94710546714506.mockFlowFile,14B] to 'success'
[pool-146-thread-1] INFO org.apache.nifi.processors.standard.ControlRate - ControlRate[id=8657ba08-ba34-46dd-adcc-191ababb075c] transferring FlowFile[1309,94710546725963.mockFlowFile,14B] to 'success'
[pool-146-thread-1] INFO org.apache.nifi.processors.standard.ControlRate - ControlRate[id=8657ba08-ba34-46dd-adcc-191ababb075c] transferring FlowFile[1310,94710546737284.mockFlowFile,14B] to 'success'
[pool-146-thread-1] INFO org.apache.nifi.processors.standard.ControlRate - ControlRate[id=8657ba08-ba34-46dd-adcc-191ababb075c] transferring FlowFile[1311,94710546752022.mockFlowFile,14B] to 'success'
[pool-146-thread-1] INFO org.apache.nifi.processors.standard.ControlRate - ControlRate[id=8657ba08-ba34-46dd-adcc-191ababb075c] transferring FlowFile[1312,94710546762739.mockFlowFile,14B] to 'success'
[pool-146-thread-1] INFO org.apache.nifi.processors.standard.ControlRate - ControlRate[id=8657ba08-ba34-46dd-adcc-191ababb075c] transferring FlowFile[1313,94710546772165.mockFlowFile,14B] to 'success'
[pool-146-thread-1] INFO org.apache.nifi.processors.standard.ControlRate - ControlRate[id=8657ba08-ba34-46dd-adcc-191ababb075c] transferring FlowFile[1314,94710546783085.mockFlowFile,14B] to 'success'
[pool-146-thread-1] INFO org.apache.nifi.processors.standard.ControlRate - ControlRate[id=8657ba08-ba34-46dd-adcc-191ababb075c] transferring FlowFile[1315,94710546792798.mockFlowFile,14B] to 'success'
[pool-146-thread-1] INFO org.apache.nifi.processors.standard.ControlRate - ControlRate[id=8657ba08-ba34-46dd-adcc-191ababb075c] transferring FlowFile[1316,94710546802974.mockFlowFile,14B] to 'success'
[pool-146-thread-1] INFO org.apache.nifi.processors.standard.ControlRate - ControlRate[id=8657ba08-ba34-46dd-adcc-191ababb075c] transferring FlowFile[1317,94710546813435.mockFlowFile,14B] to 'success'
[pool-146-thread-1] INFO org.apache.nifi.processors.standard.ControlRate - ControlRate[id=8657ba08-ba34-46dd-adcc-191ababb075c] transferring FlowFile[1318,94710546831926.mockFlowFile,14B] to 'success'
[pool-146-thread-1] INFO org.apache.nifi.processors.standard.ControlRate - ControlRate[id=8657ba08-ba34-46dd-adcc-191ababb075c] transferring FlowFile[1319,94710546847414.mockFlowFile,14B] to 'success'
[pool-146-thread-1] INFO org.apache.nifi.processors.standard.ControlRate - ControlRate[id=8657ba08-ba34-46dd-adcc-191ababb075c] transferring FlowFile[1320,94710546857804.mockFlowFile,14B] to 'success'
[pool-146-thread-1] INFO org.apache.nifi.processors.standard.ControlRate - ControlRate[id=8657ba08-ba34-46dd-adcc-191ababb075c] transferring FlowFile[1321,94710546868561.mockFlowFile,14B] to 'success'
[pool-146-thread-1] INFO org.apache.nifi.processors.standard.ControlRate - ControlRate[id=8657ba08-ba34-46dd-adcc-191ababb075c] transferring FlowFile[1322,94710546880297.mockFlowFile,14B] to 'success'
[pool-146-thread-1] INFO org.apache.nifi.processors.standard.ControlRate - ControlRate[id=8657ba08-ba34-46dd-adcc-191ababb075c] transferring FlowFile[1323,94710546891133.mockFlowFile,14B] to 'success'
[pool-146-thread-1] INFO org.apache.nifi.processors.standard.ControlRate - ControlRate[id=8657ba08-ba34-46dd-adcc-191ababb075c] transferring FlowFile[1324,94710546901490.mockFlowFile,14B] to 'success'
[pool-146-thread-1] INFO org.apache.nifi.processors.standard.ControlRate - ControlRate[id=8657ba08-ba34-46dd-adcc-191ababb075c] transferring FlowFile[1325,94710546910868.mockFlowFile,14B] to 'success'
[pool-146-thread-1] INFO org.apache.nifi.processors.standard.ControlRate - ControlRate[id=8657ba08-ba34-46dd-adcc-191ababb075c] transferring FlowFile[1326,94710546921257.mockFlowFile,14B] to 'success'
[pool-146-thread-1] INFO org.apache.nifi.processors.standard.ControlRate - ControlRate[id=8657ba08-ba34-46dd-adcc-191ababb075c] transferring FlowFile[1327,94710546935917.mockFlowFile,14B] to 'success'
[pool-146-thread-1] INFO org.apache.nifi.processors.standard.ControlRate - ControlRate[id=8657ba08-ba34-46dd-adcc-191ababb075c] transferring FlowFile[1328,94710546946958.mockFlowFile,14B] to 'success'
[pool-146-thread-1] INFO org.apache.nifi.processors.standard.ControlRate - ControlRate[id=8657ba08-ba34-46dd-adcc-191ababb075c] transferring FlowFile[1329,94710546957796.mockFlowFile,14B] to 'success'
[pool-146-thread-1] INFO org.apache.nifi.processors.standard.ControlRate - ControlRate[id=8657ba08-ba34-46dd-adcc-191ababb075c] transferring FlowFile[1330,94710546967165.mockFlowFile,14B] to 'success'
[pool-146-thread-1] INFO org.apache.nifi.processors.standard.ControlRate - ControlRate[id=8657ba08-ba34-46dd-adcc-191ababb075c] transferring FlowFile[1331,94710546977646.mockFlowFile,14B] to 'success'
[pool-146-thread-1] INFO org.apache.nifi.processors.standard.ControlRate - ControlRate[id=8657ba08-ba34-46dd-adcc-191ababb075c] transferring FlowFile[1332,94710546987707.mockFlowFile,14B] to 'success'
[pool-146-thread-1] INFO org.apache.nifi.processors.standard.ControlRate - ControlRate[id=8657ba08-ba34-46dd-adcc-191ababb075c] transferring FlowFile[1333,94710546997345.mockFlowFile,14B] to 'success'
[pool-146-thread-1] INFO org.apache.nifi.processors.standard.ControlRate - ControlRate[id=8657ba08-ba34-46dd-adcc-191ababb075c] transferring FlowFile[1334,94710547007790.mockFlowFile,14B] to 'success'
[pool-146-thread-1] INFO org.apache.nifi.processors.standard.ControlRate - ControlRate[id=8657ba08-ba34-46dd-adcc-191ababb075c] transferring FlowFile[1335,94710547021311.mockFlowFile,14B] to 'success'
[pool-146-thread-1] INFO org.apache.nifi.processors.standard.ControlRate - ControlRate[id=8657ba08-ba34-46dd-adcc-191ababb075c] transferring FlowFile[1336,94710547032384.mockFlowFile,14B] to 'success'
[pool-146-thread-1] INFO org.apache.nifi.processors.standard.ControlRate - ControlRate[id=8657ba08-ba34-46dd-adcc-191ababb075c] transferring FlowFile[1337,94710547042929.mockFlowFile,14B] to 'success'
[pool-146-thread-1] INFO org.apache.nifi.processors.standard.ControlRate - ControlRate[id=8657ba08-ba34-46dd-adcc-191ababb075c] transferring FlowFile[1338,94710547052820.mockFlowFile,14B] to 'success'
[pool-146-thread-1] INFO org.apache.nifi.processors.standard.ControlRate - ControlRate[id=8657ba08-ba34-46dd-adcc-191ababb075c] transferring FlowFile[1339,94710547063509.mockFlowFile,14B] to 'success'
[pool-146-thread-1] INFO org.apache.nifi.processors.standard.ControlRate - ControlRate[id=8657ba08-ba34-46dd-adcc-191ababb075c] transferring FlowFile[1340,94710547073336.mockFlowFile,14B] to 'success'
[pool-146-thread-1] INFO org.apache.nifi.processors.standard.ControlRate - ControlRate[id=8657ba08-ba34-46dd-adcc-191ababb075c] transferring FlowFile[1341,94710547109184.mockFlowFile,14B] to 'success'
[pool-146-thread-1] INFO org.apache.nifi.processors.standard.ControlRate - ControlRate[id=8657ba08-ba34-46dd-adcc-191ababb075c] transferring FlowFile[1342,94710547142333.mockFlowFile,14B] to 'success'
[pool-146-thread-1] INFO org.apache.nifi.processors.standard.ControlRate - ControlRate[id=8657ba08-ba34-46dd-adcc-191ababb075c] transferring FlowFile[1343,94710547157094.mockFlowFile,14B] to 'success'
[pool-146-thread-1] INFO org.apache.nifi.processors.standard.ControlRate - ControlRate[id=8657ba08-ba34-46dd-adcc-191ababb075c] transferring FlowFile[1344,94710547167742.mockFlowFile,14B] to 'success'
[pool-146-thread-1] INFO org.apache.nifi.processors.standard.ControlRate - ControlRate[id=8657ba08-ba34-46dd-adcc-191ababb075c] transferring FlowFile[1345,94710547176709.mockFlowFile,14B] to 'success'
[pool-146-thread-1] INFO org.apache.nifi.processors.standard.ControlRate - ControlRate[id=8657ba08-ba34-46dd-adcc-191ababb075c] transferring FlowFile[1346,94710547186448.mockFlowFile,14B] to 'success'
[pool-146-thread-1] INFO org.apache.nifi.processors.standard.ControlRate - ControlRate[id=8657ba08-ba34-46dd-adcc-191ababb075c] transferring FlowFile[1347,94710547196455.mockFlowFile,14B] to 'success'
[pool-146-thread-1] INFO org.apache.nifi.processors.standard.ControlRate - ControlRate[id=8657ba08-ba34-46dd-adcc-191ababb075c] transferring FlowFile[1348,94710547205699.mockFlowFile,14B] to 'success'
[pool-146-thread-1] INFO org.apache.nifi.processors.standard.ControlRate - ControlRate[id=8657ba08-ba34-46dd-adcc-191ababb075c] transferring FlowFile[1349,94710547215750.mockFlowFile,14B] to 'success'
[pool-146-thread-1] INFO org.apache.nifi.processors.standard.ControlRate - ControlRate[id=8657ba08-ba34-46dd-adcc-191ababb075c] transferring FlowFile[1350,94710547225200.mockFlowFile,14B] to 'success'
[pool-146-thread-1] INFO org.apache.nifi.processors.standard.ControlRate - ControlRate[id=8657ba08-ba34-46dd-adcc-191ababb075c] transferring FlowFile[1351,94710547238630.mockFlowFile,14B] to 'success'
[pool-146-thread-1] INFO org.apache.nifi.processors.standard.ControlRate - ControlRate[id=8657ba08-ba34-46dd-adcc-191ababb075c] transferring FlowFile[1352,94710547249176.mockFlowFile,14B] to 'success'
[pool-146-thread-1] INFO org.apache.nifi.processors.standard.ControlRate - ControlRate[id=8657ba08-ba34-46dd-adcc-191ababb075c] transferring FlowFile[1353,94710547258768.mockFlowFile,14B] to 'success'
[pool-146-thread-1] INFO org.apache.nifi.processors.standard.ControlRate - ControlRate[id=8657ba08-ba34-46dd-adcc-191ababb075c] transferring FlowFile[1354,94710547268910.mockFlowFile,14B] to 'success'
[pool-146-thread-1] INFO org.apache.nifi.processors.standard.ControlRate - ControlRate[id=8657ba08-ba34-46dd-adcc-191ababb075c] transferring FlowFile[1355,94710547278123.mockFlowFile,14B] to 'success'
[pool-146-thread-1] INFO org.apache.nifi.processors.standard.ControlRate - ControlRate[id=8657ba08-ba34-46dd-adcc-191ababb075c] transferring FlowFile[1356,94710547287425.mockFlowFile,14B] to 'success'
[pool-146-thread-1] INFO org.apache.nifi.processors.standard.ControlRate - ControlRate[id=8657ba08-ba34-46dd-adcc-191ababb075c] transferring FlowFile[1357,94710547297039.mockFlowFile,14B] to 'success'
[pool-146-thread-1] INFO org.apache.nifi.processors.standard.ControlRate - ControlRate[id=8657ba08-ba34-46dd-adcc-191ababb075c] transferring FlowFile[1358,94710547306514.mockFlowFile,14B] to 'success'
[pool-146-thread-1] INFO org.apache.nifi.processors.standard.ControlRate - ControlRate[id=8657ba08-ba34-46dd-adcc-191ababb075c] transferring FlowFile[1359,94710547320348.mockFlowFile,14B] to 'success'
[pool-146-thread-1] INFO org.apache.nifi.processors.standard.ControlRate - ControlRate[id=8657ba08-ba34-46dd-adcc-191ababb075c] transferring FlowFile[1360,94710547330323.mockFlowFile,14B] to 'success'
[pool-146-thread-1] INFO org.apache.nifi.processors.standard.ControlRate - ControlRate[id=8657ba08-ba34-46dd-adcc-191ababb075c] transferring FlowFile[1361,94710547343395.mockFlowFile,14B] to 'success'
[pool-146-thread-1] INFO org.apache.nifi.processors.standard.ControlRate - ControlRate[id=8657ba08-ba34-46dd-adcc-191ababb075c] transferring FlowFile[1362,94710547353829.mockFlowFile,14B] to 'success'
[pool-146-thread-1] INFO org.apache.nifi.processors.standard.ControlRate - ControlRate[id=8657ba08-ba34-46dd-adcc-191ababb075c] transferring FlowFile[1363,94710547363226.mockFlowFile,14B] to 'success'
[pool-146-thread-1] INFO org.apache.nifi.processors.standard.ControlRate - ControlRate[id=8657ba08-ba34-46dd-adcc-191ababb075c] transferring FlowFile[1364,94710547373544.mockFlowFile,14B] to 'success'
[pool-146-thread-1] INFO org.apache.nifi.processors.standard.ControlRate - ControlRate[id=8657ba08-ba34-46dd-adcc-191ababb075c] transferring FlowFile[1365,94710547382967.mockFlowFile,14B] to 'success'
[pool-146-thread-1] INFO org.apache.nifi.processors.standard.ControlRate - ControlRate[id=8657ba08-ba34-46dd-adcc-191ababb075c] transferring FlowFile[1366,94710547393322.mockFlowFile,14B] to 'success'
[pool-146-thread-1] INFO org.apache.nifi.processors.standard.ControlRate - ControlRate[id=8657ba08-ba34-46dd-adcc-191ababb075c] transferring FlowFile[1367,94710547406873.mockFlowFile,14B] to 'success'
[pool-146-thread-1] INFO org.apache.nifi.processors.standard.ControlRate - ControlRate[id=8657ba08-ba34-46dd-adcc-191ababb075c] transferring FlowFile[1368,94710547416573.mockFlowFile,14B] to 'success'
[pool-146-thread-1] INFO org.apache.nifi.processors.standard.ControlRate - ControlRate[id=8657ba08-ba34-46dd-adcc-191ababb075c] transferring FlowFile[1369,94710547426659.mockFlowFile,14B] to 'success'
[pool-146-thread-1] INFO org.apache.nifi.processors.standard.ControlRate - ControlRate[id=8657ba08-ba34-46dd-adcc-191ababb075c] transferring FlowFile[1370,94710547436009.mockFlowFile,14B] to 'success'
[pool-146-thread-1] INFO org.apache.nifi.processors.standard.ControlRate - ControlRate[id=8657ba08-ba34-46dd-adcc-191ababb075c] transferring FlowFile[1371,94710547446090.mockFlowFile,14B] to 'success'
[pool-146-thread-1] INFO org.apache.nifi.processors.standard.ControlRate - ControlRate[id=8657ba08-ba34-46dd-adcc-191ababb075c] transferring FlowFile[1372,94710547456155.mockFlowFile,14B] to 'success'
[pool-146-thread-1] INFO org.apache.nifi.processors.standard.ControlRate - ControlRate[id=8657ba08-ba34-46dd-adcc-191ababb075c] transferring FlowFile[1373,94710547465312.mockFlowFile,14B] to 'success'
[pool-146-thread-1] INFO org.apache.nifi.processors.standard.ControlRate - ControlRate[id=8657ba08-ba34-46dd-adcc-191ababb075c] transferring FlowFile[1374,94710547475438.mockFlowFile,14B] to 'success'
[pool-146-thread-1] INFO org.apache.nifi.processors.standard.ControlRate - ControlRate[id=8657ba08-ba34-46dd-adcc-191ababb075c] transferring FlowFile[1375,94710547489654.mockFlowFile,14B] to 'success'
[pool-146-thread-1] INFO org.apache.nifi.processors.standard.ControlRate - ControlRate[id=8657ba08-ba34-46dd-adcc-191ababb075c] transferring FlowFile[1376,94710547500328.mockFlowFile,14B] to 'success'
[pool-146-thread-1] INFO org.apache.nifi.processors.standard.ControlRate - ControlRate[id=8657ba08-ba34-46dd-adcc-191ababb075c] transferring FlowFile[1377,94710547510261.mockFlowFile,14B] to 'success'
[pool-146-thread-1] INFO org.apache.nifi.processors.standard.ControlRate - ControlRate[id=8657ba08-ba34-46dd-adcc-191ababb075c] transferring FlowFile[1378,94710547519421.mockFlowFile,14B] to 'success'
[pool-146-thread-1] INFO org.apache.nifi.processors.standard.ControlRate - ControlRate[id=8657ba08-ba34-46dd-adcc-191ababb075c] transferring FlowFile[1379,94710547529026.mockFlowFile,14B] to 'success'
[pool-146-thread-1] INFO org.apache.nifi.processors.standard.ControlRate - ControlRate[id=8657ba08-ba34-46dd-adcc-191ababb075c] transferring FlowFile[1380,94710547537978.mockFlowFile,14B] to 'success'
[pool-146-thread-1] INFO org.apache.nifi.processors.standard.ControlRate - ControlRate[id=8657ba08-ba34-46dd-adcc-191ababb075c] transferring FlowFile[1381,94710547549447.mockFlowFile,14B] to 'success'
[pool-146-thread-1] INFO org.apache.nifi.processors.standard.ControlRate - ControlRate[id=8657ba08-ba34-46dd-adcc-191ababb075c] transferring FlowFile[1382,94710547560422.mockFlowFile,14B] to 'success'
[pool-146-thread-1] INFO org.apache.nifi.processors.standard.ControlRate - ControlRate[id=8657ba08-ba34-46dd-adcc-191ababb075c] transferring FlowFile[1383,94710547573044.mockFlowFile,14B] to 'success'
[pool-146-thread-1] INFO org.apache.nifi.processors.standard.ControlRate - ControlRate[id=8657ba08-ba34-46dd-adcc-191ababb075c] transferring FlowFile[1384,94710547583137.mockFlowFile,14B] to 'success'
[pool-146-thread-1] INFO org.apache.nifi.processors.standard.ControlRate - ControlRate[id=8657ba08-ba34-46dd-adcc-191ababb075c] transferring FlowFile[1385,94710547592219.mockFlowFile,14B] to 'success'
[pool-146-thread-1] INFO org.apache.nifi.processors.standard.ControlRate - ControlRate[id=8657ba08-ba34-46dd-adcc-191ababb075c] transferring FlowFile[1386,94710547601965.mockFlowFile,14B] to 'success'
[pool-146-thread-1] INFO org.apache.nifi.processors.standard.ControlRate - ControlRate[id=8657ba08-ba34-46dd-adcc-191ababb075c] transferring FlowFile[1387,94710547611771.mockFlowFile,14B] to 'success'
[pool-146-thread-1] INFO org.apache.nifi.processors.standard.ControlRate - ControlRate[id=8657ba08-ba34-46dd-adcc-191ababb075c] transferring FlowFile[1388,94710547621714.mockFlowFile,14B] to 'success'
[pool-146-thread-1] INFO org.apache.nifi.processors.standard.ControlRate - ControlRate[id=8657ba08-ba34-46dd-adcc-191ababb075c] transferring FlowFile[1389,94710547631766.mockFlowFile,14B] to 'success'
[pool-146-thread-1] INFO org.apache.nifi.processors.standard.ControlRate - ControlRate[id=8657ba08-ba34-46dd-adcc-191ababb075c] transferring FlowFile[1390,94710547640947.mockFlowFile,14B] to 'success'
[pool-146-thread-1] INFO org.apache.nifi.processors.standard.ControlRate - ControlRate[id=8657ba08-ba34-46dd-adcc-191ababb075c] transferring FlowFile[1391,94710547654741.mockFlowFile,14B] to 'success'
[pool-146-thread-1] INFO org.apache.nifi.processors.standard.ControlRate - ControlRate[id=8657ba08-ba34-46dd-adcc-191ababb075c] transferring FlowFile[1392,94710547665367.mockFlowFile,14B] to 'success'
[pool-146-thread-1] INFO org.apache.nifi.processors.standard.ControlRate - ControlRate[id=8657ba08-ba34-46dd-adcc-191ababb075c] transferring FlowFile[1393,94710547674690.mockFlowFile,14B] to 'success'
[pool-146-thread-1] INFO org.apache.nifi.processors.standard.ControlRate - ControlRate[id=8657ba08-ba34-46dd-adcc-191ababb075c] transferring FlowFile[1394,94710547684742.mockFlowFile,14B] to 'success'
[pool-146-thread-1] INFO org.apache.nifi.processors.standard.ControlRate - ControlRate[id=8657ba08-ba34-46dd-adcc-191ababb075c] transferring FlowFile[1395,94710547694185.mockFlowFile,14B] to 'success'
[pool-146-thread-1] INFO org.apache.nifi.processors.standard.ControlRate - ControlRate[id=8657ba08-ba34-46dd-adcc-191ababb075c] transferring FlowFile[1396,94710547704346.mockFlowFile,14B] to 'success'
[pool-146-thread-1] INFO org.apache.nifi.processors.standard.ControlRate - ControlRate[id=8657ba08-ba34-46dd-adcc-191ababb075c] transferring FlowFile[1397,94710547714333.mockFlowFile,14B] to 'success'
[pool-146-thread-1] INFO org.apache.nifi.processors.standard.ControlRate - ControlRate[id=8657ba08-ba34-46dd-adcc-191ababb075c] transferring FlowFile[1398,94710547723749.mockFlowFile,14B] to 'success'
[pool-146-thread-1] INFO org.apache.nifi.processors.standard.ControlRate - ControlRate[id=8657ba08-ba34-46dd-adcc-191ababb075c] transferring FlowFile[1399,94710547737521.mockFlowFile,14B] to 'success'
[pool-146-thread-1] INFO org.apache.nifi.processors.standard.ControlRate - ControlRate[id=8657ba08-ba34-46dd-adcc-191ababb075c] transferring FlowFile[1400,94710547747225.mockFlowFile,14B] to 'success'
[pool-146-thread-1] INFO org.apache.nifi.processors.standard.ControlRate - ControlRate[id=8657ba08-ba34-46dd-adcc-191ababb075c] transferring FlowFile[1401,94710547757215.mockFlowFile,14B] to 'success'
[pool-146-thread-1] INFO org.apache.nifi.processors.standard.ControlRate - ControlRate[id=8657ba08-ba34-46dd-adcc-191ababb075c] transferring FlowFile[1402,94710547766238.mockFlowFile,14B] to 'success'
[pool-146-thread-1] INFO org.apache.nifi.processors.standard.ControlRate - ControlRate[id=8657ba08-ba34-46dd-adcc-191ababb075c] transferring FlowFile[1403,94710547775027.mockFlowFile,14B] to 'success'
[pool-146-thread-1] INFO org.apache.nifi.processors.standard.ControlRate - ControlRate[id=8657ba08-ba34-46dd-adcc-191ababb075c] transferring FlowFile[1404,94710547784882.mockFlowFile,14B] to 'success'
[pool-146-thread-1] INFO org.apache.nifi.processors.standard.ControlRate - ControlRate[id=8657ba08-ba34-46dd-adcc-191ababb075c] transferring FlowFile[1405,94710547794250.mockFlowFile,14B] to 'success'
[pool-146-thread-1] INFO org.apache.nifi.processors.standard.ControlRate - ControlRate[id=8657ba08-ba34-46dd-adcc-191ababb075c] transferring FlowFile[1406,94710547804501.mockFlowFile,14B] to 'success'
[pool-146-thread-1] INFO org.apache.nifi.processors.standard.ControlRate - ControlRate[id=8657ba08-ba34-46dd-adcc-191ababb075c] transferring FlowFile[1407,94710547818330.mockFlowFile,14B] to 'success'
[pool-146-thread-1] INFO org.apache.nifi.processors.standard.ControlRate - ControlRate[id=8657ba08-ba34-46dd-adcc-191ababb075c] transferring FlowFile[1408,94710547827996.mockFlowFile,14B] to 'success'
[pool-146-thread-1] INFO org.apache.nifi.processors.standard.ControlRate - ControlRate[id=8657ba08-ba34-46dd-adcc-191ababb075c] transferring FlowFile[1409,94710547838176.mockFlowFile,14B] to 'success'
[pool-146-thread-1] INFO org.apache.nifi.processors.standard.ControlRate - ControlRate[id=8657ba08-ba34-46dd-adcc-191ababb075c] transferring FlowFile[1410,94710547847345.mockFlowFile,14B] to 'success'
[pool-146-thread-1] INFO org.apache.nifi.processors.standard.ControlRate - ControlRate[id=8657ba08-ba34-46dd-adcc-191ababb075c] transferring FlowFile[1411,94710547857503.mockFlowFile,14B] to 'success'
[pool-146-thread-1] INFO org.apache.nifi.processors.standard.ControlRate - ControlRate[id=8657ba08-ba34-46dd-adcc-191ababb075c] transferring FlowFile[1412,94710547867475.mockFlowFile,14B] to 'success'
[pool-146-thread-1] INFO org.apache.nifi.processors.standard.ControlRate - ControlRate[id=8657ba08-ba34-46dd-adcc-191ababb075c] transferring FlowFile[1413,94710547876527.mockFlowFile,14B] to 'success'
[pool-146-thread-1] INFO org.apache.nifi.processors.standard.ControlRate - ControlRate[id=8657ba08-ba34-46dd-adcc-191ababb075c] transferring FlowFile[1414,94710547886266.mockFlowFile,14B] to 'success'
[pool-146-thread-1] INFO org.apache.nifi.processors.standard.ControlRate - ControlRate[id=8657ba08-ba34-46dd-adcc-191ababb075c] transferring FlowFile[1415,94710547898525.mockFlowFile,14B] to 'success'
[pool-146-thread-1] INFO org.apache.nifi.processors.standard.ControlRate - ControlRate[id=8657ba08-ba34-46dd-adcc-191ababb075c] transferring FlowFile[1416,94710547910541.mockFlowFile,14B] to 'success'
[pool-146-thread-1] INFO org.apache.nifi.processors.standard.ControlRate - ControlRate[id=8657ba08-ba34-46dd-adcc-191ababb075c] transferring FlowFile[1417,94710547919680.mockFlowFile,14B] to 'success'
[pool-146-thread-1] INFO org.apache.nifi.processors.standard.ControlRate - ControlRate[id=8657ba08-ba34-46dd-adcc-191ababb075c] transferring FlowFile[1418,94710547929847.mockFlowFile,14B] to 'success'
[pool-146-thread-1] INFO org.apache.nifi.processors.standard.ControlRate - ControlRate[id=8657ba08-ba34-46dd-adcc-191ababb075c] transferring FlowFile[1419,94710547940096.mockFlowFile,14B] to 'success'
[pool-146-thread-1] INFO org.apache.nifi.processors.standard.ControlRate - ControlRate[id=8657ba08-ba34-46dd-adcc-191ababb075c] transferring FlowFile[1420,94710547949892.mockFlowFile,14B] to 'success'
[pool-146-thread-1] INFO org.apache.nifi.processors.standard.ControlRate - ControlRate[id=8657ba08-ba34-46dd-adcc-191ababb075c] transferring FlowFile[1421,94710547961952.mockFlowFile,14B] to 'success'
[pool-146-thread-1] INFO org.apache.nifi.processors.standard.ControlRate - ControlRate[id=8657ba08-ba34-46dd-adcc-191ababb075c] transferring FlowFile[1422,94710547972472.mockFlowFile,14B] to 'success'
[pool-146-thread-1] INFO org.apache.nifi.processors.standard.ControlRate - ControlRate[id=8657ba08-ba34-46dd-adcc-191ababb075c] transferring FlowFile[1423,94710547985048.mockFlowFile,14B] to 'success'
[pool-146-thread-1] INFO org.apache.nifi.processors.standard.ControlRate - ControlRate[id=8657ba08-ba34-46dd-adcc-191ababb075c] transferring FlowFile[1424,94710547996417.mockFlowFile,14B] to 'success'
[pool-146-thread-1] INFO org.apache.nifi.processors.standard.ControlRate - ControlRate[id=8657ba08-ba34-46dd-adcc-191ababb075c] transferring FlowFile[1425,94710548017906.mockFlowFile,14B] to 'success'
[pool-146-thread-1] INFO org.apache.nifi.processors.standard.ControlRate - ControlRate[id=8657ba08-ba34-46dd-adcc-191ababb075c] transferring FlowFile[1426,94710548028534.mockFlowFile,14B] to 'success'
[pool-146-thread-1] INFO org.apache.nifi.processors.standard.ControlRate - ControlRate[id=8657ba08-ba34-46dd-adcc-191ababb075c] transferring FlowFile[1427,94710548040575.mockFlowFile,14B] to 'success'
[pool-146-thread-1] INFO org.apache.nifi.processors.standard.ControlRate - ControlRate[id=8657ba08-ba34-46dd-adcc-191ababb075c] transferring FlowFile[1428,94710548049426.mockFlowFile,14B] to 'success'
[pool-146-thread-1] INFO org.apache.nifi.processors.standard.ControlRate - ControlRate[id=8657ba08-ba34-46dd-adcc-191ababb075c] transferring FlowFile[1429,94710548058377.mockFlowFile,14B] to 'success'
[pool-146-thread-1] INFO org.apache.nifi.processors.standard.ControlRate - ControlRate[id=8657ba08-ba34-46dd-adcc-191ababb075c] transferring FlowFile[1430,94710548068352.mockFlowFile,14B] to 'success'
[pool-146-thread-1] INFO org.apache.nifi.processors.standard.ControlRate - ControlRate[id=8657ba08-ba34-46dd-adcc-191ababb075c] transferring FlowFile[1431,94710548082074.mockFlowFile,14B] to 'success'
[pool-146-thread-1] INFO org.apache.nifi.processors.standard.ControlRate - ControlRate[id=8657ba08-ba34-46dd-adcc-191ababb075c] transferring FlowFile[1432,94710548092881.mockFlowFile,14B] to 'success'
[pool-146-thread-1] INFO org.apache.nifi.processors.standard.ControlRate - ControlRate[id=8657ba08-ba34-46dd-adcc-191ababb075c] transferring FlowFile[1433,94710548101489.mockFlowFile,14B] to 'success'
[pool-146-thread-1] INFO org.apache.nifi.processors.standard.ControlRate - ControlRate[id=8657ba08-ba34-46dd-adcc-191ababb075c] transferring FlowFile[1434,94710548112512.mockFlowFile,14B] to 'success'
[pool-146-thread-1] INFO org.apache.nifi.processors.standard.ControlRate - ControlRate[id=8657ba08-ba34-46dd-adcc-191ababb075c] transferring FlowFile[1435,94710548121135.mockFlowFile,14B] to 'success'
[pool-146-thread-1] INFO org.apache.nifi.processors.standard.ControlRate - ControlRate[id=8657ba08-ba34-46dd-adcc-191ababb075c] transferring FlowFile[1436,94710548130174.mockFlowFile,14B] to 'success'
[pool-146-thread-1] INFO org.apache.nifi.processors.standard.ControlRate - ControlRate[id=8657ba08-ba34-46dd-adcc-191ababb075c] transferring FlowFile[1437,94710548139268.mockFlowFile,14B] to 'success'
[pool-146-thread-1] INFO org.apache.nifi.processors.standard.ControlRate - ControlRate[id=8657ba08-ba34-46dd-adcc-191ababb075c] transferring FlowFile[1438,94710548148140.mockFlowFile,14B] to 'success'
[pool-146-thread-1] INFO org.apache.nifi.processors.standard.ControlRate - ControlRate[id=8657ba08-ba34-46dd-adcc-191ababb075c] transferring FlowFile[1439,94710548160885.mockFlowFile,14B] to 'success'
[pool-146-thread-1] INFO org.apache.nifi.processors.standard.ControlRate - ControlRate[id=8657ba08-ba34-46dd-adcc-191ababb075c] transferring FlowFile[1440,94710548169375.mockFlowFile,14B] to 'success'
[pool-146-thread-1] INFO org.apache.nifi.processors.standard.ControlRate - ControlRate[id=8657ba08-ba34-46dd-adcc-191ababb075c] transferring FlowFile[1441,94710548178276.mockFlowFile,14B] to 'success'
[pool-146-thread-1] INFO org.apache.nifi.processors.standard.ControlRate - ControlRate[id=8657ba08-ba34-46dd-adcc-191ababb075c] transferring FlowFile[1442,94710548187382.mockFlowFile,14B] to 'success'
[pool-146-thread-1] INFO org.apache.nifi.processors.standard.ControlRate - ControlRate[id=8657ba08-ba34-46dd-adcc-191ababb075c] transferring FlowFile[1443,94710548196026.mockFlowFile,14B] to 'success'
[pool-146-thread-1] INFO org.apache.nifi.processors.standard.ControlRate - ControlRate[id=8657ba08-ba34-46dd-adcc-191ababb075c] transferring FlowFile[1444,94710548204731.mockFlowFile,14B] to 'success'
[pool-146-thread-1] INFO org.apache.nifi.processors.standard.ControlRate - ControlRate[id=8657ba08-ba34-46dd-adcc-191ababb075c] transferring FlowFile[1445,94710548213361.mockFlowFile,14B] to 'success'
[pool-146-thread-1] INFO org.apache.nifi.processors.standard.ControlRate - ControlRate[id=8657ba08-ba34-46dd-adcc-191ababb075c] transferring FlowFile[1446,94710548222638.mockFlowFile,14B] to 'success'
[pool-146-thread-1] INFO org.apache.nifi.processors.standard.ControlRate - ControlRate[id=8657ba08-ba34-46dd-adcc-191ababb075c] transferring FlowFile[1447,94710548234971.mockFlowFile,14B] to 'success'
[pool-146-thread-1] INFO org.apache.nifi.processors.standard.ControlRate - ControlRate[id=8657ba08-ba34-46dd-adcc-191ababb075c] transferring FlowFile[1448,94710548243832.mockFlowFile,14B] to 'success'
[pool-146-thread-1] INFO org.apache.nifi.processors.standard.ControlRate - ControlRate[id=8657ba08-ba34-46dd-adcc-191ababb075c] transferring FlowFile[1449,94710548253152.mockFlowFile,14B] to 'success'
[pool-146-thread-1] INFO org.apache.nifi.processors.standard.ControlRate - ControlRate[id=8657ba08-ba34-46dd-adcc-191ababb075c] transferring FlowFile[1450,94710548261376.mockFlowFile,14B] to 'success'
[pool-146-thread-1] INFO org.apache.nifi.processors.standard.ControlRate - ControlRate[id=8657ba08-ba34-46dd-adcc-191ababb075c] transferring FlowFile[1451,94710548270256.mockFlowFile,14B] to 'success'
[pool-146-thread-1] INFO org.apache.nifi.processors.standard.ControlRate - ControlRate[id=8657ba08-ba34-46dd-adcc-191ababb075c] transferring FlowFile[1452,94710548279130.mockFlowFile,14B] to 'success'
[pool-146-thread-1] INFO org.apache.nifi.processors.standard.ControlRate - ControlRate[id=8657ba08-ba34-46dd-adcc-191ababb075c] transferring FlowFile[1453,94710548287471.mockFlowFile,14B] to 'success'
[pool-146-thread-1] INFO org.apache.nifi.processors.standard.ControlRate - ControlRate[id=8657ba08-ba34-46dd-adcc-191ababb075c] transferring FlowFile[1454,94710548296694.mockFlowFile,14B] to 'success'
[pool-146-thread-1] INFO org.apache.nifi.processors.standard.ControlRate - ControlRate[id=8657ba08-ba34-46dd-adcc-191ababb075c] transferring FlowFile[1455,94710548309427.mockFlowFile,14B] to 'success'
[pool-146-thread-1] INFO org.apache.nifi.processors.standard.ControlRate - ControlRate[id=8657ba08-ba34-46dd-adcc-191ababb075c] transferring FlowFile[1456,94710548319461.mockFlowFile,14B] to 'success'
[pool-146-thread-1] INFO org.apache.nifi.processors.standard.ControlRate - ControlRate[id=8657ba08-ba34-46dd-adcc-191ababb075c] transferring FlowFile[1457,94710548329045.mockFlowFile,14B] to 'success'
[pool-146-thread-1] INFO org.apache.nifi.processors.standard.ControlRate - ControlRate[id=8657ba08-ba34-46dd-adcc-191ababb075c] transferring FlowFile[1458,94710548337571.mockFlowFile,14B] to 'success'
[pool-146-thread-1] INFO org.apache.nifi.processors.standard.ControlRate - ControlRate[id=8657ba08-ba34-46dd-adcc-191ababb075c] transferring FlowFile[1459,94710548347578.mockFlowFile,14B] to 'success'
[pool-146-thread-1] INFO org.apache.nifi.processors.standard.ControlRate - ControlRate[id=8657ba08-ba34-46dd-adcc-191ababb075c] transferring FlowFile[1460,94710548356648.mockFlowFile,14B] to 'success'
[pool-146-thread-1] INFO org.apache.nifi.processors.standard.ControlRate - ControlRate[id=8657ba08-ba34-46dd-adcc-191ababb075c] transferring FlowFile[1461,94710548366824.mockFlowFile,14B] to 'success'
[pool-146-thread-1] INFO org.apache.nifi.processors.standard.ControlRate - ControlRate[id=8657ba08-ba34-46dd-adcc-191ababb075c] transferring FlowFile[1462,94710548376390.mockFlowFile,14B] to 'success'
[pool-146-thread-1] INFO org.apache.nifi.processors.standard.ControlRate - ControlRate[id=8657ba08-ba34-46dd-adcc-191ababb075c] transferring FlowFile[1463,94710548389851.mockFlowFile,14B] to 'success'
[pool-146-thread-1] INFO org.apache.nifi.processors.standard.ControlRate - ControlRate[id=8657ba08-ba34-46dd-adcc-191ababb075c] transferring FlowFile[1464,94710548400997.mockFlowFile,14B] to 'success'
[pool-146-thread-1] INFO org.apache.nifi.processors.standard.ControlRate - ControlRate[id=8657ba08-ba34-46dd-adcc-191ababb075c] transferring FlowFile[1465,94710548410821.mockFlowFile,14B] to 'success'
[pool-146-thread-1] INFO org.apache.nifi.processors.standard.ControlRate - ControlRate[id=8657ba08-ba34-46dd-adcc-191ababb075c] transferring FlowFile[1466,94710548420840.mockFlowFile,14B] to 'success'
[pool-146-thread-1] INFO org.apache.nifi.processors.standard.ControlRate - ControlRate[id=8657ba08-ba34-46dd-adcc-191ababb075c] transferring FlowFile[1467,94710548430808.mockFlowFile,14B] to 'success'
[pool-146-thread-1] INFO org.apache.nifi.processors.standard.ControlRate - ControlRate[id=8657ba08-ba34-46dd-adcc-191ababb075c] transferring FlowFile[1468,94710548439957.mockFlowFile,14B] to 'success'
[pool-146-thread-1] INFO org.apache.nifi.processors.standard.ControlRate - ControlRate[id=8657ba08-ba34-46dd-adcc-191ababb075c] transferring FlowFile[1469,94710548449636.mockFlowFile,14B] to 'success'
[pool-146-thread-1] INFO org.apache.nifi.processors.standard.ControlRate - ControlRate[id=8657ba08-ba34-46dd-adcc-191ababb075c] transferring FlowFile[1470,94710548458723.mockFlowFile,14B] to 'success'
[pool-146-thread-1] INFO org.apache.nifi.processors.standard.ControlRate - ControlRate[id=8657ba08-ba34-46dd-adcc-191ababb075c] transferring FlowFile[1471,94710548472504.mockFlowFile,14B] to 'success'
[pool-146-thread-1] INFO org.apache.nifi.processors.standard.ControlRate - ControlRate[id=8657ba08-ba34-46dd-adcc-191ababb075c] transferring FlowFile[1472,94710548485269.mockFlowFile,14B] to 'success'
[pool-146-thread-1] INFO org.apache.nifi.processors.standard.ControlRate - ControlRate[id=8657ba08-ba34-46dd-adcc-191ababb075c] transferring FlowFile[1473,94710548494483.mockFlowFile,14B] to 'success'
[pool-146-thread-1] INFO org.apache.nifi.processors.standard.ControlRate - ControlRate[id=8657ba08-ba34-46dd-adcc-191ababb075c] transferring FlowFile[1474,94710548506454.mockFlowFile,14B] to 'success'
[pool-146-thread-1] INFO org.apache.nifi.processors.standard.ControlRate - ControlRate[id=8657ba08-ba34-46dd-adcc-191ababb075c] transferring FlowFile[1475,94710548517287.mockFlowFile,14B] to 'success'
[pool-146-thread-1] INFO org.apache.nifi.processors.standard.ControlRate - ControlRate[id=8657ba08-ba34-46dd-adcc-191ababb075c] transferring FlowFile[1476,94710548527519.mockFlowFile,14B] to 'success'
[pool-146-thread-1] INFO org.apache.nifi.processors.standard.ControlRate - ControlRate[id=8657ba08-ba34-46dd-adcc-191ababb075c] transferring FlowFile[1477,94710548537351.mockFlowFile,14B] to 'success'
[pool-146-thread-1] INFO org.apache.nifi.processors.standard.ControlRate - ControlRate[id=8657ba08-ba34-46dd-adcc-191ababb075c] transferring FlowFile[1478,94710548546492.mockFlowFile,14B] to 'success'
[pool-146-thread-1] INFO org.apache.nifi.processors.standard.ControlRate - ControlRate[id=8657ba08-ba34-46dd-adcc-191ababb075c] transferring FlowFile[1479,94710548560398.mockFlowFile,14B] to 'success'
[pool-146-thread-1] INFO org.apache.nifi.processors.standard.ControlRate - ControlRate[id=8657ba08-ba34-46dd-adcc-191ababb075c] transferring FlowFile[1480,94710548569484.mockFlowFile,14B] to 'success'
[pool-146-thread-1] INFO org.apache.nifi.processors.standard.ControlRate - ControlRate[id=8657ba08-ba34-46dd-adcc-191ababb075c] transferring FlowFile[1481,94710548579423.mockFlowFile,14B] to 'success'
[pool-146-thread-1] INFO org.apache.nifi.processors.standard.ControlRate - ControlRate[id=8657ba08-ba34-46dd-adcc-191ababb075c] transferring FlowFile[1482,94710548589646.mockFlowFile,14B] to 'success'
[pool-146-thread-1] INFO org.apache.nifi.processors.standard.ControlRate - ControlRate[id=8657ba08-ba34-46dd-adcc-191ababb075c] transferring FlowFile[1483,94710548598915.mockFlowFile,14B] to 'success'
[pool-146-thread-1] INFO org.apache.nifi.processors.standard.ControlRate - ControlRate[id=8657ba08-ba34-46dd-adcc-191ababb075c] transferring FlowFile[1484,94710548608652.mockFlowFile,14B] to 'success'
[pool-146-thread-1] INFO org.apache.nifi.processors.standard.ControlRate - ControlRate[id=8657ba08-ba34-46dd-adcc-191ababb075c] transferring FlowFile[1485,94710548618292.mockFlowFile,14B] to 'success'
[pool-146-thread-1] INFO org.apache.nifi.processors.standard.ControlRate - ControlRate[id=8657ba08-ba34-46dd-adcc-191ababb075c] transferring FlowFile[1486,94710548629010.mockFlowFile,14B] to 'success'
[pool-146-thread-1] INFO org.apache.nifi.processors.standard.ControlRate - ControlRate[id=8657ba08-ba34-46dd-adcc-191ababb075c] transferring FlowFile[1487,94710548643094.mockFlowFile,14B] to 'success'
[pool-146-thread-1] INFO org.apache.nifi.processors.standard.ControlRate - ControlRate[id=8657ba08-ba34-46dd-adcc-191ababb075c] transferring FlowFile[1488,94710548653146.mockFlowFile,14B] to 'success'
[pool-146-thread-1] INFO org.apache.nifi.processors.standard.ControlRate - ControlRate[id=8657ba08-ba34-46dd-adcc-191ababb075c] transferring FlowFile[1489,94710548662784.mockFlowFile,14B] to 'success'
[pool-146-thread-1] INFO org.apache.nifi.processors.standard.ControlRate - ControlRate[id=8657ba08-ba34-46dd-adcc-191ababb075c] transferring FlowFile[1490,94710548671347.mockFlowFile,14B] to 'success'
[pool-146-thread-1] INFO org.apache.nifi.processors.standard.ControlRate - ControlRate[id=8657ba08-ba34-46dd-adcc-191ababb075c] transferring FlowFile[1491,94710548680377.mockFlowFile,14B] to 'success'
[pool-146-thread-1] INFO org.apache.nifi.processors.standard.ControlRate - ControlRate[id=8657ba08-ba34-46dd-adcc-191ababb075c] transferring FlowFile[1492,94710548689227.mockFlowFile,14B] to 'success'
[pool-146-thread-1] INFO org.apache.nifi.processors.standard.ControlRate - ControlRate[id=8657ba08-ba34-46dd-adcc-191ababb075c] transferring FlowFile[1493,94710548697569.mockFlowFile,14B] to 'success'
[pool-146-thread-1] INFO org.apache.nifi.processors.standard.ControlRate - ControlRate[id=8657ba08-ba34-46dd-adcc-191ababb075c] transferring FlowFile[1494,94710548706654.mockFlowFile,14B] to 'success'
[pool-146-thread-1] INFO org.apache.nifi.processors.standard.ControlRate - ControlRate[id=8657ba08-ba34-46dd-adcc-191ababb075c] transferring FlowFile[1495,94710548718543.mockFlowFile,14B] to 'success'
[pool-146-thread-1] INFO org.apache.nifi.processors.standard.ControlRate - ControlRate[id=8657ba08-ba34-46dd-adcc-191ababb075c] transferring FlowFile[1496,94710548727968.mockFlowFile,14B] to 'success'
[pool-146-thread-1] INFO org.apache.nifi.processors.standard.ControlRate - ControlRate[id=8657ba08-ba34-46dd-adcc-191ababb075c] transferring FlowFile[1497,94710548737484.mockFlowFile,14B] to 'success'
[pool-146-thread-1] INFO org.apache.nifi.processors.standard.ControlRate - ControlRate[id=8657ba08-ba34-46dd-adcc-191ababb075c] transferring FlowFile[1498,94710548747257.mockFlowFile,14B] to 'success'
[pool-146-thread-1] INFO org.apache.nifi.processors.standard.ControlRate - ControlRate[id=8657ba08-ba34-46dd-adcc-191ababb075c] transferring FlowFile[1499,94710548756364.mockFlowFile,14B] to 'success'
]]></system-err>
  </testcase>
  <testcase name="testViaAttribute" classname="org.apache.nifi.processors.standard.TestControlRate" time="1.805">
    <system-err><![CDATA[[pool-147-thread-1] INFO org.apache.nifi.processors.standard.ControlRate - ControlRate[id=4012cbeb-44ce-4bcf-bab6-03ec6f5cb4be] transferring FlowFile[0,94710590539471.mockFlowFile,0B] to 'success'
[pool-147-thread-1] INFO org.apache.nifi.processors.standard.ControlRate - ControlRate[id=4012cbeb-44ce-4bcf-bab6-03ec6f5cb4be] transferring FlowFile[1,94710590646786.mockFlowFile,0B] to 'success'
[pool-147-thread-1] INFO org.apache.nifi.processors.standard.ControlRate - ControlRate[id=4012cbeb-44ce-4bcf-bab6-03ec6f5cb4be] transferring FlowFile[2,94710590668586.mockFlowFile,0B] to 'success'
[pool-147-thread-1] INFO org.apache.nifi.processors.standard.ControlRate - ControlRate[id=4012cbeb-44ce-4bcf-bab6-03ec6f5cb4be] transferring FlowFile[3,94710590679230.mockFlowFile,0B] to 'success'
[pool-150-thread-1] INFO org.apache.nifi.processors.standard.ControlRate - ControlRate[id=4012cbeb-44ce-4bcf-bab6-03ec6f5cb4be] transferring FlowFile[4,94710590688068.mockFlowFile,0B] to 'success'
]]></system-err>
  </testcase>
  <testcase name="testNonExistingGroupAttribute" classname="org.apache.nifi.processors.standard.TestControlRate" time="0.001">
    <system-err><![CDATA[[pool-151-thread-1] INFO org.apache.nifi.processors.standard.ControlRate - ControlRate[id=97bdf639-9cb4-4c19-b99a-637f1fb2d4d5] transferring FlowFile[0,94712395987143.mockFlowFile,0B] to 'success'
[pool-151-thread-1] INFO org.apache.nifi.processors.standard.ControlRate - ControlRate[id=97bdf639-9cb4-4c19-b99a-637f1fb2d4d5] transferring FlowFile[1,94712396044719.mockFlowFile,0B] to 'success'
[pool-151-thread-1] INFO org.apache.nifi.processors.standard.ControlRate - ControlRate[id=97bdf639-9cb4-4c19-b99a-637f1fb2d4d5] transferring FlowFile[2,94712396055921.mockFlowFile,0B] to 'success'
[pool-151-thread-1] INFO org.apache.nifi.processors.standard.ControlRate - ControlRate[id=97bdf639-9cb4-4c19-b99a-637f1fb2d4d5] transferring FlowFile[3,94712396074217.mockFlowFile,0B] to 'success'
]]></system-err>
  </testcase>
  <testcase name="testLimitExceededThenOtherLimitNotExceeded" classname="org.apache.nifi.processors.standard.TestControlRate" time="0.004">
    <system-err><![CDATA[[pool-152-thread-1] INFO org.apache.nifi.processors.standard.ControlRate - ControlRate[id=c48c5806-d0de-4395-bb6d-d77a41b16ea2] transferring FlowFile[0,94712397315532.mockFlowFile,9B] to 'success'
[pool-152-thread-1] INFO org.apache.nifi.processors.standard.ControlRate - ControlRate[id=c48c5806-d0de-4395-bb6d-d77a41b16ea2] transferring FlowFile[1,94712397337384.mockFlowFile,9B] to 'success'
[pool-152-thread-1] INFO org.apache.nifi.processors.standard.ControlRate - ControlRate[id=c48c5806-d0de-4395-bb6d-d77a41b16ea2] transferring FlowFile[2,94712397351139.mockFlowFile,9B] to 'success'
[pool-152-thread-1] INFO org.apache.nifi.processors.standard.ControlRate - ControlRate[id=c48c5806-d0de-4395-bb6d-d77a41b16ea2] transferring FlowFile[5,94712397368319.mockFlowFile,9B] to 'success'
]]></system-err>
  </testcase>
  <testcase name="testFileCountWithGrouping" classname="org.apache.nifi.processors.standard.TestControlRate" time="1.104">
    <system-err><![CDATA[[pool-153-thread-1] INFO org.apache.nifi.processors.standard.ControlRate - ControlRate[id=8e6524bf-c444-4992-93d9-027b8039d342] transferring FlowFile[0,94712401898530.mockFlowFile,0B] to 'success'
[pool-153-thread-1] INFO org.apache.nifi.processors.standard.ControlRate - ControlRate[id=8e6524bf-c444-4992-93d9-027b8039d342] transferring FlowFile[1,94712401918180.mockFlowFile,0B] to 'success'
[pool-153-thread-1] INFO org.apache.nifi.processors.standard.ControlRate - ControlRate[id=8e6524bf-c444-4992-93d9-027b8039d342] transferring FlowFile[2,94712401936631.mockFlowFile,0B] to 'success'
[pool-153-thread-1] INFO org.apache.nifi.processors.standard.ControlRate - ControlRate[id=8e6524bf-c444-4992-93d9-027b8039d342] transferring FlowFile[3,94712401973628.mockFlowFile,0B] to 'success'
[pool-155-thread-1] INFO org.apache.nifi.processors.standard.ControlRate - ControlRate[id=8e6524bf-c444-4992-93d9-027b8039d342] transferring FlowFile[4,94712401982339.mockFlowFile,0B] to 'success'
[pool-155-thread-1] INFO org.apache.nifi.processors.standard.ControlRate - ControlRate[id=8e6524bf-c444-4992-93d9-027b8039d342] transferring FlowFile[5,94712401990698.mockFlowFile,0B] to 'success'
]]></system-err>
  </testcase>
  <testcase name="testBadAttributeRate" classname="org.apache.nifi.processors.standard.TestControlRate" time="0.001">
    <system-err><![CDATA[[pool-156-thread-1] ERROR org.apache.nifi.processors.standard.ControlRate - ControlRate[id=8bd45b88-3e38-48f7-9afb-0c67ee77a166] Routing FlowFile[0,94713505880670.mockFlowFile,0B] to 'failure' due to missing or invalid attribute
]]></system-err>
  </testcase>
</testsuite>