<?xml version="1.0" encoding="UTF-8"?>
<testsuite xmlns:xsi="http://www.w3.org/2001/XMLSchema-instance" xsi:noNamespaceSchemaLocation="https://maven.apache.org/surefire/maven-surefire-plugin/xsd/surefire-test-report-3.0.xsd" version="3.0" name="org.apache.nifi.processors.standard.TestRouteText" time="1.13" tests="33" errors="0" skipped="0" failures="0">
  <properties>
    <property name="sun.desktop" value="gnome"/>
    <property name="awt.toolkit" value="sun.awt.X11.XToolkit"/>
    <property name="file.encoding.pkg" value="sun.io"/>
    <property name="java.specification.version" value="1.8"/>
    <property name="sun.cpu.isalist" value=""/>
    <property name="sun.jnu.encoding" value="UTF-8"/>
    <property name="java.class.path" value="/home/alex/Repositories/nifi/nifi-nar-bundles/nifi-standard-bundle/nifi-standard-processors/target/test-classes:/home/alex/Repositories/nifi/nifi-nar-bundles/nifi-standard-bundle/nifi-standard-processors/target/classes:/home/alex/.m2/repository/org/apache/ftpserver/ftpserver-core/1.1.1/ftpserver-core-1.1.1.jar:/home/alex/.m2/repository/org/apache/ftpserver/ftplet-api/1.1.1/ftplet-api-1.1.1.jar:/home/alex/.m2/repository/org/slf4j/slf4j-api/1.7.32/slf4j-api-1.7.32.jar:/home/alex/.m2/repository/org/apache/mina/mina-core/2.0.16/mina-core-2.0.16.jar:/home/alex/Repositories/nifi/nifi-api/target/classes:/home/alex/Repositories/nifi/nifi-commons/nifi-expression-language/target/classes:/home/alex/.m2/repository/org/antlr/antlr-runtime/3.5.2/antlr-runtime-3.5.2.jar:/home/alex/Repositories/nifi/nifi-commons/nifi-parameter/target/classes:/home/alex/Repositories/nifi/nifi-commons/nifi-uuid5/target/classes:/home/alex/.m2/repository/org/apache/commons/commons-text/1.8/commons-text-1.8.jar:/home/alex/Repositories/nifi/nifi-nar-bundles/nifi-extension-utils/nifi-processor-utils/target/classes:/home/alex/Repositories/nifi/nifi-commons/nifi-security-socket-ssl/target/classes:/home/alex/Repositories/nifi/nifi-nar-bundles/nifi-extension-utils/nifi-event-transport/target/classes:/home/alex/.m2/repository/io/netty/netty-handler/4.1.69.Final/netty-handler-4.1.69.Final.jar:/home/alex/.m2/repository/io/netty/netty-common/4.1.69.Final/netty-common-4.1.69.Final.jar:/home/alex/.m2/repository/io/netty/netty-resolver/4.1.69.Final/netty-resolver-4.1.69.Final.jar:/home/alex/.m2/repository/io/netty/netty-transport/4.1.69.Final/netty-transport-4.1.69.Final.jar:/home/alex/.m2/repository/io/netty/netty-codec/4.1.69.Final/netty-codec-4.1.69.Final.jar:/home/alex/Repositories/nifi/nifi-nar-bundles/nifi-extension-utils/nifi-syslog-utils/target/classes:/home/alex/.m2/repository/com/github/palindromicity/simple-syslog-5424/0.0.16/simple-syslog-5424-0.0.16.jar:/home/alex/.m2/repository/org/antlr/antlr4-runtime/4.7.2/antlr4-runtime-4.7.2.jar:/home/alex/Repositories/nifi/nifi-commons/nifi-utils/target/classes:/home/alex/Repositories/nifi/nifi-commons/nifi-record-path/target/classes:/home/alex/Repositories/nifi/nifi-commons/nifi-properties/target/classes:/home/alex/Repositories/nifi/nifi-commons/nifi-property-utils/target/classes:/home/alex/.m2/repository/com/github/ben-manes/caffeine/caffeine/2.8.1/caffeine-2.8.1.jar:/home/alex/Repositories/nifi/nifi-nar-bundles/nifi-standard-services/nifi-ssl-context-service-api/target/classes:/home/alex/Repositories/nifi/nifi-commons/nifi-security-utils-api/target/classes:/home/alex/Repositories/nifi/nifi-nar-bundles/nifi-standard-services/nifi-lookup-service-api/target/classes:/home/alex/Repositories/nifi/nifi-commons/nifi-flowfile-packager/target/classes:/home/alex/Repositories/nifi/nifi-nar-bundles/nifi-standard-services/nifi-distributed-cache-client-service-api/target/classes:/home/alex/Repositories/nifi/nifi-nar-bundles/nifi-standard-services/nifi-http-context-map-api/target/classes:/home/alex/Repositories/nifi/nifi-nar-bundles/nifi-standard-services/nifi-record-serialization-service-api/target/classes:/home/alex/Repositories/nifi/nifi-nar-bundles/nifi-standard-services/nifi-proxy-configuration-api/target/classes:/home/alex/Repositories/nifi/nifi-commons/nifi-record/target/classes:/home/alex/Repositories/nifi/nifi-nar-bundles/nifi-standard-services/nifi-record-sink-api/target/classes:/home/alex/.m2/repository/commons-io/commons-io/2.10.0/commons-io-2.10.0.jar:/home/alex/.m2/repository/javax/ws/rs/javax.ws.rs-api/2.1/javax.ws.rs-api-2.1.jar:/home/alex/.m2/repository/commons-net/commons-net/3.6/commons-net-3.6.jar:/home/alex/.m2/repository/org/apache/commons/commons-compress/1.21/commons-compress-1.21.jar:/home/alex/.m2/repository/org/apache/commons/commons-lang3/3.9/commons-lang3-3.9.jar:/home/alex/.m2/repository/org/bouncycastle/bcprov-jdk15on/1.69/bcprov-jdk15on-1.69.jar:/home/alex/.m2/repository/org/bouncycastle/bcpg-jdk15on/1.69/bcpg-jdk15on-1.69.jar:/home/alex/.m2/repository/org/bouncycastle/bcpkix-jdk15on/1.69/bcpkix-jdk15on-1.69.jar:/home/alex/.m2/repository/org/bouncycastle/bcutil-jdk15on/1.69/bcutil-jdk15on-1.69.jar:/home/alex/.m2/repository/commons-codec/commons-codec/1.14/commons-codec-1.14.jar:/home/alex/Repositories/nifi/nifi-commons/nifi-security-utils/target/classes:/home/alex/Repositories/nifi/nifi-commons/nifi-security-kms/target/classes:/home/alex/.m2/repository/org/apache/commons/commons-configuration2/2.7/commons-configuration2-2.7.jar:/home/alex/.m2/repository/com/hierynomus/sshj/0.32.0/sshj-0.32.0.jar:/home/alex/.m2/repository/com/jcraft/jzlib/1.1.3/jzlib-1.1.3.jar:/home/alex/.m2/repository/com/hierynomus/asn-one/0.6.0/asn-one-0.6.0.jar:/home/alex/.m2/repository/net/i2p/crypto/eddsa/0.3.0/eddsa-0.3.0.jar:/home/alex/.m2/repository/org/eclipse/jetty/jetty-server/9.4.44.v20210927/jetty-server-9.4.44.v20210927.jar:/home/alex/.m2/repository/javax/servlet/javax.servlet-api/3.1.0/javax.servlet-api-3.1.0.jar:/home/alex/.m2/repository/org/eclipse/jetty/jetty-http/9.4.44.v20210927/jetty-http-9.4.44.v20210927.jar:/home/alex/.m2/repository/org/eclipse/jetty/jetty-util/9.4.44.v20210927/jetty-util-9.4.44.v20210927.jar:/home/alex/.m2/repository/org/eclipse/jetty/jetty-io/9.4.44.v20210927/jetty-io-9.4.44.v20210927.jar:/home/alex/.m2/repository/org/eclipse/jetty/jetty-servlet/9.4.44.v20210927/jetty-servlet-9.4.44.v20210927.jar:/home/alex/.m2/repository/org/eclipse/jetty/jetty-security/9.4.44.v20210927/jetty-security-9.4.44.v20210927.jar:/home/alex/.m2/repository/org/eclipse/jetty/jetty-util-ajax/9.4.44.v20210927/jetty-util-ajax-9.4.44.v20210927.jar:/home/alex/.m2/repository/org/apache/httpcomponents/httpclient/4.5.5/httpclient-4.5.5.jar:/home/alex/.m2/repository/commons-logging/commons-logging/1.2/commons-logging-1.2.jar:/home/alex/.m2/repository/org/apache/httpcomponents/httpcore/4.4.9/httpcore-4.4.9.jar:/home/alex/.m2/repository/jakarta/activation/jakarta.activation-api/2.0.1/jakarta.activation-api-2.0.1.jar:/home/alex/.m2/repository/com/sun/activation/jakarta.activation/2.0.1/jakarta.activation-2.0.1.jar:/home/alex/.m2/repository/jakarta/mail/jakarta.mail-api/2.0.1/jakarta.mail-api-2.0.1.jar:/home/alex/.m2/repository/com/sun/mail/jakarta.mail/2.0.1/jakarta.mail-2.0.1.jar:/home/alex/.m2/repository/com/github/jponge/lzma-java/1.3/lzma-java-1.3.jar:/home/alex/.m2/repository/org/tukaani/xz/1.8/xz-1.8.jar:/home/alex/.m2/repository/net/sf/saxon/Saxon-HE/10.6/Saxon-HE-10.6.jar:/home/alex/Repositories/nifi/nifi-commons/nifi-socket-utils/target/classes:/home/alex/Repositories/nifi/nifi-commons/nifi-logging-utils/target/classes:/home/alex/Repositories/nifi/nifi-nar-bundles/nifi-standard-services/nifi-load-distribution-service-api/target/classes:/home/alex/.m2/repository/javax/jms/javax.jms-api/2.0.1/javax.jms-api-2.0.1.jar:/home/alex/.m2/repository/org/apache/activemq/activemq-client/5.15.15/activemq-client-5.15.15.jar:/home/alex/.m2/repository/org/apache/geronimo/specs/geronimo-jms_1.1_spec/1.1.1/geronimo-jms_1.1_spec-1.1.1.jar:/home/alex/.m2/repository/org/fusesource/hawtbuf/hawtbuf/1.11/hawtbuf-1.11.jar:/home/alex/.m2/repository/org/apache/geronimo/specs/geronimo-j2ee-management_1.1_spec/1.0.1/geronimo-j2ee-management_1.1_spec-1.0.1.jar:/home/alex/.m2/repository/com/jayway/jsonpath/json-path/2.6.0/json-path-2.6.0.jar:/home/alex/.m2/repository/net/minidev/json-smart/2.4.7/json-smart-2.4.7.jar:/home/alex/.m2/repository/net/minidev/accessors-smart/2.4.7/accessors-smart-2.4.7.jar:/home/alex/.m2/repository/org/ow2/asm/asm/9.1/asm-9.1.jar:/home/alex/.m2/repository/org/apache/tika/tika-core/1.26/tika-core-1.26.jar:/home/alex/.m2/repository/com/fasterxml/jackson/core/jackson-databind/2.12.3/jackson-databind-2.12.3.jar:/home/alex/.m2/repository/com/fasterxml/jackson/core/jackson-annotations/2.12.3/jackson-annotations-2.12.3.jar:/home/alex/.m2/repository/com/fasterxml/jackson/core/jackson-core/2.12.3/jackson-core-2.12.3.jar:/home/alex/Repositories/nifi/nifi-nar-bundles/nifi-extension-utils/nifi-record-utils/nifi-avro-record-utils/target/classes:/home/alex/Repositories/nifi/nifi-nar-bundles/nifi-extension-utils/nifi-record-utils/nifi-standard-record-utils/target/classes:/home/alex/.m2/repository/org/apache/avro/avro/1.8.1/avro-1.8.1.jar:/home/alex/.m2/repository/org/codehaus/jackson/jackson-core-asl/1.9.13/jackson-core-asl-1.9.13.jar:/home/alex/.m2/repository/org/codehaus/jackson/jackson-mapper-asl/1.9.13/jackson-mapper-asl-1.9.13.jar:/home/alex/.m2/repository/com/thoughtworks/paranamer/paranamer/2.7/paranamer-2.7.jar:/home/alex/Repositories/nifi/nifi-nar-bundles/nifi-standard-services/nifi-dbcp-service-api/target/classes:/home/alex/.m2/repository/com/squareup/okhttp3/okhttp/4.9.2/okhttp-4.9.2.jar:/home/alex/.m2/repository/com/squareup/okio/okio/2.8.0/okio-2.8.0.jar:/home/alex/.m2/repository/org/jetbrains/kotlin/kotlin-stdlib-common/1.4.0/kotlin-stdlib-common-1.4.0.jar:/home/alex/.m2/repository/org/jetbrains/kotlin/kotlin-stdlib/1.4.10/kotlin-stdlib-1.4.10.jar:/home/alex/.m2/repository/org/jetbrains/annotations/13.0/annotations-13.0.jar:/home/alex/.m2/repository/io/github/rburgst/okhttp-digest/2.5/okhttp-digest-2.5.jar:/home/alex/.m2/repository/at/favre/lib/bcrypt/0.9.0/bcrypt-0.9.0.jar:/home/alex/.m2/repository/at/favre/lib/bytes/1.3.0/bytes-1.3.0.jar:/home/alex/.m2/repository/com/google/guava/guava/28.0-jre/guava-28.0-jre.jar:/home/alex/.m2/repository/com/google/guava/failureaccess/1.0.1/failureaccess-1.0.1.jar:/home/alex/.m2/repository/com/google/guava/listenablefuture/9999.0-empty-to-avoid-conflict-with-guava/listenablefuture-9999.0-empty-to-avoid-conflict-with-guava.jar:/home/alex/.m2/repository/com/google/code/findbugs/jsr305/3.0.2/jsr305-3.0.2.jar:/home/alex/.m2/repository/org/checkerframework/checker-qual/2.8.1/checker-qual-2.8.1.jar:/home/alex/.m2/repository/com/google/errorprone/error_prone_annotations/2.3.2/error_prone_annotations-2.3.2.jar:/home/alex/.m2/repository/com/google/j2objc/j2objc-annotations/1.3/j2objc-annotations-1.3.jar:/home/alex/.m2/repository/org/codehaus/mojo/animal-sniffer-annotations/1.17/animal-sniffer-annotations-1.17.jar:/home/alex/Repositories/nifi/nifi-mock/target/classes:/home/alex/Repositories/nifi/nifi-framework-api/target/classes:/home/alex/Repositories/nifi/nifi-nar-bundles/nifi-framework-bundle/nifi-framework/nifi-framework-core-api/target/classes:/home/alex/Repositories/nifi/nifi-nar-bundles/nifi-framework-bundle/nifi-framework/nifi-framework-nar-utils/target/classes:/home/alex/Repositories/nifi/nifi-nar-bundles/nifi-framework-bundle/nifi-framework/nifi-client-dto/target/classes:/home/alex/.m2/repository/io/swagger/swagger-annotations/1.6.0/swagger-annotations-1.6.0.jar:/home/alex/Repositories/nifi/nifi-commons/nifi-site-to-site-client/target/classes:/home/alex/.m2/repository/org/apache/httpcomponents/httpasyncclient/4.1.4/httpasyncclient-4.1.4.jar:/home/alex/.m2/repository/org/apache/httpcomponents/httpcore-nio/4.4.10/httpcore-nio-4.4.10.jar:/home/alex/Repositories/nifi/nifi-nar-bundles/nifi-framework-bundle/nifi-framework/nifi-framework-authorization/target/classes:/home/alex/Repositories/nifi/nifi-registry/nifi-registry-core/nifi-registry-data-model/target/classes:/home/alex/Repositories/nifi/nifi-registry/nifi-registry-core/nifi-registry-revision/nifi-registry-revision-entity-model/target/classes:/home/alex/Repositories/nifi/nifi-registry/nifi-registry-core/nifi-registry-client/target/classes:/home/alex/Repositories/nifi/nifi-registry/nifi-registry-core/nifi-registry-security-utils/target/classes:/home/alex/.m2/repository/org/glassfish/jersey/core/jersey-client/2.33/jersey-client-2.33.jar:/home/alex/.m2/repository/jakarta/ws/rs/jakarta.ws.rs-api/2.1.6/jakarta.ws.rs-api-2.1.6.jar:/home/alex/.m2/repository/org/glassfish/hk2/external/jakarta.inject/2.6.1/jakarta.inject-2.6.1.jar:/home/alex/.m2/repository/org/glassfish/jersey/media/jersey-media-json-jackson/2.33/jersey-media-json-jackson-2.33.jar:/home/alex/.m2/repository/org/glassfish/jersey/ext/jersey-entity-filtering/2.33/jersey-entity-filtering-2.33.jar:/home/alex/.m2/repository/org/glassfish/jersey/inject/jersey-hk2/2.33/jersey-hk2-2.33.jar:/home/alex/.m2/repository/org/glassfish/hk2/hk2-locator/2.6.1/hk2-locator-2.6.1.jar:/home/alex/.m2/repository/org/glassfish/hk2/external/aopalliance-repackaged/2.6.1/aopalliance-repackaged-2.6.1.jar:/home/alex/.m2/repository/org/glassfish/hk2/hk2-api/2.6.1/hk2-api-2.6.1.jar:/home/alex/.m2/repository/org/glassfish/hk2/hk2-utils/2.6.1/hk2-utils-2.6.1.jar:/home/alex/.m2/repository/org/javassist/javassist/3.25.0-GA/javassist-3.25.0-GA.jar:/home/alex/.m2/repository/org/glassfish/jersey/core/jersey-common/2.33/jersey-common-2.33.jar:/home/alex/.m2/repository/jakarta/annotation/jakarta.annotation-api/1.3.5/jakarta.annotation-api-1.3.5.jar:/home/alex/.m2/repository/org/glassfish/hk2/osgi-resource-locator/1.0.3/osgi-resource-locator-1.0.3.jar:/home/alex/.m2/repository/org/glassfish/jersey/media/jersey-media-multipart/2.33/jersey-media-multipart-2.33.jar:/home/alex/.m2/repository/org/jvnet/mimepull/mimepull/1.9.13/mimepull-1.9.13.jar:/home/alex/Repositories/nifi/nifi-commons/nifi-data-provenance-utils/target/classes:/home/alex/Repositories/nifi/nifi-nar-bundles/nifi-standard-services/nifi-distributed-cache-services-bundle/nifi-distributed-cache-client-service/target/classes:/home/alex/Repositories/nifi/nifi-nar-bundles/nifi-standard-services/nifi-distributed-cache-services-bundle/nifi-distributed-cache-protocol/target/classes:/home/alex/.m2/repository/io/netty/netty-buffer/4.1.69.Final/netty-buffer-4.1.69.Final.jar:/home/alex/.m2/repository/com/google/http-client/google-http-client/1.28.0/google-http-client-1.28.0.jar:/home/alex/.m2/repository/io/opencensus/opencensus-api/0.18.0/opencensus-api-0.18.0.jar:/home/alex/.m2/repository/io/grpc/grpc-context/1.14.0/grpc-context-1.14.0.jar:/home/alex/.m2/repository/io/opencensus/opencensus-contrib-http-util/0.18.0/opencensus-contrib-http-util-0.18.0.jar:/home/alex/.m2/repository/org/apache/activemq/activemq-broker/5.15.14/activemq-broker-5.15.14.jar:/home/alex/.m2/repository/org/apache/activemq/activemq-openwire-legacy/5.15.14/activemq-openwire-legacy-5.15.14.jar:/home/alex/Repositories/nifi/nifi-nar-bundles/nifi-standard-services/nifi-ssl-context-bundle/nifi-ssl-context-service/target/classes:/home/alex/Repositories/nifi/nifi-nar-bundles/nifi-framework-bundle/nifi-framework/nifi-standard-prioritizers/target/classes:/home/alex/Repositories/nifi/nifi-nar-bundles/nifi-extension-utils/nifi-record-utils/nifi-mock-record-utils/target/classes:/home/alex/Repositories/nifi/nifi-nar-bundles/nifi-standard-services/nifi-record-serialization-services-bundle/nifi-record-serialization-services/target/classes:/home/alex/.m2/repository/org/apache/commons/commons-csv/1.8/commons-csv-1.8.jar:/home/alex/.m2/repository/com/fasterxml/jackson/dataformat/jackson-dataformat-csv/2.12.3/jackson-dataformat-csv-2.12.3.jar:/home/alex/.m2/repository/net/java/dev/stax-utils/stax-utils/20070216/stax-utils-20070216.jar:/home/alex/Repositories/nifi/nifi-nar-bundles/nifi-standard-services/nifi-lookup-services-bundle/nifi-lookup-services/target/classes:/home/alex/.m2/repository/commons-beanutils/commons-beanutils/1.9.4/commons-beanutils-1.9.4.jar:/home/alex/.m2/repository/commons-collections/commons-collections/3.2.2/commons-collections-3.2.2.jar:/home/alex/.m2/repository/com/maxmind/geoip2/geoip2/2.12.0/geoip2-2.12.0.jar:/home/alex/.m2/repository/com/maxmind/db/maxmind-db/1.2.2/maxmind-db-1.2.2.jar:/home/alex/.m2/repository/org/apache/derby/derby/10.14.2.0/derby-10.14.2.0.jar:/home/alex/.m2/repository/org/xerial/snappy/snappy-java/1.1.7.3/snappy-java-1.1.7.3.jar:/home/alex/.m2/repository/net/lingala/zip4j/zip4j/2.8.0/zip4j-2.8.0.jar:/home/alex/.m2/repository/com/h2database/h2/1.4.187/h2-1.4.187.jar:/home/alex/.m2/repository/org/mockftpserver/MockFtpServer/2.7.1/MockFtpServer-2.7.1.jar:/home/alex/.m2/repository/org/apache/sshd/sshd-core/1.7.0/sshd-core-1.7.0.jar:/home/alex/.m2/repository/com/bazaarvoice/jolt/jolt-core/0.1.1/jolt-core-0.1.1.jar:/home/alex/.m2/repository/javax/inject/javax.inject/1/javax.inject-1.jar:/home/alex/.m2/repository/com/bazaarvoice/jolt/json-utils/0.1.1/json-utils-0.1.1.jar:/home/alex/Repositories/nifi/nifi-nar-bundles/nifi-standard-bundle/nifi-standard-utils/target/classes:/home/alex/.m2/repository/net/sf/supercsv/super-csv/2.4.0/super-csv-2.4.0.jar:/home/alex/.m2/repository/com/fluenda/parcefone/2.1.0/parcefone-2.1.0.jar:/home/alex/.m2/repository/javax/validation/validation-api/1.1.0.Final/validation-api-1.1.0.Final.jar:/home/alex/.m2/repository/javax/el/javax.el-api/3.0.0/javax.el-api-3.0.0.jar:/home/alex/.m2/repository/com/github/wnameless/json/json-flattener/0.12.0/json-flattener-0.12.0.jar:/home/alex/.m2/repository/com/github/wnameless/json/json-base/2.0.0/json-base-2.0.0.jar:/home/alex/.m2/repository/org/apache/bval/bval-jsr/1.1.2/bval-jsr-1.1.2.jar:/home/alex/.m2/repository/org/apache/bval/bval-core/1.1.2/bval-core-1.1.2.jar:/home/alex/.m2/repository/io/krakens/java-grok/0.1.9/java-grok-0.1.9.jar:/home/alex/.m2/repository/org/apache/calcite/calcite-core/1.27.0/calcite-core-1.27.0.jar:/home/alex/.m2/repository/org/apache/calcite/calcite-linq4j/1.27.0/calcite-linq4j-1.27.0.jar:/home/alex/.m2/repository/com/esri/geometry/esri-geometry-api/2.2.0/esri-geometry-api-2.2.0.jar:/home/alex/.m2/repository/org/apache/calcite/avatica/avatica-core/1.18.0/avatica-core-1.18.0.jar:/home/alex/.m2/repository/org/apache/calcite/avatica/avatica-metrics/1.18.0/avatica-metrics-1.18.0.jar:/home/alex/.m2/repository/com/google/protobuf/protobuf-java/3.6.1/protobuf-java-3.6.1.jar:/home/alex/.m2/repository/org/apiguardian/apiguardian-api/1.1.0/apiguardian-api-1.1.0.jar:/home/alex/.m2/repository/com/fasterxml/jackson/dataformat/jackson-dataformat-yaml/2.10.0/jackson-dataformat-yaml-2.10.0.jar:/home/alex/.m2/repository/org/yaml/snakeyaml/1.29/snakeyaml-1.29.jar:/home/alex/.m2/repository/com/google/uzaygezen/uzaygezen-core/0.2/uzaygezen-core-0.2.jar:/home/alex/.m2/repository/com/yahoo/datasketches/sketches-core/0.9.0/sketches-core-0.9.0.jar:/home/alex/.m2/repository/com/yahoo/datasketches/memory/0.9.0/memory-0.9.0.jar:/home/alex/.m2/repository/net/hydromatic/aggdesigner-algorithm/6.0/aggdesigner-algorithm-6.0.jar:/home/alex/.m2/repository/commons-lang/commons-lang/2.4/commons-lang-2.4.jar:/home/alex/.m2/repository/org/apache/commons/commons-dbcp2/2.6.0/commons-dbcp2-2.6.0.jar:/home/alex/.m2/repository/org/apache/commons/commons-pool2/2.6.1/commons-pool2-2.6.1.jar:/home/alex/.m2/repository/org/codehaus/janino/commons-compiler/3.0.11/commons-compiler-3.0.11.jar:/home/alex/.m2/repository/org/codehaus/janino/janino/3.0.11/janino-3.0.11.jar:/home/alex/Repositories/nifi/nifi-nar-bundles/nifi-standard-services/nifi-schema-registry-service-api/target/classes:/home/alex/Repositories/nifi/nifi-nar-bundles/nifi-extension-utils/nifi-database-utils/target/classes:/home/alex/Repositories/nifi/nifi-nar-bundles/nifi-standard-bundle/nifi-standard-web-test-utils/target/classes:/home/alex/.m2/repository/com/github/stefanbirkner/fake-sftp-server-rule/2.0.1/fake-sftp-server-rule-2.0.1.jar:/home/alex/.m2/repository/com/github/marschall/memoryfilesystem/2.8.0/memoryfilesystem-2.8.0.jar:/home/alex/.m2/repository/junit/junit/4.13.2/junit-4.13.2.jar:/home/alex/.m2/repository/org/hamcrest/hamcrest-core/1.3/hamcrest-core-1.3.jar:/home/alex/Repositories/nifi/nifi-nar-bundles/nifi-extension-utils/nifi-database-test-utils/target/classes:/home/alex/.m2/repository/org/codehaus/groovy/groovy-json/2.5.14/groovy-json-2.5.14.jar:/home/alex/.m2/repository/org/codehaus/groovy/groovy/2.5.14/groovy-2.5.14.jar:/home/alex/.m2/repository/org/codehaus/groovy/groovy-servlet/2.5.14/groovy-servlet-2.5.14.jar:/home/alex/.m2/repository/org/codehaus/groovy/groovy-templates/2.5.14/groovy-templates-2.5.14.jar:/home/alex/.m2/repository/org/codehaus/groovy/groovy-xml/2.5.14/groovy-xml-2.5.14.jar:/home/alex/.m2/repository/org/hamcrest/hamcrest-all/1.3/hamcrest-all-1.3.jar:/home/alex/.m2/repository/com/squareup/okhttp3/mockwebserver/4.9.2/mockwebserver-4.9.2.jar:/home/alex/.m2/repository/org/jetbrains/kotlin/kotlin-stdlib-jdk8/1.4.10/kotlin-stdlib-jdk8-1.4.10.jar:/home/alex/.m2/repository/org/jetbrains/kotlin/kotlin-stdlib-jdk7/1.4.10/kotlin-stdlib-jdk7-1.4.10.jar:/home/alex/.m2/repository/org/mockito/mockito-inline/3.12.4/mockito-inline-3.12.4.jar:/home/alex/.m2/repository/org/junit/jupiter/junit-jupiter-api/5.7.2/junit-jupiter-api-5.7.2.jar:/home/alex/.m2/repository/org/opentest4j/opentest4j/1.2.0/opentest4j-1.2.0.jar:/home/alex/.m2/repository/org/junit/platform/junit-platform-commons/1.7.2/junit-platform-commons-1.7.2.jar:/home/alex/.m2/repository/org/junit/jupiter/junit-jupiter-engine/5.7.2/junit-jupiter-engine-5.7.2.jar:/home/alex/.m2/repository/org/junit/platform/junit-platform-engine/1.7.2/junit-platform-engine-1.7.2.jar:/home/alex/.m2/repository/org/junit/vintage/junit-vintage-engine/5.7.2/junit-vintage-engine-5.7.2.jar:/home/alex/.m2/repository/org/junit/jupiter/junit-jupiter-params/5.7.2/junit-jupiter-params-5.7.2.jar:/home/alex/.m2/repository/org/mockito/mockito-core/3.11.2/mockito-core-3.11.2.jar:/home/alex/.m2/repository/net/bytebuddy/byte-buddy/1.11.3/byte-buddy-1.11.3.jar:/home/alex/.m2/repository/net/bytebuddy/byte-buddy-agent/1.11.3/byte-buddy-agent-1.11.3.jar:/home/alex/.m2/repository/org/objenesis/objenesis/3.2/objenesis-3.2.jar:/home/alex/.m2/repository/org/mockito/mockito-junit-jupiter/3.11.2/mockito-junit-jupiter-3.11.2.jar:/home/alex/.m2/repository/org/slf4j/slf4j-simple/1.7.32/slf4j-simple-1.7.32.jar:/home/alex/.m2/repository/org/codehaus/groovy/groovy-test/2.5.14/groovy-test-2.5.14.jar:"/>
    <property name="org.slf4j.simpleLogger.log.nifi.processors.standard.TestExecuteSQLRecord" value="debug"/>
    <property name="java.vm.vendor" value="Private Build"/>
    <property name="sun.arch.data.model" value="64"/>
    <property name="java.vendor.url" value="http://java.oracle.com/"/>
    <property name="user.timezone" value="Europe/Lisbon"/>
    <property name="java.vm.specification.version" value="1.8"/>
    <property name="os.name" value="Linux"/>
    <property name="user.country" value="US"/>
    <property name="sun.java.launcher" value="SUN_STANDARD"/>
    <property name="sun.boot.library.path" value="/usr/lib/jvm/java-8-openjdk-amd64/jre/lib/amd64"/>
    <property name="sun.java.command" value="/home/alex/Repositories/nifi/nifi-nar-bundles/nifi-standard-bundle/nifi-standard-processors/target/surefire/surefirebooter7473415933682638322.jar /home/alex/Repositories/nifi/nifi-nar-bundles/nifi-standard-bundle/nifi-standard-processors/target/surefire 2024-05-02T02-37-14_149-jvmRun1 surefire6139189294397462573tmp surefire_693674938239097471618tmp"/>
    <property name="org.slf4j.simpleLogger.log.nifi.io.nio" value="debug"/>
    <property name="surefire.test.class.path" value="/home/alex/Repositories/nifi/nifi-nar-bundles/nifi-standard-bundle/nifi-standard-processors/target/test-classes:/home/alex/Repositories/nifi/nifi-nar-bundles/nifi-standard-bundle/nifi-standard-processors/target/classes:/home/alex/.m2/repository/org/apache/ftpserver/ftpserver-core/1.1.1/ftpserver-core-1.1.1.jar:/home/alex/.m2/repository/org/apache/ftpserver/ftplet-api/1.1.1/ftplet-api-1.1.1.jar:/home/alex/.m2/repository/org/slf4j/slf4j-api/1.7.32/slf4j-api-1.7.32.jar:/home/alex/.m2/repository/org/apache/mina/mina-core/2.0.16/mina-core-2.0.16.jar:/home/alex/Repositories/nifi/nifi-api/target/classes:/home/alex/Repositories/nifi/nifi-commons/nifi-expression-language/target/classes:/home/alex/.m2/repository/org/antlr/antlr-runtime/3.5.2/antlr-runtime-3.5.2.jar:/home/alex/Repositories/nifi/nifi-commons/nifi-parameter/target/classes:/home/alex/Repositories/nifi/nifi-commons/nifi-uuid5/target/classes:/home/alex/.m2/repository/org/apache/commons/commons-text/1.8/commons-text-1.8.jar:/home/alex/Repositories/nifi/nifi-nar-bundles/nifi-extension-utils/nifi-processor-utils/target/classes:/home/alex/Repositories/nifi/nifi-commons/nifi-security-socket-ssl/target/classes:/home/alex/Repositories/nifi/nifi-nar-bundles/nifi-extension-utils/nifi-event-transport/target/classes:/home/alex/.m2/repository/io/netty/netty-handler/4.1.69.Final/netty-handler-4.1.69.Final.jar:/home/alex/.m2/repository/io/netty/netty-common/4.1.69.Final/netty-common-4.1.69.Final.jar:/home/alex/.m2/repository/io/netty/netty-resolver/4.1.69.Final/netty-resolver-4.1.69.Final.jar:/home/alex/.m2/repository/io/netty/netty-transport/4.1.69.Final/netty-transport-4.1.69.Final.jar:/home/alex/.m2/repository/io/netty/netty-codec/4.1.69.Final/netty-codec-4.1.69.Final.jar:/home/alex/Repositories/nifi/nifi-nar-bundles/nifi-extension-utils/nifi-syslog-utils/target/classes:/home/alex/.m2/repository/com/github/palindromicity/simple-syslog-5424/0.0.16/simple-syslog-5424-0.0.16.jar:/home/alex/.m2/repository/org/antlr/antlr4-runtime/4.7.2/antlr4-runtime-4.7.2.jar:/home/alex/Repositories/nifi/nifi-commons/nifi-utils/target/classes:/home/alex/Repositories/nifi/nifi-commons/nifi-record-path/target/classes:/home/alex/Repositories/nifi/nifi-commons/nifi-properties/target/classes:/home/alex/Repositories/nifi/nifi-commons/nifi-property-utils/target/classes:/home/alex/.m2/repository/com/github/ben-manes/caffeine/caffeine/2.8.1/caffeine-2.8.1.jar:/home/alex/Repositories/nifi/nifi-nar-bundles/nifi-standard-services/nifi-ssl-context-service-api/target/classes:/home/alex/Repositories/nifi/nifi-commons/nifi-security-utils-api/target/classes:/home/alex/Repositories/nifi/nifi-nar-bundles/nifi-standard-services/nifi-lookup-service-api/target/classes:/home/alex/Repositories/nifi/nifi-commons/nifi-flowfile-packager/target/classes:/home/alex/Repositories/nifi/nifi-nar-bundles/nifi-standard-services/nifi-distributed-cache-client-service-api/target/classes:/home/alex/Repositories/nifi/nifi-nar-bundles/nifi-standard-services/nifi-http-context-map-api/target/classes:/home/alex/Repositories/nifi/nifi-nar-bundles/nifi-standard-services/nifi-record-serialization-service-api/target/classes:/home/alex/Repositories/nifi/nifi-nar-bundles/nifi-standard-services/nifi-proxy-configuration-api/target/classes:/home/alex/Repositories/nifi/nifi-commons/nifi-record/target/classes:/home/alex/Repositories/nifi/nifi-nar-bundles/nifi-standard-services/nifi-record-sink-api/target/classes:/home/alex/.m2/repository/commons-io/commons-io/2.10.0/commons-io-2.10.0.jar:/home/alex/.m2/repository/javax/ws/rs/javax.ws.rs-api/2.1/javax.ws.rs-api-2.1.jar:/home/alex/.m2/repository/commons-net/commons-net/3.6/commons-net-3.6.jar:/home/alex/.m2/repository/org/apache/commons/commons-compress/1.21/commons-compress-1.21.jar:/home/alex/.m2/repository/org/apache/commons/commons-lang3/3.9/commons-lang3-3.9.jar:/home/alex/.m2/repository/org/bouncycastle/bcprov-jdk15on/1.69/bcprov-jdk15on-1.69.jar:/home/alex/.m2/repository/org/bouncycastle/bcpg-jdk15on/1.69/bcpg-jdk15on-1.69.jar:/home/alex/.m2/repository/org/bouncycastle/bcpkix-jdk15on/1.69/bcpkix-jdk15on-1.69.jar:/home/alex/.m2/repository/org/bouncycastle/bcutil-jdk15on/1.69/bcutil-jdk15on-1.69.jar:/home/alex/.m2/repository/commons-codec/commons-codec/1.14/commons-codec-1.14.jar:/home/alex/Repositories/nifi/nifi-commons/nifi-security-utils/target/classes:/home/alex/Repositories/nifi/nifi-commons/nifi-security-kms/target/classes:/home/alex/.m2/repository/org/apache/commons/commons-configuration2/2.7/commons-configuration2-2.7.jar:/home/alex/.m2/repository/com/hierynomus/sshj/0.32.0/sshj-0.32.0.jar:/home/alex/.m2/repository/com/jcraft/jzlib/1.1.3/jzlib-1.1.3.jar:/home/alex/.m2/repository/com/hierynomus/asn-one/0.6.0/asn-one-0.6.0.jar:/home/alex/.m2/repository/net/i2p/crypto/eddsa/0.3.0/eddsa-0.3.0.jar:/home/alex/.m2/repository/org/eclipse/jetty/jetty-server/9.4.44.v20210927/jetty-server-9.4.44.v20210927.jar:/home/alex/.m2/repository/javax/servlet/javax.servlet-api/3.1.0/javax.servlet-api-3.1.0.jar:/home/alex/.m2/repository/org/eclipse/jetty/jetty-http/9.4.44.v20210927/jetty-http-9.4.44.v20210927.jar:/home/alex/.m2/repository/org/eclipse/jetty/jetty-util/9.4.44.v20210927/jetty-util-9.4.44.v20210927.jar:/home/alex/.m2/repository/org/eclipse/jetty/jetty-io/9.4.44.v20210927/jetty-io-9.4.44.v20210927.jar:/home/alex/.m2/repository/org/eclipse/jetty/jetty-servlet/9.4.44.v20210927/jetty-servlet-9.4.44.v20210927.jar:/home/alex/.m2/repository/org/eclipse/jetty/jetty-security/9.4.44.v20210927/jetty-security-9.4.44.v20210927.jar:/home/alex/.m2/repository/org/eclipse/jetty/jetty-util-ajax/9.4.44.v20210927/jetty-util-ajax-9.4.44.v20210927.jar:/home/alex/.m2/repository/org/apache/httpcomponents/httpclient/4.5.5/httpclient-4.5.5.jar:/home/alex/.m2/repository/commons-logging/commons-logging/1.2/commons-logging-1.2.jar:/home/alex/.m2/repository/org/apache/httpcomponents/httpcore/4.4.9/httpcore-4.4.9.jar:/home/alex/.m2/repository/jakarta/activation/jakarta.activation-api/2.0.1/jakarta.activation-api-2.0.1.jar:/home/alex/.m2/repository/com/sun/activation/jakarta.activation/2.0.1/jakarta.activation-2.0.1.jar:/home/alex/.m2/repository/jakarta/mail/jakarta.mail-api/2.0.1/jakarta.mail-api-2.0.1.jar:/home/alex/.m2/repository/com/sun/mail/jakarta.mail/2.0.1/jakarta.mail-2.0.1.jar:/home/alex/.m2/repository/com/github/jponge/lzma-java/1.3/lzma-java-1.3.jar:/home/alex/.m2/repository/org/tukaani/xz/1.8/xz-1.8.jar:/home/alex/.m2/repository/net/sf/saxon/Saxon-HE/10.6/Saxon-HE-10.6.jar:/home/alex/Repositories/nifi/nifi-commons/nifi-socket-utils/target/classes:/home/alex/Repositories/nifi/nifi-commons/nifi-logging-utils/target/classes:/home/alex/Repositories/nifi/nifi-nar-bundles/nifi-standard-services/nifi-load-distribution-service-api/target/classes:/home/alex/.m2/repository/javax/jms/javax.jms-api/2.0.1/javax.jms-api-2.0.1.jar:/home/alex/.m2/repository/org/apache/activemq/activemq-client/5.15.15/activemq-client-5.15.15.jar:/home/alex/.m2/repository/org/apache/geronimo/specs/geronimo-jms_1.1_spec/1.1.1/geronimo-jms_1.1_spec-1.1.1.jar:/home/alex/.m2/repository/org/fusesource/hawtbuf/hawtbuf/1.11/hawtbuf-1.11.jar:/home/alex/.m2/repository/org/apache/geronimo/specs/geronimo-j2ee-management_1.1_spec/1.0.1/geronimo-j2ee-management_1.1_spec-1.0.1.jar:/home/alex/.m2/repository/com/jayway/jsonpath/json-path/2.6.0/json-path-2.6.0.jar:/home/alex/.m2/repository/net/minidev/json-smart/2.4.7/json-smart-2.4.7.jar:/home/alex/.m2/repository/net/minidev/accessors-smart/2.4.7/accessors-smart-2.4.7.jar:/home/alex/.m2/repository/org/ow2/asm/asm/9.1/asm-9.1.jar:/home/alex/.m2/repository/org/apache/tika/tika-core/1.26/tika-core-1.26.jar:/home/alex/.m2/repository/com/fasterxml/jackson/core/jackson-databind/2.12.3/jackson-databind-2.12.3.jar:/home/alex/.m2/repository/com/fasterxml/jackson/core/jackson-annotations/2.12.3/jackson-annotations-2.12.3.jar:/home/alex/.m2/repository/com/fasterxml/jackson/core/jackson-core/2.12.3/jackson-core-2.12.3.jar:/home/alex/Repositories/nifi/nifi-nar-bundles/nifi-extension-utils/nifi-record-utils/nifi-avro-record-utils/target/classes:/home/alex/Repositories/nifi/nifi-nar-bundles/nifi-extension-utils/nifi-record-utils/nifi-standard-record-utils/target/classes:/home/alex/.m2/repository/org/apache/avro/avro/1.8.1/avro-1.8.1.jar:/home/alex/.m2/repository/org/codehaus/jackson/jackson-core-asl/1.9.13/jackson-core-asl-1.9.13.jar:/home/alex/.m2/repository/org/codehaus/jackson/jackson-mapper-asl/1.9.13/jackson-mapper-asl-1.9.13.jar:/home/alex/.m2/repository/com/thoughtworks/paranamer/paranamer/2.7/paranamer-2.7.jar:/home/alex/Repositories/nifi/nifi-nar-bundles/nifi-standard-services/nifi-dbcp-service-api/target/classes:/home/alex/.m2/repository/com/squareup/okhttp3/okhttp/4.9.2/okhttp-4.9.2.jar:/home/alex/.m2/repository/com/squareup/okio/okio/2.8.0/okio-2.8.0.jar:/home/alex/.m2/repository/org/jetbrains/kotlin/kotlin-stdlib-common/1.4.0/kotlin-stdlib-common-1.4.0.jar:/home/alex/.m2/repository/org/jetbrains/kotlin/kotlin-stdlib/1.4.10/kotlin-stdlib-1.4.10.jar:/home/alex/.m2/repository/org/jetbrains/annotations/13.0/annotations-13.0.jar:/home/alex/.m2/repository/io/github/rburgst/okhttp-digest/2.5/okhttp-digest-2.5.jar:/home/alex/.m2/repository/at/favre/lib/bcrypt/0.9.0/bcrypt-0.9.0.jar:/home/alex/.m2/repository/at/favre/lib/bytes/1.3.0/bytes-1.3.0.jar:/home/alex/.m2/repository/com/google/guava/guava/28.0-jre/guava-28.0-jre.jar:/home/alex/.m2/repository/com/google/guava/failureaccess/1.0.1/failureaccess-1.0.1.jar:/home/alex/.m2/repository/com/google/guava/listenablefuture/9999.0-empty-to-avoid-conflict-with-guava/listenablefuture-9999.0-empty-to-avoid-conflict-with-guava.jar:/home/alex/.m2/repository/com/google/code/findbugs/jsr305/3.0.2/jsr305-3.0.2.jar:/home/alex/.m2/repository/org/checkerframework/checker-qual/2.8.1/checker-qual-2.8.1.jar:/home/alex/.m2/repository/com/google/errorprone/error_prone_annotations/2.3.2/error_prone_annotations-2.3.2.jar:/home/alex/.m2/repository/com/google/j2objc/j2objc-annotations/1.3/j2objc-annotations-1.3.jar:/home/alex/.m2/repository/org/codehaus/mojo/animal-sniffer-annotations/1.17/animal-sniffer-annotations-1.17.jar:/home/alex/Repositories/nifi/nifi-mock/target/classes:/home/alex/Repositories/nifi/nifi-framework-api/target/classes:/home/alex/Repositories/nifi/nifi-nar-bundles/nifi-framework-bundle/nifi-framework/nifi-framework-core-api/target/classes:/home/alex/Repositories/nifi/nifi-nar-bundles/nifi-framework-bundle/nifi-framework/nifi-framework-nar-utils/target/classes:/home/alex/Repositories/nifi/nifi-nar-bundles/nifi-framework-bundle/nifi-framework/nifi-client-dto/target/classes:/home/alex/.m2/repository/io/swagger/swagger-annotations/1.6.0/swagger-annotations-1.6.0.jar:/home/alex/Repositories/nifi/nifi-commons/nifi-site-to-site-client/target/classes:/home/alex/.m2/repository/org/apache/httpcomponents/httpasyncclient/4.1.4/httpasyncclient-4.1.4.jar:/home/alex/.m2/repository/org/apache/httpcomponents/httpcore-nio/4.4.10/httpcore-nio-4.4.10.jar:/home/alex/Repositories/nifi/nifi-nar-bundles/nifi-framework-bundle/nifi-framework/nifi-framework-authorization/target/classes:/home/alex/Repositories/nifi/nifi-registry/nifi-registry-core/nifi-registry-data-model/target/classes:/home/alex/Repositories/nifi/nifi-registry/nifi-registry-core/nifi-registry-revision/nifi-registry-revision-entity-model/target/classes:/home/alex/Repositories/nifi/nifi-registry/nifi-registry-core/nifi-registry-client/target/classes:/home/alex/Repositories/nifi/nifi-registry/nifi-registry-core/nifi-registry-security-utils/target/classes:/home/alex/.m2/repository/org/glassfish/jersey/core/jersey-client/2.33/jersey-client-2.33.jar:/home/alex/.m2/repository/jakarta/ws/rs/jakarta.ws.rs-api/2.1.6/jakarta.ws.rs-api-2.1.6.jar:/home/alex/.m2/repository/org/glassfish/hk2/external/jakarta.inject/2.6.1/jakarta.inject-2.6.1.jar:/home/alex/.m2/repository/org/glassfish/jersey/media/jersey-media-json-jackson/2.33/jersey-media-json-jackson-2.33.jar:/home/alex/.m2/repository/org/glassfish/jersey/ext/jersey-entity-filtering/2.33/jersey-entity-filtering-2.33.jar:/home/alex/.m2/repository/org/glassfish/jersey/inject/jersey-hk2/2.33/jersey-hk2-2.33.jar:/home/alex/.m2/repository/org/glassfish/hk2/hk2-locator/2.6.1/hk2-locator-2.6.1.jar:/home/alex/.m2/repository/org/glassfish/hk2/external/aopalliance-repackaged/2.6.1/aopalliance-repackaged-2.6.1.jar:/home/alex/.m2/repository/org/glassfish/hk2/hk2-api/2.6.1/hk2-api-2.6.1.jar:/home/alex/.m2/repository/org/glassfish/hk2/hk2-utils/2.6.1/hk2-utils-2.6.1.jar:/home/alex/.m2/repository/org/javassist/javassist/3.25.0-GA/javassist-3.25.0-GA.jar:/home/alex/.m2/repository/org/glassfish/jersey/core/jersey-common/2.33/jersey-common-2.33.jar:/home/alex/.m2/repository/jakarta/annotation/jakarta.annotation-api/1.3.5/jakarta.annotation-api-1.3.5.jar:/home/alex/.m2/repository/org/glassfish/hk2/osgi-resource-locator/1.0.3/osgi-resource-locator-1.0.3.jar:/home/alex/.m2/repository/org/glassfish/jersey/media/jersey-media-multipart/2.33/jersey-media-multipart-2.33.jar:/home/alex/.m2/repository/org/jvnet/mimepull/mimepull/1.9.13/mimepull-1.9.13.jar:/home/alex/Repositories/nifi/nifi-commons/nifi-data-provenance-utils/target/classes:/home/alex/Repositories/nifi/nifi-nar-bundles/nifi-standard-services/nifi-distributed-cache-services-bundle/nifi-distributed-cache-client-service/target/classes:/home/alex/Repositories/nifi/nifi-nar-bundles/nifi-standard-services/nifi-distributed-cache-services-bundle/nifi-distributed-cache-protocol/target/classes:/home/alex/.m2/repository/io/netty/netty-buffer/4.1.69.Final/netty-buffer-4.1.69.Final.jar:/home/alex/.m2/repository/com/google/http-client/google-http-client/1.28.0/google-http-client-1.28.0.jar:/home/alex/.m2/repository/io/opencensus/opencensus-api/0.18.0/opencensus-api-0.18.0.jar:/home/alex/.m2/repository/io/grpc/grpc-context/1.14.0/grpc-context-1.14.0.jar:/home/alex/.m2/repository/io/opencensus/opencensus-contrib-http-util/0.18.0/opencensus-contrib-http-util-0.18.0.jar:/home/alex/.m2/repository/org/apache/activemq/activemq-broker/5.15.14/activemq-broker-5.15.14.jar:/home/alex/.m2/repository/org/apache/activemq/activemq-openwire-legacy/5.15.14/activemq-openwire-legacy-5.15.14.jar:/home/alex/Repositories/nifi/nifi-nar-bundles/nifi-standard-services/nifi-ssl-context-bundle/nifi-ssl-context-service/target/classes:/home/alex/Repositories/nifi/nifi-nar-bundles/nifi-framework-bundle/nifi-framework/nifi-standard-prioritizers/target/classes:/home/alex/Repositories/nifi/nifi-nar-bundles/nifi-extension-utils/nifi-record-utils/nifi-mock-record-utils/target/classes:/home/alex/Repositories/nifi/nifi-nar-bundles/nifi-standard-services/nifi-record-serialization-services-bundle/nifi-record-serialization-services/target/classes:/home/alex/.m2/repository/org/apache/commons/commons-csv/1.8/commons-csv-1.8.jar:/home/alex/.m2/repository/com/fasterxml/jackson/dataformat/jackson-dataformat-csv/2.12.3/jackson-dataformat-csv-2.12.3.jar:/home/alex/.m2/repository/net/java/dev/stax-utils/stax-utils/20070216/stax-utils-20070216.jar:/home/alex/Repositories/nifi/nifi-nar-bundles/nifi-standard-services/nifi-lookup-services-bundle/nifi-lookup-services/target/classes:/home/alex/.m2/repository/commons-beanutils/commons-beanutils/1.9.4/commons-beanutils-1.9.4.jar:/home/alex/.m2/repository/commons-collections/commons-collections/3.2.2/commons-collections-3.2.2.jar:/home/alex/.m2/repository/com/maxmind/geoip2/geoip2/2.12.0/geoip2-2.12.0.jar:/home/alex/.m2/repository/com/maxmind/db/maxmind-db/1.2.2/maxmind-db-1.2.2.jar:/home/alex/.m2/repository/org/apache/derby/derby/10.14.2.0/derby-10.14.2.0.jar:/home/alex/.m2/repository/org/xerial/snappy/snappy-java/1.1.7.3/snappy-java-1.1.7.3.jar:/home/alex/.m2/repository/net/lingala/zip4j/zip4j/2.8.0/zip4j-2.8.0.jar:/home/alex/.m2/repository/com/h2database/h2/1.4.187/h2-1.4.187.jar:/home/alex/.m2/repository/org/mockftpserver/MockFtpServer/2.7.1/MockFtpServer-2.7.1.jar:/home/alex/.m2/repository/org/apache/sshd/sshd-core/1.7.0/sshd-core-1.7.0.jar:/home/alex/.m2/repository/com/bazaarvoice/jolt/jolt-core/0.1.1/jolt-core-0.1.1.jar:/home/alex/.m2/repository/javax/inject/javax.inject/1/javax.inject-1.jar:/home/alex/.m2/repository/com/bazaarvoice/jolt/json-utils/0.1.1/json-utils-0.1.1.jar:/home/alex/Repositories/nifi/nifi-nar-bundles/nifi-standard-bundle/nifi-standard-utils/target/classes:/home/alex/.m2/repository/net/sf/supercsv/super-csv/2.4.0/super-csv-2.4.0.jar:/home/alex/.m2/repository/com/fluenda/parcefone/2.1.0/parcefone-2.1.0.jar:/home/alex/.m2/repository/javax/validation/validation-api/1.1.0.Final/validation-api-1.1.0.Final.jar:/home/alex/.m2/repository/javax/el/javax.el-api/3.0.0/javax.el-api-3.0.0.jar:/home/alex/.m2/repository/com/github/wnameless/json/json-flattener/0.12.0/json-flattener-0.12.0.jar:/home/alex/.m2/repository/com/github/wnameless/json/json-base/2.0.0/json-base-2.0.0.jar:/home/alex/.m2/repository/org/apache/bval/bval-jsr/1.1.2/bval-jsr-1.1.2.jar:/home/alex/.m2/repository/org/apache/bval/bval-core/1.1.2/bval-core-1.1.2.jar:/home/alex/.m2/repository/io/krakens/java-grok/0.1.9/java-grok-0.1.9.jar:/home/alex/.m2/repository/org/apache/calcite/calcite-core/1.27.0/calcite-core-1.27.0.jar:/home/alex/.m2/repository/org/apache/calcite/calcite-linq4j/1.27.0/calcite-linq4j-1.27.0.jar:/home/alex/.m2/repository/com/esri/geometry/esri-geometry-api/2.2.0/esri-geometry-api-2.2.0.jar:/home/alex/.m2/repository/org/apache/calcite/avatica/avatica-core/1.18.0/avatica-core-1.18.0.jar:/home/alex/.m2/repository/org/apache/calcite/avatica/avatica-metrics/1.18.0/avatica-metrics-1.18.0.jar:/home/alex/.m2/repository/com/google/protobuf/protobuf-java/3.6.1/protobuf-java-3.6.1.jar:/home/alex/.m2/repository/org/apiguardian/apiguardian-api/1.1.0/apiguardian-api-1.1.0.jar:/home/alex/.m2/repository/com/fasterxml/jackson/dataformat/jackson-dataformat-yaml/2.10.0/jackson-dataformat-yaml-2.10.0.jar:/home/alex/.m2/repository/org/yaml/snakeyaml/1.29/snakeyaml-1.29.jar:/home/alex/.m2/repository/com/google/uzaygezen/uzaygezen-core/0.2/uzaygezen-core-0.2.jar:/home/alex/.m2/repository/com/yahoo/datasketches/sketches-core/0.9.0/sketches-core-0.9.0.jar:/home/alex/.m2/repository/com/yahoo/datasketches/memory/0.9.0/memory-0.9.0.jar:/home/alex/.m2/repository/net/hydromatic/aggdesigner-algorithm/6.0/aggdesigner-algorithm-6.0.jar:/home/alex/.m2/repository/commons-lang/commons-lang/2.4/commons-lang-2.4.jar:/home/alex/.m2/repository/org/apache/commons/commons-dbcp2/2.6.0/commons-dbcp2-2.6.0.jar:/home/alex/.m2/repository/org/apache/commons/commons-pool2/2.6.1/commons-pool2-2.6.1.jar:/home/alex/.m2/repository/org/codehaus/janino/commons-compiler/3.0.11/commons-compiler-3.0.11.jar:/home/alex/.m2/repository/org/codehaus/janino/janino/3.0.11/janino-3.0.11.jar:/home/alex/Repositories/nifi/nifi-nar-bundles/nifi-standard-services/nifi-schema-registry-service-api/target/classes:/home/alex/Repositories/nifi/nifi-nar-bundles/nifi-extension-utils/nifi-database-utils/target/classes:/home/alex/Repositories/nifi/nifi-nar-bundles/nifi-standard-bundle/nifi-standard-web-test-utils/target/classes:/home/alex/.m2/repository/com/github/stefanbirkner/fake-sftp-server-rule/2.0.1/fake-sftp-server-rule-2.0.1.jar:/home/alex/.m2/repository/com/github/marschall/memoryfilesystem/2.8.0/memoryfilesystem-2.8.0.jar:/home/alex/.m2/repository/junit/junit/4.13.2/junit-4.13.2.jar:/home/alex/.m2/repository/org/hamcrest/hamcrest-core/1.3/hamcrest-core-1.3.jar:/home/alex/Repositories/nifi/nifi-nar-bundles/nifi-extension-utils/nifi-database-test-utils/target/classes:/home/alex/.m2/repository/org/codehaus/groovy/groovy-json/2.5.14/groovy-json-2.5.14.jar:/home/alex/.m2/repository/org/codehaus/groovy/groovy/2.5.14/groovy-2.5.14.jar:/home/alex/.m2/repository/org/codehaus/groovy/groovy-servlet/2.5.14/groovy-servlet-2.5.14.jar:/home/alex/.m2/repository/org/codehaus/groovy/groovy-templates/2.5.14/groovy-templates-2.5.14.jar:/home/alex/.m2/repository/org/codehaus/groovy/groovy-xml/2.5.14/groovy-xml-2.5.14.jar:/home/alex/.m2/repository/org/hamcrest/hamcrest-all/1.3/hamcrest-all-1.3.jar:/home/alex/.m2/repository/com/squareup/okhttp3/mockwebserver/4.9.2/mockwebserver-4.9.2.jar:/home/alex/.m2/repository/org/jetbrains/kotlin/kotlin-stdlib-jdk8/1.4.10/kotlin-stdlib-jdk8-1.4.10.jar:/home/alex/.m2/repository/org/jetbrains/kotlin/kotlin-stdlib-jdk7/1.4.10/kotlin-stdlib-jdk7-1.4.10.jar:/home/alex/.m2/repository/org/mockito/mockito-inline/3.12.4/mockito-inline-3.12.4.jar:/home/alex/.m2/repository/org/junit/jupiter/junit-jupiter-api/5.7.2/junit-jupiter-api-5.7.2.jar:/home/alex/.m2/repository/org/opentest4j/opentest4j/1.2.0/opentest4j-1.2.0.jar:/home/alex/.m2/repository/org/junit/platform/junit-platform-commons/1.7.2/junit-platform-commons-1.7.2.jar:/home/alex/.m2/repository/org/junit/jupiter/junit-jupiter-engine/5.7.2/junit-jupiter-engine-5.7.2.jar:/home/alex/.m2/repository/org/junit/platform/junit-platform-engine/1.7.2/junit-platform-engine-1.7.2.jar:/home/alex/.m2/repository/org/junit/vintage/junit-vintage-engine/5.7.2/junit-vintage-engine-5.7.2.jar:/home/alex/.m2/repository/org/junit/jupiter/junit-jupiter-params/5.7.2/junit-jupiter-params-5.7.2.jar:/home/alex/.m2/repository/org/mockito/mockito-core/3.11.2/mockito-core-3.11.2.jar:/home/alex/.m2/repository/net/bytebuddy/byte-buddy/1.11.3/byte-buddy-1.11.3.jar:/home/alex/.m2/repository/net/bytebuddy/byte-buddy-agent/1.11.3/byte-buddy-agent-1.11.3.jar:/home/alex/.m2/repository/org/objenesis/objenesis/3.2/objenesis-3.2.jar:/home/alex/.m2/repository/org/mockito/mockito-junit-jupiter/3.11.2/mockito-junit-jupiter-3.11.2.jar:/home/alex/.m2/repository/org/slf4j/slf4j-simple/1.7.32/slf4j-simple-1.7.32.jar:/home/alex/.m2/repository/org/codehaus/groovy/groovy-test/2.5.14/groovy-test-2.5.14.jar:"/>
    <property name="sun.cpu.endian" value="little"/>
    <property name="user.home" value="/home/alex"/>
    <property name="user.language" value="en"/>
    <property name="java.specification.vendor" value="Oracle Corporation"/>
    <property name="java.home" value="/usr/lib/jvm/java-8-openjdk-amd64/jre"/>
    <property name="basedir" value="/home/alex/Repositories/nifi/nifi-nar-bundles/nifi-standard-bundle/nifi-standard-processors"/>
    <property name="file.separator" value="/"/>
    <property name="line.separator" value="&#10;"/>
    <property name="java.vm.specification.vendor" value="Oracle Corporation"/>
    <property name="java.specification.name" value="Java Platform API Specification"/>
    <property name="derby.stream.error.file" value="target/derby.log"/>
    <property name="org.slf4j.simpleLogger.log.org.apache.nifi" value="TRACE"/>
    <property name="javax.xml.xpath.XPathFactory:http://saxon.sf.net/jaxp/xpath/om" value="net.sf.saxon.xpath.XPathFactoryImpl"/>
    <property name="java.awt.graphicsenv" value="sun.awt.X11GraphicsEnvironment"/>
    <property name="org.slf4j.simpleLogger.log.org.apache.nifi.processors.standard.SQLTransform" value="debug"/>
    <property name="java.awt.headless" value="true"/>
    <property name="org.slf4j.simpleLogger.log.nifi.processors.standard.ExecuteSQLRecord" value="debug"/>
    <property name="org.slf4j.simpleLogger.showDateTime" value="true"/>
    <property name="surefire.real.class.path" value="/home/alex/Repositories/nifi/nifi-nar-bundles/nifi-standard-bundle/nifi-standard-processors/target/surefire/surefirebooter7473415933682638322.jar"/>
    <property name="sun.boot.class.path" value="/usr/lib/jvm/java-8-openjdk-amd64/jre/lib/resources.jar:/usr/lib/jvm/java-8-openjdk-amd64/jre/lib/rt.jar:/usr/lib/jvm/java-8-openjdk-amd64/jre/lib/sunrsasign.jar:/usr/lib/jvm/java-8-openjdk-amd64/jre/lib/jsse.jar:/usr/lib/jvm/java-8-openjdk-amd64/jre/lib/jce.jar:/usr/lib/jvm/java-8-openjdk-amd64/jre/lib/charsets.jar:/usr/lib/jvm/java-8-openjdk-amd64/jre/lib/jfr.jar:/usr/lib/jvm/java-8-openjdk-amd64/jre/classes"/>
    <property name="sun.management.compiler" value="HotSpot 64-Bit Tiered Compilers"/>
    <property name="org.slf4j.simpleLogger.log.nifi.processors.standard.TestExecuteSQL" value="debug"/>
    <property name="java.runtime.version" value="1.8.0_402-8u402-ga-2ubuntu1~22.04-b06"/>
    <property name="java.net.preferIPv4Stack" value="true"/>
    <property name="user.name" value="alex"/>
    <property name="path.separator" value=":"/>
    <property name="os.version" value="6.5.0-28-generic"/>
    <property name="java.endorsed.dirs" value="/usr/lib/jvm/java-8-openjdk-amd64/jre/lib/endorsed"/>
    <property name="java.runtime.name" value="OpenJDK Runtime Environment"/>
    <property name="org.slf4j.simpleLogger.log.nifi.processors.standard.DistributeLoad" value="debug"/>
    <property name="file.encoding" value="UTF-8"/>
    <property name="org.slf4j.simpleLogger.log.org.apache.nifi.processors.standard" value="DEBUG"/>
    <property name="org.slf4j.simpleLogger.log.nifi.processors.standard.ExecuteSQL" value="debug"/>
    <property name="sun.nio.ch.bugLevel" value=""/>
    <property name="java.vm.name" value="OpenJDK 64-Bit Server VM"/>
    <property name="localRepository" value="/home/alex/.m2/repository"/>
    <property name="java.vendor.url.bug" value="http://bugreport.sun.com/bugreport/"/>
    <property name="jetty.git.hash" value="8da83308eeca865e495e53ef315a249d63ba9332"/>
    <property name="java.io.tmpdir" value="/tmp"/>
    <property name="java.version" value="1.8.0_402"/>
    <property name="user.dir" value="/home/alex/Repositories/nifi/nifi-nar-bundles/nifi-standard-bundle/nifi-standard-processors"/>
    <property name="org.slf4j.simpleLogger.log.nifi.processors.standard.TestDetectDuplicate" value="debug"/>
    <property name="os.arch" value="amd64"/>
    <property name="java.vm.specification.name" value="Java Virtual Machine Specification"/>
    <property name="java.awt.printerjob" value="sun.print.PSPrinterJob"/>
    <property name="sun.os.patch.level" value="unknown"/>
    <property name="org.slf4j.simpleLogger.defaultLogLevel" value="info"/>
    <property name="java.library.path" value="/usr/java/packages/lib/amd64:/usr/lib/x86_64-linux-gnu/jni:/lib/x86_64-linux-gnu:/usr/lib/x86_64-linux-gnu:/usr/lib/jni:/lib:/usr/lib"/>
    <property name="java.vm.info" value="mixed mode"/>
    <property name="java.vendor" value="Private Build"/>
    <property name="java.vm.version" value="25.402-b06"/>
    <property name="org.slf4j.simpleLogger.log.nifi.processors.standard.DetectDuplicate" value="debug"/>
    <property name="java.specification.maintenance.version" value="5"/>
    <property name="java.ext.dirs" value="/usr/lib/jvm/java-8-openjdk-amd64/jre/lib/ext:/usr/java/packages/lib/ext"/>
    <property name="sun.io.unicode.encoding" value="UnicodeLittle"/>
    <property name="java.class.version" value="52.0"/>
  </properties>
  <testcase name="testSeparationStrategyNotKnown" classname="org.apache.nifi.processors.standard.TestRouteText" time="0.004"/>
  <testcase name="testRelationships" classname="org.apache.nifi.processors.standard.TestRouteText" time="0.002">
    <system-err><![CDATA[[main] DEBUG org.apache.nifi.processors.standard.RouteText - RouteText[id=b81c449f-efe5-4608-a8fa-68458e57dd1c] Adding new dynamic property: PropertyDescriptor[simple]
[main] DEBUG org.apache.nifi.processors.standard.RouteText - RouteText[id=b81c449f-efe5-4608-a8fa-68458e57dd1c] Adding new dynamic property: PropertyDescriptor[simple]
]]></system-err>
  </testcase>
  <testcase name="testSimpleContainsIgnoreCase" classname="org.apache.nifi.processors.standard.TestRouteText" time="0.003">
    <system-err><![CDATA[[main] DEBUG org.apache.nifi.processors.standard.RouteText - RouteText[id=421d6041-ec01-4906-a414-18ec26f788ee] Adding new dynamic property: PropertyDescriptor[simple]
[pool-2303-thread-1] INFO org.apache.nifi.processors.standard.RouteText - RouteText[id=421d6041-ec01-4906-a414-18ec26f788ee] Created FlowFile[1,94823622510688.mockFlowFile,17B] from FlowFile[0,94823622510688.mockFlowFile,26B]; routing to relationship simple
[pool-2303-thread-1] INFO org.apache.nifi.processors.standard.RouteText - RouteText[id=421d6041-ec01-4906-a414-18ec26f788ee] Created FlowFile[2,94823622510688.mockFlowFile,9B] from FlowFile[0,94823622510688.mockFlowFile,26B]; routing to relationship unmatched
[pool-2303-thread-1] INFO org.apache.nifi.processors.standard.RouteText - RouteText[id=421d6041-ec01-4906-a414-18ec26f788ee] Routing FlowFile[0,94823622510688.mockFlowFile,26B] to original
]]></system-err>
  </testcase>
  <testcase name="testSimpleDefaultContainRegularExpression" classname="org.apache.nifi.processors.standard.TestRouteText" time="0.005">
    <system-err><![CDATA[[main] DEBUG org.apache.nifi.processors.standard.RouteText - RouteText[id=bb3fb6c6-bab9-41b7-a113-c1104cb519d4] Adding new dynamic property: PropertyDescriptor[simple]
[pool-2304-thread-1] INFO org.apache.nifi.processors.standard.RouteText - RouteText[id=bb3fb6c6-bab9-41b7-a113-c1104cb519d4] Created FlowFile[1,94823625677150.mockFlowFile,17B] from FlowFile[0,94823625677150.mockFlowFile,26B]; routing to relationship simple
[pool-2304-thread-1] INFO org.apache.nifi.processors.standard.RouteText - RouteText[id=bb3fb6c6-bab9-41b7-a113-c1104cb519d4] Created FlowFile[2,94823625677150.mockFlowFile,9B] from FlowFile[0,94823625677150.mockFlowFile,26B]; routing to relationship unmatched
[pool-2304-thread-1] INFO org.apache.nifi.processors.standard.RouteText - RouteText[id=bb3fb6c6-bab9-41b7-a113-c1104cb519d4] Routing FlowFile[0,94823625677150.mockFlowFile,26B] to original
]]></system-err>
  </testcase>
  <testcase name="testXml" classname="org.apache.nifi.processors.standard.TestRouteText" time="0.001">
    <system-err><![CDATA[[main] DEBUG org.apache.nifi.processors.standard.RouteText - RouteText[id=991ac657-4c64-4b7a-9211-2650b6273564] Adding new dynamic property: PropertyDescriptor[element]
[main] DEBUG org.apache.nifi.processors.standard.RouteText - RouteText[id=991ac657-4c64-4b7a-9211-2650b6273564] Adding new dynamic property: PropertyDescriptor[NodeType]
[main] DEBUG org.apache.nifi.processors.standard.RouteText - RouteText[id=991ac657-4c64-4b7a-9211-2650b6273564] Adding new dynamic property: PropertyDescriptor[name]
[pool-2305-thread-1] INFO org.apache.nifi.processors.standard.RouteText - RouteText[id=991ac657-4c64-4b7a-9211-2650b6273564] Created FlowFile[4,XmlBundle.xsd,37B] from FlowFile[0,XmlBundle.xsd,1664B]; routing to relationship NodeType
[pool-2305-thread-1] INFO org.apache.nifi.processors.standard.RouteText - RouteText[id=991ac657-4c64-4b7a-9211-2650b6273564] Created FlowFile[2,XmlBundle.xsd,352B] from FlowFile[0,XmlBundle.xsd,1664B]; routing to relationship element
[pool-2305-thread-1] INFO org.apache.nifi.processors.standard.RouteText - RouteText[id=991ac657-4c64-4b7a-9211-2650b6273564] Created FlowFile[3,XmlBundle.xsd,468B] from FlowFile[0,XmlBundle.xsd,1664B]; routing to relationship name
[pool-2305-thread-1] INFO org.apache.nifi.processors.standard.RouteText - RouteText[id=991ac657-4c64-4b7a-9211-2650b6273564] Created FlowFile[1,XmlBundle.xsd,1196B] from FlowFile[0,XmlBundle.xsd,1664B]; routing to relationship unmatched
[pool-2305-thread-1] INFO org.apache.nifi.processors.standard.RouteText - RouteText[id=991ac657-4c64-4b7a-9211-2650b6273564] Routing FlowFile[0,XmlBundle.xsd,1664B] to original
]]></system-err>
  </testcase>
  <testcase name="testSatisfiesExpression" classname="org.apache.nifi.processors.standard.TestRouteText" time="0.006">
    <system-err><![CDATA[[main] DEBUG org.apache.nifi.processors.standard.RouteText - RouteText[id=7c5cef73-f764-44a5-80aa-0b326c8b5971] Adding new dynamic property: PropertyDescriptor[third-line]
[main] DEBUG org.apache.nifi.processors.standard.RouteText - RouteText[id=7c5cef73-f764-44a5-80aa-0b326c8b5971] Adding new dynamic property: PropertyDescriptor[empty]
[main] DEBUG org.apache.nifi.processors.standard.RouteText - RouteText[id=7c5cef73-f764-44a5-80aa-0b326c8b5971] Adding new dynamic property: PropertyDescriptor[second-field-you]
[pool-2306-thread-1] INFO org.apache.nifi.processors.standard.RouteText - RouteText[id=7c5cef73-f764-44a5-80aa-0b326c8b5971] Created FlowFile[3,94823633028239.mockFlowFile,14B] from FlowFile[0,94823633028239.mockFlowFile,28B]; routing to relationship third-line
[pool-2306-thread-1] INFO org.apache.nifi.processors.standard.RouteText - RouteText[id=7c5cef73-f764-44a5-80aa-0b326c8b5971] Created FlowFile[4,94823633028239.mockFlowFile,14B] from FlowFile[0,94823633028239.mockFlowFile,28B]; routing to relationship second-field-you
[pool-2306-thread-1] INFO org.apache.nifi.processors.standard.RouteText - RouteText[id=7c5cef73-f764-44a5-80aa-0b326c8b5971] Created FlowFile[2,94823633028239.mockFlowFile,8B] from FlowFile[0,94823633028239.mockFlowFile,28B]; routing to relationship empty
[pool-2306-thread-1] INFO org.apache.nifi.processors.standard.RouteText - RouteText[id=7c5cef73-f764-44a5-80aa-0b326c8b5971] Created FlowFile[1,94823633028239.mockFlowFile,6B] from FlowFile[0,94823633028239.mockFlowFile,28B]; routing to relationship unmatched
[pool-2306-thread-1] INFO org.apache.nifi.processors.standard.RouteText - RouteText[id=7c5cef73-f764-44a5-80aa-0b326c8b5971] Routing FlowFile[0,94823633028239.mockFlowFile,28B] to original
]]></system-err>
  </testcase>
  <testcase name="testRouteLineToMultipleRelationships" classname="org.apache.nifi.processors.standard.TestRouteText" time="0.001">
    <system-err><![CDATA[[main] DEBUG org.apache.nifi.processors.standard.RouteText - RouteText[id=b5afad0a-a3ee-4869-8587-a2c97bce2c58] Adding new dynamic property: PropertyDescriptor[z]
[main] DEBUG org.apache.nifi.processors.standard.RouteText - RouteText[id=b5afad0a-a3ee-4869-8587-a2c97bce2c58] Adding new dynamic property: PropertyDescriptor[e]
[main] DEBUG org.apache.nifi.processors.standard.RouteText - RouteText[id=b5afad0a-a3ee-4869-8587-a2c97bce2c58] Adding new dynamic property: PropertyDescriptor[t]
[pool-2307-thread-1] INFO org.apache.nifi.processors.standard.RouteText - RouteText[id=b5afad0a-a3ee-4869-8587-a2c97bce2c58] Created FlowFile[1,94823637843969.mockFlowFile,26B] from FlowFile[0,94823637843969.mockFlowFile,26B]; routing to relationship t
[pool-2307-thread-1] INFO org.apache.nifi.processors.standard.RouteText - RouteText[id=b5afad0a-a3ee-4869-8587-a2c97bce2c58] Created FlowFile[2,94823637843969.mockFlowFile,17B] from FlowFile[0,94823637843969.mockFlowFile,26B]; routing to relationship e
[pool-2307-thread-1] INFO org.apache.nifi.processors.standard.RouteText - RouteText[id=b5afad0a-a3ee-4869-8587-a2c97bce2c58] Routing FlowFile[0,94823637843969.mockFlowFile,26B] to original
]]></system-err>
  </testcase>
  <testcase name="testSimpleAllEnds" classname="org.apache.nifi.processors.standard.TestRouteText" time="0.001">
    <system-err><![CDATA[[main] DEBUG org.apache.nifi.processors.standard.RouteText - RouteText[id=4cb30f53-402a-488b-9b04-0698ac913c0d] Adding new dynamic property: PropertyDescriptor[second]
[main] DEBUG org.apache.nifi.processors.standard.RouteText - RouteText[id=4cb30f53-402a-488b-9b04-0698ac913c0d] Adding new dynamic property: PropertyDescriptor[simple]
[pool-2308-thread-1] INFO org.apache.nifi.processors.standard.RouteText - RouteText[id=4cb30f53-402a-488b-9b04-0698ac913c0d] Created FlowFile[2,94823638834689.mockFlowFile,9B] from FlowFile[0,94823638834689.mockFlowFile,26B]; routing to relationship unmatched
[pool-2308-thread-1] INFO org.apache.nifi.processors.standard.RouteText - RouteText[id=4cb30f53-402a-488b-9b04-0698ac913c0d] Created FlowFile[1,94823638834689.mockFlowFile,17B] from FlowFile[0,94823638834689.mockFlowFile,26B]; routing to relationship matched
[pool-2308-thread-1] INFO org.apache.nifi.processors.standard.RouteText - RouteText[id=4cb30f53-402a-488b-9b04-0698ac913c0d] Routing FlowFile[0,94823638834689.mockFlowFile,26B] to original
]]></system-err>
  </testcase>
  <testcase name="testJson" classname="org.apache.nifi.processors.standard.TestRouteText" time="0.004">
    <system-err><![CDATA[[main] DEBUG org.apache.nifi.processors.standard.RouteText - RouteText[id=4905a964-6ebb-4eb2-beb3-3b5d9f6334ca] Adding new dynamic property: PropertyDescriptor[address]
[main] DEBUG org.apache.nifi.processors.standard.RouteText - RouteText[id=4905a964-6ebb-4eb2-beb3-3b5d9f6334ca] Adding new dynamic property: PropertyDescriptor[greeting]
[pool-2309-thread-1] INFO org.apache.nifi.processors.standard.RouteText - RouteText[id=4905a964-6ebb-4eb2-beb3-3b5d9f6334ca] Created FlowFile[2,json-sample.json,447B] from FlowFile[0,json-sample.json,12466B]; routing to relationship address
[pool-2309-thread-1] INFO org.apache.nifi.processors.standard.RouteText - RouteText[id=4905a964-6ebb-4eb2-beb3-3b5d9f6334ca] Created FlowFile[3,json-sample.json,463B] from FlowFile[0,json-sample.json,12466B]; routing to relationship greeting
[pool-2309-thread-1] INFO org.apache.nifi.processors.standard.RouteText - RouteText[id=4905a964-6ebb-4eb2-beb3-3b5d9f6334ca] Created FlowFile[1,json-sample.json,11556B] from FlowFile[0,json-sample.json,12466B]; routing to relationship unmatched
[pool-2309-thread-1] INFO org.apache.nifi.processors.standard.RouteText - RouteText[id=4905a964-6ebb-4eb2-beb3-3b5d9f6334ca] Routing FlowFile[0,json-sample.json,12466B] to original
]]></system-err>
  </testcase>
  <testcase name="testSimpleAllMatchRegularExpression" classname="org.apache.nifi.processors.standard.TestRouteText" time="0.001">
    <system-err><![CDATA[[main] DEBUG org.apache.nifi.processors.standard.RouteText - RouteText[id=03972799-2c5f-4260-a6fd-34ffe36a2086] Adding new dynamic property: PropertyDescriptor[second]
[main] DEBUG org.apache.nifi.processors.standard.RouteText - RouteText[id=03972799-2c5f-4260-a6fd-34ffe36a2086] Adding new dynamic property: PropertyDescriptor[simple]
[pool-2310-thread-1] INFO org.apache.nifi.processors.standard.RouteText - RouteText[id=03972799-2c5f-4260-a6fd-34ffe36a2086] Created FlowFile[2,94823644236410.mockFlowFile,9B] from FlowFile[0,94823644236410.mockFlowFile,26B]; routing to relationship unmatched
[pool-2310-thread-1] INFO org.apache.nifi.processors.standard.RouteText - RouteText[id=03972799-2c5f-4260-a6fd-34ffe36a2086] Created FlowFile[1,94823644236410.mockFlowFile,17B] from FlowFile[0,94823644236410.mockFlowFile,26B]; routing to relationship matched
[pool-2310-thread-1] INFO org.apache.nifi.processors.standard.RouteText - RouteText[id=03972799-2c5f-4260-a6fd-34ffe36a2086] Routing FlowFile[0,94823644236410.mockFlowFile,26B] to original
]]></system-err>
  </testcase>
  <testcase name="testSimpleAnyEnds" classname="org.apache.nifi.processors.standard.TestRouteText" time="0.001">
    <system-err><![CDATA[[main] DEBUG org.apache.nifi.processors.standard.RouteText - RouteText[id=a470a9c7-c4dd-42c8-921e-ebd2635c8c63] Adding new dynamic property: PropertyDescriptor[simple]
[main] DEBUG org.apache.nifi.processors.standard.RouteText - RouteText[id=a470a9c7-c4dd-42c8-921e-ebd2635c8c63] Adding new dynamic property: PropertyDescriptor[no]
[pool-2311-thread-1] INFO org.apache.nifi.processors.standard.RouteText - RouteText[id=a470a9c7-c4dd-42c8-921e-ebd2635c8c63] Created FlowFile[2,94823645426782.mockFlowFile,9B] from FlowFile[0,94823645426782.mockFlowFile,26B]; routing to relationship unmatched
[pool-2311-thread-1] INFO org.apache.nifi.processors.standard.RouteText - RouteText[id=a470a9c7-c4dd-42c8-921e-ebd2635c8c63] Created FlowFile[1,94823645426782.mockFlowFile,17B] from FlowFile[0,94823645426782.mockFlowFile,26B]; routing to relationship matched
[pool-2311-thread-1] INFO org.apache.nifi.processors.standard.RouteText - RouteText[id=a470a9c7-c4dd-42c8-921e-ebd2635c8c63] Routing FlowFile[0,94823645426782.mockFlowFile,26B] to original
]]></system-err>
  </testcase>
  <testcase name="testSimpleCaseInsensitiveStartsMatch" classname="org.apache.nifi.processors.standard.TestRouteText" time="0.001">
    <system-err><![CDATA[[main] DEBUG org.apache.nifi.processors.standard.RouteText - RouteText[id=ff50c336-c6e3-4bd0-a211-b13959247986] Adding new dynamic property: PropertyDescriptor[simple]
[pool-2312-thread-1] INFO org.apache.nifi.processors.standard.RouteText - RouteText[id=ff50c336-c6e3-4bd0-a211-b13959247986] Created FlowFile[1,94823646436443.mockFlowFile,33B] from FlowFile[0,94823646436443.mockFlowFile,33B]; routing to relationship simple
[pool-2312-thread-1] INFO org.apache.nifi.processors.standard.RouteText - RouteText[id=ff50c336-c6e3-4bd0-a211-b13959247986] Routing FlowFile[0,94823646436443.mockFlowFile,33B] to original
]]></system-err>
  </testcase>
  <testcase name="testMultipleGroupsSameRelationship" classname="org.apache.nifi.processors.standard.TestRouteText" time="0.001">
    <system-err><![CDATA[[main] DEBUG org.apache.nifi.processors.standard.RouteText - RouteText[id=d9725583-13ff-4dcd-896d-8b15ff641c52] Adding new dynamic property: PropertyDescriptor[o]
[pool-2313-thread-1] INFO org.apache.nifi.processors.standard.RouteText - RouteText[id=d9725583-13ff-4dcd-896d-8b15ff641c52] Created FlowFile[2,94823647298631.mockFlowFile,10B] from FlowFile[0,94823647298631.mockFlowFile,42B]; routing to relationship o
[pool-2313-thread-1] INFO org.apache.nifi.processors.standard.RouteText - RouteText[id=d9725583-13ff-4dcd-896d-8b15ff641c52] Created FlowFile[1,94823647298631.mockFlowFile,19B] from FlowFile[0,94823647298631.mockFlowFile,42B]; routing to relationship o
[pool-2313-thread-1] INFO org.apache.nifi.processors.standard.RouteText - RouteText[id=d9725583-13ff-4dcd-896d-8b15ff641c52] Created FlowFile[3,94823647298631.mockFlowFile,13B] from FlowFile[0,94823647298631.mockFlowFile,42B]; routing to relationship o
[pool-2313-thread-1] INFO org.apache.nifi.processors.standard.RouteText - RouteText[id=d9725583-13ff-4dcd-896d-8b15ff641c52] Routing FlowFile[0,94823647298631.mockFlowFile,42B] to original
]]></system-err>
  </testcase>
  <testcase name="testSimpleAnyEquals" classname="org.apache.nifi.processors.standard.TestRouteText" time="0.001">
    <system-err><![CDATA[[main] DEBUG org.apache.nifi.processors.standard.RouteText - RouteText[id=ac02a51b-ac33-4644-94a9-a41a6673389f] Adding new dynamic property: PropertyDescriptor[simple]
[main] DEBUG org.apache.nifi.processors.standard.RouteText - RouteText[id=ac02a51b-ac33-4644-94a9-a41a6673389f] Adding new dynamic property: PropertyDescriptor[no]
[pool-2314-thread-1] INFO org.apache.nifi.processors.standard.RouteText - RouteText[id=ac02a51b-ac33-4644-94a9-a41a6673389f] Created FlowFile[2,94823648627613.mockFlowFile,9B] from FlowFile[0,94823648627613.mockFlowFile,26B]; routing to relationship unmatched
[pool-2314-thread-1] INFO org.apache.nifi.processors.standard.RouteText - RouteText[id=ac02a51b-ac33-4644-94a9-a41a6673389f] Created FlowFile[1,94823648627613.mockFlowFile,17B] from FlowFile[0,94823648627613.mockFlowFile,26B]; routing to relationship matched
[pool-2314-thread-1] INFO org.apache.nifi.processors.standard.RouteText - RouteText[id=ac02a51b-ac33-4644-94a9-a41a6673389f] Routing FlowFile[0,94823648627613.mockFlowFile,26B] to original
]]></system-err>
  </testcase>
  <testcase name="testSimpleAnyStarts" classname="org.apache.nifi.processors.standard.TestRouteText" time="0.001">
    <system-err><![CDATA[[main] DEBUG org.apache.nifi.processors.standard.RouteText - RouteText[id=12586731-18bf-4be9-9237-556729d003c3] Adding new dynamic property: PropertyDescriptor[simple]
[main] DEBUG org.apache.nifi.processors.standard.RouteText - RouteText[id=12586731-18bf-4be9-9237-556729d003c3] Adding new dynamic property: PropertyDescriptor[no]
[pool-2315-thread-1] INFO org.apache.nifi.processors.standard.RouteText - RouteText[id=12586731-18bf-4be9-9237-556729d003c3] Created FlowFile[2,94823649641595.mockFlowFile,9B] from FlowFile[0,94823649641595.mockFlowFile,26B]; routing to relationship unmatched
[pool-2315-thread-1] INFO org.apache.nifi.processors.standard.RouteText - RouteText[id=12586731-18bf-4be9-9237-556729d003c3] Created FlowFile[1,94823649641595.mockFlowFile,17B] from FlowFile[0,94823649641595.mockFlowFile,26B]; routing to relationship matched
[pool-2315-thread-1] INFO org.apache.nifi.processors.standard.RouteText - RouteText[id=12586731-18bf-4be9-9237-556729d003c3] Routing FlowFile[0,94823649641595.mockFlowFile,26B] to original
]]></system-err>
  </testcase>
  <testcase name="testGroupDifferentRelationships" classname="org.apache.nifi.processors.standard.TestRouteText" time="0.001">
    <system-err><![CDATA[[main] DEBUG org.apache.nifi.processors.standard.RouteText - RouteText[id=d9cb9634-6c60-45ad-b00a-8076bce5648b] Adding new dynamic property: PropertyDescriptor[l]
[pool-2316-thread-1] INFO org.apache.nifi.processors.standard.RouteText - RouteText[id=d9cb9634-6c60-45ad-b00a-8076bce5648b] Created FlowFile[2,94823650825620.mockFlowFile,8B] from FlowFile[0,94823650825620.mockFlowFile,33B]; routing to relationship l
[pool-2316-thread-1] INFO org.apache.nifi.processors.standard.RouteText - RouteText[id=d9cb9634-6c60-45ad-b00a-8076bce5648b] Created FlowFile[1,94823650825620.mockFlowFile,8B] from FlowFile[0,94823650825620.mockFlowFile,33B]; routing to relationship l
[pool-2316-thread-1] INFO org.apache.nifi.processors.standard.RouteText - RouteText[id=d9cb9634-6c60-45ad-b00a-8076bce5648b] Created FlowFile[4,94823650825620.mockFlowFile,6B] from FlowFile[0,94823650825620.mockFlowFile,33B]; routing to relationship unmatched
[pool-2316-thread-1] INFO org.apache.nifi.processors.standard.RouteText - RouteText[id=d9cb9634-6c60-45ad-b00a-8076bce5648b] Created FlowFile[3,94823650825620.mockFlowFile,11B] from FlowFile[0,94823650825620.mockFlowFile,33B]; routing to relationship unmatched
[pool-2316-thread-1] INFO org.apache.nifi.processors.standard.RouteText - RouteText[id=d9cb9634-6c60-45ad-b00a-8076bce5648b] Routing FlowFile[0,94823650825620.mockFlowFile,33B] to original
]]></system-err>
  </testcase>
  <testcase name="testGroupSameRelationship" classname="org.apache.nifi.processors.standard.TestRouteText" time="0.001">
    <system-err><![CDATA[[main] DEBUG org.apache.nifi.processors.standard.RouteText - RouteText[id=205c4d68-6b79-46db-97d7-028c5cd3d296] Adding new dynamic property: PropertyDescriptor[o]
[pool-2317-thread-1] INFO org.apache.nifi.processors.standard.RouteText - RouteText[id=205c4d68-6b79-46db-97d7-028c5cd3d296] Created FlowFile[2,94823651991014.mockFlowFile,8B] from FlowFile[0,94823651991014.mockFlowFile,26B]; routing to relationship o
[pool-2317-thread-1] INFO org.apache.nifi.processors.standard.RouteText - RouteText[id=205c4d68-6b79-46db-97d7-028c5cd3d296] Created FlowFile[1,94823651991014.mockFlowFile,18B] from FlowFile[0,94823651991014.mockFlowFile,26B]; routing to relationship o
[pool-2317-thread-1] INFO org.apache.nifi.processors.standard.RouteText - RouteText[id=205c4d68-6b79-46db-97d7-028c5cd3d296] Routing FlowFile[0,94823651991014.mockFlowFile,26B] to original
]]></system-err>
  </testcase>
  <testcase name="testSimpleDefaultEquals" classname="org.apache.nifi.processors.standard.TestRouteText" time="0.001">
    <system-err><![CDATA[[main] DEBUG org.apache.nifi.processors.standard.RouteText - RouteText[id=79c951fc-65bd-45ec-9c91-884a87dff397] Adding new dynamic property: PropertyDescriptor[simple]
[pool-2318-thread-1] INFO org.apache.nifi.processors.standard.RouteText - RouteText[id=79c951fc-65bd-45ec-9c91-884a87dff397] Created FlowFile[1,94823652827985.mockFlowFile,17B] from FlowFile[0,94823652827985.mockFlowFile,26B]; routing to relationship simple
[pool-2318-thread-1] INFO org.apache.nifi.processors.standard.RouteText - RouteText[id=79c951fc-65bd-45ec-9c91-884a87dff397] Created FlowFile[2,94823652827985.mockFlowFile,9B] from FlowFile[0,94823652827985.mockFlowFile,26B]; routing to relationship unmatched
[pool-2318-thread-1] INFO org.apache.nifi.processors.standard.RouteText - RouteText[id=79c951fc-65bd-45ec-9c91-884a87dff397] Routing FlowFile[0,94823652827985.mockFlowFile,26B] to original
]]></system-err>
  </testcase>
  <testcase name="testSimpleDefaultEnd" classname="org.apache.nifi.processors.standard.TestRouteText" time="0.001">
    <system-err><![CDATA[[main] DEBUG org.apache.nifi.processors.standard.RouteText - RouteText[id=73723f36-29af-473e-923b-e38772ac043c] Adding new dynamic property: PropertyDescriptor[simple]
[pool-2319-thread-1] INFO org.apache.nifi.processors.standard.RouteText - RouteText[id=73723f36-29af-473e-923b-e38772ac043c] Created FlowFile[1,94823653526097.mockFlowFile,17B] from FlowFile[0,94823653526097.mockFlowFile,26B]; routing to relationship simple
[pool-2319-thread-1] INFO org.apache.nifi.processors.standard.RouteText - RouteText[id=73723f36-29af-473e-923b-e38772ac043c] Created FlowFile[2,94823653526097.mockFlowFile,9B] from FlowFile[0,94823653526097.mockFlowFile,26B]; routing to relationship unmatched
[pool-2319-thread-1] INFO org.apache.nifi.processors.standard.RouteText - RouteText[id=73723f36-29af-473e-923b-e38772ac043c] Routing FlowFile[0,94823653526097.mockFlowFile,26B] to original
]]></system-err>
  </testcase>
  <testcase name="testSimpleDefaultStarts" classname="org.apache.nifi.processors.standard.TestRouteText" time="0">
    <system-err><![CDATA[[main] DEBUG org.apache.nifi.processors.standard.RouteText - RouteText[id=311510aa-71a3-4889-b345-a5b312c10638] Adding new dynamic property: PropertyDescriptor[simple]
[pool-2320-thread-1] INFO org.apache.nifi.processors.standard.RouteText - RouteText[id=311510aa-71a3-4889-b345-a5b312c10638] Created FlowFile[1,94823654183082.mockFlowFile,17B] from FlowFile[0,94823654183082.mockFlowFile,26B]; routing to relationship simple
[pool-2320-thread-1] INFO org.apache.nifi.processors.standard.RouteText - RouteText[id=311510aa-71a3-4889-b345-a5b312c10638] Created FlowFile[2,94823654183082.mockFlowFile,9B] from FlowFile[0,94823654183082.mockFlowFile,26B]; routing to relationship unmatched
[pool-2320-thread-1] INFO org.apache.nifi.processors.standard.RouteText - RouteText[id=311510aa-71a3-4889-b345-a5b312c10638] Routing FlowFile[0,94823654183082.mockFlowFile,26B] to original
]]></system-err>
  </testcase>
  <testcase name="testSimpleAnyContainRegularExpression" classname="org.apache.nifi.processors.standard.TestRouteText" time="0.001">
    <system-err><![CDATA[[main] DEBUG org.apache.nifi.processors.standard.RouteText - RouteText[id=4ccef160-6cb1-4362-accb-15d4fa732008] Adding new dynamic property: PropertyDescriptor[simple]
[main] DEBUG org.apache.nifi.processors.standard.RouteText - RouteText[id=4ccef160-6cb1-4362-accb-15d4fa732008] Adding new dynamic property: PropertyDescriptor[no]
[pool-2321-thread-1] INFO org.apache.nifi.processors.standard.RouteText - RouteText[id=4ccef160-6cb1-4362-accb-15d4fa732008] Created FlowFile[2,94823654900919.mockFlowFile,9B] from FlowFile[0,94823654900919.mockFlowFile,26B]; routing to relationship unmatched
[pool-2321-thread-1] INFO org.apache.nifi.processors.standard.RouteText - RouteText[id=4ccef160-6cb1-4362-accb-15d4fa732008] Created FlowFile[1,94823654900919.mockFlowFile,17B] from FlowFile[0,94823654900919.mockFlowFile,26B]; routing to relationship matched
[pool-2321-thread-1] INFO org.apache.nifi.processors.standard.RouteText - RouteText[id=4ccef160-6cb1-4362-accb-15d4fa732008] Routing FlowFile[0,94823654900919.mockFlowFile,26B] to original
]]></system-err>
  </testcase>
  <testcase name="testSimpleCaseSensitiveStartsMatch" classname="org.apache.nifi.processors.standard.TestRouteText" time="0.001">
    <system-err><![CDATA[[main] DEBUG org.apache.nifi.processors.standard.RouteText - RouteText[id=99149c1b-6db9-46e5-a3f3-4d17f89f72c6] Adding new dynamic property: PropertyDescriptor[simple]
[pool-2322-thread-1] INFO org.apache.nifi.processors.standard.RouteText - RouteText[id=99149c1b-6db9-46e5-a3f3-4d17f89f72c6] Created FlowFile[2,94823656040737.mockFlowFile,16B] from FlowFile[0,94823656040737.mockFlowFile,33B]; routing to relationship simple
[pool-2322-thread-1] INFO org.apache.nifi.processors.standard.RouteText - RouteText[id=99149c1b-6db9-46e5-a3f3-4d17f89f72c6] Created FlowFile[1,94823656040737.mockFlowFile,17B] from FlowFile[0,94823656040737.mockFlowFile,33B]; routing to relationship unmatched
[pool-2322-thread-1] INFO org.apache.nifi.processors.standard.RouteText - RouteText[id=99149c1b-6db9-46e5-a3f3-4d17f89f72c6] Routing FlowFile[0,94823656040737.mockFlowFile,33B] to original
]]></system-err>
  </testcase>
  <testcase name="testPatternCache" classname="org.apache.nifi.processors.standard.TestRouteText" time="1.068">
    <system-err><![CDATA[[main] DEBUG org.apache.nifi.processors.standard.RouteText - RouteText[id=7eed8dc2-ebc4-49da-951a-9990a8cef519] Adding new dynamic property: PropertyDescriptor[simple]
[pool-2323-thread-1] INFO org.apache.nifi.processors.standard.RouteText - RouteText[id=7eed8dc2-ebc4-49da-951a-9990a8cef519] Created FlowFile[2,94823656909617.mockFlowFile,9B] from FlowFile[0,94823656909617.mockFlowFile,9B]; routing to relationship unmatched
[pool-2323-thread-1] INFO org.apache.nifi.processors.standard.RouteText - RouteText[id=7eed8dc2-ebc4-49da-951a-9990a8cef519] Routing FlowFile[0,94823656909617.mockFlowFile,9B] to original
[pool-2323-thread-1] INFO org.apache.nifi.processors.standard.RouteText - RouteText[id=7eed8dc2-ebc4-49da-951a-9990a8cef519] Created FlowFile[3,94823656942737.mockFlowFile,15B] from FlowFile[1,94823656942737.mockFlowFile,15B]; routing to relationship unmatched
[pool-2323-thread-1] INFO org.apache.nifi.processors.standard.RouteText - RouteText[id=7eed8dc2-ebc4-49da-951a-9990a8cef519] Routing FlowFile[1,94823656942737.mockFlowFile,15B] to original
[main] DEBUG org.apache.nifi.processors.standard.RouteText - RouteText[id=7eed8dc2-ebc4-49da-951a-9990a8cef519] Adding new dynamic property: PropertyDescriptor[simple]
[pool-2324-thread-1] INFO org.apache.nifi.processors.standard.RouteText - RouteText[id=7eed8dc2-ebc4-49da-951a-9990a8cef519] Created FlowFile[5,94823658543426.mockFlowFile,21B] from FlowFile[4,94823658543426.mockFlowFile,21B]; routing to relationship simple
[pool-2324-thread-1] INFO org.apache.nifi.processors.standard.RouteText - RouteText[id=7eed8dc2-ebc4-49da-951a-9990a8cef519] Routing FlowFile[4,94823658543426.mockFlowFile,21B] to original
[main] DEBUG org.apache.nifi.processors.standard.RouteText - RouteText[id=7eed8dc2-ebc4-49da-951a-9990a8cef519] Adding new dynamic property: PropertyDescriptor[simple]
[pool-2325-thread-1] INFO org.apache.nifi.processors.standard.RouteText - RouteText[id=7eed8dc2-ebc4-49da-951a-9990a8cef519] Created FlowFile[7,94823659140161.mockFlowFile,21B] from FlowFile[6,94823659140161.mockFlowFile,21B]; routing to relationship simple
[pool-2325-thread-1] INFO org.apache.nifi.processors.standard.RouteText - RouteText[id=7eed8dc2-ebc4-49da-951a-9990a8cef519] Routing FlowFile[6,94823659140161.mockFlowFile,21B] to original
[main] DEBUG org.apache.nifi.processors.standard.RouteText - RouteText[id=7eed8dc2-ebc4-49da-951a-9990a8cef519] Adding new dynamic property: PropertyDescriptor[simple]
[pool-2326-thread-1] INFO org.apache.nifi.processors.standard.RouteText - RouteText[id=7eed8dc2-ebc4-49da-951a-9990a8cef519] Created FlowFile[9,94823659709600.mockFlowFile,21B] from FlowFile[8,94823659709600.mockFlowFile,21B]; routing to relationship simple
[pool-2326-thread-1] INFO org.apache.nifi.processors.standard.RouteText - RouteText[id=7eed8dc2-ebc4-49da-951a-9990a8cef519] Routing FlowFile[8,94823659709600.mockFlowFile,21B] to original
[main] DEBUG org.apache.nifi.processors.standard.RouteText - RouteText[id=7eed8dc2-ebc4-49da-951a-9990a8cef519] Adding new dynamic property: PropertyDescriptor[simple]
[pool-2327-thread-1] INFO org.apache.nifi.processors.standard.RouteText - RouteText[id=7eed8dc2-ebc4-49da-951a-9990a8cef519] Created FlowFile[11,94823660376568.mockFlowFile,21B] from FlowFile[10,94823660376568.mockFlowFile,21B]; routing to relationship simple
[pool-2327-thread-1] INFO org.apache.nifi.processors.standard.RouteText - RouteText[id=7eed8dc2-ebc4-49da-951a-9990a8cef519] Routing FlowFile[10,94823660376568.mockFlowFile,21B] to original
[main] DEBUG org.apache.nifi.processors.standard.RouteText - RouteText[id=7eed8dc2-ebc4-49da-951a-9990a8cef519] Adding new dynamic property: PropertyDescriptor[simple]
[pool-2328-thread-1] INFO org.apache.nifi.processors.standard.RouteText - RouteText[id=7eed8dc2-ebc4-49da-951a-9990a8cef519] Created FlowFile[13,94823661074691.mockFlowFile,21B] from FlowFile[12,94823661074691.mockFlowFile,21B]; routing to relationship simple
[pool-2328-thread-1] INFO org.apache.nifi.processors.standard.RouteText - RouteText[id=7eed8dc2-ebc4-49da-951a-9990a8cef519] Routing FlowFile[12,94823661074691.mockFlowFile,21B] to original
[main] DEBUG org.apache.nifi.processors.standard.RouteText - RouteText[id=7eed8dc2-ebc4-49da-951a-9990a8cef519] Adding new dynamic property: PropertyDescriptor[simple]
[pool-2329-thread-1] INFO org.apache.nifi.processors.standard.RouteText - RouteText[id=7eed8dc2-ebc4-49da-951a-9990a8cef519] Created FlowFile[15,94823661743332.mockFlowFile,21B] from FlowFile[14,94823661743332.mockFlowFile,21B]; routing to relationship simple
[pool-2329-thread-1] INFO org.apache.nifi.processors.standard.RouteText - RouteText[id=7eed8dc2-ebc4-49da-951a-9990a8cef519] Routing FlowFile[14,94823661743332.mockFlowFile,21B] to original
[main] DEBUG org.apache.nifi.processors.standard.RouteText - RouteText[id=7eed8dc2-ebc4-49da-951a-9990a8cef519] Adding new dynamic property: PropertyDescriptor[simple]
[pool-2330-thread-1] INFO org.apache.nifi.processors.standard.RouteText - RouteText[id=7eed8dc2-ebc4-49da-951a-9990a8cef519] Created FlowFile[17,94823662203684.mockFlowFile,21B] from FlowFile[16,94823662203684.mockFlowFile,21B]; routing to relationship simple
[pool-2330-thread-1] INFO org.apache.nifi.processors.standard.RouteText - RouteText[id=7eed8dc2-ebc4-49da-951a-9990a8cef519] Routing FlowFile[16,94823662203684.mockFlowFile,21B] to original
[main] DEBUG org.apache.nifi.processors.standard.RouteText - RouteText[id=7eed8dc2-ebc4-49da-951a-9990a8cef519] Adding new dynamic property: PropertyDescriptor[simple]
[pool-2331-thread-1] INFO org.apache.nifi.processors.standard.RouteText - RouteText[id=7eed8dc2-ebc4-49da-951a-9990a8cef519] Created FlowFile[19,94823662820984.mockFlowFile,21B] from FlowFile[18,94823662820984.mockFlowFile,21B]; routing to relationship simple
[pool-2331-thread-1] INFO org.apache.nifi.processors.standard.RouteText - RouteText[id=7eed8dc2-ebc4-49da-951a-9990a8cef519] Routing FlowFile[18,94823662820984.mockFlowFile,21B] to original
[main] DEBUG org.apache.nifi.processors.standard.RouteText - RouteText[id=7eed8dc2-ebc4-49da-951a-9990a8cef519] Adding new dynamic property: PropertyDescriptor[simple]
[pool-2332-thread-1] INFO org.apache.nifi.processors.standard.RouteText - RouteText[id=7eed8dc2-ebc4-49da-951a-9990a8cef519] Created FlowFile[21,94823663408872.mockFlowFile,21B] from FlowFile[20,94823663408872.mockFlowFile,21B]; routing to relationship simple
[pool-2332-thread-1] INFO org.apache.nifi.processors.standard.RouteText - RouteText[id=7eed8dc2-ebc4-49da-951a-9990a8cef519] Routing FlowFile[20,94823663408872.mockFlowFile,21B] to original
[main] DEBUG org.apache.nifi.processors.standard.RouteText - RouteText[id=7eed8dc2-ebc4-49da-951a-9990a8cef519] Adding new dynamic property: PropertyDescriptor[simple]
[pool-2333-thread-1] INFO org.apache.nifi.processors.standard.RouteText - RouteText[id=7eed8dc2-ebc4-49da-951a-9990a8cef519] Created FlowFile[23,94823664114725.mockFlowFile,21B] from FlowFile[22,94823664114725.mockFlowFile,21B]; routing to relationship simple
[pool-2333-thread-1] INFO org.apache.nifi.processors.standard.RouteText - RouteText[id=7eed8dc2-ebc4-49da-951a-9990a8cef519] Routing FlowFile[22,94823664114725.mockFlowFile,21B] to original
[main] DEBUG org.apache.nifi.processors.standard.RouteText - RouteText[id=7eed8dc2-ebc4-49da-951a-9990a8cef519] Adding new dynamic property: PropertyDescriptor[simple]
[pool-2334-thread-1] INFO org.apache.nifi.processors.standard.RouteText - RouteText[id=7eed8dc2-ebc4-49da-951a-9990a8cef519] Created FlowFile[25,94823664756635.mockFlowFile,22B] from FlowFile[24,94823664756635.mockFlowFile,22B]; routing to relationship simple
[pool-2334-thread-1] INFO org.apache.nifi.processors.standard.RouteText - RouteText[id=7eed8dc2-ebc4-49da-951a-9990a8cef519] Routing FlowFile[24,94823664756635.mockFlowFile,22B] to original
[main] DEBUG org.apache.nifi.processors.standard.RouteText - RouteText[id=7eed8dc2-ebc4-49da-951a-9990a8cef519] Adding new dynamic property: PropertyDescriptor[simple]
[pool-2335-thread-1] INFO org.apache.nifi.processors.standard.RouteText - RouteText[id=7eed8dc2-ebc4-49da-951a-9990a8cef519] Created FlowFile[27,94823665448254.mockFlowFile,22B] from FlowFile[26,94823665448254.mockFlowFile,22B]; routing to relationship simple
[pool-2335-thread-1] INFO org.apache.nifi.processors.standard.RouteText - RouteText[id=7eed8dc2-ebc4-49da-951a-9990a8cef519] Routing FlowFile[26,94823665448254.mockFlowFile,22B] to original
[main] DEBUG org.apache.nifi.processors.standard.RouteText - RouteText[id=7eed8dc2-ebc4-49da-951a-9990a8cef519] Adding new dynamic property: PropertyDescriptor[simple]
[pool-2336-thread-1] INFO org.apache.nifi.processors.standard.RouteText - RouteText[id=7eed8dc2-ebc4-49da-951a-9990a8cef519] Created FlowFile[29,94823666154141.mockFlowFile,22B] from FlowFile[28,94823666154141.mockFlowFile,22B]; routing to relationship simple
[pool-2336-thread-1] INFO org.apache.nifi.processors.standard.RouteText - RouteText[id=7eed8dc2-ebc4-49da-951a-9990a8cef519] Routing FlowFile[28,94823666154141.mockFlowFile,22B] to original
[main] DEBUG org.apache.nifi.processors.standard.RouteText - RouteText[id=7eed8dc2-ebc4-49da-951a-9990a8cef519] Adding new dynamic property: PropertyDescriptor[simple]
[pool-2337-thread-1] INFO org.apache.nifi.processors.standard.RouteText - RouteText[id=7eed8dc2-ebc4-49da-951a-9990a8cef519] Created FlowFile[31,94823666903017.mockFlowFile,22B] from FlowFile[30,94823666903017.mockFlowFile,22B]; routing to relationship simple
[pool-2337-thread-1] INFO org.apache.nifi.processors.standard.RouteText - RouteText[id=7eed8dc2-ebc4-49da-951a-9990a8cef519] Routing FlowFile[30,94823666903017.mockFlowFile,22B] to original
[main] DEBUG org.apache.nifi.processors.standard.RouteText - RouteText[id=7eed8dc2-ebc4-49da-951a-9990a8cef519] Adding new dynamic property: PropertyDescriptor[simple]
[pool-2338-thread-1] INFO org.apache.nifi.processors.standard.RouteText - RouteText[id=7eed8dc2-ebc4-49da-951a-9990a8cef519] Created FlowFile[33,94823667553888.mockFlowFile,22B] from FlowFile[32,94823667553888.mockFlowFile,22B]; routing to relationship simple
[pool-2338-thread-1] INFO org.apache.nifi.processors.standard.RouteText - RouteText[id=7eed8dc2-ebc4-49da-951a-9990a8cef519] Routing FlowFile[32,94823667553888.mockFlowFile,22B] to original
[main] DEBUG org.apache.nifi.processors.standard.RouteText - RouteText[id=7eed8dc2-ebc4-49da-951a-9990a8cef519] Adding new dynamic property: PropertyDescriptor[simple]
[pool-2339-thread-1] INFO org.apache.nifi.processors.standard.RouteText - RouteText[id=7eed8dc2-ebc4-49da-951a-9990a8cef519] Created FlowFile[35,94823668292911.mockFlowFile,22B] from FlowFile[34,94823668292911.mockFlowFile,22B]; routing to relationship simple
[pool-2339-thread-1] INFO org.apache.nifi.processors.standard.RouteText - RouteText[id=7eed8dc2-ebc4-49da-951a-9990a8cef519] Routing FlowFile[34,94823668292911.mockFlowFile,22B] to original
[main] DEBUG org.apache.nifi.processors.standard.RouteText - RouteText[id=7eed8dc2-ebc4-49da-951a-9990a8cef519] Adding new dynamic property: PropertyDescriptor[simple]
[pool-2340-thread-1] INFO org.apache.nifi.processors.standard.RouteText - RouteText[id=7eed8dc2-ebc4-49da-951a-9990a8cef519] Created FlowFile[37,94823668924835.mockFlowFile,22B] from FlowFile[36,94823668924835.mockFlowFile,22B]; routing to relationship simple
[pool-2340-thread-1] INFO org.apache.nifi.processors.standard.RouteText - RouteText[id=7eed8dc2-ebc4-49da-951a-9990a8cef519] Routing FlowFile[36,94823668924835.mockFlowFile,22B] to original
[main] DEBUG org.apache.nifi.processors.standard.RouteText - RouteText[id=7eed8dc2-ebc4-49da-951a-9990a8cef519] Adding new dynamic property: PropertyDescriptor[simple]
[pool-2341-thread-1] INFO org.apache.nifi.processors.standard.RouteText - RouteText[id=7eed8dc2-ebc4-49da-951a-9990a8cef519] Created FlowFile[39,94823669496194.mockFlowFile,22B] from FlowFile[38,94823669496194.mockFlowFile,22B]; routing to relationship simple
[pool-2341-thread-1] INFO org.apache.nifi.processors.standard.RouteText - RouteText[id=7eed8dc2-ebc4-49da-951a-9990a8cef519] Routing FlowFile[38,94823669496194.mockFlowFile,22B] to original
[main] DEBUG org.apache.nifi.processors.standard.RouteText - RouteText[id=7eed8dc2-ebc4-49da-951a-9990a8cef519] Adding new dynamic property: PropertyDescriptor[simple]
[pool-2342-thread-1] INFO org.apache.nifi.processors.standard.RouteText - RouteText[id=7eed8dc2-ebc4-49da-951a-9990a8cef519] Created FlowFile[41,94823670009020.mockFlowFile,22B] from FlowFile[40,94823670009020.mockFlowFile,22B]; routing to relationship simple
[pool-2342-thread-1] INFO org.apache.nifi.processors.standard.RouteText - RouteText[id=7eed8dc2-ebc4-49da-951a-9990a8cef519] Routing FlowFile[40,94823670009020.mockFlowFile,22B] to original
[main] DEBUG org.apache.nifi.processors.standard.RouteText - RouteText[id=7eed8dc2-ebc4-49da-951a-9990a8cef519] Adding new dynamic property: PropertyDescriptor[simple]
[pool-2343-thread-1] INFO org.apache.nifi.processors.standard.RouteText - RouteText[id=7eed8dc2-ebc4-49da-951a-9990a8cef519] Created FlowFile[43,94823670544623.mockFlowFile,22B] from FlowFile[42,94823670544623.mockFlowFile,22B]; routing to relationship simple
[pool-2343-thread-1] INFO org.apache.nifi.processors.standard.RouteText - RouteText[id=7eed8dc2-ebc4-49da-951a-9990a8cef519] Routing FlowFile[42,94823670544623.mockFlowFile,22B] to original
[main] DEBUG org.apache.nifi.processors.standard.RouteText - RouteText[id=7eed8dc2-ebc4-49da-951a-9990a8cef519] Adding new dynamic property: PropertyDescriptor[simple]
[pool-2344-thread-1] INFO org.apache.nifi.processors.standard.RouteText - RouteText[id=7eed8dc2-ebc4-49da-951a-9990a8cef519] Created FlowFile[45,94823670907356.mockFlowFile,22B] from FlowFile[44,94823670907356.mockFlowFile,22B]; routing to relationship simple
[pool-2344-thread-1] INFO org.apache.nifi.processors.standard.RouteText - RouteText[id=7eed8dc2-ebc4-49da-951a-9990a8cef519] Routing FlowFile[44,94823670907356.mockFlowFile,22B] to original
[main] DEBUG org.apache.nifi.processors.standard.RouteText - RouteText[id=7eed8dc2-ebc4-49da-951a-9990a8cef519] Adding new dynamic property: PropertyDescriptor[simple]
[pool-2345-thread-1] INFO org.apache.nifi.processors.standard.RouteText - RouteText[id=7eed8dc2-ebc4-49da-951a-9990a8cef519] Created FlowFile[47,94823671379755.mockFlowFile,22B] from FlowFile[46,94823671379755.mockFlowFile,22B]; routing to relationship simple
[pool-2345-thread-1] INFO org.apache.nifi.processors.standard.RouteText - RouteText[id=7eed8dc2-ebc4-49da-951a-9990a8cef519] Routing FlowFile[46,94823671379755.mockFlowFile,22B] to original
[main] DEBUG org.apache.nifi.processors.standard.RouteText - RouteText[id=7eed8dc2-ebc4-49da-951a-9990a8cef519] Adding new dynamic property: PropertyDescriptor[simple]
[pool-2346-thread-1] INFO org.apache.nifi.processors.standard.RouteText - RouteText[id=7eed8dc2-ebc4-49da-951a-9990a8cef519] Created FlowFile[49,94823671855325.mockFlowFile,22B] from FlowFile[48,94823671855325.mockFlowFile,22B]; routing to relationship simple
[pool-2346-thread-1] INFO org.apache.nifi.processors.standard.RouteText - RouteText[id=7eed8dc2-ebc4-49da-951a-9990a8cef519] Routing FlowFile[48,94823671855325.mockFlowFile,22B] to original
[main] DEBUG org.apache.nifi.processors.standard.RouteText - RouteText[id=7eed8dc2-ebc4-49da-951a-9990a8cef519] Adding new dynamic property: PropertyDescriptor[simple]
[pool-2347-thread-1] INFO org.apache.nifi.processors.standard.RouteText - RouteText[id=7eed8dc2-ebc4-49da-951a-9990a8cef519] Created FlowFile[51,94823672431768.mockFlowFile,22B] from FlowFile[50,94823672431768.mockFlowFile,22B]; routing to relationship simple
[pool-2347-thread-1] INFO org.apache.nifi.processors.standard.RouteText - RouteText[id=7eed8dc2-ebc4-49da-951a-9990a8cef519] Routing FlowFile[50,94823672431768.mockFlowFile,22B] to original
[main] DEBUG org.apache.nifi.processors.standard.RouteText - RouteText[id=7eed8dc2-ebc4-49da-951a-9990a8cef519] Adding new dynamic property: PropertyDescriptor[simple]
[pool-2348-thread-1] INFO org.apache.nifi.processors.standard.RouteText - RouteText[id=7eed8dc2-ebc4-49da-951a-9990a8cef519] Created FlowFile[53,94823673096640.mockFlowFile,22B] from FlowFile[52,94823673096640.mockFlowFile,22B]; routing to relationship simple
[pool-2348-thread-1] INFO org.apache.nifi.processors.standard.RouteText - RouteText[id=7eed8dc2-ebc4-49da-951a-9990a8cef519] Routing FlowFile[52,94823673096640.mockFlowFile,22B] to original
[main] DEBUG org.apache.nifi.processors.standard.RouteText - RouteText[id=7eed8dc2-ebc4-49da-951a-9990a8cef519] Adding new dynamic property: PropertyDescriptor[simple]
[pool-2349-thread-1] INFO org.apache.nifi.processors.standard.RouteText - RouteText[id=7eed8dc2-ebc4-49da-951a-9990a8cef519] Created FlowFile[55,94823673774264.mockFlowFile,22B] from FlowFile[54,94823673774264.mockFlowFile,22B]; routing to relationship simple
[pool-2349-thread-1] INFO org.apache.nifi.processors.standard.RouteText - RouteText[id=7eed8dc2-ebc4-49da-951a-9990a8cef519] Routing FlowFile[54,94823673774264.mockFlowFile,22B] to original
[main] DEBUG org.apache.nifi.processors.standard.RouteText - RouteText[id=7eed8dc2-ebc4-49da-951a-9990a8cef519] Adding new dynamic property: PropertyDescriptor[simple]
[pool-2350-thread-1] INFO org.apache.nifi.processors.standard.RouteText - RouteText[id=7eed8dc2-ebc4-49da-951a-9990a8cef519] Created FlowFile[57,94823674377519.mockFlowFile,22B] from FlowFile[56,94823674377519.mockFlowFile,22B]; routing to relationship simple
[pool-2350-thread-1] INFO org.apache.nifi.processors.standard.RouteText - RouteText[id=7eed8dc2-ebc4-49da-951a-9990a8cef519] Routing FlowFile[56,94823674377519.mockFlowFile,22B] to original
[main] DEBUG org.apache.nifi.processors.standard.RouteText - RouteText[id=7eed8dc2-ebc4-49da-951a-9990a8cef519] Adding new dynamic property: PropertyDescriptor[simple]
[pool-2351-thread-1] INFO org.apache.nifi.processors.standard.RouteText - RouteText[id=7eed8dc2-ebc4-49da-951a-9990a8cef519] Created FlowFile[59,94823675091482.mockFlowFile,22B] from FlowFile[58,94823675091482.mockFlowFile,22B]; routing to relationship simple
[pool-2351-thread-1] INFO org.apache.nifi.processors.standard.RouteText - RouteText[id=7eed8dc2-ebc4-49da-951a-9990a8cef519] Routing FlowFile[58,94823675091482.mockFlowFile,22B] to original
[main] DEBUG org.apache.nifi.processors.standard.RouteText - RouteText[id=7eed8dc2-ebc4-49da-951a-9990a8cef519] Adding new dynamic property: PropertyDescriptor[simple]
[pool-2352-thread-1] INFO org.apache.nifi.processors.standard.RouteText - RouteText[id=7eed8dc2-ebc4-49da-951a-9990a8cef519] Created FlowFile[61,94823675711989.mockFlowFile,22B] from FlowFile[60,94823675711989.mockFlowFile,22B]; routing to relationship simple
[pool-2352-thread-1] INFO org.apache.nifi.processors.standard.RouteText - RouteText[id=7eed8dc2-ebc4-49da-951a-9990a8cef519] Routing FlowFile[60,94823675711989.mockFlowFile,22B] to original
[main] DEBUG org.apache.nifi.processors.standard.RouteText - RouteText[id=7eed8dc2-ebc4-49da-951a-9990a8cef519] Adding new dynamic property: PropertyDescriptor[simple]
[pool-2353-thread-1] INFO org.apache.nifi.processors.standard.RouteText - RouteText[id=7eed8dc2-ebc4-49da-951a-9990a8cef519] Created FlowFile[63,94823676291201.mockFlowFile,22B] from FlowFile[62,94823676291201.mockFlowFile,22B]; routing to relationship simple
[pool-2353-thread-1] INFO org.apache.nifi.processors.standard.RouteText - RouteText[id=7eed8dc2-ebc4-49da-951a-9990a8cef519] Routing FlowFile[62,94823676291201.mockFlowFile,22B] to original
[main] DEBUG org.apache.nifi.processors.standard.RouteText - RouteText[id=7eed8dc2-ebc4-49da-951a-9990a8cef519] Adding new dynamic property: PropertyDescriptor[simple]
[pool-2354-thread-1] INFO org.apache.nifi.processors.standard.RouteText - RouteText[id=7eed8dc2-ebc4-49da-951a-9990a8cef519] Created FlowFile[65,94823676771778.mockFlowFile,22B] from FlowFile[64,94823676771778.mockFlowFile,22B]; routing to relationship simple
[pool-2354-thread-1] INFO org.apache.nifi.processors.standard.RouteText - RouteText[id=7eed8dc2-ebc4-49da-951a-9990a8cef519] Routing FlowFile[64,94823676771778.mockFlowFile,22B] to original
[main] DEBUG org.apache.nifi.processors.standard.RouteText - RouteText[id=7eed8dc2-ebc4-49da-951a-9990a8cef519] Adding new dynamic property: PropertyDescriptor[simple]
[pool-2355-thread-1] INFO org.apache.nifi.processors.standard.RouteText - RouteText[id=7eed8dc2-ebc4-49da-951a-9990a8cef519] Created FlowFile[67,94823677283970.mockFlowFile,22B] from FlowFile[66,94823677283970.mockFlowFile,22B]; routing to relationship simple
[pool-2355-thread-1] INFO org.apache.nifi.processors.standard.RouteText - RouteText[id=7eed8dc2-ebc4-49da-951a-9990a8cef519] Routing FlowFile[66,94823677283970.mockFlowFile,22B] to original
[main] DEBUG org.apache.nifi.processors.standard.RouteText - RouteText[id=7eed8dc2-ebc4-49da-951a-9990a8cef519] Adding new dynamic property: PropertyDescriptor[simple]
[pool-2356-thread-1] INFO org.apache.nifi.processors.standard.RouteText - RouteText[id=7eed8dc2-ebc4-49da-951a-9990a8cef519] Created FlowFile[69,94823677786862.mockFlowFile,22B] from FlowFile[68,94823677786862.mockFlowFile,22B]; routing to relationship simple
[pool-2356-thread-1] INFO org.apache.nifi.processors.standard.RouteText - RouteText[id=7eed8dc2-ebc4-49da-951a-9990a8cef519] Routing FlowFile[68,94823677786862.mockFlowFile,22B] to original
[main] DEBUG org.apache.nifi.processors.standard.RouteText - RouteText[id=7eed8dc2-ebc4-49da-951a-9990a8cef519] Adding new dynamic property: PropertyDescriptor[simple]
[pool-2357-thread-1] INFO org.apache.nifi.processors.standard.RouteText - RouteText[id=7eed8dc2-ebc4-49da-951a-9990a8cef519] Created FlowFile[71,94823678383023.mockFlowFile,22B] from FlowFile[70,94823678383023.mockFlowFile,22B]; routing to relationship simple
[pool-2357-thread-1] INFO org.apache.nifi.processors.standard.RouteText - RouteText[id=7eed8dc2-ebc4-49da-951a-9990a8cef519] Routing FlowFile[70,94823678383023.mockFlowFile,22B] to original
[main] DEBUG org.apache.nifi.processors.standard.RouteText - RouteText[id=7eed8dc2-ebc4-49da-951a-9990a8cef519] Adding new dynamic property: PropertyDescriptor[simple]
[pool-2358-thread-1] INFO org.apache.nifi.processors.standard.RouteText - RouteText[id=7eed8dc2-ebc4-49da-951a-9990a8cef519] Created FlowFile[73,94823678948458.mockFlowFile,22B] from FlowFile[72,94823678948458.mockFlowFile,22B]; routing to relationship simple
[pool-2358-thread-1] INFO org.apache.nifi.processors.standard.RouteText - RouteText[id=7eed8dc2-ebc4-49da-951a-9990a8cef519] Routing FlowFile[72,94823678948458.mockFlowFile,22B] to original
[main] DEBUG org.apache.nifi.processors.standard.RouteText - RouteText[id=7eed8dc2-ebc4-49da-951a-9990a8cef519] Adding new dynamic property: PropertyDescriptor[simple]
[pool-2359-thread-1] INFO org.apache.nifi.processors.standard.RouteText - RouteText[id=7eed8dc2-ebc4-49da-951a-9990a8cef519] Created FlowFile[75,94823680028984.mockFlowFile,22B] from FlowFile[74,94823680028984.mockFlowFile,22B]; routing to relationship simple
[pool-2359-thread-1] INFO org.apache.nifi.processors.standard.RouteText - RouteText[id=7eed8dc2-ebc4-49da-951a-9990a8cef519] Routing FlowFile[74,94823680028984.mockFlowFile,22B] to original
[main] DEBUG org.apache.nifi.processors.standard.RouteText - RouteText[id=7eed8dc2-ebc4-49da-951a-9990a8cef519] Adding new dynamic property: PropertyDescriptor[simple]
[pool-2360-thread-1] INFO org.apache.nifi.processors.standard.RouteText - RouteText[id=7eed8dc2-ebc4-49da-951a-9990a8cef519] Created FlowFile[77,94823680621376.mockFlowFile,22B] from FlowFile[76,94823680621376.mockFlowFile,22B]; routing to relationship simple
[pool-2360-thread-1] INFO org.apache.nifi.processors.standard.RouteText - RouteText[id=7eed8dc2-ebc4-49da-951a-9990a8cef519] Routing FlowFile[76,94823680621376.mockFlowFile,22B] to original
[main] DEBUG org.apache.nifi.processors.standard.RouteText - RouteText[id=7eed8dc2-ebc4-49da-951a-9990a8cef519] Adding new dynamic property: PropertyDescriptor[simple]
[pool-2361-thread-1] INFO org.apache.nifi.processors.standard.RouteText - RouteText[id=7eed8dc2-ebc4-49da-951a-9990a8cef519] Created FlowFile[79,94823681095074.mockFlowFile,22B] from FlowFile[78,94823681095074.mockFlowFile,22B]; routing to relationship simple
[pool-2361-thread-1] INFO org.apache.nifi.processors.standard.RouteText - RouteText[id=7eed8dc2-ebc4-49da-951a-9990a8cef519] Routing FlowFile[78,94823681095074.mockFlowFile,22B] to original
[main] DEBUG org.apache.nifi.processors.standard.RouteText - RouteText[id=7eed8dc2-ebc4-49da-951a-9990a8cef519] Adding new dynamic property: PropertyDescriptor[simple]
[pool-2362-thread-1] INFO org.apache.nifi.processors.standard.RouteText - RouteText[id=7eed8dc2-ebc4-49da-951a-9990a8cef519] Created FlowFile[81,94823681566176.mockFlowFile,22B] from FlowFile[80,94823681566176.mockFlowFile,22B]; routing to relationship simple
[pool-2362-thread-1] INFO org.apache.nifi.processors.standard.RouteText - RouteText[id=7eed8dc2-ebc4-49da-951a-9990a8cef519] Routing FlowFile[80,94823681566176.mockFlowFile,22B] to original
[main] DEBUG org.apache.nifi.processors.standard.RouteText - RouteText[id=7eed8dc2-ebc4-49da-951a-9990a8cef519] Adding new dynamic property: PropertyDescriptor[simple]
[pool-2363-thread-1] INFO org.apache.nifi.processors.standard.RouteText - RouteText[id=7eed8dc2-ebc4-49da-951a-9990a8cef519] Created FlowFile[83,94823682121098.mockFlowFile,22B] from FlowFile[82,94823682121098.mockFlowFile,22B]; routing to relationship simple
[pool-2363-thread-1] INFO org.apache.nifi.processors.standard.RouteText - RouteText[id=7eed8dc2-ebc4-49da-951a-9990a8cef519] Routing FlowFile[82,94823682121098.mockFlowFile,22B] to original
[main] DEBUG org.apache.nifi.processors.standard.RouteText - RouteText[id=7eed8dc2-ebc4-49da-951a-9990a8cef519] Adding new dynamic property: PropertyDescriptor[simple]
[pool-2364-thread-1] INFO org.apache.nifi.processors.standard.RouteText - RouteText[id=7eed8dc2-ebc4-49da-951a-9990a8cef519] Created FlowFile[85,94823682698246.mockFlowFile,22B] from FlowFile[84,94823682698246.mockFlowFile,22B]; routing to relationship simple
[pool-2364-thread-1] INFO org.apache.nifi.processors.standard.RouteText - RouteText[id=7eed8dc2-ebc4-49da-951a-9990a8cef519] Routing FlowFile[84,94823682698246.mockFlowFile,22B] to original
[main] DEBUG org.apache.nifi.processors.standard.RouteText - RouteText[id=7eed8dc2-ebc4-49da-951a-9990a8cef519] Adding new dynamic property: PropertyDescriptor[simple]
[pool-2365-thread-1] INFO org.apache.nifi.processors.standard.RouteText - RouteText[id=7eed8dc2-ebc4-49da-951a-9990a8cef519] Created FlowFile[87,94823683331664.mockFlowFile,22B] from FlowFile[86,94823683331664.mockFlowFile,22B]; routing to relationship simple
[pool-2365-thread-1] INFO org.apache.nifi.processors.standard.RouteText - RouteText[id=7eed8dc2-ebc4-49da-951a-9990a8cef519] Routing FlowFile[86,94823683331664.mockFlowFile,22B] to original
[main] DEBUG org.apache.nifi.processors.standard.RouteText - RouteText[id=7eed8dc2-ebc4-49da-951a-9990a8cef519] Adding new dynamic property: PropertyDescriptor[simple]
[pool-2366-thread-1] INFO org.apache.nifi.processors.standard.RouteText - RouteText[id=7eed8dc2-ebc4-49da-951a-9990a8cef519] Created FlowFile[89,94823683937477.mockFlowFile,22B] from FlowFile[88,94823683937477.mockFlowFile,22B]; routing to relationship simple
[pool-2366-thread-1] INFO org.apache.nifi.processors.standard.RouteText - RouteText[id=7eed8dc2-ebc4-49da-951a-9990a8cef519] Routing FlowFile[88,94823683937477.mockFlowFile,22B] to original
[main] DEBUG org.apache.nifi.processors.standard.RouteText - RouteText[id=7eed8dc2-ebc4-49da-951a-9990a8cef519] Adding new dynamic property: PropertyDescriptor[simple]
[pool-2367-thread-1] INFO org.apache.nifi.processors.standard.RouteText - RouteText[id=7eed8dc2-ebc4-49da-951a-9990a8cef519] Created FlowFile[91,94823684639248.mockFlowFile,22B] from FlowFile[90,94823684639248.mockFlowFile,22B]; routing to relationship simple
[pool-2367-thread-1] INFO org.apache.nifi.processors.standard.RouteText - RouteText[id=7eed8dc2-ebc4-49da-951a-9990a8cef519] Routing FlowFile[90,94823684639248.mockFlowFile,22B] to original
[main] DEBUG org.apache.nifi.processors.standard.RouteText - RouteText[id=7eed8dc2-ebc4-49da-951a-9990a8cef519] Adding new dynamic property: PropertyDescriptor[simple]
[pool-2368-thread-1] INFO org.apache.nifi.processors.standard.RouteText - RouteText[id=7eed8dc2-ebc4-49da-951a-9990a8cef519] Created FlowFile[93,94823685323294.mockFlowFile,22B] from FlowFile[92,94823685323294.mockFlowFile,22B]; routing to relationship simple
[pool-2368-thread-1] INFO org.apache.nifi.processors.standard.RouteText - RouteText[id=7eed8dc2-ebc4-49da-951a-9990a8cef519] Routing FlowFile[92,94823685323294.mockFlowFile,22B] to original
[main] DEBUG org.apache.nifi.processors.standard.RouteText - RouteText[id=7eed8dc2-ebc4-49da-951a-9990a8cef519] Adding new dynamic property: PropertyDescriptor[simple]
[pool-2369-thread-1] INFO org.apache.nifi.processors.standard.RouteText - RouteText[id=7eed8dc2-ebc4-49da-951a-9990a8cef519] Created FlowFile[95,94823685932982.mockFlowFile,22B] from FlowFile[94,94823685932982.mockFlowFile,22B]; routing to relationship simple
[pool-2369-thread-1] INFO org.apache.nifi.processors.standard.RouteText - RouteText[id=7eed8dc2-ebc4-49da-951a-9990a8cef519] Routing FlowFile[94,94823685932982.mockFlowFile,22B] to original
[main] DEBUG org.apache.nifi.processors.standard.RouteText - RouteText[id=7eed8dc2-ebc4-49da-951a-9990a8cef519] Adding new dynamic property: PropertyDescriptor[simple]
[pool-2370-thread-1] INFO org.apache.nifi.processors.standard.RouteText - RouteText[id=7eed8dc2-ebc4-49da-951a-9990a8cef519] Created FlowFile[97,94823686552850.mockFlowFile,22B] from FlowFile[96,94823686552850.mockFlowFile,22B]; routing to relationship simple
[pool-2370-thread-1] INFO org.apache.nifi.processors.standard.RouteText - RouteText[id=7eed8dc2-ebc4-49da-951a-9990a8cef519] Routing FlowFile[96,94823686552850.mockFlowFile,22B] to original
[main] DEBUG org.apache.nifi.processors.standard.RouteText - RouteText[id=7eed8dc2-ebc4-49da-951a-9990a8cef519] Adding new dynamic property: PropertyDescriptor[simple]
[pool-2371-thread-1] INFO org.apache.nifi.processors.standard.RouteText - RouteText[id=7eed8dc2-ebc4-49da-951a-9990a8cef519] Created FlowFile[99,94823687054935.mockFlowFile,22B] from FlowFile[98,94823687054935.mockFlowFile,22B]; routing to relationship simple
[pool-2371-thread-1] INFO org.apache.nifi.processors.standard.RouteText - RouteText[id=7eed8dc2-ebc4-49da-951a-9990a8cef519] Routing FlowFile[98,94823687054935.mockFlowFile,22B] to original
[main] DEBUG org.apache.nifi.processors.standard.RouteText - RouteText[id=7eed8dc2-ebc4-49da-951a-9990a8cef519] Adding new dynamic property: PropertyDescriptor[simple]
[pool-2372-thread-1] INFO org.apache.nifi.processors.standard.RouteText - RouteText[id=7eed8dc2-ebc4-49da-951a-9990a8cef519] Created FlowFile[101,94823687842204.mockFlowFile,22B] from FlowFile[100,94823687842204.mockFlowFile,22B]; routing to relationship simple
[pool-2372-thread-1] INFO org.apache.nifi.processors.standard.RouteText - RouteText[id=7eed8dc2-ebc4-49da-951a-9990a8cef519] Routing FlowFile[100,94823687842204.mockFlowFile,22B] to original
[main] DEBUG org.apache.nifi.processors.standard.RouteText - RouteText[id=7eed8dc2-ebc4-49da-951a-9990a8cef519] Adding new dynamic property: PropertyDescriptor[simple]
[pool-2373-thread-1] INFO org.apache.nifi.processors.standard.RouteText - RouteText[id=7eed8dc2-ebc4-49da-951a-9990a8cef519] Created FlowFile[103,94823688530752.mockFlowFile,22B] from FlowFile[102,94823688530752.mockFlowFile,22B]; routing to relationship simple
[pool-2373-thread-1] INFO org.apache.nifi.processors.standard.RouteText - RouteText[id=7eed8dc2-ebc4-49da-951a-9990a8cef519] Routing FlowFile[102,94823688530752.mockFlowFile,22B] to original
[main] DEBUG org.apache.nifi.processors.standard.RouteText - RouteText[id=7eed8dc2-ebc4-49da-951a-9990a8cef519] Adding new dynamic property: PropertyDescriptor[simple]
[pool-2374-thread-1] INFO org.apache.nifi.processors.standard.RouteText - RouteText[id=7eed8dc2-ebc4-49da-951a-9990a8cef519] Created FlowFile[105,94823689217158.mockFlowFile,22B] from FlowFile[104,94823689217158.mockFlowFile,22B]; routing to relationship simple
[pool-2374-thread-1] INFO org.apache.nifi.processors.standard.RouteText - RouteText[id=7eed8dc2-ebc4-49da-951a-9990a8cef519] Routing FlowFile[104,94823689217158.mockFlowFile,22B] to original
[main] DEBUG org.apache.nifi.processors.standard.RouteText - RouteText[id=7eed8dc2-ebc4-49da-951a-9990a8cef519] Adding new dynamic property: PropertyDescriptor[simple]
[pool-2375-thread-1] INFO org.apache.nifi.processors.standard.RouteText - RouteText[id=7eed8dc2-ebc4-49da-951a-9990a8cef519] Created FlowFile[107,94823689804753.mockFlowFile,22B] from FlowFile[106,94823689804753.mockFlowFile,22B]; routing to relationship simple
[pool-2375-thread-1] INFO org.apache.nifi.processors.standard.RouteText - RouteText[id=7eed8dc2-ebc4-49da-951a-9990a8cef519] Routing FlowFile[106,94823689804753.mockFlowFile,22B] to original
[main] DEBUG org.apache.nifi.processors.standard.RouteText - RouteText[id=7eed8dc2-ebc4-49da-951a-9990a8cef519] Adding new dynamic property: PropertyDescriptor[simple]
[pool-2376-thread-1] INFO org.apache.nifi.processors.standard.RouteText - RouteText[id=7eed8dc2-ebc4-49da-951a-9990a8cef519] Created FlowFile[109,94823690340495.mockFlowFile,22B] from FlowFile[108,94823690340495.mockFlowFile,22B]; routing to relationship simple
[pool-2376-thread-1] INFO org.apache.nifi.processors.standard.RouteText - RouteText[id=7eed8dc2-ebc4-49da-951a-9990a8cef519] Routing FlowFile[108,94823690340495.mockFlowFile,22B] to original
[main] DEBUG org.apache.nifi.processors.standard.RouteText - RouteText[id=7eed8dc2-ebc4-49da-951a-9990a8cef519] Adding new dynamic property: PropertyDescriptor[simple]
[pool-2377-thread-1] INFO org.apache.nifi.processors.standard.RouteText - RouteText[id=7eed8dc2-ebc4-49da-951a-9990a8cef519] Created FlowFile[111,94823690797094.mockFlowFile,22B] from FlowFile[110,94823690797094.mockFlowFile,22B]; routing to relationship simple
[pool-2377-thread-1] INFO org.apache.nifi.processors.standard.RouteText - RouteText[id=7eed8dc2-ebc4-49da-951a-9990a8cef519] Routing FlowFile[110,94823690797094.mockFlowFile,22B] to original
[main] DEBUG org.apache.nifi.processors.standard.RouteText - RouteText[id=7eed8dc2-ebc4-49da-951a-9990a8cef519] Adding new dynamic property: PropertyDescriptor[simple]
[pool-2378-thread-1] INFO org.apache.nifi.processors.standard.RouteText - RouteText[id=7eed8dc2-ebc4-49da-951a-9990a8cef519] Created FlowFile[113,94823691450098.mockFlowFile,22B] from FlowFile[112,94823691450098.mockFlowFile,22B]; routing to relationship simple
[pool-2378-thread-1] INFO org.apache.nifi.processors.standard.RouteText - RouteText[id=7eed8dc2-ebc4-49da-951a-9990a8cef519] Routing FlowFile[112,94823691450098.mockFlowFile,22B] to original
[main] DEBUG org.apache.nifi.processors.standard.RouteText - RouteText[id=7eed8dc2-ebc4-49da-951a-9990a8cef519] Adding new dynamic property: PropertyDescriptor[simple]
[pool-2379-thread-1] INFO org.apache.nifi.processors.standard.RouteText - RouteText[id=7eed8dc2-ebc4-49da-951a-9990a8cef519] Created FlowFile[115,94823692026213.mockFlowFile,22B] from FlowFile[114,94823692026213.mockFlowFile,22B]; routing to relationship simple
[pool-2379-thread-1] INFO org.apache.nifi.processors.standard.RouteText - RouteText[id=7eed8dc2-ebc4-49da-951a-9990a8cef519] Routing FlowFile[114,94823692026213.mockFlowFile,22B] to original
[main] DEBUG org.apache.nifi.processors.standard.RouteText - RouteText[id=7eed8dc2-ebc4-49da-951a-9990a8cef519] Adding new dynamic property: PropertyDescriptor[simple]
[pool-2380-thread-1] INFO org.apache.nifi.processors.standard.RouteText - RouteText[id=7eed8dc2-ebc4-49da-951a-9990a8cef519] Created FlowFile[117,94823692604848.mockFlowFile,22B] from FlowFile[116,94823692604848.mockFlowFile,22B]; routing to relationship simple
[pool-2380-thread-1] INFO org.apache.nifi.processors.standard.RouteText - RouteText[id=7eed8dc2-ebc4-49da-951a-9990a8cef519] Routing FlowFile[116,94823692604848.mockFlowFile,22B] to original
[main] DEBUG org.apache.nifi.processors.standard.RouteText - RouteText[id=7eed8dc2-ebc4-49da-951a-9990a8cef519] Adding new dynamic property: PropertyDescriptor[simple]
[pool-2381-thread-1] INFO org.apache.nifi.processors.standard.RouteText - RouteText[id=7eed8dc2-ebc4-49da-951a-9990a8cef519] Created FlowFile[119,94823693097751.mockFlowFile,22B] from FlowFile[118,94823693097751.mockFlowFile,22B]; routing to relationship simple
[pool-2381-thread-1] INFO org.apache.nifi.processors.standard.RouteText - RouteText[id=7eed8dc2-ebc4-49da-951a-9990a8cef519] Routing FlowFile[118,94823693097751.mockFlowFile,22B] to original
[main] DEBUG org.apache.nifi.processors.standard.RouteText - RouteText[id=7eed8dc2-ebc4-49da-951a-9990a8cef519] Adding new dynamic property: PropertyDescriptor[simple]
[pool-2382-thread-1] INFO org.apache.nifi.processors.standard.RouteText - RouteText[id=7eed8dc2-ebc4-49da-951a-9990a8cef519] Created FlowFile[121,94823693697345.mockFlowFile,22B] from FlowFile[120,94823693697345.mockFlowFile,22B]; routing to relationship simple
[pool-2382-thread-1] INFO org.apache.nifi.processors.standard.RouteText - RouteText[id=7eed8dc2-ebc4-49da-951a-9990a8cef519] Routing FlowFile[120,94823693697345.mockFlowFile,22B] to original
[main] DEBUG org.apache.nifi.processors.standard.RouteText - RouteText[id=7eed8dc2-ebc4-49da-951a-9990a8cef519] Adding new dynamic property: PropertyDescriptor[simple]
[pool-2383-thread-1] INFO org.apache.nifi.processors.standard.RouteText - RouteText[id=7eed8dc2-ebc4-49da-951a-9990a8cef519] Created FlowFile[123,94823694230466.mockFlowFile,22B] from FlowFile[122,94823694230466.mockFlowFile,22B]; routing to relationship simple
[pool-2383-thread-1] INFO org.apache.nifi.processors.standard.RouteText - RouteText[id=7eed8dc2-ebc4-49da-951a-9990a8cef519] Routing FlowFile[122,94823694230466.mockFlowFile,22B] to original
[main] DEBUG org.apache.nifi.processors.standard.RouteText - RouteText[id=7eed8dc2-ebc4-49da-951a-9990a8cef519] Adding new dynamic property: PropertyDescriptor[simple]
[pool-2384-thread-1] INFO org.apache.nifi.processors.standard.RouteText - RouteText[id=7eed8dc2-ebc4-49da-951a-9990a8cef519] Created FlowFile[125,94823694768175.mockFlowFile,22B] from FlowFile[124,94823694768175.mockFlowFile,22B]; routing to relationship simple
[pool-2384-thread-1] INFO org.apache.nifi.processors.standard.RouteText - RouteText[id=7eed8dc2-ebc4-49da-951a-9990a8cef519] Routing FlowFile[124,94823694768175.mockFlowFile,22B] to original
[main] DEBUG org.apache.nifi.processors.standard.RouteText - RouteText[id=7eed8dc2-ebc4-49da-951a-9990a8cef519] Adding new dynamic property: PropertyDescriptor[simple]
[pool-2385-thread-1] INFO org.apache.nifi.processors.standard.RouteText - RouteText[id=7eed8dc2-ebc4-49da-951a-9990a8cef519] Created FlowFile[127,94823695360848.mockFlowFile,22B] from FlowFile[126,94823695360848.mockFlowFile,22B]; routing to relationship simple
[pool-2385-thread-1] INFO org.apache.nifi.processors.standard.RouteText - RouteText[id=7eed8dc2-ebc4-49da-951a-9990a8cef519] Routing FlowFile[126,94823695360848.mockFlowFile,22B] to original
[main] DEBUG org.apache.nifi.processors.standard.RouteText - RouteText[id=7eed8dc2-ebc4-49da-951a-9990a8cef519] Adding new dynamic property: PropertyDescriptor[simple]
[pool-2386-thread-1] INFO org.apache.nifi.processors.standard.RouteText - RouteText[id=7eed8dc2-ebc4-49da-951a-9990a8cef519] Created FlowFile[129,94823695966319.mockFlowFile,22B] from FlowFile[128,94823695966319.mockFlowFile,22B]; routing to relationship simple
[pool-2386-thread-1] INFO org.apache.nifi.processors.standard.RouteText - RouteText[id=7eed8dc2-ebc4-49da-951a-9990a8cef519] Routing FlowFile[128,94823695966319.mockFlowFile,22B] to original
[main] DEBUG org.apache.nifi.processors.standard.RouteText - RouteText[id=7eed8dc2-ebc4-49da-951a-9990a8cef519] Adding new dynamic property: PropertyDescriptor[simple]
[pool-2387-thread-1] INFO org.apache.nifi.processors.standard.RouteText - RouteText[id=7eed8dc2-ebc4-49da-951a-9990a8cef519] Created FlowFile[131,94823696667365.mockFlowFile,22B] from FlowFile[130,94823696667365.mockFlowFile,22B]; routing to relationship simple
[pool-2387-thread-1] INFO org.apache.nifi.processors.standard.RouteText - RouteText[id=7eed8dc2-ebc4-49da-951a-9990a8cef519] Routing FlowFile[130,94823696667365.mockFlowFile,22B] to original
[main] DEBUG org.apache.nifi.processors.standard.RouteText - RouteText[id=7eed8dc2-ebc4-49da-951a-9990a8cef519] Adding new dynamic property: PropertyDescriptor[simple]
[pool-2388-thread-1] INFO org.apache.nifi.processors.standard.RouteText - RouteText[id=7eed8dc2-ebc4-49da-951a-9990a8cef519] Created FlowFile[133,94823697385435.mockFlowFile,22B] from FlowFile[132,94823697385435.mockFlowFile,22B]; routing to relationship simple
[pool-2388-thread-1] INFO org.apache.nifi.processors.standard.RouteText - RouteText[id=7eed8dc2-ebc4-49da-951a-9990a8cef519] Routing FlowFile[132,94823697385435.mockFlowFile,22B] to original
[main] DEBUG org.apache.nifi.processors.standard.RouteText - RouteText[id=7eed8dc2-ebc4-49da-951a-9990a8cef519] Adding new dynamic property: PropertyDescriptor[simple]
[pool-2389-thread-1] INFO org.apache.nifi.processors.standard.RouteText - RouteText[id=7eed8dc2-ebc4-49da-951a-9990a8cef519] Created FlowFile[135,94823698021459.mockFlowFile,22B] from FlowFile[134,94823698021459.mockFlowFile,22B]; routing to relationship simple
[pool-2389-thread-1] INFO org.apache.nifi.processors.standard.RouteText - RouteText[id=7eed8dc2-ebc4-49da-951a-9990a8cef519] Routing FlowFile[134,94823698021459.mockFlowFile,22B] to original
[main] DEBUG org.apache.nifi.processors.standard.RouteText - RouteText[id=7eed8dc2-ebc4-49da-951a-9990a8cef519] Adding new dynamic property: PropertyDescriptor[simple]
[pool-2390-thread-1] INFO org.apache.nifi.processors.standard.RouteText - RouteText[id=7eed8dc2-ebc4-49da-951a-9990a8cef519] Created FlowFile[137,94823698590283.mockFlowFile,22B] from FlowFile[136,94823698590283.mockFlowFile,22B]; routing to relationship simple
[pool-2390-thread-1] INFO org.apache.nifi.processors.standard.RouteText - RouteText[id=7eed8dc2-ebc4-49da-951a-9990a8cef519] Routing FlowFile[136,94823698590283.mockFlowFile,22B] to original
[main] DEBUG org.apache.nifi.processors.standard.RouteText - RouteText[id=7eed8dc2-ebc4-49da-951a-9990a8cef519] Adding new dynamic property: PropertyDescriptor[simple]
[pool-2391-thread-1] INFO org.apache.nifi.processors.standard.RouteText - RouteText[id=7eed8dc2-ebc4-49da-951a-9990a8cef519] Created FlowFile[139,94823698985630.mockFlowFile,22B] from FlowFile[138,94823698985630.mockFlowFile,22B]; routing to relationship simple
[pool-2391-thread-1] INFO org.apache.nifi.processors.standard.RouteText - RouteText[id=7eed8dc2-ebc4-49da-951a-9990a8cef519] Routing FlowFile[138,94823698985630.mockFlowFile,22B] to original
[main] DEBUG org.apache.nifi.processors.standard.RouteText - RouteText[id=7eed8dc2-ebc4-49da-951a-9990a8cef519] Adding new dynamic property: PropertyDescriptor[simple]
[pool-2392-thread-1] INFO org.apache.nifi.processors.standard.RouteText - RouteText[id=7eed8dc2-ebc4-49da-951a-9990a8cef519] Created FlowFile[141,94823699393971.mockFlowFile,22B] from FlowFile[140,94823699393971.mockFlowFile,22B]; routing to relationship simple
[pool-2392-thread-1] INFO org.apache.nifi.processors.standard.RouteText - RouteText[id=7eed8dc2-ebc4-49da-951a-9990a8cef519] Routing FlowFile[140,94823699393971.mockFlowFile,22B] to original
[main] DEBUG org.apache.nifi.processors.standard.RouteText - RouteText[id=7eed8dc2-ebc4-49da-951a-9990a8cef519] Adding new dynamic property: PropertyDescriptor[simple]
[pool-2393-thread-1] INFO org.apache.nifi.processors.standard.RouteText - RouteText[id=7eed8dc2-ebc4-49da-951a-9990a8cef519] Created FlowFile[143,94823699787582.mockFlowFile,22B] from FlowFile[142,94823699787582.mockFlowFile,22B]; routing to relationship simple
[pool-2393-thread-1] INFO org.apache.nifi.processors.standard.RouteText - RouteText[id=7eed8dc2-ebc4-49da-951a-9990a8cef519] Routing FlowFile[142,94823699787582.mockFlowFile,22B] to original
[main] DEBUG org.apache.nifi.processors.standard.RouteText - RouteText[id=7eed8dc2-ebc4-49da-951a-9990a8cef519] Adding new dynamic property: PropertyDescriptor[simple]
[pool-2394-thread-1] INFO org.apache.nifi.processors.standard.RouteText - RouteText[id=7eed8dc2-ebc4-49da-951a-9990a8cef519] Created FlowFile[145,94823700248260.mockFlowFile,22B] from FlowFile[144,94823700248260.mockFlowFile,22B]; routing to relationship simple
[pool-2394-thread-1] INFO org.apache.nifi.processors.standard.RouteText - RouteText[id=7eed8dc2-ebc4-49da-951a-9990a8cef519] Routing FlowFile[144,94823700248260.mockFlowFile,22B] to original
[main] DEBUG org.apache.nifi.processors.standard.RouteText - RouteText[id=7eed8dc2-ebc4-49da-951a-9990a8cef519] Adding new dynamic property: PropertyDescriptor[simple]
[pool-2395-thread-1] INFO org.apache.nifi.processors.standard.RouteText - RouteText[id=7eed8dc2-ebc4-49da-951a-9990a8cef519] Created FlowFile[147,94823700643924.mockFlowFile,22B] from FlowFile[146,94823700643924.mockFlowFile,22B]; routing to relationship simple
[pool-2395-thread-1] INFO org.apache.nifi.processors.standard.RouteText - RouteText[id=7eed8dc2-ebc4-49da-951a-9990a8cef519] Routing FlowFile[146,94823700643924.mockFlowFile,22B] to original
[main] DEBUG org.apache.nifi.processors.standard.RouteText - RouteText[id=7eed8dc2-ebc4-49da-951a-9990a8cef519] Adding new dynamic property: PropertyDescriptor[simple]
[pool-2396-thread-1] INFO org.apache.nifi.processors.standard.RouteText - RouteText[id=7eed8dc2-ebc4-49da-951a-9990a8cef519] Created FlowFile[149,94823701103736.mockFlowFile,22B] from FlowFile[148,94823701103736.mockFlowFile,22B]; routing to relationship simple
[pool-2396-thread-1] INFO org.apache.nifi.processors.standard.RouteText - RouteText[id=7eed8dc2-ebc4-49da-951a-9990a8cef519] Routing FlowFile[148,94823701103736.mockFlowFile,22B] to original
[main] DEBUG org.apache.nifi.processors.standard.RouteText - RouteText[id=7eed8dc2-ebc4-49da-951a-9990a8cef519] Adding new dynamic property: PropertyDescriptor[simple]
[pool-2397-thread-1] INFO org.apache.nifi.processors.standard.RouteText - RouteText[id=7eed8dc2-ebc4-49da-951a-9990a8cef519] Created FlowFile[151,94823701504538.mockFlowFile,22B] from FlowFile[150,94823701504538.mockFlowFile,22B]; routing to relationship simple
[pool-2397-thread-1] INFO org.apache.nifi.processors.standard.RouteText - RouteText[id=7eed8dc2-ebc4-49da-951a-9990a8cef519] Routing FlowFile[150,94823701504538.mockFlowFile,22B] to original
[main] DEBUG org.apache.nifi.processors.standard.RouteText - RouteText[id=7eed8dc2-ebc4-49da-951a-9990a8cef519] Adding new dynamic property: PropertyDescriptor[simple]
[pool-2398-thread-1] INFO org.apache.nifi.processors.standard.RouteText - RouteText[id=7eed8dc2-ebc4-49da-951a-9990a8cef519] Created FlowFile[153,94823701994496.mockFlowFile,22B] from FlowFile[152,94823701994496.mockFlowFile,22B]; routing to relationship simple
[pool-2398-thread-1] INFO org.apache.nifi.processors.standard.RouteText - RouteText[id=7eed8dc2-ebc4-49da-951a-9990a8cef519] Routing FlowFile[152,94823701994496.mockFlowFile,22B] to original
[main] DEBUG org.apache.nifi.processors.standard.RouteText - RouteText[id=7eed8dc2-ebc4-49da-951a-9990a8cef519] Adding new dynamic property: PropertyDescriptor[simple]
[pool-2399-thread-1] INFO org.apache.nifi.processors.standard.RouteText - RouteText[id=7eed8dc2-ebc4-49da-951a-9990a8cef519] Created FlowFile[155,94823702513576.mockFlowFile,22B] from FlowFile[154,94823702513576.mockFlowFile,22B]; routing to relationship simple
[pool-2399-thread-1] INFO org.apache.nifi.processors.standard.RouteText - RouteText[id=7eed8dc2-ebc4-49da-951a-9990a8cef519] Routing FlowFile[154,94823702513576.mockFlowFile,22B] to original
[main] DEBUG org.apache.nifi.processors.standard.RouteText - RouteText[id=7eed8dc2-ebc4-49da-951a-9990a8cef519] Adding new dynamic property: PropertyDescriptor[simple]
[pool-2400-thread-1] INFO org.apache.nifi.processors.standard.RouteText - RouteText[id=7eed8dc2-ebc4-49da-951a-9990a8cef519] Created FlowFile[157,94823703014390.mockFlowFile,22B] from FlowFile[156,94823703014390.mockFlowFile,22B]; routing to relationship simple
[pool-2400-thread-1] INFO org.apache.nifi.processors.standard.RouteText - RouteText[id=7eed8dc2-ebc4-49da-951a-9990a8cef519] Routing FlowFile[156,94823703014390.mockFlowFile,22B] to original
[main] DEBUG org.apache.nifi.processors.standard.RouteText - RouteText[id=7eed8dc2-ebc4-49da-951a-9990a8cef519] Adding new dynamic property: PropertyDescriptor[simple]
[pool-2401-thread-1] INFO org.apache.nifi.processors.standard.RouteText - RouteText[id=7eed8dc2-ebc4-49da-951a-9990a8cef519] Created FlowFile[159,94823703505937.mockFlowFile,22B] from FlowFile[158,94823703505937.mockFlowFile,22B]; routing to relationship simple
[pool-2401-thread-1] INFO org.apache.nifi.processors.standard.RouteText - RouteText[id=7eed8dc2-ebc4-49da-951a-9990a8cef519] Routing FlowFile[158,94823703505937.mockFlowFile,22B] to original
[main] DEBUG org.apache.nifi.processors.standard.RouteText - RouteText[id=7eed8dc2-ebc4-49da-951a-9990a8cef519] Adding new dynamic property: PropertyDescriptor[simple]
[pool-2402-thread-1] INFO org.apache.nifi.processors.standard.RouteText - RouteText[id=7eed8dc2-ebc4-49da-951a-9990a8cef519] Created FlowFile[161,94823704025850.mockFlowFile,22B] from FlowFile[160,94823704025850.mockFlowFile,22B]; routing to relationship simple
[pool-2402-thread-1] INFO org.apache.nifi.processors.standard.RouteText - RouteText[id=7eed8dc2-ebc4-49da-951a-9990a8cef519] Routing FlowFile[160,94823704025850.mockFlowFile,22B] to original
[main] DEBUG org.apache.nifi.processors.standard.RouteText - RouteText[id=7eed8dc2-ebc4-49da-951a-9990a8cef519] Adding new dynamic property: PropertyDescriptor[simple]
[pool-2403-thread-1] INFO org.apache.nifi.processors.standard.RouteText - RouteText[id=7eed8dc2-ebc4-49da-951a-9990a8cef519] Created FlowFile[163,94823704504822.mockFlowFile,22B] from FlowFile[162,94823704504822.mockFlowFile,22B]; routing to relationship simple
[pool-2403-thread-1] INFO org.apache.nifi.processors.standard.RouteText - RouteText[id=7eed8dc2-ebc4-49da-951a-9990a8cef519] Routing FlowFile[162,94823704504822.mockFlowFile,22B] to original
[main] DEBUG org.apache.nifi.processors.standard.RouteText - RouteText[id=7eed8dc2-ebc4-49da-951a-9990a8cef519] Adding new dynamic property: PropertyDescriptor[simple]
[pool-2404-thread-1] INFO org.apache.nifi.processors.standard.RouteText - RouteText[id=7eed8dc2-ebc4-49da-951a-9990a8cef519] Created FlowFile[165,94823705055815.mockFlowFile,22B] from FlowFile[164,94823705055815.mockFlowFile,22B]; routing to relationship simple
[pool-2404-thread-1] INFO org.apache.nifi.processors.standard.RouteText - RouteText[id=7eed8dc2-ebc4-49da-951a-9990a8cef519] Routing FlowFile[164,94823705055815.mockFlowFile,22B] to original
[main] DEBUG org.apache.nifi.processors.standard.RouteText - RouteText[id=7eed8dc2-ebc4-49da-951a-9990a8cef519] Adding new dynamic property: PropertyDescriptor[simple]
[pool-2405-thread-1] INFO org.apache.nifi.processors.standard.RouteText - RouteText[id=7eed8dc2-ebc4-49da-951a-9990a8cef519] Created FlowFile[167,94823705527114.mockFlowFile,22B] from FlowFile[166,94823705527114.mockFlowFile,22B]; routing to relationship simple
[pool-2405-thread-1] INFO org.apache.nifi.processors.standard.RouteText - RouteText[id=7eed8dc2-ebc4-49da-951a-9990a8cef519] Routing FlowFile[166,94823705527114.mockFlowFile,22B] to original
[main] DEBUG org.apache.nifi.processors.standard.RouteText - RouteText[id=7eed8dc2-ebc4-49da-951a-9990a8cef519] Adding new dynamic property: PropertyDescriptor[simple]
[pool-2406-thread-1] INFO org.apache.nifi.processors.standard.RouteText - RouteText[id=7eed8dc2-ebc4-49da-951a-9990a8cef519] Created FlowFile[169,94823706003702.mockFlowFile,22B] from FlowFile[168,94823706003702.mockFlowFile,22B]; routing to relationship simple
[pool-2406-thread-1] INFO org.apache.nifi.processors.standard.RouteText - RouteText[id=7eed8dc2-ebc4-49da-951a-9990a8cef519] Routing FlowFile[168,94823706003702.mockFlowFile,22B] to original
[main] DEBUG org.apache.nifi.processors.standard.RouteText - RouteText[id=7eed8dc2-ebc4-49da-951a-9990a8cef519] Adding new dynamic property: PropertyDescriptor[simple]
[pool-2407-thread-1] INFO org.apache.nifi.processors.standard.RouteText - RouteText[id=7eed8dc2-ebc4-49da-951a-9990a8cef519] Created FlowFile[171,94823706535959.mockFlowFile,22B] from FlowFile[170,94823706535959.mockFlowFile,22B]; routing to relationship simple
[pool-2407-thread-1] INFO org.apache.nifi.processors.standard.RouteText - RouteText[id=7eed8dc2-ebc4-49da-951a-9990a8cef519] Routing FlowFile[170,94823706535959.mockFlowFile,22B] to original
[main] DEBUG org.apache.nifi.processors.standard.RouteText - RouteText[id=7eed8dc2-ebc4-49da-951a-9990a8cef519] Adding new dynamic property: PropertyDescriptor[simple]
[pool-2408-thread-1] INFO org.apache.nifi.processors.standard.RouteText - RouteText[id=7eed8dc2-ebc4-49da-951a-9990a8cef519] Created FlowFile[173,94823707108747.mockFlowFile,22B] from FlowFile[172,94823707108747.mockFlowFile,22B]; routing to relationship simple
[pool-2408-thread-1] INFO org.apache.nifi.processors.standard.RouteText - RouteText[id=7eed8dc2-ebc4-49da-951a-9990a8cef519] Routing FlowFile[172,94823707108747.mockFlowFile,22B] to original
[main] DEBUG org.apache.nifi.processors.standard.RouteText - RouteText[id=7eed8dc2-ebc4-49da-951a-9990a8cef519] Adding new dynamic property: PropertyDescriptor[simple]
[pool-2409-thread-1] INFO org.apache.nifi.processors.standard.RouteText - RouteText[id=7eed8dc2-ebc4-49da-951a-9990a8cef519] Created FlowFile[175,94823707606773.mockFlowFile,22B] from FlowFile[174,94823707606773.mockFlowFile,22B]; routing to relationship simple
[pool-2409-thread-1] INFO org.apache.nifi.processors.standard.RouteText - RouteText[id=7eed8dc2-ebc4-49da-951a-9990a8cef519] Routing FlowFile[174,94823707606773.mockFlowFile,22B] to original
[main] DEBUG org.apache.nifi.processors.standard.RouteText - RouteText[id=7eed8dc2-ebc4-49da-951a-9990a8cef519] Adding new dynamic property: PropertyDescriptor[simple]
[pool-2410-thread-1] INFO org.apache.nifi.processors.standard.RouteText - RouteText[id=7eed8dc2-ebc4-49da-951a-9990a8cef519] Created FlowFile[177,94823708178615.mockFlowFile,22B] from FlowFile[176,94823708178615.mockFlowFile,22B]; routing to relationship simple
[pool-2410-thread-1] INFO org.apache.nifi.processors.standard.RouteText - RouteText[id=7eed8dc2-ebc4-49da-951a-9990a8cef519] Routing FlowFile[176,94823708178615.mockFlowFile,22B] to original
[main] DEBUG org.apache.nifi.processors.standard.RouteText - RouteText[id=7eed8dc2-ebc4-49da-951a-9990a8cef519] Adding new dynamic property: PropertyDescriptor[simple]
[pool-2411-thread-1] INFO org.apache.nifi.processors.standard.RouteText - RouteText[id=7eed8dc2-ebc4-49da-951a-9990a8cef519] Created FlowFile[179,94823708722896.mockFlowFile,22B] from FlowFile[178,94823708722896.mockFlowFile,22B]; routing to relationship simple
[pool-2411-thread-1] INFO org.apache.nifi.processors.standard.RouteText - RouteText[id=7eed8dc2-ebc4-49da-951a-9990a8cef519] Routing FlowFile[178,94823708722896.mockFlowFile,22B] to original
[main] DEBUG org.apache.nifi.processors.standard.RouteText - RouteText[id=7eed8dc2-ebc4-49da-951a-9990a8cef519] Adding new dynamic property: PropertyDescriptor[simple]
[pool-2412-thread-1] INFO org.apache.nifi.processors.standard.RouteText - RouteText[id=7eed8dc2-ebc4-49da-951a-9990a8cef519] Created FlowFile[181,94823709283768.mockFlowFile,22B] from FlowFile[180,94823709283768.mockFlowFile,22B]; routing to relationship simple
[pool-2412-thread-1] INFO org.apache.nifi.processors.standard.RouteText - RouteText[id=7eed8dc2-ebc4-49da-951a-9990a8cef519] Routing FlowFile[180,94823709283768.mockFlowFile,22B] to original
[main] DEBUG org.apache.nifi.processors.standard.RouteText - RouteText[id=7eed8dc2-ebc4-49da-951a-9990a8cef519] Adding new dynamic property: PropertyDescriptor[simple]
[pool-2413-thread-1] INFO org.apache.nifi.processors.standard.RouteText - RouteText[id=7eed8dc2-ebc4-49da-951a-9990a8cef519] Created FlowFile[183,94823709822685.mockFlowFile,22B] from FlowFile[182,94823709822685.mockFlowFile,22B]; routing to relationship simple
[pool-2413-thread-1] INFO org.apache.nifi.processors.standard.RouteText - RouteText[id=7eed8dc2-ebc4-49da-951a-9990a8cef519] Routing FlowFile[182,94823709822685.mockFlowFile,22B] to original
[main] DEBUG org.apache.nifi.processors.standard.RouteText - RouteText[id=7eed8dc2-ebc4-49da-951a-9990a8cef519] Adding new dynamic property: PropertyDescriptor[simple]
[pool-2414-thread-1] INFO org.apache.nifi.processors.standard.RouteText - RouteText[id=7eed8dc2-ebc4-49da-951a-9990a8cef519] Created FlowFile[185,94823710387343.mockFlowFile,22B] from FlowFile[184,94823710387343.mockFlowFile,22B]; routing to relationship simple
[pool-2414-thread-1] INFO org.apache.nifi.processors.standard.RouteText - RouteText[id=7eed8dc2-ebc4-49da-951a-9990a8cef519] Routing FlowFile[184,94823710387343.mockFlowFile,22B] to original
[main] DEBUG org.apache.nifi.processors.standard.RouteText - RouteText[id=7eed8dc2-ebc4-49da-951a-9990a8cef519] Adding new dynamic property: PropertyDescriptor[simple]
[pool-2415-thread-1] INFO org.apache.nifi.processors.standard.RouteText - RouteText[id=7eed8dc2-ebc4-49da-951a-9990a8cef519] Created FlowFile[187,94823710953426.mockFlowFile,22B] from FlowFile[186,94823710953426.mockFlowFile,22B]; routing to relationship simple
[pool-2415-thread-1] INFO org.apache.nifi.processors.standard.RouteText - RouteText[id=7eed8dc2-ebc4-49da-951a-9990a8cef519] Routing FlowFile[186,94823710953426.mockFlowFile,22B] to original
[main] DEBUG org.apache.nifi.processors.standard.RouteText - RouteText[id=7eed8dc2-ebc4-49da-951a-9990a8cef519] Adding new dynamic property: PropertyDescriptor[simple]
[pool-2416-thread-1] INFO org.apache.nifi.processors.standard.RouteText - RouteText[id=7eed8dc2-ebc4-49da-951a-9990a8cef519] Created FlowFile[189,94823711617474.mockFlowFile,22B] from FlowFile[188,94823711617474.mockFlowFile,22B]; routing to relationship simple
[pool-2416-thread-1] INFO org.apache.nifi.processors.standard.RouteText - RouteText[id=7eed8dc2-ebc4-49da-951a-9990a8cef519] Routing FlowFile[188,94823711617474.mockFlowFile,22B] to original
[main] DEBUG org.apache.nifi.processors.standard.RouteText - RouteText[id=7eed8dc2-ebc4-49da-951a-9990a8cef519] Adding new dynamic property: PropertyDescriptor[simple]
[pool-2417-thread-1] INFO org.apache.nifi.processors.standard.RouteText - RouteText[id=7eed8dc2-ebc4-49da-951a-9990a8cef519] Created FlowFile[191,94823712270962.mockFlowFile,22B] from FlowFile[190,94823712270962.mockFlowFile,22B]; routing to relationship simple
[pool-2417-thread-1] INFO org.apache.nifi.processors.standard.RouteText - RouteText[id=7eed8dc2-ebc4-49da-951a-9990a8cef519] Routing FlowFile[190,94823712270962.mockFlowFile,22B] to original
[main] DEBUG org.apache.nifi.processors.standard.RouteText - RouteText[id=7eed8dc2-ebc4-49da-951a-9990a8cef519] Adding new dynamic property: PropertyDescriptor[simple]
[pool-2418-thread-1] INFO org.apache.nifi.processors.standard.RouteText - RouteText[id=7eed8dc2-ebc4-49da-951a-9990a8cef519] Created FlowFile[193,94823712795393.mockFlowFile,22B] from FlowFile[192,94823712795393.mockFlowFile,22B]; routing to relationship simple
[pool-2418-thread-1] INFO org.apache.nifi.processors.standard.RouteText - RouteText[id=7eed8dc2-ebc4-49da-951a-9990a8cef519] Routing FlowFile[192,94823712795393.mockFlowFile,22B] to original
[main] DEBUG org.apache.nifi.processors.standard.RouteText - RouteText[id=7eed8dc2-ebc4-49da-951a-9990a8cef519] Adding new dynamic property: PropertyDescriptor[simple]
[pool-2419-thread-1] INFO org.apache.nifi.processors.standard.RouteText - RouteText[id=7eed8dc2-ebc4-49da-951a-9990a8cef519] Created FlowFile[195,94823713289905.mockFlowFile,22B] from FlowFile[194,94823713289905.mockFlowFile,22B]; routing to relationship simple
[pool-2419-thread-1] INFO org.apache.nifi.processors.standard.RouteText - RouteText[id=7eed8dc2-ebc4-49da-951a-9990a8cef519] Routing FlowFile[194,94823713289905.mockFlowFile,22B] to original
[main] DEBUG org.apache.nifi.processors.standard.RouteText - RouteText[id=7eed8dc2-ebc4-49da-951a-9990a8cef519] Adding new dynamic property: PropertyDescriptor[simple]
[pool-2420-thread-1] INFO org.apache.nifi.processors.standard.RouteText - RouteText[id=7eed8dc2-ebc4-49da-951a-9990a8cef519] Created FlowFile[197,94823713818180.mockFlowFile,22B] from FlowFile[196,94823713818180.mockFlowFile,22B]; routing to relationship simple
[pool-2420-thread-1] INFO org.apache.nifi.processors.standard.RouteText - RouteText[id=7eed8dc2-ebc4-49da-951a-9990a8cef519] Routing FlowFile[196,94823713818180.mockFlowFile,22B] to original
[main] DEBUG org.apache.nifi.processors.standard.RouteText - RouteText[id=7eed8dc2-ebc4-49da-951a-9990a8cef519] Adding new dynamic property: PropertyDescriptor[simple]
[pool-2421-thread-1] INFO org.apache.nifi.processors.standard.RouteText - RouteText[id=7eed8dc2-ebc4-49da-951a-9990a8cef519] Created FlowFile[199,94823714338322.mockFlowFile,22B] from FlowFile[198,94823714338322.mockFlowFile,22B]; routing to relationship simple
[pool-2421-thread-1] INFO org.apache.nifi.processors.standard.RouteText - RouteText[id=7eed8dc2-ebc4-49da-951a-9990a8cef519] Routing FlowFile[198,94823714338322.mockFlowFile,22B] to original
[main] DEBUG org.apache.nifi.processors.standard.RouteText - RouteText[id=7eed8dc2-ebc4-49da-951a-9990a8cef519] Adding new dynamic property: PropertyDescriptor[simple]
[pool-2422-thread-1] INFO org.apache.nifi.processors.standard.RouteText - RouteText[id=7eed8dc2-ebc4-49da-951a-9990a8cef519] Created FlowFile[201,94823714827374.mockFlowFile,22B] from FlowFile[200,94823714827374.mockFlowFile,22B]; routing to relationship simple
[pool-2422-thread-1] INFO org.apache.nifi.processors.standard.RouteText - RouteText[id=7eed8dc2-ebc4-49da-951a-9990a8cef519] Routing FlowFile[200,94823714827374.mockFlowFile,22B] to original
[main] DEBUG org.apache.nifi.processors.standard.RouteText - RouteText[id=7eed8dc2-ebc4-49da-951a-9990a8cef519] Adding new dynamic property: PropertyDescriptor[simple]
[pool-2423-thread-1] INFO org.apache.nifi.processors.standard.RouteText - RouteText[id=7eed8dc2-ebc4-49da-951a-9990a8cef519] Created FlowFile[203,94823715316434.mockFlowFile,22B] from FlowFile[202,94823715316434.mockFlowFile,22B]; routing to relationship simple
[pool-2423-thread-1] INFO org.apache.nifi.processors.standard.RouteText - RouteText[id=7eed8dc2-ebc4-49da-951a-9990a8cef519] Routing FlowFile[202,94823715316434.mockFlowFile,22B] to original
[main] DEBUG org.apache.nifi.processors.standard.RouteText - RouteText[id=7eed8dc2-ebc4-49da-951a-9990a8cef519] Adding new dynamic property: PropertyDescriptor[simple]
[pool-2424-thread-1] INFO org.apache.nifi.processors.standard.RouteText - RouteText[id=7eed8dc2-ebc4-49da-951a-9990a8cef519] Created FlowFile[205,94823715829004.mockFlowFile,23B] from FlowFile[204,94823715829004.mockFlowFile,23B]; routing to relationship simple
[pool-2424-thread-1] INFO org.apache.nifi.processors.standard.RouteText - RouteText[id=7eed8dc2-ebc4-49da-951a-9990a8cef519] Routing FlowFile[204,94823715829004.mockFlowFile,23B] to original
[main] DEBUG org.apache.nifi.processors.standard.RouteText - RouteText[id=7eed8dc2-ebc4-49da-951a-9990a8cef519] Adding new dynamic property: PropertyDescriptor[simple]
[pool-2425-thread-1] INFO org.apache.nifi.processors.standard.RouteText - RouteText[id=7eed8dc2-ebc4-49da-951a-9990a8cef519] Created FlowFile[207,94823716364046.mockFlowFile,23B] from FlowFile[206,94823716364046.mockFlowFile,23B]; routing to relationship simple
[pool-2425-thread-1] INFO org.apache.nifi.processors.standard.RouteText - RouteText[id=7eed8dc2-ebc4-49da-951a-9990a8cef519] Routing FlowFile[206,94823716364046.mockFlowFile,23B] to original
[main] DEBUG org.apache.nifi.processors.standard.RouteText - RouteText[id=7eed8dc2-ebc4-49da-951a-9990a8cef519] Adding new dynamic property: PropertyDescriptor[simple]
[pool-2426-thread-1] INFO org.apache.nifi.processors.standard.RouteText - RouteText[id=7eed8dc2-ebc4-49da-951a-9990a8cef519] Created FlowFile[209,94823716904448.mockFlowFile,23B] from FlowFile[208,94823716904448.mockFlowFile,23B]; routing to relationship simple
[pool-2426-thread-1] INFO org.apache.nifi.processors.standard.RouteText - RouteText[id=7eed8dc2-ebc4-49da-951a-9990a8cef519] Routing FlowFile[208,94823716904448.mockFlowFile,23B] to original
[main] DEBUG org.apache.nifi.processors.standard.RouteText - RouteText[id=7eed8dc2-ebc4-49da-951a-9990a8cef519] Adding new dynamic property: PropertyDescriptor[simple]
[pool-2427-thread-1] INFO org.apache.nifi.processors.standard.RouteText - RouteText[id=7eed8dc2-ebc4-49da-951a-9990a8cef519] Created FlowFile[211,94823717409062.mockFlowFile,23B] from FlowFile[210,94823717409062.mockFlowFile,23B]; routing to relationship simple
[pool-2427-thread-1] INFO org.apache.nifi.processors.standard.RouteText - RouteText[id=7eed8dc2-ebc4-49da-951a-9990a8cef519] Routing FlowFile[210,94823717409062.mockFlowFile,23B] to original
[main] DEBUG org.apache.nifi.processors.standard.RouteText - RouteText[id=7eed8dc2-ebc4-49da-951a-9990a8cef519] Adding new dynamic property: PropertyDescriptor[simple]
[pool-2428-thread-1] INFO org.apache.nifi.processors.standard.RouteText - RouteText[id=7eed8dc2-ebc4-49da-951a-9990a8cef519] Created FlowFile[213,94823718150773.mockFlowFile,23B] from FlowFile[212,94823718150773.mockFlowFile,23B]; routing to relationship simple
[pool-2428-thread-1] INFO org.apache.nifi.processors.standard.RouteText - RouteText[id=7eed8dc2-ebc4-49da-951a-9990a8cef519] Routing FlowFile[212,94823718150773.mockFlowFile,23B] to original
[main] DEBUG org.apache.nifi.processors.standard.RouteText - RouteText[id=7eed8dc2-ebc4-49da-951a-9990a8cef519] Adding new dynamic property: PropertyDescriptor[simple]
[pool-2429-thread-1] INFO org.apache.nifi.processors.standard.RouteText - RouteText[id=7eed8dc2-ebc4-49da-951a-9990a8cef519] Created FlowFile[215,94823718712101.mockFlowFile,23B] from FlowFile[214,94823718712101.mockFlowFile,23B]; routing to relationship simple
[pool-2429-thread-1] INFO org.apache.nifi.processors.standard.RouteText - RouteText[id=7eed8dc2-ebc4-49da-951a-9990a8cef519] Routing FlowFile[214,94823718712101.mockFlowFile,23B] to original
[main] DEBUG org.apache.nifi.processors.standard.RouteText - RouteText[id=7eed8dc2-ebc4-49da-951a-9990a8cef519] Adding new dynamic property: PropertyDescriptor[simple]
[pool-2430-thread-1] INFO org.apache.nifi.processors.standard.RouteText - RouteText[id=7eed8dc2-ebc4-49da-951a-9990a8cef519] Created FlowFile[217,94823719224496.mockFlowFile,23B] from FlowFile[216,94823719224496.mockFlowFile,23B]; routing to relationship simple
[pool-2430-thread-1] INFO org.apache.nifi.processors.standard.RouteText - RouteText[id=7eed8dc2-ebc4-49da-951a-9990a8cef519] Routing FlowFile[216,94823719224496.mockFlowFile,23B] to original
[main] DEBUG org.apache.nifi.processors.standard.RouteText - RouteText[id=7eed8dc2-ebc4-49da-951a-9990a8cef519] Adding new dynamic property: PropertyDescriptor[simple]
[pool-2431-thread-1] INFO org.apache.nifi.processors.standard.RouteText - RouteText[id=7eed8dc2-ebc4-49da-951a-9990a8cef519] Created FlowFile[219,94823719741808.mockFlowFile,23B] from FlowFile[218,94823719741808.mockFlowFile,23B]; routing to relationship simple
[pool-2431-thread-1] INFO org.apache.nifi.processors.standard.RouteText - RouteText[id=7eed8dc2-ebc4-49da-951a-9990a8cef519] Routing FlowFile[218,94823719741808.mockFlowFile,23B] to original
[main] DEBUG org.apache.nifi.processors.standard.RouteText - RouteText[id=7eed8dc2-ebc4-49da-951a-9990a8cef519] Adding new dynamic property: PropertyDescriptor[simple]
[pool-2432-thread-1] INFO org.apache.nifi.processors.standard.RouteText - RouteText[id=7eed8dc2-ebc4-49da-951a-9990a8cef519] Created FlowFile[221,94823720261803.mockFlowFile,23B] from FlowFile[220,94823720261803.mockFlowFile,23B]; routing to relationship simple
[pool-2432-thread-1] INFO org.apache.nifi.processors.standard.RouteText - RouteText[id=7eed8dc2-ebc4-49da-951a-9990a8cef519] Routing FlowFile[220,94823720261803.mockFlowFile,23B] to original
[main] DEBUG org.apache.nifi.processors.standard.RouteText - RouteText[id=7eed8dc2-ebc4-49da-951a-9990a8cef519] Adding new dynamic property: PropertyDescriptor[simple]
[pool-2433-thread-1] INFO org.apache.nifi.processors.standard.RouteText - RouteText[id=7eed8dc2-ebc4-49da-951a-9990a8cef519] Created FlowFile[223,94823720790093.mockFlowFile,23B] from FlowFile[222,94823720790093.mockFlowFile,23B]; routing to relationship simple
[pool-2433-thread-1] INFO org.apache.nifi.processors.standard.RouteText - RouteText[id=7eed8dc2-ebc4-49da-951a-9990a8cef519] Routing FlowFile[222,94823720790093.mockFlowFile,23B] to original
[main] DEBUG org.apache.nifi.processors.standard.RouteText - RouteText[id=7eed8dc2-ebc4-49da-951a-9990a8cef519] Adding new dynamic property: PropertyDescriptor[simple]
[pool-2434-thread-1] INFO org.apache.nifi.processors.standard.RouteText - RouteText[id=7eed8dc2-ebc4-49da-951a-9990a8cef519] Created FlowFile[225,94823721203986.mockFlowFile,23B] from FlowFile[224,94823721203986.mockFlowFile,23B]; routing to relationship simple
[pool-2434-thread-1] INFO org.apache.nifi.processors.standard.RouteText - RouteText[id=7eed8dc2-ebc4-49da-951a-9990a8cef519] Routing FlowFile[224,94823721203986.mockFlowFile,23B] to original
[main] DEBUG org.apache.nifi.processors.standard.RouteText - RouteText[id=7eed8dc2-ebc4-49da-951a-9990a8cef519] Adding new dynamic property: PropertyDescriptor[simple]
[pool-2435-thread-1] INFO org.apache.nifi.processors.standard.RouteText - RouteText[id=7eed8dc2-ebc4-49da-951a-9990a8cef519] Created FlowFile[227,94823721624097.mockFlowFile,23B] from FlowFile[226,94823721624097.mockFlowFile,23B]; routing to relationship simple
[pool-2435-thread-1] INFO org.apache.nifi.processors.standard.RouteText - RouteText[id=7eed8dc2-ebc4-49da-951a-9990a8cef519] Routing FlowFile[226,94823721624097.mockFlowFile,23B] to original
[main] DEBUG org.apache.nifi.processors.standard.RouteText - RouteText[id=7eed8dc2-ebc4-49da-951a-9990a8cef519] Adding new dynamic property: PropertyDescriptor[simple]
[pool-2436-thread-1] INFO org.apache.nifi.processors.standard.RouteText - RouteText[id=7eed8dc2-ebc4-49da-951a-9990a8cef519] Created FlowFile[229,94823722092121.mockFlowFile,23B] from FlowFile[228,94823722092121.mockFlowFile,23B]; routing to relationship simple
[pool-2436-thread-1] INFO org.apache.nifi.processors.standard.RouteText - RouteText[id=7eed8dc2-ebc4-49da-951a-9990a8cef519] Routing FlowFile[228,94823722092121.mockFlowFile,23B] to original
[main] DEBUG org.apache.nifi.processors.standard.RouteText - RouteText[id=7eed8dc2-ebc4-49da-951a-9990a8cef519] Adding new dynamic property: PropertyDescriptor[simple]
[pool-2437-thread-1] INFO org.apache.nifi.processors.standard.RouteText - RouteText[id=7eed8dc2-ebc4-49da-951a-9990a8cef519] Created FlowFile[231,94823722429484.mockFlowFile,23B] from FlowFile[230,94823722429484.mockFlowFile,23B]; routing to relationship simple
[pool-2437-thread-1] INFO org.apache.nifi.processors.standard.RouteText - RouteText[id=7eed8dc2-ebc4-49da-951a-9990a8cef519] Routing FlowFile[230,94823722429484.mockFlowFile,23B] to original
[main] DEBUG org.apache.nifi.processors.standard.RouteText - RouteText[id=7eed8dc2-ebc4-49da-951a-9990a8cef519] Adding new dynamic property: PropertyDescriptor[simple]
[pool-2438-thread-1] INFO org.apache.nifi.processors.standard.RouteText - RouteText[id=7eed8dc2-ebc4-49da-951a-9990a8cef519] Created FlowFile[233,94823723004431.mockFlowFile,23B] from FlowFile[232,94823723004431.mockFlowFile,23B]; routing to relationship simple
[pool-2438-thread-1] INFO org.apache.nifi.processors.standard.RouteText - RouteText[id=7eed8dc2-ebc4-49da-951a-9990a8cef519] Routing FlowFile[232,94823723004431.mockFlowFile,23B] to original
[main] DEBUG org.apache.nifi.processors.standard.RouteText - RouteText[id=7eed8dc2-ebc4-49da-951a-9990a8cef519] Adding new dynamic property: PropertyDescriptor[simple]
[pool-2439-thread-1] INFO org.apache.nifi.processors.standard.RouteText - RouteText[id=7eed8dc2-ebc4-49da-951a-9990a8cef519] Created FlowFile[235,94823723586580.mockFlowFile,23B] from FlowFile[234,94823723586580.mockFlowFile,23B]; routing to relationship simple
[pool-2439-thread-1] INFO org.apache.nifi.processors.standard.RouteText - RouteText[id=7eed8dc2-ebc4-49da-951a-9990a8cef519] Routing FlowFile[234,94823723586580.mockFlowFile,23B] to original
[main] DEBUG org.apache.nifi.processors.standard.RouteText - RouteText[id=7eed8dc2-ebc4-49da-951a-9990a8cef519] Adding new dynamic property: PropertyDescriptor[simple]
[pool-2440-thread-1] INFO org.apache.nifi.processors.standard.RouteText - RouteText[id=7eed8dc2-ebc4-49da-951a-9990a8cef519] Created FlowFile[237,94823724159306.mockFlowFile,23B] from FlowFile[236,94823724159306.mockFlowFile,23B]; routing to relationship simple
[pool-2440-thread-1] INFO org.apache.nifi.processors.standard.RouteText - RouteText[id=7eed8dc2-ebc4-49da-951a-9990a8cef519] Routing FlowFile[236,94823724159306.mockFlowFile,23B] to original
[main] DEBUG org.apache.nifi.processors.standard.RouteText - RouteText[id=7eed8dc2-ebc4-49da-951a-9990a8cef519] Adding new dynamic property: PropertyDescriptor[simple]
[pool-2441-thread-1] INFO org.apache.nifi.processors.standard.RouteText - RouteText[id=7eed8dc2-ebc4-49da-951a-9990a8cef519] Created FlowFile[239,94823724760563.mockFlowFile,23B] from FlowFile[238,94823724760563.mockFlowFile,23B]; routing to relationship simple
[pool-2441-thread-1] INFO org.apache.nifi.processors.standard.RouteText - RouteText[id=7eed8dc2-ebc4-49da-951a-9990a8cef519] Routing FlowFile[238,94823724760563.mockFlowFile,23B] to original
[main] DEBUG org.apache.nifi.processors.standard.RouteText - RouteText[id=7eed8dc2-ebc4-49da-951a-9990a8cef519] Adding new dynamic property: PropertyDescriptor[simple]
[pool-2442-thread-1] INFO org.apache.nifi.processors.standard.RouteText - RouteText[id=7eed8dc2-ebc4-49da-951a-9990a8cef519] Created FlowFile[241,94823725374133.mockFlowFile,23B] from FlowFile[240,94823725374133.mockFlowFile,23B]; routing to relationship simple
[pool-2442-thread-1] INFO org.apache.nifi.processors.standard.RouteText - RouteText[id=7eed8dc2-ebc4-49da-951a-9990a8cef519] Routing FlowFile[240,94823725374133.mockFlowFile,23B] to original
[main] DEBUG org.apache.nifi.processors.standard.RouteText - RouteText[id=7eed8dc2-ebc4-49da-951a-9990a8cef519] Adding new dynamic property: PropertyDescriptor[simple]
[pool-2443-thread-1] INFO org.apache.nifi.processors.standard.RouteText - RouteText[id=7eed8dc2-ebc4-49da-951a-9990a8cef519] Created FlowFile[243,94823725971288.mockFlowFile,23B] from FlowFile[242,94823725971288.mockFlowFile,23B]; routing to relationship simple
[pool-2443-thread-1] INFO org.apache.nifi.processors.standard.RouteText - RouteText[id=7eed8dc2-ebc4-49da-951a-9990a8cef519] Routing FlowFile[242,94823725971288.mockFlowFile,23B] to original
[main] DEBUG org.apache.nifi.processors.standard.RouteText - RouteText[id=7eed8dc2-ebc4-49da-951a-9990a8cef519] Adding new dynamic property: PropertyDescriptor[simple]
[pool-2444-thread-1] INFO org.apache.nifi.processors.standard.RouteText - RouteText[id=7eed8dc2-ebc4-49da-951a-9990a8cef519] Created FlowFile[245,94823726689987.mockFlowFile,23B] from FlowFile[244,94823726689987.mockFlowFile,23B]; routing to relationship simple
[pool-2444-thread-1] INFO org.apache.nifi.processors.standard.RouteText - RouteText[id=7eed8dc2-ebc4-49da-951a-9990a8cef519] Routing FlowFile[244,94823726689987.mockFlowFile,23B] to original
[main] DEBUG org.apache.nifi.processors.standard.RouteText - RouteText[id=7eed8dc2-ebc4-49da-951a-9990a8cef519] Adding new dynamic property: PropertyDescriptor[simple]
[pool-2445-thread-1] INFO org.apache.nifi.processors.standard.RouteText - RouteText[id=7eed8dc2-ebc4-49da-951a-9990a8cef519] Created FlowFile[247,94823727426308.mockFlowFile,23B] from FlowFile[246,94823727426308.mockFlowFile,23B]; routing to relationship simple
[pool-2445-thread-1] INFO org.apache.nifi.processors.standard.RouteText - RouteText[id=7eed8dc2-ebc4-49da-951a-9990a8cef519] Routing FlowFile[246,94823727426308.mockFlowFile,23B] to original
[main] DEBUG org.apache.nifi.processors.standard.RouteText - RouteText[id=7eed8dc2-ebc4-49da-951a-9990a8cef519] Adding new dynamic property: PropertyDescriptor[simple]
[pool-2446-thread-1] INFO org.apache.nifi.processors.standard.RouteText - RouteText[id=7eed8dc2-ebc4-49da-951a-9990a8cef519] Created FlowFile[249,94823728144199.mockFlowFile,23B] from FlowFile[248,94823728144199.mockFlowFile,23B]; routing to relationship simple
[pool-2446-thread-1] INFO org.apache.nifi.processors.standard.RouteText - RouteText[id=7eed8dc2-ebc4-49da-951a-9990a8cef519] Routing FlowFile[248,94823728144199.mockFlowFile,23B] to original
[main] DEBUG org.apache.nifi.processors.standard.RouteText - RouteText[id=7eed8dc2-ebc4-49da-951a-9990a8cef519] Adding new dynamic property: PropertyDescriptor[simple]
[pool-2447-thread-1] INFO org.apache.nifi.processors.standard.RouteText - RouteText[id=7eed8dc2-ebc4-49da-951a-9990a8cef519] Created FlowFile[251,94823728856092.mockFlowFile,23B] from FlowFile[250,94823728856092.mockFlowFile,23B]; routing to relationship simple
[pool-2447-thread-1] INFO org.apache.nifi.processors.standard.RouteText - RouteText[id=7eed8dc2-ebc4-49da-951a-9990a8cef519] Routing FlowFile[250,94823728856092.mockFlowFile,23B] to original
[main] DEBUG org.apache.nifi.processors.standard.RouteText - RouteText[id=7eed8dc2-ebc4-49da-951a-9990a8cef519] Adding new dynamic property: PropertyDescriptor[simple]
[pool-2448-thread-1] INFO org.apache.nifi.processors.standard.RouteText - RouteText[id=7eed8dc2-ebc4-49da-951a-9990a8cef519] Created FlowFile[253,94823729528481.mockFlowFile,23B] from FlowFile[252,94823729528481.mockFlowFile,23B]; routing to relationship simple
[pool-2448-thread-1] INFO org.apache.nifi.processors.standard.RouteText - RouteText[id=7eed8dc2-ebc4-49da-951a-9990a8cef519] Routing FlowFile[252,94823729528481.mockFlowFile,23B] to original
[main] DEBUG org.apache.nifi.processors.standard.RouteText - RouteText[id=7eed8dc2-ebc4-49da-951a-9990a8cef519] Adding new dynamic property: PropertyDescriptor[simple]
[pool-2449-thread-1] INFO org.apache.nifi.processors.standard.RouteText - RouteText[id=7eed8dc2-ebc4-49da-951a-9990a8cef519] Created FlowFile[255,94823730250692.mockFlowFile,23B] from FlowFile[254,94823730250692.mockFlowFile,23B]; routing to relationship simple
[pool-2449-thread-1] INFO org.apache.nifi.processors.standard.RouteText - RouteText[id=7eed8dc2-ebc4-49da-951a-9990a8cef519] Routing FlowFile[254,94823730250692.mockFlowFile,23B] to original
[main] DEBUG org.apache.nifi.processors.standard.RouteText - RouteText[id=7eed8dc2-ebc4-49da-951a-9990a8cef519] Adding new dynamic property: PropertyDescriptor[simple]
[pool-2450-thread-1] INFO org.apache.nifi.processors.standard.RouteText - RouteText[id=7eed8dc2-ebc4-49da-951a-9990a8cef519] Created FlowFile[257,94823730966821.mockFlowFile,23B] from FlowFile[256,94823730966821.mockFlowFile,23B]; routing to relationship simple
[pool-2450-thread-1] INFO org.apache.nifi.processors.standard.RouteText - RouteText[id=7eed8dc2-ebc4-49da-951a-9990a8cef519] Routing FlowFile[256,94823730966821.mockFlowFile,23B] to original
[main] DEBUG org.apache.nifi.processors.standard.RouteText - RouteText[id=7eed8dc2-ebc4-49da-951a-9990a8cef519] Adding new dynamic property: PropertyDescriptor[simple]
[pool-2451-thread-1] INFO org.apache.nifi.processors.standard.RouteText - RouteText[id=7eed8dc2-ebc4-49da-951a-9990a8cef519] Created FlowFile[259,94823731709380.mockFlowFile,23B] from FlowFile[258,94823731709380.mockFlowFile,23B]; routing to relationship simple
[pool-2451-thread-1] INFO org.apache.nifi.processors.standard.RouteText - RouteText[id=7eed8dc2-ebc4-49da-951a-9990a8cef519] Routing FlowFile[258,94823731709380.mockFlowFile,23B] to original
[main] DEBUG org.apache.nifi.processors.standard.RouteText - RouteText[id=7eed8dc2-ebc4-49da-951a-9990a8cef519] Adding new dynamic property: PropertyDescriptor[simple]
[pool-2452-thread-1] INFO org.apache.nifi.processors.standard.RouteText - RouteText[id=7eed8dc2-ebc4-49da-951a-9990a8cef519] Created FlowFile[261,94823732342742.mockFlowFile,23B] from FlowFile[260,94823732342742.mockFlowFile,23B]; routing to relationship simple
[pool-2452-thread-1] INFO org.apache.nifi.processors.standard.RouteText - RouteText[id=7eed8dc2-ebc4-49da-951a-9990a8cef519] Routing FlowFile[260,94823732342742.mockFlowFile,23B] to original
[main] DEBUG org.apache.nifi.processors.standard.RouteText - RouteText[id=7eed8dc2-ebc4-49da-951a-9990a8cef519] Adding new dynamic property: PropertyDescriptor[simple]
[pool-2453-thread-1] INFO org.apache.nifi.processors.standard.RouteText - RouteText[id=7eed8dc2-ebc4-49da-951a-9990a8cef519] Created FlowFile[263,94823733002539.mockFlowFile,23B] from FlowFile[262,94823733002539.mockFlowFile,23B]; routing to relationship simple
[pool-2453-thread-1] INFO org.apache.nifi.processors.standard.RouteText - RouteText[id=7eed8dc2-ebc4-49da-951a-9990a8cef519] Routing FlowFile[262,94823733002539.mockFlowFile,23B] to original
[main] DEBUG org.apache.nifi.processors.standard.RouteText - RouteText[id=7eed8dc2-ebc4-49da-951a-9990a8cef519] Adding new dynamic property: PropertyDescriptor[simple]
[pool-2454-thread-1] INFO org.apache.nifi.processors.standard.RouteText - RouteText[id=7eed8dc2-ebc4-49da-951a-9990a8cef519] Created FlowFile[265,94823733486297.mockFlowFile,23B] from FlowFile[264,94823733486297.mockFlowFile,23B]; routing to relationship simple
[pool-2454-thread-1] INFO org.apache.nifi.processors.standard.RouteText - RouteText[id=7eed8dc2-ebc4-49da-951a-9990a8cef519] Routing FlowFile[264,94823733486297.mockFlowFile,23B] to original
[main] DEBUG org.apache.nifi.processors.standard.RouteText - RouteText[id=7eed8dc2-ebc4-49da-951a-9990a8cef519] Adding new dynamic property: PropertyDescriptor[simple]
[pool-2455-thread-1] INFO org.apache.nifi.processors.standard.RouteText - RouteText[id=7eed8dc2-ebc4-49da-951a-9990a8cef519] Created FlowFile[267,94823733970747.mockFlowFile,23B] from FlowFile[266,94823733970747.mockFlowFile,23B]; routing to relationship simple
[pool-2455-thread-1] INFO org.apache.nifi.processors.standard.RouteText - RouteText[id=7eed8dc2-ebc4-49da-951a-9990a8cef519] Routing FlowFile[266,94823733970747.mockFlowFile,23B] to original
[main] DEBUG org.apache.nifi.processors.standard.RouteText - RouteText[id=7eed8dc2-ebc4-49da-951a-9990a8cef519] Adding new dynamic property: PropertyDescriptor[simple]
[pool-2456-thread-1] INFO org.apache.nifi.processors.standard.RouteText - RouteText[id=7eed8dc2-ebc4-49da-951a-9990a8cef519] Created FlowFile[269,94823734411288.mockFlowFile,23B] from FlowFile[268,94823734411288.mockFlowFile,23B]; routing to relationship simple
[pool-2456-thread-1] INFO org.apache.nifi.processors.standard.RouteText - RouteText[id=7eed8dc2-ebc4-49da-951a-9990a8cef519] Routing FlowFile[268,94823734411288.mockFlowFile,23B] to original
[main] DEBUG org.apache.nifi.processors.standard.RouteText - RouteText[id=7eed8dc2-ebc4-49da-951a-9990a8cef519] Adding new dynamic property: PropertyDescriptor[simple]
[pool-2457-thread-1] INFO org.apache.nifi.processors.standard.RouteText - RouteText[id=7eed8dc2-ebc4-49da-951a-9990a8cef519] Created FlowFile[271,94823734923189.mockFlowFile,23B] from FlowFile[270,94823734923189.mockFlowFile,23B]; routing to relationship simple
[pool-2457-thread-1] INFO org.apache.nifi.processors.standard.RouteText - RouteText[id=7eed8dc2-ebc4-49da-951a-9990a8cef519] Routing FlowFile[270,94823734923189.mockFlowFile,23B] to original
[main] DEBUG org.apache.nifi.processors.standard.RouteText - RouteText[id=7eed8dc2-ebc4-49da-951a-9990a8cef519] Adding new dynamic property: PropertyDescriptor[simple]
[pool-2458-thread-1] INFO org.apache.nifi.processors.standard.RouteText - RouteText[id=7eed8dc2-ebc4-49da-951a-9990a8cef519] Created FlowFile[273,94823735510226.mockFlowFile,23B] from FlowFile[272,94823735510226.mockFlowFile,23B]; routing to relationship simple
[pool-2458-thread-1] INFO org.apache.nifi.processors.standard.RouteText - RouteText[id=7eed8dc2-ebc4-49da-951a-9990a8cef519] Routing FlowFile[272,94823735510226.mockFlowFile,23B] to original
[main] DEBUG org.apache.nifi.processors.standard.RouteText - RouteText[id=7eed8dc2-ebc4-49da-951a-9990a8cef519] Adding new dynamic property: PropertyDescriptor[simple]
[pool-2459-thread-1] INFO org.apache.nifi.processors.standard.RouteText - RouteText[id=7eed8dc2-ebc4-49da-951a-9990a8cef519] Created FlowFile[275,94823736095454.mockFlowFile,23B] from FlowFile[274,94823736095454.mockFlowFile,23B]; routing to relationship simple
[pool-2459-thread-1] INFO org.apache.nifi.processors.standard.RouteText - RouteText[id=7eed8dc2-ebc4-49da-951a-9990a8cef519] Routing FlowFile[274,94823736095454.mockFlowFile,23B] to original
[main] DEBUG org.apache.nifi.processors.standard.RouteText - RouteText[id=7eed8dc2-ebc4-49da-951a-9990a8cef519] Adding new dynamic property: PropertyDescriptor[simple]
[pool-2460-thread-1] INFO org.apache.nifi.processors.standard.RouteText - RouteText[id=7eed8dc2-ebc4-49da-951a-9990a8cef519] Created FlowFile[277,94823736738648.mockFlowFile,23B] from FlowFile[276,94823736738648.mockFlowFile,23B]; routing to relationship simple
[pool-2460-thread-1] INFO org.apache.nifi.processors.standard.RouteText - RouteText[id=7eed8dc2-ebc4-49da-951a-9990a8cef519] Routing FlowFile[276,94823736738648.mockFlowFile,23B] to original
[main] DEBUG org.apache.nifi.processors.standard.RouteText - RouteText[id=7eed8dc2-ebc4-49da-951a-9990a8cef519] Adding new dynamic property: PropertyDescriptor[simple]
[pool-2461-thread-1] INFO org.apache.nifi.processors.standard.RouteText - RouteText[id=7eed8dc2-ebc4-49da-951a-9990a8cef519] Created FlowFile[279,94823737405191.mockFlowFile,23B] from FlowFile[278,94823737405191.mockFlowFile,23B]; routing to relationship simple
[pool-2461-thread-1] INFO org.apache.nifi.processors.standard.RouteText - RouteText[id=7eed8dc2-ebc4-49da-951a-9990a8cef519] Routing FlowFile[278,94823737405191.mockFlowFile,23B] to original
[main] DEBUG org.apache.nifi.processors.standard.RouteText - RouteText[id=7eed8dc2-ebc4-49da-951a-9990a8cef519] Adding new dynamic property: PropertyDescriptor[simple]
[pool-2462-thread-1] INFO org.apache.nifi.processors.standard.RouteText - RouteText[id=7eed8dc2-ebc4-49da-951a-9990a8cef519] Created FlowFile[281,94823738051997.mockFlowFile,23B] from FlowFile[280,94823738051997.mockFlowFile,23B]; routing to relationship simple
[pool-2462-thread-1] INFO org.apache.nifi.processors.standard.RouteText - RouteText[id=7eed8dc2-ebc4-49da-951a-9990a8cef519] Routing FlowFile[280,94823738051997.mockFlowFile,23B] to original
[main] DEBUG org.apache.nifi.processors.standard.RouteText - RouteText[id=7eed8dc2-ebc4-49da-951a-9990a8cef519] Adding new dynamic property: PropertyDescriptor[simple]
[pool-2463-thread-1] INFO org.apache.nifi.processors.standard.RouteText - RouteText[id=7eed8dc2-ebc4-49da-951a-9990a8cef519] Created FlowFile[283,94823738775336.mockFlowFile,23B] from FlowFile[282,94823738775336.mockFlowFile,23B]; routing to relationship simple
[pool-2463-thread-1] INFO org.apache.nifi.processors.standard.RouteText - RouteText[id=7eed8dc2-ebc4-49da-951a-9990a8cef519] Routing FlowFile[282,94823738775336.mockFlowFile,23B] to original
[main] DEBUG org.apache.nifi.processors.standard.RouteText - RouteText[id=7eed8dc2-ebc4-49da-951a-9990a8cef519] Adding new dynamic property: PropertyDescriptor[simple]
[pool-2464-thread-1] INFO org.apache.nifi.processors.standard.RouteText - RouteText[id=7eed8dc2-ebc4-49da-951a-9990a8cef519] Created FlowFile[285,94823739441391.mockFlowFile,23B] from FlowFile[284,94823739441391.mockFlowFile,23B]; routing to relationship simple
[pool-2464-thread-1] INFO org.apache.nifi.processors.standard.RouteText - RouteText[id=7eed8dc2-ebc4-49da-951a-9990a8cef519] Routing FlowFile[284,94823739441391.mockFlowFile,23B] to original
[main] DEBUG org.apache.nifi.processors.standard.RouteText - RouteText[id=7eed8dc2-ebc4-49da-951a-9990a8cef519] Adding new dynamic property: PropertyDescriptor[simple]
[pool-2465-thread-1] INFO org.apache.nifi.processors.standard.RouteText - RouteText[id=7eed8dc2-ebc4-49da-951a-9990a8cef519] Created FlowFile[287,94823740038093.mockFlowFile,23B] from FlowFile[286,94823740038093.mockFlowFile,23B]; routing to relationship simple
[pool-2465-thread-1] INFO org.apache.nifi.processors.standard.RouteText - RouteText[id=7eed8dc2-ebc4-49da-951a-9990a8cef519] Routing FlowFile[286,94823740038093.mockFlowFile,23B] to original
[main] DEBUG org.apache.nifi.processors.standard.RouteText - RouteText[id=7eed8dc2-ebc4-49da-951a-9990a8cef519] Adding new dynamic property: PropertyDescriptor[simple]
[pool-2466-thread-1] INFO org.apache.nifi.processors.standard.RouteText - RouteText[id=7eed8dc2-ebc4-49da-951a-9990a8cef519] Created FlowFile[289,94823740738113.mockFlowFile,23B] from FlowFile[288,94823740738113.mockFlowFile,23B]; routing to relationship simple
[pool-2466-thread-1] INFO org.apache.nifi.processors.standard.RouteText - RouteText[id=7eed8dc2-ebc4-49da-951a-9990a8cef519] Routing FlowFile[288,94823740738113.mockFlowFile,23B] to original
[main] DEBUG org.apache.nifi.processors.standard.RouteText - RouteText[id=7eed8dc2-ebc4-49da-951a-9990a8cef519] Adding new dynamic property: PropertyDescriptor[simple]
[pool-2467-thread-1] INFO org.apache.nifi.processors.standard.RouteText - RouteText[id=7eed8dc2-ebc4-49da-951a-9990a8cef519] Created FlowFile[291,94823741343146.mockFlowFile,23B] from FlowFile[290,94823741343146.mockFlowFile,23B]; routing to relationship simple
[pool-2467-thread-1] INFO org.apache.nifi.processors.standard.RouteText - RouteText[id=7eed8dc2-ebc4-49da-951a-9990a8cef519] Routing FlowFile[290,94823741343146.mockFlowFile,23B] to original
[main] DEBUG org.apache.nifi.processors.standard.RouteText - RouteText[id=7eed8dc2-ebc4-49da-951a-9990a8cef519] Adding new dynamic property: PropertyDescriptor[simple]
[pool-2468-thread-1] INFO org.apache.nifi.processors.standard.RouteText - RouteText[id=7eed8dc2-ebc4-49da-951a-9990a8cef519] Created FlowFile[293,94823741940060.mockFlowFile,23B] from FlowFile[292,94823741940060.mockFlowFile,23B]; routing to relationship simple
[pool-2468-thread-1] INFO org.apache.nifi.processors.standard.RouteText - RouteText[id=7eed8dc2-ebc4-49da-951a-9990a8cef519] Routing FlowFile[292,94823741940060.mockFlowFile,23B] to original
[main] DEBUG org.apache.nifi.processors.standard.RouteText - RouteText[id=7eed8dc2-ebc4-49da-951a-9990a8cef519] Adding new dynamic property: PropertyDescriptor[simple]
[pool-2469-thread-1] INFO org.apache.nifi.processors.standard.RouteText - RouteText[id=7eed8dc2-ebc4-49da-951a-9990a8cef519] Created FlowFile[295,94823742531215.mockFlowFile,23B] from FlowFile[294,94823742531215.mockFlowFile,23B]; routing to relationship simple
[pool-2469-thread-1] INFO org.apache.nifi.processors.standard.RouteText - RouteText[id=7eed8dc2-ebc4-49da-951a-9990a8cef519] Routing FlowFile[294,94823742531215.mockFlowFile,23B] to original
[main] DEBUG org.apache.nifi.processors.standard.RouteText - RouteText[id=7eed8dc2-ebc4-49da-951a-9990a8cef519] Adding new dynamic property: PropertyDescriptor[simple]
[pool-2470-thread-1] INFO org.apache.nifi.processors.standard.RouteText - RouteText[id=7eed8dc2-ebc4-49da-951a-9990a8cef519] Created FlowFile[297,94823743165497.mockFlowFile,23B] from FlowFile[296,94823743165497.mockFlowFile,23B]; routing to relationship simple
[pool-2470-thread-1] INFO org.apache.nifi.processors.standard.RouteText - RouteText[id=7eed8dc2-ebc4-49da-951a-9990a8cef519] Routing FlowFile[296,94823743165497.mockFlowFile,23B] to original
[main] DEBUG org.apache.nifi.processors.standard.RouteText - RouteText[id=7eed8dc2-ebc4-49da-951a-9990a8cef519] Adding new dynamic property: PropertyDescriptor[simple]
[pool-2471-thread-1] INFO org.apache.nifi.processors.standard.RouteText - RouteText[id=7eed8dc2-ebc4-49da-951a-9990a8cef519] Created FlowFile[299,94823743749433.mockFlowFile,23B] from FlowFile[298,94823743749433.mockFlowFile,23B]; routing to relationship simple
[pool-2471-thread-1] INFO org.apache.nifi.processors.standard.RouteText - RouteText[id=7eed8dc2-ebc4-49da-951a-9990a8cef519] Routing FlowFile[298,94823743749433.mockFlowFile,23B] to original
[main] DEBUG org.apache.nifi.processors.standard.RouteText - RouteText[id=7eed8dc2-ebc4-49da-951a-9990a8cef519] Adding new dynamic property: PropertyDescriptor[simple]
[pool-2472-thread-1] INFO org.apache.nifi.processors.standard.RouteText - RouteText[id=7eed8dc2-ebc4-49da-951a-9990a8cef519] Created FlowFile[301,94823744324813.mockFlowFile,23B] from FlowFile[300,94823744324813.mockFlowFile,23B]; routing to relationship simple
[pool-2472-thread-1] INFO org.apache.nifi.processors.standard.RouteText - RouteText[id=7eed8dc2-ebc4-49da-951a-9990a8cef519] Routing FlowFile[300,94823744324813.mockFlowFile,23B] to original
[main] DEBUG org.apache.nifi.processors.standard.RouteText - RouteText[id=7eed8dc2-ebc4-49da-951a-9990a8cef519] Adding new dynamic property: PropertyDescriptor[simple]
[pool-2473-thread-1] INFO org.apache.nifi.processors.standard.RouteText - RouteText[id=7eed8dc2-ebc4-49da-951a-9990a8cef519] Created FlowFile[303,94823744895456.mockFlowFile,23B] from FlowFile[302,94823744895456.mockFlowFile,23B]; routing to relationship simple
[pool-2473-thread-1] INFO org.apache.nifi.processors.standard.RouteText - RouteText[id=7eed8dc2-ebc4-49da-951a-9990a8cef519] Routing FlowFile[302,94823744895456.mockFlowFile,23B] to original
[main] DEBUG org.apache.nifi.processors.standard.RouteText - RouteText[id=7eed8dc2-ebc4-49da-951a-9990a8cef519] Adding new dynamic property: PropertyDescriptor[simple]
[pool-2474-thread-1] INFO org.apache.nifi.processors.standard.RouteText - RouteText[id=7eed8dc2-ebc4-49da-951a-9990a8cef519] Created FlowFile[305,94823745461298.mockFlowFile,23B] from FlowFile[304,94823745461298.mockFlowFile,23B]; routing to relationship simple
[pool-2474-thread-1] INFO org.apache.nifi.processors.standard.RouteText - RouteText[id=7eed8dc2-ebc4-49da-951a-9990a8cef519] Routing FlowFile[304,94823745461298.mockFlowFile,23B] to original
[main] DEBUG org.apache.nifi.processors.standard.RouteText - RouteText[id=7eed8dc2-ebc4-49da-951a-9990a8cef519] Adding new dynamic property: PropertyDescriptor[simple]
[pool-2475-thread-1] INFO org.apache.nifi.processors.standard.RouteText - RouteText[id=7eed8dc2-ebc4-49da-951a-9990a8cef519] Created FlowFile[307,94823746057438.mockFlowFile,23B] from FlowFile[306,94823746057438.mockFlowFile,23B]; routing to relationship simple
[pool-2475-thread-1] INFO org.apache.nifi.processors.standard.RouteText - RouteText[id=7eed8dc2-ebc4-49da-951a-9990a8cef519] Routing FlowFile[306,94823746057438.mockFlowFile,23B] to original
[main] DEBUG org.apache.nifi.processors.standard.RouteText - RouteText[id=7eed8dc2-ebc4-49da-951a-9990a8cef519] Adding new dynamic property: PropertyDescriptor[simple]
[pool-2476-thread-1] INFO org.apache.nifi.processors.standard.RouteText - RouteText[id=7eed8dc2-ebc4-49da-951a-9990a8cef519] Created FlowFile[309,94823746700035.mockFlowFile,23B] from FlowFile[308,94823746700035.mockFlowFile,23B]; routing to relationship simple
[pool-2476-thread-1] INFO org.apache.nifi.processors.standard.RouteText - RouteText[id=7eed8dc2-ebc4-49da-951a-9990a8cef519] Routing FlowFile[308,94823746700035.mockFlowFile,23B] to original
[main] DEBUG org.apache.nifi.processors.standard.RouteText - RouteText[id=7eed8dc2-ebc4-49da-951a-9990a8cef519] Adding new dynamic property: PropertyDescriptor[simple]
[pool-2477-thread-1] INFO org.apache.nifi.processors.standard.RouteText - RouteText[id=7eed8dc2-ebc4-49da-951a-9990a8cef519] Created FlowFile[311,94823747372201.mockFlowFile,23B] from FlowFile[310,94823747372201.mockFlowFile,23B]; routing to relationship simple
[pool-2477-thread-1] INFO org.apache.nifi.processors.standard.RouteText - RouteText[id=7eed8dc2-ebc4-49da-951a-9990a8cef519] Routing FlowFile[310,94823747372201.mockFlowFile,23B] to original
[main] DEBUG org.apache.nifi.processors.standard.RouteText - RouteText[id=7eed8dc2-ebc4-49da-951a-9990a8cef519] Adding new dynamic property: PropertyDescriptor[simple]
[pool-2478-thread-1] INFO org.apache.nifi.processors.standard.RouteText - RouteText[id=7eed8dc2-ebc4-49da-951a-9990a8cef519] Created FlowFile[313,94823748067986.mockFlowFile,23B] from FlowFile[312,94823748067986.mockFlowFile,23B]; routing to relationship simple
[pool-2478-thread-1] INFO org.apache.nifi.processors.standard.RouteText - RouteText[id=7eed8dc2-ebc4-49da-951a-9990a8cef519] Routing FlowFile[312,94823748067986.mockFlowFile,23B] to original
[main] DEBUG org.apache.nifi.processors.standard.RouteText - RouteText[id=7eed8dc2-ebc4-49da-951a-9990a8cef519] Adding new dynamic property: PropertyDescriptor[simple]
[pool-2479-thread-1] INFO org.apache.nifi.processors.standard.RouteText - RouteText[id=7eed8dc2-ebc4-49da-951a-9990a8cef519] Created FlowFile[315,94823748751440.mockFlowFile,23B] from FlowFile[314,94823748751440.mockFlowFile,23B]; routing to relationship simple
[pool-2479-thread-1] INFO org.apache.nifi.processors.standard.RouteText - RouteText[id=7eed8dc2-ebc4-49da-951a-9990a8cef519] Routing FlowFile[314,94823748751440.mockFlowFile,23B] to original
[main] DEBUG org.apache.nifi.processors.standard.RouteText - RouteText[id=7eed8dc2-ebc4-49da-951a-9990a8cef519] Adding new dynamic property: PropertyDescriptor[simple]
[pool-2480-thread-1] INFO org.apache.nifi.processors.standard.RouteText - RouteText[id=7eed8dc2-ebc4-49da-951a-9990a8cef519] Created FlowFile[317,94823749403311.mockFlowFile,23B] from FlowFile[316,94823749403311.mockFlowFile,23B]; routing to relationship simple
[pool-2480-thread-1] INFO org.apache.nifi.processors.standard.RouteText - RouteText[id=7eed8dc2-ebc4-49da-951a-9990a8cef519] Routing FlowFile[316,94823749403311.mockFlowFile,23B] to original
[main] DEBUG org.apache.nifi.processors.standard.RouteText - RouteText[id=7eed8dc2-ebc4-49da-951a-9990a8cef519] Adding new dynamic property: PropertyDescriptor[simple]
[pool-2481-thread-1] INFO org.apache.nifi.processors.standard.RouteText - RouteText[id=7eed8dc2-ebc4-49da-951a-9990a8cef519] Created FlowFile[319,94823750031436.mockFlowFile,23B] from FlowFile[318,94823750031436.mockFlowFile,23B]; routing to relationship simple
[pool-2481-thread-1] INFO org.apache.nifi.processors.standard.RouteText - RouteText[id=7eed8dc2-ebc4-49da-951a-9990a8cef519] Routing FlowFile[318,94823750031436.mockFlowFile,23B] to original
[main] DEBUG org.apache.nifi.processors.standard.RouteText - RouteText[id=7eed8dc2-ebc4-49da-951a-9990a8cef519] Adding new dynamic property: PropertyDescriptor[simple]
[pool-2482-thread-1] INFO org.apache.nifi.processors.standard.RouteText - RouteText[id=7eed8dc2-ebc4-49da-951a-9990a8cef519] Created FlowFile[321,94823750561054.mockFlowFile,23B] from FlowFile[320,94823750561054.mockFlowFile,23B]; routing to relationship simple
[pool-2482-thread-1] INFO org.apache.nifi.processors.standard.RouteText - RouteText[id=7eed8dc2-ebc4-49da-951a-9990a8cef519] Routing FlowFile[320,94823750561054.mockFlowFile,23B] to original
[main] DEBUG org.apache.nifi.processors.standard.RouteText - RouteText[id=7eed8dc2-ebc4-49da-951a-9990a8cef519] Adding new dynamic property: PropertyDescriptor[simple]
[pool-2483-thread-1] INFO org.apache.nifi.processors.standard.RouteText - RouteText[id=7eed8dc2-ebc4-49da-951a-9990a8cef519] Created FlowFile[323,94823750974967.mockFlowFile,23B] from FlowFile[322,94823750974967.mockFlowFile,23B]; routing to relationship simple
[pool-2483-thread-1] INFO org.apache.nifi.processors.standard.RouteText - RouteText[id=7eed8dc2-ebc4-49da-951a-9990a8cef519] Routing FlowFile[322,94823750974967.mockFlowFile,23B] to original
[main] DEBUG org.apache.nifi.processors.standard.RouteText - RouteText[id=7eed8dc2-ebc4-49da-951a-9990a8cef519] Adding new dynamic property: PropertyDescriptor[simple]
[pool-2484-thread-1] INFO org.apache.nifi.processors.standard.RouteText - RouteText[id=7eed8dc2-ebc4-49da-951a-9990a8cef519] Created FlowFile[325,94823751441603.mockFlowFile,23B] from FlowFile[324,94823751441603.mockFlowFile,23B]; routing to relationship simple
[pool-2484-thread-1] INFO org.apache.nifi.processors.standard.RouteText - RouteText[id=7eed8dc2-ebc4-49da-951a-9990a8cef519] Routing FlowFile[324,94823751441603.mockFlowFile,23B] to original
[main] DEBUG org.apache.nifi.processors.standard.RouteText - RouteText[id=7eed8dc2-ebc4-49da-951a-9990a8cef519] Adding new dynamic property: PropertyDescriptor[simple]
[pool-2485-thread-1] INFO org.apache.nifi.processors.standard.RouteText - RouteText[id=7eed8dc2-ebc4-49da-951a-9990a8cef519] Created FlowFile[327,94823751868464.mockFlowFile,23B] from FlowFile[326,94823751868464.mockFlowFile,23B]; routing to relationship simple
[pool-2485-thread-1] INFO org.apache.nifi.processors.standard.RouteText - RouteText[id=7eed8dc2-ebc4-49da-951a-9990a8cef519] Routing FlowFile[326,94823751868464.mockFlowFile,23B] to original
[main] DEBUG org.apache.nifi.processors.standard.RouteText - RouteText[id=7eed8dc2-ebc4-49da-951a-9990a8cef519] Adding new dynamic property: PropertyDescriptor[simple]
[pool-2486-thread-1] INFO org.apache.nifi.processors.standard.RouteText - RouteText[id=7eed8dc2-ebc4-49da-951a-9990a8cef519] Created FlowFile[329,94823752424430.mockFlowFile,23B] from FlowFile[328,94823752424430.mockFlowFile,23B]; routing to relationship simple
[pool-2486-thread-1] INFO org.apache.nifi.processors.standard.RouteText - RouteText[id=7eed8dc2-ebc4-49da-951a-9990a8cef519] Routing FlowFile[328,94823752424430.mockFlowFile,23B] to original
[main] DEBUG org.apache.nifi.processors.standard.RouteText - RouteText[id=7eed8dc2-ebc4-49da-951a-9990a8cef519] Adding new dynamic property: PropertyDescriptor[simple]
[pool-2487-thread-1] INFO org.apache.nifi.processors.standard.RouteText - RouteText[id=7eed8dc2-ebc4-49da-951a-9990a8cef519] Created FlowFile[331,94823752983603.mockFlowFile,23B] from FlowFile[330,94823752983603.mockFlowFile,23B]; routing to relationship simple
[pool-2487-thread-1] INFO org.apache.nifi.processors.standard.RouteText - RouteText[id=7eed8dc2-ebc4-49da-951a-9990a8cef519] Routing FlowFile[330,94823752983603.mockFlowFile,23B] to original
[main] DEBUG org.apache.nifi.processors.standard.RouteText - RouteText[id=7eed8dc2-ebc4-49da-951a-9990a8cef519] Adding new dynamic property: PropertyDescriptor[simple]
[pool-2488-thread-1] INFO org.apache.nifi.processors.standard.RouteText - RouteText[id=7eed8dc2-ebc4-49da-951a-9990a8cef519] Created FlowFile[333,94823753503849.mockFlowFile,23B] from FlowFile[332,94823753503849.mockFlowFile,23B]; routing to relationship simple
[pool-2488-thread-1] INFO org.apache.nifi.processors.standard.RouteText - RouteText[id=7eed8dc2-ebc4-49da-951a-9990a8cef519] Routing FlowFile[332,94823753503849.mockFlowFile,23B] to original
[main] DEBUG org.apache.nifi.processors.standard.RouteText - RouteText[id=7eed8dc2-ebc4-49da-951a-9990a8cef519] Adding new dynamic property: PropertyDescriptor[simple]
[pool-2489-thread-1] INFO org.apache.nifi.processors.standard.RouteText - RouteText[id=7eed8dc2-ebc4-49da-951a-9990a8cef519] Created FlowFile[335,94823754013061.mockFlowFile,23B] from FlowFile[334,94823754013061.mockFlowFile,23B]; routing to relationship simple
[pool-2489-thread-1] INFO org.apache.nifi.processors.standard.RouteText - RouteText[id=7eed8dc2-ebc4-49da-951a-9990a8cef519] Routing FlowFile[334,94823754013061.mockFlowFile,23B] to original
[main] DEBUG org.apache.nifi.processors.standard.RouteText - RouteText[id=7eed8dc2-ebc4-49da-951a-9990a8cef519] Adding new dynamic property: PropertyDescriptor[simple]
[pool-2490-thread-1] INFO org.apache.nifi.processors.standard.RouteText - RouteText[id=7eed8dc2-ebc4-49da-951a-9990a8cef519] Created FlowFile[337,94823754429792.mockFlowFile,23B] from FlowFile[336,94823754429792.mockFlowFile,23B]; routing to relationship simple
[pool-2490-thread-1] INFO org.apache.nifi.processors.standard.RouteText - RouteText[id=7eed8dc2-ebc4-49da-951a-9990a8cef519] Routing FlowFile[336,94823754429792.mockFlowFile,23B] to original
[main] DEBUG org.apache.nifi.processors.standard.RouteText - RouteText[id=7eed8dc2-ebc4-49da-951a-9990a8cef519] Adding new dynamic property: PropertyDescriptor[simple]
[pool-2491-thread-1] INFO org.apache.nifi.processors.standard.RouteText - RouteText[id=7eed8dc2-ebc4-49da-951a-9990a8cef519] Created FlowFile[339,94823754779863.mockFlowFile,23B] from FlowFile[338,94823754779863.mockFlowFile,23B]; routing to relationship simple
[pool-2491-thread-1] INFO org.apache.nifi.processors.standard.RouteText - RouteText[id=7eed8dc2-ebc4-49da-951a-9990a8cef519] Routing FlowFile[338,94823754779863.mockFlowFile,23B] to original
[main] DEBUG org.apache.nifi.processors.standard.RouteText - RouteText[id=7eed8dc2-ebc4-49da-951a-9990a8cef519] Adding new dynamic property: PropertyDescriptor[simple]
[pool-2492-thread-1] INFO org.apache.nifi.processors.standard.RouteText - RouteText[id=7eed8dc2-ebc4-49da-951a-9990a8cef519] Created FlowFile[341,94823755117757.mockFlowFile,23B] from FlowFile[340,94823755117757.mockFlowFile,23B]; routing to relationship simple
[pool-2492-thread-1] INFO org.apache.nifi.processors.standard.RouteText - RouteText[id=7eed8dc2-ebc4-49da-951a-9990a8cef519] Routing FlowFile[340,94823755117757.mockFlowFile,23B] to original
[main] DEBUG org.apache.nifi.processors.standard.RouteText - RouteText[id=7eed8dc2-ebc4-49da-951a-9990a8cef519] Adding new dynamic property: PropertyDescriptor[simple]
[pool-2493-thread-1] INFO org.apache.nifi.processors.standard.RouteText - RouteText[id=7eed8dc2-ebc4-49da-951a-9990a8cef519] Created FlowFile[343,94823755618894.mockFlowFile,23B] from FlowFile[342,94823755618894.mockFlowFile,23B]; routing to relationship simple
[pool-2493-thread-1] INFO org.apache.nifi.processors.standard.RouteText - RouteText[id=7eed8dc2-ebc4-49da-951a-9990a8cef519] Routing FlowFile[342,94823755618894.mockFlowFile,23B] to original
[main] DEBUG org.apache.nifi.processors.standard.RouteText - RouteText[id=7eed8dc2-ebc4-49da-951a-9990a8cef519] Adding new dynamic property: PropertyDescriptor[simple]
[pool-2494-thread-1] INFO org.apache.nifi.processors.standard.RouteText - RouteText[id=7eed8dc2-ebc4-49da-951a-9990a8cef519] Created FlowFile[345,94823755994985.mockFlowFile,23B] from FlowFile[344,94823755994985.mockFlowFile,23B]; routing to relationship simple
[pool-2494-thread-1] INFO org.apache.nifi.processors.standard.RouteText - RouteText[id=7eed8dc2-ebc4-49da-951a-9990a8cef519] Routing FlowFile[344,94823755994985.mockFlowFile,23B] to original
[main] DEBUG org.apache.nifi.processors.standard.RouteText - RouteText[id=7eed8dc2-ebc4-49da-951a-9990a8cef519] Adding new dynamic property: PropertyDescriptor[simple]
[pool-2495-thread-1] INFO org.apache.nifi.processors.standard.RouteText - RouteText[id=7eed8dc2-ebc4-49da-951a-9990a8cef519] Created FlowFile[347,94823756490369.mockFlowFile,23B] from FlowFile[346,94823756490369.mockFlowFile,23B]; routing to relationship simple
[pool-2495-thread-1] INFO org.apache.nifi.processors.standard.RouteText - RouteText[id=7eed8dc2-ebc4-49da-951a-9990a8cef519] Routing FlowFile[346,94823756490369.mockFlowFile,23B] to original
[main] DEBUG org.apache.nifi.processors.standard.RouteText - RouteText[id=7eed8dc2-ebc4-49da-951a-9990a8cef519] Adding new dynamic property: PropertyDescriptor[simple]
[pool-2496-thread-1] INFO org.apache.nifi.processors.standard.RouteText - RouteText[id=7eed8dc2-ebc4-49da-951a-9990a8cef519] Created FlowFile[349,94823756974091.mockFlowFile,23B] from FlowFile[348,94823756974091.mockFlowFile,23B]; routing to relationship simple
[pool-2496-thread-1] INFO org.apache.nifi.processors.standard.RouteText - RouteText[id=7eed8dc2-ebc4-49da-951a-9990a8cef519] Routing FlowFile[348,94823756974091.mockFlowFile,23B] to original
[main] DEBUG org.apache.nifi.processors.standard.RouteText - RouteText[id=7eed8dc2-ebc4-49da-951a-9990a8cef519] Adding new dynamic property: PropertyDescriptor[simple]
[pool-2497-thread-1] INFO org.apache.nifi.processors.standard.RouteText - RouteText[id=7eed8dc2-ebc4-49da-951a-9990a8cef519] Created FlowFile[351,94823757416558.mockFlowFile,23B] from FlowFile[350,94823757416558.mockFlowFile,23B]; routing to relationship simple
[pool-2497-thread-1] INFO org.apache.nifi.processors.standard.RouteText - RouteText[id=7eed8dc2-ebc4-49da-951a-9990a8cef519] Routing FlowFile[350,94823757416558.mockFlowFile,23B] to original
[main] DEBUG org.apache.nifi.processors.standard.RouteText - RouteText[id=7eed8dc2-ebc4-49da-951a-9990a8cef519] Adding new dynamic property: PropertyDescriptor[simple]
[pool-2498-thread-1] INFO org.apache.nifi.processors.standard.RouteText - RouteText[id=7eed8dc2-ebc4-49da-951a-9990a8cef519] Created FlowFile[353,94823757737397.mockFlowFile,23B] from FlowFile[352,94823757737397.mockFlowFile,23B]; routing to relationship simple
[pool-2498-thread-1] INFO org.apache.nifi.processors.standard.RouteText - RouteText[id=7eed8dc2-ebc4-49da-951a-9990a8cef519] Routing FlowFile[352,94823757737397.mockFlowFile,23B] to original
[main] DEBUG org.apache.nifi.processors.standard.RouteText - RouteText[id=7eed8dc2-ebc4-49da-951a-9990a8cef519] Adding new dynamic property: PropertyDescriptor[simple]
[pool-2499-thread-1] INFO org.apache.nifi.processors.standard.RouteText - RouteText[id=7eed8dc2-ebc4-49da-951a-9990a8cef519] Created FlowFile[355,94823758172494.mockFlowFile,23B] from FlowFile[354,94823758172494.mockFlowFile,23B]; routing to relationship simple
[pool-2499-thread-1] INFO org.apache.nifi.processors.standard.RouteText - RouteText[id=7eed8dc2-ebc4-49da-951a-9990a8cef519] Routing FlowFile[354,94823758172494.mockFlowFile,23B] to original
[main] DEBUG org.apache.nifi.processors.standard.RouteText - RouteText[id=7eed8dc2-ebc4-49da-951a-9990a8cef519] Adding new dynamic property: PropertyDescriptor[simple]
[pool-2500-thread-1] INFO org.apache.nifi.processors.standard.RouteText - RouteText[id=7eed8dc2-ebc4-49da-951a-9990a8cef519] Created FlowFile[357,94823758616098.mockFlowFile,23B] from FlowFile[356,94823758616098.mockFlowFile,23B]; routing to relationship simple
[pool-2500-thread-1] INFO org.apache.nifi.processors.standard.RouteText - RouteText[id=7eed8dc2-ebc4-49da-951a-9990a8cef519] Routing FlowFile[356,94823758616098.mockFlowFile,23B] to original
[main] DEBUG org.apache.nifi.processors.standard.RouteText - RouteText[id=7eed8dc2-ebc4-49da-951a-9990a8cef519] Adding new dynamic property: PropertyDescriptor[simple]
[pool-2501-thread-1] INFO org.apache.nifi.processors.standard.RouteText - RouteText[id=7eed8dc2-ebc4-49da-951a-9990a8cef519] Created FlowFile[359,94823759070770.mockFlowFile,23B] from FlowFile[358,94823759070770.mockFlowFile,23B]; routing to relationship simple
[pool-2501-thread-1] INFO org.apache.nifi.processors.standard.RouteText - RouteText[id=7eed8dc2-ebc4-49da-951a-9990a8cef519] Routing FlowFile[358,94823759070770.mockFlowFile,23B] to original
[main] DEBUG org.apache.nifi.processors.standard.RouteText - RouteText[id=7eed8dc2-ebc4-49da-951a-9990a8cef519] Adding new dynamic property: PropertyDescriptor[simple]
[pool-2502-thread-1] INFO org.apache.nifi.processors.standard.RouteText - RouteText[id=7eed8dc2-ebc4-49da-951a-9990a8cef519] Created FlowFile[361,94823759590385.mockFlowFile,23B] from FlowFile[360,94823759590385.mockFlowFile,23B]; routing to relationship simple
[pool-2502-thread-1] INFO org.apache.nifi.processors.standard.RouteText - RouteText[id=7eed8dc2-ebc4-49da-951a-9990a8cef519] Routing FlowFile[360,94823759590385.mockFlowFile,23B] to original
[main] DEBUG org.apache.nifi.processors.standard.RouteText - RouteText[id=7eed8dc2-ebc4-49da-951a-9990a8cef519] Adding new dynamic property: PropertyDescriptor[simple]
[pool-2503-thread-1] INFO org.apache.nifi.processors.standard.RouteText - RouteText[id=7eed8dc2-ebc4-49da-951a-9990a8cef519] Created FlowFile[363,94823760256660.mockFlowFile,23B] from FlowFile[362,94823760256660.mockFlowFile,23B]; routing to relationship simple
[pool-2503-thread-1] INFO org.apache.nifi.processors.standard.RouteText - RouteText[id=7eed8dc2-ebc4-49da-951a-9990a8cef519] Routing FlowFile[362,94823760256660.mockFlowFile,23B] to original
[main] DEBUG org.apache.nifi.processors.standard.RouteText - RouteText[id=7eed8dc2-ebc4-49da-951a-9990a8cef519] Adding new dynamic property: PropertyDescriptor[simple]
[pool-2504-thread-1] INFO org.apache.nifi.processors.standard.RouteText - RouteText[id=7eed8dc2-ebc4-49da-951a-9990a8cef519] Created FlowFile[365,94823760717011.mockFlowFile,23B] from FlowFile[364,94823760717011.mockFlowFile,23B]; routing to relationship simple
[pool-2504-thread-1] INFO org.apache.nifi.processors.standard.RouteText - RouteText[id=7eed8dc2-ebc4-49da-951a-9990a8cef519] Routing FlowFile[364,94823760717011.mockFlowFile,23B] to original
[main] DEBUG org.apache.nifi.processors.standard.RouteText - RouteText[id=7eed8dc2-ebc4-49da-951a-9990a8cef519] Adding new dynamic property: PropertyDescriptor[simple]
[pool-2505-thread-1] INFO org.apache.nifi.processors.standard.RouteText - RouteText[id=7eed8dc2-ebc4-49da-951a-9990a8cef519] Created FlowFile[367,94823761212900.mockFlowFile,23B] from FlowFile[366,94823761212900.mockFlowFile,23B]; routing to relationship simple
[pool-2505-thread-1] INFO org.apache.nifi.processors.standard.RouteText - RouteText[id=7eed8dc2-ebc4-49da-951a-9990a8cef519] Routing FlowFile[366,94823761212900.mockFlowFile,23B] to original
[main] DEBUG org.apache.nifi.processors.standard.RouteText - RouteText[id=7eed8dc2-ebc4-49da-951a-9990a8cef519] Adding new dynamic property: PropertyDescriptor[simple]
[pool-2506-thread-1] INFO org.apache.nifi.processors.standard.RouteText - RouteText[id=7eed8dc2-ebc4-49da-951a-9990a8cef519] Created FlowFile[369,94823761710728.mockFlowFile,23B] from FlowFile[368,94823761710728.mockFlowFile,23B]; routing to relationship simple
[pool-2506-thread-1] INFO org.apache.nifi.processors.standard.RouteText - RouteText[id=7eed8dc2-ebc4-49da-951a-9990a8cef519] Routing FlowFile[368,94823761710728.mockFlowFile,23B] to original
[main] DEBUG org.apache.nifi.processors.standard.RouteText - RouteText[id=7eed8dc2-ebc4-49da-951a-9990a8cef519] Adding new dynamic property: PropertyDescriptor[simple]
[pool-2507-thread-1] INFO org.apache.nifi.processors.standard.RouteText - RouteText[id=7eed8dc2-ebc4-49da-951a-9990a8cef519] Created FlowFile[371,94823762366035.mockFlowFile,23B] from FlowFile[370,94823762366035.mockFlowFile,23B]; routing to relationship simple
[pool-2507-thread-1] INFO org.apache.nifi.processors.standard.RouteText - RouteText[id=7eed8dc2-ebc4-49da-951a-9990a8cef519] Routing FlowFile[370,94823762366035.mockFlowFile,23B] to original
[main] DEBUG org.apache.nifi.processors.standard.RouteText - RouteText[id=7eed8dc2-ebc4-49da-951a-9990a8cef519] Adding new dynamic property: PropertyDescriptor[simple]
[pool-2508-thread-1] INFO org.apache.nifi.processors.standard.RouteText - RouteText[id=7eed8dc2-ebc4-49da-951a-9990a8cef519] Created FlowFile[373,94823762927874.mockFlowFile,23B] from FlowFile[372,94823762927874.mockFlowFile,23B]; routing to relationship simple
[pool-2508-thread-1] INFO org.apache.nifi.processors.standard.RouteText - RouteText[id=7eed8dc2-ebc4-49da-951a-9990a8cef519] Routing FlowFile[372,94823762927874.mockFlowFile,23B] to original
[main] DEBUG org.apache.nifi.processors.standard.RouteText - RouteText[id=7eed8dc2-ebc4-49da-951a-9990a8cef519] Adding new dynamic property: PropertyDescriptor[simple]
[pool-2509-thread-1] INFO org.apache.nifi.processors.standard.RouteText - RouteText[id=7eed8dc2-ebc4-49da-951a-9990a8cef519] Created FlowFile[375,94823763734361.mockFlowFile,23B] from FlowFile[374,94823763734361.mockFlowFile,23B]; routing to relationship simple
[pool-2509-thread-1] INFO org.apache.nifi.processors.standard.RouteText - RouteText[id=7eed8dc2-ebc4-49da-951a-9990a8cef519] Routing FlowFile[374,94823763734361.mockFlowFile,23B] to original
[main] DEBUG org.apache.nifi.processors.standard.RouteText - RouteText[id=7eed8dc2-ebc4-49da-951a-9990a8cef519] Adding new dynamic property: PropertyDescriptor[simple]
[pool-2510-thread-1] INFO org.apache.nifi.processors.standard.RouteText - RouteText[id=7eed8dc2-ebc4-49da-951a-9990a8cef519] Created FlowFile[377,94823764343980.mockFlowFile,23B] from FlowFile[376,94823764343980.mockFlowFile,23B]; routing to relationship simple
[pool-2510-thread-1] INFO org.apache.nifi.processors.standard.RouteText - RouteText[id=7eed8dc2-ebc4-49da-951a-9990a8cef519] Routing FlowFile[376,94823764343980.mockFlowFile,23B] to original
[main] DEBUG org.apache.nifi.processors.standard.RouteText - RouteText[id=7eed8dc2-ebc4-49da-951a-9990a8cef519] Adding new dynamic property: PropertyDescriptor[simple]
[pool-2511-thread-1] INFO org.apache.nifi.processors.standard.RouteText - RouteText[id=7eed8dc2-ebc4-49da-951a-9990a8cef519] Created FlowFile[379,94823765000142.mockFlowFile,23B] from FlowFile[378,94823765000142.mockFlowFile,23B]; routing to relationship simple
[pool-2511-thread-1] INFO org.apache.nifi.processors.standard.RouteText - RouteText[id=7eed8dc2-ebc4-49da-951a-9990a8cef519] Routing FlowFile[378,94823765000142.mockFlowFile,23B] to original
[main] DEBUG org.apache.nifi.processors.standard.RouteText - RouteText[id=7eed8dc2-ebc4-49da-951a-9990a8cef519] Adding new dynamic property: PropertyDescriptor[simple]
[pool-2512-thread-1] INFO org.apache.nifi.processors.standard.RouteText - RouteText[id=7eed8dc2-ebc4-49da-951a-9990a8cef519] Created FlowFile[381,94823765635881.mockFlowFile,23B] from FlowFile[380,94823765635881.mockFlowFile,23B]; routing to relationship simple
[pool-2512-thread-1] INFO org.apache.nifi.processors.standard.RouteText - RouteText[id=7eed8dc2-ebc4-49da-951a-9990a8cef519] Routing FlowFile[380,94823765635881.mockFlowFile,23B] to original
[main] DEBUG org.apache.nifi.processors.standard.RouteText - RouteText[id=7eed8dc2-ebc4-49da-951a-9990a8cef519] Adding new dynamic property: PropertyDescriptor[simple]
[pool-2513-thread-1] INFO org.apache.nifi.processors.standard.RouteText - RouteText[id=7eed8dc2-ebc4-49da-951a-9990a8cef519] Created FlowFile[383,94823766214562.mockFlowFile,23B] from FlowFile[382,94823766214562.mockFlowFile,23B]; routing to relationship simple
[pool-2513-thread-1] INFO org.apache.nifi.processors.standard.RouteText - RouteText[id=7eed8dc2-ebc4-49da-951a-9990a8cef519] Routing FlowFile[382,94823766214562.mockFlowFile,23B] to original
[main] DEBUG org.apache.nifi.processors.standard.RouteText - RouteText[id=7eed8dc2-ebc4-49da-951a-9990a8cef519] Adding new dynamic property: PropertyDescriptor[simple]
[pool-2514-thread-1] INFO org.apache.nifi.processors.standard.RouteText - RouteText[id=7eed8dc2-ebc4-49da-951a-9990a8cef519] Created FlowFile[385,94823766775696.mockFlowFile,23B] from FlowFile[384,94823766775696.mockFlowFile,23B]; routing to relationship simple
[pool-2514-thread-1] INFO org.apache.nifi.processors.standard.RouteText - RouteText[id=7eed8dc2-ebc4-49da-951a-9990a8cef519] Routing FlowFile[384,94823766775696.mockFlowFile,23B] to original
[main] DEBUG org.apache.nifi.processors.standard.RouteText - RouteText[id=7eed8dc2-ebc4-49da-951a-9990a8cef519] Adding new dynamic property: PropertyDescriptor[simple]
[pool-2515-thread-1] INFO org.apache.nifi.processors.standard.RouteText - RouteText[id=7eed8dc2-ebc4-49da-951a-9990a8cef519] Created FlowFile[387,94823767489914.mockFlowFile,23B] from FlowFile[386,94823767489914.mockFlowFile,23B]; routing to relationship simple
[pool-2515-thread-1] INFO org.apache.nifi.processors.standard.RouteText - RouteText[id=7eed8dc2-ebc4-49da-951a-9990a8cef519] Routing FlowFile[386,94823767489914.mockFlowFile,23B] to original
[main] DEBUG org.apache.nifi.processors.standard.RouteText - RouteText[id=7eed8dc2-ebc4-49da-951a-9990a8cef519] Adding new dynamic property: PropertyDescriptor[simple]
[pool-2516-thread-1] INFO org.apache.nifi.processors.standard.RouteText - RouteText[id=7eed8dc2-ebc4-49da-951a-9990a8cef519] Created FlowFile[389,94823768271590.mockFlowFile,23B] from FlowFile[388,94823768271590.mockFlowFile,23B]; routing to relationship simple
[pool-2516-thread-1] INFO org.apache.nifi.processors.standard.RouteText - RouteText[id=7eed8dc2-ebc4-49da-951a-9990a8cef519] Routing FlowFile[388,94823768271590.mockFlowFile,23B] to original
[main] DEBUG org.apache.nifi.processors.standard.RouteText - RouteText[id=7eed8dc2-ebc4-49da-951a-9990a8cef519] Adding new dynamic property: PropertyDescriptor[simple]
[pool-2517-thread-1] INFO org.apache.nifi.processors.standard.RouteText - RouteText[id=7eed8dc2-ebc4-49da-951a-9990a8cef519] Created FlowFile[391,94823769247597.mockFlowFile,23B] from FlowFile[390,94823769247597.mockFlowFile,23B]; routing to relationship simple
[pool-2517-thread-1] INFO org.apache.nifi.processors.standard.RouteText - RouteText[id=7eed8dc2-ebc4-49da-951a-9990a8cef519] Routing FlowFile[390,94823769247597.mockFlowFile,23B] to original
[main] DEBUG org.apache.nifi.processors.standard.RouteText - RouteText[id=7eed8dc2-ebc4-49da-951a-9990a8cef519] Adding new dynamic property: PropertyDescriptor[simple]
[pool-2518-thread-1] INFO org.apache.nifi.processors.standard.RouteText - RouteText[id=7eed8dc2-ebc4-49da-951a-9990a8cef519] Created FlowFile[393,94823769838332.mockFlowFile,23B] from FlowFile[392,94823769838332.mockFlowFile,23B]; routing to relationship simple
[pool-2518-thread-1] INFO org.apache.nifi.processors.standard.RouteText - RouteText[id=7eed8dc2-ebc4-49da-951a-9990a8cef519] Routing FlowFile[392,94823769838332.mockFlowFile,23B] to original
[main] DEBUG org.apache.nifi.processors.standard.RouteText - RouteText[id=7eed8dc2-ebc4-49da-951a-9990a8cef519] Adding new dynamic property: PropertyDescriptor[simple]
[pool-2519-thread-1] INFO org.apache.nifi.processors.standard.RouteText - RouteText[id=7eed8dc2-ebc4-49da-951a-9990a8cef519] Created FlowFile[395,94823770410325.mockFlowFile,23B] from FlowFile[394,94823770410325.mockFlowFile,23B]; routing to relationship simple
[pool-2519-thread-1] INFO org.apache.nifi.processors.standard.RouteText - RouteText[id=7eed8dc2-ebc4-49da-951a-9990a8cef519] Routing FlowFile[394,94823770410325.mockFlowFile,23B] to original
[main] DEBUG org.apache.nifi.processors.standard.RouteText - RouteText[id=7eed8dc2-ebc4-49da-951a-9990a8cef519] Adding new dynamic property: PropertyDescriptor[simple]
[pool-2520-thread-1] INFO org.apache.nifi.processors.standard.RouteText - RouteText[id=7eed8dc2-ebc4-49da-951a-9990a8cef519] Created FlowFile[397,94823770925071.mockFlowFile,23B] from FlowFile[396,94823770925071.mockFlowFile,23B]; routing to relationship simple
[pool-2520-thread-1] INFO org.apache.nifi.processors.standard.RouteText - RouteText[id=7eed8dc2-ebc4-49da-951a-9990a8cef519] Routing FlowFile[396,94823770925071.mockFlowFile,23B] to original
[main] DEBUG org.apache.nifi.processors.standard.RouteText - RouteText[id=7eed8dc2-ebc4-49da-951a-9990a8cef519] Adding new dynamic property: PropertyDescriptor[simple]
[pool-2521-thread-1] INFO org.apache.nifi.processors.standard.RouteText - RouteText[id=7eed8dc2-ebc4-49da-951a-9990a8cef519] Created FlowFile[399,94823771402312.mockFlowFile,23B] from FlowFile[398,94823771402312.mockFlowFile,23B]; routing to relationship simple
[pool-2521-thread-1] INFO org.apache.nifi.processors.standard.RouteText - RouteText[id=7eed8dc2-ebc4-49da-951a-9990a8cef519] Routing FlowFile[398,94823771402312.mockFlowFile,23B] to original
[main] DEBUG org.apache.nifi.processors.standard.RouteText - RouteText[id=7eed8dc2-ebc4-49da-951a-9990a8cef519] Adding new dynamic property: PropertyDescriptor[simple]
[pool-2522-thread-1] INFO org.apache.nifi.processors.standard.RouteText - RouteText[id=7eed8dc2-ebc4-49da-951a-9990a8cef519] Created FlowFile[401,94823772036599.mockFlowFile,23B] from FlowFile[400,94823772036599.mockFlowFile,23B]; routing to relationship simple
[pool-2522-thread-1] INFO org.apache.nifi.processors.standard.RouteText - RouteText[id=7eed8dc2-ebc4-49da-951a-9990a8cef519] Routing FlowFile[400,94823772036599.mockFlowFile,23B] to original
[main] DEBUG org.apache.nifi.processors.standard.RouteText - RouteText[id=7eed8dc2-ebc4-49da-951a-9990a8cef519] Adding new dynamic property: PropertyDescriptor[simple]
[pool-2523-thread-1] INFO org.apache.nifi.processors.standard.RouteText - RouteText[id=7eed8dc2-ebc4-49da-951a-9990a8cef519] Created FlowFile[403,94823772555312.mockFlowFile,23B] from FlowFile[402,94823772555312.mockFlowFile,23B]; routing to relationship simple
[pool-2523-thread-1] INFO org.apache.nifi.processors.standard.RouteText - RouteText[id=7eed8dc2-ebc4-49da-951a-9990a8cef519] Routing FlowFile[402,94823772555312.mockFlowFile,23B] to original
[main] DEBUG org.apache.nifi.processors.standard.RouteText - RouteText[id=7eed8dc2-ebc4-49da-951a-9990a8cef519] Adding new dynamic property: PropertyDescriptor[simple]
[pool-2524-thread-1] INFO org.apache.nifi.processors.standard.RouteText - RouteText[id=7eed8dc2-ebc4-49da-951a-9990a8cef519] Created FlowFile[405,94823773063609.mockFlowFile,23B] from FlowFile[404,94823773063609.mockFlowFile,23B]; routing to relationship simple
[pool-2524-thread-1] INFO org.apache.nifi.processors.standard.RouteText - RouteText[id=7eed8dc2-ebc4-49da-951a-9990a8cef519] Routing FlowFile[404,94823773063609.mockFlowFile,23B] to original
[main] DEBUG org.apache.nifi.processors.standard.RouteText - RouteText[id=7eed8dc2-ebc4-49da-951a-9990a8cef519] Adding new dynamic property: PropertyDescriptor[simple]
[pool-2525-thread-1] INFO org.apache.nifi.processors.standard.RouteText - RouteText[id=7eed8dc2-ebc4-49da-951a-9990a8cef519] Created FlowFile[407,94823773547882.mockFlowFile,23B] from FlowFile[406,94823773547882.mockFlowFile,23B]; routing to relationship simple
[pool-2525-thread-1] INFO org.apache.nifi.processors.standard.RouteText - RouteText[id=7eed8dc2-ebc4-49da-951a-9990a8cef519] Routing FlowFile[406,94823773547882.mockFlowFile,23B] to original
[main] DEBUG org.apache.nifi.processors.standard.RouteText - RouteText[id=7eed8dc2-ebc4-49da-951a-9990a8cef519] Adding new dynamic property: PropertyDescriptor[simple]
[pool-2526-thread-1] INFO org.apache.nifi.processors.standard.RouteText - RouteText[id=7eed8dc2-ebc4-49da-951a-9990a8cef519] Created FlowFile[409,94823774013045.mockFlowFile,23B] from FlowFile[408,94823774013045.mockFlowFile,23B]; routing to relationship simple
[pool-2526-thread-1] INFO org.apache.nifi.processors.standard.RouteText - RouteText[id=7eed8dc2-ebc4-49da-951a-9990a8cef519] Routing FlowFile[408,94823774013045.mockFlowFile,23B] to original
[main] DEBUG org.apache.nifi.processors.standard.RouteText - RouteText[id=7eed8dc2-ebc4-49da-951a-9990a8cef519] Adding new dynamic property: PropertyDescriptor[simple]
[pool-2527-thread-1] INFO org.apache.nifi.processors.standard.RouteText - RouteText[id=7eed8dc2-ebc4-49da-951a-9990a8cef519] Created FlowFile[411,94823774520022.mockFlowFile,23B] from FlowFile[410,94823774520022.mockFlowFile,23B]; routing to relationship simple
[pool-2527-thread-1] INFO org.apache.nifi.processors.standard.RouteText - RouteText[id=7eed8dc2-ebc4-49da-951a-9990a8cef519] Routing FlowFile[410,94823774520022.mockFlowFile,23B] to original
[main] DEBUG org.apache.nifi.processors.standard.RouteText - RouteText[id=7eed8dc2-ebc4-49da-951a-9990a8cef519] Adding new dynamic property: PropertyDescriptor[simple]
[pool-2528-thread-1] INFO org.apache.nifi.processors.standard.RouteText - RouteText[id=7eed8dc2-ebc4-49da-951a-9990a8cef519] Created FlowFile[413,94823775024135.mockFlowFile,23B] from FlowFile[412,94823775024135.mockFlowFile,23B]; routing to relationship simple
[pool-2528-thread-1] INFO org.apache.nifi.processors.standard.RouteText - RouteText[id=7eed8dc2-ebc4-49da-951a-9990a8cef519] Routing FlowFile[412,94823775024135.mockFlowFile,23B] to original
[main] DEBUG org.apache.nifi.processors.standard.RouteText - RouteText[id=7eed8dc2-ebc4-49da-951a-9990a8cef519] Adding new dynamic property: PropertyDescriptor[simple]
[pool-2529-thread-1] INFO org.apache.nifi.processors.standard.RouteText - RouteText[id=7eed8dc2-ebc4-49da-951a-9990a8cef519] Created FlowFile[415,94823775458567.mockFlowFile,23B] from FlowFile[414,94823775458567.mockFlowFile,23B]; routing to relationship simple
[pool-2529-thread-1] INFO org.apache.nifi.processors.standard.RouteText - RouteText[id=7eed8dc2-ebc4-49da-951a-9990a8cef519] Routing FlowFile[414,94823775458567.mockFlowFile,23B] to original
[main] DEBUG org.apache.nifi.processors.standard.RouteText - RouteText[id=7eed8dc2-ebc4-49da-951a-9990a8cef519] Adding new dynamic property: PropertyDescriptor[simple]
[pool-2530-thread-1] INFO org.apache.nifi.processors.standard.RouteText - RouteText[id=7eed8dc2-ebc4-49da-951a-9990a8cef519] Created FlowFile[417,94823776080126.mockFlowFile,23B] from FlowFile[416,94823776080126.mockFlowFile,23B]; routing to relationship simple
[pool-2530-thread-1] INFO org.apache.nifi.processors.standard.RouteText - RouteText[id=7eed8dc2-ebc4-49da-951a-9990a8cef519] Routing FlowFile[416,94823776080126.mockFlowFile,23B] to original
[main] DEBUG org.apache.nifi.processors.standard.RouteText - RouteText[id=7eed8dc2-ebc4-49da-951a-9990a8cef519] Adding new dynamic property: PropertyDescriptor[simple]
[pool-2531-thread-1] INFO org.apache.nifi.processors.standard.RouteText - RouteText[id=7eed8dc2-ebc4-49da-951a-9990a8cef519] Created FlowFile[419,94823776564176.mockFlowFile,23B] from FlowFile[418,94823776564176.mockFlowFile,23B]; routing to relationship simple
[pool-2531-thread-1] INFO org.apache.nifi.processors.standard.RouteText - RouteText[id=7eed8dc2-ebc4-49da-951a-9990a8cef519] Routing FlowFile[418,94823776564176.mockFlowFile,23B] to original
[main] DEBUG org.apache.nifi.processors.standard.RouteText - RouteText[id=7eed8dc2-ebc4-49da-951a-9990a8cef519] Adding new dynamic property: PropertyDescriptor[simple]
[pool-2532-thread-1] INFO org.apache.nifi.processors.standard.RouteText - RouteText[id=7eed8dc2-ebc4-49da-951a-9990a8cef519] Created FlowFile[421,94823777086879.mockFlowFile,23B] from FlowFile[420,94823777086879.mockFlowFile,23B]; routing to relationship simple
[pool-2532-thread-1] INFO org.apache.nifi.processors.standard.RouteText - RouteText[id=7eed8dc2-ebc4-49da-951a-9990a8cef519] Routing FlowFile[420,94823777086879.mockFlowFile,23B] to original
[main] DEBUG org.apache.nifi.processors.standard.RouteText - RouteText[id=7eed8dc2-ebc4-49da-951a-9990a8cef519] Adding new dynamic property: PropertyDescriptor[simple]
[pool-2533-thread-1] INFO org.apache.nifi.processors.standard.RouteText - RouteText[id=7eed8dc2-ebc4-49da-951a-9990a8cef519] Created FlowFile[423,94823777663774.mockFlowFile,23B] from FlowFile[422,94823777663774.mockFlowFile,23B]; routing to relationship simple
[pool-2533-thread-1] INFO org.apache.nifi.processors.standard.RouteText - RouteText[id=7eed8dc2-ebc4-49da-951a-9990a8cef519] Routing FlowFile[422,94823777663774.mockFlowFile,23B] to original
[main] DEBUG org.apache.nifi.processors.standard.RouteText - RouteText[id=7eed8dc2-ebc4-49da-951a-9990a8cef519] Adding new dynamic property: PropertyDescriptor[simple]
[pool-2534-thread-1] INFO org.apache.nifi.processors.standard.RouteText - RouteText[id=7eed8dc2-ebc4-49da-951a-9990a8cef519] Created FlowFile[425,94823778190628.mockFlowFile,23B] from FlowFile[424,94823778190628.mockFlowFile,23B]; routing to relationship simple
[pool-2534-thread-1] INFO org.apache.nifi.processors.standard.RouteText - RouteText[id=7eed8dc2-ebc4-49da-951a-9990a8cef519] Routing FlowFile[424,94823778190628.mockFlowFile,23B] to original
[main] DEBUG org.apache.nifi.processors.standard.RouteText - RouteText[id=7eed8dc2-ebc4-49da-951a-9990a8cef519] Adding new dynamic property: PropertyDescriptor[simple]
[pool-2535-thread-1] INFO org.apache.nifi.processors.standard.RouteText - RouteText[id=7eed8dc2-ebc4-49da-951a-9990a8cef519] Created FlowFile[427,94823778703438.mockFlowFile,23B] from FlowFile[426,94823778703438.mockFlowFile,23B]; routing to relationship simple
[pool-2535-thread-1] INFO org.apache.nifi.processors.standard.RouteText - RouteText[id=7eed8dc2-ebc4-49da-951a-9990a8cef519] Routing FlowFile[426,94823778703438.mockFlowFile,23B] to original
[main] DEBUG org.apache.nifi.processors.standard.RouteText - RouteText[id=7eed8dc2-ebc4-49da-951a-9990a8cef519] Adding new dynamic property: PropertyDescriptor[simple]
[pool-2536-thread-1] INFO org.apache.nifi.processors.standard.RouteText - RouteText[id=7eed8dc2-ebc4-49da-951a-9990a8cef519] Created FlowFile[429,94823779212082.mockFlowFile,23B] from FlowFile[428,94823779212082.mockFlowFile,23B]; routing to relationship simple
[pool-2536-thread-1] INFO org.apache.nifi.processors.standard.RouteText - RouteText[id=7eed8dc2-ebc4-49da-951a-9990a8cef519] Routing FlowFile[428,94823779212082.mockFlowFile,23B] to original
[main] DEBUG org.apache.nifi.processors.standard.RouteText - RouteText[id=7eed8dc2-ebc4-49da-951a-9990a8cef519] Adding new dynamic property: PropertyDescriptor[simple]
[pool-2537-thread-1] INFO org.apache.nifi.processors.standard.RouteText - RouteText[id=7eed8dc2-ebc4-49da-951a-9990a8cef519] Created FlowFile[431,94823779977362.mockFlowFile,23B] from FlowFile[430,94823779977362.mockFlowFile,23B]; routing to relationship simple
[pool-2537-thread-1] INFO org.apache.nifi.processors.standard.RouteText - RouteText[id=7eed8dc2-ebc4-49da-951a-9990a8cef519] Routing FlowFile[430,94823779977362.mockFlowFile,23B] to original
[main] DEBUG org.apache.nifi.processors.standard.RouteText - RouteText[id=7eed8dc2-ebc4-49da-951a-9990a8cef519] Adding new dynamic property: PropertyDescriptor[simple]
[pool-2538-thread-1] INFO org.apache.nifi.processors.standard.RouteText - RouteText[id=7eed8dc2-ebc4-49da-951a-9990a8cef519] Created FlowFile[433,94823780658594.mockFlowFile,23B] from FlowFile[432,94823780658594.mockFlowFile,23B]; routing to relationship simple
[pool-2538-thread-1] INFO org.apache.nifi.processors.standard.RouteText - RouteText[id=7eed8dc2-ebc4-49da-951a-9990a8cef519] Routing FlowFile[432,94823780658594.mockFlowFile,23B] to original
[main] DEBUG org.apache.nifi.processors.standard.RouteText - RouteText[id=7eed8dc2-ebc4-49da-951a-9990a8cef519] Adding new dynamic property: PropertyDescriptor[simple]
[pool-2539-thread-1] INFO org.apache.nifi.processors.standard.RouteText - RouteText[id=7eed8dc2-ebc4-49da-951a-9990a8cef519] Created FlowFile[435,94823781290804.mockFlowFile,23B] from FlowFile[434,94823781290804.mockFlowFile,23B]; routing to relationship simple
[pool-2539-thread-1] INFO org.apache.nifi.processors.standard.RouteText - RouteText[id=7eed8dc2-ebc4-49da-951a-9990a8cef519] Routing FlowFile[434,94823781290804.mockFlowFile,23B] to original
[main] DEBUG org.apache.nifi.processors.standard.RouteText - RouteText[id=7eed8dc2-ebc4-49da-951a-9990a8cef519] Adding new dynamic property: PropertyDescriptor[simple]
[pool-2540-thread-1] INFO org.apache.nifi.processors.standard.RouteText - RouteText[id=7eed8dc2-ebc4-49da-951a-9990a8cef519] Created FlowFile[437,94823781857389.mockFlowFile,23B] from FlowFile[436,94823781857389.mockFlowFile,23B]; routing to relationship simple
[pool-2540-thread-1] INFO org.apache.nifi.processors.standard.RouteText - RouteText[id=7eed8dc2-ebc4-49da-951a-9990a8cef519] Routing FlowFile[436,94823781857389.mockFlowFile,23B] to original
[main] DEBUG org.apache.nifi.processors.standard.RouteText - RouteText[id=7eed8dc2-ebc4-49da-951a-9990a8cef519] Adding new dynamic property: PropertyDescriptor[simple]
[pool-2541-thread-1] INFO org.apache.nifi.processors.standard.RouteText - RouteText[id=7eed8dc2-ebc4-49da-951a-9990a8cef519] Created FlowFile[439,94823782412805.mockFlowFile,23B] from FlowFile[438,94823782412805.mockFlowFile,23B]; routing to relationship simple
[pool-2541-thread-1] INFO org.apache.nifi.processors.standard.RouteText - RouteText[id=7eed8dc2-ebc4-49da-951a-9990a8cef519] Routing FlowFile[438,94823782412805.mockFlowFile,23B] to original
[main] DEBUG org.apache.nifi.processors.standard.RouteText - RouteText[id=7eed8dc2-ebc4-49da-951a-9990a8cef519] Adding new dynamic property: PropertyDescriptor[simple]
[pool-2542-thread-1] INFO org.apache.nifi.processors.standard.RouteText - RouteText[id=7eed8dc2-ebc4-49da-951a-9990a8cef519] Created FlowFile[441,94823783099130.mockFlowFile,23B] from FlowFile[440,94823783099130.mockFlowFile,23B]; routing to relationship simple
[pool-2542-thread-1] INFO org.apache.nifi.processors.standard.RouteText - RouteText[id=7eed8dc2-ebc4-49da-951a-9990a8cef519] Routing FlowFile[440,94823783099130.mockFlowFile,23B] to original
[main] DEBUG org.apache.nifi.processors.standard.RouteText - RouteText[id=7eed8dc2-ebc4-49da-951a-9990a8cef519] Adding new dynamic property: PropertyDescriptor[simple]
[pool-2543-thread-1] INFO org.apache.nifi.processors.standard.RouteText - RouteText[id=7eed8dc2-ebc4-49da-951a-9990a8cef519] Created FlowFile[443,94823783677932.mockFlowFile,23B] from FlowFile[442,94823783677932.mockFlowFile,23B]; routing to relationship simple
[pool-2543-thread-1] INFO org.apache.nifi.processors.standard.RouteText - RouteText[id=7eed8dc2-ebc4-49da-951a-9990a8cef519] Routing FlowFile[442,94823783677932.mockFlowFile,23B] to original
[main] DEBUG org.apache.nifi.processors.standard.RouteText - RouteText[id=7eed8dc2-ebc4-49da-951a-9990a8cef519] Adding new dynamic property: PropertyDescriptor[simple]
[pool-2544-thread-1] INFO org.apache.nifi.processors.standard.RouteText - RouteText[id=7eed8dc2-ebc4-49da-951a-9990a8cef519] Created FlowFile[445,94823784228385.mockFlowFile,23B] from FlowFile[444,94823784228385.mockFlowFile,23B]; routing to relationship simple
[pool-2544-thread-1] INFO org.apache.nifi.processors.standard.RouteText - RouteText[id=7eed8dc2-ebc4-49da-951a-9990a8cef519] Routing FlowFile[444,94823784228385.mockFlowFile,23B] to original
[main] DEBUG org.apache.nifi.processors.standard.RouteText - RouteText[id=7eed8dc2-ebc4-49da-951a-9990a8cef519] Adding new dynamic property: PropertyDescriptor[simple]
[pool-2545-thread-1] INFO org.apache.nifi.processors.standard.RouteText - RouteText[id=7eed8dc2-ebc4-49da-951a-9990a8cef519] Created FlowFile[447,94823784740665.mockFlowFile,23B] from FlowFile[446,94823784740665.mockFlowFile,23B]; routing to relationship simple
[pool-2545-thread-1] INFO org.apache.nifi.processors.standard.RouteText - RouteText[id=7eed8dc2-ebc4-49da-951a-9990a8cef519] Routing FlowFile[446,94823784740665.mockFlowFile,23B] to original
[main] DEBUG org.apache.nifi.processors.standard.RouteText - RouteText[id=7eed8dc2-ebc4-49da-951a-9990a8cef519] Adding new dynamic property: PropertyDescriptor[simple]
[pool-2546-thread-1] INFO org.apache.nifi.processors.standard.RouteText - RouteText[id=7eed8dc2-ebc4-49da-951a-9990a8cef519] Created FlowFile[449,94823785344311.mockFlowFile,23B] from FlowFile[448,94823785344311.mockFlowFile,23B]; routing to relationship simple
[pool-2546-thread-1] INFO org.apache.nifi.processors.standard.RouteText - RouteText[id=7eed8dc2-ebc4-49da-951a-9990a8cef519] Routing FlowFile[448,94823785344311.mockFlowFile,23B] to original
[main] DEBUG org.apache.nifi.processors.standard.RouteText - RouteText[id=7eed8dc2-ebc4-49da-951a-9990a8cef519] Adding new dynamic property: PropertyDescriptor[simple]
[pool-2547-thread-1] INFO org.apache.nifi.processors.standard.RouteText - RouteText[id=7eed8dc2-ebc4-49da-951a-9990a8cef519] Created FlowFile[451,94823785919188.mockFlowFile,23B] from FlowFile[450,94823785919188.mockFlowFile,23B]; routing to relationship simple
[pool-2547-thread-1] INFO org.apache.nifi.processors.standard.RouteText - RouteText[id=7eed8dc2-ebc4-49da-951a-9990a8cef519] Routing FlowFile[450,94823785919188.mockFlowFile,23B] to original
[main] DEBUG org.apache.nifi.processors.standard.RouteText - RouteText[id=7eed8dc2-ebc4-49da-951a-9990a8cef519] Adding new dynamic property: PropertyDescriptor[simple]
[pool-2548-thread-1] INFO org.apache.nifi.processors.standard.RouteText - RouteText[id=7eed8dc2-ebc4-49da-951a-9990a8cef519] Created FlowFile[453,94823786436887.mockFlowFile,23B] from FlowFile[452,94823786436887.mockFlowFile,23B]; routing to relationship simple
[pool-2548-thread-1] INFO org.apache.nifi.processors.standard.RouteText - RouteText[id=7eed8dc2-ebc4-49da-951a-9990a8cef519] Routing FlowFile[452,94823786436887.mockFlowFile,23B] to original
[main] DEBUG org.apache.nifi.processors.standard.RouteText - RouteText[id=7eed8dc2-ebc4-49da-951a-9990a8cef519] Adding new dynamic property: PropertyDescriptor[simple]
[pool-2549-thread-1] INFO org.apache.nifi.processors.standard.RouteText - RouteText[id=7eed8dc2-ebc4-49da-951a-9990a8cef519] Created FlowFile[455,94823786983144.mockFlowFile,23B] from FlowFile[454,94823786983144.mockFlowFile,23B]; routing to relationship simple
[pool-2549-thread-1] INFO org.apache.nifi.processors.standard.RouteText - RouteText[id=7eed8dc2-ebc4-49da-951a-9990a8cef519] Routing FlowFile[454,94823786983144.mockFlowFile,23B] to original
[main] DEBUG org.apache.nifi.processors.standard.RouteText - RouteText[id=7eed8dc2-ebc4-49da-951a-9990a8cef519] Adding new dynamic property: PropertyDescriptor[simple]
[pool-2550-thread-1] INFO org.apache.nifi.processors.standard.RouteText - RouteText[id=7eed8dc2-ebc4-49da-951a-9990a8cef519] Created FlowFile[457,94823787510118.mockFlowFile,23B] from FlowFile[456,94823787510118.mockFlowFile,23B]; routing to relationship simple
[pool-2550-thread-1] INFO org.apache.nifi.processors.standard.RouteText - RouteText[id=7eed8dc2-ebc4-49da-951a-9990a8cef519] Routing FlowFile[456,94823787510118.mockFlowFile,23B] to original
[main] DEBUG org.apache.nifi.processors.standard.RouteText - RouteText[id=7eed8dc2-ebc4-49da-951a-9990a8cef519] Adding new dynamic property: PropertyDescriptor[simple]
[pool-2551-thread-1] INFO org.apache.nifi.processors.standard.RouteText - RouteText[id=7eed8dc2-ebc4-49da-951a-9990a8cef519] Created FlowFile[459,94823787996991.mockFlowFile,23B] from FlowFile[458,94823787996991.mockFlowFile,23B]; routing to relationship simple
[pool-2551-thread-1] INFO org.apache.nifi.processors.standard.RouteText - RouteText[id=7eed8dc2-ebc4-49da-951a-9990a8cef519] Routing FlowFile[458,94823787996991.mockFlowFile,23B] to original
[main] DEBUG org.apache.nifi.processors.standard.RouteText - RouteText[id=7eed8dc2-ebc4-49da-951a-9990a8cef519] Adding new dynamic property: PropertyDescriptor[simple]
[pool-2552-thread-1] INFO org.apache.nifi.processors.standard.RouteText - RouteText[id=7eed8dc2-ebc4-49da-951a-9990a8cef519] Created FlowFile[461,94823788606435.mockFlowFile,23B] from FlowFile[460,94823788606435.mockFlowFile,23B]; routing to relationship simple
[pool-2552-thread-1] INFO org.apache.nifi.processors.standard.RouteText - RouteText[id=7eed8dc2-ebc4-49da-951a-9990a8cef519] Routing FlowFile[460,94823788606435.mockFlowFile,23B] to original
[main] DEBUG org.apache.nifi.processors.standard.RouteText - RouteText[id=7eed8dc2-ebc4-49da-951a-9990a8cef519] Adding new dynamic property: PropertyDescriptor[simple]
[pool-2553-thread-1] INFO org.apache.nifi.processors.standard.RouteText - RouteText[id=7eed8dc2-ebc4-49da-951a-9990a8cef519] Created FlowFile[463,94823789326595.mockFlowFile,23B] from FlowFile[462,94823789326595.mockFlowFile,23B]; routing to relationship simple
[pool-2553-thread-1] INFO org.apache.nifi.processors.standard.RouteText - RouteText[id=7eed8dc2-ebc4-49da-951a-9990a8cef519] Routing FlowFile[462,94823789326595.mockFlowFile,23B] to original
[main] DEBUG org.apache.nifi.processors.standard.RouteText - RouteText[id=7eed8dc2-ebc4-49da-951a-9990a8cef519] Adding new dynamic property: PropertyDescriptor[simple]
[pool-2554-thread-1] INFO org.apache.nifi.processors.standard.RouteText - RouteText[id=7eed8dc2-ebc4-49da-951a-9990a8cef519] Created FlowFile[465,94823789929549.mockFlowFile,23B] from FlowFile[464,94823789929549.mockFlowFile,23B]; routing to relationship simple
[pool-2554-thread-1] INFO org.apache.nifi.processors.standard.RouteText - RouteText[id=7eed8dc2-ebc4-49da-951a-9990a8cef519] Routing FlowFile[464,94823789929549.mockFlowFile,23B] to original
[main] DEBUG org.apache.nifi.processors.standard.RouteText - RouteText[id=7eed8dc2-ebc4-49da-951a-9990a8cef519] Adding new dynamic property: PropertyDescriptor[simple]
[pool-2555-thread-1] INFO org.apache.nifi.processors.standard.RouteText - RouteText[id=7eed8dc2-ebc4-49da-951a-9990a8cef519] Created FlowFile[467,94823790480656.mockFlowFile,23B] from FlowFile[466,94823790480656.mockFlowFile,23B]; routing to relationship simple
[pool-2555-thread-1] INFO org.apache.nifi.processors.standard.RouteText - RouteText[id=7eed8dc2-ebc4-49da-951a-9990a8cef519] Routing FlowFile[466,94823790480656.mockFlowFile,23B] to original
[main] DEBUG org.apache.nifi.processors.standard.RouteText - RouteText[id=7eed8dc2-ebc4-49da-951a-9990a8cef519] Adding new dynamic property: PropertyDescriptor[simple]
[pool-2556-thread-1] INFO org.apache.nifi.processors.standard.RouteText - RouteText[id=7eed8dc2-ebc4-49da-951a-9990a8cef519] Created FlowFile[469,94823790878524.mockFlowFile,23B] from FlowFile[468,94823790878524.mockFlowFile,23B]; routing to relationship simple
[pool-2556-thread-1] INFO org.apache.nifi.processors.standard.RouteText - RouteText[id=7eed8dc2-ebc4-49da-951a-9990a8cef519] Routing FlowFile[468,94823790878524.mockFlowFile,23B] to original
[main] DEBUG org.apache.nifi.processors.standard.RouteText - RouteText[id=7eed8dc2-ebc4-49da-951a-9990a8cef519] Adding new dynamic property: PropertyDescriptor[simple]
[pool-2557-thread-1] INFO org.apache.nifi.processors.standard.RouteText - RouteText[id=7eed8dc2-ebc4-49da-951a-9990a8cef519] Created FlowFile[471,94823791333486.mockFlowFile,23B] from FlowFile[470,94823791333486.mockFlowFile,23B]; routing to relationship simple
[pool-2557-thread-1] INFO org.apache.nifi.processors.standard.RouteText - RouteText[id=7eed8dc2-ebc4-49da-951a-9990a8cef519] Routing FlowFile[470,94823791333486.mockFlowFile,23B] to original
[main] DEBUG org.apache.nifi.processors.standard.RouteText - RouteText[id=7eed8dc2-ebc4-49da-951a-9990a8cef519] Adding new dynamic property: PropertyDescriptor[simple]
[pool-2558-thread-1] INFO org.apache.nifi.processors.standard.RouteText - RouteText[id=7eed8dc2-ebc4-49da-951a-9990a8cef519] Created FlowFile[473,94823791875906.mockFlowFile,23B] from FlowFile[472,94823791875906.mockFlowFile,23B]; routing to relationship simple
[pool-2558-thread-1] INFO org.apache.nifi.processors.standard.RouteText - RouteText[id=7eed8dc2-ebc4-49da-951a-9990a8cef519] Routing FlowFile[472,94823791875906.mockFlowFile,23B] to original
[main] DEBUG org.apache.nifi.processors.standard.RouteText - RouteText[id=7eed8dc2-ebc4-49da-951a-9990a8cef519] Adding new dynamic property: PropertyDescriptor[simple]
[pool-2559-thread-1] INFO org.apache.nifi.processors.standard.RouteText - RouteText[id=7eed8dc2-ebc4-49da-951a-9990a8cef519] Created FlowFile[475,94823792423989.mockFlowFile,23B] from FlowFile[474,94823792423989.mockFlowFile,23B]; routing to relationship simple
[pool-2559-thread-1] INFO org.apache.nifi.processors.standard.RouteText - RouteText[id=7eed8dc2-ebc4-49da-951a-9990a8cef519] Routing FlowFile[474,94823792423989.mockFlowFile,23B] to original
[main] DEBUG org.apache.nifi.processors.standard.RouteText - RouteText[id=7eed8dc2-ebc4-49da-951a-9990a8cef519] Adding new dynamic property: PropertyDescriptor[simple]
[pool-2560-thread-1] INFO org.apache.nifi.processors.standard.RouteText - RouteText[id=7eed8dc2-ebc4-49da-951a-9990a8cef519] Created FlowFile[477,94823793039183.mockFlowFile,23B] from FlowFile[476,94823793039183.mockFlowFile,23B]; routing to relationship simple
[pool-2560-thread-1] INFO org.apache.nifi.processors.standard.RouteText - RouteText[id=7eed8dc2-ebc4-49da-951a-9990a8cef519] Routing FlowFile[476,94823793039183.mockFlowFile,23B] to original
[main] DEBUG org.apache.nifi.processors.standard.RouteText - RouteText[id=7eed8dc2-ebc4-49da-951a-9990a8cef519] Adding new dynamic property: PropertyDescriptor[simple]
[pool-2561-thread-1] INFO org.apache.nifi.processors.standard.RouteText - RouteText[id=7eed8dc2-ebc4-49da-951a-9990a8cef519] Created FlowFile[479,94823793563924.mockFlowFile,23B] from FlowFile[478,94823793563924.mockFlowFile,23B]; routing to relationship simple
[pool-2561-thread-1] INFO org.apache.nifi.processors.standard.RouteText - RouteText[id=7eed8dc2-ebc4-49da-951a-9990a8cef519] Routing FlowFile[478,94823793563924.mockFlowFile,23B] to original
[main] DEBUG org.apache.nifi.processors.standard.RouteText - RouteText[id=7eed8dc2-ebc4-49da-951a-9990a8cef519] Adding new dynamic property: PropertyDescriptor[simple]
[pool-2562-thread-1] INFO org.apache.nifi.processors.standard.RouteText - RouteText[id=7eed8dc2-ebc4-49da-951a-9990a8cef519] Created FlowFile[481,94823794039514.mockFlowFile,23B] from FlowFile[480,94823794039514.mockFlowFile,23B]; routing to relationship simple
[pool-2562-thread-1] INFO org.apache.nifi.processors.standard.RouteText - RouteText[id=7eed8dc2-ebc4-49da-951a-9990a8cef519] Routing FlowFile[480,94823794039514.mockFlowFile,23B] to original
[main] DEBUG org.apache.nifi.processors.standard.RouteText - RouteText[id=7eed8dc2-ebc4-49da-951a-9990a8cef519] Adding new dynamic property: PropertyDescriptor[simple]
[pool-2563-thread-1] INFO org.apache.nifi.processors.standard.RouteText - RouteText[id=7eed8dc2-ebc4-49da-951a-9990a8cef519] Created FlowFile[483,94823794414086.mockFlowFile,23B] from FlowFile[482,94823794414086.mockFlowFile,23B]; routing to relationship simple
[pool-2563-thread-1] INFO org.apache.nifi.processors.standard.RouteText - RouteText[id=7eed8dc2-ebc4-49da-951a-9990a8cef519] Routing FlowFile[482,94823794414086.mockFlowFile,23B] to original
[main] DEBUG org.apache.nifi.processors.standard.RouteText - RouteText[id=7eed8dc2-ebc4-49da-951a-9990a8cef519] Adding new dynamic property: PropertyDescriptor[simple]
[pool-2564-thread-1] INFO org.apache.nifi.processors.standard.RouteText - RouteText[id=7eed8dc2-ebc4-49da-951a-9990a8cef519] Created FlowFile[485,94823794765901.mockFlowFile,23B] from FlowFile[484,94823794765901.mockFlowFile,23B]; routing to relationship simple
[pool-2564-thread-1] INFO org.apache.nifi.processors.standard.RouteText - RouteText[id=7eed8dc2-ebc4-49da-951a-9990a8cef519] Routing FlowFile[484,94823794765901.mockFlowFile,23B] to original
[main] DEBUG org.apache.nifi.processors.standard.RouteText - RouteText[id=7eed8dc2-ebc4-49da-951a-9990a8cef519] Adding new dynamic property: PropertyDescriptor[simple]
[pool-2565-thread-1] INFO org.apache.nifi.processors.standard.RouteText - RouteText[id=7eed8dc2-ebc4-49da-951a-9990a8cef519] Created FlowFile[487,94823795120225.mockFlowFile,23B] from FlowFile[486,94823795120225.mockFlowFile,23B]; routing to relationship simple
[pool-2565-thread-1] INFO org.apache.nifi.processors.standard.RouteText - RouteText[id=7eed8dc2-ebc4-49da-951a-9990a8cef519] Routing FlowFile[486,94823795120225.mockFlowFile,23B] to original
[main] DEBUG org.apache.nifi.processors.standard.RouteText - RouteText[id=7eed8dc2-ebc4-49da-951a-9990a8cef519] Adding new dynamic property: PropertyDescriptor[simple]
[pool-2566-thread-1] INFO org.apache.nifi.processors.standard.RouteText - RouteText[id=7eed8dc2-ebc4-49da-951a-9990a8cef519] Created FlowFile[489,94823795588603.mockFlowFile,23B] from FlowFile[488,94823795588603.mockFlowFile,23B]; routing to relationship simple
[pool-2566-thread-1] INFO org.apache.nifi.processors.standard.RouteText - RouteText[id=7eed8dc2-ebc4-49da-951a-9990a8cef519] Routing FlowFile[488,94823795588603.mockFlowFile,23B] to original
[main] DEBUG org.apache.nifi.processors.standard.RouteText - RouteText[id=7eed8dc2-ebc4-49da-951a-9990a8cef519] Adding new dynamic property: PropertyDescriptor[simple]
[pool-2567-thread-1] INFO org.apache.nifi.processors.standard.RouteText - RouteText[id=7eed8dc2-ebc4-49da-951a-9990a8cef519] Created FlowFile[491,94823795932427.mockFlowFile,23B] from FlowFile[490,94823795932427.mockFlowFile,23B]; routing to relationship simple
[pool-2567-thread-1] INFO org.apache.nifi.processors.standard.RouteText - RouteText[id=7eed8dc2-ebc4-49da-951a-9990a8cef519] Routing FlowFile[490,94823795932427.mockFlowFile,23B] to original
[main] DEBUG org.apache.nifi.processors.standard.RouteText - RouteText[id=7eed8dc2-ebc4-49da-951a-9990a8cef519] Adding new dynamic property: PropertyDescriptor[simple]
[pool-2568-thread-1] INFO org.apache.nifi.processors.standard.RouteText - RouteText[id=7eed8dc2-ebc4-49da-951a-9990a8cef519] Created FlowFile[493,94823796494686.mockFlowFile,23B] from FlowFile[492,94823796494686.mockFlowFile,23B]; routing to relationship simple
[pool-2568-thread-1] INFO org.apache.nifi.processors.standard.RouteText - RouteText[id=7eed8dc2-ebc4-49da-951a-9990a8cef519] Routing FlowFile[492,94823796494686.mockFlowFile,23B] to original
[main] DEBUG org.apache.nifi.processors.standard.RouteText - RouteText[id=7eed8dc2-ebc4-49da-951a-9990a8cef519] Adding new dynamic property: PropertyDescriptor[simple]
[pool-2569-thread-1] INFO org.apache.nifi.processors.standard.RouteText - RouteText[id=7eed8dc2-ebc4-49da-951a-9990a8cef519] Created FlowFile[495,94823797269350.mockFlowFile,23B] from FlowFile[494,94823797269350.mockFlowFile,23B]; routing to relationship simple
[pool-2569-thread-1] INFO org.apache.nifi.processors.standard.RouteText - RouteText[id=7eed8dc2-ebc4-49da-951a-9990a8cef519] Routing FlowFile[494,94823797269350.mockFlowFile,23B] to original
[main] DEBUG org.apache.nifi.processors.standard.RouteText - RouteText[id=7eed8dc2-ebc4-49da-951a-9990a8cef519] Adding new dynamic property: PropertyDescriptor[simple]
[pool-2570-thread-1] INFO org.apache.nifi.processors.standard.RouteText - RouteText[id=7eed8dc2-ebc4-49da-951a-9990a8cef519] Created FlowFile[497,94823797681433.mockFlowFile,23B] from FlowFile[496,94823797681433.mockFlowFile,23B]; routing to relationship simple
[pool-2570-thread-1] INFO org.apache.nifi.processors.standard.RouteText - RouteText[id=7eed8dc2-ebc4-49da-951a-9990a8cef519] Routing FlowFile[496,94823797681433.mockFlowFile,23B] to original
[main] DEBUG org.apache.nifi.processors.standard.RouteText - RouteText[id=7eed8dc2-ebc4-49da-951a-9990a8cef519] Adding new dynamic property: PropertyDescriptor[simple]
[pool-2571-thread-1] INFO org.apache.nifi.processors.standard.RouteText - RouteText[id=7eed8dc2-ebc4-49da-951a-9990a8cef519] Created FlowFile[499,94823798203593.mockFlowFile,23B] from FlowFile[498,94823798203593.mockFlowFile,23B]; routing to relationship simple
[pool-2571-thread-1] INFO org.apache.nifi.processors.standard.RouteText - RouteText[id=7eed8dc2-ebc4-49da-951a-9990a8cef519] Routing FlowFile[498,94823798203593.mockFlowFile,23B] to original
[main] DEBUG org.apache.nifi.processors.standard.RouteText - RouteText[id=7eed8dc2-ebc4-49da-951a-9990a8cef519] Adding new dynamic property: PropertyDescriptor[simple]
[pool-2572-thread-1] INFO org.apache.nifi.processors.standard.RouteText - RouteText[id=7eed8dc2-ebc4-49da-951a-9990a8cef519] Created FlowFile[501,94823798678982.mockFlowFile,23B] from FlowFile[500,94823798678982.mockFlowFile,23B]; routing to relationship simple
[pool-2572-thread-1] INFO org.apache.nifi.processors.standard.RouteText - RouteText[id=7eed8dc2-ebc4-49da-951a-9990a8cef519] Routing FlowFile[500,94823798678982.mockFlowFile,23B] to original
[main] DEBUG org.apache.nifi.processors.standard.RouteText - RouteText[id=7eed8dc2-ebc4-49da-951a-9990a8cef519] Adding new dynamic property: PropertyDescriptor[simple]
[pool-2573-thread-1] INFO org.apache.nifi.processors.standard.RouteText - RouteText[id=7eed8dc2-ebc4-49da-951a-9990a8cef519] Created FlowFile[503,94823799176847.mockFlowFile,23B] from FlowFile[502,94823799176847.mockFlowFile,23B]; routing to relationship simple
[pool-2573-thread-1] INFO org.apache.nifi.processors.standard.RouteText - RouteText[id=7eed8dc2-ebc4-49da-951a-9990a8cef519] Routing FlowFile[502,94823799176847.mockFlowFile,23B] to original
[main] DEBUG org.apache.nifi.processors.standard.RouteText - RouteText[id=7eed8dc2-ebc4-49da-951a-9990a8cef519] Adding new dynamic property: PropertyDescriptor[simple]
[pool-2574-thread-1] INFO org.apache.nifi.processors.standard.RouteText - RouteText[id=7eed8dc2-ebc4-49da-951a-9990a8cef519] Created FlowFile[505,94823799666905.mockFlowFile,23B] from FlowFile[504,94823799666905.mockFlowFile,23B]; routing to relationship simple
[pool-2574-thread-1] INFO org.apache.nifi.processors.standard.RouteText - RouteText[id=7eed8dc2-ebc4-49da-951a-9990a8cef519] Routing FlowFile[504,94823799666905.mockFlowFile,23B] to original
[main] DEBUG org.apache.nifi.processors.standard.RouteText - RouteText[id=7eed8dc2-ebc4-49da-951a-9990a8cef519] Adding new dynamic property: PropertyDescriptor[simple]
[pool-2575-thread-1] INFO org.apache.nifi.processors.standard.RouteText - RouteText[id=7eed8dc2-ebc4-49da-951a-9990a8cef519] Created FlowFile[507,94823800150656.mockFlowFile,23B] from FlowFile[506,94823800150656.mockFlowFile,23B]; routing to relationship simple
[pool-2575-thread-1] INFO org.apache.nifi.processors.standard.RouteText - RouteText[id=7eed8dc2-ebc4-49da-951a-9990a8cef519] Routing FlowFile[506,94823800150656.mockFlowFile,23B] to original
[main] DEBUG org.apache.nifi.processors.standard.RouteText - RouteText[id=7eed8dc2-ebc4-49da-951a-9990a8cef519] Adding new dynamic property: PropertyDescriptor[simple]
[pool-2576-thread-1] INFO org.apache.nifi.processors.standard.RouteText - RouteText[id=7eed8dc2-ebc4-49da-951a-9990a8cef519] Created FlowFile[509,94823800729511.mockFlowFile,23B] from FlowFile[508,94823800729511.mockFlowFile,23B]; routing to relationship simple
[pool-2576-thread-1] INFO org.apache.nifi.processors.standard.RouteText - RouteText[id=7eed8dc2-ebc4-49da-951a-9990a8cef519] Routing FlowFile[508,94823800729511.mockFlowFile,23B] to original
[main] DEBUG org.apache.nifi.processors.standard.RouteText - RouteText[id=7eed8dc2-ebc4-49da-951a-9990a8cef519] Adding new dynamic property: PropertyDescriptor[simple]
[pool-2577-thread-1] INFO org.apache.nifi.processors.standard.RouteText - RouteText[id=7eed8dc2-ebc4-49da-951a-9990a8cef519] Created FlowFile[511,94823801248694.mockFlowFile,23B] from FlowFile[510,94823801248694.mockFlowFile,23B]; routing to relationship simple
[pool-2577-thread-1] INFO org.apache.nifi.processors.standard.RouteText - RouteText[id=7eed8dc2-ebc4-49da-951a-9990a8cef519] Routing FlowFile[510,94823801248694.mockFlowFile,23B] to original
[main] DEBUG org.apache.nifi.processors.standard.RouteText - RouteText[id=7eed8dc2-ebc4-49da-951a-9990a8cef519] Adding new dynamic property: PropertyDescriptor[simple]
[pool-2578-thread-1] INFO org.apache.nifi.processors.standard.RouteText - RouteText[id=7eed8dc2-ebc4-49da-951a-9990a8cef519] Created FlowFile[513,94823801661148.mockFlowFile,23B] from FlowFile[512,94823801661148.mockFlowFile,23B]; routing to relationship simple
[pool-2578-thread-1] INFO org.apache.nifi.processors.standard.RouteText - RouteText[id=7eed8dc2-ebc4-49da-951a-9990a8cef519] Routing FlowFile[512,94823801661148.mockFlowFile,23B] to original
[main] DEBUG org.apache.nifi.processors.standard.RouteText - RouteText[id=7eed8dc2-ebc4-49da-951a-9990a8cef519] Adding new dynamic property: PropertyDescriptor[simple]
[pool-2579-thread-1] INFO org.apache.nifi.processors.standard.RouteText - RouteText[id=7eed8dc2-ebc4-49da-951a-9990a8cef519] Created FlowFile[515,94823802161606.mockFlowFile,23B] from FlowFile[514,94823802161606.mockFlowFile,23B]; routing to relationship simple
[pool-2579-thread-1] INFO org.apache.nifi.processors.standard.RouteText - RouteText[id=7eed8dc2-ebc4-49da-951a-9990a8cef519] Routing FlowFile[514,94823802161606.mockFlowFile,23B] to original
[main] DEBUG org.apache.nifi.processors.standard.RouteText - RouteText[id=7eed8dc2-ebc4-49da-951a-9990a8cef519] Adding new dynamic property: PropertyDescriptor[simple]
[pool-2580-thread-1] INFO org.apache.nifi.processors.standard.RouteText - RouteText[id=7eed8dc2-ebc4-49da-951a-9990a8cef519] Created FlowFile[517,94823802710354.mockFlowFile,23B] from FlowFile[516,94823802710354.mockFlowFile,23B]; routing to relationship simple
[pool-2580-thread-1] INFO org.apache.nifi.processors.standard.RouteText - RouteText[id=7eed8dc2-ebc4-49da-951a-9990a8cef519] Routing FlowFile[516,94823802710354.mockFlowFile,23B] to original
[main] DEBUG org.apache.nifi.processors.standard.RouteText - RouteText[id=7eed8dc2-ebc4-49da-951a-9990a8cef519] Adding new dynamic property: PropertyDescriptor[simple]
[pool-2581-thread-1] INFO org.apache.nifi.processors.standard.RouteText - RouteText[id=7eed8dc2-ebc4-49da-951a-9990a8cef519] Created FlowFile[519,94823804099013.mockFlowFile,23B] from FlowFile[518,94823804099013.mockFlowFile,23B]; routing to relationship simple
[pool-2581-thread-1] INFO org.apache.nifi.processors.standard.RouteText - RouteText[id=7eed8dc2-ebc4-49da-951a-9990a8cef519] Routing FlowFile[518,94823804099013.mockFlowFile,23B] to original
[main] DEBUG org.apache.nifi.processors.standard.RouteText - RouteText[id=7eed8dc2-ebc4-49da-951a-9990a8cef519] Adding new dynamic property: PropertyDescriptor[simple]
[pool-2582-thread-1] INFO org.apache.nifi.processors.standard.RouteText - RouteText[id=7eed8dc2-ebc4-49da-951a-9990a8cef519] Created FlowFile[521,94823804679969.mockFlowFile,23B] from FlowFile[520,94823804679969.mockFlowFile,23B]; routing to relationship simple
[pool-2582-thread-1] INFO org.apache.nifi.processors.standard.RouteText - RouteText[id=7eed8dc2-ebc4-49da-951a-9990a8cef519] Routing FlowFile[520,94823804679969.mockFlowFile,23B] to original
[main] DEBUG org.apache.nifi.processors.standard.RouteText - RouteText[id=7eed8dc2-ebc4-49da-951a-9990a8cef519] Adding new dynamic property: PropertyDescriptor[simple]
[pool-2583-thread-1] INFO org.apache.nifi.processors.standard.RouteText - RouteText[id=7eed8dc2-ebc4-49da-951a-9990a8cef519] Created FlowFile[523,94823805316290.mockFlowFile,23B] from FlowFile[522,94823805316290.mockFlowFile,23B]; routing to relationship simple
[pool-2583-thread-1] INFO org.apache.nifi.processors.standard.RouteText - RouteText[id=7eed8dc2-ebc4-49da-951a-9990a8cef519] Routing FlowFile[522,94823805316290.mockFlowFile,23B] to original
[main] DEBUG org.apache.nifi.processors.standard.RouteText - RouteText[id=7eed8dc2-ebc4-49da-951a-9990a8cef519] Adding new dynamic property: PropertyDescriptor[simple]
[pool-2584-thread-1] INFO org.apache.nifi.processors.standard.RouteText - RouteText[id=7eed8dc2-ebc4-49da-951a-9990a8cef519] Created FlowFile[525,94823805897951.mockFlowFile,23B] from FlowFile[524,94823805897951.mockFlowFile,23B]; routing to relationship simple
[pool-2584-thread-1] INFO org.apache.nifi.processors.standard.RouteText - RouteText[id=7eed8dc2-ebc4-49da-951a-9990a8cef519] Routing FlowFile[524,94823805897951.mockFlowFile,23B] to original
[main] DEBUG org.apache.nifi.processors.standard.RouteText - RouteText[id=7eed8dc2-ebc4-49da-951a-9990a8cef519] Adding new dynamic property: PropertyDescriptor[simple]
[pool-2585-thread-1] INFO org.apache.nifi.processors.standard.RouteText - RouteText[id=7eed8dc2-ebc4-49da-951a-9990a8cef519] Created FlowFile[527,94823806421565.mockFlowFile,23B] from FlowFile[526,94823806421565.mockFlowFile,23B]; routing to relationship simple
[pool-2585-thread-1] INFO org.apache.nifi.processors.standard.RouteText - RouteText[id=7eed8dc2-ebc4-49da-951a-9990a8cef519] Routing FlowFile[526,94823806421565.mockFlowFile,23B] to original
[main] DEBUG org.apache.nifi.processors.standard.RouteText - RouteText[id=7eed8dc2-ebc4-49da-951a-9990a8cef519] Adding new dynamic property: PropertyDescriptor[simple]
[pool-2586-thread-1] INFO org.apache.nifi.processors.standard.RouteText - RouteText[id=7eed8dc2-ebc4-49da-951a-9990a8cef519] Created FlowFile[529,94823806956072.mockFlowFile,23B] from FlowFile[528,94823806956072.mockFlowFile,23B]; routing to relationship simple
[pool-2586-thread-1] INFO org.apache.nifi.processors.standard.RouteText - RouteText[id=7eed8dc2-ebc4-49da-951a-9990a8cef519] Routing FlowFile[528,94823806956072.mockFlowFile,23B] to original
[main] DEBUG org.apache.nifi.processors.standard.RouteText - RouteText[id=7eed8dc2-ebc4-49da-951a-9990a8cef519] Adding new dynamic property: PropertyDescriptor[simple]
[pool-2587-thread-1] INFO org.apache.nifi.processors.standard.RouteText - RouteText[id=7eed8dc2-ebc4-49da-951a-9990a8cef519] Created FlowFile[531,94823807456490.mockFlowFile,23B] from FlowFile[530,94823807456490.mockFlowFile,23B]; routing to relationship simple
[pool-2587-thread-1] INFO org.apache.nifi.processors.standard.RouteText - RouteText[id=7eed8dc2-ebc4-49da-951a-9990a8cef519] Routing FlowFile[530,94823807456490.mockFlowFile,23B] to original
[main] DEBUG org.apache.nifi.processors.standard.RouteText - RouteText[id=7eed8dc2-ebc4-49da-951a-9990a8cef519] Adding new dynamic property: PropertyDescriptor[simple]
[pool-2588-thread-1] INFO org.apache.nifi.processors.standard.RouteText - RouteText[id=7eed8dc2-ebc4-49da-951a-9990a8cef519] Created FlowFile[533,94823807921681.mockFlowFile,23B] from FlowFile[532,94823807921681.mockFlowFile,23B]; routing to relationship simple
[pool-2588-thread-1] INFO org.apache.nifi.processors.standard.RouteText - RouteText[id=7eed8dc2-ebc4-49da-951a-9990a8cef519] Routing FlowFile[532,94823807921681.mockFlowFile,23B] to original
[main] DEBUG org.apache.nifi.processors.standard.RouteText - RouteText[id=7eed8dc2-ebc4-49da-951a-9990a8cef519] Adding new dynamic property: PropertyDescriptor[simple]
[pool-2589-thread-1] INFO org.apache.nifi.processors.standard.RouteText - RouteText[id=7eed8dc2-ebc4-49da-951a-9990a8cef519] Created FlowFile[535,94823808441028.mockFlowFile,23B] from FlowFile[534,94823808441028.mockFlowFile,23B]; routing to relationship simple
[pool-2589-thread-1] INFO org.apache.nifi.processors.standard.RouteText - RouteText[id=7eed8dc2-ebc4-49da-951a-9990a8cef519] Routing FlowFile[534,94823808441028.mockFlowFile,23B] to original
[main] DEBUG org.apache.nifi.processors.standard.RouteText - RouteText[id=7eed8dc2-ebc4-49da-951a-9990a8cef519] Adding new dynamic property: PropertyDescriptor[simple]
[pool-2590-thread-1] INFO org.apache.nifi.processors.standard.RouteText - RouteText[id=7eed8dc2-ebc4-49da-951a-9990a8cef519] Created FlowFile[537,94823808927548.mockFlowFile,23B] from FlowFile[536,94823808927548.mockFlowFile,23B]; routing to relationship simple
[pool-2590-thread-1] INFO org.apache.nifi.processors.standard.RouteText - RouteText[id=7eed8dc2-ebc4-49da-951a-9990a8cef519] Routing FlowFile[536,94823808927548.mockFlowFile,23B] to original
[main] DEBUG org.apache.nifi.processors.standard.RouteText - RouteText[id=7eed8dc2-ebc4-49da-951a-9990a8cef519] Adding new dynamic property: PropertyDescriptor[simple]
[pool-2591-thread-1] INFO org.apache.nifi.processors.standard.RouteText - RouteText[id=7eed8dc2-ebc4-49da-951a-9990a8cef519] Created FlowFile[539,94823809415304.mockFlowFile,23B] from FlowFile[538,94823809415304.mockFlowFile,23B]; routing to relationship simple
[pool-2591-thread-1] INFO org.apache.nifi.processors.standard.RouteText - RouteText[id=7eed8dc2-ebc4-49da-951a-9990a8cef519] Routing FlowFile[538,94823809415304.mockFlowFile,23B] to original
[main] DEBUG org.apache.nifi.processors.standard.RouteText - RouteText[id=7eed8dc2-ebc4-49da-951a-9990a8cef519] Adding new dynamic property: PropertyDescriptor[simple]
[pool-2592-thread-1] INFO org.apache.nifi.processors.standard.RouteText - RouteText[id=7eed8dc2-ebc4-49da-951a-9990a8cef519] Created FlowFile[541,94823809910510.mockFlowFile,23B] from FlowFile[540,94823809910510.mockFlowFile,23B]; routing to relationship simple
[pool-2592-thread-1] INFO org.apache.nifi.processors.standard.RouteText - RouteText[id=7eed8dc2-ebc4-49da-951a-9990a8cef519] Routing FlowFile[540,94823809910510.mockFlowFile,23B] to original
[main] DEBUG org.apache.nifi.processors.standard.RouteText - RouteText[id=7eed8dc2-ebc4-49da-951a-9990a8cef519] Adding new dynamic property: PropertyDescriptor[simple]
[pool-2593-thread-1] INFO org.apache.nifi.processors.standard.RouteText - RouteText[id=7eed8dc2-ebc4-49da-951a-9990a8cef519] Created FlowFile[543,94823810359602.mockFlowFile,23B] from FlowFile[542,94823810359602.mockFlowFile,23B]; routing to relationship simple
[pool-2593-thread-1] INFO org.apache.nifi.processors.standard.RouteText - RouteText[id=7eed8dc2-ebc4-49da-951a-9990a8cef519] Routing FlowFile[542,94823810359602.mockFlowFile,23B] to original
[main] DEBUG org.apache.nifi.processors.standard.RouteText - RouteText[id=7eed8dc2-ebc4-49da-951a-9990a8cef519] Adding new dynamic property: PropertyDescriptor[simple]
[pool-2594-thread-1] INFO org.apache.nifi.processors.standard.RouteText - RouteText[id=7eed8dc2-ebc4-49da-951a-9990a8cef519] Created FlowFile[545,94823810793649.mockFlowFile,23B] from FlowFile[544,94823810793649.mockFlowFile,23B]; routing to relationship simple
[pool-2594-thread-1] INFO org.apache.nifi.processors.standard.RouteText - RouteText[id=7eed8dc2-ebc4-49da-951a-9990a8cef519] Routing FlowFile[544,94823810793649.mockFlowFile,23B] to original
[main] DEBUG org.apache.nifi.processors.standard.RouteText - RouteText[id=7eed8dc2-ebc4-49da-951a-9990a8cef519] Adding new dynamic property: PropertyDescriptor[simple]
[pool-2595-thread-1] INFO org.apache.nifi.processors.standard.RouteText - RouteText[id=7eed8dc2-ebc4-49da-951a-9990a8cef519] Created FlowFile[547,94823811347249.mockFlowFile,23B] from FlowFile[546,94823811347249.mockFlowFile,23B]; routing to relationship simple
[pool-2595-thread-1] INFO org.apache.nifi.processors.standard.RouteText - RouteText[id=7eed8dc2-ebc4-49da-951a-9990a8cef519] Routing FlowFile[546,94823811347249.mockFlowFile,23B] to original
[main] DEBUG org.apache.nifi.processors.standard.RouteText - RouteText[id=7eed8dc2-ebc4-49da-951a-9990a8cef519] Adding new dynamic property: PropertyDescriptor[simple]
[pool-2596-thread-1] INFO org.apache.nifi.processors.standard.RouteText - RouteText[id=7eed8dc2-ebc4-49da-951a-9990a8cef519] Created FlowFile[549,94823812137738.mockFlowFile,23B] from FlowFile[548,94823812137738.mockFlowFile,23B]; routing to relationship simple
[pool-2596-thread-1] INFO org.apache.nifi.processors.standard.RouteText - RouteText[id=7eed8dc2-ebc4-49da-951a-9990a8cef519] Routing FlowFile[548,94823812137738.mockFlowFile,23B] to original
[main] DEBUG org.apache.nifi.processors.standard.RouteText - RouteText[id=7eed8dc2-ebc4-49da-951a-9990a8cef519] Adding new dynamic property: PropertyDescriptor[simple]
[pool-2597-thread-1] INFO org.apache.nifi.processors.standard.RouteText - RouteText[id=7eed8dc2-ebc4-49da-951a-9990a8cef519] Created FlowFile[551,94823812829119.mockFlowFile,23B] from FlowFile[550,94823812829119.mockFlowFile,23B]; routing to relationship simple
[pool-2597-thread-1] INFO org.apache.nifi.processors.standard.RouteText - RouteText[id=7eed8dc2-ebc4-49da-951a-9990a8cef519] Routing FlowFile[550,94823812829119.mockFlowFile,23B] to original
[main] DEBUG org.apache.nifi.processors.standard.RouteText - RouteText[id=7eed8dc2-ebc4-49da-951a-9990a8cef519] Adding new dynamic property: PropertyDescriptor[simple]
[pool-2598-thread-1] INFO org.apache.nifi.processors.standard.RouteText - RouteText[id=7eed8dc2-ebc4-49da-951a-9990a8cef519] Created FlowFile[553,94823813454068.mockFlowFile,23B] from FlowFile[552,94823813454068.mockFlowFile,23B]; routing to relationship simple
[pool-2598-thread-1] INFO org.apache.nifi.processors.standard.RouteText - RouteText[id=7eed8dc2-ebc4-49da-951a-9990a8cef519] Routing FlowFile[552,94823813454068.mockFlowFile,23B] to original
[main] DEBUG org.apache.nifi.processors.standard.RouteText - RouteText[id=7eed8dc2-ebc4-49da-951a-9990a8cef519] Adding new dynamic property: PropertyDescriptor[simple]
[pool-2599-thread-1] INFO org.apache.nifi.processors.standard.RouteText - RouteText[id=7eed8dc2-ebc4-49da-951a-9990a8cef519] Created FlowFile[555,94823814058351.mockFlowFile,23B] from FlowFile[554,94823814058351.mockFlowFile,23B]; routing to relationship simple
[pool-2599-thread-1] INFO org.apache.nifi.processors.standard.RouteText - RouteText[id=7eed8dc2-ebc4-49da-951a-9990a8cef519] Routing FlowFile[554,94823814058351.mockFlowFile,23B] to original
[main] DEBUG org.apache.nifi.processors.standard.RouteText - RouteText[id=7eed8dc2-ebc4-49da-951a-9990a8cef519] Adding new dynamic property: PropertyDescriptor[simple]
[pool-2600-thread-1] INFO org.apache.nifi.processors.standard.RouteText - RouteText[id=7eed8dc2-ebc4-49da-951a-9990a8cef519] Created FlowFile[557,94823814601009.mockFlowFile,23B] from FlowFile[556,94823814601009.mockFlowFile,23B]; routing to relationship simple
[pool-2600-thread-1] INFO org.apache.nifi.processors.standard.RouteText - RouteText[id=7eed8dc2-ebc4-49da-951a-9990a8cef519] Routing FlowFile[556,94823814601009.mockFlowFile,23B] to original
[main] DEBUG org.apache.nifi.processors.standard.RouteText - RouteText[id=7eed8dc2-ebc4-49da-951a-9990a8cef519] Adding new dynamic property: PropertyDescriptor[simple]
[pool-2601-thread-1] INFO org.apache.nifi.processors.standard.RouteText - RouteText[id=7eed8dc2-ebc4-49da-951a-9990a8cef519] Created FlowFile[559,94823815122367.mockFlowFile,23B] from FlowFile[558,94823815122367.mockFlowFile,23B]; routing to relationship simple
[pool-2601-thread-1] INFO org.apache.nifi.processors.standard.RouteText - RouteText[id=7eed8dc2-ebc4-49da-951a-9990a8cef519] Routing FlowFile[558,94823815122367.mockFlowFile,23B] to original
[main] DEBUG org.apache.nifi.processors.standard.RouteText - RouteText[id=7eed8dc2-ebc4-49da-951a-9990a8cef519] Adding new dynamic property: PropertyDescriptor[simple]
[pool-2602-thread-1] INFO org.apache.nifi.processors.standard.RouteText - RouteText[id=7eed8dc2-ebc4-49da-951a-9990a8cef519] Created FlowFile[561,94823815658032.mockFlowFile,23B] from FlowFile[560,94823815658032.mockFlowFile,23B]; routing to relationship simple
[pool-2602-thread-1] INFO org.apache.nifi.processors.standard.RouteText - RouteText[id=7eed8dc2-ebc4-49da-951a-9990a8cef519] Routing FlowFile[560,94823815658032.mockFlowFile,23B] to original
[main] DEBUG org.apache.nifi.processors.standard.RouteText - RouteText[id=7eed8dc2-ebc4-49da-951a-9990a8cef519] Adding new dynamic property: PropertyDescriptor[simple]
[pool-2603-thread-1] INFO org.apache.nifi.processors.standard.RouteText - RouteText[id=7eed8dc2-ebc4-49da-951a-9990a8cef519] Created FlowFile[563,94823816179696.mockFlowFile,23B] from FlowFile[562,94823816179696.mockFlowFile,23B]; routing to relationship simple
[pool-2603-thread-1] INFO org.apache.nifi.processors.standard.RouteText - RouteText[id=7eed8dc2-ebc4-49da-951a-9990a8cef519] Routing FlowFile[562,94823816179696.mockFlowFile,23B] to original
[main] DEBUG org.apache.nifi.processors.standard.RouteText - RouteText[id=7eed8dc2-ebc4-49da-951a-9990a8cef519] Adding new dynamic property: PropertyDescriptor[simple]
[pool-2604-thread-1] INFO org.apache.nifi.processors.standard.RouteText - RouteText[id=7eed8dc2-ebc4-49da-951a-9990a8cef519] Created FlowFile[565,94823816745465.mockFlowFile,23B] from FlowFile[564,94823816745465.mockFlowFile,23B]; routing to relationship simple
[pool-2604-thread-1] INFO org.apache.nifi.processors.standard.RouteText - RouteText[id=7eed8dc2-ebc4-49da-951a-9990a8cef519] Routing FlowFile[564,94823816745465.mockFlowFile,23B] to original
[main] DEBUG org.apache.nifi.processors.standard.RouteText - RouteText[id=7eed8dc2-ebc4-49da-951a-9990a8cef519] Adding new dynamic property: PropertyDescriptor[simple]
[pool-2605-thread-1] INFO org.apache.nifi.processors.standard.RouteText - RouteText[id=7eed8dc2-ebc4-49da-951a-9990a8cef519] Created FlowFile[567,94823817280795.mockFlowFile,23B] from FlowFile[566,94823817280795.mockFlowFile,23B]; routing to relationship simple
[pool-2605-thread-1] INFO org.apache.nifi.processors.standard.RouteText - RouteText[id=7eed8dc2-ebc4-49da-951a-9990a8cef519] Routing FlowFile[566,94823817280795.mockFlowFile,23B] to original
[main] DEBUG org.apache.nifi.processors.standard.RouteText - RouteText[id=7eed8dc2-ebc4-49da-951a-9990a8cef519] Adding new dynamic property: PropertyDescriptor[simple]
[pool-2606-thread-1] INFO org.apache.nifi.processors.standard.RouteText - RouteText[id=7eed8dc2-ebc4-49da-951a-9990a8cef519] Created FlowFile[569,94823818719433.mockFlowFile,23B] from FlowFile[568,94823818719433.mockFlowFile,23B]; routing to relationship simple
[pool-2606-thread-1] INFO org.apache.nifi.processors.standard.RouteText - RouteText[id=7eed8dc2-ebc4-49da-951a-9990a8cef519] Routing FlowFile[568,94823818719433.mockFlowFile,23B] to original
[main] DEBUG org.apache.nifi.processors.standard.RouteText - RouteText[id=7eed8dc2-ebc4-49da-951a-9990a8cef519] Adding new dynamic property: PropertyDescriptor[simple]
[pool-2607-thread-1] INFO org.apache.nifi.processors.standard.RouteText - RouteText[id=7eed8dc2-ebc4-49da-951a-9990a8cef519] Created FlowFile[571,94823819375031.mockFlowFile,23B] from FlowFile[570,94823819375031.mockFlowFile,23B]; routing to relationship simple
[pool-2607-thread-1] INFO org.apache.nifi.processors.standard.RouteText - RouteText[id=7eed8dc2-ebc4-49da-951a-9990a8cef519] Routing FlowFile[570,94823819375031.mockFlowFile,23B] to original
[main] DEBUG org.apache.nifi.processors.standard.RouteText - RouteText[id=7eed8dc2-ebc4-49da-951a-9990a8cef519] Adding new dynamic property: PropertyDescriptor[simple]
[pool-2608-thread-1] INFO org.apache.nifi.processors.standard.RouteText - RouteText[id=7eed8dc2-ebc4-49da-951a-9990a8cef519] Created FlowFile[573,94823819958969.mockFlowFile,23B] from FlowFile[572,94823819958969.mockFlowFile,23B]; routing to relationship simple
[pool-2608-thread-1] INFO org.apache.nifi.processors.standard.RouteText - RouteText[id=7eed8dc2-ebc4-49da-951a-9990a8cef519] Routing FlowFile[572,94823819958969.mockFlowFile,23B] to original
[main] DEBUG org.apache.nifi.processors.standard.RouteText - RouteText[id=7eed8dc2-ebc4-49da-951a-9990a8cef519] Adding new dynamic property: PropertyDescriptor[simple]
[pool-2609-thread-1] INFO org.apache.nifi.processors.standard.RouteText - RouteText[id=7eed8dc2-ebc4-49da-951a-9990a8cef519] Created FlowFile[575,94823820556221.mockFlowFile,23B] from FlowFile[574,94823820556221.mockFlowFile,23B]; routing to relationship simple
[pool-2609-thread-1] INFO org.apache.nifi.processors.standard.RouteText - RouteText[id=7eed8dc2-ebc4-49da-951a-9990a8cef519] Routing FlowFile[574,94823820556221.mockFlowFile,23B] to original
[main] DEBUG org.apache.nifi.processors.standard.RouteText - RouteText[id=7eed8dc2-ebc4-49da-951a-9990a8cef519] Adding new dynamic property: PropertyDescriptor[simple]
[pool-2610-thread-1] INFO org.apache.nifi.processors.standard.RouteText - RouteText[id=7eed8dc2-ebc4-49da-951a-9990a8cef519] Created FlowFile[577,94823821557696.mockFlowFile,23B] from FlowFile[576,94823821557696.mockFlowFile,23B]; routing to relationship simple
[pool-2610-thread-1] INFO org.apache.nifi.processors.standard.RouteText - RouteText[id=7eed8dc2-ebc4-49da-951a-9990a8cef519] Routing FlowFile[576,94823821557696.mockFlowFile,23B] to original
[main] DEBUG org.apache.nifi.processors.standard.RouteText - RouteText[id=7eed8dc2-ebc4-49da-951a-9990a8cef519] Adding new dynamic property: PropertyDescriptor[simple]
[pool-2611-thread-1] INFO org.apache.nifi.processors.standard.RouteText - RouteText[id=7eed8dc2-ebc4-49da-951a-9990a8cef519] Created FlowFile[579,94823822209723.mockFlowFile,23B] from FlowFile[578,94823822209723.mockFlowFile,23B]; routing to relationship simple
[pool-2611-thread-1] INFO org.apache.nifi.processors.standard.RouteText - RouteText[id=7eed8dc2-ebc4-49da-951a-9990a8cef519] Routing FlowFile[578,94823822209723.mockFlowFile,23B] to original
[main] DEBUG org.apache.nifi.processors.standard.RouteText - RouteText[id=7eed8dc2-ebc4-49da-951a-9990a8cef519] Adding new dynamic property: PropertyDescriptor[simple]
[pool-2612-thread-1] INFO org.apache.nifi.processors.standard.RouteText - RouteText[id=7eed8dc2-ebc4-49da-951a-9990a8cef519] Created FlowFile[581,94823822841521.mockFlowFile,23B] from FlowFile[580,94823822841521.mockFlowFile,23B]; routing to relationship simple
[pool-2612-thread-1] INFO org.apache.nifi.processors.standard.RouteText - RouteText[id=7eed8dc2-ebc4-49da-951a-9990a8cef519] Routing FlowFile[580,94823822841521.mockFlowFile,23B] to original
[main] DEBUG org.apache.nifi.processors.standard.RouteText - RouteText[id=7eed8dc2-ebc4-49da-951a-9990a8cef519] Adding new dynamic property: PropertyDescriptor[simple]
[pool-2613-thread-1] INFO org.apache.nifi.processors.standard.RouteText - RouteText[id=7eed8dc2-ebc4-49da-951a-9990a8cef519] Created FlowFile[583,94823823443115.mockFlowFile,23B] from FlowFile[582,94823823443115.mockFlowFile,23B]; routing to relationship simple
[pool-2613-thread-1] INFO org.apache.nifi.processors.standard.RouteText - RouteText[id=7eed8dc2-ebc4-49da-951a-9990a8cef519] Routing FlowFile[582,94823823443115.mockFlowFile,23B] to original
[main] DEBUG org.apache.nifi.processors.standard.RouteText - RouteText[id=7eed8dc2-ebc4-49da-951a-9990a8cef519] Adding new dynamic property: PropertyDescriptor[simple]
[pool-2614-thread-1] INFO org.apache.nifi.processors.standard.RouteText - RouteText[id=7eed8dc2-ebc4-49da-951a-9990a8cef519] Created FlowFile[585,94823824029356.mockFlowFile,23B] from FlowFile[584,94823824029356.mockFlowFile,23B]; routing to relationship simple
[pool-2614-thread-1] INFO org.apache.nifi.processors.standard.RouteText - RouteText[id=7eed8dc2-ebc4-49da-951a-9990a8cef519] Routing FlowFile[584,94823824029356.mockFlowFile,23B] to original
[main] DEBUG org.apache.nifi.processors.standard.RouteText - RouteText[id=7eed8dc2-ebc4-49da-951a-9990a8cef519] Adding new dynamic property: PropertyDescriptor[simple]
[pool-2615-thread-1] INFO org.apache.nifi.processors.standard.RouteText - RouteText[id=7eed8dc2-ebc4-49da-951a-9990a8cef519] Created FlowFile[587,94823824612835.mockFlowFile,23B] from FlowFile[586,94823824612835.mockFlowFile,23B]; routing to relationship simple
[pool-2615-thread-1] INFO org.apache.nifi.processors.standard.RouteText - RouteText[id=7eed8dc2-ebc4-49da-951a-9990a8cef519] Routing FlowFile[586,94823824612835.mockFlowFile,23B] to original
[main] DEBUG org.apache.nifi.processors.standard.RouteText - RouteText[id=7eed8dc2-ebc4-49da-951a-9990a8cef519] Adding new dynamic property: PropertyDescriptor[simple]
[pool-2616-thread-1] INFO org.apache.nifi.processors.standard.RouteText - RouteText[id=7eed8dc2-ebc4-49da-951a-9990a8cef519] Created FlowFile[589,94823825220910.mockFlowFile,23B] from FlowFile[588,94823825220910.mockFlowFile,23B]; routing to relationship simple
[pool-2616-thread-1] INFO org.apache.nifi.processors.standard.RouteText - RouteText[id=7eed8dc2-ebc4-49da-951a-9990a8cef519] Routing FlowFile[588,94823825220910.mockFlowFile,23B] to original
[main] DEBUG org.apache.nifi.processors.standard.RouteText - RouteText[id=7eed8dc2-ebc4-49da-951a-9990a8cef519] Adding new dynamic property: PropertyDescriptor[simple]
[pool-2617-thread-1] INFO org.apache.nifi.processors.standard.RouteText - RouteText[id=7eed8dc2-ebc4-49da-951a-9990a8cef519] Created FlowFile[591,94823825824686.mockFlowFile,23B] from FlowFile[590,94823825824686.mockFlowFile,23B]; routing to relationship simple
[pool-2617-thread-1] INFO org.apache.nifi.processors.standard.RouteText - RouteText[id=7eed8dc2-ebc4-49da-951a-9990a8cef519] Routing FlowFile[590,94823825824686.mockFlowFile,23B] to original
[main] DEBUG org.apache.nifi.processors.standard.RouteText - RouteText[id=7eed8dc2-ebc4-49da-951a-9990a8cef519] Adding new dynamic property: PropertyDescriptor[simple]
[pool-2618-thread-1] INFO org.apache.nifi.processors.standard.RouteText - RouteText[id=7eed8dc2-ebc4-49da-951a-9990a8cef519] Created FlowFile[593,94823826419814.mockFlowFile,23B] from FlowFile[592,94823826419814.mockFlowFile,23B]; routing to relationship simple
[pool-2618-thread-1] INFO org.apache.nifi.processors.standard.RouteText - RouteText[id=7eed8dc2-ebc4-49da-951a-9990a8cef519] Routing FlowFile[592,94823826419814.mockFlowFile,23B] to original
[main] DEBUG org.apache.nifi.processors.standard.RouteText - RouteText[id=7eed8dc2-ebc4-49da-951a-9990a8cef519] Adding new dynamic property: PropertyDescriptor[simple]
[pool-2619-thread-1] INFO org.apache.nifi.processors.standard.RouteText - RouteText[id=7eed8dc2-ebc4-49da-951a-9990a8cef519] Created FlowFile[595,94823826992844.mockFlowFile,23B] from FlowFile[594,94823826992844.mockFlowFile,23B]; routing to relationship simple
[pool-2619-thread-1] INFO org.apache.nifi.processors.standard.RouteText - RouteText[id=7eed8dc2-ebc4-49da-951a-9990a8cef519] Routing FlowFile[594,94823826992844.mockFlowFile,23B] to original
[main] DEBUG org.apache.nifi.processors.standard.RouteText - RouteText[id=7eed8dc2-ebc4-49da-951a-9990a8cef519] Adding new dynamic property: PropertyDescriptor[simple]
[pool-2620-thread-1] INFO org.apache.nifi.processors.standard.RouteText - RouteText[id=7eed8dc2-ebc4-49da-951a-9990a8cef519] Created FlowFile[597,94823827562651.mockFlowFile,23B] from FlowFile[596,94823827562651.mockFlowFile,23B]; routing to relationship simple
[pool-2620-thread-1] INFO org.apache.nifi.processors.standard.RouteText - RouteText[id=7eed8dc2-ebc4-49da-951a-9990a8cef519] Routing FlowFile[596,94823827562651.mockFlowFile,23B] to original
[main] DEBUG org.apache.nifi.processors.standard.RouteText - RouteText[id=7eed8dc2-ebc4-49da-951a-9990a8cef519] Adding new dynamic property: PropertyDescriptor[simple]
[pool-2621-thread-1] INFO org.apache.nifi.processors.standard.RouteText - RouteText[id=7eed8dc2-ebc4-49da-951a-9990a8cef519] Created FlowFile[599,94823828095722.mockFlowFile,23B] from FlowFile[598,94823828095722.mockFlowFile,23B]; routing to relationship simple
[pool-2621-thread-1] INFO org.apache.nifi.processors.standard.RouteText - RouteText[id=7eed8dc2-ebc4-49da-951a-9990a8cef519] Routing FlowFile[598,94823828095722.mockFlowFile,23B] to original
[main] DEBUG org.apache.nifi.processors.standard.RouteText - RouteText[id=7eed8dc2-ebc4-49da-951a-9990a8cef519] Adding new dynamic property: PropertyDescriptor[simple]
[pool-2622-thread-1] INFO org.apache.nifi.processors.standard.RouteText - RouteText[id=7eed8dc2-ebc4-49da-951a-9990a8cef519] Created FlowFile[601,94823828593495.mockFlowFile,23B] from FlowFile[600,94823828593495.mockFlowFile,23B]; routing to relationship simple
[pool-2622-thread-1] INFO org.apache.nifi.processors.standard.RouteText - RouteText[id=7eed8dc2-ebc4-49da-951a-9990a8cef519] Routing FlowFile[600,94823828593495.mockFlowFile,23B] to original
[main] DEBUG org.apache.nifi.processors.standard.RouteText - RouteText[id=7eed8dc2-ebc4-49da-951a-9990a8cef519] Adding new dynamic property: PropertyDescriptor[simple]
[pool-2623-thread-1] INFO org.apache.nifi.processors.standard.RouteText - RouteText[id=7eed8dc2-ebc4-49da-951a-9990a8cef519] Created FlowFile[603,94823829105127.mockFlowFile,23B] from FlowFile[602,94823829105127.mockFlowFile,23B]; routing to relationship simple
[pool-2623-thread-1] INFO org.apache.nifi.processors.standard.RouteText - RouteText[id=7eed8dc2-ebc4-49da-951a-9990a8cef519] Routing FlowFile[602,94823829105127.mockFlowFile,23B] to original
[main] DEBUG org.apache.nifi.processors.standard.RouteText - RouteText[id=7eed8dc2-ebc4-49da-951a-9990a8cef519] Adding new dynamic property: PropertyDescriptor[simple]
[pool-2624-thread-1] INFO org.apache.nifi.processors.standard.RouteText - RouteText[id=7eed8dc2-ebc4-49da-951a-9990a8cef519] Created FlowFile[605,94823829593140.mockFlowFile,23B] from FlowFile[604,94823829593140.mockFlowFile,23B]; routing to relationship simple
[pool-2624-thread-1] INFO org.apache.nifi.processors.standard.RouteText - RouteText[id=7eed8dc2-ebc4-49da-951a-9990a8cef519] Routing FlowFile[604,94823829593140.mockFlowFile,23B] to original
[main] DEBUG org.apache.nifi.processors.standard.RouteText - RouteText[id=7eed8dc2-ebc4-49da-951a-9990a8cef519] Adding new dynamic property: PropertyDescriptor[simple]
[pool-2625-thread-1] INFO org.apache.nifi.processors.standard.RouteText - RouteText[id=7eed8dc2-ebc4-49da-951a-9990a8cef519] Created FlowFile[607,94823830061666.mockFlowFile,23B] from FlowFile[606,94823830061666.mockFlowFile,23B]; routing to relationship simple
[pool-2625-thread-1] INFO org.apache.nifi.processors.standard.RouteText - RouteText[id=7eed8dc2-ebc4-49da-951a-9990a8cef519] Routing FlowFile[606,94823830061666.mockFlowFile,23B] to original
[main] DEBUG org.apache.nifi.processors.standard.RouteText - RouteText[id=7eed8dc2-ebc4-49da-951a-9990a8cef519] Adding new dynamic property: PropertyDescriptor[simple]
[pool-2626-thread-1] INFO org.apache.nifi.processors.standard.RouteText - RouteText[id=7eed8dc2-ebc4-49da-951a-9990a8cef519] Created FlowFile[609,94823830553271.mockFlowFile,23B] from FlowFile[608,94823830553271.mockFlowFile,23B]; routing to relationship simple
[pool-2626-thread-1] INFO org.apache.nifi.processors.standard.RouteText - RouteText[id=7eed8dc2-ebc4-49da-951a-9990a8cef519] Routing FlowFile[608,94823830553271.mockFlowFile,23B] to original
[main] DEBUG org.apache.nifi.processors.standard.RouteText - RouteText[id=7eed8dc2-ebc4-49da-951a-9990a8cef519] Adding new dynamic property: PropertyDescriptor[simple]
[pool-2627-thread-1] INFO org.apache.nifi.processors.standard.RouteText - RouteText[id=7eed8dc2-ebc4-49da-951a-9990a8cef519] Created FlowFile[611,94823831029805.mockFlowFile,23B] from FlowFile[610,94823831029805.mockFlowFile,23B]; routing to relationship simple
[pool-2627-thread-1] INFO org.apache.nifi.processors.standard.RouteText - RouteText[id=7eed8dc2-ebc4-49da-951a-9990a8cef519] Routing FlowFile[610,94823831029805.mockFlowFile,23B] to original
[main] DEBUG org.apache.nifi.processors.standard.RouteText - RouteText[id=7eed8dc2-ebc4-49da-951a-9990a8cef519] Adding new dynamic property: PropertyDescriptor[simple]
[pool-2628-thread-1] INFO org.apache.nifi.processors.standard.RouteText - RouteText[id=7eed8dc2-ebc4-49da-951a-9990a8cef519] Created FlowFile[613,94823831508798.mockFlowFile,23B] from FlowFile[612,94823831508798.mockFlowFile,23B]; routing to relationship simple
[pool-2628-thread-1] INFO org.apache.nifi.processors.standard.RouteText - RouteText[id=7eed8dc2-ebc4-49da-951a-9990a8cef519] Routing FlowFile[612,94823831508798.mockFlowFile,23B] to original
[main] DEBUG org.apache.nifi.processors.standard.RouteText - RouteText[id=7eed8dc2-ebc4-49da-951a-9990a8cef519] Adding new dynamic property: PropertyDescriptor[simple]
[pool-2629-thread-1] INFO org.apache.nifi.processors.standard.RouteText - RouteText[id=7eed8dc2-ebc4-49da-951a-9990a8cef519] Created FlowFile[615,94823832012674.mockFlowFile,23B] from FlowFile[614,94823832012674.mockFlowFile,23B]; routing to relationship simple
[pool-2629-thread-1] INFO org.apache.nifi.processors.standard.RouteText - RouteText[id=7eed8dc2-ebc4-49da-951a-9990a8cef519] Routing FlowFile[614,94823832012674.mockFlowFile,23B] to original
[main] DEBUG org.apache.nifi.processors.standard.RouteText - RouteText[id=7eed8dc2-ebc4-49da-951a-9990a8cef519] Adding new dynamic property: PropertyDescriptor[simple]
[pool-2630-thread-1] INFO org.apache.nifi.processors.standard.RouteText - RouteText[id=7eed8dc2-ebc4-49da-951a-9990a8cef519] Created FlowFile[617,94823832519130.mockFlowFile,23B] from FlowFile[616,94823832519130.mockFlowFile,23B]; routing to relationship simple
[pool-2630-thread-1] INFO org.apache.nifi.processors.standard.RouteText - RouteText[id=7eed8dc2-ebc4-49da-951a-9990a8cef519] Routing FlowFile[616,94823832519130.mockFlowFile,23B] to original
[main] DEBUG org.apache.nifi.processors.standard.RouteText - RouteText[id=7eed8dc2-ebc4-49da-951a-9990a8cef519] Adding new dynamic property: PropertyDescriptor[simple]
[pool-2631-thread-1] INFO org.apache.nifi.processors.standard.RouteText - RouteText[id=7eed8dc2-ebc4-49da-951a-9990a8cef519] Created FlowFile[619,94823833012941.mockFlowFile,23B] from FlowFile[618,94823833012941.mockFlowFile,23B]; routing to relationship simple
[pool-2631-thread-1] INFO org.apache.nifi.processors.standard.RouteText - RouteText[id=7eed8dc2-ebc4-49da-951a-9990a8cef519] Routing FlowFile[618,94823833012941.mockFlowFile,23B] to original
[main] DEBUG org.apache.nifi.processors.standard.RouteText - RouteText[id=7eed8dc2-ebc4-49da-951a-9990a8cef519] Adding new dynamic property: PropertyDescriptor[simple]
[pool-2632-thread-1] INFO org.apache.nifi.processors.standard.RouteText - RouteText[id=7eed8dc2-ebc4-49da-951a-9990a8cef519] Created FlowFile[621,94823833504634.mockFlowFile,23B] from FlowFile[620,94823833504634.mockFlowFile,23B]; routing to relationship simple
[pool-2632-thread-1] INFO org.apache.nifi.processors.standard.RouteText - RouteText[id=7eed8dc2-ebc4-49da-951a-9990a8cef519] Routing FlowFile[620,94823833504634.mockFlowFile,23B] to original
[main] DEBUG org.apache.nifi.processors.standard.RouteText - RouteText[id=7eed8dc2-ebc4-49da-951a-9990a8cef519] Adding new dynamic property: PropertyDescriptor[simple]
[pool-2633-thread-1] INFO org.apache.nifi.processors.standard.RouteText - RouteText[id=7eed8dc2-ebc4-49da-951a-9990a8cef519] Created FlowFile[623,94823833973716.mockFlowFile,23B] from FlowFile[622,94823833973716.mockFlowFile,23B]; routing to relationship simple
[pool-2633-thread-1] INFO org.apache.nifi.processors.standard.RouteText - RouteText[id=7eed8dc2-ebc4-49da-951a-9990a8cef519] Routing FlowFile[622,94823833973716.mockFlowFile,23B] to original
[main] DEBUG org.apache.nifi.processors.standard.RouteText - RouteText[id=7eed8dc2-ebc4-49da-951a-9990a8cef519] Adding new dynamic property: PropertyDescriptor[simple]
[pool-2634-thread-1] INFO org.apache.nifi.processors.standard.RouteText - RouteText[id=7eed8dc2-ebc4-49da-951a-9990a8cef519] Created FlowFile[625,94823834446414.mockFlowFile,23B] from FlowFile[624,94823834446414.mockFlowFile,23B]; routing to relationship simple
[pool-2634-thread-1] INFO org.apache.nifi.processors.standard.RouteText - RouteText[id=7eed8dc2-ebc4-49da-951a-9990a8cef519] Routing FlowFile[624,94823834446414.mockFlowFile,23B] to original
[main] DEBUG org.apache.nifi.processors.standard.RouteText - RouteText[id=7eed8dc2-ebc4-49da-951a-9990a8cef519] Adding new dynamic property: PropertyDescriptor[simple]
[pool-2635-thread-1] INFO org.apache.nifi.processors.standard.RouteText - RouteText[id=7eed8dc2-ebc4-49da-951a-9990a8cef519] Created FlowFile[627,94823834901335.mockFlowFile,23B] from FlowFile[626,94823834901335.mockFlowFile,23B]; routing to relationship simple
[pool-2635-thread-1] INFO org.apache.nifi.processors.standard.RouteText - RouteText[id=7eed8dc2-ebc4-49da-951a-9990a8cef519] Routing FlowFile[626,94823834901335.mockFlowFile,23B] to original
[main] DEBUG org.apache.nifi.processors.standard.RouteText - RouteText[id=7eed8dc2-ebc4-49da-951a-9990a8cef519] Adding new dynamic property: PropertyDescriptor[simple]
[pool-2636-thread-1] INFO org.apache.nifi.processors.standard.RouteText - RouteText[id=7eed8dc2-ebc4-49da-951a-9990a8cef519] Created FlowFile[629,94823835388989.mockFlowFile,23B] from FlowFile[628,94823835388989.mockFlowFile,23B]; routing to relationship simple
[pool-2636-thread-1] INFO org.apache.nifi.processors.standard.RouteText - RouteText[id=7eed8dc2-ebc4-49da-951a-9990a8cef519] Routing FlowFile[628,94823835388989.mockFlowFile,23B] to original
[main] DEBUG org.apache.nifi.processors.standard.RouteText - RouteText[id=7eed8dc2-ebc4-49da-951a-9990a8cef519] Adding new dynamic property: PropertyDescriptor[simple]
[pool-2637-thread-1] INFO org.apache.nifi.processors.standard.RouteText - RouteText[id=7eed8dc2-ebc4-49da-951a-9990a8cef519] Created FlowFile[631,94823835886064.mockFlowFile,23B] from FlowFile[630,94823835886064.mockFlowFile,23B]; routing to relationship simple
[pool-2637-thread-1] INFO org.apache.nifi.processors.standard.RouteText - RouteText[id=7eed8dc2-ebc4-49da-951a-9990a8cef519] Routing FlowFile[630,94823835886064.mockFlowFile,23B] to original
[main] DEBUG org.apache.nifi.processors.standard.RouteText - RouteText[id=7eed8dc2-ebc4-49da-951a-9990a8cef519] Adding new dynamic property: PropertyDescriptor[simple]
[pool-2638-thread-1] INFO org.apache.nifi.processors.standard.RouteText - RouteText[id=7eed8dc2-ebc4-49da-951a-9990a8cef519] Created FlowFile[633,94823836412845.mockFlowFile,23B] from FlowFile[632,94823836412845.mockFlowFile,23B]; routing to relationship simple
[pool-2638-thread-1] INFO org.apache.nifi.processors.standard.RouteText - RouteText[id=7eed8dc2-ebc4-49da-951a-9990a8cef519] Routing FlowFile[632,94823836412845.mockFlowFile,23B] to original
[main] DEBUG org.apache.nifi.processors.standard.RouteText - RouteText[id=7eed8dc2-ebc4-49da-951a-9990a8cef519] Adding new dynamic property: PropertyDescriptor[simple]
[pool-2639-thread-1] INFO org.apache.nifi.processors.standard.RouteText - RouteText[id=7eed8dc2-ebc4-49da-951a-9990a8cef519] Created FlowFile[635,94823836931585.mockFlowFile,23B] from FlowFile[634,94823836931585.mockFlowFile,23B]; routing to relationship simple
[pool-2639-thread-1] INFO org.apache.nifi.processors.standard.RouteText - RouteText[id=7eed8dc2-ebc4-49da-951a-9990a8cef519] Routing FlowFile[634,94823836931585.mockFlowFile,23B] to original
[main] DEBUG org.apache.nifi.processors.standard.RouteText - RouteText[id=7eed8dc2-ebc4-49da-951a-9990a8cef519] Adding new dynamic property: PropertyDescriptor[simple]
[pool-2640-thread-1] INFO org.apache.nifi.processors.standard.RouteText - RouteText[id=7eed8dc2-ebc4-49da-951a-9990a8cef519] Created FlowFile[637,94823837442999.mockFlowFile,23B] from FlowFile[636,94823837442999.mockFlowFile,23B]; routing to relationship simple
[pool-2640-thread-1] INFO org.apache.nifi.processors.standard.RouteText - RouteText[id=7eed8dc2-ebc4-49da-951a-9990a8cef519] Routing FlowFile[636,94823837442999.mockFlowFile,23B] to original
[main] DEBUG org.apache.nifi.processors.standard.RouteText - RouteText[id=7eed8dc2-ebc4-49da-951a-9990a8cef519] Adding new dynamic property: PropertyDescriptor[simple]
[pool-2641-thread-1] INFO org.apache.nifi.processors.standard.RouteText - RouteText[id=7eed8dc2-ebc4-49da-951a-9990a8cef519] Created FlowFile[639,94823837952799.mockFlowFile,23B] from FlowFile[638,94823837952799.mockFlowFile,23B]; routing to relationship simple
[pool-2641-thread-1] INFO org.apache.nifi.processors.standard.RouteText - RouteText[id=7eed8dc2-ebc4-49da-951a-9990a8cef519] Routing FlowFile[638,94823837952799.mockFlowFile,23B] to original
[main] DEBUG org.apache.nifi.processors.standard.RouteText - RouteText[id=7eed8dc2-ebc4-49da-951a-9990a8cef519] Adding new dynamic property: PropertyDescriptor[simple]
[pool-2642-thread-1] INFO org.apache.nifi.processors.standard.RouteText - RouteText[id=7eed8dc2-ebc4-49da-951a-9990a8cef519] Created FlowFile[641,94823838452380.mockFlowFile,23B] from FlowFile[640,94823838452380.mockFlowFile,23B]; routing to relationship simple
[pool-2642-thread-1] INFO org.apache.nifi.processors.standard.RouteText - RouteText[id=7eed8dc2-ebc4-49da-951a-9990a8cef519] Routing FlowFile[640,94823838452380.mockFlowFile,23B] to original
[main] DEBUG org.apache.nifi.processors.standard.RouteText - RouteText[id=7eed8dc2-ebc4-49da-951a-9990a8cef519] Adding new dynamic property: PropertyDescriptor[simple]
[pool-2643-thread-1] INFO org.apache.nifi.processors.standard.RouteText - RouteText[id=7eed8dc2-ebc4-49da-951a-9990a8cef519] Created FlowFile[643,94823839129858.mockFlowFile,23B] from FlowFile[642,94823839129858.mockFlowFile,23B]; routing to relationship simple
[pool-2643-thread-1] INFO org.apache.nifi.processors.standard.RouteText - RouteText[id=7eed8dc2-ebc4-49da-951a-9990a8cef519] Routing FlowFile[642,94823839129858.mockFlowFile,23B] to original
[main] DEBUG org.apache.nifi.processors.standard.RouteText - RouteText[id=7eed8dc2-ebc4-49da-951a-9990a8cef519] Adding new dynamic property: PropertyDescriptor[simple]
[pool-2644-thread-1] INFO org.apache.nifi.processors.standard.RouteText - RouteText[id=7eed8dc2-ebc4-49da-951a-9990a8cef519] Created FlowFile[645,94823839788538.mockFlowFile,23B] from FlowFile[644,94823839788538.mockFlowFile,23B]; routing to relationship simple
[pool-2644-thread-1] INFO org.apache.nifi.processors.standard.RouteText - RouteText[id=7eed8dc2-ebc4-49da-951a-9990a8cef519] Routing FlowFile[644,94823839788538.mockFlowFile,23B] to original
[main] DEBUG org.apache.nifi.processors.standard.RouteText - RouteText[id=7eed8dc2-ebc4-49da-951a-9990a8cef519] Adding new dynamic property: PropertyDescriptor[simple]
[pool-2645-thread-1] INFO org.apache.nifi.processors.standard.RouteText - RouteText[id=7eed8dc2-ebc4-49da-951a-9990a8cef519] Created FlowFile[647,94823840360441.mockFlowFile,23B] from FlowFile[646,94823840360441.mockFlowFile,23B]; routing to relationship simple
[pool-2645-thread-1] INFO org.apache.nifi.processors.standard.RouteText - RouteText[id=7eed8dc2-ebc4-49da-951a-9990a8cef519] Routing FlowFile[646,94823840360441.mockFlowFile,23B] to original
[main] DEBUG org.apache.nifi.processors.standard.RouteText - RouteText[id=7eed8dc2-ebc4-49da-951a-9990a8cef519] Adding new dynamic property: PropertyDescriptor[simple]
[pool-2646-thread-1] INFO org.apache.nifi.processors.standard.RouteText - RouteText[id=7eed8dc2-ebc4-49da-951a-9990a8cef519] Created FlowFile[649,94823840922424.mockFlowFile,23B] from FlowFile[648,94823840922424.mockFlowFile,23B]; routing to relationship simple
[pool-2646-thread-1] INFO org.apache.nifi.processors.standard.RouteText - RouteText[id=7eed8dc2-ebc4-49da-951a-9990a8cef519] Routing FlowFile[648,94823840922424.mockFlowFile,23B] to original
[main] DEBUG org.apache.nifi.processors.standard.RouteText - RouteText[id=7eed8dc2-ebc4-49da-951a-9990a8cef519] Adding new dynamic property: PropertyDescriptor[simple]
[pool-2647-thread-1] INFO org.apache.nifi.processors.standard.RouteText - RouteText[id=7eed8dc2-ebc4-49da-951a-9990a8cef519] Created FlowFile[651,94823841535029.mockFlowFile,23B] from FlowFile[650,94823841535029.mockFlowFile,23B]; routing to relationship simple
[pool-2647-thread-1] INFO org.apache.nifi.processors.standard.RouteText - RouteText[id=7eed8dc2-ebc4-49da-951a-9990a8cef519] Routing FlowFile[650,94823841535029.mockFlowFile,23B] to original
[main] DEBUG org.apache.nifi.processors.standard.RouteText - RouteText[id=7eed8dc2-ebc4-49da-951a-9990a8cef519] Adding new dynamic property: PropertyDescriptor[simple]
[pool-2648-thread-1] INFO org.apache.nifi.processors.standard.RouteText - RouteText[id=7eed8dc2-ebc4-49da-951a-9990a8cef519] Created FlowFile[653,94823842085178.mockFlowFile,23B] from FlowFile[652,94823842085178.mockFlowFile,23B]; routing to relationship simple
[pool-2648-thread-1] INFO org.apache.nifi.processors.standard.RouteText - RouteText[id=7eed8dc2-ebc4-49da-951a-9990a8cef519] Routing FlowFile[652,94823842085178.mockFlowFile,23B] to original
[main] DEBUG org.apache.nifi.processors.standard.RouteText - RouteText[id=7eed8dc2-ebc4-49da-951a-9990a8cef519] Adding new dynamic property: PropertyDescriptor[simple]
[pool-2649-thread-1] INFO org.apache.nifi.processors.standard.RouteText - RouteText[id=7eed8dc2-ebc4-49da-951a-9990a8cef519] Created FlowFile[655,94823842635832.mockFlowFile,23B] from FlowFile[654,94823842635832.mockFlowFile,23B]; routing to relationship simple
[pool-2649-thread-1] INFO org.apache.nifi.processors.standard.RouteText - RouteText[id=7eed8dc2-ebc4-49da-951a-9990a8cef519] Routing FlowFile[654,94823842635832.mockFlowFile,23B] to original
[main] DEBUG org.apache.nifi.processors.standard.RouteText - RouteText[id=7eed8dc2-ebc4-49da-951a-9990a8cef519] Adding new dynamic property: PropertyDescriptor[simple]
[pool-2650-thread-1] INFO org.apache.nifi.processors.standard.RouteText - RouteText[id=7eed8dc2-ebc4-49da-951a-9990a8cef519] Created FlowFile[657,94823843139064.mockFlowFile,23B] from FlowFile[656,94823843139064.mockFlowFile,23B]; routing to relationship simple
[pool-2650-thread-1] INFO org.apache.nifi.processors.standard.RouteText - RouteText[id=7eed8dc2-ebc4-49da-951a-9990a8cef519] Routing FlowFile[656,94823843139064.mockFlowFile,23B] to original
[main] DEBUG org.apache.nifi.processors.standard.RouteText - RouteText[id=7eed8dc2-ebc4-49da-951a-9990a8cef519] Adding new dynamic property: PropertyDescriptor[simple]
[pool-2651-thread-1] INFO org.apache.nifi.processors.standard.RouteText - RouteText[id=7eed8dc2-ebc4-49da-951a-9990a8cef519] Created FlowFile[659,94823843602726.mockFlowFile,23B] from FlowFile[658,94823843602726.mockFlowFile,23B]; routing to relationship simple
[pool-2651-thread-1] INFO org.apache.nifi.processors.standard.RouteText - RouteText[id=7eed8dc2-ebc4-49da-951a-9990a8cef519] Routing FlowFile[658,94823843602726.mockFlowFile,23B] to original
[main] DEBUG org.apache.nifi.processors.standard.RouteText - RouteText[id=7eed8dc2-ebc4-49da-951a-9990a8cef519] Adding new dynamic property: PropertyDescriptor[simple]
[pool-2652-thread-1] INFO org.apache.nifi.processors.standard.RouteText - RouteText[id=7eed8dc2-ebc4-49da-951a-9990a8cef519] Created FlowFile[661,94823844052998.mockFlowFile,23B] from FlowFile[660,94823844052998.mockFlowFile,23B]; routing to relationship simple
[pool-2652-thread-1] INFO org.apache.nifi.processors.standard.RouteText - RouteText[id=7eed8dc2-ebc4-49da-951a-9990a8cef519] Routing FlowFile[660,94823844052998.mockFlowFile,23B] to original
[main] DEBUG org.apache.nifi.processors.standard.RouteText - RouteText[id=7eed8dc2-ebc4-49da-951a-9990a8cef519] Adding new dynamic property: PropertyDescriptor[simple]
[pool-2653-thread-1] INFO org.apache.nifi.processors.standard.RouteText - RouteText[id=7eed8dc2-ebc4-49da-951a-9990a8cef519] Created FlowFile[663,94823844583593.mockFlowFile,23B] from FlowFile[662,94823844583593.mockFlowFile,23B]; routing to relationship simple
[pool-2653-thread-1] INFO org.apache.nifi.processors.standard.RouteText - RouteText[id=7eed8dc2-ebc4-49da-951a-9990a8cef519] Routing FlowFile[662,94823844583593.mockFlowFile,23B] to original
[main] DEBUG org.apache.nifi.processors.standard.RouteText - RouteText[id=7eed8dc2-ebc4-49da-951a-9990a8cef519] Adding new dynamic property: PropertyDescriptor[simple]
[pool-2654-thread-1] INFO org.apache.nifi.processors.standard.RouteText - RouteText[id=7eed8dc2-ebc4-49da-951a-9990a8cef519] Created FlowFile[665,94823845093001.mockFlowFile,23B] from FlowFile[664,94823845093001.mockFlowFile,23B]; routing to relationship simple
[pool-2654-thread-1] INFO org.apache.nifi.processors.standard.RouteText - RouteText[id=7eed8dc2-ebc4-49da-951a-9990a8cef519] Routing FlowFile[664,94823845093001.mockFlowFile,23B] to original
[main] DEBUG org.apache.nifi.processors.standard.RouteText - RouteText[id=7eed8dc2-ebc4-49da-951a-9990a8cef519] Adding new dynamic property: PropertyDescriptor[simple]
[pool-2655-thread-1] INFO org.apache.nifi.processors.standard.RouteText - RouteText[id=7eed8dc2-ebc4-49da-951a-9990a8cef519] Created FlowFile[667,94823845607613.mockFlowFile,23B] from FlowFile[666,94823845607613.mockFlowFile,23B]; routing to relationship simple
[pool-2655-thread-1] INFO org.apache.nifi.processors.standard.RouteText - RouteText[id=7eed8dc2-ebc4-49da-951a-9990a8cef519] Routing FlowFile[666,94823845607613.mockFlowFile,23B] to original
[main] DEBUG org.apache.nifi.processors.standard.RouteText - RouteText[id=7eed8dc2-ebc4-49da-951a-9990a8cef519] Adding new dynamic property: PropertyDescriptor[simple]
[pool-2656-thread-1] INFO org.apache.nifi.processors.standard.RouteText - RouteText[id=7eed8dc2-ebc4-49da-951a-9990a8cef519] Created FlowFile[669,94823846145374.mockFlowFile,23B] from FlowFile[668,94823846145374.mockFlowFile,23B]; routing to relationship simple
[pool-2656-thread-1] INFO org.apache.nifi.processors.standard.RouteText - RouteText[id=7eed8dc2-ebc4-49da-951a-9990a8cef519] Routing FlowFile[668,94823846145374.mockFlowFile,23B] to original
[main] DEBUG org.apache.nifi.processors.standard.RouteText - RouteText[id=7eed8dc2-ebc4-49da-951a-9990a8cef519] Adding new dynamic property: PropertyDescriptor[simple]
[pool-2657-thread-1] INFO org.apache.nifi.processors.standard.RouteText - RouteText[id=7eed8dc2-ebc4-49da-951a-9990a8cef519] Created FlowFile[671,94823846686050.mockFlowFile,23B] from FlowFile[670,94823846686050.mockFlowFile,23B]; routing to relationship simple
[pool-2657-thread-1] INFO org.apache.nifi.processors.standard.RouteText - RouteText[id=7eed8dc2-ebc4-49da-951a-9990a8cef519] Routing FlowFile[670,94823846686050.mockFlowFile,23B] to original
[main] DEBUG org.apache.nifi.processors.standard.RouteText - RouteText[id=7eed8dc2-ebc4-49da-951a-9990a8cef519] Adding new dynamic property: PropertyDescriptor[simple]
[pool-2658-thread-1] INFO org.apache.nifi.processors.standard.RouteText - RouteText[id=7eed8dc2-ebc4-49da-951a-9990a8cef519] Created FlowFile[673,94823847219480.mockFlowFile,23B] from FlowFile[672,94823847219480.mockFlowFile,23B]; routing to relationship simple
[pool-2658-thread-1] INFO org.apache.nifi.processors.standard.RouteText - RouteText[id=7eed8dc2-ebc4-49da-951a-9990a8cef519] Routing FlowFile[672,94823847219480.mockFlowFile,23B] to original
[main] DEBUG org.apache.nifi.processors.standard.RouteText - RouteText[id=7eed8dc2-ebc4-49da-951a-9990a8cef519] Adding new dynamic property: PropertyDescriptor[simple]
[pool-2659-thread-1] INFO org.apache.nifi.processors.standard.RouteText - RouteText[id=7eed8dc2-ebc4-49da-951a-9990a8cef519] Created FlowFile[675,94823847754297.mockFlowFile,23B] from FlowFile[674,94823847754297.mockFlowFile,23B]; routing to relationship simple
[pool-2659-thread-1] INFO org.apache.nifi.processors.standard.RouteText - RouteText[id=7eed8dc2-ebc4-49da-951a-9990a8cef519] Routing FlowFile[674,94823847754297.mockFlowFile,23B] to original
[main] DEBUG org.apache.nifi.processors.standard.RouteText - RouteText[id=7eed8dc2-ebc4-49da-951a-9990a8cef519] Adding new dynamic property: PropertyDescriptor[simple]
[pool-2660-thread-1] INFO org.apache.nifi.processors.standard.RouteText - RouteText[id=7eed8dc2-ebc4-49da-951a-9990a8cef519] Created FlowFile[677,94823848316400.mockFlowFile,23B] from FlowFile[676,94823848316400.mockFlowFile,23B]; routing to relationship simple
[pool-2660-thread-1] INFO org.apache.nifi.processors.standard.RouteText - RouteText[id=7eed8dc2-ebc4-49da-951a-9990a8cef519] Routing FlowFile[676,94823848316400.mockFlowFile,23B] to original
[main] DEBUG org.apache.nifi.processors.standard.RouteText - RouteText[id=7eed8dc2-ebc4-49da-951a-9990a8cef519] Adding new dynamic property: PropertyDescriptor[simple]
[pool-2661-thread-1] INFO org.apache.nifi.processors.standard.RouteText - RouteText[id=7eed8dc2-ebc4-49da-951a-9990a8cef519] Created FlowFile[679,94823848918564.mockFlowFile,23B] from FlowFile[678,94823848918564.mockFlowFile,23B]; routing to relationship simple
[pool-2661-thread-1] INFO org.apache.nifi.processors.standard.RouteText - RouteText[id=7eed8dc2-ebc4-49da-951a-9990a8cef519] Routing FlowFile[678,94823848918564.mockFlowFile,23B] to original
[main] DEBUG org.apache.nifi.processors.standard.RouteText - RouteText[id=7eed8dc2-ebc4-49da-951a-9990a8cef519] Adding new dynamic property: PropertyDescriptor[simple]
[pool-2662-thread-1] INFO org.apache.nifi.processors.standard.RouteText - RouteText[id=7eed8dc2-ebc4-49da-951a-9990a8cef519] Created FlowFile[681,94823849473487.mockFlowFile,23B] from FlowFile[680,94823849473487.mockFlowFile,23B]; routing to relationship simple
[pool-2662-thread-1] INFO org.apache.nifi.processors.standard.RouteText - RouteText[id=7eed8dc2-ebc4-49da-951a-9990a8cef519] Routing FlowFile[680,94823849473487.mockFlowFile,23B] to original
[main] DEBUG org.apache.nifi.processors.standard.RouteText - RouteText[id=7eed8dc2-ebc4-49da-951a-9990a8cef519] Adding new dynamic property: PropertyDescriptor[simple]
[pool-2663-thread-1] INFO org.apache.nifi.processors.standard.RouteText - RouteText[id=7eed8dc2-ebc4-49da-951a-9990a8cef519] Created FlowFile[683,94823850001330.mockFlowFile,23B] from FlowFile[682,94823850001330.mockFlowFile,23B]; routing to relationship simple
[pool-2663-thread-1] INFO org.apache.nifi.processors.standard.RouteText - RouteText[id=7eed8dc2-ebc4-49da-951a-9990a8cef519] Routing FlowFile[682,94823850001330.mockFlowFile,23B] to original
[main] DEBUG org.apache.nifi.processors.standard.RouteText - RouteText[id=7eed8dc2-ebc4-49da-951a-9990a8cef519] Adding new dynamic property: PropertyDescriptor[simple]
[pool-2664-thread-1] INFO org.apache.nifi.processors.standard.RouteText - RouteText[id=7eed8dc2-ebc4-49da-951a-9990a8cef519] Created FlowFile[685,94823850538851.mockFlowFile,23B] from FlowFile[684,94823850538851.mockFlowFile,23B]; routing to relationship simple
[pool-2664-thread-1] INFO org.apache.nifi.processors.standard.RouteText - RouteText[id=7eed8dc2-ebc4-49da-951a-9990a8cef519] Routing FlowFile[684,94823850538851.mockFlowFile,23B] to original
[main] DEBUG org.apache.nifi.processors.standard.RouteText - RouteText[id=7eed8dc2-ebc4-49da-951a-9990a8cef519] Adding new dynamic property: PropertyDescriptor[simple]
[pool-2665-thread-1] INFO org.apache.nifi.processors.standard.RouteText - RouteText[id=7eed8dc2-ebc4-49da-951a-9990a8cef519] Created FlowFile[687,94823851063805.mockFlowFile,23B] from FlowFile[686,94823851063805.mockFlowFile,23B]; routing to relationship simple
[pool-2665-thread-1] INFO org.apache.nifi.processors.standard.RouteText - RouteText[id=7eed8dc2-ebc4-49da-951a-9990a8cef519] Routing FlowFile[686,94823851063805.mockFlowFile,23B] to original
[main] DEBUG org.apache.nifi.processors.standard.RouteText - RouteText[id=7eed8dc2-ebc4-49da-951a-9990a8cef519] Adding new dynamic property: PropertyDescriptor[simple]
[pool-2666-thread-1] INFO org.apache.nifi.processors.standard.RouteText - RouteText[id=7eed8dc2-ebc4-49da-951a-9990a8cef519] Created FlowFile[689,94823851627110.mockFlowFile,23B] from FlowFile[688,94823851627110.mockFlowFile,23B]; routing to relationship simple
[pool-2666-thread-1] INFO org.apache.nifi.processors.standard.RouteText - RouteText[id=7eed8dc2-ebc4-49da-951a-9990a8cef519] Routing FlowFile[688,94823851627110.mockFlowFile,23B] to original
[main] DEBUG org.apache.nifi.processors.standard.RouteText - RouteText[id=7eed8dc2-ebc4-49da-951a-9990a8cef519] Adding new dynamic property: PropertyDescriptor[simple]
[pool-2667-thread-1] INFO org.apache.nifi.processors.standard.RouteText - RouteText[id=7eed8dc2-ebc4-49da-951a-9990a8cef519] Created FlowFile[691,94823852162398.mockFlowFile,23B] from FlowFile[690,94823852162398.mockFlowFile,23B]; routing to relationship simple
[pool-2667-thread-1] INFO org.apache.nifi.processors.standard.RouteText - RouteText[id=7eed8dc2-ebc4-49da-951a-9990a8cef519] Routing FlowFile[690,94823852162398.mockFlowFile,23B] to original
[main] DEBUG org.apache.nifi.processors.standard.RouteText - RouteText[id=7eed8dc2-ebc4-49da-951a-9990a8cef519] Adding new dynamic property: PropertyDescriptor[simple]
[pool-2668-thread-1] INFO org.apache.nifi.processors.standard.RouteText - RouteText[id=7eed8dc2-ebc4-49da-951a-9990a8cef519] Created FlowFile[693,94823852664226.mockFlowFile,23B] from FlowFile[692,94823852664226.mockFlowFile,23B]; routing to relationship simple
[pool-2668-thread-1] INFO org.apache.nifi.processors.standard.RouteText - RouteText[id=7eed8dc2-ebc4-49da-951a-9990a8cef519] Routing FlowFile[692,94823852664226.mockFlowFile,23B] to original
[main] DEBUG org.apache.nifi.processors.standard.RouteText - RouteText[id=7eed8dc2-ebc4-49da-951a-9990a8cef519] Adding new dynamic property: PropertyDescriptor[simple]
[pool-2669-thread-1] INFO org.apache.nifi.processors.standard.RouteText - RouteText[id=7eed8dc2-ebc4-49da-951a-9990a8cef519] Created FlowFile[695,94823853232166.mockFlowFile,23B] from FlowFile[694,94823853232166.mockFlowFile,23B]; routing to relationship simple
[pool-2669-thread-1] INFO org.apache.nifi.processors.standard.RouteText - RouteText[id=7eed8dc2-ebc4-49da-951a-9990a8cef519] Routing FlowFile[694,94823853232166.mockFlowFile,23B] to original
[main] DEBUG org.apache.nifi.processors.standard.RouteText - RouteText[id=7eed8dc2-ebc4-49da-951a-9990a8cef519] Adding new dynamic property: PropertyDescriptor[simple]
[pool-2670-thread-1] INFO org.apache.nifi.processors.standard.RouteText - RouteText[id=7eed8dc2-ebc4-49da-951a-9990a8cef519] Created FlowFile[697,94823853717616.mockFlowFile,23B] from FlowFile[696,94823853717616.mockFlowFile,23B]; routing to relationship simple
[pool-2670-thread-1] INFO org.apache.nifi.processors.standard.RouteText - RouteText[id=7eed8dc2-ebc4-49da-951a-9990a8cef519] Routing FlowFile[696,94823853717616.mockFlowFile,23B] to original
[main] DEBUG org.apache.nifi.processors.standard.RouteText - RouteText[id=7eed8dc2-ebc4-49da-951a-9990a8cef519] Adding new dynamic property: PropertyDescriptor[simple]
[pool-2671-thread-1] INFO org.apache.nifi.processors.standard.RouteText - RouteText[id=7eed8dc2-ebc4-49da-951a-9990a8cef519] Created FlowFile[699,94823854244742.mockFlowFile,23B] from FlowFile[698,94823854244742.mockFlowFile,23B]; routing to relationship simple
[pool-2671-thread-1] INFO org.apache.nifi.processors.standard.RouteText - RouteText[id=7eed8dc2-ebc4-49da-951a-9990a8cef519] Routing FlowFile[698,94823854244742.mockFlowFile,23B] to original
[main] DEBUG org.apache.nifi.processors.standard.RouteText - RouteText[id=7eed8dc2-ebc4-49da-951a-9990a8cef519] Adding new dynamic property: PropertyDescriptor[simple]
[pool-2672-thread-1] INFO org.apache.nifi.processors.standard.RouteText - RouteText[id=7eed8dc2-ebc4-49da-951a-9990a8cef519] Created FlowFile[701,94823854750602.mockFlowFile,23B] from FlowFile[700,94823854750602.mockFlowFile,23B]; routing to relationship simple
[pool-2672-thread-1] INFO org.apache.nifi.processors.standard.RouteText - RouteText[id=7eed8dc2-ebc4-49da-951a-9990a8cef519] Routing FlowFile[700,94823854750602.mockFlowFile,23B] to original
[main] DEBUG org.apache.nifi.processors.standard.RouteText - RouteText[id=7eed8dc2-ebc4-49da-951a-9990a8cef519] Adding new dynamic property: PropertyDescriptor[simple]
[pool-2673-thread-1] INFO org.apache.nifi.processors.standard.RouteText - RouteText[id=7eed8dc2-ebc4-49da-951a-9990a8cef519] Created FlowFile[703,94823855328341.mockFlowFile,23B] from FlowFile[702,94823855328341.mockFlowFile,23B]; routing to relationship simple
[pool-2673-thread-1] INFO org.apache.nifi.processors.standard.RouteText - RouteText[id=7eed8dc2-ebc4-49da-951a-9990a8cef519] Routing FlowFile[702,94823855328341.mockFlowFile,23B] to original
[main] DEBUG org.apache.nifi.processors.standard.RouteText - RouteText[id=7eed8dc2-ebc4-49da-951a-9990a8cef519] Adding new dynamic property: PropertyDescriptor[simple]
[pool-2674-thread-1] INFO org.apache.nifi.processors.standard.RouteText - RouteText[id=7eed8dc2-ebc4-49da-951a-9990a8cef519] Created FlowFile[705,94823855889233.mockFlowFile,23B] from FlowFile[704,94823855889233.mockFlowFile,23B]; routing to relationship simple
[pool-2674-thread-1] INFO org.apache.nifi.processors.standard.RouteText - RouteText[id=7eed8dc2-ebc4-49da-951a-9990a8cef519] Routing FlowFile[704,94823855889233.mockFlowFile,23B] to original
[main] DEBUG org.apache.nifi.processors.standard.RouteText - RouteText[id=7eed8dc2-ebc4-49da-951a-9990a8cef519] Adding new dynamic property: PropertyDescriptor[simple]
[pool-2675-thread-1] INFO org.apache.nifi.processors.standard.RouteText - RouteText[id=7eed8dc2-ebc4-49da-951a-9990a8cef519] Created FlowFile[707,94823856461986.mockFlowFile,23B] from FlowFile[706,94823856461986.mockFlowFile,23B]; routing to relationship simple
[pool-2675-thread-1] INFO org.apache.nifi.processors.standard.RouteText - RouteText[id=7eed8dc2-ebc4-49da-951a-9990a8cef519] Routing FlowFile[706,94823856461986.mockFlowFile,23B] to original
[main] DEBUG org.apache.nifi.processors.standard.RouteText - RouteText[id=7eed8dc2-ebc4-49da-951a-9990a8cef519] Adding new dynamic property: PropertyDescriptor[simple]
[pool-2676-thread-1] INFO org.apache.nifi.processors.standard.RouteText - RouteText[id=7eed8dc2-ebc4-49da-951a-9990a8cef519] Created FlowFile[709,94823856988598.mockFlowFile,23B] from FlowFile[708,94823856988598.mockFlowFile,23B]; routing to relationship simple
[pool-2676-thread-1] INFO org.apache.nifi.processors.standard.RouteText - RouteText[id=7eed8dc2-ebc4-49da-951a-9990a8cef519] Routing FlowFile[708,94823856988598.mockFlowFile,23B] to original
[main] DEBUG org.apache.nifi.processors.standard.RouteText - RouteText[id=7eed8dc2-ebc4-49da-951a-9990a8cef519] Adding new dynamic property: PropertyDescriptor[simple]
[pool-2677-thread-1] INFO org.apache.nifi.processors.standard.RouteText - RouteText[id=7eed8dc2-ebc4-49da-951a-9990a8cef519] Created FlowFile[711,94823857536806.mockFlowFile,23B] from FlowFile[710,94823857536806.mockFlowFile,23B]; routing to relationship simple
[pool-2677-thread-1] INFO org.apache.nifi.processors.standard.RouteText - RouteText[id=7eed8dc2-ebc4-49da-951a-9990a8cef519] Routing FlowFile[710,94823857536806.mockFlowFile,23B] to original
[main] DEBUG org.apache.nifi.processors.standard.RouteText - RouteText[id=7eed8dc2-ebc4-49da-951a-9990a8cef519] Adding new dynamic property: PropertyDescriptor[simple]
[pool-2678-thread-1] INFO org.apache.nifi.processors.standard.RouteText - RouteText[id=7eed8dc2-ebc4-49da-951a-9990a8cef519] Created FlowFile[713,94823858032929.mockFlowFile,23B] from FlowFile[712,94823858032929.mockFlowFile,23B]; routing to relationship simple
[pool-2678-thread-1] INFO org.apache.nifi.processors.standard.RouteText - RouteText[id=7eed8dc2-ebc4-49da-951a-9990a8cef519] Routing FlowFile[712,94823858032929.mockFlowFile,23B] to original
[main] DEBUG org.apache.nifi.processors.standard.RouteText - RouteText[id=7eed8dc2-ebc4-49da-951a-9990a8cef519] Adding new dynamic property: PropertyDescriptor[simple]
[pool-2679-thread-1] INFO org.apache.nifi.processors.standard.RouteText - RouteText[id=7eed8dc2-ebc4-49da-951a-9990a8cef519] Created FlowFile[715,94823858636774.mockFlowFile,23B] from FlowFile[714,94823858636774.mockFlowFile,23B]; routing to relationship simple
[pool-2679-thread-1] INFO org.apache.nifi.processors.standard.RouteText - RouteText[id=7eed8dc2-ebc4-49da-951a-9990a8cef519] Routing FlowFile[714,94823858636774.mockFlowFile,23B] to original
[main] DEBUG org.apache.nifi.processors.standard.RouteText - RouteText[id=7eed8dc2-ebc4-49da-951a-9990a8cef519] Adding new dynamic property: PropertyDescriptor[simple]
[pool-2680-thread-1] INFO org.apache.nifi.processors.standard.RouteText - RouteText[id=7eed8dc2-ebc4-49da-951a-9990a8cef519] Created FlowFile[717,94823859187510.mockFlowFile,23B] from FlowFile[716,94823859187510.mockFlowFile,23B]; routing to relationship simple
[pool-2680-thread-1] INFO org.apache.nifi.processors.standard.RouteText - RouteText[id=7eed8dc2-ebc4-49da-951a-9990a8cef519] Routing FlowFile[716,94823859187510.mockFlowFile,23B] to original
[main] DEBUG org.apache.nifi.processors.standard.RouteText - RouteText[id=7eed8dc2-ebc4-49da-951a-9990a8cef519] Adding new dynamic property: PropertyDescriptor[simple]
[pool-2681-thread-1] INFO org.apache.nifi.processors.standard.RouteText - RouteText[id=7eed8dc2-ebc4-49da-951a-9990a8cef519] Created FlowFile[719,94823859768423.mockFlowFile,23B] from FlowFile[718,94823859768423.mockFlowFile,23B]; routing to relationship simple
[pool-2681-thread-1] INFO org.apache.nifi.processors.standard.RouteText - RouteText[id=7eed8dc2-ebc4-49da-951a-9990a8cef519] Routing FlowFile[718,94823859768423.mockFlowFile,23B] to original
[main] DEBUG org.apache.nifi.processors.standard.RouteText - RouteText[id=7eed8dc2-ebc4-49da-951a-9990a8cef519] Adding new dynamic property: PropertyDescriptor[simple]
[pool-2682-thread-1] INFO org.apache.nifi.processors.standard.RouteText - RouteText[id=7eed8dc2-ebc4-49da-951a-9990a8cef519] Created FlowFile[721,94823860406506.mockFlowFile,23B] from FlowFile[720,94823860406506.mockFlowFile,23B]; routing to relationship simple
[pool-2682-thread-1] INFO org.apache.nifi.processors.standard.RouteText - RouteText[id=7eed8dc2-ebc4-49da-951a-9990a8cef519] Routing FlowFile[720,94823860406506.mockFlowFile,23B] to original
[main] DEBUG org.apache.nifi.processors.standard.RouteText - RouteText[id=7eed8dc2-ebc4-49da-951a-9990a8cef519] Adding new dynamic property: PropertyDescriptor[simple]
[pool-2683-thread-1] INFO org.apache.nifi.processors.standard.RouteText - RouteText[id=7eed8dc2-ebc4-49da-951a-9990a8cef519] Created FlowFile[723,94823860976224.mockFlowFile,23B] from FlowFile[722,94823860976224.mockFlowFile,23B]; routing to relationship simple
[pool-2683-thread-1] INFO org.apache.nifi.processors.standard.RouteText - RouteText[id=7eed8dc2-ebc4-49da-951a-9990a8cef519] Routing FlowFile[722,94823860976224.mockFlowFile,23B] to original
[main] DEBUG org.apache.nifi.processors.standard.RouteText - RouteText[id=7eed8dc2-ebc4-49da-951a-9990a8cef519] Adding new dynamic property: PropertyDescriptor[simple]
[pool-2684-thread-1] INFO org.apache.nifi.processors.standard.RouteText - RouteText[id=7eed8dc2-ebc4-49da-951a-9990a8cef519] Created FlowFile[725,94823861446577.mockFlowFile,23B] from FlowFile[724,94823861446577.mockFlowFile,23B]; routing to relationship simple
[pool-2684-thread-1] INFO org.apache.nifi.processors.standard.RouteText - RouteText[id=7eed8dc2-ebc4-49da-951a-9990a8cef519] Routing FlowFile[724,94823861446577.mockFlowFile,23B] to original
[main] DEBUG org.apache.nifi.processors.standard.RouteText - RouteText[id=7eed8dc2-ebc4-49da-951a-9990a8cef519] Adding new dynamic property: PropertyDescriptor[simple]
[pool-2685-thread-1] INFO org.apache.nifi.processors.standard.RouteText - RouteText[id=7eed8dc2-ebc4-49da-951a-9990a8cef519] Created FlowFile[727,94823861881527.mockFlowFile,23B] from FlowFile[726,94823861881527.mockFlowFile,23B]; routing to relationship simple
[pool-2685-thread-1] INFO org.apache.nifi.processors.standard.RouteText - RouteText[id=7eed8dc2-ebc4-49da-951a-9990a8cef519] Routing FlowFile[726,94823861881527.mockFlowFile,23B] to original
[main] DEBUG org.apache.nifi.processors.standard.RouteText - RouteText[id=7eed8dc2-ebc4-49da-951a-9990a8cef519] Adding new dynamic property: PropertyDescriptor[simple]
[pool-2686-thread-1] INFO org.apache.nifi.processors.standard.RouteText - RouteText[id=7eed8dc2-ebc4-49da-951a-9990a8cef519] Created FlowFile[729,94823862291809.mockFlowFile,23B] from FlowFile[728,94823862291809.mockFlowFile,23B]; routing to relationship simple
[pool-2686-thread-1] INFO org.apache.nifi.processors.standard.RouteText - RouteText[id=7eed8dc2-ebc4-49da-951a-9990a8cef519] Routing FlowFile[728,94823862291809.mockFlowFile,23B] to original
[main] DEBUG org.apache.nifi.processors.standard.RouteText - RouteText[id=7eed8dc2-ebc4-49da-951a-9990a8cef519] Adding new dynamic property: PropertyDescriptor[simple]
[pool-2687-thread-1] INFO org.apache.nifi.processors.standard.RouteText - RouteText[id=7eed8dc2-ebc4-49da-951a-9990a8cef519] Created FlowFile[731,94823862856066.mockFlowFile,23B] from FlowFile[730,94823862856066.mockFlowFile,23B]; routing to relationship simple
[pool-2687-thread-1] INFO org.apache.nifi.processors.standard.RouteText - RouteText[id=7eed8dc2-ebc4-49da-951a-9990a8cef519] Routing FlowFile[730,94823862856066.mockFlowFile,23B] to original
[main] DEBUG org.apache.nifi.processors.standard.RouteText - RouteText[id=7eed8dc2-ebc4-49da-951a-9990a8cef519] Adding new dynamic property: PropertyDescriptor[simple]
[pool-2688-thread-1] INFO org.apache.nifi.processors.standard.RouteText - RouteText[id=7eed8dc2-ebc4-49da-951a-9990a8cef519] Created FlowFile[733,94823863335720.mockFlowFile,23B] from FlowFile[732,94823863335720.mockFlowFile,23B]; routing to relationship simple
[pool-2688-thread-1] INFO org.apache.nifi.processors.standard.RouteText - RouteText[id=7eed8dc2-ebc4-49da-951a-9990a8cef519] Routing FlowFile[732,94823863335720.mockFlowFile,23B] to original
[main] DEBUG org.apache.nifi.processors.standard.RouteText - RouteText[id=7eed8dc2-ebc4-49da-951a-9990a8cef519] Adding new dynamic property: PropertyDescriptor[simple]
[pool-2689-thread-1] INFO org.apache.nifi.processors.standard.RouteText - RouteText[id=7eed8dc2-ebc4-49da-951a-9990a8cef519] Created FlowFile[735,94823863891980.mockFlowFile,23B] from FlowFile[734,94823863891980.mockFlowFile,23B]; routing to relationship simple
[pool-2689-thread-1] INFO org.apache.nifi.processors.standard.RouteText - RouteText[id=7eed8dc2-ebc4-49da-951a-9990a8cef519] Routing FlowFile[734,94823863891980.mockFlowFile,23B] to original
[main] DEBUG org.apache.nifi.processors.standard.RouteText - RouteText[id=7eed8dc2-ebc4-49da-951a-9990a8cef519] Adding new dynamic property: PropertyDescriptor[simple]
[pool-2690-thread-1] INFO org.apache.nifi.processors.standard.RouteText - RouteText[id=7eed8dc2-ebc4-49da-951a-9990a8cef519] Created FlowFile[737,94823864657927.mockFlowFile,23B] from FlowFile[736,94823864657927.mockFlowFile,23B]; routing to relationship simple
[pool-2690-thread-1] INFO org.apache.nifi.processors.standard.RouteText - RouteText[id=7eed8dc2-ebc4-49da-951a-9990a8cef519] Routing FlowFile[736,94823864657927.mockFlowFile,23B] to original
[main] DEBUG org.apache.nifi.processors.standard.RouteText - RouteText[id=7eed8dc2-ebc4-49da-951a-9990a8cef519] Adding new dynamic property: PropertyDescriptor[simple]
[pool-2691-thread-1] INFO org.apache.nifi.processors.standard.RouteText - RouteText[id=7eed8dc2-ebc4-49da-951a-9990a8cef519] Created FlowFile[739,94823865214427.mockFlowFile,23B] from FlowFile[738,94823865214427.mockFlowFile,23B]; routing to relationship simple
[pool-2691-thread-1] INFO org.apache.nifi.processors.standard.RouteText - RouteText[id=7eed8dc2-ebc4-49da-951a-9990a8cef519] Routing FlowFile[738,94823865214427.mockFlowFile,23B] to original
[main] DEBUG org.apache.nifi.processors.standard.RouteText - RouteText[id=7eed8dc2-ebc4-49da-951a-9990a8cef519] Adding new dynamic property: PropertyDescriptor[simple]
[pool-2692-thread-1] INFO org.apache.nifi.processors.standard.RouteText - RouteText[id=7eed8dc2-ebc4-49da-951a-9990a8cef519] Created FlowFile[741,94823865736256.mockFlowFile,23B] from FlowFile[740,94823865736256.mockFlowFile,23B]; routing to relationship simple
[pool-2692-thread-1] INFO org.apache.nifi.processors.standard.RouteText - RouteText[id=7eed8dc2-ebc4-49da-951a-9990a8cef519] Routing FlowFile[740,94823865736256.mockFlowFile,23B] to original
[main] DEBUG org.apache.nifi.processors.standard.RouteText - RouteText[id=7eed8dc2-ebc4-49da-951a-9990a8cef519] Adding new dynamic property: PropertyDescriptor[simple]
[pool-2693-thread-1] INFO org.apache.nifi.processors.standard.RouteText - RouteText[id=7eed8dc2-ebc4-49da-951a-9990a8cef519] Created FlowFile[743,94823866201351.mockFlowFile,23B] from FlowFile[742,94823866201351.mockFlowFile,23B]; routing to relationship simple
[pool-2693-thread-1] INFO org.apache.nifi.processors.standard.RouteText - RouteText[id=7eed8dc2-ebc4-49da-951a-9990a8cef519] Routing FlowFile[742,94823866201351.mockFlowFile,23B] to original
[main] DEBUG org.apache.nifi.processors.standard.RouteText - RouteText[id=7eed8dc2-ebc4-49da-951a-9990a8cef519] Adding new dynamic property: PropertyDescriptor[simple]
[pool-2694-thread-1] INFO org.apache.nifi.processors.standard.RouteText - RouteText[id=7eed8dc2-ebc4-49da-951a-9990a8cef519] Created FlowFile[745,94823866648346.mockFlowFile,23B] from FlowFile[744,94823866648346.mockFlowFile,23B]; routing to relationship simple
[pool-2694-thread-1] INFO org.apache.nifi.processors.standard.RouteText - RouteText[id=7eed8dc2-ebc4-49da-951a-9990a8cef519] Routing FlowFile[744,94823866648346.mockFlowFile,23B] to original
[main] DEBUG org.apache.nifi.processors.standard.RouteText - RouteText[id=7eed8dc2-ebc4-49da-951a-9990a8cef519] Adding new dynamic property: PropertyDescriptor[simple]
[pool-2695-thread-1] INFO org.apache.nifi.processors.standard.RouteText - RouteText[id=7eed8dc2-ebc4-49da-951a-9990a8cef519] Created FlowFile[747,94823867101462.mockFlowFile,23B] from FlowFile[746,94823867101462.mockFlowFile,23B]; routing to relationship simple
[pool-2695-thread-1] INFO org.apache.nifi.processors.standard.RouteText - RouteText[id=7eed8dc2-ebc4-49da-951a-9990a8cef519] Routing FlowFile[746,94823867101462.mockFlowFile,23B] to original
[main] DEBUG org.apache.nifi.processors.standard.RouteText - RouteText[id=7eed8dc2-ebc4-49da-951a-9990a8cef519] Adding new dynamic property: PropertyDescriptor[simple]
[pool-2696-thread-1] INFO org.apache.nifi.processors.standard.RouteText - RouteText[id=7eed8dc2-ebc4-49da-951a-9990a8cef519] Created FlowFile[749,94823867724251.mockFlowFile,23B] from FlowFile[748,94823867724251.mockFlowFile,23B]; routing to relationship simple
[pool-2696-thread-1] INFO org.apache.nifi.processors.standard.RouteText - RouteText[id=7eed8dc2-ebc4-49da-951a-9990a8cef519] Routing FlowFile[748,94823867724251.mockFlowFile,23B] to original
[main] DEBUG org.apache.nifi.processors.standard.RouteText - RouteText[id=7eed8dc2-ebc4-49da-951a-9990a8cef519] Adding new dynamic property: PropertyDescriptor[simple]
[pool-2697-thread-1] INFO org.apache.nifi.processors.standard.RouteText - RouteText[id=7eed8dc2-ebc4-49da-951a-9990a8cef519] Created FlowFile[751,94823868345240.mockFlowFile,23B] from FlowFile[750,94823868345240.mockFlowFile,23B]; routing to relationship simple
[pool-2697-thread-1] INFO org.apache.nifi.processors.standard.RouteText - RouteText[id=7eed8dc2-ebc4-49da-951a-9990a8cef519] Routing FlowFile[750,94823868345240.mockFlowFile,23B] to original
[main] DEBUG org.apache.nifi.processors.standard.RouteText - RouteText[id=7eed8dc2-ebc4-49da-951a-9990a8cef519] Adding new dynamic property: PropertyDescriptor[simple]
[pool-2698-thread-1] INFO org.apache.nifi.processors.standard.RouteText - RouteText[id=7eed8dc2-ebc4-49da-951a-9990a8cef519] Created FlowFile[753,94823868969085.mockFlowFile,23B] from FlowFile[752,94823868969085.mockFlowFile,23B]; routing to relationship simple
[pool-2698-thread-1] INFO org.apache.nifi.processors.standard.RouteText - RouteText[id=7eed8dc2-ebc4-49da-951a-9990a8cef519] Routing FlowFile[752,94823868969085.mockFlowFile,23B] to original
[main] DEBUG org.apache.nifi.processors.standard.RouteText - RouteText[id=7eed8dc2-ebc4-49da-951a-9990a8cef519] Adding new dynamic property: PropertyDescriptor[simple]
[pool-2699-thread-1] INFO org.apache.nifi.processors.standard.RouteText - RouteText[id=7eed8dc2-ebc4-49da-951a-9990a8cef519] Created FlowFile[755,94823869538726.mockFlowFile,23B] from FlowFile[754,94823869538726.mockFlowFile,23B]; routing to relationship simple
[pool-2699-thread-1] INFO org.apache.nifi.processors.standard.RouteText - RouteText[id=7eed8dc2-ebc4-49da-951a-9990a8cef519] Routing FlowFile[754,94823869538726.mockFlowFile,23B] to original
[main] DEBUG org.apache.nifi.processors.standard.RouteText - RouteText[id=7eed8dc2-ebc4-49da-951a-9990a8cef519] Adding new dynamic property: PropertyDescriptor[simple]
[pool-2700-thread-1] INFO org.apache.nifi.processors.standard.RouteText - RouteText[id=7eed8dc2-ebc4-49da-951a-9990a8cef519] Created FlowFile[757,94823870074826.mockFlowFile,23B] from FlowFile[756,94823870074826.mockFlowFile,23B]; routing to relationship simple
[pool-2700-thread-1] INFO org.apache.nifi.processors.standard.RouteText - RouteText[id=7eed8dc2-ebc4-49da-951a-9990a8cef519] Routing FlowFile[756,94823870074826.mockFlowFile,23B] to original
[main] DEBUG org.apache.nifi.processors.standard.RouteText - RouteText[id=7eed8dc2-ebc4-49da-951a-9990a8cef519] Adding new dynamic property: PropertyDescriptor[simple]
[pool-2701-thread-1] INFO org.apache.nifi.processors.standard.RouteText - RouteText[id=7eed8dc2-ebc4-49da-951a-9990a8cef519] Created FlowFile[759,94823870634229.mockFlowFile,23B] from FlowFile[758,94823870634229.mockFlowFile,23B]; routing to relationship simple
[pool-2701-thread-1] INFO org.apache.nifi.processors.standard.RouteText - RouteText[id=7eed8dc2-ebc4-49da-951a-9990a8cef519] Routing FlowFile[758,94823870634229.mockFlowFile,23B] to original
[main] DEBUG org.apache.nifi.processors.standard.RouteText - RouteText[id=7eed8dc2-ebc4-49da-951a-9990a8cef519] Adding new dynamic property: PropertyDescriptor[simple]
[pool-2702-thread-1] INFO org.apache.nifi.processors.standard.RouteText - RouteText[id=7eed8dc2-ebc4-49da-951a-9990a8cef519] Created FlowFile[761,94823871075791.mockFlowFile,23B] from FlowFile[760,94823871075791.mockFlowFile,23B]; routing to relationship simple
[pool-2702-thread-1] INFO org.apache.nifi.processors.standard.RouteText - RouteText[id=7eed8dc2-ebc4-49da-951a-9990a8cef519] Routing FlowFile[760,94823871075791.mockFlowFile,23B] to original
[main] DEBUG org.apache.nifi.processors.standard.RouteText - RouteText[id=7eed8dc2-ebc4-49da-951a-9990a8cef519] Adding new dynamic property: PropertyDescriptor[simple]
[pool-2703-thread-1] INFO org.apache.nifi.processors.standard.RouteText - RouteText[id=7eed8dc2-ebc4-49da-951a-9990a8cef519] Created FlowFile[763,94823871707491.mockFlowFile,23B] from FlowFile[762,94823871707491.mockFlowFile,23B]; routing to relationship simple
[pool-2703-thread-1] INFO org.apache.nifi.processors.standard.RouteText - RouteText[id=7eed8dc2-ebc4-49da-951a-9990a8cef519] Routing FlowFile[762,94823871707491.mockFlowFile,23B] to original
[main] DEBUG org.apache.nifi.processors.standard.RouteText - RouteText[id=7eed8dc2-ebc4-49da-951a-9990a8cef519] Adding new dynamic property: PropertyDescriptor[simple]
[pool-2704-thread-1] INFO org.apache.nifi.processors.standard.RouteText - RouteText[id=7eed8dc2-ebc4-49da-951a-9990a8cef519] Created FlowFile[765,94823872129642.mockFlowFile,23B] from FlowFile[764,94823872129642.mockFlowFile,23B]; routing to relationship simple
[pool-2704-thread-1] INFO org.apache.nifi.processors.standard.RouteText - RouteText[id=7eed8dc2-ebc4-49da-951a-9990a8cef519] Routing FlowFile[764,94823872129642.mockFlowFile,23B] to original
[main] DEBUG org.apache.nifi.processors.standard.RouteText - RouteText[id=7eed8dc2-ebc4-49da-951a-9990a8cef519] Adding new dynamic property: PropertyDescriptor[simple]
[pool-2705-thread-1] INFO org.apache.nifi.processors.standard.RouteText - RouteText[id=7eed8dc2-ebc4-49da-951a-9990a8cef519] Created FlowFile[767,94823872664296.mockFlowFile,23B] from FlowFile[766,94823872664296.mockFlowFile,23B]; routing to relationship simple
[pool-2705-thread-1] INFO org.apache.nifi.processors.standard.RouteText - RouteText[id=7eed8dc2-ebc4-49da-951a-9990a8cef519] Routing FlowFile[766,94823872664296.mockFlowFile,23B] to original
[main] DEBUG org.apache.nifi.processors.standard.RouteText - RouteText[id=7eed8dc2-ebc4-49da-951a-9990a8cef519] Adding new dynamic property: PropertyDescriptor[simple]
[pool-2706-thread-1] INFO org.apache.nifi.processors.standard.RouteText - RouteText[id=7eed8dc2-ebc4-49da-951a-9990a8cef519] Created FlowFile[769,94823873166519.mockFlowFile,23B] from FlowFile[768,94823873166519.mockFlowFile,23B]; routing to relationship simple
[pool-2706-thread-1] INFO org.apache.nifi.processors.standard.RouteText - RouteText[id=7eed8dc2-ebc4-49da-951a-9990a8cef519] Routing FlowFile[768,94823873166519.mockFlowFile,23B] to original
[main] DEBUG org.apache.nifi.processors.standard.RouteText - RouteText[id=7eed8dc2-ebc4-49da-951a-9990a8cef519] Adding new dynamic property: PropertyDescriptor[simple]
[pool-2707-thread-1] INFO org.apache.nifi.processors.standard.RouteText - RouteText[id=7eed8dc2-ebc4-49da-951a-9990a8cef519] Created FlowFile[771,94823873739576.mockFlowFile,23B] from FlowFile[770,94823873739576.mockFlowFile,23B]; routing to relationship simple
[pool-2707-thread-1] INFO org.apache.nifi.processors.standard.RouteText - RouteText[id=7eed8dc2-ebc4-49da-951a-9990a8cef519] Routing FlowFile[770,94823873739576.mockFlowFile,23B] to original
[main] DEBUG org.apache.nifi.processors.standard.RouteText - RouteText[id=7eed8dc2-ebc4-49da-951a-9990a8cef519] Adding new dynamic property: PropertyDescriptor[simple]
[pool-2708-thread-1] INFO org.apache.nifi.processors.standard.RouteText - RouteText[id=7eed8dc2-ebc4-49da-951a-9990a8cef519] Created FlowFile[773,94823874262012.mockFlowFile,23B] from FlowFile[772,94823874262012.mockFlowFile,23B]; routing to relationship simple
[pool-2708-thread-1] INFO org.apache.nifi.processors.standard.RouteText - RouteText[id=7eed8dc2-ebc4-49da-951a-9990a8cef519] Routing FlowFile[772,94823874262012.mockFlowFile,23B] to original
[main] DEBUG org.apache.nifi.processors.standard.RouteText - RouteText[id=7eed8dc2-ebc4-49da-951a-9990a8cef519] Adding new dynamic property: PropertyDescriptor[simple]
[pool-2709-thread-1] INFO org.apache.nifi.processors.standard.RouteText - RouteText[id=7eed8dc2-ebc4-49da-951a-9990a8cef519] Created FlowFile[775,94823874855113.mockFlowFile,23B] from FlowFile[774,94823874855113.mockFlowFile,23B]; routing to relationship simple
[pool-2709-thread-1] INFO org.apache.nifi.processors.standard.RouteText - RouteText[id=7eed8dc2-ebc4-49da-951a-9990a8cef519] Routing FlowFile[774,94823874855113.mockFlowFile,23B] to original
[main] DEBUG org.apache.nifi.processors.standard.RouteText - RouteText[id=7eed8dc2-ebc4-49da-951a-9990a8cef519] Adding new dynamic property: PropertyDescriptor[simple]
[pool-2710-thread-1] INFO org.apache.nifi.processors.standard.RouteText - RouteText[id=7eed8dc2-ebc4-49da-951a-9990a8cef519] Created FlowFile[777,94823875376238.mockFlowFile,23B] from FlowFile[776,94823875376238.mockFlowFile,23B]; routing to relationship simple
[pool-2710-thread-1] INFO org.apache.nifi.processors.standard.RouteText - RouteText[id=7eed8dc2-ebc4-49da-951a-9990a8cef519] Routing FlowFile[776,94823875376238.mockFlowFile,23B] to original
[main] DEBUG org.apache.nifi.processors.standard.RouteText - RouteText[id=7eed8dc2-ebc4-49da-951a-9990a8cef519] Adding new dynamic property: PropertyDescriptor[simple]
[pool-2711-thread-1] INFO org.apache.nifi.processors.standard.RouteText - RouteText[id=7eed8dc2-ebc4-49da-951a-9990a8cef519] Created FlowFile[779,94823875829453.mockFlowFile,23B] from FlowFile[778,94823875829453.mockFlowFile,23B]; routing to relationship simple
[pool-2711-thread-1] INFO org.apache.nifi.processors.standard.RouteText - RouteText[id=7eed8dc2-ebc4-49da-951a-9990a8cef519] Routing FlowFile[778,94823875829453.mockFlowFile,23B] to original
[main] DEBUG org.apache.nifi.processors.standard.RouteText - RouteText[id=7eed8dc2-ebc4-49da-951a-9990a8cef519] Adding new dynamic property: PropertyDescriptor[simple]
[pool-2712-thread-1] INFO org.apache.nifi.processors.standard.RouteText - RouteText[id=7eed8dc2-ebc4-49da-951a-9990a8cef519] Created FlowFile[781,94823876380027.mockFlowFile,23B] from FlowFile[780,94823876380027.mockFlowFile,23B]; routing to relationship simple
[pool-2712-thread-1] INFO org.apache.nifi.processors.standard.RouteText - RouteText[id=7eed8dc2-ebc4-49da-951a-9990a8cef519] Routing FlowFile[780,94823876380027.mockFlowFile,23B] to original
[main] DEBUG org.apache.nifi.processors.standard.RouteText - RouteText[id=7eed8dc2-ebc4-49da-951a-9990a8cef519] Adding new dynamic property: PropertyDescriptor[simple]
[pool-2713-thread-1] INFO org.apache.nifi.processors.standard.RouteText - RouteText[id=7eed8dc2-ebc4-49da-951a-9990a8cef519] Created FlowFile[783,94823876904108.mockFlowFile,23B] from FlowFile[782,94823876904108.mockFlowFile,23B]; routing to relationship simple
[pool-2713-thread-1] INFO org.apache.nifi.processors.standard.RouteText - RouteText[id=7eed8dc2-ebc4-49da-951a-9990a8cef519] Routing FlowFile[782,94823876904108.mockFlowFile,23B] to original
[main] DEBUG org.apache.nifi.processors.standard.RouteText - RouteText[id=7eed8dc2-ebc4-49da-951a-9990a8cef519] Adding new dynamic property: PropertyDescriptor[simple]
[pool-2714-thread-1] INFO org.apache.nifi.processors.standard.RouteText - RouteText[id=7eed8dc2-ebc4-49da-951a-9990a8cef519] Created FlowFile[785,94823877395331.mockFlowFile,23B] from FlowFile[784,94823877395331.mockFlowFile,23B]; routing to relationship simple
[pool-2714-thread-1] INFO org.apache.nifi.processors.standard.RouteText - RouteText[id=7eed8dc2-ebc4-49da-951a-9990a8cef519] Routing FlowFile[784,94823877395331.mockFlowFile,23B] to original
[main] DEBUG org.apache.nifi.processors.standard.RouteText - RouteText[id=7eed8dc2-ebc4-49da-951a-9990a8cef519] Adding new dynamic property: PropertyDescriptor[simple]
[pool-2715-thread-1] INFO org.apache.nifi.processors.standard.RouteText - RouteText[id=7eed8dc2-ebc4-49da-951a-9990a8cef519] Created FlowFile[787,94823877838307.mockFlowFile,23B] from FlowFile[786,94823877838307.mockFlowFile,23B]; routing to relationship simple
[pool-2715-thread-1] INFO org.apache.nifi.processors.standard.RouteText - RouteText[id=7eed8dc2-ebc4-49da-951a-9990a8cef519] Routing FlowFile[786,94823877838307.mockFlowFile,23B] to original
[main] DEBUG org.apache.nifi.processors.standard.RouteText - RouteText[id=7eed8dc2-ebc4-49da-951a-9990a8cef519] Adding new dynamic property: PropertyDescriptor[simple]
[pool-2716-thread-1] INFO org.apache.nifi.processors.standard.RouteText - RouteText[id=7eed8dc2-ebc4-49da-951a-9990a8cef519] Created FlowFile[789,94823878251721.mockFlowFile,23B] from FlowFile[788,94823878251721.mockFlowFile,23B]; routing to relationship simple
[pool-2716-thread-1] INFO org.apache.nifi.processors.standard.RouteText - RouteText[id=7eed8dc2-ebc4-49da-951a-9990a8cef519] Routing FlowFile[788,94823878251721.mockFlowFile,23B] to original
[main] DEBUG org.apache.nifi.processors.standard.RouteText - RouteText[id=7eed8dc2-ebc4-49da-951a-9990a8cef519] Adding new dynamic property: PropertyDescriptor[simple]
[pool-2717-thread-1] INFO org.apache.nifi.processors.standard.RouteText - RouteText[id=7eed8dc2-ebc4-49da-951a-9990a8cef519] Created FlowFile[791,94823878591752.mockFlowFile,23B] from FlowFile[790,94823878591752.mockFlowFile,23B]; routing to relationship simple
[pool-2717-thread-1] INFO org.apache.nifi.processors.standard.RouteText - RouteText[id=7eed8dc2-ebc4-49da-951a-9990a8cef519] Routing FlowFile[790,94823878591752.mockFlowFile,23B] to original
[main] DEBUG org.apache.nifi.processors.standard.RouteText - RouteText[id=7eed8dc2-ebc4-49da-951a-9990a8cef519] Adding new dynamic property: PropertyDescriptor[simple]
[pool-2718-thread-1] INFO org.apache.nifi.processors.standard.RouteText - RouteText[id=7eed8dc2-ebc4-49da-951a-9990a8cef519] Created FlowFile[793,94823878995693.mockFlowFile,23B] from FlowFile[792,94823878995693.mockFlowFile,23B]; routing to relationship simple
[pool-2718-thread-1] INFO org.apache.nifi.processors.standard.RouteText - RouteText[id=7eed8dc2-ebc4-49da-951a-9990a8cef519] Routing FlowFile[792,94823878995693.mockFlowFile,23B] to original
[main] DEBUG org.apache.nifi.processors.standard.RouteText - RouteText[id=7eed8dc2-ebc4-49da-951a-9990a8cef519] Adding new dynamic property: PropertyDescriptor[simple]
[pool-2719-thread-1] INFO org.apache.nifi.processors.standard.RouteText - RouteText[id=7eed8dc2-ebc4-49da-951a-9990a8cef519] Created FlowFile[795,94823879513463.mockFlowFile,23B] from FlowFile[794,94823879513463.mockFlowFile,23B]; routing to relationship simple
[pool-2719-thread-1] INFO org.apache.nifi.processors.standard.RouteText - RouteText[id=7eed8dc2-ebc4-49da-951a-9990a8cef519] Routing FlowFile[794,94823879513463.mockFlowFile,23B] to original
[main] DEBUG org.apache.nifi.processors.standard.RouteText - RouteText[id=7eed8dc2-ebc4-49da-951a-9990a8cef519] Adding new dynamic property: PropertyDescriptor[simple]
[pool-2720-thread-1] INFO org.apache.nifi.processors.standard.RouteText - RouteText[id=7eed8dc2-ebc4-49da-951a-9990a8cef519] Created FlowFile[797,94823879947580.mockFlowFile,23B] from FlowFile[796,94823879947580.mockFlowFile,23B]; routing to relationship simple
[pool-2720-thread-1] INFO org.apache.nifi.processors.standard.RouteText - RouteText[id=7eed8dc2-ebc4-49da-951a-9990a8cef519] Routing FlowFile[796,94823879947580.mockFlowFile,23B] to original
[main] DEBUG org.apache.nifi.processors.standard.RouteText - RouteText[id=7eed8dc2-ebc4-49da-951a-9990a8cef519] Adding new dynamic property: PropertyDescriptor[simple]
[pool-2721-thread-1] INFO org.apache.nifi.processors.standard.RouteText - RouteText[id=7eed8dc2-ebc4-49da-951a-9990a8cef519] Created FlowFile[799,94823880433625.mockFlowFile,23B] from FlowFile[798,94823880433625.mockFlowFile,23B]; routing to relationship simple
[pool-2721-thread-1] INFO org.apache.nifi.processors.standard.RouteText - RouteText[id=7eed8dc2-ebc4-49da-951a-9990a8cef519] Routing FlowFile[798,94823880433625.mockFlowFile,23B] to original
[main] DEBUG org.apache.nifi.processors.standard.RouteText - RouteText[id=7eed8dc2-ebc4-49da-951a-9990a8cef519] Adding new dynamic property: PropertyDescriptor[simple]
[pool-2722-thread-1] INFO org.apache.nifi.processors.standard.RouteText - RouteText[id=7eed8dc2-ebc4-49da-951a-9990a8cef519] Created FlowFile[801,94823880932446.mockFlowFile,23B] from FlowFile[800,94823880932446.mockFlowFile,23B]; routing to relationship simple
[pool-2722-thread-1] INFO org.apache.nifi.processors.standard.RouteText - RouteText[id=7eed8dc2-ebc4-49da-951a-9990a8cef519] Routing FlowFile[800,94823880932446.mockFlowFile,23B] to original
[main] DEBUG org.apache.nifi.processors.standard.RouteText - RouteText[id=7eed8dc2-ebc4-49da-951a-9990a8cef519] Adding new dynamic property: PropertyDescriptor[simple]
[pool-2723-thread-1] INFO org.apache.nifi.processors.standard.RouteText - RouteText[id=7eed8dc2-ebc4-49da-951a-9990a8cef519] Created FlowFile[803,94823881295165.mockFlowFile,23B] from FlowFile[802,94823881295165.mockFlowFile,23B]; routing to relationship simple
[pool-2723-thread-1] INFO org.apache.nifi.processors.standard.RouteText - RouteText[id=7eed8dc2-ebc4-49da-951a-9990a8cef519] Routing FlowFile[802,94823881295165.mockFlowFile,23B] to original
[main] DEBUG org.apache.nifi.processors.standard.RouteText - RouteText[id=7eed8dc2-ebc4-49da-951a-9990a8cef519] Adding new dynamic property: PropertyDescriptor[simple]
[pool-2724-thread-1] INFO org.apache.nifi.processors.standard.RouteText - RouteText[id=7eed8dc2-ebc4-49da-951a-9990a8cef519] Created FlowFile[805,94823881651948.mockFlowFile,23B] from FlowFile[804,94823881651948.mockFlowFile,23B]; routing to relationship simple
[pool-2724-thread-1] INFO org.apache.nifi.processors.standard.RouteText - RouteText[id=7eed8dc2-ebc4-49da-951a-9990a8cef519] Routing FlowFile[804,94823881651948.mockFlowFile,23B] to original
[main] DEBUG org.apache.nifi.processors.standard.RouteText - RouteText[id=7eed8dc2-ebc4-49da-951a-9990a8cef519] Adding new dynamic property: PropertyDescriptor[simple]
[pool-2725-thread-1] INFO org.apache.nifi.processors.standard.RouteText - RouteText[id=7eed8dc2-ebc4-49da-951a-9990a8cef519] Created FlowFile[807,94823882019321.mockFlowFile,23B] from FlowFile[806,94823882019321.mockFlowFile,23B]; routing to relationship simple
[pool-2725-thread-1] INFO org.apache.nifi.processors.standard.RouteText - RouteText[id=7eed8dc2-ebc4-49da-951a-9990a8cef519] Routing FlowFile[806,94823882019321.mockFlowFile,23B] to original
[main] DEBUG org.apache.nifi.processors.standard.RouteText - RouteText[id=7eed8dc2-ebc4-49da-951a-9990a8cef519] Adding new dynamic property: PropertyDescriptor[simple]
[pool-2726-thread-1] INFO org.apache.nifi.processors.standard.RouteText - RouteText[id=7eed8dc2-ebc4-49da-951a-9990a8cef519] Created FlowFile[809,94823902391576.mockFlowFile,23B] from FlowFile[808,94823902391576.mockFlowFile,23B]; routing to relationship simple
[pool-2726-thread-1] INFO org.apache.nifi.processors.standard.RouteText - RouteText[id=7eed8dc2-ebc4-49da-951a-9990a8cef519] Routing FlowFile[808,94823902391576.mockFlowFile,23B] to original
[main] DEBUG org.apache.nifi.processors.standard.RouteText - RouteText[id=7eed8dc2-ebc4-49da-951a-9990a8cef519] Adding new dynamic property: PropertyDescriptor[simple]
[pool-2727-thread-1] INFO org.apache.nifi.processors.standard.RouteText - RouteText[id=7eed8dc2-ebc4-49da-951a-9990a8cef519] Created FlowFile[811,94823903114280.mockFlowFile,23B] from FlowFile[810,94823903114280.mockFlowFile,23B]; routing to relationship simple
[pool-2727-thread-1] INFO org.apache.nifi.processors.standard.RouteText - RouteText[id=7eed8dc2-ebc4-49da-951a-9990a8cef519] Routing FlowFile[810,94823903114280.mockFlowFile,23B] to original
[main] DEBUG org.apache.nifi.processors.standard.RouteText - RouteText[id=7eed8dc2-ebc4-49da-951a-9990a8cef519] Adding new dynamic property: PropertyDescriptor[simple]
[pool-2728-thread-1] INFO org.apache.nifi.processors.standard.RouteText - RouteText[id=7eed8dc2-ebc4-49da-951a-9990a8cef519] Created FlowFile[813,94823903641011.mockFlowFile,23B] from FlowFile[812,94823903641011.mockFlowFile,23B]; routing to relationship simple
[pool-2728-thread-1] INFO org.apache.nifi.processors.standard.RouteText - RouteText[id=7eed8dc2-ebc4-49da-951a-9990a8cef519] Routing FlowFile[812,94823903641011.mockFlowFile,23B] to original
[main] DEBUG org.apache.nifi.processors.standard.RouteText - RouteText[id=7eed8dc2-ebc4-49da-951a-9990a8cef519] Adding new dynamic property: PropertyDescriptor[simple]
[pool-2729-thread-1] INFO org.apache.nifi.processors.standard.RouteText - RouteText[id=7eed8dc2-ebc4-49da-951a-9990a8cef519] Created FlowFile[815,94823904372551.mockFlowFile,23B] from FlowFile[814,94823904372551.mockFlowFile,23B]; routing to relationship simple
[pool-2729-thread-1] INFO org.apache.nifi.processors.standard.RouteText - RouteText[id=7eed8dc2-ebc4-49da-951a-9990a8cef519] Routing FlowFile[814,94823904372551.mockFlowFile,23B] to original
[main] DEBUG org.apache.nifi.processors.standard.RouteText - RouteText[id=7eed8dc2-ebc4-49da-951a-9990a8cef519] Adding new dynamic property: PropertyDescriptor[simple]
[pool-2730-thread-1] INFO org.apache.nifi.processors.standard.RouteText - RouteText[id=7eed8dc2-ebc4-49da-951a-9990a8cef519] Created FlowFile[817,94823905066463.mockFlowFile,23B] from FlowFile[816,94823905066463.mockFlowFile,23B]; routing to relationship simple
[pool-2730-thread-1] INFO org.apache.nifi.processors.standard.RouteText - RouteText[id=7eed8dc2-ebc4-49da-951a-9990a8cef519] Routing FlowFile[816,94823905066463.mockFlowFile,23B] to original
[main] DEBUG org.apache.nifi.processors.standard.RouteText - RouteText[id=7eed8dc2-ebc4-49da-951a-9990a8cef519] Adding new dynamic property: PropertyDescriptor[simple]
[pool-2731-thread-1] INFO org.apache.nifi.processors.standard.RouteText - RouteText[id=7eed8dc2-ebc4-49da-951a-9990a8cef519] Created FlowFile[819,94823905739667.mockFlowFile,23B] from FlowFile[818,94823905739667.mockFlowFile,23B]; routing to relationship simple
[pool-2731-thread-1] INFO org.apache.nifi.processors.standard.RouteText - RouteText[id=7eed8dc2-ebc4-49da-951a-9990a8cef519] Routing FlowFile[818,94823905739667.mockFlowFile,23B] to original
[main] DEBUG org.apache.nifi.processors.standard.RouteText - RouteText[id=7eed8dc2-ebc4-49da-951a-9990a8cef519] Adding new dynamic property: PropertyDescriptor[simple]
[pool-2732-thread-1] INFO org.apache.nifi.processors.standard.RouteText - RouteText[id=7eed8dc2-ebc4-49da-951a-9990a8cef519] Created FlowFile[821,94823906361081.mockFlowFile,23B] from FlowFile[820,94823906361081.mockFlowFile,23B]; routing to relationship simple
[pool-2732-thread-1] INFO org.apache.nifi.processors.standard.RouteText - RouteText[id=7eed8dc2-ebc4-49da-951a-9990a8cef519] Routing FlowFile[820,94823906361081.mockFlowFile,23B] to original
[main] DEBUG org.apache.nifi.processors.standard.RouteText - RouteText[id=7eed8dc2-ebc4-49da-951a-9990a8cef519] Adding new dynamic property: PropertyDescriptor[simple]
[pool-2733-thread-1] INFO org.apache.nifi.processors.standard.RouteText - RouteText[id=7eed8dc2-ebc4-49da-951a-9990a8cef519] Created FlowFile[823,94823906933903.mockFlowFile,23B] from FlowFile[822,94823906933903.mockFlowFile,23B]; routing to relationship simple
[pool-2733-thread-1] INFO org.apache.nifi.processors.standard.RouteText - RouteText[id=7eed8dc2-ebc4-49da-951a-9990a8cef519] Routing FlowFile[822,94823906933903.mockFlowFile,23B] to original
[main] DEBUG org.apache.nifi.processors.standard.RouteText - RouteText[id=7eed8dc2-ebc4-49da-951a-9990a8cef519] Adding new dynamic property: PropertyDescriptor[simple]
[pool-2734-thread-1] INFO org.apache.nifi.processors.standard.RouteText - RouteText[id=7eed8dc2-ebc4-49da-951a-9990a8cef519] Created FlowFile[825,94823907479255.mockFlowFile,23B] from FlowFile[824,94823907479255.mockFlowFile,23B]; routing to relationship simple
[pool-2734-thread-1] INFO org.apache.nifi.processors.standard.RouteText - RouteText[id=7eed8dc2-ebc4-49da-951a-9990a8cef519] Routing FlowFile[824,94823907479255.mockFlowFile,23B] to original
[main] DEBUG org.apache.nifi.processors.standard.RouteText - RouteText[id=7eed8dc2-ebc4-49da-951a-9990a8cef519] Adding new dynamic property: PropertyDescriptor[simple]
[pool-2735-thread-1] INFO org.apache.nifi.processors.standard.RouteText - RouteText[id=7eed8dc2-ebc4-49da-951a-9990a8cef519] Created FlowFile[827,94823908114097.mockFlowFile,23B] from FlowFile[826,94823908114097.mockFlowFile,23B]; routing to relationship simple
[pool-2735-thread-1] INFO org.apache.nifi.processors.standard.RouteText - RouteText[id=7eed8dc2-ebc4-49da-951a-9990a8cef519] Routing FlowFile[826,94823908114097.mockFlowFile,23B] to original
[main] DEBUG org.apache.nifi.processors.standard.RouteText - RouteText[id=7eed8dc2-ebc4-49da-951a-9990a8cef519] Adding new dynamic property: PropertyDescriptor[simple]
[pool-2736-thread-1] INFO org.apache.nifi.processors.standard.RouteText - RouteText[id=7eed8dc2-ebc4-49da-951a-9990a8cef519] Created FlowFile[829,94823908718966.mockFlowFile,23B] from FlowFile[828,94823908718966.mockFlowFile,23B]; routing to relationship simple
[pool-2736-thread-1] INFO org.apache.nifi.processors.standard.RouteText - RouteText[id=7eed8dc2-ebc4-49da-951a-9990a8cef519] Routing FlowFile[828,94823908718966.mockFlowFile,23B] to original
[main] DEBUG org.apache.nifi.processors.standard.RouteText - RouteText[id=7eed8dc2-ebc4-49da-951a-9990a8cef519] Adding new dynamic property: PropertyDescriptor[simple]
[pool-2737-thread-1] INFO org.apache.nifi.processors.standard.RouteText - RouteText[id=7eed8dc2-ebc4-49da-951a-9990a8cef519] Created FlowFile[831,94823909303937.mockFlowFile,23B] from FlowFile[830,94823909303937.mockFlowFile,23B]; routing to relationship simple
[pool-2737-thread-1] INFO org.apache.nifi.processors.standard.RouteText - RouteText[id=7eed8dc2-ebc4-49da-951a-9990a8cef519] Routing FlowFile[830,94823909303937.mockFlowFile,23B] to original
[main] DEBUG org.apache.nifi.processors.standard.RouteText - RouteText[id=7eed8dc2-ebc4-49da-951a-9990a8cef519] Adding new dynamic property: PropertyDescriptor[simple]
[pool-2738-thread-1] INFO org.apache.nifi.processors.standard.RouteText - RouteText[id=7eed8dc2-ebc4-49da-951a-9990a8cef519] Created FlowFile[833,94823909868230.mockFlowFile,23B] from FlowFile[832,94823909868230.mockFlowFile,23B]; routing to relationship simple
[pool-2738-thread-1] INFO org.apache.nifi.processors.standard.RouteText - RouteText[id=7eed8dc2-ebc4-49da-951a-9990a8cef519] Routing FlowFile[832,94823909868230.mockFlowFile,23B] to original
[main] DEBUG org.apache.nifi.processors.standard.RouteText - RouteText[id=7eed8dc2-ebc4-49da-951a-9990a8cef519] Adding new dynamic property: PropertyDescriptor[simple]
[pool-2739-thread-1] INFO org.apache.nifi.processors.standard.RouteText - RouteText[id=7eed8dc2-ebc4-49da-951a-9990a8cef519] Created FlowFile[835,94823910398367.mockFlowFile,23B] from FlowFile[834,94823910398367.mockFlowFile,23B]; routing to relationship simple
[pool-2739-thread-1] INFO org.apache.nifi.processors.standard.RouteText - RouteText[id=7eed8dc2-ebc4-49da-951a-9990a8cef519] Routing FlowFile[834,94823910398367.mockFlowFile,23B] to original
[main] DEBUG org.apache.nifi.processors.standard.RouteText - RouteText[id=7eed8dc2-ebc4-49da-951a-9990a8cef519] Adding new dynamic property: PropertyDescriptor[simple]
[pool-2740-thread-1] INFO org.apache.nifi.processors.standard.RouteText - RouteText[id=7eed8dc2-ebc4-49da-951a-9990a8cef519] Created FlowFile[837,94823910837242.mockFlowFile,23B] from FlowFile[836,94823910837242.mockFlowFile,23B]; routing to relationship simple
[pool-2740-thread-1] INFO org.apache.nifi.processors.standard.RouteText - RouteText[id=7eed8dc2-ebc4-49da-951a-9990a8cef519] Routing FlowFile[836,94823910837242.mockFlowFile,23B] to original
[main] DEBUG org.apache.nifi.processors.standard.RouteText - RouteText[id=7eed8dc2-ebc4-49da-951a-9990a8cef519] Adding new dynamic property: PropertyDescriptor[simple]
[pool-2741-thread-1] INFO org.apache.nifi.processors.standard.RouteText - RouteText[id=7eed8dc2-ebc4-49da-951a-9990a8cef519] Created FlowFile[839,94823911381051.mockFlowFile,23B] from FlowFile[838,94823911381051.mockFlowFile,23B]; routing to relationship simple
[pool-2741-thread-1] INFO org.apache.nifi.processors.standard.RouteText - RouteText[id=7eed8dc2-ebc4-49da-951a-9990a8cef519] Routing FlowFile[838,94823911381051.mockFlowFile,23B] to original
[main] DEBUG org.apache.nifi.processors.standard.RouteText - RouteText[id=7eed8dc2-ebc4-49da-951a-9990a8cef519] Adding new dynamic property: PropertyDescriptor[simple]
[pool-2742-thread-1] INFO org.apache.nifi.processors.standard.RouteText - RouteText[id=7eed8dc2-ebc4-49da-951a-9990a8cef519] Created FlowFile[841,94823911879270.mockFlowFile,23B] from FlowFile[840,94823911879270.mockFlowFile,23B]; routing to relationship simple
[pool-2742-thread-1] INFO org.apache.nifi.processors.standard.RouteText - RouteText[id=7eed8dc2-ebc4-49da-951a-9990a8cef519] Routing FlowFile[840,94823911879270.mockFlowFile,23B] to original
[main] DEBUG org.apache.nifi.processors.standard.RouteText - RouteText[id=7eed8dc2-ebc4-49da-951a-9990a8cef519] Adding new dynamic property: PropertyDescriptor[simple]
[pool-2743-thread-1] INFO org.apache.nifi.processors.standard.RouteText - RouteText[id=7eed8dc2-ebc4-49da-951a-9990a8cef519] Created FlowFile[843,94823912483424.mockFlowFile,23B] from FlowFile[842,94823912483424.mockFlowFile,23B]; routing to relationship simple
[pool-2743-thread-1] INFO org.apache.nifi.processors.standard.RouteText - RouteText[id=7eed8dc2-ebc4-49da-951a-9990a8cef519] Routing FlowFile[842,94823912483424.mockFlowFile,23B] to original
[main] DEBUG org.apache.nifi.processors.standard.RouteText - RouteText[id=7eed8dc2-ebc4-49da-951a-9990a8cef519] Adding new dynamic property: PropertyDescriptor[simple]
[pool-2744-thread-1] INFO org.apache.nifi.processors.standard.RouteText - RouteText[id=7eed8dc2-ebc4-49da-951a-9990a8cef519] Created FlowFile[845,94823913056377.mockFlowFile,23B] from FlowFile[844,94823913056377.mockFlowFile,23B]; routing to relationship simple
[pool-2744-thread-1] INFO org.apache.nifi.processors.standard.RouteText - RouteText[id=7eed8dc2-ebc4-49da-951a-9990a8cef519] Routing FlowFile[844,94823913056377.mockFlowFile,23B] to original
[main] DEBUG org.apache.nifi.processors.standard.RouteText - RouteText[id=7eed8dc2-ebc4-49da-951a-9990a8cef519] Adding new dynamic property: PropertyDescriptor[simple]
[pool-2745-thread-1] INFO org.apache.nifi.processors.standard.RouteText - RouteText[id=7eed8dc2-ebc4-49da-951a-9990a8cef519] Created FlowFile[847,94823913596730.mockFlowFile,23B] from FlowFile[846,94823913596730.mockFlowFile,23B]; routing to relationship simple
[pool-2745-thread-1] INFO org.apache.nifi.processors.standard.RouteText - RouteText[id=7eed8dc2-ebc4-49da-951a-9990a8cef519] Routing FlowFile[846,94823913596730.mockFlowFile,23B] to original
[main] DEBUG org.apache.nifi.processors.standard.RouteText - RouteText[id=7eed8dc2-ebc4-49da-951a-9990a8cef519] Adding new dynamic property: PropertyDescriptor[simple]
[pool-2746-thread-1] INFO org.apache.nifi.processors.standard.RouteText - RouteText[id=7eed8dc2-ebc4-49da-951a-9990a8cef519] Created FlowFile[849,94823914125770.mockFlowFile,23B] from FlowFile[848,94823914125770.mockFlowFile,23B]; routing to relationship simple
[pool-2746-thread-1] INFO org.apache.nifi.processors.standard.RouteText - RouteText[id=7eed8dc2-ebc4-49da-951a-9990a8cef519] Routing FlowFile[848,94823914125770.mockFlowFile,23B] to original
[main] DEBUG org.apache.nifi.processors.standard.RouteText - RouteText[id=7eed8dc2-ebc4-49da-951a-9990a8cef519] Adding new dynamic property: PropertyDescriptor[simple]
[pool-2747-thread-1] INFO org.apache.nifi.processors.standard.RouteText - RouteText[id=7eed8dc2-ebc4-49da-951a-9990a8cef519] Created FlowFile[851,94823914531619.mockFlowFile,23B] from FlowFile[850,94823914531619.mockFlowFile,23B]; routing to relationship simple
[pool-2747-thread-1] INFO org.apache.nifi.processors.standard.RouteText - RouteText[id=7eed8dc2-ebc4-49da-951a-9990a8cef519] Routing FlowFile[850,94823914531619.mockFlowFile,23B] to original
[main] DEBUG org.apache.nifi.processors.standard.RouteText - RouteText[id=7eed8dc2-ebc4-49da-951a-9990a8cef519] Adding new dynamic property: PropertyDescriptor[simple]
[pool-2748-thread-1] INFO org.apache.nifi.processors.standard.RouteText - RouteText[id=7eed8dc2-ebc4-49da-951a-9990a8cef519] Created FlowFile[853,94823915318876.mockFlowFile,23B] from FlowFile[852,94823915318876.mockFlowFile,23B]; routing to relationship simple
[pool-2748-thread-1] INFO org.apache.nifi.processors.standard.RouteText - RouteText[id=7eed8dc2-ebc4-49da-951a-9990a8cef519] Routing FlowFile[852,94823915318876.mockFlowFile,23B] to original
[main] DEBUG org.apache.nifi.processors.standard.RouteText - RouteText[id=7eed8dc2-ebc4-49da-951a-9990a8cef519] Adding new dynamic property: PropertyDescriptor[simple]
[pool-2749-thread-1] INFO org.apache.nifi.processors.standard.RouteText - RouteText[id=7eed8dc2-ebc4-49da-951a-9990a8cef519] Created FlowFile[855,94823915859853.mockFlowFile,23B] from FlowFile[854,94823915859853.mockFlowFile,23B]; routing to relationship simple
[pool-2749-thread-1] INFO org.apache.nifi.processors.standard.RouteText - RouteText[id=7eed8dc2-ebc4-49da-951a-9990a8cef519] Routing FlowFile[854,94823915859853.mockFlowFile,23B] to original
[main] DEBUG org.apache.nifi.processors.standard.RouteText - RouteText[id=7eed8dc2-ebc4-49da-951a-9990a8cef519] Adding new dynamic property: PropertyDescriptor[simple]
[pool-2750-thread-1] INFO org.apache.nifi.processors.standard.RouteText - RouteText[id=7eed8dc2-ebc4-49da-951a-9990a8cef519] Created FlowFile[857,94823916429848.mockFlowFile,23B] from FlowFile[856,94823916429848.mockFlowFile,23B]; routing to relationship simple
[pool-2750-thread-1] INFO org.apache.nifi.processors.standard.RouteText - RouteText[id=7eed8dc2-ebc4-49da-951a-9990a8cef519] Routing FlowFile[856,94823916429848.mockFlowFile,23B] to original
[main] DEBUG org.apache.nifi.processors.standard.RouteText - RouteText[id=7eed8dc2-ebc4-49da-951a-9990a8cef519] Adding new dynamic property: PropertyDescriptor[simple]
[pool-2751-thread-1] INFO org.apache.nifi.processors.standard.RouteText - RouteText[id=7eed8dc2-ebc4-49da-951a-9990a8cef519] Created FlowFile[859,94823916998267.mockFlowFile,23B] from FlowFile[858,94823916998267.mockFlowFile,23B]; routing to relationship simple
[pool-2751-thread-1] INFO org.apache.nifi.processors.standard.RouteText - RouteText[id=7eed8dc2-ebc4-49da-951a-9990a8cef519] Routing FlowFile[858,94823916998267.mockFlowFile,23B] to original
[main] DEBUG org.apache.nifi.processors.standard.RouteText - RouteText[id=7eed8dc2-ebc4-49da-951a-9990a8cef519] Adding new dynamic property: PropertyDescriptor[simple]
[pool-2752-thread-1] INFO org.apache.nifi.processors.standard.RouteText - RouteText[id=7eed8dc2-ebc4-49da-951a-9990a8cef519] Created FlowFile[861,94823917602244.mockFlowFile,23B] from FlowFile[860,94823917602244.mockFlowFile,23B]; routing to relationship simple
[pool-2752-thread-1] INFO org.apache.nifi.processors.standard.RouteText - RouteText[id=7eed8dc2-ebc4-49da-951a-9990a8cef519] Routing FlowFile[860,94823917602244.mockFlowFile,23B] to original
[main] DEBUG org.apache.nifi.processors.standard.RouteText - RouteText[id=7eed8dc2-ebc4-49da-951a-9990a8cef519] Adding new dynamic property: PropertyDescriptor[simple]
[pool-2753-thread-1] INFO org.apache.nifi.processors.standard.RouteText - RouteText[id=7eed8dc2-ebc4-49da-951a-9990a8cef519] Created FlowFile[863,94823918157408.mockFlowFile,23B] from FlowFile[862,94823918157408.mockFlowFile,23B]; routing to relationship simple
[pool-2753-thread-1] INFO org.apache.nifi.processors.standard.RouteText - RouteText[id=7eed8dc2-ebc4-49da-951a-9990a8cef519] Routing FlowFile[862,94823918157408.mockFlowFile,23B] to original
[main] DEBUG org.apache.nifi.processors.standard.RouteText - RouteText[id=7eed8dc2-ebc4-49da-951a-9990a8cef519] Adding new dynamic property: PropertyDescriptor[simple]
[pool-2754-thread-1] INFO org.apache.nifi.processors.standard.RouteText - RouteText[id=7eed8dc2-ebc4-49da-951a-9990a8cef519] Created FlowFile[865,94823918603352.mockFlowFile,23B] from FlowFile[864,94823918603352.mockFlowFile,23B]; routing to relationship simple
[pool-2754-thread-1] INFO org.apache.nifi.processors.standard.RouteText - RouteText[id=7eed8dc2-ebc4-49da-951a-9990a8cef519] Routing FlowFile[864,94823918603352.mockFlowFile,23B] to original
[main] DEBUG org.apache.nifi.processors.standard.RouteText - RouteText[id=7eed8dc2-ebc4-49da-951a-9990a8cef519] Adding new dynamic property: PropertyDescriptor[simple]
[pool-2755-thread-1] INFO org.apache.nifi.processors.standard.RouteText - RouteText[id=7eed8dc2-ebc4-49da-951a-9990a8cef519] Created FlowFile[867,94823919033214.mockFlowFile,23B] from FlowFile[866,94823919033214.mockFlowFile,23B]; routing to relationship simple
[pool-2755-thread-1] INFO org.apache.nifi.processors.standard.RouteText - RouteText[id=7eed8dc2-ebc4-49da-951a-9990a8cef519] Routing FlowFile[866,94823919033214.mockFlowFile,23B] to original
[main] DEBUG org.apache.nifi.processors.standard.RouteText - RouteText[id=7eed8dc2-ebc4-49da-951a-9990a8cef519] Adding new dynamic property: PropertyDescriptor[simple]
[pool-2756-thread-1] INFO org.apache.nifi.processors.standard.RouteText - RouteText[id=7eed8dc2-ebc4-49da-951a-9990a8cef519] Created FlowFile[869,94823919608403.mockFlowFile,23B] from FlowFile[868,94823919608403.mockFlowFile,23B]; routing to relationship simple
[pool-2756-thread-1] INFO org.apache.nifi.processors.standard.RouteText - RouteText[id=7eed8dc2-ebc4-49da-951a-9990a8cef519] Routing FlowFile[868,94823919608403.mockFlowFile,23B] to original
[main] DEBUG org.apache.nifi.processors.standard.RouteText - RouteText[id=7eed8dc2-ebc4-49da-951a-9990a8cef519] Adding new dynamic property: PropertyDescriptor[simple]
[pool-2757-thread-1] INFO org.apache.nifi.processors.standard.RouteText - RouteText[id=7eed8dc2-ebc4-49da-951a-9990a8cef519] Created FlowFile[871,94823920138272.mockFlowFile,23B] from FlowFile[870,94823920138272.mockFlowFile,23B]; routing to relationship simple
[pool-2757-thread-1] INFO org.apache.nifi.processors.standard.RouteText - RouteText[id=7eed8dc2-ebc4-49da-951a-9990a8cef519] Routing FlowFile[870,94823920138272.mockFlowFile,23B] to original
[main] DEBUG org.apache.nifi.processors.standard.RouteText - RouteText[id=7eed8dc2-ebc4-49da-951a-9990a8cef519] Adding new dynamic property: PropertyDescriptor[simple]
[pool-2758-thread-1] INFO org.apache.nifi.processors.standard.RouteText - RouteText[id=7eed8dc2-ebc4-49da-951a-9990a8cef519] Created FlowFile[873,94823920739539.mockFlowFile,23B] from FlowFile[872,94823920739539.mockFlowFile,23B]; routing to relationship simple
[pool-2758-thread-1] INFO org.apache.nifi.processors.standard.RouteText - RouteText[id=7eed8dc2-ebc4-49da-951a-9990a8cef519] Routing FlowFile[872,94823920739539.mockFlowFile,23B] to original
[main] DEBUG org.apache.nifi.processors.standard.RouteText - RouteText[id=7eed8dc2-ebc4-49da-951a-9990a8cef519] Adding new dynamic property: PropertyDescriptor[simple]
[pool-2759-thread-1] INFO org.apache.nifi.processors.standard.RouteText - RouteText[id=7eed8dc2-ebc4-49da-951a-9990a8cef519] Created FlowFile[875,94823921308001.mockFlowFile,23B] from FlowFile[874,94823921308001.mockFlowFile,23B]; routing to relationship simple
[pool-2759-thread-1] INFO org.apache.nifi.processors.standard.RouteText - RouteText[id=7eed8dc2-ebc4-49da-951a-9990a8cef519] Routing FlowFile[874,94823921308001.mockFlowFile,23B] to original
[main] DEBUG org.apache.nifi.processors.standard.RouteText - RouteText[id=7eed8dc2-ebc4-49da-951a-9990a8cef519] Adding new dynamic property: PropertyDescriptor[simple]
[pool-2760-thread-1] INFO org.apache.nifi.processors.standard.RouteText - RouteText[id=7eed8dc2-ebc4-49da-951a-9990a8cef519] Created FlowFile[877,94823921880740.mockFlowFile,23B] from FlowFile[876,94823921880740.mockFlowFile,23B]; routing to relationship simple
[pool-2760-thread-1] INFO org.apache.nifi.processors.standard.RouteText - RouteText[id=7eed8dc2-ebc4-49da-951a-9990a8cef519] Routing FlowFile[876,94823921880740.mockFlowFile,23B] to original
[main] DEBUG org.apache.nifi.processors.standard.RouteText - RouteText[id=7eed8dc2-ebc4-49da-951a-9990a8cef519] Adding new dynamic property: PropertyDescriptor[simple]
[pool-2761-thread-1] INFO org.apache.nifi.processors.standard.RouteText - RouteText[id=7eed8dc2-ebc4-49da-951a-9990a8cef519] Created FlowFile[879,94823922471590.mockFlowFile,23B] from FlowFile[878,94823922471590.mockFlowFile,23B]; routing to relationship simple
[pool-2761-thread-1] INFO org.apache.nifi.processors.standard.RouteText - RouteText[id=7eed8dc2-ebc4-49da-951a-9990a8cef519] Routing FlowFile[878,94823922471590.mockFlowFile,23B] to original
[main] DEBUG org.apache.nifi.processors.standard.RouteText - RouteText[id=7eed8dc2-ebc4-49da-951a-9990a8cef519] Adding new dynamic property: PropertyDescriptor[simple]
[pool-2762-thread-1] INFO org.apache.nifi.processors.standard.RouteText - RouteText[id=7eed8dc2-ebc4-49da-951a-9990a8cef519] Created FlowFile[881,94823923008994.mockFlowFile,23B] from FlowFile[880,94823923008994.mockFlowFile,23B]; routing to relationship simple
[pool-2762-thread-1] INFO org.apache.nifi.processors.standard.RouteText - RouteText[id=7eed8dc2-ebc4-49da-951a-9990a8cef519] Routing FlowFile[880,94823923008994.mockFlowFile,23B] to original
[main] DEBUG org.apache.nifi.processors.standard.RouteText - RouteText[id=7eed8dc2-ebc4-49da-951a-9990a8cef519] Adding new dynamic property: PropertyDescriptor[simple]
[pool-2763-thread-1] INFO org.apache.nifi.processors.standard.RouteText - RouteText[id=7eed8dc2-ebc4-49da-951a-9990a8cef519] Created FlowFile[883,94823923564378.mockFlowFile,23B] from FlowFile[882,94823923564378.mockFlowFile,23B]; routing to relationship simple
[pool-2763-thread-1] INFO org.apache.nifi.processors.standard.RouteText - RouteText[id=7eed8dc2-ebc4-49da-951a-9990a8cef519] Routing FlowFile[882,94823923564378.mockFlowFile,23B] to original
[main] DEBUG org.apache.nifi.processors.standard.RouteText - RouteText[id=7eed8dc2-ebc4-49da-951a-9990a8cef519] Adding new dynamic property: PropertyDescriptor[simple]
[pool-2764-thread-1] INFO org.apache.nifi.processors.standard.RouteText - RouteText[id=7eed8dc2-ebc4-49da-951a-9990a8cef519] Created FlowFile[885,94823924029521.mockFlowFile,23B] from FlowFile[884,94823924029521.mockFlowFile,23B]; routing to relationship simple
[pool-2764-thread-1] INFO org.apache.nifi.processors.standard.RouteText - RouteText[id=7eed8dc2-ebc4-49da-951a-9990a8cef519] Routing FlowFile[884,94823924029521.mockFlowFile,23B] to original
[main] DEBUG org.apache.nifi.processors.standard.RouteText - RouteText[id=7eed8dc2-ebc4-49da-951a-9990a8cef519] Adding new dynamic property: PropertyDescriptor[simple]
[pool-2765-thread-1] INFO org.apache.nifi.processors.standard.RouteText - RouteText[id=7eed8dc2-ebc4-49da-951a-9990a8cef519] Created FlowFile[887,94823924575648.mockFlowFile,23B] from FlowFile[886,94823924575648.mockFlowFile,23B]; routing to relationship simple
[pool-2765-thread-1] INFO org.apache.nifi.processors.standard.RouteText - RouteText[id=7eed8dc2-ebc4-49da-951a-9990a8cef519] Routing FlowFile[886,94823924575648.mockFlowFile,23B] to original
[main] DEBUG org.apache.nifi.processors.standard.RouteText - RouteText[id=7eed8dc2-ebc4-49da-951a-9990a8cef519] Adding new dynamic property: PropertyDescriptor[simple]
[pool-2766-thread-1] INFO org.apache.nifi.processors.standard.RouteText - RouteText[id=7eed8dc2-ebc4-49da-951a-9990a8cef519] Created FlowFile[889,94823925112207.mockFlowFile,23B] from FlowFile[888,94823925112207.mockFlowFile,23B]; routing to relationship simple
[pool-2766-thread-1] INFO org.apache.nifi.processors.standard.RouteText - RouteText[id=7eed8dc2-ebc4-49da-951a-9990a8cef519] Routing FlowFile[888,94823925112207.mockFlowFile,23B] to original
[main] DEBUG org.apache.nifi.processors.standard.RouteText - RouteText[id=7eed8dc2-ebc4-49da-951a-9990a8cef519] Adding new dynamic property: PropertyDescriptor[simple]
[pool-2767-thread-1] INFO org.apache.nifi.processors.standard.RouteText - RouteText[id=7eed8dc2-ebc4-49da-951a-9990a8cef519] Created FlowFile[891,94823925638458.mockFlowFile,23B] from FlowFile[890,94823925638458.mockFlowFile,23B]; routing to relationship simple
[pool-2767-thread-1] INFO org.apache.nifi.processors.standard.RouteText - RouteText[id=7eed8dc2-ebc4-49da-951a-9990a8cef519] Routing FlowFile[890,94823925638458.mockFlowFile,23B] to original
[main] DEBUG org.apache.nifi.processors.standard.RouteText - RouteText[id=7eed8dc2-ebc4-49da-951a-9990a8cef519] Adding new dynamic property: PropertyDescriptor[simple]
[pool-2768-thread-1] INFO org.apache.nifi.processors.standard.RouteText - RouteText[id=7eed8dc2-ebc4-49da-951a-9990a8cef519] Created FlowFile[893,94823926134102.mockFlowFile,23B] from FlowFile[892,94823926134102.mockFlowFile,23B]; routing to relationship simple
[pool-2768-thread-1] INFO org.apache.nifi.processors.standard.RouteText - RouteText[id=7eed8dc2-ebc4-49da-951a-9990a8cef519] Routing FlowFile[892,94823926134102.mockFlowFile,23B] to original
[main] DEBUG org.apache.nifi.processors.standard.RouteText - RouteText[id=7eed8dc2-ebc4-49da-951a-9990a8cef519] Adding new dynamic property: PropertyDescriptor[simple]
[pool-2769-thread-1] INFO org.apache.nifi.processors.standard.RouteText - RouteText[id=7eed8dc2-ebc4-49da-951a-9990a8cef519] Created FlowFile[895,94823926525052.mockFlowFile,23B] from FlowFile[894,94823926525052.mockFlowFile,23B]; routing to relationship simple
[pool-2769-thread-1] INFO org.apache.nifi.processors.standard.RouteText - RouteText[id=7eed8dc2-ebc4-49da-951a-9990a8cef519] Routing FlowFile[894,94823926525052.mockFlowFile,23B] to original
[main] DEBUG org.apache.nifi.processors.standard.RouteText - RouteText[id=7eed8dc2-ebc4-49da-951a-9990a8cef519] Adding new dynamic property: PropertyDescriptor[simple]
[pool-2770-thread-1] INFO org.apache.nifi.processors.standard.RouteText - RouteText[id=7eed8dc2-ebc4-49da-951a-9990a8cef519] Created FlowFile[897,94823926918608.mockFlowFile,23B] from FlowFile[896,94823926918608.mockFlowFile,23B]; routing to relationship simple
[pool-2770-thread-1] INFO org.apache.nifi.processors.standard.RouteText - RouteText[id=7eed8dc2-ebc4-49da-951a-9990a8cef519] Routing FlowFile[896,94823926918608.mockFlowFile,23B] to original
[main] DEBUG org.apache.nifi.processors.standard.RouteText - RouteText[id=7eed8dc2-ebc4-49da-951a-9990a8cef519] Adding new dynamic property: PropertyDescriptor[simple]
[pool-2771-thread-1] INFO org.apache.nifi.processors.standard.RouteText - RouteText[id=7eed8dc2-ebc4-49da-951a-9990a8cef519] Created FlowFile[899,94823927423647.mockFlowFile,23B] from FlowFile[898,94823927423647.mockFlowFile,23B]; routing to relationship simple
[pool-2771-thread-1] INFO org.apache.nifi.processors.standard.RouteText - RouteText[id=7eed8dc2-ebc4-49da-951a-9990a8cef519] Routing FlowFile[898,94823927423647.mockFlowFile,23B] to original
[main] DEBUG org.apache.nifi.processors.standard.RouteText - RouteText[id=7eed8dc2-ebc4-49da-951a-9990a8cef519] Adding new dynamic property: PropertyDescriptor[simple]
[pool-2772-thread-1] INFO org.apache.nifi.processors.standard.RouteText - RouteText[id=7eed8dc2-ebc4-49da-951a-9990a8cef519] Created FlowFile[901,94823927959985.mockFlowFile,23B] from FlowFile[900,94823927959985.mockFlowFile,23B]; routing to relationship simple
[pool-2772-thread-1] INFO org.apache.nifi.processors.standard.RouteText - RouteText[id=7eed8dc2-ebc4-49da-951a-9990a8cef519] Routing FlowFile[900,94823927959985.mockFlowFile,23B] to original
[main] DEBUG org.apache.nifi.processors.standard.RouteText - RouteText[id=7eed8dc2-ebc4-49da-951a-9990a8cef519] Adding new dynamic property: PropertyDescriptor[simple]
[pool-2773-thread-1] INFO org.apache.nifi.processors.standard.RouteText - RouteText[id=7eed8dc2-ebc4-49da-951a-9990a8cef519] Created FlowFile[903,94823928517317.mockFlowFile,23B] from FlowFile[902,94823928517317.mockFlowFile,23B]; routing to relationship simple
[pool-2773-thread-1] INFO org.apache.nifi.processors.standard.RouteText - RouteText[id=7eed8dc2-ebc4-49da-951a-9990a8cef519] Routing FlowFile[902,94823928517317.mockFlowFile,23B] to original
[main] DEBUG org.apache.nifi.processors.standard.RouteText - RouteText[id=7eed8dc2-ebc4-49da-951a-9990a8cef519] Adding new dynamic property: PropertyDescriptor[simple]
[pool-2774-thread-1] INFO org.apache.nifi.processors.standard.RouteText - RouteText[id=7eed8dc2-ebc4-49da-951a-9990a8cef519] Created FlowFile[905,94823929049469.mockFlowFile,23B] from FlowFile[904,94823929049469.mockFlowFile,23B]; routing to relationship simple
[pool-2774-thread-1] INFO org.apache.nifi.processors.standard.RouteText - RouteText[id=7eed8dc2-ebc4-49da-951a-9990a8cef519] Routing FlowFile[904,94823929049469.mockFlowFile,23B] to original
[main] DEBUG org.apache.nifi.processors.standard.RouteText - RouteText[id=7eed8dc2-ebc4-49da-951a-9990a8cef519] Adding new dynamic property: PropertyDescriptor[simple]
[pool-2775-thread-1] INFO org.apache.nifi.processors.standard.RouteText - RouteText[id=7eed8dc2-ebc4-49da-951a-9990a8cef519] Created FlowFile[907,94823929556185.mockFlowFile,23B] from FlowFile[906,94823929556185.mockFlowFile,23B]; routing to relationship simple
[pool-2775-thread-1] INFO org.apache.nifi.processors.standard.RouteText - RouteText[id=7eed8dc2-ebc4-49da-951a-9990a8cef519] Routing FlowFile[906,94823929556185.mockFlowFile,23B] to original
[main] DEBUG org.apache.nifi.processors.standard.RouteText - RouteText[id=7eed8dc2-ebc4-49da-951a-9990a8cef519] Adding new dynamic property: PropertyDescriptor[simple]
[pool-2776-thread-1] INFO org.apache.nifi.processors.standard.RouteText - RouteText[id=7eed8dc2-ebc4-49da-951a-9990a8cef519] Created FlowFile[909,94823929967916.mockFlowFile,23B] from FlowFile[908,94823929967916.mockFlowFile,23B]; routing to relationship simple
[pool-2776-thread-1] INFO org.apache.nifi.processors.standard.RouteText - RouteText[id=7eed8dc2-ebc4-49da-951a-9990a8cef519] Routing FlowFile[908,94823929967916.mockFlowFile,23B] to original
[main] DEBUG org.apache.nifi.processors.standard.RouteText - RouteText[id=7eed8dc2-ebc4-49da-951a-9990a8cef519] Adding new dynamic property: PropertyDescriptor[simple]
[pool-2777-thread-1] INFO org.apache.nifi.processors.standard.RouteText - RouteText[id=7eed8dc2-ebc4-49da-951a-9990a8cef519] Created FlowFile[911,94823930348651.mockFlowFile,23B] from FlowFile[910,94823930348651.mockFlowFile,23B]; routing to relationship simple
[pool-2777-thread-1] INFO org.apache.nifi.processors.standard.RouteText - RouteText[id=7eed8dc2-ebc4-49da-951a-9990a8cef519] Routing FlowFile[910,94823930348651.mockFlowFile,23B] to original
[main] DEBUG org.apache.nifi.processors.standard.RouteText - RouteText[id=7eed8dc2-ebc4-49da-951a-9990a8cef519] Adding new dynamic property: PropertyDescriptor[simple]
[pool-2778-thread-1] INFO org.apache.nifi.processors.standard.RouteText - RouteText[id=7eed8dc2-ebc4-49da-951a-9990a8cef519] Created FlowFile[913,94823930738852.mockFlowFile,23B] from FlowFile[912,94823930738852.mockFlowFile,23B]; routing to relationship simple
[pool-2778-thread-1] INFO org.apache.nifi.processors.standard.RouteText - RouteText[id=7eed8dc2-ebc4-49da-951a-9990a8cef519] Routing FlowFile[912,94823930738852.mockFlowFile,23B] to original
[main] DEBUG org.apache.nifi.processors.standard.RouteText - RouteText[id=7eed8dc2-ebc4-49da-951a-9990a8cef519] Adding new dynamic property: PropertyDescriptor[simple]
[pool-2779-thread-1] INFO org.apache.nifi.processors.standard.RouteText - RouteText[id=7eed8dc2-ebc4-49da-951a-9990a8cef519] Created FlowFile[915,94823931110187.mockFlowFile,23B] from FlowFile[914,94823931110187.mockFlowFile,23B]; routing to relationship simple
[pool-2779-thread-1] INFO org.apache.nifi.processors.standard.RouteText - RouteText[id=7eed8dc2-ebc4-49da-951a-9990a8cef519] Routing FlowFile[914,94823931110187.mockFlowFile,23B] to original
[main] DEBUG org.apache.nifi.processors.standard.RouteText - RouteText[id=7eed8dc2-ebc4-49da-951a-9990a8cef519] Adding new dynamic property: PropertyDescriptor[simple]
[pool-2780-thread-1] INFO org.apache.nifi.processors.standard.RouteText - RouteText[id=7eed8dc2-ebc4-49da-951a-9990a8cef519] Created FlowFile[917,94823931580324.mockFlowFile,23B] from FlowFile[916,94823931580324.mockFlowFile,23B]; routing to relationship simple
[pool-2780-thread-1] INFO org.apache.nifi.processors.standard.RouteText - RouteText[id=7eed8dc2-ebc4-49da-951a-9990a8cef519] Routing FlowFile[916,94823931580324.mockFlowFile,23B] to original
[main] DEBUG org.apache.nifi.processors.standard.RouteText - RouteText[id=7eed8dc2-ebc4-49da-951a-9990a8cef519] Adding new dynamic property: PropertyDescriptor[simple]
[pool-2781-thread-1] INFO org.apache.nifi.processors.standard.RouteText - RouteText[id=7eed8dc2-ebc4-49da-951a-9990a8cef519] Created FlowFile[919,94823931955394.mockFlowFile,23B] from FlowFile[918,94823931955394.mockFlowFile,23B]; routing to relationship simple
[pool-2781-thread-1] INFO org.apache.nifi.processors.standard.RouteText - RouteText[id=7eed8dc2-ebc4-49da-951a-9990a8cef519] Routing FlowFile[918,94823931955394.mockFlowFile,23B] to original
[main] DEBUG org.apache.nifi.processors.standard.RouteText - RouteText[id=7eed8dc2-ebc4-49da-951a-9990a8cef519] Adding new dynamic property: PropertyDescriptor[simple]
[pool-2782-thread-1] INFO org.apache.nifi.processors.standard.RouteText - RouteText[id=7eed8dc2-ebc4-49da-951a-9990a8cef519] Created FlowFile[921,94823932362216.mockFlowFile,23B] from FlowFile[920,94823932362216.mockFlowFile,23B]; routing to relationship simple
[pool-2782-thread-1] INFO org.apache.nifi.processors.standard.RouteText - RouteText[id=7eed8dc2-ebc4-49da-951a-9990a8cef519] Routing FlowFile[920,94823932362216.mockFlowFile,23B] to original
[main] DEBUG org.apache.nifi.processors.standard.RouteText - RouteText[id=7eed8dc2-ebc4-49da-951a-9990a8cef519] Adding new dynamic property: PropertyDescriptor[simple]
[pool-2783-thread-1] INFO org.apache.nifi.processors.standard.RouteText - RouteText[id=7eed8dc2-ebc4-49da-951a-9990a8cef519] Created FlowFile[923,94823932825041.mockFlowFile,23B] from FlowFile[922,94823932825041.mockFlowFile,23B]; routing to relationship simple
[pool-2783-thread-1] INFO org.apache.nifi.processors.standard.RouteText - RouteText[id=7eed8dc2-ebc4-49da-951a-9990a8cef519] Routing FlowFile[922,94823932825041.mockFlowFile,23B] to original
[main] DEBUG org.apache.nifi.processors.standard.RouteText - RouteText[id=7eed8dc2-ebc4-49da-951a-9990a8cef519] Adding new dynamic property: PropertyDescriptor[simple]
[pool-2784-thread-1] INFO org.apache.nifi.processors.standard.RouteText - RouteText[id=7eed8dc2-ebc4-49da-951a-9990a8cef519] Created FlowFile[925,94823933188138.mockFlowFile,23B] from FlowFile[924,94823933188138.mockFlowFile,23B]; routing to relationship simple
[pool-2784-thread-1] INFO org.apache.nifi.processors.standard.RouteText - RouteText[id=7eed8dc2-ebc4-49da-951a-9990a8cef519] Routing FlowFile[924,94823933188138.mockFlowFile,23B] to original
[main] DEBUG org.apache.nifi.processors.standard.RouteText - RouteText[id=7eed8dc2-ebc4-49da-951a-9990a8cef519] Adding new dynamic property: PropertyDescriptor[simple]
[pool-2785-thread-1] INFO org.apache.nifi.processors.standard.RouteText - RouteText[id=7eed8dc2-ebc4-49da-951a-9990a8cef519] Created FlowFile[927,94823933646643.mockFlowFile,23B] from FlowFile[926,94823933646643.mockFlowFile,23B]; routing to relationship simple
[pool-2785-thread-1] INFO org.apache.nifi.processors.standard.RouteText - RouteText[id=7eed8dc2-ebc4-49da-951a-9990a8cef519] Routing FlowFile[926,94823933646643.mockFlowFile,23B] to original
[main] DEBUG org.apache.nifi.processors.standard.RouteText - RouteText[id=7eed8dc2-ebc4-49da-951a-9990a8cef519] Adding new dynamic property: PropertyDescriptor[simple]
[pool-2786-thread-1] INFO org.apache.nifi.processors.standard.RouteText - RouteText[id=7eed8dc2-ebc4-49da-951a-9990a8cef519] Created FlowFile[929,94823934069537.mockFlowFile,23B] from FlowFile[928,94823934069537.mockFlowFile,23B]; routing to relationship simple
[pool-2786-thread-1] INFO org.apache.nifi.processors.standard.RouteText - RouteText[id=7eed8dc2-ebc4-49da-951a-9990a8cef519] Routing FlowFile[928,94823934069537.mockFlowFile,23B] to original
[main] DEBUG org.apache.nifi.processors.standard.RouteText - RouteText[id=7eed8dc2-ebc4-49da-951a-9990a8cef519] Adding new dynamic property: PropertyDescriptor[simple]
[pool-2787-thread-1] INFO org.apache.nifi.processors.standard.RouteText - RouteText[id=7eed8dc2-ebc4-49da-951a-9990a8cef519] Created FlowFile[931,94823934499173.mockFlowFile,23B] from FlowFile[930,94823934499173.mockFlowFile,23B]; routing to relationship simple
[pool-2787-thread-1] INFO org.apache.nifi.processors.standard.RouteText - RouteText[id=7eed8dc2-ebc4-49da-951a-9990a8cef519] Routing FlowFile[930,94823934499173.mockFlowFile,23B] to original
[main] DEBUG org.apache.nifi.processors.standard.RouteText - RouteText[id=7eed8dc2-ebc4-49da-951a-9990a8cef519] Adding new dynamic property: PropertyDescriptor[simple]
[pool-2788-thread-1] INFO org.apache.nifi.processors.standard.RouteText - RouteText[id=7eed8dc2-ebc4-49da-951a-9990a8cef519] Created FlowFile[933,94823934879709.mockFlowFile,23B] from FlowFile[932,94823934879709.mockFlowFile,23B]; routing to relationship simple
[pool-2788-thread-1] INFO org.apache.nifi.processors.standard.RouteText - RouteText[id=7eed8dc2-ebc4-49da-951a-9990a8cef519] Routing FlowFile[932,94823934879709.mockFlowFile,23B] to original
[main] DEBUG org.apache.nifi.processors.standard.RouteText - RouteText[id=7eed8dc2-ebc4-49da-951a-9990a8cef519] Adding new dynamic property: PropertyDescriptor[simple]
[pool-2789-thread-1] INFO org.apache.nifi.processors.standard.RouteText - RouteText[id=7eed8dc2-ebc4-49da-951a-9990a8cef519] Created FlowFile[935,94823935405580.mockFlowFile,23B] from FlowFile[934,94823935405580.mockFlowFile,23B]; routing to relationship simple
[pool-2789-thread-1] INFO org.apache.nifi.processors.standard.RouteText - RouteText[id=7eed8dc2-ebc4-49da-951a-9990a8cef519] Routing FlowFile[934,94823935405580.mockFlowFile,23B] to original
[main] DEBUG org.apache.nifi.processors.standard.RouteText - RouteText[id=7eed8dc2-ebc4-49da-951a-9990a8cef519] Adding new dynamic property: PropertyDescriptor[simple]
[pool-2790-thread-1] INFO org.apache.nifi.processors.standard.RouteText - RouteText[id=7eed8dc2-ebc4-49da-951a-9990a8cef519] Created FlowFile[937,94823935803272.mockFlowFile,23B] from FlowFile[936,94823935803272.mockFlowFile,23B]; routing to relationship simple
[pool-2790-thread-1] INFO org.apache.nifi.processors.standard.RouteText - RouteText[id=7eed8dc2-ebc4-49da-951a-9990a8cef519] Routing FlowFile[936,94823935803272.mockFlowFile,23B] to original
[main] DEBUG org.apache.nifi.processors.standard.RouteText - RouteText[id=7eed8dc2-ebc4-49da-951a-9990a8cef519] Adding new dynamic property: PropertyDescriptor[simple]
[pool-2791-thread-1] INFO org.apache.nifi.processors.standard.RouteText - RouteText[id=7eed8dc2-ebc4-49da-951a-9990a8cef519] Created FlowFile[939,94823936258097.mockFlowFile,23B] from FlowFile[938,94823936258097.mockFlowFile,23B]; routing to relationship simple
[pool-2791-thread-1] INFO org.apache.nifi.processors.standard.RouteText - RouteText[id=7eed8dc2-ebc4-49da-951a-9990a8cef519] Routing FlowFile[938,94823936258097.mockFlowFile,23B] to original
[main] DEBUG org.apache.nifi.processors.standard.RouteText - RouteText[id=7eed8dc2-ebc4-49da-951a-9990a8cef519] Adding new dynamic property: PropertyDescriptor[simple]
[pool-2792-thread-1] INFO org.apache.nifi.processors.standard.RouteText - RouteText[id=7eed8dc2-ebc4-49da-951a-9990a8cef519] Created FlowFile[941,94823936915961.mockFlowFile,23B] from FlowFile[940,94823936915961.mockFlowFile,23B]; routing to relationship simple
[pool-2792-thread-1] INFO org.apache.nifi.processors.standard.RouteText - RouteText[id=7eed8dc2-ebc4-49da-951a-9990a8cef519] Routing FlowFile[940,94823936915961.mockFlowFile,23B] to original
[main] DEBUG org.apache.nifi.processors.standard.RouteText - RouteText[id=7eed8dc2-ebc4-49da-951a-9990a8cef519] Adding new dynamic property: PropertyDescriptor[simple]
[pool-2793-thread-1] INFO org.apache.nifi.processors.standard.RouteText - RouteText[id=7eed8dc2-ebc4-49da-951a-9990a8cef519] Created FlowFile[943,94823937548704.mockFlowFile,23B] from FlowFile[942,94823937548704.mockFlowFile,23B]; routing to relationship simple
[pool-2793-thread-1] INFO org.apache.nifi.processors.standard.RouteText - RouteText[id=7eed8dc2-ebc4-49da-951a-9990a8cef519] Routing FlowFile[942,94823937548704.mockFlowFile,23B] to original
[main] DEBUG org.apache.nifi.processors.standard.RouteText - RouteText[id=7eed8dc2-ebc4-49da-951a-9990a8cef519] Adding new dynamic property: PropertyDescriptor[simple]
[pool-2794-thread-1] INFO org.apache.nifi.processors.standard.RouteText - RouteText[id=7eed8dc2-ebc4-49da-951a-9990a8cef519] Created FlowFile[945,94823938097976.mockFlowFile,23B] from FlowFile[944,94823938097976.mockFlowFile,23B]; routing to relationship simple
[pool-2794-thread-1] INFO org.apache.nifi.processors.standard.RouteText - RouteText[id=7eed8dc2-ebc4-49da-951a-9990a8cef519] Routing FlowFile[944,94823938097976.mockFlowFile,23B] to original
[main] DEBUG org.apache.nifi.processors.standard.RouteText - RouteText[id=7eed8dc2-ebc4-49da-951a-9990a8cef519] Adding new dynamic property: PropertyDescriptor[simple]
[pool-2795-thread-1] INFO org.apache.nifi.processors.standard.RouteText - RouteText[id=7eed8dc2-ebc4-49da-951a-9990a8cef519] Created FlowFile[947,94823938615323.mockFlowFile,23B] from FlowFile[946,94823938615323.mockFlowFile,23B]; routing to relationship simple
[pool-2795-thread-1] INFO org.apache.nifi.processors.standard.RouteText - RouteText[id=7eed8dc2-ebc4-49da-951a-9990a8cef519] Routing FlowFile[946,94823938615323.mockFlowFile,23B] to original
[main] DEBUG org.apache.nifi.processors.standard.RouteText - RouteText[id=7eed8dc2-ebc4-49da-951a-9990a8cef519] Adding new dynamic property: PropertyDescriptor[simple]
[pool-2796-thread-1] INFO org.apache.nifi.processors.standard.RouteText - RouteText[id=7eed8dc2-ebc4-49da-951a-9990a8cef519] Created FlowFile[949,94823939071065.mockFlowFile,23B] from FlowFile[948,94823939071065.mockFlowFile,23B]; routing to relationship simple
[pool-2796-thread-1] INFO org.apache.nifi.processors.standard.RouteText - RouteText[id=7eed8dc2-ebc4-49da-951a-9990a8cef519] Routing FlowFile[948,94823939071065.mockFlowFile,23B] to original
[main] DEBUG org.apache.nifi.processors.standard.RouteText - RouteText[id=7eed8dc2-ebc4-49da-951a-9990a8cef519] Adding new dynamic property: PropertyDescriptor[simple]
[pool-2797-thread-1] INFO org.apache.nifi.processors.standard.RouteText - RouteText[id=7eed8dc2-ebc4-49da-951a-9990a8cef519] Created FlowFile[951,94823939630199.mockFlowFile,23B] from FlowFile[950,94823939630199.mockFlowFile,23B]; routing to relationship simple
[pool-2797-thread-1] INFO org.apache.nifi.processors.standard.RouteText - RouteText[id=7eed8dc2-ebc4-49da-951a-9990a8cef519] Routing FlowFile[950,94823939630199.mockFlowFile,23B] to original
[main] DEBUG org.apache.nifi.processors.standard.RouteText - RouteText[id=7eed8dc2-ebc4-49da-951a-9990a8cef519] Adding new dynamic property: PropertyDescriptor[simple]
[pool-2798-thread-1] INFO org.apache.nifi.processors.standard.RouteText - RouteText[id=7eed8dc2-ebc4-49da-951a-9990a8cef519] Created FlowFile[953,94823940093533.mockFlowFile,23B] from FlowFile[952,94823940093533.mockFlowFile,23B]; routing to relationship simple
[pool-2798-thread-1] INFO org.apache.nifi.processors.standard.RouteText - RouteText[id=7eed8dc2-ebc4-49da-951a-9990a8cef519] Routing FlowFile[952,94823940093533.mockFlowFile,23B] to original
[main] DEBUG org.apache.nifi.processors.standard.RouteText - RouteText[id=7eed8dc2-ebc4-49da-951a-9990a8cef519] Adding new dynamic property: PropertyDescriptor[simple]
[pool-2799-thread-1] INFO org.apache.nifi.processors.standard.RouteText - RouteText[id=7eed8dc2-ebc4-49da-951a-9990a8cef519] Created FlowFile[955,94823940638224.mockFlowFile,23B] from FlowFile[954,94823940638224.mockFlowFile,23B]; routing to relationship simple
[pool-2799-thread-1] INFO org.apache.nifi.processors.standard.RouteText - RouteText[id=7eed8dc2-ebc4-49da-951a-9990a8cef519] Routing FlowFile[954,94823940638224.mockFlowFile,23B] to original
[main] DEBUG org.apache.nifi.processors.standard.RouteText - RouteText[id=7eed8dc2-ebc4-49da-951a-9990a8cef519] Adding new dynamic property: PropertyDescriptor[simple]
[pool-2800-thread-1] INFO org.apache.nifi.processors.standard.RouteText - RouteText[id=7eed8dc2-ebc4-49da-951a-9990a8cef519] Created FlowFile[957,94823941105617.mockFlowFile,23B] from FlowFile[956,94823941105617.mockFlowFile,23B]; routing to relationship simple
[pool-2800-thread-1] INFO org.apache.nifi.processors.standard.RouteText - RouteText[id=7eed8dc2-ebc4-49da-951a-9990a8cef519] Routing FlowFile[956,94823941105617.mockFlowFile,23B] to original
[main] DEBUG org.apache.nifi.processors.standard.RouteText - RouteText[id=7eed8dc2-ebc4-49da-951a-9990a8cef519] Adding new dynamic property: PropertyDescriptor[simple]
[pool-2801-thread-1] INFO org.apache.nifi.processors.standard.RouteText - RouteText[id=7eed8dc2-ebc4-49da-951a-9990a8cef519] Created FlowFile[959,94823941656762.mockFlowFile,23B] from FlowFile[958,94823941656762.mockFlowFile,23B]; routing to relationship simple
[pool-2801-thread-1] INFO org.apache.nifi.processors.standard.RouteText - RouteText[id=7eed8dc2-ebc4-49da-951a-9990a8cef519] Routing FlowFile[958,94823941656762.mockFlowFile,23B] to original
[main] DEBUG org.apache.nifi.processors.standard.RouteText - RouteText[id=7eed8dc2-ebc4-49da-951a-9990a8cef519] Adding new dynamic property: PropertyDescriptor[simple]
[pool-2802-thread-1] INFO org.apache.nifi.processors.standard.RouteText - RouteText[id=7eed8dc2-ebc4-49da-951a-9990a8cef519] Created FlowFile[961,94823942188956.mockFlowFile,23B] from FlowFile[960,94823942188956.mockFlowFile,23B]; routing to relationship simple
[pool-2802-thread-1] INFO org.apache.nifi.processors.standard.RouteText - RouteText[id=7eed8dc2-ebc4-49da-951a-9990a8cef519] Routing FlowFile[960,94823942188956.mockFlowFile,23B] to original
[main] DEBUG org.apache.nifi.processors.standard.RouteText - RouteText[id=7eed8dc2-ebc4-49da-951a-9990a8cef519] Adding new dynamic property: PropertyDescriptor[simple]
[pool-2803-thread-1] INFO org.apache.nifi.processors.standard.RouteText - RouteText[id=7eed8dc2-ebc4-49da-951a-9990a8cef519] Created FlowFile[963,94823942752483.mockFlowFile,23B] from FlowFile[962,94823942752483.mockFlowFile,23B]; routing to relationship simple
[pool-2803-thread-1] INFO org.apache.nifi.processors.standard.RouteText - RouteText[id=7eed8dc2-ebc4-49da-951a-9990a8cef519] Routing FlowFile[962,94823942752483.mockFlowFile,23B] to original
[main] DEBUG org.apache.nifi.processors.standard.RouteText - RouteText[id=7eed8dc2-ebc4-49da-951a-9990a8cef519] Adding new dynamic property: PropertyDescriptor[simple]
[pool-2804-thread-1] INFO org.apache.nifi.processors.standard.RouteText - RouteText[id=7eed8dc2-ebc4-49da-951a-9990a8cef519] Created FlowFile[965,94823943296966.mockFlowFile,23B] from FlowFile[964,94823943296966.mockFlowFile,23B]; routing to relationship simple
[pool-2804-thread-1] INFO org.apache.nifi.processors.standard.RouteText - RouteText[id=7eed8dc2-ebc4-49da-951a-9990a8cef519] Routing FlowFile[964,94823943296966.mockFlowFile,23B] to original
[main] DEBUG org.apache.nifi.processors.standard.RouteText - RouteText[id=7eed8dc2-ebc4-49da-951a-9990a8cef519] Adding new dynamic property: PropertyDescriptor[simple]
[pool-2805-thread-1] INFO org.apache.nifi.processors.standard.RouteText - RouteText[id=7eed8dc2-ebc4-49da-951a-9990a8cef519] Created FlowFile[967,94823943830667.mockFlowFile,23B] from FlowFile[966,94823943830667.mockFlowFile,23B]; routing to relationship simple
[pool-2805-thread-1] INFO org.apache.nifi.processors.standard.RouteText - RouteText[id=7eed8dc2-ebc4-49da-951a-9990a8cef519] Routing FlowFile[966,94823943830667.mockFlowFile,23B] to original
[main] DEBUG org.apache.nifi.processors.standard.RouteText - RouteText[id=7eed8dc2-ebc4-49da-951a-9990a8cef519] Adding new dynamic property: PropertyDescriptor[simple]
[pool-2806-thread-1] INFO org.apache.nifi.processors.standard.RouteText - RouteText[id=7eed8dc2-ebc4-49da-951a-9990a8cef519] Created FlowFile[969,94823944321985.mockFlowFile,23B] from FlowFile[968,94823944321985.mockFlowFile,23B]; routing to relationship simple
[pool-2806-thread-1] INFO org.apache.nifi.processors.standard.RouteText - RouteText[id=7eed8dc2-ebc4-49da-951a-9990a8cef519] Routing FlowFile[968,94823944321985.mockFlowFile,23B] to original
[main] DEBUG org.apache.nifi.processors.standard.RouteText - RouteText[id=7eed8dc2-ebc4-49da-951a-9990a8cef519] Adding new dynamic property: PropertyDescriptor[simple]
[pool-2807-thread-1] INFO org.apache.nifi.processors.standard.RouteText - RouteText[id=7eed8dc2-ebc4-49da-951a-9990a8cef519] Created FlowFile[971,94823944908962.mockFlowFile,23B] from FlowFile[970,94823944908962.mockFlowFile,23B]; routing to relationship simple
[pool-2807-thread-1] INFO org.apache.nifi.processors.standard.RouteText - RouteText[id=7eed8dc2-ebc4-49da-951a-9990a8cef519] Routing FlowFile[970,94823944908962.mockFlowFile,23B] to original
[main] DEBUG org.apache.nifi.processors.standard.RouteText - RouteText[id=7eed8dc2-ebc4-49da-951a-9990a8cef519] Adding new dynamic property: PropertyDescriptor[simple]
[pool-2808-thread-1] INFO org.apache.nifi.processors.standard.RouteText - RouteText[id=7eed8dc2-ebc4-49da-951a-9990a8cef519] Created FlowFile[973,94823945496026.mockFlowFile,23B] from FlowFile[972,94823945496026.mockFlowFile,23B]; routing to relationship simple
[pool-2808-thread-1] INFO org.apache.nifi.processors.standard.RouteText - RouteText[id=7eed8dc2-ebc4-49da-951a-9990a8cef519] Routing FlowFile[972,94823945496026.mockFlowFile,23B] to original
[main] DEBUG org.apache.nifi.processors.standard.RouteText - RouteText[id=7eed8dc2-ebc4-49da-951a-9990a8cef519] Adding new dynamic property: PropertyDescriptor[simple]
[pool-2809-thread-1] INFO org.apache.nifi.processors.standard.RouteText - RouteText[id=7eed8dc2-ebc4-49da-951a-9990a8cef519] Created FlowFile[975,94823946013424.mockFlowFile,23B] from FlowFile[974,94823946013424.mockFlowFile,23B]; routing to relationship simple
[pool-2809-thread-1] INFO org.apache.nifi.processors.standard.RouteText - RouteText[id=7eed8dc2-ebc4-49da-951a-9990a8cef519] Routing FlowFile[974,94823946013424.mockFlowFile,23B] to original
[main] DEBUG org.apache.nifi.processors.standard.RouteText - RouteText[id=7eed8dc2-ebc4-49da-951a-9990a8cef519] Adding new dynamic property: PropertyDescriptor[simple]
[pool-2810-thread-1] INFO org.apache.nifi.processors.standard.RouteText - RouteText[id=7eed8dc2-ebc4-49da-951a-9990a8cef519] Created FlowFile[977,94823946559343.mockFlowFile,23B] from FlowFile[976,94823946559343.mockFlowFile,23B]; routing to relationship simple
[pool-2810-thread-1] INFO org.apache.nifi.processors.standard.RouteText - RouteText[id=7eed8dc2-ebc4-49da-951a-9990a8cef519] Routing FlowFile[976,94823946559343.mockFlowFile,23B] to original
[main] DEBUG org.apache.nifi.processors.standard.RouteText - RouteText[id=7eed8dc2-ebc4-49da-951a-9990a8cef519] Adding new dynamic property: PropertyDescriptor[simple]
[pool-2811-thread-1] INFO org.apache.nifi.processors.standard.RouteText - RouteText[id=7eed8dc2-ebc4-49da-951a-9990a8cef519] Created FlowFile[979,94823946982777.mockFlowFile,23B] from FlowFile[978,94823946982777.mockFlowFile,23B]; routing to relationship simple
[pool-2811-thread-1] INFO org.apache.nifi.processors.standard.RouteText - RouteText[id=7eed8dc2-ebc4-49da-951a-9990a8cef519] Routing FlowFile[978,94823946982777.mockFlowFile,23B] to original
[main] DEBUG org.apache.nifi.processors.standard.RouteText - RouteText[id=7eed8dc2-ebc4-49da-951a-9990a8cef519] Adding new dynamic property: PropertyDescriptor[simple]
[pool-2812-thread-1] INFO org.apache.nifi.processors.standard.RouteText - RouteText[id=7eed8dc2-ebc4-49da-951a-9990a8cef519] Created FlowFile[981,94823947483066.mockFlowFile,23B] from FlowFile[980,94823947483066.mockFlowFile,23B]; routing to relationship simple
[pool-2812-thread-1] INFO org.apache.nifi.processors.standard.RouteText - RouteText[id=7eed8dc2-ebc4-49da-951a-9990a8cef519] Routing FlowFile[980,94823947483066.mockFlowFile,23B] to original
[main] DEBUG org.apache.nifi.processors.standard.RouteText - RouteText[id=7eed8dc2-ebc4-49da-951a-9990a8cef519] Adding new dynamic property: PropertyDescriptor[simple]
[pool-2813-thread-1] INFO org.apache.nifi.processors.standard.RouteText - RouteText[id=7eed8dc2-ebc4-49da-951a-9990a8cef519] Created FlowFile[983,94823947964825.mockFlowFile,23B] from FlowFile[982,94823947964825.mockFlowFile,23B]; routing to relationship simple
[pool-2813-thread-1] INFO org.apache.nifi.processors.standard.RouteText - RouteText[id=7eed8dc2-ebc4-49da-951a-9990a8cef519] Routing FlowFile[982,94823947964825.mockFlowFile,23B] to original
[main] DEBUG org.apache.nifi.processors.standard.RouteText - RouteText[id=7eed8dc2-ebc4-49da-951a-9990a8cef519] Adding new dynamic property: PropertyDescriptor[simple]
[pool-2814-thread-1] INFO org.apache.nifi.processors.standard.RouteText - RouteText[id=7eed8dc2-ebc4-49da-951a-9990a8cef519] Created FlowFile[985,94823948568897.mockFlowFile,23B] from FlowFile[984,94823948568897.mockFlowFile,23B]; routing to relationship simple
[pool-2814-thread-1] INFO org.apache.nifi.processors.standard.RouteText - RouteText[id=7eed8dc2-ebc4-49da-951a-9990a8cef519] Routing FlowFile[984,94823948568897.mockFlowFile,23B] to original
[main] DEBUG org.apache.nifi.processors.standard.RouteText - RouteText[id=7eed8dc2-ebc4-49da-951a-9990a8cef519] Adding new dynamic property: PropertyDescriptor[simple]
[pool-2815-thread-1] INFO org.apache.nifi.processors.standard.RouteText - RouteText[id=7eed8dc2-ebc4-49da-951a-9990a8cef519] Created FlowFile[987,94823949109239.mockFlowFile,23B] from FlowFile[986,94823949109239.mockFlowFile,23B]; routing to relationship simple
[pool-2815-thread-1] INFO org.apache.nifi.processors.standard.RouteText - RouteText[id=7eed8dc2-ebc4-49da-951a-9990a8cef519] Routing FlowFile[986,94823949109239.mockFlowFile,23B] to original
[main] DEBUG org.apache.nifi.processors.standard.RouteText - RouteText[id=7eed8dc2-ebc4-49da-951a-9990a8cef519] Adding new dynamic property: PropertyDescriptor[simple]
[pool-2816-thread-1] INFO org.apache.nifi.processors.standard.RouteText - RouteText[id=7eed8dc2-ebc4-49da-951a-9990a8cef519] Created FlowFile[989,94823949585119.mockFlowFile,23B] from FlowFile[988,94823949585119.mockFlowFile,23B]; routing to relationship simple
[pool-2816-thread-1] INFO org.apache.nifi.processors.standard.RouteText - RouteText[id=7eed8dc2-ebc4-49da-951a-9990a8cef519] Routing FlowFile[988,94823949585119.mockFlowFile,23B] to original
[main] DEBUG org.apache.nifi.processors.standard.RouteText - RouteText[id=7eed8dc2-ebc4-49da-951a-9990a8cef519] Adding new dynamic property: PropertyDescriptor[simple]
[pool-2817-thread-1] INFO org.apache.nifi.processors.standard.RouteText - RouteText[id=7eed8dc2-ebc4-49da-951a-9990a8cef519] Created FlowFile[991,94823950030944.mockFlowFile,23B] from FlowFile[990,94823950030944.mockFlowFile,23B]; routing to relationship simple
[pool-2817-thread-1] INFO org.apache.nifi.processors.standard.RouteText - RouteText[id=7eed8dc2-ebc4-49da-951a-9990a8cef519] Routing FlowFile[990,94823950030944.mockFlowFile,23B] to original
[main] DEBUG org.apache.nifi.processors.standard.RouteText - RouteText[id=7eed8dc2-ebc4-49da-951a-9990a8cef519] Adding new dynamic property: PropertyDescriptor[simple]
[pool-2818-thread-1] INFO org.apache.nifi.processors.standard.RouteText - RouteText[id=7eed8dc2-ebc4-49da-951a-9990a8cef519] Created FlowFile[993,94823950422063.mockFlowFile,23B] from FlowFile[992,94823950422063.mockFlowFile,23B]; routing to relationship simple
[pool-2818-thread-1] INFO org.apache.nifi.processors.standard.RouteText - RouteText[id=7eed8dc2-ebc4-49da-951a-9990a8cef519] Routing FlowFile[992,94823950422063.mockFlowFile,23B] to original
[main] DEBUG org.apache.nifi.processors.standard.RouteText - RouteText[id=7eed8dc2-ebc4-49da-951a-9990a8cef519] Adding new dynamic property: PropertyDescriptor[simple]
[pool-2819-thread-1] INFO org.apache.nifi.processors.standard.RouteText - RouteText[id=7eed8dc2-ebc4-49da-951a-9990a8cef519] Created FlowFile[995,94823950862521.mockFlowFile,23B] from FlowFile[994,94823950862521.mockFlowFile,23B]; routing to relationship simple
[pool-2819-thread-1] INFO org.apache.nifi.processors.standard.RouteText - RouteText[id=7eed8dc2-ebc4-49da-951a-9990a8cef519] Routing FlowFile[994,94823950862521.mockFlowFile,23B] to original
[main] DEBUG org.apache.nifi.processors.standard.RouteText - RouteText[id=7eed8dc2-ebc4-49da-951a-9990a8cef519] Adding new dynamic property: PropertyDescriptor[simple]
[pool-2820-thread-1] INFO org.apache.nifi.processors.standard.RouteText - RouteText[id=7eed8dc2-ebc4-49da-951a-9990a8cef519] Created FlowFile[997,94823951294384.mockFlowFile,23B] from FlowFile[996,94823951294384.mockFlowFile,23B]; routing to relationship simple
[pool-2820-thread-1] INFO org.apache.nifi.processors.standard.RouteText - RouteText[id=7eed8dc2-ebc4-49da-951a-9990a8cef519] Routing FlowFile[996,94823951294384.mockFlowFile,23B] to original
[main] DEBUG org.apache.nifi.processors.standard.RouteText - RouteText[id=7eed8dc2-ebc4-49da-951a-9990a8cef519] Adding new dynamic property: PropertyDescriptor[simple]
[pool-2821-thread-1] INFO org.apache.nifi.processors.standard.RouteText - RouteText[id=7eed8dc2-ebc4-49da-951a-9990a8cef519] Created FlowFile[999,94823951747289.mockFlowFile,23B] from FlowFile[998,94823951747289.mockFlowFile,23B]; routing to relationship simple
[pool-2821-thread-1] INFO org.apache.nifi.processors.standard.RouteText - RouteText[id=7eed8dc2-ebc4-49da-951a-9990a8cef519] Routing FlowFile[998,94823951747289.mockFlowFile,23B] to original
[main] DEBUG org.apache.nifi.processors.standard.RouteText - RouteText[id=7eed8dc2-ebc4-49da-951a-9990a8cef519] Adding new dynamic property: PropertyDescriptor[simple]
[pool-2822-thread-1] INFO org.apache.nifi.processors.standard.RouteText - RouteText[id=7eed8dc2-ebc4-49da-951a-9990a8cef519] Created FlowFile[1001,94823952156756.mockFlowFile,23B] from FlowFile[1000,94823952156756.mockFlowFile,23B]; routing to relationship simple
[pool-2822-thread-1] INFO org.apache.nifi.processors.standard.RouteText - RouteText[id=7eed8dc2-ebc4-49da-951a-9990a8cef519] Routing FlowFile[1000,94823952156756.mockFlowFile,23B] to original
[main] DEBUG org.apache.nifi.processors.standard.RouteText - RouteText[id=7eed8dc2-ebc4-49da-951a-9990a8cef519] Adding new dynamic property: PropertyDescriptor[simple]
[pool-2823-thread-1] INFO org.apache.nifi.processors.standard.RouteText - RouteText[id=7eed8dc2-ebc4-49da-951a-9990a8cef519] Created FlowFile[1003,94823952681923.mockFlowFile,23B] from FlowFile[1002,94823952681923.mockFlowFile,23B]; routing to relationship simple
[pool-2823-thread-1] INFO org.apache.nifi.processors.standard.RouteText - RouteText[id=7eed8dc2-ebc4-49da-951a-9990a8cef519] Routing FlowFile[1002,94823952681923.mockFlowFile,23B] to original
[main] DEBUG org.apache.nifi.processors.standard.RouteText - RouteText[id=7eed8dc2-ebc4-49da-951a-9990a8cef519] Adding new dynamic property: PropertyDescriptor[simple]
[pool-2824-thread-1] INFO org.apache.nifi.processors.standard.RouteText - RouteText[id=7eed8dc2-ebc4-49da-951a-9990a8cef519] Created FlowFile[1005,94823953170616.mockFlowFile,23B] from FlowFile[1004,94823953170616.mockFlowFile,23B]; routing to relationship simple
[pool-2824-thread-1] INFO org.apache.nifi.processors.standard.RouteText - RouteText[id=7eed8dc2-ebc4-49da-951a-9990a8cef519] Routing FlowFile[1004,94823953170616.mockFlowFile,23B] to original
[main] DEBUG org.apache.nifi.processors.standard.RouteText - RouteText[id=7eed8dc2-ebc4-49da-951a-9990a8cef519] Adding new dynamic property: PropertyDescriptor[simple]
[pool-2825-thread-1] INFO org.apache.nifi.processors.standard.RouteText - RouteText[id=7eed8dc2-ebc4-49da-951a-9990a8cef519] Created FlowFile[1007,94823953653158.mockFlowFile,23B] from FlowFile[1006,94823953653158.mockFlowFile,23B]; routing to relationship simple
[pool-2825-thread-1] INFO org.apache.nifi.processors.standard.RouteText - RouteText[id=7eed8dc2-ebc4-49da-951a-9990a8cef519] Routing FlowFile[1006,94823953653158.mockFlowFile,23B] to original
[main] DEBUG org.apache.nifi.processors.standard.RouteText - RouteText[id=7eed8dc2-ebc4-49da-951a-9990a8cef519] Adding new dynamic property: PropertyDescriptor[simple]
[pool-2826-thread-1] INFO org.apache.nifi.processors.standard.RouteText - RouteText[id=7eed8dc2-ebc4-49da-951a-9990a8cef519] Created FlowFile[1009,94823954122450.mockFlowFile,23B] from FlowFile[1008,94823954122450.mockFlowFile,23B]; routing to relationship simple
[pool-2826-thread-1] INFO org.apache.nifi.processors.standard.RouteText - RouteText[id=7eed8dc2-ebc4-49da-951a-9990a8cef519] Routing FlowFile[1008,94823954122450.mockFlowFile,23B] to original
[main] DEBUG org.apache.nifi.processors.standard.RouteText - RouteText[id=7eed8dc2-ebc4-49da-951a-9990a8cef519] Adding new dynamic property: PropertyDescriptor[simple]
[pool-2827-thread-1] INFO org.apache.nifi.processors.standard.RouteText - RouteText[id=7eed8dc2-ebc4-49da-951a-9990a8cef519] Created FlowFile[1011,94823954506641.mockFlowFile,23B] from FlowFile[1010,94823954506641.mockFlowFile,23B]; routing to relationship simple
[pool-2827-thread-1] INFO org.apache.nifi.processors.standard.RouteText - RouteText[id=7eed8dc2-ebc4-49da-951a-9990a8cef519] Routing FlowFile[1010,94823954506641.mockFlowFile,23B] to original
[main] DEBUG org.apache.nifi.processors.standard.RouteText - RouteText[id=7eed8dc2-ebc4-49da-951a-9990a8cef519] Adding new dynamic property: PropertyDescriptor[simple]
[pool-2828-thread-1] INFO org.apache.nifi.processors.standard.RouteText - RouteText[id=7eed8dc2-ebc4-49da-951a-9990a8cef519] Created FlowFile[1013,94823954887707.mockFlowFile,23B] from FlowFile[1012,94823954887707.mockFlowFile,23B]; routing to relationship simple
[pool-2828-thread-1] INFO org.apache.nifi.processors.standard.RouteText - RouteText[id=7eed8dc2-ebc4-49da-951a-9990a8cef519] Routing FlowFile[1012,94823954887707.mockFlowFile,23B] to original
[main] DEBUG org.apache.nifi.processors.standard.RouteText - RouteText[id=7eed8dc2-ebc4-49da-951a-9990a8cef519] Adding new dynamic property: PropertyDescriptor[simple]
[pool-2829-thread-1] INFO org.apache.nifi.processors.standard.RouteText - RouteText[id=7eed8dc2-ebc4-49da-951a-9990a8cef519] Created FlowFile[1015,94823955531010.mockFlowFile,23B] from FlowFile[1014,94823955531010.mockFlowFile,23B]; routing to relationship simple
[pool-2829-thread-1] INFO org.apache.nifi.processors.standard.RouteText - RouteText[id=7eed8dc2-ebc4-49da-951a-9990a8cef519] Routing FlowFile[1014,94823955531010.mockFlowFile,23B] to original
[main] DEBUG org.apache.nifi.processors.standard.RouteText - RouteText[id=7eed8dc2-ebc4-49da-951a-9990a8cef519] Adding new dynamic property: PropertyDescriptor[simple]
[pool-2830-thread-1] INFO org.apache.nifi.processors.standard.RouteText - RouteText[id=7eed8dc2-ebc4-49da-951a-9990a8cef519] Created FlowFile[1017,94823956145517.mockFlowFile,23B] from FlowFile[1016,94823956145517.mockFlowFile,23B]; routing to relationship simple
[pool-2830-thread-1] INFO org.apache.nifi.processors.standard.RouteText - RouteText[id=7eed8dc2-ebc4-49da-951a-9990a8cef519] Routing FlowFile[1016,94823956145517.mockFlowFile,23B] to original
[main] DEBUG org.apache.nifi.processors.standard.RouteText - RouteText[id=7eed8dc2-ebc4-49da-951a-9990a8cef519] Adding new dynamic property: PropertyDescriptor[simple]
[pool-2831-thread-1] INFO org.apache.nifi.processors.standard.RouteText - RouteText[id=7eed8dc2-ebc4-49da-951a-9990a8cef519] Created FlowFile[1019,94823956786279.mockFlowFile,23B] from FlowFile[1018,94823956786279.mockFlowFile,23B]; routing to relationship simple
[pool-2831-thread-1] INFO org.apache.nifi.processors.standard.RouteText - RouteText[id=7eed8dc2-ebc4-49da-951a-9990a8cef519] Routing FlowFile[1018,94823956786279.mockFlowFile,23B] to original
[main] DEBUG org.apache.nifi.processors.standard.RouteText - RouteText[id=7eed8dc2-ebc4-49da-951a-9990a8cef519] Adding new dynamic property: PropertyDescriptor[simple]
[pool-2832-thread-1] INFO org.apache.nifi.processors.standard.RouteText - RouteText[id=7eed8dc2-ebc4-49da-951a-9990a8cef519] Created FlowFile[1021,94823957390931.mockFlowFile,23B] from FlowFile[1020,94823957390931.mockFlowFile,23B]; routing to relationship simple
[pool-2832-thread-1] INFO org.apache.nifi.processors.standard.RouteText - RouteText[id=7eed8dc2-ebc4-49da-951a-9990a8cef519] Routing FlowFile[1020,94823957390931.mockFlowFile,23B] to original
[main] DEBUG org.apache.nifi.processors.standard.RouteText - RouteText[id=7eed8dc2-ebc4-49da-951a-9990a8cef519] Adding new dynamic property: PropertyDescriptor[simple]
[pool-2833-thread-1] INFO org.apache.nifi.processors.standard.RouteText - RouteText[id=7eed8dc2-ebc4-49da-951a-9990a8cef519] Created FlowFile[1023,94823957957128.mockFlowFile,23B] from FlowFile[1022,94823957957128.mockFlowFile,23B]; routing to relationship simple
[pool-2833-thread-1] INFO org.apache.nifi.processors.standard.RouteText - RouteText[id=7eed8dc2-ebc4-49da-951a-9990a8cef519] Routing FlowFile[1022,94823957957128.mockFlowFile,23B] to original
[main] DEBUG org.apache.nifi.processors.standard.RouteText - RouteText[id=7eed8dc2-ebc4-49da-951a-9990a8cef519] Adding new dynamic property: PropertyDescriptor[simple]
[pool-2834-thread-1] INFO org.apache.nifi.processors.standard.RouteText - RouteText[id=7eed8dc2-ebc4-49da-951a-9990a8cef519] Created FlowFile[1025,94823958565936.mockFlowFile,23B] from FlowFile[1024,94823958565936.mockFlowFile,23B]; routing to relationship simple
[pool-2834-thread-1] INFO org.apache.nifi.processors.standard.RouteText - RouteText[id=7eed8dc2-ebc4-49da-951a-9990a8cef519] Routing FlowFile[1024,94823958565936.mockFlowFile,23B] to original
[main] DEBUG org.apache.nifi.processors.standard.RouteText - RouteText[id=7eed8dc2-ebc4-49da-951a-9990a8cef519] Adding new dynamic property: PropertyDescriptor[simple]
[pool-2835-thread-1] INFO org.apache.nifi.processors.standard.RouteText - RouteText[id=7eed8dc2-ebc4-49da-951a-9990a8cef519] Created FlowFile[1027,94823959142863.mockFlowFile,23B] from FlowFile[1026,94823959142863.mockFlowFile,23B]; routing to relationship simple
[pool-2835-thread-1] INFO org.apache.nifi.processors.standard.RouteText - RouteText[id=7eed8dc2-ebc4-49da-951a-9990a8cef519] Routing FlowFile[1026,94823959142863.mockFlowFile,23B] to original
[main] DEBUG org.apache.nifi.processors.standard.RouteText - RouteText[id=7eed8dc2-ebc4-49da-951a-9990a8cef519] Adding new dynamic property: PropertyDescriptor[simple]
[pool-2836-thread-1] INFO org.apache.nifi.processors.standard.RouteText - RouteText[id=7eed8dc2-ebc4-49da-951a-9990a8cef519] Created FlowFile[1029,94823959653576.mockFlowFile,23B] from FlowFile[1028,94823959653576.mockFlowFile,23B]; routing to relationship simple
[pool-2836-thread-1] INFO org.apache.nifi.processors.standard.RouteText - RouteText[id=7eed8dc2-ebc4-49da-951a-9990a8cef519] Routing FlowFile[1028,94823959653576.mockFlowFile,23B] to original
[main] DEBUG org.apache.nifi.processors.standard.RouteText - RouteText[id=7eed8dc2-ebc4-49da-951a-9990a8cef519] Adding new dynamic property: PropertyDescriptor[simple]
[pool-2837-thread-1] INFO org.apache.nifi.processors.standard.RouteText - RouteText[id=7eed8dc2-ebc4-49da-951a-9990a8cef519] Created FlowFile[1031,94823960281947.mockFlowFile,23B] from FlowFile[1030,94823960281947.mockFlowFile,23B]; routing to relationship simple
[pool-2837-thread-1] INFO org.apache.nifi.processors.standard.RouteText - RouteText[id=7eed8dc2-ebc4-49da-951a-9990a8cef519] Routing FlowFile[1030,94823960281947.mockFlowFile,23B] to original
[main] DEBUG org.apache.nifi.processors.standard.RouteText - RouteText[id=7eed8dc2-ebc4-49da-951a-9990a8cef519] Adding new dynamic property: PropertyDescriptor[simple]
[pool-2838-thread-1] INFO org.apache.nifi.processors.standard.RouteText - RouteText[id=7eed8dc2-ebc4-49da-951a-9990a8cef519] Created FlowFile[1033,94823960784249.mockFlowFile,23B] from FlowFile[1032,94823960784249.mockFlowFile,23B]; routing to relationship simple
[pool-2838-thread-1] INFO org.apache.nifi.processors.standard.RouteText - RouteText[id=7eed8dc2-ebc4-49da-951a-9990a8cef519] Routing FlowFile[1032,94823960784249.mockFlowFile,23B] to original
[main] DEBUG org.apache.nifi.processors.standard.RouteText - RouteText[id=7eed8dc2-ebc4-49da-951a-9990a8cef519] Adding new dynamic property: PropertyDescriptor[simple]
[pool-2839-thread-1] INFO org.apache.nifi.processors.standard.RouteText - RouteText[id=7eed8dc2-ebc4-49da-951a-9990a8cef519] Created FlowFile[1035,94823961228308.mockFlowFile,23B] from FlowFile[1034,94823961228308.mockFlowFile,23B]; routing to relationship simple
[pool-2839-thread-1] INFO org.apache.nifi.processors.standard.RouteText - RouteText[id=7eed8dc2-ebc4-49da-951a-9990a8cef519] Routing FlowFile[1034,94823961228308.mockFlowFile,23B] to original
[main] DEBUG org.apache.nifi.processors.standard.RouteText - RouteText[id=7eed8dc2-ebc4-49da-951a-9990a8cef519] Adding new dynamic property: PropertyDescriptor[simple]
[pool-2840-thread-1] INFO org.apache.nifi.processors.standard.RouteText - RouteText[id=7eed8dc2-ebc4-49da-951a-9990a8cef519] Created FlowFile[1037,94823961613002.mockFlowFile,23B] from FlowFile[1036,94823961613002.mockFlowFile,23B]; routing to relationship simple
[pool-2840-thread-1] INFO org.apache.nifi.processors.standard.RouteText - RouteText[id=7eed8dc2-ebc4-49da-951a-9990a8cef519] Routing FlowFile[1036,94823961613002.mockFlowFile,23B] to original
[main] DEBUG org.apache.nifi.processors.standard.RouteText - RouteText[id=7eed8dc2-ebc4-49da-951a-9990a8cef519] Adding new dynamic property: PropertyDescriptor[simple]
[pool-2841-thread-1] INFO org.apache.nifi.processors.standard.RouteText - RouteText[id=7eed8dc2-ebc4-49da-951a-9990a8cef519] Created FlowFile[1039,94823962010726.mockFlowFile,23B] from FlowFile[1038,94823962010726.mockFlowFile,23B]; routing to relationship simple
[pool-2841-thread-1] INFO org.apache.nifi.processors.standard.RouteText - RouteText[id=7eed8dc2-ebc4-49da-951a-9990a8cef519] Routing FlowFile[1038,94823962010726.mockFlowFile,23B] to original
[main] DEBUG org.apache.nifi.processors.standard.RouteText - RouteText[id=7eed8dc2-ebc4-49da-951a-9990a8cef519] Adding new dynamic property: PropertyDescriptor[simple]
[pool-2842-thread-1] INFO org.apache.nifi.processors.standard.RouteText - RouteText[id=7eed8dc2-ebc4-49da-951a-9990a8cef519] Created FlowFile[1041,94823962424792.mockFlowFile,23B] from FlowFile[1040,94823962424792.mockFlowFile,23B]; routing to relationship simple
[pool-2842-thread-1] INFO org.apache.nifi.processors.standard.RouteText - RouteText[id=7eed8dc2-ebc4-49da-951a-9990a8cef519] Routing FlowFile[1040,94823962424792.mockFlowFile,23B] to original
[main] DEBUG org.apache.nifi.processors.standard.RouteText - RouteText[id=7eed8dc2-ebc4-49da-951a-9990a8cef519] Adding new dynamic property: PropertyDescriptor[simple]
[pool-2843-thread-1] INFO org.apache.nifi.processors.standard.RouteText - RouteText[id=7eed8dc2-ebc4-49da-951a-9990a8cef519] Created FlowFile[1043,94823962899716.mockFlowFile,23B] from FlowFile[1042,94823962899716.mockFlowFile,23B]; routing to relationship simple
[pool-2843-thread-1] INFO org.apache.nifi.processors.standard.RouteText - RouteText[id=7eed8dc2-ebc4-49da-951a-9990a8cef519] Routing FlowFile[1042,94823962899716.mockFlowFile,23B] to original
[main] DEBUG org.apache.nifi.processors.standard.RouteText - RouteText[id=7eed8dc2-ebc4-49da-951a-9990a8cef519] Adding new dynamic property: PropertyDescriptor[simple]
[pool-2844-thread-1] INFO org.apache.nifi.processors.standard.RouteText - RouteText[id=7eed8dc2-ebc4-49da-951a-9990a8cef519] Created FlowFile[1045,94823963357212.mockFlowFile,23B] from FlowFile[1044,94823963357212.mockFlowFile,23B]; routing to relationship simple
[pool-2844-thread-1] INFO org.apache.nifi.processors.standard.RouteText - RouteText[id=7eed8dc2-ebc4-49da-951a-9990a8cef519] Routing FlowFile[1044,94823963357212.mockFlowFile,23B] to original
[main] DEBUG org.apache.nifi.processors.standard.RouteText - RouteText[id=7eed8dc2-ebc4-49da-951a-9990a8cef519] Adding new dynamic property: PropertyDescriptor[simple]
[pool-2845-thread-1] INFO org.apache.nifi.processors.standard.RouteText - RouteText[id=7eed8dc2-ebc4-49da-951a-9990a8cef519] Created FlowFile[1047,94823963805196.mockFlowFile,23B] from FlowFile[1046,94823963805196.mockFlowFile,23B]; routing to relationship simple
[pool-2845-thread-1] INFO org.apache.nifi.processors.standard.RouteText - RouteText[id=7eed8dc2-ebc4-49da-951a-9990a8cef519] Routing FlowFile[1046,94823963805196.mockFlowFile,23B] to original
[main] DEBUG org.apache.nifi.processors.standard.RouteText - RouteText[id=7eed8dc2-ebc4-49da-951a-9990a8cef519] Adding new dynamic property: PropertyDescriptor[simple]
[pool-2846-thread-1] INFO org.apache.nifi.processors.standard.RouteText - RouteText[id=7eed8dc2-ebc4-49da-951a-9990a8cef519] Created FlowFile[1049,94823964387095.mockFlowFile,23B] from FlowFile[1048,94823964387095.mockFlowFile,23B]; routing to relationship simple
[pool-2846-thread-1] INFO org.apache.nifi.processors.standard.RouteText - RouteText[id=7eed8dc2-ebc4-49da-951a-9990a8cef519] Routing FlowFile[1048,94823964387095.mockFlowFile,23B] to original
[main] DEBUG org.apache.nifi.processors.standard.RouteText - RouteText[id=7eed8dc2-ebc4-49da-951a-9990a8cef519] Adding new dynamic property: PropertyDescriptor[simple]
[pool-2847-thread-1] INFO org.apache.nifi.processors.standard.RouteText - RouteText[id=7eed8dc2-ebc4-49da-951a-9990a8cef519] Created FlowFile[1051,94823964936326.mockFlowFile,23B] from FlowFile[1050,94823964936326.mockFlowFile,23B]; routing to relationship simple
[pool-2847-thread-1] INFO org.apache.nifi.processors.standard.RouteText - RouteText[id=7eed8dc2-ebc4-49da-951a-9990a8cef519] Routing FlowFile[1050,94823964936326.mockFlowFile,23B] to original
[main] DEBUG org.apache.nifi.processors.standard.RouteText - RouteText[id=7eed8dc2-ebc4-49da-951a-9990a8cef519] Adding new dynamic property: PropertyDescriptor[simple]
[pool-2848-thread-1] INFO org.apache.nifi.processors.standard.RouteText - RouteText[id=7eed8dc2-ebc4-49da-951a-9990a8cef519] Created FlowFile[1053,94823965421872.mockFlowFile,23B] from FlowFile[1052,94823965421872.mockFlowFile,23B]; routing to relationship simple
[pool-2848-thread-1] INFO org.apache.nifi.processors.standard.RouteText - RouteText[id=7eed8dc2-ebc4-49da-951a-9990a8cef519] Routing FlowFile[1052,94823965421872.mockFlowFile,23B] to original
[main] DEBUG org.apache.nifi.processors.standard.RouteText - RouteText[id=7eed8dc2-ebc4-49da-951a-9990a8cef519] Adding new dynamic property: PropertyDescriptor[simple]
[pool-2849-thread-1] INFO org.apache.nifi.processors.standard.RouteText - RouteText[id=7eed8dc2-ebc4-49da-951a-9990a8cef519] Created FlowFile[1055,94823965880859.mockFlowFile,23B] from FlowFile[1054,94823965880859.mockFlowFile,23B]; routing to relationship simple
[pool-2849-thread-1] INFO org.apache.nifi.processors.standard.RouteText - RouteText[id=7eed8dc2-ebc4-49da-951a-9990a8cef519] Routing FlowFile[1054,94823965880859.mockFlowFile,23B] to original
[main] DEBUG org.apache.nifi.processors.standard.RouteText - RouteText[id=7eed8dc2-ebc4-49da-951a-9990a8cef519] Adding new dynamic property: PropertyDescriptor[simple]
[pool-2850-thread-1] INFO org.apache.nifi.processors.standard.RouteText - RouteText[id=7eed8dc2-ebc4-49da-951a-9990a8cef519] Created FlowFile[1057,94823966289904.mockFlowFile,23B] from FlowFile[1056,94823966289904.mockFlowFile,23B]; routing to relationship simple
[pool-2850-thread-1] INFO org.apache.nifi.processors.standard.RouteText - RouteText[id=7eed8dc2-ebc4-49da-951a-9990a8cef519] Routing FlowFile[1056,94823966289904.mockFlowFile,23B] to original
[main] DEBUG org.apache.nifi.processors.standard.RouteText - RouteText[id=7eed8dc2-ebc4-49da-951a-9990a8cef519] Adding new dynamic property: PropertyDescriptor[simple]
[pool-2851-thread-1] INFO org.apache.nifi.processors.standard.RouteText - RouteText[id=7eed8dc2-ebc4-49da-951a-9990a8cef519] Created FlowFile[1059,94823966670902.mockFlowFile,23B] from FlowFile[1058,94823966670902.mockFlowFile,23B]; routing to relationship simple
[pool-2851-thread-1] INFO org.apache.nifi.processors.standard.RouteText - RouteText[id=7eed8dc2-ebc4-49da-951a-9990a8cef519] Routing FlowFile[1058,94823966670902.mockFlowFile,23B] to original
[main] DEBUG org.apache.nifi.processors.standard.RouteText - RouteText[id=7eed8dc2-ebc4-49da-951a-9990a8cef519] Adding new dynamic property: PropertyDescriptor[simple]
[pool-2852-thread-1] INFO org.apache.nifi.processors.standard.RouteText - RouteText[id=7eed8dc2-ebc4-49da-951a-9990a8cef519] Created FlowFile[1061,94823967155199.mockFlowFile,23B] from FlowFile[1060,94823967155199.mockFlowFile,23B]; routing to relationship simple
[pool-2852-thread-1] INFO org.apache.nifi.processors.standard.RouteText - RouteText[id=7eed8dc2-ebc4-49da-951a-9990a8cef519] Routing FlowFile[1060,94823967155199.mockFlowFile,23B] to original
[main] DEBUG org.apache.nifi.processors.standard.RouteText - RouteText[id=7eed8dc2-ebc4-49da-951a-9990a8cef519] Adding new dynamic property: PropertyDescriptor[simple]
[pool-2853-thread-1] INFO org.apache.nifi.processors.standard.RouteText - RouteText[id=7eed8dc2-ebc4-49da-951a-9990a8cef519] Created FlowFile[1063,94823967621340.mockFlowFile,23B] from FlowFile[1062,94823967621340.mockFlowFile,23B]; routing to relationship simple
[pool-2853-thread-1] INFO org.apache.nifi.processors.standard.RouteText - RouteText[id=7eed8dc2-ebc4-49da-951a-9990a8cef519] Routing FlowFile[1062,94823967621340.mockFlowFile,23B] to original
[main] DEBUG org.apache.nifi.processors.standard.RouteText - RouteText[id=7eed8dc2-ebc4-49da-951a-9990a8cef519] Adding new dynamic property: PropertyDescriptor[simple]
[pool-2854-thread-1] INFO org.apache.nifi.processors.standard.RouteText - RouteText[id=7eed8dc2-ebc4-49da-951a-9990a8cef519] Created FlowFile[1065,94823967995840.mockFlowFile,23B] from FlowFile[1064,94823967995840.mockFlowFile,23B]; routing to relationship simple
[pool-2854-thread-1] INFO org.apache.nifi.processors.standard.RouteText - RouteText[id=7eed8dc2-ebc4-49da-951a-9990a8cef519] Routing FlowFile[1064,94823967995840.mockFlowFile,23B] to original
[main] DEBUG org.apache.nifi.processors.standard.RouteText - RouteText[id=7eed8dc2-ebc4-49da-951a-9990a8cef519] Adding new dynamic property: PropertyDescriptor[simple]
[pool-2855-thread-1] INFO org.apache.nifi.processors.standard.RouteText - RouteText[id=7eed8dc2-ebc4-49da-951a-9990a8cef519] Created FlowFile[1067,94823968488145.mockFlowFile,23B] from FlowFile[1066,94823968488145.mockFlowFile,23B]; routing to relationship simple
[pool-2855-thread-1] INFO org.apache.nifi.processors.standard.RouteText - RouteText[id=7eed8dc2-ebc4-49da-951a-9990a8cef519] Routing FlowFile[1066,94823968488145.mockFlowFile,23B] to original
[main] DEBUG org.apache.nifi.processors.standard.RouteText - RouteText[id=7eed8dc2-ebc4-49da-951a-9990a8cef519] Adding new dynamic property: PropertyDescriptor[simple]
[pool-2856-thread-1] INFO org.apache.nifi.processors.standard.RouteText - RouteText[id=7eed8dc2-ebc4-49da-951a-9990a8cef519] Created FlowFile[1069,94823968951196.mockFlowFile,23B] from FlowFile[1068,94823968951196.mockFlowFile,23B]; routing to relationship simple
[pool-2856-thread-1] INFO org.apache.nifi.processors.standard.RouteText - RouteText[id=7eed8dc2-ebc4-49da-951a-9990a8cef519] Routing FlowFile[1068,94823968951196.mockFlowFile,23B] to original
[main] DEBUG org.apache.nifi.processors.standard.RouteText - RouteText[id=7eed8dc2-ebc4-49da-951a-9990a8cef519] Adding new dynamic property: PropertyDescriptor[simple]
[pool-2857-thread-1] INFO org.apache.nifi.processors.standard.RouteText - RouteText[id=7eed8dc2-ebc4-49da-951a-9990a8cef519] Created FlowFile[1071,94823969378401.mockFlowFile,23B] from FlowFile[1070,94823969378401.mockFlowFile,23B]; routing to relationship simple
[pool-2857-thread-1] INFO org.apache.nifi.processors.standard.RouteText - RouteText[id=7eed8dc2-ebc4-49da-951a-9990a8cef519] Routing FlowFile[1070,94823969378401.mockFlowFile,23B] to original
[main] DEBUG org.apache.nifi.processors.standard.RouteText - RouteText[id=7eed8dc2-ebc4-49da-951a-9990a8cef519] Adding new dynamic property: PropertyDescriptor[simple]
[pool-2858-thread-1] INFO org.apache.nifi.processors.standard.RouteText - RouteText[id=7eed8dc2-ebc4-49da-951a-9990a8cef519] Created FlowFile[1073,94823969795689.mockFlowFile,23B] from FlowFile[1072,94823969795689.mockFlowFile,23B]; routing to relationship simple
[pool-2858-thread-1] INFO org.apache.nifi.processors.standard.RouteText - RouteText[id=7eed8dc2-ebc4-49da-951a-9990a8cef519] Routing FlowFile[1072,94823969795689.mockFlowFile,23B] to original
[main] DEBUG org.apache.nifi.processors.standard.RouteText - RouteText[id=7eed8dc2-ebc4-49da-951a-9990a8cef519] Adding new dynamic property: PropertyDescriptor[simple]
[pool-2859-thread-1] INFO org.apache.nifi.processors.standard.RouteText - RouteText[id=7eed8dc2-ebc4-49da-951a-9990a8cef519] Created FlowFile[1075,94823970109197.mockFlowFile,23B] from FlowFile[1074,94823970109197.mockFlowFile,23B]; routing to relationship simple
[pool-2859-thread-1] INFO org.apache.nifi.processors.standard.RouteText - RouteText[id=7eed8dc2-ebc4-49da-951a-9990a8cef519] Routing FlowFile[1074,94823970109197.mockFlowFile,23B] to original
[main] DEBUG org.apache.nifi.processors.standard.RouteText - RouteText[id=7eed8dc2-ebc4-49da-951a-9990a8cef519] Adding new dynamic property: PropertyDescriptor[simple]
[pool-2860-thread-1] INFO org.apache.nifi.processors.standard.RouteText - RouteText[id=7eed8dc2-ebc4-49da-951a-9990a8cef519] Created FlowFile[1077,94823970419504.mockFlowFile,23B] from FlowFile[1076,94823970419504.mockFlowFile,23B]; routing to relationship simple
[pool-2860-thread-1] INFO org.apache.nifi.processors.standard.RouteText - RouteText[id=7eed8dc2-ebc4-49da-951a-9990a8cef519] Routing FlowFile[1076,94823970419504.mockFlowFile,23B] to original
[main] DEBUG org.apache.nifi.processors.standard.RouteText - RouteText[id=7eed8dc2-ebc4-49da-951a-9990a8cef519] Adding new dynamic property: PropertyDescriptor[simple]
[pool-2861-thread-1] INFO org.apache.nifi.processors.standard.RouteText - RouteText[id=7eed8dc2-ebc4-49da-951a-9990a8cef519] Created FlowFile[1079,94823970722873.mockFlowFile,23B] from FlowFile[1078,94823970722873.mockFlowFile,23B]; routing to relationship simple
[pool-2861-thread-1] INFO org.apache.nifi.processors.standard.RouteText - RouteText[id=7eed8dc2-ebc4-49da-951a-9990a8cef519] Routing FlowFile[1078,94823970722873.mockFlowFile,23B] to original
[main] DEBUG org.apache.nifi.processors.standard.RouteText - RouteText[id=7eed8dc2-ebc4-49da-951a-9990a8cef519] Adding new dynamic property: PropertyDescriptor[simple]
[pool-2862-thread-1] INFO org.apache.nifi.processors.standard.RouteText - RouteText[id=7eed8dc2-ebc4-49da-951a-9990a8cef519] Created FlowFile[1081,94823971021934.mockFlowFile,23B] from FlowFile[1080,94823971021934.mockFlowFile,23B]; routing to relationship simple
[pool-2862-thread-1] INFO org.apache.nifi.processors.standard.RouteText - RouteText[id=7eed8dc2-ebc4-49da-951a-9990a8cef519] Routing FlowFile[1080,94823971021934.mockFlowFile,23B] to original
[main] DEBUG org.apache.nifi.processors.standard.RouteText - RouteText[id=7eed8dc2-ebc4-49da-951a-9990a8cef519] Adding new dynamic property: PropertyDescriptor[simple]
[pool-2863-thread-1] INFO org.apache.nifi.processors.standard.RouteText - RouteText[id=7eed8dc2-ebc4-49da-951a-9990a8cef519] Created FlowFile[1083,94823971476028.mockFlowFile,23B] from FlowFile[1082,94823971476028.mockFlowFile,23B]; routing to relationship simple
[pool-2863-thread-1] INFO org.apache.nifi.processors.standard.RouteText - RouteText[id=7eed8dc2-ebc4-49da-951a-9990a8cef519] Routing FlowFile[1082,94823971476028.mockFlowFile,23B] to original
[main] DEBUG org.apache.nifi.processors.standard.RouteText - RouteText[id=7eed8dc2-ebc4-49da-951a-9990a8cef519] Adding new dynamic property: PropertyDescriptor[simple]
[pool-2864-thread-1] INFO org.apache.nifi.processors.standard.RouteText - RouteText[id=7eed8dc2-ebc4-49da-951a-9990a8cef519] Created FlowFile[1085,94823971806257.mockFlowFile,23B] from FlowFile[1084,94823971806257.mockFlowFile,23B]; routing to relationship simple
[pool-2864-thread-1] INFO org.apache.nifi.processors.standard.RouteText - RouteText[id=7eed8dc2-ebc4-49da-951a-9990a8cef519] Routing FlowFile[1084,94823971806257.mockFlowFile,23B] to original
[main] DEBUG org.apache.nifi.processors.standard.RouteText - RouteText[id=7eed8dc2-ebc4-49da-951a-9990a8cef519] Adding new dynamic property: PropertyDescriptor[simple]
[pool-2865-thread-1] INFO org.apache.nifi.processors.standard.RouteText - RouteText[id=7eed8dc2-ebc4-49da-951a-9990a8cef519] Created FlowFile[1087,94823972240849.mockFlowFile,23B] from FlowFile[1086,94823972240849.mockFlowFile,23B]; routing to relationship simple
[pool-2865-thread-1] INFO org.apache.nifi.processors.standard.RouteText - RouteText[id=7eed8dc2-ebc4-49da-951a-9990a8cef519] Routing FlowFile[1086,94823972240849.mockFlowFile,23B] to original
[main] DEBUG org.apache.nifi.processors.standard.RouteText - RouteText[id=7eed8dc2-ebc4-49da-951a-9990a8cef519] Adding new dynamic property: PropertyDescriptor[simple]
[pool-2866-thread-1] INFO org.apache.nifi.processors.standard.RouteText - RouteText[id=7eed8dc2-ebc4-49da-951a-9990a8cef519] Created FlowFile[1089,94823972650004.mockFlowFile,23B] from FlowFile[1088,94823972650004.mockFlowFile,23B]; routing to relationship simple
[pool-2866-thread-1] INFO org.apache.nifi.processors.standard.RouteText - RouteText[id=7eed8dc2-ebc4-49da-951a-9990a8cef519] Routing FlowFile[1088,94823972650004.mockFlowFile,23B] to original
[main] DEBUG org.apache.nifi.processors.standard.RouteText - RouteText[id=7eed8dc2-ebc4-49da-951a-9990a8cef519] Adding new dynamic property: PropertyDescriptor[simple]
[pool-2867-thread-1] INFO org.apache.nifi.processors.standard.RouteText - RouteText[id=7eed8dc2-ebc4-49da-951a-9990a8cef519] Created FlowFile[1091,94823973011650.mockFlowFile,23B] from FlowFile[1090,94823973011650.mockFlowFile,23B]; routing to relationship simple
[pool-2867-thread-1] INFO org.apache.nifi.processors.standard.RouteText - RouteText[id=7eed8dc2-ebc4-49da-951a-9990a8cef519] Routing FlowFile[1090,94823973011650.mockFlowFile,23B] to original
[main] DEBUG org.apache.nifi.processors.standard.RouteText - RouteText[id=7eed8dc2-ebc4-49da-951a-9990a8cef519] Adding new dynamic property: PropertyDescriptor[simple]
[pool-2868-thread-1] INFO org.apache.nifi.processors.standard.RouteText - RouteText[id=7eed8dc2-ebc4-49da-951a-9990a8cef519] Created FlowFile[1093,94823973313017.mockFlowFile,23B] from FlowFile[1092,94823973313017.mockFlowFile,23B]; routing to relationship simple
[pool-2868-thread-1] INFO org.apache.nifi.processors.standard.RouteText - RouteText[id=7eed8dc2-ebc4-49da-951a-9990a8cef519] Routing FlowFile[1092,94823973313017.mockFlowFile,23B] to original
[main] DEBUG org.apache.nifi.processors.standard.RouteText - RouteText[id=7eed8dc2-ebc4-49da-951a-9990a8cef519] Adding new dynamic property: PropertyDescriptor[simple]
[pool-2869-thread-1] INFO org.apache.nifi.processors.standard.RouteText - RouteText[id=7eed8dc2-ebc4-49da-951a-9990a8cef519] Created FlowFile[1095,94823973568397.mockFlowFile,23B] from FlowFile[1094,94823973568397.mockFlowFile,23B]; routing to relationship simple
[pool-2869-thread-1] INFO org.apache.nifi.processors.standard.RouteText - RouteText[id=7eed8dc2-ebc4-49da-951a-9990a8cef519] Routing FlowFile[1094,94823973568397.mockFlowFile,23B] to original
[main] DEBUG org.apache.nifi.processors.standard.RouteText - RouteText[id=7eed8dc2-ebc4-49da-951a-9990a8cef519] Adding new dynamic property: PropertyDescriptor[simple]
[pool-2870-thread-1] INFO org.apache.nifi.processors.standard.RouteText - RouteText[id=7eed8dc2-ebc4-49da-951a-9990a8cef519] Created FlowFile[1097,94823973817582.mockFlowFile,23B] from FlowFile[1096,94823973817582.mockFlowFile,23B]; routing to relationship simple
[pool-2870-thread-1] INFO org.apache.nifi.processors.standard.RouteText - RouteText[id=7eed8dc2-ebc4-49da-951a-9990a8cef519] Routing FlowFile[1096,94823973817582.mockFlowFile,23B] to original
[main] DEBUG org.apache.nifi.processors.standard.RouteText - RouteText[id=7eed8dc2-ebc4-49da-951a-9990a8cef519] Adding new dynamic property: PropertyDescriptor[simple]
[pool-2871-thread-1] INFO org.apache.nifi.processors.standard.RouteText - RouteText[id=7eed8dc2-ebc4-49da-951a-9990a8cef519] Created FlowFile[1099,94823974169125.mockFlowFile,23B] from FlowFile[1098,94823974169125.mockFlowFile,23B]; routing to relationship simple
[pool-2871-thread-1] INFO org.apache.nifi.processors.standard.RouteText - RouteText[id=7eed8dc2-ebc4-49da-951a-9990a8cef519] Routing FlowFile[1098,94823974169125.mockFlowFile,23B] to original
[main] DEBUG org.apache.nifi.processors.standard.RouteText - RouteText[id=7eed8dc2-ebc4-49da-951a-9990a8cef519] Adding new dynamic property: PropertyDescriptor[simple]
[pool-2872-thread-1] INFO org.apache.nifi.processors.standard.RouteText - RouteText[id=7eed8dc2-ebc4-49da-951a-9990a8cef519] Created FlowFile[1101,94823974481727.mockFlowFile,23B] from FlowFile[1100,94823974481727.mockFlowFile,23B]; routing to relationship simple
[pool-2872-thread-1] INFO org.apache.nifi.processors.standard.RouteText - RouteText[id=7eed8dc2-ebc4-49da-951a-9990a8cef519] Routing FlowFile[1100,94823974481727.mockFlowFile,23B] to original
[main] DEBUG org.apache.nifi.processors.standard.RouteText - RouteText[id=7eed8dc2-ebc4-49da-951a-9990a8cef519] Adding new dynamic property: PropertyDescriptor[simple]
[pool-2873-thread-1] INFO org.apache.nifi.processors.standard.RouteText - RouteText[id=7eed8dc2-ebc4-49da-951a-9990a8cef519] Created FlowFile[1103,94823974737819.mockFlowFile,23B] from FlowFile[1102,94823974737819.mockFlowFile,23B]; routing to relationship simple
[pool-2873-thread-1] INFO org.apache.nifi.processors.standard.RouteText - RouteText[id=7eed8dc2-ebc4-49da-951a-9990a8cef519] Routing FlowFile[1102,94823974737819.mockFlowFile,23B] to original
[main] DEBUG org.apache.nifi.processors.standard.RouteText - RouteText[id=7eed8dc2-ebc4-49da-951a-9990a8cef519] Adding new dynamic property: PropertyDescriptor[simple]
[pool-2874-thread-1] INFO org.apache.nifi.processors.standard.RouteText - RouteText[id=7eed8dc2-ebc4-49da-951a-9990a8cef519] Created FlowFile[1105,94823975055729.mockFlowFile,23B] from FlowFile[1104,94823975055729.mockFlowFile,23B]; routing to relationship simple
[pool-2874-thread-1] INFO org.apache.nifi.processors.standard.RouteText - RouteText[id=7eed8dc2-ebc4-49da-951a-9990a8cef519] Routing FlowFile[1104,94823975055729.mockFlowFile,23B] to original
[main] DEBUG org.apache.nifi.processors.standard.RouteText - RouteText[id=7eed8dc2-ebc4-49da-951a-9990a8cef519] Adding new dynamic property: PropertyDescriptor[simple]
[pool-2875-thread-1] INFO org.apache.nifi.processors.standard.RouteText - RouteText[id=7eed8dc2-ebc4-49da-951a-9990a8cef519] Created FlowFile[1107,94823975506757.mockFlowFile,23B] from FlowFile[1106,94823975506757.mockFlowFile,23B]; routing to relationship simple
[pool-2875-thread-1] INFO org.apache.nifi.processors.standard.RouteText - RouteText[id=7eed8dc2-ebc4-49da-951a-9990a8cef519] Routing FlowFile[1106,94823975506757.mockFlowFile,23B] to original
[main] DEBUG org.apache.nifi.processors.standard.RouteText - RouteText[id=7eed8dc2-ebc4-49da-951a-9990a8cef519] Adding new dynamic property: PropertyDescriptor[simple]
[pool-2876-thread-1] INFO org.apache.nifi.processors.standard.RouteText - RouteText[id=7eed8dc2-ebc4-49da-951a-9990a8cef519] Created FlowFile[1109,94823975828448.mockFlowFile,23B] from FlowFile[1108,94823975828448.mockFlowFile,23B]; routing to relationship simple
[pool-2876-thread-1] INFO org.apache.nifi.processors.standard.RouteText - RouteText[id=7eed8dc2-ebc4-49da-951a-9990a8cef519] Routing FlowFile[1108,94823975828448.mockFlowFile,23B] to original
[main] DEBUG org.apache.nifi.processors.standard.RouteText - RouteText[id=7eed8dc2-ebc4-49da-951a-9990a8cef519] Adding new dynamic property: PropertyDescriptor[simple]
[pool-2877-thread-1] INFO org.apache.nifi.processors.standard.RouteText - RouteText[id=7eed8dc2-ebc4-49da-951a-9990a8cef519] Created FlowFile[1111,94823976147697.mockFlowFile,23B] from FlowFile[1110,94823976147697.mockFlowFile,23B]; routing to relationship simple
[pool-2877-thread-1] INFO org.apache.nifi.processors.standard.RouteText - RouteText[id=7eed8dc2-ebc4-49da-951a-9990a8cef519] Routing FlowFile[1110,94823976147697.mockFlowFile,23B] to original
[main] DEBUG org.apache.nifi.processors.standard.RouteText - RouteText[id=7eed8dc2-ebc4-49da-951a-9990a8cef519] Adding new dynamic property: PropertyDescriptor[simple]
[pool-2878-thread-1] INFO org.apache.nifi.processors.standard.RouteText - RouteText[id=7eed8dc2-ebc4-49da-951a-9990a8cef519] Created FlowFile[1113,94823976523950.mockFlowFile,23B] from FlowFile[1112,94823976523950.mockFlowFile,23B]; routing to relationship simple
[pool-2878-thread-1] INFO org.apache.nifi.processors.standard.RouteText - RouteText[id=7eed8dc2-ebc4-49da-951a-9990a8cef519] Routing FlowFile[1112,94823976523950.mockFlowFile,23B] to original
[main] DEBUG org.apache.nifi.processors.standard.RouteText - RouteText[id=7eed8dc2-ebc4-49da-951a-9990a8cef519] Adding new dynamic property: PropertyDescriptor[simple]
[pool-2879-thread-1] INFO org.apache.nifi.processors.standard.RouteText - RouteText[id=7eed8dc2-ebc4-49da-951a-9990a8cef519] Created FlowFile[1115,94823976886388.mockFlowFile,23B] from FlowFile[1114,94823976886388.mockFlowFile,23B]; routing to relationship simple
[pool-2879-thread-1] INFO org.apache.nifi.processors.standard.RouteText - RouteText[id=7eed8dc2-ebc4-49da-951a-9990a8cef519] Routing FlowFile[1114,94823976886388.mockFlowFile,23B] to original
[main] DEBUG org.apache.nifi.processors.standard.RouteText - RouteText[id=7eed8dc2-ebc4-49da-951a-9990a8cef519] Adding new dynamic property: PropertyDescriptor[simple]
[pool-2880-thread-1] INFO org.apache.nifi.processors.standard.RouteText - RouteText[id=7eed8dc2-ebc4-49da-951a-9990a8cef519] Created FlowFile[1117,94823977196714.mockFlowFile,23B] from FlowFile[1116,94823977196714.mockFlowFile,23B]; routing to relationship simple
[pool-2880-thread-1] INFO org.apache.nifi.processors.standard.RouteText - RouteText[id=7eed8dc2-ebc4-49da-951a-9990a8cef519] Routing FlowFile[1116,94823977196714.mockFlowFile,23B] to original
[main] DEBUG org.apache.nifi.processors.standard.RouteText - RouteText[id=7eed8dc2-ebc4-49da-951a-9990a8cef519] Adding new dynamic property: PropertyDescriptor[simple]
[pool-2881-thread-1] INFO org.apache.nifi.processors.standard.RouteText - RouteText[id=7eed8dc2-ebc4-49da-951a-9990a8cef519] Created FlowFile[1119,94823977468738.mockFlowFile,23B] from FlowFile[1118,94823977468738.mockFlowFile,23B]; routing to relationship simple
[pool-2881-thread-1] INFO org.apache.nifi.processors.standard.RouteText - RouteText[id=7eed8dc2-ebc4-49da-951a-9990a8cef519] Routing FlowFile[1118,94823977468738.mockFlowFile,23B] to original
[main] DEBUG org.apache.nifi.processors.standard.RouteText - RouteText[id=7eed8dc2-ebc4-49da-951a-9990a8cef519] Adding new dynamic property: PropertyDescriptor[simple]
[pool-2882-thread-1] INFO org.apache.nifi.processors.standard.RouteText - RouteText[id=7eed8dc2-ebc4-49da-951a-9990a8cef519] Created FlowFile[1121,94823977740588.mockFlowFile,23B] from FlowFile[1120,94823977740588.mockFlowFile,23B]; routing to relationship simple
[pool-2882-thread-1] INFO org.apache.nifi.processors.standard.RouteText - RouteText[id=7eed8dc2-ebc4-49da-951a-9990a8cef519] Routing FlowFile[1120,94823977740588.mockFlowFile,23B] to original
[main] DEBUG org.apache.nifi.processors.standard.RouteText - RouteText[id=7eed8dc2-ebc4-49da-951a-9990a8cef519] Adding new dynamic property: PropertyDescriptor[simple]
[pool-2883-thread-1] INFO org.apache.nifi.processors.standard.RouteText - RouteText[id=7eed8dc2-ebc4-49da-951a-9990a8cef519] Created FlowFile[1123,94823978005458.mockFlowFile,23B] from FlowFile[1122,94823978005458.mockFlowFile,23B]; routing to relationship simple
[pool-2883-thread-1] INFO org.apache.nifi.processors.standard.RouteText - RouteText[id=7eed8dc2-ebc4-49da-951a-9990a8cef519] Routing FlowFile[1122,94823978005458.mockFlowFile,23B] to original
[main] DEBUG org.apache.nifi.processors.standard.RouteText - RouteText[id=7eed8dc2-ebc4-49da-951a-9990a8cef519] Adding new dynamic property: PropertyDescriptor[simple]
[pool-2884-thread-1] INFO org.apache.nifi.processors.standard.RouteText - RouteText[id=7eed8dc2-ebc4-49da-951a-9990a8cef519] Created FlowFile[1125,94823978254520.mockFlowFile,23B] from FlowFile[1124,94823978254520.mockFlowFile,23B]; routing to relationship simple
[pool-2884-thread-1] INFO org.apache.nifi.processors.standard.RouteText - RouteText[id=7eed8dc2-ebc4-49da-951a-9990a8cef519] Routing FlowFile[1124,94823978254520.mockFlowFile,23B] to original
[main] DEBUG org.apache.nifi.processors.standard.RouteText - RouteText[id=7eed8dc2-ebc4-49da-951a-9990a8cef519] Adding new dynamic property: PropertyDescriptor[simple]
[pool-2885-thread-1] INFO org.apache.nifi.processors.standard.RouteText - RouteText[id=7eed8dc2-ebc4-49da-951a-9990a8cef519] Created FlowFile[1127,94823978520435.mockFlowFile,23B] from FlowFile[1126,94823978520435.mockFlowFile,23B]; routing to relationship simple
[pool-2885-thread-1] INFO org.apache.nifi.processors.standard.RouteText - RouteText[id=7eed8dc2-ebc4-49da-951a-9990a8cef519] Routing FlowFile[1126,94823978520435.mockFlowFile,23B] to original
[main] DEBUG org.apache.nifi.processors.standard.RouteText - RouteText[id=7eed8dc2-ebc4-49da-951a-9990a8cef519] Adding new dynamic property: PropertyDescriptor[simple]
[pool-2886-thread-1] INFO org.apache.nifi.processors.standard.RouteText - RouteText[id=7eed8dc2-ebc4-49da-951a-9990a8cef519] Created FlowFile[1129,94823978776107.mockFlowFile,23B] from FlowFile[1128,94823978776107.mockFlowFile,23B]; routing to relationship simple
[pool-2886-thread-1] INFO org.apache.nifi.processors.standard.RouteText - RouteText[id=7eed8dc2-ebc4-49da-951a-9990a8cef519] Routing FlowFile[1128,94823978776107.mockFlowFile,23B] to original
[main] DEBUG org.apache.nifi.processors.standard.RouteText - RouteText[id=7eed8dc2-ebc4-49da-951a-9990a8cef519] Adding new dynamic property: PropertyDescriptor[simple]
[pool-2887-thread-1] INFO org.apache.nifi.processors.standard.RouteText - RouteText[id=7eed8dc2-ebc4-49da-951a-9990a8cef519] Created FlowFile[1131,94823979044896.mockFlowFile,23B] from FlowFile[1130,94823979044896.mockFlowFile,23B]; routing to relationship simple
[pool-2887-thread-1] INFO org.apache.nifi.processors.standard.RouteText - RouteText[id=7eed8dc2-ebc4-49da-951a-9990a8cef519] Routing FlowFile[1130,94823979044896.mockFlowFile,23B] to original
[main] DEBUG org.apache.nifi.processors.standard.RouteText - RouteText[id=7eed8dc2-ebc4-49da-951a-9990a8cef519] Adding new dynamic property: PropertyDescriptor[simple]
[pool-2888-thread-1] INFO org.apache.nifi.processors.standard.RouteText - RouteText[id=7eed8dc2-ebc4-49da-951a-9990a8cef519] Created FlowFile[1133,94823979492239.mockFlowFile,23B] from FlowFile[1132,94823979492239.mockFlowFile,23B]; routing to relationship simple
[pool-2888-thread-1] INFO org.apache.nifi.processors.standard.RouteText - RouteText[id=7eed8dc2-ebc4-49da-951a-9990a8cef519] Routing FlowFile[1132,94823979492239.mockFlowFile,23B] to original
[main] DEBUG org.apache.nifi.processors.standard.RouteText - RouteText[id=7eed8dc2-ebc4-49da-951a-9990a8cef519] Adding new dynamic property: PropertyDescriptor[simple]
[pool-2889-thread-1] INFO org.apache.nifi.processors.standard.RouteText - RouteText[id=7eed8dc2-ebc4-49da-951a-9990a8cef519] Created FlowFile[1135,94823979779030.mockFlowFile,23B] from FlowFile[1134,94823979779030.mockFlowFile,23B]; routing to relationship simple
[pool-2889-thread-1] INFO org.apache.nifi.processors.standard.RouteText - RouteText[id=7eed8dc2-ebc4-49da-951a-9990a8cef519] Routing FlowFile[1134,94823979779030.mockFlowFile,23B] to original
[main] DEBUG org.apache.nifi.processors.standard.RouteText - RouteText[id=7eed8dc2-ebc4-49da-951a-9990a8cef519] Adding new dynamic property: PropertyDescriptor[simple]
[pool-2890-thread-1] INFO org.apache.nifi.processors.standard.RouteText - RouteText[id=7eed8dc2-ebc4-49da-951a-9990a8cef519] Created FlowFile[1137,94823980173880.mockFlowFile,23B] from FlowFile[1136,94823980173880.mockFlowFile,23B]; routing to relationship simple
[pool-2890-thread-1] INFO org.apache.nifi.processors.standard.RouteText - RouteText[id=7eed8dc2-ebc4-49da-951a-9990a8cef519] Routing FlowFile[1136,94823980173880.mockFlowFile,23B] to original
[main] DEBUG org.apache.nifi.processors.standard.RouteText - RouteText[id=7eed8dc2-ebc4-49da-951a-9990a8cef519] Adding new dynamic property: PropertyDescriptor[simple]
[pool-2891-thread-1] INFO org.apache.nifi.processors.standard.RouteText - RouteText[id=7eed8dc2-ebc4-49da-951a-9990a8cef519] Created FlowFile[1139,94823980546109.mockFlowFile,23B] from FlowFile[1138,94823980546109.mockFlowFile,23B]; routing to relationship simple
[pool-2891-thread-1] INFO org.apache.nifi.processors.standard.RouteText - RouteText[id=7eed8dc2-ebc4-49da-951a-9990a8cef519] Routing FlowFile[1138,94823980546109.mockFlowFile,23B] to original
[main] DEBUG org.apache.nifi.processors.standard.RouteText - RouteText[id=7eed8dc2-ebc4-49da-951a-9990a8cef519] Adding new dynamic property: PropertyDescriptor[simple]
[pool-2892-thread-1] INFO org.apache.nifi.processors.standard.RouteText - RouteText[id=7eed8dc2-ebc4-49da-951a-9990a8cef519] Created FlowFile[1141,94823980883636.mockFlowFile,23B] from FlowFile[1140,94823980883636.mockFlowFile,23B]; routing to relationship simple
[pool-2892-thread-1] INFO org.apache.nifi.processors.standard.RouteText - RouteText[id=7eed8dc2-ebc4-49da-951a-9990a8cef519] Routing FlowFile[1140,94823980883636.mockFlowFile,23B] to original
[main] DEBUG org.apache.nifi.processors.standard.RouteText - RouteText[id=7eed8dc2-ebc4-49da-951a-9990a8cef519] Adding new dynamic property: PropertyDescriptor[simple]
[pool-2893-thread-1] INFO org.apache.nifi.processors.standard.RouteText - RouteText[id=7eed8dc2-ebc4-49da-951a-9990a8cef519] Created FlowFile[1143,94823981231129.mockFlowFile,23B] from FlowFile[1142,94823981231129.mockFlowFile,23B]; routing to relationship simple
[pool-2893-thread-1] INFO org.apache.nifi.processors.standard.RouteText - RouteText[id=7eed8dc2-ebc4-49da-951a-9990a8cef519] Routing FlowFile[1142,94823981231129.mockFlowFile,23B] to original
[main] DEBUG org.apache.nifi.processors.standard.RouteText - RouteText[id=7eed8dc2-ebc4-49da-951a-9990a8cef519] Adding new dynamic property: PropertyDescriptor[simple]
[pool-2894-thread-1] INFO org.apache.nifi.processors.standard.RouteText - RouteText[id=7eed8dc2-ebc4-49da-951a-9990a8cef519] Created FlowFile[1145,94823981587251.mockFlowFile,23B] from FlowFile[1144,94823981587251.mockFlowFile,23B]; routing to relationship simple
[pool-2894-thread-1] INFO org.apache.nifi.processors.standard.RouteText - RouteText[id=7eed8dc2-ebc4-49da-951a-9990a8cef519] Routing FlowFile[1144,94823981587251.mockFlowFile,23B] to original
[main] DEBUG org.apache.nifi.processors.standard.RouteText - RouteText[id=7eed8dc2-ebc4-49da-951a-9990a8cef519] Adding new dynamic property: PropertyDescriptor[simple]
[pool-2895-thread-1] INFO org.apache.nifi.processors.standard.RouteText - RouteText[id=7eed8dc2-ebc4-49da-951a-9990a8cef519] Created FlowFile[1147,94823981947158.mockFlowFile,23B] from FlowFile[1146,94823981947158.mockFlowFile,23B]; routing to relationship simple
[pool-2895-thread-1] INFO org.apache.nifi.processors.standard.RouteText - RouteText[id=7eed8dc2-ebc4-49da-951a-9990a8cef519] Routing FlowFile[1146,94823981947158.mockFlowFile,23B] to original
[main] DEBUG org.apache.nifi.processors.standard.RouteText - RouteText[id=7eed8dc2-ebc4-49da-951a-9990a8cef519] Adding new dynamic property: PropertyDescriptor[simple]
[pool-2896-thread-1] INFO org.apache.nifi.processors.standard.RouteText - RouteText[id=7eed8dc2-ebc4-49da-951a-9990a8cef519] Created FlowFile[1149,94823982287632.mockFlowFile,23B] from FlowFile[1148,94823982287632.mockFlowFile,23B]; routing to relationship simple
[pool-2896-thread-1] INFO org.apache.nifi.processors.standard.RouteText - RouteText[id=7eed8dc2-ebc4-49da-951a-9990a8cef519] Routing FlowFile[1148,94823982287632.mockFlowFile,23B] to original
[main] DEBUG org.apache.nifi.processors.standard.RouteText - RouteText[id=7eed8dc2-ebc4-49da-951a-9990a8cef519] Adding new dynamic property: PropertyDescriptor[simple]
[pool-2897-thread-1] INFO org.apache.nifi.processors.standard.RouteText - RouteText[id=7eed8dc2-ebc4-49da-951a-9990a8cef519] Created FlowFile[1151,94823982700564.mockFlowFile,23B] from FlowFile[1150,94823982700564.mockFlowFile,23B]; routing to relationship simple
[pool-2897-thread-1] INFO org.apache.nifi.processors.standard.RouteText - RouteText[id=7eed8dc2-ebc4-49da-951a-9990a8cef519] Routing FlowFile[1150,94823982700564.mockFlowFile,23B] to original
[main] DEBUG org.apache.nifi.processors.standard.RouteText - RouteText[id=7eed8dc2-ebc4-49da-951a-9990a8cef519] Adding new dynamic property: PropertyDescriptor[simple]
[pool-2898-thread-1] INFO org.apache.nifi.processors.standard.RouteText - RouteText[id=7eed8dc2-ebc4-49da-951a-9990a8cef519] Created FlowFile[1153,94823983095789.mockFlowFile,23B] from FlowFile[1152,94823983095789.mockFlowFile,23B]; routing to relationship simple
[pool-2898-thread-1] INFO org.apache.nifi.processors.standard.RouteText - RouteText[id=7eed8dc2-ebc4-49da-951a-9990a8cef519] Routing FlowFile[1152,94823983095789.mockFlowFile,23B] to original
[main] DEBUG org.apache.nifi.processors.standard.RouteText - RouteText[id=7eed8dc2-ebc4-49da-951a-9990a8cef519] Adding new dynamic property: PropertyDescriptor[simple]
[pool-2899-thread-1] INFO org.apache.nifi.processors.standard.RouteText - RouteText[id=7eed8dc2-ebc4-49da-951a-9990a8cef519] Created FlowFile[1155,94823983577162.mockFlowFile,23B] from FlowFile[1154,94823983577162.mockFlowFile,23B]; routing to relationship simple
[pool-2899-thread-1] INFO org.apache.nifi.processors.standard.RouteText - RouteText[id=7eed8dc2-ebc4-49da-951a-9990a8cef519] Routing FlowFile[1154,94823983577162.mockFlowFile,23B] to original
[main] DEBUG org.apache.nifi.processors.standard.RouteText - RouteText[id=7eed8dc2-ebc4-49da-951a-9990a8cef519] Adding new dynamic property: PropertyDescriptor[simple]
[pool-2900-thread-1] INFO org.apache.nifi.processors.standard.RouteText - RouteText[id=7eed8dc2-ebc4-49da-951a-9990a8cef519] Created FlowFile[1157,94823984054812.mockFlowFile,23B] from FlowFile[1156,94823984054812.mockFlowFile,23B]; routing to relationship simple
[pool-2900-thread-1] INFO org.apache.nifi.processors.standard.RouteText - RouteText[id=7eed8dc2-ebc4-49da-951a-9990a8cef519] Routing FlowFile[1156,94823984054812.mockFlowFile,23B] to original
[main] DEBUG org.apache.nifi.processors.standard.RouteText - RouteText[id=7eed8dc2-ebc4-49da-951a-9990a8cef519] Adding new dynamic property: PropertyDescriptor[simple]
[pool-2901-thread-1] INFO org.apache.nifi.processors.standard.RouteText - RouteText[id=7eed8dc2-ebc4-49da-951a-9990a8cef519] Created FlowFile[1159,94823984516401.mockFlowFile,23B] from FlowFile[1158,94823984516401.mockFlowFile,23B]; routing to relationship simple
[pool-2901-thread-1] INFO org.apache.nifi.processors.standard.RouteText - RouteText[id=7eed8dc2-ebc4-49da-951a-9990a8cef519] Routing FlowFile[1158,94823984516401.mockFlowFile,23B] to original
[main] DEBUG org.apache.nifi.processors.standard.RouteText - RouteText[id=7eed8dc2-ebc4-49da-951a-9990a8cef519] Adding new dynamic property: PropertyDescriptor[simple]
[pool-2902-thread-1] INFO org.apache.nifi.processors.standard.RouteText - RouteText[id=7eed8dc2-ebc4-49da-951a-9990a8cef519] Created FlowFile[1161,94823984922439.mockFlowFile,23B] from FlowFile[1160,94823984922439.mockFlowFile,23B]; routing to relationship simple
[pool-2902-thread-1] INFO org.apache.nifi.processors.standard.RouteText - RouteText[id=7eed8dc2-ebc4-49da-951a-9990a8cef519] Routing FlowFile[1160,94823984922439.mockFlowFile,23B] to original
[main] DEBUG org.apache.nifi.processors.standard.RouteText - RouteText[id=7eed8dc2-ebc4-49da-951a-9990a8cef519] Adding new dynamic property: PropertyDescriptor[simple]
[pool-2903-thread-1] INFO org.apache.nifi.processors.standard.RouteText - RouteText[id=7eed8dc2-ebc4-49da-951a-9990a8cef519] Created FlowFile[1163,94823985281035.mockFlowFile,23B] from FlowFile[1162,94823985281035.mockFlowFile,23B]; routing to relationship simple
[pool-2903-thread-1] INFO org.apache.nifi.processors.standard.RouteText - RouteText[id=7eed8dc2-ebc4-49da-951a-9990a8cef519] Routing FlowFile[1162,94823985281035.mockFlowFile,23B] to original
[main] DEBUG org.apache.nifi.processors.standard.RouteText - RouteText[id=7eed8dc2-ebc4-49da-951a-9990a8cef519] Adding new dynamic property: PropertyDescriptor[simple]
[pool-2904-thread-1] INFO org.apache.nifi.processors.standard.RouteText - RouteText[id=7eed8dc2-ebc4-49da-951a-9990a8cef519] Created FlowFile[1165,94823985624185.mockFlowFile,23B] from FlowFile[1164,94823985624185.mockFlowFile,23B]; routing to relationship simple
[pool-2904-thread-1] INFO org.apache.nifi.processors.standard.RouteText - RouteText[id=7eed8dc2-ebc4-49da-951a-9990a8cef519] Routing FlowFile[1164,94823985624185.mockFlowFile,23B] to original
[main] DEBUG org.apache.nifi.processors.standard.RouteText - RouteText[id=7eed8dc2-ebc4-49da-951a-9990a8cef519] Adding new dynamic property: PropertyDescriptor[simple]
[pool-2905-thread-1] INFO org.apache.nifi.processors.standard.RouteText - RouteText[id=7eed8dc2-ebc4-49da-951a-9990a8cef519] Created FlowFile[1167,94823985948731.mockFlowFile,23B] from FlowFile[1166,94823985948731.mockFlowFile,23B]; routing to relationship simple
[pool-2905-thread-1] INFO org.apache.nifi.processors.standard.RouteText - RouteText[id=7eed8dc2-ebc4-49da-951a-9990a8cef519] Routing FlowFile[1166,94823985948731.mockFlowFile,23B] to original
[main] DEBUG org.apache.nifi.processors.standard.RouteText - RouteText[id=7eed8dc2-ebc4-49da-951a-9990a8cef519] Adding new dynamic property: PropertyDescriptor[simple]
[pool-2906-thread-1] INFO org.apache.nifi.processors.standard.RouteText - RouteText[id=7eed8dc2-ebc4-49da-951a-9990a8cef519] Created FlowFile[1169,94823986279187.mockFlowFile,23B] from FlowFile[1168,94823986279187.mockFlowFile,23B]; routing to relationship simple
[pool-2906-thread-1] INFO org.apache.nifi.processors.standard.RouteText - RouteText[id=7eed8dc2-ebc4-49da-951a-9990a8cef519] Routing FlowFile[1168,94823986279187.mockFlowFile,23B] to original
[main] DEBUG org.apache.nifi.processors.standard.RouteText - RouteText[id=7eed8dc2-ebc4-49da-951a-9990a8cef519] Adding new dynamic property: PropertyDescriptor[simple]
[pool-2907-thread-1] INFO org.apache.nifi.processors.standard.RouteText - RouteText[id=7eed8dc2-ebc4-49da-951a-9990a8cef519] Created FlowFile[1171,94823986590017.mockFlowFile,23B] from FlowFile[1170,94823986590017.mockFlowFile,23B]; routing to relationship simple
[pool-2907-thread-1] INFO org.apache.nifi.processors.standard.RouteText - RouteText[id=7eed8dc2-ebc4-49da-951a-9990a8cef519] Routing FlowFile[1170,94823986590017.mockFlowFile,23B] to original
[main] DEBUG org.apache.nifi.processors.standard.RouteText - RouteText[id=7eed8dc2-ebc4-49da-951a-9990a8cef519] Adding new dynamic property: PropertyDescriptor[simple]
[pool-2908-thread-1] INFO org.apache.nifi.processors.standard.RouteText - RouteText[id=7eed8dc2-ebc4-49da-951a-9990a8cef519] Created FlowFile[1173,94823986897913.mockFlowFile,23B] from FlowFile[1172,94823986897913.mockFlowFile,23B]; routing to relationship simple
[pool-2908-thread-1] INFO org.apache.nifi.processors.standard.RouteText - RouteText[id=7eed8dc2-ebc4-49da-951a-9990a8cef519] Routing FlowFile[1172,94823986897913.mockFlowFile,23B] to original
[main] DEBUG org.apache.nifi.processors.standard.RouteText - RouteText[id=7eed8dc2-ebc4-49da-951a-9990a8cef519] Adding new dynamic property: PropertyDescriptor[simple]
[pool-2909-thread-1] INFO org.apache.nifi.processors.standard.RouteText - RouteText[id=7eed8dc2-ebc4-49da-951a-9990a8cef519] Created FlowFile[1175,94823987290217.mockFlowFile,23B] from FlowFile[1174,94823987290217.mockFlowFile,23B]; routing to relationship simple
[pool-2909-thread-1] INFO org.apache.nifi.processors.standard.RouteText - RouteText[id=7eed8dc2-ebc4-49da-951a-9990a8cef519] Routing FlowFile[1174,94823987290217.mockFlowFile,23B] to original
[main] DEBUG org.apache.nifi.processors.standard.RouteText - RouteText[id=7eed8dc2-ebc4-49da-951a-9990a8cef519] Adding new dynamic property: PropertyDescriptor[simple]
[pool-2910-thread-1] INFO org.apache.nifi.processors.standard.RouteText - RouteText[id=7eed8dc2-ebc4-49da-951a-9990a8cef519] Created FlowFile[1177,94823987707498.mockFlowFile,23B] from FlowFile[1176,94823987707498.mockFlowFile,23B]; routing to relationship simple
[pool-2910-thread-1] INFO org.apache.nifi.processors.standard.RouteText - RouteText[id=7eed8dc2-ebc4-49da-951a-9990a8cef519] Routing FlowFile[1176,94823987707498.mockFlowFile,23B] to original
[main] DEBUG org.apache.nifi.processors.standard.RouteText - RouteText[id=7eed8dc2-ebc4-49da-951a-9990a8cef519] Adding new dynamic property: PropertyDescriptor[simple]
[pool-2911-thread-1] INFO org.apache.nifi.processors.standard.RouteText - RouteText[id=7eed8dc2-ebc4-49da-951a-9990a8cef519] Created FlowFile[1179,94823988030132.mockFlowFile,23B] from FlowFile[1178,94823988030132.mockFlowFile,23B]; routing to relationship simple
[pool-2911-thread-1] INFO org.apache.nifi.processors.standard.RouteText - RouteText[id=7eed8dc2-ebc4-49da-951a-9990a8cef519] Routing FlowFile[1178,94823988030132.mockFlowFile,23B] to original
[main] DEBUG org.apache.nifi.processors.standard.RouteText - RouteText[id=7eed8dc2-ebc4-49da-951a-9990a8cef519] Adding new dynamic property: PropertyDescriptor[simple]
[pool-2912-thread-1] INFO org.apache.nifi.processors.standard.RouteText - RouteText[id=7eed8dc2-ebc4-49da-951a-9990a8cef519] Created FlowFile[1181,94823988471116.mockFlowFile,23B] from FlowFile[1180,94823988471116.mockFlowFile,23B]; routing to relationship simple
[pool-2912-thread-1] INFO org.apache.nifi.processors.standard.RouteText - RouteText[id=7eed8dc2-ebc4-49da-951a-9990a8cef519] Routing FlowFile[1180,94823988471116.mockFlowFile,23B] to original
[main] DEBUG org.apache.nifi.processors.standard.RouteText - RouteText[id=7eed8dc2-ebc4-49da-951a-9990a8cef519] Adding new dynamic property: PropertyDescriptor[simple]
[pool-2913-thread-1] INFO org.apache.nifi.processors.standard.RouteText - RouteText[id=7eed8dc2-ebc4-49da-951a-9990a8cef519] Created FlowFile[1183,94823988897999.mockFlowFile,23B] from FlowFile[1182,94823988897999.mockFlowFile,23B]; routing to relationship simple
[pool-2913-thread-1] INFO org.apache.nifi.processors.standard.RouteText - RouteText[id=7eed8dc2-ebc4-49da-951a-9990a8cef519] Routing FlowFile[1182,94823988897999.mockFlowFile,23B] to original
[main] DEBUG org.apache.nifi.processors.standard.RouteText - RouteText[id=7eed8dc2-ebc4-49da-951a-9990a8cef519] Adding new dynamic property: PropertyDescriptor[simple]
[pool-2914-thread-1] INFO org.apache.nifi.processors.standard.RouteText - RouteText[id=7eed8dc2-ebc4-49da-951a-9990a8cef519] Created FlowFile[1185,94823989329872.mockFlowFile,23B] from FlowFile[1184,94823989329872.mockFlowFile,23B]; routing to relationship simple
[pool-2914-thread-1] INFO org.apache.nifi.processors.standard.RouteText - RouteText[id=7eed8dc2-ebc4-49da-951a-9990a8cef519] Routing FlowFile[1184,94823989329872.mockFlowFile,23B] to original
[main] DEBUG org.apache.nifi.processors.standard.RouteText - RouteText[id=7eed8dc2-ebc4-49da-951a-9990a8cef519] Adding new dynamic property: PropertyDescriptor[simple]
[pool-2915-thread-1] INFO org.apache.nifi.processors.standard.RouteText - RouteText[id=7eed8dc2-ebc4-49da-951a-9990a8cef519] Created FlowFile[1187,94823989654636.mockFlowFile,23B] from FlowFile[1186,94823989654636.mockFlowFile,23B]; routing to relationship simple
[pool-2915-thread-1] INFO org.apache.nifi.processors.standard.RouteText - RouteText[id=7eed8dc2-ebc4-49da-951a-9990a8cef519] Routing FlowFile[1186,94823989654636.mockFlowFile,23B] to original
[main] DEBUG org.apache.nifi.processors.standard.RouteText - RouteText[id=7eed8dc2-ebc4-49da-951a-9990a8cef519] Adding new dynamic property: PropertyDescriptor[simple]
[pool-2916-thread-1] INFO org.apache.nifi.processors.standard.RouteText - RouteText[id=7eed8dc2-ebc4-49da-951a-9990a8cef519] Created FlowFile[1189,94823989974907.mockFlowFile,23B] from FlowFile[1188,94823989974907.mockFlowFile,23B]; routing to relationship simple
[pool-2916-thread-1] INFO org.apache.nifi.processors.standard.RouteText - RouteText[id=7eed8dc2-ebc4-49da-951a-9990a8cef519] Routing FlowFile[1188,94823989974907.mockFlowFile,23B] to original
[main] DEBUG org.apache.nifi.processors.standard.RouteText - RouteText[id=7eed8dc2-ebc4-49da-951a-9990a8cef519] Adding new dynamic property: PropertyDescriptor[simple]
[pool-2917-thread-1] INFO org.apache.nifi.processors.standard.RouteText - RouteText[id=7eed8dc2-ebc4-49da-951a-9990a8cef519] Created FlowFile[1191,94823990304090.mockFlowFile,23B] from FlowFile[1190,94823990304090.mockFlowFile,23B]; routing to relationship simple
[pool-2917-thread-1] INFO org.apache.nifi.processors.standard.RouteText - RouteText[id=7eed8dc2-ebc4-49da-951a-9990a8cef519] Routing FlowFile[1190,94823990304090.mockFlowFile,23B] to original
[main] DEBUG org.apache.nifi.processors.standard.RouteText - RouteText[id=7eed8dc2-ebc4-49da-951a-9990a8cef519] Adding new dynamic property: PropertyDescriptor[simple]
[pool-2918-thread-1] INFO org.apache.nifi.processors.standard.RouteText - RouteText[id=7eed8dc2-ebc4-49da-951a-9990a8cef519] Created FlowFile[1193,94823990637387.mockFlowFile,23B] from FlowFile[1192,94823990637387.mockFlowFile,23B]; routing to relationship simple
[pool-2918-thread-1] INFO org.apache.nifi.processors.standard.RouteText - RouteText[id=7eed8dc2-ebc4-49da-951a-9990a8cef519] Routing FlowFile[1192,94823990637387.mockFlowFile,23B] to original
[main] DEBUG org.apache.nifi.processors.standard.RouteText - RouteText[id=7eed8dc2-ebc4-49da-951a-9990a8cef519] Adding new dynamic property: PropertyDescriptor[simple]
[pool-2919-thread-1] INFO org.apache.nifi.processors.standard.RouteText - RouteText[id=7eed8dc2-ebc4-49da-951a-9990a8cef519] Created FlowFile[1195,94823990969109.mockFlowFile,23B] from FlowFile[1194,94823990969109.mockFlowFile,23B]; routing to relationship simple
[pool-2919-thread-1] INFO org.apache.nifi.processors.standard.RouteText - RouteText[id=7eed8dc2-ebc4-49da-951a-9990a8cef519] Routing FlowFile[1194,94823990969109.mockFlowFile,23B] to original
[main] DEBUG org.apache.nifi.processors.standard.RouteText - RouteText[id=7eed8dc2-ebc4-49da-951a-9990a8cef519] Adding new dynamic property: PropertyDescriptor[simple]
[pool-2920-thread-1] INFO org.apache.nifi.processors.standard.RouteText - RouteText[id=7eed8dc2-ebc4-49da-951a-9990a8cef519] Created FlowFile[1197,94823991357855.mockFlowFile,23B] from FlowFile[1196,94823991357855.mockFlowFile,23B]; routing to relationship simple
[pool-2920-thread-1] INFO org.apache.nifi.processors.standard.RouteText - RouteText[id=7eed8dc2-ebc4-49da-951a-9990a8cef519] Routing FlowFile[1196,94823991357855.mockFlowFile,23B] to original
[main] DEBUG org.apache.nifi.processors.standard.RouteText - RouteText[id=7eed8dc2-ebc4-49da-951a-9990a8cef519] Adding new dynamic property: PropertyDescriptor[simple]
[pool-2921-thread-1] INFO org.apache.nifi.processors.standard.RouteText - RouteText[id=7eed8dc2-ebc4-49da-951a-9990a8cef519] Created FlowFile[1199,94823991714981.mockFlowFile,23B] from FlowFile[1198,94823991714981.mockFlowFile,23B]; routing to relationship simple
[pool-2921-thread-1] INFO org.apache.nifi.processors.standard.RouteText - RouteText[id=7eed8dc2-ebc4-49da-951a-9990a8cef519] Routing FlowFile[1198,94823991714981.mockFlowFile,23B] to original
[main] DEBUG org.apache.nifi.processors.standard.RouteText - RouteText[id=7eed8dc2-ebc4-49da-951a-9990a8cef519] Adding new dynamic property: PropertyDescriptor[simple]
[pool-2922-thread-1] INFO org.apache.nifi.processors.standard.RouteText - RouteText[id=7eed8dc2-ebc4-49da-951a-9990a8cef519] Created FlowFile[1201,94823992050700.mockFlowFile,23B] from FlowFile[1200,94823992050700.mockFlowFile,23B]; routing to relationship simple
[pool-2922-thread-1] INFO org.apache.nifi.processors.standard.RouteText - RouteText[id=7eed8dc2-ebc4-49da-951a-9990a8cef519] Routing FlowFile[1200,94823992050700.mockFlowFile,23B] to original
[main] DEBUG org.apache.nifi.processors.standard.RouteText - RouteText[id=7eed8dc2-ebc4-49da-951a-9990a8cef519] Adding new dynamic property: PropertyDescriptor[simple]
[pool-2923-thread-1] INFO org.apache.nifi.processors.standard.RouteText - RouteText[id=7eed8dc2-ebc4-49da-951a-9990a8cef519] Created FlowFile[1203,94823992500387.mockFlowFile,23B] from FlowFile[1202,94823992500387.mockFlowFile,23B]; routing to relationship simple
[pool-2923-thread-1] INFO org.apache.nifi.processors.standard.RouteText - RouteText[id=7eed8dc2-ebc4-49da-951a-9990a8cef519] Routing FlowFile[1202,94823992500387.mockFlowFile,23B] to original
[main] DEBUG org.apache.nifi.processors.standard.RouteText - RouteText[id=7eed8dc2-ebc4-49da-951a-9990a8cef519] Adding new dynamic property: PropertyDescriptor[simple]
[pool-2924-thread-1] INFO org.apache.nifi.processors.standard.RouteText - RouteText[id=7eed8dc2-ebc4-49da-951a-9990a8cef519] Created FlowFile[1205,94823992898801.mockFlowFile,23B] from FlowFile[1204,94823992898801.mockFlowFile,23B]; routing to relationship simple
[pool-2924-thread-1] INFO org.apache.nifi.processors.standard.RouteText - RouteText[id=7eed8dc2-ebc4-49da-951a-9990a8cef519] Routing FlowFile[1204,94823992898801.mockFlowFile,23B] to original
[main] DEBUG org.apache.nifi.processors.standard.RouteText - RouteText[id=7eed8dc2-ebc4-49da-951a-9990a8cef519] Adding new dynamic property: PropertyDescriptor[simple]
[pool-2925-thread-1] INFO org.apache.nifi.processors.standard.RouteText - RouteText[id=7eed8dc2-ebc4-49da-951a-9990a8cef519] Created FlowFile[1207,94823993291885.mockFlowFile,23B] from FlowFile[1206,94823993291885.mockFlowFile,23B]; routing to relationship simple
[pool-2925-thread-1] INFO org.apache.nifi.processors.standard.RouteText - RouteText[id=7eed8dc2-ebc4-49da-951a-9990a8cef519] Routing FlowFile[1206,94823993291885.mockFlowFile,23B] to original
[main] DEBUG org.apache.nifi.processors.standard.RouteText - RouteText[id=7eed8dc2-ebc4-49da-951a-9990a8cef519] Adding new dynamic property: PropertyDescriptor[simple]
[pool-2926-thread-1] INFO org.apache.nifi.processors.standard.RouteText - RouteText[id=7eed8dc2-ebc4-49da-951a-9990a8cef519] Created FlowFile[1209,94823993645665.mockFlowFile,23B] from FlowFile[1208,94823993645665.mockFlowFile,23B]; routing to relationship simple
[pool-2926-thread-1] INFO org.apache.nifi.processors.standard.RouteText - RouteText[id=7eed8dc2-ebc4-49da-951a-9990a8cef519] Routing FlowFile[1208,94823993645665.mockFlowFile,23B] to original
[main] DEBUG org.apache.nifi.processors.standard.RouteText - RouteText[id=7eed8dc2-ebc4-49da-951a-9990a8cef519] Adding new dynamic property: PropertyDescriptor[simple]
[pool-2927-thread-1] INFO org.apache.nifi.processors.standard.RouteText - RouteText[id=7eed8dc2-ebc4-49da-951a-9990a8cef519] Created FlowFile[1211,94823993967514.mockFlowFile,23B] from FlowFile[1210,94823993967514.mockFlowFile,23B]; routing to relationship simple
[pool-2927-thread-1] INFO org.apache.nifi.processors.standard.RouteText - RouteText[id=7eed8dc2-ebc4-49da-951a-9990a8cef519] Routing FlowFile[1210,94823993967514.mockFlowFile,23B] to original
[main] DEBUG org.apache.nifi.processors.standard.RouteText - RouteText[id=7eed8dc2-ebc4-49da-951a-9990a8cef519] Adding new dynamic property: PropertyDescriptor[simple]
[pool-2928-thread-1] INFO org.apache.nifi.processors.standard.RouteText - RouteText[id=7eed8dc2-ebc4-49da-951a-9990a8cef519] Created FlowFile[1213,94823994278487.mockFlowFile,23B] from FlowFile[1212,94823994278487.mockFlowFile,23B]; routing to relationship simple
[pool-2928-thread-1] INFO org.apache.nifi.processors.standard.RouteText - RouteText[id=7eed8dc2-ebc4-49da-951a-9990a8cef519] Routing FlowFile[1212,94823994278487.mockFlowFile,23B] to original
[main] DEBUG org.apache.nifi.processors.standard.RouteText - RouteText[id=7eed8dc2-ebc4-49da-951a-9990a8cef519] Adding new dynamic property: PropertyDescriptor[simple]
[pool-2929-thread-1] INFO org.apache.nifi.processors.standard.RouteText - RouteText[id=7eed8dc2-ebc4-49da-951a-9990a8cef519] Created FlowFile[1215,94823994585565.mockFlowFile,23B] from FlowFile[1214,94823994585565.mockFlowFile,23B]; routing to relationship simple
[pool-2929-thread-1] INFO org.apache.nifi.processors.standard.RouteText - RouteText[id=7eed8dc2-ebc4-49da-951a-9990a8cef519] Routing FlowFile[1214,94823994585565.mockFlowFile,23B] to original
[main] DEBUG org.apache.nifi.processors.standard.RouteText - RouteText[id=7eed8dc2-ebc4-49da-951a-9990a8cef519] Adding new dynamic property: PropertyDescriptor[simple]
[pool-2930-thread-1] INFO org.apache.nifi.processors.standard.RouteText - RouteText[id=7eed8dc2-ebc4-49da-951a-9990a8cef519] Created FlowFile[1217,94823994894294.mockFlowFile,23B] from FlowFile[1216,94823994894294.mockFlowFile,23B]; routing to relationship simple
[pool-2930-thread-1] INFO org.apache.nifi.processors.standard.RouteText - RouteText[id=7eed8dc2-ebc4-49da-951a-9990a8cef519] Routing FlowFile[1216,94823994894294.mockFlowFile,23B] to original
[main] DEBUG org.apache.nifi.processors.standard.RouteText - RouteText[id=7eed8dc2-ebc4-49da-951a-9990a8cef519] Adding new dynamic property: PropertyDescriptor[simple]
[pool-2931-thread-1] INFO org.apache.nifi.processors.standard.RouteText - RouteText[id=7eed8dc2-ebc4-49da-951a-9990a8cef519] Created FlowFile[1219,94823995303544.mockFlowFile,23B] from FlowFile[1218,94823995303544.mockFlowFile,23B]; routing to relationship simple
[pool-2931-thread-1] INFO org.apache.nifi.processors.standard.RouteText - RouteText[id=7eed8dc2-ebc4-49da-951a-9990a8cef519] Routing FlowFile[1218,94823995303544.mockFlowFile,23B] to original
[main] DEBUG org.apache.nifi.processors.standard.RouteText - RouteText[id=7eed8dc2-ebc4-49da-951a-9990a8cef519] Adding new dynamic property: PropertyDescriptor[simple]
[pool-2932-thread-1] INFO org.apache.nifi.processors.standard.RouteText - RouteText[id=7eed8dc2-ebc4-49da-951a-9990a8cef519] Created FlowFile[1221,94823995685321.mockFlowFile,23B] from FlowFile[1220,94823995685321.mockFlowFile,23B]; routing to relationship simple
[pool-2932-thread-1] INFO org.apache.nifi.processors.standard.RouteText - RouteText[id=7eed8dc2-ebc4-49da-951a-9990a8cef519] Routing FlowFile[1220,94823995685321.mockFlowFile,23B] to original
[main] DEBUG org.apache.nifi.processors.standard.RouteText - RouteText[id=7eed8dc2-ebc4-49da-951a-9990a8cef519] Adding new dynamic property: PropertyDescriptor[simple]
[pool-2933-thread-1] INFO org.apache.nifi.processors.standard.RouteText - RouteText[id=7eed8dc2-ebc4-49da-951a-9990a8cef519] Created FlowFile[1223,94823996027782.mockFlowFile,23B] from FlowFile[1222,94823996027782.mockFlowFile,23B]; routing to relationship simple
[pool-2933-thread-1] INFO org.apache.nifi.processors.standard.RouteText - RouteText[id=7eed8dc2-ebc4-49da-951a-9990a8cef519] Routing FlowFile[1222,94823996027782.mockFlowFile,23B] to original
[main] DEBUG org.apache.nifi.processors.standard.RouteText - RouteText[id=7eed8dc2-ebc4-49da-951a-9990a8cef519] Adding new dynamic property: PropertyDescriptor[simple]
[pool-2934-thread-1] INFO org.apache.nifi.processors.standard.RouteText - RouteText[id=7eed8dc2-ebc4-49da-951a-9990a8cef519] Created FlowFile[1225,94823996483315.mockFlowFile,23B] from FlowFile[1224,94823996483315.mockFlowFile,23B]; routing to relationship simple
[pool-2934-thread-1] INFO org.apache.nifi.processors.standard.RouteText - RouteText[id=7eed8dc2-ebc4-49da-951a-9990a8cef519] Routing FlowFile[1224,94823996483315.mockFlowFile,23B] to original
[main] DEBUG org.apache.nifi.processors.standard.RouteText - RouteText[id=7eed8dc2-ebc4-49da-951a-9990a8cef519] Adding new dynamic property: PropertyDescriptor[simple]
[pool-2935-thread-1] INFO org.apache.nifi.processors.standard.RouteText - RouteText[id=7eed8dc2-ebc4-49da-951a-9990a8cef519] Created FlowFile[1227,94823996891786.mockFlowFile,23B] from FlowFile[1226,94823996891786.mockFlowFile,23B]; routing to relationship simple
[pool-2935-thread-1] INFO org.apache.nifi.processors.standard.RouteText - RouteText[id=7eed8dc2-ebc4-49da-951a-9990a8cef519] Routing FlowFile[1226,94823996891786.mockFlowFile,23B] to original
[main] DEBUG org.apache.nifi.processors.standard.RouteText - RouteText[id=7eed8dc2-ebc4-49da-951a-9990a8cef519] Adding new dynamic property: PropertyDescriptor[simple]
[pool-2936-thread-1] INFO org.apache.nifi.processors.standard.RouteText - RouteText[id=7eed8dc2-ebc4-49da-951a-9990a8cef519] Created FlowFile[1229,94823997277652.mockFlowFile,23B] from FlowFile[1228,94823997277652.mockFlowFile,23B]; routing to relationship simple
[pool-2936-thread-1] INFO org.apache.nifi.processors.standard.RouteText - RouteText[id=7eed8dc2-ebc4-49da-951a-9990a8cef519] Routing FlowFile[1228,94823997277652.mockFlowFile,23B] to original
[main] DEBUG org.apache.nifi.processors.standard.RouteText - RouteText[id=7eed8dc2-ebc4-49da-951a-9990a8cef519] Adding new dynamic property: PropertyDescriptor[simple]
[pool-2937-thread-1] INFO org.apache.nifi.processors.standard.RouteText - RouteText[id=7eed8dc2-ebc4-49da-951a-9990a8cef519] Created FlowFile[1231,94823997578004.mockFlowFile,23B] from FlowFile[1230,94823997578004.mockFlowFile,23B]; routing to relationship simple
[pool-2937-thread-1] INFO org.apache.nifi.processors.standard.RouteText - RouteText[id=7eed8dc2-ebc4-49da-951a-9990a8cef519] Routing FlowFile[1230,94823997578004.mockFlowFile,23B] to original
[main] DEBUG org.apache.nifi.processors.standard.RouteText - RouteText[id=7eed8dc2-ebc4-49da-951a-9990a8cef519] Adding new dynamic property: PropertyDescriptor[simple]
[pool-2938-thread-1] INFO org.apache.nifi.processors.standard.RouteText - RouteText[id=7eed8dc2-ebc4-49da-951a-9990a8cef519] Created FlowFile[1233,94823997882051.mockFlowFile,23B] from FlowFile[1232,94823997882051.mockFlowFile,23B]; routing to relationship simple
[pool-2938-thread-1] INFO org.apache.nifi.processors.standard.RouteText - RouteText[id=7eed8dc2-ebc4-49da-951a-9990a8cef519] Routing FlowFile[1232,94823997882051.mockFlowFile,23B] to original
[main] DEBUG org.apache.nifi.processors.standard.RouteText - RouteText[id=7eed8dc2-ebc4-49da-951a-9990a8cef519] Adding new dynamic property: PropertyDescriptor[simple]
[pool-2939-thread-1] INFO org.apache.nifi.processors.standard.RouteText - RouteText[id=7eed8dc2-ebc4-49da-951a-9990a8cef519] Created FlowFile[1235,94823998173125.mockFlowFile,23B] from FlowFile[1234,94823998173125.mockFlowFile,23B]; routing to relationship simple
[pool-2939-thread-1] INFO org.apache.nifi.processors.standard.RouteText - RouteText[id=7eed8dc2-ebc4-49da-951a-9990a8cef519] Routing FlowFile[1234,94823998173125.mockFlowFile,23B] to original
[main] DEBUG org.apache.nifi.processors.standard.RouteText - RouteText[id=7eed8dc2-ebc4-49da-951a-9990a8cef519] Adding new dynamic property: PropertyDescriptor[simple]
[pool-2940-thread-1] INFO org.apache.nifi.processors.standard.RouteText - RouteText[id=7eed8dc2-ebc4-49da-951a-9990a8cef519] Created FlowFile[1237,94823998512789.mockFlowFile,23B] from FlowFile[1236,94823998512789.mockFlowFile,23B]; routing to relationship simple
[pool-2940-thread-1] INFO org.apache.nifi.processors.standard.RouteText - RouteText[id=7eed8dc2-ebc4-49da-951a-9990a8cef519] Routing FlowFile[1236,94823998512789.mockFlowFile,23B] to original
[main] DEBUG org.apache.nifi.processors.standard.RouteText - RouteText[id=7eed8dc2-ebc4-49da-951a-9990a8cef519] Adding new dynamic property: PropertyDescriptor[simple]
[pool-2941-thread-1] INFO org.apache.nifi.processors.standard.RouteText - RouteText[id=7eed8dc2-ebc4-49da-951a-9990a8cef519] Created FlowFile[1239,94823998933037.mockFlowFile,23B] from FlowFile[1238,94823998933037.mockFlowFile,23B]; routing to relationship simple
[pool-2941-thread-1] INFO org.apache.nifi.processors.standard.RouteText - RouteText[id=7eed8dc2-ebc4-49da-951a-9990a8cef519] Routing FlowFile[1238,94823998933037.mockFlowFile,23B] to original
[main] DEBUG org.apache.nifi.processors.standard.RouteText - RouteText[id=7eed8dc2-ebc4-49da-951a-9990a8cef519] Adding new dynamic property: PropertyDescriptor[simple]
[pool-2942-thread-1] INFO org.apache.nifi.processors.standard.RouteText - RouteText[id=7eed8dc2-ebc4-49da-951a-9990a8cef519] Created FlowFile[1241,94823999314974.mockFlowFile,23B] from FlowFile[1240,94823999314974.mockFlowFile,23B]; routing to relationship simple
[pool-2942-thread-1] INFO org.apache.nifi.processors.standard.RouteText - RouteText[id=7eed8dc2-ebc4-49da-951a-9990a8cef519] Routing FlowFile[1240,94823999314974.mockFlowFile,23B] to original
[main] DEBUG org.apache.nifi.processors.standard.RouteText - RouteText[id=7eed8dc2-ebc4-49da-951a-9990a8cef519] Adding new dynamic property: PropertyDescriptor[simple]
[pool-2943-thread-1] INFO org.apache.nifi.processors.standard.RouteText - RouteText[id=7eed8dc2-ebc4-49da-951a-9990a8cef519] Created FlowFile[1243,94823999688505.mockFlowFile,23B] from FlowFile[1242,94823999688505.mockFlowFile,23B]; routing to relationship simple
[pool-2943-thread-1] INFO org.apache.nifi.processors.standard.RouteText - RouteText[id=7eed8dc2-ebc4-49da-951a-9990a8cef519] Routing FlowFile[1242,94823999688505.mockFlowFile,23B] to original
[main] DEBUG org.apache.nifi.processors.standard.RouteText - RouteText[id=7eed8dc2-ebc4-49da-951a-9990a8cef519] Adding new dynamic property: PropertyDescriptor[simple]
[pool-2944-thread-1] INFO org.apache.nifi.processors.standard.RouteText - RouteText[id=7eed8dc2-ebc4-49da-951a-9990a8cef519] Created FlowFile[1245,94824000070768.mockFlowFile,23B] from FlowFile[1244,94824000070768.mockFlowFile,23B]; routing to relationship simple
[pool-2944-thread-1] INFO org.apache.nifi.processors.standard.RouteText - RouteText[id=7eed8dc2-ebc4-49da-951a-9990a8cef519] Routing FlowFile[1244,94824000070768.mockFlowFile,23B] to original
[main] DEBUG org.apache.nifi.processors.standard.RouteText - RouteText[id=7eed8dc2-ebc4-49da-951a-9990a8cef519] Adding new dynamic property: PropertyDescriptor[simple]
[pool-2945-thread-1] INFO org.apache.nifi.processors.standard.RouteText - RouteText[id=7eed8dc2-ebc4-49da-951a-9990a8cef519] Created FlowFile[1247,94824000521694.mockFlowFile,23B] from FlowFile[1246,94824000521694.mockFlowFile,23B]; routing to relationship simple
[pool-2945-thread-1] INFO org.apache.nifi.processors.standard.RouteText - RouteText[id=7eed8dc2-ebc4-49da-951a-9990a8cef519] Routing FlowFile[1246,94824000521694.mockFlowFile,23B] to original
[main] DEBUG org.apache.nifi.processors.standard.RouteText - RouteText[id=7eed8dc2-ebc4-49da-951a-9990a8cef519] Adding new dynamic property: PropertyDescriptor[simple]
[pool-2946-thread-1] INFO org.apache.nifi.processors.standard.RouteText - RouteText[id=7eed8dc2-ebc4-49da-951a-9990a8cef519] Created FlowFile[1249,94824000977274.mockFlowFile,23B] from FlowFile[1248,94824000977274.mockFlowFile,23B]; routing to relationship simple
[pool-2946-thread-1] INFO org.apache.nifi.processors.standard.RouteText - RouteText[id=7eed8dc2-ebc4-49da-951a-9990a8cef519] Routing FlowFile[1248,94824000977274.mockFlowFile,23B] to original
[main] DEBUG org.apache.nifi.processors.standard.RouteText - RouteText[id=7eed8dc2-ebc4-49da-951a-9990a8cef519] Adding new dynamic property: PropertyDescriptor[simple]
[pool-2947-thread-1] INFO org.apache.nifi.processors.standard.RouteText - RouteText[id=7eed8dc2-ebc4-49da-951a-9990a8cef519] Created FlowFile[1251,94824001396564.mockFlowFile,23B] from FlowFile[1250,94824001396564.mockFlowFile,23B]; routing to relationship simple
[pool-2947-thread-1] INFO org.apache.nifi.processors.standard.RouteText - RouteText[id=7eed8dc2-ebc4-49da-951a-9990a8cef519] Routing FlowFile[1250,94824001396564.mockFlowFile,23B] to original
[main] DEBUG org.apache.nifi.processors.standard.RouteText - RouteText[id=7eed8dc2-ebc4-49da-951a-9990a8cef519] Adding new dynamic property: PropertyDescriptor[simple]
[pool-2948-thread-1] INFO org.apache.nifi.processors.standard.RouteText - RouteText[id=7eed8dc2-ebc4-49da-951a-9990a8cef519] Created FlowFile[1253,94824001812176.mockFlowFile,23B] from FlowFile[1252,94824001812176.mockFlowFile,23B]; routing to relationship simple
[pool-2948-thread-1] INFO org.apache.nifi.processors.standard.RouteText - RouteText[id=7eed8dc2-ebc4-49da-951a-9990a8cef519] Routing FlowFile[1252,94824001812176.mockFlowFile,23B] to original
[main] DEBUG org.apache.nifi.processors.standard.RouteText - RouteText[id=7eed8dc2-ebc4-49da-951a-9990a8cef519] Adding new dynamic property: PropertyDescriptor[simple]
[pool-2949-thread-1] INFO org.apache.nifi.processors.standard.RouteText - RouteText[id=7eed8dc2-ebc4-49da-951a-9990a8cef519] Created FlowFile[1255,94824002213765.mockFlowFile,23B] from FlowFile[1254,94824002213765.mockFlowFile,23B]; routing to relationship simple
[pool-2949-thread-1] INFO org.apache.nifi.processors.standard.RouteText - RouteText[id=7eed8dc2-ebc4-49da-951a-9990a8cef519] Routing FlowFile[1254,94824002213765.mockFlowFile,23B] to original
[main] DEBUG org.apache.nifi.processors.standard.RouteText - RouteText[id=7eed8dc2-ebc4-49da-951a-9990a8cef519] Adding new dynamic property: PropertyDescriptor[simple]
[pool-2950-thread-1] INFO org.apache.nifi.processors.standard.RouteText - RouteText[id=7eed8dc2-ebc4-49da-951a-9990a8cef519] Created FlowFile[1257,94824002660777.mockFlowFile,23B] from FlowFile[1256,94824002660777.mockFlowFile,23B]; routing to relationship simple
[pool-2950-thread-1] INFO org.apache.nifi.processors.standard.RouteText - RouteText[id=7eed8dc2-ebc4-49da-951a-9990a8cef519] Routing FlowFile[1256,94824002660777.mockFlowFile,23B] to original
[main] DEBUG org.apache.nifi.processors.standard.RouteText - RouteText[id=7eed8dc2-ebc4-49da-951a-9990a8cef519] Adding new dynamic property: PropertyDescriptor[simple]
[pool-2951-thread-1] INFO org.apache.nifi.processors.standard.RouteText - RouteText[id=7eed8dc2-ebc4-49da-951a-9990a8cef519] Created FlowFile[1259,94824003058585.mockFlowFile,23B] from FlowFile[1258,94824003058585.mockFlowFile,23B]; routing to relationship simple
[pool-2951-thread-1] INFO org.apache.nifi.processors.standard.RouteText - RouteText[id=7eed8dc2-ebc4-49da-951a-9990a8cef519] Routing FlowFile[1258,94824003058585.mockFlowFile,23B] to original
[main] DEBUG org.apache.nifi.processors.standard.RouteText - RouteText[id=7eed8dc2-ebc4-49da-951a-9990a8cef519] Adding new dynamic property: PropertyDescriptor[simple]
[pool-2952-thread-1] INFO org.apache.nifi.processors.standard.RouteText - RouteText[id=7eed8dc2-ebc4-49da-951a-9990a8cef519] Created FlowFile[1261,94824003439127.mockFlowFile,23B] from FlowFile[1260,94824003439127.mockFlowFile,23B]; routing to relationship simple
[pool-2952-thread-1] INFO org.apache.nifi.processors.standard.RouteText - RouteText[id=7eed8dc2-ebc4-49da-951a-9990a8cef519] Routing FlowFile[1260,94824003439127.mockFlowFile,23B] to original
[main] DEBUG org.apache.nifi.processors.standard.RouteText - RouteText[id=7eed8dc2-ebc4-49da-951a-9990a8cef519] Adding new dynamic property: PropertyDescriptor[simple]
[pool-2953-thread-1] INFO org.apache.nifi.processors.standard.RouteText - RouteText[id=7eed8dc2-ebc4-49da-951a-9990a8cef519] Created FlowFile[1263,94824003817553.mockFlowFile,23B] from FlowFile[1262,94824003817553.mockFlowFile,23B]; routing to relationship simple
[pool-2953-thread-1] INFO org.apache.nifi.processors.standard.RouteText - RouteText[id=7eed8dc2-ebc4-49da-951a-9990a8cef519] Routing FlowFile[1262,94824003817553.mockFlowFile,23B] to original
[main] DEBUG org.apache.nifi.processors.standard.RouteText - RouteText[id=7eed8dc2-ebc4-49da-951a-9990a8cef519] Adding new dynamic property: PropertyDescriptor[simple]
[pool-2954-thread-1] INFO org.apache.nifi.processors.standard.RouteText - RouteText[id=7eed8dc2-ebc4-49da-951a-9990a8cef519] Created FlowFile[1265,94824004209004.mockFlowFile,23B] from FlowFile[1264,94824004209004.mockFlowFile,23B]; routing to relationship simple
[pool-2954-thread-1] INFO org.apache.nifi.processors.standard.RouteText - RouteText[id=7eed8dc2-ebc4-49da-951a-9990a8cef519] Routing FlowFile[1264,94824004209004.mockFlowFile,23B] to original
[main] DEBUG org.apache.nifi.processors.standard.RouteText - RouteText[id=7eed8dc2-ebc4-49da-951a-9990a8cef519] Adding new dynamic property: PropertyDescriptor[simple]
[pool-2955-thread-1] INFO org.apache.nifi.processors.standard.RouteText - RouteText[id=7eed8dc2-ebc4-49da-951a-9990a8cef519] Created FlowFile[1267,94824004597925.mockFlowFile,23B] from FlowFile[1266,94824004597925.mockFlowFile,23B]; routing to relationship simple
[pool-2955-thread-1] INFO org.apache.nifi.processors.standard.RouteText - RouteText[id=7eed8dc2-ebc4-49da-951a-9990a8cef519] Routing FlowFile[1266,94824004597925.mockFlowFile,23B] to original
[main] DEBUG org.apache.nifi.processors.standard.RouteText - RouteText[id=7eed8dc2-ebc4-49da-951a-9990a8cef519] Adding new dynamic property: PropertyDescriptor[simple]
[pool-2956-thread-1] INFO org.apache.nifi.processors.standard.RouteText - RouteText[id=7eed8dc2-ebc4-49da-951a-9990a8cef519] Created FlowFile[1269,94824004993868.mockFlowFile,23B] from FlowFile[1268,94824004993868.mockFlowFile,23B]; routing to relationship simple
[pool-2956-thread-1] INFO org.apache.nifi.processors.standard.RouteText - RouteText[id=7eed8dc2-ebc4-49da-951a-9990a8cef519] Routing FlowFile[1268,94824004993868.mockFlowFile,23B] to original
[main] DEBUG org.apache.nifi.processors.standard.RouteText - RouteText[id=7eed8dc2-ebc4-49da-951a-9990a8cef519] Adding new dynamic property: PropertyDescriptor[simple]
[pool-2957-thread-1] INFO org.apache.nifi.processors.standard.RouteText - RouteText[id=7eed8dc2-ebc4-49da-951a-9990a8cef519] Created FlowFile[1271,94824005379804.mockFlowFile,23B] from FlowFile[1270,94824005379804.mockFlowFile,23B]; routing to relationship simple
[pool-2957-thread-1] INFO org.apache.nifi.processors.standard.RouteText - RouteText[id=7eed8dc2-ebc4-49da-951a-9990a8cef519] Routing FlowFile[1270,94824005379804.mockFlowFile,23B] to original
[main] DEBUG org.apache.nifi.processors.standard.RouteText - RouteText[id=7eed8dc2-ebc4-49da-951a-9990a8cef519] Adding new dynamic property: PropertyDescriptor[simple]
[pool-2958-thread-1] INFO org.apache.nifi.processors.standard.RouteText - RouteText[id=7eed8dc2-ebc4-49da-951a-9990a8cef519] Created FlowFile[1273,94824005795749.mockFlowFile,23B] from FlowFile[1272,94824005795749.mockFlowFile,23B]; routing to relationship simple
[pool-2958-thread-1] INFO org.apache.nifi.processors.standard.RouteText - RouteText[id=7eed8dc2-ebc4-49da-951a-9990a8cef519] Routing FlowFile[1272,94824005795749.mockFlowFile,23B] to original
[main] DEBUG org.apache.nifi.processors.standard.RouteText - RouteText[id=7eed8dc2-ebc4-49da-951a-9990a8cef519] Adding new dynamic property: PropertyDescriptor[simple]
[pool-2959-thread-1] INFO org.apache.nifi.processors.standard.RouteText - RouteText[id=7eed8dc2-ebc4-49da-951a-9990a8cef519] Created FlowFile[1275,94824006240248.mockFlowFile,23B] from FlowFile[1274,94824006240248.mockFlowFile,23B]; routing to relationship simple
[pool-2959-thread-1] INFO org.apache.nifi.processors.standard.RouteText - RouteText[id=7eed8dc2-ebc4-49da-951a-9990a8cef519] Routing FlowFile[1274,94824006240248.mockFlowFile,23B] to original
[main] DEBUG org.apache.nifi.processors.standard.RouteText - RouteText[id=7eed8dc2-ebc4-49da-951a-9990a8cef519] Adding new dynamic property: PropertyDescriptor[simple]
[pool-2960-thread-1] INFO org.apache.nifi.processors.standard.RouteText - RouteText[id=7eed8dc2-ebc4-49da-951a-9990a8cef519] Created FlowFile[1277,94824006672027.mockFlowFile,23B] from FlowFile[1276,94824006672027.mockFlowFile,23B]; routing to relationship simple
[pool-2960-thread-1] INFO org.apache.nifi.processors.standard.RouteText - RouteText[id=7eed8dc2-ebc4-49da-951a-9990a8cef519] Routing FlowFile[1276,94824006672027.mockFlowFile,23B] to original
[main] DEBUG org.apache.nifi.processors.standard.RouteText - RouteText[id=7eed8dc2-ebc4-49da-951a-9990a8cef519] Adding new dynamic property: PropertyDescriptor[simple]
[pool-2961-thread-1] INFO org.apache.nifi.processors.standard.RouteText - RouteText[id=7eed8dc2-ebc4-49da-951a-9990a8cef519] Created FlowFile[1279,94824007128914.mockFlowFile,23B] from FlowFile[1278,94824007128914.mockFlowFile,23B]; routing to relationship simple
[pool-2961-thread-1] INFO org.apache.nifi.processors.standard.RouteText - RouteText[id=7eed8dc2-ebc4-49da-951a-9990a8cef519] Routing FlowFile[1278,94824007128914.mockFlowFile,23B] to original
[main] DEBUG org.apache.nifi.processors.standard.RouteText - RouteText[id=7eed8dc2-ebc4-49da-951a-9990a8cef519] Adding new dynamic property: PropertyDescriptor[simple]
[pool-2962-thread-1] INFO org.apache.nifi.processors.standard.RouteText - RouteText[id=7eed8dc2-ebc4-49da-951a-9990a8cef519] Created FlowFile[1281,94824007702458.mockFlowFile,23B] from FlowFile[1280,94824007702458.mockFlowFile,23B]; routing to relationship simple
[pool-2962-thread-1] INFO org.apache.nifi.processors.standard.RouteText - RouteText[id=7eed8dc2-ebc4-49da-951a-9990a8cef519] Routing FlowFile[1280,94824007702458.mockFlowFile,23B] to original
[main] DEBUG org.apache.nifi.processors.standard.RouteText - RouteText[id=7eed8dc2-ebc4-49da-951a-9990a8cef519] Adding new dynamic property: PropertyDescriptor[simple]
[pool-2963-thread-1] INFO org.apache.nifi.processors.standard.RouteText - RouteText[id=7eed8dc2-ebc4-49da-951a-9990a8cef519] Created FlowFile[1283,94824008795026.mockFlowFile,23B] from FlowFile[1282,94824008795026.mockFlowFile,23B]; routing to relationship simple
[pool-2963-thread-1] INFO org.apache.nifi.processors.standard.RouteText - RouteText[id=7eed8dc2-ebc4-49da-951a-9990a8cef519] Routing FlowFile[1282,94824008795026.mockFlowFile,23B] to original
[main] DEBUG org.apache.nifi.processors.standard.RouteText - RouteText[id=7eed8dc2-ebc4-49da-951a-9990a8cef519] Adding new dynamic property: PropertyDescriptor[simple]
[pool-2964-thread-1] INFO org.apache.nifi.processors.standard.RouteText - RouteText[id=7eed8dc2-ebc4-49da-951a-9990a8cef519] Created FlowFile[1285,94824009337603.mockFlowFile,23B] from FlowFile[1284,94824009337603.mockFlowFile,23B]; routing to relationship simple
[pool-2964-thread-1] INFO org.apache.nifi.processors.standard.RouteText - RouteText[id=7eed8dc2-ebc4-49da-951a-9990a8cef519] Routing FlowFile[1284,94824009337603.mockFlowFile,23B] to original
[main] DEBUG org.apache.nifi.processors.standard.RouteText - RouteText[id=7eed8dc2-ebc4-49da-951a-9990a8cef519] Adding new dynamic property: PropertyDescriptor[simple]
[pool-2965-thread-1] INFO org.apache.nifi.processors.standard.RouteText - RouteText[id=7eed8dc2-ebc4-49da-951a-9990a8cef519] Created FlowFile[1287,94824009786386.mockFlowFile,23B] from FlowFile[1286,94824009786386.mockFlowFile,23B]; routing to relationship simple
[pool-2965-thread-1] INFO org.apache.nifi.processors.standard.RouteText - RouteText[id=7eed8dc2-ebc4-49da-951a-9990a8cef519] Routing FlowFile[1286,94824009786386.mockFlowFile,23B] to original
[main] DEBUG org.apache.nifi.processors.standard.RouteText - RouteText[id=7eed8dc2-ebc4-49da-951a-9990a8cef519] Adding new dynamic property: PropertyDescriptor[simple]
[pool-2966-thread-1] INFO org.apache.nifi.processors.standard.RouteText - RouteText[id=7eed8dc2-ebc4-49da-951a-9990a8cef519] Created FlowFile[1289,94824010222534.mockFlowFile,23B] from FlowFile[1288,94824010222534.mockFlowFile,23B]; routing to relationship simple
[pool-2966-thread-1] INFO org.apache.nifi.processors.standard.RouteText - RouteText[id=7eed8dc2-ebc4-49da-951a-9990a8cef519] Routing FlowFile[1288,94824010222534.mockFlowFile,23B] to original
[main] DEBUG org.apache.nifi.processors.standard.RouteText - RouteText[id=7eed8dc2-ebc4-49da-951a-9990a8cef519] Adding new dynamic property: PropertyDescriptor[simple]
[pool-2967-thread-1] INFO org.apache.nifi.processors.standard.RouteText - RouteText[id=7eed8dc2-ebc4-49da-951a-9990a8cef519] Created FlowFile[1291,94824010686015.mockFlowFile,23B] from FlowFile[1290,94824010686015.mockFlowFile,23B]; routing to relationship simple
[pool-2967-thread-1] INFO org.apache.nifi.processors.standard.RouteText - RouteText[id=7eed8dc2-ebc4-49da-951a-9990a8cef519] Routing FlowFile[1290,94824010686015.mockFlowFile,23B] to original
[main] DEBUG org.apache.nifi.processors.standard.RouteText - RouteText[id=7eed8dc2-ebc4-49da-951a-9990a8cef519] Adding new dynamic property: PropertyDescriptor[simple]
[pool-2968-thread-1] INFO org.apache.nifi.processors.standard.RouteText - RouteText[id=7eed8dc2-ebc4-49da-951a-9990a8cef519] Created FlowFile[1293,94824011119973.mockFlowFile,23B] from FlowFile[1292,94824011119973.mockFlowFile,23B]; routing to relationship simple
[pool-2968-thread-1] INFO org.apache.nifi.processors.standard.RouteText - RouteText[id=7eed8dc2-ebc4-49da-951a-9990a8cef519] Routing FlowFile[1292,94824011119973.mockFlowFile,23B] to original
[main] DEBUG org.apache.nifi.processors.standard.RouteText - RouteText[id=7eed8dc2-ebc4-49da-951a-9990a8cef519] Adding new dynamic property: PropertyDescriptor[simple]
[pool-2969-thread-1] INFO org.apache.nifi.processors.standard.RouteText - RouteText[id=7eed8dc2-ebc4-49da-951a-9990a8cef519] Created FlowFile[1295,94824011555388.mockFlowFile,23B] from FlowFile[1294,94824011555388.mockFlowFile,23B]; routing to relationship simple
[pool-2969-thread-1] INFO org.apache.nifi.processors.standard.RouteText - RouteText[id=7eed8dc2-ebc4-49da-951a-9990a8cef519] Routing FlowFile[1294,94824011555388.mockFlowFile,23B] to original
[main] DEBUG org.apache.nifi.processors.standard.RouteText - RouteText[id=7eed8dc2-ebc4-49da-951a-9990a8cef519] Adding new dynamic property: PropertyDescriptor[simple]
[pool-2970-thread-1] INFO org.apache.nifi.processors.standard.RouteText - RouteText[id=7eed8dc2-ebc4-49da-951a-9990a8cef519] Created FlowFile[1297,94824012020983.mockFlowFile,23B] from FlowFile[1296,94824012020983.mockFlowFile,23B]; routing to relationship simple
[pool-2970-thread-1] INFO org.apache.nifi.processors.standard.RouteText - RouteText[id=7eed8dc2-ebc4-49da-951a-9990a8cef519] Routing FlowFile[1296,94824012020983.mockFlowFile,23B] to original
[main] DEBUG org.apache.nifi.processors.standard.RouteText - RouteText[id=7eed8dc2-ebc4-49da-951a-9990a8cef519] Adding new dynamic property: PropertyDescriptor[simple]
[pool-2971-thread-1] INFO org.apache.nifi.processors.standard.RouteText - RouteText[id=7eed8dc2-ebc4-49da-951a-9990a8cef519] Created FlowFile[1299,94824012483632.mockFlowFile,23B] from FlowFile[1298,94824012483632.mockFlowFile,23B]; routing to relationship simple
[pool-2971-thread-1] INFO org.apache.nifi.processors.standard.RouteText - RouteText[id=7eed8dc2-ebc4-49da-951a-9990a8cef519] Routing FlowFile[1298,94824012483632.mockFlowFile,23B] to original
[main] DEBUG org.apache.nifi.processors.standard.RouteText - RouteText[id=7eed8dc2-ebc4-49da-951a-9990a8cef519] Adding new dynamic property: PropertyDescriptor[simple]
[pool-2972-thread-1] INFO org.apache.nifi.processors.standard.RouteText - RouteText[id=7eed8dc2-ebc4-49da-951a-9990a8cef519] Created FlowFile[1301,94824012935514.mockFlowFile,23B] from FlowFile[1300,94824012935514.mockFlowFile,23B]; routing to relationship simple
[pool-2972-thread-1] INFO org.apache.nifi.processors.standard.RouteText - RouteText[id=7eed8dc2-ebc4-49da-951a-9990a8cef519] Routing FlowFile[1300,94824012935514.mockFlowFile,23B] to original
[main] DEBUG org.apache.nifi.processors.standard.RouteText - RouteText[id=7eed8dc2-ebc4-49da-951a-9990a8cef519] Adding new dynamic property: PropertyDescriptor[simple]
[pool-2973-thread-1] INFO org.apache.nifi.processors.standard.RouteText - RouteText[id=7eed8dc2-ebc4-49da-951a-9990a8cef519] Created FlowFile[1303,94824013371167.mockFlowFile,23B] from FlowFile[1302,94824013371167.mockFlowFile,23B]; routing to relationship simple
[pool-2973-thread-1] INFO org.apache.nifi.processors.standard.RouteText - RouteText[id=7eed8dc2-ebc4-49da-951a-9990a8cef519] Routing FlowFile[1302,94824013371167.mockFlowFile,23B] to original
[main] DEBUG org.apache.nifi.processors.standard.RouteText - RouteText[id=7eed8dc2-ebc4-49da-951a-9990a8cef519] Adding new dynamic property: PropertyDescriptor[simple]
[pool-2974-thread-1] INFO org.apache.nifi.processors.standard.RouteText - RouteText[id=7eed8dc2-ebc4-49da-951a-9990a8cef519] Created FlowFile[1305,94824013785984.mockFlowFile,23B] from FlowFile[1304,94824013785984.mockFlowFile,23B]; routing to relationship simple
[pool-2974-thread-1] INFO org.apache.nifi.processors.standard.RouteText - RouteText[id=7eed8dc2-ebc4-49da-951a-9990a8cef519] Routing FlowFile[1304,94824013785984.mockFlowFile,23B] to original
[main] DEBUG org.apache.nifi.processors.standard.RouteText - RouteText[id=7eed8dc2-ebc4-49da-951a-9990a8cef519] Adding new dynamic property: PropertyDescriptor[simple]
[pool-2975-thread-1] INFO org.apache.nifi.processors.standard.RouteText - RouteText[id=7eed8dc2-ebc4-49da-951a-9990a8cef519] Created FlowFile[1307,94824014207040.mockFlowFile,23B] from FlowFile[1306,94824014207040.mockFlowFile,23B]; routing to relationship simple
[pool-2975-thread-1] INFO org.apache.nifi.processors.standard.RouteText - RouteText[id=7eed8dc2-ebc4-49da-951a-9990a8cef519] Routing FlowFile[1306,94824014207040.mockFlowFile,23B] to original
[main] DEBUG org.apache.nifi.processors.standard.RouteText - RouteText[id=7eed8dc2-ebc4-49da-951a-9990a8cef519] Adding new dynamic property: PropertyDescriptor[simple]
[pool-2976-thread-1] INFO org.apache.nifi.processors.standard.RouteText - RouteText[id=7eed8dc2-ebc4-49da-951a-9990a8cef519] Created FlowFile[1309,94824014643801.mockFlowFile,23B] from FlowFile[1308,94824014643801.mockFlowFile,23B]; routing to relationship simple
[pool-2976-thread-1] INFO org.apache.nifi.processors.standard.RouteText - RouteText[id=7eed8dc2-ebc4-49da-951a-9990a8cef519] Routing FlowFile[1308,94824014643801.mockFlowFile,23B] to original
[main] DEBUG org.apache.nifi.processors.standard.RouteText - RouteText[id=7eed8dc2-ebc4-49da-951a-9990a8cef519] Adding new dynamic property: PropertyDescriptor[simple]
[pool-2977-thread-1] INFO org.apache.nifi.processors.standard.RouteText - RouteText[id=7eed8dc2-ebc4-49da-951a-9990a8cef519] Created FlowFile[1311,94824015053174.mockFlowFile,23B] from FlowFile[1310,94824015053174.mockFlowFile,23B]; routing to relationship simple
[pool-2977-thread-1] INFO org.apache.nifi.processors.standard.RouteText - RouteText[id=7eed8dc2-ebc4-49da-951a-9990a8cef519] Routing FlowFile[1310,94824015053174.mockFlowFile,23B] to original
[main] DEBUG org.apache.nifi.processors.standard.RouteText - RouteText[id=7eed8dc2-ebc4-49da-951a-9990a8cef519] Adding new dynamic property: PropertyDescriptor[simple]
[pool-2978-thread-1] INFO org.apache.nifi.processors.standard.RouteText - RouteText[id=7eed8dc2-ebc4-49da-951a-9990a8cef519] Created FlowFile[1313,94824015500804.mockFlowFile,23B] from FlowFile[1312,94824015500804.mockFlowFile,23B]; routing to relationship simple
[pool-2978-thread-1] INFO org.apache.nifi.processors.standard.RouteText - RouteText[id=7eed8dc2-ebc4-49da-951a-9990a8cef519] Routing FlowFile[1312,94824015500804.mockFlowFile,23B] to original
[main] DEBUG org.apache.nifi.processors.standard.RouteText - RouteText[id=7eed8dc2-ebc4-49da-951a-9990a8cef519] Adding new dynamic property: PropertyDescriptor[simple]
[pool-2979-thread-1] INFO org.apache.nifi.processors.standard.RouteText - RouteText[id=7eed8dc2-ebc4-49da-951a-9990a8cef519] Created FlowFile[1315,94824015927661.mockFlowFile,23B] from FlowFile[1314,94824015927661.mockFlowFile,23B]; routing to relationship simple
[pool-2979-thread-1] INFO org.apache.nifi.processors.standard.RouteText - RouteText[id=7eed8dc2-ebc4-49da-951a-9990a8cef519] Routing FlowFile[1314,94824015927661.mockFlowFile,23B] to original
[main] DEBUG org.apache.nifi.processors.standard.RouteText - RouteText[id=7eed8dc2-ebc4-49da-951a-9990a8cef519] Adding new dynamic property: PropertyDescriptor[simple]
[pool-2980-thread-1] INFO org.apache.nifi.processors.standard.RouteText - RouteText[id=7eed8dc2-ebc4-49da-951a-9990a8cef519] Created FlowFile[1317,94824016404950.mockFlowFile,23B] from FlowFile[1316,94824016404950.mockFlowFile,23B]; routing to relationship simple
[pool-2980-thread-1] INFO org.apache.nifi.processors.standard.RouteText - RouteText[id=7eed8dc2-ebc4-49da-951a-9990a8cef519] Routing FlowFile[1316,94824016404950.mockFlowFile,23B] to original
[main] DEBUG org.apache.nifi.processors.standard.RouteText - RouteText[id=7eed8dc2-ebc4-49da-951a-9990a8cef519] Adding new dynamic property: PropertyDescriptor[simple]
[pool-2981-thread-1] INFO org.apache.nifi.processors.standard.RouteText - RouteText[id=7eed8dc2-ebc4-49da-951a-9990a8cef519] Created FlowFile[1319,94824016853644.mockFlowFile,23B] from FlowFile[1318,94824016853644.mockFlowFile,23B]; routing to relationship simple
[pool-2981-thread-1] INFO org.apache.nifi.processors.standard.RouteText - RouteText[id=7eed8dc2-ebc4-49da-951a-9990a8cef519] Routing FlowFile[1318,94824016853644.mockFlowFile,23B] to original
[main] DEBUG org.apache.nifi.processors.standard.RouteText - RouteText[id=7eed8dc2-ebc4-49da-951a-9990a8cef519] Adding new dynamic property: PropertyDescriptor[simple]
[pool-2982-thread-1] INFO org.apache.nifi.processors.standard.RouteText - RouteText[id=7eed8dc2-ebc4-49da-951a-9990a8cef519] Created FlowFile[1321,94824017287236.mockFlowFile,23B] from FlowFile[1320,94824017287236.mockFlowFile,23B]; routing to relationship simple
[pool-2982-thread-1] INFO org.apache.nifi.processors.standard.RouteText - RouteText[id=7eed8dc2-ebc4-49da-951a-9990a8cef519] Routing FlowFile[1320,94824017287236.mockFlowFile,23B] to original
[main] DEBUG org.apache.nifi.processors.standard.RouteText - RouteText[id=7eed8dc2-ebc4-49da-951a-9990a8cef519] Adding new dynamic property: PropertyDescriptor[simple]
[pool-2983-thread-1] INFO org.apache.nifi.processors.standard.RouteText - RouteText[id=7eed8dc2-ebc4-49da-951a-9990a8cef519] Created FlowFile[1323,94824017720010.mockFlowFile,23B] from FlowFile[1322,94824017720010.mockFlowFile,23B]; routing to relationship simple
[pool-2983-thread-1] INFO org.apache.nifi.processors.standard.RouteText - RouteText[id=7eed8dc2-ebc4-49da-951a-9990a8cef519] Routing FlowFile[1322,94824017720010.mockFlowFile,23B] to original
[main] DEBUG org.apache.nifi.processors.standard.RouteText - RouteText[id=7eed8dc2-ebc4-49da-951a-9990a8cef519] Adding new dynamic property: PropertyDescriptor[simple]
[pool-2984-thread-1] INFO org.apache.nifi.processors.standard.RouteText - RouteText[id=7eed8dc2-ebc4-49da-951a-9990a8cef519] Created FlowFile[1325,94824018149845.mockFlowFile,23B] from FlowFile[1324,94824018149845.mockFlowFile,23B]; routing to relationship simple
[pool-2984-thread-1] INFO org.apache.nifi.processors.standard.RouteText - RouteText[id=7eed8dc2-ebc4-49da-951a-9990a8cef519] Routing FlowFile[1324,94824018149845.mockFlowFile,23B] to original
[main] DEBUG org.apache.nifi.processors.standard.RouteText - RouteText[id=7eed8dc2-ebc4-49da-951a-9990a8cef519] Adding new dynamic property: PropertyDescriptor[simple]
[pool-2985-thread-1] INFO org.apache.nifi.processors.standard.RouteText - RouteText[id=7eed8dc2-ebc4-49da-951a-9990a8cef519] Created FlowFile[1327,94824018562192.mockFlowFile,23B] from FlowFile[1326,94824018562192.mockFlowFile,23B]; routing to relationship simple
[pool-2985-thread-1] INFO org.apache.nifi.processors.standard.RouteText - RouteText[id=7eed8dc2-ebc4-49da-951a-9990a8cef519] Routing FlowFile[1326,94824018562192.mockFlowFile,23B] to original
[main] DEBUG org.apache.nifi.processors.standard.RouteText - RouteText[id=7eed8dc2-ebc4-49da-951a-9990a8cef519] Adding new dynamic property: PropertyDescriptor[simple]
[pool-2986-thread-1] INFO org.apache.nifi.processors.standard.RouteText - RouteText[id=7eed8dc2-ebc4-49da-951a-9990a8cef519] Created FlowFile[1329,94824018975848.mockFlowFile,23B] from FlowFile[1328,94824018975848.mockFlowFile,23B]; routing to relationship simple
[pool-2986-thread-1] INFO org.apache.nifi.processors.standard.RouteText - RouteText[id=7eed8dc2-ebc4-49da-951a-9990a8cef519] Routing FlowFile[1328,94824018975848.mockFlowFile,23B] to original
[main] DEBUG org.apache.nifi.processors.standard.RouteText - RouteText[id=7eed8dc2-ebc4-49da-951a-9990a8cef519] Adding new dynamic property: PropertyDescriptor[simple]
[pool-2987-thread-1] INFO org.apache.nifi.processors.standard.RouteText - RouteText[id=7eed8dc2-ebc4-49da-951a-9990a8cef519] Created FlowFile[1331,94824019398741.mockFlowFile,23B] from FlowFile[1330,94824019398741.mockFlowFile,23B]; routing to relationship simple
[pool-2987-thread-1] INFO org.apache.nifi.processors.standard.RouteText - RouteText[id=7eed8dc2-ebc4-49da-951a-9990a8cef519] Routing FlowFile[1330,94824019398741.mockFlowFile,23B] to original
[main] DEBUG org.apache.nifi.processors.standard.RouteText - RouteText[id=7eed8dc2-ebc4-49da-951a-9990a8cef519] Adding new dynamic property: PropertyDescriptor[simple]
[pool-2988-thread-1] INFO org.apache.nifi.processors.standard.RouteText - RouteText[id=7eed8dc2-ebc4-49da-951a-9990a8cef519] Created FlowFile[1333,94824019810068.mockFlowFile,23B] from FlowFile[1332,94824019810068.mockFlowFile,23B]; routing to relationship simple
[pool-2988-thread-1] INFO org.apache.nifi.processors.standard.RouteText - RouteText[id=7eed8dc2-ebc4-49da-951a-9990a8cef519] Routing FlowFile[1332,94824019810068.mockFlowFile,23B] to original
[main] DEBUG org.apache.nifi.processors.standard.RouteText - RouteText[id=7eed8dc2-ebc4-49da-951a-9990a8cef519] Adding new dynamic property: PropertyDescriptor[simple]
[pool-2989-thread-1] INFO org.apache.nifi.processors.standard.RouteText - RouteText[id=7eed8dc2-ebc4-49da-951a-9990a8cef519] Created FlowFile[1335,94824020227928.mockFlowFile,23B] from FlowFile[1334,94824020227928.mockFlowFile,23B]; routing to relationship simple
[pool-2989-thread-1] INFO org.apache.nifi.processors.standard.RouteText - RouteText[id=7eed8dc2-ebc4-49da-951a-9990a8cef519] Routing FlowFile[1334,94824020227928.mockFlowFile,23B] to original
[main] DEBUG org.apache.nifi.processors.standard.RouteText - RouteText[id=7eed8dc2-ebc4-49da-951a-9990a8cef519] Adding new dynamic property: PropertyDescriptor[simple]
[pool-2990-thread-1] INFO org.apache.nifi.processors.standard.RouteText - RouteText[id=7eed8dc2-ebc4-49da-951a-9990a8cef519] Created FlowFile[1337,94824020614707.mockFlowFile,23B] from FlowFile[1336,94824020614707.mockFlowFile,23B]; routing to relationship simple
[pool-2990-thread-1] INFO org.apache.nifi.processors.standard.RouteText - RouteText[id=7eed8dc2-ebc4-49da-951a-9990a8cef519] Routing FlowFile[1336,94824020614707.mockFlowFile,23B] to original
[main] DEBUG org.apache.nifi.processors.standard.RouteText - RouteText[id=7eed8dc2-ebc4-49da-951a-9990a8cef519] Adding new dynamic property: PropertyDescriptor[simple]
[pool-2991-thread-1] INFO org.apache.nifi.processors.standard.RouteText - RouteText[id=7eed8dc2-ebc4-49da-951a-9990a8cef519] Created FlowFile[1339,94824021018915.mockFlowFile,23B] from FlowFile[1338,94824021018915.mockFlowFile,23B]; routing to relationship simple
[pool-2991-thread-1] INFO org.apache.nifi.processors.standard.RouteText - RouteText[id=7eed8dc2-ebc4-49da-951a-9990a8cef519] Routing FlowFile[1338,94824021018915.mockFlowFile,23B] to original
[main] DEBUG org.apache.nifi.processors.standard.RouteText - RouteText[id=7eed8dc2-ebc4-49da-951a-9990a8cef519] Adding new dynamic property: PropertyDescriptor[simple]
[pool-2992-thread-1] INFO org.apache.nifi.processors.standard.RouteText - RouteText[id=7eed8dc2-ebc4-49da-951a-9990a8cef519] Created FlowFile[1341,94824021399421.mockFlowFile,23B] from FlowFile[1340,94824021399421.mockFlowFile,23B]; routing to relationship simple
[pool-2992-thread-1] INFO org.apache.nifi.processors.standard.RouteText - RouteText[id=7eed8dc2-ebc4-49da-951a-9990a8cef519] Routing FlowFile[1340,94824021399421.mockFlowFile,23B] to original
[main] DEBUG org.apache.nifi.processors.standard.RouteText - RouteText[id=7eed8dc2-ebc4-49da-951a-9990a8cef519] Adding new dynamic property: PropertyDescriptor[simple]
[pool-2993-thread-1] INFO org.apache.nifi.processors.standard.RouteText - RouteText[id=7eed8dc2-ebc4-49da-951a-9990a8cef519] Created FlowFile[1343,94824021778558.mockFlowFile,23B] from FlowFile[1342,94824021778558.mockFlowFile,23B]; routing to relationship simple
[pool-2993-thread-1] INFO org.apache.nifi.processors.standard.RouteText - RouteText[id=7eed8dc2-ebc4-49da-951a-9990a8cef519] Routing FlowFile[1342,94824021778558.mockFlowFile,23B] to original
[main] DEBUG org.apache.nifi.processors.standard.RouteText - RouteText[id=7eed8dc2-ebc4-49da-951a-9990a8cef519] Adding new dynamic property: PropertyDescriptor[simple]
[pool-2994-thread-1] INFO org.apache.nifi.processors.standard.RouteText - RouteText[id=7eed8dc2-ebc4-49da-951a-9990a8cef519] Created FlowFile[1345,94824022164477.mockFlowFile,23B] from FlowFile[1344,94824022164477.mockFlowFile,23B]; routing to relationship simple
[pool-2994-thread-1] INFO org.apache.nifi.processors.standard.RouteText - RouteText[id=7eed8dc2-ebc4-49da-951a-9990a8cef519] Routing FlowFile[1344,94824022164477.mockFlowFile,23B] to original
[main] DEBUG org.apache.nifi.processors.standard.RouteText - RouteText[id=7eed8dc2-ebc4-49da-951a-9990a8cef519] Adding new dynamic property: PropertyDescriptor[simple]
[pool-2995-thread-1] INFO org.apache.nifi.processors.standard.RouteText - RouteText[id=7eed8dc2-ebc4-49da-951a-9990a8cef519] Created FlowFile[1347,94824022551130.mockFlowFile,23B] from FlowFile[1346,94824022551130.mockFlowFile,23B]; routing to relationship simple
[pool-2995-thread-1] INFO org.apache.nifi.processors.standard.RouteText - RouteText[id=7eed8dc2-ebc4-49da-951a-9990a8cef519] Routing FlowFile[1346,94824022551130.mockFlowFile,23B] to original
[main] DEBUG org.apache.nifi.processors.standard.RouteText - RouteText[id=7eed8dc2-ebc4-49da-951a-9990a8cef519] Adding new dynamic property: PropertyDescriptor[simple]
[pool-2996-thread-1] INFO org.apache.nifi.processors.standard.RouteText - RouteText[id=7eed8dc2-ebc4-49da-951a-9990a8cef519] Created FlowFile[1349,94824022954749.mockFlowFile,23B] from FlowFile[1348,94824022954749.mockFlowFile,23B]; routing to relationship simple
[pool-2996-thread-1] INFO org.apache.nifi.processors.standard.RouteText - RouteText[id=7eed8dc2-ebc4-49da-951a-9990a8cef519] Routing FlowFile[1348,94824022954749.mockFlowFile,23B] to original
[main] DEBUG org.apache.nifi.processors.standard.RouteText - RouteText[id=7eed8dc2-ebc4-49da-951a-9990a8cef519] Adding new dynamic property: PropertyDescriptor[simple]
[pool-2997-thread-1] INFO org.apache.nifi.processors.standard.RouteText - RouteText[id=7eed8dc2-ebc4-49da-951a-9990a8cef519] Created FlowFile[1351,94824023410505.mockFlowFile,23B] from FlowFile[1350,94824023410505.mockFlowFile,23B]; routing to relationship simple
[pool-2997-thread-1] INFO org.apache.nifi.processors.standard.RouteText - RouteText[id=7eed8dc2-ebc4-49da-951a-9990a8cef519] Routing FlowFile[1350,94824023410505.mockFlowFile,23B] to original
[main] DEBUG org.apache.nifi.processors.standard.RouteText - RouteText[id=7eed8dc2-ebc4-49da-951a-9990a8cef519] Adding new dynamic property: PropertyDescriptor[simple]
[pool-2998-thread-1] INFO org.apache.nifi.processors.standard.RouteText - RouteText[id=7eed8dc2-ebc4-49da-951a-9990a8cef519] Created FlowFile[1353,94824023809022.mockFlowFile,23B] from FlowFile[1352,94824023809022.mockFlowFile,23B]; routing to relationship simple
[pool-2998-thread-1] INFO org.apache.nifi.processors.standard.RouteText - RouteText[id=7eed8dc2-ebc4-49da-951a-9990a8cef519] Routing FlowFile[1352,94824023809022.mockFlowFile,23B] to original
[main] DEBUG org.apache.nifi.processors.standard.RouteText - RouteText[id=7eed8dc2-ebc4-49da-951a-9990a8cef519] Adding new dynamic property: PropertyDescriptor[simple]
[pool-2999-thread-1] INFO org.apache.nifi.processors.standard.RouteText - RouteText[id=7eed8dc2-ebc4-49da-951a-9990a8cef519] Created FlowFile[1355,94824024206529.mockFlowFile,23B] from FlowFile[1354,94824024206529.mockFlowFile,23B]; routing to relationship simple
[pool-2999-thread-1] INFO org.apache.nifi.processors.standard.RouteText - RouteText[id=7eed8dc2-ebc4-49da-951a-9990a8cef519] Routing FlowFile[1354,94824024206529.mockFlowFile,23B] to original
[main] DEBUG org.apache.nifi.processors.standard.RouteText - RouteText[id=7eed8dc2-ebc4-49da-951a-9990a8cef519] Adding new dynamic property: PropertyDescriptor[simple]
[pool-3000-thread-1] INFO org.apache.nifi.processors.standard.RouteText - RouteText[id=7eed8dc2-ebc4-49da-951a-9990a8cef519] Created FlowFile[1357,94824024609585.mockFlowFile,23B] from FlowFile[1356,94824024609585.mockFlowFile,23B]; routing to relationship simple
[pool-3000-thread-1] INFO org.apache.nifi.processors.standard.RouteText - RouteText[id=7eed8dc2-ebc4-49da-951a-9990a8cef519] Routing FlowFile[1356,94824024609585.mockFlowFile,23B] to original
[main] DEBUG org.apache.nifi.processors.standard.RouteText - RouteText[id=7eed8dc2-ebc4-49da-951a-9990a8cef519] Adding new dynamic property: PropertyDescriptor[simple]
[pool-3001-thread-1] INFO org.apache.nifi.processors.standard.RouteText - RouteText[id=7eed8dc2-ebc4-49da-951a-9990a8cef519] Created FlowFile[1359,94824025257367.mockFlowFile,23B] from FlowFile[1358,94824025257367.mockFlowFile,23B]; routing to relationship simple
[pool-3001-thread-1] INFO org.apache.nifi.processors.standard.RouteText - RouteText[id=7eed8dc2-ebc4-49da-951a-9990a8cef519] Routing FlowFile[1358,94824025257367.mockFlowFile,23B] to original
[main] DEBUG org.apache.nifi.processors.standard.RouteText - RouteText[id=7eed8dc2-ebc4-49da-951a-9990a8cef519] Adding new dynamic property: PropertyDescriptor[simple]
[pool-3002-thread-1] INFO org.apache.nifi.processors.standard.RouteText - RouteText[id=7eed8dc2-ebc4-49da-951a-9990a8cef519] Created FlowFile[1361,94824025768378.mockFlowFile,23B] from FlowFile[1360,94824025768378.mockFlowFile,23B]; routing to relationship simple
[pool-3002-thread-1] INFO org.apache.nifi.processors.standard.RouteText - RouteText[id=7eed8dc2-ebc4-49da-951a-9990a8cef519] Routing FlowFile[1360,94824025768378.mockFlowFile,23B] to original
[main] DEBUG org.apache.nifi.processors.standard.RouteText - RouteText[id=7eed8dc2-ebc4-49da-951a-9990a8cef519] Adding new dynamic property: PropertyDescriptor[simple]
[pool-3003-thread-1] INFO org.apache.nifi.processors.standard.RouteText - RouteText[id=7eed8dc2-ebc4-49da-951a-9990a8cef519] Created FlowFile[1363,94824026195342.mockFlowFile,23B] from FlowFile[1362,94824026195342.mockFlowFile,23B]; routing to relationship simple
[pool-3003-thread-1] INFO org.apache.nifi.processors.standard.RouteText - RouteText[id=7eed8dc2-ebc4-49da-951a-9990a8cef519] Routing FlowFile[1362,94824026195342.mockFlowFile,23B] to original
[main] DEBUG org.apache.nifi.processors.standard.RouteText - RouteText[id=7eed8dc2-ebc4-49da-951a-9990a8cef519] Adding new dynamic property: PropertyDescriptor[simple]
[pool-3004-thread-1] INFO org.apache.nifi.processors.standard.RouteText - RouteText[id=7eed8dc2-ebc4-49da-951a-9990a8cef519] Created FlowFile[1365,94824026618314.mockFlowFile,23B] from FlowFile[1364,94824026618314.mockFlowFile,23B]; routing to relationship simple
[pool-3004-thread-1] INFO org.apache.nifi.processors.standard.RouteText - RouteText[id=7eed8dc2-ebc4-49da-951a-9990a8cef519] Routing FlowFile[1364,94824026618314.mockFlowFile,23B] to original
[main] DEBUG org.apache.nifi.processors.standard.RouteText - RouteText[id=7eed8dc2-ebc4-49da-951a-9990a8cef519] Adding new dynamic property: PropertyDescriptor[simple]
[pool-3005-thread-1] INFO org.apache.nifi.processors.standard.RouteText - RouteText[id=7eed8dc2-ebc4-49da-951a-9990a8cef519] Created FlowFile[1367,94824027016011.mockFlowFile,23B] from FlowFile[1366,94824027016011.mockFlowFile,23B]; routing to relationship simple
[pool-3005-thread-1] INFO org.apache.nifi.processors.standard.RouteText - RouteText[id=7eed8dc2-ebc4-49da-951a-9990a8cef519] Routing FlowFile[1366,94824027016011.mockFlowFile,23B] to original
[main] DEBUG org.apache.nifi.processors.standard.RouteText - RouteText[id=7eed8dc2-ebc4-49da-951a-9990a8cef519] Adding new dynamic property: PropertyDescriptor[simple]
[pool-3006-thread-1] INFO org.apache.nifi.processors.standard.RouteText - RouteText[id=7eed8dc2-ebc4-49da-951a-9990a8cef519] Created FlowFile[1369,94824027400172.mockFlowFile,23B] from FlowFile[1368,94824027400172.mockFlowFile,23B]; routing to relationship simple
[pool-3006-thread-1] INFO org.apache.nifi.processors.standard.RouteText - RouteText[id=7eed8dc2-ebc4-49da-951a-9990a8cef519] Routing FlowFile[1368,94824027400172.mockFlowFile,23B] to original
[main] DEBUG org.apache.nifi.processors.standard.RouteText - RouteText[id=7eed8dc2-ebc4-49da-951a-9990a8cef519] Adding new dynamic property: PropertyDescriptor[simple]
[pool-3007-thread-1] INFO org.apache.nifi.processors.standard.RouteText - RouteText[id=7eed8dc2-ebc4-49da-951a-9990a8cef519] Created FlowFile[1371,94824027801249.mockFlowFile,23B] from FlowFile[1370,94824027801249.mockFlowFile,23B]; routing to relationship simple
[pool-3007-thread-1] INFO org.apache.nifi.processors.standard.RouteText - RouteText[id=7eed8dc2-ebc4-49da-951a-9990a8cef519] Routing FlowFile[1370,94824027801249.mockFlowFile,23B] to original
[main] DEBUG org.apache.nifi.processors.standard.RouteText - RouteText[id=7eed8dc2-ebc4-49da-951a-9990a8cef519] Adding new dynamic property: PropertyDescriptor[simple]
[pool-3008-thread-1] INFO org.apache.nifi.processors.standard.RouteText - RouteText[id=7eed8dc2-ebc4-49da-951a-9990a8cef519] Created FlowFile[1373,94824028217430.mockFlowFile,23B] from FlowFile[1372,94824028217430.mockFlowFile,23B]; routing to relationship simple
[pool-3008-thread-1] INFO org.apache.nifi.processors.standard.RouteText - RouteText[id=7eed8dc2-ebc4-49da-951a-9990a8cef519] Routing FlowFile[1372,94824028217430.mockFlowFile,23B] to original
[main] DEBUG org.apache.nifi.processors.standard.RouteText - RouteText[id=7eed8dc2-ebc4-49da-951a-9990a8cef519] Adding new dynamic property: PropertyDescriptor[simple]
[pool-3009-thread-1] INFO org.apache.nifi.processors.standard.RouteText - RouteText[id=7eed8dc2-ebc4-49da-951a-9990a8cef519] Created FlowFile[1375,94824028634839.mockFlowFile,23B] from FlowFile[1374,94824028634839.mockFlowFile,23B]; routing to relationship simple
[pool-3009-thread-1] INFO org.apache.nifi.processors.standard.RouteText - RouteText[id=7eed8dc2-ebc4-49da-951a-9990a8cef519] Routing FlowFile[1374,94824028634839.mockFlowFile,23B] to original
[main] DEBUG org.apache.nifi.processors.standard.RouteText - RouteText[id=7eed8dc2-ebc4-49da-951a-9990a8cef519] Adding new dynamic property: PropertyDescriptor[simple]
[pool-3010-thread-1] INFO org.apache.nifi.processors.standard.RouteText - RouteText[id=7eed8dc2-ebc4-49da-951a-9990a8cef519] Created FlowFile[1377,94824029060331.mockFlowFile,23B] from FlowFile[1376,94824029060331.mockFlowFile,23B]; routing to relationship simple
[pool-3010-thread-1] INFO org.apache.nifi.processors.standard.RouteText - RouteText[id=7eed8dc2-ebc4-49da-951a-9990a8cef519] Routing FlowFile[1376,94824029060331.mockFlowFile,23B] to original
[main] DEBUG org.apache.nifi.processors.standard.RouteText - RouteText[id=7eed8dc2-ebc4-49da-951a-9990a8cef519] Adding new dynamic property: PropertyDescriptor[simple]
[pool-3011-thread-1] INFO org.apache.nifi.processors.standard.RouteText - RouteText[id=7eed8dc2-ebc4-49da-951a-9990a8cef519] Created FlowFile[1379,94824029482798.mockFlowFile,23B] from FlowFile[1378,94824029482798.mockFlowFile,23B]; routing to relationship simple
[pool-3011-thread-1] INFO org.apache.nifi.processors.standard.RouteText - RouteText[id=7eed8dc2-ebc4-49da-951a-9990a8cef519] Routing FlowFile[1378,94824029482798.mockFlowFile,23B] to original
[main] DEBUG org.apache.nifi.processors.standard.RouteText - RouteText[id=7eed8dc2-ebc4-49da-951a-9990a8cef519] Adding new dynamic property: PropertyDescriptor[simple]
[pool-3012-thread-1] INFO org.apache.nifi.processors.standard.RouteText - RouteText[id=7eed8dc2-ebc4-49da-951a-9990a8cef519] Created FlowFile[1381,94824029905296.mockFlowFile,23B] from FlowFile[1380,94824029905296.mockFlowFile,23B]; routing to relationship simple
[pool-3012-thread-1] INFO org.apache.nifi.processors.standard.RouteText - RouteText[id=7eed8dc2-ebc4-49da-951a-9990a8cef519] Routing FlowFile[1380,94824029905296.mockFlowFile,23B] to original
[main] DEBUG org.apache.nifi.processors.standard.RouteText - RouteText[id=7eed8dc2-ebc4-49da-951a-9990a8cef519] Adding new dynamic property: PropertyDescriptor[simple]
[pool-3013-thread-1] INFO org.apache.nifi.processors.standard.RouteText - RouteText[id=7eed8dc2-ebc4-49da-951a-9990a8cef519] Created FlowFile[1383,94824030319865.mockFlowFile,23B] from FlowFile[1382,94824030319865.mockFlowFile,23B]; routing to relationship simple
[pool-3013-thread-1] INFO org.apache.nifi.processors.standard.RouteText - RouteText[id=7eed8dc2-ebc4-49da-951a-9990a8cef519] Routing FlowFile[1382,94824030319865.mockFlowFile,23B] to original
[main] DEBUG org.apache.nifi.processors.standard.RouteText - RouteText[id=7eed8dc2-ebc4-49da-951a-9990a8cef519] Adding new dynamic property: PropertyDescriptor[simple]
[pool-3014-thread-1] INFO org.apache.nifi.processors.standard.RouteText - RouteText[id=7eed8dc2-ebc4-49da-951a-9990a8cef519] Created FlowFile[1385,94824030702250.mockFlowFile,23B] from FlowFile[1384,94824030702250.mockFlowFile,23B]; routing to relationship simple
[pool-3014-thread-1] INFO org.apache.nifi.processors.standard.RouteText - RouteText[id=7eed8dc2-ebc4-49da-951a-9990a8cef519] Routing FlowFile[1384,94824030702250.mockFlowFile,23B] to original
[main] DEBUG org.apache.nifi.processors.standard.RouteText - RouteText[id=7eed8dc2-ebc4-49da-951a-9990a8cef519] Adding new dynamic property: PropertyDescriptor[simple]
[pool-3015-thread-1] INFO org.apache.nifi.processors.standard.RouteText - RouteText[id=7eed8dc2-ebc4-49da-951a-9990a8cef519] Created FlowFile[1387,94824031102834.mockFlowFile,23B] from FlowFile[1386,94824031102834.mockFlowFile,23B]; routing to relationship simple
[pool-3015-thread-1] INFO org.apache.nifi.processors.standard.RouteText - RouteText[id=7eed8dc2-ebc4-49da-951a-9990a8cef519] Routing FlowFile[1386,94824031102834.mockFlowFile,23B] to original
[main] DEBUG org.apache.nifi.processors.standard.RouteText - RouteText[id=7eed8dc2-ebc4-49da-951a-9990a8cef519] Adding new dynamic property: PropertyDescriptor[simple]
[pool-3016-thread-1] INFO org.apache.nifi.processors.standard.RouteText - RouteText[id=7eed8dc2-ebc4-49da-951a-9990a8cef519] Created FlowFile[1389,94824031511739.mockFlowFile,23B] from FlowFile[1388,94824031511739.mockFlowFile,23B]; routing to relationship simple
[pool-3016-thread-1] INFO org.apache.nifi.processors.standard.RouteText - RouteText[id=7eed8dc2-ebc4-49da-951a-9990a8cef519] Routing FlowFile[1388,94824031511739.mockFlowFile,23B] to original
[main] DEBUG org.apache.nifi.processors.standard.RouteText - RouteText[id=7eed8dc2-ebc4-49da-951a-9990a8cef519] Adding new dynamic property: PropertyDescriptor[simple]
[pool-3017-thread-1] INFO org.apache.nifi.processors.standard.RouteText - RouteText[id=7eed8dc2-ebc4-49da-951a-9990a8cef519] Created FlowFile[1391,94824031908133.mockFlowFile,23B] from FlowFile[1390,94824031908133.mockFlowFile,23B]; routing to relationship simple
[pool-3017-thread-1] INFO org.apache.nifi.processors.standard.RouteText - RouteText[id=7eed8dc2-ebc4-49da-951a-9990a8cef519] Routing FlowFile[1390,94824031908133.mockFlowFile,23B] to original
[main] DEBUG org.apache.nifi.processors.standard.RouteText - RouteText[id=7eed8dc2-ebc4-49da-951a-9990a8cef519] Adding new dynamic property: PropertyDescriptor[simple]
[pool-3018-thread-1] INFO org.apache.nifi.processors.standard.RouteText - RouteText[id=7eed8dc2-ebc4-49da-951a-9990a8cef519] Created FlowFile[1393,94824032347469.mockFlowFile,23B] from FlowFile[1392,94824032347469.mockFlowFile,23B]; routing to relationship simple
[pool-3018-thread-1] INFO org.apache.nifi.processors.standard.RouteText - RouteText[id=7eed8dc2-ebc4-49da-951a-9990a8cef519] Routing FlowFile[1392,94824032347469.mockFlowFile,23B] to original
[main] DEBUG org.apache.nifi.processors.standard.RouteText - RouteText[id=7eed8dc2-ebc4-49da-951a-9990a8cef519] Adding new dynamic property: PropertyDescriptor[simple]
[pool-3019-thread-1] INFO org.apache.nifi.processors.standard.RouteText - RouteText[id=7eed8dc2-ebc4-49da-951a-9990a8cef519] Created FlowFile[1395,94824032759897.mockFlowFile,23B] from FlowFile[1394,94824032759897.mockFlowFile,23B]; routing to relationship simple
[pool-3019-thread-1] INFO org.apache.nifi.processors.standard.RouteText - RouteText[id=7eed8dc2-ebc4-49da-951a-9990a8cef519] Routing FlowFile[1394,94824032759897.mockFlowFile,23B] to original
[main] DEBUG org.apache.nifi.processors.standard.RouteText - RouteText[id=7eed8dc2-ebc4-49da-951a-9990a8cef519] Adding new dynamic property: PropertyDescriptor[simple]
[pool-3020-thread-1] INFO org.apache.nifi.processors.standard.RouteText - RouteText[id=7eed8dc2-ebc4-49da-951a-9990a8cef519] Created FlowFile[1397,94824033160090.mockFlowFile,23B] from FlowFile[1396,94824033160090.mockFlowFile,23B]; routing to relationship simple
[pool-3020-thread-1] INFO org.apache.nifi.processors.standard.RouteText - RouteText[id=7eed8dc2-ebc4-49da-951a-9990a8cef519] Routing FlowFile[1396,94824033160090.mockFlowFile,23B] to original
[main] DEBUG org.apache.nifi.processors.standard.RouteText - RouteText[id=7eed8dc2-ebc4-49da-951a-9990a8cef519] Adding new dynamic property: PropertyDescriptor[simple]
[pool-3021-thread-1] INFO org.apache.nifi.processors.standard.RouteText - RouteText[id=7eed8dc2-ebc4-49da-951a-9990a8cef519] Created FlowFile[1399,94824033552184.mockFlowFile,23B] from FlowFile[1398,94824033552184.mockFlowFile,23B]; routing to relationship simple
[pool-3021-thread-1] INFO org.apache.nifi.processors.standard.RouteText - RouteText[id=7eed8dc2-ebc4-49da-951a-9990a8cef519] Routing FlowFile[1398,94824033552184.mockFlowFile,23B] to original
[main] DEBUG org.apache.nifi.processors.standard.RouteText - RouteText[id=7eed8dc2-ebc4-49da-951a-9990a8cef519] Adding new dynamic property: PropertyDescriptor[simple]
[pool-3022-thread-1] INFO org.apache.nifi.processors.standard.RouteText - RouteText[id=7eed8dc2-ebc4-49da-951a-9990a8cef519] Created FlowFile[1401,94824033940611.mockFlowFile,23B] from FlowFile[1400,94824033940611.mockFlowFile,23B]; routing to relationship simple
[pool-3022-thread-1] INFO org.apache.nifi.processors.standard.RouteText - RouteText[id=7eed8dc2-ebc4-49da-951a-9990a8cef519] Routing FlowFile[1400,94824033940611.mockFlowFile,23B] to original
[main] DEBUG org.apache.nifi.processors.standard.RouteText - RouteText[id=7eed8dc2-ebc4-49da-951a-9990a8cef519] Adding new dynamic property: PropertyDescriptor[simple]
[pool-3023-thread-1] INFO org.apache.nifi.processors.standard.RouteText - RouteText[id=7eed8dc2-ebc4-49da-951a-9990a8cef519] Created FlowFile[1403,94824034327014.mockFlowFile,23B] from FlowFile[1402,94824034327014.mockFlowFile,23B]; routing to relationship simple
[pool-3023-thread-1] INFO org.apache.nifi.processors.standard.RouteText - RouteText[id=7eed8dc2-ebc4-49da-951a-9990a8cef519] Routing FlowFile[1402,94824034327014.mockFlowFile,23B] to original
[main] DEBUG org.apache.nifi.processors.standard.RouteText - RouteText[id=7eed8dc2-ebc4-49da-951a-9990a8cef519] Adding new dynamic property: PropertyDescriptor[simple]
[pool-3024-thread-1] INFO org.apache.nifi.processors.standard.RouteText - RouteText[id=7eed8dc2-ebc4-49da-951a-9990a8cef519] Created FlowFile[1405,94824034697341.mockFlowFile,23B] from FlowFile[1404,94824034697341.mockFlowFile,23B]; routing to relationship simple
[pool-3024-thread-1] INFO org.apache.nifi.processors.standard.RouteText - RouteText[id=7eed8dc2-ebc4-49da-951a-9990a8cef519] Routing FlowFile[1404,94824034697341.mockFlowFile,23B] to original
[main] DEBUG org.apache.nifi.processors.standard.RouteText - RouteText[id=7eed8dc2-ebc4-49da-951a-9990a8cef519] Adding new dynamic property: PropertyDescriptor[simple]
[pool-3025-thread-1] INFO org.apache.nifi.processors.standard.RouteText - RouteText[id=7eed8dc2-ebc4-49da-951a-9990a8cef519] Created FlowFile[1407,94824035065420.mockFlowFile,23B] from FlowFile[1406,94824035065420.mockFlowFile,23B]; routing to relationship simple
[pool-3025-thread-1] INFO org.apache.nifi.processors.standard.RouteText - RouteText[id=7eed8dc2-ebc4-49da-951a-9990a8cef519] Routing FlowFile[1406,94824035065420.mockFlowFile,23B] to original
[main] DEBUG org.apache.nifi.processors.standard.RouteText - RouteText[id=7eed8dc2-ebc4-49da-951a-9990a8cef519] Adding new dynamic property: PropertyDescriptor[simple]
[pool-3026-thread-1] INFO org.apache.nifi.processors.standard.RouteText - RouteText[id=7eed8dc2-ebc4-49da-951a-9990a8cef519] Created FlowFile[1409,94824035606142.mockFlowFile,23B] from FlowFile[1408,94824035606142.mockFlowFile,23B]; routing to relationship simple
[pool-3026-thread-1] INFO org.apache.nifi.processors.standard.RouteText - RouteText[id=7eed8dc2-ebc4-49da-951a-9990a8cef519] Routing FlowFile[1408,94824035606142.mockFlowFile,23B] to original
[main] DEBUG org.apache.nifi.processors.standard.RouteText - RouteText[id=7eed8dc2-ebc4-49da-951a-9990a8cef519] Adding new dynamic property: PropertyDescriptor[simple]
[pool-3027-thread-1] INFO org.apache.nifi.processors.standard.RouteText - RouteText[id=7eed8dc2-ebc4-49da-951a-9990a8cef519] Created FlowFile[1411,94824036154504.mockFlowFile,23B] from FlowFile[1410,94824036154504.mockFlowFile,23B]; routing to relationship simple
[pool-3027-thread-1] INFO org.apache.nifi.processors.standard.RouteText - RouteText[id=7eed8dc2-ebc4-49da-951a-9990a8cef519] Routing FlowFile[1410,94824036154504.mockFlowFile,23B] to original
[main] DEBUG org.apache.nifi.processors.standard.RouteText - RouteText[id=7eed8dc2-ebc4-49da-951a-9990a8cef519] Adding new dynamic property: PropertyDescriptor[simple]
[pool-3028-thread-1] INFO org.apache.nifi.processors.standard.RouteText - RouteText[id=7eed8dc2-ebc4-49da-951a-9990a8cef519] Created FlowFile[1413,94824036613530.mockFlowFile,23B] from FlowFile[1412,94824036613530.mockFlowFile,23B]; routing to relationship simple
[pool-3028-thread-1] INFO org.apache.nifi.processors.standard.RouteText - RouteText[id=7eed8dc2-ebc4-49da-951a-9990a8cef519] Routing FlowFile[1412,94824036613530.mockFlowFile,23B] to original
[main] DEBUG org.apache.nifi.processors.standard.RouteText - RouteText[id=7eed8dc2-ebc4-49da-951a-9990a8cef519] Adding new dynamic property: PropertyDescriptor[simple]
[pool-3029-thread-1] INFO org.apache.nifi.processors.standard.RouteText - RouteText[id=7eed8dc2-ebc4-49da-951a-9990a8cef519] Created FlowFile[1415,94824037107116.mockFlowFile,23B] from FlowFile[1414,94824037107116.mockFlowFile,23B]; routing to relationship simple
[pool-3029-thread-1] INFO org.apache.nifi.processors.standard.RouteText - RouteText[id=7eed8dc2-ebc4-49da-951a-9990a8cef519] Routing FlowFile[1414,94824037107116.mockFlowFile,23B] to original
[main] DEBUG org.apache.nifi.processors.standard.RouteText - RouteText[id=7eed8dc2-ebc4-49da-951a-9990a8cef519] Adding new dynamic property: PropertyDescriptor[simple]
[pool-3030-thread-1] INFO org.apache.nifi.processors.standard.RouteText - RouteText[id=7eed8dc2-ebc4-49da-951a-9990a8cef519] Created FlowFile[1417,94824037585451.mockFlowFile,23B] from FlowFile[1416,94824037585451.mockFlowFile,23B]; routing to relationship simple
[pool-3030-thread-1] INFO org.apache.nifi.processors.standard.RouteText - RouteText[id=7eed8dc2-ebc4-49da-951a-9990a8cef519] Routing FlowFile[1416,94824037585451.mockFlowFile,23B] to original
[main] DEBUG org.apache.nifi.processors.standard.RouteText - RouteText[id=7eed8dc2-ebc4-49da-951a-9990a8cef519] Adding new dynamic property: PropertyDescriptor[simple]
[pool-3031-thread-1] INFO org.apache.nifi.processors.standard.RouteText - RouteText[id=7eed8dc2-ebc4-49da-951a-9990a8cef519] Created FlowFile[1419,94824038018117.mockFlowFile,23B] from FlowFile[1418,94824038018117.mockFlowFile,23B]; routing to relationship simple
[pool-3031-thread-1] INFO org.apache.nifi.processors.standard.RouteText - RouteText[id=7eed8dc2-ebc4-49da-951a-9990a8cef519] Routing FlowFile[1418,94824038018117.mockFlowFile,23B] to original
[main] DEBUG org.apache.nifi.processors.standard.RouteText - RouteText[id=7eed8dc2-ebc4-49da-951a-9990a8cef519] Adding new dynamic property: PropertyDescriptor[simple]
[pool-3032-thread-1] INFO org.apache.nifi.processors.standard.RouteText - RouteText[id=7eed8dc2-ebc4-49da-951a-9990a8cef519] Created FlowFile[1421,94824038467695.mockFlowFile,23B] from FlowFile[1420,94824038467695.mockFlowFile,23B]; routing to relationship simple
[pool-3032-thread-1] INFO org.apache.nifi.processors.standard.RouteText - RouteText[id=7eed8dc2-ebc4-49da-951a-9990a8cef519] Routing FlowFile[1420,94824038467695.mockFlowFile,23B] to original
[main] DEBUG org.apache.nifi.processors.standard.RouteText - RouteText[id=7eed8dc2-ebc4-49da-951a-9990a8cef519] Adding new dynamic property: PropertyDescriptor[simple]
[pool-3033-thread-1] INFO org.apache.nifi.processors.standard.RouteText - RouteText[id=7eed8dc2-ebc4-49da-951a-9990a8cef519] Created FlowFile[1423,94824038898120.mockFlowFile,23B] from FlowFile[1422,94824038898120.mockFlowFile,23B]; routing to relationship simple
[pool-3033-thread-1] INFO org.apache.nifi.processors.standard.RouteText - RouteText[id=7eed8dc2-ebc4-49da-951a-9990a8cef519] Routing FlowFile[1422,94824038898120.mockFlowFile,23B] to original
[main] DEBUG org.apache.nifi.processors.standard.RouteText - RouteText[id=7eed8dc2-ebc4-49da-951a-9990a8cef519] Adding new dynamic property: PropertyDescriptor[simple]
[pool-3034-thread-1] INFO org.apache.nifi.processors.standard.RouteText - RouteText[id=7eed8dc2-ebc4-49da-951a-9990a8cef519] Created FlowFile[1425,94824039335828.mockFlowFile,23B] from FlowFile[1424,94824039335828.mockFlowFile,23B]; routing to relationship simple
[pool-3034-thread-1] INFO org.apache.nifi.processors.standard.RouteText - RouteText[id=7eed8dc2-ebc4-49da-951a-9990a8cef519] Routing FlowFile[1424,94824039335828.mockFlowFile,23B] to original
[main] DEBUG org.apache.nifi.processors.standard.RouteText - RouteText[id=7eed8dc2-ebc4-49da-951a-9990a8cef519] Adding new dynamic property: PropertyDescriptor[simple]
[pool-3035-thread-1] INFO org.apache.nifi.processors.standard.RouteText - RouteText[id=7eed8dc2-ebc4-49da-951a-9990a8cef519] Created FlowFile[1427,94824039749663.mockFlowFile,23B] from FlowFile[1426,94824039749663.mockFlowFile,23B]; routing to relationship simple
[pool-3035-thread-1] INFO org.apache.nifi.processors.standard.RouteText - RouteText[id=7eed8dc2-ebc4-49da-951a-9990a8cef519] Routing FlowFile[1426,94824039749663.mockFlowFile,23B] to original
[main] DEBUG org.apache.nifi.processors.standard.RouteText - RouteText[id=7eed8dc2-ebc4-49da-951a-9990a8cef519] Adding new dynamic property: PropertyDescriptor[simple]
[pool-3036-thread-1] INFO org.apache.nifi.processors.standard.RouteText - RouteText[id=7eed8dc2-ebc4-49da-951a-9990a8cef519] Created FlowFile[1429,94824040198554.mockFlowFile,23B] from FlowFile[1428,94824040198554.mockFlowFile,23B]; routing to relationship simple
[pool-3036-thread-1] INFO org.apache.nifi.processors.standard.RouteText - RouteText[id=7eed8dc2-ebc4-49da-951a-9990a8cef519] Routing FlowFile[1428,94824040198554.mockFlowFile,23B] to original
[main] DEBUG org.apache.nifi.processors.standard.RouteText - RouteText[id=7eed8dc2-ebc4-49da-951a-9990a8cef519] Adding new dynamic property: PropertyDescriptor[simple]
[pool-3037-thread-1] INFO org.apache.nifi.processors.standard.RouteText - RouteText[id=7eed8dc2-ebc4-49da-951a-9990a8cef519] Created FlowFile[1431,94824040694985.mockFlowFile,23B] from FlowFile[1430,94824040694985.mockFlowFile,23B]; routing to relationship simple
[pool-3037-thread-1] INFO org.apache.nifi.processors.standard.RouteText - RouteText[id=7eed8dc2-ebc4-49da-951a-9990a8cef519] Routing FlowFile[1430,94824040694985.mockFlowFile,23B] to original
[main] DEBUG org.apache.nifi.processors.standard.RouteText - RouteText[id=7eed8dc2-ebc4-49da-951a-9990a8cef519] Adding new dynamic property: PropertyDescriptor[simple]
[pool-3038-thread-1] INFO org.apache.nifi.processors.standard.RouteText - RouteText[id=7eed8dc2-ebc4-49da-951a-9990a8cef519] Created FlowFile[1433,94824041165753.mockFlowFile,23B] from FlowFile[1432,94824041165753.mockFlowFile,23B]; routing to relationship simple
[pool-3038-thread-1] INFO org.apache.nifi.processors.standard.RouteText - RouteText[id=7eed8dc2-ebc4-49da-951a-9990a8cef519] Routing FlowFile[1432,94824041165753.mockFlowFile,23B] to original
[main] DEBUG org.apache.nifi.processors.standard.RouteText - RouteText[id=7eed8dc2-ebc4-49da-951a-9990a8cef519] Adding new dynamic property: PropertyDescriptor[simple]
[pool-3039-thread-1] INFO org.apache.nifi.processors.standard.RouteText - RouteText[id=7eed8dc2-ebc4-49da-951a-9990a8cef519] Created FlowFile[1435,94824041597562.mockFlowFile,23B] from FlowFile[1434,94824041597562.mockFlowFile,23B]; routing to relationship simple
[pool-3039-thread-1] INFO org.apache.nifi.processors.standard.RouteText - RouteText[id=7eed8dc2-ebc4-49da-951a-9990a8cef519] Routing FlowFile[1434,94824041597562.mockFlowFile,23B] to original
[main] DEBUG org.apache.nifi.processors.standard.RouteText - RouteText[id=7eed8dc2-ebc4-49da-951a-9990a8cef519] Adding new dynamic property: PropertyDescriptor[simple]
[pool-3040-thread-1] INFO org.apache.nifi.processors.standard.RouteText - RouteText[id=7eed8dc2-ebc4-49da-951a-9990a8cef519] Created FlowFile[1437,94824042012990.mockFlowFile,23B] from FlowFile[1436,94824042012990.mockFlowFile,23B]; routing to relationship simple
[pool-3040-thread-1] INFO org.apache.nifi.processors.standard.RouteText - RouteText[id=7eed8dc2-ebc4-49da-951a-9990a8cef519] Routing FlowFile[1436,94824042012990.mockFlowFile,23B] to original
[main] DEBUG org.apache.nifi.processors.standard.RouteText - RouteText[id=7eed8dc2-ebc4-49da-951a-9990a8cef519] Adding new dynamic property: PropertyDescriptor[simple]
[pool-3041-thread-1] INFO org.apache.nifi.processors.standard.RouteText - RouteText[id=7eed8dc2-ebc4-49da-951a-9990a8cef519] Created FlowFile[1439,94824042431903.mockFlowFile,23B] from FlowFile[1438,94824042431903.mockFlowFile,23B]; routing to relationship simple
[pool-3041-thread-1] INFO org.apache.nifi.processors.standard.RouteText - RouteText[id=7eed8dc2-ebc4-49da-951a-9990a8cef519] Routing FlowFile[1438,94824042431903.mockFlowFile,23B] to original
[main] DEBUG org.apache.nifi.processors.standard.RouteText - RouteText[id=7eed8dc2-ebc4-49da-951a-9990a8cef519] Adding new dynamic property: PropertyDescriptor[simple]
[pool-3042-thread-1] INFO org.apache.nifi.processors.standard.RouteText - RouteText[id=7eed8dc2-ebc4-49da-951a-9990a8cef519] Created FlowFile[1441,94824042849647.mockFlowFile,23B] from FlowFile[1440,94824042849647.mockFlowFile,23B]; routing to relationship simple
[pool-3042-thread-1] INFO org.apache.nifi.processors.standard.RouteText - RouteText[id=7eed8dc2-ebc4-49da-951a-9990a8cef519] Routing FlowFile[1440,94824042849647.mockFlowFile,23B] to original
[main] DEBUG org.apache.nifi.processors.standard.RouteText - RouteText[id=7eed8dc2-ebc4-49da-951a-9990a8cef519] Adding new dynamic property: PropertyDescriptor[simple]
[pool-3043-thread-1] INFO org.apache.nifi.processors.standard.RouteText - RouteText[id=7eed8dc2-ebc4-49da-951a-9990a8cef519] Created FlowFile[1443,94824043381509.mockFlowFile,23B] from FlowFile[1442,94824043381509.mockFlowFile,23B]; routing to relationship simple
[pool-3043-thread-1] INFO org.apache.nifi.processors.standard.RouteText - RouteText[id=7eed8dc2-ebc4-49da-951a-9990a8cef519] Routing FlowFile[1442,94824043381509.mockFlowFile,23B] to original
[main] DEBUG org.apache.nifi.processors.standard.RouteText - RouteText[id=7eed8dc2-ebc4-49da-951a-9990a8cef519] Adding new dynamic property: PropertyDescriptor[simple]
[pool-3044-thread-1] INFO org.apache.nifi.processors.standard.RouteText - RouteText[id=7eed8dc2-ebc4-49da-951a-9990a8cef519] Created FlowFile[1445,94824043837834.mockFlowFile,23B] from FlowFile[1444,94824043837834.mockFlowFile,23B]; routing to relationship simple
[pool-3044-thread-1] INFO org.apache.nifi.processors.standard.RouteText - RouteText[id=7eed8dc2-ebc4-49da-951a-9990a8cef519] Routing FlowFile[1444,94824043837834.mockFlowFile,23B] to original
[main] DEBUG org.apache.nifi.processors.standard.RouteText - RouteText[id=7eed8dc2-ebc4-49da-951a-9990a8cef519] Adding new dynamic property: PropertyDescriptor[simple]
[pool-3045-thread-1] INFO org.apache.nifi.processors.standard.RouteText - RouteText[id=7eed8dc2-ebc4-49da-951a-9990a8cef519] Created FlowFile[1447,94824044478908.mockFlowFile,23B] from FlowFile[1446,94824044478908.mockFlowFile,23B]; routing to relationship simple
[pool-3045-thread-1] INFO org.apache.nifi.processors.standard.RouteText - RouteText[id=7eed8dc2-ebc4-49da-951a-9990a8cef519] Routing FlowFile[1446,94824044478908.mockFlowFile,23B] to original
[main] DEBUG org.apache.nifi.processors.standard.RouteText - RouteText[id=7eed8dc2-ebc4-49da-951a-9990a8cef519] Adding new dynamic property: PropertyDescriptor[simple]
[pool-3046-thread-1] INFO org.apache.nifi.processors.standard.RouteText - RouteText[id=7eed8dc2-ebc4-49da-951a-9990a8cef519] Created FlowFile[1449,94824044962746.mockFlowFile,23B] from FlowFile[1448,94824044962746.mockFlowFile,23B]; routing to relationship simple
[pool-3046-thread-1] INFO org.apache.nifi.processors.standard.RouteText - RouteText[id=7eed8dc2-ebc4-49da-951a-9990a8cef519] Routing FlowFile[1448,94824044962746.mockFlowFile,23B] to original
[main] DEBUG org.apache.nifi.processors.standard.RouteText - RouteText[id=7eed8dc2-ebc4-49da-951a-9990a8cef519] Adding new dynamic property: PropertyDescriptor[simple]
[pool-3047-thread-1] INFO org.apache.nifi.processors.standard.RouteText - RouteText[id=7eed8dc2-ebc4-49da-951a-9990a8cef519] Created FlowFile[1451,94824045457584.mockFlowFile,23B] from FlowFile[1450,94824045457584.mockFlowFile,23B]; routing to relationship simple
[pool-3047-thread-1] INFO org.apache.nifi.processors.standard.RouteText - RouteText[id=7eed8dc2-ebc4-49da-951a-9990a8cef519] Routing FlowFile[1450,94824045457584.mockFlowFile,23B] to original
[main] DEBUG org.apache.nifi.processors.standard.RouteText - RouteText[id=7eed8dc2-ebc4-49da-951a-9990a8cef519] Adding new dynamic property: PropertyDescriptor[simple]
[pool-3048-thread-1] INFO org.apache.nifi.processors.standard.RouteText - RouteText[id=7eed8dc2-ebc4-49da-951a-9990a8cef519] Created FlowFile[1453,94824045939749.mockFlowFile,23B] from FlowFile[1452,94824045939749.mockFlowFile,23B]; routing to relationship simple
[pool-3048-thread-1] INFO org.apache.nifi.processors.standard.RouteText - RouteText[id=7eed8dc2-ebc4-49da-951a-9990a8cef519] Routing FlowFile[1452,94824045939749.mockFlowFile,23B] to original
[main] DEBUG org.apache.nifi.processors.standard.RouteText - RouteText[id=7eed8dc2-ebc4-49da-951a-9990a8cef519] Adding new dynamic property: PropertyDescriptor[simple]
[pool-3049-thread-1] INFO org.apache.nifi.processors.standard.RouteText - RouteText[id=7eed8dc2-ebc4-49da-951a-9990a8cef519] Created FlowFile[1455,94824046389007.mockFlowFile,23B] from FlowFile[1454,94824046389007.mockFlowFile,23B]; routing to relationship simple
[pool-3049-thread-1] INFO org.apache.nifi.processors.standard.RouteText - RouteText[id=7eed8dc2-ebc4-49da-951a-9990a8cef519] Routing FlowFile[1454,94824046389007.mockFlowFile,23B] to original
[main] DEBUG org.apache.nifi.processors.standard.RouteText - RouteText[id=7eed8dc2-ebc4-49da-951a-9990a8cef519] Adding new dynamic property: PropertyDescriptor[simple]
[pool-3050-thread-1] INFO org.apache.nifi.processors.standard.RouteText - RouteText[id=7eed8dc2-ebc4-49da-951a-9990a8cef519] Created FlowFile[1457,94824046836694.mockFlowFile,23B] from FlowFile[1456,94824046836694.mockFlowFile,23B]; routing to relationship simple
[pool-3050-thread-1] INFO org.apache.nifi.processors.standard.RouteText - RouteText[id=7eed8dc2-ebc4-49da-951a-9990a8cef519] Routing FlowFile[1456,94824046836694.mockFlowFile,23B] to original
[main] DEBUG org.apache.nifi.processors.standard.RouteText - RouteText[id=7eed8dc2-ebc4-49da-951a-9990a8cef519] Adding new dynamic property: PropertyDescriptor[simple]
[pool-3051-thread-1] INFO org.apache.nifi.processors.standard.RouteText - RouteText[id=7eed8dc2-ebc4-49da-951a-9990a8cef519] Created FlowFile[1459,94824047288411.mockFlowFile,23B] from FlowFile[1458,94824047288411.mockFlowFile,23B]; routing to relationship simple
[pool-3051-thread-1] INFO org.apache.nifi.processors.standard.RouteText - RouteText[id=7eed8dc2-ebc4-49da-951a-9990a8cef519] Routing FlowFile[1458,94824047288411.mockFlowFile,23B] to original
[main] DEBUG org.apache.nifi.processors.standard.RouteText - RouteText[id=7eed8dc2-ebc4-49da-951a-9990a8cef519] Adding new dynamic property: PropertyDescriptor[simple]
[pool-3052-thread-1] INFO org.apache.nifi.processors.standard.RouteText - RouteText[id=7eed8dc2-ebc4-49da-951a-9990a8cef519] Created FlowFile[1461,94824047725187.mockFlowFile,23B] from FlowFile[1460,94824047725187.mockFlowFile,23B]; routing to relationship simple
[pool-3052-thread-1] INFO org.apache.nifi.processors.standard.RouteText - RouteText[id=7eed8dc2-ebc4-49da-951a-9990a8cef519] Routing FlowFile[1460,94824047725187.mockFlowFile,23B] to original
[main] DEBUG org.apache.nifi.processors.standard.RouteText - RouteText[id=7eed8dc2-ebc4-49da-951a-9990a8cef519] Adding new dynamic property: PropertyDescriptor[simple]
[pool-3053-thread-1] INFO org.apache.nifi.processors.standard.RouteText - RouteText[id=7eed8dc2-ebc4-49da-951a-9990a8cef519] Created FlowFile[1463,94824048153052.mockFlowFile,23B] from FlowFile[1462,94824048153052.mockFlowFile,23B]; routing to relationship simple
[pool-3053-thread-1] INFO org.apache.nifi.processors.standard.RouteText - RouteText[id=7eed8dc2-ebc4-49da-951a-9990a8cef519] Routing FlowFile[1462,94824048153052.mockFlowFile,23B] to original
[main] DEBUG org.apache.nifi.processors.standard.RouteText - RouteText[id=7eed8dc2-ebc4-49da-951a-9990a8cef519] Adding new dynamic property: PropertyDescriptor[simple]
[pool-3054-thread-1] INFO org.apache.nifi.processors.standard.RouteText - RouteText[id=7eed8dc2-ebc4-49da-951a-9990a8cef519] Created FlowFile[1465,94824048577412.mockFlowFile,23B] from FlowFile[1464,94824048577412.mockFlowFile,23B]; routing to relationship simple
[pool-3054-thread-1] INFO org.apache.nifi.processors.standard.RouteText - RouteText[id=7eed8dc2-ebc4-49da-951a-9990a8cef519] Routing FlowFile[1464,94824048577412.mockFlowFile,23B] to original
[main] DEBUG org.apache.nifi.processors.standard.RouteText - RouteText[id=7eed8dc2-ebc4-49da-951a-9990a8cef519] Adding new dynamic property: PropertyDescriptor[simple]
[pool-3055-thread-1] INFO org.apache.nifi.processors.standard.RouteText - RouteText[id=7eed8dc2-ebc4-49da-951a-9990a8cef519] Created FlowFile[1467,94824049035450.mockFlowFile,23B] from FlowFile[1466,94824049035450.mockFlowFile,23B]; routing to relationship simple
[pool-3055-thread-1] INFO org.apache.nifi.processors.standard.RouteText - RouteText[id=7eed8dc2-ebc4-49da-951a-9990a8cef519] Routing FlowFile[1466,94824049035450.mockFlowFile,23B] to original
[main] DEBUG org.apache.nifi.processors.standard.RouteText - RouteText[id=7eed8dc2-ebc4-49da-951a-9990a8cef519] Adding new dynamic property: PropertyDescriptor[simple]
[pool-3056-thread-1] INFO org.apache.nifi.processors.standard.RouteText - RouteText[id=7eed8dc2-ebc4-49da-951a-9990a8cef519] Created FlowFile[1469,94824049484959.mockFlowFile,23B] from FlowFile[1468,94824049484959.mockFlowFile,23B]; routing to relationship simple
[pool-3056-thread-1] INFO org.apache.nifi.processors.standard.RouteText - RouteText[id=7eed8dc2-ebc4-49da-951a-9990a8cef519] Routing FlowFile[1468,94824049484959.mockFlowFile,23B] to original
[main] DEBUG org.apache.nifi.processors.standard.RouteText - RouteText[id=7eed8dc2-ebc4-49da-951a-9990a8cef519] Adding new dynamic property: PropertyDescriptor[simple]
[pool-3057-thread-1] INFO org.apache.nifi.processors.standard.RouteText - RouteText[id=7eed8dc2-ebc4-49da-951a-9990a8cef519] Created FlowFile[1471,94824049927311.mockFlowFile,23B] from FlowFile[1470,94824049927311.mockFlowFile,23B]; routing to relationship simple
[pool-3057-thread-1] INFO org.apache.nifi.processors.standard.RouteText - RouteText[id=7eed8dc2-ebc4-49da-951a-9990a8cef519] Routing FlowFile[1470,94824049927311.mockFlowFile,23B] to original
[main] DEBUG org.apache.nifi.processors.standard.RouteText - RouteText[id=7eed8dc2-ebc4-49da-951a-9990a8cef519] Adding new dynamic property: PropertyDescriptor[simple]
[pool-3058-thread-1] INFO org.apache.nifi.processors.standard.RouteText - RouteText[id=7eed8dc2-ebc4-49da-951a-9990a8cef519] Created FlowFile[1473,94824050573536.mockFlowFile,23B] from FlowFile[1472,94824050573536.mockFlowFile,23B]; routing to relationship simple
[pool-3058-thread-1] INFO org.apache.nifi.processors.standard.RouteText - RouteText[id=7eed8dc2-ebc4-49da-951a-9990a8cef519] Routing FlowFile[1472,94824050573536.mockFlowFile,23B] to original
[main] DEBUG org.apache.nifi.processors.standard.RouteText - RouteText[id=7eed8dc2-ebc4-49da-951a-9990a8cef519] Adding new dynamic property: PropertyDescriptor[simple]
[pool-3059-thread-1] INFO org.apache.nifi.processors.standard.RouteText - RouteText[id=7eed8dc2-ebc4-49da-951a-9990a8cef519] Created FlowFile[1475,94824051091072.mockFlowFile,23B] from FlowFile[1474,94824051091072.mockFlowFile,23B]; routing to relationship simple
[pool-3059-thread-1] INFO org.apache.nifi.processors.standard.RouteText - RouteText[id=7eed8dc2-ebc4-49da-951a-9990a8cef519] Routing FlowFile[1474,94824051091072.mockFlowFile,23B] to original
[main] DEBUG org.apache.nifi.processors.standard.RouteText - RouteText[id=7eed8dc2-ebc4-49da-951a-9990a8cef519] Adding new dynamic property: PropertyDescriptor[simple]
[pool-3060-thread-1] INFO org.apache.nifi.processors.standard.RouteText - RouteText[id=7eed8dc2-ebc4-49da-951a-9990a8cef519] Created FlowFile[1477,94824051617904.mockFlowFile,23B] from FlowFile[1476,94824051617904.mockFlowFile,23B]; routing to relationship simple
[pool-3060-thread-1] INFO org.apache.nifi.processors.standard.RouteText - RouteText[id=7eed8dc2-ebc4-49da-951a-9990a8cef519] Routing FlowFile[1476,94824051617904.mockFlowFile,23B] to original
[main] DEBUG org.apache.nifi.processors.standard.RouteText - RouteText[id=7eed8dc2-ebc4-49da-951a-9990a8cef519] Adding new dynamic property: PropertyDescriptor[simple]
[pool-3061-thread-1] INFO org.apache.nifi.processors.standard.RouteText - RouteText[id=7eed8dc2-ebc4-49da-951a-9990a8cef519] Created FlowFile[1479,94824052026931.mockFlowFile,23B] from FlowFile[1478,94824052026931.mockFlowFile,23B]; routing to relationship simple
[pool-3061-thread-1] INFO org.apache.nifi.processors.standard.RouteText - RouteText[id=7eed8dc2-ebc4-49da-951a-9990a8cef519] Routing FlowFile[1478,94824052026931.mockFlowFile,23B] to original
[main] DEBUG org.apache.nifi.processors.standard.RouteText - RouteText[id=7eed8dc2-ebc4-49da-951a-9990a8cef519] Adding new dynamic property: PropertyDescriptor[simple]
[pool-3062-thread-1] INFO org.apache.nifi.processors.standard.RouteText - RouteText[id=7eed8dc2-ebc4-49da-951a-9990a8cef519] Created FlowFile[1481,94824052498586.mockFlowFile,23B] from FlowFile[1480,94824052498586.mockFlowFile,23B]; routing to relationship simple
[pool-3062-thread-1] INFO org.apache.nifi.processors.standard.RouteText - RouteText[id=7eed8dc2-ebc4-49da-951a-9990a8cef519] Routing FlowFile[1480,94824052498586.mockFlowFile,23B] to original
[main] DEBUG org.apache.nifi.processors.standard.RouteText - RouteText[id=7eed8dc2-ebc4-49da-951a-9990a8cef519] Adding new dynamic property: PropertyDescriptor[simple]
[pool-3063-thread-1] INFO org.apache.nifi.processors.standard.RouteText - RouteText[id=7eed8dc2-ebc4-49da-951a-9990a8cef519] Created FlowFile[1483,94824053008685.mockFlowFile,23B] from FlowFile[1482,94824053008685.mockFlowFile,23B]; routing to relationship simple
[pool-3063-thread-1] INFO org.apache.nifi.processors.standard.RouteText - RouteText[id=7eed8dc2-ebc4-49da-951a-9990a8cef519] Routing FlowFile[1482,94824053008685.mockFlowFile,23B] to original
[main] DEBUG org.apache.nifi.processors.standard.RouteText - RouteText[id=7eed8dc2-ebc4-49da-951a-9990a8cef519] Adding new dynamic property: PropertyDescriptor[simple]
[pool-3064-thread-1] INFO org.apache.nifi.processors.standard.RouteText - RouteText[id=7eed8dc2-ebc4-49da-951a-9990a8cef519] Created FlowFile[1485,94824053508415.mockFlowFile,23B] from FlowFile[1484,94824053508415.mockFlowFile,23B]; routing to relationship simple
[pool-3064-thread-1] INFO org.apache.nifi.processors.standard.RouteText - RouteText[id=7eed8dc2-ebc4-49da-951a-9990a8cef519] Routing FlowFile[1484,94824053508415.mockFlowFile,23B] to original
[main] DEBUG org.apache.nifi.processors.standard.RouteText - RouteText[id=7eed8dc2-ebc4-49da-951a-9990a8cef519] Adding new dynamic property: PropertyDescriptor[simple]
[pool-3065-thread-1] INFO org.apache.nifi.processors.standard.RouteText - RouteText[id=7eed8dc2-ebc4-49da-951a-9990a8cef519] Created FlowFile[1487,94824053974291.mockFlowFile,23B] from FlowFile[1486,94824053974291.mockFlowFile,23B]; routing to relationship simple
[pool-3065-thread-1] INFO org.apache.nifi.processors.standard.RouteText - RouteText[id=7eed8dc2-ebc4-49da-951a-9990a8cef519] Routing FlowFile[1486,94824053974291.mockFlowFile,23B] to original
[main] DEBUG org.apache.nifi.processors.standard.RouteText - RouteText[id=7eed8dc2-ebc4-49da-951a-9990a8cef519] Adding new dynamic property: PropertyDescriptor[simple]
[pool-3066-thread-1] INFO org.apache.nifi.processors.standard.RouteText - RouteText[id=7eed8dc2-ebc4-49da-951a-9990a8cef519] Created FlowFile[1489,94824054485164.mockFlowFile,23B] from FlowFile[1488,94824054485164.mockFlowFile,23B]; routing to relationship simple
[pool-3066-thread-1] INFO org.apache.nifi.processors.standard.RouteText - RouteText[id=7eed8dc2-ebc4-49da-951a-9990a8cef519] Routing FlowFile[1488,94824054485164.mockFlowFile,23B] to original
[main] DEBUG org.apache.nifi.processors.standard.RouteText - RouteText[id=7eed8dc2-ebc4-49da-951a-9990a8cef519] Adding new dynamic property: PropertyDescriptor[simple]
[pool-3067-thread-1] INFO org.apache.nifi.processors.standard.RouteText - RouteText[id=7eed8dc2-ebc4-49da-951a-9990a8cef519] Created FlowFile[1491,94824054983568.mockFlowFile,23B] from FlowFile[1490,94824054983568.mockFlowFile,23B]; routing to relationship simple
[pool-3067-thread-1] INFO org.apache.nifi.processors.standard.RouteText - RouteText[id=7eed8dc2-ebc4-49da-951a-9990a8cef519] Routing FlowFile[1490,94824054983568.mockFlowFile,23B] to original
[main] DEBUG org.apache.nifi.processors.standard.RouteText - RouteText[id=7eed8dc2-ebc4-49da-951a-9990a8cef519] Adding new dynamic property: PropertyDescriptor[simple]
[pool-3068-thread-1] INFO org.apache.nifi.processors.standard.RouteText - RouteText[id=7eed8dc2-ebc4-49da-951a-9990a8cef519] Created FlowFile[1493,94824055527848.mockFlowFile,23B] from FlowFile[1492,94824055527848.mockFlowFile,23B]; routing to relationship simple
[pool-3068-thread-1] INFO org.apache.nifi.processors.standard.RouteText - RouteText[id=7eed8dc2-ebc4-49da-951a-9990a8cef519] Routing FlowFile[1492,94824055527848.mockFlowFile,23B] to original
[main] DEBUG org.apache.nifi.processors.standard.RouteText - RouteText[id=7eed8dc2-ebc4-49da-951a-9990a8cef519] Adding new dynamic property: PropertyDescriptor[simple]
[pool-3069-thread-1] INFO org.apache.nifi.processors.standard.RouteText - RouteText[id=7eed8dc2-ebc4-49da-951a-9990a8cef519] Created FlowFile[1495,94824055958452.mockFlowFile,23B] from FlowFile[1494,94824055958452.mockFlowFile,23B]; routing to relationship simple
[pool-3069-thread-1] INFO org.apache.nifi.processors.standard.RouteText - RouteText[id=7eed8dc2-ebc4-49da-951a-9990a8cef519] Routing FlowFile[1494,94824055958452.mockFlowFile,23B] to original
[main] DEBUG org.apache.nifi.processors.standard.RouteText - RouteText[id=7eed8dc2-ebc4-49da-951a-9990a8cef519] Adding new dynamic property: PropertyDescriptor[simple]
[pool-3070-thread-1] INFO org.apache.nifi.processors.standard.RouteText - RouteText[id=7eed8dc2-ebc4-49da-951a-9990a8cef519] Created FlowFile[1497,94824056510981.mockFlowFile,23B] from FlowFile[1496,94824056510981.mockFlowFile,23B]; routing to relationship simple
[pool-3070-thread-1] INFO org.apache.nifi.processors.standard.RouteText - RouteText[id=7eed8dc2-ebc4-49da-951a-9990a8cef519] Routing FlowFile[1496,94824056510981.mockFlowFile,23B] to original
[main] DEBUG org.apache.nifi.processors.standard.RouteText - RouteText[id=7eed8dc2-ebc4-49da-951a-9990a8cef519] Adding new dynamic property: PropertyDescriptor[simple]
[pool-3071-thread-1] INFO org.apache.nifi.processors.standard.RouteText - RouteText[id=7eed8dc2-ebc4-49da-951a-9990a8cef519] Created FlowFile[1499,94824056936670.mockFlowFile,23B] from FlowFile[1498,94824056936670.mockFlowFile,23B]; routing to relationship simple
[pool-3071-thread-1] INFO org.apache.nifi.processors.standard.RouteText - RouteText[id=7eed8dc2-ebc4-49da-951a-9990a8cef519] Routing FlowFile[1498,94824056936670.mockFlowFile,23B] to original
[main] DEBUG org.apache.nifi.processors.standard.RouteText - RouteText[id=7eed8dc2-ebc4-49da-951a-9990a8cef519] Adding new dynamic property: PropertyDescriptor[simple]
[pool-3072-thread-1] INFO org.apache.nifi.processors.standard.RouteText - RouteText[id=7eed8dc2-ebc4-49da-951a-9990a8cef519] Created FlowFile[1501,94824057349377.mockFlowFile,23B] from FlowFile[1500,94824057349377.mockFlowFile,23B]; routing to relationship simple
[pool-3072-thread-1] INFO org.apache.nifi.processors.standard.RouteText - RouteText[id=7eed8dc2-ebc4-49da-951a-9990a8cef519] Routing FlowFile[1500,94824057349377.mockFlowFile,23B] to original
[main] DEBUG org.apache.nifi.processors.standard.RouteText - RouteText[id=7eed8dc2-ebc4-49da-951a-9990a8cef519] Adding new dynamic property: PropertyDescriptor[simple]
[pool-3073-thread-1] INFO org.apache.nifi.processors.standard.RouteText - RouteText[id=7eed8dc2-ebc4-49da-951a-9990a8cef519] Created FlowFile[1503,94824057709241.mockFlowFile,23B] from FlowFile[1502,94824057709241.mockFlowFile,23B]; routing to relationship simple
[pool-3073-thread-1] INFO org.apache.nifi.processors.standard.RouteText - RouteText[id=7eed8dc2-ebc4-49da-951a-9990a8cef519] Routing FlowFile[1502,94824057709241.mockFlowFile,23B] to original
[main] DEBUG org.apache.nifi.processors.standard.RouteText - RouteText[id=7eed8dc2-ebc4-49da-951a-9990a8cef519] Adding new dynamic property: PropertyDescriptor[simple]
[pool-3074-thread-1] INFO org.apache.nifi.processors.standard.RouteText - RouteText[id=7eed8dc2-ebc4-49da-951a-9990a8cef519] Created FlowFile[1505,94824058019597.mockFlowFile,23B] from FlowFile[1504,94824058019597.mockFlowFile,23B]; routing to relationship simple
[pool-3074-thread-1] INFO org.apache.nifi.processors.standard.RouteText - RouteText[id=7eed8dc2-ebc4-49da-951a-9990a8cef519] Routing FlowFile[1504,94824058019597.mockFlowFile,23B] to original
[main] DEBUG org.apache.nifi.processors.standard.RouteText - RouteText[id=7eed8dc2-ebc4-49da-951a-9990a8cef519] Adding new dynamic property: PropertyDescriptor[simple]
[pool-3075-thread-1] INFO org.apache.nifi.processors.standard.RouteText - RouteText[id=7eed8dc2-ebc4-49da-951a-9990a8cef519] Created FlowFile[1507,94824058329744.mockFlowFile,23B] from FlowFile[1506,94824058329744.mockFlowFile,23B]; routing to relationship simple
[pool-3075-thread-1] INFO org.apache.nifi.processors.standard.RouteText - RouteText[id=7eed8dc2-ebc4-49da-951a-9990a8cef519] Routing FlowFile[1506,94824058329744.mockFlowFile,23B] to original
[main] DEBUG org.apache.nifi.processors.standard.RouteText - RouteText[id=7eed8dc2-ebc4-49da-951a-9990a8cef519] Adding new dynamic property: PropertyDescriptor[simple]
[pool-3076-thread-1] INFO org.apache.nifi.processors.standard.RouteText - RouteText[id=7eed8dc2-ebc4-49da-951a-9990a8cef519] Created FlowFile[1509,94824058636263.mockFlowFile,23B] from FlowFile[1508,94824058636263.mockFlowFile,23B]; routing to relationship simple
[pool-3076-thread-1] INFO org.apache.nifi.processors.standard.RouteText - RouteText[id=7eed8dc2-ebc4-49da-951a-9990a8cef519] Routing FlowFile[1508,94824058636263.mockFlowFile,23B] to original
[main] DEBUG org.apache.nifi.processors.standard.RouteText - RouteText[id=7eed8dc2-ebc4-49da-951a-9990a8cef519] Adding new dynamic property: PropertyDescriptor[simple]
[pool-3077-thread-1] INFO org.apache.nifi.processors.standard.RouteText - RouteText[id=7eed8dc2-ebc4-49da-951a-9990a8cef519] Created FlowFile[1511,94824058957060.mockFlowFile,23B] from FlowFile[1510,94824058957060.mockFlowFile,23B]; routing to relationship simple
[pool-3077-thread-1] INFO org.apache.nifi.processors.standard.RouteText - RouteText[id=7eed8dc2-ebc4-49da-951a-9990a8cef519] Routing FlowFile[1510,94824058957060.mockFlowFile,23B] to original
[main] DEBUG org.apache.nifi.processors.standard.RouteText - RouteText[id=7eed8dc2-ebc4-49da-951a-9990a8cef519] Adding new dynamic property: PropertyDescriptor[simple]
[pool-3078-thread-1] INFO org.apache.nifi.processors.standard.RouteText - RouteText[id=7eed8dc2-ebc4-49da-951a-9990a8cef519] Created FlowFile[1513,94824059328554.mockFlowFile,23B] from FlowFile[1512,94824059328554.mockFlowFile,23B]; routing to relationship simple
[pool-3078-thread-1] INFO org.apache.nifi.processors.standard.RouteText - RouteText[id=7eed8dc2-ebc4-49da-951a-9990a8cef519] Routing FlowFile[1512,94824059328554.mockFlowFile,23B] to original
[main] DEBUG org.apache.nifi.processors.standard.RouteText - RouteText[id=7eed8dc2-ebc4-49da-951a-9990a8cef519] Adding new dynamic property: PropertyDescriptor[simple]
[pool-3079-thread-1] INFO org.apache.nifi.processors.standard.RouteText - RouteText[id=7eed8dc2-ebc4-49da-951a-9990a8cef519] Created FlowFile[1515,94824059668903.mockFlowFile,23B] from FlowFile[1514,94824059668903.mockFlowFile,23B]; routing to relationship simple
[pool-3079-thread-1] INFO org.apache.nifi.processors.standard.RouteText - RouteText[id=7eed8dc2-ebc4-49da-951a-9990a8cef519] Routing FlowFile[1514,94824059668903.mockFlowFile,23B] to original
[main] DEBUG org.apache.nifi.processors.standard.RouteText - RouteText[id=7eed8dc2-ebc4-49da-951a-9990a8cef519] Adding new dynamic property: PropertyDescriptor[simple]
[pool-3080-thread-1] INFO org.apache.nifi.processors.standard.RouteText - RouteText[id=7eed8dc2-ebc4-49da-951a-9990a8cef519] Created FlowFile[1517,94824059978023.mockFlowFile,23B] from FlowFile[1516,94824059978023.mockFlowFile,23B]; routing to relationship simple
[pool-3080-thread-1] INFO org.apache.nifi.processors.standard.RouteText - RouteText[id=7eed8dc2-ebc4-49da-951a-9990a8cef519] Routing FlowFile[1516,94824059978023.mockFlowFile,23B] to original
[main] DEBUG org.apache.nifi.processors.standard.RouteText - RouteText[id=7eed8dc2-ebc4-49da-951a-9990a8cef519] Adding new dynamic property: PropertyDescriptor[simple]
[pool-3081-thread-1] INFO org.apache.nifi.processors.standard.RouteText - RouteText[id=7eed8dc2-ebc4-49da-951a-9990a8cef519] Created FlowFile[1519,94824060464399.mockFlowFile,23B] from FlowFile[1518,94824060464399.mockFlowFile,23B]; routing to relationship simple
[pool-3081-thread-1] INFO org.apache.nifi.processors.standard.RouteText - RouteText[id=7eed8dc2-ebc4-49da-951a-9990a8cef519] Routing FlowFile[1518,94824060464399.mockFlowFile,23B] to original
[main] DEBUG org.apache.nifi.processors.standard.RouteText - RouteText[id=7eed8dc2-ebc4-49da-951a-9990a8cef519] Adding new dynamic property: PropertyDescriptor[simple]
[pool-3082-thread-1] INFO org.apache.nifi.processors.standard.RouteText - RouteText[id=7eed8dc2-ebc4-49da-951a-9990a8cef519] Created FlowFile[1521,94824060920727.mockFlowFile,23B] from FlowFile[1520,94824060920727.mockFlowFile,23B]; routing to relationship simple
[pool-3082-thread-1] INFO org.apache.nifi.processors.standard.RouteText - RouteText[id=7eed8dc2-ebc4-49da-951a-9990a8cef519] Routing FlowFile[1520,94824060920727.mockFlowFile,23B] to original
[main] DEBUG org.apache.nifi.processors.standard.RouteText - RouteText[id=7eed8dc2-ebc4-49da-951a-9990a8cef519] Adding new dynamic property: PropertyDescriptor[simple]
[pool-3083-thread-1] INFO org.apache.nifi.processors.standard.RouteText - RouteText[id=7eed8dc2-ebc4-49da-951a-9990a8cef519] Created FlowFile[1523,94824061471275.mockFlowFile,23B] from FlowFile[1522,94824061471275.mockFlowFile,23B]; routing to relationship simple
[pool-3083-thread-1] INFO org.apache.nifi.processors.standard.RouteText - RouteText[id=7eed8dc2-ebc4-49da-951a-9990a8cef519] Routing FlowFile[1522,94824061471275.mockFlowFile,23B] to original
[main] DEBUG org.apache.nifi.processors.standard.RouteText - RouteText[id=7eed8dc2-ebc4-49da-951a-9990a8cef519] Adding new dynamic property: PropertyDescriptor[simple]
[pool-3084-thread-1] INFO org.apache.nifi.processors.standard.RouteText - RouteText[id=7eed8dc2-ebc4-49da-951a-9990a8cef519] Created FlowFile[1525,94824061921486.mockFlowFile,23B] from FlowFile[1524,94824061921486.mockFlowFile,23B]; routing to relationship simple
[pool-3084-thread-1] INFO org.apache.nifi.processors.standard.RouteText - RouteText[id=7eed8dc2-ebc4-49da-951a-9990a8cef519] Routing FlowFile[1524,94824061921486.mockFlowFile,23B] to original
[main] DEBUG org.apache.nifi.processors.standard.RouteText - RouteText[id=7eed8dc2-ebc4-49da-951a-9990a8cef519] Adding new dynamic property: PropertyDescriptor[simple]
[pool-3085-thread-1] INFO org.apache.nifi.processors.standard.RouteText - RouteText[id=7eed8dc2-ebc4-49da-951a-9990a8cef519] Created FlowFile[1527,94824062337893.mockFlowFile,23B] from FlowFile[1526,94824062337893.mockFlowFile,23B]; routing to relationship simple
[pool-3085-thread-1] INFO org.apache.nifi.processors.standard.RouteText - RouteText[id=7eed8dc2-ebc4-49da-951a-9990a8cef519] Routing FlowFile[1526,94824062337893.mockFlowFile,23B] to original
[main] DEBUG org.apache.nifi.processors.standard.RouteText - RouteText[id=7eed8dc2-ebc4-49da-951a-9990a8cef519] Adding new dynamic property: PropertyDescriptor[simple]
[pool-3086-thread-1] INFO org.apache.nifi.processors.standard.RouteText - RouteText[id=7eed8dc2-ebc4-49da-951a-9990a8cef519] Created FlowFile[1529,94824062671481.mockFlowFile,23B] from FlowFile[1528,94824062671481.mockFlowFile,23B]; routing to relationship simple
[pool-3086-thread-1] INFO org.apache.nifi.processors.standard.RouteText - RouteText[id=7eed8dc2-ebc4-49da-951a-9990a8cef519] Routing FlowFile[1528,94824062671481.mockFlowFile,23B] to original
[main] DEBUG org.apache.nifi.processors.standard.RouteText - RouteText[id=7eed8dc2-ebc4-49da-951a-9990a8cef519] Adding new dynamic property: PropertyDescriptor[simple]
[pool-3087-thread-1] INFO org.apache.nifi.processors.standard.RouteText - RouteText[id=7eed8dc2-ebc4-49da-951a-9990a8cef519] Created FlowFile[1531,94824063042621.mockFlowFile,23B] from FlowFile[1530,94824063042621.mockFlowFile,23B]; routing to relationship simple
[pool-3087-thread-1] INFO org.apache.nifi.processors.standard.RouteText - RouteText[id=7eed8dc2-ebc4-49da-951a-9990a8cef519] Routing FlowFile[1530,94824063042621.mockFlowFile,23B] to original
[main] DEBUG org.apache.nifi.processors.standard.RouteText - RouteText[id=7eed8dc2-ebc4-49da-951a-9990a8cef519] Adding new dynamic property: PropertyDescriptor[simple]
[pool-3088-thread-1] INFO org.apache.nifi.processors.standard.RouteText - RouteText[id=7eed8dc2-ebc4-49da-951a-9990a8cef519] Created FlowFile[1533,94824063487323.mockFlowFile,23B] from FlowFile[1532,94824063487323.mockFlowFile,23B]; routing to relationship simple
[pool-3088-thread-1] INFO org.apache.nifi.processors.standard.RouteText - RouteText[id=7eed8dc2-ebc4-49da-951a-9990a8cef519] Routing FlowFile[1532,94824063487323.mockFlowFile,23B] to original
[main] DEBUG org.apache.nifi.processors.standard.RouteText - RouteText[id=7eed8dc2-ebc4-49da-951a-9990a8cef519] Adding new dynamic property: PropertyDescriptor[simple]
[pool-3089-thread-1] INFO org.apache.nifi.processors.standard.RouteText - RouteText[id=7eed8dc2-ebc4-49da-951a-9990a8cef519] Created FlowFile[1535,94824064022515.mockFlowFile,23B] from FlowFile[1534,94824064022515.mockFlowFile,23B]; routing to relationship simple
[pool-3089-thread-1] INFO org.apache.nifi.processors.standard.RouteText - RouteText[id=7eed8dc2-ebc4-49da-951a-9990a8cef519] Routing FlowFile[1534,94824064022515.mockFlowFile,23B] to original
[main] DEBUG org.apache.nifi.processors.standard.RouteText - RouteText[id=7eed8dc2-ebc4-49da-951a-9990a8cef519] Adding new dynamic property: PropertyDescriptor[simple]
[pool-3090-thread-1] INFO org.apache.nifi.processors.standard.RouteText - RouteText[id=7eed8dc2-ebc4-49da-951a-9990a8cef519] Created FlowFile[1537,94824064660411.mockFlowFile,23B] from FlowFile[1536,94824064660411.mockFlowFile,23B]; routing to relationship simple
[pool-3090-thread-1] INFO org.apache.nifi.processors.standard.RouteText - RouteText[id=7eed8dc2-ebc4-49da-951a-9990a8cef519] Routing FlowFile[1536,94824064660411.mockFlowFile,23B] to original
[main] DEBUG org.apache.nifi.processors.standard.RouteText - RouteText[id=7eed8dc2-ebc4-49da-951a-9990a8cef519] Adding new dynamic property: PropertyDescriptor[simple]
[pool-3091-thread-1] INFO org.apache.nifi.processors.standard.RouteText - RouteText[id=7eed8dc2-ebc4-49da-951a-9990a8cef519] Created FlowFile[1539,94824065154751.mockFlowFile,23B] from FlowFile[1538,94824065154751.mockFlowFile,23B]; routing to relationship simple
[pool-3091-thread-1] INFO org.apache.nifi.processors.standard.RouteText - RouteText[id=7eed8dc2-ebc4-49da-951a-9990a8cef519] Routing FlowFile[1538,94824065154751.mockFlowFile,23B] to original
[main] DEBUG org.apache.nifi.processors.standard.RouteText - RouteText[id=7eed8dc2-ebc4-49da-951a-9990a8cef519] Adding new dynamic property: PropertyDescriptor[simple]
[pool-3092-thread-1] INFO org.apache.nifi.processors.standard.RouteText - RouteText[id=7eed8dc2-ebc4-49da-951a-9990a8cef519] Created FlowFile[1541,94824065598662.mockFlowFile,23B] from FlowFile[1540,94824065598662.mockFlowFile,23B]; routing to relationship simple
[pool-3092-thread-1] INFO org.apache.nifi.processors.standard.RouteText - RouteText[id=7eed8dc2-ebc4-49da-951a-9990a8cef519] Routing FlowFile[1540,94824065598662.mockFlowFile,23B] to original
[main] DEBUG org.apache.nifi.processors.standard.RouteText - RouteText[id=7eed8dc2-ebc4-49da-951a-9990a8cef519] Adding new dynamic property: PropertyDescriptor[simple]
[pool-3093-thread-1] INFO org.apache.nifi.processors.standard.RouteText - RouteText[id=7eed8dc2-ebc4-49da-951a-9990a8cef519] Created FlowFile[1543,94824066008247.mockFlowFile,23B] from FlowFile[1542,94824066008247.mockFlowFile,23B]; routing to relationship simple
[pool-3093-thread-1] INFO org.apache.nifi.processors.standard.RouteText - RouteText[id=7eed8dc2-ebc4-49da-951a-9990a8cef519] Routing FlowFile[1542,94824066008247.mockFlowFile,23B] to original
[main] DEBUG org.apache.nifi.processors.standard.RouteText - RouteText[id=7eed8dc2-ebc4-49da-951a-9990a8cef519] Adding new dynamic property: PropertyDescriptor[simple]
[pool-3094-thread-1] INFO org.apache.nifi.processors.standard.RouteText - RouteText[id=7eed8dc2-ebc4-49da-951a-9990a8cef519] Created FlowFile[1545,94824066357170.mockFlowFile,23B] from FlowFile[1544,94824066357170.mockFlowFile,23B]; routing to relationship simple
[pool-3094-thread-1] INFO org.apache.nifi.processors.standard.RouteText - RouteText[id=7eed8dc2-ebc4-49da-951a-9990a8cef519] Routing FlowFile[1544,94824066357170.mockFlowFile,23B] to original
[main] DEBUG org.apache.nifi.processors.standard.RouteText - RouteText[id=7eed8dc2-ebc4-49da-951a-9990a8cef519] Adding new dynamic property: PropertyDescriptor[simple]
[pool-3095-thread-1] INFO org.apache.nifi.processors.standard.RouteText - RouteText[id=7eed8dc2-ebc4-49da-951a-9990a8cef519] Created FlowFile[1547,94824066858231.mockFlowFile,23B] from FlowFile[1546,94824066858231.mockFlowFile,23B]; routing to relationship simple
[pool-3095-thread-1] INFO org.apache.nifi.processors.standard.RouteText - RouteText[id=7eed8dc2-ebc4-49da-951a-9990a8cef519] Routing FlowFile[1546,94824066858231.mockFlowFile,23B] to original
[main] DEBUG org.apache.nifi.processors.standard.RouteText - RouteText[id=7eed8dc2-ebc4-49da-951a-9990a8cef519] Adding new dynamic property: PropertyDescriptor[simple]
[pool-3096-thread-1] INFO org.apache.nifi.processors.standard.RouteText - RouteText[id=7eed8dc2-ebc4-49da-951a-9990a8cef519] Created FlowFile[1549,94824067324968.mockFlowFile,23B] from FlowFile[1548,94824067324968.mockFlowFile,23B]; routing to relationship simple
[pool-3096-thread-1] INFO org.apache.nifi.processors.standard.RouteText - RouteText[id=7eed8dc2-ebc4-49da-951a-9990a8cef519] Routing FlowFile[1548,94824067324968.mockFlowFile,23B] to original
[main] DEBUG org.apache.nifi.processors.standard.RouteText - RouteText[id=7eed8dc2-ebc4-49da-951a-9990a8cef519] Adding new dynamic property: PropertyDescriptor[simple]
[pool-3097-thread-1] INFO org.apache.nifi.processors.standard.RouteText - RouteText[id=7eed8dc2-ebc4-49da-951a-9990a8cef519] Created FlowFile[1551,94824067779404.mockFlowFile,23B] from FlowFile[1550,94824067779404.mockFlowFile,23B]; routing to relationship simple
[pool-3097-thread-1] INFO org.apache.nifi.processors.standard.RouteText - RouteText[id=7eed8dc2-ebc4-49da-951a-9990a8cef519] Routing FlowFile[1550,94824067779404.mockFlowFile,23B] to original
[main] DEBUG org.apache.nifi.processors.standard.RouteText - RouteText[id=7eed8dc2-ebc4-49da-951a-9990a8cef519] Adding new dynamic property: PropertyDescriptor[simple]
[pool-3098-thread-1] INFO org.apache.nifi.processors.standard.RouteText - RouteText[id=7eed8dc2-ebc4-49da-951a-9990a8cef519] Created FlowFile[1553,94824068174948.mockFlowFile,23B] from FlowFile[1552,94824068174948.mockFlowFile,23B]; routing to relationship simple
[pool-3098-thread-1] INFO org.apache.nifi.processors.standard.RouteText - RouteText[id=7eed8dc2-ebc4-49da-951a-9990a8cef519] Routing FlowFile[1552,94824068174948.mockFlowFile,23B] to original
[main] DEBUG org.apache.nifi.processors.standard.RouteText - RouteText[id=7eed8dc2-ebc4-49da-951a-9990a8cef519] Adding new dynamic property: PropertyDescriptor[simple]
[pool-3099-thread-1] INFO org.apache.nifi.processors.standard.RouteText - RouteText[id=7eed8dc2-ebc4-49da-951a-9990a8cef519] Created FlowFile[1555,94824068628131.mockFlowFile,23B] from FlowFile[1554,94824068628131.mockFlowFile,23B]; routing to relationship simple
[pool-3099-thread-1] INFO org.apache.nifi.processors.standard.RouteText - RouteText[id=7eed8dc2-ebc4-49da-951a-9990a8cef519] Routing FlowFile[1554,94824068628131.mockFlowFile,23B] to original
[main] DEBUG org.apache.nifi.processors.standard.RouteText - RouteText[id=7eed8dc2-ebc4-49da-951a-9990a8cef519] Adding new dynamic property: PropertyDescriptor[simple]
[pool-3100-thread-1] INFO org.apache.nifi.processors.standard.RouteText - RouteText[id=7eed8dc2-ebc4-49da-951a-9990a8cef519] Created FlowFile[1557,94824069089934.mockFlowFile,23B] from FlowFile[1556,94824069089934.mockFlowFile,23B]; routing to relationship simple
[pool-3100-thread-1] INFO org.apache.nifi.processors.standard.RouteText - RouteText[id=7eed8dc2-ebc4-49da-951a-9990a8cef519] Routing FlowFile[1556,94824069089934.mockFlowFile,23B] to original
[main] DEBUG org.apache.nifi.processors.standard.RouteText - RouteText[id=7eed8dc2-ebc4-49da-951a-9990a8cef519] Adding new dynamic property: PropertyDescriptor[simple]
[pool-3101-thread-1] INFO org.apache.nifi.processors.standard.RouteText - RouteText[id=7eed8dc2-ebc4-49da-951a-9990a8cef519] Created FlowFile[1559,94824069587015.mockFlowFile,23B] from FlowFile[1558,94824069587015.mockFlowFile,23B]; routing to relationship simple
[pool-3101-thread-1] INFO org.apache.nifi.processors.standard.RouteText - RouteText[id=7eed8dc2-ebc4-49da-951a-9990a8cef519] Routing FlowFile[1558,94824069587015.mockFlowFile,23B] to original
[main] DEBUG org.apache.nifi.processors.standard.RouteText - RouteText[id=7eed8dc2-ebc4-49da-951a-9990a8cef519] Adding new dynamic property: PropertyDescriptor[simple]
[pool-3102-thread-1] INFO org.apache.nifi.processors.standard.RouteText - RouteText[id=7eed8dc2-ebc4-49da-951a-9990a8cef519] Created FlowFile[1561,94824070057226.mockFlowFile,23B] from FlowFile[1560,94824070057226.mockFlowFile,23B]; routing to relationship simple
[pool-3102-thread-1] INFO org.apache.nifi.processors.standard.RouteText - RouteText[id=7eed8dc2-ebc4-49da-951a-9990a8cef519] Routing FlowFile[1560,94824070057226.mockFlowFile,23B] to original
[main] DEBUG org.apache.nifi.processors.standard.RouteText - RouteText[id=7eed8dc2-ebc4-49da-951a-9990a8cef519] Adding new dynamic property: PropertyDescriptor[simple]
[pool-3103-thread-1] INFO org.apache.nifi.processors.standard.RouteText - RouteText[id=7eed8dc2-ebc4-49da-951a-9990a8cef519] Created FlowFile[1563,94824070593056.mockFlowFile,23B] from FlowFile[1562,94824070593056.mockFlowFile,23B]; routing to relationship simple
[pool-3103-thread-1] INFO org.apache.nifi.processors.standard.RouteText - RouteText[id=7eed8dc2-ebc4-49da-951a-9990a8cef519] Routing FlowFile[1562,94824070593056.mockFlowFile,23B] to original
[main] DEBUG org.apache.nifi.processors.standard.RouteText - RouteText[id=7eed8dc2-ebc4-49da-951a-9990a8cef519] Adding new dynamic property: PropertyDescriptor[simple]
[pool-3104-thread-1] INFO org.apache.nifi.processors.standard.RouteText - RouteText[id=7eed8dc2-ebc4-49da-951a-9990a8cef519] Created FlowFile[1565,94824070944967.mockFlowFile,23B] from FlowFile[1564,94824070944967.mockFlowFile,23B]; routing to relationship simple
[pool-3104-thread-1] INFO org.apache.nifi.processors.standard.RouteText - RouteText[id=7eed8dc2-ebc4-49da-951a-9990a8cef519] Routing FlowFile[1564,94824070944967.mockFlowFile,23B] to original
[main] DEBUG org.apache.nifi.processors.standard.RouteText - RouteText[id=7eed8dc2-ebc4-49da-951a-9990a8cef519] Adding new dynamic property: PropertyDescriptor[simple]
[pool-3105-thread-1] INFO org.apache.nifi.processors.standard.RouteText - RouteText[id=7eed8dc2-ebc4-49da-951a-9990a8cef519] Created FlowFile[1567,94824071386414.mockFlowFile,23B] from FlowFile[1566,94824071386414.mockFlowFile,23B]; routing to relationship simple
[pool-3105-thread-1] INFO org.apache.nifi.processors.standard.RouteText - RouteText[id=7eed8dc2-ebc4-49da-951a-9990a8cef519] Routing FlowFile[1566,94824071386414.mockFlowFile,23B] to original
[main] DEBUG org.apache.nifi.processors.standard.RouteText - RouteText[id=7eed8dc2-ebc4-49da-951a-9990a8cef519] Adding new dynamic property: PropertyDescriptor[simple]
[pool-3106-thread-1] INFO org.apache.nifi.processors.standard.RouteText - RouteText[id=7eed8dc2-ebc4-49da-951a-9990a8cef519] Created FlowFile[1569,94824071851519.mockFlowFile,23B] from FlowFile[1568,94824071851519.mockFlowFile,23B]; routing to relationship simple
[pool-3106-thread-1] INFO org.apache.nifi.processors.standard.RouteText - RouteText[id=7eed8dc2-ebc4-49da-951a-9990a8cef519] Routing FlowFile[1568,94824071851519.mockFlowFile,23B] to original
[main] DEBUG org.apache.nifi.processors.standard.RouteText - RouteText[id=7eed8dc2-ebc4-49da-951a-9990a8cef519] Adding new dynamic property: PropertyDescriptor[simple]
[pool-3107-thread-1] INFO org.apache.nifi.processors.standard.RouteText - RouteText[id=7eed8dc2-ebc4-49da-951a-9990a8cef519] Created FlowFile[1571,94824072328830.mockFlowFile,23B] from FlowFile[1570,94824072328830.mockFlowFile,23B]; routing to relationship simple
[pool-3107-thread-1] INFO org.apache.nifi.processors.standard.RouteText - RouteText[id=7eed8dc2-ebc4-49da-951a-9990a8cef519] Routing FlowFile[1570,94824072328830.mockFlowFile,23B] to original
[main] DEBUG org.apache.nifi.processors.standard.RouteText - RouteText[id=7eed8dc2-ebc4-49da-951a-9990a8cef519] Adding new dynamic property: PropertyDescriptor[simple]
[pool-3108-thread-1] INFO org.apache.nifi.processors.standard.RouteText - RouteText[id=7eed8dc2-ebc4-49da-951a-9990a8cef519] Created FlowFile[1573,94824072825007.mockFlowFile,23B] from FlowFile[1572,94824072825007.mockFlowFile,23B]; routing to relationship simple
[pool-3108-thread-1] INFO org.apache.nifi.processors.standard.RouteText - RouteText[id=7eed8dc2-ebc4-49da-951a-9990a8cef519] Routing FlowFile[1572,94824072825007.mockFlowFile,23B] to original
[main] DEBUG org.apache.nifi.processors.standard.RouteText - RouteText[id=7eed8dc2-ebc4-49da-951a-9990a8cef519] Adding new dynamic property: PropertyDescriptor[simple]
[pool-3109-thread-1] INFO org.apache.nifi.processors.standard.RouteText - RouteText[id=7eed8dc2-ebc4-49da-951a-9990a8cef519] Created FlowFile[1575,94824073285845.mockFlowFile,23B] from FlowFile[1574,94824073285845.mockFlowFile,23B]; routing to relationship simple
[pool-3109-thread-1] INFO org.apache.nifi.processors.standard.RouteText - RouteText[id=7eed8dc2-ebc4-49da-951a-9990a8cef519] Routing FlowFile[1574,94824073285845.mockFlowFile,23B] to original
[main] DEBUG org.apache.nifi.processors.standard.RouteText - RouteText[id=7eed8dc2-ebc4-49da-951a-9990a8cef519] Adding new dynamic property: PropertyDescriptor[simple]
[pool-3110-thread-1] INFO org.apache.nifi.processors.standard.RouteText - RouteText[id=7eed8dc2-ebc4-49da-951a-9990a8cef519] Created FlowFile[1577,94824073725509.mockFlowFile,23B] from FlowFile[1576,94824073725509.mockFlowFile,23B]; routing to relationship simple
[pool-3110-thread-1] INFO org.apache.nifi.processors.standard.RouteText - RouteText[id=7eed8dc2-ebc4-49da-951a-9990a8cef519] Routing FlowFile[1576,94824073725509.mockFlowFile,23B] to original
[main] DEBUG org.apache.nifi.processors.standard.RouteText - RouteText[id=7eed8dc2-ebc4-49da-951a-9990a8cef519] Adding new dynamic property: PropertyDescriptor[simple]
[pool-3111-thread-1] INFO org.apache.nifi.processors.standard.RouteText - RouteText[id=7eed8dc2-ebc4-49da-951a-9990a8cef519] Created FlowFile[1579,94824074077761.mockFlowFile,23B] from FlowFile[1578,94824074077761.mockFlowFile,23B]; routing to relationship simple
[pool-3111-thread-1] INFO org.apache.nifi.processors.standard.RouteText - RouteText[id=7eed8dc2-ebc4-49da-951a-9990a8cef519] Routing FlowFile[1578,94824074077761.mockFlowFile,23B] to original
[main] DEBUG org.apache.nifi.processors.standard.RouteText - RouteText[id=7eed8dc2-ebc4-49da-951a-9990a8cef519] Adding new dynamic property: PropertyDescriptor[simple]
[pool-3112-thread-1] INFO org.apache.nifi.processors.standard.RouteText - RouteText[id=7eed8dc2-ebc4-49da-951a-9990a8cef519] Created FlowFile[1581,94824074421230.mockFlowFile,23B] from FlowFile[1580,94824074421230.mockFlowFile,23B]; routing to relationship simple
[pool-3112-thread-1] INFO org.apache.nifi.processors.standard.RouteText - RouteText[id=7eed8dc2-ebc4-49da-951a-9990a8cef519] Routing FlowFile[1580,94824074421230.mockFlowFile,23B] to original
[main] DEBUG org.apache.nifi.processors.standard.RouteText - RouteText[id=7eed8dc2-ebc4-49da-951a-9990a8cef519] Adding new dynamic property: PropertyDescriptor[simple]
[pool-3113-thread-1] INFO org.apache.nifi.processors.standard.RouteText - RouteText[id=7eed8dc2-ebc4-49da-951a-9990a8cef519] Created FlowFile[1583,94824074760544.mockFlowFile,23B] from FlowFile[1582,94824074760544.mockFlowFile,23B]; routing to relationship simple
[pool-3113-thread-1] INFO org.apache.nifi.processors.standard.RouteText - RouteText[id=7eed8dc2-ebc4-49da-951a-9990a8cef519] Routing FlowFile[1582,94824074760544.mockFlowFile,23B] to original
[main] DEBUG org.apache.nifi.processors.standard.RouteText - RouteText[id=7eed8dc2-ebc4-49da-951a-9990a8cef519] Adding new dynamic property: PropertyDescriptor[simple]
[pool-3114-thread-1] INFO org.apache.nifi.processors.standard.RouteText - RouteText[id=7eed8dc2-ebc4-49da-951a-9990a8cef519] Created FlowFile[1585,94824075105409.mockFlowFile,23B] from FlowFile[1584,94824075105409.mockFlowFile,23B]; routing to relationship simple
[pool-3114-thread-1] INFO org.apache.nifi.processors.standard.RouteText - RouteText[id=7eed8dc2-ebc4-49da-951a-9990a8cef519] Routing FlowFile[1584,94824075105409.mockFlowFile,23B] to original
[main] DEBUG org.apache.nifi.processors.standard.RouteText - RouteText[id=7eed8dc2-ebc4-49da-951a-9990a8cef519] Adding new dynamic property: PropertyDescriptor[simple]
[pool-3115-thread-1] INFO org.apache.nifi.processors.standard.RouteText - RouteText[id=7eed8dc2-ebc4-49da-951a-9990a8cef519] Created FlowFile[1587,94824075584025.mockFlowFile,23B] from FlowFile[1586,94824075584025.mockFlowFile,23B]; routing to relationship simple
[pool-3115-thread-1] INFO org.apache.nifi.processors.standard.RouteText - RouteText[id=7eed8dc2-ebc4-49da-951a-9990a8cef519] Routing FlowFile[1586,94824075584025.mockFlowFile,23B] to original
[main] DEBUG org.apache.nifi.processors.standard.RouteText - RouteText[id=7eed8dc2-ebc4-49da-951a-9990a8cef519] Adding new dynamic property: PropertyDescriptor[simple]
[pool-3116-thread-1] INFO org.apache.nifi.processors.standard.RouteText - RouteText[id=7eed8dc2-ebc4-49da-951a-9990a8cef519] Created FlowFile[1589,94824075975348.mockFlowFile,23B] from FlowFile[1588,94824075975348.mockFlowFile,23B]; routing to relationship simple
[pool-3116-thread-1] INFO org.apache.nifi.processors.standard.RouteText - RouteText[id=7eed8dc2-ebc4-49da-951a-9990a8cef519] Routing FlowFile[1588,94824075975348.mockFlowFile,23B] to original
[main] DEBUG org.apache.nifi.processors.standard.RouteText - RouteText[id=7eed8dc2-ebc4-49da-951a-9990a8cef519] Adding new dynamic property: PropertyDescriptor[simple]
[pool-3117-thread-1] INFO org.apache.nifi.processors.standard.RouteText - RouteText[id=7eed8dc2-ebc4-49da-951a-9990a8cef519] Created FlowFile[1591,94824076449634.mockFlowFile,23B] from FlowFile[1590,94824076449634.mockFlowFile,23B]; routing to relationship simple
[pool-3117-thread-1] INFO org.apache.nifi.processors.standard.RouteText - RouteText[id=7eed8dc2-ebc4-49da-951a-9990a8cef519] Routing FlowFile[1590,94824076449634.mockFlowFile,23B] to original
[main] DEBUG org.apache.nifi.processors.standard.RouteText - RouteText[id=7eed8dc2-ebc4-49da-951a-9990a8cef519] Adding new dynamic property: PropertyDescriptor[simple]
[pool-3118-thread-1] INFO org.apache.nifi.processors.standard.RouteText - RouteText[id=7eed8dc2-ebc4-49da-951a-9990a8cef519] Created FlowFile[1593,94824076969425.mockFlowFile,23B] from FlowFile[1592,94824076969425.mockFlowFile,23B]; routing to relationship simple
[pool-3118-thread-1] INFO org.apache.nifi.processors.standard.RouteText - RouteText[id=7eed8dc2-ebc4-49da-951a-9990a8cef519] Routing FlowFile[1592,94824076969425.mockFlowFile,23B] to original
[main] DEBUG org.apache.nifi.processors.standard.RouteText - RouteText[id=7eed8dc2-ebc4-49da-951a-9990a8cef519] Adding new dynamic property: PropertyDescriptor[simple]
[pool-3119-thread-1] INFO org.apache.nifi.processors.standard.RouteText - RouteText[id=7eed8dc2-ebc4-49da-951a-9990a8cef519] Created FlowFile[1595,94824077476325.mockFlowFile,23B] from FlowFile[1594,94824077476325.mockFlowFile,23B]; routing to relationship simple
[pool-3119-thread-1] INFO org.apache.nifi.processors.standard.RouteText - RouteText[id=7eed8dc2-ebc4-49da-951a-9990a8cef519] Routing FlowFile[1594,94824077476325.mockFlowFile,23B] to original
[main] DEBUG org.apache.nifi.processors.standard.RouteText - RouteText[id=7eed8dc2-ebc4-49da-951a-9990a8cef519] Adding new dynamic property: PropertyDescriptor[simple]
[pool-3120-thread-1] INFO org.apache.nifi.processors.standard.RouteText - RouteText[id=7eed8dc2-ebc4-49da-951a-9990a8cef519] Created FlowFile[1597,94824077925338.mockFlowFile,23B] from FlowFile[1596,94824077925338.mockFlowFile,23B]; routing to relationship simple
[pool-3120-thread-1] INFO org.apache.nifi.processors.standard.RouteText - RouteText[id=7eed8dc2-ebc4-49da-951a-9990a8cef519] Routing FlowFile[1596,94824077925338.mockFlowFile,23B] to original
[main] DEBUG org.apache.nifi.processors.standard.RouteText - RouteText[id=7eed8dc2-ebc4-49da-951a-9990a8cef519] Adding new dynamic property: PropertyDescriptor[simple]
[pool-3121-thread-1] INFO org.apache.nifi.processors.standard.RouteText - RouteText[id=7eed8dc2-ebc4-49da-951a-9990a8cef519] Created FlowFile[1599,94824078295464.mockFlowFile,23B] from FlowFile[1598,94824078295464.mockFlowFile,23B]; routing to relationship simple
[pool-3121-thread-1] INFO org.apache.nifi.processors.standard.RouteText - RouteText[id=7eed8dc2-ebc4-49da-951a-9990a8cef519] Routing FlowFile[1598,94824078295464.mockFlowFile,23B] to original
[main] DEBUG org.apache.nifi.processors.standard.RouteText - RouteText[id=7eed8dc2-ebc4-49da-951a-9990a8cef519] Adding new dynamic property: PropertyDescriptor[simple]
[pool-3122-thread-1] INFO org.apache.nifi.processors.standard.RouteText - RouteText[id=7eed8dc2-ebc4-49da-951a-9990a8cef519] Created FlowFile[1601,94824078655736.mockFlowFile,23B] from FlowFile[1600,94824078655736.mockFlowFile,23B]; routing to relationship simple
[pool-3122-thread-1] INFO org.apache.nifi.processors.standard.RouteText - RouteText[id=7eed8dc2-ebc4-49da-951a-9990a8cef519] Routing FlowFile[1600,94824078655736.mockFlowFile,23B] to original
[main] DEBUG org.apache.nifi.processors.standard.RouteText - RouteText[id=7eed8dc2-ebc4-49da-951a-9990a8cef519] Adding new dynamic property: PropertyDescriptor[simple]
[pool-3123-thread-1] INFO org.apache.nifi.processors.standard.RouteText - RouteText[id=7eed8dc2-ebc4-49da-951a-9990a8cef519] Created FlowFile[1603,94824079005399.mockFlowFile,23B] from FlowFile[1602,94824079005399.mockFlowFile,23B]; routing to relationship simple
[pool-3123-thread-1] INFO org.apache.nifi.processors.standard.RouteText - RouteText[id=7eed8dc2-ebc4-49da-951a-9990a8cef519] Routing FlowFile[1602,94824079005399.mockFlowFile,23B] to original
[main] DEBUG org.apache.nifi.processors.standard.RouteText - RouteText[id=7eed8dc2-ebc4-49da-951a-9990a8cef519] Adding new dynamic property: PropertyDescriptor[simple]
[pool-3124-thread-1] INFO org.apache.nifi.processors.standard.RouteText - RouteText[id=7eed8dc2-ebc4-49da-951a-9990a8cef519] Created FlowFile[1605,94824079495901.mockFlowFile,23B] from FlowFile[1604,94824079495901.mockFlowFile,23B]; routing to relationship simple
[pool-3124-thread-1] INFO org.apache.nifi.processors.standard.RouteText - RouteText[id=7eed8dc2-ebc4-49da-951a-9990a8cef519] Routing FlowFile[1604,94824079495901.mockFlowFile,23B] to original
[main] DEBUG org.apache.nifi.processors.standard.RouteText - RouteText[id=7eed8dc2-ebc4-49da-951a-9990a8cef519] Adding new dynamic property: PropertyDescriptor[simple]
[pool-3125-thread-1] INFO org.apache.nifi.processors.standard.RouteText - RouteText[id=7eed8dc2-ebc4-49da-951a-9990a8cef519] Created FlowFile[1607,94824079913410.mockFlowFile,23B] from FlowFile[1606,94824079913410.mockFlowFile,23B]; routing to relationship simple
[pool-3125-thread-1] INFO org.apache.nifi.processors.standard.RouteText - RouteText[id=7eed8dc2-ebc4-49da-951a-9990a8cef519] Routing FlowFile[1606,94824079913410.mockFlowFile,23B] to original
[main] DEBUG org.apache.nifi.processors.standard.RouteText - RouteText[id=7eed8dc2-ebc4-49da-951a-9990a8cef519] Adding new dynamic property: PropertyDescriptor[simple]
[pool-3126-thread-1] INFO org.apache.nifi.processors.standard.RouteText - RouteText[id=7eed8dc2-ebc4-49da-951a-9990a8cef519] Created FlowFile[1609,94824080418713.mockFlowFile,23B] from FlowFile[1608,94824080418713.mockFlowFile,23B]; routing to relationship simple
[pool-3126-thread-1] INFO org.apache.nifi.processors.standard.RouteText - RouteText[id=7eed8dc2-ebc4-49da-951a-9990a8cef519] Routing FlowFile[1608,94824080418713.mockFlowFile,23B] to original
[main] DEBUG org.apache.nifi.processors.standard.RouteText - RouteText[id=7eed8dc2-ebc4-49da-951a-9990a8cef519] Adding new dynamic property: PropertyDescriptor[simple]
[pool-3127-thread-1] INFO org.apache.nifi.processors.standard.RouteText - RouteText[id=7eed8dc2-ebc4-49da-951a-9990a8cef519] Created FlowFile[1611,94824080897406.mockFlowFile,23B] from FlowFile[1610,94824080897406.mockFlowFile,23B]; routing to relationship simple
[pool-3127-thread-1] INFO org.apache.nifi.processors.standard.RouteText - RouteText[id=7eed8dc2-ebc4-49da-951a-9990a8cef519] Routing FlowFile[1610,94824080897406.mockFlowFile,23B] to original
[main] DEBUG org.apache.nifi.processors.standard.RouteText - RouteText[id=7eed8dc2-ebc4-49da-951a-9990a8cef519] Adding new dynamic property: PropertyDescriptor[simple]
[pool-3128-thread-1] INFO org.apache.nifi.processors.standard.RouteText - RouteText[id=7eed8dc2-ebc4-49da-951a-9990a8cef519] Created FlowFile[1613,94824081348175.mockFlowFile,23B] from FlowFile[1612,94824081348175.mockFlowFile,23B]; routing to relationship simple
[pool-3128-thread-1] INFO org.apache.nifi.processors.standard.RouteText - RouteText[id=7eed8dc2-ebc4-49da-951a-9990a8cef519] Routing FlowFile[1612,94824081348175.mockFlowFile,23B] to original
[main] DEBUG org.apache.nifi.processors.standard.RouteText - RouteText[id=7eed8dc2-ebc4-49da-951a-9990a8cef519] Adding new dynamic property: PropertyDescriptor[simple]
[pool-3129-thread-1] INFO org.apache.nifi.processors.standard.RouteText - RouteText[id=7eed8dc2-ebc4-49da-951a-9990a8cef519] Created FlowFile[1615,94824081707931.mockFlowFile,23B] from FlowFile[1614,94824081707931.mockFlowFile,23B]; routing to relationship simple
[pool-3129-thread-1] INFO org.apache.nifi.processors.standard.RouteText - RouteText[id=7eed8dc2-ebc4-49da-951a-9990a8cef519] Routing FlowFile[1614,94824081707931.mockFlowFile,23B] to original
[main] DEBUG org.apache.nifi.processors.standard.RouteText - RouteText[id=7eed8dc2-ebc4-49da-951a-9990a8cef519] Adding new dynamic property: PropertyDescriptor[simple]
[pool-3130-thread-1] INFO org.apache.nifi.processors.standard.RouteText - RouteText[id=7eed8dc2-ebc4-49da-951a-9990a8cef519] Created FlowFile[1617,94824082083308.mockFlowFile,23B] from FlowFile[1616,94824082083308.mockFlowFile,23B]; routing to relationship simple
[pool-3130-thread-1] INFO org.apache.nifi.processors.standard.RouteText - RouteText[id=7eed8dc2-ebc4-49da-951a-9990a8cef519] Routing FlowFile[1616,94824082083308.mockFlowFile,23B] to original
[main] DEBUG org.apache.nifi.processors.standard.RouteText - RouteText[id=7eed8dc2-ebc4-49da-951a-9990a8cef519] Adding new dynamic property: PropertyDescriptor[simple]
[pool-3131-thread-1] INFO org.apache.nifi.processors.standard.RouteText - RouteText[id=7eed8dc2-ebc4-49da-951a-9990a8cef519] Created FlowFile[1619,94824082445054.mockFlowFile,23B] from FlowFile[1618,94824082445054.mockFlowFile,23B]; routing to relationship simple
[pool-3131-thread-1] INFO org.apache.nifi.processors.standard.RouteText - RouteText[id=7eed8dc2-ebc4-49da-951a-9990a8cef519] Routing FlowFile[1618,94824082445054.mockFlowFile,23B] to original
[main] DEBUG org.apache.nifi.processors.standard.RouteText - RouteText[id=7eed8dc2-ebc4-49da-951a-9990a8cef519] Adding new dynamic property: PropertyDescriptor[simple]
[pool-3132-thread-1] INFO org.apache.nifi.processors.standard.RouteText - RouteText[id=7eed8dc2-ebc4-49da-951a-9990a8cef519] Created FlowFile[1621,94824082795950.mockFlowFile,23B] from FlowFile[1620,94824082795950.mockFlowFile,23B]; routing to relationship simple
[pool-3132-thread-1] INFO org.apache.nifi.processors.standard.RouteText - RouteText[id=7eed8dc2-ebc4-49da-951a-9990a8cef519] Routing FlowFile[1620,94824082795950.mockFlowFile,23B] to original
[main] DEBUG org.apache.nifi.processors.standard.RouteText - RouteText[id=7eed8dc2-ebc4-49da-951a-9990a8cef519] Adding new dynamic property: PropertyDescriptor[simple]
[pool-3133-thread-1] INFO org.apache.nifi.processors.standard.RouteText - RouteText[id=7eed8dc2-ebc4-49da-951a-9990a8cef519] Created FlowFile[1623,94824083257291.mockFlowFile,23B] from FlowFile[1622,94824083257291.mockFlowFile,23B]; routing to relationship simple
[pool-3133-thread-1] INFO org.apache.nifi.processors.standard.RouteText - RouteText[id=7eed8dc2-ebc4-49da-951a-9990a8cef519] Routing FlowFile[1622,94824083257291.mockFlowFile,23B] to original
[main] DEBUG org.apache.nifi.processors.standard.RouteText - RouteText[id=7eed8dc2-ebc4-49da-951a-9990a8cef519] Adding new dynamic property: PropertyDescriptor[simple]
[pool-3134-thread-1] INFO org.apache.nifi.processors.standard.RouteText - RouteText[id=7eed8dc2-ebc4-49da-951a-9990a8cef519] Created FlowFile[1625,94824083683396.mockFlowFile,23B] from FlowFile[1624,94824083683396.mockFlowFile,23B]; routing to relationship simple
[pool-3134-thread-1] INFO org.apache.nifi.processors.standard.RouteText - RouteText[id=7eed8dc2-ebc4-49da-951a-9990a8cef519] Routing FlowFile[1624,94824083683396.mockFlowFile,23B] to original
[main] DEBUG org.apache.nifi.processors.standard.RouteText - RouteText[id=7eed8dc2-ebc4-49da-951a-9990a8cef519] Adding new dynamic property: PropertyDescriptor[simple]
[pool-3135-thread-1] INFO org.apache.nifi.processors.standard.RouteText - RouteText[id=7eed8dc2-ebc4-49da-951a-9990a8cef519] Created FlowFile[1627,94824084076613.mockFlowFile,23B] from FlowFile[1626,94824084076613.mockFlowFile,23B]; routing to relationship simple
[pool-3135-thread-1] INFO org.apache.nifi.processors.standard.RouteText - RouteText[id=7eed8dc2-ebc4-49da-951a-9990a8cef519] Routing FlowFile[1626,94824084076613.mockFlowFile,23B] to original
[main] DEBUG org.apache.nifi.processors.standard.RouteText - RouteText[id=7eed8dc2-ebc4-49da-951a-9990a8cef519] Adding new dynamic property: PropertyDescriptor[simple]
[pool-3136-thread-1] INFO org.apache.nifi.processors.standard.RouteText - RouteText[id=7eed8dc2-ebc4-49da-951a-9990a8cef519] Created FlowFile[1629,94824084583751.mockFlowFile,23B] from FlowFile[1628,94824084583751.mockFlowFile,23B]; routing to relationship simple
[pool-3136-thread-1] INFO org.apache.nifi.processors.standard.RouteText - RouteText[id=7eed8dc2-ebc4-49da-951a-9990a8cef519] Routing FlowFile[1628,94824084583751.mockFlowFile,23B] to original
[main] DEBUG org.apache.nifi.processors.standard.RouteText - RouteText[id=7eed8dc2-ebc4-49da-951a-9990a8cef519] Adding new dynamic property: PropertyDescriptor[simple]
[pool-3137-thread-1] INFO org.apache.nifi.processors.standard.RouteText - RouteText[id=7eed8dc2-ebc4-49da-951a-9990a8cef519] Created FlowFile[1631,94824085058086.mockFlowFile,23B] from FlowFile[1630,94824085058086.mockFlowFile,23B]; routing to relationship simple
[pool-3137-thread-1] INFO org.apache.nifi.processors.standard.RouteText - RouteText[id=7eed8dc2-ebc4-49da-951a-9990a8cef519] Routing FlowFile[1630,94824085058086.mockFlowFile,23B] to original
[main] DEBUG org.apache.nifi.processors.standard.RouteText - RouteText[id=7eed8dc2-ebc4-49da-951a-9990a8cef519] Adding new dynamic property: PropertyDescriptor[simple]
[pool-3138-thread-1] INFO org.apache.nifi.processors.standard.RouteText - RouteText[id=7eed8dc2-ebc4-49da-951a-9990a8cef519] Created FlowFile[1633,94824085522525.mockFlowFile,23B] from FlowFile[1632,94824085522525.mockFlowFile,23B]; routing to relationship simple
[pool-3138-thread-1] INFO org.apache.nifi.processors.standard.RouteText - RouteText[id=7eed8dc2-ebc4-49da-951a-9990a8cef519] Routing FlowFile[1632,94824085522525.mockFlowFile,23B] to original
[main] DEBUG org.apache.nifi.processors.standard.RouteText - RouteText[id=7eed8dc2-ebc4-49da-951a-9990a8cef519] Adding new dynamic property: PropertyDescriptor[simple]
[pool-3139-thread-1] INFO org.apache.nifi.processors.standard.RouteText - RouteText[id=7eed8dc2-ebc4-49da-951a-9990a8cef519] Created FlowFile[1635,94824085954862.mockFlowFile,23B] from FlowFile[1634,94824085954862.mockFlowFile,23B]; routing to relationship simple
[pool-3139-thread-1] INFO org.apache.nifi.processors.standard.RouteText - RouteText[id=7eed8dc2-ebc4-49da-951a-9990a8cef519] Routing FlowFile[1634,94824085954862.mockFlowFile,23B] to original
[main] DEBUG org.apache.nifi.processors.standard.RouteText - RouteText[id=7eed8dc2-ebc4-49da-951a-9990a8cef519] Adding new dynamic property: PropertyDescriptor[simple]
[pool-3140-thread-1] INFO org.apache.nifi.processors.standard.RouteText - RouteText[id=7eed8dc2-ebc4-49da-951a-9990a8cef519] Created FlowFile[1637,94824086319893.mockFlowFile,23B] from FlowFile[1636,94824086319893.mockFlowFile,23B]; routing to relationship simple
[pool-3140-thread-1] INFO org.apache.nifi.processors.standard.RouteText - RouteText[id=7eed8dc2-ebc4-49da-951a-9990a8cef519] Routing FlowFile[1636,94824086319893.mockFlowFile,23B] to original
[main] DEBUG org.apache.nifi.processors.standard.RouteText - RouteText[id=7eed8dc2-ebc4-49da-951a-9990a8cef519] Adding new dynamic property: PropertyDescriptor[simple]
[pool-3141-thread-1] INFO org.apache.nifi.processors.standard.RouteText - RouteText[id=7eed8dc2-ebc4-49da-951a-9990a8cef519] Created FlowFile[1639,94824086696102.mockFlowFile,23B] from FlowFile[1638,94824086696102.mockFlowFile,23B]; routing to relationship simple
[pool-3141-thread-1] INFO org.apache.nifi.processors.standard.RouteText - RouteText[id=7eed8dc2-ebc4-49da-951a-9990a8cef519] Routing FlowFile[1638,94824086696102.mockFlowFile,23B] to original
[main] DEBUG org.apache.nifi.processors.standard.RouteText - RouteText[id=7eed8dc2-ebc4-49da-951a-9990a8cef519] Adding new dynamic property: PropertyDescriptor[simple]
[pool-3142-thread-1] INFO org.apache.nifi.processors.standard.RouteText - RouteText[id=7eed8dc2-ebc4-49da-951a-9990a8cef519] Created FlowFile[1641,94824087101938.mockFlowFile,23B] from FlowFile[1640,94824087101938.mockFlowFile,23B]; routing to relationship simple
[pool-3142-thread-1] INFO org.apache.nifi.processors.standard.RouteText - RouteText[id=7eed8dc2-ebc4-49da-951a-9990a8cef519] Routing FlowFile[1640,94824087101938.mockFlowFile,23B] to original
[main] DEBUG org.apache.nifi.processors.standard.RouteText - RouteText[id=7eed8dc2-ebc4-49da-951a-9990a8cef519] Adding new dynamic property: PropertyDescriptor[simple]
[pool-3143-thread-1] INFO org.apache.nifi.processors.standard.RouteText - RouteText[id=7eed8dc2-ebc4-49da-951a-9990a8cef519] Created FlowFile[1643,94824087624120.mockFlowFile,23B] from FlowFile[1642,94824087624120.mockFlowFile,23B]; routing to relationship simple
[pool-3143-thread-1] INFO org.apache.nifi.processors.standard.RouteText - RouteText[id=7eed8dc2-ebc4-49da-951a-9990a8cef519] Routing FlowFile[1642,94824087624120.mockFlowFile,23B] to original
[main] DEBUG org.apache.nifi.processors.standard.RouteText - RouteText[id=7eed8dc2-ebc4-49da-951a-9990a8cef519] Adding new dynamic property: PropertyDescriptor[simple]
[pool-3144-thread-1] INFO org.apache.nifi.processors.standard.RouteText - RouteText[id=7eed8dc2-ebc4-49da-951a-9990a8cef519] Created FlowFile[1645,94824088022497.mockFlowFile,23B] from FlowFile[1644,94824088022497.mockFlowFile,23B]; routing to relationship simple
[pool-3144-thread-1] INFO org.apache.nifi.processors.standard.RouteText - RouteText[id=7eed8dc2-ebc4-49da-951a-9990a8cef519] Routing FlowFile[1644,94824088022497.mockFlowFile,23B] to original
[main] DEBUG org.apache.nifi.processors.standard.RouteText - RouteText[id=7eed8dc2-ebc4-49da-951a-9990a8cef519] Adding new dynamic property: PropertyDescriptor[simple]
[pool-3145-thread-1] INFO org.apache.nifi.processors.standard.RouteText - RouteText[id=7eed8dc2-ebc4-49da-951a-9990a8cef519] Created FlowFile[1647,94824088527002.mockFlowFile,23B] from FlowFile[1646,94824088527002.mockFlowFile,23B]; routing to relationship simple
[pool-3145-thread-1] INFO org.apache.nifi.processors.standard.RouteText - RouteText[id=7eed8dc2-ebc4-49da-951a-9990a8cef519] Routing FlowFile[1646,94824088527002.mockFlowFile,23B] to original
[main] DEBUG org.apache.nifi.processors.standard.RouteText - RouteText[id=7eed8dc2-ebc4-49da-951a-9990a8cef519] Adding new dynamic property: PropertyDescriptor[simple]
[pool-3146-thread-1] INFO org.apache.nifi.processors.standard.RouteText - RouteText[id=7eed8dc2-ebc4-49da-951a-9990a8cef519] Created FlowFile[1649,94824089006320.mockFlowFile,23B] from FlowFile[1648,94824089006320.mockFlowFile,23B]; routing to relationship simple
[pool-3146-thread-1] INFO org.apache.nifi.processors.standard.RouteText - RouteText[id=7eed8dc2-ebc4-49da-951a-9990a8cef519] Routing FlowFile[1648,94824089006320.mockFlowFile,23B] to original
[main] DEBUG org.apache.nifi.processors.standard.RouteText - RouteText[id=7eed8dc2-ebc4-49da-951a-9990a8cef519] Adding new dynamic property: PropertyDescriptor[simple]
[pool-3147-thread-1] INFO org.apache.nifi.processors.standard.RouteText - RouteText[id=7eed8dc2-ebc4-49da-951a-9990a8cef519] Created FlowFile[1651,94824089466229.mockFlowFile,23B] from FlowFile[1650,94824089466229.mockFlowFile,23B]; routing to relationship simple
[pool-3147-thread-1] INFO org.apache.nifi.processors.standard.RouteText - RouteText[id=7eed8dc2-ebc4-49da-951a-9990a8cef519] Routing FlowFile[1650,94824089466229.mockFlowFile,23B] to original
[main] DEBUG org.apache.nifi.processors.standard.RouteText - RouteText[id=7eed8dc2-ebc4-49da-951a-9990a8cef519] Adding new dynamic property: PropertyDescriptor[simple]
[pool-3148-thread-1] INFO org.apache.nifi.processors.standard.RouteText - RouteText[id=7eed8dc2-ebc4-49da-951a-9990a8cef519] Created FlowFile[1653,94824089867423.mockFlowFile,23B] from FlowFile[1652,94824089867423.mockFlowFile,23B]; routing to relationship simple
[pool-3148-thread-1] INFO org.apache.nifi.processors.standard.RouteText - RouteText[id=7eed8dc2-ebc4-49da-951a-9990a8cef519] Routing FlowFile[1652,94824089867423.mockFlowFile,23B] to original
[main] DEBUG org.apache.nifi.processors.standard.RouteText - RouteText[id=7eed8dc2-ebc4-49da-951a-9990a8cef519] Adding new dynamic property: PropertyDescriptor[simple]
[pool-3149-thread-1] INFO org.apache.nifi.processors.standard.RouteText - RouteText[id=7eed8dc2-ebc4-49da-951a-9990a8cef519] Created FlowFile[1655,94824090239616.mockFlowFile,23B] from FlowFile[1654,94824090239616.mockFlowFile,23B]; routing to relationship simple
[pool-3149-thread-1] INFO org.apache.nifi.processors.standard.RouteText - RouteText[id=7eed8dc2-ebc4-49da-951a-9990a8cef519] Routing FlowFile[1654,94824090239616.mockFlowFile,23B] to original
[main] DEBUG org.apache.nifi.processors.standard.RouteText - RouteText[id=7eed8dc2-ebc4-49da-951a-9990a8cef519] Adding new dynamic property: PropertyDescriptor[simple]
[pool-3150-thread-1] INFO org.apache.nifi.processors.standard.RouteText - RouteText[id=7eed8dc2-ebc4-49da-951a-9990a8cef519] Created FlowFile[1657,94824090592251.mockFlowFile,23B] from FlowFile[1656,94824090592251.mockFlowFile,23B]; routing to relationship simple
[pool-3150-thread-1] INFO org.apache.nifi.processors.standard.RouteText - RouteText[id=7eed8dc2-ebc4-49da-951a-9990a8cef519] Routing FlowFile[1656,94824090592251.mockFlowFile,23B] to original
[main] DEBUG org.apache.nifi.processors.standard.RouteText - RouteText[id=7eed8dc2-ebc4-49da-951a-9990a8cef519] Adding new dynamic property: PropertyDescriptor[simple]
[pool-3151-thread-1] INFO org.apache.nifi.processors.standard.RouteText - RouteText[id=7eed8dc2-ebc4-49da-951a-9990a8cef519] Created FlowFile[1659,94824090936885.mockFlowFile,23B] from FlowFile[1658,94824090936885.mockFlowFile,23B]; routing to relationship simple
[pool-3151-thread-1] INFO org.apache.nifi.processors.standard.RouteText - RouteText[id=7eed8dc2-ebc4-49da-951a-9990a8cef519] Routing FlowFile[1658,94824090936885.mockFlowFile,23B] to original
[main] DEBUG org.apache.nifi.processors.standard.RouteText - RouteText[id=7eed8dc2-ebc4-49da-951a-9990a8cef519] Adding new dynamic property: PropertyDescriptor[simple]
[pool-3152-thread-1] INFO org.apache.nifi.processors.standard.RouteText - RouteText[id=7eed8dc2-ebc4-49da-951a-9990a8cef519] Created FlowFile[1661,94824091354490.mockFlowFile,23B] from FlowFile[1660,94824091354490.mockFlowFile,23B]; routing to relationship simple
[pool-3152-thread-1] INFO org.apache.nifi.processors.standard.RouteText - RouteText[id=7eed8dc2-ebc4-49da-951a-9990a8cef519] Routing FlowFile[1660,94824091354490.mockFlowFile,23B] to original
[main] DEBUG org.apache.nifi.processors.standard.RouteText - RouteText[id=7eed8dc2-ebc4-49da-951a-9990a8cef519] Adding new dynamic property: PropertyDescriptor[simple]
[pool-3153-thread-1] INFO org.apache.nifi.processors.standard.RouteText - RouteText[id=7eed8dc2-ebc4-49da-951a-9990a8cef519] Created FlowFile[1663,94824091854806.mockFlowFile,23B] from FlowFile[1662,94824091854806.mockFlowFile,23B]; routing to relationship simple
[pool-3153-thread-1] INFO org.apache.nifi.processors.standard.RouteText - RouteText[id=7eed8dc2-ebc4-49da-951a-9990a8cef519] Routing FlowFile[1662,94824091854806.mockFlowFile,23B] to original
[main] DEBUG org.apache.nifi.processors.standard.RouteText - RouteText[id=7eed8dc2-ebc4-49da-951a-9990a8cef519] Adding new dynamic property: PropertyDescriptor[simple]
[pool-3154-thread-1] INFO org.apache.nifi.processors.standard.RouteText - RouteText[id=7eed8dc2-ebc4-49da-951a-9990a8cef519] Created FlowFile[1665,94824092375788.mockFlowFile,23B] from FlowFile[1664,94824092375788.mockFlowFile,23B]; routing to relationship simple
[pool-3154-thread-1] INFO org.apache.nifi.processors.standard.RouteText - RouteText[id=7eed8dc2-ebc4-49da-951a-9990a8cef519] Routing FlowFile[1664,94824092375788.mockFlowFile,23B] to original
[main] DEBUG org.apache.nifi.processors.standard.RouteText - RouteText[id=7eed8dc2-ebc4-49da-951a-9990a8cef519] Adding new dynamic property: PropertyDescriptor[simple]
[pool-3155-thread-1] INFO org.apache.nifi.processors.standard.RouteText - RouteText[id=7eed8dc2-ebc4-49da-951a-9990a8cef519] Created FlowFile[1667,94824092853937.mockFlowFile,23B] from FlowFile[1666,94824092853937.mockFlowFile,23B]; routing to relationship simple
[pool-3155-thread-1] INFO org.apache.nifi.processors.standard.RouteText - RouteText[id=7eed8dc2-ebc4-49da-951a-9990a8cef519] Routing FlowFile[1666,94824092853937.mockFlowFile,23B] to original
[main] DEBUG org.apache.nifi.processors.standard.RouteText - RouteText[id=7eed8dc2-ebc4-49da-951a-9990a8cef519] Adding new dynamic property: PropertyDescriptor[simple]
[pool-3156-thread-1] INFO org.apache.nifi.processors.standard.RouteText - RouteText[id=7eed8dc2-ebc4-49da-951a-9990a8cef519] Created FlowFile[1669,94824094137432.mockFlowFile,23B] from FlowFile[1668,94824094137432.mockFlowFile,23B]; routing to relationship simple
[pool-3156-thread-1] INFO org.apache.nifi.processors.standard.RouteText - RouteText[id=7eed8dc2-ebc4-49da-951a-9990a8cef519] Routing FlowFile[1668,94824094137432.mockFlowFile,23B] to original
[main] DEBUG org.apache.nifi.processors.standard.RouteText - RouteText[id=7eed8dc2-ebc4-49da-951a-9990a8cef519] Adding new dynamic property: PropertyDescriptor[simple]
[pool-3157-thread-1] INFO org.apache.nifi.processors.standard.RouteText - RouteText[id=7eed8dc2-ebc4-49da-951a-9990a8cef519] Created FlowFile[1671,94824094763689.mockFlowFile,23B] from FlowFile[1670,94824094763689.mockFlowFile,23B]; routing to relationship simple
[pool-3157-thread-1] INFO org.apache.nifi.processors.standard.RouteText - RouteText[id=7eed8dc2-ebc4-49da-951a-9990a8cef519] Routing FlowFile[1670,94824094763689.mockFlowFile,23B] to original
[main] DEBUG org.apache.nifi.processors.standard.RouteText - RouteText[id=7eed8dc2-ebc4-49da-951a-9990a8cef519] Adding new dynamic property: PropertyDescriptor[simple]
[pool-3158-thread-1] INFO org.apache.nifi.processors.standard.RouteText - RouteText[id=7eed8dc2-ebc4-49da-951a-9990a8cef519] Created FlowFile[1673,94824095224182.mockFlowFile,23B] from FlowFile[1672,94824095224182.mockFlowFile,23B]; routing to relationship simple
[pool-3158-thread-1] INFO org.apache.nifi.processors.standard.RouteText - RouteText[id=7eed8dc2-ebc4-49da-951a-9990a8cef519] Routing FlowFile[1672,94824095224182.mockFlowFile,23B] to original
[main] DEBUG org.apache.nifi.processors.standard.RouteText - RouteText[id=7eed8dc2-ebc4-49da-951a-9990a8cef519] Adding new dynamic property: PropertyDescriptor[simple]
[pool-3159-thread-1] INFO org.apache.nifi.processors.standard.RouteText - RouteText[id=7eed8dc2-ebc4-49da-951a-9990a8cef519] Created FlowFile[1675,94824095699265.mockFlowFile,23B] from FlowFile[1674,94824095699265.mockFlowFile,23B]; routing to relationship simple
[pool-3159-thread-1] INFO org.apache.nifi.processors.standard.RouteText - RouteText[id=7eed8dc2-ebc4-49da-951a-9990a8cef519] Routing FlowFile[1674,94824095699265.mockFlowFile,23B] to original
[main] DEBUG org.apache.nifi.processors.standard.RouteText - RouteText[id=7eed8dc2-ebc4-49da-951a-9990a8cef519] Adding new dynamic property: PropertyDescriptor[simple]
[pool-3160-thread-1] INFO org.apache.nifi.processors.standard.RouteText - RouteText[id=7eed8dc2-ebc4-49da-951a-9990a8cef519] Created FlowFile[1677,94824096108963.mockFlowFile,23B] from FlowFile[1676,94824096108963.mockFlowFile,23B]; routing to relationship simple
[pool-3160-thread-1] INFO org.apache.nifi.processors.standard.RouteText - RouteText[id=7eed8dc2-ebc4-49da-951a-9990a8cef519] Routing FlowFile[1676,94824096108963.mockFlowFile,23B] to original
[main] DEBUG org.apache.nifi.processors.standard.RouteText - RouteText[id=7eed8dc2-ebc4-49da-951a-9990a8cef519] Adding new dynamic property: PropertyDescriptor[simple]
[pool-3161-thread-1] INFO org.apache.nifi.processors.standard.RouteText - RouteText[id=7eed8dc2-ebc4-49da-951a-9990a8cef519] Created FlowFile[1679,94824096591548.mockFlowFile,23B] from FlowFile[1678,94824096591548.mockFlowFile,23B]; routing to relationship simple
[pool-3161-thread-1] INFO org.apache.nifi.processors.standard.RouteText - RouteText[id=7eed8dc2-ebc4-49da-951a-9990a8cef519] Routing FlowFile[1678,94824096591548.mockFlowFile,23B] to original
[main] DEBUG org.apache.nifi.processors.standard.RouteText - RouteText[id=7eed8dc2-ebc4-49da-951a-9990a8cef519] Adding new dynamic property: PropertyDescriptor[simple]
[pool-3162-thread-1] INFO org.apache.nifi.processors.standard.RouteText - RouteText[id=7eed8dc2-ebc4-49da-951a-9990a8cef519] Created FlowFile[1681,94824097129511.mockFlowFile,23B] from FlowFile[1680,94824097129511.mockFlowFile,23B]; routing to relationship simple
[pool-3162-thread-1] INFO org.apache.nifi.processors.standard.RouteText - RouteText[id=7eed8dc2-ebc4-49da-951a-9990a8cef519] Routing FlowFile[1680,94824097129511.mockFlowFile,23B] to original
[main] DEBUG org.apache.nifi.processors.standard.RouteText - RouteText[id=7eed8dc2-ebc4-49da-951a-9990a8cef519] Adding new dynamic property: PropertyDescriptor[simple]
[pool-3163-thread-1] INFO org.apache.nifi.processors.standard.RouteText - RouteText[id=7eed8dc2-ebc4-49da-951a-9990a8cef519] Created FlowFile[1683,94824097643124.mockFlowFile,23B] from FlowFile[1682,94824097643124.mockFlowFile,23B]; routing to relationship simple
[pool-3163-thread-1] INFO org.apache.nifi.processors.standard.RouteText - RouteText[id=7eed8dc2-ebc4-49da-951a-9990a8cef519] Routing FlowFile[1682,94824097643124.mockFlowFile,23B] to original
[main] DEBUG org.apache.nifi.processors.standard.RouteText - RouteText[id=7eed8dc2-ebc4-49da-951a-9990a8cef519] Adding new dynamic property: PropertyDescriptor[simple]
[pool-3164-thread-1] INFO org.apache.nifi.processors.standard.RouteText - RouteText[id=7eed8dc2-ebc4-49da-951a-9990a8cef519] Created FlowFile[1685,94824098122627.mockFlowFile,23B] from FlowFile[1684,94824098122627.mockFlowFile,23B]; routing to relationship simple
[pool-3164-thread-1] INFO org.apache.nifi.processors.standard.RouteText - RouteText[id=7eed8dc2-ebc4-49da-951a-9990a8cef519] Routing FlowFile[1684,94824098122627.mockFlowFile,23B] to original
[main] DEBUG org.apache.nifi.processors.standard.RouteText - RouteText[id=7eed8dc2-ebc4-49da-951a-9990a8cef519] Adding new dynamic property: PropertyDescriptor[simple]
[pool-3165-thread-1] INFO org.apache.nifi.processors.standard.RouteText - RouteText[id=7eed8dc2-ebc4-49da-951a-9990a8cef519] Created FlowFile[1687,94824098550941.mockFlowFile,23B] from FlowFile[1686,94824098550941.mockFlowFile,23B]; routing to relationship simple
[pool-3165-thread-1] INFO org.apache.nifi.processors.standard.RouteText - RouteText[id=7eed8dc2-ebc4-49da-951a-9990a8cef519] Routing FlowFile[1686,94824098550941.mockFlowFile,23B] to original
[main] DEBUG org.apache.nifi.processors.standard.RouteText - RouteText[id=7eed8dc2-ebc4-49da-951a-9990a8cef519] Adding new dynamic property: PropertyDescriptor[simple]
[pool-3166-thread-1] INFO org.apache.nifi.processors.standard.RouteText - RouteText[id=7eed8dc2-ebc4-49da-951a-9990a8cef519] Created FlowFile[1689,94824098942808.mockFlowFile,23B] from FlowFile[1688,94824098942808.mockFlowFile,23B]; routing to relationship simple
[pool-3166-thread-1] INFO org.apache.nifi.processors.standard.RouteText - RouteText[id=7eed8dc2-ebc4-49da-951a-9990a8cef519] Routing FlowFile[1688,94824098942808.mockFlowFile,23B] to original
[main] DEBUG org.apache.nifi.processors.standard.RouteText - RouteText[id=7eed8dc2-ebc4-49da-951a-9990a8cef519] Adding new dynamic property: PropertyDescriptor[simple]
[pool-3167-thread-1] INFO org.apache.nifi.processors.standard.RouteText - RouteText[id=7eed8dc2-ebc4-49da-951a-9990a8cef519] Created FlowFile[1691,94824099437762.mockFlowFile,23B] from FlowFile[1690,94824099437762.mockFlowFile,23B]; routing to relationship simple
[pool-3167-thread-1] INFO org.apache.nifi.processors.standard.RouteText - RouteText[id=7eed8dc2-ebc4-49da-951a-9990a8cef519] Routing FlowFile[1690,94824099437762.mockFlowFile,23B] to original
[main] DEBUG org.apache.nifi.processors.standard.RouteText - RouteText[id=7eed8dc2-ebc4-49da-951a-9990a8cef519] Adding new dynamic property: PropertyDescriptor[simple]
[pool-3168-thread-1] INFO org.apache.nifi.processors.standard.RouteText - RouteText[id=7eed8dc2-ebc4-49da-951a-9990a8cef519] Created FlowFile[1693,94824099954216.mockFlowFile,23B] from FlowFile[1692,94824099954216.mockFlowFile,23B]; routing to relationship simple
[pool-3168-thread-1] INFO org.apache.nifi.processors.standard.RouteText - RouteText[id=7eed8dc2-ebc4-49da-951a-9990a8cef519] Routing FlowFile[1692,94824099954216.mockFlowFile,23B] to original
[main] DEBUG org.apache.nifi.processors.standard.RouteText - RouteText[id=7eed8dc2-ebc4-49da-951a-9990a8cef519] Adding new dynamic property: PropertyDescriptor[simple]
[pool-3169-thread-1] INFO org.apache.nifi.processors.standard.RouteText - RouteText[id=7eed8dc2-ebc4-49da-951a-9990a8cef519] Created FlowFile[1695,94824100549155.mockFlowFile,23B] from FlowFile[1694,94824100549155.mockFlowFile,23B]; routing to relationship simple
[pool-3169-thread-1] INFO org.apache.nifi.processors.standard.RouteText - RouteText[id=7eed8dc2-ebc4-49da-951a-9990a8cef519] Routing FlowFile[1694,94824100549155.mockFlowFile,23B] to original
[main] DEBUG org.apache.nifi.processors.standard.RouteText - RouteText[id=7eed8dc2-ebc4-49da-951a-9990a8cef519] Adding new dynamic property: PropertyDescriptor[simple]
[pool-3170-thread-1] INFO org.apache.nifi.processors.standard.RouteText - RouteText[id=7eed8dc2-ebc4-49da-951a-9990a8cef519] Created FlowFile[1697,94824101027539.mockFlowFile,23B] from FlowFile[1696,94824101027539.mockFlowFile,23B]; routing to relationship simple
[pool-3170-thread-1] INFO org.apache.nifi.processors.standard.RouteText - RouteText[id=7eed8dc2-ebc4-49da-951a-9990a8cef519] Routing FlowFile[1696,94824101027539.mockFlowFile,23B] to original
[main] DEBUG org.apache.nifi.processors.standard.RouteText - RouteText[id=7eed8dc2-ebc4-49da-951a-9990a8cef519] Adding new dynamic property: PropertyDescriptor[simple]
[pool-3171-thread-1] INFO org.apache.nifi.processors.standard.RouteText - RouteText[id=7eed8dc2-ebc4-49da-951a-9990a8cef519] Created FlowFile[1699,94824101501690.mockFlowFile,23B] from FlowFile[1698,94824101501690.mockFlowFile,23B]; routing to relationship simple
[pool-3171-thread-1] INFO org.apache.nifi.processors.standard.RouteText - RouteText[id=7eed8dc2-ebc4-49da-951a-9990a8cef519] Routing FlowFile[1698,94824101501690.mockFlowFile,23B] to original
[main] DEBUG org.apache.nifi.processors.standard.RouteText - RouteText[id=7eed8dc2-ebc4-49da-951a-9990a8cef519] Adding new dynamic property: PropertyDescriptor[simple]
[pool-3172-thread-1] INFO org.apache.nifi.processors.standard.RouteText - RouteText[id=7eed8dc2-ebc4-49da-951a-9990a8cef519] Created FlowFile[1701,94824101938913.mockFlowFile,23B] from FlowFile[1700,94824101938913.mockFlowFile,23B]; routing to relationship simple
[pool-3172-thread-1] INFO org.apache.nifi.processors.standard.RouteText - RouteText[id=7eed8dc2-ebc4-49da-951a-9990a8cef519] Routing FlowFile[1700,94824101938913.mockFlowFile,23B] to original
[main] DEBUG org.apache.nifi.processors.standard.RouteText - RouteText[id=7eed8dc2-ebc4-49da-951a-9990a8cef519] Adding new dynamic property: PropertyDescriptor[simple]
[pool-3173-thread-1] INFO org.apache.nifi.processors.standard.RouteText - RouteText[id=7eed8dc2-ebc4-49da-951a-9990a8cef519] Created FlowFile[1703,94824102422180.mockFlowFile,23B] from FlowFile[1702,94824102422180.mockFlowFile,23B]; routing to relationship simple
[pool-3173-thread-1] INFO org.apache.nifi.processors.standard.RouteText - RouteText[id=7eed8dc2-ebc4-49da-951a-9990a8cef519] Routing FlowFile[1702,94824102422180.mockFlowFile,23B] to original
[main] DEBUG org.apache.nifi.processors.standard.RouteText - RouteText[id=7eed8dc2-ebc4-49da-951a-9990a8cef519] Adding new dynamic property: PropertyDescriptor[simple]
[pool-3174-thread-1] INFO org.apache.nifi.processors.standard.RouteText - RouteText[id=7eed8dc2-ebc4-49da-951a-9990a8cef519] Created FlowFile[1705,94824102888536.mockFlowFile,23B] from FlowFile[1704,94824102888536.mockFlowFile,23B]; routing to relationship simple
[pool-3174-thread-1] INFO org.apache.nifi.processors.standard.RouteText - RouteText[id=7eed8dc2-ebc4-49da-951a-9990a8cef519] Routing FlowFile[1704,94824102888536.mockFlowFile,23B] to original
[main] DEBUG org.apache.nifi.processors.standard.RouteText - RouteText[id=7eed8dc2-ebc4-49da-951a-9990a8cef519] Adding new dynamic property: PropertyDescriptor[simple]
[pool-3175-thread-1] INFO org.apache.nifi.processors.standard.RouteText - RouteText[id=7eed8dc2-ebc4-49da-951a-9990a8cef519] Created FlowFile[1707,94824103410446.mockFlowFile,23B] from FlowFile[1706,94824103410446.mockFlowFile,23B]; routing to relationship simple
[pool-3175-thread-1] INFO org.apache.nifi.processors.standard.RouteText - RouteText[id=7eed8dc2-ebc4-49da-951a-9990a8cef519] Routing FlowFile[1706,94824103410446.mockFlowFile,23B] to original
[main] DEBUG org.apache.nifi.processors.standard.RouteText - RouteText[id=7eed8dc2-ebc4-49da-951a-9990a8cef519] Adding new dynamic property: PropertyDescriptor[simple]
[pool-3176-thread-1] INFO org.apache.nifi.processors.standard.RouteText - RouteText[id=7eed8dc2-ebc4-49da-951a-9990a8cef519] Created FlowFile[1709,94824103832879.mockFlowFile,23B] from FlowFile[1708,94824103832879.mockFlowFile,23B]; routing to relationship simple
[pool-3176-thread-1] INFO org.apache.nifi.processors.standard.RouteText - RouteText[id=7eed8dc2-ebc4-49da-951a-9990a8cef519] Routing FlowFile[1708,94824103832879.mockFlowFile,23B] to original
[main] DEBUG org.apache.nifi.processors.standard.RouteText - RouteText[id=7eed8dc2-ebc4-49da-951a-9990a8cef519] Adding new dynamic property: PropertyDescriptor[simple]
[pool-3177-thread-1] INFO org.apache.nifi.processors.standard.RouteText - RouteText[id=7eed8dc2-ebc4-49da-951a-9990a8cef519] Created FlowFile[1711,94824104244181.mockFlowFile,23B] from FlowFile[1710,94824104244181.mockFlowFile,23B]; routing to relationship simple
[pool-3177-thread-1] INFO org.apache.nifi.processors.standard.RouteText - RouteText[id=7eed8dc2-ebc4-49da-951a-9990a8cef519] Routing FlowFile[1710,94824104244181.mockFlowFile,23B] to original
[main] DEBUG org.apache.nifi.processors.standard.RouteText - RouteText[id=7eed8dc2-ebc4-49da-951a-9990a8cef519] Adding new dynamic property: PropertyDescriptor[simple]
[pool-3178-thread-1] INFO org.apache.nifi.processors.standard.RouteText - RouteText[id=7eed8dc2-ebc4-49da-951a-9990a8cef519] Created FlowFile[1713,94824104743664.mockFlowFile,23B] from FlowFile[1712,94824104743664.mockFlowFile,23B]; routing to relationship simple
[pool-3178-thread-1] INFO org.apache.nifi.processors.standard.RouteText - RouteText[id=7eed8dc2-ebc4-49da-951a-9990a8cef519] Routing FlowFile[1712,94824104743664.mockFlowFile,23B] to original
[main] DEBUG org.apache.nifi.processors.standard.RouteText - RouteText[id=7eed8dc2-ebc4-49da-951a-9990a8cef519] Adding new dynamic property: PropertyDescriptor[simple]
[pool-3179-thread-1] INFO org.apache.nifi.processors.standard.RouteText - RouteText[id=7eed8dc2-ebc4-49da-951a-9990a8cef519] Created FlowFile[1715,94824105203802.mockFlowFile,23B] from FlowFile[1714,94824105203802.mockFlowFile,23B]; routing to relationship simple
[pool-3179-thread-1] INFO org.apache.nifi.processors.standard.RouteText - RouteText[id=7eed8dc2-ebc4-49da-951a-9990a8cef519] Routing FlowFile[1714,94824105203802.mockFlowFile,23B] to original
[main] DEBUG org.apache.nifi.processors.standard.RouteText - RouteText[id=7eed8dc2-ebc4-49da-951a-9990a8cef519] Adding new dynamic property: PropertyDescriptor[simple]
[pool-3180-thread-1] INFO org.apache.nifi.processors.standard.RouteText - RouteText[id=7eed8dc2-ebc4-49da-951a-9990a8cef519] Created FlowFile[1717,94824105682485.mockFlowFile,23B] from FlowFile[1716,94824105682485.mockFlowFile,23B]; routing to relationship simple
[pool-3180-thread-1] INFO org.apache.nifi.processors.standard.RouteText - RouteText[id=7eed8dc2-ebc4-49da-951a-9990a8cef519] Routing FlowFile[1716,94824105682485.mockFlowFile,23B] to original
[main] DEBUG org.apache.nifi.processors.standard.RouteText - RouteText[id=7eed8dc2-ebc4-49da-951a-9990a8cef519] Adding new dynamic property: PropertyDescriptor[simple]
[pool-3181-thread-1] INFO org.apache.nifi.processors.standard.RouteText - RouteText[id=7eed8dc2-ebc4-49da-951a-9990a8cef519] Created FlowFile[1719,94824106156631.mockFlowFile,23B] from FlowFile[1718,94824106156631.mockFlowFile,23B]; routing to relationship simple
[pool-3181-thread-1] INFO org.apache.nifi.processors.standard.RouteText - RouteText[id=7eed8dc2-ebc4-49da-951a-9990a8cef519] Routing FlowFile[1718,94824106156631.mockFlowFile,23B] to original
[main] DEBUG org.apache.nifi.processors.standard.RouteText - RouteText[id=7eed8dc2-ebc4-49da-951a-9990a8cef519] Adding new dynamic property: PropertyDescriptor[simple]
[pool-3182-thread-1] INFO org.apache.nifi.processors.standard.RouteText - RouteText[id=7eed8dc2-ebc4-49da-951a-9990a8cef519] Created FlowFile[1721,94824106537530.mockFlowFile,23B] from FlowFile[1720,94824106537530.mockFlowFile,23B]; routing to relationship simple
[pool-3182-thread-1] INFO org.apache.nifi.processors.standard.RouteText - RouteText[id=7eed8dc2-ebc4-49da-951a-9990a8cef519] Routing FlowFile[1720,94824106537530.mockFlowFile,23B] to original
[main] DEBUG org.apache.nifi.processors.standard.RouteText - RouteText[id=7eed8dc2-ebc4-49da-951a-9990a8cef519] Adding new dynamic property: PropertyDescriptor[simple]
[pool-3183-thread-1] INFO org.apache.nifi.processors.standard.RouteText - RouteText[id=7eed8dc2-ebc4-49da-951a-9990a8cef519] Created FlowFile[1723,94824106908053.mockFlowFile,23B] from FlowFile[1722,94824106908053.mockFlowFile,23B]; routing to relationship simple
[pool-3183-thread-1] INFO org.apache.nifi.processors.standard.RouteText - RouteText[id=7eed8dc2-ebc4-49da-951a-9990a8cef519] Routing FlowFile[1722,94824106908053.mockFlowFile,23B] to original
[main] DEBUG org.apache.nifi.processors.standard.RouteText - RouteText[id=7eed8dc2-ebc4-49da-951a-9990a8cef519] Adding new dynamic property: PropertyDescriptor[simple]
[pool-3184-thread-1] INFO org.apache.nifi.processors.standard.RouteText - RouteText[id=7eed8dc2-ebc4-49da-951a-9990a8cef519] Created FlowFile[1725,94824107366259.mockFlowFile,23B] from FlowFile[1724,94824107366259.mockFlowFile,23B]; routing to relationship simple
[pool-3184-thread-1] INFO org.apache.nifi.processors.standard.RouteText - RouteText[id=7eed8dc2-ebc4-49da-951a-9990a8cef519] Routing FlowFile[1724,94824107366259.mockFlowFile,23B] to original
[main] DEBUG org.apache.nifi.processors.standard.RouteText - RouteText[id=7eed8dc2-ebc4-49da-951a-9990a8cef519] Adding new dynamic property: PropertyDescriptor[simple]
[pool-3185-thread-1] INFO org.apache.nifi.processors.standard.RouteText - RouteText[id=7eed8dc2-ebc4-49da-951a-9990a8cef519] Created FlowFile[1727,94824107843979.mockFlowFile,23B] from FlowFile[1726,94824107843979.mockFlowFile,23B]; routing to relationship simple
[pool-3185-thread-1] INFO org.apache.nifi.processors.standard.RouteText - RouteText[id=7eed8dc2-ebc4-49da-951a-9990a8cef519] Routing FlowFile[1726,94824107843979.mockFlowFile,23B] to original
[main] DEBUG org.apache.nifi.processors.standard.RouteText - RouteText[id=7eed8dc2-ebc4-49da-951a-9990a8cef519] Adding new dynamic property: PropertyDescriptor[simple]
[pool-3186-thread-1] INFO org.apache.nifi.processors.standard.RouteText - RouteText[id=7eed8dc2-ebc4-49da-951a-9990a8cef519] Created FlowFile[1729,94824108303149.mockFlowFile,23B] from FlowFile[1728,94824108303149.mockFlowFile,23B]; routing to relationship simple
[pool-3186-thread-1] INFO org.apache.nifi.processors.standard.RouteText - RouteText[id=7eed8dc2-ebc4-49da-951a-9990a8cef519] Routing FlowFile[1728,94824108303149.mockFlowFile,23B] to original
[main] DEBUG org.apache.nifi.processors.standard.RouteText - RouteText[id=7eed8dc2-ebc4-49da-951a-9990a8cef519] Adding new dynamic property: PropertyDescriptor[simple]
[pool-3187-thread-1] INFO org.apache.nifi.processors.standard.RouteText - RouteText[id=7eed8dc2-ebc4-49da-951a-9990a8cef519] Created FlowFile[1731,94824108783924.mockFlowFile,23B] from FlowFile[1730,94824108783924.mockFlowFile,23B]; routing to relationship simple
[pool-3187-thread-1] INFO org.apache.nifi.processors.standard.RouteText - RouteText[id=7eed8dc2-ebc4-49da-951a-9990a8cef519] Routing FlowFile[1730,94824108783924.mockFlowFile,23B] to original
[main] DEBUG org.apache.nifi.processors.standard.RouteText - RouteText[id=7eed8dc2-ebc4-49da-951a-9990a8cef519] Adding new dynamic property: PropertyDescriptor[simple]
[pool-3188-thread-1] INFO org.apache.nifi.processors.standard.RouteText - RouteText[id=7eed8dc2-ebc4-49da-951a-9990a8cef519] Created FlowFile[1733,94824109234855.mockFlowFile,23B] from FlowFile[1732,94824109234855.mockFlowFile,23B]; routing to relationship simple
[pool-3188-thread-1] INFO org.apache.nifi.processors.standard.RouteText - RouteText[id=7eed8dc2-ebc4-49da-951a-9990a8cef519] Routing FlowFile[1732,94824109234855.mockFlowFile,23B] to original
[main] DEBUG org.apache.nifi.processors.standard.RouteText - RouteText[id=7eed8dc2-ebc4-49da-951a-9990a8cef519] Adding new dynamic property: PropertyDescriptor[simple]
[pool-3189-thread-1] INFO org.apache.nifi.processors.standard.RouteText - RouteText[id=7eed8dc2-ebc4-49da-951a-9990a8cef519] Created FlowFile[1735,94824109673144.mockFlowFile,23B] from FlowFile[1734,94824109673144.mockFlowFile,23B]; routing to relationship simple
[pool-3189-thread-1] INFO org.apache.nifi.processors.standard.RouteText - RouteText[id=7eed8dc2-ebc4-49da-951a-9990a8cef519] Routing FlowFile[1734,94824109673144.mockFlowFile,23B] to original
[main] DEBUG org.apache.nifi.processors.standard.RouteText - RouteText[id=7eed8dc2-ebc4-49da-951a-9990a8cef519] Adding new dynamic property: PropertyDescriptor[simple]
[pool-3190-thread-1] INFO org.apache.nifi.processors.standard.RouteText - RouteText[id=7eed8dc2-ebc4-49da-951a-9990a8cef519] Created FlowFile[1737,94824110026271.mockFlowFile,23B] from FlowFile[1736,94824110026271.mockFlowFile,23B]; routing to relationship simple
[pool-3190-thread-1] INFO org.apache.nifi.processors.standard.RouteText - RouteText[id=7eed8dc2-ebc4-49da-951a-9990a8cef519] Routing FlowFile[1736,94824110026271.mockFlowFile,23B] to original
[main] DEBUG org.apache.nifi.processors.standard.RouteText - RouteText[id=7eed8dc2-ebc4-49da-951a-9990a8cef519] Adding new dynamic property: PropertyDescriptor[simple]
[pool-3191-thread-1] INFO org.apache.nifi.processors.standard.RouteText - RouteText[id=7eed8dc2-ebc4-49da-951a-9990a8cef519] Created FlowFile[1739,94824110377680.mockFlowFile,23B] from FlowFile[1738,94824110377680.mockFlowFile,23B]; routing to relationship simple
[pool-3191-thread-1] INFO org.apache.nifi.processors.standard.RouteText - RouteText[id=7eed8dc2-ebc4-49da-951a-9990a8cef519] Routing FlowFile[1738,94824110377680.mockFlowFile,23B] to original
[main] DEBUG org.apache.nifi.processors.standard.RouteText - RouteText[id=7eed8dc2-ebc4-49da-951a-9990a8cef519] Adding new dynamic property: PropertyDescriptor[simple]
[pool-3192-thread-1] INFO org.apache.nifi.processors.standard.RouteText - RouteText[id=7eed8dc2-ebc4-49da-951a-9990a8cef519] Created FlowFile[1741,94824110726887.mockFlowFile,23B] from FlowFile[1740,94824110726887.mockFlowFile,23B]; routing to relationship simple
[pool-3192-thread-1] INFO org.apache.nifi.processors.standard.RouteText - RouteText[id=7eed8dc2-ebc4-49da-951a-9990a8cef519] Routing FlowFile[1740,94824110726887.mockFlowFile,23B] to original
[main] DEBUG org.apache.nifi.processors.standard.RouteText - RouteText[id=7eed8dc2-ebc4-49da-951a-9990a8cef519] Adding new dynamic property: PropertyDescriptor[simple]
[pool-3193-thread-1] INFO org.apache.nifi.processors.standard.RouteText - RouteText[id=7eed8dc2-ebc4-49da-951a-9990a8cef519] Created FlowFile[1743,94824111079630.mockFlowFile,23B] from FlowFile[1742,94824111079630.mockFlowFile,23B]; routing to relationship simple
[pool-3193-thread-1] INFO org.apache.nifi.processors.standard.RouteText - RouteText[id=7eed8dc2-ebc4-49da-951a-9990a8cef519] Routing FlowFile[1742,94824111079630.mockFlowFile,23B] to original
[main] DEBUG org.apache.nifi.processors.standard.RouteText - RouteText[id=7eed8dc2-ebc4-49da-951a-9990a8cef519] Adding new dynamic property: PropertyDescriptor[simple]
[pool-3194-thread-1] INFO org.apache.nifi.processors.standard.RouteText - RouteText[id=7eed8dc2-ebc4-49da-951a-9990a8cef519] Created FlowFile[1745,94824111597765.mockFlowFile,23B] from FlowFile[1744,94824111597765.mockFlowFile,23B]; routing to relationship simple
[pool-3194-thread-1] INFO org.apache.nifi.processors.standard.RouteText - RouteText[id=7eed8dc2-ebc4-49da-951a-9990a8cef519] Routing FlowFile[1744,94824111597765.mockFlowFile,23B] to original
[main] DEBUG org.apache.nifi.processors.standard.RouteText - RouteText[id=7eed8dc2-ebc4-49da-951a-9990a8cef519] Adding new dynamic property: PropertyDescriptor[simple]
[pool-3195-thread-1] INFO org.apache.nifi.processors.standard.RouteText - RouteText[id=7eed8dc2-ebc4-49da-951a-9990a8cef519] Created FlowFile[1747,94824112048604.mockFlowFile,23B] from FlowFile[1746,94824112048604.mockFlowFile,23B]; routing to relationship simple
[pool-3195-thread-1] INFO org.apache.nifi.processors.standard.RouteText - RouteText[id=7eed8dc2-ebc4-49da-951a-9990a8cef519] Routing FlowFile[1746,94824112048604.mockFlowFile,23B] to original
[main] DEBUG org.apache.nifi.processors.standard.RouteText - RouteText[id=7eed8dc2-ebc4-49da-951a-9990a8cef519] Adding new dynamic property: PropertyDescriptor[simple]
[pool-3196-thread-1] INFO org.apache.nifi.processors.standard.RouteText - RouteText[id=7eed8dc2-ebc4-49da-951a-9990a8cef519] Created FlowFile[1749,94824112528736.mockFlowFile,23B] from FlowFile[1748,94824112528736.mockFlowFile,23B]; routing to relationship simple
[pool-3196-thread-1] INFO org.apache.nifi.processors.standard.RouteText - RouteText[id=7eed8dc2-ebc4-49da-951a-9990a8cef519] Routing FlowFile[1748,94824112528736.mockFlowFile,23B] to original
[main] DEBUG org.apache.nifi.processors.standard.RouteText - RouteText[id=7eed8dc2-ebc4-49da-951a-9990a8cef519] Adding new dynamic property: PropertyDescriptor[simple]
[pool-3197-thread-1] INFO org.apache.nifi.processors.standard.RouteText - RouteText[id=7eed8dc2-ebc4-49da-951a-9990a8cef519] Created FlowFile[1751,94824112993648.mockFlowFile,23B] from FlowFile[1750,94824112993648.mockFlowFile,23B]; routing to relationship simple
[pool-3197-thread-1] INFO org.apache.nifi.processors.standard.RouteText - RouteText[id=7eed8dc2-ebc4-49da-951a-9990a8cef519] Routing FlowFile[1750,94824112993648.mockFlowFile,23B] to original
[main] DEBUG org.apache.nifi.processors.standard.RouteText - RouteText[id=7eed8dc2-ebc4-49da-951a-9990a8cef519] Adding new dynamic property: PropertyDescriptor[simple]
[pool-3198-thread-1] INFO org.apache.nifi.processors.standard.RouteText - RouteText[id=7eed8dc2-ebc4-49da-951a-9990a8cef519] Created FlowFile[1753,94824113440764.mockFlowFile,23B] from FlowFile[1752,94824113440764.mockFlowFile,23B]; routing to relationship simple
[pool-3198-thread-1] INFO org.apache.nifi.processors.standard.RouteText - RouteText[id=7eed8dc2-ebc4-49da-951a-9990a8cef519] Routing FlowFile[1752,94824113440764.mockFlowFile,23B] to original
[main] DEBUG org.apache.nifi.processors.standard.RouteText - RouteText[id=7eed8dc2-ebc4-49da-951a-9990a8cef519] Adding new dynamic property: PropertyDescriptor[simple]
[pool-3199-thread-1] INFO org.apache.nifi.processors.standard.RouteText - RouteText[id=7eed8dc2-ebc4-49da-951a-9990a8cef519] Created FlowFile[1755,94824113820475.mockFlowFile,23B] from FlowFile[1754,94824113820475.mockFlowFile,23B]; routing to relationship simple
[pool-3199-thread-1] INFO org.apache.nifi.processors.standard.RouteText - RouteText[id=7eed8dc2-ebc4-49da-951a-9990a8cef519] Routing FlowFile[1754,94824113820475.mockFlowFile,23B] to original
[main] DEBUG org.apache.nifi.processors.standard.RouteText - RouteText[id=7eed8dc2-ebc4-49da-951a-9990a8cef519] Adding new dynamic property: PropertyDescriptor[simple]
[pool-3200-thread-1] INFO org.apache.nifi.processors.standard.RouteText - RouteText[id=7eed8dc2-ebc4-49da-951a-9990a8cef519] Created FlowFile[1757,94824114195824.mockFlowFile,23B] from FlowFile[1756,94824114195824.mockFlowFile,23B]; routing to relationship simple
[pool-3200-thread-1] INFO org.apache.nifi.processors.standard.RouteText - RouteText[id=7eed8dc2-ebc4-49da-951a-9990a8cef519] Routing FlowFile[1756,94824114195824.mockFlowFile,23B] to original
[main] DEBUG org.apache.nifi.processors.standard.RouteText - RouteText[id=7eed8dc2-ebc4-49da-951a-9990a8cef519] Adding new dynamic property: PropertyDescriptor[simple]
[pool-3201-thread-1] INFO org.apache.nifi.processors.standard.RouteText - RouteText[id=7eed8dc2-ebc4-49da-951a-9990a8cef519] Created FlowFile[1759,94824114559383.mockFlowFile,23B] from FlowFile[1758,94824114559383.mockFlowFile,23B]; routing to relationship simple
[pool-3201-thread-1] INFO org.apache.nifi.processors.standard.RouteText - RouteText[id=7eed8dc2-ebc4-49da-951a-9990a8cef519] Routing FlowFile[1758,94824114559383.mockFlowFile,23B] to original
[main] DEBUG org.apache.nifi.processors.standard.RouteText - RouteText[id=7eed8dc2-ebc4-49da-951a-9990a8cef519] Adding new dynamic property: PropertyDescriptor[simple]
[pool-3202-thread-1] INFO org.apache.nifi.processors.standard.RouteText - RouteText[id=7eed8dc2-ebc4-49da-951a-9990a8cef519] Created FlowFile[1761,94824114922436.mockFlowFile,23B] from FlowFile[1760,94824114922436.mockFlowFile,23B]; routing to relationship simple
[pool-3202-thread-1] INFO org.apache.nifi.processors.standard.RouteText - RouteText[id=7eed8dc2-ebc4-49da-951a-9990a8cef519] Routing FlowFile[1760,94824114922436.mockFlowFile,23B] to original
[main] DEBUG org.apache.nifi.processors.standard.RouteText - RouteText[id=7eed8dc2-ebc4-49da-951a-9990a8cef519] Adding new dynamic property: PropertyDescriptor[simple]
[pool-3203-thread-1] INFO org.apache.nifi.processors.standard.RouteText - RouteText[id=7eed8dc2-ebc4-49da-951a-9990a8cef519] Created FlowFile[1763,94824115387040.mockFlowFile,23B] from FlowFile[1762,94824115387040.mockFlowFile,23B]; routing to relationship simple
[pool-3203-thread-1] INFO org.apache.nifi.processors.standard.RouteText - RouteText[id=7eed8dc2-ebc4-49da-951a-9990a8cef519] Routing FlowFile[1762,94824115387040.mockFlowFile,23B] to original
[main] DEBUG org.apache.nifi.processors.standard.RouteText - RouteText[id=7eed8dc2-ebc4-49da-951a-9990a8cef519] Adding new dynamic property: PropertyDescriptor[simple]
[pool-3204-thread-1] INFO org.apache.nifi.processors.standard.RouteText - RouteText[id=7eed8dc2-ebc4-49da-951a-9990a8cef519] Created FlowFile[1765,94824115800106.mockFlowFile,23B] from FlowFile[1764,94824115800106.mockFlowFile,23B]; routing to relationship simple
[pool-3204-thread-1] INFO org.apache.nifi.processors.standard.RouteText - RouteText[id=7eed8dc2-ebc4-49da-951a-9990a8cef519] Routing FlowFile[1764,94824115800106.mockFlowFile,23B] to original
[main] DEBUG org.apache.nifi.processors.standard.RouteText - RouteText[id=7eed8dc2-ebc4-49da-951a-9990a8cef519] Adding new dynamic property: PropertyDescriptor[simple]
[pool-3205-thread-1] INFO org.apache.nifi.processors.standard.RouteText - RouteText[id=7eed8dc2-ebc4-49da-951a-9990a8cef519] Created FlowFile[1767,94824116332553.mockFlowFile,23B] from FlowFile[1766,94824116332553.mockFlowFile,23B]; routing to relationship simple
[pool-3205-thread-1] INFO org.apache.nifi.processors.standard.RouteText - RouteText[id=7eed8dc2-ebc4-49da-951a-9990a8cef519] Routing FlowFile[1766,94824116332553.mockFlowFile,23B] to original
[main] DEBUG org.apache.nifi.processors.standard.RouteText - RouteText[id=7eed8dc2-ebc4-49da-951a-9990a8cef519] Adding new dynamic property: PropertyDescriptor[simple]
[pool-3206-thread-1] INFO org.apache.nifi.processors.standard.RouteText - RouteText[id=7eed8dc2-ebc4-49da-951a-9990a8cef519] Created FlowFile[1769,94824116801538.mockFlowFile,23B] from FlowFile[1768,94824116801538.mockFlowFile,23B]; routing to relationship simple
[pool-3206-thread-1] INFO org.apache.nifi.processors.standard.RouteText - RouteText[id=7eed8dc2-ebc4-49da-951a-9990a8cef519] Routing FlowFile[1768,94824116801538.mockFlowFile,23B] to original
[main] DEBUG org.apache.nifi.processors.standard.RouteText - RouteText[id=7eed8dc2-ebc4-49da-951a-9990a8cef519] Adding new dynamic property: PropertyDescriptor[simple]
[pool-3207-thread-1] INFO org.apache.nifi.processors.standard.RouteText - RouteText[id=7eed8dc2-ebc4-49da-951a-9990a8cef519] Created FlowFile[1771,94824117248172.mockFlowFile,23B] from FlowFile[1770,94824117248172.mockFlowFile,23B]; routing to relationship simple
[pool-3207-thread-1] INFO org.apache.nifi.processors.standard.RouteText - RouteText[id=7eed8dc2-ebc4-49da-951a-9990a8cef519] Routing FlowFile[1770,94824117248172.mockFlowFile,23B] to original
[main] DEBUG org.apache.nifi.processors.standard.RouteText - RouteText[id=7eed8dc2-ebc4-49da-951a-9990a8cef519] Adding new dynamic property: PropertyDescriptor[simple]
[pool-3208-thread-1] INFO org.apache.nifi.processors.standard.RouteText - RouteText[id=7eed8dc2-ebc4-49da-951a-9990a8cef519] Created FlowFile[1773,94824117684653.mockFlowFile,23B] from FlowFile[1772,94824117684653.mockFlowFile,23B]; routing to relationship simple
[pool-3208-thread-1] INFO org.apache.nifi.processors.standard.RouteText - RouteText[id=7eed8dc2-ebc4-49da-951a-9990a8cef519] Routing FlowFile[1772,94824117684653.mockFlowFile,23B] to original
[main] DEBUG org.apache.nifi.processors.standard.RouteText - RouteText[id=7eed8dc2-ebc4-49da-951a-9990a8cef519] Adding new dynamic property: PropertyDescriptor[simple]
[pool-3209-thread-1] INFO org.apache.nifi.processors.standard.RouteText - RouteText[id=7eed8dc2-ebc4-49da-951a-9990a8cef519] Created FlowFile[1775,94824118039152.mockFlowFile,23B] from FlowFile[1774,94824118039152.mockFlowFile,23B]; routing to relationship simple
[pool-3209-thread-1] INFO org.apache.nifi.processors.standard.RouteText - RouteText[id=7eed8dc2-ebc4-49da-951a-9990a8cef519] Routing FlowFile[1774,94824118039152.mockFlowFile,23B] to original
[main] DEBUG org.apache.nifi.processors.standard.RouteText - RouteText[id=7eed8dc2-ebc4-49da-951a-9990a8cef519] Adding new dynamic property: PropertyDescriptor[simple]
[pool-3210-thread-1] INFO org.apache.nifi.processors.standard.RouteText - RouteText[id=7eed8dc2-ebc4-49da-951a-9990a8cef519] Created FlowFile[1777,94824118402012.mockFlowFile,23B] from FlowFile[1776,94824118402012.mockFlowFile,23B]; routing to relationship simple
[pool-3210-thread-1] INFO org.apache.nifi.processors.standard.RouteText - RouteText[id=7eed8dc2-ebc4-49da-951a-9990a8cef519] Routing FlowFile[1776,94824118402012.mockFlowFile,23B] to original
[main] DEBUG org.apache.nifi.processors.standard.RouteText - RouteText[id=7eed8dc2-ebc4-49da-951a-9990a8cef519] Adding new dynamic property: PropertyDescriptor[simple]
[pool-3211-thread-1] INFO org.apache.nifi.processors.standard.RouteText - RouteText[id=7eed8dc2-ebc4-49da-951a-9990a8cef519] Created FlowFile[1779,94824118767100.mockFlowFile,23B] from FlowFile[1778,94824118767100.mockFlowFile,23B]; routing to relationship simple
[pool-3211-thread-1] INFO org.apache.nifi.processors.standard.RouteText - RouteText[id=7eed8dc2-ebc4-49da-951a-9990a8cef519] Routing FlowFile[1778,94824118767100.mockFlowFile,23B] to original
[main] DEBUG org.apache.nifi.processors.standard.RouteText - RouteText[id=7eed8dc2-ebc4-49da-951a-9990a8cef519] Adding new dynamic property: PropertyDescriptor[simple]
[pool-3212-thread-1] INFO org.apache.nifi.processors.standard.RouteText - RouteText[id=7eed8dc2-ebc4-49da-951a-9990a8cef519] Created FlowFile[1781,94824119123806.mockFlowFile,23B] from FlowFile[1780,94824119123806.mockFlowFile,23B]; routing to relationship simple
[pool-3212-thread-1] INFO org.apache.nifi.processors.standard.RouteText - RouteText[id=7eed8dc2-ebc4-49da-951a-9990a8cef519] Routing FlowFile[1780,94824119123806.mockFlowFile,23B] to original
[main] DEBUG org.apache.nifi.processors.standard.RouteText - RouteText[id=7eed8dc2-ebc4-49da-951a-9990a8cef519] Adding new dynamic property: PropertyDescriptor[simple]
[pool-3213-thread-1] INFO org.apache.nifi.processors.standard.RouteText - RouteText[id=7eed8dc2-ebc4-49da-951a-9990a8cef519] Created FlowFile[1783,94824119600823.mockFlowFile,23B] from FlowFile[1782,94824119600823.mockFlowFile,23B]; routing to relationship simple
[pool-3213-thread-1] INFO org.apache.nifi.processors.standard.RouteText - RouteText[id=7eed8dc2-ebc4-49da-951a-9990a8cef519] Routing FlowFile[1782,94824119600823.mockFlowFile,23B] to original
[main] DEBUG org.apache.nifi.processors.standard.RouteText - RouteText[id=7eed8dc2-ebc4-49da-951a-9990a8cef519] Adding new dynamic property: PropertyDescriptor[simple]
[pool-3214-thread-1] INFO org.apache.nifi.processors.standard.RouteText - RouteText[id=7eed8dc2-ebc4-49da-951a-9990a8cef519] Created FlowFile[1785,94824119954796.mockFlowFile,23B] from FlowFile[1784,94824119954796.mockFlowFile,23B]; routing to relationship simple
[pool-3214-thread-1] INFO org.apache.nifi.processors.standard.RouteText - RouteText[id=7eed8dc2-ebc4-49da-951a-9990a8cef519] Routing FlowFile[1784,94824119954796.mockFlowFile,23B] to original
[main] DEBUG org.apache.nifi.processors.standard.RouteText - RouteText[id=7eed8dc2-ebc4-49da-951a-9990a8cef519] Adding new dynamic property: PropertyDescriptor[simple]
[pool-3215-thread-1] INFO org.apache.nifi.processors.standard.RouteText - RouteText[id=7eed8dc2-ebc4-49da-951a-9990a8cef519] Created FlowFile[1787,94824120435891.mockFlowFile,23B] from FlowFile[1786,94824120435891.mockFlowFile,23B]; routing to relationship simple
[pool-3215-thread-1] INFO org.apache.nifi.processors.standard.RouteText - RouteText[id=7eed8dc2-ebc4-49da-951a-9990a8cef519] Routing FlowFile[1786,94824120435891.mockFlowFile,23B] to original
[main] DEBUG org.apache.nifi.processors.standard.RouteText - RouteText[id=7eed8dc2-ebc4-49da-951a-9990a8cef519] Adding new dynamic property: PropertyDescriptor[simple]
[pool-3216-thread-1] INFO org.apache.nifi.processors.standard.RouteText - RouteText[id=7eed8dc2-ebc4-49da-951a-9990a8cef519] Created FlowFile[1789,94824120885244.mockFlowFile,23B] from FlowFile[1788,94824120885244.mockFlowFile,23B]; routing to relationship simple
[pool-3216-thread-1] INFO org.apache.nifi.processors.standard.RouteText - RouteText[id=7eed8dc2-ebc4-49da-951a-9990a8cef519] Routing FlowFile[1788,94824120885244.mockFlowFile,23B] to original
[main] DEBUG org.apache.nifi.processors.standard.RouteText - RouteText[id=7eed8dc2-ebc4-49da-951a-9990a8cef519] Adding new dynamic property: PropertyDescriptor[simple]
[pool-3217-thread-1] INFO org.apache.nifi.processors.standard.RouteText - RouteText[id=7eed8dc2-ebc4-49da-951a-9990a8cef519] Created FlowFile[1791,94824121355952.mockFlowFile,23B] from FlowFile[1790,94824121355952.mockFlowFile,23B]; routing to relationship simple
[pool-3217-thread-1] INFO org.apache.nifi.processors.standard.RouteText - RouteText[id=7eed8dc2-ebc4-49da-951a-9990a8cef519] Routing FlowFile[1790,94824121355952.mockFlowFile,23B] to original
[main] DEBUG org.apache.nifi.processors.standard.RouteText - RouteText[id=7eed8dc2-ebc4-49da-951a-9990a8cef519] Adding new dynamic property: PropertyDescriptor[simple]
[pool-3218-thread-1] INFO org.apache.nifi.processors.standard.RouteText - RouteText[id=7eed8dc2-ebc4-49da-951a-9990a8cef519] Created FlowFile[1793,94824124273270.mockFlowFile,23B] from FlowFile[1792,94824124273270.mockFlowFile,23B]; routing to relationship simple
[pool-3218-thread-1] INFO org.apache.nifi.processors.standard.RouteText - RouteText[id=7eed8dc2-ebc4-49da-951a-9990a8cef519] Routing FlowFile[1792,94824124273270.mockFlowFile,23B] to original
[main] DEBUG org.apache.nifi.processors.standard.RouteText - RouteText[id=7eed8dc2-ebc4-49da-951a-9990a8cef519] Adding new dynamic property: PropertyDescriptor[simple]
[pool-3219-thread-1] INFO org.apache.nifi.processors.standard.RouteText - RouteText[id=7eed8dc2-ebc4-49da-951a-9990a8cef519] Created FlowFile[1795,94824124717593.mockFlowFile,23B] from FlowFile[1794,94824124717593.mockFlowFile,23B]; routing to relationship simple
[pool-3219-thread-1] INFO org.apache.nifi.processors.standard.RouteText - RouteText[id=7eed8dc2-ebc4-49da-951a-9990a8cef519] Routing FlowFile[1794,94824124717593.mockFlowFile,23B] to original
[main] DEBUG org.apache.nifi.processors.standard.RouteText - RouteText[id=7eed8dc2-ebc4-49da-951a-9990a8cef519] Adding new dynamic property: PropertyDescriptor[simple]
[pool-3220-thread-1] INFO org.apache.nifi.processors.standard.RouteText - RouteText[id=7eed8dc2-ebc4-49da-951a-9990a8cef519] Created FlowFile[1797,94824125112659.mockFlowFile,23B] from FlowFile[1796,94824125112659.mockFlowFile,23B]; routing to relationship simple
[pool-3220-thread-1] INFO org.apache.nifi.processors.standard.RouteText - RouteText[id=7eed8dc2-ebc4-49da-951a-9990a8cef519] Routing FlowFile[1796,94824125112659.mockFlowFile,23B] to original
[main] DEBUG org.apache.nifi.processors.standard.RouteText - RouteText[id=7eed8dc2-ebc4-49da-951a-9990a8cef519] Adding new dynamic property: PropertyDescriptor[simple]
[pool-3221-thread-1] INFO org.apache.nifi.processors.standard.RouteText - RouteText[id=7eed8dc2-ebc4-49da-951a-9990a8cef519] Created FlowFile[1799,94824125486921.mockFlowFile,23B] from FlowFile[1798,94824125486921.mockFlowFile,23B]; routing to relationship simple
[pool-3221-thread-1] INFO org.apache.nifi.processors.standard.RouteText - RouteText[id=7eed8dc2-ebc4-49da-951a-9990a8cef519] Routing FlowFile[1798,94824125486921.mockFlowFile,23B] to original
[main] DEBUG org.apache.nifi.processors.standard.RouteText - RouteText[id=7eed8dc2-ebc4-49da-951a-9990a8cef519] Adding new dynamic property: PropertyDescriptor[simple]
[pool-3222-thread-1] INFO org.apache.nifi.processors.standard.RouteText - RouteText[id=7eed8dc2-ebc4-49da-951a-9990a8cef519] Created FlowFile[1801,94824125890810.mockFlowFile,23B] from FlowFile[1800,94824125890810.mockFlowFile,23B]; routing to relationship simple
[pool-3222-thread-1] INFO org.apache.nifi.processors.standard.RouteText - RouteText[id=7eed8dc2-ebc4-49da-951a-9990a8cef519] Routing FlowFile[1800,94824125890810.mockFlowFile,23B] to original
[main] DEBUG org.apache.nifi.processors.standard.RouteText - RouteText[id=7eed8dc2-ebc4-49da-951a-9990a8cef519] Adding new dynamic property: PropertyDescriptor[simple]
[pool-3223-thread-1] INFO org.apache.nifi.processors.standard.RouteText - RouteText[id=7eed8dc2-ebc4-49da-951a-9990a8cef519] Created FlowFile[1803,94824126235136.mockFlowFile,23B] from FlowFile[1802,94824126235136.mockFlowFile,23B]; routing to relationship simple
[pool-3223-thread-1] INFO org.apache.nifi.processors.standard.RouteText - RouteText[id=7eed8dc2-ebc4-49da-951a-9990a8cef519] Routing FlowFile[1802,94824126235136.mockFlowFile,23B] to original
[main] DEBUG org.apache.nifi.processors.standard.RouteText - RouteText[id=7eed8dc2-ebc4-49da-951a-9990a8cef519] Adding new dynamic property: PropertyDescriptor[simple]
[pool-3224-thread-1] INFO org.apache.nifi.processors.standard.RouteText - RouteText[id=7eed8dc2-ebc4-49da-951a-9990a8cef519] Created FlowFile[1805,94824126579240.mockFlowFile,23B] from FlowFile[1804,94824126579240.mockFlowFile,23B]; routing to relationship simple
[pool-3224-thread-1] INFO org.apache.nifi.processors.standard.RouteText - RouteText[id=7eed8dc2-ebc4-49da-951a-9990a8cef519] Routing FlowFile[1804,94824126579240.mockFlowFile,23B] to original
[main] DEBUG org.apache.nifi.processors.standard.RouteText - RouteText[id=7eed8dc2-ebc4-49da-951a-9990a8cef519] Adding new dynamic property: PropertyDescriptor[simple]
[pool-3225-thread-1] INFO org.apache.nifi.processors.standard.RouteText - RouteText[id=7eed8dc2-ebc4-49da-951a-9990a8cef519] Created FlowFile[1807,94824126933340.mockFlowFile,23B] from FlowFile[1806,94824126933340.mockFlowFile,23B]; routing to relationship simple
[pool-3225-thread-1] INFO org.apache.nifi.processors.standard.RouteText - RouteText[id=7eed8dc2-ebc4-49da-951a-9990a8cef519] Routing FlowFile[1806,94824126933340.mockFlowFile,23B] to original
[main] DEBUG org.apache.nifi.processors.standard.RouteText - RouteText[id=7eed8dc2-ebc4-49da-951a-9990a8cef519] Adding new dynamic property: PropertyDescriptor[simple]
[pool-3226-thread-1] INFO org.apache.nifi.processors.standard.RouteText - RouteText[id=7eed8dc2-ebc4-49da-951a-9990a8cef519] Created FlowFile[1809,94824127392490.mockFlowFile,23B] from FlowFile[1808,94824127392490.mockFlowFile,23B]; routing to relationship simple
[pool-3226-thread-1] INFO org.apache.nifi.processors.standard.RouteText - RouteText[id=7eed8dc2-ebc4-49da-951a-9990a8cef519] Routing FlowFile[1808,94824127392490.mockFlowFile,23B] to original
[main] DEBUG org.apache.nifi.processors.standard.RouteText - RouteText[id=7eed8dc2-ebc4-49da-951a-9990a8cef519] Adding new dynamic property: PropertyDescriptor[simple]
[pool-3227-thread-1] INFO org.apache.nifi.processors.standard.RouteText - RouteText[id=7eed8dc2-ebc4-49da-951a-9990a8cef519] Created FlowFile[1811,94824127798437.mockFlowFile,23B] from FlowFile[1810,94824127798437.mockFlowFile,23B]; routing to relationship simple
[pool-3227-thread-1] INFO org.apache.nifi.processors.standard.RouteText - RouteText[id=7eed8dc2-ebc4-49da-951a-9990a8cef519] Routing FlowFile[1810,94824127798437.mockFlowFile,23B] to original
[main] DEBUG org.apache.nifi.processors.standard.RouteText - RouteText[id=7eed8dc2-ebc4-49da-951a-9990a8cef519] Adding new dynamic property: PropertyDescriptor[simple]
[pool-3228-thread-1] INFO org.apache.nifi.processors.standard.RouteText - RouteText[id=7eed8dc2-ebc4-49da-951a-9990a8cef519] Created FlowFile[1813,94824128275807.mockFlowFile,23B] from FlowFile[1812,94824128275807.mockFlowFile,23B]; routing to relationship simple
[pool-3228-thread-1] INFO org.apache.nifi.processors.standard.RouteText - RouteText[id=7eed8dc2-ebc4-49da-951a-9990a8cef519] Routing FlowFile[1812,94824128275807.mockFlowFile,23B] to original
[main] DEBUG org.apache.nifi.processors.standard.RouteText - RouteText[id=7eed8dc2-ebc4-49da-951a-9990a8cef519] Adding new dynamic property: PropertyDescriptor[simple]
[pool-3229-thread-1] INFO org.apache.nifi.processors.standard.RouteText - RouteText[id=7eed8dc2-ebc4-49da-951a-9990a8cef519] Created FlowFile[1815,94824128777865.mockFlowFile,23B] from FlowFile[1814,94824128777865.mockFlowFile,23B]; routing to relationship simple
[pool-3229-thread-1] INFO org.apache.nifi.processors.standard.RouteText - RouteText[id=7eed8dc2-ebc4-49da-951a-9990a8cef519] Routing FlowFile[1814,94824128777865.mockFlowFile,23B] to original
[main] DEBUG org.apache.nifi.processors.standard.RouteText - RouteText[id=7eed8dc2-ebc4-49da-951a-9990a8cef519] Adding new dynamic property: PropertyDescriptor[simple]
[pool-3230-thread-1] INFO org.apache.nifi.processors.standard.RouteText - RouteText[id=7eed8dc2-ebc4-49da-951a-9990a8cef519] Created FlowFile[1817,94824129238575.mockFlowFile,23B] from FlowFile[1816,94824129238575.mockFlowFile,23B]; routing to relationship simple
[pool-3230-thread-1] INFO org.apache.nifi.processors.standard.RouteText - RouteText[id=7eed8dc2-ebc4-49da-951a-9990a8cef519] Routing FlowFile[1816,94824129238575.mockFlowFile,23B] to original
[main] DEBUG org.apache.nifi.processors.standard.RouteText - RouteText[id=7eed8dc2-ebc4-49da-951a-9990a8cef519] Adding new dynamic property: PropertyDescriptor[simple]
[pool-3231-thread-1] INFO org.apache.nifi.processors.standard.RouteText - RouteText[id=7eed8dc2-ebc4-49da-951a-9990a8cef519] Created FlowFile[1819,94824129676355.mockFlowFile,23B] from FlowFile[1818,94824129676355.mockFlowFile,23B]; routing to relationship simple
[pool-3231-thread-1] INFO org.apache.nifi.processors.standard.RouteText - RouteText[id=7eed8dc2-ebc4-49da-951a-9990a8cef519] Routing FlowFile[1818,94824129676355.mockFlowFile,23B] to original
[main] DEBUG org.apache.nifi.processors.standard.RouteText - RouteText[id=7eed8dc2-ebc4-49da-951a-9990a8cef519] Adding new dynamic property: PropertyDescriptor[simple]
[pool-3232-thread-1] INFO org.apache.nifi.processors.standard.RouteText - RouteText[id=7eed8dc2-ebc4-49da-951a-9990a8cef519] Created FlowFile[1821,94824130023316.mockFlowFile,23B] from FlowFile[1820,94824130023316.mockFlowFile,23B]; routing to relationship simple
[pool-3232-thread-1] INFO org.apache.nifi.processors.standard.RouteText - RouteText[id=7eed8dc2-ebc4-49da-951a-9990a8cef519] Routing FlowFile[1820,94824130023316.mockFlowFile,23B] to original
[main] DEBUG org.apache.nifi.processors.standard.RouteText - RouteText[id=7eed8dc2-ebc4-49da-951a-9990a8cef519] Adding new dynamic property: PropertyDescriptor[simple]
[pool-3233-thread-1] INFO org.apache.nifi.processors.standard.RouteText - RouteText[id=7eed8dc2-ebc4-49da-951a-9990a8cef519] Created FlowFile[1823,94824130363424.mockFlowFile,23B] from FlowFile[1822,94824130363424.mockFlowFile,23B]; routing to relationship simple
[pool-3233-thread-1] INFO org.apache.nifi.processors.standard.RouteText - RouteText[id=7eed8dc2-ebc4-49da-951a-9990a8cef519] Routing FlowFile[1822,94824130363424.mockFlowFile,23B] to original
[main] DEBUG org.apache.nifi.processors.standard.RouteText - RouteText[id=7eed8dc2-ebc4-49da-951a-9990a8cef519] Adding new dynamic property: PropertyDescriptor[simple]
[pool-3234-thread-1] INFO org.apache.nifi.processors.standard.RouteText - RouteText[id=7eed8dc2-ebc4-49da-951a-9990a8cef519] Created FlowFile[1825,94824130707104.mockFlowFile,23B] from FlowFile[1824,94824130707104.mockFlowFile,23B]; routing to relationship simple
[pool-3234-thread-1] INFO org.apache.nifi.processors.standard.RouteText - RouteText[id=7eed8dc2-ebc4-49da-951a-9990a8cef519] Routing FlowFile[1824,94824130707104.mockFlowFile,23B] to original
[main] DEBUG org.apache.nifi.processors.standard.RouteText - RouteText[id=7eed8dc2-ebc4-49da-951a-9990a8cef519] Adding new dynamic property: PropertyDescriptor[simple]
[pool-3235-thread-1] INFO org.apache.nifi.processors.standard.RouteText - RouteText[id=7eed8dc2-ebc4-49da-951a-9990a8cef519] Created FlowFile[1827,94824131048458.mockFlowFile,23B] from FlowFile[1826,94824131048458.mockFlowFile,23B]; routing to relationship simple
[pool-3235-thread-1] INFO org.apache.nifi.processors.standard.RouteText - RouteText[id=7eed8dc2-ebc4-49da-951a-9990a8cef519] Routing FlowFile[1826,94824131048458.mockFlowFile,23B] to original
[main] DEBUG org.apache.nifi.processors.standard.RouteText - RouteText[id=7eed8dc2-ebc4-49da-951a-9990a8cef519] Adding new dynamic property: PropertyDescriptor[simple]
[pool-3236-thread-1] INFO org.apache.nifi.processors.standard.RouteText - RouteText[id=7eed8dc2-ebc4-49da-951a-9990a8cef519] Created FlowFile[1829,94824131509397.mockFlowFile,23B] from FlowFile[1828,94824131509397.mockFlowFile,23B]; routing to relationship simple
[pool-3236-thread-1] INFO org.apache.nifi.processors.standard.RouteText - RouteText[id=7eed8dc2-ebc4-49da-951a-9990a8cef519] Routing FlowFile[1828,94824131509397.mockFlowFile,23B] to original
[main] DEBUG org.apache.nifi.processors.standard.RouteText - RouteText[id=7eed8dc2-ebc4-49da-951a-9990a8cef519] Adding new dynamic property: PropertyDescriptor[simple]
[pool-3237-thread-1] INFO org.apache.nifi.processors.standard.RouteText - RouteText[id=7eed8dc2-ebc4-49da-951a-9990a8cef519] Created FlowFile[1831,94824131929879.mockFlowFile,23B] from FlowFile[1830,94824131929879.mockFlowFile,23B]; routing to relationship simple
[pool-3237-thread-1] INFO org.apache.nifi.processors.standard.RouteText - RouteText[id=7eed8dc2-ebc4-49da-951a-9990a8cef519] Routing FlowFile[1830,94824131929879.mockFlowFile,23B] to original
[main] DEBUG org.apache.nifi.processors.standard.RouteText - RouteText[id=7eed8dc2-ebc4-49da-951a-9990a8cef519] Adding new dynamic property: PropertyDescriptor[simple]
[pool-3238-thread-1] INFO org.apache.nifi.processors.standard.RouteText - RouteText[id=7eed8dc2-ebc4-49da-951a-9990a8cef519] Created FlowFile[1833,94824132300913.mockFlowFile,23B] from FlowFile[1832,94824132300913.mockFlowFile,23B]; routing to relationship simple
[pool-3238-thread-1] INFO org.apache.nifi.processors.standard.RouteText - RouteText[id=7eed8dc2-ebc4-49da-951a-9990a8cef519] Routing FlowFile[1832,94824132300913.mockFlowFile,23B] to original
[main] DEBUG org.apache.nifi.processors.standard.RouteText - RouteText[id=7eed8dc2-ebc4-49da-951a-9990a8cef519] Adding new dynamic property: PropertyDescriptor[simple]
[pool-3239-thread-1] INFO org.apache.nifi.processors.standard.RouteText - RouteText[id=7eed8dc2-ebc4-49da-951a-9990a8cef519] Created FlowFile[1835,94824132749494.mockFlowFile,23B] from FlowFile[1834,94824132749494.mockFlowFile,23B]; routing to relationship simple
[pool-3239-thread-1] INFO org.apache.nifi.processors.standard.RouteText - RouteText[id=7eed8dc2-ebc4-49da-951a-9990a8cef519] Routing FlowFile[1834,94824132749494.mockFlowFile,23B] to original
[main] DEBUG org.apache.nifi.processors.standard.RouteText - RouteText[id=7eed8dc2-ebc4-49da-951a-9990a8cef519] Adding new dynamic property: PropertyDescriptor[simple]
[pool-3240-thread-1] INFO org.apache.nifi.processors.standard.RouteText - RouteText[id=7eed8dc2-ebc4-49da-951a-9990a8cef519] Created FlowFile[1837,94824133162220.mockFlowFile,23B] from FlowFile[1836,94824133162220.mockFlowFile,23B]; routing to relationship simple
[pool-3240-thread-1] INFO org.apache.nifi.processors.standard.RouteText - RouteText[id=7eed8dc2-ebc4-49da-951a-9990a8cef519] Routing FlowFile[1836,94824133162220.mockFlowFile,23B] to original
[main] DEBUG org.apache.nifi.processors.standard.RouteText - RouteText[id=7eed8dc2-ebc4-49da-951a-9990a8cef519] Adding new dynamic property: PropertyDescriptor[simple]
[pool-3241-thread-1] INFO org.apache.nifi.processors.standard.RouteText - RouteText[id=7eed8dc2-ebc4-49da-951a-9990a8cef519] Created FlowFile[1839,94824133520404.mockFlowFile,23B] from FlowFile[1838,94824133520404.mockFlowFile,23B]; routing to relationship simple
[pool-3241-thread-1] INFO org.apache.nifi.processors.standard.RouteText - RouteText[id=7eed8dc2-ebc4-49da-951a-9990a8cef519] Routing FlowFile[1838,94824133520404.mockFlowFile,23B] to original
[main] DEBUG org.apache.nifi.processors.standard.RouteText - RouteText[id=7eed8dc2-ebc4-49da-951a-9990a8cef519] Adding new dynamic property: PropertyDescriptor[simple]
[pool-3242-thread-1] INFO org.apache.nifi.processors.standard.RouteText - RouteText[id=7eed8dc2-ebc4-49da-951a-9990a8cef519] Created FlowFile[1841,94824133962870.mockFlowFile,23B] from FlowFile[1840,94824133962870.mockFlowFile,23B]; routing to relationship simple
[pool-3242-thread-1] INFO org.apache.nifi.processors.standard.RouteText - RouteText[id=7eed8dc2-ebc4-49da-951a-9990a8cef519] Routing FlowFile[1840,94824133962870.mockFlowFile,23B] to original
[main] DEBUG org.apache.nifi.processors.standard.RouteText - RouteText[id=7eed8dc2-ebc4-49da-951a-9990a8cef519] Adding new dynamic property: PropertyDescriptor[simple]
[pool-3243-thread-1] INFO org.apache.nifi.processors.standard.RouteText - RouteText[id=7eed8dc2-ebc4-49da-951a-9990a8cef519] Created FlowFile[1843,94824134387738.mockFlowFile,23B] from FlowFile[1842,94824134387738.mockFlowFile,23B]; routing to relationship simple
[pool-3243-thread-1] INFO org.apache.nifi.processors.standard.RouteText - RouteText[id=7eed8dc2-ebc4-49da-951a-9990a8cef519] Routing FlowFile[1842,94824134387738.mockFlowFile,23B] to original
[main] DEBUG org.apache.nifi.processors.standard.RouteText - RouteText[id=7eed8dc2-ebc4-49da-951a-9990a8cef519] Adding new dynamic property: PropertyDescriptor[simple]
[pool-3244-thread-1] INFO org.apache.nifi.processors.standard.RouteText - RouteText[id=7eed8dc2-ebc4-49da-951a-9990a8cef519] Created FlowFile[1845,94824134715827.mockFlowFile,23B] from FlowFile[1844,94824134715827.mockFlowFile,23B]; routing to relationship simple
[pool-3244-thread-1] INFO org.apache.nifi.processors.standard.RouteText - RouteText[id=7eed8dc2-ebc4-49da-951a-9990a8cef519] Routing FlowFile[1844,94824134715827.mockFlowFile,23B] to original
[main] DEBUG org.apache.nifi.processors.standard.RouteText - RouteText[id=7eed8dc2-ebc4-49da-951a-9990a8cef519] Adding new dynamic property: PropertyDescriptor[simple]
[pool-3245-thread-1] INFO org.apache.nifi.processors.standard.RouteText - RouteText[id=7eed8dc2-ebc4-49da-951a-9990a8cef519] Created FlowFile[1847,94824135037328.mockFlowFile,23B] from FlowFile[1846,94824135037328.mockFlowFile,23B]; routing to relationship simple
[pool-3245-thread-1] INFO org.apache.nifi.processors.standard.RouteText - RouteText[id=7eed8dc2-ebc4-49da-951a-9990a8cef519] Routing FlowFile[1846,94824135037328.mockFlowFile,23B] to original
[main] DEBUG org.apache.nifi.processors.standard.RouteText - RouteText[id=7eed8dc2-ebc4-49da-951a-9990a8cef519] Adding new dynamic property: PropertyDescriptor[simple]
[pool-3246-thread-1] INFO org.apache.nifi.processors.standard.RouteText - RouteText[id=7eed8dc2-ebc4-49da-951a-9990a8cef519] Created FlowFile[1849,94824135486951.mockFlowFile,23B] from FlowFile[1848,94824135486951.mockFlowFile,23B]; routing to relationship simple
[pool-3246-thread-1] INFO org.apache.nifi.processors.standard.RouteText - RouteText[id=7eed8dc2-ebc4-49da-951a-9990a8cef519] Routing FlowFile[1848,94824135486951.mockFlowFile,23B] to original
[main] DEBUG org.apache.nifi.processors.standard.RouteText - RouteText[id=7eed8dc2-ebc4-49da-951a-9990a8cef519] Adding new dynamic property: PropertyDescriptor[simple]
[pool-3247-thread-1] INFO org.apache.nifi.processors.standard.RouteText - RouteText[id=7eed8dc2-ebc4-49da-951a-9990a8cef519] Created FlowFile[1851,94824135837659.mockFlowFile,23B] from FlowFile[1850,94824135837659.mockFlowFile,23B]; routing to relationship simple
[pool-3247-thread-1] INFO org.apache.nifi.processors.standard.RouteText - RouteText[id=7eed8dc2-ebc4-49da-951a-9990a8cef519] Routing FlowFile[1850,94824135837659.mockFlowFile,23B] to original
[main] DEBUG org.apache.nifi.processors.standard.RouteText - RouteText[id=7eed8dc2-ebc4-49da-951a-9990a8cef519] Adding new dynamic property: PropertyDescriptor[simple]
[pool-3248-thread-1] INFO org.apache.nifi.processors.standard.RouteText - RouteText[id=7eed8dc2-ebc4-49da-951a-9990a8cef519] Created FlowFile[1853,94824136290633.mockFlowFile,23B] from FlowFile[1852,94824136290633.mockFlowFile,23B]; routing to relationship simple
[pool-3248-thread-1] INFO org.apache.nifi.processors.standard.RouteText - RouteText[id=7eed8dc2-ebc4-49da-951a-9990a8cef519] Routing FlowFile[1852,94824136290633.mockFlowFile,23B] to original
[main] DEBUG org.apache.nifi.processors.standard.RouteText - RouteText[id=7eed8dc2-ebc4-49da-951a-9990a8cef519] Adding new dynamic property: PropertyDescriptor[simple]
[pool-3249-thread-1] INFO org.apache.nifi.processors.standard.RouteText - RouteText[id=7eed8dc2-ebc4-49da-951a-9990a8cef519] Created FlowFile[1855,94824136822964.mockFlowFile,23B] from FlowFile[1854,94824136822964.mockFlowFile,23B]; routing to relationship simple
[pool-3249-thread-1] INFO org.apache.nifi.processors.standard.RouteText - RouteText[id=7eed8dc2-ebc4-49da-951a-9990a8cef519] Routing FlowFile[1854,94824136822964.mockFlowFile,23B] to original
[main] DEBUG org.apache.nifi.processors.standard.RouteText - RouteText[id=7eed8dc2-ebc4-49da-951a-9990a8cef519] Adding new dynamic property: PropertyDescriptor[simple]
[pool-3250-thread-1] INFO org.apache.nifi.processors.standard.RouteText - RouteText[id=7eed8dc2-ebc4-49da-951a-9990a8cef519] Created FlowFile[1857,94824137289838.mockFlowFile,23B] from FlowFile[1856,94824137289838.mockFlowFile,23B]; routing to relationship simple
[pool-3250-thread-1] INFO org.apache.nifi.processors.standard.RouteText - RouteText[id=7eed8dc2-ebc4-49da-951a-9990a8cef519] Routing FlowFile[1856,94824137289838.mockFlowFile,23B] to original
[main] DEBUG org.apache.nifi.processors.standard.RouteText - RouteText[id=7eed8dc2-ebc4-49da-951a-9990a8cef519] Adding new dynamic property: PropertyDescriptor[simple]
[pool-3251-thread-1] INFO org.apache.nifi.processors.standard.RouteText - RouteText[id=7eed8dc2-ebc4-49da-951a-9990a8cef519] Created FlowFile[1859,94824137691370.mockFlowFile,23B] from FlowFile[1858,94824137691370.mockFlowFile,23B]; routing to relationship simple
[pool-3251-thread-1] INFO org.apache.nifi.processors.standard.RouteText - RouteText[id=7eed8dc2-ebc4-49da-951a-9990a8cef519] Routing FlowFile[1858,94824137691370.mockFlowFile,23B] to original
[main] DEBUG org.apache.nifi.processors.standard.RouteText - RouteText[id=7eed8dc2-ebc4-49da-951a-9990a8cef519] Adding new dynamic property: PropertyDescriptor[simple]
[pool-3252-thread-1] INFO org.apache.nifi.processors.standard.RouteText - RouteText[id=7eed8dc2-ebc4-49da-951a-9990a8cef519] Created FlowFile[1861,94824138054770.mockFlowFile,23B] from FlowFile[1860,94824138054770.mockFlowFile,23B]; routing to relationship simple
[pool-3252-thread-1] INFO org.apache.nifi.processors.standard.RouteText - RouteText[id=7eed8dc2-ebc4-49da-951a-9990a8cef519] Routing FlowFile[1860,94824138054770.mockFlowFile,23B] to original
[main] DEBUG org.apache.nifi.processors.standard.RouteText - RouteText[id=7eed8dc2-ebc4-49da-951a-9990a8cef519] Adding new dynamic property: PropertyDescriptor[simple]
[pool-3253-thread-1] INFO org.apache.nifi.processors.standard.RouteText - RouteText[id=7eed8dc2-ebc4-49da-951a-9990a8cef519] Created FlowFile[1863,94824138418999.mockFlowFile,23B] from FlowFile[1862,94824138418999.mockFlowFile,23B]; routing to relationship simple
[pool-3253-thread-1] INFO org.apache.nifi.processors.standard.RouteText - RouteText[id=7eed8dc2-ebc4-49da-951a-9990a8cef519] Routing FlowFile[1862,94824138418999.mockFlowFile,23B] to original
[main] DEBUG org.apache.nifi.processors.standard.RouteText - RouteText[id=7eed8dc2-ebc4-49da-951a-9990a8cef519] Adding new dynamic property: PropertyDescriptor[simple]
[pool-3254-thread-1] INFO org.apache.nifi.processors.standard.RouteText - RouteText[id=7eed8dc2-ebc4-49da-951a-9990a8cef519] Created FlowFile[1865,94824138783693.mockFlowFile,23B] from FlowFile[1864,94824138783693.mockFlowFile,23B]; routing to relationship simple
[pool-3254-thread-1] INFO org.apache.nifi.processors.standard.RouteText - RouteText[id=7eed8dc2-ebc4-49da-951a-9990a8cef519] Routing FlowFile[1864,94824138783693.mockFlowFile,23B] to original
[main] DEBUG org.apache.nifi.processors.standard.RouteText - RouteText[id=7eed8dc2-ebc4-49da-951a-9990a8cef519] Adding new dynamic property: PropertyDescriptor[simple]
[pool-3255-thread-1] INFO org.apache.nifi.processors.standard.RouteText - RouteText[id=7eed8dc2-ebc4-49da-951a-9990a8cef519] Created FlowFile[1867,94824139126711.mockFlowFile,23B] from FlowFile[1866,94824139126711.mockFlowFile,23B]; routing to relationship simple
[pool-3255-thread-1] INFO org.apache.nifi.processors.standard.RouteText - RouteText[id=7eed8dc2-ebc4-49da-951a-9990a8cef519] Routing FlowFile[1866,94824139126711.mockFlowFile,23B] to original
[main] DEBUG org.apache.nifi.processors.standard.RouteText - RouteText[id=7eed8dc2-ebc4-49da-951a-9990a8cef519] Adding new dynamic property: PropertyDescriptor[simple]
[pool-3256-thread-1] INFO org.apache.nifi.processors.standard.RouteText - RouteText[id=7eed8dc2-ebc4-49da-951a-9990a8cef519] Created FlowFile[1869,94824139801469.mockFlowFile,23B] from FlowFile[1868,94824139801469.mockFlowFile,23B]; routing to relationship simple
[pool-3256-thread-1] INFO org.apache.nifi.processors.standard.RouteText - RouteText[id=7eed8dc2-ebc4-49da-951a-9990a8cef519] Routing FlowFile[1868,94824139801469.mockFlowFile,23B] to original
[main] DEBUG org.apache.nifi.processors.standard.RouteText - RouteText[id=7eed8dc2-ebc4-49da-951a-9990a8cef519] Adding new dynamic property: PropertyDescriptor[simple]
[pool-3257-thread-1] INFO org.apache.nifi.processors.standard.RouteText - RouteText[id=7eed8dc2-ebc4-49da-951a-9990a8cef519] Created FlowFile[1871,94824140476138.mockFlowFile,23B] from FlowFile[1870,94824140476138.mockFlowFile,23B]; routing to relationship simple
[pool-3257-thread-1] INFO org.apache.nifi.processors.standard.RouteText - RouteText[id=7eed8dc2-ebc4-49da-951a-9990a8cef519] Routing FlowFile[1870,94824140476138.mockFlowFile,23B] to original
[main] DEBUG org.apache.nifi.processors.standard.RouteText - RouteText[id=7eed8dc2-ebc4-49da-951a-9990a8cef519] Adding new dynamic property: PropertyDescriptor[simple]
[pool-3258-thread-1] INFO org.apache.nifi.processors.standard.RouteText - RouteText[id=7eed8dc2-ebc4-49da-951a-9990a8cef519] Created FlowFile[1873,94824140971333.mockFlowFile,23B] from FlowFile[1872,94824140971333.mockFlowFile,23B]; routing to relationship simple
[pool-3258-thread-1] INFO org.apache.nifi.processors.standard.RouteText - RouteText[id=7eed8dc2-ebc4-49da-951a-9990a8cef519] Routing FlowFile[1872,94824140971333.mockFlowFile,23B] to original
[main] DEBUG org.apache.nifi.processors.standard.RouteText - RouteText[id=7eed8dc2-ebc4-49da-951a-9990a8cef519] Adding new dynamic property: PropertyDescriptor[simple]
[pool-3259-thread-1] INFO org.apache.nifi.processors.standard.RouteText - RouteText[id=7eed8dc2-ebc4-49da-951a-9990a8cef519] Created FlowFile[1875,94824141340985.mockFlowFile,23B] from FlowFile[1874,94824141340985.mockFlowFile,23B]; routing to relationship simple
[pool-3259-thread-1] INFO org.apache.nifi.processors.standard.RouteText - RouteText[id=7eed8dc2-ebc4-49da-951a-9990a8cef519] Routing FlowFile[1874,94824141340985.mockFlowFile,23B] to original
[main] DEBUG org.apache.nifi.processors.standard.RouteText - RouteText[id=7eed8dc2-ebc4-49da-951a-9990a8cef519] Adding new dynamic property: PropertyDescriptor[simple]
[pool-3260-thread-1] INFO org.apache.nifi.processors.standard.RouteText - RouteText[id=7eed8dc2-ebc4-49da-951a-9990a8cef519] Created FlowFile[1877,94824141702038.mockFlowFile,23B] from FlowFile[1876,94824141702038.mockFlowFile,23B]; routing to relationship simple
[pool-3260-thread-1] INFO org.apache.nifi.processors.standard.RouteText - RouteText[id=7eed8dc2-ebc4-49da-951a-9990a8cef519] Routing FlowFile[1876,94824141702038.mockFlowFile,23B] to original
[main] DEBUG org.apache.nifi.processors.standard.RouteText - RouteText[id=7eed8dc2-ebc4-49da-951a-9990a8cef519] Adding new dynamic property: PropertyDescriptor[simple]
[pool-3261-thread-1] INFO org.apache.nifi.processors.standard.RouteText - RouteText[id=7eed8dc2-ebc4-49da-951a-9990a8cef519] Created FlowFile[1879,94824142043093.mockFlowFile,23B] from FlowFile[1878,94824142043093.mockFlowFile,23B]; routing to relationship simple
[pool-3261-thread-1] INFO org.apache.nifi.processors.standard.RouteText - RouteText[id=7eed8dc2-ebc4-49da-951a-9990a8cef519] Routing FlowFile[1878,94824142043093.mockFlowFile,23B] to original
[main] DEBUG org.apache.nifi.processors.standard.RouteText - RouteText[id=7eed8dc2-ebc4-49da-951a-9990a8cef519] Adding new dynamic property: PropertyDescriptor[simple]
[pool-3262-thread-1] INFO org.apache.nifi.processors.standard.RouteText - RouteText[id=7eed8dc2-ebc4-49da-951a-9990a8cef519] Created FlowFile[1881,94824142458424.mockFlowFile,23B] from FlowFile[1880,94824142458424.mockFlowFile,23B]; routing to relationship simple
[pool-3262-thread-1] INFO org.apache.nifi.processors.standard.RouteText - RouteText[id=7eed8dc2-ebc4-49da-951a-9990a8cef519] Routing FlowFile[1880,94824142458424.mockFlowFile,23B] to original
[main] DEBUG org.apache.nifi.processors.standard.RouteText - RouteText[id=7eed8dc2-ebc4-49da-951a-9990a8cef519] Adding new dynamic property: PropertyDescriptor[simple]
[pool-3263-thread-1] INFO org.apache.nifi.processors.standard.RouteText - RouteText[id=7eed8dc2-ebc4-49da-951a-9990a8cef519] Created FlowFile[1883,94824160886515.mockFlowFile,23B] from FlowFile[1882,94824160886515.mockFlowFile,23B]; routing to relationship simple
[pool-3263-thread-1] INFO org.apache.nifi.processors.standard.RouteText - RouteText[id=7eed8dc2-ebc4-49da-951a-9990a8cef519] Routing FlowFile[1882,94824160886515.mockFlowFile,23B] to original
[main] DEBUG org.apache.nifi.processors.standard.RouteText - RouteText[id=7eed8dc2-ebc4-49da-951a-9990a8cef519] Adding new dynamic property: PropertyDescriptor[simple]
[pool-3264-thread-1] INFO org.apache.nifi.processors.standard.RouteText - RouteText[id=7eed8dc2-ebc4-49da-951a-9990a8cef519] Created FlowFile[1885,94824161396082.mockFlowFile,23B] from FlowFile[1884,94824161396082.mockFlowFile,23B]; routing to relationship simple
[pool-3264-thread-1] INFO org.apache.nifi.processors.standard.RouteText - RouteText[id=7eed8dc2-ebc4-49da-951a-9990a8cef519] Routing FlowFile[1884,94824161396082.mockFlowFile,23B] to original
[main] DEBUG org.apache.nifi.processors.standard.RouteText - RouteText[id=7eed8dc2-ebc4-49da-951a-9990a8cef519] Adding new dynamic property: PropertyDescriptor[simple]
[pool-3265-thread-1] INFO org.apache.nifi.processors.standard.RouteText - RouteText[id=7eed8dc2-ebc4-49da-951a-9990a8cef519] Created FlowFile[1887,94824161807212.mockFlowFile,23B] from FlowFile[1886,94824161807212.mockFlowFile,23B]; routing to relationship simple
[pool-3265-thread-1] INFO org.apache.nifi.processors.standard.RouteText - RouteText[id=7eed8dc2-ebc4-49da-951a-9990a8cef519] Routing FlowFile[1886,94824161807212.mockFlowFile,23B] to original
[main] DEBUG org.apache.nifi.processors.standard.RouteText - RouteText[id=7eed8dc2-ebc4-49da-951a-9990a8cef519] Adding new dynamic property: PropertyDescriptor[simple]
[pool-3266-thread-1] INFO org.apache.nifi.processors.standard.RouteText - RouteText[id=7eed8dc2-ebc4-49da-951a-9990a8cef519] Created FlowFile[1889,94824162208235.mockFlowFile,23B] from FlowFile[1888,94824162208235.mockFlowFile,23B]; routing to relationship simple
[pool-3266-thread-1] INFO org.apache.nifi.processors.standard.RouteText - RouteText[id=7eed8dc2-ebc4-49da-951a-9990a8cef519] Routing FlowFile[1888,94824162208235.mockFlowFile,23B] to original
[main] DEBUG org.apache.nifi.processors.standard.RouteText - RouteText[id=7eed8dc2-ebc4-49da-951a-9990a8cef519] Adding new dynamic property: PropertyDescriptor[simple]
[pool-3267-thread-1] INFO org.apache.nifi.processors.standard.RouteText - RouteText[id=7eed8dc2-ebc4-49da-951a-9990a8cef519] Created FlowFile[1891,94824162623648.mockFlowFile,23B] from FlowFile[1890,94824162623648.mockFlowFile,23B]; routing to relationship simple
[pool-3267-thread-1] INFO org.apache.nifi.processors.standard.RouteText - RouteText[id=7eed8dc2-ebc4-49da-951a-9990a8cef519] Routing FlowFile[1890,94824162623648.mockFlowFile,23B] to original
[main] DEBUG org.apache.nifi.processors.standard.RouteText - RouteText[id=7eed8dc2-ebc4-49da-951a-9990a8cef519] Adding new dynamic property: PropertyDescriptor[simple]
[pool-3268-thread-1] INFO org.apache.nifi.processors.standard.RouteText - RouteText[id=7eed8dc2-ebc4-49da-951a-9990a8cef519] Created FlowFile[1893,94824162986395.mockFlowFile,23B] from FlowFile[1892,94824162986395.mockFlowFile,23B]; routing to relationship simple
[pool-3268-thread-1] INFO org.apache.nifi.processors.standard.RouteText - RouteText[id=7eed8dc2-ebc4-49da-951a-9990a8cef519] Routing FlowFile[1892,94824162986395.mockFlowFile,23B] to original
[main] DEBUG org.apache.nifi.processors.standard.RouteText - RouteText[id=7eed8dc2-ebc4-49da-951a-9990a8cef519] Adding new dynamic property: PropertyDescriptor[simple]
[pool-3269-thread-1] INFO org.apache.nifi.processors.standard.RouteText - RouteText[id=7eed8dc2-ebc4-49da-951a-9990a8cef519] Created FlowFile[1895,94824163392847.mockFlowFile,23B] from FlowFile[1894,94824163392847.mockFlowFile,23B]; routing to relationship simple
[pool-3269-thread-1] INFO org.apache.nifi.processors.standard.RouteText - RouteText[id=7eed8dc2-ebc4-49da-951a-9990a8cef519] Routing FlowFile[1894,94824163392847.mockFlowFile,23B] to original
[main] DEBUG org.apache.nifi.processors.standard.RouteText - RouteText[id=7eed8dc2-ebc4-49da-951a-9990a8cef519] Adding new dynamic property: PropertyDescriptor[simple]
[pool-3270-thread-1] INFO org.apache.nifi.processors.standard.RouteText - RouteText[id=7eed8dc2-ebc4-49da-951a-9990a8cef519] Created FlowFile[1897,94824163761687.mockFlowFile,23B] from FlowFile[1896,94824163761687.mockFlowFile,23B]; routing to relationship simple
[pool-3270-thread-1] INFO org.apache.nifi.processors.standard.RouteText - RouteText[id=7eed8dc2-ebc4-49da-951a-9990a8cef519] Routing FlowFile[1896,94824163761687.mockFlowFile,23B] to original
[main] DEBUG org.apache.nifi.processors.standard.RouteText - RouteText[id=7eed8dc2-ebc4-49da-951a-9990a8cef519] Adding new dynamic property: PropertyDescriptor[simple]
[pool-3271-thread-1] INFO org.apache.nifi.processors.standard.RouteText - RouteText[id=7eed8dc2-ebc4-49da-951a-9990a8cef519] Created FlowFile[1899,94824164165065.mockFlowFile,23B] from FlowFile[1898,94824164165065.mockFlowFile,23B]; routing to relationship simple
[pool-3271-thread-1] INFO org.apache.nifi.processors.standard.RouteText - RouteText[id=7eed8dc2-ebc4-49da-951a-9990a8cef519] Routing FlowFile[1898,94824164165065.mockFlowFile,23B] to original
[main] DEBUG org.apache.nifi.processors.standard.RouteText - RouteText[id=7eed8dc2-ebc4-49da-951a-9990a8cef519] Adding new dynamic property: PropertyDescriptor[simple]
[pool-3272-thread-1] INFO org.apache.nifi.processors.standard.RouteText - RouteText[id=7eed8dc2-ebc4-49da-951a-9990a8cef519] Created FlowFile[1901,94824164517396.mockFlowFile,23B] from FlowFile[1900,94824164517396.mockFlowFile,23B]; routing to relationship simple
[pool-3272-thread-1] INFO org.apache.nifi.processors.standard.RouteText - RouteText[id=7eed8dc2-ebc4-49da-951a-9990a8cef519] Routing FlowFile[1900,94824164517396.mockFlowFile,23B] to original
[main] DEBUG org.apache.nifi.processors.standard.RouteText - RouteText[id=7eed8dc2-ebc4-49da-951a-9990a8cef519] Adding new dynamic property: PropertyDescriptor[simple]
[pool-3273-thread-1] INFO org.apache.nifi.processors.standard.RouteText - RouteText[id=7eed8dc2-ebc4-49da-951a-9990a8cef519] Created FlowFile[1903,94824164802762.mockFlowFile,23B] from FlowFile[1902,94824164802762.mockFlowFile,23B]; routing to relationship simple
[pool-3273-thread-1] INFO org.apache.nifi.processors.standard.RouteText - RouteText[id=7eed8dc2-ebc4-49da-951a-9990a8cef519] Routing FlowFile[1902,94824164802762.mockFlowFile,23B] to original
[main] DEBUG org.apache.nifi.processors.standard.RouteText - RouteText[id=7eed8dc2-ebc4-49da-951a-9990a8cef519] Adding new dynamic property: PropertyDescriptor[simple]
[pool-3274-thread-1] INFO org.apache.nifi.processors.standard.RouteText - RouteText[id=7eed8dc2-ebc4-49da-951a-9990a8cef519] Created FlowFile[1905,94824165213571.mockFlowFile,23B] from FlowFile[1904,94824165213571.mockFlowFile,23B]; routing to relationship simple
[pool-3274-thread-1] INFO org.apache.nifi.processors.standard.RouteText - RouteText[id=7eed8dc2-ebc4-49da-951a-9990a8cef519] Routing FlowFile[1904,94824165213571.mockFlowFile,23B] to original
[main] DEBUG org.apache.nifi.processors.standard.RouteText - RouteText[id=7eed8dc2-ebc4-49da-951a-9990a8cef519] Adding new dynamic property: PropertyDescriptor[simple]
[pool-3275-thread-1] INFO org.apache.nifi.processors.standard.RouteText - RouteText[id=7eed8dc2-ebc4-49da-951a-9990a8cef519] Created FlowFile[1907,94824165615653.mockFlowFile,23B] from FlowFile[1906,94824165615653.mockFlowFile,23B]; routing to relationship simple
[pool-3275-thread-1] INFO org.apache.nifi.processors.standard.RouteText - RouteText[id=7eed8dc2-ebc4-49da-951a-9990a8cef519] Routing FlowFile[1906,94824165615653.mockFlowFile,23B] to original
[main] DEBUG org.apache.nifi.processors.standard.RouteText - RouteText[id=7eed8dc2-ebc4-49da-951a-9990a8cef519] Adding new dynamic property: PropertyDescriptor[simple]
[pool-3276-thread-1] INFO org.apache.nifi.processors.standard.RouteText - RouteText[id=7eed8dc2-ebc4-49da-951a-9990a8cef519] Created FlowFile[1909,94824166022473.mockFlowFile,23B] from FlowFile[1908,94824166022473.mockFlowFile,23B]; routing to relationship simple
[pool-3276-thread-1] INFO org.apache.nifi.processors.standard.RouteText - RouteText[id=7eed8dc2-ebc4-49da-951a-9990a8cef519] Routing FlowFile[1908,94824166022473.mockFlowFile,23B] to original
[main] DEBUG org.apache.nifi.processors.standard.RouteText - RouteText[id=7eed8dc2-ebc4-49da-951a-9990a8cef519] Adding new dynamic property: PropertyDescriptor[simple]
[pool-3277-thread-1] INFO org.apache.nifi.processors.standard.RouteText - RouteText[id=7eed8dc2-ebc4-49da-951a-9990a8cef519] Created FlowFile[1911,94824166433758.mockFlowFile,23B] from FlowFile[1910,94824166433758.mockFlowFile,23B]; routing to relationship simple
[pool-3277-thread-1] INFO org.apache.nifi.processors.standard.RouteText - RouteText[id=7eed8dc2-ebc4-49da-951a-9990a8cef519] Routing FlowFile[1910,94824166433758.mockFlowFile,23B] to original
[main] DEBUG org.apache.nifi.processors.standard.RouteText - RouteText[id=7eed8dc2-ebc4-49da-951a-9990a8cef519] Adding new dynamic property: PropertyDescriptor[simple]
[pool-3278-thread-1] INFO org.apache.nifi.processors.standard.RouteText - RouteText[id=7eed8dc2-ebc4-49da-951a-9990a8cef519] Created FlowFile[1913,94824166767807.mockFlowFile,23B] from FlowFile[1912,94824166767807.mockFlowFile,23B]; routing to relationship simple
[pool-3278-thread-1] INFO org.apache.nifi.processors.standard.RouteText - RouteText[id=7eed8dc2-ebc4-49da-951a-9990a8cef519] Routing FlowFile[1912,94824166767807.mockFlowFile,23B] to original
[main] DEBUG org.apache.nifi.processors.standard.RouteText - RouteText[id=7eed8dc2-ebc4-49da-951a-9990a8cef519] Adding new dynamic property: PropertyDescriptor[simple]
[pool-3279-thread-1] INFO org.apache.nifi.processors.standard.RouteText - RouteText[id=7eed8dc2-ebc4-49da-951a-9990a8cef519] Created FlowFile[1915,94824167132212.mockFlowFile,23B] from FlowFile[1914,94824167132212.mockFlowFile,23B]; routing to relationship simple
[pool-3279-thread-1] INFO org.apache.nifi.processors.standard.RouteText - RouteText[id=7eed8dc2-ebc4-49da-951a-9990a8cef519] Routing FlowFile[1914,94824167132212.mockFlowFile,23B] to original
[main] DEBUG org.apache.nifi.processors.standard.RouteText - RouteText[id=7eed8dc2-ebc4-49da-951a-9990a8cef519] Adding new dynamic property: PropertyDescriptor[simple]
[pool-3280-thread-1] INFO org.apache.nifi.processors.standard.RouteText - RouteText[id=7eed8dc2-ebc4-49da-951a-9990a8cef519] Created FlowFile[1917,94824167558583.mockFlowFile,23B] from FlowFile[1916,94824167558583.mockFlowFile,23B]; routing to relationship simple
[pool-3280-thread-1] INFO org.apache.nifi.processors.standard.RouteText - RouteText[id=7eed8dc2-ebc4-49da-951a-9990a8cef519] Routing FlowFile[1916,94824167558583.mockFlowFile,23B] to original
[main] DEBUG org.apache.nifi.processors.standard.RouteText - RouteText[id=7eed8dc2-ebc4-49da-951a-9990a8cef519] Adding new dynamic property: PropertyDescriptor[simple]
[pool-3281-thread-1] INFO org.apache.nifi.processors.standard.RouteText - RouteText[id=7eed8dc2-ebc4-49da-951a-9990a8cef519] Created FlowFile[1919,94824168041055.mockFlowFile,23B] from FlowFile[1918,94824168041055.mockFlowFile,23B]; routing to relationship simple
[pool-3281-thread-1] INFO org.apache.nifi.processors.standard.RouteText - RouteText[id=7eed8dc2-ebc4-49da-951a-9990a8cef519] Routing FlowFile[1918,94824168041055.mockFlowFile,23B] to original
[main] DEBUG org.apache.nifi.processors.standard.RouteText - RouteText[id=7eed8dc2-ebc4-49da-951a-9990a8cef519] Adding new dynamic property: PropertyDescriptor[simple]
[pool-3282-thread-1] INFO org.apache.nifi.processors.standard.RouteText - RouteText[id=7eed8dc2-ebc4-49da-951a-9990a8cef519] Created FlowFile[1921,94824168505551.mockFlowFile,23B] from FlowFile[1920,94824168505551.mockFlowFile,23B]; routing to relationship simple
[pool-3282-thread-1] INFO org.apache.nifi.processors.standard.RouteText - RouteText[id=7eed8dc2-ebc4-49da-951a-9990a8cef519] Routing FlowFile[1920,94824168505551.mockFlowFile,23B] to original
[main] DEBUG org.apache.nifi.processors.standard.RouteText - RouteText[id=7eed8dc2-ebc4-49da-951a-9990a8cef519] Adding new dynamic property: PropertyDescriptor[simple]
[pool-3283-thread-1] INFO org.apache.nifi.processors.standard.RouteText - RouteText[id=7eed8dc2-ebc4-49da-951a-9990a8cef519] Created FlowFile[1923,94824169007019.mockFlowFile,23B] from FlowFile[1922,94824169007019.mockFlowFile,23B]; routing to relationship simple
[pool-3283-thread-1] INFO org.apache.nifi.processors.standard.RouteText - RouteText[id=7eed8dc2-ebc4-49da-951a-9990a8cef519] Routing FlowFile[1922,94824169007019.mockFlowFile,23B] to original
[main] DEBUG org.apache.nifi.processors.standard.RouteText - RouteText[id=7eed8dc2-ebc4-49da-951a-9990a8cef519] Adding new dynamic property: PropertyDescriptor[simple]
[pool-3284-thread-1] INFO org.apache.nifi.processors.standard.RouteText - RouteText[id=7eed8dc2-ebc4-49da-951a-9990a8cef519] Created FlowFile[1925,94824169464578.mockFlowFile,23B] from FlowFile[1924,94824169464578.mockFlowFile,23B]; routing to relationship simple
[pool-3284-thread-1] INFO org.apache.nifi.processors.standard.RouteText - RouteText[id=7eed8dc2-ebc4-49da-951a-9990a8cef519] Routing FlowFile[1924,94824169464578.mockFlowFile,23B] to original
[main] DEBUG org.apache.nifi.processors.standard.RouteText - RouteText[id=7eed8dc2-ebc4-49da-951a-9990a8cef519] Adding new dynamic property: PropertyDescriptor[simple]
[pool-3285-thread-1] INFO org.apache.nifi.processors.standard.RouteText - RouteText[id=7eed8dc2-ebc4-49da-951a-9990a8cef519] Created FlowFile[1927,94824169907588.mockFlowFile,23B] from FlowFile[1926,94824169907588.mockFlowFile,23B]; routing to relationship simple
[pool-3285-thread-1] INFO org.apache.nifi.processors.standard.RouteText - RouteText[id=7eed8dc2-ebc4-49da-951a-9990a8cef519] Routing FlowFile[1926,94824169907588.mockFlowFile,23B] to original
[main] DEBUG org.apache.nifi.processors.standard.RouteText - RouteText[id=7eed8dc2-ebc4-49da-951a-9990a8cef519] Adding new dynamic property: PropertyDescriptor[simple]
[pool-3286-thread-1] INFO org.apache.nifi.processors.standard.RouteText - RouteText[id=7eed8dc2-ebc4-49da-951a-9990a8cef519] Created FlowFile[1929,94824170378714.mockFlowFile,23B] from FlowFile[1928,94824170378714.mockFlowFile,23B]; routing to relationship simple
[pool-3286-thread-1] INFO org.apache.nifi.processors.standard.RouteText - RouteText[id=7eed8dc2-ebc4-49da-951a-9990a8cef519] Routing FlowFile[1928,94824170378714.mockFlowFile,23B] to original
[main] DEBUG org.apache.nifi.processors.standard.RouteText - RouteText[id=7eed8dc2-ebc4-49da-951a-9990a8cef519] Adding new dynamic property: PropertyDescriptor[simple]
[pool-3287-thread-1] INFO org.apache.nifi.processors.standard.RouteText - RouteText[id=7eed8dc2-ebc4-49da-951a-9990a8cef519] Created FlowFile[1931,94824170849788.mockFlowFile,23B] from FlowFile[1930,94824170849788.mockFlowFile,23B]; routing to relationship simple
[pool-3287-thread-1] INFO org.apache.nifi.processors.standard.RouteText - RouteText[id=7eed8dc2-ebc4-49da-951a-9990a8cef519] Routing FlowFile[1930,94824170849788.mockFlowFile,23B] to original
[main] DEBUG org.apache.nifi.processors.standard.RouteText - RouteText[id=7eed8dc2-ebc4-49da-951a-9990a8cef519] Adding new dynamic property: PropertyDescriptor[simple]
[pool-3288-thread-1] INFO org.apache.nifi.processors.standard.RouteText - RouteText[id=7eed8dc2-ebc4-49da-951a-9990a8cef519] Created FlowFile[1933,94824171294035.mockFlowFile,23B] from FlowFile[1932,94824171294035.mockFlowFile,23B]; routing to relationship simple
[pool-3288-thread-1] INFO org.apache.nifi.processors.standard.RouteText - RouteText[id=7eed8dc2-ebc4-49da-951a-9990a8cef519] Routing FlowFile[1932,94824171294035.mockFlowFile,23B] to original
[main] DEBUG org.apache.nifi.processors.standard.RouteText - RouteText[id=7eed8dc2-ebc4-49da-951a-9990a8cef519] Adding new dynamic property: PropertyDescriptor[simple]
[pool-3289-thread-1] INFO org.apache.nifi.processors.standard.RouteText - RouteText[id=7eed8dc2-ebc4-49da-951a-9990a8cef519] Created FlowFile[1935,94824171750813.mockFlowFile,23B] from FlowFile[1934,94824171750813.mockFlowFile,23B]; routing to relationship simple
[pool-3289-thread-1] INFO org.apache.nifi.processors.standard.RouteText - RouteText[id=7eed8dc2-ebc4-49da-951a-9990a8cef519] Routing FlowFile[1934,94824171750813.mockFlowFile,23B] to original
[main] DEBUG org.apache.nifi.processors.standard.RouteText - RouteText[id=7eed8dc2-ebc4-49da-951a-9990a8cef519] Adding new dynamic property: PropertyDescriptor[simple]
[pool-3290-thread-1] INFO org.apache.nifi.processors.standard.RouteText - RouteText[id=7eed8dc2-ebc4-49da-951a-9990a8cef519] Created FlowFile[1937,94824172248516.mockFlowFile,23B] from FlowFile[1936,94824172248516.mockFlowFile,23B]; routing to relationship simple
[pool-3290-thread-1] INFO org.apache.nifi.processors.standard.RouteText - RouteText[id=7eed8dc2-ebc4-49da-951a-9990a8cef519] Routing FlowFile[1936,94824172248516.mockFlowFile,23B] to original
[main] DEBUG org.apache.nifi.processors.standard.RouteText - RouteText[id=7eed8dc2-ebc4-49da-951a-9990a8cef519] Adding new dynamic property: PropertyDescriptor[simple]
[pool-3291-thread-1] INFO org.apache.nifi.processors.standard.RouteText - RouteText[id=7eed8dc2-ebc4-49da-951a-9990a8cef519] Created FlowFile[1939,94824172704854.mockFlowFile,23B] from FlowFile[1938,94824172704854.mockFlowFile,23B]; routing to relationship simple
[pool-3291-thread-1] INFO org.apache.nifi.processors.standard.RouteText - RouteText[id=7eed8dc2-ebc4-49da-951a-9990a8cef519] Routing FlowFile[1938,94824172704854.mockFlowFile,23B] to original
[main] DEBUG org.apache.nifi.processors.standard.RouteText - RouteText[id=7eed8dc2-ebc4-49da-951a-9990a8cef519] Adding new dynamic property: PropertyDescriptor[simple]
[pool-3292-thread-1] INFO org.apache.nifi.processors.standard.RouteText - RouteText[id=7eed8dc2-ebc4-49da-951a-9990a8cef519] Created FlowFile[1941,94824173149570.mockFlowFile,23B] from FlowFile[1940,94824173149570.mockFlowFile,23B]; routing to relationship simple
[pool-3292-thread-1] INFO org.apache.nifi.processors.standard.RouteText - RouteText[id=7eed8dc2-ebc4-49da-951a-9990a8cef519] Routing FlowFile[1940,94824173149570.mockFlowFile,23B] to original
[main] DEBUG org.apache.nifi.processors.standard.RouteText - RouteText[id=7eed8dc2-ebc4-49da-951a-9990a8cef519] Adding new dynamic property: PropertyDescriptor[simple]
[pool-3293-thread-1] INFO org.apache.nifi.processors.standard.RouteText - RouteText[id=7eed8dc2-ebc4-49da-951a-9990a8cef519] Created FlowFile[1943,94824173586431.mockFlowFile,23B] from FlowFile[1942,94824173586431.mockFlowFile,23B]; routing to relationship simple
[pool-3293-thread-1] INFO org.apache.nifi.processors.standard.RouteText - RouteText[id=7eed8dc2-ebc4-49da-951a-9990a8cef519] Routing FlowFile[1942,94824173586431.mockFlowFile,23B] to original
[main] DEBUG org.apache.nifi.processors.standard.RouteText - RouteText[id=7eed8dc2-ebc4-49da-951a-9990a8cef519] Adding new dynamic property: PropertyDescriptor[simple]
[pool-3294-thread-1] INFO org.apache.nifi.processors.standard.RouteText - RouteText[id=7eed8dc2-ebc4-49da-951a-9990a8cef519] Created FlowFile[1945,94824174020342.mockFlowFile,23B] from FlowFile[1944,94824174020342.mockFlowFile,23B]; routing to relationship simple
[pool-3294-thread-1] INFO org.apache.nifi.processors.standard.RouteText - RouteText[id=7eed8dc2-ebc4-49da-951a-9990a8cef519] Routing FlowFile[1944,94824174020342.mockFlowFile,23B] to original
[main] DEBUG org.apache.nifi.processors.standard.RouteText - RouteText[id=7eed8dc2-ebc4-49da-951a-9990a8cef519] Adding new dynamic property: PropertyDescriptor[simple]
[pool-3295-thread-1] INFO org.apache.nifi.processors.standard.RouteText - RouteText[id=7eed8dc2-ebc4-49da-951a-9990a8cef519] Created FlowFile[1947,94824174436237.mockFlowFile,23B] from FlowFile[1946,94824174436237.mockFlowFile,23B]; routing to relationship simple
[pool-3295-thread-1] INFO org.apache.nifi.processors.standard.RouteText - RouteText[id=7eed8dc2-ebc4-49da-951a-9990a8cef519] Routing FlowFile[1946,94824174436237.mockFlowFile,23B] to original
[main] DEBUG org.apache.nifi.processors.standard.RouteText - RouteText[id=7eed8dc2-ebc4-49da-951a-9990a8cef519] Adding new dynamic property: PropertyDescriptor[simple]
[pool-3296-thread-1] INFO org.apache.nifi.processors.standard.RouteText - RouteText[id=7eed8dc2-ebc4-49da-951a-9990a8cef519] Created FlowFile[1949,94824174850821.mockFlowFile,23B] from FlowFile[1948,94824174850821.mockFlowFile,23B]; routing to relationship simple
[pool-3296-thread-1] INFO org.apache.nifi.processors.standard.RouteText - RouteText[id=7eed8dc2-ebc4-49da-951a-9990a8cef519] Routing FlowFile[1948,94824174850821.mockFlowFile,23B] to original
[main] DEBUG org.apache.nifi.processors.standard.RouteText - RouteText[id=7eed8dc2-ebc4-49da-951a-9990a8cef519] Adding new dynamic property: PropertyDescriptor[simple]
[pool-3297-thread-1] INFO org.apache.nifi.processors.standard.RouteText - RouteText[id=7eed8dc2-ebc4-49da-951a-9990a8cef519] Created FlowFile[1951,94824175280445.mockFlowFile,23B] from FlowFile[1950,94824175280445.mockFlowFile,23B]; routing to relationship simple
[pool-3297-thread-1] INFO org.apache.nifi.processors.standard.RouteText - RouteText[id=7eed8dc2-ebc4-49da-951a-9990a8cef519] Routing FlowFile[1950,94824175280445.mockFlowFile,23B] to original
[main] DEBUG org.apache.nifi.processors.standard.RouteText - RouteText[id=7eed8dc2-ebc4-49da-951a-9990a8cef519] Adding new dynamic property: PropertyDescriptor[simple]
[pool-3298-thread-1] INFO org.apache.nifi.processors.standard.RouteText - RouteText[id=7eed8dc2-ebc4-49da-951a-9990a8cef519] Created FlowFile[1953,94824175708290.mockFlowFile,23B] from FlowFile[1952,94824175708290.mockFlowFile,23B]; routing to relationship simple
[pool-3298-thread-1] INFO org.apache.nifi.processors.standard.RouteText - RouteText[id=7eed8dc2-ebc4-49da-951a-9990a8cef519] Routing FlowFile[1952,94824175708290.mockFlowFile,23B] to original
[main] DEBUG org.apache.nifi.processors.standard.RouteText - RouteText[id=7eed8dc2-ebc4-49da-951a-9990a8cef519] Adding new dynamic property: PropertyDescriptor[simple]
[pool-3299-thread-1] INFO org.apache.nifi.processors.standard.RouteText - RouteText[id=7eed8dc2-ebc4-49da-951a-9990a8cef519] Created FlowFile[1955,94824176136273.mockFlowFile,23B] from FlowFile[1954,94824176136273.mockFlowFile,23B]; routing to relationship simple
[pool-3299-thread-1] INFO org.apache.nifi.processors.standard.RouteText - RouteText[id=7eed8dc2-ebc4-49da-951a-9990a8cef519] Routing FlowFile[1954,94824176136273.mockFlowFile,23B] to original
[main] DEBUG org.apache.nifi.processors.standard.RouteText - RouteText[id=7eed8dc2-ebc4-49da-951a-9990a8cef519] Adding new dynamic property: PropertyDescriptor[simple]
[pool-3300-thread-1] INFO org.apache.nifi.processors.standard.RouteText - RouteText[id=7eed8dc2-ebc4-49da-951a-9990a8cef519] Created FlowFile[1957,94824176598983.mockFlowFile,23B] from FlowFile[1956,94824176598983.mockFlowFile,23B]; routing to relationship simple
[pool-3300-thread-1] INFO org.apache.nifi.processors.standard.RouteText - RouteText[id=7eed8dc2-ebc4-49da-951a-9990a8cef519] Routing FlowFile[1956,94824176598983.mockFlowFile,23B] to original
[main] DEBUG org.apache.nifi.processors.standard.RouteText - RouteText[id=7eed8dc2-ebc4-49da-951a-9990a8cef519] Adding new dynamic property: PropertyDescriptor[simple]
[pool-3301-thread-1] INFO org.apache.nifi.processors.standard.RouteText - RouteText[id=7eed8dc2-ebc4-49da-951a-9990a8cef519] Created FlowFile[1959,94824177036163.mockFlowFile,23B] from FlowFile[1958,94824177036163.mockFlowFile,23B]; routing to relationship simple
[pool-3301-thread-1] INFO org.apache.nifi.processors.standard.RouteText - RouteText[id=7eed8dc2-ebc4-49da-951a-9990a8cef519] Routing FlowFile[1958,94824177036163.mockFlowFile,23B] to original
[main] DEBUG org.apache.nifi.processors.standard.RouteText - RouteText[id=7eed8dc2-ebc4-49da-951a-9990a8cef519] Adding new dynamic property: PropertyDescriptor[simple]
[pool-3302-thread-1] INFO org.apache.nifi.processors.standard.RouteText - RouteText[id=7eed8dc2-ebc4-49da-951a-9990a8cef519] Created FlowFile[1961,94824177459880.mockFlowFile,23B] from FlowFile[1960,94824177459880.mockFlowFile,23B]; routing to relationship simple
[pool-3302-thread-1] INFO org.apache.nifi.processors.standard.RouteText - RouteText[id=7eed8dc2-ebc4-49da-951a-9990a8cef519] Routing FlowFile[1960,94824177459880.mockFlowFile,23B] to original
[main] DEBUG org.apache.nifi.processors.standard.RouteText - RouteText[id=7eed8dc2-ebc4-49da-951a-9990a8cef519] Adding new dynamic property: PropertyDescriptor[simple]
[pool-3303-thread-1] INFO org.apache.nifi.processors.standard.RouteText - RouteText[id=7eed8dc2-ebc4-49da-951a-9990a8cef519] Created FlowFile[1963,94824177875452.mockFlowFile,23B] from FlowFile[1962,94824177875452.mockFlowFile,23B]; routing to relationship simple
[pool-3303-thread-1] INFO org.apache.nifi.processors.standard.RouteText - RouteText[id=7eed8dc2-ebc4-49da-951a-9990a8cef519] Routing FlowFile[1962,94824177875452.mockFlowFile,23B] to original
[main] DEBUG org.apache.nifi.processors.standard.RouteText - RouteText[id=7eed8dc2-ebc4-49da-951a-9990a8cef519] Adding new dynamic property: PropertyDescriptor[simple]
[pool-3304-thread-1] INFO org.apache.nifi.processors.standard.RouteText - RouteText[id=7eed8dc2-ebc4-49da-951a-9990a8cef519] Created FlowFile[1965,94824178287563.mockFlowFile,23B] from FlowFile[1964,94824178287563.mockFlowFile,23B]; routing to relationship simple
[pool-3304-thread-1] INFO org.apache.nifi.processors.standard.RouteText - RouteText[id=7eed8dc2-ebc4-49da-951a-9990a8cef519] Routing FlowFile[1964,94824178287563.mockFlowFile,23B] to original
[main] DEBUG org.apache.nifi.processors.standard.RouteText - RouteText[id=7eed8dc2-ebc4-49da-951a-9990a8cef519] Adding new dynamic property: PropertyDescriptor[simple]
[pool-3305-thread-1] INFO org.apache.nifi.processors.standard.RouteText - RouteText[id=7eed8dc2-ebc4-49da-951a-9990a8cef519] Created FlowFile[1967,94824178706575.mockFlowFile,23B] from FlowFile[1966,94824178706575.mockFlowFile,23B]; routing to relationship simple
[pool-3305-thread-1] INFO org.apache.nifi.processors.standard.RouteText - RouteText[id=7eed8dc2-ebc4-49da-951a-9990a8cef519] Routing FlowFile[1966,94824178706575.mockFlowFile,23B] to original
[main] DEBUG org.apache.nifi.processors.standard.RouteText - RouteText[id=7eed8dc2-ebc4-49da-951a-9990a8cef519] Adding new dynamic property: PropertyDescriptor[simple]
[pool-3306-thread-1] INFO org.apache.nifi.processors.standard.RouteText - RouteText[id=7eed8dc2-ebc4-49da-951a-9990a8cef519] Created FlowFile[1969,94824179124722.mockFlowFile,23B] from FlowFile[1968,94824179124722.mockFlowFile,23B]; routing to relationship simple
[pool-3306-thread-1] INFO org.apache.nifi.processors.standard.RouteText - RouteText[id=7eed8dc2-ebc4-49da-951a-9990a8cef519] Routing FlowFile[1968,94824179124722.mockFlowFile,23B] to original
[main] DEBUG org.apache.nifi.processors.standard.RouteText - RouteText[id=7eed8dc2-ebc4-49da-951a-9990a8cef519] Adding new dynamic property: PropertyDescriptor[simple]
[pool-3307-thread-1] INFO org.apache.nifi.processors.standard.RouteText - RouteText[id=7eed8dc2-ebc4-49da-951a-9990a8cef519] Created FlowFile[1971,94824179547643.mockFlowFile,23B] from FlowFile[1970,94824179547643.mockFlowFile,23B]; routing to relationship simple
[pool-3307-thread-1] INFO org.apache.nifi.processors.standard.RouteText - RouteText[id=7eed8dc2-ebc4-49da-951a-9990a8cef519] Routing FlowFile[1970,94824179547643.mockFlowFile,23B] to original
[main] DEBUG org.apache.nifi.processors.standard.RouteText - RouteText[id=7eed8dc2-ebc4-49da-951a-9990a8cef519] Adding new dynamic property: PropertyDescriptor[simple]
[pool-3308-thread-1] INFO org.apache.nifi.processors.standard.RouteText - RouteText[id=7eed8dc2-ebc4-49da-951a-9990a8cef519] Created FlowFile[1973,94824179970278.mockFlowFile,23B] from FlowFile[1972,94824179970278.mockFlowFile,23B]; routing to relationship simple
[pool-3308-thread-1] INFO org.apache.nifi.processors.standard.RouteText - RouteText[id=7eed8dc2-ebc4-49da-951a-9990a8cef519] Routing FlowFile[1972,94824179970278.mockFlowFile,23B] to original
[main] DEBUG org.apache.nifi.processors.standard.RouteText - RouteText[id=7eed8dc2-ebc4-49da-951a-9990a8cef519] Adding new dynamic property: PropertyDescriptor[simple]
[pool-3309-thread-1] INFO org.apache.nifi.processors.standard.RouteText - RouteText[id=7eed8dc2-ebc4-49da-951a-9990a8cef519] Created FlowFile[1975,94824180411755.mockFlowFile,23B] from FlowFile[1974,94824180411755.mockFlowFile,23B]; routing to relationship simple
[pool-3309-thread-1] INFO org.apache.nifi.processors.standard.RouteText - RouteText[id=7eed8dc2-ebc4-49da-951a-9990a8cef519] Routing FlowFile[1974,94824180411755.mockFlowFile,23B] to original
[main] DEBUG org.apache.nifi.processors.standard.RouteText - RouteText[id=7eed8dc2-ebc4-49da-951a-9990a8cef519] Adding new dynamic property: PropertyDescriptor[simple]
[pool-3310-thread-1] INFO org.apache.nifi.processors.standard.RouteText - RouteText[id=7eed8dc2-ebc4-49da-951a-9990a8cef519] Created FlowFile[1977,94824180867638.mockFlowFile,23B] from FlowFile[1976,94824180867638.mockFlowFile,23B]; routing to relationship simple
[pool-3310-thread-1] INFO org.apache.nifi.processors.standard.RouteText - RouteText[id=7eed8dc2-ebc4-49da-951a-9990a8cef519] Routing FlowFile[1976,94824180867638.mockFlowFile,23B] to original
[main] DEBUG org.apache.nifi.processors.standard.RouteText - RouteText[id=7eed8dc2-ebc4-49da-951a-9990a8cef519] Adding new dynamic property: PropertyDescriptor[simple]
[pool-3311-thread-1] INFO org.apache.nifi.processors.standard.RouteText - RouteText[id=7eed8dc2-ebc4-49da-951a-9990a8cef519] Created FlowFile[1979,94824181316419.mockFlowFile,23B] from FlowFile[1978,94824181316419.mockFlowFile,23B]; routing to relationship simple
[pool-3311-thread-1] INFO org.apache.nifi.processors.standard.RouteText - RouteText[id=7eed8dc2-ebc4-49da-951a-9990a8cef519] Routing FlowFile[1978,94824181316419.mockFlowFile,23B] to original
[main] DEBUG org.apache.nifi.processors.standard.RouteText - RouteText[id=7eed8dc2-ebc4-49da-951a-9990a8cef519] Adding new dynamic property: PropertyDescriptor[simple]
[pool-3312-thread-1] INFO org.apache.nifi.processors.standard.RouteText - RouteText[id=7eed8dc2-ebc4-49da-951a-9990a8cef519] Created FlowFile[1981,94824181733185.mockFlowFile,23B] from FlowFile[1980,94824181733185.mockFlowFile,23B]; routing to relationship simple
[pool-3312-thread-1] INFO org.apache.nifi.processors.standard.RouteText - RouteText[id=7eed8dc2-ebc4-49da-951a-9990a8cef519] Routing FlowFile[1980,94824181733185.mockFlowFile,23B] to original
[main] DEBUG org.apache.nifi.processors.standard.RouteText - RouteText[id=7eed8dc2-ebc4-49da-951a-9990a8cef519] Adding new dynamic property: PropertyDescriptor[simple]
[pool-3313-thread-1] INFO org.apache.nifi.processors.standard.RouteText - RouteText[id=7eed8dc2-ebc4-49da-951a-9990a8cef519] Created FlowFile[1983,94824182133803.mockFlowFile,23B] from FlowFile[1982,94824182133803.mockFlowFile,23B]; routing to relationship simple
[pool-3313-thread-1] INFO org.apache.nifi.processors.standard.RouteText - RouteText[id=7eed8dc2-ebc4-49da-951a-9990a8cef519] Routing FlowFile[1982,94824182133803.mockFlowFile,23B] to original
[main] DEBUG org.apache.nifi.processors.standard.RouteText - RouteText[id=7eed8dc2-ebc4-49da-951a-9990a8cef519] Adding new dynamic property: PropertyDescriptor[simple]
[pool-3314-thread-1] INFO org.apache.nifi.processors.standard.RouteText - RouteText[id=7eed8dc2-ebc4-49da-951a-9990a8cef519] Created FlowFile[1985,94824182597929.mockFlowFile,23B] from FlowFile[1984,94824182597929.mockFlowFile,23B]; routing to relationship simple
[pool-3314-thread-1] INFO org.apache.nifi.processors.standard.RouteText - RouteText[id=7eed8dc2-ebc4-49da-951a-9990a8cef519] Routing FlowFile[1984,94824182597929.mockFlowFile,23B] to original
[main] DEBUG org.apache.nifi.processors.standard.RouteText - RouteText[id=7eed8dc2-ebc4-49da-951a-9990a8cef519] Adding new dynamic property: PropertyDescriptor[simple]
[pool-3315-thread-1] INFO org.apache.nifi.processors.standard.RouteText - RouteText[id=7eed8dc2-ebc4-49da-951a-9990a8cef519] Created FlowFile[1987,94824183035444.mockFlowFile,23B] from FlowFile[1986,94824183035444.mockFlowFile,23B]; routing to relationship simple
[pool-3315-thread-1] INFO org.apache.nifi.processors.standard.RouteText - RouteText[id=7eed8dc2-ebc4-49da-951a-9990a8cef519] Routing FlowFile[1986,94824183035444.mockFlowFile,23B] to original
[main] DEBUG org.apache.nifi.processors.standard.RouteText - RouteText[id=7eed8dc2-ebc4-49da-951a-9990a8cef519] Adding new dynamic property: PropertyDescriptor[simple]
[pool-3316-thread-1] INFO org.apache.nifi.processors.standard.RouteText - RouteText[id=7eed8dc2-ebc4-49da-951a-9990a8cef519] Created FlowFile[1989,94824185113113.mockFlowFile,23B] from FlowFile[1988,94824185113113.mockFlowFile,23B]; routing to relationship simple
[pool-3316-thread-1] INFO org.apache.nifi.processors.standard.RouteText - RouteText[id=7eed8dc2-ebc4-49da-951a-9990a8cef519] Routing FlowFile[1988,94824185113113.mockFlowFile,23B] to original
[main] DEBUG org.apache.nifi.processors.standard.RouteText - RouteText[id=7eed8dc2-ebc4-49da-951a-9990a8cef519] Adding new dynamic property: PropertyDescriptor[simple]
[pool-3317-thread-1] INFO org.apache.nifi.processors.standard.RouteText - RouteText[id=7eed8dc2-ebc4-49da-951a-9990a8cef519] Created FlowFile[1991,94824185734832.mockFlowFile,23B] from FlowFile[1990,94824185734832.mockFlowFile,23B]; routing to relationship simple
[pool-3317-thread-1] INFO org.apache.nifi.processors.standard.RouteText - RouteText[id=7eed8dc2-ebc4-49da-951a-9990a8cef519] Routing FlowFile[1990,94824185734832.mockFlowFile,23B] to original
[main] DEBUG org.apache.nifi.processors.standard.RouteText - RouteText[id=7eed8dc2-ebc4-49da-951a-9990a8cef519] Adding new dynamic property: PropertyDescriptor[simple]
[pool-3318-thread-1] INFO org.apache.nifi.processors.standard.RouteText - RouteText[id=7eed8dc2-ebc4-49da-951a-9990a8cef519] Created FlowFile[1993,94824186187880.mockFlowFile,23B] from FlowFile[1992,94824186187880.mockFlowFile,23B]; routing to relationship simple
[pool-3318-thread-1] INFO org.apache.nifi.processors.standard.RouteText - RouteText[id=7eed8dc2-ebc4-49da-951a-9990a8cef519] Routing FlowFile[1992,94824186187880.mockFlowFile,23B] to original
[main] DEBUG org.apache.nifi.processors.standard.RouteText - RouteText[id=7eed8dc2-ebc4-49da-951a-9990a8cef519] Adding new dynamic property: PropertyDescriptor[simple]
[pool-3319-thread-1] INFO org.apache.nifi.processors.standard.RouteText - RouteText[id=7eed8dc2-ebc4-49da-951a-9990a8cef519] Created FlowFile[1995,94824186609654.mockFlowFile,23B] from FlowFile[1994,94824186609654.mockFlowFile,23B]; routing to relationship simple
[pool-3319-thread-1] INFO org.apache.nifi.processors.standard.RouteText - RouteText[id=7eed8dc2-ebc4-49da-951a-9990a8cef519] Routing FlowFile[1994,94824186609654.mockFlowFile,23B] to original
[main] DEBUG org.apache.nifi.processors.standard.RouteText - RouteText[id=7eed8dc2-ebc4-49da-951a-9990a8cef519] Adding new dynamic property: PropertyDescriptor[simple]
[pool-3320-thread-1] INFO org.apache.nifi.processors.standard.RouteText - RouteText[id=7eed8dc2-ebc4-49da-951a-9990a8cef519] Created FlowFile[1997,94824187020689.mockFlowFile,23B] from FlowFile[1996,94824187020689.mockFlowFile,23B]; routing to relationship simple
[pool-3320-thread-1] INFO org.apache.nifi.processors.standard.RouteText - RouteText[id=7eed8dc2-ebc4-49da-951a-9990a8cef519] Routing FlowFile[1996,94824187020689.mockFlowFile,23B] to original
[main] DEBUG org.apache.nifi.processors.standard.RouteText - RouteText[id=7eed8dc2-ebc4-49da-951a-9990a8cef519] Adding new dynamic property: PropertyDescriptor[simple]
[pool-3321-thread-1] INFO org.apache.nifi.processors.standard.RouteText - RouteText[id=7eed8dc2-ebc4-49da-951a-9990a8cef519] Created FlowFile[1999,94824187476937.mockFlowFile,23B] from FlowFile[1998,94824187476937.mockFlowFile,23B]; routing to relationship simple
[pool-3321-thread-1] INFO org.apache.nifi.processors.standard.RouteText - RouteText[id=7eed8dc2-ebc4-49da-951a-9990a8cef519] Routing FlowFile[1998,94824187476937.mockFlowFile,23B] to original
[main] DEBUG org.apache.nifi.processors.standard.RouteText - RouteText[id=7eed8dc2-ebc4-49da-951a-9990a8cef519] Adding new dynamic property: PropertyDescriptor[simple]
[pool-3322-thread-1] INFO org.apache.nifi.processors.standard.RouteText - RouteText[id=7eed8dc2-ebc4-49da-951a-9990a8cef519] Created FlowFile[2001,94824187924829.mockFlowFile,23B] from FlowFile[2000,94824187924829.mockFlowFile,23B]; routing to relationship simple
[pool-3322-thread-1] INFO org.apache.nifi.processors.standard.RouteText - RouteText[id=7eed8dc2-ebc4-49da-951a-9990a8cef519] Routing FlowFile[2000,94824187924829.mockFlowFile,23B] to original
[main] DEBUG org.apache.nifi.processors.standard.RouteText - RouteText[id=7eed8dc2-ebc4-49da-951a-9990a8cef519] Adding new dynamic property: PropertyDescriptor[simple]
[pool-3323-thread-1] INFO org.apache.nifi.processors.standard.RouteText - RouteText[id=7eed8dc2-ebc4-49da-951a-9990a8cef519] Created FlowFile[2003,94824188359625.mockFlowFile,23B] from FlowFile[2002,94824188359625.mockFlowFile,23B]; routing to relationship simple
[pool-3323-thread-1] INFO org.apache.nifi.processors.standard.RouteText - RouteText[id=7eed8dc2-ebc4-49da-951a-9990a8cef519] Routing FlowFile[2002,94824188359625.mockFlowFile,23B] to original
[main] DEBUG org.apache.nifi.processors.standard.RouteText - RouteText[id=7eed8dc2-ebc4-49da-951a-9990a8cef519] Adding new dynamic property: PropertyDescriptor[simple]
[pool-3324-thread-1] INFO org.apache.nifi.processors.standard.RouteText - RouteText[id=7eed8dc2-ebc4-49da-951a-9990a8cef519] Created FlowFile[2005,94824188779255.mockFlowFile,24B] from FlowFile[2004,94824188779255.mockFlowFile,24B]; routing to relationship simple
[pool-3324-thread-1] INFO org.apache.nifi.processors.standard.RouteText - RouteText[id=7eed8dc2-ebc4-49da-951a-9990a8cef519] Routing FlowFile[2004,94824188779255.mockFlowFile,24B] to original
[main] DEBUG org.apache.nifi.processors.standard.RouteText - RouteText[id=7eed8dc2-ebc4-49da-951a-9990a8cef519] Adding new dynamic property: PropertyDescriptor[simple]
[pool-3325-thread-1] INFO org.apache.nifi.processors.standard.RouteText - RouteText[id=7eed8dc2-ebc4-49da-951a-9990a8cef519] Created FlowFile[2007,94824189186812.mockFlowFile,24B] from FlowFile[2006,94824189186812.mockFlowFile,24B]; routing to relationship simple
[pool-3325-thread-1] INFO org.apache.nifi.processors.standard.RouteText - RouteText[id=7eed8dc2-ebc4-49da-951a-9990a8cef519] Routing FlowFile[2006,94824189186812.mockFlowFile,24B] to original
[main] DEBUG org.apache.nifi.processors.standard.RouteText - RouteText[id=7eed8dc2-ebc4-49da-951a-9990a8cef519] Adding new dynamic property: PropertyDescriptor[simple]
[pool-3326-thread-1] INFO org.apache.nifi.processors.standard.RouteText - RouteText[id=7eed8dc2-ebc4-49da-951a-9990a8cef519] Created FlowFile[2009,94824189582082.mockFlowFile,24B] from FlowFile[2008,94824189582082.mockFlowFile,24B]; routing to relationship simple
[pool-3326-thread-1] INFO org.apache.nifi.processors.standard.RouteText - RouteText[id=7eed8dc2-ebc4-49da-951a-9990a8cef519] Routing FlowFile[2008,94824189582082.mockFlowFile,24B] to original
[main] DEBUG org.apache.nifi.processors.standard.RouteText - RouteText[id=7eed8dc2-ebc4-49da-951a-9990a8cef519] Adding new dynamic property: PropertyDescriptor[simple]
[pool-3327-thread-1] INFO org.apache.nifi.processors.standard.RouteText - RouteText[id=7eed8dc2-ebc4-49da-951a-9990a8cef519] Created FlowFile[2011,94824190015760.mockFlowFile,24B] from FlowFile[2010,94824190015760.mockFlowFile,24B]; routing to relationship simple
[pool-3327-thread-1] INFO org.apache.nifi.processors.standard.RouteText - RouteText[id=7eed8dc2-ebc4-49da-951a-9990a8cef519] Routing FlowFile[2010,94824190015760.mockFlowFile,24B] to original
[main] DEBUG org.apache.nifi.processors.standard.RouteText - RouteText[id=7eed8dc2-ebc4-49da-951a-9990a8cef519] Adding new dynamic property: PropertyDescriptor[simple]
[pool-3328-thread-1] INFO org.apache.nifi.processors.standard.RouteText - RouteText[id=7eed8dc2-ebc4-49da-951a-9990a8cef519] Created FlowFile[2013,94824190414518.mockFlowFile,24B] from FlowFile[2012,94824190414518.mockFlowFile,24B]; routing to relationship simple
[pool-3328-thread-1] INFO org.apache.nifi.processors.standard.RouteText - RouteText[id=7eed8dc2-ebc4-49da-951a-9990a8cef519] Routing FlowFile[2012,94824190414518.mockFlowFile,24B] to original
[main] DEBUG org.apache.nifi.processors.standard.RouteText - RouteText[id=7eed8dc2-ebc4-49da-951a-9990a8cef519] Adding new dynamic property: PropertyDescriptor[simple]
[pool-3329-thread-1] INFO org.apache.nifi.processors.standard.RouteText - RouteText[id=7eed8dc2-ebc4-49da-951a-9990a8cef519] Created FlowFile[2015,94824190804718.mockFlowFile,24B] from FlowFile[2014,94824190804718.mockFlowFile,24B]; routing to relationship simple
[pool-3329-thread-1] INFO org.apache.nifi.processors.standard.RouteText - RouteText[id=7eed8dc2-ebc4-49da-951a-9990a8cef519] Routing FlowFile[2014,94824190804718.mockFlowFile,24B] to original
[main] DEBUG org.apache.nifi.processors.standard.RouteText - RouteText[id=7eed8dc2-ebc4-49da-951a-9990a8cef519] Adding new dynamic property: PropertyDescriptor[simple]
[pool-3330-thread-1] INFO org.apache.nifi.processors.standard.RouteText - RouteText[id=7eed8dc2-ebc4-49da-951a-9990a8cef519] Created FlowFile[2017,94824191227674.mockFlowFile,24B] from FlowFile[2016,94824191227674.mockFlowFile,24B]; routing to relationship simple
[pool-3330-thread-1] INFO org.apache.nifi.processors.standard.RouteText - RouteText[id=7eed8dc2-ebc4-49da-951a-9990a8cef519] Routing FlowFile[2016,94824191227674.mockFlowFile,24B] to original
[main] DEBUG org.apache.nifi.processors.standard.RouteText - RouteText[id=7eed8dc2-ebc4-49da-951a-9990a8cef519] Adding new dynamic property: PropertyDescriptor[simple]
[pool-3331-thread-1] INFO org.apache.nifi.processors.standard.RouteText - RouteText[id=7eed8dc2-ebc4-49da-951a-9990a8cef519] Created FlowFile[2019,94824191643494.mockFlowFile,24B] from FlowFile[2018,94824191643494.mockFlowFile,24B]; routing to relationship simple
[pool-3331-thread-1] INFO org.apache.nifi.processors.standard.RouteText - RouteText[id=7eed8dc2-ebc4-49da-951a-9990a8cef519] Routing FlowFile[2018,94824191643494.mockFlowFile,24B] to original
[main] DEBUG org.apache.nifi.processors.standard.RouteText - RouteText[id=7eed8dc2-ebc4-49da-951a-9990a8cef519] Adding new dynamic property: PropertyDescriptor[simple]
[pool-3332-thread-1] INFO org.apache.nifi.processors.standard.RouteText - RouteText[id=7eed8dc2-ebc4-49da-951a-9990a8cef519] Created FlowFile[2021,94824192091495.mockFlowFile,24B] from FlowFile[2020,94824192091495.mockFlowFile,24B]; routing to relationship simple
[pool-3332-thread-1] INFO org.apache.nifi.processors.standard.RouteText - RouteText[id=7eed8dc2-ebc4-49da-951a-9990a8cef519] Routing FlowFile[2020,94824192091495.mockFlowFile,24B] to original
[main] DEBUG org.apache.nifi.processors.standard.RouteText - RouteText[id=7eed8dc2-ebc4-49da-951a-9990a8cef519] Adding new dynamic property: PropertyDescriptor[simple]
[pool-3333-thread-1] INFO org.apache.nifi.processors.standard.RouteText - RouteText[id=7eed8dc2-ebc4-49da-951a-9990a8cef519] Created FlowFile[2023,94824192655477.mockFlowFile,24B] from FlowFile[2022,94824192655477.mockFlowFile,24B]; routing to relationship simple
[pool-3333-thread-1] INFO org.apache.nifi.processors.standard.RouteText - RouteText[id=7eed8dc2-ebc4-49da-951a-9990a8cef519] Routing FlowFile[2022,94824192655477.mockFlowFile,24B] to original
[main] DEBUG org.apache.nifi.processors.standard.RouteText - RouteText[id=7eed8dc2-ebc4-49da-951a-9990a8cef519] Adding new dynamic property: PropertyDescriptor[simple]
[pool-3334-thread-1] INFO org.apache.nifi.processors.standard.RouteText - RouteText[id=7eed8dc2-ebc4-49da-951a-9990a8cef519] Created FlowFile[2025,94824193109769.mockFlowFile,24B] from FlowFile[2024,94824193109769.mockFlowFile,24B]; routing to relationship simple
[pool-3334-thread-1] INFO org.apache.nifi.processors.standard.RouteText - RouteText[id=7eed8dc2-ebc4-49da-951a-9990a8cef519] Routing FlowFile[2024,94824193109769.mockFlowFile,24B] to original
[main] DEBUG org.apache.nifi.processors.standard.RouteText - RouteText[id=7eed8dc2-ebc4-49da-951a-9990a8cef519] Adding new dynamic property: PropertyDescriptor[simple]
[pool-3335-thread-1] INFO org.apache.nifi.processors.standard.RouteText - RouteText[id=7eed8dc2-ebc4-49da-951a-9990a8cef519] Created FlowFile[2027,94824193537969.mockFlowFile,24B] from FlowFile[2026,94824193537969.mockFlowFile,24B]; routing to relationship simple
[pool-3335-thread-1] INFO org.apache.nifi.processors.standard.RouteText - RouteText[id=7eed8dc2-ebc4-49da-951a-9990a8cef519] Routing FlowFile[2026,94824193537969.mockFlowFile,24B] to original
[main] DEBUG org.apache.nifi.processors.standard.RouteText - RouteText[id=7eed8dc2-ebc4-49da-951a-9990a8cef519] Adding new dynamic property: PropertyDescriptor[simple]
[pool-3336-thread-1] INFO org.apache.nifi.processors.standard.RouteText - RouteText[id=7eed8dc2-ebc4-49da-951a-9990a8cef519] Created FlowFile[2029,94824193948728.mockFlowFile,24B] from FlowFile[2028,94824193948728.mockFlowFile,24B]; routing to relationship simple
[pool-3336-thread-1] INFO org.apache.nifi.processors.standard.RouteText - RouteText[id=7eed8dc2-ebc4-49da-951a-9990a8cef519] Routing FlowFile[2028,94824193948728.mockFlowFile,24B] to original
[main] DEBUG org.apache.nifi.processors.standard.RouteText - RouteText[id=7eed8dc2-ebc4-49da-951a-9990a8cef519] Adding new dynamic property: PropertyDescriptor[simple]
[pool-3337-thread-1] INFO org.apache.nifi.processors.standard.RouteText - RouteText[id=7eed8dc2-ebc4-49da-951a-9990a8cef519] Created FlowFile[2031,94824194515836.mockFlowFile,24B] from FlowFile[2030,94824194515836.mockFlowFile,24B]; routing to relationship simple
[pool-3337-thread-1] INFO org.apache.nifi.processors.standard.RouteText - RouteText[id=7eed8dc2-ebc4-49da-951a-9990a8cef519] Routing FlowFile[2030,94824194515836.mockFlowFile,24B] to original
[main] DEBUG org.apache.nifi.processors.standard.RouteText - RouteText[id=7eed8dc2-ebc4-49da-951a-9990a8cef519] Adding new dynamic property: PropertyDescriptor[simple]
[pool-3338-thread-1] INFO org.apache.nifi.processors.standard.RouteText - RouteText[id=7eed8dc2-ebc4-49da-951a-9990a8cef519] Created FlowFile[2033,94824195056160.mockFlowFile,24B] from FlowFile[2032,94824195056160.mockFlowFile,24B]; routing to relationship simple
[pool-3338-thread-1] INFO org.apache.nifi.processors.standard.RouteText - RouteText[id=7eed8dc2-ebc4-49da-951a-9990a8cef519] Routing FlowFile[2032,94824195056160.mockFlowFile,24B] to original
[main] DEBUG org.apache.nifi.processors.standard.RouteText - RouteText[id=7eed8dc2-ebc4-49da-951a-9990a8cef519] Adding new dynamic property: PropertyDescriptor[simple]
[pool-3339-thread-1] INFO org.apache.nifi.processors.standard.RouteText - RouteText[id=7eed8dc2-ebc4-49da-951a-9990a8cef519] Created FlowFile[2035,94824195706081.mockFlowFile,24B] from FlowFile[2034,94824195706081.mockFlowFile,24B]; routing to relationship simple
[pool-3339-thread-1] INFO org.apache.nifi.processors.standard.RouteText - RouteText[id=7eed8dc2-ebc4-49da-951a-9990a8cef519] Routing FlowFile[2034,94824195706081.mockFlowFile,24B] to original
[main] DEBUG org.apache.nifi.processors.standard.RouteText - RouteText[id=7eed8dc2-ebc4-49da-951a-9990a8cef519] Adding new dynamic property: PropertyDescriptor[simple]
[pool-3340-thread-1] INFO org.apache.nifi.processors.standard.RouteText - RouteText[id=7eed8dc2-ebc4-49da-951a-9990a8cef519] Created FlowFile[2037,94824196167092.mockFlowFile,24B] from FlowFile[2036,94824196167092.mockFlowFile,24B]; routing to relationship simple
[pool-3340-thread-1] INFO org.apache.nifi.processors.standard.RouteText - RouteText[id=7eed8dc2-ebc4-49da-951a-9990a8cef519] Routing FlowFile[2036,94824196167092.mockFlowFile,24B] to original
[main] DEBUG org.apache.nifi.processors.standard.RouteText - RouteText[id=7eed8dc2-ebc4-49da-951a-9990a8cef519] Adding new dynamic property: PropertyDescriptor[simple]
[pool-3341-thread-1] INFO org.apache.nifi.processors.standard.RouteText - RouteText[id=7eed8dc2-ebc4-49da-951a-9990a8cef519] Created FlowFile[2039,94824196697950.mockFlowFile,24B] from FlowFile[2038,94824196697950.mockFlowFile,24B]; routing to relationship simple
[pool-3341-thread-1] INFO org.apache.nifi.processors.standard.RouteText - RouteText[id=7eed8dc2-ebc4-49da-951a-9990a8cef519] Routing FlowFile[2038,94824196697950.mockFlowFile,24B] to original
[main] DEBUG org.apache.nifi.processors.standard.RouteText - RouteText[id=7eed8dc2-ebc4-49da-951a-9990a8cef519] Adding new dynamic property: PropertyDescriptor[simple]
[pool-3342-thread-1] INFO org.apache.nifi.processors.standard.RouteText - RouteText[id=7eed8dc2-ebc4-49da-951a-9990a8cef519] Created FlowFile[2041,94824197159546.mockFlowFile,24B] from FlowFile[2040,94824197159546.mockFlowFile,24B]; routing to relationship simple
[pool-3342-thread-1] INFO org.apache.nifi.processors.standard.RouteText - RouteText[id=7eed8dc2-ebc4-49da-951a-9990a8cef519] Routing FlowFile[2040,94824197159546.mockFlowFile,24B] to original
[main] DEBUG org.apache.nifi.processors.standard.RouteText - RouteText[id=7eed8dc2-ebc4-49da-951a-9990a8cef519] Adding new dynamic property: PropertyDescriptor[simple]
[pool-3343-thread-1] INFO org.apache.nifi.processors.standard.RouteText - RouteText[id=7eed8dc2-ebc4-49da-951a-9990a8cef519] Created FlowFile[2043,94824197607858.mockFlowFile,24B] from FlowFile[2042,94824197607858.mockFlowFile,24B]; routing to relationship simple
[pool-3343-thread-1] INFO org.apache.nifi.processors.standard.RouteText - RouteText[id=7eed8dc2-ebc4-49da-951a-9990a8cef519] Routing FlowFile[2042,94824197607858.mockFlowFile,24B] to original
[main] DEBUG org.apache.nifi.processors.standard.RouteText - RouteText[id=7eed8dc2-ebc4-49da-951a-9990a8cef519] Adding new dynamic property: PropertyDescriptor[simple]
[pool-3344-thread-1] INFO org.apache.nifi.processors.standard.RouteText - RouteText[id=7eed8dc2-ebc4-49da-951a-9990a8cef519] Created FlowFile[2045,94824198239868.mockFlowFile,24B] from FlowFile[2044,94824198239868.mockFlowFile,24B]; routing to relationship simple
[pool-3344-thread-1] INFO org.apache.nifi.processors.standard.RouteText - RouteText[id=7eed8dc2-ebc4-49da-951a-9990a8cef519] Routing FlowFile[2044,94824198239868.mockFlowFile,24B] to original
[main] DEBUG org.apache.nifi.processors.standard.RouteText - RouteText[id=7eed8dc2-ebc4-49da-951a-9990a8cef519] Adding new dynamic property: PropertyDescriptor[simple]
[pool-3345-thread-1] INFO org.apache.nifi.processors.standard.RouteText - RouteText[id=7eed8dc2-ebc4-49da-951a-9990a8cef519] Created FlowFile[2047,94824198916072.mockFlowFile,24B] from FlowFile[2046,94824198916072.mockFlowFile,24B]; routing to relationship simple
[pool-3345-thread-1] INFO org.apache.nifi.processors.standard.RouteText - RouteText[id=7eed8dc2-ebc4-49da-951a-9990a8cef519] Routing FlowFile[2046,94824198916072.mockFlowFile,24B] to original
[main] DEBUG org.apache.nifi.processors.standard.RouteText - RouteText[id=7eed8dc2-ebc4-49da-951a-9990a8cef519] Adding new dynamic property: PropertyDescriptor[simple]
[pool-3346-thread-1] INFO org.apache.nifi.processors.standard.RouteText - RouteText[id=7eed8dc2-ebc4-49da-951a-9990a8cef519] Created FlowFile[2049,94824199412501.mockFlowFile,24B] from FlowFile[2048,94824199412501.mockFlowFile,24B]; routing to relationship simple
[pool-3346-thread-1] INFO org.apache.nifi.processors.standard.RouteText - RouteText[id=7eed8dc2-ebc4-49da-951a-9990a8cef519] Routing FlowFile[2048,94824199412501.mockFlowFile,24B] to original
[main] DEBUG org.apache.nifi.processors.standard.RouteText - RouteText[id=7eed8dc2-ebc4-49da-951a-9990a8cef519] Adding new dynamic property: PropertyDescriptor[simple]
[pool-3347-thread-1] INFO org.apache.nifi.processors.standard.RouteText - RouteText[id=7eed8dc2-ebc4-49da-951a-9990a8cef519] Created FlowFile[2051,94824200160270.mockFlowFile,24B] from FlowFile[2050,94824200160270.mockFlowFile,24B]; routing to relationship simple
[pool-3347-thread-1] INFO org.apache.nifi.processors.standard.RouteText - RouteText[id=7eed8dc2-ebc4-49da-951a-9990a8cef519] Routing FlowFile[2050,94824200160270.mockFlowFile,24B] to original
[main] DEBUG org.apache.nifi.processors.standard.RouteText - RouteText[id=7eed8dc2-ebc4-49da-951a-9990a8cef519] Adding new dynamic property: PropertyDescriptor[simple]
[pool-3348-thread-1] INFO org.apache.nifi.processors.standard.RouteText - RouteText[id=7eed8dc2-ebc4-49da-951a-9990a8cef519] Created FlowFile[2053,94824200756838.mockFlowFile,24B] from FlowFile[2052,94824200756838.mockFlowFile,24B]; routing to relationship simple
[pool-3348-thread-1] INFO org.apache.nifi.processors.standard.RouteText - RouteText[id=7eed8dc2-ebc4-49da-951a-9990a8cef519] Routing FlowFile[2052,94824200756838.mockFlowFile,24B] to original
[main] DEBUG org.apache.nifi.processors.standard.RouteText - RouteText[id=7eed8dc2-ebc4-49da-951a-9990a8cef519] Adding new dynamic property: PropertyDescriptor[simple]
[pool-3349-thread-1] INFO org.apache.nifi.processors.standard.RouteText - RouteText[id=7eed8dc2-ebc4-49da-951a-9990a8cef519] Created FlowFile[2055,94824201324866.mockFlowFile,24B] from FlowFile[2054,94824201324866.mockFlowFile,24B]; routing to relationship simple
[pool-3349-thread-1] INFO org.apache.nifi.processors.standard.RouteText - RouteText[id=7eed8dc2-ebc4-49da-951a-9990a8cef519] Routing FlowFile[2054,94824201324866.mockFlowFile,24B] to original
[main] DEBUG org.apache.nifi.processors.standard.RouteText - RouteText[id=7eed8dc2-ebc4-49da-951a-9990a8cef519] Adding new dynamic property: PropertyDescriptor[simple]
[pool-3350-thread-1] INFO org.apache.nifi.processors.standard.RouteText - RouteText[id=7eed8dc2-ebc4-49da-951a-9990a8cef519] Created FlowFile[2057,94824201774126.mockFlowFile,24B] from FlowFile[2056,94824201774126.mockFlowFile,24B]; routing to relationship simple
[pool-3350-thread-1] INFO org.apache.nifi.processors.standard.RouteText - RouteText[id=7eed8dc2-ebc4-49da-951a-9990a8cef519] Routing FlowFile[2056,94824201774126.mockFlowFile,24B] to original
[main] DEBUG org.apache.nifi.processors.standard.RouteText - RouteText[id=7eed8dc2-ebc4-49da-951a-9990a8cef519] Adding new dynamic property: PropertyDescriptor[simple]
[pool-3351-thread-1] INFO org.apache.nifi.processors.standard.RouteText - RouteText[id=7eed8dc2-ebc4-49da-951a-9990a8cef519] Created FlowFile[2059,94824202239805.mockFlowFile,24B] from FlowFile[2058,94824202239805.mockFlowFile,24B]; routing to relationship simple
[pool-3351-thread-1] INFO org.apache.nifi.processors.standard.RouteText - RouteText[id=7eed8dc2-ebc4-49da-951a-9990a8cef519] Routing FlowFile[2058,94824202239805.mockFlowFile,24B] to original
[main] DEBUG org.apache.nifi.processors.standard.RouteText - RouteText[id=7eed8dc2-ebc4-49da-951a-9990a8cef519] Adding new dynamic property: PropertyDescriptor[simple]
[pool-3352-thread-1] INFO org.apache.nifi.processors.standard.RouteText - RouteText[id=7eed8dc2-ebc4-49da-951a-9990a8cef519] Created FlowFile[2061,94824202712735.mockFlowFile,24B] from FlowFile[2060,94824202712735.mockFlowFile,24B]; routing to relationship simple
[pool-3352-thread-1] INFO org.apache.nifi.processors.standard.RouteText - RouteText[id=7eed8dc2-ebc4-49da-951a-9990a8cef519] Routing FlowFile[2060,94824202712735.mockFlowFile,24B] to original
[main] DEBUG org.apache.nifi.processors.standard.RouteText - RouteText[id=7eed8dc2-ebc4-49da-951a-9990a8cef519] Adding new dynamic property: PropertyDescriptor[simple]
[pool-3353-thread-1] INFO org.apache.nifi.processors.standard.RouteText - RouteText[id=7eed8dc2-ebc4-49da-951a-9990a8cef519] Created FlowFile[2063,94824203200997.mockFlowFile,24B] from FlowFile[2062,94824203200997.mockFlowFile,24B]; routing to relationship simple
[pool-3353-thread-1] INFO org.apache.nifi.processors.standard.RouteText - RouteText[id=7eed8dc2-ebc4-49da-951a-9990a8cef519] Routing FlowFile[2062,94824203200997.mockFlowFile,24B] to original
[main] DEBUG org.apache.nifi.processors.standard.RouteText - RouteText[id=7eed8dc2-ebc4-49da-951a-9990a8cef519] Adding new dynamic property: PropertyDescriptor[simple]
[pool-3354-thread-1] INFO org.apache.nifi.processors.standard.RouteText - RouteText[id=7eed8dc2-ebc4-49da-951a-9990a8cef519] Created FlowFile[2065,94824203677306.mockFlowFile,24B] from FlowFile[2064,94824203677306.mockFlowFile,24B]; routing to relationship simple
[pool-3354-thread-1] INFO org.apache.nifi.processors.standard.RouteText - RouteText[id=7eed8dc2-ebc4-49da-951a-9990a8cef519] Routing FlowFile[2064,94824203677306.mockFlowFile,24B] to original
[main] DEBUG org.apache.nifi.processors.standard.RouteText - RouteText[id=7eed8dc2-ebc4-49da-951a-9990a8cef519] Adding new dynamic property: PropertyDescriptor[simple]
[pool-3355-thread-1] INFO org.apache.nifi.processors.standard.RouteText - RouteText[id=7eed8dc2-ebc4-49da-951a-9990a8cef519] Created FlowFile[2067,94824204207959.mockFlowFile,24B] from FlowFile[2066,94824204207959.mockFlowFile,24B]; routing to relationship simple
[pool-3355-thread-1] INFO org.apache.nifi.processors.standard.RouteText - RouteText[id=7eed8dc2-ebc4-49da-951a-9990a8cef519] Routing FlowFile[2066,94824204207959.mockFlowFile,24B] to original
[main] DEBUG org.apache.nifi.processors.standard.RouteText - RouteText[id=7eed8dc2-ebc4-49da-951a-9990a8cef519] Adding new dynamic property: PropertyDescriptor[simple]
[pool-3356-thread-1] INFO org.apache.nifi.processors.standard.RouteText - RouteText[id=7eed8dc2-ebc4-49da-951a-9990a8cef519] Created FlowFile[2069,94824204689394.mockFlowFile,24B] from FlowFile[2068,94824204689394.mockFlowFile,24B]; routing to relationship simple
[pool-3356-thread-1] INFO org.apache.nifi.processors.standard.RouteText - RouteText[id=7eed8dc2-ebc4-49da-951a-9990a8cef519] Routing FlowFile[2068,94824204689394.mockFlowFile,24B] to original
[main] DEBUG org.apache.nifi.processors.standard.RouteText - RouteText[id=7eed8dc2-ebc4-49da-951a-9990a8cef519] Adding new dynamic property: PropertyDescriptor[simple]
[pool-3357-thread-1] INFO org.apache.nifi.processors.standard.RouteText - RouteText[id=7eed8dc2-ebc4-49da-951a-9990a8cef519] Created FlowFile[2071,94824205226075.mockFlowFile,24B] from FlowFile[2070,94824205226075.mockFlowFile,24B]; routing to relationship simple
[pool-3357-thread-1] INFO org.apache.nifi.processors.standard.RouteText - RouteText[id=7eed8dc2-ebc4-49da-951a-9990a8cef519] Routing FlowFile[2070,94824205226075.mockFlowFile,24B] to original
[main] DEBUG org.apache.nifi.processors.standard.RouteText - RouteText[id=7eed8dc2-ebc4-49da-951a-9990a8cef519] Adding new dynamic property: PropertyDescriptor[simple]
[pool-3358-thread-1] INFO org.apache.nifi.processors.standard.RouteText - RouteText[id=7eed8dc2-ebc4-49da-951a-9990a8cef519] Created FlowFile[2073,94824205682140.mockFlowFile,24B] from FlowFile[2072,94824205682140.mockFlowFile,24B]; routing to relationship simple
[pool-3358-thread-1] INFO org.apache.nifi.processors.standard.RouteText - RouteText[id=7eed8dc2-ebc4-49da-951a-9990a8cef519] Routing FlowFile[2072,94824205682140.mockFlowFile,24B] to original
[main] DEBUG org.apache.nifi.processors.standard.RouteText - RouteText[id=7eed8dc2-ebc4-49da-951a-9990a8cef519] Adding new dynamic property: PropertyDescriptor[simple]
[pool-3359-thread-1] INFO org.apache.nifi.processors.standard.RouteText - RouteText[id=7eed8dc2-ebc4-49da-951a-9990a8cef519] Created FlowFile[2075,94824206184217.mockFlowFile,24B] from FlowFile[2074,94824206184217.mockFlowFile,24B]; routing to relationship simple
[pool-3359-thread-1] INFO org.apache.nifi.processors.standard.RouteText - RouteText[id=7eed8dc2-ebc4-49da-951a-9990a8cef519] Routing FlowFile[2074,94824206184217.mockFlowFile,24B] to original
[main] DEBUG org.apache.nifi.processors.standard.RouteText - RouteText[id=7eed8dc2-ebc4-49da-951a-9990a8cef519] Adding new dynamic property: PropertyDescriptor[simple]
[pool-3360-thread-1] INFO org.apache.nifi.processors.standard.RouteText - RouteText[id=7eed8dc2-ebc4-49da-951a-9990a8cef519] Created FlowFile[2077,94824206679853.mockFlowFile,24B] from FlowFile[2076,94824206679853.mockFlowFile,24B]; routing to relationship simple
[pool-3360-thread-1] INFO org.apache.nifi.processors.standard.RouteText - RouteText[id=7eed8dc2-ebc4-49da-951a-9990a8cef519] Routing FlowFile[2076,94824206679853.mockFlowFile,24B] to original
[main] DEBUG org.apache.nifi.processors.standard.RouteText - RouteText[id=7eed8dc2-ebc4-49da-951a-9990a8cef519] Adding new dynamic property: PropertyDescriptor[simple]
[pool-3361-thread-1] INFO org.apache.nifi.processors.standard.RouteText - RouteText[id=7eed8dc2-ebc4-49da-951a-9990a8cef519] Created FlowFile[2079,94824207123969.mockFlowFile,24B] from FlowFile[2078,94824207123969.mockFlowFile,24B]; routing to relationship simple
[pool-3361-thread-1] INFO org.apache.nifi.processors.standard.RouteText - RouteText[id=7eed8dc2-ebc4-49da-951a-9990a8cef519] Routing FlowFile[2078,94824207123969.mockFlowFile,24B] to original
[main] DEBUG org.apache.nifi.processors.standard.RouteText - RouteText[id=7eed8dc2-ebc4-49da-951a-9990a8cef519] Adding new dynamic property: PropertyDescriptor[simple]
[pool-3362-thread-1] INFO org.apache.nifi.processors.standard.RouteText - RouteText[id=7eed8dc2-ebc4-49da-951a-9990a8cef519] Created FlowFile[2081,94824207573780.mockFlowFile,24B] from FlowFile[2080,94824207573780.mockFlowFile,24B]; routing to relationship simple
[pool-3362-thread-1] INFO org.apache.nifi.processors.standard.RouteText - RouteText[id=7eed8dc2-ebc4-49da-951a-9990a8cef519] Routing FlowFile[2080,94824207573780.mockFlowFile,24B] to original
[main] DEBUG org.apache.nifi.processors.standard.RouteText - RouteText[id=7eed8dc2-ebc4-49da-951a-9990a8cef519] Adding new dynamic property: PropertyDescriptor[simple]
[pool-3363-thread-1] INFO org.apache.nifi.processors.standard.RouteText - RouteText[id=7eed8dc2-ebc4-49da-951a-9990a8cef519] Created FlowFile[2083,94824208087056.mockFlowFile,24B] from FlowFile[2082,94824208087056.mockFlowFile,24B]; routing to relationship simple
[pool-3363-thread-1] INFO org.apache.nifi.processors.standard.RouteText - RouteText[id=7eed8dc2-ebc4-49da-951a-9990a8cef519] Routing FlowFile[2082,94824208087056.mockFlowFile,24B] to original
[main] DEBUG org.apache.nifi.processors.standard.RouteText - RouteText[id=7eed8dc2-ebc4-49da-951a-9990a8cef519] Adding new dynamic property: PropertyDescriptor[simple]
[pool-3364-thread-1] INFO org.apache.nifi.processors.standard.RouteText - RouteText[id=7eed8dc2-ebc4-49da-951a-9990a8cef519] Created FlowFile[2085,94824208638599.mockFlowFile,24B] from FlowFile[2084,94824208638599.mockFlowFile,24B]; routing to relationship simple
[pool-3364-thread-1] INFO org.apache.nifi.processors.standard.RouteText - RouteText[id=7eed8dc2-ebc4-49da-951a-9990a8cef519] Routing FlowFile[2084,94824208638599.mockFlowFile,24B] to original
[main] DEBUG org.apache.nifi.processors.standard.RouteText - RouteText[id=7eed8dc2-ebc4-49da-951a-9990a8cef519] Adding new dynamic property: PropertyDescriptor[simple]
[pool-3365-thread-1] INFO org.apache.nifi.processors.standard.RouteText - RouteText[id=7eed8dc2-ebc4-49da-951a-9990a8cef519] Created FlowFile[2087,94824209238323.mockFlowFile,24B] from FlowFile[2086,94824209238323.mockFlowFile,24B]; routing to relationship simple
[pool-3365-thread-1] INFO org.apache.nifi.processors.standard.RouteText - RouteText[id=7eed8dc2-ebc4-49da-951a-9990a8cef519] Routing FlowFile[2086,94824209238323.mockFlowFile,24B] to original
[main] DEBUG org.apache.nifi.processors.standard.RouteText - RouteText[id=7eed8dc2-ebc4-49da-951a-9990a8cef519] Adding new dynamic property: PropertyDescriptor[simple]
[pool-3366-thread-1] INFO org.apache.nifi.processors.standard.RouteText - RouteText[id=7eed8dc2-ebc4-49da-951a-9990a8cef519] Created FlowFile[2089,94824209773102.mockFlowFile,24B] from FlowFile[2088,94824209773102.mockFlowFile,24B]; routing to relationship simple
[pool-3366-thread-1] INFO org.apache.nifi.processors.standard.RouteText - RouteText[id=7eed8dc2-ebc4-49da-951a-9990a8cef519] Routing FlowFile[2088,94824209773102.mockFlowFile,24B] to original
[main] DEBUG org.apache.nifi.processors.standard.RouteText - RouteText[id=7eed8dc2-ebc4-49da-951a-9990a8cef519] Adding new dynamic property: PropertyDescriptor[simple]
[pool-3367-thread-1] INFO org.apache.nifi.processors.standard.RouteText - RouteText[id=7eed8dc2-ebc4-49da-951a-9990a8cef519] Created FlowFile[2091,94824210265195.mockFlowFile,24B] from FlowFile[2090,94824210265195.mockFlowFile,24B]; routing to relationship simple
[pool-3367-thread-1] INFO org.apache.nifi.processors.standard.RouteText - RouteText[id=7eed8dc2-ebc4-49da-951a-9990a8cef519] Routing FlowFile[2090,94824210265195.mockFlowFile,24B] to original
[main] DEBUG org.apache.nifi.processors.standard.RouteText - RouteText[id=7eed8dc2-ebc4-49da-951a-9990a8cef519] Adding new dynamic property: PropertyDescriptor[simple]
[pool-3368-thread-1] INFO org.apache.nifi.processors.standard.RouteText - RouteText[id=7eed8dc2-ebc4-49da-951a-9990a8cef519] Created FlowFile[2093,94824210777279.mockFlowFile,24B] from FlowFile[2092,94824210777279.mockFlowFile,24B]; routing to relationship simple
[pool-3368-thread-1] INFO org.apache.nifi.processors.standard.RouteText - RouteText[id=7eed8dc2-ebc4-49da-951a-9990a8cef519] Routing FlowFile[2092,94824210777279.mockFlowFile,24B] to original
[main] DEBUG org.apache.nifi.processors.standard.RouteText - RouteText[id=7eed8dc2-ebc4-49da-951a-9990a8cef519] Adding new dynamic property: PropertyDescriptor[simple]
[pool-3369-thread-1] INFO org.apache.nifi.processors.standard.RouteText - RouteText[id=7eed8dc2-ebc4-49da-951a-9990a8cef519] Created FlowFile[2095,94824211303078.mockFlowFile,24B] from FlowFile[2094,94824211303078.mockFlowFile,24B]; routing to relationship simple
[pool-3369-thread-1] INFO org.apache.nifi.processors.standard.RouteText - RouteText[id=7eed8dc2-ebc4-49da-951a-9990a8cef519] Routing FlowFile[2094,94824211303078.mockFlowFile,24B] to original
[main] DEBUG org.apache.nifi.processors.standard.RouteText - RouteText[id=7eed8dc2-ebc4-49da-951a-9990a8cef519] Adding new dynamic property: PropertyDescriptor[simple]
[pool-3370-thread-1] INFO org.apache.nifi.processors.standard.RouteText - RouteText[id=7eed8dc2-ebc4-49da-951a-9990a8cef519] Created FlowFile[2097,94824211907043.mockFlowFile,24B] from FlowFile[2096,94824211907043.mockFlowFile,24B]; routing to relationship simple
[pool-3370-thread-1] INFO org.apache.nifi.processors.standard.RouteText - RouteText[id=7eed8dc2-ebc4-49da-951a-9990a8cef519] Routing FlowFile[2096,94824211907043.mockFlowFile,24B] to original
[main] DEBUG org.apache.nifi.processors.standard.RouteText - RouteText[id=7eed8dc2-ebc4-49da-951a-9990a8cef519] Adding new dynamic property: PropertyDescriptor[simple]
[pool-3371-thread-1] INFO org.apache.nifi.processors.standard.RouteText - RouteText[id=7eed8dc2-ebc4-49da-951a-9990a8cef519] Created FlowFile[2099,94824212508476.mockFlowFile,24B] from FlowFile[2098,94824212508476.mockFlowFile,24B]; routing to relationship simple
[pool-3371-thread-1] INFO org.apache.nifi.processors.standard.RouteText - RouteText[id=7eed8dc2-ebc4-49da-951a-9990a8cef519] Routing FlowFile[2098,94824212508476.mockFlowFile,24B] to original
[main] DEBUG org.apache.nifi.processors.standard.RouteText - RouteText[id=7eed8dc2-ebc4-49da-951a-9990a8cef519] Adding new dynamic property: PropertyDescriptor[simple]
[pool-3372-thread-1] INFO org.apache.nifi.processors.standard.RouteText - RouteText[id=7eed8dc2-ebc4-49da-951a-9990a8cef519] Created FlowFile[2101,94824213167740.mockFlowFile,24B] from FlowFile[2100,94824213167740.mockFlowFile,24B]; routing to relationship simple
[pool-3372-thread-1] INFO org.apache.nifi.processors.standard.RouteText - RouteText[id=7eed8dc2-ebc4-49da-951a-9990a8cef519] Routing FlowFile[2100,94824213167740.mockFlowFile,24B] to original
[main] DEBUG org.apache.nifi.processors.standard.RouteText - RouteText[id=7eed8dc2-ebc4-49da-951a-9990a8cef519] Adding new dynamic property: PropertyDescriptor[simple]
[pool-3373-thread-1] INFO org.apache.nifi.processors.standard.RouteText - RouteText[id=7eed8dc2-ebc4-49da-951a-9990a8cef519] Created FlowFile[2103,94824213764391.mockFlowFile,24B] from FlowFile[2102,94824213764391.mockFlowFile,24B]; routing to relationship simple
[pool-3373-thread-1] INFO org.apache.nifi.processors.standard.RouteText - RouteText[id=7eed8dc2-ebc4-49da-951a-9990a8cef519] Routing FlowFile[2102,94824213764391.mockFlowFile,24B] to original
[main] DEBUG org.apache.nifi.processors.standard.RouteText - RouteText[id=7eed8dc2-ebc4-49da-951a-9990a8cef519] Adding new dynamic property: PropertyDescriptor[simple]
[pool-3374-thread-1] INFO org.apache.nifi.processors.standard.RouteText - RouteText[id=7eed8dc2-ebc4-49da-951a-9990a8cef519] Created FlowFile[2105,94824214251911.mockFlowFile,24B] from FlowFile[2104,94824214251911.mockFlowFile,24B]; routing to relationship simple
[pool-3374-thread-1] INFO org.apache.nifi.processors.standard.RouteText - RouteText[id=7eed8dc2-ebc4-49da-951a-9990a8cef519] Routing FlowFile[2104,94824214251911.mockFlowFile,24B] to original
[main] DEBUG org.apache.nifi.processors.standard.RouteText - RouteText[id=7eed8dc2-ebc4-49da-951a-9990a8cef519] Adding new dynamic property: PropertyDescriptor[simple]
[pool-3375-thread-1] INFO org.apache.nifi.processors.standard.RouteText - RouteText[id=7eed8dc2-ebc4-49da-951a-9990a8cef519] Created FlowFile[2107,94824214757655.mockFlowFile,24B] from FlowFile[2106,94824214757655.mockFlowFile,24B]; routing to relationship simple
[pool-3375-thread-1] INFO org.apache.nifi.processors.standard.RouteText - RouteText[id=7eed8dc2-ebc4-49da-951a-9990a8cef519] Routing FlowFile[2106,94824214757655.mockFlowFile,24B] to original
[main] DEBUG org.apache.nifi.processors.standard.RouteText - RouteText[id=7eed8dc2-ebc4-49da-951a-9990a8cef519] Adding new dynamic property: PropertyDescriptor[simple]
[pool-3376-thread-1] INFO org.apache.nifi.processors.standard.RouteText - RouteText[id=7eed8dc2-ebc4-49da-951a-9990a8cef519] Created FlowFile[2109,94824215267053.mockFlowFile,24B] from FlowFile[2108,94824215267053.mockFlowFile,24B]; routing to relationship simple
[pool-3376-thread-1] INFO org.apache.nifi.processors.standard.RouteText - RouteText[id=7eed8dc2-ebc4-49da-951a-9990a8cef519] Routing FlowFile[2108,94824215267053.mockFlowFile,24B] to original
[main] DEBUG org.apache.nifi.processors.standard.RouteText - RouteText[id=7eed8dc2-ebc4-49da-951a-9990a8cef519] Adding new dynamic property: PropertyDescriptor[simple]
[pool-3377-thread-1] INFO org.apache.nifi.processors.standard.RouteText - RouteText[id=7eed8dc2-ebc4-49da-951a-9990a8cef519] Created FlowFile[2111,94824215743619.mockFlowFile,24B] from FlowFile[2110,94824215743619.mockFlowFile,24B]; routing to relationship simple
[pool-3377-thread-1] INFO org.apache.nifi.processors.standard.RouteText - RouteText[id=7eed8dc2-ebc4-49da-951a-9990a8cef519] Routing FlowFile[2110,94824215743619.mockFlowFile,24B] to original
[main] DEBUG org.apache.nifi.processors.standard.RouteText - RouteText[id=7eed8dc2-ebc4-49da-951a-9990a8cef519] Adding new dynamic property: PropertyDescriptor[simple]
[pool-3378-thread-1] INFO org.apache.nifi.processors.standard.RouteText - RouteText[id=7eed8dc2-ebc4-49da-951a-9990a8cef519] Created FlowFile[2113,94824216246332.mockFlowFile,24B] from FlowFile[2112,94824216246332.mockFlowFile,24B]; routing to relationship simple
[pool-3378-thread-1] INFO org.apache.nifi.processors.standard.RouteText - RouteText[id=7eed8dc2-ebc4-49da-951a-9990a8cef519] Routing FlowFile[2112,94824216246332.mockFlowFile,24B] to original
[main] DEBUG org.apache.nifi.processors.standard.RouteText - RouteText[id=7eed8dc2-ebc4-49da-951a-9990a8cef519] Adding new dynamic property: PropertyDescriptor[simple]
[pool-3379-thread-1] INFO org.apache.nifi.processors.standard.RouteText - RouteText[id=7eed8dc2-ebc4-49da-951a-9990a8cef519] Created FlowFile[2115,94824216736322.mockFlowFile,24B] from FlowFile[2114,94824216736322.mockFlowFile,24B]; routing to relationship simple
[pool-3379-thread-1] INFO org.apache.nifi.processors.standard.RouteText - RouteText[id=7eed8dc2-ebc4-49da-951a-9990a8cef519] Routing FlowFile[2114,94824216736322.mockFlowFile,24B] to original
[main] DEBUG org.apache.nifi.processors.standard.RouteText - RouteText[id=7eed8dc2-ebc4-49da-951a-9990a8cef519] Adding new dynamic property: PropertyDescriptor[simple]
[pool-3380-thread-1] INFO org.apache.nifi.processors.standard.RouteText - RouteText[id=7eed8dc2-ebc4-49da-951a-9990a8cef519] Created FlowFile[2117,94824217304087.mockFlowFile,24B] from FlowFile[2116,94824217304087.mockFlowFile,24B]; routing to relationship simple
[pool-3380-thread-1] INFO org.apache.nifi.processors.standard.RouteText - RouteText[id=7eed8dc2-ebc4-49da-951a-9990a8cef519] Routing FlowFile[2116,94824217304087.mockFlowFile,24B] to original
[main] DEBUG org.apache.nifi.processors.standard.RouteText - RouteText[id=7eed8dc2-ebc4-49da-951a-9990a8cef519] Adding new dynamic property: PropertyDescriptor[simple]
[pool-3381-thread-1] INFO org.apache.nifi.processors.standard.RouteText - RouteText[id=7eed8dc2-ebc4-49da-951a-9990a8cef519] Created FlowFile[2119,94824217778576.mockFlowFile,24B] from FlowFile[2118,94824217778576.mockFlowFile,24B]; routing to relationship simple
[pool-3381-thread-1] INFO org.apache.nifi.processors.standard.RouteText - RouteText[id=7eed8dc2-ebc4-49da-951a-9990a8cef519] Routing FlowFile[2118,94824217778576.mockFlowFile,24B] to original
[main] DEBUG org.apache.nifi.processors.standard.RouteText - RouteText[id=7eed8dc2-ebc4-49da-951a-9990a8cef519] Adding new dynamic property: PropertyDescriptor[simple]
[pool-3382-thread-1] INFO org.apache.nifi.processors.standard.RouteText - RouteText[id=7eed8dc2-ebc4-49da-951a-9990a8cef519] Created FlowFile[2121,94824218248760.mockFlowFile,24B] from FlowFile[2120,94824218248760.mockFlowFile,24B]; routing to relationship simple
[pool-3382-thread-1] INFO org.apache.nifi.processors.standard.RouteText - RouteText[id=7eed8dc2-ebc4-49da-951a-9990a8cef519] Routing FlowFile[2120,94824218248760.mockFlowFile,24B] to original
[main] DEBUG org.apache.nifi.processors.standard.RouteText - RouteText[id=7eed8dc2-ebc4-49da-951a-9990a8cef519] Adding new dynamic property: PropertyDescriptor[simple]
[pool-3383-thread-1] INFO org.apache.nifi.processors.standard.RouteText - RouteText[id=7eed8dc2-ebc4-49da-951a-9990a8cef519] Created FlowFile[2123,94824218724649.mockFlowFile,24B] from FlowFile[2122,94824218724649.mockFlowFile,24B]; routing to relationship simple
[pool-3383-thread-1] INFO org.apache.nifi.processors.standard.RouteText - RouteText[id=7eed8dc2-ebc4-49da-951a-9990a8cef519] Routing FlowFile[2122,94824218724649.mockFlowFile,24B] to original
[main] DEBUG org.apache.nifi.processors.standard.RouteText - RouteText[id=7eed8dc2-ebc4-49da-951a-9990a8cef519] Adding new dynamic property: PropertyDescriptor[simple]
[pool-3384-thread-1] INFO org.apache.nifi.processors.standard.RouteText - RouteText[id=7eed8dc2-ebc4-49da-951a-9990a8cef519] Created FlowFile[2125,94824219200630.mockFlowFile,24B] from FlowFile[2124,94824219200630.mockFlowFile,24B]; routing to relationship simple
[pool-3384-thread-1] INFO org.apache.nifi.processors.standard.RouteText - RouteText[id=7eed8dc2-ebc4-49da-951a-9990a8cef519] Routing FlowFile[2124,94824219200630.mockFlowFile,24B] to original
[main] DEBUG org.apache.nifi.processors.standard.RouteText - RouteText[id=7eed8dc2-ebc4-49da-951a-9990a8cef519] Adding new dynamic property: PropertyDescriptor[simple]
[pool-3385-thread-1] INFO org.apache.nifi.processors.standard.RouteText - RouteText[id=7eed8dc2-ebc4-49da-951a-9990a8cef519] Created FlowFile[2127,94824219668286.mockFlowFile,24B] from FlowFile[2126,94824219668286.mockFlowFile,24B]; routing to relationship simple
[pool-3385-thread-1] INFO org.apache.nifi.processors.standard.RouteText - RouteText[id=7eed8dc2-ebc4-49da-951a-9990a8cef519] Routing FlowFile[2126,94824219668286.mockFlowFile,24B] to original
[main] DEBUG org.apache.nifi.processors.standard.RouteText - RouteText[id=7eed8dc2-ebc4-49da-951a-9990a8cef519] Adding new dynamic property: PropertyDescriptor[simple]
[pool-3386-thread-1] INFO org.apache.nifi.processors.standard.RouteText - RouteText[id=7eed8dc2-ebc4-49da-951a-9990a8cef519] Created FlowFile[2129,94824220146690.mockFlowFile,24B] from FlowFile[2128,94824220146690.mockFlowFile,24B]; routing to relationship simple
[pool-3386-thread-1] INFO org.apache.nifi.processors.standard.RouteText - RouteText[id=7eed8dc2-ebc4-49da-951a-9990a8cef519] Routing FlowFile[2128,94824220146690.mockFlowFile,24B] to original
[main] DEBUG org.apache.nifi.processors.standard.RouteText - RouteText[id=7eed8dc2-ebc4-49da-951a-9990a8cef519] Adding new dynamic property: PropertyDescriptor[simple]
[pool-3387-thread-1] INFO org.apache.nifi.processors.standard.RouteText - RouteText[id=7eed8dc2-ebc4-49da-951a-9990a8cef519] Created FlowFile[2131,94824220591733.mockFlowFile,24B] from FlowFile[2130,94824220591733.mockFlowFile,24B]; routing to relationship simple
[pool-3387-thread-1] INFO org.apache.nifi.processors.standard.RouteText - RouteText[id=7eed8dc2-ebc4-49da-951a-9990a8cef519] Routing FlowFile[2130,94824220591733.mockFlowFile,24B] to original
[main] DEBUG org.apache.nifi.processors.standard.RouteText - RouteText[id=7eed8dc2-ebc4-49da-951a-9990a8cef519] Adding new dynamic property: PropertyDescriptor[simple]
[pool-3388-thread-1] INFO org.apache.nifi.processors.standard.RouteText - RouteText[id=7eed8dc2-ebc4-49da-951a-9990a8cef519] Created FlowFile[2133,94824221092842.mockFlowFile,24B] from FlowFile[2132,94824221092842.mockFlowFile,24B]; routing to relationship simple
[pool-3388-thread-1] INFO org.apache.nifi.processors.standard.RouteText - RouteText[id=7eed8dc2-ebc4-49da-951a-9990a8cef519] Routing FlowFile[2132,94824221092842.mockFlowFile,24B] to original
[main] DEBUG org.apache.nifi.processors.standard.RouteText - RouteText[id=7eed8dc2-ebc4-49da-951a-9990a8cef519] Adding new dynamic property: PropertyDescriptor[simple]
[pool-3389-thread-1] INFO org.apache.nifi.processors.standard.RouteText - RouteText[id=7eed8dc2-ebc4-49da-951a-9990a8cef519] Created FlowFile[2135,94824221648196.mockFlowFile,24B] from FlowFile[2134,94824221648196.mockFlowFile,24B]; routing to relationship simple
[pool-3389-thread-1] INFO org.apache.nifi.processors.standard.RouteText - RouteText[id=7eed8dc2-ebc4-49da-951a-9990a8cef519] Routing FlowFile[2134,94824221648196.mockFlowFile,24B] to original
[main] DEBUG org.apache.nifi.processors.standard.RouteText - RouteText[id=7eed8dc2-ebc4-49da-951a-9990a8cef519] Adding new dynamic property: PropertyDescriptor[simple]
[pool-3390-thread-1] INFO org.apache.nifi.processors.standard.RouteText - RouteText[id=7eed8dc2-ebc4-49da-951a-9990a8cef519] Created FlowFile[2137,94824222139099.mockFlowFile,24B] from FlowFile[2136,94824222139099.mockFlowFile,24B]; routing to relationship simple
[pool-3390-thread-1] INFO org.apache.nifi.processors.standard.RouteText - RouteText[id=7eed8dc2-ebc4-49da-951a-9990a8cef519] Routing FlowFile[2136,94824222139099.mockFlowFile,24B] to original
[main] DEBUG org.apache.nifi.processors.standard.RouteText - RouteText[id=7eed8dc2-ebc4-49da-951a-9990a8cef519] Adding new dynamic property: PropertyDescriptor[simple]
[pool-3391-thread-1] INFO org.apache.nifi.processors.standard.RouteText - RouteText[id=7eed8dc2-ebc4-49da-951a-9990a8cef519] Created FlowFile[2139,94824222625969.mockFlowFile,24B] from FlowFile[2138,94824222625969.mockFlowFile,24B]; routing to relationship simple
[pool-3391-thread-1] INFO org.apache.nifi.processors.standard.RouteText - RouteText[id=7eed8dc2-ebc4-49da-951a-9990a8cef519] Routing FlowFile[2138,94824222625969.mockFlowFile,24B] to original
[main] DEBUG org.apache.nifi.processors.standard.RouteText - RouteText[id=7eed8dc2-ebc4-49da-951a-9990a8cef519] Adding new dynamic property: PropertyDescriptor[simple]
[pool-3392-thread-1] INFO org.apache.nifi.processors.standard.RouteText - RouteText[id=7eed8dc2-ebc4-49da-951a-9990a8cef519] Created FlowFile[2141,94824223093053.mockFlowFile,24B] from FlowFile[2140,94824223093053.mockFlowFile,24B]; routing to relationship simple
[pool-3392-thread-1] INFO org.apache.nifi.processors.standard.RouteText - RouteText[id=7eed8dc2-ebc4-49da-951a-9990a8cef519] Routing FlowFile[2140,94824223093053.mockFlowFile,24B] to original
[main] DEBUG org.apache.nifi.processors.standard.RouteText - RouteText[id=7eed8dc2-ebc4-49da-951a-9990a8cef519] Adding new dynamic property: PropertyDescriptor[simple]
[pool-3393-thread-1] INFO org.apache.nifi.processors.standard.RouteText - RouteText[id=7eed8dc2-ebc4-49da-951a-9990a8cef519] Created FlowFile[2143,94824223570157.mockFlowFile,24B] from FlowFile[2142,94824223570157.mockFlowFile,24B]; routing to relationship simple
[pool-3393-thread-1] INFO org.apache.nifi.processors.standard.RouteText - RouteText[id=7eed8dc2-ebc4-49da-951a-9990a8cef519] Routing FlowFile[2142,94824223570157.mockFlowFile,24B] to original
[main] DEBUG org.apache.nifi.processors.standard.RouteText - RouteText[id=7eed8dc2-ebc4-49da-951a-9990a8cef519] Adding new dynamic property: PropertyDescriptor[simple]
[pool-3394-thread-1] INFO org.apache.nifi.processors.standard.RouteText - RouteText[id=7eed8dc2-ebc4-49da-951a-9990a8cef519] Created FlowFile[2145,94824224020406.mockFlowFile,24B] from FlowFile[2144,94824224020406.mockFlowFile,24B]; routing to relationship simple
[pool-3394-thread-1] INFO org.apache.nifi.processors.standard.RouteText - RouteText[id=7eed8dc2-ebc4-49da-951a-9990a8cef519] Routing FlowFile[2144,94824224020406.mockFlowFile,24B] to original
[main] DEBUG org.apache.nifi.processors.standard.RouteText - RouteText[id=7eed8dc2-ebc4-49da-951a-9990a8cef519] Adding new dynamic property: PropertyDescriptor[simple]
[pool-3395-thread-1] INFO org.apache.nifi.processors.standard.RouteText - RouteText[id=7eed8dc2-ebc4-49da-951a-9990a8cef519] Created FlowFile[2147,94824224526090.mockFlowFile,24B] from FlowFile[2146,94824224526090.mockFlowFile,24B]; routing to relationship simple
[pool-3395-thread-1] INFO org.apache.nifi.processors.standard.RouteText - RouteText[id=7eed8dc2-ebc4-49da-951a-9990a8cef519] Routing FlowFile[2146,94824224526090.mockFlowFile,24B] to original
[main] DEBUG org.apache.nifi.processors.standard.RouteText - RouteText[id=7eed8dc2-ebc4-49da-951a-9990a8cef519] Adding new dynamic property: PropertyDescriptor[simple]
[pool-3396-thread-1] INFO org.apache.nifi.processors.standard.RouteText - RouteText[id=7eed8dc2-ebc4-49da-951a-9990a8cef519] Created FlowFile[2149,94824225002361.mockFlowFile,24B] from FlowFile[2148,94824225002361.mockFlowFile,24B]; routing to relationship simple
[pool-3396-thread-1] INFO org.apache.nifi.processors.standard.RouteText - RouteText[id=7eed8dc2-ebc4-49da-951a-9990a8cef519] Routing FlowFile[2148,94824225002361.mockFlowFile,24B] to original
[main] DEBUG org.apache.nifi.processors.standard.RouteText - RouteText[id=7eed8dc2-ebc4-49da-951a-9990a8cef519] Adding new dynamic property: PropertyDescriptor[simple]
[pool-3397-thread-1] INFO org.apache.nifi.processors.standard.RouteText - RouteText[id=7eed8dc2-ebc4-49da-951a-9990a8cef519] Created FlowFile[2151,94824225492178.mockFlowFile,24B] from FlowFile[2150,94824225492178.mockFlowFile,24B]; routing to relationship simple
[pool-3397-thread-1] INFO org.apache.nifi.processors.standard.RouteText - RouteText[id=7eed8dc2-ebc4-49da-951a-9990a8cef519] Routing FlowFile[2150,94824225492178.mockFlowFile,24B] to original
[main] DEBUG org.apache.nifi.processors.standard.RouteText - RouteText[id=7eed8dc2-ebc4-49da-951a-9990a8cef519] Adding new dynamic property: PropertyDescriptor[simple]
[pool-3398-thread-1] INFO org.apache.nifi.processors.standard.RouteText - RouteText[id=7eed8dc2-ebc4-49da-951a-9990a8cef519] Created FlowFile[2153,94824225963794.mockFlowFile,24B] from FlowFile[2152,94824225963794.mockFlowFile,24B]; routing to relationship simple
[pool-3398-thread-1] INFO org.apache.nifi.processors.standard.RouteText - RouteText[id=7eed8dc2-ebc4-49da-951a-9990a8cef519] Routing FlowFile[2152,94824225963794.mockFlowFile,24B] to original
[main] DEBUG org.apache.nifi.processors.standard.RouteText - RouteText[id=7eed8dc2-ebc4-49da-951a-9990a8cef519] Adding new dynamic property: PropertyDescriptor[simple]
[pool-3399-thread-1] INFO org.apache.nifi.processors.standard.RouteText - RouteText[id=7eed8dc2-ebc4-49da-951a-9990a8cef519] Created FlowFile[2155,94824226432369.mockFlowFile,24B] from FlowFile[2154,94824226432369.mockFlowFile,24B]; routing to relationship simple
[pool-3399-thread-1] INFO org.apache.nifi.processors.standard.RouteText - RouteText[id=7eed8dc2-ebc4-49da-951a-9990a8cef519] Routing FlowFile[2154,94824226432369.mockFlowFile,24B] to original
[main] DEBUG org.apache.nifi.processors.standard.RouteText - RouteText[id=7eed8dc2-ebc4-49da-951a-9990a8cef519] Adding new dynamic property: PropertyDescriptor[simple]
[pool-3400-thread-1] INFO org.apache.nifi.processors.standard.RouteText - RouteText[id=7eed8dc2-ebc4-49da-951a-9990a8cef519] Created FlowFile[2157,94824226902241.mockFlowFile,24B] from FlowFile[2156,94824226902241.mockFlowFile,24B]; routing to relationship simple
[pool-3400-thread-1] INFO org.apache.nifi.processors.standard.RouteText - RouteText[id=7eed8dc2-ebc4-49da-951a-9990a8cef519] Routing FlowFile[2156,94824226902241.mockFlowFile,24B] to original
[main] DEBUG org.apache.nifi.processors.standard.RouteText - RouteText[id=7eed8dc2-ebc4-49da-951a-9990a8cef519] Adding new dynamic property: PropertyDescriptor[simple]
[pool-3401-thread-1] INFO org.apache.nifi.processors.standard.RouteText - RouteText[id=7eed8dc2-ebc4-49da-951a-9990a8cef519] Created FlowFile[2159,94824227379553.mockFlowFile,24B] from FlowFile[2158,94824227379553.mockFlowFile,24B]; routing to relationship simple
[pool-3401-thread-1] INFO org.apache.nifi.processors.standard.RouteText - RouteText[id=7eed8dc2-ebc4-49da-951a-9990a8cef519] Routing FlowFile[2158,94824227379553.mockFlowFile,24B] to original
[main] DEBUG org.apache.nifi.processors.standard.RouteText - RouteText[id=7eed8dc2-ebc4-49da-951a-9990a8cef519] Adding new dynamic property: PropertyDescriptor[simple]
[pool-3402-thread-1] INFO org.apache.nifi.processors.standard.RouteText - RouteText[id=7eed8dc2-ebc4-49da-951a-9990a8cef519] Created FlowFile[2161,94824227828001.mockFlowFile,24B] from FlowFile[2160,94824227828001.mockFlowFile,24B]; routing to relationship simple
[pool-3402-thread-1] INFO org.apache.nifi.processors.standard.RouteText - RouteText[id=7eed8dc2-ebc4-49da-951a-9990a8cef519] Routing FlowFile[2160,94824227828001.mockFlowFile,24B] to original
[main] DEBUG org.apache.nifi.processors.standard.RouteText - RouteText[id=7eed8dc2-ebc4-49da-951a-9990a8cef519] Adding new dynamic property: PropertyDescriptor[simple]
[pool-3403-thread-1] INFO org.apache.nifi.processors.standard.RouteText - RouteText[id=7eed8dc2-ebc4-49da-951a-9990a8cef519] Created FlowFile[2163,94824228395611.mockFlowFile,24B] from FlowFile[2162,94824228395611.mockFlowFile,24B]; routing to relationship simple
[pool-3403-thread-1] INFO org.apache.nifi.processors.standard.RouteText - RouteText[id=7eed8dc2-ebc4-49da-951a-9990a8cef519] Routing FlowFile[2162,94824228395611.mockFlowFile,24B] to original
[main] DEBUG org.apache.nifi.processors.standard.RouteText - RouteText[id=7eed8dc2-ebc4-49da-951a-9990a8cef519] Adding new dynamic property: PropertyDescriptor[simple]
[pool-3404-thread-1] INFO org.apache.nifi.processors.standard.RouteText - RouteText[id=7eed8dc2-ebc4-49da-951a-9990a8cef519] Created FlowFile[2165,94824228924519.mockFlowFile,24B] from FlowFile[2164,94824228924519.mockFlowFile,24B]; routing to relationship simple
[pool-3404-thread-1] INFO org.apache.nifi.processors.standard.RouteText - RouteText[id=7eed8dc2-ebc4-49da-951a-9990a8cef519] Routing FlowFile[2164,94824228924519.mockFlowFile,24B] to original
[main] DEBUG org.apache.nifi.processors.standard.RouteText - RouteText[id=7eed8dc2-ebc4-49da-951a-9990a8cef519] Adding new dynamic property: PropertyDescriptor[simple]
[pool-3405-thread-1] INFO org.apache.nifi.processors.standard.RouteText - RouteText[id=7eed8dc2-ebc4-49da-951a-9990a8cef519] Created FlowFile[2167,94824229443337.mockFlowFile,24B] from FlowFile[2166,94824229443337.mockFlowFile,24B]; routing to relationship simple
[pool-3405-thread-1] INFO org.apache.nifi.processors.standard.RouteText - RouteText[id=7eed8dc2-ebc4-49da-951a-9990a8cef519] Routing FlowFile[2166,94824229443337.mockFlowFile,24B] to original
[main] DEBUG org.apache.nifi.processors.standard.RouteText - RouteText[id=7eed8dc2-ebc4-49da-951a-9990a8cef519] Adding new dynamic property: PropertyDescriptor[simple]
[pool-3406-thread-1] INFO org.apache.nifi.processors.standard.RouteText - RouteText[id=7eed8dc2-ebc4-49da-951a-9990a8cef519] Created FlowFile[2169,94824229915363.mockFlowFile,24B] from FlowFile[2168,94824229915363.mockFlowFile,24B]; routing to relationship simple
[pool-3406-thread-1] INFO org.apache.nifi.processors.standard.RouteText - RouteText[id=7eed8dc2-ebc4-49da-951a-9990a8cef519] Routing FlowFile[2168,94824229915363.mockFlowFile,24B] to original
[main] DEBUG org.apache.nifi.processors.standard.RouteText - RouteText[id=7eed8dc2-ebc4-49da-951a-9990a8cef519] Adding new dynamic property: PropertyDescriptor[simple]
[pool-3407-thread-1] INFO org.apache.nifi.processors.standard.RouteText - RouteText[id=7eed8dc2-ebc4-49da-951a-9990a8cef519] Created FlowFile[2171,94824230330249.mockFlowFile,24B] from FlowFile[2170,94824230330249.mockFlowFile,24B]; routing to relationship simple
[pool-3407-thread-1] INFO org.apache.nifi.processors.standard.RouteText - RouteText[id=7eed8dc2-ebc4-49da-951a-9990a8cef519] Routing FlowFile[2170,94824230330249.mockFlowFile,24B] to original
[main] DEBUG org.apache.nifi.processors.standard.RouteText - RouteText[id=7eed8dc2-ebc4-49da-951a-9990a8cef519] Adding new dynamic property: PropertyDescriptor[simple]
[pool-3408-thread-1] INFO org.apache.nifi.processors.standard.RouteText - RouteText[id=7eed8dc2-ebc4-49da-951a-9990a8cef519] Created FlowFile[2173,94824230803282.mockFlowFile,24B] from FlowFile[2172,94824230803282.mockFlowFile,24B]; routing to relationship simple
[pool-3408-thread-1] INFO org.apache.nifi.processors.standard.RouteText - RouteText[id=7eed8dc2-ebc4-49da-951a-9990a8cef519] Routing FlowFile[2172,94824230803282.mockFlowFile,24B] to original
[main] DEBUG org.apache.nifi.processors.standard.RouteText - RouteText[id=7eed8dc2-ebc4-49da-951a-9990a8cef519] Adding new dynamic property: PropertyDescriptor[simple]
[pool-3409-thread-1] INFO org.apache.nifi.processors.standard.RouteText - RouteText[id=7eed8dc2-ebc4-49da-951a-9990a8cef519] Created FlowFile[2175,94824231290873.mockFlowFile,24B] from FlowFile[2174,94824231290873.mockFlowFile,24B]; routing to relationship simple
[pool-3409-thread-1] INFO org.apache.nifi.processors.standard.RouteText - RouteText[id=7eed8dc2-ebc4-49da-951a-9990a8cef519] Routing FlowFile[2174,94824231290873.mockFlowFile,24B] to original
[main] DEBUG org.apache.nifi.processors.standard.RouteText - RouteText[id=7eed8dc2-ebc4-49da-951a-9990a8cef519] Adding new dynamic property: PropertyDescriptor[simple]
[pool-3410-thread-1] INFO org.apache.nifi.processors.standard.RouteText - RouteText[id=7eed8dc2-ebc4-49da-951a-9990a8cef519] Created FlowFile[2177,94824231751649.mockFlowFile,24B] from FlowFile[2176,94824231751649.mockFlowFile,24B]; routing to relationship simple
[pool-3410-thread-1] INFO org.apache.nifi.processors.standard.RouteText - RouteText[id=7eed8dc2-ebc4-49da-951a-9990a8cef519] Routing FlowFile[2176,94824231751649.mockFlowFile,24B] to original
[main] DEBUG org.apache.nifi.processors.standard.RouteText - RouteText[id=7eed8dc2-ebc4-49da-951a-9990a8cef519] Adding new dynamic property: PropertyDescriptor[simple]
[pool-3411-thread-1] INFO org.apache.nifi.processors.standard.RouteText - RouteText[id=7eed8dc2-ebc4-49da-951a-9990a8cef519] Created FlowFile[2179,94824232240504.mockFlowFile,24B] from FlowFile[2178,94824232240504.mockFlowFile,24B]; routing to relationship simple
[pool-3411-thread-1] INFO org.apache.nifi.processors.standard.RouteText - RouteText[id=7eed8dc2-ebc4-49da-951a-9990a8cef519] Routing FlowFile[2178,94824232240504.mockFlowFile,24B] to original
[main] DEBUG org.apache.nifi.processors.standard.RouteText - RouteText[id=7eed8dc2-ebc4-49da-951a-9990a8cef519] Adding new dynamic property: PropertyDescriptor[simple]
[pool-3412-thread-1] INFO org.apache.nifi.processors.standard.RouteText - RouteText[id=7eed8dc2-ebc4-49da-951a-9990a8cef519] Created FlowFile[2181,94824232678161.mockFlowFile,24B] from FlowFile[2180,94824232678161.mockFlowFile,24B]; routing to relationship simple
[pool-3412-thread-1] INFO org.apache.nifi.processors.standard.RouteText - RouteText[id=7eed8dc2-ebc4-49da-951a-9990a8cef519] Routing FlowFile[2180,94824232678161.mockFlowFile,24B] to original
[main] DEBUG org.apache.nifi.processors.standard.RouteText - RouteText[id=7eed8dc2-ebc4-49da-951a-9990a8cef519] Adding new dynamic property: PropertyDescriptor[simple]
[pool-3413-thread-1] INFO org.apache.nifi.processors.standard.RouteText - RouteText[id=7eed8dc2-ebc4-49da-951a-9990a8cef519] Created FlowFile[2183,94824233139422.mockFlowFile,24B] from FlowFile[2182,94824233139422.mockFlowFile,24B]; routing to relationship simple
[pool-3413-thread-1] INFO org.apache.nifi.processors.standard.RouteText - RouteText[id=7eed8dc2-ebc4-49da-951a-9990a8cef519] Routing FlowFile[2182,94824233139422.mockFlowFile,24B] to original
[main] DEBUG org.apache.nifi.processors.standard.RouteText - RouteText[id=7eed8dc2-ebc4-49da-951a-9990a8cef519] Adding new dynamic property: PropertyDescriptor[simple]
[pool-3414-thread-1] INFO org.apache.nifi.processors.standard.RouteText - RouteText[id=7eed8dc2-ebc4-49da-951a-9990a8cef519] Created FlowFile[2185,94824233580314.mockFlowFile,24B] from FlowFile[2184,94824233580314.mockFlowFile,24B]; routing to relationship simple
[pool-3414-thread-1] INFO org.apache.nifi.processors.standard.RouteText - RouteText[id=7eed8dc2-ebc4-49da-951a-9990a8cef519] Routing FlowFile[2184,94824233580314.mockFlowFile,24B] to original
[main] DEBUG org.apache.nifi.processors.standard.RouteText - RouteText[id=7eed8dc2-ebc4-49da-951a-9990a8cef519] Adding new dynamic property: PropertyDescriptor[simple]
[pool-3415-thread-1] INFO org.apache.nifi.processors.standard.RouteText - RouteText[id=7eed8dc2-ebc4-49da-951a-9990a8cef519] Created FlowFile[2187,94824234011965.mockFlowFile,24B] from FlowFile[2186,94824234011965.mockFlowFile,24B]; routing to relationship simple
[pool-3415-thread-1] INFO org.apache.nifi.processors.standard.RouteText - RouteText[id=7eed8dc2-ebc4-49da-951a-9990a8cef519] Routing FlowFile[2186,94824234011965.mockFlowFile,24B] to original
[main] DEBUG org.apache.nifi.processors.standard.RouteText - RouteText[id=7eed8dc2-ebc4-49da-951a-9990a8cef519] Adding new dynamic property: PropertyDescriptor[simple]
[pool-3416-thread-1] INFO org.apache.nifi.processors.standard.RouteText - RouteText[id=7eed8dc2-ebc4-49da-951a-9990a8cef519] Created FlowFile[2189,94824234450104.mockFlowFile,24B] from FlowFile[2188,94824234450104.mockFlowFile,24B]; routing to relationship simple
[pool-3416-thread-1] INFO org.apache.nifi.processors.standard.RouteText - RouteText[id=7eed8dc2-ebc4-49da-951a-9990a8cef519] Routing FlowFile[2188,94824234450104.mockFlowFile,24B] to original
[main] DEBUG org.apache.nifi.processors.standard.RouteText - RouteText[id=7eed8dc2-ebc4-49da-951a-9990a8cef519] Adding new dynamic property: PropertyDescriptor[simple]
[pool-3417-thread-1] INFO org.apache.nifi.processors.standard.RouteText - RouteText[id=7eed8dc2-ebc4-49da-951a-9990a8cef519] Created FlowFile[2191,94824234883038.mockFlowFile,24B] from FlowFile[2190,94824234883038.mockFlowFile,24B]; routing to relationship simple
[pool-3417-thread-1] INFO org.apache.nifi.processors.standard.RouteText - RouteText[id=7eed8dc2-ebc4-49da-951a-9990a8cef519] Routing FlowFile[2190,94824234883038.mockFlowFile,24B] to original
[main] DEBUG org.apache.nifi.processors.standard.RouteText - RouteText[id=7eed8dc2-ebc4-49da-951a-9990a8cef519] Adding new dynamic property: PropertyDescriptor[simple]
[pool-3418-thread-1] INFO org.apache.nifi.processors.standard.RouteText - RouteText[id=7eed8dc2-ebc4-49da-951a-9990a8cef519] Created FlowFile[2193,94824235335355.mockFlowFile,24B] from FlowFile[2192,94824235335355.mockFlowFile,24B]; routing to relationship simple
[pool-3418-thread-1] INFO org.apache.nifi.processors.standard.RouteText - RouteText[id=7eed8dc2-ebc4-49da-951a-9990a8cef519] Routing FlowFile[2192,94824235335355.mockFlowFile,24B] to original
[main] DEBUG org.apache.nifi.processors.standard.RouteText - RouteText[id=7eed8dc2-ebc4-49da-951a-9990a8cef519] Adding new dynamic property: PropertyDescriptor[simple]
[pool-3419-thread-1] INFO org.apache.nifi.processors.standard.RouteText - RouteText[id=7eed8dc2-ebc4-49da-951a-9990a8cef519] Created FlowFile[2195,94824235760721.mockFlowFile,24B] from FlowFile[2194,94824235760721.mockFlowFile,24B]; routing to relationship simple
[pool-3419-thread-1] INFO org.apache.nifi.processors.standard.RouteText - RouteText[id=7eed8dc2-ebc4-49da-951a-9990a8cef519] Routing FlowFile[2194,94824235760721.mockFlowFile,24B] to original
[main] DEBUG org.apache.nifi.processors.standard.RouteText - RouteText[id=7eed8dc2-ebc4-49da-951a-9990a8cef519] Adding new dynamic property: PropertyDescriptor[simple]
[pool-3420-thread-1] INFO org.apache.nifi.processors.standard.RouteText - RouteText[id=7eed8dc2-ebc4-49da-951a-9990a8cef519] Created FlowFile[2197,94824236327690.mockFlowFile,24B] from FlowFile[2196,94824236327690.mockFlowFile,24B]; routing to relationship simple
[pool-3420-thread-1] INFO org.apache.nifi.processors.standard.RouteText - RouteText[id=7eed8dc2-ebc4-49da-951a-9990a8cef519] Routing FlowFile[2196,94824236327690.mockFlowFile,24B] to original
[main] DEBUG org.apache.nifi.processors.standard.RouteText - RouteText[id=7eed8dc2-ebc4-49da-951a-9990a8cef519] Adding new dynamic property: PropertyDescriptor[simple]
[pool-3421-thread-1] INFO org.apache.nifi.processors.standard.RouteText - RouteText[id=7eed8dc2-ebc4-49da-951a-9990a8cef519] Created FlowFile[2199,94824236741122.mockFlowFile,24B] from FlowFile[2198,94824236741122.mockFlowFile,24B]; routing to relationship simple
[pool-3421-thread-1] INFO org.apache.nifi.processors.standard.RouteText - RouteText[id=7eed8dc2-ebc4-49da-951a-9990a8cef519] Routing FlowFile[2198,94824236741122.mockFlowFile,24B] to original
[main] DEBUG org.apache.nifi.processors.standard.RouteText - RouteText[id=7eed8dc2-ebc4-49da-951a-9990a8cef519] Adding new dynamic property: PropertyDescriptor[simple]
[pool-3422-thread-1] INFO org.apache.nifi.processors.standard.RouteText - RouteText[id=7eed8dc2-ebc4-49da-951a-9990a8cef519] Created FlowFile[2201,94824237170685.mockFlowFile,24B] from FlowFile[2200,94824237170685.mockFlowFile,24B]; routing to relationship simple
[pool-3422-thread-1] INFO org.apache.nifi.processors.standard.RouteText - RouteText[id=7eed8dc2-ebc4-49da-951a-9990a8cef519] Routing FlowFile[2200,94824237170685.mockFlowFile,24B] to original
[main] DEBUG org.apache.nifi.processors.standard.RouteText - RouteText[id=7eed8dc2-ebc4-49da-951a-9990a8cef519] Adding new dynamic property: PropertyDescriptor[simple]
[pool-3423-thread-1] INFO org.apache.nifi.processors.standard.RouteText - RouteText[id=7eed8dc2-ebc4-49da-951a-9990a8cef519] Created FlowFile[2203,94824237592284.mockFlowFile,24B] from FlowFile[2202,94824237592284.mockFlowFile,24B]; routing to relationship simple
[pool-3423-thread-1] INFO org.apache.nifi.processors.standard.RouteText - RouteText[id=7eed8dc2-ebc4-49da-951a-9990a8cef519] Routing FlowFile[2202,94824237592284.mockFlowFile,24B] to original
[main] DEBUG org.apache.nifi.processors.standard.RouteText - RouteText[id=7eed8dc2-ebc4-49da-951a-9990a8cef519] Adding new dynamic property: PropertyDescriptor[simple]
[pool-3424-thread-1] INFO org.apache.nifi.processors.standard.RouteText - RouteText[id=7eed8dc2-ebc4-49da-951a-9990a8cef519] Created FlowFile[2205,94824238016199.mockFlowFile,24B] from FlowFile[2204,94824238016199.mockFlowFile,24B]; routing to relationship simple
[pool-3424-thread-1] INFO org.apache.nifi.processors.standard.RouteText - RouteText[id=7eed8dc2-ebc4-49da-951a-9990a8cef519] Routing FlowFile[2204,94824238016199.mockFlowFile,24B] to original
[main] DEBUG org.apache.nifi.processors.standard.RouteText - RouteText[id=7eed8dc2-ebc4-49da-951a-9990a8cef519] Adding new dynamic property: PropertyDescriptor[simple]
[pool-3425-thread-1] INFO org.apache.nifi.processors.standard.RouteText - RouteText[id=7eed8dc2-ebc4-49da-951a-9990a8cef519] Created FlowFile[2207,94824238425997.mockFlowFile,24B] from FlowFile[2206,94824238425997.mockFlowFile,24B]; routing to relationship simple
[pool-3425-thread-1] INFO org.apache.nifi.processors.standard.RouteText - RouteText[id=7eed8dc2-ebc4-49da-951a-9990a8cef519] Routing FlowFile[2206,94824238425997.mockFlowFile,24B] to original
[main] DEBUG org.apache.nifi.processors.standard.RouteText - RouteText[id=7eed8dc2-ebc4-49da-951a-9990a8cef519] Adding new dynamic property: PropertyDescriptor[simple]
[pool-3426-thread-1] INFO org.apache.nifi.processors.standard.RouteText - RouteText[id=7eed8dc2-ebc4-49da-951a-9990a8cef519] Created FlowFile[2209,94824238834376.mockFlowFile,24B] from FlowFile[2208,94824238834376.mockFlowFile,24B]; routing to relationship simple
[pool-3426-thread-1] INFO org.apache.nifi.processors.standard.RouteText - RouteText[id=7eed8dc2-ebc4-49da-951a-9990a8cef519] Routing FlowFile[2208,94824238834376.mockFlowFile,24B] to original
[main] DEBUG org.apache.nifi.processors.standard.RouteText - RouteText[id=7eed8dc2-ebc4-49da-951a-9990a8cef519] Adding new dynamic property: PropertyDescriptor[simple]
[pool-3427-thread-1] INFO org.apache.nifi.processors.standard.RouteText - RouteText[id=7eed8dc2-ebc4-49da-951a-9990a8cef519] Created FlowFile[2211,94824239246472.mockFlowFile,24B] from FlowFile[2210,94824239246472.mockFlowFile,24B]; routing to relationship simple
[pool-3427-thread-1] INFO org.apache.nifi.processors.standard.RouteText - RouteText[id=7eed8dc2-ebc4-49da-951a-9990a8cef519] Routing FlowFile[2210,94824239246472.mockFlowFile,24B] to original
[main] DEBUG org.apache.nifi.processors.standard.RouteText - RouteText[id=7eed8dc2-ebc4-49da-951a-9990a8cef519] Adding new dynamic property: PropertyDescriptor[simple]
[pool-3428-thread-1] INFO org.apache.nifi.processors.standard.RouteText - RouteText[id=7eed8dc2-ebc4-49da-951a-9990a8cef519] Created FlowFile[2213,94824239652807.mockFlowFile,24B] from FlowFile[2212,94824239652807.mockFlowFile,24B]; routing to relationship simple
[pool-3428-thread-1] INFO org.apache.nifi.processors.standard.RouteText - RouteText[id=7eed8dc2-ebc4-49da-951a-9990a8cef519] Routing FlowFile[2212,94824239652807.mockFlowFile,24B] to original
[main] DEBUG org.apache.nifi.processors.standard.RouteText - RouteText[id=7eed8dc2-ebc4-49da-951a-9990a8cef519] Adding new dynamic property: PropertyDescriptor[simple]
[pool-3429-thread-1] INFO org.apache.nifi.processors.standard.RouteText - RouteText[id=7eed8dc2-ebc4-49da-951a-9990a8cef519] Created FlowFile[2215,94824240098549.mockFlowFile,24B] from FlowFile[2214,94824240098549.mockFlowFile,24B]; routing to relationship simple
[pool-3429-thread-1] INFO org.apache.nifi.processors.standard.RouteText - RouteText[id=7eed8dc2-ebc4-49da-951a-9990a8cef519] Routing FlowFile[2214,94824240098549.mockFlowFile,24B] to original
[main] DEBUG org.apache.nifi.processors.standard.RouteText - RouteText[id=7eed8dc2-ebc4-49da-951a-9990a8cef519] Adding new dynamic property: PropertyDescriptor[simple]
[pool-3430-thread-1] INFO org.apache.nifi.processors.standard.RouteText - RouteText[id=7eed8dc2-ebc4-49da-951a-9990a8cef519] Created FlowFile[2217,94824240540161.mockFlowFile,24B] from FlowFile[2216,94824240540161.mockFlowFile,24B]; routing to relationship simple
[pool-3430-thread-1] INFO org.apache.nifi.processors.standard.RouteText - RouteText[id=7eed8dc2-ebc4-49da-951a-9990a8cef519] Routing FlowFile[2216,94824240540161.mockFlowFile,24B] to original
[main] DEBUG org.apache.nifi.processors.standard.RouteText - RouteText[id=7eed8dc2-ebc4-49da-951a-9990a8cef519] Adding new dynamic property: PropertyDescriptor[simple]
[pool-3431-thread-1] INFO org.apache.nifi.processors.standard.RouteText - RouteText[id=7eed8dc2-ebc4-49da-951a-9990a8cef519] Created FlowFile[2219,94824241024668.mockFlowFile,24B] from FlowFile[2218,94824241024668.mockFlowFile,24B]; routing to relationship simple
[pool-3431-thread-1] INFO org.apache.nifi.processors.standard.RouteText - RouteText[id=7eed8dc2-ebc4-49da-951a-9990a8cef519] Routing FlowFile[2218,94824241024668.mockFlowFile,24B] to original
[main] DEBUG org.apache.nifi.processors.standard.RouteText - RouteText[id=7eed8dc2-ebc4-49da-951a-9990a8cef519] Adding new dynamic property: PropertyDescriptor[simple]
[pool-3432-thread-1] INFO org.apache.nifi.processors.standard.RouteText - RouteText[id=7eed8dc2-ebc4-49da-951a-9990a8cef519] Created FlowFile[2221,94824241480548.mockFlowFile,24B] from FlowFile[2220,94824241480548.mockFlowFile,24B]; routing to relationship simple
[pool-3432-thread-1] INFO org.apache.nifi.processors.standard.RouteText - RouteText[id=7eed8dc2-ebc4-49da-951a-9990a8cef519] Routing FlowFile[2220,94824241480548.mockFlowFile,24B] to original
[main] DEBUG org.apache.nifi.processors.standard.RouteText - RouteText[id=7eed8dc2-ebc4-49da-951a-9990a8cef519] Adding new dynamic property: PropertyDescriptor[simple]
[pool-3433-thread-1] INFO org.apache.nifi.processors.standard.RouteText - RouteText[id=7eed8dc2-ebc4-49da-951a-9990a8cef519] Created FlowFile[2223,94824242011665.mockFlowFile,24B] from FlowFile[2222,94824242011665.mockFlowFile,24B]; routing to relationship simple
[pool-3433-thread-1] INFO org.apache.nifi.processors.standard.RouteText - RouteText[id=7eed8dc2-ebc4-49da-951a-9990a8cef519] Routing FlowFile[2222,94824242011665.mockFlowFile,24B] to original
[main] DEBUG org.apache.nifi.processors.standard.RouteText - RouteText[id=7eed8dc2-ebc4-49da-951a-9990a8cef519] Adding new dynamic property: PropertyDescriptor[simple]
[pool-3434-thread-1] INFO org.apache.nifi.processors.standard.RouteText - RouteText[id=7eed8dc2-ebc4-49da-951a-9990a8cef519] Created FlowFile[2225,94824242497864.mockFlowFile,24B] from FlowFile[2224,94824242497864.mockFlowFile,24B]; routing to relationship simple
[pool-3434-thread-1] INFO org.apache.nifi.processors.standard.RouteText - RouteText[id=7eed8dc2-ebc4-49da-951a-9990a8cef519] Routing FlowFile[2224,94824242497864.mockFlowFile,24B] to original
[main] DEBUG org.apache.nifi.processors.standard.RouteText - RouteText[id=7eed8dc2-ebc4-49da-951a-9990a8cef519] Adding new dynamic property: PropertyDescriptor[simple]
[pool-3435-thread-1] INFO org.apache.nifi.processors.standard.RouteText - RouteText[id=7eed8dc2-ebc4-49da-951a-9990a8cef519] Created FlowFile[2227,94824243057087.mockFlowFile,24B] from FlowFile[2226,94824243057087.mockFlowFile,24B]; routing to relationship simple
[pool-3435-thread-1] INFO org.apache.nifi.processors.standard.RouteText - RouteText[id=7eed8dc2-ebc4-49da-951a-9990a8cef519] Routing FlowFile[2226,94824243057087.mockFlowFile,24B] to original
[main] DEBUG org.apache.nifi.processors.standard.RouteText - RouteText[id=7eed8dc2-ebc4-49da-951a-9990a8cef519] Adding new dynamic property: PropertyDescriptor[simple]
[pool-3436-thread-1] INFO org.apache.nifi.processors.standard.RouteText - RouteText[id=7eed8dc2-ebc4-49da-951a-9990a8cef519] Created FlowFile[2229,94824243536797.mockFlowFile,24B] from FlowFile[2228,94824243536797.mockFlowFile,24B]; routing to relationship simple
[pool-3436-thread-1] INFO org.apache.nifi.processors.standard.RouteText - RouteText[id=7eed8dc2-ebc4-49da-951a-9990a8cef519] Routing FlowFile[2228,94824243536797.mockFlowFile,24B] to original
[main] DEBUG org.apache.nifi.processors.standard.RouteText - RouteText[id=7eed8dc2-ebc4-49da-951a-9990a8cef519] Adding new dynamic property: PropertyDescriptor[simple]
[pool-3437-thread-1] INFO org.apache.nifi.processors.standard.RouteText - RouteText[id=7eed8dc2-ebc4-49da-951a-9990a8cef519] Created FlowFile[2231,94824243985522.mockFlowFile,24B] from FlowFile[2230,94824243985522.mockFlowFile,24B]; routing to relationship simple
[pool-3437-thread-1] INFO org.apache.nifi.processors.standard.RouteText - RouteText[id=7eed8dc2-ebc4-49da-951a-9990a8cef519] Routing FlowFile[2230,94824243985522.mockFlowFile,24B] to original
[main] DEBUG org.apache.nifi.processors.standard.RouteText - RouteText[id=7eed8dc2-ebc4-49da-951a-9990a8cef519] Adding new dynamic property: PropertyDescriptor[simple]
[pool-3438-thread-1] INFO org.apache.nifi.processors.standard.RouteText - RouteText[id=7eed8dc2-ebc4-49da-951a-9990a8cef519] Created FlowFile[2233,94824244399257.mockFlowFile,24B] from FlowFile[2232,94824244399257.mockFlowFile,24B]; routing to relationship simple
[pool-3438-thread-1] INFO org.apache.nifi.processors.standard.RouteText - RouteText[id=7eed8dc2-ebc4-49da-951a-9990a8cef519] Routing FlowFile[2232,94824244399257.mockFlowFile,24B] to original
[main] DEBUG org.apache.nifi.processors.standard.RouteText - RouteText[id=7eed8dc2-ebc4-49da-951a-9990a8cef519] Adding new dynamic property: PropertyDescriptor[simple]
[pool-3439-thread-1] INFO org.apache.nifi.processors.standard.RouteText - RouteText[id=7eed8dc2-ebc4-49da-951a-9990a8cef519] Created FlowFile[2235,94824244873340.mockFlowFile,24B] from FlowFile[2234,94824244873340.mockFlowFile,24B]; routing to relationship simple
[pool-3439-thread-1] INFO org.apache.nifi.processors.standard.RouteText - RouteText[id=7eed8dc2-ebc4-49da-951a-9990a8cef519] Routing FlowFile[2234,94824244873340.mockFlowFile,24B] to original
[main] DEBUG org.apache.nifi.processors.standard.RouteText - RouteText[id=7eed8dc2-ebc4-49da-951a-9990a8cef519] Adding new dynamic property: PropertyDescriptor[simple]
[pool-3440-thread-1] INFO org.apache.nifi.processors.standard.RouteText - RouteText[id=7eed8dc2-ebc4-49da-951a-9990a8cef519] Created FlowFile[2237,94824245315932.mockFlowFile,24B] from FlowFile[2236,94824245315932.mockFlowFile,24B]; routing to relationship simple
[pool-3440-thread-1] INFO org.apache.nifi.processors.standard.RouteText - RouteText[id=7eed8dc2-ebc4-49da-951a-9990a8cef519] Routing FlowFile[2236,94824245315932.mockFlowFile,24B] to original
[main] DEBUG org.apache.nifi.processors.standard.RouteText - RouteText[id=7eed8dc2-ebc4-49da-951a-9990a8cef519] Adding new dynamic property: PropertyDescriptor[simple]
[pool-3441-thread-1] INFO org.apache.nifi.processors.standard.RouteText - RouteText[id=7eed8dc2-ebc4-49da-951a-9990a8cef519] Created FlowFile[2239,94824245742609.mockFlowFile,24B] from FlowFile[2238,94824245742609.mockFlowFile,24B]; routing to relationship simple
[pool-3441-thread-1] INFO org.apache.nifi.processors.standard.RouteText - RouteText[id=7eed8dc2-ebc4-49da-951a-9990a8cef519] Routing FlowFile[2238,94824245742609.mockFlowFile,24B] to original
[main] DEBUG org.apache.nifi.processors.standard.RouteText - RouteText[id=7eed8dc2-ebc4-49da-951a-9990a8cef519] Adding new dynamic property: PropertyDescriptor[simple]
[pool-3442-thread-1] INFO org.apache.nifi.processors.standard.RouteText - RouteText[id=7eed8dc2-ebc4-49da-951a-9990a8cef519] Created FlowFile[2241,94824246170771.mockFlowFile,24B] from FlowFile[2240,94824246170771.mockFlowFile,24B]; routing to relationship simple
[pool-3442-thread-1] INFO org.apache.nifi.processors.standard.RouteText - RouteText[id=7eed8dc2-ebc4-49da-951a-9990a8cef519] Routing FlowFile[2240,94824246170771.mockFlowFile,24B] to original
[main] DEBUG org.apache.nifi.processors.standard.RouteText - RouteText[id=7eed8dc2-ebc4-49da-951a-9990a8cef519] Adding new dynamic property: PropertyDescriptor[simple]
[pool-3443-thread-1] INFO org.apache.nifi.processors.standard.RouteText - RouteText[id=7eed8dc2-ebc4-49da-951a-9990a8cef519] Created FlowFile[2243,94824246595918.mockFlowFile,24B] from FlowFile[2242,94824246595918.mockFlowFile,24B]; routing to relationship simple
[pool-3443-thread-1] INFO org.apache.nifi.processors.standard.RouteText - RouteText[id=7eed8dc2-ebc4-49da-951a-9990a8cef519] Routing FlowFile[2242,94824246595918.mockFlowFile,24B] to original
[main] DEBUG org.apache.nifi.processors.standard.RouteText - RouteText[id=7eed8dc2-ebc4-49da-951a-9990a8cef519] Adding new dynamic property: PropertyDescriptor[simple]
[pool-3444-thread-1] INFO org.apache.nifi.processors.standard.RouteText - RouteText[id=7eed8dc2-ebc4-49da-951a-9990a8cef519] Created FlowFile[2245,94824247052518.mockFlowFile,24B] from FlowFile[2244,94824247052518.mockFlowFile,24B]; routing to relationship simple
[pool-3444-thread-1] INFO org.apache.nifi.processors.standard.RouteText - RouteText[id=7eed8dc2-ebc4-49da-951a-9990a8cef519] Routing FlowFile[2244,94824247052518.mockFlowFile,24B] to original
[main] DEBUG org.apache.nifi.processors.standard.RouteText - RouteText[id=7eed8dc2-ebc4-49da-951a-9990a8cef519] Adding new dynamic property: PropertyDescriptor[simple]
[pool-3445-thread-1] INFO org.apache.nifi.processors.standard.RouteText - RouteText[id=7eed8dc2-ebc4-49da-951a-9990a8cef519] Created FlowFile[2247,94824247512516.mockFlowFile,24B] from FlowFile[2246,94824247512516.mockFlowFile,24B]; routing to relationship simple
[pool-3445-thread-1] INFO org.apache.nifi.processors.standard.RouteText - RouteText[id=7eed8dc2-ebc4-49da-951a-9990a8cef519] Routing FlowFile[2246,94824247512516.mockFlowFile,24B] to original
[main] DEBUG org.apache.nifi.processors.standard.RouteText - RouteText[id=7eed8dc2-ebc4-49da-951a-9990a8cef519] Adding new dynamic property: PropertyDescriptor[simple]
[pool-3446-thread-1] INFO org.apache.nifi.processors.standard.RouteText - RouteText[id=7eed8dc2-ebc4-49da-951a-9990a8cef519] Created FlowFile[2249,94824247961602.mockFlowFile,24B] from FlowFile[2248,94824247961602.mockFlowFile,24B]; routing to relationship simple
[pool-3446-thread-1] INFO org.apache.nifi.processors.standard.RouteText - RouteText[id=7eed8dc2-ebc4-49da-951a-9990a8cef519] Routing FlowFile[2248,94824247961602.mockFlowFile,24B] to original
[main] DEBUG org.apache.nifi.processors.standard.RouteText - RouteText[id=7eed8dc2-ebc4-49da-951a-9990a8cef519] Adding new dynamic property: PropertyDescriptor[simple]
[pool-3447-thread-1] INFO org.apache.nifi.processors.standard.RouteText - RouteText[id=7eed8dc2-ebc4-49da-951a-9990a8cef519] Created FlowFile[2251,94824248464891.mockFlowFile,24B] from FlowFile[2250,94824248464891.mockFlowFile,24B]; routing to relationship simple
[pool-3447-thread-1] INFO org.apache.nifi.processors.standard.RouteText - RouteText[id=7eed8dc2-ebc4-49da-951a-9990a8cef519] Routing FlowFile[2250,94824248464891.mockFlowFile,24B] to original
[main] DEBUG org.apache.nifi.processors.standard.RouteText - RouteText[id=7eed8dc2-ebc4-49da-951a-9990a8cef519] Adding new dynamic property: PropertyDescriptor[simple]
[pool-3448-thread-1] INFO org.apache.nifi.processors.standard.RouteText - RouteText[id=7eed8dc2-ebc4-49da-951a-9990a8cef519] Created FlowFile[2253,94824248918246.mockFlowFile,24B] from FlowFile[2252,94824248918246.mockFlowFile,24B]; routing to relationship simple
[pool-3448-thread-1] INFO org.apache.nifi.processors.standard.RouteText - RouteText[id=7eed8dc2-ebc4-49da-951a-9990a8cef519] Routing FlowFile[2252,94824248918246.mockFlowFile,24B] to original
[main] DEBUG org.apache.nifi.processors.standard.RouteText - RouteText[id=7eed8dc2-ebc4-49da-951a-9990a8cef519] Adding new dynamic property: PropertyDescriptor[simple]
[pool-3449-thread-1] INFO org.apache.nifi.processors.standard.RouteText - RouteText[id=7eed8dc2-ebc4-49da-951a-9990a8cef519] Created FlowFile[2255,94824249368595.mockFlowFile,24B] from FlowFile[2254,94824249368595.mockFlowFile,24B]; routing to relationship simple
[pool-3449-thread-1] INFO org.apache.nifi.processors.standard.RouteText - RouteText[id=7eed8dc2-ebc4-49da-951a-9990a8cef519] Routing FlowFile[2254,94824249368595.mockFlowFile,24B] to original
[main] DEBUG org.apache.nifi.processors.standard.RouteText - RouteText[id=7eed8dc2-ebc4-49da-951a-9990a8cef519] Adding new dynamic property: PropertyDescriptor[simple]
[pool-3450-thread-1] INFO org.apache.nifi.processors.standard.RouteText - RouteText[id=7eed8dc2-ebc4-49da-951a-9990a8cef519] Created FlowFile[2257,94824249826024.mockFlowFile,24B] from FlowFile[2256,94824249826024.mockFlowFile,24B]; routing to relationship simple
[pool-3450-thread-1] INFO org.apache.nifi.processors.standard.RouteText - RouteText[id=7eed8dc2-ebc4-49da-951a-9990a8cef519] Routing FlowFile[2256,94824249826024.mockFlowFile,24B] to original
[main] DEBUG org.apache.nifi.processors.standard.RouteText - RouteText[id=7eed8dc2-ebc4-49da-951a-9990a8cef519] Adding new dynamic property: PropertyDescriptor[simple]
[pool-3451-thread-1] INFO org.apache.nifi.processors.standard.RouteText - RouteText[id=7eed8dc2-ebc4-49da-951a-9990a8cef519] Created FlowFile[2259,94824250276335.mockFlowFile,24B] from FlowFile[2258,94824250276335.mockFlowFile,24B]; routing to relationship simple
[pool-3451-thread-1] INFO org.apache.nifi.processors.standard.RouteText - RouteText[id=7eed8dc2-ebc4-49da-951a-9990a8cef519] Routing FlowFile[2258,94824250276335.mockFlowFile,24B] to original
[main] DEBUG org.apache.nifi.processors.standard.RouteText - RouteText[id=7eed8dc2-ebc4-49da-951a-9990a8cef519] Adding new dynamic property: PropertyDescriptor[simple]
[pool-3452-thread-1] INFO org.apache.nifi.processors.standard.RouteText - RouteText[id=7eed8dc2-ebc4-49da-951a-9990a8cef519] Created FlowFile[2261,94824250723391.mockFlowFile,24B] from FlowFile[2260,94824250723391.mockFlowFile,24B]; routing to relationship simple
[pool-3452-thread-1] INFO org.apache.nifi.processors.standard.RouteText - RouteText[id=7eed8dc2-ebc4-49da-951a-9990a8cef519] Routing FlowFile[2260,94824250723391.mockFlowFile,24B] to original
[main] DEBUG org.apache.nifi.processors.standard.RouteText - RouteText[id=7eed8dc2-ebc4-49da-951a-9990a8cef519] Adding new dynamic property: PropertyDescriptor[simple]
[pool-3453-thread-1] INFO org.apache.nifi.processors.standard.RouteText - RouteText[id=7eed8dc2-ebc4-49da-951a-9990a8cef519] Created FlowFile[2263,94824251169911.mockFlowFile,24B] from FlowFile[2262,94824251169911.mockFlowFile,24B]; routing to relationship simple
[pool-3453-thread-1] INFO org.apache.nifi.processors.standard.RouteText - RouteText[id=7eed8dc2-ebc4-49da-951a-9990a8cef519] Routing FlowFile[2262,94824251169911.mockFlowFile,24B] to original
[main] DEBUG org.apache.nifi.processors.standard.RouteText - RouteText[id=7eed8dc2-ebc4-49da-951a-9990a8cef519] Adding new dynamic property: PropertyDescriptor[simple]
[pool-3454-thread-1] INFO org.apache.nifi.processors.standard.RouteText - RouteText[id=7eed8dc2-ebc4-49da-951a-9990a8cef519] Created FlowFile[2265,94824251613987.mockFlowFile,24B] from FlowFile[2264,94824251613987.mockFlowFile,24B]; routing to relationship simple
[pool-3454-thread-1] INFO org.apache.nifi.processors.standard.RouteText - RouteText[id=7eed8dc2-ebc4-49da-951a-9990a8cef519] Routing FlowFile[2264,94824251613987.mockFlowFile,24B] to original
[main] DEBUG org.apache.nifi.processors.standard.RouteText - RouteText[id=7eed8dc2-ebc4-49da-951a-9990a8cef519] Adding new dynamic property: PropertyDescriptor[simple]
[pool-3455-thread-1] INFO org.apache.nifi.processors.standard.RouteText - RouteText[id=7eed8dc2-ebc4-49da-951a-9990a8cef519] Created FlowFile[2267,94824252062624.mockFlowFile,24B] from FlowFile[2266,94824252062624.mockFlowFile,24B]; routing to relationship simple
[pool-3455-thread-1] INFO org.apache.nifi.processors.standard.RouteText - RouteText[id=7eed8dc2-ebc4-49da-951a-9990a8cef519] Routing FlowFile[2266,94824252062624.mockFlowFile,24B] to original
[main] DEBUG org.apache.nifi.processors.standard.RouteText - RouteText[id=7eed8dc2-ebc4-49da-951a-9990a8cef519] Adding new dynamic property: PropertyDescriptor[simple]
[pool-3456-thread-1] INFO org.apache.nifi.processors.standard.RouteText - RouteText[id=7eed8dc2-ebc4-49da-951a-9990a8cef519] Created FlowFile[2269,94824252507605.mockFlowFile,24B] from FlowFile[2268,94824252507605.mockFlowFile,24B]; routing to relationship simple
[pool-3456-thread-1] INFO org.apache.nifi.processors.standard.RouteText - RouteText[id=7eed8dc2-ebc4-49da-951a-9990a8cef519] Routing FlowFile[2268,94824252507605.mockFlowFile,24B] to original
[main] DEBUG org.apache.nifi.processors.standard.RouteText - RouteText[id=7eed8dc2-ebc4-49da-951a-9990a8cef519] Adding new dynamic property: PropertyDescriptor[simple]
[pool-3457-thread-1] INFO org.apache.nifi.processors.standard.RouteText - RouteText[id=7eed8dc2-ebc4-49da-951a-9990a8cef519] Created FlowFile[2271,94824252951656.mockFlowFile,24B] from FlowFile[2270,94824252951656.mockFlowFile,24B]; routing to relationship simple
[pool-3457-thread-1] INFO org.apache.nifi.processors.standard.RouteText - RouteText[id=7eed8dc2-ebc4-49da-951a-9990a8cef519] Routing FlowFile[2270,94824252951656.mockFlowFile,24B] to original
[main] DEBUG org.apache.nifi.processors.standard.RouteText - RouteText[id=7eed8dc2-ebc4-49da-951a-9990a8cef519] Adding new dynamic property: PropertyDescriptor[simple]
[pool-3458-thread-1] INFO org.apache.nifi.processors.standard.RouteText - RouteText[id=7eed8dc2-ebc4-49da-951a-9990a8cef519] Created FlowFile[2273,94824253406429.mockFlowFile,24B] from FlowFile[2272,94824253406429.mockFlowFile,24B]; routing to relationship simple
[pool-3458-thread-1] INFO org.apache.nifi.processors.standard.RouteText - RouteText[id=7eed8dc2-ebc4-49da-951a-9990a8cef519] Routing FlowFile[2272,94824253406429.mockFlowFile,24B] to original
[main] DEBUG org.apache.nifi.processors.standard.RouteText - RouteText[id=7eed8dc2-ebc4-49da-951a-9990a8cef519] Adding new dynamic property: PropertyDescriptor[simple]
[pool-3459-thread-1] INFO org.apache.nifi.processors.standard.RouteText - RouteText[id=7eed8dc2-ebc4-49da-951a-9990a8cef519] Created FlowFile[2275,94824253878306.mockFlowFile,24B] from FlowFile[2274,94824253878306.mockFlowFile,24B]; routing to relationship simple
[pool-3459-thread-1] INFO org.apache.nifi.processors.standard.RouteText - RouteText[id=7eed8dc2-ebc4-49da-951a-9990a8cef519] Routing FlowFile[2274,94824253878306.mockFlowFile,24B] to original
[main] DEBUG org.apache.nifi.processors.standard.RouteText - RouteText[id=7eed8dc2-ebc4-49da-951a-9990a8cef519] Adding new dynamic property: PropertyDescriptor[simple]
[pool-3460-thread-1] INFO org.apache.nifi.processors.standard.RouteText - RouteText[id=7eed8dc2-ebc4-49da-951a-9990a8cef519] Created FlowFile[2277,94824254365455.mockFlowFile,24B] from FlowFile[2276,94824254365455.mockFlowFile,24B]; routing to relationship simple
[pool-3460-thread-1] INFO org.apache.nifi.processors.standard.RouteText - RouteText[id=7eed8dc2-ebc4-49da-951a-9990a8cef519] Routing FlowFile[2276,94824254365455.mockFlowFile,24B] to original
[main] DEBUG org.apache.nifi.processors.standard.RouteText - RouteText[id=7eed8dc2-ebc4-49da-951a-9990a8cef519] Adding new dynamic property: PropertyDescriptor[simple]
[pool-3461-thread-1] INFO org.apache.nifi.processors.standard.RouteText - RouteText[id=7eed8dc2-ebc4-49da-951a-9990a8cef519] Created FlowFile[2279,94824254843457.mockFlowFile,24B] from FlowFile[2278,94824254843457.mockFlowFile,24B]; routing to relationship simple
[pool-3461-thread-1] INFO org.apache.nifi.processors.standard.RouteText - RouteText[id=7eed8dc2-ebc4-49da-951a-9990a8cef519] Routing FlowFile[2278,94824254843457.mockFlowFile,24B] to original
[main] DEBUG org.apache.nifi.processors.standard.RouteText - RouteText[id=7eed8dc2-ebc4-49da-951a-9990a8cef519] Adding new dynamic property: PropertyDescriptor[simple]
[pool-3462-thread-1] INFO org.apache.nifi.processors.standard.RouteText - RouteText[id=7eed8dc2-ebc4-49da-951a-9990a8cef519] Created FlowFile[2281,94824255499630.mockFlowFile,24B] from FlowFile[2280,94824255499630.mockFlowFile,24B]; routing to relationship simple
[pool-3462-thread-1] INFO org.apache.nifi.processors.standard.RouteText - RouteText[id=7eed8dc2-ebc4-49da-951a-9990a8cef519] Routing FlowFile[2280,94824255499630.mockFlowFile,24B] to original
[main] DEBUG org.apache.nifi.processors.standard.RouteText - RouteText[id=7eed8dc2-ebc4-49da-951a-9990a8cef519] Adding new dynamic property: PropertyDescriptor[simple]
[pool-3463-thread-1] INFO org.apache.nifi.processors.standard.RouteText - RouteText[id=7eed8dc2-ebc4-49da-951a-9990a8cef519] Created FlowFile[2283,94824255997771.mockFlowFile,24B] from FlowFile[2282,94824255997771.mockFlowFile,24B]; routing to relationship simple
[pool-3463-thread-1] INFO org.apache.nifi.processors.standard.RouteText - RouteText[id=7eed8dc2-ebc4-49da-951a-9990a8cef519] Routing FlowFile[2282,94824255997771.mockFlowFile,24B] to original
[main] DEBUG org.apache.nifi.processors.standard.RouteText - RouteText[id=7eed8dc2-ebc4-49da-951a-9990a8cef519] Adding new dynamic property: PropertyDescriptor[simple]
[pool-3464-thread-1] INFO org.apache.nifi.processors.standard.RouteText - RouteText[id=7eed8dc2-ebc4-49da-951a-9990a8cef519] Created FlowFile[2285,94824256473333.mockFlowFile,24B] from FlowFile[2284,94824256473333.mockFlowFile,24B]; routing to relationship simple
[pool-3464-thread-1] INFO org.apache.nifi.processors.standard.RouteText - RouteText[id=7eed8dc2-ebc4-49da-951a-9990a8cef519] Routing FlowFile[2284,94824256473333.mockFlowFile,24B] to original
[main] DEBUG org.apache.nifi.processors.standard.RouteText - RouteText[id=7eed8dc2-ebc4-49da-951a-9990a8cef519] Adding new dynamic property: PropertyDescriptor[simple]
[pool-3465-thread-1] INFO org.apache.nifi.processors.standard.RouteText - RouteText[id=7eed8dc2-ebc4-49da-951a-9990a8cef519] Created FlowFile[2287,94824256965535.mockFlowFile,24B] from FlowFile[2286,94824256965535.mockFlowFile,24B]; routing to relationship simple
[pool-3465-thread-1] INFO org.apache.nifi.processors.standard.RouteText - RouteText[id=7eed8dc2-ebc4-49da-951a-9990a8cef519] Routing FlowFile[2286,94824256965535.mockFlowFile,24B] to original
[main] DEBUG org.apache.nifi.processors.standard.RouteText - RouteText[id=7eed8dc2-ebc4-49da-951a-9990a8cef519] Adding new dynamic property: PropertyDescriptor[simple]
[pool-3466-thread-1] INFO org.apache.nifi.processors.standard.RouteText - RouteText[id=7eed8dc2-ebc4-49da-951a-9990a8cef519] Created FlowFile[2289,94824257457628.mockFlowFile,24B] from FlowFile[2288,94824257457628.mockFlowFile,24B]; routing to relationship simple
[pool-3466-thread-1] INFO org.apache.nifi.processors.standard.RouteText - RouteText[id=7eed8dc2-ebc4-49da-951a-9990a8cef519] Routing FlowFile[2288,94824257457628.mockFlowFile,24B] to original
[main] DEBUG org.apache.nifi.processors.standard.RouteText - RouteText[id=7eed8dc2-ebc4-49da-951a-9990a8cef519] Adding new dynamic property: PropertyDescriptor[simple]
[pool-3467-thread-1] INFO org.apache.nifi.processors.standard.RouteText - RouteText[id=7eed8dc2-ebc4-49da-951a-9990a8cef519] Created FlowFile[2291,94824257951719.mockFlowFile,24B] from FlowFile[2290,94824257951719.mockFlowFile,24B]; routing to relationship simple
[pool-3467-thread-1] INFO org.apache.nifi.processors.standard.RouteText - RouteText[id=7eed8dc2-ebc4-49da-951a-9990a8cef519] Routing FlowFile[2290,94824257951719.mockFlowFile,24B] to original
[main] DEBUG org.apache.nifi.processors.standard.RouteText - RouteText[id=7eed8dc2-ebc4-49da-951a-9990a8cef519] Adding new dynamic property: PropertyDescriptor[simple]
[pool-3468-thread-1] INFO org.apache.nifi.processors.standard.RouteText - RouteText[id=7eed8dc2-ebc4-49da-951a-9990a8cef519] Created FlowFile[2293,94824258500081.mockFlowFile,24B] from FlowFile[2292,94824258500081.mockFlowFile,24B]; routing to relationship simple
[pool-3468-thread-1] INFO org.apache.nifi.processors.standard.RouteText - RouteText[id=7eed8dc2-ebc4-49da-951a-9990a8cef519] Routing FlowFile[2292,94824258500081.mockFlowFile,24B] to original
[main] DEBUG org.apache.nifi.processors.standard.RouteText - RouteText[id=7eed8dc2-ebc4-49da-951a-9990a8cef519] Adding new dynamic property: PropertyDescriptor[simple]
[pool-3469-thread-1] INFO org.apache.nifi.processors.standard.RouteText - RouteText[id=7eed8dc2-ebc4-49da-951a-9990a8cef519] Created FlowFile[2295,94824258965763.mockFlowFile,24B] from FlowFile[2294,94824258965763.mockFlowFile,24B]; routing to relationship simple
[pool-3469-thread-1] INFO org.apache.nifi.processors.standard.RouteText - RouteText[id=7eed8dc2-ebc4-49da-951a-9990a8cef519] Routing FlowFile[2294,94824258965763.mockFlowFile,24B] to original
[main] DEBUG org.apache.nifi.processors.standard.RouteText - RouteText[id=7eed8dc2-ebc4-49da-951a-9990a8cef519] Adding new dynamic property: PropertyDescriptor[simple]
[pool-3470-thread-1] INFO org.apache.nifi.processors.standard.RouteText - RouteText[id=7eed8dc2-ebc4-49da-951a-9990a8cef519] Created FlowFile[2297,94824259431703.mockFlowFile,24B] from FlowFile[2296,94824259431703.mockFlowFile,24B]; routing to relationship simple
[pool-3470-thread-1] INFO org.apache.nifi.processors.standard.RouteText - RouteText[id=7eed8dc2-ebc4-49da-951a-9990a8cef519] Routing FlowFile[2296,94824259431703.mockFlowFile,24B] to original
[main] DEBUG org.apache.nifi.processors.standard.RouteText - RouteText[id=7eed8dc2-ebc4-49da-951a-9990a8cef519] Adding new dynamic property: PropertyDescriptor[simple]
[pool-3471-thread-1] INFO org.apache.nifi.processors.standard.RouteText - RouteText[id=7eed8dc2-ebc4-49da-951a-9990a8cef519] Created FlowFile[2299,94824259900923.mockFlowFile,24B] from FlowFile[2298,94824259900923.mockFlowFile,24B]; routing to relationship simple
[pool-3471-thread-1] INFO org.apache.nifi.processors.standard.RouteText - RouteText[id=7eed8dc2-ebc4-49da-951a-9990a8cef519] Routing FlowFile[2298,94824259900923.mockFlowFile,24B] to original
[main] DEBUG org.apache.nifi.processors.standard.RouteText - RouteText[id=7eed8dc2-ebc4-49da-951a-9990a8cef519] Adding new dynamic property: PropertyDescriptor[simple]
[pool-3472-thread-1] INFO org.apache.nifi.processors.standard.RouteText - RouteText[id=7eed8dc2-ebc4-49da-951a-9990a8cef519] Created FlowFile[2301,94824260453915.mockFlowFile,24B] from FlowFile[2300,94824260453915.mockFlowFile,24B]; routing to relationship simple
[pool-3472-thread-1] INFO org.apache.nifi.processors.standard.RouteText - RouteText[id=7eed8dc2-ebc4-49da-951a-9990a8cef519] Routing FlowFile[2300,94824260453915.mockFlowFile,24B] to original
[main] DEBUG org.apache.nifi.processors.standard.RouteText - RouteText[id=7eed8dc2-ebc4-49da-951a-9990a8cef519] Adding new dynamic property: PropertyDescriptor[simple]
[pool-3473-thread-1] INFO org.apache.nifi.processors.standard.RouteText - RouteText[id=7eed8dc2-ebc4-49da-951a-9990a8cef519] Created FlowFile[2303,94824260979093.mockFlowFile,24B] from FlowFile[2302,94824260979093.mockFlowFile,24B]; routing to relationship simple
[pool-3473-thread-1] INFO org.apache.nifi.processors.standard.RouteText - RouteText[id=7eed8dc2-ebc4-49da-951a-9990a8cef519] Routing FlowFile[2302,94824260979093.mockFlowFile,24B] to original
[main] DEBUG org.apache.nifi.processors.standard.RouteText - RouteText[id=7eed8dc2-ebc4-49da-951a-9990a8cef519] Adding new dynamic property: PropertyDescriptor[simple]
[pool-3474-thread-1] INFO org.apache.nifi.processors.standard.RouteText - RouteText[id=7eed8dc2-ebc4-49da-951a-9990a8cef519] Created FlowFile[2305,94824261545029.mockFlowFile,24B] from FlowFile[2304,94824261545029.mockFlowFile,24B]; routing to relationship simple
[pool-3474-thread-1] INFO org.apache.nifi.processors.standard.RouteText - RouteText[id=7eed8dc2-ebc4-49da-951a-9990a8cef519] Routing FlowFile[2304,94824261545029.mockFlowFile,24B] to original
[main] DEBUG org.apache.nifi.processors.standard.RouteText - RouteText[id=7eed8dc2-ebc4-49da-951a-9990a8cef519] Adding new dynamic property: PropertyDescriptor[simple]
[pool-3475-thread-1] INFO org.apache.nifi.processors.standard.RouteText - RouteText[id=7eed8dc2-ebc4-49da-951a-9990a8cef519] Created FlowFile[2307,94824262076965.mockFlowFile,24B] from FlowFile[2306,94824262076965.mockFlowFile,24B]; routing to relationship simple
[pool-3475-thread-1] INFO org.apache.nifi.processors.standard.RouteText - RouteText[id=7eed8dc2-ebc4-49da-951a-9990a8cef519] Routing FlowFile[2306,94824262076965.mockFlowFile,24B] to original
[main] DEBUG org.apache.nifi.processors.standard.RouteText - RouteText[id=7eed8dc2-ebc4-49da-951a-9990a8cef519] Adding new dynamic property: PropertyDescriptor[simple]
[pool-3476-thread-1] INFO org.apache.nifi.processors.standard.RouteText - RouteText[id=7eed8dc2-ebc4-49da-951a-9990a8cef519] Created FlowFile[2309,94824262578358.mockFlowFile,24B] from FlowFile[2308,94824262578358.mockFlowFile,24B]; routing to relationship simple
[pool-3476-thread-1] INFO org.apache.nifi.processors.standard.RouteText - RouteText[id=7eed8dc2-ebc4-49da-951a-9990a8cef519] Routing FlowFile[2308,94824262578358.mockFlowFile,24B] to original
[main] DEBUG org.apache.nifi.processors.standard.RouteText - RouteText[id=7eed8dc2-ebc4-49da-951a-9990a8cef519] Adding new dynamic property: PropertyDescriptor[simple]
[pool-3477-thread-1] INFO org.apache.nifi.processors.standard.RouteText - RouteText[id=7eed8dc2-ebc4-49da-951a-9990a8cef519] Created FlowFile[2311,94824263054675.mockFlowFile,24B] from FlowFile[2310,94824263054675.mockFlowFile,24B]; routing to relationship simple
[pool-3477-thread-1] INFO org.apache.nifi.processors.standard.RouteText - RouteText[id=7eed8dc2-ebc4-49da-951a-9990a8cef519] Routing FlowFile[2310,94824263054675.mockFlowFile,24B] to original
[main] DEBUG org.apache.nifi.processors.standard.RouteText - RouteText[id=7eed8dc2-ebc4-49da-951a-9990a8cef519] Adding new dynamic property: PropertyDescriptor[simple]
[pool-3478-thread-1] INFO org.apache.nifi.processors.standard.RouteText - RouteText[id=7eed8dc2-ebc4-49da-951a-9990a8cef519] Created FlowFile[2313,94824263551642.mockFlowFile,24B] from FlowFile[2312,94824263551642.mockFlowFile,24B]; routing to relationship simple
[pool-3478-thread-1] INFO org.apache.nifi.processors.standard.RouteText - RouteText[id=7eed8dc2-ebc4-49da-951a-9990a8cef519] Routing FlowFile[2312,94824263551642.mockFlowFile,24B] to original
[main] DEBUG org.apache.nifi.processors.standard.RouteText - RouteText[id=7eed8dc2-ebc4-49da-951a-9990a8cef519] Adding new dynamic property: PropertyDescriptor[simple]
[pool-3479-thread-1] INFO org.apache.nifi.processors.standard.RouteText - RouteText[id=7eed8dc2-ebc4-49da-951a-9990a8cef519] Created FlowFile[2315,94824263968473.mockFlowFile,24B] from FlowFile[2314,94824263968473.mockFlowFile,24B]; routing to relationship simple
[pool-3479-thread-1] INFO org.apache.nifi.processors.standard.RouteText - RouteText[id=7eed8dc2-ebc4-49da-951a-9990a8cef519] Routing FlowFile[2314,94824263968473.mockFlowFile,24B] to original
[main] DEBUG org.apache.nifi.processors.standard.RouteText - RouteText[id=7eed8dc2-ebc4-49da-951a-9990a8cef519] Adding new dynamic property: PropertyDescriptor[simple]
[pool-3480-thread-1] INFO org.apache.nifi.processors.standard.RouteText - RouteText[id=7eed8dc2-ebc4-49da-951a-9990a8cef519] Created FlowFile[2317,94824264580481.mockFlowFile,24B] from FlowFile[2316,94824264580481.mockFlowFile,24B]; routing to relationship simple
[pool-3480-thread-1] INFO org.apache.nifi.processors.standard.RouteText - RouteText[id=7eed8dc2-ebc4-49da-951a-9990a8cef519] Routing FlowFile[2316,94824264580481.mockFlowFile,24B] to original
[main] DEBUG org.apache.nifi.processors.standard.RouteText - RouteText[id=7eed8dc2-ebc4-49da-951a-9990a8cef519] Adding new dynamic property: PropertyDescriptor[simple]
[pool-3481-thread-1] INFO org.apache.nifi.processors.standard.RouteText - RouteText[id=7eed8dc2-ebc4-49da-951a-9990a8cef519] Created FlowFile[2319,94824265101400.mockFlowFile,24B] from FlowFile[2318,94824265101400.mockFlowFile,24B]; routing to relationship simple
[pool-3481-thread-1] INFO org.apache.nifi.processors.standard.RouteText - RouteText[id=7eed8dc2-ebc4-49da-951a-9990a8cef519] Routing FlowFile[2318,94824265101400.mockFlowFile,24B] to original
[main] DEBUG org.apache.nifi.processors.standard.RouteText - RouteText[id=7eed8dc2-ebc4-49da-951a-9990a8cef519] Adding new dynamic property: PropertyDescriptor[simple]
[pool-3482-thread-1] INFO org.apache.nifi.processors.standard.RouteText - RouteText[id=7eed8dc2-ebc4-49da-951a-9990a8cef519] Created FlowFile[2321,94824265547814.mockFlowFile,24B] from FlowFile[2320,94824265547814.mockFlowFile,24B]; routing to relationship simple
[pool-3482-thread-1] INFO org.apache.nifi.processors.standard.RouteText - RouteText[id=7eed8dc2-ebc4-49da-951a-9990a8cef519] Routing FlowFile[2320,94824265547814.mockFlowFile,24B] to original
[main] DEBUG org.apache.nifi.processors.standard.RouteText - RouteText[id=7eed8dc2-ebc4-49da-951a-9990a8cef519] Adding new dynamic property: PropertyDescriptor[simple]
[pool-3483-thread-1] INFO org.apache.nifi.processors.standard.RouteText - RouteText[id=7eed8dc2-ebc4-49da-951a-9990a8cef519] Created FlowFile[2323,94824265979669.mockFlowFile,24B] from FlowFile[2322,94824265979669.mockFlowFile,24B]; routing to relationship simple
[pool-3483-thread-1] INFO org.apache.nifi.processors.standard.RouteText - RouteText[id=7eed8dc2-ebc4-49da-951a-9990a8cef519] Routing FlowFile[2322,94824265979669.mockFlowFile,24B] to original
[main] DEBUG org.apache.nifi.processors.standard.RouteText - RouteText[id=7eed8dc2-ebc4-49da-951a-9990a8cef519] Adding new dynamic property: PropertyDescriptor[simple]
[pool-3484-thread-1] INFO org.apache.nifi.processors.standard.RouteText - RouteText[id=7eed8dc2-ebc4-49da-951a-9990a8cef519] Created FlowFile[2325,94824266435036.mockFlowFile,24B] from FlowFile[2324,94824266435036.mockFlowFile,24B]; routing to relationship simple
[pool-3484-thread-1] INFO org.apache.nifi.processors.standard.RouteText - RouteText[id=7eed8dc2-ebc4-49da-951a-9990a8cef519] Routing FlowFile[2324,94824266435036.mockFlowFile,24B] to original
[main] DEBUG org.apache.nifi.processors.standard.RouteText - RouteText[id=7eed8dc2-ebc4-49da-951a-9990a8cef519] Adding new dynamic property: PropertyDescriptor[simple]
[pool-3485-thread-1] INFO org.apache.nifi.processors.standard.RouteText - RouteText[id=7eed8dc2-ebc4-49da-951a-9990a8cef519] Created FlowFile[2327,94824266889340.mockFlowFile,24B] from FlowFile[2326,94824266889340.mockFlowFile,24B]; routing to relationship simple
[pool-3485-thread-1] INFO org.apache.nifi.processors.standard.RouteText - RouteText[id=7eed8dc2-ebc4-49da-951a-9990a8cef519] Routing FlowFile[2326,94824266889340.mockFlowFile,24B] to original
[main] DEBUG org.apache.nifi.processors.standard.RouteText - RouteText[id=7eed8dc2-ebc4-49da-951a-9990a8cef519] Adding new dynamic property: PropertyDescriptor[simple]
[pool-3486-thread-1] INFO org.apache.nifi.processors.standard.RouteText - RouteText[id=7eed8dc2-ebc4-49da-951a-9990a8cef519] Created FlowFile[2329,94824267345732.mockFlowFile,24B] from FlowFile[2328,94824267345732.mockFlowFile,24B]; routing to relationship simple
[pool-3486-thread-1] INFO org.apache.nifi.processors.standard.RouteText - RouteText[id=7eed8dc2-ebc4-49da-951a-9990a8cef519] Routing FlowFile[2328,94824267345732.mockFlowFile,24B] to original
[main] DEBUG org.apache.nifi.processors.standard.RouteText - RouteText[id=7eed8dc2-ebc4-49da-951a-9990a8cef519] Adding new dynamic property: PropertyDescriptor[simple]
[pool-3487-thread-1] INFO org.apache.nifi.processors.standard.RouteText - RouteText[id=7eed8dc2-ebc4-49da-951a-9990a8cef519] Created FlowFile[2331,94824267804287.mockFlowFile,24B] from FlowFile[2330,94824267804287.mockFlowFile,24B]; routing to relationship simple
[pool-3487-thread-1] INFO org.apache.nifi.processors.standard.RouteText - RouteText[id=7eed8dc2-ebc4-49da-951a-9990a8cef519] Routing FlowFile[2330,94824267804287.mockFlowFile,24B] to original
[main] DEBUG org.apache.nifi.processors.standard.RouteText - RouteText[id=7eed8dc2-ebc4-49da-951a-9990a8cef519] Adding new dynamic property: PropertyDescriptor[simple]
[pool-3488-thread-1] INFO org.apache.nifi.processors.standard.RouteText - RouteText[id=7eed8dc2-ebc4-49da-951a-9990a8cef519] Created FlowFile[2333,94824268281469.mockFlowFile,24B] from FlowFile[2332,94824268281469.mockFlowFile,24B]; routing to relationship simple
[pool-3488-thread-1] INFO org.apache.nifi.processors.standard.RouteText - RouteText[id=7eed8dc2-ebc4-49da-951a-9990a8cef519] Routing FlowFile[2332,94824268281469.mockFlowFile,24B] to original
[main] DEBUG org.apache.nifi.processors.standard.RouteText - RouteText[id=7eed8dc2-ebc4-49da-951a-9990a8cef519] Adding new dynamic property: PropertyDescriptor[simple]
[pool-3489-thread-1] INFO org.apache.nifi.processors.standard.RouteText - RouteText[id=7eed8dc2-ebc4-49da-951a-9990a8cef519] Created FlowFile[2335,94824268698475.mockFlowFile,24B] from FlowFile[2334,94824268698475.mockFlowFile,24B]; routing to relationship simple
[pool-3489-thread-1] INFO org.apache.nifi.processors.standard.RouteText - RouteText[id=7eed8dc2-ebc4-49da-951a-9990a8cef519] Routing FlowFile[2334,94824268698475.mockFlowFile,24B] to original
[main] DEBUG org.apache.nifi.processors.standard.RouteText - RouteText[id=7eed8dc2-ebc4-49da-951a-9990a8cef519] Adding new dynamic property: PropertyDescriptor[simple]
[pool-3490-thread-1] INFO org.apache.nifi.processors.standard.RouteText - RouteText[id=7eed8dc2-ebc4-49da-951a-9990a8cef519] Created FlowFile[2337,94824269161167.mockFlowFile,24B] from FlowFile[2336,94824269161167.mockFlowFile,24B]; routing to relationship simple
[pool-3490-thread-1] INFO org.apache.nifi.processors.standard.RouteText - RouteText[id=7eed8dc2-ebc4-49da-951a-9990a8cef519] Routing FlowFile[2336,94824269161167.mockFlowFile,24B] to original
[main] DEBUG org.apache.nifi.processors.standard.RouteText - RouteText[id=7eed8dc2-ebc4-49da-951a-9990a8cef519] Adding new dynamic property: PropertyDescriptor[simple]
[pool-3491-thread-1] INFO org.apache.nifi.processors.standard.RouteText - RouteText[id=7eed8dc2-ebc4-49da-951a-9990a8cef519] Created FlowFile[2339,94824269620651.mockFlowFile,24B] from FlowFile[2338,94824269620651.mockFlowFile,24B]; routing to relationship simple
[pool-3491-thread-1] INFO org.apache.nifi.processors.standard.RouteText - RouteText[id=7eed8dc2-ebc4-49da-951a-9990a8cef519] Routing FlowFile[2338,94824269620651.mockFlowFile,24B] to original
[main] DEBUG org.apache.nifi.processors.standard.RouteText - RouteText[id=7eed8dc2-ebc4-49da-951a-9990a8cef519] Adding new dynamic property: PropertyDescriptor[simple]
[pool-3492-thread-1] INFO org.apache.nifi.processors.standard.RouteText - RouteText[id=7eed8dc2-ebc4-49da-951a-9990a8cef519] Created FlowFile[2341,94824270077568.mockFlowFile,24B] from FlowFile[2340,94824270077568.mockFlowFile,24B]; routing to relationship simple
[pool-3492-thread-1] INFO org.apache.nifi.processors.standard.RouteText - RouteText[id=7eed8dc2-ebc4-49da-951a-9990a8cef519] Routing FlowFile[2340,94824270077568.mockFlowFile,24B] to original
[main] DEBUG org.apache.nifi.processors.standard.RouteText - RouteText[id=7eed8dc2-ebc4-49da-951a-9990a8cef519] Adding new dynamic property: PropertyDescriptor[simple]
[pool-3493-thread-1] INFO org.apache.nifi.processors.standard.RouteText - RouteText[id=7eed8dc2-ebc4-49da-951a-9990a8cef519] Created FlowFile[2343,94824270550135.mockFlowFile,24B] from FlowFile[2342,94824270550135.mockFlowFile,24B]; routing to relationship simple
[pool-3493-thread-1] INFO org.apache.nifi.processors.standard.RouteText - RouteText[id=7eed8dc2-ebc4-49da-951a-9990a8cef519] Routing FlowFile[2342,94824270550135.mockFlowFile,24B] to original
[main] DEBUG org.apache.nifi.processors.standard.RouteText - RouteText[id=7eed8dc2-ebc4-49da-951a-9990a8cef519] Adding new dynamic property: PropertyDescriptor[simple]
[pool-3494-thread-1] INFO org.apache.nifi.processors.standard.RouteText - RouteText[id=7eed8dc2-ebc4-49da-951a-9990a8cef519] Created FlowFile[2345,94824271030929.mockFlowFile,24B] from FlowFile[2344,94824271030929.mockFlowFile,24B]; routing to relationship simple
[pool-3494-thread-1] INFO org.apache.nifi.processors.standard.RouteText - RouteText[id=7eed8dc2-ebc4-49da-951a-9990a8cef519] Routing FlowFile[2344,94824271030929.mockFlowFile,24B] to original
[main] DEBUG org.apache.nifi.processors.standard.RouteText - RouteText[id=7eed8dc2-ebc4-49da-951a-9990a8cef519] Adding new dynamic property: PropertyDescriptor[simple]
[pool-3495-thread-1] INFO org.apache.nifi.processors.standard.RouteText - RouteText[id=7eed8dc2-ebc4-49da-951a-9990a8cef519] Created FlowFile[2347,94824271480065.mockFlowFile,24B] from FlowFile[2346,94824271480065.mockFlowFile,24B]; routing to relationship simple
[pool-3495-thread-1] INFO org.apache.nifi.processors.standard.RouteText - RouteText[id=7eed8dc2-ebc4-49da-951a-9990a8cef519] Routing FlowFile[2346,94824271480065.mockFlowFile,24B] to original
[main] DEBUG org.apache.nifi.processors.standard.RouteText - RouteText[id=7eed8dc2-ebc4-49da-951a-9990a8cef519] Adding new dynamic property: PropertyDescriptor[simple]
[pool-3496-thread-1] INFO org.apache.nifi.processors.standard.RouteText - RouteText[id=7eed8dc2-ebc4-49da-951a-9990a8cef519] Created FlowFile[2349,94824271963372.mockFlowFile,24B] from FlowFile[2348,94824271963372.mockFlowFile,24B]; routing to relationship simple
[pool-3496-thread-1] INFO org.apache.nifi.processors.standard.RouteText - RouteText[id=7eed8dc2-ebc4-49da-951a-9990a8cef519] Routing FlowFile[2348,94824271963372.mockFlowFile,24B] to original
[main] DEBUG org.apache.nifi.processors.standard.RouteText - RouteText[id=7eed8dc2-ebc4-49da-951a-9990a8cef519] Adding new dynamic property: PropertyDescriptor[simple]
[pool-3497-thread-1] INFO org.apache.nifi.processors.standard.RouteText - RouteText[id=7eed8dc2-ebc4-49da-951a-9990a8cef519] Created FlowFile[2351,94824272457121.mockFlowFile,24B] from FlowFile[2350,94824272457121.mockFlowFile,24B]; routing to relationship simple
[pool-3497-thread-1] INFO org.apache.nifi.processors.standard.RouteText - RouteText[id=7eed8dc2-ebc4-49da-951a-9990a8cef519] Routing FlowFile[2350,94824272457121.mockFlowFile,24B] to original
[main] DEBUG org.apache.nifi.processors.standard.RouteText - RouteText[id=7eed8dc2-ebc4-49da-951a-9990a8cef519] Adding new dynamic property: PropertyDescriptor[simple]
[pool-3498-thread-1] INFO org.apache.nifi.processors.standard.RouteText - RouteText[id=7eed8dc2-ebc4-49da-951a-9990a8cef519] Created FlowFile[2353,94824272918929.mockFlowFile,24B] from FlowFile[2352,94824272918929.mockFlowFile,24B]; routing to relationship simple
[pool-3498-thread-1] INFO org.apache.nifi.processors.standard.RouteText - RouteText[id=7eed8dc2-ebc4-49da-951a-9990a8cef519] Routing FlowFile[2352,94824272918929.mockFlowFile,24B] to original
[main] DEBUG org.apache.nifi.processors.standard.RouteText - RouteText[id=7eed8dc2-ebc4-49da-951a-9990a8cef519] Adding new dynamic property: PropertyDescriptor[simple]
[pool-3499-thread-1] INFO org.apache.nifi.processors.standard.RouteText - RouteText[id=7eed8dc2-ebc4-49da-951a-9990a8cef519] Created FlowFile[2355,94824273396816.mockFlowFile,24B] from FlowFile[2354,94824273396816.mockFlowFile,24B]; routing to relationship simple
[pool-3499-thread-1] INFO org.apache.nifi.processors.standard.RouteText - RouteText[id=7eed8dc2-ebc4-49da-951a-9990a8cef519] Routing FlowFile[2354,94824273396816.mockFlowFile,24B] to original
[main] DEBUG org.apache.nifi.processors.standard.RouteText - RouteText[id=7eed8dc2-ebc4-49da-951a-9990a8cef519] Adding new dynamic property: PropertyDescriptor[simple]
[pool-3500-thread-1] INFO org.apache.nifi.processors.standard.RouteText - RouteText[id=7eed8dc2-ebc4-49da-951a-9990a8cef519] Created FlowFile[2357,94824273876697.mockFlowFile,24B] from FlowFile[2356,94824273876697.mockFlowFile,24B]; routing to relationship simple
[pool-3500-thread-1] INFO org.apache.nifi.processors.standard.RouteText - RouteText[id=7eed8dc2-ebc4-49da-951a-9990a8cef519] Routing FlowFile[2356,94824273876697.mockFlowFile,24B] to original
[main] DEBUG org.apache.nifi.processors.standard.RouteText - RouteText[id=7eed8dc2-ebc4-49da-951a-9990a8cef519] Adding new dynamic property: PropertyDescriptor[simple]
[pool-3501-thread-1] INFO org.apache.nifi.processors.standard.RouteText - RouteText[id=7eed8dc2-ebc4-49da-951a-9990a8cef519] Created FlowFile[2359,94824274356284.mockFlowFile,24B] from FlowFile[2358,94824274356284.mockFlowFile,24B]; routing to relationship simple
[pool-3501-thread-1] INFO org.apache.nifi.processors.standard.RouteText - RouteText[id=7eed8dc2-ebc4-49da-951a-9990a8cef519] Routing FlowFile[2358,94824274356284.mockFlowFile,24B] to original
[main] DEBUG org.apache.nifi.processors.standard.RouteText - RouteText[id=7eed8dc2-ebc4-49da-951a-9990a8cef519] Adding new dynamic property: PropertyDescriptor[simple]
[pool-3502-thread-1] INFO org.apache.nifi.processors.standard.RouteText - RouteText[id=7eed8dc2-ebc4-49da-951a-9990a8cef519] Created FlowFile[2361,94824274841638.mockFlowFile,24B] from FlowFile[2360,94824274841638.mockFlowFile,24B]; routing to relationship simple
[pool-3502-thread-1] INFO org.apache.nifi.processors.standard.RouteText - RouteText[id=7eed8dc2-ebc4-49da-951a-9990a8cef519] Routing FlowFile[2360,94824274841638.mockFlowFile,24B] to original
[main] DEBUG org.apache.nifi.processors.standard.RouteText - RouteText[id=7eed8dc2-ebc4-49da-951a-9990a8cef519] Adding new dynamic property: PropertyDescriptor[simple]
[pool-3503-thread-1] INFO org.apache.nifi.processors.standard.RouteText - RouteText[id=7eed8dc2-ebc4-49da-951a-9990a8cef519] Created FlowFile[2363,94824275349669.mockFlowFile,24B] from FlowFile[2362,94824275349669.mockFlowFile,24B]; routing to relationship simple
[pool-3503-thread-1] INFO org.apache.nifi.processors.standard.RouteText - RouteText[id=7eed8dc2-ebc4-49da-951a-9990a8cef519] Routing FlowFile[2362,94824275349669.mockFlowFile,24B] to original
[main] DEBUG org.apache.nifi.processors.standard.RouteText - RouteText[id=7eed8dc2-ebc4-49da-951a-9990a8cef519] Adding new dynamic property: PropertyDescriptor[simple]
[pool-3504-thread-1] INFO org.apache.nifi.processors.standard.RouteText - RouteText[id=7eed8dc2-ebc4-49da-951a-9990a8cef519] Created FlowFile[2365,94824275811581.mockFlowFile,24B] from FlowFile[2364,94824275811581.mockFlowFile,24B]; routing to relationship simple
[pool-3504-thread-1] INFO org.apache.nifi.processors.standard.RouteText - RouteText[id=7eed8dc2-ebc4-49da-951a-9990a8cef519] Routing FlowFile[2364,94824275811581.mockFlowFile,24B] to original
[main] DEBUG org.apache.nifi.processors.standard.RouteText - RouteText[id=7eed8dc2-ebc4-49da-951a-9990a8cef519] Adding new dynamic property: PropertyDescriptor[simple]
[pool-3505-thread-1] INFO org.apache.nifi.processors.standard.RouteText - RouteText[id=7eed8dc2-ebc4-49da-951a-9990a8cef519] Created FlowFile[2367,94824276288855.mockFlowFile,24B] from FlowFile[2366,94824276288855.mockFlowFile,24B]; routing to relationship simple
[pool-3505-thread-1] INFO org.apache.nifi.processors.standard.RouteText - RouteText[id=7eed8dc2-ebc4-49da-951a-9990a8cef519] Routing FlowFile[2366,94824276288855.mockFlowFile,24B] to original
[main] DEBUG org.apache.nifi.processors.standard.RouteText - RouteText[id=7eed8dc2-ebc4-49da-951a-9990a8cef519] Adding new dynamic property: PropertyDescriptor[simple]
[pool-3506-thread-1] INFO org.apache.nifi.processors.standard.RouteText - RouteText[id=7eed8dc2-ebc4-49da-951a-9990a8cef519] Created FlowFile[2369,94824276754702.mockFlowFile,24B] from FlowFile[2368,94824276754702.mockFlowFile,24B]; routing to relationship simple
[pool-3506-thread-1] INFO org.apache.nifi.processors.standard.RouteText - RouteText[id=7eed8dc2-ebc4-49da-951a-9990a8cef519] Routing FlowFile[2368,94824276754702.mockFlowFile,24B] to original
[main] DEBUG org.apache.nifi.processors.standard.RouteText - RouteText[id=7eed8dc2-ebc4-49da-951a-9990a8cef519] Adding new dynamic property: PropertyDescriptor[simple]
[pool-3507-thread-1] INFO org.apache.nifi.processors.standard.RouteText - RouteText[id=7eed8dc2-ebc4-49da-951a-9990a8cef519] Created FlowFile[2371,94824277213480.mockFlowFile,24B] from FlowFile[2370,94824277213480.mockFlowFile,24B]; routing to relationship simple
[pool-3507-thread-1] INFO org.apache.nifi.processors.standard.RouteText - RouteText[id=7eed8dc2-ebc4-49da-951a-9990a8cef519] Routing FlowFile[2370,94824277213480.mockFlowFile,24B] to original
[main] DEBUG org.apache.nifi.processors.standard.RouteText - RouteText[id=7eed8dc2-ebc4-49da-951a-9990a8cef519] Adding new dynamic property: PropertyDescriptor[simple]
[pool-3508-thread-1] INFO org.apache.nifi.processors.standard.RouteText - RouteText[id=7eed8dc2-ebc4-49da-951a-9990a8cef519] Created FlowFile[2373,94824277681792.mockFlowFile,24B] from FlowFile[2372,94824277681792.mockFlowFile,24B]; routing to relationship simple
[pool-3508-thread-1] INFO org.apache.nifi.processors.standard.RouteText - RouteText[id=7eed8dc2-ebc4-49da-951a-9990a8cef519] Routing FlowFile[2372,94824277681792.mockFlowFile,24B] to original
[main] DEBUG org.apache.nifi.processors.standard.RouteText - RouteText[id=7eed8dc2-ebc4-49da-951a-9990a8cef519] Adding new dynamic property: PropertyDescriptor[simple]
[pool-3509-thread-1] INFO org.apache.nifi.processors.standard.RouteText - RouteText[id=7eed8dc2-ebc4-49da-951a-9990a8cef519] Created FlowFile[2375,94824278137015.mockFlowFile,24B] from FlowFile[2374,94824278137015.mockFlowFile,24B]; routing to relationship simple
[pool-3509-thread-1] INFO org.apache.nifi.processors.standard.RouteText - RouteText[id=7eed8dc2-ebc4-49da-951a-9990a8cef519] Routing FlowFile[2374,94824278137015.mockFlowFile,24B] to original
[main] DEBUG org.apache.nifi.processors.standard.RouteText - RouteText[id=7eed8dc2-ebc4-49da-951a-9990a8cef519] Adding new dynamic property: PropertyDescriptor[simple]
[pool-3510-thread-1] INFO org.apache.nifi.processors.standard.RouteText - RouteText[id=7eed8dc2-ebc4-49da-951a-9990a8cef519] Created FlowFile[2377,94824278609307.mockFlowFile,24B] from FlowFile[2376,94824278609307.mockFlowFile,24B]; routing to relationship simple
[pool-3510-thread-1] INFO org.apache.nifi.processors.standard.RouteText - RouteText[id=7eed8dc2-ebc4-49da-951a-9990a8cef519] Routing FlowFile[2376,94824278609307.mockFlowFile,24B] to original
[main] DEBUG org.apache.nifi.processors.standard.RouteText - RouteText[id=7eed8dc2-ebc4-49da-951a-9990a8cef519] Adding new dynamic property: PropertyDescriptor[simple]
[pool-3511-thread-1] INFO org.apache.nifi.processors.standard.RouteText - RouteText[id=7eed8dc2-ebc4-49da-951a-9990a8cef519] Created FlowFile[2379,94824279092677.mockFlowFile,24B] from FlowFile[2378,94824279092677.mockFlowFile,24B]; routing to relationship simple
[pool-3511-thread-1] INFO org.apache.nifi.processors.standard.RouteText - RouteText[id=7eed8dc2-ebc4-49da-951a-9990a8cef519] Routing FlowFile[2378,94824279092677.mockFlowFile,24B] to original
[main] DEBUG org.apache.nifi.processors.standard.RouteText - RouteText[id=7eed8dc2-ebc4-49da-951a-9990a8cef519] Adding new dynamic property: PropertyDescriptor[simple]
[pool-3512-thread-1] INFO org.apache.nifi.processors.standard.RouteText - RouteText[id=7eed8dc2-ebc4-49da-951a-9990a8cef519] Created FlowFile[2381,94824279518128.mockFlowFile,24B] from FlowFile[2380,94824279518128.mockFlowFile,24B]; routing to relationship simple
[pool-3512-thread-1] INFO org.apache.nifi.processors.standard.RouteText - RouteText[id=7eed8dc2-ebc4-49da-951a-9990a8cef519] Routing FlowFile[2380,94824279518128.mockFlowFile,24B] to original
[main] DEBUG org.apache.nifi.processors.standard.RouteText - RouteText[id=7eed8dc2-ebc4-49da-951a-9990a8cef519] Adding new dynamic property: PropertyDescriptor[simple]
[pool-3513-thread-1] INFO org.apache.nifi.processors.standard.RouteText - RouteText[id=7eed8dc2-ebc4-49da-951a-9990a8cef519] Created FlowFile[2383,94824279971947.mockFlowFile,24B] from FlowFile[2382,94824279971947.mockFlowFile,24B]; routing to relationship simple
[pool-3513-thread-1] INFO org.apache.nifi.processors.standard.RouteText - RouteText[id=7eed8dc2-ebc4-49da-951a-9990a8cef519] Routing FlowFile[2382,94824279971947.mockFlowFile,24B] to original
[main] DEBUG org.apache.nifi.processors.standard.RouteText - RouteText[id=7eed8dc2-ebc4-49da-951a-9990a8cef519] Adding new dynamic property: PropertyDescriptor[simple]
[pool-3514-thread-1] INFO org.apache.nifi.processors.standard.RouteText - RouteText[id=7eed8dc2-ebc4-49da-951a-9990a8cef519] Created FlowFile[2385,94824280503606.mockFlowFile,24B] from FlowFile[2384,94824280503606.mockFlowFile,24B]; routing to relationship simple
[pool-3514-thread-1] INFO org.apache.nifi.processors.standard.RouteText - RouteText[id=7eed8dc2-ebc4-49da-951a-9990a8cef519] Routing FlowFile[2384,94824280503606.mockFlowFile,24B] to original
[main] DEBUG org.apache.nifi.processors.standard.RouteText - RouteText[id=7eed8dc2-ebc4-49da-951a-9990a8cef519] Adding new dynamic property: PropertyDescriptor[simple]
[pool-3515-thread-1] INFO org.apache.nifi.processors.standard.RouteText - RouteText[id=7eed8dc2-ebc4-49da-951a-9990a8cef519] Created FlowFile[2387,94824280982742.mockFlowFile,24B] from FlowFile[2386,94824280982742.mockFlowFile,24B]; routing to relationship simple
[pool-3515-thread-1] INFO org.apache.nifi.processors.standard.RouteText - RouteText[id=7eed8dc2-ebc4-49da-951a-9990a8cef519] Routing FlowFile[2386,94824280982742.mockFlowFile,24B] to original
[main] DEBUG org.apache.nifi.processors.standard.RouteText - RouteText[id=7eed8dc2-ebc4-49da-951a-9990a8cef519] Adding new dynamic property: PropertyDescriptor[simple]
[pool-3516-thread-1] INFO org.apache.nifi.processors.standard.RouteText - RouteText[id=7eed8dc2-ebc4-49da-951a-9990a8cef519] Created FlowFile[2389,94824281451846.mockFlowFile,24B] from FlowFile[2388,94824281451846.mockFlowFile,24B]; routing to relationship simple
[pool-3516-thread-1] INFO org.apache.nifi.processors.standard.RouteText - RouteText[id=7eed8dc2-ebc4-49da-951a-9990a8cef519] Routing FlowFile[2388,94824281451846.mockFlowFile,24B] to original
[main] DEBUG org.apache.nifi.processors.standard.RouteText - RouteText[id=7eed8dc2-ebc4-49da-951a-9990a8cef519] Adding new dynamic property: PropertyDescriptor[simple]
[pool-3517-thread-1] INFO org.apache.nifi.processors.standard.RouteText - RouteText[id=7eed8dc2-ebc4-49da-951a-9990a8cef519] Created FlowFile[2391,94824281907136.mockFlowFile,24B] from FlowFile[2390,94824281907136.mockFlowFile,24B]; routing to relationship simple
[pool-3517-thread-1] INFO org.apache.nifi.processors.standard.RouteText - RouteText[id=7eed8dc2-ebc4-49da-951a-9990a8cef519] Routing FlowFile[2390,94824281907136.mockFlowFile,24B] to original
[main] DEBUG org.apache.nifi.processors.standard.RouteText - RouteText[id=7eed8dc2-ebc4-49da-951a-9990a8cef519] Adding new dynamic property: PropertyDescriptor[simple]
[pool-3518-thread-1] INFO org.apache.nifi.processors.standard.RouteText - RouteText[id=7eed8dc2-ebc4-49da-951a-9990a8cef519] Created FlowFile[2393,94824282358156.mockFlowFile,24B] from FlowFile[2392,94824282358156.mockFlowFile,24B]; routing to relationship simple
[pool-3518-thread-1] INFO org.apache.nifi.processors.standard.RouteText - RouteText[id=7eed8dc2-ebc4-49da-951a-9990a8cef519] Routing FlowFile[2392,94824282358156.mockFlowFile,24B] to original
[main] DEBUG org.apache.nifi.processors.standard.RouteText - RouteText[id=7eed8dc2-ebc4-49da-951a-9990a8cef519] Adding new dynamic property: PropertyDescriptor[simple]
[pool-3519-thread-1] INFO org.apache.nifi.processors.standard.RouteText - RouteText[id=7eed8dc2-ebc4-49da-951a-9990a8cef519] Created FlowFile[2395,94824282774341.mockFlowFile,24B] from FlowFile[2394,94824282774341.mockFlowFile,24B]; routing to relationship simple
[pool-3519-thread-1] INFO org.apache.nifi.processors.standard.RouteText - RouteText[id=7eed8dc2-ebc4-49da-951a-9990a8cef519] Routing FlowFile[2394,94824282774341.mockFlowFile,24B] to original
[main] DEBUG org.apache.nifi.processors.standard.RouteText - RouteText[id=7eed8dc2-ebc4-49da-951a-9990a8cef519] Adding new dynamic property: PropertyDescriptor[simple]
[pool-3520-thread-1] INFO org.apache.nifi.processors.standard.RouteText - RouteText[id=7eed8dc2-ebc4-49da-951a-9990a8cef519] Created FlowFile[2397,94824283181988.mockFlowFile,24B] from FlowFile[2396,94824283181988.mockFlowFile,24B]; routing to relationship simple
[pool-3520-thread-1] INFO org.apache.nifi.processors.standard.RouteText - RouteText[id=7eed8dc2-ebc4-49da-951a-9990a8cef519] Routing FlowFile[2396,94824283181988.mockFlowFile,24B] to original
[main] DEBUG org.apache.nifi.processors.standard.RouteText - RouteText[id=7eed8dc2-ebc4-49da-951a-9990a8cef519] Adding new dynamic property: PropertyDescriptor[simple]
[pool-3521-thread-1] INFO org.apache.nifi.processors.standard.RouteText - RouteText[id=7eed8dc2-ebc4-49da-951a-9990a8cef519] Created FlowFile[2399,94824283547699.mockFlowFile,24B] from FlowFile[2398,94824283547699.mockFlowFile,24B]; routing to relationship simple
[pool-3521-thread-1] INFO org.apache.nifi.processors.standard.RouteText - RouteText[id=7eed8dc2-ebc4-49da-951a-9990a8cef519] Routing FlowFile[2398,94824283547699.mockFlowFile,24B] to original
[main] DEBUG org.apache.nifi.processors.standard.RouteText - RouteText[id=7eed8dc2-ebc4-49da-951a-9990a8cef519] Adding new dynamic property: PropertyDescriptor[simple]
[pool-3522-thread-1] INFO org.apache.nifi.processors.standard.RouteText - RouteText[id=7eed8dc2-ebc4-49da-951a-9990a8cef519] Created FlowFile[2401,94824283982011.mockFlowFile,24B] from FlowFile[2400,94824283982011.mockFlowFile,24B]; routing to relationship simple
[pool-3522-thread-1] INFO org.apache.nifi.processors.standard.RouteText - RouteText[id=7eed8dc2-ebc4-49da-951a-9990a8cef519] Routing FlowFile[2400,94824283982011.mockFlowFile,24B] to original
[main] DEBUG org.apache.nifi.processors.standard.RouteText - RouteText[id=7eed8dc2-ebc4-49da-951a-9990a8cef519] Adding new dynamic property: PropertyDescriptor[simple]
[pool-3523-thread-1] INFO org.apache.nifi.processors.standard.RouteText - RouteText[id=7eed8dc2-ebc4-49da-951a-9990a8cef519] Created FlowFile[2403,94824284437944.mockFlowFile,24B] from FlowFile[2402,94824284437944.mockFlowFile,24B]; routing to relationship simple
[pool-3523-thread-1] INFO org.apache.nifi.processors.standard.RouteText - RouteText[id=7eed8dc2-ebc4-49da-951a-9990a8cef519] Routing FlowFile[2402,94824284437944.mockFlowFile,24B] to original
[main] DEBUG org.apache.nifi.processors.standard.RouteText - RouteText[id=7eed8dc2-ebc4-49da-951a-9990a8cef519] Adding new dynamic property: PropertyDescriptor[simple]
[pool-3524-thread-1] INFO org.apache.nifi.processors.standard.RouteText - RouteText[id=7eed8dc2-ebc4-49da-951a-9990a8cef519] Created FlowFile[2405,94824284878076.mockFlowFile,24B] from FlowFile[2404,94824284878076.mockFlowFile,24B]; routing to relationship simple
[pool-3524-thread-1] INFO org.apache.nifi.processors.standard.RouteText - RouteText[id=7eed8dc2-ebc4-49da-951a-9990a8cef519] Routing FlowFile[2404,94824284878076.mockFlowFile,24B] to original
[main] DEBUG org.apache.nifi.processors.standard.RouteText - RouteText[id=7eed8dc2-ebc4-49da-951a-9990a8cef519] Adding new dynamic property: PropertyDescriptor[simple]
[pool-3525-thread-1] INFO org.apache.nifi.processors.standard.RouteText - RouteText[id=7eed8dc2-ebc4-49da-951a-9990a8cef519] Created FlowFile[2407,94824285348117.mockFlowFile,24B] from FlowFile[2406,94824285348117.mockFlowFile,24B]; routing to relationship simple
[pool-3525-thread-1] INFO org.apache.nifi.processors.standard.RouteText - RouteText[id=7eed8dc2-ebc4-49da-951a-9990a8cef519] Routing FlowFile[2406,94824285348117.mockFlowFile,24B] to original
[main] DEBUG org.apache.nifi.processors.standard.RouteText - RouteText[id=7eed8dc2-ebc4-49da-951a-9990a8cef519] Adding new dynamic property: PropertyDescriptor[simple]
[pool-3526-thread-1] INFO org.apache.nifi.processors.standard.RouteText - RouteText[id=7eed8dc2-ebc4-49da-951a-9990a8cef519] Created FlowFile[2409,94824285809369.mockFlowFile,24B] from FlowFile[2408,94824285809369.mockFlowFile,24B]; routing to relationship simple
[pool-3526-thread-1] INFO org.apache.nifi.processors.standard.RouteText - RouteText[id=7eed8dc2-ebc4-49da-951a-9990a8cef519] Routing FlowFile[2408,94824285809369.mockFlowFile,24B] to original
[main] DEBUG org.apache.nifi.processors.standard.RouteText - RouteText[id=7eed8dc2-ebc4-49da-951a-9990a8cef519] Adding new dynamic property: PropertyDescriptor[simple]
[pool-3527-thread-1] INFO org.apache.nifi.processors.standard.RouteText - RouteText[id=7eed8dc2-ebc4-49da-951a-9990a8cef519] Created FlowFile[2411,94824286282878.mockFlowFile,24B] from FlowFile[2410,94824286282878.mockFlowFile,24B]; routing to relationship simple
[pool-3527-thread-1] INFO org.apache.nifi.processors.standard.RouteText - RouteText[id=7eed8dc2-ebc4-49da-951a-9990a8cef519] Routing FlowFile[2410,94824286282878.mockFlowFile,24B] to original
[main] DEBUG org.apache.nifi.processors.standard.RouteText - RouteText[id=7eed8dc2-ebc4-49da-951a-9990a8cef519] Adding new dynamic property: PropertyDescriptor[simple]
[pool-3528-thread-1] INFO org.apache.nifi.processors.standard.RouteText - RouteText[id=7eed8dc2-ebc4-49da-951a-9990a8cef519] Created FlowFile[2413,94824286739692.mockFlowFile,24B] from FlowFile[2412,94824286739692.mockFlowFile,24B]; routing to relationship simple
[pool-3528-thread-1] INFO org.apache.nifi.processors.standard.RouteText - RouteText[id=7eed8dc2-ebc4-49da-951a-9990a8cef519] Routing FlowFile[2412,94824286739692.mockFlowFile,24B] to original
[main] DEBUG org.apache.nifi.processors.standard.RouteText - RouteText[id=7eed8dc2-ebc4-49da-951a-9990a8cef519] Adding new dynamic property: PropertyDescriptor[simple]
[pool-3529-thread-1] INFO org.apache.nifi.processors.standard.RouteText - RouteText[id=7eed8dc2-ebc4-49da-951a-9990a8cef519] Created FlowFile[2415,94824287188997.mockFlowFile,24B] from FlowFile[2414,94824287188997.mockFlowFile,24B]; routing to relationship simple
[pool-3529-thread-1] INFO org.apache.nifi.processors.standard.RouteText - RouteText[id=7eed8dc2-ebc4-49da-951a-9990a8cef519] Routing FlowFile[2414,94824287188997.mockFlowFile,24B] to original
[main] DEBUG org.apache.nifi.processors.standard.RouteText - RouteText[id=7eed8dc2-ebc4-49da-951a-9990a8cef519] Adding new dynamic property: PropertyDescriptor[simple]
[pool-3530-thread-1] INFO org.apache.nifi.processors.standard.RouteText - RouteText[id=7eed8dc2-ebc4-49da-951a-9990a8cef519] Created FlowFile[2417,94824287657723.mockFlowFile,24B] from FlowFile[2416,94824287657723.mockFlowFile,24B]; routing to relationship simple
[pool-3530-thread-1] INFO org.apache.nifi.processors.standard.RouteText - RouteText[id=7eed8dc2-ebc4-49da-951a-9990a8cef519] Routing FlowFile[2416,94824287657723.mockFlowFile,24B] to original
[main] DEBUG org.apache.nifi.processors.standard.RouteText - RouteText[id=7eed8dc2-ebc4-49da-951a-9990a8cef519] Adding new dynamic property: PropertyDescriptor[simple]
[pool-3531-thread-1] INFO org.apache.nifi.processors.standard.RouteText - RouteText[id=7eed8dc2-ebc4-49da-951a-9990a8cef519] Created FlowFile[2419,94824288130628.mockFlowFile,24B] from FlowFile[2418,94824288130628.mockFlowFile,24B]; routing to relationship simple
[pool-3531-thread-1] INFO org.apache.nifi.processors.standard.RouteText - RouteText[id=7eed8dc2-ebc4-49da-951a-9990a8cef519] Routing FlowFile[2418,94824288130628.mockFlowFile,24B] to original
[main] DEBUG org.apache.nifi.processors.standard.RouteText - RouteText[id=7eed8dc2-ebc4-49da-951a-9990a8cef519] Adding new dynamic property: PropertyDescriptor[simple]
[pool-3532-thread-1] INFO org.apache.nifi.processors.standard.RouteText - RouteText[id=7eed8dc2-ebc4-49da-951a-9990a8cef519] Created FlowFile[2421,94824288570861.mockFlowFile,24B] from FlowFile[2420,94824288570861.mockFlowFile,24B]; routing to relationship simple
[pool-3532-thread-1] INFO org.apache.nifi.processors.standard.RouteText - RouteText[id=7eed8dc2-ebc4-49da-951a-9990a8cef519] Routing FlowFile[2420,94824288570861.mockFlowFile,24B] to original
[main] DEBUG org.apache.nifi.processors.standard.RouteText - RouteText[id=7eed8dc2-ebc4-49da-951a-9990a8cef519] Adding new dynamic property: PropertyDescriptor[simple]
[pool-3533-thread-1] INFO org.apache.nifi.processors.standard.RouteText - RouteText[id=7eed8dc2-ebc4-49da-951a-9990a8cef519] Created FlowFile[2423,94824289011764.mockFlowFile,24B] from FlowFile[2422,94824289011764.mockFlowFile,24B]; routing to relationship simple
[pool-3533-thread-1] INFO org.apache.nifi.processors.standard.RouteText - RouteText[id=7eed8dc2-ebc4-49da-951a-9990a8cef519] Routing FlowFile[2422,94824289011764.mockFlowFile,24B] to original
[main] DEBUG org.apache.nifi.processors.standard.RouteText - RouteText[id=7eed8dc2-ebc4-49da-951a-9990a8cef519] Adding new dynamic property: PropertyDescriptor[simple]
[pool-3534-thread-1] INFO org.apache.nifi.processors.standard.RouteText - RouteText[id=7eed8dc2-ebc4-49da-951a-9990a8cef519] Created FlowFile[2425,94824289452748.mockFlowFile,24B] from FlowFile[2424,94824289452748.mockFlowFile,24B]; routing to relationship simple
[pool-3534-thread-1] INFO org.apache.nifi.processors.standard.RouteText - RouteText[id=7eed8dc2-ebc4-49da-951a-9990a8cef519] Routing FlowFile[2424,94824289452748.mockFlowFile,24B] to original
[main] DEBUG org.apache.nifi.processors.standard.RouteText - RouteText[id=7eed8dc2-ebc4-49da-951a-9990a8cef519] Adding new dynamic property: PropertyDescriptor[simple]
[pool-3535-thread-1] INFO org.apache.nifi.processors.standard.RouteText - RouteText[id=7eed8dc2-ebc4-49da-951a-9990a8cef519] Created FlowFile[2427,94824289971060.mockFlowFile,24B] from FlowFile[2426,94824289971060.mockFlowFile,24B]; routing to relationship simple
[pool-3535-thread-1] INFO org.apache.nifi.processors.standard.RouteText - RouteText[id=7eed8dc2-ebc4-49da-951a-9990a8cef519] Routing FlowFile[2426,94824289971060.mockFlowFile,24B] to original
[main] DEBUG org.apache.nifi.processors.standard.RouteText - RouteText[id=7eed8dc2-ebc4-49da-951a-9990a8cef519] Adding new dynamic property: PropertyDescriptor[simple]
[pool-3536-thread-1] INFO org.apache.nifi.processors.standard.RouteText - RouteText[id=7eed8dc2-ebc4-49da-951a-9990a8cef519] Created FlowFile[2429,94824290432372.mockFlowFile,24B] from FlowFile[2428,94824290432372.mockFlowFile,24B]; routing to relationship simple
[pool-3536-thread-1] INFO org.apache.nifi.processors.standard.RouteText - RouteText[id=7eed8dc2-ebc4-49da-951a-9990a8cef519] Routing FlowFile[2428,94824290432372.mockFlowFile,24B] to original
[main] DEBUG org.apache.nifi.processors.standard.RouteText - RouteText[id=7eed8dc2-ebc4-49da-951a-9990a8cef519] Adding new dynamic property: PropertyDescriptor[simple]
[pool-3537-thread-1] INFO org.apache.nifi.processors.standard.RouteText - RouteText[id=7eed8dc2-ebc4-49da-951a-9990a8cef519] Created FlowFile[2431,94824290869464.mockFlowFile,24B] from FlowFile[2430,94824290869464.mockFlowFile,24B]; routing to relationship simple
[pool-3537-thread-1] INFO org.apache.nifi.processors.standard.RouteText - RouteText[id=7eed8dc2-ebc4-49da-951a-9990a8cef519] Routing FlowFile[2430,94824290869464.mockFlowFile,24B] to original
[main] DEBUG org.apache.nifi.processors.standard.RouteText - RouteText[id=7eed8dc2-ebc4-49da-951a-9990a8cef519] Adding new dynamic property: PropertyDescriptor[simple]
[pool-3538-thread-1] INFO org.apache.nifi.processors.standard.RouteText - RouteText[id=7eed8dc2-ebc4-49da-951a-9990a8cef519] Created FlowFile[2433,94824291319917.mockFlowFile,24B] from FlowFile[2432,94824291319917.mockFlowFile,24B]; routing to relationship simple
[pool-3538-thread-1] INFO org.apache.nifi.processors.standard.RouteText - RouteText[id=7eed8dc2-ebc4-49da-951a-9990a8cef519] Routing FlowFile[2432,94824291319917.mockFlowFile,24B] to original
[main] DEBUG org.apache.nifi.processors.standard.RouteText - RouteText[id=7eed8dc2-ebc4-49da-951a-9990a8cef519] Adding new dynamic property: PropertyDescriptor[simple]
[pool-3539-thread-1] INFO org.apache.nifi.processors.standard.RouteText - RouteText[id=7eed8dc2-ebc4-49da-951a-9990a8cef519] Created FlowFile[2435,94824291760645.mockFlowFile,24B] from FlowFile[2434,94824291760645.mockFlowFile,24B]; routing to relationship simple
[pool-3539-thread-1] INFO org.apache.nifi.processors.standard.RouteText - RouteText[id=7eed8dc2-ebc4-49da-951a-9990a8cef519] Routing FlowFile[2434,94824291760645.mockFlowFile,24B] to original
[main] DEBUG org.apache.nifi.processors.standard.RouteText - RouteText[id=7eed8dc2-ebc4-49da-951a-9990a8cef519] Adding new dynamic property: PropertyDescriptor[simple]
[pool-3540-thread-1] INFO org.apache.nifi.processors.standard.RouteText - RouteText[id=7eed8dc2-ebc4-49da-951a-9990a8cef519] Created FlowFile[2437,94824292196782.mockFlowFile,24B] from FlowFile[2436,94824292196782.mockFlowFile,24B]; routing to relationship simple
[pool-3540-thread-1] INFO org.apache.nifi.processors.standard.RouteText - RouteText[id=7eed8dc2-ebc4-49da-951a-9990a8cef519] Routing FlowFile[2436,94824292196782.mockFlowFile,24B] to original
[main] DEBUG org.apache.nifi.processors.standard.RouteText - RouteText[id=7eed8dc2-ebc4-49da-951a-9990a8cef519] Adding new dynamic property: PropertyDescriptor[simple]
[pool-3541-thread-1] INFO org.apache.nifi.processors.standard.RouteText - RouteText[id=7eed8dc2-ebc4-49da-951a-9990a8cef519] Created FlowFile[2439,94824292626367.mockFlowFile,24B] from FlowFile[2438,94824292626367.mockFlowFile,24B]; routing to relationship simple
[pool-3541-thread-1] INFO org.apache.nifi.processors.standard.RouteText - RouteText[id=7eed8dc2-ebc4-49da-951a-9990a8cef519] Routing FlowFile[2438,94824292626367.mockFlowFile,24B] to original
[main] DEBUG org.apache.nifi.processors.standard.RouteText - RouteText[id=7eed8dc2-ebc4-49da-951a-9990a8cef519] Adding new dynamic property: PropertyDescriptor[simple]
[pool-3542-thread-1] INFO org.apache.nifi.processors.standard.RouteText - RouteText[id=7eed8dc2-ebc4-49da-951a-9990a8cef519] Created FlowFile[2441,94824293056109.mockFlowFile,24B] from FlowFile[2440,94824293056109.mockFlowFile,24B]; routing to relationship simple
[pool-3542-thread-1] INFO org.apache.nifi.processors.standard.RouteText - RouteText[id=7eed8dc2-ebc4-49da-951a-9990a8cef519] Routing FlowFile[2440,94824293056109.mockFlowFile,24B] to original
[main] DEBUG org.apache.nifi.processors.standard.RouteText - RouteText[id=7eed8dc2-ebc4-49da-951a-9990a8cef519] Adding new dynamic property: PropertyDescriptor[simple]
[pool-3543-thread-1] INFO org.apache.nifi.processors.standard.RouteText - RouteText[id=7eed8dc2-ebc4-49da-951a-9990a8cef519] Created FlowFile[2443,94824293496521.mockFlowFile,24B] from FlowFile[2442,94824293496521.mockFlowFile,24B]; routing to relationship simple
[pool-3543-thread-1] INFO org.apache.nifi.processors.standard.RouteText - RouteText[id=7eed8dc2-ebc4-49da-951a-9990a8cef519] Routing FlowFile[2442,94824293496521.mockFlowFile,24B] to original
[main] DEBUG org.apache.nifi.processors.standard.RouteText - RouteText[id=7eed8dc2-ebc4-49da-951a-9990a8cef519] Adding new dynamic property: PropertyDescriptor[simple]
[pool-3544-thread-1] INFO org.apache.nifi.processors.standard.RouteText - RouteText[id=7eed8dc2-ebc4-49da-951a-9990a8cef519] Created FlowFile[2445,94824293934778.mockFlowFile,24B] from FlowFile[2444,94824293934778.mockFlowFile,24B]; routing to relationship simple
[pool-3544-thread-1] INFO org.apache.nifi.processors.standard.RouteText - RouteText[id=7eed8dc2-ebc4-49da-951a-9990a8cef519] Routing FlowFile[2444,94824293934778.mockFlowFile,24B] to original
[main] DEBUG org.apache.nifi.processors.standard.RouteText - RouteText[id=7eed8dc2-ebc4-49da-951a-9990a8cef519] Adding new dynamic property: PropertyDescriptor[simple]
[pool-3545-thread-1] INFO org.apache.nifi.processors.standard.RouteText - RouteText[id=7eed8dc2-ebc4-49da-951a-9990a8cef519] Created FlowFile[2447,94824294369486.mockFlowFile,24B] from FlowFile[2446,94824294369486.mockFlowFile,24B]; routing to relationship simple
[pool-3545-thread-1] INFO org.apache.nifi.processors.standard.RouteText - RouteText[id=7eed8dc2-ebc4-49da-951a-9990a8cef519] Routing FlowFile[2446,94824294369486.mockFlowFile,24B] to original
[main] DEBUG org.apache.nifi.processors.standard.RouteText - RouteText[id=7eed8dc2-ebc4-49da-951a-9990a8cef519] Adding new dynamic property: PropertyDescriptor[simple]
[pool-3546-thread-1] INFO org.apache.nifi.processors.standard.RouteText - RouteText[id=7eed8dc2-ebc4-49da-951a-9990a8cef519] Created FlowFile[2449,94824294837173.mockFlowFile,24B] from FlowFile[2448,94824294837173.mockFlowFile,24B]; routing to relationship simple
[pool-3546-thread-1] INFO org.apache.nifi.processors.standard.RouteText - RouteText[id=7eed8dc2-ebc4-49da-951a-9990a8cef519] Routing FlowFile[2448,94824294837173.mockFlowFile,24B] to original
[main] DEBUG org.apache.nifi.processors.standard.RouteText - RouteText[id=7eed8dc2-ebc4-49da-951a-9990a8cef519] Adding new dynamic property: PropertyDescriptor[simple]
[pool-3547-thread-1] INFO org.apache.nifi.processors.standard.RouteText - RouteText[id=7eed8dc2-ebc4-49da-951a-9990a8cef519] Created FlowFile[2451,94824295284633.mockFlowFile,24B] from FlowFile[2450,94824295284633.mockFlowFile,24B]; routing to relationship simple
[pool-3547-thread-1] INFO org.apache.nifi.processors.standard.RouteText - RouteText[id=7eed8dc2-ebc4-49da-951a-9990a8cef519] Routing FlowFile[2450,94824295284633.mockFlowFile,24B] to original
[main] DEBUG org.apache.nifi.processors.standard.RouteText - RouteText[id=7eed8dc2-ebc4-49da-951a-9990a8cef519] Adding new dynamic property: PropertyDescriptor[simple]
[pool-3548-thread-1] INFO org.apache.nifi.processors.standard.RouteText - RouteText[id=7eed8dc2-ebc4-49da-951a-9990a8cef519] Created FlowFile[2453,94824295737891.mockFlowFile,24B] from FlowFile[2452,94824295737891.mockFlowFile,24B]; routing to relationship simple
[pool-3548-thread-1] INFO org.apache.nifi.processors.standard.RouteText - RouteText[id=7eed8dc2-ebc4-49da-951a-9990a8cef519] Routing FlowFile[2452,94824295737891.mockFlowFile,24B] to original
[main] DEBUG org.apache.nifi.processors.standard.RouteText - RouteText[id=7eed8dc2-ebc4-49da-951a-9990a8cef519] Adding new dynamic property: PropertyDescriptor[simple]
[pool-3549-thread-1] INFO org.apache.nifi.processors.standard.RouteText - RouteText[id=7eed8dc2-ebc4-49da-951a-9990a8cef519] Created FlowFile[2455,94824296195028.mockFlowFile,24B] from FlowFile[2454,94824296195028.mockFlowFile,24B]; routing to relationship simple
[pool-3549-thread-1] INFO org.apache.nifi.processors.standard.RouteText - RouteText[id=7eed8dc2-ebc4-49da-951a-9990a8cef519] Routing FlowFile[2454,94824296195028.mockFlowFile,24B] to original
[main] DEBUG org.apache.nifi.processors.standard.RouteText - RouteText[id=7eed8dc2-ebc4-49da-951a-9990a8cef519] Adding new dynamic property: PropertyDescriptor[simple]
[pool-3550-thread-1] INFO org.apache.nifi.processors.standard.RouteText - RouteText[id=7eed8dc2-ebc4-49da-951a-9990a8cef519] Created FlowFile[2457,94824296620854.mockFlowFile,24B] from FlowFile[2456,94824296620854.mockFlowFile,24B]; routing to relationship simple
[pool-3550-thread-1] INFO org.apache.nifi.processors.standard.RouteText - RouteText[id=7eed8dc2-ebc4-49da-951a-9990a8cef519] Routing FlowFile[2456,94824296620854.mockFlowFile,24B] to original
[main] DEBUG org.apache.nifi.processors.standard.RouteText - RouteText[id=7eed8dc2-ebc4-49da-951a-9990a8cef519] Adding new dynamic property: PropertyDescriptor[simple]
[pool-3551-thread-1] INFO org.apache.nifi.processors.standard.RouteText - RouteText[id=7eed8dc2-ebc4-49da-951a-9990a8cef519] Created FlowFile[2459,94824297071398.mockFlowFile,24B] from FlowFile[2458,94824297071398.mockFlowFile,24B]; routing to relationship simple
[pool-3551-thread-1] INFO org.apache.nifi.processors.standard.RouteText - RouteText[id=7eed8dc2-ebc4-49da-951a-9990a8cef519] Routing FlowFile[2458,94824297071398.mockFlowFile,24B] to original
[main] DEBUG org.apache.nifi.processors.standard.RouteText - RouteText[id=7eed8dc2-ebc4-49da-951a-9990a8cef519] Adding new dynamic property: PropertyDescriptor[simple]
[pool-3552-thread-1] INFO org.apache.nifi.processors.standard.RouteText - RouteText[id=7eed8dc2-ebc4-49da-951a-9990a8cef519] Created FlowFile[2461,94824297520180.mockFlowFile,24B] from FlowFile[2460,94824297520180.mockFlowFile,24B]; routing to relationship simple
[pool-3552-thread-1] INFO org.apache.nifi.processors.standard.RouteText - RouteText[id=7eed8dc2-ebc4-49da-951a-9990a8cef519] Routing FlowFile[2460,94824297520180.mockFlowFile,24B] to original
[main] DEBUG org.apache.nifi.processors.standard.RouteText - RouteText[id=7eed8dc2-ebc4-49da-951a-9990a8cef519] Adding new dynamic property: PropertyDescriptor[simple]
[pool-3553-thread-1] INFO org.apache.nifi.processors.standard.RouteText - RouteText[id=7eed8dc2-ebc4-49da-951a-9990a8cef519] Created FlowFile[2463,94824297952310.mockFlowFile,24B] from FlowFile[2462,94824297952310.mockFlowFile,24B]; routing to relationship simple
[pool-3553-thread-1] INFO org.apache.nifi.processors.standard.RouteText - RouteText[id=7eed8dc2-ebc4-49da-951a-9990a8cef519] Routing FlowFile[2462,94824297952310.mockFlowFile,24B] to original
[main] DEBUG org.apache.nifi.processors.standard.RouteText - RouteText[id=7eed8dc2-ebc4-49da-951a-9990a8cef519] Adding new dynamic property: PropertyDescriptor[simple]
[pool-3554-thread-1] INFO org.apache.nifi.processors.standard.RouteText - RouteText[id=7eed8dc2-ebc4-49da-951a-9990a8cef519] Created FlowFile[2465,94824298399566.mockFlowFile,24B] from FlowFile[2464,94824298399566.mockFlowFile,24B]; routing to relationship simple
[pool-3554-thread-1] INFO org.apache.nifi.processors.standard.RouteText - RouteText[id=7eed8dc2-ebc4-49da-951a-9990a8cef519] Routing FlowFile[2464,94824298399566.mockFlowFile,24B] to original
[main] DEBUG org.apache.nifi.processors.standard.RouteText - RouteText[id=7eed8dc2-ebc4-49da-951a-9990a8cef519] Adding new dynamic property: PropertyDescriptor[simple]
[pool-3555-thread-1] INFO org.apache.nifi.processors.standard.RouteText - RouteText[id=7eed8dc2-ebc4-49da-951a-9990a8cef519] Created FlowFile[2467,94824298859271.mockFlowFile,24B] from FlowFile[2466,94824298859271.mockFlowFile,24B]; routing to relationship simple
[pool-3555-thread-1] INFO org.apache.nifi.processors.standard.RouteText - RouteText[id=7eed8dc2-ebc4-49da-951a-9990a8cef519] Routing FlowFile[2466,94824298859271.mockFlowFile,24B] to original
[main] DEBUG org.apache.nifi.processors.standard.RouteText - RouteText[id=7eed8dc2-ebc4-49da-951a-9990a8cef519] Adding new dynamic property: PropertyDescriptor[simple]
[pool-3556-thread-1] INFO org.apache.nifi.processors.standard.RouteText - RouteText[id=7eed8dc2-ebc4-49da-951a-9990a8cef519] Created FlowFile[2469,94824299307091.mockFlowFile,24B] from FlowFile[2468,94824299307091.mockFlowFile,24B]; routing to relationship simple
[pool-3556-thread-1] INFO org.apache.nifi.processors.standard.RouteText - RouteText[id=7eed8dc2-ebc4-49da-951a-9990a8cef519] Routing FlowFile[2468,94824299307091.mockFlowFile,24B] to original
[main] DEBUG org.apache.nifi.processors.standard.RouteText - RouteText[id=7eed8dc2-ebc4-49da-951a-9990a8cef519] Adding new dynamic property: PropertyDescriptor[simple]
[pool-3557-thread-1] INFO org.apache.nifi.processors.standard.RouteText - RouteText[id=7eed8dc2-ebc4-49da-951a-9990a8cef519] Created FlowFile[2471,94824299753260.mockFlowFile,24B] from FlowFile[2470,94824299753260.mockFlowFile,24B]; routing to relationship simple
[pool-3557-thread-1] INFO org.apache.nifi.processors.standard.RouteText - RouteText[id=7eed8dc2-ebc4-49da-951a-9990a8cef519] Routing FlowFile[2470,94824299753260.mockFlowFile,24B] to original
[main] DEBUG org.apache.nifi.processors.standard.RouteText - RouteText[id=7eed8dc2-ebc4-49da-951a-9990a8cef519] Adding new dynamic property: PropertyDescriptor[simple]
[pool-3558-thread-1] INFO org.apache.nifi.processors.standard.RouteText - RouteText[id=7eed8dc2-ebc4-49da-951a-9990a8cef519] Created FlowFile[2473,94824300198547.mockFlowFile,24B] from FlowFile[2472,94824300198547.mockFlowFile,24B]; routing to relationship simple
[pool-3558-thread-1] INFO org.apache.nifi.processors.standard.RouteText - RouteText[id=7eed8dc2-ebc4-49da-951a-9990a8cef519] Routing FlowFile[2472,94824300198547.mockFlowFile,24B] to original
[main] DEBUG org.apache.nifi.processors.standard.RouteText - RouteText[id=7eed8dc2-ebc4-49da-951a-9990a8cef519] Adding new dynamic property: PropertyDescriptor[simple]
[pool-3559-thread-1] INFO org.apache.nifi.processors.standard.RouteText - RouteText[id=7eed8dc2-ebc4-49da-951a-9990a8cef519] Created FlowFile[2475,94824300600865.mockFlowFile,24B] from FlowFile[2474,94824300600865.mockFlowFile,24B]; routing to relationship simple
[pool-3559-thread-1] INFO org.apache.nifi.processors.standard.RouteText - RouteText[id=7eed8dc2-ebc4-49da-951a-9990a8cef519] Routing FlowFile[2474,94824300600865.mockFlowFile,24B] to original
[main] DEBUG org.apache.nifi.processors.standard.RouteText - RouteText[id=7eed8dc2-ebc4-49da-951a-9990a8cef519] Adding new dynamic property: PropertyDescriptor[simple]
[pool-3560-thread-1] INFO org.apache.nifi.processors.standard.RouteText - RouteText[id=7eed8dc2-ebc4-49da-951a-9990a8cef519] Created FlowFile[2477,94824301050403.mockFlowFile,24B] from FlowFile[2476,94824301050403.mockFlowFile,24B]; routing to relationship simple
[pool-3560-thread-1] INFO org.apache.nifi.processors.standard.RouteText - RouteText[id=7eed8dc2-ebc4-49da-951a-9990a8cef519] Routing FlowFile[2476,94824301050403.mockFlowFile,24B] to original
[main] DEBUG org.apache.nifi.processors.standard.RouteText - RouteText[id=7eed8dc2-ebc4-49da-951a-9990a8cef519] Adding new dynamic property: PropertyDescriptor[simple]
[pool-3561-thread-1] INFO org.apache.nifi.processors.standard.RouteText - RouteText[id=7eed8dc2-ebc4-49da-951a-9990a8cef519] Created FlowFile[2479,94824301508134.mockFlowFile,24B] from FlowFile[2478,94824301508134.mockFlowFile,24B]; routing to relationship simple
[pool-3561-thread-1] INFO org.apache.nifi.processors.standard.RouteText - RouteText[id=7eed8dc2-ebc4-49da-951a-9990a8cef519] Routing FlowFile[2478,94824301508134.mockFlowFile,24B] to original
[main] DEBUG org.apache.nifi.processors.standard.RouteText - RouteText[id=7eed8dc2-ebc4-49da-951a-9990a8cef519] Adding new dynamic property: PropertyDescriptor[simple]
[pool-3562-thread-1] INFO org.apache.nifi.processors.standard.RouteText - RouteText[id=7eed8dc2-ebc4-49da-951a-9990a8cef519] Created FlowFile[2481,94824301952443.mockFlowFile,24B] from FlowFile[2480,94824301952443.mockFlowFile,24B]; routing to relationship simple
[pool-3562-thread-1] INFO org.apache.nifi.processors.standard.RouteText - RouteText[id=7eed8dc2-ebc4-49da-951a-9990a8cef519] Routing FlowFile[2480,94824301952443.mockFlowFile,24B] to original
[main] DEBUG org.apache.nifi.processors.standard.RouteText - RouteText[id=7eed8dc2-ebc4-49da-951a-9990a8cef519] Adding new dynamic property: PropertyDescriptor[simple]
[pool-3563-thread-1] INFO org.apache.nifi.processors.standard.RouteText - RouteText[id=7eed8dc2-ebc4-49da-951a-9990a8cef519] Created FlowFile[2483,94824302402517.mockFlowFile,24B] from FlowFile[2482,94824302402517.mockFlowFile,24B]; routing to relationship simple
[pool-3563-thread-1] INFO org.apache.nifi.processors.standard.RouteText - RouteText[id=7eed8dc2-ebc4-49da-951a-9990a8cef519] Routing FlowFile[2482,94824302402517.mockFlowFile,24B] to original
[main] DEBUG org.apache.nifi.processors.standard.RouteText - RouteText[id=7eed8dc2-ebc4-49da-951a-9990a8cef519] Adding new dynamic property: PropertyDescriptor[simple]
[pool-3564-thread-1] INFO org.apache.nifi.processors.standard.RouteText - RouteText[id=7eed8dc2-ebc4-49da-951a-9990a8cef519] Created FlowFile[2485,94824302890607.mockFlowFile,24B] from FlowFile[2484,94824302890607.mockFlowFile,24B]; routing to relationship simple
[pool-3564-thread-1] INFO org.apache.nifi.processors.standard.RouteText - RouteText[id=7eed8dc2-ebc4-49da-951a-9990a8cef519] Routing FlowFile[2484,94824302890607.mockFlowFile,24B] to original
[main] DEBUG org.apache.nifi.processors.standard.RouteText - RouteText[id=7eed8dc2-ebc4-49da-951a-9990a8cef519] Adding new dynamic property: PropertyDescriptor[simple]
[pool-3565-thread-1] INFO org.apache.nifi.processors.standard.RouteText - RouteText[id=7eed8dc2-ebc4-49da-951a-9990a8cef519] Created FlowFile[2487,94824303377210.mockFlowFile,24B] from FlowFile[2486,94824303377210.mockFlowFile,24B]; routing to relationship simple
[pool-3565-thread-1] INFO org.apache.nifi.processors.standard.RouteText - RouteText[id=7eed8dc2-ebc4-49da-951a-9990a8cef519] Routing FlowFile[2486,94824303377210.mockFlowFile,24B] to original
[main] DEBUG org.apache.nifi.processors.standard.RouteText - RouteText[id=7eed8dc2-ebc4-49da-951a-9990a8cef519] Adding new dynamic property: PropertyDescriptor[simple]
[pool-3566-thread-1] INFO org.apache.nifi.processors.standard.RouteText - RouteText[id=7eed8dc2-ebc4-49da-951a-9990a8cef519] Created FlowFile[2489,94824303850033.mockFlowFile,24B] from FlowFile[2488,94824303850033.mockFlowFile,24B]; routing to relationship simple
[pool-3566-thread-1] INFO org.apache.nifi.processors.standard.RouteText - RouteText[id=7eed8dc2-ebc4-49da-951a-9990a8cef519] Routing FlowFile[2488,94824303850033.mockFlowFile,24B] to original
[main] DEBUG org.apache.nifi.processors.standard.RouteText - RouteText[id=7eed8dc2-ebc4-49da-951a-9990a8cef519] Adding new dynamic property: PropertyDescriptor[simple]
[pool-3567-thread-1] INFO org.apache.nifi.processors.standard.RouteText - RouteText[id=7eed8dc2-ebc4-49da-951a-9990a8cef519] Created FlowFile[2491,94824304457654.mockFlowFile,24B] from FlowFile[2490,94824304457654.mockFlowFile,24B]; routing to relationship simple
[pool-3567-thread-1] INFO org.apache.nifi.processors.standard.RouteText - RouteText[id=7eed8dc2-ebc4-49da-951a-9990a8cef519] Routing FlowFile[2490,94824304457654.mockFlowFile,24B] to original
[main] DEBUG org.apache.nifi.processors.standard.RouteText - RouteText[id=7eed8dc2-ebc4-49da-951a-9990a8cef519] Adding new dynamic property: PropertyDescriptor[simple]
[pool-3568-thread-1] INFO org.apache.nifi.processors.standard.RouteText - RouteText[id=7eed8dc2-ebc4-49da-951a-9990a8cef519] Created FlowFile[2493,94824304894061.mockFlowFile,24B] from FlowFile[2492,94824304894061.mockFlowFile,24B]; routing to relationship simple
[pool-3568-thread-1] INFO org.apache.nifi.processors.standard.RouteText - RouteText[id=7eed8dc2-ebc4-49da-951a-9990a8cef519] Routing FlowFile[2492,94824304894061.mockFlowFile,24B] to original
[main] DEBUG org.apache.nifi.processors.standard.RouteText - RouteText[id=7eed8dc2-ebc4-49da-951a-9990a8cef519] Adding new dynamic property: PropertyDescriptor[simple]
[pool-3569-thread-1] INFO org.apache.nifi.processors.standard.RouteText - RouteText[id=7eed8dc2-ebc4-49da-951a-9990a8cef519] Created FlowFile[2495,94824305390620.mockFlowFile,24B] from FlowFile[2494,94824305390620.mockFlowFile,24B]; routing to relationship simple
[pool-3569-thread-1] INFO org.apache.nifi.processors.standard.RouteText - RouteText[id=7eed8dc2-ebc4-49da-951a-9990a8cef519] Routing FlowFile[2494,94824305390620.mockFlowFile,24B] to original
[main] DEBUG org.apache.nifi.processors.standard.RouteText - RouteText[id=7eed8dc2-ebc4-49da-951a-9990a8cef519] Adding new dynamic property: PropertyDescriptor[simple]
[pool-3570-thread-1] INFO org.apache.nifi.processors.standard.RouteText - RouteText[id=7eed8dc2-ebc4-49da-951a-9990a8cef519] Created FlowFile[2497,94824305852208.mockFlowFile,24B] from FlowFile[2496,94824305852208.mockFlowFile,24B]; routing to relationship simple
[pool-3570-thread-1] INFO org.apache.nifi.processors.standard.RouteText - RouteText[id=7eed8dc2-ebc4-49da-951a-9990a8cef519] Routing FlowFile[2496,94824305852208.mockFlowFile,24B] to original
[main] DEBUG org.apache.nifi.processors.standard.RouteText - RouteText[id=7eed8dc2-ebc4-49da-951a-9990a8cef519] Adding new dynamic property: PropertyDescriptor[simple]
[pool-3571-thread-1] INFO org.apache.nifi.processors.standard.RouteText - RouteText[id=7eed8dc2-ebc4-49da-951a-9990a8cef519] Created FlowFile[2499,94824306303277.mockFlowFile,24B] from FlowFile[2498,94824306303277.mockFlowFile,24B]; routing to relationship simple
[pool-3571-thread-1] INFO org.apache.nifi.processors.standard.RouteText - RouteText[id=7eed8dc2-ebc4-49da-951a-9990a8cef519] Routing FlowFile[2498,94824306303277.mockFlowFile,24B] to original
[main] DEBUG org.apache.nifi.processors.standard.RouteText - RouteText[id=7eed8dc2-ebc4-49da-951a-9990a8cef519] Adding new dynamic property: PropertyDescriptor[simple]
[pool-3572-thread-1] INFO org.apache.nifi.processors.standard.RouteText - RouteText[id=7eed8dc2-ebc4-49da-951a-9990a8cef519] Created FlowFile[2501,94824306767654.mockFlowFile,24B] from FlowFile[2500,94824306767654.mockFlowFile,24B]; routing to relationship simple
[pool-3572-thread-1] INFO org.apache.nifi.processors.standard.RouteText - RouteText[id=7eed8dc2-ebc4-49da-951a-9990a8cef519] Routing FlowFile[2500,94824306767654.mockFlowFile,24B] to original
[main] DEBUG org.apache.nifi.processors.standard.RouteText - RouteText[id=7eed8dc2-ebc4-49da-951a-9990a8cef519] Adding new dynamic property: PropertyDescriptor[simple]
[pool-3573-thread-1] INFO org.apache.nifi.processors.standard.RouteText - RouteText[id=7eed8dc2-ebc4-49da-951a-9990a8cef519] Created FlowFile[2503,94824307296403.mockFlowFile,24B] from FlowFile[2502,94824307296403.mockFlowFile,24B]; routing to relationship simple
[pool-3573-thread-1] INFO org.apache.nifi.processors.standard.RouteText - RouteText[id=7eed8dc2-ebc4-49da-951a-9990a8cef519] Routing FlowFile[2502,94824307296403.mockFlowFile,24B] to original
[main] DEBUG org.apache.nifi.processors.standard.RouteText - RouteText[id=7eed8dc2-ebc4-49da-951a-9990a8cef519] Adding new dynamic property: PropertyDescriptor[simple]
[pool-3574-thread-1] INFO org.apache.nifi.processors.standard.RouteText - RouteText[id=7eed8dc2-ebc4-49da-951a-9990a8cef519] Created FlowFile[2505,94824307856322.mockFlowFile,24B] from FlowFile[2504,94824307856322.mockFlowFile,24B]; routing to relationship simple
[pool-3574-thread-1] INFO org.apache.nifi.processors.standard.RouteText - RouteText[id=7eed8dc2-ebc4-49da-951a-9990a8cef519] Routing FlowFile[2504,94824307856322.mockFlowFile,24B] to original
[main] DEBUG org.apache.nifi.processors.standard.RouteText - RouteText[id=7eed8dc2-ebc4-49da-951a-9990a8cef519] Adding new dynamic property: PropertyDescriptor[simple]
[pool-3575-thread-1] INFO org.apache.nifi.processors.standard.RouteText - RouteText[id=7eed8dc2-ebc4-49da-951a-9990a8cef519] Created FlowFile[2507,94824308414516.mockFlowFile,24B] from FlowFile[2506,94824308414516.mockFlowFile,24B]; routing to relationship simple
[pool-3575-thread-1] INFO org.apache.nifi.processors.standard.RouteText - RouteText[id=7eed8dc2-ebc4-49da-951a-9990a8cef519] Routing FlowFile[2506,94824308414516.mockFlowFile,24B] to original
[main] DEBUG org.apache.nifi.processors.standard.RouteText - RouteText[id=7eed8dc2-ebc4-49da-951a-9990a8cef519] Adding new dynamic property: PropertyDescriptor[simple]
[pool-3576-thread-1] INFO org.apache.nifi.processors.standard.RouteText - RouteText[id=7eed8dc2-ebc4-49da-951a-9990a8cef519] Created FlowFile[2509,94824308934183.mockFlowFile,24B] from FlowFile[2508,94824308934183.mockFlowFile,24B]; routing to relationship simple
[pool-3576-thread-1] INFO org.apache.nifi.processors.standard.RouteText - RouteText[id=7eed8dc2-ebc4-49da-951a-9990a8cef519] Routing FlowFile[2508,94824308934183.mockFlowFile,24B] to original
[main] DEBUG org.apache.nifi.processors.standard.RouteText - RouteText[id=7eed8dc2-ebc4-49da-951a-9990a8cef519] Adding new dynamic property: PropertyDescriptor[simple]
[pool-3577-thread-1] INFO org.apache.nifi.processors.standard.RouteText - RouteText[id=7eed8dc2-ebc4-49da-951a-9990a8cef519] Created FlowFile[2511,94824309353468.mockFlowFile,24B] from FlowFile[2510,94824309353468.mockFlowFile,24B]; routing to relationship simple
[pool-3577-thread-1] INFO org.apache.nifi.processors.standard.RouteText - RouteText[id=7eed8dc2-ebc4-49da-951a-9990a8cef519] Routing FlowFile[2510,94824309353468.mockFlowFile,24B] to original
[main] DEBUG org.apache.nifi.processors.standard.RouteText - RouteText[id=7eed8dc2-ebc4-49da-951a-9990a8cef519] Adding new dynamic property: PropertyDescriptor[simple]
[pool-3578-thread-1] INFO org.apache.nifi.processors.standard.RouteText - RouteText[id=7eed8dc2-ebc4-49da-951a-9990a8cef519] Created FlowFile[2513,94824309775184.mockFlowFile,24B] from FlowFile[2512,94824309775184.mockFlowFile,24B]; routing to relationship simple
[pool-3578-thread-1] INFO org.apache.nifi.processors.standard.RouteText - RouteText[id=7eed8dc2-ebc4-49da-951a-9990a8cef519] Routing FlowFile[2512,94824309775184.mockFlowFile,24B] to original
[main] DEBUG org.apache.nifi.processors.standard.RouteText - RouteText[id=7eed8dc2-ebc4-49da-951a-9990a8cef519] Adding new dynamic property: PropertyDescriptor[simple]
[pool-3579-thread-1] INFO org.apache.nifi.processors.standard.RouteText - RouteText[id=7eed8dc2-ebc4-49da-951a-9990a8cef519] Created FlowFile[2515,94824310167031.mockFlowFile,24B] from FlowFile[2514,94824310167031.mockFlowFile,24B]; routing to relationship simple
[pool-3579-thread-1] INFO org.apache.nifi.processors.standard.RouteText - RouteText[id=7eed8dc2-ebc4-49da-951a-9990a8cef519] Routing FlowFile[2514,94824310167031.mockFlowFile,24B] to original
[main] DEBUG org.apache.nifi.processors.standard.RouteText - RouteText[id=7eed8dc2-ebc4-49da-951a-9990a8cef519] Adding new dynamic property: PropertyDescriptor[simple]
[pool-3580-thread-1] INFO org.apache.nifi.processors.standard.RouteText - RouteText[id=7eed8dc2-ebc4-49da-951a-9990a8cef519] Created FlowFile[2517,94824310739143.mockFlowFile,24B] from FlowFile[2516,94824310739143.mockFlowFile,24B]; routing to relationship simple
[pool-3580-thread-1] INFO org.apache.nifi.processors.standard.RouteText - RouteText[id=7eed8dc2-ebc4-49da-951a-9990a8cef519] Routing FlowFile[2516,94824310739143.mockFlowFile,24B] to original
[main] DEBUG org.apache.nifi.processors.standard.RouteText - RouteText[id=7eed8dc2-ebc4-49da-951a-9990a8cef519] Adding new dynamic property: PropertyDescriptor[simple]
[pool-3581-thread-1] INFO org.apache.nifi.processors.standard.RouteText - RouteText[id=7eed8dc2-ebc4-49da-951a-9990a8cef519] Created FlowFile[2519,94824311305806.mockFlowFile,24B] from FlowFile[2518,94824311305806.mockFlowFile,24B]; routing to relationship simple
[pool-3581-thread-1] INFO org.apache.nifi.processors.standard.RouteText - RouteText[id=7eed8dc2-ebc4-49da-951a-9990a8cef519] Routing FlowFile[2518,94824311305806.mockFlowFile,24B] to original
[main] DEBUG org.apache.nifi.processors.standard.RouteText - RouteText[id=7eed8dc2-ebc4-49da-951a-9990a8cef519] Adding new dynamic property: PropertyDescriptor[simple]
[pool-3582-thread-1] INFO org.apache.nifi.processors.standard.RouteText - RouteText[id=7eed8dc2-ebc4-49da-951a-9990a8cef519] Created FlowFile[2521,94824311830037.mockFlowFile,24B] from FlowFile[2520,94824311830037.mockFlowFile,24B]; routing to relationship simple
[pool-3582-thread-1] INFO org.apache.nifi.processors.standard.RouteText - RouteText[id=7eed8dc2-ebc4-49da-951a-9990a8cef519] Routing FlowFile[2520,94824311830037.mockFlowFile,24B] to original
[main] DEBUG org.apache.nifi.processors.standard.RouteText - RouteText[id=7eed8dc2-ebc4-49da-951a-9990a8cef519] Adding new dynamic property: PropertyDescriptor[simple]
[pool-3583-thread-1] INFO org.apache.nifi.processors.standard.RouteText - RouteText[id=7eed8dc2-ebc4-49da-951a-9990a8cef519] Created FlowFile[2523,94824312383558.mockFlowFile,24B] from FlowFile[2522,94824312383558.mockFlowFile,24B]; routing to relationship simple
[pool-3583-thread-1] INFO org.apache.nifi.processors.standard.RouteText - RouteText[id=7eed8dc2-ebc4-49da-951a-9990a8cef519] Routing FlowFile[2522,94824312383558.mockFlowFile,24B] to original
[main] DEBUG org.apache.nifi.processors.standard.RouteText - RouteText[id=7eed8dc2-ebc4-49da-951a-9990a8cef519] Adding new dynamic property: PropertyDescriptor[simple]
[pool-3584-thread-1] INFO org.apache.nifi.processors.standard.RouteText - RouteText[id=7eed8dc2-ebc4-49da-951a-9990a8cef519] Created FlowFile[2525,94824312910204.mockFlowFile,24B] from FlowFile[2524,94824312910204.mockFlowFile,24B]; routing to relationship simple
[pool-3584-thread-1] INFO org.apache.nifi.processors.standard.RouteText - RouteText[id=7eed8dc2-ebc4-49da-951a-9990a8cef519] Routing FlowFile[2524,94824312910204.mockFlowFile,24B] to original
[main] DEBUG org.apache.nifi.processors.standard.RouteText - RouteText[id=7eed8dc2-ebc4-49da-951a-9990a8cef519] Adding new dynamic property: PropertyDescriptor[simple]
[pool-3585-thread-1] INFO org.apache.nifi.processors.standard.RouteText - RouteText[id=7eed8dc2-ebc4-49da-951a-9990a8cef519] Created FlowFile[2527,94824313430311.mockFlowFile,24B] from FlowFile[2526,94824313430311.mockFlowFile,24B]; routing to relationship simple
[pool-3585-thread-1] INFO org.apache.nifi.processors.standard.RouteText - RouteText[id=7eed8dc2-ebc4-49da-951a-9990a8cef519] Routing FlowFile[2526,94824313430311.mockFlowFile,24B] to original
[main] DEBUG org.apache.nifi.processors.standard.RouteText - RouteText[id=7eed8dc2-ebc4-49da-951a-9990a8cef519] Adding new dynamic property: PropertyDescriptor[simple]
[pool-3586-thread-1] INFO org.apache.nifi.processors.standard.RouteText - RouteText[id=7eed8dc2-ebc4-49da-951a-9990a8cef519] Created FlowFile[2529,94824313860149.mockFlowFile,24B] from FlowFile[2528,94824313860149.mockFlowFile,24B]; routing to relationship simple
[pool-3586-thread-1] INFO org.apache.nifi.processors.standard.RouteText - RouteText[id=7eed8dc2-ebc4-49da-951a-9990a8cef519] Routing FlowFile[2528,94824313860149.mockFlowFile,24B] to original
[main] DEBUG org.apache.nifi.processors.standard.RouteText - RouteText[id=7eed8dc2-ebc4-49da-951a-9990a8cef519] Adding new dynamic property: PropertyDescriptor[simple]
[pool-3587-thread-1] INFO org.apache.nifi.processors.standard.RouteText - RouteText[id=7eed8dc2-ebc4-49da-951a-9990a8cef519] Created FlowFile[2531,94824314267822.mockFlowFile,24B] from FlowFile[2530,94824314267822.mockFlowFile,24B]; routing to relationship simple
[pool-3587-thread-1] INFO org.apache.nifi.processors.standard.RouteText - RouteText[id=7eed8dc2-ebc4-49da-951a-9990a8cef519] Routing FlowFile[2530,94824314267822.mockFlowFile,24B] to original
[main] DEBUG org.apache.nifi.processors.standard.RouteText - RouteText[id=7eed8dc2-ebc4-49da-951a-9990a8cef519] Adding new dynamic property: PropertyDescriptor[simple]
[pool-3588-thread-1] INFO org.apache.nifi.processors.standard.RouteText - RouteText[id=7eed8dc2-ebc4-49da-951a-9990a8cef519] Created FlowFile[2533,94824314673935.mockFlowFile,24B] from FlowFile[2532,94824314673935.mockFlowFile,24B]; routing to relationship simple
[pool-3588-thread-1] INFO org.apache.nifi.processors.standard.RouteText - RouteText[id=7eed8dc2-ebc4-49da-951a-9990a8cef519] Routing FlowFile[2532,94824314673935.mockFlowFile,24B] to original
[main] DEBUG org.apache.nifi.processors.standard.RouteText - RouteText[id=7eed8dc2-ebc4-49da-951a-9990a8cef519] Adding new dynamic property: PropertyDescriptor[simple]
[pool-3589-thread-1] INFO org.apache.nifi.processors.standard.RouteText - RouteText[id=7eed8dc2-ebc4-49da-951a-9990a8cef519] Created FlowFile[2535,94824315117015.mockFlowFile,24B] from FlowFile[2534,94824315117015.mockFlowFile,24B]; routing to relationship simple
[pool-3589-thread-1] INFO org.apache.nifi.processors.standard.RouteText - RouteText[id=7eed8dc2-ebc4-49da-951a-9990a8cef519] Routing FlowFile[2534,94824315117015.mockFlowFile,24B] to original
[main] DEBUG org.apache.nifi.processors.standard.RouteText - RouteText[id=7eed8dc2-ebc4-49da-951a-9990a8cef519] Adding new dynamic property: PropertyDescriptor[simple]
[pool-3590-thread-1] INFO org.apache.nifi.processors.standard.RouteText - RouteText[id=7eed8dc2-ebc4-49da-951a-9990a8cef519] Created FlowFile[2537,94824315781537.mockFlowFile,24B] from FlowFile[2536,94824315781537.mockFlowFile,24B]; routing to relationship simple
[pool-3590-thread-1] INFO org.apache.nifi.processors.standard.RouteText - RouteText[id=7eed8dc2-ebc4-49da-951a-9990a8cef519] Routing FlowFile[2536,94824315781537.mockFlowFile,24B] to original
[main] DEBUG org.apache.nifi.processors.standard.RouteText - RouteText[id=7eed8dc2-ebc4-49da-951a-9990a8cef519] Adding new dynamic property: PropertyDescriptor[simple]
[pool-3591-thread-1] INFO org.apache.nifi.processors.standard.RouteText - RouteText[id=7eed8dc2-ebc4-49da-951a-9990a8cef519] Created FlowFile[2539,94824316341301.mockFlowFile,24B] from FlowFile[2538,94824316341301.mockFlowFile,24B]; routing to relationship simple
[pool-3591-thread-1] INFO org.apache.nifi.processors.standard.RouteText - RouteText[id=7eed8dc2-ebc4-49da-951a-9990a8cef519] Routing FlowFile[2538,94824316341301.mockFlowFile,24B] to original
[main] DEBUG org.apache.nifi.processors.standard.RouteText - RouteText[id=7eed8dc2-ebc4-49da-951a-9990a8cef519] Adding new dynamic property: PropertyDescriptor[simple]
[pool-3592-thread-1] INFO org.apache.nifi.processors.standard.RouteText - RouteText[id=7eed8dc2-ebc4-49da-951a-9990a8cef519] Created FlowFile[2541,94824316954609.mockFlowFile,24B] from FlowFile[2540,94824316954609.mockFlowFile,24B]; routing to relationship simple
[pool-3592-thread-1] INFO org.apache.nifi.processors.standard.RouteText - RouteText[id=7eed8dc2-ebc4-49da-951a-9990a8cef519] Routing FlowFile[2540,94824316954609.mockFlowFile,24B] to original
[main] DEBUG org.apache.nifi.processors.standard.RouteText - RouteText[id=7eed8dc2-ebc4-49da-951a-9990a8cef519] Adding new dynamic property: PropertyDescriptor[simple]
[pool-3593-thread-1] INFO org.apache.nifi.processors.standard.RouteText - RouteText[id=7eed8dc2-ebc4-49da-951a-9990a8cef519] Created FlowFile[2543,94824317435233.mockFlowFile,24B] from FlowFile[2542,94824317435233.mockFlowFile,24B]; routing to relationship simple
[pool-3593-thread-1] INFO org.apache.nifi.processors.standard.RouteText - RouteText[id=7eed8dc2-ebc4-49da-951a-9990a8cef519] Routing FlowFile[2542,94824317435233.mockFlowFile,24B] to original
[main] DEBUG org.apache.nifi.processors.standard.RouteText - RouteText[id=7eed8dc2-ebc4-49da-951a-9990a8cef519] Adding new dynamic property: PropertyDescriptor[simple]
[pool-3594-thread-1] INFO org.apache.nifi.processors.standard.RouteText - RouteText[id=7eed8dc2-ebc4-49da-951a-9990a8cef519] Created FlowFile[2545,94824317849680.mockFlowFile,24B] from FlowFile[2544,94824317849680.mockFlowFile,24B]; routing to relationship simple
[pool-3594-thread-1] INFO org.apache.nifi.processors.standard.RouteText - RouteText[id=7eed8dc2-ebc4-49da-951a-9990a8cef519] Routing FlowFile[2544,94824317849680.mockFlowFile,24B] to original
[main] DEBUG org.apache.nifi.processors.standard.RouteText - RouteText[id=7eed8dc2-ebc4-49da-951a-9990a8cef519] Adding new dynamic property: PropertyDescriptor[simple]
[pool-3595-thread-1] INFO org.apache.nifi.processors.standard.RouteText - RouteText[id=7eed8dc2-ebc4-49da-951a-9990a8cef519] Created FlowFile[2547,94824318303350.mockFlowFile,24B] from FlowFile[2546,94824318303350.mockFlowFile,24B]; routing to relationship simple
[pool-3595-thread-1] INFO org.apache.nifi.processors.standard.RouteText - RouteText[id=7eed8dc2-ebc4-49da-951a-9990a8cef519] Routing FlowFile[2546,94824318303350.mockFlowFile,24B] to original
[main] DEBUG org.apache.nifi.processors.standard.RouteText - RouteText[id=7eed8dc2-ebc4-49da-951a-9990a8cef519] Adding new dynamic property: PropertyDescriptor[simple]
[pool-3596-thread-1] INFO org.apache.nifi.processors.standard.RouteText - RouteText[id=7eed8dc2-ebc4-49da-951a-9990a8cef519] Created FlowFile[2549,94824318736885.mockFlowFile,24B] from FlowFile[2548,94824318736885.mockFlowFile,24B]; routing to relationship simple
[pool-3596-thread-1] INFO org.apache.nifi.processors.standard.RouteText - RouteText[id=7eed8dc2-ebc4-49da-951a-9990a8cef519] Routing FlowFile[2548,94824318736885.mockFlowFile,24B] to original
[main] DEBUG org.apache.nifi.processors.standard.RouteText - RouteText[id=7eed8dc2-ebc4-49da-951a-9990a8cef519] Adding new dynamic property: PropertyDescriptor[simple]
[pool-3597-thread-1] INFO org.apache.nifi.processors.standard.RouteText - RouteText[id=7eed8dc2-ebc4-49da-951a-9990a8cef519] Created FlowFile[2551,94824319136814.mockFlowFile,24B] from FlowFile[2550,94824319136814.mockFlowFile,24B]; routing to relationship simple
[pool-3597-thread-1] INFO org.apache.nifi.processors.standard.RouteText - RouteText[id=7eed8dc2-ebc4-49da-951a-9990a8cef519] Routing FlowFile[2550,94824319136814.mockFlowFile,24B] to original
[main] DEBUG org.apache.nifi.processors.standard.RouteText - RouteText[id=7eed8dc2-ebc4-49da-951a-9990a8cef519] Adding new dynamic property: PropertyDescriptor[simple]
[pool-3598-thread-1] INFO org.apache.nifi.processors.standard.RouteText - RouteText[id=7eed8dc2-ebc4-49da-951a-9990a8cef519] Created FlowFile[2553,94824319655082.mockFlowFile,24B] from FlowFile[2552,94824319655082.mockFlowFile,24B]; routing to relationship simple
[pool-3598-thread-1] INFO org.apache.nifi.processors.standard.RouteText - RouteText[id=7eed8dc2-ebc4-49da-951a-9990a8cef519] Routing FlowFile[2552,94824319655082.mockFlowFile,24B] to original
[main] DEBUG org.apache.nifi.processors.standard.RouteText - RouteText[id=7eed8dc2-ebc4-49da-951a-9990a8cef519] Adding new dynamic property: PropertyDescriptor[simple]
[pool-3599-thread-1] INFO org.apache.nifi.processors.standard.RouteText - RouteText[id=7eed8dc2-ebc4-49da-951a-9990a8cef519] Created FlowFile[2555,94824320207706.mockFlowFile,24B] from FlowFile[2554,94824320207706.mockFlowFile,24B]; routing to relationship simple
[pool-3599-thread-1] INFO org.apache.nifi.processors.standard.RouteText - RouteText[id=7eed8dc2-ebc4-49da-951a-9990a8cef519] Routing FlowFile[2554,94824320207706.mockFlowFile,24B] to original
[main] DEBUG org.apache.nifi.processors.standard.RouteText - RouteText[id=7eed8dc2-ebc4-49da-951a-9990a8cef519] Adding new dynamic property: PropertyDescriptor[simple]
[pool-3600-thread-1] INFO org.apache.nifi.processors.standard.RouteText - RouteText[id=7eed8dc2-ebc4-49da-951a-9990a8cef519] Created FlowFile[2557,94824320792386.mockFlowFile,24B] from FlowFile[2556,94824320792386.mockFlowFile,24B]; routing to relationship simple
[pool-3600-thread-1] INFO org.apache.nifi.processors.standard.RouteText - RouteText[id=7eed8dc2-ebc4-49da-951a-9990a8cef519] Routing FlowFile[2556,94824320792386.mockFlowFile,24B] to original
[main] DEBUG org.apache.nifi.processors.standard.RouteText - RouteText[id=7eed8dc2-ebc4-49da-951a-9990a8cef519] Adding new dynamic property: PropertyDescriptor[simple]
[pool-3601-thread-1] INFO org.apache.nifi.processors.standard.RouteText - RouteText[id=7eed8dc2-ebc4-49da-951a-9990a8cef519] Created FlowFile[2559,94824321380250.mockFlowFile,24B] from FlowFile[2558,94824321380250.mockFlowFile,24B]; routing to relationship simple
[pool-3601-thread-1] INFO org.apache.nifi.processors.standard.RouteText - RouteText[id=7eed8dc2-ebc4-49da-951a-9990a8cef519] Routing FlowFile[2558,94824321380250.mockFlowFile,24B] to original
[main] DEBUG org.apache.nifi.processors.standard.RouteText - RouteText[id=7eed8dc2-ebc4-49da-951a-9990a8cef519] Adding new dynamic property: PropertyDescriptor[simple]
[pool-3602-thread-1] INFO org.apache.nifi.processors.standard.RouteText - RouteText[id=7eed8dc2-ebc4-49da-951a-9990a8cef519] Created FlowFile[2561,94824322463365.mockFlowFile,24B] from FlowFile[2560,94824322463365.mockFlowFile,24B]; routing to relationship simple
[pool-3602-thread-1] INFO org.apache.nifi.processors.standard.RouteText - RouteText[id=7eed8dc2-ebc4-49da-951a-9990a8cef519] Routing FlowFile[2560,94824322463365.mockFlowFile,24B] to original
[main] DEBUG org.apache.nifi.processors.standard.RouteText - RouteText[id=7eed8dc2-ebc4-49da-951a-9990a8cef519] Adding new dynamic property: PropertyDescriptor[simple]
[pool-3603-thread-1] INFO org.apache.nifi.processors.standard.RouteText - RouteText[id=7eed8dc2-ebc4-49da-951a-9990a8cef519] Created FlowFile[2563,94824323178979.mockFlowFile,24B] from FlowFile[2562,94824323178979.mockFlowFile,24B]; routing to relationship simple
[pool-3603-thread-1] INFO org.apache.nifi.processors.standard.RouteText - RouteText[id=7eed8dc2-ebc4-49da-951a-9990a8cef519] Routing FlowFile[2562,94824323178979.mockFlowFile,24B] to original
[main] DEBUG org.apache.nifi.processors.standard.RouteText - RouteText[id=7eed8dc2-ebc4-49da-951a-9990a8cef519] Adding new dynamic property: PropertyDescriptor[simple]
[pool-3604-thread-1] INFO org.apache.nifi.processors.standard.RouteText - RouteText[id=7eed8dc2-ebc4-49da-951a-9990a8cef519] Created FlowFile[2565,94824323779477.mockFlowFile,24B] from FlowFile[2564,94824323779477.mockFlowFile,24B]; routing to relationship simple
[pool-3604-thread-1] INFO org.apache.nifi.processors.standard.RouteText - RouteText[id=7eed8dc2-ebc4-49da-951a-9990a8cef519] Routing FlowFile[2564,94824323779477.mockFlowFile,24B] to original
[main] DEBUG org.apache.nifi.processors.standard.RouteText - RouteText[id=7eed8dc2-ebc4-49da-951a-9990a8cef519] Adding new dynamic property: PropertyDescriptor[simple]
[pool-3605-thread-1] INFO org.apache.nifi.processors.standard.RouteText - RouteText[id=7eed8dc2-ebc4-49da-951a-9990a8cef519] Created FlowFile[2567,94824324533960.mockFlowFile,24B] from FlowFile[2566,94824324533960.mockFlowFile,24B]; routing to relationship simple
[pool-3605-thread-1] INFO org.apache.nifi.processors.standard.RouteText - RouteText[id=7eed8dc2-ebc4-49da-951a-9990a8cef519] Routing FlowFile[2566,94824324533960.mockFlowFile,24B] to original
[main] DEBUG org.apache.nifi.processors.standard.RouteText - RouteText[id=7eed8dc2-ebc4-49da-951a-9990a8cef519] Adding new dynamic property: PropertyDescriptor[simple]
[pool-3606-thread-1] INFO org.apache.nifi.processors.standard.RouteText - RouteText[id=7eed8dc2-ebc4-49da-951a-9990a8cef519] Created FlowFile[2569,94824325040016.mockFlowFile,24B] from FlowFile[2568,94824325040016.mockFlowFile,24B]; routing to relationship simple
[pool-3606-thread-1] INFO org.apache.nifi.processors.standard.RouteText - RouteText[id=7eed8dc2-ebc4-49da-951a-9990a8cef519] Routing FlowFile[2568,94824325040016.mockFlowFile,24B] to original
[main] DEBUG org.apache.nifi.processors.standard.RouteText - RouteText[id=7eed8dc2-ebc4-49da-951a-9990a8cef519] Adding new dynamic property: PropertyDescriptor[simple]
[pool-3607-thread-1] INFO org.apache.nifi.processors.standard.RouteText - RouteText[id=7eed8dc2-ebc4-49da-951a-9990a8cef519] Created FlowFile[2571,94824325466426.mockFlowFile,24B] from FlowFile[2570,94824325466426.mockFlowFile,24B]; routing to relationship simple
[pool-3607-thread-1] INFO org.apache.nifi.processors.standard.RouteText - RouteText[id=7eed8dc2-ebc4-49da-951a-9990a8cef519] Routing FlowFile[2570,94824325466426.mockFlowFile,24B] to original
[main] DEBUG org.apache.nifi.processors.standard.RouteText - RouteText[id=7eed8dc2-ebc4-49da-951a-9990a8cef519] Adding new dynamic property: PropertyDescriptor[simple]
[pool-3608-thread-1] INFO org.apache.nifi.processors.standard.RouteText - RouteText[id=7eed8dc2-ebc4-49da-951a-9990a8cef519] Created FlowFile[2573,94824325849615.mockFlowFile,24B] from FlowFile[2572,94824325849615.mockFlowFile,24B]; routing to relationship simple
[pool-3608-thread-1] INFO org.apache.nifi.processors.standard.RouteText - RouteText[id=7eed8dc2-ebc4-49da-951a-9990a8cef519] Routing FlowFile[2572,94824325849615.mockFlowFile,24B] to original
[main] DEBUG org.apache.nifi.processors.standard.RouteText - RouteText[id=7eed8dc2-ebc4-49da-951a-9990a8cef519] Adding new dynamic property: PropertyDescriptor[simple]
[pool-3609-thread-1] INFO org.apache.nifi.processors.standard.RouteText - RouteText[id=7eed8dc2-ebc4-49da-951a-9990a8cef519] Created FlowFile[2575,94824326224530.mockFlowFile,24B] from FlowFile[2574,94824326224530.mockFlowFile,24B]; routing to relationship simple
[pool-3609-thread-1] INFO org.apache.nifi.processors.standard.RouteText - RouteText[id=7eed8dc2-ebc4-49da-951a-9990a8cef519] Routing FlowFile[2574,94824326224530.mockFlowFile,24B] to original
[main] DEBUG org.apache.nifi.processors.standard.RouteText - RouteText[id=7eed8dc2-ebc4-49da-951a-9990a8cef519] Adding new dynamic property: PropertyDescriptor[simple]
[pool-3610-thread-1] INFO org.apache.nifi.processors.standard.RouteText - RouteText[id=7eed8dc2-ebc4-49da-951a-9990a8cef519] Created FlowFile[2577,94824326622582.mockFlowFile,24B] from FlowFile[2576,94824326622582.mockFlowFile,24B]; routing to relationship simple
[pool-3610-thread-1] INFO org.apache.nifi.processors.standard.RouteText - RouteText[id=7eed8dc2-ebc4-49da-951a-9990a8cef519] Routing FlowFile[2576,94824326622582.mockFlowFile,24B] to original
[main] DEBUG org.apache.nifi.processors.standard.RouteText - RouteText[id=7eed8dc2-ebc4-49da-951a-9990a8cef519] Adding new dynamic property: PropertyDescriptor[simple]
[pool-3611-thread-1] INFO org.apache.nifi.processors.standard.RouteText - RouteText[id=7eed8dc2-ebc4-49da-951a-9990a8cef519] Created FlowFile[2579,94824327010558.mockFlowFile,24B] from FlowFile[2578,94824327010558.mockFlowFile,24B]; routing to relationship simple
[pool-3611-thread-1] INFO org.apache.nifi.processors.standard.RouteText - RouteText[id=7eed8dc2-ebc4-49da-951a-9990a8cef519] Routing FlowFile[2578,94824327010558.mockFlowFile,24B] to original
[main] DEBUG org.apache.nifi.processors.standard.RouteText - RouteText[id=7eed8dc2-ebc4-49da-951a-9990a8cef519] Adding new dynamic property: PropertyDescriptor[simple]
[pool-3612-thread-1] INFO org.apache.nifi.processors.standard.RouteText - RouteText[id=7eed8dc2-ebc4-49da-951a-9990a8cef519] Created FlowFile[2581,94824327394806.mockFlowFile,24B] from FlowFile[2580,94824327394806.mockFlowFile,24B]; routing to relationship simple
[pool-3612-thread-1] INFO org.apache.nifi.processors.standard.RouteText - RouteText[id=7eed8dc2-ebc4-49da-951a-9990a8cef519] Routing FlowFile[2580,94824327394806.mockFlowFile,24B] to original
[main] DEBUG org.apache.nifi.processors.standard.RouteText - RouteText[id=7eed8dc2-ebc4-49da-951a-9990a8cef519] Adding new dynamic property: PropertyDescriptor[simple]
[pool-3613-thread-1] INFO org.apache.nifi.processors.standard.RouteText - RouteText[id=7eed8dc2-ebc4-49da-951a-9990a8cef519] Created FlowFile[2583,94824327824098.mockFlowFile,24B] from FlowFile[2582,94824327824098.mockFlowFile,24B]; routing to relationship simple
[pool-3613-thread-1] INFO org.apache.nifi.processors.standard.RouteText - RouteText[id=7eed8dc2-ebc4-49da-951a-9990a8cef519] Routing FlowFile[2582,94824327824098.mockFlowFile,24B] to original
[main] DEBUG org.apache.nifi.processors.standard.RouteText - RouteText[id=7eed8dc2-ebc4-49da-951a-9990a8cef519] Adding new dynamic property: PropertyDescriptor[simple]
[pool-3614-thread-1] INFO org.apache.nifi.processors.standard.RouteText - RouteText[id=7eed8dc2-ebc4-49da-951a-9990a8cef519] Created FlowFile[2585,94824328257378.mockFlowFile,24B] from FlowFile[2584,94824328257378.mockFlowFile,24B]; routing to relationship simple
[pool-3614-thread-1] INFO org.apache.nifi.processors.standard.RouteText - RouteText[id=7eed8dc2-ebc4-49da-951a-9990a8cef519] Routing FlowFile[2584,94824328257378.mockFlowFile,24B] to original
[main] DEBUG org.apache.nifi.processors.standard.RouteText - RouteText[id=7eed8dc2-ebc4-49da-951a-9990a8cef519] Adding new dynamic property: PropertyDescriptor[simple]
[pool-3615-thread-1] INFO org.apache.nifi.processors.standard.RouteText - RouteText[id=7eed8dc2-ebc4-49da-951a-9990a8cef519] Created FlowFile[2587,94824328649134.mockFlowFile,24B] from FlowFile[2586,94824328649134.mockFlowFile,24B]; routing to relationship simple
[pool-3615-thread-1] INFO org.apache.nifi.processors.standard.RouteText - RouteText[id=7eed8dc2-ebc4-49da-951a-9990a8cef519] Routing FlowFile[2586,94824328649134.mockFlowFile,24B] to original
[main] DEBUG org.apache.nifi.processors.standard.RouteText - RouteText[id=7eed8dc2-ebc4-49da-951a-9990a8cef519] Adding new dynamic property: PropertyDescriptor[simple]
[pool-3616-thread-1] INFO org.apache.nifi.processors.standard.RouteText - RouteText[id=7eed8dc2-ebc4-49da-951a-9990a8cef519] Created FlowFile[2589,94824329062547.mockFlowFile,24B] from FlowFile[2588,94824329062547.mockFlowFile,24B]; routing to relationship simple
[pool-3616-thread-1] INFO org.apache.nifi.processors.standard.RouteText - RouteText[id=7eed8dc2-ebc4-49da-951a-9990a8cef519] Routing FlowFile[2588,94824329062547.mockFlowFile,24B] to original
[main] DEBUG org.apache.nifi.processors.standard.RouteText - RouteText[id=7eed8dc2-ebc4-49da-951a-9990a8cef519] Adding new dynamic property: PropertyDescriptor[simple]
[pool-3617-thread-1] INFO org.apache.nifi.processors.standard.RouteText - RouteText[id=7eed8dc2-ebc4-49da-951a-9990a8cef519] Created FlowFile[2591,94824329449424.mockFlowFile,24B] from FlowFile[2590,94824329449424.mockFlowFile,24B]; routing to relationship simple
[pool-3617-thread-1] INFO org.apache.nifi.processors.standard.RouteText - RouteText[id=7eed8dc2-ebc4-49da-951a-9990a8cef519] Routing FlowFile[2590,94824329449424.mockFlowFile,24B] to original
[main] DEBUG org.apache.nifi.processors.standard.RouteText - RouteText[id=7eed8dc2-ebc4-49da-951a-9990a8cef519] Adding new dynamic property: PropertyDescriptor[simple]
[pool-3618-thread-1] INFO org.apache.nifi.processors.standard.RouteText - RouteText[id=7eed8dc2-ebc4-49da-951a-9990a8cef519] Created FlowFile[2593,94824329890661.mockFlowFile,24B] from FlowFile[2592,94824329890661.mockFlowFile,24B]; routing to relationship simple
[pool-3618-thread-1] INFO org.apache.nifi.processors.standard.RouteText - RouteText[id=7eed8dc2-ebc4-49da-951a-9990a8cef519] Routing FlowFile[2592,94824329890661.mockFlowFile,24B] to original
[main] DEBUG org.apache.nifi.processors.standard.RouteText - RouteText[id=7eed8dc2-ebc4-49da-951a-9990a8cef519] Adding new dynamic property: PropertyDescriptor[simple]
[pool-3619-thread-1] INFO org.apache.nifi.processors.standard.RouteText - RouteText[id=7eed8dc2-ebc4-49da-951a-9990a8cef519] Created FlowFile[2595,94824330327694.mockFlowFile,24B] from FlowFile[2594,94824330327694.mockFlowFile,24B]; routing to relationship simple
[pool-3619-thread-1] INFO org.apache.nifi.processors.standard.RouteText - RouteText[id=7eed8dc2-ebc4-49da-951a-9990a8cef519] Routing FlowFile[2594,94824330327694.mockFlowFile,24B] to original
[main] DEBUG org.apache.nifi.processors.standard.RouteText - RouteText[id=7eed8dc2-ebc4-49da-951a-9990a8cef519] Adding new dynamic property: PropertyDescriptor[simple]
[pool-3620-thread-1] INFO org.apache.nifi.processors.standard.RouteText - RouteText[id=7eed8dc2-ebc4-49da-951a-9990a8cef519] Created FlowFile[2597,94824330748968.mockFlowFile,24B] from FlowFile[2596,94824330748968.mockFlowFile,24B]; routing to relationship simple
[pool-3620-thread-1] INFO org.apache.nifi.processors.standard.RouteText - RouteText[id=7eed8dc2-ebc4-49da-951a-9990a8cef519] Routing FlowFile[2596,94824330748968.mockFlowFile,24B] to original
[main] DEBUG org.apache.nifi.processors.standard.RouteText - RouteText[id=7eed8dc2-ebc4-49da-951a-9990a8cef519] Adding new dynamic property: PropertyDescriptor[simple]
[pool-3621-thread-1] INFO org.apache.nifi.processors.standard.RouteText - RouteText[id=7eed8dc2-ebc4-49da-951a-9990a8cef519] Created FlowFile[2599,94824331179102.mockFlowFile,24B] from FlowFile[2598,94824331179102.mockFlowFile,24B]; routing to relationship simple
[pool-3621-thread-1] INFO org.apache.nifi.processors.standard.RouteText - RouteText[id=7eed8dc2-ebc4-49da-951a-9990a8cef519] Routing FlowFile[2598,94824331179102.mockFlowFile,24B] to original
[main] DEBUG org.apache.nifi.processors.standard.RouteText - RouteText[id=7eed8dc2-ebc4-49da-951a-9990a8cef519] Adding new dynamic property: PropertyDescriptor[simple]
[pool-3622-thread-1] INFO org.apache.nifi.processors.standard.RouteText - RouteText[id=7eed8dc2-ebc4-49da-951a-9990a8cef519] Created FlowFile[2601,94824331576836.mockFlowFile,24B] from FlowFile[2600,94824331576836.mockFlowFile,24B]; routing to relationship simple
[pool-3622-thread-1] INFO org.apache.nifi.processors.standard.RouteText - RouteText[id=7eed8dc2-ebc4-49da-951a-9990a8cef519] Routing FlowFile[2600,94824331576836.mockFlowFile,24B] to original
[main] DEBUG org.apache.nifi.processors.standard.RouteText - RouteText[id=7eed8dc2-ebc4-49da-951a-9990a8cef519] Adding new dynamic property: PropertyDescriptor[simple]
[pool-3623-thread-1] INFO org.apache.nifi.processors.standard.RouteText - RouteText[id=7eed8dc2-ebc4-49da-951a-9990a8cef519] Created FlowFile[2603,94824332018794.mockFlowFile,24B] from FlowFile[2602,94824332018794.mockFlowFile,24B]; routing to relationship simple
[pool-3623-thread-1] INFO org.apache.nifi.processors.standard.RouteText - RouteText[id=7eed8dc2-ebc4-49da-951a-9990a8cef519] Routing FlowFile[2602,94824332018794.mockFlowFile,24B] to original
[main] DEBUG org.apache.nifi.processors.standard.RouteText - RouteText[id=7eed8dc2-ebc4-49da-951a-9990a8cef519] Adding new dynamic property: PropertyDescriptor[simple]
[pool-3624-thread-1] INFO org.apache.nifi.processors.standard.RouteText - RouteText[id=7eed8dc2-ebc4-49da-951a-9990a8cef519] Created FlowFile[2605,94824332462381.mockFlowFile,24B] from FlowFile[2604,94824332462381.mockFlowFile,24B]; routing to relationship simple
[pool-3624-thread-1] INFO org.apache.nifi.processors.standard.RouteText - RouteText[id=7eed8dc2-ebc4-49da-951a-9990a8cef519] Routing FlowFile[2604,94824332462381.mockFlowFile,24B] to original
[main] DEBUG org.apache.nifi.processors.standard.RouteText - RouteText[id=7eed8dc2-ebc4-49da-951a-9990a8cef519] Adding new dynamic property: PropertyDescriptor[simple]
[pool-3625-thread-1] INFO org.apache.nifi.processors.standard.RouteText - RouteText[id=7eed8dc2-ebc4-49da-951a-9990a8cef519] Created FlowFile[2607,94824332896552.mockFlowFile,24B] from FlowFile[2606,94824332896552.mockFlowFile,24B]; routing to relationship simple
[pool-3625-thread-1] INFO org.apache.nifi.processors.standard.RouteText - RouteText[id=7eed8dc2-ebc4-49da-951a-9990a8cef519] Routing FlowFile[2606,94824332896552.mockFlowFile,24B] to original
[main] DEBUG org.apache.nifi.processors.standard.RouteText - RouteText[id=7eed8dc2-ebc4-49da-951a-9990a8cef519] Adding new dynamic property: PropertyDescriptor[simple]
[pool-3626-thread-1] INFO org.apache.nifi.processors.standard.RouteText - RouteText[id=7eed8dc2-ebc4-49da-951a-9990a8cef519] Created FlowFile[2609,94824333408125.mockFlowFile,24B] from FlowFile[2608,94824333408125.mockFlowFile,24B]; routing to relationship simple
[pool-3626-thread-1] INFO org.apache.nifi.processors.standard.RouteText - RouteText[id=7eed8dc2-ebc4-49da-951a-9990a8cef519] Routing FlowFile[2608,94824333408125.mockFlowFile,24B] to original
[main] DEBUG org.apache.nifi.processors.standard.RouteText - RouteText[id=7eed8dc2-ebc4-49da-951a-9990a8cef519] Adding new dynamic property: PropertyDescriptor[simple]
[pool-3627-thread-1] INFO org.apache.nifi.processors.standard.RouteText - RouteText[id=7eed8dc2-ebc4-49da-951a-9990a8cef519] Created FlowFile[2611,94824333864409.mockFlowFile,24B] from FlowFile[2610,94824333864409.mockFlowFile,24B]; routing to relationship simple
[pool-3627-thread-1] INFO org.apache.nifi.processors.standard.RouteText - RouteText[id=7eed8dc2-ebc4-49da-951a-9990a8cef519] Routing FlowFile[2610,94824333864409.mockFlowFile,24B] to original
[main] DEBUG org.apache.nifi.processors.standard.RouteText - RouteText[id=7eed8dc2-ebc4-49da-951a-9990a8cef519] Adding new dynamic property: PropertyDescriptor[simple]
[pool-3628-thread-1] INFO org.apache.nifi.processors.standard.RouteText - RouteText[id=7eed8dc2-ebc4-49da-951a-9990a8cef519] Created FlowFile[2613,94824334342357.mockFlowFile,24B] from FlowFile[2612,94824334342357.mockFlowFile,24B]; routing to relationship simple
[pool-3628-thread-1] INFO org.apache.nifi.processors.standard.RouteText - RouteText[id=7eed8dc2-ebc4-49da-951a-9990a8cef519] Routing FlowFile[2612,94824334342357.mockFlowFile,24B] to original
[main] DEBUG org.apache.nifi.processors.standard.RouteText - RouteText[id=7eed8dc2-ebc4-49da-951a-9990a8cef519] Adding new dynamic property: PropertyDescriptor[simple]
[pool-3629-thread-1] INFO org.apache.nifi.processors.standard.RouteText - RouteText[id=7eed8dc2-ebc4-49da-951a-9990a8cef519] Created FlowFile[2615,94824334783393.mockFlowFile,24B] from FlowFile[2614,94824334783393.mockFlowFile,24B]; routing to relationship simple
[pool-3629-thread-1] INFO org.apache.nifi.processors.standard.RouteText - RouteText[id=7eed8dc2-ebc4-49da-951a-9990a8cef519] Routing FlowFile[2614,94824334783393.mockFlowFile,24B] to original
[main] DEBUG org.apache.nifi.processors.standard.RouteText - RouteText[id=7eed8dc2-ebc4-49da-951a-9990a8cef519] Adding new dynamic property: PropertyDescriptor[simple]
[pool-3630-thread-1] INFO org.apache.nifi.processors.standard.RouteText - RouteText[id=7eed8dc2-ebc4-49da-951a-9990a8cef519] Created FlowFile[2617,94824335267969.mockFlowFile,24B] from FlowFile[2616,94824335267969.mockFlowFile,24B]; routing to relationship simple
[pool-3630-thread-1] INFO org.apache.nifi.processors.standard.RouteText - RouteText[id=7eed8dc2-ebc4-49da-951a-9990a8cef519] Routing FlowFile[2616,94824335267969.mockFlowFile,24B] to original
[main] DEBUG org.apache.nifi.processors.standard.RouteText - RouteText[id=7eed8dc2-ebc4-49da-951a-9990a8cef519] Adding new dynamic property: PropertyDescriptor[simple]
[pool-3631-thread-1] INFO org.apache.nifi.processors.standard.RouteText - RouteText[id=7eed8dc2-ebc4-49da-951a-9990a8cef519] Created FlowFile[2619,94824335735840.mockFlowFile,24B] from FlowFile[2618,94824335735840.mockFlowFile,24B]; routing to relationship simple
[pool-3631-thread-1] INFO org.apache.nifi.processors.standard.RouteText - RouteText[id=7eed8dc2-ebc4-49da-951a-9990a8cef519] Routing FlowFile[2618,94824335735840.mockFlowFile,24B] to original
[main] DEBUG org.apache.nifi.processors.standard.RouteText - RouteText[id=7eed8dc2-ebc4-49da-951a-9990a8cef519] Adding new dynamic property: PropertyDescriptor[simple]
[pool-3632-thread-1] INFO org.apache.nifi.processors.standard.RouteText - RouteText[id=7eed8dc2-ebc4-49da-951a-9990a8cef519] Created FlowFile[2621,94824336220544.mockFlowFile,24B] from FlowFile[2620,94824336220544.mockFlowFile,24B]; routing to relationship simple
[pool-3632-thread-1] INFO org.apache.nifi.processors.standard.RouteText - RouteText[id=7eed8dc2-ebc4-49da-951a-9990a8cef519] Routing FlowFile[2620,94824336220544.mockFlowFile,24B] to original
[main] DEBUG org.apache.nifi.processors.standard.RouteText - RouteText[id=7eed8dc2-ebc4-49da-951a-9990a8cef519] Adding new dynamic property: PropertyDescriptor[simple]
[pool-3633-thread-1] INFO org.apache.nifi.processors.standard.RouteText - RouteText[id=7eed8dc2-ebc4-49da-951a-9990a8cef519] Created FlowFile[2623,94824336752885.mockFlowFile,24B] from FlowFile[2622,94824336752885.mockFlowFile,24B]; routing to relationship simple
[pool-3633-thread-1] INFO org.apache.nifi.processors.standard.RouteText - RouteText[id=7eed8dc2-ebc4-49da-951a-9990a8cef519] Routing FlowFile[2622,94824336752885.mockFlowFile,24B] to original
[main] DEBUG org.apache.nifi.processors.standard.RouteText - RouteText[id=7eed8dc2-ebc4-49da-951a-9990a8cef519] Adding new dynamic property: PropertyDescriptor[simple]
[pool-3634-thread-1] INFO org.apache.nifi.processors.standard.RouteText - RouteText[id=7eed8dc2-ebc4-49da-951a-9990a8cef519] Created FlowFile[2625,94824337268562.mockFlowFile,24B] from FlowFile[2624,94824337268562.mockFlowFile,24B]; routing to relationship simple
[pool-3634-thread-1] INFO org.apache.nifi.processors.standard.RouteText - RouteText[id=7eed8dc2-ebc4-49da-951a-9990a8cef519] Routing FlowFile[2624,94824337268562.mockFlowFile,24B] to original
[main] DEBUG org.apache.nifi.processors.standard.RouteText - RouteText[id=7eed8dc2-ebc4-49da-951a-9990a8cef519] Adding new dynamic property: PropertyDescriptor[simple]
[pool-3635-thread-1] INFO org.apache.nifi.processors.standard.RouteText - RouteText[id=7eed8dc2-ebc4-49da-951a-9990a8cef519] Created FlowFile[2627,94824337756955.mockFlowFile,24B] from FlowFile[2626,94824337756955.mockFlowFile,24B]; routing to relationship simple
[pool-3635-thread-1] INFO org.apache.nifi.processors.standard.RouteText - RouteText[id=7eed8dc2-ebc4-49da-951a-9990a8cef519] Routing FlowFile[2626,94824337756955.mockFlowFile,24B] to original
[main] DEBUG org.apache.nifi.processors.standard.RouteText - RouteText[id=7eed8dc2-ebc4-49da-951a-9990a8cef519] Adding new dynamic property: PropertyDescriptor[simple]
[pool-3636-thread-1] INFO org.apache.nifi.processors.standard.RouteText - RouteText[id=7eed8dc2-ebc4-49da-951a-9990a8cef519] Created FlowFile[2629,94824338153376.mockFlowFile,24B] from FlowFile[2628,94824338153376.mockFlowFile,24B]; routing to relationship simple
[pool-3636-thread-1] INFO org.apache.nifi.processors.standard.RouteText - RouteText[id=7eed8dc2-ebc4-49da-951a-9990a8cef519] Routing FlowFile[2628,94824338153376.mockFlowFile,24B] to original
[main] DEBUG org.apache.nifi.processors.standard.RouteText - RouteText[id=7eed8dc2-ebc4-49da-951a-9990a8cef519] Adding new dynamic property: PropertyDescriptor[simple]
[pool-3637-thread-1] INFO org.apache.nifi.processors.standard.RouteText - RouteText[id=7eed8dc2-ebc4-49da-951a-9990a8cef519] Created FlowFile[2631,94824338546198.mockFlowFile,24B] from FlowFile[2630,94824338546198.mockFlowFile,24B]; routing to relationship simple
[pool-3637-thread-1] INFO org.apache.nifi.processors.standard.RouteText - RouteText[id=7eed8dc2-ebc4-49da-951a-9990a8cef519] Routing FlowFile[2630,94824338546198.mockFlowFile,24B] to original
[main] DEBUG org.apache.nifi.processors.standard.RouteText - RouteText[id=7eed8dc2-ebc4-49da-951a-9990a8cef519] Adding new dynamic property: PropertyDescriptor[simple]
[pool-3638-thread-1] INFO org.apache.nifi.processors.standard.RouteText - RouteText[id=7eed8dc2-ebc4-49da-951a-9990a8cef519] Created FlowFile[2633,94824338939862.mockFlowFile,24B] from FlowFile[2632,94824338939862.mockFlowFile,24B]; routing to relationship simple
[pool-3638-thread-1] INFO org.apache.nifi.processors.standard.RouteText - RouteText[id=7eed8dc2-ebc4-49da-951a-9990a8cef519] Routing FlowFile[2632,94824338939862.mockFlowFile,24B] to original
[main] DEBUG org.apache.nifi.processors.standard.RouteText - RouteText[id=7eed8dc2-ebc4-49da-951a-9990a8cef519] Adding new dynamic property: PropertyDescriptor[simple]
[pool-3639-thread-1] INFO org.apache.nifi.processors.standard.RouteText - RouteText[id=7eed8dc2-ebc4-49da-951a-9990a8cef519] Created FlowFile[2635,94824339423901.mockFlowFile,24B] from FlowFile[2634,94824339423901.mockFlowFile,24B]; routing to relationship simple
[pool-3639-thread-1] INFO org.apache.nifi.processors.standard.RouteText - RouteText[id=7eed8dc2-ebc4-49da-951a-9990a8cef519] Routing FlowFile[2634,94824339423901.mockFlowFile,24B] to original
[main] DEBUG org.apache.nifi.processors.standard.RouteText - RouteText[id=7eed8dc2-ebc4-49da-951a-9990a8cef519] Adding new dynamic property: PropertyDescriptor[simple]
[pool-3640-thread-1] INFO org.apache.nifi.processors.standard.RouteText - RouteText[id=7eed8dc2-ebc4-49da-951a-9990a8cef519] Created FlowFile[2637,94824339880652.mockFlowFile,24B] from FlowFile[2636,94824339880652.mockFlowFile,24B]; routing to relationship simple
[pool-3640-thread-1] INFO org.apache.nifi.processors.standard.RouteText - RouteText[id=7eed8dc2-ebc4-49da-951a-9990a8cef519] Routing FlowFile[2636,94824339880652.mockFlowFile,24B] to original
[main] DEBUG org.apache.nifi.processors.standard.RouteText - RouteText[id=7eed8dc2-ebc4-49da-951a-9990a8cef519] Adding new dynamic property: PropertyDescriptor[simple]
[pool-3641-thread-1] INFO org.apache.nifi.processors.standard.RouteText - RouteText[id=7eed8dc2-ebc4-49da-951a-9990a8cef519] Created FlowFile[2639,94824340422306.mockFlowFile,24B] from FlowFile[2638,94824340422306.mockFlowFile,24B]; routing to relationship simple
[pool-3641-thread-1] INFO org.apache.nifi.processors.standard.RouteText - RouteText[id=7eed8dc2-ebc4-49da-951a-9990a8cef519] Routing FlowFile[2638,94824340422306.mockFlowFile,24B] to original
[main] DEBUG org.apache.nifi.processors.standard.RouteText - RouteText[id=7eed8dc2-ebc4-49da-951a-9990a8cef519] Adding new dynamic property: PropertyDescriptor[simple]
[pool-3642-thread-1] INFO org.apache.nifi.processors.standard.RouteText - RouteText[id=7eed8dc2-ebc4-49da-951a-9990a8cef519] Created FlowFile[2641,94824340960484.mockFlowFile,24B] from FlowFile[2640,94824340960484.mockFlowFile,24B]; routing to relationship simple
[pool-3642-thread-1] INFO org.apache.nifi.processors.standard.RouteText - RouteText[id=7eed8dc2-ebc4-49da-951a-9990a8cef519] Routing FlowFile[2640,94824340960484.mockFlowFile,24B] to original
[main] DEBUG org.apache.nifi.processors.standard.RouteText - RouteText[id=7eed8dc2-ebc4-49da-951a-9990a8cef519] Adding new dynamic property: PropertyDescriptor[simple]
[pool-3643-thread-1] INFO org.apache.nifi.processors.standard.RouteText - RouteText[id=7eed8dc2-ebc4-49da-951a-9990a8cef519] Created FlowFile[2643,94824341477472.mockFlowFile,24B] from FlowFile[2642,94824341477472.mockFlowFile,24B]; routing to relationship simple
[pool-3643-thread-1] INFO org.apache.nifi.processors.standard.RouteText - RouteText[id=7eed8dc2-ebc4-49da-951a-9990a8cef519] Routing FlowFile[2642,94824341477472.mockFlowFile,24B] to original
[main] DEBUG org.apache.nifi.processors.standard.RouteText - RouteText[id=7eed8dc2-ebc4-49da-951a-9990a8cef519] Adding new dynamic property: PropertyDescriptor[simple]
[pool-3644-thread-1] INFO org.apache.nifi.processors.standard.RouteText - RouteText[id=7eed8dc2-ebc4-49da-951a-9990a8cef519] Created FlowFile[2645,94824341931711.mockFlowFile,24B] from FlowFile[2644,94824341931711.mockFlowFile,24B]; routing to relationship simple
[pool-3644-thread-1] INFO org.apache.nifi.processors.standard.RouteText - RouteText[id=7eed8dc2-ebc4-49da-951a-9990a8cef519] Routing FlowFile[2644,94824341931711.mockFlowFile,24B] to original
[main] DEBUG org.apache.nifi.processors.standard.RouteText - RouteText[id=7eed8dc2-ebc4-49da-951a-9990a8cef519] Adding new dynamic property: PropertyDescriptor[simple]
[pool-3645-thread-1] INFO org.apache.nifi.processors.standard.RouteText - RouteText[id=7eed8dc2-ebc4-49da-951a-9990a8cef519] Created FlowFile[2647,94824342333967.mockFlowFile,24B] from FlowFile[2646,94824342333967.mockFlowFile,24B]; routing to relationship simple
[pool-3645-thread-1] INFO org.apache.nifi.processors.standard.RouteText - RouteText[id=7eed8dc2-ebc4-49da-951a-9990a8cef519] Routing FlowFile[2646,94824342333967.mockFlowFile,24B] to original
[main] DEBUG org.apache.nifi.processors.standard.RouteText - RouteText[id=7eed8dc2-ebc4-49da-951a-9990a8cef519] Adding new dynamic property: PropertyDescriptor[simple]
[pool-3646-thread-1] INFO org.apache.nifi.processors.standard.RouteText - RouteText[id=7eed8dc2-ebc4-49da-951a-9990a8cef519] Created FlowFile[2649,94824342713757.mockFlowFile,24B] from FlowFile[2648,94824342713757.mockFlowFile,24B]; routing to relationship simple
[pool-3646-thread-1] INFO org.apache.nifi.processors.standard.RouteText - RouteText[id=7eed8dc2-ebc4-49da-951a-9990a8cef519] Routing FlowFile[2648,94824342713757.mockFlowFile,24B] to original
[main] DEBUG org.apache.nifi.processors.standard.RouteText - RouteText[id=7eed8dc2-ebc4-49da-951a-9990a8cef519] Adding new dynamic property: PropertyDescriptor[simple]
[pool-3647-thread-1] INFO org.apache.nifi.processors.standard.RouteText - RouteText[id=7eed8dc2-ebc4-49da-951a-9990a8cef519] Created FlowFile[2651,94824343086106.mockFlowFile,24B] from FlowFile[2650,94824343086106.mockFlowFile,24B]; routing to relationship simple
[pool-3647-thread-1] INFO org.apache.nifi.processors.standard.RouteText - RouteText[id=7eed8dc2-ebc4-49da-951a-9990a8cef519] Routing FlowFile[2650,94824343086106.mockFlowFile,24B] to original
[main] DEBUG org.apache.nifi.processors.standard.RouteText - RouteText[id=7eed8dc2-ebc4-49da-951a-9990a8cef519] Adding new dynamic property: PropertyDescriptor[simple]
[pool-3648-thread-1] INFO org.apache.nifi.processors.standard.RouteText - RouteText[id=7eed8dc2-ebc4-49da-951a-9990a8cef519] Created FlowFile[2653,94824343560171.mockFlowFile,24B] from FlowFile[2652,94824343560171.mockFlowFile,24B]; routing to relationship simple
[pool-3648-thread-1] INFO org.apache.nifi.processors.standard.RouteText - RouteText[id=7eed8dc2-ebc4-49da-951a-9990a8cef519] Routing FlowFile[2652,94824343560171.mockFlowFile,24B] to original
[main] DEBUG org.apache.nifi.processors.standard.RouteText - RouteText[id=7eed8dc2-ebc4-49da-951a-9990a8cef519] Adding new dynamic property: PropertyDescriptor[simple]
[pool-3649-thread-1] INFO org.apache.nifi.processors.standard.RouteText - RouteText[id=7eed8dc2-ebc4-49da-951a-9990a8cef519] Created FlowFile[2655,94824343920922.mockFlowFile,24B] from FlowFile[2654,94824343920922.mockFlowFile,24B]; routing to relationship simple
[pool-3649-thread-1] INFO org.apache.nifi.processors.standard.RouteText - RouteText[id=7eed8dc2-ebc4-49da-951a-9990a8cef519] Routing FlowFile[2654,94824343920922.mockFlowFile,24B] to original
[main] DEBUG org.apache.nifi.processors.standard.RouteText - RouteText[id=7eed8dc2-ebc4-49da-951a-9990a8cef519] Adding new dynamic property: PropertyDescriptor[simple]
[pool-3650-thread-1] INFO org.apache.nifi.processors.standard.RouteText - RouteText[id=7eed8dc2-ebc4-49da-951a-9990a8cef519] Created FlowFile[2657,94824344409583.mockFlowFile,24B] from FlowFile[2656,94824344409583.mockFlowFile,24B]; routing to relationship simple
[pool-3650-thread-1] INFO org.apache.nifi.processors.standard.RouteText - RouteText[id=7eed8dc2-ebc4-49da-951a-9990a8cef519] Routing FlowFile[2656,94824344409583.mockFlowFile,24B] to original
[main] DEBUG org.apache.nifi.processors.standard.RouteText - RouteText[id=7eed8dc2-ebc4-49da-951a-9990a8cef519] Adding new dynamic property: PropertyDescriptor[simple]
[pool-3651-thread-1] INFO org.apache.nifi.processors.standard.RouteText - RouteText[id=7eed8dc2-ebc4-49da-951a-9990a8cef519] Created FlowFile[2659,94824344870606.mockFlowFile,24B] from FlowFile[2658,94824344870606.mockFlowFile,24B]; routing to relationship simple
[pool-3651-thread-1] INFO org.apache.nifi.processors.standard.RouteText - RouteText[id=7eed8dc2-ebc4-49da-951a-9990a8cef519] Routing FlowFile[2658,94824344870606.mockFlowFile,24B] to original
[main] DEBUG org.apache.nifi.processors.standard.RouteText - RouteText[id=7eed8dc2-ebc4-49da-951a-9990a8cef519] Adding new dynamic property: PropertyDescriptor[simple]
[pool-3652-thread-1] INFO org.apache.nifi.processors.standard.RouteText - RouteText[id=7eed8dc2-ebc4-49da-951a-9990a8cef519] Created FlowFile[2661,94824345258247.mockFlowFile,24B] from FlowFile[2660,94824345258247.mockFlowFile,24B]; routing to relationship simple
[pool-3652-thread-1] INFO org.apache.nifi.processors.standard.RouteText - RouteText[id=7eed8dc2-ebc4-49da-951a-9990a8cef519] Routing FlowFile[2660,94824345258247.mockFlowFile,24B] to original
[main] DEBUG org.apache.nifi.processors.standard.RouteText - RouteText[id=7eed8dc2-ebc4-49da-951a-9990a8cef519] Adding new dynamic property: PropertyDescriptor[simple]
[pool-3653-thread-1] INFO org.apache.nifi.processors.standard.RouteText - RouteText[id=7eed8dc2-ebc4-49da-951a-9990a8cef519] Created FlowFile[2663,94824345657395.mockFlowFile,24B] from FlowFile[2662,94824345657395.mockFlowFile,24B]; routing to relationship simple
[pool-3653-thread-1] INFO org.apache.nifi.processors.standard.RouteText - RouteText[id=7eed8dc2-ebc4-49da-951a-9990a8cef519] Routing FlowFile[2662,94824345657395.mockFlowFile,24B] to original
[main] DEBUG org.apache.nifi.processors.standard.RouteText - RouteText[id=7eed8dc2-ebc4-49da-951a-9990a8cef519] Adding new dynamic property: PropertyDescriptor[simple]
[pool-3654-thread-1] INFO org.apache.nifi.processors.standard.RouteText - RouteText[id=7eed8dc2-ebc4-49da-951a-9990a8cef519] Created FlowFile[2665,94824346036454.mockFlowFile,24B] from FlowFile[2664,94824346036454.mockFlowFile,24B]; routing to relationship simple
[pool-3654-thread-1] INFO org.apache.nifi.processors.standard.RouteText - RouteText[id=7eed8dc2-ebc4-49da-951a-9990a8cef519] Routing FlowFile[2664,94824346036454.mockFlowFile,24B] to original
[main] DEBUG org.apache.nifi.processors.standard.RouteText - RouteText[id=7eed8dc2-ebc4-49da-951a-9990a8cef519] Adding new dynamic property: PropertyDescriptor[simple]
[pool-3655-thread-1] INFO org.apache.nifi.processors.standard.RouteText - RouteText[id=7eed8dc2-ebc4-49da-951a-9990a8cef519] Created FlowFile[2667,94824346429016.mockFlowFile,24B] from FlowFile[2666,94824346429016.mockFlowFile,24B]; routing to relationship simple
[pool-3655-thread-1] INFO org.apache.nifi.processors.standard.RouteText - RouteText[id=7eed8dc2-ebc4-49da-951a-9990a8cef519] Routing FlowFile[2666,94824346429016.mockFlowFile,24B] to original
[main] DEBUG org.apache.nifi.processors.standard.RouteText - RouteText[id=7eed8dc2-ebc4-49da-951a-9990a8cef519] Adding new dynamic property: PropertyDescriptor[simple]
[pool-3656-thread-1] INFO org.apache.nifi.processors.standard.RouteText - RouteText[id=7eed8dc2-ebc4-49da-951a-9990a8cef519] Created FlowFile[2669,94824346915262.mockFlowFile,24B] from FlowFile[2668,94824346915262.mockFlowFile,24B]; routing to relationship simple
[pool-3656-thread-1] INFO org.apache.nifi.processors.standard.RouteText - RouteText[id=7eed8dc2-ebc4-49da-951a-9990a8cef519] Routing FlowFile[2668,94824346915262.mockFlowFile,24B] to original
[main] DEBUG org.apache.nifi.processors.standard.RouteText - RouteText[id=7eed8dc2-ebc4-49da-951a-9990a8cef519] Adding new dynamic property: PropertyDescriptor[simple]
[pool-3657-thread-1] INFO org.apache.nifi.processors.standard.RouteText - RouteText[id=7eed8dc2-ebc4-49da-951a-9990a8cef519] Created FlowFile[2671,94824347309271.mockFlowFile,24B] from FlowFile[2670,94824347309271.mockFlowFile,24B]; routing to relationship simple
[pool-3657-thread-1] INFO org.apache.nifi.processors.standard.RouteText - RouteText[id=7eed8dc2-ebc4-49da-951a-9990a8cef519] Routing FlowFile[2670,94824347309271.mockFlowFile,24B] to original
[main] DEBUG org.apache.nifi.processors.standard.RouteText - RouteText[id=7eed8dc2-ebc4-49da-951a-9990a8cef519] Adding new dynamic property: PropertyDescriptor[simple]
[pool-3658-thread-1] INFO org.apache.nifi.processors.standard.RouteText - RouteText[id=7eed8dc2-ebc4-49da-951a-9990a8cef519] Created FlowFile[2673,94824347764810.mockFlowFile,24B] from FlowFile[2672,94824347764810.mockFlowFile,24B]; routing to relationship simple
[pool-3658-thread-1] INFO org.apache.nifi.processors.standard.RouteText - RouteText[id=7eed8dc2-ebc4-49da-951a-9990a8cef519] Routing FlowFile[2672,94824347764810.mockFlowFile,24B] to original
[main] DEBUG org.apache.nifi.processors.standard.RouteText - RouteText[id=7eed8dc2-ebc4-49da-951a-9990a8cef519] Adding new dynamic property: PropertyDescriptor[simple]
[pool-3659-thread-1] INFO org.apache.nifi.processors.standard.RouteText - RouteText[id=7eed8dc2-ebc4-49da-951a-9990a8cef519] Created FlowFile[2675,94824348284113.mockFlowFile,24B] from FlowFile[2674,94824348284113.mockFlowFile,24B]; routing to relationship simple
[pool-3659-thread-1] INFO org.apache.nifi.processors.standard.RouteText - RouteText[id=7eed8dc2-ebc4-49da-951a-9990a8cef519] Routing FlowFile[2674,94824348284113.mockFlowFile,24B] to original
[main] DEBUG org.apache.nifi.processors.standard.RouteText - RouteText[id=7eed8dc2-ebc4-49da-951a-9990a8cef519] Adding new dynamic property: PropertyDescriptor[simple]
[pool-3660-thread-1] INFO org.apache.nifi.processors.standard.RouteText - RouteText[id=7eed8dc2-ebc4-49da-951a-9990a8cef519] Created FlowFile[2677,94824348746449.mockFlowFile,24B] from FlowFile[2676,94824348746449.mockFlowFile,24B]; routing to relationship simple
[pool-3660-thread-1] INFO org.apache.nifi.processors.standard.RouteText - RouteText[id=7eed8dc2-ebc4-49da-951a-9990a8cef519] Routing FlowFile[2676,94824348746449.mockFlowFile,24B] to original
[main] DEBUG org.apache.nifi.processors.standard.RouteText - RouteText[id=7eed8dc2-ebc4-49da-951a-9990a8cef519] Adding new dynamic property: PropertyDescriptor[simple]
[pool-3661-thread-1] INFO org.apache.nifi.processors.standard.RouteText - RouteText[id=7eed8dc2-ebc4-49da-951a-9990a8cef519] Created FlowFile[2679,94824349231891.mockFlowFile,24B] from FlowFile[2678,94824349231891.mockFlowFile,24B]; routing to relationship simple
[pool-3661-thread-1] INFO org.apache.nifi.processors.standard.RouteText - RouteText[id=7eed8dc2-ebc4-49da-951a-9990a8cef519] Routing FlowFile[2678,94824349231891.mockFlowFile,24B] to original
[main] DEBUG org.apache.nifi.processors.standard.RouteText - RouteText[id=7eed8dc2-ebc4-49da-951a-9990a8cef519] Adding new dynamic property: PropertyDescriptor[simple]
[pool-3662-thread-1] INFO org.apache.nifi.processors.standard.RouteText - RouteText[id=7eed8dc2-ebc4-49da-951a-9990a8cef519] Created FlowFile[2681,94824349696723.mockFlowFile,24B] from FlowFile[2680,94824349696723.mockFlowFile,24B]; routing to relationship simple
[pool-3662-thread-1] INFO org.apache.nifi.processors.standard.RouteText - RouteText[id=7eed8dc2-ebc4-49da-951a-9990a8cef519] Routing FlowFile[2680,94824349696723.mockFlowFile,24B] to original
[main] DEBUG org.apache.nifi.processors.standard.RouteText - RouteText[id=7eed8dc2-ebc4-49da-951a-9990a8cef519] Adding new dynamic property: PropertyDescriptor[simple]
[pool-3663-thread-1] INFO org.apache.nifi.processors.standard.RouteText - RouteText[id=7eed8dc2-ebc4-49da-951a-9990a8cef519] Created FlowFile[2683,94824350313790.mockFlowFile,24B] from FlowFile[2682,94824350313790.mockFlowFile,24B]; routing to relationship simple
[pool-3663-thread-1] INFO org.apache.nifi.processors.standard.RouteText - RouteText[id=7eed8dc2-ebc4-49da-951a-9990a8cef519] Routing FlowFile[2682,94824350313790.mockFlowFile,24B] to original
[main] DEBUG org.apache.nifi.processors.standard.RouteText - RouteText[id=7eed8dc2-ebc4-49da-951a-9990a8cef519] Adding new dynamic property: PropertyDescriptor[simple]
[pool-3664-thread-1] INFO org.apache.nifi.processors.standard.RouteText - RouteText[id=7eed8dc2-ebc4-49da-951a-9990a8cef519] Created FlowFile[2685,94824350814285.mockFlowFile,24B] from FlowFile[2684,94824350814285.mockFlowFile,24B]; routing to relationship simple
[pool-3664-thread-1] INFO org.apache.nifi.processors.standard.RouteText - RouteText[id=7eed8dc2-ebc4-49da-951a-9990a8cef519] Routing FlowFile[2684,94824350814285.mockFlowFile,24B] to original
[main] DEBUG org.apache.nifi.processors.standard.RouteText - RouteText[id=7eed8dc2-ebc4-49da-951a-9990a8cef519] Adding new dynamic property: PropertyDescriptor[simple]
[pool-3665-thread-1] INFO org.apache.nifi.processors.standard.RouteText - RouteText[id=7eed8dc2-ebc4-49da-951a-9990a8cef519] Created FlowFile[2687,94824351297102.mockFlowFile,24B] from FlowFile[2686,94824351297102.mockFlowFile,24B]; routing to relationship simple
[pool-3665-thread-1] INFO org.apache.nifi.processors.standard.RouteText - RouteText[id=7eed8dc2-ebc4-49da-951a-9990a8cef519] Routing FlowFile[2686,94824351297102.mockFlowFile,24B] to original
[main] DEBUG org.apache.nifi.processors.standard.RouteText - RouteText[id=7eed8dc2-ebc4-49da-951a-9990a8cef519] Adding new dynamic property: PropertyDescriptor[simple]
[pool-3666-thread-1] INFO org.apache.nifi.processors.standard.RouteText - RouteText[id=7eed8dc2-ebc4-49da-951a-9990a8cef519] Created FlowFile[2689,94824351828855.mockFlowFile,24B] from FlowFile[2688,94824351828855.mockFlowFile,24B]; routing to relationship simple
[pool-3666-thread-1] INFO org.apache.nifi.processors.standard.RouteText - RouteText[id=7eed8dc2-ebc4-49da-951a-9990a8cef519] Routing FlowFile[2688,94824351828855.mockFlowFile,24B] to original
[main] DEBUG org.apache.nifi.processors.standard.RouteText - RouteText[id=7eed8dc2-ebc4-49da-951a-9990a8cef519] Adding new dynamic property: PropertyDescriptor[simple]
[pool-3667-thread-1] INFO org.apache.nifi.processors.standard.RouteText - RouteText[id=7eed8dc2-ebc4-49da-951a-9990a8cef519] Created FlowFile[2691,94824352365758.mockFlowFile,24B] from FlowFile[2690,94824352365758.mockFlowFile,24B]; routing to relationship simple
[pool-3667-thread-1] INFO org.apache.nifi.processors.standard.RouteText - RouteText[id=7eed8dc2-ebc4-49da-951a-9990a8cef519] Routing FlowFile[2690,94824352365758.mockFlowFile,24B] to original
[main] DEBUG org.apache.nifi.processors.standard.RouteText - RouteText[id=7eed8dc2-ebc4-49da-951a-9990a8cef519] Adding new dynamic property: PropertyDescriptor[simple]
[pool-3668-thread-1] INFO org.apache.nifi.processors.standard.RouteText - RouteText[id=7eed8dc2-ebc4-49da-951a-9990a8cef519] Created FlowFile[2693,94824352894341.mockFlowFile,24B] from FlowFile[2692,94824352894341.mockFlowFile,24B]; routing to relationship simple
[pool-3668-thread-1] INFO org.apache.nifi.processors.standard.RouteText - RouteText[id=7eed8dc2-ebc4-49da-951a-9990a8cef519] Routing FlowFile[2692,94824352894341.mockFlowFile,24B] to original
[main] DEBUG org.apache.nifi.processors.standard.RouteText - RouteText[id=7eed8dc2-ebc4-49da-951a-9990a8cef519] Adding new dynamic property: PropertyDescriptor[simple]
[pool-3669-thread-1] INFO org.apache.nifi.processors.standard.RouteText - RouteText[id=7eed8dc2-ebc4-49da-951a-9990a8cef519] Created FlowFile[2695,94824353405321.mockFlowFile,24B] from FlowFile[2694,94824353405321.mockFlowFile,24B]; routing to relationship simple
[pool-3669-thread-1] INFO org.apache.nifi.processors.standard.RouteText - RouteText[id=7eed8dc2-ebc4-49da-951a-9990a8cef519] Routing FlowFile[2694,94824353405321.mockFlowFile,24B] to original
[main] DEBUG org.apache.nifi.processors.standard.RouteText - RouteText[id=7eed8dc2-ebc4-49da-951a-9990a8cef519] Adding new dynamic property: PropertyDescriptor[simple]
[pool-3670-thread-1] INFO org.apache.nifi.processors.standard.RouteText - RouteText[id=7eed8dc2-ebc4-49da-951a-9990a8cef519] Created FlowFile[2697,94824353912713.mockFlowFile,24B] from FlowFile[2696,94824353912713.mockFlowFile,24B]; routing to relationship simple
[pool-3670-thread-1] INFO org.apache.nifi.processors.standard.RouteText - RouteText[id=7eed8dc2-ebc4-49da-951a-9990a8cef519] Routing FlowFile[2696,94824353912713.mockFlowFile,24B] to original
[main] DEBUG org.apache.nifi.processors.standard.RouteText - RouteText[id=7eed8dc2-ebc4-49da-951a-9990a8cef519] Adding new dynamic property: PropertyDescriptor[simple]
[pool-3671-thread-1] INFO org.apache.nifi.processors.standard.RouteText - RouteText[id=7eed8dc2-ebc4-49da-951a-9990a8cef519] Created FlowFile[2699,94824354399597.mockFlowFile,24B] from FlowFile[2698,94824354399597.mockFlowFile,24B]; routing to relationship simple
[pool-3671-thread-1] INFO org.apache.nifi.processors.standard.RouteText - RouteText[id=7eed8dc2-ebc4-49da-951a-9990a8cef519] Routing FlowFile[2698,94824354399597.mockFlowFile,24B] to original
[main] DEBUG org.apache.nifi.processors.standard.RouteText - RouteText[id=7eed8dc2-ebc4-49da-951a-9990a8cef519] Adding new dynamic property: PropertyDescriptor[simple]
[pool-3672-thread-1] INFO org.apache.nifi.processors.standard.RouteText - RouteText[id=7eed8dc2-ebc4-49da-951a-9990a8cef519] Created FlowFile[2701,94824354871854.mockFlowFile,24B] from FlowFile[2700,94824354871854.mockFlowFile,24B]; routing to relationship simple
[pool-3672-thread-1] INFO org.apache.nifi.processors.standard.RouteText - RouteText[id=7eed8dc2-ebc4-49da-951a-9990a8cef519] Routing FlowFile[2700,94824354871854.mockFlowFile,24B] to original
[main] DEBUG org.apache.nifi.processors.standard.RouteText - RouteText[id=7eed8dc2-ebc4-49da-951a-9990a8cef519] Adding new dynamic property: PropertyDescriptor[simple]
[pool-3673-thread-1] INFO org.apache.nifi.processors.standard.RouteText - RouteText[id=7eed8dc2-ebc4-49da-951a-9990a8cef519] Created FlowFile[2703,94824355346503.mockFlowFile,24B] from FlowFile[2702,94824355346503.mockFlowFile,24B]; routing to relationship simple
[pool-3673-thread-1] INFO org.apache.nifi.processors.standard.RouteText - RouteText[id=7eed8dc2-ebc4-49da-951a-9990a8cef519] Routing FlowFile[2702,94824355346503.mockFlowFile,24B] to original
[main] DEBUG org.apache.nifi.processors.standard.RouteText - RouteText[id=7eed8dc2-ebc4-49da-951a-9990a8cef519] Adding new dynamic property: PropertyDescriptor[simple]
[pool-3674-thread-1] INFO org.apache.nifi.processors.standard.RouteText - RouteText[id=7eed8dc2-ebc4-49da-951a-9990a8cef519] Created FlowFile[2705,94824355924301.mockFlowFile,24B] from FlowFile[2704,94824355924301.mockFlowFile,24B]; routing to relationship simple
[pool-3674-thread-1] INFO org.apache.nifi.processors.standard.RouteText - RouteText[id=7eed8dc2-ebc4-49da-951a-9990a8cef519] Routing FlowFile[2704,94824355924301.mockFlowFile,24B] to original
[main] DEBUG org.apache.nifi.processors.standard.RouteText - RouteText[id=7eed8dc2-ebc4-49da-951a-9990a8cef519] Adding new dynamic property: PropertyDescriptor[simple]
[pool-3675-thread-1] INFO org.apache.nifi.processors.standard.RouteText - RouteText[id=7eed8dc2-ebc4-49da-951a-9990a8cef519] Created FlowFile[2707,94824356431075.mockFlowFile,24B] from FlowFile[2706,94824356431075.mockFlowFile,24B]; routing to relationship simple
[pool-3675-thread-1] INFO org.apache.nifi.processors.standard.RouteText - RouteText[id=7eed8dc2-ebc4-49da-951a-9990a8cef519] Routing FlowFile[2706,94824356431075.mockFlowFile,24B] to original
[main] DEBUG org.apache.nifi.processors.standard.RouteText - RouteText[id=7eed8dc2-ebc4-49da-951a-9990a8cef519] Adding new dynamic property: PropertyDescriptor[simple]
[pool-3676-thread-1] INFO org.apache.nifi.processors.standard.RouteText - RouteText[id=7eed8dc2-ebc4-49da-951a-9990a8cef519] Created FlowFile[2709,94824356933013.mockFlowFile,24B] from FlowFile[2708,94824356933013.mockFlowFile,24B]; routing to relationship simple
[pool-3676-thread-1] INFO org.apache.nifi.processors.standard.RouteText - RouteText[id=7eed8dc2-ebc4-49da-951a-9990a8cef519] Routing FlowFile[2708,94824356933013.mockFlowFile,24B] to original
[main] DEBUG org.apache.nifi.processors.standard.RouteText - RouteText[id=7eed8dc2-ebc4-49da-951a-9990a8cef519] Adding new dynamic property: PropertyDescriptor[simple]
[pool-3677-thread-1] INFO org.apache.nifi.processors.standard.RouteText - RouteText[id=7eed8dc2-ebc4-49da-951a-9990a8cef519] Created FlowFile[2711,94824357419869.mockFlowFile,24B] from FlowFile[2710,94824357419869.mockFlowFile,24B]; routing to relationship simple
[pool-3677-thread-1] INFO org.apache.nifi.processors.standard.RouteText - RouteText[id=7eed8dc2-ebc4-49da-951a-9990a8cef519] Routing FlowFile[2710,94824357419869.mockFlowFile,24B] to original
[main] DEBUG org.apache.nifi.processors.standard.RouteText - RouteText[id=7eed8dc2-ebc4-49da-951a-9990a8cef519] Adding new dynamic property: PropertyDescriptor[simple]
[pool-3678-thread-1] INFO org.apache.nifi.processors.standard.RouteText - RouteText[id=7eed8dc2-ebc4-49da-951a-9990a8cef519] Created FlowFile[2713,94824357931558.mockFlowFile,24B] from FlowFile[2712,94824357931558.mockFlowFile,24B]; routing to relationship simple
[pool-3678-thread-1] INFO org.apache.nifi.processors.standard.RouteText - RouteText[id=7eed8dc2-ebc4-49da-951a-9990a8cef519] Routing FlowFile[2712,94824357931558.mockFlowFile,24B] to original
[main] DEBUG org.apache.nifi.processors.standard.RouteText - RouteText[id=7eed8dc2-ebc4-49da-951a-9990a8cef519] Adding new dynamic property: PropertyDescriptor[simple]
[pool-3679-thread-1] INFO org.apache.nifi.processors.standard.RouteText - RouteText[id=7eed8dc2-ebc4-49da-951a-9990a8cef519] Created FlowFile[2715,94824358423650.mockFlowFile,24B] from FlowFile[2714,94824358423650.mockFlowFile,24B]; routing to relationship simple
[pool-3679-thread-1] INFO org.apache.nifi.processors.standard.RouteText - RouteText[id=7eed8dc2-ebc4-49da-951a-9990a8cef519] Routing FlowFile[2714,94824358423650.mockFlowFile,24B] to original
[main] DEBUG org.apache.nifi.processors.standard.RouteText - RouteText[id=7eed8dc2-ebc4-49da-951a-9990a8cef519] Adding new dynamic property: PropertyDescriptor[simple]
[pool-3680-thread-1] INFO org.apache.nifi.processors.standard.RouteText - RouteText[id=7eed8dc2-ebc4-49da-951a-9990a8cef519] Created FlowFile[2717,94824358911829.mockFlowFile,24B] from FlowFile[2716,94824358911829.mockFlowFile,24B]; routing to relationship simple
[pool-3680-thread-1] INFO org.apache.nifi.processors.standard.RouteText - RouteText[id=7eed8dc2-ebc4-49da-951a-9990a8cef519] Routing FlowFile[2716,94824358911829.mockFlowFile,24B] to original
[main] DEBUG org.apache.nifi.processors.standard.RouteText - RouteText[id=7eed8dc2-ebc4-49da-951a-9990a8cef519] Adding new dynamic property: PropertyDescriptor[simple]
[pool-3681-thread-1] INFO org.apache.nifi.processors.standard.RouteText - RouteText[id=7eed8dc2-ebc4-49da-951a-9990a8cef519] Created FlowFile[2719,94824359421296.mockFlowFile,24B] from FlowFile[2718,94824359421296.mockFlowFile,24B]; routing to relationship simple
[pool-3681-thread-1] INFO org.apache.nifi.processors.standard.RouteText - RouteText[id=7eed8dc2-ebc4-49da-951a-9990a8cef519] Routing FlowFile[2718,94824359421296.mockFlowFile,24B] to original
[main] DEBUG org.apache.nifi.processors.standard.RouteText - RouteText[id=7eed8dc2-ebc4-49da-951a-9990a8cef519] Adding new dynamic property: PropertyDescriptor[simple]
[pool-3682-thread-1] INFO org.apache.nifi.processors.standard.RouteText - RouteText[id=7eed8dc2-ebc4-49da-951a-9990a8cef519] Created FlowFile[2721,94824359949120.mockFlowFile,24B] from FlowFile[2720,94824359949120.mockFlowFile,24B]; routing to relationship simple
[pool-3682-thread-1] INFO org.apache.nifi.processors.standard.RouteText - RouteText[id=7eed8dc2-ebc4-49da-951a-9990a8cef519] Routing FlowFile[2720,94824359949120.mockFlowFile,24B] to original
[main] DEBUG org.apache.nifi.processors.standard.RouteText - RouteText[id=7eed8dc2-ebc4-49da-951a-9990a8cef519] Adding new dynamic property: PropertyDescriptor[simple]
[pool-3683-thread-1] INFO org.apache.nifi.processors.standard.RouteText - RouteText[id=7eed8dc2-ebc4-49da-951a-9990a8cef519] Created FlowFile[2723,94824360436873.mockFlowFile,24B] from FlowFile[2722,94824360436873.mockFlowFile,24B]; routing to relationship simple
[pool-3683-thread-1] INFO org.apache.nifi.processors.standard.RouteText - RouteText[id=7eed8dc2-ebc4-49da-951a-9990a8cef519] Routing FlowFile[2722,94824360436873.mockFlowFile,24B] to original
[main] DEBUG org.apache.nifi.processors.standard.RouteText - RouteText[id=7eed8dc2-ebc4-49da-951a-9990a8cef519] Adding new dynamic property: PropertyDescriptor[simple]
[pool-3684-thread-1] INFO org.apache.nifi.processors.standard.RouteText - RouteText[id=7eed8dc2-ebc4-49da-951a-9990a8cef519] Created FlowFile[2725,94824360918474.mockFlowFile,24B] from FlowFile[2724,94824360918474.mockFlowFile,24B]; routing to relationship simple
[pool-3684-thread-1] INFO org.apache.nifi.processors.standard.RouteText - RouteText[id=7eed8dc2-ebc4-49da-951a-9990a8cef519] Routing FlowFile[2724,94824360918474.mockFlowFile,24B] to original
[main] DEBUG org.apache.nifi.processors.standard.RouteText - RouteText[id=7eed8dc2-ebc4-49da-951a-9990a8cef519] Adding new dynamic property: PropertyDescriptor[simple]
[pool-3685-thread-1] INFO org.apache.nifi.processors.standard.RouteText - RouteText[id=7eed8dc2-ebc4-49da-951a-9990a8cef519] Created FlowFile[2727,94824361424987.mockFlowFile,24B] from FlowFile[2726,94824361424987.mockFlowFile,24B]; routing to relationship simple
[pool-3685-thread-1] INFO org.apache.nifi.processors.standard.RouteText - RouteText[id=7eed8dc2-ebc4-49da-951a-9990a8cef519] Routing FlowFile[2726,94824361424987.mockFlowFile,24B] to original
[main] DEBUG org.apache.nifi.processors.standard.RouteText - RouteText[id=7eed8dc2-ebc4-49da-951a-9990a8cef519] Adding new dynamic property: PropertyDescriptor[simple]
[pool-3686-thread-1] INFO org.apache.nifi.processors.standard.RouteText - RouteText[id=7eed8dc2-ebc4-49da-951a-9990a8cef519] Created FlowFile[2729,94824361894775.mockFlowFile,24B] from FlowFile[2728,94824361894775.mockFlowFile,24B]; routing to relationship simple
[pool-3686-thread-1] INFO org.apache.nifi.processors.standard.RouteText - RouteText[id=7eed8dc2-ebc4-49da-951a-9990a8cef519] Routing FlowFile[2728,94824361894775.mockFlowFile,24B] to original
[main] DEBUG org.apache.nifi.processors.standard.RouteText - RouteText[id=7eed8dc2-ebc4-49da-951a-9990a8cef519] Adding new dynamic property: PropertyDescriptor[simple]
[pool-3687-thread-1] INFO org.apache.nifi.processors.standard.RouteText - RouteText[id=7eed8dc2-ebc4-49da-951a-9990a8cef519] Created FlowFile[2731,94824362394185.mockFlowFile,24B] from FlowFile[2730,94824362394185.mockFlowFile,24B]; routing to relationship simple
[pool-3687-thread-1] INFO org.apache.nifi.processors.standard.RouteText - RouteText[id=7eed8dc2-ebc4-49da-951a-9990a8cef519] Routing FlowFile[2730,94824362394185.mockFlowFile,24B] to original
[main] DEBUG org.apache.nifi.processors.standard.RouteText - RouteText[id=7eed8dc2-ebc4-49da-951a-9990a8cef519] Adding new dynamic property: PropertyDescriptor[simple]
[pool-3688-thread-1] INFO org.apache.nifi.processors.standard.RouteText - RouteText[id=7eed8dc2-ebc4-49da-951a-9990a8cef519] Created FlowFile[2733,94824362859550.mockFlowFile,24B] from FlowFile[2732,94824362859550.mockFlowFile,24B]; routing to relationship simple
[pool-3688-thread-1] INFO org.apache.nifi.processors.standard.RouteText - RouteText[id=7eed8dc2-ebc4-49da-951a-9990a8cef519] Routing FlowFile[2732,94824362859550.mockFlowFile,24B] to original
[main] DEBUG org.apache.nifi.processors.standard.RouteText - RouteText[id=7eed8dc2-ebc4-49da-951a-9990a8cef519] Adding new dynamic property: PropertyDescriptor[simple]
[pool-3689-thread-1] INFO org.apache.nifi.processors.standard.RouteText - RouteText[id=7eed8dc2-ebc4-49da-951a-9990a8cef519] Created FlowFile[2735,94824363308515.mockFlowFile,24B] from FlowFile[2734,94824363308515.mockFlowFile,24B]; routing to relationship simple
[pool-3689-thread-1] INFO org.apache.nifi.processors.standard.RouteText - RouteText[id=7eed8dc2-ebc4-49da-951a-9990a8cef519] Routing FlowFile[2734,94824363308515.mockFlowFile,24B] to original
[main] DEBUG org.apache.nifi.processors.standard.RouteText - RouteText[id=7eed8dc2-ebc4-49da-951a-9990a8cef519] Adding new dynamic property: PropertyDescriptor[simple]
[pool-3690-thread-1] INFO org.apache.nifi.processors.standard.RouteText - RouteText[id=7eed8dc2-ebc4-49da-951a-9990a8cef519] Created FlowFile[2737,94824363761197.mockFlowFile,24B] from FlowFile[2736,94824363761197.mockFlowFile,24B]; routing to relationship simple
[pool-3690-thread-1] INFO org.apache.nifi.processors.standard.RouteText - RouteText[id=7eed8dc2-ebc4-49da-951a-9990a8cef519] Routing FlowFile[2736,94824363761197.mockFlowFile,24B] to original
[main] DEBUG org.apache.nifi.processors.standard.RouteText - RouteText[id=7eed8dc2-ebc4-49da-951a-9990a8cef519] Adding new dynamic property: PropertyDescriptor[simple]
[pool-3691-thread-1] INFO org.apache.nifi.processors.standard.RouteText - RouteText[id=7eed8dc2-ebc4-49da-951a-9990a8cef519] Created FlowFile[2739,94824364235276.mockFlowFile,24B] from FlowFile[2738,94824364235276.mockFlowFile,24B]; routing to relationship simple
[pool-3691-thread-1] INFO org.apache.nifi.processors.standard.RouteText - RouteText[id=7eed8dc2-ebc4-49da-951a-9990a8cef519] Routing FlowFile[2738,94824364235276.mockFlowFile,24B] to original
[main] DEBUG org.apache.nifi.processors.standard.RouteText - RouteText[id=7eed8dc2-ebc4-49da-951a-9990a8cef519] Adding new dynamic property: PropertyDescriptor[simple]
[pool-3692-thread-1] INFO org.apache.nifi.processors.standard.RouteText - RouteText[id=7eed8dc2-ebc4-49da-951a-9990a8cef519] Created FlowFile[2741,94824364716732.mockFlowFile,24B] from FlowFile[2740,94824364716732.mockFlowFile,24B]; routing to relationship simple
[pool-3692-thread-1] INFO org.apache.nifi.processors.standard.RouteText - RouteText[id=7eed8dc2-ebc4-49da-951a-9990a8cef519] Routing FlowFile[2740,94824364716732.mockFlowFile,24B] to original
[main] DEBUG org.apache.nifi.processors.standard.RouteText - RouteText[id=7eed8dc2-ebc4-49da-951a-9990a8cef519] Adding new dynamic property: PropertyDescriptor[simple]
[pool-3693-thread-1] INFO org.apache.nifi.processors.standard.RouteText - RouteText[id=7eed8dc2-ebc4-49da-951a-9990a8cef519] Created FlowFile[2743,94824365209556.mockFlowFile,24B] from FlowFile[2742,94824365209556.mockFlowFile,24B]; routing to relationship simple
[pool-3693-thread-1] INFO org.apache.nifi.processors.standard.RouteText - RouteText[id=7eed8dc2-ebc4-49da-951a-9990a8cef519] Routing FlowFile[2742,94824365209556.mockFlowFile,24B] to original
[main] DEBUG org.apache.nifi.processors.standard.RouteText - RouteText[id=7eed8dc2-ebc4-49da-951a-9990a8cef519] Adding new dynamic property: PropertyDescriptor[simple]
[pool-3694-thread-1] INFO org.apache.nifi.processors.standard.RouteText - RouteText[id=7eed8dc2-ebc4-49da-951a-9990a8cef519] Created FlowFile[2745,94824365648315.mockFlowFile,24B] from FlowFile[2744,94824365648315.mockFlowFile,24B]; routing to relationship simple
[pool-3694-thread-1] INFO org.apache.nifi.processors.standard.RouteText - RouteText[id=7eed8dc2-ebc4-49da-951a-9990a8cef519] Routing FlowFile[2744,94824365648315.mockFlowFile,24B] to original
[main] DEBUG org.apache.nifi.processors.standard.RouteText - RouteText[id=7eed8dc2-ebc4-49da-951a-9990a8cef519] Adding new dynamic property: PropertyDescriptor[simple]
[pool-3695-thread-1] INFO org.apache.nifi.processors.standard.RouteText - RouteText[id=7eed8dc2-ebc4-49da-951a-9990a8cef519] Created FlowFile[2747,94824366127293.mockFlowFile,24B] from FlowFile[2746,94824366127293.mockFlowFile,24B]; routing to relationship simple
[pool-3695-thread-1] INFO org.apache.nifi.processors.standard.RouteText - RouteText[id=7eed8dc2-ebc4-49da-951a-9990a8cef519] Routing FlowFile[2746,94824366127293.mockFlowFile,24B] to original
[main] DEBUG org.apache.nifi.processors.standard.RouteText - RouteText[id=7eed8dc2-ebc4-49da-951a-9990a8cef519] Adding new dynamic property: PropertyDescriptor[simple]
[pool-3696-thread-1] INFO org.apache.nifi.processors.standard.RouteText - RouteText[id=7eed8dc2-ebc4-49da-951a-9990a8cef519] Created FlowFile[2749,94824366572757.mockFlowFile,24B] from FlowFile[2748,94824366572757.mockFlowFile,24B]; routing to relationship simple
[pool-3696-thread-1] INFO org.apache.nifi.processors.standard.RouteText - RouteText[id=7eed8dc2-ebc4-49da-951a-9990a8cef519] Routing FlowFile[2748,94824366572757.mockFlowFile,24B] to original
[main] DEBUG org.apache.nifi.processors.standard.RouteText - RouteText[id=7eed8dc2-ebc4-49da-951a-9990a8cef519] Adding new dynamic property: PropertyDescriptor[simple]
[pool-3697-thread-1] INFO org.apache.nifi.processors.standard.RouteText - RouteText[id=7eed8dc2-ebc4-49da-951a-9990a8cef519] Created FlowFile[2751,94824367014907.mockFlowFile,24B] from FlowFile[2750,94824367014907.mockFlowFile,24B]; routing to relationship simple
[pool-3697-thread-1] INFO org.apache.nifi.processors.standard.RouteText - RouteText[id=7eed8dc2-ebc4-49da-951a-9990a8cef519] Routing FlowFile[2750,94824367014907.mockFlowFile,24B] to original
[main] DEBUG org.apache.nifi.processors.standard.RouteText - RouteText[id=7eed8dc2-ebc4-49da-951a-9990a8cef519] Adding new dynamic property: PropertyDescriptor[simple]
[pool-3698-thread-1] INFO org.apache.nifi.processors.standard.RouteText - RouteText[id=7eed8dc2-ebc4-49da-951a-9990a8cef519] Created FlowFile[2753,94824367479021.mockFlowFile,24B] from FlowFile[2752,94824367479021.mockFlowFile,24B]; routing to relationship simple
[pool-3698-thread-1] INFO org.apache.nifi.processors.standard.RouteText - RouteText[id=7eed8dc2-ebc4-49da-951a-9990a8cef519] Routing FlowFile[2752,94824367479021.mockFlowFile,24B] to original
[main] DEBUG org.apache.nifi.processors.standard.RouteText - RouteText[id=7eed8dc2-ebc4-49da-951a-9990a8cef519] Adding new dynamic property: PropertyDescriptor[simple]
[pool-3699-thread-1] INFO org.apache.nifi.processors.standard.RouteText - RouteText[id=7eed8dc2-ebc4-49da-951a-9990a8cef519] Created FlowFile[2755,94824367939347.mockFlowFile,24B] from FlowFile[2754,94824367939347.mockFlowFile,24B]; routing to relationship simple
[pool-3699-thread-1] INFO org.apache.nifi.processors.standard.RouteText - RouteText[id=7eed8dc2-ebc4-49da-951a-9990a8cef519] Routing FlowFile[2754,94824367939347.mockFlowFile,24B] to original
[main] DEBUG org.apache.nifi.processors.standard.RouteText - RouteText[id=7eed8dc2-ebc4-49da-951a-9990a8cef519] Adding new dynamic property: PropertyDescriptor[simple]
[pool-3700-thread-1] INFO org.apache.nifi.processors.standard.RouteText - RouteText[id=7eed8dc2-ebc4-49da-951a-9990a8cef519] Created FlowFile[2757,94824368437065.mockFlowFile,24B] from FlowFile[2756,94824368437065.mockFlowFile,24B]; routing to relationship simple
[pool-3700-thread-1] INFO org.apache.nifi.processors.standard.RouteText - RouteText[id=7eed8dc2-ebc4-49da-951a-9990a8cef519] Routing FlowFile[2756,94824368437065.mockFlowFile,24B] to original
[main] DEBUG org.apache.nifi.processors.standard.RouteText - RouteText[id=7eed8dc2-ebc4-49da-951a-9990a8cef519] Adding new dynamic property: PropertyDescriptor[simple]
[pool-3701-thread-1] INFO org.apache.nifi.processors.standard.RouteText - RouteText[id=7eed8dc2-ebc4-49da-951a-9990a8cef519] Created FlowFile[2759,94824368933355.mockFlowFile,24B] from FlowFile[2758,94824368933355.mockFlowFile,24B]; routing to relationship simple
[pool-3701-thread-1] INFO org.apache.nifi.processors.standard.RouteText - RouteText[id=7eed8dc2-ebc4-49da-951a-9990a8cef519] Routing FlowFile[2758,94824368933355.mockFlowFile,24B] to original
[main] DEBUG org.apache.nifi.processors.standard.RouteText - RouteText[id=7eed8dc2-ebc4-49da-951a-9990a8cef519] Adding new dynamic property: PropertyDescriptor[simple]
[pool-3702-thread-1] INFO org.apache.nifi.processors.standard.RouteText - RouteText[id=7eed8dc2-ebc4-49da-951a-9990a8cef519] Created FlowFile[2761,94824369388608.mockFlowFile,24B] from FlowFile[2760,94824369388608.mockFlowFile,24B]; routing to relationship simple
[pool-3702-thread-1] INFO org.apache.nifi.processors.standard.RouteText - RouteText[id=7eed8dc2-ebc4-49da-951a-9990a8cef519] Routing FlowFile[2760,94824369388608.mockFlowFile,24B] to original
[main] DEBUG org.apache.nifi.processors.standard.RouteText - RouteText[id=7eed8dc2-ebc4-49da-951a-9990a8cef519] Adding new dynamic property: PropertyDescriptor[simple]
[pool-3703-thread-1] INFO org.apache.nifi.processors.standard.RouteText - RouteText[id=7eed8dc2-ebc4-49da-951a-9990a8cef519] Created FlowFile[2763,94824369838180.mockFlowFile,24B] from FlowFile[2762,94824369838180.mockFlowFile,24B]; routing to relationship simple
[pool-3703-thread-1] INFO org.apache.nifi.processors.standard.RouteText - RouteText[id=7eed8dc2-ebc4-49da-951a-9990a8cef519] Routing FlowFile[2762,94824369838180.mockFlowFile,24B] to original
[main] DEBUG org.apache.nifi.processors.standard.RouteText - RouteText[id=7eed8dc2-ebc4-49da-951a-9990a8cef519] Adding new dynamic property: PropertyDescriptor[simple]
[pool-3704-thread-1] INFO org.apache.nifi.processors.standard.RouteText - RouteText[id=7eed8dc2-ebc4-49da-951a-9990a8cef519] Created FlowFile[2765,94824370297426.mockFlowFile,24B] from FlowFile[2764,94824370297426.mockFlowFile,24B]; routing to relationship simple
[pool-3704-thread-1] INFO org.apache.nifi.processors.standard.RouteText - RouteText[id=7eed8dc2-ebc4-49da-951a-9990a8cef519] Routing FlowFile[2764,94824370297426.mockFlowFile,24B] to original
[main] DEBUG org.apache.nifi.processors.standard.RouteText - RouteText[id=7eed8dc2-ebc4-49da-951a-9990a8cef519] Adding new dynamic property: PropertyDescriptor[simple]
[pool-3705-thread-1] INFO org.apache.nifi.processors.standard.RouteText - RouteText[id=7eed8dc2-ebc4-49da-951a-9990a8cef519] Created FlowFile[2767,94824370757407.mockFlowFile,24B] from FlowFile[2766,94824370757407.mockFlowFile,24B]; routing to relationship simple
[pool-3705-thread-1] INFO org.apache.nifi.processors.standard.RouteText - RouteText[id=7eed8dc2-ebc4-49da-951a-9990a8cef519] Routing FlowFile[2766,94824370757407.mockFlowFile,24B] to original
[main] DEBUG org.apache.nifi.processors.standard.RouteText - RouteText[id=7eed8dc2-ebc4-49da-951a-9990a8cef519] Adding new dynamic property: PropertyDescriptor[simple]
[pool-3706-thread-1] INFO org.apache.nifi.processors.standard.RouteText - RouteText[id=7eed8dc2-ebc4-49da-951a-9990a8cef519] Created FlowFile[2769,94824371222097.mockFlowFile,24B] from FlowFile[2768,94824371222097.mockFlowFile,24B]; routing to relationship simple
[pool-3706-thread-1] INFO org.apache.nifi.processors.standard.RouteText - RouteText[id=7eed8dc2-ebc4-49da-951a-9990a8cef519] Routing FlowFile[2768,94824371222097.mockFlowFile,24B] to original
[main] DEBUG org.apache.nifi.processors.standard.RouteText - RouteText[id=7eed8dc2-ebc4-49da-951a-9990a8cef519] Adding new dynamic property: PropertyDescriptor[simple]
[pool-3707-thread-1] INFO org.apache.nifi.processors.standard.RouteText - RouteText[id=7eed8dc2-ebc4-49da-951a-9990a8cef519] Created FlowFile[2771,94824371674829.mockFlowFile,24B] from FlowFile[2770,94824371674829.mockFlowFile,24B]; routing to relationship simple
[pool-3707-thread-1] INFO org.apache.nifi.processors.standard.RouteText - RouteText[id=7eed8dc2-ebc4-49da-951a-9990a8cef519] Routing FlowFile[2770,94824371674829.mockFlowFile,24B] to original
[main] DEBUG org.apache.nifi.processors.standard.RouteText - RouteText[id=7eed8dc2-ebc4-49da-951a-9990a8cef519] Adding new dynamic property: PropertyDescriptor[simple]
[pool-3708-thread-1] INFO org.apache.nifi.processors.standard.RouteText - RouteText[id=7eed8dc2-ebc4-49da-951a-9990a8cef519] Created FlowFile[2773,94824372137892.mockFlowFile,24B] from FlowFile[2772,94824372137892.mockFlowFile,24B]; routing to relationship simple
[pool-3708-thread-1] INFO org.apache.nifi.processors.standard.RouteText - RouteText[id=7eed8dc2-ebc4-49da-951a-9990a8cef519] Routing FlowFile[2772,94824372137892.mockFlowFile,24B] to original
[main] DEBUG org.apache.nifi.processors.standard.RouteText - RouteText[id=7eed8dc2-ebc4-49da-951a-9990a8cef519] Adding new dynamic property: PropertyDescriptor[simple]
[pool-3709-thread-1] INFO org.apache.nifi.processors.standard.RouteText - RouteText[id=7eed8dc2-ebc4-49da-951a-9990a8cef519] Created FlowFile[2775,94824372640895.mockFlowFile,24B] from FlowFile[2774,94824372640895.mockFlowFile,24B]; routing to relationship simple
[pool-3709-thread-1] INFO org.apache.nifi.processors.standard.RouteText - RouteText[id=7eed8dc2-ebc4-49da-951a-9990a8cef519] Routing FlowFile[2774,94824372640895.mockFlowFile,24B] to original
[main] DEBUG org.apache.nifi.processors.standard.RouteText - RouteText[id=7eed8dc2-ebc4-49da-951a-9990a8cef519] Adding new dynamic property: PropertyDescriptor[simple]
[pool-3710-thread-1] INFO org.apache.nifi.processors.standard.RouteText - RouteText[id=7eed8dc2-ebc4-49da-951a-9990a8cef519] Created FlowFile[2777,94824373115315.mockFlowFile,24B] from FlowFile[2776,94824373115315.mockFlowFile,24B]; routing to relationship simple
[pool-3710-thread-1] INFO org.apache.nifi.processors.standard.RouteText - RouteText[id=7eed8dc2-ebc4-49da-951a-9990a8cef519] Routing FlowFile[2776,94824373115315.mockFlowFile,24B] to original
[main] DEBUG org.apache.nifi.processors.standard.RouteText - RouteText[id=7eed8dc2-ebc4-49da-951a-9990a8cef519] Adding new dynamic property: PropertyDescriptor[simple]
[pool-3711-thread-1] INFO org.apache.nifi.processors.standard.RouteText - RouteText[id=7eed8dc2-ebc4-49da-951a-9990a8cef519] Created FlowFile[2779,94824373580985.mockFlowFile,24B] from FlowFile[2778,94824373580985.mockFlowFile,24B]; routing to relationship simple
[pool-3711-thread-1] INFO org.apache.nifi.processors.standard.RouteText - RouteText[id=7eed8dc2-ebc4-49da-951a-9990a8cef519] Routing FlowFile[2778,94824373580985.mockFlowFile,24B] to original
[main] DEBUG org.apache.nifi.processors.standard.RouteText - RouteText[id=7eed8dc2-ebc4-49da-951a-9990a8cef519] Adding new dynamic property: PropertyDescriptor[simple]
[pool-3712-thread-1] INFO org.apache.nifi.processors.standard.RouteText - RouteText[id=7eed8dc2-ebc4-49da-951a-9990a8cef519] Created FlowFile[2781,94824374036222.mockFlowFile,24B] from FlowFile[2780,94824374036222.mockFlowFile,24B]; routing to relationship simple
[pool-3712-thread-1] INFO org.apache.nifi.processors.standard.RouteText - RouteText[id=7eed8dc2-ebc4-49da-951a-9990a8cef519] Routing FlowFile[2780,94824374036222.mockFlowFile,24B] to original
[main] DEBUG org.apache.nifi.processors.standard.RouteText - RouteText[id=7eed8dc2-ebc4-49da-951a-9990a8cef519] Adding new dynamic property: PropertyDescriptor[simple]
[pool-3713-thread-1] INFO org.apache.nifi.processors.standard.RouteText - RouteText[id=7eed8dc2-ebc4-49da-951a-9990a8cef519] Created FlowFile[2783,94824374475065.mockFlowFile,24B] from FlowFile[2782,94824374475065.mockFlowFile,24B]; routing to relationship simple
[pool-3713-thread-1] INFO org.apache.nifi.processors.standard.RouteText - RouteText[id=7eed8dc2-ebc4-49da-951a-9990a8cef519] Routing FlowFile[2782,94824374475065.mockFlowFile,24B] to original
[main] DEBUG org.apache.nifi.processors.standard.RouteText - RouteText[id=7eed8dc2-ebc4-49da-951a-9990a8cef519] Adding new dynamic property: PropertyDescriptor[simple]
[pool-3714-thread-1] INFO org.apache.nifi.processors.standard.RouteText - RouteText[id=7eed8dc2-ebc4-49da-951a-9990a8cef519] Created FlowFile[2785,94824374914873.mockFlowFile,24B] from FlowFile[2784,94824374914873.mockFlowFile,24B]; routing to relationship simple
[pool-3714-thread-1] INFO org.apache.nifi.processors.standard.RouteText - RouteText[id=7eed8dc2-ebc4-49da-951a-9990a8cef519] Routing FlowFile[2784,94824374914873.mockFlowFile,24B] to original
[main] DEBUG org.apache.nifi.processors.standard.RouteText - RouteText[id=7eed8dc2-ebc4-49da-951a-9990a8cef519] Adding new dynamic property: PropertyDescriptor[simple]
[pool-3715-thread-1] INFO org.apache.nifi.processors.standard.RouteText - RouteText[id=7eed8dc2-ebc4-49da-951a-9990a8cef519] Created FlowFile[2787,94824375362987.mockFlowFile,24B] from FlowFile[2786,94824375362987.mockFlowFile,24B]; routing to relationship simple
[pool-3715-thread-1] INFO org.apache.nifi.processors.standard.RouteText - RouteText[id=7eed8dc2-ebc4-49da-951a-9990a8cef519] Routing FlowFile[2786,94824375362987.mockFlowFile,24B] to original
[main] DEBUG org.apache.nifi.processors.standard.RouteText - RouteText[id=7eed8dc2-ebc4-49da-951a-9990a8cef519] Adding new dynamic property: PropertyDescriptor[simple]
[pool-3716-thread-1] INFO org.apache.nifi.processors.standard.RouteText - RouteText[id=7eed8dc2-ebc4-49da-951a-9990a8cef519] Created FlowFile[2789,94824376181421.mockFlowFile,24B] from FlowFile[2788,94824376181421.mockFlowFile,24B]; routing to relationship simple
[pool-3716-thread-1] INFO org.apache.nifi.processors.standard.RouteText - RouteText[id=7eed8dc2-ebc4-49da-951a-9990a8cef519] Routing FlowFile[2788,94824376181421.mockFlowFile,24B] to original
[main] DEBUG org.apache.nifi.processors.standard.RouteText - RouteText[id=7eed8dc2-ebc4-49da-951a-9990a8cef519] Adding new dynamic property: PropertyDescriptor[simple]
[pool-3717-thread-1] INFO org.apache.nifi.processors.standard.RouteText - RouteText[id=7eed8dc2-ebc4-49da-951a-9990a8cef519] Created FlowFile[2791,94824376687620.mockFlowFile,24B] from FlowFile[2790,94824376687620.mockFlowFile,24B]; routing to relationship simple
[pool-3717-thread-1] INFO org.apache.nifi.processors.standard.RouteText - RouteText[id=7eed8dc2-ebc4-49da-951a-9990a8cef519] Routing FlowFile[2790,94824376687620.mockFlowFile,24B] to original
[main] DEBUG org.apache.nifi.processors.standard.RouteText - RouteText[id=7eed8dc2-ebc4-49da-951a-9990a8cef519] Adding new dynamic property: PropertyDescriptor[simple]
[pool-3718-thread-1] INFO org.apache.nifi.processors.standard.RouteText - RouteText[id=7eed8dc2-ebc4-49da-951a-9990a8cef519] Created FlowFile[2793,94824377181592.mockFlowFile,24B] from FlowFile[2792,94824377181592.mockFlowFile,24B]; routing to relationship simple
[pool-3718-thread-1] INFO org.apache.nifi.processors.standard.RouteText - RouteText[id=7eed8dc2-ebc4-49da-951a-9990a8cef519] Routing FlowFile[2792,94824377181592.mockFlowFile,24B] to original
[main] DEBUG org.apache.nifi.processors.standard.RouteText - RouteText[id=7eed8dc2-ebc4-49da-951a-9990a8cef519] Adding new dynamic property: PropertyDescriptor[simple]
[pool-3719-thread-1] INFO org.apache.nifi.processors.standard.RouteText - RouteText[id=7eed8dc2-ebc4-49da-951a-9990a8cef519] Created FlowFile[2795,94824403769358.mockFlowFile,24B] from FlowFile[2794,94824403769358.mockFlowFile,24B]; routing to relationship simple
[pool-3719-thread-1] INFO org.apache.nifi.processors.standard.RouteText - RouteText[id=7eed8dc2-ebc4-49da-951a-9990a8cef519] Routing FlowFile[2794,94824403769358.mockFlowFile,24B] to original
[main] DEBUG org.apache.nifi.processors.standard.RouteText - RouteText[id=7eed8dc2-ebc4-49da-951a-9990a8cef519] Adding new dynamic property: PropertyDescriptor[simple]
[pool-3720-thread-1] INFO org.apache.nifi.processors.standard.RouteText - RouteText[id=7eed8dc2-ebc4-49da-951a-9990a8cef519] Created FlowFile[2797,94824404439634.mockFlowFile,24B] from FlowFile[2796,94824404439634.mockFlowFile,24B]; routing to relationship simple
[pool-3720-thread-1] INFO org.apache.nifi.processors.standard.RouteText - RouteText[id=7eed8dc2-ebc4-49da-951a-9990a8cef519] Routing FlowFile[2796,94824404439634.mockFlowFile,24B] to original
[main] DEBUG org.apache.nifi.processors.standard.RouteText - RouteText[id=7eed8dc2-ebc4-49da-951a-9990a8cef519] Adding new dynamic property: PropertyDescriptor[simple]
[pool-3721-thread-1] INFO org.apache.nifi.processors.standard.RouteText - RouteText[id=7eed8dc2-ebc4-49da-951a-9990a8cef519] Created FlowFile[2799,94824404989039.mockFlowFile,24B] from FlowFile[2798,94824404989039.mockFlowFile,24B]; routing to relationship simple
[pool-3721-thread-1] INFO org.apache.nifi.processors.standard.RouteText - RouteText[id=7eed8dc2-ebc4-49da-951a-9990a8cef519] Routing FlowFile[2798,94824404989039.mockFlowFile,24B] to original
[main] DEBUG org.apache.nifi.processors.standard.RouteText - RouteText[id=7eed8dc2-ebc4-49da-951a-9990a8cef519] Adding new dynamic property: PropertyDescriptor[simple]
[pool-3722-thread-1] INFO org.apache.nifi.processors.standard.RouteText - RouteText[id=7eed8dc2-ebc4-49da-951a-9990a8cef519] Created FlowFile[2801,94824405558072.mockFlowFile,24B] from FlowFile[2800,94824405558072.mockFlowFile,24B]; routing to relationship simple
[pool-3722-thread-1] INFO org.apache.nifi.processors.standard.RouteText - RouteText[id=7eed8dc2-ebc4-49da-951a-9990a8cef519] Routing FlowFile[2800,94824405558072.mockFlowFile,24B] to original
[main] DEBUG org.apache.nifi.processors.standard.RouteText - RouteText[id=7eed8dc2-ebc4-49da-951a-9990a8cef519] Adding new dynamic property: PropertyDescriptor[simple]
[pool-3723-thread-1] INFO org.apache.nifi.processors.standard.RouteText - RouteText[id=7eed8dc2-ebc4-49da-951a-9990a8cef519] Created FlowFile[2803,94824406179193.mockFlowFile,24B] from FlowFile[2802,94824406179193.mockFlowFile,24B]; routing to relationship simple
[pool-3723-thread-1] INFO org.apache.nifi.processors.standard.RouteText - RouteText[id=7eed8dc2-ebc4-49da-951a-9990a8cef519] Routing FlowFile[2802,94824406179193.mockFlowFile,24B] to original
[main] DEBUG org.apache.nifi.processors.standard.RouteText - RouteText[id=7eed8dc2-ebc4-49da-951a-9990a8cef519] Adding new dynamic property: PropertyDescriptor[simple]
[pool-3724-thread-1] INFO org.apache.nifi.processors.standard.RouteText - RouteText[id=7eed8dc2-ebc4-49da-951a-9990a8cef519] Created FlowFile[2805,94824406824933.mockFlowFile,24B] from FlowFile[2804,94824406824933.mockFlowFile,24B]; routing to relationship simple
[pool-3724-thread-1] INFO org.apache.nifi.processors.standard.RouteText - RouteText[id=7eed8dc2-ebc4-49da-951a-9990a8cef519] Routing FlowFile[2804,94824406824933.mockFlowFile,24B] to original
[main] DEBUG org.apache.nifi.processors.standard.RouteText - RouteText[id=7eed8dc2-ebc4-49da-951a-9990a8cef519] Adding new dynamic property: PropertyDescriptor[simple]
[pool-3725-thread-1] INFO org.apache.nifi.processors.standard.RouteText - RouteText[id=7eed8dc2-ebc4-49da-951a-9990a8cef519] Created FlowFile[2807,94824407372631.mockFlowFile,24B] from FlowFile[2806,94824407372631.mockFlowFile,24B]; routing to relationship simple
[pool-3725-thread-1] INFO org.apache.nifi.processors.standard.RouteText - RouteText[id=7eed8dc2-ebc4-49da-951a-9990a8cef519] Routing FlowFile[2806,94824407372631.mockFlowFile,24B] to original
[main] DEBUG org.apache.nifi.processors.standard.RouteText - RouteText[id=7eed8dc2-ebc4-49da-951a-9990a8cef519] Adding new dynamic property: PropertyDescriptor[simple]
[pool-3726-thread-1] INFO org.apache.nifi.processors.standard.RouteText - RouteText[id=7eed8dc2-ebc4-49da-951a-9990a8cef519] Created FlowFile[2809,94824408091801.mockFlowFile,24B] from FlowFile[2808,94824408091801.mockFlowFile,24B]; routing to relationship simple
[pool-3726-thread-1] INFO org.apache.nifi.processors.standard.RouteText - RouteText[id=7eed8dc2-ebc4-49da-951a-9990a8cef519] Routing FlowFile[2808,94824408091801.mockFlowFile,24B] to original
[main] DEBUG org.apache.nifi.processors.standard.RouteText - RouteText[id=7eed8dc2-ebc4-49da-951a-9990a8cef519] Adding new dynamic property: PropertyDescriptor[simple]
[pool-3727-thread-1] INFO org.apache.nifi.processors.standard.RouteText - RouteText[id=7eed8dc2-ebc4-49da-951a-9990a8cef519] Created FlowFile[2811,94824408761017.mockFlowFile,24B] from FlowFile[2810,94824408761017.mockFlowFile,24B]; routing to relationship simple
[pool-3727-thread-1] INFO org.apache.nifi.processors.standard.RouteText - RouteText[id=7eed8dc2-ebc4-49da-951a-9990a8cef519] Routing FlowFile[2810,94824408761017.mockFlowFile,24B] to original
[main] DEBUG org.apache.nifi.processors.standard.RouteText - RouteText[id=7eed8dc2-ebc4-49da-951a-9990a8cef519] Adding new dynamic property: PropertyDescriptor[simple]
[pool-3728-thread-1] INFO org.apache.nifi.processors.standard.RouteText - RouteText[id=7eed8dc2-ebc4-49da-951a-9990a8cef519] Created FlowFile[2813,94824409375505.mockFlowFile,24B] from FlowFile[2812,94824409375505.mockFlowFile,24B]; routing to relationship simple
[pool-3728-thread-1] INFO org.apache.nifi.processors.standard.RouteText - RouteText[id=7eed8dc2-ebc4-49da-951a-9990a8cef519] Routing FlowFile[2812,94824409375505.mockFlowFile,24B] to original
[main] DEBUG org.apache.nifi.processors.standard.RouteText - RouteText[id=7eed8dc2-ebc4-49da-951a-9990a8cef519] Adding new dynamic property: PropertyDescriptor[simple]
[pool-3729-thread-1] INFO org.apache.nifi.processors.standard.RouteText - RouteText[id=7eed8dc2-ebc4-49da-951a-9990a8cef519] Created FlowFile[2815,94824409906834.mockFlowFile,24B] from FlowFile[2814,94824409906834.mockFlowFile,24B]; routing to relationship simple
[pool-3729-thread-1] INFO org.apache.nifi.processors.standard.RouteText - RouteText[id=7eed8dc2-ebc4-49da-951a-9990a8cef519] Routing FlowFile[2814,94824409906834.mockFlowFile,24B] to original
[main] DEBUG org.apache.nifi.processors.standard.RouteText - RouteText[id=7eed8dc2-ebc4-49da-951a-9990a8cef519] Adding new dynamic property: PropertyDescriptor[simple]
[pool-3730-thread-1] INFO org.apache.nifi.processors.standard.RouteText - RouteText[id=7eed8dc2-ebc4-49da-951a-9990a8cef519] Created FlowFile[2817,94824410448316.mockFlowFile,24B] from FlowFile[2816,94824410448316.mockFlowFile,24B]; routing to relationship simple
[pool-3730-thread-1] INFO org.apache.nifi.processors.standard.RouteText - RouteText[id=7eed8dc2-ebc4-49da-951a-9990a8cef519] Routing FlowFile[2816,94824410448316.mockFlowFile,24B] to original
[main] DEBUG org.apache.nifi.processors.standard.RouteText - RouteText[id=7eed8dc2-ebc4-49da-951a-9990a8cef519] Adding new dynamic property: PropertyDescriptor[simple]
[pool-3731-thread-1] INFO org.apache.nifi.processors.standard.RouteText - RouteText[id=7eed8dc2-ebc4-49da-951a-9990a8cef519] Created FlowFile[2819,94824411076052.mockFlowFile,24B] from FlowFile[2818,94824411076052.mockFlowFile,24B]; routing to relationship simple
[pool-3731-thread-1] INFO org.apache.nifi.processors.standard.RouteText - RouteText[id=7eed8dc2-ebc4-49da-951a-9990a8cef519] Routing FlowFile[2818,94824411076052.mockFlowFile,24B] to original
[main] DEBUG org.apache.nifi.processors.standard.RouteText - RouteText[id=7eed8dc2-ebc4-49da-951a-9990a8cef519] Adding new dynamic property: PropertyDescriptor[simple]
[pool-3732-thread-1] INFO org.apache.nifi.processors.standard.RouteText - RouteText[id=7eed8dc2-ebc4-49da-951a-9990a8cef519] Created FlowFile[2821,94824411715986.mockFlowFile,24B] from FlowFile[2820,94824411715986.mockFlowFile,24B]; routing to relationship simple
[pool-3732-thread-1] INFO org.apache.nifi.processors.standard.RouteText - RouteText[id=7eed8dc2-ebc4-49da-951a-9990a8cef519] Routing FlowFile[2820,94824411715986.mockFlowFile,24B] to original
[main] DEBUG org.apache.nifi.processors.standard.RouteText - RouteText[id=7eed8dc2-ebc4-49da-951a-9990a8cef519] Adding new dynamic property: PropertyDescriptor[simple]
[pool-3733-thread-1] INFO org.apache.nifi.processors.standard.RouteText - RouteText[id=7eed8dc2-ebc4-49da-951a-9990a8cef519] Created FlowFile[2823,94824412285388.mockFlowFile,24B] from FlowFile[2822,94824412285388.mockFlowFile,24B]; routing to relationship simple
[pool-3733-thread-1] INFO org.apache.nifi.processors.standard.RouteText - RouteText[id=7eed8dc2-ebc4-49da-951a-9990a8cef519] Routing FlowFile[2822,94824412285388.mockFlowFile,24B] to original
[main] DEBUG org.apache.nifi.processors.standard.RouteText - RouteText[id=7eed8dc2-ebc4-49da-951a-9990a8cef519] Adding new dynamic property: PropertyDescriptor[simple]
[pool-3734-thread-1] INFO org.apache.nifi.processors.standard.RouteText - RouteText[id=7eed8dc2-ebc4-49da-951a-9990a8cef519] Created FlowFile[2825,94824412872923.mockFlowFile,24B] from FlowFile[2824,94824412872923.mockFlowFile,24B]; routing to relationship simple
[pool-3734-thread-1] INFO org.apache.nifi.processors.standard.RouteText - RouteText[id=7eed8dc2-ebc4-49da-951a-9990a8cef519] Routing FlowFile[2824,94824412872923.mockFlowFile,24B] to original
[main] DEBUG org.apache.nifi.processors.standard.RouteText - RouteText[id=7eed8dc2-ebc4-49da-951a-9990a8cef519] Adding new dynamic property: PropertyDescriptor[simple]
[pool-3735-thread-1] INFO org.apache.nifi.processors.standard.RouteText - RouteText[id=7eed8dc2-ebc4-49da-951a-9990a8cef519] Created FlowFile[2827,94824413429966.mockFlowFile,24B] from FlowFile[2826,94824413429966.mockFlowFile,24B]; routing to relationship simple
[pool-3735-thread-1] INFO org.apache.nifi.processors.standard.RouteText - RouteText[id=7eed8dc2-ebc4-49da-951a-9990a8cef519] Routing FlowFile[2826,94824413429966.mockFlowFile,24B] to original
[main] DEBUG org.apache.nifi.processors.standard.RouteText - RouteText[id=7eed8dc2-ebc4-49da-951a-9990a8cef519] Adding new dynamic property: PropertyDescriptor[simple]
[pool-3736-thread-1] INFO org.apache.nifi.processors.standard.RouteText - RouteText[id=7eed8dc2-ebc4-49da-951a-9990a8cef519] Created FlowFile[2829,94824413939842.mockFlowFile,24B] from FlowFile[2828,94824413939842.mockFlowFile,24B]; routing to relationship simple
[pool-3736-thread-1] INFO org.apache.nifi.processors.standard.RouteText - RouteText[id=7eed8dc2-ebc4-49da-951a-9990a8cef519] Routing FlowFile[2828,94824413939842.mockFlowFile,24B] to original
[main] DEBUG org.apache.nifi.processors.standard.RouteText - RouteText[id=7eed8dc2-ebc4-49da-951a-9990a8cef519] Adding new dynamic property: PropertyDescriptor[simple]
[pool-3737-thread-1] INFO org.apache.nifi.processors.standard.RouteText - RouteText[id=7eed8dc2-ebc4-49da-951a-9990a8cef519] Created FlowFile[2831,94824414485770.mockFlowFile,24B] from FlowFile[2830,94824414485770.mockFlowFile,24B]; routing to relationship simple
[pool-3737-thread-1] INFO org.apache.nifi.processors.standard.RouteText - RouteText[id=7eed8dc2-ebc4-49da-951a-9990a8cef519] Routing FlowFile[2830,94824414485770.mockFlowFile,24B] to original
[main] DEBUG org.apache.nifi.processors.standard.RouteText - RouteText[id=7eed8dc2-ebc4-49da-951a-9990a8cef519] Adding new dynamic property: PropertyDescriptor[simple]
[pool-3738-thread-1] INFO org.apache.nifi.processors.standard.RouteText - RouteText[id=7eed8dc2-ebc4-49da-951a-9990a8cef519] Created FlowFile[2833,94824415120569.mockFlowFile,24B] from FlowFile[2832,94824415120569.mockFlowFile,24B]; routing to relationship simple
[pool-3738-thread-1] INFO org.apache.nifi.processors.standard.RouteText - RouteText[id=7eed8dc2-ebc4-49da-951a-9990a8cef519] Routing FlowFile[2832,94824415120569.mockFlowFile,24B] to original
[main] DEBUG org.apache.nifi.processors.standard.RouteText - RouteText[id=7eed8dc2-ebc4-49da-951a-9990a8cef519] Adding new dynamic property: PropertyDescriptor[simple]
[pool-3739-thread-1] INFO org.apache.nifi.processors.standard.RouteText - RouteText[id=7eed8dc2-ebc4-49da-951a-9990a8cef519] Created FlowFile[2835,94824415638230.mockFlowFile,24B] from FlowFile[2834,94824415638230.mockFlowFile,24B]; routing to relationship simple
[pool-3739-thread-1] INFO org.apache.nifi.processors.standard.RouteText - RouteText[id=7eed8dc2-ebc4-49da-951a-9990a8cef519] Routing FlowFile[2834,94824415638230.mockFlowFile,24B] to original
[main] DEBUG org.apache.nifi.processors.standard.RouteText - RouteText[id=7eed8dc2-ebc4-49da-951a-9990a8cef519] Adding new dynamic property: PropertyDescriptor[simple]
[pool-3740-thread-1] INFO org.apache.nifi.processors.standard.RouteText - RouteText[id=7eed8dc2-ebc4-49da-951a-9990a8cef519] Created FlowFile[2837,94824416073702.mockFlowFile,24B] from FlowFile[2836,94824416073702.mockFlowFile,24B]; routing to relationship simple
[pool-3740-thread-1] INFO org.apache.nifi.processors.standard.RouteText - RouteText[id=7eed8dc2-ebc4-49da-951a-9990a8cef519] Routing FlowFile[2836,94824416073702.mockFlowFile,24B] to original
[main] DEBUG org.apache.nifi.processors.standard.RouteText - RouteText[id=7eed8dc2-ebc4-49da-951a-9990a8cef519] Adding new dynamic property: PropertyDescriptor[simple]
[pool-3741-thread-1] INFO org.apache.nifi.processors.standard.RouteText - RouteText[id=7eed8dc2-ebc4-49da-951a-9990a8cef519] Created FlowFile[2839,94824416622744.mockFlowFile,24B] from FlowFile[2838,94824416622744.mockFlowFile,24B]; routing to relationship simple
[pool-3741-thread-1] INFO org.apache.nifi.processors.standard.RouteText - RouteText[id=7eed8dc2-ebc4-49da-951a-9990a8cef519] Routing FlowFile[2838,94824416622744.mockFlowFile,24B] to original
[main] DEBUG org.apache.nifi.processors.standard.RouteText - RouteText[id=7eed8dc2-ebc4-49da-951a-9990a8cef519] Adding new dynamic property: PropertyDescriptor[simple]
[pool-3742-thread-1] INFO org.apache.nifi.processors.standard.RouteText - RouteText[id=7eed8dc2-ebc4-49da-951a-9990a8cef519] Created FlowFile[2841,94824417181883.mockFlowFile,24B] from FlowFile[2840,94824417181883.mockFlowFile,24B]; routing to relationship simple
[pool-3742-thread-1] INFO org.apache.nifi.processors.standard.RouteText - RouteText[id=7eed8dc2-ebc4-49da-951a-9990a8cef519] Routing FlowFile[2840,94824417181883.mockFlowFile,24B] to original
[main] DEBUG org.apache.nifi.processors.standard.RouteText - RouteText[id=7eed8dc2-ebc4-49da-951a-9990a8cef519] Adding new dynamic property: PropertyDescriptor[simple]
[pool-3743-thread-1] INFO org.apache.nifi.processors.standard.RouteText - RouteText[id=7eed8dc2-ebc4-49da-951a-9990a8cef519] Created FlowFile[2843,94824417733419.mockFlowFile,24B] from FlowFile[2842,94824417733419.mockFlowFile,24B]; routing to relationship simple
[pool-3743-thread-1] INFO org.apache.nifi.processors.standard.RouteText - RouteText[id=7eed8dc2-ebc4-49da-951a-9990a8cef519] Routing FlowFile[2842,94824417733419.mockFlowFile,24B] to original
[main] DEBUG org.apache.nifi.processors.standard.RouteText - RouteText[id=7eed8dc2-ebc4-49da-951a-9990a8cef519] Adding new dynamic property: PropertyDescriptor[simple]
[pool-3744-thread-1] INFO org.apache.nifi.processors.standard.RouteText - RouteText[id=7eed8dc2-ebc4-49da-951a-9990a8cef519] Created FlowFile[2845,94824418278779.mockFlowFile,24B] from FlowFile[2844,94824418278779.mockFlowFile,24B]; routing to relationship simple
[pool-3744-thread-1] INFO org.apache.nifi.processors.standard.RouteText - RouteText[id=7eed8dc2-ebc4-49da-951a-9990a8cef519] Routing FlowFile[2844,94824418278779.mockFlowFile,24B] to original
[main] DEBUG org.apache.nifi.processors.standard.RouteText - RouteText[id=7eed8dc2-ebc4-49da-951a-9990a8cef519] Adding new dynamic property: PropertyDescriptor[simple]
[pool-3745-thread-1] INFO org.apache.nifi.processors.standard.RouteText - RouteText[id=7eed8dc2-ebc4-49da-951a-9990a8cef519] Created FlowFile[2847,94824418786887.mockFlowFile,24B] from FlowFile[2846,94824418786887.mockFlowFile,24B]; routing to relationship simple
[pool-3745-thread-1] INFO org.apache.nifi.processors.standard.RouteText - RouteText[id=7eed8dc2-ebc4-49da-951a-9990a8cef519] Routing FlowFile[2846,94824418786887.mockFlowFile,24B] to original
[main] DEBUG org.apache.nifi.processors.standard.RouteText - RouteText[id=7eed8dc2-ebc4-49da-951a-9990a8cef519] Adding new dynamic property: PropertyDescriptor[simple]
[pool-3746-thread-1] INFO org.apache.nifi.processors.standard.RouteText - RouteText[id=7eed8dc2-ebc4-49da-951a-9990a8cef519] Created FlowFile[2849,94824419293879.mockFlowFile,24B] from FlowFile[2848,94824419293879.mockFlowFile,24B]; routing to relationship simple
[pool-3746-thread-1] INFO org.apache.nifi.processors.standard.RouteText - RouteText[id=7eed8dc2-ebc4-49da-951a-9990a8cef519] Routing FlowFile[2848,94824419293879.mockFlowFile,24B] to original
[main] DEBUG org.apache.nifi.processors.standard.RouteText - RouteText[id=7eed8dc2-ebc4-49da-951a-9990a8cef519] Adding new dynamic property: PropertyDescriptor[simple]
[pool-3747-thread-1] INFO org.apache.nifi.processors.standard.RouteText - RouteText[id=7eed8dc2-ebc4-49da-951a-9990a8cef519] Created FlowFile[2851,94824419748331.mockFlowFile,24B] from FlowFile[2850,94824419748331.mockFlowFile,24B]; routing to relationship simple
[pool-3747-thread-1] INFO org.apache.nifi.processors.standard.RouteText - RouteText[id=7eed8dc2-ebc4-49da-951a-9990a8cef519] Routing FlowFile[2850,94824419748331.mockFlowFile,24B] to original
[main] DEBUG org.apache.nifi.processors.standard.RouteText - RouteText[id=7eed8dc2-ebc4-49da-951a-9990a8cef519] Adding new dynamic property: PropertyDescriptor[simple]
[pool-3748-thread-1] INFO org.apache.nifi.processors.standard.RouteText - RouteText[id=7eed8dc2-ebc4-49da-951a-9990a8cef519] Created FlowFile[2853,94824420165520.mockFlowFile,24B] from FlowFile[2852,94824420165520.mockFlowFile,24B]; routing to relationship simple
[pool-3748-thread-1] INFO org.apache.nifi.processors.standard.RouteText - RouteText[id=7eed8dc2-ebc4-49da-951a-9990a8cef519] Routing FlowFile[2852,94824420165520.mockFlowFile,24B] to original
[main] DEBUG org.apache.nifi.processors.standard.RouteText - RouteText[id=7eed8dc2-ebc4-49da-951a-9990a8cef519] Adding new dynamic property: PropertyDescriptor[simple]
[pool-3749-thread-1] INFO org.apache.nifi.processors.standard.RouteText - RouteText[id=7eed8dc2-ebc4-49da-951a-9990a8cef519] Created FlowFile[2855,94824420728269.mockFlowFile,24B] from FlowFile[2854,94824420728269.mockFlowFile,24B]; routing to relationship simple
[pool-3749-thread-1] INFO org.apache.nifi.processors.standard.RouteText - RouteText[id=7eed8dc2-ebc4-49da-951a-9990a8cef519] Routing FlowFile[2854,94824420728269.mockFlowFile,24B] to original
[main] DEBUG org.apache.nifi.processors.standard.RouteText - RouteText[id=7eed8dc2-ebc4-49da-951a-9990a8cef519] Adding new dynamic property: PropertyDescriptor[simple]
[pool-3750-thread-1] INFO org.apache.nifi.processors.standard.RouteText - RouteText[id=7eed8dc2-ebc4-49da-951a-9990a8cef519] Created FlowFile[2857,94824421290234.mockFlowFile,24B] from FlowFile[2856,94824421290234.mockFlowFile,24B]; routing to relationship simple
[pool-3750-thread-1] INFO org.apache.nifi.processors.standard.RouteText - RouteText[id=7eed8dc2-ebc4-49da-951a-9990a8cef519] Routing FlowFile[2856,94824421290234.mockFlowFile,24B] to original
[main] DEBUG org.apache.nifi.processors.standard.RouteText - RouteText[id=7eed8dc2-ebc4-49da-951a-9990a8cef519] Adding new dynamic property: PropertyDescriptor[simple]
[pool-3751-thread-1] INFO org.apache.nifi.processors.standard.RouteText - RouteText[id=7eed8dc2-ebc4-49da-951a-9990a8cef519] Created FlowFile[2859,94824421791729.mockFlowFile,24B] from FlowFile[2858,94824421791729.mockFlowFile,24B]; routing to relationship simple
[pool-3751-thread-1] INFO org.apache.nifi.processors.standard.RouteText - RouteText[id=7eed8dc2-ebc4-49da-951a-9990a8cef519] Routing FlowFile[2858,94824421791729.mockFlowFile,24B] to original
[main] DEBUG org.apache.nifi.processors.standard.RouteText - RouteText[id=7eed8dc2-ebc4-49da-951a-9990a8cef519] Adding new dynamic property: PropertyDescriptor[simple]
[pool-3752-thread-1] INFO org.apache.nifi.processors.standard.RouteText - RouteText[id=7eed8dc2-ebc4-49da-951a-9990a8cef519] Created FlowFile[2861,94824422263433.mockFlowFile,24B] from FlowFile[2860,94824422263433.mockFlowFile,24B]; routing to relationship simple
[pool-3752-thread-1] INFO org.apache.nifi.processors.standard.RouteText - RouteText[id=7eed8dc2-ebc4-49da-951a-9990a8cef519] Routing FlowFile[2860,94824422263433.mockFlowFile,24B] to original
[main] DEBUG org.apache.nifi.processors.standard.RouteText - RouteText[id=7eed8dc2-ebc4-49da-951a-9990a8cef519] Adding new dynamic property: PropertyDescriptor[simple]
[pool-3753-thread-1] INFO org.apache.nifi.processors.standard.RouteText - RouteText[id=7eed8dc2-ebc4-49da-951a-9990a8cef519] Created FlowFile[2863,94824422637619.mockFlowFile,24B] from FlowFile[2862,94824422637619.mockFlowFile,24B]; routing to relationship simple
[pool-3753-thread-1] INFO org.apache.nifi.processors.standard.RouteText - RouteText[id=7eed8dc2-ebc4-49da-951a-9990a8cef519] Routing FlowFile[2862,94824422637619.mockFlowFile,24B] to original
[main] DEBUG org.apache.nifi.processors.standard.RouteText - RouteText[id=7eed8dc2-ebc4-49da-951a-9990a8cef519] Adding new dynamic property: PropertyDescriptor[simple]
[pool-3754-thread-1] INFO org.apache.nifi.processors.standard.RouteText - RouteText[id=7eed8dc2-ebc4-49da-951a-9990a8cef519] Created FlowFile[2865,94824423023246.mockFlowFile,24B] from FlowFile[2864,94824423023246.mockFlowFile,24B]; routing to relationship simple
[pool-3754-thread-1] INFO org.apache.nifi.processors.standard.RouteText - RouteText[id=7eed8dc2-ebc4-49da-951a-9990a8cef519] Routing FlowFile[2864,94824423023246.mockFlowFile,24B] to original
[main] DEBUG org.apache.nifi.processors.standard.RouteText - RouteText[id=7eed8dc2-ebc4-49da-951a-9990a8cef519] Adding new dynamic property: PropertyDescriptor[simple]
[pool-3755-thread-1] INFO org.apache.nifi.processors.standard.RouteText - RouteText[id=7eed8dc2-ebc4-49da-951a-9990a8cef519] Created FlowFile[2867,94824423542033.mockFlowFile,24B] from FlowFile[2866,94824423542033.mockFlowFile,24B]; routing to relationship simple
[pool-3755-thread-1] INFO org.apache.nifi.processors.standard.RouteText - RouteText[id=7eed8dc2-ebc4-49da-951a-9990a8cef519] Routing FlowFile[2866,94824423542033.mockFlowFile,24B] to original
[main] DEBUG org.apache.nifi.processors.standard.RouteText - RouteText[id=7eed8dc2-ebc4-49da-951a-9990a8cef519] Adding new dynamic property: PropertyDescriptor[simple]
[pool-3756-thread-1] INFO org.apache.nifi.processors.standard.RouteText - RouteText[id=7eed8dc2-ebc4-49da-951a-9990a8cef519] Created FlowFile[2869,94824423972517.mockFlowFile,24B] from FlowFile[2868,94824423972517.mockFlowFile,24B]; routing to relationship simple
[pool-3756-thread-1] INFO org.apache.nifi.processors.standard.RouteText - RouteText[id=7eed8dc2-ebc4-49da-951a-9990a8cef519] Routing FlowFile[2868,94824423972517.mockFlowFile,24B] to original
[main] DEBUG org.apache.nifi.processors.standard.RouteText - RouteText[id=7eed8dc2-ebc4-49da-951a-9990a8cef519] Adding new dynamic property: PropertyDescriptor[simple]
[pool-3757-thread-1] INFO org.apache.nifi.processors.standard.RouteText - RouteText[id=7eed8dc2-ebc4-49da-951a-9990a8cef519] Created FlowFile[2871,94824424512582.mockFlowFile,24B] from FlowFile[2870,94824424512582.mockFlowFile,24B]; routing to relationship simple
[pool-3757-thread-1] INFO org.apache.nifi.processors.standard.RouteText - RouteText[id=7eed8dc2-ebc4-49da-951a-9990a8cef519] Routing FlowFile[2870,94824424512582.mockFlowFile,24B] to original
[main] DEBUG org.apache.nifi.processors.standard.RouteText - RouteText[id=7eed8dc2-ebc4-49da-951a-9990a8cef519] Adding new dynamic property: PropertyDescriptor[simple]
[pool-3758-thread-1] INFO org.apache.nifi.processors.standard.RouteText - RouteText[id=7eed8dc2-ebc4-49da-951a-9990a8cef519] Created FlowFile[2873,94824424972374.mockFlowFile,24B] from FlowFile[2872,94824424972374.mockFlowFile,24B]; routing to relationship simple
[pool-3758-thread-1] INFO org.apache.nifi.processors.standard.RouteText - RouteText[id=7eed8dc2-ebc4-49da-951a-9990a8cef519] Routing FlowFile[2872,94824424972374.mockFlowFile,24B] to original
[main] DEBUG org.apache.nifi.processors.standard.RouteText - RouteText[id=7eed8dc2-ebc4-49da-951a-9990a8cef519] Adding new dynamic property: PropertyDescriptor[simple]
[pool-3759-thread-1] INFO org.apache.nifi.processors.standard.RouteText - RouteText[id=7eed8dc2-ebc4-49da-951a-9990a8cef519] Created FlowFile[2875,94824425448696.mockFlowFile,24B] from FlowFile[2874,94824425448696.mockFlowFile,24B]; routing to relationship simple
[pool-3759-thread-1] INFO org.apache.nifi.processors.standard.RouteText - RouteText[id=7eed8dc2-ebc4-49da-951a-9990a8cef519] Routing FlowFile[2874,94824425448696.mockFlowFile,24B] to original
[main] DEBUG org.apache.nifi.processors.standard.RouteText - RouteText[id=7eed8dc2-ebc4-49da-951a-9990a8cef519] Adding new dynamic property: PropertyDescriptor[simple]
[pool-3760-thread-1] INFO org.apache.nifi.processors.standard.RouteText - RouteText[id=7eed8dc2-ebc4-49da-951a-9990a8cef519] Created FlowFile[2877,94824425870665.mockFlowFile,24B] from FlowFile[2876,94824425870665.mockFlowFile,24B]; routing to relationship simple
[pool-3760-thread-1] INFO org.apache.nifi.processors.standard.RouteText - RouteText[id=7eed8dc2-ebc4-49da-951a-9990a8cef519] Routing FlowFile[2876,94824425870665.mockFlowFile,24B] to original
[main] DEBUG org.apache.nifi.processors.standard.RouteText - RouteText[id=7eed8dc2-ebc4-49da-951a-9990a8cef519] Adding new dynamic property: PropertyDescriptor[simple]
[pool-3761-thread-1] INFO org.apache.nifi.processors.standard.RouteText - RouteText[id=7eed8dc2-ebc4-49da-951a-9990a8cef519] Created FlowFile[2879,94824426245277.mockFlowFile,24B] from FlowFile[2878,94824426245277.mockFlowFile,24B]; routing to relationship simple
[pool-3761-thread-1] INFO org.apache.nifi.processors.standard.RouteText - RouteText[id=7eed8dc2-ebc4-49da-951a-9990a8cef519] Routing FlowFile[2878,94824426245277.mockFlowFile,24B] to original
[main] DEBUG org.apache.nifi.processors.standard.RouteText - RouteText[id=7eed8dc2-ebc4-49da-951a-9990a8cef519] Adding new dynamic property: PropertyDescriptor[simple]
[pool-3762-thread-1] INFO org.apache.nifi.processors.standard.RouteText - RouteText[id=7eed8dc2-ebc4-49da-951a-9990a8cef519] Created FlowFile[2881,94824426608461.mockFlowFile,24B] from FlowFile[2880,94824426608461.mockFlowFile,24B]; routing to relationship simple
[pool-3762-thread-1] INFO org.apache.nifi.processors.standard.RouteText - RouteText[id=7eed8dc2-ebc4-49da-951a-9990a8cef519] Routing FlowFile[2880,94824426608461.mockFlowFile,24B] to original
[main] DEBUG org.apache.nifi.processors.standard.RouteText - RouteText[id=7eed8dc2-ebc4-49da-951a-9990a8cef519] Adding new dynamic property: PropertyDescriptor[simple]
[pool-3763-thread-1] INFO org.apache.nifi.processors.standard.RouteText - RouteText[id=7eed8dc2-ebc4-49da-951a-9990a8cef519] Created FlowFile[2883,94824426957300.mockFlowFile,24B] from FlowFile[2882,94824426957300.mockFlowFile,24B]; routing to relationship simple
[pool-3763-thread-1] INFO org.apache.nifi.processors.standard.RouteText - RouteText[id=7eed8dc2-ebc4-49da-951a-9990a8cef519] Routing FlowFile[2882,94824426957300.mockFlowFile,24B] to original
[main] DEBUG org.apache.nifi.processors.standard.RouteText - RouteText[id=7eed8dc2-ebc4-49da-951a-9990a8cef519] Adding new dynamic property: PropertyDescriptor[simple]
[pool-3764-thread-1] INFO org.apache.nifi.processors.standard.RouteText - RouteText[id=7eed8dc2-ebc4-49da-951a-9990a8cef519] Created FlowFile[2885,94824427355054.mockFlowFile,24B] from FlowFile[2884,94824427355054.mockFlowFile,24B]; routing to relationship simple
[pool-3764-thread-1] INFO org.apache.nifi.processors.standard.RouteText - RouteText[id=7eed8dc2-ebc4-49da-951a-9990a8cef519] Routing FlowFile[2884,94824427355054.mockFlowFile,24B] to original
[main] DEBUG org.apache.nifi.processors.standard.RouteText - RouteText[id=7eed8dc2-ebc4-49da-951a-9990a8cef519] Adding new dynamic property: PropertyDescriptor[simple]
[pool-3765-thread-1] INFO org.apache.nifi.processors.standard.RouteText - RouteText[id=7eed8dc2-ebc4-49da-951a-9990a8cef519] Created FlowFile[2887,94824427741754.mockFlowFile,24B] from FlowFile[2886,94824427741754.mockFlowFile,24B]; routing to relationship simple
[pool-3765-thread-1] INFO org.apache.nifi.processors.standard.RouteText - RouteText[id=7eed8dc2-ebc4-49da-951a-9990a8cef519] Routing FlowFile[2886,94824427741754.mockFlowFile,24B] to original
[main] DEBUG org.apache.nifi.processors.standard.RouteText - RouteText[id=7eed8dc2-ebc4-49da-951a-9990a8cef519] Adding new dynamic property: PropertyDescriptor[simple]
[pool-3766-thread-1] INFO org.apache.nifi.processors.standard.RouteText - RouteText[id=7eed8dc2-ebc4-49da-951a-9990a8cef519] Created FlowFile[2889,94824428110953.mockFlowFile,24B] from FlowFile[2888,94824428110953.mockFlowFile,24B]; routing to relationship simple
[pool-3766-thread-1] INFO org.apache.nifi.processors.standard.RouteText - RouteText[id=7eed8dc2-ebc4-49da-951a-9990a8cef519] Routing FlowFile[2888,94824428110953.mockFlowFile,24B] to original
[main] DEBUG org.apache.nifi.processors.standard.RouteText - RouteText[id=7eed8dc2-ebc4-49da-951a-9990a8cef519] Adding new dynamic property: PropertyDescriptor[simple]
[pool-3767-thread-1] INFO org.apache.nifi.processors.standard.RouteText - RouteText[id=7eed8dc2-ebc4-49da-951a-9990a8cef519] Created FlowFile[2891,94824428605294.mockFlowFile,24B] from FlowFile[2890,94824428605294.mockFlowFile,24B]; routing to relationship simple
[pool-3767-thread-1] INFO org.apache.nifi.processors.standard.RouteText - RouteText[id=7eed8dc2-ebc4-49da-951a-9990a8cef519] Routing FlowFile[2890,94824428605294.mockFlowFile,24B] to original
[main] DEBUG org.apache.nifi.processors.standard.RouteText - RouteText[id=7eed8dc2-ebc4-49da-951a-9990a8cef519] Adding new dynamic property: PropertyDescriptor[simple]
[pool-3768-thread-1] INFO org.apache.nifi.processors.standard.RouteText - RouteText[id=7eed8dc2-ebc4-49da-951a-9990a8cef519] Created FlowFile[2893,94824429061177.mockFlowFile,24B] from FlowFile[2892,94824429061177.mockFlowFile,24B]; routing to relationship simple
[pool-3768-thread-1] INFO org.apache.nifi.processors.standard.RouteText - RouteText[id=7eed8dc2-ebc4-49da-951a-9990a8cef519] Routing FlowFile[2892,94824429061177.mockFlowFile,24B] to original
[main] DEBUG org.apache.nifi.processors.standard.RouteText - RouteText[id=7eed8dc2-ebc4-49da-951a-9990a8cef519] Adding new dynamic property: PropertyDescriptor[simple]
[pool-3769-thread-1] INFO org.apache.nifi.processors.standard.RouteText - RouteText[id=7eed8dc2-ebc4-49da-951a-9990a8cef519] Created FlowFile[2895,94824429529302.mockFlowFile,24B] from FlowFile[2894,94824429529302.mockFlowFile,24B]; routing to relationship simple
[pool-3769-thread-1] INFO org.apache.nifi.processors.standard.RouteText - RouteText[id=7eed8dc2-ebc4-49da-951a-9990a8cef519] Routing FlowFile[2894,94824429529302.mockFlowFile,24B] to original
[main] DEBUG org.apache.nifi.processors.standard.RouteText - RouteText[id=7eed8dc2-ebc4-49da-951a-9990a8cef519] Adding new dynamic property: PropertyDescriptor[simple]
[pool-3770-thread-1] INFO org.apache.nifi.processors.standard.RouteText - RouteText[id=7eed8dc2-ebc4-49da-951a-9990a8cef519] Created FlowFile[2897,94824429954513.mockFlowFile,24B] from FlowFile[2896,94824429954513.mockFlowFile,24B]; routing to relationship simple
[pool-3770-thread-1] INFO org.apache.nifi.processors.standard.RouteText - RouteText[id=7eed8dc2-ebc4-49da-951a-9990a8cef519] Routing FlowFile[2896,94824429954513.mockFlowFile,24B] to original
[main] DEBUG org.apache.nifi.processors.standard.RouteText - RouteText[id=7eed8dc2-ebc4-49da-951a-9990a8cef519] Adding new dynamic property: PropertyDescriptor[simple]
[pool-3771-thread-1] INFO org.apache.nifi.processors.standard.RouteText - RouteText[id=7eed8dc2-ebc4-49da-951a-9990a8cef519] Created FlowFile[2899,94824430327336.mockFlowFile,24B] from FlowFile[2898,94824430327336.mockFlowFile,24B]; routing to relationship simple
[pool-3771-thread-1] INFO org.apache.nifi.processors.standard.RouteText - RouteText[id=7eed8dc2-ebc4-49da-951a-9990a8cef519] Routing FlowFile[2898,94824430327336.mockFlowFile,24B] to original
[main] DEBUG org.apache.nifi.processors.standard.RouteText - RouteText[id=7eed8dc2-ebc4-49da-951a-9990a8cef519] Adding new dynamic property: PropertyDescriptor[simple]
[pool-3772-thread-1] INFO org.apache.nifi.processors.standard.RouteText - RouteText[id=7eed8dc2-ebc4-49da-951a-9990a8cef519] Created FlowFile[2901,94824430696005.mockFlowFile,24B] from FlowFile[2900,94824430696005.mockFlowFile,24B]; routing to relationship simple
[pool-3772-thread-1] INFO org.apache.nifi.processors.standard.RouteText - RouteText[id=7eed8dc2-ebc4-49da-951a-9990a8cef519] Routing FlowFile[2900,94824430696005.mockFlowFile,24B] to original
[main] DEBUG org.apache.nifi.processors.standard.RouteText - RouteText[id=7eed8dc2-ebc4-49da-951a-9990a8cef519] Adding new dynamic property: PropertyDescriptor[simple]
[pool-3773-thread-1] INFO org.apache.nifi.processors.standard.RouteText - RouteText[id=7eed8dc2-ebc4-49da-951a-9990a8cef519] Created FlowFile[2903,94824431041411.mockFlowFile,24B] from FlowFile[2902,94824431041411.mockFlowFile,24B]; routing to relationship simple
[pool-3773-thread-1] INFO org.apache.nifi.processors.standard.RouteText - RouteText[id=7eed8dc2-ebc4-49da-951a-9990a8cef519] Routing FlowFile[2902,94824431041411.mockFlowFile,24B] to original
[main] DEBUG org.apache.nifi.processors.standard.RouteText - RouteText[id=7eed8dc2-ebc4-49da-951a-9990a8cef519] Adding new dynamic property: PropertyDescriptor[simple]
[pool-3774-thread-1] INFO org.apache.nifi.processors.standard.RouteText - RouteText[id=7eed8dc2-ebc4-49da-951a-9990a8cef519] Created FlowFile[2905,94824431598108.mockFlowFile,24B] from FlowFile[2904,94824431598108.mockFlowFile,24B]; routing to relationship simple
[pool-3774-thread-1] INFO org.apache.nifi.processors.standard.RouteText - RouteText[id=7eed8dc2-ebc4-49da-951a-9990a8cef519] Routing FlowFile[2904,94824431598108.mockFlowFile,24B] to original
[main] DEBUG org.apache.nifi.processors.standard.RouteText - RouteText[id=7eed8dc2-ebc4-49da-951a-9990a8cef519] Adding new dynamic property: PropertyDescriptor[simple]
[pool-3775-thread-1] INFO org.apache.nifi.processors.standard.RouteText - RouteText[id=7eed8dc2-ebc4-49da-951a-9990a8cef519] Created FlowFile[2907,94824431980889.mockFlowFile,24B] from FlowFile[2906,94824431980889.mockFlowFile,24B]; routing to relationship simple
[pool-3775-thread-1] INFO org.apache.nifi.processors.standard.RouteText - RouteText[id=7eed8dc2-ebc4-49da-951a-9990a8cef519] Routing FlowFile[2906,94824431980889.mockFlowFile,24B] to original
[main] DEBUG org.apache.nifi.processors.standard.RouteText - RouteText[id=7eed8dc2-ebc4-49da-951a-9990a8cef519] Adding new dynamic property: PropertyDescriptor[simple]
[pool-3776-thread-1] INFO org.apache.nifi.processors.standard.RouteText - RouteText[id=7eed8dc2-ebc4-49da-951a-9990a8cef519] Created FlowFile[2909,94824432464926.mockFlowFile,24B] from FlowFile[2908,94824432464926.mockFlowFile,24B]; routing to relationship simple
[pool-3776-thread-1] INFO org.apache.nifi.processors.standard.RouteText - RouteText[id=7eed8dc2-ebc4-49da-951a-9990a8cef519] Routing FlowFile[2908,94824432464926.mockFlowFile,24B] to original
[main] DEBUG org.apache.nifi.processors.standard.RouteText - RouteText[id=7eed8dc2-ebc4-49da-951a-9990a8cef519] Adding new dynamic property: PropertyDescriptor[simple]
[pool-3777-thread-1] INFO org.apache.nifi.processors.standard.RouteText - RouteText[id=7eed8dc2-ebc4-49da-951a-9990a8cef519] Created FlowFile[2911,94824432921047.mockFlowFile,24B] from FlowFile[2910,94824432921047.mockFlowFile,24B]; routing to relationship simple
[pool-3777-thread-1] INFO org.apache.nifi.processors.standard.RouteText - RouteText[id=7eed8dc2-ebc4-49da-951a-9990a8cef519] Routing FlowFile[2910,94824432921047.mockFlowFile,24B] to original
[main] DEBUG org.apache.nifi.processors.standard.RouteText - RouteText[id=7eed8dc2-ebc4-49da-951a-9990a8cef519] Adding new dynamic property: PropertyDescriptor[simple]
[pool-3778-thread-1] INFO org.apache.nifi.processors.standard.RouteText - RouteText[id=7eed8dc2-ebc4-49da-951a-9990a8cef519] Created FlowFile[2913,94824433349043.mockFlowFile,24B] from FlowFile[2912,94824433349043.mockFlowFile,24B]; routing to relationship simple
[pool-3778-thread-1] INFO org.apache.nifi.processors.standard.RouteText - RouteText[id=7eed8dc2-ebc4-49da-951a-9990a8cef519] Routing FlowFile[2912,94824433349043.mockFlowFile,24B] to original
[main] DEBUG org.apache.nifi.processors.standard.RouteText - RouteText[id=7eed8dc2-ebc4-49da-951a-9990a8cef519] Adding new dynamic property: PropertyDescriptor[simple]
[pool-3779-thread-1] INFO org.apache.nifi.processors.standard.RouteText - RouteText[id=7eed8dc2-ebc4-49da-951a-9990a8cef519] Created FlowFile[2915,94824433790670.mockFlowFile,24B] from FlowFile[2914,94824433790670.mockFlowFile,24B]; routing to relationship simple
[pool-3779-thread-1] INFO org.apache.nifi.processors.standard.RouteText - RouteText[id=7eed8dc2-ebc4-49da-951a-9990a8cef519] Routing FlowFile[2914,94824433790670.mockFlowFile,24B] to original
[main] DEBUG org.apache.nifi.processors.standard.RouteText - RouteText[id=7eed8dc2-ebc4-49da-951a-9990a8cef519] Adding new dynamic property: PropertyDescriptor[simple]
[pool-3780-thread-1] INFO org.apache.nifi.processors.standard.RouteText - RouteText[id=7eed8dc2-ebc4-49da-951a-9990a8cef519] Created FlowFile[2917,94824434167494.mockFlowFile,24B] from FlowFile[2916,94824434167494.mockFlowFile,24B]; routing to relationship simple
[pool-3780-thread-1] INFO org.apache.nifi.processors.standard.RouteText - RouteText[id=7eed8dc2-ebc4-49da-951a-9990a8cef519] Routing FlowFile[2916,94824434167494.mockFlowFile,24B] to original
[main] DEBUG org.apache.nifi.processors.standard.RouteText - RouteText[id=7eed8dc2-ebc4-49da-951a-9990a8cef519] Adding new dynamic property: PropertyDescriptor[simple]
[pool-3781-thread-1] INFO org.apache.nifi.processors.standard.RouteText - RouteText[id=7eed8dc2-ebc4-49da-951a-9990a8cef519] Created FlowFile[2919,94824434550619.mockFlowFile,24B] from FlowFile[2918,94824434550619.mockFlowFile,24B]; routing to relationship simple
[pool-3781-thread-1] INFO org.apache.nifi.processors.standard.RouteText - RouteText[id=7eed8dc2-ebc4-49da-951a-9990a8cef519] Routing FlowFile[2918,94824434550619.mockFlowFile,24B] to original
[main] DEBUG org.apache.nifi.processors.standard.RouteText - RouteText[id=7eed8dc2-ebc4-49da-951a-9990a8cef519] Adding new dynamic property: PropertyDescriptor[simple]
[pool-3782-thread-1] INFO org.apache.nifi.processors.standard.RouteText - RouteText[id=7eed8dc2-ebc4-49da-951a-9990a8cef519] Created FlowFile[2921,94824434927078.mockFlowFile,24B] from FlowFile[2920,94824434927078.mockFlowFile,24B]; routing to relationship simple
[pool-3782-thread-1] INFO org.apache.nifi.processors.standard.RouteText - RouteText[id=7eed8dc2-ebc4-49da-951a-9990a8cef519] Routing FlowFile[2920,94824434927078.mockFlowFile,24B] to original
[main] DEBUG org.apache.nifi.processors.standard.RouteText - RouteText[id=7eed8dc2-ebc4-49da-951a-9990a8cef519] Adding new dynamic property: PropertyDescriptor[simple]
[pool-3783-thread-1] INFO org.apache.nifi.processors.standard.RouteText - RouteText[id=7eed8dc2-ebc4-49da-951a-9990a8cef519] Created FlowFile[2923,94824435359046.mockFlowFile,24B] from FlowFile[2922,94824435359046.mockFlowFile,24B]; routing to relationship simple
[pool-3783-thread-1] INFO org.apache.nifi.processors.standard.RouteText - RouteText[id=7eed8dc2-ebc4-49da-951a-9990a8cef519] Routing FlowFile[2922,94824435359046.mockFlowFile,24B] to original
[main] DEBUG org.apache.nifi.processors.standard.RouteText - RouteText[id=7eed8dc2-ebc4-49da-951a-9990a8cef519] Adding new dynamic property: PropertyDescriptor[simple]
[pool-3784-thread-1] INFO org.apache.nifi.processors.standard.RouteText - RouteText[id=7eed8dc2-ebc4-49da-951a-9990a8cef519] Created FlowFile[2925,94824435823688.mockFlowFile,24B] from FlowFile[2924,94824435823688.mockFlowFile,24B]; routing to relationship simple
[pool-3784-thread-1] INFO org.apache.nifi.processors.standard.RouteText - RouteText[id=7eed8dc2-ebc4-49da-951a-9990a8cef519] Routing FlowFile[2924,94824435823688.mockFlowFile,24B] to original
[main] DEBUG org.apache.nifi.processors.standard.RouteText - RouteText[id=7eed8dc2-ebc4-49da-951a-9990a8cef519] Adding new dynamic property: PropertyDescriptor[simple]
[pool-3785-thread-1] INFO org.apache.nifi.processors.standard.RouteText - RouteText[id=7eed8dc2-ebc4-49da-951a-9990a8cef519] Created FlowFile[2927,94824436355303.mockFlowFile,24B] from FlowFile[2926,94824436355303.mockFlowFile,24B]; routing to relationship simple
[pool-3785-thread-1] INFO org.apache.nifi.processors.standard.RouteText - RouteText[id=7eed8dc2-ebc4-49da-951a-9990a8cef519] Routing FlowFile[2926,94824436355303.mockFlowFile,24B] to original
[main] DEBUG org.apache.nifi.processors.standard.RouteText - RouteText[id=7eed8dc2-ebc4-49da-951a-9990a8cef519] Adding new dynamic property: PropertyDescriptor[simple]
[pool-3786-thread-1] INFO org.apache.nifi.processors.standard.RouteText - RouteText[id=7eed8dc2-ebc4-49da-951a-9990a8cef519] Created FlowFile[2929,94824436864951.mockFlowFile,24B] from FlowFile[2928,94824436864951.mockFlowFile,24B]; routing to relationship simple
[pool-3786-thread-1] INFO org.apache.nifi.processors.standard.RouteText - RouteText[id=7eed8dc2-ebc4-49da-951a-9990a8cef519] Routing FlowFile[2928,94824436864951.mockFlowFile,24B] to original
[main] DEBUG org.apache.nifi.processors.standard.RouteText - RouteText[id=7eed8dc2-ebc4-49da-951a-9990a8cef519] Adding new dynamic property: PropertyDescriptor[simple]
[pool-3787-thread-1] INFO org.apache.nifi.processors.standard.RouteText - RouteText[id=7eed8dc2-ebc4-49da-951a-9990a8cef519] Created FlowFile[2931,94824437354178.mockFlowFile,24B] from FlowFile[2930,94824437354178.mockFlowFile,24B]; routing to relationship simple
[pool-3787-thread-1] INFO org.apache.nifi.processors.standard.RouteText - RouteText[id=7eed8dc2-ebc4-49da-951a-9990a8cef519] Routing FlowFile[2930,94824437354178.mockFlowFile,24B] to original
[main] DEBUG org.apache.nifi.processors.standard.RouteText - RouteText[id=7eed8dc2-ebc4-49da-951a-9990a8cef519] Adding new dynamic property: PropertyDescriptor[simple]
[pool-3788-thread-1] INFO org.apache.nifi.processors.standard.RouteText - RouteText[id=7eed8dc2-ebc4-49da-951a-9990a8cef519] Created FlowFile[2933,94824437832710.mockFlowFile,24B] from FlowFile[2932,94824437832710.mockFlowFile,24B]; routing to relationship simple
[pool-3788-thread-1] INFO org.apache.nifi.processors.standard.RouteText - RouteText[id=7eed8dc2-ebc4-49da-951a-9990a8cef519] Routing FlowFile[2932,94824437832710.mockFlowFile,24B] to original
[main] DEBUG org.apache.nifi.processors.standard.RouteText - RouteText[id=7eed8dc2-ebc4-49da-951a-9990a8cef519] Adding new dynamic property: PropertyDescriptor[simple]
[pool-3789-thread-1] INFO org.apache.nifi.processors.standard.RouteText - RouteText[id=7eed8dc2-ebc4-49da-951a-9990a8cef519] Created FlowFile[2935,94824438251662.mockFlowFile,24B] from FlowFile[2934,94824438251662.mockFlowFile,24B]; routing to relationship simple
[pool-3789-thread-1] INFO org.apache.nifi.processors.standard.RouteText - RouteText[id=7eed8dc2-ebc4-49da-951a-9990a8cef519] Routing FlowFile[2934,94824438251662.mockFlowFile,24B] to original
[main] DEBUG org.apache.nifi.processors.standard.RouteText - RouteText[id=7eed8dc2-ebc4-49da-951a-9990a8cef519] Adding new dynamic property: PropertyDescriptor[simple]
[pool-3790-thread-1] INFO org.apache.nifi.processors.standard.RouteText - RouteText[id=7eed8dc2-ebc4-49da-951a-9990a8cef519] Created FlowFile[2937,94824438791745.mockFlowFile,24B] from FlowFile[2936,94824438791745.mockFlowFile,24B]; routing to relationship simple
[pool-3790-thread-1] INFO org.apache.nifi.processors.standard.RouteText - RouteText[id=7eed8dc2-ebc4-49da-951a-9990a8cef519] Routing FlowFile[2936,94824438791745.mockFlowFile,24B] to original
[main] DEBUG org.apache.nifi.processors.standard.RouteText - RouteText[id=7eed8dc2-ebc4-49da-951a-9990a8cef519] Adding new dynamic property: PropertyDescriptor[simple]
[pool-3791-thread-1] INFO org.apache.nifi.processors.standard.RouteText - RouteText[id=7eed8dc2-ebc4-49da-951a-9990a8cef519] Created FlowFile[2939,94824439446473.mockFlowFile,24B] from FlowFile[2938,94824439446473.mockFlowFile,24B]; routing to relationship simple
[pool-3791-thread-1] INFO org.apache.nifi.processors.standard.RouteText - RouteText[id=7eed8dc2-ebc4-49da-951a-9990a8cef519] Routing FlowFile[2938,94824439446473.mockFlowFile,24B] to original
[main] DEBUG org.apache.nifi.processors.standard.RouteText - RouteText[id=7eed8dc2-ebc4-49da-951a-9990a8cef519] Adding new dynamic property: PropertyDescriptor[simple]
[pool-3792-thread-1] INFO org.apache.nifi.processors.standard.RouteText - RouteText[id=7eed8dc2-ebc4-49da-951a-9990a8cef519] Created FlowFile[2941,94824439979524.mockFlowFile,24B] from FlowFile[2940,94824439979524.mockFlowFile,24B]; routing to relationship simple
[pool-3792-thread-1] INFO org.apache.nifi.processors.standard.RouteText - RouteText[id=7eed8dc2-ebc4-49da-951a-9990a8cef519] Routing FlowFile[2940,94824439979524.mockFlowFile,24B] to original
[main] DEBUG org.apache.nifi.processors.standard.RouteText - RouteText[id=7eed8dc2-ebc4-49da-951a-9990a8cef519] Adding new dynamic property: PropertyDescriptor[simple]
[pool-3793-thread-1] INFO org.apache.nifi.processors.standard.RouteText - RouteText[id=7eed8dc2-ebc4-49da-951a-9990a8cef519] Created FlowFile[2943,94824440558138.mockFlowFile,24B] from FlowFile[2942,94824440558138.mockFlowFile,24B]; routing to relationship simple
[pool-3793-thread-1] INFO org.apache.nifi.processors.standard.RouteText - RouteText[id=7eed8dc2-ebc4-49da-951a-9990a8cef519] Routing FlowFile[2942,94824440558138.mockFlowFile,24B] to original
[main] DEBUG org.apache.nifi.processors.standard.RouteText - RouteText[id=7eed8dc2-ebc4-49da-951a-9990a8cef519] Adding new dynamic property: PropertyDescriptor[simple]
[pool-3794-thread-1] INFO org.apache.nifi.processors.standard.RouteText - RouteText[id=7eed8dc2-ebc4-49da-951a-9990a8cef519] Created FlowFile[2945,94824440976517.mockFlowFile,24B] from FlowFile[2944,94824440976517.mockFlowFile,24B]; routing to relationship simple
[pool-3794-thread-1] INFO org.apache.nifi.processors.standard.RouteText - RouteText[id=7eed8dc2-ebc4-49da-951a-9990a8cef519] Routing FlowFile[2944,94824440976517.mockFlowFile,24B] to original
[main] DEBUG org.apache.nifi.processors.standard.RouteText - RouteText[id=7eed8dc2-ebc4-49da-951a-9990a8cef519] Adding new dynamic property: PropertyDescriptor[simple]
[pool-3795-thread-1] INFO org.apache.nifi.processors.standard.RouteText - RouteText[id=7eed8dc2-ebc4-49da-951a-9990a8cef519] Created FlowFile[2947,94824441366011.mockFlowFile,24B] from FlowFile[2946,94824441366011.mockFlowFile,24B]; routing to relationship simple
[pool-3795-thread-1] INFO org.apache.nifi.processors.standard.RouteText - RouteText[id=7eed8dc2-ebc4-49da-951a-9990a8cef519] Routing FlowFile[2946,94824441366011.mockFlowFile,24B] to original
[main] DEBUG org.apache.nifi.processors.standard.RouteText - RouteText[id=7eed8dc2-ebc4-49da-951a-9990a8cef519] Adding new dynamic property: PropertyDescriptor[simple]
[pool-3796-thread-1] INFO org.apache.nifi.processors.standard.RouteText - RouteText[id=7eed8dc2-ebc4-49da-951a-9990a8cef519] Created FlowFile[2949,94824441729175.mockFlowFile,24B] from FlowFile[2948,94824441729175.mockFlowFile,24B]; routing to relationship simple
[pool-3796-thread-1] INFO org.apache.nifi.processors.standard.RouteText - RouteText[id=7eed8dc2-ebc4-49da-951a-9990a8cef519] Routing FlowFile[2948,94824441729175.mockFlowFile,24B] to original
[main] DEBUG org.apache.nifi.processors.standard.RouteText - RouteText[id=7eed8dc2-ebc4-49da-951a-9990a8cef519] Adding new dynamic property: PropertyDescriptor[simple]
[pool-3797-thread-1] INFO org.apache.nifi.processors.standard.RouteText - RouteText[id=7eed8dc2-ebc4-49da-951a-9990a8cef519] Created FlowFile[2951,94824442086929.mockFlowFile,24B] from FlowFile[2950,94824442086929.mockFlowFile,24B]; routing to relationship simple
[pool-3797-thread-1] INFO org.apache.nifi.processors.standard.RouteText - RouteText[id=7eed8dc2-ebc4-49da-951a-9990a8cef519] Routing FlowFile[2950,94824442086929.mockFlowFile,24B] to original
[main] DEBUG org.apache.nifi.processors.standard.RouteText - RouteText[id=7eed8dc2-ebc4-49da-951a-9990a8cef519] Adding new dynamic property: PropertyDescriptor[simple]
[pool-3798-thread-1] INFO org.apache.nifi.processors.standard.RouteText - RouteText[id=7eed8dc2-ebc4-49da-951a-9990a8cef519] Created FlowFile[2953,94824442444344.mockFlowFile,24B] from FlowFile[2952,94824442444344.mockFlowFile,24B]; routing to relationship simple
[pool-3798-thread-1] INFO org.apache.nifi.processors.standard.RouteText - RouteText[id=7eed8dc2-ebc4-49da-951a-9990a8cef519] Routing FlowFile[2952,94824442444344.mockFlowFile,24B] to original
[main] DEBUG org.apache.nifi.processors.standard.RouteText - RouteText[id=7eed8dc2-ebc4-49da-951a-9990a8cef519] Adding new dynamic property: PropertyDescriptor[simple]
[pool-3799-thread-1] INFO org.apache.nifi.processors.standard.RouteText - RouteText[id=7eed8dc2-ebc4-49da-951a-9990a8cef519] Created FlowFile[2955,94824442791421.mockFlowFile,24B] from FlowFile[2954,94824442791421.mockFlowFile,24B]; routing to relationship simple
[pool-3799-thread-1] INFO org.apache.nifi.processors.standard.RouteText - RouteText[id=7eed8dc2-ebc4-49da-951a-9990a8cef519] Routing FlowFile[2954,94824442791421.mockFlowFile,24B] to original
[main] DEBUG org.apache.nifi.processors.standard.RouteText - RouteText[id=7eed8dc2-ebc4-49da-951a-9990a8cef519] Adding new dynamic property: PropertyDescriptor[simple]
[pool-3800-thread-1] INFO org.apache.nifi.processors.standard.RouteText - RouteText[id=7eed8dc2-ebc4-49da-951a-9990a8cef519] Created FlowFile[2957,94824443154598.mockFlowFile,24B] from FlowFile[2956,94824443154598.mockFlowFile,24B]; routing to relationship simple
[pool-3800-thread-1] INFO org.apache.nifi.processors.standard.RouteText - RouteText[id=7eed8dc2-ebc4-49da-951a-9990a8cef519] Routing FlowFile[2956,94824443154598.mockFlowFile,24B] to original
[main] DEBUG org.apache.nifi.processors.standard.RouteText - RouteText[id=7eed8dc2-ebc4-49da-951a-9990a8cef519] Adding new dynamic property: PropertyDescriptor[simple]
[pool-3801-thread-1] INFO org.apache.nifi.processors.standard.RouteText - RouteText[id=7eed8dc2-ebc4-49da-951a-9990a8cef519] Created FlowFile[2959,94824443500146.mockFlowFile,24B] from FlowFile[2958,94824443500146.mockFlowFile,24B]; routing to relationship simple
[pool-3801-thread-1] INFO org.apache.nifi.processors.standard.RouteText - RouteText[id=7eed8dc2-ebc4-49da-951a-9990a8cef519] Routing FlowFile[2958,94824443500146.mockFlowFile,24B] to original
[main] DEBUG org.apache.nifi.processors.standard.RouteText - RouteText[id=7eed8dc2-ebc4-49da-951a-9990a8cef519] Adding new dynamic property: PropertyDescriptor[simple]
[pool-3802-thread-1] INFO org.apache.nifi.processors.standard.RouteText - RouteText[id=7eed8dc2-ebc4-49da-951a-9990a8cef519] Created FlowFile[2961,94824443902979.mockFlowFile,24B] from FlowFile[2960,94824443902979.mockFlowFile,24B]; routing to relationship simple
[pool-3802-thread-1] INFO org.apache.nifi.processors.standard.RouteText - RouteText[id=7eed8dc2-ebc4-49da-951a-9990a8cef519] Routing FlowFile[2960,94824443902979.mockFlowFile,24B] to original
[main] DEBUG org.apache.nifi.processors.standard.RouteText - RouteText[id=7eed8dc2-ebc4-49da-951a-9990a8cef519] Adding new dynamic property: PropertyDescriptor[simple]
[pool-3803-thread-1] INFO org.apache.nifi.processors.standard.RouteText - RouteText[id=7eed8dc2-ebc4-49da-951a-9990a8cef519] Created FlowFile[2963,94824444406306.mockFlowFile,24B] from FlowFile[2962,94824444406306.mockFlowFile,24B]; routing to relationship simple
[pool-3803-thread-1] INFO org.apache.nifi.processors.standard.RouteText - RouteText[id=7eed8dc2-ebc4-49da-951a-9990a8cef519] Routing FlowFile[2962,94824444406306.mockFlowFile,24B] to original
[main] DEBUG org.apache.nifi.processors.standard.RouteText - RouteText[id=7eed8dc2-ebc4-49da-951a-9990a8cef519] Adding new dynamic property: PropertyDescriptor[simple]
[pool-3804-thread-1] INFO org.apache.nifi.processors.standard.RouteText - RouteText[id=7eed8dc2-ebc4-49da-951a-9990a8cef519] Created FlowFile[2965,94824444857108.mockFlowFile,24B] from FlowFile[2964,94824444857108.mockFlowFile,24B]; routing to relationship simple
[pool-3804-thread-1] INFO org.apache.nifi.processors.standard.RouteText - RouteText[id=7eed8dc2-ebc4-49da-951a-9990a8cef519] Routing FlowFile[2964,94824444857108.mockFlowFile,24B] to original
[main] DEBUG org.apache.nifi.processors.standard.RouteText - RouteText[id=7eed8dc2-ebc4-49da-951a-9990a8cef519] Adding new dynamic property: PropertyDescriptor[simple]
[pool-3805-thread-1] INFO org.apache.nifi.processors.standard.RouteText - RouteText[id=7eed8dc2-ebc4-49da-951a-9990a8cef519] Created FlowFile[2967,94824445212297.mockFlowFile,24B] from FlowFile[2966,94824445212297.mockFlowFile,24B]; routing to relationship simple
[pool-3805-thread-1] INFO org.apache.nifi.processors.standard.RouteText - RouteText[id=7eed8dc2-ebc4-49da-951a-9990a8cef519] Routing FlowFile[2966,94824445212297.mockFlowFile,24B] to original
[main] DEBUG org.apache.nifi.processors.standard.RouteText - RouteText[id=7eed8dc2-ebc4-49da-951a-9990a8cef519] Adding new dynamic property: PropertyDescriptor[simple]
[pool-3806-thread-1] INFO org.apache.nifi.processors.standard.RouteText - RouteText[id=7eed8dc2-ebc4-49da-951a-9990a8cef519] Created FlowFile[2969,94824445558419.mockFlowFile,24B] from FlowFile[2968,94824445558419.mockFlowFile,24B]; routing to relationship simple
[pool-3806-thread-1] INFO org.apache.nifi.processors.standard.RouteText - RouteText[id=7eed8dc2-ebc4-49da-951a-9990a8cef519] Routing FlowFile[2968,94824445558419.mockFlowFile,24B] to original
[main] DEBUG org.apache.nifi.processors.standard.RouteText - RouteText[id=7eed8dc2-ebc4-49da-951a-9990a8cef519] Adding new dynamic property: PropertyDescriptor[simple]
[pool-3807-thread-1] INFO org.apache.nifi.processors.standard.RouteText - RouteText[id=7eed8dc2-ebc4-49da-951a-9990a8cef519] Created FlowFile[2971,94824445906078.mockFlowFile,24B] from FlowFile[2970,94824445906078.mockFlowFile,24B]; routing to relationship simple
[pool-3807-thread-1] INFO org.apache.nifi.processors.standard.RouteText - RouteText[id=7eed8dc2-ebc4-49da-951a-9990a8cef519] Routing FlowFile[2970,94824445906078.mockFlowFile,24B] to original
[main] DEBUG org.apache.nifi.processors.standard.RouteText - RouteText[id=7eed8dc2-ebc4-49da-951a-9990a8cef519] Adding new dynamic property: PropertyDescriptor[simple]
[pool-3808-thread-1] INFO org.apache.nifi.processors.standard.RouteText - RouteText[id=7eed8dc2-ebc4-49da-951a-9990a8cef519] Created FlowFile[2973,94824446245837.mockFlowFile,24B] from FlowFile[2972,94824446245837.mockFlowFile,24B]; routing to relationship simple
[pool-3808-thread-1] INFO org.apache.nifi.processors.standard.RouteText - RouteText[id=7eed8dc2-ebc4-49da-951a-9990a8cef519] Routing FlowFile[2972,94824446245837.mockFlowFile,24B] to original
[main] DEBUG org.apache.nifi.processors.standard.RouteText - RouteText[id=7eed8dc2-ebc4-49da-951a-9990a8cef519] Adding new dynamic property: PropertyDescriptor[simple]
[pool-3809-thread-1] INFO org.apache.nifi.processors.standard.RouteText - RouteText[id=7eed8dc2-ebc4-49da-951a-9990a8cef519] Created FlowFile[2975,94824446582254.mockFlowFile,24B] from FlowFile[2974,94824446582254.mockFlowFile,24B]; routing to relationship simple
[pool-3809-thread-1] INFO org.apache.nifi.processors.standard.RouteText - RouteText[id=7eed8dc2-ebc4-49da-951a-9990a8cef519] Routing FlowFile[2974,94824446582254.mockFlowFile,24B] to original
[main] DEBUG org.apache.nifi.processors.standard.RouteText - RouteText[id=7eed8dc2-ebc4-49da-951a-9990a8cef519] Adding new dynamic property: PropertyDescriptor[simple]
[pool-3810-thread-1] INFO org.apache.nifi.processors.standard.RouteText - RouteText[id=7eed8dc2-ebc4-49da-951a-9990a8cef519] Created FlowFile[2977,94824446917663.mockFlowFile,24B] from FlowFile[2976,94824446917663.mockFlowFile,24B]; routing to relationship simple
[pool-3810-thread-1] INFO org.apache.nifi.processors.standard.RouteText - RouteText[id=7eed8dc2-ebc4-49da-951a-9990a8cef519] Routing FlowFile[2976,94824446917663.mockFlowFile,24B] to original
[main] DEBUG org.apache.nifi.processors.standard.RouteText - RouteText[id=7eed8dc2-ebc4-49da-951a-9990a8cef519] Adding new dynamic property: PropertyDescriptor[simple]
[pool-3811-thread-1] INFO org.apache.nifi.processors.standard.RouteText - RouteText[id=7eed8dc2-ebc4-49da-951a-9990a8cef519] Created FlowFile[2979,94824447256243.mockFlowFile,24B] from FlowFile[2978,94824447256243.mockFlowFile,24B]; routing to relationship simple
[pool-3811-thread-1] INFO org.apache.nifi.processors.standard.RouteText - RouteText[id=7eed8dc2-ebc4-49da-951a-9990a8cef519] Routing FlowFile[2978,94824447256243.mockFlowFile,24B] to original
[main] DEBUG org.apache.nifi.processors.standard.RouteText - RouteText[id=7eed8dc2-ebc4-49da-951a-9990a8cef519] Adding new dynamic property: PropertyDescriptor[simple]
[pool-3812-thread-1] INFO org.apache.nifi.processors.standard.RouteText - RouteText[id=7eed8dc2-ebc4-49da-951a-9990a8cef519] Created FlowFile[2981,94824447593206.mockFlowFile,24B] from FlowFile[2980,94824447593206.mockFlowFile,24B]; routing to relationship simple
[pool-3812-thread-1] INFO org.apache.nifi.processors.standard.RouteText - RouteText[id=7eed8dc2-ebc4-49da-951a-9990a8cef519] Routing FlowFile[2980,94824447593206.mockFlowFile,24B] to original
[main] DEBUG org.apache.nifi.processors.standard.RouteText - RouteText[id=7eed8dc2-ebc4-49da-951a-9990a8cef519] Adding new dynamic property: PropertyDescriptor[simple]
[pool-3813-thread-1] INFO org.apache.nifi.processors.standard.RouteText - RouteText[id=7eed8dc2-ebc4-49da-951a-9990a8cef519] Created FlowFile[2983,94824447945251.mockFlowFile,24B] from FlowFile[2982,94824447945251.mockFlowFile,24B]; routing to relationship simple
[pool-3813-thread-1] INFO org.apache.nifi.processors.standard.RouteText - RouteText[id=7eed8dc2-ebc4-49da-951a-9990a8cef519] Routing FlowFile[2982,94824447945251.mockFlowFile,24B] to original
[main] DEBUG org.apache.nifi.processors.standard.RouteText - RouteText[id=7eed8dc2-ebc4-49da-951a-9990a8cef519] Adding new dynamic property: PropertyDescriptor[simple]
[pool-3814-thread-1] INFO org.apache.nifi.processors.standard.RouteText - RouteText[id=7eed8dc2-ebc4-49da-951a-9990a8cef519] Created FlowFile[2985,94824448430484.mockFlowFile,24B] from FlowFile[2984,94824448430484.mockFlowFile,24B]; routing to relationship simple
[pool-3814-thread-1] INFO org.apache.nifi.processors.standard.RouteText - RouteText[id=7eed8dc2-ebc4-49da-951a-9990a8cef519] Routing FlowFile[2984,94824448430484.mockFlowFile,24B] to original
[main] DEBUG org.apache.nifi.processors.standard.RouteText - RouteText[id=7eed8dc2-ebc4-49da-951a-9990a8cef519] Adding new dynamic property: PropertyDescriptor[simple]
[pool-3815-thread-1] INFO org.apache.nifi.processors.standard.RouteText - RouteText[id=7eed8dc2-ebc4-49da-951a-9990a8cef519] Created FlowFile[2987,94824448905645.mockFlowFile,24B] from FlowFile[2986,94824448905645.mockFlowFile,24B]; routing to relationship simple
[pool-3815-thread-1] INFO org.apache.nifi.processors.standard.RouteText - RouteText[id=7eed8dc2-ebc4-49da-951a-9990a8cef519] Routing FlowFile[2986,94824448905645.mockFlowFile,24B] to original
[main] DEBUG org.apache.nifi.processors.standard.RouteText - RouteText[id=7eed8dc2-ebc4-49da-951a-9990a8cef519] Adding new dynamic property: PropertyDescriptor[simple]
[pool-3816-thread-1] INFO org.apache.nifi.processors.standard.RouteText - RouteText[id=7eed8dc2-ebc4-49da-951a-9990a8cef519] Created FlowFile[2989,94824449332116.mockFlowFile,24B] from FlowFile[2988,94824449332116.mockFlowFile,24B]; routing to relationship simple
[pool-3816-thread-1] INFO org.apache.nifi.processors.standard.RouteText - RouteText[id=7eed8dc2-ebc4-49da-951a-9990a8cef519] Routing FlowFile[2988,94824449332116.mockFlowFile,24B] to original
[main] DEBUG org.apache.nifi.processors.standard.RouteText - RouteText[id=7eed8dc2-ebc4-49da-951a-9990a8cef519] Adding new dynamic property: PropertyDescriptor[simple]
[pool-3817-thread-1] INFO org.apache.nifi.processors.standard.RouteText - RouteText[id=7eed8dc2-ebc4-49da-951a-9990a8cef519] Created FlowFile[2991,94824449695467.mockFlowFile,24B] from FlowFile[2990,94824449695467.mockFlowFile,24B]; routing to relationship simple
[pool-3817-thread-1] INFO org.apache.nifi.processors.standard.RouteText - RouteText[id=7eed8dc2-ebc4-49da-951a-9990a8cef519] Routing FlowFile[2990,94824449695467.mockFlowFile,24B] to original
[main] DEBUG org.apache.nifi.processors.standard.RouteText - RouteText[id=7eed8dc2-ebc4-49da-951a-9990a8cef519] Adding new dynamic property: PropertyDescriptor[simple]
[pool-3818-thread-1] INFO org.apache.nifi.processors.standard.RouteText - RouteText[id=7eed8dc2-ebc4-49da-951a-9990a8cef519] Created FlowFile[2993,94824450049715.mockFlowFile,24B] from FlowFile[2992,94824450049715.mockFlowFile,24B]; routing to relationship simple
[pool-3818-thread-1] INFO org.apache.nifi.processors.standard.RouteText - RouteText[id=7eed8dc2-ebc4-49da-951a-9990a8cef519] Routing FlowFile[2992,94824450049715.mockFlowFile,24B] to original
[main] DEBUG org.apache.nifi.processors.standard.RouteText - RouteText[id=7eed8dc2-ebc4-49da-951a-9990a8cef519] Adding new dynamic property: PropertyDescriptor[simple]
[pool-3819-thread-1] INFO org.apache.nifi.processors.standard.RouteText - RouteText[id=7eed8dc2-ebc4-49da-951a-9990a8cef519] Created FlowFile[2995,94824450387208.mockFlowFile,24B] from FlowFile[2994,94824450387208.mockFlowFile,24B]; routing to relationship simple
[pool-3819-thread-1] INFO org.apache.nifi.processors.standard.RouteText - RouteText[id=7eed8dc2-ebc4-49da-951a-9990a8cef519] Routing FlowFile[2994,94824450387208.mockFlowFile,24B] to original
[main] DEBUG org.apache.nifi.processors.standard.RouteText - RouteText[id=7eed8dc2-ebc4-49da-951a-9990a8cef519] Adding new dynamic property: PropertyDescriptor[simple]
[pool-3820-thread-1] INFO org.apache.nifi.processors.standard.RouteText - RouteText[id=7eed8dc2-ebc4-49da-951a-9990a8cef519] Created FlowFile[2997,94824450714751.mockFlowFile,24B] from FlowFile[2996,94824450714751.mockFlowFile,24B]; routing to relationship simple
[pool-3820-thread-1] INFO org.apache.nifi.processors.standard.RouteText - RouteText[id=7eed8dc2-ebc4-49da-951a-9990a8cef519] Routing FlowFile[2996,94824450714751.mockFlowFile,24B] to original
[main] DEBUG org.apache.nifi.processors.standard.RouteText - RouteText[id=7eed8dc2-ebc4-49da-951a-9990a8cef519] Adding new dynamic property: PropertyDescriptor[simple]
[pool-3821-thread-1] INFO org.apache.nifi.processors.standard.RouteText - RouteText[id=7eed8dc2-ebc4-49da-951a-9990a8cef519] Created FlowFile[2999,94824451044672.mockFlowFile,24B] from FlowFile[2998,94824451044672.mockFlowFile,24B]; routing to relationship simple
[pool-3821-thread-1] INFO org.apache.nifi.processors.standard.RouteText - RouteText[id=7eed8dc2-ebc4-49da-951a-9990a8cef519] Routing FlowFile[2998,94824451044672.mockFlowFile,24B] to original
[main] DEBUG org.apache.nifi.processors.standard.RouteText - RouteText[id=7eed8dc2-ebc4-49da-951a-9990a8cef519] Adding new dynamic property: PropertyDescriptor[simple]
[pool-3822-thread-1] INFO org.apache.nifi.processors.standard.RouteText - RouteText[id=7eed8dc2-ebc4-49da-951a-9990a8cef519] Created FlowFile[3001,94824451374411.mockFlowFile,24B] from FlowFile[3000,94824451374411.mockFlowFile,24B]; routing to relationship simple
[pool-3822-thread-1] INFO org.apache.nifi.processors.standard.RouteText - RouteText[id=7eed8dc2-ebc4-49da-951a-9990a8cef519] Routing FlowFile[3000,94824451374411.mockFlowFile,24B] to original
[main] DEBUG org.apache.nifi.processors.standard.RouteText - RouteText[id=7eed8dc2-ebc4-49da-951a-9990a8cef519] Adding new dynamic property: PropertyDescriptor[simple]
[pool-3823-thread-1] INFO org.apache.nifi.processors.standard.RouteText - RouteText[id=7eed8dc2-ebc4-49da-951a-9990a8cef519] Created FlowFile[3003,94824451720993.mockFlowFile,24B] from FlowFile[3002,94824451720993.mockFlowFile,24B]; routing to relationship simple
[pool-3823-thread-1] INFO org.apache.nifi.processors.standard.RouteText - RouteText[id=7eed8dc2-ebc4-49da-951a-9990a8cef519] Routing FlowFile[3002,94824451720993.mockFlowFile,24B] to original
[main] DEBUG org.apache.nifi.processors.standard.RouteText - RouteText[id=7eed8dc2-ebc4-49da-951a-9990a8cef519] Adding new dynamic property: PropertyDescriptor[simple]
[pool-3824-thread-1] INFO org.apache.nifi.processors.standard.RouteText - RouteText[id=7eed8dc2-ebc4-49da-951a-9990a8cef519] Created FlowFile[3005,94824452071100.mockFlowFile,24B] from FlowFile[3004,94824452071100.mockFlowFile,24B]; routing to relationship simple
[pool-3824-thread-1] INFO org.apache.nifi.processors.standard.RouteText - RouteText[id=7eed8dc2-ebc4-49da-951a-9990a8cef519] Routing FlowFile[3004,94824452071100.mockFlowFile,24B] to original
[main] DEBUG org.apache.nifi.processors.standard.RouteText - RouteText[id=7eed8dc2-ebc4-49da-951a-9990a8cef519] Adding new dynamic property: PropertyDescriptor[simple]
[pool-3825-thread-1] INFO org.apache.nifi.processors.standard.RouteText - RouteText[id=7eed8dc2-ebc4-49da-951a-9990a8cef519] Created FlowFile[3007,94824452494311.mockFlowFile,24B] from FlowFile[3006,94824452494311.mockFlowFile,24B]; routing to relationship simple
[pool-3825-thread-1] INFO org.apache.nifi.processors.standard.RouteText - RouteText[id=7eed8dc2-ebc4-49da-951a-9990a8cef519] Routing FlowFile[3006,94824452494311.mockFlowFile,24B] to original
[main] DEBUG org.apache.nifi.processors.standard.RouteText - RouteText[id=7eed8dc2-ebc4-49da-951a-9990a8cef519] Adding new dynamic property: PropertyDescriptor[simple]
[pool-3826-thread-1] INFO org.apache.nifi.processors.standard.RouteText - RouteText[id=7eed8dc2-ebc4-49da-951a-9990a8cef519] Created FlowFile[3009,94824452930785.mockFlowFile,24B] from FlowFile[3008,94824452930785.mockFlowFile,24B]; routing to relationship simple
[pool-3826-thread-1] INFO org.apache.nifi.processors.standard.RouteText - RouteText[id=7eed8dc2-ebc4-49da-951a-9990a8cef519] Routing FlowFile[3008,94824452930785.mockFlowFile,24B] to original
[main] DEBUG org.apache.nifi.processors.standard.RouteText - RouteText[id=7eed8dc2-ebc4-49da-951a-9990a8cef519] Adding new dynamic property: PropertyDescriptor[simple]
[pool-3827-thread-1] INFO org.apache.nifi.processors.standard.RouteText - RouteText[id=7eed8dc2-ebc4-49da-951a-9990a8cef519] Created FlowFile[3011,94824453325464.mockFlowFile,24B] from FlowFile[3010,94824453325464.mockFlowFile,24B]; routing to relationship simple
[pool-3827-thread-1] INFO org.apache.nifi.processors.standard.RouteText - RouteText[id=7eed8dc2-ebc4-49da-951a-9990a8cef519] Routing FlowFile[3010,94824453325464.mockFlowFile,24B] to original
[main] DEBUG org.apache.nifi.processors.standard.RouteText - RouteText[id=7eed8dc2-ebc4-49da-951a-9990a8cef519] Adding new dynamic property: PropertyDescriptor[simple]
[pool-3828-thread-1] INFO org.apache.nifi.processors.standard.RouteText - RouteText[id=7eed8dc2-ebc4-49da-951a-9990a8cef519] Created FlowFile[3013,94824453675634.mockFlowFile,24B] from FlowFile[3012,94824453675634.mockFlowFile,24B]; routing to relationship simple
[pool-3828-thread-1] INFO org.apache.nifi.processors.standard.RouteText - RouteText[id=7eed8dc2-ebc4-49da-951a-9990a8cef519] Routing FlowFile[3012,94824453675634.mockFlowFile,24B] to original
[main] DEBUG org.apache.nifi.processors.standard.RouteText - RouteText[id=7eed8dc2-ebc4-49da-951a-9990a8cef519] Adding new dynamic property: PropertyDescriptor[simple]
[pool-3829-thread-1] INFO org.apache.nifi.processors.standard.RouteText - RouteText[id=7eed8dc2-ebc4-49da-951a-9990a8cef519] Created FlowFile[3015,94824454021069.mockFlowFile,24B] from FlowFile[3014,94824454021069.mockFlowFile,24B]; routing to relationship simple
[pool-3829-thread-1] INFO org.apache.nifi.processors.standard.RouteText - RouteText[id=7eed8dc2-ebc4-49da-951a-9990a8cef519] Routing FlowFile[3014,94824454021069.mockFlowFile,24B] to original
[main] DEBUG org.apache.nifi.processors.standard.RouteText - RouteText[id=7eed8dc2-ebc4-49da-951a-9990a8cef519] Adding new dynamic property: PropertyDescriptor[simple]
[pool-3830-thread-1] INFO org.apache.nifi.processors.standard.RouteText - RouteText[id=7eed8dc2-ebc4-49da-951a-9990a8cef519] Created FlowFile[3017,94824454360172.mockFlowFile,24B] from FlowFile[3016,94824454360172.mockFlowFile,24B]; routing to relationship simple
[pool-3830-thread-1] INFO org.apache.nifi.processors.standard.RouteText - RouteText[id=7eed8dc2-ebc4-49da-951a-9990a8cef519] Routing FlowFile[3016,94824454360172.mockFlowFile,24B] to original
[main] DEBUG org.apache.nifi.processors.standard.RouteText - RouteText[id=7eed8dc2-ebc4-49da-951a-9990a8cef519] Adding new dynamic property: PropertyDescriptor[simple]
[pool-3831-thread-1] INFO org.apache.nifi.processors.standard.RouteText - RouteText[id=7eed8dc2-ebc4-49da-951a-9990a8cef519] Created FlowFile[3019,94824454688796.mockFlowFile,24B] from FlowFile[3018,94824454688796.mockFlowFile,24B]; routing to relationship simple
[pool-3831-thread-1] INFO org.apache.nifi.processors.standard.RouteText - RouteText[id=7eed8dc2-ebc4-49da-951a-9990a8cef519] Routing FlowFile[3018,94824454688796.mockFlowFile,24B] to original
[main] DEBUG org.apache.nifi.processors.standard.RouteText - RouteText[id=7eed8dc2-ebc4-49da-951a-9990a8cef519] Adding new dynamic property: PropertyDescriptor[simple]
[pool-3832-thread-1] INFO org.apache.nifi.processors.standard.RouteText - RouteText[id=7eed8dc2-ebc4-49da-951a-9990a8cef519] Created FlowFile[3021,94824455018613.mockFlowFile,24B] from FlowFile[3020,94824455018613.mockFlowFile,24B]; routing to relationship simple
[pool-3832-thread-1] INFO org.apache.nifi.processors.standard.RouteText - RouteText[id=7eed8dc2-ebc4-49da-951a-9990a8cef519] Routing FlowFile[3020,94824455018613.mockFlowFile,24B] to original
[main] DEBUG org.apache.nifi.processors.standard.RouteText - RouteText[id=7eed8dc2-ebc4-49da-951a-9990a8cef519] Adding new dynamic property: PropertyDescriptor[simple]
[pool-3833-thread-1] INFO org.apache.nifi.processors.standard.RouteText - RouteText[id=7eed8dc2-ebc4-49da-951a-9990a8cef519] Created FlowFile[3023,94824455444927.mockFlowFile,24B] from FlowFile[3022,94824455444927.mockFlowFile,24B]; routing to relationship simple
[pool-3833-thread-1] INFO org.apache.nifi.processors.standard.RouteText - RouteText[id=7eed8dc2-ebc4-49da-951a-9990a8cef519] Routing FlowFile[3022,94824455444927.mockFlowFile,24B] to original
[main] DEBUG org.apache.nifi.processors.standard.RouteText - RouteText[id=7eed8dc2-ebc4-49da-951a-9990a8cef519] Adding new dynamic property: PropertyDescriptor[simple]
[pool-3834-thread-1] INFO org.apache.nifi.processors.standard.RouteText - RouteText[id=7eed8dc2-ebc4-49da-951a-9990a8cef519] Created FlowFile[3025,94824455788663.mockFlowFile,24B] from FlowFile[3024,94824455788663.mockFlowFile,24B]; routing to relationship simple
[pool-3834-thread-1] INFO org.apache.nifi.processors.standard.RouteText - RouteText[id=7eed8dc2-ebc4-49da-951a-9990a8cef519] Routing FlowFile[3024,94824455788663.mockFlowFile,24B] to original
[main] DEBUG org.apache.nifi.processors.standard.RouteText - RouteText[id=7eed8dc2-ebc4-49da-951a-9990a8cef519] Adding new dynamic property: PropertyDescriptor[simple]
[pool-3835-thread-1] INFO org.apache.nifi.processors.standard.RouteText - RouteText[id=7eed8dc2-ebc4-49da-951a-9990a8cef519] Created FlowFile[3027,94824456138564.mockFlowFile,24B] from FlowFile[3026,94824456138564.mockFlowFile,24B]; routing to relationship simple
[pool-3835-thread-1] INFO org.apache.nifi.processors.standard.RouteText - RouteText[id=7eed8dc2-ebc4-49da-951a-9990a8cef519] Routing FlowFile[3026,94824456138564.mockFlowFile,24B] to original
[main] DEBUG org.apache.nifi.processors.standard.RouteText - RouteText[id=7eed8dc2-ebc4-49da-951a-9990a8cef519] Adding new dynamic property: PropertyDescriptor[simple]
[pool-3836-thread-1] INFO org.apache.nifi.processors.standard.RouteText - RouteText[id=7eed8dc2-ebc4-49da-951a-9990a8cef519] Created FlowFile[3029,94824456558829.mockFlowFile,24B] from FlowFile[3028,94824456558829.mockFlowFile,24B]; routing to relationship simple
[pool-3836-thread-1] INFO org.apache.nifi.processors.standard.RouteText - RouteText[id=7eed8dc2-ebc4-49da-951a-9990a8cef519] Routing FlowFile[3028,94824456558829.mockFlowFile,24B] to original
[main] DEBUG org.apache.nifi.processors.standard.RouteText - RouteText[id=7eed8dc2-ebc4-49da-951a-9990a8cef519] Adding new dynamic property: PropertyDescriptor[simple]
[pool-3837-thread-1] INFO org.apache.nifi.processors.standard.RouteText - RouteText[id=7eed8dc2-ebc4-49da-951a-9990a8cef519] Created FlowFile[3031,94824456986698.mockFlowFile,24B] from FlowFile[3030,94824456986698.mockFlowFile,24B]; routing to relationship simple
[pool-3837-thread-1] INFO org.apache.nifi.processors.standard.RouteText - RouteText[id=7eed8dc2-ebc4-49da-951a-9990a8cef519] Routing FlowFile[3030,94824456986698.mockFlowFile,24B] to original
[main] DEBUG org.apache.nifi.processors.standard.RouteText - RouteText[id=7eed8dc2-ebc4-49da-951a-9990a8cef519] Adding new dynamic property: PropertyDescriptor[simple]
[pool-3838-thread-1] INFO org.apache.nifi.processors.standard.RouteText - RouteText[id=7eed8dc2-ebc4-49da-951a-9990a8cef519] Created FlowFile[3033,94824457337861.mockFlowFile,24B] from FlowFile[3032,94824457337861.mockFlowFile,24B]; routing to relationship simple
[pool-3838-thread-1] INFO org.apache.nifi.processors.standard.RouteText - RouteText[id=7eed8dc2-ebc4-49da-951a-9990a8cef519] Routing FlowFile[3032,94824457337861.mockFlowFile,24B] to original
[main] DEBUG org.apache.nifi.processors.standard.RouteText - RouteText[id=7eed8dc2-ebc4-49da-951a-9990a8cef519] Adding new dynamic property: PropertyDescriptor[simple]
[pool-3839-thread-1] INFO org.apache.nifi.processors.standard.RouteText - RouteText[id=7eed8dc2-ebc4-49da-951a-9990a8cef519] Created FlowFile[3035,94824457679259.mockFlowFile,24B] from FlowFile[3034,94824457679259.mockFlowFile,24B]; routing to relationship simple
[pool-3839-thread-1] INFO org.apache.nifi.processors.standard.RouteText - RouteText[id=7eed8dc2-ebc4-49da-951a-9990a8cef519] Routing FlowFile[3034,94824457679259.mockFlowFile,24B] to original
[main] DEBUG org.apache.nifi.processors.standard.RouteText - RouteText[id=7eed8dc2-ebc4-49da-951a-9990a8cef519] Adding new dynamic property: PropertyDescriptor[simple]
[pool-3840-thread-1] INFO org.apache.nifi.processors.standard.RouteText - RouteText[id=7eed8dc2-ebc4-49da-951a-9990a8cef519] Created FlowFile[3037,94824458021636.mockFlowFile,24B] from FlowFile[3036,94824458021636.mockFlowFile,24B]; routing to relationship simple
[pool-3840-thread-1] INFO org.apache.nifi.processors.standard.RouteText - RouteText[id=7eed8dc2-ebc4-49da-951a-9990a8cef519] Routing FlowFile[3036,94824458021636.mockFlowFile,24B] to original
[main] DEBUG org.apache.nifi.processors.standard.RouteText - RouteText[id=7eed8dc2-ebc4-49da-951a-9990a8cef519] Adding new dynamic property: PropertyDescriptor[simple]
[pool-3841-thread-1] INFO org.apache.nifi.processors.standard.RouteText - RouteText[id=7eed8dc2-ebc4-49da-951a-9990a8cef519] Created FlowFile[3039,94824458362031.mockFlowFile,24B] from FlowFile[3038,94824458362031.mockFlowFile,24B]; routing to relationship simple
[pool-3841-thread-1] INFO org.apache.nifi.processors.standard.RouteText - RouteText[id=7eed8dc2-ebc4-49da-951a-9990a8cef519] Routing FlowFile[3038,94824458362031.mockFlowFile,24B] to original
[main] DEBUG org.apache.nifi.processors.standard.RouteText - RouteText[id=7eed8dc2-ebc4-49da-951a-9990a8cef519] Adding new dynamic property: PropertyDescriptor[simple]
[pool-3842-thread-1] INFO org.apache.nifi.processors.standard.RouteText - RouteText[id=7eed8dc2-ebc4-49da-951a-9990a8cef519] Created FlowFile[3041,94824458760567.mockFlowFile,24B] from FlowFile[3040,94824458760567.mockFlowFile,24B]; routing to relationship simple
[pool-3842-thread-1] INFO org.apache.nifi.processors.standard.RouteText - RouteText[id=7eed8dc2-ebc4-49da-951a-9990a8cef519] Routing FlowFile[3040,94824458760567.mockFlowFile,24B] to original
[main] DEBUG org.apache.nifi.processors.standard.RouteText - RouteText[id=7eed8dc2-ebc4-49da-951a-9990a8cef519] Adding new dynamic property: PropertyDescriptor[simple]
[pool-3843-thread-1] INFO org.apache.nifi.processors.standard.RouteText - RouteText[id=7eed8dc2-ebc4-49da-951a-9990a8cef519] Created FlowFile[3043,94824459160277.mockFlowFile,24B] from FlowFile[3042,94824459160277.mockFlowFile,24B]; routing to relationship simple
[pool-3843-thread-1] INFO org.apache.nifi.processors.standard.RouteText - RouteText[id=7eed8dc2-ebc4-49da-951a-9990a8cef519] Routing FlowFile[3042,94824459160277.mockFlowFile,24B] to original
[main] DEBUG org.apache.nifi.processors.standard.RouteText - RouteText[id=7eed8dc2-ebc4-49da-951a-9990a8cef519] Adding new dynamic property: PropertyDescriptor[simple]
[pool-3844-thread-1] INFO org.apache.nifi.processors.standard.RouteText - RouteText[id=7eed8dc2-ebc4-49da-951a-9990a8cef519] Created FlowFile[3045,94824459630262.mockFlowFile,24B] from FlowFile[3044,94824459630262.mockFlowFile,24B]; routing to relationship simple
[pool-3844-thread-1] INFO org.apache.nifi.processors.standard.RouteText - RouteText[id=7eed8dc2-ebc4-49da-951a-9990a8cef519] Routing FlowFile[3044,94824459630262.mockFlowFile,24B] to original
[main] DEBUG org.apache.nifi.processors.standard.RouteText - RouteText[id=7eed8dc2-ebc4-49da-951a-9990a8cef519] Adding new dynamic property: PropertyDescriptor[simple]
[pool-3845-thread-1] INFO org.apache.nifi.processors.standard.RouteText - RouteText[id=7eed8dc2-ebc4-49da-951a-9990a8cef519] Created FlowFile[3047,94824460029753.mockFlowFile,24B] from FlowFile[3046,94824460029753.mockFlowFile,24B]; routing to relationship simple
[pool-3845-thread-1] INFO org.apache.nifi.processors.standard.RouteText - RouteText[id=7eed8dc2-ebc4-49da-951a-9990a8cef519] Routing FlowFile[3046,94824460029753.mockFlowFile,24B] to original
[main] DEBUG org.apache.nifi.processors.standard.RouteText - RouteText[id=7eed8dc2-ebc4-49da-951a-9990a8cef519] Adding new dynamic property: PropertyDescriptor[simple]
[pool-3846-thread-1] INFO org.apache.nifi.processors.standard.RouteText - RouteText[id=7eed8dc2-ebc4-49da-951a-9990a8cef519] Created FlowFile[3049,94824460547917.mockFlowFile,24B] from FlowFile[3048,94824460547917.mockFlowFile,24B]; routing to relationship simple
[pool-3846-thread-1] INFO org.apache.nifi.processors.standard.RouteText - RouteText[id=7eed8dc2-ebc4-49da-951a-9990a8cef519] Routing FlowFile[3048,94824460547917.mockFlowFile,24B] to original
[main] DEBUG org.apache.nifi.processors.standard.RouteText - RouteText[id=7eed8dc2-ebc4-49da-951a-9990a8cef519] Adding new dynamic property: PropertyDescriptor[simple]
[pool-3847-thread-1] INFO org.apache.nifi.processors.standard.RouteText - RouteText[id=7eed8dc2-ebc4-49da-951a-9990a8cef519] Created FlowFile[3051,94824461013829.mockFlowFile,24B] from FlowFile[3050,94824461013829.mockFlowFile,24B]; routing to relationship simple
[pool-3847-thread-1] INFO org.apache.nifi.processors.standard.RouteText - RouteText[id=7eed8dc2-ebc4-49da-951a-9990a8cef519] Routing FlowFile[3050,94824461013829.mockFlowFile,24B] to original
[main] DEBUG org.apache.nifi.processors.standard.RouteText - RouteText[id=7eed8dc2-ebc4-49da-951a-9990a8cef519] Adding new dynamic property: PropertyDescriptor[simple]
[pool-3848-thread-1] INFO org.apache.nifi.processors.standard.RouteText - RouteText[id=7eed8dc2-ebc4-49da-951a-9990a8cef519] Created FlowFile[3053,94824461468965.mockFlowFile,24B] from FlowFile[3052,94824461468965.mockFlowFile,24B]; routing to relationship simple
[pool-3848-thread-1] INFO org.apache.nifi.processors.standard.RouteText - RouteText[id=7eed8dc2-ebc4-49da-951a-9990a8cef519] Routing FlowFile[3052,94824461468965.mockFlowFile,24B] to original
[main] DEBUG org.apache.nifi.processors.standard.RouteText - RouteText[id=7eed8dc2-ebc4-49da-951a-9990a8cef519] Adding new dynamic property: PropertyDescriptor[simple]
[pool-3849-thread-1] INFO org.apache.nifi.processors.standard.RouteText - RouteText[id=7eed8dc2-ebc4-49da-951a-9990a8cef519] Created FlowFile[3055,94824461838023.mockFlowFile,24B] from FlowFile[3054,94824461838023.mockFlowFile,24B]; routing to relationship simple
[pool-3849-thread-1] INFO org.apache.nifi.processors.standard.RouteText - RouteText[id=7eed8dc2-ebc4-49da-951a-9990a8cef519] Routing FlowFile[3054,94824461838023.mockFlowFile,24B] to original
[main] DEBUG org.apache.nifi.processors.standard.RouteText - RouteText[id=7eed8dc2-ebc4-49da-951a-9990a8cef519] Adding new dynamic property: PropertyDescriptor[simple]
[pool-3850-thread-1] INFO org.apache.nifi.processors.standard.RouteText - RouteText[id=7eed8dc2-ebc4-49da-951a-9990a8cef519] Created FlowFile[3057,94824462171543.mockFlowFile,24B] from FlowFile[3056,94824462171543.mockFlowFile,24B]; routing to relationship simple
[pool-3850-thread-1] INFO org.apache.nifi.processors.standard.RouteText - RouteText[id=7eed8dc2-ebc4-49da-951a-9990a8cef519] Routing FlowFile[3056,94824462171543.mockFlowFile,24B] to original
[main] DEBUG org.apache.nifi.processors.standard.RouteText - RouteText[id=7eed8dc2-ebc4-49da-951a-9990a8cef519] Adding new dynamic property: PropertyDescriptor[simple]
[pool-3851-thread-1] INFO org.apache.nifi.processors.standard.RouteText - RouteText[id=7eed8dc2-ebc4-49da-951a-9990a8cef519] Created FlowFile[3059,94824462480732.mockFlowFile,24B] from FlowFile[3058,94824462480732.mockFlowFile,24B]; routing to relationship simple
[pool-3851-thread-1] INFO org.apache.nifi.processors.standard.RouteText - RouteText[id=7eed8dc2-ebc4-49da-951a-9990a8cef519] Routing FlowFile[3058,94824462480732.mockFlowFile,24B] to original
[main] DEBUG org.apache.nifi.processors.standard.RouteText - RouteText[id=7eed8dc2-ebc4-49da-951a-9990a8cef519] Adding new dynamic property: PropertyDescriptor[simple]
[pool-3852-thread-1] INFO org.apache.nifi.processors.standard.RouteText - RouteText[id=7eed8dc2-ebc4-49da-951a-9990a8cef519] Created FlowFile[3061,94824462800005.mockFlowFile,24B] from FlowFile[3060,94824462800005.mockFlowFile,24B]; routing to relationship simple
[pool-3852-thread-1] INFO org.apache.nifi.processors.standard.RouteText - RouteText[id=7eed8dc2-ebc4-49da-951a-9990a8cef519] Routing FlowFile[3060,94824462800005.mockFlowFile,24B] to original
[main] DEBUG org.apache.nifi.processors.standard.RouteText - RouteText[id=7eed8dc2-ebc4-49da-951a-9990a8cef519] Adding new dynamic property: PropertyDescriptor[simple]
[pool-3853-thread-1] INFO org.apache.nifi.processors.standard.RouteText - RouteText[id=7eed8dc2-ebc4-49da-951a-9990a8cef519] Created FlowFile[3063,94824463215613.mockFlowFile,24B] from FlowFile[3062,94824463215613.mockFlowFile,24B]; routing to relationship simple
[pool-3853-thread-1] INFO org.apache.nifi.processors.standard.RouteText - RouteText[id=7eed8dc2-ebc4-49da-951a-9990a8cef519] Routing FlowFile[3062,94824463215613.mockFlowFile,24B] to original
[main] DEBUG org.apache.nifi.processors.standard.RouteText - RouteText[id=7eed8dc2-ebc4-49da-951a-9990a8cef519] Adding new dynamic property: PropertyDescriptor[simple]
[pool-3854-thread-1] INFO org.apache.nifi.processors.standard.RouteText - RouteText[id=7eed8dc2-ebc4-49da-951a-9990a8cef519] Created FlowFile[3065,94824463768066.mockFlowFile,24B] from FlowFile[3064,94824463768066.mockFlowFile,24B]; routing to relationship simple
[pool-3854-thread-1] INFO org.apache.nifi.processors.standard.RouteText - RouteText[id=7eed8dc2-ebc4-49da-951a-9990a8cef519] Routing FlowFile[3064,94824463768066.mockFlowFile,24B] to original
[main] DEBUG org.apache.nifi.processors.standard.RouteText - RouteText[id=7eed8dc2-ebc4-49da-951a-9990a8cef519] Adding new dynamic property: PropertyDescriptor[simple]
[pool-3855-thread-1] INFO org.apache.nifi.processors.standard.RouteText - RouteText[id=7eed8dc2-ebc4-49da-951a-9990a8cef519] Created FlowFile[3067,94824464282063.mockFlowFile,24B] from FlowFile[3066,94824464282063.mockFlowFile,24B]; routing to relationship simple
[pool-3855-thread-1] INFO org.apache.nifi.processors.standard.RouteText - RouteText[id=7eed8dc2-ebc4-49da-951a-9990a8cef519] Routing FlowFile[3066,94824464282063.mockFlowFile,24B] to original
[main] DEBUG org.apache.nifi.processors.standard.RouteText - RouteText[id=7eed8dc2-ebc4-49da-951a-9990a8cef519] Adding new dynamic property: PropertyDescriptor[simple]
[pool-3856-thread-1] INFO org.apache.nifi.processors.standard.RouteText - RouteText[id=7eed8dc2-ebc4-49da-951a-9990a8cef519] Created FlowFile[3069,94824464726706.mockFlowFile,24B] from FlowFile[3068,94824464726706.mockFlowFile,24B]; routing to relationship simple
[pool-3856-thread-1] INFO org.apache.nifi.processors.standard.RouteText - RouteText[id=7eed8dc2-ebc4-49da-951a-9990a8cef519] Routing FlowFile[3068,94824464726706.mockFlowFile,24B] to original
[main] DEBUG org.apache.nifi.processors.standard.RouteText - RouteText[id=7eed8dc2-ebc4-49da-951a-9990a8cef519] Adding new dynamic property: PropertyDescriptor[simple]
[pool-3857-thread-1] INFO org.apache.nifi.processors.standard.RouteText - RouteText[id=7eed8dc2-ebc4-49da-951a-9990a8cef519] Created FlowFile[3071,94824465147616.mockFlowFile,24B] from FlowFile[3070,94824465147616.mockFlowFile,24B]; routing to relationship simple
[pool-3857-thread-1] INFO org.apache.nifi.processors.standard.RouteText - RouteText[id=7eed8dc2-ebc4-49da-951a-9990a8cef519] Routing FlowFile[3070,94824465147616.mockFlowFile,24B] to original
[main] DEBUG org.apache.nifi.processors.standard.RouteText - RouteText[id=7eed8dc2-ebc4-49da-951a-9990a8cef519] Adding new dynamic property: PropertyDescriptor[simple]
[pool-3858-thread-1] INFO org.apache.nifi.processors.standard.RouteText - RouteText[id=7eed8dc2-ebc4-49da-951a-9990a8cef519] Created FlowFile[3073,94824465688318.mockFlowFile,24B] from FlowFile[3072,94824465688318.mockFlowFile,24B]; routing to relationship simple
[pool-3858-thread-1] INFO org.apache.nifi.processors.standard.RouteText - RouteText[id=7eed8dc2-ebc4-49da-951a-9990a8cef519] Routing FlowFile[3072,94824465688318.mockFlowFile,24B] to original
[main] DEBUG org.apache.nifi.processors.standard.RouteText - RouteText[id=7eed8dc2-ebc4-49da-951a-9990a8cef519] Adding new dynamic property: PropertyDescriptor[simple]
[pool-3859-thread-1] INFO org.apache.nifi.processors.standard.RouteText - RouteText[id=7eed8dc2-ebc4-49da-951a-9990a8cef519] Created FlowFile[3075,94824466162439.mockFlowFile,24B] from FlowFile[3074,94824466162439.mockFlowFile,24B]; routing to relationship simple
[pool-3859-thread-1] INFO org.apache.nifi.processors.standard.RouteText - RouteText[id=7eed8dc2-ebc4-49da-951a-9990a8cef519] Routing FlowFile[3074,94824466162439.mockFlowFile,24B] to original
[main] DEBUG org.apache.nifi.processors.standard.RouteText - RouteText[id=7eed8dc2-ebc4-49da-951a-9990a8cef519] Adding new dynamic property: PropertyDescriptor[simple]
[pool-3860-thread-1] INFO org.apache.nifi.processors.standard.RouteText - RouteText[id=7eed8dc2-ebc4-49da-951a-9990a8cef519] Created FlowFile[3077,94824466653880.mockFlowFile,24B] from FlowFile[3076,94824466653880.mockFlowFile,24B]; routing to relationship simple
[pool-3860-thread-1] INFO org.apache.nifi.processors.standard.RouteText - RouteText[id=7eed8dc2-ebc4-49da-951a-9990a8cef519] Routing FlowFile[3076,94824466653880.mockFlowFile,24B] to original
[main] DEBUG org.apache.nifi.processors.standard.RouteText - RouteText[id=7eed8dc2-ebc4-49da-951a-9990a8cef519] Adding new dynamic property: PropertyDescriptor[simple]
[pool-3861-thread-1] INFO org.apache.nifi.processors.standard.RouteText - RouteText[id=7eed8dc2-ebc4-49da-951a-9990a8cef519] Created FlowFile[3079,94824467089252.mockFlowFile,24B] from FlowFile[3078,94824467089252.mockFlowFile,24B]; routing to relationship simple
[pool-3861-thread-1] INFO org.apache.nifi.processors.standard.RouteText - RouteText[id=7eed8dc2-ebc4-49da-951a-9990a8cef519] Routing FlowFile[3078,94824467089252.mockFlowFile,24B] to original
[main] DEBUG org.apache.nifi.processors.standard.RouteText - RouteText[id=7eed8dc2-ebc4-49da-951a-9990a8cef519] Adding new dynamic property: PropertyDescriptor[simple]
[pool-3862-thread-1] INFO org.apache.nifi.processors.standard.RouteText - RouteText[id=7eed8dc2-ebc4-49da-951a-9990a8cef519] Created FlowFile[3081,94824467434671.mockFlowFile,24B] from FlowFile[3080,94824467434671.mockFlowFile,24B]; routing to relationship simple
[pool-3862-thread-1] INFO org.apache.nifi.processors.standard.RouteText - RouteText[id=7eed8dc2-ebc4-49da-951a-9990a8cef519] Routing FlowFile[3080,94824467434671.mockFlowFile,24B] to original
[main] DEBUG org.apache.nifi.processors.standard.RouteText - RouteText[id=7eed8dc2-ebc4-49da-951a-9990a8cef519] Adding new dynamic property: PropertyDescriptor[simple]
[pool-3863-thread-1] INFO org.apache.nifi.processors.standard.RouteText - RouteText[id=7eed8dc2-ebc4-49da-951a-9990a8cef519] Created FlowFile[3083,94824467759337.mockFlowFile,24B] from FlowFile[3082,94824467759337.mockFlowFile,24B]; routing to relationship simple
[pool-3863-thread-1] INFO org.apache.nifi.processors.standard.RouteText - RouteText[id=7eed8dc2-ebc4-49da-951a-9990a8cef519] Routing FlowFile[3082,94824467759337.mockFlowFile,24B] to original
[main] DEBUG org.apache.nifi.processors.standard.RouteText - RouteText[id=7eed8dc2-ebc4-49da-951a-9990a8cef519] Adding new dynamic property: PropertyDescriptor[simple]
[pool-3864-thread-1] INFO org.apache.nifi.processors.standard.RouteText - RouteText[id=7eed8dc2-ebc4-49da-951a-9990a8cef519] Created FlowFile[3085,94824468109955.mockFlowFile,24B] from FlowFile[3084,94824468109955.mockFlowFile,24B]; routing to relationship simple
[pool-3864-thread-1] INFO org.apache.nifi.processors.standard.RouteText - RouteText[id=7eed8dc2-ebc4-49da-951a-9990a8cef519] Routing FlowFile[3084,94824468109955.mockFlowFile,24B] to original
[main] DEBUG org.apache.nifi.processors.standard.RouteText - RouteText[id=7eed8dc2-ebc4-49da-951a-9990a8cef519] Adding new dynamic property: PropertyDescriptor[simple]
[pool-3865-thread-1] INFO org.apache.nifi.processors.standard.RouteText - RouteText[id=7eed8dc2-ebc4-49da-951a-9990a8cef519] Created FlowFile[3087,94824468582456.mockFlowFile,24B] from FlowFile[3086,94824468582456.mockFlowFile,24B]; routing to relationship simple
[pool-3865-thread-1] INFO org.apache.nifi.processors.standard.RouteText - RouteText[id=7eed8dc2-ebc4-49da-951a-9990a8cef519] Routing FlowFile[3086,94824468582456.mockFlowFile,24B] to original
[main] DEBUG org.apache.nifi.processors.standard.RouteText - RouteText[id=7eed8dc2-ebc4-49da-951a-9990a8cef519] Adding new dynamic property: PropertyDescriptor[simple]
[pool-3866-thread-1] INFO org.apache.nifi.processors.standard.RouteText - RouteText[id=7eed8dc2-ebc4-49da-951a-9990a8cef519] Created FlowFile[3089,94824469068359.mockFlowFile,24B] from FlowFile[3088,94824469068359.mockFlowFile,24B]; routing to relationship simple
[pool-3866-thread-1] INFO org.apache.nifi.processors.standard.RouteText - RouteText[id=7eed8dc2-ebc4-49da-951a-9990a8cef519] Routing FlowFile[3088,94824469068359.mockFlowFile,24B] to original
[main] DEBUG org.apache.nifi.processors.standard.RouteText - RouteText[id=7eed8dc2-ebc4-49da-951a-9990a8cef519] Adding new dynamic property: PropertyDescriptor[simple]
[pool-3867-thread-1] INFO org.apache.nifi.processors.standard.RouteText - RouteText[id=7eed8dc2-ebc4-49da-951a-9990a8cef519] Created FlowFile[3091,94824469534528.mockFlowFile,24B] from FlowFile[3090,94824469534528.mockFlowFile,24B]; routing to relationship simple
[pool-3867-thread-1] INFO org.apache.nifi.processors.standard.RouteText - RouteText[id=7eed8dc2-ebc4-49da-951a-9990a8cef519] Routing FlowFile[3090,94824469534528.mockFlowFile,24B] to original
[main] DEBUG org.apache.nifi.processors.standard.RouteText - RouteText[id=7eed8dc2-ebc4-49da-951a-9990a8cef519] Adding new dynamic property: PropertyDescriptor[simple]
[pool-3868-thread-1] INFO org.apache.nifi.processors.standard.RouteText - RouteText[id=7eed8dc2-ebc4-49da-951a-9990a8cef519] Created FlowFile[3093,94824469970343.mockFlowFile,24B] from FlowFile[3092,94824469970343.mockFlowFile,24B]; routing to relationship simple
[pool-3868-thread-1] INFO org.apache.nifi.processors.standard.RouteText - RouteText[id=7eed8dc2-ebc4-49da-951a-9990a8cef519] Routing FlowFile[3092,94824469970343.mockFlowFile,24B] to original
[main] DEBUG org.apache.nifi.processors.standard.RouteText - RouteText[id=7eed8dc2-ebc4-49da-951a-9990a8cef519] Adding new dynamic property: PropertyDescriptor[simple]
[pool-3869-thread-1] INFO org.apache.nifi.processors.standard.RouteText - RouteText[id=7eed8dc2-ebc4-49da-951a-9990a8cef519] Created FlowFile[3095,94824470391079.mockFlowFile,24B] from FlowFile[3094,94824470391079.mockFlowFile,24B]; routing to relationship simple
[pool-3869-thread-1] INFO org.apache.nifi.processors.standard.RouteText - RouteText[id=7eed8dc2-ebc4-49da-951a-9990a8cef519] Routing FlowFile[3094,94824470391079.mockFlowFile,24B] to original
[main] DEBUG org.apache.nifi.processors.standard.RouteText - RouteText[id=7eed8dc2-ebc4-49da-951a-9990a8cef519] Adding new dynamic property: PropertyDescriptor[simple]
[pool-3870-thread-1] INFO org.apache.nifi.processors.standard.RouteText - RouteText[id=7eed8dc2-ebc4-49da-951a-9990a8cef519] Created FlowFile[3097,94824470713233.mockFlowFile,24B] from FlowFile[3096,94824470713233.mockFlowFile,24B]; routing to relationship simple
[pool-3870-thread-1] INFO org.apache.nifi.processors.standard.RouteText - RouteText[id=7eed8dc2-ebc4-49da-951a-9990a8cef519] Routing FlowFile[3096,94824470713233.mockFlowFile,24B] to original
[main] DEBUG org.apache.nifi.processors.standard.RouteText - RouteText[id=7eed8dc2-ebc4-49da-951a-9990a8cef519] Adding new dynamic property: PropertyDescriptor[simple]
[pool-3871-thread-1] INFO org.apache.nifi.processors.standard.RouteText - RouteText[id=7eed8dc2-ebc4-49da-951a-9990a8cef519] Created FlowFile[3099,94824471033318.mockFlowFile,24B] from FlowFile[3098,94824471033318.mockFlowFile,24B]; routing to relationship simple
[pool-3871-thread-1] INFO org.apache.nifi.processors.standard.RouteText - RouteText[id=7eed8dc2-ebc4-49da-951a-9990a8cef519] Routing FlowFile[3098,94824471033318.mockFlowFile,24B] to original
[main] DEBUG org.apache.nifi.processors.standard.RouteText - RouteText[id=7eed8dc2-ebc4-49da-951a-9990a8cef519] Adding new dynamic property: PropertyDescriptor[simple]
[pool-3872-thread-1] INFO org.apache.nifi.processors.standard.RouteText - RouteText[id=7eed8dc2-ebc4-49da-951a-9990a8cef519] Created FlowFile[3101,94824471443786.mockFlowFile,24B] from FlowFile[3100,94824471443786.mockFlowFile,24B]; routing to relationship simple
[pool-3872-thread-1] INFO org.apache.nifi.processors.standard.RouteText - RouteText[id=7eed8dc2-ebc4-49da-951a-9990a8cef519] Routing FlowFile[3100,94824471443786.mockFlowFile,24B] to original
[main] DEBUG org.apache.nifi.processors.standard.RouteText - RouteText[id=7eed8dc2-ebc4-49da-951a-9990a8cef519] Adding new dynamic property: PropertyDescriptor[simple]
[pool-3873-thread-1] INFO org.apache.nifi.processors.standard.RouteText - RouteText[id=7eed8dc2-ebc4-49da-951a-9990a8cef519] Created FlowFile[3103,94824471767852.mockFlowFile,24B] from FlowFile[3102,94824471767852.mockFlowFile,24B]; routing to relationship simple
[pool-3873-thread-1] INFO org.apache.nifi.processors.standard.RouteText - RouteText[id=7eed8dc2-ebc4-49da-951a-9990a8cef519] Routing FlowFile[3102,94824471767852.mockFlowFile,24B] to original
[main] DEBUG org.apache.nifi.processors.standard.RouteText - RouteText[id=7eed8dc2-ebc4-49da-951a-9990a8cef519] Adding new dynamic property: PropertyDescriptor[simple]
[pool-3874-thread-1] INFO org.apache.nifi.processors.standard.RouteText - RouteText[id=7eed8dc2-ebc4-49da-951a-9990a8cef519] Created FlowFile[3105,94824472269352.mockFlowFile,24B] from FlowFile[3104,94824472269352.mockFlowFile,24B]; routing to relationship simple
[pool-3874-thread-1] INFO org.apache.nifi.processors.standard.RouteText - RouteText[id=7eed8dc2-ebc4-49da-951a-9990a8cef519] Routing FlowFile[3104,94824472269352.mockFlowFile,24B] to original
[main] DEBUG org.apache.nifi.processors.standard.RouteText - RouteText[id=7eed8dc2-ebc4-49da-951a-9990a8cef519] Adding new dynamic property: PropertyDescriptor[simple]
[pool-3875-thread-1] INFO org.apache.nifi.processors.standard.RouteText - RouteText[id=7eed8dc2-ebc4-49da-951a-9990a8cef519] Created FlowFile[3107,94824472656558.mockFlowFile,24B] from FlowFile[3106,94824472656558.mockFlowFile,24B]; routing to relationship simple
[pool-3875-thread-1] INFO org.apache.nifi.processors.standard.RouteText - RouteText[id=7eed8dc2-ebc4-49da-951a-9990a8cef519] Routing FlowFile[3106,94824472656558.mockFlowFile,24B] to original
[main] DEBUG org.apache.nifi.processors.standard.RouteText - RouteText[id=7eed8dc2-ebc4-49da-951a-9990a8cef519] Adding new dynamic property: PropertyDescriptor[simple]
[pool-3876-thread-1] INFO org.apache.nifi.processors.standard.RouteText - RouteText[id=7eed8dc2-ebc4-49da-951a-9990a8cef519] Created FlowFile[3109,94824473046580.mockFlowFile,24B] from FlowFile[3108,94824473046580.mockFlowFile,24B]; routing to relationship simple
[pool-3876-thread-1] INFO org.apache.nifi.processors.standard.RouteText - RouteText[id=7eed8dc2-ebc4-49da-951a-9990a8cef519] Routing FlowFile[3108,94824473046580.mockFlowFile,24B] to original
[main] DEBUG org.apache.nifi.processors.standard.RouteText - RouteText[id=7eed8dc2-ebc4-49da-951a-9990a8cef519] Adding new dynamic property: PropertyDescriptor[simple]
[pool-3877-thread-1] INFO org.apache.nifi.processors.standard.RouteText - RouteText[id=7eed8dc2-ebc4-49da-951a-9990a8cef519] Created FlowFile[3111,94824473387287.mockFlowFile,24B] from FlowFile[3110,94824473387287.mockFlowFile,24B]; routing to relationship simple
[pool-3877-thread-1] INFO org.apache.nifi.processors.standard.RouteText - RouteText[id=7eed8dc2-ebc4-49da-951a-9990a8cef519] Routing FlowFile[3110,94824473387287.mockFlowFile,24B] to original
[main] DEBUG org.apache.nifi.processors.standard.RouteText - RouteText[id=7eed8dc2-ebc4-49da-951a-9990a8cef519] Adding new dynamic property: PropertyDescriptor[simple]
[pool-3878-thread-1] INFO org.apache.nifi.processors.standard.RouteText - RouteText[id=7eed8dc2-ebc4-49da-951a-9990a8cef519] Created FlowFile[3113,94824473712495.mockFlowFile,24B] from FlowFile[3112,94824473712495.mockFlowFile,24B]; routing to relationship simple
[pool-3878-thread-1] INFO org.apache.nifi.processors.standard.RouteText - RouteText[id=7eed8dc2-ebc4-49da-951a-9990a8cef519] Routing FlowFile[3112,94824473712495.mockFlowFile,24B] to original
[main] DEBUG org.apache.nifi.processors.standard.RouteText - RouteText[id=7eed8dc2-ebc4-49da-951a-9990a8cef519] Adding new dynamic property: PropertyDescriptor[simple]
[pool-3879-thread-1] INFO org.apache.nifi.processors.standard.RouteText - RouteText[id=7eed8dc2-ebc4-49da-951a-9990a8cef519] Created FlowFile[3115,94824474027884.mockFlowFile,24B] from FlowFile[3114,94824474027884.mockFlowFile,24B]; routing to relationship simple
[pool-3879-thread-1] INFO org.apache.nifi.processors.standard.RouteText - RouteText[id=7eed8dc2-ebc4-49da-951a-9990a8cef519] Routing FlowFile[3114,94824474027884.mockFlowFile,24B] to original
[main] DEBUG org.apache.nifi.processors.standard.RouteText - RouteText[id=7eed8dc2-ebc4-49da-951a-9990a8cef519] Adding new dynamic property: PropertyDescriptor[simple]
[pool-3880-thread-1] INFO org.apache.nifi.processors.standard.RouteText - RouteText[id=7eed8dc2-ebc4-49da-951a-9990a8cef519] Created FlowFile[3117,94824474352597.mockFlowFile,24B] from FlowFile[3116,94824474352597.mockFlowFile,24B]; routing to relationship simple
[pool-3880-thread-1] INFO org.apache.nifi.processors.standard.RouteText - RouteText[id=7eed8dc2-ebc4-49da-951a-9990a8cef519] Routing FlowFile[3116,94824474352597.mockFlowFile,24B] to original
[main] DEBUG org.apache.nifi.processors.standard.RouteText - RouteText[id=7eed8dc2-ebc4-49da-951a-9990a8cef519] Adding new dynamic property: PropertyDescriptor[simple]
[pool-3881-thread-1] INFO org.apache.nifi.processors.standard.RouteText - RouteText[id=7eed8dc2-ebc4-49da-951a-9990a8cef519] Created FlowFile[3119,94824474668936.mockFlowFile,24B] from FlowFile[3118,94824474668936.mockFlowFile,24B]; routing to relationship simple
[pool-3881-thread-1] INFO org.apache.nifi.processors.standard.RouteText - RouteText[id=7eed8dc2-ebc4-49da-951a-9990a8cef519] Routing FlowFile[3118,94824474668936.mockFlowFile,24B] to original
[main] DEBUG org.apache.nifi.processors.standard.RouteText - RouteText[id=7eed8dc2-ebc4-49da-951a-9990a8cef519] Adding new dynamic property: PropertyDescriptor[simple]
[pool-3882-thread-1] INFO org.apache.nifi.processors.standard.RouteText - RouteText[id=7eed8dc2-ebc4-49da-951a-9990a8cef519] Created FlowFile[3121,94824474993687.mockFlowFile,24B] from FlowFile[3120,94824474993687.mockFlowFile,24B]; routing to relationship simple
[pool-3882-thread-1] INFO org.apache.nifi.processors.standard.RouteText - RouteText[id=7eed8dc2-ebc4-49da-951a-9990a8cef519] Routing FlowFile[3120,94824474993687.mockFlowFile,24B] to original
[main] DEBUG org.apache.nifi.processors.standard.RouteText - RouteText[id=7eed8dc2-ebc4-49da-951a-9990a8cef519] Adding new dynamic property: PropertyDescriptor[simple]
[pool-3883-thread-1] INFO org.apache.nifi.processors.standard.RouteText - RouteText[id=7eed8dc2-ebc4-49da-951a-9990a8cef519] Created FlowFile[3123,94824475412751.mockFlowFile,24B] from FlowFile[3122,94824475412751.mockFlowFile,24B]; routing to relationship simple
[pool-3883-thread-1] INFO org.apache.nifi.processors.standard.RouteText - RouteText[id=7eed8dc2-ebc4-49da-951a-9990a8cef519] Routing FlowFile[3122,94824475412751.mockFlowFile,24B] to original
[main] DEBUG org.apache.nifi.processors.standard.RouteText - RouteText[id=7eed8dc2-ebc4-49da-951a-9990a8cef519] Adding new dynamic property: PropertyDescriptor[simple]
[pool-3884-thread-1] INFO org.apache.nifi.processors.standard.RouteText - RouteText[id=7eed8dc2-ebc4-49da-951a-9990a8cef519] Created FlowFile[3125,94824475796979.mockFlowFile,24B] from FlowFile[3124,94824475796979.mockFlowFile,24B]; routing to relationship simple
[pool-3884-thread-1] INFO org.apache.nifi.processors.standard.RouteText - RouteText[id=7eed8dc2-ebc4-49da-951a-9990a8cef519] Routing FlowFile[3124,94824475796979.mockFlowFile,24B] to original
[main] DEBUG org.apache.nifi.processors.standard.RouteText - RouteText[id=7eed8dc2-ebc4-49da-951a-9990a8cef519] Adding new dynamic property: PropertyDescriptor[simple]
[pool-3885-thread-1] INFO org.apache.nifi.processors.standard.RouteText - RouteText[id=7eed8dc2-ebc4-49da-951a-9990a8cef519] Created FlowFile[3127,94824476324345.mockFlowFile,24B] from FlowFile[3126,94824476324345.mockFlowFile,24B]; routing to relationship simple
[pool-3885-thread-1] INFO org.apache.nifi.processors.standard.RouteText - RouteText[id=7eed8dc2-ebc4-49da-951a-9990a8cef519] Routing FlowFile[3126,94824476324345.mockFlowFile,24B] to original
[main] DEBUG org.apache.nifi.processors.standard.RouteText - RouteText[id=7eed8dc2-ebc4-49da-951a-9990a8cef519] Adding new dynamic property: PropertyDescriptor[simple]
[pool-3886-thread-1] INFO org.apache.nifi.processors.standard.RouteText - RouteText[id=7eed8dc2-ebc4-49da-951a-9990a8cef519] Created FlowFile[3129,94824476751737.mockFlowFile,24B] from FlowFile[3128,94824476751737.mockFlowFile,24B]; routing to relationship simple
[pool-3886-thread-1] INFO org.apache.nifi.processors.standard.RouteText - RouteText[id=7eed8dc2-ebc4-49da-951a-9990a8cef519] Routing FlowFile[3128,94824476751737.mockFlowFile,24B] to original
[main] DEBUG org.apache.nifi.processors.standard.RouteText - RouteText[id=7eed8dc2-ebc4-49da-951a-9990a8cef519] Adding new dynamic property: PropertyDescriptor[simple]
[pool-3887-thread-1] INFO org.apache.nifi.processors.standard.RouteText - RouteText[id=7eed8dc2-ebc4-49da-951a-9990a8cef519] Created FlowFile[3131,94824477175017.mockFlowFile,24B] from FlowFile[3130,94824477175017.mockFlowFile,24B]; routing to relationship simple
[pool-3887-thread-1] INFO org.apache.nifi.processors.standard.RouteText - RouteText[id=7eed8dc2-ebc4-49da-951a-9990a8cef519] Routing FlowFile[3130,94824477175017.mockFlowFile,24B] to original
[main] DEBUG org.apache.nifi.processors.standard.RouteText - RouteText[id=7eed8dc2-ebc4-49da-951a-9990a8cef519] Adding new dynamic property: PropertyDescriptor[simple]
[pool-3888-thread-1] INFO org.apache.nifi.processors.standard.RouteText - RouteText[id=7eed8dc2-ebc4-49da-951a-9990a8cef519] Created FlowFile[3133,94824477583782.mockFlowFile,24B] from FlowFile[3132,94824477583782.mockFlowFile,24B]; routing to relationship simple
[pool-3888-thread-1] INFO org.apache.nifi.processors.standard.RouteText - RouteText[id=7eed8dc2-ebc4-49da-951a-9990a8cef519] Routing FlowFile[3132,94824477583782.mockFlowFile,24B] to original
[main] DEBUG org.apache.nifi.processors.standard.RouteText - RouteText[id=7eed8dc2-ebc4-49da-951a-9990a8cef519] Adding new dynamic property: PropertyDescriptor[simple]
[pool-3889-thread-1] INFO org.apache.nifi.processors.standard.RouteText - RouteText[id=7eed8dc2-ebc4-49da-951a-9990a8cef519] Created FlowFile[3135,94824477903654.mockFlowFile,24B] from FlowFile[3134,94824477903654.mockFlowFile,24B]; routing to relationship simple
[pool-3889-thread-1] INFO org.apache.nifi.processors.standard.RouteText - RouteText[id=7eed8dc2-ebc4-49da-951a-9990a8cef519] Routing FlowFile[3134,94824477903654.mockFlowFile,24B] to original
[main] DEBUG org.apache.nifi.processors.standard.RouteText - RouteText[id=7eed8dc2-ebc4-49da-951a-9990a8cef519] Adding new dynamic property: PropertyDescriptor[simple]
[pool-3890-thread-1] INFO org.apache.nifi.processors.standard.RouteText - RouteText[id=7eed8dc2-ebc4-49da-951a-9990a8cef519] Created FlowFile[3137,94824478227823.mockFlowFile,24B] from FlowFile[3136,94824478227823.mockFlowFile,24B]; routing to relationship simple
[pool-3890-thread-1] INFO org.apache.nifi.processors.standard.RouteText - RouteText[id=7eed8dc2-ebc4-49da-951a-9990a8cef519] Routing FlowFile[3136,94824478227823.mockFlowFile,24B] to original
[main] DEBUG org.apache.nifi.processors.standard.RouteText - RouteText[id=7eed8dc2-ebc4-49da-951a-9990a8cef519] Adding new dynamic property: PropertyDescriptor[simple]
[pool-3891-thread-1] INFO org.apache.nifi.processors.standard.RouteText - RouteText[id=7eed8dc2-ebc4-49da-951a-9990a8cef519] Created FlowFile[3139,94824478547733.mockFlowFile,24B] from FlowFile[3138,94824478547733.mockFlowFile,24B]; routing to relationship simple
[pool-3891-thread-1] INFO org.apache.nifi.processors.standard.RouteText - RouteText[id=7eed8dc2-ebc4-49da-951a-9990a8cef519] Routing FlowFile[3138,94824478547733.mockFlowFile,24B] to original
[main] DEBUG org.apache.nifi.processors.standard.RouteText - RouteText[id=7eed8dc2-ebc4-49da-951a-9990a8cef519] Adding new dynamic property: PropertyDescriptor[simple]
[pool-3892-thread-1] INFO org.apache.nifi.processors.standard.RouteText - RouteText[id=7eed8dc2-ebc4-49da-951a-9990a8cef519] Created FlowFile[3141,94824478865072.mockFlowFile,24B] from FlowFile[3140,94824478865072.mockFlowFile,24B]; routing to relationship simple
[pool-3892-thread-1] INFO org.apache.nifi.processors.standard.RouteText - RouteText[id=7eed8dc2-ebc4-49da-951a-9990a8cef519] Routing FlowFile[3140,94824478865072.mockFlowFile,24B] to original
[main] DEBUG org.apache.nifi.processors.standard.RouteText - RouteText[id=7eed8dc2-ebc4-49da-951a-9990a8cef519] Adding new dynamic property: PropertyDescriptor[simple]
[pool-3893-thread-1] INFO org.apache.nifi.processors.standard.RouteText - RouteText[id=7eed8dc2-ebc4-49da-951a-9990a8cef519] Created FlowFile[3143,94824479286858.mockFlowFile,24B] from FlowFile[3142,94824479286858.mockFlowFile,24B]; routing to relationship simple
[pool-3893-thread-1] INFO org.apache.nifi.processors.standard.RouteText - RouteText[id=7eed8dc2-ebc4-49da-951a-9990a8cef519] Routing FlowFile[3142,94824479286858.mockFlowFile,24B] to original
[main] DEBUG org.apache.nifi.processors.standard.RouteText - RouteText[id=7eed8dc2-ebc4-49da-951a-9990a8cef519] Adding new dynamic property: PropertyDescriptor[simple]
[pool-3894-thread-1] INFO org.apache.nifi.processors.standard.RouteText - RouteText[id=7eed8dc2-ebc4-49da-951a-9990a8cef519] Created FlowFile[3145,94824479707652.mockFlowFile,24B] from FlowFile[3144,94824479707652.mockFlowFile,24B]; routing to relationship simple
[pool-3894-thread-1] INFO org.apache.nifi.processors.standard.RouteText - RouteText[id=7eed8dc2-ebc4-49da-951a-9990a8cef519] Routing FlowFile[3144,94824479707652.mockFlowFile,24B] to original
[main] DEBUG org.apache.nifi.processors.standard.RouteText - RouteText[id=7eed8dc2-ebc4-49da-951a-9990a8cef519] Adding new dynamic property: PropertyDescriptor[simple]
[pool-3895-thread-1] INFO org.apache.nifi.processors.standard.RouteText - RouteText[id=7eed8dc2-ebc4-49da-951a-9990a8cef519] Created FlowFile[3147,94824480047255.mockFlowFile,24B] from FlowFile[3146,94824480047255.mockFlowFile,24B]; routing to relationship simple
[pool-3895-thread-1] INFO org.apache.nifi.processors.standard.RouteText - RouteText[id=7eed8dc2-ebc4-49da-951a-9990a8cef519] Routing FlowFile[3146,94824480047255.mockFlowFile,24B] to original
[main] DEBUG org.apache.nifi.processors.standard.RouteText - RouteText[id=7eed8dc2-ebc4-49da-951a-9990a8cef519] Adding new dynamic property: PropertyDescriptor[simple]
[pool-3896-thread-1] INFO org.apache.nifi.processors.standard.RouteText - RouteText[id=7eed8dc2-ebc4-49da-951a-9990a8cef519] Created FlowFile[3149,94824480466397.mockFlowFile,24B] from FlowFile[3148,94824480466397.mockFlowFile,24B]; routing to relationship simple
[pool-3896-thread-1] INFO org.apache.nifi.processors.standard.RouteText - RouteText[id=7eed8dc2-ebc4-49da-951a-9990a8cef519] Routing FlowFile[3148,94824480466397.mockFlowFile,24B] to original
[main] DEBUG org.apache.nifi.processors.standard.RouteText - RouteText[id=7eed8dc2-ebc4-49da-951a-9990a8cef519] Adding new dynamic property: PropertyDescriptor[simple]
[pool-3897-thread-1] INFO org.apache.nifi.processors.standard.RouteText - RouteText[id=7eed8dc2-ebc4-49da-951a-9990a8cef519] Created FlowFile[3151,94824480873003.mockFlowFile,24B] from FlowFile[3150,94824480873003.mockFlowFile,24B]; routing to relationship simple
[pool-3897-thread-1] INFO org.apache.nifi.processors.standard.RouteText - RouteText[id=7eed8dc2-ebc4-49da-951a-9990a8cef519] Routing FlowFile[3150,94824480873003.mockFlowFile,24B] to original
[main] DEBUG org.apache.nifi.processors.standard.RouteText - RouteText[id=7eed8dc2-ebc4-49da-951a-9990a8cef519] Adding new dynamic property: PropertyDescriptor[simple]
[pool-3898-thread-1] INFO org.apache.nifi.processors.standard.RouteText - RouteText[id=7eed8dc2-ebc4-49da-951a-9990a8cef519] Created FlowFile[3153,94824481292525.mockFlowFile,24B] from FlowFile[3152,94824481292525.mockFlowFile,24B]; routing to relationship simple
[pool-3898-thread-1] INFO org.apache.nifi.processors.standard.RouteText - RouteText[id=7eed8dc2-ebc4-49da-951a-9990a8cef519] Routing FlowFile[3152,94824481292525.mockFlowFile,24B] to original
[main] DEBUG org.apache.nifi.processors.standard.RouteText - RouteText[id=7eed8dc2-ebc4-49da-951a-9990a8cef519] Adding new dynamic property: PropertyDescriptor[simple]
[pool-3899-thread-1] INFO org.apache.nifi.processors.standard.RouteText - RouteText[id=7eed8dc2-ebc4-49da-951a-9990a8cef519] Created FlowFile[3155,94824481606547.mockFlowFile,24B] from FlowFile[3154,94824481606547.mockFlowFile,24B]; routing to relationship simple
[pool-3899-thread-1] INFO org.apache.nifi.processors.standard.RouteText - RouteText[id=7eed8dc2-ebc4-49da-951a-9990a8cef519] Routing FlowFile[3154,94824481606547.mockFlowFile,24B] to original
[main] DEBUG org.apache.nifi.processors.standard.RouteText - RouteText[id=7eed8dc2-ebc4-49da-951a-9990a8cef519] Adding new dynamic property: PropertyDescriptor[simple]
[pool-3900-thread-1] INFO org.apache.nifi.processors.standard.RouteText - RouteText[id=7eed8dc2-ebc4-49da-951a-9990a8cef519] Created FlowFile[3157,94824481913415.mockFlowFile,24B] from FlowFile[3156,94824481913415.mockFlowFile,24B]; routing to relationship simple
[pool-3900-thread-1] INFO org.apache.nifi.processors.standard.RouteText - RouteText[id=7eed8dc2-ebc4-49da-951a-9990a8cef519] Routing FlowFile[3156,94824481913415.mockFlowFile,24B] to original
[main] DEBUG org.apache.nifi.processors.standard.RouteText - RouteText[id=7eed8dc2-ebc4-49da-951a-9990a8cef519] Adding new dynamic property: PropertyDescriptor[simple]
[pool-3901-thread-1] INFO org.apache.nifi.processors.standard.RouteText - RouteText[id=7eed8dc2-ebc4-49da-951a-9990a8cef519] Created FlowFile[3159,94824482216602.mockFlowFile,24B] from FlowFile[3158,94824482216602.mockFlowFile,24B]; routing to relationship simple
[pool-3901-thread-1] INFO org.apache.nifi.processors.standard.RouteText - RouteText[id=7eed8dc2-ebc4-49da-951a-9990a8cef519] Routing FlowFile[3158,94824482216602.mockFlowFile,24B] to original
[main] DEBUG org.apache.nifi.processors.standard.RouteText - RouteText[id=7eed8dc2-ebc4-49da-951a-9990a8cef519] Adding new dynamic property: PropertyDescriptor[simple]
[pool-3902-thread-1] INFO org.apache.nifi.processors.standard.RouteText - RouteText[id=7eed8dc2-ebc4-49da-951a-9990a8cef519] Created FlowFile[3161,94824482521506.mockFlowFile,24B] from FlowFile[3160,94824482521506.mockFlowFile,24B]; routing to relationship simple
[pool-3902-thread-1] INFO org.apache.nifi.processors.standard.RouteText - RouteText[id=7eed8dc2-ebc4-49da-951a-9990a8cef519] Routing FlowFile[3160,94824482521506.mockFlowFile,24B] to original
[main] DEBUG org.apache.nifi.processors.standard.RouteText - RouteText[id=7eed8dc2-ebc4-49da-951a-9990a8cef519] Adding new dynamic property: PropertyDescriptor[simple]
[pool-3903-thread-1] INFO org.apache.nifi.processors.standard.RouteText - RouteText[id=7eed8dc2-ebc4-49da-951a-9990a8cef519] Created FlowFile[3163,94824482823527.mockFlowFile,24B] from FlowFile[3162,94824482823527.mockFlowFile,24B]; routing to relationship simple
[pool-3903-thread-1] INFO org.apache.nifi.processors.standard.RouteText - RouteText[id=7eed8dc2-ebc4-49da-951a-9990a8cef519] Routing FlowFile[3162,94824482823527.mockFlowFile,24B] to original
[main] DEBUG org.apache.nifi.processors.standard.RouteText - RouteText[id=7eed8dc2-ebc4-49da-951a-9990a8cef519] Adding new dynamic property: PropertyDescriptor[simple]
[pool-3904-thread-1] INFO org.apache.nifi.processors.standard.RouteText - RouteText[id=7eed8dc2-ebc4-49da-951a-9990a8cef519] Created FlowFile[3165,94824483265877.mockFlowFile,24B] from FlowFile[3164,94824483265877.mockFlowFile,24B]; routing to relationship simple
[pool-3904-thread-1] INFO org.apache.nifi.processors.standard.RouteText - RouteText[id=7eed8dc2-ebc4-49da-951a-9990a8cef519] Routing FlowFile[3164,94824483265877.mockFlowFile,24B] to original
[main] DEBUG org.apache.nifi.processors.standard.RouteText - RouteText[id=7eed8dc2-ebc4-49da-951a-9990a8cef519] Adding new dynamic property: PropertyDescriptor[simple]
[pool-3905-thread-1] INFO org.apache.nifi.processors.standard.RouteText - RouteText[id=7eed8dc2-ebc4-49da-951a-9990a8cef519] Created FlowFile[3167,94824483598949.mockFlowFile,24B] from FlowFile[3166,94824483598949.mockFlowFile,24B]; routing to relationship simple
[pool-3905-thread-1] INFO org.apache.nifi.processors.standard.RouteText - RouteText[id=7eed8dc2-ebc4-49da-951a-9990a8cef519] Routing FlowFile[3166,94824483598949.mockFlowFile,24B] to original
[main] DEBUG org.apache.nifi.processors.standard.RouteText - RouteText[id=7eed8dc2-ebc4-49da-951a-9990a8cef519] Adding new dynamic property: PropertyDescriptor[simple]
[pool-3906-thread-1] INFO org.apache.nifi.processors.standard.RouteText - RouteText[id=7eed8dc2-ebc4-49da-951a-9990a8cef519] Created FlowFile[3169,94824483961227.mockFlowFile,24B] from FlowFile[3168,94824483961227.mockFlowFile,24B]; routing to relationship simple
[pool-3906-thread-1] INFO org.apache.nifi.processors.standard.RouteText - RouteText[id=7eed8dc2-ebc4-49da-951a-9990a8cef519] Routing FlowFile[3168,94824483961227.mockFlowFile,24B] to original
[main] DEBUG org.apache.nifi.processors.standard.RouteText - RouteText[id=7eed8dc2-ebc4-49da-951a-9990a8cef519] Adding new dynamic property: PropertyDescriptor[simple]
[pool-3907-thread-1] INFO org.apache.nifi.processors.standard.RouteText - RouteText[id=7eed8dc2-ebc4-49da-951a-9990a8cef519] Created FlowFile[3171,94824484393198.mockFlowFile,24B] from FlowFile[3170,94824484393198.mockFlowFile,24B]; routing to relationship simple
[pool-3907-thread-1] INFO org.apache.nifi.processors.standard.RouteText - RouteText[id=7eed8dc2-ebc4-49da-951a-9990a8cef519] Routing FlowFile[3170,94824484393198.mockFlowFile,24B] to original
[main] DEBUG org.apache.nifi.processors.standard.RouteText - RouteText[id=7eed8dc2-ebc4-49da-951a-9990a8cef519] Adding new dynamic property: PropertyDescriptor[simple]
[pool-3908-thread-1] INFO org.apache.nifi.processors.standard.RouteText - RouteText[id=7eed8dc2-ebc4-49da-951a-9990a8cef519] Created FlowFile[3173,94824484775746.mockFlowFile,24B] from FlowFile[3172,94824484775746.mockFlowFile,24B]; routing to relationship simple
[pool-3908-thread-1] INFO org.apache.nifi.processors.standard.RouteText - RouteText[id=7eed8dc2-ebc4-49da-951a-9990a8cef519] Routing FlowFile[3172,94824484775746.mockFlowFile,24B] to original
[main] DEBUG org.apache.nifi.processors.standard.RouteText - RouteText[id=7eed8dc2-ebc4-49da-951a-9990a8cef519] Adding new dynamic property: PropertyDescriptor[simple]
[pool-3909-thread-1] INFO org.apache.nifi.processors.standard.RouteText - RouteText[id=7eed8dc2-ebc4-49da-951a-9990a8cef519] Created FlowFile[3175,94824485160040.mockFlowFile,24B] from FlowFile[3174,94824485160040.mockFlowFile,24B]; routing to relationship simple
[pool-3909-thread-1] INFO org.apache.nifi.processors.standard.RouteText - RouteText[id=7eed8dc2-ebc4-49da-951a-9990a8cef519] Routing FlowFile[3174,94824485160040.mockFlowFile,24B] to original
[main] DEBUG org.apache.nifi.processors.standard.RouteText - RouteText[id=7eed8dc2-ebc4-49da-951a-9990a8cef519] Adding new dynamic property: PropertyDescriptor[simple]
[pool-3910-thread-1] INFO org.apache.nifi.processors.standard.RouteText - RouteText[id=7eed8dc2-ebc4-49da-951a-9990a8cef519] Created FlowFile[3177,94824485480579.mockFlowFile,24B] from FlowFile[3176,94824485480579.mockFlowFile,24B]; routing to relationship simple
[pool-3910-thread-1] INFO org.apache.nifi.processors.standard.RouteText - RouteText[id=7eed8dc2-ebc4-49da-951a-9990a8cef519] Routing FlowFile[3176,94824485480579.mockFlowFile,24B] to original
[main] DEBUG org.apache.nifi.processors.standard.RouteText - RouteText[id=7eed8dc2-ebc4-49da-951a-9990a8cef519] Adding new dynamic property: PropertyDescriptor[simple]
[pool-3911-thread-1] INFO org.apache.nifi.processors.standard.RouteText - RouteText[id=7eed8dc2-ebc4-49da-951a-9990a8cef519] Created FlowFile[3179,94824485796235.mockFlowFile,24B] from FlowFile[3178,94824485796235.mockFlowFile,24B]; routing to relationship simple
[pool-3911-thread-1] INFO org.apache.nifi.processors.standard.RouteText - RouteText[id=7eed8dc2-ebc4-49da-951a-9990a8cef519] Routing FlowFile[3178,94824485796235.mockFlowFile,24B] to original
[main] DEBUG org.apache.nifi.processors.standard.RouteText - RouteText[id=7eed8dc2-ebc4-49da-951a-9990a8cef519] Adding new dynamic property: PropertyDescriptor[simple]
[pool-3912-thread-1] INFO org.apache.nifi.processors.standard.RouteText - RouteText[id=7eed8dc2-ebc4-49da-951a-9990a8cef519] Created FlowFile[3181,94824486112861.mockFlowFile,24B] from FlowFile[3180,94824486112861.mockFlowFile,24B]; routing to relationship simple
[pool-3912-thread-1] INFO org.apache.nifi.processors.standard.RouteText - RouteText[id=7eed8dc2-ebc4-49da-951a-9990a8cef519] Routing FlowFile[3180,94824486112861.mockFlowFile,24B] to original
[main] DEBUG org.apache.nifi.processors.standard.RouteText - RouteText[id=7eed8dc2-ebc4-49da-951a-9990a8cef519] Adding new dynamic property: PropertyDescriptor[simple]
[pool-3913-thread-1] INFO org.apache.nifi.processors.standard.RouteText - RouteText[id=7eed8dc2-ebc4-49da-951a-9990a8cef519] Created FlowFile[3183,94824486419304.mockFlowFile,24B] from FlowFile[3182,94824486419304.mockFlowFile,24B]; routing to relationship simple
[pool-3913-thread-1] INFO org.apache.nifi.processors.standard.RouteText - RouteText[id=7eed8dc2-ebc4-49da-951a-9990a8cef519] Routing FlowFile[3182,94824486419304.mockFlowFile,24B] to original
[main] DEBUG org.apache.nifi.processors.standard.RouteText - RouteText[id=7eed8dc2-ebc4-49da-951a-9990a8cef519] Adding new dynamic property: PropertyDescriptor[simple]
[pool-3914-thread-1] INFO org.apache.nifi.processors.standard.RouteText - RouteText[id=7eed8dc2-ebc4-49da-951a-9990a8cef519] Created FlowFile[3185,94824486737687.mockFlowFile,24B] from FlowFile[3184,94824486737687.mockFlowFile,24B]; routing to relationship simple
[pool-3914-thread-1] INFO org.apache.nifi.processors.standard.RouteText - RouteText[id=7eed8dc2-ebc4-49da-951a-9990a8cef519] Routing FlowFile[3184,94824486737687.mockFlowFile,24B] to original
[main] DEBUG org.apache.nifi.processors.standard.RouteText - RouteText[id=7eed8dc2-ebc4-49da-951a-9990a8cef519] Adding new dynamic property: PropertyDescriptor[simple]
[pool-3915-thread-1] INFO org.apache.nifi.processors.standard.RouteText - RouteText[id=7eed8dc2-ebc4-49da-951a-9990a8cef519] Created FlowFile[3187,94824487054128.mockFlowFile,24B] from FlowFile[3186,94824487054128.mockFlowFile,24B]; routing to relationship simple
[pool-3915-thread-1] INFO org.apache.nifi.processors.standard.RouteText - RouteText[id=7eed8dc2-ebc4-49da-951a-9990a8cef519] Routing FlowFile[3186,94824487054128.mockFlowFile,24B] to original
[main] DEBUG org.apache.nifi.processors.standard.RouteText - RouteText[id=7eed8dc2-ebc4-49da-951a-9990a8cef519] Adding new dynamic property: PropertyDescriptor[simple]
[pool-3916-thread-1] INFO org.apache.nifi.processors.standard.RouteText - RouteText[id=7eed8dc2-ebc4-49da-951a-9990a8cef519] Created FlowFile[3189,94824487506622.mockFlowFile,24B] from FlowFile[3188,94824487506622.mockFlowFile,24B]; routing to relationship simple
[pool-3916-thread-1] INFO org.apache.nifi.processors.standard.RouteText - RouteText[id=7eed8dc2-ebc4-49da-951a-9990a8cef519] Routing FlowFile[3188,94824487506622.mockFlowFile,24B] to original
[main] DEBUG org.apache.nifi.processors.standard.RouteText - RouteText[id=7eed8dc2-ebc4-49da-951a-9990a8cef519] Adding new dynamic property: PropertyDescriptor[simple]
[pool-3917-thread-1] INFO org.apache.nifi.processors.standard.RouteText - RouteText[id=7eed8dc2-ebc4-49da-951a-9990a8cef519] Created FlowFile[3191,94824487994533.mockFlowFile,24B] from FlowFile[3190,94824487994533.mockFlowFile,24B]; routing to relationship simple
[pool-3917-thread-1] INFO org.apache.nifi.processors.standard.RouteText - RouteText[id=7eed8dc2-ebc4-49da-951a-9990a8cef519] Routing FlowFile[3190,94824487994533.mockFlowFile,24B] to original
[main] DEBUG org.apache.nifi.processors.standard.RouteText - RouteText[id=7eed8dc2-ebc4-49da-951a-9990a8cef519] Adding new dynamic property: PropertyDescriptor[simple]
[pool-3918-thread-1] INFO org.apache.nifi.processors.standard.RouteText - RouteText[id=7eed8dc2-ebc4-49da-951a-9990a8cef519] Created FlowFile[3193,94824488547937.mockFlowFile,24B] from FlowFile[3192,94824488547937.mockFlowFile,24B]; routing to relationship simple
[pool-3918-thread-1] INFO org.apache.nifi.processors.standard.RouteText - RouteText[id=7eed8dc2-ebc4-49da-951a-9990a8cef519] Routing FlowFile[3192,94824488547937.mockFlowFile,24B] to original
[main] DEBUG org.apache.nifi.processors.standard.RouteText - RouteText[id=7eed8dc2-ebc4-49da-951a-9990a8cef519] Adding new dynamic property: PropertyDescriptor[simple]
[pool-3919-thread-1] INFO org.apache.nifi.processors.standard.RouteText - RouteText[id=7eed8dc2-ebc4-49da-951a-9990a8cef519] Created FlowFile[3195,94824489014495.mockFlowFile,24B] from FlowFile[3194,94824489014495.mockFlowFile,24B]; routing to relationship simple
[pool-3919-thread-1] INFO org.apache.nifi.processors.standard.RouteText - RouteText[id=7eed8dc2-ebc4-49da-951a-9990a8cef519] Routing FlowFile[3194,94824489014495.mockFlowFile,24B] to original
[main] DEBUG org.apache.nifi.processors.standard.RouteText - RouteText[id=7eed8dc2-ebc4-49da-951a-9990a8cef519] Adding new dynamic property: PropertyDescriptor[simple]
[pool-3920-thread-1] INFO org.apache.nifi.processors.standard.RouteText - RouteText[id=7eed8dc2-ebc4-49da-951a-9990a8cef519] Created FlowFile[3197,94824489473187.mockFlowFile,24B] from FlowFile[3196,94824489473187.mockFlowFile,24B]; routing to relationship simple
[pool-3920-thread-1] INFO org.apache.nifi.processors.standard.RouteText - RouteText[id=7eed8dc2-ebc4-49da-951a-9990a8cef519] Routing FlowFile[3196,94824489473187.mockFlowFile,24B] to original
[main] DEBUG org.apache.nifi.processors.standard.RouteText - RouteText[id=7eed8dc2-ebc4-49da-951a-9990a8cef519] Adding new dynamic property: PropertyDescriptor[simple]
[pool-3921-thread-1] INFO org.apache.nifi.processors.standard.RouteText - RouteText[id=7eed8dc2-ebc4-49da-951a-9990a8cef519] Created FlowFile[3199,94824489903265.mockFlowFile,24B] from FlowFile[3198,94824489903265.mockFlowFile,24B]; routing to relationship simple
[pool-3921-thread-1] INFO org.apache.nifi.processors.standard.RouteText - RouteText[id=7eed8dc2-ebc4-49da-951a-9990a8cef519] Routing FlowFile[3198,94824489903265.mockFlowFile,24B] to original
[main] DEBUG org.apache.nifi.processors.standard.RouteText - RouteText[id=7eed8dc2-ebc4-49da-951a-9990a8cef519] Adding new dynamic property: PropertyDescriptor[simple]
[pool-3922-thread-1] INFO org.apache.nifi.processors.standard.RouteText - RouteText[id=7eed8dc2-ebc4-49da-951a-9990a8cef519] Created FlowFile[3201,94824490280458.mockFlowFile,24B] from FlowFile[3200,94824490280458.mockFlowFile,24B]; routing to relationship simple
[pool-3922-thread-1] INFO org.apache.nifi.processors.standard.RouteText - RouteText[id=7eed8dc2-ebc4-49da-951a-9990a8cef519] Routing FlowFile[3200,94824490280458.mockFlowFile,24B] to original
[main] DEBUG org.apache.nifi.processors.standard.RouteText - RouteText[id=7eed8dc2-ebc4-49da-951a-9990a8cef519] Adding new dynamic property: PropertyDescriptor[simple]
[pool-3923-thread-1] INFO org.apache.nifi.processors.standard.RouteText - RouteText[id=7eed8dc2-ebc4-49da-951a-9990a8cef519] Created FlowFile[3203,94824490635149.mockFlowFile,24B] from FlowFile[3202,94824490635149.mockFlowFile,24B]; routing to relationship simple
[pool-3923-thread-1] INFO org.apache.nifi.processors.standard.RouteText - RouteText[id=7eed8dc2-ebc4-49da-951a-9990a8cef519] Routing FlowFile[3202,94824490635149.mockFlowFile,24B] to original
[main] DEBUG org.apache.nifi.processors.standard.RouteText - RouteText[id=7eed8dc2-ebc4-49da-951a-9990a8cef519] Adding new dynamic property: PropertyDescriptor[simple]
[pool-3924-thread-1] INFO org.apache.nifi.processors.standard.RouteText - RouteText[id=7eed8dc2-ebc4-49da-951a-9990a8cef519] Created FlowFile[3205,94824490974946.mockFlowFile,24B] from FlowFile[3204,94824490974946.mockFlowFile,24B]; routing to relationship simple
[pool-3924-thread-1] INFO org.apache.nifi.processors.standard.RouteText - RouteText[id=7eed8dc2-ebc4-49da-951a-9990a8cef519] Routing FlowFile[3204,94824490974946.mockFlowFile,24B] to original
[main] DEBUG org.apache.nifi.processors.standard.RouteText - RouteText[id=7eed8dc2-ebc4-49da-951a-9990a8cef519] Adding new dynamic property: PropertyDescriptor[simple]
[pool-3925-thread-1] INFO org.apache.nifi.processors.standard.RouteText - RouteText[id=7eed8dc2-ebc4-49da-951a-9990a8cef519] Created FlowFile[3207,94824491358555.mockFlowFile,24B] from FlowFile[3206,94824491358555.mockFlowFile,24B]; routing to relationship simple
[pool-3925-thread-1] INFO org.apache.nifi.processors.standard.RouteText - RouteText[id=7eed8dc2-ebc4-49da-951a-9990a8cef519] Routing FlowFile[3206,94824491358555.mockFlowFile,24B] to original
[main] DEBUG org.apache.nifi.processors.standard.RouteText - RouteText[id=7eed8dc2-ebc4-49da-951a-9990a8cef519] Adding new dynamic property: PropertyDescriptor[simple]
[pool-3926-thread-1] INFO org.apache.nifi.processors.standard.RouteText - RouteText[id=7eed8dc2-ebc4-49da-951a-9990a8cef519] Created FlowFile[3209,94824491734516.mockFlowFile,24B] from FlowFile[3208,94824491734516.mockFlowFile,24B]; routing to relationship simple
[pool-3926-thread-1] INFO org.apache.nifi.processors.standard.RouteText - RouteText[id=7eed8dc2-ebc4-49da-951a-9990a8cef519] Routing FlowFile[3208,94824491734516.mockFlowFile,24B] to original
[main] DEBUG org.apache.nifi.processors.standard.RouteText - RouteText[id=7eed8dc2-ebc4-49da-951a-9990a8cef519] Adding new dynamic property: PropertyDescriptor[simple]
[pool-3927-thread-1] INFO org.apache.nifi.processors.standard.RouteText - RouteText[id=7eed8dc2-ebc4-49da-951a-9990a8cef519] Created FlowFile[3211,94824492095092.mockFlowFile,24B] from FlowFile[3210,94824492095092.mockFlowFile,24B]; routing to relationship simple
[pool-3927-thread-1] INFO org.apache.nifi.processors.standard.RouteText - RouteText[id=7eed8dc2-ebc4-49da-951a-9990a8cef519] Routing FlowFile[3210,94824492095092.mockFlowFile,24B] to original
[main] DEBUG org.apache.nifi.processors.standard.RouteText - RouteText[id=7eed8dc2-ebc4-49da-951a-9990a8cef519] Adding new dynamic property: PropertyDescriptor[simple]
[pool-3928-thread-1] INFO org.apache.nifi.processors.standard.RouteText - RouteText[id=7eed8dc2-ebc4-49da-951a-9990a8cef519] Created FlowFile[3213,94824492548777.mockFlowFile,24B] from FlowFile[3212,94824492548777.mockFlowFile,24B]; routing to relationship simple
[pool-3928-thread-1] INFO org.apache.nifi.processors.standard.RouteText - RouteText[id=7eed8dc2-ebc4-49da-951a-9990a8cef519] Routing FlowFile[3212,94824492548777.mockFlowFile,24B] to original
[main] DEBUG org.apache.nifi.processors.standard.RouteText - RouteText[id=7eed8dc2-ebc4-49da-951a-9990a8cef519] Adding new dynamic property: PropertyDescriptor[simple]
[pool-3929-thread-1] INFO org.apache.nifi.processors.standard.RouteText - RouteText[id=7eed8dc2-ebc4-49da-951a-9990a8cef519] Created FlowFile[3215,94824493003804.mockFlowFile,24B] from FlowFile[3214,94824493003804.mockFlowFile,24B]; routing to relationship simple
[pool-3929-thread-1] INFO org.apache.nifi.processors.standard.RouteText - RouteText[id=7eed8dc2-ebc4-49da-951a-9990a8cef519] Routing FlowFile[3214,94824493003804.mockFlowFile,24B] to original
[main] DEBUG org.apache.nifi.processors.standard.RouteText - RouteText[id=7eed8dc2-ebc4-49da-951a-9990a8cef519] Adding new dynamic property: PropertyDescriptor[simple]
[pool-3930-thread-1] INFO org.apache.nifi.processors.standard.RouteText - RouteText[id=7eed8dc2-ebc4-49da-951a-9990a8cef519] Created FlowFile[3217,94824493470985.mockFlowFile,24B] from FlowFile[3216,94824493470985.mockFlowFile,24B]; routing to relationship simple
[pool-3930-thread-1] INFO org.apache.nifi.processors.standard.RouteText - RouteText[id=7eed8dc2-ebc4-49da-951a-9990a8cef519] Routing FlowFile[3216,94824493470985.mockFlowFile,24B] to original
[main] DEBUG org.apache.nifi.processors.standard.RouteText - RouteText[id=7eed8dc2-ebc4-49da-951a-9990a8cef519] Adding new dynamic property: PropertyDescriptor[simple]
[pool-3931-thread-1] INFO org.apache.nifi.processors.standard.RouteText - RouteText[id=7eed8dc2-ebc4-49da-951a-9990a8cef519] Created FlowFile[3219,94824493836046.mockFlowFile,24B] from FlowFile[3218,94824493836046.mockFlowFile,24B]; routing to relationship simple
[pool-3931-thread-1] INFO org.apache.nifi.processors.standard.RouteText - RouteText[id=7eed8dc2-ebc4-49da-951a-9990a8cef519] Routing FlowFile[3218,94824493836046.mockFlowFile,24B] to original
[main] DEBUG org.apache.nifi.processors.standard.RouteText - RouteText[id=7eed8dc2-ebc4-49da-951a-9990a8cef519] Adding new dynamic property: PropertyDescriptor[simple]
[pool-3932-thread-1] INFO org.apache.nifi.processors.standard.RouteText - RouteText[id=7eed8dc2-ebc4-49da-951a-9990a8cef519] Created FlowFile[3221,94824494200433.mockFlowFile,24B] from FlowFile[3220,94824494200433.mockFlowFile,24B]; routing to relationship simple
[pool-3932-thread-1] INFO org.apache.nifi.processors.standard.RouteText - RouteText[id=7eed8dc2-ebc4-49da-951a-9990a8cef519] Routing FlowFile[3220,94824494200433.mockFlowFile,24B] to original
[main] DEBUG org.apache.nifi.processors.standard.RouteText - RouteText[id=7eed8dc2-ebc4-49da-951a-9990a8cef519] Adding new dynamic property: PropertyDescriptor[simple]
[pool-3933-thread-1] INFO org.apache.nifi.processors.standard.RouteText - RouteText[id=7eed8dc2-ebc4-49da-951a-9990a8cef519] Created FlowFile[3223,94824494562890.mockFlowFile,24B] from FlowFile[3222,94824494562890.mockFlowFile,24B]; routing to relationship simple
[pool-3933-thread-1] INFO org.apache.nifi.processors.standard.RouteText - RouteText[id=7eed8dc2-ebc4-49da-951a-9990a8cef519] Routing FlowFile[3222,94824494562890.mockFlowFile,24B] to original
[main] DEBUG org.apache.nifi.processors.standard.RouteText - RouteText[id=7eed8dc2-ebc4-49da-951a-9990a8cef519] Adding new dynamic property: PropertyDescriptor[simple]
[pool-3934-thread-1] INFO org.apache.nifi.processors.standard.RouteText - RouteText[id=7eed8dc2-ebc4-49da-951a-9990a8cef519] Created FlowFile[3225,94824495057112.mockFlowFile,24B] from FlowFile[3224,94824495057112.mockFlowFile,24B]; routing to relationship simple
[pool-3934-thread-1] INFO org.apache.nifi.processors.standard.RouteText - RouteText[id=7eed8dc2-ebc4-49da-951a-9990a8cef519] Routing FlowFile[3224,94824495057112.mockFlowFile,24B] to original
[main] DEBUG org.apache.nifi.processors.standard.RouteText - RouteText[id=7eed8dc2-ebc4-49da-951a-9990a8cef519] Adding new dynamic property: PropertyDescriptor[simple]
[pool-3935-thread-1] INFO org.apache.nifi.processors.standard.RouteText - RouteText[id=7eed8dc2-ebc4-49da-951a-9990a8cef519] Created FlowFile[3227,94824495535198.mockFlowFile,24B] from FlowFile[3226,94824495535198.mockFlowFile,24B]; routing to relationship simple
[pool-3935-thread-1] INFO org.apache.nifi.processors.standard.RouteText - RouteText[id=7eed8dc2-ebc4-49da-951a-9990a8cef519] Routing FlowFile[3226,94824495535198.mockFlowFile,24B] to original
[main] DEBUG org.apache.nifi.processors.standard.RouteText - RouteText[id=7eed8dc2-ebc4-49da-951a-9990a8cef519] Adding new dynamic property: PropertyDescriptor[simple]
[pool-3936-thread-1] INFO org.apache.nifi.processors.standard.RouteText - RouteText[id=7eed8dc2-ebc4-49da-951a-9990a8cef519] Created FlowFile[3229,94824495958171.mockFlowFile,24B] from FlowFile[3228,94824495958171.mockFlowFile,24B]; routing to relationship simple
[pool-3936-thread-1] INFO org.apache.nifi.processors.standard.RouteText - RouteText[id=7eed8dc2-ebc4-49da-951a-9990a8cef519] Routing FlowFile[3228,94824495958171.mockFlowFile,24B] to original
[main] DEBUG org.apache.nifi.processors.standard.RouteText - RouteText[id=7eed8dc2-ebc4-49da-951a-9990a8cef519] Adding new dynamic property: PropertyDescriptor[simple]
[pool-3937-thread-1] INFO org.apache.nifi.processors.standard.RouteText - RouteText[id=7eed8dc2-ebc4-49da-951a-9990a8cef519] Created FlowFile[3231,94824496451516.mockFlowFile,24B] from FlowFile[3230,94824496451516.mockFlowFile,24B]; routing to relationship simple
[pool-3937-thread-1] INFO org.apache.nifi.processors.standard.RouteText - RouteText[id=7eed8dc2-ebc4-49da-951a-9990a8cef519] Routing FlowFile[3230,94824496451516.mockFlowFile,24B] to original
[main] DEBUG org.apache.nifi.processors.standard.RouteText - RouteText[id=7eed8dc2-ebc4-49da-951a-9990a8cef519] Adding new dynamic property: PropertyDescriptor[simple]
[pool-3938-thread-1] INFO org.apache.nifi.processors.standard.RouteText - RouteText[id=7eed8dc2-ebc4-49da-951a-9990a8cef519] Created FlowFile[3233,94824496820455.mockFlowFile,24B] from FlowFile[3232,94824496820455.mockFlowFile,24B]; routing to relationship simple
[pool-3938-thread-1] INFO org.apache.nifi.processors.standard.RouteText - RouteText[id=7eed8dc2-ebc4-49da-951a-9990a8cef519] Routing FlowFile[3232,94824496820455.mockFlowFile,24B] to original
[main] DEBUG org.apache.nifi.processors.standard.RouteText - RouteText[id=7eed8dc2-ebc4-49da-951a-9990a8cef519] Adding new dynamic property: PropertyDescriptor[simple]
[pool-3939-thread-1] INFO org.apache.nifi.processors.standard.RouteText - RouteText[id=7eed8dc2-ebc4-49da-951a-9990a8cef519] Created FlowFile[3235,94824497172222.mockFlowFile,24B] from FlowFile[3234,94824497172222.mockFlowFile,24B]; routing to relationship simple
[pool-3939-thread-1] INFO org.apache.nifi.processors.standard.RouteText - RouteText[id=7eed8dc2-ebc4-49da-951a-9990a8cef519] Routing FlowFile[3234,94824497172222.mockFlowFile,24B] to original
[main] DEBUG org.apache.nifi.processors.standard.RouteText - RouteText[id=7eed8dc2-ebc4-49da-951a-9990a8cef519] Adding new dynamic property: PropertyDescriptor[simple]
[pool-3940-thread-1] INFO org.apache.nifi.processors.standard.RouteText - RouteText[id=7eed8dc2-ebc4-49da-951a-9990a8cef519] Created FlowFile[3237,94824497530263.mockFlowFile,24B] from FlowFile[3236,94824497530263.mockFlowFile,24B]; routing to relationship simple
[pool-3940-thread-1] INFO org.apache.nifi.processors.standard.RouteText - RouteText[id=7eed8dc2-ebc4-49da-951a-9990a8cef519] Routing FlowFile[3236,94824497530263.mockFlowFile,24B] to original
[main] DEBUG org.apache.nifi.processors.standard.RouteText - RouteText[id=7eed8dc2-ebc4-49da-951a-9990a8cef519] Adding new dynamic property: PropertyDescriptor[simple]
[pool-3941-thread-1] INFO org.apache.nifi.processors.standard.RouteText - RouteText[id=7eed8dc2-ebc4-49da-951a-9990a8cef519] Created FlowFile[3239,94824497964947.mockFlowFile,24B] from FlowFile[3238,94824497964947.mockFlowFile,24B]; routing to relationship simple
[pool-3941-thread-1] INFO org.apache.nifi.processors.standard.RouteText - RouteText[id=7eed8dc2-ebc4-49da-951a-9990a8cef519] Routing FlowFile[3238,94824497964947.mockFlowFile,24B] to original
[main] DEBUG org.apache.nifi.processors.standard.RouteText - RouteText[id=7eed8dc2-ebc4-49da-951a-9990a8cef519] Adding new dynamic property: PropertyDescriptor[simple]
[pool-3942-thread-1] INFO org.apache.nifi.processors.standard.RouteText - RouteText[id=7eed8dc2-ebc4-49da-951a-9990a8cef519] Created FlowFile[3241,94824498338784.mockFlowFile,24B] from FlowFile[3240,94824498338784.mockFlowFile,24B]; routing to relationship simple
[pool-3942-thread-1] INFO org.apache.nifi.processors.standard.RouteText - RouteText[id=7eed8dc2-ebc4-49da-951a-9990a8cef519] Routing FlowFile[3240,94824498338784.mockFlowFile,24B] to original
[main] DEBUG org.apache.nifi.processors.standard.RouteText - RouteText[id=7eed8dc2-ebc4-49da-951a-9990a8cef519] Adding new dynamic property: PropertyDescriptor[simple]
[pool-3943-thread-1] INFO org.apache.nifi.processors.standard.RouteText - RouteText[id=7eed8dc2-ebc4-49da-951a-9990a8cef519] Created FlowFile[3243,94824498734133.mockFlowFile,24B] from FlowFile[3242,94824498734133.mockFlowFile,24B]; routing to relationship simple
[pool-3943-thread-1] INFO org.apache.nifi.processors.standard.RouteText - RouteText[id=7eed8dc2-ebc4-49da-951a-9990a8cef519] Routing FlowFile[3242,94824498734133.mockFlowFile,24B] to original
[main] DEBUG org.apache.nifi.processors.standard.RouteText - RouteText[id=7eed8dc2-ebc4-49da-951a-9990a8cef519] Adding new dynamic property: PropertyDescriptor[simple]
[pool-3944-thread-1] INFO org.apache.nifi.processors.standard.RouteText - RouteText[id=7eed8dc2-ebc4-49da-951a-9990a8cef519] Created FlowFile[3245,94824499083897.mockFlowFile,24B] from FlowFile[3244,94824499083897.mockFlowFile,24B]; routing to relationship simple
[pool-3944-thread-1] INFO org.apache.nifi.processors.standard.RouteText - RouteText[id=7eed8dc2-ebc4-49da-951a-9990a8cef519] Routing FlowFile[3244,94824499083897.mockFlowFile,24B] to original
[main] DEBUG org.apache.nifi.processors.standard.RouteText - RouteText[id=7eed8dc2-ebc4-49da-951a-9990a8cef519] Adding new dynamic property: PropertyDescriptor[simple]
[pool-3945-thread-1] INFO org.apache.nifi.processors.standard.RouteText - RouteText[id=7eed8dc2-ebc4-49da-951a-9990a8cef519] Created FlowFile[3247,94824499561726.mockFlowFile,24B] from FlowFile[3246,94824499561726.mockFlowFile,24B]; routing to relationship simple
[pool-3945-thread-1] INFO org.apache.nifi.processors.standard.RouteText - RouteText[id=7eed8dc2-ebc4-49da-951a-9990a8cef519] Routing FlowFile[3246,94824499561726.mockFlowFile,24B] to original
[main] DEBUG org.apache.nifi.processors.standard.RouteText - RouteText[id=7eed8dc2-ebc4-49da-951a-9990a8cef519] Adding new dynamic property: PropertyDescriptor[simple]
[pool-3946-thread-1] INFO org.apache.nifi.processors.standard.RouteText - RouteText[id=7eed8dc2-ebc4-49da-951a-9990a8cef519] Created FlowFile[3249,94824499933376.mockFlowFile,24B] from FlowFile[3248,94824499933376.mockFlowFile,24B]; routing to relationship simple
[pool-3946-thread-1] INFO org.apache.nifi.processors.standard.RouteText - RouteText[id=7eed8dc2-ebc4-49da-951a-9990a8cef519] Routing FlowFile[3248,94824499933376.mockFlowFile,24B] to original
[main] DEBUG org.apache.nifi.processors.standard.RouteText - RouteText[id=7eed8dc2-ebc4-49da-951a-9990a8cef519] Adding new dynamic property: PropertyDescriptor[simple]
[pool-3947-thread-1] INFO org.apache.nifi.processors.standard.RouteText - RouteText[id=7eed8dc2-ebc4-49da-951a-9990a8cef519] Created FlowFile[3251,94824500362891.mockFlowFile,24B] from FlowFile[3250,94824500362891.mockFlowFile,24B]; routing to relationship simple
[pool-3947-thread-1] INFO org.apache.nifi.processors.standard.RouteText - RouteText[id=7eed8dc2-ebc4-49da-951a-9990a8cef519] Routing FlowFile[3250,94824500362891.mockFlowFile,24B] to original
[main] DEBUG org.apache.nifi.processors.standard.RouteText - RouteText[id=7eed8dc2-ebc4-49da-951a-9990a8cef519] Adding new dynamic property: PropertyDescriptor[simple]
[pool-3948-thread-1] INFO org.apache.nifi.processors.standard.RouteText - RouteText[id=7eed8dc2-ebc4-49da-951a-9990a8cef519] Created FlowFile[3253,94824500748793.mockFlowFile,24B] from FlowFile[3252,94824500748793.mockFlowFile,24B]; routing to relationship simple
[pool-3948-thread-1] INFO org.apache.nifi.processors.standard.RouteText - RouteText[id=7eed8dc2-ebc4-49da-951a-9990a8cef519] Routing FlowFile[3252,94824500748793.mockFlowFile,24B] to original
[main] DEBUG org.apache.nifi.processors.standard.RouteText - RouteText[id=7eed8dc2-ebc4-49da-951a-9990a8cef519] Adding new dynamic property: PropertyDescriptor[simple]
[pool-3949-thread-1] INFO org.apache.nifi.processors.standard.RouteText - RouteText[id=7eed8dc2-ebc4-49da-951a-9990a8cef519] Created FlowFile[3255,94824501217243.mockFlowFile,24B] from FlowFile[3254,94824501217243.mockFlowFile,24B]; routing to relationship simple
[pool-3949-thread-1] INFO org.apache.nifi.processors.standard.RouteText - RouteText[id=7eed8dc2-ebc4-49da-951a-9990a8cef519] Routing FlowFile[3254,94824501217243.mockFlowFile,24B] to original
[main] DEBUG org.apache.nifi.processors.standard.RouteText - RouteText[id=7eed8dc2-ebc4-49da-951a-9990a8cef519] Adding new dynamic property: PropertyDescriptor[simple]
[pool-3950-thread-1] INFO org.apache.nifi.processors.standard.RouteText - RouteText[id=7eed8dc2-ebc4-49da-951a-9990a8cef519] Created FlowFile[3257,94824501660812.mockFlowFile,24B] from FlowFile[3256,94824501660812.mockFlowFile,24B]; routing to relationship simple
[pool-3950-thread-1] INFO org.apache.nifi.processors.standard.RouteText - RouteText[id=7eed8dc2-ebc4-49da-951a-9990a8cef519] Routing FlowFile[3256,94824501660812.mockFlowFile,24B] to original
[main] DEBUG org.apache.nifi.processors.standard.RouteText - RouteText[id=7eed8dc2-ebc4-49da-951a-9990a8cef519] Adding new dynamic property: PropertyDescriptor[simple]
[pool-3951-thread-1] INFO org.apache.nifi.processors.standard.RouteText - RouteText[id=7eed8dc2-ebc4-49da-951a-9990a8cef519] Created FlowFile[3259,94824502144654.mockFlowFile,24B] from FlowFile[3258,94824502144654.mockFlowFile,24B]; routing to relationship simple
[pool-3951-thread-1] INFO org.apache.nifi.processors.standard.RouteText - RouteText[id=7eed8dc2-ebc4-49da-951a-9990a8cef519] Routing FlowFile[3258,94824502144654.mockFlowFile,24B] to original
[main] DEBUG org.apache.nifi.processors.standard.RouteText - RouteText[id=7eed8dc2-ebc4-49da-951a-9990a8cef519] Adding new dynamic property: PropertyDescriptor[simple]
[pool-3952-thread-1] INFO org.apache.nifi.processors.standard.RouteText - RouteText[id=7eed8dc2-ebc4-49da-951a-9990a8cef519] Created FlowFile[3261,94824502619429.mockFlowFile,24B] from FlowFile[3260,94824502619429.mockFlowFile,24B]; routing to relationship simple
[pool-3952-thread-1] INFO org.apache.nifi.processors.standard.RouteText - RouteText[id=7eed8dc2-ebc4-49da-951a-9990a8cef519] Routing FlowFile[3260,94824502619429.mockFlowFile,24B] to original
[main] DEBUG org.apache.nifi.processors.standard.RouteText - RouteText[id=7eed8dc2-ebc4-49da-951a-9990a8cef519] Adding new dynamic property: PropertyDescriptor[simple]
[pool-3953-thread-1] INFO org.apache.nifi.processors.standard.RouteText - RouteText[id=7eed8dc2-ebc4-49da-951a-9990a8cef519] Created FlowFile[3263,94824503030942.mockFlowFile,24B] from FlowFile[3262,94824503030942.mockFlowFile,24B]; routing to relationship simple
[pool-3953-thread-1] INFO org.apache.nifi.processors.standard.RouteText - RouteText[id=7eed8dc2-ebc4-49da-951a-9990a8cef519] Routing FlowFile[3262,94824503030942.mockFlowFile,24B] to original
[main] DEBUG org.apache.nifi.processors.standard.RouteText - RouteText[id=7eed8dc2-ebc4-49da-951a-9990a8cef519] Adding new dynamic property: PropertyDescriptor[simple]
[pool-3954-thread-1] INFO org.apache.nifi.processors.standard.RouteText - RouteText[id=7eed8dc2-ebc4-49da-951a-9990a8cef519] Created FlowFile[3265,94824503537106.mockFlowFile,24B] from FlowFile[3264,94824503537106.mockFlowFile,24B]; routing to relationship simple
[pool-3954-thread-1] INFO org.apache.nifi.processors.standard.RouteText - RouteText[id=7eed8dc2-ebc4-49da-951a-9990a8cef519] Routing FlowFile[3264,94824503537106.mockFlowFile,24B] to original
[main] DEBUG org.apache.nifi.processors.standard.RouteText - RouteText[id=7eed8dc2-ebc4-49da-951a-9990a8cef519] Adding new dynamic property: PropertyDescriptor[simple]
[pool-3955-thread-1] INFO org.apache.nifi.processors.standard.RouteText - RouteText[id=7eed8dc2-ebc4-49da-951a-9990a8cef519] Created FlowFile[3267,94824503963252.mockFlowFile,24B] from FlowFile[3266,94824503963252.mockFlowFile,24B]; routing to relationship simple
[pool-3955-thread-1] INFO org.apache.nifi.processors.standard.RouteText - RouteText[id=7eed8dc2-ebc4-49da-951a-9990a8cef519] Routing FlowFile[3266,94824503963252.mockFlowFile,24B] to original
[main] DEBUG org.apache.nifi.processors.standard.RouteText - RouteText[id=7eed8dc2-ebc4-49da-951a-9990a8cef519] Adding new dynamic property: PropertyDescriptor[simple]
[pool-3956-thread-1] INFO org.apache.nifi.processors.standard.RouteText - RouteText[id=7eed8dc2-ebc4-49da-951a-9990a8cef519] Created FlowFile[3269,94824504362528.mockFlowFile,24B] from FlowFile[3268,94824504362528.mockFlowFile,24B]; routing to relationship simple
[pool-3956-thread-1] INFO org.apache.nifi.processors.standard.RouteText - RouteText[id=7eed8dc2-ebc4-49da-951a-9990a8cef519] Routing FlowFile[3268,94824504362528.mockFlowFile,24B] to original
[main] DEBUG org.apache.nifi.processors.standard.RouteText - RouteText[id=7eed8dc2-ebc4-49da-951a-9990a8cef519] Adding new dynamic property: PropertyDescriptor[simple]
[pool-3957-thread-1] INFO org.apache.nifi.processors.standard.RouteText - RouteText[id=7eed8dc2-ebc4-49da-951a-9990a8cef519] Created FlowFile[3271,94824504871838.mockFlowFile,24B] from FlowFile[3270,94824504871838.mockFlowFile,24B]; routing to relationship simple
[pool-3957-thread-1] INFO org.apache.nifi.processors.standard.RouteText - RouteText[id=7eed8dc2-ebc4-49da-951a-9990a8cef519] Routing FlowFile[3270,94824504871838.mockFlowFile,24B] to original
[main] DEBUG org.apache.nifi.processors.standard.RouteText - RouteText[id=7eed8dc2-ebc4-49da-951a-9990a8cef519] Adding new dynamic property: PropertyDescriptor[simple]
[pool-3958-thread-1] INFO org.apache.nifi.processors.standard.RouteText - RouteText[id=7eed8dc2-ebc4-49da-951a-9990a8cef519] Created FlowFile[3273,94824505354066.mockFlowFile,24B] from FlowFile[3272,94824505354066.mockFlowFile,24B]; routing to relationship simple
[pool-3958-thread-1] INFO org.apache.nifi.processors.standard.RouteText - RouteText[id=7eed8dc2-ebc4-49da-951a-9990a8cef519] Routing FlowFile[3272,94824505354066.mockFlowFile,24B] to original
[main] DEBUG org.apache.nifi.processors.standard.RouteText - RouteText[id=7eed8dc2-ebc4-49da-951a-9990a8cef519] Adding new dynamic property: PropertyDescriptor[simple]
[pool-3959-thread-1] INFO org.apache.nifi.processors.standard.RouteText - RouteText[id=7eed8dc2-ebc4-49da-951a-9990a8cef519] Created FlowFile[3275,94824505831715.mockFlowFile,24B] from FlowFile[3274,94824505831715.mockFlowFile,24B]; routing to relationship simple
[pool-3959-thread-1] INFO org.apache.nifi.processors.standard.RouteText - RouteText[id=7eed8dc2-ebc4-49da-951a-9990a8cef519] Routing FlowFile[3274,94824505831715.mockFlowFile,24B] to original
[main] DEBUG org.apache.nifi.processors.standard.RouteText - RouteText[id=7eed8dc2-ebc4-49da-951a-9990a8cef519] Adding new dynamic property: PropertyDescriptor[simple]
[pool-3960-thread-1] INFO org.apache.nifi.processors.standard.RouteText - RouteText[id=7eed8dc2-ebc4-49da-951a-9990a8cef519] Created FlowFile[3277,94824506300454.mockFlowFile,24B] from FlowFile[3276,94824506300454.mockFlowFile,24B]; routing to relationship simple
[pool-3960-thread-1] INFO org.apache.nifi.processors.standard.RouteText - RouteText[id=7eed8dc2-ebc4-49da-951a-9990a8cef519] Routing FlowFile[3276,94824506300454.mockFlowFile,24B] to original
[main] DEBUG org.apache.nifi.processors.standard.RouteText - RouteText[id=7eed8dc2-ebc4-49da-951a-9990a8cef519] Adding new dynamic property: PropertyDescriptor[simple]
[pool-3961-thread-1] INFO org.apache.nifi.processors.standard.RouteText - RouteText[id=7eed8dc2-ebc4-49da-951a-9990a8cef519] Created FlowFile[3279,94824506698161.mockFlowFile,24B] from FlowFile[3278,94824506698161.mockFlowFile,24B]; routing to relationship simple
[pool-3961-thread-1] INFO org.apache.nifi.processors.standard.RouteText - RouteText[id=7eed8dc2-ebc4-49da-951a-9990a8cef519] Routing FlowFile[3278,94824506698161.mockFlowFile,24B] to original
[main] DEBUG org.apache.nifi.processors.standard.RouteText - RouteText[id=7eed8dc2-ebc4-49da-951a-9990a8cef519] Adding new dynamic property: PropertyDescriptor[simple]
[pool-3962-thread-1] INFO org.apache.nifi.processors.standard.RouteText - RouteText[id=7eed8dc2-ebc4-49da-951a-9990a8cef519] Created FlowFile[3281,94824507089023.mockFlowFile,24B] from FlowFile[3280,94824507089023.mockFlowFile,24B]; routing to relationship simple
[pool-3962-thread-1] INFO org.apache.nifi.processors.standard.RouteText - RouteText[id=7eed8dc2-ebc4-49da-951a-9990a8cef519] Routing FlowFile[3280,94824507089023.mockFlowFile,24B] to original
[main] DEBUG org.apache.nifi.processors.standard.RouteText - RouteText[id=7eed8dc2-ebc4-49da-951a-9990a8cef519] Adding new dynamic property: PropertyDescriptor[simple]
[pool-3963-thread-1] INFO org.apache.nifi.processors.standard.RouteText - RouteText[id=7eed8dc2-ebc4-49da-951a-9990a8cef519] Created FlowFile[3283,94824507546060.mockFlowFile,24B] from FlowFile[3282,94824507546060.mockFlowFile,24B]; routing to relationship simple
[pool-3963-thread-1] INFO org.apache.nifi.processors.standard.RouteText - RouteText[id=7eed8dc2-ebc4-49da-951a-9990a8cef519] Routing FlowFile[3282,94824507546060.mockFlowFile,24B] to original
[main] DEBUG org.apache.nifi.processors.standard.RouteText - RouteText[id=7eed8dc2-ebc4-49da-951a-9990a8cef519] Adding new dynamic property: PropertyDescriptor[simple]
[pool-3964-thread-1] INFO org.apache.nifi.processors.standard.RouteText - RouteText[id=7eed8dc2-ebc4-49da-951a-9990a8cef519] Created FlowFile[3285,94824507916028.mockFlowFile,24B] from FlowFile[3284,94824507916028.mockFlowFile,24B]; routing to relationship simple
[pool-3964-thread-1] INFO org.apache.nifi.processors.standard.RouteText - RouteText[id=7eed8dc2-ebc4-49da-951a-9990a8cef519] Routing FlowFile[3284,94824507916028.mockFlowFile,24B] to original
[main] DEBUG org.apache.nifi.processors.standard.RouteText - RouteText[id=7eed8dc2-ebc4-49da-951a-9990a8cef519] Adding new dynamic property: PropertyDescriptor[simple]
[pool-3965-thread-1] INFO org.apache.nifi.processors.standard.RouteText - RouteText[id=7eed8dc2-ebc4-49da-951a-9990a8cef519] Created FlowFile[3287,94824508448279.mockFlowFile,24B] from FlowFile[3286,94824508448279.mockFlowFile,24B]; routing to relationship simple
[pool-3965-thread-1] INFO org.apache.nifi.processors.standard.RouteText - RouteText[id=7eed8dc2-ebc4-49da-951a-9990a8cef519] Routing FlowFile[3286,94824508448279.mockFlowFile,24B] to original
[main] DEBUG org.apache.nifi.processors.standard.RouteText - RouteText[id=7eed8dc2-ebc4-49da-951a-9990a8cef519] Adding new dynamic property: PropertyDescriptor[simple]
[pool-3966-thread-1] INFO org.apache.nifi.processors.standard.RouteText - RouteText[id=7eed8dc2-ebc4-49da-951a-9990a8cef519] Created FlowFile[3289,94824508950282.mockFlowFile,24B] from FlowFile[3288,94824508950282.mockFlowFile,24B]; routing to relationship simple
[pool-3966-thread-1] INFO org.apache.nifi.processors.standard.RouteText - RouteText[id=7eed8dc2-ebc4-49da-951a-9990a8cef519] Routing FlowFile[3288,94824508950282.mockFlowFile,24B] to original
[main] DEBUG org.apache.nifi.processors.standard.RouteText - RouteText[id=7eed8dc2-ebc4-49da-951a-9990a8cef519] Adding new dynamic property: PropertyDescriptor[simple]
[pool-3967-thread-1] INFO org.apache.nifi.processors.standard.RouteText - RouteText[id=7eed8dc2-ebc4-49da-951a-9990a8cef519] Created FlowFile[3291,94824509423899.mockFlowFile,24B] from FlowFile[3290,94824509423899.mockFlowFile,24B]; routing to relationship simple
[pool-3967-thread-1] INFO org.apache.nifi.processors.standard.RouteText - RouteText[id=7eed8dc2-ebc4-49da-951a-9990a8cef519] Routing FlowFile[3290,94824509423899.mockFlowFile,24B] to original
[main] DEBUG org.apache.nifi.processors.standard.RouteText - RouteText[id=7eed8dc2-ebc4-49da-951a-9990a8cef519] Adding new dynamic property: PropertyDescriptor[simple]
[pool-3968-thread-1] INFO org.apache.nifi.processors.standard.RouteText - RouteText[id=7eed8dc2-ebc4-49da-951a-9990a8cef519] Created FlowFile[3293,94824509795404.mockFlowFile,24B] from FlowFile[3292,94824509795404.mockFlowFile,24B]; routing to relationship simple
[pool-3968-thread-1] INFO org.apache.nifi.processors.standard.RouteText - RouteText[id=7eed8dc2-ebc4-49da-951a-9990a8cef519] Routing FlowFile[3292,94824509795404.mockFlowFile,24B] to original
[main] DEBUG org.apache.nifi.processors.standard.RouteText - RouteText[id=7eed8dc2-ebc4-49da-951a-9990a8cef519] Adding new dynamic property: PropertyDescriptor[simple]
[pool-3969-thread-1] INFO org.apache.nifi.processors.standard.RouteText - RouteText[id=7eed8dc2-ebc4-49da-951a-9990a8cef519] Created FlowFile[3295,94824510188531.mockFlowFile,24B] from FlowFile[3294,94824510188531.mockFlowFile,24B]; routing to relationship simple
[pool-3969-thread-1] INFO org.apache.nifi.processors.standard.RouteText - RouteText[id=7eed8dc2-ebc4-49da-951a-9990a8cef519] Routing FlowFile[3294,94824510188531.mockFlowFile,24B] to original
[main] DEBUG org.apache.nifi.processors.standard.RouteText - RouteText[id=7eed8dc2-ebc4-49da-951a-9990a8cef519] Adding new dynamic property: PropertyDescriptor[simple]
[pool-3970-thread-1] INFO org.apache.nifi.processors.standard.RouteText - RouteText[id=7eed8dc2-ebc4-49da-951a-9990a8cef519] Created FlowFile[3297,94824510565785.mockFlowFile,24B] from FlowFile[3296,94824510565785.mockFlowFile,24B]; routing to relationship simple
[pool-3970-thread-1] INFO org.apache.nifi.processors.standard.RouteText - RouteText[id=7eed8dc2-ebc4-49da-951a-9990a8cef519] Routing FlowFile[3296,94824510565785.mockFlowFile,24B] to original
[main] DEBUG org.apache.nifi.processors.standard.RouteText - RouteText[id=7eed8dc2-ebc4-49da-951a-9990a8cef519] Adding new dynamic property: PropertyDescriptor[simple]
[pool-3971-thread-1] INFO org.apache.nifi.processors.standard.RouteText - RouteText[id=7eed8dc2-ebc4-49da-951a-9990a8cef519] Created FlowFile[3299,94824510942309.mockFlowFile,24B] from FlowFile[3298,94824510942309.mockFlowFile,24B]; routing to relationship simple
[pool-3971-thread-1] INFO org.apache.nifi.processors.standard.RouteText - RouteText[id=7eed8dc2-ebc4-49da-951a-9990a8cef519] Routing FlowFile[3298,94824510942309.mockFlowFile,24B] to original
[main] DEBUG org.apache.nifi.processors.standard.RouteText - RouteText[id=7eed8dc2-ebc4-49da-951a-9990a8cef519] Adding new dynamic property: PropertyDescriptor[simple]
[pool-3972-thread-1] INFO org.apache.nifi.processors.standard.RouteText - RouteText[id=7eed8dc2-ebc4-49da-951a-9990a8cef519] Created FlowFile[3301,94824511366307.mockFlowFile,24B] from FlowFile[3300,94824511366307.mockFlowFile,24B]; routing to relationship simple
[pool-3972-thread-1] INFO org.apache.nifi.processors.standard.RouteText - RouteText[id=7eed8dc2-ebc4-49da-951a-9990a8cef519] Routing FlowFile[3300,94824511366307.mockFlowFile,24B] to original
[main] DEBUG org.apache.nifi.processors.standard.RouteText - RouteText[id=7eed8dc2-ebc4-49da-951a-9990a8cef519] Adding new dynamic property: PropertyDescriptor[simple]
[pool-3973-thread-1] INFO org.apache.nifi.processors.standard.RouteText - RouteText[id=7eed8dc2-ebc4-49da-951a-9990a8cef519] Created FlowFile[3303,94824511880340.mockFlowFile,24B] from FlowFile[3302,94824511880340.mockFlowFile,24B]; routing to relationship simple
[pool-3973-thread-1] INFO org.apache.nifi.processors.standard.RouteText - RouteText[id=7eed8dc2-ebc4-49da-951a-9990a8cef519] Routing FlowFile[3302,94824511880340.mockFlowFile,24B] to original
[main] DEBUG org.apache.nifi.processors.standard.RouteText - RouteText[id=7eed8dc2-ebc4-49da-951a-9990a8cef519] Adding new dynamic property: PropertyDescriptor[simple]
[pool-3974-thread-1] INFO org.apache.nifi.processors.standard.RouteText - RouteText[id=7eed8dc2-ebc4-49da-951a-9990a8cef519] Created FlowFile[3305,94824512397131.mockFlowFile,24B] from FlowFile[3304,94824512397131.mockFlowFile,24B]; routing to relationship simple
[pool-3974-thread-1] INFO org.apache.nifi.processors.standard.RouteText - RouteText[id=7eed8dc2-ebc4-49da-951a-9990a8cef519] Routing FlowFile[3304,94824512397131.mockFlowFile,24B] to original
[main] DEBUG org.apache.nifi.processors.standard.RouteText - RouteText[id=7eed8dc2-ebc4-49da-951a-9990a8cef519] Adding new dynamic property: PropertyDescriptor[simple]
[pool-3975-thread-1] INFO org.apache.nifi.processors.standard.RouteText - RouteText[id=7eed8dc2-ebc4-49da-951a-9990a8cef519] Created FlowFile[3307,94824512848435.mockFlowFile,24B] from FlowFile[3306,94824512848435.mockFlowFile,24B]; routing to relationship simple
[pool-3975-thread-1] INFO org.apache.nifi.processors.standard.RouteText - RouteText[id=7eed8dc2-ebc4-49da-951a-9990a8cef519] Routing FlowFile[3306,94824512848435.mockFlowFile,24B] to original
[main] DEBUG org.apache.nifi.processors.standard.RouteText - RouteText[id=7eed8dc2-ebc4-49da-951a-9990a8cef519] Adding new dynamic property: PropertyDescriptor[simple]
[pool-3976-thread-1] INFO org.apache.nifi.processors.standard.RouteText - RouteText[id=7eed8dc2-ebc4-49da-951a-9990a8cef519] Created FlowFile[3309,94824513314989.mockFlowFile,24B] from FlowFile[3308,94824513314989.mockFlowFile,24B]; routing to relationship simple
[pool-3976-thread-1] INFO org.apache.nifi.processors.standard.RouteText - RouteText[id=7eed8dc2-ebc4-49da-951a-9990a8cef519] Routing FlowFile[3308,94824513314989.mockFlowFile,24B] to original
[main] DEBUG org.apache.nifi.processors.standard.RouteText - RouteText[id=7eed8dc2-ebc4-49da-951a-9990a8cef519] Adding new dynamic property: PropertyDescriptor[simple]
[pool-3977-thread-1] INFO org.apache.nifi.processors.standard.RouteText - RouteText[id=7eed8dc2-ebc4-49da-951a-9990a8cef519] Created FlowFile[3311,94824513730499.mockFlowFile,24B] from FlowFile[3310,94824513730499.mockFlowFile,24B]; routing to relationship simple
[pool-3977-thread-1] INFO org.apache.nifi.processors.standard.RouteText - RouteText[id=7eed8dc2-ebc4-49da-951a-9990a8cef519] Routing FlowFile[3310,94824513730499.mockFlowFile,24B] to original
[main] DEBUG org.apache.nifi.processors.standard.RouteText - RouteText[id=7eed8dc2-ebc4-49da-951a-9990a8cef519] Adding new dynamic property: PropertyDescriptor[simple]
[pool-3978-thread-1] INFO org.apache.nifi.processors.standard.RouteText - RouteText[id=7eed8dc2-ebc4-49da-951a-9990a8cef519] Created FlowFile[3313,94824514110179.mockFlowFile,24B] from FlowFile[3312,94824514110179.mockFlowFile,24B]; routing to relationship simple
[pool-3978-thread-1] INFO org.apache.nifi.processors.standard.RouteText - RouteText[id=7eed8dc2-ebc4-49da-951a-9990a8cef519] Routing FlowFile[3312,94824514110179.mockFlowFile,24B] to original
[main] DEBUG org.apache.nifi.processors.standard.RouteText - RouteText[id=7eed8dc2-ebc4-49da-951a-9990a8cef519] Adding new dynamic property: PropertyDescriptor[simple]
[pool-3979-thread-1] INFO org.apache.nifi.processors.standard.RouteText - RouteText[id=7eed8dc2-ebc4-49da-951a-9990a8cef519] Created FlowFile[3315,94824514469942.mockFlowFile,24B] from FlowFile[3314,94824514469942.mockFlowFile,24B]; routing to relationship simple
[pool-3979-thread-1] INFO org.apache.nifi.processors.standard.RouteText - RouteText[id=7eed8dc2-ebc4-49da-951a-9990a8cef519] Routing FlowFile[3314,94824514469942.mockFlowFile,24B] to original
[main] DEBUG org.apache.nifi.processors.standard.RouteText - RouteText[id=7eed8dc2-ebc4-49da-951a-9990a8cef519] Adding new dynamic property: PropertyDescriptor[simple]
[pool-3980-thread-1] INFO org.apache.nifi.processors.standard.RouteText - RouteText[id=7eed8dc2-ebc4-49da-951a-9990a8cef519] Created FlowFile[3317,94824514820747.mockFlowFile,24B] from FlowFile[3316,94824514820747.mockFlowFile,24B]; routing to relationship simple
[pool-3980-thread-1] INFO org.apache.nifi.processors.standard.RouteText - RouteText[id=7eed8dc2-ebc4-49da-951a-9990a8cef519] Routing FlowFile[3316,94824514820747.mockFlowFile,24B] to original
[main] DEBUG org.apache.nifi.processors.standard.RouteText - RouteText[id=7eed8dc2-ebc4-49da-951a-9990a8cef519] Adding new dynamic property: PropertyDescriptor[simple]
[pool-3981-thread-1] INFO org.apache.nifi.processors.standard.RouteText - RouteText[id=7eed8dc2-ebc4-49da-951a-9990a8cef519] Created FlowFile[3319,94824515423247.mockFlowFile,24B] from FlowFile[3318,94824515423247.mockFlowFile,24B]; routing to relationship simple
[pool-3981-thread-1] INFO org.apache.nifi.processors.standard.RouteText - RouteText[id=7eed8dc2-ebc4-49da-951a-9990a8cef519] Routing FlowFile[3318,94824515423247.mockFlowFile,24B] to original
[main] DEBUG org.apache.nifi.processors.standard.RouteText - RouteText[id=7eed8dc2-ebc4-49da-951a-9990a8cef519] Adding new dynamic property: PropertyDescriptor[simple]
[pool-3982-thread-1] INFO org.apache.nifi.processors.standard.RouteText - RouteText[id=7eed8dc2-ebc4-49da-951a-9990a8cef519] Created FlowFile[3321,94824515970278.mockFlowFile,24B] from FlowFile[3320,94824515970278.mockFlowFile,24B]; routing to relationship simple
[pool-3982-thread-1] INFO org.apache.nifi.processors.standard.RouteText - RouteText[id=7eed8dc2-ebc4-49da-951a-9990a8cef519] Routing FlowFile[3320,94824515970278.mockFlowFile,24B] to original
[main] DEBUG org.apache.nifi.processors.standard.RouteText - RouteText[id=7eed8dc2-ebc4-49da-951a-9990a8cef519] Adding new dynamic property: PropertyDescriptor[simple]
[pool-3983-thread-1] INFO org.apache.nifi.processors.standard.RouteText - RouteText[id=7eed8dc2-ebc4-49da-951a-9990a8cef519] Created FlowFile[3323,94824516601600.mockFlowFile,24B] from FlowFile[3322,94824516601600.mockFlowFile,24B]; routing to relationship simple
[pool-3983-thread-1] INFO org.apache.nifi.processors.standard.RouteText - RouteText[id=7eed8dc2-ebc4-49da-951a-9990a8cef519] Routing FlowFile[3322,94824516601600.mockFlowFile,24B] to original
[main] DEBUG org.apache.nifi.processors.standard.RouteText - RouteText[id=7eed8dc2-ebc4-49da-951a-9990a8cef519] Adding new dynamic property: PropertyDescriptor[simple]
[pool-3984-thread-1] INFO org.apache.nifi.processors.standard.RouteText - RouteText[id=7eed8dc2-ebc4-49da-951a-9990a8cef519] Created FlowFile[3325,94824517160746.mockFlowFile,24B] from FlowFile[3324,94824517160746.mockFlowFile,24B]; routing to relationship simple
[pool-3984-thread-1] INFO org.apache.nifi.processors.standard.RouteText - RouteText[id=7eed8dc2-ebc4-49da-951a-9990a8cef519] Routing FlowFile[3324,94824517160746.mockFlowFile,24B] to original
[main] DEBUG org.apache.nifi.processors.standard.RouteText - RouteText[id=7eed8dc2-ebc4-49da-951a-9990a8cef519] Adding new dynamic property: PropertyDescriptor[simple]
[pool-3985-thread-1] INFO org.apache.nifi.processors.standard.RouteText - RouteText[id=7eed8dc2-ebc4-49da-951a-9990a8cef519] Created FlowFile[3327,94824517687682.mockFlowFile,24B] from FlowFile[3326,94824517687682.mockFlowFile,24B]; routing to relationship simple
[pool-3985-thread-1] INFO org.apache.nifi.processors.standard.RouteText - RouteText[id=7eed8dc2-ebc4-49da-951a-9990a8cef519] Routing FlowFile[3326,94824517687682.mockFlowFile,24B] to original
[main] DEBUG org.apache.nifi.processors.standard.RouteText - RouteText[id=7eed8dc2-ebc4-49da-951a-9990a8cef519] Adding new dynamic property: PropertyDescriptor[simple]
[pool-3986-thread-1] INFO org.apache.nifi.processors.standard.RouteText - RouteText[id=7eed8dc2-ebc4-49da-951a-9990a8cef519] Created FlowFile[3329,94824518240305.mockFlowFile,24B] from FlowFile[3328,94824518240305.mockFlowFile,24B]; routing to relationship simple
[pool-3986-thread-1] INFO org.apache.nifi.processors.standard.RouteText - RouteText[id=7eed8dc2-ebc4-49da-951a-9990a8cef519] Routing FlowFile[3328,94824518240305.mockFlowFile,24B] to original
[main] DEBUG org.apache.nifi.processors.standard.RouteText - RouteText[id=7eed8dc2-ebc4-49da-951a-9990a8cef519] Adding new dynamic property: PropertyDescriptor[simple]
[pool-3987-thread-1] INFO org.apache.nifi.processors.standard.RouteText - RouteText[id=7eed8dc2-ebc4-49da-951a-9990a8cef519] Created FlowFile[3331,94824518758290.mockFlowFile,24B] from FlowFile[3330,94824518758290.mockFlowFile,24B]; routing to relationship simple
[pool-3987-thread-1] INFO org.apache.nifi.processors.standard.RouteText - RouteText[id=7eed8dc2-ebc4-49da-951a-9990a8cef519] Routing FlowFile[3330,94824518758290.mockFlowFile,24B] to original
[main] DEBUG org.apache.nifi.processors.standard.RouteText - RouteText[id=7eed8dc2-ebc4-49da-951a-9990a8cef519] Adding new dynamic property: PropertyDescriptor[simple]
[pool-3988-thread-1] INFO org.apache.nifi.processors.standard.RouteText - RouteText[id=7eed8dc2-ebc4-49da-951a-9990a8cef519] Created FlowFile[3333,94824519266738.mockFlowFile,24B] from FlowFile[3332,94824519266738.mockFlowFile,24B]; routing to relationship simple
[pool-3988-thread-1] INFO org.apache.nifi.processors.standard.RouteText - RouteText[id=7eed8dc2-ebc4-49da-951a-9990a8cef519] Routing FlowFile[3332,94824519266738.mockFlowFile,24B] to original
[main] DEBUG org.apache.nifi.processors.standard.RouteText - RouteText[id=7eed8dc2-ebc4-49da-951a-9990a8cef519] Adding new dynamic property: PropertyDescriptor[simple]
[pool-3989-thread-1] INFO org.apache.nifi.processors.standard.RouteText - RouteText[id=7eed8dc2-ebc4-49da-951a-9990a8cef519] Created FlowFile[3335,94824519725730.mockFlowFile,24B] from FlowFile[3334,94824519725730.mockFlowFile,24B]; routing to relationship simple
[pool-3989-thread-1] INFO org.apache.nifi.processors.standard.RouteText - RouteText[id=7eed8dc2-ebc4-49da-951a-9990a8cef519] Routing FlowFile[3334,94824519725730.mockFlowFile,24B] to original
[main] DEBUG org.apache.nifi.processors.standard.RouteText - RouteText[id=7eed8dc2-ebc4-49da-951a-9990a8cef519] Adding new dynamic property: PropertyDescriptor[simple]
[pool-3990-thread-1] INFO org.apache.nifi.processors.standard.RouteText - RouteText[id=7eed8dc2-ebc4-49da-951a-9990a8cef519] Created FlowFile[3337,94824520215281.mockFlowFile,24B] from FlowFile[3336,94824520215281.mockFlowFile,24B]; routing to relationship simple
[pool-3990-thread-1] INFO org.apache.nifi.processors.standard.RouteText - RouteText[id=7eed8dc2-ebc4-49da-951a-9990a8cef519] Routing FlowFile[3336,94824520215281.mockFlowFile,24B] to original
[main] DEBUG org.apache.nifi.processors.standard.RouteText - RouteText[id=7eed8dc2-ebc4-49da-951a-9990a8cef519] Adding new dynamic property: PropertyDescriptor[simple]
[pool-3991-thread-1] INFO org.apache.nifi.processors.standard.RouteText - RouteText[id=7eed8dc2-ebc4-49da-951a-9990a8cef519] Created FlowFile[3339,94824520700713.mockFlowFile,24B] from FlowFile[3338,94824520700713.mockFlowFile,24B]; routing to relationship simple
[pool-3991-thread-1] INFO org.apache.nifi.processors.standard.RouteText - RouteText[id=7eed8dc2-ebc4-49da-951a-9990a8cef519] Routing FlowFile[3338,94824520700713.mockFlowFile,24B] to original
[main] DEBUG org.apache.nifi.processors.standard.RouteText - RouteText[id=7eed8dc2-ebc4-49da-951a-9990a8cef519] Adding new dynamic property: PropertyDescriptor[simple]
[pool-3992-thread-1] INFO org.apache.nifi.processors.standard.RouteText - RouteText[id=7eed8dc2-ebc4-49da-951a-9990a8cef519] Created FlowFile[3341,94824521248489.mockFlowFile,24B] from FlowFile[3340,94824521248489.mockFlowFile,24B]; routing to relationship simple
[pool-3992-thread-1] INFO org.apache.nifi.processors.standard.RouteText - RouteText[id=7eed8dc2-ebc4-49da-951a-9990a8cef519] Routing FlowFile[3340,94824521248489.mockFlowFile,24B] to original
[main] DEBUG org.apache.nifi.processors.standard.RouteText - RouteText[id=7eed8dc2-ebc4-49da-951a-9990a8cef519] Adding new dynamic property: PropertyDescriptor[simple]
[pool-3993-thread-1] INFO org.apache.nifi.processors.standard.RouteText - RouteText[id=7eed8dc2-ebc4-49da-951a-9990a8cef519] Created FlowFile[3343,94824521759503.mockFlowFile,24B] from FlowFile[3342,94824521759503.mockFlowFile,24B]; routing to relationship simple
[pool-3993-thread-1] INFO org.apache.nifi.processors.standard.RouteText - RouteText[id=7eed8dc2-ebc4-49da-951a-9990a8cef519] Routing FlowFile[3342,94824521759503.mockFlowFile,24B] to original
[main] DEBUG org.apache.nifi.processors.standard.RouteText - RouteText[id=7eed8dc2-ebc4-49da-951a-9990a8cef519] Adding new dynamic property: PropertyDescriptor[simple]
[pool-3994-thread-1] INFO org.apache.nifi.processors.standard.RouteText - RouteText[id=7eed8dc2-ebc4-49da-951a-9990a8cef519] Created FlowFile[3345,94824522300771.mockFlowFile,24B] from FlowFile[3344,94824522300771.mockFlowFile,24B]; routing to relationship simple
[pool-3994-thread-1] INFO org.apache.nifi.processors.standard.RouteText - RouteText[id=7eed8dc2-ebc4-49da-951a-9990a8cef519] Routing FlowFile[3344,94824522300771.mockFlowFile,24B] to original
[main] DEBUG org.apache.nifi.processors.standard.RouteText - RouteText[id=7eed8dc2-ebc4-49da-951a-9990a8cef519] Adding new dynamic property: PropertyDescriptor[simple]
[pool-3995-thread-1] INFO org.apache.nifi.processors.standard.RouteText - RouteText[id=7eed8dc2-ebc4-49da-951a-9990a8cef519] Created FlowFile[3347,94824526815475.mockFlowFile,24B] from FlowFile[3346,94824526815475.mockFlowFile,24B]; routing to relationship simple
[pool-3995-thread-1] INFO org.apache.nifi.processors.standard.RouteText - RouteText[id=7eed8dc2-ebc4-49da-951a-9990a8cef519] Routing FlowFile[3346,94824526815475.mockFlowFile,24B] to original
[main] DEBUG org.apache.nifi.processors.standard.RouteText - RouteText[id=7eed8dc2-ebc4-49da-951a-9990a8cef519] Adding new dynamic property: PropertyDescriptor[simple]
[pool-3996-thread-1] INFO org.apache.nifi.processors.standard.RouteText - RouteText[id=7eed8dc2-ebc4-49da-951a-9990a8cef519] Created FlowFile[3349,94824527473575.mockFlowFile,24B] from FlowFile[3348,94824527473575.mockFlowFile,24B]; routing to relationship simple
[pool-3996-thread-1] INFO org.apache.nifi.processors.standard.RouteText - RouteText[id=7eed8dc2-ebc4-49da-951a-9990a8cef519] Routing FlowFile[3348,94824527473575.mockFlowFile,24B] to original
[main] DEBUG org.apache.nifi.processors.standard.RouteText - RouteText[id=7eed8dc2-ebc4-49da-951a-9990a8cef519] Adding new dynamic property: PropertyDescriptor[simple]
[pool-3997-thread-1] INFO org.apache.nifi.processors.standard.RouteText - RouteText[id=7eed8dc2-ebc4-49da-951a-9990a8cef519] Created FlowFile[3351,94824527919197.mockFlowFile,24B] from FlowFile[3350,94824527919197.mockFlowFile,24B]; routing to relationship simple
[pool-3997-thread-1] INFO org.apache.nifi.processors.standard.RouteText - RouteText[id=7eed8dc2-ebc4-49da-951a-9990a8cef519] Routing FlowFile[3350,94824527919197.mockFlowFile,24B] to original
[main] DEBUG org.apache.nifi.processors.standard.RouteText - RouteText[id=7eed8dc2-ebc4-49da-951a-9990a8cef519] Adding new dynamic property: PropertyDescriptor[simple]
[pool-3998-thread-1] INFO org.apache.nifi.processors.standard.RouteText - RouteText[id=7eed8dc2-ebc4-49da-951a-9990a8cef519] Created FlowFile[3353,94824528385360.mockFlowFile,24B] from FlowFile[3352,94824528385360.mockFlowFile,24B]; routing to relationship simple
[pool-3998-thread-1] INFO org.apache.nifi.processors.standard.RouteText - RouteText[id=7eed8dc2-ebc4-49da-951a-9990a8cef519] Routing FlowFile[3352,94824528385360.mockFlowFile,24B] to original
[main] DEBUG org.apache.nifi.processors.standard.RouteText - RouteText[id=7eed8dc2-ebc4-49da-951a-9990a8cef519] Adding new dynamic property: PropertyDescriptor[simple]
[pool-3999-thread-1] INFO org.apache.nifi.processors.standard.RouteText - RouteText[id=7eed8dc2-ebc4-49da-951a-9990a8cef519] Created FlowFile[3355,94824528897701.mockFlowFile,24B] from FlowFile[3354,94824528897701.mockFlowFile,24B]; routing to relationship simple
[pool-3999-thread-1] INFO org.apache.nifi.processors.standard.RouteText - RouteText[id=7eed8dc2-ebc4-49da-951a-9990a8cef519] Routing FlowFile[3354,94824528897701.mockFlowFile,24B] to original
[main] DEBUG org.apache.nifi.processors.standard.RouteText - RouteText[id=7eed8dc2-ebc4-49da-951a-9990a8cef519] Adding new dynamic property: PropertyDescriptor[simple]
[pool-4000-thread-1] INFO org.apache.nifi.processors.standard.RouteText - RouteText[id=7eed8dc2-ebc4-49da-951a-9990a8cef519] Created FlowFile[3357,94824529409593.mockFlowFile,24B] from FlowFile[3356,94824529409593.mockFlowFile,24B]; routing to relationship simple
[pool-4000-thread-1] INFO org.apache.nifi.processors.standard.RouteText - RouteText[id=7eed8dc2-ebc4-49da-951a-9990a8cef519] Routing FlowFile[3356,94824529409593.mockFlowFile,24B] to original
[main] DEBUG org.apache.nifi.processors.standard.RouteText - RouteText[id=7eed8dc2-ebc4-49da-951a-9990a8cef519] Adding new dynamic property: PropertyDescriptor[simple]
[pool-4001-thread-1] INFO org.apache.nifi.processors.standard.RouteText - RouteText[id=7eed8dc2-ebc4-49da-951a-9990a8cef519] Created FlowFile[3359,94824529924505.mockFlowFile,24B] from FlowFile[3358,94824529924505.mockFlowFile,24B]; routing to relationship simple
[pool-4001-thread-1] INFO org.apache.nifi.processors.standard.RouteText - RouteText[id=7eed8dc2-ebc4-49da-951a-9990a8cef519] Routing FlowFile[3358,94824529924505.mockFlowFile,24B] to original
[main] DEBUG org.apache.nifi.processors.standard.RouteText - RouteText[id=7eed8dc2-ebc4-49da-951a-9990a8cef519] Adding new dynamic property: PropertyDescriptor[simple]
[pool-4002-thread-1] INFO org.apache.nifi.processors.standard.RouteText - RouteText[id=7eed8dc2-ebc4-49da-951a-9990a8cef519] Created FlowFile[3361,94824530459982.mockFlowFile,24B] from FlowFile[3360,94824530459982.mockFlowFile,24B]; routing to relationship simple
[pool-4002-thread-1] INFO org.apache.nifi.processors.standard.RouteText - RouteText[id=7eed8dc2-ebc4-49da-951a-9990a8cef519] Routing FlowFile[3360,94824530459982.mockFlowFile,24B] to original
[main] DEBUG org.apache.nifi.processors.standard.RouteText - RouteText[id=7eed8dc2-ebc4-49da-951a-9990a8cef519] Adding new dynamic property: PropertyDescriptor[simple]
[pool-4003-thread-1] INFO org.apache.nifi.processors.standard.RouteText - RouteText[id=7eed8dc2-ebc4-49da-951a-9990a8cef519] Created FlowFile[3363,94824530946412.mockFlowFile,24B] from FlowFile[3362,94824530946412.mockFlowFile,24B]; routing to relationship simple
[pool-4003-thread-1] INFO org.apache.nifi.processors.standard.RouteText - RouteText[id=7eed8dc2-ebc4-49da-951a-9990a8cef519] Routing FlowFile[3362,94824530946412.mockFlowFile,24B] to original
[main] DEBUG org.apache.nifi.processors.standard.RouteText - RouteText[id=7eed8dc2-ebc4-49da-951a-9990a8cef519] Adding new dynamic property: PropertyDescriptor[simple]
[pool-4004-thread-1] INFO org.apache.nifi.processors.standard.RouteText - RouteText[id=7eed8dc2-ebc4-49da-951a-9990a8cef519] Created FlowFile[3365,94824531404827.mockFlowFile,24B] from FlowFile[3364,94824531404827.mockFlowFile,24B]; routing to relationship simple
[pool-4004-thread-1] INFO org.apache.nifi.processors.standard.RouteText - RouteText[id=7eed8dc2-ebc4-49da-951a-9990a8cef519] Routing FlowFile[3364,94824531404827.mockFlowFile,24B] to original
[main] DEBUG org.apache.nifi.processors.standard.RouteText - RouteText[id=7eed8dc2-ebc4-49da-951a-9990a8cef519] Adding new dynamic property: PropertyDescriptor[simple]
[pool-4005-thread-1] INFO org.apache.nifi.processors.standard.RouteText - RouteText[id=7eed8dc2-ebc4-49da-951a-9990a8cef519] Created FlowFile[3367,94824531876741.mockFlowFile,24B] from FlowFile[3366,94824531876741.mockFlowFile,24B]; routing to relationship simple
[pool-4005-thread-1] INFO org.apache.nifi.processors.standard.RouteText - RouteText[id=7eed8dc2-ebc4-49da-951a-9990a8cef519] Routing FlowFile[3366,94824531876741.mockFlowFile,24B] to original
[main] DEBUG org.apache.nifi.processors.standard.RouteText - RouteText[id=7eed8dc2-ebc4-49da-951a-9990a8cef519] Adding new dynamic property: PropertyDescriptor[simple]
[pool-4006-thread-1] INFO org.apache.nifi.processors.standard.RouteText - RouteText[id=7eed8dc2-ebc4-49da-951a-9990a8cef519] Created FlowFile[3369,94824532381804.mockFlowFile,24B] from FlowFile[3368,94824532381804.mockFlowFile,24B]; routing to relationship simple
[pool-4006-thread-1] INFO org.apache.nifi.processors.standard.RouteText - RouteText[id=7eed8dc2-ebc4-49da-951a-9990a8cef519] Routing FlowFile[3368,94824532381804.mockFlowFile,24B] to original
[main] DEBUG org.apache.nifi.processors.standard.RouteText - RouteText[id=7eed8dc2-ebc4-49da-951a-9990a8cef519] Adding new dynamic property: PropertyDescriptor[simple]
[pool-4007-thread-1] INFO org.apache.nifi.processors.standard.RouteText - RouteText[id=7eed8dc2-ebc4-49da-951a-9990a8cef519] Created FlowFile[3371,94824532885063.mockFlowFile,24B] from FlowFile[3370,94824532885063.mockFlowFile,24B]; routing to relationship simple
[pool-4007-thread-1] INFO org.apache.nifi.processors.standard.RouteText - RouteText[id=7eed8dc2-ebc4-49da-951a-9990a8cef519] Routing FlowFile[3370,94824532885063.mockFlowFile,24B] to original
[main] DEBUG org.apache.nifi.processors.standard.RouteText - RouteText[id=7eed8dc2-ebc4-49da-951a-9990a8cef519] Adding new dynamic property: PropertyDescriptor[simple]
[pool-4008-thread-1] INFO org.apache.nifi.processors.standard.RouteText - RouteText[id=7eed8dc2-ebc4-49da-951a-9990a8cef519] Created FlowFile[3373,94824533355918.mockFlowFile,24B] from FlowFile[3372,94824533355918.mockFlowFile,24B]; routing to relationship simple
[pool-4008-thread-1] INFO org.apache.nifi.processors.standard.RouteText - RouteText[id=7eed8dc2-ebc4-49da-951a-9990a8cef519] Routing FlowFile[3372,94824533355918.mockFlowFile,24B] to original
[main] DEBUG org.apache.nifi.processors.standard.RouteText - RouteText[id=7eed8dc2-ebc4-49da-951a-9990a8cef519] Adding new dynamic property: PropertyDescriptor[simple]
[pool-4009-thread-1] INFO org.apache.nifi.processors.standard.RouteText - RouteText[id=7eed8dc2-ebc4-49da-951a-9990a8cef519] Created FlowFile[3375,94824533813067.mockFlowFile,24B] from FlowFile[3374,94824533813067.mockFlowFile,24B]; routing to relationship simple
[pool-4009-thread-1] INFO org.apache.nifi.processors.standard.RouteText - RouteText[id=7eed8dc2-ebc4-49da-951a-9990a8cef519] Routing FlowFile[3374,94824533813067.mockFlowFile,24B] to original
[main] DEBUG org.apache.nifi.processors.standard.RouteText - RouteText[id=7eed8dc2-ebc4-49da-951a-9990a8cef519] Adding new dynamic property: PropertyDescriptor[simple]
[pool-4010-thread-1] INFO org.apache.nifi.processors.standard.RouteText - RouteText[id=7eed8dc2-ebc4-49da-951a-9990a8cef519] Created FlowFile[3377,94824534245085.mockFlowFile,24B] from FlowFile[3376,94824534245085.mockFlowFile,24B]; routing to relationship simple
[pool-4010-thread-1] INFO org.apache.nifi.processors.standard.RouteText - RouteText[id=7eed8dc2-ebc4-49da-951a-9990a8cef519] Routing FlowFile[3376,94824534245085.mockFlowFile,24B] to original
[main] DEBUG org.apache.nifi.processors.standard.RouteText - RouteText[id=7eed8dc2-ebc4-49da-951a-9990a8cef519] Adding new dynamic property: PropertyDescriptor[simple]
[pool-4011-thread-1] INFO org.apache.nifi.processors.standard.RouteText - RouteText[id=7eed8dc2-ebc4-49da-951a-9990a8cef519] Created FlowFile[3379,94824534650720.mockFlowFile,24B] from FlowFile[3378,94824534650720.mockFlowFile,24B]; routing to relationship simple
[pool-4011-thread-1] INFO org.apache.nifi.processors.standard.RouteText - RouteText[id=7eed8dc2-ebc4-49da-951a-9990a8cef519] Routing FlowFile[3378,94824534650720.mockFlowFile,24B] to original
[main] DEBUG org.apache.nifi.processors.standard.RouteText - RouteText[id=7eed8dc2-ebc4-49da-951a-9990a8cef519] Adding new dynamic property: PropertyDescriptor[simple]
[pool-4012-thread-1] INFO org.apache.nifi.processors.standard.RouteText - RouteText[id=7eed8dc2-ebc4-49da-951a-9990a8cef519] Created FlowFile[3381,94824535130585.mockFlowFile,24B] from FlowFile[3380,94824535130585.mockFlowFile,24B]; routing to relationship simple
[pool-4012-thread-1] INFO org.apache.nifi.processors.standard.RouteText - RouteText[id=7eed8dc2-ebc4-49da-951a-9990a8cef519] Routing FlowFile[3380,94824535130585.mockFlowFile,24B] to original
[main] DEBUG org.apache.nifi.processors.standard.RouteText - RouteText[id=7eed8dc2-ebc4-49da-951a-9990a8cef519] Adding new dynamic property: PropertyDescriptor[simple]
[pool-4013-thread-1] INFO org.apache.nifi.processors.standard.RouteText - RouteText[id=7eed8dc2-ebc4-49da-951a-9990a8cef519] Created FlowFile[3383,94824535548315.mockFlowFile,24B] from FlowFile[3382,94824535548315.mockFlowFile,24B]; routing to relationship simple
[pool-4013-thread-1] INFO org.apache.nifi.processors.standard.RouteText - RouteText[id=7eed8dc2-ebc4-49da-951a-9990a8cef519] Routing FlowFile[3382,94824535548315.mockFlowFile,24B] to original
[main] DEBUG org.apache.nifi.processors.standard.RouteText - RouteText[id=7eed8dc2-ebc4-49da-951a-9990a8cef519] Adding new dynamic property: PropertyDescriptor[simple]
[pool-4014-thread-1] INFO org.apache.nifi.processors.standard.RouteText - RouteText[id=7eed8dc2-ebc4-49da-951a-9990a8cef519] Created FlowFile[3385,94824535996937.mockFlowFile,24B] from FlowFile[3384,94824535996937.mockFlowFile,24B]; routing to relationship simple
[pool-4014-thread-1] INFO org.apache.nifi.processors.standard.RouteText - RouteText[id=7eed8dc2-ebc4-49da-951a-9990a8cef519] Routing FlowFile[3384,94824535996937.mockFlowFile,24B] to original
[main] DEBUG org.apache.nifi.processors.standard.RouteText - RouteText[id=7eed8dc2-ebc4-49da-951a-9990a8cef519] Adding new dynamic property: PropertyDescriptor[simple]
[pool-4015-thread-1] INFO org.apache.nifi.processors.standard.RouteText - RouteText[id=7eed8dc2-ebc4-49da-951a-9990a8cef519] Created FlowFile[3387,94824536495244.mockFlowFile,24B] from FlowFile[3386,94824536495244.mockFlowFile,24B]; routing to relationship simple
[pool-4015-thread-1] INFO org.apache.nifi.processors.standard.RouteText - RouteText[id=7eed8dc2-ebc4-49da-951a-9990a8cef519] Routing FlowFile[3386,94824536495244.mockFlowFile,24B] to original
[main] DEBUG org.apache.nifi.processors.standard.RouteText - RouteText[id=7eed8dc2-ebc4-49da-951a-9990a8cef519] Adding new dynamic property: PropertyDescriptor[simple]
[pool-4016-thread-1] INFO org.apache.nifi.processors.standard.RouteText - RouteText[id=7eed8dc2-ebc4-49da-951a-9990a8cef519] Created FlowFile[3389,94824536942062.mockFlowFile,24B] from FlowFile[3388,94824536942062.mockFlowFile,24B]; routing to relationship simple
[pool-4016-thread-1] INFO org.apache.nifi.processors.standard.RouteText - RouteText[id=7eed8dc2-ebc4-49da-951a-9990a8cef519] Routing FlowFile[3388,94824536942062.mockFlowFile,24B] to original
[main] DEBUG org.apache.nifi.processors.standard.RouteText - RouteText[id=7eed8dc2-ebc4-49da-951a-9990a8cef519] Adding new dynamic property: PropertyDescriptor[simple]
[pool-4017-thread-1] INFO org.apache.nifi.processors.standard.RouteText - RouteText[id=7eed8dc2-ebc4-49da-951a-9990a8cef519] Created FlowFile[3391,94824537415278.mockFlowFile,24B] from FlowFile[3390,94824537415278.mockFlowFile,24B]; routing to relationship simple
[pool-4017-thread-1] INFO org.apache.nifi.processors.standard.RouteText - RouteText[id=7eed8dc2-ebc4-49da-951a-9990a8cef519] Routing FlowFile[3390,94824537415278.mockFlowFile,24B] to original
[main] DEBUG org.apache.nifi.processors.standard.RouteText - RouteText[id=7eed8dc2-ebc4-49da-951a-9990a8cef519] Adding new dynamic property: PropertyDescriptor[simple]
[pool-4018-thread-1] INFO org.apache.nifi.processors.standard.RouteText - RouteText[id=7eed8dc2-ebc4-49da-951a-9990a8cef519] Created FlowFile[3393,94824537876301.mockFlowFile,24B] from FlowFile[3392,94824537876301.mockFlowFile,24B]; routing to relationship simple
[pool-4018-thread-1] INFO org.apache.nifi.processors.standard.RouteText - RouteText[id=7eed8dc2-ebc4-49da-951a-9990a8cef519] Routing FlowFile[3392,94824537876301.mockFlowFile,24B] to original
[main] DEBUG org.apache.nifi.processors.standard.RouteText - RouteText[id=7eed8dc2-ebc4-49da-951a-9990a8cef519] Adding new dynamic property: PropertyDescriptor[simple]
[pool-4019-thread-1] INFO org.apache.nifi.processors.standard.RouteText - RouteText[id=7eed8dc2-ebc4-49da-951a-9990a8cef519] Created FlowFile[3395,94824538327599.mockFlowFile,24B] from FlowFile[3394,94824538327599.mockFlowFile,24B]; routing to relationship simple
[pool-4019-thread-1] INFO org.apache.nifi.processors.standard.RouteText - RouteText[id=7eed8dc2-ebc4-49da-951a-9990a8cef519] Routing FlowFile[3394,94824538327599.mockFlowFile,24B] to original
[main] DEBUG org.apache.nifi.processors.standard.RouteText - RouteText[id=7eed8dc2-ebc4-49da-951a-9990a8cef519] Adding new dynamic property: PropertyDescriptor[simple]
[pool-4020-thread-1] INFO org.apache.nifi.processors.standard.RouteText - RouteText[id=7eed8dc2-ebc4-49da-951a-9990a8cef519] Created FlowFile[3397,94824538774936.mockFlowFile,24B] from FlowFile[3396,94824538774936.mockFlowFile,24B]; routing to relationship simple
[pool-4020-thread-1] INFO org.apache.nifi.processors.standard.RouteText - RouteText[id=7eed8dc2-ebc4-49da-951a-9990a8cef519] Routing FlowFile[3396,94824538774936.mockFlowFile,24B] to original
[main] DEBUG org.apache.nifi.processors.standard.RouteText - RouteText[id=7eed8dc2-ebc4-49da-951a-9990a8cef519] Adding new dynamic property: PropertyDescriptor[simple]
[pool-4021-thread-1] INFO org.apache.nifi.processors.standard.RouteText - RouteText[id=7eed8dc2-ebc4-49da-951a-9990a8cef519] Created FlowFile[3399,94824539206228.mockFlowFile,24B] from FlowFile[3398,94824539206228.mockFlowFile,24B]; routing to relationship simple
[pool-4021-thread-1] INFO org.apache.nifi.processors.standard.RouteText - RouteText[id=7eed8dc2-ebc4-49da-951a-9990a8cef519] Routing FlowFile[3398,94824539206228.mockFlowFile,24B] to original
[main] DEBUG org.apache.nifi.processors.standard.RouteText - RouteText[id=7eed8dc2-ebc4-49da-951a-9990a8cef519] Adding new dynamic property: PropertyDescriptor[simple]
[pool-4022-thread-1] INFO org.apache.nifi.processors.standard.RouteText - RouteText[id=7eed8dc2-ebc4-49da-951a-9990a8cef519] Created FlowFile[3401,94824539650217.mockFlowFile,24B] from FlowFile[3400,94824539650217.mockFlowFile,24B]; routing to relationship simple
[pool-4022-thread-1] INFO org.apache.nifi.processors.standard.RouteText - RouteText[id=7eed8dc2-ebc4-49da-951a-9990a8cef519] Routing FlowFile[3400,94824539650217.mockFlowFile,24B] to original
[main] DEBUG org.apache.nifi.processors.standard.RouteText - RouteText[id=7eed8dc2-ebc4-49da-951a-9990a8cef519] Adding new dynamic property: PropertyDescriptor[simple]
[pool-4023-thread-1] INFO org.apache.nifi.processors.standard.RouteText - RouteText[id=7eed8dc2-ebc4-49da-951a-9990a8cef519] Created FlowFile[3403,94824540085904.mockFlowFile,24B] from FlowFile[3402,94824540085904.mockFlowFile,24B]; routing to relationship simple
[pool-4023-thread-1] INFO org.apache.nifi.processors.standard.RouteText - RouteText[id=7eed8dc2-ebc4-49da-951a-9990a8cef519] Routing FlowFile[3402,94824540085904.mockFlowFile,24B] to original
[main] DEBUG org.apache.nifi.processors.standard.RouteText - RouteText[id=7eed8dc2-ebc4-49da-951a-9990a8cef519] Adding new dynamic property: PropertyDescriptor[simple]
[pool-4024-thread-1] INFO org.apache.nifi.processors.standard.RouteText - RouteText[id=7eed8dc2-ebc4-49da-951a-9990a8cef519] Created FlowFile[3405,94824540477045.mockFlowFile,24B] from FlowFile[3404,94824540477045.mockFlowFile,24B]; routing to relationship simple
[pool-4024-thread-1] INFO org.apache.nifi.processors.standard.RouteText - RouteText[id=7eed8dc2-ebc4-49da-951a-9990a8cef519] Routing FlowFile[3404,94824540477045.mockFlowFile,24B] to original
[main] DEBUG org.apache.nifi.processors.standard.RouteText - RouteText[id=7eed8dc2-ebc4-49da-951a-9990a8cef519] Adding new dynamic property: PropertyDescriptor[simple]
[pool-4025-thread-1] INFO org.apache.nifi.processors.standard.RouteText - RouteText[id=7eed8dc2-ebc4-49da-951a-9990a8cef519] Created FlowFile[3407,94824540890016.mockFlowFile,24B] from FlowFile[3406,94824540890016.mockFlowFile,24B]; routing to relationship simple
[pool-4025-thread-1] INFO org.apache.nifi.processors.standard.RouteText - RouteText[id=7eed8dc2-ebc4-49da-951a-9990a8cef519] Routing FlowFile[3406,94824540890016.mockFlowFile,24B] to original
[main] DEBUG org.apache.nifi.processors.standard.RouteText - RouteText[id=7eed8dc2-ebc4-49da-951a-9990a8cef519] Adding new dynamic property: PropertyDescriptor[simple]
[pool-4026-thread-1] INFO org.apache.nifi.processors.standard.RouteText - RouteText[id=7eed8dc2-ebc4-49da-951a-9990a8cef519] Created FlowFile[3409,94824541326690.mockFlowFile,24B] from FlowFile[3408,94824541326690.mockFlowFile,24B]; routing to relationship simple
[pool-4026-thread-1] INFO org.apache.nifi.processors.standard.RouteText - RouteText[id=7eed8dc2-ebc4-49da-951a-9990a8cef519] Routing FlowFile[3408,94824541326690.mockFlowFile,24B] to original
[main] DEBUG org.apache.nifi.processors.standard.RouteText - RouteText[id=7eed8dc2-ebc4-49da-951a-9990a8cef519] Adding new dynamic property: PropertyDescriptor[simple]
[pool-4027-thread-1] INFO org.apache.nifi.processors.standard.RouteText - RouteText[id=7eed8dc2-ebc4-49da-951a-9990a8cef519] Created FlowFile[3411,94824541772927.mockFlowFile,24B] from FlowFile[3410,94824541772927.mockFlowFile,24B]; routing to relationship simple
[pool-4027-thread-1] INFO org.apache.nifi.processors.standard.RouteText - RouteText[id=7eed8dc2-ebc4-49da-951a-9990a8cef519] Routing FlowFile[3410,94824541772927.mockFlowFile,24B] to original
[main] DEBUG org.apache.nifi.processors.standard.RouteText - RouteText[id=7eed8dc2-ebc4-49da-951a-9990a8cef519] Adding new dynamic property: PropertyDescriptor[simple]
[pool-4028-thread-1] INFO org.apache.nifi.processors.standard.RouteText - RouteText[id=7eed8dc2-ebc4-49da-951a-9990a8cef519] Created FlowFile[3413,94824542184626.mockFlowFile,24B] from FlowFile[3412,94824542184626.mockFlowFile,24B]; routing to relationship simple
[pool-4028-thread-1] INFO org.apache.nifi.processors.standard.RouteText - RouteText[id=7eed8dc2-ebc4-49da-951a-9990a8cef519] Routing FlowFile[3412,94824542184626.mockFlowFile,24B] to original
[main] DEBUG org.apache.nifi.processors.standard.RouteText - RouteText[id=7eed8dc2-ebc4-49da-951a-9990a8cef519] Adding new dynamic property: PropertyDescriptor[simple]
[pool-4029-thread-1] INFO org.apache.nifi.processors.standard.RouteText - RouteText[id=7eed8dc2-ebc4-49da-951a-9990a8cef519] Created FlowFile[3415,94824542598858.mockFlowFile,24B] from FlowFile[3414,94824542598858.mockFlowFile,24B]; routing to relationship simple
[pool-4029-thread-1] INFO org.apache.nifi.processors.standard.RouteText - RouteText[id=7eed8dc2-ebc4-49da-951a-9990a8cef519] Routing FlowFile[3414,94824542598858.mockFlowFile,24B] to original
[main] DEBUG org.apache.nifi.processors.standard.RouteText - RouteText[id=7eed8dc2-ebc4-49da-951a-9990a8cef519] Adding new dynamic property: PropertyDescriptor[simple]
[pool-4030-thread-1] INFO org.apache.nifi.processors.standard.RouteText - RouteText[id=7eed8dc2-ebc4-49da-951a-9990a8cef519] Created FlowFile[3417,94824543021683.mockFlowFile,24B] from FlowFile[3416,94824543021683.mockFlowFile,24B]; routing to relationship simple
[pool-4030-thread-1] INFO org.apache.nifi.processors.standard.RouteText - RouteText[id=7eed8dc2-ebc4-49da-951a-9990a8cef519] Routing FlowFile[3416,94824543021683.mockFlowFile,24B] to original
[main] DEBUG org.apache.nifi.processors.standard.RouteText - RouteText[id=7eed8dc2-ebc4-49da-951a-9990a8cef519] Adding new dynamic property: PropertyDescriptor[simple]
[pool-4031-thread-1] INFO org.apache.nifi.processors.standard.RouteText - RouteText[id=7eed8dc2-ebc4-49da-951a-9990a8cef519] Created FlowFile[3419,94824543453521.mockFlowFile,24B] from FlowFile[3418,94824543453521.mockFlowFile,24B]; routing to relationship simple
[pool-4031-thread-1] INFO org.apache.nifi.processors.standard.RouteText - RouteText[id=7eed8dc2-ebc4-49da-951a-9990a8cef519] Routing FlowFile[3418,94824543453521.mockFlowFile,24B] to original
[main] DEBUG org.apache.nifi.processors.standard.RouteText - RouteText[id=7eed8dc2-ebc4-49da-951a-9990a8cef519] Adding new dynamic property: PropertyDescriptor[simple]
[pool-4032-thread-1] INFO org.apache.nifi.processors.standard.RouteText - RouteText[id=7eed8dc2-ebc4-49da-951a-9990a8cef519] Created FlowFile[3421,94824543878042.mockFlowFile,24B] from FlowFile[3420,94824543878042.mockFlowFile,24B]; routing to relationship simple
[pool-4032-thread-1] INFO org.apache.nifi.processors.standard.RouteText - RouteText[id=7eed8dc2-ebc4-49da-951a-9990a8cef519] Routing FlowFile[3420,94824543878042.mockFlowFile,24B] to original
[main] DEBUG org.apache.nifi.processors.standard.RouteText - RouteText[id=7eed8dc2-ebc4-49da-951a-9990a8cef519] Adding new dynamic property: PropertyDescriptor[simple]
[pool-4033-thread-1] INFO org.apache.nifi.processors.standard.RouteText - RouteText[id=7eed8dc2-ebc4-49da-951a-9990a8cef519] Created FlowFile[3423,94824544400184.mockFlowFile,24B] from FlowFile[3422,94824544400184.mockFlowFile,24B]; routing to relationship simple
[pool-4033-thread-1] INFO org.apache.nifi.processors.standard.RouteText - RouteText[id=7eed8dc2-ebc4-49da-951a-9990a8cef519] Routing FlowFile[3422,94824544400184.mockFlowFile,24B] to original
[main] DEBUG org.apache.nifi.processors.standard.RouteText - RouteText[id=7eed8dc2-ebc4-49da-951a-9990a8cef519] Adding new dynamic property: PropertyDescriptor[simple]
[pool-4034-thread-1] INFO org.apache.nifi.processors.standard.RouteText - RouteText[id=7eed8dc2-ebc4-49da-951a-9990a8cef519] Created FlowFile[3425,94824544818990.mockFlowFile,24B] from FlowFile[3424,94824544818990.mockFlowFile,24B]; routing to relationship simple
[pool-4034-thread-1] INFO org.apache.nifi.processors.standard.RouteText - RouteText[id=7eed8dc2-ebc4-49da-951a-9990a8cef519] Routing FlowFile[3424,94824544818990.mockFlowFile,24B] to original
[main] DEBUG org.apache.nifi.processors.standard.RouteText - RouteText[id=7eed8dc2-ebc4-49da-951a-9990a8cef519] Adding new dynamic property: PropertyDescriptor[simple]
[pool-4035-thread-1] INFO org.apache.nifi.processors.standard.RouteText - RouteText[id=7eed8dc2-ebc4-49da-951a-9990a8cef519] Created FlowFile[3427,94824545236076.mockFlowFile,24B] from FlowFile[3426,94824545236076.mockFlowFile,24B]; routing to relationship simple
[pool-4035-thread-1] INFO org.apache.nifi.processors.standard.RouteText - RouteText[id=7eed8dc2-ebc4-49da-951a-9990a8cef519] Routing FlowFile[3426,94824545236076.mockFlowFile,24B] to original
[main] DEBUG org.apache.nifi.processors.standard.RouteText - RouteText[id=7eed8dc2-ebc4-49da-951a-9990a8cef519] Adding new dynamic property: PropertyDescriptor[simple]
[pool-4036-thread-1] INFO org.apache.nifi.processors.standard.RouteText - RouteText[id=7eed8dc2-ebc4-49da-951a-9990a8cef519] Created FlowFile[3429,94824545658992.mockFlowFile,24B] from FlowFile[3428,94824545658992.mockFlowFile,24B]; routing to relationship simple
[pool-4036-thread-1] INFO org.apache.nifi.processors.standard.RouteText - RouteText[id=7eed8dc2-ebc4-49da-951a-9990a8cef519] Routing FlowFile[3428,94824545658992.mockFlowFile,24B] to original
[main] DEBUG org.apache.nifi.processors.standard.RouteText - RouteText[id=7eed8dc2-ebc4-49da-951a-9990a8cef519] Adding new dynamic property: PropertyDescriptor[simple]
[pool-4037-thread-1] INFO org.apache.nifi.processors.standard.RouteText - RouteText[id=7eed8dc2-ebc4-49da-951a-9990a8cef519] Created FlowFile[3431,94824546091460.mockFlowFile,24B] from FlowFile[3430,94824546091460.mockFlowFile,24B]; routing to relationship simple
[pool-4037-thread-1] INFO org.apache.nifi.processors.standard.RouteText - RouteText[id=7eed8dc2-ebc4-49da-951a-9990a8cef519] Routing FlowFile[3430,94824546091460.mockFlowFile,24B] to original
[main] DEBUG org.apache.nifi.processors.standard.RouteText - RouteText[id=7eed8dc2-ebc4-49da-951a-9990a8cef519] Adding new dynamic property: PropertyDescriptor[simple]
[pool-4038-thread-1] INFO org.apache.nifi.processors.standard.RouteText - RouteText[id=7eed8dc2-ebc4-49da-951a-9990a8cef519] Created FlowFile[3433,94824546510924.mockFlowFile,24B] from FlowFile[3432,94824546510924.mockFlowFile,24B]; routing to relationship simple
[pool-4038-thread-1] INFO org.apache.nifi.processors.standard.RouteText - RouteText[id=7eed8dc2-ebc4-49da-951a-9990a8cef519] Routing FlowFile[3432,94824546510924.mockFlowFile,24B] to original
[main] DEBUG org.apache.nifi.processors.standard.RouteText - RouteText[id=7eed8dc2-ebc4-49da-951a-9990a8cef519] Adding new dynamic property: PropertyDescriptor[simple]
[pool-4039-thread-1] INFO org.apache.nifi.processors.standard.RouteText - RouteText[id=7eed8dc2-ebc4-49da-951a-9990a8cef519] Created FlowFile[3435,94824546904117.mockFlowFile,24B] from FlowFile[3434,94824546904117.mockFlowFile,24B]; routing to relationship simple
[pool-4039-thread-1] INFO org.apache.nifi.processors.standard.RouteText - RouteText[id=7eed8dc2-ebc4-49da-951a-9990a8cef519] Routing FlowFile[3434,94824546904117.mockFlowFile,24B] to original
[main] DEBUG org.apache.nifi.processors.standard.RouteText - RouteText[id=7eed8dc2-ebc4-49da-951a-9990a8cef519] Adding new dynamic property: PropertyDescriptor[simple]
[pool-4040-thread-1] INFO org.apache.nifi.processors.standard.RouteText - RouteText[id=7eed8dc2-ebc4-49da-951a-9990a8cef519] Created FlowFile[3437,94824547284672.mockFlowFile,24B] from FlowFile[3436,94824547284672.mockFlowFile,24B]; routing to relationship simple
[pool-4040-thread-1] INFO org.apache.nifi.processors.standard.RouteText - RouteText[id=7eed8dc2-ebc4-49da-951a-9990a8cef519] Routing FlowFile[3436,94824547284672.mockFlowFile,24B] to original
[main] DEBUG org.apache.nifi.processors.standard.RouteText - RouteText[id=7eed8dc2-ebc4-49da-951a-9990a8cef519] Adding new dynamic property: PropertyDescriptor[simple]
[pool-4041-thread-1] INFO org.apache.nifi.processors.standard.RouteText - RouteText[id=7eed8dc2-ebc4-49da-951a-9990a8cef519] Created FlowFile[3439,94824547692236.mockFlowFile,24B] from FlowFile[3438,94824547692236.mockFlowFile,24B]; routing to relationship simple
[pool-4041-thread-1] INFO org.apache.nifi.processors.standard.RouteText - RouteText[id=7eed8dc2-ebc4-49da-951a-9990a8cef519] Routing FlowFile[3438,94824547692236.mockFlowFile,24B] to original
[main] DEBUG org.apache.nifi.processors.standard.RouteText - RouteText[id=7eed8dc2-ebc4-49da-951a-9990a8cef519] Adding new dynamic property: PropertyDescriptor[simple]
[pool-4042-thread-1] INFO org.apache.nifi.processors.standard.RouteText - RouteText[id=7eed8dc2-ebc4-49da-951a-9990a8cef519] Created FlowFile[3441,94824548123545.mockFlowFile,24B] from FlowFile[3440,94824548123545.mockFlowFile,24B]; routing to relationship simple
[pool-4042-thread-1] INFO org.apache.nifi.processors.standard.RouteText - RouteText[id=7eed8dc2-ebc4-49da-951a-9990a8cef519] Routing FlowFile[3440,94824548123545.mockFlowFile,24B] to original
[main] DEBUG org.apache.nifi.processors.standard.RouteText - RouteText[id=7eed8dc2-ebc4-49da-951a-9990a8cef519] Adding new dynamic property: PropertyDescriptor[simple]
[pool-4043-thread-1] INFO org.apache.nifi.processors.standard.RouteText - RouteText[id=7eed8dc2-ebc4-49da-951a-9990a8cef519] Created FlowFile[3443,94824548538946.mockFlowFile,24B] from FlowFile[3442,94824548538946.mockFlowFile,24B]; routing to relationship simple
[pool-4043-thread-1] INFO org.apache.nifi.processors.standard.RouteText - RouteText[id=7eed8dc2-ebc4-49da-951a-9990a8cef519] Routing FlowFile[3442,94824548538946.mockFlowFile,24B] to original
[main] DEBUG org.apache.nifi.processors.standard.RouteText - RouteText[id=7eed8dc2-ebc4-49da-951a-9990a8cef519] Adding new dynamic property: PropertyDescriptor[simple]
[pool-4044-thread-1] INFO org.apache.nifi.processors.standard.RouteText - RouteText[id=7eed8dc2-ebc4-49da-951a-9990a8cef519] Created FlowFile[3445,94824548956042.mockFlowFile,24B] from FlowFile[3444,94824548956042.mockFlowFile,24B]; routing to relationship simple
[pool-4044-thread-1] INFO org.apache.nifi.processors.standard.RouteText - RouteText[id=7eed8dc2-ebc4-49da-951a-9990a8cef519] Routing FlowFile[3444,94824548956042.mockFlowFile,24B] to original
[main] DEBUG org.apache.nifi.processors.standard.RouteText - RouteText[id=7eed8dc2-ebc4-49da-951a-9990a8cef519] Adding new dynamic property: PropertyDescriptor[simple]
[pool-4045-thread-1] INFO org.apache.nifi.processors.standard.RouteText - RouteText[id=7eed8dc2-ebc4-49da-951a-9990a8cef519] Created FlowFile[3447,94824549541458.mockFlowFile,24B] from FlowFile[3446,94824549541458.mockFlowFile,24B]; routing to relationship simple
[pool-4045-thread-1] INFO org.apache.nifi.processors.standard.RouteText - RouteText[id=7eed8dc2-ebc4-49da-951a-9990a8cef519] Routing FlowFile[3446,94824549541458.mockFlowFile,24B] to original
[main] DEBUG org.apache.nifi.processors.standard.RouteText - RouteText[id=7eed8dc2-ebc4-49da-951a-9990a8cef519] Adding new dynamic property: PropertyDescriptor[simple]
[pool-4046-thread-1] INFO org.apache.nifi.processors.standard.RouteText - RouteText[id=7eed8dc2-ebc4-49da-951a-9990a8cef519] Created FlowFile[3449,94824550068957.mockFlowFile,24B] from FlowFile[3448,94824550068957.mockFlowFile,24B]; routing to relationship simple
[pool-4046-thread-1] INFO org.apache.nifi.processors.standard.RouteText - RouteText[id=7eed8dc2-ebc4-49da-951a-9990a8cef519] Routing FlowFile[3448,94824550068957.mockFlowFile,24B] to original
[main] DEBUG org.apache.nifi.processors.standard.RouteText - RouteText[id=7eed8dc2-ebc4-49da-951a-9990a8cef519] Adding new dynamic property: PropertyDescriptor[simple]
[pool-4047-thread-1] INFO org.apache.nifi.processors.standard.RouteText - RouteText[id=7eed8dc2-ebc4-49da-951a-9990a8cef519] Created FlowFile[3451,94824550553038.mockFlowFile,24B] from FlowFile[3450,94824550553038.mockFlowFile,24B]; routing to relationship simple
[pool-4047-thread-1] INFO org.apache.nifi.processors.standard.RouteText - RouteText[id=7eed8dc2-ebc4-49da-951a-9990a8cef519] Routing FlowFile[3450,94824550553038.mockFlowFile,24B] to original
[main] DEBUG org.apache.nifi.processors.standard.RouteText - RouteText[id=7eed8dc2-ebc4-49da-951a-9990a8cef519] Adding new dynamic property: PropertyDescriptor[simple]
[pool-4048-thread-1] INFO org.apache.nifi.processors.standard.RouteText - RouteText[id=7eed8dc2-ebc4-49da-951a-9990a8cef519] Created FlowFile[3453,94824551000067.mockFlowFile,24B] from FlowFile[3452,94824551000067.mockFlowFile,24B]; routing to relationship simple
[pool-4048-thread-1] INFO org.apache.nifi.processors.standard.RouteText - RouteText[id=7eed8dc2-ebc4-49da-951a-9990a8cef519] Routing FlowFile[3452,94824551000067.mockFlowFile,24B] to original
[main] DEBUG org.apache.nifi.processors.standard.RouteText - RouteText[id=7eed8dc2-ebc4-49da-951a-9990a8cef519] Adding new dynamic property: PropertyDescriptor[simple]
[pool-4049-thread-1] INFO org.apache.nifi.processors.standard.RouteText - RouteText[id=7eed8dc2-ebc4-49da-951a-9990a8cef519] Created FlowFile[3455,94824551425335.mockFlowFile,24B] from FlowFile[3454,94824551425335.mockFlowFile,24B]; routing to relationship simple
[pool-4049-thread-1] INFO org.apache.nifi.processors.standard.RouteText - RouteText[id=7eed8dc2-ebc4-49da-951a-9990a8cef519] Routing FlowFile[3454,94824551425335.mockFlowFile,24B] to original
[main] DEBUG org.apache.nifi.processors.standard.RouteText - RouteText[id=7eed8dc2-ebc4-49da-951a-9990a8cef519] Adding new dynamic property: PropertyDescriptor[simple]
[pool-4050-thread-1] INFO org.apache.nifi.processors.standard.RouteText - RouteText[id=7eed8dc2-ebc4-49da-951a-9990a8cef519] Created FlowFile[3457,94824551849066.mockFlowFile,24B] from FlowFile[3456,94824551849066.mockFlowFile,24B]; routing to relationship simple
[pool-4050-thread-1] INFO org.apache.nifi.processors.standard.RouteText - RouteText[id=7eed8dc2-ebc4-49da-951a-9990a8cef519] Routing FlowFile[3456,94824551849066.mockFlowFile,24B] to original
[main] DEBUG org.apache.nifi.processors.standard.RouteText - RouteText[id=7eed8dc2-ebc4-49da-951a-9990a8cef519] Adding new dynamic property: PropertyDescriptor[simple]
[pool-4051-thread-1] INFO org.apache.nifi.processors.standard.RouteText - RouteText[id=7eed8dc2-ebc4-49da-951a-9990a8cef519] Created FlowFile[3459,94824552266670.mockFlowFile,24B] from FlowFile[3458,94824552266670.mockFlowFile,24B]; routing to relationship simple
[pool-4051-thread-1] INFO org.apache.nifi.processors.standard.RouteText - RouteText[id=7eed8dc2-ebc4-49da-951a-9990a8cef519] Routing FlowFile[3458,94824552266670.mockFlowFile,24B] to original
[main] DEBUG org.apache.nifi.processors.standard.RouteText - RouteText[id=7eed8dc2-ebc4-49da-951a-9990a8cef519] Adding new dynamic property: PropertyDescriptor[simple]
[pool-4052-thread-1] INFO org.apache.nifi.processors.standard.RouteText - RouteText[id=7eed8dc2-ebc4-49da-951a-9990a8cef519] Created FlowFile[3461,94824552660079.mockFlowFile,24B] from FlowFile[3460,94824552660079.mockFlowFile,24B]; routing to relationship simple
[pool-4052-thread-1] INFO org.apache.nifi.processors.standard.RouteText - RouteText[id=7eed8dc2-ebc4-49da-951a-9990a8cef519] Routing FlowFile[3460,94824552660079.mockFlowFile,24B] to original
[main] DEBUG org.apache.nifi.processors.standard.RouteText - RouteText[id=7eed8dc2-ebc4-49da-951a-9990a8cef519] Adding new dynamic property: PropertyDescriptor[simple]
[pool-4053-thread-1] INFO org.apache.nifi.processors.standard.RouteText - RouteText[id=7eed8dc2-ebc4-49da-951a-9990a8cef519] Created FlowFile[3463,94824553053854.mockFlowFile,24B] from FlowFile[3462,94824553053854.mockFlowFile,24B]; routing to relationship simple
[pool-4053-thread-1] INFO org.apache.nifi.processors.standard.RouteText - RouteText[id=7eed8dc2-ebc4-49da-951a-9990a8cef519] Routing FlowFile[3462,94824553053854.mockFlowFile,24B] to original
[main] DEBUG org.apache.nifi.processors.standard.RouteText - RouteText[id=7eed8dc2-ebc4-49da-951a-9990a8cef519] Adding new dynamic property: PropertyDescriptor[simple]
[pool-4054-thread-1] INFO org.apache.nifi.processors.standard.RouteText - RouteText[id=7eed8dc2-ebc4-49da-951a-9990a8cef519] Created FlowFile[3465,94824553441609.mockFlowFile,24B] from FlowFile[3464,94824553441609.mockFlowFile,24B]; routing to relationship simple
[pool-4054-thread-1] INFO org.apache.nifi.processors.standard.RouteText - RouteText[id=7eed8dc2-ebc4-49da-951a-9990a8cef519] Routing FlowFile[3464,94824553441609.mockFlowFile,24B] to original
[main] DEBUG org.apache.nifi.processors.standard.RouteText - RouteText[id=7eed8dc2-ebc4-49da-951a-9990a8cef519] Adding new dynamic property: PropertyDescriptor[simple]
[pool-4055-thread-1] INFO org.apache.nifi.processors.standard.RouteText - RouteText[id=7eed8dc2-ebc4-49da-951a-9990a8cef519] Created FlowFile[3467,94824553821637.mockFlowFile,24B] from FlowFile[3466,94824553821637.mockFlowFile,24B]; routing to relationship simple
[pool-4055-thread-1] INFO org.apache.nifi.processors.standard.RouteText - RouteText[id=7eed8dc2-ebc4-49da-951a-9990a8cef519] Routing FlowFile[3466,94824553821637.mockFlowFile,24B] to original
[main] DEBUG org.apache.nifi.processors.standard.RouteText - RouteText[id=7eed8dc2-ebc4-49da-951a-9990a8cef519] Adding new dynamic property: PropertyDescriptor[simple]
[pool-4056-thread-1] INFO org.apache.nifi.processors.standard.RouteText - RouteText[id=7eed8dc2-ebc4-49da-951a-9990a8cef519] Created FlowFile[3469,94824554193649.mockFlowFile,24B] from FlowFile[3468,94824554193649.mockFlowFile,24B]; routing to relationship simple
[pool-4056-thread-1] INFO org.apache.nifi.processors.standard.RouteText - RouteText[id=7eed8dc2-ebc4-49da-951a-9990a8cef519] Routing FlowFile[3468,94824554193649.mockFlowFile,24B] to original
[main] DEBUG org.apache.nifi.processors.standard.RouteText - RouteText[id=7eed8dc2-ebc4-49da-951a-9990a8cef519] Adding new dynamic property: PropertyDescriptor[simple]
[pool-4057-thread-1] INFO org.apache.nifi.processors.standard.RouteText - RouteText[id=7eed8dc2-ebc4-49da-951a-9990a8cef519] Created FlowFile[3471,94824554566520.mockFlowFile,24B] from FlowFile[3470,94824554566520.mockFlowFile,24B]; routing to relationship simple
[pool-4057-thread-1] INFO org.apache.nifi.processors.standard.RouteText - RouteText[id=7eed8dc2-ebc4-49da-951a-9990a8cef519] Routing FlowFile[3470,94824554566520.mockFlowFile,24B] to original
[main] DEBUG org.apache.nifi.processors.standard.RouteText - RouteText[id=7eed8dc2-ebc4-49da-951a-9990a8cef519] Adding new dynamic property: PropertyDescriptor[simple]
[pool-4058-thread-1] INFO org.apache.nifi.processors.standard.RouteText - RouteText[id=7eed8dc2-ebc4-49da-951a-9990a8cef519] Created FlowFile[3473,94824554995952.mockFlowFile,24B] from FlowFile[3472,94824554995952.mockFlowFile,24B]; routing to relationship simple
[pool-4058-thread-1] INFO org.apache.nifi.processors.standard.RouteText - RouteText[id=7eed8dc2-ebc4-49da-951a-9990a8cef519] Routing FlowFile[3472,94824554995952.mockFlowFile,24B] to original
[main] DEBUG org.apache.nifi.processors.standard.RouteText - RouteText[id=7eed8dc2-ebc4-49da-951a-9990a8cef519] Adding new dynamic property: PropertyDescriptor[simple]
[pool-4059-thread-1] INFO org.apache.nifi.processors.standard.RouteText - RouteText[id=7eed8dc2-ebc4-49da-951a-9990a8cef519] Created FlowFile[3475,94824555518841.mockFlowFile,24B] from FlowFile[3474,94824555518841.mockFlowFile,24B]; routing to relationship simple
[pool-4059-thread-1] INFO org.apache.nifi.processors.standard.RouteText - RouteText[id=7eed8dc2-ebc4-49da-951a-9990a8cef519] Routing FlowFile[3474,94824555518841.mockFlowFile,24B] to original
[main] DEBUG org.apache.nifi.processors.standard.RouteText - RouteText[id=7eed8dc2-ebc4-49da-951a-9990a8cef519] Adding new dynamic property: PropertyDescriptor[simple]
[pool-4060-thread-1] INFO org.apache.nifi.processors.standard.RouteText - RouteText[id=7eed8dc2-ebc4-49da-951a-9990a8cef519] Created FlowFile[3477,94824555933777.mockFlowFile,24B] from FlowFile[3476,94824555933777.mockFlowFile,24B]; routing to relationship simple
[pool-4060-thread-1] INFO org.apache.nifi.processors.standard.RouteText - RouteText[id=7eed8dc2-ebc4-49da-951a-9990a8cef519] Routing FlowFile[3476,94824555933777.mockFlowFile,24B] to original
[main] DEBUG org.apache.nifi.processors.standard.RouteText - RouteText[id=7eed8dc2-ebc4-49da-951a-9990a8cef519] Adding new dynamic property: PropertyDescriptor[simple]
[pool-4061-thread-1] INFO org.apache.nifi.processors.standard.RouteText - RouteText[id=7eed8dc2-ebc4-49da-951a-9990a8cef519] Created FlowFile[3479,94824556419417.mockFlowFile,24B] from FlowFile[3478,94824556419417.mockFlowFile,24B]; routing to relationship simple
[pool-4061-thread-1] INFO org.apache.nifi.processors.standard.RouteText - RouteText[id=7eed8dc2-ebc4-49da-951a-9990a8cef519] Routing FlowFile[3478,94824556419417.mockFlowFile,24B] to original
[main] DEBUG org.apache.nifi.processors.standard.RouteText - RouteText[id=7eed8dc2-ebc4-49da-951a-9990a8cef519] Adding new dynamic property: PropertyDescriptor[simple]
[pool-4062-thread-1] INFO org.apache.nifi.processors.standard.RouteText - RouteText[id=7eed8dc2-ebc4-49da-951a-9990a8cef519] Created FlowFile[3481,94824556881189.mockFlowFile,24B] from FlowFile[3480,94824556881189.mockFlowFile,24B]; routing to relationship simple
[pool-4062-thread-1] INFO org.apache.nifi.processors.standard.RouteText - RouteText[id=7eed8dc2-ebc4-49da-951a-9990a8cef519] Routing FlowFile[3480,94824556881189.mockFlowFile,24B] to original
[main] DEBUG org.apache.nifi.processors.standard.RouteText - RouteText[id=7eed8dc2-ebc4-49da-951a-9990a8cef519] Adding new dynamic property: PropertyDescriptor[simple]
[pool-4063-thread-1] INFO org.apache.nifi.processors.standard.RouteText - RouteText[id=7eed8dc2-ebc4-49da-951a-9990a8cef519] Created FlowFile[3483,94824557252377.mockFlowFile,24B] from FlowFile[3482,94824557252377.mockFlowFile,24B]; routing to relationship simple
[pool-4063-thread-1] INFO org.apache.nifi.processors.standard.RouteText - RouteText[id=7eed8dc2-ebc4-49da-951a-9990a8cef519] Routing FlowFile[3482,94824557252377.mockFlowFile,24B] to original
[main] DEBUG org.apache.nifi.processors.standard.RouteText - RouteText[id=7eed8dc2-ebc4-49da-951a-9990a8cef519] Adding new dynamic property: PropertyDescriptor[simple]
[pool-4064-thread-1] INFO org.apache.nifi.processors.standard.RouteText - RouteText[id=7eed8dc2-ebc4-49da-951a-9990a8cef519] Created FlowFile[3485,94824557620394.mockFlowFile,24B] from FlowFile[3484,94824557620394.mockFlowFile,24B]; routing to relationship simple
[pool-4064-thread-1] INFO org.apache.nifi.processors.standard.RouteText - RouteText[id=7eed8dc2-ebc4-49da-951a-9990a8cef519] Routing FlowFile[3484,94824557620394.mockFlowFile,24B] to original
[main] DEBUG org.apache.nifi.processors.standard.RouteText - RouteText[id=7eed8dc2-ebc4-49da-951a-9990a8cef519] Adding new dynamic property: PropertyDescriptor[simple]
[pool-4065-thread-1] INFO org.apache.nifi.processors.standard.RouteText - RouteText[id=7eed8dc2-ebc4-49da-951a-9990a8cef519] Created FlowFile[3487,94824557986018.mockFlowFile,24B] from FlowFile[3486,94824557986018.mockFlowFile,24B]; routing to relationship simple
[pool-4065-thread-1] INFO org.apache.nifi.processors.standard.RouteText - RouteText[id=7eed8dc2-ebc4-49da-951a-9990a8cef519] Routing FlowFile[3486,94824557986018.mockFlowFile,24B] to original
[main] DEBUG org.apache.nifi.processors.standard.RouteText - RouteText[id=7eed8dc2-ebc4-49da-951a-9990a8cef519] Adding new dynamic property: PropertyDescriptor[simple]
[pool-4066-thread-1] INFO org.apache.nifi.processors.standard.RouteText - RouteText[id=7eed8dc2-ebc4-49da-951a-9990a8cef519] Created FlowFile[3489,94824558352554.mockFlowFile,24B] from FlowFile[3488,94824558352554.mockFlowFile,24B]; routing to relationship simple
[pool-4066-thread-1] INFO org.apache.nifi.processors.standard.RouteText - RouteText[id=7eed8dc2-ebc4-49da-951a-9990a8cef519] Routing FlowFile[3488,94824558352554.mockFlowFile,24B] to original
[main] DEBUG org.apache.nifi.processors.standard.RouteText - RouteText[id=7eed8dc2-ebc4-49da-951a-9990a8cef519] Adding new dynamic property: PropertyDescriptor[simple]
[pool-4067-thread-1] INFO org.apache.nifi.processors.standard.RouteText - RouteText[id=7eed8dc2-ebc4-49da-951a-9990a8cef519] Created FlowFile[3491,94824558716799.mockFlowFile,24B] from FlowFile[3490,94824558716799.mockFlowFile,24B]; routing to relationship simple
[pool-4067-thread-1] INFO org.apache.nifi.processors.standard.RouteText - RouteText[id=7eed8dc2-ebc4-49da-951a-9990a8cef519] Routing FlowFile[3490,94824558716799.mockFlowFile,24B] to original
[main] DEBUG org.apache.nifi.processors.standard.RouteText - RouteText[id=7eed8dc2-ebc4-49da-951a-9990a8cef519] Adding new dynamic property: PropertyDescriptor[simple]
[pool-4068-thread-1] INFO org.apache.nifi.processors.standard.RouteText - RouteText[id=7eed8dc2-ebc4-49da-951a-9990a8cef519] Created FlowFile[3493,94824559095573.mockFlowFile,24B] from FlowFile[3492,94824559095573.mockFlowFile,24B]; routing to relationship simple
[pool-4068-thread-1] INFO org.apache.nifi.processors.standard.RouteText - RouteText[id=7eed8dc2-ebc4-49da-951a-9990a8cef519] Routing FlowFile[3492,94824559095573.mockFlowFile,24B] to original
[main] DEBUG org.apache.nifi.processors.standard.RouteText - RouteText[id=7eed8dc2-ebc4-49da-951a-9990a8cef519] Adding new dynamic property: PropertyDescriptor[simple]
[pool-4069-thread-1] INFO org.apache.nifi.processors.standard.RouteText - RouteText[id=7eed8dc2-ebc4-49da-951a-9990a8cef519] Created FlowFile[3495,94824559608965.mockFlowFile,24B] from FlowFile[3494,94824559608965.mockFlowFile,24B]; routing to relationship simple
[pool-4069-thread-1] INFO org.apache.nifi.processors.standard.RouteText - RouteText[id=7eed8dc2-ebc4-49da-951a-9990a8cef519] Routing FlowFile[3494,94824559608965.mockFlowFile,24B] to original
[main] DEBUG org.apache.nifi.processors.standard.RouteText - RouteText[id=7eed8dc2-ebc4-49da-951a-9990a8cef519] Adding new dynamic property: PropertyDescriptor[simple]
[pool-4070-thread-1] INFO org.apache.nifi.processors.standard.RouteText - RouteText[id=7eed8dc2-ebc4-49da-951a-9990a8cef519] Created FlowFile[3497,94824560095798.mockFlowFile,24B] from FlowFile[3496,94824560095798.mockFlowFile,24B]; routing to relationship simple
[pool-4070-thread-1] INFO org.apache.nifi.processors.standard.RouteText - RouteText[id=7eed8dc2-ebc4-49da-951a-9990a8cef519] Routing FlowFile[3496,94824560095798.mockFlowFile,24B] to original
[main] DEBUG org.apache.nifi.processors.standard.RouteText - RouteText[id=7eed8dc2-ebc4-49da-951a-9990a8cef519] Adding new dynamic property: PropertyDescriptor[simple]
[pool-4071-thread-1] INFO org.apache.nifi.processors.standard.RouteText - RouteText[id=7eed8dc2-ebc4-49da-951a-9990a8cef519] Created FlowFile[3499,94824560575499.mockFlowFile,24B] from FlowFile[3498,94824560575499.mockFlowFile,24B]; routing to relationship simple
[pool-4071-thread-1] INFO org.apache.nifi.processors.standard.RouteText - RouteText[id=7eed8dc2-ebc4-49da-951a-9990a8cef519] Routing FlowFile[3498,94824560575499.mockFlowFile,24B] to original
[main] DEBUG org.apache.nifi.processors.standard.RouteText - RouteText[id=7eed8dc2-ebc4-49da-951a-9990a8cef519] Adding new dynamic property: PropertyDescriptor[simple]
[pool-4072-thread-1] INFO org.apache.nifi.processors.standard.RouteText - RouteText[id=7eed8dc2-ebc4-49da-951a-9990a8cef519] Created FlowFile[3501,94824561030473.mockFlowFile,24B] from FlowFile[3500,94824561030473.mockFlowFile,24B]; routing to relationship simple
[pool-4072-thread-1] INFO org.apache.nifi.processors.standard.RouteText - RouteText[id=7eed8dc2-ebc4-49da-951a-9990a8cef519] Routing FlowFile[3500,94824561030473.mockFlowFile,24B] to original
[main] DEBUG org.apache.nifi.processors.standard.RouteText - RouteText[id=7eed8dc2-ebc4-49da-951a-9990a8cef519] Adding new dynamic property: PropertyDescriptor[simple]
[pool-4073-thread-1] INFO org.apache.nifi.processors.standard.RouteText - RouteText[id=7eed8dc2-ebc4-49da-951a-9990a8cef519] Created FlowFile[3503,94824561471356.mockFlowFile,24B] from FlowFile[3502,94824561471356.mockFlowFile,24B]; routing to relationship simple
[pool-4073-thread-1] INFO org.apache.nifi.processors.standard.RouteText - RouteText[id=7eed8dc2-ebc4-49da-951a-9990a8cef519] Routing FlowFile[3502,94824561471356.mockFlowFile,24B] to original
[main] DEBUG org.apache.nifi.processors.standard.RouteText - RouteText[id=7eed8dc2-ebc4-49da-951a-9990a8cef519] Adding new dynamic property: PropertyDescriptor[simple]
[pool-4074-thread-1] INFO org.apache.nifi.processors.standard.RouteText - RouteText[id=7eed8dc2-ebc4-49da-951a-9990a8cef519] Created FlowFile[3505,94824561870785.mockFlowFile,24B] from FlowFile[3504,94824561870785.mockFlowFile,24B]; routing to relationship simple
[pool-4074-thread-1] INFO org.apache.nifi.processors.standard.RouteText - RouteText[id=7eed8dc2-ebc4-49da-951a-9990a8cef519] Routing FlowFile[3504,94824561870785.mockFlowFile,24B] to original
[main] DEBUG org.apache.nifi.processors.standard.RouteText - RouteText[id=7eed8dc2-ebc4-49da-951a-9990a8cef519] Adding new dynamic property: PropertyDescriptor[simple]
[pool-4075-thread-1] INFO org.apache.nifi.processors.standard.RouteText - RouteText[id=7eed8dc2-ebc4-49da-951a-9990a8cef519] Created FlowFile[3507,94824562302571.mockFlowFile,24B] from FlowFile[3506,94824562302571.mockFlowFile,24B]; routing to relationship simple
[pool-4075-thread-1] INFO org.apache.nifi.processors.standard.RouteText - RouteText[id=7eed8dc2-ebc4-49da-951a-9990a8cef519] Routing FlowFile[3506,94824562302571.mockFlowFile,24B] to original
[main] DEBUG org.apache.nifi.processors.standard.RouteText - RouteText[id=7eed8dc2-ebc4-49da-951a-9990a8cef519] Adding new dynamic property: PropertyDescriptor[simple]
[pool-4076-thread-1] INFO org.apache.nifi.processors.standard.RouteText - RouteText[id=7eed8dc2-ebc4-49da-951a-9990a8cef519] Created FlowFile[3509,94824562654046.mockFlowFile,24B] from FlowFile[3508,94824562654046.mockFlowFile,24B]; routing to relationship simple
[pool-4076-thread-1] INFO org.apache.nifi.processors.standard.RouteText - RouteText[id=7eed8dc2-ebc4-49da-951a-9990a8cef519] Routing FlowFile[3508,94824562654046.mockFlowFile,24B] to original
[main] DEBUG org.apache.nifi.processors.standard.RouteText - RouteText[id=7eed8dc2-ebc4-49da-951a-9990a8cef519] Adding new dynamic property: PropertyDescriptor[simple]
[pool-4077-thread-1] INFO org.apache.nifi.processors.standard.RouteText - RouteText[id=7eed8dc2-ebc4-49da-951a-9990a8cef519] Created FlowFile[3511,94824562996022.mockFlowFile,24B] from FlowFile[3510,94824562996022.mockFlowFile,24B]; routing to relationship simple
[pool-4077-thread-1] INFO org.apache.nifi.processors.standard.RouteText - RouteText[id=7eed8dc2-ebc4-49da-951a-9990a8cef519] Routing FlowFile[3510,94824562996022.mockFlowFile,24B] to original
[main] DEBUG org.apache.nifi.processors.standard.RouteText - RouteText[id=7eed8dc2-ebc4-49da-951a-9990a8cef519] Adding new dynamic property: PropertyDescriptor[simple]
[pool-4078-thread-1] INFO org.apache.nifi.processors.standard.RouteText - RouteText[id=7eed8dc2-ebc4-49da-951a-9990a8cef519] Created FlowFile[3513,94824563475529.mockFlowFile,24B] from FlowFile[3512,94824563475529.mockFlowFile,24B]; routing to relationship simple
[pool-4078-thread-1] INFO org.apache.nifi.processors.standard.RouteText - RouteText[id=7eed8dc2-ebc4-49da-951a-9990a8cef519] Routing FlowFile[3512,94824563475529.mockFlowFile,24B] to original
[main] DEBUG org.apache.nifi.processors.standard.RouteText - RouteText[id=7eed8dc2-ebc4-49da-951a-9990a8cef519] Adding new dynamic property: PropertyDescriptor[simple]
[pool-4079-thread-1] INFO org.apache.nifi.processors.standard.RouteText - RouteText[id=7eed8dc2-ebc4-49da-951a-9990a8cef519] Created FlowFile[3515,94824563895326.mockFlowFile,24B] from FlowFile[3514,94824563895326.mockFlowFile,24B]; routing to relationship simple
[pool-4079-thread-1] INFO org.apache.nifi.processors.standard.RouteText - RouteText[id=7eed8dc2-ebc4-49da-951a-9990a8cef519] Routing FlowFile[3514,94824563895326.mockFlowFile,24B] to original
[main] DEBUG org.apache.nifi.processors.standard.RouteText - RouteText[id=7eed8dc2-ebc4-49da-951a-9990a8cef519] Adding new dynamic property: PropertyDescriptor[simple]
[pool-4080-thread-1] INFO org.apache.nifi.processors.standard.RouteText - RouteText[id=7eed8dc2-ebc4-49da-951a-9990a8cef519] Created FlowFile[3517,94824564327930.mockFlowFile,24B] from FlowFile[3516,94824564327930.mockFlowFile,24B]; routing to relationship simple
[pool-4080-thread-1] INFO org.apache.nifi.processors.standard.RouteText - RouteText[id=7eed8dc2-ebc4-49da-951a-9990a8cef519] Routing FlowFile[3516,94824564327930.mockFlowFile,24B] to original
[main] DEBUG org.apache.nifi.processors.standard.RouteText - RouteText[id=7eed8dc2-ebc4-49da-951a-9990a8cef519] Adding new dynamic property: PropertyDescriptor[simple]
[pool-4081-thread-1] INFO org.apache.nifi.processors.standard.RouteText - RouteText[id=7eed8dc2-ebc4-49da-951a-9990a8cef519] Created FlowFile[3519,94824564823128.mockFlowFile,24B] from FlowFile[3518,94824564823128.mockFlowFile,24B]; routing to relationship simple
[pool-4081-thread-1] INFO org.apache.nifi.processors.standard.RouteText - RouteText[id=7eed8dc2-ebc4-49da-951a-9990a8cef519] Routing FlowFile[3518,94824564823128.mockFlowFile,24B] to original
[main] DEBUG org.apache.nifi.processors.standard.RouteText - RouteText[id=7eed8dc2-ebc4-49da-951a-9990a8cef519] Adding new dynamic property: PropertyDescriptor[simple]
[pool-4082-thread-1] INFO org.apache.nifi.processors.standard.RouteText - RouteText[id=7eed8dc2-ebc4-49da-951a-9990a8cef519] Created FlowFile[3521,94824565289703.mockFlowFile,24B] from FlowFile[3520,94824565289703.mockFlowFile,24B]; routing to relationship simple
[pool-4082-thread-1] INFO org.apache.nifi.processors.standard.RouteText - RouteText[id=7eed8dc2-ebc4-49da-951a-9990a8cef519] Routing FlowFile[3520,94824565289703.mockFlowFile,24B] to original
[main] DEBUG org.apache.nifi.processors.standard.RouteText - RouteText[id=7eed8dc2-ebc4-49da-951a-9990a8cef519] Adding new dynamic property: PropertyDescriptor[simple]
[pool-4083-thread-1] INFO org.apache.nifi.processors.standard.RouteText - RouteText[id=7eed8dc2-ebc4-49da-951a-9990a8cef519] Created FlowFile[3523,94824565727479.mockFlowFile,24B] from FlowFile[3522,94824565727479.mockFlowFile,24B]; routing to relationship simple
[pool-4083-thread-1] INFO org.apache.nifi.processors.standard.RouteText - RouteText[id=7eed8dc2-ebc4-49da-951a-9990a8cef519] Routing FlowFile[3522,94824565727479.mockFlowFile,24B] to original
[main] DEBUG org.apache.nifi.processors.standard.RouteText - RouteText[id=7eed8dc2-ebc4-49da-951a-9990a8cef519] Adding new dynamic property: PropertyDescriptor[simple]
[pool-4084-thread-1] INFO org.apache.nifi.processors.standard.RouteText - RouteText[id=7eed8dc2-ebc4-49da-951a-9990a8cef519] Created FlowFile[3525,94824566098329.mockFlowFile,24B] from FlowFile[3524,94824566098329.mockFlowFile,24B]; routing to relationship simple
[pool-4084-thread-1] INFO org.apache.nifi.processors.standard.RouteText - RouteText[id=7eed8dc2-ebc4-49da-951a-9990a8cef519] Routing FlowFile[3524,94824566098329.mockFlowFile,24B] to original
[main] DEBUG org.apache.nifi.processors.standard.RouteText - RouteText[id=7eed8dc2-ebc4-49da-951a-9990a8cef519] Adding new dynamic property: PropertyDescriptor[simple]
[pool-4085-thread-1] INFO org.apache.nifi.processors.standard.RouteText - RouteText[id=7eed8dc2-ebc4-49da-951a-9990a8cef519] Created FlowFile[3527,94824566455366.mockFlowFile,24B] from FlowFile[3526,94824566455366.mockFlowFile,24B]; routing to relationship simple
[pool-4085-thread-1] INFO org.apache.nifi.processors.standard.RouteText - RouteText[id=7eed8dc2-ebc4-49da-951a-9990a8cef519] Routing FlowFile[3526,94824566455366.mockFlowFile,24B] to original
[main] DEBUG org.apache.nifi.processors.standard.RouteText - RouteText[id=7eed8dc2-ebc4-49da-951a-9990a8cef519] Adding new dynamic property: PropertyDescriptor[simple]
[pool-4086-thread-1] INFO org.apache.nifi.processors.standard.RouteText - RouteText[id=7eed8dc2-ebc4-49da-951a-9990a8cef519] Created FlowFile[3529,94824566810607.mockFlowFile,24B] from FlowFile[3528,94824566810607.mockFlowFile,24B]; routing to relationship simple
[pool-4086-thread-1] INFO org.apache.nifi.processors.standard.RouteText - RouteText[id=7eed8dc2-ebc4-49da-951a-9990a8cef519] Routing FlowFile[3528,94824566810607.mockFlowFile,24B] to original
[main] DEBUG org.apache.nifi.processors.standard.RouteText - RouteText[id=7eed8dc2-ebc4-49da-951a-9990a8cef519] Adding new dynamic property: PropertyDescriptor[simple]
[pool-4087-thread-1] INFO org.apache.nifi.processors.standard.RouteText - RouteText[id=7eed8dc2-ebc4-49da-951a-9990a8cef519] Created FlowFile[3531,94824567279873.mockFlowFile,24B] from FlowFile[3530,94824567279873.mockFlowFile,24B]; routing to relationship simple
[pool-4087-thread-1] INFO org.apache.nifi.processors.standard.RouteText - RouteText[id=7eed8dc2-ebc4-49da-951a-9990a8cef519] Routing FlowFile[3530,94824567279873.mockFlowFile,24B] to original
[main] DEBUG org.apache.nifi.processors.standard.RouteText - RouteText[id=7eed8dc2-ebc4-49da-951a-9990a8cef519] Adding new dynamic property: PropertyDescriptor[simple]
[pool-4088-thread-1] INFO org.apache.nifi.processors.standard.RouteText - RouteText[id=7eed8dc2-ebc4-49da-951a-9990a8cef519] Created FlowFile[3533,94824567780460.mockFlowFile,24B] from FlowFile[3532,94824567780460.mockFlowFile,24B]; routing to relationship simple
[pool-4088-thread-1] INFO org.apache.nifi.processors.standard.RouteText - RouteText[id=7eed8dc2-ebc4-49da-951a-9990a8cef519] Routing FlowFile[3532,94824567780460.mockFlowFile,24B] to original
[main] DEBUG org.apache.nifi.processors.standard.RouteText - RouteText[id=7eed8dc2-ebc4-49da-951a-9990a8cef519] Adding new dynamic property: PropertyDescriptor[simple]
[pool-4089-thread-1] INFO org.apache.nifi.processors.standard.RouteText - RouteText[id=7eed8dc2-ebc4-49da-951a-9990a8cef519] Created FlowFile[3535,94824568169950.mockFlowFile,24B] from FlowFile[3534,94824568169950.mockFlowFile,24B]; routing to relationship simple
[pool-4089-thread-1] INFO org.apache.nifi.processors.standard.RouteText - RouteText[id=7eed8dc2-ebc4-49da-951a-9990a8cef519] Routing FlowFile[3534,94824568169950.mockFlowFile,24B] to original
[main] DEBUG org.apache.nifi.processors.standard.RouteText - RouteText[id=7eed8dc2-ebc4-49da-951a-9990a8cef519] Adding new dynamic property: PropertyDescriptor[simple]
[pool-4090-thread-1] INFO org.apache.nifi.processors.standard.RouteText - RouteText[id=7eed8dc2-ebc4-49da-951a-9990a8cef519] Created FlowFile[3537,94824568681456.mockFlowFile,24B] from FlowFile[3536,94824568681456.mockFlowFile,24B]; routing to relationship simple
[pool-4090-thread-1] INFO org.apache.nifi.processors.standard.RouteText - RouteText[id=7eed8dc2-ebc4-49da-951a-9990a8cef519] Routing FlowFile[3536,94824568681456.mockFlowFile,24B] to original
[main] DEBUG org.apache.nifi.processors.standard.RouteText - RouteText[id=7eed8dc2-ebc4-49da-951a-9990a8cef519] Adding new dynamic property: PropertyDescriptor[simple]
[pool-4091-thread-1] INFO org.apache.nifi.processors.standard.RouteText - RouteText[id=7eed8dc2-ebc4-49da-951a-9990a8cef519] Created FlowFile[3539,94824569157616.mockFlowFile,24B] from FlowFile[3538,94824569157616.mockFlowFile,24B]; routing to relationship simple
[pool-4091-thread-1] INFO org.apache.nifi.processors.standard.RouteText - RouteText[id=7eed8dc2-ebc4-49da-951a-9990a8cef519] Routing FlowFile[3538,94824569157616.mockFlowFile,24B] to original
[main] DEBUG org.apache.nifi.processors.standard.RouteText - RouteText[id=7eed8dc2-ebc4-49da-951a-9990a8cef519] Adding new dynamic property: PropertyDescriptor[simple]
[pool-4092-thread-1] INFO org.apache.nifi.processors.standard.RouteText - RouteText[id=7eed8dc2-ebc4-49da-951a-9990a8cef519] Created FlowFile[3541,94824569569901.mockFlowFile,24B] from FlowFile[3540,94824569569901.mockFlowFile,24B]; routing to relationship simple
[pool-4092-thread-1] INFO org.apache.nifi.processors.standard.RouteText - RouteText[id=7eed8dc2-ebc4-49da-951a-9990a8cef519] Routing FlowFile[3540,94824569569901.mockFlowFile,24B] to original
[main] DEBUG org.apache.nifi.processors.standard.RouteText - RouteText[id=7eed8dc2-ebc4-49da-951a-9990a8cef519] Adding new dynamic property: PropertyDescriptor[simple]
[pool-4093-thread-1] INFO org.apache.nifi.processors.standard.RouteText - RouteText[id=7eed8dc2-ebc4-49da-951a-9990a8cef519] Created FlowFile[3543,94824569879981.mockFlowFile,24B] from FlowFile[3542,94824569879981.mockFlowFile,24B]; routing to relationship simple
[pool-4093-thread-1] INFO org.apache.nifi.processors.standard.RouteText - RouteText[id=7eed8dc2-ebc4-49da-951a-9990a8cef519] Routing FlowFile[3542,94824569879981.mockFlowFile,24B] to original
[main] DEBUG org.apache.nifi.processors.standard.RouteText - RouteText[id=7eed8dc2-ebc4-49da-951a-9990a8cef519] Adding new dynamic property: PropertyDescriptor[simple]
[pool-4094-thread-1] INFO org.apache.nifi.processors.standard.RouteText - RouteText[id=7eed8dc2-ebc4-49da-951a-9990a8cef519] Created FlowFile[3545,94824570184508.mockFlowFile,24B] from FlowFile[3544,94824570184508.mockFlowFile,24B]; routing to relationship simple
[pool-4094-thread-1] INFO org.apache.nifi.processors.standard.RouteText - RouteText[id=7eed8dc2-ebc4-49da-951a-9990a8cef519] Routing FlowFile[3544,94824570184508.mockFlowFile,24B] to original
[main] DEBUG org.apache.nifi.processors.standard.RouteText - RouteText[id=7eed8dc2-ebc4-49da-951a-9990a8cef519] Adding new dynamic property: PropertyDescriptor[simple]
[pool-4095-thread-1] INFO org.apache.nifi.processors.standard.RouteText - RouteText[id=7eed8dc2-ebc4-49da-951a-9990a8cef519] Created FlowFile[3547,94824570485367.mockFlowFile,24B] from FlowFile[3546,94824570485367.mockFlowFile,24B]; routing to relationship simple
[pool-4095-thread-1] INFO org.apache.nifi.processors.standard.RouteText - RouteText[id=7eed8dc2-ebc4-49da-951a-9990a8cef519] Routing FlowFile[3546,94824570485367.mockFlowFile,24B] to original
[main] DEBUG org.apache.nifi.processors.standard.RouteText - RouteText[id=7eed8dc2-ebc4-49da-951a-9990a8cef519] Adding new dynamic property: PropertyDescriptor[simple]
[pool-4096-thread-1] INFO org.apache.nifi.processors.standard.RouteText - RouteText[id=7eed8dc2-ebc4-49da-951a-9990a8cef519] Created FlowFile[3549,94824570784637.mockFlowFile,24B] from FlowFile[3548,94824570784637.mockFlowFile,24B]; routing to relationship simple
[pool-4096-thread-1] INFO org.apache.nifi.processors.standard.RouteText - RouteText[id=7eed8dc2-ebc4-49da-951a-9990a8cef519] Routing FlowFile[3548,94824570784637.mockFlowFile,24B] to original
[main] DEBUG org.apache.nifi.processors.standard.RouteText - RouteText[id=7eed8dc2-ebc4-49da-951a-9990a8cef519] Adding new dynamic property: PropertyDescriptor[simple]
[pool-4097-thread-1] INFO org.apache.nifi.processors.standard.RouteText - RouteText[id=7eed8dc2-ebc4-49da-951a-9990a8cef519] Created FlowFile[3551,94824571092139.mockFlowFile,24B] from FlowFile[3550,94824571092139.mockFlowFile,24B]; routing to relationship simple
[pool-4097-thread-1] INFO org.apache.nifi.processors.standard.RouteText - RouteText[id=7eed8dc2-ebc4-49da-951a-9990a8cef519] Routing FlowFile[3550,94824571092139.mockFlowFile,24B] to original
[main] DEBUG org.apache.nifi.processors.standard.RouteText - RouteText[id=7eed8dc2-ebc4-49da-951a-9990a8cef519] Adding new dynamic property: PropertyDescriptor[simple]
[pool-4098-thread-1] INFO org.apache.nifi.processors.standard.RouteText - RouteText[id=7eed8dc2-ebc4-49da-951a-9990a8cef519] Created FlowFile[3553,94824571479612.mockFlowFile,24B] from FlowFile[3552,94824571479612.mockFlowFile,24B]; routing to relationship simple
[pool-4098-thread-1] INFO org.apache.nifi.processors.standard.RouteText - RouteText[id=7eed8dc2-ebc4-49da-951a-9990a8cef519] Routing FlowFile[3552,94824571479612.mockFlowFile,24B] to original
[main] DEBUG org.apache.nifi.processors.standard.RouteText - RouteText[id=7eed8dc2-ebc4-49da-951a-9990a8cef519] Adding new dynamic property: PropertyDescriptor[simple]
[pool-4099-thread-1] INFO org.apache.nifi.processors.standard.RouteText - RouteText[id=7eed8dc2-ebc4-49da-951a-9990a8cef519] Created FlowFile[3555,94824571834841.mockFlowFile,24B] from FlowFile[3554,94824571834841.mockFlowFile,24B]; routing to relationship simple
[pool-4099-thread-1] INFO org.apache.nifi.processors.standard.RouteText - RouteText[id=7eed8dc2-ebc4-49da-951a-9990a8cef519] Routing FlowFile[3554,94824571834841.mockFlowFile,24B] to original
[main] DEBUG org.apache.nifi.processors.standard.RouteText - RouteText[id=7eed8dc2-ebc4-49da-951a-9990a8cef519] Adding new dynamic property: PropertyDescriptor[simple]
[pool-4100-thread-1] INFO org.apache.nifi.processors.standard.RouteText - RouteText[id=7eed8dc2-ebc4-49da-951a-9990a8cef519] Created FlowFile[3557,94824572234630.mockFlowFile,24B] from FlowFile[3556,94824572234630.mockFlowFile,24B]; routing to relationship simple
[pool-4100-thread-1] INFO org.apache.nifi.processors.standard.RouteText - RouteText[id=7eed8dc2-ebc4-49da-951a-9990a8cef519] Routing FlowFile[3556,94824572234630.mockFlowFile,24B] to original
[main] DEBUG org.apache.nifi.processors.standard.RouteText - RouteText[id=7eed8dc2-ebc4-49da-951a-9990a8cef519] Adding new dynamic property: PropertyDescriptor[simple]
[pool-4101-thread-1] INFO org.apache.nifi.processors.standard.RouteText - RouteText[id=7eed8dc2-ebc4-49da-951a-9990a8cef519] Created FlowFile[3559,94824572649799.mockFlowFile,24B] from FlowFile[3558,94824572649799.mockFlowFile,24B]; routing to relationship simple
[pool-4101-thread-1] INFO org.apache.nifi.processors.standard.RouteText - RouteText[id=7eed8dc2-ebc4-49da-951a-9990a8cef519] Routing FlowFile[3558,94824572649799.mockFlowFile,24B] to original
[main] DEBUG org.apache.nifi.processors.standard.RouteText - RouteText[id=7eed8dc2-ebc4-49da-951a-9990a8cef519] Adding new dynamic property: PropertyDescriptor[simple]
[pool-4102-thread-1] INFO org.apache.nifi.processors.standard.RouteText - RouteText[id=7eed8dc2-ebc4-49da-951a-9990a8cef519] Created FlowFile[3561,94824572995957.mockFlowFile,24B] from FlowFile[3560,94824572995957.mockFlowFile,24B]; routing to relationship simple
[pool-4102-thread-1] INFO org.apache.nifi.processors.standard.RouteText - RouteText[id=7eed8dc2-ebc4-49da-951a-9990a8cef519] Routing FlowFile[3560,94824572995957.mockFlowFile,24B] to original
[main] DEBUG org.apache.nifi.processors.standard.RouteText - RouteText[id=7eed8dc2-ebc4-49da-951a-9990a8cef519] Adding new dynamic property: PropertyDescriptor[simple]
[pool-4103-thread-1] INFO org.apache.nifi.processors.standard.RouteText - RouteText[id=7eed8dc2-ebc4-49da-951a-9990a8cef519] Created FlowFile[3563,94824573249942.mockFlowFile,24B] from FlowFile[3562,94824573249942.mockFlowFile,24B]; routing to relationship simple
[pool-4103-thread-1] INFO org.apache.nifi.processors.standard.RouteText - RouteText[id=7eed8dc2-ebc4-49da-951a-9990a8cef519] Routing FlowFile[3562,94824573249942.mockFlowFile,24B] to original
[main] DEBUG org.apache.nifi.processors.standard.RouteText - RouteText[id=7eed8dc2-ebc4-49da-951a-9990a8cef519] Adding new dynamic property: PropertyDescriptor[simple]
[pool-4104-thread-1] INFO org.apache.nifi.processors.standard.RouteText - RouteText[id=7eed8dc2-ebc4-49da-951a-9990a8cef519] Created FlowFile[3565,94824573501836.mockFlowFile,24B] from FlowFile[3564,94824573501836.mockFlowFile,24B]; routing to relationship simple
[pool-4104-thread-1] INFO org.apache.nifi.processors.standard.RouteText - RouteText[id=7eed8dc2-ebc4-49da-951a-9990a8cef519] Routing FlowFile[3564,94824573501836.mockFlowFile,24B] to original
[main] DEBUG org.apache.nifi.processors.standard.RouteText - RouteText[id=7eed8dc2-ebc4-49da-951a-9990a8cef519] Adding new dynamic property: PropertyDescriptor[simple]
[pool-4105-thread-1] INFO org.apache.nifi.processors.standard.RouteText - RouteText[id=7eed8dc2-ebc4-49da-951a-9990a8cef519] Created FlowFile[3567,94824573753751.mockFlowFile,24B] from FlowFile[3566,94824573753751.mockFlowFile,24B]; routing to relationship simple
[pool-4105-thread-1] INFO org.apache.nifi.processors.standard.RouteText - RouteText[id=7eed8dc2-ebc4-49da-951a-9990a8cef519] Routing FlowFile[3566,94824573753751.mockFlowFile,24B] to original
[main] DEBUG org.apache.nifi.processors.standard.RouteText - RouteText[id=7eed8dc2-ebc4-49da-951a-9990a8cef519] Adding new dynamic property: PropertyDescriptor[simple]
[pool-4106-thread-1] INFO org.apache.nifi.processors.standard.RouteText - RouteText[id=7eed8dc2-ebc4-49da-951a-9990a8cef519] Created FlowFile[3569,94824574007844.mockFlowFile,24B] from FlowFile[3568,94824574007844.mockFlowFile,24B]; routing to relationship simple
[pool-4106-thread-1] INFO org.apache.nifi.processors.standard.RouteText - RouteText[id=7eed8dc2-ebc4-49da-951a-9990a8cef519] Routing FlowFile[3568,94824574007844.mockFlowFile,24B] to original
[main] DEBUG org.apache.nifi.processors.standard.RouteText - RouteText[id=7eed8dc2-ebc4-49da-951a-9990a8cef519] Adding new dynamic property: PropertyDescriptor[simple]
[pool-4107-thread-1] INFO org.apache.nifi.processors.standard.RouteText - RouteText[id=7eed8dc2-ebc4-49da-951a-9990a8cef519] Created FlowFile[3571,94824574255041.mockFlowFile,24B] from FlowFile[3570,94824574255041.mockFlowFile,24B]; routing to relationship simple
[pool-4107-thread-1] INFO org.apache.nifi.processors.standard.RouteText - RouteText[id=7eed8dc2-ebc4-49da-951a-9990a8cef519] Routing FlowFile[3570,94824574255041.mockFlowFile,24B] to original
[main] DEBUG org.apache.nifi.processors.standard.RouteText - RouteText[id=7eed8dc2-ebc4-49da-951a-9990a8cef519] Adding new dynamic property: PropertyDescriptor[simple]
[pool-4108-thread-1] INFO org.apache.nifi.processors.standard.RouteText - RouteText[id=7eed8dc2-ebc4-49da-951a-9990a8cef519] Created FlowFile[3573,94824574635863.mockFlowFile,24B] from FlowFile[3572,94824574635863.mockFlowFile,24B]; routing to relationship simple
[pool-4108-thread-1] INFO org.apache.nifi.processors.standard.RouteText - RouteText[id=7eed8dc2-ebc4-49da-951a-9990a8cef519] Routing FlowFile[3572,94824574635863.mockFlowFile,24B] to original
[main] DEBUG org.apache.nifi.processors.standard.RouteText - RouteText[id=7eed8dc2-ebc4-49da-951a-9990a8cef519] Adding new dynamic property: PropertyDescriptor[simple]
[pool-4109-thread-1] INFO org.apache.nifi.processors.standard.RouteText - RouteText[id=7eed8dc2-ebc4-49da-951a-9990a8cef519] Created FlowFile[3575,94824575074432.mockFlowFile,24B] from FlowFile[3574,94824575074432.mockFlowFile,24B]; routing to relationship simple
[pool-4109-thread-1] INFO org.apache.nifi.processors.standard.RouteText - RouteText[id=7eed8dc2-ebc4-49da-951a-9990a8cef519] Routing FlowFile[3574,94824575074432.mockFlowFile,24B] to original
[main] DEBUG org.apache.nifi.processors.standard.RouteText - RouteText[id=7eed8dc2-ebc4-49da-951a-9990a8cef519] Adding new dynamic property: PropertyDescriptor[simple]
[pool-4110-thread-1] INFO org.apache.nifi.processors.standard.RouteText - RouteText[id=7eed8dc2-ebc4-49da-951a-9990a8cef519] Created FlowFile[3577,94824575519685.mockFlowFile,24B] from FlowFile[3576,94824575519685.mockFlowFile,24B]; routing to relationship simple
[pool-4110-thread-1] INFO org.apache.nifi.processors.standard.RouteText - RouteText[id=7eed8dc2-ebc4-49da-951a-9990a8cef519] Routing FlowFile[3576,94824575519685.mockFlowFile,24B] to original
[main] DEBUG org.apache.nifi.processors.standard.RouteText - RouteText[id=7eed8dc2-ebc4-49da-951a-9990a8cef519] Adding new dynamic property: PropertyDescriptor[simple]
[pool-4111-thread-1] INFO org.apache.nifi.processors.standard.RouteText - RouteText[id=7eed8dc2-ebc4-49da-951a-9990a8cef519] Created FlowFile[3579,94824575870879.mockFlowFile,24B] from FlowFile[3578,94824575870879.mockFlowFile,24B]; routing to relationship simple
[pool-4111-thread-1] INFO org.apache.nifi.processors.standard.RouteText - RouteText[id=7eed8dc2-ebc4-49da-951a-9990a8cef519] Routing FlowFile[3578,94824575870879.mockFlowFile,24B] to original
[main] DEBUG org.apache.nifi.processors.standard.RouteText - RouteText[id=7eed8dc2-ebc4-49da-951a-9990a8cef519] Adding new dynamic property: PropertyDescriptor[simple]
[pool-4112-thread-1] INFO org.apache.nifi.processors.standard.RouteText - RouteText[id=7eed8dc2-ebc4-49da-951a-9990a8cef519] Created FlowFile[3581,94824576317443.mockFlowFile,24B] from FlowFile[3580,94824576317443.mockFlowFile,24B]; routing to relationship simple
[pool-4112-thread-1] INFO org.apache.nifi.processors.standard.RouteText - RouteText[id=7eed8dc2-ebc4-49da-951a-9990a8cef519] Routing FlowFile[3580,94824576317443.mockFlowFile,24B] to original
[main] DEBUG org.apache.nifi.processors.standard.RouteText - RouteText[id=7eed8dc2-ebc4-49da-951a-9990a8cef519] Adding new dynamic property: PropertyDescriptor[simple]
[pool-4113-thread-1] INFO org.apache.nifi.processors.standard.RouteText - RouteText[id=7eed8dc2-ebc4-49da-951a-9990a8cef519] Created FlowFile[3583,94824576737451.mockFlowFile,24B] from FlowFile[3582,94824576737451.mockFlowFile,24B]; routing to relationship simple
[pool-4113-thread-1] INFO org.apache.nifi.processors.standard.RouteText - RouteText[id=7eed8dc2-ebc4-49da-951a-9990a8cef519] Routing FlowFile[3582,94824576737451.mockFlowFile,24B] to original
[main] DEBUG org.apache.nifi.processors.standard.RouteText - RouteText[id=7eed8dc2-ebc4-49da-951a-9990a8cef519] Adding new dynamic property: PropertyDescriptor[simple]
[pool-4114-thread-1] INFO org.apache.nifi.processors.standard.RouteText - RouteText[id=7eed8dc2-ebc4-49da-951a-9990a8cef519] Created FlowFile[3585,94824577117378.mockFlowFile,24B] from FlowFile[3584,94824577117378.mockFlowFile,24B]; routing to relationship simple
[pool-4114-thread-1] INFO org.apache.nifi.processors.standard.RouteText - RouteText[id=7eed8dc2-ebc4-49da-951a-9990a8cef519] Routing FlowFile[3584,94824577117378.mockFlowFile,24B] to original
[main] DEBUG org.apache.nifi.processors.standard.RouteText - RouteText[id=7eed8dc2-ebc4-49da-951a-9990a8cef519] Adding new dynamic property: PropertyDescriptor[simple]
[pool-4115-thread-1] INFO org.apache.nifi.processors.standard.RouteText - RouteText[id=7eed8dc2-ebc4-49da-951a-9990a8cef519] Created FlowFile[3587,94824577470657.mockFlowFile,24B] from FlowFile[3586,94824577470657.mockFlowFile,24B]; routing to relationship simple
[pool-4115-thread-1] INFO org.apache.nifi.processors.standard.RouteText - RouteText[id=7eed8dc2-ebc4-49da-951a-9990a8cef519] Routing FlowFile[3586,94824577470657.mockFlowFile,24B] to original
[main] DEBUG org.apache.nifi.processors.standard.RouteText - RouteText[id=7eed8dc2-ebc4-49da-951a-9990a8cef519] Adding new dynamic property: PropertyDescriptor[simple]
[pool-4116-thread-1] INFO org.apache.nifi.processors.standard.RouteText - RouteText[id=7eed8dc2-ebc4-49da-951a-9990a8cef519] Created FlowFile[3589,94824577899762.mockFlowFile,24B] from FlowFile[3588,94824577899762.mockFlowFile,24B]; routing to relationship simple
[pool-4116-thread-1] INFO org.apache.nifi.processors.standard.RouteText - RouteText[id=7eed8dc2-ebc4-49da-951a-9990a8cef519] Routing FlowFile[3588,94824577899762.mockFlowFile,24B] to original
[main] DEBUG org.apache.nifi.processors.standard.RouteText - RouteText[id=7eed8dc2-ebc4-49da-951a-9990a8cef519] Adding new dynamic property: PropertyDescriptor[simple]
[pool-4117-thread-1] INFO org.apache.nifi.processors.standard.RouteText - RouteText[id=7eed8dc2-ebc4-49da-951a-9990a8cef519] Created FlowFile[3591,94824578300152.mockFlowFile,24B] from FlowFile[3590,94824578300152.mockFlowFile,24B]; routing to relationship simple
[pool-4117-thread-1] INFO org.apache.nifi.processors.standard.RouteText - RouteText[id=7eed8dc2-ebc4-49da-951a-9990a8cef519] Routing FlowFile[3590,94824578300152.mockFlowFile,24B] to original
[main] DEBUG org.apache.nifi.processors.standard.RouteText - RouteText[id=7eed8dc2-ebc4-49da-951a-9990a8cef519] Adding new dynamic property: PropertyDescriptor[simple]
[pool-4118-thread-1] INFO org.apache.nifi.processors.standard.RouteText - RouteText[id=7eed8dc2-ebc4-49da-951a-9990a8cef519] Created FlowFile[3593,94824578764180.mockFlowFile,24B] from FlowFile[3592,94824578764180.mockFlowFile,24B]; routing to relationship simple
[pool-4118-thread-1] INFO org.apache.nifi.processors.standard.RouteText - RouteText[id=7eed8dc2-ebc4-49da-951a-9990a8cef519] Routing FlowFile[3592,94824578764180.mockFlowFile,24B] to original
[main] DEBUG org.apache.nifi.processors.standard.RouteText - RouteText[id=7eed8dc2-ebc4-49da-951a-9990a8cef519] Adding new dynamic property: PropertyDescriptor[simple]
[pool-4119-thread-1] INFO org.apache.nifi.processors.standard.RouteText - RouteText[id=7eed8dc2-ebc4-49da-951a-9990a8cef519] Created FlowFile[3595,94824579201648.mockFlowFile,24B] from FlowFile[3594,94824579201648.mockFlowFile,24B]; routing to relationship simple
[pool-4119-thread-1] INFO org.apache.nifi.processors.standard.RouteText - RouteText[id=7eed8dc2-ebc4-49da-951a-9990a8cef519] Routing FlowFile[3594,94824579201648.mockFlowFile,24B] to original
[main] DEBUG org.apache.nifi.processors.standard.RouteText - RouteText[id=7eed8dc2-ebc4-49da-951a-9990a8cef519] Adding new dynamic property: PropertyDescriptor[simple]
[pool-4120-thread-1] INFO org.apache.nifi.processors.standard.RouteText - RouteText[id=7eed8dc2-ebc4-49da-951a-9990a8cef519] Created FlowFile[3597,94824579555639.mockFlowFile,24B] from FlowFile[3596,94824579555639.mockFlowFile,24B]; routing to relationship simple
[pool-4120-thread-1] INFO org.apache.nifi.processors.standard.RouteText - RouteText[id=7eed8dc2-ebc4-49da-951a-9990a8cef519] Routing FlowFile[3596,94824579555639.mockFlowFile,24B] to original
[main] DEBUG org.apache.nifi.processors.standard.RouteText - RouteText[id=7eed8dc2-ebc4-49da-951a-9990a8cef519] Adding new dynamic property: PropertyDescriptor[simple]
[pool-4121-thread-1] INFO org.apache.nifi.processors.standard.RouteText - RouteText[id=7eed8dc2-ebc4-49da-951a-9990a8cef519] Created FlowFile[3599,94824579890803.mockFlowFile,24B] from FlowFile[3598,94824579890803.mockFlowFile,24B]; routing to relationship simple
[pool-4121-thread-1] INFO org.apache.nifi.processors.standard.RouteText - RouteText[id=7eed8dc2-ebc4-49da-951a-9990a8cef519] Routing FlowFile[3598,94824579890803.mockFlowFile,24B] to original
[main] DEBUG org.apache.nifi.processors.standard.RouteText - RouteText[id=7eed8dc2-ebc4-49da-951a-9990a8cef519] Adding new dynamic property: PropertyDescriptor[simple]
[pool-4122-thread-1] INFO org.apache.nifi.processors.standard.RouteText - RouteText[id=7eed8dc2-ebc4-49da-951a-9990a8cef519] Created FlowFile[3601,94824580398227.mockFlowFile,24B] from FlowFile[3600,94824580398227.mockFlowFile,24B]; routing to relationship simple
[pool-4122-thread-1] INFO org.apache.nifi.processors.standard.RouteText - RouteText[id=7eed8dc2-ebc4-49da-951a-9990a8cef519] Routing FlowFile[3600,94824580398227.mockFlowFile,24B] to original
[main] DEBUG org.apache.nifi.processors.standard.RouteText - RouteText[id=7eed8dc2-ebc4-49da-951a-9990a8cef519] Adding new dynamic property: PropertyDescriptor[simple]
[pool-4123-thread-1] INFO org.apache.nifi.processors.standard.RouteText - RouteText[id=7eed8dc2-ebc4-49da-951a-9990a8cef519] Created FlowFile[3603,94824580976549.mockFlowFile,24B] from FlowFile[3602,94824580976549.mockFlowFile,24B]; routing to relationship simple
[pool-4123-thread-1] INFO org.apache.nifi.processors.standard.RouteText - RouteText[id=7eed8dc2-ebc4-49da-951a-9990a8cef519] Routing FlowFile[3602,94824580976549.mockFlowFile,24B] to original
[main] DEBUG org.apache.nifi.processors.standard.RouteText - RouteText[id=7eed8dc2-ebc4-49da-951a-9990a8cef519] Adding new dynamic property: PropertyDescriptor[simple]
[pool-4124-thread-1] INFO org.apache.nifi.processors.standard.RouteText - RouteText[id=7eed8dc2-ebc4-49da-951a-9990a8cef519] Created FlowFile[3605,94824581489272.mockFlowFile,24B] from FlowFile[3604,94824581489272.mockFlowFile,24B]; routing to relationship simple
[pool-4124-thread-1] INFO org.apache.nifi.processors.standard.RouteText - RouteText[id=7eed8dc2-ebc4-49da-951a-9990a8cef519] Routing FlowFile[3604,94824581489272.mockFlowFile,24B] to original
[main] DEBUG org.apache.nifi.processors.standard.RouteText - RouteText[id=7eed8dc2-ebc4-49da-951a-9990a8cef519] Adding new dynamic property: PropertyDescriptor[simple]
[pool-4125-thread-1] INFO org.apache.nifi.processors.standard.RouteText - RouteText[id=7eed8dc2-ebc4-49da-951a-9990a8cef519] Created FlowFile[3607,94824582003005.mockFlowFile,24B] from FlowFile[3606,94824582003005.mockFlowFile,24B]; routing to relationship simple
[pool-4125-thread-1] INFO org.apache.nifi.processors.standard.RouteText - RouteText[id=7eed8dc2-ebc4-49da-951a-9990a8cef519] Routing FlowFile[3606,94824582003005.mockFlowFile,24B] to original
[main] DEBUG org.apache.nifi.processors.standard.RouteText - RouteText[id=7eed8dc2-ebc4-49da-951a-9990a8cef519] Adding new dynamic property: PropertyDescriptor[simple]
[pool-4126-thread-1] INFO org.apache.nifi.processors.standard.RouteText - RouteText[id=7eed8dc2-ebc4-49da-951a-9990a8cef519] Created FlowFile[3609,94824582492274.mockFlowFile,24B] from FlowFile[3608,94824582492274.mockFlowFile,24B]; routing to relationship simple
[pool-4126-thread-1] INFO org.apache.nifi.processors.standard.RouteText - RouteText[id=7eed8dc2-ebc4-49da-951a-9990a8cef519] Routing FlowFile[3608,94824582492274.mockFlowFile,24B] to original
[main] DEBUG org.apache.nifi.processors.standard.RouteText - RouteText[id=7eed8dc2-ebc4-49da-951a-9990a8cef519] Adding new dynamic property: PropertyDescriptor[simple]
[pool-4127-thread-1] INFO org.apache.nifi.processors.standard.RouteText - RouteText[id=7eed8dc2-ebc4-49da-951a-9990a8cef519] Created FlowFile[3611,94824582961557.mockFlowFile,24B] from FlowFile[3610,94824582961557.mockFlowFile,24B]; routing to relationship simple
[pool-4127-thread-1] INFO org.apache.nifi.processors.standard.RouteText - RouteText[id=7eed8dc2-ebc4-49da-951a-9990a8cef519] Routing FlowFile[3610,94824582961557.mockFlowFile,24B] to original
[main] DEBUG org.apache.nifi.processors.standard.RouteText - RouteText[id=7eed8dc2-ebc4-49da-951a-9990a8cef519] Adding new dynamic property: PropertyDescriptor[simple]
[pool-4128-thread-1] INFO org.apache.nifi.processors.standard.RouteText - RouteText[id=7eed8dc2-ebc4-49da-951a-9990a8cef519] Created FlowFile[3613,94824583391918.mockFlowFile,24B] from FlowFile[3612,94824583391918.mockFlowFile,24B]; routing to relationship simple
[pool-4128-thread-1] INFO org.apache.nifi.processors.standard.RouteText - RouteText[id=7eed8dc2-ebc4-49da-951a-9990a8cef519] Routing FlowFile[3612,94824583391918.mockFlowFile,24B] to original
[main] DEBUG org.apache.nifi.processors.standard.RouteText - RouteText[id=7eed8dc2-ebc4-49da-951a-9990a8cef519] Adding new dynamic property: PropertyDescriptor[simple]
[pool-4129-thread-1] INFO org.apache.nifi.processors.standard.RouteText - RouteText[id=7eed8dc2-ebc4-49da-951a-9990a8cef519] Created FlowFile[3615,94824583795883.mockFlowFile,24B] from FlowFile[3614,94824583795883.mockFlowFile,24B]; routing to relationship simple
[pool-4129-thread-1] INFO org.apache.nifi.processors.standard.RouteText - RouteText[id=7eed8dc2-ebc4-49da-951a-9990a8cef519] Routing FlowFile[3614,94824583795883.mockFlowFile,24B] to original
[main] DEBUG org.apache.nifi.processors.standard.RouteText - RouteText[id=7eed8dc2-ebc4-49da-951a-9990a8cef519] Adding new dynamic property: PropertyDescriptor[simple]
[pool-4130-thread-1] INFO org.apache.nifi.processors.standard.RouteText - RouteText[id=7eed8dc2-ebc4-49da-951a-9990a8cef519] Created FlowFile[3617,94824584306400.mockFlowFile,24B] from FlowFile[3616,94824584306400.mockFlowFile,24B]; routing to relationship simple
[pool-4130-thread-1] INFO org.apache.nifi.processors.standard.RouteText - RouteText[id=7eed8dc2-ebc4-49da-951a-9990a8cef519] Routing FlowFile[3616,94824584306400.mockFlowFile,24B] to original
[main] DEBUG org.apache.nifi.processors.standard.RouteText - RouteText[id=7eed8dc2-ebc4-49da-951a-9990a8cef519] Adding new dynamic property: PropertyDescriptor[simple]
[pool-4131-thread-1] INFO org.apache.nifi.processors.standard.RouteText - RouteText[id=7eed8dc2-ebc4-49da-951a-9990a8cef519] Created FlowFile[3619,94824584865927.mockFlowFile,24B] from FlowFile[3618,94824584865927.mockFlowFile,24B]; routing to relationship simple
[pool-4131-thread-1] INFO org.apache.nifi.processors.standard.RouteText - RouteText[id=7eed8dc2-ebc4-49da-951a-9990a8cef519] Routing FlowFile[3618,94824584865927.mockFlowFile,24B] to original
[main] DEBUG org.apache.nifi.processors.standard.RouteText - RouteText[id=7eed8dc2-ebc4-49da-951a-9990a8cef519] Adding new dynamic property: PropertyDescriptor[simple]
[pool-4132-thread-1] INFO org.apache.nifi.processors.standard.RouteText - RouteText[id=7eed8dc2-ebc4-49da-951a-9990a8cef519] Created FlowFile[3621,94824585413621.mockFlowFile,24B] from FlowFile[3620,94824585413621.mockFlowFile,24B]; routing to relationship simple
[pool-4132-thread-1] INFO org.apache.nifi.processors.standard.RouteText - RouteText[id=7eed8dc2-ebc4-49da-951a-9990a8cef519] Routing FlowFile[3620,94824585413621.mockFlowFile,24B] to original
[main] DEBUG org.apache.nifi.processors.standard.RouteText - RouteText[id=7eed8dc2-ebc4-49da-951a-9990a8cef519] Adding new dynamic property: PropertyDescriptor[simple]
[pool-4133-thread-1] INFO org.apache.nifi.processors.standard.RouteText - RouteText[id=7eed8dc2-ebc4-49da-951a-9990a8cef519] Created FlowFile[3623,94824585940263.mockFlowFile,24B] from FlowFile[3622,94824585940263.mockFlowFile,24B]; routing to relationship simple
[pool-4133-thread-1] INFO org.apache.nifi.processors.standard.RouteText - RouteText[id=7eed8dc2-ebc4-49da-951a-9990a8cef519] Routing FlowFile[3622,94824585940263.mockFlowFile,24B] to original
[main] DEBUG org.apache.nifi.processors.standard.RouteText - RouteText[id=7eed8dc2-ebc4-49da-951a-9990a8cef519] Adding new dynamic property: PropertyDescriptor[simple]
[pool-4134-thread-1] INFO org.apache.nifi.processors.standard.RouteText - RouteText[id=7eed8dc2-ebc4-49da-951a-9990a8cef519] Created FlowFile[3625,94824586437250.mockFlowFile,24B] from FlowFile[3624,94824586437250.mockFlowFile,24B]; routing to relationship simple
[pool-4134-thread-1] INFO org.apache.nifi.processors.standard.RouteText - RouteText[id=7eed8dc2-ebc4-49da-951a-9990a8cef519] Routing FlowFile[3624,94824586437250.mockFlowFile,24B] to original
[main] DEBUG org.apache.nifi.processors.standard.RouteText - RouteText[id=7eed8dc2-ebc4-49da-951a-9990a8cef519] Adding new dynamic property: PropertyDescriptor[simple]
[pool-4135-thread-1] INFO org.apache.nifi.processors.standard.RouteText - RouteText[id=7eed8dc2-ebc4-49da-951a-9990a8cef519] Created FlowFile[3627,94824586839220.mockFlowFile,24B] from FlowFile[3626,94824586839220.mockFlowFile,24B]; routing to relationship simple
[pool-4135-thread-1] INFO org.apache.nifi.processors.standard.RouteText - RouteText[id=7eed8dc2-ebc4-49da-951a-9990a8cef519] Routing FlowFile[3626,94824586839220.mockFlowFile,24B] to original
[main] DEBUG org.apache.nifi.processors.standard.RouteText - RouteText[id=7eed8dc2-ebc4-49da-951a-9990a8cef519] Adding new dynamic property: PropertyDescriptor[simple]
[pool-4136-thread-1] INFO org.apache.nifi.processors.standard.RouteText - RouteText[id=7eed8dc2-ebc4-49da-951a-9990a8cef519] Created FlowFile[3629,94824587328416.mockFlowFile,24B] from FlowFile[3628,94824587328416.mockFlowFile,24B]; routing to relationship simple
[pool-4136-thread-1] INFO org.apache.nifi.processors.standard.RouteText - RouteText[id=7eed8dc2-ebc4-49da-951a-9990a8cef519] Routing FlowFile[3628,94824587328416.mockFlowFile,24B] to original
[main] DEBUG org.apache.nifi.processors.standard.RouteText - RouteText[id=7eed8dc2-ebc4-49da-951a-9990a8cef519] Adding new dynamic property: PropertyDescriptor[simple]
[pool-4137-thread-1] INFO org.apache.nifi.processors.standard.RouteText - RouteText[id=7eed8dc2-ebc4-49da-951a-9990a8cef519] Created FlowFile[3631,94824587864713.mockFlowFile,24B] from FlowFile[3630,94824587864713.mockFlowFile,24B]; routing to relationship simple
[pool-4137-thread-1] INFO org.apache.nifi.processors.standard.RouteText - RouteText[id=7eed8dc2-ebc4-49da-951a-9990a8cef519] Routing FlowFile[3630,94824587864713.mockFlowFile,24B] to original
[main] DEBUG org.apache.nifi.processors.standard.RouteText - RouteText[id=7eed8dc2-ebc4-49da-951a-9990a8cef519] Adding new dynamic property: PropertyDescriptor[simple]
[pool-4138-thread-1] INFO org.apache.nifi.processors.standard.RouteText - RouteText[id=7eed8dc2-ebc4-49da-951a-9990a8cef519] Created FlowFile[3633,94824588435854.mockFlowFile,24B] from FlowFile[3632,94824588435854.mockFlowFile,24B]; routing to relationship simple
[pool-4138-thread-1] INFO org.apache.nifi.processors.standard.RouteText - RouteText[id=7eed8dc2-ebc4-49da-951a-9990a8cef519] Routing FlowFile[3632,94824588435854.mockFlowFile,24B] to original
[main] DEBUG org.apache.nifi.processors.standard.RouteText - RouteText[id=7eed8dc2-ebc4-49da-951a-9990a8cef519] Adding new dynamic property: PropertyDescriptor[simple]
[pool-4139-thread-1] INFO org.apache.nifi.processors.standard.RouteText - RouteText[id=7eed8dc2-ebc4-49da-951a-9990a8cef519] Created FlowFile[3635,94824588948512.mockFlowFile,24B] from FlowFile[3634,94824588948512.mockFlowFile,24B]; routing to relationship simple
[pool-4139-thread-1] INFO org.apache.nifi.processors.standard.RouteText - RouteText[id=7eed8dc2-ebc4-49da-951a-9990a8cef519] Routing FlowFile[3634,94824588948512.mockFlowFile,24B] to original
[main] DEBUG org.apache.nifi.processors.standard.RouteText - RouteText[id=7eed8dc2-ebc4-49da-951a-9990a8cef519] Adding new dynamic property: PropertyDescriptor[simple]
[pool-4140-thread-1] INFO org.apache.nifi.processors.standard.RouteText - RouteText[id=7eed8dc2-ebc4-49da-951a-9990a8cef519] Created FlowFile[3637,94824589450957.mockFlowFile,24B] from FlowFile[3636,94824589450957.mockFlowFile,24B]; routing to relationship simple
[pool-4140-thread-1] INFO org.apache.nifi.processors.standard.RouteText - RouteText[id=7eed8dc2-ebc4-49da-951a-9990a8cef519] Routing FlowFile[3636,94824589450957.mockFlowFile,24B] to original
[main] DEBUG org.apache.nifi.processors.standard.RouteText - RouteText[id=7eed8dc2-ebc4-49da-951a-9990a8cef519] Adding new dynamic property: PropertyDescriptor[simple]
[pool-4141-thread-1] INFO org.apache.nifi.processors.standard.RouteText - RouteText[id=7eed8dc2-ebc4-49da-951a-9990a8cef519] Created FlowFile[3639,94824589928992.mockFlowFile,24B] from FlowFile[3638,94824589928992.mockFlowFile,24B]; routing to relationship simple
[pool-4141-thread-1] INFO org.apache.nifi.processors.standard.RouteText - RouteText[id=7eed8dc2-ebc4-49da-951a-9990a8cef519] Routing FlowFile[3638,94824589928992.mockFlowFile,24B] to original
[main] DEBUG org.apache.nifi.processors.standard.RouteText - RouteText[id=7eed8dc2-ebc4-49da-951a-9990a8cef519] Adding new dynamic property: PropertyDescriptor[simple]
[pool-4142-thread-1] INFO org.apache.nifi.processors.standard.RouteText - RouteText[id=7eed8dc2-ebc4-49da-951a-9990a8cef519] Created FlowFile[3641,94824590311141.mockFlowFile,24B] from FlowFile[3640,94824590311141.mockFlowFile,24B]; routing to relationship simple
[pool-4142-thread-1] INFO org.apache.nifi.processors.standard.RouteText - RouteText[id=7eed8dc2-ebc4-49da-951a-9990a8cef519] Routing FlowFile[3640,94824590311141.mockFlowFile,24B] to original
[main] DEBUG org.apache.nifi.processors.standard.RouteText - RouteText[id=7eed8dc2-ebc4-49da-951a-9990a8cef519] Adding new dynamic property: PropertyDescriptor[simple]
[pool-4143-thread-1] INFO org.apache.nifi.processors.standard.RouteText - RouteText[id=7eed8dc2-ebc4-49da-951a-9990a8cef519] Created FlowFile[3643,94824590679395.mockFlowFile,24B] from FlowFile[3642,94824590679395.mockFlowFile,24B]; routing to relationship simple
[pool-4143-thread-1] INFO org.apache.nifi.processors.standard.RouteText - RouteText[id=7eed8dc2-ebc4-49da-951a-9990a8cef519] Routing FlowFile[3642,94824590679395.mockFlowFile,24B] to original
[main] DEBUG org.apache.nifi.processors.standard.RouteText - RouteText[id=7eed8dc2-ebc4-49da-951a-9990a8cef519] Adding new dynamic property: PropertyDescriptor[simple]
[pool-4144-thread-1] INFO org.apache.nifi.processors.standard.RouteText - RouteText[id=7eed8dc2-ebc4-49da-951a-9990a8cef519] Created FlowFile[3645,94824591048935.mockFlowFile,24B] from FlowFile[3644,94824591048935.mockFlowFile,24B]; routing to relationship simple
[pool-4144-thread-1] INFO org.apache.nifi.processors.standard.RouteText - RouteText[id=7eed8dc2-ebc4-49da-951a-9990a8cef519] Routing FlowFile[3644,94824591048935.mockFlowFile,24B] to original
[main] DEBUG org.apache.nifi.processors.standard.RouteText - RouteText[id=7eed8dc2-ebc4-49da-951a-9990a8cef519] Adding new dynamic property: PropertyDescriptor[simple]
[pool-4145-thread-1] INFO org.apache.nifi.processors.standard.RouteText - RouteText[id=7eed8dc2-ebc4-49da-951a-9990a8cef519] Created FlowFile[3647,94824591504227.mockFlowFile,24B] from FlowFile[3646,94824591504227.mockFlowFile,24B]; routing to relationship simple
[pool-4145-thread-1] INFO org.apache.nifi.processors.standard.RouteText - RouteText[id=7eed8dc2-ebc4-49da-951a-9990a8cef519] Routing FlowFile[3646,94824591504227.mockFlowFile,24B] to original
[main] DEBUG org.apache.nifi.processors.standard.RouteText - RouteText[id=7eed8dc2-ebc4-49da-951a-9990a8cef519] Adding new dynamic property: PropertyDescriptor[simple]
[pool-4146-thread-1] INFO org.apache.nifi.processors.standard.RouteText - RouteText[id=7eed8dc2-ebc4-49da-951a-9990a8cef519] Created FlowFile[3649,94824591904690.mockFlowFile,24B] from FlowFile[3648,94824591904690.mockFlowFile,24B]; routing to relationship simple
[pool-4146-thread-1] INFO org.apache.nifi.processors.standard.RouteText - RouteText[id=7eed8dc2-ebc4-49da-951a-9990a8cef519] Routing FlowFile[3648,94824591904690.mockFlowFile,24B] to original
[main] DEBUG org.apache.nifi.processors.standard.RouteText - RouteText[id=7eed8dc2-ebc4-49da-951a-9990a8cef519] Adding new dynamic property: PropertyDescriptor[simple]
[pool-4147-thread-1] INFO org.apache.nifi.processors.standard.RouteText - RouteText[id=7eed8dc2-ebc4-49da-951a-9990a8cef519] Created FlowFile[3651,94824592376328.mockFlowFile,24B] from FlowFile[3650,94824592376328.mockFlowFile,24B]; routing to relationship simple
[pool-4147-thread-1] INFO org.apache.nifi.processors.standard.RouteText - RouteText[id=7eed8dc2-ebc4-49da-951a-9990a8cef519] Routing FlowFile[3650,94824592376328.mockFlowFile,24B] to original
[main] DEBUG org.apache.nifi.processors.standard.RouteText - RouteText[id=7eed8dc2-ebc4-49da-951a-9990a8cef519] Adding new dynamic property: PropertyDescriptor[simple]
[pool-4148-thread-1] INFO org.apache.nifi.processors.standard.RouteText - RouteText[id=7eed8dc2-ebc4-49da-951a-9990a8cef519] Created FlowFile[3653,94824592850476.mockFlowFile,24B] from FlowFile[3652,94824592850476.mockFlowFile,24B]; routing to relationship simple
[pool-4148-thread-1] INFO org.apache.nifi.processors.standard.RouteText - RouteText[id=7eed8dc2-ebc4-49da-951a-9990a8cef519] Routing FlowFile[3652,94824592850476.mockFlowFile,24B] to original
[main] DEBUG org.apache.nifi.processors.standard.RouteText - RouteText[id=7eed8dc2-ebc4-49da-951a-9990a8cef519] Adding new dynamic property: PropertyDescriptor[simple]
[pool-4149-thread-1] INFO org.apache.nifi.processors.standard.RouteText - RouteText[id=7eed8dc2-ebc4-49da-951a-9990a8cef519] Created FlowFile[3655,94824593314235.mockFlowFile,24B] from FlowFile[3654,94824593314235.mockFlowFile,24B]; routing to relationship simple
[pool-4149-thread-1] INFO org.apache.nifi.processors.standard.RouteText - RouteText[id=7eed8dc2-ebc4-49da-951a-9990a8cef519] Routing FlowFile[3654,94824593314235.mockFlowFile,24B] to original
[main] DEBUG org.apache.nifi.processors.standard.RouteText - RouteText[id=7eed8dc2-ebc4-49da-951a-9990a8cef519] Adding new dynamic property: PropertyDescriptor[simple]
[pool-4150-thread-1] INFO org.apache.nifi.processors.standard.RouteText - RouteText[id=7eed8dc2-ebc4-49da-951a-9990a8cef519] Created FlowFile[3657,94824593677264.mockFlowFile,24B] from FlowFile[3656,94824593677264.mockFlowFile,24B]; routing to relationship simple
[pool-4150-thread-1] INFO org.apache.nifi.processors.standard.RouteText - RouteText[id=7eed8dc2-ebc4-49da-951a-9990a8cef519] Routing FlowFile[3656,94824593677264.mockFlowFile,24B] to original
[main] DEBUG org.apache.nifi.processors.standard.RouteText - RouteText[id=7eed8dc2-ebc4-49da-951a-9990a8cef519] Adding new dynamic property: PropertyDescriptor[simple]
[pool-4151-thread-1] INFO org.apache.nifi.processors.standard.RouteText - RouteText[id=7eed8dc2-ebc4-49da-951a-9990a8cef519] Created FlowFile[3659,94824594030836.mockFlowFile,24B] from FlowFile[3658,94824594030836.mockFlowFile,24B]; routing to relationship simple
[pool-4151-thread-1] INFO org.apache.nifi.processors.standard.RouteText - RouteText[id=7eed8dc2-ebc4-49da-951a-9990a8cef519] Routing FlowFile[3658,94824594030836.mockFlowFile,24B] to original
[main] DEBUG org.apache.nifi.processors.standard.RouteText - RouteText[id=7eed8dc2-ebc4-49da-951a-9990a8cef519] Adding new dynamic property: PropertyDescriptor[simple]
[pool-4152-thread-1] INFO org.apache.nifi.processors.standard.RouteText - RouteText[id=7eed8dc2-ebc4-49da-951a-9990a8cef519] Created FlowFile[3661,94824594386832.mockFlowFile,24B] from FlowFile[3660,94824594386832.mockFlowFile,24B]; routing to relationship simple
[pool-4152-thread-1] INFO org.apache.nifi.processors.standard.RouteText - RouteText[id=7eed8dc2-ebc4-49da-951a-9990a8cef519] Routing FlowFile[3660,94824594386832.mockFlowFile,24B] to original
[main] DEBUG org.apache.nifi.processors.standard.RouteText - RouteText[id=7eed8dc2-ebc4-49da-951a-9990a8cef519] Adding new dynamic property: PropertyDescriptor[simple]
[pool-4153-thread-1] INFO org.apache.nifi.processors.standard.RouteText - RouteText[id=7eed8dc2-ebc4-49da-951a-9990a8cef519] Created FlowFile[3663,94824594728624.mockFlowFile,24B] from FlowFile[3662,94824594728624.mockFlowFile,24B]; routing to relationship simple
[pool-4153-thread-1] INFO org.apache.nifi.processors.standard.RouteText - RouteText[id=7eed8dc2-ebc4-49da-951a-9990a8cef519] Routing FlowFile[3662,94824594728624.mockFlowFile,24B] to original
[main] DEBUG org.apache.nifi.processors.standard.RouteText - RouteText[id=7eed8dc2-ebc4-49da-951a-9990a8cef519] Adding new dynamic property: PropertyDescriptor[simple]
[pool-4154-thread-1] INFO org.apache.nifi.processors.standard.RouteText - RouteText[id=7eed8dc2-ebc4-49da-951a-9990a8cef519] Created FlowFile[3665,94824595089546.mockFlowFile,24B] from FlowFile[3664,94824595089546.mockFlowFile,24B]; routing to relationship simple
[pool-4154-thread-1] INFO org.apache.nifi.processors.standard.RouteText - RouteText[id=7eed8dc2-ebc4-49da-951a-9990a8cef519] Routing FlowFile[3664,94824595089546.mockFlowFile,24B] to original
[main] DEBUG org.apache.nifi.processors.standard.RouteText - RouteText[id=7eed8dc2-ebc4-49da-951a-9990a8cef519] Adding new dynamic property: PropertyDescriptor[simple]
[pool-4155-thread-1] INFO org.apache.nifi.processors.standard.RouteText - RouteText[id=7eed8dc2-ebc4-49da-951a-9990a8cef519] Created FlowFile[3667,94824626964098.mockFlowFile,24B] from FlowFile[3666,94824626964098.mockFlowFile,24B]; routing to relationship simple
[pool-4155-thread-1] INFO org.apache.nifi.processors.standard.RouteText - RouteText[id=7eed8dc2-ebc4-49da-951a-9990a8cef519] Routing FlowFile[3666,94824626964098.mockFlowFile,24B] to original
[main] DEBUG org.apache.nifi.processors.standard.RouteText - RouteText[id=7eed8dc2-ebc4-49da-951a-9990a8cef519] Adding new dynamic property: PropertyDescriptor[simple]
[pool-4156-thread-1] INFO org.apache.nifi.processors.standard.RouteText - RouteText[id=7eed8dc2-ebc4-49da-951a-9990a8cef519] Created FlowFile[3669,94824627618725.mockFlowFile,24B] from FlowFile[3668,94824627618725.mockFlowFile,24B]; routing to relationship simple
[pool-4156-thread-1] INFO org.apache.nifi.processors.standard.RouteText - RouteText[id=7eed8dc2-ebc4-49da-951a-9990a8cef519] Routing FlowFile[3668,94824627618725.mockFlowFile,24B] to original
[main] DEBUG org.apache.nifi.processors.standard.RouteText - RouteText[id=7eed8dc2-ebc4-49da-951a-9990a8cef519] Adding new dynamic property: PropertyDescriptor[simple]
[pool-4157-thread-1] INFO org.apache.nifi.processors.standard.RouteText - RouteText[id=7eed8dc2-ebc4-49da-951a-9990a8cef519] Created FlowFile[3671,94824628162714.mockFlowFile,24B] from FlowFile[3670,94824628162714.mockFlowFile,24B]; routing to relationship simple
[pool-4157-thread-1] INFO org.apache.nifi.processors.standard.RouteText - RouteText[id=7eed8dc2-ebc4-49da-951a-9990a8cef519] Routing FlowFile[3670,94824628162714.mockFlowFile,24B] to original
[main] DEBUG org.apache.nifi.processors.standard.RouteText - RouteText[id=7eed8dc2-ebc4-49da-951a-9990a8cef519] Adding new dynamic property: PropertyDescriptor[simple]
[pool-4158-thread-1] INFO org.apache.nifi.processors.standard.RouteText - RouteText[id=7eed8dc2-ebc4-49da-951a-9990a8cef519] Created FlowFile[3673,94824628725761.mockFlowFile,24B] from FlowFile[3672,94824628725761.mockFlowFile,24B]; routing to relationship simple
[pool-4158-thread-1] INFO org.apache.nifi.processors.standard.RouteText - RouteText[id=7eed8dc2-ebc4-49da-951a-9990a8cef519] Routing FlowFile[3672,94824628725761.mockFlowFile,24B] to original
[main] DEBUG org.apache.nifi.processors.standard.RouteText - RouteText[id=7eed8dc2-ebc4-49da-951a-9990a8cef519] Adding new dynamic property: PropertyDescriptor[simple]
[pool-4159-thread-1] INFO org.apache.nifi.processors.standard.RouteText - RouteText[id=7eed8dc2-ebc4-49da-951a-9990a8cef519] Created FlowFile[3675,94824629299612.mockFlowFile,24B] from FlowFile[3674,94824629299612.mockFlowFile,24B]; routing to relationship simple
[pool-4159-thread-1] INFO org.apache.nifi.processors.standard.RouteText - RouteText[id=7eed8dc2-ebc4-49da-951a-9990a8cef519] Routing FlowFile[3674,94824629299612.mockFlowFile,24B] to original
[main] DEBUG org.apache.nifi.processors.standard.RouteText - RouteText[id=7eed8dc2-ebc4-49da-951a-9990a8cef519] Adding new dynamic property: PropertyDescriptor[simple]
[pool-4160-thread-1] INFO org.apache.nifi.processors.standard.RouteText - RouteText[id=7eed8dc2-ebc4-49da-951a-9990a8cef519] Created FlowFile[3677,94824629824061.mockFlowFile,24B] from FlowFile[3676,94824629824061.mockFlowFile,24B]; routing to relationship simple
[pool-4160-thread-1] INFO org.apache.nifi.processors.standard.RouteText - RouteText[id=7eed8dc2-ebc4-49da-951a-9990a8cef519] Routing FlowFile[3676,94824629824061.mockFlowFile,24B] to original
[main] DEBUG org.apache.nifi.processors.standard.RouteText - RouteText[id=7eed8dc2-ebc4-49da-951a-9990a8cef519] Adding new dynamic property: PropertyDescriptor[simple]
[pool-4161-thread-1] INFO org.apache.nifi.processors.standard.RouteText - RouteText[id=7eed8dc2-ebc4-49da-951a-9990a8cef519] Created FlowFile[3679,94824630332350.mockFlowFile,24B] from FlowFile[3678,94824630332350.mockFlowFile,24B]; routing to relationship simple
[pool-4161-thread-1] INFO org.apache.nifi.processors.standard.RouteText - RouteText[id=7eed8dc2-ebc4-49da-951a-9990a8cef519] Routing FlowFile[3678,94824630332350.mockFlowFile,24B] to original
[main] DEBUG org.apache.nifi.processors.standard.RouteText - RouteText[id=7eed8dc2-ebc4-49da-951a-9990a8cef519] Adding new dynamic property: PropertyDescriptor[simple]
[pool-4162-thread-1] INFO org.apache.nifi.processors.standard.RouteText - RouteText[id=7eed8dc2-ebc4-49da-951a-9990a8cef519] Created FlowFile[3681,94824630850048.mockFlowFile,24B] from FlowFile[3680,94824630850048.mockFlowFile,24B]; routing to relationship simple
[pool-4162-thread-1] INFO org.apache.nifi.processors.standard.RouteText - RouteText[id=7eed8dc2-ebc4-49da-951a-9990a8cef519] Routing FlowFile[3680,94824630850048.mockFlowFile,24B] to original
[main] DEBUG org.apache.nifi.processors.standard.RouteText - RouteText[id=7eed8dc2-ebc4-49da-951a-9990a8cef519] Adding new dynamic property: PropertyDescriptor[simple]
[pool-4163-thread-1] INFO org.apache.nifi.processors.standard.RouteText - RouteText[id=7eed8dc2-ebc4-49da-951a-9990a8cef519] Created FlowFile[3683,94824631318600.mockFlowFile,24B] from FlowFile[3682,94824631318600.mockFlowFile,24B]; routing to relationship simple
[pool-4163-thread-1] INFO org.apache.nifi.processors.standard.RouteText - RouteText[id=7eed8dc2-ebc4-49da-951a-9990a8cef519] Routing FlowFile[3682,94824631318600.mockFlowFile,24B] to original
[main] DEBUG org.apache.nifi.processors.standard.RouteText - RouteText[id=7eed8dc2-ebc4-49da-951a-9990a8cef519] Adding new dynamic property: PropertyDescriptor[simple]
[pool-4164-thread-1] INFO org.apache.nifi.processors.standard.RouteText - RouteText[id=7eed8dc2-ebc4-49da-951a-9990a8cef519] Created FlowFile[3685,94824631716574.mockFlowFile,24B] from FlowFile[3684,94824631716574.mockFlowFile,24B]; routing to relationship simple
[pool-4164-thread-1] INFO org.apache.nifi.processors.standard.RouteText - RouteText[id=7eed8dc2-ebc4-49da-951a-9990a8cef519] Routing FlowFile[3684,94824631716574.mockFlowFile,24B] to original
[main] DEBUG org.apache.nifi.processors.standard.RouteText - RouteText[id=7eed8dc2-ebc4-49da-951a-9990a8cef519] Adding new dynamic property: PropertyDescriptor[simple]
[pool-4165-thread-1] INFO org.apache.nifi.processors.standard.RouteText - RouteText[id=7eed8dc2-ebc4-49da-951a-9990a8cef519] Created FlowFile[3687,94824632093882.mockFlowFile,24B] from FlowFile[3686,94824632093882.mockFlowFile,24B]; routing to relationship simple
[pool-4165-thread-1] INFO org.apache.nifi.processors.standard.RouteText - RouteText[id=7eed8dc2-ebc4-49da-951a-9990a8cef519] Routing FlowFile[3686,94824632093882.mockFlowFile,24B] to original
[main] DEBUG org.apache.nifi.processors.standard.RouteText - RouteText[id=7eed8dc2-ebc4-49da-951a-9990a8cef519] Adding new dynamic property: PropertyDescriptor[simple]
[pool-4166-thread-1] INFO org.apache.nifi.processors.standard.RouteText - RouteText[id=7eed8dc2-ebc4-49da-951a-9990a8cef519] Created FlowFile[3689,94824632602267.mockFlowFile,24B] from FlowFile[3688,94824632602267.mockFlowFile,24B]; routing to relationship simple
[pool-4166-thread-1] INFO org.apache.nifi.processors.standard.RouteText - RouteText[id=7eed8dc2-ebc4-49da-951a-9990a8cef519] Routing FlowFile[3688,94824632602267.mockFlowFile,24B] to original
[main] DEBUG org.apache.nifi.processors.standard.RouteText - RouteText[id=7eed8dc2-ebc4-49da-951a-9990a8cef519] Adding new dynamic property: PropertyDescriptor[simple]
[pool-4167-thread-1] INFO org.apache.nifi.processors.standard.RouteText - RouteText[id=7eed8dc2-ebc4-49da-951a-9990a8cef519] Created FlowFile[3691,94824633083554.mockFlowFile,24B] from FlowFile[3690,94824633083554.mockFlowFile,24B]; routing to relationship simple
[pool-4167-thread-1] INFO org.apache.nifi.processors.standard.RouteText - RouteText[id=7eed8dc2-ebc4-49da-951a-9990a8cef519] Routing FlowFile[3690,94824633083554.mockFlowFile,24B] to original
[main] DEBUG org.apache.nifi.processors.standard.RouteText - RouteText[id=7eed8dc2-ebc4-49da-951a-9990a8cef519] Adding new dynamic property: PropertyDescriptor[simple]
[pool-4168-thread-1] INFO org.apache.nifi.processors.standard.RouteText - RouteText[id=7eed8dc2-ebc4-49da-951a-9990a8cef519] Created FlowFile[3693,94824633617105.mockFlowFile,24B] from FlowFile[3692,94824633617105.mockFlowFile,24B]; routing to relationship simple
[pool-4168-thread-1] INFO org.apache.nifi.processors.standard.RouteText - RouteText[id=7eed8dc2-ebc4-49da-951a-9990a8cef519] Routing FlowFile[3692,94824633617105.mockFlowFile,24B] to original
[main] DEBUG org.apache.nifi.processors.standard.RouteText - RouteText[id=7eed8dc2-ebc4-49da-951a-9990a8cef519] Adding new dynamic property: PropertyDescriptor[simple]
[pool-4169-thread-1] INFO org.apache.nifi.processors.standard.RouteText - RouteText[id=7eed8dc2-ebc4-49da-951a-9990a8cef519] Created FlowFile[3695,94824634026184.mockFlowFile,24B] from FlowFile[3694,94824634026184.mockFlowFile,24B]; routing to relationship simple
[pool-4169-thread-1] INFO org.apache.nifi.processors.standard.RouteText - RouteText[id=7eed8dc2-ebc4-49da-951a-9990a8cef519] Routing FlowFile[3694,94824634026184.mockFlowFile,24B] to original
[main] DEBUG org.apache.nifi.processors.standard.RouteText - RouteText[id=7eed8dc2-ebc4-49da-951a-9990a8cef519] Adding new dynamic property: PropertyDescriptor[simple]
[pool-4170-thread-1] INFO org.apache.nifi.processors.standard.RouteText - RouteText[id=7eed8dc2-ebc4-49da-951a-9990a8cef519] Created FlowFile[3697,94824634571232.mockFlowFile,24B] from FlowFile[3696,94824634571232.mockFlowFile,24B]; routing to relationship simple
[pool-4170-thread-1] INFO org.apache.nifi.processors.standard.RouteText - RouteText[id=7eed8dc2-ebc4-49da-951a-9990a8cef519] Routing FlowFile[3696,94824634571232.mockFlowFile,24B] to original
[main] DEBUG org.apache.nifi.processors.standard.RouteText - RouteText[id=7eed8dc2-ebc4-49da-951a-9990a8cef519] Adding new dynamic property: PropertyDescriptor[simple]
[pool-4171-thread-1] INFO org.apache.nifi.processors.standard.RouteText - RouteText[id=7eed8dc2-ebc4-49da-951a-9990a8cef519] Created FlowFile[3699,94824634983615.mockFlowFile,24B] from FlowFile[3698,94824634983615.mockFlowFile,24B]; routing to relationship simple
[pool-4171-thread-1] INFO org.apache.nifi.processors.standard.RouteText - RouteText[id=7eed8dc2-ebc4-49da-951a-9990a8cef519] Routing FlowFile[3698,94824634983615.mockFlowFile,24B] to original
[main] DEBUG org.apache.nifi.processors.standard.RouteText - RouteText[id=7eed8dc2-ebc4-49da-951a-9990a8cef519] Adding new dynamic property: PropertyDescriptor[simple]
[pool-4172-thread-1] INFO org.apache.nifi.processors.standard.RouteText - RouteText[id=7eed8dc2-ebc4-49da-951a-9990a8cef519] Created FlowFile[3701,94824635582403.mockFlowFile,24B] from FlowFile[3700,94824635582403.mockFlowFile,24B]; routing to relationship simple
[pool-4172-thread-1] INFO org.apache.nifi.processors.standard.RouteText - RouteText[id=7eed8dc2-ebc4-49da-951a-9990a8cef519] Routing FlowFile[3700,94824635582403.mockFlowFile,24B] to original
[main] DEBUG org.apache.nifi.processors.standard.RouteText - RouteText[id=7eed8dc2-ebc4-49da-951a-9990a8cef519] Adding new dynamic property: PropertyDescriptor[simple]
[pool-4173-thread-1] INFO org.apache.nifi.processors.standard.RouteText - RouteText[id=7eed8dc2-ebc4-49da-951a-9990a8cef519] Created FlowFile[3703,94824636136903.mockFlowFile,24B] from FlowFile[3702,94824636136903.mockFlowFile,24B]; routing to relationship simple
[pool-4173-thread-1] INFO org.apache.nifi.processors.standard.RouteText - RouteText[id=7eed8dc2-ebc4-49da-951a-9990a8cef519] Routing FlowFile[3702,94824636136903.mockFlowFile,24B] to original
[main] DEBUG org.apache.nifi.processors.standard.RouteText - RouteText[id=7eed8dc2-ebc4-49da-951a-9990a8cef519] Adding new dynamic property: PropertyDescriptor[simple]
[pool-4174-thread-1] INFO org.apache.nifi.processors.standard.RouteText - RouteText[id=7eed8dc2-ebc4-49da-951a-9990a8cef519] Created FlowFile[3705,94824636621103.mockFlowFile,24B] from FlowFile[3704,94824636621103.mockFlowFile,24B]; routing to relationship simple
[pool-4174-thread-1] INFO org.apache.nifi.processors.standard.RouteText - RouteText[id=7eed8dc2-ebc4-49da-951a-9990a8cef519] Routing FlowFile[3704,94824636621103.mockFlowFile,24B] to original
[main] DEBUG org.apache.nifi.processors.standard.RouteText - RouteText[id=7eed8dc2-ebc4-49da-951a-9990a8cef519] Adding new dynamic property: PropertyDescriptor[simple]
[pool-4175-thread-1] INFO org.apache.nifi.processors.standard.RouteText - RouteText[id=7eed8dc2-ebc4-49da-951a-9990a8cef519] Created FlowFile[3707,94824637101811.mockFlowFile,24B] from FlowFile[3706,94824637101811.mockFlowFile,24B]; routing to relationship simple
[pool-4175-thread-1] INFO org.apache.nifi.processors.standard.RouteText - RouteText[id=7eed8dc2-ebc4-49da-951a-9990a8cef519] Routing FlowFile[3706,94824637101811.mockFlowFile,24B] to original
[main] DEBUG org.apache.nifi.processors.standard.RouteText - RouteText[id=7eed8dc2-ebc4-49da-951a-9990a8cef519] Adding new dynamic property: PropertyDescriptor[simple]
[pool-4176-thread-1] INFO org.apache.nifi.processors.standard.RouteText - RouteText[id=7eed8dc2-ebc4-49da-951a-9990a8cef519] Created FlowFile[3709,94824637563331.mockFlowFile,24B] from FlowFile[3708,94824637563331.mockFlowFile,24B]; routing to relationship simple
[pool-4176-thread-1] INFO org.apache.nifi.processors.standard.RouteText - RouteText[id=7eed8dc2-ebc4-49da-951a-9990a8cef519] Routing FlowFile[3708,94824637563331.mockFlowFile,24B] to original
[main] DEBUG org.apache.nifi.processors.standard.RouteText - RouteText[id=7eed8dc2-ebc4-49da-951a-9990a8cef519] Adding new dynamic property: PropertyDescriptor[simple]
[pool-4177-thread-1] INFO org.apache.nifi.processors.standard.RouteText - RouteText[id=7eed8dc2-ebc4-49da-951a-9990a8cef519] Created FlowFile[3711,94824637959557.mockFlowFile,24B] from FlowFile[3710,94824637959557.mockFlowFile,24B]; routing to relationship simple
[pool-4177-thread-1] INFO org.apache.nifi.processors.standard.RouteText - RouteText[id=7eed8dc2-ebc4-49da-951a-9990a8cef519] Routing FlowFile[3710,94824637959557.mockFlowFile,24B] to original
[main] DEBUG org.apache.nifi.processors.standard.RouteText - RouteText[id=7eed8dc2-ebc4-49da-951a-9990a8cef519] Adding new dynamic property: PropertyDescriptor[simple]
[pool-4178-thread-1] INFO org.apache.nifi.processors.standard.RouteText - RouteText[id=7eed8dc2-ebc4-49da-951a-9990a8cef519] Created FlowFile[3713,94824638310719.mockFlowFile,24B] from FlowFile[3712,94824638310719.mockFlowFile,24B]; routing to relationship simple
[pool-4178-thread-1] INFO org.apache.nifi.processors.standard.RouteText - RouteText[id=7eed8dc2-ebc4-49da-951a-9990a8cef519] Routing FlowFile[3712,94824638310719.mockFlowFile,24B] to original
[main] DEBUG org.apache.nifi.processors.standard.RouteText - RouteText[id=7eed8dc2-ebc4-49da-951a-9990a8cef519] Adding new dynamic property: PropertyDescriptor[simple]
[pool-4179-thread-1] INFO org.apache.nifi.processors.standard.RouteText - RouteText[id=7eed8dc2-ebc4-49da-951a-9990a8cef519] Created FlowFile[3715,94824638644581.mockFlowFile,24B] from FlowFile[3714,94824638644581.mockFlowFile,24B]; routing to relationship simple
[pool-4179-thread-1] INFO org.apache.nifi.processors.standard.RouteText - RouteText[id=7eed8dc2-ebc4-49da-951a-9990a8cef519] Routing FlowFile[3714,94824638644581.mockFlowFile,24B] to original
[main] DEBUG org.apache.nifi.processors.standard.RouteText - RouteText[id=7eed8dc2-ebc4-49da-951a-9990a8cef519] Adding new dynamic property: PropertyDescriptor[simple]
[pool-4180-thread-1] INFO org.apache.nifi.processors.standard.RouteText - RouteText[id=7eed8dc2-ebc4-49da-951a-9990a8cef519] Created FlowFile[3717,94824638985226.mockFlowFile,24B] from FlowFile[3716,94824638985226.mockFlowFile,24B]; routing to relationship simple
[pool-4180-thread-1] INFO org.apache.nifi.processors.standard.RouteText - RouteText[id=7eed8dc2-ebc4-49da-951a-9990a8cef519] Routing FlowFile[3716,94824638985226.mockFlowFile,24B] to original
[main] DEBUG org.apache.nifi.processors.standard.RouteText - RouteText[id=7eed8dc2-ebc4-49da-951a-9990a8cef519] Adding new dynamic property: PropertyDescriptor[simple]
[pool-4181-thread-1] INFO org.apache.nifi.processors.standard.RouteText - RouteText[id=7eed8dc2-ebc4-49da-951a-9990a8cef519] Created FlowFile[3719,94824639380908.mockFlowFile,24B] from FlowFile[3718,94824639380908.mockFlowFile,24B]; routing to relationship simple
[pool-4181-thread-1] INFO org.apache.nifi.processors.standard.RouteText - RouteText[id=7eed8dc2-ebc4-49da-951a-9990a8cef519] Routing FlowFile[3718,94824639380908.mockFlowFile,24B] to original
[main] DEBUG org.apache.nifi.processors.standard.RouteText - RouteText[id=7eed8dc2-ebc4-49da-951a-9990a8cef519] Adding new dynamic property: PropertyDescriptor[simple]
[pool-4182-thread-1] INFO org.apache.nifi.processors.standard.RouteText - RouteText[id=7eed8dc2-ebc4-49da-951a-9990a8cef519] Created FlowFile[3721,94824639761005.mockFlowFile,24B] from FlowFile[3720,94824639761005.mockFlowFile,24B]; routing to relationship simple
[pool-4182-thread-1] INFO org.apache.nifi.processors.standard.RouteText - RouteText[id=7eed8dc2-ebc4-49da-951a-9990a8cef519] Routing FlowFile[3720,94824639761005.mockFlowFile,24B] to original
[main] DEBUG org.apache.nifi.processors.standard.RouteText - RouteText[id=7eed8dc2-ebc4-49da-951a-9990a8cef519] Adding new dynamic property: PropertyDescriptor[simple]
[pool-4183-thread-1] INFO org.apache.nifi.processors.standard.RouteText - RouteText[id=7eed8dc2-ebc4-49da-951a-9990a8cef519] Created FlowFile[3723,94824640106878.mockFlowFile,24B] from FlowFile[3722,94824640106878.mockFlowFile,24B]; routing to relationship simple
[pool-4183-thread-1] INFO org.apache.nifi.processors.standard.RouteText - RouteText[id=7eed8dc2-ebc4-49da-951a-9990a8cef519] Routing FlowFile[3722,94824640106878.mockFlowFile,24B] to original
[main] DEBUG org.apache.nifi.processors.standard.RouteText - RouteText[id=7eed8dc2-ebc4-49da-951a-9990a8cef519] Adding new dynamic property: PropertyDescriptor[simple]
[pool-4184-thread-1] INFO org.apache.nifi.processors.standard.RouteText - RouteText[id=7eed8dc2-ebc4-49da-951a-9990a8cef519] Created FlowFile[3725,94824640584849.mockFlowFile,24B] from FlowFile[3724,94824640584849.mockFlowFile,24B]; routing to relationship simple
[pool-4184-thread-1] INFO org.apache.nifi.processors.standard.RouteText - RouteText[id=7eed8dc2-ebc4-49da-951a-9990a8cef519] Routing FlowFile[3724,94824640584849.mockFlowFile,24B] to original
[main] DEBUG org.apache.nifi.processors.standard.RouteText - RouteText[id=7eed8dc2-ebc4-49da-951a-9990a8cef519] Adding new dynamic property: PropertyDescriptor[simple]
[pool-4185-thread-1] INFO org.apache.nifi.processors.standard.RouteText - RouteText[id=7eed8dc2-ebc4-49da-951a-9990a8cef519] Created FlowFile[3727,94824641095359.mockFlowFile,24B] from FlowFile[3726,94824641095359.mockFlowFile,24B]; routing to relationship simple
[pool-4185-thread-1] INFO org.apache.nifi.processors.standard.RouteText - RouteText[id=7eed8dc2-ebc4-49da-951a-9990a8cef519] Routing FlowFile[3726,94824641095359.mockFlowFile,24B] to original
[main] DEBUG org.apache.nifi.processors.standard.RouteText - RouteText[id=7eed8dc2-ebc4-49da-951a-9990a8cef519] Adding new dynamic property: PropertyDescriptor[simple]
[pool-4186-thread-1] INFO org.apache.nifi.processors.standard.RouteText - RouteText[id=7eed8dc2-ebc4-49da-951a-9990a8cef519] Created FlowFile[3729,94824641543224.mockFlowFile,24B] from FlowFile[3728,94824641543224.mockFlowFile,24B]; routing to relationship simple
[pool-4186-thread-1] INFO org.apache.nifi.processors.standard.RouteText - RouteText[id=7eed8dc2-ebc4-49da-951a-9990a8cef519] Routing FlowFile[3728,94824641543224.mockFlowFile,24B] to original
[main] DEBUG org.apache.nifi.processors.standard.RouteText - RouteText[id=7eed8dc2-ebc4-49da-951a-9990a8cef519] Adding new dynamic property: PropertyDescriptor[simple]
[pool-4187-thread-1] INFO org.apache.nifi.processors.standard.RouteText - RouteText[id=7eed8dc2-ebc4-49da-951a-9990a8cef519] Created FlowFile[3731,94824641881924.mockFlowFile,24B] from FlowFile[3730,94824641881924.mockFlowFile,24B]; routing to relationship simple
[pool-4187-thread-1] INFO org.apache.nifi.processors.standard.RouteText - RouteText[id=7eed8dc2-ebc4-49da-951a-9990a8cef519] Routing FlowFile[3730,94824641881924.mockFlowFile,24B] to original
[main] DEBUG org.apache.nifi.processors.standard.RouteText - RouteText[id=7eed8dc2-ebc4-49da-951a-9990a8cef519] Adding new dynamic property: PropertyDescriptor[simple]
[pool-4188-thread-1] INFO org.apache.nifi.processors.standard.RouteText - RouteText[id=7eed8dc2-ebc4-49da-951a-9990a8cef519] Created FlowFile[3733,94824642215273.mockFlowFile,24B] from FlowFile[3732,94824642215273.mockFlowFile,24B]; routing to relationship simple
[pool-4188-thread-1] INFO org.apache.nifi.processors.standard.RouteText - RouteText[id=7eed8dc2-ebc4-49da-951a-9990a8cef519] Routing FlowFile[3732,94824642215273.mockFlowFile,24B] to original
[main] DEBUG org.apache.nifi.processors.standard.RouteText - RouteText[id=7eed8dc2-ebc4-49da-951a-9990a8cef519] Adding new dynamic property: PropertyDescriptor[simple]
[pool-4189-thread-1] INFO org.apache.nifi.processors.standard.RouteText - RouteText[id=7eed8dc2-ebc4-49da-951a-9990a8cef519] Created FlowFile[3735,94824642544684.mockFlowFile,24B] from FlowFile[3734,94824642544684.mockFlowFile,24B]; routing to relationship simple
[pool-4189-thread-1] INFO org.apache.nifi.processors.standard.RouteText - RouteText[id=7eed8dc2-ebc4-49da-951a-9990a8cef519] Routing FlowFile[3734,94824642544684.mockFlowFile,24B] to original
[main] DEBUG org.apache.nifi.processors.standard.RouteText - RouteText[id=7eed8dc2-ebc4-49da-951a-9990a8cef519] Adding new dynamic property: PropertyDescriptor[simple]
[pool-4190-thread-1] INFO org.apache.nifi.processors.standard.RouteText - RouteText[id=7eed8dc2-ebc4-49da-951a-9990a8cef519] Created FlowFile[3737,94824642883290.mockFlowFile,24B] from FlowFile[3736,94824642883290.mockFlowFile,24B]; routing to relationship simple
[pool-4190-thread-1] INFO org.apache.nifi.processors.standard.RouteText - RouteText[id=7eed8dc2-ebc4-49da-951a-9990a8cef519] Routing FlowFile[3736,94824642883290.mockFlowFile,24B] to original
[main] DEBUG org.apache.nifi.processors.standard.RouteText - RouteText[id=7eed8dc2-ebc4-49da-951a-9990a8cef519] Adding new dynamic property: PropertyDescriptor[simple]
[pool-4191-thread-1] INFO org.apache.nifi.processors.standard.RouteText - RouteText[id=7eed8dc2-ebc4-49da-951a-9990a8cef519] Created FlowFile[3739,94824643309695.mockFlowFile,24B] from FlowFile[3738,94824643309695.mockFlowFile,24B]; routing to relationship simple
[pool-4191-thread-1] INFO org.apache.nifi.processors.standard.RouteText - RouteText[id=7eed8dc2-ebc4-49da-951a-9990a8cef519] Routing FlowFile[3738,94824643309695.mockFlowFile,24B] to original
[main] DEBUG org.apache.nifi.processors.standard.RouteText - RouteText[id=7eed8dc2-ebc4-49da-951a-9990a8cef519] Adding new dynamic property: PropertyDescriptor[simple]
[pool-4192-thread-1] INFO org.apache.nifi.processors.standard.RouteText - RouteText[id=7eed8dc2-ebc4-49da-951a-9990a8cef519] Created FlowFile[3741,94824643704101.mockFlowFile,24B] from FlowFile[3740,94824643704101.mockFlowFile,24B]; routing to relationship simple
[pool-4192-thread-1] INFO org.apache.nifi.processors.standard.RouteText - RouteText[id=7eed8dc2-ebc4-49da-951a-9990a8cef519] Routing FlowFile[3740,94824643704101.mockFlowFile,24B] to original
[main] DEBUG org.apache.nifi.processors.standard.RouteText - RouteText[id=7eed8dc2-ebc4-49da-951a-9990a8cef519] Adding new dynamic property: PropertyDescriptor[simple]
[pool-4193-thread-1] INFO org.apache.nifi.processors.standard.RouteText - RouteText[id=7eed8dc2-ebc4-49da-951a-9990a8cef519] Created FlowFile[3743,94824644060578.mockFlowFile,24B] from FlowFile[3742,94824644060578.mockFlowFile,24B]; routing to relationship simple
[pool-4193-thread-1] INFO org.apache.nifi.processors.standard.RouteText - RouteText[id=7eed8dc2-ebc4-49da-951a-9990a8cef519] Routing FlowFile[3742,94824644060578.mockFlowFile,24B] to original
[main] DEBUG org.apache.nifi.processors.standard.RouteText - RouteText[id=7eed8dc2-ebc4-49da-951a-9990a8cef519] Adding new dynamic property: PropertyDescriptor[simple]
[pool-4194-thread-1] INFO org.apache.nifi.processors.standard.RouteText - RouteText[id=7eed8dc2-ebc4-49da-951a-9990a8cef519] Created FlowFile[3745,94824644511025.mockFlowFile,24B] from FlowFile[3744,94824644511025.mockFlowFile,24B]; routing to relationship simple
[pool-4194-thread-1] INFO org.apache.nifi.processors.standard.RouteText - RouteText[id=7eed8dc2-ebc4-49da-951a-9990a8cef519] Routing FlowFile[3744,94824644511025.mockFlowFile,24B] to original
[main] DEBUG org.apache.nifi.processors.standard.RouteText - RouteText[id=7eed8dc2-ebc4-49da-951a-9990a8cef519] Adding new dynamic property: PropertyDescriptor[simple]
[pool-4195-thread-1] INFO org.apache.nifi.processors.standard.RouteText - RouteText[id=7eed8dc2-ebc4-49da-951a-9990a8cef519] Created FlowFile[3747,94824644963769.mockFlowFile,24B] from FlowFile[3746,94824644963769.mockFlowFile,24B]; routing to relationship simple
[pool-4195-thread-1] INFO org.apache.nifi.processors.standard.RouteText - RouteText[id=7eed8dc2-ebc4-49da-951a-9990a8cef519] Routing FlowFile[3746,94824644963769.mockFlowFile,24B] to original
[main] DEBUG org.apache.nifi.processors.standard.RouteText - RouteText[id=7eed8dc2-ebc4-49da-951a-9990a8cef519] Adding new dynamic property: PropertyDescriptor[simple]
[pool-4196-thread-1] INFO org.apache.nifi.processors.standard.RouteText - RouteText[id=7eed8dc2-ebc4-49da-951a-9990a8cef519] Created FlowFile[3749,94824645316049.mockFlowFile,24B] from FlowFile[3748,94824645316049.mockFlowFile,24B]; routing to relationship simple
[pool-4196-thread-1] INFO org.apache.nifi.processors.standard.RouteText - RouteText[id=7eed8dc2-ebc4-49da-951a-9990a8cef519] Routing FlowFile[3748,94824645316049.mockFlowFile,24B] to original
[main] DEBUG org.apache.nifi.processors.standard.RouteText - RouteText[id=7eed8dc2-ebc4-49da-951a-9990a8cef519] Adding new dynamic property: PropertyDescriptor[simple]
[pool-4197-thread-1] INFO org.apache.nifi.processors.standard.RouteText - RouteText[id=7eed8dc2-ebc4-49da-951a-9990a8cef519] Created FlowFile[3751,94824645679544.mockFlowFile,24B] from FlowFile[3750,94824645679544.mockFlowFile,24B]; routing to relationship simple
[pool-4197-thread-1] INFO org.apache.nifi.processors.standard.RouteText - RouteText[id=7eed8dc2-ebc4-49da-951a-9990a8cef519] Routing FlowFile[3750,94824645679544.mockFlowFile,24B] to original
[main] DEBUG org.apache.nifi.processors.standard.RouteText - RouteText[id=7eed8dc2-ebc4-49da-951a-9990a8cef519] Adding new dynamic property: PropertyDescriptor[simple]
[pool-4198-thread-1] INFO org.apache.nifi.processors.standard.RouteText - RouteText[id=7eed8dc2-ebc4-49da-951a-9990a8cef519] Created FlowFile[3753,94824646017718.mockFlowFile,24B] from FlowFile[3752,94824646017718.mockFlowFile,24B]; routing to relationship simple
[pool-4198-thread-1] INFO org.apache.nifi.processors.standard.RouteText - RouteText[id=7eed8dc2-ebc4-49da-951a-9990a8cef519] Routing FlowFile[3752,94824646017718.mockFlowFile,24B] to original
[main] DEBUG org.apache.nifi.processors.standard.RouteText - RouteText[id=7eed8dc2-ebc4-49da-951a-9990a8cef519] Adding new dynamic property: PropertyDescriptor[simple]
[pool-4199-thread-1] INFO org.apache.nifi.processors.standard.RouteText - RouteText[id=7eed8dc2-ebc4-49da-951a-9990a8cef519] Created FlowFile[3755,94824646450213.mockFlowFile,24B] from FlowFile[3754,94824646450213.mockFlowFile,24B]; routing to relationship simple
[pool-4199-thread-1] INFO org.apache.nifi.processors.standard.RouteText - RouteText[id=7eed8dc2-ebc4-49da-951a-9990a8cef519] Routing FlowFile[3754,94824646450213.mockFlowFile,24B] to original
[main] DEBUG org.apache.nifi.processors.standard.RouteText - RouteText[id=7eed8dc2-ebc4-49da-951a-9990a8cef519] Adding new dynamic property: PropertyDescriptor[simple]
[pool-4200-thread-1] INFO org.apache.nifi.processors.standard.RouteText - RouteText[id=7eed8dc2-ebc4-49da-951a-9990a8cef519] Created FlowFile[3757,94824646791885.mockFlowFile,24B] from FlowFile[3756,94824646791885.mockFlowFile,24B]; routing to relationship simple
[pool-4200-thread-1] INFO org.apache.nifi.processors.standard.RouteText - RouteText[id=7eed8dc2-ebc4-49da-951a-9990a8cef519] Routing FlowFile[3756,94824646791885.mockFlowFile,24B] to original
[main] DEBUG org.apache.nifi.processors.standard.RouteText - RouteText[id=7eed8dc2-ebc4-49da-951a-9990a8cef519] Adding new dynamic property: PropertyDescriptor[simple]
[pool-4201-thread-1] INFO org.apache.nifi.processors.standard.RouteText - RouteText[id=7eed8dc2-ebc4-49da-951a-9990a8cef519] Created FlowFile[3759,94824647188192.mockFlowFile,24B] from FlowFile[3758,94824647188192.mockFlowFile,24B]; routing to relationship simple
[pool-4201-thread-1] INFO org.apache.nifi.processors.standard.RouteText - RouteText[id=7eed8dc2-ebc4-49da-951a-9990a8cef519] Routing FlowFile[3758,94824647188192.mockFlowFile,24B] to original
[main] DEBUG org.apache.nifi.processors.standard.RouteText - RouteText[id=7eed8dc2-ebc4-49da-951a-9990a8cef519] Adding new dynamic property: PropertyDescriptor[simple]
[pool-4202-thread-1] INFO org.apache.nifi.processors.standard.RouteText - RouteText[id=7eed8dc2-ebc4-49da-951a-9990a8cef519] Created FlowFile[3761,94824647719603.mockFlowFile,24B] from FlowFile[3760,94824647719603.mockFlowFile,24B]; routing to relationship simple
[pool-4202-thread-1] INFO org.apache.nifi.processors.standard.RouteText - RouteText[id=7eed8dc2-ebc4-49da-951a-9990a8cef519] Routing FlowFile[3760,94824647719603.mockFlowFile,24B] to original
[main] DEBUG org.apache.nifi.processors.standard.RouteText - RouteText[id=7eed8dc2-ebc4-49da-951a-9990a8cef519] Adding new dynamic property: PropertyDescriptor[simple]
[pool-4203-thread-1] INFO org.apache.nifi.processors.standard.RouteText - RouteText[id=7eed8dc2-ebc4-49da-951a-9990a8cef519] Created FlowFile[3763,94824648168455.mockFlowFile,24B] from FlowFile[3762,94824648168455.mockFlowFile,24B]; routing to relationship simple
[pool-4203-thread-1] INFO org.apache.nifi.processors.standard.RouteText - RouteText[id=7eed8dc2-ebc4-49da-951a-9990a8cef519] Routing FlowFile[3762,94824648168455.mockFlowFile,24B] to original
[main] DEBUG org.apache.nifi.processors.standard.RouteText - RouteText[id=7eed8dc2-ebc4-49da-951a-9990a8cef519] Adding new dynamic property: PropertyDescriptor[simple]
[pool-4204-thread-1] INFO org.apache.nifi.processors.standard.RouteText - RouteText[id=7eed8dc2-ebc4-49da-951a-9990a8cef519] Created FlowFile[3765,94824648642742.mockFlowFile,24B] from FlowFile[3764,94824648642742.mockFlowFile,24B]; routing to relationship simple
[pool-4204-thread-1] INFO org.apache.nifi.processors.standard.RouteText - RouteText[id=7eed8dc2-ebc4-49da-951a-9990a8cef519] Routing FlowFile[3764,94824648642742.mockFlowFile,24B] to original
[main] DEBUG org.apache.nifi.processors.standard.RouteText - RouteText[id=7eed8dc2-ebc4-49da-951a-9990a8cef519] Adding new dynamic property: PropertyDescriptor[simple]
[pool-4205-thread-1] INFO org.apache.nifi.processors.standard.RouteText - RouteText[id=7eed8dc2-ebc4-49da-951a-9990a8cef519] Created FlowFile[3767,94824649115628.mockFlowFile,24B] from FlowFile[3766,94824649115628.mockFlowFile,24B]; routing to relationship simple
[pool-4205-thread-1] INFO org.apache.nifi.processors.standard.RouteText - RouteText[id=7eed8dc2-ebc4-49da-951a-9990a8cef519] Routing FlowFile[3766,94824649115628.mockFlowFile,24B] to original
[main] DEBUG org.apache.nifi.processors.standard.RouteText - RouteText[id=7eed8dc2-ebc4-49da-951a-9990a8cef519] Adding new dynamic property: PropertyDescriptor[simple]
[pool-4206-thread-1] INFO org.apache.nifi.processors.standard.RouteText - RouteText[id=7eed8dc2-ebc4-49da-951a-9990a8cef519] Created FlowFile[3769,94824649564232.mockFlowFile,24B] from FlowFile[3768,94824649564232.mockFlowFile,24B]; routing to relationship simple
[pool-4206-thread-1] INFO org.apache.nifi.processors.standard.RouteText - RouteText[id=7eed8dc2-ebc4-49da-951a-9990a8cef519] Routing FlowFile[3768,94824649564232.mockFlowFile,24B] to original
[main] DEBUG org.apache.nifi.processors.standard.RouteText - RouteText[id=7eed8dc2-ebc4-49da-951a-9990a8cef519] Adding new dynamic property: PropertyDescriptor[simple]
[pool-4207-thread-1] INFO org.apache.nifi.processors.standard.RouteText - RouteText[id=7eed8dc2-ebc4-49da-951a-9990a8cef519] Created FlowFile[3771,94824649928024.mockFlowFile,24B] from FlowFile[3770,94824649928024.mockFlowFile,24B]; routing to relationship simple
[pool-4207-thread-1] INFO org.apache.nifi.processors.standard.RouteText - RouteText[id=7eed8dc2-ebc4-49da-951a-9990a8cef519] Routing FlowFile[3770,94824649928024.mockFlowFile,24B] to original
[main] DEBUG org.apache.nifi.processors.standard.RouteText - RouteText[id=7eed8dc2-ebc4-49da-951a-9990a8cef519] Adding new dynamic property: PropertyDescriptor[simple]
[pool-4208-thread-1] INFO org.apache.nifi.processors.standard.RouteText - RouteText[id=7eed8dc2-ebc4-49da-951a-9990a8cef519] Created FlowFile[3773,94824650278611.mockFlowFile,24B] from FlowFile[3772,94824650278611.mockFlowFile,24B]; routing to relationship simple
[pool-4208-thread-1] INFO org.apache.nifi.processors.standard.RouteText - RouteText[id=7eed8dc2-ebc4-49da-951a-9990a8cef519] Routing FlowFile[3772,94824650278611.mockFlowFile,24B] to original
[main] DEBUG org.apache.nifi.processors.standard.RouteText - RouteText[id=7eed8dc2-ebc4-49da-951a-9990a8cef519] Adding new dynamic property: PropertyDescriptor[simple]
[pool-4209-thread-1] INFO org.apache.nifi.processors.standard.RouteText - RouteText[id=7eed8dc2-ebc4-49da-951a-9990a8cef519] Created FlowFile[3775,94824650637271.mockFlowFile,24B] from FlowFile[3774,94824650637271.mockFlowFile,24B]; routing to relationship simple
[pool-4209-thread-1] INFO org.apache.nifi.processors.standard.RouteText - RouteText[id=7eed8dc2-ebc4-49da-951a-9990a8cef519] Routing FlowFile[3774,94824650637271.mockFlowFile,24B] to original
[main] DEBUG org.apache.nifi.processors.standard.RouteText - RouteText[id=7eed8dc2-ebc4-49da-951a-9990a8cef519] Adding new dynamic property: PropertyDescriptor[simple]
[pool-4210-thread-1] INFO org.apache.nifi.processors.standard.RouteText - RouteText[id=7eed8dc2-ebc4-49da-951a-9990a8cef519] Created FlowFile[3777,94824650993730.mockFlowFile,24B] from FlowFile[3776,94824650993730.mockFlowFile,24B]; routing to relationship simple
[pool-4210-thread-1] INFO org.apache.nifi.processors.standard.RouteText - RouteText[id=7eed8dc2-ebc4-49da-951a-9990a8cef519] Routing FlowFile[3776,94824650993730.mockFlowFile,24B] to original
[main] DEBUG org.apache.nifi.processors.standard.RouteText - RouteText[id=7eed8dc2-ebc4-49da-951a-9990a8cef519] Adding new dynamic property: PropertyDescriptor[simple]
[pool-4211-thread-1] INFO org.apache.nifi.processors.standard.RouteText - RouteText[id=7eed8dc2-ebc4-49da-951a-9990a8cef519] Created FlowFile[3779,94824651611049.mockFlowFile,24B] from FlowFile[3778,94824651611049.mockFlowFile,24B]; routing to relationship simple
[pool-4211-thread-1] INFO org.apache.nifi.processors.standard.RouteText - RouteText[id=7eed8dc2-ebc4-49da-951a-9990a8cef519] Routing FlowFile[3778,94824651611049.mockFlowFile,24B] to original
[main] DEBUG org.apache.nifi.processors.standard.RouteText - RouteText[id=7eed8dc2-ebc4-49da-951a-9990a8cef519] Adding new dynamic property: PropertyDescriptor[simple]
[pool-4212-thread-1] INFO org.apache.nifi.processors.standard.RouteText - RouteText[id=7eed8dc2-ebc4-49da-951a-9990a8cef519] Created FlowFile[3781,94824651989407.mockFlowFile,24B] from FlowFile[3780,94824651989407.mockFlowFile,24B]; routing to relationship simple
[pool-4212-thread-1] INFO org.apache.nifi.processors.standard.RouteText - RouteText[id=7eed8dc2-ebc4-49da-951a-9990a8cef519] Routing FlowFile[3780,94824651989407.mockFlowFile,24B] to original
[main] DEBUG org.apache.nifi.processors.standard.RouteText - RouteText[id=7eed8dc2-ebc4-49da-951a-9990a8cef519] Adding new dynamic property: PropertyDescriptor[simple]
[pool-4213-thread-1] INFO org.apache.nifi.processors.standard.RouteText - RouteText[id=7eed8dc2-ebc4-49da-951a-9990a8cef519] Created FlowFile[3783,94824652432182.mockFlowFile,24B] from FlowFile[3782,94824652432182.mockFlowFile,24B]; routing to relationship simple
[pool-4213-thread-1] INFO org.apache.nifi.processors.standard.RouteText - RouteText[id=7eed8dc2-ebc4-49da-951a-9990a8cef519] Routing FlowFile[3782,94824652432182.mockFlowFile,24B] to original
[main] DEBUG org.apache.nifi.processors.standard.RouteText - RouteText[id=7eed8dc2-ebc4-49da-951a-9990a8cef519] Adding new dynamic property: PropertyDescriptor[simple]
[pool-4214-thread-1] INFO org.apache.nifi.processors.standard.RouteText - RouteText[id=7eed8dc2-ebc4-49da-951a-9990a8cef519] Created FlowFile[3785,94824652884877.mockFlowFile,24B] from FlowFile[3784,94824652884877.mockFlowFile,24B]; routing to relationship simple
[pool-4214-thread-1] INFO org.apache.nifi.processors.standard.RouteText - RouteText[id=7eed8dc2-ebc4-49da-951a-9990a8cef519] Routing FlowFile[3784,94824652884877.mockFlowFile,24B] to original
[main] DEBUG org.apache.nifi.processors.standard.RouteText - RouteText[id=7eed8dc2-ebc4-49da-951a-9990a8cef519] Adding new dynamic property: PropertyDescriptor[simple]
[pool-4215-thread-1] INFO org.apache.nifi.processors.standard.RouteText - RouteText[id=7eed8dc2-ebc4-49da-951a-9990a8cef519] Created FlowFile[3787,94824653278886.mockFlowFile,24B] from FlowFile[3786,94824653278886.mockFlowFile,24B]; routing to relationship simple
[pool-4215-thread-1] INFO org.apache.nifi.processors.standard.RouteText - RouteText[id=7eed8dc2-ebc4-49da-951a-9990a8cef519] Routing FlowFile[3786,94824653278886.mockFlowFile,24B] to original
[main] DEBUG org.apache.nifi.processors.standard.RouteText - RouteText[id=7eed8dc2-ebc4-49da-951a-9990a8cef519] Adding new dynamic property: PropertyDescriptor[simple]
[pool-4216-thread-1] INFO org.apache.nifi.processors.standard.RouteText - RouteText[id=7eed8dc2-ebc4-49da-951a-9990a8cef519] Created FlowFile[3789,94824653639127.mockFlowFile,24B] from FlowFile[3788,94824653639127.mockFlowFile,24B]; routing to relationship simple
[pool-4216-thread-1] INFO org.apache.nifi.processors.standard.RouteText - RouteText[id=7eed8dc2-ebc4-49da-951a-9990a8cef519] Routing FlowFile[3788,94824653639127.mockFlowFile,24B] to original
[main] DEBUG org.apache.nifi.processors.standard.RouteText - RouteText[id=7eed8dc2-ebc4-49da-951a-9990a8cef519] Adding new dynamic property: PropertyDescriptor[simple]
[pool-4217-thread-1] INFO org.apache.nifi.processors.standard.RouteText - RouteText[id=7eed8dc2-ebc4-49da-951a-9990a8cef519] Created FlowFile[3791,94824653991100.mockFlowFile,24B] from FlowFile[3790,94824653991100.mockFlowFile,24B]; routing to relationship simple
[pool-4217-thread-1] INFO org.apache.nifi.processors.standard.RouteText - RouteText[id=7eed8dc2-ebc4-49da-951a-9990a8cef519] Routing FlowFile[3790,94824653991100.mockFlowFile,24B] to original
[main] DEBUG org.apache.nifi.processors.standard.RouteText - RouteText[id=7eed8dc2-ebc4-49da-951a-9990a8cef519] Adding new dynamic property: PropertyDescriptor[simple]
[pool-4218-thread-1] INFO org.apache.nifi.processors.standard.RouteText - RouteText[id=7eed8dc2-ebc4-49da-951a-9990a8cef519] Created FlowFile[3793,94824654350796.mockFlowFile,24B] from FlowFile[3792,94824654350796.mockFlowFile,24B]; routing to relationship simple
[pool-4218-thread-1] INFO org.apache.nifi.processors.standard.RouteText - RouteText[id=7eed8dc2-ebc4-49da-951a-9990a8cef519] Routing FlowFile[3792,94824654350796.mockFlowFile,24B] to original
[main] DEBUG org.apache.nifi.processors.standard.RouteText - RouteText[id=7eed8dc2-ebc4-49da-951a-9990a8cef519] Adding new dynamic property: PropertyDescriptor[simple]
[pool-4219-thread-1] INFO org.apache.nifi.processors.standard.RouteText - RouteText[id=7eed8dc2-ebc4-49da-951a-9990a8cef519] Created FlowFile[3795,94824654707921.mockFlowFile,24B] from FlowFile[3794,94824654707921.mockFlowFile,24B]; routing to relationship simple
[pool-4219-thread-1] INFO org.apache.nifi.processors.standard.RouteText - RouteText[id=7eed8dc2-ebc4-49da-951a-9990a8cef519] Routing FlowFile[3794,94824654707921.mockFlowFile,24B] to original
[main] DEBUG org.apache.nifi.processors.standard.RouteText - RouteText[id=7eed8dc2-ebc4-49da-951a-9990a8cef519] Adding new dynamic property: PropertyDescriptor[simple]
[pool-4220-thread-1] INFO org.apache.nifi.processors.standard.RouteText - RouteText[id=7eed8dc2-ebc4-49da-951a-9990a8cef519] Created FlowFile[3797,94824655118765.mockFlowFile,24B] from FlowFile[3796,94824655118765.mockFlowFile,24B]; routing to relationship simple
[pool-4220-thread-1] INFO org.apache.nifi.processors.standard.RouteText - RouteText[id=7eed8dc2-ebc4-49da-951a-9990a8cef519] Routing FlowFile[3796,94824655118765.mockFlowFile,24B] to original
[main] DEBUG org.apache.nifi.processors.standard.RouteText - RouteText[id=7eed8dc2-ebc4-49da-951a-9990a8cef519] Adding new dynamic property: PropertyDescriptor[simple]
[pool-4221-thread-1] INFO org.apache.nifi.processors.standard.RouteText - RouteText[id=7eed8dc2-ebc4-49da-951a-9990a8cef519] Created FlowFile[3799,94824655634482.mockFlowFile,24B] from FlowFile[3798,94824655634482.mockFlowFile,24B]; routing to relationship simple
[pool-4221-thread-1] INFO org.apache.nifi.processors.standard.RouteText - RouteText[id=7eed8dc2-ebc4-49da-951a-9990a8cef519] Routing FlowFile[3798,94824655634482.mockFlowFile,24B] to original
[main] DEBUG org.apache.nifi.processors.standard.RouteText - RouteText[id=7eed8dc2-ebc4-49da-951a-9990a8cef519] Adding new dynamic property: PropertyDescriptor[simple]
[pool-4222-thread-1] INFO org.apache.nifi.processors.standard.RouteText - RouteText[id=7eed8dc2-ebc4-49da-951a-9990a8cef519] Created FlowFile[3801,94824656046023.mockFlowFile,24B] from FlowFile[3800,94824656046023.mockFlowFile,24B]; routing to relationship simple
[pool-4222-thread-1] INFO org.apache.nifi.processors.standard.RouteText - RouteText[id=7eed8dc2-ebc4-49da-951a-9990a8cef519] Routing FlowFile[3800,94824656046023.mockFlowFile,24B] to original
[main] DEBUG org.apache.nifi.processors.standard.RouteText - RouteText[id=7eed8dc2-ebc4-49da-951a-9990a8cef519] Adding new dynamic property: PropertyDescriptor[simple]
[pool-4223-thread-1] INFO org.apache.nifi.processors.standard.RouteText - RouteText[id=7eed8dc2-ebc4-49da-951a-9990a8cef519] Created FlowFile[3803,94824656529904.mockFlowFile,24B] from FlowFile[3802,94824656529904.mockFlowFile,24B]; routing to relationship simple
[pool-4223-thread-1] INFO org.apache.nifi.processors.standard.RouteText - RouteText[id=7eed8dc2-ebc4-49da-951a-9990a8cef519] Routing FlowFile[3802,94824656529904.mockFlowFile,24B] to original
[main] DEBUG org.apache.nifi.processors.standard.RouteText - RouteText[id=7eed8dc2-ebc4-49da-951a-9990a8cef519] Adding new dynamic property: PropertyDescriptor[simple]
[pool-4224-thread-1] INFO org.apache.nifi.processors.standard.RouteText - RouteText[id=7eed8dc2-ebc4-49da-951a-9990a8cef519] Created FlowFile[3805,94824656972331.mockFlowFile,24B] from FlowFile[3804,94824656972331.mockFlowFile,24B]; routing to relationship simple
[pool-4224-thread-1] INFO org.apache.nifi.processors.standard.RouteText - RouteText[id=7eed8dc2-ebc4-49da-951a-9990a8cef519] Routing FlowFile[3804,94824656972331.mockFlowFile,24B] to original
[main] DEBUG org.apache.nifi.processors.standard.RouteText - RouteText[id=7eed8dc2-ebc4-49da-951a-9990a8cef519] Adding new dynamic property: PropertyDescriptor[simple]
[pool-4225-thread-1] INFO org.apache.nifi.processors.standard.RouteText - RouteText[id=7eed8dc2-ebc4-49da-951a-9990a8cef519] Created FlowFile[3807,94824657386117.mockFlowFile,24B] from FlowFile[3806,94824657386117.mockFlowFile,24B]; routing to relationship simple
[pool-4225-thread-1] INFO org.apache.nifi.processors.standard.RouteText - RouteText[id=7eed8dc2-ebc4-49da-951a-9990a8cef519] Routing FlowFile[3806,94824657386117.mockFlowFile,24B] to original
[main] DEBUG org.apache.nifi.processors.standard.RouteText - RouteText[id=7eed8dc2-ebc4-49da-951a-9990a8cef519] Adding new dynamic property: PropertyDescriptor[simple]
[pool-4226-thread-1] INFO org.apache.nifi.processors.standard.RouteText - RouteText[id=7eed8dc2-ebc4-49da-951a-9990a8cef519] Created FlowFile[3809,94824657746524.mockFlowFile,24B] from FlowFile[3808,94824657746524.mockFlowFile,24B]; routing to relationship simple
[pool-4226-thread-1] INFO org.apache.nifi.processors.standard.RouteText - RouteText[id=7eed8dc2-ebc4-49da-951a-9990a8cef519] Routing FlowFile[3808,94824657746524.mockFlowFile,24B] to original
[main] DEBUG org.apache.nifi.processors.standard.RouteText - RouteText[id=7eed8dc2-ebc4-49da-951a-9990a8cef519] Adding new dynamic property: PropertyDescriptor[simple]
[pool-4227-thread-1] INFO org.apache.nifi.processors.standard.RouteText - RouteText[id=7eed8dc2-ebc4-49da-951a-9990a8cef519] Created FlowFile[3811,94824658106192.mockFlowFile,24B] from FlowFile[3810,94824658106192.mockFlowFile,24B]; routing to relationship simple
[pool-4227-thread-1] INFO org.apache.nifi.processors.standard.RouteText - RouteText[id=7eed8dc2-ebc4-49da-951a-9990a8cef519] Routing FlowFile[3810,94824658106192.mockFlowFile,24B] to original
[main] DEBUG org.apache.nifi.processors.standard.RouteText - RouteText[id=7eed8dc2-ebc4-49da-951a-9990a8cef519] Adding new dynamic property: PropertyDescriptor[simple]
[pool-4228-thread-1] INFO org.apache.nifi.processors.standard.RouteText - RouteText[id=7eed8dc2-ebc4-49da-951a-9990a8cef519] Created FlowFile[3813,94824658460511.mockFlowFile,24B] from FlowFile[3812,94824658460511.mockFlowFile,24B]; routing to relationship simple
[pool-4228-thread-1] INFO org.apache.nifi.processors.standard.RouteText - RouteText[id=7eed8dc2-ebc4-49da-951a-9990a8cef519] Routing FlowFile[3812,94824658460511.mockFlowFile,24B] to original
[main] DEBUG org.apache.nifi.processors.standard.RouteText - RouteText[id=7eed8dc2-ebc4-49da-951a-9990a8cef519] Adding new dynamic property: PropertyDescriptor[simple]
[pool-4229-thread-1] INFO org.apache.nifi.processors.standard.RouteText - RouteText[id=7eed8dc2-ebc4-49da-951a-9990a8cef519] Created FlowFile[3815,94824658851184.mockFlowFile,24B] from FlowFile[3814,94824658851184.mockFlowFile,24B]; routing to relationship simple
[pool-4229-thread-1] INFO org.apache.nifi.processors.standard.RouteText - RouteText[id=7eed8dc2-ebc4-49da-951a-9990a8cef519] Routing FlowFile[3814,94824658851184.mockFlowFile,24B] to original
[main] DEBUG org.apache.nifi.processors.standard.RouteText - RouteText[id=7eed8dc2-ebc4-49da-951a-9990a8cef519] Adding new dynamic property: PropertyDescriptor[simple]
[pool-4230-thread-1] INFO org.apache.nifi.processors.standard.RouteText - RouteText[id=7eed8dc2-ebc4-49da-951a-9990a8cef519] Created FlowFile[3817,94824659320681.mockFlowFile,24B] from FlowFile[3816,94824659320681.mockFlowFile,24B]; routing to relationship simple
[pool-4230-thread-1] INFO org.apache.nifi.processors.standard.RouteText - RouteText[id=7eed8dc2-ebc4-49da-951a-9990a8cef519] Routing FlowFile[3816,94824659320681.mockFlowFile,24B] to original
[main] DEBUG org.apache.nifi.processors.standard.RouteText - RouteText[id=7eed8dc2-ebc4-49da-951a-9990a8cef519] Adding new dynamic property: PropertyDescriptor[simple]
[pool-4231-thread-1] INFO org.apache.nifi.processors.standard.RouteText - RouteText[id=7eed8dc2-ebc4-49da-951a-9990a8cef519] Created FlowFile[3819,94824659733242.mockFlowFile,24B] from FlowFile[3818,94824659733242.mockFlowFile,24B]; routing to relationship simple
[pool-4231-thread-1] INFO org.apache.nifi.processors.standard.RouteText - RouteText[id=7eed8dc2-ebc4-49da-951a-9990a8cef519] Routing FlowFile[3818,94824659733242.mockFlowFile,24B] to original
[main] DEBUG org.apache.nifi.processors.standard.RouteText - RouteText[id=7eed8dc2-ebc4-49da-951a-9990a8cef519] Adding new dynamic property: PropertyDescriptor[simple]
[pool-4232-thread-1] INFO org.apache.nifi.processors.standard.RouteText - RouteText[id=7eed8dc2-ebc4-49da-951a-9990a8cef519] Created FlowFile[3821,94824660220234.mockFlowFile,24B] from FlowFile[3820,94824660220234.mockFlowFile,24B]; routing to relationship simple
[pool-4232-thread-1] INFO org.apache.nifi.processors.standard.RouteText - RouteText[id=7eed8dc2-ebc4-49da-951a-9990a8cef519] Routing FlowFile[3820,94824660220234.mockFlowFile,24B] to original
[main] DEBUG org.apache.nifi.processors.standard.RouteText - RouteText[id=7eed8dc2-ebc4-49da-951a-9990a8cef519] Adding new dynamic property: PropertyDescriptor[simple]
[pool-4233-thread-1] INFO org.apache.nifi.processors.standard.RouteText - RouteText[id=7eed8dc2-ebc4-49da-951a-9990a8cef519] Created FlowFile[3823,94824660733171.mockFlowFile,24B] from FlowFile[3822,94824660733171.mockFlowFile,24B]; routing to relationship simple
[pool-4233-thread-1] INFO org.apache.nifi.processors.standard.RouteText - RouteText[id=7eed8dc2-ebc4-49da-951a-9990a8cef519] Routing FlowFile[3822,94824660733171.mockFlowFile,24B] to original
[main] DEBUG org.apache.nifi.processors.standard.RouteText - RouteText[id=7eed8dc2-ebc4-49da-951a-9990a8cef519] Adding new dynamic property: PropertyDescriptor[simple]
[pool-4234-thread-1] INFO org.apache.nifi.processors.standard.RouteText - RouteText[id=7eed8dc2-ebc4-49da-951a-9990a8cef519] Created FlowFile[3825,94824661218324.mockFlowFile,24B] from FlowFile[3824,94824661218324.mockFlowFile,24B]; routing to relationship simple
[pool-4234-thread-1] INFO org.apache.nifi.processors.standard.RouteText - RouteText[id=7eed8dc2-ebc4-49da-951a-9990a8cef519] Routing FlowFile[3824,94824661218324.mockFlowFile,24B] to original
[main] DEBUG org.apache.nifi.processors.standard.RouteText - RouteText[id=7eed8dc2-ebc4-49da-951a-9990a8cef519] Adding new dynamic property: PropertyDescriptor[simple]
[pool-4235-thread-1] INFO org.apache.nifi.processors.standard.RouteText - RouteText[id=7eed8dc2-ebc4-49da-951a-9990a8cef519] Created FlowFile[3827,94824661702415.mockFlowFile,24B] from FlowFile[3826,94824661702415.mockFlowFile,24B]; routing to relationship simple
[pool-4235-thread-1] INFO org.apache.nifi.processors.standard.RouteText - RouteText[id=7eed8dc2-ebc4-49da-951a-9990a8cef519] Routing FlowFile[3826,94824661702415.mockFlowFile,24B] to original
[main] DEBUG org.apache.nifi.processors.standard.RouteText - RouteText[id=7eed8dc2-ebc4-49da-951a-9990a8cef519] Adding new dynamic property: PropertyDescriptor[simple]
[pool-4236-thread-1] INFO org.apache.nifi.processors.standard.RouteText - RouteText[id=7eed8dc2-ebc4-49da-951a-9990a8cef519] Created FlowFile[3829,94824662256251.mockFlowFile,24B] from FlowFile[3828,94824662256251.mockFlowFile,24B]; routing to relationship simple
[pool-4236-thread-1] INFO org.apache.nifi.processors.standard.RouteText - RouteText[id=7eed8dc2-ebc4-49da-951a-9990a8cef519] Routing FlowFile[3828,94824662256251.mockFlowFile,24B] to original
[main] DEBUG org.apache.nifi.processors.standard.RouteText - RouteText[id=7eed8dc2-ebc4-49da-951a-9990a8cef519] Adding new dynamic property: PropertyDescriptor[simple]
[pool-4237-thread-1] INFO org.apache.nifi.processors.standard.RouteText - RouteText[id=7eed8dc2-ebc4-49da-951a-9990a8cef519] Created FlowFile[3831,94824663238650.mockFlowFile,24B] from FlowFile[3830,94824663238650.mockFlowFile,24B]; routing to relationship simple
[pool-4237-thread-1] INFO org.apache.nifi.processors.standard.RouteText - RouteText[id=7eed8dc2-ebc4-49da-951a-9990a8cef519] Routing FlowFile[3830,94824663238650.mockFlowFile,24B] to original
[main] DEBUG org.apache.nifi.processors.standard.RouteText - RouteText[id=7eed8dc2-ebc4-49da-951a-9990a8cef519] Adding new dynamic property: PropertyDescriptor[simple]
[pool-4238-thread-1] INFO org.apache.nifi.processors.standard.RouteText - RouteText[id=7eed8dc2-ebc4-49da-951a-9990a8cef519] Created FlowFile[3833,94824663774008.mockFlowFile,24B] from FlowFile[3832,94824663774008.mockFlowFile,24B]; routing to relationship simple
[pool-4238-thread-1] INFO org.apache.nifi.processors.standard.RouteText - RouteText[id=7eed8dc2-ebc4-49da-951a-9990a8cef519] Routing FlowFile[3832,94824663774008.mockFlowFile,24B] to original
[main] DEBUG org.apache.nifi.processors.standard.RouteText - RouteText[id=7eed8dc2-ebc4-49da-951a-9990a8cef519] Adding new dynamic property: PropertyDescriptor[simple]
[pool-4239-thread-1] INFO org.apache.nifi.processors.standard.RouteText - RouteText[id=7eed8dc2-ebc4-49da-951a-9990a8cef519] Created FlowFile[3835,94824664267978.mockFlowFile,24B] from FlowFile[3834,94824664267978.mockFlowFile,24B]; routing to relationship simple
[pool-4239-thread-1] INFO org.apache.nifi.processors.standard.RouteText - RouteText[id=7eed8dc2-ebc4-49da-951a-9990a8cef519] Routing FlowFile[3834,94824664267978.mockFlowFile,24B] to original
[main] DEBUG org.apache.nifi.processors.standard.RouteText - RouteText[id=7eed8dc2-ebc4-49da-951a-9990a8cef519] Adding new dynamic property: PropertyDescriptor[simple]
[pool-4240-thread-1] INFO org.apache.nifi.processors.standard.RouteText - RouteText[id=7eed8dc2-ebc4-49da-951a-9990a8cef519] Created FlowFile[3837,94824664742328.mockFlowFile,24B] from FlowFile[3836,94824664742328.mockFlowFile,24B]; routing to relationship simple
[pool-4240-thread-1] INFO org.apache.nifi.processors.standard.RouteText - RouteText[id=7eed8dc2-ebc4-49da-951a-9990a8cef519] Routing FlowFile[3836,94824664742328.mockFlowFile,24B] to original
[main] DEBUG org.apache.nifi.processors.standard.RouteText - RouteText[id=7eed8dc2-ebc4-49da-951a-9990a8cef519] Adding new dynamic property: PropertyDescriptor[simple]
[pool-4241-thread-1] INFO org.apache.nifi.processors.standard.RouteText - RouteText[id=7eed8dc2-ebc4-49da-951a-9990a8cef519] Created FlowFile[3839,94824665205574.mockFlowFile,24B] from FlowFile[3838,94824665205574.mockFlowFile,24B]; routing to relationship simple
[pool-4241-thread-1] INFO org.apache.nifi.processors.standard.RouteText - RouteText[id=7eed8dc2-ebc4-49da-951a-9990a8cef519] Routing FlowFile[3838,94824665205574.mockFlowFile,24B] to original
[main] DEBUG org.apache.nifi.processors.standard.RouteText - RouteText[id=7eed8dc2-ebc4-49da-951a-9990a8cef519] Adding new dynamic property: PropertyDescriptor[simple]
[pool-4242-thread-1] INFO org.apache.nifi.processors.standard.RouteText - RouteText[id=7eed8dc2-ebc4-49da-951a-9990a8cef519] Created FlowFile[3841,94824665662870.mockFlowFile,24B] from FlowFile[3840,94824665662870.mockFlowFile,24B]; routing to relationship simple
[pool-4242-thread-1] INFO org.apache.nifi.processors.standard.RouteText - RouteText[id=7eed8dc2-ebc4-49da-951a-9990a8cef519] Routing FlowFile[3840,94824665662870.mockFlowFile,24B] to original
[main] DEBUG org.apache.nifi.processors.standard.RouteText - RouteText[id=7eed8dc2-ebc4-49da-951a-9990a8cef519] Adding new dynamic property: PropertyDescriptor[simple]
[pool-4243-thread-1] INFO org.apache.nifi.processors.standard.RouteText - RouteText[id=7eed8dc2-ebc4-49da-951a-9990a8cef519] Created FlowFile[3843,94824666079444.mockFlowFile,24B] from FlowFile[3842,94824666079444.mockFlowFile,24B]; routing to relationship simple
[pool-4243-thread-1] INFO org.apache.nifi.processors.standard.RouteText - RouteText[id=7eed8dc2-ebc4-49da-951a-9990a8cef519] Routing FlowFile[3842,94824666079444.mockFlowFile,24B] to original
[main] DEBUG org.apache.nifi.processors.standard.RouteText - RouteText[id=7eed8dc2-ebc4-49da-951a-9990a8cef519] Adding new dynamic property: PropertyDescriptor[simple]
[pool-4244-thread-1] INFO org.apache.nifi.processors.standard.RouteText - RouteText[id=7eed8dc2-ebc4-49da-951a-9990a8cef519] Created FlowFile[3845,94824666489888.mockFlowFile,24B] from FlowFile[3844,94824666489888.mockFlowFile,24B]; routing to relationship simple
[pool-4244-thread-1] INFO org.apache.nifi.processors.standard.RouteText - RouteText[id=7eed8dc2-ebc4-49da-951a-9990a8cef519] Routing FlowFile[3844,94824666489888.mockFlowFile,24B] to original
[main] DEBUG org.apache.nifi.processors.standard.RouteText - RouteText[id=7eed8dc2-ebc4-49da-951a-9990a8cef519] Adding new dynamic property: PropertyDescriptor[simple]
[pool-4245-thread-1] INFO org.apache.nifi.processors.standard.RouteText - RouteText[id=7eed8dc2-ebc4-49da-951a-9990a8cef519] Created FlowFile[3847,94824666892490.mockFlowFile,24B] from FlowFile[3846,94824666892490.mockFlowFile,24B]; routing to relationship simple
[pool-4245-thread-1] INFO org.apache.nifi.processors.standard.RouteText - RouteText[id=7eed8dc2-ebc4-49da-951a-9990a8cef519] Routing FlowFile[3846,94824666892490.mockFlowFile,24B] to original
[main] DEBUG org.apache.nifi.processors.standard.RouteText - RouteText[id=7eed8dc2-ebc4-49da-951a-9990a8cef519] Adding new dynamic property: PropertyDescriptor[simple]
[pool-4246-thread-1] INFO org.apache.nifi.processors.standard.RouteText - RouteText[id=7eed8dc2-ebc4-49da-951a-9990a8cef519] Created FlowFile[3849,94824667327343.mockFlowFile,24B] from FlowFile[3848,94824667327343.mockFlowFile,24B]; routing to relationship simple
[pool-4246-thread-1] INFO org.apache.nifi.processors.standard.RouteText - RouteText[id=7eed8dc2-ebc4-49da-951a-9990a8cef519] Routing FlowFile[3848,94824667327343.mockFlowFile,24B] to original
[main] DEBUG org.apache.nifi.processors.standard.RouteText - RouteText[id=7eed8dc2-ebc4-49da-951a-9990a8cef519] Adding new dynamic property: PropertyDescriptor[simple]
[pool-4247-thread-1] INFO org.apache.nifi.processors.standard.RouteText - RouteText[id=7eed8dc2-ebc4-49da-951a-9990a8cef519] Created FlowFile[3851,94824667736810.mockFlowFile,24B] from FlowFile[3850,94824667736810.mockFlowFile,24B]; routing to relationship simple
[pool-4247-thread-1] INFO org.apache.nifi.processors.standard.RouteText - RouteText[id=7eed8dc2-ebc4-49da-951a-9990a8cef519] Routing FlowFile[3850,94824667736810.mockFlowFile,24B] to original
[main] DEBUG org.apache.nifi.processors.standard.RouteText - RouteText[id=7eed8dc2-ebc4-49da-951a-9990a8cef519] Adding new dynamic property: PropertyDescriptor[simple]
[pool-4248-thread-1] INFO org.apache.nifi.processors.standard.RouteText - RouteText[id=7eed8dc2-ebc4-49da-951a-9990a8cef519] Created FlowFile[3853,94824668147800.mockFlowFile,24B] from FlowFile[3852,94824668147800.mockFlowFile,24B]; routing to relationship simple
[pool-4248-thread-1] INFO org.apache.nifi.processors.standard.RouteText - RouteText[id=7eed8dc2-ebc4-49da-951a-9990a8cef519] Routing FlowFile[3852,94824668147800.mockFlowFile,24B] to original
[main] DEBUG org.apache.nifi.processors.standard.RouteText - RouteText[id=7eed8dc2-ebc4-49da-951a-9990a8cef519] Adding new dynamic property: PropertyDescriptor[simple]
[pool-4249-thread-1] INFO org.apache.nifi.processors.standard.RouteText - RouteText[id=7eed8dc2-ebc4-49da-951a-9990a8cef519] Created FlowFile[3855,94824668544969.mockFlowFile,24B] from FlowFile[3854,94824668544969.mockFlowFile,24B]; routing to relationship simple
[pool-4249-thread-1] INFO org.apache.nifi.processors.standard.RouteText - RouteText[id=7eed8dc2-ebc4-49da-951a-9990a8cef519] Routing FlowFile[3854,94824668544969.mockFlowFile,24B] to original
[main] DEBUG org.apache.nifi.processors.standard.RouteText - RouteText[id=7eed8dc2-ebc4-49da-951a-9990a8cef519] Adding new dynamic property: PropertyDescriptor[simple]
[pool-4250-thread-1] INFO org.apache.nifi.processors.standard.RouteText - RouteText[id=7eed8dc2-ebc4-49da-951a-9990a8cef519] Created FlowFile[3857,94824669058236.mockFlowFile,24B] from FlowFile[3856,94824669058236.mockFlowFile,24B]; routing to relationship simple
[pool-4250-thread-1] INFO org.apache.nifi.processors.standard.RouteText - RouteText[id=7eed8dc2-ebc4-49da-951a-9990a8cef519] Routing FlowFile[3856,94824669058236.mockFlowFile,24B] to original
[main] DEBUG org.apache.nifi.processors.standard.RouteText - RouteText[id=7eed8dc2-ebc4-49da-951a-9990a8cef519] Adding new dynamic property: PropertyDescriptor[simple]
[pool-4251-thread-1] INFO org.apache.nifi.processors.standard.RouteText - RouteText[id=7eed8dc2-ebc4-49da-951a-9990a8cef519] Created FlowFile[3859,94824669515310.mockFlowFile,24B] from FlowFile[3858,94824669515310.mockFlowFile,24B]; routing to relationship simple
[pool-4251-thread-1] INFO org.apache.nifi.processors.standard.RouteText - RouteText[id=7eed8dc2-ebc4-49da-951a-9990a8cef519] Routing FlowFile[3858,94824669515310.mockFlowFile,24B] to original
[main] DEBUG org.apache.nifi.processors.standard.RouteText - RouteText[id=7eed8dc2-ebc4-49da-951a-9990a8cef519] Adding new dynamic property: PropertyDescriptor[simple]
[pool-4252-thread-1] INFO org.apache.nifi.processors.standard.RouteText - RouteText[id=7eed8dc2-ebc4-49da-951a-9990a8cef519] Created FlowFile[3861,94824669932634.mockFlowFile,24B] from FlowFile[3860,94824669932634.mockFlowFile,24B]; routing to relationship simple
[pool-4252-thread-1] INFO org.apache.nifi.processors.standard.RouteText - RouteText[id=7eed8dc2-ebc4-49da-951a-9990a8cef519] Routing FlowFile[3860,94824669932634.mockFlowFile,24B] to original
[main] DEBUG org.apache.nifi.processors.standard.RouteText - RouteText[id=7eed8dc2-ebc4-49da-951a-9990a8cef519] Adding new dynamic property: PropertyDescriptor[simple]
[pool-4253-thread-1] INFO org.apache.nifi.processors.standard.RouteText - RouteText[id=7eed8dc2-ebc4-49da-951a-9990a8cef519] Created FlowFile[3863,94824670312263.mockFlowFile,24B] from FlowFile[3862,94824670312263.mockFlowFile,24B]; routing to relationship simple
[pool-4253-thread-1] INFO org.apache.nifi.processors.standard.RouteText - RouteText[id=7eed8dc2-ebc4-49da-951a-9990a8cef519] Routing FlowFile[3862,94824670312263.mockFlowFile,24B] to original
[main] DEBUG org.apache.nifi.processors.standard.RouteText - RouteText[id=7eed8dc2-ebc4-49da-951a-9990a8cef519] Adding new dynamic property: PropertyDescriptor[simple]
[pool-4254-thread-1] INFO org.apache.nifi.processors.standard.RouteText - RouteText[id=7eed8dc2-ebc4-49da-951a-9990a8cef519] Created FlowFile[3865,94824670719333.mockFlowFile,24B] from FlowFile[3864,94824670719333.mockFlowFile,24B]; routing to relationship simple
[pool-4254-thread-1] INFO org.apache.nifi.processors.standard.RouteText - RouteText[id=7eed8dc2-ebc4-49da-951a-9990a8cef519] Routing FlowFile[3864,94824670719333.mockFlowFile,24B] to original
[main] DEBUG org.apache.nifi.processors.standard.RouteText - RouteText[id=7eed8dc2-ebc4-49da-951a-9990a8cef519] Adding new dynamic property: PropertyDescriptor[simple]
[pool-4255-thread-1] INFO org.apache.nifi.processors.standard.RouteText - RouteText[id=7eed8dc2-ebc4-49da-951a-9990a8cef519] Created FlowFile[3867,94824671118159.mockFlowFile,24B] from FlowFile[3866,94824671118159.mockFlowFile,24B]; routing to relationship simple
[pool-4255-thread-1] INFO org.apache.nifi.processors.standard.RouteText - RouteText[id=7eed8dc2-ebc4-49da-951a-9990a8cef519] Routing FlowFile[3866,94824671118159.mockFlowFile,24B] to original
[main] DEBUG org.apache.nifi.processors.standard.RouteText - RouteText[id=7eed8dc2-ebc4-49da-951a-9990a8cef519] Adding new dynamic property: PropertyDescriptor[simple]
[pool-4256-thread-1] INFO org.apache.nifi.processors.standard.RouteText - RouteText[id=7eed8dc2-ebc4-49da-951a-9990a8cef519] Created FlowFile[3869,94824671520648.mockFlowFile,24B] from FlowFile[3868,94824671520648.mockFlowFile,24B]; routing to relationship simple
[pool-4256-thread-1] INFO org.apache.nifi.processors.standard.RouteText - RouteText[id=7eed8dc2-ebc4-49da-951a-9990a8cef519] Routing FlowFile[3868,94824671520648.mockFlowFile,24B] to original
[main] DEBUG org.apache.nifi.processors.standard.RouteText - RouteText[id=7eed8dc2-ebc4-49da-951a-9990a8cef519] Adding new dynamic property: PropertyDescriptor[simple]
[pool-4257-thread-1] INFO org.apache.nifi.processors.standard.RouteText - RouteText[id=7eed8dc2-ebc4-49da-951a-9990a8cef519] Created FlowFile[3871,94824671918501.mockFlowFile,24B] from FlowFile[3870,94824671918501.mockFlowFile,24B]; routing to relationship simple
[pool-4257-thread-1] INFO org.apache.nifi.processors.standard.RouteText - RouteText[id=7eed8dc2-ebc4-49da-951a-9990a8cef519] Routing FlowFile[3870,94824671918501.mockFlowFile,24B] to original
[main] DEBUG org.apache.nifi.processors.standard.RouteText - RouteText[id=7eed8dc2-ebc4-49da-951a-9990a8cef519] Adding new dynamic property: PropertyDescriptor[simple]
[pool-4258-thread-1] INFO org.apache.nifi.processors.standard.RouteText - RouteText[id=7eed8dc2-ebc4-49da-951a-9990a8cef519] Created FlowFile[3873,94824672348630.mockFlowFile,24B] from FlowFile[3872,94824672348630.mockFlowFile,24B]; routing to relationship simple
[pool-4258-thread-1] INFO org.apache.nifi.processors.standard.RouteText - RouteText[id=7eed8dc2-ebc4-49da-951a-9990a8cef519] Routing FlowFile[3872,94824672348630.mockFlowFile,24B] to original
[main] DEBUG org.apache.nifi.processors.standard.RouteText - RouteText[id=7eed8dc2-ebc4-49da-951a-9990a8cef519] Adding new dynamic property: PropertyDescriptor[simple]
[pool-4259-thread-1] INFO org.apache.nifi.processors.standard.RouteText - RouteText[id=7eed8dc2-ebc4-49da-951a-9990a8cef519] Created FlowFile[3875,94824672723838.mockFlowFile,24B] from FlowFile[3874,94824672723838.mockFlowFile,24B]; routing to relationship simple
[pool-4259-thread-1] INFO org.apache.nifi.processors.standard.RouteText - RouteText[id=7eed8dc2-ebc4-49da-951a-9990a8cef519] Routing FlowFile[3874,94824672723838.mockFlowFile,24B] to original
[main] DEBUG org.apache.nifi.processors.standard.RouteText - RouteText[id=7eed8dc2-ebc4-49da-951a-9990a8cef519] Adding new dynamic property: PropertyDescriptor[simple]
[pool-4260-thread-1] INFO org.apache.nifi.processors.standard.RouteText - RouteText[id=7eed8dc2-ebc4-49da-951a-9990a8cef519] Created FlowFile[3877,94824673127723.mockFlowFile,24B] from FlowFile[3876,94824673127723.mockFlowFile,24B]; routing to relationship simple
[pool-4260-thread-1] INFO org.apache.nifi.processors.standard.RouteText - RouteText[id=7eed8dc2-ebc4-49da-951a-9990a8cef519] Routing FlowFile[3876,94824673127723.mockFlowFile,24B] to original
[main] DEBUG org.apache.nifi.processors.standard.RouteText - RouteText[id=7eed8dc2-ebc4-49da-951a-9990a8cef519] Adding new dynamic property: PropertyDescriptor[simple]
[pool-4261-thread-1] INFO org.apache.nifi.processors.standard.RouteText - RouteText[id=7eed8dc2-ebc4-49da-951a-9990a8cef519] Created FlowFile[3879,94824673548854.mockFlowFile,24B] from FlowFile[3878,94824673548854.mockFlowFile,24B]; routing to relationship simple
[pool-4261-thread-1] INFO org.apache.nifi.processors.standard.RouteText - RouteText[id=7eed8dc2-ebc4-49da-951a-9990a8cef519] Routing FlowFile[3878,94824673548854.mockFlowFile,24B] to original
[main] DEBUG org.apache.nifi.processors.standard.RouteText - RouteText[id=7eed8dc2-ebc4-49da-951a-9990a8cef519] Adding new dynamic property: PropertyDescriptor[simple]
[pool-4262-thread-1] INFO org.apache.nifi.processors.standard.RouteText - RouteText[id=7eed8dc2-ebc4-49da-951a-9990a8cef519] Created FlowFile[3881,94824673965337.mockFlowFile,24B] from FlowFile[3880,94824673965337.mockFlowFile,24B]; routing to relationship simple
[pool-4262-thread-1] INFO org.apache.nifi.processors.standard.RouteText - RouteText[id=7eed8dc2-ebc4-49da-951a-9990a8cef519] Routing FlowFile[3880,94824673965337.mockFlowFile,24B] to original
[main] DEBUG org.apache.nifi.processors.standard.RouteText - RouteText[id=7eed8dc2-ebc4-49da-951a-9990a8cef519] Adding new dynamic property: PropertyDescriptor[simple]
[pool-4263-thread-1] INFO org.apache.nifi.processors.standard.RouteText - RouteText[id=7eed8dc2-ebc4-49da-951a-9990a8cef519] Created FlowFile[3883,94824674359258.mockFlowFile,24B] from FlowFile[3882,94824674359258.mockFlowFile,24B]; routing to relationship simple
[pool-4263-thread-1] INFO org.apache.nifi.processors.standard.RouteText - RouteText[id=7eed8dc2-ebc4-49da-951a-9990a8cef519] Routing FlowFile[3882,94824674359258.mockFlowFile,24B] to original
[main] DEBUG org.apache.nifi.processors.standard.RouteText - RouteText[id=7eed8dc2-ebc4-49da-951a-9990a8cef519] Adding new dynamic property: PropertyDescriptor[simple]
[pool-4264-thread-1] INFO org.apache.nifi.processors.standard.RouteText - RouteText[id=7eed8dc2-ebc4-49da-951a-9990a8cef519] Created FlowFile[3885,94824674746177.mockFlowFile,24B] from FlowFile[3884,94824674746177.mockFlowFile,24B]; routing to relationship simple
[pool-4264-thread-1] INFO org.apache.nifi.processors.standard.RouteText - RouteText[id=7eed8dc2-ebc4-49da-951a-9990a8cef519] Routing FlowFile[3884,94824674746177.mockFlowFile,24B] to original
[main] DEBUG org.apache.nifi.processors.standard.RouteText - RouteText[id=7eed8dc2-ebc4-49da-951a-9990a8cef519] Adding new dynamic property: PropertyDescriptor[simple]
[pool-4265-thread-1] INFO org.apache.nifi.processors.standard.RouteText - RouteText[id=7eed8dc2-ebc4-49da-951a-9990a8cef519] Created FlowFile[3887,94824675135845.mockFlowFile,24B] from FlowFile[3886,94824675135845.mockFlowFile,24B]; routing to relationship simple
[pool-4265-thread-1] INFO org.apache.nifi.processors.standard.RouteText - RouteText[id=7eed8dc2-ebc4-49da-951a-9990a8cef519] Routing FlowFile[3886,94824675135845.mockFlowFile,24B] to original
[main] DEBUG org.apache.nifi.processors.standard.RouteText - RouteText[id=7eed8dc2-ebc4-49da-951a-9990a8cef519] Adding new dynamic property: PropertyDescriptor[simple]
[pool-4266-thread-1] INFO org.apache.nifi.processors.standard.RouteText - RouteText[id=7eed8dc2-ebc4-49da-951a-9990a8cef519] Created FlowFile[3889,94824675532765.mockFlowFile,24B] from FlowFile[3888,94824675532765.mockFlowFile,24B]; routing to relationship simple
[pool-4266-thread-1] INFO org.apache.nifi.processors.standard.RouteText - RouteText[id=7eed8dc2-ebc4-49da-951a-9990a8cef519] Routing FlowFile[3888,94824675532765.mockFlowFile,24B] to original
[main] DEBUG org.apache.nifi.processors.standard.RouteText - RouteText[id=7eed8dc2-ebc4-49da-951a-9990a8cef519] Adding new dynamic property: PropertyDescriptor[simple]
[pool-4267-thread-1] INFO org.apache.nifi.processors.standard.RouteText - RouteText[id=7eed8dc2-ebc4-49da-951a-9990a8cef519] Created FlowFile[3891,94824675926519.mockFlowFile,24B] from FlowFile[3890,94824675926519.mockFlowFile,24B]; routing to relationship simple
[pool-4267-thread-1] INFO org.apache.nifi.processors.standard.RouteText - RouteText[id=7eed8dc2-ebc4-49da-951a-9990a8cef519] Routing FlowFile[3890,94824675926519.mockFlowFile,24B] to original
[main] DEBUG org.apache.nifi.processors.standard.RouteText - RouteText[id=7eed8dc2-ebc4-49da-951a-9990a8cef519] Adding new dynamic property: PropertyDescriptor[simple]
[pool-4268-thread-1] INFO org.apache.nifi.processors.standard.RouteText - RouteText[id=7eed8dc2-ebc4-49da-951a-9990a8cef519] Created FlowFile[3893,94824676343225.mockFlowFile,24B] from FlowFile[3892,94824676343225.mockFlowFile,24B]; routing to relationship simple
[pool-4268-thread-1] INFO org.apache.nifi.processors.standard.RouteText - RouteText[id=7eed8dc2-ebc4-49da-951a-9990a8cef519] Routing FlowFile[3892,94824676343225.mockFlowFile,24B] to original
[main] DEBUG org.apache.nifi.processors.standard.RouteText - RouteText[id=7eed8dc2-ebc4-49da-951a-9990a8cef519] Adding new dynamic property: PropertyDescriptor[simple]
[pool-4269-thread-1] INFO org.apache.nifi.processors.standard.RouteText - RouteText[id=7eed8dc2-ebc4-49da-951a-9990a8cef519] Created FlowFile[3895,94824676757900.mockFlowFile,24B] from FlowFile[3894,94824676757900.mockFlowFile,24B]; routing to relationship simple
[pool-4269-thread-1] INFO org.apache.nifi.processors.standard.RouteText - RouteText[id=7eed8dc2-ebc4-49da-951a-9990a8cef519] Routing FlowFile[3894,94824676757900.mockFlowFile,24B] to original
[main] DEBUG org.apache.nifi.processors.standard.RouteText - RouteText[id=7eed8dc2-ebc4-49da-951a-9990a8cef519] Adding new dynamic property: PropertyDescriptor[simple]
[pool-4270-thread-1] INFO org.apache.nifi.processors.standard.RouteText - RouteText[id=7eed8dc2-ebc4-49da-951a-9990a8cef519] Created FlowFile[3897,94824677166834.mockFlowFile,24B] from FlowFile[3896,94824677166834.mockFlowFile,24B]; routing to relationship simple
[pool-4270-thread-1] INFO org.apache.nifi.processors.standard.RouteText - RouteText[id=7eed8dc2-ebc4-49da-951a-9990a8cef519] Routing FlowFile[3896,94824677166834.mockFlowFile,24B] to original
[main] DEBUG org.apache.nifi.processors.standard.RouteText - RouteText[id=7eed8dc2-ebc4-49da-951a-9990a8cef519] Adding new dynamic property: PropertyDescriptor[simple]
[pool-4271-thread-1] INFO org.apache.nifi.processors.standard.RouteText - RouteText[id=7eed8dc2-ebc4-49da-951a-9990a8cef519] Created FlowFile[3899,94824677604789.mockFlowFile,24B] from FlowFile[3898,94824677604789.mockFlowFile,24B]; routing to relationship simple
[pool-4271-thread-1] INFO org.apache.nifi.processors.standard.RouteText - RouteText[id=7eed8dc2-ebc4-49da-951a-9990a8cef519] Routing FlowFile[3898,94824677604789.mockFlowFile,24B] to original
[main] DEBUG org.apache.nifi.processors.standard.RouteText - RouteText[id=7eed8dc2-ebc4-49da-951a-9990a8cef519] Adding new dynamic property: PropertyDescriptor[simple]
[pool-4272-thread-1] INFO org.apache.nifi.processors.standard.RouteText - RouteText[id=7eed8dc2-ebc4-49da-951a-9990a8cef519] Created FlowFile[3901,94824678015034.mockFlowFile,24B] from FlowFile[3900,94824678015034.mockFlowFile,24B]; routing to relationship simple
[pool-4272-thread-1] INFO org.apache.nifi.processors.standard.RouteText - RouteText[id=7eed8dc2-ebc4-49da-951a-9990a8cef519] Routing FlowFile[3900,94824678015034.mockFlowFile,24B] to original
[main] DEBUG org.apache.nifi.processors.standard.RouteText - RouteText[id=7eed8dc2-ebc4-49da-951a-9990a8cef519] Adding new dynamic property: PropertyDescriptor[simple]
[pool-4273-thread-1] INFO org.apache.nifi.processors.standard.RouteText - RouteText[id=7eed8dc2-ebc4-49da-951a-9990a8cef519] Created FlowFile[3903,94824678430516.mockFlowFile,24B] from FlowFile[3902,94824678430516.mockFlowFile,24B]; routing to relationship simple
[pool-4273-thread-1] INFO org.apache.nifi.processors.standard.RouteText - RouteText[id=7eed8dc2-ebc4-49da-951a-9990a8cef519] Routing FlowFile[3902,94824678430516.mockFlowFile,24B] to original
[main] DEBUG org.apache.nifi.processors.standard.RouteText - RouteText[id=7eed8dc2-ebc4-49da-951a-9990a8cef519] Adding new dynamic property: PropertyDescriptor[simple]
[pool-4274-thread-1] INFO org.apache.nifi.processors.standard.RouteText - RouteText[id=7eed8dc2-ebc4-49da-951a-9990a8cef519] Created FlowFile[3905,94824678842548.mockFlowFile,24B] from FlowFile[3904,94824678842548.mockFlowFile,24B]; routing to relationship simple
[pool-4274-thread-1] INFO org.apache.nifi.processors.standard.RouteText - RouteText[id=7eed8dc2-ebc4-49da-951a-9990a8cef519] Routing FlowFile[3904,94824678842548.mockFlowFile,24B] to original
[main] DEBUG org.apache.nifi.processors.standard.RouteText - RouteText[id=7eed8dc2-ebc4-49da-951a-9990a8cef519] Adding new dynamic property: PropertyDescriptor[simple]
[pool-4275-thread-1] INFO org.apache.nifi.processors.standard.RouteText - RouteText[id=7eed8dc2-ebc4-49da-951a-9990a8cef519] Created FlowFile[3907,94824679229672.mockFlowFile,24B] from FlowFile[3906,94824679229672.mockFlowFile,24B]; routing to relationship simple
[pool-4275-thread-1] INFO org.apache.nifi.processors.standard.RouteText - RouteText[id=7eed8dc2-ebc4-49da-951a-9990a8cef519] Routing FlowFile[3906,94824679229672.mockFlowFile,24B] to original
[main] DEBUG org.apache.nifi.processors.standard.RouteText - RouteText[id=7eed8dc2-ebc4-49da-951a-9990a8cef519] Adding new dynamic property: PropertyDescriptor[simple]
[pool-4276-thread-1] INFO org.apache.nifi.processors.standard.RouteText - RouteText[id=7eed8dc2-ebc4-49da-951a-9990a8cef519] Created FlowFile[3909,94824679697138.mockFlowFile,24B] from FlowFile[3908,94824679697138.mockFlowFile,24B]; routing to relationship simple
[pool-4276-thread-1] INFO org.apache.nifi.processors.standard.RouteText - RouteText[id=7eed8dc2-ebc4-49da-951a-9990a8cef519] Routing FlowFile[3908,94824679697138.mockFlowFile,24B] to original
[main] DEBUG org.apache.nifi.processors.standard.RouteText - RouteText[id=7eed8dc2-ebc4-49da-951a-9990a8cef519] Adding new dynamic property: PropertyDescriptor[simple]
[pool-4277-thread-1] INFO org.apache.nifi.processors.standard.RouteText - RouteText[id=7eed8dc2-ebc4-49da-951a-9990a8cef519] Created FlowFile[3911,94824680126477.mockFlowFile,24B] from FlowFile[3910,94824680126477.mockFlowFile,24B]; routing to relationship simple
[pool-4277-thread-1] INFO org.apache.nifi.processors.standard.RouteText - RouteText[id=7eed8dc2-ebc4-49da-951a-9990a8cef519] Routing FlowFile[3910,94824680126477.mockFlowFile,24B] to original
[main] DEBUG org.apache.nifi.processors.standard.RouteText - RouteText[id=7eed8dc2-ebc4-49da-951a-9990a8cef519] Adding new dynamic property: PropertyDescriptor[simple]
[pool-4278-thread-1] INFO org.apache.nifi.processors.standard.RouteText - RouteText[id=7eed8dc2-ebc4-49da-951a-9990a8cef519] Created FlowFile[3913,94824680545397.mockFlowFile,24B] from FlowFile[3912,94824680545397.mockFlowFile,24B]; routing to relationship simple
[pool-4278-thread-1] INFO org.apache.nifi.processors.standard.RouteText - RouteText[id=7eed8dc2-ebc4-49da-951a-9990a8cef519] Routing FlowFile[3912,94824680545397.mockFlowFile,24B] to original
[main] DEBUG org.apache.nifi.processors.standard.RouteText - RouteText[id=7eed8dc2-ebc4-49da-951a-9990a8cef519] Adding new dynamic property: PropertyDescriptor[simple]
[pool-4279-thread-1] INFO org.apache.nifi.processors.standard.RouteText - RouteText[id=7eed8dc2-ebc4-49da-951a-9990a8cef519] Created FlowFile[3915,94824680962887.mockFlowFile,24B] from FlowFile[3914,94824680962887.mockFlowFile,24B]; routing to relationship simple
[pool-4279-thread-1] INFO org.apache.nifi.processors.standard.RouteText - RouteText[id=7eed8dc2-ebc4-49da-951a-9990a8cef519] Routing FlowFile[3914,94824680962887.mockFlowFile,24B] to original
[main] DEBUG org.apache.nifi.processors.standard.RouteText - RouteText[id=7eed8dc2-ebc4-49da-951a-9990a8cef519] Adding new dynamic property: PropertyDescriptor[simple]
[pool-4280-thread-1] INFO org.apache.nifi.processors.standard.RouteText - RouteText[id=7eed8dc2-ebc4-49da-951a-9990a8cef519] Created FlowFile[3917,94824681403295.mockFlowFile,24B] from FlowFile[3916,94824681403295.mockFlowFile,24B]; routing to relationship simple
[pool-4280-thread-1] INFO org.apache.nifi.processors.standard.RouteText - RouteText[id=7eed8dc2-ebc4-49da-951a-9990a8cef519] Routing FlowFile[3916,94824681403295.mockFlowFile,24B] to original
[main] DEBUG org.apache.nifi.processors.standard.RouteText - RouteText[id=7eed8dc2-ebc4-49da-951a-9990a8cef519] Adding new dynamic property: PropertyDescriptor[simple]
[pool-4281-thread-1] INFO org.apache.nifi.processors.standard.RouteText - RouteText[id=7eed8dc2-ebc4-49da-951a-9990a8cef519] Created FlowFile[3919,94824681812422.mockFlowFile,24B] from FlowFile[3918,94824681812422.mockFlowFile,24B]; routing to relationship simple
[pool-4281-thread-1] INFO org.apache.nifi.processors.standard.RouteText - RouteText[id=7eed8dc2-ebc4-49da-951a-9990a8cef519] Routing FlowFile[3918,94824681812422.mockFlowFile,24B] to original
[main] DEBUG org.apache.nifi.processors.standard.RouteText - RouteText[id=7eed8dc2-ebc4-49da-951a-9990a8cef519] Adding new dynamic property: PropertyDescriptor[simple]
[pool-4282-thread-1] INFO org.apache.nifi.processors.standard.RouteText - RouteText[id=7eed8dc2-ebc4-49da-951a-9990a8cef519] Created FlowFile[3921,94824682257715.mockFlowFile,24B] from FlowFile[3920,94824682257715.mockFlowFile,24B]; routing to relationship simple
[pool-4282-thread-1] INFO org.apache.nifi.processors.standard.RouteText - RouteText[id=7eed8dc2-ebc4-49da-951a-9990a8cef519] Routing FlowFile[3920,94824682257715.mockFlowFile,24B] to original
[main] DEBUG org.apache.nifi.processors.standard.RouteText - RouteText[id=7eed8dc2-ebc4-49da-951a-9990a8cef519] Adding new dynamic property: PropertyDescriptor[simple]
[pool-4283-thread-1] INFO org.apache.nifi.processors.standard.RouteText - RouteText[id=7eed8dc2-ebc4-49da-951a-9990a8cef519] Created FlowFile[3923,94824682663938.mockFlowFile,24B] from FlowFile[3922,94824682663938.mockFlowFile,24B]; routing to relationship simple
[pool-4283-thread-1] INFO org.apache.nifi.processors.standard.RouteText - RouteText[id=7eed8dc2-ebc4-49da-951a-9990a8cef519] Routing FlowFile[3922,94824682663938.mockFlowFile,24B] to original
[main] DEBUG org.apache.nifi.processors.standard.RouteText - RouteText[id=7eed8dc2-ebc4-49da-951a-9990a8cef519] Adding new dynamic property: PropertyDescriptor[simple]
[pool-4284-thread-1] INFO org.apache.nifi.processors.standard.RouteText - RouteText[id=7eed8dc2-ebc4-49da-951a-9990a8cef519] Created FlowFile[3925,94824683056828.mockFlowFile,24B] from FlowFile[3924,94824683056828.mockFlowFile,24B]; routing to relationship simple
[pool-4284-thread-1] INFO org.apache.nifi.processors.standard.RouteText - RouteText[id=7eed8dc2-ebc4-49da-951a-9990a8cef519] Routing FlowFile[3924,94824683056828.mockFlowFile,24B] to original
[main] DEBUG org.apache.nifi.processors.standard.RouteText - RouteText[id=7eed8dc2-ebc4-49da-951a-9990a8cef519] Adding new dynamic property: PropertyDescriptor[simple]
[pool-4285-thread-1] INFO org.apache.nifi.processors.standard.RouteText - RouteText[id=7eed8dc2-ebc4-49da-951a-9990a8cef519] Created FlowFile[3927,94824683456908.mockFlowFile,24B] from FlowFile[3926,94824683456908.mockFlowFile,24B]; routing to relationship simple
[pool-4285-thread-1] INFO org.apache.nifi.processors.standard.RouteText - RouteText[id=7eed8dc2-ebc4-49da-951a-9990a8cef519] Routing FlowFile[3926,94824683456908.mockFlowFile,24B] to original
[main] DEBUG org.apache.nifi.processors.standard.RouteText - RouteText[id=7eed8dc2-ebc4-49da-951a-9990a8cef519] Adding new dynamic property: PropertyDescriptor[simple]
[pool-4286-thread-1] INFO org.apache.nifi.processors.standard.RouteText - RouteText[id=7eed8dc2-ebc4-49da-951a-9990a8cef519] Created FlowFile[3929,94824683841262.mockFlowFile,24B] from FlowFile[3928,94824683841262.mockFlowFile,24B]; routing to relationship simple
[pool-4286-thread-1] INFO org.apache.nifi.processors.standard.RouteText - RouteText[id=7eed8dc2-ebc4-49da-951a-9990a8cef519] Routing FlowFile[3928,94824683841262.mockFlowFile,24B] to original
[main] DEBUG org.apache.nifi.processors.standard.RouteText - RouteText[id=7eed8dc2-ebc4-49da-951a-9990a8cef519] Adding new dynamic property: PropertyDescriptor[simple]
[pool-4287-thread-1] INFO org.apache.nifi.processors.standard.RouteText - RouteText[id=7eed8dc2-ebc4-49da-951a-9990a8cef519] Created FlowFile[3931,94824684276348.mockFlowFile,24B] from FlowFile[3930,94824684276348.mockFlowFile,24B]; routing to relationship simple
[pool-4287-thread-1] INFO org.apache.nifi.processors.standard.RouteText - RouteText[id=7eed8dc2-ebc4-49da-951a-9990a8cef519] Routing FlowFile[3930,94824684276348.mockFlowFile,24B] to original
[main] DEBUG org.apache.nifi.processors.standard.RouteText - RouteText[id=7eed8dc2-ebc4-49da-951a-9990a8cef519] Adding new dynamic property: PropertyDescriptor[simple]
[pool-4288-thread-1] INFO org.apache.nifi.processors.standard.RouteText - RouteText[id=7eed8dc2-ebc4-49da-951a-9990a8cef519] Created FlowFile[3933,94824684725325.mockFlowFile,24B] from FlowFile[3932,94824684725325.mockFlowFile,24B]; routing to relationship simple
[pool-4288-thread-1] INFO org.apache.nifi.processors.standard.RouteText - RouteText[id=7eed8dc2-ebc4-49da-951a-9990a8cef519] Routing FlowFile[3932,94824684725325.mockFlowFile,24B] to original
[main] DEBUG org.apache.nifi.processors.standard.RouteText - RouteText[id=7eed8dc2-ebc4-49da-951a-9990a8cef519] Adding new dynamic property: PropertyDescriptor[simple]
[pool-4289-thread-1] INFO org.apache.nifi.processors.standard.RouteText - RouteText[id=7eed8dc2-ebc4-49da-951a-9990a8cef519] Created FlowFile[3935,94824685156889.mockFlowFile,24B] from FlowFile[3934,94824685156889.mockFlowFile,24B]; routing to relationship simple
[pool-4289-thread-1] INFO org.apache.nifi.processors.standard.RouteText - RouteText[id=7eed8dc2-ebc4-49da-951a-9990a8cef519] Routing FlowFile[3934,94824685156889.mockFlowFile,24B] to original
[main] DEBUG org.apache.nifi.processors.standard.RouteText - RouteText[id=7eed8dc2-ebc4-49da-951a-9990a8cef519] Adding new dynamic property: PropertyDescriptor[simple]
[pool-4290-thread-1] INFO org.apache.nifi.processors.standard.RouteText - RouteText[id=7eed8dc2-ebc4-49da-951a-9990a8cef519] Created FlowFile[3937,94824685603374.mockFlowFile,24B] from FlowFile[3936,94824685603374.mockFlowFile,24B]; routing to relationship simple
[pool-4290-thread-1] INFO org.apache.nifi.processors.standard.RouteText - RouteText[id=7eed8dc2-ebc4-49da-951a-9990a8cef519] Routing FlowFile[3936,94824685603374.mockFlowFile,24B] to original
[main] DEBUG org.apache.nifi.processors.standard.RouteText - RouteText[id=7eed8dc2-ebc4-49da-951a-9990a8cef519] Adding new dynamic property: PropertyDescriptor[simple]
[pool-4291-thread-1] INFO org.apache.nifi.processors.standard.RouteText - RouteText[id=7eed8dc2-ebc4-49da-951a-9990a8cef519] Created FlowFile[3939,94824686043849.mockFlowFile,24B] from FlowFile[3938,94824686043849.mockFlowFile,24B]; routing to relationship simple
[pool-4291-thread-1] INFO org.apache.nifi.processors.standard.RouteText - RouteText[id=7eed8dc2-ebc4-49da-951a-9990a8cef519] Routing FlowFile[3938,94824686043849.mockFlowFile,24B] to original
[main] DEBUG org.apache.nifi.processors.standard.RouteText - RouteText[id=7eed8dc2-ebc4-49da-951a-9990a8cef519] Adding new dynamic property: PropertyDescriptor[simple]
[pool-4292-thread-1] INFO org.apache.nifi.processors.standard.RouteText - RouteText[id=7eed8dc2-ebc4-49da-951a-9990a8cef519] Created FlowFile[3941,94824686465087.mockFlowFile,24B] from FlowFile[3940,94824686465087.mockFlowFile,24B]; routing to relationship simple
[pool-4292-thread-1] INFO org.apache.nifi.processors.standard.RouteText - RouteText[id=7eed8dc2-ebc4-49da-951a-9990a8cef519] Routing FlowFile[3940,94824686465087.mockFlowFile,24B] to original
[main] DEBUG org.apache.nifi.processors.standard.RouteText - RouteText[id=7eed8dc2-ebc4-49da-951a-9990a8cef519] Adding new dynamic property: PropertyDescriptor[simple]
[pool-4293-thread-1] INFO org.apache.nifi.processors.standard.RouteText - RouteText[id=7eed8dc2-ebc4-49da-951a-9990a8cef519] Created FlowFile[3943,94824686894544.mockFlowFile,24B] from FlowFile[3942,94824686894544.mockFlowFile,24B]; routing to relationship simple
[pool-4293-thread-1] INFO org.apache.nifi.processors.standard.RouteText - RouteText[id=7eed8dc2-ebc4-49da-951a-9990a8cef519] Routing FlowFile[3942,94824686894544.mockFlowFile,24B] to original
[main] DEBUG org.apache.nifi.processors.standard.RouteText - RouteText[id=7eed8dc2-ebc4-49da-951a-9990a8cef519] Adding new dynamic property: PropertyDescriptor[simple]
[pool-4294-thread-1] INFO org.apache.nifi.processors.standard.RouteText - RouteText[id=7eed8dc2-ebc4-49da-951a-9990a8cef519] Created FlowFile[3945,94824687369745.mockFlowFile,24B] from FlowFile[3944,94824687369745.mockFlowFile,24B]; routing to relationship simple
[pool-4294-thread-1] INFO org.apache.nifi.processors.standard.RouteText - RouteText[id=7eed8dc2-ebc4-49da-951a-9990a8cef519] Routing FlowFile[3944,94824687369745.mockFlowFile,24B] to original
[main] DEBUG org.apache.nifi.processors.standard.RouteText - RouteText[id=7eed8dc2-ebc4-49da-951a-9990a8cef519] Adding new dynamic property: PropertyDescriptor[simple]
[pool-4295-thread-1] INFO org.apache.nifi.processors.standard.RouteText - RouteText[id=7eed8dc2-ebc4-49da-951a-9990a8cef519] Created FlowFile[3947,94824687815722.mockFlowFile,24B] from FlowFile[3946,94824687815722.mockFlowFile,24B]; routing to relationship simple
[pool-4295-thread-1] INFO org.apache.nifi.processors.standard.RouteText - RouteText[id=7eed8dc2-ebc4-49da-951a-9990a8cef519] Routing FlowFile[3946,94824687815722.mockFlowFile,24B] to original
[main] DEBUG org.apache.nifi.processors.standard.RouteText - RouteText[id=7eed8dc2-ebc4-49da-951a-9990a8cef519] Adding new dynamic property: PropertyDescriptor[simple]
[pool-4296-thread-1] INFO org.apache.nifi.processors.standard.RouteText - RouteText[id=7eed8dc2-ebc4-49da-951a-9990a8cef519] Created FlowFile[3949,94824688273576.mockFlowFile,24B] from FlowFile[3948,94824688273576.mockFlowFile,24B]; routing to relationship simple
[pool-4296-thread-1] INFO org.apache.nifi.processors.standard.RouteText - RouteText[id=7eed8dc2-ebc4-49da-951a-9990a8cef519] Routing FlowFile[3948,94824688273576.mockFlowFile,24B] to original
[main] DEBUG org.apache.nifi.processors.standard.RouteText - RouteText[id=7eed8dc2-ebc4-49da-951a-9990a8cef519] Adding new dynamic property: PropertyDescriptor[simple]
[pool-4297-thread-1] INFO org.apache.nifi.processors.standard.RouteText - RouteText[id=7eed8dc2-ebc4-49da-951a-9990a8cef519] Created FlowFile[3951,94824688704083.mockFlowFile,24B] from FlowFile[3950,94824688704083.mockFlowFile,24B]; routing to relationship simple
[pool-4297-thread-1] INFO org.apache.nifi.processors.standard.RouteText - RouteText[id=7eed8dc2-ebc4-49da-951a-9990a8cef519] Routing FlowFile[3950,94824688704083.mockFlowFile,24B] to original
[main] DEBUG org.apache.nifi.processors.standard.RouteText - RouteText[id=7eed8dc2-ebc4-49da-951a-9990a8cef519] Adding new dynamic property: PropertyDescriptor[simple]
[pool-4298-thread-1] INFO org.apache.nifi.processors.standard.RouteText - RouteText[id=7eed8dc2-ebc4-49da-951a-9990a8cef519] Created FlowFile[3953,94824689130965.mockFlowFile,24B] from FlowFile[3952,94824689130965.mockFlowFile,24B]; routing to relationship simple
[pool-4298-thread-1] INFO org.apache.nifi.processors.standard.RouteText - RouteText[id=7eed8dc2-ebc4-49da-951a-9990a8cef519] Routing FlowFile[3952,94824689130965.mockFlowFile,24B] to original
[main] DEBUG org.apache.nifi.processors.standard.RouteText - RouteText[id=7eed8dc2-ebc4-49da-951a-9990a8cef519] Adding new dynamic property: PropertyDescriptor[simple]
[pool-4299-thread-1] INFO org.apache.nifi.processors.standard.RouteText - RouteText[id=7eed8dc2-ebc4-49da-951a-9990a8cef519] Created FlowFile[3955,94824689696504.mockFlowFile,24B] from FlowFile[3954,94824689696504.mockFlowFile,24B]; routing to relationship simple
[pool-4299-thread-1] INFO org.apache.nifi.processors.standard.RouteText - RouteText[id=7eed8dc2-ebc4-49da-951a-9990a8cef519] Routing FlowFile[3954,94824689696504.mockFlowFile,24B] to original
[main] DEBUG org.apache.nifi.processors.standard.RouteText - RouteText[id=7eed8dc2-ebc4-49da-951a-9990a8cef519] Adding new dynamic property: PropertyDescriptor[simple]
[pool-4300-thread-1] INFO org.apache.nifi.processors.standard.RouteText - RouteText[id=7eed8dc2-ebc4-49da-951a-9990a8cef519] Created FlowFile[3957,94824690205838.mockFlowFile,24B] from FlowFile[3956,94824690205838.mockFlowFile,24B]; routing to relationship simple
[pool-4300-thread-1] INFO org.apache.nifi.processors.standard.RouteText - RouteText[id=7eed8dc2-ebc4-49da-951a-9990a8cef519] Routing FlowFile[3956,94824690205838.mockFlowFile,24B] to original
[main] DEBUG org.apache.nifi.processors.standard.RouteText - RouteText[id=7eed8dc2-ebc4-49da-951a-9990a8cef519] Adding new dynamic property: PropertyDescriptor[simple]
[pool-4301-thread-1] INFO org.apache.nifi.processors.standard.RouteText - RouteText[id=7eed8dc2-ebc4-49da-951a-9990a8cef519] Created FlowFile[3959,94824690723131.mockFlowFile,24B] from FlowFile[3958,94824690723131.mockFlowFile,24B]; routing to relationship simple
[pool-4301-thread-1] INFO org.apache.nifi.processors.standard.RouteText - RouteText[id=7eed8dc2-ebc4-49da-951a-9990a8cef519] Routing FlowFile[3958,94824690723131.mockFlowFile,24B] to original
[main] DEBUG org.apache.nifi.processors.standard.RouteText - RouteText[id=7eed8dc2-ebc4-49da-951a-9990a8cef519] Adding new dynamic property: PropertyDescriptor[simple]
[pool-4302-thread-1] INFO org.apache.nifi.processors.standard.RouteText - RouteText[id=7eed8dc2-ebc4-49da-951a-9990a8cef519] Created FlowFile[3961,94824691220933.mockFlowFile,24B] from FlowFile[3960,94824691220933.mockFlowFile,24B]; routing to relationship simple
[pool-4302-thread-1] INFO org.apache.nifi.processors.standard.RouteText - RouteText[id=7eed8dc2-ebc4-49da-951a-9990a8cef519] Routing FlowFile[3960,94824691220933.mockFlowFile,24B] to original
[main] DEBUG org.apache.nifi.processors.standard.RouteText - RouteText[id=7eed8dc2-ebc4-49da-951a-9990a8cef519] Adding new dynamic property: PropertyDescriptor[simple]
[pool-4303-thread-1] INFO org.apache.nifi.processors.standard.RouteText - RouteText[id=7eed8dc2-ebc4-49da-951a-9990a8cef519] Created FlowFile[3963,94824691698339.mockFlowFile,24B] from FlowFile[3962,94824691698339.mockFlowFile,24B]; routing to relationship simple
[pool-4303-thread-1] INFO org.apache.nifi.processors.standard.RouteText - RouteText[id=7eed8dc2-ebc4-49da-951a-9990a8cef519] Routing FlowFile[3962,94824691698339.mockFlowFile,24B] to original
[main] DEBUG org.apache.nifi.processors.standard.RouteText - RouteText[id=7eed8dc2-ebc4-49da-951a-9990a8cef519] Adding new dynamic property: PropertyDescriptor[simple]
[pool-4304-thread-1] INFO org.apache.nifi.processors.standard.RouteText - RouteText[id=7eed8dc2-ebc4-49da-951a-9990a8cef519] Created FlowFile[3965,94824692173046.mockFlowFile,24B] from FlowFile[3964,94824692173046.mockFlowFile,24B]; routing to relationship simple
[pool-4304-thread-1] INFO org.apache.nifi.processors.standard.RouteText - RouteText[id=7eed8dc2-ebc4-49da-951a-9990a8cef519] Routing FlowFile[3964,94824692173046.mockFlowFile,24B] to original
[main] DEBUG org.apache.nifi.processors.standard.RouteText - RouteText[id=7eed8dc2-ebc4-49da-951a-9990a8cef519] Adding new dynamic property: PropertyDescriptor[simple]
[pool-4305-thread-1] INFO org.apache.nifi.processors.standard.RouteText - RouteText[id=7eed8dc2-ebc4-49da-951a-9990a8cef519] Created FlowFile[3967,94824692593729.mockFlowFile,24B] from FlowFile[3966,94824692593729.mockFlowFile,24B]; routing to relationship simple
[pool-4305-thread-1] INFO org.apache.nifi.processors.standard.RouteText - RouteText[id=7eed8dc2-ebc4-49da-951a-9990a8cef519] Routing FlowFile[3966,94824692593729.mockFlowFile,24B] to original
[main] DEBUG org.apache.nifi.processors.standard.RouteText - RouteText[id=7eed8dc2-ebc4-49da-951a-9990a8cef519] Adding new dynamic property: PropertyDescriptor[simple]
[pool-4306-thread-1] INFO org.apache.nifi.processors.standard.RouteText - RouteText[id=7eed8dc2-ebc4-49da-951a-9990a8cef519] Created FlowFile[3969,94824693034153.mockFlowFile,24B] from FlowFile[3968,94824693034153.mockFlowFile,24B]; routing to relationship simple
[pool-4306-thread-1] INFO org.apache.nifi.processors.standard.RouteText - RouteText[id=7eed8dc2-ebc4-49da-951a-9990a8cef519] Routing FlowFile[3968,94824693034153.mockFlowFile,24B] to original
[main] DEBUG org.apache.nifi.processors.standard.RouteText - RouteText[id=7eed8dc2-ebc4-49da-951a-9990a8cef519] Adding new dynamic property: PropertyDescriptor[simple]
[pool-4307-thread-1] INFO org.apache.nifi.processors.standard.RouteText - RouteText[id=7eed8dc2-ebc4-49da-951a-9990a8cef519] Created FlowFile[3971,94824693515485.mockFlowFile,24B] from FlowFile[3970,94824693515485.mockFlowFile,24B]; routing to relationship simple
[pool-4307-thread-1] INFO org.apache.nifi.processors.standard.RouteText - RouteText[id=7eed8dc2-ebc4-49da-951a-9990a8cef519] Routing FlowFile[3970,94824693515485.mockFlowFile,24B] to original
[main] DEBUG org.apache.nifi.processors.standard.RouteText - RouteText[id=7eed8dc2-ebc4-49da-951a-9990a8cef519] Adding new dynamic property: PropertyDescriptor[simple]
[pool-4308-thread-1] INFO org.apache.nifi.processors.standard.RouteText - RouteText[id=7eed8dc2-ebc4-49da-951a-9990a8cef519] Created FlowFile[3973,94824693972513.mockFlowFile,24B] from FlowFile[3972,94824693972513.mockFlowFile,24B]; routing to relationship simple
[pool-4308-thread-1] INFO org.apache.nifi.processors.standard.RouteText - RouteText[id=7eed8dc2-ebc4-49da-951a-9990a8cef519] Routing FlowFile[3972,94824693972513.mockFlowFile,24B] to original
[main] DEBUG org.apache.nifi.processors.standard.RouteText - RouteText[id=7eed8dc2-ebc4-49da-951a-9990a8cef519] Adding new dynamic property: PropertyDescriptor[simple]
[pool-4309-thread-1] INFO org.apache.nifi.processors.standard.RouteText - RouteText[id=7eed8dc2-ebc4-49da-951a-9990a8cef519] Created FlowFile[3975,94824694423317.mockFlowFile,24B] from FlowFile[3974,94824694423317.mockFlowFile,24B]; routing to relationship simple
[pool-4309-thread-1] INFO org.apache.nifi.processors.standard.RouteText - RouteText[id=7eed8dc2-ebc4-49da-951a-9990a8cef519] Routing FlowFile[3974,94824694423317.mockFlowFile,24B] to original
[main] DEBUG org.apache.nifi.processors.standard.RouteText - RouteText[id=7eed8dc2-ebc4-49da-951a-9990a8cef519] Adding new dynamic property: PropertyDescriptor[simple]
[pool-4310-thread-1] INFO org.apache.nifi.processors.standard.RouteText - RouteText[id=7eed8dc2-ebc4-49da-951a-9990a8cef519] Created FlowFile[3977,94824694870274.mockFlowFile,24B] from FlowFile[3976,94824694870274.mockFlowFile,24B]; routing to relationship simple
[pool-4310-thread-1] INFO org.apache.nifi.processors.standard.RouteText - RouteText[id=7eed8dc2-ebc4-49da-951a-9990a8cef519] Routing FlowFile[3976,94824694870274.mockFlowFile,24B] to original
[main] DEBUG org.apache.nifi.processors.standard.RouteText - RouteText[id=7eed8dc2-ebc4-49da-951a-9990a8cef519] Adding new dynamic property: PropertyDescriptor[simple]
[pool-4311-thread-1] INFO org.apache.nifi.processors.standard.RouteText - RouteText[id=7eed8dc2-ebc4-49da-951a-9990a8cef519] Created FlowFile[3979,94824695285147.mockFlowFile,24B] from FlowFile[3978,94824695285147.mockFlowFile,24B]; routing to relationship simple
[pool-4311-thread-1] INFO org.apache.nifi.processors.standard.RouteText - RouteText[id=7eed8dc2-ebc4-49da-951a-9990a8cef519] Routing FlowFile[3978,94824695285147.mockFlowFile,24B] to original
[main] DEBUG org.apache.nifi.processors.standard.RouteText - RouteText[id=7eed8dc2-ebc4-49da-951a-9990a8cef519] Adding new dynamic property: PropertyDescriptor[simple]
[pool-4312-thread-1] INFO org.apache.nifi.processors.standard.RouteText - RouteText[id=7eed8dc2-ebc4-49da-951a-9990a8cef519] Created FlowFile[3981,94824695673649.mockFlowFile,24B] from FlowFile[3980,94824695673649.mockFlowFile,24B]; routing to relationship simple
[pool-4312-thread-1] INFO org.apache.nifi.processors.standard.RouteText - RouteText[id=7eed8dc2-ebc4-49da-951a-9990a8cef519] Routing FlowFile[3980,94824695673649.mockFlowFile,24B] to original
[main] DEBUG org.apache.nifi.processors.standard.RouteText - RouteText[id=7eed8dc2-ebc4-49da-951a-9990a8cef519] Adding new dynamic property: PropertyDescriptor[simple]
[pool-4313-thread-1] INFO org.apache.nifi.processors.standard.RouteText - RouteText[id=7eed8dc2-ebc4-49da-951a-9990a8cef519] Created FlowFile[3983,94824696061623.mockFlowFile,24B] from FlowFile[3982,94824696061623.mockFlowFile,24B]; routing to relationship simple
[pool-4313-thread-1] INFO org.apache.nifi.processors.standard.RouteText - RouteText[id=7eed8dc2-ebc4-49da-951a-9990a8cef519] Routing FlowFile[3982,94824696061623.mockFlowFile,24B] to original
[main] DEBUG org.apache.nifi.processors.standard.RouteText - RouteText[id=7eed8dc2-ebc4-49da-951a-9990a8cef519] Adding new dynamic property: PropertyDescriptor[simple]
[pool-4314-thread-1] INFO org.apache.nifi.processors.standard.RouteText - RouteText[id=7eed8dc2-ebc4-49da-951a-9990a8cef519] Created FlowFile[3985,94824696506224.mockFlowFile,24B] from FlowFile[3984,94824696506224.mockFlowFile,24B]; routing to relationship simple
[pool-4314-thread-1] INFO org.apache.nifi.processors.standard.RouteText - RouteText[id=7eed8dc2-ebc4-49da-951a-9990a8cef519] Routing FlowFile[3984,94824696506224.mockFlowFile,24B] to original
[main] DEBUG org.apache.nifi.processors.standard.RouteText - RouteText[id=7eed8dc2-ebc4-49da-951a-9990a8cef519] Adding new dynamic property: PropertyDescriptor[simple]
[pool-4315-thread-1] INFO org.apache.nifi.processors.standard.RouteText - RouteText[id=7eed8dc2-ebc4-49da-951a-9990a8cef519] Created FlowFile[3987,94824696932936.mockFlowFile,24B] from FlowFile[3986,94824696932936.mockFlowFile,24B]; routing to relationship simple
[pool-4315-thread-1] INFO org.apache.nifi.processors.standard.RouteText - RouteText[id=7eed8dc2-ebc4-49da-951a-9990a8cef519] Routing FlowFile[3986,94824696932936.mockFlowFile,24B] to original
[main] DEBUG org.apache.nifi.processors.standard.RouteText - RouteText[id=7eed8dc2-ebc4-49da-951a-9990a8cef519] Adding new dynamic property: PropertyDescriptor[simple]
[pool-4316-thread-1] INFO org.apache.nifi.processors.standard.RouteText - RouteText[id=7eed8dc2-ebc4-49da-951a-9990a8cef519] Created FlowFile[3989,94824697358046.mockFlowFile,24B] from FlowFile[3988,94824697358046.mockFlowFile,24B]; routing to relationship simple
[pool-4316-thread-1] INFO org.apache.nifi.processors.standard.RouteText - RouteText[id=7eed8dc2-ebc4-49da-951a-9990a8cef519] Routing FlowFile[3988,94824697358046.mockFlowFile,24B] to original
[main] DEBUG org.apache.nifi.processors.standard.RouteText - RouteText[id=7eed8dc2-ebc4-49da-951a-9990a8cef519] Adding new dynamic property: PropertyDescriptor[simple]
[pool-4317-thread-1] INFO org.apache.nifi.processors.standard.RouteText - RouteText[id=7eed8dc2-ebc4-49da-951a-9990a8cef519] Created FlowFile[3991,94824697777794.mockFlowFile,24B] from FlowFile[3990,94824697777794.mockFlowFile,24B]; routing to relationship simple
[pool-4317-thread-1] INFO org.apache.nifi.processors.standard.RouteText - RouteText[id=7eed8dc2-ebc4-49da-951a-9990a8cef519] Routing FlowFile[3990,94824697777794.mockFlowFile,24B] to original
[main] DEBUG org.apache.nifi.processors.standard.RouteText - RouteText[id=7eed8dc2-ebc4-49da-951a-9990a8cef519] Adding new dynamic property: PropertyDescriptor[simple]
[pool-4318-thread-1] INFO org.apache.nifi.processors.standard.RouteText - RouteText[id=7eed8dc2-ebc4-49da-951a-9990a8cef519] Created FlowFile[3993,94824698203132.mockFlowFile,24B] from FlowFile[3992,94824698203132.mockFlowFile,24B]; routing to relationship simple
[pool-4318-thread-1] INFO org.apache.nifi.processors.standard.RouteText - RouteText[id=7eed8dc2-ebc4-49da-951a-9990a8cef519] Routing FlowFile[3992,94824698203132.mockFlowFile,24B] to original
[main] DEBUG org.apache.nifi.processors.standard.RouteText - RouteText[id=7eed8dc2-ebc4-49da-951a-9990a8cef519] Adding new dynamic property: PropertyDescriptor[simple]
[pool-4319-thread-1] INFO org.apache.nifi.processors.standard.RouteText - RouteText[id=7eed8dc2-ebc4-49da-951a-9990a8cef519] Created FlowFile[3995,94824698684830.mockFlowFile,24B] from FlowFile[3994,94824698684830.mockFlowFile,24B]; routing to relationship simple
[pool-4319-thread-1] INFO org.apache.nifi.processors.standard.RouteText - RouteText[id=7eed8dc2-ebc4-49da-951a-9990a8cef519] Routing FlowFile[3994,94824698684830.mockFlowFile,24B] to original
[main] DEBUG org.apache.nifi.processors.standard.RouteText - RouteText[id=7eed8dc2-ebc4-49da-951a-9990a8cef519] Adding new dynamic property: PropertyDescriptor[simple]
[pool-4320-thread-1] INFO org.apache.nifi.processors.standard.RouteText - RouteText[id=7eed8dc2-ebc4-49da-951a-9990a8cef519] Created FlowFile[3997,94824699135707.mockFlowFile,24B] from FlowFile[3996,94824699135707.mockFlowFile,24B]; routing to relationship simple
[pool-4320-thread-1] INFO org.apache.nifi.processors.standard.RouteText - RouteText[id=7eed8dc2-ebc4-49da-951a-9990a8cef519] Routing FlowFile[3996,94824699135707.mockFlowFile,24B] to original
[main] DEBUG org.apache.nifi.processors.standard.RouteText - RouteText[id=7eed8dc2-ebc4-49da-951a-9990a8cef519] Adding new dynamic property: PropertyDescriptor[simple]
[pool-4321-thread-1] INFO org.apache.nifi.processors.standard.RouteText - RouteText[id=7eed8dc2-ebc4-49da-951a-9990a8cef519] Created FlowFile[3999,94824699599255.mockFlowFile,24B] from FlowFile[3998,94824699599255.mockFlowFile,24B]; routing to relationship simple
[pool-4321-thread-1] INFO org.apache.nifi.processors.standard.RouteText - RouteText[id=7eed8dc2-ebc4-49da-951a-9990a8cef519] Routing FlowFile[3998,94824699599255.mockFlowFile,24B] to original
[main] DEBUG org.apache.nifi.processors.standard.RouteText - RouteText[id=7eed8dc2-ebc4-49da-951a-9990a8cef519] Adding new dynamic property: PropertyDescriptor[simple]
[pool-4322-thread-1] INFO org.apache.nifi.processors.standard.RouteText - RouteText[id=7eed8dc2-ebc4-49da-951a-9990a8cef519] Created FlowFile[4001,94824700031099.mockFlowFile,24B] from FlowFile[4000,94824700031099.mockFlowFile,24B]; routing to relationship simple
[pool-4322-thread-1] INFO org.apache.nifi.processors.standard.RouteText - RouteText[id=7eed8dc2-ebc4-49da-951a-9990a8cef519] Routing FlowFile[4000,94824700031099.mockFlowFile,24B] to original
[main] DEBUG org.apache.nifi.processors.standard.RouteText - RouteText[id=7eed8dc2-ebc4-49da-951a-9990a8cef519] Adding new dynamic property: PropertyDescriptor[simple]
[pool-4323-thread-1] INFO org.apache.nifi.processors.standard.RouteText - RouteText[id=7eed8dc2-ebc4-49da-951a-9990a8cef519] Created FlowFile[4003,94824700524826.mockFlowFile,24B] from FlowFile[4002,94824700524826.mockFlowFile,24B]; routing to relationship simple
[pool-4323-thread-1] INFO org.apache.nifi.processors.standard.RouteText - RouteText[id=7eed8dc2-ebc4-49da-951a-9990a8cef519] Routing FlowFile[4002,94824700524826.mockFlowFile,24B] to original
[main] DEBUG org.apache.nifi.processors.standard.RouteText - RouteText[id=7eed8dc2-ebc4-49da-951a-9990a8cef519] Adding new dynamic property: PropertyDescriptor[simple]
[pool-4324-thread-1] INFO org.apache.nifi.processors.standard.RouteText - RouteText[id=7eed8dc2-ebc4-49da-951a-9990a8cef519] Created FlowFile[4005,94824700989118.mockFlowFile,24B] from FlowFile[4004,94824700989118.mockFlowFile,24B]; routing to relationship simple
[pool-4324-thread-1] INFO org.apache.nifi.processors.standard.RouteText - RouteText[id=7eed8dc2-ebc4-49da-951a-9990a8cef519] Routing FlowFile[4004,94824700989118.mockFlowFile,24B] to original
[main] DEBUG org.apache.nifi.processors.standard.RouteText - RouteText[id=7eed8dc2-ebc4-49da-951a-9990a8cef519] Adding new dynamic property: PropertyDescriptor[simple]
[pool-4325-thread-1] INFO org.apache.nifi.processors.standard.RouteText - RouteText[id=7eed8dc2-ebc4-49da-951a-9990a8cef519] Created FlowFile[4007,94824701471155.mockFlowFile,24B] from FlowFile[4006,94824701471155.mockFlowFile,24B]; routing to relationship simple
[pool-4325-thread-1] INFO org.apache.nifi.processors.standard.RouteText - RouteText[id=7eed8dc2-ebc4-49da-951a-9990a8cef519] Routing FlowFile[4006,94824701471155.mockFlowFile,24B] to original
[main] DEBUG org.apache.nifi.processors.standard.RouteText - RouteText[id=7eed8dc2-ebc4-49da-951a-9990a8cef519] Adding new dynamic property: PropertyDescriptor[simple]
[pool-4326-thread-1] INFO org.apache.nifi.processors.standard.RouteText - RouteText[id=7eed8dc2-ebc4-49da-951a-9990a8cef519] Created FlowFile[4009,94824701925066.mockFlowFile,24B] from FlowFile[4008,94824701925066.mockFlowFile,24B]; routing to relationship simple
[pool-4326-thread-1] INFO org.apache.nifi.processors.standard.RouteText - RouteText[id=7eed8dc2-ebc4-49da-951a-9990a8cef519] Routing FlowFile[4008,94824701925066.mockFlowFile,24B] to original
[main] DEBUG org.apache.nifi.processors.standard.RouteText - RouteText[id=7eed8dc2-ebc4-49da-951a-9990a8cef519] Adding new dynamic property: PropertyDescriptor[simple]
[pool-4327-thread-1] INFO org.apache.nifi.processors.standard.RouteText - RouteText[id=7eed8dc2-ebc4-49da-951a-9990a8cef519] Created FlowFile[4011,94824702415608.mockFlowFile,24B] from FlowFile[4010,94824702415608.mockFlowFile,24B]; routing to relationship simple
[pool-4327-thread-1] INFO org.apache.nifi.processors.standard.RouteText - RouteText[id=7eed8dc2-ebc4-49da-951a-9990a8cef519] Routing FlowFile[4010,94824702415608.mockFlowFile,24B] to original
[main] DEBUG org.apache.nifi.processors.standard.RouteText - RouteText[id=7eed8dc2-ebc4-49da-951a-9990a8cef519] Adding new dynamic property: PropertyDescriptor[simple]
[pool-4328-thread-1] INFO org.apache.nifi.processors.standard.RouteText - RouteText[id=7eed8dc2-ebc4-49da-951a-9990a8cef519] Created FlowFile[4013,94824702889725.mockFlowFile,24B] from FlowFile[4012,94824702889725.mockFlowFile,24B]; routing to relationship simple
[pool-4328-thread-1] INFO org.apache.nifi.processors.standard.RouteText - RouteText[id=7eed8dc2-ebc4-49da-951a-9990a8cef519] Routing FlowFile[4012,94824702889725.mockFlowFile,24B] to original
[main] DEBUG org.apache.nifi.processors.standard.RouteText - RouteText[id=7eed8dc2-ebc4-49da-951a-9990a8cef519] Adding new dynamic property: PropertyDescriptor[simple]
[pool-4329-thread-1] INFO org.apache.nifi.processors.standard.RouteText - RouteText[id=7eed8dc2-ebc4-49da-951a-9990a8cef519] Created FlowFile[4015,94824703346174.mockFlowFile,24B] from FlowFile[4014,94824703346174.mockFlowFile,24B]; routing to relationship simple
[pool-4329-thread-1] INFO org.apache.nifi.processors.standard.RouteText - RouteText[id=7eed8dc2-ebc4-49da-951a-9990a8cef519] Routing FlowFile[4014,94824703346174.mockFlowFile,24B] to original
[main] DEBUG org.apache.nifi.processors.standard.RouteText - RouteText[id=7eed8dc2-ebc4-49da-951a-9990a8cef519] Adding new dynamic property: PropertyDescriptor[simple]
[pool-4330-thread-1] INFO org.apache.nifi.processors.standard.RouteText - RouteText[id=7eed8dc2-ebc4-49da-951a-9990a8cef519] Created FlowFile[4017,94824703804838.mockFlowFile,24B] from FlowFile[4016,94824703804838.mockFlowFile,24B]; routing to relationship simple
[pool-4330-thread-1] INFO org.apache.nifi.processors.standard.RouteText - RouteText[id=7eed8dc2-ebc4-49da-951a-9990a8cef519] Routing FlowFile[4016,94824703804838.mockFlowFile,24B] to original
[main] DEBUG org.apache.nifi.processors.standard.RouteText - RouteText[id=7eed8dc2-ebc4-49da-951a-9990a8cef519] Adding new dynamic property: PropertyDescriptor[simple]
[pool-4331-thread-1] INFO org.apache.nifi.processors.standard.RouteText - RouteText[id=7eed8dc2-ebc4-49da-951a-9990a8cef519] Created FlowFile[4019,94824704269289.mockFlowFile,24B] from FlowFile[4018,94824704269289.mockFlowFile,24B]; routing to relationship simple
[pool-4331-thread-1] INFO org.apache.nifi.processors.standard.RouteText - RouteText[id=7eed8dc2-ebc4-49da-951a-9990a8cef519] Routing FlowFile[4018,94824704269289.mockFlowFile,24B] to original
[main] DEBUG org.apache.nifi.processors.standard.RouteText - RouteText[id=7eed8dc2-ebc4-49da-951a-9990a8cef519] Adding new dynamic property: PropertyDescriptor[simple]
[pool-4332-thread-1] INFO org.apache.nifi.processors.standard.RouteText - RouteText[id=7eed8dc2-ebc4-49da-951a-9990a8cef519] Created FlowFile[4021,94824704787954.mockFlowFile,24B] from FlowFile[4020,94824704787954.mockFlowFile,24B]; routing to relationship simple
[pool-4332-thread-1] INFO org.apache.nifi.processors.standard.RouteText - RouteText[id=7eed8dc2-ebc4-49da-951a-9990a8cef519] Routing FlowFile[4020,94824704787954.mockFlowFile,24B] to original
[main] DEBUG org.apache.nifi.processors.standard.RouteText - RouteText[id=7eed8dc2-ebc4-49da-951a-9990a8cef519] Adding new dynamic property: PropertyDescriptor[simple]
[pool-4333-thread-1] INFO org.apache.nifi.processors.standard.RouteText - RouteText[id=7eed8dc2-ebc4-49da-951a-9990a8cef519] Created FlowFile[4023,94824705412621.mockFlowFile,24B] from FlowFile[4022,94824705412621.mockFlowFile,24B]; routing to relationship simple
[pool-4333-thread-1] INFO org.apache.nifi.processors.standard.RouteText - RouteText[id=7eed8dc2-ebc4-49da-951a-9990a8cef519] Routing FlowFile[4022,94824705412621.mockFlowFile,24B] to original
[main] DEBUG org.apache.nifi.processors.standard.RouteText - RouteText[id=7eed8dc2-ebc4-49da-951a-9990a8cef519] Adding new dynamic property: PropertyDescriptor[simple]
[pool-4334-thread-1] INFO org.apache.nifi.processors.standard.RouteText - RouteText[id=7eed8dc2-ebc4-49da-951a-9990a8cef519] Created FlowFile[4025,94824705908600.mockFlowFile,24B] from FlowFile[4024,94824705908600.mockFlowFile,24B]; routing to relationship simple
[pool-4334-thread-1] INFO org.apache.nifi.processors.standard.RouteText - RouteText[id=7eed8dc2-ebc4-49da-951a-9990a8cef519] Routing FlowFile[4024,94824705908600.mockFlowFile,24B] to original
[main] DEBUG org.apache.nifi.processors.standard.RouteText - RouteText[id=7eed8dc2-ebc4-49da-951a-9990a8cef519] Adding new dynamic property: PropertyDescriptor[simple]
[pool-4335-thread-1] INFO org.apache.nifi.processors.standard.RouteText - RouteText[id=7eed8dc2-ebc4-49da-951a-9990a8cef519] Created FlowFile[4027,94824706412945.mockFlowFile,24B] from FlowFile[4026,94824706412945.mockFlowFile,24B]; routing to relationship simple
[pool-4335-thread-1] INFO org.apache.nifi.processors.standard.RouteText - RouteText[id=7eed8dc2-ebc4-49da-951a-9990a8cef519] Routing FlowFile[4026,94824706412945.mockFlowFile,24B] to original
[main] DEBUG org.apache.nifi.processors.standard.RouteText - RouteText[id=7eed8dc2-ebc4-49da-951a-9990a8cef519] Adding new dynamic property: PropertyDescriptor[simple]
[pool-4336-thread-1] INFO org.apache.nifi.processors.standard.RouteText - RouteText[id=7eed8dc2-ebc4-49da-951a-9990a8cef519] Created FlowFile[4029,94824706913420.mockFlowFile,24B] from FlowFile[4028,94824706913420.mockFlowFile,24B]; routing to relationship simple
[pool-4336-thread-1] INFO org.apache.nifi.processors.standard.RouteText - RouteText[id=7eed8dc2-ebc4-49da-951a-9990a8cef519] Routing FlowFile[4028,94824706913420.mockFlowFile,24B] to original
[main] DEBUG org.apache.nifi.processors.standard.RouteText - RouteText[id=7eed8dc2-ebc4-49da-951a-9990a8cef519] Adding new dynamic property: PropertyDescriptor[simple]
[pool-4337-thread-1] INFO org.apache.nifi.processors.standard.RouteText - RouteText[id=7eed8dc2-ebc4-49da-951a-9990a8cef519] Created FlowFile[4031,94824707531641.mockFlowFile,24B] from FlowFile[4030,94824707531641.mockFlowFile,24B]; routing to relationship simple
[pool-4337-thread-1] INFO org.apache.nifi.processors.standard.RouteText - RouteText[id=7eed8dc2-ebc4-49da-951a-9990a8cef519] Routing FlowFile[4030,94824707531641.mockFlowFile,24B] to original
[main] DEBUG org.apache.nifi.processors.standard.RouteText - RouteText[id=7eed8dc2-ebc4-49da-951a-9990a8cef519] Adding new dynamic property: PropertyDescriptor[simple]
[pool-4338-thread-1] INFO org.apache.nifi.processors.standard.RouteText - RouteText[id=7eed8dc2-ebc4-49da-951a-9990a8cef519] Created FlowFile[4033,94824708120869.mockFlowFile,24B] from FlowFile[4032,94824708120869.mockFlowFile,24B]; routing to relationship simple
[pool-4338-thread-1] INFO org.apache.nifi.processors.standard.RouteText - RouteText[id=7eed8dc2-ebc4-49da-951a-9990a8cef519] Routing FlowFile[4032,94824708120869.mockFlowFile,24B] to original
[main] DEBUG org.apache.nifi.processors.standard.RouteText - RouteText[id=7eed8dc2-ebc4-49da-951a-9990a8cef519] Adding new dynamic property: PropertyDescriptor[simple]
[pool-4339-thread-1] INFO org.apache.nifi.processors.standard.RouteText - RouteText[id=7eed8dc2-ebc4-49da-951a-9990a8cef519] Created FlowFile[4035,94824708675621.mockFlowFile,24B] from FlowFile[4034,94824708675621.mockFlowFile,24B]; routing to relationship simple
[pool-4339-thread-1] INFO org.apache.nifi.processors.standard.RouteText - RouteText[id=7eed8dc2-ebc4-49da-951a-9990a8cef519] Routing FlowFile[4034,94824708675621.mockFlowFile,24B] to original
[main] DEBUG org.apache.nifi.processors.standard.RouteText - RouteText[id=7eed8dc2-ebc4-49da-951a-9990a8cef519] Adding new dynamic property: PropertyDescriptor[simple]
[pool-4340-thread-1] INFO org.apache.nifi.processors.standard.RouteText - RouteText[id=7eed8dc2-ebc4-49da-951a-9990a8cef519] Created FlowFile[4037,94824709207625.mockFlowFile,24B] from FlowFile[4036,94824709207625.mockFlowFile,24B]; routing to relationship simple
[pool-4340-thread-1] INFO org.apache.nifi.processors.standard.RouteText - RouteText[id=7eed8dc2-ebc4-49da-951a-9990a8cef519] Routing FlowFile[4036,94824709207625.mockFlowFile,24B] to original
[main] DEBUG org.apache.nifi.processors.standard.RouteText - RouteText[id=7eed8dc2-ebc4-49da-951a-9990a8cef519] Adding new dynamic property: PropertyDescriptor[simple]
[pool-4341-thread-1] INFO org.apache.nifi.processors.standard.RouteText - RouteText[id=7eed8dc2-ebc4-49da-951a-9990a8cef519] Created FlowFile[4039,94824709707880.mockFlowFile,24B] from FlowFile[4038,94824709707880.mockFlowFile,24B]; routing to relationship simple
[pool-4341-thread-1] INFO org.apache.nifi.processors.standard.RouteText - RouteText[id=7eed8dc2-ebc4-49da-951a-9990a8cef519] Routing FlowFile[4038,94824709707880.mockFlowFile,24B] to original
[main] DEBUG org.apache.nifi.processors.standard.RouteText - RouteText[id=7eed8dc2-ebc4-49da-951a-9990a8cef519] Adding new dynamic property: PropertyDescriptor[simple]
[pool-4342-thread-1] INFO org.apache.nifi.processors.standard.RouteText - RouteText[id=7eed8dc2-ebc4-49da-951a-9990a8cef519] Created FlowFile[4041,94824710172098.mockFlowFile,24B] from FlowFile[4040,94824710172098.mockFlowFile,24B]; routing to relationship simple
[pool-4342-thread-1] INFO org.apache.nifi.processors.standard.RouteText - RouteText[id=7eed8dc2-ebc4-49da-951a-9990a8cef519] Routing FlowFile[4040,94824710172098.mockFlowFile,24B] to original
[main] DEBUG org.apache.nifi.processors.standard.RouteText - RouteText[id=7eed8dc2-ebc4-49da-951a-9990a8cef519] Adding new dynamic property: PropertyDescriptor[simple]
[pool-4343-thread-1] INFO org.apache.nifi.processors.standard.RouteText - RouteText[id=7eed8dc2-ebc4-49da-951a-9990a8cef519] Created FlowFile[4043,94824710612855.mockFlowFile,24B] from FlowFile[4042,94824710612855.mockFlowFile,24B]; routing to relationship simple
[pool-4343-thread-1] INFO org.apache.nifi.processors.standard.RouteText - RouteText[id=7eed8dc2-ebc4-49da-951a-9990a8cef519] Routing FlowFile[4042,94824710612855.mockFlowFile,24B] to original
[main] DEBUG org.apache.nifi.processors.standard.RouteText - RouteText[id=7eed8dc2-ebc4-49da-951a-9990a8cef519] Adding new dynamic property: PropertyDescriptor[simple]
[pool-4344-thread-1] INFO org.apache.nifi.processors.standard.RouteText - RouteText[id=7eed8dc2-ebc4-49da-951a-9990a8cef519] Created FlowFile[4045,94824711099220.mockFlowFile,24B] from FlowFile[4044,94824711099220.mockFlowFile,24B]; routing to relationship simple
[pool-4344-thread-1] INFO org.apache.nifi.processors.standard.RouteText - RouteText[id=7eed8dc2-ebc4-49da-951a-9990a8cef519] Routing FlowFile[4044,94824711099220.mockFlowFile,24B] to original
[main] DEBUG org.apache.nifi.processors.standard.RouteText - RouteText[id=7eed8dc2-ebc4-49da-951a-9990a8cef519] Adding new dynamic property: PropertyDescriptor[simple]
[pool-4345-thread-1] INFO org.apache.nifi.processors.standard.RouteText - RouteText[id=7eed8dc2-ebc4-49da-951a-9990a8cef519] Created FlowFile[4047,94824711557180.mockFlowFile,24B] from FlowFile[4046,94824711557180.mockFlowFile,24B]; routing to relationship simple
[pool-4345-thread-1] INFO org.apache.nifi.processors.standard.RouteText - RouteText[id=7eed8dc2-ebc4-49da-951a-9990a8cef519] Routing FlowFile[4046,94824711557180.mockFlowFile,24B] to original
[main] DEBUG org.apache.nifi.processors.standard.RouteText - RouteText[id=7eed8dc2-ebc4-49da-951a-9990a8cef519] Adding new dynamic property: PropertyDescriptor[simple]
[pool-4346-thread-1] INFO org.apache.nifi.processors.standard.RouteText - RouteText[id=7eed8dc2-ebc4-49da-951a-9990a8cef519] Created FlowFile[4049,94824712027179.mockFlowFile,24B] from FlowFile[4048,94824712027179.mockFlowFile,24B]; routing to relationship simple
[pool-4346-thread-1] INFO org.apache.nifi.processors.standard.RouteText - RouteText[id=7eed8dc2-ebc4-49da-951a-9990a8cef519] Routing FlowFile[4048,94824712027179.mockFlowFile,24B] to original
[main] DEBUG org.apache.nifi.processors.standard.RouteText - RouteText[id=7eed8dc2-ebc4-49da-951a-9990a8cef519] Adding new dynamic property: PropertyDescriptor[simple]
[pool-4347-thread-1] INFO org.apache.nifi.processors.standard.RouteText - RouteText[id=7eed8dc2-ebc4-49da-951a-9990a8cef519] Created FlowFile[4051,94824712527397.mockFlowFile,24B] from FlowFile[4050,94824712527397.mockFlowFile,24B]; routing to relationship simple
[pool-4347-thread-1] INFO org.apache.nifi.processors.standard.RouteText - RouteText[id=7eed8dc2-ebc4-49da-951a-9990a8cef519] Routing FlowFile[4050,94824712527397.mockFlowFile,24B] to original
[main] DEBUG org.apache.nifi.processors.standard.RouteText - RouteText[id=7eed8dc2-ebc4-49da-951a-9990a8cef519] Adding new dynamic property: PropertyDescriptor[simple]
[pool-4348-thread-1] INFO org.apache.nifi.processors.standard.RouteText - RouteText[id=7eed8dc2-ebc4-49da-951a-9990a8cef519] Created FlowFile[4053,94824712990429.mockFlowFile,24B] from FlowFile[4052,94824712990429.mockFlowFile,24B]; routing to relationship simple
[pool-4348-thread-1] INFO org.apache.nifi.processors.standard.RouteText - RouteText[id=7eed8dc2-ebc4-49da-951a-9990a8cef519] Routing FlowFile[4052,94824712990429.mockFlowFile,24B] to original
[main] DEBUG org.apache.nifi.processors.standard.RouteText - RouteText[id=7eed8dc2-ebc4-49da-951a-9990a8cef519] Adding new dynamic property: PropertyDescriptor[simple]
[pool-4349-thread-1] INFO org.apache.nifi.processors.standard.RouteText - RouteText[id=7eed8dc2-ebc4-49da-951a-9990a8cef519] Created FlowFile[4055,94824713444790.mockFlowFile,24B] from FlowFile[4054,94824713444790.mockFlowFile,24B]; routing to relationship simple
[pool-4349-thread-1] INFO org.apache.nifi.processors.standard.RouteText - RouteText[id=7eed8dc2-ebc4-49da-951a-9990a8cef519] Routing FlowFile[4054,94824713444790.mockFlowFile,24B] to original
[main] DEBUG org.apache.nifi.processors.standard.RouteText - RouteText[id=7eed8dc2-ebc4-49da-951a-9990a8cef519] Adding new dynamic property: PropertyDescriptor[simple]
[pool-4350-thread-1] INFO org.apache.nifi.processors.standard.RouteText - RouteText[id=7eed8dc2-ebc4-49da-951a-9990a8cef519] Created FlowFile[4057,94824713875306.mockFlowFile,24B] from FlowFile[4056,94824713875306.mockFlowFile,24B]; routing to relationship simple
[pool-4350-thread-1] INFO org.apache.nifi.processors.standard.RouteText - RouteText[id=7eed8dc2-ebc4-49da-951a-9990a8cef519] Routing FlowFile[4056,94824713875306.mockFlowFile,24B] to original
[main] DEBUG org.apache.nifi.processors.standard.RouteText - RouteText[id=7eed8dc2-ebc4-49da-951a-9990a8cef519] Adding new dynamic property: PropertyDescriptor[simple]
[pool-4351-thread-1] INFO org.apache.nifi.processors.standard.RouteText - RouteText[id=7eed8dc2-ebc4-49da-951a-9990a8cef519] Created FlowFile[4059,94824714286099.mockFlowFile,24B] from FlowFile[4058,94824714286099.mockFlowFile,24B]; routing to relationship simple
[pool-4351-thread-1] INFO org.apache.nifi.processors.standard.RouteText - RouteText[id=7eed8dc2-ebc4-49da-951a-9990a8cef519] Routing FlowFile[4058,94824714286099.mockFlowFile,24B] to original
[main] DEBUG org.apache.nifi.processors.standard.RouteText - RouteText[id=7eed8dc2-ebc4-49da-951a-9990a8cef519] Adding new dynamic property: PropertyDescriptor[simple]
[pool-4352-thread-1] INFO org.apache.nifi.processors.standard.RouteText - RouteText[id=7eed8dc2-ebc4-49da-951a-9990a8cef519] Created FlowFile[4061,94824714689785.mockFlowFile,24B] from FlowFile[4060,94824714689785.mockFlowFile,24B]; routing to relationship simple
[pool-4352-thread-1] INFO org.apache.nifi.processors.standard.RouteText - RouteText[id=7eed8dc2-ebc4-49da-951a-9990a8cef519] Routing FlowFile[4060,94824714689785.mockFlowFile,24B] to original
[main] DEBUG org.apache.nifi.processors.standard.RouteText - RouteText[id=7eed8dc2-ebc4-49da-951a-9990a8cef519] Adding new dynamic property: PropertyDescriptor[simple]
[pool-4353-thread-1] INFO org.apache.nifi.processors.standard.RouteText - RouteText[id=7eed8dc2-ebc4-49da-951a-9990a8cef519] Created FlowFile[4063,94824715081337.mockFlowFile,24B] from FlowFile[4062,94824715081337.mockFlowFile,24B]; routing to relationship simple
[pool-4353-thread-1] INFO org.apache.nifi.processors.standard.RouteText - RouteText[id=7eed8dc2-ebc4-49da-951a-9990a8cef519] Routing FlowFile[4062,94824715081337.mockFlowFile,24B] to original
[main] DEBUG org.apache.nifi.processors.standard.RouteText - RouteText[id=7eed8dc2-ebc4-49da-951a-9990a8cef519] Adding new dynamic property: PropertyDescriptor[simple]
[pool-4354-thread-1] INFO org.apache.nifi.processors.standard.RouteText - RouteText[id=7eed8dc2-ebc4-49da-951a-9990a8cef519] Created FlowFile[4065,94824715512880.mockFlowFile,24B] from FlowFile[4064,94824715512880.mockFlowFile,24B]; routing to relationship simple
[pool-4354-thread-1] INFO org.apache.nifi.processors.standard.RouteText - RouteText[id=7eed8dc2-ebc4-49da-951a-9990a8cef519] Routing FlowFile[4064,94824715512880.mockFlowFile,24B] to original
[main] DEBUG org.apache.nifi.processors.standard.RouteText - RouteText[id=7eed8dc2-ebc4-49da-951a-9990a8cef519] Adding new dynamic property: PropertyDescriptor[simple]
[pool-4355-thread-1] INFO org.apache.nifi.processors.standard.RouteText - RouteText[id=7eed8dc2-ebc4-49da-951a-9990a8cef519] Created FlowFile[4067,94824715903949.mockFlowFile,24B] from FlowFile[4066,94824715903949.mockFlowFile,24B]; routing to relationship simple
[pool-4355-thread-1] INFO org.apache.nifi.processors.standard.RouteText - RouteText[id=7eed8dc2-ebc4-49da-951a-9990a8cef519] Routing FlowFile[4066,94824715903949.mockFlowFile,24B] to original
[main] DEBUG org.apache.nifi.processors.standard.RouteText - RouteText[id=7eed8dc2-ebc4-49da-951a-9990a8cef519] Adding new dynamic property: PropertyDescriptor[simple]
[pool-4356-thread-1] INFO org.apache.nifi.processors.standard.RouteText - RouteText[id=7eed8dc2-ebc4-49da-951a-9990a8cef519] Created FlowFile[4069,94824716348517.mockFlowFile,24B] from FlowFile[4068,94824716348517.mockFlowFile,24B]; routing to relationship simple
[pool-4356-thread-1] INFO org.apache.nifi.processors.standard.RouteText - RouteText[id=7eed8dc2-ebc4-49da-951a-9990a8cef519] Routing FlowFile[4068,94824716348517.mockFlowFile,24B] to original
[main] DEBUG org.apache.nifi.processors.standard.RouteText - RouteText[id=7eed8dc2-ebc4-49da-951a-9990a8cef519] Adding new dynamic property: PropertyDescriptor[simple]
[pool-4357-thread-1] INFO org.apache.nifi.processors.standard.RouteText - RouteText[id=7eed8dc2-ebc4-49da-951a-9990a8cef519] Created FlowFile[4071,94824716724730.mockFlowFile,24B] from FlowFile[4070,94824716724730.mockFlowFile,24B]; routing to relationship simple
[pool-4357-thread-1] INFO org.apache.nifi.processors.standard.RouteText - RouteText[id=7eed8dc2-ebc4-49da-951a-9990a8cef519] Routing FlowFile[4070,94824716724730.mockFlowFile,24B] to original
[main] DEBUG org.apache.nifi.processors.standard.RouteText - RouteText[id=7eed8dc2-ebc4-49da-951a-9990a8cef519] Adding new dynamic property: PropertyDescriptor[simple]
[pool-4358-thread-1] INFO org.apache.nifi.processors.standard.RouteText - RouteText[id=7eed8dc2-ebc4-49da-951a-9990a8cef519] Created FlowFile[4073,94824717065439.mockFlowFile,24B] from FlowFile[4072,94824717065439.mockFlowFile,24B]; routing to relationship simple
[pool-4358-thread-1] INFO org.apache.nifi.processors.standard.RouteText - RouteText[id=7eed8dc2-ebc4-49da-951a-9990a8cef519] Routing FlowFile[4072,94824717065439.mockFlowFile,24B] to original
[main] DEBUG org.apache.nifi.processors.standard.RouteText - RouteText[id=7eed8dc2-ebc4-49da-951a-9990a8cef519] Adding new dynamic property: PropertyDescriptor[simple]
[pool-4359-thread-1] INFO org.apache.nifi.processors.standard.RouteText - RouteText[id=7eed8dc2-ebc4-49da-951a-9990a8cef519] Created FlowFile[4075,94824717507636.mockFlowFile,24B] from FlowFile[4074,94824717507636.mockFlowFile,24B]; routing to relationship simple
[pool-4359-thread-1] INFO org.apache.nifi.processors.standard.RouteText - RouteText[id=7eed8dc2-ebc4-49da-951a-9990a8cef519] Routing FlowFile[4074,94824717507636.mockFlowFile,24B] to original
[main] DEBUG org.apache.nifi.processors.standard.RouteText - RouteText[id=7eed8dc2-ebc4-49da-951a-9990a8cef519] Adding new dynamic property: PropertyDescriptor[simple]
[pool-4360-thread-1] INFO org.apache.nifi.processors.standard.RouteText - RouteText[id=7eed8dc2-ebc4-49da-951a-9990a8cef519] Created FlowFile[4077,94824717867103.mockFlowFile,24B] from FlowFile[4076,94824717867103.mockFlowFile,24B]; routing to relationship simple
[pool-4360-thread-1] INFO org.apache.nifi.processors.standard.RouteText - RouteText[id=7eed8dc2-ebc4-49da-951a-9990a8cef519] Routing FlowFile[4076,94824717867103.mockFlowFile,24B] to original
[main] DEBUG org.apache.nifi.processors.standard.RouteText - RouteText[id=7eed8dc2-ebc4-49da-951a-9990a8cef519] Adding new dynamic property: PropertyDescriptor[simple]
[pool-4361-thread-1] INFO org.apache.nifi.processors.standard.RouteText - RouteText[id=7eed8dc2-ebc4-49da-951a-9990a8cef519] Created FlowFile[4079,94824718202414.mockFlowFile,24B] from FlowFile[4078,94824718202414.mockFlowFile,24B]; routing to relationship simple
[pool-4361-thread-1] INFO org.apache.nifi.processors.standard.RouteText - RouteText[id=7eed8dc2-ebc4-49da-951a-9990a8cef519] Routing FlowFile[4078,94824718202414.mockFlowFile,24B] to original
[main] DEBUG org.apache.nifi.processors.standard.RouteText - RouteText[id=7eed8dc2-ebc4-49da-951a-9990a8cef519] Adding new dynamic property: PropertyDescriptor[simple]
[pool-4362-thread-1] INFO org.apache.nifi.processors.standard.RouteText - RouteText[id=7eed8dc2-ebc4-49da-951a-9990a8cef519] Created FlowFile[4081,94824718612062.mockFlowFile,24B] from FlowFile[4080,94824718612062.mockFlowFile,24B]; routing to relationship simple
[pool-4362-thread-1] INFO org.apache.nifi.processors.standard.RouteText - RouteText[id=7eed8dc2-ebc4-49da-951a-9990a8cef519] Routing FlowFile[4080,94824718612062.mockFlowFile,24B] to original
[main] DEBUG org.apache.nifi.processors.standard.RouteText - RouteText[id=7eed8dc2-ebc4-49da-951a-9990a8cef519] Adding new dynamic property: PropertyDescriptor[simple]
[pool-4363-thread-1] INFO org.apache.nifi.processors.standard.RouteText - RouteText[id=7eed8dc2-ebc4-49da-951a-9990a8cef519] Created FlowFile[4083,94824719039513.mockFlowFile,24B] from FlowFile[4082,94824719039513.mockFlowFile,24B]; routing to relationship simple
[pool-4363-thread-1] INFO org.apache.nifi.processors.standard.RouteText - RouteText[id=7eed8dc2-ebc4-49da-951a-9990a8cef519] Routing FlowFile[4082,94824719039513.mockFlowFile,24B] to original
[main] DEBUG org.apache.nifi.processors.standard.RouteText - RouteText[id=7eed8dc2-ebc4-49da-951a-9990a8cef519] Adding new dynamic property: PropertyDescriptor[simple]
[pool-4364-thread-1] INFO org.apache.nifi.processors.standard.RouteText - RouteText[id=7eed8dc2-ebc4-49da-951a-9990a8cef519] Created FlowFile[4085,94824719430365.mockFlowFile,24B] from FlowFile[4084,94824719430365.mockFlowFile,24B]; routing to relationship simple
[pool-4364-thread-1] INFO org.apache.nifi.processors.standard.RouteText - RouteText[id=7eed8dc2-ebc4-49da-951a-9990a8cef519] Routing FlowFile[4084,94824719430365.mockFlowFile,24B] to original
[main] DEBUG org.apache.nifi.processors.standard.RouteText - RouteText[id=7eed8dc2-ebc4-49da-951a-9990a8cef519] Adding new dynamic property: PropertyDescriptor[simple]
[pool-4365-thread-1] INFO org.apache.nifi.processors.standard.RouteText - RouteText[id=7eed8dc2-ebc4-49da-951a-9990a8cef519] Created FlowFile[4087,94824719833995.mockFlowFile,24B] from FlowFile[4086,94824719833995.mockFlowFile,24B]; routing to relationship simple
[pool-4365-thread-1] INFO org.apache.nifi.processors.standard.RouteText - RouteText[id=7eed8dc2-ebc4-49da-951a-9990a8cef519] Routing FlowFile[4086,94824719833995.mockFlowFile,24B] to original
[main] DEBUG org.apache.nifi.processors.standard.RouteText - RouteText[id=7eed8dc2-ebc4-49da-951a-9990a8cef519] Adding new dynamic property: PropertyDescriptor[simple]
[pool-4366-thread-1] INFO org.apache.nifi.processors.standard.RouteText - RouteText[id=7eed8dc2-ebc4-49da-951a-9990a8cef519] Created FlowFile[4089,94824720245645.mockFlowFile,24B] from FlowFile[4088,94824720245645.mockFlowFile,24B]; routing to relationship simple
[pool-4366-thread-1] INFO org.apache.nifi.processors.standard.RouteText - RouteText[id=7eed8dc2-ebc4-49da-951a-9990a8cef519] Routing FlowFile[4088,94824720245645.mockFlowFile,24B] to original
[main] DEBUG org.apache.nifi.processors.standard.RouteText - RouteText[id=7eed8dc2-ebc4-49da-951a-9990a8cef519] Adding new dynamic property: PropertyDescriptor[simple]
[pool-4367-thread-1] INFO org.apache.nifi.processors.standard.RouteText - RouteText[id=7eed8dc2-ebc4-49da-951a-9990a8cef519] Created FlowFile[4091,94824720655843.mockFlowFile,24B] from FlowFile[4090,94824720655843.mockFlowFile,24B]; routing to relationship simple
[pool-4367-thread-1] INFO org.apache.nifi.processors.standard.RouteText - RouteText[id=7eed8dc2-ebc4-49da-951a-9990a8cef519] Routing FlowFile[4090,94824720655843.mockFlowFile,24B] to original
[main] DEBUG org.apache.nifi.processors.standard.RouteText - RouteText[id=7eed8dc2-ebc4-49da-951a-9990a8cef519] Adding new dynamic property: PropertyDescriptor[simple]
[pool-4368-thread-1] INFO org.apache.nifi.processors.standard.RouteText - RouteText[id=7eed8dc2-ebc4-49da-951a-9990a8cef519] Created FlowFile[4093,94824721135822.mockFlowFile,24B] from FlowFile[4092,94824721135822.mockFlowFile,24B]; routing to relationship simple
[pool-4368-thread-1] INFO org.apache.nifi.processors.standard.RouteText - RouteText[id=7eed8dc2-ebc4-49da-951a-9990a8cef519] Routing FlowFile[4092,94824721135822.mockFlowFile,24B] to original
[main] DEBUG org.apache.nifi.processors.standard.RouteText - RouteText[id=7eed8dc2-ebc4-49da-951a-9990a8cef519] Adding new dynamic property: PropertyDescriptor[simple]
[pool-4369-thread-1] INFO org.apache.nifi.processors.standard.RouteText - RouteText[id=7eed8dc2-ebc4-49da-951a-9990a8cef519] Created FlowFile[4095,94824721538576.mockFlowFile,24B] from FlowFile[4094,94824721538576.mockFlowFile,24B]; routing to relationship simple
[pool-4369-thread-1] INFO org.apache.nifi.processors.standard.RouteText - RouteText[id=7eed8dc2-ebc4-49da-951a-9990a8cef519] Routing FlowFile[4094,94824721538576.mockFlowFile,24B] to original
[main] DEBUG org.apache.nifi.processors.standard.RouteText - RouteText[id=7eed8dc2-ebc4-49da-951a-9990a8cef519] Adding new dynamic property: PropertyDescriptor[simple]
[pool-4370-thread-1] INFO org.apache.nifi.processors.standard.RouteText - RouteText[id=7eed8dc2-ebc4-49da-951a-9990a8cef519] Created FlowFile[4097,94824721956997.mockFlowFile,24B] from FlowFile[4096,94824721956997.mockFlowFile,24B]; routing to relationship simple
[pool-4370-thread-1] INFO org.apache.nifi.processors.standard.RouteText - RouteText[id=7eed8dc2-ebc4-49da-951a-9990a8cef519] Routing FlowFile[4096,94824721956997.mockFlowFile,24B] to original
[main] DEBUG org.apache.nifi.processors.standard.RouteText - RouteText[id=7eed8dc2-ebc4-49da-951a-9990a8cef519] Adding new dynamic property: PropertyDescriptor[simple]
[pool-4371-thread-1] INFO org.apache.nifi.processors.standard.RouteText - RouteText[id=7eed8dc2-ebc4-49da-951a-9990a8cef519] Created FlowFile[4099,94824722381672.mockFlowFile,24B] from FlowFile[4098,94824722381672.mockFlowFile,24B]; routing to relationship simple
[pool-4371-thread-1] INFO org.apache.nifi.processors.standard.RouteText - RouteText[id=7eed8dc2-ebc4-49da-951a-9990a8cef519] Routing FlowFile[4098,94824722381672.mockFlowFile,24B] to original
]]></system-err>
  </testcase>
  <testcase name="testSimpleDefaultMatchRegularExpression" classname="org.apache.nifi.processors.standard.TestRouteText" time="0">
    <system-err><![CDATA[[main] DEBUG org.apache.nifi.processors.standard.RouteText - RouteText[id=a1a9664c-8724-4fec-8a7f-199d88812f47] Adding new dynamic property: PropertyDescriptor[simple]
[pool-4372-thread-1] INFO org.apache.nifi.processors.standard.RouteText - RouteText[id=a1a9664c-8724-4fec-8a7f-199d88812f47] Created FlowFile[1,94824725232432.mockFlowFile,17B] from FlowFile[0,94824725232432.mockFlowFile,26B]; routing to relationship simple
[pool-4372-thread-1] INFO org.apache.nifi.processors.standard.RouteText - RouteText[id=a1a9664c-8724-4fec-8a7f-199d88812f47] Created FlowFile[2,94824725232432.mockFlowFile,9B] from FlowFile[0,94824725232432.mockFlowFile,26B]; routing to relationship unmatched
[pool-4372-thread-1] INFO org.apache.nifi.processors.standard.RouteText - RouteText[id=a1a9664c-8724-4fec-8a7f-199d88812f47] Routing FlowFile[0,94824725232432.mockFlowFile,26B] to original
]]></system-err>
  </testcase>
  <testcase name="testRouteOnPropertiesStartsWindowsNewLine" classname="org.apache.nifi.processors.standard.TestRouteText" time="0">
    <system-err><![CDATA[[main] DEBUG org.apache.nifi.processors.standard.RouteText - RouteText[id=525eea20-7479-472c-ae71-ced384896b99] Adding new dynamic property: PropertyDescriptor[simple]
[pool-4373-thread-1] INFO org.apache.nifi.processors.standard.RouteText - RouteText[id=525eea20-7479-472c-ae71-ced384896b99] Created FlowFile[1,94824726124180.mockFlowFile,18B] from FlowFile[0,94824726124180.mockFlowFile,27B]; routing to relationship simple
[pool-4373-thread-1] INFO org.apache.nifi.processors.standard.RouteText - RouteText[id=525eea20-7479-472c-ae71-ced384896b99] Created FlowFile[2,94824726124180.mockFlowFile,9B] from FlowFile[0,94824726124180.mockFlowFile,27B]; routing to relationship unmatched
[pool-4373-thread-1] INFO org.apache.nifi.processors.standard.RouteText - RouteText[id=525eea20-7479-472c-ae71-ced384896b99] Routing FlowFile[0,94824726124180.mockFlowFile,27B] to original
]]></system-err>
  </testcase>
  <testcase name="testSimpleAllEquals" classname="org.apache.nifi.processors.standard.TestRouteText" time="0.001">
    <system-err><![CDATA[[main] DEBUG org.apache.nifi.processors.standard.RouteText - RouteText[id=378fc53d-d913-4ea7-abf7-878281ea152c] Adding new dynamic property: PropertyDescriptor[second]
[main] DEBUG org.apache.nifi.processors.standard.RouteText - RouteText[id=378fc53d-d913-4ea7-abf7-878281ea152c] Adding new dynamic property: PropertyDescriptor[simple]
[pool-4374-thread-1] INFO org.apache.nifi.processors.standard.RouteText - RouteText[id=378fc53d-d913-4ea7-abf7-878281ea152c] Created FlowFile[2,94824726813704.mockFlowFile,9B] from FlowFile[0,94824726813704.mockFlowFile,26B]; routing to relationship unmatched
[pool-4374-thread-1] INFO org.apache.nifi.processors.standard.RouteText - RouteText[id=378fc53d-d913-4ea7-abf7-878281ea152c] Created FlowFile[1,94824726813704.mockFlowFile,17B] from FlowFile[0,94824726813704.mockFlowFile,26B]; routing to relationship matched
[pool-4374-thread-1] INFO org.apache.nifi.processors.standard.RouteText - RouteText[id=378fc53d-d913-4ea7-abf7-878281ea152c] Routing FlowFile[0,94824726813704.mockFlowFile,26B] to original
]]></system-err>
  </testcase>
  <testcase name="testInvalidRegex" classname="org.apache.nifi.processors.standard.TestRouteText" time="0"/>
  <testcase name="testSimpleAllContainRegularExpression" classname="org.apache.nifi.processors.standard.TestRouteText" time="0.001">
    <system-err><![CDATA[[main] DEBUG org.apache.nifi.processors.standard.RouteText - RouteText[id=428366b8-c9a8-4bf4-9e29-799d3c3ce5cd] Adding new dynamic property: PropertyDescriptor[second]
[main] DEBUG org.apache.nifi.processors.standard.RouteText - RouteText[id=428366b8-c9a8-4bf4-9e29-799d3c3ce5cd] Adding new dynamic property: PropertyDescriptor[simple]
[pool-4375-thread-1] INFO org.apache.nifi.processors.standard.RouteText - RouteText[id=428366b8-c9a8-4bf4-9e29-799d3c3ce5cd] Created FlowFile[2,94824727940802.mockFlowFile,9B] from FlowFile[0,94824727940802.mockFlowFile,26B]; routing to relationship unmatched
[pool-4375-thread-1] INFO org.apache.nifi.processors.standard.RouteText - RouteText[id=428366b8-c9a8-4bf4-9e29-799d3c3ce5cd] Created FlowFile[1,94824727940802.mockFlowFile,17B] from FlowFile[0,94824727940802.mockFlowFile,26B]; routing to relationship matched
[pool-4375-thread-1] INFO org.apache.nifi.processors.standard.RouteText - RouteText[id=428366b8-c9a8-4bf4-9e29-799d3c3ce5cd] Routing FlowFile[0,94824727940802.mockFlowFile,26B] to original
]]></system-err>
  </testcase>
  <testcase name="testSimpleDefaultContains" classname="org.apache.nifi.processors.standard.TestRouteText" time="0.001">
    <system-err><![CDATA[[main] DEBUG org.apache.nifi.processors.standard.RouteText - RouteText[id=3a16fca8-6f9b-4ed1-9773-147a9fe02910] Adding new dynamic property: PropertyDescriptor[simple]
[pool-4376-thread-1] INFO org.apache.nifi.processors.standard.RouteText - RouteText[id=3a16fca8-6f9b-4ed1-9773-147a9fe02910] Created FlowFile[1,94824728596883.mockFlowFile,17B] from FlowFile[0,94824728596883.mockFlowFile,26B]; routing to relationship simple
[pool-4376-thread-1] INFO org.apache.nifi.processors.standard.RouteText - RouteText[id=3a16fca8-6f9b-4ed1-9773-147a9fe02910] Created FlowFile[2,94824728596883.mockFlowFile,9B] from FlowFile[0,94824728596883.mockFlowFile,26B]; routing to relationship unmatched
[pool-4376-thread-1] INFO org.apache.nifi.processors.standard.RouteText - RouteText[id=3a16fca8-6f9b-4ed1-9773-147a9fe02910] Routing FlowFile[0,94824728596883.mockFlowFile,26B] to original
]]></system-err>
  </testcase>
  <testcase name="testNotText" classname="org.apache.nifi.processors.standard.TestRouteText" time="0.014">
    <system-err><![CDATA[[main] DEBUG org.apache.nifi.processors.standard.RouteText - RouteText[id=7fdf8484-b22b-4782-b2ef-9a1540241654] Adding new dynamic property: PropertyDescriptor[simple]
[pool-4377-thread-1] INFO org.apache.nifi.processors.standard.RouteText - RouteText[id=7fdf8484-b22b-4782-b2ef-9a1540241654] Created FlowFile[1,simple.jpg,42919B] from FlowFile[0,simple.jpg,25248B]; routing to relationship unmatched
[pool-4377-thread-1] INFO org.apache.nifi.processors.standard.RouteText - RouteText[id=7fdf8484-b22b-4782-b2ef-9a1540241654] Routing FlowFile[0,simple.jpg,25248B] to original
]]></system-err>
  </testcase>
  <testcase name="testSimpleAllStarts" classname="org.apache.nifi.processors.standard.TestRouteText" time="0.001">
    <system-err><![CDATA[[main] DEBUG org.apache.nifi.processors.standard.RouteText - RouteText[id=c72517e4-762b-4ded-b826-db50e1a93b1f] Adding new dynamic property: PropertyDescriptor[second]
[main] DEBUG org.apache.nifi.processors.standard.RouteText - RouteText[id=c72517e4-762b-4ded-b826-db50e1a93b1f] Adding new dynamic property: PropertyDescriptor[simple]
[pool-4378-thread-1] INFO org.apache.nifi.processors.standard.RouteText - RouteText[id=c72517e4-762b-4ded-b826-db50e1a93b1f] Created FlowFile[2,94824743700599.mockFlowFile,9B] from FlowFile[0,94824743700599.mockFlowFile,26B]; routing to relationship unmatched
[pool-4378-thread-1] INFO org.apache.nifi.processors.standard.RouteText - RouteText[id=c72517e4-762b-4ded-b826-db50e1a93b1f] Created FlowFile[1,94824743700599.mockFlowFile,17B] from FlowFile[0,94824743700599.mockFlowFile,26B]; routing to relationship matched
[pool-4378-thread-1] INFO org.apache.nifi.processors.standard.RouteText - RouteText[id=c72517e4-762b-4ded-b826-db50e1a93b1f] Routing FlowFile[0,94824743700599.mockFlowFile,26B] to original
]]></system-err>
  </testcase>
  <testcase name="testRouteOnPropertiesStartsJustCarriageReturn" classname="org.apache.nifi.processors.standard.TestRouteText" time="0">
    <system-err><![CDATA[[main] DEBUG org.apache.nifi.processors.standard.RouteText - RouteText[id=da0de472-a9d2-419e-827b-0fdb2ff75eda] Adding new dynamic property: PropertyDescriptor[simple]
[pool-4379-thread-1] INFO org.apache.nifi.processors.standard.RouteText - RouteText[id=da0de472-a9d2-419e-827b-0fdb2ff75eda] Created FlowFile[1,94824744328660.mockFlowFile,17B] from FlowFile[0,94824744328660.mockFlowFile,26B]; routing to relationship simple
[pool-4379-thread-1] INFO org.apache.nifi.processors.standard.RouteText - RouteText[id=da0de472-a9d2-419e-827b-0fdb2ff75eda] Created FlowFile[2,94824744328660.mockFlowFile,9B] from FlowFile[0,94824744328660.mockFlowFile,26B]; routing to relationship unmatched
[pool-4379-thread-1] INFO org.apache.nifi.processors.standard.RouteText - RouteText[id=da0de472-a9d2-419e-827b-0fdb2ff75eda] Routing FlowFile[0,94824744328660.mockFlowFile,26B] to original
]]></system-err>
  </testcase>
  <testcase name="testSimpleAnyMatchRegularExpression" classname="org.apache.nifi.processors.standard.TestRouteText" time="0.001">
    <system-err><![CDATA[[main] DEBUG org.apache.nifi.processors.standard.RouteText - RouteText[id=a7108903-92e9-4dfd-85f2-dd07c297a8aa] Adding new dynamic property: PropertyDescriptor[simple]
[main] DEBUG org.apache.nifi.processors.standard.RouteText - RouteText[id=a7108903-92e9-4dfd-85f2-dd07c297a8aa] Adding new dynamic property: PropertyDescriptor[no]
[pool-4380-thread-1] INFO org.apache.nifi.processors.standard.RouteText - RouteText[id=a7108903-92e9-4dfd-85f2-dd07c297a8aa] Created FlowFile[2,94824745050220.mockFlowFile,9B] from FlowFile[0,94824745050220.mockFlowFile,26B]; routing to relationship unmatched
[pool-4380-thread-1] INFO org.apache.nifi.processors.standard.RouteText - RouteText[id=a7108903-92e9-4dfd-85f2-dd07c297a8aa] Created FlowFile[1,94824745050220.mockFlowFile,17B] from FlowFile[0,94824745050220.mockFlowFile,26B]; routing to relationship matched
[pool-4380-thread-1] INFO org.apache.nifi.processors.standard.RouteText - RouteText[id=a7108903-92e9-4dfd-85f2-dd07c297a8aa] Routing FlowFile[0,94824745050220.mockFlowFile,26B] to original
]]></system-err>
  </testcase>
</testsuite>