<?xml version="1.0" encoding="UTF-8"?>
<testsuite xmlns:xsi="http://www.w3.org/2001/XMLSchema-instance" xsi:noNamespaceSchemaLocation="https://maven.apache.org/surefire/maven-surefire-plugin/xsd/surefire-test-report-3.0.xsd" version="3.0" name="org.apache.nifi.minifi.bootstrap.configuration.ingestors.PullHttpChangeIngestorSSLTest" time="1.554" tests="7" errors="0" skipped="0" failures="0">
  <properties>
    <property name="sun.desktop" value="gnome"/>
    <property name="awt.toolkit" value="sun.awt.X11.XToolkit"/>
    <property name="file.encoding.pkg" value="sun.io"/>
    <property name="java.specification.version" value="1.8"/>
    <property name="sun.cpu.isalist" value=""/>
    <property name="sun.jnu.encoding" value="UTF-8"/>
    <property name="java.class.path" value="/home/alex/Repositories/nifi/minifi/minifi-bootstrap/target/test-classes:/home/alex/Repositories/nifi/minifi/minifi-bootstrap/target/classes:/home/alex/.m2/repository/org/slf4j/slf4j-api/1.7.32/slf4j-api-1.7.32.jar:/home/alex/.m2/repository/ch/qos/logback/logback-classic/1.2.6/logback-classic-1.2.6.jar:/home/alex/.m2/repository/ch/qos/logback/logback-core/1.2.6/logback-core-1.2.6.jar:/home/alex/Repositories/nifi/nifi-api/target/classes:/home/alex/Repositories/nifi/nifi-commons/nifi-bootstrap-utils/target/classes:/home/alex/.m2/repository/net/java/dev/jna/jna-platform/4.4.0/jna-platform-4.4.0.jar:/home/alex/.m2/repository/net/java/dev/jna/jna/4.4.0/jna-4.4.0.jar:/home/alex/Repositories/nifi/nifi-nar-bundles/nifi-extension-utils/nifi-processor-utils/target/classes:/home/alex/Repositories/nifi/nifi-commons/nifi-security-socket-ssl/target/classes:/home/alex/.m2/repository/org/apache/commons/commons-lang3/3.9/commons-lang3-3.9.jar:/home/alex/.m2/repository/com/fasterxml/jackson/core/jackson-databind/2.12.3/jackson-databind-2.12.3.jar:/home/alex/.m2/repository/com/fasterxml/jackson/core/jackson-annotations/2.12.3/jackson-annotations-2.12.3.jar:/home/alex/.m2/repository/com/fasterxml/jackson/core/jackson-core/2.12.3/jackson-core-2.12.3.jar:/home/alex/Repositories/nifi/nifi-nar-bundles/nifi-standard-services/nifi-record-serialization-service-api/target/classes:/home/alex/Repositories/nifi/nifi-commons/nifi-record/target/classes:/home/alex/Repositories/nifi/nifi-nar-bundles/nifi-extension-utils/nifi-event-transport/target/classes:/home/alex/.m2/repository/io/netty/netty-handler/4.1.69.Final/netty-handler-4.1.69.Final.jar:/home/alex/.m2/repository/io/netty/netty-common/4.1.69.Final/netty-common-4.1.69.Final.jar:/home/alex/.m2/repository/io/netty/netty-resolver/4.1.69.Final/netty-resolver-4.1.69.Final.jar:/home/alex/.m2/repository/io/netty/netty-buffer/4.1.69.Final/netty-buffer-4.1.69.Final.jar:/home/alex/.m2/repository/io/netty/netty-transport/4.1.69.Final/netty-transport-4.1.69.Final.jar:/home/alex/.m2/repository/io/netty/netty-codec/4.1.69.Final/netty-codec-4.1.69.Final.jar:/home/alex/Repositories/nifi/nifi-commons/nifi-expression-language/target/classes:/home/alex/.m2/repository/org/antlr/antlr-runtime/3.5.2/antlr-runtime-3.5.2.jar:/home/alex/Repositories/nifi/nifi-commons/nifi-parameter/target/classes:/home/alex/Repositories/nifi/nifi-commons/nifi-uuid5/target/classes:/home/alex/.m2/repository/com/jayway/jsonpath/json-path/2.6.0/json-path-2.6.0.jar:/home/alex/.m2/repository/net/minidev/json-smart/2.4.7/json-smart-2.4.7.jar:/home/alex/.m2/repository/net/minidev/accessors-smart/2.4.7/accessors-smart-2.4.7.jar:/home/alex/.m2/repository/org/ow2/asm/asm/9.1/asm-9.1.jar:/home/alex/.m2/repository/org/apache/commons/commons-text/1.8/commons-text-1.8.jar:/home/alex/.m2/repository/commons-codec/commons-codec/1.10/commons-codec-1.10.jar:/home/alex/Repositories/nifi/minifi/minifi-commons/minifi-utils/target/classes:/home/alex/Repositories/nifi/nifi-commons/nifi-utils/target/classes:/home/alex/Repositories/nifi/nifi-commons/nifi-properties/target/classes:/home/alex/Repositories/nifi/nifi-commons/nifi-property-utils/target/classes:/home/alex/.m2/repository/org/yaml/snakeyaml/1.29/snakeyaml-1.29.jar:/home/alex/Repositories/nifi/minifi/minifi-commons/minifi-commons-schema/target/classes:/home/alex/.m2/repository/org/eclipse/jetty/jetty-server/9.4.44.v20210927/jetty-server-9.4.44.v20210927.jar:/home/alex/.m2/repository/javax/servlet/javax.servlet-api/3.1.0/javax.servlet-api-3.1.0.jar:/home/alex/.m2/repository/org/eclipse/jetty/jetty-http/9.4.44.v20210927/jetty-http-9.4.44.v20210927.jar:/home/alex/.m2/repository/org/eclipse/jetty/jetty-util/9.4.44.v20210927/jetty-util-9.4.44.v20210927.jar:/home/alex/.m2/repository/org/eclipse/jetty/jetty-io/9.4.44.v20210927/jetty-io-9.4.44.v20210927.jar:/home/alex/.m2/repository/org/eclipse/jetty/jetty-servlet/9.4.44.v20210927/jetty-servlet-9.4.44.v20210927.jar:/home/alex/.m2/repository/org/eclipse/jetty/jetty-security/9.4.44.v20210927/jetty-security-9.4.44.v20210927.jar:/home/alex/.m2/repository/org/eclipse/jetty/jetty-util-ajax/9.4.44.v20210927/jetty-util-ajax-9.4.44.v20210927.jar:/home/alex/.m2/repository/com/squareup/okhttp3/okhttp/3.12.3/okhttp-3.12.3.jar:/home/alex/.m2/repository/com/squareup/okio/okio/1.15.0/okio-1.15.0.jar:/home/alex/.m2/repository/commons-io/commons-io/2.10.0/commons-io-2.10.0.jar:/home/alex/.m2/repository/junit/junit/4.13.2/junit-4.13.2.jar:/home/alex/.m2/repository/org/hamcrest/hamcrest-core/1.3/hamcrest-core-1.3.jar:/home/alex/.m2/repository/org/mockito/mockito-all/1.10.19/mockito-all-1.10.19.jar:/home/alex/.m2/repository/org/slf4j/slf4j-simple/1.7.32/slf4j-simple-1.7.32.jar:/home/alex/.m2/repository/org/junit/jupiter/junit-jupiter-api/5.7.2/junit-jupiter-api-5.7.2.jar:/home/alex/.m2/repository/org/apiguardian/apiguardian-api/1.1.0/apiguardian-api-1.1.0.jar:/home/alex/.m2/repository/org/opentest4j/opentest4j/1.2.0/opentest4j-1.2.0.jar:/home/alex/.m2/repository/org/junit/platform/junit-platform-commons/1.7.2/junit-platform-commons-1.7.2.jar:/home/alex/.m2/repository/org/junit/jupiter/junit-jupiter-engine/5.7.2/junit-jupiter-engine-5.7.2.jar:/home/alex/.m2/repository/org/junit/platform/junit-platform-engine/1.7.2/junit-platform-engine-1.7.2.jar:/home/alex/.m2/repository/org/junit/vintage/junit-vintage-engine/5.7.2/junit-vintage-engine-5.7.2.jar:/home/alex/.m2/repository/org/junit/jupiter/junit-jupiter-params/5.7.2/junit-jupiter-params-5.7.2.jar:/home/alex/.m2/repository/org/mockito/mockito-core/3.11.2/mockito-core-3.11.2.jar:/home/alex/.m2/repository/net/bytebuddy/byte-buddy/1.11.3/byte-buddy-1.11.3.jar:/home/alex/.m2/repository/net/bytebuddy/byte-buddy-agent/1.11.3/byte-buddy-agent-1.11.3.jar:/home/alex/.m2/repository/org/objenesis/objenesis/3.2/objenesis-3.2.jar:/home/alex/.m2/repository/org/mockito/mockito-junit-jupiter/3.11.2/mockito-junit-jupiter-3.11.2.jar:/home/alex/.m2/repository/org/codehaus/groovy/groovy-test/2.5.14/groovy-test-2.5.14.jar:/home/alex/.m2/repository/org/codehaus/groovy/groovy/2.5.14/groovy-2.5.14.jar:"/>
    <property name="java.vm.vendor" value="Private Build"/>
    <property name="sun.arch.data.model" value="64"/>
    <property name="java.vendor.url" value="http://java.oracle.com/"/>
    <property name="user.timezone" value="Europe/Lisbon"/>
    <property name="java.vm.specification.version" value="1.8"/>
    <property name="os.name" value="Linux"/>
    <property name="user.country" value="US"/>
    <property name="sun.java.launcher" value="SUN_STANDARD"/>
    <property name="sun.boot.library.path" value="/usr/lib/jvm/java-8-openjdk-amd64/jre/lib/amd64"/>
    <property name="sun.java.command" value="/home/alex/Repositories/nifi/minifi/minifi-bootstrap/target/surefire/surefirebooter5969781174578255079.jar /home/alex/Repositories/nifi/minifi/minifi-bootstrap/target/surefire 2024-05-02T02-37-14_149-jvmRun1 surefire7037808414124685867tmp surefire_1826678308040343614376tmp"/>
    <property name="surefire.test.class.path" value="/home/alex/Repositories/nifi/minifi/minifi-bootstrap/target/test-classes:/home/alex/Repositories/nifi/minifi/minifi-bootstrap/target/classes:/home/alex/.m2/repository/org/slf4j/slf4j-api/1.7.32/slf4j-api-1.7.32.jar:/home/alex/.m2/repository/ch/qos/logback/logback-classic/1.2.6/logback-classic-1.2.6.jar:/home/alex/.m2/repository/ch/qos/logback/logback-core/1.2.6/logback-core-1.2.6.jar:/home/alex/Repositories/nifi/nifi-api/target/classes:/home/alex/Repositories/nifi/nifi-commons/nifi-bootstrap-utils/target/classes:/home/alex/.m2/repository/net/java/dev/jna/jna-platform/4.4.0/jna-platform-4.4.0.jar:/home/alex/.m2/repository/net/java/dev/jna/jna/4.4.0/jna-4.4.0.jar:/home/alex/Repositories/nifi/nifi-nar-bundles/nifi-extension-utils/nifi-processor-utils/target/classes:/home/alex/Repositories/nifi/nifi-commons/nifi-security-socket-ssl/target/classes:/home/alex/.m2/repository/org/apache/commons/commons-lang3/3.9/commons-lang3-3.9.jar:/home/alex/.m2/repository/com/fasterxml/jackson/core/jackson-databind/2.12.3/jackson-databind-2.12.3.jar:/home/alex/.m2/repository/com/fasterxml/jackson/core/jackson-annotations/2.12.3/jackson-annotations-2.12.3.jar:/home/alex/.m2/repository/com/fasterxml/jackson/core/jackson-core/2.12.3/jackson-core-2.12.3.jar:/home/alex/Repositories/nifi/nifi-nar-bundles/nifi-standard-services/nifi-record-serialization-service-api/target/classes:/home/alex/Repositories/nifi/nifi-commons/nifi-record/target/classes:/home/alex/Repositories/nifi/nifi-nar-bundles/nifi-extension-utils/nifi-event-transport/target/classes:/home/alex/.m2/repository/io/netty/netty-handler/4.1.69.Final/netty-handler-4.1.69.Final.jar:/home/alex/.m2/repository/io/netty/netty-common/4.1.69.Final/netty-common-4.1.69.Final.jar:/home/alex/.m2/repository/io/netty/netty-resolver/4.1.69.Final/netty-resolver-4.1.69.Final.jar:/home/alex/.m2/repository/io/netty/netty-buffer/4.1.69.Final/netty-buffer-4.1.69.Final.jar:/home/alex/.m2/repository/io/netty/netty-transport/4.1.69.Final/netty-transport-4.1.69.Final.jar:/home/alex/.m2/repository/io/netty/netty-codec/4.1.69.Final/netty-codec-4.1.69.Final.jar:/home/alex/Repositories/nifi/nifi-commons/nifi-expression-language/target/classes:/home/alex/.m2/repository/org/antlr/antlr-runtime/3.5.2/antlr-runtime-3.5.2.jar:/home/alex/Repositories/nifi/nifi-commons/nifi-parameter/target/classes:/home/alex/Repositories/nifi/nifi-commons/nifi-uuid5/target/classes:/home/alex/.m2/repository/com/jayway/jsonpath/json-path/2.6.0/json-path-2.6.0.jar:/home/alex/.m2/repository/net/minidev/json-smart/2.4.7/json-smart-2.4.7.jar:/home/alex/.m2/repository/net/minidev/accessors-smart/2.4.7/accessors-smart-2.4.7.jar:/home/alex/.m2/repository/org/ow2/asm/asm/9.1/asm-9.1.jar:/home/alex/.m2/repository/org/apache/commons/commons-text/1.8/commons-text-1.8.jar:/home/alex/.m2/repository/commons-codec/commons-codec/1.10/commons-codec-1.10.jar:/home/alex/Repositories/nifi/minifi/minifi-commons/minifi-utils/target/classes:/home/alex/Repositories/nifi/nifi-commons/nifi-utils/target/classes:/home/alex/Repositories/nifi/nifi-commons/nifi-properties/target/classes:/home/alex/Repositories/nifi/nifi-commons/nifi-property-utils/target/classes:/home/alex/.m2/repository/org/yaml/snakeyaml/1.29/snakeyaml-1.29.jar:/home/alex/Repositories/nifi/minifi/minifi-commons/minifi-commons-schema/target/classes:/home/alex/.m2/repository/org/eclipse/jetty/jetty-server/9.4.44.v20210927/jetty-server-9.4.44.v20210927.jar:/home/alex/.m2/repository/javax/servlet/javax.servlet-api/3.1.0/javax.servlet-api-3.1.0.jar:/home/alex/.m2/repository/org/eclipse/jetty/jetty-http/9.4.44.v20210927/jetty-http-9.4.44.v20210927.jar:/home/alex/.m2/repository/org/eclipse/jetty/jetty-util/9.4.44.v20210927/jetty-util-9.4.44.v20210927.jar:/home/alex/.m2/repository/org/eclipse/jetty/jetty-io/9.4.44.v20210927/jetty-io-9.4.44.v20210927.jar:/home/alex/.m2/repository/org/eclipse/jetty/jetty-servlet/9.4.44.v20210927/jetty-servlet-9.4.44.v20210927.jar:/home/alex/.m2/repository/org/eclipse/jetty/jetty-security/9.4.44.v20210927/jetty-security-9.4.44.v20210927.jar:/home/alex/.m2/repository/org/eclipse/jetty/jetty-util-ajax/9.4.44.v20210927/jetty-util-ajax-9.4.44.v20210927.jar:/home/alex/.m2/repository/com/squareup/okhttp3/okhttp/3.12.3/okhttp-3.12.3.jar:/home/alex/.m2/repository/com/squareup/okio/okio/1.15.0/okio-1.15.0.jar:/home/alex/.m2/repository/commons-io/commons-io/2.10.0/commons-io-2.10.0.jar:/home/alex/.m2/repository/junit/junit/4.13.2/junit-4.13.2.jar:/home/alex/.m2/repository/org/hamcrest/hamcrest-core/1.3/hamcrest-core-1.3.jar:/home/alex/.m2/repository/org/mockito/mockito-all/1.10.19/mockito-all-1.10.19.jar:/home/alex/.m2/repository/org/slf4j/slf4j-simple/1.7.32/slf4j-simple-1.7.32.jar:/home/alex/.m2/repository/org/junit/jupiter/junit-jupiter-api/5.7.2/junit-jupiter-api-5.7.2.jar:/home/alex/.m2/repository/org/apiguardian/apiguardian-api/1.1.0/apiguardian-api-1.1.0.jar:/home/alex/.m2/repository/org/opentest4j/opentest4j/1.2.0/opentest4j-1.2.0.jar:/home/alex/.m2/repository/org/junit/platform/junit-platform-commons/1.7.2/junit-platform-commons-1.7.2.jar:/home/alex/.m2/repository/org/junit/jupiter/junit-jupiter-engine/5.7.2/junit-jupiter-engine-5.7.2.jar:/home/alex/.m2/repository/org/junit/platform/junit-platform-engine/1.7.2/junit-platform-engine-1.7.2.jar:/home/alex/.m2/repository/org/junit/vintage/junit-vintage-engine/5.7.2/junit-vintage-engine-5.7.2.jar:/home/alex/.m2/repository/org/junit/jupiter/junit-jupiter-params/5.7.2/junit-jupiter-params-5.7.2.jar:/home/alex/.m2/repository/org/mockito/mockito-core/3.11.2/mockito-core-3.11.2.jar:/home/alex/.m2/repository/net/bytebuddy/byte-buddy/1.11.3/byte-buddy-1.11.3.jar:/home/alex/.m2/repository/net/bytebuddy/byte-buddy-agent/1.11.3/byte-buddy-agent-1.11.3.jar:/home/alex/.m2/repository/org/objenesis/objenesis/3.2/objenesis-3.2.jar:/home/alex/.m2/repository/org/mockito/mockito-junit-jupiter/3.11.2/mockito-junit-jupiter-3.11.2.jar:/home/alex/.m2/repository/org/codehaus/groovy/groovy-test/2.5.14/groovy-test-2.5.14.jar:/home/alex/.m2/repository/org/codehaus/groovy/groovy/2.5.14/groovy-2.5.14.jar:"/>
    <property name="sun.cpu.endian" value="little"/>
    <property name="user.home" value="/home/alex"/>
    <property name="user.language" value="en"/>
    <property name="java.specification.vendor" value="Oracle Corporation"/>
    <property name="java.home" value="/usr/lib/jvm/java-8-openjdk-amd64/jre"/>
    <property name="basedir" value="/home/alex/Repositories/nifi/minifi/minifi-bootstrap"/>
    <property name="file.separator" value="/"/>
    <property name="line.separator" value="&#10;"/>
    <property name="java.vm.specification.vendor" value="Oracle Corporation"/>
    <property name="java.specification.name" value="Java Platform API Specification"/>
    <property name="java.awt.graphicsenv" value="sun.awt.X11GraphicsEnvironment"/>
    <property name="java.awt.headless" value="true"/>
    <property name="surefire.real.class.path" value="/home/alex/Repositories/nifi/minifi/minifi-bootstrap/target/surefire/surefirebooter5969781174578255079.jar"/>
    <property name="sun.boot.class.path" value="/usr/lib/jvm/java-8-openjdk-amd64/jre/lib/resources.jar:/usr/lib/jvm/java-8-openjdk-amd64/jre/lib/rt.jar:/usr/lib/jvm/java-8-openjdk-amd64/jre/lib/sunrsasign.jar:/usr/lib/jvm/java-8-openjdk-amd64/jre/lib/jsse.jar:/usr/lib/jvm/java-8-openjdk-amd64/jre/lib/jce.jar:/usr/lib/jvm/java-8-openjdk-amd64/jre/lib/charsets.jar:/usr/lib/jvm/java-8-openjdk-amd64/jre/lib/jfr.jar:/usr/lib/jvm/java-8-openjdk-amd64/jre/classes"/>
    <property name="sun.management.compiler" value="HotSpot 64-Bit Tiered Compilers"/>
    <property name="java.runtime.version" value="1.8.0_402-8u402-ga-2ubuntu1~22.04-b06"/>
    <property name="java.net.preferIPv4Stack" value="true"/>
    <property name="user.name" value="alex"/>
    <property name="path.separator" value=":"/>
    <property name="os.version" value="6.5.0-28-generic"/>
    <property name="java.endorsed.dirs" value="/usr/lib/jvm/java-8-openjdk-amd64/jre/lib/endorsed"/>
    <property name="java.runtime.name" value="OpenJDK Runtime Environment"/>
    <property name="file.encoding" value="UTF-8"/>
    <property name="java.vm.name" value="OpenJDK 64-Bit Server VM"/>
    <property name="localRepository" value="/home/alex/.m2/repository"/>
    <property name="java.vendor.url.bug" value="http://bugreport.sun.com/bugreport/"/>
    <property name="jetty.git.hash" value="8da83308eeca865e495e53ef315a249d63ba9332"/>
    <property name="java.io.tmpdir" value="/tmp"/>
    <property name="java.version" value="1.8.0_402"/>
    <property name="user.dir" value="/home/alex/Repositories/nifi/minifi/minifi-bootstrap"/>
    <property name="os.arch" value="amd64"/>
    <property name="java.vm.specification.name" value="Java Virtual Machine Specification"/>
    <property name="java.awt.printerjob" value="sun.print.PSPrinterJob"/>
    <property name="sun.os.patch.level" value="unknown"/>
    <property name="java.library.path" value="/usr/java/packages/lib/amd64:/usr/lib/x86_64-linux-gnu/jni:/lib/x86_64-linux-gnu:/usr/lib/x86_64-linux-gnu:/usr/lib/jni:/lib:/usr/lib"/>
    <property name="java.vm.info" value="mixed mode"/>
    <property name="java.vendor" value="Private Build"/>
    <property name="java.vm.version" value="25.402-b06"/>
    <property name="java.specification.maintenance.version" value="5"/>
    <property name="java.ext.dirs" value="/usr/lib/jvm/java-8-openjdk-amd64/jre/lib/ext:/usr/java/packages/lib/ext"/>
    <property name="sun.io.unicode.encoding" value="UnicodeLittle"/>
    <property name="java.class.version" value="52.0"/>
  </properties>
  <testcase name="testNewUpdateWithPath" classname="org.apache.nifi.minifi.bootstrap.configuration.ingestors.PullHttpChangeIngestorSSLTest" time="0.088">
    <system-out><![CDATA[02:56:40.957 [main] DEBUG org.eclipse.jetty.util.component.ContainerLifeCycle - QueuedThreadPool[qtp782228073]@2e9fda69{STOPPED,8<=0<=200,i=0,r=-1,q=0}[NO_TRY] added {org.eclipse.jetty.util.thread.ThreadPoolBudget@17cdf2d0,POJO}
02:56:40.957 [main] DEBUG org.eclipse.jetty.util.component.ContainerLifeCycle - Server@1755e85b{STOPPED}[9.4.44.v20210927] added {QueuedThreadPool[qtp782228073]@2e9fda69{STOPPED,8<=0<=200,i=0,r=-1,q=0}[NO_TRY],AUTO}
02:56:40.957 [main] DEBUG org.eclipse.jetty.util.component.ContainerLifeCycle - HandlerCollection@736d6a5c{STOPPED} added {JettyHandler@2371aaca{STOPPED},AUTO}
02:56:40.957 [main] DEBUG org.eclipse.jetty.util.component.ContainerLifeCycle - Server@1755e85b{STOPPED}[9.4.44.v20210927] added {HandlerCollection@736d6a5c{STOPPED},MANAGED}
02:56:40.959 [main] DEBUG org.eclipse.jetty.util.component.ContainerLifeCycle - HttpConnectionFactory@7b5a12ae[HTTP/1.1] added {HttpConfiguration@5553d0f5{32768/8192,8192/8192,https://:0,[]},POJO}
02:56:40.960 [main] DEBUG org.eclipse.jetty.util.component.ContainerLifeCycle - SslConnectionFactory@1af687fe{SSL->HTTP/1.1} added {Server@74a6a609[provider=null,keyStore=file:///home/alex/Repositories/nifi/minifi/minifi-bootstrap/src/test/resources/localhost-ks.jks,trustStore=file:///home/alex/Repositories/nifi/minifi/minifi-bootstrap/src/test/resources/localhost-ts.jks],AUTO}
02:56:40.960 [main] DEBUG org.eclipse.jetty.util.component.ContainerLifeCycle - ServerConnector@5a411614{null, ()}{0.0.0.0:0} added {Server@1755e85b{STOPPED}[9.4.44.v20210927],UNMANAGED}
02:56:40.960 [main] DEBUG org.eclipse.jetty.util.component.ContainerLifeCycle - ServerConnector@5a411614{null, ()}{0.0.0.0:0} added {QueuedThreadPool[qtp782228073]@2e9fda69{STOPPED,8<=0<=200,i=0,r=-1,q=0}[NO_TRY],AUTO}
02:56:40.960 [main] DEBUG org.eclipse.jetty.util.component.ContainerLifeCycle - ServerConnector@5a411614{null, ()}{0.0.0.0:0} added {ScheduledExecutorScheduler@2374d36a{STOPPED},AUTO}
02:56:40.960 [main] DEBUG org.eclipse.jetty.util.component.ContainerLifeCycle - ServerConnector@5a411614{null, ()}{0.0.0.0:0} added {org.eclipse.jetty.io.ArrayByteBufferPool@54d18072,POJO}
02:56:40.960 [main] DEBUG org.eclipse.jetty.util.component.ContainerLifeCycle - ServerConnector@5a411614{null, (ssl)}{0.0.0.0:0} added {SslConnectionFactory@1af687fe{SSL->HTTP/1.1},AUTO}
02:56:40.960 [main] DEBUG org.eclipse.jetty.server.AbstractConnector - ServerConnector@5a411614{SSL, (ssl)}{0.0.0.0:0} added SslConnectionFactory@1af687fe{SSL->HTTP/1.1}
02:56:40.960 [main] DEBUG org.eclipse.jetty.util.component.ContainerLifeCycle - ServerConnector@5a411614{SSL, (ssl, http/1.1)}{0.0.0.0:0} added {HttpConnectionFactory@7b5a12ae[HTTP/1.1],AUTO}
02:56:40.961 [main] DEBUG org.eclipse.jetty.server.AbstractConnector - ServerConnector@5a411614{SSL, (ssl, http/1.1)}{0.0.0.0:0} added HttpConnectionFactory@7b5a12ae[HTTP/1.1]
02:56:40.961 [main] DEBUG org.eclipse.jetty.util.component.ContainerLifeCycle - ServerConnector@5a411614{SSL, (ssl, http/1.1)}{0.0.0.0:0} added {SelectorManager@ServerConnector@5a411614{SSL, (ssl, http/1.1)}{0.0.0.0:0},MANAGED}
02:56:40.961 [main] DEBUG org.eclipse.jetty.util.component.ContainerLifeCycle - Server@1755e85b{STOPPED}[9.4.44.v20210927] added {ServerConnector@5a411614{SSL, (ssl, http/1.1)}{localhost:0},AUTO}
02:56:40.961 [main] DEBUG org.eclipse.jetty.util.component.AbstractLifeCycle - starting Server@1755e85b{STOPPED}[9.4.44.v20210927]
02:56:40.961 [main] DEBUG org.eclipse.jetty.util.component.ContainerLifeCycle - Server@1755e85b{STARTING}[9.4.44.v20210927] added {ErrorHandler@1506f20f{STOPPED},AUTO}
02:56:40.961 [main] INFO org.eclipse.jetty.server.Server - jetty-9.4.44.v20210927; built: 2021-09-27T23:02:44.612Z; git: 8da83308eeca865e495e53ef315a249d63ba9332; jvm 1.8.0_402-8u402-ga-2ubuntu1~22.04-b06
02:56:40.961 [main] DEBUG org.eclipse.jetty.server.handler.AbstractHandler - starting Server@1755e85b{STARTING}[9.4.44.v20210927]
02:56:40.961 [main] DEBUG org.eclipse.jetty.util.component.AbstractLifeCycle - starting QueuedThreadPool[qtp782228073]@2e9fda69{STOPPED,8<=0<=200,i=0,r=-1,q=0}[NO_TRY]
02:56:40.961 [main] DEBUG org.eclipse.jetty.util.thread.ReservedThreadExecutor - ReservedThreadExecutor@47a5b70d{reserved=0/8,pending=0}
02:56:40.961 [main] DEBUG org.eclipse.jetty.util.component.ContainerLifeCycle - QueuedThreadPool[qtp782228073]@2e9fda69{STARTING,8<=0<=200,i=0,r=-1,q=0}[ReservedThreadExecutor@47a5b70d{reserved=0/8,pending=0}] added {ReservedThreadExecutor@47a5b70d{reserved=0/8,pending=0},AUTO}
02:56:40.961 [main] DEBUG org.eclipse.jetty.util.component.AbstractLifeCycle - starting ReservedThreadExecutor@47a5b70d{reserved=0/8,pending=0}
02:56:40.961 [main] DEBUG org.eclipse.jetty.util.component.AbstractLifeCycle - STARTED @4884ms ReservedThreadExecutor@47a5b70d{reserved=0/8,pending=0}
02:56:40.961 [main] DEBUG org.eclipse.jetty.util.thread.QueuedThreadPool - Starting Thread[qtp782228073-55,5,main]
02:56:40.961 [main] DEBUG org.eclipse.jetty.util.thread.QueuedThreadPool - Starting Thread[qtp782228073-56,5,main]
02:56:40.962 [main] DEBUG org.eclipse.jetty.util.thread.QueuedThreadPool - Starting Thread[qtp782228073-57,5,main]
02:56:40.962 [qtp782228073-56] DEBUG org.eclipse.jetty.util.thread.QueuedThreadPool - Runner started for QueuedThreadPool[qtp782228073]@2e9fda69{STARTING,8<=3<=200,i=3,r=-1,q=0}[ReservedThreadExecutor@47a5b70d{reserved=0/8,pending=0}]
02:56:40.962 [qtp782228073-55] DEBUG org.eclipse.jetty.util.thread.QueuedThreadPool - Runner started for QueuedThreadPool[qtp782228073]@2e9fda69{STARTING,8<=3<=200,i=3,r=-1,q=0}[ReservedThreadExecutor@47a5b70d{reserved=0/8,pending=0}]
02:56:40.962 [main] DEBUG org.eclipse.jetty.util.thread.QueuedThreadPool - Starting Thread[qtp782228073-58,5,main]
02:56:40.962 [qtp782228073-57] DEBUG org.eclipse.jetty.util.thread.QueuedThreadPool - Runner started for QueuedThreadPool[qtp782228073]@2e9fda69{STARTING,8<=4<=200,i=4,r=-1,q=0}[ReservedThreadExecutor@47a5b70d{reserved=0/8,pending=0}]
02:56:40.962 [main] DEBUG org.eclipse.jetty.util.thread.QueuedThreadPool - Starting Thread[qtp782228073-59,5,main]
02:56:40.962 [main] DEBUG org.eclipse.jetty.util.thread.QueuedThreadPool - Starting Thread[qtp782228073-60,5,main]
02:56:40.962 [qtp782228073-58] DEBUG org.eclipse.jetty.util.thread.QueuedThreadPool - Runner started for QueuedThreadPool[qtp782228073]@2e9fda69{STARTING,8<=6<=200,i=6,r=-1,q=0}[ReservedThreadExecutor@47a5b70d{reserved=0/8,pending=0}]
02:56:40.962 [qtp782228073-59] DEBUG org.eclipse.jetty.util.thread.QueuedThreadPool - Runner started for QueuedThreadPool[qtp782228073]@2e9fda69{STARTING,8<=6<=200,i=6,r=-1,q=0}[ReservedThreadExecutor@47a5b70d{reserved=0/8,pending=0}]
02:56:40.962 [main] DEBUG org.eclipse.jetty.util.thread.QueuedThreadPool - Starting Thread[qtp782228073-61,5,main]
02:56:40.962 [qtp782228073-60] DEBUG org.eclipse.jetty.util.thread.QueuedThreadPool - Runner started for QueuedThreadPool[qtp782228073]@2e9fda69{STARTING,8<=7<=200,i=7,r=-1,q=0}[ReservedThreadExecutor@47a5b70d{reserved=0/8,pending=0}]
02:56:40.962 [main] DEBUG org.eclipse.jetty.util.thread.QueuedThreadPool - Starting Thread[qtp782228073-62,5,main]
02:56:40.962 [qtp782228073-61] DEBUG org.eclipse.jetty.util.thread.QueuedThreadPool - Runner started for QueuedThreadPool[qtp782228073]@2e9fda69{STARTING,8<=8<=200,i=8,r=-1,q=0}[ReservedThreadExecutor@47a5b70d{reserved=0/8,pending=0}]
02:56:40.962 [main] DEBUG org.eclipse.jetty.util.component.AbstractLifeCycle - STARTED @4886ms QueuedThreadPool[qtp782228073]@2e9fda69{STARTED,8<=8<=200,i=8,r=-1,q=0}[ReservedThreadExecutor@47a5b70d{reserved=0/8,pending=0}]
02:56:40.962 [main] DEBUG org.eclipse.jetty.util.component.AbstractLifeCycle - starting HandlerCollection@736d6a5c{STOPPED}
02:56:40.962 [main] DEBUG org.eclipse.jetty.server.handler.AbstractHandler - starting HandlerCollection@736d6a5c{STARTING}
02:56:40.962 [qtp782228073-62] DEBUG org.eclipse.jetty.util.thread.QueuedThreadPool - Runner started for QueuedThreadPool[qtp782228073]@2e9fda69{STARTED,8<=8<=200,i=8,r=-1,q=0}[ReservedThreadExecutor@47a5b70d{reserved=0/8,pending=0}]
02:56:40.962 [main] DEBUG org.eclipse.jetty.util.component.AbstractLifeCycle - starting JettyHandler@2371aaca{STOPPED}
02:56:40.963 [main] DEBUG org.eclipse.jetty.server.handler.AbstractHandler - starting JettyHandler@2371aaca{STARTING}
02:56:40.963 [main] DEBUG org.eclipse.jetty.util.component.AbstractLifeCycle - STARTED @4886ms JettyHandler@2371aaca{STARTED}
02:56:40.963 [main] DEBUG org.eclipse.jetty.util.component.AbstractLifeCycle - STARTED @4886ms HandlerCollection@736d6a5c{STARTED}
02:56:40.963 [main] DEBUG org.eclipse.jetty.util.component.AbstractLifeCycle - starting ErrorHandler@1506f20f{STOPPED}
02:56:40.963 [main] DEBUG org.eclipse.jetty.server.handler.AbstractHandler - starting ErrorHandler@1506f20f{STARTING}
02:56:40.963 [main] DEBUG org.eclipse.jetty.util.component.AbstractLifeCycle - STARTED @4886ms ErrorHandler@1506f20f{STARTED}
02:56:40.963 [main] DEBUG org.eclipse.jetty.util.component.AbstractLifeCycle - starting ServerConnector@5a411614{SSL, (ssl, http/1.1)}{localhost:0}
02:56:40.963 [main] DEBUG org.eclipse.jetty.util.component.ContainerLifeCycle - ServerConnector@5a411614{SSL, (ssl, http/1.1)}{localhost:40197} added {sun.nio.ch.ServerSocketChannelImpl[/127.0.0.1:40197],POJO}
02:56:40.963 [main] DEBUG org.eclipse.jetty.util.component.AbstractLifeCycle - starting ScheduledExecutorScheduler@2374d36a{STOPPED}
02:56:40.963 [main] DEBUG org.eclipse.jetty.util.component.AbstractLifeCycle - STARTED @4886ms ScheduledExecutorScheduler@2374d36a{STARTED}
02:56:40.963 [main] DEBUG org.eclipse.jetty.util.component.AbstractLifeCycle - starting SslConnectionFactory@1af687fe{SSL->HTTP/1.1}
02:56:40.963 [main] DEBUG org.eclipse.jetty.util.component.AbstractLifeCycle - starting Server@74a6a609[provider=null,keyStore=file:///home/alex/Repositories/nifi/minifi/minifi-bootstrap/src/test/resources/localhost-ks.jks,trustStore=file:///home/alex/Repositories/nifi/minifi/minifi-bootstrap/src/test/resources/localhost-ts.jks]
02:56:40.966 [main] DEBUG org.eclipse.jetty.util.ssl.SslContextFactory - Skipping [
[
  Version: V3
  Subject: CN=localhost, OU=Apache NiFi, O=Apache, L=Santa Monica, ST=CA, C=US
  Signature Algorithm: SHA256withRSA, OID = 1.2.840.113549.1.1.11

  Key:  Sun RSA public key, 2048 bits
  params: null
  modulus: 30814356967964143889979985530055364514699394643854733747998343669441470253519148017443938086010371890735549349346219651337818702185332874291515054870079563226954918193849616960862684868242286307978102369612841123949572244550174312189783512432514374223942259755501453758648376374577329063158223919569981746956302768359932779930568567551025861141698242321770321797245641831546024352966190839853333380405862111836548816513307103278129669977363291361980989435025931448076674220589578916708474451915467598527744638059964817414583177679616410437042552549854073395960578135618251112100328624274333297476918645698689757444387
  public exponent: 65537
  Validity: [From: Wed Sep 11 16:38:57 WEST 2019,
               To: Thu Sep 10 16:38:57 WEST 2020]
  Issuer: CN=localhost, OU=Apache NiFi, O=Apache, L=Santa Monica, ST=CA, C=US
  SerialNumber: [    5d791511]

Certificate Extensions: 2
[1]: ObjectId: 2.5.29.15 Criticality=false
KeyUsage [
  DigitalSignature
  Non_repudiation
  Key_Encipherment
  Data_Encipherment
  Key_Agreement
  Key_CertSign
]

[2]: ObjectId: 2.5.29.17 Criticality=false
SubjectAlternativeName [
  DNSName: localhost
]

]
  Algorithm: [SHA256withRSA]
  Signature:
0000: BD 60 51 3B 2B 7F 6A 1F   07 27 5B 95 90 71 12 AA  .`Q;+.j..'[..q..
0010: E2 51 88 19 F1 3D BF D9   70 36 DE BE 2E D0 E6 CB  .Q...=..p6......
0020: F9 37 23 D4 B2 67 1D FA   F6 06 D0 05 A4 C4 D8 BF  .7#..g..........
0030: 25 30 00 BC 98 A7 DC 41   D4 42 76 94 DB AD 9B DD  %0.....A.Bv.....
0040: E8 4A DA 97 40 4D 22 7F   8A B2 D2 F8 08 28 76 9F  .J..@M"......(v.
0050: AF 21 73 EC 37 D2 F2 3B   96 20 AE 8B E0 F8 F7 E9  .!s.7..;. ......
0060: E8 22 85 21 82 19 0F D1   C5 8A BE 7C CC FE D7 6F  .".!...........o
0070: A9 4E 62 69 45 A5 2D 50   33 31 06 6A 0F 61 1E F7  .NbiE.-P31.j.a..
0080: 8D 9F 60 68 D7 61 D6 32   25 64 43 76 B1 1B 7A 21  ..`h.a.2%dCv..z!
0090: 59 6F A3 FA BC D5 A9 28   6C A8 EF 30 F2 67 5E 1D  Yo.....(l..0.g^.
00A0: B9 AD A0 03 53 6E 83 6D   C4 CE CE 0C 66 10 73 39  ....Sn.m....f.s9
00B0: CE 73 1D BD 4D 8C 13 18   84 E7 E5 41 97 68 C1 53  .s..M......A.h.S
00C0: 81 CD B5 40 25 73 EC 05   E4 23 01 BA 4D 20 78 6B  ...@%s...#..M xk
00D0: 84 14 EB FF F2 82 AD 99   1F B9 34 99 3B BD 1D 3E  ..........4.;..>
00E0: 1B 14 48 1E E6 ED F9 7B   82 EE 15 33 57 CE B3 44  ..H........3W..D
00F0: 86 C7 F4 99 89 34 CE F3   88 BB AC F6 35 F2 80 59  .....4......5..Y

]
02:56:40.966 [main] DEBUG org.eclipse.jetty.util.ssl.X509 - Certificate CN alias=mykey CN=localhost in X509@c5ee75e(mykey,h=[],a=[],w=[])
02:56:40.966 [main] INFO org.eclipse.jetty.util.ssl.SslContextFactory - x509=X509@c5ee75e(mykey,h=[localhost],a=[],w=[]) for Server@74a6a609[provider=null,keyStore=file:///home/alex/Repositories/nifi/minifi/minifi-bootstrap/src/test/resources/localhost-ks.jks,trustStore=file:///home/alex/Repositories/nifi/minifi/minifi-bootstrap/src/test/resources/localhost-ts.jks]
02:56:40.967 [main] DEBUG org.eclipse.jetty.util.ssl.SslContextFactory - managers=[sun.security.ssl.SunX509KeyManagerImpl@bf1ec20] for Server@74a6a609[provider=null,keyStore=file:///home/alex/Repositories/nifi/minifi/minifi-bootstrap/src/test/resources/localhost-ks.jks,trustStore=file:///home/alex/Repositories/nifi/minifi/minifi-bootstrap/src/test/resources/localhost-ts.jks]
02:56:40.968 [main] DEBUG org.eclipse.jetty.util.ssl.SslContextFactory - Selected Protocols [TLSv1.3, TLSv1.2] of [TLSv1.3, TLSv1.2, TLSv1.1, TLSv1, SSLv3, SSLv2Hello]
02:56:40.968 [main] DEBUG org.eclipse.jetty.util.ssl.SslContextFactory - Selected Ciphers   [TLS_AES_256_GCM_SHA384, TLS_AES_128_GCM_SHA256, TLS_ECDHE_ECDSA_WITH_AES_256_GCM_SHA384, TLS_ECDHE_ECDSA_WITH_AES_128_GCM_SHA256, TLS_ECDHE_RSA_WITH_AES_256_GCM_SHA384, TLS_ECDHE_RSA_WITH_AES_128_GCM_SHA256, TLS_DHE_RSA_WITH_AES_256_GCM_SHA384, TLS_DHE_DSS_WITH_AES_256_GCM_SHA384, TLS_DHE_RSA_WITH_AES_128_GCM_SHA256, TLS_DHE_DSS_WITH_AES_128_GCM_SHA256, TLS_ECDHE_ECDSA_WITH_AES_256_CBC_SHA384, TLS_ECDHE_RSA_WITH_AES_256_CBC_SHA384, TLS_ECDHE_ECDSA_WITH_AES_128_CBC_SHA256, TLS_ECDHE_RSA_WITH_AES_128_CBC_SHA256, TLS_DHE_RSA_WITH_AES_256_CBC_SHA256, TLS_DHE_DSS_WITH_AES_256_CBC_SHA256, TLS_DHE_RSA_WITH_AES_128_CBC_SHA256, TLS_DHE_DSS_WITH_AES_128_CBC_SHA256, TLS_ECDH_ECDSA_WITH_AES_256_GCM_SHA384, TLS_ECDH_RSA_WITH_AES_256_GCM_SHA384, TLS_ECDH_ECDSA_WITH_AES_128_GCM_SHA256, TLS_ECDH_RSA_WITH_AES_128_GCM_SHA256, TLS_ECDH_ECDSA_WITH_AES_256_CBC_SHA384, TLS_ECDH_RSA_WITH_AES_256_CBC_SHA384, TLS_ECDH_ECDSA_WITH_AES_128_CBC_SHA256, TLS_ECDH_RSA_WITH_AES_128_CBC_SHA256, TLS_EMPTY_RENEGOTIATION_INFO_SCSV] of [TLS_AES_256_GCM_SHA384, TLS_AES_128_GCM_SHA256, TLS_ECDHE_ECDSA_WITH_AES_256_GCM_SHA384, TLS_ECDHE_ECDSA_WITH_AES_128_GCM_SHA256, TLS_ECDHE_RSA_WITH_AES_256_GCM_SHA384, TLS_ECDHE_RSA_WITH_AES_128_GCM_SHA256, TLS_DHE_RSA_WITH_AES_256_GCM_SHA384, TLS_DHE_DSS_WITH_AES_256_GCM_SHA384, TLS_DHE_RSA_WITH_AES_128_GCM_SHA256, TLS_DHE_DSS_WITH_AES_128_GCM_SHA256, TLS_ECDHE_ECDSA_WITH_AES_256_CBC_SHA384, TLS_ECDHE_RSA_WITH_AES_256_CBC_SHA384, TLS_ECDHE_ECDSA_WITH_AES_128_CBC_SHA256, TLS_ECDHE_RSA_WITH_AES_128_CBC_SHA256, TLS_DHE_RSA_WITH_AES_256_CBC_SHA256, TLS_DHE_DSS_WITH_AES_256_CBC_SHA256, TLS_DHE_RSA_WITH_AES_128_CBC_SHA256, TLS_DHE_DSS_WITH_AES_128_CBC_SHA256, TLS_ECDH_ECDSA_WITH_AES_256_GCM_SHA384, TLS_ECDH_RSA_WITH_AES_256_GCM_SHA384, TLS_ECDH_ECDSA_WITH_AES_128_GCM_SHA256, TLS_ECDH_RSA_WITH_AES_128_GCM_SHA256, TLS_ECDH_ECDSA_WITH_AES_256_CBC_SHA384, TLS_ECDH_RSA_WITH_AES_256_CBC_SHA384, TLS_ECDH_ECDSA_WITH_AES_128_CBC_SHA256, TLS_ECDH_RSA_WITH_AES_128_CBC_SHA256, TLS_ECDHE_ECDSA_WITH_AES_256_CBC_SHA, TLS_ECDHE_RSA_WITH_AES_256_CBC_SHA, TLS_ECDHE_ECDSA_WITH_AES_128_CBC_SHA, TLS_ECDHE_RSA_WITH_AES_128_CBC_SHA, TLS_DHE_RSA_WITH_AES_256_CBC_SHA, TLS_DHE_DSS_WITH_AES_256_CBC_SHA, TLS_DHE_RSA_WITH_AES_128_CBC_SHA, TLS_DHE_DSS_WITH_AES_128_CBC_SHA, TLS_ECDH_ECDSA_WITH_AES_256_CBC_SHA, TLS_ECDH_RSA_WITH_AES_256_CBC_SHA, TLS_ECDH_ECDSA_WITH_AES_128_CBC_SHA, TLS_ECDH_RSA_WITH_AES_128_CBC_SHA, TLS_RSA_WITH_AES_256_GCM_SHA384, TLS_RSA_WITH_AES_128_GCM_SHA256, TLS_RSA_WITH_AES_256_CBC_SHA256, TLS_RSA_WITH_AES_128_CBC_SHA256, TLS_RSA_WITH_AES_256_CBC_SHA, TLS_RSA_WITH_AES_128_CBC_SHA, TLS_EMPTY_RENEGOTIATION_INFO_SCSV]
02:56:40.968 [main] DEBUG org.eclipse.jetty.util.ssl.SslContextFactory - Customize sun.security.ssl.SSLEngineImpl@70efb718
02:56:40.969 [main] DEBUG org.eclipse.jetty.util.component.AbstractLifeCycle - STARTED @4892ms Server@74a6a609[provider=null,keyStore=file:///home/alex/Repositories/nifi/minifi/minifi-bootstrap/src/test/resources/localhost-ks.jks,trustStore=file:///home/alex/Repositories/nifi/minifi/minifi-bootstrap/src/test/resources/localhost-ts.jks]
02:56:40.969 [main] DEBUG org.eclipse.jetty.util.ssl.SslContextFactory - Customize sun.security.ssl.SSLEngineImpl@b70da4c
02:56:40.969 [main] DEBUG org.eclipse.jetty.util.component.AbstractLifeCycle - STARTED @4892ms SslConnectionFactory@1af687fe{SSL->HTTP/1.1}
02:56:40.969 [main] DEBUG org.eclipse.jetty.util.component.AbstractLifeCycle - starting HttpConnectionFactory@7b5a12ae[HTTP/1.1]
02:56:40.969 [main] DEBUG org.eclipse.jetty.util.component.AbstractLifeCycle - STARTED @4892ms HttpConnectionFactory@7b5a12ae[HTTP/1.1]
02:56:40.969 [main] DEBUG org.eclipse.jetty.util.component.AbstractLifeCycle - starting SelectorManager@ServerConnector@5a411614{SSL, (ssl, http/1.1)}{localhost:40197}
02:56:40.969 [main] DEBUG org.eclipse.jetty.util.component.ContainerLifeCycle - EatWhatYouKill@4a11eb84/SelectorProducer@4e858e0a/IDLE/p=false/QueuedThreadPool[qtp782228073]@2e9fda69{STARTED,8<=8<=200,i=8,r=-1,q=0}[ReservedThreadExecutor@47a5b70d{reserved=0/8,pending=0}][pc=0,pic=0,pec=0,epc=0]@2024-05-02T02:56:40.969+01:00 added {SelectorProducer@4e858e0a,POJO}
02:56:40.969 [main] DEBUG org.eclipse.jetty.util.component.ContainerLifeCycle - EatWhatYouKill@4a11eb84/SelectorProducer@4e858e0a/IDLE/p=false/QueuedThreadPool[qtp782228073]@2e9fda69{STARTED,8<=8<=200,i=8,r=-1,q=0}[ReservedThreadExecutor@47a5b70d{reserved=0/8,pending=0}][pc=0,pic=0,pec=0,epc=0]@2024-05-02T02:56:40.969+01:00 added {QueuedThreadPool[qtp782228073]@2e9fda69{STARTED,8<=8<=200,i=8,r=-1,q=0}[ReservedThreadExecutor@47a5b70d{reserved=0/8,pending=0}],UNMANAGED}
02:56:40.970 [main] DEBUG org.eclipse.jetty.util.thread.strategy.EatWhatYouKill - EatWhatYouKill@4a11eb84/SelectorProducer@4e858e0a/IDLE/p=false/QueuedThreadPool[qtp782228073]@2e9fda69{STARTED,8<=8<=200,i=8,r=-1,q=0}[ReservedThreadExecutor@47a5b70d{reserved=0/8,pending=0}][pc=0,pic=0,pec=0,epc=0]@2024-05-02T02:56:40.97+01:00 created
02:56:40.970 [main] DEBUG org.eclipse.jetty.util.component.ContainerLifeCycle - ManagedSelector@435fb7b5{STOPPED} id=0 keys=-1 selected=-1 updates=0 added {EatWhatYouKill@4a11eb84/SelectorProducer@4e858e0a/IDLE/p=false/QueuedThreadPool[qtp782228073]@2e9fda69{STARTED,8<=8<=200,i=8,r=-1,q=0}[ReservedThreadExecutor@47a5b70d{reserved=0/8,pending=0}][pc=0,pic=0,pec=0,epc=0]@2024-05-02T02:56:40.97+01:00,MANAGED}
02:56:40.970 [main] DEBUG org.eclipse.jetty.util.component.ContainerLifeCycle - SelectorManager@ServerConnector@5a411614{SSL, (ssl, http/1.1)}{localhost:40197} added {ManagedSelector@435fb7b5{STOPPED} id=0 keys=-1 selected=-1 updates=0,AUTO}
02:56:40.970 [main] DEBUG org.eclipse.jetty.util.component.ContainerLifeCycle - EatWhatYouKill@4e70a728/SelectorProducer@b7838a9/IDLE/p=false/QueuedThreadPool[qtp782228073]@2e9fda69{STARTED,8<=8<=200,i=8,r=-1,q=0}[ReservedThreadExecutor@47a5b70d{reserved=0/8,pending=0}][pc=0,pic=0,pec=0,epc=0]@2024-05-02T02:56:40.97+01:00 added {SelectorProducer@b7838a9,POJO}
02:56:40.970 [main] DEBUG org.eclipse.jetty.util.component.ContainerLifeCycle - EatWhatYouKill@4e70a728/SelectorProducer@b7838a9/IDLE/p=false/QueuedThreadPool[qtp782228073]@2e9fda69{STARTED,8<=8<=200,i=8,r=-1,q=0}[ReservedThreadExecutor@47a5b70d{reserved=0/8,pending=0}][pc=0,pic=0,pec=0,epc=0]@2024-05-02T02:56:40.97+01:00 added {QueuedThreadPool[qtp782228073]@2e9fda69{STARTED,8<=8<=200,i=8,r=-1,q=0}[ReservedThreadExecutor@47a5b70d{reserved=0/8,pending=0}],UNMANAGED}
02:56:40.970 [main] DEBUG org.eclipse.jetty.util.thread.strategy.EatWhatYouKill - EatWhatYouKill@4e70a728/SelectorProducer@b7838a9/IDLE/p=false/QueuedThreadPool[qtp782228073]@2e9fda69{STARTED,8<=8<=200,i=8,r=-1,q=0}[ReservedThreadExecutor@47a5b70d{reserved=0/8,pending=0}][pc=0,pic=0,pec=0,epc=0]@2024-05-02T02:56:40.97+01:00 created
02:56:40.970 [main] DEBUG org.eclipse.jetty.util.component.ContainerLifeCycle - ManagedSelector@696f0212{STOPPED} id=1 keys=-1 selected=-1 updates=0 added {EatWhatYouKill@4e70a728/SelectorProducer@b7838a9/IDLE/p=false/QueuedThreadPool[qtp782228073]@2e9fda69{STARTED,8<=8<=200,i=8,r=-1,q=0}[ReservedThreadExecutor@47a5b70d{reserved=0/8,pending=0}][pc=0,pic=0,pec=0,epc=0]@2024-05-02T02:56:40.97+01:00,MANAGED}
02:56:40.970 [main] DEBUG org.eclipse.jetty.util.component.ContainerLifeCycle - SelectorManager@ServerConnector@5a411614{SSL, (ssl, http/1.1)}{localhost:40197} added {ManagedSelector@696f0212{STOPPED} id=1 keys=-1 selected=-1 updates=0,AUTO}
02:56:40.971 [main] DEBUG org.eclipse.jetty.util.component.ContainerLifeCycle - EatWhatYouKill@5733f295/SelectorProducer@1c3146bc/IDLE/p=false/QueuedThreadPool[qtp782228073]@2e9fda69{STARTED,8<=8<=200,i=8,r=-1,q=0}[ReservedThreadExecutor@47a5b70d{reserved=0/8,pending=0}][pc=0,pic=0,pec=0,epc=0]@2024-05-02T02:56:40.971+01:00 added {SelectorProducer@1c3146bc,POJO}
02:56:40.971 [main] DEBUG org.eclipse.jetty.util.component.ContainerLifeCycle - EatWhatYouKill@5733f295/SelectorProducer@1c3146bc/IDLE/p=false/QueuedThreadPool[qtp782228073]@2e9fda69{STARTED,8<=8<=200,i=8,r=-1,q=0}[ReservedThreadExecutor@47a5b70d{reserved=0/8,pending=0}][pc=0,pic=0,pec=0,epc=0]@2024-05-02T02:56:40.971+01:00 added {QueuedThreadPool[qtp782228073]@2e9fda69{STARTED,8<=8<=200,i=8,r=-1,q=0}[ReservedThreadExecutor@47a5b70d{reserved=0/8,pending=0}],UNMANAGED}
02:56:40.971 [main] DEBUG org.eclipse.jetty.util.thread.strategy.EatWhatYouKill - EatWhatYouKill@5733f295/SelectorProducer@1c3146bc/IDLE/p=false/QueuedThreadPool[qtp782228073]@2e9fda69{STARTED,8<=8<=200,i=8,r=-1,q=0}[ReservedThreadExecutor@47a5b70d{reserved=0/8,pending=0}][pc=0,pic=0,pec=0,epc=0]@2024-05-02T02:56:40.971+01:00 created
02:56:40.971 [main] DEBUG org.eclipse.jetty.util.component.ContainerLifeCycle - ManagedSelector@56c698e3{STOPPED} id=2 keys=-1 selected=-1 updates=0 added {EatWhatYouKill@5733f295/SelectorProducer@1c3146bc/IDLE/p=false/QueuedThreadPool[qtp782228073]@2e9fda69{STARTED,8<=8<=200,i=8,r=-1,q=0}[ReservedThreadExecutor@47a5b70d{reserved=0/8,pending=0}][pc=0,pic=0,pec=0,epc=0]@2024-05-02T02:56:40.971+01:00,MANAGED}
02:56:40.971 [main] DEBUG org.eclipse.jetty.util.component.ContainerLifeCycle - SelectorManager@ServerConnector@5a411614{SSL, (ssl, http/1.1)}{localhost:40197} added {ManagedSelector@56c698e3{STOPPED} id=2 keys=-1 selected=-1 updates=0,AUTO}
02:56:40.971 [main] DEBUG org.eclipse.jetty.util.component.ContainerLifeCycle - EatWhatYouKill@47a86fbb/SelectorProducer@f478a81/IDLE/p=false/QueuedThreadPool[qtp782228073]@2e9fda69{STARTED,8<=8<=200,i=8,r=-1,q=0}[ReservedThreadExecutor@47a5b70d{reserved=0/8,pending=0}][pc=0,pic=0,pec=0,epc=0]@2024-05-02T02:56:40.971+01:00 added {SelectorProducer@f478a81,POJO}
02:56:40.972 [main] DEBUG org.eclipse.jetty.util.component.ContainerLifeCycle - EatWhatYouKill@47a86fbb/SelectorProducer@f478a81/IDLE/p=false/QueuedThreadPool[qtp782228073]@2e9fda69{STARTED,8<=8<=200,i=8,r=-1,q=0}[ReservedThreadExecutor@47a5b70d{reserved=0/8,pending=0}][pc=0,pic=0,pec=0,epc=0]@2024-05-02T02:56:40.971+01:00 added {QueuedThreadPool[qtp782228073]@2e9fda69{STARTED,8<=8<=200,i=8,r=-1,q=0}[ReservedThreadExecutor@47a5b70d{reserved=0/8,pending=0}],UNMANAGED}
02:56:40.972 [main] DEBUG org.eclipse.jetty.util.thread.strategy.EatWhatYouKill - EatWhatYouKill@47a86fbb/SelectorProducer@f478a81/IDLE/p=false/QueuedThreadPool[qtp782228073]@2e9fda69{STARTED,8<=8<=200,i=8,r=-1,q=0}[ReservedThreadExecutor@47a5b70d{reserved=0/8,pending=0}][pc=0,pic=0,pec=0,epc=0]@2024-05-02T02:56:40.972+01:00 created
02:56:40.972 [main] DEBUG org.eclipse.jetty.util.component.ContainerLifeCycle - ManagedSelector@19553973{STOPPED} id=3 keys=-1 selected=-1 updates=0 added {EatWhatYouKill@47a86fbb/SelectorProducer@f478a81/IDLE/p=false/QueuedThreadPool[qtp782228073]@2e9fda69{STARTED,8<=8<=200,i=8,r=-1,q=0}[ReservedThreadExecutor@47a5b70d{reserved=0/8,pending=0}][pc=0,pic=0,pec=0,epc=0]@2024-05-02T02:56:40.972+01:00,MANAGED}
02:56:40.972 [main] DEBUG org.eclipse.jetty.util.component.ContainerLifeCycle - SelectorManager@ServerConnector@5a411614{SSL, (ssl, http/1.1)}{localhost:40197} added {ManagedSelector@19553973{STOPPED} id=3 keys=-1 selected=-1 updates=0,AUTO}
02:56:40.972 [main] DEBUG org.eclipse.jetty.util.component.AbstractLifeCycle - starting ManagedSelector@435fb7b5{STOPPED} id=0 keys=-1 selected=-1 updates=0
02:56:40.972 [main] DEBUG org.eclipse.jetty.util.component.AbstractLifeCycle - starting EatWhatYouKill@4a11eb84/SelectorProducer@4e858e0a/IDLE/p=false/QueuedThreadPool[qtp782228073]@2e9fda69{STARTED,8<=8<=200,i=8,r=-1,q=0}[ReservedThreadExecutor@47a5b70d{reserved=0/8,pending=0}][pc=0,pic=0,pec=0,epc=0]@2024-05-02T02:56:40.972+01:00
02:56:40.972 [main] DEBUG org.eclipse.jetty.util.component.AbstractLifeCycle - STARTED @4895ms EatWhatYouKill@4a11eb84/SelectorProducer@4e858e0a/IDLE/p=false/QueuedThreadPool[qtp782228073]@2e9fda69{STARTED,8<=8<=200,i=8,r=-1,q=0}[ReservedThreadExecutor@47a5b70d{reserved=0/8,pending=0}][pc=0,pic=0,pec=0,epc=0]@2024-05-02T02:56:40.972+01:00
02:56:40.972 [main] DEBUG org.eclipse.jetty.util.thread.QueuedThreadPool - queue org.eclipse.jetty.io.ManagedSelector$$Lambda$253/838473569@7bb6ab3a startThread=0
02:56:40.972 [main] DEBUG org.eclipse.jetty.io.ManagedSelector - Queued change lazy=false org.eclipse.jetty.io.ManagedSelector$Start@7fe7c640 on ManagedSelector@435fb7b5{STARTING} id=0 keys=0 selected=0 updates=0
02:56:40.972 [qtp782228073-56] DEBUG org.eclipse.jetty.util.thread.QueuedThreadPool - run org.eclipse.jetty.io.ManagedSelector$$Lambda$253/838473569@7bb6ab3a in QueuedThreadPool[qtp782228073]@2e9fda69{STARTED,8<=8<=200,i=7,r=-1,q=0}[ReservedThreadExecutor@47a5b70d{reserved=0/8,pending=0}]
02:56:40.973 [qtp782228073-56] DEBUG org.eclipse.jetty.util.thread.strategy.EatWhatYouKill - EatWhatYouKill@4a11eb84/SelectorProducer@4e858e0a/IDLE/p=false/QueuedThreadPool[qtp782228073]@2e9fda69{STARTED,8<=8<=200,i=7,r=-1,q=0}[ReservedThreadExecutor@47a5b70d{reserved=0/8,pending=0}][pc=0,pic=0,pec=0,epc=0]@2024-05-02T02:56:40.972+01:00 tryProduce false
02:56:40.973 [qtp782228073-56] DEBUG org.eclipse.jetty.io.ManagedSelector - updateable 1
02:56:40.973 [qtp782228073-56] DEBUG org.eclipse.jetty.io.ManagedSelector - update org.eclipse.jetty.io.ManagedSelector$Start@7fe7c640
02:56:40.973 [qtp782228073-56] DEBUG org.eclipse.jetty.io.ManagedSelector - updates 0
02:56:40.973 [qtp782228073-56] DEBUG org.eclipse.jetty.io.ManagedSelector - Selector sun.nio.ch.EPollSelectorImpl@4ae76178 waiting with 0 keys
02:56:40.973 [main] DEBUG org.eclipse.jetty.util.component.AbstractLifeCycle - STARTED @4896ms ManagedSelector@435fb7b5{STARTED} id=0 keys=0 selected=0 updates=0
02:56:40.973 [main] DEBUG org.eclipse.jetty.util.component.AbstractLifeCycle - starting ManagedSelector@696f0212{STOPPED} id=1 keys=-1 selected=-1 updates=0
02:56:40.973 [main] DEBUG org.eclipse.jetty.util.component.AbstractLifeCycle - starting EatWhatYouKill@4e70a728/SelectorProducer@b7838a9/IDLE/p=false/QueuedThreadPool[qtp782228073]@2e9fda69{STARTED,8<=8<=200,i=7,r=-1,q=0}[ReservedThreadExecutor@47a5b70d{reserved=0/8,pending=0}][pc=0,pic=0,pec=0,epc=0]@2024-05-02T02:56:40.973+01:00
02:56:40.973 [main] DEBUG org.eclipse.jetty.util.component.AbstractLifeCycle - STARTED @4896ms EatWhatYouKill@4e70a728/SelectorProducer@b7838a9/IDLE/p=false/QueuedThreadPool[qtp782228073]@2e9fda69{STARTED,8<=8<=200,i=7,r=-1,q=0}[ReservedThreadExecutor@47a5b70d{reserved=0/8,pending=0}][pc=0,pic=0,pec=0,epc=0]@2024-05-02T02:56:40.973+01:00
02:56:40.973 [main] DEBUG org.eclipse.jetty.util.thread.QueuedThreadPool - queue org.eclipse.jetty.io.ManagedSelector$$Lambda$253/838473569@4c4748bf startThread=0
02:56:40.973 [main] DEBUG org.eclipse.jetty.io.ManagedSelector - Queued change lazy=false org.eclipse.jetty.io.ManagedSelector$Start@7ce97ee5 on ManagedSelector@696f0212{STARTING} id=1 keys=0 selected=0 updates=0
02:56:40.973 [qtp782228073-55] DEBUG org.eclipse.jetty.util.thread.QueuedThreadPool - run org.eclipse.jetty.io.ManagedSelector$$Lambda$253/838473569@4c4748bf in QueuedThreadPool[qtp782228073]@2e9fda69{STARTED,8<=8<=200,i=6,r=-1,q=0}[ReservedThreadExecutor@47a5b70d{reserved=0/8,pending=0}]
02:56:40.973 [qtp782228073-55] DEBUG org.eclipse.jetty.util.thread.strategy.EatWhatYouKill - EatWhatYouKill@4e70a728/SelectorProducer@b7838a9/IDLE/p=false/QueuedThreadPool[qtp782228073]@2e9fda69{STARTED,8<=8<=200,i=6,r=-1,q=0}[ReservedThreadExecutor@47a5b70d{reserved=0/8,pending=0}][pc=0,pic=0,pec=0,epc=0]@2024-05-02T02:56:40.973+01:00 tryProduce false
02:56:40.973 [qtp782228073-55] DEBUG org.eclipse.jetty.io.ManagedSelector - updateable 1
02:56:40.973 [qtp782228073-55] DEBUG org.eclipse.jetty.io.ManagedSelector - update org.eclipse.jetty.io.ManagedSelector$Start@7ce97ee5
02:56:40.973 [qtp782228073-55] DEBUG org.eclipse.jetty.io.ManagedSelector - updates 0
02:56:40.973 [qtp782228073-55] DEBUG org.eclipse.jetty.io.ManagedSelector - Selector sun.nio.ch.EPollSelectorImpl@1b822cc6 waiting with 0 keys
02:56:40.973 [main] DEBUG org.eclipse.jetty.util.component.AbstractLifeCycle - STARTED @4897ms ManagedSelector@696f0212{STARTED} id=1 keys=0 selected=0 updates=0
02:56:40.974 [main] DEBUG org.eclipse.jetty.util.component.AbstractLifeCycle - starting ManagedSelector@56c698e3{STOPPED} id=2 keys=-1 selected=-1 updates=0
02:56:40.974 [main] DEBUG org.eclipse.jetty.util.component.AbstractLifeCycle - starting EatWhatYouKill@5733f295/SelectorProducer@1c3146bc/IDLE/p=false/QueuedThreadPool[qtp782228073]@2e9fda69{STARTED,8<=8<=200,i=6,r=-1,q=0}[ReservedThreadExecutor@47a5b70d{reserved=0/8,pending=0}][pc=0,pic=0,pec=0,epc=0]@2024-05-02T02:56:40.974+01:00
02:56:40.974 [main] DEBUG org.eclipse.jetty.util.component.AbstractLifeCycle - STARTED @4897ms EatWhatYouKill@5733f295/SelectorProducer@1c3146bc/IDLE/p=false/QueuedThreadPool[qtp782228073]@2e9fda69{STARTED,8<=8<=200,i=6,r=-1,q=0}[ReservedThreadExecutor@47a5b70d{reserved=0/8,pending=0}][pc=0,pic=0,pec=0,epc=0]@2024-05-02T02:56:40.974+01:00
02:56:40.974 [main] DEBUG org.eclipse.jetty.util.thread.QueuedThreadPool - queue org.eclipse.jetty.io.ManagedSelector$$Lambda$253/838473569@32c8e539 startThread=0
02:56:40.974 [main] DEBUG org.eclipse.jetty.io.ManagedSelector - Queued change lazy=false org.eclipse.jetty.io.ManagedSelector$Start@73dce0e6 on ManagedSelector@56c698e3{STARTING} id=2 keys=0 selected=0 updates=0
02:56:40.974 [qtp782228073-57] DEBUG org.eclipse.jetty.util.thread.QueuedThreadPool - run org.eclipse.jetty.io.ManagedSelector$$Lambda$253/838473569@32c8e539 in QueuedThreadPool[qtp782228073]@2e9fda69{STARTED,8<=8<=200,i=5,r=-1,q=0}[ReservedThreadExecutor@47a5b70d{reserved=0/8,pending=0}]
02:56:40.974 [qtp782228073-57] DEBUG org.eclipse.jetty.util.thread.strategy.EatWhatYouKill - EatWhatYouKill@5733f295/SelectorProducer@1c3146bc/IDLE/p=false/QueuedThreadPool[qtp782228073]@2e9fda69{STARTED,8<=8<=200,i=5,r=-1,q=0}[ReservedThreadExecutor@47a5b70d{reserved=0/8,pending=0}][pc=0,pic=0,pec=0,epc=0]@2024-05-02T02:56:40.974+01:00 tryProduce false
02:56:40.974 [qtp782228073-57] DEBUG org.eclipse.jetty.io.ManagedSelector - updateable 1
02:56:40.974 [qtp782228073-57] DEBUG org.eclipse.jetty.io.ManagedSelector - update org.eclipse.jetty.io.ManagedSelector$Start@73dce0e6
02:56:40.974 [qtp782228073-57] DEBUG org.eclipse.jetty.io.ManagedSelector - updates 0
02:56:40.974 [qtp782228073-57] DEBUG org.eclipse.jetty.io.ManagedSelector - Selector sun.nio.ch.EPollSelectorImpl@154e726d waiting with 0 keys
02:56:40.974 [main] DEBUG org.eclipse.jetty.util.component.AbstractLifeCycle - STARTED @4897ms ManagedSelector@56c698e3{STARTED} id=2 keys=0 selected=0 updates=0
02:56:40.974 [main] DEBUG org.eclipse.jetty.util.component.AbstractLifeCycle - starting ManagedSelector@19553973{STOPPED} id=3 keys=-1 selected=-1 updates=0
02:56:40.974 [main] DEBUG org.eclipse.jetty.util.component.AbstractLifeCycle - starting EatWhatYouKill@47a86fbb/SelectorProducer@f478a81/IDLE/p=false/QueuedThreadPool[qtp782228073]@2e9fda69{STARTED,8<=8<=200,i=5,r=-1,q=0}[ReservedThreadExecutor@47a5b70d{reserved=0/8,pending=0}][pc=0,pic=0,pec=0,epc=0]@2024-05-02T02:56:40.974+01:00
02:56:40.974 [main] DEBUG org.eclipse.jetty.util.component.AbstractLifeCycle - STARTED @4898ms EatWhatYouKill@47a86fbb/SelectorProducer@f478a81/IDLE/p=false/QueuedThreadPool[qtp782228073]@2e9fda69{STARTED,8<=8<=200,i=5,r=-1,q=0}[ReservedThreadExecutor@47a5b70d{reserved=0/8,pending=0}][pc=0,pic=0,pec=0,epc=0]@2024-05-02T02:56:40.974+01:00
02:56:40.975 [main] DEBUG org.eclipse.jetty.util.thread.QueuedThreadPool - queue org.eclipse.jetty.io.ManagedSelector$$Lambda$253/838473569@5a85c92 startThread=0
02:56:40.975 [qtp782228073-58] DEBUG org.eclipse.jetty.util.thread.QueuedThreadPool - run org.eclipse.jetty.io.ManagedSelector$$Lambda$253/838473569@5a85c92 in QueuedThreadPool[qtp782228073]@2e9fda69{STARTED,8<=8<=200,i=4,r=-1,q=0}[ReservedThreadExecutor@47a5b70d{reserved=0/8,pending=0}]
02:56:40.975 [main] DEBUG org.eclipse.jetty.io.ManagedSelector - Queued change lazy=false org.eclipse.jetty.io.ManagedSelector$Start@32811494 on ManagedSelector@19553973{STARTING} id=3 keys=0 selected=0 updates=0
02:56:40.975 [qtp782228073-58] DEBUG org.eclipse.jetty.util.thread.strategy.EatWhatYouKill - EatWhatYouKill@47a86fbb/SelectorProducer@f478a81/IDLE/p=false/QueuedThreadPool[qtp782228073]@2e9fda69{STARTED,8<=8<=200,i=4,r=-1,q=0}[ReservedThreadExecutor@47a5b70d{reserved=0/8,pending=0}][pc=0,pic=0,pec=0,epc=0]@2024-05-02T02:56:40.975+01:00 tryProduce false
02:56:40.975 [qtp782228073-58] DEBUG org.eclipse.jetty.io.ManagedSelector - updateable 1
02:56:40.975 [qtp782228073-58] DEBUG org.eclipse.jetty.io.ManagedSelector - update org.eclipse.jetty.io.ManagedSelector$Start@32811494
02:56:40.975 [qtp782228073-58] DEBUG org.eclipse.jetty.io.ManagedSelector - updates 0
02:56:40.975 [qtp782228073-58] DEBUG org.eclipse.jetty.io.ManagedSelector - Selector sun.nio.ch.EPollSelectorImpl@38358409 waiting with 0 keys
02:56:40.975 [main] DEBUG org.eclipse.jetty.util.component.AbstractLifeCycle - STARTED @4898ms ManagedSelector@19553973{STARTED} id=3 keys=0 selected=0 updates=0
02:56:40.975 [main] DEBUG org.eclipse.jetty.util.component.AbstractLifeCycle - STARTED @4898ms SelectorManager@ServerConnector@5a411614{SSL, (ssl, http/1.1)}{localhost:40197}
02:56:40.975 [main] DEBUG org.eclipse.jetty.util.component.ContainerLifeCycle - ServerConnector@5a411614{SSL, (ssl, http/1.1)}{localhost:40197} added {acceptor-0@4795ded0,POJO}
02:56:40.975 [main] DEBUG org.eclipse.jetty.util.thread.QueuedThreadPool - queue acceptor-0@4795ded0 startThread=0
02:56:40.975 [main] INFO org.eclipse.jetty.server.AbstractConnector - Started ServerConnector@5a411614{SSL, (ssl, http/1.1)}{localhost:40197}
02:56:40.975 [qtp782228073-59] DEBUG org.eclipse.jetty.util.thread.QueuedThreadPool - run acceptor-0@4795ded0 in QueuedThreadPool[qtp782228073]@2e9fda69{STARTED,8<=8<=200,i=3,r=-1,q=0}[ReservedThreadExecutor@47a5b70d{reserved=0/8,pending=0}]
02:56:40.975 [main] DEBUG org.eclipse.jetty.util.component.AbstractLifeCycle - STARTED @4898ms ServerConnector@5a411614{SSL, (ssl, http/1.1)}{localhost:40197}
02:56:40.975 [main] INFO org.eclipse.jetty.server.Server - Started @4899ms
02:56:40.975 [main] DEBUG org.eclipse.jetty.util.component.AbstractLifeCycle - STARTED @4899ms Server@1755e85b{STARTED}[9.4.44.v20210927]
02:56:41.978 [main] DEBUG org.apache.nifi.minifi.bootstrap.configuration.ingestors.PullHttpChangeIngestor - Attempting to pull new config
02:56:41.979 [qtp782228073-59-acceptor-0@4795ded0-ServerConnector@5a411614{SSL, (ssl, http/1.1)}{localhost:40197}] DEBUG org.eclipse.jetty.io.ManagedSelector - Queued change lazy=false Accept@6c497538[java.nio.channels.SocketChannel[connected local=/127.0.0.1:40197 remote=/127.0.0.1:33972]] on ManagedSelector@696f0212{STARTED} id=1 keys=0 selected=0 updates=0
02:56:41.979 [qtp782228073-59-acceptor-0@4795ded0-ServerConnector@5a411614{SSL, (ssl, http/1.1)}{localhost:40197}] DEBUG org.eclipse.jetty.io.ManagedSelector - Wakeup on submit ManagedSelector@696f0212{STARTED} id=1 keys=0 selected=0 updates=1
02:56:41.979 [qtp782228073-55] DEBUG org.eclipse.jetty.io.ManagedSelector - Selector sun.nio.ch.EPollSelectorImpl@1b822cc6 woken with none selected
02:56:41.980 [qtp782228073-55] DEBUG org.eclipse.jetty.io.ManagedSelector - Selector sun.nio.ch.EPollSelectorImpl@1b822cc6 woken up from select, 0/0/0 selected
02:56:41.980 [qtp782228073-55] DEBUG org.eclipse.jetty.io.ManagedSelector - Selector sun.nio.ch.EPollSelectorImpl@1b822cc6 processing 0 keys, 1 updates
02:56:41.980 [qtp782228073-55] DEBUG org.eclipse.jetty.io.ManagedSelector - updateable 1
02:56:41.980 [qtp782228073-55] DEBUG org.eclipse.jetty.io.ManagedSelector - update Accept@6c497538[java.nio.channels.SocketChannel[connected local=/127.0.0.1:40197 remote=/127.0.0.1:33972]]
02:56:41.980 [qtp782228073-55] DEBUG org.eclipse.jetty.util.thread.QueuedThreadPool - queue Accept@6c497538[java.nio.channels.SocketChannel[connected local=/127.0.0.1:40197 remote=/127.0.0.1:33972]] startThread=0
02:56:41.980 [qtp782228073-55] DEBUG org.eclipse.jetty.io.ManagedSelector - updates 0
02:56:41.980 [qtp782228073-60] DEBUG org.eclipse.jetty.util.thread.QueuedThreadPool - run Accept@6c497538[java.nio.channels.SocketChannel[connected local=/127.0.0.1:40197 remote=/127.0.0.1:33972]] in QueuedThreadPool[qtp782228073]@2e9fda69{STARTED,8<=8<=200,i=2,r=-1,q=0}[ReservedThreadExecutor@47a5b70d{reserved=0/8,pending=0}]
02:56:41.980 [qtp782228073-55] DEBUG org.eclipse.jetty.io.ManagedSelector - Selector sun.nio.ch.EPollSelectorImpl@1b822cc6 waiting with 1 keys
02:56:41.980 [qtp782228073-60] DEBUG org.eclipse.jetty.io.IdleTimeout - SocketChannelEndPoint@175342bc{l=/127.0.0.1:40197,r=/127.0.0.1:33972,OPEN,fill=-,flush=-,to=0/30000}{io=0/0,kio=0,kro=0}-><null> idle timeout check, elapsed: 0 ms, remaining: 30000 ms
02:56:41.980 [qtp782228073-60] DEBUG org.eclipse.jetty.util.ssl.SslContextFactory - Customize sun.security.ssl.SSLEngineImpl@1dab29cc
02:56:41.981 [qtp782228073-60] DEBUG org.eclipse.jetty.server.HttpChannel - new HttpChannelOverHttp@58a9b41d{s=HttpChannelState@55624b16{s=IDLE rs=BLOCKING os=OPEN is=IDLE awp=false se=false i=true al=0},r=0,c=false/false,a=IDLE,uri=null,age=0} -> DecryptedEndPoint@693baa12{l=/127.0.0.1:40197,r=/127.0.0.1:33972,OPEN,fill=-,flush=-,to=0/30000},null,HttpChannelState@55624b16{s=IDLE rs=BLOCKING os=OPEN is=IDLE awp=false se=false i=true al=0}
02:56:41.981 [qtp782228073-60] DEBUG org.eclipse.jetty.server.HttpConnection - New HTTP Connection HttpConnection@2d1a0bb0::DecryptedEndPoint@693baa12{l=/127.0.0.1:40197,r=/127.0.0.1:33972,OPEN,fill=-,flush=-,to=0/30000}
02:56:41.981 [qtp782228073-60] DEBUG org.eclipse.jetty.io.ManagedSelector - Queued change lazy=true org.eclipse.jetty.io.ManagedSelector$$Lambda$258/269590367@38864b52 on ManagedSelector@696f0212{STARTED} id=1 keys=1 selected=0 updates=0
02:56:41.981 [qtp782228073-60] DEBUG org.eclipse.jetty.io.AbstractEndPoint - onOpen SocketChannelEndPoint@175342bc{l=/127.0.0.1:40197,r=/127.0.0.1:33972,OPEN,fill=-,flush=-,to=0/30000}{io=0/0,kio=0,kro=0}->SslConnection@7ffb8daf{NOT_HANDSHAKING,eio=-1/-1,di=-1,fill=IDLE,flush=IDLE}~>DecryptedEndPoint@693baa12{l=/127.0.0.1:40197,r=/127.0.0.1:33972,OPEN,fill=-,flush=-,to=0/30000}=>HttpConnection@2d1a0bb0[p=HttpParser{s=START,0 of -1},g=HttpGenerator@4b24d378{s=START}]=>HttpChannelOverHttp@58a9b41d{s=HttpChannelState@55624b16{s=IDLE rs=BLOCKING os=OPEN is=IDLE awp=false se=false i=true al=0},r=0,c=false/false,a=IDLE,uri=null,age=0}
02:56:41.981 [qtp782228073-60] DEBUG org.eclipse.jetty.io.AbstractConnection - onOpen SslConnection@7ffb8daf::SocketChannelEndPoint@175342bc{l=/127.0.0.1:40197,r=/127.0.0.1:33972,OPEN,fill=-,flush=-,to=0/30000}{io=0/0,kio=0,kro=0}->SslConnection@7ffb8daf{NOT_HANDSHAKING,eio=-1/-1,di=-1,fill=IDLE,flush=IDLE}~>DecryptedEndPoint@693baa12{l=/127.0.0.1:40197,r=/127.0.0.1:33972,OPEN,fill=-,flush=-,to=0/30000}=>HttpConnection@2d1a0bb0[p=HttpParser{s=START,0 of -1},g=HttpGenerator@4b24d378{s=START}]=>HttpChannelOverHttp@58a9b41d{s=HttpChannelState@55624b16{s=IDLE rs=BLOCKING os=OPEN is=IDLE awp=false se=false i=true al=0},r=0,c=false/false,a=IDLE,uri=null,age=0}
02:56:41.981 [qtp782228073-60] DEBUG org.eclipse.jetty.io.AbstractConnection - onOpen HttpConnection@2d1a0bb0::DecryptedEndPoint@693baa12{l=/127.0.0.1:40197,r=/127.0.0.1:33972,OPEN,fill=-,flush=-,to=0/30000}
02:56:41.981 [qtp782228073-60] DEBUG org.eclipse.jetty.io.AbstractConnection - fillInterested HttpConnection@2d1a0bb0::DecryptedEndPoint@693baa12{l=/127.0.0.1:40197,r=/127.0.0.1:33972,OPEN,fill=-,flush=-,to=0/30000}
02:56:41.981 [qtp782228073-60] DEBUG org.eclipse.jetty.io.FillInterest - interested FillInterest@361e0627{AC.ReadCB@2d1a0bb0{HttpConnection@2d1a0bb0::DecryptedEndPoint@693baa12{l=/127.0.0.1:40197,r=/127.0.0.1:33972,OPEN,fill=FI,flush=-,to=0/30000}}}
02:56:41.981 [qtp782228073-60] DEBUG org.eclipse.jetty.io.ssl.SslConnection - >needFillInterest s=IDLE/IDLE uf=false ei=null di=null SslConnection@7ffb8daf::SocketChannelEndPoint@175342bc{l=/127.0.0.1:40197,r=/127.0.0.1:33972,OPEN,fill=-,flush=-,to=1/30000}{io=0/0,kio=0,kro=0}->SslConnection@7ffb8daf{NOT_HANDSHAKING,eio=-1/-1,di=-1,fill=IDLE,flush=IDLE}~>DecryptedEndPoint@693baa12{l=/127.0.0.1:40197,r=/127.0.0.1:33972,OPEN,fill=FI,flush=-,to=0/30000}=>HttpConnection@2d1a0bb0[p=HttpParser{s=START,0 of -1},g=HttpGenerator@4b24d378{s=START}]=>HttpChannelOverHttp@58a9b41d{s=HttpChannelState@55624b16{s=IDLE rs=BLOCKING os=OPEN is=IDLE awp=false se=false i=true al=0},r=0,c=false/false,a=IDLE,uri=null,age=0}
02:56:41.981 [qtp782228073-60] DEBUG org.eclipse.jetty.io.ssl.SslConnection - <needFillInterest s=IDLE/INTERESTED f=false i=true w=null
02:56:41.981 [qtp782228073-60] DEBUG org.eclipse.jetty.io.ssl.SslConnection - ensureFillInterested SslConnection@7ffb8daf::SocketChannelEndPoint@175342bc{l=/127.0.0.1:40197,r=/127.0.0.1:33972,OPEN,fill=-,flush=-,to=1/30000}{io=0/0,kio=0,kro=0}->SslConnection@7ffb8daf{NOT_HANDSHAKING,eio=-1/-1,di=-1,fill=INTERESTED,flush=IDLE}~>DecryptedEndPoint@693baa12{l=/127.0.0.1:40197,r=/127.0.0.1:33972,OPEN,fill=FI,flush=-,to=0/30000}=>HttpConnection@2d1a0bb0[p=HttpParser{s=START,0 of -1},g=HttpGenerator@4b24d378{s=START}]=>HttpChannelOverHttp@58a9b41d{s=HttpChannelState@55624b16{s=IDLE rs=BLOCKING os=OPEN is=IDLE awp=false se=false i=true al=0},r=0,c=false/false,a=IDLE,uri=null,age=0}
02:56:41.981 [qtp782228073-60] DEBUG org.eclipse.jetty.io.FillInterest - interested FillInterest@3cc8176d{SSLC.NBReadCB@7ffb8daf{SslConnection@7ffb8daf::SocketChannelEndPoint@175342bc{l=/127.0.0.1:40197,r=/127.0.0.1:33972,OPEN,fill=FI,flush=-,to=0/30000}{io=0/0,kio=0,kro=0}->SslConnection@7ffb8daf{NOT_HANDSHAKING,eio=-1/-1,di=-1,fill=INTERESTED,flush=IDLE}~>DecryptedEndPoint@693baa12{l=/127.0.0.1:40197,r=/127.0.0.1:33972,OPEN,fill=FI,flush=-,to=0/30000}=>HttpConnection@2d1a0bb0[p=HttpParser{s=START,0 of -1},g=HttpGenerator@4b24d378{s=START}]=>HttpChannelOverHttp@58a9b41d{s=HttpChannelState@55624b16{s=IDLE rs=BLOCKING os=OPEN is=IDLE awp=false se=false i=true al=0},r=0,c=false/false,a=IDLE,uri=null,age=0}}}
02:56:41.981 [qtp782228073-60] DEBUG org.eclipse.jetty.io.ChannelEndPoint - changeInterests p=false 0->1 for SocketChannelEndPoint@175342bc{l=/127.0.0.1:40197,r=/127.0.0.1:33972,OPEN,fill=FI,flush=-,to=0/30000}{io=0/1,kio=0,kro=0}->SslConnection@7ffb8daf{NOT_HANDSHAKING,eio=-1/-1,di=-1,fill=INTERESTED,flush=IDLE}~>DecryptedEndPoint@693baa12{l=/127.0.0.1:40197,r=/127.0.0.1:33972,OPEN,fill=FI,flush=-,to=0/30000}=>HttpConnection@2d1a0bb0[p=HttpParser{s=START,0 of -1},g=HttpGenerator@4b24d378{s=START}]=>HttpChannelOverHttp@58a9b41d{s=HttpChannelState@55624b16{s=IDLE rs=BLOCKING os=OPEN is=IDLE awp=false se=false i=true al=0},r=0,c=false/false,a=IDLE,uri=null,age=0}
02:56:41.982 [qtp782228073-60] DEBUG org.eclipse.jetty.io.ManagedSelector - Queued change lazy=false org.eclipse.jetty.io.ChannelEndPoint$$Lambda$255/899789472@1ffd63ae on ManagedSelector@696f0212{STARTED} id=1 keys=1 selected=0 updates=1
02:56:41.982 [qtp782228073-60] DEBUG org.eclipse.jetty.io.ManagedSelector - Wakeup on submit ManagedSelector@696f0212{STARTED} id=1 keys=1 selected=0 updates=2
02:56:41.982 [qtp782228073-55] DEBUG org.eclipse.jetty.io.ManagedSelector - Selector sun.nio.ch.EPollSelectorImpl@1b822cc6 woken with none selected
02:56:41.982 [qtp782228073-55] DEBUG org.eclipse.jetty.io.ManagedSelector - Selector sun.nio.ch.EPollSelectorImpl@1b822cc6 woken up from select, 0/0/1 selected
02:56:41.982 [qtp782228073-55] DEBUG org.eclipse.jetty.io.ManagedSelector - Selector sun.nio.ch.EPollSelectorImpl@1b822cc6 processing 0 keys, 2 updates
02:56:41.982 [qtp782228073-60] DEBUG org.eclipse.jetty.io.ManagedSelector - Created SocketChannelEndPoint@175342bc{l=/127.0.0.1:40197,r=/127.0.0.1:33972,OPEN,fill=FI,flush=-,to=0/30000}{io=0/1,kio=0,kro=0}->SslConnection@7ffb8daf{NOT_HANDSHAKING,eio=-1/-1,di=-1,fill=INTERESTED,flush=IDLE}~>DecryptedEndPoint@693baa12{l=/127.0.0.1:40197,r=/127.0.0.1:33972,OPEN,fill=FI,flush=-,to=0/30000}=>HttpConnection@2d1a0bb0[p=HttpParser{s=START,0 of -1},g=HttpGenerator@4b24d378{s=START}]=>HttpChannelOverHttp@58a9b41d{s=HttpChannelState@55624b16{s=IDLE rs=BLOCKING os=OPEN is=IDLE awp=false se=false i=true al=0},r=0,c=false/false,a=IDLE,uri=null,age=0}
02:56:41.982 [qtp782228073-55] DEBUG org.eclipse.jetty.io.ManagedSelector - updateable 2
02:56:41.982 [qtp782228073-55] DEBUG org.eclipse.jetty.io.ManagedSelector - update org.eclipse.jetty.io.ManagedSelector$$Lambda$258/269590367@38864b52
02:56:41.982 [qtp782228073-60] DEBUG org.eclipse.jetty.util.thread.QueuedThreadPool - ran Accept@6c497538[java.nio.channels.SocketChannel[connected local=/127.0.0.1:40197 remote=/127.0.0.1:33972]] in QueuedThreadPool[qtp782228073]@2e9fda69{STARTED,8<=8<=200,i=2,r=-1,q=0}[ReservedThreadExecutor@47a5b70d{reserved=0/8,pending=0}]
02:56:41.982 [qtp782228073-55] DEBUG org.eclipse.jetty.io.ManagedSelector - update org.eclipse.jetty.io.ChannelEndPoint$$Lambda$255/899789472@1ffd63ae
02:56:41.982 [qtp782228073-55] DEBUG org.eclipse.jetty.io.ChannelEndPoint - Key interests updated 0 -> 1 on SocketChannelEndPoint@175342bc{l=/127.0.0.1:40197,r=/127.0.0.1:33972,OPEN,fill=FI,flush=-,to=0/30000}{io=1/1,kio=1,kro=0}->SslConnection@7ffb8daf{NOT_HANDSHAKING,eio=-1/-1,di=-1,fill=INTERESTED,flush=IDLE}~>DecryptedEndPoint@693baa12{l=/127.0.0.1:40197,r=/127.0.0.1:33972,OPEN,fill=FI,flush=-,to=0/30000}=>HttpConnection@2d1a0bb0[p=HttpParser{s=START,0 of -1},g=HttpGenerator@4b24d378{s=START}]=>HttpChannelOverHttp@58a9b41d{s=HttpChannelState@55624b16{s=IDLE rs=BLOCKING os=OPEN is=IDLE awp=false se=false i=true al=0},r=0,c=false/false,a=IDLE,uri=null,age=0}
02:56:41.982 [qtp782228073-55] DEBUG org.eclipse.jetty.io.ManagedSelector - updates 0
02:56:41.982 [qtp782228073-55] DEBUG org.eclipse.jetty.io.ManagedSelector - Selector sun.nio.ch.EPollSelectorImpl@1b822cc6 waiting with 1 keys
02:56:41.982 [qtp782228073-55] DEBUG org.eclipse.jetty.io.ManagedSelector - Selector sun.nio.ch.EPollSelectorImpl@1b822cc6 woken up from select, 1/1/1 selected
02:56:41.982 [qtp782228073-55] DEBUG org.eclipse.jetty.io.ManagedSelector - Selector sun.nio.ch.EPollSelectorImpl@1b822cc6 processing 1 keys, 0 updates
02:56:41.982 [qtp782228073-55] DEBUG org.eclipse.jetty.io.ManagedSelector - selected 1 sun.nio.ch.SelectionKeyImpl@1545d1c6 SocketChannelEndPoint@175342bc{l=/127.0.0.1:40197,r=/127.0.0.1:33972,OPEN,fill=FI,flush=-,to=0/30000}{io=1/1,kio=1,kro=1}->SslConnection@7ffb8daf{NOT_HANDSHAKING,eio=-1/-1,di=-1,fill=INTERESTED,flush=IDLE}~>DecryptedEndPoint@693baa12{l=/127.0.0.1:40197,r=/127.0.0.1:33972,OPEN,fill=FI,flush=-,to=1/30000}=>HttpConnection@2d1a0bb0[p=HttpParser{s=START,0 of -1},g=HttpGenerator@4b24d378{s=START}]=>HttpChannelOverHttp@58a9b41d{s=HttpChannelState@55624b16{s=IDLE rs=BLOCKING os=OPEN is=IDLE awp=false se=false i=true al=0},r=0,c=false/false,a=IDLE,uri=null,age=0} 
02:56:41.983 [qtp782228073-55] DEBUG org.eclipse.jetty.io.ChannelEndPoint - onSelected 1->0 r=true w=false for SocketChannelEndPoint@175342bc{l=/127.0.0.1:40197,r=/127.0.0.1:33972,OPEN,fill=FI,flush=-,to=1/30000}{io=1/0,kio=1,kro=1}->SslConnection@7ffb8daf{NOT_HANDSHAKING,eio=-1/-1,di=-1,fill=INTERESTED,flush=IDLE}~>DecryptedEndPoint@693baa12{l=/127.0.0.1:40197,r=/127.0.0.1:33972,OPEN,fill=FI,flush=-,to=1/30000}=>HttpConnection@2d1a0bb0[p=HttpParser{s=START,0 of -1},g=HttpGenerator@4b24d378{s=START}]=>HttpChannelOverHttp@58a9b41d{s=HttpChannelState@55624b16{s=IDLE rs=BLOCKING os=OPEN is=IDLE awp=false se=false i=true al=0},r=0,c=false/false,a=IDLE,uri=null,age=0}
02:56:41.983 [qtp782228073-55] DEBUG org.eclipse.jetty.io.ChannelEndPoint - task CEP:SocketChannelEndPoint@175342bc{l=/127.0.0.1:40197,r=/127.0.0.1:33972,OPEN,fill=FI,flush=-,to=1/30000}{io=1/0,kio=1,kro=1}->SslConnection@7ffb8daf{NOT_HANDSHAKING,eio=-1/-1,di=-1,fill=INTERESTED,flush=IDLE}~>DecryptedEndPoint@693baa12{l=/127.0.0.1:40197,r=/127.0.0.1:33972,OPEN,fill=FI,flush=-,to=1/30000}=>HttpConnection@2d1a0bb0[p=HttpParser{s=START,0 of -1},g=HttpGenerator@4b24d378{s=START}]=>HttpChannelOverHttp@58a9b41d{s=HttpChannelState@55624b16{s=IDLE rs=BLOCKING os=OPEN is=IDLE awp=false se=false i=true al=0},r=0,c=false/false,a=IDLE,uri=null,age=0}:runFillable:BLOCKING
02:56:41.983 [qtp782228073-55] DEBUG org.eclipse.jetty.util.thread.ReservedThreadExecutor - ReservedThreadExecutor@47a5b70d{reserved=0/8,pending=0} tryExecute EatWhatYouKill@4e70a728/SelectorProducer@b7838a9/PRODUCING/p=false/QueuedThreadPool[qtp782228073]@2e9fda69{STARTED,8<=8<=200,i=3,r=-1,q=0}[ReservedThreadExecutor@47a5b70d{reserved=0/8,pending=0}][pc=0,pic=0,pec=0,epc=0]@2024-05-02T02:56:41.983+01:00
02:56:41.983 [qtp782228073-55] DEBUG org.eclipse.jetty.util.thread.ReservedThreadExecutor - ReservedThreadExecutor@47a5b70d{reserved=0/8,pending=1} startReservedThread p=1
02:56:41.983 [qtp782228073-55] DEBUG org.eclipse.jetty.util.thread.QueuedThreadPool - queue ReservedThread@117a47b6{PENDING,thread=null} startThread=0
02:56:41.983 [qtp782228073-61] DEBUG org.eclipse.jetty.util.thread.QueuedThreadPool - run ReservedThread@117a47b6{PENDING,thread=null} in QueuedThreadPool[qtp782228073]@2e9fda69{STARTED,8<=8<=200,i=2,r=-1,q=0}[ReservedThreadExecutor@47a5b70d{reserved=0/8,pending=1}]
02:56:41.983 [qtp782228073-61] DEBUG org.eclipse.jetty.util.thread.ReservedThreadExecutor - ReservedThread@117a47b6{PENDING,thread=Thread[qtp782228073-61,5,main]} was=PENDING next=RESERVED size=0+1 capacity=8
02:56:41.983 [qtp782228073-61] DEBUG org.eclipse.jetty.util.thread.ReservedThreadExecutor - ReservedThread@117a47b6{RESERVED,thread=Thread[qtp782228073-61,5,main]} waiting ReservedThreadExecutor@47a5b70d{reserved=1/8,pending=0}
02:56:41.983 [qtp782228073-55] DEBUG org.eclipse.jetty.util.thread.strategy.EatWhatYouKill - EatWhatYouKill@4e70a728/SelectorProducer@b7838a9/PRODUCING/p=false/QueuedThreadPool[qtp782228073]@2e9fda69{STARTED,8<=8<=200,i=2,r=-1,q=0}[ReservedThreadExecutor@47a5b70d{reserved=0/8,pending=1}][pc=0,pic=0,pec=0,epc=0]@2024-05-02T02:56:41.983+01:00 m=PRODUCE_EXECUTE_CONSUME t=CEP:SocketChannelEndPoint@175342bc{l=/127.0.0.1:40197,r=/127.0.0.1:33972,OPEN,fill=FI,flush=-,to=1/30000}{io=1/0,kio=1,kro=1}->SslConnection@7ffb8daf{NOT_HANDSHAKING,eio=-1/-1,di=-1,fill=INTERESTED,flush=IDLE}~>DecryptedEndPoint@693baa12{l=/127.0.0.1:40197,r=/127.0.0.1:33972,OPEN,fill=FI,flush=-,to=2/30000}=>HttpConnection@2d1a0bb0[p=HttpParser{s=START,0 of -1},g=HttpGenerator@4b24d378{s=START}]=>HttpChannelOverHttp@58a9b41d{s=HttpChannelState@55624b16{s=IDLE rs=BLOCKING os=OPEN is=IDLE awp=false se=false i=true al=0},r=0,c=false/false,a=IDLE,uri=null,age=0}:runFillable:BLOCKING/BLOCKING
02:56:41.983 [qtp782228073-55] DEBUG org.eclipse.jetty.util.thread.QueuedThreadPool - queue CEP:SocketChannelEndPoint@175342bc{l=/127.0.0.1:40197,r=/127.0.0.1:33972,OPEN,fill=FI,flush=-,to=2/30000}{io=1/0,kio=1,kro=1}->SslConnection@7ffb8daf{NOT_HANDSHAKING,eio=-1/-1,di=-1,fill=INTERESTED,flush=IDLE}~>DecryptedEndPoint@693baa12{l=/127.0.0.1:40197,r=/127.0.0.1:33972,OPEN,fill=FI,flush=-,to=2/30000}=>HttpConnection@2d1a0bb0[p=HttpParser{s=START,0 of -1},g=HttpGenerator@4b24d378{s=START}]=>HttpChannelOverHttp@58a9b41d{s=HttpChannelState@55624b16{s=IDLE rs=BLOCKING os=OPEN is=IDLE awp=false se=false i=true al=0},r=0,c=false/false,a=IDLE,uri=null,age=0}:runFillable:BLOCKING startThread=0
02:56:41.983 [qtp782228073-62] DEBUG org.eclipse.jetty.util.thread.QueuedThreadPool - run CEP:SocketChannelEndPoint@175342bc{l=/127.0.0.1:40197,r=/127.0.0.1:33972,OPEN,fill=FI,flush=-,to=2/30000}{io=1/0,kio=1,kro=1}->SslConnection@7ffb8daf{NOT_HANDSHAKING,eio=-1/-1,di=-1,fill=INTERESTED,flush=IDLE}~>DecryptedEndPoint@693baa12{l=/127.0.0.1:40197,r=/127.0.0.1:33972,OPEN,fill=FI,flush=-,to=2/30000}=>HttpConnection@2d1a0bb0[p=HttpParser{s=START,0 of -1},g=HttpGenerator@4b24d378{s=START}]=>HttpChannelOverHttp@58a9b41d{s=HttpChannelState@55624b16{s=IDLE rs=BLOCKING os=OPEN is=IDLE awp=false se=false i=true al=0},r=0,c=false/false,a=IDLE,uri=null,age=0}:runFillable:BLOCKING in QueuedThreadPool[qtp782228073]@2e9fda69{STARTED,8<=8<=200,i=1,r=-1,q=0}[ReservedThreadExecutor@47a5b70d{reserved=1/8,pending=0}]
02:56:41.984 [qtp782228073-55] DEBUG org.eclipse.jetty.io.ManagedSelector - updateable 0
02:56:41.984 [qtp782228073-55] DEBUG org.eclipse.jetty.io.ManagedSelector - updates 0
02:56:41.984 [qtp782228073-62] DEBUG org.eclipse.jetty.io.FillInterest - fillable FillInterest@3cc8176d{SSLC.NBReadCB@7ffb8daf{SslConnection@7ffb8daf::SocketChannelEndPoint@175342bc{l=/127.0.0.1:40197,r=/127.0.0.1:33972,OPEN,fill=FI,flush=-,to=2/30000}{io=1/0,kio=1,kro=1}->SslConnection@7ffb8daf{NOT_HANDSHAKING,eio=-1/-1,di=-1,fill=INTERESTED,flush=IDLE}~>DecryptedEndPoint@693baa12{l=/127.0.0.1:40197,r=/127.0.0.1:33972,OPEN,fill=FI,flush=-,to=2/30000}=>HttpConnection@2d1a0bb0[p=HttpParser{s=START,0 of -1},g=HttpGenerator@4b24d378{s=START}]=>HttpChannelOverHttp@58a9b41d{s=HttpChannelState@55624b16{s=IDLE rs=BLOCKING os=OPEN is=IDLE awp=false se=false i=true al=0},r=0,c=false/false,a=IDLE,uri=null,age=0}}}
02:56:41.984 [qtp782228073-55] DEBUG org.eclipse.jetty.io.ChannelEndPoint - Key interests updated 1 -> 0 on SocketChannelEndPoint@175342bc{l=/127.0.0.1:40197,r=/127.0.0.1:33972,OPEN,fill=FI,flush=-,to=2/30000}{io=0/0,kio=0,kro=1}->SslConnection@7ffb8daf{NOT_HANDSHAKING,eio=-1/-1,di=-1,fill=INTERESTED,flush=IDLE}~>DecryptedEndPoint@693baa12{l=/127.0.0.1:40197,r=/127.0.0.1:33972,OPEN,fill=FI,flush=-,to=2/30000}=>HttpConnection@2d1a0bb0[p=HttpParser{s=START,0 of -1},g=HttpGenerator@4b24d378{s=START}]=>HttpChannelOverHttp@58a9b41d{s=HttpChannelState@55624b16{s=IDLE rs=BLOCKING os=OPEN is=IDLE awp=false se=false i=true al=0},r=0,c=false/false,a=IDLE,uri=null,age=0}
02:56:41.984 [qtp782228073-55] DEBUG org.eclipse.jetty.io.ManagedSelector - Selector sun.nio.ch.EPollSelectorImpl@1b822cc6 waiting with 1 keys
02:56:41.984 [qtp782228073-62] DEBUG org.eclipse.jetty.io.ssl.SslConnection - >c.onFillable SslConnection@7ffb8daf::SocketChannelEndPoint@175342bc{l=/127.0.0.1:40197,r=/127.0.0.1:33972,OPEN,fill=-,flush=-,to=2/30000}{io=0/0,kio=0,kro=1}->SslConnection@7ffb8daf{NOT_HANDSHAKING,eio=-1/-1,di=-1,fill=INTERESTED,flush=IDLE}~>DecryptedEndPoint@693baa12{l=/127.0.0.1:40197,r=/127.0.0.1:33972,OPEN,fill=FI,flush=-,to=2/30000}=>HttpConnection@2d1a0bb0[p=HttpParser{s=START,0 of -1},g=HttpGenerator@4b24d378{s=START}]=>HttpChannelOverHttp@58a9b41d{s=HttpChannelState@55624b16{s=IDLE rs=BLOCKING os=OPEN is=IDLE awp=false se=false i=true al=0},r=0,c=false/false,a=IDLE,uri=null,age=0}
02:56:41.984 [qtp782228073-62] DEBUG org.eclipse.jetty.io.ssl.SslConnection - onFillable SslConnection@7ffb8daf::SocketChannelEndPoint@175342bc{l=/127.0.0.1:40197,r=/127.0.0.1:33972,OPEN,fill=-,flush=-,to=2/30000}{io=0/0,kio=0,kro=1}->SslConnection@7ffb8daf{NOT_HANDSHAKING,eio=-1/-1,di=-1,fill=INTERESTED,flush=IDLE}~>DecryptedEndPoint@693baa12{l=/127.0.0.1:40197,r=/127.0.0.1:33972,OPEN,fill=FI,flush=-,to=2/30000}=>HttpConnection@2d1a0bb0[p=HttpParser{s=START,0 of -1},g=HttpGenerator@4b24d378{s=START}]=>HttpChannelOverHttp@58a9b41d{s=HttpChannelState@55624b16{s=IDLE rs=BLOCKING os=OPEN is=IDLE awp=false se=false i=true al=0},r=0,c=false/false,a=IDLE,uri=null,age=0}
02:56:41.984 [qtp782228073-62] DEBUG org.eclipse.jetty.io.FillInterest - fillable FillInterest@361e0627{AC.ReadCB@2d1a0bb0{HttpConnection@2d1a0bb0::DecryptedEndPoint@693baa12{l=/127.0.0.1:40197,r=/127.0.0.1:33972,OPEN,fill=FI,flush=-,to=3/30000}}}
02:56:41.984 [qtp782228073-62] DEBUG org.eclipse.jetty.server.HttpConnection - HttpConnection@2d1a0bb0::DecryptedEndPoint@693baa12{l=/127.0.0.1:40197,r=/127.0.0.1:33972,OPEN,fill=-,flush=-,to=3/30000} onFillable enter HttpChannelState@55624b16{s=IDLE rs=BLOCKING os=OPEN is=IDLE awp=false se=false i=true al=0} null
02:56:41.984 [qtp782228073-62] DEBUG org.eclipse.jetty.io.ssl.SslConnection - >fill SslConnection@7ffb8daf::SocketChannelEndPoint@175342bc{l=/127.0.0.1:40197,r=/127.0.0.1:33972,OPEN,fill=-,flush=-,to=2/30000}{io=0/0,kio=0,kro=1}->SslConnection@7ffb8daf{NOT_HANDSHAKING,eio=-1/-1,di=-1,fill=IDLE,flush=IDLE}~>DecryptedEndPoint@693baa12{l=/127.0.0.1:40197,r=/127.0.0.1:33972,OPEN,fill=-,flush=-,to=3/30000}=>HttpConnection@2d1a0bb0[p=HttpParser{s=START,0 of -1},g=HttpGenerator@4b24d378{s=START}]=>HttpChannelOverHttp@58a9b41d{s=HttpChannelState@55624b16{s=IDLE rs=BLOCKING os=OPEN is=IDLE awp=false se=false i=true al=0},r=0,c=false/false,a=IDLE,uri=null,age=0}
02:56:41.984 [qtp782228073-62] DEBUG org.eclipse.jetty.io.ssl.SslConnection - fill NOT_HANDSHAKING
02:56:41.985 [qtp782228073-62] DEBUG org.eclipse.jetty.io.ChannelEndPoint - filled 339 HeapByteBuffer@740a9f9e[p=0,l=339,c=17408,r=339]={<<<\x16\x03\x03\x01N\x01\x00\x01J\x03\x03\xD1NB\xEd%\xBcc\xE0<\xA9\x03\xB9\xC2\x00...\x96N\x97C\xF5\xDb\xC2\x9d\x0b\x9eg\x93AA\xD4\xB0\x10\xCe\xFf\x01\x00\x01\x00>>>\x00\x00\x00\x00\x00\x00\x00\x00\x00...\x00\x00\x00\x00\x00\x00\x00}
02:56:41.985 [qtp782228073-62] DEBUG org.eclipse.jetty.io.ssl.SslConnection - net filled=339
02:56:41.985 [qtp782228073-62] DEBUG org.eclipse.jetty.io.ssl.SslConnection - fill starting handshake SslConnection@7ffb8daf::SocketChannelEndPoint@175342bc{l=/127.0.0.1:40197,r=/127.0.0.1:33972,OPEN,fill=-,flush=-,to=0/30000}{io=0/0,kio=0,kro=1}->SslConnection@7ffb8daf{NOT_HANDSHAKING,eio=339/-1,di=-1,fill=IDLE,flush=IDLE}~>DecryptedEndPoint@693baa12{l=/127.0.0.1:40197,r=/127.0.0.1:33972,OPEN,fill=-,flush=-,to=3/30000}=>HttpConnection@2d1a0bb0[p=HttpParser{s=START,0 of -1},g=HttpGenerator@4b24d378{s=START}]=>HttpChannelOverHttp@58a9b41d{s=HttpChannelState@55624b16{s=IDLE rs=BLOCKING os=OPEN is=IDLE awp=false se=false i=true al=0},r=0,c=false/false,a=IDLE,uri=null,age=0}
02:56:41.985 [qtp782228073-62] DEBUG org.eclipse.jetty.io.ssl.SslConnection - unwrap net_filled=339 Status = OK HandshakeStatus = NEED_TASK bytesConsumed = 339 bytesProduced = 0 encryptedBuffer=[p=339,l=339,c=17408,r=0] unwrapBuffer=HeapByteBuffer@7acd6f6f[p=0,l=0,c=17408,r=0]={<<<>>>\x00\x00\x00\x00\x00\x00\x00\x00\x00...\x00\x00\x00\x00\x00\x00\x00} appBuffer=HeapByteBuffer@7acd6f6f[p=0,l=0,c=17408,r=0]={<<<>>>\x00\x00\x00\x00\x00\x00\x00\x00\x00...\x00\x00\x00\x00\x00\x00\x00}
02:56:41.985 [qtp782228073-62] DEBUG org.eclipse.jetty.io.ssl.SslConnection - fill NEED_TASK
02:56:42.003 [qtp782228073-62] DEBUG org.eclipse.jetty.io.ssl.SslConnection - fill NEED_WRAP
02:56:42.003 [qtp782228073-62] DEBUG org.eclipse.jetty.io.ssl.SslConnection - >flush SslConnection@7ffb8daf::SocketChannelEndPoint@175342bc{l=/127.0.0.1:40197,r=/127.0.0.1:33972,OPEN,fill=-,flush=-,to=18/30000}{io=0/0,kio=0,kro=1}->SslConnection@7ffb8daf{NEED_WRAP,eio=0/-1,di=-1,fill=IDLE,flush=IDLE}~>DecryptedEndPoint@693baa12{l=/127.0.0.1:40197,r=/127.0.0.1:33972,OPEN,fill=-,flush=-,to=21/30000}=>HttpConnection@2d1a0bb0[p=HttpParser{s=START,0 of -1},g=HttpGenerator@4b24d378{s=START}]=>HttpChannelOverHttp@58a9b41d{s=HttpChannelState@55624b16{s=IDLE rs=BLOCKING os=OPEN is=IDLE awp=false se=false i=true al=0},r=0,c=false/false,a=IDLE,uri=null,age=0}
02:56:42.003 [qtp782228073-62] DEBUG org.eclipse.jetty.io.ssl.SslConnection - flush b[0]=HeapByteBuffer@58f161d6[p=0,l=0,c=0,r=0]={<<<>>>}
02:56:42.003 [qtp782228073-62] DEBUG org.eclipse.jetty.io.ssl.SslConnection - flush NEED_WRAP
02:56:42.003 [qtp782228073-62] DEBUG org.eclipse.jetty.io.ssl.SslConnection - wrap Status = OK HandshakeStatus = NEED_WRAP bytesConsumed = 0 bytesProduced = 160 [p=0,l=160,c=17408,r=160] ioDone=false/false
02:56:42.003 [qtp782228073-62] DEBUG org.eclipse.jetty.io.ChannelEndPoint - flushed 160 SocketChannelEndPoint@175342bc{l=/127.0.0.1:40197,r=/127.0.0.1:33972,OPEN,fill=-,flush=-,to=18/30000}{io=0/0,kio=0,kro=1}->SslConnection@7ffb8daf{NEED_WRAP,eio=0/0,di=-1,fill=IDLE,flush=IDLE}~>DecryptedEndPoint@693baa12{l=/127.0.0.1:40197,r=/127.0.0.1:33972,OPEN,fill=-,flush=-,to=22/30000}=>HttpConnection@2d1a0bb0[p=HttpParser{s=START,0 of -1},g=HttpGenerator@4b24d378{s=START}]=>HttpChannelOverHttp@58a9b41d{s=HttpChannelState@55624b16{s=IDLE rs=BLOCKING os=OPEN is=IDLE awp=false se=false i=true al=0},r=0,c=false/false,a=IDLE,uri=null,age=0}
02:56:42.004 [qtp782228073-62] DEBUG org.eclipse.jetty.io.ssl.SslConnection - net flushed=true, ac=true
02:56:42.004 [qtp782228073-62] DEBUG org.eclipse.jetty.io.ssl.SslConnection - flush NEED_WRAP
02:56:42.004 [qtp782228073-62] DEBUG org.eclipse.jetty.io.ssl.SslConnection - wrap Status = OK HandshakeStatus = NEED_WRAP bytesConsumed = 0 bytesProduced = 6 [p=0,l=6,c=17408,r=6] ioDone=false/false
02:56:42.004 [qtp782228073-62] DEBUG org.eclipse.jetty.io.ChannelEndPoint - flushed 6 SocketChannelEndPoint@175342bc{l=/127.0.0.1:40197,r=/127.0.0.1:33972,OPEN,fill=-,flush=-,to=0/30000}{io=0/0,kio=0,kro=1}->SslConnection@7ffb8daf{NEED_WRAP,eio=0/0,di=-1,fill=IDLE,flush=IDLE}~>DecryptedEndPoint@693baa12{l=/127.0.0.1:40197,r=/127.0.0.1:33972,OPEN,fill=-,flush=-,to=22/30000}=>HttpConnection@2d1a0bb0[p=HttpParser{s=START,0 of -1},g=HttpGenerator@4b24d378{s=START}]=>HttpChannelOverHttp@58a9b41d{s=HttpChannelState@55624b16{s=IDLE rs=BLOCKING os=OPEN is=IDLE awp=false se=false i=true al=0},r=0,c=false/false,a=IDLE,uri=null,age=0}
02:56:42.004 [qtp782228073-62] DEBUG org.eclipse.jetty.io.ssl.SslConnection - net flushed=true, ac=true
02:56:42.004 [qtp782228073-62] DEBUG org.eclipse.jetty.io.ssl.SslConnection - flush NEED_WRAP
02:56:42.004 [qtp782228073-62] DEBUG org.eclipse.jetty.io.ssl.SslConnection - wrap Status = OK HandshakeStatus = NEED_UNWRAP bytesConsumed = 0 bytesProduced = 1597 [p=0,l=1597,c=17408,r=1597] ioDone=false/false
02:56:42.004 [qtp782228073-62] DEBUG org.eclipse.jetty.io.ChannelEndPoint - flushed 1597 SocketChannelEndPoint@175342bc{l=/127.0.0.1:40197,r=/127.0.0.1:33972,OPEN,fill=-,flush=-,to=0/30000}{io=0/0,kio=0,kro=1}->SslConnection@7ffb8daf{NEED_UNWRAP,eio=0/0,di=-1,fill=IDLE,flush=IDLE}~>DecryptedEndPoint@693baa12{l=/127.0.0.1:40197,r=/127.0.0.1:33972,OPEN,fill=-,flush=-,to=23/30000}=>HttpConnection@2d1a0bb0[p=HttpParser{s=START,0 of -1},g=HttpGenerator@4b24d378{s=START}]=>HttpChannelOverHttp@58a9b41d{s=HttpChannelState@55624b16{s=IDLE rs=BLOCKING os=OPEN is=IDLE awp=false se=false i=true al=0},r=0,c=false/false,a=IDLE,uri=null,age=0}
02:56:42.004 [qtp782228073-62] DEBUG org.eclipse.jetty.io.ssl.SslConnection - net flushed=true, ac=true
02:56:42.005 [qtp782228073-62] DEBUG org.eclipse.jetty.io.ssl.SslConnection - <flush true SslConnection@7ffb8daf::SocketChannelEndPoint@175342bc{l=/127.0.0.1:40197,r=/127.0.0.1:33972,OPEN,fill=-,flush=-,to=0/30000}{io=0/0,kio=0,kro=1}->SslConnection@7ffb8daf{NEED_UNWRAP,eio=0/-1,di=-1,fill=IDLE,flush=IDLE}~>DecryptedEndPoint@693baa12{l=/127.0.0.1:40197,r=/127.0.0.1:33972,OPEN,fill=-,flush=-,to=23/30000}=>HttpConnection@2d1a0bb0[p=HttpParser{s=START,0 of -1},g=HttpGenerator@4b24d378{s=START}]=>HttpChannelOverHttp@58a9b41d{s=HttpChannelState@55624b16{s=IDLE rs=BLOCKING os=OPEN is=IDLE awp=false se=false i=true al=0},r=0,c=false/false,a=IDLE,uri=null,age=0}
02:56:42.005 [qtp782228073-62] DEBUG org.eclipse.jetty.io.ssl.SslConnection - fill NEED_UNWRAP
02:56:42.005 [qtp782228073-62] DEBUG org.eclipse.jetty.io.ChannelEndPoint - filled 0 HeapByteBuffer@740a9f9e[p=0,l=0,c=17408,r=0]={<<<>>>\x16\x03\x03\x01N\x01\x00\x01J...\x00\x00\x00\x00\x00\x00\x00}
02:56:42.005 [qtp782228073-62] DEBUG org.eclipse.jetty.io.ssl.SslConnection - net filled=0
02:56:42.005 [qtp782228073-62] DEBUG org.eclipse.jetty.io.ssl.SslConnection - unwrap net_filled=0 Status = BUFFER_UNDERFLOW HandshakeStatus = NEED_UNWRAP bytesConsumed = 0 bytesProduced = 0 encryptedBuffer=[p=0,l=0,c=17408,r=0] unwrapBuffer=HeapByteBuffer@7acd6f6f[p=0,l=0,c=17408,r=0]={<<<>>>\x00\x00\x00\x00\x00\x00\x00\x00\x00...\x00\x00\x00\x00\x00\x00\x00} appBuffer=HeapByteBuffer@7acd6f6f[p=0,l=0,c=17408,r=0]={<<<>>>\x00\x00\x00\x00\x00\x00\x00\x00\x00...\x00\x00\x00\x00\x00\x00\x00}
02:56:42.005 [qtp782228073-62] DEBUG org.eclipse.jetty.io.ssl.SslConnection - <fill f=0 uf=true SslConnection@7ffb8daf::SocketChannelEndPoint@175342bc{l=/127.0.0.1:40197,r=/127.0.0.1:33972,OPEN,fill=-,flush=-,to=0/30000}{io=0/0,kio=0,kro=1}->SslConnection@7ffb8daf{NEED_UNWRAP,eio=-1/-1,di=-1,fill=IDLE,flush=IDLE}~>DecryptedEndPoint@693baa12{l=/127.0.0.1:40197,r=/127.0.0.1:33972,OPEN,fill=-,flush=-,to=23/30000}=>HttpConnection@2d1a0bb0[p=HttpParser{s=START,0 of -1},g=HttpGenerator@4b24d378{s=START}]=>HttpChannelOverHttp@58a9b41d{s=HttpChannelState@55624b16{s=IDLE rs=BLOCKING os=OPEN is=IDLE awp=false se=false i=true al=0},r=0,c=false/false,a=IDLE,uri=null,age=0}
02:56:42.005 [qtp782228073-62] DEBUG org.eclipse.jetty.io.ssl.SslConnection - >fill SslConnection@7ffb8daf::SocketChannelEndPoint@175342bc{l=/127.0.0.1:40197,r=/127.0.0.1:33972,OPEN,fill=-,flush=-,to=0/30000}{io=0/0,kio=0,kro=1}->SslConnection@7ffb8daf{NEED_UNWRAP,eio=-1/-1,di=-1,fill=IDLE,flush=IDLE}~>DecryptedEndPoint@693baa12{l=/127.0.0.1:40197,r=/127.0.0.1:33972,OPEN,fill=-,flush=-,to=24/30000}=>HttpConnection@2d1a0bb0[p=HttpParser{s=START,0 of -1},g=HttpGenerator@4b24d378{s=START}]=>HttpChannelOverHttp@58a9b41d{s=HttpChannelState@55624b16{s=IDLE rs=BLOCKING os=OPEN is=IDLE awp=false se=false i=true al=0},r=0,c=false/false,a=IDLE,uri=null,age=0}
02:56:42.005 [qtp782228073-62] DEBUG org.eclipse.jetty.io.ssl.SslConnection - fill NEED_UNWRAP
02:56:42.005 [qtp782228073-62] DEBUG org.eclipse.jetty.io.ChannelEndPoint - filled 0 HeapByteBuffer@1b26ebdb[p=0,l=0,c=17408,r=0]={<<<>>>\x17\x03\x03\x068\x7f<x\xE9...\x00\x00\x00\x00\x00\x00\x00}
02:56:42.005 [qtp782228073-62] DEBUG org.eclipse.jetty.io.ssl.SslConnection - net filled=0
02:56:42.005 [qtp782228073-62] DEBUG org.eclipse.jetty.io.ssl.SslConnection - unwrap net_filled=0 Status = BUFFER_UNDERFLOW HandshakeStatus = NEED_UNWRAP bytesConsumed = 0 bytesProduced = 0 encryptedBuffer=[p=0,l=0,c=17408,r=0] unwrapBuffer=HeapByteBuffer@7acd6f6f[p=0,l=0,c=17408,r=0]={<<<>>>\x00\x00\x00\x00\x00\x00\x00\x00\x00...\x00\x00\x00\x00\x00\x00\x00} appBuffer=HeapByteBuffer@7acd6f6f[p=0,l=0,c=17408,r=0]={<<<>>>\x00\x00\x00\x00\x00\x00\x00\x00\x00...\x00\x00\x00\x00\x00\x00\x00}
02:56:42.006 [qtp782228073-62] DEBUG org.eclipse.jetty.io.ssl.SslConnection - <fill f=0 uf=true SslConnection@7ffb8daf::SocketChannelEndPoint@175342bc{l=/127.0.0.1:40197,r=/127.0.0.1:33972,OPEN,fill=-,flush=-,to=0/30000}{io=0/0,kio=0,kro=1}->SslConnection@7ffb8daf{NEED_UNWRAP,eio=-1/-1,di=-1,fill=IDLE,flush=IDLE}~>DecryptedEndPoint@693baa12{l=/127.0.0.1:40197,r=/127.0.0.1:33972,OPEN,fill=-,flush=-,to=24/30000}=>HttpConnection@2d1a0bb0[p=HttpParser{s=START,0 of -1},g=HttpGenerator@4b24d378{s=START}]=>HttpChannelOverHttp@58a9b41d{s=HttpChannelState@55624b16{s=IDLE rs=BLOCKING os=OPEN is=IDLE awp=false se=false i=true al=0},r=0,c=false/false,a=IDLE,uri=null,age=0}
02:56:42.006 [qtp782228073-62] DEBUG org.eclipse.jetty.server.HttpConnection - HttpConnection@2d1a0bb0::DecryptedEndPoint@693baa12{l=/127.0.0.1:40197,r=/127.0.0.1:33972,OPEN,fill=-,flush=-,to=24/30000} filled 0 HeapByteBuffer@7acd6f6f[p=0,l=0,c=17408,r=0]={<<<>>>\x00\x00\x00\x00\x00\x00\x00\x00\x00...\x00\x00\x00\x00\x00\x00\x00}
02:56:42.006 [qtp782228073-62] DEBUG org.eclipse.jetty.server.HttpConnection - HttpConnection@2d1a0bb0::DecryptedEndPoint@693baa12{l=/127.0.0.1:40197,r=/127.0.0.1:33972,OPEN,fill=-,flush=-,to=24/30000} parse HeapByteBuffer@7acd6f6f[p=0,l=0,c=17408,r=0]={<<<>>>\x00\x00\x00\x00\x00\x00\x00\x00\x00...\x00\x00\x00\x00\x00\x00\x00} {}
02:56:42.006 [qtp782228073-62] DEBUG org.eclipse.jetty.http.HttpParser - parseNext s=START HeapByteBuffer@7acd6f6f[p=0,l=0,c=17408,r=0]={<<<>>>\x00\x00\x00\x00\x00\x00\x00\x00\x00...\x00\x00\x00\x00\x00\x00\x00}
02:56:42.006 [qtp782228073-62] DEBUG org.eclipse.jetty.server.HttpConnection - HttpConnection@2d1a0bb0::DecryptedEndPoint@693baa12{l=/127.0.0.1:40197,r=/127.0.0.1:33972,OPEN,fill=-,flush=-,to=24/30000} parsed false HttpParser{s=START,0 of -1}
02:56:42.006 [qtp782228073-62] DEBUG org.eclipse.jetty.server.HttpConnection - releaseRequestBuffer HttpConnection@2d1a0bb0::DecryptedEndPoint@693baa12{l=/127.0.0.1:40197,r=/127.0.0.1:33972,OPEN,fill=-,flush=-,to=24/30000}
02:56:42.006 [qtp782228073-62] DEBUG org.eclipse.jetty.io.AbstractConnection - fillInterested HttpConnection@2d1a0bb0::DecryptedEndPoint@693baa12{l=/127.0.0.1:40197,r=/127.0.0.1:33972,OPEN,fill=-,flush=-,to=24/30000}
02:56:42.006 [qtp782228073-62] DEBUG org.eclipse.jetty.io.FillInterest - interested FillInterest@361e0627{AC.ReadCB@2d1a0bb0{HttpConnection@2d1a0bb0::DecryptedEndPoint@693baa12{l=/127.0.0.1:40197,r=/127.0.0.1:33972,OPEN,fill=FI,flush=-,to=0/30000}}}
02:56:42.006 [qtp782228073-62] DEBUG org.eclipse.jetty.io.ssl.SslConnection - >needFillInterest s=IDLE/IDLE uf=true ei=null di=null SslConnection@7ffb8daf::SocketChannelEndPoint@175342bc{l=/127.0.0.1:40197,r=/127.0.0.1:33972,OPEN,fill=-,flush=-,to=1/30000}{io=0/0,kio=0,kro=1}->SslConnection@7ffb8daf{NEED_UNWRAP,eio=-1/-1,di=-1,fill=IDLE,flush=IDLE}~>DecryptedEndPoint@693baa12{l=/127.0.0.1:40197,r=/127.0.0.1:33972,OPEN,fill=FI,flush=-,to=0/30000}=>HttpConnection@2d1a0bb0[p=HttpParser{s=START,0 of -1},g=HttpGenerator@4b24d378{s=START}]=>HttpChannelOverHttp@58a9b41d{s=HttpChannelState@55624b16{s=IDLE rs=BLOCKING os=OPEN is=IDLE awp=false se=false i=true al=0},r=0,c=false/false,a=IDLE,uri=null,age=0}
02:56:42.006 [qtp782228073-62] DEBUG org.eclipse.jetty.io.ssl.SslConnection - <needFillInterest s=IDLE/INTERESTED f=false i=true w=null
02:56:42.006 [qtp782228073-62] DEBUG org.eclipse.jetty.io.ssl.SslConnection - ensureFillInterested SslConnection@7ffb8daf::SocketChannelEndPoint@175342bc{l=/127.0.0.1:40197,r=/127.0.0.1:33972,OPEN,fill=-,flush=-,to=1/30000}{io=0/0,kio=0,kro=1}->SslConnection@7ffb8daf{NEED_UNWRAP,eio=-1/-1,di=-1,fill=INTERESTED,flush=IDLE}~>DecryptedEndPoint@693baa12{l=/127.0.0.1:40197,r=/127.0.0.1:33972,OPEN,fill=FI,flush=-,to=0/30000}=>HttpConnection@2d1a0bb0[p=HttpParser{s=START,0 of -1},g=HttpGenerator@4b24d378{s=START}]=>HttpChannelOverHttp@58a9b41d{s=HttpChannelState@55624b16{s=IDLE rs=BLOCKING os=OPEN is=IDLE awp=false se=false i=true al=0},r=0,c=false/false,a=IDLE,uri=null,age=0}
02:56:42.006 [qtp782228073-62] DEBUG org.eclipse.jetty.io.FillInterest - interested FillInterest@3cc8176d{SSLC.NBReadCB@7ffb8daf{SslConnection@7ffb8daf::SocketChannelEndPoint@175342bc{l=/127.0.0.1:40197,r=/127.0.0.1:33972,OPEN,fill=FI,flush=-,to=0/30000}{io=0/0,kio=0,kro=1}->SslConnection@7ffb8daf{NEED_UNWRAP,eio=-1/-1,di=-1,fill=INTERESTED,flush=IDLE}~>DecryptedEndPoint@693baa12{l=/127.0.0.1:40197,r=/127.0.0.1:33972,OPEN,fill=FI,flush=-,to=0/30000}=>HttpConnection@2d1a0bb0[p=HttpParser{s=START,0 of -1},g=HttpGenerator@4b24d378{s=START}]=>HttpChannelOverHttp@58a9b41d{s=HttpChannelState@55624b16{s=IDLE rs=BLOCKING os=OPEN is=IDLE awp=false se=false i=true al=0},r=0,c=false/false,a=IDLE,uri=null,age=0}}}
02:56:42.007 [qtp782228073-62] DEBUG org.eclipse.jetty.io.ChannelEndPoint - changeInterests p=false 0->1 for SocketChannelEndPoint@175342bc{l=/127.0.0.1:40197,r=/127.0.0.1:33972,OPEN,fill=FI,flush=-,to=0/30000}{io=0/1,kio=0,kro=1}->SslConnection@7ffb8daf{NEED_UNWRAP,eio=-1/-1,di=-1,fill=INTERESTED,flush=IDLE}~>DecryptedEndPoint@693baa12{l=/127.0.0.1:40197,r=/127.0.0.1:33972,OPEN,fill=FI,flush=-,to=0/30000}=>HttpConnection@2d1a0bb0[p=HttpParser{s=START,0 of -1},g=HttpGenerator@4b24d378{s=START}]=>HttpChannelOverHttp@58a9b41d{s=HttpChannelState@55624b16{s=IDLE rs=BLOCKING os=OPEN is=IDLE awp=false se=false i=true al=0},r=0,c=false/false,a=IDLE,uri=null,age=0}
02:56:42.007 [qtp782228073-62] DEBUG org.eclipse.jetty.io.ManagedSelector - Queued change lazy=false org.eclipse.jetty.io.ChannelEndPoint$$Lambda$255/899789472@1ffd63ae on ManagedSelector@696f0212{STARTED} id=1 keys=1 selected=0 updates=0
02:56:42.007 [qtp782228073-62] DEBUG org.eclipse.jetty.io.ManagedSelector - Wakeup on submit ManagedSelector@696f0212{STARTED} id=1 keys=1 selected=0 updates=1
02:56:42.007 [qtp782228073-55] DEBUG org.eclipse.jetty.io.ManagedSelector - Selector sun.nio.ch.EPollSelectorImpl@1b822cc6 woken with none selected
02:56:42.007 [qtp782228073-62] DEBUG org.eclipse.jetty.server.HttpConnection - HttpConnection@2d1a0bb0::DecryptedEndPoint@693baa12{l=/127.0.0.1:40197,r=/127.0.0.1:33972,OPEN,fill=FI,flush=-,to=0/30000} onFillable exit HttpChannelState@55624b16{s=IDLE rs=BLOCKING os=OPEN is=IDLE awp=false se=false i=true al=0} null
02:56:42.007 [qtp782228073-55] DEBUG org.eclipse.jetty.io.ManagedSelector - Selector sun.nio.ch.EPollSelectorImpl@1b822cc6 woken up from select, 0/0/1 selected
02:56:42.007 [qtp782228073-55] DEBUG org.eclipse.jetty.io.ManagedSelector - Selector sun.nio.ch.EPollSelectorImpl@1b822cc6 processing 0 keys, 1 updates
02:56:42.007 [qtp782228073-55] DEBUG org.eclipse.jetty.io.ManagedSelector - updateable 1
02:56:42.007 [qtp782228073-55] DEBUG org.eclipse.jetty.io.ManagedSelector - update org.eclipse.jetty.io.ChannelEndPoint$$Lambda$255/899789472@1ffd63ae
02:56:42.007 [qtp782228073-62] DEBUG org.eclipse.jetty.io.ssl.SslConnection - <c.onFillable SslConnection@7ffb8daf::SocketChannelEndPoint@175342bc{l=/127.0.0.1:40197,r=/127.0.0.1:33972,OPEN,fill=FI,flush=-,to=0/30000}{io=0/1,kio=0,kro=1}->SslConnection@7ffb8daf{NEED_UNWRAP,eio=-1/-1,di=-1,fill=INTERESTED,flush=IDLE}~>DecryptedEndPoint@693baa12{l=/127.0.0.1:40197,r=/127.0.0.1:33972,OPEN,fill=FI,flush=-,to=0/30000}=>HttpConnection@2d1a0bb0[p=HttpParser{s=START,0 of -1},g=HttpGenerator@4b24d378{s=START}]=>HttpChannelOverHttp@58a9b41d{s=HttpChannelState@55624b16{s=IDLE rs=BLOCKING os=OPEN is=IDLE awp=false se=false i=true al=0},r=0,c=false/false,a=IDLE,uri=null,age=0}
02:56:42.007 [qtp782228073-55] DEBUG org.eclipse.jetty.io.ChannelEndPoint - Key interests updated 0 -> 1 on SocketChannelEndPoint@175342bc{l=/127.0.0.1:40197,r=/127.0.0.1:33972,OPEN,fill=FI,flush=-,to=0/30000}{io=1/1,kio=1,kro=1}->SslConnection@7ffb8daf{NEED_UNWRAP,eio=-1/-1,di=-1,fill=INTERESTED,flush=IDLE}~>DecryptedEndPoint@693baa12{l=/127.0.0.1:40197,r=/127.0.0.1:33972,OPEN,fill=FI,flush=-,to=1/30000}=>HttpConnection@2d1a0bb0[p=HttpParser{s=START,0 of -1},g=HttpGenerator@4b24d378{s=START}]=>HttpChannelOverHttp@58a9b41d{s=HttpChannelState@55624b16{s=IDLE rs=BLOCKING os=OPEN is=IDLE awp=false se=false i=true al=0},r=0,c=false/false,a=IDLE,uri=null,age=0}
02:56:42.007 [qtp782228073-55] DEBUG org.eclipse.jetty.io.ManagedSelector - updates 0
02:56:42.007 [qtp782228073-62] DEBUG org.eclipse.jetty.util.thread.QueuedThreadPool - ran CEP:SocketChannelEndPoint@175342bc{l=/127.0.0.1:40197,r=/127.0.0.1:33972,OPEN,fill=FI,flush=-,to=0/30000}{io=1/1,kio=1,kro=1}->SslConnection@7ffb8daf{NEED_UNWRAP,eio=-1/-1,di=-1,fill=INTERESTED,flush=IDLE}~>DecryptedEndPoint@693baa12{l=/127.0.0.1:40197,r=/127.0.0.1:33972,OPEN,fill=FI,flush=-,to=1/30000}=>HttpConnection@2d1a0bb0[p=HttpParser{s=START,0 of -1},g=HttpGenerator@4b24d378{s=START}]=>HttpChannelOverHttp@58a9b41d{s=HttpChannelState@55624b16{s=IDLE rs=BLOCKING os=OPEN is=IDLE awp=false se=false i=true al=0},r=0,c=false/false,a=IDLE,uri=null,age=0}:runFillable:BLOCKING in QueuedThreadPool[qtp782228073]@2e9fda69{STARTED,8<=8<=200,i=1,r=-1,q=0}[ReservedThreadExecutor@47a5b70d{reserved=1/8,pending=0}]
02:56:42.007 [qtp782228073-55] DEBUG org.eclipse.jetty.io.ManagedSelector - Selector sun.nio.ch.EPollSelectorImpl@1b822cc6 waiting with 1 keys
02:56:42.007 [qtp782228073-55] DEBUG org.eclipse.jetty.io.ManagedSelector - Selector sun.nio.ch.EPollSelectorImpl@1b822cc6 woken up from select, 1/1/1 selected
02:56:42.007 [qtp782228073-55] DEBUG org.eclipse.jetty.io.ManagedSelector - Selector sun.nio.ch.EPollSelectorImpl@1b822cc6 processing 1 keys, 0 updates
02:56:42.008 [qtp782228073-55] DEBUG org.eclipse.jetty.io.ManagedSelector - selected 1 sun.nio.ch.SelectionKeyImpl@1545d1c6 SocketChannelEndPoint@175342bc{l=/127.0.0.1:40197,r=/127.0.0.1:33972,OPEN,fill=FI,flush=-,to=1/30000}{io=1/1,kio=1,kro=1}->SslConnection@7ffb8daf{NEED_UNWRAP,eio=-1/-1,di=-1,fill=INTERESTED,flush=IDLE}~>DecryptedEndPoint@693baa12{l=/127.0.0.1:40197,r=/127.0.0.1:33972,OPEN,fill=FI,flush=-,to=1/30000}=>HttpConnection@2d1a0bb0[p=HttpParser{s=START,0 of -1},g=HttpGenerator@4b24d378{s=START}]=>HttpChannelOverHttp@58a9b41d{s=HttpChannelState@55624b16{s=IDLE rs=BLOCKING os=OPEN is=IDLE awp=false se=false i=true al=0},r=0,c=false/false,a=IDLE,uri=null,age=0} 
02:56:42.008 [qtp782228073-55] DEBUG org.eclipse.jetty.io.ChannelEndPoint - onSelected 1->0 r=true w=false for SocketChannelEndPoint@175342bc{l=/127.0.0.1:40197,r=/127.0.0.1:33972,OPEN,fill=FI,flush=-,to=1/30000}{io=1/0,kio=1,kro=1}->SslConnection@7ffb8daf{NEED_UNWRAP,eio=-1/-1,di=-1,fill=INTERESTED,flush=IDLE}~>DecryptedEndPoint@693baa12{l=/127.0.0.1:40197,r=/127.0.0.1:33972,OPEN,fill=FI,flush=-,to=1/30000}=>HttpConnection@2d1a0bb0[p=HttpParser{s=START,0 of -1},g=HttpGenerator@4b24d378{s=START}]=>HttpChannelOverHttp@58a9b41d{s=HttpChannelState@55624b16{s=IDLE rs=BLOCKING os=OPEN is=IDLE awp=false se=false i=true al=0},r=0,c=false/false,a=IDLE,uri=null,age=0}
02:56:42.008 [qtp782228073-55] DEBUG org.eclipse.jetty.io.ChannelEndPoint - task CEP:SocketChannelEndPoint@175342bc{l=/127.0.0.1:40197,r=/127.0.0.1:33972,OPEN,fill=FI,flush=-,to=1/30000}{io=1/0,kio=1,kro=1}->SslConnection@7ffb8daf{NEED_UNWRAP,eio=-1/-1,di=-1,fill=INTERESTED,flush=IDLE}~>DecryptedEndPoint@693baa12{l=/127.0.0.1:40197,r=/127.0.0.1:33972,OPEN,fill=FI,flush=-,to=1/30000}=>HttpConnection@2d1a0bb0[p=HttpParser{s=START,0 of -1},g=HttpGenerator@4b24d378{s=START}]=>HttpChannelOverHttp@58a9b41d{s=HttpChannelState@55624b16{s=IDLE rs=BLOCKING os=OPEN is=IDLE awp=false se=false i=true al=0},r=0,c=false/false,a=IDLE,uri=null,age=0}:runFillable:BLOCKING
02:56:42.008 [qtp782228073-55] DEBUG org.eclipse.jetty.util.thread.ReservedThreadExecutor - ReservedThreadExecutor@47a5b70d{reserved=1/8,pending=0} tryExecute EatWhatYouKill@4e70a728/SelectorProducer@b7838a9/PRODUCING/p=false/QueuedThreadPool[qtp782228073]@2e9fda69{STARTED,8<=8<=200,i=2,r=-1,q=0}[ReservedThreadExecutor@47a5b70d{reserved=1/8,pending=0}][pc=0,pic=0,pec=1,epc=0]@2024-05-02T02:56:42.008+01:00
02:56:42.008 [qtp782228073-55] DEBUG org.eclipse.jetty.util.thread.ReservedThreadExecutor - ReservedThreadExecutor@47a5b70d{reserved=0/8,pending=1} startReservedThread p=1
02:56:42.008 [qtp782228073-55] DEBUG org.eclipse.jetty.util.thread.QueuedThreadPool - queue ReservedThread@5478dbfd{PENDING,thread=null} startThread=0
02:56:42.008 [qtp782228073-60] DEBUG org.eclipse.jetty.util.thread.QueuedThreadPool - run ReservedThread@5478dbfd{PENDING,thread=null} in QueuedThreadPool[qtp782228073]@2e9fda69{STARTED,8<=8<=200,i=1,r=-1,q=0}[ReservedThreadExecutor@47a5b70d{reserved=0/8,pending=1}]
02:56:42.009 [qtp782228073-60] DEBUG org.eclipse.jetty.util.thread.ReservedThreadExecutor - ReservedThread@5478dbfd{PENDING,thread=Thread[qtp782228073-60,5,main]} was=PENDING next=RESERVED size=0+1 capacity=8
02:56:42.009 [qtp782228073-60] DEBUG org.eclipse.jetty.util.thread.ReservedThreadExecutor - ReservedThread@5478dbfd{RESERVED,thread=Thread[qtp782228073-60,5,main]} waiting ReservedThreadExecutor@47a5b70d{reserved=1/8,pending=0}
02:56:42.009 [qtp782228073-55] DEBUG org.eclipse.jetty.util.thread.strategy.EatWhatYouKill - EatWhatYouKill@4e70a728/SelectorProducer@b7838a9/IDLE/p=true/QueuedThreadPool[qtp782228073]@2e9fda69{STARTED,8<=8<=200,i=1,r=-1,q=0}[ReservedThreadExecutor@47a5b70d{reserved=0/8,pending=1}][pc=0,pic=0,pec=1,epc=0]@2024-05-02T02:56:42.008+01:00 m=EXECUTE_PRODUCE_CONSUME t=CEP:SocketChannelEndPoint@175342bc{l=/127.0.0.1:40197,r=/127.0.0.1:33972,OPEN,fill=FI,flush=-,to=2/30000}{io=1/0,kio=1,kro=1}->SslConnection@7ffb8daf{NEED_UNWRAP,eio=-1/-1,di=-1,fill=INTERESTED,flush=IDLE}~>DecryptedEndPoint@693baa12{l=/127.0.0.1:40197,r=/127.0.0.1:33972,OPEN,fill=FI,flush=-,to=2/30000}=>HttpConnection@2d1a0bb0[p=HttpParser{s=START,0 of -1},g=HttpGenerator@4b24d378{s=START}]=>HttpChannelOverHttp@58a9b41d{s=HttpChannelState@55624b16{s=IDLE rs=BLOCKING os=OPEN is=IDLE awp=false se=false i=true al=0},r=0,c=false/false,a=IDLE,uri=null,age=0}:runFillable:BLOCKING/BLOCKING
02:56:42.009 [qtp782228073-61] DEBUG org.eclipse.jetty.util.thread.ReservedThreadExecutor - ReservedThread@117a47b6{RESERVED,thread=Thread[qtp782228073-61,5,main]} task=EatWhatYouKill@4e70a728/SelectorProducer@b7838a9/IDLE/p=true/QueuedThreadPool[qtp782228073]@2e9fda69{STARTED,8<=8<=200,i=1,r=-1,q=0}[ReservedThreadExecutor@47a5b70d{reserved=1/8,pending=0}][pc=0,pic=0,pec=1,epc=0]@2024-05-02T02:56:42.009+01:00 ReservedThreadExecutor@47a5b70d{reserved=1/8,pending=0}
02:56:42.009 [qtp782228073-61] DEBUG org.eclipse.jetty.util.thread.strategy.EatWhatYouKill - EatWhatYouKill@4e70a728/SelectorProducer@b7838a9/IDLE/p=true/QueuedThreadPool[qtp782228073]@2e9fda69{STARTED,8<=8<=200,i=1,r=-1,q=0}[ReservedThreadExecutor@47a5b70d{reserved=1/8,pending=0}][pc=0,pic=0,pec=1,epc=1]@2024-05-02T02:56:42.009+01:00 tryProduce true
02:56:42.009 [qtp782228073-55] DEBUG org.eclipse.jetty.io.FillInterest - fillable FillInterest@3cc8176d{SSLC.NBReadCB@7ffb8daf{SslConnection@7ffb8daf::SocketChannelEndPoint@175342bc{l=/127.0.0.1:40197,r=/127.0.0.1:33972,OPEN,fill=FI,flush=-,to=2/30000}{io=1/0,kio=1,kro=1}->SslConnection@7ffb8daf{NEED_UNWRAP,eio=-1/-1,di=-1,fill=INTERESTED,flush=IDLE}~>DecryptedEndPoint@693baa12{l=/127.0.0.1:40197,r=/127.0.0.1:33972,OPEN,fill=FI,flush=-,to=2/30000}=>HttpConnection@2d1a0bb0[p=HttpParser{s=START,0 of -1},g=HttpGenerator@4b24d378{s=START}]=>HttpChannelOverHttp@58a9b41d{s=HttpChannelState@55624b16{s=IDLE rs=BLOCKING os=OPEN is=IDLE awp=false se=false i=true al=0},r=0,c=false/false,a=IDLE,uri=null,age=0}}}
02:56:42.009 [qtp782228073-61] DEBUG org.eclipse.jetty.io.ManagedSelector - updateable 0
02:56:42.009 [qtp782228073-61] DEBUG org.eclipse.jetty.io.ManagedSelector - updates 0
02:56:42.009 [qtp782228073-55] DEBUG org.eclipse.jetty.io.ssl.SslConnection - >c.onFillable SslConnection@7ffb8daf::SocketChannelEndPoint@175342bc{l=/127.0.0.1:40197,r=/127.0.0.1:33972,OPEN,fill=-,flush=-,to=2/30000}{io=1/0,kio=1,kro=1}->SslConnection@7ffb8daf{NEED_UNWRAP,eio=-1/-1,di=-1,fill=INTERESTED,flush=IDLE}~>DecryptedEndPoint@693baa12{l=/127.0.0.1:40197,r=/127.0.0.1:33972,OPEN,fill=FI,flush=-,to=2/30000}=>HttpConnection@2d1a0bb0[p=HttpParser{s=START,0 of -1},g=HttpGenerator@4b24d378{s=START}]=>HttpChannelOverHttp@58a9b41d{s=HttpChannelState@55624b16{s=IDLE rs=BLOCKING os=OPEN is=IDLE awp=false se=false i=true al=0},r=0,c=false/false,a=IDLE,uri=null,age=0}
02:56:42.009 [qtp782228073-61] DEBUG org.eclipse.jetty.io.ChannelEndPoint - Key interests updated 1 -> 0 on SocketChannelEndPoint@175342bc{l=/127.0.0.1:40197,r=/127.0.0.1:33972,OPEN,fill=-,flush=-,to=2/30000}{io=0/0,kio=0,kro=1}->SslConnection@7ffb8daf{NEED_UNWRAP,eio=-1/-1,di=-1,fill=INTERESTED,flush=IDLE}~>DecryptedEndPoint@693baa12{l=/127.0.0.1:40197,r=/127.0.0.1:33972,OPEN,fill=FI,flush=-,to=3/30000}=>HttpConnection@2d1a0bb0[p=HttpParser{s=START,0 of -1},g=HttpGenerator@4b24d378{s=START}]=>HttpChannelOverHttp@58a9b41d{s=HttpChannelState@55624b16{s=IDLE rs=BLOCKING os=OPEN is=IDLE awp=false se=false i=true al=0},r=0,c=false/false,a=IDLE,uri=null,age=0}
02:56:42.009 [qtp782228073-55] DEBUG org.eclipse.jetty.io.ssl.SslConnection - onFillable SslConnection@7ffb8daf::SocketChannelEndPoint@175342bc{l=/127.0.0.1:40197,r=/127.0.0.1:33972,OPEN,fill=-,flush=-,to=2/30000}{io=0/0,kio=0,kro=1}->SslConnection@7ffb8daf{NEED_UNWRAP,eio=-1/-1,di=-1,fill=INTERESTED,flush=IDLE}~>DecryptedEndPoint@693baa12{l=/127.0.0.1:40197,r=/127.0.0.1:33972,OPEN,fill=FI,flush=-,to=3/30000}=>HttpConnection@2d1a0bb0[p=HttpParser{s=START,0 of -1},g=HttpGenerator@4b24d378{s=START}]=>HttpChannelOverHttp@58a9b41d{s=HttpChannelState@55624b16{s=IDLE rs=BLOCKING os=OPEN is=IDLE awp=false se=false i=true al=0},r=0,c=false/false,a=IDLE,uri=null,age=0}
02:56:42.009 [qtp782228073-61] DEBUG org.eclipse.jetty.io.ManagedSelector - Selector sun.nio.ch.EPollSelectorImpl@1b822cc6 waiting with 1 keys
02:56:42.009 [qtp782228073-55] DEBUG org.eclipse.jetty.io.FillInterest - fillable FillInterest@361e0627{AC.ReadCB@2d1a0bb0{HttpConnection@2d1a0bb0::DecryptedEndPoint@693baa12{l=/127.0.0.1:40197,r=/127.0.0.1:33972,OPEN,fill=FI,flush=-,to=3/30000}}}
02:56:42.010 [qtp782228073-55] DEBUG org.eclipse.jetty.server.HttpConnection - HttpConnection@2d1a0bb0::DecryptedEndPoint@693baa12{l=/127.0.0.1:40197,r=/127.0.0.1:33972,OPEN,fill=-,flush=-,to=3/30000} onFillable enter HttpChannelState@55624b16{s=IDLE rs=BLOCKING os=OPEN is=IDLE awp=false se=false i=true al=0} null
02:56:42.010 [qtp782228073-55] DEBUG org.eclipse.jetty.io.ssl.SslConnection - >fill SslConnection@7ffb8daf::SocketChannelEndPoint@175342bc{l=/127.0.0.1:40197,r=/127.0.0.1:33972,OPEN,fill=-,flush=-,to=3/30000}{io=0/0,kio=0,kro=1}->SslConnection@7ffb8daf{NEED_UNWRAP,eio=-1/-1,di=-1,fill=IDLE,flush=IDLE}~>DecryptedEndPoint@693baa12{l=/127.0.0.1:40197,r=/127.0.0.1:33972,OPEN,fill=-,flush=-,to=3/30000}=>HttpConnection@2d1a0bb0[p=HttpParser{s=START,0 of -1},g=HttpGenerator@4b24d378{s=START}]=>HttpChannelOverHttp@58a9b41d{s=HttpChannelState@55624b16{s=IDLE rs=BLOCKING os=OPEN is=IDLE awp=false se=false i=true al=0},r=0,c=false/false,a=IDLE,uri=null,age=0}
02:56:42.010 [qtp782228073-55] DEBUG org.eclipse.jetty.io.ssl.SslConnection - fill NEED_UNWRAP
02:56:42.010 [qtp782228073-55] DEBUG org.eclipse.jetty.io.ChannelEndPoint - filled 6 HeapByteBuffer@1b26ebdb[p=0,l=6,c=17408,r=6]={<<<\x14\x03\x03\x00\x01\x01>>><x\xE9?\x03\x88\x13X\xDe...\x00\x00\x00\x00\x00\x00\x00}
02:56:42.010 [qtp782228073-55] DEBUG org.eclipse.jetty.io.ssl.SslConnection - net filled=6
02:56:42.010 [qtp782228073-55] DEBUG org.eclipse.jetty.io.ssl.SslConnection - unwrap net_filled=6 Status = OK HandshakeStatus = NEED_UNWRAP bytesConsumed = 6 bytesProduced = 0 encryptedBuffer=[p=6,l=6,c=17408,r=0] unwrapBuffer=HeapByteBuffer@740a9f9e[p=0,l=0,c=17408,r=0]={<<<>>>\x16\x03\x03\x01N\x01\x00\x01J...\x00\x00\x00\x00\x00\x00\x00} appBuffer=HeapByteBuffer@740a9f9e[p=0,l=0,c=17408,r=0]={<<<>>>\x16\x03\x03\x01N\x01\x00\x01J...\x00\x00\x00\x00\x00\x00\x00}
02:56:42.011 [qtp782228073-55] DEBUG org.eclipse.jetty.io.ssl.SslConnection - fill NEED_UNWRAP
02:56:42.011 [qtp782228073-55] DEBUG org.eclipse.jetty.io.ChannelEndPoint - filled 0 HeapByteBuffer@1b26ebdb[p=0,l=0,c=17408,r=0]={<<<>>>\x14\x03\x03\x00\x01\x01<x\xE9...\x00\x00\x00\x00\x00\x00\x00}
02:56:42.011 [qtp782228073-55] DEBUG org.eclipse.jetty.io.ssl.SslConnection - net filled=0
02:56:42.011 [qtp782228073-55] DEBUG org.eclipse.jetty.io.ssl.SslConnection - unwrap net_filled=0 Status = BUFFER_UNDERFLOW HandshakeStatus = NEED_UNWRAP bytesConsumed = 0 bytesProduced = 0 encryptedBuffer=[p=0,l=0,c=17408,r=0] unwrapBuffer=HeapByteBuffer@740a9f9e[p=0,l=0,c=17408,r=0]={<<<>>>\x16\x03\x03\x01N\x01\x00\x01J...\x00\x00\x00\x00\x00\x00\x00} appBuffer=HeapByteBuffer@740a9f9e[p=0,l=0,c=17408,r=0]={<<<>>>\x16\x03\x03\x01N\x01\x00\x01J...\x00\x00\x00\x00\x00\x00\x00}
02:56:42.011 [qtp782228073-55] DEBUG org.eclipse.jetty.io.ssl.SslConnection - <fill f=0 uf=true SslConnection@7ffb8daf::SocketChannelEndPoint@175342bc{l=/127.0.0.1:40197,r=/127.0.0.1:33972,OPEN,fill=-,flush=-,to=0/30000}{io=0/0,kio=0,kro=1}->SslConnection@7ffb8daf{NEED_UNWRAP,eio=-1/-1,di=-1,fill=IDLE,flush=IDLE}~>DecryptedEndPoint@693baa12{l=/127.0.0.1:40197,r=/127.0.0.1:33972,OPEN,fill=-,flush=-,to=4/30000}=>HttpConnection@2d1a0bb0[p=HttpParser{s=START,0 of -1},g=HttpGenerator@4b24d378{s=START}]=>HttpChannelOverHttp@58a9b41d{s=HttpChannelState@55624b16{s=IDLE rs=BLOCKING os=OPEN is=IDLE awp=false se=false i=true al=0},r=0,c=false/false,a=IDLE,uri=null,age=0}
02:56:42.011 [qtp782228073-55] DEBUG org.eclipse.jetty.io.ssl.SslConnection - >fill SslConnection@7ffb8daf::SocketChannelEndPoint@175342bc{l=/127.0.0.1:40197,r=/127.0.0.1:33972,OPEN,fill=-,flush=-,to=0/30000}{io=0/0,kio=0,kro=1}->SslConnection@7ffb8daf{NEED_UNWRAP,eio=-1/-1,di=-1,fill=IDLE,flush=IDLE}~>DecryptedEndPoint@693baa12{l=/127.0.0.1:40197,r=/127.0.0.1:33972,OPEN,fill=-,flush=-,to=4/30000}=>HttpConnection@2d1a0bb0[p=HttpParser{s=START,0 of -1},g=HttpGenerator@4b24d378{s=START}]=>HttpChannelOverHttp@58a9b41d{s=HttpChannelState@55624b16{s=IDLE rs=BLOCKING os=OPEN is=IDLE awp=false se=false i=true al=0},r=0,c=false/false,a=IDLE,uri=null,age=0}
02:56:42.011 [qtp782228073-55] DEBUG org.eclipse.jetty.io.ssl.SslConnection - fill NEED_UNWRAP
02:56:42.011 [qtp782228073-55] DEBUG org.eclipse.jetty.io.ChannelEndPoint - filled 0 HeapByteBuffer@7acd6f6f[p=0,l=0,c=17408,r=0]={<<<>>>\x00\x00\x00\x00\x00\x00\x00\x00\x00...\x00\x00\x00\x00\x00\x00\x00}
02:56:42.011 [qtp782228073-55] DEBUG org.eclipse.jetty.io.ssl.SslConnection - net filled=0
02:56:42.011 [qtp782228073-55] DEBUG org.eclipse.jetty.io.ssl.SslConnection - unwrap net_filled=0 Status = BUFFER_UNDERFLOW HandshakeStatus = NEED_UNWRAP bytesConsumed = 0 bytesProduced = 0 encryptedBuffer=[p=0,l=0,c=17408,r=0] unwrapBuffer=HeapByteBuffer@740a9f9e[p=0,l=0,c=17408,r=0]={<<<>>>\x16\x03\x03\x01N\x01\x00\x01J...\x00\x00\x00\x00\x00\x00\x00} appBuffer=HeapByteBuffer@740a9f9e[p=0,l=0,c=17408,r=0]={<<<>>>\x16\x03\x03\x01N\x01\x00\x01J...\x00\x00\x00\x00\x00\x00\x00}
02:56:42.011 [qtp782228073-55] DEBUG org.eclipse.jetty.io.ssl.SslConnection - <fill f=0 uf=true SslConnection@7ffb8daf::SocketChannelEndPoint@175342bc{l=/127.0.0.1:40197,r=/127.0.0.1:33972,OPEN,fill=-,flush=-,to=0/30000}{io=0/0,kio=0,kro=1}->SslConnection@7ffb8daf{NEED_UNWRAP,eio=-1/-1,di=-1,fill=IDLE,flush=IDLE}~>DecryptedEndPoint@693baa12{l=/127.0.0.1:40197,r=/127.0.0.1:33972,OPEN,fill=-,flush=-,to=5/30000}=>HttpConnection@2d1a0bb0[p=HttpParser{s=START,0 of -1},g=HttpGenerator@4b24d378{s=START}]=>HttpChannelOverHttp@58a9b41d{s=HttpChannelState@55624b16{s=IDLE rs=BLOCKING os=OPEN is=IDLE awp=false se=false i=true al=0},r=0,c=false/false,a=IDLE,uri=null,age=0}
02:56:42.011 [qtp782228073-55] DEBUG org.eclipse.jetty.server.HttpConnection - HttpConnection@2d1a0bb0::DecryptedEndPoint@693baa12{l=/127.0.0.1:40197,r=/127.0.0.1:33972,OPEN,fill=-,flush=-,to=5/30000} filled 0 HeapByteBuffer@740a9f9e[p=0,l=0,c=17408,r=0]={<<<>>>\x16\x03\x03\x01N\x01\x00\x01J...\x00\x00\x00\x00\x00\x00\x00}
02:56:42.011 [qtp782228073-55] DEBUG org.eclipse.jetty.server.HttpConnection - HttpConnection@2d1a0bb0::DecryptedEndPoint@693baa12{l=/127.0.0.1:40197,r=/127.0.0.1:33972,OPEN,fill=-,flush=-,to=5/30000} parse HeapByteBuffer@740a9f9e[p=0,l=0,c=17408,r=0]={<<<>>>\x16\x03\x03\x01N\x01\x00\x01J...\x00\x00\x00\x00\x00\x00\x00} {}
02:56:42.011 [qtp782228073-55] DEBUG org.eclipse.jetty.http.HttpParser - parseNext s=START HeapByteBuffer@740a9f9e[p=0,l=0,c=17408,r=0]={<<<>>>\x16\x03\x03\x01N\x01\x00\x01J...\x00\x00\x00\x00\x00\x00\x00}
02:56:42.011 [qtp782228073-55] DEBUG org.eclipse.jetty.server.HttpConnection - HttpConnection@2d1a0bb0::DecryptedEndPoint@693baa12{l=/127.0.0.1:40197,r=/127.0.0.1:33972,OPEN,fill=-,flush=-,to=5/30000} parsed false HttpParser{s=START,0 of -1}
02:56:42.012 [qtp782228073-55] DEBUG org.eclipse.jetty.server.HttpConnection - releaseRequestBuffer HttpConnection@2d1a0bb0::DecryptedEndPoint@693baa12{l=/127.0.0.1:40197,r=/127.0.0.1:33972,OPEN,fill=-,flush=-,to=5/30000}
02:56:42.012 [qtp782228073-55] DEBUG org.eclipse.jetty.io.AbstractConnection - fillInterested HttpConnection@2d1a0bb0::DecryptedEndPoint@693baa12{l=/127.0.0.1:40197,r=/127.0.0.1:33972,OPEN,fill=-,flush=-,to=5/30000}
02:56:42.012 [qtp782228073-55] DEBUG org.eclipse.jetty.io.FillInterest - interested FillInterest@361e0627{AC.ReadCB@2d1a0bb0{HttpConnection@2d1a0bb0::DecryptedEndPoint@693baa12{l=/127.0.0.1:40197,r=/127.0.0.1:33972,OPEN,fill=FI,flush=-,to=0/30000}}}
02:56:42.012 [qtp782228073-55] DEBUG org.eclipse.jetty.io.ssl.SslConnection - >needFillInterest s=IDLE/IDLE uf=true ei=null di=null SslConnection@7ffb8daf::SocketChannelEndPoint@175342bc{l=/127.0.0.1:40197,r=/127.0.0.1:33972,OPEN,fill=-,flush=-,to=1/30000}{io=0/0,kio=0,kro=1}->SslConnection@7ffb8daf{NEED_UNWRAP,eio=-1/-1,di=-1,fill=IDLE,flush=IDLE}~>DecryptedEndPoint@693baa12{l=/127.0.0.1:40197,r=/127.0.0.1:33972,OPEN,fill=FI,flush=-,to=0/30000}=>HttpConnection@2d1a0bb0[p=HttpParser{s=START,0 of -1},g=HttpGenerator@4b24d378{s=START}]=>HttpChannelOverHttp@58a9b41d{s=HttpChannelState@55624b16{s=IDLE rs=BLOCKING os=OPEN is=IDLE awp=false se=false i=true al=0},r=0,c=false/false,a=IDLE,uri=null,age=0}
02:56:42.012 [qtp782228073-55] DEBUG org.eclipse.jetty.io.ssl.SslConnection - <needFillInterest s=IDLE/INTERESTED f=false i=true w=null
02:56:42.012 [qtp782228073-55] DEBUG org.eclipse.jetty.io.ssl.SslConnection - ensureFillInterested SslConnection@7ffb8daf::SocketChannelEndPoint@175342bc{l=/127.0.0.1:40197,r=/127.0.0.1:33972,OPEN,fill=-,flush=-,to=1/30000}{io=0/0,kio=0,kro=1}->SslConnection@7ffb8daf{NEED_UNWRAP,eio=-1/-1,di=-1,fill=INTERESTED,flush=IDLE}~>DecryptedEndPoint@693baa12{l=/127.0.0.1:40197,r=/127.0.0.1:33972,OPEN,fill=FI,flush=-,to=0/30000}=>HttpConnection@2d1a0bb0[p=HttpParser{s=START,0 of -1},g=HttpGenerator@4b24d378{s=START}]=>HttpChannelOverHttp@58a9b41d{s=HttpChannelState@55624b16{s=IDLE rs=BLOCKING os=OPEN is=IDLE awp=false se=false i=true al=0},r=0,c=false/false,a=IDLE,uri=null,age=0}
02:56:42.012 [qtp782228073-55] DEBUG org.eclipse.jetty.io.FillInterest - interested FillInterest@3cc8176d{SSLC.NBReadCB@7ffb8daf{SslConnection@7ffb8daf::SocketChannelEndPoint@175342bc{l=/127.0.0.1:40197,r=/127.0.0.1:33972,OPEN,fill=FI,flush=-,to=0/30000}{io=0/0,kio=0,kro=1}->SslConnection@7ffb8daf{NEED_UNWRAP,eio=-1/-1,di=-1,fill=INTERESTED,flush=IDLE}~>DecryptedEndPoint@693baa12{l=/127.0.0.1:40197,r=/127.0.0.1:33972,OPEN,fill=FI,flush=-,to=0/30000}=>HttpConnection@2d1a0bb0[p=HttpParser{s=START,0 of -1},g=HttpGenerator@4b24d378{s=START}]=>HttpChannelOverHttp@58a9b41d{s=HttpChannelState@55624b16{s=IDLE rs=BLOCKING os=OPEN is=IDLE awp=false se=false i=true al=0},r=0,c=false/false,a=IDLE,uri=null,age=0}}}
02:56:42.012 [qtp782228073-55] DEBUG org.eclipse.jetty.io.ChannelEndPoint - changeInterests p=false 0->1 for SocketChannelEndPoint@175342bc{l=/127.0.0.1:40197,r=/127.0.0.1:33972,OPEN,fill=FI,flush=-,to=0/30000}{io=0/1,kio=0,kro=1}->SslConnection@7ffb8daf{NEED_UNWRAP,eio=-1/-1,di=-1,fill=INTERESTED,flush=IDLE}~>DecryptedEndPoint@693baa12{l=/127.0.0.1:40197,r=/127.0.0.1:33972,OPEN,fill=FI,flush=-,to=0/30000}=>HttpConnection@2d1a0bb0[p=HttpParser{s=START,0 of -1},g=HttpGenerator@4b24d378{s=START}]=>HttpChannelOverHttp@58a9b41d{s=HttpChannelState@55624b16{s=IDLE rs=BLOCKING os=OPEN is=IDLE awp=false se=false i=true al=0},r=0,c=false/false,a=IDLE,uri=null,age=0}
02:56:42.012 [qtp782228073-55] DEBUG org.eclipse.jetty.io.ManagedSelector - Queued change lazy=false org.eclipse.jetty.io.ChannelEndPoint$$Lambda$255/899789472@1ffd63ae on ManagedSelector@696f0212{STARTED} id=1 keys=1 selected=0 updates=0
02:56:42.012 [qtp782228073-55] DEBUG org.eclipse.jetty.io.ManagedSelector - Wakeup on submit ManagedSelector@696f0212{STARTED} id=1 keys=1 selected=0 updates=1
02:56:42.012 [qtp782228073-61] DEBUG org.eclipse.jetty.io.ManagedSelector - Selector sun.nio.ch.EPollSelectorImpl@1b822cc6 woken with none selected
02:56:42.012 [qtp782228073-55] DEBUG org.eclipse.jetty.server.HttpConnection - HttpConnection@2d1a0bb0::DecryptedEndPoint@693baa12{l=/127.0.0.1:40197,r=/127.0.0.1:33972,OPEN,fill=FI,flush=-,to=0/30000} onFillable exit HttpChannelState@55624b16{s=IDLE rs=BLOCKING os=OPEN is=IDLE awp=false se=false i=true al=0} null
02:56:42.012 [qtp782228073-61] DEBUG org.eclipse.jetty.io.ManagedSelector - Selector sun.nio.ch.EPollSelectorImpl@1b822cc6 woken up from select, 0/0/1 selected
02:56:42.012 [qtp782228073-61] DEBUG org.eclipse.jetty.io.ManagedSelector - Selector sun.nio.ch.EPollSelectorImpl@1b822cc6 processing 0 keys, 1 updates
02:56:42.012 [qtp782228073-61] DEBUG org.eclipse.jetty.io.ManagedSelector - updateable 1
02:56:42.013 [qtp782228073-61] DEBUG org.eclipse.jetty.io.ManagedSelector - update org.eclipse.jetty.io.ChannelEndPoint$$Lambda$255/899789472@1ffd63ae
02:56:42.013 [qtp782228073-55] DEBUG org.eclipse.jetty.io.ssl.SslConnection - <c.onFillable SslConnection@7ffb8daf::SocketChannelEndPoint@175342bc{l=/127.0.0.1:40197,r=/127.0.0.1:33972,OPEN,fill=FI,flush=-,to=0/30000}{io=0/1,kio=0,kro=1}->SslConnection@7ffb8daf{NEED_UNWRAP,eio=-1/-1,di=-1,fill=INTERESTED,flush=IDLE}~>DecryptedEndPoint@693baa12{l=/127.0.0.1:40197,r=/127.0.0.1:33972,OPEN,fill=FI,flush=-,to=0/30000}=>HttpConnection@2d1a0bb0[p=HttpParser{s=START,0 of -1},g=HttpGenerator@4b24d378{s=START}]=>HttpChannelOverHttp@58a9b41d{s=HttpChannelState@55624b16{s=IDLE rs=BLOCKING os=OPEN is=IDLE awp=false se=false i=true al=0},r=0,c=false/false,a=IDLE,uri=null,age=0}
02:56:42.013 [qtp782228073-55] DEBUG org.eclipse.jetty.util.thread.QueuedThreadPool - ran org.eclipse.jetty.io.ManagedSelector$$Lambda$253/838473569@4c4748bf in QueuedThreadPool[qtp782228073]@2e9fda69{STARTED,8<=8<=200,i=1,r=-1,q=0}[ReservedThreadExecutor@47a5b70d{reserved=1/8,pending=0}]
02:56:42.013 [qtp782228073-61] DEBUG org.eclipse.jetty.io.ChannelEndPoint - Key interests updated 0 -> 1 on SocketChannelEndPoint@175342bc{l=/127.0.0.1:40197,r=/127.0.0.1:33972,OPEN,fill=FI,flush=-,to=0/30000}{io=1/1,kio=1,kro=1}->SslConnection@7ffb8daf{NEED_UNWRAP,eio=-1/-1,di=-1,fill=INTERESTED,flush=IDLE}~>DecryptedEndPoint@693baa12{l=/127.0.0.1:40197,r=/127.0.0.1:33972,OPEN,fill=FI,flush=-,to=0/30000}=>HttpConnection@2d1a0bb0[p=HttpParser{s=START,0 of -1},g=HttpGenerator@4b24d378{s=START}]=>HttpChannelOverHttp@58a9b41d{s=HttpChannelState@55624b16{s=IDLE rs=BLOCKING os=OPEN is=IDLE awp=false se=false i=true al=0},r=0,c=false/false,a=IDLE,uri=null,age=0}
02:56:42.013 [qtp782228073-61] DEBUG org.eclipse.jetty.io.ManagedSelector - updates 0
02:56:42.013 [qtp782228073-61] DEBUG org.eclipse.jetty.io.ManagedSelector - Selector sun.nio.ch.EPollSelectorImpl@1b822cc6 waiting with 1 keys
02:56:42.049 [qtp782228073-61] DEBUG org.eclipse.jetty.io.ManagedSelector - Selector sun.nio.ch.EPollSelectorImpl@1b822cc6 woken up from select, 1/1/1 selected
02:56:42.049 [qtp782228073-61] DEBUG org.eclipse.jetty.io.ManagedSelector - Selector sun.nio.ch.EPollSelectorImpl@1b822cc6 processing 1 keys, 0 updates
02:56:42.049 [qtp782228073-61] DEBUG org.eclipse.jetty.io.ManagedSelector - selected 1 sun.nio.ch.SelectionKeyImpl@1545d1c6 SocketChannelEndPoint@175342bc{l=/127.0.0.1:40197,r=/127.0.0.1:33972,OPEN,fill=FI,flush=-,to=36/30000}{io=1/1,kio=1,kro=1}->SslConnection@7ffb8daf{NEED_UNWRAP,eio=-1/-1,di=-1,fill=INTERESTED,flush=IDLE}~>DecryptedEndPoint@693baa12{l=/127.0.0.1:40197,r=/127.0.0.1:33972,OPEN,fill=FI,flush=-,to=37/30000}=>HttpConnection@2d1a0bb0[p=HttpParser{s=START,0 of -1},g=HttpGenerator@4b24d378{s=START}]=>HttpChannelOverHttp@58a9b41d{s=HttpChannelState@55624b16{s=IDLE rs=BLOCKING os=OPEN is=IDLE awp=false se=false i=true al=0},r=0,c=false/false,a=IDLE,uri=null,age=0} 
02:56:42.049 [qtp782228073-61] DEBUG org.eclipse.jetty.io.ChannelEndPoint - onSelected 1->0 r=true w=false for SocketChannelEndPoint@175342bc{l=/127.0.0.1:40197,r=/127.0.0.1:33972,OPEN,fill=FI,flush=-,to=37/30000}{io=1/0,kio=1,kro=1}->SslConnection@7ffb8daf{NEED_UNWRAP,eio=-1/-1,di=-1,fill=INTERESTED,flush=IDLE}~>DecryptedEndPoint@693baa12{l=/127.0.0.1:40197,r=/127.0.0.1:33972,OPEN,fill=FI,flush=-,to=37/30000}=>HttpConnection@2d1a0bb0[p=HttpParser{s=START,0 of -1},g=HttpGenerator@4b24d378{s=START}]=>HttpChannelOverHttp@58a9b41d{s=HttpChannelState@55624b16{s=IDLE rs=BLOCKING os=OPEN is=IDLE awp=false se=false i=true al=0},r=0,c=false/false,a=IDLE,uri=null,age=0}
02:56:42.049 [qtp782228073-61] DEBUG org.eclipse.jetty.io.ChannelEndPoint - task CEP:SocketChannelEndPoint@175342bc{l=/127.0.0.1:40197,r=/127.0.0.1:33972,OPEN,fill=FI,flush=-,to=37/30000}{io=1/0,kio=1,kro=1}->SslConnection@7ffb8daf{NEED_UNWRAP,eio=-1/-1,di=-1,fill=INTERESTED,flush=IDLE}~>DecryptedEndPoint@693baa12{l=/127.0.0.1:40197,r=/127.0.0.1:33972,OPEN,fill=FI,flush=-,to=37/30000}=>HttpConnection@2d1a0bb0[p=HttpParser{s=START,0 of -1},g=HttpGenerator@4b24d378{s=START}]=>HttpChannelOverHttp@58a9b41d{s=HttpChannelState@55624b16{s=IDLE rs=BLOCKING os=OPEN is=IDLE awp=false se=false i=true al=0},r=0,c=false/false,a=IDLE,uri=null,age=0}:runFillable:BLOCKING
02:56:42.049 [qtp782228073-61] DEBUG org.eclipse.jetty.util.thread.ReservedThreadExecutor - ReservedThreadExecutor@47a5b70d{reserved=1/8,pending=0} tryExecute EatWhatYouKill@4e70a728/SelectorProducer@b7838a9/PRODUCING/p=false/QueuedThreadPool[qtp782228073]@2e9fda69{STARTED,8<=8<=200,i=2,r=-1,q=0}[ReservedThreadExecutor@47a5b70d{reserved=1/8,pending=0}][pc=0,pic=0,pec=1,epc=1]@2024-05-02T02:56:42.049+01:00
02:56:42.049 [qtp782228073-61] DEBUG org.eclipse.jetty.util.thread.ReservedThreadExecutor - ReservedThreadExecutor@47a5b70d{reserved=0/8,pending=1} startReservedThread p=1
02:56:42.049 [qtp782228073-61] DEBUG org.eclipse.jetty.util.thread.QueuedThreadPool - queue ReservedThread@404ae0d7{PENDING,thread=null} startThread=0
02:56:42.049 [qtp782228073-62] DEBUG org.eclipse.jetty.util.thread.QueuedThreadPool - run ReservedThread@404ae0d7{PENDING,thread=null} in QueuedThreadPool[qtp782228073]@2e9fda69{STARTED,8<=8<=200,i=1,r=-1,q=0}[ReservedThreadExecutor@47a5b70d{reserved=0/8,pending=1}]
02:56:42.050 [qtp782228073-62] DEBUG org.eclipse.jetty.util.thread.ReservedThreadExecutor - ReservedThread@404ae0d7{PENDING,thread=Thread[qtp782228073-62,5,main]} was=PENDING next=RESERVED size=0+1 capacity=8
02:56:42.050 [qtp782228073-60] DEBUG org.eclipse.jetty.util.thread.ReservedThreadExecutor - ReservedThread@5478dbfd{RESERVED,thread=Thread[qtp782228073-60,5,main]} task=EatWhatYouKill@4e70a728/SelectorProducer@b7838a9/IDLE/p=true/QueuedThreadPool[qtp782228073]@2e9fda69{STARTED,8<=8<=200,i=1,r=-1,q=0}[ReservedThreadExecutor@47a5b70d{reserved=0/8,pending=1}][pc=0,pic=0,pec=1,epc=1]@2024-05-02T02:56:42.049+01:00 ReservedThreadExecutor@47a5b70d{reserved=1/8,pending=0}
02:56:42.050 [qtp782228073-62] DEBUG org.eclipse.jetty.util.thread.ReservedThreadExecutor - ReservedThread@404ae0d7{RESERVED,thread=Thread[qtp782228073-62,5,main]} waiting ReservedThreadExecutor@47a5b70d{reserved=1/8,pending=0}
02:56:42.050 [qtp782228073-60] DEBUG org.eclipse.jetty.util.thread.strategy.EatWhatYouKill - EatWhatYouKill@4e70a728/SelectorProducer@b7838a9/IDLE/p=true/QueuedThreadPool[qtp782228073]@2e9fda69{STARTED,8<=8<=200,i=1,r=-1,q=0}[ReservedThreadExecutor@47a5b70d{reserved=1/8,pending=0}][pc=0,pic=0,pec=1,epc=1]@2024-05-02T02:56:42.05+01:00 tryProduce true
02:56:42.050 [qtp782228073-60] DEBUG org.eclipse.jetty.io.ManagedSelector - updateable 0
02:56:42.050 [qtp782228073-61] DEBUG org.eclipse.jetty.util.thread.strategy.EatWhatYouKill - EatWhatYouKill@4e70a728/SelectorProducer@b7838a9/IDLE/p=true/QueuedThreadPool[qtp782228073]@2e9fda69{STARTED,8<=8<=200,i=1,r=-1,q=0}[ReservedThreadExecutor@47a5b70d{reserved=1/8,pending=0}][pc=0,pic=0,pec=1,epc=1]@2024-05-02T02:56:42.05+01:00 m=EXECUTE_PRODUCE_CONSUME t=CEP:SocketChannelEndPoint@175342bc{l=/127.0.0.1:40197,r=/127.0.0.1:33972,OPEN,fill=FI,flush=-,to=37/30000}{io=1/0,kio=1,kro=1}->SslConnection@7ffb8daf{NEED_UNWRAP,eio=-1/-1,di=-1,fill=INTERESTED,flush=IDLE}~>DecryptedEndPoint@693baa12{l=/127.0.0.1:40197,r=/127.0.0.1:33972,OPEN,fill=FI,flush=-,to=38/30000}=>HttpConnection@2d1a0bb0[p=HttpParser{s=START,0 of -1},g=HttpGenerator@4b24d378{s=START}]=>HttpChannelOverHttp@58a9b41d{s=HttpChannelState@55624b16{s=IDLE rs=BLOCKING os=OPEN is=IDLE awp=false se=false i=true al=0},r=0,c=false/false,a=IDLE,uri=null,age=0}:runFillable:BLOCKING/BLOCKING
02:56:42.050 [qtp782228073-60] DEBUG org.eclipse.jetty.io.ManagedSelector - updates 0
02:56:42.050 [qtp782228073-61] DEBUG org.eclipse.jetty.io.FillInterest - fillable FillInterest@3cc8176d{SSLC.NBReadCB@7ffb8daf{SslConnection@7ffb8daf::SocketChannelEndPoint@175342bc{l=/127.0.0.1:40197,r=/127.0.0.1:33972,OPEN,fill=FI,flush=-,to=37/30000}{io=1/0,kio=1,kro=1}->SslConnection@7ffb8daf{NEED_UNWRAP,eio=-1/-1,di=-1,fill=INTERESTED,flush=IDLE}~>DecryptedEndPoint@693baa12{l=/127.0.0.1:40197,r=/127.0.0.1:33972,OPEN,fill=FI,flush=-,to=38/30000}=>HttpConnection@2d1a0bb0[p=HttpParser{s=START,0 of -1},g=HttpGenerator@4b24d378{s=START}]=>HttpChannelOverHttp@58a9b41d{s=HttpChannelState@55624b16{s=IDLE rs=BLOCKING os=OPEN is=IDLE awp=false se=false i=true al=0},r=0,c=false/false,a=IDLE,uri=null,age=0}}}
02:56:42.050 [qtp782228073-60] DEBUG org.eclipse.jetty.io.ChannelEndPoint - Key interests updated 1 -> 0 on SocketChannelEndPoint@175342bc{l=/127.0.0.1:40197,r=/127.0.0.1:33972,OPEN,fill=FI,flush=-,to=37/30000}{io=0/0,kio=0,kro=1}->SslConnection@7ffb8daf{NEED_UNWRAP,eio=-1/-1,di=-1,fill=INTERESTED,flush=IDLE}~>DecryptedEndPoint@693baa12{l=/127.0.0.1:40197,r=/127.0.0.1:33972,OPEN,fill=FI,flush=-,to=38/30000}=>HttpConnection@2d1a0bb0[p=HttpParser{s=START,0 of -1},g=HttpGenerator@4b24d378{s=START}]=>HttpChannelOverHttp@58a9b41d{s=HttpChannelState@55624b16{s=IDLE rs=BLOCKING os=OPEN is=IDLE awp=false se=false i=true al=0},r=0,c=false/false,a=IDLE,uri=null,age=0}
02:56:42.050 [qtp782228073-60] DEBUG org.eclipse.jetty.io.ManagedSelector - Selector sun.nio.ch.EPollSelectorImpl@1b822cc6 waiting with 1 keys
02:56:42.050 [qtp782228073-61] DEBUG org.eclipse.jetty.io.ssl.SslConnection - >c.onFillable SslConnection@7ffb8daf::SocketChannelEndPoint@175342bc{l=/127.0.0.1:40197,r=/127.0.0.1:33972,OPEN,fill=-,flush=-,to=37/30000}{io=0/0,kio=0,kro=1}->SslConnection@7ffb8daf{NEED_UNWRAP,eio=-1/-1,di=-1,fill=INTERESTED,flush=IDLE}~>DecryptedEndPoint@693baa12{l=/127.0.0.1:40197,r=/127.0.0.1:33972,OPEN,fill=FI,flush=-,to=38/30000}=>HttpConnection@2d1a0bb0[p=HttpParser{s=START,0 of -1},g=HttpGenerator@4b24d378{s=START}]=>HttpChannelOverHttp@58a9b41d{s=HttpChannelState@55624b16{s=IDLE rs=BLOCKING os=OPEN is=IDLE awp=false se=false i=true al=0},r=0,c=false/false,a=IDLE,uri=null,age=0}
02:56:42.050 [qtp782228073-61] DEBUG org.eclipse.jetty.io.ssl.SslConnection - onFillable SslConnection@7ffb8daf::SocketChannelEndPoint@175342bc{l=/127.0.0.1:40197,r=/127.0.0.1:33972,OPEN,fill=-,flush=-,to=38/30000}{io=0/0,kio=0,kro=1}->SslConnection@7ffb8daf{NEED_UNWRAP,eio=-1/-1,di=-1,fill=INTERESTED,flush=IDLE}~>DecryptedEndPoint@693baa12{l=/127.0.0.1:40197,r=/127.0.0.1:33972,OPEN,fill=FI,flush=-,to=38/30000}=>HttpConnection@2d1a0bb0[p=HttpParser{s=START,0 of -1},g=HttpGenerator@4b24d378{s=START}]=>HttpChannelOverHttp@58a9b41d{s=HttpChannelState@55624b16{s=IDLE rs=BLOCKING os=OPEN is=IDLE awp=false se=false i=true al=0},r=0,c=false/false,a=IDLE,uri=null,age=0}
02:56:42.050 [qtp782228073-61] DEBUG org.eclipse.jetty.io.FillInterest - fillable FillInterest@361e0627{AC.ReadCB@2d1a0bb0{HttpConnection@2d1a0bb0::DecryptedEndPoint@693baa12{l=/127.0.0.1:40197,r=/127.0.0.1:33972,OPEN,fill=FI,flush=-,to=38/30000}}}
02:56:42.050 [qtp782228073-61] DEBUG org.eclipse.jetty.server.HttpConnection - HttpConnection@2d1a0bb0::DecryptedEndPoint@693baa12{l=/127.0.0.1:40197,r=/127.0.0.1:33972,OPEN,fill=-,flush=-,to=38/30000} onFillable enter HttpChannelState@55624b16{s=IDLE rs=BLOCKING os=OPEN is=IDLE awp=false se=false i=true al=0} null
02:56:42.050 [qtp782228073-61] DEBUG org.eclipse.jetty.io.ssl.SslConnection - >fill SslConnection@7ffb8daf::SocketChannelEndPoint@175342bc{l=/127.0.0.1:40197,r=/127.0.0.1:33972,OPEN,fill=-,flush=-,to=38/30000}{io=0/0,kio=0,kro=1}->SslConnection@7ffb8daf{NEED_UNWRAP,eio=-1/-1,di=-1,fill=IDLE,flush=IDLE}~>DecryptedEndPoint@693baa12{l=/127.0.0.1:40197,r=/127.0.0.1:33972,OPEN,fill=-,flush=-,to=38/30000}=>HttpConnection@2d1a0bb0[p=HttpParser{s=START,0 of -1},g=HttpGenerator@4b24d378{s=START}]=>HttpChannelOverHttp@58a9b41d{s=HttpChannelState@55624b16{s=IDLE rs=BLOCKING os=OPEN is=IDLE awp=false se=false i=true al=0},r=0,c=false/false,a=IDLE,uri=null,age=0}
02:56:42.050 [qtp782228073-61] DEBUG org.eclipse.jetty.io.ssl.SslConnection - fill NEED_UNWRAP
02:56:42.051 [qtp782228073-61] DEBUG org.eclipse.jetty.io.ChannelEndPoint - filled 1501 HeapByteBuffer@7acd6f6f[p=0,l=1501,c=17408,r=1501]={<<<\x17\x03\x03\x03\xAd\x10GIiy>\xF8,j\x83\xA8\xCe\x1e\x00\x16\xDe\x1b\x167\x9b...\x1e\xAc\x8e\x9e\xF0\\*{\x0e\x9a\x1a\xD411\x18,\xC4\x8c2\xFcF\xAbW>>>\x00\x00\x00\x00\x00\x00\x00\x00\x00...\x00\x00\x00\x00\x00\x00\x00}
02:56:42.051 [qtp782228073-61] DEBUG org.eclipse.jetty.io.ssl.SslConnection - net filled=1501
02:56:42.051 [qtp782228073-61] DEBUG org.eclipse.jetty.io.ssl.SslConnection - unwrap net_filled=1501 Status = OK HandshakeStatus = NEED_TASK bytesConsumed = 946 bytesProduced = 0 encryptedBuffer=[p=946,l=1501,c=17408,r=555] unwrapBuffer=HeapByteBuffer@1b26ebdb[p=0,l=0,c=17408,r=0]={<<<>>>\x14\x03\x03\x00\x01\x01<x\xE9...\x00\x00\x00\x00\x00\x00\x00} appBuffer=HeapByteBuffer@1b26ebdb[p=0,l=0,c=17408,r=0]={<<<>>>\x14\x03\x03\x00\x01\x01<x\xE9...\x00\x00\x00\x00\x00\x00\x00}
02:56:42.051 [qtp782228073-61] DEBUG org.eclipse.jetty.io.ssl.SslConnection - fill NEED_TASK
02:56:42.052 [qtp782228073-61] DEBUG org.eclipse.jetty.io.ssl.SslConnection - fill NEED_UNWRAP
02:56:42.052 [qtp782228073-61] DEBUG org.eclipse.jetty.io.ChannelEndPoint - filled 0 HeapByteBuffer@7acd6f6f[p=946,l=1501,c=17408,r=555]={\x17\x03\x03\x03\xAd\x0b\x00\x03\x88...\xD7\xA5\x7f\xD5\xC5\xBfx<<<\x17\x03\x03\x01)\x16\xD9\n\x88W\x99\xE4\xD9\xDa\xC2\xF3+m\xC9\xB7\x04\xC6\xB1\xC1\x1d...\x1e\xAc\x8e\x9e\xF0\\*{\x0e\x9a\x1a\xD411\x18,\xC4\x8c2\xFcF\xAbW>>>\x00\x00\x00\x00\x00\x00\x00\x00\x00...\x00\x00\x00\x00\x00\x00\x00}
02:56:42.052 [qtp782228073-61] DEBUG org.eclipse.jetty.io.ssl.SslConnection - net filled=0
02:56:42.052 [qtp782228073-61] DEBUG org.eclipse.jetty.io.ssl.SslConnection - unwrap net_filled=0 Status = OK HandshakeStatus = NEED_TASK bytesConsumed = 302 bytesProduced = 0 encryptedBuffer=[p=1248,l=1501,c=17408,r=253] unwrapBuffer=HeapByteBuffer@1b26ebdb[p=0,l=0,c=17408,r=0]={<<<>>>\x14\x03\x03\x00\x01\x01<x\xE9...\x00\x00\x00\x00\x00\x00\x00} appBuffer=HeapByteBuffer@1b26ebdb[p=0,l=0,c=17408,r=0]={<<<>>>\x14\x03\x03\x00\x01\x01<x\xE9...\x00\x00\x00\x00\x00\x00\x00}
02:56:42.052 [qtp782228073-61] DEBUG org.eclipse.jetty.io.ssl.SslConnection - fill NEED_TASK
02:56:42.052 [qtp782228073-61] DEBUG org.eclipse.jetty.io.ssl.SslConnection - fill NEED_UNWRAP
02:56:42.052 [qtp782228073-61] DEBUG org.eclipse.jetty.io.ChannelEndPoint - filled 0 HeapByteBuffer@7acd6f6f[p=1248,l=1501,c=17408,r=253]={\x17\x03\x03\x03\xAd\x0b\x00\x03\x88...\xD4s\xF9/\xEfb3<<<\x17\x03\x03\x00U7<\xB4 \xCc\x8e$\x0eO \xC0\xDb\x84%{\xA2\xBa[\x96\xAa...\x1e\xAc\x8e\x9e\xF0\\*{\x0e\x9a\x1a\xD411\x18,\xC4\x8c2\xFcF\xAbW>>>\x00\x00\x00\x00\x00\x00\x00\x00\x00...\x00\x00\x00\x00\x00\x00\x00}
02:56:42.052 [qtp782228073-61] DEBUG org.eclipse.jetty.io.ssl.SslConnection - net filled=0
02:56:42.054 [qtp782228073-61] DEBUG org.eclipse.jetty.io.ssl.SslConnection - unwrap net_filled=0 Status = OK HandshakeStatus = NEED_WRAP bytesConsumed = 90 bytesProduced = 0 encryptedBuffer=[p=1338,l=1501,c=17408,r=163] unwrapBuffer=HeapByteBuffer@1b26ebdb[p=0,l=0,c=17408,r=0]={<<<>>>\x14\x03\x03\x00\x01\x01<x\xE9...\x00\x00\x00\x00\x00\x00\x00} appBuffer=HeapByteBuffer@1b26ebdb[p=0,l=0,c=17408,r=0]={<<<>>>\x14\x03\x03\x00\x01\x01<x\xE9...\x00\x00\x00\x00\x00\x00\x00}
02:56:42.054 [qtp782228073-61] DEBUG org.eclipse.jetty.io.ssl.SslConnection - fill NEED_WRAP
02:56:42.054 [qtp782228073-61] DEBUG org.eclipse.jetty.io.ssl.SslConnection - >flush SslConnection@7ffb8daf::SocketChannelEndPoint@175342bc{l=/127.0.0.1:40197,r=/127.0.0.1:33972,OPEN,fill=-,flush=-,to=3/30000}{io=0/0,kio=0,kro=1}->SslConnection@7ffb8daf{NEED_WRAP,eio=163/-1,di=-1,fill=IDLE,flush=IDLE}~>DecryptedEndPoint@693baa12{l=/127.0.0.1:40197,r=/127.0.0.1:33972,OPEN,fill=-,flush=-,to=42/30000}=>HttpConnection@2d1a0bb0[p=HttpParser{s=START,0 of -1},g=HttpGenerator@4b24d378{s=START}]=>HttpChannelOverHttp@58a9b41d{s=HttpChannelState@55624b16{s=IDLE rs=BLOCKING os=OPEN is=IDLE awp=false se=false i=true al=0},r=0,c=false/false,a=IDLE,uri=null,age=0}
02:56:42.054 [qtp782228073-61] DEBUG org.eclipse.jetty.io.ssl.SslConnection - flush b[0]=HeapByteBuffer@58f161d6[p=0,l=0,c=0,r=0]={<<<>>>}
02:56:42.054 [qtp782228073-61] DEBUG org.eclipse.jetty.io.ssl.SslConnection - flush NEED_WRAP
02:56:42.054 [qtp782228073-61] DEBUG org.eclipse.jetty.io.ssl.SslConnection - wrap Status = OK HandshakeStatus = FINISHED bytesConsumed = 0 bytesProduced = 88 [p=0,l=88,c=17408,r=88] ioDone=false/false
02:56:42.055 [qtp782228073-61] DEBUG org.eclipse.jetty.io.ChannelEndPoint - flushed 88 SocketChannelEndPoint@175342bc{l=/127.0.0.1:40197,r=/127.0.0.1:33972,OPEN,fill=-,flush=-,to=4/30000}{io=0/0,kio=0,kro=1}->SslConnection@7ffb8daf{NOT_HANDSHAKING,eio=163/0,di=-1,fill=IDLE,flush=IDLE}~>DecryptedEndPoint@693baa12{l=/127.0.0.1:40197,r=/127.0.0.1:33972,OPEN,fill=-,flush=-,to=42/30000}=>HttpConnection@2d1a0bb0[p=HttpParser{s=START,0 of -1},g=HttpGenerator@4b24d378{s=START}]=>HttpChannelOverHttp@58a9b41d{s=HttpChannelState@55624b16{s=IDLE rs=BLOCKING os=OPEN is=IDLE awp=false se=false i=true al=0},r=0,c=false/false,a=IDLE,uri=null,age=0}
02:56:42.055 [qtp782228073-61] DEBUG org.eclipse.jetty.io.ssl.SslConnection - net flushed=true, ac=true
02:56:42.055 [qtp782228073-61] DEBUG org.eclipse.jetty.io.ssl.SslConnection - handshake succeeded SslConnection@7ffb8daf::SocketChannelEndPoint@175342bc{l=/127.0.0.1:40197,r=/127.0.0.1:33972,OPEN,fill=-,flush=-,to=0/30000}{io=0/0,kio=0,kro=1}->SslConnection@7ffb8daf{NOT_HANDSHAKING,eio=163/0,di=-1,fill=IDLE,flush=IDLE}~>DecryptedEndPoint@693baa12{l=/127.0.0.1:40197,r=/127.0.0.1:33972,OPEN,fill=-,flush=-,to=43/30000}=>HttpConnection@2d1a0bb0[p=HttpParser{s=START,0 of -1},g=HttpGenerator@4b24d378{s=START}]=>HttpChannelOverHttp@58a9b41d{s=HttpChannelState@55624b16{s=IDLE rs=BLOCKING os=OPEN is=IDLE awp=false se=false i=true al=0},r=0,c=false/false,a=IDLE,uri=null,age=0} resumed server TLSv1.3/TLS_AES_256_GCM_SHA384
02:56:42.060 [qtp782228073-61] DEBUG org.eclipse.jetty.io.ssl.SslConnection - <flush true SslConnection@7ffb8daf::SocketChannelEndPoint@175342bc{l=/127.0.0.1:40197,r=/127.0.0.1:33972,OPEN,fill=-,flush=-,to=0/30000}{io=0/0,kio=0,kro=1}->SslConnection@7ffb8daf{NOT_HANDSHAKING,eio=163/-1,di=-1,fill=IDLE,flush=IDLE}~>DecryptedEndPoint@693baa12{l=/127.0.0.1:40197,r=/127.0.0.1:33972,OPEN,fill=-,flush=-,to=48/30000}=>HttpConnection@2d1a0bb0[p=HttpParser{s=START,0 of -1},g=HttpGenerator@4b24d378{s=START}]=>HttpChannelOverHttp@58a9b41d{s=HttpChannelState@55624b16{s=IDLE rs=BLOCKING os=OPEN is=IDLE awp=false se=false i=true al=0},r=0,c=false/false,a=IDLE,uri=null,age=0}
02:56:42.060 [qtp782228073-61] DEBUG org.eclipse.jetty.io.ssl.SslConnection - fill NOT_HANDSHAKING
02:56:42.060 [qtp782228073-61] DEBUG org.eclipse.jetty.io.ChannelEndPoint - filled 0 HeapByteBuffer@7acd6f6f[p=1338,l=1501,c=17408,r=163]={\x17\x03\x03\x03\xAd\x0b\x00\x03\x88...\xF3\x9e\xE4\xE0!_4<<<\x17\x03\x03\x00\x9e`\x96\r\x89\x99\x8e\x1aC\xF2\x9c\x13"k\xBa\xE2B\x96j\x02J...\x1e\xAc\x8e\x9e\xF0\\*{\x0e\x9a\x1a\xD411\x18,\xC4\x8c2\xFcF\xAbW>>>\x00\x00\x00\x00\x00\x00\x00\x00\x00...\x00\x00\x00\x00\x00\x00\x00}
02:56:42.060 [qtp782228073-61] DEBUG org.eclipse.jetty.io.ssl.SslConnection - net filled=0
02:56:42.061 [qtp782228073-61] DEBUG org.eclipse.jetty.io.ssl.SslConnection - unwrap net_filled=0 Status = OK HandshakeStatus = NOT_HANDSHAKING bytesConsumed = 163 bytesProduced = 125 encryptedBuffer=[p=1501,l=1501,c=17408,r=0] unwrapBuffer=HeapByteBuffer@1b26ebdb[p=0,l=125,c=17408,r=125]={<<<GET /config.yml HTTP/1.1\r...gent: okhttp/3.12.3\r\n\r\n>>>Qzu\x1e2\x04t\x13i...\x00\x00\x00\x00\x00\x00\x00} appBuffer=HeapByteBuffer@1b26ebdb[p=0,l=125,c=17408,r=125]={<<<GET /config.yml HTTP/1.1\r...gent: okhttp/3.12.3\r\n\r\n>>>Qzu\x1e2\x04t\x13i...\x00\x00\x00\x00\x00\x00\x00}
02:56:42.061 [qtp782228073-61] DEBUG org.eclipse.jetty.io.ssl.SslConnection - <fill f=125 uf=false SslConnection@7ffb8daf::SocketChannelEndPoint@175342bc{l=/127.0.0.1:40197,r=/127.0.0.1:33972,OPEN,fill=-,flush=-,to=6/30000}{io=0/0,kio=0,kro=1}->SslConnection@7ffb8daf{NOT_HANDSHAKING,eio=-1/-1,di=-1,fill=IDLE,flush=IDLE}~>DecryptedEndPoint@693baa12{l=/127.0.0.1:40197,r=/127.0.0.1:33972,OPEN,fill=-,flush=-,to=49/30000}=>HttpConnection@2d1a0bb0[p=HttpParser{s=START,0 of -1},g=HttpGenerator@4b24d378{s=START}]=>HttpChannelOverHttp@58a9b41d{s=HttpChannelState@55624b16{s=IDLE rs=BLOCKING os=OPEN is=IDLE awp=false se=false i=true al=0},r=0,c=false/false,a=IDLE,uri=null,age=0}
02:56:42.061 [qtp782228073-61] DEBUG org.eclipse.jetty.server.HttpConnection - HttpConnection@2d1a0bb0::DecryptedEndPoint@693baa12{l=/127.0.0.1:40197,r=/127.0.0.1:33972,OPEN,fill=-,flush=-,to=49/30000} filled 125 HeapByteBuffer@1b26ebdb[p=0,l=125,c=17408,r=125]={<<<GET /config.yml HTTP/1.1\r...gent: okhttp/3.12.3\r\n\r\n>>>Qzu\x1e2\x04t\x13i...\x00\x00\x00\x00\x00\x00\x00}
02:56:42.061 [qtp782228073-61] DEBUG org.eclipse.jetty.server.HttpConnection - HttpConnection@2d1a0bb0::DecryptedEndPoint@693baa12{l=/127.0.0.1:40197,r=/127.0.0.1:33972,OPEN,fill=-,flush=-,to=49/30000} parse HeapByteBuffer@1b26ebdb[p=0,l=125,c=17408,r=125]={<<<GET /config.yml HTTP/1.1\r...gent: okhttp/3.12.3\r\n\r\n>>>Qzu\x1e2\x04t\x13i...\x00\x00\x00\x00\x00\x00\x00} {}
02:56:42.061 [qtp782228073-61] DEBUG org.eclipse.jetty.http.HttpParser - parseNext s=START HeapByteBuffer@1b26ebdb[p=0,l=125,c=17408,r=125]={<<<GET /config.yml HTTP/1.1\r...gent: okhttp/3.12.3\r\n\r\n>>>Qzu\x1e2\x04t\x13i...\x00\x00\x00\x00\x00\x00\x00}
02:56:42.061 [qtp782228073-61] DEBUG org.eclipse.jetty.http.HttpParser - START --> SPACE1
02:56:42.061 [qtp782228073-61] DEBUG org.eclipse.jetty.http.HttpParser - SPACE1 --> URI
02:56:42.061 [qtp782228073-61] DEBUG org.eclipse.jetty.http.HttpParser - URI --> SPACE2
02:56:42.061 [qtp782228073-61] DEBUG org.eclipse.jetty.http.HttpParser - SPACE2 --> REQUEST_VERSION
02:56:42.061 [qtp782228073-61] DEBUG org.eclipse.jetty.http.HttpParser - REQUEST_VERSION --> HEADER
02:56:42.061 [qtp782228073-61] DEBUG org.eclipse.jetty.http.HttpParser - HEADER:Host --> VALUE
02:56:42.061 [qtp782228073-61] DEBUG org.eclipse.jetty.http.HttpParser - HEADER:Host --> IN_VALUE
02:56:42.061 [qtp782228073-61] DEBUG org.eclipse.jetty.http.HttpParser - HEADER:Host --> FIELD
02:56:42.061 [qtp782228073-61] DEBUG org.eclipse.jetty.http.HttpParser - HEADER:Connection: keep-alive --> IN_VALUE
02:56:42.061 [qtp782228073-61] DEBUG org.eclipse.jetty.http.HttpParser - HEADER:Connection: keep-alive --> FIELD
02:56:42.061 [qtp782228073-61] DEBUG org.eclipse.jetty.http.HttpParser - HEADER:Accept-Encoding: gzip --> IN_VALUE
02:56:42.061 [qtp782228073-61] DEBUG org.eclipse.jetty.http.HttpParser - HEADER:Accept-Encoding: gzip --> FIELD
02:56:42.061 [qtp782228073-61] DEBUG org.eclipse.jetty.http.HttpParser - HEADER:User-Agent --> VALUE
02:56:42.061 [qtp782228073-61] DEBUG org.eclipse.jetty.http.HttpParser - HEADER:User-Agent --> IN_VALUE
02:56:42.061 [qtp782228073-61] DEBUG org.eclipse.jetty.http.HttpParser - HEADER:User-Agent --> FIELD
02:56:42.062 [qtp782228073-61] DEBUG org.eclipse.jetty.http.HttpParser - HEADER --> CONTENT
02:56:42.062 [qtp782228073-61] DEBUG org.eclipse.jetty.server.HttpChannel - REQUEST for //localhost:40197/config.yml on HttpChannelOverHttp@58a9b41d{s=HttpChannelState@55624b16{s=IDLE rs=BLOCKING os=OPEN is=IDLE awp=false se=false i=true al=0},r=1,c=false/false,a=IDLE,uri=//localhost:40197/config.yml,age=0}
GET //localhost:40197/config.yml HTTP/1.1
Host: localhost:40197
Connection: keep-alive
Accept-Encoding: gzip
User-Agent: okhttp/3.12.3


02:56:42.062 [qtp782228073-61] DEBUG org.eclipse.jetty.server.HttpConnection - HttpConnection@2d1a0bb0::DecryptedEndPoint@693baa12{l=/127.0.0.1:40197,r=/127.0.0.1:33972,OPEN,fill=-,flush=-,to=50/30000} parsed true HttpParser{s=CONTENT,0 of -1}
02:56:42.062 [qtp782228073-61] DEBUG org.eclipse.jetty.server.HttpConnection - releaseRequestBuffer HttpConnection@2d1a0bb0::DecryptedEndPoint@693baa12{l=/127.0.0.1:40197,r=/127.0.0.1:33972,OPEN,fill=-,flush=-,to=50/30000}
02:56:42.062 [qtp782228073-61] DEBUG org.eclipse.jetty.server.HttpChannel - handle //localhost:40197/config.yml HttpChannelOverHttp@58a9b41d{s=HttpChannelState@55624b16{s=IDLE rs=BLOCKING os=OPEN is=IDLE awp=false se=false i=true al=0},r=1,c=false/false,a=IDLE,uri=//localhost:40197/config.yml,age=0} 
02:56:42.062 [qtp782228073-61] DEBUG org.eclipse.jetty.server.HttpChannelState - handling HttpChannelState@55624b16{s=IDLE rs=BLOCKING os=OPEN is=IDLE awp=false se=false i=true al=0}
02:56:42.062 [qtp782228073-61] DEBUG org.eclipse.jetty.server.HttpChannel - action DISPATCH HttpChannelOverHttp@58a9b41d{s=HttpChannelState@55624b16{s=HANDLING rs=BLOCKING os=OPEN is=IDLE awp=false se=false i=true al=0},r=1,c=false/false,a=HANDLING,uri=//localhost:40197/config.yml,age=0}
02:56:42.062 [qtp782228073-61] DEBUG org.eclipse.jetty.server.SecureRequestCustomizer - Host localhost with SNI null
02:56:42.062 [qtp782228073-61] DEBUG org.eclipse.jetty.server.Server - REQUEST GET /config.yml on HttpChannelOverHttp@58a9b41d{s=HttpChannelState@55624b16{s=HANDLING rs=BLOCKING os=OPEN is=IDLE awp=false se=false i=true al=0},r=1,c=false/false,a=HANDLING,uri=https://localhost:40197/config.yml,age=0}
02:56:42.062 [qtp782228073-61] DEBUG org.eclipse.jetty.server.HttpOutput - write(array HeapByteBuffer@3e755439[p=0,l=4,c=512,r=4]={<<<path>>>\x00\x00\x00\x00\x00\x00\x00\x00\x00...\x00\x00\x00\x00\x00\x00\x00})
02:56:42.062 [qtp782228073-61] DEBUG org.eclipse.jetty.server.HttpOutput - write(array) s=CLOSING,api=BLOCKED,sc=false,e=null last=true agg=false flush=true async=false, len=4 null
02:56:42.062 [qtp782228073-61] DEBUG org.eclipse.jetty.server.HttpChannel - sendResponse info=null content=HeapByteBuffer@60c40fe3[p=0,l=4,c=512,r=4]={<<<path>>>\x00\x00\x00\x00\x00\x00\x00\x00\x00...\x00\x00\x00\x00\x00\x00\x00} complete=true committing=true callback=Blocker@6f9fe3da{null}
02:56:42.063 [qtp782228073-61] DEBUG org.eclipse.jetty.server.HttpChannel - COMMIT for /config.yml on HttpChannelOverHttp@58a9b41d{s=HttpChannelState@55624b16{s=HANDLING rs=BLOCKING os=COMMITTED is=IDLE awp=false se=false i=true al=0},r=1,c=false/false,a=HANDLING,uri=https://localhost:40197/config.yml,age=1}
200 null HTTP/1.1
Date: Thu, 02 May 2024 01:56:42 GMT
ETag: testEtag
Content-Type: text/plain;charset=utf-8
Content-Length: 4


02:56:42.063 [qtp782228073-61] DEBUG org.eclipse.jetty.server.HttpConnection - generate: NEED_HEADER for SendCallback@2f7bb3bc[PROCESSING][i=HTTP/1.1{s=200,h=4,cl=4},cb=org.eclipse.jetty.server.HttpChannel$SendCallback@3b3beef6] (null,[p=0,l=4,c=512,r=4],true)@START
02:56:42.063 [qtp782228073-61] DEBUG org.eclipse.jetty.http.HttpGenerator - generateHeaders HTTP/1.1{s=200,h=4,cl=4} last=true content=HeapByteBuffer@60c40fe3[p=0,l=4,c=512,r=4]={<<<path>>>\x00\x00\x00\x00\x00\x00\x00\x00\x00...\x00\x00\x00\x00\x00\x00\x00}
02:56:42.063 [qtp782228073-61] DEBUG org.eclipse.jetty.http.HttpGenerator - Date: Thu, 02 May 2024 01:56:42 GMT
ETag: testEtag
Content-Type: text/plain;charset=utf-8
Content-Length: 4


02:56:42.063 [qtp782228073-61] DEBUG org.eclipse.jetty.http.HttpGenerator - CONTENT_LENGTH
02:56:42.063 [qtp782228073-61] DEBUG org.eclipse.jetty.server.HttpConnection - generate: FLUSH for SendCallback@2f7bb3bc[PROCESSING][i=HTTP/1.1{s=200,h=4,cl=4},cb=org.eclipse.jetty.server.HttpChannel$SendCallback@3b3beef6] ([p=0,l=164,c=8192,r=164],[p=0,l=4,c=512,r=4],true)@COMPLETING
02:56:42.063 [qtp782228073-61] DEBUG org.eclipse.jetty.io.WriteFlusher - write: WriteFlusher@6bd1f8f4{IDLE}->null [HeapByteBuffer@7bc04565[p=0,l=164,c=8192,r=164]={<<<HTTP/1.1 200 OK\r\nDate: Th...y(9.4.44.v20210927)\r\n\r\n>>>\x00\x00\x00\x00\x00\x00\x00\x00\x00...\x00\x00\x00\x00\x00\x00\x00},HeapByteBuffer@60c40fe3[p=0,l=4,c=512,r=4]={<<<path>>>\x00\x00\x00\x00\x00\x00\x00\x00\x00...\x00\x00\x00\x00\x00\x00\x00}]
02:56:42.063 [qtp782228073-61] DEBUG org.eclipse.jetty.io.WriteFlusher - update WriteFlusher@6bd1f8f4{WRITING}->null:IDLE-->WRITING
02:56:42.063 [qtp782228073-61] DEBUG org.eclipse.jetty.io.ssl.SslConnection - >flush SslConnection@7ffb8daf::SocketChannelEndPoint@175342bc{l=/127.0.0.1:40197,r=/127.0.0.1:33972,OPEN,fill=-,flush=-,to=8/30000}{io=0/0,kio=0,kro=1}->SslConnection@7ffb8daf{NOT_HANDSHAKING,eio=-1/-1,di=-1,fill=IDLE,flush=IDLE}~>DecryptedEndPoint@693baa12{l=/127.0.0.1:40197,r=/127.0.0.1:33972,OPEN,fill=-,flush=W,to=51/30000}=>HttpConnection@2d1a0bb0[p=HttpParser{s=CONTENT,0 of -1},g=HttpGenerator@4b24d378{s=COMPLETING}]=>HttpChannelOverHttp@58a9b41d{s=HttpChannelState@55624b16{s=HANDLING rs=BLOCKING os=COMMITTED is=IDLE awp=false se=false i=true al=0},r=1,c=false/false,a=HANDLING,uri=https://localhost:40197/config.yml,age=1}
02:56:42.063 [qtp782228073-61] DEBUG org.eclipse.jetty.io.ssl.SslConnection - flush b[0]=HeapByteBuffer@7bc04565[p=0,l=164,c=8192,r=164]={<<<HTTP/1.1 200 OK\r\nDate: Th...y(9.4.44.v20210927)\r\n\r\n>>>\x00\x00\x00\x00\x00\x00\x00\x00\x00...\x00\x00\x00\x00\x00\x00\x00}
02:56:42.063 [qtp782228073-61] DEBUG org.eclipse.jetty.io.ssl.SslConnection - flush b[1]=HeapByteBuffer@60c40fe3[p=0,l=4,c=512,r=4]={<<<path>>>\x00\x00\x00\x00\x00\x00\x00\x00\x00...\x00\x00\x00\x00\x00\x00\x00}
02:56:42.063 [qtp782228073-61] DEBUG org.eclipse.jetty.io.ssl.SslConnection - flush NOT_HANDSHAKING
02:56:42.063 [qtp782228073-61] DEBUG org.eclipse.jetty.io.ssl.SslConnection - wrap Status = OK HandshakeStatus = NOT_HANDSHAKING bytesConsumed = 168 bytesProduced = 206 [p=0,l=206,c=17408,r=206] ioDone=false/false
02:56:42.063 [qtp782228073-61] DEBUG org.eclipse.jetty.io.ChannelEndPoint - flushed 206 SocketChannelEndPoint@175342bc{l=/127.0.0.1:40197,r=/127.0.0.1:33972,OPEN,fill=-,flush=-,to=8/30000}{io=0/0,kio=0,kro=1}->SslConnection@7ffb8daf{NOT_HANDSHAKING,eio=-1/0,di=-1,fill=IDLE,flush=IDLE}~>DecryptedEndPoint@693baa12{l=/127.0.0.1:40197,r=/127.0.0.1:33972,OPEN,fill=-,flush=W,to=51/30000}=>HttpConnection@2d1a0bb0[p=HttpParser{s=CONTENT,0 of -1},g=HttpGenerator@4b24d378{s=COMPLETING}]=>HttpChannelOverHttp@58a9b41d{s=HttpChannelState@55624b16{s=HANDLING rs=BLOCKING os=COMMITTED is=IDLE awp=false se=false i=true al=0},r=1,c=false/false,a=HANDLING,uri=https://localhost:40197/config.yml,age=1}
02:56:42.063 [qtp782228073-61] DEBUG org.eclipse.jetty.io.ssl.SslConnection - net flushed=true, ac=true
02:56:42.064 [qtp782228073-61] DEBUG org.eclipse.jetty.io.ssl.SslConnection - <flush true SslConnection@7ffb8daf::SocketChannelEndPoint@175342bc{l=/127.0.0.1:40197,r=/127.0.0.1:33972,OPEN,fill=-,flush=-,to=0/30000}{io=0/0,kio=0,kro=1}->SslConnection@7ffb8daf{NOT_HANDSHAKING,eio=-1/-1,di=-1,fill=IDLE,flush=IDLE}~>DecryptedEndPoint@693baa12{l=/127.0.0.1:40197,r=/127.0.0.1:33972,OPEN,fill=-,flush=W,to=51/30000}=>HttpConnection@2d1a0bb0[p=HttpParser{s=CONTENT,0 of -1},g=HttpGenerator@4b24d378{s=COMPLETING}]=>HttpChannelOverHttp@58a9b41d{s=HttpChannelState@55624b16{s=HANDLING rs=BLOCKING os=COMMITTED is=IDLE awp=false se=false i=true al=0},r=1,c=false/false,a=HANDLING,uri=https://localhost:40197/config.yml,age=2}
02:56:42.064 [qtp782228073-61] DEBUG org.eclipse.jetty.io.WriteFlusher - Flushed=true written=168 remaining=0 WriteFlusher@6bd1f8f4{WRITING}->null
02:56:42.064 [qtp782228073-61] DEBUG org.eclipse.jetty.io.WriteFlusher - update WriteFlusher@6bd1f8f4{IDLE}->null:WRITING-->IDLE
02:56:42.064 [qtp782228073-61] DEBUG org.eclipse.jetty.server.HttpConnection - generate: DONE for SendCallback@2f7bb3bc[PROCESSING][i=HTTP/1.1{s=200,h=4,cl=4},cb=org.eclipse.jetty.server.HttpChannel$SendCallback@3b3beef6] ([p=164,l=164,c=8192,r=0],[p=4,l=4,c=512,r=0],true)@END
02:56:42.064 [qtp782228073-61] DEBUG org.eclipse.jetty.server.HttpOutput - onWriteComplete(true,null) s=CLOSING,api=BLOCKED,sc=false,e=null->s=CLOSED,api=BLOCKING,sc=false,e=null c=null cb=null w=false
02:56:42.064 [qtp782228073-61] DEBUG org.eclipse.jetty.server.HttpOutput - close() s=CLOSED,api=BLOCKING,sc=false,e=null c=null b=null
02:56:42.064 [qtp782228073-61] DEBUG org.eclipse.jetty.server.Server - handled=true async=false committed=true on HttpChannelOverHttp@58a9b41d{s=HttpChannelState@55624b16{s=HANDLING rs=BLOCKING os=COMPLETED is=IDLE awp=false se=false i=true al=0},r=1,c=false/true,a=HANDLING,uri=https://localhost:40197/config.yml,age=2}
02:56:42.064 [qtp782228073-61] DEBUG org.eclipse.jetty.server.HttpChannelState - unhandle HttpChannelState@55624b16{s=HANDLING rs=BLOCKING os=COMPLETED is=IDLE awp=false se=false i=true al=0}
02:56:42.064 [qtp782228073-61] DEBUG org.eclipse.jetty.server.HttpChannelState - nextAction(false) COMPLETE HttpChannelState@55624b16{s=HANDLING rs=COMPLETING os=COMPLETED is=IDLE awp=false se=false i=false al=0}
02:56:42.064 [qtp782228073-61] DEBUG org.eclipse.jetty.server.HttpChannel - action COMPLETE HttpChannelOverHttp@58a9b41d{s=HttpChannelState@55624b16{s=HANDLING rs=COMPLETING os=COMPLETED is=IDLE awp=false se=false i=false al=0},r=1,c=false/true,a=HANDLING,uri=https://localhost:40197/config.yml,age=2}
02:56:42.064 [qtp782228073-61] DEBUG org.eclipse.jetty.server.HttpOutput - complete(org.eclipse.jetty.util.Callback$3@19455061) s=CLOSED,api=BLOCKING,sc=false,e=null s=true e=null, c=null
02:56:42.064 [qtp782228073-61] DEBUG org.eclipse.jetty.server.HttpChannelState - completed HttpChannelState@55624b16{s=HANDLING rs=COMPLETING os=COMPLETED is=IDLE awp=false se=false i=false al=0}
02:56:42.064 [main] DEBUG org.apache.nifi.minifi.bootstrap.configuration.ingestors.PullHttpChangeIngestor - Response received: Response{protocol=http/1.1, code=200, message=OK, url=https://localhost:40197/config.yml}
02:56:42.064 [qtp782228073-61] DEBUG org.eclipse.jetty.server.HttpChannelState - unhandle HttpChannelState@55624b16{s=HANDLING rs=COMPLETED os=COMPLETED is=IDLE awp=false se=false i=false al=0}
02:56:42.064 [qtp782228073-61] DEBUG org.eclipse.jetty.server.HttpChannelState - nextAction(false) TERMINATED HttpChannelState@55624b16{s=IDLE rs=COMPLETED os=COMPLETED is=IDLE awp=false se=false i=false al=0}
02:56:42.064 [qtp782228073-61] DEBUG org.eclipse.jetty.server.HttpChannel - action TERMINATED HttpChannelOverHttp@58a9b41d{s=HttpChannelState@55624b16{s=IDLE rs=COMPLETED os=COMPLETED is=IDLE awp=false se=false i=false al=0},r=1,c=true/true,a=IDLE,uri=https://localhost:40197/config.yml,age=2}
02:56:42.064 [qtp782228073-61] DEBUG org.eclipse.jetty.server.HttpChannel - onCompleted for /config.yml written=4
02:56:42.064 [main] DEBUG org.apache.nifi.minifi.bootstrap.configuration.ingestors.PullHttpChangeIngestor - New change received, notifying listener
02:56:42.064 [main] DEBUG org.apache.nifi.minifi.bootstrap.configuration.ingestors.PullHttpChangeIngestor - Listeners notified
02:56:42.064 [qtp782228073-61] DEBUG org.eclipse.jetty.io.ssl.SslConnection - >fill SslConnection@7ffb8daf::SocketChannelEndPoint@175342bc{l=/127.0.0.1:40197,r=/127.0.0.1:33972,OPEN,fill=-,flush=-,to=0/30000}{io=0/0,kio=0,kro=1}->SslConnection@7ffb8daf{NOT_HANDSHAKING,eio=-1/-1,di=-1,fill=IDLE,flush=IDLE}~>DecryptedEndPoint@693baa12{l=/127.0.0.1:40197,r=/127.0.0.1:33972,OPEN,fill=-,flush=-,to=52/30000}=>HttpConnection@2d1a0bb0[p=HttpParser{s=CONTENT,0 of -1},g=HttpGenerator@4b24d378{s=END}]=>HttpChannelOverHttp@58a9b41d{s=HttpChannelState@55624b16{s=IDLE rs=COMPLETED os=COMPLETED is=IDLE awp=false se=false i=false al=0},r=1,c=true/true,a=IDLE,uri=https://localhost:40197/config.yml,age=2}
02:56:42.064 [qtp782228073-61] DEBUG org.eclipse.jetty.io.ssl.SslConnection - fill NOT_HANDSHAKING
02:56:42.064 [qtp782228073-61] DEBUG org.eclipse.jetty.io.ChannelEndPoint - filled 0 HeapByteBuffer@1b26ebdb[p=0,l=0,c=17408,r=0]={<<<>>>GET /conf...\x00\x00\x00\x00\x00\x00\x00}
02:56:42.064 [qtp782228073-61] DEBUG org.eclipse.jetty.io.ssl.SslConnection - net filled=0
02:56:42.064 [qtp782228073-61] DEBUG org.eclipse.jetty.io.ssl.SslConnection - unwrap net_filled=0 Status = BUFFER_UNDERFLOW HandshakeStatus = NOT_HANDSHAKING bytesConsumed = 0 bytesProduced = 0 encryptedBuffer=[p=0,l=0,c=17408,r=0] unwrapBuffer=HeapByteBuffer@7acd6f6f[p=0,l=0,c=17408,r=0]={<<<>>>\x17\x03\x03\x03\xAd\x0b\x00\x03\x88...\x00\x00\x00\x00\x00\x00\x00} appBuffer=HeapByteBuffer@7acd6f6f[p=0,l=0,c=17408,r=0]={<<<>>>\x17\x03\x03\x03\xAd\x0b\x00\x03\x88...\x00\x00\x00\x00\x00\x00\x00}
]]></system-out>
  </testcase>
  <testcase name="testUseEtag" classname="org.apache.nifi.minifi.bootstrap.configuration.ingestors.PullHttpChangeIngestorSSLTest" time="0.074">
    <system-out><![CDATA[02:56:42.064 [qtp782228073-61] DEBUG org.eclipse.jetty.io.ssl.SslConnection - <fill f=0 uf=true SslConnection@7ffb8daf::SocketChannelEndPoint@175342bc{l=/127.0.0.1:40197,r=/127.0.0.1:33972,OPEN,fill=-,flush=-,to=0/30000}{io=0/0,kio=0,kro=1}->SslConnection@7ffb8daf{NOT_HANDSHAKING,eio=-1/-1,di=-1,fill=IDLE,flush=IDLE}~>DecryptedEndPoint@693baa12{l=/127.0.0.1:40197,r=/127.0.0.1:33972,OPEN,fill=-,flush=-,to=52/30000}=>HttpConnection@2d1a0bb0[p=HttpParser{s=CONTENT,0 of -1},g=HttpGenerator@4b24d378{s=END}]=>HttpChannelOverHttp@58a9b41d{s=HttpChannelState@55624b16{s=IDLE rs=COMPLETED os=COMPLETED is=IDLE awp=false se=false i=false al=0},r=1,c=true/true,a=IDLE,uri=https://localhost:40197/config.yml,age=2}
02:56:42.065 [qtp782228073-61] DEBUG org.eclipse.jetty.io.ssl.SslConnection - >fill SslConnection@7ffb8daf::SocketChannelEndPoint@175342bc{l=/127.0.0.1:40197,r=/127.0.0.1:33972,OPEN,fill=-,flush=-,to=1/30000}{io=0/0,kio=0,kro=1}->SslConnection@7ffb8daf{NOT_HANDSHAKING,eio=-1/-1,di=-1,fill=IDLE,flush=IDLE}~>DecryptedEndPoint@693baa12{l=/127.0.0.1:40197,r=/127.0.0.1:33972,OPEN,fill=-,flush=-,to=52/30000}=>HttpConnection@2d1a0bb0[p=HttpParser{s=CONTENT,0 of -1},g=HttpGenerator@4b24d378{s=END}]=>HttpChannelOverHttp@58a9b41d{s=HttpChannelState@55624b16{s=IDLE rs=COMPLETED os=COMPLETED is=IDLE awp=false se=false i=false al=0},r=1,c=true/true,a=IDLE,uri=https://localhost:40197/config.yml,age=3}
02:56:42.065 [qtp782228073-61] DEBUG org.eclipse.jetty.io.ssl.SslConnection - fill NOT_HANDSHAKING
02:56:42.065 [qtp782228073-61] DEBUG org.eclipse.jetty.io.ChannelEndPoint - filled 0 HeapByteBuffer@740a9f9e[p=0,l=0,c=17408,r=0]={<<<>>>\x17\x03\x03\x00\xC9\xF1\xA3\x13\xBa...\x00\x00\x00\x00\x00\x00\x00}
02:56:42.065 [qtp782228073-61] DEBUG org.eclipse.jetty.io.ssl.SslConnection - net filled=0
02:56:42.065 [qtp782228073-61] DEBUG org.eclipse.jetty.io.ssl.SslConnection - unwrap net_filled=0 Status = BUFFER_UNDERFLOW HandshakeStatus = NOT_HANDSHAKING bytesConsumed = 0 bytesProduced = 0 encryptedBuffer=[p=0,l=0,c=17408,r=0] unwrapBuffer=HeapByteBuffer@7acd6f6f[p=0,l=0,c=17408,r=0]={<<<>>>\x17\x03\x03\x03\xAd\x0b\x00\x03\x88...\x00\x00\x00\x00\x00\x00\x00} appBuffer=HeapByteBuffer@7acd6f6f[p=0,l=0,c=17408,r=0]={<<<>>>\x17\x03\x03\x03\xAd\x0b\x00\x03\x88...\x00\x00\x00\x00\x00\x00\x00}
02:56:42.065 [qtp782228073-61] DEBUG org.eclipse.jetty.io.ssl.SslConnection - <fill f=0 uf=true SslConnection@7ffb8daf::SocketChannelEndPoint@175342bc{l=/127.0.0.1:40197,r=/127.0.0.1:33972,OPEN,fill=-,flush=-,to=1/30000}{io=0/0,kio=0,kro=1}->SslConnection@7ffb8daf{NOT_HANDSHAKING,eio=-1/-1,di=-1,fill=IDLE,flush=IDLE}~>DecryptedEndPoint@693baa12{l=/127.0.0.1:40197,r=/127.0.0.1:33972,OPEN,fill=-,flush=-,to=53/30000}=>HttpConnection@2d1a0bb0[p=HttpParser{s=CONTENT,0 of -1},g=HttpGenerator@4b24d378{s=END}]=>HttpChannelOverHttp@58a9b41d{s=HttpChannelState@55624b16{s=IDLE rs=COMPLETED os=COMPLETED is=IDLE awp=false se=false i=false al=0},r=1,c=true/true,a=IDLE,uri=https://localhost:40197/config.yml,age=3}
02:56:42.065 [qtp782228073-61] DEBUG org.eclipse.jetty.server.HttpConnection - HttpConnection@2d1a0bb0::DecryptedEndPoint@693baa12{l=/127.0.0.1:40197,r=/127.0.0.1:33972,OPEN,fill=-,flush=-,to=53/30000} filled 0 HeapByteBuffer@7acd6f6f[p=0,l=0,c=17408,r=0]={<<<>>>\x17\x03\x03\x03\xAd\x0b\x00\x03\x88...\x00\x00\x00\x00\x00\x00\x00}
02:56:42.065 [qtp782228073-61] DEBUG org.eclipse.jetty.server.HttpConnection - HttpConnection@2d1a0bb0::DecryptedEndPoint@693baa12{l=/127.0.0.1:40197,r=/127.0.0.1:33972,OPEN,fill=-,flush=-,to=53/30000} parse HeapByteBuffer@7acd6f6f[p=0,l=0,c=17408,r=0]={<<<>>>\x17\x03\x03\x03\xAd\x0b\x00\x03\x88...\x00\x00\x00\x00\x00\x00\x00} {}
02:56:42.065 [qtp782228073-61] DEBUG org.eclipse.jetty.http.HttpParser - parseNext s=CONTENT HeapByteBuffer@7acd6f6f[p=0,l=0,c=17408,r=0]={<<<>>>\x17\x03\x03\x03\xAd\x0b\x00\x03\x88...\x00\x00\x00\x00\x00\x00\x00}
02:56:42.065 [qtp782228073-61] DEBUG org.eclipse.jetty.http.HttpParser - CONTENT --> CONTENT_END
02:56:42.065 [qtp782228073-61] DEBUG org.eclipse.jetty.server.HttpChannel - onContentComplete HttpChannelOverHttp@58a9b41d{s=HttpChannelState@55624b16{s=IDLE rs=COMPLETED os=COMPLETED is=IDLE awp=false se=false i=false al=0},r=1,c=true/true,a=IDLE,uri=https://localhost:40197/config.yml,age=3}
02:56:42.065 [qtp782228073-61] DEBUG org.eclipse.jetty.http.HttpParser - CONTENT_END --> END
02:56:42.065 [qtp782228073-61] DEBUG org.eclipse.jetty.server.HttpChannel - onRequestComplete HttpChannelOverHttp@58a9b41d{s=HttpChannelState@55624b16{s=IDLE rs=COMPLETED os=COMPLETED is=IDLE awp=false se=false i=false al=0},r=1,c=true/true,a=IDLE,uri=https://localhost:40197/config.yml,age=3}
02:56:42.065 [qtp782228073-61] DEBUG org.eclipse.jetty.server.HttpInput - HttpInputOverHTTP@7ded51e1[c=0,q=0,[0]=null,s=STREAM] addContent EOF
02:56:42.065 [qtp782228073-61] DEBUG org.eclipse.jetty.server.HttpConnection - HttpConnection@2d1a0bb0::DecryptedEndPoint@693baa12{l=/127.0.0.1:40197,r=/127.0.0.1:33972,OPEN,fill=-,flush=-,to=53/30000} parsed false HttpParser{s=END,0 of -1}
02:56:42.065 [qtp782228073-61] DEBUG org.eclipse.jetty.server.HttpConnection - releaseRequestBuffer HttpConnection@2d1a0bb0::DecryptedEndPoint@693baa12{l=/127.0.0.1:40197,r=/127.0.0.1:33972,OPEN,fill=-,flush=-,to=53/30000}
02:56:42.065 [qtp782228073-61] DEBUG org.eclipse.jetty.server.HttpChannelState - recycle HttpChannelState@55624b16{s=IDLE rs=COMPLETED os=COMPLETED is=IDLE awp=false se=false i=false al=0}
02:56:42.065 [qtp782228073-61] DEBUG org.eclipse.jetty.http.HttpParser - reset HttpParser{s=END,0 of -1}
02:56:42.065 [qtp782228073-61] DEBUG org.eclipse.jetty.http.HttpParser - END --> START
02:56:42.065 [qtp782228073-61] DEBUG org.eclipse.jetty.server.HttpChannel - !handle TERMINATED HttpChannelOverHttp@58a9b41d{s=HttpChannelState@55624b16{s=IDLE rs=BLOCKING os=OPEN is=IDLE awp=false se=false i=true al=0},r=1,c=false/false,a=IDLE,uri=null,age=0}
02:56:42.065 [qtp782228073-61] DEBUG org.eclipse.jetty.io.ssl.SslConnection - >fill SslConnection@7ffb8daf::SocketChannelEndPoint@175342bc{l=/127.0.0.1:40197,r=/127.0.0.1:33972,OPEN,fill=-,flush=-,to=1/30000}{io=0/0,kio=0,kro=1}->SslConnection@7ffb8daf{NOT_HANDSHAKING,eio=-1/-1,di=-1,fill=IDLE,flush=IDLE}~>DecryptedEndPoint@693baa12{l=/127.0.0.1:40197,r=/127.0.0.1:33972,OPEN,fill=-,flush=-,to=53/30000}=>HttpConnection@2d1a0bb0[p=HttpParser{s=START,0 of -1},g=HttpGenerator@4b24d378{s=START}]=>HttpChannelOverHttp@58a9b41d{s=HttpChannelState@55624b16{s=IDLE rs=BLOCKING os=OPEN is=IDLE awp=false se=false i=true al=0},r=1,c=false/false,a=IDLE,uri=null,age=0}
02:56:42.065 [qtp782228073-61] DEBUG org.eclipse.jetty.io.ssl.SslConnection - fill NOT_HANDSHAKING
02:56:42.065 [qtp782228073-61] DEBUG org.eclipse.jetty.io.ChannelEndPoint - filled 0 HeapByteBuffer@740a9f9e[p=0,l=0,c=17408,r=0]={<<<>>>\x17\x03\x03\x00\xC9\xF1\xA3\x13\xBa...\x00\x00\x00\x00\x00\x00\x00}
02:56:42.066 [qtp782228073-61] DEBUG org.eclipse.jetty.io.ssl.SslConnection - net filled=0
02:56:42.066 [qtp782228073-61] DEBUG org.eclipse.jetty.io.ssl.SslConnection - unwrap net_filled=0 Status = BUFFER_UNDERFLOW HandshakeStatus = NOT_HANDSHAKING bytesConsumed = 0 bytesProduced = 0 encryptedBuffer=[p=0,l=0,c=17408,r=0] unwrapBuffer=HeapByteBuffer@1b26ebdb[p=0,l=0,c=17408,r=0]={<<<>>>GET /conf...\x00\x00\x00\x00\x00\x00\x00} appBuffer=HeapByteBuffer@1b26ebdb[p=0,l=0,c=17408,r=0]={<<<>>>GET /conf...\x00\x00\x00\x00\x00\x00\x00}
02:56:42.066 [qtp782228073-61] DEBUG org.eclipse.jetty.io.ssl.SslConnection - <fill f=0 uf=true SslConnection@7ffb8daf::SocketChannelEndPoint@175342bc{l=/127.0.0.1:40197,r=/127.0.0.1:33972,OPEN,fill=-,flush=-,to=2/30000}{io=0/0,kio=0,kro=1}->SslConnection@7ffb8daf{NOT_HANDSHAKING,eio=-1/-1,di=-1,fill=IDLE,flush=IDLE}~>DecryptedEndPoint@693baa12{l=/127.0.0.1:40197,r=/127.0.0.1:33972,OPEN,fill=-,flush=-,to=54/30000}=>HttpConnection@2d1a0bb0[p=HttpParser{s=START,0 of -1},g=HttpGenerator@4b24d378{s=START}]=>HttpChannelOverHttp@58a9b41d{s=HttpChannelState@55624b16{s=IDLE rs=BLOCKING os=OPEN is=IDLE awp=false se=false i=true al=0},r=1,c=false/false,a=IDLE,uri=null,age=0}
02:56:42.066 [qtp782228073-61] DEBUG org.eclipse.jetty.io.ssl.SslConnection - >fill SslConnection@7ffb8daf::SocketChannelEndPoint@175342bc{l=/127.0.0.1:40197,r=/127.0.0.1:33972,OPEN,fill=-,flush=-,to=2/30000}{io=0/0,kio=0,kro=1}->SslConnection@7ffb8daf{NOT_HANDSHAKING,eio=-1/-1,di=-1,fill=IDLE,flush=IDLE}~>DecryptedEndPoint@693baa12{l=/127.0.0.1:40197,r=/127.0.0.1:33972,OPEN,fill=-,flush=-,to=54/30000}=>HttpConnection@2d1a0bb0[p=HttpParser{s=START,0 of -1},g=HttpGenerator@4b24d378{s=START}]=>HttpChannelOverHttp@58a9b41d{s=HttpChannelState@55624b16{s=IDLE rs=BLOCKING os=OPEN is=IDLE awp=false se=false i=true al=0},r=1,c=false/false,a=IDLE,uri=null,age=0}
02:56:42.066 [qtp782228073-61] DEBUG org.eclipse.jetty.io.ssl.SslConnection - fill NOT_HANDSHAKING
02:56:42.066 [qtp782228073-61] DEBUG org.eclipse.jetty.io.ChannelEndPoint - filled 0 HeapByteBuffer@7acd6f6f[p=0,l=0,c=17408,r=0]={<<<>>>\x17\x03\x03\x03\xAd\x0b\x00\x03\x88...\x00\x00\x00\x00\x00\x00\x00}
02:56:42.066 [qtp782228073-61] DEBUG org.eclipse.jetty.io.ssl.SslConnection - net filled=0
02:56:42.066 [qtp782228073-61] DEBUG org.eclipse.jetty.io.ssl.SslConnection - unwrap net_filled=0 Status = BUFFER_UNDERFLOW HandshakeStatus = NOT_HANDSHAKING bytesConsumed = 0 bytesProduced = 0 encryptedBuffer=[p=0,l=0,c=17408,r=0] unwrapBuffer=HeapByteBuffer@1b26ebdb[p=0,l=0,c=17408,r=0]={<<<>>>GET /conf...\x00\x00\x00\x00\x00\x00\x00} appBuffer=HeapByteBuffer@1b26ebdb[p=0,l=0,c=17408,r=0]={<<<>>>GET /conf...\x00\x00\x00\x00\x00\x00\x00}
02:56:42.066 [qtp782228073-61] DEBUG org.eclipse.jetty.io.ssl.SslConnection - <fill f=0 uf=true SslConnection@7ffb8daf::SocketChannelEndPoint@175342bc{l=/127.0.0.1:40197,r=/127.0.0.1:33972,OPEN,fill=-,flush=-,to=2/30000}{io=0/0,kio=0,kro=1}->SslConnection@7ffb8daf{NOT_HANDSHAKING,eio=-1/-1,di=-1,fill=IDLE,flush=IDLE}~>DecryptedEndPoint@693baa12{l=/127.0.0.1:40197,r=/127.0.0.1:33972,OPEN,fill=-,flush=-,to=54/30000}=>HttpConnection@2d1a0bb0[p=HttpParser{s=START,0 of -1},g=HttpGenerator@4b24d378{s=START}]=>HttpChannelOverHttp@58a9b41d{s=HttpChannelState@55624b16{s=IDLE rs=BLOCKING os=OPEN is=IDLE awp=false se=false i=true al=0},r=1,c=false/false,a=IDLE,uri=null,age=0}
02:56:42.066 [qtp782228073-61] DEBUG org.eclipse.jetty.server.HttpConnection - HttpConnection@2d1a0bb0::DecryptedEndPoint@693baa12{l=/127.0.0.1:40197,r=/127.0.0.1:33972,OPEN,fill=-,flush=-,to=54/30000} filled 0 HeapByteBuffer@1b26ebdb[p=0,l=0,c=17408,r=0]={<<<>>>GET /conf...\x00\x00\x00\x00\x00\x00\x00}
02:56:42.066 [qtp782228073-61] DEBUG org.eclipse.jetty.server.HttpConnection - HttpConnection@2d1a0bb0::DecryptedEndPoint@693baa12{l=/127.0.0.1:40197,r=/127.0.0.1:33972,OPEN,fill=-,flush=-,to=54/30000} parse HeapByteBuffer@1b26ebdb[p=0,l=0,c=17408,r=0]={<<<>>>GET /conf...\x00\x00\x00\x00\x00\x00\x00} {}
02:56:42.066 [qtp782228073-61] DEBUG org.eclipse.jetty.http.HttpParser - parseNext s=START HeapByteBuffer@1b26ebdb[p=0,l=0,c=17408,r=0]={<<<>>>GET /conf...\x00\x00\x00\x00\x00\x00\x00}
02:56:42.066 [qtp782228073-61] DEBUG org.eclipse.jetty.server.HttpConnection - HttpConnection@2d1a0bb0::DecryptedEndPoint@693baa12{l=/127.0.0.1:40197,r=/127.0.0.1:33972,OPEN,fill=-,flush=-,to=54/30000} parsed false HttpParser{s=START,0 of -1}
02:56:42.066 [qtp782228073-61] DEBUG org.eclipse.jetty.server.HttpConnection - releaseRequestBuffer HttpConnection@2d1a0bb0::DecryptedEndPoint@693baa12{l=/127.0.0.1:40197,r=/127.0.0.1:33972,OPEN,fill=-,flush=-,to=54/30000}
02:56:42.066 [main] DEBUG org.apache.nifi.minifi.bootstrap.configuration.ingestors.PullHttpChangeIngestor - Attempting to pull new config
02:56:42.066 [qtp782228073-61] DEBUG org.eclipse.jetty.io.AbstractConnection - fillInterested HttpConnection@2d1a0bb0::DecryptedEndPoint@693baa12{l=/127.0.0.1:40197,r=/127.0.0.1:33972,OPEN,fill=-,flush=-,to=54/30000}
02:56:42.066 [qtp782228073-61] DEBUG org.eclipse.jetty.io.FillInterest - interested FillInterest@361e0627{AC.ReadCB@2d1a0bb0{HttpConnection@2d1a0bb0::DecryptedEndPoint@693baa12{l=/127.0.0.1:40197,r=/127.0.0.1:33972,OPEN,fill=FI,flush=-,to=0/30000}}}
02:56:42.066 [qtp782228073-61] DEBUG org.eclipse.jetty.io.ssl.SslConnection - >needFillInterest s=IDLE/IDLE uf=true ei=null di=null SslConnection@7ffb8daf::SocketChannelEndPoint@175342bc{l=/127.0.0.1:40197,r=/127.0.0.1:33972,OPEN,fill=-,flush=-,to=2/30000}{io=0/0,kio=0,kro=1}->SslConnection@7ffb8daf{NOT_HANDSHAKING,eio=-1/-1,di=-1,fill=IDLE,flush=IDLE}~>DecryptedEndPoint@693baa12{l=/127.0.0.1:40197,r=/127.0.0.1:33972,OPEN,fill=FI,flush=-,to=0/30000}=>HttpConnection@2d1a0bb0[p=HttpParser{s=START,0 of -1},g=HttpGenerator@4b24d378{s=START}]=>HttpChannelOverHttp@58a9b41d{s=HttpChannelState@55624b16{s=IDLE rs=BLOCKING os=OPEN is=IDLE awp=false se=false i=true al=0},r=1,c=false/false,a=IDLE,uri=null,age=0}
02:56:42.066 [qtp782228073-61] DEBUG org.eclipse.jetty.io.ssl.SslConnection - <needFillInterest s=IDLE/INTERESTED f=false i=true w=null
02:56:42.066 [qtp782228073-61] DEBUG org.eclipse.jetty.io.ssl.SslConnection - ensureFillInterested SslConnection@7ffb8daf::SocketChannelEndPoint@175342bc{l=/127.0.0.1:40197,r=/127.0.0.1:33972,OPEN,fill=-,flush=-,to=2/30000}{io=0/0,kio=0,kro=1}->SslConnection@7ffb8daf{NOT_HANDSHAKING,eio=-1/-1,di=-1,fill=INTERESTED,flush=IDLE}~>DecryptedEndPoint@693baa12{l=/127.0.0.1:40197,r=/127.0.0.1:33972,OPEN,fill=FI,flush=-,to=0/30000}=>HttpConnection@2d1a0bb0[p=HttpParser{s=START,0 of -1},g=HttpGenerator@4b24d378{s=START}]=>HttpChannelOverHttp@58a9b41d{s=HttpChannelState@55624b16{s=IDLE rs=BLOCKING os=OPEN is=IDLE awp=false se=false i=true al=0},r=1,c=false/false,a=IDLE,uri=null,age=0}
02:56:42.067 [qtp782228073-61] DEBUG org.eclipse.jetty.io.FillInterest - interested FillInterest@3cc8176d{SSLC.NBReadCB@7ffb8daf{SslConnection@7ffb8daf::SocketChannelEndPoint@175342bc{l=/127.0.0.1:40197,r=/127.0.0.1:33972,OPEN,fill=FI,flush=-,to=0/30000}{io=0/0,kio=0,kro=1}->SslConnection@7ffb8daf{NOT_HANDSHAKING,eio=-1/-1,di=-1,fill=INTERESTED,flush=IDLE}~>DecryptedEndPoint@693baa12{l=/127.0.0.1:40197,r=/127.0.0.1:33972,OPEN,fill=FI,flush=-,to=0/30000}=>HttpConnection@2d1a0bb0[p=HttpParser{s=START,0 of -1},g=HttpGenerator@4b24d378{s=START}]=>HttpChannelOverHttp@58a9b41d{s=HttpChannelState@55624b16{s=IDLE rs=BLOCKING os=OPEN is=IDLE awp=false se=false i=true al=0},r=1,c=false/false,a=IDLE,uri=null,age=0}}}
02:56:42.067 [qtp782228073-61] DEBUG org.eclipse.jetty.io.ChannelEndPoint - changeInterests p=false 0->1 for SocketChannelEndPoint@175342bc{l=/127.0.0.1:40197,r=/127.0.0.1:33972,OPEN,fill=FI,flush=-,to=0/30000}{io=0/1,kio=0,kro=1}->SslConnection@7ffb8daf{NOT_HANDSHAKING,eio=-1/-1,di=-1,fill=INTERESTED,flush=IDLE}~>DecryptedEndPoint@693baa12{l=/127.0.0.1:40197,r=/127.0.0.1:33972,OPEN,fill=FI,flush=-,to=0/30000}=>HttpConnection@2d1a0bb0[p=HttpParser{s=START,0 of -1},g=HttpGenerator@4b24d378{s=START}]=>HttpChannelOverHttp@58a9b41d{s=HttpChannelState@55624b16{s=IDLE rs=BLOCKING os=OPEN is=IDLE awp=false se=false i=true al=0},r=1,c=false/false,a=IDLE,uri=null,age=0}
02:56:42.067 [qtp782228073-61] DEBUG org.eclipse.jetty.io.ManagedSelector - Queued change lazy=false org.eclipse.jetty.io.ChannelEndPoint$$Lambda$255/899789472@1ffd63ae on ManagedSelector@696f0212{STARTED} id=1 keys=1 selected=0 updates=0
02:56:42.067 [qtp782228073-61] DEBUG org.eclipse.jetty.io.ManagedSelector - Wakeup on submit ManagedSelector@696f0212{STARTED} id=1 keys=1 selected=0 updates=1
02:56:42.067 [qtp782228073-59-acceptor-0@4795ded0-ServerConnector@5a411614{SSL, (ssl, http/1.1)}{localhost:40197}] DEBUG org.eclipse.jetty.io.ManagedSelector - Queued change lazy=false Accept@628e96c1[java.nio.channels.SocketChannel[connected local=/127.0.0.1:40197 remote=/127.0.0.1:33986]] on ManagedSelector@56c698e3{STARTED} id=2 keys=0 selected=0 updates=0
02:56:42.067 [qtp782228073-59-acceptor-0@4795ded0-ServerConnector@5a411614{SSL, (ssl, http/1.1)}{localhost:40197}] DEBUG org.eclipse.jetty.io.ManagedSelector - Wakeup on submit ManagedSelector@56c698e3{STARTED} id=2 keys=0 selected=0 updates=1
02:56:42.067 [qtp782228073-57] DEBUG org.eclipse.jetty.io.ManagedSelector - Selector sun.nio.ch.EPollSelectorImpl@154e726d woken with none selected
02:56:42.067 [qtp782228073-57] DEBUG org.eclipse.jetty.io.ManagedSelector - Selector sun.nio.ch.EPollSelectorImpl@154e726d woken up from select, 0/0/0 selected
02:56:42.067 [qtp782228073-60] DEBUG org.eclipse.jetty.io.ManagedSelector - Selector sun.nio.ch.EPollSelectorImpl@1b822cc6 woken with none selected
02:56:42.067 [qtp782228073-57] DEBUG org.eclipse.jetty.io.ManagedSelector - Selector sun.nio.ch.EPollSelectorImpl@154e726d processing 0 keys, 1 updates
02:56:42.067 [qtp782228073-60] DEBUG org.eclipse.jetty.io.ManagedSelector - Selector sun.nio.ch.EPollSelectorImpl@1b822cc6 woken up from select, 0/0/1 selected
02:56:42.067 [qtp782228073-57] DEBUG org.eclipse.jetty.io.ManagedSelector - updateable 1
02:56:42.067 [qtp782228073-60] DEBUG org.eclipse.jetty.io.ManagedSelector - Selector sun.nio.ch.EPollSelectorImpl@1b822cc6 processing 0 keys, 1 updates
02:56:42.067 [qtp782228073-60] DEBUG org.eclipse.jetty.io.ManagedSelector - updateable 1
02:56:42.067 [qtp782228073-60] DEBUG org.eclipse.jetty.io.ManagedSelector - update org.eclipse.jetty.io.ChannelEndPoint$$Lambda$255/899789472@1ffd63ae
02:56:42.067 [qtp782228073-57] DEBUG org.eclipse.jetty.io.ManagedSelector - update Accept@628e96c1[java.nio.channels.SocketChannel[connected local=/127.0.0.1:40197 remote=/127.0.0.1:33986]]
02:56:42.067 [qtp782228073-57] DEBUG org.eclipse.jetty.util.thread.QueuedThreadPool - queue Accept@628e96c1[java.nio.channels.SocketChannel[connected local=/127.0.0.1:40197 remote=/127.0.0.1:33986]] startThread=0
02:56:42.067 [qtp782228073-57] DEBUG org.eclipse.jetty.io.ManagedSelector - updates 0
02:56:42.067 [qtp782228073-60] DEBUG org.eclipse.jetty.io.ChannelEndPoint - Key interests updated 0 -> 1 on SocketChannelEndPoint@175342bc{l=/127.0.0.1:40197,r=/127.0.0.1:33972,OPEN,fill=FI,flush=-,to=0/30000}{io=1/1,kio=1,kro=1}->SslConnection@7ffb8daf{NOT_HANDSHAKING,eio=-1/-1,di=-1,fill=INTERESTED,flush=IDLE}~>DecryptedEndPoint@693baa12{l=/127.0.0.1:40197,r=/127.0.0.1:33972,OPEN,fill=FI,flush=-,to=1/30000}=>HttpConnection@2d1a0bb0[p=HttpParser{s=START,0 of -1},g=HttpGenerator@4b24d378{s=START}]=>HttpChannelOverHttp@58a9b41d{s=HttpChannelState@55624b16{s=IDLE rs=BLOCKING os=OPEN is=IDLE awp=false se=false i=true al=0},r=1,c=false/false,a=IDLE,uri=null,age=0}
02:56:42.067 [qtp782228073-55] DEBUG org.eclipse.jetty.util.thread.QueuedThreadPool - run Accept@628e96c1[java.nio.channels.SocketChannel[connected local=/127.0.0.1:40197 remote=/127.0.0.1:33986]] in QueuedThreadPool[qtp782228073]@2e9fda69{STARTED,8<=8<=200,i=0,r=-1,q=0}[ReservedThreadExecutor@47a5b70d{reserved=1/8,pending=0}]
02:56:42.068 [qtp782228073-61] DEBUG org.eclipse.jetty.server.HttpConnection - HttpConnection@2d1a0bb0::DecryptedEndPoint@693baa12{l=/127.0.0.1:40197,r=/127.0.0.1:33972,OPEN,fill=FI,flush=-,to=1/30000} onFillable exit HttpChannelState@55624b16{s=IDLE rs=BLOCKING os=OPEN is=IDLE awp=false se=false i=true al=0} null
02:56:42.067 [qtp782228073-57] DEBUG org.eclipse.jetty.io.ManagedSelector - Selector sun.nio.ch.EPollSelectorImpl@154e726d waiting with 1 keys
02:56:42.067 [qtp782228073-60] DEBUG org.eclipse.jetty.io.ManagedSelector - updates 0
02:56:42.068 [qtp782228073-55] DEBUG org.eclipse.jetty.io.IdleTimeout - SocketChannelEndPoint@5e9639a8{l=/127.0.0.1:40197,r=/127.0.0.1:33986,OPEN,fill=-,flush=-,to=0/30000}{io=0/0,kio=0,kro=0}-><null> idle timeout check, elapsed: 0 ms, remaining: 30000 ms
02:56:42.068 [qtp782228073-60] DEBUG org.eclipse.jetty.io.ManagedSelector - Selector sun.nio.ch.EPollSelectorImpl@1b822cc6 waiting with 1 keys
02:56:42.068 [qtp782228073-55] DEBUG org.eclipse.jetty.util.ssl.SslContextFactory - Customize sun.security.ssl.SSLEngineImpl@65e6085d
02:56:42.068 [qtp782228073-61] DEBUG org.eclipse.jetty.io.ssl.SslConnection - <c.onFillable SslConnection@7ffb8daf::SocketChannelEndPoint@175342bc{l=/127.0.0.1:40197,r=/127.0.0.1:33972,OPEN,fill=FI,flush=-,to=1/30000}{io=1/1,kio=1,kro=1}->SslConnection@7ffb8daf{NOT_HANDSHAKING,eio=-1/-1,di=-1,fill=INTERESTED,flush=IDLE}~>DecryptedEndPoint@693baa12{l=/127.0.0.1:40197,r=/127.0.0.1:33972,OPEN,fill=FI,flush=-,to=1/30000}=>HttpConnection@2d1a0bb0[p=HttpParser{s=START,0 of -1},g=HttpGenerator@4b24d378{s=START}]=>HttpChannelOverHttp@58a9b41d{s=HttpChannelState@55624b16{s=IDLE rs=BLOCKING os=OPEN is=IDLE awp=false se=false i=true al=0},r=1,c=false/false,a=IDLE,uri=null,age=0}
02:56:42.068 [qtp782228073-61] DEBUG org.eclipse.jetty.util.thread.ReservedThreadExecutor - ReservedThread@117a47b6{RUNNING,thread=Thread[qtp782228073-61,5,main]} was=RUNNING next=RESERVED size=0+2 capacity=8
02:56:42.068 [qtp782228073-61] DEBUG org.eclipse.jetty.util.thread.ReservedThreadExecutor - ReservedThread@117a47b6{RESERVED,thread=Thread[qtp782228073-61,5,main]} waiting ReservedThreadExecutor@47a5b70d{reserved=2/8,pending=0}
02:56:42.068 [qtp782228073-55] DEBUG org.eclipse.jetty.server.HttpChannel - new HttpChannelOverHttp@26e2b4a0{s=HttpChannelState@345724b2{s=IDLE rs=BLOCKING os=OPEN is=IDLE awp=false se=false i=true al=0},r=0,c=false/false,a=IDLE,uri=null,age=0} -> DecryptedEndPoint@5b6300e9{l=/127.0.0.1:40197,r=/127.0.0.1:33986,OPEN,fill=-,flush=-,to=0/30000},null,HttpChannelState@345724b2{s=IDLE rs=BLOCKING os=OPEN is=IDLE awp=false se=false i=true al=0}
02:56:42.068 [qtp782228073-55] DEBUG org.eclipse.jetty.server.HttpConnection - New HTTP Connection HttpConnection@e924f38::DecryptedEndPoint@5b6300e9{l=/127.0.0.1:40197,r=/127.0.0.1:33986,OPEN,fill=-,flush=-,to=0/30000}
02:56:42.068 [qtp782228073-55] DEBUG org.eclipse.jetty.io.ManagedSelector - Queued change lazy=true org.eclipse.jetty.io.ManagedSelector$$Lambda$258/269590367@3de6bdfe on ManagedSelector@56c698e3{STARTED} id=2 keys=1 selected=0 updates=0
02:56:42.068 [qtp782228073-55] DEBUG org.eclipse.jetty.io.AbstractEndPoint - onOpen SocketChannelEndPoint@5e9639a8{l=/127.0.0.1:40197,r=/127.0.0.1:33986,OPEN,fill=-,flush=-,to=0/30000}{io=0/0,kio=0,kro=0}->SslConnection@30197c44{NOT_HANDSHAKING,eio=-1/-1,di=-1,fill=IDLE,flush=IDLE}~>DecryptedEndPoint@5b6300e9{l=/127.0.0.1:40197,r=/127.0.0.1:33986,OPEN,fill=-,flush=-,to=0/30000}=>HttpConnection@e924f38[p=HttpParser{s=START,0 of -1},g=HttpGenerator@733e46e6{s=START}]=>HttpChannelOverHttp@26e2b4a0{s=HttpChannelState@345724b2{s=IDLE rs=BLOCKING os=OPEN is=IDLE awp=false se=false i=true al=0},r=0,c=false/false,a=IDLE,uri=null,age=0}
02:56:42.068 [qtp782228073-55] DEBUG org.eclipse.jetty.io.AbstractConnection - onOpen SslConnection@30197c44::SocketChannelEndPoint@5e9639a8{l=/127.0.0.1:40197,r=/127.0.0.1:33986,OPEN,fill=-,flush=-,to=0/30000}{io=0/0,kio=0,kro=0}->SslConnection@30197c44{NOT_HANDSHAKING,eio=-1/-1,di=-1,fill=IDLE,flush=IDLE}~>DecryptedEndPoint@5b6300e9{l=/127.0.0.1:40197,r=/127.0.0.1:33986,OPEN,fill=-,flush=-,to=0/30000}=>HttpConnection@e924f38[p=HttpParser{s=START,0 of -1},g=HttpGenerator@733e46e6{s=START}]=>HttpChannelOverHttp@26e2b4a0{s=HttpChannelState@345724b2{s=IDLE rs=BLOCKING os=OPEN is=IDLE awp=false se=false i=true al=0},r=0,c=false/false,a=IDLE,uri=null,age=0}
02:56:42.068 [qtp782228073-55] DEBUG org.eclipse.jetty.io.AbstractConnection - onOpen HttpConnection@e924f38::DecryptedEndPoint@5b6300e9{l=/127.0.0.1:40197,r=/127.0.0.1:33986,OPEN,fill=-,flush=-,to=0/30000}
02:56:42.068 [qtp782228073-55] DEBUG org.eclipse.jetty.io.AbstractConnection - fillInterested HttpConnection@e924f38::DecryptedEndPoint@5b6300e9{l=/127.0.0.1:40197,r=/127.0.0.1:33986,OPEN,fill=-,flush=-,to=0/30000}
02:56:42.068 [qtp782228073-55] DEBUG org.eclipse.jetty.io.FillInterest - interested FillInterest@6f493c36{AC.ReadCB@e924f38{HttpConnection@e924f38::DecryptedEndPoint@5b6300e9{l=/127.0.0.1:40197,r=/127.0.0.1:33986,OPEN,fill=FI,flush=-,to=0/30000}}}
02:56:42.068 [qtp782228073-55] DEBUG org.eclipse.jetty.io.ssl.SslConnection - >needFillInterest s=IDLE/IDLE uf=false ei=null di=null SslConnection@30197c44::SocketChannelEndPoint@5e9639a8{l=/127.0.0.1:40197,r=/127.0.0.1:33986,OPEN,fill=-,flush=-,to=0/30000}{io=0/0,kio=0,kro=0}->SslConnection@30197c44{NOT_HANDSHAKING,eio=-1/-1,di=-1,fill=IDLE,flush=IDLE}~>DecryptedEndPoint@5b6300e9{l=/127.0.0.1:40197,r=/127.0.0.1:33986,OPEN,fill=FI,flush=-,to=0/30000}=>HttpConnection@e924f38[p=HttpParser{s=START,0 of -1},g=HttpGenerator@733e46e6{s=START}]=>HttpChannelOverHttp@26e2b4a0{s=HttpChannelState@345724b2{s=IDLE rs=BLOCKING os=OPEN is=IDLE awp=false se=false i=true al=0},r=0,c=false/false,a=IDLE,uri=null,age=0}
02:56:42.068 [qtp782228073-55] DEBUG org.eclipse.jetty.io.ssl.SslConnection - <needFillInterest s=IDLE/INTERESTED f=false i=true w=null
02:56:42.068 [qtp782228073-55] DEBUG org.eclipse.jetty.io.ssl.SslConnection - ensureFillInterested SslConnection@30197c44::SocketChannelEndPoint@5e9639a8{l=/127.0.0.1:40197,r=/127.0.0.1:33986,OPEN,fill=-,flush=-,to=0/30000}{io=0/0,kio=0,kro=0}->SslConnection@30197c44{NOT_HANDSHAKING,eio=-1/-1,di=-1,fill=INTERESTED,flush=IDLE}~>DecryptedEndPoint@5b6300e9{l=/127.0.0.1:40197,r=/127.0.0.1:33986,OPEN,fill=FI,flush=-,to=0/30000}=>HttpConnection@e924f38[p=HttpParser{s=START,0 of -1},g=HttpGenerator@733e46e6{s=START}]=>HttpChannelOverHttp@26e2b4a0{s=HttpChannelState@345724b2{s=IDLE rs=BLOCKING os=OPEN is=IDLE awp=false se=false i=true al=0},r=0,c=false/false,a=IDLE,uri=null,age=0}
02:56:42.069 [qtp782228073-55] DEBUG org.eclipse.jetty.io.FillInterest - interested FillInterest@6748756c{SSLC.NBReadCB@30197c44{SslConnection@30197c44::SocketChannelEndPoint@5e9639a8{l=/127.0.0.1:40197,r=/127.0.0.1:33986,OPEN,fill=FI,flush=-,to=0/30000}{io=0/0,kio=0,kro=0}->SslConnection@30197c44{NOT_HANDSHAKING,eio=-1/-1,di=-1,fill=INTERESTED,flush=IDLE}~>DecryptedEndPoint@5b6300e9{l=/127.0.0.1:40197,r=/127.0.0.1:33986,OPEN,fill=FI,flush=-,to=0/30000}=>HttpConnection@e924f38[p=HttpParser{s=START,0 of -1},g=HttpGenerator@733e46e6{s=START}]=>HttpChannelOverHttp@26e2b4a0{s=HttpChannelState@345724b2{s=IDLE rs=BLOCKING os=OPEN is=IDLE awp=false se=false i=true al=0},r=0,c=false/false,a=IDLE,uri=null,age=0}}}
02:56:42.069 [qtp782228073-55] DEBUG org.eclipse.jetty.io.ChannelEndPoint - changeInterests p=false 0->1 for SocketChannelEndPoint@5e9639a8{l=/127.0.0.1:40197,r=/127.0.0.1:33986,OPEN,fill=FI,flush=-,to=0/30000}{io=0/1,kio=0,kro=0}->SslConnection@30197c44{NOT_HANDSHAKING,eio=-1/-1,di=-1,fill=INTERESTED,flush=IDLE}~>DecryptedEndPoint@5b6300e9{l=/127.0.0.1:40197,r=/127.0.0.1:33986,OPEN,fill=FI,flush=-,to=0/30000}=>HttpConnection@e924f38[p=HttpParser{s=START,0 of -1},g=HttpGenerator@733e46e6{s=START}]=>HttpChannelOverHttp@26e2b4a0{s=HttpChannelState@345724b2{s=IDLE rs=BLOCKING os=OPEN is=IDLE awp=false se=false i=true al=0},r=0,c=false/false,a=IDLE,uri=null,age=0}
02:56:42.069 [qtp782228073-55] DEBUG org.eclipse.jetty.io.ManagedSelector - Queued change lazy=false org.eclipse.jetty.io.ChannelEndPoint$$Lambda$255/899789472@1cc8de9d on ManagedSelector@56c698e3{STARTED} id=2 keys=1 selected=0 updates=1
02:56:42.069 [qtp782228073-55] DEBUG org.eclipse.jetty.io.ManagedSelector - Wakeup on submit ManagedSelector@56c698e3{STARTED} id=2 keys=1 selected=0 updates=2
02:56:42.069 [qtp782228073-57] DEBUG org.eclipse.jetty.io.ManagedSelector - Selector sun.nio.ch.EPollSelectorImpl@154e726d woken with none selected
02:56:42.069 [qtp782228073-57] DEBUG org.eclipse.jetty.io.ManagedSelector - Selector sun.nio.ch.EPollSelectorImpl@154e726d woken up from select, 0/0/1 selected
02:56:42.069 [qtp782228073-57] DEBUG org.eclipse.jetty.io.ManagedSelector - Selector sun.nio.ch.EPollSelectorImpl@154e726d processing 0 keys, 2 updates
02:56:42.069 [qtp782228073-55] DEBUG org.eclipse.jetty.io.ManagedSelector - Created SocketChannelEndPoint@5e9639a8{l=/127.0.0.1:40197,r=/127.0.0.1:33986,OPEN,fill=FI,flush=-,to=0/30000}{io=0/1,kio=0,kro=0}->SslConnection@30197c44{NOT_HANDSHAKING,eio=-1/-1,di=-1,fill=INTERESTED,flush=IDLE}~>DecryptedEndPoint@5b6300e9{l=/127.0.0.1:40197,r=/127.0.0.1:33986,OPEN,fill=FI,flush=-,to=0/30000}=>HttpConnection@e924f38[p=HttpParser{s=START,0 of -1},g=HttpGenerator@733e46e6{s=START}]=>HttpChannelOverHttp@26e2b4a0{s=HttpChannelState@345724b2{s=IDLE rs=BLOCKING os=OPEN is=IDLE awp=false se=false i=true al=0},r=0,c=false/false,a=IDLE,uri=null,age=0}
02:56:42.069 [qtp782228073-57] DEBUG org.eclipse.jetty.io.ManagedSelector - updateable 2
02:56:42.069 [qtp782228073-57] DEBUG org.eclipse.jetty.io.ManagedSelector - update org.eclipse.jetty.io.ManagedSelector$$Lambda$258/269590367@3de6bdfe
02:56:42.069 [qtp782228073-55] DEBUG org.eclipse.jetty.util.thread.QueuedThreadPool - ran Accept@628e96c1[java.nio.channels.SocketChannel[connected local=/127.0.0.1:40197 remote=/127.0.0.1:33986]] in QueuedThreadPool[qtp782228073]@2e9fda69{STARTED,8<=8<=200,i=0,r=-1,q=0}[ReservedThreadExecutor@47a5b70d{reserved=2/8,pending=0}]
02:56:42.069 [qtp782228073-57] DEBUG org.eclipse.jetty.io.ManagedSelector - update org.eclipse.jetty.io.ChannelEndPoint$$Lambda$255/899789472@1cc8de9d
02:56:42.069 [qtp782228073-57] DEBUG org.eclipse.jetty.io.ChannelEndPoint - Key interests updated 0 -> 1 on SocketChannelEndPoint@5e9639a8{l=/127.0.0.1:40197,r=/127.0.0.1:33986,OPEN,fill=FI,flush=-,to=0/30000}{io=1/1,kio=1,kro=0}->SslConnection@30197c44{NOT_HANDSHAKING,eio=-1/-1,di=-1,fill=INTERESTED,flush=IDLE}~>DecryptedEndPoint@5b6300e9{l=/127.0.0.1:40197,r=/127.0.0.1:33986,OPEN,fill=FI,flush=-,to=0/30000}=>HttpConnection@e924f38[p=HttpParser{s=START,0 of -1},g=HttpGenerator@733e46e6{s=START}]=>HttpChannelOverHttp@26e2b4a0{s=HttpChannelState@345724b2{s=IDLE rs=BLOCKING os=OPEN is=IDLE awp=false se=false i=true al=0},r=0,c=false/false,a=IDLE,uri=null,age=0}
02:56:42.069 [qtp782228073-57] DEBUG org.eclipse.jetty.io.ManagedSelector - updates 0
02:56:42.069 [qtp782228073-57] DEBUG org.eclipse.jetty.io.ManagedSelector - Selector sun.nio.ch.EPollSelectorImpl@154e726d waiting with 1 keys
02:56:42.069 [qtp782228073-57] DEBUG org.eclipse.jetty.io.ManagedSelector - Selector sun.nio.ch.EPollSelectorImpl@154e726d woken up from select, 1/1/1 selected
02:56:42.069 [qtp782228073-57] DEBUG org.eclipse.jetty.io.ManagedSelector - Selector sun.nio.ch.EPollSelectorImpl@154e726d processing 1 keys, 0 updates
02:56:42.069 [qtp782228073-57] DEBUG org.eclipse.jetty.io.ManagedSelector - selected 1 sun.nio.ch.SelectionKeyImpl@1b898eb4 SocketChannelEndPoint@5e9639a8{l=/127.0.0.1:40197,r=/127.0.0.1:33986,OPEN,fill=FI,flush=-,to=0/30000}{io=1/1,kio=1,kro=1}->SslConnection@30197c44{NOT_HANDSHAKING,eio=-1/-1,di=-1,fill=INTERESTED,flush=IDLE}~>DecryptedEndPoint@5b6300e9{l=/127.0.0.1:40197,r=/127.0.0.1:33986,OPEN,fill=FI,flush=-,to=0/30000}=>HttpConnection@e924f38[p=HttpParser{s=START,0 of -1},g=HttpGenerator@733e46e6{s=START}]=>HttpChannelOverHttp@26e2b4a0{s=HttpChannelState@345724b2{s=IDLE rs=BLOCKING os=OPEN is=IDLE awp=false se=false i=true al=0},r=0,c=false/false,a=IDLE,uri=null,age=0} 
02:56:42.069 [qtp782228073-57] DEBUG org.eclipse.jetty.io.ChannelEndPoint - onSelected 1->0 r=true w=false for SocketChannelEndPoint@5e9639a8{l=/127.0.0.1:40197,r=/127.0.0.1:33986,OPEN,fill=FI,flush=-,to=0/30000}{io=1/0,kio=1,kro=1}->SslConnection@30197c44{NOT_HANDSHAKING,eio=-1/-1,di=-1,fill=INTERESTED,flush=IDLE}~>DecryptedEndPoint@5b6300e9{l=/127.0.0.1:40197,r=/127.0.0.1:33986,OPEN,fill=FI,flush=-,to=1/30000}=>HttpConnection@e924f38[p=HttpParser{s=START,0 of -1},g=HttpGenerator@733e46e6{s=START}]=>HttpChannelOverHttp@26e2b4a0{s=HttpChannelState@345724b2{s=IDLE rs=BLOCKING os=OPEN is=IDLE awp=false se=false i=true al=0},r=0,c=false/false,a=IDLE,uri=null,age=0}
02:56:42.069 [qtp782228073-57] DEBUG org.eclipse.jetty.io.ChannelEndPoint - task CEP:SocketChannelEndPoint@5e9639a8{l=/127.0.0.1:40197,r=/127.0.0.1:33986,OPEN,fill=FI,flush=-,to=0/30000}{io=1/0,kio=1,kro=1}->SslConnection@30197c44{NOT_HANDSHAKING,eio=-1/-1,di=-1,fill=INTERESTED,flush=IDLE}~>DecryptedEndPoint@5b6300e9{l=/127.0.0.1:40197,r=/127.0.0.1:33986,OPEN,fill=FI,flush=-,to=1/30000}=>HttpConnection@e924f38[p=HttpParser{s=START,0 of -1},g=HttpGenerator@733e46e6{s=START}]=>HttpChannelOverHttp@26e2b4a0{s=HttpChannelState@345724b2{s=IDLE rs=BLOCKING os=OPEN is=IDLE awp=false se=false i=true al=0},r=0,c=false/false,a=IDLE,uri=null,age=0}:runFillable:BLOCKING
02:56:42.070 [qtp782228073-57] DEBUG org.eclipse.jetty.util.thread.ReservedThreadExecutor - ReservedThreadExecutor@47a5b70d{reserved=2/8,pending=0} tryExecute EatWhatYouKill@5733f295/SelectorProducer@1c3146bc/PRODUCING/p=false/QueuedThreadPool[qtp782228073]@2e9fda69{STARTED,8<=8<=200,i=1,r=-1,q=0}[ReservedThreadExecutor@47a5b70d{reserved=2/8,pending=0}][pc=0,pic=0,pec=0,epc=0]@2024-05-02T02:56:42.07+01:00
02:56:42.070 [qtp782228073-61] DEBUG org.eclipse.jetty.util.thread.ReservedThreadExecutor - ReservedThread@117a47b6{RESERVED,thread=Thread[qtp782228073-61,5,main]} task=EatWhatYouKill@5733f295/SelectorProducer@1c3146bc/IDLE/p=true/QueuedThreadPool[qtp782228073]@2e9fda69{STARTED,8<=8<=200,i=1,r=-1,q=0}[ReservedThreadExecutor@47a5b70d{reserved=1/8,pending=0}][pc=0,pic=0,pec=0,epc=0]@2024-05-02T02:56:42.07+01:00 ReservedThreadExecutor@47a5b70d{reserved=1/8,pending=0}
02:56:42.070 [qtp782228073-57] DEBUG org.eclipse.jetty.util.thread.strategy.EatWhatYouKill - EatWhatYouKill@5733f295/SelectorProducer@1c3146bc/IDLE/p=true/QueuedThreadPool[qtp782228073]@2e9fda69{STARTED,8<=8<=200,i=1,r=-1,q=0}[ReservedThreadExecutor@47a5b70d{reserved=1/8,pending=0}][pc=0,pic=0,pec=0,epc=0]@2024-05-02T02:56:42.07+01:00 m=EXECUTE_PRODUCE_CONSUME t=CEP:SocketChannelEndPoint@5e9639a8{l=/127.0.0.1:40197,r=/127.0.0.1:33986,OPEN,fill=FI,flush=-,to=1/30000}{io=1/0,kio=1,kro=1}->SslConnection@30197c44{NOT_HANDSHAKING,eio=-1/-1,di=-1,fill=INTERESTED,flush=IDLE}~>DecryptedEndPoint@5b6300e9{l=/127.0.0.1:40197,r=/127.0.0.1:33986,OPEN,fill=FI,flush=-,to=1/30000}=>HttpConnection@e924f38[p=HttpParser{s=START,0 of -1},g=HttpGenerator@733e46e6{s=START}]=>HttpChannelOverHttp@26e2b4a0{s=HttpChannelState@345724b2{s=IDLE rs=BLOCKING os=OPEN is=IDLE awp=false se=false i=true al=0},r=0,c=false/false,a=IDLE,uri=null,age=0}:runFillable:BLOCKING/BLOCKING
02:56:42.070 [qtp782228073-61] DEBUG org.eclipse.jetty.util.thread.strategy.EatWhatYouKill - EatWhatYouKill@5733f295/SelectorProducer@1c3146bc/IDLE/p=true/QueuedThreadPool[qtp782228073]@2e9fda69{STARTED,8<=8<=200,i=1,r=-1,q=0}[ReservedThreadExecutor@47a5b70d{reserved=1/8,pending=0}][pc=0,pic=0,pec=0,epc=0]@2024-05-02T02:56:42.07+01:00 tryProduce true
02:56:42.070 [qtp782228073-61] DEBUG org.eclipse.jetty.io.ManagedSelector - updateable 0
02:56:42.070 [qtp782228073-61] DEBUG org.eclipse.jetty.io.ManagedSelector - updates 0
02:56:42.070 [qtp782228073-57] DEBUG org.eclipse.jetty.io.FillInterest - fillable FillInterest@6748756c{SSLC.NBReadCB@30197c44{SslConnection@30197c44::SocketChannelEndPoint@5e9639a8{l=/127.0.0.1:40197,r=/127.0.0.1:33986,OPEN,fill=FI,flush=-,to=1/30000}{io=1/0,kio=1,kro=1}->SslConnection@30197c44{NOT_HANDSHAKING,eio=-1/-1,di=-1,fill=INTERESTED,flush=IDLE}~>DecryptedEndPoint@5b6300e9{l=/127.0.0.1:40197,r=/127.0.0.1:33986,OPEN,fill=FI,flush=-,to=1/30000}=>HttpConnection@e924f38[p=HttpParser{s=START,0 of -1},g=HttpGenerator@733e46e6{s=START}]=>HttpChannelOverHttp@26e2b4a0{s=HttpChannelState@345724b2{s=IDLE rs=BLOCKING os=OPEN is=IDLE awp=false se=false i=true al=0},r=0,c=false/false,a=IDLE,uri=null,age=0}}}
02:56:42.070 [qtp782228073-61] DEBUG org.eclipse.jetty.io.ChannelEndPoint - Key interests updated 1 -> 0 on SocketChannelEndPoint@5e9639a8{l=/127.0.0.1:40197,r=/127.0.0.1:33986,OPEN,fill=FI,flush=-,to=1/30000}{io=0/0,kio=0,kro=1}->SslConnection@30197c44{NOT_HANDSHAKING,eio=-1/-1,di=-1,fill=INTERESTED,flush=IDLE}~>DecryptedEndPoint@5b6300e9{l=/127.0.0.1:40197,r=/127.0.0.1:33986,OPEN,fill=FI,flush=-,to=1/30000}=>HttpConnection@e924f38[p=HttpParser{s=START,0 of -1},g=HttpGenerator@733e46e6{s=START}]=>HttpChannelOverHttp@26e2b4a0{s=HttpChannelState@345724b2{s=IDLE rs=BLOCKING os=OPEN is=IDLE awp=false se=false i=true al=0},r=0,c=false/false,a=IDLE,uri=null,age=0}
02:56:42.070 [qtp782228073-57] DEBUG org.eclipse.jetty.io.ssl.SslConnection - >c.onFillable SslConnection@30197c44::SocketChannelEndPoint@5e9639a8{l=/127.0.0.1:40197,r=/127.0.0.1:33986,OPEN,fill=-,flush=-,to=1/30000}{io=0/0,kio=0,kro=1}->SslConnection@30197c44{NOT_HANDSHAKING,eio=-1/-1,di=-1,fill=INTERESTED,flush=IDLE}~>DecryptedEndPoint@5b6300e9{l=/127.0.0.1:40197,r=/127.0.0.1:33986,OPEN,fill=FI,flush=-,to=1/30000}=>HttpConnection@e924f38[p=HttpParser{s=START,0 of -1},g=HttpGenerator@733e46e6{s=START}]=>HttpChannelOverHttp@26e2b4a0{s=HttpChannelState@345724b2{s=IDLE rs=BLOCKING os=OPEN is=IDLE awp=false se=false i=true al=0},r=0,c=false/false,a=IDLE,uri=null,age=0}
02:56:42.070 [qtp782228073-61] DEBUG org.eclipse.jetty.io.ManagedSelector - Selector sun.nio.ch.EPollSelectorImpl@154e726d waiting with 1 keys
02:56:42.071 [qtp782228073-57] DEBUG org.eclipse.jetty.io.ssl.SslConnection - onFillable SslConnection@30197c44::SocketChannelEndPoint@5e9639a8{l=/127.0.0.1:40197,r=/127.0.0.1:33986,OPEN,fill=-,flush=-,to=1/30000}{io=0/0,kio=0,kro=1}->SslConnection@30197c44{NOT_HANDSHAKING,eio=-1/-1,di=-1,fill=INTERESTED,flush=IDLE}~>DecryptedEndPoint@5b6300e9{l=/127.0.0.1:40197,r=/127.0.0.1:33986,OPEN,fill=FI,flush=-,to=2/30000}=>HttpConnection@e924f38[p=HttpParser{s=START,0 of -1},g=HttpGenerator@733e46e6{s=START}]=>HttpChannelOverHttp@26e2b4a0{s=HttpChannelState@345724b2{s=IDLE rs=BLOCKING os=OPEN is=IDLE awp=false se=false i=true al=0},r=0,c=false/false,a=IDLE,uri=null,age=0}
02:56:42.071 [qtp782228073-57] DEBUG org.eclipse.jetty.io.FillInterest - fillable FillInterest@6f493c36{AC.ReadCB@e924f38{HttpConnection@e924f38::DecryptedEndPoint@5b6300e9{l=/127.0.0.1:40197,r=/127.0.0.1:33986,OPEN,fill=FI,flush=-,to=2/30000}}}
02:56:42.071 [qtp782228073-57] DEBUG org.eclipse.jetty.server.HttpConnection - HttpConnection@e924f38::DecryptedEndPoint@5b6300e9{l=/127.0.0.1:40197,r=/127.0.0.1:33986,OPEN,fill=-,flush=-,to=2/30000} onFillable enter HttpChannelState@345724b2{s=IDLE rs=BLOCKING os=OPEN is=IDLE awp=false se=false i=true al=0} null
02:56:42.071 [qtp782228073-57] DEBUG org.eclipse.jetty.io.ssl.SslConnection - >fill SslConnection@30197c44::SocketChannelEndPoint@5e9639a8{l=/127.0.0.1:40197,r=/127.0.0.1:33986,OPEN,fill=-,flush=-,to=2/30000}{io=0/0,kio=0,kro=1}->SslConnection@30197c44{NOT_HANDSHAKING,eio=-1/-1,di=-1,fill=IDLE,flush=IDLE}~>DecryptedEndPoint@5b6300e9{l=/127.0.0.1:40197,r=/127.0.0.1:33986,OPEN,fill=-,flush=-,to=2/30000}=>HttpConnection@e924f38[p=HttpParser{s=START,0 of -1},g=HttpGenerator@733e46e6{s=START}]=>HttpChannelOverHttp@26e2b4a0{s=HttpChannelState@345724b2{s=IDLE rs=BLOCKING os=OPEN is=IDLE awp=false se=false i=true al=0},r=0,c=false/false,a=IDLE,uri=null,age=0}
02:56:42.071 [qtp782228073-57] DEBUG org.eclipse.jetty.io.ssl.SslConnection - fill NOT_HANDSHAKING
02:56:42.071 [qtp782228073-57] DEBUG org.eclipse.jetty.io.ChannelEndPoint - filled 339 HeapByteBuffer@7acd6f6f[p=0,l=339,c=17408,r=339]={<<<\x16\x03\x03\x01N\x01\x00\x01J\x03\x03\x8f\xC6\xDd\xB5d\xA5F\xF6\xC1\xF0U\x8eg\xB3...\x90s\x81=\xF8<k\xDam\xC4\xA15&yX\x821A\xFf\x01\x00\x01\x00>>>\xF9\xFb}{\xC0\xFag\xC6G...\x00\x00\x00\x00\x00\x00\x00}
02:56:42.071 [qtp782228073-57] DEBUG org.eclipse.jetty.io.ssl.SslConnection - net filled=339
02:56:42.071 [qtp782228073-57] DEBUG org.eclipse.jetty.io.ssl.SslConnection - fill starting handshake SslConnection@30197c44::SocketChannelEndPoint@5e9639a8{l=/127.0.0.1:40197,r=/127.0.0.1:33986,OPEN,fill=-,flush=-,to=0/30000}{io=0/0,kio=0,kro=1}->SslConnection@30197c44{NOT_HANDSHAKING,eio=339/-1,di=-1,fill=IDLE,flush=IDLE}~>DecryptedEndPoint@5b6300e9{l=/127.0.0.1:40197,r=/127.0.0.1:33986,OPEN,fill=-,flush=-,to=2/30000}=>HttpConnection@e924f38[p=HttpParser{s=START,0 of -1},g=HttpGenerator@733e46e6{s=START}]=>HttpChannelOverHttp@26e2b4a0{s=HttpChannelState@345724b2{s=IDLE rs=BLOCKING os=OPEN is=IDLE awp=false se=false i=true al=0},r=0,c=false/false,a=IDLE,uri=null,age=0}
02:56:42.072 [qtp782228073-57] DEBUG org.eclipse.jetty.io.ssl.SslConnection - unwrap net_filled=339 Status = OK HandshakeStatus = NEED_TASK bytesConsumed = 339 bytesProduced = 0 encryptedBuffer=[p=339,l=339,c=17408,r=0] unwrapBuffer=HeapByteBuffer@740a9f9e[p=0,l=0,c=17408,r=0]={<<<>>>\x17\x03\x03\x00\xC9\xF1\xA3\x13\xBa...\x00\x00\x00\x00\x00\x00\x00} appBuffer=HeapByteBuffer@740a9f9e[p=0,l=0,c=17408,r=0]={<<<>>>\x17\x03\x03\x00\xC9\xF1\xA3\x13\xBa...\x00\x00\x00\x00\x00\x00\x00}
02:56:42.072 [qtp782228073-57] DEBUG org.eclipse.jetty.io.ssl.SslConnection - fill NEED_TASK
02:56:42.080 [qtp782228073-57] DEBUG org.eclipse.jetty.io.ssl.SslConnection - fill NEED_WRAP
02:56:42.081 [qtp782228073-57] DEBUG org.eclipse.jetty.io.ssl.SslConnection - >flush SslConnection@30197c44::SocketChannelEndPoint@5e9639a8{l=/127.0.0.1:40197,r=/127.0.0.1:33986,OPEN,fill=-,flush=-,to=9/30000}{io=0/0,kio=0,kro=1}->SslConnection@30197c44{NEED_WRAP,eio=0/-1,di=-1,fill=IDLE,flush=IDLE}~>DecryptedEndPoint@5b6300e9{l=/127.0.0.1:40197,r=/127.0.0.1:33986,OPEN,fill=-,flush=-,to=12/30000}=>HttpConnection@e924f38[p=HttpParser{s=START,0 of -1},g=HttpGenerator@733e46e6{s=START}]=>HttpChannelOverHttp@26e2b4a0{s=HttpChannelState@345724b2{s=IDLE rs=BLOCKING os=OPEN is=IDLE awp=false se=false i=true al=0},r=0,c=false/false,a=IDLE,uri=null,age=0}
02:56:42.081 [qtp782228073-57] DEBUG org.eclipse.jetty.io.ssl.SslConnection - flush b[0]=HeapByteBuffer@58f161d6[p=0,l=0,c=0,r=0]={<<<>>>}
02:56:42.081 [qtp782228073-57] DEBUG org.eclipse.jetty.io.ssl.SslConnection - flush NEED_WRAP
02:56:42.081 [qtp782228073-57] DEBUG org.eclipse.jetty.io.ssl.SslConnection - wrap Status = OK HandshakeStatus = NEED_WRAP bytesConsumed = 0 bytesProduced = 160 [p=0,l=160,c=17408,r=160] ioDone=false/false
02:56:42.081 [qtp782228073-57] DEBUG org.eclipse.jetty.io.ChannelEndPoint - flushed 160 SocketChannelEndPoint@5e9639a8{l=/127.0.0.1:40197,r=/127.0.0.1:33986,OPEN,fill=-,flush=-,to=9/30000}{io=0/0,kio=0,kro=1}->SslConnection@30197c44{NEED_WRAP,eio=0/0,di=-1,fill=IDLE,flush=IDLE}~>DecryptedEndPoint@5b6300e9{l=/127.0.0.1:40197,r=/127.0.0.1:33986,OPEN,fill=-,flush=-,to=12/30000}=>HttpConnection@e924f38[p=HttpParser{s=START,0 of -1},g=HttpGenerator@733e46e6{s=START}]=>HttpChannelOverHttp@26e2b4a0{s=HttpChannelState@345724b2{s=IDLE rs=BLOCKING os=OPEN is=IDLE awp=false se=false i=true al=0},r=0,c=false/false,a=IDLE,uri=null,age=0}
02:56:42.081 [qtp782228073-57] DEBUG org.eclipse.jetty.io.ssl.SslConnection - net flushed=true, ac=true
02:56:42.081 [qtp782228073-57] DEBUG org.eclipse.jetty.io.ssl.SslConnection - flush NEED_WRAP
02:56:42.081 [qtp782228073-57] DEBUG org.eclipse.jetty.io.ssl.SslConnection - wrap Status = OK HandshakeStatus = NEED_WRAP bytesConsumed = 0 bytesProduced = 6 [p=0,l=6,c=17408,r=6] ioDone=false/false
02:56:42.081 [qtp782228073-57] DEBUG org.eclipse.jetty.io.ChannelEndPoint - flushed 6 SocketChannelEndPoint@5e9639a8{l=/127.0.0.1:40197,r=/127.0.0.1:33986,OPEN,fill=-,flush=-,to=0/30000}{io=0/0,kio=0,kro=1}->SslConnection@30197c44{NEED_WRAP,eio=0/0,di=-1,fill=IDLE,flush=IDLE}~>DecryptedEndPoint@5b6300e9{l=/127.0.0.1:40197,r=/127.0.0.1:33986,OPEN,fill=-,flush=-,to=12/30000}=>HttpConnection@e924f38[p=HttpParser{s=START,0 of -1},g=HttpGenerator@733e46e6{s=START}]=>HttpChannelOverHttp@26e2b4a0{s=HttpChannelState@345724b2{s=IDLE rs=BLOCKING os=OPEN is=IDLE awp=false se=false i=true al=0},r=0,c=false/false,a=IDLE,uri=null,age=0}
02:56:42.081 [qtp782228073-57] DEBUG org.eclipse.jetty.io.ssl.SslConnection - net flushed=true, ac=true
02:56:42.081 [qtp782228073-57] DEBUG org.eclipse.jetty.io.ssl.SslConnection - flush NEED_WRAP
02:56:42.081 [qtp782228073-57] DEBUG org.eclipse.jetty.io.ssl.SslConnection - wrap Status = OK HandshakeStatus = NEED_UNWRAP bytesConsumed = 0 bytesProduced = 1597 [p=0,l=1597,c=17408,r=1597] ioDone=false/false
02:56:42.081 [qtp782228073-57] DEBUG org.eclipse.jetty.io.ChannelEndPoint - flushed 1597 SocketChannelEndPoint@5e9639a8{l=/127.0.0.1:40197,r=/127.0.0.1:33986,OPEN,fill=-,flush=-,to=0/30000}{io=0/0,kio=0,kro=1}->SslConnection@30197c44{NEED_UNWRAP,eio=0/0,di=-1,fill=IDLE,flush=IDLE}~>DecryptedEndPoint@5b6300e9{l=/127.0.0.1:40197,r=/127.0.0.1:33986,OPEN,fill=-,flush=-,to=13/30000}=>HttpConnection@e924f38[p=HttpParser{s=START,0 of -1},g=HttpGenerator@733e46e6{s=START}]=>HttpChannelOverHttp@26e2b4a0{s=HttpChannelState@345724b2{s=IDLE rs=BLOCKING os=OPEN is=IDLE awp=false se=false i=true al=0},r=0,c=false/false,a=IDLE,uri=null,age=0}
02:56:42.082 [qtp782228073-57] DEBUG org.eclipse.jetty.io.ssl.SslConnection - net flushed=true, ac=true
02:56:42.082 [qtp782228073-57] DEBUG org.eclipse.jetty.io.ssl.SslConnection - <flush true SslConnection@30197c44::SocketChannelEndPoint@5e9639a8{l=/127.0.0.1:40197,r=/127.0.0.1:33986,OPEN,fill=-,flush=-,to=0/30000}{io=0/0,kio=0,kro=1}->SslConnection@30197c44{NEED_UNWRAP,eio=0/-1,di=-1,fill=IDLE,flush=IDLE}~>DecryptedEndPoint@5b6300e9{l=/127.0.0.1:40197,r=/127.0.0.1:33986,OPEN,fill=-,flush=-,to=13/30000}=>HttpConnection@e924f38[p=HttpParser{s=START,0 of -1},g=HttpGenerator@733e46e6{s=START}]=>HttpChannelOverHttp@26e2b4a0{s=HttpChannelState@345724b2{s=IDLE rs=BLOCKING os=OPEN is=IDLE awp=false se=false i=true al=0},r=0,c=false/false,a=IDLE,uri=null,age=0}
02:56:42.082 [qtp782228073-57] DEBUG org.eclipse.jetty.io.ssl.SslConnection - fill NEED_UNWRAP
02:56:42.082 [qtp782228073-57] DEBUG org.eclipse.jetty.io.ChannelEndPoint - filled 0 HeapByteBuffer@7acd6f6f[p=0,l=0,c=17408,r=0]={<<<>>>\x16\x03\x03\x01N\x01\x00\x01J...\x00\x00\x00\x00\x00\x00\x00}
02:56:42.082 [qtp782228073-57] DEBUG org.eclipse.jetty.io.ssl.SslConnection - net filled=0
02:56:42.082 [qtp782228073-57] DEBUG org.eclipse.jetty.io.ssl.SslConnection - unwrap net_filled=0 Status = BUFFER_UNDERFLOW HandshakeStatus = NEED_UNWRAP bytesConsumed = 0 bytesProduced = 0 encryptedBuffer=[p=0,l=0,c=17408,r=0] unwrapBuffer=HeapByteBuffer@740a9f9e[p=0,l=0,c=17408,r=0]={<<<>>>\x17\x03\x03\x00\xC9\xF1\xA3\x13\xBa...\x00\x00\x00\x00\x00\x00\x00} appBuffer=HeapByteBuffer@740a9f9e[p=0,l=0,c=17408,r=0]={<<<>>>\x17\x03\x03\x00\xC9\xF1\xA3\x13\xBa...\x00\x00\x00\x00\x00\x00\x00}
02:56:42.082 [qtp782228073-57] DEBUG org.eclipse.jetty.io.ssl.SslConnection - <fill f=0 uf=true SslConnection@30197c44::SocketChannelEndPoint@5e9639a8{l=/127.0.0.1:40197,r=/127.0.0.1:33986,OPEN,fill=-,flush=-,to=0/30000}{io=0/0,kio=0,kro=1}->SslConnection@30197c44{NEED_UNWRAP,eio=-1/-1,di=-1,fill=IDLE,flush=IDLE}~>DecryptedEndPoint@5b6300e9{l=/127.0.0.1:40197,r=/127.0.0.1:33986,OPEN,fill=-,flush=-,to=13/30000}=>HttpConnection@e924f38[p=HttpParser{s=START,0 of -1},g=HttpGenerator@733e46e6{s=START}]=>HttpChannelOverHttp@26e2b4a0{s=HttpChannelState@345724b2{s=IDLE rs=BLOCKING os=OPEN is=IDLE awp=false se=false i=true al=0},r=0,c=false/false,a=IDLE,uri=null,age=0}
02:56:42.082 [qtp782228073-57] DEBUG org.eclipse.jetty.io.ssl.SslConnection - >fill SslConnection@30197c44::SocketChannelEndPoint@5e9639a8{l=/127.0.0.1:40197,r=/127.0.0.1:33986,OPEN,fill=-,flush=-,to=0/30000}{io=0/0,kio=0,kro=1}->SslConnection@30197c44{NEED_UNWRAP,eio=-1/-1,di=-1,fill=IDLE,flush=IDLE}~>DecryptedEndPoint@5b6300e9{l=/127.0.0.1:40197,r=/127.0.0.1:33986,OPEN,fill=-,flush=-,to=13/30000}=>HttpConnection@e924f38[p=HttpParser{s=START,0 of -1},g=HttpGenerator@733e46e6{s=START}]=>HttpChannelOverHttp@26e2b4a0{s=HttpChannelState@345724b2{s=IDLE rs=BLOCKING os=OPEN is=IDLE awp=false se=false i=true al=0},r=0,c=false/false,a=IDLE,uri=null,age=0}
02:56:42.082 [qtp782228073-57] DEBUG org.eclipse.jetty.io.ssl.SslConnection - fill NEED_UNWRAP
02:56:42.082 [qtp782228073-57] DEBUG org.eclipse.jetty.io.ChannelEndPoint - filled 0 HeapByteBuffer@1b26ebdb[p=0,l=0,c=17408,r=0]={<<<>>>\x17\x03\x03\x0681\x94\x03\xC6...\x00\x00\x00\x00\x00\x00\x00}
02:56:42.082 [qtp782228073-57] DEBUG org.eclipse.jetty.io.ssl.SslConnection - net filled=0
02:56:42.082 [qtp782228073-57] DEBUG org.eclipse.jetty.io.ssl.SslConnection - unwrap net_filled=0 Status = BUFFER_UNDERFLOW HandshakeStatus = NEED_UNWRAP bytesConsumed = 0 bytesProduced = 0 encryptedBuffer=[p=0,l=0,c=17408,r=0] unwrapBuffer=HeapByteBuffer@740a9f9e[p=0,l=0,c=17408,r=0]={<<<>>>\x17\x03\x03\x00\xC9\xF1\xA3\x13\xBa...\x00\x00\x00\x00\x00\x00\x00} appBuffer=HeapByteBuffer@740a9f9e[p=0,l=0,c=17408,r=0]={<<<>>>\x17\x03\x03\x00\xC9\xF1\xA3\x13\xBa...\x00\x00\x00\x00\x00\x00\x00}
02:56:42.082 [qtp782228073-57] DEBUG org.eclipse.jetty.io.ssl.SslConnection - <fill f=0 uf=true SslConnection@30197c44::SocketChannelEndPoint@5e9639a8{l=/127.0.0.1:40197,r=/127.0.0.1:33986,OPEN,fill=-,flush=-,to=0/30000}{io=0/0,kio=0,kro=1}->SslConnection@30197c44{NEED_UNWRAP,eio=-1/-1,di=-1,fill=IDLE,flush=IDLE}~>DecryptedEndPoint@5b6300e9{l=/127.0.0.1:40197,r=/127.0.0.1:33986,OPEN,fill=-,flush=-,to=13/30000}=>HttpConnection@e924f38[p=HttpParser{s=START,0 of -1},g=HttpGenerator@733e46e6{s=START}]=>HttpChannelOverHttp@26e2b4a0{s=HttpChannelState@345724b2{s=IDLE rs=BLOCKING os=OPEN is=IDLE awp=false se=false i=true al=0},r=0,c=false/false,a=IDLE,uri=null,age=0}
02:56:42.082 [qtp782228073-57] DEBUG org.eclipse.jetty.server.HttpConnection - HttpConnection@e924f38::DecryptedEndPoint@5b6300e9{l=/127.0.0.1:40197,r=/127.0.0.1:33986,OPEN,fill=-,flush=-,to=13/30000} filled 0 HeapByteBuffer@740a9f9e[p=0,l=0,c=17408,r=0]={<<<>>>\x17\x03\x03\x00\xC9\xF1\xA3\x13\xBa...\x00\x00\x00\x00\x00\x00\x00}
02:56:42.082 [qtp782228073-57] DEBUG org.eclipse.jetty.server.HttpConnection - HttpConnection@e924f38::DecryptedEndPoint@5b6300e9{l=/127.0.0.1:40197,r=/127.0.0.1:33986,OPEN,fill=-,flush=-,to=13/30000} parse HeapByteBuffer@740a9f9e[p=0,l=0,c=17408,r=0]={<<<>>>\x17\x03\x03\x00\xC9\xF1\xA3\x13\xBa...\x00\x00\x00\x00\x00\x00\x00} {}
02:56:42.082 [qtp782228073-57] DEBUG org.eclipse.jetty.http.HttpParser - parseNext s=START HeapByteBuffer@740a9f9e[p=0,l=0,c=17408,r=0]={<<<>>>\x17\x03\x03\x00\xC9\xF1\xA3\x13\xBa...\x00\x00\x00\x00\x00\x00\x00}
02:56:42.082 [qtp782228073-57] DEBUG org.eclipse.jetty.server.HttpConnection - HttpConnection@e924f38::DecryptedEndPoint@5b6300e9{l=/127.0.0.1:40197,r=/127.0.0.1:33986,OPEN,fill=-,flush=-,to=13/30000} parsed false HttpParser{s=START,0 of -1}
02:56:42.082 [qtp782228073-57] DEBUG org.eclipse.jetty.server.HttpConnection - releaseRequestBuffer HttpConnection@e924f38::DecryptedEndPoint@5b6300e9{l=/127.0.0.1:40197,r=/127.0.0.1:33986,OPEN,fill=-,flush=-,to=13/30000}
02:56:42.082 [qtp782228073-57] DEBUG org.eclipse.jetty.io.AbstractConnection - fillInterested HttpConnection@e924f38::DecryptedEndPoint@5b6300e9{l=/127.0.0.1:40197,r=/127.0.0.1:33986,OPEN,fill=-,flush=-,to=13/30000}
02:56:42.082 [qtp782228073-57] DEBUG org.eclipse.jetty.io.FillInterest - interested FillInterest@6f493c36{AC.ReadCB@e924f38{HttpConnection@e924f38::DecryptedEndPoint@5b6300e9{l=/127.0.0.1:40197,r=/127.0.0.1:33986,OPEN,fill=FI,flush=-,to=0/30000}}}
02:56:42.082 [qtp782228073-57] DEBUG org.eclipse.jetty.io.ssl.SslConnection - >needFillInterest s=IDLE/IDLE uf=true ei=null di=null SslConnection@30197c44::SocketChannelEndPoint@5e9639a8{l=/127.0.0.1:40197,r=/127.0.0.1:33986,OPEN,fill=-,flush=-,to=0/30000}{io=0/0,kio=0,kro=1}->SslConnection@30197c44{NEED_UNWRAP,eio=-1/-1,di=-1,fill=IDLE,flush=IDLE}~>DecryptedEndPoint@5b6300e9{l=/127.0.0.1:40197,r=/127.0.0.1:33986,OPEN,fill=FI,flush=-,to=0/30000}=>HttpConnection@e924f38[p=HttpParser{s=START,0 of -1},g=HttpGenerator@733e46e6{s=START}]=>HttpChannelOverHttp@26e2b4a0{s=HttpChannelState@345724b2{s=IDLE rs=BLOCKING os=OPEN is=IDLE awp=false se=false i=true al=0},r=0,c=false/false,a=IDLE,uri=null,age=0}
02:56:42.082 [qtp782228073-57] DEBUG org.eclipse.jetty.io.ssl.SslConnection - <needFillInterest s=IDLE/INTERESTED f=false i=true w=null
02:56:42.082 [qtp782228073-57] DEBUG org.eclipse.jetty.io.ssl.SslConnection - ensureFillInterested SslConnection@30197c44::SocketChannelEndPoint@5e9639a8{l=/127.0.0.1:40197,r=/127.0.0.1:33986,OPEN,fill=-,flush=-,to=0/30000}{io=0/0,kio=0,kro=1}->SslConnection@30197c44{NEED_UNWRAP,eio=-1/-1,di=-1,fill=INTERESTED,flush=IDLE}~>DecryptedEndPoint@5b6300e9{l=/127.0.0.1:40197,r=/127.0.0.1:33986,OPEN,fill=FI,flush=-,to=0/30000}=>HttpConnection@e924f38[p=HttpParser{s=START,0 of -1},g=HttpGenerator@733e46e6{s=START}]=>HttpChannelOverHttp@26e2b4a0{s=HttpChannelState@345724b2{s=IDLE rs=BLOCKING os=OPEN is=IDLE awp=false se=false i=true al=0},r=0,c=false/false,a=IDLE,uri=null,age=0}
02:56:42.082 [qtp782228073-57] DEBUG org.eclipse.jetty.io.FillInterest - interested FillInterest@6748756c{SSLC.NBReadCB@30197c44{SslConnection@30197c44::SocketChannelEndPoint@5e9639a8{l=/127.0.0.1:40197,r=/127.0.0.1:33986,OPEN,fill=FI,flush=-,to=0/30000}{io=0/0,kio=0,kro=1}->SslConnection@30197c44{NEED_UNWRAP,eio=-1/-1,di=-1,fill=INTERESTED,flush=IDLE}~>DecryptedEndPoint@5b6300e9{l=/127.0.0.1:40197,r=/127.0.0.1:33986,OPEN,fill=FI,flush=-,to=0/30000}=>HttpConnection@e924f38[p=HttpParser{s=START,0 of -1},g=HttpGenerator@733e46e6{s=START}]=>HttpChannelOverHttp@26e2b4a0{s=HttpChannelState@345724b2{s=IDLE rs=BLOCKING os=OPEN is=IDLE awp=false se=false i=true al=0},r=0,c=false/false,a=IDLE,uri=null,age=0}}}
02:56:42.082 [qtp782228073-57] DEBUG org.eclipse.jetty.io.ChannelEndPoint - changeInterests p=false 0->1 for SocketChannelEndPoint@5e9639a8{l=/127.0.0.1:40197,r=/127.0.0.1:33986,OPEN,fill=FI,flush=-,to=0/30000}{io=0/1,kio=0,kro=1}->SslConnection@30197c44{NEED_UNWRAP,eio=-1/-1,di=-1,fill=INTERESTED,flush=IDLE}~>DecryptedEndPoint@5b6300e9{l=/127.0.0.1:40197,r=/127.0.0.1:33986,OPEN,fill=FI,flush=-,to=0/30000}=>HttpConnection@e924f38[p=HttpParser{s=START,0 of -1},g=HttpGenerator@733e46e6{s=START}]=>HttpChannelOverHttp@26e2b4a0{s=HttpChannelState@345724b2{s=IDLE rs=BLOCKING os=OPEN is=IDLE awp=false se=false i=true al=0},r=0,c=false/false,a=IDLE,uri=null,age=0}
02:56:42.082 [qtp782228073-57] DEBUG org.eclipse.jetty.io.ManagedSelector - Queued change lazy=false org.eclipse.jetty.io.ChannelEndPoint$$Lambda$255/899789472@1cc8de9d on ManagedSelector@56c698e3{STARTED} id=2 keys=1 selected=0 updates=0
02:56:42.082 [qtp782228073-57] DEBUG org.eclipse.jetty.io.ManagedSelector - Wakeup on submit ManagedSelector@56c698e3{STARTED} id=2 keys=1 selected=0 updates=1
02:56:42.082 [qtp782228073-61] DEBUG org.eclipse.jetty.io.ManagedSelector - Selector sun.nio.ch.EPollSelectorImpl@154e726d woken with none selected
02:56:42.082 [qtp782228073-57] DEBUG org.eclipse.jetty.server.HttpConnection - HttpConnection@e924f38::DecryptedEndPoint@5b6300e9{l=/127.0.0.1:40197,r=/127.0.0.1:33986,OPEN,fill=FI,flush=-,to=0/30000} onFillable exit HttpChannelState@345724b2{s=IDLE rs=BLOCKING os=OPEN is=IDLE awp=false se=false i=true al=0} null
02:56:42.082 [qtp782228073-61] DEBUG org.eclipse.jetty.io.ManagedSelector - Selector sun.nio.ch.EPollSelectorImpl@154e726d woken up from select, 0/0/1 selected
02:56:42.083 [qtp782228073-61] DEBUG org.eclipse.jetty.io.ManagedSelector - Selector sun.nio.ch.EPollSelectorImpl@154e726d processing 0 keys, 1 updates
02:56:42.083 [qtp782228073-57] DEBUG org.eclipse.jetty.io.ssl.SslConnection - <c.onFillable SslConnection@30197c44::SocketChannelEndPoint@5e9639a8{l=/127.0.0.1:40197,r=/127.0.0.1:33986,OPEN,fill=FI,flush=-,to=0/30000}{io=0/1,kio=0,kro=1}->SslConnection@30197c44{NEED_UNWRAP,eio=-1/-1,di=-1,fill=INTERESTED,flush=IDLE}~>DecryptedEndPoint@5b6300e9{l=/127.0.0.1:40197,r=/127.0.0.1:33986,OPEN,fill=FI,flush=-,to=0/30000}=>HttpConnection@e924f38[p=HttpParser{s=START,0 of -1},g=HttpGenerator@733e46e6{s=START}]=>HttpChannelOverHttp@26e2b4a0{s=HttpChannelState@345724b2{s=IDLE rs=BLOCKING os=OPEN is=IDLE awp=false se=false i=true al=0},r=0,c=false/false,a=IDLE,uri=null,age=0}
02:56:42.083 [qtp782228073-61] DEBUG org.eclipse.jetty.io.ManagedSelector - updateable 1
02:56:42.083 [qtp782228073-61] DEBUG org.eclipse.jetty.io.ManagedSelector - update org.eclipse.jetty.io.ChannelEndPoint$$Lambda$255/899789472@1cc8de9d
02:56:42.083 [qtp782228073-57] DEBUG org.eclipse.jetty.util.thread.QueuedThreadPool - ran org.eclipse.jetty.io.ManagedSelector$$Lambda$253/838473569@32c8e539 in QueuedThreadPool[qtp782228073]@2e9fda69{STARTED,8<=8<=200,i=1,r=-1,q=0}[ReservedThreadExecutor@47a5b70d{reserved=1/8,pending=0}]
02:56:42.083 [qtp782228073-61] DEBUG org.eclipse.jetty.io.ChannelEndPoint - Key interests updated 0 -> 1 on SocketChannelEndPoint@5e9639a8{l=/127.0.0.1:40197,r=/127.0.0.1:33986,OPEN,fill=FI,flush=-,to=0/30000}{io=1/1,kio=1,kro=1}->SslConnection@30197c44{NEED_UNWRAP,eio=-1/-1,di=-1,fill=INTERESTED,flush=IDLE}~>DecryptedEndPoint@5b6300e9{l=/127.0.0.1:40197,r=/127.0.0.1:33986,OPEN,fill=FI,flush=-,to=0/30000}=>HttpConnection@e924f38[p=HttpParser{s=START,0 of -1},g=HttpGenerator@733e46e6{s=START}]=>HttpChannelOverHttp@26e2b4a0{s=HttpChannelState@345724b2{s=IDLE rs=BLOCKING os=OPEN is=IDLE awp=false se=false i=true al=0},r=0,c=false/false,a=IDLE,uri=null,age=0}
02:56:42.083 [qtp782228073-61] DEBUG org.eclipse.jetty.io.ManagedSelector - updates 0
02:56:42.083 [qtp782228073-61] DEBUG org.eclipse.jetty.io.ManagedSelector - Selector sun.nio.ch.EPollSelectorImpl@154e726d waiting with 1 keys
02:56:42.084 [qtp782228073-61] DEBUG org.eclipse.jetty.io.ManagedSelector - Selector sun.nio.ch.EPollSelectorImpl@154e726d woken up from select, 1/1/1 selected
02:56:42.084 [qtp782228073-61] DEBUG org.eclipse.jetty.io.ManagedSelector - Selector sun.nio.ch.EPollSelectorImpl@154e726d processing 1 keys, 0 updates
02:56:42.084 [qtp782228073-61] DEBUG org.eclipse.jetty.io.ManagedSelector - selected 1 sun.nio.ch.SelectionKeyImpl@1b898eb4 SocketChannelEndPoint@5e9639a8{l=/127.0.0.1:40197,r=/127.0.0.1:33986,OPEN,fill=FI,flush=-,to=2/30000}{io=1/1,kio=1,kro=1}->SslConnection@30197c44{NEED_UNWRAP,eio=-1/-1,di=-1,fill=INTERESTED,flush=IDLE}~>DecryptedEndPoint@5b6300e9{l=/127.0.0.1:40197,r=/127.0.0.1:33986,OPEN,fill=FI,flush=-,to=2/30000}=>HttpConnection@e924f38[p=HttpParser{s=START,0 of -1},g=HttpGenerator@733e46e6{s=START}]=>HttpChannelOverHttp@26e2b4a0{s=HttpChannelState@345724b2{s=IDLE rs=BLOCKING os=OPEN is=IDLE awp=false se=false i=true al=0},r=0,c=false/false,a=IDLE,uri=null,age=0} 
02:56:42.084 [qtp782228073-61] DEBUG org.eclipse.jetty.io.ChannelEndPoint - onSelected 1->0 r=true w=false for SocketChannelEndPoint@5e9639a8{l=/127.0.0.1:40197,r=/127.0.0.1:33986,OPEN,fill=FI,flush=-,to=2/30000}{io=1/0,kio=1,kro=1}->SslConnection@30197c44{NEED_UNWRAP,eio=-1/-1,di=-1,fill=INTERESTED,flush=IDLE}~>DecryptedEndPoint@5b6300e9{l=/127.0.0.1:40197,r=/127.0.0.1:33986,OPEN,fill=FI,flush=-,to=2/30000}=>HttpConnection@e924f38[p=HttpParser{s=START,0 of -1},g=HttpGenerator@733e46e6{s=START}]=>HttpChannelOverHttp@26e2b4a0{s=HttpChannelState@345724b2{s=IDLE rs=BLOCKING os=OPEN is=IDLE awp=false se=false i=true al=0},r=0,c=false/false,a=IDLE,uri=null,age=0}
02:56:42.085 [qtp782228073-61] DEBUG org.eclipse.jetty.io.ChannelEndPoint - task CEP:SocketChannelEndPoint@5e9639a8{l=/127.0.0.1:40197,r=/127.0.0.1:33986,OPEN,fill=FI,flush=-,to=2/30000}{io=1/0,kio=1,kro=1}->SslConnection@30197c44{NEED_UNWRAP,eio=-1/-1,di=-1,fill=INTERESTED,flush=IDLE}~>DecryptedEndPoint@5b6300e9{l=/127.0.0.1:40197,r=/127.0.0.1:33986,OPEN,fill=FI,flush=-,to=2/30000}=>HttpConnection@e924f38[p=HttpParser{s=START,0 of -1},g=HttpGenerator@733e46e6{s=START}]=>HttpChannelOverHttp@26e2b4a0{s=HttpChannelState@345724b2{s=IDLE rs=BLOCKING os=OPEN is=IDLE awp=false se=false i=true al=0},r=0,c=false/false,a=IDLE,uri=null,age=0}:runFillable:BLOCKING
02:56:42.085 [qtp782228073-61] DEBUG org.eclipse.jetty.util.thread.ReservedThreadExecutor - ReservedThreadExecutor@47a5b70d{reserved=1/8,pending=0} tryExecute EatWhatYouKill@5733f295/SelectorProducer@1c3146bc/PRODUCING/p=false/QueuedThreadPool[qtp782228073]@2e9fda69{STARTED,8<=8<=200,i=2,r=-1,q=0}[ReservedThreadExecutor@47a5b70d{reserved=1/8,pending=0}][pc=0,pic=0,pec=0,epc=1]@2024-05-02T02:56:42.085+01:00
02:56:42.085 [qtp782228073-61] DEBUG org.eclipse.jetty.util.thread.ReservedThreadExecutor - ReservedThreadExecutor@47a5b70d{reserved=0/8,pending=1} startReservedThread p=1
02:56:42.085 [qtp782228073-61] DEBUG org.eclipse.jetty.util.thread.QueuedThreadPool - queue ReservedThread@47fd854{PENDING,thread=null} startThread=0
02:56:42.085 [qtp782228073-55] DEBUG org.eclipse.jetty.util.thread.QueuedThreadPool - run ReservedThread@47fd854{PENDING,thread=null} in QueuedThreadPool[qtp782228073]@2e9fda69{STARTED,8<=8<=200,i=1,r=-1,q=0}[ReservedThreadExecutor@47a5b70d{reserved=0/8,pending=1}]
02:56:42.085 [qtp782228073-55] DEBUG org.eclipse.jetty.util.thread.ReservedThreadExecutor - ReservedThread@47fd854{PENDING,thread=Thread[qtp782228073-55,5,main]} was=PENDING next=RESERVED size=0+1 capacity=8
02:56:42.085 [qtp782228073-55] DEBUG org.eclipse.jetty.util.thread.ReservedThreadExecutor - ReservedThread@47fd854{RESERVED,thread=Thread[qtp782228073-55,5,main]} waiting ReservedThreadExecutor@47a5b70d{reserved=1/8,pending=0}
02:56:42.085 [qtp782228073-62] DEBUG org.eclipse.jetty.util.thread.ReservedThreadExecutor - ReservedThread@404ae0d7{RESERVED,thread=Thread[qtp782228073-62,5,main]} task=EatWhatYouKill@5733f295/SelectorProducer@1c3146bc/IDLE/p=true/QueuedThreadPool[qtp782228073]@2e9fda69{STARTED,8<=8<=200,i=1,r=-1,q=0}[ReservedThreadExecutor@47a5b70d{reserved=0/8,pending=1}][pc=0,pic=0,pec=0,epc=1]@2024-05-02T02:56:42.085+01:00 ReservedThreadExecutor@47a5b70d{reserved=1/8,pending=0}
02:56:42.085 [qtp782228073-62] DEBUG org.eclipse.jetty.util.thread.strategy.EatWhatYouKill - EatWhatYouKill@5733f295/SelectorProducer@1c3146bc/IDLE/p=true/QueuedThreadPool[qtp782228073]@2e9fda69{STARTED,8<=8<=200,i=1,r=-1,q=0}[ReservedThreadExecutor@47a5b70d{reserved=1/8,pending=0}][pc=0,pic=0,pec=0,epc=1]@2024-05-02T02:56:42.085+01:00 tryProduce true
02:56:42.085 [qtp782228073-62] DEBUG org.eclipse.jetty.io.ManagedSelector - updateable 0
02:56:42.085 [qtp782228073-61] DEBUG org.eclipse.jetty.util.thread.strategy.EatWhatYouKill - EatWhatYouKill@5733f295/SelectorProducer@1c3146bc/IDLE/p=true/QueuedThreadPool[qtp782228073]@2e9fda69{STARTED,8<=8<=200,i=1,r=-1,q=0}[ReservedThreadExecutor@47a5b70d{reserved=1/8,pending=0}][pc=0,pic=0,pec=0,epc=1]@2024-05-02T02:56:42.085+01:00 m=EXECUTE_PRODUCE_CONSUME t=CEP:SocketChannelEndPoint@5e9639a8{l=/127.0.0.1:40197,r=/127.0.0.1:33986,OPEN,fill=FI,flush=-,to=2/30000}{io=1/0,kio=1,kro=1}->SslConnection@30197c44{NEED_UNWRAP,eio=-1/-1,di=-1,fill=INTERESTED,flush=IDLE}~>DecryptedEndPoint@5b6300e9{l=/127.0.0.1:40197,r=/127.0.0.1:33986,OPEN,fill=FI,flush=-,to=3/30000}=>HttpConnection@e924f38[p=HttpParser{s=START,0 of -1},g=HttpGenerator@733e46e6{s=START}]=>HttpChannelOverHttp@26e2b4a0{s=HttpChannelState@345724b2{s=IDLE rs=BLOCKING os=OPEN is=IDLE awp=false se=false i=true al=0},r=0,c=false/false,a=IDLE,uri=null,age=0}:runFillable:BLOCKING/BLOCKING
02:56:42.085 [qtp782228073-62] DEBUG org.eclipse.jetty.io.ManagedSelector - updates 0
02:56:42.085 [qtp782228073-61] DEBUG org.eclipse.jetty.io.FillInterest - fillable FillInterest@6748756c{SSLC.NBReadCB@30197c44{SslConnection@30197c44::SocketChannelEndPoint@5e9639a8{l=/127.0.0.1:40197,r=/127.0.0.1:33986,OPEN,fill=FI,flush=-,to=3/30000}{io=1/0,kio=1,kro=1}->SslConnection@30197c44{NEED_UNWRAP,eio=-1/-1,di=-1,fill=INTERESTED,flush=IDLE}~>DecryptedEndPoint@5b6300e9{l=/127.0.0.1:40197,r=/127.0.0.1:33986,OPEN,fill=FI,flush=-,to=3/30000}=>HttpConnection@e924f38[p=HttpParser{s=START,0 of -1},g=HttpGenerator@733e46e6{s=START}]=>HttpChannelOverHttp@26e2b4a0{s=HttpChannelState@345724b2{s=IDLE rs=BLOCKING os=OPEN is=IDLE awp=false se=false i=true al=0},r=0,c=false/false,a=IDLE,uri=null,age=0}}}
02:56:42.085 [qtp782228073-62] DEBUG org.eclipse.jetty.io.ChannelEndPoint - Key interests updated 1 -> 0 on SocketChannelEndPoint@5e9639a8{l=/127.0.0.1:40197,r=/127.0.0.1:33986,OPEN,fill=FI,flush=-,to=3/30000}{io=0/0,kio=0,kro=1}->SslConnection@30197c44{NEED_UNWRAP,eio=-1/-1,di=-1,fill=INTERESTED,flush=IDLE}~>DecryptedEndPoint@5b6300e9{l=/127.0.0.1:40197,r=/127.0.0.1:33986,OPEN,fill=FI,flush=-,to=3/30000}=>HttpConnection@e924f38[p=HttpParser{s=START,0 of -1},g=HttpGenerator@733e46e6{s=START}]=>HttpChannelOverHttp@26e2b4a0{s=HttpChannelState@345724b2{s=IDLE rs=BLOCKING os=OPEN is=IDLE awp=false se=false i=true al=0},r=0,c=false/false,a=IDLE,uri=null,age=0}
02:56:42.085 [qtp782228073-62] DEBUG org.eclipse.jetty.io.ManagedSelector - Selector sun.nio.ch.EPollSelectorImpl@154e726d waiting with 1 keys
02:56:42.085 [qtp782228073-61] DEBUG org.eclipse.jetty.io.ssl.SslConnection - >c.onFillable SslConnection@30197c44::SocketChannelEndPoint@5e9639a8{l=/127.0.0.1:40197,r=/127.0.0.1:33986,OPEN,fill=-,flush=-,to=3/30000}{io=0/0,kio=0,kro=1}->SslConnection@30197c44{NEED_UNWRAP,eio=-1/-1,di=-1,fill=INTERESTED,flush=IDLE}~>DecryptedEndPoint@5b6300e9{l=/127.0.0.1:40197,r=/127.0.0.1:33986,OPEN,fill=FI,flush=-,to=3/30000}=>HttpConnection@e924f38[p=HttpParser{s=START,0 of -1},g=HttpGenerator@733e46e6{s=START}]=>HttpChannelOverHttp@26e2b4a0{s=HttpChannelState@345724b2{s=IDLE rs=BLOCKING os=OPEN is=IDLE awp=false se=false i=true al=0},r=0,c=false/false,a=IDLE,uri=null,age=0}
02:56:42.086 [qtp782228073-61] DEBUG org.eclipse.jetty.io.ssl.SslConnection - onFillable SslConnection@30197c44::SocketChannelEndPoint@5e9639a8{l=/127.0.0.1:40197,r=/127.0.0.1:33986,OPEN,fill=-,flush=-,to=3/30000}{io=0/0,kio=0,kro=1}->SslConnection@30197c44{NEED_UNWRAP,eio=-1/-1,di=-1,fill=INTERESTED,flush=IDLE}~>DecryptedEndPoint@5b6300e9{l=/127.0.0.1:40197,r=/127.0.0.1:33986,OPEN,fill=FI,flush=-,to=3/30000}=>HttpConnection@e924f38[p=HttpParser{s=START,0 of -1},g=HttpGenerator@733e46e6{s=START}]=>HttpChannelOverHttp@26e2b4a0{s=HttpChannelState@345724b2{s=IDLE rs=BLOCKING os=OPEN is=IDLE awp=false se=false i=true al=0},r=0,c=false/false,a=IDLE,uri=null,age=0}
02:56:42.086 [qtp782228073-61] DEBUG org.eclipse.jetty.io.FillInterest - fillable FillInterest@6f493c36{AC.ReadCB@e924f38{HttpConnection@e924f38::DecryptedEndPoint@5b6300e9{l=/127.0.0.1:40197,r=/127.0.0.1:33986,OPEN,fill=FI,flush=-,to=3/30000}}}
02:56:42.086 [qtp782228073-61] DEBUG org.eclipse.jetty.server.HttpConnection - HttpConnection@e924f38::DecryptedEndPoint@5b6300e9{l=/127.0.0.1:40197,r=/127.0.0.1:33986,OPEN,fill=-,flush=-,to=3/30000} onFillable enter HttpChannelState@345724b2{s=IDLE rs=BLOCKING os=OPEN is=IDLE awp=false se=false i=true al=0} null
02:56:42.086 [qtp782228073-61] DEBUG org.eclipse.jetty.io.ssl.SslConnection - >fill SslConnection@30197c44::SocketChannelEndPoint@5e9639a8{l=/127.0.0.1:40197,r=/127.0.0.1:33986,OPEN,fill=-,flush=-,to=3/30000}{io=0/0,kio=0,kro=1}->SslConnection@30197c44{NEED_UNWRAP,eio=-1/-1,di=-1,fill=IDLE,flush=IDLE}~>DecryptedEndPoint@5b6300e9{l=/127.0.0.1:40197,r=/127.0.0.1:33986,OPEN,fill=-,flush=-,to=3/30000}=>HttpConnection@e924f38[p=HttpParser{s=START,0 of -1},g=HttpGenerator@733e46e6{s=START}]=>HttpChannelOverHttp@26e2b4a0{s=HttpChannelState@345724b2{s=IDLE rs=BLOCKING os=OPEN is=IDLE awp=false se=false i=true al=0},r=0,c=false/false,a=IDLE,uri=null,age=0}
02:56:42.086 [qtp782228073-61] DEBUG org.eclipse.jetty.io.ssl.SslConnection - fill NEED_UNWRAP
02:56:42.086 [qtp782228073-61] DEBUG org.eclipse.jetty.io.ChannelEndPoint - filled 6 HeapByteBuffer@1b26ebdb[p=0,l=6,c=17408,r=6]={<<<\x14\x03\x03\x00\x01\x01>>>\x94\x03\xC6N\x19;\x04\x9d3...\x00\x00\x00\x00\x00\x00\x00}
02:56:42.086 [qtp782228073-61] DEBUG org.eclipse.jetty.io.ssl.SslConnection - net filled=6
02:56:42.086 [qtp782228073-61] DEBUG org.eclipse.jetty.io.ssl.SslConnection - unwrap net_filled=6 Status = OK HandshakeStatus = NEED_UNWRAP bytesConsumed = 6 bytesProduced = 0 encryptedBuffer=[p=6,l=6,c=17408,r=0] unwrapBuffer=HeapByteBuffer@7acd6f6f[p=0,l=0,c=17408,r=0]={<<<>>>\x16\x03\x03\x01N\x01\x00\x01J...\x00\x00\x00\x00\x00\x00\x00} appBuffer=HeapByteBuffer@7acd6f6f[p=0,l=0,c=17408,r=0]={<<<>>>\x16\x03\x03\x01N\x01\x00\x01J...\x00\x00\x00\x00\x00\x00\x00}
02:56:42.086 [qtp782228073-61] DEBUG org.eclipse.jetty.io.ssl.SslConnection - fill NEED_UNWRAP
02:56:42.086 [qtp782228073-61] DEBUG org.eclipse.jetty.io.ChannelEndPoint - filled 0 HeapByteBuffer@1b26ebdb[p=0,l=0,c=17408,r=0]={<<<>>>\x14\x03\x03\x00\x01\x01\x94\x03\xC6...\x00\x00\x00\x00\x00\x00\x00}
02:56:42.087 [qtp782228073-61] DEBUG org.eclipse.jetty.io.ssl.SslConnection - net filled=0
02:56:42.087 [qtp782228073-61] DEBUG org.eclipse.jetty.io.ssl.SslConnection - unwrap net_filled=0 Status = BUFFER_UNDERFLOW HandshakeStatus = NEED_UNWRAP bytesConsumed = 0 bytesProduced = 0 encryptedBuffer=[p=0,l=0,c=17408,r=0] unwrapBuffer=HeapByteBuffer@7acd6f6f[p=0,l=0,c=17408,r=0]={<<<>>>\x16\x03\x03\x01N\x01\x00\x01J...\x00\x00\x00\x00\x00\x00\x00} appBuffer=HeapByteBuffer@7acd6f6f[p=0,l=0,c=17408,r=0]={<<<>>>\x16\x03\x03\x01N\x01\x00\x01J...\x00\x00\x00\x00\x00\x00\x00}
02:56:42.087 [qtp782228073-61] DEBUG org.eclipse.jetty.io.ssl.SslConnection - <fill f=0 uf=true SslConnection@30197c44::SocketChannelEndPoint@5e9639a8{l=/127.0.0.1:40197,r=/127.0.0.1:33986,OPEN,fill=-,flush=-,to=0/30000}{io=0/0,kio=0,kro=1}->SslConnection@30197c44{NEED_UNWRAP,eio=-1/-1,di=-1,fill=IDLE,flush=IDLE}~>DecryptedEndPoint@5b6300e9{l=/127.0.0.1:40197,r=/127.0.0.1:33986,OPEN,fill=-,flush=-,to=4/30000}=>HttpConnection@e924f38[p=HttpParser{s=START,0 of -1},g=HttpGenerator@733e46e6{s=START}]=>HttpChannelOverHttp@26e2b4a0{s=HttpChannelState@345724b2{s=IDLE rs=BLOCKING os=OPEN is=IDLE awp=false se=false i=true al=0},r=0,c=false/false,a=IDLE,uri=null,age=0}
02:56:42.087 [qtp782228073-61] DEBUG org.eclipse.jetty.io.ssl.SslConnection - >fill SslConnection@30197c44::SocketChannelEndPoint@5e9639a8{l=/127.0.0.1:40197,r=/127.0.0.1:33986,OPEN,fill=-,flush=-,to=0/30000}{io=0/0,kio=0,kro=1}->SslConnection@30197c44{NEED_UNWRAP,eio=-1/-1,di=-1,fill=IDLE,flush=IDLE}~>DecryptedEndPoint@5b6300e9{l=/127.0.0.1:40197,r=/127.0.0.1:33986,OPEN,fill=-,flush=-,to=4/30000}=>HttpConnection@e924f38[p=HttpParser{s=START,0 of -1},g=HttpGenerator@733e46e6{s=START}]=>HttpChannelOverHttp@26e2b4a0{s=HttpChannelState@345724b2{s=IDLE rs=BLOCKING os=OPEN is=IDLE awp=false se=false i=true al=0},r=0,c=false/false,a=IDLE,uri=null,age=0}
02:56:42.087 [qtp782228073-61] DEBUG org.eclipse.jetty.io.ssl.SslConnection - fill NEED_UNWRAP
02:56:42.087 [qtp782228073-61] DEBUG org.eclipse.jetty.io.ChannelEndPoint - filled 0 HeapByteBuffer@740a9f9e[p=0,l=0,c=17408,r=0]={<<<>>>\x17\x03\x03\x00\xC9\xF1\xA3\x13\xBa...\x00\x00\x00\x00\x00\x00\x00}
02:56:42.087 [qtp782228073-61] DEBUG org.eclipse.jetty.io.ssl.SslConnection - net filled=0
02:56:42.087 [qtp782228073-61] DEBUG org.eclipse.jetty.io.ssl.SslConnection - unwrap net_filled=0 Status = BUFFER_UNDERFLOW HandshakeStatus = NEED_UNWRAP bytesConsumed = 0 bytesProduced = 0 encryptedBuffer=[p=0,l=0,c=17408,r=0] unwrapBuffer=HeapByteBuffer@7acd6f6f[p=0,l=0,c=17408,r=0]={<<<>>>\x16\x03\x03\x01N\x01\x00\x01J...\x00\x00\x00\x00\x00\x00\x00} appBuffer=HeapByteBuffer@7acd6f6f[p=0,l=0,c=17408,r=0]={<<<>>>\x16\x03\x03\x01N\x01\x00\x01J...\x00\x00\x00\x00\x00\x00\x00}
02:56:42.087 [qtp782228073-61] DEBUG org.eclipse.jetty.io.ssl.SslConnection - <fill f=0 uf=true SslConnection@30197c44::SocketChannelEndPoint@5e9639a8{l=/127.0.0.1:40197,r=/127.0.0.1:33986,OPEN,fill=-,flush=-,to=0/30000}{io=0/0,kio=0,kro=1}->SslConnection@30197c44{NEED_UNWRAP,eio=-1/-1,di=-1,fill=IDLE,flush=IDLE}~>DecryptedEndPoint@5b6300e9{l=/127.0.0.1:40197,r=/127.0.0.1:33986,OPEN,fill=-,flush=-,to=4/30000}=>HttpConnection@e924f38[p=HttpParser{s=START,0 of -1},g=HttpGenerator@733e46e6{s=START}]=>HttpChannelOverHttp@26e2b4a0{s=HttpChannelState@345724b2{s=IDLE rs=BLOCKING os=OPEN is=IDLE awp=false se=false i=true al=0},r=0,c=false/false,a=IDLE,uri=null,age=0}
02:56:42.087 [qtp782228073-61] DEBUG org.eclipse.jetty.server.HttpConnection - HttpConnection@e924f38::DecryptedEndPoint@5b6300e9{l=/127.0.0.1:40197,r=/127.0.0.1:33986,OPEN,fill=-,flush=-,to=4/30000} filled 0 HeapByteBuffer@7acd6f6f[p=0,l=0,c=17408,r=0]={<<<>>>\x16\x03\x03\x01N\x01\x00\x01J...\x00\x00\x00\x00\x00\x00\x00}
02:56:42.087 [qtp782228073-61] DEBUG org.eclipse.jetty.server.HttpConnection - HttpConnection@e924f38::DecryptedEndPoint@5b6300e9{l=/127.0.0.1:40197,r=/127.0.0.1:33986,OPEN,fill=-,flush=-,to=4/30000} parse HeapByteBuffer@7acd6f6f[p=0,l=0,c=17408,r=0]={<<<>>>\x16\x03\x03\x01N\x01\x00\x01J...\x00\x00\x00\x00\x00\x00\x00} {}
02:56:42.087 [qtp782228073-61] DEBUG org.eclipse.jetty.http.HttpParser - parseNext s=START HeapByteBuffer@7acd6f6f[p=0,l=0,c=17408,r=0]={<<<>>>\x16\x03\x03\x01N\x01\x00\x01J...\x00\x00\x00\x00\x00\x00\x00}
02:56:42.087 [qtp782228073-61] DEBUG org.eclipse.jetty.server.HttpConnection - HttpConnection@e924f38::DecryptedEndPoint@5b6300e9{l=/127.0.0.1:40197,r=/127.0.0.1:33986,OPEN,fill=-,flush=-,to=4/30000} parsed false HttpParser{s=START,0 of -1}
02:56:42.087 [qtp782228073-61] DEBUG org.eclipse.jetty.server.HttpConnection - releaseRequestBuffer HttpConnection@e924f38::DecryptedEndPoint@5b6300e9{l=/127.0.0.1:40197,r=/127.0.0.1:33986,OPEN,fill=-,flush=-,to=5/30000}
02:56:42.087 [qtp782228073-61] DEBUG org.eclipse.jetty.io.AbstractConnection - fillInterested HttpConnection@e924f38::DecryptedEndPoint@5b6300e9{l=/127.0.0.1:40197,r=/127.0.0.1:33986,OPEN,fill=-,flush=-,to=5/30000}
02:56:42.087 [qtp782228073-61] DEBUG org.eclipse.jetty.io.FillInterest - interested FillInterest@6f493c36{AC.ReadCB@e924f38{HttpConnection@e924f38::DecryptedEndPoint@5b6300e9{l=/127.0.0.1:40197,r=/127.0.0.1:33986,OPEN,fill=FI,flush=-,to=0/30000}}}
02:56:42.087 [qtp782228073-61] DEBUG org.eclipse.jetty.io.ssl.SslConnection - >needFillInterest s=IDLE/IDLE uf=true ei=null di=null SslConnection@30197c44::SocketChannelEndPoint@5e9639a8{l=/127.0.0.1:40197,r=/127.0.0.1:33986,OPEN,fill=-,flush=-,to=0/30000}{io=0/0,kio=0,kro=1}->SslConnection@30197c44{NEED_UNWRAP,eio=-1/-1,di=-1,fill=IDLE,flush=IDLE}~>DecryptedEndPoint@5b6300e9{l=/127.0.0.1:40197,r=/127.0.0.1:33986,OPEN,fill=FI,flush=-,to=0/30000}=>HttpConnection@e924f38[p=HttpParser{s=START,0 of -1},g=HttpGenerator@733e46e6{s=START}]=>HttpChannelOverHttp@26e2b4a0{s=HttpChannelState@345724b2{s=IDLE rs=BLOCKING os=OPEN is=IDLE awp=false se=false i=true al=0},r=0,c=false/false,a=IDLE,uri=null,age=0}
02:56:42.087 [qtp782228073-61] DEBUG org.eclipse.jetty.io.ssl.SslConnection - <needFillInterest s=IDLE/INTERESTED f=false i=true w=null
02:56:42.087 [qtp782228073-61] DEBUG org.eclipse.jetty.io.ssl.SslConnection - ensureFillInterested SslConnection@30197c44::SocketChannelEndPoint@5e9639a8{l=/127.0.0.1:40197,r=/127.0.0.1:33986,OPEN,fill=-,flush=-,to=1/30000}{io=0/0,kio=0,kro=1}->SslConnection@30197c44{NEED_UNWRAP,eio=-1/-1,di=-1,fill=INTERESTED,flush=IDLE}~>DecryptedEndPoint@5b6300e9{l=/127.0.0.1:40197,r=/127.0.0.1:33986,OPEN,fill=FI,flush=-,to=0/30000}=>HttpConnection@e924f38[p=HttpParser{s=START,0 of -1},g=HttpGenerator@733e46e6{s=START}]=>HttpChannelOverHttp@26e2b4a0{s=HttpChannelState@345724b2{s=IDLE rs=BLOCKING os=OPEN is=IDLE awp=false se=false i=true al=0},r=0,c=false/false,a=IDLE,uri=null,age=0}
02:56:42.088 [qtp782228073-61] DEBUG org.eclipse.jetty.io.FillInterest - interested FillInterest@6748756c{SSLC.NBReadCB@30197c44{SslConnection@30197c44::SocketChannelEndPoint@5e9639a8{l=/127.0.0.1:40197,r=/127.0.0.1:33986,OPEN,fill=FI,flush=-,to=0/30000}{io=0/0,kio=0,kro=1}->SslConnection@30197c44{NEED_UNWRAP,eio=-1/-1,di=-1,fill=INTERESTED,flush=IDLE}~>DecryptedEndPoint@5b6300e9{l=/127.0.0.1:40197,r=/127.0.0.1:33986,OPEN,fill=FI,flush=-,to=0/30000}=>HttpConnection@e924f38[p=HttpParser{s=START,0 of -1},g=HttpGenerator@733e46e6{s=START}]=>HttpChannelOverHttp@26e2b4a0{s=HttpChannelState@345724b2{s=IDLE rs=BLOCKING os=OPEN is=IDLE awp=false se=false i=true al=0},r=0,c=false/false,a=IDLE,uri=null,age=0}}}
02:56:42.088 [qtp782228073-61] DEBUG org.eclipse.jetty.io.ChannelEndPoint - changeInterests p=false 0->1 for SocketChannelEndPoint@5e9639a8{l=/127.0.0.1:40197,r=/127.0.0.1:33986,OPEN,fill=FI,flush=-,to=0/30000}{io=0/1,kio=0,kro=1}->SslConnection@30197c44{NEED_UNWRAP,eio=-1/-1,di=-1,fill=INTERESTED,flush=IDLE}~>DecryptedEndPoint@5b6300e9{l=/127.0.0.1:40197,r=/127.0.0.1:33986,OPEN,fill=FI,flush=-,to=0/30000}=>HttpConnection@e924f38[p=HttpParser{s=START,0 of -1},g=HttpGenerator@733e46e6{s=START}]=>HttpChannelOverHttp@26e2b4a0{s=HttpChannelState@345724b2{s=IDLE rs=BLOCKING os=OPEN is=IDLE awp=false se=false i=true al=0},r=0,c=false/false,a=IDLE,uri=null,age=0}
02:56:42.088 [qtp782228073-61] DEBUG org.eclipse.jetty.io.ManagedSelector - Queued change lazy=false org.eclipse.jetty.io.ChannelEndPoint$$Lambda$255/899789472@1cc8de9d on ManagedSelector@56c698e3{STARTED} id=2 keys=1 selected=0 updates=0
02:56:42.088 [qtp782228073-61] DEBUG org.eclipse.jetty.io.ManagedSelector - Wakeup on submit ManagedSelector@56c698e3{STARTED} id=2 keys=1 selected=0 updates=1
02:56:42.088 [qtp782228073-62] DEBUG org.eclipse.jetty.io.ManagedSelector - Selector sun.nio.ch.EPollSelectorImpl@154e726d woken with none selected
02:56:42.088 [qtp782228073-61] DEBUG org.eclipse.jetty.server.HttpConnection - HttpConnection@e924f38::DecryptedEndPoint@5b6300e9{l=/127.0.0.1:40197,r=/127.0.0.1:33986,OPEN,fill=FI,flush=-,to=0/30000} onFillable exit HttpChannelState@345724b2{s=IDLE rs=BLOCKING os=OPEN is=IDLE awp=false se=false i=true al=0} null
02:56:42.088 [qtp782228073-62] DEBUG org.eclipse.jetty.io.ManagedSelector - Selector sun.nio.ch.EPollSelectorImpl@154e726d woken up from select, 0/0/1 selected
02:56:42.088 [qtp782228073-62] DEBUG org.eclipse.jetty.io.ManagedSelector - Selector sun.nio.ch.EPollSelectorImpl@154e726d processing 0 keys, 1 updates
02:56:42.088 [qtp782228073-62] DEBUG org.eclipse.jetty.io.ManagedSelector - updateable 1
02:56:42.088 [qtp782228073-62] DEBUG org.eclipse.jetty.io.ManagedSelector - update org.eclipse.jetty.io.ChannelEndPoint$$Lambda$255/899789472@1cc8de9d
02:56:42.088 [qtp782228073-61] DEBUG org.eclipse.jetty.io.ssl.SslConnection - <c.onFillable SslConnection@30197c44::SocketChannelEndPoint@5e9639a8{l=/127.0.0.1:40197,r=/127.0.0.1:33986,OPEN,fill=FI,flush=-,to=0/30000}{io=0/1,kio=0,kro=1}->SslConnection@30197c44{NEED_UNWRAP,eio=-1/-1,di=-1,fill=INTERESTED,flush=IDLE}~>DecryptedEndPoint@5b6300e9{l=/127.0.0.1:40197,r=/127.0.0.1:33986,OPEN,fill=FI,flush=-,to=0/30000}=>HttpConnection@e924f38[p=HttpParser{s=START,0 of -1},g=HttpGenerator@733e46e6{s=START}]=>HttpChannelOverHttp@26e2b4a0{s=HttpChannelState@345724b2{s=IDLE rs=BLOCKING os=OPEN is=IDLE awp=false se=false i=true al=0},r=0,c=false/false,a=IDLE,uri=null,age=0}
02:56:42.088 [qtp782228073-61] DEBUG org.eclipse.jetty.util.thread.ReservedThreadExecutor - ReservedThread@117a47b6{RUNNING,thread=Thread[qtp782228073-61,5,main]} was=RUNNING next=RESERVED size=0+2 capacity=8
02:56:42.088 [qtp782228073-62] DEBUG org.eclipse.jetty.io.ChannelEndPoint - Key interests updated 0 -> 1 on SocketChannelEndPoint@5e9639a8{l=/127.0.0.1:40197,r=/127.0.0.1:33986,OPEN,fill=FI,flush=-,to=0/30000}{io=1/1,kio=1,kro=1}->SslConnection@30197c44{NEED_UNWRAP,eio=-1/-1,di=-1,fill=INTERESTED,flush=IDLE}~>DecryptedEndPoint@5b6300e9{l=/127.0.0.1:40197,r=/127.0.0.1:33986,OPEN,fill=FI,flush=-,to=0/30000}=>HttpConnection@e924f38[p=HttpParser{s=START,0 of -1},g=HttpGenerator@733e46e6{s=START}]=>HttpChannelOverHttp@26e2b4a0{s=HttpChannelState@345724b2{s=IDLE rs=BLOCKING os=OPEN is=IDLE awp=false se=false i=true al=0},r=0,c=false/false,a=IDLE,uri=null,age=0}
02:56:42.088 [qtp782228073-62] DEBUG org.eclipse.jetty.io.ManagedSelector - updates 0
02:56:42.088 [qtp782228073-61] DEBUG org.eclipse.jetty.util.thread.ReservedThreadExecutor - ReservedThread@117a47b6{RESERVED,thread=Thread[qtp782228073-61,5,main]} waiting ReservedThreadExecutor@47a5b70d{reserved=2/8,pending=0}
02:56:42.088 [qtp782228073-62] DEBUG org.eclipse.jetty.io.ManagedSelector - Selector sun.nio.ch.EPollSelectorImpl@154e726d waiting with 1 keys
02:56:42.125 [qtp782228073-62] DEBUG org.eclipse.jetty.io.ManagedSelector - Selector sun.nio.ch.EPollSelectorImpl@154e726d woken up from select, 1/1/1 selected
02:56:42.125 [qtp782228073-62] DEBUG org.eclipse.jetty.io.ManagedSelector - Selector sun.nio.ch.EPollSelectorImpl@154e726d processing 1 keys, 0 updates
02:56:42.125 [qtp782228073-62] DEBUG org.eclipse.jetty.io.ManagedSelector - selected 1 sun.nio.ch.SelectionKeyImpl@1b898eb4 SocketChannelEndPoint@5e9639a8{l=/127.0.0.1:40197,r=/127.0.0.1:33986,OPEN,fill=FI,flush=-,to=37/30000}{io=1/1,kio=1,kro=1}->SslConnection@30197c44{NEED_UNWRAP,eio=-1/-1,di=-1,fill=INTERESTED,flush=IDLE}~>DecryptedEndPoint@5b6300e9{l=/127.0.0.1:40197,r=/127.0.0.1:33986,OPEN,fill=FI,flush=-,to=37/30000}=>HttpConnection@e924f38[p=HttpParser{s=START,0 of -1},g=HttpGenerator@733e46e6{s=START}]=>HttpChannelOverHttp@26e2b4a0{s=HttpChannelState@345724b2{s=IDLE rs=BLOCKING os=OPEN is=IDLE awp=false se=false i=true al=0},r=0,c=false/false,a=IDLE,uri=null,age=0} 
02:56:42.125 [qtp782228073-62] DEBUG org.eclipse.jetty.io.ChannelEndPoint - onSelected 1->0 r=true w=false for SocketChannelEndPoint@5e9639a8{l=/127.0.0.1:40197,r=/127.0.0.1:33986,OPEN,fill=FI,flush=-,to=37/30000}{io=1/0,kio=1,kro=1}->SslConnection@30197c44{NEED_UNWRAP,eio=-1/-1,di=-1,fill=INTERESTED,flush=IDLE}~>DecryptedEndPoint@5b6300e9{l=/127.0.0.1:40197,r=/127.0.0.1:33986,OPEN,fill=FI,flush=-,to=37/30000}=>HttpConnection@e924f38[p=HttpParser{s=START,0 of -1},g=HttpGenerator@733e46e6{s=START}]=>HttpChannelOverHttp@26e2b4a0{s=HttpChannelState@345724b2{s=IDLE rs=BLOCKING os=OPEN is=IDLE awp=false se=false i=true al=0},r=0,c=false/false,a=IDLE,uri=null,age=0}
02:56:42.125 [qtp782228073-62] DEBUG org.eclipse.jetty.io.ChannelEndPoint - task CEP:SocketChannelEndPoint@5e9639a8{l=/127.0.0.1:40197,r=/127.0.0.1:33986,OPEN,fill=FI,flush=-,to=37/30000}{io=1/0,kio=1,kro=1}->SslConnection@30197c44{NEED_UNWRAP,eio=-1/-1,di=-1,fill=INTERESTED,flush=IDLE}~>DecryptedEndPoint@5b6300e9{l=/127.0.0.1:40197,r=/127.0.0.1:33986,OPEN,fill=FI,flush=-,to=37/30000}=>HttpConnection@e924f38[p=HttpParser{s=START,0 of -1},g=HttpGenerator@733e46e6{s=START}]=>HttpChannelOverHttp@26e2b4a0{s=HttpChannelState@345724b2{s=IDLE rs=BLOCKING os=OPEN is=IDLE awp=false se=false i=true al=0},r=0,c=false/false,a=IDLE,uri=null,age=0}:runFillable:BLOCKING
02:56:42.125 [qtp782228073-62] DEBUG org.eclipse.jetty.util.thread.ReservedThreadExecutor - ReservedThreadExecutor@47a5b70d{reserved=2/8,pending=0} tryExecute EatWhatYouKill@5733f295/SelectorProducer@1c3146bc/PRODUCING/p=false/QueuedThreadPool[qtp782228073]@2e9fda69{STARTED,8<=8<=200,i=1,r=-1,q=0}[ReservedThreadExecutor@47a5b70d{reserved=2/8,pending=0}][pc=0,pic=0,pec=0,epc=2]@2024-05-02T02:56:42.125+01:00
02:56:42.125 [qtp782228073-62] DEBUG org.eclipse.jetty.util.thread.strategy.EatWhatYouKill - EatWhatYouKill@5733f295/SelectorProducer@1c3146bc/IDLE/p=true/QueuedThreadPool[qtp782228073]@2e9fda69{STARTED,8<=8<=200,i=1,r=-1,q=0}[ReservedThreadExecutor@47a5b70d{reserved=1/8,pending=0}][pc=0,pic=0,pec=0,epc=2]@2024-05-02T02:56:42.125+01:00 m=EXECUTE_PRODUCE_CONSUME t=CEP:SocketChannelEndPoint@5e9639a8{l=/127.0.0.1:40197,r=/127.0.0.1:33986,OPEN,fill=FI,flush=-,to=37/30000}{io=1/0,kio=1,kro=1}->SslConnection@30197c44{NEED_UNWRAP,eio=-1/-1,di=-1,fill=INTERESTED,flush=IDLE}~>DecryptedEndPoint@5b6300e9{l=/127.0.0.1:40197,r=/127.0.0.1:33986,OPEN,fill=FI,flush=-,to=37/30000}=>HttpConnection@e924f38[p=HttpParser{s=START,0 of -1},g=HttpGenerator@733e46e6{s=START}]=>HttpChannelOverHttp@26e2b4a0{s=HttpChannelState@345724b2{s=IDLE rs=BLOCKING os=OPEN is=IDLE awp=false se=false i=true al=0},r=0,c=false/false,a=IDLE,uri=null,age=0}:runFillable:BLOCKING/BLOCKING
02:56:42.125 [qtp782228073-61] DEBUG org.eclipse.jetty.util.thread.ReservedThreadExecutor - ReservedThread@117a47b6{RESERVED,thread=Thread[qtp782228073-61,5,main]} task=EatWhatYouKill@5733f295/SelectorProducer@1c3146bc/IDLE/p=true/QueuedThreadPool[qtp782228073]@2e9fda69{STARTED,8<=8<=200,i=1,r=-1,q=0}[ReservedThreadExecutor@47a5b70d{reserved=1/8,pending=0}][pc=0,pic=0,pec=0,epc=2]@2024-05-02T02:56:42.125+01:00 ReservedThreadExecutor@47a5b70d{reserved=1/8,pending=0}
02:56:42.125 [qtp782228073-62] DEBUG org.eclipse.jetty.io.FillInterest - fillable FillInterest@6748756c{SSLC.NBReadCB@30197c44{SslConnection@30197c44::SocketChannelEndPoint@5e9639a8{l=/127.0.0.1:40197,r=/127.0.0.1:33986,OPEN,fill=FI,flush=-,to=37/30000}{io=1/0,kio=1,kro=1}->SslConnection@30197c44{NEED_UNWRAP,eio=-1/-1,di=-1,fill=INTERESTED,flush=IDLE}~>DecryptedEndPoint@5b6300e9{l=/127.0.0.1:40197,r=/127.0.0.1:33986,OPEN,fill=FI,flush=-,to=38/30000}=>HttpConnection@e924f38[p=HttpParser{s=START,0 of -1},g=HttpGenerator@733e46e6{s=START}]=>HttpChannelOverHttp@26e2b4a0{s=HttpChannelState@345724b2{s=IDLE rs=BLOCKING os=OPEN is=IDLE awp=false se=false i=true al=0},r=0,c=false/false,a=IDLE,uri=null,age=0}}}
02:56:42.126 [qtp782228073-61] DEBUG org.eclipse.jetty.util.thread.strategy.EatWhatYouKill - EatWhatYouKill@5733f295/SelectorProducer@1c3146bc/IDLE/p=true/QueuedThreadPool[qtp782228073]@2e9fda69{STARTED,8<=8<=200,i=1,r=-1,q=0}[ReservedThreadExecutor@47a5b70d{reserved=1/8,pending=0}][pc=0,pic=0,pec=0,epc=3]@2024-05-02T02:56:42.125+01:00 tryProduce true
02:56:42.126 [qtp782228073-62] DEBUG org.eclipse.jetty.io.ssl.SslConnection - >c.onFillable SslConnection@30197c44::SocketChannelEndPoint@5e9639a8{l=/127.0.0.1:40197,r=/127.0.0.1:33986,OPEN,fill=-,flush=-,to=37/30000}{io=1/0,kio=1,kro=1}->SslConnection@30197c44{NEED_UNWRAP,eio=-1/-1,di=-1,fill=INTERESTED,flush=IDLE}~>DecryptedEndPoint@5b6300e9{l=/127.0.0.1:40197,r=/127.0.0.1:33986,OPEN,fill=FI,flush=-,to=38/30000}=>HttpConnection@e924f38[p=HttpParser{s=START,0 of -1},g=HttpGenerator@733e46e6{s=START}]=>HttpChannelOverHttp@26e2b4a0{s=HttpChannelState@345724b2{s=IDLE rs=BLOCKING os=OPEN is=IDLE awp=false se=false i=true al=0},r=0,c=false/false,a=IDLE,uri=null,age=0}
02:56:42.126 [qtp782228073-61] DEBUG org.eclipse.jetty.io.ManagedSelector - updateable 0
02:56:42.126 [qtp782228073-61] DEBUG org.eclipse.jetty.io.ManagedSelector - updates 0
02:56:42.126 [qtp782228073-62] DEBUG org.eclipse.jetty.io.ssl.SslConnection - onFillable SslConnection@30197c44::SocketChannelEndPoint@5e9639a8{l=/127.0.0.1:40197,r=/127.0.0.1:33986,OPEN,fill=-,flush=-,to=38/30000}{io=1/0,kio=1,kro=1}->SslConnection@30197c44{NEED_UNWRAP,eio=-1/-1,di=-1,fill=INTERESTED,flush=IDLE}~>DecryptedEndPoint@5b6300e9{l=/127.0.0.1:40197,r=/127.0.0.1:33986,OPEN,fill=FI,flush=-,to=38/30000}=>HttpConnection@e924f38[p=HttpParser{s=START,0 of -1},g=HttpGenerator@733e46e6{s=START}]=>HttpChannelOverHttp@26e2b4a0{s=HttpChannelState@345724b2{s=IDLE rs=BLOCKING os=OPEN is=IDLE awp=false se=false i=true al=0},r=0,c=false/false,a=IDLE,uri=null,age=0}
02:56:42.126 [qtp782228073-62] DEBUG org.eclipse.jetty.io.FillInterest - fillable FillInterest@6f493c36{AC.ReadCB@e924f38{HttpConnection@e924f38::DecryptedEndPoint@5b6300e9{l=/127.0.0.1:40197,r=/127.0.0.1:33986,OPEN,fill=FI,flush=-,to=38/30000}}}
02:56:42.126 [qtp782228073-61] DEBUG org.eclipse.jetty.io.ChannelEndPoint - Key interests updated 1 -> 0 on SocketChannelEndPoint@5e9639a8{l=/127.0.0.1:40197,r=/127.0.0.1:33986,OPEN,fill=-,flush=-,to=38/30000}{io=0/0,kio=0,kro=1}->SslConnection@30197c44{NEED_UNWRAP,eio=-1/-1,di=-1,fill=INTERESTED,flush=IDLE}~>DecryptedEndPoint@5b6300e9{l=/127.0.0.1:40197,r=/127.0.0.1:33986,OPEN,fill=FI,flush=-,to=38/30000}=>HttpConnection@e924f38[p=HttpParser{s=START,0 of -1},g=HttpGenerator@733e46e6{s=START}]=>HttpChannelOverHttp@26e2b4a0{s=HttpChannelState@345724b2{s=IDLE rs=BLOCKING os=OPEN is=IDLE awp=false se=false i=true al=0},r=0,c=false/false,a=IDLE,uri=null,age=0}
02:56:42.126 [qtp782228073-61] DEBUG org.eclipse.jetty.io.ManagedSelector - Selector sun.nio.ch.EPollSelectorImpl@154e726d waiting with 1 keys
02:56:42.126 [qtp782228073-62] DEBUG org.eclipse.jetty.server.HttpConnection - HttpConnection@e924f38::DecryptedEndPoint@5b6300e9{l=/127.0.0.1:40197,r=/127.0.0.1:33986,OPEN,fill=-,flush=-,to=38/30000} onFillable enter HttpChannelState@345724b2{s=IDLE rs=BLOCKING os=OPEN is=IDLE awp=false se=false i=true al=0} null
02:56:42.126 [qtp782228073-62] DEBUG org.eclipse.jetty.io.ssl.SslConnection - >fill SslConnection@30197c44::SocketChannelEndPoint@5e9639a8{l=/127.0.0.1:40197,r=/127.0.0.1:33986,OPEN,fill=-,flush=-,to=38/30000}{io=0/0,kio=0,kro=1}->SslConnection@30197c44{NEED_UNWRAP,eio=-1/-1,di=-1,fill=IDLE,flush=IDLE}~>DecryptedEndPoint@5b6300e9{l=/127.0.0.1:40197,r=/127.0.0.1:33986,OPEN,fill=-,flush=-,to=38/30000}=>HttpConnection@e924f38[p=HttpParser{s=START,0 of -1},g=HttpGenerator@733e46e6{s=START}]=>HttpChannelOverHttp@26e2b4a0{s=HttpChannelState@345724b2{s=IDLE rs=BLOCKING os=OPEN is=IDLE awp=false se=false i=true al=0},r=0,c=false/false,a=IDLE,uri=null,age=0}
02:56:42.126 [qtp782228073-62] DEBUG org.eclipse.jetty.io.ssl.SslConnection - fill NEED_UNWRAP
02:56:42.126 [qtp782228073-62] DEBUG org.eclipse.jetty.io.ChannelEndPoint - filled 1508 HeapByteBuffer@740a9f9e[p=0,l=1508,c=17408,r=1508]={<<<\x17\x03\x03\x03\xAdT\xB0\x81\xB8N\xD855\xCb\xB8 \xFe\xB935\x97\x8c\xFc&(...w\x10-"\xF8\xB4\x8f\xB8\xFf1\xC6\x0cd#\x8d=\x80\xA6F=\x9aJF>>>\x00\x00\x00\x00\x00\x00\x00\x00\x00...\x00\x00\x00\x00\x00\x00\x00}
02:56:42.126 [qtp782228073-62] DEBUG org.eclipse.jetty.io.ssl.SslConnection - net filled=1508
02:56:42.126 [qtp782228073-62] DEBUG org.eclipse.jetty.io.ssl.SslConnection - unwrap net_filled=1508 Status = OK HandshakeStatus = NEED_TASK bytesConsumed = 946 bytesProduced = 0 encryptedBuffer=[p=946,l=1508,c=17408,r=562] unwrapBuffer=HeapByteBuffer@1b26ebdb[p=0,l=0,c=17408,r=0]={<<<>>>\x14\x03\x03\x00\x01\x01\x94\x03\xC6...\x00\x00\x00\x00\x00\x00\x00} appBuffer=HeapByteBuffer@1b26ebdb[p=0,l=0,c=17408,r=0]={<<<>>>\x14\x03\x03\x00\x01\x01\x94\x03\xC6...\x00\x00\x00\x00\x00\x00\x00}
02:56:42.127 [qtp782228073-62] DEBUG org.eclipse.jetty.io.ssl.SslConnection - fill NEED_TASK
02:56:42.127 [qtp782228073-62] DEBUG org.eclipse.jetty.io.ssl.SslConnection - fill NEED_UNWRAP
02:56:42.127 [qtp782228073-62] DEBUG org.eclipse.jetty.io.ChannelEndPoint - filled 0 HeapByteBuffer@740a9f9e[p=946,l=1508,c=17408,r=562]={\x17\x03\x03\x03\xAd\x0b\x00\x03\x88...\x97\xBe\xE7\x8d\rI\xD4<<<\x17\x03\x03\x01)\x88\xEa\x0c\x15T\xDc\xCa*\xD5'\x91\x0b\x155w\xDd\xCf\xD7\x97v...w\x10-"\xF8\xB4\x8f\xB8\xFf1\xC6\x0cd#\x8d=\x80\xA6F=\x9aJF>>>\x00\x00\x00\x00\x00\x00\x00\x00\x00...\x00\x00\x00\x00\x00\x00\x00}
02:56:42.127 [qtp782228073-62] DEBUG org.eclipse.jetty.io.ssl.SslConnection - net filled=0
02:56:42.127 [qtp782228073-62] DEBUG org.eclipse.jetty.io.ssl.SslConnection - unwrap net_filled=0 Status = OK HandshakeStatus = NEED_TASK bytesConsumed = 302 bytesProduced = 0 encryptedBuffer=[p=1248,l=1508,c=17408,r=260] unwrapBuffer=HeapByteBuffer@1b26ebdb[p=0,l=0,c=17408,r=0]={<<<>>>\x14\x03\x03\x00\x01\x01\x94\x03\xC6...\x00\x00\x00\x00\x00\x00\x00} appBuffer=HeapByteBuffer@1b26ebdb[p=0,l=0,c=17408,r=0]={<<<>>>\x14\x03\x03\x00\x01\x01\x94\x03\xC6...\x00\x00\x00\x00\x00\x00\x00}
02:56:42.127 [qtp782228073-62] DEBUG org.eclipse.jetty.io.ssl.SslConnection - fill NEED_TASK
02:56:42.128 [qtp782228073-62] DEBUG org.eclipse.jetty.io.ssl.SslConnection - fill NEED_UNWRAP
02:56:42.128 [qtp782228073-62] DEBUG org.eclipse.jetty.io.ChannelEndPoint - filled 0 HeapByteBuffer@740a9f9e[p=1248,l=1508,c=17408,r=260]={\x17\x03\x03\x03\xAd\x0b\x00\x03\x88...\xCd\x05R\xDe\xA5\xA0\xF7<<<\x17\x03\x03\x00U\xBe\xB0\xC2V0\x8a\x14b[\x8b\x04Z]\x92\xDd8o\xDb\xCe\x81...w\x10-"\xF8\xB4\x8f\xB8\xFf1\xC6\x0cd#\x8d=\x80\xA6F=\x9aJF>>>\x00\x00\x00\x00\x00\x00\x00\x00\x00...\x00\x00\x00\x00\x00\x00\x00}
02:56:42.128 [qtp782228073-62] DEBUG org.eclipse.jetty.io.ssl.SslConnection - net filled=0
02:56:42.129 [qtp782228073-62] DEBUG org.eclipse.jetty.io.ssl.SslConnection - unwrap net_filled=0 Status = OK HandshakeStatus = NEED_WRAP bytesConsumed = 90 bytesProduced = 0 encryptedBuffer=[p=1338,l=1508,c=17408,r=170] unwrapBuffer=HeapByteBuffer@1b26ebdb[p=0,l=0,c=17408,r=0]={<<<>>>\x14\x03\x03\x00\x01\x01\x94\x03\xC6...\x00\x00\x00\x00\x00\x00\x00} appBuffer=HeapByteBuffer@1b26ebdb[p=0,l=0,c=17408,r=0]={<<<>>>\x14\x03\x03\x00\x01\x01\x94\x03\xC6...\x00\x00\x00\x00\x00\x00\x00}
02:56:42.129 [qtp782228073-62] DEBUG org.eclipse.jetty.io.ssl.SslConnection - fill NEED_WRAP
02:56:42.129 [qtp782228073-62] DEBUG org.eclipse.jetty.io.ssl.SslConnection - >flush SslConnection@30197c44::SocketChannelEndPoint@5e9639a8{l=/127.0.0.1:40197,r=/127.0.0.1:33986,OPEN,fill=-,flush=-,to=3/30000}{io=0/0,kio=0,kro=1}->SslConnection@30197c44{NEED_WRAP,eio=170/-1,di=-1,fill=IDLE,flush=IDLE}~>DecryptedEndPoint@5b6300e9{l=/127.0.0.1:40197,r=/127.0.0.1:33986,OPEN,fill=-,flush=-,to=42/30000}=>HttpConnection@e924f38[p=HttpParser{s=START,0 of -1},g=HttpGenerator@733e46e6{s=START}]=>HttpChannelOverHttp@26e2b4a0{s=HttpChannelState@345724b2{s=IDLE rs=BLOCKING os=OPEN is=IDLE awp=false se=false i=true al=0},r=0,c=false/false,a=IDLE,uri=null,age=0}
02:56:42.129 [qtp782228073-62] DEBUG org.eclipse.jetty.io.ssl.SslConnection - flush b[0]=HeapByteBuffer@58f161d6[p=0,l=0,c=0,r=0]={<<<>>>}
02:56:42.129 [qtp782228073-62] DEBUG org.eclipse.jetty.io.ssl.SslConnection - flush NEED_WRAP
02:56:42.130 [qtp782228073-62] DEBUG org.eclipse.jetty.io.ssl.SslConnection - wrap Status = OK HandshakeStatus = FINISHED bytesConsumed = 0 bytesProduced = 88 [p=0,l=88,c=17408,r=88] ioDone=false/false
02:56:42.130 [qtp782228073-62] DEBUG org.eclipse.jetty.io.ChannelEndPoint - flushed 88 SocketChannelEndPoint@5e9639a8{l=/127.0.0.1:40197,r=/127.0.0.1:33986,OPEN,fill=-,flush=-,to=3/30000}{io=0/0,kio=0,kro=1}->SslConnection@30197c44{NOT_HANDSHAKING,eio=170/0,di=-1,fill=IDLE,flush=IDLE}~>DecryptedEndPoint@5b6300e9{l=/127.0.0.1:40197,r=/127.0.0.1:33986,OPEN,fill=-,flush=-,to=42/30000}=>HttpConnection@e924f38[p=HttpParser{s=START,0 of -1},g=HttpGenerator@733e46e6{s=START}]=>HttpChannelOverHttp@26e2b4a0{s=HttpChannelState@345724b2{s=IDLE rs=BLOCKING os=OPEN is=IDLE awp=false se=false i=true al=0},r=0,c=false/false,a=IDLE,uri=null,age=0}
02:56:42.130 [qtp782228073-62] DEBUG org.eclipse.jetty.io.ssl.SslConnection - net flushed=true, ac=true
02:56:42.130 [qtp782228073-62] DEBUG org.eclipse.jetty.io.ssl.SslConnection - handshake succeeded SslConnection@30197c44::SocketChannelEndPoint@5e9639a8{l=/127.0.0.1:40197,r=/127.0.0.1:33986,OPEN,fill=-,flush=-,to=0/30000}{io=0/0,kio=0,kro=1}->SslConnection@30197c44{NOT_HANDSHAKING,eio=170/0,di=-1,fill=IDLE,flush=IDLE}~>DecryptedEndPoint@5b6300e9{l=/127.0.0.1:40197,r=/127.0.0.1:33986,OPEN,fill=-,flush=-,to=42/30000}=>HttpConnection@e924f38[p=HttpParser{s=START,0 of -1},g=HttpGenerator@733e46e6{s=START}]=>HttpChannelOverHttp@26e2b4a0{s=HttpChannelState@345724b2{s=IDLE rs=BLOCKING os=OPEN is=IDLE awp=false se=false i=true al=0},r=0,c=false/false,a=IDLE,uri=null,age=0} resumed server TLSv1.3/TLS_AES_256_GCM_SHA384
02:56:42.130 [qtp782228073-62] DEBUG org.eclipse.jetty.io.ssl.SslConnection - <flush true SslConnection@30197c44::SocketChannelEndPoint@5e9639a8{l=/127.0.0.1:40197,r=/127.0.0.1:33986,OPEN,fill=-,flush=-,to=0/30000}{io=0/0,kio=0,kro=1}->SslConnection@30197c44{NOT_HANDSHAKING,eio=170/-1,di=-1,fill=IDLE,flush=IDLE}~>DecryptedEndPoint@5b6300e9{l=/127.0.0.1:40197,r=/127.0.0.1:33986,OPEN,fill=-,flush=-,to=42/30000}=>HttpConnection@e924f38[p=HttpParser{s=START,0 of -1},g=HttpGenerator@733e46e6{s=START}]=>HttpChannelOverHttp@26e2b4a0{s=HttpChannelState@345724b2{s=IDLE rs=BLOCKING os=OPEN is=IDLE awp=false se=false i=true al=0},r=0,c=false/false,a=IDLE,uri=null,age=0}
02:56:42.130 [qtp782228073-62] DEBUG org.eclipse.jetty.io.ssl.SslConnection - fill NOT_HANDSHAKING
02:56:42.130 [qtp782228073-62] DEBUG org.eclipse.jetty.io.ChannelEndPoint - filled 0 HeapByteBuffer@740a9f9e[p=1338,l=1508,c=17408,r=170]={\x17\x03\x03\x03\xAd\x0b\x00\x03\x88...[\xC9\xF7\x8b4\xD7\xAa<<<\x17\x03\x03\x00\xA5\x0b\x9cm\xD4\x06\x08\x84\x08\xB0\x0f\x11\xBd\x9e\xCc\x03\x17\xE3\x1bF\xFe...w\x10-"\xF8\xB4\x8f\xB8\xFf1\xC6\x0cd#\x8d=\x80\xA6F=\x9aJF>>>\x00\x00\x00\x00\x00\x00\x00\x00\x00...\x00\x00\x00\x00\x00\x00\x00}
02:56:42.130 [qtp782228073-62] DEBUG org.eclipse.jetty.io.ssl.SslConnection - net filled=0
02:56:42.131 [qtp782228073-62] DEBUG org.eclipse.jetty.io.ssl.SslConnection - unwrap net_filled=0 Status = OK HandshakeStatus = NOT_HANDSHAKING bytesConsumed = 170 bytesProduced = 132 encryptedBuffer=[p=1508,l=1508,c=17408,r=0] unwrapBuffer=HeapByteBuffer@1b26ebdb[p=0,l=132,c=17408,r=132]={<<<GET / HTTP/1.1\r\nIf-None-M...gent: okhttp/3.12.3\r\n\r\n>>>$\x16\t\xA0P\xDd\xA7S\xEf...\x00\x00\x00\x00\x00\x00\x00} appBuffer=HeapByteBuffer@1b26ebdb[p=0,l=132,c=17408,r=132]={<<<GET / HTTP/1.1\r\nIf-None-M...gent: okhttp/3.12.3\r\n\r\n>>>$\x16\t\xA0P\xDd\xA7S\xEf...\x00\x00\x00\x00\x00\x00\x00}
02:56:42.131 [qtp782228073-62] DEBUG org.eclipse.jetty.io.ssl.SslConnection - <fill f=132 uf=false SslConnection@30197c44::SocketChannelEndPoint@5e9639a8{l=/127.0.0.1:40197,r=/127.0.0.1:33986,OPEN,fill=-,flush=-,to=0/30000}{io=0/0,kio=0,kro=1}->SslConnection@30197c44{NOT_HANDSHAKING,eio=-1/-1,di=-1,fill=IDLE,flush=IDLE}~>DecryptedEndPoint@5b6300e9{l=/127.0.0.1:40197,r=/127.0.0.1:33986,OPEN,fill=-,flush=-,to=43/30000}=>HttpConnection@e924f38[p=HttpParser{s=START,0 of -1},g=HttpGenerator@733e46e6{s=START}]=>HttpChannelOverHttp@26e2b4a0{s=HttpChannelState@345724b2{s=IDLE rs=BLOCKING os=OPEN is=IDLE awp=false se=false i=true al=0},r=0,c=false/false,a=IDLE,uri=null,age=0}
02:56:42.131 [qtp782228073-62] DEBUG org.eclipse.jetty.server.HttpConnection - HttpConnection@e924f38::DecryptedEndPoint@5b6300e9{l=/127.0.0.1:40197,r=/127.0.0.1:33986,OPEN,fill=-,flush=-,to=43/30000} filled 132 HeapByteBuffer@1b26ebdb[p=0,l=132,c=17408,r=132]={<<<GET / HTTP/1.1\r\nIf-None-M...gent: okhttp/3.12.3\r\n\r\n>>>$\x16\t\xA0P\xDd\xA7S\xEf...\x00\x00\x00\x00\x00\x00\x00}
02:56:42.131 [qtp782228073-62] DEBUG org.eclipse.jetty.server.HttpConnection - HttpConnection@e924f38::DecryptedEndPoint@5b6300e9{l=/127.0.0.1:40197,r=/127.0.0.1:33986,OPEN,fill=-,flush=-,to=43/30000} parse HeapByteBuffer@1b26ebdb[p=0,l=132,c=17408,r=132]={<<<GET / HTTP/1.1\r\nIf-None-M...gent: okhttp/3.12.3\r\n\r\n>>>$\x16\t\xA0P\xDd\xA7S\xEf...\x00\x00\x00\x00\x00\x00\x00} {}
02:56:42.131 [qtp782228073-62] DEBUG org.eclipse.jetty.http.HttpParser - parseNext s=START HeapByteBuffer@1b26ebdb[p=0,l=132,c=17408,r=132]={<<<GET / HTTP/1.1\r\nIf-None-M...gent: okhttp/3.12.3\r\n\r\n>>>$\x16\t\xA0P\xDd\xA7S\xEf...\x00\x00\x00\x00\x00\x00\x00}
02:56:42.131 [qtp782228073-62] DEBUG org.eclipse.jetty.http.HttpParser - START --> SPACE1
02:56:42.131 [qtp782228073-62] DEBUG org.eclipse.jetty.http.HttpParser - SPACE1 --> URI
02:56:42.131 [qtp782228073-62] DEBUG org.eclipse.jetty.http.HttpParser - URI --> SPACE2
02:56:42.131 [qtp782228073-62] DEBUG org.eclipse.jetty.http.HttpParser - SPACE2 --> REQUEST_VERSION
02:56:42.131 [qtp782228073-62] DEBUG org.eclipse.jetty.http.HttpParser - REQUEST_VERSION --> HEADER
02:56:42.131 [qtp782228073-62] DEBUG org.eclipse.jetty.http.HttpParser - HEADER:If-None-Match --> VALUE
02:56:42.131 [qtp782228073-62] DEBUG org.eclipse.jetty.http.HttpParser - HEADER:If-None-Match --> FIELD
02:56:42.131 [qtp782228073-62] DEBUG org.eclipse.jetty.http.HttpParser - HEADER:Host --> VALUE
02:56:42.131 [qtp782228073-62] DEBUG org.eclipse.jetty.http.HttpParser - HEADER:Host --> IN_VALUE
02:56:42.131 [qtp782228073-62] DEBUG org.eclipse.jetty.http.HttpParser - HEADER:Host --> FIELD
02:56:42.131 [qtp782228073-62] DEBUG org.eclipse.jetty.http.HttpParser - HEADER:Connection: keep-alive --> IN_VALUE
02:56:42.131 [qtp782228073-62] DEBUG org.eclipse.jetty.http.HttpParser - HEADER:Connection: keep-alive --> FIELD
02:56:42.131 [qtp782228073-62] DEBUG org.eclipse.jetty.http.HttpParser - HEADER:Accept-Encoding: gzip --> IN_VALUE
02:56:42.131 [qtp782228073-62] DEBUG org.eclipse.jetty.http.HttpParser - HEADER:Accept-Encoding: gzip --> FIELD
02:56:42.131 [qtp782228073-62] DEBUG org.eclipse.jetty.http.HttpParser - HEADER:User-Agent --> VALUE
02:56:42.131 [qtp782228073-62] DEBUG org.eclipse.jetty.http.HttpParser - HEADER:User-Agent --> IN_VALUE
02:56:42.131 [qtp782228073-62] DEBUG org.eclipse.jetty.http.HttpParser - HEADER:User-Agent --> FIELD
02:56:42.131 [qtp782228073-62] DEBUG org.eclipse.jetty.http.HttpParser - HEADER --> CONTENT
02:56:42.131 [qtp782228073-62] DEBUG org.eclipse.jetty.server.HttpChannel - REQUEST for //localhost:40197/ on HttpChannelOverHttp@26e2b4a0{s=HttpChannelState@345724b2{s=IDLE rs=BLOCKING os=OPEN is=IDLE awp=false se=false i=true al=0},r=1,c=false/false,a=IDLE,uri=//localhost:40197/,age=0}
GET //localhost:40197/ HTTP/1.1
If-None-Match: 
Host: localhost:40197
Connection: keep-alive
Accept-Encoding: gzip
User-Agent: okhttp/3.12.3


02:56:42.131 [qtp782228073-62] DEBUG org.eclipse.jetty.server.HttpConnection - HttpConnection@e924f38::DecryptedEndPoint@5b6300e9{l=/127.0.0.1:40197,r=/127.0.0.1:33986,OPEN,fill=-,flush=-,to=44/30000} parsed true HttpParser{s=CONTENT,0 of -1}
02:56:42.131 [qtp782228073-62] DEBUG org.eclipse.jetty.server.HttpConnection - releaseRequestBuffer HttpConnection@e924f38::DecryptedEndPoint@5b6300e9{l=/127.0.0.1:40197,r=/127.0.0.1:33986,OPEN,fill=-,flush=-,to=44/30000}
02:56:42.131 [qtp782228073-62] DEBUG org.eclipse.jetty.server.HttpChannel - handle //localhost:40197/ HttpChannelOverHttp@26e2b4a0{s=HttpChannelState@345724b2{s=IDLE rs=BLOCKING os=OPEN is=IDLE awp=false se=false i=true al=0},r=1,c=false/false,a=IDLE,uri=//localhost:40197/,age=0} 
02:56:42.131 [qtp782228073-62] DEBUG org.eclipse.jetty.server.HttpChannelState - handling HttpChannelState@345724b2{s=IDLE rs=BLOCKING os=OPEN is=IDLE awp=false se=false i=true al=0}
02:56:42.131 [qtp782228073-62] DEBUG org.eclipse.jetty.server.HttpChannel - action DISPATCH HttpChannelOverHttp@26e2b4a0{s=HttpChannelState@345724b2{s=HANDLING rs=BLOCKING os=OPEN is=IDLE awp=false se=false i=true al=0},r=1,c=false/false,a=HANDLING,uri=//localhost:40197/,age=0}
02:56:42.131 [qtp782228073-62] DEBUG org.eclipse.jetty.server.SecureRequestCustomizer - Host localhost with SNI null
02:56:42.132 [qtp782228073-62] DEBUG org.eclipse.jetty.server.Server - REQUEST GET / on HttpChannelOverHttp@26e2b4a0{s=HttpChannelState@345724b2{s=HANDLING rs=BLOCKING os=OPEN is=IDLE awp=false se=false i=true al=0},r=1,c=false/false,a=HANDLING,uri=https://localhost:40197/,age=1}
02:56:42.132 [qtp782228073-62] DEBUG org.eclipse.jetty.server.HttpOutput - write(array HeapByteBuffer@a0159c7[p=0,l=4,c=512,r=4]={<<<test>>>\x00\x00\x00\x00\x00\x00\x00\x00\x00...\x00\x00\x00\x00\x00\x00\x00})
02:56:42.132 [qtp782228073-62] DEBUG org.eclipse.jetty.server.HttpOutput - write(array) s=CLOSING,api=BLOCKED,sc=false,e=null last=true agg=false flush=true async=false, len=4 null
02:56:42.132 [qtp782228073-62] DEBUG org.eclipse.jetty.server.HttpChannel - sendResponse info=null content=HeapByteBuffer@633d89ed[p=0,l=4,c=512,r=4]={<<<test>>>\x00\x00\x00\x00\x00\x00\x00\x00\x00...\x00\x00\x00\x00\x00\x00\x00} complete=true committing=true callback=Blocker@5bdf9a1b{null}
02:56:42.132 [qtp782228073-62] DEBUG org.eclipse.jetty.server.HttpChannel - COMMIT for / on HttpChannelOverHttp@26e2b4a0{s=HttpChannelState@345724b2{s=HANDLING rs=BLOCKING os=COMMITTED is=IDLE awp=false se=false i=true al=0},r=1,c=false/false,a=HANDLING,uri=https://localhost:40197/,age=1}
200 null HTTP/1.1
Date: Thu, 02 May 2024 01:56:42 GMT
ETag: testEtag
Content-Type: text/plain;charset=utf-8
Content-Length: 4


02:56:42.132 [qtp782228073-62] DEBUG org.eclipse.jetty.server.HttpConnection - generate: NEED_HEADER for SendCallback@770bda88[PROCESSING][i=HTTP/1.1{s=200,h=4,cl=4},cb=org.eclipse.jetty.server.HttpChannel$SendCallback@77c46acf] (null,[p=0,l=4,c=512,r=4],true)@START
02:56:42.132 [qtp782228073-62] DEBUG org.eclipse.jetty.http.HttpGenerator - generateHeaders HTTP/1.1{s=200,h=4,cl=4} last=true content=HeapByteBuffer@633d89ed[p=0,l=4,c=512,r=4]={<<<test>>>\x00\x00\x00\x00\x00\x00\x00\x00\x00...\x00\x00\x00\x00\x00\x00\x00}
02:56:42.132 [qtp782228073-62] DEBUG org.eclipse.jetty.http.HttpGenerator - Date: Thu, 02 May 2024 01:56:42 GMT
ETag: testEtag
Content-Type: text/plain;charset=utf-8
Content-Length: 4


02:56:42.132 [qtp782228073-62] DEBUG org.eclipse.jetty.http.HttpGenerator - CONTENT_LENGTH
02:56:42.132 [qtp782228073-62] DEBUG org.eclipse.jetty.server.HttpConnection - generate: FLUSH for SendCallback@770bda88[PROCESSING][i=HTTP/1.1{s=200,h=4,cl=4},cb=org.eclipse.jetty.server.HttpChannel$SendCallback@77c46acf] ([p=0,l=164,c=8192,r=164],[p=0,l=4,c=512,r=4],true)@COMPLETING
02:56:42.132 [qtp782228073-62] DEBUG org.eclipse.jetty.io.WriteFlusher - write: WriteFlusher@7839e73b{IDLE}->null [HeapByteBuffer@7bc04565[p=0,l=164,c=8192,r=164]={<<<HTTP/1.1 200 OK\r\nDate: Th...y(9.4.44.v20210927)\r\n\r\n>>>\x00\x00\x00\x00\x00\x00\x00\x00\x00...\x00\x00\x00\x00\x00\x00\x00},HeapByteBuffer@633d89ed[p=0,l=4,c=512,r=4]={<<<test>>>\x00\x00\x00\x00\x00\x00\x00\x00\x00...\x00\x00\x00\x00\x00\x00\x00}]
02:56:42.132 [qtp782228073-62] DEBUG org.eclipse.jetty.io.WriteFlusher - update WriteFlusher@7839e73b{WRITING}->null:IDLE-->WRITING
02:56:42.132 [qtp782228073-62] DEBUG org.eclipse.jetty.io.ssl.SslConnection - >flush SslConnection@30197c44::SocketChannelEndPoint@5e9639a8{l=/127.0.0.1:40197,r=/127.0.0.1:33986,OPEN,fill=-,flush=-,to=2/30000}{io=0/0,kio=0,kro=1}->SslConnection@30197c44{NOT_HANDSHAKING,eio=-1/-1,di=-1,fill=IDLE,flush=IDLE}~>DecryptedEndPoint@5b6300e9{l=/127.0.0.1:40197,r=/127.0.0.1:33986,OPEN,fill=-,flush=W,to=44/30000}=>HttpConnection@e924f38[p=HttpParser{s=CONTENT,0 of -1},g=HttpGenerator@733e46e6{s=COMPLETING}]=>HttpChannelOverHttp@26e2b4a0{s=HttpChannelState@345724b2{s=HANDLING rs=BLOCKING os=COMMITTED is=IDLE awp=false se=false i=true al=0},r=1,c=false/false,a=HANDLING,uri=https://localhost:40197/,age=1}
02:56:42.132 [qtp782228073-62] DEBUG org.eclipse.jetty.io.ssl.SslConnection - flush b[0]=HeapByteBuffer@7bc04565[p=0,l=164,c=8192,r=164]={<<<HTTP/1.1 200 OK\r\nDate: Th...y(9.4.44.v20210927)\r\n\r\n>>>\x00\x00\x00\x00\x00\x00\x00\x00\x00...\x00\x00\x00\x00\x00\x00\x00}
02:56:42.132 [qtp782228073-62] DEBUG org.eclipse.jetty.io.ssl.SslConnection - flush b[1]=HeapByteBuffer@633d89ed[p=0,l=4,c=512,r=4]={<<<test>>>\x00\x00\x00\x00\x00\x00\x00\x00\x00...\x00\x00\x00\x00\x00\x00\x00}
02:56:42.132 [qtp782228073-62] DEBUG org.eclipse.jetty.io.ssl.SslConnection - flush NOT_HANDSHAKING
02:56:42.132 [qtp782228073-62] DEBUG org.eclipse.jetty.io.ssl.SslConnection - wrap Status = OK HandshakeStatus = NOT_HANDSHAKING bytesConsumed = 168 bytesProduced = 206 [p=0,l=206,c=17408,r=206] ioDone=false/false
02:56:42.133 [qtp782228073-62] DEBUG org.eclipse.jetty.io.ChannelEndPoint - flushed 206 SocketChannelEndPoint@5e9639a8{l=/127.0.0.1:40197,r=/127.0.0.1:33986,OPEN,fill=-,flush=-,to=2/30000}{io=0/0,kio=0,kro=1}->SslConnection@30197c44{NOT_HANDSHAKING,eio=-1/0,di=-1,fill=IDLE,flush=IDLE}~>DecryptedEndPoint@5b6300e9{l=/127.0.0.1:40197,r=/127.0.0.1:33986,OPEN,fill=-,flush=W,to=45/30000}=>HttpConnection@e924f38[p=HttpParser{s=CONTENT,0 of -1},g=HttpGenerator@733e46e6{s=COMPLETING}]=>HttpChannelOverHttp@26e2b4a0{s=HttpChannelState@345724b2{s=HANDLING rs=BLOCKING os=COMMITTED is=IDLE awp=false se=false i=true al=0},r=1,c=false/false,a=HANDLING,uri=https://localhost:40197/,age=2}
02:56:42.133 [qtp782228073-62] DEBUG org.eclipse.jetty.io.ssl.SslConnection - net flushed=true, ac=true
02:56:42.133 [qtp782228073-62] DEBUG org.eclipse.jetty.io.ssl.SslConnection - <flush true SslConnection@30197c44::SocketChannelEndPoint@5e9639a8{l=/127.0.0.1:40197,r=/127.0.0.1:33986,OPEN,fill=-,flush=-,to=0/30000}{io=0/0,kio=0,kro=1}->SslConnection@30197c44{NOT_HANDSHAKING,eio=-1/-1,di=-1,fill=IDLE,flush=IDLE}~>DecryptedEndPoint@5b6300e9{l=/127.0.0.1:40197,r=/127.0.0.1:33986,OPEN,fill=-,flush=W,to=45/30000}=>HttpConnection@e924f38[p=HttpParser{s=CONTENT,0 of -1},g=HttpGenerator@733e46e6{s=COMPLETING}]=>HttpChannelOverHttp@26e2b4a0{s=HttpChannelState@345724b2{s=HANDLING rs=BLOCKING os=COMMITTED is=IDLE awp=false se=false i=true al=0},r=1,c=false/false,a=HANDLING,uri=https://localhost:40197/,age=2}
02:56:42.133 [main] DEBUG org.apache.nifi.minifi.bootstrap.configuration.ingestors.PullHttpChangeIngestor - Response received: Response{protocol=http/1.1, code=200, message=OK, url=https://localhost:40197/}
02:56:42.133 [qtp782228073-62] DEBUG org.eclipse.jetty.io.WriteFlusher - Flushed=true written=168 remaining=0 WriteFlusher@7839e73b{WRITING}->null
02:56:42.133 [qtp782228073-62] DEBUG org.eclipse.jetty.io.WriteFlusher - update WriteFlusher@7839e73b{IDLE}->null:WRITING-->IDLE
02:56:42.133 [qtp782228073-62] DEBUG org.eclipse.jetty.server.HttpConnection - generate: DONE for SendCallback@770bda88[PROCESSING][i=HTTP/1.1{s=200,h=4,cl=4},cb=org.eclipse.jetty.server.HttpChannel$SendCallback@77c46acf] ([p=164,l=164,c=8192,r=0],[p=4,l=4,c=512,r=0],true)@END
02:56:42.133 [qtp782228073-62] DEBUG org.eclipse.jetty.server.HttpOutput - onWriteComplete(true,null) s=CLOSING,api=BLOCKED,sc=false,e=null->s=CLOSED,api=BLOCKING,sc=false,e=null c=null cb=null w=false
02:56:42.133 [main] DEBUG org.apache.nifi.minifi.bootstrap.configuration.ingestors.PullHttpChangeIngestor - New change received, notifying listener
02:56:42.133 [qtp782228073-62] DEBUG org.eclipse.jetty.server.HttpOutput - close() s=CLOSED,api=BLOCKING,sc=false,e=null c=null b=null
02:56:42.133 [qtp782228073-62] DEBUG org.eclipse.jetty.server.Server - handled=true async=false committed=true on HttpChannelOverHttp@26e2b4a0{s=HttpChannelState@345724b2{s=HANDLING rs=BLOCKING os=COMPLETED is=IDLE awp=false se=false i=true al=0},r=1,c=false/true,a=HANDLING,uri=https://localhost:40197/,age=2}
02:56:42.133 [main] DEBUG org.apache.nifi.minifi.bootstrap.configuration.ingestors.PullHttpChangeIngestor - Listeners notified
02:56:42.133 [qtp782228073-62] DEBUG org.eclipse.jetty.server.HttpChannelState - unhandle HttpChannelState@345724b2{s=HANDLING rs=BLOCKING os=COMPLETED is=IDLE awp=false se=false i=true al=0}
02:56:42.133 [qtp782228073-62] DEBUG org.eclipse.jetty.server.HttpChannelState - nextAction(false) COMPLETE HttpChannelState@345724b2{s=HANDLING rs=COMPLETING os=COMPLETED is=IDLE awp=false se=false i=false al=0}
02:56:42.133 [qtp782228073-62] DEBUG org.eclipse.jetty.server.HttpChannel - action COMPLETE HttpChannelOverHttp@26e2b4a0{s=HttpChannelState@345724b2{s=HANDLING rs=COMPLETING os=COMPLETED is=IDLE awp=false se=false i=false al=0},r=1,c=false/true,a=HANDLING,uri=https://localhost:40197/,age=2}
02:56:42.133 [qtp782228073-62] DEBUG org.eclipse.jetty.server.HttpOutput - complete(org.eclipse.jetty.util.Callback$3@5f91a565) s=CLOSED,api=BLOCKING,sc=false,e=null s=true e=null, c=null
02:56:42.133 [main] DEBUG org.apache.nifi.minifi.bootstrap.configuration.ingestors.PullHttpChangeIngestor - Attempting to pull new config
02:56:42.133 [qtp782228073-62] DEBUG org.eclipse.jetty.server.HttpChannelState - completed HttpChannelState@345724b2{s=HANDLING rs=COMPLETING os=COMPLETED is=IDLE awp=false se=false i=false al=0}
02:56:42.133 [qtp782228073-62] DEBUG org.eclipse.jetty.server.HttpChannelState - unhandle HttpChannelState@345724b2{s=HANDLING rs=COMPLETED os=COMPLETED is=IDLE awp=false se=false i=false al=0}
02:56:42.133 [qtp782228073-62] DEBUG org.eclipse.jetty.server.HttpChannelState - nextAction(false) TERMINATED HttpChannelState@345724b2{s=IDLE rs=COMPLETED os=COMPLETED is=IDLE awp=false se=false i=false al=0}
02:56:42.133 [qtp782228073-62] DEBUG org.eclipse.jetty.server.HttpChannel - action TERMINATED HttpChannelOverHttp@26e2b4a0{s=HttpChannelState@345724b2{s=IDLE rs=COMPLETED os=COMPLETED is=IDLE awp=false se=false i=false al=0},r=1,c=true/true,a=IDLE,uri=https://localhost:40197/,age=2}
02:56:42.133 [qtp782228073-62] DEBUG org.eclipse.jetty.server.HttpChannel - onCompleted for / written=4
02:56:42.133 [qtp782228073-62] DEBUG org.eclipse.jetty.io.ssl.SslConnection - >fill SslConnection@30197c44::SocketChannelEndPoint@5e9639a8{l=/127.0.0.1:40197,r=/127.0.0.1:33986,OPEN,fill=-,flush=-,to=0/30000}{io=0/0,kio=0,kro=1}->SslConnection@30197c44{NOT_HANDSHAKING,eio=-1/-1,di=-1,fill=IDLE,flush=IDLE}~>DecryptedEndPoint@5b6300e9{l=/127.0.0.1:40197,r=/127.0.0.1:33986,OPEN,fill=-,flush=-,to=46/30000}=>HttpConnection@e924f38[p=HttpParser{s=CONTENT,0 of -1},g=HttpGenerator@733e46e6{s=END}]=>HttpChannelOverHttp@26e2b4a0{s=HttpChannelState@345724b2{s=IDLE rs=COMPLETED os=COMPLETED is=IDLE awp=false se=false i=false al=0},r=1,c=true/true,a=IDLE,uri=https://localhost:40197/,age=2}
02:56:42.133 [qtp782228073-62] DEBUG org.eclipse.jetty.io.ssl.SslConnection - fill NOT_HANDSHAKING
02:56:42.133 [qtp782228073-62] DEBUG org.eclipse.jetty.io.ChannelEndPoint - filled 0 HeapByteBuffer@1b26ebdb[p=0,l=0,c=17408,r=0]={<<<>>>GET / HTT...\x00\x00\x00\x00\x00\x00\x00}
02:56:42.134 [qtp782228073-62] DEBUG org.eclipse.jetty.io.ssl.SslConnection - net filled=0
02:56:42.134 [qtp782228073-62] DEBUG org.eclipse.jetty.io.ssl.SslConnection - unwrap net_filled=0 Status = BUFFER_UNDERFLOW HandshakeStatus = NOT_HANDSHAKING bytesConsumed = 0 bytesProduced = 0 encryptedBuffer=[p=0,l=0,c=17408,r=0] unwrapBuffer=HeapByteBuffer@740a9f9e[p=0,l=0,c=17408,r=0]={<<<>>>\x17\x03\x03\x03\xAd\x0b\x00\x03\x88...\x00\x00\x00\x00\x00\x00\x00} appBuffer=HeapByteBuffer@740a9f9e[p=0,l=0,c=17408,r=0]={<<<>>>\x17\x03\x03\x03\xAd\x0b\x00\x03\x88...\x00\x00\x00\x00\x00\x00\x00}
02:56:42.134 [qtp782228073-62] DEBUG org.eclipse.jetty.io.ssl.SslConnection - <fill f=0 uf=true SslConnection@30197c44::SocketChannelEndPoint@5e9639a8{l=/127.0.0.1:40197,r=/127.0.0.1:33986,OPEN,fill=-,flush=-,to=0/30000}{io=0/0,kio=0,kro=1}->SslConnection@30197c44{NOT_HANDSHAKING,eio=-1/-1,di=-1,fill=IDLE,flush=IDLE}~>DecryptedEndPoint@5b6300e9{l=/127.0.0.1:40197,r=/127.0.0.1:33986,OPEN,fill=-,flush=-,to=46/30000}=>HttpConnection@e924f38[p=HttpParser{s=CONTENT,0 of -1},g=HttpGenerator@733e46e6{s=END}]=>HttpChannelOverHttp@26e2b4a0{s=HttpChannelState@345724b2{s=IDLE rs=COMPLETED os=COMPLETED is=IDLE awp=false se=false i=false al=0},r=1,c=true/true,a=IDLE,uri=https://localhost:40197/,age=3}
02:56:42.134 [qtp782228073-62] DEBUG org.eclipse.jetty.io.ssl.SslConnection - >fill SslConnection@30197c44::SocketChannelEndPoint@5e9639a8{l=/127.0.0.1:40197,r=/127.0.0.1:33986,OPEN,fill=-,flush=-,to=1/30000}{io=0/0,kio=0,kro=1}->SslConnection@30197c44{NOT_HANDSHAKING,eio=-1/-1,di=-1,fill=IDLE,flush=IDLE}~>DecryptedEndPoint@5b6300e9{l=/127.0.0.1:40197,r=/127.0.0.1:33986,OPEN,fill=-,flush=-,to=46/30000}=>HttpConnection@e924f38[p=HttpParser{s=CONTENT,0 of -1},g=HttpGenerator@733e46e6{s=END}]=>HttpChannelOverHttp@26e2b4a0{s=HttpChannelState@345724b2{s=IDLE rs=COMPLETED os=COMPLETED is=IDLE awp=false se=false i=false al=0},r=1,c=true/true,a=IDLE,uri=https://localhost:40197/,age=3}
02:56:42.134 [qtp782228073-62] DEBUG org.eclipse.jetty.io.ssl.SslConnection - fill NOT_HANDSHAKING
02:56:42.134 [qtp782228073-62] DEBUG org.eclipse.jetty.io.ChannelEndPoint - filled 180 HeapByteBuffer@7acd6f6f[p=0,l=180,c=17408,r=180]={<<<\x17\x03\x03\x00\xAf\x16k\x0b\x07\xE2\xBb\xD4VmF\xA8T\x08o\xBb\x85\xDc\x0c\r~...\xCd\xE9=L2\xCc\xC6K~\xFd/\xAa\x98\xD8\xCb\xC6e;X\xE9\x9d\x1e\xF1>>>/\x9a\xC4\xB6\x1e\xFc\xBd&\x06...\x00\x00\x00\x00\x00\x00\x00}
02:56:42.134 [qtp782228073-62] DEBUG org.eclipse.jetty.io.ssl.SslConnection - net filled=180
02:56:42.134 [qtp782228073-62] DEBUG org.eclipse.jetty.io.ssl.SslConnection - unwrap net_filled=180 Status = OK HandshakeStatus = NOT_HANDSHAKING bytesConsumed = 180 bytesProduced = 142 encryptedBuffer=[p=180,l=180,c=17408,r=0] unwrapBuffer=HeapByteBuffer@740a9f9e[p=0,l=142,c=17408,r=142]={<<<GET / HTTP/1.1\r\nIf-None-M...gent: okhttp/3.12.3\r\n\r\n>>>0\x10\x06\x03U\x04\x03\x0c\t...\x00\x00\x00\x00\x00\x00\x00} appBuffer=HeapByteBuffer@740a9f9e[p=0,l=142,c=17408,r=142]={<<<GET / HTTP/1.1\r\nIf-None-M...gent: okhttp/3.12.3\r\n\r\n>>>0\x10\x06\x03U\x04\x03\x0c\t...\x00\x00\x00\x00\x00\x00\x00}
02:56:42.134 [qtp782228073-62] DEBUG org.eclipse.jetty.io.ssl.SslConnection - <fill f=142 uf=false SslConnection@30197c44::SocketChannelEndPoint@5e9639a8{l=/127.0.0.1:40197,r=/127.0.0.1:33986,OPEN,fill=-,flush=-,to=0/30000}{io=0/0,kio=0,kro=1}->SslConnection@30197c44{NOT_HANDSHAKING,eio=-1/-1,di=-1,fill=IDLE,flush=IDLE}~>DecryptedEndPoint@5b6300e9{l=/127.0.0.1:40197,r=/127.0.0.1:33986,OPEN,fill=-,flush=-,to=46/30000}=>HttpConnection@e924f38[p=HttpParser{s=CONTENT,0 of -1},g=HttpGenerator@733e46e6{s=END}]=>HttpChannelOverHttp@26e2b4a0{s=HttpChannelState@345724b2{s=IDLE rs=COMPLETED os=COMPLETED is=IDLE awp=false se=false i=false al=0},r=1,c=true/true,a=IDLE,uri=https://localhost:40197/,age=3}
02:56:42.134 [qtp782228073-62] DEBUG org.eclipse.jetty.server.HttpConnection - HttpConnection@e924f38::DecryptedEndPoint@5b6300e9{l=/127.0.0.1:40197,r=/127.0.0.1:33986,OPEN,fill=-,flush=-,to=46/30000} filled 142 HeapByteBuffer@740a9f9e[p=0,l=142,c=17408,r=142]={<<<GET / HTTP/1.1\r\nIf-None-M...gent: okhttp/3.12.3\r\n\r\n>>>0\x10\x06\x03U\x04\x03\x0c\t...\x00\x00\x00\x00\x00\x00\x00}
02:56:42.134 [qtp782228073-62] DEBUG org.eclipse.jetty.server.HttpConnection - HttpConnection@e924f38::DecryptedEndPoint@5b6300e9{l=/127.0.0.1:40197,r=/127.0.0.1:33986,OPEN,fill=-,flush=-,to=47/30000} parse HeapByteBuffer@740a9f9e[p=0,l=142,c=17408,r=142]={<<<GET / HTTP/1.1\r\nIf-None-M...gent: okhttp/3.12.3\r\n\r\n>>>0\x10\x06\x03U\x04\x03\x0c\t...\x00\x00\x00\x00\x00\x00\x00} {}
02:56:42.134 [qtp782228073-62] DEBUG org.eclipse.jetty.http.HttpParser - parseNext s=CONTENT HeapByteBuffer@740a9f9e[p=0,l=142,c=17408,r=142]={<<<GET / HTTP/1.1\r\nIf-None-M...gent: okhttp/3.12.3\r\n\r\n>>>0\x10\x06\x03U\x04\x03\x0c\t...\x00\x00\x00\x00\x00\x00\x00}
02:56:42.134 [qtp782228073-62] DEBUG org.eclipse.jetty.http.HttpParser - CONTENT --> CONTENT_END
02:56:42.134 [qtp782228073-62] DEBUG org.eclipse.jetty.server.HttpChannel - onContentComplete HttpChannelOverHttp@26e2b4a0{s=HttpChannelState@345724b2{s=IDLE rs=COMPLETED os=COMPLETED is=IDLE awp=false se=false i=false al=0},r=1,c=true/true,a=IDLE,uri=https://localhost:40197/,age=3}
02:56:42.134 [qtp782228073-62] DEBUG org.eclipse.jetty.http.HttpParser - CONTENT_END --> END
02:56:42.134 [qtp782228073-62] DEBUG org.eclipse.jetty.server.HttpChannel - onRequestComplete HttpChannelOverHttp@26e2b4a0{s=HttpChannelState@345724b2{s=IDLE rs=COMPLETED os=COMPLETED is=IDLE awp=false se=false i=false al=0},r=1,c=true/true,a=IDLE,uri=https://localhost:40197/,age=3}
02:56:42.134 [qtp782228073-62] DEBUG org.eclipse.jetty.server.HttpInput - HttpInputOverHTTP@76e7fb85[c=0,q=0,[0]=null,s=STREAM] addContent EOF
02:56:42.134 [qtp782228073-62] DEBUG org.eclipse.jetty.server.HttpConnection - HttpConnection@e924f38::DecryptedEndPoint@5b6300e9{l=/127.0.0.1:40197,r=/127.0.0.1:33986,OPEN,fill=-,flush=-,to=47/30000} parsed false HttpParser{s=END,0 of -1}
02:56:42.134 [qtp782228073-62] DEBUG org.eclipse.jetty.server.HttpChannelState - recycle HttpChannelState@345724b2{s=IDLE rs=COMPLETED os=COMPLETED is=IDLE awp=false se=false i=false al=0}
02:56:42.135 [qtp782228073-62] DEBUG org.eclipse.jetty.http.HttpParser - reset HttpParser{s=END,0 of -1}
02:56:42.135 [qtp782228073-62] DEBUG org.eclipse.jetty.http.HttpParser - END --> START
02:56:42.135 [qtp782228073-62] DEBUG org.eclipse.jetty.server.HttpChannel - !handle TERMINATED HttpChannelOverHttp@26e2b4a0{s=HttpChannelState@345724b2{s=IDLE rs=BLOCKING os=OPEN is=IDLE awp=false se=false i=true al=0},r=1,c=false/false,a=IDLE,uri=null,age=0}
02:56:42.135 [qtp782228073-62] DEBUG org.eclipse.jetty.server.HttpConnection - HttpConnection@e924f38::DecryptedEndPoint@5b6300e9{l=/127.0.0.1:40197,r=/127.0.0.1:33986,OPEN,fill=-,flush=-,to=47/30000} parse HeapByteBuffer@740a9f9e[p=0,l=142,c=17408,r=142]={<<<GET / HTTP/1.1\r\nIf-None-M...gent: okhttp/3.12.3\r\n\r\n>>>0\x10\x06\x03U\x04\x03\x0c\t...\x00\x00\x00\x00\x00\x00\x00} {}
02:56:42.135 [qtp782228073-62] DEBUG org.eclipse.jetty.http.HttpParser - parseNext s=START HeapByteBuffer@740a9f9e[p=0,l=142,c=17408,r=142]={<<<GET / HTTP/1.1\r\nIf-None-M...gent: okhttp/3.12.3\r\n\r\n>>>0\x10\x06\x03U\x04\x03\x0c\t...\x00\x00\x00\x00\x00\x00\x00}
02:56:42.135 [qtp782228073-62] DEBUG org.eclipse.jetty.http.HttpParser - START --> SPACE1
02:56:42.135 [qtp782228073-62] DEBUG org.eclipse.jetty.http.HttpParser - SPACE1 --> URI
02:56:42.135 [qtp782228073-62] DEBUG org.eclipse.jetty.http.HttpParser - URI --> SPACE2
02:56:42.135 [qtp782228073-62] DEBUG org.eclipse.jetty.http.HttpParser - SPACE2 --> REQUEST_VERSION
02:56:42.135 [qtp782228073-62] DEBUG org.eclipse.jetty.http.HttpParser - REQUEST_VERSION --> HEADER
02:56:42.135 [qtp782228073-62] DEBUG org.eclipse.jetty.http.HttpParser - HEADER:If-None-Match --> VALUE
02:56:42.135 [qtp782228073-62] DEBUG org.eclipse.jetty.http.HttpParser - HEADER:If-None-Match --> IN_VALUE
02:56:42.135 [qtp782228073-62] DEBUG org.eclipse.jetty.http.HttpParser - HEADER:If-None-Match --> FIELD
02:56:42.135 [qtp782228073-62] DEBUG org.eclipse.jetty.http.HttpParser - HEADER:Host: localhost:40197 --> IN_VALUE
02:56:42.135 [qtp782228073-62] DEBUG org.eclipse.jetty.http.HttpParser - HEADER:Host: localhost:40197 --> FIELD
02:56:42.135 [qtp782228073-62] DEBUG org.eclipse.jetty.http.HttpParser - HEADER:Connection: keep-alive --> IN_VALUE
02:56:42.135 [qtp782228073-62] DEBUG org.eclipse.jetty.http.HttpParser - HEADER:Connection: keep-alive --> FIELD
02:56:42.135 [qtp782228073-62] DEBUG org.eclipse.jetty.http.HttpParser - HEADER:Accept-Encoding: gzip --> IN_VALUE
02:56:42.135 [qtp782228073-62] DEBUG org.eclipse.jetty.http.HttpParser - HEADER:Accept-Encoding: gzip --> FIELD
02:56:42.135 [qtp782228073-62] DEBUG org.eclipse.jetty.http.HttpParser - HEADER:User-Agent: okhttp/3.12.3 --> IN_VALUE
02:56:42.135 [qtp782228073-62] DEBUG org.eclipse.jetty.http.HttpParser - HEADER:User-Agent: okhttp/3.12.3 --> FIELD
02:56:42.135 [qtp782228073-62] DEBUG org.eclipse.jetty.http.HttpParser - HEADER --> CONTENT
02:56:42.135 [qtp782228073-62] DEBUG org.eclipse.jetty.server.HttpChannel - REQUEST for //localhost:40197/ on HttpChannelOverHttp@26e2b4a0{s=HttpChannelState@345724b2{s=IDLE rs=BLOCKING os=OPEN is=IDLE awp=false se=false i=true al=0},r=2,c=false/false,a=IDLE,uri=//localhost:40197/,age=0}
GET //localhost:40197/ HTTP/1.1
If-None-Match: "testEtag"
Host: localhost:40197
Connection: keep-alive
Accept-Encoding: gzip
User-Agent: okhttp/3.12.3


02:56:42.135 [qtp782228073-62] DEBUG org.eclipse.jetty.server.HttpConnection - HttpConnection@e924f38::DecryptedEndPoint@5b6300e9{l=/127.0.0.1:40197,r=/127.0.0.1:33986,OPEN,fill=-,flush=-,to=47/30000} parsed true HttpParser{s=CONTENT,0 of -1}
02:56:42.135 [qtp782228073-62] DEBUG org.eclipse.jetty.server.HttpConnection - releaseRequestBuffer HttpConnection@e924f38::DecryptedEndPoint@5b6300e9{l=/127.0.0.1:40197,r=/127.0.0.1:33986,OPEN,fill=-,flush=-,to=47/30000}
02:56:42.135 [qtp782228073-62] DEBUG org.eclipse.jetty.server.HttpChannel - handle //localhost:40197/ HttpChannelOverHttp@26e2b4a0{s=HttpChannelState@345724b2{s=IDLE rs=BLOCKING os=OPEN is=IDLE awp=false se=false i=true al=0},r=2,c=false/false,a=IDLE,uri=//localhost:40197/,age=0} 
02:56:42.135 [qtp782228073-62] DEBUG org.eclipse.jetty.server.HttpChannelState - handling HttpChannelState@345724b2{s=IDLE rs=BLOCKING os=OPEN is=IDLE awp=false se=false i=true al=0}
02:56:42.135 [qtp782228073-62] DEBUG org.eclipse.jetty.server.HttpChannel - action DISPATCH HttpChannelOverHttp@26e2b4a0{s=HttpChannelState@345724b2{s=HANDLING rs=BLOCKING os=OPEN is=IDLE awp=false se=false i=true al=0},r=2,c=false/false,a=HANDLING,uri=//localhost:40197/,age=0}
02:56:42.135 [qtp782228073-62] DEBUG org.eclipse.jetty.server.SecureRequestCustomizer - Host localhost with SNI null
02:56:42.135 [qtp782228073-62] DEBUG org.eclipse.jetty.server.Server - REQUEST GET / on HttpChannelOverHttp@26e2b4a0{s=HttpChannelState@345724b2{s=HANDLING rs=BLOCKING os=OPEN is=IDLE awp=false se=false i=true al=0},r=2,c=false/false,a=HANDLING,uri=https://localhost:40197/,age=0}
02:56:42.135 [qtp782228073-62] DEBUG org.eclipse.jetty.server.Server - handled=true async=false committed=false on HttpChannelOverHttp@26e2b4a0{s=HttpChannelState@345724b2{s=HANDLING rs=BLOCKING os=OPEN is=IDLE awp=false se=false i=true al=0},r=2,c=false/false,a=HANDLING,uri=https://localhost:40197/,age=0}
02:56:42.135 [qtp782228073-62] DEBUG org.eclipse.jetty.server.HttpChannelState - unhandle HttpChannelState@345724b2{s=HANDLING rs=BLOCKING os=OPEN is=IDLE awp=false se=false i=true al=0}
02:56:42.135 [qtp782228073-62] DEBUG org.eclipse.jetty.server.HttpChannelState - nextAction(false) COMPLETE HttpChannelState@345724b2{s=HANDLING rs=COMPLETING os=OPEN is=IDLE awp=false se=false i=false al=0}
02:56:42.135 [qtp782228073-62] DEBUG org.eclipse.jetty.server.HttpChannel - action COMPLETE HttpChannelOverHttp@26e2b4a0{s=HttpChannelState@345724b2{s=HANDLING rs=COMPLETING os=OPEN is=IDLE awp=false se=false i=false al=0},r=2,c=false/false,a=HANDLING,uri=https://localhost:40197/,age=0}
02:56:42.136 [qtp782228073-62] DEBUG org.eclipse.jetty.io.ssl.SslConnection - >fill SslConnection@30197c44::SocketChannelEndPoint@5e9639a8{l=/127.0.0.1:40197,r=/127.0.0.1:33986,OPEN,fill=-,flush=-,to=1/30000}{io=0/0,kio=0,kro=1}->SslConnection@30197c44{NOT_HANDSHAKING,eio=-1/-1,di=-1,fill=IDLE,flush=IDLE}~>DecryptedEndPoint@5b6300e9{l=/127.0.0.1:40197,r=/127.0.0.1:33986,OPEN,fill=-,flush=-,to=48/30000}=>HttpConnection@e924f38[p=HttpParser{s=CONTENT,0 of -1},g=HttpGenerator@733e46e6{s=START}]=>HttpChannelOverHttp@26e2b4a0{s=HttpChannelState@345724b2{s=HANDLING rs=COMPLETING os=OPEN is=IDLE awp=false se=false i=false al=0},r=2,c=false/false,a=HANDLING,uri=https://localhost:40197/,age=0}
02:56:42.136 [qtp782228073-62] DEBUG org.eclipse.jetty.io.ssl.SslConnection - fill NOT_HANDSHAKING
02:56:42.136 [qtp782228073-62] DEBUG org.eclipse.jetty.io.ChannelEndPoint - filled 0 HeapByteBuffer@7acd6f6f[p=0,l=0,c=17408,r=0]={<<<>>>\x17\x03\x03\x00\xAfGET ...\x00\x00\x00\x00\x00\x00\x00}
02:56:42.136 [qtp782228073-62] DEBUG org.eclipse.jetty.io.ssl.SslConnection - net filled=0
02:56:42.136 [qtp782228073-62] DEBUG org.eclipse.jetty.io.ssl.SslConnection - unwrap net_filled=0 Status = BUFFER_UNDERFLOW HandshakeStatus = NOT_HANDSHAKING bytesConsumed = 0 bytesProduced = 0 encryptedBuffer=[p=0,l=0,c=17408,r=0] unwrapBuffer=HeapByteBuffer@1b26ebdb[p=0,l=0,c=17408,r=0]={<<<>>>GET / HTT...\x00\x00\x00\x00\x00\x00\x00} appBuffer=HeapByteBuffer@1b26ebdb[p=0,l=0,c=17408,r=0]={<<<>>>GET / HTT...\x00\x00\x00\x00\x00\x00\x00}
02:56:42.136 [qtp782228073-62] DEBUG org.eclipse.jetty.io.ssl.SslConnection - <fill f=0 uf=true SslConnection@30197c44::SocketChannelEndPoint@5e9639a8{l=/127.0.0.1:40197,r=/127.0.0.1:33986,OPEN,fill=-,flush=-,to=1/30000}{io=0/0,kio=0,kro=1}->SslConnection@30197c44{NOT_HANDSHAKING,eio=-1/-1,di=-1,fill=IDLE,flush=IDLE}~>DecryptedEndPoint@5b6300e9{l=/127.0.0.1:40197,r=/127.0.0.1:33986,OPEN,fill=-,flush=-,to=48/30000}=>HttpConnection@e924f38[p=HttpParser{s=CONTENT,0 of -1},g=HttpGenerator@733e46e6{s=START}]=>HttpChannelOverHttp@26e2b4a0{s=HttpChannelState@345724b2{s=HANDLING rs=COMPLETING os=OPEN is=IDLE awp=false se=false i=false al=0},r=2,c=false/false,a=HANDLING,uri=https://localhost:40197/,age=1}
02:56:42.136 [qtp782228073-62] DEBUG org.eclipse.jetty.io.ssl.SslConnection - >fill SslConnection@30197c44::SocketChannelEndPoint@5e9639a8{l=/127.0.0.1:40197,r=/127.0.0.1:33986,OPEN,fill=-,flush=-,to=1/30000}{io=0/0,kio=0,kro=1}->SslConnection@30197c44{NOT_HANDSHAKING,eio=-1/-1,di=-1,fill=IDLE,flush=IDLE}~>DecryptedEndPoint@5b6300e9{l=/127.0.0.1:40197,r=/127.0.0.1:33986,OPEN,fill=-,flush=-,to=48/30000}=>HttpConnection@e924f38[p=HttpParser{s=CONTENT,0 of -1},g=HttpGenerator@733e46e6{s=START}]=>HttpChannelOverHttp@26e2b4a0{s=HttpChannelState@345724b2{s=HANDLING rs=COMPLETING os=OPEN is=IDLE awp=false se=false i=false al=0},r=2,c=false/false,a=HANDLING,uri=https://localhost:40197/,age=1}
02:56:42.136 [qtp782228073-62] DEBUG org.eclipse.jetty.io.ssl.SslConnection - fill NOT_HANDSHAKING
02:56:42.136 [qtp782228073-62] DEBUG org.eclipse.jetty.io.ChannelEndPoint - filled 0 HeapByteBuffer@740a9f9e[p=0,l=0,c=17408,r=0]={<<<>>>GET / HTT...\x00\x00\x00\x00\x00\x00\x00}
02:56:42.136 [qtp782228073-62] DEBUG org.eclipse.jetty.io.ssl.SslConnection - net filled=0
02:56:42.136 [qtp782228073-62] DEBUG org.eclipse.jetty.io.ssl.SslConnection - unwrap net_filled=0 Status = BUFFER_UNDERFLOW HandshakeStatus = NOT_HANDSHAKING bytesConsumed = 0 bytesProduced = 0 encryptedBuffer=[p=0,l=0,c=17408,r=0] unwrapBuffer=HeapByteBuffer@1b26ebdb[p=0,l=0,c=17408,r=0]={<<<>>>GET / HTT...\x00\x00\x00\x00\x00\x00\x00} appBuffer=HeapByteBuffer@1b26ebdb[p=0,l=0,c=17408,r=0]={<<<>>>GET / HTT...\x00\x00\x00\x00\x00\x00\x00}
02:56:42.136 [qtp782228073-62] DEBUG org.eclipse.jetty.io.ssl.SslConnection - <fill f=0 uf=true SslConnection@30197c44::SocketChannelEndPoint@5e9639a8{l=/127.0.0.1:40197,r=/127.0.0.1:33986,OPEN,fill=-,flush=-,to=2/30000}{io=0/0,kio=0,kro=1}->SslConnection@30197c44{NOT_HANDSHAKING,eio=-1/-1,di=-1,fill=IDLE,flush=IDLE}~>DecryptedEndPoint@5b6300e9{l=/127.0.0.1:40197,r=/127.0.0.1:33986,OPEN,fill=-,flush=-,to=48/30000}=>HttpConnection@e924f38[p=HttpParser{s=CONTENT,0 of -1},g=HttpGenerator@733e46e6{s=START}]=>HttpChannelOverHttp@26e2b4a0{s=HttpChannelState@345724b2{s=HANDLING rs=COMPLETING os=OPEN is=IDLE awp=false se=false i=false al=0},r=2,c=false/false,a=HANDLING,uri=https://localhost:40197/,age=1}
02:56:42.136 [qtp782228073-62] DEBUG org.eclipse.jetty.server.HttpConnection - HttpConnection@e924f38::DecryptedEndPoint@5b6300e9{l=/127.0.0.1:40197,r=/127.0.0.1:33986,OPEN,fill=-,flush=-,to=48/30000} filled 0 HeapByteBuffer@1b26ebdb[p=0,l=0,c=17408,r=0]={<<<>>>GET / HTT...\x00\x00\x00\x00\x00\x00\x00}
02:56:42.136 [qtp782228073-62] DEBUG org.eclipse.jetty.server.HttpConnection - HttpConnection@e924f38::DecryptedEndPoint@5b6300e9{l=/127.0.0.1:40197,r=/127.0.0.1:33986,OPEN,fill=-,flush=-,to=48/30000} parse HeapByteBuffer@1b26ebdb[p=0,l=0,c=17408,r=0]={<<<>>>GET / HTT...\x00\x00\x00\x00\x00\x00\x00} {}
02:56:42.136 [qtp782228073-62] DEBUG org.eclipse.jetty.http.HttpParser - parseNext s=CONTENT HeapByteBuffer@1b26ebdb[p=0,l=0,c=17408,r=0]={<<<>>>GET / HTT...\x00\x00\x00\x00\x00\x00\x00}
02:56:42.136 [qtp782228073-62] DEBUG org.eclipse.jetty.http.HttpParser - CONTENT --> CONTENT_END
02:56:42.136 [qtp782228073-62] DEBUG org.eclipse.jetty.server.HttpChannel - onContentComplete HttpChannelOverHttp@26e2b4a0{s=HttpChannelState@345724b2{s=HANDLING rs=COMPLETING os=OPEN is=IDLE awp=false se=false i=false al=0},r=2,c=false/false,a=HANDLING,uri=https://localhost:40197/,age=1}
02:56:42.136 [qtp782228073-62] DEBUG org.eclipse.jetty.http.HttpParser - CONTENT_END --> END
02:56:42.136 [qtp782228073-62] DEBUG org.eclipse.jetty.server.HttpChannel - onRequestComplete HttpChannelOverHttp@26e2b4a0{s=HttpChannelState@345724b2{s=HANDLING rs=COMPLETING os=OPEN is=IDLE awp=false se=false i=false al=0},r=2,c=false/false,a=HANDLING,uri=https://localhost:40197/,age=1}
02:56:42.136 [qtp782228073-62] DEBUG org.eclipse.jetty.server.HttpInput - HttpInputOverHTTP@76e7fb85[c=0,q=0,[0]=null,s=STREAM] addContent EOF
02:56:42.136 [qtp782228073-62] DEBUG org.eclipse.jetty.server.HttpConnection - HttpConnection@e924f38::DecryptedEndPoint@5b6300e9{l=/127.0.0.1:40197,r=/127.0.0.1:33986,OPEN,fill=-,flush=-,to=49/30000} parsed false HttpParser{s=END,0 of -1}
02:56:42.137 [qtp782228073-62] DEBUG org.eclipse.jetty.server.HttpConnection - releaseRequestBuffer HttpConnection@e924f38::DecryptedEndPoint@5b6300e9{l=/127.0.0.1:40197,r=/127.0.0.1:33986,OPEN,fill=-,flush=-,to=49/30000}
02:56:42.137 [qtp782228073-62] DEBUG org.eclipse.jetty.server.HttpOutput - complete(org.eclipse.jetty.util.Callback$3@22a17584) s=CLOSING,api=BLOCKED,sc=false,e=null s=false e=null, c=HeapByteBuffer@58f161d6[p=0,l=0,c=0,r=0]={<<<>>>}
02:56:42.137 [qtp782228073-62] DEBUG org.eclipse.jetty.server.HttpChannel - sendResponse info=null content=HeapByteBuffer@58f161d6[p=0,l=0,c=0,r=0]={<<<>>>} complete=true committing=true callback=org.eclipse.jetty.server.HttpOutput$WriteCompleteCB@15165ed4
02:56:42.137 [qtp782228073-62] DEBUG org.eclipse.jetty.server.HttpChannel - COMMIT for / on HttpChannelOverHttp@26e2b4a0{s=HttpChannelState@345724b2{s=HANDLING rs=COMPLETING os=COMMITTED is=IDLE awp=false se=false i=false al=0},r=2,c=false/false,a=HANDLING,uri=https://localhost:40197/,age=2}
304 null HTTP/1.1
Date: Thu, 02 May 2024 01:56:42 GMT
ETag: testEtag


02:56:42.137 [qtp782228073-62] DEBUG org.eclipse.jetty.server.HttpConnection - generate: NEED_HEADER for SendCallback@770bda88[PROCESSING][i=HTTP/1.1{s=304,h=2,cl=-1},cb=org.eclipse.jetty.server.HttpChannel$SendCallback@47fe6b9e] (null,[p=0,l=0,c=0,r=0],true)@START
02:56:42.137 [qtp782228073-62] DEBUG org.eclipse.jetty.http.HttpGenerator - generateHeaders HTTP/1.1{s=304,h=2,cl=-1} last=true content=HeapByteBuffer@58f161d6[p=0,l=0,c=0,r=0]={<<<>>>}
02:56:42.137 [qtp782228073-62] DEBUG org.eclipse.jetty.http.HttpGenerator - Date: Thu, 02 May 2024 01:56:42 GMT
ETag: testEtag


02:56:42.137 [qtp782228073-62] DEBUG org.eclipse.jetty.http.HttpGenerator - NO_CONTENT
02:56:42.137 [qtp782228073-62] DEBUG org.eclipse.jetty.server.HttpConnection - generate: FLUSH for SendCallback@770bda88[PROCESSING][i=HTTP/1.1{s=304,h=2,cl=-1},cb=org.eclipse.jetty.server.HttpChannel$SendCallback@47fe6b9e] ([p=0,l=115,c=8192,r=115],[p=0,l=0,c=0,r=0],true)@COMPLETING
02:56:42.137 [qtp782228073-62] DEBUG org.eclipse.jetty.io.WriteFlusher - write: WriteFlusher@7839e73b{IDLE}->null [HeapByteBuffer@7bc04565[p=0,l=115,c=8192,r=115]={<<<HTTP/1.1 304 Not Modified...y(9.4.44.v20210927)\r\n\r\n>>>nt-Length...\x00\x00\x00\x00\x00\x00\x00}]
02:56:42.137 [qtp782228073-62] DEBUG org.eclipse.jetty.io.WriteFlusher - update WriteFlusher@7839e73b{WRITING}->null:IDLE-->WRITING
02:56:42.137 [qtp782228073-62] DEBUG org.eclipse.jetty.io.ssl.SslConnection - >flush SslConnection@30197c44::SocketChannelEndPoint@5e9639a8{l=/127.0.0.1:40197,r=/127.0.0.1:33986,OPEN,fill=-,flush=-,to=3/30000}{io=0/0,kio=0,kro=1}->SslConnection@30197c44{NOT_HANDSHAKING,eio=-1/-1,di=-1,fill=IDLE,flush=IDLE}~>DecryptedEndPoint@5b6300e9{l=/127.0.0.1:40197,r=/127.0.0.1:33986,OPEN,fill=-,flush=W,to=49/30000}=>HttpConnection@e924f38[p=HttpParser{s=END,0 of -1},g=HttpGenerator@733e46e6{s=COMPLETING}]=>HttpChannelOverHttp@26e2b4a0{s=HttpChannelState@345724b2{s=HANDLING rs=COMPLETING os=COMMITTED is=IDLE awp=false se=false i=false al=0},r=2,c=false/false,a=HANDLING,uri=https://localhost:40197/,age=2}
02:56:42.137 [qtp782228073-62] DEBUG org.eclipse.jetty.io.ssl.SslConnection - flush b[0]=HeapByteBuffer@7bc04565[p=0,l=115,c=8192,r=115]={<<<HTTP/1.1 304 Not Modified...y(9.4.44.v20210927)\r\n\r\n>>>nt-Length...\x00\x00\x00\x00\x00\x00\x00}
02:56:42.137 [qtp782228073-62] DEBUG org.eclipse.jetty.io.ssl.SslConnection - flush NOT_HANDSHAKING
02:56:42.137 [qtp782228073-62] DEBUG org.eclipse.jetty.io.ssl.SslConnection - wrap Status = OK HandshakeStatus = NOT_HANDSHAKING bytesConsumed = 115 bytesProduced = 153 [p=0,l=153,c=17408,r=153] ioDone=false/false
02:56:42.137 [qtp782228073-62] DEBUG org.eclipse.jetty.io.ChannelEndPoint - flushed 153 SocketChannelEndPoint@5e9639a8{l=/127.0.0.1:40197,r=/127.0.0.1:33986,OPEN,fill=-,flush=-,to=3/30000}{io=0/0,kio=0,kro=1}->SslConnection@30197c44{NOT_HANDSHAKING,eio=-1/0,di=-1,fill=IDLE,flush=IDLE}~>DecryptedEndPoint@5b6300e9{l=/127.0.0.1:40197,r=/127.0.0.1:33986,OPEN,fill=-,flush=W,to=50/30000}=>HttpConnection@e924f38[p=HttpParser{s=END,0 of -1},g=HttpGenerator@733e46e6{s=COMPLETING}]=>HttpChannelOverHttp@26e2b4a0{s=HttpChannelState@345724b2{s=HANDLING rs=COMPLETING os=COMMITTED is=IDLE awp=false se=false i=false al=0},r=2,c=false/false,a=HANDLING,uri=https://localhost:40197/,age=2}
02:56:42.137 [qtp782228073-62] DEBUG org.eclipse.jetty.io.ssl.SslConnection - net flushed=true, ac=true
02:56:42.137 [qtp782228073-62] DEBUG org.eclipse.jetty.io.ssl.SslConnection - <flush true SslConnection@30197c44::SocketChannelEndPoint@5e9639a8{l=/127.0.0.1:40197,r=/127.0.0.1:33986,OPEN,fill=-,flush=-,to=0/30000}{io=0/0,kio=0,kro=1}->SslConnection@30197c44{NOT_HANDSHAKING,eio=-1/-1,di=-1,fill=IDLE,flush=IDLE}~>DecryptedEndPoint@5b6300e9{l=/127.0.0.1:40197,r=/127.0.0.1:33986,OPEN,fill=-,flush=W,to=50/30000}=>HttpConnection@e924f38[p=HttpParser{s=END,0 of -1},g=HttpGenerator@733e46e6{s=COMPLETING}]=>HttpChannelOverHttp@26e2b4a0{s=HttpChannelState@345724b2{s=HANDLING rs=COMPLETING os=COMMITTED is=IDLE awp=false se=false i=false al=0},r=2,c=false/false,a=HANDLING,uri=https://localhost:40197/,age=2}
02:56:42.137 [qtp782228073-62] DEBUG org.eclipse.jetty.io.WriteFlusher - Flushed=true written=115 remaining=0 WriteFlusher@7839e73b{WRITING}->null
02:56:42.137 [qtp782228073-62] DEBUG org.eclipse.jetty.io.WriteFlusher - update WriteFlusher@7839e73b{IDLE}->null:WRITING-->IDLE
02:56:42.138 [qtp782228073-62] DEBUG org.eclipse.jetty.server.HttpConnection - generate: DONE for SendCallback@770bda88[PROCESSING][i=HTTP/1.1{s=304,h=2,cl=-1},cb=org.eclipse.jetty.server.HttpChannel$SendCallback@47fe6b9e] ([p=115,l=115,c=8192,r=0],[p=0,l=0,c=0,r=0],true)@END
02:56:42.138 [qtp782228073-62] DEBUG org.eclipse.jetty.server.HttpOutput - onWriteComplete(true,null) s=CLOSING,api=BLOCKED,sc=false,e=null->s=CLOSED,api=BLOCKING,sc=false,e=null c=null cb=org.eclipse.jetty.util.Callback$3@22a17584 w=false
02:56:42.138 [qtp782228073-62] DEBUG org.eclipse.jetty.server.HttpChannelState - completed HttpChannelState@345724b2{s=HANDLING rs=COMPLETING os=COMPLETED is=IDLE awp=false se=false i=false al=0}
02:56:42.138 [qtp782228073-62] DEBUG org.eclipse.jetty.server.HttpChannelState - unhandle HttpChannelState@345724b2{s=HANDLING rs=COMPLETED os=COMPLETED is=IDLE awp=false se=false i=false al=0}
02:56:42.138 [qtp782228073-62] DEBUG org.eclipse.jetty.server.HttpChannelState - nextAction(false) TERMINATED HttpChannelState@345724b2{s=IDLE rs=COMPLETED os=COMPLETED is=IDLE awp=false se=false i=false al=0}
02:56:42.138 [qtp782228073-62] DEBUG org.eclipse.jetty.server.HttpChannel - action TERMINATED HttpChannelOverHttp@26e2b4a0{s=HttpChannelState@345724b2{s=IDLE rs=COMPLETED os=COMPLETED is=IDLE awp=false se=false i=false al=0},r=2,c=true/true,a=IDLE,uri=https://localhost:40197/,age=3}
02:56:42.138 [qtp782228073-62] DEBUG org.eclipse.jetty.server.HttpChannel - onCompleted for / written=0
02:56:42.138 [qtp782228073-62] DEBUG org.eclipse.jetty.server.HttpChannelState - recycle HttpChannelState@345724b2{s=IDLE rs=COMPLETED os=COMPLETED is=IDLE awp=false se=false i=false al=0}
02:56:42.138 [qtp782228073-62] DEBUG org.eclipse.jetty.http.HttpParser - reset HttpParser{s=END,0 of -1}
02:56:42.138 [qtp782228073-62] DEBUG org.eclipse.jetty.http.HttpParser - END --> START
02:56:42.138 [qtp782228073-62] DEBUG org.eclipse.jetty.server.HttpChannel - !handle TERMINATED HttpChannelOverHttp@26e2b4a0{s=HttpChannelState@345724b2{s=IDLE rs=BLOCKING os=OPEN is=IDLE awp=false se=false i=true al=0},r=2,c=false/false,a=IDLE,uri=null,age=0}
02:56:42.138 [qtp782228073-62] DEBUG org.eclipse.jetty.io.ssl.SslConnection - >fill SslConnection@30197c44::SocketChannelEndPoint@5e9639a8{l=/127.0.0.1:40197,r=/127.0.0.1:33986,OPEN,fill=-,flush=-,to=0/30000}{io=0/0,kio=0,kro=1}->SslConnection@30197c44{NOT_HANDSHAKING,eio=-1/-1,di=-1,fill=IDLE,flush=IDLE}~>DecryptedEndPoint@5b6300e9{l=/127.0.0.1:40197,r=/127.0.0.1:33986,OPEN,fill=-,flush=-,to=50/30000}=>HttpConnection@e924f38[p=HttpParser{s=START,0 of -1},g=HttpGenerator@733e46e6{s=START}]=>HttpChannelOverHttp@26e2b4a0{s=HttpChannelState@345724b2{s=IDLE rs=BLOCKING os=OPEN is=IDLE awp=false se=false i=true al=0},r=2,c=false/false,a=IDLE,uri=null,age=0}
02:56:42.138 [qtp782228073-62] DEBUG org.eclipse.jetty.io.ssl.SslConnection - fill NOT_HANDSHAKING
02:56:42.138 [qtp782228073-62] DEBUG org.eclipse.jetty.io.ChannelEndPoint - filled 0 HeapByteBuffer@1b26ebdb[p=0,l=0,c=17408,r=0]={<<<>>>GET / HTT...\x00\x00\x00\x00\x00\x00\x00}
02:56:42.138 [qtp782228073-62] DEBUG org.eclipse.jetty.io.ssl.SslConnection - net filled=0
02:56:42.138 [qtp782228073-62] DEBUG org.eclipse.jetty.io.ssl.SslConnection - unwrap net_filled=0 Status = BUFFER_UNDERFLOW HandshakeStatus = NOT_HANDSHAKING bytesConsumed = 0 bytesProduced = 0 encryptedBuffer=[p=0,l=0,c=17408,r=0] unwrapBuffer=HeapByteBuffer@740a9f9e[p=0,l=0,c=17408,r=0]={<<<>>>GET / HTT...\x00\x00\x00\x00\x00\x00\x00} appBuffer=HeapByteBuffer@740a9f9e[p=0,l=0,c=17408,r=0]={<<<>>>GET / HTT...\x00\x00\x00\x00\x00\x00\x00}
02:56:42.138 [qtp782228073-62] DEBUG org.eclipse.jetty.io.ssl.SslConnection - <fill f=0 uf=true SslConnection@30197c44::SocketChannelEndPoint@5e9639a8{l=/127.0.0.1:40197,r=/127.0.0.1:33986,OPEN,fill=-,flush=-,to=0/30000}{io=0/0,kio=0,kro=1}->SslConnection@30197c44{NOT_HANDSHAKING,eio=-1/-1,di=-1,fill=IDLE,flush=IDLE}~>DecryptedEndPoint@5b6300e9{l=/127.0.0.1:40197,r=/127.0.0.1:33986,OPEN,fill=-,flush=-,to=50/30000}=>HttpConnection@e924f38[p=HttpParser{s=START,0 of -1},g=HttpGenerator@733e46e6{s=START}]=>HttpChannelOverHttp@26e2b4a0{s=HttpChannelState@345724b2{s=IDLE rs=BLOCKING os=OPEN is=IDLE awp=false se=false i=true al=0},r=2,c=false/false,a=IDLE,uri=null,age=0}
02:56:42.138 [qtp782228073-62] DEBUG org.eclipse.jetty.io.ssl.SslConnection - >fill SslConnection@30197c44::SocketChannelEndPoint@5e9639a8{l=/127.0.0.1:40197,r=/127.0.0.1:33986,OPEN,fill=-,flush=-,to=0/30000}{io=0/0,kio=0,kro=1}->SslConnection@30197c44{NOT_HANDSHAKING,eio=-1/-1,di=-1,fill=IDLE,flush=IDLE}~>DecryptedEndPoint@5b6300e9{l=/127.0.0.1:40197,r=/127.0.0.1:33986,OPEN,fill=-,flush=-,to=50/30000}=>HttpConnection@e924f38[p=HttpParser{s=START,0 of -1},g=HttpGenerator@733e46e6{s=START}]=>HttpChannelOverHttp@26e2b4a0{s=HttpChannelState@345724b2{s=IDLE rs=BLOCKING os=OPEN is=IDLE awp=false se=false i=true al=0},r=2,c=false/false,a=IDLE,uri=null,age=0}
02:56:42.138 [qtp782228073-62] DEBUG org.eclipse.jetty.io.ssl.SslConnection - fill NOT_HANDSHAKING
02:56:42.138 [qtp782228073-62] DEBUG org.eclipse.jetty.io.ChannelEndPoint - filled 0 HeapByteBuffer@7acd6f6f[p=0,l=0,c=17408,r=0]={<<<>>>\x17\x03\x03\x00\x94\x0bU0\x19...\x00\x00\x00\x00\x00\x00\x00}
02:56:42.138 [qtp782228073-62] DEBUG org.eclipse.jetty.io.ssl.SslConnection - net filled=0
02:56:42.138 [qtp782228073-62] DEBUG org.eclipse.jetty.io.ssl.SslConnection - unwrap net_filled=0 Status = BUFFER_UNDERFLOW HandshakeStatus = NOT_HANDSHAKING bytesConsumed = 0 bytesProduced = 0 encryptedBuffer=[p=0,l=0,c=17408,r=0] unwrapBuffer=HeapByteBuffer@740a9f9e[p=0,l=0,c=17408,r=0]={<<<>>>GET / HTT...\x00\x00\x00\x00\x00\x00\x00} appBuffer=HeapByteBuffer@740a9f9e[p=0,l=0,c=17408,r=0]={<<<>>>GET / HTT...\x00\x00\x00\x00\x00\x00\x00}
02:56:42.138 [main] DEBUG org.apache.nifi.minifi.bootstrap.configuration.ingestors.PullHttpChangeIngestor - Response received: Response{protocol=http/1.1, code=304, message=Not Modified, url=https://localhost:40197/}
02:56:42.138 [qtp782228073-62] DEBUG org.eclipse.jetty.io.ssl.SslConnection - <fill f=0 uf=true SslConnection@30197c44::SocketChannelEndPoint@5e9639a8{l=/127.0.0.1:40197,r=/127.0.0.1:33986,OPEN,fill=-,flush=-,to=1/30000}{io=0/0,kio=0,kro=1}->SslConnection@30197c44{NOT_HANDSHAKING,eio=-1/-1,di=-1,fill=IDLE,flush=IDLE}~>DecryptedEndPoint@5b6300e9{l=/127.0.0.1:40197,r=/127.0.0.1:33986,OPEN,fill=-,flush=-,to=51/30000}=>HttpConnection@e924f38[p=HttpParser{s=START,0 of -1},g=HttpGenerator@733e46e6{s=START}]=>HttpChannelOverHttp@26e2b4a0{s=HttpChannelState@345724b2{s=IDLE rs=BLOCKING os=OPEN is=IDLE awp=false se=false i=true al=0},r=2,c=false/false,a=IDLE,uri=null,age=0}
02:56:42.138 [qtp782228073-62] DEBUG org.eclipse.jetty.server.HttpConnection - HttpConnection@e924f38::DecryptedEndPoint@5b6300e9{l=/127.0.0.1:40197,r=/127.0.0.1:33986,OPEN,fill=-,flush=-,to=51/30000} filled 0 HeapByteBuffer@740a9f9e[p=0,l=0,c=17408,r=0]={<<<>>>GET / HTT...\x00\x00\x00\x00\x00\x00\x00}
02:56:42.138 [qtp782228073-62] DEBUG org.eclipse.jetty.server.HttpConnection - HttpConnection@e924f38::DecryptedEndPoint@5b6300e9{l=/127.0.0.1:40197,r=/127.0.0.1:33986,OPEN,fill=-,flush=-,to=51/30000} parse HeapByteBuffer@740a9f9e[p=0,l=0,c=17408,r=0]={<<<>>>GET / HTT...\x00\x00\x00\x00\x00\x00\x00} {}
02:56:42.139 [qtp782228073-62] DEBUG org.eclipse.jetty.http.HttpParser - parseNext s=START HeapByteBuffer@740a9f9e[p=0,l=0,c=17408,r=0]={<<<>>>GET / HTT...\x00\x00\x00\x00\x00\x00\x00}
02:56:42.139 [qtp782228073-62] DEBUG org.eclipse.jetty.server.HttpConnection - HttpConnection@e924f38::DecryptedEndPoint@5b6300e9{l=/127.0.0.1:40197,r=/127.0.0.1:33986,OPEN,fill=-,flush=-,to=51/30000} parsed false HttpParser{s=START,0 of -1}
02:56:42.139 [qtp782228073-62] DEBUG org.eclipse.jetty.server.HttpConnection - releaseRequestBuffer HttpConnection@e924f38::DecryptedEndPoint@5b6300e9{l=/127.0.0.1:40197,r=/127.0.0.1:33986,OPEN,fill=-,flush=-,to=51/30000}
02:56:42.139 [qtp782228073-62] DEBUG org.eclipse.jetty.io.AbstractConnection - fillInterested HttpConnection@e924f38::DecryptedEndPoint@5b6300e9{l=/127.0.0.1:40197,r=/127.0.0.1:33986,OPEN,fill=-,flush=-,to=51/30000}
]]></system-out>
  </testcase>
  <testcase name="testNewUpdate" classname="org.apache.nifi.minifi.bootstrap.configuration.ingestors.PullHttpChangeIngestorSSLTest" time="0.073">
    <system-out><![CDATA[02:56:42.139 [qtp782228073-62] DEBUG org.eclipse.jetty.io.FillInterest - interested FillInterest@6f493c36{AC.ReadCB@e924f38{HttpConnection@e924f38::DecryptedEndPoint@5b6300e9{l=/127.0.0.1:40197,r=/127.0.0.1:33986,OPEN,fill=FI,flush=-,to=0/30000}}}
02:56:42.139 [qtp782228073-62] DEBUG org.eclipse.jetty.io.ssl.SslConnection - >needFillInterest s=IDLE/IDLE uf=true ei=null di=null SslConnection@30197c44::SocketChannelEndPoint@5e9639a8{l=/127.0.0.1:40197,r=/127.0.0.1:33986,OPEN,fill=-,flush=-,to=1/30000}{io=0/0,kio=0,kro=1}->SslConnection@30197c44{NOT_HANDSHAKING,eio=-1/-1,di=-1,fill=IDLE,flush=IDLE}~>DecryptedEndPoint@5b6300e9{l=/127.0.0.1:40197,r=/127.0.0.1:33986,OPEN,fill=FI,flush=-,to=0/30000}=>HttpConnection@e924f38[p=HttpParser{s=START,0 of -1},g=HttpGenerator@733e46e6{s=START}]=>HttpChannelOverHttp@26e2b4a0{s=HttpChannelState@345724b2{s=IDLE rs=BLOCKING os=OPEN is=IDLE awp=false se=false i=true al=0},r=2,c=false/false,a=IDLE,uri=null,age=0}
02:56:42.139 [qtp782228073-62] DEBUG org.eclipse.jetty.io.ssl.SslConnection - <needFillInterest s=IDLE/INTERESTED f=false i=true w=null
02:56:42.139 [qtp782228073-62] DEBUG org.eclipse.jetty.io.ssl.SslConnection - ensureFillInterested SslConnection@30197c44::SocketChannelEndPoint@5e9639a8{l=/127.0.0.1:40197,r=/127.0.0.1:33986,OPEN,fill=-,flush=-,to=1/30000}{io=0/0,kio=0,kro=1}->SslConnection@30197c44{NOT_HANDSHAKING,eio=-1/-1,di=-1,fill=INTERESTED,flush=IDLE}~>DecryptedEndPoint@5b6300e9{l=/127.0.0.1:40197,r=/127.0.0.1:33986,OPEN,fill=FI,flush=-,to=0/30000}=>HttpConnection@e924f38[p=HttpParser{s=START,0 of -1},g=HttpGenerator@733e46e6{s=START}]=>HttpChannelOverHttp@26e2b4a0{s=HttpChannelState@345724b2{s=IDLE rs=BLOCKING os=OPEN is=IDLE awp=false se=false i=true al=0},r=2,c=false/false,a=IDLE,uri=null,age=0}
02:56:42.139 [qtp782228073-62] DEBUG org.eclipse.jetty.io.FillInterest - interested FillInterest@6748756c{SSLC.NBReadCB@30197c44{SslConnection@30197c44::SocketChannelEndPoint@5e9639a8{l=/127.0.0.1:40197,r=/127.0.0.1:33986,OPEN,fill=FI,flush=-,to=0/30000}{io=0/0,kio=0,kro=1}->SslConnection@30197c44{NOT_HANDSHAKING,eio=-1/-1,di=-1,fill=INTERESTED,flush=IDLE}~>DecryptedEndPoint@5b6300e9{l=/127.0.0.1:40197,r=/127.0.0.1:33986,OPEN,fill=FI,flush=-,to=0/30000}=>HttpConnection@e924f38[p=HttpParser{s=START,0 of -1},g=HttpGenerator@733e46e6{s=START}]=>HttpChannelOverHttp@26e2b4a0{s=HttpChannelState@345724b2{s=IDLE rs=BLOCKING os=OPEN is=IDLE awp=false se=false i=true al=0},r=2,c=false/false,a=IDLE,uri=null,age=0}}}
02:56:42.139 [qtp782228073-62] DEBUG org.eclipse.jetty.io.ChannelEndPoint - changeInterests p=false 0->1 for SocketChannelEndPoint@5e9639a8{l=/127.0.0.1:40197,r=/127.0.0.1:33986,OPEN,fill=FI,flush=-,to=0/30000}{io=0/1,kio=0,kro=1}->SslConnection@30197c44{NOT_HANDSHAKING,eio=-1/-1,di=-1,fill=INTERESTED,flush=IDLE}~>DecryptedEndPoint@5b6300e9{l=/127.0.0.1:40197,r=/127.0.0.1:33986,OPEN,fill=FI,flush=-,to=0/30000}=>HttpConnection@e924f38[p=HttpParser{s=START,0 of -1},g=HttpGenerator@733e46e6{s=START}]=>HttpChannelOverHttp@26e2b4a0{s=HttpChannelState@345724b2{s=IDLE rs=BLOCKING os=OPEN is=IDLE awp=false se=false i=true al=0},r=2,c=false/false,a=IDLE,uri=null,age=0}
02:56:42.139 [qtp782228073-62] DEBUG org.eclipse.jetty.io.ManagedSelector - Queued change lazy=false org.eclipse.jetty.io.ChannelEndPoint$$Lambda$255/899789472@1cc8de9d on ManagedSelector@56c698e3{STARTED} id=2 keys=1 selected=0 updates=0
02:56:42.139 [qtp782228073-62] DEBUG org.eclipse.jetty.io.ManagedSelector - Wakeup on submit ManagedSelector@56c698e3{STARTED} id=2 keys=1 selected=0 updates=1
02:56:42.139 [qtp782228073-62] DEBUG org.eclipse.jetty.server.HttpConnection - HttpConnection@e924f38::DecryptedEndPoint@5b6300e9{l=/127.0.0.1:40197,r=/127.0.0.1:33986,OPEN,fill=FI,flush=-,to=0/30000} onFillable exit HttpChannelState@345724b2{s=IDLE rs=BLOCKING os=OPEN is=IDLE awp=false se=false i=true al=0} null
02:56:42.139 [qtp782228073-62] DEBUG org.eclipse.jetty.io.ssl.SslConnection - <c.onFillable SslConnection@30197c44::SocketChannelEndPoint@5e9639a8{l=/127.0.0.1:40197,r=/127.0.0.1:33986,OPEN,fill=FI,flush=-,to=0/30000}{io=0/1,kio=0,kro=1}->SslConnection@30197c44{NOT_HANDSHAKING,eio=-1/-1,di=-1,fill=INTERESTED,flush=IDLE}~>DecryptedEndPoint@5b6300e9{l=/127.0.0.1:40197,r=/127.0.0.1:33986,OPEN,fill=FI,flush=-,to=0/30000}=>HttpConnection@e924f38[p=HttpParser{s=START,0 of -1},g=HttpGenerator@733e46e6{s=START}]=>HttpChannelOverHttp@26e2b4a0{s=HttpChannelState@345724b2{s=IDLE rs=BLOCKING os=OPEN is=IDLE awp=false se=false i=true al=0},r=2,c=false/false,a=IDLE,uri=null,age=0}
02:56:42.139 [qtp782228073-62] DEBUG org.eclipse.jetty.util.thread.ReservedThreadExecutor - ReservedThread@404ae0d7{RUNNING,thread=Thread[qtp782228073-62,5,main]} was=RUNNING next=RESERVED size=0+2 capacity=8
02:56:42.139 [qtp782228073-62] DEBUG org.eclipse.jetty.util.thread.ReservedThreadExecutor - ReservedThread@404ae0d7{RESERVED,thread=Thread[qtp782228073-62,5,main]} waiting ReservedThreadExecutor@47a5b70d{reserved=2/8,pending=0}
02:56:42.139 [qtp782228073-61] DEBUG org.eclipse.jetty.io.ManagedSelector - Selector sun.nio.ch.EPollSelectorImpl@154e726d woken with none selected
02:56:42.139 [qtp782228073-61] DEBUG org.eclipse.jetty.io.ManagedSelector - Selector sun.nio.ch.EPollSelectorImpl@154e726d woken up from select, 0/0/1 selected
02:56:42.140 [qtp782228073-61] DEBUG org.eclipse.jetty.io.ManagedSelector - Selector sun.nio.ch.EPollSelectorImpl@154e726d processing 0 keys, 1 updates
02:56:42.140 [qtp782228073-61] DEBUG org.eclipse.jetty.io.ManagedSelector - updateable 1
02:56:42.140 [qtp782228073-61] DEBUG org.eclipse.jetty.io.ManagedSelector - update org.eclipse.jetty.io.ChannelEndPoint$$Lambda$255/899789472@1cc8de9d
02:56:42.140 [qtp782228073-61] DEBUG org.eclipse.jetty.io.ChannelEndPoint - Key interests updated 0 -> 1 on SocketChannelEndPoint@5e9639a8{l=/127.0.0.1:40197,r=/127.0.0.1:33986,OPEN,fill=FI,flush=-,to=0/30000}{io=1/1,kio=1,kro=1}->SslConnection@30197c44{NOT_HANDSHAKING,eio=-1/-1,di=-1,fill=INTERESTED,flush=IDLE}~>DecryptedEndPoint@5b6300e9{l=/127.0.0.1:40197,r=/127.0.0.1:33986,OPEN,fill=FI,flush=-,to=1/30000}=>HttpConnection@e924f38[p=HttpParser{s=START,0 of -1},g=HttpGenerator@733e46e6{s=START}]=>HttpChannelOverHttp@26e2b4a0{s=HttpChannelState@345724b2{s=IDLE rs=BLOCKING os=OPEN is=IDLE awp=false se=false i=true al=0},r=2,c=false/false,a=IDLE,uri=null,age=0}
02:56:42.140 [qtp782228073-61] DEBUG org.eclipse.jetty.io.ManagedSelector - updates 0
02:56:42.140 [qtp782228073-61] DEBUG org.eclipse.jetty.io.ManagedSelector - Selector sun.nio.ch.EPollSelectorImpl@154e726d waiting with 1 keys
02:56:42.141 [main] DEBUG org.apache.nifi.minifi.bootstrap.configuration.ingestors.PullHttpChangeIngestor - Attempting to pull new config
02:56:42.141 [qtp782228073-59-acceptor-0@4795ded0-ServerConnector@5a411614{SSL, (ssl, http/1.1)}{localhost:40197}] DEBUG org.eclipse.jetty.io.ManagedSelector - Queued change lazy=false Accept@66b11e48[java.nio.channels.SocketChannel[connected local=/127.0.0.1:40197 remote=/127.0.0.1:33996]] on ManagedSelector@19553973{STARTED} id=3 keys=0 selected=0 updates=0
02:56:42.141 [qtp782228073-59-acceptor-0@4795ded0-ServerConnector@5a411614{SSL, (ssl, http/1.1)}{localhost:40197}] DEBUG org.eclipse.jetty.io.ManagedSelector - Wakeup on submit ManagedSelector@19553973{STARTED} id=3 keys=0 selected=0 updates=1
02:56:42.141 [qtp782228073-58] DEBUG org.eclipse.jetty.io.ManagedSelector - Selector sun.nio.ch.EPollSelectorImpl@38358409 woken with none selected
02:56:42.141 [qtp782228073-58] DEBUG org.eclipse.jetty.io.ManagedSelector - Selector sun.nio.ch.EPollSelectorImpl@38358409 woken up from select, 0/0/0 selected
02:56:42.141 [qtp782228073-58] DEBUG org.eclipse.jetty.io.ManagedSelector - Selector sun.nio.ch.EPollSelectorImpl@38358409 processing 0 keys, 1 updates
02:56:42.141 [qtp782228073-58] DEBUG org.eclipse.jetty.io.ManagedSelector - updateable 1
02:56:42.142 [qtp782228073-58] DEBUG org.eclipse.jetty.io.ManagedSelector - update Accept@66b11e48[java.nio.channels.SocketChannel[connected local=/127.0.0.1:40197 remote=/127.0.0.1:33996]]
02:56:42.142 [qtp782228073-58] DEBUG org.eclipse.jetty.util.thread.QueuedThreadPool - queue Accept@66b11e48[java.nio.channels.SocketChannel[connected local=/127.0.0.1:40197 remote=/127.0.0.1:33996]] startThread=0
02:56:42.142 [qtp782228073-58] DEBUG org.eclipse.jetty.io.ManagedSelector - updates 0
02:56:42.142 [qtp782228073-58] DEBUG org.eclipse.jetty.io.ManagedSelector - Selector sun.nio.ch.EPollSelectorImpl@38358409 waiting with 1 keys
02:56:42.142 [qtp782228073-57] DEBUG org.eclipse.jetty.util.thread.QueuedThreadPool - run Accept@66b11e48[java.nio.channels.SocketChannel[connected local=/127.0.0.1:40197 remote=/127.0.0.1:33996]] in QueuedThreadPool[qtp782228073]@2e9fda69{STARTED,8<=8<=200,i=0,r=-1,q=0}[ReservedThreadExecutor@47a5b70d{reserved=2/8,pending=0}]
02:56:42.142 [qtp782228073-57] DEBUG org.eclipse.jetty.io.IdleTimeout - SocketChannelEndPoint@5ab4848f{l=/127.0.0.1:40197,r=/127.0.0.1:33996,OPEN,fill=-,flush=-,to=0/30000}{io=0/0,kio=0,kro=0}-><null> idle timeout check, elapsed: 0 ms, remaining: 30000 ms
02:56:42.142 [qtp782228073-57] DEBUG org.eclipse.jetty.util.ssl.SslContextFactory - Customize sun.security.ssl.SSLEngineImpl@3c0f58ae
02:56:42.142 [qtp782228073-57] DEBUG org.eclipse.jetty.server.HttpChannel - new HttpChannelOverHttp@6b249db5{s=HttpChannelState@44751f3d{s=IDLE rs=BLOCKING os=OPEN is=IDLE awp=false se=false i=true al=0},r=0,c=false/false,a=IDLE,uri=null,age=0} -> DecryptedEndPoint@3a9b7bc0{l=/127.0.0.1:40197,r=/127.0.0.1:33996,OPEN,fill=-,flush=-,to=0/30000},null,HttpChannelState@44751f3d{s=IDLE rs=BLOCKING os=OPEN is=IDLE awp=false se=false i=true al=0}
02:56:42.142 [qtp782228073-57] DEBUG org.eclipse.jetty.server.HttpConnection - New HTTP Connection HttpConnection@7c979e15::DecryptedEndPoint@3a9b7bc0{l=/127.0.0.1:40197,r=/127.0.0.1:33996,OPEN,fill=-,flush=-,to=0/30000}
02:56:42.142 [qtp782228073-57] DEBUG org.eclipse.jetty.io.ManagedSelector - Queued change lazy=true org.eclipse.jetty.io.ManagedSelector$$Lambda$258/269590367@33117d07 on ManagedSelector@19553973{STARTED} id=3 keys=1 selected=0 updates=0
02:56:42.142 [qtp782228073-57] DEBUG org.eclipse.jetty.io.AbstractEndPoint - onOpen SocketChannelEndPoint@5ab4848f{l=/127.0.0.1:40197,r=/127.0.0.1:33996,OPEN,fill=-,flush=-,to=0/30000}{io=0/0,kio=0,kro=0}->SslConnection@5f7110af{NOT_HANDSHAKING,eio=-1/-1,di=-1,fill=IDLE,flush=IDLE}~>DecryptedEndPoint@3a9b7bc0{l=/127.0.0.1:40197,r=/127.0.0.1:33996,OPEN,fill=-,flush=-,to=0/30000}=>HttpConnection@7c979e15[p=HttpParser{s=START,0 of -1},g=HttpGenerator@3ed525fa{s=START}]=>HttpChannelOverHttp@6b249db5{s=HttpChannelState@44751f3d{s=IDLE rs=BLOCKING os=OPEN is=IDLE awp=false se=false i=true al=0},r=0,c=false/false,a=IDLE,uri=null,age=0}
02:56:42.142 [qtp782228073-57] DEBUG org.eclipse.jetty.io.AbstractConnection - onOpen SslConnection@5f7110af::SocketChannelEndPoint@5ab4848f{l=/127.0.0.1:40197,r=/127.0.0.1:33996,OPEN,fill=-,flush=-,to=0/30000}{io=0/0,kio=0,kro=0}->SslConnection@5f7110af{NOT_HANDSHAKING,eio=-1/-1,di=-1,fill=IDLE,flush=IDLE}~>DecryptedEndPoint@3a9b7bc0{l=/127.0.0.1:40197,r=/127.0.0.1:33996,OPEN,fill=-,flush=-,to=0/30000}=>HttpConnection@7c979e15[p=HttpParser{s=START,0 of -1},g=HttpGenerator@3ed525fa{s=START}]=>HttpChannelOverHttp@6b249db5{s=HttpChannelState@44751f3d{s=IDLE rs=BLOCKING os=OPEN is=IDLE awp=false se=false i=true al=0},r=0,c=false/false,a=IDLE,uri=null,age=0}
02:56:42.142 [qtp782228073-57] DEBUG org.eclipse.jetty.io.AbstractConnection - onOpen HttpConnection@7c979e15::DecryptedEndPoint@3a9b7bc0{l=/127.0.0.1:40197,r=/127.0.0.1:33996,OPEN,fill=-,flush=-,to=0/30000}
02:56:42.142 [qtp782228073-57] DEBUG org.eclipse.jetty.io.AbstractConnection - fillInterested HttpConnection@7c979e15::DecryptedEndPoint@3a9b7bc0{l=/127.0.0.1:40197,r=/127.0.0.1:33996,OPEN,fill=-,flush=-,to=0/30000}
02:56:42.142 [qtp782228073-57] DEBUG org.eclipse.jetty.io.FillInterest - interested FillInterest@7ef26303{AC.ReadCB@7c979e15{HttpConnection@7c979e15::DecryptedEndPoint@3a9b7bc0{l=/127.0.0.1:40197,r=/127.0.0.1:33996,OPEN,fill=FI,flush=-,to=0/30000}}}
02:56:42.143 [qtp782228073-57] DEBUG org.eclipse.jetty.io.ssl.SslConnection - >needFillInterest s=IDLE/IDLE uf=false ei=null di=null SslConnection@5f7110af::SocketChannelEndPoint@5ab4848f{l=/127.0.0.1:40197,r=/127.0.0.1:33996,OPEN,fill=-,flush=-,to=0/30000}{io=0/0,kio=0,kro=0}->SslConnection@5f7110af{NOT_HANDSHAKING,eio=-1/-1,di=-1,fill=IDLE,flush=IDLE}~>DecryptedEndPoint@3a9b7bc0{l=/127.0.0.1:40197,r=/127.0.0.1:33996,OPEN,fill=FI,flush=-,to=0/30000}=>HttpConnection@7c979e15[p=HttpParser{s=START,0 of -1},g=HttpGenerator@3ed525fa{s=START}]=>HttpChannelOverHttp@6b249db5{s=HttpChannelState@44751f3d{s=IDLE rs=BLOCKING os=OPEN is=IDLE awp=false se=false i=true al=0},r=0,c=false/false,a=IDLE,uri=null,age=0}
02:56:42.143 [qtp782228073-57] DEBUG org.eclipse.jetty.io.ssl.SslConnection - <needFillInterest s=IDLE/INTERESTED f=false i=true w=null
02:56:42.143 [qtp782228073-57] DEBUG org.eclipse.jetty.io.ssl.SslConnection - ensureFillInterested SslConnection@5f7110af::SocketChannelEndPoint@5ab4848f{l=/127.0.0.1:40197,r=/127.0.0.1:33996,OPEN,fill=-,flush=-,to=0/30000}{io=0/0,kio=0,kro=0}->SslConnection@5f7110af{NOT_HANDSHAKING,eio=-1/-1,di=-1,fill=INTERESTED,flush=IDLE}~>DecryptedEndPoint@3a9b7bc0{l=/127.0.0.1:40197,r=/127.0.0.1:33996,OPEN,fill=FI,flush=-,to=0/30000}=>HttpConnection@7c979e15[p=HttpParser{s=START,0 of -1},g=HttpGenerator@3ed525fa{s=START}]=>HttpChannelOverHttp@6b249db5{s=HttpChannelState@44751f3d{s=IDLE rs=BLOCKING os=OPEN is=IDLE awp=false se=false i=true al=0},r=0,c=false/false,a=IDLE,uri=null,age=0}
02:56:42.143 [qtp782228073-57] DEBUG org.eclipse.jetty.io.FillInterest - interested FillInterest@4633c09f{SSLC.NBReadCB@5f7110af{SslConnection@5f7110af::SocketChannelEndPoint@5ab4848f{l=/127.0.0.1:40197,r=/127.0.0.1:33996,OPEN,fill=FI,flush=-,to=0/30000}{io=0/0,kio=0,kro=0}->SslConnection@5f7110af{NOT_HANDSHAKING,eio=-1/-1,di=-1,fill=INTERESTED,flush=IDLE}~>DecryptedEndPoint@3a9b7bc0{l=/127.0.0.1:40197,r=/127.0.0.1:33996,OPEN,fill=FI,flush=-,to=0/30000}=>HttpConnection@7c979e15[p=HttpParser{s=START,0 of -1},g=HttpGenerator@3ed525fa{s=START}]=>HttpChannelOverHttp@6b249db5{s=HttpChannelState@44751f3d{s=IDLE rs=BLOCKING os=OPEN is=IDLE awp=false se=false i=true al=0},r=0,c=false/false,a=IDLE,uri=null,age=0}}}
02:56:42.143 [qtp782228073-57] DEBUG org.eclipse.jetty.io.ChannelEndPoint - changeInterests p=false 0->1 for SocketChannelEndPoint@5ab4848f{l=/127.0.0.1:40197,r=/127.0.0.1:33996,OPEN,fill=FI,flush=-,to=0/30000}{io=0/1,kio=0,kro=0}->SslConnection@5f7110af{NOT_HANDSHAKING,eio=-1/-1,di=-1,fill=INTERESTED,flush=IDLE}~>DecryptedEndPoint@3a9b7bc0{l=/127.0.0.1:40197,r=/127.0.0.1:33996,OPEN,fill=FI,flush=-,to=0/30000}=>HttpConnection@7c979e15[p=HttpParser{s=START,0 of -1},g=HttpGenerator@3ed525fa{s=START}]=>HttpChannelOverHttp@6b249db5{s=HttpChannelState@44751f3d{s=IDLE rs=BLOCKING os=OPEN is=IDLE awp=false se=false i=true al=0},r=0,c=false/false,a=IDLE,uri=null,age=0}
02:56:42.143 [qtp782228073-57] DEBUG org.eclipse.jetty.io.ManagedSelector - Queued change lazy=false org.eclipse.jetty.io.ChannelEndPoint$$Lambda$255/899789472@1110449e on ManagedSelector@19553973{STARTED} id=3 keys=1 selected=0 updates=1
02:56:42.143 [qtp782228073-57] DEBUG org.eclipse.jetty.io.ManagedSelector - Wakeup on submit ManagedSelector@19553973{STARTED} id=3 keys=1 selected=0 updates=2
02:56:42.143 [qtp782228073-58] DEBUG org.eclipse.jetty.io.ManagedSelector - Selector sun.nio.ch.EPollSelectorImpl@38358409 woken with none selected
02:56:42.143 [qtp782228073-58] DEBUG org.eclipse.jetty.io.ManagedSelector - Selector sun.nio.ch.EPollSelectorImpl@38358409 woken up from select, 0/0/1 selected
02:56:42.143 [qtp782228073-58] DEBUG org.eclipse.jetty.io.ManagedSelector - Selector sun.nio.ch.EPollSelectorImpl@38358409 processing 0 keys, 2 updates
02:56:42.143 [qtp782228073-58] DEBUG org.eclipse.jetty.io.ManagedSelector - updateable 2
02:56:42.143 [qtp782228073-58] DEBUG org.eclipse.jetty.io.ManagedSelector - update org.eclipse.jetty.io.ManagedSelector$$Lambda$258/269590367@33117d07
02:56:42.143 [qtp782228073-57] DEBUG org.eclipse.jetty.io.ManagedSelector - Created SocketChannelEndPoint@5ab4848f{l=/127.0.0.1:40197,r=/127.0.0.1:33996,OPEN,fill=FI,flush=-,to=0/30000}{io=0/1,kio=0,kro=0}->SslConnection@5f7110af{NOT_HANDSHAKING,eio=-1/-1,di=-1,fill=INTERESTED,flush=IDLE}~>DecryptedEndPoint@3a9b7bc0{l=/127.0.0.1:40197,r=/127.0.0.1:33996,OPEN,fill=FI,flush=-,to=0/30000}=>HttpConnection@7c979e15[p=HttpParser{s=START,0 of -1},g=HttpGenerator@3ed525fa{s=START}]=>HttpChannelOverHttp@6b249db5{s=HttpChannelState@44751f3d{s=IDLE rs=BLOCKING os=OPEN is=IDLE awp=false se=false i=true al=0},r=0,c=false/false,a=IDLE,uri=null,age=0}
02:56:42.143 [qtp782228073-58] DEBUG org.eclipse.jetty.io.ManagedSelector - update org.eclipse.jetty.io.ChannelEndPoint$$Lambda$255/899789472@1110449e
02:56:42.143 [qtp782228073-57] DEBUG org.eclipse.jetty.util.thread.QueuedThreadPool - ran Accept@66b11e48[java.nio.channels.SocketChannel[connected local=/127.0.0.1:40197 remote=/127.0.0.1:33996]] in QueuedThreadPool[qtp782228073]@2e9fda69{STARTED,8<=8<=200,i=0,r=-1,q=0}[ReservedThreadExecutor@47a5b70d{reserved=2/8,pending=0}]
02:56:42.143 [qtp782228073-58] DEBUG org.eclipse.jetty.io.ChannelEndPoint - Key interests updated 0 -> 1 on SocketChannelEndPoint@5ab4848f{l=/127.0.0.1:40197,r=/127.0.0.1:33996,OPEN,fill=FI,flush=-,to=0/30000}{io=1/1,kio=1,kro=0}->SslConnection@5f7110af{NOT_HANDSHAKING,eio=-1/-1,di=-1,fill=INTERESTED,flush=IDLE}~>DecryptedEndPoint@3a9b7bc0{l=/127.0.0.1:40197,r=/127.0.0.1:33996,OPEN,fill=FI,flush=-,to=0/30000}=>HttpConnection@7c979e15[p=HttpParser{s=START,0 of -1},g=HttpGenerator@3ed525fa{s=START}]=>HttpChannelOverHttp@6b249db5{s=HttpChannelState@44751f3d{s=IDLE rs=BLOCKING os=OPEN is=IDLE awp=false se=false i=true al=0},r=0,c=false/false,a=IDLE,uri=null,age=0}
02:56:42.143 [qtp782228073-58] DEBUG org.eclipse.jetty.io.ManagedSelector - updates 0
02:56:42.143 [qtp782228073-58] DEBUG org.eclipse.jetty.io.ManagedSelector - Selector sun.nio.ch.EPollSelectorImpl@38358409 waiting with 1 keys
02:56:42.143 [qtp782228073-58] DEBUG org.eclipse.jetty.io.ManagedSelector - Selector sun.nio.ch.EPollSelectorImpl@38358409 woken up from select, 1/1/1 selected
02:56:42.143 [qtp782228073-58] DEBUG org.eclipse.jetty.io.ManagedSelector - Selector sun.nio.ch.EPollSelectorImpl@38358409 processing 1 keys, 0 updates
02:56:42.143 [qtp782228073-58] DEBUG org.eclipse.jetty.io.ManagedSelector - selected 1 sun.nio.ch.SelectionKeyImpl@36f26d7f SocketChannelEndPoint@5ab4848f{l=/127.0.0.1:40197,r=/127.0.0.1:33996,OPEN,fill=FI,flush=-,to=0/30000}{io=1/1,kio=1,kro=1}->SslConnection@5f7110af{NOT_HANDSHAKING,eio=-1/-1,di=-1,fill=INTERESTED,flush=IDLE}~>DecryptedEndPoint@3a9b7bc0{l=/127.0.0.1:40197,r=/127.0.0.1:33996,OPEN,fill=FI,flush=-,to=0/30000}=>HttpConnection@7c979e15[p=HttpParser{s=START,0 of -1},g=HttpGenerator@3ed525fa{s=START}]=>HttpChannelOverHttp@6b249db5{s=HttpChannelState@44751f3d{s=IDLE rs=BLOCKING os=OPEN is=IDLE awp=false se=false i=true al=0},r=0,c=false/false,a=IDLE,uri=null,age=0} 
02:56:42.144 [qtp782228073-58] DEBUG org.eclipse.jetty.io.ChannelEndPoint - onSelected 1->0 r=true w=false for SocketChannelEndPoint@5ab4848f{l=/127.0.0.1:40197,r=/127.0.0.1:33996,OPEN,fill=FI,flush=-,to=0/30000}{io=1/0,kio=1,kro=1}->SslConnection@5f7110af{NOT_HANDSHAKING,eio=-1/-1,di=-1,fill=INTERESTED,flush=IDLE}~>DecryptedEndPoint@3a9b7bc0{l=/127.0.0.1:40197,r=/127.0.0.1:33996,OPEN,fill=FI,flush=-,to=1/30000}=>HttpConnection@7c979e15[p=HttpParser{s=START,0 of -1},g=HttpGenerator@3ed525fa{s=START}]=>HttpChannelOverHttp@6b249db5{s=HttpChannelState@44751f3d{s=IDLE rs=BLOCKING os=OPEN is=IDLE awp=false se=false i=true al=0},r=0,c=false/false,a=IDLE,uri=null,age=0}
02:56:42.144 [qtp782228073-58] DEBUG org.eclipse.jetty.io.ChannelEndPoint - task CEP:SocketChannelEndPoint@5ab4848f{l=/127.0.0.1:40197,r=/127.0.0.1:33996,OPEN,fill=FI,flush=-,to=0/30000}{io=1/0,kio=1,kro=1}->SslConnection@5f7110af{NOT_HANDSHAKING,eio=-1/-1,di=-1,fill=INTERESTED,flush=IDLE}~>DecryptedEndPoint@3a9b7bc0{l=/127.0.0.1:40197,r=/127.0.0.1:33996,OPEN,fill=FI,flush=-,to=1/30000}=>HttpConnection@7c979e15[p=HttpParser{s=START,0 of -1},g=HttpGenerator@3ed525fa{s=START}]=>HttpChannelOverHttp@6b249db5{s=HttpChannelState@44751f3d{s=IDLE rs=BLOCKING os=OPEN is=IDLE awp=false se=false i=true al=0},r=0,c=false/false,a=IDLE,uri=null,age=0}:runFillable:BLOCKING
02:56:42.144 [qtp782228073-58] DEBUG org.eclipse.jetty.util.thread.ReservedThreadExecutor - ReservedThreadExecutor@47a5b70d{reserved=2/8,pending=0} tryExecute EatWhatYouKill@47a86fbb/SelectorProducer@f478a81/PRODUCING/p=false/QueuedThreadPool[qtp782228073]@2e9fda69{STARTED,8<=8<=200,i=1,r=-1,q=0}[ReservedThreadExecutor@47a5b70d{reserved=2/8,pending=0}][pc=0,pic=0,pec=0,epc=0]@2024-05-02T02:56:42.144+01:00
02:56:42.144 [qtp782228073-58] DEBUG org.eclipse.jetty.util.thread.strategy.EatWhatYouKill - EatWhatYouKill@47a86fbb/SelectorProducer@f478a81/IDLE/p=true/QueuedThreadPool[qtp782228073]@2e9fda69{STARTED,8<=8<=200,i=1,r=-1,q=0}[ReservedThreadExecutor@47a5b70d{reserved=1/8,pending=0}][pc=0,pic=0,pec=0,epc=0]@2024-05-02T02:56:42.144+01:00 m=EXECUTE_PRODUCE_CONSUME t=CEP:SocketChannelEndPoint@5ab4848f{l=/127.0.0.1:40197,r=/127.0.0.1:33996,OPEN,fill=FI,flush=-,to=1/30000}{io=1/0,kio=1,kro=1}->SslConnection@5f7110af{NOT_HANDSHAKING,eio=-1/-1,di=-1,fill=INTERESTED,flush=IDLE}~>DecryptedEndPoint@3a9b7bc0{l=/127.0.0.1:40197,r=/127.0.0.1:33996,OPEN,fill=FI,flush=-,to=1/30000}=>HttpConnection@7c979e15[p=HttpParser{s=START,0 of -1},g=HttpGenerator@3ed525fa{s=START}]=>HttpChannelOverHttp@6b249db5{s=HttpChannelState@44751f3d{s=IDLE rs=BLOCKING os=OPEN is=IDLE awp=false se=false i=true al=0},r=0,c=false/false,a=IDLE,uri=null,age=0}:runFillable:BLOCKING/BLOCKING
02:56:42.144 [qtp782228073-62] DEBUG org.eclipse.jetty.util.thread.ReservedThreadExecutor - ReservedThread@404ae0d7{RESERVED,thread=Thread[qtp782228073-62,5,main]} task=EatWhatYouKill@47a86fbb/SelectorProducer@f478a81/IDLE/p=true/QueuedThreadPool[qtp782228073]@2e9fda69{STARTED,8<=8<=200,i=1,r=-1,q=0}[ReservedThreadExecutor@47a5b70d{reserved=1/8,pending=0}][pc=0,pic=0,pec=0,epc=0]@2024-05-02T02:56:42.144+01:00 ReservedThreadExecutor@47a5b70d{reserved=1/8,pending=0}
02:56:42.144 [qtp782228073-62] DEBUG org.eclipse.jetty.util.thread.strategy.EatWhatYouKill - EatWhatYouKill@47a86fbb/SelectorProducer@f478a81/IDLE/p=true/QueuedThreadPool[qtp782228073]@2e9fda69{STARTED,8<=8<=200,i=1,r=-1,q=0}[ReservedThreadExecutor@47a5b70d{reserved=1/8,pending=0}][pc=0,pic=0,pec=0,epc=1]@2024-05-02T02:56:42.144+01:00 tryProduce true
02:56:42.144 [qtp782228073-62] DEBUG org.eclipse.jetty.io.ManagedSelector - updateable 0
02:56:42.144 [qtp782228073-58] DEBUG org.eclipse.jetty.io.FillInterest - fillable FillInterest@4633c09f{SSLC.NBReadCB@5f7110af{SslConnection@5f7110af::SocketChannelEndPoint@5ab4848f{l=/127.0.0.1:40197,r=/127.0.0.1:33996,OPEN,fill=FI,flush=-,to=1/30000}{io=1/0,kio=1,kro=1}->SslConnection@5f7110af{NOT_HANDSHAKING,eio=-1/-1,di=-1,fill=INTERESTED,flush=IDLE}~>DecryptedEndPoint@3a9b7bc0{l=/127.0.0.1:40197,r=/127.0.0.1:33996,OPEN,fill=FI,flush=-,to=1/30000}=>HttpConnection@7c979e15[p=HttpParser{s=START,0 of -1},g=HttpGenerator@3ed525fa{s=START}]=>HttpChannelOverHttp@6b249db5{s=HttpChannelState@44751f3d{s=IDLE rs=BLOCKING os=OPEN is=IDLE awp=false se=false i=true al=0},r=0,c=false/false,a=IDLE,uri=null,age=0}}}
02:56:42.144 [qtp782228073-62] DEBUG org.eclipse.jetty.io.ManagedSelector - updates 0
02:56:42.144 [qtp782228073-58] DEBUG org.eclipse.jetty.io.ssl.SslConnection - >c.onFillable SslConnection@5f7110af::SocketChannelEndPoint@5ab4848f{l=/127.0.0.1:40197,r=/127.0.0.1:33996,OPEN,fill=-,flush=-,to=1/30000}{io=0/0,kio=1,kro=1}->SslConnection@5f7110af{NOT_HANDSHAKING,eio=-1/-1,di=-1,fill=INTERESTED,flush=IDLE}~>DecryptedEndPoint@3a9b7bc0{l=/127.0.0.1:40197,r=/127.0.0.1:33996,OPEN,fill=FI,flush=-,to=1/30000}=>HttpConnection@7c979e15[p=HttpParser{s=START,0 of -1},g=HttpGenerator@3ed525fa{s=START}]=>HttpChannelOverHttp@6b249db5{s=HttpChannelState@44751f3d{s=IDLE rs=BLOCKING os=OPEN is=IDLE awp=false se=false i=true al=0},r=0,c=false/false,a=IDLE,uri=null,age=0}
02:56:42.144 [qtp782228073-62] DEBUG org.eclipse.jetty.io.ChannelEndPoint - Key interests updated 1 -> 0 on SocketChannelEndPoint@5ab4848f{l=/127.0.0.1:40197,r=/127.0.0.1:33996,OPEN,fill=-,flush=-,to=1/30000}{io=0/0,kio=0,kro=1}->SslConnection@5f7110af{NOT_HANDSHAKING,eio=-1/-1,di=-1,fill=INTERESTED,flush=IDLE}~>DecryptedEndPoint@3a9b7bc0{l=/127.0.0.1:40197,r=/127.0.0.1:33996,OPEN,fill=FI,flush=-,to=1/30000}=>HttpConnection@7c979e15[p=HttpParser{s=START,0 of -1},g=HttpGenerator@3ed525fa{s=START}]=>HttpChannelOverHttp@6b249db5{s=HttpChannelState@44751f3d{s=IDLE rs=BLOCKING os=OPEN is=IDLE awp=false se=false i=true al=0},r=0,c=false/false,a=IDLE,uri=null,age=0}
02:56:42.144 [qtp782228073-62] DEBUG org.eclipse.jetty.io.ManagedSelector - Selector sun.nio.ch.EPollSelectorImpl@38358409 waiting with 1 keys
02:56:42.145 [qtp782228073-58] DEBUG org.eclipse.jetty.io.ssl.SslConnection - onFillable SslConnection@5f7110af::SocketChannelEndPoint@5ab4848f{l=/127.0.0.1:40197,r=/127.0.0.1:33996,OPEN,fill=-,flush=-,to=1/30000}{io=0/0,kio=0,kro=1}->SslConnection@5f7110af{NOT_HANDSHAKING,eio=-1/-1,di=-1,fill=INTERESTED,flush=IDLE}~>DecryptedEndPoint@3a9b7bc0{l=/127.0.0.1:40197,r=/127.0.0.1:33996,OPEN,fill=FI,flush=-,to=2/30000}=>HttpConnection@7c979e15[p=HttpParser{s=START,0 of -1},g=HttpGenerator@3ed525fa{s=START}]=>HttpChannelOverHttp@6b249db5{s=HttpChannelState@44751f3d{s=IDLE rs=BLOCKING os=OPEN is=IDLE awp=false se=false i=true al=0},r=0,c=false/false,a=IDLE,uri=null,age=0}
02:56:42.145 [qtp782228073-58] DEBUG org.eclipse.jetty.io.FillInterest - fillable FillInterest@7ef26303{AC.ReadCB@7c979e15{HttpConnection@7c979e15::DecryptedEndPoint@3a9b7bc0{l=/127.0.0.1:40197,r=/127.0.0.1:33996,OPEN,fill=FI,flush=-,to=2/30000}}}
02:56:42.145 [qtp782228073-58] DEBUG org.eclipse.jetty.server.HttpConnection - HttpConnection@7c979e15::DecryptedEndPoint@3a9b7bc0{l=/127.0.0.1:40197,r=/127.0.0.1:33996,OPEN,fill=-,flush=-,to=2/30000} onFillable enter HttpChannelState@44751f3d{s=IDLE rs=BLOCKING os=OPEN is=IDLE awp=false se=false i=true al=0} null
02:56:42.145 [qtp782228073-58] DEBUG org.eclipse.jetty.io.ssl.SslConnection - >fill SslConnection@5f7110af::SocketChannelEndPoint@5ab4848f{l=/127.0.0.1:40197,r=/127.0.0.1:33996,OPEN,fill=-,flush=-,to=2/30000}{io=0/0,kio=0,kro=1}->SslConnection@5f7110af{NOT_HANDSHAKING,eio=-1/-1,di=-1,fill=IDLE,flush=IDLE}~>DecryptedEndPoint@3a9b7bc0{l=/127.0.0.1:40197,r=/127.0.0.1:33996,OPEN,fill=-,flush=-,to=2/30000}=>HttpConnection@7c979e15[p=HttpParser{s=START,0 of -1},g=HttpGenerator@3ed525fa{s=START}]=>HttpChannelOverHttp@6b249db5{s=HttpChannelState@44751f3d{s=IDLE rs=BLOCKING os=OPEN is=IDLE awp=false se=false i=true al=0},r=0,c=false/false,a=IDLE,uri=null,age=0}
02:56:42.145 [qtp782228073-58] DEBUG org.eclipse.jetty.io.ssl.SslConnection - fill NOT_HANDSHAKING
02:56:42.145 [qtp782228073-58] DEBUG org.eclipse.jetty.io.ChannelEndPoint - filled 339 HeapByteBuffer@7acd6f6f[p=0,l=339,c=17408,r=339]={<<<\x16\x03\x03\x01N\x01\x00\x01J\x03\x03%A\xAb`Z\xF6\xB7\xE7\xFe\xB4\x92\x17\x91\x01...zI\xC8\xCa\x81O\x10m\x8a\x11\x9em\x8f\xC5w\xE2\x11\x92\xFf\x01\x00\x01\x00>>>\xF9\xFb}{\xC0\xFag\xC6G...\x00\x00\x00\x00\x00\x00\x00}
02:56:42.145 [qtp782228073-58] DEBUG org.eclipse.jetty.io.ssl.SslConnection - net filled=339
02:56:42.145 [qtp782228073-58] DEBUG org.eclipse.jetty.io.ssl.SslConnection - fill starting handshake SslConnection@5f7110af::SocketChannelEndPoint@5ab4848f{l=/127.0.0.1:40197,r=/127.0.0.1:33996,OPEN,fill=-,flush=-,to=0/30000}{io=0/0,kio=0,kro=1}->SslConnection@5f7110af{NOT_HANDSHAKING,eio=339/-1,di=-1,fill=IDLE,flush=IDLE}~>DecryptedEndPoint@3a9b7bc0{l=/127.0.0.1:40197,r=/127.0.0.1:33996,OPEN,fill=-,flush=-,to=2/30000}=>HttpConnection@7c979e15[p=HttpParser{s=START,0 of -1},g=HttpGenerator@3ed525fa{s=START}]=>HttpChannelOverHttp@6b249db5{s=HttpChannelState@44751f3d{s=IDLE rs=BLOCKING os=OPEN is=IDLE awp=false se=false i=true al=0},r=0,c=false/false,a=IDLE,uri=null,age=0}
02:56:42.146 [qtp782228073-58] DEBUG org.eclipse.jetty.io.ssl.SslConnection - unwrap net_filled=339 Status = OK HandshakeStatus = NEED_TASK bytesConsumed = 339 bytesProduced = 0 encryptedBuffer=[p=339,l=339,c=17408,r=0] unwrapBuffer=HeapByteBuffer@1b26ebdb[p=0,l=0,c=17408,r=0]={<<<>>>GET / HTT...\x00\x00\x00\x00\x00\x00\x00} appBuffer=HeapByteBuffer@1b26ebdb[p=0,l=0,c=17408,r=0]={<<<>>>GET / HTT...\x00\x00\x00\x00\x00\x00\x00}
02:56:42.146 [qtp782228073-58] DEBUG org.eclipse.jetty.io.ssl.SslConnection - fill NEED_TASK
02:56:42.156 [qtp782228073-58] DEBUG org.eclipse.jetty.io.ssl.SslConnection - fill NEED_WRAP
02:56:42.156 [qtp782228073-58] DEBUG org.eclipse.jetty.io.ssl.SslConnection - >flush SslConnection@5f7110af::SocketChannelEndPoint@5ab4848f{l=/127.0.0.1:40197,r=/127.0.0.1:33996,OPEN,fill=-,flush=-,to=10/30000}{io=0/0,kio=0,kro=1}->SslConnection@5f7110af{NEED_WRAP,eio=0/-1,di=-1,fill=IDLE,flush=IDLE}~>DecryptedEndPoint@3a9b7bc0{l=/127.0.0.1:40197,r=/127.0.0.1:33996,OPEN,fill=-,flush=-,to=13/30000}=>HttpConnection@7c979e15[p=HttpParser{s=START,0 of -1},g=HttpGenerator@3ed525fa{s=START}]=>HttpChannelOverHttp@6b249db5{s=HttpChannelState@44751f3d{s=IDLE rs=BLOCKING os=OPEN is=IDLE awp=false se=false i=true al=0},r=0,c=false/false,a=IDLE,uri=null,age=0}
02:56:42.156 [qtp782228073-58] DEBUG org.eclipse.jetty.io.ssl.SslConnection - flush b[0]=HeapByteBuffer@58f161d6[p=0,l=0,c=0,r=0]={<<<>>>}
02:56:42.156 [qtp782228073-58] DEBUG org.eclipse.jetty.io.ssl.SslConnection - flush NEED_WRAP
02:56:42.156 [qtp782228073-58] DEBUG org.eclipse.jetty.io.ssl.SslConnection - wrap Status = OK HandshakeStatus = NEED_WRAP bytesConsumed = 0 bytesProduced = 160 [p=0,l=160,c=17408,r=160] ioDone=false/false
02:56:42.157 [qtp782228073-58] DEBUG org.eclipse.jetty.io.ChannelEndPoint - flushed 160 SocketChannelEndPoint@5ab4848f{l=/127.0.0.1:40197,r=/127.0.0.1:33996,OPEN,fill=-,flush=-,to=11/30000}{io=0/0,kio=0,kro=1}->SslConnection@5f7110af{NEED_WRAP,eio=0/0,di=-1,fill=IDLE,flush=IDLE}~>DecryptedEndPoint@3a9b7bc0{l=/127.0.0.1:40197,r=/127.0.0.1:33996,OPEN,fill=-,flush=-,to=14/30000}=>HttpConnection@7c979e15[p=HttpParser{s=START,0 of -1},g=HttpGenerator@3ed525fa{s=START}]=>HttpChannelOverHttp@6b249db5{s=HttpChannelState@44751f3d{s=IDLE rs=BLOCKING os=OPEN is=IDLE awp=false se=false i=true al=0},r=0,c=false/false,a=IDLE,uri=null,age=0}
02:56:42.157 [qtp782228073-58] DEBUG org.eclipse.jetty.io.ssl.SslConnection - net flushed=true, ac=true
02:56:42.157 [qtp782228073-58] DEBUG org.eclipse.jetty.io.ssl.SslConnection - flush NEED_WRAP
02:56:42.157 [qtp782228073-58] DEBUG org.eclipse.jetty.io.ssl.SslConnection - wrap Status = OK HandshakeStatus = NEED_WRAP bytesConsumed = 0 bytesProduced = 6 [p=0,l=6,c=17408,r=6] ioDone=false/false
02:56:42.157 [qtp782228073-58] DEBUG org.eclipse.jetty.io.ChannelEndPoint - flushed 6 SocketChannelEndPoint@5ab4848f{l=/127.0.0.1:40197,r=/127.0.0.1:33996,OPEN,fill=-,flush=-,to=0/30000}{io=0/0,kio=0,kro=1}->SslConnection@5f7110af{NEED_WRAP,eio=0/0,di=-1,fill=IDLE,flush=IDLE}~>DecryptedEndPoint@3a9b7bc0{l=/127.0.0.1:40197,r=/127.0.0.1:33996,OPEN,fill=-,flush=-,to=14/30000}=>HttpConnection@7c979e15[p=HttpParser{s=START,0 of -1},g=HttpGenerator@3ed525fa{s=START}]=>HttpChannelOverHttp@6b249db5{s=HttpChannelState@44751f3d{s=IDLE rs=BLOCKING os=OPEN is=IDLE awp=false se=false i=true al=0},r=0,c=false/false,a=IDLE,uri=null,age=0}
02:56:42.157 [qtp782228073-58] DEBUG org.eclipse.jetty.io.ssl.SslConnection - net flushed=true, ac=true
02:56:42.157 [qtp782228073-58] DEBUG org.eclipse.jetty.io.ssl.SslConnection - flush NEED_WRAP
02:56:42.157 [qtp782228073-58] DEBUG org.eclipse.jetty.io.ssl.SslConnection - wrap Status = OK HandshakeStatus = NEED_UNWRAP bytesConsumed = 0 bytesProduced = 1597 [p=0,l=1597,c=17408,r=1597] ioDone=false/false
02:56:42.157 [qtp782228073-58] DEBUG org.eclipse.jetty.io.ChannelEndPoint - flushed 1597 SocketChannelEndPoint@5ab4848f{l=/127.0.0.1:40197,r=/127.0.0.1:33996,OPEN,fill=-,flush=-,to=0/30000}{io=0/0,kio=0,kro=1}->SslConnection@5f7110af{NEED_UNWRAP,eio=0/0,di=-1,fill=IDLE,flush=IDLE}~>DecryptedEndPoint@3a9b7bc0{l=/127.0.0.1:40197,r=/127.0.0.1:33996,OPEN,fill=-,flush=-,to=14/30000}=>HttpConnection@7c979e15[p=HttpParser{s=START,0 of -1},g=HttpGenerator@3ed525fa{s=START}]=>HttpChannelOverHttp@6b249db5{s=HttpChannelState@44751f3d{s=IDLE rs=BLOCKING os=OPEN is=IDLE awp=false se=false i=true al=0},r=0,c=false/false,a=IDLE,uri=null,age=0}
02:56:42.157 [qtp782228073-58] DEBUG org.eclipse.jetty.io.ssl.SslConnection - net flushed=true, ac=true
02:56:42.158 [qtp782228073-58] DEBUG org.eclipse.jetty.io.ssl.SslConnection - <flush true SslConnection@5f7110af::SocketChannelEndPoint@5ab4848f{l=/127.0.0.1:40197,r=/127.0.0.1:33996,OPEN,fill=-,flush=-,to=0/30000}{io=0/0,kio=0,kro=1}->SslConnection@5f7110af{NEED_UNWRAP,eio=0/-1,di=-1,fill=IDLE,flush=IDLE}~>DecryptedEndPoint@3a9b7bc0{l=/127.0.0.1:40197,r=/127.0.0.1:33996,OPEN,fill=-,flush=-,to=15/30000}=>HttpConnection@7c979e15[p=HttpParser{s=START,0 of -1},g=HttpGenerator@3ed525fa{s=START}]=>HttpChannelOverHttp@6b249db5{s=HttpChannelState@44751f3d{s=IDLE rs=BLOCKING os=OPEN is=IDLE awp=false se=false i=true al=0},r=0,c=false/false,a=IDLE,uri=null,age=0}
02:56:42.158 [qtp782228073-58] DEBUG org.eclipse.jetty.io.ssl.SslConnection - fill NEED_UNWRAP
02:56:42.158 [qtp782228073-58] DEBUG org.eclipse.jetty.io.ChannelEndPoint - filled 0 HeapByteBuffer@7acd6f6f[p=0,l=0,c=17408,r=0]={<<<>>>\x16\x03\x03\x01N\x01\x00\x01J...\x00\x00\x00\x00\x00\x00\x00}
02:56:42.158 [qtp782228073-58] DEBUG org.eclipse.jetty.io.ssl.SslConnection - net filled=0
02:56:42.158 [qtp782228073-58] DEBUG org.eclipse.jetty.io.ssl.SslConnection - unwrap net_filled=0 Status = BUFFER_UNDERFLOW HandshakeStatus = NEED_UNWRAP bytesConsumed = 0 bytesProduced = 0 encryptedBuffer=[p=0,l=0,c=17408,r=0] unwrapBuffer=HeapByteBuffer@1b26ebdb[p=0,l=0,c=17408,r=0]={<<<>>>GET / HTT...\x00\x00\x00\x00\x00\x00\x00} appBuffer=HeapByteBuffer@1b26ebdb[p=0,l=0,c=17408,r=0]={<<<>>>GET / HTT...\x00\x00\x00\x00\x00\x00\x00}
02:56:42.158 [qtp782228073-58] DEBUG org.eclipse.jetty.io.ssl.SslConnection - <fill f=0 uf=true SslConnection@5f7110af::SocketChannelEndPoint@5ab4848f{l=/127.0.0.1:40197,r=/127.0.0.1:33996,OPEN,fill=-,flush=-,to=0/30000}{io=0/0,kio=0,kro=1}->SslConnection@5f7110af{NEED_UNWRAP,eio=-1/-1,di=-1,fill=IDLE,flush=IDLE}~>DecryptedEndPoint@3a9b7bc0{l=/127.0.0.1:40197,r=/127.0.0.1:33996,OPEN,fill=-,flush=-,to=15/30000}=>HttpConnection@7c979e15[p=HttpParser{s=START,0 of -1},g=HttpGenerator@3ed525fa{s=START}]=>HttpChannelOverHttp@6b249db5{s=HttpChannelState@44751f3d{s=IDLE rs=BLOCKING os=OPEN is=IDLE awp=false se=false i=true al=0},r=0,c=false/false,a=IDLE,uri=null,age=0}
02:56:42.158 [qtp782228073-58] DEBUG org.eclipse.jetty.io.ssl.SslConnection - >fill SslConnection@5f7110af::SocketChannelEndPoint@5ab4848f{l=/127.0.0.1:40197,r=/127.0.0.1:33996,OPEN,fill=-,flush=-,to=0/30000}{io=0/0,kio=0,kro=1}->SslConnection@5f7110af{NEED_UNWRAP,eio=-1/-1,di=-1,fill=IDLE,flush=IDLE}~>DecryptedEndPoint@3a9b7bc0{l=/127.0.0.1:40197,r=/127.0.0.1:33996,OPEN,fill=-,flush=-,to=15/30000}=>HttpConnection@7c979e15[p=HttpParser{s=START,0 of -1},g=HttpGenerator@3ed525fa{s=START}]=>HttpChannelOverHttp@6b249db5{s=HttpChannelState@44751f3d{s=IDLE rs=BLOCKING os=OPEN is=IDLE awp=false se=false i=true al=0},r=0,c=false/false,a=IDLE,uri=null,age=0}
02:56:42.158 [qtp782228073-58] DEBUG org.eclipse.jetty.io.ssl.SslConnection - fill NEED_UNWRAP
02:56:42.158 [qtp782228073-58] DEBUG org.eclipse.jetty.io.ChannelEndPoint - filled 0 HeapByteBuffer@740a9f9e[p=0,l=0,c=17408,r=0]={<<<>>>\x17\x03\x03\x068\xA6\xB7T\xB4...\x00\x00\x00\x00\x00\x00\x00}
02:56:42.158 [qtp782228073-58] DEBUG org.eclipse.jetty.io.ssl.SslConnection - net filled=0
02:56:42.158 [qtp782228073-58] DEBUG org.eclipse.jetty.io.ssl.SslConnection - unwrap net_filled=0 Status = BUFFER_UNDERFLOW HandshakeStatus = NEED_UNWRAP bytesConsumed = 0 bytesProduced = 0 encryptedBuffer=[p=0,l=0,c=17408,r=0] unwrapBuffer=HeapByteBuffer@1b26ebdb[p=0,l=0,c=17408,r=0]={<<<>>>GET / HTT...\x00\x00\x00\x00\x00\x00\x00} appBuffer=HeapByteBuffer@1b26ebdb[p=0,l=0,c=17408,r=0]={<<<>>>GET / HTT...\x00\x00\x00\x00\x00\x00\x00}
02:56:42.158 [qtp782228073-58] DEBUG org.eclipse.jetty.io.ssl.SslConnection - <fill f=0 uf=true SslConnection@5f7110af::SocketChannelEndPoint@5ab4848f{l=/127.0.0.1:40197,r=/127.0.0.1:33996,OPEN,fill=-,flush=-,to=0/30000}{io=0/0,kio=0,kro=1}->SslConnection@5f7110af{NEED_UNWRAP,eio=-1/-1,di=-1,fill=IDLE,flush=IDLE}~>DecryptedEndPoint@3a9b7bc0{l=/127.0.0.1:40197,r=/127.0.0.1:33996,OPEN,fill=-,flush=-,to=15/30000}=>HttpConnection@7c979e15[p=HttpParser{s=START,0 of -1},g=HttpGenerator@3ed525fa{s=START}]=>HttpChannelOverHttp@6b249db5{s=HttpChannelState@44751f3d{s=IDLE rs=BLOCKING os=OPEN is=IDLE awp=false se=false i=true al=0},r=0,c=false/false,a=IDLE,uri=null,age=0}
02:56:42.158 [qtp782228073-58] DEBUG org.eclipse.jetty.server.HttpConnection - HttpConnection@7c979e15::DecryptedEndPoint@3a9b7bc0{l=/127.0.0.1:40197,r=/127.0.0.1:33996,OPEN,fill=-,flush=-,to=15/30000} filled 0 HeapByteBuffer@1b26ebdb[p=0,l=0,c=17408,r=0]={<<<>>>GET / HTT...\x00\x00\x00\x00\x00\x00\x00}
02:56:42.158 [qtp782228073-58] DEBUG org.eclipse.jetty.server.HttpConnection - HttpConnection@7c979e15::DecryptedEndPoint@3a9b7bc0{l=/127.0.0.1:40197,r=/127.0.0.1:33996,OPEN,fill=-,flush=-,to=15/30000} parse HeapByteBuffer@1b26ebdb[p=0,l=0,c=17408,r=0]={<<<>>>GET / HTT...\x00\x00\x00\x00\x00\x00\x00} {}
02:56:42.158 [qtp782228073-58] DEBUG org.eclipse.jetty.http.HttpParser - parseNext s=START HeapByteBuffer@1b26ebdb[p=0,l=0,c=17408,r=0]={<<<>>>GET / HTT...\x00\x00\x00\x00\x00\x00\x00}
02:56:42.158 [qtp782228073-58] DEBUG org.eclipse.jetty.server.HttpConnection - HttpConnection@7c979e15::DecryptedEndPoint@3a9b7bc0{l=/127.0.0.1:40197,r=/127.0.0.1:33996,OPEN,fill=-,flush=-,to=15/30000} parsed false HttpParser{s=START,0 of -1}
02:56:42.158 [qtp782228073-58] DEBUG org.eclipse.jetty.server.HttpConnection - releaseRequestBuffer HttpConnection@7c979e15::DecryptedEndPoint@3a9b7bc0{l=/127.0.0.1:40197,r=/127.0.0.1:33996,OPEN,fill=-,flush=-,to=15/30000}
02:56:42.158 [qtp782228073-58] DEBUG org.eclipse.jetty.io.AbstractConnection - fillInterested HttpConnection@7c979e15::DecryptedEndPoint@3a9b7bc0{l=/127.0.0.1:40197,r=/127.0.0.1:33996,OPEN,fill=-,flush=-,to=15/30000}
02:56:42.158 [qtp782228073-58] DEBUG org.eclipse.jetty.io.FillInterest - interested FillInterest@7ef26303{AC.ReadCB@7c979e15{HttpConnection@7c979e15::DecryptedEndPoint@3a9b7bc0{l=/127.0.0.1:40197,r=/127.0.0.1:33996,OPEN,fill=FI,flush=-,to=0/30000}}}
02:56:42.158 [qtp782228073-58] DEBUG org.eclipse.jetty.io.ssl.SslConnection - >needFillInterest s=IDLE/IDLE uf=true ei=null di=null SslConnection@5f7110af::SocketChannelEndPoint@5ab4848f{l=/127.0.0.1:40197,r=/127.0.0.1:33996,OPEN,fill=-,flush=-,to=0/30000}{io=0/0,kio=0,kro=1}->SslConnection@5f7110af{NEED_UNWRAP,eio=-1/-1,di=-1,fill=IDLE,flush=IDLE}~>DecryptedEndPoint@3a9b7bc0{l=/127.0.0.1:40197,r=/127.0.0.1:33996,OPEN,fill=FI,flush=-,to=0/30000}=>HttpConnection@7c979e15[p=HttpParser{s=START,0 of -1},g=HttpGenerator@3ed525fa{s=START}]=>HttpChannelOverHttp@6b249db5{s=HttpChannelState@44751f3d{s=IDLE rs=BLOCKING os=OPEN is=IDLE awp=false se=false i=true al=0},r=0,c=false/false,a=IDLE,uri=null,age=0}
02:56:42.158 [qtp782228073-58] DEBUG org.eclipse.jetty.io.ssl.SslConnection - <needFillInterest s=IDLE/INTERESTED f=false i=true w=null
02:56:42.158 [qtp782228073-58] DEBUG org.eclipse.jetty.io.ssl.SslConnection - ensureFillInterested SslConnection@5f7110af::SocketChannelEndPoint@5ab4848f{l=/127.0.0.1:40197,r=/127.0.0.1:33996,OPEN,fill=-,flush=-,to=0/30000}{io=0/0,kio=0,kro=1}->SslConnection@5f7110af{NEED_UNWRAP,eio=-1/-1,di=-1,fill=INTERESTED,flush=IDLE}~>DecryptedEndPoint@3a9b7bc0{l=/127.0.0.1:40197,r=/127.0.0.1:33996,OPEN,fill=FI,flush=-,to=0/30000}=>HttpConnection@7c979e15[p=HttpParser{s=START,0 of -1},g=HttpGenerator@3ed525fa{s=START}]=>HttpChannelOverHttp@6b249db5{s=HttpChannelState@44751f3d{s=IDLE rs=BLOCKING os=OPEN is=IDLE awp=false se=false i=true al=0},r=0,c=false/false,a=IDLE,uri=null,age=0}
02:56:42.158 [qtp782228073-58] DEBUG org.eclipse.jetty.io.FillInterest - interested FillInterest@4633c09f{SSLC.NBReadCB@5f7110af{SslConnection@5f7110af::SocketChannelEndPoint@5ab4848f{l=/127.0.0.1:40197,r=/127.0.0.1:33996,OPEN,fill=FI,flush=-,to=0/30000}{io=0/0,kio=0,kro=1}->SslConnection@5f7110af{NEED_UNWRAP,eio=-1/-1,di=-1,fill=INTERESTED,flush=IDLE}~>DecryptedEndPoint@3a9b7bc0{l=/127.0.0.1:40197,r=/127.0.0.1:33996,OPEN,fill=FI,flush=-,to=0/30000}=>HttpConnection@7c979e15[p=HttpParser{s=START,0 of -1},g=HttpGenerator@3ed525fa{s=START}]=>HttpChannelOverHttp@6b249db5{s=HttpChannelState@44751f3d{s=IDLE rs=BLOCKING os=OPEN is=IDLE awp=false se=false i=true al=0},r=0,c=false/false,a=IDLE,uri=null,age=0}}}
02:56:42.159 [qtp782228073-58] DEBUG org.eclipse.jetty.io.ChannelEndPoint - changeInterests p=false 0->1 for SocketChannelEndPoint@5ab4848f{l=/127.0.0.1:40197,r=/127.0.0.1:33996,OPEN,fill=FI,flush=-,to=0/30000}{io=0/1,kio=0,kro=1}->SslConnection@5f7110af{NEED_UNWRAP,eio=-1/-1,di=-1,fill=INTERESTED,flush=IDLE}~>DecryptedEndPoint@3a9b7bc0{l=/127.0.0.1:40197,r=/127.0.0.1:33996,OPEN,fill=FI,flush=-,to=0/30000}=>HttpConnection@7c979e15[p=HttpParser{s=START,0 of -1},g=HttpGenerator@3ed525fa{s=START}]=>HttpChannelOverHttp@6b249db5{s=HttpChannelState@44751f3d{s=IDLE rs=BLOCKING os=OPEN is=IDLE awp=false se=false i=true al=0},r=0,c=false/false,a=IDLE,uri=null,age=0}
02:56:42.159 [qtp782228073-58] DEBUG org.eclipse.jetty.io.ManagedSelector - Queued change lazy=false org.eclipse.jetty.io.ChannelEndPoint$$Lambda$255/899789472@1110449e on ManagedSelector@19553973{STARTED} id=3 keys=1 selected=0 updates=0
02:56:42.159 [qtp782228073-58] DEBUG org.eclipse.jetty.io.ManagedSelector - Wakeup on submit ManagedSelector@19553973{STARTED} id=3 keys=1 selected=0 updates=1
02:56:42.159 [qtp782228073-58] DEBUG org.eclipse.jetty.server.HttpConnection - HttpConnection@7c979e15::DecryptedEndPoint@3a9b7bc0{l=/127.0.0.1:40197,r=/127.0.0.1:33996,OPEN,fill=FI,flush=-,to=0/30000} onFillable exit HttpChannelState@44751f3d{s=IDLE rs=BLOCKING os=OPEN is=IDLE awp=false se=false i=true al=0} null
02:56:42.159 [qtp782228073-62] DEBUG org.eclipse.jetty.io.ManagedSelector - Selector sun.nio.ch.EPollSelectorImpl@38358409 woken with none selected
02:56:42.159 [qtp782228073-62] DEBUG org.eclipse.jetty.io.ManagedSelector - Selector sun.nio.ch.EPollSelectorImpl@38358409 woken up from select, 0/0/1 selected
02:56:42.159 [qtp782228073-62] DEBUG org.eclipse.jetty.io.ManagedSelector - Selector sun.nio.ch.EPollSelectorImpl@38358409 processing 0 keys, 1 updates
02:56:42.159 [qtp782228073-62] DEBUG org.eclipse.jetty.io.ManagedSelector - updateable 1
02:56:42.159 [qtp782228073-62] DEBUG org.eclipse.jetty.io.ManagedSelector - update org.eclipse.jetty.io.ChannelEndPoint$$Lambda$255/899789472@1110449e
02:56:42.159 [qtp782228073-58] DEBUG org.eclipse.jetty.io.ssl.SslConnection - <c.onFillable SslConnection@5f7110af::SocketChannelEndPoint@5ab4848f{l=/127.0.0.1:40197,r=/127.0.0.1:33996,OPEN,fill=FI,flush=-,to=0/30000}{io=0/1,kio=0,kro=1}->SslConnection@5f7110af{NEED_UNWRAP,eio=-1/-1,di=-1,fill=INTERESTED,flush=IDLE}~>DecryptedEndPoint@3a9b7bc0{l=/127.0.0.1:40197,r=/127.0.0.1:33996,OPEN,fill=FI,flush=-,to=0/30000}=>HttpConnection@7c979e15[p=HttpParser{s=START,0 of -1},g=HttpGenerator@3ed525fa{s=START}]=>HttpChannelOverHttp@6b249db5{s=HttpChannelState@44751f3d{s=IDLE rs=BLOCKING os=OPEN is=IDLE awp=false se=false i=true al=0},r=0,c=false/false,a=IDLE,uri=null,age=0}
02:56:42.159 [qtp782228073-58] DEBUG org.eclipse.jetty.util.thread.QueuedThreadPool - ran org.eclipse.jetty.io.ManagedSelector$$Lambda$253/838473569@5a85c92 in QueuedThreadPool[qtp782228073]@2e9fda69{STARTED,8<=8<=200,i=1,r=-1,q=0}[ReservedThreadExecutor@47a5b70d{reserved=1/8,pending=0}]
02:56:42.161 [qtp782228073-62] DEBUG org.eclipse.jetty.io.ChannelEndPoint - Key interests updated 0 -> 1 on SocketChannelEndPoint@5ab4848f{l=/127.0.0.1:40197,r=/127.0.0.1:33996,OPEN,fill=FI,flush=-,to=0/30000}{io=1/1,kio=1,kro=1}->SslConnection@5f7110af{NEED_UNWRAP,eio=-1/-1,di=-1,fill=INTERESTED,flush=IDLE}~>DecryptedEndPoint@3a9b7bc0{l=/127.0.0.1:40197,r=/127.0.0.1:33996,OPEN,fill=FI,flush=-,to=2/30000}=>HttpConnection@7c979e15[p=HttpParser{s=START,0 of -1},g=HttpGenerator@3ed525fa{s=START}]=>HttpChannelOverHttp@6b249db5{s=HttpChannelState@44751f3d{s=IDLE rs=BLOCKING os=OPEN is=IDLE awp=false se=false i=true al=0},r=0,c=false/false,a=IDLE,uri=null,age=0}
02:56:42.161 [qtp782228073-62] DEBUG org.eclipse.jetty.io.ManagedSelector - updates 0
02:56:42.161 [qtp782228073-62] DEBUG org.eclipse.jetty.io.ManagedSelector - Selector sun.nio.ch.EPollSelectorImpl@38358409 waiting with 1 keys
02:56:42.162 [qtp782228073-62] DEBUG org.eclipse.jetty.io.ManagedSelector - Selector sun.nio.ch.EPollSelectorImpl@38358409 woken up from select, 1/1/1 selected
02:56:42.162 [qtp782228073-62] DEBUG org.eclipse.jetty.io.ManagedSelector - Selector sun.nio.ch.EPollSelectorImpl@38358409 processing 1 keys, 0 updates
02:56:42.162 [qtp782228073-62] DEBUG org.eclipse.jetty.io.ManagedSelector - selected 1 sun.nio.ch.SelectionKeyImpl@36f26d7f SocketChannelEndPoint@5ab4848f{l=/127.0.0.1:40197,r=/127.0.0.1:33996,OPEN,fill=FI,flush=-,to=3/30000}{io=1/1,kio=1,kro=1}->SslConnection@5f7110af{NEED_UNWRAP,eio=-1/-1,di=-1,fill=INTERESTED,flush=IDLE}~>DecryptedEndPoint@3a9b7bc0{l=/127.0.0.1:40197,r=/127.0.0.1:33996,OPEN,fill=FI,flush=-,to=3/30000}=>HttpConnection@7c979e15[p=HttpParser{s=START,0 of -1},g=HttpGenerator@3ed525fa{s=START}]=>HttpChannelOverHttp@6b249db5{s=HttpChannelState@44751f3d{s=IDLE rs=BLOCKING os=OPEN is=IDLE awp=false se=false i=true al=0},r=0,c=false/false,a=IDLE,uri=null,age=0} 
02:56:42.162 [qtp782228073-62] DEBUG org.eclipse.jetty.io.ChannelEndPoint - onSelected 1->0 r=true w=false for SocketChannelEndPoint@5ab4848f{l=/127.0.0.1:40197,r=/127.0.0.1:33996,OPEN,fill=FI,flush=-,to=3/30000}{io=1/0,kio=1,kro=1}->SslConnection@5f7110af{NEED_UNWRAP,eio=-1/-1,di=-1,fill=INTERESTED,flush=IDLE}~>DecryptedEndPoint@3a9b7bc0{l=/127.0.0.1:40197,r=/127.0.0.1:33996,OPEN,fill=FI,flush=-,to=3/30000}=>HttpConnection@7c979e15[p=HttpParser{s=START,0 of -1},g=HttpGenerator@3ed525fa{s=START}]=>HttpChannelOverHttp@6b249db5{s=HttpChannelState@44751f3d{s=IDLE rs=BLOCKING os=OPEN is=IDLE awp=false se=false i=true al=0},r=0,c=false/false,a=IDLE,uri=null,age=0}
02:56:42.162 [qtp782228073-62] DEBUG org.eclipse.jetty.io.ChannelEndPoint - task CEP:SocketChannelEndPoint@5ab4848f{l=/127.0.0.1:40197,r=/127.0.0.1:33996,OPEN,fill=FI,flush=-,to=3/30000}{io=1/0,kio=1,kro=1}->SslConnection@5f7110af{NEED_UNWRAP,eio=-1/-1,di=-1,fill=INTERESTED,flush=IDLE}~>DecryptedEndPoint@3a9b7bc0{l=/127.0.0.1:40197,r=/127.0.0.1:33996,OPEN,fill=FI,flush=-,to=3/30000}=>HttpConnection@7c979e15[p=HttpParser{s=START,0 of -1},g=HttpGenerator@3ed525fa{s=START}]=>HttpChannelOverHttp@6b249db5{s=HttpChannelState@44751f3d{s=IDLE rs=BLOCKING os=OPEN is=IDLE awp=false se=false i=true al=0},r=0,c=false/false,a=IDLE,uri=null,age=0}:runFillable:BLOCKING
02:56:42.162 [qtp782228073-62] DEBUG org.eclipse.jetty.util.thread.ReservedThreadExecutor - ReservedThreadExecutor@47a5b70d{reserved=1/8,pending=0} tryExecute EatWhatYouKill@47a86fbb/SelectorProducer@f478a81/PRODUCING/p=false/QueuedThreadPool[qtp782228073]@2e9fda69{STARTED,8<=8<=200,i=2,r=-1,q=0}[ReservedThreadExecutor@47a5b70d{reserved=1/8,pending=0}][pc=0,pic=0,pec=0,epc=1]@2024-05-02T02:56:42.162+01:00
02:56:42.163 [qtp782228073-62] DEBUG org.eclipse.jetty.util.thread.ReservedThreadExecutor - ReservedThreadExecutor@47a5b70d{reserved=0/8,pending=1} startReservedThread p=1
02:56:42.163 [qtp782228073-62] DEBUG org.eclipse.jetty.util.thread.QueuedThreadPool - queue ReservedThread@e8c8b37{PENDING,thread=null} startThread=0
02:56:42.163 [qtp782228073-57] DEBUG org.eclipse.jetty.util.thread.QueuedThreadPool - run ReservedThread@e8c8b37{PENDING,thread=null} in QueuedThreadPool[qtp782228073]@2e9fda69{STARTED,8<=8<=200,i=1,r=-1,q=0}[ReservedThreadExecutor@47a5b70d{reserved=0/8,pending=1}]
02:56:42.163 [qtp782228073-57] DEBUG org.eclipse.jetty.util.thread.ReservedThreadExecutor - ReservedThread@e8c8b37{PENDING,thread=Thread[qtp782228073-57,5,main]} was=PENDING next=RESERVED size=0+1 capacity=8
02:56:42.163 [qtp782228073-57] DEBUG org.eclipse.jetty.util.thread.ReservedThreadExecutor - ReservedThread@e8c8b37{RESERVED,thread=Thread[qtp782228073-57,5,main]} waiting ReservedThreadExecutor@47a5b70d{reserved=1/8,pending=0}
02:56:42.163 [qtp782228073-55] DEBUG org.eclipse.jetty.util.thread.ReservedThreadExecutor - ReservedThread@47fd854{RESERVED,thread=Thread[qtp782228073-55,5,main]} task=EatWhatYouKill@47a86fbb/SelectorProducer@f478a81/IDLE/p=true/QueuedThreadPool[qtp782228073]@2e9fda69{STARTED,8<=8<=200,i=1,r=-1,q=0}[ReservedThreadExecutor@47a5b70d{reserved=0/8,pending=1}][pc=0,pic=0,pec=0,epc=1]@2024-05-02T02:56:42.163+01:00 ReservedThreadExecutor@47a5b70d{reserved=1/8,pending=0}
02:56:42.163 [qtp782228073-55] DEBUG org.eclipse.jetty.util.thread.strategy.EatWhatYouKill - EatWhatYouKill@47a86fbb/SelectorProducer@f478a81/IDLE/p=true/QueuedThreadPool[qtp782228073]@2e9fda69{STARTED,8<=8<=200,i=1,r=-1,q=0}[ReservedThreadExecutor@47a5b70d{reserved=1/8,pending=0}][pc=0,pic=0,pec=0,epc=1]@2024-05-02T02:56:42.163+01:00 tryProduce true
02:56:42.163 [qtp782228073-55] DEBUG org.eclipse.jetty.io.ManagedSelector - updateable 0
02:56:42.163 [qtp782228073-55] DEBUG org.eclipse.jetty.io.ManagedSelector - updates 0
02:56:42.163 [qtp782228073-55] DEBUG org.eclipse.jetty.io.ChannelEndPoint - Key interests updated 1 -> 0 on SocketChannelEndPoint@5ab4848f{l=/127.0.0.1:40197,r=/127.0.0.1:33996,OPEN,fill=FI,flush=-,to=4/30000}{io=0/0,kio=0,kro=1}->SslConnection@5f7110af{NEED_UNWRAP,eio=-1/-1,di=-1,fill=INTERESTED,flush=IDLE}~>DecryptedEndPoint@3a9b7bc0{l=/127.0.0.1:40197,r=/127.0.0.1:33996,OPEN,fill=FI,flush=-,to=4/30000}=>HttpConnection@7c979e15[p=HttpParser{s=START,0 of -1},g=HttpGenerator@3ed525fa{s=START}]=>HttpChannelOverHttp@6b249db5{s=HttpChannelState@44751f3d{s=IDLE rs=BLOCKING os=OPEN is=IDLE awp=false se=false i=true al=0},r=0,c=false/false,a=IDLE,uri=null,age=0}
02:56:42.163 [qtp782228073-55] DEBUG org.eclipse.jetty.io.ManagedSelector - Selector sun.nio.ch.EPollSelectorImpl@38358409 waiting with 1 keys
02:56:42.163 [qtp782228073-62] DEBUG org.eclipse.jetty.util.thread.strategy.EatWhatYouKill - EatWhatYouKill@47a86fbb/SelectorProducer@f478a81/PRODUCING/p=false/QueuedThreadPool[qtp782228073]@2e9fda69{STARTED,8<=8<=200,i=1,r=-1,q=0}[ReservedThreadExecutor@47a5b70d{reserved=1/8,pending=0}][pc=0,pic=0,pec=0,epc=1]@2024-05-02T02:56:42.163+01:00 m=EXECUTE_PRODUCE_CONSUME t=CEP:SocketChannelEndPoint@5ab4848f{l=/127.0.0.1:40197,r=/127.0.0.1:33996,OPEN,fill=FI,flush=-,to=4/30000}{io=0/0,kio=0,kro=1}->SslConnection@5f7110af{NEED_UNWRAP,eio=-1/-1,di=-1,fill=INTERESTED,flush=IDLE}~>DecryptedEndPoint@3a9b7bc0{l=/127.0.0.1:40197,r=/127.0.0.1:33996,OPEN,fill=FI,flush=-,to=4/30000}=>HttpConnection@7c979e15[p=HttpParser{s=START,0 of -1},g=HttpGenerator@3ed525fa{s=START}]=>HttpChannelOverHttp@6b249db5{s=HttpChannelState@44751f3d{s=IDLE rs=BLOCKING os=OPEN is=IDLE awp=false se=false i=true al=0},r=0,c=false/false,a=IDLE,uri=null,age=0}:runFillable:BLOCKING/BLOCKING
02:56:42.163 [qtp782228073-62] DEBUG org.eclipse.jetty.io.FillInterest - fillable FillInterest@4633c09f{SSLC.NBReadCB@5f7110af{SslConnection@5f7110af::SocketChannelEndPoint@5ab4848f{l=/127.0.0.1:40197,r=/127.0.0.1:33996,OPEN,fill=FI,flush=-,to=4/30000}{io=0/0,kio=0,kro=1}->SslConnection@5f7110af{NEED_UNWRAP,eio=-1/-1,di=-1,fill=INTERESTED,flush=IDLE}~>DecryptedEndPoint@3a9b7bc0{l=/127.0.0.1:40197,r=/127.0.0.1:33996,OPEN,fill=FI,flush=-,to=4/30000}=>HttpConnection@7c979e15[p=HttpParser{s=START,0 of -1},g=HttpGenerator@3ed525fa{s=START}]=>HttpChannelOverHttp@6b249db5{s=HttpChannelState@44751f3d{s=IDLE rs=BLOCKING os=OPEN is=IDLE awp=false se=false i=true al=0},r=0,c=false/false,a=IDLE,uri=null,age=0}}}
02:56:42.163 [qtp782228073-62] DEBUG org.eclipse.jetty.io.ssl.SslConnection - >c.onFillable SslConnection@5f7110af::SocketChannelEndPoint@5ab4848f{l=/127.0.0.1:40197,r=/127.0.0.1:33996,OPEN,fill=-,flush=-,to=4/30000}{io=0/0,kio=0,kro=1}->SslConnection@5f7110af{NEED_UNWRAP,eio=-1/-1,di=-1,fill=INTERESTED,flush=IDLE}~>DecryptedEndPoint@3a9b7bc0{l=/127.0.0.1:40197,r=/127.0.0.1:33996,OPEN,fill=FI,flush=-,to=5/30000}=>HttpConnection@7c979e15[p=HttpParser{s=START,0 of -1},g=HttpGenerator@3ed525fa{s=START}]=>HttpChannelOverHttp@6b249db5{s=HttpChannelState@44751f3d{s=IDLE rs=BLOCKING os=OPEN is=IDLE awp=false se=false i=true al=0},r=0,c=false/false,a=IDLE,uri=null,age=0}
02:56:42.163 [qtp782228073-62] DEBUG org.eclipse.jetty.io.ssl.SslConnection - onFillable SslConnection@5f7110af::SocketChannelEndPoint@5ab4848f{l=/127.0.0.1:40197,r=/127.0.0.1:33996,OPEN,fill=-,flush=-,to=4/30000}{io=0/0,kio=0,kro=1}->SslConnection@5f7110af{NEED_UNWRAP,eio=-1/-1,di=-1,fill=INTERESTED,flush=IDLE}~>DecryptedEndPoint@3a9b7bc0{l=/127.0.0.1:40197,r=/127.0.0.1:33996,OPEN,fill=FI,flush=-,to=5/30000}=>HttpConnection@7c979e15[p=HttpParser{s=START,0 of -1},g=HttpGenerator@3ed525fa{s=START}]=>HttpChannelOverHttp@6b249db5{s=HttpChannelState@44751f3d{s=IDLE rs=BLOCKING os=OPEN is=IDLE awp=false se=false i=true al=0},r=0,c=false/false,a=IDLE,uri=null,age=0}
02:56:42.163 [qtp782228073-62] DEBUG org.eclipse.jetty.io.FillInterest - fillable FillInterest@7ef26303{AC.ReadCB@7c979e15{HttpConnection@7c979e15::DecryptedEndPoint@3a9b7bc0{l=/127.0.0.1:40197,r=/127.0.0.1:33996,OPEN,fill=FI,flush=-,to=5/30000}}}
02:56:42.164 [qtp782228073-62] DEBUG org.eclipse.jetty.server.HttpConnection - HttpConnection@7c979e15::DecryptedEndPoint@3a9b7bc0{l=/127.0.0.1:40197,r=/127.0.0.1:33996,OPEN,fill=-,flush=-,to=5/30000} onFillable enter HttpChannelState@44751f3d{s=IDLE rs=BLOCKING os=OPEN is=IDLE awp=false se=false i=true al=0} null
02:56:42.164 [qtp782228073-62] DEBUG org.eclipse.jetty.io.ssl.SslConnection - >fill SslConnection@5f7110af::SocketChannelEndPoint@5ab4848f{l=/127.0.0.1:40197,r=/127.0.0.1:33996,OPEN,fill=-,flush=-,to=5/30000}{io=0/0,kio=0,kro=1}->SslConnection@5f7110af{NEED_UNWRAP,eio=-1/-1,di=-1,fill=IDLE,flush=IDLE}~>DecryptedEndPoint@3a9b7bc0{l=/127.0.0.1:40197,r=/127.0.0.1:33996,OPEN,fill=-,flush=-,to=5/30000}=>HttpConnection@7c979e15[p=HttpParser{s=START,0 of -1},g=HttpGenerator@3ed525fa{s=START}]=>HttpChannelOverHttp@6b249db5{s=HttpChannelState@44751f3d{s=IDLE rs=BLOCKING os=OPEN is=IDLE awp=false se=false i=true al=0},r=0,c=false/false,a=IDLE,uri=null,age=0}
02:56:42.164 [qtp782228073-62] DEBUG org.eclipse.jetty.io.ssl.SslConnection - fill NEED_UNWRAP
02:56:42.164 [qtp782228073-62] DEBUG org.eclipse.jetty.io.ChannelEndPoint - filled 6 HeapByteBuffer@740a9f9e[p=0,l=6,c=17408,r=6]={<<<\x14\x03\x03\x00\x01\x01>>>\xB7T\xB4B\x17\xD0\x94\xD5\x92...\x00\x00\x00\x00\x00\x00\x00}
02:56:42.164 [qtp782228073-62] DEBUG org.eclipse.jetty.io.ssl.SslConnection - net filled=6
02:56:42.164 [qtp782228073-62] DEBUG org.eclipse.jetty.io.ssl.SslConnection - unwrap net_filled=6 Status = OK HandshakeStatus = NEED_UNWRAP bytesConsumed = 6 bytesProduced = 0 encryptedBuffer=[p=6,l=6,c=17408,r=0] unwrapBuffer=HeapByteBuffer@7acd6f6f[p=0,l=0,c=17408,r=0]={<<<>>>\x16\x03\x03\x01N\x01\x00\x01J...\x00\x00\x00\x00\x00\x00\x00} appBuffer=HeapByteBuffer@7acd6f6f[p=0,l=0,c=17408,r=0]={<<<>>>\x16\x03\x03\x01N\x01\x00\x01J...\x00\x00\x00\x00\x00\x00\x00}
02:56:42.164 [qtp782228073-62] DEBUG org.eclipse.jetty.io.ssl.SslConnection - fill NEED_UNWRAP
02:56:42.164 [qtp782228073-62] DEBUG org.eclipse.jetty.io.ChannelEndPoint - filled 0 HeapByteBuffer@740a9f9e[p=0,l=0,c=17408,r=0]={<<<>>>\x14\x03\x03\x00\x01\x01\xB7T\xB4...\x00\x00\x00\x00\x00\x00\x00}
02:56:42.164 [qtp782228073-62] DEBUG org.eclipse.jetty.io.ssl.SslConnection - net filled=0
02:56:42.164 [qtp782228073-62] DEBUG org.eclipse.jetty.io.ssl.SslConnection - unwrap net_filled=0 Status = BUFFER_UNDERFLOW HandshakeStatus = NEED_UNWRAP bytesConsumed = 0 bytesProduced = 0 encryptedBuffer=[p=0,l=0,c=17408,r=0] unwrapBuffer=HeapByteBuffer@7acd6f6f[p=0,l=0,c=17408,r=0]={<<<>>>\x16\x03\x03\x01N\x01\x00\x01J...\x00\x00\x00\x00\x00\x00\x00} appBuffer=HeapByteBuffer@7acd6f6f[p=0,l=0,c=17408,r=0]={<<<>>>\x16\x03\x03\x01N\x01\x00\x01J...\x00\x00\x00\x00\x00\x00\x00}
02:56:42.164 [qtp782228073-62] DEBUG org.eclipse.jetty.io.ssl.SslConnection - <fill f=0 uf=true SslConnection@5f7110af::SocketChannelEndPoint@5ab4848f{l=/127.0.0.1:40197,r=/127.0.0.1:33996,OPEN,fill=-,flush=-,to=0/30000}{io=0/0,kio=0,kro=1}->SslConnection@5f7110af{NEED_UNWRAP,eio=-1/-1,di=-1,fill=IDLE,flush=IDLE}~>DecryptedEndPoint@3a9b7bc0{l=/127.0.0.1:40197,r=/127.0.0.1:33996,OPEN,fill=-,flush=-,to=6/30000}=>HttpConnection@7c979e15[p=HttpParser{s=START,0 of -1},g=HttpGenerator@3ed525fa{s=START}]=>HttpChannelOverHttp@6b249db5{s=HttpChannelState@44751f3d{s=IDLE rs=BLOCKING os=OPEN is=IDLE awp=false se=false i=true al=0},r=0,c=false/false,a=IDLE,uri=null,age=0}
02:56:42.164 [qtp782228073-62] DEBUG org.eclipse.jetty.io.ssl.SslConnection - >fill SslConnection@5f7110af::SocketChannelEndPoint@5ab4848f{l=/127.0.0.1:40197,r=/127.0.0.1:33996,OPEN,fill=-,flush=-,to=0/30000}{io=0/0,kio=0,kro=1}->SslConnection@5f7110af{NEED_UNWRAP,eio=-1/-1,di=-1,fill=IDLE,flush=IDLE}~>DecryptedEndPoint@3a9b7bc0{l=/127.0.0.1:40197,r=/127.0.0.1:33996,OPEN,fill=-,flush=-,to=6/30000}=>HttpConnection@7c979e15[p=HttpParser{s=START,0 of -1},g=HttpGenerator@3ed525fa{s=START}]=>HttpChannelOverHttp@6b249db5{s=HttpChannelState@44751f3d{s=IDLE rs=BLOCKING os=OPEN is=IDLE awp=false se=false i=true al=0},r=0,c=false/false,a=IDLE,uri=null,age=0}
02:56:42.165 [qtp782228073-62] DEBUG org.eclipse.jetty.io.ssl.SslConnection - fill NEED_UNWRAP
02:56:42.165 [qtp782228073-62] DEBUG org.eclipse.jetty.io.ChannelEndPoint - filled 0 HeapByteBuffer@1b26ebdb[p=0,l=0,c=17408,r=0]={<<<>>>GET / HTT...\x00\x00\x00\x00\x00\x00\x00}
02:56:42.165 [qtp782228073-62] DEBUG org.eclipse.jetty.io.ssl.SslConnection - net filled=0
02:56:42.165 [qtp782228073-62] DEBUG org.eclipse.jetty.io.ssl.SslConnection - unwrap net_filled=0 Status = BUFFER_UNDERFLOW HandshakeStatus = NEED_UNWRAP bytesConsumed = 0 bytesProduced = 0 encryptedBuffer=[p=0,l=0,c=17408,r=0] unwrapBuffer=HeapByteBuffer@7acd6f6f[p=0,l=0,c=17408,r=0]={<<<>>>\x16\x03\x03\x01N\x01\x00\x01J...\x00\x00\x00\x00\x00\x00\x00} appBuffer=HeapByteBuffer@7acd6f6f[p=0,l=0,c=17408,r=0]={<<<>>>\x16\x03\x03\x01N\x01\x00\x01J...\x00\x00\x00\x00\x00\x00\x00}
02:56:42.165 [qtp782228073-62] DEBUG org.eclipse.jetty.io.ssl.SslConnection - <fill f=0 uf=true SslConnection@5f7110af::SocketChannelEndPoint@5ab4848f{l=/127.0.0.1:40197,r=/127.0.0.1:33996,OPEN,fill=-,flush=-,to=0/30000}{io=0/0,kio=0,kro=1}->SslConnection@5f7110af{NEED_UNWRAP,eio=-1/-1,di=-1,fill=IDLE,flush=IDLE}~>DecryptedEndPoint@3a9b7bc0{l=/127.0.0.1:40197,r=/127.0.0.1:33996,OPEN,fill=-,flush=-,to=6/30000}=>HttpConnection@7c979e15[p=HttpParser{s=START,0 of -1},g=HttpGenerator@3ed525fa{s=START}]=>HttpChannelOverHttp@6b249db5{s=HttpChannelState@44751f3d{s=IDLE rs=BLOCKING os=OPEN is=IDLE awp=false se=false i=true al=0},r=0,c=false/false,a=IDLE,uri=null,age=0}
02:56:42.165 [qtp782228073-62] DEBUG org.eclipse.jetty.server.HttpConnection - HttpConnection@7c979e15::DecryptedEndPoint@3a9b7bc0{l=/127.0.0.1:40197,r=/127.0.0.1:33996,OPEN,fill=-,flush=-,to=6/30000} filled 0 HeapByteBuffer@7acd6f6f[p=0,l=0,c=17408,r=0]={<<<>>>\x16\x03\x03\x01N\x01\x00\x01J...\x00\x00\x00\x00\x00\x00\x00}
02:56:42.165 [qtp782228073-62] DEBUG org.eclipse.jetty.server.HttpConnection - HttpConnection@7c979e15::DecryptedEndPoint@3a9b7bc0{l=/127.0.0.1:40197,r=/127.0.0.1:33996,OPEN,fill=-,flush=-,to=6/30000} parse HeapByteBuffer@7acd6f6f[p=0,l=0,c=17408,r=0]={<<<>>>\x16\x03\x03\x01N\x01\x00\x01J...\x00\x00\x00\x00\x00\x00\x00} {}
02:56:42.165 [qtp782228073-62] DEBUG org.eclipse.jetty.http.HttpParser - parseNext s=START HeapByteBuffer@7acd6f6f[p=0,l=0,c=17408,r=0]={<<<>>>\x16\x03\x03\x01N\x01\x00\x01J...\x00\x00\x00\x00\x00\x00\x00}
02:56:42.165 [qtp782228073-62] DEBUG org.eclipse.jetty.server.HttpConnection - HttpConnection@7c979e15::DecryptedEndPoint@3a9b7bc0{l=/127.0.0.1:40197,r=/127.0.0.1:33996,OPEN,fill=-,flush=-,to=6/30000} parsed false HttpParser{s=START,0 of -1}
02:56:42.165 [qtp782228073-62] DEBUG org.eclipse.jetty.server.HttpConnection - releaseRequestBuffer HttpConnection@7c979e15::DecryptedEndPoint@3a9b7bc0{l=/127.0.0.1:40197,r=/127.0.0.1:33996,OPEN,fill=-,flush=-,to=6/30000}
02:56:42.165 [qtp782228073-62] DEBUG org.eclipse.jetty.io.AbstractConnection - fillInterested HttpConnection@7c979e15::DecryptedEndPoint@3a9b7bc0{l=/127.0.0.1:40197,r=/127.0.0.1:33996,OPEN,fill=-,flush=-,to=6/30000}
02:56:42.165 [qtp782228073-62] DEBUG org.eclipse.jetty.io.FillInterest - interested FillInterest@7ef26303{AC.ReadCB@7c979e15{HttpConnection@7c979e15::DecryptedEndPoint@3a9b7bc0{l=/127.0.0.1:40197,r=/127.0.0.1:33996,OPEN,fill=FI,flush=-,to=0/30000}}}
02:56:42.165 [qtp782228073-62] DEBUG org.eclipse.jetty.io.ssl.SslConnection - >needFillInterest s=IDLE/IDLE uf=true ei=null di=null SslConnection@5f7110af::SocketChannelEndPoint@5ab4848f{l=/127.0.0.1:40197,r=/127.0.0.1:33996,OPEN,fill=-,flush=-,to=0/30000}{io=0/0,kio=0,kro=1}->SslConnection@5f7110af{NEED_UNWRAP,eio=-1/-1,di=-1,fill=IDLE,flush=IDLE}~>DecryptedEndPoint@3a9b7bc0{l=/127.0.0.1:40197,r=/127.0.0.1:33996,OPEN,fill=FI,flush=-,to=0/30000}=>HttpConnection@7c979e15[p=HttpParser{s=START,0 of -1},g=HttpGenerator@3ed525fa{s=START}]=>HttpChannelOverHttp@6b249db5{s=HttpChannelState@44751f3d{s=IDLE rs=BLOCKING os=OPEN is=IDLE awp=false se=false i=true al=0},r=0,c=false/false,a=IDLE,uri=null,age=0}
02:56:42.165 [qtp782228073-62] DEBUG org.eclipse.jetty.io.ssl.SslConnection - <needFillInterest s=IDLE/INTERESTED f=false i=true w=null
02:56:42.165 [qtp782228073-62] DEBUG org.eclipse.jetty.io.ssl.SslConnection - ensureFillInterested SslConnection@5f7110af::SocketChannelEndPoint@5ab4848f{l=/127.0.0.1:40197,r=/127.0.0.1:33996,OPEN,fill=-,flush=-,to=0/30000}{io=0/0,kio=0,kro=1}->SslConnection@5f7110af{NEED_UNWRAP,eio=-1/-1,di=-1,fill=INTERESTED,flush=IDLE}~>DecryptedEndPoint@3a9b7bc0{l=/127.0.0.1:40197,r=/127.0.0.1:33996,OPEN,fill=FI,flush=-,to=0/30000}=>HttpConnection@7c979e15[p=HttpParser{s=START,0 of -1},g=HttpGenerator@3ed525fa{s=START}]=>HttpChannelOverHttp@6b249db5{s=HttpChannelState@44751f3d{s=IDLE rs=BLOCKING os=OPEN is=IDLE awp=false se=false i=true al=0},r=0,c=false/false,a=IDLE,uri=null,age=0}
02:56:42.165 [qtp782228073-62] DEBUG org.eclipse.jetty.io.FillInterest - interested FillInterest@4633c09f{SSLC.NBReadCB@5f7110af{SslConnection@5f7110af::SocketChannelEndPoint@5ab4848f{l=/127.0.0.1:40197,r=/127.0.0.1:33996,OPEN,fill=FI,flush=-,to=0/30000}{io=0/0,kio=0,kro=1}->SslConnection@5f7110af{NEED_UNWRAP,eio=-1/-1,di=-1,fill=INTERESTED,flush=IDLE}~>DecryptedEndPoint@3a9b7bc0{l=/127.0.0.1:40197,r=/127.0.0.1:33996,OPEN,fill=FI,flush=-,to=0/30000}=>HttpConnection@7c979e15[p=HttpParser{s=START,0 of -1},g=HttpGenerator@3ed525fa{s=START}]=>HttpChannelOverHttp@6b249db5{s=HttpChannelState@44751f3d{s=IDLE rs=BLOCKING os=OPEN is=IDLE awp=false se=false i=true al=0},r=0,c=false/false,a=IDLE,uri=null,age=0}}}
02:56:42.165 [qtp782228073-62] DEBUG org.eclipse.jetty.io.ChannelEndPoint - changeInterests p=false 0->1 for SocketChannelEndPoint@5ab4848f{l=/127.0.0.1:40197,r=/127.0.0.1:33996,OPEN,fill=FI,flush=-,to=0/30000}{io=0/1,kio=0,kro=1}->SslConnection@5f7110af{NEED_UNWRAP,eio=-1/-1,di=-1,fill=INTERESTED,flush=IDLE}~>DecryptedEndPoint@3a9b7bc0{l=/127.0.0.1:40197,r=/127.0.0.1:33996,OPEN,fill=FI,flush=-,to=0/30000}=>HttpConnection@7c979e15[p=HttpParser{s=START,0 of -1},g=HttpGenerator@3ed525fa{s=START}]=>HttpChannelOverHttp@6b249db5{s=HttpChannelState@44751f3d{s=IDLE rs=BLOCKING os=OPEN is=IDLE awp=false se=false i=true al=0},r=0,c=false/false,a=IDLE,uri=null,age=0}
02:56:42.165 [qtp782228073-62] DEBUG org.eclipse.jetty.io.ManagedSelector - Queued change lazy=false org.eclipse.jetty.io.ChannelEndPoint$$Lambda$255/899789472@1110449e on ManagedSelector@19553973{STARTED} id=3 keys=1 selected=0 updates=0
02:56:42.165 [qtp782228073-62] DEBUG org.eclipse.jetty.io.ManagedSelector - Wakeup on submit ManagedSelector@19553973{STARTED} id=3 keys=1 selected=0 updates=1
02:56:42.165 [qtp782228073-62] DEBUG org.eclipse.jetty.server.HttpConnection - HttpConnection@7c979e15::DecryptedEndPoint@3a9b7bc0{l=/127.0.0.1:40197,r=/127.0.0.1:33996,OPEN,fill=FI,flush=-,to=0/30000} onFillable exit HttpChannelState@44751f3d{s=IDLE rs=BLOCKING os=OPEN is=IDLE awp=false se=false i=true al=0} null
02:56:42.165 [qtp782228073-55] DEBUG org.eclipse.jetty.io.ManagedSelector - Selector sun.nio.ch.EPollSelectorImpl@38358409 woken with none selected
02:56:42.165 [qtp782228073-55] DEBUG org.eclipse.jetty.io.ManagedSelector - Selector sun.nio.ch.EPollSelectorImpl@38358409 woken up from select, 0/0/1 selected
02:56:42.165 [qtp782228073-55] DEBUG org.eclipse.jetty.io.ManagedSelector - Selector sun.nio.ch.EPollSelectorImpl@38358409 processing 0 keys, 1 updates
02:56:42.165 [qtp782228073-55] DEBUG org.eclipse.jetty.io.ManagedSelector - updateable 1
02:56:42.165 [qtp782228073-55] DEBUG org.eclipse.jetty.io.ManagedSelector - update org.eclipse.jetty.io.ChannelEndPoint$$Lambda$255/899789472@1110449e
02:56:42.165 [qtp782228073-62] DEBUG org.eclipse.jetty.io.ssl.SslConnection - <c.onFillable SslConnection@5f7110af::SocketChannelEndPoint@5ab4848f{l=/127.0.0.1:40197,r=/127.0.0.1:33996,OPEN,fill=FI,flush=-,to=0/30000}{io=0/1,kio=0,kro=1}->SslConnection@5f7110af{NEED_UNWRAP,eio=-1/-1,di=-1,fill=INTERESTED,flush=IDLE}~>DecryptedEndPoint@3a9b7bc0{l=/127.0.0.1:40197,r=/127.0.0.1:33996,OPEN,fill=FI,flush=-,to=0/30000}=>HttpConnection@7c979e15[p=HttpParser{s=START,0 of -1},g=HttpGenerator@3ed525fa{s=START}]=>HttpChannelOverHttp@6b249db5{s=HttpChannelState@44751f3d{s=IDLE rs=BLOCKING os=OPEN is=IDLE awp=false se=false i=true al=0},r=0,c=false/false,a=IDLE,uri=null,age=0}
02:56:42.165 [qtp782228073-62] DEBUG org.eclipse.jetty.util.thread.ReservedThreadExecutor - ReservedThread@404ae0d7{RUNNING,thread=Thread[qtp782228073-62,5,main]} was=RUNNING next=RESERVED size=0+2 capacity=8
02:56:42.165 [qtp782228073-62] DEBUG org.eclipse.jetty.util.thread.ReservedThreadExecutor - ReservedThread@404ae0d7{RESERVED,thread=Thread[qtp782228073-62,5,main]} waiting ReservedThreadExecutor@47a5b70d{reserved=2/8,pending=0}
02:56:42.165 [qtp782228073-55] DEBUG org.eclipse.jetty.io.ChannelEndPoint - Key interests updated 0 -> 1 on SocketChannelEndPoint@5ab4848f{l=/127.0.0.1:40197,r=/127.0.0.1:33996,OPEN,fill=FI,flush=-,to=0/30000}{io=1/1,kio=1,kro=1}->SslConnection@5f7110af{NEED_UNWRAP,eio=-1/-1,di=-1,fill=INTERESTED,flush=IDLE}~>DecryptedEndPoint@3a9b7bc0{l=/127.0.0.1:40197,r=/127.0.0.1:33996,OPEN,fill=FI,flush=-,to=0/30000}=>HttpConnection@7c979e15[p=HttpParser{s=START,0 of -1},g=HttpGenerator@3ed525fa{s=START}]=>HttpChannelOverHttp@6b249db5{s=HttpChannelState@44751f3d{s=IDLE rs=BLOCKING os=OPEN is=IDLE awp=false se=false i=true al=0},r=0,c=false/false,a=IDLE,uri=null,age=0}
02:56:42.165 [qtp782228073-55] DEBUG org.eclipse.jetty.io.ManagedSelector - updates 0
02:56:42.166 [qtp782228073-55] DEBUG org.eclipse.jetty.io.ManagedSelector - Selector sun.nio.ch.EPollSelectorImpl@38358409 waiting with 1 keys
02:56:42.205 [qtp782228073-55] DEBUG org.eclipse.jetty.io.ManagedSelector - Selector sun.nio.ch.EPollSelectorImpl@38358409 woken up from select, 1/1/1 selected
02:56:42.205 [qtp782228073-55] DEBUG org.eclipse.jetty.io.ManagedSelector - Selector sun.nio.ch.EPollSelectorImpl@38358409 processing 1 keys, 0 updates
02:56:42.205 [qtp782228073-55] DEBUG org.eclipse.jetty.io.ManagedSelector - selected 1 sun.nio.ch.SelectionKeyImpl@36f26d7f SocketChannelEndPoint@5ab4848f{l=/127.0.0.1:40197,r=/127.0.0.1:33996,OPEN,fill=FI,flush=-,to=39/30000}{io=1/1,kio=1,kro=1}->SslConnection@5f7110af{NEED_UNWRAP,eio=-1/-1,di=-1,fill=INTERESTED,flush=IDLE}~>DecryptedEndPoint@3a9b7bc0{l=/127.0.0.1:40197,r=/127.0.0.1:33996,OPEN,fill=FI,flush=-,to=39/30000}=>HttpConnection@7c979e15[p=HttpParser{s=START,0 of -1},g=HttpGenerator@3ed525fa{s=START}]=>HttpChannelOverHttp@6b249db5{s=HttpChannelState@44751f3d{s=IDLE rs=BLOCKING os=OPEN is=IDLE awp=false se=false i=true al=0},r=0,c=false/false,a=IDLE,uri=null,age=0} 
02:56:42.205 [qtp782228073-55] DEBUG org.eclipse.jetty.io.ChannelEndPoint - onSelected 1->0 r=true w=false for SocketChannelEndPoint@5ab4848f{l=/127.0.0.1:40197,r=/127.0.0.1:33996,OPEN,fill=FI,flush=-,to=39/30000}{io=1/0,kio=1,kro=1}->SslConnection@5f7110af{NEED_UNWRAP,eio=-1/-1,di=-1,fill=INTERESTED,flush=IDLE}~>DecryptedEndPoint@3a9b7bc0{l=/127.0.0.1:40197,r=/127.0.0.1:33996,OPEN,fill=FI,flush=-,to=40/30000}=>HttpConnection@7c979e15[p=HttpParser{s=START,0 of -1},g=HttpGenerator@3ed525fa{s=START}]=>HttpChannelOverHttp@6b249db5{s=HttpChannelState@44751f3d{s=IDLE rs=BLOCKING os=OPEN is=IDLE awp=false se=false i=true al=0},r=0,c=false/false,a=IDLE,uri=null,age=0}
02:56:42.205 [qtp782228073-55] DEBUG org.eclipse.jetty.io.ChannelEndPoint - task CEP:SocketChannelEndPoint@5ab4848f{l=/127.0.0.1:40197,r=/127.0.0.1:33996,OPEN,fill=FI,flush=-,to=39/30000}{io=1/0,kio=1,kro=1}->SslConnection@5f7110af{NEED_UNWRAP,eio=-1/-1,di=-1,fill=INTERESTED,flush=IDLE}~>DecryptedEndPoint@3a9b7bc0{l=/127.0.0.1:40197,r=/127.0.0.1:33996,OPEN,fill=FI,flush=-,to=40/30000}=>HttpConnection@7c979e15[p=HttpParser{s=START,0 of -1},g=HttpGenerator@3ed525fa{s=START}]=>HttpChannelOverHttp@6b249db5{s=HttpChannelState@44751f3d{s=IDLE rs=BLOCKING os=OPEN is=IDLE awp=false se=false i=true al=0},r=0,c=false/false,a=IDLE,uri=null,age=0}:runFillable:BLOCKING
02:56:42.205 [qtp782228073-55] DEBUG org.eclipse.jetty.util.thread.ReservedThreadExecutor - ReservedThreadExecutor@47a5b70d{reserved=2/8,pending=0} tryExecute EatWhatYouKill@47a86fbb/SelectorProducer@f478a81/PRODUCING/p=false/QueuedThreadPool[qtp782228073]@2e9fda69{STARTED,8<=8<=200,i=1,r=-1,q=0}[ReservedThreadExecutor@47a5b70d{reserved=2/8,pending=0}][pc=0,pic=0,pec=0,epc=2]@2024-05-02T02:56:42.205+01:00
02:56:42.205 [qtp782228073-55] DEBUG org.eclipse.jetty.util.thread.strategy.EatWhatYouKill - EatWhatYouKill@47a86fbb/SelectorProducer@f478a81/IDLE/p=true/QueuedThreadPool[qtp782228073]@2e9fda69{STARTED,8<=8<=200,i=1,r=-1,q=0}[ReservedThreadExecutor@47a5b70d{reserved=1/8,pending=0}][pc=0,pic=0,pec=0,epc=2]@2024-05-02T02:56:42.205+01:00 m=EXECUTE_PRODUCE_CONSUME t=CEP:SocketChannelEndPoint@5ab4848f{l=/127.0.0.1:40197,r=/127.0.0.1:33996,OPEN,fill=FI,flush=-,to=40/30000}{io=1/0,kio=1,kro=1}->SslConnection@5f7110af{NEED_UNWRAP,eio=-1/-1,di=-1,fill=INTERESTED,flush=IDLE}~>DecryptedEndPoint@3a9b7bc0{l=/127.0.0.1:40197,r=/127.0.0.1:33996,OPEN,fill=FI,flush=-,to=40/30000}=>HttpConnection@7c979e15[p=HttpParser{s=START,0 of -1},g=HttpGenerator@3ed525fa{s=START}]=>HttpChannelOverHttp@6b249db5{s=HttpChannelState@44751f3d{s=IDLE rs=BLOCKING os=OPEN is=IDLE awp=false se=false i=true al=0},r=0,c=false/false,a=IDLE,uri=null,age=0}:runFillable:BLOCKING/BLOCKING
02:56:42.205 [qtp782228073-62] DEBUG org.eclipse.jetty.util.thread.ReservedThreadExecutor - ReservedThread@404ae0d7{RESERVED,thread=Thread[qtp782228073-62,5,main]} task=EatWhatYouKill@47a86fbb/SelectorProducer@f478a81/IDLE/p=true/QueuedThreadPool[qtp782228073]@2e9fda69{STARTED,8<=8<=200,i=1,r=-1,q=0}[ReservedThreadExecutor@47a5b70d{reserved=1/8,pending=0}][pc=0,pic=0,pec=0,epc=2]@2024-05-02T02:56:42.205+01:00 ReservedThreadExecutor@47a5b70d{reserved=1/8,pending=0}
02:56:42.205 [qtp782228073-55] DEBUG org.eclipse.jetty.io.FillInterest - fillable FillInterest@4633c09f{SSLC.NBReadCB@5f7110af{SslConnection@5f7110af::SocketChannelEndPoint@5ab4848f{l=/127.0.0.1:40197,r=/127.0.0.1:33996,OPEN,fill=FI,flush=-,to=40/30000}{io=1/0,kio=1,kro=1}->SslConnection@5f7110af{NEED_UNWRAP,eio=-1/-1,di=-1,fill=INTERESTED,flush=IDLE}~>DecryptedEndPoint@3a9b7bc0{l=/127.0.0.1:40197,r=/127.0.0.1:33996,OPEN,fill=FI,flush=-,to=40/30000}=>HttpConnection@7c979e15[p=HttpParser{s=START,0 of -1},g=HttpGenerator@3ed525fa{s=START}]=>HttpChannelOverHttp@6b249db5{s=HttpChannelState@44751f3d{s=IDLE rs=BLOCKING os=OPEN is=IDLE awp=false se=false i=true al=0},r=0,c=false/false,a=IDLE,uri=null,age=0}}}
02:56:42.205 [qtp782228073-62] DEBUG org.eclipse.jetty.util.thread.strategy.EatWhatYouKill - EatWhatYouKill@47a86fbb/SelectorProducer@f478a81/IDLE/p=true/QueuedThreadPool[qtp782228073]@2e9fda69{STARTED,8<=8<=200,i=1,r=-1,q=0}[ReservedThreadExecutor@47a5b70d{reserved=1/8,pending=0}][pc=0,pic=0,pec=0,epc=3]@2024-05-02T02:56:42.205+01:00 tryProduce true
02:56:42.205 [qtp782228073-62] DEBUG org.eclipse.jetty.io.ManagedSelector - updateable 0
02:56:42.206 [qtp782228073-62] DEBUG org.eclipse.jetty.io.ManagedSelector - updates 0
02:56:42.206 [qtp782228073-55] DEBUG org.eclipse.jetty.io.ssl.SslConnection - >c.onFillable SslConnection@5f7110af::SocketChannelEndPoint@5ab4848f{l=/127.0.0.1:40197,r=/127.0.0.1:33996,OPEN,fill=-,flush=-,to=40/30000}{io=1/0,kio=1,kro=1}->SslConnection@5f7110af{NEED_UNWRAP,eio=-1/-1,di=-1,fill=INTERESTED,flush=IDLE}~>DecryptedEndPoint@3a9b7bc0{l=/127.0.0.1:40197,r=/127.0.0.1:33996,OPEN,fill=FI,flush=-,to=40/30000}=>HttpConnection@7c979e15[p=HttpParser{s=START,0 of -1},g=HttpGenerator@3ed525fa{s=START}]=>HttpChannelOverHttp@6b249db5{s=HttpChannelState@44751f3d{s=IDLE rs=BLOCKING os=OPEN is=IDLE awp=false se=false i=true al=0},r=0,c=false/false,a=IDLE,uri=null,age=0}
02:56:42.206 [qtp782228073-62] DEBUG org.eclipse.jetty.io.ChannelEndPoint - Key interests updated 1 -> 0 on SocketChannelEndPoint@5ab4848f{l=/127.0.0.1:40197,r=/127.0.0.1:33996,OPEN,fill=-,flush=-,to=40/30000}{io=0/0,kio=0,kro=1}->SslConnection@5f7110af{NEED_UNWRAP,eio=-1/-1,di=-1,fill=INTERESTED,flush=IDLE}~>DecryptedEndPoint@3a9b7bc0{l=/127.0.0.1:40197,r=/127.0.0.1:33996,OPEN,fill=FI,flush=-,to=40/30000}=>HttpConnection@7c979e15[p=HttpParser{s=START,0 of -1},g=HttpGenerator@3ed525fa{s=START}]=>HttpChannelOverHttp@6b249db5{s=HttpChannelState@44751f3d{s=IDLE rs=BLOCKING os=OPEN is=IDLE awp=false se=false i=true al=0},r=0,c=false/false,a=IDLE,uri=null,age=0}
02:56:42.206 [qtp782228073-55] DEBUG org.eclipse.jetty.io.ssl.SslConnection - onFillable SslConnection@5f7110af::SocketChannelEndPoint@5ab4848f{l=/127.0.0.1:40197,r=/127.0.0.1:33996,OPEN,fill=-,flush=-,to=40/30000}{io=0/0,kio=0,kro=1}->SslConnection@5f7110af{NEED_UNWRAP,eio=-1/-1,di=-1,fill=INTERESTED,flush=IDLE}~>DecryptedEndPoint@3a9b7bc0{l=/127.0.0.1:40197,r=/127.0.0.1:33996,OPEN,fill=FI,flush=-,to=40/30000}=>HttpConnection@7c979e15[p=HttpParser{s=START,0 of -1},g=HttpGenerator@3ed525fa{s=START}]=>HttpChannelOverHttp@6b249db5{s=HttpChannelState@44751f3d{s=IDLE rs=BLOCKING os=OPEN is=IDLE awp=false se=false i=true al=0},r=0,c=false/false,a=IDLE,uri=null,age=0}
02:56:42.206 [qtp782228073-62] DEBUG org.eclipse.jetty.io.ManagedSelector - Selector sun.nio.ch.EPollSelectorImpl@38358409 waiting with 1 keys
02:56:42.206 [qtp782228073-55] DEBUG org.eclipse.jetty.io.FillInterest - fillable FillInterest@7ef26303{AC.ReadCB@7c979e15{HttpConnection@7c979e15::DecryptedEndPoint@3a9b7bc0{l=/127.0.0.1:40197,r=/127.0.0.1:33996,OPEN,fill=FI,flush=-,to=40/30000}}}
02:56:42.206 [qtp782228073-55] DEBUG org.eclipse.jetty.server.HttpConnection - HttpConnection@7c979e15::DecryptedEndPoint@3a9b7bc0{l=/127.0.0.1:40197,r=/127.0.0.1:33996,OPEN,fill=-,flush=-,to=40/30000} onFillable enter HttpChannelState@44751f3d{s=IDLE rs=BLOCKING os=OPEN is=IDLE awp=false se=false i=true al=0} null
02:56:42.206 [qtp782228073-55] DEBUG org.eclipse.jetty.io.ssl.SslConnection - >fill SslConnection@5f7110af::SocketChannelEndPoint@5ab4848f{l=/127.0.0.1:40197,r=/127.0.0.1:33996,OPEN,fill=-,flush=-,to=40/30000}{io=0/0,kio=0,kro=1}->SslConnection@5f7110af{NEED_UNWRAP,eio=-1/-1,di=-1,fill=IDLE,flush=IDLE}~>DecryptedEndPoint@3a9b7bc0{l=/127.0.0.1:40197,r=/127.0.0.1:33996,OPEN,fill=-,flush=-,to=40/30000}=>HttpConnection@7c979e15[p=HttpParser{s=START,0 of -1},g=HttpGenerator@3ed525fa{s=START}]=>HttpChannelOverHttp@6b249db5{s=HttpChannelState@44751f3d{s=IDLE rs=BLOCKING os=OPEN is=IDLE awp=false se=false i=true al=0},r=0,c=false/false,a=IDLE,uri=null,age=0}
02:56:42.206 [qtp782228073-55] DEBUG org.eclipse.jetty.io.ssl.SslConnection - fill NEED_UNWRAP
02:56:42.206 [qtp782228073-55] DEBUG org.eclipse.jetty.io.ChannelEndPoint - filled 1491 HeapByteBuffer@1b26ebdb[p=0,l=1491,c=17408,r=1491]={<<<\x17\x03\x03\x03\xAd\xA1\x16\xC8"tm\x98p\xBe\x1fd\t\xEa\xD6\x14\xBe\x88\xD3g[...\n(\xFe\xFa&\n^x\xDe\xBe\x15\xD2N\xF5<\x82\xF7\xAa\x93\xEa\x93\x05\x96>>>\x846t\xEc\x93>y<\xCa...\x00\x00\x00\x00\x00\x00\x00}
02:56:42.206 [qtp782228073-55] DEBUG org.eclipse.jetty.io.ssl.SslConnection - net filled=1491
02:56:42.206 [qtp782228073-55] DEBUG org.eclipse.jetty.io.ssl.SslConnection - unwrap net_filled=1491 Status = OK HandshakeStatus = NEED_TASK bytesConsumed = 946 bytesProduced = 0 encryptedBuffer=[p=946,l=1491,c=17408,r=545] unwrapBuffer=HeapByteBuffer@740a9f9e[p=0,l=0,c=17408,r=0]={<<<>>>\x14\x03\x03\x00\x01\x01\xB7T\xB4...\x00\x00\x00\x00\x00\x00\x00} appBuffer=HeapByteBuffer@740a9f9e[p=0,l=0,c=17408,r=0]={<<<>>>\x14\x03\x03\x00\x01\x01\xB7T\xB4...\x00\x00\x00\x00\x00\x00\x00}
02:56:42.206 [qtp782228073-55] DEBUG org.eclipse.jetty.io.ssl.SslConnection - fill NEED_TASK
02:56:42.206 [qtp782228073-55] DEBUG org.eclipse.jetty.io.ssl.SslConnection - fill NEED_UNWRAP
02:56:42.206 [qtp782228073-55] DEBUG org.eclipse.jetty.io.ChannelEndPoint - filled 0 HeapByteBuffer@1b26ebdb[p=946,l=1491,c=17408,r=545]={\x17\x03\x03\x03\xAd\x0b\x00\x03\x88...\xD4\xD3'WK\xCd8<<<\x17\x03\x03\x01)\xA1\xE4;\xC5\x1a\xA6\xBd\xF8x\xB1\xC8O/\xA8\xE9Y\xCfU\xC4\xCd...\n(\xFe\xFa&\n^x\xDe\xBe\x15\xD2N\xF5<\x82\xF7\xAa\x93\xEa\x93\x05\x96>>>\x846t\xEc\x93>y<\xCa...\x00\x00\x00\x00\x00\x00\x00}
02:56:42.207 [qtp782228073-55] DEBUG org.eclipse.jetty.io.ssl.SslConnection - net filled=0
02:56:42.207 [qtp782228073-55] DEBUG org.eclipse.jetty.io.ssl.SslConnection - unwrap net_filled=0 Status = OK HandshakeStatus = NEED_TASK bytesConsumed = 302 bytesProduced = 0 encryptedBuffer=[p=1248,l=1491,c=17408,r=243] unwrapBuffer=HeapByteBuffer@740a9f9e[p=0,l=0,c=17408,r=0]={<<<>>>\x14\x03\x03\x00\x01\x01\xB7T\xB4...\x00\x00\x00\x00\x00\x00\x00} appBuffer=HeapByteBuffer@740a9f9e[p=0,l=0,c=17408,r=0]={<<<>>>\x14\x03\x03\x00\x01\x01\xB7T\xB4...\x00\x00\x00\x00\x00\x00\x00}
02:56:42.207 [qtp782228073-55] DEBUG org.eclipse.jetty.io.ssl.SslConnection - fill NEED_TASK
02:56:42.207 [qtp782228073-55] DEBUG org.eclipse.jetty.io.ssl.SslConnection - fill NEED_UNWRAP
02:56:42.207 [qtp782228073-55] DEBUG org.eclipse.jetty.io.ChannelEndPoint - filled 0 HeapByteBuffer@1b26ebdb[p=1248,l=1491,c=17408,r=243]={\x17\x03\x03\x03\xAd\x0b\x00\x03\x88...\xD3&\xB3\xBe(_\xA0<<<\x17\x03\x03\x00Um\x90x\xD9\xAa\xC4h/\x8e\xBd\\6\x13\xF6\x9f\xFa\xBe\x85\xD1*...\n(\xFe\xFa&\n^x\xDe\xBe\x15\xD2N\xF5<\x82\xF7\xAa\x93\xEa\x93\x05\x96>>>\x846t\xEc\x93>y<\xCa...\x00\x00\x00\x00\x00\x00\x00}
02:56:42.207 [qtp782228073-55] DEBUG org.eclipse.jetty.io.ssl.SslConnection - net filled=0
02:56:42.208 [qtp782228073-55] DEBUG org.eclipse.jetty.io.ssl.SslConnection - unwrap net_filled=0 Status = OK HandshakeStatus = NEED_WRAP bytesConsumed = 90 bytesProduced = 0 encryptedBuffer=[p=1338,l=1491,c=17408,r=153] unwrapBuffer=HeapByteBuffer@740a9f9e[p=0,l=0,c=17408,r=0]={<<<>>>\x14\x03\x03\x00\x01\x01\xB7T\xB4...\x00\x00\x00\x00\x00\x00\x00} appBuffer=HeapByteBuffer@740a9f9e[p=0,l=0,c=17408,r=0]={<<<>>>\x14\x03\x03\x00\x01\x01\xB7T\xB4...\x00\x00\x00\x00\x00\x00\x00}
02:56:42.208 [qtp782228073-55] DEBUG org.eclipse.jetty.io.ssl.SslConnection - fill NEED_WRAP
02:56:42.208 [qtp782228073-55] DEBUG org.eclipse.jetty.io.ssl.SslConnection - >flush SslConnection@5f7110af::SocketChannelEndPoint@5ab4848f{l=/127.0.0.1:40197,r=/127.0.0.1:33996,OPEN,fill=-,flush=-,to=2/30000}{io=0/0,kio=0,kro=1}->SslConnection@5f7110af{NEED_WRAP,eio=153/-1,di=-1,fill=IDLE,flush=IDLE}~>DecryptedEndPoint@3a9b7bc0{l=/127.0.0.1:40197,r=/127.0.0.1:33996,OPEN,fill=-,flush=-,to=43/30000}=>HttpConnection@7c979e15[p=HttpParser{s=START,0 of -1},g=HttpGenerator@3ed525fa{s=START}]=>HttpChannelOverHttp@6b249db5{s=HttpChannelState@44751f3d{s=IDLE rs=BLOCKING os=OPEN is=IDLE awp=false se=false i=true al=0},r=0,c=false/false,a=IDLE,uri=null,age=0}
02:56:42.208 [qtp782228073-55] DEBUG org.eclipse.jetty.io.ssl.SslConnection - flush b[0]=HeapByteBuffer@58f161d6[p=0,l=0,c=0,r=0]={<<<>>>}
02:56:42.208 [qtp782228073-55] DEBUG org.eclipse.jetty.io.ssl.SslConnection - flush NEED_WRAP
02:56:42.208 [qtp782228073-55] DEBUG org.eclipse.jetty.io.ssl.SslConnection - wrap Status = OK HandshakeStatus = FINISHED bytesConsumed = 0 bytesProduced = 88 [p=0,l=88,c=17408,r=88] ioDone=false/false
02:56:42.209 [qtp782228073-55] DEBUG org.eclipse.jetty.io.ChannelEndPoint - flushed 88 SocketChannelEndPoint@5ab4848f{l=/127.0.0.1:40197,r=/127.0.0.1:33996,OPEN,fill=-,flush=-,to=2/30000}{io=0/0,kio=0,kro=1}->SslConnection@5f7110af{NOT_HANDSHAKING,eio=153/0,di=-1,fill=IDLE,flush=IDLE}~>DecryptedEndPoint@3a9b7bc0{l=/127.0.0.1:40197,r=/127.0.0.1:33996,OPEN,fill=-,flush=-,to=43/30000}=>HttpConnection@7c979e15[p=HttpParser{s=START,0 of -1},g=HttpGenerator@3ed525fa{s=START}]=>HttpChannelOverHttp@6b249db5{s=HttpChannelState@44751f3d{s=IDLE rs=BLOCKING os=OPEN is=IDLE awp=false se=false i=true al=0},r=0,c=false/false,a=IDLE,uri=null,age=0}
02:56:42.209 [qtp782228073-55] DEBUG org.eclipse.jetty.io.ssl.SslConnection - net flushed=true, ac=true
02:56:42.209 [qtp782228073-55] DEBUG org.eclipse.jetty.io.ssl.SslConnection - handshake succeeded SslConnection@5f7110af::SocketChannelEndPoint@5ab4848f{l=/127.0.0.1:40197,r=/127.0.0.1:33996,OPEN,fill=-,flush=-,to=0/30000}{io=0/0,kio=0,kro=1}->SslConnection@5f7110af{NOT_HANDSHAKING,eio=153/0,di=-1,fill=IDLE,flush=IDLE}~>DecryptedEndPoint@3a9b7bc0{l=/127.0.0.1:40197,r=/127.0.0.1:33996,OPEN,fill=-,flush=-,to=43/30000}=>HttpConnection@7c979e15[p=HttpParser{s=START,0 of -1},g=HttpGenerator@3ed525fa{s=START}]=>HttpChannelOverHttp@6b249db5{s=HttpChannelState@44751f3d{s=IDLE rs=BLOCKING os=OPEN is=IDLE awp=false se=false i=true al=0},r=0,c=false/false,a=IDLE,uri=null,age=0} resumed server TLSv1.3/TLS_AES_256_GCM_SHA384
02:56:42.209 [qtp782228073-55] DEBUG org.eclipse.jetty.io.ssl.SslConnection - <flush true SslConnection@5f7110af::SocketChannelEndPoint@5ab4848f{l=/127.0.0.1:40197,r=/127.0.0.1:33996,OPEN,fill=-,flush=-,to=0/30000}{io=0/0,kio=0,kro=1}->SslConnection@5f7110af{NOT_HANDSHAKING,eio=153/-1,di=-1,fill=IDLE,flush=IDLE}~>DecryptedEndPoint@3a9b7bc0{l=/127.0.0.1:40197,r=/127.0.0.1:33996,OPEN,fill=-,flush=-,to=43/30000}=>HttpConnection@7c979e15[p=HttpParser{s=START,0 of -1},g=HttpGenerator@3ed525fa{s=START}]=>HttpChannelOverHttp@6b249db5{s=HttpChannelState@44751f3d{s=IDLE rs=BLOCKING os=OPEN is=IDLE awp=false se=false i=true al=0},r=0,c=false/false,a=IDLE,uri=null,age=0}
02:56:42.209 [qtp782228073-55] DEBUG org.eclipse.jetty.io.ssl.SslConnection - fill NOT_HANDSHAKING
02:56:42.209 [qtp782228073-55] DEBUG org.eclipse.jetty.io.ChannelEndPoint - filled 0 HeapByteBuffer@1b26ebdb[p=1338,l=1491,c=17408,r=153]={\x17\x03\x03\x03\xAd\x0b\x00\x03\x88...\x12F\xE1R\xAa\x01\xA7<<<\x17\x03\x03\x00\x94\x04\xBf\xBf\x81\x92]\xE8\xDfC\x1d\xAa+_e\xAb\xB1\xF7"Qc...\n(\xFe\xFa&\n^x\xDe\xBe\x15\xD2N\xF5<\x82\xF7\xAa\x93\xEa\x93\x05\x96>>>\x846t\xEc\x93>y<\xCa...\x00\x00\x00\x00\x00\x00\x00}
02:56:42.209 [qtp782228073-55] DEBUG org.eclipse.jetty.io.ssl.SslConnection - net filled=0
02:56:42.209 [qtp782228073-55] DEBUG org.eclipse.jetty.io.ssl.SslConnection - unwrap net_filled=0 Status = OK HandshakeStatus = NOT_HANDSHAKING bytesConsumed = 153 bytesProduced = 115 encryptedBuffer=[p=1491,l=1491,c=17408,r=0] unwrapBuffer=HeapByteBuffer@740a9f9e[p=0,l=115,c=17408,r=115]={<<<GET / HTTP/1.1\r\nHost: loc...gent: okhttp/3.12.3\r\n\r\n>>>m\x0bF\xA0\xD4\x9e\xD0b\xE9...\x00\x00\x00\x00\x00\x00\x00} appBuffer=HeapByteBuffer@740a9f9e[p=0,l=115,c=17408,r=115]={<<<GET / HTTP/1.1\r\nHost: loc...gent: okhttp/3.12.3\r\n\r\n>>>m\x0bF\xA0\xD4\x9e\xD0b\xE9...\x00\x00\x00\x00\x00\x00\x00}
02:56:42.209 [qtp782228073-55] DEBUG org.eclipse.jetty.io.ssl.SslConnection - <fill f=115 uf=false SslConnection@5f7110af::SocketChannelEndPoint@5ab4848f{l=/127.0.0.1:40197,r=/127.0.0.1:33996,OPEN,fill=-,flush=-,to=0/30000}{io=0/0,kio=0,kro=1}->SslConnection@5f7110af{NOT_HANDSHAKING,eio=-1/-1,di=-1,fill=IDLE,flush=IDLE}~>DecryptedEndPoint@3a9b7bc0{l=/127.0.0.1:40197,r=/127.0.0.1:33996,OPEN,fill=-,flush=-,to=44/30000}=>HttpConnection@7c979e15[p=HttpParser{s=START,0 of -1},g=HttpGenerator@3ed525fa{s=START}]=>HttpChannelOverHttp@6b249db5{s=HttpChannelState@44751f3d{s=IDLE rs=BLOCKING os=OPEN is=IDLE awp=false se=false i=true al=0},r=0,c=false/false,a=IDLE,uri=null,age=0}
02:56:42.209 [qtp782228073-55] DEBUG org.eclipse.jetty.server.HttpConnection - HttpConnection@7c979e15::DecryptedEndPoint@3a9b7bc0{l=/127.0.0.1:40197,r=/127.0.0.1:33996,OPEN,fill=-,flush=-,to=44/30000} filled 115 HeapByteBuffer@740a9f9e[p=0,l=115,c=17408,r=115]={<<<GET / HTTP/1.1\r\nHost: loc...gent: okhttp/3.12.3\r\n\r\n>>>m\x0bF\xA0\xD4\x9e\xD0b\xE9...\x00\x00\x00\x00\x00\x00\x00}
02:56:42.209 [qtp782228073-55] DEBUG org.eclipse.jetty.server.HttpConnection - HttpConnection@7c979e15::DecryptedEndPoint@3a9b7bc0{l=/127.0.0.1:40197,r=/127.0.0.1:33996,OPEN,fill=-,flush=-,to=44/30000} parse HeapByteBuffer@740a9f9e[p=0,l=115,c=17408,r=115]={<<<GET / HTTP/1.1\r\nHost: loc...gent: okhttp/3.12.3\r\n\r\n>>>m\x0bF\xA0\xD4\x9e\xD0b\xE9...\x00\x00\x00\x00\x00\x00\x00} {}
02:56:42.209 [qtp782228073-55] DEBUG org.eclipse.jetty.http.HttpParser - parseNext s=START HeapByteBuffer@740a9f9e[p=0,l=115,c=17408,r=115]={<<<GET / HTTP/1.1\r\nHost: loc...gent: okhttp/3.12.3\r\n\r\n>>>m\x0bF\xA0\xD4\x9e\xD0b\xE9...\x00\x00\x00\x00\x00\x00\x00}
02:56:42.209 [qtp782228073-55] DEBUG org.eclipse.jetty.http.HttpParser - START --> SPACE1
02:56:42.209 [qtp782228073-55] DEBUG org.eclipse.jetty.http.HttpParser - SPACE1 --> URI
02:56:42.209 [qtp782228073-55] DEBUG org.eclipse.jetty.http.HttpParser - URI --> SPACE2
02:56:42.209 [qtp782228073-55] DEBUG org.eclipse.jetty.http.HttpParser - SPACE2 --> REQUEST_VERSION
02:56:42.209 [qtp782228073-55] DEBUG org.eclipse.jetty.http.HttpParser - REQUEST_VERSION --> HEADER
02:56:42.209 [qtp782228073-55] DEBUG org.eclipse.jetty.http.HttpParser - HEADER:Host --> VALUE
02:56:42.209 [qtp782228073-55] DEBUG org.eclipse.jetty.http.HttpParser - HEADER:Host --> IN_VALUE
02:56:42.209 [qtp782228073-55] DEBUG org.eclipse.jetty.http.HttpParser - HEADER:Host --> FIELD
02:56:42.209 [qtp782228073-55] DEBUG org.eclipse.jetty.http.HttpParser - HEADER:Connection: keep-alive --> IN_VALUE
02:56:42.209 [qtp782228073-55] DEBUG org.eclipse.jetty.http.HttpParser - HEADER:Connection: keep-alive --> FIELD
02:56:42.209 [qtp782228073-55] DEBUG org.eclipse.jetty.http.HttpParser - HEADER:Accept-Encoding: gzip --> IN_VALUE
02:56:42.209 [qtp782228073-55] DEBUG org.eclipse.jetty.http.HttpParser - HEADER:Accept-Encoding: gzip --> FIELD
02:56:42.209 [qtp782228073-55] DEBUG org.eclipse.jetty.http.HttpParser - HEADER:User-Agent --> VALUE
02:56:42.209 [qtp782228073-55] DEBUG org.eclipse.jetty.http.HttpParser - HEADER:User-Agent --> IN_VALUE
02:56:42.209 [qtp782228073-55] DEBUG org.eclipse.jetty.http.HttpParser - HEADER:User-Agent --> FIELD
02:56:42.209 [qtp782228073-55] DEBUG org.eclipse.jetty.http.HttpParser - HEADER --> CONTENT
02:56:42.210 [qtp782228073-55] DEBUG org.eclipse.jetty.server.HttpChannel - REQUEST for //localhost:40197/ on HttpChannelOverHttp@6b249db5{s=HttpChannelState@44751f3d{s=IDLE rs=BLOCKING os=OPEN is=IDLE awp=false se=false i=true al=0},r=1,c=false/false,a=IDLE,uri=//localhost:40197/,age=0}
GET //localhost:40197/ HTTP/1.1
Host: localhost:40197
Connection: keep-alive
Accept-Encoding: gzip
User-Agent: okhttp/3.12.3


02:56:42.210 [qtp782228073-55] DEBUG org.eclipse.jetty.server.HttpConnection - HttpConnection@7c979e15::DecryptedEndPoint@3a9b7bc0{l=/127.0.0.1:40197,r=/127.0.0.1:33996,OPEN,fill=-,flush=-,to=44/30000} parsed true HttpParser{s=CONTENT,0 of -1}
02:56:42.210 [qtp782228073-55] DEBUG org.eclipse.jetty.server.HttpConnection - releaseRequestBuffer HttpConnection@7c979e15::DecryptedEndPoint@3a9b7bc0{l=/127.0.0.1:40197,r=/127.0.0.1:33996,OPEN,fill=-,flush=-,to=44/30000}
02:56:42.210 [qtp782228073-55] DEBUG org.eclipse.jetty.server.HttpChannel - handle //localhost:40197/ HttpChannelOverHttp@6b249db5{s=HttpChannelState@44751f3d{s=IDLE rs=BLOCKING os=OPEN is=IDLE awp=false se=false i=true al=0},r=1,c=false/false,a=IDLE,uri=//localhost:40197/,age=0} 
02:56:42.210 [qtp782228073-55] DEBUG org.eclipse.jetty.server.HttpChannelState - handling HttpChannelState@44751f3d{s=IDLE rs=BLOCKING os=OPEN is=IDLE awp=false se=false i=true al=0}
02:56:42.210 [qtp782228073-55] DEBUG org.eclipse.jetty.server.HttpChannel - action DISPATCH HttpChannelOverHttp@6b249db5{s=HttpChannelState@44751f3d{s=HANDLING rs=BLOCKING os=OPEN is=IDLE awp=false se=false i=true al=0},r=1,c=false/false,a=HANDLING,uri=//localhost:40197/,age=0}
02:56:42.210 [qtp782228073-55] DEBUG org.eclipse.jetty.server.SecureRequestCustomizer - Host localhost with SNI null
02:56:42.210 [qtp782228073-55] DEBUG org.eclipse.jetty.server.Server - REQUEST GET / on HttpChannelOverHttp@6b249db5{s=HttpChannelState@44751f3d{s=HANDLING rs=BLOCKING os=OPEN is=IDLE awp=false se=false i=true al=0},r=1,c=false/false,a=HANDLING,uri=https://localhost:40197/,age=0}
02:56:42.210 [qtp782228073-55] DEBUG org.eclipse.jetty.server.HttpOutput - write(array HeapByteBuffer@1dc0a294[p=0,l=4,c=512,r=4]={<<<test>>>\x00\x00\x00\x00\x00\x00\x00\x00\x00...\x00\x00\x00\x00\x00\x00\x00})
02:56:42.210 [qtp782228073-55] DEBUG org.eclipse.jetty.server.HttpOutput - write(array) s=CLOSING,api=BLOCKED,sc=false,e=null last=true agg=false flush=true async=false, len=4 null
02:56:42.210 [qtp782228073-55] DEBUG org.eclipse.jetty.server.HttpChannel - sendResponse info=null content=HeapByteBuffer@3b4e8596[p=0,l=4,c=512,r=4]={<<<test>>>\x00\x00\x00\x00\x00\x00\x00\x00\x00...\x00\x00\x00\x00\x00\x00\x00} complete=true committing=true callback=Blocker@1f897486{null}
02:56:42.210 [qtp782228073-55] DEBUG org.eclipse.jetty.server.HttpChannel - COMMIT for / on HttpChannelOverHttp@6b249db5{s=HttpChannelState@44751f3d{s=HANDLING rs=BLOCKING os=COMMITTED is=IDLE awp=false se=false i=true al=0},r=1,c=false/false,a=HANDLING,uri=https://localhost:40197/,age=0}
200 null HTTP/1.1
Date: Thu, 02 May 2024 01:56:42 GMT
ETag: testEtag
Content-Type: text/plain;charset=utf-8
Content-Length: 4


02:56:42.210 [qtp782228073-55] DEBUG org.eclipse.jetty.server.HttpConnection - generate: NEED_HEADER for SendCallback@45ef7ddc[PROCESSING][i=HTTP/1.1{s=200,h=4,cl=4},cb=org.eclipse.jetty.server.HttpChannel$SendCallback@5d23a3f7] (null,[p=0,l=4,c=512,r=4],true)@START
02:56:42.210 [qtp782228073-55] DEBUG org.eclipse.jetty.http.HttpGenerator - generateHeaders HTTP/1.1{s=200,h=4,cl=4} last=true content=HeapByteBuffer@3b4e8596[p=0,l=4,c=512,r=4]={<<<test>>>\x00\x00\x00\x00\x00\x00\x00\x00\x00...\x00\x00\x00\x00\x00\x00\x00}
02:56:42.210 [qtp782228073-55] DEBUG org.eclipse.jetty.http.HttpGenerator - Date: Thu, 02 May 2024 01:56:42 GMT
ETag: testEtag
Content-Type: text/plain;charset=utf-8
Content-Length: 4


02:56:42.210 [qtp782228073-55] DEBUG org.eclipse.jetty.http.HttpGenerator - CONTENT_LENGTH
02:56:42.210 [qtp782228073-55] DEBUG org.eclipse.jetty.server.HttpConnection - generate: FLUSH for SendCallback@45ef7ddc[PROCESSING][i=HTTP/1.1{s=200,h=4,cl=4},cb=org.eclipse.jetty.server.HttpChannel$SendCallback@5d23a3f7] ([p=0,l=164,c=8192,r=164],[p=0,l=4,c=512,r=4],true)@COMPLETING
02:56:42.210 [qtp782228073-55] DEBUG org.eclipse.jetty.io.WriteFlusher - write: WriteFlusher@120efff0{IDLE}->null [HeapByteBuffer@7bc04565[p=0,l=164,c=8192,r=164]={<<<HTTP/1.1 200 OK\r\nDate: Th...y(9.4.44.v20210927)\r\n\r\n>>>\x00\x00\x00\x00\x00\x00\x00\x00\x00...\x00\x00\x00\x00\x00\x00\x00},HeapByteBuffer@3b4e8596[p=0,l=4,c=512,r=4]={<<<test>>>\x00\x00\x00\x00\x00\x00\x00\x00\x00...\x00\x00\x00\x00\x00\x00\x00}]
02:56:42.210 [qtp782228073-55] DEBUG org.eclipse.jetty.io.WriteFlusher - update WriteFlusher@120efff0{WRITING}->null:IDLE-->WRITING
02:56:42.211 [qtp782228073-55] DEBUG org.eclipse.jetty.io.ssl.SslConnection - >flush SslConnection@5f7110af::SocketChannelEndPoint@5ab4848f{l=/127.0.0.1:40197,r=/127.0.0.1:33996,OPEN,fill=-,flush=-,to=1/30000}{io=0/0,kio=0,kro=1}->SslConnection@5f7110af{NOT_HANDSHAKING,eio=-1/-1,di=-1,fill=IDLE,flush=IDLE}~>DecryptedEndPoint@3a9b7bc0{l=/127.0.0.1:40197,r=/127.0.0.1:33996,OPEN,fill=-,flush=W,to=45/30000}=>HttpConnection@7c979e15[p=HttpParser{s=CONTENT,0 of -1},g=HttpGenerator@3ed525fa{s=COMPLETING}]=>HttpChannelOverHttp@6b249db5{s=HttpChannelState@44751f3d{s=HANDLING rs=BLOCKING os=COMMITTED is=IDLE awp=false se=false i=true al=0},r=1,c=false/false,a=HANDLING,uri=https://localhost:40197/,age=1}
02:56:42.211 [qtp782228073-55] DEBUG org.eclipse.jetty.io.ssl.SslConnection - flush b[0]=HeapByteBuffer@7bc04565[p=0,l=164,c=8192,r=164]={<<<HTTP/1.1 200 OK\r\nDate: Th...y(9.4.44.v20210927)\r\n\r\n>>>\x00\x00\x00\x00\x00\x00\x00\x00\x00...\x00\x00\x00\x00\x00\x00\x00}
02:56:42.211 [qtp782228073-55] DEBUG org.eclipse.jetty.io.ssl.SslConnection - flush b[1]=HeapByteBuffer@3b4e8596[p=0,l=4,c=512,r=4]={<<<test>>>\x00\x00\x00\x00\x00\x00\x00\x00\x00...\x00\x00\x00\x00\x00\x00\x00}
02:56:42.211 [qtp782228073-55] DEBUG org.eclipse.jetty.io.ssl.SslConnection - flush NOT_HANDSHAKING
02:56:42.211 [qtp782228073-55] DEBUG org.eclipse.jetty.io.ssl.SslConnection - wrap Status = OK HandshakeStatus = NOT_HANDSHAKING bytesConsumed = 168 bytesProduced = 206 [p=0,l=206,c=17408,r=206] ioDone=false/false
02:56:42.211 [qtp782228073-55] DEBUG org.eclipse.jetty.io.ChannelEndPoint - flushed 206 SocketChannelEndPoint@5ab4848f{l=/127.0.0.1:40197,r=/127.0.0.1:33996,OPEN,fill=-,flush=-,to=2/30000}{io=0/0,kio=0,kro=1}->SslConnection@5f7110af{NOT_HANDSHAKING,eio=-1/0,di=-1,fill=IDLE,flush=IDLE}~>DecryptedEndPoint@3a9b7bc0{l=/127.0.0.1:40197,r=/127.0.0.1:33996,OPEN,fill=-,flush=W,to=45/30000}=>HttpConnection@7c979e15[p=HttpParser{s=CONTENT,0 of -1},g=HttpGenerator@3ed525fa{s=COMPLETING}]=>HttpChannelOverHttp@6b249db5{s=HttpChannelState@44751f3d{s=HANDLING rs=BLOCKING os=COMMITTED is=IDLE awp=false se=false i=true al=0},r=1,c=false/false,a=HANDLING,uri=https://localhost:40197/,age=1}
02:56:42.211 [qtp782228073-55] DEBUG org.eclipse.jetty.io.ssl.SslConnection - net flushed=true, ac=true
02:56:42.211 [qtp782228073-55] DEBUG org.eclipse.jetty.io.ssl.SslConnection - <flush true SslConnection@5f7110af::SocketChannelEndPoint@5ab4848f{l=/127.0.0.1:40197,r=/127.0.0.1:33996,OPEN,fill=-,flush=-,to=0/30000}{io=0/0,kio=0,kro=1}->SslConnection@5f7110af{NOT_HANDSHAKING,eio=-1/-1,di=-1,fill=IDLE,flush=IDLE}~>DecryptedEndPoint@3a9b7bc0{l=/127.0.0.1:40197,r=/127.0.0.1:33996,OPEN,fill=-,flush=W,to=46/30000}=>HttpConnection@7c979e15[p=HttpParser{s=CONTENT,0 of -1},g=HttpGenerator@3ed525fa{s=COMPLETING}]=>HttpChannelOverHttp@6b249db5{s=HttpChannelState@44751f3d{s=HANDLING rs=BLOCKING os=COMMITTED is=IDLE awp=false se=false i=true al=0},r=1,c=false/false,a=HANDLING,uri=https://localhost:40197/,age=1}
02:56:42.211 [qtp782228073-55] DEBUG org.eclipse.jetty.io.WriteFlusher - Flushed=true written=168 remaining=0 WriteFlusher@120efff0{WRITING}->null
02:56:42.211 [qtp782228073-55] DEBUG org.eclipse.jetty.io.WriteFlusher - update WriteFlusher@120efff0{IDLE}->null:WRITING-->IDLE
02:56:42.211 [qtp782228073-55] DEBUG org.eclipse.jetty.server.HttpConnection - generate: DONE for SendCallback@45ef7ddc[PROCESSING][i=HTTP/1.1{s=200,h=4,cl=4},cb=org.eclipse.jetty.server.HttpChannel$SendCallback@5d23a3f7] ([p=164,l=164,c=8192,r=0],[p=4,l=4,c=512,r=0],true)@END
02:56:42.211 [main] DEBUG org.apache.nifi.minifi.bootstrap.configuration.ingestors.PullHttpChangeIngestor - Response received: Response{protocol=http/1.1, code=200, message=OK, url=https://localhost:40197/}
02:56:42.211 [qtp782228073-55] DEBUG org.eclipse.jetty.server.HttpOutput - onWriteComplete(true,null) s=CLOSING,api=BLOCKED,sc=false,e=null->s=CLOSED,api=BLOCKING,sc=false,e=null c=null cb=null w=false
02:56:42.211 [qtp782228073-55] DEBUG org.eclipse.jetty.server.HttpOutput - close() s=CLOSED,api=BLOCKING,sc=false,e=null c=null b=null
02:56:42.211 [qtp782228073-55] DEBUG org.eclipse.jetty.server.Server - handled=true async=false committed=true on HttpChannelOverHttp@6b249db5{s=HttpChannelState@44751f3d{s=HANDLING rs=BLOCKING os=COMPLETED is=IDLE awp=false se=false i=true al=0},r=1,c=false/true,a=HANDLING,uri=https://localhost:40197/,age=1}
02:56:42.211 [qtp782228073-55] DEBUG org.eclipse.jetty.server.HttpChannelState - unhandle HttpChannelState@44751f3d{s=HANDLING rs=BLOCKING os=COMPLETED is=IDLE awp=false se=false i=true al=0}
02:56:42.211 [qtp782228073-55] DEBUG org.eclipse.jetty.server.HttpChannelState - nextAction(false) COMPLETE HttpChannelState@44751f3d{s=HANDLING rs=COMPLETING os=COMPLETED is=IDLE awp=false se=false i=false al=0}
02:56:42.211 [qtp782228073-55] DEBUG org.eclipse.jetty.server.HttpChannel - action COMPLETE HttpChannelOverHttp@6b249db5{s=HttpChannelState@44751f3d{s=HANDLING rs=COMPLETING os=COMPLETED is=IDLE awp=false se=false i=false al=0},r=1,c=false/true,a=HANDLING,uri=https://localhost:40197/,age=1}
02:56:42.211 [main] DEBUG org.apache.nifi.minifi.bootstrap.configuration.ingestors.PullHttpChangeIngestor - New change received, notifying listener
02:56:42.211 [qtp782228073-55] DEBUG org.eclipse.jetty.server.HttpOutput - complete(org.eclipse.jetty.util.Callback$3@46779473) s=CLOSED,api=BLOCKING,sc=false,e=null s=true e=null, c=null
02:56:42.211 [qtp782228073-55] DEBUG org.eclipse.jetty.server.HttpChannelState - completed HttpChannelState@44751f3d{s=HANDLING rs=COMPLETING os=COMPLETED is=IDLE awp=false se=false i=false al=0}
02:56:42.211 [main] DEBUG org.apache.nifi.minifi.bootstrap.configuration.ingestors.PullHttpChangeIngestor - Listeners notified
02:56:42.211 [qtp782228073-55] DEBUG org.eclipse.jetty.server.HttpChannelState - unhandle HttpChannelState@44751f3d{s=HANDLING rs=COMPLETED os=COMPLETED is=IDLE awp=false se=false i=false al=0}
02:56:42.211 [qtp782228073-55] DEBUG org.eclipse.jetty.server.HttpChannelState - nextAction(false) TERMINATED HttpChannelState@44751f3d{s=IDLE rs=COMPLETED os=COMPLETED is=IDLE awp=false se=false i=false al=0}
02:56:42.211 [qtp782228073-55] DEBUG org.eclipse.jetty.server.HttpChannel - action TERMINATED HttpChannelOverHttp@6b249db5{s=HttpChannelState@44751f3d{s=IDLE rs=COMPLETED os=COMPLETED is=IDLE awp=false se=false i=false al=0},r=1,c=true/true,a=IDLE,uri=https://localhost:40197/,age=1}
02:56:42.211 [qtp782228073-55] DEBUG org.eclipse.jetty.server.HttpChannel - onCompleted for / written=4
02:56:42.212 [qtp782228073-55] DEBUG org.eclipse.jetty.io.ssl.SslConnection - >fill SslConnection@5f7110af::SocketChannelEndPoint@5ab4848f{l=/127.0.0.1:40197,r=/127.0.0.1:33996,OPEN,fill=-,flush=-,to=0/30000}{io=0/0,kio=0,kro=1}->SslConnection@5f7110af{NOT_HANDSHAKING,eio=-1/-1,di=-1,fill=IDLE,flush=IDLE}~>DecryptedEndPoint@3a9b7bc0{l=/127.0.0.1:40197,r=/127.0.0.1:33996,OPEN,fill=-,flush=-,to=46/30000}=>HttpConnection@7c979e15[p=HttpParser{s=CONTENT,0 of -1},g=HttpGenerator@3ed525fa{s=END}]=>HttpChannelOverHttp@6b249db5{s=HttpChannelState@44751f3d{s=IDLE rs=COMPLETED os=COMPLETED is=IDLE awp=false se=false i=false al=0},r=1,c=true/true,a=IDLE,uri=https://localhost:40197/,age=2}
02:56:42.212 [qtp782228073-55] DEBUG org.eclipse.jetty.io.ssl.SslConnection - fill NOT_HANDSHAKING
]]></system-out>
  </testcase>
  <testcase name="testUseEtagWithPath" classname="org.apache.nifi.minifi.bootstrap.configuration.ingestors.PullHttpChangeIngestorSSLTest" time="0.071">
    <system-out><![CDATA[02:56:42.212 [qtp782228073-55] DEBUG org.eclipse.jetty.io.ChannelEndPoint - filled 0 HeapByteBuffer@740a9f9e[p=0,l=0,c=17408,r=0]={<<<>>>GET / HTT...\x00\x00\x00\x00\x00\x00\x00}
02:56:42.212 [qtp782228073-55] DEBUG org.eclipse.jetty.io.ssl.SslConnection - net filled=0
02:56:42.212 [qtp782228073-55] DEBUG org.eclipse.jetty.io.ssl.SslConnection - unwrap net_filled=0 Status = BUFFER_UNDERFLOW HandshakeStatus = NOT_HANDSHAKING bytesConsumed = 0 bytesProduced = 0 encryptedBuffer=[p=0,l=0,c=17408,r=0] unwrapBuffer=HeapByteBuffer@1b26ebdb[p=0,l=0,c=17408,r=0]={<<<>>>\x17\x03\x03\x03\xAd\x0b\x00\x03\x88...\x00\x00\x00\x00\x00\x00\x00} appBuffer=HeapByteBuffer@1b26ebdb[p=0,l=0,c=17408,r=0]={<<<>>>\x17\x03\x03\x03\xAd\x0b\x00\x03\x88...\x00\x00\x00\x00\x00\x00\x00}
02:56:42.212 [qtp782228073-55] DEBUG org.eclipse.jetty.io.ssl.SslConnection - <fill f=0 uf=true SslConnection@5f7110af::SocketChannelEndPoint@5ab4848f{l=/127.0.0.1:40197,r=/127.0.0.1:33996,OPEN,fill=-,flush=-,to=0/30000}{io=0/0,kio=0,kro=1}->SslConnection@5f7110af{NOT_HANDSHAKING,eio=-1/-1,di=-1,fill=IDLE,flush=IDLE}~>DecryptedEndPoint@3a9b7bc0{l=/127.0.0.1:40197,r=/127.0.0.1:33996,OPEN,fill=-,flush=-,to=46/30000}=>HttpConnection@7c979e15[p=HttpParser{s=CONTENT,0 of -1},g=HttpGenerator@3ed525fa{s=END}]=>HttpChannelOverHttp@6b249db5{s=HttpChannelState@44751f3d{s=IDLE rs=COMPLETED os=COMPLETED is=IDLE awp=false se=false i=false al=0},r=1,c=true/true,a=IDLE,uri=https://localhost:40197/,age=2}
02:56:42.212 [qtp782228073-55] DEBUG org.eclipse.jetty.io.ssl.SslConnection - >fill SslConnection@5f7110af::SocketChannelEndPoint@5ab4848f{l=/127.0.0.1:40197,r=/127.0.0.1:33996,OPEN,fill=-,flush=-,to=0/30000}{io=0/0,kio=0,kro=1}->SslConnection@5f7110af{NOT_HANDSHAKING,eio=-1/-1,di=-1,fill=IDLE,flush=IDLE}~>DecryptedEndPoint@3a9b7bc0{l=/127.0.0.1:40197,r=/127.0.0.1:33996,OPEN,fill=-,flush=-,to=47/30000}=>HttpConnection@7c979e15[p=HttpParser{s=CONTENT,0 of -1},g=HttpGenerator@3ed525fa{s=END}]=>HttpChannelOverHttp@6b249db5{s=HttpChannelState@44751f3d{s=IDLE rs=COMPLETED os=COMPLETED is=IDLE awp=false se=false i=false al=0},r=1,c=true/true,a=IDLE,uri=https://localhost:40197/,age=2}
02:56:42.212 [qtp782228073-55] DEBUG org.eclipse.jetty.io.ssl.SslConnection - fill NOT_HANDSHAKING
02:56:42.212 [qtp782228073-55] DEBUG org.eclipse.jetty.io.ChannelEndPoint - filled 0 HeapByteBuffer@7acd6f6f[p=0,l=0,c=17408,r=0]={<<<>>>\x17\x03\x03\x00\xC9N+\xCb\x9d...\x00\x00\x00\x00\x00\x00\x00}
02:56:42.212 [qtp782228073-55] DEBUG org.eclipse.jetty.io.ssl.SslConnection - net filled=0
02:56:42.212 [qtp782228073-55] DEBUG org.eclipse.jetty.io.ssl.SslConnection - unwrap net_filled=0 Status = BUFFER_UNDERFLOW HandshakeStatus = NOT_HANDSHAKING bytesConsumed = 0 bytesProduced = 0 encryptedBuffer=[p=0,l=0,c=17408,r=0] unwrapBuffer=HeapByteBuffer@1b26ebdb[p=0,l=0,c=17408,r=0]={<<<>>>\x17\x03\x03\x03\xAd\x0b\x00\x03\x88...\x00\x00\x00\x00\x00\x00\x00} appBuffer=HeapByteBuffer@1b26ebdb[p=0,l=0,c=17408,r=0]={<<<>>>\x17\x03\x03\x03\xAd\x0b\x00\x03\x88...\x00\x00\x00\x00\x00\x00\x00}
02:56:42.212 [qtp782228073-55] DEBUG org.eclipse.jetty.io.ssl.SslConnection - <fill f=0 uf=true SslConnection@5f7110af::SocketChannelEndPoint@5ab4848f{l=/127.0.0.1:40197,r=/127.0.0.1:33996,OPEN,fill=-,flush=-,to=1/30000}{io=0/0,kio=0,kro=1}->SslConnection@5f7110af{NOT_HANDSHAKING,eio=-1/-1,di=-1,fill=IDLE,flush=IDLE}~>DecryptedEndPoint@3a9b7bc0{l=/127.0.0.1:40197,r=/127.0.0.1:33996,OPEN,fill=-,flush=-,to=47/30000}=>HttpConnection@7c979e15[p=HttpParser{s=CONTENT,0 of -1},g=HttpGenerator@3ed525fa{s=END}]=>HttpChannelOverHttp@6b249db5{s=HttpChannelState@44751f3d{s=IDLE rs=COMPLETED os=COMPLETED is=IDLE awp=false se=false i=false al=0},r=1,c=true/true,a=IDLE,uri=https://localhost:40197/,age=2}
02:56:42.212 [qtp782228073-55] DEBUG org.eclipse.jetty.server.HttpConnection - HttpConnection@7c979e15::DecryptedEndPoint@3a9b7bc0{l=/127.0.0.1:40197,r=/127.0.0.1:33996,OPEN,fill=-,flush=-,to=47/30000} filled 0 HeapByteBuffer@1b26ebdb[p=0,l=0,c=17408,r=0]={<<<>>>\x17\x03\x03\x03\xAd\x0b\x00\x03\x88...\x00\x00\x00\x00\x00\x00\x00}
02:56:42.212 [qtp782228073-55] DEBUG org.eclipse.jetty.server.HttpConnection - HttpConnection@7c979e15::DecryptedEndPoint@3a9b7bc0{l=/127.0.0.1:40197,r=/127.0.0.1:33996,OPEN,fill=-,flush=-,to=47/30000} parse HeapByteBuffer@1b26ebdb[p=0,l=0,c=17408,r=0]={<<<>>>\x17\x03\x03\x03\xAd\x0b\x00\x03\x88...\x00\x00\x00\x00\x00\x00\x00} {}
02:56:42.212 [qtp782228073-55] DEBUG org.eclipse.jetty.http.HttpParser - parseNext s=CONTENT HeapByteBuffer@1b26ebdb[p=0,l=0,c=17408,r=0]={<<<>>>\x17\x03\x03\x03\xAd\x0b\x00\x03\x88...\x00\x00\x00\x00\x00\x00\x00}
02:56:42.212 [qtp782228073-55] DEBUG org.eclipse.jetty.http.HttpParser - CONTENT --> CONTENT_END
02:56:42.212 [qtp782228073-55] DEBUG org.eclipse.jetty.server.HttpChannel - onContentComplete HttpChannelOverHttp@6b249db5{s=HttpChannelState@44751f3d{s=IDLE rs=COMPLETED os=COMPLETED is=IDLE awp=false se=false i=false al=0},r=1,c=true/true,a=IDLE,uri=https://localhost:40197/,age=2}
02:56:42.212 [qtp782228073-55] DEBUG org.eclipse.jetty.http.HttpParser - CONTENT_END --> END
02:56:42.212 [qtp782228073-55] DEBUG org.eclipse.jetty.server.HttpChannel - onRequestComplete HttpChannelOverHttp@6b249db5{s=HttpChannelState@44751f3d{s=IDLE rs=COMPLETED os=COMPLETED is=IDLE awp=false se=false i=false al=0},r=1,c=true/true,a=IDLE,uri=https://localhost:40197/,age=2}
02:56:42.212 [qtp782228073-55] DEBUG org.eclipse.jetty.server.HttpInput - HttpInputOverHTTP@784800fc[c=0,q=0,[0]=null,s=STREAM] addContent EOF
02:56:42.212 [qtp782228073-55] DEBUG org.eclipse.jetty.server.HttpConnection - HttpConnection@7c979e15::DecryptedEndPoint@3a9b7bc0{l=/127.0.0.1:40197,r=/127.0.0.1:33996,OPEN,fill=-,flush=-,to=47/30000} parsed false HttpParser{s=END,0 of -1}
02:56:42.212 [qtp782228073-55] DEBUG org.eclipse.jetty.server.HttpConnection - releaseRequestBuffer HttpConnection@7c979e15::DecryptedEndPoint@3a9b7bc0{l=/127.0.0.1:40197,r=/127.0.0.1:33996,OPEN,fill=-,flush=-,to=47/30000}
02:56:42.212 [qtp782228073-55] DEBUG org.eclipse.jetty.server.HttpChannelState - recycle HttpChannelState@44751f3d{s=IDLE rs=COMPLETED os=COMPLETED is=IDLE awp=false se=false i=false al=0}
02:56:42.212 [qtp782228073-55] DEBUG org.eclipse.jetty.http.HttpParser - reset HttpParser{s=END,0 of -1}
02:56:42.212 [qtp782228073-55] DEBUG org.eclipse.jetty.http.HttpParser - END --> START
02:56:42.213 [qtp782228073-55] DEBUG org.eclipse.jetty.server.HttpChannel - !handle TERMINATED HttpChannelOverHttp@6b249db5{s=HttpChannelState@44751f3d{s=IDLE rs=BLOCKING os=OPEN is=IDLE awp=false se=false i=true al=0},r=1,c=false/false,a=IDLE,uri=null,age=0}
02:56:42.213 [qtp782228073-55] DEBUG org.eclipse.jetty.io.ssl.SslConnection - >fill SslConnection@5f7110af::SocketChannelEndPoint@5ab4848f{l=/127.0.0.1:40197,r=/127.0.0.1:33996,OPEN,fill=-,flush=-,to=1/30000}{io=0/0,kio=0,kro=1}->SslConnection@5f7110af{NOT_HANDSHAKING,eio=-1/-1,di=-1,fill=IDLE,flush=IDLE}~>DecryptedEndPoint@3a9b7bc0{l=/127.0.0.1:40197,r=/127.0.0.1:33996,OPEN,fill=-,flush=-,to=47/30000}=>HttpConnection@7c979e15[p=HttpParser{s=START,0 of -1},g=HttpGenerator@3ed525fa{s=START}]=>HttpChannelOverHttp@6b249db5{s=HttpChannelState@44751f3d{s=IDLE rs=BLOCKING os=OPEN is=IDLE awp=false se=false i=true al=0},r=1,c=false/false,a=IDLE,uri=null,age=0}
02:56:42.213 [qtp782228073-55] DEBUG org.eclipse.jetty.io.ssl.SslConnection - fill NOT_HANDSHAKING
02:56:42.213 [qtp782228073-55] DEBUG org.eclipse.jetty.io.ChannelEndPoint - filled 0 HeapByteBuffer@7acd6f6f[p=0,l=0,c=17408,r=0]={<<<>>>\x17\x03\x03\x00\xC9N+\xCb\x9d...\x00\x00\x00\x00\x00\x00\x00}
02:56:42.213 [qtp782228073-55] DEBUG org.eclipse.jetty.io.ssl.SslConnection - net filled=0
02:56:42.213 [qtp782228073-55] DEBUG org.eclipse.jetty.io.ssl.SslConnection - unwrap net_filled=0 Status = BUFFER_UNDERFLOW HandshakeStatus = NOT_HANDSHAKING bytesConsumed = 0 bytesProduced = 0 encryptedBuffer=[p=0,l=0,c=17408,r=0] unwrapBuffer=HeapByteBuffer@740a9f9e[p=0,l=0,c=17408,r=0]={<<<>>>GET / HTT...\x00\x00\x00\x00\x00\x00\x00} appBuffer=HeapByteBuffer@740a9f9e[p=0,l=0,c=17408,r=0]={<<<>>>GET / HTT...\x00\x00\x00\x00\x00\x00\x00}
02:56:42.213 [qtp782228073-55] DEBUG org.eclipse.jetty.io.ssl.SslConnection - <fill f=0 uf=true SslConnection@5f7110af::SocketChannelEndPoint@5ab4848f{l=/127.0.0.1:40197,r=/127.0.0.1:33996,OPEN,fill=-,flush=-,to=1/30000}{io=0/0,kio=0,kro=1}->SslConnection@5f7110af{NOT_HANDSHAKING,eio=-1/-1,di=-1,fill=IDLE,flush=IDLE}~>DecryptedEndPoint@3a9b7bc0{l=/127.0.0.1:40197,r=/127.0.0.1:33996,OPEN,fill=-,flush=-,to=47/30000}=>HttpConnection@7c979e15[p=HttpParser{s=START,0 of -1},g=HttpGenerator@3ed525fa{s=START}]=>HttpChannelOverHttp@6b249db5{s=HttpChannelState@44751f3d{s=IDLE rs=BLOCKING os=OPEN is=IDLE awp=false se=false i=true al=0},r=1,c=false/false,a=IDLE,uri=null,age=0}
02:56:42.213 [qtp782228073-55] DEBUG org.eclipse.jetty.io.ssl.SslConnection - >fill SslConnection@5f7110af::SocketChannelEndPoint@5ab4848f{l=/127.0.0.1:40197,r=/127.0.0.1:33996,OPEN,fill=-,flush=-,to=1/30000}{io=0/0,kio=0,kro=1}->SslConnection@5f7110af{NOT_HANDSHAKING,eio=-1/-1,di=-1,fill=IDLE,flush=IDLE}~>DecryptedEndPoint@3a9b7bc0{l=/127.0.0.1:40197,r=/127.0.0.1:33996,OPEN,fill=-,flush=-,to=47/30000}=>HttpConnection@7c979e15[p=HttpParser{s=START,0 of -1},g=HttpGenerator@3ed525fa{s=START}]=>HttpChannelOverHttp@6b249db5{s=HttpChannelState@44751f3d{s=IDLE rs=BLOCKING os=OPEN is=IDLE awp=false se=false i=true al=0},r=1,c=false/false,a=IDLE,uri=null,age=0}
02:56:42.213 [qtp782228073-55] DEBUG org.eclipse.jetty.io.ssl.SslConnection - fill NOT_HANDSHAKING
02:56:42.213 [qtp782228073-55] DEBUG org.eclipse.jetty.io.ChannelEndPoint - filled 0 HeapByteBuffer@1b26ebdb[p=0,l=0,c=17408,r=0]={<<<>>>\x17\x03\x03\x03\xAd\x0b\x00\x03\x88...\x00\x00\x00\x00\x00\x00\x00}
02:56:42.213 [qtp782228073-55] DEBUG org.eclipse.jetty.io.ssl.SslConnection - net filled=0
02:56:42.213 [qtp782228073-55] DEBUG org.eclipse.jetty.io.ssl.SslConnection - unwrap net_filled=0 Status = BUFFER_UNDERFLOW HandshakeStatus = NOT_HANDSHAKING bytesConsumed = 0 bytesProduced = 0 encryptedBuffer=[p=0,l=0,c=17408,r=0] unwrapBuffer=HeapByteBuffer@740a9f9e[p=0,l=0,c=17408,r=0]={<<<>>>GET / HTT...\x00\x00\x00\x00\x00\x00\x00} appBuffer=HeapByteBuffer@740a9f9e[p=0,l=0,c=17408,r=0]={<<<>>>GET / HTT...\x00\x00\x00\x00\x00\x00\x00}
02:56:42.213 [qtp782228073-55] DEBUG org.eclipse.jetty.io.ssl.SslConnection - <fill f=0 uf=true SslConnection@5f7110af::SocketChannelEndPoint@5ab4848f{l=/127.0.0.1:40197,r=/127.0.0.1:33996,OPEN,fill=-,flush=-,to=2/30000}{io=0/0,kio=0,kro=1}->SslConnection@5f7110af{NOT_HANDSHAKING,eio=-1/-1,di=-1,fill=IDLE,flush=IDLE}~>DecryptedEndPoint@3a9b7bc0{l=/127.0.0.1:40197,r=/127.0.0.1:33996,OPEN,fill=-,flush=-,to=48/30000}=>HttpConnection@7c979e15[p=HttpParser{s=START,0 of -1},g=HttpGenerator@3ed525fa{s=START}]=>HttpChannelOverHttp@6b249db5{s=HttpChannelState@44751f3d{s=IDLE rs=BLOCKING os=OPEN is=IDLE awp=false se=false i=true al=0},r=1,c=false/false,a=IDLE,uri=null,age=0}
02:56:42.213 [qtp782228073-55] DEBUG org.eclipse.jetty.server.HttpConnection - HttpConnection@7c979e15::DecryptedEndPoint@3a9b7bc0{l=/127.0.0.1:40197,r=/127.0.0.1:33996,OPEN,fill=-,flush=-,to=48/30000} filled 0 HeapByteBuffer@740a9f9e[p=0,l=0,c=17408,r=0]={<<<>>>GET / HTT...\x00\x00\x00\x00\x00\x00\x00}
02:56:42.213 [qtp782228073-55] DEBUG org.eclipse.jetty.server.HttpConnection - HttpConnection@7c979e15::DecryptedEndPoint@3a9b7bc0{l=/127.0.0.1:40197,r=/127.0.0.1:33996,OPEN,fill=-,flush=-,to=48/30000} parse HeapByteBuffer@740a9f9e[p=0,l=0,c=17408,r=0]={<<<>>>GET / HTT...\x00\x00\x00\x00\x00\x00\x00} {}
02:56:42.213 [qtp782228073-55] DEBUG org.eclipse.jetty.http.HttpParser - parseNext s=START HeapByteBuffer@740a9f9e[p=0,l=0,c=17408,r=0]={<<<>>>GET / HTT...\x00\x00\x00\x00\x00\x00\x00}
02:56:42.213 [qtp782228073-55] DEBUG org.eclipse.jetty.server.HttpConnection - HttpConnection@7c979e15::DecryptedEndPoint@3a9b7bc0{l=/127.0.0.1:40197,r=/127.0.0.1:33996,OPEN,fill=-,flush=-,to=48/30000} parsed false HttpParser{s=START,0 of -1}
02:56:42.213 [qtp782228073-55] DEBUG org.eclipse.jetty.server.HttpConnection - releaseRequestBuffer HttpConnection@7c979e15::DecryptedEndPoint@3a9b7bc0{l=/127.0.0.1:40197,r=/127.0.0.1:33996,OPEN,fill=-,flush=-,to=48/30000}
02:56:42.213 [qtp782228073-55] DEBUG org.eclipse.jetty.io.AbstractConnection - fillInterested HttpConnection@7c979e15::DecryptedEndPoint@3a9b7bc0{l=/127.0.0.1:40197,r=/127.0.0.1:33996,OPEN,fill=-,flush=-,to=48/30000}
02:56:42.213 [qtp782228073-55] DEBUG org.eclipse.jetty.io.FillInterest - interested FillInterest@7ef26303{AC.ReadCB@7c979e15{HttpConnection@7c979e15::DecryptedEndPoint@3a9b7bc0{l=/127.0.0.1:40197,r=/127.0.0.1:33996,OPEN,fill=FI,flush=-,to=0/30000}}}
02:56:42.213 [qtp782228073-55] DEBUG org.eclipse.jetty.io.ssl.SslConnection - >needFillInterest s=IDLE/IDLE uf=true ei=null di=null SslConnection@5f7110af::SocketChannelEndPoint@5ab4848f{l=/127.0.0.1:40197,r=/127.0.0.1:33996,OPEN,fill=-,flush=-,to=2/30000}{io=0/0,kio=0,kro=1}->SslConnection@5f7110af{NOT_HANDSHAKING,eio=-1/-1,di=-1,fill=IDLE,flush=IDLE}~>DecryptedEndPoint@3a9b7bc0{l=/127.0.0.1:40197,r=/127.0.0.1:33996,OPEN,fill=FI,flush=-,to=0/30000}=>HttpConnection@7c979e15[p=HttpParser{s=START,0 of -1},g=HttpGenerator@3ed525fa{s=START}]=>HttpChannelOverHttp@6b249db5{s=HttpChannelState@44751f3d{s=IDLE rs=BLOCKING os=OPEN is=IDLE awp=false se=false i=true al=0},r=1,c=false/false,a=IDLE,uri=null,age=0}
02:56:42.213 [qtp782228073-55] DEBUG org.eclipse.jetty.io.ssl.SslConnection - <needFillInterest s=IDLE/INTERESTED f=false i=true w=null
02:56:42.214 [main] DEBUG org.apache.nifi.minifi.bootstrap.configuration.ingestors.PullHttpChangeIngestor - Attempting to pull new config
02:56:42.214 [qtp782228073-55] DEBUG org.eclipse.jetty.io.ssl.SslConnection - ensureFillInterested SslConnection@5f7110af::SocketChannelEndPoint@5ab4848f{l=/127.0.0.1:40197,r=/127.0.0.1:33996,OPEN,fill=-,flush=-,to=2/30000}{io=0/0,kio=0,kro=1}->SslConnection@5f7110af{NOT_HANDSHAKING,eio=-1/-1,di=-1,fill=INTERESTED,flush=IDLE}~>DecryptedEndPoint@3a9b7bc0{l=/127.0.0.1:40197,r=/127.0.0.1:33996,OPEN,fill=FI,flush=-,to=0/30000}=>HttpConnection@7c979e15[p=HttpParser{s=START,0 of -1},g=HttpGenerator@3ed525fa{s=START}]=>HttpChannelOverHttp@6b249db5{s=HttpChannelState@44751f3d{s=IDLE rs=BLOCKING os=OPEN is=IDLE awp=false se=false i=true al=0},r=1,c=false/false,a=IDLE,uri=null,age=0}
02:56:42.214 [qtp782228073-55] DEBUG org.eclipse.jetty.io.FillInterest - interested FillInterest@4633c09f{SSLC.NBReadCB@5f7110af{SslConnection@5f7110af::SocketChannelEndPoint@5ab4848f{l=/127.0.0.1:40197,r=/127.0.0.1:33996,OPEN,fill=FI,flush=-,to=0/30000}{io=0/0,kio=0,kro=1}->SslConnection@5f7110af{NOT_HANDSHAKING,eio=-1/-1,di=-1,fill=INTERESTED,flush=IDLE}~>DecryptedEndPoint@3a9b7bc0{l=/127.0.0.1:40197,r=/127.0.0.1:33996,OPEN,fill=FI,flush=-,to=0/30000}=>HttpConnection@7c979e15[p=HttpParser{s=START,0 of -1},g=HttpGenerator@3ed525fa{s=START}]=>HttpChannelOverHttp@6b249db5{s=HttpChannelState@44751f3d{s=IDLE rs=BLOCKING os=OPEN is=IDLE awp=false se=false i=true al=0},r=1,c=false/false,a=IDLE,uri=null,age=0}}}
02:56:42.214 [qtp782228073-55] DEBUG org.eclipse.jetty.io.ChannelEndPoint - changeInterests p=false 0->1 for SocketChannelEndPoint@5ab4848f{l=/127.0.0.1:40197,r=/127.0.0.1:33996,OPEN,fill=FI,flush=-,to=0/30000}{io=0/1,kio=0,kro=1}->SslConnection@5f7110af{NOT_HANDSHAKING,eio=-1/-1,di=-1,fill=INTERESTED,flush=IDLE}~>DecryptedEndPoint@3a9b7bc0{l=/127.0.0.1:40197,r=/127.0.0.1:33996,OPEN,fill=FI,flush=-,to=0/30000}=>HttpConnection@7c979e15[p=HttpParser{s=START,0 of -1},g=HttpGenerator@3ed525fa{s=START}]=>HttpChannelOverHttp@6b249db5{s=HttpChannelState@44751f3d{s=IDLE rs=BLOCKING os=OPEN is=IDLE awp=false se=false i=true al=0},r=1,c=false/false,a=IDLE,uri=null,age=0}
02:56:42.214 [qtp782228073-55] DEBUG org.eclipse.jetty.io.ManagedSelector - Queued change lazy=false org.eclipse.jetty.io.ChannelEndPoint$$Lambda$255/899789472@1110449e on ManagedSelector@19553973{STARTED} id=3 keys=1 selected=0 updates=0
02:56:42.214 [qtp782228073-55] DEBUG org.eclipse.jetty.io.ManagedSelector - Wakeup on submit ManagedSelector@19553973{STARTED} id=3 keys=1 selected=0 updates=1
02:56:42.214 [qtp782228073-55] DEBUG org.eclipse.jetty.server.HttpConnection - HttpConnection@7c979e15::DecryptedEndPoint@3a9b7bc0{l=/127.0.0.1:40197,r=/127.0.0.1:33996,OPEN,fill=FI,flush=-,to=0/30000} onFillable exit HttpChannelState@44751f3d{s=IDLE rs=BLOCKING os=OPEN is=IDLE awp=false se=false i=true al=0} null
02:56:42.214 [qtp782228073-62] DEBUG org.eclipse.jetty.io.ManagedSelector - Selector sun.nio.ch.EPollSelectorImpl@38358409 woken with none selected
02:56:42.214 [qtp782228073-62] DEBUG org.eclipse.jetty.io.ManagedSelector - Selector sun.nio.ch.EPollSelectorImpl@38358409 woken up from select, 0/0/1 selected
02:56:42.214 [qtp782228073-62] DEBUG org.eclipse.jetty.io.ManagedSelector - Selector sun.nio.ch.EPollSelectorImpl@38358409 processing 0 keys, 1 updates
02:56:42.214 [qtp782228073-62] DEBUG org.eclipse.jetty.io.ManagedSelector - updateable 1
02:56:42.214 [qtp782228073-62] DEBUG org.eclipse.jetty.io.ManagedSelector - update org.eclipse.jetty.io.ChannelEndPoint$$Lambda$255/899789472@1110449e
02:56:42.214 [qtp782228073-55] DEBUG org.eclipse.jetty.io.ssl.SslConnection - <c.onFillable SslConnection@5f7110af::SocketChannelEndPoint@5ab4848f{l=/127.0.0.1:40197,r=/127.0.0.1:33996,OPEN,fill=FI,flush=-,to=0/30000}{io=0/1,kio=0,kro=1}->SslConnection@5f7110af{NOT_HANDSHAKING,eio=-1/-1,di=-1,fill=INTERESTED,flush=IDLE}~>DecryptedEndPoint@3a9b7bc0{l=/127.0.0.1:40197,r=/127.0.0.1:33996,OPEN,fill=FI,flush=-,to=0/30000}=>HttpConnection@7c979e15[p=HttpParser{s=START,0 of -1},g=HttpGenerator@3ed525fa{s=START}]=>HttpChannelOverHttp@6b249db5{s=HttpChannelState@44751f3d{s=IDLE rs=BLOCKING os=OPEN is=IDLE awp=false se=false i=true al=0},r=1,c=false/false,a=IDLE,uri=null,age=0}
02:56:42.214 [qtp782228073-55] DEBUG org.eclipse.jetty.util.thread.ReservedThreadExecutor - ReservedThread@47fd854{RUNNING,thread=Thread[qtp782228073-55,5,main]} was=RUNNING next=RESERVED size=0+2 capacity=8
02:56:42.214 [qtp782228073-62] DEBUG org.eclipse.jetty.io.ChannelEndPoint - Key interests updated 0 -> 1 on SocketChannelEndPoint@5ab4848f{l=/127.0.0.1:40197,r=/127.0.0.1:33996,OPEN,fill=FI,flush=-,to=0/30000}{io=1/1,kio=1,kro=1}->SslConnection@5f7110af{NOT_HANDSHAKING,eio=-1/-1,di=-1,fill=INTERESTED,flush=IDLE}~>DecryptedEndPoint@3a9b7bc0{l=/127.0.0.1:40197,r=/127.0.0.1:33996,OPEN,fill=FI,flush=-,to=0/30000}=>HttpConnection@7c979e15[p=HttpParser{s=START,0 of -1},g=HttpGenerator@3ed525fa{s=START}]=>HttpChannelOverHttp@6b249db5{s=HttpChannelState@44751f3d{s=IDLE rs=BLOCKING os=OPEN is=IDLE awp=false se=false i=true al=0},r=1,c=false/false,a=IDLE,uri=null,age=0}
02:56:42.214 [qtp782228073-55] DEBUG org.eclipse.jetty.util.thread.ReservedThreadExecutor - ReservedThread@47fd854{RESERVED,thread=Thread[qtp782228073-55,5,main]} waiting ReservedThreadExecutor@47a5b70d{reserved=2/8,pending=0}
02:56:42.214 [qtp782228073-62] DEBUG org.eclipse.jetty.io.ManagedSelector - updates 0
02:56:42.214 [qtp782228073-62] DEBUG org.eclipse.jetty.io.ManagedSelector - Selector sun.nio.ch.EPollSelectorImpl@38358409 waiting with 1 keys
02:56:42.214 [qtp782228073-59-acceptor-0@4795ded0-ServerConnector@5a411614{SSL, (ssl, http/1.1)}{localhost:40197}] DEBUG org.eclipse.jetty.io.ManagedSelector - Queued change lazy=false Accept@23b39cfa[java.nio.channels.SocketChannel[connected local=/127.0.0.1:40197 remote=/127.0.0.1:33998]] on ManagedSelector@435fb7b5{STARTED} id=0 keys=0 selected=0 updates=0
02:56:42.214 [qtp782228073-59-acceptor-0@4795ded0-ServerConnector@5a411614{SSL, (ssl, http/1.1)}{localhost:40197}] DEBUG org.eclipse.jetty.io.ManagedSelector - Wakeup on submit ManagedSelector@435fb7b5{STARTED} id=0 keys=0 selected=0 updates=1
02:56:42.214 [qtp782228073-56] DEBUG org.eclipse.jetty.io.ManagedSelector - Selector sun.nio.ch.EPollSelectorImpl@4ae76178 woken with none selected
02:56:42.214 [qtp782228073-56] DEBUG org.eclipse.jetty.io.ManagedSelector - Selector sun.nio.ch.EPollSelectorImpl@4ae76178 woken up from select, 0/0/0 selected
02:56:42.214 [qtp782228073-56] DEBUG org.eclipse.jetty.io.ManagedSelector - Selector sun.nio.ch.EPollSelectorImpl@4ae76178 processing 0 keys, 1 updates
02:56:42.214 [qtp782228073-56] DEBUG org.eclipse.jetty.io.ManagedSelector - updateable 1
02:56:42.215 [qtp782228073-56] DEBUG org.eclipse.jetty.io.ManagedSelector - update Accept@23b39cfa[java.nio.channels.SocketChannel[connected local=/127.0.0.1:40197 remote=/127.0.0.1:33998]]
02:56:42.215 [qtp782228073-56] DEBUG org.eclipse.jetty.util.thread.QueuedThreadPool - queue Accept@23b39cfa[java.nio.channels.SocketChannel[connected local=/127.0.0.1:40197 remote=/127.0.0.1:33998]] startThread=0
02:56:42.215 [qtp782228073-56] DEBUG org.eclipse.jetty.io.ManagedSelector - updates 0
02:56:42.215 [qtp782228073-56] DEBUG org.eclipse.jetty.io.ManagedSelector - Selector sun.nio.ch.EPollSelectorImpl@4ae76178 waiting with 1 keys
02:56:42.215 [qtp782228073-58] DEBUG org.eclipse.jetty.util.thread.QueuedThreadPool - run Accept@23b39cfa[java.nio.channels.SocketChannel[connected local=/127.0.0.1:40197 remote=/127.0.0.1:33998]] in QueuedThreadPool[qtp782228073]@2e9fda69{STARTED,8<=8<=200,i=0,r=-1,q=0}[ReservedThreadExecutor@47a5b70d{reserved=2/8,pending=0}]
02:56:42.215 [qtp782228073-58] DEBUG org.eclipse.jetty.io.IdleTimeout - SocketChannelEndPoint@32cdef79{l=/127.0.0.1:40197,r=/127.0.0.1:33998,OPEN,fill=-,flush=-,to=0/30000}{io=0/0,kio=0,kro=0}-><null> idle timeout check, elapsed: 0 ms, remaining: 30000 ms
02:56:42.215 [qtp782228073-58] DEBUG org.eclipse.jetty.util.ssl.SslContextFactory - Customize sun.security.ssl.SSLEngineImpl@77cf6744
02:56:42.215 [qtp782228073-58] DEBUG org.eclipse.jetty.server.HttpChannel - new HttpChannelOverHttp@63ceb078{s=HttpChannelState@46f2b0eb{s=IDLE rs=BLOCKING os=OPEN is=IDLE awp=false se=false i=true al=0},r=0,c=false/false,a=IDLE,uri=null,age=0} -> DecryptedEndPoint@1b19396b{l=/127.0.0.1:40197,r=/127.0.0.1:33998,OPEN,fill=-,flush=-,to=0/30000},null,HttpChannelState@46f2b0eb{s=IDLE rs=BLOCKING os=OPEN is=IDLE awp=false se=false i=true al=0}
02:56:42.215 [qtp782228073-58] DEBUG org.eclipse.jetty.server.HttpConnection - New HTTP Connection HttpConnection@17e0980b::DecryptedEndPoint@1b19396b{l=/127.0.0.1:40197,r=/127.0.0.1:33998,OPEN,fill=-,flush=-,to=0/30000}
02:56:42.215 [qtp782228073-58] DEBUG org.eclipse.jetty.io.ManagedSelector - Queued change lazy=true org.eclipse.jetty.io.ManagedSelector$$Lambda$258/269590367@1bbb7ff on ManagedSelector@435fb7b5{STARTED} id=0 keys=1 selected=0 updates=0
02:56:42.215 [qtp782228073-58] DEBUG org.eclipse.jetty.io.AbstractEndPoint - onOpen SocketChannelEndPoint@32cdef79{l=/127.0.0.1:40197,r=/127.0.0.1:33998,OPEN,fill=-,flush=-,to=0/30000}{io=0/0,kio=0,kro=0}->SslConnection@529d3acb{NOT_HANDSHAKING,eio=-1/-1,di=-1,fill=IDLE,flush=IDLE}~>DecryptedEndPoint@1b19396b{l=/127.0.0.1:40197,r=/127.0.0.1:33998,OPEN,fill=-,flush=-,to=0/30000}=>HttpConnection@17e0980b[p=HttpParser{s=START,0 of -1},g=HttpGenerator@1d9392{s=START}]=>HttpChannelOverHttp@63ceb078{s=HttpChannelState@46f2b0eb{s=IDLE rs=BLOCKING os=OPEN is=IDLE awp=false se=false i=true al=0},r=0,c=false/false,a=IDLE,uri=null,age=0}
02:56:42.215 [qtp782228073-58] DEBUG org.eclipse.jetty.io.AbstractConnection - onOpen SslConnection@529d3acb::SocketChannelEndPoint@32cdef79{l=/127.0.0.1:40197,r=/127.0.0.1:33998,OPEN,fill=-,flush=-,to=0/30000}{io=0/0,kio=0,kro=0}->SslConnection@529d3acb{NOT_HANDSHAKING,eio=-1/-1,di=-1,fill=IDLE,flush=IDLE}~>DecryptedEndPoint@1b19396b{l=/127.0.0.1:40197,r=/127.0.0.1:33998,OPEN,fill=-,flush=-,to=0/30000}=>HttpConnection@17e0980b[p=HttpParser{s=START,0 of -1},g=HttpGenerator@1d9392{s=START}]=>HttpChannelOverHttp@63ceb078{s=HttpChannelState@46f2b0eb{s=IDLE rs=BLOCKING os=OPEN is=IDLE awp=false se=false i=true al=0},r=0,c=false/false,a=IDLE,uri=null,age=0}
02:56:42.215 [qtp782228073-58] DEBUG org.eclipse.jetty.io.AbstractConnection - onOpen HttpConnection@17e0980b::DecryptedEndPoint@1b19396b{l=/127.0.0.1:40197,r=/127.0.0.1:33998,OPEN,fill=-,flush=-,to=0/30000}
02:56:42.215 [qtp782228073-58] DEBUG org.eclipse.jetty.io.AbstractConnection - fillInterested HttpConnection@17e0980b::DecryptedEndPoint@1b19396b{l=/127.0.0.1:40197,r=/127.0.0.1:33998,OPEN,fill=-,flush=-,to=0/30000}
02:56:42.216 [qtp782228073-58] DEBUG org.eclipse.jetty.io.FillInterest - interested FillInterest@13ae635a{AC.ReadCB@17e0980b{HttpConnection@17e0980b::DecryptedEndPoint@1b19396b{l=/127.0.0.1:40197,r=/127.0.0.1:33998,OPEN,fill=FI,flush=-,to=0/30000}}}
02:56:42.216 [qtp782228073-58] DEBUG org.eclipse.jetty.io.ssl.SslConnection - >needFillInterest s=IDLE/IDLE uf=false ei=null di=null SslConnection@529d3acb::SocketChannelEndPoint@32cdef79{l=/127.0.0.1:40197,r=/127.0.0.1:33998,OPEN,fill=-,flush=-,to=0/30000}{io=0/0,kio=0,kro=0}->SslConnection@529d3acb{NOT_HANDSHAKING,eio=-1/-1,di=-1,fill=IDLE,flush=IDLE}~>DecryptedEndPoint@1b19396b{l=/127.0.0.1:40197,r=/127.0.0.1:33998,OPEN,fill=FI,flush=-,to=0/30000}=>HttpConnection@17e0980b[p=HttpParser{s=START,0 of -1},g=HttpGenerator@1d9392{s=START}]=>HttpChannelOverHttp@63ceb078{s=HttpChannelState@46f2b0eb{s=IDLE rs=BLOCKING os=OPEN is=IDLE awp=false se=false i=true al=0},r=0,c=false/false,a=IDLE,uri=null,age=0}
02:56:42.216 [qtp782228073-58] DEBUG org.eclipse.jetty.io.ssl.SslConnection - <needFillInterest s=IDLE/INTERESTED f=false i=true w=null
02:56:42.216 [qtp782228073-58] DEBUG org.eclipse.jetty.io.ssl.SslConnection - ensureFillInterested SslConnection@529d3acb::SocketChannelEndPoint@32cdef79{l=/127.0.0.1:40197,r=/127.0.0.1:33998,OPEN,fill=-,flush=-,to=0/30000}{io=0/0,kio=0,kro=0}->SslConnection@529d3acb{NOT_HANDSHAKING,eio=-1/-1,di=-1,fill=INTERESTED,flush=IDLE}~>DecryptedEndPoint@1b19396b{l=/127.0.0.1:40197,r=/127.0.0.1:33998,OPEN,fill=FI,flush=-,to=0/30000}=>HttpConnection@17e0980b[p=HttpParser{s=START,0 of -1},g=HttpGenerator@1d9392{s=START}]=>HttpChannelOverHttp@63ceb078{s=HttpChannelState@46f2b0eb{s=IDLE rs=BLOCKING os=OPEN is=IDLE awp=false se=false i=true al=0},r=0,c=false/false,a=IDLE,uri=null,age=0}
02:56:42.216 [qtp782228073-58] DEBUG org.eclipse.jetty.io.FillInterest - interested FillInterest@4ff62a9f{SSLC.NBReadCB@529d3acb{SslConnection@529d3acb::SocketChannelEndPoint@32cdef79{l=/127.0.0.1:40197,r=/127.0.0.1:33998,OPEN,fill=FI,flush=-,to=0/30000}{io=0/0,kio=0,kro=0}->SslConnection@529d3acb{NOT_HANDSHAKING,eio=-1/-1,di=-1,fill=INTERESTED,flush=IDLE}~>DecryptedEndPoint@1b19396b{l=/127.0.0.1:40197,r=/127.0.0.1:33998,OPEN,fill=FI,flush=-,to=0/30000}=>HttpConnection@17e0980b[p=HttpParser{s=START,0 of -1},g=HttpGenerator@1d9392{s=START}]=>HttpChannelOverHttp@63ceb078{s=HttpChannelState@46f2b0eb{s=IDLE rs=BLOCKING os=OPEN is=IDLE awp=false se=false i=true al=0},r=0,c=false/false,a=IDLE,uri=null,age=0}}}
02:56:42.216 [qtp782228073-58] DEBUG org.eclipse.jetty.io.ChannelEndPoint - changeInterests p=false 0->1 for SocketChannelEndPoint@32cdef79{l=/127.0.0.1:40197,r=/127.0.0.1:33998,OPEN,fill=FI,flush=-,to=0/30000}{io=0/1,kio=0,kro=0}->SslConnection@529d3acb{NOT_HANDSHAKING,eio=-1/-1,di=-1,fill=INTERESTED,flush=IDLE}~>DecryptedEndPoint@1b19396b{l=/127.0.0.1:40197,r=/127.0.0.1:33998,OPEN,fill=FI,flush=-,to=0/30000}=>HttpConnection@17e0980b[p=HttpParser{s=START,0 of -1},g=HttpGenerator@1d9392{s=START}]=>HttpChannelOverHttp@63ceb078{s=HttpChannelState@46f2b0eb{s=IDLE rs=BLOCKING os=OPEN is=IDLE awp=false se=false i=true al=0},r=0,c=false/false,a=IDLE,uri=null,age=0}
02:56:42.216 [qtp782228073-58] DEBUG org.eclipse.jetty.io.ManagedSelector - Queued change lazy=false org.eclipse.jetty.io.ChannelEndPoint$$Lambda$255/899789472@74860ac8 on ManagedSelector@435fb7b5{STARTED} id=0 keys=1 selected=0 updates=1
02:56:42.216 [qtp782228073-58] DEBUG org.eclipse.jetty.io.ManagedSelector - Wakeup on submit ManagedSelector@435fb7b5{STARTED} id=0 keys=1 selected=0 updates=2
02:56:42.216 [qtp782228073-56] DEBUG org.eclipse.jetty.io.ManagedSelector - Selector sun.nio.ch.EPollSelectorImpl@4ae76178 woken with none selected
02:56:42.216 [qtp782228073-58] DEBUG org.eclipse.jetty.io.ManagedSelector - Created SocketChannelEndPoint@32cdef79{l=/127.0.0.1:40197,r=/127.0.0.1:33998,OPEN,fill=FI,flush=-,to=0/30000}{io=0/1,kio=0,kro=0}->SslConnection@529d3acb{NOT_HANDSHAKING,eio=-1/-1,di=-1,fill=INTERESTED,flush=IDLE}~>DecryptedEndPoint@1b19396b{l=/127.0.0.1:40197,r=/127.0.0.1:33998,OPEN,fill=FI,flush=-,to=0/30000}=>HttpConnection@17e0980b[p=HttpParser{s=START,0 of -1},g=HttpGenerator@1d9392{s=START}]=>HttpChannelOverHttp@63ceb078{s=HttpChannelState@46f2b0eb{s=IDLE rs=BLOCKING os=OPEN is=IDLE awp=false se=false i=true al=0},r=0,c=false/false,a=IDLE,uri=null,age=0}
02:56:42.216 [qtp782228073-56] DEBUG org.eclipse.jetty.io.ManagedSelector - Selector sun.nio.ch.EPollSelectorImpl@4ae76178 woken up from select, 0/0/1 selected
02:56:42.216 [qtp782228073-56] DEBUG org.eclipse.jetty.io.ManagedSelector - Selector sun.nio.ch.EPollSelectorImpl@4ae76178 processing 0 keys, 2 updates
02:56:42.216 [qtp782228073-56] DEBUG org.eclipse.jetty.io.ManagedSelector - updateable 2
02:56:42.216 [qtp782228073-58] DEBUG org.eclipse.jetty.util.thread.QueuedThreadPool - ran Accept@23b39cfa[java.nio.channels.SocketChannel[connected local=/127.0.0.1:40197 remote=/127.0.0.1:33998]] in QueuedThreadPool[qtp782228073]@2e9fda69{STARTED,8<=8<=200,i=0,r=-1,q=0}[ReservedThreadExecutor@47a5b70d{reserved=2/8,pending=0}]
02:56:42.216 [qtp782228073-56] DEBUG org.eclipse.jetty.io.ManagedSelector - update org.eclipse.jetty.io.ManagedSelector$$Lambda$258/269590367@1bbb7ff
02:56:42.216 [qtp782228073-56] DEBUG org.eclipse.jetty.io.ManagedSelector - update org.eclipse.jetty.io.ChannelEndPoint$$Lambda$255/899789472@74860ac8
02:56:42.216 [qtp782228073-56] DEBUG org.eclipse.jetty.io.ChannelEndPoint - Key interests updated 0 -> 1 on SocketChannelEndPoint@32cdef79{l=/127.0.0.1:40197,r=/127.0.0.1:33998,OPEN,fill=FI,flush=-,to=0/30000}{io=1/1,kio=1,kro=0}->SslConnection@529d3acb{NOT_HANDSHAKING,eio=-1/-1,di=-1,fill=INTERESTED,flush=IDLE}~>DecryptedEndPoint@1b19396b{l=/127.0.0.1:40197,r=/127.0.0.1:33998,OPEN,fill=FI,flush=-,to=0/30000}=>HttpConnection@17e0980b[p=HttpParser{s=START,0 of -1},g=HttpGenerator@1d9392{s=START}]=>HttpChannelOverHttp@63ceb078{s=HttpChannelState@46f2b0eb{s=IDLE rs=BLOCKING os=OPEN is=IDLE awp=false se=false i=true al=0},r=0,c=false/false,a=IDLE,uri=null,age=0}
02:56:42.216 [qtp782228073-56] DEBUG org.eclipse.jetty.io.ManagedSelector - updates 0
02:56:42.216 [qtp782228073-56] DEBUG org.eclipse.jetty.io.ManagedSelector - Selector sun.nio.ch.EPollSelectorImpl@4ae76178 waiting with 1 keys
02:56:42.216 [qtp782228073-56] DEBUG org.eclipse.jetty.io.ManagedSelector - Selector sun.nio.ch.EPollSelectorImpl@4ae76178 woken up from select, 1/1/1 selected
02:56:42.216 [qtp782228073-56] DEBUG org.eclipse.jetty.io.ManagedSelector - Selector sun.nio.ch.EPollSelectorImpl@4ae76178 processing 1 keys, 0 updates
02:56:42.216 [qtp782228073-56] DEBUG org.eclipse.jetty.io.ManagedSelector - selected 1 sun.nio.ch.SelectionKeyImpl@44208654 SocketChannelEndPoint@32cdef79{l=/127.0.0.1:40197,r=/127.0.0.1:33998,OPEN,fill=FI,flush=-,to=0/30000}{io=1/1,kio=1,kro=1}->SslConnection@529d3acb{NOT_HANDSHAKING,eio=-1/-1,di=-1,fill=INTERESTED,flush=IDLE}~>DecryptedEndPoint@1b19396b{l=/127.0.0.1:40197,r=/127.0.0.1:33998,OPEN,fill=FI,flush=-,to=0/30000}=>HttpConnection@17e0980b[p=HttpParser{s=START,0 of -1},g=HttpGenerator@1d9392{s=START}]=>HttpChannelOverHttp@63ceb078{s=HttpChannelState@46f2b0eb{s=IDLE rs=BLOCKING os=OPEN is=IDLE awp=false se=false i=true al=0},r=0,c=false/false,a=IDLE,uri=null,age=0} 
02:56:42.217 [qtp782228073-56] DEBUG org.eclipse.jetty.io.ChannelEndPoint - onSelected 1->0 r=true w=false for SocketChannelEndPoint@32cdef79{l=/127.0.0.1:40197,r=/127.0.0.1:33998,OPEN,fill=FI,flush=-,to=0/30000}{io=1/0,kio=1,kro=1}->SslConnection@529d3acb{NOT_HANDSHAKING,eio=-1/-1,di=-1,fill=INTERESTED,flush=IDLE}~>DecryptedEndPoint@1b19396b{l=/127.0.0.1:40197,r=/127.0.0.1:33998,OPEN,fill=FI,flush=-,to=1/30000}=>HttpConnection@17e0980b[p=HttpParser{s=START,0 of -1},g=HttpGenerator@1d9392{s=START}]=>HttpChannelOverHttp@63ceb078{s=HttpChannelState@46f2b0eb{s=IDLE rs=BLOCKING os=OPEN is=IDLE awp=false se=false i=true al=0},r=0,c=false/false,a=IDLE,uri=null,age=0}
02:56:42.217 [qtp782228073-56] DEBUG org.eclipse.jetty.io.ChannelEndPoint - task CEP:SocketChannelEndPoint@32cdef79{l=/127.0.0.1:40197,r=/127.0.0.1:33998,OPEN,fill=FI,flush=-,to=0/30000}{io=1/0,kio=1,kro=1}->SslConnection@529d3acb{NOT_HANDSHAKING,eio=-1/-1,di=-1,fill=INTERESTED,flush=IDLE}~>DecryptedEndPoint@1b19396b{l=/127.0.0.1:40197,r=/127.0.0.1:33998,OPEN,fill=FI,flush=-,to=1/30000}=>HttpConnection@17e0980b[p=HttpParser{s=START,0 of -1},g=HttpGenerator@1d9392{s=START}]=>HttpChannelOverHttp@63ceb078{s=HttpChannelState@46f2b0eb{s=IDLE rs=BLOCKING os=OPEN is=IDLE awp=false se=false i=true al=0},r=0,c=false/false,a=IDLE,uri=null,age=0}:runFillable:BLOCKING
02:56:42.217 [qtp782228073-56] DEBUG org.eclipse.jetty.util.thread.ReservedThreadExecutor - ReservedThreadExecutor@47a5b70d{reserved=2/8,pending=0} tryExecute EatWhatYouKill@4a11eb84/SelectorProducer@4e858e0a/PRODUCING/p=false/QueuedThreadPool[qtp782228073]@2e9fda69{STARTED,8<=8<=200,i=1,r=-1,q=0}[ReservedThreadExecutor@47a5b70d{reserved=2/8,pending=0}][pc=0,pic=0,pec=0,epc=0]@2024-05-02T02:56:42.217+01:00
02:56:42.217 [qtp782228073-55] DEBUG org.eclipse.jetty.util.thread.ReservedThreadExecutor - ReservedThread@47fd854{RESERVED,thread=Thread[qtp782228073-55,5,main]} task=EatWhatYouKill@4a11eb84/SelectorProducer@4e858e0a/IDLE/p=true/QueuedThreadPool[qtp782228073]@2e9fda69{STARTED,8<=8<=200,i=1,r=-1,q=0}[ReservedThreadExecutor@47a5b70d{reserved=1/8,pending=0}][pc=0,pic=0,pec=0,epc=0]@2024-05-02T02:56:42.217+01:00 ReservedThreadExecutor@47a5b70d{reserved=1/8,pending=0}
02:56:42.217 [qtp782228073-56] DEBUG org.eclipse.jetty.util.thread.strategy.EatWhatYouKill - EatWhatYouKill@4a11eb84/SelectorProducer@4e858e0a/IDLE/p=true/QueuedThreadPool[qtp782228073]@2e9fda69{STARTED,8<=8<=200,i=1,r=-1,q=0}[ReservedThreadExecutor@47a5b70d{reserved=1/8,pending=0}][pc=0,pic=0,pec=0,epc=0]@2024-05-02T02:56:42.217+01:00 m=EXECUTE_PRODUCE_CONSUME t=CEP:SocketChannelEndPoint@32cdef79{l=/127.0.0.1:40197,r=/127.0.0.1:33998,OPEN,fill=FI,flush=-,to=1/30000}{io=1/0,kio=1,kro=1}->SslConnection@529d3acb{NOT_HANDSHAKING,eio=-1/-1,di=-1,fill=INTERESTED,flush=IDLE}~>DecryptedEndPoint@1b19396b{l=/127.0.0.1:40197,r=/127.0.0.1:33998,OPEN,fill=FI,flush=-,to=1/30000}=>HttpConnection@17e0980b[p=HttpParser{s=START,0 of -1},g=HttpGenerator@1d9392{s=START}]=>HttpChannelOverHttp@63ceb078{s=HttpChannelState@46f2b0eb{s=IDLE rs=BLOCKING os=OPEN is=IDLE awp=false se=false i=true al=0},r=0,c=false/false,a=IDLE,uri=null,age=0}:runFillable:BLOCKING/BLOCKING
02:56:42.217 [qtp782228073-55] DEBUG org.eclipse.jetty.util.thread.strategy.EatWhatYouKill - EatWhatYouKill@4a11eb84/SelectorProducer@4e858e0a/IDLE/p=true/QueuedThreadPool[qtp782228073]@2e9fda69{STARTED,8<=8<=200,i=1,r=-1,q=0}[ReservedThreadExecutor@47a5b70d{reserved=1/8,pending=0}][pc=0,pic=0,pec=0,epc=0]@2024-05-02T02:56:42.217+01:00 tryProduce true
02:56:42.217 [qtp782228073-55] DEBUG org.eclipse.jetty.io.ManagedSelector - updateable 0
02:56:42.217 [qtp782228073-55] DEBUG org.eclipse.jetty.io.ManagedSelector - updates 0
02:56:42.217 [qtp782228073-56] DEBUG org.eclipse.jetty.io.FillInterest - fillable FillInterest@4ff62a9f{SSLC.NBReadCB@529d3acb{SslConnection@529d3acb::SocketChannelEndPoint@32cdef79{l=/127.0.0.1:40197,r=/127.0.0.1:33998,OPEN,fill=FI,flush=-,to=1/30000}{io=1/0,kio=1,kro=1}->SslConnection@529d3acb{NOT_HANDSHAKING,eio=-1/-1,di=-1,fill=INTERESTED,flush=IDLE}~>DecryptedEndPoint@1b19396b{l=/127.0.0.1:40197,r=/127.0.0.1:33998,OPEN,fill=FI,flush=-,to=1/30000}=>HttpConnection@17e0980b[p=HttpParser{s=START,0 of -1},g=HttpGenerator@1d9392{s=START}]=>HttpChannelOverHttp@63ceb078{s=HttpChannelState@46f2b0eb{s=IDLE rs=BLOCKING os=OPEN is=IDLE awp=false se=false i=true al=0},r=0,c=false/false,a=IDLE,uri=null,age=0}}}
02:56:42.217 [qtp782228073-55] DEBUG org.eclipse.jetty.io.ChannelEndPoint - Key interests updated 1 -> 0 on SocketChannelEndPoint@32cdef79{l=/127.0.0.1:40197,r=/127.0.0.1:33998,OPEN,fill=-,flush=-,to=1/30000}{io=0/0,kio=0,kro=1}->SslConnection@529d3acb{NOT_HANDSHAKING,eio=-1/-1,di=-1,fill=INTERESTED,flush=IDLE}~>DecryptedEndPoint@1b19396b{l=/127.0.0.1:40197,r=/127.0.0.1:33998,OPEN,fill=FI,flush=-,to=1/30000}=>HttpConnection@17e0980b[p=HttpParser{s=START,0 of -1},g=HttpGenerator@1d9392{s=START}]=>HttpChannelOverHttp@63ceb078{s=HttpChannelState@46f2b0eb{s=IDLE rs=BLOCKING os=OPEN is=IDLE awp=false se=false i=true al=0},r=0,c=false/false,a=IDLE,uri=null,age=0}
02:56:42.217 [qtp782228073-56] DEBUG org.eclipse.jetty.io.ssl.SslConnection - >c.onFillable SslConnection@529d3acb::SocketChannelEndPoint@32cdef79{l=/127.0.0.1:40197,r=/127.0.0.1:33998,OPEN,fill=-,flush=-,to=1/30000}{io=0/0,kio=0,kro=1}->SslConnection@529d3acb{NOT_HANDSHAKING,eio=-1/-1,di=-1,fill=INTERESTED,flush=IDLE}~>DecryptedEndPoint@1b19396b{l=/127.0.0.1:40197,r=/127.0.0.1:33998,OPEN,fill=FI,flush=-,to=1/30000}=>HttpConnection@17e0980b[p=HttpParser{s=START,0 of -1},g=HttpGenerator@1d9392{s=START}]=>HttpChannelOverHttp@63ceb078{s=HttpChannelState@46f2b0eb{s=IDLE rs=BLOCKING os=OPEN is=IDLE awp=false se=false i=true al=0},r=0,c=false/false,a=IDLE,uri=null,age=0}
02:56:42.217 [qtp782228073-55] DEBUG org.eclipse.jetty.io.ManagedSelector - Selector sun.nio.ch.EPollSelectorImpl@4ae76178 waiting with 1 keys
02:56:42.218 [qtp782228073-56] DEBUG org.eclipse.jetty.io.ssl.SslConnection - onFillable SslConnection@529d3acb::SocketChannelEndPoint@32cdef79{l=/127.0.0.1:40197,r=/127.0.0.1:33998,OPEN,fill=-,flush=-,to=1/30000}{io=0/0,kio=0,kro=1}->SslConnection@529d3acb{NOT_HANDSHAKING,eio=-1/-1,di=-1,fill=INTERESTED,flush=IDLE}~>DecryptedEndPoint@1b19396b{l=/127.0.0.1:40197,r=/127.0.0.1:33998,OPEN,fill=FI,flush=-,to=2/30000}=>HttpConnection@17e0980b[p=HttpParser{s=START,0 of -1},g=HttpGenerator@1d9392{s=START}]=>HttpChannelOverHttp@63ceb078{s=HttpChannelState@46f2b0eb{s=IDLE rs=BLOCKING os=OPEN is=IDLE awp=false se=false i=true al=0},r=0,c=false/false,a=IDLE,uri=null,age=0}
02:56:42.218 [qtp782228073-56] DEBUG org.eclipse.jetty.io.FillInterest - fillable FillInterest@13ae635a{AC.ReadCB@17e0980b{HttpConnection@17e0980b::DecryptedEndPoint@1b19396b{l=/127.0.0.1:40197,r=/127.0.0.1:33998,OPEN,fill=FI,flush=-,to=2/30000}}}
02:56:42.218 [qtp782228073-56] DEBUG org.eclipse.jetty.server.HttpConnection - HttpConnection@17e0980b::DecryptedEndPoint@1b19396b{l=/127.0.0.1:40197,r=/127.0.0.1:33998,OPEN,fill=-,flush=-,to=2/30000} onFillable enter HttpChannelState@46f2b0eb{s=IDLE rs=BLOCKING os=OPEN is=IDLE awp=false se=false i=true al=0} null
02:56:42.218 [qtp782228073-56] DEBUG org.eclipse.jetty.io.ssl.SslConnection - >fill SslConnection@529d3acb::SocketChannelEndPoint@32cdef79{l=/127.0.0.1:40197,r=/127.0.0.1:33998,OPEN,fill=-,flush=-,to=2/30000}{io=0/0,kio=0,kro=1}->SslConnection@529d3acb{NOT_HANDSHAKING,eio=-1/-1,di=-1,fill=IDLE,flush=IDLE}~>DecryptedEndPoint@1b19396b{l=/127.0.0.1:40197,r=/127.0.0.1:33998,OPEN,fill=-,flush=-,to=2/30000}=>HttpConnection@17e0980b[p=HttpParser{s=START,0 of -1},g=HttpGenerator@1d9392{s=START}]=>HttpChannelOverHttp@63ceb078{s=HttpChannelState@46f2b0eb{s=IDLE rs=BLOCKING os=OPEN is=IDLE awp=false se=false i=true al=0},r=0,c=false/false,a=IDLE,uri=null,age=0}
02:56:42.218 [qtp782228073-56] DEBUG org.eclipse.jetty.io.ssl.SslConnection - fill NOT_HANDSHAKING
02:56:42.218 [qtp782228073-56] DEBUG org.eclipse.jetty.io.ChannelEndPoint - filled 339 HeapByteBuffer@1b26ebdb[p=0,l=339,c=17408,r=339]={<<<\x16\x03\x03\x01N\x01\x00\x01J\x03\x03\xF9\xC8\x9cB\xFf\xC0\x9f\xC3\xC9Y\x18\xEf\x97q...\x8a\x93\xAd\x0f\n\xEc\x0b\x9f\x92?i 9@T\x7f\x85\xF4\xFf\x01\x00\x01\x00>>>\xF9\xFb}{\xC0\xFag\xC6G...\x00\x00\x00\x00\x00\x00\x00}
02:56:42.219 [qtp782228073-56] DEBUG org.eclipse.jetty.io.ssl.SslConnection - net filled=339
02:56:42.219 [qtp782228073-56] DEBUG org.eclipse.jetty.io.ssl.SslConnection - fill starting handshake SslConnection@529d3acb::SocketChannelEndPoint@32cdef79{l=/127.0.0.1:40197,r=/127.0.0.1:33998,OPEN,fill=-,flush=-,to=0/30000}{io=0/0,kio=0,kro=1}->SslConnection@529d3acb{NOT_HANDSHAKING,eio=339/-1,di=-1,fill=IDLE,flush=IDLE}~>DecryptedEndPoint@1b19396b{l=/127.0.0.1:40197,r=/127.0.0.1:33998,OPEN,fill=-,flush=-,to=3/30000}=>HttpConnection@17e0980b[p=HttpParser{s=START,0 of -1},g=HttpGenerator@1d9392{s=START}]=>HttpChannelOverHttp@63ceb078{s=HttpChannelState@46f2b0eb{s=IDLE rs=BLOCKING os=OPEN is=IDLE awp=false se=false i=true al=0},r=0,c=false/false,a=IDLE,uri=null,age=0}
02:56:42.219 [qtp782228073-56] DEBUG org.eclipse.jetty.io.ssl.SslConnection - unwrap net_filled=339 Status = OK HandshakeStatus = NEED_TASK bytesConsumed = 339 bytesProduced = 0 encryptedBuffer=[p=339,l=339,c=17408,r=0] unwrapBuffer=HeapByteBuffer@7acd6f6f[p=0,l=0,c=17408,r=0]={<<<>>>\x17\x03\x03\x00\xC9N+\xCb\x9d...\x00\x00\x00\x00\x00\x00\x00} appBuffer=HeapByteBuffer@7acd6f6f[p=0,l=0,c=17408,r=0]={<<<>>>\x17\x03\x03\x00\xC9N+\xCb\x9d...\x00\x00\x00\x00\x00\x00\x00}
02:56:42.219 [qtp782228073-56] DEBUG org.eclipse.jetty.io.ssl.SslConnection - fill NEED_TASK
02:56:42.228 [qtp782228073-56] DEBUG org.eclipse.jetty.io.ssl.SslConnection - fill NEED_WRAP
02:56:42.229 [qtp782228073-56] DEBUG org.eclipse.jetty.io.ssl.SslConnection - >flush SslConnection@529d3acb::SocketChannelEndPoint@32cdef79{l=/127.0.0.1:40197,r=/127.0.0.1:33998,OPEN,fill=-,flush=-,to=9/30000}{io=0/0,kio=0,kro=1}->SslConnection@529d3acb{NEED_WRAP,eio=0/-1,di=-1,fill=IDLE,flush=IDLE}~>DecryptedEndPoint@1b19396b{l=/127.0.0.1:40197,r=/127.0.0.1:33998,OPEN,fill=-,flush=-,to=12/30000}=>HttpConnection@17e0980b[p=HttpParser{s=START,0 of -1},g=HttpGenerator@1d9392{s=START}]=>HttpChannelOverHttp@63ceb078{s=HttpChannelState@46f2b0eb{s=IDLE rs=BLOCKING os=OPEN is=IDLE awp=false se=false i=true al=0},r=0,c=false/false,a=IDLE,uri=null,age=0}
02:56:42.229 [qtp782228073-56] DEBUG org.eclipse.jetty.io.ssl.SslConnection - flush b[0]=HeapByteBuffer@58f161d6[p=0,l=0,c=0,r=0]={<<<>>>}
02:56:42.229 [qtp782228073-56] DEBUG org.eclipse.jetty.io.ssl.SslConnection - flush NEED_WRAP
02:56:42.229 [qtp782228073-56] DEBUG org.eclipse.jetty.io.ssl.SslConnection - wrap Status = OK HandshakeStatus = NEED_WRAP bytesConsumed = 0 bytesProduced = 160 [p=0,l=160,c=17408,r=160] ioDone=false/false
02:56:42.229 [qtp782228073-56] DEBUG org.eclipse.jetty.io.ChannelEndPoint - flushed 160 SocketChannelEndPoint@32cdef79{l=/127.0.0.1:40197,r=/127.0.0.1:33998,OPEN,fill=-,flush=-,to=10/30000}{io=0/0,kio=0,kro=1}->SslConnection@529d3acb{NEED_WRAP,eio=0/0,di=-1,fill=IDLE,flush=IDLE}~>DecryptedEndPoint@1b19396b{l=/127.0.0.1:40197,r=/127.0.0.1:33998,OPEN,fill=-,flush=-,to=13/30000}=>HttpConnection@17e0980b[p=HttpParser{s=START,0 of -1},g=HttpGenerator@1d9392{s=START}]=>HttpChannelOverHttp@63ceb078{s=HttpChannelState@46f2b0eb{s=IDLE rs=BLOCKING os=OPEN is=IDLE awp=false se=false i=true al=0},r=0,c=false/false,a=IDLE,uri=null,age=0}
02:56:42.229 [qtp782228073-56] DEBUG org.eclipse.jetty.io.ssl.SslConnection - net flushed=true, ac=true
02:56:42.229 [qtp782228073-56] DEBUG org.eclipse.jetty.io.ssl.SslConnection - flush NEED_WRAP
02:56:42.229 [qtp782228073-56] DEBUG org.eclipse.jetty.io.ssl.SslConnection - wrap Status = OK HandshakeStatus = NEED_WRAP bytesConsumed = 0 bytesProduced = 6 [p=0,l=6,c=17408,r=6] ioDone=false/false
02:56:42.229 [qtp782228073-56] DEBUG org.eclipse.jetty.io.ChannelEndPoint - flushed 6 SocketChannelEndPoint@32cdef79{l=/127.0.0.1:40197,r=/127.0.0.1:33998,OPEN,fill=-,flush=-,to=0/30000}{io=0/0,kio=0,kro=1}->SslConnection@529d3acb{NEED_WRAP,eio=0/0,di=-1,fill=IDLE,flush=IDLE}~>DecryptedEndPoint@1b19396b{l=/127.0.0.1:40197,r=/127.0.0.1:33998,OPEN,fill=-,flush=-,to=13/30000}=>HttpConnection@17e0980b[p=HttpParser{s=START,0 of -1},g=HttpGenerator@1d9392{s=START}]=>HttpChannelOverHttp@63ceb078{s=HttpChannelState@46f2b0eb{s=IDLE rs=BLOCKING os=OPEN is=IDLE awp=false se=false i=true al=0},r=0,c=false/false,a=IDLE,uri=null,age=0}
02:56:42.229 [qtp782228073-56] DEBUG org.eclipse.jetty.io.ssl.SslConnection - net flushed=true, ac=true
02:56:42.229 [qtp782228073-56] DEBUG org.eclipse.jetty.io.ssl.SslConnection - flush NEED_WRAP
02:56:42.230 [qtp782228073-56] DEBUG org.eclipse.jetty.io.ssl.SslConnection - wrap Status = OK HandshakeStatus = NEED_UNWRAP bytesConsumed = 0 bytesProduced = 1597 [p=0,l=1597,c=17408,r=1597] ioDone=false/false
02:56:42.230 [qtp782228073-56] DEBUG org.eclipse.jetty.io.ChannelEndPoint - flushed 1597 SocketChannelEndPoint@32cdef79{l=/127.0.0.1:40197,r=/127.0.0.1:33998,OPEN,fill=-,flush=-,to=0/30000}{io=0/0,kio=0,kro=1}->SslConnection@529d3acb{NEED_UNWRAP,eio=0/0,di=-1,fill=IDLE,flush=IDLE}~>DecryptedEndPoint@1b19396b{l=/127.0.0.1:40197,r=/127.0.0.1:33998,OPEN,fill=-,flush=-,to=14/30000}=>HttpConnection@17e0980b[p=HttpParser{s=START,0 of -1},g=HttpGenerator@1d9392{s=START}]=>HttpChannelOverHttp@63ceb078{s=HttpChannelState@46f2b0eb{s=IDLE rs=BLOCKING os=OPEN is=IDLE awp=false se=false i=true al=0},r=0,c=false/false,a=IDLE,uri=null,age=0}
02:56:42.230 [qtp782228073-56] DEBUG org.eclipse.jetty.io.ssl.SslConnection - net flushed=true, ac=true
02:56:42.230 [qtp782228073-56] DEBUG org.eclipse.jetty.io.ssl.SslConnection - <flush true SslConnection@529d3acb::SocketChannelEndPoint@32cdef79{l=/127.0.0.1:40197,r=/127.0.0.1:33998,OPEN,fill=-,flush=-,to=0/30000}{io=0/0,kio=0,kro=1}->SslConnection@529d3acb{NEED_UNWRAP,eio=0/-1,di=-1,fill=IDLE,flush=IDLE}~>DecryptedEndPoint@1b19396b{l=/127.0.0.1:40197,r=/127.0.0.1:33998,OPEN,fill=-,flush=-,to=14/30000}=>HttpConnection@17e0980b[p=HttpParser{s=START,0 of -1},g=HttpGenerator@1d9392{s=START}]=>HttpChannelOverHttp@63ceb078{s=HttpChannelState@46f2b0eb{s=IDLE rs=BLOCKING os=OPEN is=IDLE awp=false se=false i=true al=0},r=0,c=false/false,a=IDLE,uri=null,age=0}
02:56:42.230 [qtp782228073-56] DEBUG org.eclipse.jetty.io.ssl.SslConnection - fill NEED_UNWRAP
02:56:42.230 [qtp782228073-56] DEBUG org.eclipse.jetty.io.ChannelEndPoint - filled 0 HeapByteBuffer@1b26ebdb[p=0,l=0,c=17408,r=0]={<<<>>>\x16\x03\x03\x01N\x01\x00\x01J...\x00\x00\x00\x00\x00\x00\x00}
02:56:42.230 [qtp782228073-56] DEBUG org.eclipse.jetty.io.ssl.SslConnection - net filled=0
02:56:42.230 [qtp782228073-56] DEBUG org.eclipse.jetty.io.ssl.SslConnection - unwrap net_filled=0 Status = BUFFER_UNDERFLOW HandshakeStatus = NEED_UNWRAP bytesConsumed = 0 bytesProduced = 0 encryptedBuffer=[p=0,l=0,c=17408,r=0] unwrapBuffer=HeapByteBuffer@7acd6f6f[p=0,l=0,c=17408,r=0]={<<<>>>\x17\x03\x03\x00\xC9N+\xCb\x9d...\x00\x00\x00\x00\x00\x00\x00} appBuffer=HeapByteBuffer@7acd6f6f[p=0,l=0,c=17408,r=0]={<<<>>>\x17\x03\x03\x00\xC9N+\xCb\x9d...\x00\x00\x00\x00\x00\x00\x00}
02:56:42.230 [qtp782228073-56] DEBUG org.eclipse.jetty.io.ssl.SslConnection - <fill f=0 uf=true SslConnection@529d3acb::SocketChannelEndPoint@32cdef79{l=/127.0.0.1:40197,r=/127.0.0.1:33998,OPEN,fill=-,flush=-,to=0/30000}{io=0/0,kio=0,kro=1}->SslConnection@529d3acb{NEED_UNWRAP,eio=-1/-1,di=-1,fill=IDLE,flush=IDLE}~>DecryptedEndPoint@1b19396b{l=/127.0.0.1:40197,r=/127.0.0.1:33998,OPEN,fill=-,flush=-,to=14/30000}=>HttpConnection@17e0980b[p=HttpParser{s=START,0 of -1},g=HttpGenerator@1d9392{s=START}]=>HttpChannelOverHttp@63ceb078{s=HttpChannelState@46f2b0eb{s=IDLE rs=BLOCKING os=OPEN is=IDLE awp=false se=false i=true al=0},r=0,c=false/false,a=IDLE,uri=null,age=0}
02:56:42.230 [qtp782228073-56] DEBUG org.eclipse.jetty.io.ssl.SslConnection - >fill SslConnection@529d3acb::SocketChannelEndPoint@32cdef79{l=/127.0.0.1:40197,r=/127.0.0.1:33998,OPEN,fill=-,flush=-,to=0/30000}{io=0/0,kio=0,kro=1}->SslConnection@529d3acb{NEED_UNWRAP,eio=-1/-1,di=-1,fill=IDLE,flush=IDLE}~>DecryptedEndPoint@1b19396b{l=/127.0.0.1:40197,r=/127.0.0.1:33998,OPEN,fill=-,flush=-,to=14/30000}=>HttpConnection@17e0980b[p=HttpParser{s=START,0 of -1},g=HttpGenerator@1d9392{s=START}]=>HttpChannelOverHttp@63ceb078{s=HttpChannelState@46f2b0eb{s=IDLE rs=BLOCKING os=OPEN is=IDLE awp=false se=false i=true al=0},r=0,c=false/false,a=IDLE,uri=null,age=0}
02:56:42.230 [qtp782228073-56] DEBUG org.eclipse.jetty.io.ssl.SslConnection - fill NEED_UNWRAP
02:56:42.230 [qtp782228073-56] DEBUG org.eclipse.jetty.io.ChannelEndPoint - filled 0 HeapByteBuffer@740a9f9e[p=0,l=0,c=17408,r=0]={<<<>>>\x17\x03\x03\x068\xDcSh\x0e...\x00\x00\x00\x00\x00\x00\x00}
02:56:42.230 [qtp782228073-56] DEBUG org.eclipse.jetty.io.ssl.SslConnection - net filled=0
02:56:42.230 [qtp782228073-56] DEBUG org.eclipse.jetty.io.ssl.SslConnection - unwrap net_filled=0 Status = BUFFER_UNDERFLOW HandshakeStatus = NEED_UNWRAP bytesConsumed = 0 bytesProduced = 0 encryptedBuffer=[p=0,l=0,c=17408,r=0] unwrapBuffer=HeapByteBuffer@7acd6f6f[p=0,l=0,c=17408,r=0]={<<<>>>\x17\x03\x03\x00\xC9N+\xCb\x9d...\x00\x00\x00\x00\x00\x00\x00} appBuffer=HeapByteBuffer@7acd6f6f[p=0,l=0,c=17408,r=0]={<<<>>>\x17\x03\x03\x00\xC9N+\xCb\x9d...\x00\x00\x00\x00\x00\x00\x00}
02:56:42.230 [qtp782228073-56] DEBUG org.eclipse.jetty.io.ssl.SslConnection - <fill f=0 uf=true SslConnection@529d3acb::SocketChannelEndPoint@32cdef79{l=/127.0.0.1:40197,r=/127.0.0.1:33998,OPEN,fill=-,flush=-,to=0/30000}{io=0/0,kio=0,kro=1}->SslConnection@529d3acb{NEED_UNWRAP,eio=-1/-1,di=-1,fill=IDLE,flush=IDLE}~>DecryptedEndPoint@1b19396b{l=/127.0.0.1:40197,r=/127.0.0.1:33998,OPEN,fill=-,flush=-,to=14/30000}=>HttpConnection@17e0980b[p=HttpParser{s=START,0 of -1},g=HttpGenerator@1d9392{s=START}]=>HttpChannelOverHttp@63ceb078{s=HttpChannelState@46f2b0eb{s=IDLE rs=BLOCKING os=OPEN is=IDLE awp=false se=false i=true al=0},r=0,c=false/false,a=IDLE,uri=null,age=0}
02:56:42.230 [qtp782228073-56] DEBUG org.eclipse.jetty.server.HttpConnection - HttpConnection@17e0980b::DecryptedEndPoint@1b19396b{l=/127.0.0.1:40197,r=/127.0.0.1:33998,OPEN,fill=-,flush=-,to=14/30000} filled 0 HeapByteBuffer@7acd6f6f[p=0,l=0,c=17408,r=0]={<<<>>>\x17\x03\x03\x00\xC9N+\xCb\x9d...\x00\x00\x00\x00\x00\x00\x00}
02:56:42.230 [qtp782228073-56] DEBUG org.eclipse.jetty.server.HttpConnection - HttpConnection@17e0980b::DecryptedEndPoint@1b19396b{l=/127.0.0.1:40197,r=/127.0.0.1:33998,OPEN,fill=-,flush=-,to=14/30000} parse HeapByteBuffer@7acd6f6f[p=0,l=0,c=17408,r=0]={<<<>>>\x17\x03\x03\x00\xC9N+\xCb\x9d...\x00\x00\x00\x00\x00\x00\x00} {}
02:56:42.230 [qtp782228073-56] DEBUG org.eclipse.jetty.http.HttpParser - parseNext s=START HeapByteBuffer@7acd6f6f[p=0,l=0,c=17408,r=0]={<<<>>>\x17\x03\x03\x00\xC9N+\xCb\x9d...\x00\x00\x00\x00\x00\x00\x00}
02:56:42.231 [qtp782228073-56] DEBUG org.eclipse.jetty.server.HttpConnection - HttpConnection@17e0980b::DecryptedEndPoint@1b19396b{l=/127.0.0.1:40197,r=/127.0.0.1:33998,OPEN,fill=-,flush=-,to=15/30000} parsed false HttpParser{s=START,0 of -1}
02:56:42.231 [qtp782228073-56] DEBUG org.eclipse.jetty.server.HttpConnection - releaseRequestBuffer HttpConnection@17e0980b::DecryptedEndPoint@1b19396b{l=/127.0.0.1:40197,r=/127.0.0.1:33998,OPEN,fill=-,flush=-,to=15/30000}
02:56:42.231 [qtp782228073-56] DEBUG org.eclipse.jetty.io.AbstractConnection - fillInterested HttpConnection@17e0980b::DecryptedEndPoint@1b19396b{l=/127.0.0.1:40197,r=/127.0.0.1:33998,OPEN,fill=-,flush=-,to=15/30000}
02:56:42.231 [qtp782228073-56] DEBUG org.eclipse.jetty.io.FillInterest - interested FillInterest@13ae635a{AC.ReadCB@17e0980b{HttpConnection@17e0980b::DecryptedEndPoint@1b19396b{l=/127.0.0.1:40197,r=/127.0.0.1:33998,OPEN,fill=FI,flush=-,to=0/30000}}}
02:56:42.231 [qtp782228073-56] DEBUG org.eclipse.jetty.io.ssl.SslConnection - >needFillInterest s=IDLE/IDLE uf=true ei=null di=null SslConnection@529d3acb::SocketChannelEndPoint@32cdef79{l=/127.0.0.1:40197,r=/127.0.0.1:33998,OPEN,fill=-,flush=-,to=0/30000}{io=0/0,kio=0,kro=1}->SslConnection@529d3acb{NEED_UNWRAP,eio=-1/-1,di=-1,fill=IDLE,flush=IDLE}~>DecryptedEndPoint@1b19396b{l=/127.0.0.1:40197,r=/127.0.0.1:33998,OPEN,fill=FI,flush=-,to=0/30000}=>HttpConnection@17e0980b[p=HttpParser{s=START,0 of -1},g=HttpGenerator@1d9392{s=START}]=>HttpChannelOverHttp@63ceb078{s=HttpChannelState@46f2b0eb{s=IDLE rs=BLOCKING os=OPEN is=IDLE awp=false se=false i=true al=0},r=0,c=false/false,a=IDLE,uri=null,age=0}
02:56:42.231 [qtp782228073-56] DEBUG org.eclipse.jetty.io.ssl.SslConnection - <needFillInterest s=IDLE/INTERESTED f=false i=true w=null
02:56:42.231 [qtp782228073-56] DEBUG org.eclipse.jetty.io.ssl.SslConnection - ensureFillInterested SslConnection@529d3acb::SocketChannelEndPoint@32cdef79{l=/127.0.0.1:40197,r=/127.0.0.1:33998,OPEN,fill=-,flush=-,to=0/30000}{io=0/0,kio=0,kro=1}->SslConnection@529d3acb{NEED_UNWRAP,eio=-1/-1,di=-1,fill=INTERESTED,flush=IDLE}~>DecryptedEndPoint@1b19396b{l=/127.0.0.1:40197,r=/127.0.0.1:33998,OPEN,fill=FI,flush=-,to=0/30000}=>HttpConnection@17e0980b[p=HttpParser{s=START,0 of -1},g=HttpGenerator@1d9392{s=START}]=>HttpChannelOverHttp@63ceb078{s=HttpChannelState@46f2b0eb{s=IDLE rs=BLOCKING os=OPEN is=IDLE awp=false se=false i=true al=0},r=0,c=false/false,a=IDLE,uri=null,age=0}
02:56:42.231 [qtp782228073-56] DEBUG org.eclipse.jetty.io.FillInterest - interested FillInterest@4ff62a9f{SSLC.NBReadCB@529d3acb{SslConnection@529d3acb::SocketChannelEndPoint@32cdef79{l=/127.0.0.1:40197,r=/127.0.0.1:33998,OPEN,fill=FI,flush=-,to=0/30000}{io=0/0,kio=0,kro=1}->SslConnection@529d3acb{NEED_UNWRAP,eio=-1/-1,di=-1,fill=INTERESTED,flush=IDLE}~>DecryptedEndPoint@1b19396b{l=/127.0.0.1:40197,r=/127.0.0.1:33998,OPEN,fill=FI,flush=-,to=0/30000}=>HttpConnection@17e0980b[p=HttpParser{s=START,0 of -1},g=HttpGenerator@1d9392{s=START}]=>HttpChannelOverHttp@63ceb078{s=HttpChannelState@46f2b0eb{s=IDLE rs=BLOCKING os=OPEN is=IDLE awp=false se=false i=true al=0},r=0,c=false/false,a=IDLE,uri=null,age=0}}}
02:56:42.231 [qtp782228073-56] DEBUG org.eclipse.jetty.io.ChannelEndPoint - changeInterests p=false 0->1 for SocketChannelEndPoint@32cdef79{l=/127.0.0.1:40197,r=/127.0.0.1:33998,OPEN,fill=FI,flush=-,to=0/30000}{io=0/1,kio=0,kro=1}->SslConnection@529d3acb{NEED_UNWRAP,eio=-1/-1,di=-1,fill=INTERESTED,flush=IDLE}~>DecryptedEndPoint@1b19396b{l=/127.0.0.1:40197,r=/127.0.0.1:33998,OPEN,fill=FI,flush=-,to=0/30000}=>HttpConnection@17e0980b[p=HttpParser{s=START,0 of -1},g=HttpGenerator@1d9392{s=START}]=>HttpChannelOverHttp@63ceb078{s=HttpChannelState@46f2b0eb{s=IDLE rs=BLOCKING os=OPEN is=IDLE awp=false se=false i=true al=0},r=0,c=false/false,a=IDLE,uri=null,age=0}
02:56:42.231 [qtp782228073-56] DEBUG org.eclipse.jetty.io.ManagedSelector - Queued change lazy=false org.eclipse.jetty.io.ChannelEndPoint$$Lambda$255/899789472@74860ac8 on ManagedSelector@435fb7b5{STARTED} id=0 keys=1 selected=0 updates=0
02:56:42.231 [qtp782228073-56] DEBUG org.eclipse.jetty.io.ManagedSelector - Wakeup on submit ManagedSelector@435fb7b5{STARTED} id=0 keys=1 selected=0 updates=1
02:56:42.231 [qtp782228073-55] DEBUG org.eclipse.jetty.io.ManagedSelector - Selector sun.nio.ch.EPollSelectorImpl@4ae76178 woken with none selected
02:56:42.231 [qtp782228073-56] DEBUG org.eclipse.jetty.server.HttpConnection - HttpConnection@17e0980b::DecryptedEndPoint@1b19396b{l=/127.0.0.1:40197,r=/127.0.0.1:33998,OPEN,fill=FI,flush=-,to=0/30000} onFillable exit HttpChannelState@46f2b0eb{s=IDLE rs=BLOCKING os=OPEN is=IDLE awp=false se=false i=true al=0} null
02:56:42.231 [qtp782228073-55] DEBUG org.eclipse.jetty.io.ManagedSelector - Selector sun.nio.ch.EPollSelectorImpl@4ae76178 woken up from select, 0/0/1 selected
02:56:42.231 [qtp782228073-55] DEBUG org.eclipse.jetty.io.ManagedSelector - Selector sun.nio.ch.EPollSelectorImpl@4ae76178 processing 0 keys, 1 updates
02:56:42.231 [qtp782228073-55] DEBUG org.eclipse.jetty.io.ManagedSelector - updateable 1
02:56:42.231 [qtp782228073-55] DEBUG org.eclipse.jetty.io.ManagedSelector - update org.eclipse.jetty.io.ChannelEndPoint$$Lambda$255/899789472@74860ac8
02:56:42.231 [qtp782228073-56] DEBUG org.eclipse.jetty.io.ssl.SslConnection - <c.onFillable SslConnection@529d3acb::SocketChannelEndPoint@32cdef79{l=/127.0.0.1:40197,r=/127.0.0.1:33998,OPEN,fill=FI,flush=-,to=0/30000}{io=0/1,kio=0,kro=1}->SslConnection@529d3acb{NEED_UNWRAP,eio=-1/-1,di=-1,fill=INTERESTED,flush=IDLE}~>DecryptedEndPoint@1b19396b{l=/127.0.0.1:40197,r=/127.0.0.1:33998,OPEN,fill=FI,flush=-,to=0/30000}=>HttpConnection@17e0980b[p=HttpParser{s=START,0 of -1},g=HttpGenerator@1d9392{s=START}]=>HttpChannelOverHttp@63ceb078{s=HttpChannelState@46f2b0eb{s=IDLE rs=BLOCKING os=OPEN is=IDLE awp=false se=false i=true al=0},r=0,c=false/false,a=IDLE,uri=null,age=0}
02:56:42.231 [qtp782228073-56] DEBUG org.eclipse.jetty.util.thread.QueuedThreadPool - ran org.eclipse.jetty.io.ManagedSelector$$Lambda$253/838473569@7bb6ab3a in QueuedThreadPool[qtp782228073]@2e9fda69{STARTED,8<=8<=200,i=1,r=-1,q=0}[ReservedThreadExecutor@47a5b70d{reserved=1/8,pending=0}]
02:56:42.231 [qtp782228073-55] DEBUG org.eclipse.jetty.io.ChannelEndPoint - Key interests updated 0 -> 1 on SocketChannelEndPoint@32cdef79{l=/127.0.0.1:40197,r=/127.0.0.1:33998,OPEN,fill=FI,flush=-,to=0/30000}{io=1/1,kio=1,kro=1}->SslConnection@529d3acb{NEED_UNWRAP,eio=-1/-1,di=-1,fill=INTERESTED,flush=IDLE}~>DecryptedEndPoint@1b19396b{l=/127.0.0.1:40197,r=/127.0.0.1:33998,OPEN,fill=FI,flush=-,to=0/30000}=>HttpConnection@17e0980b[p=HttpParser{s=START,0 of -1},g=HttpGenerator@1d9392{s=START}]=>HttpChannelOverHttp@63ceb078{s=HttpChannelState@46f2b0eb{s=IDLE rs=BLOCKING os=OPEN is=IDLE awp=false se=false i=true al=0},r=0,c=false/false,a=IDLE,uri=null,age=0}
02:56:42.231 [qtp782228073-55] DEBUG org.eclipse.jetty.io.ManagedSelector - updates 0
02:56:42.232 [qtp782228073-55] DEBUG org.eclipse.jetty.io.ManagedSelector - Selector sun.nio.ch.EPollSelectorImpl@4ae76178 waiting with 1 keys
02:56:42.232 [qtp782228073-55] DEBUG org.eclipse.jetty.io.ManagedSelector - Selector sun.nio.ch.EPollSelectorImpl@4ae76178 woken up from select, 1/1/1 selected
02:56:42.232 [qtp782228073-55] DEBUG org.eclipse.jetty.io.ManagedSelector - Selector sun.nio.ch.EPollSelectorImpl@4ae76178 processing 1 keys, 0 updates
02:56:42.232 [qtp782228073-55] DEBUG org.eclipse.jetty.io.ManagedSelector - selected 1 sun.nio.ch.SelectionKeyImpl@44208654 SocketChannelEndPoint@32cdef79{l=/127.0.0.1:40197,r=/127.0.0.1:33998,OPEN,fill=FI,flush=-,to=1/30000}{io=1/1,kio=1,kro=1}->SslConnection@529d3acb{NEED_UNWRAP,eio=-1/-1,di=-1,fill=INTERESTED,flush=IDLE}~>DecryptedEndPoint@1b19396b{l=/127.0.0.1:40197,r=/127.0.0.1:33998,OPEN,fill=FI,flush=-,to=1/30000}=>HttpConnection@17e0980b[p=HttpParser{s=START,0 of -1},g=HttpGenerator@1d9392{s=START}]=>HttpChannelOverHttp@63ceb078{s=HttpChannelState@46f2b0eb{s=IDLE rs=BLOCKING os=OPEN is=IDLE awp=false se=false i=true al=0},r=0,c=false/false,a=IDLE,uri=null,age=0} 
02:56:42.232 [qtp782228073-55] DEBUG org.eclipse.jetty.io.ChannelEndPoint - onSelected 1->0 r=true w=false for SocketChannelEndPoint@32cdef79{l=/127.0.0.1:40197,r=/127.0.0.1:33998,OPEN,fill=FI,flush=-,to=1/30000}{io=1/0,kio=1,kro=1}->SslConnection@529d3acb{NEED_UNWRAP,eio=-1/-1,di=-1,fill=INTERESTED,flush=IDLE}~>DecryptedEndPoint@1b19396b{l=/127.0.0.1:40197,r=/127.0.0.1:33998,OPEN,fill=FI,flush=-,to=1/30000}=>HttpConnection@17e0980b[p=HttpParser{s=START,0 of -1},g=HttpGenerator@1d9392{s=START}]=>HttpChannelOverHttp@63ceb078{s=HttpChannelState@46f2b0eb{s=IDLE rs=BLOCKING os=OPEN is=IDLE awp=false se=false i=true al=0},r=0,c=false/false,a=IDLE,uri=null,age=0}
02:56:42.232 [qtp782228073-55] DEBUG org.eclipse.jetty.io.ChannelEndPoint - task CEP:SocketChannelEndPoint@32cdef79{l=/127.0.0.1:40197,r=/127.0.0.1:33998,OPEN,fill=FI,flush=-,to=1/30000}{io=1/0,kio=1,kro=1}->SslConnection@529d3acb{NEED_UNWRAP,eio=-1/-1,di=-1,fill=INTERESTED,flush=IDLE}~>DecryptedEndPoint@1b19396b{l=/127.0.0.1:40197,r=/127.0.0.1:33998,OPEN,fill=FI,flush=-,to=1/30000}=>HttpConnection@17e0980b[p=HttpParser{s=START,0 of -1},g=HttpGenerator@1d9392{s=START}]=>HttpChannelOverHttp@63ceb078{s=HttpChannelState@46f2b0eb{s=IDLE rs=BLOCKING os=OPEN is=IDLE awp=false se=false i=true al=0},r=0,c=false/false,a=IDLE,uri=null,age=0}:runFillable:BLOCKING
02:56:42.232 [qtp782228073-55] DEBUG org.eclipse.jetty.util.thread.ReservedThreadExecutor - ReservedThreadExecutor@47a5b70d{reserved=1/8,pending=0} tryExecute EatWhatYouKill@4a11eb84/SelectorProducer@4e858e0a/PRODUCING/p=false/QueuedThreadPool[qtp782228073]@2e9fda69{STARTED,8<=8<=200,i=2,r=-1,q=0}[ReservedThreadExecutor@47a5b70d{reserved=1/8,pending=0}][pc=0,pic=0,pec=0,epc=1]@2024-05-02T02:56:42.232+01:00
02:56:42.232 [qtp782228073-55] DEBUG org.eclipse.jetty.util.thread.ReservedThreadExecutor - ReservedThreadExecutor@47a5b70d{reserved=0/8,pending=1} startReservedThread p=1
02:56:42.232 [qtp782228073-55] DEBUG org.eclipse.jetty.util.thread.QueuedThreadPool - queue ReservedThread@38342819{PENDING,thread=null} startThread=0
02:56:42.232 [qtp782228073-58] DEBUG org.eclipse.jetty.util.thread.QueuedThreadPool - run ReservedThread@38342819{PENDING,thread=null} in QueuedThreadPool[qtp782228073]@2e9fda69{STARTED,8<=8<=200,i=1,r=-1,q=0}[ReservedThreadExecutor@47a5b70d{reserved=0/8,pending=1}]
02:56:42.232 [qtp782228073-58] DEBUG org.eclipse.jetty.util.thread.ReservedThreadExecutor - ReservedThread@38342819{PENDING,thread=Thread[qtp782228073-58,5,main]} was=PENDING next=RESERVED size=0+1 capacity=8
02:56:42.233 [qtp782228073-58] DEBUG org.eclipse.jetty.util.thread.ReservedThreadExecutor - ReservedThread@38342819{RESERVED,thread=Thread[qtp782228073-58,5,main]} waiting ReservedThreadExecutor@47a5b70d{reserved=1/8,pending=0}
02:56:42.233 [qtp782228073-57] DEBUG org.eclipse.jetty.util.thread.ReservedThreadExecutor - ReservedThread@e8c8b37{RESERVED,thread=Thread[qtp782228073-57,5,main]} task=EatWhatYouKill@4a11eb84/SelectorProducer@4e858e0a/IDLE/p=true/QueuedThreadPool[qtp782228073]@2e9fda69{STARTED,8<=8<=200,i=1,r=-1,q=0}[ReservedThreadExecutor@47a5b70d{reserved=0/8,pending=1}][pc=0,pic=0,pec=0,epc=1]@2024-05-02T02:56:42.232+01:00 ReservedThreadExecutor@47a5b70d{reserved=1/8,pending=0}
02:56:42.233 [qtp782228073-57] DEBUG org.eclipse.jetty.util.thread.strategy.EatWhatYouKill - EatWhatYouKill@4a11eb84/SelectorProducer@4e858e0a/IDLE/p=true/QueuedThreadPool[qtp782228073]@2e9fda69{STARTED,8<=8<=200,i=1,r=-1,q=0}[ReservedThreadExecutor@47a5b70d{reserved=1/8,pending=0}][pc=0,pic=0,pec=0,epc=1]@2024-05-02T02:56:42.233+01:00 tryProduce true
02:56:42.233 [qtp782228073-55] DEBUG org.eclipse.jetty.util.thread.strategy.EatWhatYouKill - EatWhatYouKill@4a11eb84/SelectorProducer@4e858e0a/IDLE/p=true/QueuedThreadPool[qtp782228073]@2e9fda69{STARTED,8<=8<=200,i=1,r=-1,q=0}[ReservedThreadExecutor@47a5b70d{reserved=1/8,pending=0}][pc=0,pic=0,pec=0,epc=1]@2024-05-02T02:56:42.233+01:00 m=EXECUTE_PRODUCE_CONSUME t=CEP:SocketChannelEndPoint@32cdef79{l=/127.0.0.1:40197,r=/127.0.0.1:33998,OPEN,fill=FI,flush=-,to=1/30000}{io=1/0,kio=1,kro=1}->SslConnection@529d3acb{NEED_UNWRAP,eio=-1/-1,di=-1,fill=INTERESTED,flush=IDLE}~>DecryptedEndPoint@1b19396b{l=/127.0.0.1:40197,r=/127.0.0.1:33998,OPEN,fill=FI,flush=-,to=2/30000}=>HttpConnection@17e0980b[p=HttpParser{s=START,0 of -1},g=HttpGenerator@1d9392{s=START}]=>HttpChannelOverHttp@63ceb078{s=HttpChannelState@46f2b0eb{s=IDLE rs=BLOCKING os=OPEN is=IDLE awp=false se=false i=true al=0},r=0,c=false/false,a=IDLE,uri=null,age=0}:runFillable:BLOCKING/BLOCKING
02:56:42.233 [qtp782228073-57] DEBUG org.eclipse.jetty.io.ManagedSelector - updateable 0
02:56:42.233 [qtp782228073-57] DEBUG org.eclipse.jetty.io.ManagedSelector - updates 0
02:56:42.233 [qtp782228073-55] DEBUG org.eclipse.jetty.io.FillInterest - fillable FillInterest@4ff62a9f{SSLC.NBReadCB@529d3acb{SslConnection@529d3acb::SocketChannelEndPoint@32cdef79{l=/127.0.0.1:40197,r=/127.0.0.1:33998,OPEN,fill=FI,flush=-,to=1/30000}{io=1/0,kio=1,kro=1}->SslConnection@529d3acb{NEED_UNWRAP,eio=-1/-1,di=-1,fill=INTERESTED,flush=IDLE}~>DecryptedEndPoint@1b19396b{l=/127.0.0.1:40197,r=/127.0.0.1:33998,OPEN,fill=FI,flush=-,to=2/30000}=>HttpConnection@17e0980b[p=HttpParser{s=START,0 of -1},g=HttpGenerator@1d9392{s=START}]=>HttpChannelOverHttp@63ceb078{s=HttpChannelState@46f2b0eb{s=IDLE rs=BLOCKING os=OPEN is=IDLE awp=false se=false i=true al=0},r=0,c=false/false,a=IDLE,uri=null,age=0}}}
02:56:42.233 [qtp782228073-57] DEBUG org.eclipse.jetty.io.ChannelEndPoint - Key interests updated 1 -> 0 on SocketChannelEndPoint@32cdef79{l=/127.0.0.1:40197,r=/127.0.0.1:33998,OPEN,fill=FI,flush=-,to=1/30000}{io=0/0,kio=0,kro=1}->SslConnection@529d3acb{NEED_UNWRAP,eio=-1/-1,di=-1,fill=INTERESTED,flush=IDLE}~>DecryptedEndPoint@1b19396b{l=/127.0.0.1:40197,r=/127.0.0.1:33998,OPEN,fill=FI,flush=-,to=2/30000}=>HttpConnection@17e0980b[p=HttpParser{s=START,0 of -1},g=HttpGenerator@1d9392{s=START}]=>HttpChannelOverHttp@63ceb078{s=HttpChannelState@46f2b0eb{s=IDLE rs=BLOCKING os=OPEN is=IDLE awp=false se=false i=true al=0},r=0,c=false/false,a=IDLE,uri=null,age=0}
02:56:42.233 [qtp782228073-57] DEBUG org.eclipse.jetty.io.ManagedSelector - Selector sun.nio.ch.EPollSelectorImpl@4ae76178 waiting with 1 keys
02:56:42.233 [qtp782228073-55] DEBUG org.eclipse.jetty.io.ssl.SslConnection - >c.onFillable SslConnection@529d3acb::SocketChannelEndPoint@32cdef79{l=/127.0.0.1:40197,r=/127.0.0.1:33998,OPEN,fill=-,flush=-,to=1/30000}{io=0/0,kio=0,kro=1}->SslConnection@529d3acb{NEED_UNWRAP,eio=-1/-1,di=-1,fill=INTERESTED,flush=IDLE}~>DecryptedEndPoint@1b19396b{l=/127.0.0.1:40197,r=/127.0.0.1:33998,OPEN,fill=FI,flush=-,to=2/30000}=>HttpConnection@17e0980b[p=HttpParser{s=START,0 of -1},g=HttpGenerator@1d9392{s=START}]=>HttpChannelOverHttp@63ceb078{s=HttpChannelState@46f2b0eb{s=IDLE rs=BLOCKING os=OPEN is=IDLE awp=false se=false i=true al=0},r=0,c=false/false,a=IDLE,uri=null,age=0}
02:56:42.233 [qtp782228073-55] DEBUG org.eclipse.jetty.io.ssl.SslConnection - onFillable SslConnection@529d3acb::SocketChannelEndPoint@32cdef79{l=/127.0.0.1:40197,r=/127.0.0.1:33998,OPEN,fill=-,flush=-,to=2/30000}{io=0/0,kio=0,kro=1}->SslConnection@529d3acb{NEED_UNWRAP,eio=-1/-1,di=-1,fill=INTERESTED,flush=IDLE}~>DecryptedEndPoint@1b19396b{l=/127.0.0.1:40197,r=/127.0.0.1:33998,OPEN,fill=FI,flush=-,to=2/30000}=>HttpConnection@17e0980b[p=HttpParser{s=START,0 of -1},g=HttpGenerator@1d9392{s=START}]=>HttpChannelOverHttp@63ceb078{s=HttpChannelState@46f2b0eb{s=IDLE rs=BLOCKING os=OPEN is=IDLE awp=false se=false i=true al=0},r=0,c=false/false,a=IDLE,uri=null,age=0}
02:56:42.233 [qtp782228073-55] DEBUG org.eclipse.jetty.io.FillInterest - fillable FillInterest@13ae635a{AC.ReadCB@17e0980b{HttpConnection@17e0980b::DecryptedEndPoint@1b19396b{l=/127.0.0.1:40197,r=/127.0.0.1:33998,OPEN,fill=FI,flush=-,to=2/30000}}}
02:56:42.233 [qtp782228073-55] DEBUG org.eclipse.jetty.server.HttpConnection - HttpConnection@17e0980b::DecryptedEndPoint@1b19396b{l=/127.0.0.1:40197,r=/127.0.0.1:33998,OPEN,fill=-,flush=-,to=2/30000} onFillable enter HttpChannelState@46f2b0eb{s=IDLE rs=BLOCKING os=OPEN is=IDLE awp=false se=false i=true al=0} null
02:56:42.233 [qtp782228073-55] DEBUG org.eclipse.jetty.io.ssl.SslConnection - >fill SslConnection@529d3acb::SocketChannelEndPoint@32cdef79{l=/127.0.0.1:40197,r=/127.0.0.1:33998,OPEN,fill=-,flush=-,to=2/30000}{io=0/0,kio=0,kro=1}->SslConnection@529d3acb{NEED_UNWRAP,eio=-1/-1,di=-1,fill=IDLE,flush=IDLE}~>DecryptedEndPoint@1b19396b{l=/127.0.0.1:40197,r=/127.0.0.1:33998,OPEN,fill=-,flush=-,to=2/30000}=>HttpConnection@17e0980b[p=HttpParser{s=START,0 of -1},g=HttpGenerator@1d9392{s=START}]=>HttpChannelOverHttp@63ceb078{s=HttpChannelState@46f2b0eb{s=IDLE rs=BLOCKING os=OPEN is=IDLE awp=false se=false i=true al=0},r=0,c=false/false,a=IDLE,uri=null,age=0}
02:56:42.233 [qtp782228073-55] DEBUG org.eclipse.jetty.io.ssl.SslConnection - fill NEED_UNWRAP
02:56:42.233 [qtp782228073-55] DEBUG org.eclipse.jetty.io.ChannelEndPoint - filled 6 HeapByteBuffer@740a9f9e[p=0,l=6,c=17408,r=6]={<<<\x14\x03\x03\x00\x01\x01>>>Sh\x0e\xFa\x1a\xA2\xE5\x96\x14...\x00\x00\x00\x00\x00\x00\x00}
02:56:42.233 [qtp782228073-55] DEBUG org.eclipse.jetty.io.ssl.SslConnection - net filled=6
02:56:42.233 [qtp782228073-55] DEBUG org.eclipse.jetty.io.ssl.SslConnection - unwrap net_filled=6 Status = OK HandshakeStatus = NEED_UNWRAP bytesConsumed = 6 bytesProduced = 0 encryptedBuffer=[p=6,l=6,c=17408,r=0] unwrapBuffer=HeapByteBuffer@1b26ebdb[p=0,l=0,c=17408,r=0]={<<<>>>\x16\x03\x03\x01N\x01\x00\x01J...\x00\x00\x00\x00\x00\x00\x00} appBuffer=HeapByteBuffer@1b26ebdb[p=0,l=0,c=17408,r=0]={<<<>>>\x16\x03\x03\x01N\x01\x00\x01J...\x00\x00\x00\x00\x00\x00\x00}
02:56:42.233 [qtp782228073-55] DEBUG org.eclipse.jetty.io.ssl.SslConnection - fill NEED_UNWRAP
02:56:42.234 [qtp782228073-55] DEBUG org.eclipse.jetty.io.ChannelEndPoint - filled 0 HeapByteBuffer@740a9f9e[p=0,l=0,c=17408,r=0]={<<<>>>\x14\x03\x03\x00\x01\x01Sh\x0e...\x00\x00\x00\x00\x00\x00\x00}
02:56:42.234 [qtp782228073-55] DEBUG org.eclipse.jetty.io.ssl.SslConnection - net filled=0
02:56:42.234 [qtp782228073-55] DEBUG org.eclipse.jetty.io.ssl.SslConnection - unwrap net_filled=0 Status = BUFFER_UNDERFLOW HandshakeStatus = NEED_UNWRAP bytesConsumed = 0 bytesProduced = 0 encryptedBuffer=[p=0,l=0,c=17408,r=0] unwrapBuffer=HeapByteBuffer@1b26ebdb[p=0,l=0,c=17408,r=0]={<<<>>>\x16\x03\x03\x01N\x01\x00\x01J...\x00\x00\x00\x00\x00\x00\x00} appBuffer=HeapByteBuffer@1b26ebdb[p=0,l=0,c=17408,r=0]={<<<>>>\x16\x03\x03\x01N\x01\x00\x01J...\x00\x00\x00\x00\x00\x00\x00}
02:56:42.234 [qtp782228073-55] DEBUG org.eclipse.jetty.io.ssl.SslConnection - <fill f=0 uf=true SslConnection@529d3acb::SocketChannelEndPoint@32cdef79{l=/127.0.0.1:40197,r=/127.0.0.1:33998,OPEN,fill=-,flush=-,to=0/30000}{io=0/0,kio=0,kro=1}->SslConnection@529d3acb{NEED_UNWRAP,eio=-1/-1,di=-1,fill=IDLE,flush=IDLE}~>DecryptedEndPoint@1b19396b{l=/127.0.0.1:40197,r=/127.0.0.1:33998,OPEN,fill=-,flush=-,to=2/30000}=>HttpConnection@17e0980b[p=HttpParser{s=START,0 of -1},g=HttpGenerator@1d9392{s=START}]=>HttpChannelOverHttp@63ceb078{s=HttpChannelState@46f2b0eb{s=IDLE rs=BLOCKING os=OPEN is=IDLE awp=false se=false i=true al=0},r=0,c=false/false,a=IDLE,uri=null,age=0}
02:56:42.234 [qtp782228073-55] DEBUG org.eclipse.jetty.io.ssl.SslConnection - >fill SslConnection@529d3acb::SocketChannelEndPoint@32cdef79{l=/127.0.0.1:40197,r=/127.0.0.1:33998,OPEN,fill=-,flush=-,to=0/30000}{io=0/0,kio=0,kro=1}->SslConnection@529d3acb{NEED_UNWRAP,eio=-1/-1,di=-1,fill=IDLE,flush=IDLE}~>DecryptedEndPoint@1b19396b{l=/127.0.0.1:40197,r=/127.0.0.1:33998,OPEN,fill=-,flush=-,to=3/30000}=>HttpConnection@17e0980b[p=HttpParser{s=START,0 of -1},g=HttpGenerator@1d9392{s=START}]=>HttpChannelOverHttp@63ceb078{s=HttpChannelState@46f2b0eb{s=IDLE rs=BLOCKING os=OPEN is=IDLE awp=false se=false i=true al=0},r=0,c=false/false,a=IDLE,uri=null,age=0}
02:56:42.234 [qtp782228073-55] DEBUG org.eclipse.jetty.io.ssl.SslConnection - fill NEED_UNWRAP
02:56:42.234 [qtp782228073-55] DEBUG org.eclipse.jetty.io.ChannelEndPoint - filled 0 HeapByteBuffer@7acd6f6f[p=0,l=0,c=17408,r=0]={<<<>>>\x17\x03\x03\x00\xC9N+\xCb\x9d...\x00\x00\x00\x00\x00\x00\x00}
02:56:42.234 [qtp782228073-55] DEBUG org.eclipse.jetty.io.ssl.SslConnection - net filled=0
02:56:42.234 [qtp782228073-55] DEBUG org.eclipse.jetty.io.ssl.SslConnection - unwrap net_filled=0 Status = BUFFER_UNDERFLOW HandshakeStatus = NEED_UNWRAP bytesConsumed = 0 bytesProduced = 0 encryptedBuffer=[p=0,l=0,c=17408,r=0] unwrapBuffer=HeapByteBuffer@1b26ebdb[p=0,l=0,c=17408,r=0]={<<<>>>\x16\x03\x03\x01N\x01\x00\x01J...\x00\x00\x00\x00\x00\x00\x00} appBuffer=HeapByteBuffer@1b26ebdb[p=0,l=0,c=17408,r=0]={<<<>>>\x16\x03\x03\x01N\x01\x00\x01J...\x00\x00\x00\x00\x00\x00\x00}
02:56:42.234 [qtp782228073-55] DEBUG org.eclipse.jetty.io.ssl.SslConnection - <fill f=0 uf=true SslConnection@529d3acb::SocketChannelEndPoint@32cdef79{l=/127.0.0.1:40197,r=/127.0.0.1:33998,OPEN,fill=-,flush=-,to=0/30000}{io=0/0,kio=0,kro=1}->SslConnection@529d3acb{NEED_UNWRAP,eio=-1/-1,di=-1,fill=IDLE,flush=IDLE}~>DecryptedEndPoint@1b19396b{l=/127.0.0.1:40197,r=/127.0.0.1:33998,OPEN,fill=-,flush=-,to=3/30000}=>HttpConnection@17e0980b[p=HttpParser{s=START,0 of -1},g=HttpGenerator@1d9392{s=START}]=>HttpChannelOverHttp@63ceb078{s=HttpChannelState@46f2b0eb{s=IDLE rs=BLOCKING os=OPEN is=IDLE awp=false se=false i=true al=0},r=0,c=false/false,a=IDLE,uri=null,age=0}
02:56:42.234 [qtp782228073-55] DEBUG org.eclipse.jetty.server.HttpConnection - HttpConnection@17e0980b::DecryptedEndPoint@1b19396b{l=/127.0.0.1:40197,r=/127.0.0.1:33998,OPEN,fill=-,flush=-,to=3/30000} filled 0 HeapByteBuffer@1b26ebdb[p=0,l=0,c=17408,r=0]={<<<>>>\x16\x03\x03\x01N\x01\x00\x01J...\x00\x00\x00\x00\x00\x00\x00}
02:56:42.234 [qtp782228073-55] DEBUG org.eclipse.jetty.server.HttpConnection - HttpConnection@17e0980b::DecryptedEndPoint@1b19396b{l=/127.0.0.1:40197,r=/127.0.0.1:33998,OPEN,fill=-,flush=-,to=3/30000} parse HeapByteBuffer@1b26ebdb[p=0,l=0,c=17408,r=0]={<<<>>>\x16\x03\x03\x01N\x01\x00\x01J...\x00\x00\x00\x00\x00\x00\x00} {}
02:56:42.234 [qtp782228073-55] DEBUG org.eclipse.jetty.http.HttpParser - parseNext s=START HeapByteBuffer@1b26ebdb[p=0,l=0,c=17408,r=0]={<<<>>>\x16\x03\x03\x01N\x01\x00\x01J...\x00\x00\x00\x00\x00\x00\x00}
02:56:42.234 [qtp782228073-55] DEBUG org.eclipse.jetty.server.HttpConnection - HttpConnection@17e0980b::DecryptedEndPoint@1b19396b{l=/127.0.0.1:40197,r=/127.0.0.1:33998,OPEN,fill=-,flush=-,to=3/30000} parsed false HttpParser{s=START,0 of -1}
02:56:42.234 [qtp782228073-55] DEBUG org.eclipse.jetty.server.HttpConnection - releaseRequestBuffer HttpConnection@17e0980b::DecryptedEndPoint@1b19396b{l=/127.0.0.1:40197,r=/127.0.0.1:33998,OPEN,fill=-,flush=-,to=3/30000}
02:56:42.234 [qtp782228073-55] DEBUG org.eclipse.jetty.io.AbstractConnection - fillInterested HttpConnection@17e0980b::DecryptedEndPoint@1b19396b{l=/127.0.0.1:40197,r=/127.0.0.1:33998,OPEN,fill=-,flush=-,to=3/30000}
02:56:42.234 [qtp782228073-55] DEBUG org.eclipse.jetty.io.FillInterest - interested FillInterest@13ae635a{AC.ReadCB@17e0980b{HttpConnection@17e0980b::DecryptedEndPoint@1b19396b{l=/127.0.0.1:40197,r=/127.0.0.1:33998,OPEN,fill=FI,flush=-,to=0/30000}}}
02:56:42.234 [qtp782228073-55] DEBUG org.eclipse.jetty.io.ssl.SslConnection - >needFillInterest s=IDLE/IDLE uf=true ei=null di=null SslConnection@529d3acb::SocketChannelEndPoint@32cdef79{l=/127.0.0.1:40197,r=/127.0.0.1:33998,OPEN,fill=-,flush=-,to=0/30000}{io=0/0,kio=0,kro=1}->SslConnection@529d3acb{NEED_UNWRAP,eio=-1/-1,di=-1,fill=IDLE,flush=IDLE}~>DecryptedEndPoint@1b19396b{l=/127.0.0.1:40197,r=/127.0.0.1:33998,OPEN,fill=FI,flush=-,to=0/30000}=>HttpConnection@17e0980b[p=HttpParser{s=START,0 of -1},g=HttpGenerator@1d9392{s=START}]=>HttpChannelOverHttp@63ceb078{s=HttpChannelState@46f2b0eb{s=IDLE rs=BLOCKING os=OPEN is=IDLE awp=false se=false i=true al=0},r=0,c=false/false,a=IDLE,uri=null,age=0}
02:56:42.234 [qtp782228073-55] DEBUG org.eclipse.jetty.io.ssl.SslConnection - <needFillInterest s=IDLE/INTERESTED f=false i=true w=null
02:56:42.234 [qtp782228073-55] DEBUG org.eclipse.jetty.io.ssl.SslConnection - ensureFillInterested SslConnection@529d3acb::SocketChannelEndPoint@32cdef79{l=/127.0.0.1:40197,r=/127.0.0.1:33998,OPEN,fill=-,flush=-,to=0/30000}{io=0/0,kio=0,kro=1}->SslConnection@529d3acb{NEED_UNWRAP,eio=-1/-1,di=-1,fill=INTERESTED,flush=IDLE}~>DecryptedEndPoint@1b19396b{l=/127.0.0.1:40197,r=/127.0.0.1:33998,OPEN,fill=FI,flush=-,to=0/30000}=>HttpConnection@17e0980b[p=HttpParser{s=START,0 of -1},g=HttpGenerator@1d9392{s=START}]=>HttpChannelOverHttp@63ceb078{s=HttpChannelState@46f2b0eb{s=IDLE rs=BLOCKING os=OPEN is=IDLE awp=false se=false i=true al=0},r=0,c=false/false,a=IDLE,uri=null,age=0}
02:56:42.234 [qtp782228073-55] DEBUG org.eclipse.jetty.io.FillInterest - interested FillInterest@4ff62a9f{SSLC.NBReadCB@529d3acb{SslConnection@529d3acb::SocketChannelEndPoint@32cdef79{l=/127.0.0.1:40197,r=/127.0.0.1:33998,OPEN,fill=FI,flush=-,to=0/30000}{io=0/0,kio=0,kro=1}->SslConnection@529d3acb{NEED_UNWRAP,eio=-1/-1,di=-1,fill=INTERESTED,flush=IDLE}~>DecryptedEndPoint@1b19396b{l=/127.0.0.1:40197,r=/127.0.0.1:33998,OPEN,fill=FI,flush=-,to=0/30000}=>HttpConnection@17e0980b[p=HttpParser{s=START,0 of -1},g=HttpGenerator@1d9392{s=START}]=>HttpChannelOverHttp@63ceb078{s=HttpChannelState@46f2b0eb{s=IDLE rs=BLOCKING os=OPEN is=IDLE awp=false se=false i=true al=0},r=0,c=false/false,a=IDLE,uri=null,age=0}}}
02:56:42.234 [qtp782228073-55] DEBUG org.eclipse.jetty.io.ChannelEndPoint - changeInterests p=false 0->1 for SocketChannelEndPoint@32cdef79{l=/127.0.0.1:40197,r=/127.0.0.1:33998,OPEN,fill=FI,flush=-,to=0/30000}{io=0/1,kio=0,kro=1}->SslConnection@529d3acb{NEED_UNWRAP,eio=-1/-1,di=-1,fill=INTERESTED,flush=IDLE}~>DecryptedEndPoint@1b19396b{l=/127.0.0.1:40197,r=/127.0.0.1:33998,OPEN,fill=FI,flush=-,to=0/30000}=>HttpConnection@17e0980b[p=HttpParser{s=START,0 of -1},g=HttpGenerator@1d9392{s=START}]=>HttpChannelOverHttp@63ceb078{s=HttpChannelState@46f2b0eb{s=IDLE rs=BLOCKING os=OPEN is=IDLE awp=false se=false i=true al=0},r=0,c=false/false,a=IDLE,uri=null,age=0}
02:56:42.234 [qtp782228073-55] DEBUG org.eclipse.jetty.io.ManagedSelector - Queued change lazy=false org.eclipse.jetty.io.ChannelEndPoint$$Lambda$255/899789472@74860ac8 on ManagedSelector@435fb7b5{STARTED} id=0 keys=1 selected=0 updates=0
02:56:42.235 [qtp782228073-55] DEBUG org.eclipse.jetty.io.ManagedSelector - Wakeup on submit ManagedSelector@435fb7b5{STARTED} id=0 keys=1 selected=0 updates=1
02:56:42.235 [qtp782228073-55] DEBUG org.eclipse.jetty.server.HttpConnection - HttpConnection@17e0980b::DecryptedEndPoint@1b19396b{l=/127.0.0.1:40197,r=/127.0.0.1:33998,OPEN,fill=FI,flush=-,to=0/30000} onFillable exit HttpChannelState@46f2b0eb{s=IDLE rs=BLOCKING os=OPEN is=IDLE awp=false se=false i=true al=0} null
02:56:42.235 [qtp782228073-57] DEBUG org.eclipse.jetty.io.ManagedSelector - Selector sun.nio.ch.EPollSelectorImpl@4ae76178 woken with none selected
02:56:42.235 [qtp782228073-57] DEBUG org.eclipse.jetty.io.ManagedSelector - Selector sun.nio.ch.EPollSelectorImpl@4ae76178 woken up from select, 0/0/1 selected
02:56:42.235 [qtp782228073-57] DEBUG org.eclipse.jetty.io.ManagedSelector - Selector sun.nio.ch.EPollSelectorImpl@4ae76178 processing 0 keys, 1 updates
02:56:42.235 [qtp782228073-57] DEBUG org.eclipse.jetty.io.ManagedSelector - updateable 1
02:56:42.235 [qtp782228073-55] DEBUG org.eclipse.jetty.io.ssl.SslConnection - <c.onFillable SslConnection@529d3acb::SocketChannelEndPoint@32cdef79{l=/127.0.0.1:40197,r=/127.0.0.1:33998,OPEN,fill=FI,flush=-,to=0/30000}{io=0/1,kio=0,kro=1}->SslConnection@529d3acb{NEED_UNWRAP,eio=-1/-1,di=-1,fill=INTERESTED,flush=IDLE}~>DecryptedEndPoint@1b19396b{l=/127.0.0.1:40197,r=/127.0.0.1:33998,OPEN,fill=FI,flush=-,to=0/30000}=>HttpConnection@17e0980b[p=HttpParser{s=START,0 of -1},g=HttpGenerator@1d9392{s=START}]=>HttpChannelOverHttp@63ceb078{s=HttpChannelState@46f2b0eb{s=IDLE rs=BLOCKING os=OPEN is=IDLE awp=false se=false i=true al=0},r=0,c=false/false,a=IDLE,uri=null,age=0}
02:56:42.235 [qtp782228073-57] DEBUG org.eclipse.jetty.io.ManagedSelector - update org.eclipse.jetty.io.ChannelEndPoint$$Lambda$255/899789472@74860ac8
02:56:42.235 [qtp782228073-55] DEBUG org.eclipse.jetty.util.thread.ReservedThreadExecutor - ReservedThread@47fd854{RUNNING,thread=Thread[qtp782228073-55,5,main]} was=RUNNING next=RESERVED size=0+2 capacity=8
02:56:42.235 [qtp782228073-55] DEBUG org.eclipse.jetty.util.thread.ReservedThreadExecutor - ReservedThread@47fd854{RESERVED,thread=Thread[qtp782228073-55,5,main]} waiting ReservedThreadExecutor@47a5b70d{reserved=2/8,pending=0}
02:56:42.235 [qtp782228073-57] DEBUG org.eclipse.jetty.io.ChannelEndPoint - Key interests updated 0 -> 1 on SocketChannelEndPoint@32cdef79{l=/127.0.0.1:40197,r=/127.0.0.1:33998,OPEN,fill=FI,flush=-,to=0/30000}{io=1/1,kio=1,kro=1}->SslConnection@529d3acb{NEED_UNWRAP,eio=-1/-1,di=-1,fill=INTERESTED,flush=IDLE}~>DecryptedEndPoint@1b19396b{l=/127.0.0.1:40197,r=/127.0.0.1:33998,OPEN,fill=FI,flush=-,to=0/30000}=>HttpConnection@17e0980b[p=HttpParser{s=START,0 of -1},g=HttpGenerator@1d9392{s=START}]=>HttpChannelOverHttp@63ceb078{s=HttpChannelState@46f2b0eb{s=IDLE rs=BLOCKING os=OPEN is=IDLE awp=false se=false i=true al=0},r=0,c=false/false,a=IDLE,uri=null,age=0}
02:56:42.235 [qtp782228073-57] DEBUG org.eclipse.jetty.io.ManagedSelector - updates 0
02:56:42.235 [qtp782228073-57] DEBUG org.eclipse.jetty.io.ManagedSelector - Selector sun.nio.ch.EPollSelectorImpl@4ae76178 waiting with 1 keys
02:56:42.273 [qtp782228073-57] DEBUG org.eclipse.jetty.io.ManagedSelector - Selector sun.nio.ch.EPollSelectorImpl@4ae76178 woken up from select, 1/1/1 selected
02:56:42.273 [qtp782228073-57] DEBUG org.eclipse.jetty.io.ManagedSelector - Selector sun.nio.ch.EPollSelectorImpl@4ae76178 processing 1 keys, 0 updates
02:56:42.273 [qtp782228073-57] DEBUG org.eclipse.jetty.io.ManagedSelector - selected 1 sun.nio.ch.SelectionKeyImpl@44208654 SocketChannelEndPoint@32cdef79{l=/127.0.0.1:40197,r=/127.0.0.1:33998,OPEN,fill=FI,flush=-,to=38/30000}{io=1/1,kio=1,kro=1}->SslConnection@529d3acb{NEED_UNWRAP,eio=-1/-1,di=-1,fill=INTERESTED,flush=IDLE}~>DecryptedEndPoint@1b19396b{l=/127.0.0.1:40197,r=/127.0.0.1:33998,OPEN,fill=FI,flush=-,to=38/30000}=>HttpConnection@17e0980b[p=HttpParser{s=START,0 of -1},g=HttpGenerator@1d9392{s=START}]=>HttpChannelOverHttp@63ceb078{s=HttpChannelState@46f2b0eb{s=IDLE rs=BLOCKING os=OPEN is=IDLE awp=false se=false i=true al=0},r=0,c=false/false,a=IDLE,uri=null,age=0} 
02:56:42.273 [qtp782228073-57] DEBUG org.eclipse.jetty.io.ChannelEndPoint - onSelected 1->0 r=true w=false for SocketChannelEndPoint@32cdef79{l=/127.0.0.1:40197,r=/127.0.0.1:33998,OPEN,fill=FI,flush=-,to=38/30000}{io=1/0,kio=1,kro=1}->SslConnection@529d3acb{NEED_UNWRAP,eio=-1/-1,di=-1,fill=INTERESTED,flush=IDLE}~>DecryptedEndPoint@1b19396b{l=/127.0.0.1:40197,r=/127.0.0.1:33998,OPEN,fill=FI,flush=-,to=38/30000}=>HttpConnection@17e0980b[p=HttpParser{s=START,0 of -1},g=HttpGenerator@1d9392{s=START}]=>HttpChannelOverHttp@63ceb078{s=HttpChannelState@46f2b0eb{s=IDLE rs=BLOCKING os=OPEN is=IDLE awp=false se=false i=true al=0},r=0,c=false/false,a=IDLE,uri=null,age=0}
02:56:42.273 [qtp782228073-57] DEBUG org.eclipse.jetty.io.ChannelEndPoint - task CEP:SocketChannelEndPoint@32cdef79{l=/127.0.0.1:40197,r=/127.0.0.1:33998,OPEN,fill=FI,flush=-,to=38/30000}{io=1/0,kio=1,kro=1}->SslConnection@529d3acb{NEED_UNWRAP,eio=-1/-1,di=-1,fill=INTERESTED,flush=IDLE}~>DecryptedEndPoint@1b19396b{l=/127.0.0.1:40197,r=/127.0.0.1:33998,OPEN,fill=FI,flush=-,to=38/30000}=>HttpConnection@17e0980b[p=HttpParser{s=START,0 of -1},g=HttpGenerator@1d9392{s=START}]=>HttpChannelOverHttp@63ceb078{s=HttpChannelState@46f2b0eb{s=IDLE rs=BLOCKING os=OPEN is=IDLE awp=false se=false i=true al=0},r=0,c=false/false,a=IDLE,uri=null,age=0}:runFillable:BLOCKING
02:56:42.273 [qtp782228073-57] DEBUG org.eclipse.jetty.util.thread.ReservedThreadExecutor - ReservedThreadExecutor@47a5b70d{reserved=2/8,pending=0} tryExecute EatWhatYouKill@4a11eb84/SelectorProducer@4e858e0a/PRODUCING/p=false/QueuedThreadPool[qtp782228073]@2e9fda69{STARTED,8<=8<=200,i=1,r=-1,q=0}[ReservedThreadExecutor@47a5b70d{reserved=2/8,pending=0}][pc=0,pic=0,pec=0,epc=2]@2024-05-02T02:56:42.273+01:00
02:56:42.273 [qtp782228073-55] DEBUG org.eclipse.jetty.util.thread.ReservedThreadExecutor - ReservedThread@47fd854{RESERVED,thread=Thread[qtp782228073-55,5,main]} task=EatWhatYouKill@4a11eb84/SelectorProducer@4e858e0a/IDLE/p=true/QueuedThreadPool[qtp782228073]@2e9fda69{STARTED,8<=8<=200,i=1,r=-1,q=0}[ReservedThreadExecutor@47a5b70d{reserved=1/8,pending=0}][pc=0,pic=0,pec=0,epc=2]@2024-05-02T02:56:42.273+01:00 ReservedThreadExecutor@47a5b70d{reserved=1/8,pending=0}
02:56:42.273 [qtp782228073-57] DEBUG org.eclipse.jetty.util.thread.strategy.EatWhatYouKill - EatWhatYouKill@4a11eb84/SelectorProducer@4e858e0a/IDLE/p=true/QueuedThreadPool[qtp782228073]@2e9fda69{STARTED,8<=8<=200,i=1,r=-1,q=0}[ReservedThreadExecutor@47a5b70d{reserved=1/8,pending=0}][pc=0,pic=0,pec=0,epc=2]@2024-05-02T02:56:42.273+01:00 m=EXECUTE_PRODUCE_CONSUME t=CEP:SocketChannelEndPoint@32cdef79{l=/127.0.0.1:40197,r=/127.0.0.1:33998,OPEN,fill=FI,flush=-,to=39/30000}{io=1/0,kio=1,kro=1}->SslConnection@529d3acb{NEED_UNWRAP,eio=-1/-1,di=-1,fill=INTERESTED,flush=IDLE}~>DecryptedEndPoint@1b19396b{l=/127.0.0.1:40197,r=/127.0.0.1:33998,OPEN,fill=FI,flush=-,to=39/30000}=>HttpConnection@17e0980b[p=HttpParser{s=START,0 of -1},g=HttpGenerator@1d9392{s=START}]=>HttpChannelOverHttp@63ceb078{s=HttpChannelState@46f2b0eb{s=IDLE rs=BLOCKING os=OPEN is=IDLE awp=false se=false i=true al=0},r=0,c=false/false,a=IDLE,uri=null,age=0}:runFillable:BLOCKING/BLOCKING
02:56:42.274 [qtp782228073-55] DEBUG org.eclipse.jetty.util.thread.strategy.EatWhatYouKill - EatWhatYouKill@4a11eb84/SelectorProducer@4e858e0a/IDLE/p=true/QueuedThreadPool[qtp782228073]@2e9fda69{STARTED,8<=8<=200,i=1,r=-1,q=0}[ReservedThreadExecutor@47a5b70d{reserved=1/8,pending=0}][pc=0,pic=0,pec=0,epc=2]@2024-05-02T02:56:42.273+01:00 tryProduce true
02:56:42.274 [qtp782228073-57] DEBUG org.eclipse.jetty.io.FillInterest - fillable FillInterest@4ff62a9f{SSLC.NBReadCB@529d3acb{SslConnection@529d3acb::SocketChannelEndPoint@32cdef79{l=/127.0.0.1:40197,r=/127.0.0.1:33998,OPEN,fill=FI,flush=-,to=39/30000}{io=1/0,kio=1,kro=1}->SslConnection@529d3acb{NEED_UNWRAP,eio=-1/-1,di=-1,fill=INTERESTED,flush=IDLE}~>DecryptedEndPoint@1b19396b{l=/127.0.0.1:40197,r=/127.0.0.1:33998,OPEN,fill=FI,flush=-,to=39/30000}=>HttpConnection@17e0980b[p=HttpParser{s=START,0 of -1},g=HttpGenerator@1d9392{s=START}]=>HttpChannelOverHttp@63ceb078{s=HttpChannelState@46f2b0eb{s=IDLE rs=BLOCKING os=OPEN is=IDLE awp=false se=false i=true al=0},r=0,c=false/false,a=IDLE,uri=null,age=0}}}
02:56:42.274 [qtp782228073-55] DEBUG org.eclipse.jetty.io.ManagedSelector - updateable 0
02:56:42.274 [qtp782228073-55] DEBUG org.eclipse.jetty.io.ManagedSelector - updates 0
02:56:42.274 [qtp782228073-57] DEBUG org.eclipse.jetty.io.ssl.SslConnection - >c.onFillable SslConnection@529d3acb::SocketChannelEndPoint@32cdef79{l=/127.0.0.1:40197,r=/127.0.0.1:33998,OPEN,fill=-,flush=-,to=39/30000}{io=1/0,kio=1,kro=1}->SslConnection@529d3acb{NEED_UNWRAP,eio=-1/-1,di=-1,fill=INTERESTED,flush=IDLE}~>DecryptedEndPoint@1b19396b{l=/127.0.0.1:40197,r=/127.0.0.1:33998,OPEN,fill=FI,flush=-,to=39/30000}=>HttpConnection@17e0980b[p=HttpParser{s=START,0 of -1},g=HttpGenerator@1d9392{s=START}]=>HttpChannelOverHttp@63ceb078{s=HttpChannelState@46f2b0eb{s=IDLE rs=BLOCKING os=OPEN is=IDLE awp=false se=false i=true al=0},r=0,c=false/false,a=IDLE,uri=null,age=0}
02:56:42.274 [qtp782228073-55] DEBUG org.eclipse.jetty.io.ChannelEndPoint - Key interests updated 1 -> 0 on SocketChannelEndPoint@32cdef79{l=/127.0.0.1:40197,r=/127.0.0.1:33998,OPEN,fill=-,flush=-,to=39/30000}{io=0/0,kio=0,kro=1}->SslConnection@529d3acb{NEED_UNWRAP,eio=-1/-1,di=-1,fill=INTERESTED,flush=IDLE}~>DecryptedEndPoint@1b19396b{l=/127.0.0.1:40197,r=/127.0.0.1:33998,OPEN,fill=FI,flush=-,to=39/30000}=>HttpConnection@17e0980b[p=HttpParser{s=START,0 of -1},g=HttpGenerator@1d9392{s=START}]=>HttpChannelOverHttp@63ceb078{s=HttpChannelState@46f2b0eb{s=IDLE rs=BLOCKING os=OPEN is=IDLE awp=false se=false i=true al=0},r=0,c=false/false,a=IDLE,uri=null,age=0}
02:56:42.274 [qtp782228073-55] DEBUG org.eclipse.jetty.io.ManagedSelector - Selector sun.nio.ch.EPollSelectorImpl@4ae76178 waiting with 1 keys
02:56:42.274 [qtp782228073-57] DEBUG org.eclipse.jetty.io.ssl.SslConnection - onFillable SslConnection@529d3acb::SocketChannelEndPoint@32cdef79{l=/127.0.0.1:40197,r=/127.0.0.1:33998,OPEN,fill=-,flush=-,to=39/30000}{io=0/0,kio=0,kro=1}->SslConnection@529d3acb{NEED_UNWRAP,eio=-1/-1,di=-1,fill=INTERESTED,flush=IDLE}~>DecryptedEndPoint@1b19396b{l=/127.0.0.1:40197,r=/127.0.0.1:33998,OPEN,fill=FI,flush=-,to=39/30000}=>HttpConnection@17e0980b[p=HttpParser{s=START,0 of -1},g=HttpGenerator@1d9392{s=START}]=>HttpChannelOverHttp@63ceb078{s=HttpChannelState@46f2b0eb{s=IDLE rs=BLOCKING os=OPEN is=IDLE awp=false se=false i=true al=0},r=0,c=false/false,a=IDLE,uri=null,age=0}
02:56:42.274 [qtp782228073-57] DEBUG org.eclipse.jetty.io.FillInterest - fillable FillInterest@13ae635a{AC.ReadCB@17e0980b{HttpConnection@17e0980b::DecryptedEndPoint@1b19396b{l=/127.0.0.1:40197,r=/127.0.0.1:33998,OPEN,fill=FI,flush=-,to=39/30000}}}
02:56:42.274 [qtp782228073-57] DEBUG org.eclipse.jetty.server.HttpConnection - HttpConnection@17e0980b::DecryptedEndPoint@1b19396b{l=/127.0.0.1:40197,r=/127.0.0.1:33998,OPEN,fill=-,flush=-,to=39/30000} onFillable enter HttpChannelState@46f2b0eb{s=IDLE rs=BLOCKING os=OPEN is=IDLE awp=false se=false i=true al=0} null
02:56:42.274 [qtp782228073-57] DEBUG org.eclipse.jetty.io.ssl.SslConnection - >fill SslConnection@529d3acb::SocketChannelEndPoint@32cdef79{l=/127.0.0.1:40197,r=/127.0.0.1:33998,OPEN,fill=-,flush=-,to=39/30000}{io=0/0,kio=0,kro=1}->SslConnection@529d3acb{NEED_UNWRAP,eio=-1/-1,di=-1,fill=IDLE,flush=IDLE}~>DecryptedEndPoint@1b19396b{l=/127.0.0.1:40197,r=/127.0.0.1:33998,OPEN,fill=-,flush=-,to=39/30000}=>HttpConnection@17e0980b[p=HttpParser{s=START,0 of -1},g=HttpGenerator@1d9392{s=START}]=>HttpChannelOverHttp@63ceb078{s=HttpChannelState@46f2b0eb{s=IDLE rs=BLOCKING os=OPEN is=IDLE awp=false se=false i=true al=0},r=0,c=false/false,a=IDLE,uri=null,age=0}
02:56:42.274 [qtp782228073-57] DEBUG org.eclipse.jetty.io.ssl.SslConnection - fill NEED_UNWRAP
02:56:42.274 [qtp782228073-57] DEBUG org.eclipse.jetty.io.ChannelEndPoint - filled 1518 HeapByteBuffer@7acd6f6f[p=0,l=1518,c=17408,r=1518]={<<<\x17\x03\x03\x03\xAdD\xA2/h\x9aAgY\x9f\xC0\n\xF7\xF2\xAb<\x1a+\xDc\xD9K...\xC8\x7fj\x1eQY\xB4\x92\x0f\xBc(M\x9a\xB5\xC3\x0b""z_\x01w\xB6>>>\x00\x00\x00\x00\x00\x00\x00\x00\x00...\x00\x00\x00\x00\x00\x00\x00}
02:56:42.274 [qtp782228073-57] DEBUG org.eclipse.jetty.io.ssl.SslConnection - net filled=1518
02:56:42.275 [qtp782228073-57] DEBUG org.eclipse.jetty.io.ssl.SslConnection - unwrap net_filled=1518 Status = OK HandshakeStatus = NEED_TASK bytesConsumed = 946 bytesProduced = 0 encryptedBuffer=[p=946,l=1518,c=17408,r=572] unwrapBuffer=HeapByteBuffer@740a9f9e[p=0,l=0,c=17408,r=0]={<<<>>>\x14\x03\x03\x00\x01\x01Sh\x0e...\x00\x00\x00\x00\x00\x00\x00} appBuffer=HeapByteBuffer@740a9f9e[p=0,l=0,c=17408,r=0]={<<<>>>\x14\x03\x03\x00\x01\x01Sh\x0e...\x00\x00\x00\x00\x00\x00\x00}
02:56:42.275 [qtp782228073-57] DEBUG org.eclipse.jetty.io.ssl.SslConnection - fill NEED_TASK
02:56:42.275 [qtp782228073-57] DEBUG org.eclipse.jetty.io.ssl.SslConnection - fill NEED_UNWRAP
02:56:42.275 [qtp782228073-57] DEBUG org.eclipse.jetty.io.ChannelEndPoint - filled 0 HeapByteBuffer@7acd6f6f[p=946,l=1518,c=17408,r=572]={\x17\x03\x03\x03\xAd\x0b\x00\x03\x88...\xBe^6<\x9d#\x9c<<<\x17\x03\x03\x01)\xE6\xD7Yvq\xB1\x12(\x92\xB2\x0c\xD7\x03\xEe\x08\xA0\xA5\x03/#...\xC8\x7fj\x1eQY\xB4\x92\x0f\xBc(M\x9a\xB5\xC3\x0b""z_\x01w\xB6>>>\x00\x00\x00\x00\x00\x00\x00\x00\x00...\x00\x00\x00\x00\x00\x00\x00}
02:56:42.275 [qtp782228073-57] DEBUG org.eclipse.jetty.io.ssl.SslConnection - net filled=0
02:56:42.275 [qtp782228073-57] DEBUG org.eclipse.jetty.io.ssl.SslConnection - unwrap net_filled=0 Status = OK HandshakeStatus = NEED_TASK bytesConsumed = 302 bytesProduced = 0 encryptedBuffer=[p=1248,l=1518,c=17408,r=270] unwrapBuffer=HeapByteBuffer@740a9f9e[p=0,l=0,c=17408,r=0]={<<<>>>\x14\x03\x03\x00\x01\x01Sh\x0e...\x00\x00\x00\x00\x00\x00\x00} appBuffer=HeapByteBuffer@740a9f9e[p=0,l=0,c=17408,r=0]={<<<>>>\x14\x03\x03\x00\x01\x01Sh\x0e...\x00\x00\x00\x00\x00\x00\x00}
02:56:42.275 [qtp782228073-57] DEBUG org.eclipse.jetty.io.ssl.SslConnection - fill NEED_TASK
02:56:42.275 [qtp782228073-57] DEBUG org.eclipse.jetty.io.ssl.SslConnection - fill NEED_UNWRAP
02:56:42.275 [qtp782228073-57] DEBUG org.eclipse.jetty.io.ChannelEndPoint - filled 0 HeapByteBuffer@7acd6f6f[p=1248,l=1518,c=17408,r=270]={\x17\x03\x03\x03\xAd\x0b\x00\x03\x88...?\xA5H\xB1\xC5\xD3w<<<\x17\x03\x03\x00U\xA21+*is\xC2\xD9\xAd(r\x85\xEfC\xD2\x96\x8f&cr...\xC8\x7fj\x1eQY\xB4\x92\x0f\xBc(M\x9a\xB5\xC3\x0b""z_\x01w\xB6>>>\x00\x00\x00\x00\x00\x00\x00\x00\x00...\x00\x00\x00\x00\x00\x00\x00}
02:56:42.276 [qtp782228073-57] DEBUG org.eclipse.jetty.io.ssl.SslConnection - net filled=0
02:56:42.276 [qtp782228073-57] DEBUG org.eclipse.jetty.io.ssl.SslConnection - unwrap net_filled=0 Status = OK HandshakeStatus = NEED_WRAP bytesConsumed = 90 bytesProduced = 0 encryptedBuffer=[p=1338,l=1518,c=17408,r=180] unwrapBuffer=HeapByteBuffer@740a9f9e[p=0,l=0,c=17408,r=0]={<<<>>>\x14\x03\x03\x00\x01\x01Sh\x0e...\x00\x00\x00\x00\x00\x00\x00} appBuffer=HeapByteBuffer@740a9f9e[p=0,l=0,c=17408,r=0]={<<<>>>\x14\x03\x03\x00\x01\x01Sh\x0e...\x00\x00\x00\x00\x00\x00\x00}
02:56:42.276 [qtp782228073-57] DEBUG org.eclipse.jetty.io.ssl.SslConnection - fill NEED_WRAP
02:56:42.276 [qtp782228073-57] DEBUG org.eclipse.jetty.io.ssl.SslConnection - >flush SslConnection@529d3acb::SocketChannelEndPoint@32cdef79{l=/127.0.0.1:40197,r=/127.0.0.1:33998,OPEN,fill=-,flush=-,to=2/30000}{io=0/0,kio=0,kro=1}->SslConnection@529d3acb{NEED_WRAP,eio=180/-1,di=-1,fill=IDLE,flush=IDLE}~>DecryptedEndPoint@1b19396b{l=/127.0.0.1:40197,r=/127.0.0.1:33998,OPEN,fill=-,flush=-,to=42/30000}=>HttpConnection@17e0980b[p=HttpParser{s=START,0 of -1},g=HttpGenerator@1d9392{s=START}]=>HttpChannelOverHttp@63ceb078{s=HttpChannelState@46f2b0eb{s=IDLE rs=BLOCKING os=OPEN is=IDLE awp=false se=false i=true al=0},r=0,c=false/false,a=IDLE,uri=null,age=0}
02:56:42.276 [qtp782228073-57] DEBUG org.eclipse.jetty.io.ssl.SslConnection - flush b[0]=HeapByteBuffer@58f161d6[p=0,l=0,c=0,r=0]={<<<>>>}
02:56:42.276 [qtp782228073-57] DEBUG org.eclipse.jetty.io.ssl.SslConnection - flush NEED_WRAP
02:56:42.277 [qtp782228073-57] DEBUG org.eclipse.jetty.io.ssl.SslConnection - wrap Status = OK HandshakeStatus = FINISHED bytesConsumed = 0 bytesProduced = 88 [p=0,l=88,c=17408,r=88] ioDone=false/false
02:56:42.277 [qtp782228073-57] DEBUG org.eclipse.jetty.io.ChannelEndPoint - flushed 88 SocketChannelEndPoint@32cdef79{l=/127.0.0.1:40197,r=/127.0.0.1:33998,OPEN,fill=-,flush=-,to=2/30000}{io=0/0,kio=0,kro=1}->SslConnection@529d3acb{NOT_HANDSHAKING,eio=180/0,di=-1,fill=IDLE,flush=IDLE}~>DecryptedEndPoint@1b19396b{l=/127.0.0.1:40197,r=/127.0.0.1:33998,OPEN,fill=-,flush=-,to=42/30000}=>HttpConnection@17e0980b[p=HttpParser{s=START,0 of -1},g=HttpGenerator@1d9392{s=START}]=>HttpChannelOverHttp@63ceb078{s=HttpChannelState@46f2b0eb{s=IDLE rs=BLOCKING os=OPEN is=IDLE awp=false se=false i=true al=0},r=0,c=false/false,a=IDLE,uri=null,age=0}
02:56:42.277 [qtp782228073-57] DEBUG org.eclipse.jetty.io.ssl.SslConnection - net flushed=true, ac=true
02:56:42.277 [qtp782228073-57] DEBUG org.eclipse.jetty.io.ssl.SslConnection - handshake succeeded SslConnection@529d3acb::SocketChannelEndPoint@32cdef79{l=/127.0.0.1:40197,r=/127.0.0.1:33998,OPEN,fill=-,flush=-,to=0/30000}{io=0/0,kio=0,kro=1}->SslConnection@529d3acb{NOT_HANDSHAKING,eio=180/0,di=-1,fill=IDLE,flush=IDLE}~>DecryptedEndPoint@1b19396b{l=/127.0.0.1:40197,r=/127.0.0.1:33998,OPEN,fill=-,flush=-,to=42/30000}=>HttpConnection@17e0980b[p=HttpParser{s=START,0 of -1},g=HttpGenerator@1d9392{s=START}]=>HttpChannelOverHttp@63ceb078{s=HttpChannelState@46f2b0eb{s=IDLE rs=BLOCKING os=OPEN is=IDLE awp=false se=false i=true al=0},r=0,c=false/false,a=IDLE,uri=null,age=0} resumed server TLSv1.3/TLS_AES_256_GCM_SHA384
02:56:42.277 [qtp782228073-57] DEBUG org.eclipse.jetty.io.ssl.SslConnection - <flush true SslConnection@529d3acb::SocketChannelEndPoint@32cdef79{l=/127.0.0.1:40197,r=/127.0.0.1:33998,OPEN,fill=-,flush=-,to=0/30000}{io=0/0,kio=0,kro=1}->SslConnection@529d3acb{NOT_HANDSHAKING,eio=180/-1,di=-1,fill=IDLE,flush=IDLE}~>DecryptedEndPoint@1b19396b{l=/127.0.0.1:40197,r=/127.0.0.1:33998,OPEN,fill=-,flush=-,to=42/30000}=>HttpConnection@17e0980b[p=HttpParser{s=START,0 of -1},g=HttpGenerator@1d9392{s=START}]=>HttpChannelOverHttp@63ceb078{s=HttpChannelState@46f2b0eb{s=IDLE rs=BLOCKING os=OPEN is=IDLE awp=false se=false i=true al=0},r=0,c=false/false,a=IDLE,uri=null,age=0}
02:56:42.277 [qtp782228073-57] DEBUG org.eclipse.jetty.io.ssl.SslConnection - fill NOT_HANDSHAKING
02:56:42.277 [qtp782228073-57] DEBUG org.eclipse.jetty.io.ChannelEndPoint - filled 0 HeapByteBuffer@7acd6f6f[p=1338,l=1518,c=17408,r=180]={\x17\x03\x03\x03\xAd\x0b\x00\x03\x88...r9\x07\xAa* 4<<<\x17\x03\x03\x00\xAf\xEa\xAev\x15\xCf\xB7\xB5.\xE9"\xE3x\xEb+\xFbF_\xFd45...\xC8\x7fj\x1eQY\xB4\x92\x0f\xBc(M\x9a\xB5\xC3\x0b""z_\x01w\xB6>>>\x00\x00\x00\x00\x00\x00\x00\x00\x00...\x00\x00\x00\x00\x00\x00\x00}
02:56:42.277 [qtp782228073-57] DEBUG org.eclipse.jetty.io.ssl.SslConnection - net filled=0
02:56:42.277 [qtp782228073-57] DEBUG org.eclipse.jetty.io.ssl.SslConnection - unwrap net_filled=0 Status = OK HandshakeStatus = NOT_HANDSHAKING bytesConsumed = 180 bytesProduced = 142 encryptedBuffer=[p=1518,l=1518,c=17408,r=0] unwrapBuffer=HeapByteBuffer@740a9f9e[p=0,l=142,c=17408,r=142]={<<<GET /config.yml HTTP/1.1\r...gent: okhttp/3.12.3\r\n\r\n>>>\xC4\x03\xBb\xB8z\x9eo\x96\xCd...\x00\x00\x00\x00\x00\x00\x00} appBuffer=HeapByteBuffer@740a9f9e[p=0,l=142,c=17408,r=142]={<<<GET /config.yml HTTP/1.1\r...gent: okhttp/3.12.3\r\n\r\n>>>\xC4\x03\xBb\xB8z\x9eo\x96\xCd...\x00\x00\x00\x00\x00\x00\x00}
02:56:42.277 [qtp782228073-57] DEBUG org.eclipse.jetty.io.ssl.SslConnection - <fill f=142 uf=false SslConnection@529d3acb::SocketChannelEndPoint@32cdef79{l=/127.0.0.1:40197,r=/127.0.0.1:33998,OPEN,fill=-,flush=-,to=0/30000}{io=0/0,kio=0,kro=1}->SslConnection@529d3acb{NOT_HANDSHAKING,eio=-1/-1,di=-1,fill=IDLE,flush=IDLE}~>DecryptedEndPoint@1b19396b{l=/127.0.0.1:40197,r=/127.0.0.1:33998,OPEN,fill=-,flush=-,to=43/30000}=>HttpConnection@17e0980b[p=HttpParser{s=START,0 of -1},g=HttpGenerator@1d9392{s=START}]=>HttpChannelOverHttp@63ceb078{s=HttpChannelState@46f2b0eb{s=IDLE rs=BLOCKING os=OPEN is=IDLE awp=false se=false i=true al=0},r=0,c=false/false,a=IDLE,uri=null,age=0}
02:56:42.277 [qtp782228073-57] DEBUG org.eclipse.jetty.server.HttpConnection - HttpConnection@17e0980b::DecryptedEndPoint@1b19396b{l=/127.0.0.1:40197,r=/127.0.0.1:33998,OPEN,fill=-,flush=-,to=43/30000} filled 142 HeapByteBuffer@740a9f9e[p=0,l=142,c=17408,r=142]={<<<GET /config.yml HTTP/1.1\r...gent: okhttp/3.12.3\r\n\r\n>>>\xC4\x03\xBb\xB8z\x9eo\x96\xCd...\x00\x00\x00\x00\x00\x00\x00}
02:56:42.277 [qtp782228073-57] DEBUG org.eclipse.jetty.server.HttpConnection - HttpConnection@17e0980b::DecryptedEndPoint@1b19396b{l=/127.0.0.1:40197,r=/127.0.0.1:33998,OPEN,fill=-,flush=-,to=43/30000} parse HeapByteBuffer@740a9f9e[p=0,l=142,c=17408,r=142]={<<<GET /config.yml HTTP/1.1\r...gent: okhttp/3.12.3\r\n\r\n>>>\xC4\x03\xBb\xB8z\x9eo\x96\xCd...\x00\x00\x00\x00\x00\x00\x00} {}
02:56:42.277 [qtp782228073-57] DEBUG org.eclipse.jetty.http.HttpParser - parseNext s=START HeapByteBuffer@740a9f9e[p=0,l=142,c=17408,r=142]={<<<GET /config.yml HTTP/1.1\r...gent: okhttp/3.12.3\r\n\r\n>>>\xC4\x03\xBb\xB8z\x9eo\x96\xCd...\x00\x00\x00\x00\x00\x00\x00}
02:56:42.277 [qtp782228073-57] DEBUG org.eclipse.jetty.http.HttpParser - START --> SPACE1
02:56:42.277 [qtp782228073-57] DEBUG org.eclipse.jetty.http.HttpParser - SPACE1 --> URI
02:56:42.278 [qtp782228073-57] DEBUG org.eclipse.jetty.http.HttpParser - URI --> SPACE2
02:56:42.278 [qtp782228073-57] DEBUG org.eclipse.jetty.http.HttpParser - SPACE2 --> REQUEST_VERSION
02:56:42.278 [qtp782228073-57] DEBUG org.eclipse.jetty.http.HttpParser - REQUEST_VERSION --> HEADER
02:56:42.278 [qtp782228073-57] DEBUG org.eclipse.jetty.http.HttpParser - HEADER:If-None-Match --> VALUE
02:56:42.278 [qtp782228073-57] DEBUG org.eclipse.jetty.http.HttpParser - HEADER:If-None-Match --> FIELD
02:56:42.278 [qtp782228073-57] DEBUG org.eclipse.jetty.http.HttpParser - HEADER:Host --> VALUE
02:56:42.278 [qtp782228073-57] DEBUG org.eclipse.jetty.http.HttpParser - HEADER:Host --> IN_VALUE
02:56:42.278 [qtp782228073-57] DEBUG org.eclipse.jetty.http.HttpParser - HEADER:Host --> FIELD
02:56:42.278 [qtp782228073-57] DEBUG org.eclipse.jetty.http.HttpParser - HEADER:Connection: keep-alive --> IN_VALUE
02:56:42.278 [qtp782228073-57] DEBUG org.eclipse.jetty.http.HttpParser - HEADER:Connection: keep-alive --> FIELD
02:56:42.278 [qtp782228073-57] DEBUG org.eclipse.jetty.http.HttpParser - HEADER:Accept-Encoding: gzip --> IN_VALUE
02:56:42.278 [qtp782228073-57] DEBUG org.eclipse.jetty.http.HttpParser - HEADER:Accept-Encoding: gzip --> FIELD
02:56:42.278 [qtp782228073-57] DEBUG org.eclipse.jetty.http.HttpParser - HEADER:User-Agent --> VALUE
02:56:42.278 [qtp782228073-57] DEBUG org.eclipse.jetty.http.HttpParser - HEADER:User-Agent --> IN_VALUE
02:56:42.278 [qtp782228073-57] DEBUG org.eclipse.jetty.http.HttpParser - HEADER:User-Agent --> FIELD
02:56:42.278 [qtp782228073-57] DEBUG org.eclipse.jetty.http.HttpParser - HEADER --> CONTENT
02:56:42.278 [qtp782228073-57] DEBUG org.eclipse.jetty.server.HttpChannel - REQUEST for //localhost:40197/config.yml on HttpChannelOverHttp@63ceb078{s=HttpChannelState@46f2b0eb{s=IDLE rs=BLOCKING os=OPEN is=IDLE awp=false se=false i=true al=0},r=1,c=false/false,a=IDLE,uri=//localhost:40197/config.yml,age=0}
GET //localhost:40197/config.yml HTTP/1.1
If-None-Match: 
Host: localhost:40197
Connection: keep-alive
Accept-Encoding: gzip
User-Agent: okhttp/3.12.3


02:56:42.278 [qtp782228073-57] DEBUG org.eclipse.jetty.server.HttpConnection - HttpConnection@17e0980b::DecryptedEndPoint@1b19396b{l=/127.0.0.1:40197,r=/127.0.0.1:33998,OPEN,fill=-,flush=-,to=43/30000} parsed true HttpParser{s=CONTENT,0 of -1}
02:56:42.278 [qtp782228073-57] DEBUG org.eclipse.jetty.server.HttpConnection - releaseRequestBuffer HttpConnection@17e0980b::DecryptedEndPoint@1b19396b{l=/127.0.0.1:40197,r=/127.0.0.1:33998,OPEN,fill=-,flush=-,to=43/30000}
02:56:42.278 [qtp782228073-57] DEBUG org.eclipse.jetty.server.HttpChannel - handle //localhost:40197/config.yml HttpChannelOverHttp@63ceb078{s=HttpChannelState@46f2b0eb{s=IDLE rs=BLOCKING os=OPEN is=IDLE awp=false se=false i=true al=0},r=1,c=false/false,a=IDLE,uri=//localhost:40197/config.yml,age=0} 
02:56:42.278 [qtp782228073-57] DEBUG org.eclipse.jetty.server.HttpChannelState - handling HttpChannelState@46f2b0eb{s=IDLE rs=BLOCKING os=OPEN is=IDLE awp=false se=false i=true al=0}
02:56:42.278 [qtp782228073-57] DEBUG org.eclipse.jetty.server.HttpChannel - action DISPATCH HttpChannelOverHttp@63ceb078{s=HttpChannelState@46f2b0eb{s=HANDLING rs=BLOCKING os=OPEN is=IDLE awp=false se=false i=true al=0},r=1,c=false/false,a=HANDLING,uri=//localhost:40197/config.yml,age=0}
02:56:42.278 [qtp782228073-57] DEBUG org.eclipse.jetty.server.SecureRequestCustomizer - Host localhost with SNI null
02:56:42.278 [qtp782228073-57] DEBUG org.eclipse.jetty.server.Server - REQUEST GET /config.yml on HttpChannelOverHttp@63ceb078{s=HttpChannelState@46f2b0eb{s=HANDLING rs=BLOCKING os=OPEN is=IDLE awp=false se=false i=true al=0},r=1,c=false/false,a=HANDLING,uri=https://localhost:40197/config.yml,age=0}
02:56:42.278 [qtp782228073-57] DEBUG org.eclipse.jetty.server.HttpOutput - write(array HeapByteBuffer@6fd49b3[p=0,l=4,c=512,r=4]={<<<path>>>\x00\x00\x00\x00\x00\x00\x00\x00\x00...\x00\x00\x00\x00\x00\x00\x00})
02:56:42.278 [qtp782228073-57] DEBUG org.eclipse.jetty.server.HttpOutput - write(array) s=CLOSING,api=BLOCKED,sc=false,e=null last=true agg=false flush=true async=false, len=4 null
02:56:42.278 [qtp782228073-57] DEBUG org.eclipse.jetty.server.HttpChannel - sendResponse info=null content=HeapByteBuffer@6b7ad814[p=0,l=4,c=512,r=4]={<<<path>>>\x00\x00\x00\x00\x00\x00\x00\x00\x00...\x00\x00\x00\x00\x00\x00\x00} complete=true committing=true callback=Blocker@3315dadc{null}
02:56:42.278 [qtp782228073-57] DEBUG org.eclipse.jetty.server.HttpChannel - COMMIT for /config.yml on HttpChannelOverHttp@63ceb078{s=HttpChannelState@46f2b0eb{s=HANDLING rs=BLOCKING os=COMMITTED is=IDLE awp=false se=false i=true al=0},r=1,c=false/false,a=HANDLING,uri=https://localhost:40197/config.yml,age=0}
200 null HTTP/1.1
Date: Thu, 02 May 2024 01:56:42 GMT
ETag: testEtag
Content-Type: text/plain;charset=utf-8
Content-Length: 4


02:56:42.278 [qtp782228073-57] DEBUG org.eclipse.jetty.server.HttpConnection - generate: NEED_HEADER for SendCallback@20b25c94[PROCESSING][i=HTTP/1.1{s=200,h=4,cl=4},cb=org.eclipse.jetty.server.HttpChannel$SendCallback@4cee29e0] (null,[p=0,l=4,c=512,r=4],true)@START
02:56:42.278 [qtp782228073-57] DEBUG org.eclipse.jetty.http.HttpGenerator - generateHeaders HTTP/1.1{s=200,h=4,cl=4} last=true content=HeapByteBuffer@6b7ad814[p=0,l=4,c=512,r=4]={<<<path>>>\x00\x00\x00\x00\x00\x00\x00\x00\x00...\x00\x00\x00\x00\x00\x00\x00}
02:56:42.278 [qtp782228073-57] DEBUG org.eclipse.jetty.http.HttpGenerator - Date: Thu, 02 May 2024 01:56:42 GMT
ETag: testEtag
Content-Type: text/plain;charset=utf-8
Content-Length: 4


02:56:42.278 [qtp782228073-57] DEBUG org.eclipse.jetty.http.HttpGenerator - CONTENT_LENGTH
02:56:42.278 [qtp782228073-57] DEBUG org.eclipse.jetty.server.HttpConnection - generate: FLUSH for SendCallback@20b25c94[PROCESSING][i=HTTP/1.1{s=200,h=4,cl=4},cb=org.eclipse.jetty.server.HttpChannel$SendCallback@4cee29e0] ([p=0,l=164,c=8192,r=164],[p=0,l=4,c=512,r=4],true)@COMPLETING
02:56:42.278 [qtp782228073-57] DEBUG org.eclipse.jetty.io.WriteFlusher - write: WriteFlusher@71e9e211{IDLE}->null [HeapByteBuffer@7bc04565[p=0,l=164,c=8192,r=164]={<<<HTTP/1.1 200 OK\r\nDate: Th...y(9.4.44.v20210927)\r\n\r\n>>>\x00\x00\x00\x00\x00\x00\x00\x00\x00...\x00\x00\x00\x00\x00\x00\x00},HeapByteBuffer@6b7ad814[p=0,l=4,c=512,r=4]={<<<path>>>\x00\x00\x00\x00\x00\x00\x00\x00\x00...\x00\x00\x00\x00\x00\x00\x00}]
02:56:42.278 [qtp782228073-57] DEBUG org.eclipse.jetty.io.WriteFlusher - update WriteFlusher@71e9e211{WRITING}->null:IDLE-->WRITING
02:56:42.279 [qtp782228073-57] DEBUG org.eclipse.jetty.io.ssl.SslConnection - >flush SslConnection@529d3acb::SocketChannelEndPoint@32cdef79{l=/127.0.0.1:40197,r=/127.0.0.1:33998,OPEN,fill=-,flush=-,to=1/30000}{io=0/0,kio=0,kro=1}->SslConnection@529d3acb{NOT_HANDSHAKING,eio=-1/-1,di=-1,fill=IDLE,flush=IDLE}~>DecryptedEndPoint@1b19396b{l=/127.0.0.1:40197,r=/127.0.0.1:33998,OPEN,fill=-,flush=W,to=44/30000}=>HttpConnection@17e0980b[p=HttpParser{s=CONTENT,0 of -1},g=HttpGenerator@1d9392{s=COMPLETING}]=>HttpChannelOverHttp@63ceb078{s=HttpChannelState@46f2b0eb{s=HANDLING rs=BLOCKING os=COMMITTED is=IDLE awp=false se=false i=true al=0},r=1,c=false/false,a=HANDLING,uri=https://localhost:40197/config.yml,age=0}
02:56:42.279 [qtp782228073-57] DEBUG org.eclipse.jetty.io.ssl.SslConnection - flush b[0]=HeapByteBuffer@7bc04565[p=0,l=164,c=8192,r=164]={<<<HTTP/1.1 200 OK\r\nDate: Th...y(9.4.44.v20210927)\r\n\r\n>>>\x00\x00\x00\x00\x00\x00\x00\x00\x00...\x00\x00\x00\x00\x00\x00\x00}
02:56:42.279 [qtp782228073-57] DEBUG org.eclipse.jetty.io.ssl.SslConnection - flush b[1]=HeapByteBuffer@6b7ad814[p=0,l=4,c=512,r=4]={<<<path>>>\x00\x00\x00\x00\x00\x00\x00\x00\x00...\x00\x00\x00\x00\x00\x00\x00}
02:56:42.279 [qtp782228073-57] DEBUG org.eclipse.jetty.io.ssl.SslConnection - flush NOT_HANDSHAKING
02:56:42.279 [qtp782228073-57] DEBUG org.eclipse.jetty.io.ssl.SslConnection - wrap Status = OK HandshakeStatus = NOT_HANDSHAKING bytesConsumed = 168 bytesProduced = 206 [p=0,l=206,c=17408,r=206] ioDone=false/false
02:56:42.279 [qtp782228073-57] DEBUG org.eclipse.jetty.io.ChannelEndPoint - flushed 206 SocketChannelEndPoint@32cdef79{l=/127.0.0.1:40197,r=/127.0.0.1:33998,OPEN,fill=-,flush=-,to=2/30000}{io=0/0,kio=0,kro=1}->SslConnection@529d3acb{NOT_HANDSHAKING,eio=-1/0,di=-1,fill=IDLE,flush=IDLE}~>DecryptedEndPoint@1b19396b{l=/127.0.0.1:40197,r=/127.0.0.1:33998,OPEN,fill=-,flush=W,to=44/30000}=>HttpConnection@17e0980b[p=HttpParser{s=CONTENT,0 of -1},g=HttpGenerator@1d9392{s=COMPLETING}]=>HttpChannelOverHttp@63ceb078{s=HttpChannelState@46f2b0eb{s=HANDLING rs=BLOCKING os=COMMITTED is=IDLE awp=false se=false i=true al=0},r=1,c=false/false,a=HANDLING,uri=https://localhost:40197/config.yml,age=1}
02:56:42.279 [qtp782228073-57] DEBUG org.eclipse.jetty.io.ssl.SslConnection - net flushed=true, ac=true
02:56:42.279 [qtp782228073-57] DEBUG org.eclipse.jetty.io.ssl.SslConnection - <flush true SslConnection@529d3acb::SocketChannelEndPoint@32cdef79{l=/127.0.0.1:40197,r=/127.0.0.1:33998,OPEN,fill=-,flush=-,to=0/30000}{io=0/0,kio=0,kro=1}->SslConnection@529d3acb{NOT_HANDSHAKING,eio=-1/-1,di=-1,fill=IDLE,flush=IDLE}~>DecryptedEndPoint@1b19396b{l=/127.0.0.1:40197,r=/127.0.0.1:33998,OPEN,fill=-,flush=W,to=44/30000}=>HttpConnection@17e0980b[p=HttpParser{s=CONTENT,0 of -1},g=HttpGenerator@1d9392{s=COMPLETING}]=>HttpChannelOverHttp@63ceb078{s=HttpChannelState@46f2b0eb{s=HANDLING rs=BLOCKING os=COMMITTED is=IDLE awp=false se=false i=true al=0},r=1,c=false/false,a=HANDLING,uri=https://localhost:40197/config.yml,age=1}
02:56:42.279 [qtp782228073-57] DEBUG org.eclipse.jetty.io.WriteFlusher - Flushed=true written=168 remaining=0 WriteFlusher@71e9e211{WRITING}->null
02:56:42.279 [qtp782228073-57] DEBUG org.eclipse.jetty.io.WriteFlusher - update WriteFlusher@71e9e211{IDLE}->null:WRITING-->IDLE
02:56:42.279 [qtp782228073-57] DEBUG org.eclipse.jetty.server.HttpConnection - generate: DONE for SendCallback@20b25c94[PROCESSING][i=HTTP/1.1{s=200,h=4,cl=4},cb=org.eclipse.jetty.server.HttpChannel$SendCallback@4cee29e0] ([p=164,l=164,c=8192,r=0],[p=4,l=4,c=512,r=0],true)@END
02:56:42.279 [main] DEBUG org.apache.nifi.minifi.bootstrap.configuration.ingestors.PullHttpChangeIngestor - Response received: Response{protocol=http/1.1, code=200, message=OK, url=https://localhost:40197/config.yml}
02:56:42.279 [qtp782228073-57] DEBUG org.eclipse.jetty.server.HttpOutput - onWriteComplete(true,null) s=CLOSING,api=BLOCKED,sc=false,e=null->s=CLOSED,api=BLOCKING,sc=false,e=null c=null cb=null w=false
02:56:42.279 [qtp782228073-57] DEBUG org.eclipse.jetty.server.HttpOutput - close() s=CLOSED,api=BLOCKING,sc=false,e=null c=null b=null
02:56:42.279 [qtp782228073-57] DEBUG org.eclipse.jetty.server.Server - handled=true async=false committed=true on HttpChannelOverHttp@63ceb078{s=HttpChannelState@46f2b0eb{s=HANDLING rs=BLOCKING os=COMPLETED is=IDLE awp=false se=false i=true al=0},r=1,c=false/true,a=HANDLING,uri=https://localhost:40197/config.yml,age=1}
02:56:42.279 [qtp782228073-57] DEBUG org.eclipse.jetty.server.HttpChannelState - unhandle HttpChannelState@46f2b0eb{s=HANDLING rs=BLOCKING os=COMPLETED is=IDLE awp=false se=false i=true al=0}
02:56:42.279 [qtp782228073-57] DEBUG org.eclipse.jetty.server.HttpChannelState - nextAction(false) COMPLETE HttpChannelState@46f2b0eb{s=HANDLING rs=COMPLETING os=COMPLETED is=IDLE awp=false se=false i=false al=0}
02:56:42.279 [main] DEBUG org.apache.nifi.minifi.bootstrap.configuration.ingestors.PullHttpChangeIngestor - New change received, notifying listener
02:56:42.279 [qtp782228073-57] DEBUG org.eclipse.jetty.server.HttpChannel - action COMPLETE HttpChannelOverHttp@63ceb078{s=HttpChannelState@46f2b0eb{s=HANDLING rs=COMPLETING os=COMPLETED is=IDLE awp=false se=false i=false al=0},r=1,c=false/true,a=HANDLING,uri=https://localhost:40197/config.yml,age=1}
02:56:42.279 [qtp782228073-57] DEBUG org.eclipse.jetty.server.HttpOutput - complete(org.eclipse.jetty.util.Callback$3@6cb705ca) s=CLOSED,api=BLOCKING,sc=false,e=null s=true e=null, c=null
02:56:42.279 [main] DEBUG org.apache.nifi.minifi.bootstrap.configuration.ingestors.PullHttpChangeIngestor - Listeners notified
02:56:42.279 [qtp782228073-57] DEBUG org.eclipse.jetty.server.HttpChannelState - completed HttpChannelState@46f2b0eb{s=HANDLING rs=COMPLETING os=COMPLETED is=IDLE awp=false se=false i=false al=0}
02:56:42.279 [qtp782228073-57] DEBUG org.eclipse.jetty.server.HttpChannelState - unhandle HttpChannelState@46f2b0eb{s=HANDLING rs=COMPLETED os=COMPLETED is=IDLE awp=false se=false i=false al=0}
02:56:42.279 [qtp782228073-57] DEBUG org.eclipse.jetty.server.HttpChannelState - nextAction(false) TERMINATED HttpChannelState@46f2b0eb{s=IDLE rs=COMPLETED os=COMPLETED is=IDLE awp=false se=false i=false al=0}
02:56:42.279 [qtp782228073-57] DEBUG org.eclipse.jetty.server.HttpChannel - action TERMINATED HttpChannelOverHttp@63ceb078{s=HttpChannelState@46f2b0eb{s=IDLE rs=COMPLETED os=COMPLETED is=IDLE awp=false se=false i=false al=0},r=1,c=true/true,a=IDLE,uri=https://localhost:40197/config.yml,age=1}
02:56:42.279 [qtp782228073-57] DEBUG org.eclipse.jetty.server.HttpChannel - onCompleted for /config.yml written=4
02:56:42.279 [main] DEBUG org.apache.nifi.minifi.bootstrap.configuration.ingestors.PullHttpChangeIngestor - Attempting to pull new config
02:56:42.280 [qtp782228073-57] DEBUG org.eclipse.jetty.io.ssl.SslConnection - >fill SslConnection@529d3acb::SocketChannelEndPoint@32cdef79{l=/127.0.0.1:40197,r=/127.0.0.1:33998,OPEN,fill=-,flush=-,to=0/30000}{io=0/0,kio=0,kro=1}->SslConnection@529d3acb{NOT_HANDSHAKING,eio=-1/-1,di=-1,fill=IDLE,flush=IDLE}~>DecryptedEndPoint@1b19396b{l=/127.0.0.1:40197,r=/127.0.0.1:33998,OPEN,fill=-,flush=-,to=45/30000}=>HttpConnection@17e0980b[p=HttpParser{s=CONTENT,0 of -1},g=HttpGenerator@1d9392{s=END}]=>HttpChannelOverHttp@63ceb078{s=HttpChannelState@46f2b0eb{s=IDLE rs=COMPLETED os=COMPLETED is=IDLE awp=false se=false i=false al=0},r=1,c=true/true,a=IDLE,uri=https://localhost:40197/config.yml,age=2}
02:56:42.280 [qtp782228073-57] DEBUG org.eclipse.jetty.io.ssl.SslConnection - fill NOT_HANDSHAKING
02:56:42.280 [qtp782228073-57] DEBUG org.eclipse.jetty.io.ChannelEndPoint - filled 0 HeapByteBuffer@740a9f9e[p=0,l=0,c=17408,r=0]={<<<>>>GET /conf...\x00\x00\x00\x00\x00\x00\x00}
02:56:42.280 [qtp782228073-57] DEBUG org.eclipse.jetty.io.ssl.SslConnection - net filled=0
02:56:42.280 [qtp782228073-57] DEBUG org.eclipse.jetty.io.ssl.SslConnection - unwrap net_filled=0 Status = BUFFER_UNDERFLOW HandshakeStatus = NOT_HANDSHAKING bytesConsumed = 0 bytesProduced = 0 encryptedBuffer=[p=0,l=0,c=17408,r=0] unwrapBuffer=HeapByteBuffer@7acd6f6f[p=0,l=0,c=17408,r=0]={<<<>>>\x17\x03\x03\x03\xAd\x0b\x00\x03\x88...\x00\x00\x00\x00\x00\x00\x00} appBuffer=HeapByteBuffer@7acd6f6f[p=0,l=0,c=17408,r=0]={<<<>>>\x17\x03\x03\x03\xAd\x0b\x00\x03\x88...\x00\x00\x00\x00\x00\x00\x00}
02:56:42.280 [qtp782228073-57] DEBUG org.eclipse.jetty.io.ssl.SslConnection - <fill f=0 uf=true SslConnection@529d3acb::SocketChannelEndPoint@32cdef79{l=/127.0.0.1:40197,r=/127.0.0.1:33998,OPEN,fill=-,flush=-,to=0/30000}{io=0/0,kio=0,kro=1}->SslConnection@529d3acb{NOT_HANDSHAKING,eio=-1/-1,di=-1,fill=IDLE,flush=IDLE}~>DecryptedEndPoint@1b19396b{l=/127.0.0.1:40197,r=/127.0.0.1:33998,OPEN,fill=-,flush=-,to=45/30000}=>HttpConnection@17e0980b[p=HttpParser{s=CONTENT,0 of -1},g=HttpGenerator@1d9392{s=END}]=>HttpChannelOverHttp@63ceb078{s=HttpChannelState@46f2b0eb{s=IDLE rs=COMPLETED os=COMPLETED is=IDLE awp=false se=false i=false al=0},r=1,c=true/true,a=IDLE,uri=https://localhost:40197/config.yml,age=2}
02:56:42.280 [qtp782228073-57] DEBUG org.eclipse.jetty.io.ssl.SslConnection - >fill SslConnection@529d3acb::SocketChannelEndPoint@32cdef79{l=/127.0.0.1:40197,r=/127.0.0.1:33998,OPEN,fill=-,flush=-,to=0/30000}{io=0/0,kio=0,kro=1}->SslConnection@529d3acb{NOT_HANDSHAKING,eio=-1/-1,di=-1,fill=IDLE,flush=IDLE}~>DecryptedEndPoint@1b19396b{l=/127.0.0.1:40197,r=/127.0.0.1:33998,OPEN,fill=-,flush=-,to=45/30000}=>HttpConnection@17e0980b[p=HttpParser{s=CONTENT,0 of -1},g=HttpGenerator@1d9392{s=END}]=>HttpChannelOverHttp@63ceb078{s=HttpChannelState@46f2b0eb{s=IDLE rs=COMPLETED os=COMPLETED is=IDLE awp=false se=false i=false al=0},r=1,c=true/true,a=IDLE,uri=https://localhost:40197/config.yml,age=2}
02:56:42.280 [qtp782228073-57] DEBUG org.eclipse.jetty.io.ssl.SslConnection - fill NOT_HANDSHAKING
02:56:42.280 [qtp782228073-57] DEBUG org.eclipse.jetty.io.ChannelEndPoint - filled 190 HeapByteBuffer@1b26ebdb[p=0,l=190,c=17408,r=190]={<<<\x17\x03\x03\x00\xB9\xA24#\x12\x00fV\x88\xF3?\x90\x91\x97\xFc/\xEcF\xDe7\xFf...\xA3\xD2[C\x1d\xEfS\xC3\xE5\xEc\x04\x04K%G\xAe\x85o%\x11\xC0c5>>>\xD8w\x18\x02e\x87\xFb9\xB1...\x00\x00\x00\x00\x00\x00\x00}
02:56:42.280 [qtp782228073-57] DEBUG org.eclipse.jetty.io.ssl.SslConnection - net filled=190
02:56:42.280 [qtp782228073-57] DEBUG org.eclipse.jetty.io.ssl.SslConnection - unwrap net_filled=190 Status = OK HandshakeStatus = NOT_HANDSHAKING bytesConsumed = 190 bytesProduced = 152 encryptedBuffer=[p=190,l=190,c=17408,r=0] unwrapBuffer=HeapByteBuffer@7acd6f6f[p=0,l=152,c=17408,r=152]={<<<GET /config.yml HTTP/1.1\r...gent: okhttp/3.12.3\r\n\r\n>>>ocalhost0...\x00\x00\x00\x00\x00\x00\x00} appBuffer=HeapByteBuffer@7acd6f6f[p=0,l=152,c=17408,r=152]={<<<GET /config.yml HTTP/1.1\r...gent: okhttp/3.12.3\r\n\r\n>>>ocalhost0...\x00\x00\x00\x00\x00\x00\x00}
02:56:42.280 [qtp782228073-57] DEBUG org.eclipse.jetty.io.ssl.SslConnection - <fill f=152 uf=false SslConnection@529d3acb::SocketChannelEndPoint@32cdef79{l=/127.0.0.1:40197,r=/127.0.0.1:33998,OPEN,fill=-,flush=-,to=0/30000}{io=0/0,kio=0,kro=1}->SslConnection@529d3acb{NOT_HANDSHAKING,eio=-1/-1,di=-1,fill=IDLE,flush=IDLE}~>DecryptedEndPoint@1b19396b{l=/127.0.0.1:40197,r=/127.0.0.1:33998,OPEN,fill=-,flush=-,to=46/30000}=>HttpConnection@17e0980b[p=HttpParser{s=CONTENT,0 of -1},g=HttpGenerator@1d9392{s=END}]=>HttpChannelOverHttp@63ceb078{s=HttpChannelState@46f2b0eb{s=IDLE rs=COMPLETED os=COMPLETED is=IDLE awp=false se=false i=false al=0},r=1,c=true/true,a=IDLE,uri=https://localhost:40197/config.yml,age=2}
02:56:42.280 [qtp782228073-57] DEBUG org.eclipse.jetty.server.HttpConnection - HttpConnection@17e0980b::DecryptedEndPoint@1b19396b{l=/127.0.0.1:40197,r=/127.0.0.1:33998,OPEN,fill=-,flush=-,to=46/30000} filled 152 HeapByteBuffer@7acd6f6f[p=0,l=152,c=17408,r=152]={<<<GET /config.yml HTTP/1.1\r...gent: okhttp/3.12.3\r\n\r\n>>>ocalhost0...\x00\x00\x00\x00\x00\x00\x00}
02:56:42.280 [qtp782228073-57] DEBUG org.eclipse.jetty.server.HttpConnection - HttpConnection@17e0980b::DecryptedEndPoint@1b19396b{l=/127.0.0.1:40197,r=/127.0.0.1:33998,OPEN,fill=-,flush=-,to=46/30000} parse HeapByteBuffer@7acd6f6f[p=0,l=152,c=17408,r=152]={<<<GET /config.yml HTTP/1.1\r...gent: okhttp/3.12.3\r\n\r\n>>>ocalhost0...\x00\x00\x00\x00\x00\x00\x00} {}
02:56:42.280 [qtp782228073-57] DEBUG org.eclipse.jetty.http.HttpParser - parseNext s=CONTENT HeapByteBuffer@7acd6f6f[p=0,l=152,c=17408,r=152]={<<<GET /config.yml HTTP/1.1\r...gent: okhttp/3.12.3\r\n\r\n>>>ocalhost0...\x00\x00\x00\x00\x00\x00\x00}
02:56:42.280 [qtp782228073-57] DEBUG org.eclipse.jetty.http.HttpParser - CONTENT --> CONTENT_END
02:56:42.280 [qtp782228073-57] DEBUG org.eclipse.jetty.server.HttpChannel - onContentComplete HttpChannelOverHttp@63ceb078{s=HttpChannelState@46f2b0eb{s=IDLE rs=COMPLETED os=COMPLETED is=IDLE awp=false se=false i=false al=0},r=1,c=true/true,a=IDLE,uri=https://localhost:40197/config.yml,age=2}
02:56:42.280 [qtp782228073-57] DEBUG org.eclipse.jetty.http.HttpParser - CONTENT_END --> END
02:56:42.280 [qtp782228073-57] DEBUG org.eclipse.jetty.server.HttpChannel - onRequestComplete HttpChannelOverHttp@63ceb078{s=HttpChannelState@46f2b0eb{s=IDLE rs=COMPLETED os=COMPLETED is=IDLE awp=false se=false i=false al=0},r=1,c=true/true,a=IDLE,uri=https://localhost:40197/config.yml,age=2}
02:56:42.280 [qtp782228073-57] DEBUG org.eclipse.jetty.server.HttpInput - HttpInputOverHTTP@5ed3a234[c=0,q=0,[0]=null,s=STREAM] addContent EOF
02:56:42.280 [qtp782228073-57] DEBUG org.eclipse.jetty.server.HttpConnection - HttpConnection@17e0980b::DecryptedEndPoint@1b19396b{l=/127.0.0.1:40197,r=/127.0.0.1:33998,OPEN,fill=-,flush=-,to=46/30000} parsed false HttpParser{s=END,0 of -1}
02:56:42.280 [qtp782228073-57] DEBUG org.eclipse.jetty.server.HttpChannelState - recycle HttpChannelState@46f2b0eb{s=IDLE rs=COMPLETED os=COMPLETED is=IDLE awp=false se=false i=false al=0}
02:56:42.280 [qtp782228073-57] DEBUG org.eclipse.jetty.http.HttpParser - reset HttpParser{s=END,0 of -1}
02:56:42.280 [qtp782228073-57] DEBUG org.eclipse.jetty.http.HttpParser - END --> START
02:56:42.281 [qtp782228073-57] DEBUG org.eclipse.jetty.server.HttpChannel - !handle TERMINATED HttpChannelOverHttp@63ceb078{s=HttpChannelState@46f2b0eb{s=IDLE rs=BLOCKING os=OPEN is=IDLE awp=false se=false i=true al=0},r=1,c=false/false,a=IDLE,uri=null,age=0}
02:56:42.281 [qtp782228073-57] DEBUG org.eclipse.jetty.server.HttpConnection - HttpConnection@17e0980b::DecryptedEndPoint@1b19396b{l=/127.0.0.1:40197,r=/127.0.0.1:33998,OPEN,fill=-,flush=-,to=46/30000} parse HeapByteBuffer@7acd6f6f[p=0,l=152,c=17408,r=152]={<<<GET /config.yml HTTP/1.1\r...gent: okhttp/3.12.3\r\n\r\n>>>ocalhost0...\x00\x00\x00\x00\x00\x00\x00} {}
02:56:42.281 [qtp782228073-57] DEBUG org.eclipse.jetty.http.HttpParser - parseNext s=START HeapByteBuffer@7acd6f6f[p=0,l=152,c=17408,r=152]={<<<GET /config.yml HTTP/1.1\r...gent: okhttp/3.12.3\r\n\r\n>>>ocalhost0...\x00\x00\x00\x00\x00\x00\x00}
02:56:42.281 [qtp782228073-57] DEBUG org.eclipse.jetty.http.HttpParser - START --> SPACE1
02:56:42.281 [qtp782228073-57] DEBUG org.eclipse.jetty.http.HttpParser - SPACE1 --> URI
02:56:42.281 [qtp782228073-57] DEBUG org.eclipse.jetty.http.HttpParser - URI --> SPACE2
02:56:42.281 [qtp782228073-57] DEBUG org.eclipse.jetty.http.HttpParser - SPACE2 --> REQUEST_VERSION
02:56:42.281 [qtp782228073-57] DEBUG org.eclipse.jetty.http.HttpParser - REQUEST_VERSION --> HEADER
02:56:42.281 [qtp782228073-57] DEBUG org.eclipse.jetty.http.HttpParser - HEADER:If-None-Match --> VALUE
02:56:42.281 [qtp782228073-57] DEBUG org.eclipse.jetty.http.HttpParser - HEADER:If-None-Match --> IN_VALUE
02:56:42.281 [qtp782228073-57] DEBUG org.eclipse.jetty.http.HttpParser - HEADER:If-None-Match --> FIELD
02:56:42.281 [qtp782228073-57] DEBUG org.eclipse.jetty.http.HttpParser - HEADER:Host: localhost:40197 --> IN_VALUE
02:56:42.281 [qtp782228073-57] DEBUG org.eclipse.jetty.http.HttpParser - HEADER:Host: localhost:40197 --> FIELD
02:56:42.281 [qtp782228073-57] DEBUG org.eclipse.jetty.http.HttpParser - HEADER:Connection: keep-alive --> IN_VALUE
02:56:42.281 [qtp782228073-57] DEBUG org.eclipse.jetty.http.HttpParser - HEADER:Connection: keep-alive --> FIELD
02:56:42.281 [qtp782228073-57] DEBUG org.eclipse.jetty.http.HttpParser - HEADER:Accept-Encoding: gzip --> IN_VALUE
02:56:42.281 [qtp782228073-57] DEBUG org.eclipse.jetty.http.HttpParser - HEADER:Accept-Encoding: gzip --> FIELD
02:56:42.281 [qtp782228073-57] DEBUG org.eclipse.jetty.http.HttpParser - HEADER:User-Agent: okhttp/3.12.3 --> IN_VALUE
02:56:42.281 [qtp782228073-57] DEBUG org.eclipse.jetty.http.HttpParser - HEADER:User-Agent: okhttp/3.12.3 --> FIELD
02:56:42.281 [qtp782228073-57] DEBUG org.eclipse.jetty.http.HttpParser - HEADER --> CONTENT
02:56:42.281 [qtp782228073-57] DEBUG org.eclipse.jetty.server.HttpChannel - REQUEST for //localhost:40197/config.yml on HttpChannelOverHttp@63ceb078{s=HttpChannelState@46f2b0eb{s=IDLE rs=BLOCKING os=OPEN is=IDLE awp=false se=false i=true al=0},r=2,c=false/false,a=IDLE,uri=//localhost:40197/config.yml,age=0}
GET //localhost:40197/config.yml HTTP/1.1
If-None-Match: "testEtag"
Host: localhost:40197
Connection: keep-alive
Accept-Encoding: gzip
User-Agent: okhttp/3.12.3


02:56:42.281 [qtp782228073-57] DEBUG org.eclipse.jetty.server.HttpConnection - HttpConnection@17e0980b::DecryptedEndPoint@1b19396b{l=/127.0.0.1:40197,r=/127.0.0.1:33998,OPEN,fill=-,flush=-,to=46/30000} parsed true HttpParser{s=CONTENT,0 of -1}
02:56:42.281 [qtp782228073-57] DEBUG org.eclipse.jetty.server.HttpConnection - releaseRequestBuffer HttpConnection@17e0980b::DecryptedEndPoint@1b19396b{l=/127.0.0.1:40197,r=/127.0.0.1:33998,OPEN,fill=-,flush=-,to=46/30000}
02:56:42.281 [qtp782228073-57] DEBUG org.eclipse.jetty.server.HttpChannel - handle //localhost:40197/config.yml HttpChannelOverHttp@63ceb078{s=HttpChannelState@46f2b0eb{s=IDLE rs=BLOCKING os=OPEN is=IDLE awp=false se=false i=true al=0},r=2,c=false/false,a=IDLE,uri=//localhost:40197/config.yml,age=0} 
02:56:42.281 [qtp782228073-57] DEBUG org.eclipse.jetty.server.HttpChannelState - handling HttpChannelState@46f2b0eb{s=IDLE rs=BLOCKING os=OPEN is=IDLE awp=false se=false i=true al=0}
02:56:42.281 [qtp782228073-57] DEBUG org.eclipse.jetty.server.HttpChannel - action DISPATCH HttpChannelOverHttp@63ceb078{s=HttpChannelState@46f2b0eb{s=HANDLING rs=BLOCKING os=OPEN is=IDLE awp=false se=false i=true al=0},r=2,c=false/false,a=HANDLING,uri=//localhost:40197/config.yml,age=0}
02:56:42.281 [qtp782228073-57] DEBUG org.eclipse.jetty.server.SecureRequestCustomizer - Host localhost with SNI null
02:56:42.281 [qtp782228073-57] DEBUG org.eclipse.jetty.server.Server - REQUEST GET /config.yml on HttpChannelOverHttp@63ceb078{s=HttpChannelState@46f2b0eb{s=HANDLING rs=BLOCKING os=OPEN is=IDLE awp=false se=false i=true al=0},r=2,c=false/false,a=HANDLING,uri=https://localhost:40197/config.yml,age=0}
02:56:42.281 [qtp782228073-57] DEBUG org.eclipse.jetty.server.Server - handled=true async=false committed=false on HttpChannelOverHttp@63ceb078{s=HttpChannelState@46f2b0eb{s=HANDLING rs=BLOCKING os=OPEN is=IDLE awp=false se=false i=true al=0},r=2,c=false/false,a=HANDLING,uri=https://localhost:40197/config.yml,age=0}
02:56:42.281 [qtp782228073-57] DEBUG org.eclipse.jetty.server.HttpChannelState - unhandle HttpChannelState@46f2b0eb{s=HANDLING rs=BLOCKING os=OPEN is=IDLE awp=false se=false i=true al=0}
02:56:42.281 [qtp782228073-57] DEBUG org.eclipse.jetty.server.HttpChannelState - nextAction(false) COMPLETE HttpChannelState@46f2b0eb{s=HANDLING rs=COMPLETING os=OPEN is=IDLE awp=false se=false i=false al=0}
02:56:42.281 [qtp782228073-57] DEBUG org.eclipse.jetty.server.HttpChannel - action COMPLETE HttpChannelOverHttp@63ceb078{s=HttpChannelState@46f2b0eb{s=HANDLING rs=COMPLETING os=OPEN is=IDLE awp=false se=false i=false al=0},r=2,c=false/false,a=HANDLING,uri=https://localhost:40197/config.yml,age=0}
02:56:42.281 [qtp782228073-57] DEBUG org.eclipse.jetty.io.ssl.SslConnection - >fill SslConnection@529d3acb::SocketChannelEndPoint@32cdef79{l=/127.0.0.1:40197,r=/127.0.0.1:33998,OPEN,fill=-,flush=-,to=1/30000}{io=0/0,kio=0,kro=1}->SslConnection@529d3acb{NOT_HANDSHAKING,eio=-1/-1,di=-1,fill=IDLE,flush=IDLE}~>DecryptedEndPoint@1b19396b{l=/127.0.0.1:40197,r=/127.0.0.1:33998,OPEN,fill=-,flush=-,to=47/30000}=>HttpConnection@17e0980b[p=HttpParser{s=CONTENT,0 of -1},g=HttpGenerator@1d9392{s=START}]=>HttpChannelOverHttp@63ceb078{s=HttpChannelState@46f2b0eb{s=HANDLING rs=COMPLETING os=OPEN is=IDLE awp=false se=false i=false al=0},r=2,c=false/false,a=HANDLING,uri=https://localhost:40197/config.yml,age=0}
02:56:42.281 [qtp782228073-57] DEBUG org.eclipse.jetty.io.ssl.SslConnection - fill NOT_HANDSHAKING
02:56:42.281 [qtp782228073-57] DEBUG org.eclipse.jetty.io.ChannelEndPoint - filled 0 HeapByteBuffer@1b26ebdb[p=0,l=0,c=17408,r=0]={<<<>>>\x17\x03\x03\x00\xB9GET ...\x00\x00\x00\x00\x00\x00\x00}
02:56:42.281 [qtp782228073-57] DEBUG org.eclipse.jetty.io.ssl.SslConnection - net filled=0
02:56:42.281 [qtp782228073-57] DEBUG org.eclipse.jetty.io.ssl.SslConnection - unwrap net_filled=0 Status = BUFFER_UNDERFLOW HandshakeStatus = NOT_HANDSHAKING bytesConsumed = 0 bytesProduced = 0 encryptedBuffer=[p=0,l=0,c=17408,r=0] unwrapBuffer=HeapByteBuffer@740a9f9e[p=0,l=0,c=17408,r=0]={<<<>>>GET /conf...\x00\x00\x00\x00\x00\x00\x00} appBuffer=HeapByteBuffer@740a9f9e[p=0,l=0,c=17408,r=0]={<<<>>>GET /conf...\x00\x00\x00\x00\x00\x00\x00}
02:56:42.281 [qtp782228073-57] DEBUG org.eclipse.jetty.io.ssl.SslConnection - <fill f=0 uf=true SslConnection@529d3acb::SocketChannelEndPoint@32cdef79{l=/127.0.0.1:40197,r=/127.0.0.1:33998,OPEN,fill=-,flush=-,to=1/30000}{io=0/0,kio=0,kro=1}->SslConnection@529d3acb{NOT_HANDSHAKING,eio=-1/-1,di=-1,fill=IDLE,flush=IDLE}~>DecryptedEndPoint@1b19396b{l=/127.0.0.1:40197,r=/127.0.0.1:33998,OPEN,fill=-,flush=-,to=47/30000}=>HttpConnection@17e0980b[p=HttpParser{s=CONTENT,0 of -1},g=HttpGenerator@1d9392{s=START}]=>HttpChannelOverHttp@63ceb078{s=HttpChannelState@46f2b0eb{s=HANDLING rs=COMPLETING os=OPEN is=IDLE awp=false se=false i=false al=0},r=2,c=false/false,a=HANDLING,uri=https://localhost:40197/config.yml,age=0}
02:56:42.282 [qtp782228073-57] DEBUG org.eclipse.jetty.io.ssl.SslConnection - >fill SslConnection@529d3acb::SocketChannelEndPoint@32cdef79{l=/127.0.0.1:40197,r=/127.0.0.1:33998,OPEN,fill=-,flush=-,to=1/30000}{io=0/0,kio=0,kro=1}->SslConnection@529d3acb{NOT_HANDSHAKING,eio=-1/-1,di=-1,fill=IDLE,flush=IDLE}~>DecryptedEndPoint@1b19396b{l=/127.0.0.1:40197,r=/127.0.0.1:33998,OPEN,fill=-,flush=-,to=47/30000}=>HttpConnection@17e0980b[p=HttpParser{s=CONTENT,0 of -1},g=HttpGenerator@1d9392{s=START}]=>HttpChannelOverHttp@63ceb078{s=HttpChannelState@46f2b0eb{s=HANDLING rs=COMPLETING os=OPEN is=IDLE awp=false se=false i=false al=0},r=2,c=false/false,a=HANDLING,uri=https://localhost:40197/config.yml,age=1}
02:56:42.282 [qtp782228073-57] DEBUG org.eclipse.jetty.io.ssl.SslConnection - fill NOT_HANDSHAKING
02:56:42.282 [qtp782228073-57] DEBUG org.eclipse.jetty.io.ChannelEndPoint - filled 0 HeapByteBuffer@7acd6f6f[p=0,l=0,c=17408,r=0]={<<<>>>GET /conf...\x00\x00\x00\x00\x00\x00\x00}
02:56:42.282 [qtp782228073-57] DEBUG org.eclipse.jetty.io.ssl.SslConnection - net filled=0
02:56:42.282 [qtp782228073-57] DEBUG org.eclipse.jetty.io.ssl.SslConnection - unwrap net_filled=0 Status = BUFFER_UNDERFLOW HandshakeStatus = NOT_HANDSHAKING bytesConsumed = 0 bytesProduced = 0 encryptedBuffer=[p=0,l=0,c=17408,r=0] unwrapBuffer=HeapByteBuffer@740a9f9e[p=0,l=0,c=17408,r=0]={<<<>>>GET /conf...\x00\x00\x00\x00\x00\x00\x00} appBuffer=HeapByteBuffer@740a9f9e[p=0,l=0,c=17408,r=0]={<<<>>>GET /conf...\x00\x00\x00\x00\x00\x00\x00}
02:56:42.282 [qtp782228073-57] DEBUG org.eclipse.jetty.io.ssl.SslConnection - <fill f=0 uf=true SslConnection@529d3acb::SocketChannelEndPoint@32cdef79{l=/127.0.0.1:40197,r=/127.0.0.1:33998,OPEN,fill=-,flush=-,to=1/30000}{io=0/0,kio=0,kro=1}->SslConnection@529d3acb{NOT_HANDSHAKING,eio=-1/-1,di=-1,fill=IDLE,flush=IDLE}~>DecryptedEndPoint@1b19396b{l=/127.0.0.1:40197,r=/127.0.0.1:33998,OPEN,fill=-,flush=-,to=47/30000}=>HttpConnection@17e0980b[p=HttpParser{s=CONTENT,0 of -1},g=HttpGenerator@1d9392{s=START}]=>HttpChannelOverHttp@63ceb078{s=HttpChannelState@46f2b0eb{s=HANDLING rs=COMPLETING os=OPEN is=IDLE awp=false se=false i=false al=0},r=2,c=false/false,a=HANDLING,uri=https://localhost:40197/config.yml,age=1}
02:56:42.282 [qtp782228073-57] DEBUG org.eclipse.jetty.server.HttpConnection - HttpConnection@17e0980b::DecryptedEndPoint@1b19396b{l=/127.0.0.1:40197,r=/127.0.0.1:33998,OPEN,fill=-,flush=-,to=47/30000} filled 0 HeapByteBuffer@740a9f9e[p=0,l=0,c=17408,r=0]={<<<>>>GET /conf...\x00\x00\x00\x00\x00\x00\x00}
02:56:42.282 [qtp782228073-57] DEBUG org.eclipse.jetty.server.HttpConnection - HttpConnection@17e0980b::DecryptedEndPoint@1b19396b{l=/127.0.0.1:40197,r=/127.0.0.1:33998,OPEN,fill=-,flush=-,to=47/30000} parse HeapByteBuffer@740a9f9e[p=0,l=0,c=17408,r=0]={<<<>>>GET /conf...\x00\x00\x00\x00\x00\x00\x00} {}
02:56:42.282 [qtp782228073-57] DEBUG org.eclipse.jetty.http.HttpParser - parseNext s=CONTENT HeapByteBuffer@740a9f9e[p=0,l=0,c=17408,r=0]={<<<>>>GET /conf...\x00\x00\x00\x00\x00\x00\x00}
02:56:42.282 [qtp782228073-57] DEBUG org.eclipse.jetty.http.HttpParser - CONTENT --> CONTENT_END
02:56:42.282 [qtp782228073-57] DEBUG org.eclipse.jetty.server.HttpChannel - onContentComplete HttpChannelOverHttp@63ceb078{s=HttpChannelState@46f2b0eb{s=HANDLING rs=COMPLETING os=OPEN is=IDLE awp=false se=false i=false al=0},r=2,c=false/false,a=HANDLING,uri=https://localhost:40197/config.yml,age=1}
02:56:42.282 [qtp782228073-57] DEBUG org.eclipse.jetty.http.HttpParser - CONTENT_END --> END
02:56:42.282 [qtp782228073-57] DEBUG org.eclipse.jetty.server.HttpChannel - onRequestComplete HttpChannelOverHttp@63ceb078{s=HttpChannelState@46f2b0eb{s=HANDLING rs=COMPLETING os=OPEN is=IDLE awp=false se=false i=false al=0},r=2,c=false/false,a=HANDLING,uri=https://localhost:40197/config.yml,age=1}
02:56:42.282 [qtp782228073-57] DEBUG org.eclipse.jetty.server.HttpInput - HttpInputOverHTTP@5ed3a234[c=0,q=0,[0]=null,s=STREAM] addContent EOF
02:56:42.282 [qtp782228073-57] DEBUG org.eclipse.jetty.server.HttpConnection - HttpConnection@17e0980b::DecryptedEndPoint@1b19396b{l=/127.0.0.1:40197,r=/127.0.0.1:33998,OPEN,fill=-,flush=-,to=47/30000} parsed false HttpParser{s=END,0 of -1}
02:56:42.282 [qtp782228073-57] DEBUG org.eclipse.jetty.server.HttpConnection - releaseRequestBuffer HttpConnection@17e0980b::DecryptedEndPoint@1b19396b{l=/127.0.0.1:40197,r=/127.0.0.1:33998,OPEN,fill=-,flush=-,to=48/30000}
02:56:42.282 [qtp782228073-57] DEBUG org.eclipse.jetty.server.HttpOutput - complete(org.eclipse.jetty.util.Callback$3@634f2127) s=CLOSING,api=BLOCKED,sc=false,e=null s=false e=null, c=HeapByteBuffer@58f161d6[p=0,l=0,c=0,r=0]={<<<>>>}
02:56:42.282 [qtp782228073-57] DEBUG org.eclipse.jetty.server.HttpChannel - sendResponse info=null content=HeapByteBuffer@58f161d6[p=0,l=0,c=0,r=0]={<<<>>>} complete=true committing=true callback=org.eclipse.jetty.server.HttpOutput$WriteCompleteCB@5d08be35
02:56:42.282 [qtp782228073-57] DEBUG org.eclipse.jetty.server.HttpChannel - COMMIT for /config.yml on HttpChannelOverHttp@63ceb078{s=HttpChannelState@46f2b0eb{s=HANDLING rs=COMPLETING os=COMMITTED is=IDLE awp=false se=false i=false al=0},r=2,c=false/false,a=HANDLING,uri=https://localhost:40197/config.yml,age=1}
304 null HTTP/1.1
Date: Thu, 02 May 2024 01:56:42 GMT
ETag: testEtag


02:56:42.282 [qtp782228073-57] DEBUG org.eclipse.jetty.server.HttpConnection - generate: NEED_HEADER for SendCallback@20b25c94[PROCESSING][i=HTTP/1.1{s=304,h=2,cl=-1},cb=org.eclipse.jetty.server.HttpChannel$SendCallback@945690b] (null,[p=0,l=0,c=0,r=0],true)@START
02:56:42.282 [qtp782228073-57] DEBUG org.eclipse.jetty.http.HttpGenerator - generateHeaders HTTP/1.1{s=304,h=2,cl=-1} last=true content=HeapByteBuffer@58f161d6[p=0,l=0,c=0,r=0]={<<<>>>}
02:56:42.282 [qtp782228073-57] DEBUG org.eclipse.jetty.http.HttpGenerator - Date: Thu, 02 May 2024 01:56:42 GMT
ETag: testEtag


02:56:42.282 [qtp782228073-57] DEBUG org.eclipse.jetty.http.HttpGenerator - NO_CONTENT
02:56:42.282 [qtp782228073-57] DEBUG org.eclipse.jetty.server.HttpConnection - generate: FLUSH for SendCallback@20b25c94[PROCESSING][i=HTTP/1.1{s=304,h=2,cl=-1},cb=org.eclipse.jetty.server.HttpChannel$SendCallback@945690b] ([p=0,l=115,c=8192,r=115],[p=0,l=0,c=0,r=0],true)@COMPLETING
02:56:42.282 [qtp782228073-57] DEBUG org.eclipse.jetty.io.WriteFlusher - write: WriteFlusher@71e9e211{IDLE}->null [HeapByteBuffer@7bc04565[p=0,l=115,c=8192,r=115]={<<<HTTP/1.1 304 Not Modified...y(9.4.44.v20210927)\r\n\r\n>>>nt-Length...\x00\x00\x00\x00\x00\x00\x00}]
02:56:42.282 [qtp782228073-57] DEBUG org.eclipse.jetty.io.WriteFlusher - update WriteFlusher@71e9e211{WRITING}->null:IDLE-->WRITING
02:56:42.283 [qtp782228073-57] DEBUG org.eclipse.jetty.io.ssl.SslConnection - >flush SslConnection@529d3acb::SocketChannelEndPoint@32cdef79{l=/127.0.0.1:40197,r=/127.0.0.1:33998,OPEN,fill=-,flush=-,to=2/30000}{io=0/0,kio=0,kro=1}->SslConnection@529d3acb{NOT_HANDSHAKING,eio=-1/-1,di=-1,fill=IDLE,flush=IDLE}~>DecryptedEndPoint@1b19396b{l=/127.0.0.1:40197,r=/127.0.0.1:33998,OPEN,fill=-,flush=W,to=48/30000}=>HttpConnection@17e0980b[p=HttpParser{s=END,0 of -1},g=HttpGenerator@1d9392{s=COMPLETING}]=>HttpChannelOverHttp@63ceb078{s=HttpChannelState@46f2b0eb{s=HANDLING rs=COMPLETING os=COMMITTED is=IDLE awp=false se=false i=false al=0},r=2,c=false/false,a=HANDLING,uri=https://localhost:40197/config.yml,age=2}
02:56:42.283 [qtp782228073-57] DEBUG org.eclipse.jetty.io.ssl.SslConnection - flush b[0]=HeapByteBuffer@7bc04565[p=0,l=115,c=8192,r=115]={<<<HTTP/1.1 304 Not Modified...y(9.4.44.v20210927)\r\n\r\n>>>nt-Length...\x00\x00\x00\x00\x00\x00\x00}
02:56:42.283 [qtp782228073-57] DEBUG org.eclipse.jetty.io.ssl.SslConnection - flush NOT_HANDSHAKING
02:56:42.283 [qtp782228073-57] DEBUG org.eclipse.jetty.io.ssl.SslConnection - wrap Status = OK HandshakeStatus = NOT_HANDSHAKING bytesConsumed = 115 bytesProduced = 153 [p=0,l=153,c=17408,r=153] ioDone=false/false
02:56:42.283 [qtp782228073-57] DEBUG org.eclipse.jetty.io.ChannelEndPoint - flushed 153 SocketChannelEndPoint@32cdef79{l=/127.0.0.1:40197,r=/127.0.0.1:33998,OPEN,fill=-,flush=-,to=2/30000}{io=0/0,kio=0,kro=1}->SslConnection@529d3acb{NOT_HANDSHAKING,eio=-1/0,di=-1,fill=IDLE,flush=IDLE}~>DecryptedEndPoint@1b19396b{l=/127.0.0.1:40197,r=/127.0.0.1:33998,OPEN,fill=-,flush=W,to=48/30000}=>HttpConnection@17e0980b[p=HttpParser{s=END,0 of -1},g=HttpGenerator@1d9392{s=COMPLETING}]=>HttpChannelOverHttp@63ceb078{s=HttpChannelState@46f2b0eb{s=HANDLING rs=COMPLETING os=COMMITTED is=IDLE awp=false se=false i=false al=0},r=2,c=false/false,a=HANDLING,uri=https://localhost:40197/config.yml,age=2}
02:56:42.283 [qtp782228073-57] DEBUG org.eclipse.jetty.io.ssl.SslConnection - net flushed=true, ac=true
02:56:42.283 [qtp782228073-57] DEBUG org.eclipse.jetty.io.ssl.SslConnection - <flush true SslConnection@529d3acb::SocketChannelEndPoint@32cdef79{l=/127.0.0.1:40197,r=/127.0.0.1:33998,OPEN,fill=-,flush=-,to=0/30000}{io=0/0,kio=0,kro=1}->SslConnection@529d3acb{NOT_HANDSHAKING,eio=-1/-1,di=-1,fill=IDLE,flush=IDLE}~>DecryptedEndPoint@1b19396b{l=/127.0.0.1:40197,r=/127.0.0.1:33998,OPEN,fill=-,flush=W,to=48/30000}=>HttpConnection@17e0980b[p=HttpParser{s=END,0 of -1},g=HttpGenerator@1d9392{s=COMPLETING}]=>HttpChannelOverHttp@63ceb078{s=HttpChannelState@46f2b0eb{s=HANDLING rs=COMPLETING os=COMMITTED is=IDLE awp=false se=false i=false al=0},r=2,c=false/false,a=HANDLING,uri=https://localhost:40197/config.yml,age=2}
02:56:42.283 [qtp782228073-57] DEBUG org.eclipse.jetty.io.WriteFlusher - Flushed=true written=115 remaining=0 WriteFlusher@71e9e211{WRITING}->null
02:56:42.283 [qtp782228073-57] DEBUG org.eclipse.jetty.io.WriteFlusher - update WriteFlusher@71e9e211{IDLE}->null:WRITING-->IDLE
02:56:42.283 [main] DEBUG org.apache.nifi.minifi.bootstrap.configuration.ingestors.PullHttpChangeIngestor - Response received: Response{protocol=http/1.1, code=304, message=Not Modified, url=https://localhost:40197/config.yml}
02:56:42.283 [qtp782228073-57] DEBUG org.eclipse.jetty.server.HttpConnection - generate: DONE for SendCallback@20b25c94[PROCESSING][i=HTTP/1.1{s=304,h=2,cl=-1},cb=org.eclipse.jetty.server.HttpChannel$SendCallback@945690b] ([p=115,l=115,c=8192,r=0],[p=0,l=0,c=0,r=0],true)@END
02:56:42.283 [qtp782228073-57] DEBUG org.eclipse.jetty.server.HttpOutput - onWriteComplete(true,null) s=CLOSING,api=BLOCKED,sc=false,e=null->s=CLOSED,api=BLOCKING,sc=false,e=null c=null cb=org.eclipse.jetty.util.Callback$3@634f2127 w=false
02:56:42.283 [qtp782228073-57] DEBUG org.eclipse.jetty.server.HttpChannelState - completed HttpChannelState@46f2b0eb{s=HANDLING rs=COMPLETING os=COMPLETED is=IDLE awp=false se=false i=false al=0}
02:56:42.283 [qtp782228073-57] DEBUG org.eclipse.jetty.server.HttpChannelState - unhandle HttpChannelState@46f2b0eb{s=HANDLING rs=COMPLETED os=COMPLETED is=IDLE awp=false se=false i=false al=0}
02:56:42.283 [qtp782228073-57] DEBUG org.eclipse.jetty.server.HttpChannelState - nextAction(false) TERMINATED HttpChannelState@46f2b0eb{s=IDLE rs=COMPLETED os=COMPLETED is=IDLE awp=false se=false i=false al=0}
02:56:42.283 [qtp782228073-57] DEBUG org.eclipse.jetty.server.HttpChannel - action TERMINATED HttpChannelOverHttp@63ceb078{s=HttpChannelState@46f2b0eb{s=IDLE rs=COMPLETED os=COMPLETED is=IDLE awp=false se=false i=false al=0},r=2,c=true/true,a=IDLE,uri=https://localhost:40197/config.yml,age=2}
02:56:42.283 [qtp782228073-57] DEBUG org.eclipse.jetty.server.HttpChannel - onCompleted for /config.yml written=0
02:56:42.283 [qtp782228073-57] DEBUG org.eclipse.jetty.server.HttpChannelState - recycle HttpChannelState@46f2b0eb{s=IDLE rs=COMPLETED os=COMPLETED is=IDLE awp=false se=false i=false al=0}
02:56:42.283 [qtp782228073-57] DEBUG org.eclipse.jetty.http.HttpParser - reset HttpParser{s=END,0 of -1}
02:56:42.283 [qtp782228073-57] DEBUG org.eclipse.jetty.http.HttpParser - END --> START
02:56:42.283 [qtp782228073-57] DEBUG org.eclipse.jetty.server.HttpChannel - !handle TERMINATED HttpChannelOverHttp@63ceb078{s=HttpChannelState@46f2b0eb{s=IDLE rs=BLOCKING os=OPEN is=IDLE awp=false se=false i=true al=0},r=2,c=false/false,a=IDLE,uri=null,age=0}
]]></system-out>
  </testcase>
  <testcase name="testSecurityOverride" classname="org.apache.nifi.minifi.bootstrap.configuration.ingestors.PullHttpChangeIngestorSSLTest" time="0.073">
    <system-out><![CDATA[02:56:42.283 [qtp782228073-57] DEBUG org.eclipse.jetty.io.ssl.SslConnection - >fill SslConnection@529d3acb::SocketChannelEndPoint@32cdef79{l=/127.0.0.1:40197,r=/127.0.0.1:33998,OPEN,fill=-,flush=-,to=0/30000}{io=0/0,kio=0,kro=1}->SslConnection@529d3acb{NOT_HANDSHAKING,eio=-1/-1,di=-1,fill=IDLE,flush=IDLE}~>DecryptedEndPoint@1b19396b{l=/127.0.0.1:40197,r=/127.0.0.1:33998,OPEN,fill=-,flush=-,to=49/30000}=>HttpConnection@17e0980b[p=HttpParser{s=START,0 of -1},g=HttpGenerator@1d9392{s=START}]=>HttpChannelOverHttp@63ceb078{s=HttpChannelState@46f2b0eb{s=IDLE rs=BLOCKING os=OPEN is=IDLE awp=false se=false i=true al=0},r=2,c=false/false,a=IDLE,uri=null,age=0}
02:56:42.283 [qtp782228073-57] DEBUG org.eclipse.jetty.io.ssl.SslConnection - fill NOT_HANDSHAKING
02:56:42.283 [qtp782228073-57] DEBUG org.eclipse.jetty.io.ChannelEndPoint - filled 0 HeapByteBuffer@740a9f9e[p=0,l=0,c=17408,r=0]={<<<>>>GET /conf...\x00\x00\x00\x00\x00\x00\x00}
02:56:42.283 [qtp782228073-57] DEBUG org.eclipse.jetty.io.ssl.SslConnection - net filled=0
02:56:42.284 [qtp782228073-57] DEBUG org.eclipse.jetty.io.ssl.SslConnection - unwrap net_filled=0 Status = BUFFER_UNDERFLOW HandshakeStatus = NOT_HANDSHAKING bytesConsumed = 0 bytesProduced = 0 encryptedBuffer=[p=0,l=0,c=17408,r=0] unwrapBuffer=HeapByteBuffer@7acd6f6f[p=0,l=0,c=17408,r=0]={<<<>>>GET /conf...\x00\x00\x00\x00\x00\x00\x00} appBuffer=HeapByteBuffer@7acd6f6f[p=0,l=0,c=17408,r=0]={<<<>>>GET /conf...\x00\x00\x00\x00\x00\x00\x00}
02:56:42.284 [qtp782228073-57] DEBUG org.eclipse.jetty.io.ssl.SslConnection - <fill f=0 uf=true SslConnection@529d3acb::SocketChannelEndPoint@32cdef79{l=/127.0.0.1:40197,r=/127.0.0.1:33998,OPEN,fill=-,flush=-,to=0/30000}{io=0/0,kio=0,kro=1}->SslConnection@529d3acb{NOT_HANDSHAKING,eio=-1/-1,di=-1,fill=IDLE,flush=IDLE}~>DecryptedEndPoint@1b19396b{l=/127.0.0.1:40197,r=/127.0.0.1:33998,OPEN,fill=-,flush=-,to=49/30000}=>HttpConnection@17e0980b[p=HttpParser{s=START,0 of -1},g=HttpGenerator@1d9392{s=START}]=>HttpChannelOverHttp@63ceb078{s=HttpChannelState@46f2b0eb{s=IDLE rs=BLOCKING os=OPEN is=IDLE awp=false se=false i=true al=0},r=2,c=false/false,a=IDLE,uri=null,age=0}
02:56:42.284 [qtp782228073-57] DEBUG org.eclipse.jetty.io.ssl.SslConnection - >fill SslConnection@529d3acb::SocketChannelEndPoint@32cdef79{l=/127.0.0.1:40197,r=/127.0.0.1:33998,OPEN,fill=-,flush=-,to=0/30000}{io=0/0,kio=0,kro=1}->SslConnection@529d3acb{NOT_HANDSHAKING,eio=-1/-1,di=-1,fill=IDLE,flush=IDLE}~>DecryptedEndPoint@1b19396b{l=/127.0.0.1:40197,r=/127.0.0.1:33998,OPEN,fill=-,flush=-,to=49/30000}=>HttpConnection@17e0980b[p=HttpParser{s=START,0 of -1},g=HttpGenerator@1d9392{s=START}]=>HttpChannelOverHttp@63ceb078{s=HttpChannelState@46f2b0eb{s=IDLE rs=BLOCKING os=OPEN is=IDLE awp=false se=false i=true al=0},r=2,c=false/false,a=IDLE,uri=null,age=0}
02:56:42.284 [qtp782228073-57] DEBUG org.eclipse.jetty.io.ssl.SslConnection - fill NOT_HANDSHAKING
02:56:42.284 [qtp782228073-57] DEBUG org.eclipse.jetty.io.ChannelEndPoint - filled 0 HeapByteBuffer@1b26ebdb[p=0,l=0,c=17408,r=0]={<<<>>>\x17\x03\x03\x00\x94\x83\xFd\xFec...\x00\x00\x00\x00\x00\x00\x00}
02:56:42.284 [qtp782228073-57] DEBUG org.eclipse.jetty.io.ssl.SslConnection - net filled=0
02:56:42.284 [qtp782228073-57] DEBUG org.eclipse.jetty.io.ssl.SslConnection - unwrap net_filled=0 Status = BUFFER_UNDERFLOW HandshakeStatus = NOT_HANDSHAKING bytesConsumed = 0 bytesProduced = 0 encryptedBuffer=[p=0,l=0,c=17408,r=0] unwrapBuffer=HeapByteBuffer@7acd6f6f[p=0,l=0,c=17408,r=0]={<<<>>>GET /conf...\x00\x00\x00\x00\x00\x00\x00} appBuffer=HeapByteBuffer@7acd6f6f[p=0,l=0,c=17408,r=0]={<<<>>>GET /conf...\x00\x00\x00\x00\x00\x00\x00}
02:56:42.284 [qtp782228073-57] DEBUG org.eclipse.jetty.io.ssl.SslConnection - <fill f=0 uf=true SslConnection@529d3acb::SocketChannelEndPoint@32cdef79{l=/127.0.0.1:40197,r=/127.0.0.1:33998,OPEN,fill=-,flush=-,to=1/30000}{io=0/0,kio=0,kro=1}->SslConnection@529d3acb{NOT_HANDSHAKING,eio=-1/-1,di=-1,fill=IDLE,flush=IDLE}~>DecryptedEndPoint@1b19396b{l=/127.0.0.1:40197,r=/127.0.0.1:33998,OPEN,fill=-,flush=-,to=49/30000}=>HttpConnection@17e0980b[p=HttpParser{s=START,0 of -1},g=HttpGenerator@1d9392{s=START}]=>HttpChannelOverHttp@63ceb078{s=HttpChannelState@46f2b0eb{s=IDLE rs=BLOCKING os=OPEN is=IDLE awp=false se=false i=true al=0},r=2,c=false/false,a=IDLE,uri=null,age=0}
02:56:42.284 [qtp782228073-57] DEBUG org.eclipse.jetty.server.HttpConnection - HttpConnection@17e0980b::DecryptedEndPoint@1b19396b{l=/127.0.0.1:40197,r=/127.0.0.1:33998,OPEN,fill=-,flush=-,to=49/30000} filled 0 HeapByteBuffer@7acd6f6f[p=0,l=0,c=17408,r=0]={<<<>>>GET /conf...\x00\x00\x00\x00\x00\x00\x00}
02:56:42.284 [qtp782228073-57] DEBUG org.eclipse.jetty.server.HttpConnection - HttpConnection@17e0980b::DecryptedEndPoint@1b19396b{l=/127.0.0.1:40197,r=/127.0.0.1:33998,OPEN,fill=-,flush=-,to=49/30000} parse HeapByteBuffer@7acd6f6f[p=0,l=0,c=17408,r=0]={<<<>>>GET /conf...\x00\x00\x00\x00\x00\x00\x00} {}
02:56:42.284 [qtp782228073-57] DEBUG org.eclipse.jetty.http.HttpParser - parseNext s=START HeapByteBuffer@7acd6f6f[p=0,l=0,c=17408,r=0]={<<<>>>GET /conf...\x00\x00\x00\x00\x00\x00\x00}
02:56:42.284 [qtp782228073-57] DEBUG org.eclipse.jetty.server.HttpConnection - HttpConnection@17e0980b::DecryptedEndPoint@1b19396b{l=/127.0.0.1:40197,r=/127.0.0.1:33998,OPEN,fill=-,flush=-,to=49/30000} parsed false HttpParser{s=START,0 of -1}
02:56:42.284 [qtp782228073-57] DEBUG org.eclipse.jetty.server.HttpConnection - releaseRequestBuffer HttpConnection@17e0980b::DecryptedEndPoint@1b19396b{l=/127.0.0.1:40197,r=/127.0.0.1:33998,OPEN,fill=-,flush=-,to=49/30000}
02:56:42.284 [qtp782228073-57] DEBUG org.eclipse.jetty.io.AbstractConnection - fillInterested HttpConnection@17e0980b::DecryptedEndPoint@1b19396b{l=/127.0.0.1:40197,r=/127.0.0.1:33998,OPEN,fill=-,flush=-,to=50/30000}
02:56:42.284 [qtp782228073-57] DEBUG org.eclipse.jetty.io.FillInterest - interested FillInterest@13ae635a{AC.ReadCB@17e0980b{HttpConnection@17e0980b::DecryptedEndPoint@1b19396b{l=/127.0.0.1:40197,r=/127.0.0.1:33998,OPEN,fill=FI,flush=-,to=0/30000}}}
02:56:42.284 [qtp782228073-57] DEBUG org.eclipse.jetty.io.ssl.SslConnection - >needFillInterest s=IDLE/IDLE uf=true ei=null di=null SslConnection@529d3acb::SocketChannelEndPoint@32cdef79{l=/127.0.0.1:40197,r=/127.0.0.1:33998,OPEN,fill=-,flush=-,to=1/30000}{io=0/0,kio=0,kro=1}->SslConnection@529d3acb{NOT_HANDSHAKING,eio=-1/-1,di=-1,fill=IDLE,flush=IDLE}~>DecryptedEndPoint@1b19396b{l=/127.0.0.1:40197,r=/127.0.0.1:33998,OPEN,fill=FI,flush=-,to=0/30000}=>HttpConnection@17e0980b[p=HttpParser{s=START,0 of -1},g=HttpGenerator@1d9392{s=START}]=>HttpChannelOverHttp@63ceb078{s=HttpChannelState@46f2b0eb{s=IDLE rs=BLOCKING os=OPEN is=IDLE awp=false se=false i=true al=0},r=2,c=false/false,a=IDLE,uri=null,age=0}
02:56:42.284 [qtp782228073-57] DEBUG org.eclipse.jetty.io.ssl.SslConnection - <needFillInterest s=IDLE/INTERESTED f=false i=true w=null
02:56:42.284 [qtp782228073-57] DEBUG org.eclipse.jetty.io.ssl.SslConnection - ensureFillInterested SslConnection@529d3acb::SocketChannelEndPoint@32cdef79{l=/127.0.0.1:40197,r=/127.0.0.1:33998,OPEN,fill=-,flush=-,to=1/30000}{io=0/0,kio=0,kro=1}->SslConnection@529d3acb{NOT_HANDSHAKING,eio=-1/-1,di=-1,fill=INTERESTED,flush=IDLE}~>DecryptedEndPoint@1b19396b{l=/127.0.0.1:40197,r=/127.0.0.1:33998,OPEN,fill=FI,flush=-,to=0/30000}=>HttpConnection@17e0980b[p=HttpParser{s=START,0 of -1},g=HttpGenerator@1d9392{s=START}]=>HttpChannelOverHttp@63ceb078{s=HttpChannelState@46f2b0eb{s=IDLE rs=BLOCKING os=OPEN is=IDLE awp=false se=false i=true al=0},r=2,c=false/false,a=IDLE,uri=null,age=0}
02:56:42.284 [qtp782228073-57] DEBUG org.eclipse.jetty.io.FillInterest - interested FillInterest@4ff62a9f{SSLC.NBReadCB@529d3acb{SslConnection@529d3acb::SocketChannelEndPoint@32cdef79{l=/127.0.0.1:40197,r=/127.0.0.1:33998,OPEN,fill=FI,flush=-,to=0/30000}{io=0/0,kio=0,kro=1}->SslConnection@529d3acb{NOT_HANDSHAKING,eio=-1/-1,di=-1,fill=INTERESTED,flush=IDLE}~>DecryptedEndPoint@1b19396b{l=/127.0.0.1:40197,r=/127.0.0.1:33998,OPEN,fill=FI,flush=-,to=0/30000}=>HttpConnection@17e0980b[p=HttpParser{s=START,0 of -1},g=HttpGenerator@1d9392{s=START}]=>HttpChannelOverHttp@63ceb078{s=HttpChannelState@46f2b0eb{s=IDLE rs=BLOCKING os=OPEN is=IDLE awp=false se=false i=true al=0},r=2,c=false/false,a=IDLE,uri=null,age=0}}}
02:56:42.285 [qtp782228073-57] DEBUG org.eclipse.jetty.io.ChannelEndPoint - changeInterests p=false 0->1 for SocketChannelEndPoint@32cdef79{l=/127.0.0.1:40197,r=/127.0.0.1:33998,OPEN,fill=FI,flush=-,to=0/30000}{io=0/1,kio=0,kro=1}->SslConnection@529d3acb{NOT_HANDSHAKING,eio=-1/-1,di=-1,fill=INTERESTED,flush=IDLE}~>DecryptedEndPoint@1b19396b{l=/127.0.0.1:40197,r=/127.0.0.1:33998,OPEN,fill=FI,flush=-,to=0/30000}=>HttpConnection@17e0980b[p=HttpParser{s=START,0 of -1},g=HttpGenerator@1d9392{s=START}]=>HttpChannelOverHttp@63ceb078{s=HttpChannelState@46f2b0eb{s=IDLE rs=BLOCKING os=OPEN is=IDLE awp=false se=false i=true al=0},r=2,c=false/false,a=IDLE,uri=null,age=0}
02:56:42.285 [qtp782228073-57] DEBUG org.eclipse.jetty.io.ManagedSelector - Queued change lazy=false org.eclipse.jetty.io.ChannelEndPoint$$Lambda$255/899789472@74860ac8 on ManagedSelector@435fb7b5{STARTED} id=0 keys=1 selected=0 updates=0
02:56:42.285 [qtp782228073-57] DEBUG org.eclipse.jetty.io.ManagedSelector - Wakeup on submit ManagedSelector@435fb7b5{STARTED} id=0 keys=1 selected=0 updates=1
02:56:42.285 [qtp782228073-57] DEBUG org.eclipse.jetty.server.HttpConnection - HttpConnection@17e0980b::DecryptedEndPoint@1b19396b{l=/127.0.0.1:40197,r=/127.0.0.1:33998,OPEN,fill=FI,flush=-,to=0/30000} onFillable exit HttpChannelState@46f2b0eb{s=IDLE rs=BLOCKING os=OPEN is=IDLE awp=false se=false i=true al=0} null
02:56:42.285 [qtp782228073-55] DEBUG org.eclipse.jetty.io.ManagedSelector - Selector sun.nio.ch.EPollSelectorImpl@4ae76178 woken with none selected
02:56:42.285 [qtp782228073-55] DEBUG org.eclipse.jetty.io.ManagedSelector - Selector sun.nio.ch.EPollSelectorImpl@4ae76178 woken up from select, 0/0/1 selected
02:56:42.285 [qtp782228073-55] DEBUG org.eclipse.jetty.io.ManagedSelector - Selector sun.nio.ch.EPollSelectorImpl@4ae76178 processing 0 keys, 1 updates
02:56:42.285 [qtp782228073-55] DEBUG org.eclipse.jetty.io.ManagedSelector - updateable 1
02:56:42.285 [qtp782228073-55] DEBUG org.eclipse.jetty.io.ManagedSelector - update org.eclipse.jetty.io.ChannelEndPoint$$Lambda$255/899789472@74860ac8
02:56:42.285 [qtp782228073-57] DEBUG org.eclipse.jetty.io.ssl.SslConnection - <c.onFillable SslConnection@529d3acb::SocketChannelEndPoint@32cdef79{l=/127.0.0.1:40197,r=/127.0.0.1:33998,OPEN,fill=FI,flush=-,to=0/30000}{io=0/1,kio=0,kro=1}->SslConnection@529d3acb{NOT_HANDSHAKING,eio=-1/-1,di=-1,fill=INTERESTED,flush=IDLE}~>DecryptedEndPoint@1b19396b{l=/127.0.0.1:40197,r=/127.0.0.1:33998,OPEN,fill=FI,flush=-,to=0/30000}=>HttpConnection@17e0980b[p=HttpParser{s=START,0 of -1},g=HttpGenerator@1d9392{s=START}]=>HttpChannelOverHttp@63ceb078{s=HttpChannelState@46f2b0eb{s=IDLE rs=BLOCKING os=OPEN is=IDLE awp=false se=false i=true al=0},r=2,c=false/false,a=IDLE,uri=null,age=0}
02:56:42.285 [qtp782228073-57] DEBUG org.eclipse.jetty.util.thread.ReservedThreadExecutor - ReservedThread@e8c8b37{RUNNING,thread=Thread[qtp782228073-57,5,main]} was=RUNNING next=RESERVED size=0+2 capacity=8
02:56:42.285 [qtp782228073-57] DEBUG org.eclipse.jetty.util.thread.ReservedThreadExecutor - ReservedThread@e8c8b37{RESERVED,thread=Thread[qtp782228073-57,5,main]} waiting ReservedThreadExecutor@47a5b70d{reserved=2/8,pending=0}
02:56:42.285 [qtp782228073-55] DEBUG org.eclipse.jetty.io.ChannelEndPoint - Key interests updated 0 -> 1 on SocketChannelEndPoint@32cdef79{l=/127.0.0.1:40197,r=/127.0.0.1:33998,OPEN,fill=FI,flush=-,to=0/30000}{io=1/1,kio=1,kro=1}->SslConnection@529d3acb{NOT_HANDSHAKING,eio=-1/-1,di=-1,fill=INTERESTED,flush=IDLE}~>DecryptedEndPoint@1b19396b{l=/127.0.0.1:40197,r=/127.0.0.1:33998,OPEN,fill=FI,flush=-,to=0/30000}=>HttpConnection@17e0980b[p=HttpParser{s=START,0 of -1},g=HttpGenerator@1d9392{s=START}]=>HttpChannelOverHttp@63ceb078{s=HttpChannelState@46f2b0eb{s=IDLE rs=BLOCKING os=OPEN is=IDLE awp=false se=false i=true al=0},r=2,c=false/false,a=IDLE,uri=null,age=0}
02:56:42.285 [qtp782228073-55] DEBUG org.eclipse.jetty.io.ManagedSelector - updates 0
02:56:42.285 [qtp782228073-55] DEBUG org.eclipse.jetty.io.ManagedSelector - Selector sun.nio.ch.EPollSelectorImpl@4ae76178 waiting with 1 keys
02:56:42.286 [main] DEBUG org.apache.nifi.minifi.bootstrap.configuration.ingestors.PullHttpChangeIngestor - Attempting to pull new config
02:56:42.287 [qtp782228073-59-acceptor-0@4795ded0-ServerConnector@5a411614{SSL, (ssl, http/1.1)}{localhost:40197}] DEBUG org.eclipse.jetty.io.ManagedSelector - Queued change lazy=false Accept@4f4cd01[java.nio.channels.SocketChannel[connected local=/127.0.0.1:40197 remote=/127.0.0.1:34000]] on ManagedSelector@696f0212{STARTED} id=1 keys=1 selected=0 updates=0
02:56:42.287 [qtp782228073-59-acceptor-0@4795ded0-ServerConnector@5a411614{SSL, (ssl, http/1.1)}{localhost:40197}] DEBUG org.eclipse.jetty.io.ManagedSelector - Wakeup on submit ManagedSelector@696f0212{STARTED} id=1 keys=1 selected=0 updates=1
02:56:42.287 [qtp782228073-60] DEBUG org.eclipse.jetty.io.ManagedSelector - Selector sun.nio.ch.EPollSelectorImpl@1b822cc6 woken with none selected
02:56:42.287 [qtp782228073-60] DEBUG org.eclipse.jetty.io.ManagedSelector - Selector sun.nio.ch.EPollSelectorImpl@1b822cc6 woken up from select, 0/0/1 selected
02:56:42.287 [qtp782228073-60] DEBUG org.eclipse.jetty.io.ManagedSelector - Selector sun.nio.ch.EPollSelectorImpl@1b822cc6 processing 0 keys, 1 updates
02:56:42.287 [qtp782228073-60] DEBUG org.eclipse.jetty.io.ManagedSelector - updateable 1
02:56:42.287 [qtp782228073-60] DEBUG org.eclipse.jetty.io.ManagedSelector - update Accept@4f4cd01[java.nio.channels.SocketChannel[connected local=/127.0.0.1:40197 remote=/127.0.0.1:34000]]
02:56:42.287 [qtp782228073-60] DEBUG org.eclipse.jetty.util.thread.QueuedThreadPool - queue Accept@4f4cd01[java.nio.channels.SocketChannel[connected local=/127.0.0.1:40197 remote=/127.0.0.1:34000]] startThread=0
02:56:42.287 [qtp782228073-60] DEBUG org.eclipse.jetty.io.ManagedSelector - updates 0
02:56:42.287 [qtp782228073-60] DEBUG org.eclipse.jetty.io.ManagedSelector - Selector sun.nio.ch.EPollSelectorImpl@1b822cc6 waiting with 2 keys
02:56:42.287 [qtp782228073-56] DEBUG org.eclipse.jetty.util.thread.QueuedThreadPool - run Accept@4f4cd01[java.nio.channels.SocketChannel[connected local=/127.0.0.1:40197 remote=/127.0.0.1:34000]] in QueuedThreadPool[qtp782228073]@2e9fda69{STARTED,8<=8<=200,i=0,r=-1,q=0}[ReservedThreadExecutor@47a5b70d{reserved=2/8,pending=0}]
02:56:42.287 [qtp782228073-56] DEBUG org.eclipse.jetty.io.IdleTimeout - SocketChannelEndPoint@401f0a08{l=/127.0.0.1:40197,r=/127.0.0.1:34000,OPEN,fill=-,flush=-,to=0/30000}{io=0/0,kio=0,kro=0}-><null> idle timeout check, elapsed: 0 ms, remaining: 30000 ms
02:56:42.288 [qtp782228073-56] DEBUG org.eclipse.jetty.util.ssl.SslContextFactory - Customize sun.security.ssl.SSLEngineImpl@51d8c6f
02:56:42.288 [qtp782228073-56] DEBUG org.eclipse.jetty.server.HttpChannel - new HttpChannelOverHttp@7400c115{s=HttpChannelState@3452ebe7{s=IDLE rs=BLOCKING os=OPEN is=IDLE awp=false se=false i=true al=0},r=0,c=false/false,a=IDLE,uri=null,age=0} -> DecryptedEndPoint@ca5f82f{l=/127.0.0.1:40197,r=/127.0.0.1:34000,OPEN,fill=-,flush=-,to=0/30000},null,HttpChannelState@3452ebe7{s=IDLE rs=BLOCKING os=OPEN is=IDLE awp=false se=false i=true al=0}
02:56:42.288 [qtp782228073-56] DEBUG org.eclipse.jetty.server.HttpConnection - New HTTP Connection HttpConnection@65327320::DecryptedEndPoint@ca5f82f{l=/127.0.0.1:40197,r=/127.0.0.1:34000,OPEN,fill=-,flush=-,to=0/30000}
02:56:42.288 [qtp782228073-56] DEBUG org.eclipse.jetty.io.ManagedSelector - Queued change lazy=true org.eclipse.jetty.io.ManagedSelector$$Lambda$258/269590367@17c80efa on ManagedSelector@696f0212{STARTED} id=1 keys=2 selected=0 updates=0
02:56:42.288 [qtp782228073-56] DEBUG org.eclipse.jetty.io.AbstractEndPoint - onOpen SocketChannelEndPoint@401f0a08{l=/127.0.0.1:40197,r=/127.0.0.1:34000,OPEN,fill=-,flush=-,to=0/30000}{io=0/0,kio=0,kro=0}->SslConnection@34e6d237{NOT_HANDSHAKING,eio=-1/-1,di=-1,fill=IDLE,flush=IDLE}~>DecryptedEndPoint@ca5f82f{l=/127.0.0.1:40197,r=/127.0.0.1:34000,OPEN,fill=-,flush=-,to=0/30000}=>HttpConnection@65327320[p=HttpParser{s=START,0 of -1},g=HttpGenerator@17a13004{s=START}]=>HttpChannelOverHttp@7400c115{s=HttpChannelState@3452ebe7{s=IDLE rs=BLOCKING os=OPEN is=IDLE awp=false se=false i=true al=0},r=0,c=false/false,a=IDLE,uri=null,age=0}
02:56:42.288 [qtp782228073-56] DEBUG org.eclipse.jetty.io.AbstractConnection - onOpen SslConnection@34e6d237::SocketChannelEndPoint@401f0a08{l=/127.0.0.1:40197,r=/127.0.0.1:34000,OPEN,fill=-,flush=-,to=0/30000}{io=0/0,kio=0,kro=0}->SslConnection@34e6d237{NOT_HANDSHAKING,eio=-1/-1,di=-1,fill=IDLE,flush=IDLE}~>DecryptedEndPoint@ca5f82f{l=/127.0.0.1:40197,r=/127.0.0.1:34000,OPEN,fill=-,flush=-,to=0/30000}=>HttpConnection@65327320[p=HttpParser{s=START,0 of -1},g=HttpGenerator@17a13004{s=START}]=>HttpChannelOverHttp@7400c115{s=HttpChannelState@3452ebe7{s=IDLE rs=BLOCKING os=OPEN is=IDLE awp=false se=false i=true al=0},r=0,c=false/false,a=IDLE,uri=null,age=0}
02:56:42.288 [qtp782228073-56] DEBUG org.eclipse.jetty.io.AbstractConnection - onOpen HttpConnection@65327320::DecryptedEndPoint@ca5f82f{l=/127.0.0.1:40197,r=/127.0.0.1:34000,OPEN,fill=-,flush=-,to=0/30000}
02:56:42.288 [qtp782228073-56] DEBUG org.eclipse.jetty.io.AbstractConnection - fillInterested HttpConnection@65327320::DecryptedEndPoint@ca5f82f{l=/127.0.0.1:40197,r=/127.0.0.1:34000,OPEN,fill=-,flush=-,to=0/30000}
02:56:42.288 [qtp782228073-56] DEBUG org.eclipse.jetty.io.FillInterest - interested FillInterest@617ceaa3{AC.ReadCB@65327320{HttpConnection@65327320::DecryptedEndPoint@ca5f82f{l=/127.0.0.1:40197,r=/127.0.0.1:34000,OPEN,fill=FI,flush=-,to=0/30000}}}
02:56:42.288 [qtp782228073-56] DEBUG org.eclipse.jetty.io.ssl.SslConnection - >needFillInterest s=IDLE/IDLE uf=false ei=null di=null SslConnection@34e6d237::SocketChannelEndPoint@401f0a08{l=/127.0.0.1:40197,r=/127.0.0.1:34000,OPEN,fill=-,flush=-,to=0/30000}{io=0/0,kio=0,kro=0}->SslConnection@34e6d237{NOT_HANDSHAKING,eio=-1/-1,di=-1,fill=IDLE,flush=IDLE}~>DecryptedEndPoint@ca5f82f{l=/127.0.0.1:40197,r=/127.0.0.1:34000,OPEN,fill=FI,flush=-,to=0/30000}=>HttpConnection@65327320[p=HttpParser{s=START,0 of -1},g=HttpGenerator@17a13004{s=START}]=>HttpChannelOverHttp@7400c115{s=HttpChannelState@3452ebe7{s=IDLE rs=BLOCKING os=OPEN is=IDLE awp=false se=false i=true al=0},r=0,c=false/false,a=IDLE,uri=null,age=0}
02:56:42.288 [qtp782228073-56] DEBUG org.eclipse.jetty.io.ssl.SslConnection - <needFillInterest s=IDLE/INTERESTED f=false i=true w=null
02:56:42.288 [qtp782228073-56] DEBUG org.eclipse.jetty.io.ssl.SslConnection - ensureFillInterested SslConnection@34e6d237::SocketChannelEndPoint@401f0a08{l=/127.0.0.1:40197,r=/127.0.0.1:34000,OPEN,fill=-,flush=-,to=0/30000}{io=0/0,kio=0,kro=0}->SslConnection@34e6d237{NOT_HANDSHAKING,eio=-1/-1,di=-1,fill=INTERESTED,flush=IDLE}~>DecryptedEndPoint@ca5f82f{l=/127.0.0.1:40197,r=/127.0.0.1:34000,OPEN,fill=FI,flush=-,to=0/30000}=>HttpConnection@65327320[p=HttpParser{s=START,0 of -1},g=HttpGenerator@17a13004{s=START}]=>HttpChannelOverHttp@7400c115{s=HttpChannelState@3452ebe7{s=IDLE rs=BLOCKING os=OPEN is=IDLE awp=false se=false i=true al=0},r=0,c=false/false,a=IDLE,uri=null,age=0}
02:56:42.289 [qtp782228073-56] DEBUG org.eclipse.jetty.io.FillInterest - interested FillInterest@369487a8{SSLC.NBReadCB@34e6d237{SslConnection@34e6d237::SocketChannelEndPoint@401f0a08{l=/127.0.0.1:40197,r=/127.0.0.1:34000,OPEN,fill=FI,flush=-,to=0/30000}{io=0/0,kio=0,kro=0}->SslConnection@34e6d237{NOT_HANDSHAKING,eio=-1/-1,di=-1,fill=INTERESTED,flush=IDLE}~>DecryptedEndPoint@ca5f82f{l=/127.0.0.1:40197,r=/127.0.0.1:34000,OPEN,fill=FI,flush=-,to=0/30000}=>HttpConnection@65327320[p=HttpParser{s=START,0 of -1},g=HttpGenerator@17a13004{s=START}]=>HttpChannelOverHttp@7400c115{s=HttpChannelState@3452ebe7{s=IDLE rs=BLOCKING os=OPEN is=IDLE awp=false se=false i=true al=0},r=0,c=false/false,a=IDLE,uri=null,age=0}}}
02:56:42.289 [qtp782228073-56] DEBUG org.eclipse.jetty.io.ChannelEndPoint - changeInterests p=false 0->1 for SocketChannelEndPoint@401f0a08{l=/127.0.0.1:40197,r=/127.0.0.1:34000,OPEN,fill=FI,flush=-,to=0/30000}{io=0/1,kio=0,kro=0}->SslConnection@34e6d237{NOT_HANDSHAKING,eio=-1/-1,di=-1,fill=INTERESTED,flush=IDLE}~>DecryptedEndPoint@ca5f82f{l=/127.0.0.1:40197,r=/127.0.0.1:34000,OPEN,fill=FI,flush=-,to=0/30000}=>HttpConnection@65327320[p=HttpParser{s=START,0 of -1},g=HttpGenerator@17a13004{s=START}]=>HttpChannelOverHttp@7400c115{s=HttpChannelState@3452ebe7{s=IDLE rs=BLOCKING os=OPEN is=IDLE awp=false se=false i=true al=0},r=0,c=false/false,a=IDLE,uri=null,age=0}
02:56:42.289 [qtp782228073-56] DEBUG org.eclipse.jetty.io.ManagedSelector - Queued change lazy=false org.eclipse.jetty.io.ChannelEndPoint$$Lambda$255/899789472@34e19c27 on ManagedSelector@696f0212{STARTED} id=1 keys=2 selected=0 updates=1
02:56:42.289 [qtp782228073-56] DEBUG org.eclipse.jetty.io.ManagedSelector - Wakeup on submit ManagedSelector@696f0212{STARTED} id=1 keys=2 selected=0 updates=2
02:56:42.289 [qtp782228073-60] DEBUG org.eclipse.jetty.io.ManagedSelector - Selector sun.nio.ch.EPollSelectorImpl@1b822cc6 woken with none selected
02:56:42.289 [qtp782228073-56] DEBUG org.eclipse.jetty.io.ManagedSelector - Created SocketChannelEndPoint@401f0a08{l=/127.0.0.1:40197,r=/127.0.0.1:34000,OPEN,fill=FI,flush=-,to=0/30000}{io=0/1,kio=0,kro=0}->SslConnection@34e6d237{NOT_HANDSHAKING,eio=-1/-1,di=-1,fill=INTERESTED,flush=IDLE}~>DecryptedEndPoint@ca5f82f{l=/127.0.0.1:40197,r=/127.0.0.1:34000,OPEN,fill=FI,flush=-,to=0/30000}=>HttpConnection@65327320[p=HttpParser{s=START,0 of -1},g=HttpGenerator@17a13004{s=START}]=>HttpChannelOverHttp@7400c115{s=HttpChannelState@3452ebe7{s=IDLE rs=BLOCKING os=OPEN is=IDLE awp=false se=false i=true al=0},r=0,c=false/false,a=IDLE,uri=null,age=0}
02:56:42.289 [qtp782228073-60] DEBUG org.eclipse.jetty.io.ManagedSelector - Selector sun.nio.ch.EPollSelectorImpl@1b822cc6 woken up from select, 0/0/2 selected
02:56:42.289 [qtp782228073-60] DEBUG org.eclipse.jetty.io.ManagedSelector - Selector sun.nio.ch.EPollSelectorImpl@1b822cc6 processing 0 keys, 2 updates
02:56:42.289 [qtp782228073-56] DEBUG org.eclipse.jetty.util.thread.QueuedThreadPool - ran Accept@4f4cd01[java.nio.channels.SocketChannel[connected local=/127.0.0.1:40197 remote=/127.0.0.1:34000]] in QueuedThreadPool[qtp782228073]@2e9fda69{STARTED,8<=8<=200,i=0,r=-1,q=0}[ReservedThreadExecutor@47a5b70d{reserved=2/8,pending=0}]
02:56:42.289 [qtp782228073-60] DEBUG org.eclipse.jetty.io.ManagedSelector - updateable 2
02:56:42.289 [qtp782228073-60] DEBUG org.eclipse.jetty.io.ManagedSelector - update org.eclipse.jetty.io.ManagedSelector$$Lambda$258/269590367@17c80efa
02:56:42.289 [qtp782228073-60] DEBUG org.eclipse.jetty.io.ManagedSelector - update org.eclipse.jetty.io.ChannelEndPoint$$Lambda$255/899789472@34e19c27
02:56:42.289 [qtp782228073-60] DEBUG org.eclipse.jetty.io.ChannelEndPoint - Key interests updated 0 -> 1 on SocketChannelEndPoint@401f0a08{l=/127.0.0.1:40197,r=/127.0.0.1:34000,OPEN,fill=FI,flush=-,to=0/30000}{io=1/1,kio=1,kro=0}->SslConnection@34e6d237{NOT_HANDSHAKING,eio=-1/-1,di=-1,fill=INTERESTED,flush=IDLE}~>DecryptedEndPoint@ca5f82f{l=/127.0.0.1:40197,r=/127.0.0.1:34000,OPEN,fill=FI,flush=-,to=0/30000}=>HttpConnection@65327320[p=HttpParser{s=START,0 of -1},g=HttpGenerator@17a13004{s=START}]=>HttpChannelOverHttp@7400c115{s=HttpChannelState@3452ebe7{s=IDLE rs=BLOCKING os=OPEN is=IDLE awp=false se=false i=true al=0},r=0,c=false/false,a=IDLE,uri=null,age=0}
02:56:42.289 [qtp782228073-60] DEBUG org.eclipse.jetty.io.ManagedSelector - updates 0
02:56:42.289 [qtp782228073-60] DEBUG org.eclipse.jetty.io.ManagedSelector - Selector sun.nio.ch.EPollSelectorImpl@1b822cc6 waiting with 2 keys
02:56:42.289 [qtp782228073-60] DEBUG org.eclipse.jetty.io.ManagedSelector - Selector sun.nio.ch.EPollSelectorImpl@1b822cc6 woken up from select, 1/1/2 selected
02:56:42.289 [qtp782228073-60] DEBUG org.eclipse.jetty.io.ManagedSelector - Selector sun.nio.ch.EPollSelectorImpl@1b822cc6 processing 1 keys, 0 updates
02:56:42.290 [qtp782228073-60] DEBUG org.eclipse.jetty.io.ManagedSelector - selected 1 sun.nio.ch.SelectionKeyImpl@72afcc3a SocketChannelEndPoint@401f0a08{l=/127.0.0.1:40197,r=/127.0.0.1:34000,OPEN,fill=FI,flush=-,to=1/30000}{io=1/1,kio=1,kro=1}->SslConnection@34e6d237{NOT_HANDSHAKING,eio=-1/-1,di=-1,fill=INTERESTED,flush=IDLE}~>DecryptedEndPoint@ca5f82f{l=/127.0.0.1:40197,r=/127.0.0.1:34000,OPEN,fill=FI,flush=-,to=1/30000}=>HttpConnection@65327320[p=HttpParser{s=START,0 of -1},g=HttpGenerator@17a13004{s=START}]=>HttpChannelOverHttp@7400c115{s=HttpChannelState@3452ebe7{s=IDLE rs=BLOCKING os=OPEN is=IDLE awp=false se=false i=true al=0},r=0,c=false/false,a=IDLE,uri=null,age=0} 
02:56:42.290 [qtp782228073-60] DEBUG org.eclipse.jetty.io.ChannelEndPoint - onSelected 1->0 r=true w=false for SocketChannelEndPoint@401f0a08{l=/127.0.0.1:40197,r=/127.0.0.1:34000,OPEN,fill=FI,flush=-,to=1/30000}{io=1/0,kio=1,kro=1}->SslConnection@34e6d237{NOT_HANDSHAKING,eio=-1/-1,di=-1,fill=INTERESTED,flush=IDLE}~>DecryptedEndPoint@ca5f82f{l=/127.0.0.1:40197,r=/127.0.0.1:34000,OPEN,fill=FI,flush=-,to=1/30000}=>HttpConnection@65327320[p=HttpParser{s=START,0 of -1},g=HttpGenerator@17a13004{s=START}]=>HttpChannelOverHttp@7400c115{s=HttpChannelState@3452ebe7{s=IDLE rs=BLOCKING os=OPEN is=IDLE awp=false se=false i=true al=0},r=0,c=false/false,a=IDLE,uri=null,age=0}
02:56:42.290 [qtp782228073-60] DEBUG org.eclipse.jetty.io.ChannelEndPoint - task CEP:SocketChannelEndPoint@401f0a08{l=/127.0.0.1:40197,r=/127.0.0.1:34000,OPEN,fill=FI,flush=-,to=1/30000}{io=1/0,kio=1,kro=1}->SslConnection@34e6d237{NOT_HANDSHAKING,eio=-1/-1,di=-1,fill=INTERESTED,flush=IDLE}~>DecryptedEndPoint@ca5f82f{l=/127.0.0.1:40197,r=/127.0.0.1:34000,OPEN,fill=FI,flush=-,to=1/30000}=>HttpConnection@65327320[p=HttpParser{s=START,0 of -1},g=HttpGenerator@17a13004{s=START}]=>HttpChannelOverHttp@7400c115{s=HttpChannelState@3452ebe7{s=IDLE rs=BLOCKING os=OPEN is=IDLE awp=false se=false i=true al=0},r=0,c=false/false,a=IDLE,uri=null,age=0}:runFillable:BLOCKING
02:56:42.290 [qtp782228073-60] DEBUG org.eclipse.jetty.util.thread.ReservedThreadExecutor - ReservedThreadExecutor@47a5b70d{reserved=2/8,pending=0} tryExecute EatWhatYouKill@4e70a728/SelectorProducer@b7838a9/PRODUCING/p=false/QueuedThreadPool[qtp782228073]@2e9fda69{STARTED,8<=8<=200,i=1,r=-1,q=0}[ReservedThreadExecutor@47a5b70d{reserved=2/8,pending=0}][pc=0,pic=0,pec=1,epc=2]@2024-05-02T02:56:42.29+01:00
02:56:42.290 [qtp782228073-57] DEBUG org.eclipse.jetty.util.thread.ReservedThreadExecutor - ReservedThread@e8c8b37{RESERVED,thread=Thread[qtp782228073-57,5,main]} task=EatWhatYouKill@4e70a728/SelectorProducer@b7838a9/IDLE/p=true/QueuedThreadPool[qtp782228073]@2e9fda69{STARTED,8<=8<=200,i=1,r=-1,q=0}[ReservedThreadExecutor@47a5b70d{reserved=1/8,pending=0}][pc=0,pic=0,pec=1,epc=2]@2024-05-02T02:56:42.29+01:00 ReservedThreadExecutor@47a5b70d{reserved=1/8,pending=0}
02:56:42.290 [qtp782228073-60] DEBUG org.eclipse.jetty.util.thread.strategy.EatWhatYouKill - EatWhatYouKill@4e70a728/SelectorProducer@b7838a9/IDLE/p=true/QueuedThreadPool[qtp782228073]@2e9fda69{STARTED,8<=8<=200,i=1,r=-1,q=0}[ReservedThreadExecutor@47a5b70d{reserved=1/8,pending=0}][pc=0,pic=0,pec=1,epc=2]@2024-05-02T02:56:42.29+01:00 m=EXECUTE_PRODUCE_CONSUME t=CEP:SocketChannelEndPoint@401f0a08{l=/127.0.0.1:40197,r=/127.0.0.1:34000,OPEN,fill=FI,flush=-,to=1/30000}{io=1/0,kio=1,kro=1}->SslConnection@34e6d237{NOT_HANDSHAKING,eio=-1/-1,di=-1,fill=INTERESTED,flush=IDLE}~>DecryptedEndPoint@ca5f82f{l=/127.0.0.1:40197,r=/127.0.0.1:34000,OPEN,fill=FI,flush=-,to=1/30000}=>HttpConnection@65327320[p=HttpParser{s=START,0 of -1},g=HttpGenerator@17a13004{s=START}]=>HttpChannelOverHttp@7400c115{s=HttpChannelState@3452ebe7{s=IDLE rs=BLOCKING os=OPEN is=IDLE awp=false se=false i=true al=0},r=0,c=false/false,a=IDLE,uri=null,age=0}:runFillable:BLOCKING/BLOCKING
02:56:42.290 [qtp782228073-57] DEBUG org.eclipse.jetty.util.thread.strategy.EatWhatYouKill - EatWhatYouKill@4e70a728/SelectorProducer@b7838a9/IDLE/p=true/QueuedThreadPool[qtp782228073]@2e9fda69{STARTED,8<=8<=200,i=1,r=-1,q=0}[ReservedThreadExecutor@47a5b70d{reserved=1/8,pending=0}][pc=0,pic=0,pec=1,epc=2]@2024-05-02T02:56:42.29+01:00 tryProduce true
02:56:42.290 [qtp782228073-57] DEBUG org.eclipse.jetty.io.ManagedSelector - updateable 0
02:56:42.290 [qtp782228073-57] DEBUG org.eclipse.jetty.io.ManagedSelector - updates 0
02:56:42.290 [qtp782228073-60] DEBUG org.eclipse.jetty.io.FillInterest - fillable FillInterest@369487a8{SSLC.NBReadCB@34e6d237{SslConnection@34e6d237::SocketChannelEndPoint@401f0a08{l=/127.0.0.1:40197,r=/127.0.0.1:34000,OPEN,fill=FI,flush=-,to=1/30000}{io=1/0,kio=1,kro=1}->SslConnection@34e6d237{NOT_HANDSHAKING,eio=-1/-1,di=-1,fill=INTERESTED,flush=IDLE}~>DecryptedEndPoint@ca5f82f{l=/127.0.0.1:40197,r=/127.0.0.1:34000,OPEN,fill=FI,flush=-,to=1/30000}=>HttpConnection@65327320[p=HttpParser{s=START,0 of -1},g=HttpGenerator@17a13004{s=START}]=>HttpChannelOverHttp@7400c115{s=HttpChannelState@3452ebe7{s=IDLE rs=BLOCKING os=OPEN is=IDLE awp=false se=false i=true al=0},r=0,c=false/false,a=IDLE,uri=null,age=0}}}
02:56:42.290 [qtp782228073-57] DEBUG org.eclipse.jetty.io.ChannelEndPoint - Key interests updated 1 -> 0 on SocketChannelEndPoint@401f0a08{l=/127.0.0.1:40197,r=/127.0.0.1:34000,OPEN,fill=FI,flush=-,to=1/30000}{io=0/0,kio=0,kro=1}->SslConnection@34e6d237{NOT_HANDSHAKING,eio=-1/-1,di=-1,fill=INTERESTED,flush=IDLE}~>DecryptedEndPoint@ca5f82f{l=/127.0.0.1:40197,r=/127.0.0.1:34000,OPEN,fill=FI,flush=-,to=2/30000}=>HttpConnection@65327320[p=HttpParser{s=START,0 of -1},g=HttpGenerator@17a13004{s=START}]=>HttpChannelOverHttp@7400c115{s=HttpChannelState@3452ebe7{s=IDLE rs=BLOCKING os=OPEN is=IDLE awp=false se=false i=true al=0},r=0,c=false/false,a=IDLE,uri=null,age=0}
02:56:42.290 [qtp782228073-57] DEBUG org.eclipse.jetty.io.ManagedSelector - Selector sun.nio.ch.EPollSelectorImpl@1b822cc6 waiting with 2 keys
02:56:42.290 [qtp782228073-60] DEBUG org.eclipse.jetty.io.ssl.SslConnection - >c.onFillable SslConnection@34e6d237::SocketChannelEndPoint@401f0a08{l=/127.0.0.1:40197,r=/127.0.0.1:34000,OPEN,fill=-,flush=-,to=1/30000}{io=0/0,kio=0,kro=1}->SslConnection@34e6d237{NOT_HANDSHAKING,eio=-1/-1,di=-1,fill=INTERESTED,flush=IDLE}~>DecryptedEndPoint@ca5f82f{l=/127.0.0.1:40197,r=/127.0.0.1:34000,OPEN,fill=FI,flush=-,to=2/30000}=>HttpConnection@65327320[p=HttpParser{s=START,0 of -1},g=HttpGenerator@17a13004{s=START}]=>HttpChannelOverHttp@7400c115{s=HttpChannelState@3452ebe7{s=IDLE rs=BLOCKING os=OPEN is=IDLE awp=false se=false i=true al=0},r=0,c=false/false,a=IDLE,uri=null,age=0}
02:56:42.290 [qtp782228073-60] DEBUG org.eclipse.jetty.io.ssl.SslConnection - onFillable SslConnection@34e6d237::SocketChannelEndPoint@401f0a08{l=/127.0.0.1:40197,r=/127.0.0.1:34000,OPEN,fill=-,flush=-,to=1/30000}{io=0/0,kio=0,kro=1}->SslConnection@34e6d237{NOT_HANDSHAKING,eio=-1/-1,di=-1,fill=INTERESTED,flush=IDLE}~>DecryptedEndPoint@ca5f82f{l=/127.0.0.1:40197,r=/127.0.0.1:34000,OPEN,fill=FI,flush=-,to=2/30000}=>HttpConnection@65327320[p=HttpParser{s=START,0 of -1},g=HttpGenerator@17a13004{s=START}]=>HttpChannelOverHttp@7400c115{s=HttpChannelState@3452ebe7{s=IDLE rs=BLOCKING os=OPEN is=IDLE awp=false se=false i=true al=0},r=0,c=false/false,a=IDLE,uri=null,age=0}
02:56:42.290 [qtp782228073-60] DEBUG org.eclipse.jetty.io.FillInterest - fillable FillInterest@617ceaa3{AC.ReadCB@65327320{HttpConnection@65327320::DecryptedEndPoint@ca5f82f{l=/127.0.0.1:40197,r=/127.0.0.1:34000,OPEN,fill=FI,flush=-,to=2/30000}}}
02:56:42.290 [qtp782228073-60] DEBUG org.eclipse.jetty.server.HttpConnection - HttpConnection@65327320::DecryptedEndPoint@ca5f82f{l=/127.0.0.1:40197,r=/127.0.0.1:34000,OPEN,fill=-,flush=-,to=2/30000} onFillable enter HttpChannelState@3452ebe7{s=IDLE rs=BLOCKING os=OPEN is=IDLE awp=false se=false i=true al=0} null
02:56:42.291 [qtp782228073-60] DEBUG org.eclipse.jetty.io.ssl.SslConnection - >fill SslConnection@34e6d237::SocketChannelEndPoint@401f0a08{l=/127.0.0.1:40197,r=/127.0.0.1:34000,OPEN,fill=-,flush=-,to=2/30000}{io=0/0,kio=0,kro=1}->SslConnection@34e6d237{NOT_HANDSHAKING,eio=-1/-1,di=-1,fill=IDLE,flush=IDLE}~>DecryptedEndPoint@ca5f82f{l=/127.0.0.1:40197,r=/127.0.0.1:34000,OPEN,fill=-,flush=-,to=2/30000}=>HttpConnection@65327320[p=HttpParser{s=START,0 of -1},g=HttpGenerator@17a13004{s=START}]=>HttpChannelOverHttp@7400c115{s=HttpChannelState@3452ebe7{s=IDLE rs=BLOCKING os=OPEN is=IDLE awp=false se=false i=true al=0},r=0,c=false/false,a=IDLE,uri=null,age=0}
02:56:42.291 [qtp782228073-60] DEBUG org.eclipse.jetty.io.ssl.SslConnection - fill NOT_HANDSHAKING
02:56:42.291 [qtp782228073-60] DEBUG org.eclipse.jetty.io.ChannelEndPoint - filled 339 HeapByteBuffer@1b26ebdb[p=0,l=339,c=17408,r=339]={<<<\x16\x03\x03\x01N\x01\x00\x01J\x03\x03\xB6\x83~\xDeNtE\x1e\x81k\x0f\xBd\x80\xC0...\x1b2\xAc\x95\x94T\xBe\xFe;2^\xE4\xDe\xF2\xCf\xD9\xAc\xA2\xFf\x01\x00\x01\x00>>>\xF9\xFb}{\xC0\xFag\xC6G...\x00\x00\x00\x00\x00\x00\x00}
02:56:42.291 [qtp782228073-60] DEBUG org.eclipse.jetty.io.ssl.SslConnection - net filled=339
02:56:42.291 [qtp782228073-60] DEBUG org.eclipse.jetty.io.ssl.SslConnection - fill starting handshake SslConnection@34e6d237::SocketChannelEndPoint@401f0a08{l=/127.0.0.1:40197,r=/127.0.0.1:34000,OPEN,fill=-,flush=-,to=0/30000}{io=0/0,kio=0,kro=1}->SslConnection@34e6d237{NOT_HANDSHAKING,eio=339/-1,di=-1,fill=IDLE,flush=IDLE}~>DecryptedEndPoint@ca5f82f{l=/127.0.0.1:40197,r=/127.0.0.1:34000,OPEN,fill=-,flush=-,to=2/30000}=>HttpConnection@65327320[p=HttpParser{s=START,0 of -1},g=HttpGenerator@17a13004{s=START}]=>HttpChannelOverHttp@7400c115{s=HttpChannelState@3452ebe7{s=IDLE rs=BLOCKING os=OPEN is=IDLE awp=false se=false i=true al=0},r=0,c=false/false,a=IDLE,uri=null,age=0}
02:56:42.291 [qtp782228073-60] DEBUG org.eclipse.jetty.io.ssl.SslConnection - unwrap net_filled=339 Status = OK HandshakeStatus = NEED_TASK bytesConsumed = 339 bytesProduced = 0 encryptedBuffer=[p=339,l=339,c=17408,r=0] unwrapBuffer=HeapByteBuffer@740a9f9e[p=0,l=0,c=17408,r=0]={<<<>>>GET /conf...\x00\x00\x00\x00\x00\x00\x00} appBuffer=HeapByteBuffer@740a9f9e[p=0,l=0,c=17408,r=0]={<<<>>>GET /conf...\x00\x00\x00\x00\x00\x00\x00}
02:56:42.291 [qtp782228073-60] DEBUG org.eclipse.jetty.io.ssl.SslConnection - fill NEED_TASK
02:56:42.301 [qtp782228073-60] DEBUG org.eclipse.jetty.io.ssl.SslConnection - fill NEED_WRAP
02:56:42.302 [qtp782228073-60] DEBUG org.eclipse.jetty.io.ssl.SslConnection - >flush SslConnection@34e6d237::SocketChannelEndPoint@401f0a08{l=/127.0.0.1:40197,r=/127.0.0.1:34000,OPEN,fill=-,flush=-,to=10/30000}{io=0/0,kio=0,kro=1}->SslConnection@34e6d237{NEED_WRAP,eio=0/-1,di=-1,fill=IDLE,flush=IDLE}~>DecryptedEndPoint@ca5f82f{l=/127.0.0.1:40197,r=/127.0.0.1:34000,OPEN,fill=-,flush=-,to=13/30000}=>HttpConnection@65327320[p=HttpParser{s=START,0 of -1},g=HttpGenerator@17a13004{s=START}]=>HttpChannelOverHttp@7400c115{s=HttpChannelState@3452ebe7{s=IDLE rs=BLOCKING os=OPEN is=IDLE awp=false se=false i=true al=0},r=0,c=false/false,a=IDLE,uri=null,age=0}
02:56:42.302 [qtp782228073-60] DEBUG org.eclipse.jetty.io.ssl.SslConnection - flush b[0]=HeapByteBuffer@58f161d6[p=0,l=0,c=0,r=0]={<<<>>>}
02:56:42.302 [qtp782228073-60] DEBUG org.eclipse.jetty.io.ssl.SslConnection - flush NEED_WRAP
02:56:42.302 [qtp782228073-60] DEBUG org.eclipse.jetty.io.ssl.SslConnection - wrap Status = OK HandshakeStatus = NEED_WRAP bytesConsumed = 0 bytesProduced = 160 [p=0,l=160,c=17408,r=160] ioDone=false/false
02:56:42.302 [qtp782228073-60] DEBUG org.eclipse.jetty.io.ChannelEndPoint - flushed 160 SocketChannelEndPoint@401f0a08{l=/127.0.0.1:40197,r=/127.0.0.1:34000,OPEN,fill=-,flush=-,to=10/30000}{io=0/0,kio=0,kro=1}->SslConnection@34e6d237{NEED_WRAP,eio=0/0,di=-1,fill=IDLE,flush=IDLE}~>DecryptedEndPoint@ca5f82f{l=/127.0.0.1:40197,r=/127.0.0.1:34000,OPEN,fill=-,flush=-,to=13/30000}=>HttpConnection@65327320[p=HttpParser{s=START,0 of -1},g=HttpGenerator@17a13004{s=START}]=>HttpChannelOverHttp@7400c115{s=HttpChannelState@3452ebe7{s=IDLE rs=BLOCKING os=OPEN is=IDLE awp=false se=false i=true al=0},r=0,c=false/false,a=IDLE,uri=null,age=0}
02:56:42.302 [qtp782228073-60] DEBUG org.eclipse.jetty.io.ssl.SslConnection - net flushed=true, ac=true
02:56:42.302 [qtp782228073-60] DEBUG org.eclipse.jetty.io.ssl.SslConnection - flush NEED_WRAP
02:56:42.302 [qtp782228073-60] DEBUG org.eclipse.jetty.io.ssl.SslConnection - wrap Status = OK HandshakeStatus = NEED_WRAP bytesConsumed = 0 bytesProduced = 6 [p=0,l=6,c=17408,r=6] ioDone=false/false
02:56:42.302 [qtp782228073-60] DEBUG org.eclipse.jetty.io.ChannelEndPoint - flushed 6 SocketChannelEndPoint@401f0a08{l=/127.0.0.1:40197,r=/127.0.0.1:34000,OPEN,fill=-,flush=-,to=0/30000}{io=0/0,kio=0,kro=1}->SslConnection@34e6d237{NEED_WRAP,eio=0/0,di=-1,fill=IDLE,flush=IDLE}~>DecryptedEndPoint@ca5f82f{l=/127.0.0.1:40197,r=/127.0.0.1:34000,OPEN,fill=-,flush=-,to=13/30000}=>HttpConnection@65327320[p=HttpParser{s=START,0 of -1},g=HttpGenerator@17a13004{s=START}]=>HttpChannelOverHttp@7400c115{s=HttpChannelState@3452ebe7{s=IDLE rs=BLOCKING os=OPEN is=IDLE awp=false se=false i=true al=0},r=0,c=false/false,a=IDLE,uri=null,age=0}
02:56:42.302 [qtp782228073-60] DEBUG org.eclipse.jetty.io.ssl.SslConnection - net flushed=true, ac=true
02:56:42.302 [qtp782228073-60] DEBUG org.eclipse.jetty.io.ssl.SslConnection - flush NEED_WRAP
02:56:42.302 [qtp782228073-60] DEBUG org.eclipse.jetty.io.ssl.SslConnection - wrap Status = OK HandshakeStatus = NEED_UNWRAP bytesConsumed = 0 bytesProduced = 1597 [p=0,l=1597,c=17408,r=1597] ioDone=false/false
02:56:42.302 [qtp782228073-60] DEBUG org.eclipse.jetty.io.ChannelEndPoint - flushed 1597 SocketChannelEndPoint@401f0a08{l=/127.0.0.1:40197,r=/127.0.0.1:34000,OPEN,fill=-,flush=-,to=0/30000}{io=0/0,kio=0,kro=1}->SslConnection@34e6d237{NEED_UNWRAP,eio=0/0,di=-1,fill=IDLE,flush=IDLE}~>DecryptedEndPoint@ca5f82f{l=/127.0.0.1:40197,r=/127.0.0.1:34000,OPEN,fill=-,flush=-,to=14/30000}=>HttpConnection@65327320[p=HttpParser{s=START,0 of -1},g=HttpGenerator@17a13004{s=START}]=>HttpChannelOverHttp@7400c115{s=HttpChannelState@3452ebe7{s=IDLE rs=BLOCKING os=OPEN is=IDLE awp=false se=false i=true al=0},r=0,c=false/false,a=IDLE,uri=null,age=0}
02:56:42.302 [qtp782228073-60] DEBUG org.eclipse.jetty.io.ssl.SslConnection - net flushed=true, ac=true
02:56:42.302 [qtp782228073-60] DEBUG org.eclipse.jetty.io.ssl.SslConnection - <flush true SslConnection@34e6d237::SocketChannelEndPoint@401f0a08{l=/127.0.0.1:40197,r=/127.0.0.1:34000,OPEN,fill=-,flush=-,to=0/30000}{io=0/0,kio=0,kro=1}->SslConnection@34e6d237{NEED_UNWRAP,eio=0/-1,di=-1,fill=IDLE,flush=IDLE}~>DecryptedEndPoint@ca5f82f{l=/127.0.0.1:40197,r=/127.0.0.1:34000,OPEN,fill=-,flush=-,to=14/30000}=>HttpConnection@65327320[p=HttpParser{s=START,0 of -1},g=HttpGenerator@17a13004{s=START}]=>HttpChannelOverHttp@7400c115{s=HttpChannelState@3452ebe7{s=IDLE rs=BLOCKING os=OPEN is=IDLE awp=false se=false i=true al=0},r=0,c=false/false,a=IDLE,uri=null,age=0}
02:56:42.302 [qtp782228073-60] DEBUG org.eclipse.jetty.io.ssl.SslConnection - fill NEED_UNWRAP
02:56:42.302 [qtp782228073-60] DEBUG org.eclipse.jetty.io.ChannelEndPoint - filled 0 HeapByteBuffer@1b26ebdb[p=0,l=0,c=17408,r=0]={<<<>>>\x16\x03\x03\x01N\x01\x00\x01J...\x00\x00\x00\x00\x00\x00\x00}
02:56:42.302 [qtp782228073-60] DEBUG org.eclipse.jetty.io.ssl.SslConnection - net filled=0
02:56:42.302 [qtp782228073-60] DEBUG org.eclipse.jetty.io.ssl.SslConnection - unwrap net_filled=0 Status = BUFFER_UNDERFLOW HandshakeStatus = NEED_UNWRAP bytesConsumed = 0 bytesProduced = 0 encryptedBuffer=[p=0,l=0,c=17408,r=0] unwrapBuffer=HeapByteBuffer@740a9f9e[p=0,l=0,c=17408,r=0]={<<<>>>GET /conf...\x00\x00\x00\x00\x00\x00\x00} appBuffer=HeapByteBuffer@740a9f9e[p=0,l=0,c=17408,r=0]={<<<>>>GET /conf...\x00\x00\x00\x00\x00\x00\x00}
02:56:42.303 [qtp782228073-60] DEBUG org.eclipse.jetty.io.ssl.SslConnection - <fill f=0 uf=true SslConnection@34e6d237::SocketChannelEndPoint@401f0a08{l=/127.0.0.1:40197,r=/127.0.0.1:34000,OPEN,fill=-,flush=-,to=0/30000}{io=0/0,kio=0,kro=1}->SslConnection@34e6d237{NEED_UNWRAP,eio=-1/-1,di=-1,fill=IDLE,flush=IDLE}~>DecryptedEndPoint@ca5f82f{l=/127.0.0.1:40197,r=/127.0.0.1:34000,OPEN,fill=-,flush=-,to=14/30000}=>HttpConnection@65327320[p=HttpParser{s=START,0 of -1},g=HttpGenerator@17a13004{s=START}]=>HttpChannelOverHttp@7400c115{s=HttpChannelState@3452ebe7{s=IDLE rs=BLOCKING os=OPEN is=IDLE awp=false se=false i=true al=0},r=0,c=false/false,a=IDLE,uri=null,age=0}
02:56:42.303 [qtp782228073-60] DEBUG org.eclipse.jetty.io.ssl.SslConnection - >fill SslConnection@34e6d237::SocketChannelEndPoint@401f0a08{l=/127.0.0.1:40197,r=/127.0.0.1:34000,OPEN,fill=-,flush=-,to=0/30000}{io=0/0,kio=0,kro=1}->SslConnection@34e6d237{NEED_UNWRAP,eio=-1/-1,di=-1,fill=IDLE,flush=IDLE}~>DecryptedEndPoint@ca5f82f{l=/127.0.0.1:40197,r=/127.0.0.1:34000,OPEN,fill=-,flush=-,to=14/30000}=>HttpConnection@65327320[p=HttpParser{s=START,0 of -1},g=HttpGenerator@17a13004{s=START}]=>HttpChannelOverHttp@7400c115{s=HttpChannelState@3452ebe7{s=IDLE rs=BLOCKING os=OPEN is=IDLE awp=false se=false i=true al=0},r=0,c=false/false,a=IDLE,uri=null,age=0}
02:56:42.303 [qtp782228073-60] DEBUG org.eclipse.jetty.io.ssl.SslConnection - fill NEED_UNWRAP
02:56:42.303 [qtp782228073-60] DEBUG org.eclipse.jetty.io.ChannelEndPoint - filled 0 HeapByteBuffer@7acd6f6f[p=0,l=0,c=17408,r=0]={<<<>>>\x17\x03\x03\x068\x8d\x8f\x9e\xA7...\x00\x00\x00\x00\x00\x00\x00}
02:56:42.303 [qtp782228073-60] DEBUG org.eclipse.jetty.io.ssl.SslConnection - net filled=0
02:56:42.303 [qtp782228073-60] DEBUG org.eclipse.jetty.io.ssl.SslConnection - unwrap net_filled=0 Status = BUFFER_UNDERFLOW HandshakeStatus = NEED_UNWRAP bytesConsumed = 0 bytesProduced = 0 encryptedBuffer=[p=0,l=0,c=17408,r=0] unwrapBuffer=HeapByteBuffer@740a9f9e[p=0,l=0,c=17408,r=0]={<<<>>>GET /conf...\x00\x00\x00\x00\x00\x00\x00} appBuffer=HeapByteBuffer@740a9f9e[p=0,l=0,c=17408,r=0]={<<<>>>GET /conf...\x00\x00\x00\x00\x00\x00\x00}
02:56:42.303 [qtp782228073-60] DEBUG org.eclipse.jetty.io.ssl.SslConnection - <fill f=0 uf=true SslConnection@34e6d237::SocketChannelEndPoint@401f0a08{l=/127.0.0.1:40197,r=/127.0.0.1:34000,OPEN,fill=-,flush=-,to=0/30000}{io=0/0,kio=0,kro=1}->SslConnection@34e6d237{NEED_UNWRAP,eio=-1/-1,di=-1,fill=IDLE,flush=IDLE}~>DecryptedEndPoint@ca5f82f{l=/127.0.0.1:40197,r=/127.0.0.1:34000,OPEN,fill=-,flush=-,to=14/30000}=>HttpConnection@65327320[p=HttpParser{s=START,0 of -1},g=HttpGenerator@17a13004{s=START}]=>HttpChannelOverHttp@7400c115{s=HttpChannelState@3452ebe7{s=IDLE rs=BLOCKING os=OPEN is=IDLE awp=false se=false i=true al=0},r=0,c=false/false,a=IDLE,uri=null,age=0}
02:56:42.303 [qtp782228073-60] DEBUG org.eclipse.jetty.server.HttpConnection - HttpConnection@65327320::DecryptedEndPoint@ca5f82f{l=/127.0.0.1:40197,r=/127.0.0.1:34000,OPEN,fill=-,flush=-,to=14/30000} filled 0 HeapByteBuffer@740a9f9e[p=0,l=0,c=17408,r=0]={<<<>>>GET /conf...\x00\x00\x00\x00\x00\x00\x00}
02:56:42.303 [qtp782228073-60] DEBUG org.eclipse.jetty.server.HttpConnection - HttpConnection@65327320::DecryptedEndPoint@ca5f82f{l=/127.0.0.1:40197,r=/127.0.0.1:34000,OPEN,fill=-,flush=-,to=14/30000} parse HeapByteBuffer@740a9f9e[p=0,l=0,c=17408,r=0]={<<<>>>GET /conf...\x00\x00\x00\x00\x00\x00\x00} {}
02:56:42.303 [qtp782228073-60] DEBUG org.eclipse.jetty.http.HttpParser - parseNext s=START HeapByteBuffer@740a9f9e[p=0,l=0,c=17408,r=0]={<<<>>>GET /conf...\x00\x00\x00\x00\x00\x00\x00}
02:56:42.303 [qtp782228073-60] DEBUG org.eclipse.jetty.server.HttpConnection - HttpConnection@65327320::DecryptedEndPoint@ca5f82f{l=/127.0.0.1:40197,r=/127.0.0.1:34000,OPEN,fill=-,flush=-,to=14/30000} parsed false HttpParser{s=START,0 of -1}
02:56:42.303 [qtp782228073-60] DEBUG org.eclipse.jetty.server.HttpConnection - releaseRequestBuffer HttpConnection@65327320::DecryptedEndPoint@ca5f82f{l=/127.0.0.1:40197,r=/127.0.0.1:34000,OPEN,fill=-,flush=-,to=14/30000}
02:56:42.303 [qtp782228073-60] DEBUG org.eclipse.jetty.io.AbstractConnection - fillInterested HttpConnection@65327320::DecryptedEndPoint@ca5f82f{l=/127.0.0.1:40197,r=/127.0.0.1:34000,OPEN,fill=-,flush=-,to=14/30000}
02:56:42.303 [qtp782228073-60] DEBUG org.eclipse.jetty.io.FillInterest - interested FillInterest@617ceaa3{AC.ReadCB@65327320{HttpConnection@65327320::DecryptedEndPoint@ca5f82f{l=/127.0.0.1:40197,r=/127.0.0.1:34000,OPEN,fill=FI,flush=-,to=0/30000}}}
02:56:42.303 [qtp782228073-60] DEBUG org.eclipse.jetty.io.ssl.SslConnection - >needFillInterest s=IDLE/IDLE uf=true ei=null di=null SslConnection@34e6d237::SocketChannelEndPoint@401f0a08{l=/127.0.0.1:40197,r=/127.0.0.1:34000,OPEN,fill=-,flush=-,to=0/30000}{io=0/0,kio=0,kro=1}->SslConnection@34e6d237{NEED_UNWRAP,eio=-1/-1,di=-1,fill=IDLE,flush=IDLE}~>DecryptedEndPoint@ca5f82f{l=/127.0.0.1:40197,r=/127.0.0.1:34000,OPEN,fill=FI,flush=-,to=0/30000}=>HttpConnection@65327320[p=HttpParser{s=START,0 of -1},g=HttpGenerator@17a13004{s=START}]=>HttpChannelOverHttp@7400c115{s=HttpChannelState@3452ebe7{s=IDLE rs=BLOCKING os=OPEN is=IDLE awp=false se=false i=true al=0},r=0,c=false/false,a=IDLE,uri=null,age=0}
02:56:42.303 [qtp782228073-60] DEBUG org.eclipse.jetty.io.ssl.SslConnection - <needFillInterest s=IDLE/INTERESTED f=false i=true w=null
02:56:42.303 [qtp782228073-60] DEBUG org.eclipse.jetty.io.ssl.SslConnection - ensureFillInterested SslConnection@34e6d237::SocketChannelEndPoint@401f0a08{l=/127.0.0.1:40197,r=/127.0.0.1:34000,OPEN,fill=-,flush=-,to=0/30000}{io=0/0,kio=0,kro=1}->SslConnection@34e6d237{NEED_UNWRAP,eio=-1/-1,di=-1,fill=INTERESTED,flush=IDLE}~>DecryptedEndPoint@ca5f82f{l=/127.0.0.1:40197,r=/127.0.0.1:34000,OPEN,fill=FI,flush=-,to=0/30000}=>HttpConnection@65327320[p=HttpParser{s=START,0 of -1},g=HttpGenerator@17a13004{s=START}]=>HttpChannelOverHttp@7400c115{s=HttpChannelState@3452ebe7{s=IDLE rs=BLOCKING os=OPEN is=IDLE awp=false se=false i=true al=0},r=0,c=false/false,a=IDLE,uri=null,age=0}
02:56:42.303 [qtp782228073-60] DEBUG org.eclipse.jetty.io.FillInterest - interested FillInterest@369487a8{SSLC.NBReadCB@34e6d237{SslConnection@34e6d237::SocketChannelEndPoint@401f0a08{l=/127.0.0.1:40197,r=/127.0.0.1:34000,OPEN,fill=FI,flush=-,to=0/30000}{io=0/0,kio=0,kro=1}->SslConnection@34e6d237{NEED_UNWRAP,eio=-1/-1,di=-1,fill=INTERESTED,flush=IDLE}~>DecryptedEndPoint@ca5f82f{l=/127.0.0.1:40197,r=/127.0.0.1:34000,OPEN,fill=FI,flush=-,to=0/30000}=>HttpConnection@65327320[p=HttpParser{s=START,0 of -1},g=HttpGenerator@17a13004{s=START}]=>HttpChannelOverHttp@7400c115{s=HttpChannelState@3452ebe7{s=IDLE rs=BLOCKING os=OPEN is=IDLE awp=false se=false i=true al=0},r=0,c=false/false,a=IDLE,uri=null,age=0}}}
02:56:42.303 [qtp782228073-60] DEBUG org.eclipse.jetty.io.ChannelEndPoint - changeInterests p=false 0->1 for SocketChannelEndPoint@401f0a08{l=/127.0.0.1:40197,r=/127.0.0.1:34000,OPEN,fill=FI,flush=-,to=0/30000}{io=0/1,kio=0,kro=1}->SslConnection@34e6d237{NEED_UNWRAP,eio=-1/-1,di=-1,fill=INTERESTED,flush=IDLE}~>DecryptedEndPoint@ca5f82f{l=/127.0.0.1:40197,r=/127.0.0.1:34000,OPEN,fill=FI,flush=-,to=0/30000}=>HttpConnection@65327320[p=HttpParser{s=START,0 of -1},g=HttpGenerator@17a13004{s=START}]=>HttpChannelOverHttp@7400c115{s=HttpChannelState@3452ebe7{s=IDLE rs=BLOCKING os=OPEN is=IDLE awp=false se=false i=true al=0},r=0,c=false/false,a=IDLE,uri=null,age=0}
02:56:42.303 [qtp782228073-60] DEBUG org.eclipse.jetty.io.ManagedSelector - Queued change lazy=false org.eclipse.jetty.io.ChannelEndPoint$$Lambda$255/899789472@34e19c27 on ManagedSelector@696f0212{STARTED} id=1 keys=2 selected=0 updates=0
02:56:42.303 [qtp782228073-60] DEBUG org.eclipse.jetty.io.ManagedSelector - Wakeup on submit ManagedSelector@696f0212{STARTED} id=1 keys=2 selected=0 updates=1
02:56:42.303 [qtp782228073-60] DEBUG org.eclipse.jetty.server.HttpConnection - HttpConnection@65327320::DecryptedEndPoint@ca5f82f{l=/127.0.0.1:40197,r=/127.0.0.1:34000,OPEN,fill=FI,flush=-,to=0/30000} onFillable exit HttpChannelState@3452ebe7{s=IDLE rs=BLOCKING os=OPEN is=IDLE awp=false se=false i=true al=0} null
02:56:42.303 [qtp782228073-57] DEBUG org.eclipse.jetty.io.ManagedSelector - Selector sun.nio.ch.EPollSelectorImpl@1b822cc6 woken with none selected
02:56:42.303 [qtp782228073-57] DEBUG org.eclipse.jetty.io.ManagedSelector - Selector sun.nio.ch.EPollSelectorImpl@1b822cc6 woken up from select, 0/0/2 selected
02:56:42.303 [qtp782228073-57] DEBUG org.eclipse.jetty.io.ManagedSelector - Selector sun.nio.ch.EPollSelectorImpl@1b822cc6 processing 0 keys, 1 updates
02:56:42.303 [qtp782228073-57] DEBUG org.eclipse.jetty.io.ManagedSelector - updateable 1
02:56:42.303 [qtp782228073-57] DEBUG org.eclipse.jetty.io.ManagedSelector - update org.eclipse.jetty.io.ChannelEndPoint$$Lambda$255/899789472@34e19c27
02:56:42.304 [qtp782228073-60] DEBUG org.eclipse.jetty.io.ssl.SslConnection - <c.onFillable SslConnection@34e6d237::SocketChannelEndPoint@401f0a08{l=/127.0.0.1:40197,r=/127.0.0.1:34000,OPEN,fill=FI,flush=-,to=0/30000}{io=0/1,kio=0,kro=1}->SslConnection@34e6d237{NEED_UNWRAP,eio=-1/-1,di=-1,fill=INTERESTED,flush=IDLE}~>DecryptedEndPoint@ca5f82f{l=/127.0.0.1:40197,r=/127.0.0.1:34000,OPEN,fill=FI,flush=-,to=0/30000}=>HttpConnection@65327320[p=HttpParser{s=START,0 of -1},g=HttpGenerator@17a13004{s=START}]=>HttpChannelOverHttp@7400c115{s=HttpChannelState@3452ebe7{s=IDLE rs=BLOCKING os=OPEN is=IDLE awp=false se=false i=true al=0},r=0,c=false/false,a=IDLE,uri=null,age=0}
02:56:42.304 [qtp782228073-60] DEBUG org.eclipse.jetty.util.thread.ReservedThreadExecutor - ReservedThread@5478dbfd{RUNNING,thread=Thread[qtp782228073-60,5,main]} was=RUNNING next=RESERVED size=0+2 capacity=8
02:56:42.304 [qtp782228073-60] DEBUG org.eclipse.jetty.util.thread.ReservedThreadExecutor - ReservedThread@5478dbfd{RESERVED,thread=Thread[qtp782228073-60,5,main]} waiting ReservedThreadExecutor@47a5b70d{reserved=2/8,pending=0}
02:56:42.304 [qtp782228073-57] DEBUG org.eclipse.jetty.io.ChannelEndPoint - Key interests updated 0 -> 1 on SocketChannelEndPoint@401f0a08{l=/127.0.0.1:40197,r=/127.0.0.1:34000,OPEN,fill=FI,flush=-,to=0/30000}{io=1/1,kio=1,kro=1}->SslConnection@34e6d237{NEED_UNWRAP,eio=-1/-1,di=-1,fill=INTERESTED,flush=IDLE}~>DecryptedEndPoint@ca5f82f{l=/127.0.0.1:40197,r=/127.0.0.1:34000,OPEN,fill=FI,flush=-,to=0/30000}=>HttpConnection@65327320[p=HttpParser{s=START,0 of -1},g=HttpGenerator@17a13004{s=START}]=>HttpChannelOverHttp@7400c115{s=HttpChannelState@3452ebe7{s=IDLE rs=BLOCKING os=OPEN is=IDLE awp=false se=false i=true al=0},r=0,c=false/false,a=IDLE,uri=null,age=0}
02:56:42.304 [qtp782228073-57] DEBUG org.eclipse.jetty.io.ManagedSelector - updates 0
02:56:42.304 [qtp782228073-57] DEBUG org.eclipse.jetty.io.ManagedSelector - Selector sun.nio.ch.EPollSelectorImpl@1b822cc6 waiting with 2 keys
02:56:42.306 [qtp782228073-57] DEBUG org.eclipse.jetty.io.ManagedSelector - Selector sun.nio.ch.EPollSelectorImpl@1b822cc6 woken up from select, 1/1/2 selected
02:56:42.306 [qtp782228073-57] DEBUG org.eclipse.jetty.io.ManagedSelector - Selector sun.nio.ch.EPollSelectorImpl@1b822cc6 processing 1 keys, 0 updates
02:56:42.306 [qtp782228073-57] DEBUG org.eclipse.jetty.io.ManagedSelector - selected 1 sun.nio.ch.SelectionKeyImpl@72afcc3a SocketChannelEndPoint@401f0a08{l=/127.0.0.1:40197,r=/127.0.0.1:34000,OPEN,fill=FI,flush=-,to=2/30000}{io=1/1,kio=1,kro=1}->SslConnection@34e6d237{NEED_UNWRAP,eio=-1/-1,di=-1,fill=INTERESTED,flush=IDLE}~>DecryptedEndPoint@ca5f82f{l=/127.0.0.1:40197,r=/127.0.0.1:34000,OPEN,fill=FI,flush=-,to=2/30000}=>HttpConnection@65327320[p=HttpParser{s=START,0 of -1},g=HttpGenerator@17a13004{s=START}]=>HttpChannelOverHttp@7400c115{s=HttpChannelState@3452ebe7{s=IDLE rs=BLOCKING os=OPEN is=IDLE awp=false se=false i=true al=0},r=0,c=false/false,a=IDLE,uri=null,age=0} 
02:56:42.306 [qtp782228073-57] DEBUG org.eclipse.jetty.io.ChannelEndPoint - onSelected 1->0 r=true w=false for SocketChannelEndPoint@401f0a08{l=/127.0.0.1:40197,r=/127.0.0.1:34000,OPEN,fill=FI,flush=-,to=2/30000}{io=1/0,kio=1,kro=1}->SslConnection@34e6d237{NEED_UNWRAP,eio=-1/-1,di=-1,fill=INTERESTED,flush=IDLE}~>DecryptedEndPoint@ca5f82f{l=/127.0.0.1:40197,r=/127.0.0.1:34000,OPEN,fill=FI,flush=-,to=3/30000}=>HttpConnection@65327320[p=HttpParser{s=START,0 of -1},g=HttpGenerator@17a13004{s=START}]=>HttpChannelOverHttp@7400c115{s=HttpChannelState@3452ebe7{s=IDLE rs=BLOCKING os=OPEN is=IDLE awp=false se=false i=true al=0},r=0,c=false/false,a=IDLE,uri=null,age=0}
02:56:42.306 [qtp782228073-57] DEBUG org.eclipse.jetty.io.ChannelEndPoint - task CEP:SocketChannelEndPoint@401f0a08{l=/127.0.0.1:40197,r=/127.0.0.1:34000,OPEN,fill=FI,flush=-,to=2/30000}{io=1/0,kio=1,kro=1}->SslConnection@34e6d237{NEED_UNWRAP,eio=-1/-1,di=-1,fill=INTERESTED,flush=IDLE}~>DecryptedEndPoint@ca5f82f{l=/127.0.0.1:40197,r=/127.0.0.1:34000,OPEN,fill=FI,flush=-,to=3/30000}=>HttpConnection@65327320[p=HttpParser{s=START,0 of -1},g=HttpGenerator@17a13004{s=START}]=>HttpChannelOverHttp@7400c115{s=HttpChannelState@3452ebe7{s=IDLE rs=BLOCKING os=OPEN is=IDLE awp=false se=false i=true al=0},r=0,c=false/false,a=IDLE,uri=null,age=0}:runFillable:BLOCKING
02:56:42.306 [qtp782228073-57] DEBUG org.eclipse.jetty.util.thread.ReservedThreadExecutor - ReservedThreadExecutor@47a5b70d{reserved=2/8,pending=0} tryExecute EatWhatYouKill@4e70a728/SelectorProducer@b7838a9/PRODUCING/p=false/QueuedThreadPool[qtp782228073]@2e9fda69{STARTED,8<=8<=200,i=1,r=-1,q=0}[ReservedThreadExecutor@47a5b70d{reserved=2/8,pending=0}][pc=0,pic=0,pec=1,epc=3]@2024-05-02T02:56:42.306+01:00
02:56:42.306 [qtp782228073-57] DEBUG org.eclipse.jetty.util.thread.strategy.EatWhatYouKill - EatWhatYouKill@4e70a728/SelectorProducer@b7838a9/IDLE/p=true/QueuedThreadPool[qtp782228073]@2e9fda69{STARTED,8<=8<=200,i=1,r=-1,q=0}[ReservedThreadExecutor@47a5b70d{reserved=1/8,pending=0}][pc=0,pic=0,pec=1,epc=3]@2024-05-02T02:56:42.306+01:00 m=EXECUTE_PRODUCE_CONSUME t=CEP:SocketChannelEndPoint@401f0a08{l=/127.0.0.1:40197,r=/127.0.0.1:34000,OPEN,fill=FI,flush=-,to=3/30000}{io=1/0,kio=1,kro=1}->SslConnection@34e6d237{NEED_UNWRAP,eio=-1/-1,di=-1,fill=INTERESTED,flush=IDLE}~>DecryptedEndPoint@ca5f82f{l=/127.0.0.1:40197,r=/127.0.0.1:34000,OPEN,fill=FI,flush=-,to=3/30000}=>HttpConnection@65327320[p=HttpParser{s=START,0 of -1},g=HttpGenerator@17a13004{s=START}]=>HttpChannelOverHttp@7400c115{s=HttpChannelState@3452ebe7{s=IDLE rs=BLOCKING os=OPEN is=IDLE awp=false se=false i=true al=0},r=0,c=false/false,a=IDLE,uri=null,age=0}:runFillable:BLOCKING/BLOCKING
02:56:42.306 [qtp782228073-60] DEBUG org.eclipse.jetty.util.thread.ReservedThreadExecutor - ReservedThread@5478dbfd{RESERVED,thread=Thread[qtp782228073-60,5,main]} task=EatWhatYouKill@4e70a728/SelectorProducer@b7838a9/IDLE/p=true/QueuedThreadPool[qtp782228073]@2e9fda69{STARTED,8<=8<=200,i=1,r=-1,q=0}[ReservedThreadExecutor@47a5b70d{reserved=1/8,pending=0}][pc=0,pic=0,pec=1,epc=3]@2024-05-02T02:56:42.306+01:00 ReservedThreadExecutor@47a5b70d{reserved=1/8,pending=0}
02:56:42.306 [qtp782228073-60] DEBUG org.eclipse.jetty.util.thread.strategy.EatWhatYouKill - EatWhatYouKill@4e70a728/SelectorProducer@b7838a9/IDLE/p=true/QueuedThreadPool[qtp782228073]@2e9fda69{STARTED,8<=8<=200,i=1,r=-1,q=0}[ReservedThreadExecutor@47a5b70d{reserved=1/8,pending=0}][pc=0,pic=0,pec=1,epc=4]@2024-05-02T02:56:42.306+01:00 tryProduce true
02:56:42.306 [qtp782228073-57] DEBUG org.eclipse.jetty.io.FillInterest - fillable FillInterest@369487a8{SSLC.NBReadCB@34e6d237{SslConnection@34e6d237::SocketChannelEndPoint@401f0a08{l=/127.0.0.1:40197,r=/127.0.0.1:34000,OPEN,fill=FI,flush=-,to=3/30000}{io=1/0,kio=1,kro=1}->SslConnection@34e6d237{NEED_UNWRAP,eio=-1/-1,di=-1,fill=INTERESTED,flush=IDLE}~>DecryptedEndPoint@ca5f82f{l=/127.0.0.1:40197,r=/127.0.0.1:34000,OPEN,fill=FI,flush=-,to=3/30000}=>HttpConnection@65327320[p=HttpParser{s=START,0 of -1},g=HttpGenerator@17a13004{s=START}]=>HttpChannelOverHttp@7400c115{s=HttpChannelState@3452ebe7{s=IDLE rs=BLOCKING os=OPEN is=IDLE awp=false se=false i=true al=0},r=0,c=false/false,a=IDLE,uri=null,age=0}}}
02:56:42.306 [qtp782228073-60] DEBUG org.eclipse.jetty.io.ManagedSelector - updateable 0
02:56:42.307 [qtp782228073-60] DEBUG org.eclipse.jetty.io.ManagedSelector - updates 0
02:56:42.307 [qtp782228073-57] DEBUG org.eclipse.jetty.io.ssl.SslConnection - >c.onFillable SslConnection@34e6d237::SocketChannelEndPoint@401f0a08{l=/127.0.0.1:40197,r=/127.0.0.1:34000,OPEN,fill=-,flush=-,to=3/30000}{io=1/0,kio=1,kro=1}->SslConnection@34e6d237{NEED_UNWRAP,eio=-1/-1,di=-1,fill=INTERESTED,flush=IDLE}~>DecryptedEndPoint@ca5f82f{l=/127.0.0.1:40197,r=/127.0.0.1:34000,OPEN,fill=FI,flush=-,to=3/30000}=>HttpConnection@65327320[p=HttpParser{s=START,0 of -1},g=HttpGenerator@17a13004{s=START}]=>HttpChannelOverHttp@7400c115{s=HttpChannelState@3452ebe7{s=IDLE rs=BLOCKING os=OPEN is=IDLE awp=false se=false i=true al=0},r=0,c=false/false,a=IDLE,uri=null,age=0}
02:56:42.307 [qtp782228073-60] DEBUG org.eclipse.jetty.io.ChannelEndPoint - Key interests updated 1 -> 0 on SocketChannelEndPoint@401f0a08{l=/127.0.0.1:40197,r=/127.0.0.1:34000,OPEN,fill=-,flush=-,to=3/30000}{io=0/0,kio=0,kro=1}->SslConnection@34e6d237{NEED_UNWRAP,eio=-1/-1,di=-1,fill=INTERESTED,flush=IDLE}~>DecryptedEndPoint@ca5f82f{l=/127.0.0.1:40197,r=/127.0.0.1:34000,OPEN,fill=FI,flush=-,to=3/30000}=>HttpConnection@65327320[p=HttpParser{s=START,0 of -1},g=HttpGenerator@17a13004{s=START}]=>HttpChannelOverHttp@7400c115{s=HttpChannelState@3452ebe7{s=IDLE rs=BLOCKING os=OPEN is=IDLE awp=false se=false i=true al=0},r=0,c=false/false,a=IDLE,uri=null,age=0}
02:56:42.307 [qtp782228073-60] DEBUG org.eclipse.jetty.io.ManagedSelector - Selector sun.nio.ch.EPollSelectorImpl@1b822cc6 waiting with 2 keys
02:56:42.307 [qtp782228073-57] DEBUG org.eclipse.jetty.io.ssl.SslConnection - onFillable SslConnection@34e6d237::SocketChannelEndPoint@401f0a08{l=/127.0.0.1:40197,r=/127.0.0.1:34000,OPEN,fill=-,flush=-,to=3/30000}{io=0/0,kio=0,kro=1}->SslConnection@34e6d237{NEED_UNWRAP,eio=-1/-1,di=-1,fill=INTERESTED,flush=IDLE}~>DecryptedEndPoint@ca5f82f{l=/127.0.0.1:40197,r=/127.0.0.1:34000,OPEN,fill=FI,flush=-,to=3/30000}=>HttpConnection@65327320[p=HttpParser{s=START,0 of -1},g=HttpGenerator@17a13004{s=START}]=>HttpChannelOverHttp@7400c115{s=HttpChannelState@3452ebe7{s=IDLE rs=BLOCKING os=OPEN is=IDLE awp=false se=false i=true al=0},r=0,c=false/false,a=IDLE,uri=null,age=0}
02:56:42.307 [qtp782228073-57] DEBUG org.eclipse.jetty.io.FillInterest - fillable FillInterest@617ceaa3{AC.ReadCB@65327320{HttpConnection@65327320::DecryptedEndPoint@ca5f82f{l=/127.0.0.1:40197,r=/127.0.0.1:34000,OPEN,fill=FI,flush=-,to=3/30000}}}
02:56:42.307 [qtp782228073-57] DEBUG org.eclipse.jetty.server.HttpConnection - HttpConnection@65327320::DecryptedEndPoint@ca5f82f{l=/127.0.0.1:40197,r=/127.0.0.1:34000,OPEN,fill=-,flush=-,to=3/30000} onFillable enter HttpChannelState@3452ebe7{s=IDLE rs=BLOCKING os=OPEN is=IDLE awp=false se=false i=true al=0} null
02:56:42.307 [qtp782228073-57] DEBUG org.eclipse.jetty.io.ssl.SslConnection - >fill SslConnection@34e6d237::SocketChannelEndPoint@401f0a08{l=/127.0.0.1:40197,r=/127.0.0.1:34000,OPEN,fill=-,flush=-,to=3/30000}{io=0/0,kio=0,kro=1}->SslConnection@34e6d237{NEED_UNWRAP,eio=-1/-1,di=-1,fill=IDLE,flush=IDLE}~>DecryptedEndPoint@ca5f82f{l=/127.0.0.1:40197,r=/127.0.0.1:34000,OPEN,fill=-,flush=-,to=4/30000}=>HttpConnection@65327320[p=HttpParser{s=START,0 of -1},g=HttpGenerator@17a13004{s=START}]=>HttpChannelOverHttp@7400c115{s=HttpChannelState@3452ebe7{s=IDLE rs=BLOCKING os=OPEN is=IDLE awp=false se=false i=true al=0},r=0,c=false/false,a=IDLE,uri=null,age=0}
02:56:42.307 [qtp782228073-57] DEBUG org.eclipse.jetty.io.ssl.SslConnection - fill NEED_UNWRAP
02:56:42.307 [qtp782228073-57] DEBUG org.eclipse.jetty.io.ChannelEndPoint - filled 6 HeapByteBuffer@7acd6f6f[p=0,l=6,c=17408,r=6]={<<<\x14\x03\x03\x00\x01\x01>>>\x8f\x9e\xA7\x1dZfE\xDc\xAe...\x00\x00\x00\x00\x00\x00\x00}
02:56:42.307 [qtp782228073-57] DEBUG org.eclipse.jetty.io.ssl.SslConnection - net filled=6
02:56:42.307 [qtp782228073-57] DEBUG org.eclipse.jetty.io.ssl.SslConnection - unwrap net_filled=6 Status = OK HandshakeStatus = NEED_UNWRAP bytesConsumed = 6 bytesProduced = 0 encryptedBuffer=[p=6,l=6,c=17408,r=0] unwrapBuffer=HeapByteBuffer@1b26ebdb[p=0,l=0,c=17408,r=0]={<<<>>>\x16\x03\x03\x01N\x01\x00\x01J...\x00\x00\x00\x00\x00\x00\x00} appBuffer=HeapByteBuffer@1b26ebdb[p=0,l=0,c=17408,r=0]={<<<>>>\x16\x03\x03\x01N\x01\x00\x01J...\x00\x00\x00\x00\x00\x00\x00}
02:56:42.307 [qtp782228073-57] DEBUG org.eclipse.jetty.io.ssl.SslConnection - fill NEED_UNWRAP
02:56:42.307 [qtp782228073-57] DEBUG org.eclipse.jetty.io.ChannelEndPoint - filled 0 HeapByteBuffer@7acd6f6f[p=0,l=0,c=17408,r=0]={<<<>>>\x14\x03\x03\x00\x01\x01\x8f\x9e\xA7...\x00\x00\x00\x00\x00\x00\x00}
02:56:42.307 [qtp782228073-57] DEBUG org.eclipse.jetty.io.ssl.SslConnection - net filled=0
02:56:42.308 [qtp782228073-57] DEBUG org.eclipse.jetty.io.ssl.SslConnection - unwrap net_filled=0 Status = BUFFER_UNDERFLOW HandshakeStatus = NEED_UNWRAP bytesConsumed = 0 bytesProduced = 0 encryptedBuffer=[p=0,l=0,c=17408,r=0] unwrapBuffer=HeapByteBuffer@1b26ebdb[p=0,l=0,c=17408,r=0]={<<<>>>\x16\x03\x03\x01N\x01\x00\x01J...\x00\x00\x00\x00\x00\x00\x00} appBuffer=HeapByteBuffer@1b26ebdb[p=0,l=0,c=17408,r=0]={<<<>>>\x16\x03\x03\x01N\x01\x00\x01J...\x00\x00\x00\x00\x00\x00\x00}
02:56:42.308 [qtp782228073-57] DEBUG org.eclipse.jetty.io.ssl.SslConnection - <fill f=0 uf=true SslConnection@34e6d237::SocketChannelEndPoint@401f0a08{l=/127.0.0.1:40197,r=/127.0.0.1:34000,OPEN,fill=-,flush=-,to=0/30000}{io=0/0,kio=0,kro=1}->SslConnection@34e6d237{NEED_UNWRAP,eio=-1/-1,di=-1,fill=IDLE,flush=IDLE}~>DecryptedEndPoint@ca5f82f{l=/127.0.0.1:40197,r=/127.0.0.1:34000,OPEN,fill=-,flush=-,to=4/30000}=>HttpConnection@65327320[p=HttpParser{s=START,0 of -1},g=HttpGenerator@17a13004{s=START}]=>HttpChannelOverHttp@7400c115{s=HttpChannelState@3452ebe7{s=IDLE rs=BLOCKING os=OPEN is=IDLE awp=false se=false i=true al=0},r=0,c=false/false,a=IDLE,uri=null,age=0}
02:56:42.308 [qtp782228073-57] DEBUG org.eclipse.jetty.io.ssl.SslConnection - >fill SslConnection@34e6d237::SocketChannelEndPoint@401f0a08{l=/127.0.0.1:40197,r=/127.0.0.1:34000,OPEN,fill=-,flush=-,to=0/30000}{io=0/0,kio=0,kro=1}->SslConnection@34e6d237{NEED_UNWRAP,eio=-1/-1,di=-1,fill=IDLE,flush=IDLE}~>DecryptedEndPoint@ca5f82f{l=/127.0.0.1:40197,r=/127.0.0.1:34000,OPEN,fill=-,flush=-,to=4/30000}=>HttpConnection@65327320[p=HttpParser{s=START,0 of -1},g=HttpGenerator@17a13004{s=START}]=>HttpChannelOverHttp@7400c115{s=HttpChannelState@3452ebe7{s=IDLE rs=BLOCKING os=OPEN is=IDLE awp=false se=false i=true al=0},r=0,c=false/false,a=IDLE,uri=null,age=0}
02:56:42.308 [qtp782228073-57] DEBUG org.eclipse.jetty.io.ssl.SslConnection - fill NEED_UNWRAP
02:56:42.308 [qtp782228073-57] DEBUG org.eclipse.jetty.io.ChannelEndPoint - filled 0 HeapByteBuffer@740a9f9e[p=0,l=0,c=17408,r=0]={<<<>>>GET /conf...\x00\x00\x00\x00\x00\x00\x00}
02:56:42.308 [qtp782228073-57] DEBUG org.eclipse.jetty.io.ssl.SslConnection - net filled=0
02:56:42.308 [qtp782228073-57] DEBUG org.eclipse.jetty.io.ssl.SslConnection - unwrap net_filled=0 Status = BUFFER_UNDERFLOW HandshakeStatus = NEED_UNWRAP bytesConsumed = 0 bytesProduced = 0 encryptedBuffer=[p=0,l=0,c=17408,r=0] unwrapBuffer=HeapByteBuffer@1b26ebdb[p=0,l=0,c=17408,r=0]={<<<>>>\x16\x03\x03\x01N\x01\x00\x01J...\x00\x00\x00\x00\x00\x00\x00} appBuffer=HeapByteBuffer@1b26ebdb[p=0,l=0,c=17408,r=0]={<<<>>>\x16\x03\x03\x01N\x01\x00\x01J...\x00\x00\x00\x00\x00\x00\x00}
02:56:42.308 [qtp782228073-57] DEBUG org.eclipse.jetty.io.ssl.SslConnection - <fill f=0 uf=true SslConnection@34e6d237::SocketChannelEndPoint@401f0a08{l=/127.0.0.1:40197,r=/127.0.0.1:34000,OPEN,fill=-,flush=-,to=0/30000}{io=0/0,kio=0,kro=1}->SslConnection@34e6d237{NEED_UNWRAP,eio=-1/-1,di=-1,fill=IDLE,flush=IDLE}~>DecryptedEndPoint@ca5f82f{l=/127.0.0.1:40197,r=/127.0.0.1:34000,OPEN,fill=-,flush=-,to=5/30000}=>HttpConnection@65327320[p=HttpParser{s=START,0 of -1},g=HttpGenerator@17a13004{s=START}]=>HttpChannelOverHttp@7400c115{s=HttpChannelState@3452ebe7{s=IDLE rs=BLOCKING os=OPEN is=IDLE awp=false se=false i=true al=0},r=0,c=false/false,a=IDLE,uri=null,age=0}
02:56:42.308 [qtp782228073-57] DEBUG org.eclipse.jetty.server.HttpConnection - HttpConnection@65327320::DecryptedEndPoint@ca5f82f{l=/127.0.0.1:40197,r=/127.0.0.1:34000,OPEN,fill=-,flush=-,to=5/30000} filled 0 HeapByteBuffer@1b26ebdb[p=0,l=0,c=17408,r=0]={<<<>>>\x16\x03\x03\x01N\x01\x00\x01J...\x00\x00\x00\x00\x00\x00\x00}
02:56:42.308 [qtp782228073-57] DEBUG org.eclipse.jetty.server.HttpConnection - HttpConnection@65327320::DecryptedEndPoint@ca5f82f{l=/127.0.0.1:40197,r=/127.0.0.1:34000,OPEN,fill=-,flush=-,to=5/30000} parse HeapByteBuffer@1b26ebdb[p=0,l=0,c=17408,r=0]={<<<>>>\x16\x03\x03\x01N\x01\x00\x01J...\x00\x00\x00\x00\x00\x00\x00} {}
02:56:42.308 [qtp782228073-57] DEBUG org.eclipse.jetty.http.HttpParser - parseNext s=START HeapByteBuffer@1b26ebdb[p=0,l=0,c=17408,r=0]={<<<>>>\x16\x03\x03\x01N\x01\x00\x01J...\x00\x00\x00\x00\x00\x00\x00}
02:56:42.308 [qtp782228073-57] DEBUG org.eclipse.jetty.server.HttpConnection - HttpConnection@65327320::DecryptedEndPoint@ca5f82f{l=/127.0.0.1:40197,r=/127.0.0.1:34000,OPEN,fill=-,flush=-,to=5/30000} parsed false HttpParser{s=START,0 of -1}
02:56:42.308 [qtp782228073-57] DEBUG org.eclipse.jetty.server.HttpConnection - releaseRequestBuffer HttpConnection@65327320::DecryptedEndPoint@ca5f82f{l=/127.0.0.1:40197,r=/127.0.0.1:34000,OPEN,fill=-,flush=-,to=5/30000}
02:56:42.308 [qtp782228073-57] DEBUG org.eclipse.jetty.io.AbstractConnection - fillInterested HttpConnection@65327320::DecryptedEndPoint@ca5f82f{l=/127.0.0.1:40197,r=/127.0.0.1:34000,OPEN,fill=-,flush=-,to=5/30000}
02:56:42.308 [qtp782228073-57] DEBUG org.eclipse.jetty.io.FillInterest - interested FillInterest@617ceaa3{AC.ReadCB@65327320{HttpConnection@65327320::DecryptedEndPoint@ca5f82f{l=/127.0.0.1:40197,r=/127.0.0.1:34000,OPEN,fill=FI,flush=-,to=0/30000}}}
02:56:42.308 [qtp782228073-57] DEBUG org.eclipse.jetty.io.ssl.SslConnection - >needFillInterest s=IDLE/IDLE uf=true ei=null di=null SslConnection@34e6d237::SocketChannelEndPoint@401f0a08{l=/127.0.0.1:40197,r=/127.0.0.1:34000,OPEN,fill=-,flush=-,to=0/30000}{io=0/0,kio=0,kro=1}->SslConnection@34e6d237{NEED_UNWRAP,eio=-1/-1,di=-1,fill=IDLE,flush=IDLE}~>DecryptedEndPoint@ca5f82f{l=/127.0.0.1:40197,r=/127.0.0.1:34000,OPEN,fill=FI,flush=-,to=0/30000}=>HttpConnection@65327320[p=HttpParser{s=START,0 of -1},g=HttpGenerator@17a13004{s=START}]=>HttpChannelOverHttp@7400c115{s=HttpChannelState@3452ebe7{s=IDLE rs=BLOCKING os=OPEN is=IDLE awp=false se=false i=true al=0},r=0,c=false/false,a=IDLE,uri=null,age=0}
02:56:42.308 [qtp782228073-57] DEBUG org.eclipse.jetty.io.ssl.SslConnection - <needFillInterest s=IDLE/INTERESTED f=false i=true w=null
02:56:42.308 [qtp782228073-57] DEBUG org.eclipse.jetty.io.ssl.SslConnection - ensureFillInterested SslConnection@34e6d237::SocketChannelEndPoint@401f0a08{l=/127.0.0.1:40197,r=/127.0.0.1:34000,OPEN,fill=-,flush=-,to=1/30000}{io=0/0,kio=0,kro=1}->SslConnection@34e6d237{NEED_UNWRAP,eio=-1/-1,di=-1,fill=INTERESTED,flush=IDLE}~>DecryptedEndPoint@ca5f82f{l=/127.0.0.1:40197,r=/127.0.0.1:34000,OPEN,fill=FI,flush=-,to=0/30000}=>HttpConnection@65327320[p=HttpParser{s=START,0 of -1},g=HttpGenerator@17a13004{s=START}]=>HttpChannelOverHttp@7400c115{s=HttpChannelState@3452ebe7{s=IDLE rs=BLOCKING os=OPEN is=IDLE awp=false se=false i=true al=0},r=0,c=false/false,a=IDLE,uri=null,age=0}
02:56:42.309 [qtp782228073-57] DEBUG org.eclipse.jetty.io.FillInterest - interested FillInterest@369487a8{SSLC.NBReadCB@34e6d237{SslConnection@34e6d237::SocketChannelEndPoint@401f0a08{l=/127.0.0.1:40197,r=/127.0.0.1:34000,OPEN,fill=FI,flush=-,to=0/30000}{io=0/0,kio=0,kro=1}->SslConnection@34e6d237{NEED_UNWRAP,eio=-1/-1,di=-1,fill=INTERESTED,flush=IDLE}~>DecryptedEndPoint@ca5f82f{l=/127.0.0.1:40197,r=/127.0.0.1:34000,OPEN,fill=FI,flush=-,to=0/30000}=>HttpConnection@65327320[p=HttpParser{s=START,0 of -1},g=HttpGenerator@17a13004{s=START}]=>HttpChannelOverHttp@7400c115{s=HttpChannelState@3452ebe7{s=IDLE rs=BLOCKING os=OPEN is=IDLE awp=false se=false i=true al=0},r=0,c=false/false,a=IDLE,uri=null,age=0}}}
02:56:42.309 [qtp782228073-57] DEBUG org.eclipse.jetty.io.ChannelEndPoint - changeInterests p=false 0->1 for SocketChannelEndPoint@401f0a08{l=/127.0.0.1:40197,r=/127.0.0.1:34000,OPEN,fill=FI,flush=-,to=0/30000}{io=0/1,kio=0,kro=1}->SslConnection@34e6d237{NEED_UNWRAP,eio=-1/-1,di=-1,fill=INTERESTED,flush=IDLE}~>DecryptedEndPoint@ca5f82f{l=/127.0.0.1:40197,r=/127.0.0.1:34000,OPEN,fill=FI,flush=-,to=0/30000}=>HttpConnection@65327320[p=HttpParser{s=START,0 of -1},g=HttpGenerator@17a13004{s=START}]=>HttpChannelOverHttp@7400c115{s=HttpChannelState@3452ebe7{s=IDLE rs=BLOCKING os=OPEN is=IDLE awp=false se=false i=true al=0},r=0,c=false/false,a=IDLE,uri=null,age=0}
02:56:42.309 [qtp782228073-57] DEBUG org.eclipse.jetty.io.ManagedSelector - Queued change lazy=false org.eclipse.jetty.io.ChannelEndPoint$$Lambda$255/899789472@34e19c27 on ManagedSelector@696f0212{STARTED} id=1 keys=2 selected=0 updates=0
02:56:42.309 [qtp782228073-57] DEBUG org.eclipse.jetty.io.ManagedSelector - Wakeup on submit ManagedSelector@696f0212{STARTED} id=1 keys=2 selected=0 updates=1
02:56:42.309 [qtp782228073-60] DEBUG org.eclipse.jetty.io.ManagedSelector - Selector sun.nio.ch.EPollSelectorImpl@1b822cc6 woken with none selected
02:56:42.309 [qtp782228073-57] DEBUG org.eclipse.jetty.server.HttpConnection - HttpConnection@65327320::DecryptedEndPoint@ca5f82f{l=/127.0.0.1:40197,r=/127.0.0.1:34000,OPEN,fill=FI,flush=-,to=0/30000} onFillable exit HttpChannelState@3452ebe7{s=IDLE rs=BLOCKING os=OPEN is=IDLE awp=false se=false i=true al=0} null
02:56:42.309 [qtp782228073-60] DEBUG org.eclipse.jetty.io.ManagedSelector - Selector sun.nio.ch.EPollSelectorImpl@1b822cc6 woken up from select, 0/0/2 selected
02:56:42.309 [qtp782228073-60] DEBUG org.eclipse.jetty.io.ManagedSelector - Selector sun.nio.ch.EPollSelectorImpl@1b822cc6 processing 0 keys, 1 updates
02:56:42.309 [qtp782228073-60] DEBUG org.eclipse.jetty.io.ManagedSelector - updateable 1
02:56:42.309 [qtp782228073-60] DEBUG org.eclipse.jetty.io.ManagedSelector - update org.eclipse.jetty.io.ChannelEndPoint$$Lambda$255/899789472@34e19c27
02:56:42.309 [qtp782228073-57] DEBUG org.eclipse.jetty.io.ssl.SslConnection - <c.onFillable SslConnection@34e6d237::SocketChannelEndPoint@401f0a08{l=/127.0.0.1:40197,r=/127.0.0.1:34000,OPEN,fill=FI,flush=-,to=0/30000}{io=0/1,kio=0,kro=1}->SslConnection@34e6d237{NEED_UNWRAP,eio=-1/-1,di=-1,fill=INTERESTED,flush=IDLE}~>DecryptedEndPoint@ca5f82f{l=/127.0.0.1:40197,r=/127.0.0.1:34000,OPEN,fill=FI,flush=-,to=0/30000}=>HttpConnection@65327320[p=HttpParser{s=START,0 of -1},g=HttpGenerator@17a13004{s=START}]=>HttpChannelOverHttp@7400c115{s=HttpChannelState@3452ebe7{s=IDLE rs=BLOCKING os=OPEN is=IDLE awp=false se=false i=true al=0},r=0,c=false/false,a=IDLE,uri=null,age=0}
02:56:42.309 [qtp782228073-57] DEBUG org.eclipse.jetty.util.thread.ReservedThreadExecutor - ReservedThread@e8c8b37{RUNNING,thread=Thread[qtp782228073-57,5,main]} was=RUNNING next=RESERVED size=0+2 capacity=8
02:56:42.309 [qtp782228073-57] DEBUG org.eclipse.jetty.util.thread.ReservedThreadExecutor - ReservedThread@e8c8b37{RESERVED,thread=Thread[qtp782228073-57,5,main]} waiting ReservedThreadExecutor@47a5b70d{reserved=2/8,pending=0}
02:56:42.309 [qtp782228073-60] DEBUG org.eclipse.jetty.io.ChannelEndPoint - Key interests updated 0 -> 1 on SocketChannelEndPoint@401f0a08{l=/127.0.0.1:40197,r=/127.0.0.1:34000,OPEN,fill=FI,flush=-,to=0/30000}{io=1/1,kio=1,kro=1}->SslConnection@34e6d237{NEED_UNWRAP,eio=-1/-1,di=-1,fill=INTERESTED,flush=IDLE}~>DecryptedEndPoint@ca5f82f{l=/127.0.0.1:40197,r=/127.0.0.1:34000,OPEN,fill=FI,flush=-,to=0/30000}=>HttpConnection@65327320[p=HttpParser{s=START,0 of -1},g=HttpGenerator@17a13004{s=START}]=>HttpChannelOverHttp@7400c115{s=HttpChannelState@3452ebe7{s=IDLE rs=BLOCKING os=OPEN is=IDLE awp=false se=false i=true al=0},r=0,c=false/false,a=IDLE,uri=null,age=0}
02:56:42.309 [qtp782228073-60] DEBUG org.eclipse.jetty.io.ManagedSelector - updates 0
02:56:42.309 [qtp782228073-60] DEBUG org.eclipse.jetty.io.ManagedSelector - Selector sun.nio.ch.EPollSelectorImpl@1b822cc6 waiting with 2 keys
02:56:42.349 [qtp782228073-60] DEBUG org.eclipse.jetty.io.ManagedSelector - Selector sun.nio.ch.EPollSelectorImpl@1b822cc6 woken up from select, 1/1/2 selected
02:56:42.349 [qtp782228073-60] DEBUG org.eclipse.jetty.io.ManagedSelector - Selector sun.nio.ch.EPollSelectorImpl@1b822cc6 processing 1 keys, 0 updates
02:56:42.349 [qtp782228073-60] DEBUG org.eclipse.jetty.io.ManagedSelector - selected 1 sun.nio.ch.SelectionKeyImpl@72afcc3a SocketChannelEndPoint@401f0a08{l=/127.0.0.1:40197,r=/127.0.0.1:34000,OPEN,fill=FI,flush=-,to=40/30000}{io=1/1,kio=1,kro=1}->SslConnection@34e6d237{NEED_UNWRAP,eio=-1/-1,di=-1,fill=INTERESTED,flush=IDLE}~>DecryptedEndPoint@ca5f82f{l=/127.0.0.1:40197,r=/127.0.0.1:34000,OPEN,fill=FI,flush=-,to=40/30000}=>HttpConnection@65327320[p=HttpParser{s=START,0 of -1},g=HttpGenerator@17a13004{s=START}]=>HttpChannelOverHttp@7400c115{s=HttpChannelState@3452ebe7{s=IDLE rs=BLOCKING os=OPEN is=IDLE awp=false se=false i=true al=0},r=0,c=false/false,a=IDLE,uri=null,age=0} 
02:56:42.349 [qtp782228073-60] DEBUG org.eclipse.jetty.io.ChannelEndPoint - onSelected 1->0 r=true w=false for SocketChannelEndPoint@401f0a08{l=/127.0.0.1:40197,r=/127.0.0.1:34000,OPEN,fill=FI,flush=-,to=40/30000}{io=1/0,kio=1,kro=1}->SslConnection@34e6d237{NEED_UNWRAP,eio=-1/-1,di=-1,fill=INTERESTED,flush=IDLE}~>DecryptedEndPoint@ca5f82f{l=/127.0.0.1:40197,r=/127.0.0.1:34000,OPEN,fill=FI,flush=-,to=40/30000}=>HttpConnection@65327320[p=HttpParser{s=START,0 of -1},g=HttpGenerator@17a13004{s=START}]=>HttpChannelOverHttp@7400c115{s=HttpChannelState@3452ebe7{s=IDLE rs=BLOCKING os=OPEN is=IDLE awp=false se=false i=true al=0},r=0,c=false/false,a=IDLE,uri=null,age=0}
02:56:42.349 [qtp782228073-60] DEBUG org.eclipse.jetty.io.ChannelEndPoint - task CEP:SocketChannelEndPoint@401f0a08{l=/127.0.0.1:40197,r=/127.0.0.1:34000,OPEN,fill=FI,flush=-,to=40/30000}{io=1/0,kio=1,kro=1}->SslConnection@34e6d237{NEED_UNWRAP,eio=-1/-1,di=-1,fill=INTERESTED,flush=IDLE}~>DecryptedEndPoint@ca5f82f{l=/127.0.0.1:40197,r=/127.0.0.1:34000,OPEN,fill=FI,flush=-,to=40/30000}=>HttpConnection@65327320[p=HttpParser{s=START,0 of -1},g=HttpGenerator@17a13004{s=START}]=>HttpChannelOverHttp@7400c115{s=HttpChannelState@3452ebe7{s=IDLE rs=BLOCKING os=OPEN is=IDLE awp=false se=false i=true al=0},r=0,c=false/false,a=IDLE,uri=null,age=0}:runFillable:BLOCKING
02:56:42.349 [qtp782228073-60] DEBUG org.eclipse.jetty.util.thread.ReservedThreadExecutor - ReservedThreadExecutor@47a5b70d{reserved=2/8,pending=0} tryExecute EatWhatYouKill@4e70a728/SelectorProducer@b7838a9/PRODUCING/p=false/QueuedThreadPool[qtp782228073]@2e9fda69{STARTED,8<=8<=200,i=1,r=-1,q=0}[ReservedThreadExecutor@47a5b70d{reserved=2/8,pending=0}][pc=0,pic=0,pec=1,epc=4]@2024-05-02T02:56:42.349+01:00
02:56:42.349 [qtp782228073-60] DEBUG org.eclipse.jetty.util.thread.strategy.EatWhatYouKill - EatWhatYouKill@4e70a728/SelectorProducer@b7838a9/IDLE/p=true/QueuedThreadPool[qtp782228073]@2e9fda69{STARTED,8<=8<=200,i=1,r=-1,q=0}[ReservedThreadExecutor@47a5b70d{reserved=1/8,pending=0}][pc=0,pic=0,pec=1,epc=4]@2024-05-02T02:56:42.349+01:00 m=EXECUTE_PRODUCE_CONSUME t=CEP:SocketChannelEndPoint@401f0a08{l=/127.0.0.1:40197,r=/127.0.0.1:34000,OPEN,fill=FI,flush=-,to=40/30000}{io=1/0,kio=1,kro=1}->SslConnection@34e6d237{NEED_UNWRAP,eio=-1/-1,di=-1,fill=INTERESTED,flush=IDLE}~>DecryptedEndPoint@ca5f82f{l=/127.0.0.1:40197,r=/127.0.0.1:34000,OPEN,fill=FI,flush=-,to=41/30000}=>HttpConnection@65327320[p=HttpParser{s=START,0 of -1},g=HttpGenerator@17a13004{s=START}]=>HttpChannelOverHttp@7400c115{s=HttpChannelState@3452ebe7{s=IDLE rs=BLOCKING os=OPEN is=IDLE awp=false se=false i=true al=0},r=0,c=false/false,a=IDLE,uri=null,age=0}:runFillable:BLOCKING/BLOCKING
02:56:42.349 [qtp782228073-57] DEBUG org.eclipse.jetty.util.thread.ReservedThreadExecutor - ReservedThread@e8c8b37{RESERVED,thread=Thread[qtp782228073-57,5,main]} task=EatWhatYouKill@4e70a728/SelectorProducer@b7838a9/IDLE/p=true/QueuedThreadPool[qtp782228073]@2e9fda69{STARTED,8<=8<=200,i=1,r=-1,q=0}[ReservedThreadExecutor@47a5b70d{reserved=1/8,pending=0}][pc=0,pic=0,pec=1,epc=4]@2024-05-02T02:56:42.349+01:00 ReservedThreadExecutor@47a5b70d{reserved=1/8,pending=0}
02:56:42.349 [qtp782228073-60] DEBUG org.eclipse.jetty.io.FillInterest - fillable FillInterest@369487a8{SSLC.NBReadCB@34e6d237{SslConnection@34e6d237::SocketChannelEndPoint@401f0a08{l=/127.0.0.1:40197,r=/127.0.0.1:34000,OPEN,fill=FI,flush=-,to=40/30000}{io=1/0,kio=1,kro=1}->SslConnection@34e6d237{NEED_UNWRAP,eio=-1/-1,di=-1,fill=INTERESTED,flush=IDLE}~>DecryptedEndPoint@ca5f82f{l=/127.0.0.1:40197,r=/127.0.0.1:34000,OPEN,fill=FI,flush=-,to=41/30000}=>HttpConnection@65327320[p=HttpParser{s=START,0 of -1},g=HttpGenerator@17a13004{s=START}]=>HttpChannelOverHttp@7400c115{s=HttpChannelState@3452ebe7{s=IDLE rs=BLOCKING os=OPEN is=IDLE awp=false se=false i=true al=0},r=0,c=false/false,a=IDLE,uri=null,age=0}}}
02:56:42.349 [qtp782228073-60] DEBUG org.eclipse.jetty.io.ssl.SslConnection - >c.onFillable SslConnection@34e6d237::SocketChannelEndPoint@401f0a08{l=/127.0.0.1:40197,r=/127.0.0.1:34000,OPEN,fill=-,flush=-,to=40/30000}{io=1/0,kio=1,kro=1}->SslConnection@34e6d237{NEED_UNWRAP,eio=-1/-1,di=-1,fill=INTERESTED,flush=IDLE}~>DecryptedEndPoint@ca5f82f{l=/127.0.0.1:40197,r=/127.0.0.1:34000,OPEN,fill=FI,flush=-,to=41/30000}=>HttpConnection@65327320[p=HttpParser{s=START,0 of -1},g=HttpGenerator@17a13004{s=START}]=>HttpChannelOverHttp@7400c115{s=HttpChannelState@3452ebe7{s=IDLE rs=BLOCKING os=OPEN is=IDLE awp=false se=false i=true al=0},r=0,c=false/false,a=IDLE,uri=null,age=0}
02:56:42.349 [qtp782228073-57] DEBUG org.eclipse.jetty.util.thread.strategy.EatWhatYouKill - EatWhatYouKill@4e70a728/SelectorProducer@b7838a9/IDLE/p=true/QueuedThreadPool[qtp782228073]@2e9fda69{STARTED,8<=8<=200,i=1,r=-1,q=0}[ReservedThreadExecutor@47a5b70d{reserved=1/8,pending=0}][pc=0,pic=0,pec=1,epc=5]@2024-05-02T02:56:42.349+01:00 tryProduce true
02:56:42.349 [qtp782228073-57] DEBUG org.eclipse.jetty.io.ManagedSelector - updateable 0
02:56:42.349 [qtp782228073-57] DEBUG org.eclipse.jetty.io.ManagedSelector - updates 0
02:56:42.349 [qtp782228073-60] DEBUG org.eclipse.jetty.io.ssl.SslConnection - onFillable SslConnection@34e6d237::SocketChannelEndPoint@401f0a08{l=/127.0.0.1:40197,r=/127.0.0.1:34000,OPEN,fill=-,flush=-,to=41/30000}{io=1/0,kio=1,kro=1}->SslConnection@34e6d237{NEED_UNWRAP,eio=-1/-1,di=-1,fill=INTERESTED,flush=IDLE}~>DecryptedEndPoint@ca5f82f{l=/127.0.0.1:40197,r=/127.0.0.1:34000,OPEN,fill=FI,flush=-,to=41/30000}=>HttpConnection@65327320[p=HttpParser{s=START,0 of -1},g=HttpGenerator@17a13004{s=START}]=>HttpChannelOverHttp@7400c115{s=HttpChannelState@3452ebe7{s=IDLE rs=BLOCKING os=OPEN is=IDLE awp=false se=false i=true al=0},r=0,c=false/false,a=IDLE,uri=null,age=0}
02:56:42.350 [qtp782228073-60] DEBUG org.eclipse.jetty.io.FillInterest - fillable FillInterest@617ceaa3{AC.ReadCB@65327320{HttpConnection@65327320::DecryptedEndPoint@ca5f82f{l=/127.0.0.1:40197,r=/127.0.0.1:34000,OPEN,fill=FI,flush=-,to=41/30000}}}
02:56:42.350 [qtp782228073-60] DEBUG org.eclipse.jetty.server.HttpConnection - HttpConnection@65327320::DecryptedEndPoint@ca5f82f{l=/127.0.0.1:40197,r=/127.0.0.1:34000,OPEN,fill=-,flush=-,to=41/30000} onFillable enter HttpChannelState@3452ebe7{s=IDLE rs=BLOCKING os=OPEN is=IDLE awp=false se=false i=true al=0} null
02:56:42.350 [qtp782228073-57] DEBUG org.eclipse.jetty.io.ChannelEndPoint - Key interests updated 1 -> 0 on SocketChannelEndPoint@401f0a08{l=/127.0.0.1:40197,r=/127.0.0.1:34000,OPEN,fill=-,flush=-,to=41/30000}{io=0/0,kio=0,kro=1}->SslConnection@34e6d237{NEED_UNWRAP,eio=-1/-1,di=-1,fill=IDLE,flush=IDLE}~>DecryptedEndPoint@ca5f82f{l=/127.0.0.1:40197,r=/127.0.0.1:34000,OPEN,fill=FI,flush=-,to=41/30000}=>HttpConnection@65327320[p=HttpParser{s=START,0 of -1},g=HttpGenerator@17a13004{s=START}]=>HttpChannelOverHttp@7400c115{s=HttpChannelState@3452ebe7{s=IDLE rs=BLOCKING os=OPEN is=IDLE awp=false se=false i=true al=0},r=0,c=false/false,a=IDLE,uri=null,age=0}
02:56:42.350 [qtp782228073-57] DEBUG org.eclipse.jetty.io.ManagedSelector - Selector sun.nio.ch.EPollSelectorImpl@1b822cc6 waiting with 2 keys
02:56:42.350 [qtp782228073-60] DEBUG org.eclipse.jetty.io.ssl.SslConnection - >fill SslConnection@34e6d237::SocketChannelEndPoint@401f0a08{l=/127.0.0.1:40197,r=/127.0.0.1:34000,OPEN,fill=-,flush=-,to=41/30000}{io=0/0,kio=0,kro=1}->SslConnection@34e6d237{NEED_UNWRAP,eio=-1/-1,di=-1,fill=IDLE,flush=IDLE}~>DecryptedEndPoint@ca5f82f{l=/127.0.0.1:40197,r=/127.0.0.1:34000,OPEN,fill=-,flush=-,to=41/30000}=>HttpConnection@65327320[p=HttpParser{s=START,0 of -1},g=HttpGenerator@17a13004{s=START}]=>HttpChannelOverHttp@7400c115{s=HttpChannelState@3452ebe7{s=IDLE rs=BLOCKING os=OPEN is=IDLE awp=false se=false i=true al=0},r=0,c=false/false,a=IDLE,uri=null,age=0}
02:56:42.350 [qtp782228073-60] DEBUG org.eclipse.jetty.io.ssl.SslConnection - fill NEED_UNWRAP
02:56:42.350 [qtp782228073-60] DEBUG org.eclipse.jetty.io.ChannelEndPoint - filled 1509 HeapByteBuffer@740a9f9e[p=0,l=1509,c=17408,r=1509]={<<<\x17\x03\x03\x03\xAd\xF8\xAe7\x89G\xF6\xDd\xF6\xFe\xCe`\xE4\xC7\xAeT\xD8\x0c\xA5\xA6!...+\x95\xF4\x1a?h\xA9\x10\x86\xCdx\xF5\xA2AD\x00\x19B\xEe\xDa\xE6\x90\x96>>>Z\xEa\x01\x7fj\xE5\x88\xA4\x95...\x00\x00\x00\x00\x00\x00\x00}
02:56:42.350 [qtp782228073-60] DEBUG org.eclipse.jetty.io.ssl.SslConnection - net filled=1509
02:56:42.350 [qtp782228073-60] DEBUG org.eclipse.jetty.io.ssl.SslConnection - unwrap net_filled=1509 Status = OK HandshakeStatus = NEED_TASK bytesConsumed = 946 bytesProduced = 0 encryptedBuffer=[p=946,l=1509,c=17408,r=563] unwrapBuffer=HeapByteBuffer@7acd6f6f[p=0,l=0,c=17408,r=0]={<<<>>>\x14\x03\x03\x00\x01\x01\x8f\x9e\xA7...\x00\x00\x00\x00\x00\x00\x00} appBuffer=HeapByteBuffer@7acd6f6f[p=0,l=0,c=17408,r=0]={<<<>>>\x14\x03\x03\x00\x01\x01\x8f\x9e\xA7...\x00\x00\x00\x00\x00\x00\x00}
02:56:42.350 [qtp782228073-60] DEBUG org.eclipse.jetty.io.ssl.SslConnection - fill NEED_TASK
02:56:42.350 [qtp782228073-60] DEBUG org.eclipse.jetty.io.ssl.SslConnection - fill NEED_UNWRAP
02:56:42.350 [qtp782228073-60] DEBUG org.eclipse.jetty.io.ChannelEndPoint - filled 0 HeapByteBuffer@740a9f9e[p=946,l=1509,c=17408,r=563]={\x17\x03\x03\x03\xAd\x0b\x00\x03\x88...S\xFeT\xEdT\xEb\xDb<<<\x17\x03\x03\x01)\xCe\xB1qn\x15\x84|\x1c\xD9G\xA0\xCc7\xDe\xE7\xDa\x05\x00\xE6\x0f...+\x95\xF4\x1a?h\xA9\x10\x86\xCdx\xF5\xA2AD\x00\x19B\xEe\xDa\xE6\x90\x96>>>Z\xEa\x01\x7fj\xE5\x88\xA4\x95...\x00\x00\x00\x00\x00\x00\x00}
02:56:42.350 [qtp782228073-60] DEBUG org.eclipse.jetty.io.ssl.SslConnection - net filled=0
02:56:42.350 [qtp782228073-60] DEBUG org.eclipse.jetty.io.ssl.SslConnection - unwrap net_filled=0 Status = OK HandshakeStatus = NEED_TASK bytesConsumed = 302 bytesProduced = 0 encryptedBuffer=[p=1248,l=1509,c=17408,r=261] unwrapBuffer=HeapByteBuffer@7acd6f6f[p=0,l=0,c=17408,r=0]={<<<>>>\x14\x03\x03\x00\x01\x01\x8f\x9e\xA7...\x00\x00\x00\x00\x00\x00\x00} appBuffer=HeapByteBuffer@7acd6f6f[p=0,l=0,c=17408,r=0]={<<<>>>\x14\x03\x03\x00\x01\x01\x8f\x9e\xA7...\x00\x00\x00\x00\x00\x00\x00}
02:56:42.350 [qtp782228073-60] DEBUG org.eclipse.jetty.io.ssl.SslConnection - fill NEED_TASK
02:56:42.350 [qtp782228073-60] DEBUG org.eclipse.jetty.io.ssl.SslConnection - fill NEED_UNWRAP
02:56:42.350 [qtp782228073-60] DEBUG org.eclipse.jetty.io.ChannelEndPoint - filled 0 HeapByteBuffer@740a9f9e[p=1248,l=1509,c=17408,r=261]={\x17\x03\x03\x03\xAd\x0b\x00\x03\x88...\t\xDe(\x98.\xF4\xF9<<<\x17\x03\x03\x00US\xFe\xB4\xEd/s\xA5\x98A\xBeu\xD7ib\t\xA1{\xC6\x9f'...+\x95\xF4\x1a?h\xA9\x10\x86\xCdx\xF5\xA2AD\x00\x19B\xEe\xDa\xE6\x90\x96>>>Z\xEa\x01\x7fj\xE5\x88\xA4\x95...\x00\x00\x00\x00\x00\x00\x00}
02:56:42.350 [qtp782228073-60] DEBUG org.eclipse.jetty.io.ssl.SslConnection - net filled=0
02:56:42.351 [qtp782228073-60] DEBUG org.eclipse.jetty.io.ssl.SslConnection - unwrap net_filled=0 Status = OK HandshakeStatus = NEED_WRAP bytesConsumed = 90 bytesProduced = 0 encryptedBuffer=[p=1338,l=1509,c=17408,r=171] unwrapBuffer=HeapByteBuffer@7acd6f6f[p=0,l=0,c=17408,r=0]={<<<>>>\x14\x03\x03\x00\x01\x01\x8f\x9e\xA7...\x00\x00\x00\x00\x00\x00\x00} appBuffer=HeapByteBuffer@7acd6f6f[p=0,l=0,c=17408,r=0]={<<<>>>\x14\x03\x03\x00\x01\x01\x8f\x9e\xA7...\x00\x00\x00\x00\x00\x00\x00}
02:56:42.351 [qtp782228073-60] DEBUG org.eclipse.jetty.io.ssl.SslConnection - fill NEED_WRAP
02:56:42.351 [qtp782228073-60] DEBUG org.eclipse.jetty.io.ssl.SslConnection - >flush SslConnection@34e6d237::SocketChannelEndPoint@401f0a08{l=/127.0.0.1:40197,r=/127.0.0.1:34000,OPEN,fill=-,flush=-,to=1/30000}{io=0/0,kio=0,kro=1}->SslConnection@34e6d237{NEED_WRAP,eio=171/-1,di=-1,fill=IDLE,flush=IDLE}~>DecryptedEndPoint@ca5f82f{l=/127.0.0.1:40197,r=/127.0.0.1:34000,OPEN,fill=-,flush=-,to=42/30000}=>HttpConnection@65327320[p=HttpParser{s=START,0 of -1},g=HttpGenerator@17a13004{s=START}]=>HttpChannelOverHttp@7400c115{s=HttpChannelState@3452ebe7{s=IDLE rs=BLOCKING os=OPEN is=IDLE awp=false se=false i=true al=0},r=0,c=false/false,a=IDLE,uri=null,age=0}
02:56:42.351 [qtp782228073-60] DEBUG org.eclipse.jetty.io.ssl.SslConnection - flush b[0]=HeapByteBuffer@58f161d6[p=0,l=0,c=0,r=0]={<<<>>>}
02:56:42.351 [qtp782228073-60] DEBUG org.eclipse.jetty.io.ssl.SslConnection - flush NEED_WRAP
02:56:42.351 [qtp782228073-60] DEBUG org.eclipse.jetty.io.ssl.SslConnection - wrap Status = OK HandshakeStatus = FINISHED bytesConsumed = 0 bytesProduced = 88 [p=0,l=88,c=17408,r=88] ioDone=false/false
02:56:42.351 [qtp782228073-60] DEBUG org.eclipse.jetty.io.ChannelEndPoint - flushed 88 SocketChannelEndPoint@401f0a08{l=/127.0.0.1:40197,r=/127.0.0.1:34000,OPEN,fill=-,flush=-,to=1/30000}{io=0/0,kio=0,kro=1}->SslConnection@34e6d237{NOT_HANDSHAKING,eio=171/0,di=-1,fill=IDLE,flush=IDLE}~>DecryptedEndPoint@ca5f82f{l=/127.0.0.1:40197,r=/127.0.0.1:34000,OPEN,fill=-,flush=-,to=43/30000}=>HttpConnection@65327320[p=HttpParser{s=START,0 of -1},g=HttpGenerator@17a13004{s=START}]=>HttpChannelOverHttp@7400c115{s=HttpChannelState@3452ebe7{s=IDLE rs=BLOCKING os=OPEN is=IDLE awp=false se=false i=true al=0},r=0,c=false/false,a=IDLE,uri=null,age=0}
02:56:42.351 [qtp782228073-60] DEBUG org.eclipse.jetty.io.ssl.SslConnection - net flushed=true, ac=true
02:56:42.351 [qtp782228073-60] DEBUG org.eclipse.jetty.io.ssl.SslConnection - handshake succeeded SslConnection@34e6d237::SocketChannelEndPoint@401f0a08{l=/127.0.0.1:40197,r=/127.0.0.1:34000,OPEN,fill=-,flush=-,to=0/30000}{io=0/0,kio=0,kro=1}->SslConnection@34e6d237{NOT_HANDSHAKING,eio=171/0,di=-1,fill=IDLE,flush=IDLE}~>DecryptedEndPoint@ca5f82f{l=/127.0.0.1:40197,r=/127.0.0.1:34000,OPEN,fill=-,flush=-,to=43/30000}=>HttpConnection@65327320[p=HttpParser{s=START,0 of -1},g=HttpGenerator@17a13004{s=START}]=>HttpChannelOverHttp@7400c115{s=HttpChannelState@3452ebe7{s=IDLE rs=BLOCKING os=OPEN is=IDLE awp=false se=false i=true al=0},r=0,c=false/false,a=IDLE,uri=null,age=0} resumed server TLSv1.3/TLS_AES_256_GCM_SHA384
02:56:42.351 [qtp782228073-60] DEBUG org.eclipse.jetty.io.ssl.SslConnection - <flush true SslConnection@34e6d237::SocketChannelEndPoint@401f0a08{l=/127.0.0.1:40197,r=/127.0.0.1:34000,OPEN,fill=-,flush=-,to=0/30000}{io=0/0,kio=0,kro=1}->SslConnection@34e6d237{NOT_HANDSHAKING,eio=171/-1,di=-1,fill=IDLE,flush=IDLE}~>DecryptedEndPoint@ca5f82f{l=/127.0.0.1:40197,r=/127.0.0.1:34000,OPEN,fill=-,flush=-,to=43/30000}=>HttpConnection@65327320[p=HttpParser{s=START,0 of -1},g=HttpGenerator@17a13004{s=START}]=>HttpChannelOverHttp@7400c115{s=HttpChannelState@3452ebe7{s=IDLE rs=BLOCKING os=OPEN is=IDLE awp=false se=false i=true al=0},r=0,c=false/false,a=IDLE,uri=null,age=0}
02:56:42.351 [qtp782228073-60] DEBUG org.eclipse.jetty.io.ssl.SslConnection - fill NOT_HANDSHAKING
02:56:42.351 [qtp782228073-60] DEBUG org.eclipse.jetty.io.ChannelEndPoint - filled 0 HeapByteBuffer@740a9f9e[p=1338,l=1509,c=17408,r=171]={\x17\x03\x03\x03\xAd\x0b\x00\x03\x88...\x98\x98\xBd\x8a\xE2\xB8\x01<<<\x17\x03\x03\x00\xA6\xAd\x12\xEc\xEf\xDa:\x84K\x88\x8b\xE3\x9c\x16\x004N\xAf\xD8?m...+\x95\xF4\x1a?h\xA9\x10\x86\xCdx\xF5\xA2AD\x00\x19B\xEe\xDa\xE6\x90\x96>>>Z\xEa\x01\x7fj\xE5\x88\xA4\x95...\x00\x00\x00\x00\x00\x00\x00}
02:56:42.352 [qtp782228073-60] DEBUG org.eclipse.jetty.io.ssl.SslConnection - net filled=0
02:56:42.352 [qtp782228073-60] DEBUG org.eclipse.jetty.io.ssl.SslConnection - unwrap net_filled=0 Status = OK HandshakeStatus = NOT_HANDSHAKING bytesConsumed = 171 bytesProduced = 133 encryptedBuffer=[p=1509,l=1509,c=17408,r=0] unwrapBuffer=HeapByteBuffer@7acd6f6f[p=0,l=133,c=17408,r=133]={<<<GET /config-minimal.yml H...gent: okhttp/3.12.3\r\n\r\n>>>\x87\xC3\xD9BI\xBd\xCdL8...\x00\x00\x00\x00\x00\x00\x00} appBuffer=HeapByteBuffer@7acd6f6f[p=0,l=133,c=17408,r=133]={<<<GET /config-minimal.yml H...gent: okhttp/3.12.3\r\n\r\n>>>\x87\xC3\xD9BI\xBd\xCdL8...\x00\x00\x00\x00\x00\x00\x00}
02:56:42.352 [qtp782228073-60] DEBUG org.eclipse.jetty.io.ssl.SslConnection - <fill f=133 uf=false SslConnection@34e6d237::SocketChannelEndPoint@401f0a08{l=/127.0.0.1:40197,r=/127.0.0.1:34000,OPEN,fill=-,flush=-,to=0/30000}{io=0/0,kio=0,kro=1}->SslConnection@34e6d237{NOT_HANDSHAKING,eio=-1/-1,di=-1,fill=IDLE,flush=IDLE}~>DecryptedEndPoint@ca5f82f{l=/127.0.0.1:40197,r=/127.0.0.1:34000,OPEN,fill=-,flush=-,to=43/30000}=>HttpConnection@65327320[p=HttpParser{s=START,0 of -1},g=HttpGenerator@17a13004{s=START}]=>HttpChannelOverHttp@7400c115{s=HttpChannelState@3452ebe7{s=IDLE rs=BLOCKING os=OPEN is=IDLE awp=false se=false i=true al=0},r=0,c=false/false,a=IDLE,uri=null,age=0}
02:56:42.352 [qtp782228073-60] DEBUG org.eclipse.jetty.server.HttpConnection - HttpConnection@65327320::DecryptedEndPoint@ca5f82f{l=/127.0.0.1:40197,r=/127.0.0.1:34000,OPEN,fill=-,flush=-,to=43/30000} filled 133 HeapByteBuffer@7acd6f6f[p=0,l=133,c=17408,r=133]={<<<GET /config-minimal.yml H...gent: okhttp/3.12.3\r\n\r\n>>>\x87\xC3\xD9BI\xBd\xCdL8...\x00\x00\x00\x00\x00\x00\x00}
02:56:42.352 [qtp782228073-60] DEBUG org.eclipse.jetty.server.HttpConnection - HttpConnection@65327320::DecryptedEndPoint@ca5f82f{l=/127.0.0.1:40197,r=/127.0.0.1:34000,OPEN,fill=-,flush=-,to=43/30000} parse HeapByteBuffer@7acd6f6f[p=0,l=133,c=17408,r=133]={<<<GET /config-minimal.yml H...gent: okhttp/3.12.3\r\n\r\n>>>\x87\xC3\xD9BI\xBd\xCdL8...\x00\x00\x00\x00\x00\x00\x00} {}
02:56:42.352 [qtp782228073-60] DEBUG org.eclipse.jetty.http.HttpParser - parseNext s=START HeapByteBuffer@7acd6f6f[p=0,l=133,c=17408,r=133]={<<<GET /config-minimal.yml H...gent: okhttp/3.12.3\r\n\r\n>>>\x87\xC3\xD9BI\xBd\xCdL8...\x00\x00\x00\x00\x00\x00\x00}
02:56:42.352 [qtp782228073-60] DEBUG org.eclipse.jetty.http.HttpParser - START --> SPACE1
02:56:42.352 [qtp782228073-60] DEBUG org.eclipse.jetty.http.HttpParser - SPACE1 --> URI
02:56:42.352 [qtp782228073-60] DEBUG org.eclipse.jetty.http.HttpParser - URI --> SPACE2
02:56:42.352 [qtp782228073-60] DEBUG org.eclipse.jetty.http.HttpParser - SPACE2 --> REQUEST_VERSION
02:56:42.352 [qtp782228073-60] DEBUG org.eclipse.jetty.http.HttpParser - REQUEST_VERSION --> HEADER
02:56:42.352 [qtp782228073-60] DEBUG org.eclipse.jetty.http.HttpParser - HEADER:Host --> VALUE
02:56:42.352 [qtp782228073-60] DEBUG org.eclipse.jetty.http.HttpParser - HEADER:Host --> IN_VALUE
02:56:42.352 [qtp782228073-60] DEBUG org.eclipse.jetty.http.HttpParser - HEADER:Host --> FIELD
02:56:42.352 [qtp782228073-60] DEBUG org.eclipse.jetty.http.HttpParser - HEADER:Connection: keep-alive --> IN_VALUE
02:56:42.352 [qtp782228073-60] DEBUG org.eclipse.jetty.http.HttpParser - HEADER:Connection: keep-alive --> FIELD
02:56:42.352 [qtp782228073-60] DEBUG org.eclipse.jetty.http.HttpParser - HEADER:Accept-Encoding: gzip --> IN_VALUE
02:56:42.352 [qtp782228073-60] DEBUG org.eclipse.jetty.http.HttpParser - HEADER:Accept-Encoding: gzip --> FIELD
02:56:42.352 [qtp782228073-60] DEBUG org.eclipse.jetty.http.HttpParser - HEADER:User-Agent --> VALUE
02:56:42.352 [qtp782228073-60] DEBUG org.eclipse.jetty.http.HttpParser - HEADER:User-Agent --> IN_VALUE
02:56:42.352 [qtp782228073-60] DEBUG org.eclipse.jetty.http.HttpParser - HEADER:User-Agent --> FIELD
02:56:42.352 [qtp782228073-60] DEBUG org.eclipse.jetty.http.HttpParser - HEADER --> CONTENT
02:56:42.352 [qtp782228073-60] DEBUG org.eclipse.jetty.server.HttpChannel - REQUEST for //localhost:40197/config-minimal.yml on HttpChannelOverHttp@7400c115{s=HttpChannelState@3452ebe7{s=IDLE rs=BLOCKING os=OPEN is=IDLE awp=false se=false i=true al=0},r=1,c=false/false,a=IDLE,uri=//localhost:40197/config-minimal.yml,age=0}
GET //localhost:40197/config-minimal.yml HTTP/1.1
Host: localhost:40197
Connection: keep-alive
Accept-Encoding: gzip
User-Agent: okhttp/3.12.3


02:56:42.352 [qtp782228073-60] DEBUG org.eclipse.jetty.server.HttpConnection - HttpConnection@65327320::DecryptedEndPoint@ca5f82f{l=/127.0.0.1:40197,r=/127.0.0.1:34000,OPEN,fill=-,flush=-,to=44/30000} parsed true HttpParser{s=CONTENT,0 of -1}
02:56:42.352 [qtp782228073-60] DEBUG org.eclipse.jetty.server.HttpConnection - releaseRequestBuffer HttpConnection@65327320::DecryptedEndPoint@ca5f82f{l=/127.0.0.1:40197,r=/127.0.0.1:34000,OPEN,fill=-,flush=-,to=44/30000}
02:56:42.352 [qtp782228073-60] DEBUG org.eclipse.jetty.server.HttpChannel - handle //localhost:40197/config-minimal.yml HttpChannelOverHttp@7400c115{s=HttpChannelState@3452ebe7{s=IDLE rs=BLOCKING os=OPEN is=IDLE awp=false se=false i=true al=0},r=1,c=false/false,a=IDLE,uri=//localhost:40197/config-minimal.yml,age=0} 
02:56:42.352 [qtp782228073-60] DEBUG org.eclipse.jetty.server.HttpChannelState - handling HttpChannelState@3452ebe7{s=IDLE rs=BLOCKING os=OPEN is=IDLE awp=false se=false i=true al=0}
02:56:42.352 [qtp782228073-60] DEBUG org.eclipse.jetty.server.HttpChannel - action DISPATCH HttpChannelOverHttp@7400c115{s=HttpChannelState@3452ebe7{s=HANDLING rs=BLOCKING os=OPEN is=IDLE awp=false se=false i=true al=0},r=1,c=false/false,a=HANDLING,uri=//localhost:40197/config-minimal.yml,age=0}
02:56:42.352 [qtp782228073-60] DEBUG org.eclipse.jetty.server.SecureRequestCustomizer - Host localhost with SNI null
02:56:42.352 [qtp782228073-60] DEBUG org.eclipse.jetty.server.Server - REQUEST GET /config-minimal.yml on HttpChannelOverHttp@7400c115{s=HttpChannelState@3452ebe7{s=HANDLING rs=BLOCKING os=OPEN is=IDLE awp=false se=false i=true al=0},r=1,c=false/false,a=HANDLING,uri=https://localhost:40197/config-minimal.yml,age=0}
02:56:42.353 [qtp782228073-60] DEBUG org.eclipse.jetty.server.HttpOutput - write(array HeapByteBuffer@34c6c376[p=0,l=1469,c=262144,r=1469]={<<<# Licensed to the Apache ...tination name: PutFile\n>>>\x00\x00\x00\x00\x00\x00\x00\x00\x00...\x00\x00\x00\x00\x00\x00\x00})
02:56:42.353 [qtp782228073-60] DEBUG org.eclipse.jetty.server.HttpOutput - write(array) s=CLOSING,api=BLOCKED,sc=false,e=null last=true agg=false flush=true async=false, len=1469 null
02:56:42.353 [qtp782228073-60] DEBUG org.eclipse.jetty.server.HttpChannel - sendResponse info=null content=HeapByteBuffer@4849d9fc[p=0,l=1469,c=262144,r=1469]={<<<# Licensed to the Apache ...tination name: PutFile\n>>>\x00\x00\x00\x00\x00\x00\x00\x00\x00...\x00\x00\x00\x00\x00\x00\x00} complete=true committing=true callback=Blocker@3c5d2348{null}
02:56:42.353 [qtp782228073-60] DEBUG org.eclipse.jetty.server.HttpChannel - COMMIT for /config-minimal.yml on HttpChannelOverHttp@7400c115{s=HttpChannelState@3452ebe7{s=HANDLING rs=BLOCKING os=COMMITTED is=IDLE awp=false se=false i=true al=0},r=1,c=false/false,a=HANDLING,uri=https://localhost:40197/config-minimal.yml,age=1}
200 null HTTP/1.1
Date: Thu, 02 May 2024 01:56:42 GMT
ETag: testEtag
Content-Type: text/plain;charset=utf-8
Content-Length: 1469


02:56:42.353 [qtp782228073-60] DEBUG org.eclipse.jetty.server.HttpConnection - generate: NEED_HEADER for SendCallback@301fe6e5[PROCESSING][i=HTTP/1.1{s=200,h=4,cl=1469},cb=org.eclipse.jetty.server.HttpChannel$SendCallback@32404ee3] (null,[p=0,l=1469,c=262144,r=1469],true)@START
02:56:42.353 [qtp782228073-60] DEBUG org.eclipse.jetty.http.HttpGenerator - generateHeaders HTTP/1.1{s=200,h=4,cl=1469} last=true content=HeapByteBuffer@4849d9fc[p=0,l=1469,c=262144,r=1469]={<<<# Licensed to the Apache ...tination name: PutFile\n>>>\x00\x00\x00\x00\x00\x00\x00\x00\x00...\x00\x00\x00\x00\x00\x00\x00}
02:56:42.353 [qtp782228073-60] DEBUG org.eclipse.jetty.http.HttpGenerator - Date: Thu, 02 May 2024 01:56:42 GMT
ETag: testEtag
Content-Type: text/plain;charset=utf-8
Content-Length: 1469


02:56:42.353 [qtp782228073-60] DEBUG org.eclipse.jetty.http.HttpGenerator - CONTENT_LENGTH
02:56:42.353 [qtp782228073-60] DEBUG org.eclipse.jetty.server.HttpConnection - generate: FLUSH for SendCallback@301fe6e5[PROCESSING][i=HTTP/1.1{s=200,h=4,cl=1469},cb=org.eclipse.jetty.server.HttpChannel$SendCallback@32404ee3] ([p=0,l=167,c=8192,r=167],[p=0,l=1469,c=262144,r=1469],true)@COMPLETING
02:56:42.353 [qtp782228073-60] DEBUG org.eclipse.jetty.io.WriteFlusher - write: WriteFlusher@34c0e76e{IDLE}->null [HeapByteBuffer@7bc04565[p=0,l=167,c=8192,r=167]={<<<HTTP/1.1 200 OK\r\nDate: Th...y(9.4.44.v20210927)\r\n\r\n>>>\x00\x00\x00\x00\x00\x00\x00\x00\x00...\x00\x00\x00\x00\x00\x00\x00},HeapByteBuffer@4849d9fc[p=0,l=1469,c=262144,r=1469]={<<<# Licensed to the Apache ...tination name: PutFile\n>>>\x00\x00\x00\x00\x00\x00\x00\x00\x00...\x00\x00\x00\x00\x00\x00\x00}]
02:56:42.353 [qtp782228073-60] DEBUG org.eclipse.jetty.io.WriteFlusher - update WriteFlusher@34c0e76e{WRITING}->null:IDLE-->WRITING
02:56:42.353 [qtp782228073-60] DEBUG org.eclipse.jetty.io.ssl.SslConnection - >flush SslConnection@34e6d237::SocketChannelEndPoint@401f0a08{l=/127.0.0.1:40197,r=/127.0.0.1:34000,OPEN,fill=-,flush=-,to=1/30000}{io=0/0,kio=0,kro=1}->SslConnection@34e6d237{NOT_HANDSHAKING,eio=-1/-1,di=-1,fill=IDLE,flush=IDLE}~>DecryptedEndPoint@ca5f82f{l=/127.0.0.1:40197,r=/127.0.0.1:34000,OPEN,fill=-,flush=W,to=44/30000}=>HttpConnection@65327320[p=HttpParser{s=CONTENT,0 of -1},g=HttpGenerator@17a13004{s=COMPLETING}]=>HttpChannelOverHttp@7400c115{s=HttpChannelState@3452ebe7{s=HANDLING rs=BLOCKING os=COMMITTED is=IDLE awp=false se=false i=true al=0},r=1,c=false/false,a=HANDLING,uri=https://localhost:40197/config-minimal.yml,age=1}
02:56:42.353 [qtp782228073-60] DEBUG org.eclipse.jetty.io.ssl.SslConnection - flush b[0]=HeapByteBuffer@7bc04565[p=0,l=167,c=8192,r=167]={<<<HTTP/1.1 200 OK\r\nDate: Th...y(9.4.44.v20210927)\r\n\r\n>>>\x00\x00\x00\x00\x00\x00\x00\x00\x00...\x00\x00\x00\x00\x00\x00\x00}
02:56:42.353 [qtp782228073-60] DEBUG org.eclipse.jetty.io.ssl.SslConnection - flush b[1]=HeapByteBuffer@4849d9fc[p=0,l=1469,c=262144,r=1469]={<<<# Licensed to the Apache ...tination name: PutFile\n>>>\x00\x00\x00\x00\x00\x00\x00\x00\x00...\x00\x00\x00\x00\x00\x00\x00}
02:56:42.353 [qtp782228073-60] DEBUG org.eclipse.jetty.io.ssl.SslConnection - flush NOT_HANDSHAKING
02:56:42.353 [qtp782228073-60] DEBUG org.eclipse.jetty.io.ssl.SslConnection - wrap Status = OK HandshakeStatus = NOT_HANDSHAKING bytesConsumed = 1636 bytesProduced = 1674 [p=0,l=1674,c=17408,r=1674] ioDone=false/false
02:56:42.354 [qtp782228073-60] DEBUG org.eclipse.jetty.io.ChannelEndPoint - flushed 1674 SocketChannelEndPoint@401f0a08{l=/127.0.0.1:40197,r=/127.0.0.1:34000,OPEN,fill=-,flush=-,to=2/30000}{io=0/0,kio=0,kro=1}->SslConnection@34e6d237{NOT_HANDSHAKING,eio=-1/0,di=-1,fill=IDLE,flush=IDLE}~>DecryptedEndPoint@ca5f82f{l=/127.0.0.1:40197,r=/127.0.0.1:34000,OPEN,fill=-,flush=W,to=45/30000}=>HttpConnection@65327320[p=HttpParser{s=CONTENT,0 of -1},g=HttpGenerator@17a13004{s=COMPLETING}]=>HttpChannelOverHttp@7400c115{s=HttpChannelState@3452ebe7{s=HANDLING rs=BLOCKING os=COMMITTED is=IDLE awp=false se=false i=true al=0},r=1,c=false/false,a=HANDLING,uri=https://localhost:40197/config-minimal.yml,age=2}
02:56:42.354 [qtp782228073-60] DEBUG org.eclipse.jetty.io.ssl.SslConnection - net flushed=true, ac=true
02:56:42.354 [qtp782228073-60] DEBUG org.eclipse.jetty.io.ssl.SslConnection - <flush true SslConnection@34e6d237::SocketChannelEndPoint@401f0a08{l=/127.0.0.1:40197,r=/127.0.0.1:34000,OPEN,fill=-,flush=-,to=0/30000}{io=0/0,kio=0,kro=1}->SslConnection@34e6d237{NOT_HANDSHAKING,eio=-1/-1,di=-1,fill=IDLE,flush=IDLE}~>DecryptedEndPoint@ca5f82f{l=/127.0.0.1:40197,r=/127.0.0.1:34000,OPEN,fill=-,flush=W,to=45/30000}=>HttpConnection@65327320[p=HttpParser{s=CONTENT,0 of -1},g=HttpGenerator@17a13004{s=COMPLETING}]=>HttpChannelOverHttp@7400c115{s=HttpChannelState@3452ebe7{s=HANDLING rs=BLOCKING os=COMMITTED is=IDLE awp=false se=false i=true al=0},r=1,c=false/false,a=HANDLING,uri=https://localhost:40197/config-minimal.yml,age=2}
02:56:42.354 [qtp782228073-60] DEBUG org.eclipse.jetty.io.WriteFlusher - Flushed=true written=1636 remaining=0 WriteFlusher@34c0e76e{WRITING}->null
02:56:42.354 [qtp782228073-60] DEBUG org.eclipse.jetty.io.WriteFlusher - update WriteFlusher@34c0e76e{IDLE}->null:WRITING-->IDLE
02:56:42.354 [qtp782228073-60] DEBUG org.eclipse.jetty.server.HttpConnection - generate: DONE for SendCallback@301fe6e5[PROCESSING][i=HTTP/1.1{s=200,h=4,cl=1469},cb=org.eclipse.jetty.server.HttpChannel$SendCallback@32404ee3] ([p=167,l=167,c=8192,r=0],[p=1469,l=1469,c=262144,r=0],true)@END
02:56:42.354 [qtp782228073-60] DEBUG org.eclipse.jetty.server.HttpOutput - onWriteComplete(true,null) s=CLOSING,api=BLOCKED,sc=false,e=null->s=CLOSED,api=BLOCKING,sc=false,e=null c=null cb=null w=false
02:56:42.354 [main] DEBUG org.apache.nifi.minifi.bootstrap.configuration.ingestors.PullHttpChangeIngestor - Response received: Response{protocol=http/1.1, code=200, message=OK, url=https://localhost:40197/config-minimal.yml}
02:56:42.354 [main] DEBUG org.apache.nifi.minifi.bootstrap.configuration.ingestors.PullHttpChangeIngestor - New change received, notifying listener
02:56:42.354 [main] DEBUG org.apache.nifi.minifi.bootstrap.configuration.ingestors.PullHttpChangeIngestor - Listeners notified
02:56:42.354 [qtp782228073-60] DEBUG org.eclipse.jetty.server.HttpOutput - close() s=CLOSED,api=BLOCKING,sc=false,e=null c=null b=null
02:56:42.354 [qtp782228073-60] DEBUG org.eclipse.jetty.server.Server - handled=true async=false committed=true on HttpChannelOverHttp@7400c115{s=HttpChannelState@3452ebe7{s=HANDLING rs=BLOCKING os=COMPLETED is=IDLE awp=false se=false i=true al=0},r=1,c=false/true,a=HANDLING,uri=https://localhost:40197/config-minimal.yml,age=2}
02:56:42.354 [qtp782228073-60] DEBUG org.eclipse.jetty.server.HttpChannelState - unhandle HttpChannelState@3452ebe7{s=HANDLING rs=BLOCKING os=COMPLETED is=IDLE awp=false se=false i=true al=0}
02:56:42.354 [qtp782228073-60] DEBUG org.eclipse.jetty.server.HttpChannelState - nextAction(false) COMPLETE HttpChannelState@3452ebe7{s=HANDLING rs=COMPLETING os=COMPLETED is=IDLE awp=false se=false i=false al=0}
02:56:42.354 [qtp782228073-60] DEBUG org.eclipse.jetty.server.HttpChannel - action COMPLETE HttpChannelOverHttp@7400c115{s=HttpChannelState@3452ebe7{s=HANDLING rs=COMPLETING os=COMPLETED is=IDLE awp=false se=false i=false al=0},r=1,c=false/true,a=HANDLING,uri=https://localhost:40197/config-minimal.yml,age=2}
02:56:42.354 [qtp782228073-60] DEBUG org.eclipse.jetty.server.HttpOutput - complete(org.eclipse.jetty.util.Callback$3@61d2d5dd) s=CLOSED,api=BLOCKING,sc=false,e=null s=true e=null, c=null
02:56:42.354 [qtp782228073-60] DEBUG org.eclipse.jetty.server.HttpChannelState - completed HttpChannelState@3452ebe7{s=HANDLING rs=COMPLETING os=COMPLETED is=IDLE awp=false se=false i=false al=0}
02:56:42.354 [qtp782228073-60] DEBUG org.eclipse.jetty.server.HttpChannelState - unhandle HttpChannelState@3452ebe7{s=HANDLING rs=COMPLETED os=COMPLETED is=IDLE awp=false se=false i=false al=0}
02:56:42.354 [qtp782228073-60] DEBUG org.eclipse.jetty.server.HttpChannelState - nextAction(false) TERMINATED HttpChannelState@3452ebe7{s=IDLE rs=COMPLETED os=COMPLETED is=IDLE awp=false se=false i=false al=0}
02:56:42.354 [qtp782228073-60] DEBUG org.eclipse.jetty.server.HttpChannel - action TERMINATED HttpChannelOverHttp@7400c115{s=HttpChannelState@3452ebe7{s=IDLE rs=COMPLETED os=COMPLETED is=IDLE awp=false se=false i=false al=0},r=1,c=true/true,a=IDLE,uri=https://localhost:40197/config-minimal.yml,age=2}
02:56:42.354 [qtp782228073-60] DEBUG org.eclipse.jetty.server.HttpChannel - onCompleted for /config-minimal.yml written=1469
02:56:42.354 [qtp782228073-60] DEBUG org.eclipse.jetty.io.ssl.SslConnection - >fill SslConnection@34e6d237::SocketChannelEndPoint@401f0a08{l=/127.0.0.1:40197,r=/127.0.0.1:34000,OPEN,fill=-,flush=-,to=0/30000}{io=0/0,kio=0,kro=1}->SslConnection@34e6d237{NOT_HANDSHAKING,eio=-1/-1,di=-1,fill=IDLE,flush=IDLE}~>DecryptedEndPoint@ca5f82f{l=/127.0.0.1:40197,r=/127.0.0.1:34000,OPEN,fill=-,flush=-,to=46/30000}=>HttpConnection@65327320[p=HttpParser{s=CONTENT,0 of -1},g=HttpGenerator@17a13004{s=END}]=>HttpChannelOverHttp@7400c115{s=HttpChannelState@3452ebe7{s=IDLE rs=COMPLETED os=COMPLETED is=IDLE awp=false se=false i=false al=0},r=1,c=true/true,a=IDLE,uri=https://localhost:40197/config-minimal.yml,age=2}
02:56:42.354 [qtp782228073-60] DEBUG org.eclipse.jetty.io.ssl.SslConnection - fill NOT_HANDSHAKING
02:56:42.354 [qtp782228073-60] DEBUG org.eclipse.jetty.io.ChannelEndPoint - filled 0 HeapByteBuffer@7acd6f6f[p=0,l=0,c=17408,r=0]={<<<>>>GET /conf...\x00\x00\x00\x00\x00\x00\x00}
02:56:42.354 [qtp782228073-60] DEBUG org.eclipse.jetty.io.ssl.SslConnection - net filled=0
02:56:42.354 [qtp782228073-60] DEBUG org.eclipse.jetty.io.ssl.SslConnection - unwrap net_filled=0 Status = BUFFER_UNDERFLOW HandshakeStatus = NOT_HANDSHAKING bytesConsumed = 0 bytesProduced = 0 encryptedBuffer=[p=0,l=0,c=17408,r=0] unwrapBuffer=HeapByteBuffer@740a9f9e[p=0,l=0,c=17408,r=0]={<<<>>>\x17\x03\x03\x03\xAd\x0b\x00\x03\x88...\x00\x00\x00\x00\x00\x00\x00} appBuffer=HeapByteBuffer@740a9f9e[p=0,l=0,c=17408,r=0]={<<<>>>\x17\x03\x03\x03\xAd\x0b\x00\x03\x88...\x00\x00\x00\x00\x00\x00\x00}
02:56:42.355 [qtp782228073-60] DEBUG org.eclipse.jetty.io.ssl.SslConnection - <fill f=0 uf=true SslConnection@34e6d237::SocketChannelEndPoint@401f0a08{l=/127.0.0.1:40197,r=/127.0.0.1:34000,OPEN,fill=-,flush=-,to=0/30000}{io=0/0,kio=0,kro=1}->SslConnection@34e6d237{NOT_HANDSHAKING,eio=-1/-1,di=-1,fill=IDLE,flush=IDLE}~>DecryptedEndPoint@ca5f82f{l=/127.0.0.1:40197,r=/127.0.0.1:34000,OPEN,fill=-,flush=-,to=46/30000}=>HttpConnection@65327320[p=HttpParser{s=CONTENT,0 of -1},g=HttpGenerator@17a13004{s=END}]=>HttpChannelOverHttp@7400c115{s=HttpChannelState@3452ebe7{s=IDLE rs=COMPLETED os=COMPLETED is=IDLE awp=false se=false i=false al=0},r=1,c=true/true,a=IDLE,uri=https://localhost:40197/config-minimal.yml,age=3}
02:56:42.355 [qtp782228073-60] DEBUG org.eclipse.jetty.io.ssl.SslConnection - >fill SslConnection@34e6d237::SocketChannelEndPoint@401f0a08{l=/127.0.0.1:40197,r=/127.0.0.1:34000,OPEN,fill=-,flush=-,to=1/30000}{io=0/0,kio=0,kro=1}->SslConnection@34e6d237{NOT_HANDSHAKING,eio=-1/-1,di=-1,fill=IDLE,flush=IDLE}~>DecryptedEndPoint@ca5f82f{l=/127.0.0.1:40197,r=/127.0.0.1:34000,OPEN,fill=-,flush=-,to=46/30000}=>HttpConnection@65327320[p=HttpParser{s=CONTENT,0 of -1},g=HttpGenerator@17a13004{s=END}]=>HttpChannelOverHttp@7400c115{s=HttpChannelState@3452ebe7{s=IDLE rs=COMPLETED os=COMPLETED is=IDLE awp=false se=false i=false al=0},r=1,c=true/true,a=IDLE,uri=https://localhost:40197/config-minimal.yml,age=3}
02:56:42.355 [qtp782228073-60] DEBUG org.eclipse.jetty.io.ssl.SslConnection - fill NOT_HANDSHAKING
02:56:42.355 [qtp782228073-60] DEBUG org.eclipse.jetty.io.ChannelEndPoint - filled 0 HeapByteBuffer@1b26ebdb[p=0,l=0,c=17408,r=0]={<<<>>>\x17\x03\x03\x06\x85G\xA5\xE1\x90...\x00\x00\x00\x00\x00\x00\x00}
02:56:42.355 [qtp782228073-60] DEBUG org.eclipse.jetty.io.ssl.SslConnection - net filled=0
02:56:42.355 [qtp782228073-60] DEBUG org.eclipse.jetty.io.ssl.SslConnection - unwrap net_filled=0 Status = BUFFER_UNDERFLOW HandshakeStatus = NOT_HANDSHAKING bytesConsumed = 0 bytesProduced = 0 encryptedBuffer=[p=0,l=0,c=17408,r=0] unwrapBuffer=HeapByteBuffer@740a9f9e[p=0,l=0,c=17408,r=0]={<<<>>>\x17\x03\x03\x03\xAd\x0b\x00\x03\x88...\x00\x00\x00\x00\x00\x00\x00} appBuffer=HeapByteBuffer@740a9f9e[p=0,l=0,c=17408,r=0]={<<<>>>\x17\x03\x03\x03\xAd\x0b\x00\x03\x88...\x00\x00\x00\x00\x00\x00\x00}
02:56:42.355 [qtp782228073-60] DEBUG org.eclipse.jetty.io.ssl.SslConnection - <fill f=0 uf=true SslConnection@34e6d237::SocketChannelEndPoint@401f0a08{l=/127.0.0.1:40197,r=/127.0.0.1:34000,OPEN,fill=-,flush=-,to=1/30000}{io=0/0,kio=0,kro=1}->SslConnection@34e6d237{NOT_HANDSHAKING,eio=-1/-1,di=-1,fill=IDLE,flush=IDLE}~>DecryptedEndPoint@ca5f82f{l=/127.0.0.1:40197,r=/127.0.0.1:34000,OPEN,fill=-,flush=-,to=46/30000}=>HttpConnection@65327320[p=HttpParser{s=CONTENT,0 of -1},g=HttpGenerator@17a13004{s=END}]=>HttpChannelOverHttp@7400c115{s=HttpChannelState@3452ebe7{s=IDLE rs=COMPLETED os=COMPLETED is=IDLE awp=false se=false i=false al=0},r=1,c=true/true,a=IDLE,uri=https://localhost:40197/config-minimal.yml,age=3}
02:56:42.355 [qtp782228073-60] DEBUG org.eclipse.jetty.server.HttpConnection - HttpConnection@65327320::DecryptedEndPoint@ca5f82f{l=/127.0.0.1:40197,r=/127.0.0.1:34000,OPEN,fill=-,flush=-,to=46/30000} filled 0 HeapByteBuffer@740a9f9e[p=0,l=0,c=17408,r=0]={<<<>>>\x17\x03\x03\x03\xAd\x0b\x00\x03\x88...\x00\x00\x00\x00\x00\x00\x00}
02:56:42.355 [qtp782228073-60] DEBUG org.eclipse.jetty.server.HttpConnection - HttpConnection@65327320::DecryptedEndPoint@ca5f82f{l=/127.0.0.1:40197,r=/127.0.0.1:34000,OPEN,fill=-,flush=-,to=46/30000} parse HeapByteBuffer@740a9f9e[p=0,l=0,c=17408,r=0]={<<<>>>\x17\x03\x03\x03\xAd\x0b\x00\x03\x88...\x00\x00\x00\x00\x00\x00\x00} {}
02:56:42.355 [qtp782228073-60] DEBUG org.eclipse.jetty.http.HttpParser - parseNext s=CONTENT HeapByteBuffer@740a9f9e[p=0,l=0,c=17408,r=0]={<<<>>>\x17\x03\x03\x03\xAd\x0b\x00\x03\x88...\x00\x00\x00\x00\x00\x00\x00}
02:56:42.355 [qtp782228073-60] DEBUG org.eclipse.jetty.http.HttpParser - CONTENT --> CONTENT_END
02:56:42.355 [qtp782228073-60] DEBUG org.eclipse.jetty.server.HttpChannel - onContentComplete HttpChannelOverHttp@7400c115{s=HttpChannelState@3452ebe7{s=IDLE rs=COMPLETED os=COMPLETED is=IDLE awp=false se=false i=false al=0},r=1,c=true/true,a=IDLE,uri=https://localhost:40197/config-minimal.yml,age=3}
02:56:42.355 [qtp782228073-60] DEBUG org.eclipse.jetty.http.HttpParser - CONTENT_END --> END
02:56:42.355 [qtp782228073-60] DEBUG org.eclipse.jetty.server.HttpChannel - onRequestComplete HttpChannelOverHttp@7400c115{s=HttpChannelState@3452ebe7{s=IDLE rs=COMPLETED os=COMPLETED is=IDLE awp=false se=false i=false al=0},r=1,c=true/true,a=IDLE,uri=https://localhost:40197/config-minimal.yml,age=3}
02:56:42.355 [qtp782228073-60] DEBUG org.eclipse.jetty.server.HttpInput - HttpInputOverHTTP@2e352fcc[c=0,q=0,[0]=null,s=STREAM] addContent EOF
02:56:42.355 [qtp782228073-60] DEBUG org.eclipse.jetty.server.HttpConnection - HttpConnection@65327320::DecryptedEndPoint@ca5f82f{l=/127.0.0.1:40197,r=/127.0.0.1:34000,OPEN,fill=-,flush=-,to=46/30000} parsed false HttpParser{s=END,0 of -1}
02:56:42.355 [qtp782228073-60] DEBUG org.eclipse.jetty.server.HttpConnection - releaseRequestBuffer HttpConnection@65327320::DecryptedEndPoint@ca5f82f{l=/127.0.0.1:40197,r=/127.0.0.1:34000,OPEN,fill=-,flush=-,to=46/30000}
02:56:42.355 [qtp782228073-60] DEBUG org.eclipse.jetty.server.HttpChannelState - recycle HttpChannelState@3452ebe7{s=IDLE rs=COMPLETED os=COMPLETED is=IDLE awp=false se=false i=false al=0}
02:56:42.355 [qtp782228073-60] DEBUG org.eclipse.jetty.http.HttpParser - reset HttpParser{s=END,0 of -1}
02:56:42.355 [qtp782228073-60] DEBUG org.eclipse.jetty.http.HttpParser - END --> START
02:56:42.355 [qtp782228073-60] DEBUG org.eclipse.jetty.server.HttpChannel - !handle TERMINATED HttpChannelOverHttp@7400c115{s=HttpChannelState@3452ebe7{s=IDLE rs=BLOCKING os=OPEN is=IDLE awp=false se=false i=true al=0},r=1,c=false/false,a=IDLE,uri=null,age=0}
02:56:42.355 [qtp782228073-60] DEBUG org.eclipse.jetty.io.ssl.SslConnection - >fill SslConnection@34e6d237::SocketChannelEndPoint@401f0a08{l=/127.0.0.1:40197,r=/127.0.0.1:34000,OPEN,fill=-,flush=-,to=1/30000}{io=0/0,kio=0,kro=1}->SslConnection@34e6d237{NOT_HANDSHAKING,eio=-1/-1,di=-1,fill=IDLE,flush=IDLE}~>DecryptedEndPoint@ca5f82f{l=/127.0.0.1:40197,r=/127.0.0.1:34000,OPEN,fill=-,flush=-,to=46/30000}=>HttpConnection@65327320[p=HttpParser{s=START,0 of -1},g=HttpGenerator@17a13004{s=START}]=>HttpChannelOverHttp@7400c115{s=HttpChannelState@3452ebe7{s=IDLE rs=BLOCKING os=OPEN is=IDLE awp=false se=false i=true al=0},r=1,c=false/false,a=IDLE,uri=null,age=0}
02:56:42.355 [qtp782228073-60] DEBUG org.eclipse.jetty.io.ssl.SslConnection - fill NOT_HANDSHAKING
02:56:42.355 [qtp782228073-60] DEBUG org.eclipse.jetty.io.ChannelEndPoint - filled 0 HeapByteBuffer@1b26ebdb[p=0,l=0,c=17408,r=0]={<<<>>>\x17\x03\x03\x06\x85G\xA5\xE1\x90...\x00\x00\x00\x00\x00\x00\x00}
02:56:42.355 [qtp782228073-60] DEBUG org.eclipse.jetty.io.ssl.SslConnection - net filled=0
02:56:42.355 [qtp782228073-60] DEBUG org.eclipse.jetty.io.ssl.SslConnection - unwrap net_filled=0 Status = BUFFER_UNDERFLOW HandshakeStatus = NOT_HANDSHAKING bytesConsumed = 0 bytesProduced = 0 encryptedBuffer=[p=0,l=0,c=17408,r=0] unwrapBuffer=HeapByteBuffer@7acd6f6f[p=0,l=0,c=17408,r=0]={<<<>>>GET /conf...\x00\x00\x00\x00\x00\x00\x00} appBuffer=HeapByteBuffer@7acd6f6f[p=0,l=0,c=17408,r=0]={<<<>>>GET /conf...\x00\x00\x00\x00\x00\x00\x00}
02:56:42.355 [qtp782228073-60] DEBUG org.eclipse.jetty.io.ssl.SslConnection - <fill f=0 uf=true SslConnection@34e6d237::SocketChannelEndPoint@401f0a08{l=/127.0.0.1:40197,r=/127.0.0.1:34000,OPEN,fill=-,flush=-,to=1/30000}{io=0/0,kio=0,kro=1}->SslConnection@34e6d237{NOT_HANDSHAKING,eio=-1/-1,di=-1,fill=IDLE,flush=IDLE}~>DecryptedEndPoint@ca5f82f{l=/127.0.0.1:40197,r=/127.0.0.1:34000,OPEN,fill=-,flush=-,to=46/30000}=>HttpConnection@65327320[p=HttpParser{s=START,0 of -1},g=HttpGenerator@17a13004{s=START}]=>HttpChannelOverHttp@7400c115{s=HttpChannelState@3452ebe7{s=IDLE rs=BLOCKING os=OPEN is=IDLE awp=false se=false i=true al=0},r=1,c=false/false,a=IDLE,uri=null,age=0}
02:56:42.355 [qtp782228073-60] DEBUG org.eclipse.jetty.io.ssl.SslConnection - >fill SslConnection@34e6d237::SocketChannelEndPoint@401f0a08{l=/127.0.0.1:40197,r=/127.0.0.1:34000,OPEN,fill=-,flush=-,to=1/30000}{io=0/0,kio=0,kro=1}->SslConnection@34e6d237{NOT_HANDSHAKING,eio=-1/-1,di=-1,fill=IDLE,flush=IDLE}~>DecryptedEndPoint@ca5f82f{l=/127.0.0.1:40197,r=/127.0.0.1:34000,OPEN,fill=-,flush=-,to=46/30000}=>HttpConnection@65327320[p=HttpParser{s=START,0 of -1},g=HttpGenerator@17a13004{s=START}]=>HttpChannelOverHttp@7400c115{s=HttpChannelState@3452ebe7{s=IDLE rs=BLOCKING os=OPEN is=IDLE awp=false se=false i=true al=0},r=1,c=false/false,a=IDLE,uri=null,age=0}
02:56:42.355 [qtp782228073-60] DEBUG org.eclipse.jetty.io.ssl.SslConnection - fill NOT_HANDSHAKING
02:56:42.355 [qtp782228073-60] DEBUG org.eclipse.jetty.io.ChannelEndPoint - filled 0 HeapByteBuffer@740a9f9e[p=0,l=0,c=17408,r=0]={<<<>>>\x17\x03\x03\x03\xAd\x0b\x00\x03\x88...\x00\x00\x00\x00\x00\x00\x00}
02:56:42.355 [qtp782228073-60] DEBUG org.eclipse.jetty.io.ssl.SslConnection - net filled=0
02:56:42.355 [qtp782228073-60] DEBUG org.eclipse.jetty.io.ssl.SslConnection - unwrap net_filled=0 Status = BUFFER_UNDERFLOW HandshakeStatus = NOT_HANDSHAKING bytesConsumed = 0 bytesProduced = 0 encryptedBuffer=[p=0,l=0,c=17408,r=0] unwrapBuffer=HeapByteBuffer@7acd6f6f[p=0,l=0,c=17408,r=0]={<<<>>>GET /conf...\x00\x00\x00\x00\x00\x00\x00} appBuffer=HeapByteBuffer@7acd6f6f[p=0,l=0,c=17408,r=0]={<<<>>>GET /conf...\x00\x00\x00\x00\x00\x00\x00}
02:56:42.355 [qtp782228073-60] DEBUG org.eclipse.jetty.io.ssl.SslConnection - <fill f=0 uf=true SslConnection@34e6d237::SocketChannelEndPoint@401f0a08{l=/127.0.0.1:40197,r=/127.0.0.1:34000,OPEN,fill=-,flush=-,to=1/30000}{io=0/0,kio=0,kro=1}->SslConnection@34e6d237{NOT_HANDSHAKING,eio=-1/-1,di=-1,fill=IDLE,flush=IDLE}~>DecryptedEndPoint@ca5f82f{l=/127.0.0.1:40197,r=/127.0.0.1:34000,OPEN,fill=-,flush=-,to=47/30000}=>HttpConnection@65327320[p=HttpParser{s=START,0 of -1},g=HttpGenerator@17a13004{s=START}]=>HttpChannelOverHttp@7400c115{s=HttpChannelState@3452ebe7{s=IDLE rs=BLOCKING os=OPEN is=IDLE awp=false se=false i=true al=0},r=1,c=false/false,a=IDLE,uri=null,age=0}
02:56:42.355 [qtp782228073-60] DEBUG org.eclipse.jetty.server.HttpConnection - HttpConnection@65327320::DecryptedEndPoint@ca5f82f{l=/127.0.0.1:40197,r=/127.0.0.1:34000,OPEN,fill=-,flush=-,to=47/30000} filled 0 HeapByteBuffer@7acd6f6f[p=0,l=0,c=17408,r=0]={<<<>>>GET /conf...\x00\x00\x00\x00\x00\x00\x00}
02:56:42.355 [qtp782228073-60] DEBUG org.eclipse.jetty.server.HttpConnection - HttpConnection@65327320::DecryptedEndPoint@ca5f82f{l=/127.0.0.1:40197,r=/127.0.0.1:34000,OPEN,fill=-,flush=-,to=47/30000} parse HeapByteBuffer@7acd6f6f[p=0,l=0,c=17408,r=0]={<<<>>>GET /conf...\x00\x00\x00\x00\x00\x00\x00} {}
02:56:42.355 [qtp782228073-60] DEBUG org.eclipse.jetty.http.HttpParser - parseNext s=START HeapByteBuffer@7acd6f6f[p=0,l=0,c=17408,r=0]={<<<>>>GET /conf...\x00\x00\x00\x00\x00\x00\x00}
02:56:42.355 [qtp782228073-60] DEBUG org.eclipse.jetty.server.HttpConnection - HttpConnection@65327320::DecryptedEndPoint@ca5f82f{l=/127.0.0.1:40197,r=/127.0.0.1:34000,OPEN,fill=-,flush=-,to=47/30000} parsed false HttpParser{s=START,0 of -1}
02:56:42.355 [qtp782228073-60] DEBUG org.eclipse.jetty.server.HttpConnection - releaseRequestBuffer HttpConnection@65327320::DecryptedEndPoint@ca5f82f{l=/127.0.0.1:40197,r=/127.0.0.1:34000,OPEN,fill=-,flush=-,to=47/30000}
02:56:42.355 [qtp782228073-60] DEBUG org.eclipse.jetty.io.AbstractConnection - fillInterested HttpConnection@65327320::DecryptedEndPoint@ca5f82f{l=/127.0.0.1:40197,r=/127.0.0.1:34000,OPEN,fill=-,flush=-,to=47/30000}
02:56:42.355 [qtp782228073-60] DEBUG org.eclipse.jetty.io.FillInterest - interested FillInterest@617ceaa3{AC.ReadCB@65327320{HttpConnection@65327320::DecryptedEndPoint@ca5f82f{l=/127.0.0.1:40197,r=/127.0.0.1:34000,OPEN,fill=FI,flush=-,to=0/30000}}}
02:56:42.355 [qtp782228073-60] DEBUG org.eclipse.jetty.io.ssl.SslConnection - >needFillInterest s=IDLE/IDLE uf=true ei=null di=null SslConnection@34e6d237::SocketChannelEndPoint@401f0a08{l=/127.0.0.1:40197,r=/127.0.0.1:34000,OPEN,fill=-,flush=-,to=1/30000}{io=0/0,kio=0,kro=1}->SslConnection@34e6d237{NOT_HANDSHAKING,eio=-1/-1,di=-1,fill=IDLE,flush=IDLE}~>DecryptedEndPoint@ca5f82f{l=/127.0.0.1:40197,r=/127.0.0.1:34000,OPEN,fill=FI,flush=-,to=0/30000}=>HttpConnection@65327320[p=HttpParser{s=START,0 of -1},g=HttpGenerator@17a13004{s=START}]=>HttpChannelOverHttp@7400c115{s=HttpChannelState@3452ebe7{s=IDLE rs=BLOCKING os=OPEN is=IDLE awp=false se=false i=true al=0},r=1,c=false/false,a=IDLE,uri=null,age=0}
02:56:42.355 [qtp782228073-60] DEBUG org.eclipse.jetty.io.ssl.SslConnection - <needFillInterest s=IDLE/INTERESTED f=false i=true w=null
02:56:42.355 [qtp782228073-60] DEBUG org.eclipse.jetty.io.ssl.SslConnection - ensureFillInterested SslConnection@34e6d237::SocketChannelEndPoint@401f0a08{l=/127.0.0.1:40197,r=/127.0.0.1:34000,OPEN,fill=-,flush=-,to=1/30000}{io=0/0,kio=0,kro=1}->SslConnection@34e6d237{NOT_HANDSHAKING,eio=-1/-1,di=-1,fill=INTERESTED,flush=IDLE}~>DecryptedEndPoint@ca5f82f{l=/127.0.0.1:40197,r=/127.0.0.1:34000,OPEN,fill=FI,flush=-,to=0/30000}=>HttpConnection@65327320[p=HttpParser{s=START,0 of -1},g=HttpGenerator@17a13004{s=START}]=>HttpChannelOverHttp@7400c115{s=HttpChannelState@3452ebe7{s=IDLE rs=BLOCKING os=OPEN is=IDLE awp=false se=false i=true al=0},r=1,c=false/false,a=IDLE,uri=null,age=0}
02:56:42.356 [qtp782228073-60] DEBUG org.eclipse.jetty.io.FillInterest - interested FillInterest@369487a8{SSLC.NBReadCB@34e6d237{SslConnection@34e6d237::SocketChannelEndPoint@401f0a08{l=/127.0.0.1:40197,r=/127.0.0.1:34000,OPEN,fill=FI,flush=-,to=0/30000}{io=0/0,kio=0,kro=1}->SslConnection@34e6d237{NOT_HANDSHAKING,eio=-1/-1,di=-1,fill=INTERESTED,flush=IDLE}~>DecryptedEndPoint@ca5f82f{l=/127.0.0.1:40197,r=/127.0.0.1:34000,OPEN,fill=FI,flush=-,to=0/30000}=>HttpConnection@65327320[p=HttpParser{s=START,0 of -1},g=HttpGenerator@17a13004{s=START}]=>HttpChannelOverHttp@7400c115{s=HttpChannelState@3452ebe7{s=IDLE rs=BLOCKING os=OPEN is=IDLE awp=false se=false i=true al=0},r=1,c=false/false,a=IDLE,uri=null,age=0}}}
02:56:42.356 [qtp782228073-60] DEBUG org.eclipse.jetty.io.ChannelEndPoint - changeInterests p=false 0->1 for SocketChannelEndPoint@401f0a08{l=/127.0.0.1:40197,r=/127.0.0.1:34000,OPEN,fill=FI,flush=-,to=0/30000}{io=0/1,kio=0,kro=1}->SslConnection@34e6d237{NOT_HANDSHAKING,eio=-1/-1,di=-1,fill=INTERESTED,flush=IDLE}~>DecryptedEndPoint@ca5f82f{l=/127.0.0.1:40197,r=/127.0.0.1:34000,OPEN,fill=FI,flush=-,to=0/30000}=>HttpConnection@65327320[p=HttpParser{s=START,0 of -1},g=HttpGenerator@17a13004{s=START}]=>HttpChannelOverHttp@7400c115{s=HttpChannelState@3452ebe7{s=IDLE rs=BLOCKING os=OPEN is=IDLE awp=false se=false i=true al=0},r=1,c=false/false,a=IDLE,uri=null,age=0}
02:56:42.356 [qtp782228073-60] DEBUG org.eclipse.jetty.io.ManagedSelector - Queued change lazy=false org.eclipse.jetty.io.ChannelEndPoint$$Lambda$255/899789472@34e19c27 on ManagedSelector@696f0212{STARTED} id=1 keys=2 selected=0 updates=0
02:56:42.356 [qtp782228073-60] DEBUG org.eclipse.jetty.io.ManagedSelector - Wakeup on submit ManagedSelector@696f0212{STARTED} id=1 keys=2 selected=0 updates=1
02:56:42.356 [qtp782228073-60] DEBUG org.eclipse.jetty.server.HttpConnection - HttpConnection@65327320::DecryptedEndPoint@ca5f82f{l=/127.0.0.1:40197,r=/127.0.0.1:34000,OPEN,fill=FI,flush=-,to=0/30000} onFillable exit HttpChannelState@3452ebe7{s=IDLE rs=BLOCKING os=OPEN is=IDLE awp=false se=false i=true al=0} null
02:56:42.356 [qtp782228073-57] DEBUG org.eclipse.jetty.io.ManagedSelector - Selector sun.nio.ch.EPollSelectorImpl@1b822cc6 woken with none selected
02:56:42.356 [qtp782228073-57] DEBUG org.eclipse.jetty.io.ManagedSelector - Selector sun.nio.ch.EPollSelectorImpl@1b822cc6 woken up from select, 0/0/2 selected
02:56:42.356 [qtp782228073-57] DEBUG org.eclipse.jetty.io.ManagedSelector - Selector sun.nio.ch.EPollSelectorImpl@1b822cc6 processing 0 keys, 1 updates
02:56:42.356 [qtp782228073-60] DEBUG org.eclipse.jetty.io.ssl.SslConnection - <c.onFillable SslConnection@34e6d237::SocketChannelEndPoint@401f0a08{l=/127.0.0.1:40197,r=/127.0.0.1:34000,OPEN,fill=FI,flush=-,to=0/30000}{io=0/1,kio=0,kro=1}->SslConnection@34e6d237{NOT_HANDSHAKING,eio=-1/-1,di=-1,fill=INTERESTED,flush=IDLE}~>DecryptedEndPoint@ca5f82f{l=/127.0.0.1:40197,r=/127.0.0.1:34000,OPEN,fill=FI,flush=-,to=0/30000}=>HttpConnection@65327320[p=HttpParser{s=START,0 of -1},g=HttpGenerator@17a13004{s=START}]=>HttpChannelOverHttp@7400c115{s=HttpChannelState@3452ebe7{s=IDLE rs=BLOCKING os=OPEN is=IDLE awp=false se=false i=true al=0},r=1,c=false/false,a=IDLE,uri=null,age=0}
02:56:42.356 [qtp782228073-57] DEBUG org.eclipse.jetty.io.ManagedSelector - updateable 1
02:56:42.356 [qtp782228073-57] DEBUG org.eclipse.jetty.io.ManagedSelector - update org.eclipse.jetty.io.ChannelEndPoint$$Lambda$255/899789472@34e19c27
02:56:42.356 [qtp782228073-60] DEBUG org.eclipse.jetty.util.thread.ReservedThreadExecutor - ReservedThread@5478dbfd{RUNNING,thread=Thread[qtp782228073-60,5,main]} was=RUNNING next=RESERVED size=0+2 capacity=8
02:56:42.356 [qtp782228073-60] DEBUG org.eclipse.jetty.util.thread.ReservedThreadExecutor - ReservedThread@5478dbfd{RESERVED,thread=Thread[qtp782228073-60,5,main]} waiting ReservedThreadExecutor@47a5b70d{reserved=2/8,pending=0}
02:56:42.356 [qtp782228073-57] DEBUG org.eclipse.jetty.io.ChannelEndPoint - Key interests updated 0 -> 1 on SocketChannelEndPoint@401f0a08{l=/127.0.0.1:40197,r=/127.0.0.1:34000,OPEN,fill=FI,flush=-,to=0/30000}{io=1/1,kio=1,kro=1}->SslConnection@34e6d237{NOT_HANDSHAKING,eio=-1/-1,di=-1,fill=INTERESTED,flush=IDLE}~>DecryptedEndPoint@ca5f82f{l=/127.0.0.1:40197,r=/127.0.0.1:34000,OPEN,fill=FI,flush=-,to=0/30000}=>HttpConnection@65327320[p=HttpParser{s=START,0 of -1},g=HttpGenerator@17a13004{s=START}]=>HttpChannelOverHttp@7400c115{s=HttpChannelState@3452ebe7{s=IDLE rs=BLOCKING os=OPEN is=IDLE awp=false se=false i=true al=0},r=1,c=false/false,a=IDLE,uri=null,age=0}
02:56:42.356 [qtp782228073-57] DEBUG org.eclipse.jetty.io.ManagedSelector - updates 0
02:56:42.356 [qtp782228073-57] DEBUG org.eclipse.jetty.io.ManagedSelector - Selector sun.nio.ch.EPollSelectorImpl@1b822cc6 waiting with 2 keys
]]></system-out>
  </testcase>
  <testcase name="testNoUpdate" classname="org.apache.nifi.minifi.bootstrap.configuration.ingestors.PullHttpChangeIngestorSSLTest" time="0.069">
    <system-out><![CDATA[02:56:42.359 [main] DEBUG org.apache.nifi.minifi.bootstrap.configuration.ingestors.PullHttpChangeIngestor - Attempting to pull new config
02:56:42.360 [qtp782228073-59-acceptor-0@4795ded0-ServerConnector@5a411614{SSL, (ssl, http/1.1)}{localhost:40197}] DEBUG org.eclipse.jetty.io.ManagedSelector - Queued change lazy=false Accept@12da7bc0[java.nio.channels.SocketChannel[connected local=/127.0.0.1:40197 remote=/127.0.0.1:34016]] on ManagedSelector@56c698e3{STARTED} id=2 keys=1 selected=0 updates=0
02:56:42.360 [qtp782228073-59-acceptor-0@4795ded0-ServerConnector@5a411614{SSL, (ssl, http/1.1)}{localhost:40197}] DEBUG org.eclipse.jetty.io.ManagedSelector - Wakeup on submit ManagedSelector@56c698e3{STARTED} id=2 keys=1 selected=0 updates=1
02:56:42.360 [qtp782228073-61] DEBUG org.eclipse.jetty.io.ManagedSelector - Selector sun.nio.ch.EPollSelectorImpl@154e726d woken with none selected
02:56:42.360 [qtp782228073-61] DEBUG org.eclipse.jetty.io.ManagedSelector - Selector sun.nio.ch.EPollSelectorImpl@154e726d woken up from select, 0/0/1 selected
02:56:42.360 [qtp782228073-61] DEBUG org.eclipse.jetty.io.ManagedSelector - Selector sun.nio.ch.EPollSelectorImpl@154e726d processing 0 keys, 1 updates
02:56:42.360 [qtp782228073-61] DEBUG org.eclipse.jetty.io.ManagedSelector - updateable 1
02:56:42.360 [qtp782228073-61] DEBUG org.eclipse.jetty.io.ManagedSelector - update Accept@12da7bc0[java.nio.channels.SocketChannel[connected local=/127.0.0.1:40197 remote=/127.0.0.1:34016]]
02:56:42.360 [qtp782228073-61] DEBUG org.eclipse.jetty.util.thread.QueuedThreadPool - queue Accept@12da7bc0[java.nio.channels.SocketChannel[connected local=/127.0.0.1:40197 remote=/127.0.0.1:34016]] startThread=0
02:56:42.360 [qtp782228073-61] DEBUG org.eclipse.jetty.io.ManagedSelector - updates 0
02:56:42.360 [qtp782228073-61] DEBUG org.eclipse.jetty.io.ManagedSelector - Selector sun.nio.ch.EPollSelectorImpl@154e726d waiting with 2 keys
02:56:42.360 [qtp782228073-56] DEBUG org.eclipse.jetty.util.thread.QueuedThreadPool - run Accept@12da7bc0[java.nio.channels.SocketChannel[connected local=/127.0.0.1:40197 remote=/127.0.0.1:34016]] in QueuedThreadPool[qtp782228073]@2e9fda69{STARTED,8<=8<=200,i=0,r=-1,q=0}[ReservedThreadExecutor@47a5b70d{reserved=2/8,pending=0}]
02:56:42.360 [qtp782228073-56] DEBUG org.eclipse.jetty.io.IdleTimeout - SocketChannelEndPoint@2adeabaf{l=/127.0.0.1:40197,r=/127.0.0.1:34016,OPEN,fill=-,flush=-,to=0/30000}{io=0/0,kio=0,kro=0}-><null> idle timeout check, elapsed: 0 ms, remaining: 30000 ms
02:56:42.360 [qtp782228073-56] DEBUG org.eclipse.jetty.util.ssl.SslContextFactory - Customize sun.security.ssl.SSLEngineImpl@2c7175a5
02:56:42.360 [qtp782228073-56] DEBUG org.eclipse.jetty.server.HttpChannel - new HttpChannelOverHttp@3e4a0e44{s=HttpChannelState@672ad0e{s=IDLE rs=BLOCKING os=OPEN is=IDLE awp=false se=false i=true al=0},r=0,c=false/false,a=IDLE,uri=null,age=0} -> DecryptedEndPoint@592efdbc{l=/127.0.0.1:40197,r=/127.0.0.1:34016,OPEN,fill=-,flush=-,to=0/30000},null,HttpChannelState@672ad0e{s=IDLE rs=BLOCKING os=OPEN is=IDLE awp=false se=false i=true al=0}
02:56:42.361 [qtp782228073-56] DEBUG org.eclipse.jetty.server.HttpConnection - New HTTP Connection HttpConnection@7ed56761::DecryptedEndPoint@592efdbc{l=/127.0.0.1:40197,r=/127.0.0.1:34016,OPEN,fill=-,flush=-,to=0/30000}
02:56:42.361 [qtp782228073-56] DEBUG org.eclipse.jetty.io.ManagedSelector - Queued change lazy=true org.eclipse.jetty.io.ManagedSelector$$Lambda$258/269590367@10836ed1 on ManagedSelector@56c698e3{STARTED} id=2 keys=2 selected=0 updates=0
02:56:42.361 [qtp782228073-56] DEBUG org.eclipse.jetty.io.AbstractEndPoint - onOpen SocketChannelEndPoint@2adeabaf{l=/127.0.0.1:40197,r=/127.0.0.1:34016,OPEN,fill=-,flush=-,to=0/30000}{io=0/0,kio=0,kro=0}->SslConnection@30abb12{NOT_HANDSHAKING,eio=-1/-1,di=-1,fill=IDLE,flush=IDLE}~>DecryptedEndPoint@592efdbc{l=/127.0.0.1:40197,r=/127.0.0.1:34016,OPEN,fill=-,flush=-,to=0/30000}=>HttpConnection@7ed56761[p=HttpParser{s=START,0 of -1},g=HttpGenerator@2d6765d2{s=START}]=>HttpChannelOverHttp@3e4a0e44{s=HttpChannelState@672ad0e{s=IDLE rs=BLOCKING os=OPEN is=IDLE awp=false se=false i=true al=0},r=0,c=false/false,a=IDLE,uri=null,age=0}
02:56:42.361 [qtp782228073-56] DEBUG org.eclipse.jetty.io.AbstractConnection - onOpen SslConnection@30abb12::SocketChannelEndPoint@2adeabaf{l=/127.0.0.1:40197,r=/127.0.0.1:34016,OPEN,fill=-,flush=-,to=0/30000}{io=0/0,kio=0,kro=0}->SslConnection@30abb12{NOT_HANDSHAKING,eio=-1/-1,di=-1,fill=IDLE,flush=IDLE}~>DecryptedEndPoint@592efdbc{l=/127.0.0.1:40197,r=/127.0.0.1:34016,OPEN,fill=-,flush=-,to=0/30000}=>HttpConnection@7ed56761[p=HttpParser{s=START,0 of -1},g=HttpGenerator@2d6765d2{s=START}]=>HttpChannelOverHttp@3e4a0e44{s=HttpChannelState@672ad0e{s=IDLE rs=BLOCKING os=OPEN is=IDLE awp=false se=false i=true al=0},r=0,c=false/false,a=IDLE,uri=null,age=0}
02:56:42.361 [qtp782228073-56] DEBUG org.eclipse.jetty.io.AbstractConnection - onOpen HttpConnection@7ed56761::DecryptedEndPoint@592efdbc{l=/127.0.0.1:40197,r=/127.0.0.1:34016,OPEN,fill=-,flush=-,to=0/30000}
02:56:42.361 [qtp782228073-56] DEBUG org.eclipse.jetty.io.AbstractConnection - fillInterested HttpConnection@7ed56761::DecryptedEndPoint@592efdbc{l=/127.0.0.1:40197,r=/127.0.0.1:34016,OPEN,fill=-,flush=-,to=0/30000}
02:56:42.361 [qtp782228073-56] DEBUG org.eclipse.jetty.io.FillInterest - interested FillInterest@78dcf170{AC.ReadCB@7ed56761{HttpConnection@7ed56761::DecryptedEndPoint@592efdbc{l=/127.0.0.1:40197,r=/127.0.0.1:34016,OPEN,fill=FI,flush=-,to=0/30000}}}
02:56:42.361 [qtp782228073-56] DEBUG org.eclipse.jetty.io.ssl.SslConnection - >needFillInterest s=IDLE/IDLE uf=false ei=null di=null SslConnection@30abb12::SocketChannelEndPoint@2adeabaf{l=/127.0.0.1:40197,r=/127.0.0.1:34016,OPEN,fill=-,flush=-,to=0/30000}{io=0/0,kio=0,kro=0}->SslConnection@30abb12{NOT_HANDSHAKING,eio=-1/-1,di=-1,fill=IDLE,flush=IDLE}~>DecryptedEndPoint@592efdbc{l=/127.0.0.1:40197,r=/127.0.0.1:34016,OPEN,fill=FI,flush=-,to=0/30000}=>HttpConnection@7ed56761[p=HttpParser{s=START,0 of -1},g=HttpGenerator@2d6765d2{s=START}]=>HttpChannelOverHttp@3e4a0e44{s=HttpChannelState@672ad0e{s=IDLE rs=BLOCKING os=OPEN is=IDLE awp=false se=false i=true al=0},r=0,c=false/false,a=IDLE,uri=null,age=0}
02:56:42.361 [qtp782228073-56] DEBUG org.eclipse.jetty.io.ssl.SslConnection - <needFillInterest s=IDLE/INTERESTED f=false i=true w=null
02:56:42.361 [qtp782228073-56] DEBUG org.eclipse.jetty.io.ssl.SslConnection - ensureFillInterested SslConnection@30abb12::SocketChannelEndPoint@2adeabaf{l=/127.0.0.1:40197,r=/127.0.0.1:34016,OPEN,fill=-,flush=-,to=0/30000}{io=0/0,kio=0,kro=0}->SslConnection@30abb12{NOT_HANDSHAKING,eio=-1/-1,di=-1,fill=INTERESTED,flush=IDLE}~>DecryptedEndPoint@592efdbc{l=/127.0.0.1:40197,r=/127.0.0.1:34016,OPEN,fill=FI,flush=-,to=0/30000}=>HttpConnection@7ed56761[p=HttpParser{s=START,0 of -1},g=HttpGenerator@2d6765d2{s=START}]=>HttpChannelOverHttp@3e4a0e44{s=HttpChannelState@672ad0e{s=IDLE rs=BLOCKING os=OPEN is=IDLE awp=false se=false i=true al=0},r=0,c=false/false,a=IDLE,uri=null,age=0}
02:56:42.361 [qtp782228073-56] DEBUG org.eclipse.jetty.io.FillInterest - interested FillInterest@73a2fd5c{SSLC.NBReadCB@30abb12{SslConnection@30abb12::SocketChannelEndPoint@2adeabaf{l=/127.0.0.1:40197,r=/127.0.0.1:34016,OPEN,fill=FI,flush=-,to=0/30000}{io=0/0,kio=0,kro=0}->SslConnection@30abb12{NOT_HANDSHAKING,eio=-1/-1,di=-1,fill=INTERESTED,flush=IDLE}~>DecryptedEndPoint@592efdbc{l=/127.0.0.1:40197,r=/127.0.0.1:34016,OPEN,fill=FI,flush=-,to=0/30000}=>HttpConnection@7ed56761[p=HttpParser{s=START,0 of -1},g=HttpGenerator@2d6765d2{s=START}]=>HttpChannelOverHttp@3e4a0e44{s=HttpChannelState@672ad0e{s=IDLE rs=BLOCKING os=OPEN is=IDLE awp=false se=false i=true al=0},r=0,c=false/false,a=IDLE,uri=null,age=0}}}
02:56:42.361 [qtp782228073-56] DEBUG org.eclipse.jetty.io.ChannelEndPoint - changeInterests p=false 0->1 for SocketChannelEndPoint@2adeabaf{l=/127.0.0.1:40197,r=/127.0.0.1:34016,OPEN,fill=FI,flush=-,to=0/30000}{io=0/1,kio=0,kro=0}->SslConnection@30abb12{NOT_HANDSHAKING,eio=-1/-1,di=-1,fill=INTERESTED,flush=IDLE}~>DecryptedEndPoint@592efdbc{l=/127.0.0.1:40197,r=/127.0.0.1:34016,OPEN,fill=FI,flush=-,to=0/30000}=>HttpConnection@7ed56761[p=HttpParser{s=START,0 of -1},g=HttpGenerator@2d6765d2{s=START}]=>HttpChannelOverHttp@3e4a0e44{s=HttpChannelState@672ad0e{s=IDLE rs=BLOCKING os=OPEN is=IDLE awp=false se=false i=true al=0},r=0,c=false/false,a=IDLE,uri=null,age=0}
02:56:42.361 [qtp782228073-56] DEBUG org.eclipse.jetty.io.ManagedSelector - Queued change lazy=false org.eclipse.jetty.io.ChannelEndPoint$$Lambda$255/899789472@25260a11 on ManagedSelector@56c698e3{STARTED} id=2 keys=2 selected=0 updates=1
02:56:42.361 [qtp782228073-56] DEBUG org.eclipse.jetty.io.ManagedSelector - Wakeup on submit ManagedSelector@56c698e3{STARTED} id=2 keys=2 selected=0 updates=2
02:56:42.361 [qtp782228073-61] DEBUG org.eclipse.jetty.io.ManagedSelector - Selector sun.nio.ch.EPollSelectorImpl@154e726d woken with none selected
02:56:42.361 [qtp782228073-61] DEBUG org.eclipse.jetty.io.ManagedSelector - Selector sun.nio.ch.EPollSelectorImpl@154e726d woken up from select, 0/0/2 selected
02:56:42.361 [qtp782228073-61] DEBUG org.eclipse.jetty.io.ManagedSelector - Selector sun.nio.ch.EPollSelectorImpl@154e726d processing 0 keys, 2 updates
02:56:42.361 [qtp782228073-61] DEBUG org.eclipse.jetty.io.ManagedSelector - updateable 2
02:56:42.362 [qtp782228073-61] DEBUG org.eclipse.jetty.io.ManagedSelector - update org.eclipse.jetty.io.ManagedSelector$$Lambda$258/269590367@10836ed1
02:56:42.362 [qtp782228073-56] DEBUG org.eclipse.jetty.io.ManagedSelector - Created SocketChannelEndPoint@2adeabaf{l=/127.0.0.1:40197,r=/127.0.0.1:34016,OPEN,fill=FI,flush=-,to=0/30000}{io=0/1,kio=0,kro=0}->SslConnection@30abb12{NOT_HANDSHAKING,eio=-1/-1,di=-1,fill=INTERESTED,flush=IDLE}~>DecryptedEndPoint@592efdbc{l=/127.0.0.1:40197,r=/127.0.0.1:34016,OPEN,fill=FI,flush=-,to=0/30000}=>HttpConnection@7ed56761[p=HttpParser{s=START,0 of -1},g=HttpGenerator@2d6765d2{s=START}]=>HttpChannelOverHttp@3e4a0e44{s=HttpChannelState@672ad0e{s=IDLE rs=BLOCKING os=OPEN is=IDLE awp=false se=false i=true al=0},r=0,c=false/false,a=IDLE,uri=null,age=0}
02:56:42.362 [qtp782228073-61] DEBUG org.eclipse.jetty.io.ManagedSelector - update org.eclipse.jetty.io.ChannelEndPoint$$Lambda$255/899789472@25260a11
02:56:42.362 [qtp782228073-56] DEBUG org.eclipse.jetty.util.thread.QueuedThreadPool - ran Accept@12da7bc0[java.nio.channels.SocketChannel[connected local=/127.0.0.1:40197 remote=/127.0.0.1:34016]] in QueuedThreadPool[qtp782228073]@2e9fda69{STARTED,8<=8<=200,i=0,r=-1,q=0}[ReservedThreadExecutor@47a5b70d{reserved=2/8,pending=0}]
02:56:42.362 [qtp782228073-61] DEBUG org.eclipse.jetty.io.ChannelEndPoint - Key interests updated 0 -> 1 on SocketChannelEndPoint@2adeabaf{l=/127.0.0.1:40197,r=/127.0.0.1:34016,OPEN,fill=FI,flush=-,to=0/30000}{io=1/1,kio=1,kro=0}->SslConnection@30abb12{NOT_HANDSHAKING,eio=-1/-1,di=-1,fill=INTERESTED,flush=IDLE}~>DecryptedEndPoint@592efdbc{l=/127.0.0.1:40197,r=/127.0.0.1:34016,OPEN,fill=FI,flush=-,to=0/30000}=>HttpConnection@7ed56761[p=HttpParser{s=START,0 of -1},g=HttpGenerator@2d6765d2{s=START}]=>HttpChannelOverHttp@3e4a0e44{s=HttpChannelState@672ad0e{s=IDLE rs=BLOCKING os=OPEN is=IDLE awp=false se=false i=true al=0},r=0,c=false/false,a=IDLE,uri=null,age=0}
02:56:42.362 [qtp782228073-61] DEBUG org.eclipse.jetty.io.ManagedSelector - updates 0
02:56:42.362 [qtp782228073-61] DEBUG org.eclipse.jetty.io.ManagedSelector - Selector sun.nio.ch.EPollSelectorImpl@154e726d waiting with 2 keys
02:56:42.362 [qtp782228073-61] DEBUG org.eclipse.jetty.io.ManagedSelector - Selector sun.nio.ch.EPollSelectorImpl@154e726d woken up from select, 1/1/2 selected
02:56:42.362 [qtp782228073-61] DEBUG org.eclipse.jetty.io.ManagedSelector - Selector sun.nio.ch.EPollSelectorImpl@154e726d processing 1 keys, 0 updates
02:56:42.362 [qtp782228073-61] DEBUG org.eclipse.jetty.io.ManagedSelector - selected 1 sun.nio.ch.SelectionKeyImpl@600d9677 SocketChannelEndPoint@2adeabaf{l=/127.0.0.1:40197,r=/127.0.0.1:34016,OPEN,fill=FI,flush=-,to=1/30000}{io=1/1,kio=1,kro=1}->SslConnection@30abb12{NOT_HANDSHAKING,eio=-1/-1,di=-1,fill=INTERESTED,flush=IDLE}~>DecryptedEndPoint@592efdbc{l=/127.0.0.1:40197,r=/127.0.0.1:34016,OPEN,fill=FI,flush=-,to=1/30000}=>HttpConnection@7ed56761[p=HttpParser{s=START,0 of -1},g=HttpGenerator@2d6765d2{s=START}]=>HttpChannelOverHttp@3e4a0e44{s=HttpChannelState@672ad0e{s=IDLE rs=BLOCKING os=OPEN is=IDLE awp=false se=false i=true al=0},r=0,c=false/false,a=IDLE,uri=null,age=0} 
02:56:42.362 [qtp782228073-61] DEBUG org.eclipse.jetty.io.ChannelEndPoint - onSelected 1->0 r=true w=false for SocketChannelEndPoint@2adeabaf{l=/127.0.0.1:40197,r=/127.0.0.1:34016,OPEN,fill=FI,flush=-,to=1/30000}{io=1/0,kio=1,kro=1}->SslConnection@30abb12{NOT_HANDSHAKING,eio=-1/-1,di=-1,fill=INTERESTED,flush=IDLE}~>DecryptedEndPoint@592efdbc{l=/127.0.0.1:40197,r=/127.0.0.1:34016,OPEN,fill=FI,flush=-,to=1/30000}=>HttpConnection@7ed56761[p=HttpParser{s=START,0 of -1},g=HttpGenerator@2d6765d2{s=START}]=>HttpChannelOverHttp@3e4a0e44{s=HttpChannelState@672ad0e{s=IDLE rs=BLOCKING os=OPEN is=IDLE awp=false se=false i=true al=0},r=0,c=false/false,a=IDLE,uri=null,age=0}
02:56:42.362 [qtp782228073-61] DEBUG org.eclipse.jetty.io.ChannelEndPoint - task CEP:SocketChannelEndPoint@2adeabaf{l=/127.0.0.1:40197,r=/127.0.0.1:34016,OPEN,fill=FI,flush=-,to=1/30000}{io=1/0,kio=1,kro=1}->SslConnection@30abb12{NOT_HANDSHAKING,eio=-1/-1,di=-1,fill=INTERESTED,flush=IDLE}~>DecryptedEndPoint@592efdbc{l=/127.0.0.1:40197,r=/127.0.0.1:34016,OPEN,fill=FI,flush=-,to=1/30000}=>HttpConnection@7ed56761[p=HttpParser{s=START,0 of -1},g=HttpGenerator@2d6765d2{s=START}]=>HttpChannelOverHttp@3e4a0e44{s=HttpChannelState@672ad0e{s=IDLE rs=BLOCKING os=OPEN is=IDLE awp=false se=false i=true al=0},r=0,c=false/false,a=IDLE,uri=null,age=0}:runFillable:BLOCKING
02:56:42.363 [qtp782228073-61] DEBUG org.eclipse.jetty.util.thread.ReservedThreadExecutor - ReservedThreadExecutor@47a5b70d{reserved=2/8,pending=0} tryExecute EatWhatYouKill@5733f295/SelectorProducer@1c3146bc/PRODUCING/p=false/QueuedThreadPool[qtp782228073]@2e9fda69{STARTED,8<=8<=200,i=1,r=-1,q=0}[ReservedThreadExecutor@47a5b70d{reserved=2/8,pending=0}][pc=0,pic=0,pec=0,epc=3]@2024-05-02T02:56:42.363+01:00
02:56:42.363 [qtp782228073-61] DEBUG org.eclipse.jetty.util.thread.strategy.EatWhatYouKill - EatWhatYouKill@5733f295/SelectorProducer@1c3146bc/IDLE/p=true/QueuedThreadPool[qtp782228073]@2e9fda69{STARTED,8<=8<=200,i=1,r=-1,q=0}[ReservedThreadExecutor@47a5b70d{reserved=1/8,pending=0}][pc=0,pic=0,pec=0,epc=3]@2024-05-02T02:56:42.363+01:00 m=EXECUTE_PRODUCE_CONSUME t=CEP:SocketChannelEndPoint@2adeabaf{l=/127.0.0.1:40197,r=/127.0.0.1:34016,OPEN,fill=FI,flush=-,to=1/30000}{io=1/0,kio=1,kro=1}->SslConnection@30abb12{NOT_HANDSHAKING,eio=-1/-1,di=-1,fill=INTERESTED,flush=IDLE}~>DecryptedEndPoint@592efdbc{l=/127.0.0.1:40197,r=/127.0.0.1:34016,OPEN,fill=FI,flush=-,to=1/30000}=>HttpConnection@7ed56761[p=HttpParser{s=START,0 of -1},g=HttpGenerator@2d6765d2{s=START}]=>HttpChannelOverHttp@3e4a0e44{s=HttpChannelState@672ad0e{s=IDLE rs=BLOCKING os=OPEN is=IDLE awp=false se=false i=true al=0},r=0,c=false/false,a=IDLE,uri=null,age=0}:runFillable:BLOCKING/BLOCKING
02:56:42.363 [qtp782228073-60] DEBUG org.eclipse.jetty.util.thread.ReservedThreadExecutor - ReservedThread@5478dbfd{RESERVED,thread=Thread[qtp782228073-60,5,main]} task=EatWhatYouKill@5733f295/SelectorProducer@1c3146bc/IDLE/p=true/QueuedThreadPool[qtp782228073]@2e9fda69{STARTED,8<=8<=200,i=1,r=-1,q=0}[ReservedThreadExecutor@47a5b70d{reserved=1/8,pending=0}][pc=0,pic=0,pec=0,epc=3]@2024-05-02T02:56:42.363+01:00 ReservedThreadExecutor@47a5b70d{reserved=1/8,pending=0}
02:56:42.363 [qtp782228073-60] DEBUG org.eclipse.jetty.util.thread.strategy.EatWhatYouKill - EatWhatYouKill@5733f295/SelectorProducer@1c3146bc/IDLE/p=true/QueuedThreadPool[qtp782228073]@2e9fda69{STARTED,8<=8<=200,i=1,r=-1,q=0}[ReservedThreadExecutor@47a5b70d{reserved=1/8,pending=0}][pc=0,pic=0,pec=0,epc=4]@2024-05-02T02:56:42.363+01:00 tryProduce true
02:56:42.363 [qtp782228073-60] DEBUG org.eclipse.jetty.io.ManagedSelector - updateable 0
02:56:42.363 [qtp782228073-60] DEBUG org.eclipse.jetty.io.ManagedSelector - updates 0
02:56:42.363 [qtp782228073-61] DEBUG org.eclipse.jetty.io.FillInterest - fillable FillInterest@73a2fd5c{SSLC.NBReadCB@30abb12{SslConnection@30abb12::SocketChannelEndPoint@2adeabaf{l=/127.0.0.1:40197,r=/127.0.0.1:34016,OPEN,fill=FI,flush=-,to=1/30000}{io=1/0,kio=1,kro=1}->SslConnection@30abb12{NOT_HANDSHAKING,eio=-1/-1,di=-1,fill=INTERESTED,flush=IDLE}~>DecryptedEndPoint@592efdbc{l=/127.0.0.1:40197,r=/127.0.0.1:34016,OPEN,fill=FI,flush=-,to=1/30000}=>HttpConnection@7ed56761[p=HttpParser{s=START,0 of -1},g=HttpGenerator@2d6765d2{s=START}]=>HttpChannelOverHttp@3e4a0e44{s=HttpChannelState@672ad0e{s=IDLE rs=BLOCKING os=OPEN is=IDLE awp=false se=false i=true al=0},r=0,c=false/false,a=IDLE,uri=null,age=0}}}
02:56:42.363 [qtp782228073-60] DEBUG org.eclipse.jetty.io.ChannelEndPoint - Key interests updated 1 -> 0 on SocketChannelEndPoint@2adeabaf{l=/127.0.0.1:40197,r=/127.0.0.1:34016,OPEN,fill=FI,flush=-,to=1/30000}{io=0/0,kio=0,kro=1}->SslConnection@30abb12{NOT_HANDSHAKING,eio=-1/-1,di=-1,fill=INTERESTED,flush=IDLE}~>DecryptedEndPoint@592efdbc{l=/127.0.0.1:40197,r=/127.0.0.1:34016,OPEN,fill=FI,flush=-,to=2/30000}=>HttpConnection@7ed56761[p=HttpParser{s=START,0 of -1},g=HttpGenerator@2d6765d2{s=START}]=>HttpChannelOverHttp@3e4a0e44{s=HttpChannelState@672ad0e{s=IDLE rs=BLOCKING os=OPEN is=IDLE awp=false se=false i=true al=0},r=0,c=false/false,a=IDLE,uri=null,age=0}
02:56:42.363 [qtp782228073-61] DEBUG org.eclipse.jetty.io.ssl.SslConnection - >c.onFillable SslConnection@30abb12::SocketChannelEndPoint@2adeabaf{l=/127.0.0.1:40197,r=/127.0.0.1:34016,OPEN,fill=-,flush=-,to=1/30000}{io=0/0,kio=0,kro=1}->SslConnection@30abb12{NOT_HANDSHAKING,eio=-1/-1,di=-1,fill=INTERESTED,flush=IDLE}~>DecryptedEndPoint@592efdbc{l=/127.0.0.1:40197,r=/127.0.0.1:34016,OPEN,fill=FI,flush=-,to=2/30000}=>HttpConnection@7ed56761[p=HttpParser{s=START,0 of -1},g=HttpGenerator@2d6765d2{s=START}]=>HttpChannelOverHttp@3e4a0e44{s=HttpChannelState@672ad0e{s=IDLE rs=BLOCKING os=OPEN is=IDLE awp=false se=false i=true al=0},r=0,c=false/false,a=IDLE,uri=null,age=0}
02:56:42.363 [qtp782228073-60] DEBUG org.eclipse.jetty.io.ManagedSelector - Selector sun.nio.ch.EPollSelectorImpl@154e726d waiting with 2 keys
02:56:42.363 [qtp782228073-61] DEBUG org.eclipse.jetty.io.ssl.SslConnection - onFillable SslConnection@30abb12::SocketChannelEndPoint@2adeabaf{l=/127.0.0.1:40197,r=/127.0.0.1:34016,OPEN,fill=-,flush=-,to=1/30000}{io=0/0,kio=0,kro=1}->SslConnection@30abb12{NOT_HANDSHAKING,eio=-1/-1,di=-1,fill=INTERESTED,flush=IDLE}~>DecryptedEndPoint@592efdbc{l=/127.0.0.1:40197,r=/127.0.0.1:34016,OPEN,fill=FI,flush=-,to=2/30000}=>HttpConnection@7ed56761[p=HttpParser{s=START,0 of -1},g=HttpGenerator@2d6765d2{s=START}]=>HttpChannelOverHttp@3e4a0e44{s=HttpChannelState@672ad0e{s=IDLE rs=BLOCKING os=OPEN is=IDLE awp=false se=false i=true al=0},r=0,c=false/false,a=IDLE,uri=null,age=0}
02:56:42.363 [qtp782228073-61] DEBUG org.eclipse.jetty.io.FillInterest - fillable FillInterest@78dcf170{AC.ReadCB@7ed56761{HttpConnection@7ed56761::DecryptedEndPoint@592efdbc{l=/127.0.0.1:40197,r=/127.0.0.1:34016,OPEN,fill=FI,flush=-,to=2/30000}}}
02:56:42.363 [qtp782228073-61] DEBUG org.eclipse.jetty.server.HttpConnection - HttpConnection@7ed56761::DecryptedEndPoint@592efdbc{l=/127.0.0.1:40197,r=/127.0.0.1:34016,OPEN,fill=-,flush=-,to=2/30000} onFillable enter HttpChannelState@672ad0e{s=IDLE rs=BLOCKING os=OPEN is=IDLE awp=false se=false i=true al=0} null
02:56:42.363 [qtp782228073-61] DEBUG org.eclipse.jetty.io.ssl.SslConnection - >fill SslConnection@30abb12::SocketChannelEndPoint@2adeabaf{l=/127.0.0.1:40197,r=/127.0.0.1:34016,OPEN,fill=-,flush=-,to=2/30000}{io=0/0,kio=0,kro=1}->SslConnection@30abb12{NOT_HANDSHAKING,eio=-1/-1,di=-1,fill=IDLE,flush=IDLE}~>DecryptedEndPoint@592efdbc{l=/127.0.0.1:40197,r=/127.0.0.1:34016,OPEN,fill=-,flush=-,to=2/30000}=>HttpConnection@7ed56761[p=HttpParser{s=START,0 of -1},g=HttpGenerator@2d6765d2{s=START}]=>HttpChannelOverHttp@3e4a0e44{s=HttpChannelState@672ad0e{s=IDLE rs=BLOCKING os=OPEN is=IDLE awp=false se=false i=true al=0},r=0,c=false/false,a=IDLE,uri=null,age=0}
02:56:42.363 [qtp782228073-61] DEBUG org.eclipse.jetty.io.ssl.SslConnection - fill NOT_HANDSHAKING
02:56:42.364 [qtp782228073-61] DEBUG org.eclipse.jetty.io.ChannelEndPoint - filled 339 HeapByteBuffer@740a9f9e[p=0,l=339,c=17408,r=339]={<<<\x16\x03\x03\x01N\x01\x00\x01J\x03\x03r\xAc\x9c\xDf\x83\x96\x00\xE3\xF8\x96\x11p\xCf\x98...\xEf"\xF7V\xA5\x87\xE3bE\x92\xCe\xEcGv\x8eNb\x80\xFf\x01\x00\x01\x00>>>\xF9\xFb}{\xC0\xFag\xC6G...\x00\x00\x00\x00\x00\x00\x00}
02:56:42.364 [qtp782228073-61] DEBUG org.eclipse.jetty.io.ssl.SslConnection - net filled=339
02:56:42.364 [qtp782228073-61] DEBUG org.eclipse.jetty.io.ssl.SslConnection - fill starting handshake SslConnection@30abb12::SocketChannelEndPoint@2adeabaf{l=/127.0.0.1:40197,r=/127.0.0.1:34016,OPEN,fill=-,flush=-,to=0/30000}{io=0/0,kio=0,kro=1}->SslConnection@30abb12{NOT_HANDSHAKING,eio=339/-1,di=-1,fill=IDLE,flush=IDLE}~>DecryptedEndPoint@592efdbc{l=/127.0.0.1:40197,r=/127.0.0.1:34016,OPEN,fill=-,flush=-,to=2/30000}=>HttpConnection@7ed56761[p=HttpParser{s=START,0 of -1},g=HttpGenerator@2d6765d2{s=START}]=>HttpChannelOverHttp@3e4a0e44{s=HttpChannelState@672ad0e{s=IDLE rs=BLOCKING os=OPEN is=IDLE awp=false se=false i=true al=0},r=0,c=false/false,a=IDLE,uri=null,age=0}
02:56:42.364 [qtp782228073-61] DEBUG org.eclipse.jetty.io.ssl.SslConnection - unwrap net_filled=339 Status = OK HandshakeStatus = NEED_TASK bytesConsumed = 339 bytesProduced = 0 encryptedBuffer=[p=339,l=339,c=17408,r=0] unwrapBuffer=HeapByteBuffer@1b26ebdb[p=0,l=0,c=17408,r=0]={<<<>>>\x17\x03\x03\x06\x85G\xA5\xE1\x90...\x00\x00\x00\x00\x00\x00\x00} appBuffer=HeapByteBuffer@1b26ebdb[p=0,l=0,c=17408,r=0]={<<<>>>\x17\x03\x03\x06\x85G\xA5\xE1\x90...\x00\x00\x00\x00\x00\x00\x00}
02:56:42.364 [qtp782228073-61] DEBUG org.eclipse.jetty.io.ssl.SslConnection - fill NEED_TASK
02:56:42.374 [qtp782228073-61] DEBUG org.eclipse.jetty.io.ssl.SslConnection - fill NEED_WRAP
02:56:42.374 [qtp782228073-61] DEBUG org.eclipse.jetty.io.ssl.SslConnection - >flush SslConnection@30abb12::SocketChannelEndPoint@2adeabaf{l=/127.0.0.1:40197,r=/127.0.0.1:34016,OPEN,fill=-,flush=-,to=10/30000}{io=0/0,kio=0,kro=1}->SslConnection@30abb12{NEED_WRAP,eio=0/-1,di=-1,fill=IDLE,flush=IDLE}~>DecryptedEndPoint@592efdbc{l=/127.0.0.1:40197,r=/127.0.0.1:34016,OPEN,fill=-,flush=-,to=13/30000}=>HttpConnection@7ed56761[p=HttpParser{s=START,0 of -1},g=HttpGenerator@2d6765d2{s=START}]=>HttpChannelOverHttp@3e4a0e44{s=HttpChannelState@672ad0e{s=IDLE rs=BLOCKING os=OPEN is=IDLE awp=false se=false i=true al=0},r=0,c=false/false,a=IDLE,uri=null,age=0}
02:56:42.374 [qtp782228073-61] DEBUG org.eclipse.jetty.io.ssl.SslConnection - flush b[0]=HeapByteBuffer@58f161d6[p=0,l=0,c=0,r=0]={<<<>>>}
02:56:42.374 [qtp782228073-61] DEBUG org.eclipse.jetty.io.ssl.SslConnection - flush NEED_WRAP
02:56:42.374 [qtp782228073-61] DEBUG org.eclipse.jetty.io.ssl.SslConnection - wrap Status = OK HandshakeStatus = NEED_WRAP bytesConsumed = 0 bytesProduced = 160 [p=0,l=160,c=17408,r=160] ioDone=false/false
02:56:42.375 [qtp782228073-61] DEBUG org.eclipse.jetty.io.ChannelEndPoint - flushed 160 SocketChannelEndPoint@2adeabaf{l=/127.0.0.1:40197,r=/127.0.0.1:34016,OPEN,fill=-,flush=-,to=10/30000}{io=0/0,kio=0,kro=1}->SslConnection@30abb12{NEED_WRAP,eio=0/0,di=-1,fill=IDLE,flush=IDLE}~>DecryptedEndPoint@592efdbc{l=/127.0.0.1:40197,r=/127.0.0.1:34016,OPEN,fill=-,flush=-,to=13/30000}=>HttpConnection@7ed56761[p=HttpParser{s=START,0 of -1},g=HttpGenerator@2d6765d2{s=START}]=>HttpChannelOverHttp@3e4a0e44{s=HttpChannelState@672ad0e{s=IDLE rs=BLOCKING os=OPEN is=IDLE awp=false se=false i=true al=0},r=0,c=false/false,a=IDLE,uri=null,age=0}
02:56:42.375 [qtp782228073-61] DEBUG org.eclipse.jetty.io.ssl.SslConnection - net flushed=true, ac=true
02:56:42.375 [qtp782228073-61] DEBUG org.eclipse.jetty.io.ssl.SslConnection - flush NEED_WRAP
02:56:42.375 [qtp782228073-61] DEBUG org.eclipse.jetty.io.ssl.SslConnection - wrap Status = OK HandshakeStatus = NEED_WRAP bytesConsumed = 0 bytesProduced = 6 [p=0,l=6,c=17408,r=6] ioDone=false/false
02:56:42.375 [qtp782228073-61] DEBUG org.eclipse.jetty.io.ChannelEndPoint - flushed 6 SocketChannelEndPoint@2adeabaf{l=/127.0.0.1:40197,r=/127.0.0.1:34016,OPEN,fill=-,flush=-,to=0/30000}{io=0/0,kio=0,kro=1}->SslConnection@30abb12{NEED_WRAP,eio=0/0,di=-1,fill=IDLE,flush=IDLE}~>DecryptedEndPoint@592efdbc{l=/127.0.0.1:40197,r=/127.0.0.1:34016,OPEN,fill=-,flush=-,to=13/30000}=>HttpConnection@7ed56761[p=HttpParser{s=START,0 of -1},g=HttpGenerator@2d6765d2{s=START}]=>HttpChannelOverHttp@3e4a0e44{s=HttpChannelState@672ad0e{s=IDLE rs=BLOCKING os=OPEN is=IDLE awp=false se=false i=true al=0},r=0,c=false/false,a=IDLE,uri=null,age=0}
02:56:42.375 [qtp782228073-61] DEBUG org.eclipse.jetty.io.ssl.SslConnection - net flushed=true, ac=true
02:56:42.375 [qtp782228073-61] DEBUG org.eclipse.jetty.io.ssl.SslConnection - flush NEED_WRAP
02:56:42.375 [qtp782228073-61] DEBUG org.eclipse.jetty.io.ssl.SslConnection - wrap Status = OK HandshakeStatus = NEED_UNWRAP bytesConsumed = 0 bytesProduced = 1597 [p=0,l=1597,c=17408,r=1597] ioDone=false/false
02:56:42.375 [qtp782228073-61] DEBUG org.eclipse.jetty.io.ChannelEndPoint - flushed 1597 SocketChannelEndPoint@2adeabaf{l=/127.0.0.1:40197,r=/127.0.0.1:34016,OPEN,fill=-,flush=-,to=0/30000}{io=0/0,kio=0,kro=1}->SslConnection@30abb12{NEED_UNWRAP,eio=0/0,di=-1,fill=IDLE,flush=IDLE}~>DecryptedEndPoint@592efdbc{l=/127.0.0.1:40197,r=/127.0.0.1:34016,OPEN,fill=-,flush=-,to=14/30000}=>HttpConnection@7ed56761[p=HttpParser{s=START,0 of -1},g=HttpGenerator@2d6765d2{s=START}]=>HttpChannelOverHttp@3e4a0e44{s=HttpChannelState@672ad0e{s=IDLE rs=BLOCKING os=OPEN is=IDLE awp=false se=false i=true al=0},r=0,c=false/false,a=IDLE,uri=null,age=0}
02:56:42.375 [qtp782228073-61] DEBUG org.eclipse.jetty.io.ssl.SslConnection - net flushed=true, ac=true
02:56:42.375 [qtp782228073-61] DEBUG org.eclipse.jetty.io.ssl.SslConnection - <flush true SslConnection@30abb12::SocketChannelEndPoint@2adeabaf{l=/127.0.0.1:40197,r=/127.0.0.1:34016,OPEN,fill=-,flush=-,to=0/30000}{io=0/0,kio=0,kro=1}->SslConnection@30abb12{NEED_UNWRAP,eio=0/-1,di=-1,fill=IDLE,flush=IDLE}~>DecryptedEndPoint@592efdbc{l=/127.0.0.1:40197,r=/127.0.0.1:34016,OPEN,fill=-,flush=-,to=14/30000}=>HttpConnection@7ed56761[p=HttpParser{s=START,0 of -1},g=HttpGenerator@2d6765d2{s=START}]=>HttpChannelOverHttp@3e4a0e44{s=HttpChannelState@672ad0e{s=IDLE rs=BLOCKING os=OPEN is=IDLE awp=false se=false i=true al=0},r=0,c=false/false,a=IDLE,uri=null,age=0}
02:56:42.376 [qtp782228073-61] DEBUG org.eclipse.jetty.io.ssl.SslConnection - fill NEED_UNWRAP
02:56:42.376 [qtp782228073-61] DEBUG org.eclipse.jetty.io.ChannelEndPoint - filled 0 HeapByteBuffer@740a9f9e[p=0,l=0,c=17408,r=0]={<<<>>>\x16\x03\x03\x01N\x01\x00\x01J...\x00\x00\x00\x00\x00\x00\x00}
02:56:42.376 [qtp782228073-61] DEBUG org.eclipse.jetty.io.ssl.SslConnection - net filled=0
02:56:42.376 [qtp782228073-61] DEBUG org.eclipse.jetty.io.ssl.SslConnection - unwrap net_filled=0 Status = BUFFER_UNDERFLOW HandshakeStatus = NEED_UNWRAP bytesConsumed = 0 bytesProduced = 0 encryptedBuffer=[p=0,l=0,c=17408,r=0] unwrapBuffer=HeapByteBuffer@1b26ebdb[p=0,l=0,c=17408,r=0]={<<<>>>\x17\x03\x03\x06\x85G\xA5\xE1\x90...\x00\x00\x00\x00\x00\x00\x00} appBuffer=HeapByteBuffer@1b26ebdb[p=0,l=0,c=17408,r=0]={<<<>>>\x17\x03\x03\x06\x85G\xA5\xE1\x90...\x00\x00\x00\x00\x00\x00\x00}
02:56:42.376 [qtp782228073-61] DEBUG org.eclipse.jetty.io.ssl.SslConnection - <fill f=0 uf=true SslConnection@30abb12::SocketChannelEndPoint@2adeabaf{l=/127.0.0.1:40197,r=/127.0.0.1:34016,OPEN,fill=-,flush=-,to=0/30000}{io=0/0,kio=0,kro=1}->SslConnection@30abb12{NEED_UNWRAP,eio=-1/-1,di=-1,fill=IDLE,flush=IDLE}~>DecryptedEndPoint@592efdbc{l=/127.0.0.1:40197,r=/127.0.0.1:34016,OPEN,fill=-,flush=-,to=14/30000}=>HttpConnection@7ed56761[p=HttpParser{s=START,0 of -1},g=HttpGenerator@2d6765d2{s=START}]=>HttpChannelOverHttp@3e4a0e44{s=HttpChannelState@672ad0e{s=IDLE rs=BLOCKING os=OPEN is=IDLE awp=false se=false i=true al=0},r=0,c=false/false,a=IDLE,uri=null,age=0}
02:56:42.376 [qtp782228073-61] DEBUG org.eclipse.jetty.io.ssl.SslConnection - >fill SslConnection@30abb12::SocketChannelEndPoint@2adeabaf{l=/127.0.0.1:40197,r=/127.0.0.1:34016,OPEN,fill=-,flush=-,to=0/30000}{io=0/0,kio=0,kro=1}->SslConnection@30abb12{NEED_UNWRAP,eio=-1/-1,di=-1,fill=IDLE,flush=IDLE}~>DecryptedEndPoint@592efdbc{l=/127.0.0.1:40197,r=/127.0.0.1:34016,OPEN,fill=-,flush=-,to=14/30000}=>HttpConnection@7ed56761[p=HttpParser{s=START,0 of -1},g=HttpGenerator@2d6765d2{s=START}]=>HttpChannelOverHttp@3e4a0e44{s=HttpChannelState@672ad0e{s=IDLE rs=BLOCKING os=OPEN is=IDLE awp=false se=false i=true al=0},r=0,c=false/false,a=IDLE,uri=null,age=0}
02:56:42.376 [qtp782228073-61] DEBUG org.eclipse.jetty.io.ssl.SslConnection - fill NEED_UNWRAP
02:56:42.376 [qtp782228073-61] DEBUG org.eclipse.jetty.io.ChannelEndPoint - filled 0 HeapByteBuffer@7acd6f6f[p=0,l=0,c=17408,r=0]={<<<>>>\x17\x03\x03\x068mS\x0bL...\x00\x00\x00\x00\x00\x00\x00}
02:56:42.376 [qtp782228073-61] DEBUG org.eclipse.jetty.io.ssl.SslConnection - net filled=0
02:56:42.376 [qtp782228073-61] DEBUG org.eclipse.jetty.io.ssl.SslConnection - unwrap net_filled=0 Status = BUFFER_UNDERFLOW HandshakeStatus = NEED_UNWRAP bytesConsumed = 0 bytesProduced = 0 encryptedBuffer=[p=0,l=0,c=17408,r=0] unwrapBuffer=HeapByteBuffer@1b26ebdb[p=0,l=0,c=17408,r=0]={<<<>>>\x17\x03\x03\x06\x85G\xA5\xE1\x90...\x00\x00\x00\x00\x00\x00\x00} appBuffer=HeapByteBuffer@1b26ebdb[p=0,l=0,c=17408,r=0]={<<<>>>\x17\x03\x03\x06\x85G\xA5\xE1\x90...\x00\x00\x00\x00\x00\x00\x00}
02:56:42.376 [qtp782228073-61] DEBUG org.eclipse.jetty.io.ssl.SslConnection - <fill f=0 uf=true SslConnection@30abb12::SocketChannelEndPoint@2adeabaf{l=/127.0.0.1:40197,r=/127.0.0.1:34016,OPEN,fill=-,flush=-,to=0/30000}{io=0/0,kio=0,kro=1}->SslConnection@30abb12{NEED_UNWRAP,eio=-1/-1,di=-1,fill=IDLE,flush=IDLE}~>DecryptedEndPoint@592efdbc{l=/127.0.0.1:40197,r=/127.0.0.1:34016,OPEN,fill=-,flush=-,to=15/30000}=>HttpConnection@7ed56761[p=HttpParser{s=START,0 of -1},g=HttpGenerator@2d6765d2{s=START}]=>HttpChannelOverHttp@3e4a0e44{s=HttpChannelState@672ad0e{s=IDLE rs=BLOCKING os=OPEN is=IDLE awp=false se=false i=true al=0},r=0,c=false/false,a=IDLE,uri=null,age=0}
02:56:42.376 [qtp782228073-61] DEBUG org.eclipse.jetty.server.HttpConnection - HttpConnection@7ed56761::DecryptedEndPoint@592efdbc{l=/127.0.0.1:40197,r=/127.0.0.1:34016,OPEN,fill=-,flush=-,to=15/30000} filled 0 HeapByteBuffer@1b26ebdb[p=0,l=0,c=17408,r=0]={<<<>>>\x17\x03\x03\x06\x85G\xA5\xE1\x90...\x00\x00\x00\x00\x00\x00\x00}
02:56:42.376 [qtp782228073-61] DEBUG org.eclipse.jetty.server.HttpConnection - HttpConnection@7ed56761::DecryptedEndPoint@592efdbc{l=/127.0.0.1:40197,r=/127.0.0.1:34016,OPEN,fill=-,flush=-,to=15/30000} parse HeapByteBuffer@1b26ebdb[p=0,l=0,c=17408,r=0]={<<<>>>\x17\x03\x03\x06\x85G\xA5\xE1\x90...\x00\x00\x00\x00\x00\x00\x00} {}
02:56:42.376 [qtp782228073-61] DEBUG org.eclipse.jetty.http.HttpParser - parseNext s=START HeapByteBuffer@1b26ebdb[p=0,l=0,c=17408,r=0]={<<<>>>\x17\x03\x03\x06\x85G\xA5\xE1\x90...\x00\x00\x00\x00\x00\x00\x00}
02:56:42.376 [qtp782228073-61] DEBUG org.eclipse.jetty.server.HttpConnection - HttpConnection@7ed56761::DecryptedEndPoint@592efdbc{l=/127.0.0.1:40197,r=/127.0.0.1:34016,OPEN,fill=-,flush=-,to=15/30000} parsed false HttpParser{s=START,0 of -1}
02:56:42.376 [qtp782228073-61] DEBUG org.eclipse.jetty.server.HttpConnection - releaseRequestBuffer HttpConnection@7ed56761::DecryptedEndPoint@592efdbc{l=/127.0.0.1:40197,r=/127.0.0.1:34016,OPEN,fill=-,flush=-,to=15/30000}
02:56:42.376 [qtp782228073-61] DEBUG org.eclipse.jetty.io.AbstractConnection - fillInterested HttpConnection@7ed56761::DecryptedEndPoint@592efdbc{l=/127.0.0.1:40197,r=/127.0.0.1:34016,OPEN,fill=-,flush=-,to=15/30000}
02:56:42.376 [qtp782228073-61] DEBUG org.eclipse.jetty.io.FillInterest - interested FillInterest@78dcf170{AC.ReadCB@7ed56761{HttpConnection@7ed56761::DecryptedEndPoint@592efdbc{l=/127.0.0.1:40197,r=/127.0.0.1:34016,OPEN,fill=FI,flush=-,to=0/30000}}}
02:56:42.376 [qtp782228073-61] DEBUG org.eclipse.jetty.io.ssl.SslConnection - >needFillInterest s=IDLE/IDLE uf=true ei=null di=null SslConnection@30abb12::SocketChannelEndPoint@2adeabaf{l=/127.0.0.1:40197,r=/127.0.0.1:34016,OPEN,fill=-,flush=-,to=0/30000}{io=0/0,kio=0,kro=1}->SslConnection@30abb12{NEED_UNWRAP,eio=-1/-1,di=-1,fill=IDLE,flush=IDLE}~>DecryptedEndPoint@592efdbc{l=/127.0.0.1:40197,r=/127.0.0.1:34016,OPEN,fill=FI,flush=-,to=0/30000}=>HttpConnection@7ed56761[p=HttpParser{s=START,0 of -1},g=HttpGenerator@2d6765d2{s=START}]=>HttpChannelOverHttp@3e4a0e44{s=HttpChannelState@672ad0e{s=IDLE rs=BLOCKING os=OPEN is=IDLE awp=false se=false i=true al=0},r=0,c=false/false,a=IDLE,uri=null,age=0}
02:56:42.376 [qtp782228073-61] DEBUG org.eclipse.jetty.io.ssl.SslConnection - <needFillInterest s=IDLE/INTERESTED f=false i=true w=null
02:56:42.376 [qtp782228073-61] DEBUG org.eclipse.jetty.io.ssl.SslConnection - ensureFillInterested SslConnection@30abb12::SocketChannelEndPoint@2adeabaf{l=/127.0.0.1:40197,r=/127.0.0.1:34016,OPEN,fill=-,flush=-,to=0/30000}{io=0/0,kio=0,kro=1}->SslConnection@30abb12{NEED_UNWRAP,eio=-1/-1,di=-1,fill=INTERESTED,flush=IDLE}~>DecryptedEndPoint@592efdbc{l=/127.0.0.1:40197,r=/127.0.0.1:34016,OPEN,fill=FI,flush=-,to=0/30000}=>HttpConnection@7ed56761[p=HttpParser{s=START,0 of -1},g=HttpGenerator@2d6765d2{s=START}]=>HttpChannelOverHttp@3e4a0e44{s=HttpChannelState@672ad0e{s=IDLE rs=BLOCKING os=OPEN is=IDLE awp=false se=false i=true al=0},r=0,c=false/false,a=IDLE,uri=null,age=0}
02:56:42.376 [qtp782228073-61] DEBUG org.eclipse.jetty.io.FillInterest - interested FillInterest@73a2fd5c{SSLC.NBReadCB@30abb12{SslConnection@30abb12::SocketChannelEndPoint@2adeabaf{l=/127.0.0.1:40197,r=/127.0.0.1:34016,OPEN,fill=FI,flush=-,to=0/30000}{io=0/0,kio=0,kro=1}->SslConnection@30abb12{NEED_UNWRAP,eio=-1/-1,di=-1,fill=INTERESTED,flush=IDLE}~>DecryptedEndPoint@592efdbc{l=/127.0.0.1:40197,r=/127.0.0.1:34016,OPEN,fill=FI,flush=-,to=0/30000}=>HttpConnection@7ed56761[p=HttpParser{s=START,0 of -1},g=HttpGenerator@2d6765d2{s=START}]=>HttpChannelOverHttp@3e4a0e44{s=HttpChannelState@672ad0e{s=IDLE rs=BLOCKING os=OPEN is=IDLE awp=false se=false i=true al=0},r=0,c=false/false,a=IDLE,uri=null,age=0}}}
02:56:42.377 [qtp782228073-61] DEBUG org.eclipse.jetty.io.ChannelEndPoint - changeInterests p=false 0->1 for SocketChannelEndPoint@2adeabaf{l=/127.0.0.1:40197,r=/127.0.0.1:34016,OPEN,fill=FI,flush=-,to=0/30000}{io=0/1,kio=0,kro=1}->SslConnection@30abb12{NEED_UNWRAP,eio=-1/-1,di=-1,fill=INTERESTED,flush=IDLE}~>DecryptedEndPoint@592efdbc{l=/127.0.0.1:40197,r=/127.0.0.1:34016,OPEN,fill=FI,flush=-,to=0/30000}=>HttpConnection@7ed56761[p=HttpParser{s=START,0 of -1},g=HttpGenerator@2d6765d2{s=START}]=>HttpChannelOverHttp@3e4a0e44{s=HttpChannelState@672ad0e{s=IDLE rs=BLOCKING os=OPEN is=IDLE awp=false se=false i=true al=0},r=0,c=false/false,a=IDLE,uri=null,age=0}
02:56:42.377 [qtp782228073-61] DEBUG org.eclipse.jetty.io.ManagedSelector - Queued change lazy=false org.eclipse.jetty.io.ChannelEndPoint$$Lambda$255/899789472@25260a11 on ManagedSelector@56c698e3{STARTED} id=2 keys=2 selected=0 updates=0
02:56:42.377 [qtp782228073-61] DEBUG org.eclipse.jetty.io.ManagedSelector - Wakeup on submit ManagedSelector@56c698e3{STARTED} id=2 keys=2 selected=0 updates=1
02:56:42.377 [qtp782228073-61] DEBUG org.eclipse.jetty.server.HttpConnection - HttpConnection@7ed56761::DecryptedEndPoint@592efdbc{l=/127.0.0.1:40197,r=/127.0.0.1:34016,OPEN,fill=FI,flush=-,to=0/30000} onFillable exit HttpChannelState@672ad0e{s=IDLE rs=BLOCKING os=OPEN is=IDLE awp=false se=false i=true al=0} null
02:56:42.377 [qtp782228073-60] DEBUG org.eclipse.jetty.io.ManagedSelector - Selector sun.nio.ch.EPollSelectorImpl@154e726d woken with none selected
02:56:42.377 [qtp782228073-60] DEBUG org.eclipse.jetty.io.ManagedSelector - Selector sun.nio.ch.EPollSelectorImpl@154e726d woken up from select, 0/0/2 selected
02:56:42.377 [qtp782228073-60] DEBUG org.eclipse.jetty.io.ManagedSelector - Selector sun.nio.ch.EPollSelectorImpl@154e726d processing 0 keys, 1 updates
02:56:42.377 [qtp782228073-60] DEBUG org.eclipse.jetty.io.ManagedSelector - updateable 1
02:56:42.377 [qtp782228073-61] DEBUG org.eclipse.jetty.io.ssl.SslConnection - <c.onFillable SslConnection@30abb12::SocketChannelEndPoint@2adeabaf{l=/127.0.0.1:40197,r=/127.0.0.1:34016,OPEN,fill=FI,flush=-,to=0/30000}{io=0/1,kio=0,kro=1}->SslConnection@30abb12{NEED_UNWRAP,eio=-1/-1,di=-1,fill=INTERESTED,flush=IDLE}~>DecryptedEndPoint@592efdbc{l=/127.0.0.1:40197,r=/127.0.0.1:34016,OPEN,fill=FI,flush=-,to=0/30000}=>HttpConnection@7ed56761[p=HttpParser{s=START,0 of -1},g=HttpGenerator@2d6765d2{s=START}]=>HttpChannelOverHttp@3e4a0e44{s=HttpChannelState@672ad0e{s=IDLE rs=BLOCKING os=OPEN is=IDLE awp=false se=false i=true al=0},r=0,c=false/false,a=IDLE,uri=null,age=0}
02:56:42.377 [qtp782228073-60] DEBUG org.eclipse.jetty.io.ManagedSelector - update org.eclipse.jetty.io.ChannelEndPoint$$Lambda$255/899789472@25260a11
02:56:42.377 [qtp782228073-61] DEBUG org.eclipse.jetty.util.thread.ReservedThreadExecutor - ReservedThread@117a47b6{RUNNING,thread=Thread[qtp782228073-61,5,main]} was=RUNNING next=RESERVED size=0+2 capacity=8
02:56:42.377 [qtp782228073-61] DEBUG org.eclipse.jetty.util.thread.ReservedThreadExecutor - ReservedThread@117a47b6{RESERVED,thread=Thread[qtp782228073-61,5,main]} waiting ReservedThreadExecutor@47a5b70d{reserved=2/8,pending=0}
02:56:42.377 [qtp782228073-60] DEBUG org.eclipse.jetty.io.ChannelEndPoint - Key interests updated 0 -> 1 on SocketChannelEndPoint@2adeabaf{l=/127.0.0.1:40197,r=/127.0.0.1:34016,OPEN,fill=FI,flush=-,to=0/30000}{io=1/1,kio=1,kro=1}->SslConnection@30abb12{NEED_UNWRAP,eio=-1/-1,di=-1,fill=INTERESTED,flush=IDLE}~>DecryptedEndPoint@592efdbc{l=/127.0.0.1:40197,r=/127.0.0.1:34016,OPEN,fill=FI,flush=-,to=0/30000}=>HttpConnection@7ed56761[p=HttpParser{s=START,0 of -1},g=HttpGenerator@2d6765d2{s=START}]=>HttpChannelOverHttp@3e4a0e44{s=HttpChannelState@672ad0e{s=IDLE rs=BLOCKING os=OPEN is=IDLE awp=false se=false i=true al=0},r=0,c=false/false,a=IDLE,uri=null,age=0}
02:56:42.377 [qtp782228073-60] DEBUG org.eclipse.jetty.io.ManagedSelector - updates 0
02:56:42.377 [qtp782228073-60] DEBUG org.eclipse.jetty.io.ManagedSelector - Selector sun.nio.ch.EPollSelectorImpl@154e726d waiting with 2 keys
02:56:42.378 [qtp782228073-60] DEBUG org.eclipse.jetty.io.ManagedSelector - Selector sun.nio.ch.EPollSelectorImpl@154e726d woken up from select, 1/1/2 selected
02:56:42.378 [qtp782228073-60] DEBUG org.eclipse.jetty.io.ManagedSelector - Selector sun.nio.ch.EPollSelectorImpl@154e726d processing 1 keys, 0 updates
02:56:42.378 [qtp782228073-60] DEBUG org.eclipse.jetty.io.ManagedSelector - selected 1 sun.nio.ch.SelectionKeyImpl@600d9677 SocketChannelEndPoint@2adeabaf{l=/127.0.0.1:40197,r=/127.0.0.1:34016,OPEN,fill=FI,flush=-,to=1/30000}{io=1/1,kio=1,kro=1}->SslConnection@30abb12{NEED_UNWRAP,eio=-1/-1,di=-1,fill=INTERESTED,flush=IDLE}~>DecryptedEndPoint@592efdbc{l=/127.0.0.1:40197,r=/127.0.0.1:34016,OPEN,fill=FI,flush=-,to=1/30000}=>HttpConnection@7ed56761[p=HttpParser{s=START,0 of -1},g=HttpGenerator@2d6765d2{s=START}]=>HttpChannelOverHttp@3e4a0e44{s=HttpChannelState@672ad0e{s=IDLE rs=BLOCKING os=OPEN is=IDLE awp=false se=false i=true al=0},r=0,c=false/false,a=IDLE,uri=null,age=0} 
02:56:42.378 [qtp782228073-60] DEBUG org.eclipse.jetty.io.ChannelEndPoint - onSelected 1->0 r=true w=false for SocketChannelEndPoint@2adeabaf{l=/127.0.0.1:40197,r=/127.0.0.1:34016,OPEN,fill=FI,flush=-,to=1/30000}{io=1/0,kio=1,kro=1}->SslConnection@30abb12{NEED_UNWRAP,eio=-1/-1,di=-1,fill=INTERESTED,flush=IDLE}~>DecryptedEndPoint@592efdbc{l=/127.0.0.1:40197,r=/127.0.0.1:34016,OPEN,fill=FI,flush=-,to=2/30000}=>HttpConnection@7ed56761[p=HttpParser{s=START,0 of -1},g=HttpGenerator@2d6765d2{s=START}]=>HttpChannelOverHttp@3e4a0e44{s=HttpChannelState@672ad0e{s=IDLE rs=BLOCKING os=OPEN is=IDLE awp=false se=false i=true al=0},r=0,c=false/false,a=IDLE,uri=null,age=0}
02:56:42.378 [qtp782228073-60] DEBUG org.eclipse.jetty.io.ChannelEndPoint - task CEP:SocketChannelEndPoint@2adeabaf{l=/127.0.0.1:40197,r=/127.0.0.1:34016,OPEN,fill=FI,flush=-,to=1/30000}{io=1/0,kio=1,kro=1}->SslConnection@30abb12{NEED_UNWRAP,eio=-1/-1,di=-1,fill=INTERESTED,flush=IDLE}~>DecryptedEndPoint@592efdbc{l=/127.0.0.1:40197,r=/127.0.0.1:34016,OPEN,fill=FI,flush=-,to=2/30000}=>HttpConnection@7ed56761[p=HttpParser{s=START,0 of -1},g=HttpGenerator@2d6765d2{s=START}]=>HttpChannelOverHttp@3e4a0e44{s=HttpChannelState@672ad0e{s=IDLE rs=BLOCKING os=OPEN is=IDLE awp=false se=false i=true al=0},r=0,c=false/false,a=IDLE,uri=null,age=0}:runFillable:BLOCKING
02:56:42.379 [qtp782228073-60] DEBUG org.eclipse.jetty.util.thread.ReservedThreadExecutor - ReservedThreadExecutor@47a5b70d{reserved=2/8,pending=0} tryExecute EatWhatYouKill@5733f295/SelectorProducer@1c3146bc/PRODUCING/p=false/QueuedThreadPool[qtp782228073]@2e9fda69{STARTED,8<=8<=200,i=1,r=-1,q=0}[ReservedThreadExecutor@47a5b70d{reserved=2/8,pending=0}][pc=0,pic=0,pec=0,epc=4]@2024-05-02T02:56:42.379+01:00
02:56:42.379 [qtp782228073-60] DEBUG org.eclipse.jetty.util.thread.strategy.EatWhatYouKill - EatWhatYouKill@5733f295/SelectorProducer@1c3146bc/IDLE/p=true/QueuedThreadPool[qtp782228073]@2e9fda69{STARTED,8<=8<=200,i=1,r=-1,q=0}[ReservedThreadExecutor@47a5b70d{reserved=1/8,pending=0}][pc=0,pic=0,pec=0,epc=4]@2024-05-02T02:56:42.379+01:00 m=EXECUTE_PRODUCE_CONSUME t=CEP:SocketChannelEndPoint@2adeabaf{l=/127.0.0.1:40197,r=/127.0.0.1:34016,OPEN,fill=FI,flush=-,to=2/30000}{io=1/0,kio=1,kro=1}->SslConnection@30abb12{NEED_UNWRAP,eio=-1/-1,di=-1,fill=INTERESTED,flush=IDLE}~>DecryptedEndPoint@592efdbc{l=/127.0.0.1:40197,r=/127.0.0.1:34016,OPEN,fill=FI,flush=-,to=2/30000}=>HttpConnection@7ed56761[p=HttpParser{s=START,0 of -1},g=HttpGenerator@2d6765d2{s=START}]=>HttpChannelOverHttp@3e4a0e44{s=HttpChannelState@672ad0e{s=IDLE rs=BLOCKING os=OPEN is=IDLE awp=false se=false i=true al=0},r=0,c=false/false,a=IDLE,uri=null,age=0}:runFillable:BLOCKING/BLOCKING
02:56:42.379 [qtp782228073-60] DEBUG org.eclipse.jetty.io.FillInterest - fillable FillInterest@73a2fd5c{SSLC.NBReadCB@30abb12{SslConnection@30abb12::SocketChannelEndPoint@2adeabaf{l=/127.0.0.1:40197,r=/127.0.0.1:34016,OPEN,fill=FI,flush=-,to=2/30000}{io=1/0,kio=1,kro=1}->SslConnection@30abb12{NEED_UNWRAP,eio=-1/-1,di=-1,fill=INTERESTED,flush=IDLE}~>DecryptedEndPoint@592efdbc{l=/127.0.0.1:40197,r=/127.0.0.1:34016,OPEN,fill=FI,flush=-,to=2/30000}=>HttpConnection@7ed56761[p=HttpParser{s=START,0 of -1},g=HttpGenerator@2d6765d2{s=START}]=>HttpChannelOverHttp@3e4a0e44{s=HttpChannelState@672ad0e{s=IDLE rs=BLOCKING os=OPEN is=IDLE awp=false se=false i=true al=0},r=0,c=false/false,a=IDLE,uri=null,age=0}}}
02:56:42.379 [qtp782228073-60] DEBUG org.eclipse.jetty.io.ssl.SslConnection - >c.onFillable SslConnection@30abb12::SocketChannelEndPoint@2adeabaf{l=/127.0.0.1:40197,r=/127.0.0.1:34016,OPEN,fill=-,flush=-,to=2/30000}{io=1/0,kio=1,kro=1}->SslConnection@30abb12{NEED_UNWRAP,eio=-1/-1,di=-1,fill=INTERESTED,flush=IDLE}~>DecryptedEndPoint@592efdbc{l=/127.0.0.1:40197,r=/127.0.0.1:34016,OPEN,fill=FI,flush=-,to=2/30000}=>HttpConnection@7ed56761[p=HttpParser{s=START,0 of -1},g=HttpGenerator@2d6765d2{s=START}]=>HttpChannelOverHttp@3e4a0e44{s=HttpChannelState@672ad0e{s=IDLE rs=BLOCKING os=OPEN is=IDLE awp=false se=false i=true al=0},r=0,c=false/false,a=IDLE,uri=null,age=0}
02:56:42.379 [qtp782228073-60] DEBUG org.eclipse.jetty.io.ssl.SslConnection - onFillable SslConnection@30abb12::SocketChannelEndPoint@2adeabaf{l=/127.0.0.1:40197,r=/127.0.0.1:34016,OPEN,fill=-,flush=-,to=2/30000}{io=1/0,kio=1,kro=1}->SslConnection@30abb12{NEED_UNWRAP,eio=-1/-1,di=-1,fill=INTERESTED,flush=IDLE}~>DecryptedEndPoint@592efdbc{l=/127.0.0.1:40197,r=/127.0.0.1:34016,OPEN,fill=FI,flush=-,to=2/30000}=>HttpConnection@7ed56761[p=HttpParser{s=START,0 of -1},g=HttpGenerator@2d6765d2{s=START}]=>HttpChannelOverHttp@3e4a0e44{s=HttpChannelState@672ad0e{s=IDLE rs=BLOCKING os=OPEN is=IDLE awp=false se=false i=true al=0},r=0,c=false/false,a=IDLE,uri=null,age=0}
02:56:42.379 [qtp782228073-60] DEBUG org.eclipse.jetty.io.FillInterest - fillable FillInterest@78dcf170{AC.ReadCB@7ed56761{HttpConnection@7ed56761::DecryptedEndPoint@592efdbc{l=/127.0.0.1:40197,r=/127.0.0.1:34016,OPEN,fill=FI,flush=-,to=3/30000}}}
02:56:42.379 [qtp782228073-60] DEBUG org.eclipse.jetty.server.HttpConnection - HttpConnection@7ed56761::DecryptedEndPoint@592efdbc{l=/127.0.0.1:40197,r=/127.0.0.1:34016,OPEN,fill=-,flush=-,to=3/30000} onFillable enter HttpChannelState@672ad0e{s=IDLE rs=BLOCKING os=OPEN is=IDLE awp=false se=false i=true al=0} null
02:56:42.379 [qtp782228073-60] DEBUG org.eclipse.jetty.io.ssl.SslConnection - >fill SslConnection@30abb12::SocketChannelEndPoint@2adeabaf{l=/127.0.0.1:40197,r=/127.0.0.1:34016,OPEN,fill=-,flush=-,to=2/30000}{io=1/0,kio=1,kro=1}->SslConnection@30abb12{NEED_UNWRAP,eio=-1/-1,di=-1,fill=IDLE,flush=IDLE}~>DecryptedEndPoint@592efdbc{l=/127.0.0.1:40197,r=/127.0.0.1:34016,OPEN,fill=-,flush=-,to=3/30000}=>HttpConnection@7ed56761[p=HttpParser{s=START,0 of -1},g=HttpGenerator@2d6765d2{s=START}]=>HttpChannelOverHttp@3e4a0e44{s=HttpChannelState@672ad0e{s=IDLE rs=BLOCKING os=OPEN is=IDLE awp=false se=false i=true al=0},r=0,c=false/false,a=IDLE,uri=null,age=0}
02:56:42.379 [qtp782228073-60] DEBUG org.eclipse.jetty.io.ssl.SslConnection - fill NEED_UNWRAP
02:56:42.379 [qtp782228073-61] DEBUG org.eclipse.jetty.util.thread.ReservedThreadExecutor - ReservedThread@117a47b6{RESERVED,thread=Thread[qtp782228073-61,5,main]} task=EatWhatYouKill@5733f295/SelectorProducer@1c3146bc/IDLE/p=true/QueuedThreadPool[qtp782228073]@2e9fda69{STARTED,8<=8<=200,i=1,r=-1,q=0}[ReservedThreadExecutor@47a5b70d{reserved=1/8,pending=0}][pc=0,pic=0,pec=0,epc=5]@2024-05-02T02:56:42.379+01:00 ReservedThreadExecutor@47a5b70d{reserved=1/8,pending=0}
02:56:42.381 [qtp782228073-60] DEBUG org.eclipse.jetty.io.ChannelEndPoint - filled 6 HeapByteBuffer@7acd6f6f[p=0,l=6,c=17408,r=6]={<<<\x14\x03\x03\x00\x01\x01>>>S\x0bL\xB8\x05\x16\x9b\x8b\xBb...\x00\x00\x00\x00\x00\x00\x00}
02:56:42.381 [qtp782228073-60] DEBUG org.eclipse.jetty.io.ssl.SslConnection - net filled=6
02:56:42.381 [qtp782228073-60] DEBUG org.eclipse.jetty.io.ssl.SslConnection - unwrap net_filled=6 Status = OK HandshakeStatus = NEED_UNWRAP bytesConsumed = 6 bytesProduced = 0 encryptedBuffer=[p=6,l=6,c=17408,r=0] unwrapBuffer=HeapByteBuffer@740a9f9e[p=0,l=0,c=17408,r=0]={<<<>>>\x16\x03\x03\x01N\x01\x00\x01J...\x00\x00\x00\x00\x00\x00\x00} appBuffer=HeapByteBuffer@740a9f9e[p=0,l=0,c=17408,r=0]={<<<>>>\x16\x03\x03\x01N\x01\x00\x01J...\x00\x00\x00\x00\x00\x00\x00}
02:56:42.381 [qtp782228073-60] DEBUG org.eclipse.jetty.io.ssl.SslConnection - fill NEED_UNWRAP
02:56:42.381 [qtp782228073-60] DEBUG org.eclipse.jetty.io.ChannelEndPoint - filled 0 HeapByteBuffer@7acd6f6f[p=0,l=0,c=17408,r=0]={<<<>>>\x14\x03\x03\x00\x01\x01S\x0bL...\x00\x00\x00\x00\x00\x00\x00}
02:56:42.381 [qtp782228073-60] DEBUG org.eclipse.jetty.io.ssl.SslConnection - net filled=0
02:56:42.381 [qtp782228073-60] DEBUG org.eclipse.jetty.io.ssl.SslConnection - unwrap net_filled=0 Status = BUFFER_UNDERFLOW HandshakeStatus = NEED_UNWRAP bytesConsumed = 0 bytesProduced = 0 encryptedBuffer=[p=0,l=0,c=17408,r=0] unwrapBuffer=HeapByteBuffer@740a9f9e[p=0,l=0,c=17408,r=0]={<<<>>>\x16\x03\x03\x01N\x01\x00\x01J...\x00\x00\x00\x00\x00\x00\x00} appBuffer=HeapByteBuffer@740a9f9e[p=0,l=0,c=17408,r=0]={<<<>>>\x16\x03\x03\x01N\x01\x00\x01J...\x00\x00\x00\x00\x00\x00\x00}
02:56:42.381 [qtp782228073-60] DEBUG org.eclipse.jetty.io.ssl.SslConnection - <fill f=0 uf=true SslConnection@30abb12::SocketChannelEndPoint@2adeabaf{l=/127.0.0.1:40197,r=/127.0.0.1:34016,OPEN,fill=-,flush=-,to=0/30000}{io=1/0,kio=1,kro=1}->SslConnection@30abb12{NEED_UNWRAP,eio=-1/-1,di=-1,fill=IDLE,flush=IDLE}~>DecryptedEndPoint@592efdbc{l=/127.0.0.1:40197,r=/127.0.0.1:34016,OPEN,fill=-,flush=-,to=5/30000}=>HttpConnection@7ed56761[p=HttpParser{s=START,0 of -1},g=HttpGenerator@2d6765d2{s=START}]=>HttpChannelOverHttp@3e4a0e44{s=HttpChannelState@672ad0e{s=IDLE rs=BLOCKING os=OPEN is=IDLE awp=false se=false i=true al=0},r=0,c=false/false,a=IDLE,uri=null,age=0}
02:56:42.381 [qtp782228073-60] DEBUG org.eclipse.jetty.io.ssl.SslConnection - >fill SslConnection@30abb12::SocketChannelEndPoint@2adeabaf{l=/127.0.0.1:40197,r=/127.0.0.1:34016,OPEN,fill=-,flush=-,to=0/30000}{io=1/0,kio=1,kro=1}->SslConnection@30abb12{NEED_UNWRAP,eio=-1/-1,di=-1,fill=IDLE,flush=IDLE}~>DecryptedEndPoint@592efdbc{l=/127.0.0.1:40197,r=/127.0.0.1:34016,OPEN,fill=-,flush=-,to=5/30000}=>HttpConnection@7ed56761[p=HttpParser{s=START,0 of -1},g=HttpGenerator@2d6765d2{s=START}]=>HttpChannelOverHttp@3e4a0e44{s=HttpChannelState@672ad0e{s=IDLE rs=BLOCKING os=OPEN is=IDLE awp=false se=false i=true al=0},r=0,c=false/false,a=IDLE,uri=null,age=0}
02:56:42.381 [qtp782228073-60] DEBUG org.eclipse.jetty.io.ssl.SslConnection - fill NEED_UNWRAP
02:56:42.381 [qtp782228073-60] DEBUG org.eclipse.jetty.io.ChannelEndPoint - filled 0 HeapByteBuffer@1b26ebdb[p=0,l=0,c=17408,r=0]={<<<>>>\x17\x03\x03\x06\x85G\xA5\xE1\x90...\x00\x00\x00\x00\x00\x00\x00}
02:56:42.381 [qtp782228073-60] DEBUG org.eclipse.jetty.io.ssl.SslConnection - net filled=0
02:56:42.382 [qtp782228073-60] DEBUG org.eclipse.jetty.io.ssl.SslConnection - unwrap net_filled=0 Status = BUFFER_UNDERFLOW HandshakeStatus = NEED_UNWRAP bytesConsumed = 0 bytesProduced = 0 encryptedBuffer=[p=0,l=0,c=17408,r=0] unwrapBuffer=HeapByteBuffer@740a9f9e[p=0,l=0,c=17408,r=0]={<<<>>>\x16\x03\x03\x01N\x01\x00\x01J...\x00\x00\x00\x00\x00\x00\x00} appBuffer=HeapByteBuffer@740a9f9e[p=0,l=0,c=17408,r=0]={<<<>>>\x16\x03\x03\x01N\x01\x00\x01J...\x00\x00\x00\x00\x00\x00\x00}
02:56:42.382 [qtp782228073-60] DEBUG org.eclipse.jetty.io.ssl.SslConnection - <fill f=0 uf=true SslConnection@30abb12::SocketChannelEndPoint@2adeabaf{l=/127.0.0.1:40197,r=/127.0.0.1:34016,OPEN,fill=-,flush=-,to=0/30000}{io=1/0,kio=1,kro=1}->SslConnection@30abb12{NEED_UNWRAP,eio=-1/-1,di=-1,fill=IDLE,flush=IDLE}~>DecryptedEndPoint@592efdbc{l=/127.0.0.1:40197,r=/127.0.0.1:34016,OPEN,fill=-,flush=-,to=5/30000}=>HttpConnection@7ed56761[p=HttpParser{s=START,0 of -1},g=HttpGenerator@2d6765d2{s=START}]=>HttpChannelOverHttp@3e4a0e44{s=HttpChannelState@672ad0e{s=IDLE rs=BLOCKING os=OPEN is=IDLE awp=false se=false i=true al=0},r=0,c=false/false,a=IDLE,uri=null,age=0}
02:56:42.382 [qtp782228073-60] DEBUG org.eclipse.jetty.server.HttpConnection - HttpConnection@7ed56761::DecryptedEndPoint@592efdbc{l=/127.0.0.1:40197,r=/127.0.0.1:34016,OPEN,fill=-,flush=-,to=5/30000} filled 0 HeapByteBuffer@740a9f9e[p=0,l=0,c=17408,r=0]={<<<>>>\x16\x03\x03\x01N\x01\x00\x01J...\x00\x00\x00\x00\x00\x00\x00}
02:56:42.382 [qtp782228073-60] DEBUG org.eclipse.jetty.server.HttpConnection - HttpConnection@7ed56761::DecryptedEndPoint@592efdbc{l=/127.0.0.1:40197,r=/127.0.0.1:34016,OPEN,fill=-,flush=-,to=5/30000} parse HeapByteBuffer@740a9f9e[p=0,l=0,c=17408,r=0]={<<<>>>\x16\x03\x03\x01N\x01\x00\x01J...\x00\x00\x00\x00\x00\x00\x00} {}
02:56:42.382 [qtp782228073-60] DEBUG org.eclipse.jetty.http.HttpParser - parseNext s=START HeapByteBuffer@740a9f9e[p=0,l=0,c=17408,r=0]={<<<>>>\x16\x03\x03\x01N\x01\x00\x01J...\x00\x00\x00\x00\x00\x00\x00}
02:56:42.382 [qtp782228073-60] DEBUG org.eclipse.jetty.server.HttpConnection - HttpConnection@7ed56761::DecryptedEndPoint@592efdbc{l=/127.0.0.1:40197,r=/127.0.0.1:34016,OPEN,fill=-,flush=-,to=5/30000} parsed false HttpParser{s=START,0 of -1}
02:56:42.382 [qtp782228073-60] DEBUG org.eclipse.jetty.server.HttpConnection - releaseRequestBuffer HttpConnection@7ed56761::DecryptedEndPoint@592efdbc{l=/127.0.0.1:40197,r=/127.0.0.1:34016,OPEN,fill=-,flush=-,to=5/30000}
02:56:42.382 [qtp782228073-60] DEBUG org.eclipse.jetty.io.AbstractConnection - fillInterested HttpConnection@7ed56761::DecryptedEndPoint@592efdbc{l=/127.0.0.1:40197,r=/127.0.0.1:34016,OPEN,fill=-,flush=-,to=5/30000}
02:56:42.382 [qtp782228073-60] DEBUG org.eclipse.jetty.io.FillInterest - interested FillInterest@78dcf170{AC.ReadCB@7ed56761{HttpConnection@7ed56761::DecryptedEndPoint@592efdbc{l=/127.0.0.1:40197,r=/127.0.0.1:34016,OPEN,fill=FI,flush=-,to=0/30000}}}
02:56:42.382 [qtp782228073-60] DEBUG org.eclipse.jetty.io.ssl.SslConnection - >needFillInterest s=IDLE/IDLE uf=true ei=null di=null SslConnection@30abb12::SocketChannelEndPoint@2adeabaf{l=/127.0.0.1:40197,r=/127.0.0.1:34016,OPEN,fill=-,flush=-,to=1/30000}{io=1/0,kio=1,kro=1}->SslConnection@30abb12{NEED_UNWRAP,eio=-1/-1,di=-1,fill=IDLE,flush=IDLE}~>DecryptedEndPoint@592efdbc{l=/127.0.0.1:40197,r=/127.0.0.1:34016,OPEN,fill=FI,flush=-,to=0/30000}=>HttpConnection@7ed56761[p=HttpParser{s=START,0 of -1},g=HttpGenerator@2d6765d2{s=START}]=>HttpChannelOverHttp@3e4a0e44{s=HttpChannelState@672ad0e{s=IDLE rs=BLOCKING os=OPEN is=IDLE awp=false se=false i=true al=0},r=0,c=false/false,a=IDLE,uri=null,age=0}
02:56:42.382 [qtp782228073-60] DEBUG org.eclipse.jetty.io.ssl.SslConnection - <needFillInterest s=IDLE/INTERESTED f=false i=true w=null
02:56:42.382 [qtp782228073-60] DEBUG org.eclipse.jetty.io.ssl.SslConnection - ensureFillInterested SslConnection@30abb12::SocketChannelEndPoint@2adeabaf{l=/127.0.0.1:40197,r=/127.0.0.1:34016,OPEN,fill=-,flush=-,to=1/30000}{io=1/0,kio=1,kro=1}->SslConnection@30abb12{NEED_UNWRAP,eio=-1/-1,di=-1,fill=INTERESTED,flush=IDLE}~>DecryptedEndPoint@592efdbc{l=/127.0.0.1:40197,r=/127.0.0.1:34016,OPEN,fill=FI,flush=-,to=0/30000}=>HttpConnection@7ed56761[p=HttpParser{s=START,0 of -1},g=HttpGenerator@2d6765d2{s=START}]=>HttpChannelOverHttp@3e4a0e44{s=HttpChannelState@672ad0e{s=IDLE rs=BLOCKING os=OPEN is=IDLE awp=false se=false i=true al=0},r=0,c=false/false,a=IDLE,uri=null,age=0}
02:56:42.382 [qtp782228073-60] DEBUG org.eclipse.jetty.io.FillInterest - interested FillInterest@73a2fd5c{SSLC.NBReadCB@30abb12{SslConnection@30abb12::SocketChannelEndPoint@2adeabaf{l=/127.0.0.1:40197,r=/127.0.0.1:34016,OPEN,fill=FI,flush=-,to=0/30000}{io=1/0,kio=1,kro=1}->SslConnection@30abb12{NEED_UNWRAP,eio=-1/-1,di=-1,fill=INTERESTED,flush=IDLE}~>DecryptedEndPoint@592efdbc{l=/127.0.0.1:40197,r=/127.0.0.1:34016,OPEN,fill=FI,flush=-,to=0/30000}=>HttpConnection@7ed56761[p=HttpParser{s=START,0 of -1},g=HttpGenerator@2d6765d2{s=START}]=>HttpChannelOverHttp@3e4a0e44{s=HttpChannelState@672ad0e{s=IDLE rs=BLOCKING os=OPEN is=IDLE awp=false se=false i=true al=0},r=0,c=false/false,a=IDLE,uri=null,age=0}}}
02:56:42.382 [qtp782228073-60] DEBUG org.eclipse.jetty.io.ChannelEndPoint - changeInterests p=true 0->1 for SocketChannelEndPoint@2adeabaf{l=/127.0.0.1:40197,r=/127.0.0.1:34016,OPEN,fill=FI,flush=-,to=0/30000}{io=1/1,kio=1,kro=1}->SslConnection@30abb12{NEED_UNWRAP,eio=-1/-1,di=-1,fill=INTERESTED,flush=IDLE}~>DecryptedEndPoint@592efdbc{l=/127.0.0.1:40197,r=/127.0.0.1:34016,OPEN,fill=FI,flush=-,to=0/30000}=>HttpConnection@7ed56761[p=HttpParser{s=START,0 of -1},g=HttpGenerator@2d6765d2{s=START}]=>HttpChannelOverHttp@3e4a0e44{s=HttpChannelState@672ad0e{s=IDLE rs=BLOCKING os=OPEN is=IDLE awp=false se=false i=true al=0},r=0,c=false/false,a=IDLE,uri=null,age=0}
02:56:42.382 [qtp782228073-60] DEBUG org.eclipse.jetty.server.HttpConnection - HttpConnection@7ed56761::DecryptedEndPoint@592efdbc{l=/127.0.0.1:40197,r=/127.0.0.1:34016,OPEN,fill=FI,flush=-,to=0/30000} onFillable exit HttpChannelState@672ad0e{s=IDLE rs=BLOCKING os=OPEN is=IDLE awp=false se=false i=true al=0} null
02:56:42.382 [qtp782228073-60] DEBUG org.eclipse.jetty.io.ssl.SslConnection - <c.onFillable SslConnection@30abb12::SocketChannelEndPoint@2adeabaf{l=/127.0.0.1:40197,r=/127.0.0.1:34016,OPEN,fill=FI,flush=-,to=0/30000}{io=1/1,kio=1,kro=1}->SslConnection@30abb12{NEED_UNWRAP,eio=-1/-1,di=-1,fill=INTERESTED,flush=IDLE}~>DecryptedEndPoint@592efdbc{l=/127.0.0.1:40197,r=/127.0.0.1:34016,OPEN,fill=FI,flush=-,to=0/30000}=>HttpConnection@7ed56761[p=HttpParser{s=START,0 of -1},g=HttpGenerator@2d6765d2{s=START}]=>HttpChannelOverHttp@3e4a0e44{s=HttpChannelState@672ad0e{s=IDLE rs=BLOCKING os=OPEN is=IDLE awp=false se=false i=true al=0},r=0,c=false/false,a=IDLE,uri=null,age=0}
02:56:42.383 [qtp782228073-60] DEBUG org.eclipse.jetty.io.ManagedSelector - updateable 0
02:56:42.383 [qtp782228073-60] DEBUG org.eclipse.jetty.io.ManagedSelector - updates 0
02:56:42.383 [qtp782228073-60] DEBUG org.eclipse.jetty.io.ChannelEndPoint - Key interests updated 1 -> 1 on SocketChannelEndPoint@2adeabaf{l=/127.0.0.1:40197,r=/127.0.0.1:34016,OPEN,fill=FI,flush=-,to=0/30000}{io=1/1,kio=1,kro=1}->SslConnection@30abb12{NEED_UNWRAP,eio=-1/-1,di=-1,fill=INTERESTED,flush=IDLE}~>DecryptedEndPoint@592efdbc{l=/127.0.0.1:40197,r=/127.0.0.1:34016,OPEN,fill=FI,flush=-,to=0/30000}=>HttpConnection@7ed56761[p=HttpParser{s=START,0 of -1},g=HttpGenerator@2d6765d2{s=START}]=>HttpChannelOverHttp@3e4a0e44{s=HttpChannelState@672ad0e{s=IDLE rs=BLOCKING os=OPEN is=IDLE awp=false se=false i=true al=0},r=0,c=false/false,a=IDLE,uri=null,age=0}
02:56:42.383 [qtp782228073-60] DEBUG org.eclipse.jetty.io.ManagedSelector - Selector sun.nio.ch.EPollSelectorImpl@154e726d waiting with 2 keys
02:56:42.383 [qtp782228073-61] DEBUG org.eclipse.jetty.util.thread.strategy.EatWhatYouKill - EatWhatYouKill@5733f295/SelectorProducer@1c3146bc/IDLE/p=true/QueuedThreadPool[qtp782228073]@2e9fda69{STARTED,8<=8<=200,i=1,r=-1,q=0}[ReservedThreadExecutor@47a5b70d{reserved=1/8,pending=0}][pc=0,pic=0,pec=0,epc=5]@2024-05-02T02:56:42.381+01:00 tryProduce true
02:56:42.383 [qtp782228073-61] DEBUG org.eclipse.jetty.util.thread.ReservedThreadExecutor - ReservedThread@117a47b6{RUNNING,thread=Thread[qtp782228073-61,5,main]} was=RUNNING next=RESERVED size=0+2 capacity=8
02:56:42.383 [qtp782228073-61] DEBUG org.eclipse.jetty.util.thread.ReservedThreadExecutor - ReservedThread@117a47b6{RESERVED,thread=Thread[qtp782228073-61,5,main]} waiting ReservedThreadExecutor@47a5b70d{reserved=2/8,pending=0}
02:56:42.421 [qtp782228073-60] DEBUG org.eclipse.jetty.io.ManagedSelector - Selector sun.nio.ch.EPollSelectorImpl@154e726d woken up from select, 1/1/2 selected
02:56:42.421 [qtp782228073-60] DEBUG org.eclipse.jetty.io.ManagedSelector - Selector sun.nio.ch.EPollSelectorImpl@154e726d processing 1 keys, 0 updates
02:56:42.421 [qtp782228073-60] DEBUG org.eclipse.jetty.io.ManagedSelector - selected 1 sun.nio.ch.SelectionKeyImpl@600d9677 SocketChannelEndPoint@2adeabaf{l=/127.0.0.1:40197,r=/127.0.0.1:34016,OPEN,fill=FI,flush=-,to=38/30000}{io=1/1,kio=1,kro=1}->SslConnection@30abb12{NEED_UNWRAP,eio=-1/-1,di=-1,fill=INTERESTED,flush=IDLE}~>DecryptedEndPoint@592efdbc{l=/127.0.0.1:40197,r=/127.0.0.1:34016,OPEN,fill=FI,flush=-,to=38/30000}=>HttpConnection@7ed56761[p=HttpParser{s=START,0 of -1},g=HttpGenerator@2d6765d2{s=START}]=>HttpChannelOverHttp@3e4a0e44{s=HttpChannelState@672ad0e{s=IDLE rs=BLOCKING os=OPEN is=IDLE awp=false se=false i=true al=0},r=0,c=false/false,a=IDLE,uri=null,age=0} 
02:56:42.421 [qtp782228073-60] DEBUG org.eclipse.jetty.io.ChannelEndPoint - onSelected 1->0 r=true w=false for SocketChannelEndPoint@2adeabaf{l=/127.0.0.1:40197,r=/127.0.0.1:34016,OPEN,fill=FI,flush=-,to=38/30000}{io=1/0,kio=1,kro=1}->SslConnection@30abb12{NEED_UNWRAP,eio=-1/-1,di=-1,fill=INTERESTED,flush=IDLE}~>DecryptedEndPoint@592efdbc{l=/127.0.0.1:40197,r=/127.0.0.1:34016,OPEN,fill=FI,flush=-,to=39/30000}=>HttpConnection@7ed56761[p=HttpParser{s=START,0 of -1},g=HttpGenerator@2d6765d2{s=START}]=>HttpChannelOverHttp@3e4a0e44{s=HttpChannelState@672ad0e{s=IDLE rs=BLOCKING os=OPEN is=IDLE awp=false se=false i=true al=0},r=0,c=false/false,a=IDLE,uri=null,age=0}
02:56:42.421 [qtp782228073-60] DEBUG org.eclipse.jetty.io.ChannelEndPoint - task CEP:SocketChannelEndPoint@2adeabaf{l=/127.0.0.1:40197,r=/127.0.0.1:34016,OPEN,fill=FI,flush=-,to=38/30000}{io=1/0,kio=1,kro=1}->SslConnection@30abb12{NEED_UNWRAP,eio=-1/-1,di=-1,fill=INTERESTED,flush=IDLE}~>DecryptedEndPoint@592efdbc{l=/127.0.0.1:40197,r=/127.0.0.1:34016,OPEN,fill=FI,flush=-,to=39/30000}=>HttpConnection@7ed56761[p=HttpParser{s=START,0 of -1},g=HttpGenerator@2d6765d2{s=START}]=>HttpChannelOverHttp@3e4a0e44{s=HttpChannelState@672ad0e{s=IDLE rs=BLOCKING os=OPEN is=IDLE awp=false se=false i=true al=0},r=0,c=false/false,a=IDLE,uri=null,age=0}:runFillable:BLOCKING
02:56:42.421 [qtp782228073-60] DEBUG org.eclipse.jetty.util.thread.ReservedThreadExecutor - ReservedThreadExecutor@47a5b70d{reserved=2/8,pending=0} tryExecute EatWhatYouKill@5733f295/SelectorProducer@1c3146bc/REPRODUCING/p=false/QueuedThreadPool[qtp782228073]@2e9fda69{STARTED,8<=8<=200,i=1,r=-1,q=0}[ReservedThreadExecutor@47a5b70d{reserved=2/8,pending=0}][pc=0,pic=0,pec=0,epc=5]@2024-05-02T02:56:42.421+01:00
02:56:42.421 [qtp782228073-60] DEBUG org.eclipse.jetty.util.thread.strategy.EatWhatYouKill - EatWhatYouKill@5733f295/SelectorProducer@1c3146bc/IDLE/p=true/QueuedThreadPool[qtp782228073]@2e9fda69{STARTED,8<=8<=200,i=1,r=-1,q=0}[ReservedThreadExecutor@47a5b70d{reserved=1/8,pending=0}][pc=0,pic=0,pec=0,epc=5]@2024-05-02T02:56:42.421+01:00 m=EXECUTE_PRODUCE_CONSUME t=CEP:SocketChannelEndPoint@2adeabaf{l=/127.0.0.1:40197,r=/127.0.0.1:34016,OPEN,fill=FI,flush=-,to=39/30000}{io=1/0,kio=1,kro=1}->SslConnection@30abb12{NEED_UNWRAP,eio=-1/-1,di=-1,fill=INTERESTED,flush=IDLE}~>DecryptedEndPoint@592efdbc{l=/127.0.0.1:40197,r=/127.0.0.1:34016,OPEN,fill=FI,flush=-,to=39/30000}=>HttpConnection@7ed56761[p=HttpParser{s=START,0 of -1},g=HttpGenerator@2d6765d2{s=START}]=>HttpChannelOverHttp@3e4a0e44{s=HttpChannelState@672ad0e{s=IDLE rs=BLOCKING os=OPEN is=IDLE awp=false se=false i=true al=0},r=0,c=false/false,a=IDLE,uri=null,age=0}:runFillable:BLOCKING/BLOCKING
02:56:42.421 [qtp782228073-61] DEBUG org.eclipse.jetty.util.thread.ReservedThreadExecutor - ReservedThread@117a47b6{RESERVED,thread=Thread[qtp782228073-61,5,main]} task=EatWhatYouKill@5733f295/SelectorProducer@1c3146bc/IDLE/p=true/QueuedThreadPool[qtp782228073]@2e9fda69{STARTED,8<=8<=200,i=1,r=-1,q=0}[ReservedThreadExecutor@47a5b70d{reserved=1/8,pending=0}][pc=0,pic=0,pec=0,epc=5]@2024-05-02T02:56:42.421+01:00 ReservedThreadExecutor@47a5b70d{reserved=1/8,pending=0}
02:56:42.422 [qtp782228073-60] DEBUG org.eclipse.jetty.io.FillInterest - fillable FillInterest@73a2fd5c{SSLC.NBReadCB@30abb12{SslConnection@30abb12::SocketChannelEndPoint@2adeabaf{l=/127.0.0.1:40197,r=/127.0.0.1:34016,OPEN,fill=FI,flush=-,to=39/30000}{io=1/0,kio=1,kro=1}->SslConnection@30abb12{NEED_UNWRAP,eio=-1/-1,di=-1,fill=INTERESTED,flush=IDLE}~>DecryptedEndPoint@592efdbc{l=/127.0.0.1:40197,r=/127.0.0.1:34016,OPEN,fill=FI,flush=-,to=39/30000}=>HttpConnection@7ed56761[p=HttpParser{s=START,0 of -1},g=HttpGenerator@2d6765d2{s=START}]=>HttpChannelOverHttp@3e4a0e44{s=HttpChannelState@672ad0e{s=IDLE rs=BLOCKING os=OPEN is=IDLE awp=false se=false i=true al=0},r=0,c=false/false,a=IDLE,uri=null,age=0}}}
02:56:42.422 [qtp782228073-61] DEBUG org.eclipse.jetty.util.thread.strategy.EatWhatYouKill - EatWhatYouKill@5733f295/SelectorProducer@1c3146bc/IDLE/p=true/QueuedThreadPool[qtp782228073]@2e9fda69{STARTED,8<=8<=200,i=1,r=-1,q=0}[ReservedThreadExecutor@47a5b70d{reserved=1/8,pending=0}][pc=0,pic=0,pec=0,epc=6]@2024-05-02T02:56:42.422+01:00 tryProduce true
02:56:42.422 [qtp782228073-61] DEBUG org.eclipse.jetty.io.ManagedSelector - updateable 0
02:56:42.422 [qtp782228073-60] DEBUG org.eclipse.jetty.io.ssl.SslConnection - >c.onFillable SslConnection@30abb12::SocketChannelEndPoint@2adeabaf{l=/127.0.0.1:40197,r=/127.0.0.1:34016,OPEN,fill=-,flush=-,to=39/30000}{io=1/0,kio=1,kro=1}->SslConnection@30abb12{NEED_UNWRAP,eio=-1/-1,di=-1,fill=INTERESTED,flush=IDLE}~>DecryptedEndPoint@592efdbc{l=/127.0.0.1:40197,r=/127.0.0.1:34016,OPEN,fill=FI,flush=-,to=39/30000}=>HttpConnection@7ed56761[p=HttpParser{s=START,0 of -1},g=HttpGenerator@2d6765d2{s=START}]=>HttpChannelOverHttp@3e4a0e44{s=HttpChannelState@672ad0e{s=IDLE rs=BLOCKING os=OPEN is=IDLE awp=false se=false i=true al=0},r=0,c=false/false,a=IDLE,uri=null,age=0}
02:56:42.422 [qtp782228073-61] DEBUG org.eclipse.jetty.io.ManagedSelector - updates 0
02:56:42.422 [qtp782228073-60] DEBUG org.eclipse.jetty.io.ssl.SslConnection - onFillable SslConnection@30abb12::SocketChannelEndPoint@2adeabaf{l=/127.0.0.1:40197,r=/127.0.0.1:34016,OPEN,fill=-,flush=-,to=39/30000}{io=0/0,kio=0,kro=1}->SslConnection@30abb12{NEED_UNWRAP,eio=-1/-1,di=-1,fill=INTERESTED,flush=IDLE}~>DecryptedEndPoint@592efdbc{l=/127.0.0.1:40197,r=/127.0.0.1:34016,OPEN,fill=FI,flush=-,to=39/30000}=>HttpConnection@7ed56761[p=HttpParser{s=START,0 of -1},g=HttpGenerator@2d6765d2{s=START}]=>HttpChannelOverHttp@3e4a0e44{s=HttpChannelState@672ad0e{s=IDLE rs=BLOCKING os=OPEN is=IDLE awp=false se=false i=true al=0},r=0,c=false/false,a=IDLE,uri=null,age=0}
02:56:42.422 [qtp782228073-61] DEBUG org.eclipse.jetty.io.ChannelEndPoint - Key interests updated 1 -> 0 on SocketChannelEndPoint@2adeabaf{l=/127.0.0.1:40197,r=/127.0.0.1:34016,OPEN,fill=-,flush=-,to=39/30000}{io=0/0,kio=0,kro=1}->SslConnection@30abb12{NEED_UNWRAP,eio=-1/-1,di=-1,fill=INTERESTED,flush=IDLE}~>DecryptedEndPoint@592efdbc{l=/127.0.0.1:40197,r=/127.0.0.1:34016,OPEN,fill=FI,flush=-,to=39/30000}=>HttpConnection@7ed56761[p=HttpParser{s=START,0 of -1},g=HttpGenerator@2d6765d2{s=START}]=>HttpChannelOverHttp@3e4a0e44{s=HttpChannelState@672ad0e{s=IDLE rs=BLOCKING os=OPEN is=IDLE awp=false se=false i=true al=0},r=0,c=false/false,a=IDLE,uri=null,age=0}
02:56:42.422 [qtp782228073-61] DEBUG org.eclipse.jetty.io.ManagedSelector - Selector sun.nio.ch.EPollSelectorImpl@154e726d waiting with 2 keys
02:56:42.422 [qtp782228073-60] DEBUG org.eclipse.jetty.io.FillInterest - fillable FillInterest@78dcf170{AC.ReadCB@7ed56761{HttpConnection@7ed56761::DecryptedEndPoint@592efdbc{l=/127.0.0.1:40197,r=/127.0.0.1:34016,OPEN,fill=FI,flush=-,to=39/30000}}}
02:56:42.422 [qtp782228073-60] DEBUG org.eclipse.jetty.server.HttpConnection - HttpConnection@7ed56761::DecryptedEndPoint@592efdbc{l=/127.0.0.1:40197,r=/127.0.0.1:34016,OPEN,fill=-,flush=-,to=39/30000} onFillable enter HttpChannelState@672ad0e{s=IDLE rs=BLOCKING os=OPEN is=IDLE awp=false se=false i=true al=0} null
02:56:42.422 [qtp782228073-60] DEBUG org.eclipse.jetty.io.ssl.SslConnection - >fill SslConnection@30abb12::SocketChannelEndPoint@2adeabaf{l=/127.0.0.1:40197,r=/127.0.0.1:34016,OPEN,fill=-,flush=-,to=39/30000}{io=0/0,kio=0,kro=1}->SslConnection@30abb12{NEED_UNWRAP,eio=-1/-1,di=-1,fill=IDLE,flush=IDLE}~>DecryptedEndPoint@592efdbc{l=/127.0.0.1:40197,r=/127.0.0.1:34016,OPEN,fill=-,flush=-,to=40/30000}=>HttpConnection@7ed56761[p=HttpParser{s=START,0 of -1},g=HttpGenerator@2d6765d2{s=START}]=>HttpChannelOverHttp@3e4a0e44{s=HttpChannelState@672ad0e{s=IDLE rs=BLOCKING os=OPEN is=IDLE awp=false se=false i=true al=0},r=0,c=false/false,a=IDLE,uri=null,age=0}
02:56:42.422 [qtp782228073-60] DEBUG org.eclipse.jetty.io.ssl.SslConnection - fill NEED_UNWRAP
02:56:42.422 [qtp782228073-60] DEBUG org.eclipse.jetty.io.ChannelEndPoint - filled 1491 HeapByteBuffer@1b26ebdb[p=0,l=1491,c=17408,r=1491]={<<<\x17\x03\x03\x03\xAd\xAc\x92\xA2O\xEcp\x1e8Y\xE34\xF2,\x02\xE6\x90\xB1\xBdP'...\xB1\xFe\x82r\x173v\x9e\xBc\xBd\xEeiV\x86V\t\xD8\x06\x83\xE50\xD4\xDd>>>\x03}\x85N%\xF4\x12\x9fZ...\x00\x00\x00\x00\x00\x00\x00}
02:56:42.422 [qtp782228073-60] DEBUG org.eclipse.jetty.io.ssl.SslConnection - net filled=1491
02:56:42.422 [qtp782228073-60] DEBUG org.eclipse.jetty.io.ssl.SslConnection - unwrap net_filled=1491 Status = OK HandshakeStatus = NEED_TASK bytesConsumed = 946 bytesProduced = 0 encryptedBuffer=[p=946,l=1491,c=17408,r=545] unwrapBuffer=HeapByteBuffer@7acd6f6f[p=0,l=0,c=17408,r=0]={<<<>>>\x14\x03\x03\x00\x01\x01S\x0bL...\x00\x00\x00\x00\x00\x00\x00} appBuffer=HeapByteBuffer@7acd6f6f[p=0,l=0,c=17408,r=0]={<<<>>>\x14\x03\x03\x00\x01\x01S\x0bL...\x00\x00\x00\x00\x00\x00\x00}
02:56:42.422 [qtp782228073-60] DEBUG org.eclipse.jetty.io.ssl.SslConnection - fill NEED_TASK
02:56:42.423 [qtp782228073-60] DEBUG org.eclipse.jetty.io.ssl.SslConnection - fill NEED_UNWRAP
02:56:42.423 [qtp782228073-60] DEBUG org.eclipse.jetty.io.ChannelEndPoint - filled 0 HeapByteBuffer@1b26ebdb[p=946,l=1491,c=17408,r=545]={\x17\x03\x03\x03\xAd\x0b\x00\x03\x88...\xB7\xE4\x83\xA3\x91\xB6\x89<<<\x17\x03\x03\x01)!\xCc\x80\xC8\xD4d\x86\x83 \x1fw\x8f}\x9e$G?\xE7\xE5\xBc...\xB1\xFe\x82r\x173v\x9e\xBc\xBd\xEeiV\x86V\t\xD8\x06\x83\xE50\xD4\xDd>>>\x03}\x85N%\xF4\x12\x9fZ...\x00\x00\x00\x00\x00\x00\x00}
02:56:42.423 [qtp782228073-60] DEBUG org.eclipse.jetty.io.ssl.SslConnection - net filled=0
02:56:42.423 [qtp782228073-60] DEBUG org.eclipse.jetty.io.ssl.SslConnection - unwrap net_filled=0 Status = OK HandshakeStatus = NEED_TASK bytesConsumed = 302 bytesProduced = 0 encryptedBuffer=[p=1248,l=1491,c=17408,r=243] unwrapBuffer=HeapByteBuffer@7acd6f6f[p=0,l=0,c=17408,r=0]={<<<>>>\x14\x03\x03\x00\x01\x01S\x0bL...\x00\x00\x00\x00\x00\x00\x00} appBuffer=HeapByteBuffer@7acd6f6f[p=0,l=0,c=17408,r=0]={<<<>>>\x14\x03\x03\x00\x01\x01S\x0bL...\x00\x00\x00\x00\x00\x00\x00}
02:56:42.423 [qtp782228073-60] DEBUG org.eclipse.jetty.io.ssl.SslConnection - fill NEED_TASK
02:56:42.423 [qtp782228073-60] DEBUG org.eclipse.jetty.io.ssl.SslConnection - fill NEED_UNWRAP
02:56:42.423 [qtp782228073-60] DEBUG org.eclipse.jetty.io.ChannelEndPoint - filled 0 HeapByteBuffer@1b26ebdb[p=1248,l=1491,c=17408,r=243]={\x17\x03\x03\x03\xAd\x0b\x00\x03\x88...@\xDfn6\xAd?\xC0<<<\x17\x03\x03\x00US6\xE1-\xB5\x9d\xB2:\xAd\xB8\xA7Z\xA1\xF3<\xF6\xBe,U4...\xB1\xFe\x82r\x173v\x9e\xBc\xBd\xEeiV\x86V\t\xD8\x06\x83\xE50\xD4\xDd>>>\x03}\x85N%\xF4\x12\x9fZ...\x00\x00\x00\x00\x00\x00\x00}
02:56:42.423 [qtp782228073-60] DEBUG org.eclipse.jetty.io.ssl.SslConnection - net filled=0
02:56:42.424 [qtp782228073-60] DEBUG org.eclipse.jetty.io.ssl.SslConnection - unwrap net_filled=0 Status = OK HandshakeStatus = NEED_WRAP bytesConsumed = 90 bytesProduced = 0 encryptedBuffer=[p=1338,l=1491,c=17408,r=153] unwrapBuffer=HeapByteBuffer@7acd6f6f[p=0,l=0,c=17408,r=0]={<<<>>>\x14\x03\x03\x00\x01\x01S\x0bL...\x00\x00\x00\x00\x00\x00\x00} appBuffer=HeapByteBuffer@7acd6f6f[p=0,l=0,c=17408,r=0]={<<<>>>\x14\x03\x03\x00\x01\x01S\x0bL...\x00\x00\x00\x00\x00\x00\x00}
02:56:42.424 [qtp782228073-60] DEBUG org.eclipse.jetty.io.ssl.SslConnection - fill NEED_WRAP
02:56:42.424 [qtp782228073-60] DEBUG org.eclipse.jetty.io.ssl.SslConnection - >flush SslConnection@30abb12::SocketChannelEndPoint@2adeabaf{l=/127.0.0.1:40197,r=/127.0.0.1:34016,OPEN,fill=-,flush=-,to=2/30000}{io=0/0,kio=0,kro=1}->SslConnection@30abb12{NEED_WRAP,eio=153/-1,di=-1,fill=IDLE,flush=IDLE}~>DecryptedEndPoint@592efdbc{l=/127.0.0.1:40197,r=/127.0.0.1:34016,OPEN,fill=-,flush=-,to=42/30000}=>HttpConnection@7ed56761[p=HttpParser{s=START,0 of -1},g=HttpGenerator@2d6765d2{s=START}]=>HttpChannelOverHttp@3e4a0e44{s=HttpChannelState@672ad0e{s=IDLE rs=BLOCKING os=OPEN is=IDLE awp=false se=false i=true al=0},r=0,c=false/false,a=IDLE,uri=null,age=0}
02:56:42.424 [qtp782228073-60] DEBUG org.eclipse.jetty.io.ssl.SslConnection - flush b[0]=HeapByteBuffer@58f161d6[p=0,l=0,c=0,r=0]={<<<>>>}
02:56:42.424 [qtp782228073-60] DEBUG org.eclipse.jetty.io.ssl.SslConnection - flush NEED_WRAP
02:56:42.424 [qtp782228073-60] DEBUG org.eclipse.jetty.io.ssl.SslConnection - wrap Status = OK HandshakeStatus = FINISHED bytesConsumed = 0 bytesProduced = 88 [p=0,l=88,c=17408,r=88] ioDone=false/false
02:56:42.425 [qtp782228073-60] DEBUG org.eclipse.jetty.io.ChannelEndPoint - flushed 88 SocketChannelEndPoint@2adeabaf{l=/127.0.0.1:40197,r=/127.0.0.1:34016,OPEN,fill=-,flush=-,to=2/30000}{io=0/0,kio=0,kro=1}->SslConnection@30abb12{NOT_HANDSHAKING,eio=153/0,di=-1,fill=IDLE,flush=IDLE}~>DecryptedEndPoint@592efdbc{l=/127.0.0.1:40197,r=/127.0.0.1:34016,OPEN,fill=-,flush=-,to=42/30000}=>HttpConnection@7ed56761[p=HttpParser{s=START,0 of -1},g=HttpGenerator@2d6765d2{s=START}]=>HttpChannelOverHttp@3e4a0e44{s=HttpChannelState@672ad0e{s=IDLE rs=BLOCKING os=OPEN is=IDLE awp=false se=false i=true al=0},r=0,c=false/false,a=IDLE,uri=null,age=0}
02:56:42.425 [qtp782228073-60] DEBUG org.eclipse.jetty.io.ssl.SslConnection - net flushed=true, ac=true
02:56:42.425 [qtp782228073-60] DEBUG org.eclipse.jetty.io.ssl.SslConnection - handshake succeeded SslConnection@30abb12::SocketChannelEndPoint@2adeabaf{l=/127.0.0.1:40197,r=/127.0.0.1:34016,OPEN,fill=-,flush=-,to=0/30000}{io=0/0,kio=0,kro=1}->SslConnection@30abb12{NOT_HANDSHAKING,eio=153/0,di=-1,fill=IDLE,flush=IDLE}~>DecryptedEndPoint@592efdbc{l=/127.0.0.1:40197,r=/127.0.0.1:34016,OPEN,fill=-,flush=-,to=42/30000}=>HttpConnection@7ed56761[p=HttpParser{s=START,0 of -1},g=HttpGenerator@2d6765d2{s=START}]=>HttpChannelOverHttp@3e4a0e44{s=HttpChannelState@672ad0e{s=IDLE rs=BLOCKING os=OPEN is=IDLE awp=false se=false i=true al=0},r=0,c=false/false,a=IDLE,uri=null,age=0} resumed server TLSv1.3/TLS_AES_256_GCM_SHA384
02:56:42.425 [qtp782228073-60] DEBUG org.eclipse.jetty.io.ssl.SslConnection - <flush true SslConnection@30abb12::SocketChannelEndPoint@2adeabaf{l=/127.0.0.1:40197,r=/127.0.0.1:34016,OPEN,fill=-,flush=-,to=0/30000}{io=0/0,kio=0,kro=1}->SslConnection@30abb12{NOT_HANDSHAKING,eio=153/-1,di=-1,fill=IDLE,flush=IDLE}~>DecryptedEndPoint@592efdbc{l=/127.0.0.1:40197,r=/127.0.0.1:34016,OPEN,fill=-,flush=-,to=42/30000}=>HttpConnection@7ed56761[p=HttpParser{s=START,0 of -1},g=HttpGenerator@2d6765d2{s=START}]=>HttpChannelOverHttp@3e4a0e44{s=HttpChannelState@672ad0e{s=IDLE rs=BLOCKING os=OPEN is=IDLE awp=false se=false i=true al=0},r=0,c=false/false,a=IDLE,uri=null,age=0}
02:56:42.425 [qtp782228073-60] DEBUG org.eclipse.jetty.io.ssl.SslConnection - fill NOT_HANDSHAKING
02:56:42.425 [qtp782228073-60] DEBUG org.eclipse.jetty.io.ChannelEndPoint - filled 0 HeapByteBuffer@1b26ebdb[p=1338,l=1491,c=17408,r=153]={\x17\x03\x03\x03\xAd\x0b\x00\x03\x88...<:\x7f\xB8\xCd\x98\xA8<<<\x17\x03\x03\x00\x94\xE4LfG\xCay\xAe}\x12\xEb\x1c\xCc[\x10@\xC3\xB9\xB6=\xCe...\xB1\xFe\x82r\x173v\x9e\xBc\xBd\xEeiV\x86V\t\xD8\x06\x83\xE50\xD4\xDd>>>\x03}\x85N%\xF4\x12\x9fZ...\x00\x00\x00\x00\x00\x00\x00}
02:56:42.425 [qtp782228073-60] DEBUG org.eclipse.jetty.io.ssl.SslConnection - net filled=0
02:56:42.425 [qtp782228073-60] DEBUG org.eclipse.jetty.io.ssl.SslConnection - unwrap net_filled=0 Status = OK HandshakeStatus = NOT_HANDSHAKING bytesConsumed = 153 bytesProduced = 115 encryptedBuffer=[p=1491,l=1491,c=17408,r=0] unwrapBuffer=HeapByteBuffer@7acd6f6f[p=0,l=115,c=17408,r=115]={<<<GET / HTTP/1.1\r\nHost: loc...gent: okhttp/3.12.3\r\n\r\n>>>\xF6N\x89x\x9c\xBbn\xB1F...\x00\x00\x00\x00\x00\x00\x00} appBuffer=HeapByteBuffer@7acd6f6f[p=0,l=115,c=17408,r=115]={<<<GET / HTTP/1.1\r\nHost: loc...gent: okhttp/3.12.3\r\n\r\n>>>\xF6N\x89x\x9c\xBbn\xB1F...\x00\x00\x00\x00\x00\x00\x00}
02:56:42.425 [qtp782228073-60] DEBUG org.eclipse.jetty.io.ssl.SslConnection - <fill f=115 uf=false SslConnection@30abb12::SocketChannelEndPoint@2adeabaf{l=/127.0.0.1:40197,r=/127.0.0.1:34016,OPEN,fill=-,flush=-,to=0/30000}{io=0/0,kio=0,kro=1}->SslConnection@30abb12{NOT_HANDSHAKING,eio=-1/-1,di=-1,fill=IDLE,flush=IDLE}~>DecryptedEndPoint@592efdbc{l=/127.0.0.1:40197,r=/127.0.0.1:34016,OPEN,fill=-,flush=-,to=43/30000}=>HttpConnection@7ed56761[p=HttpParser{s=START,0 of -1},g=HttpGenerator@2d6765d2{s=START}]=>HttpChannelOverHttp@3e4a0e44{s=HttpChannelState@672ad0e{s=IDLE rs=BLOCKING os=OPEN is=IDLE awp=false se=false i=true al=0},r=0,c=false/false,a=IDLE,uri=null,age=0}
02:56:42.425 [qtp782228073-60] DEBUG org.eclipse.jetty.server.HttpConnection - HttpConnection@7ed56761::DecryptedEndPoint@592efdbc{l=/127.0.0.1:40197,r=/127.0.0.1:34016,OPEN,fill=-,flush=-,to=43/30000} filled 115 HeapByteBuffer@7acd6f6f[p=0,l=115,c=17408,r=115]={<<<GET / HTTP/1.1\r\nHost: loc...gent: okhttp/3.12.3\r\n\r\n>>>\xF6N\x89x\x9c\xBbn\xB1F...\x00\x00\x00\x00\x00\x00\x00}
02:56:42.425 [qtp782228073-60] DEBUG org.eclipse.jetty.server.HttpConnection - HttpConnection@7ed56761::DecryptedEndPoint@592efdbc{l=/127.0.0.1:40197,r=/127.0.0.1:34016,OPEN,fill=-,flush=-,to=43/30000} parse HeapByteBuffer@7acd6f6f[p=0,l=115,c=17408,r=115]={<<<GET / HTTP/1.1\r\nHost: loc...gent: okhttp/3.12.3\r\n\r\n>>>\xF6N\x89x\x9c\xBbn\xB1F...\x00\x00\x00\x00\x00\x00\x00} {}
02:56:42.425 [qtp782228073-60] DEBUG org.eclipse.jetty.http.HttpParser - parseNext s=START HeapByteBuffer@7acd6f6f[p=0,l=115,c=17408,r=115]={<<<GET / HTTP/1.1\r\nHost: loc...gent: okhttp/3.12.3\r\n\r\n>>>\xF6N\x89x\x9c\xBbn\xB1F...\x00\x00\x00\x00\x00\x00\x00}
02:56:42.425 [qtp782228073-60] DEBUG org.eclipse.jetty.http.HttpParser - START --> SPACE1
02:56:42.425 [qtp782228073-60] DEBUG org.eclipse.jetty.http.HttpParser - SPACE1 --> URI
02:56:42.425 [qtp782228073-60] DEBUG org.eclipse.jetty.http.HttpParser - URI --> SPACE2
02:56:42.425 [qtp782228073-60] DEBUG org.eclipse.jetty.http.HttpParser - SPACE2 --> REQUEST_VERSION
02:56:42.425 [qtp782228073-60] DEBUG org.eclipse.jetty.http.HttpParser - REQUEST_VERSION --> HEADER
02:56:42.425 [qtp782228073-60] DEBUG org.eclipse.jetty.http.HttpParser - HEADER:Host --> VALUE
02:56:42.425 [qtp782228073-60] DEBUG org.eclipse.jetty.http.HttpParser - HEADER:Host --> IN_VALUE
02:56:42.425 [qtp782228073-60] DEBUG org.eclipse.jetty.http.HttpParser - HEADER:Host --> FIELD
02:56:42.425 [qtp782228073-60] DEBUG org.eclipse.jetty.http.HttpParser - HEADER:Connection: keep-alive --> IN_VALUE
02:56:42.425 [qtp782228073-60] DEBUG org.eclipse.jetty.http.HttpParser - HEADER:Connection: keep-alive --> FIELD
02:56:42.425 [qtp782228073-60] DEBUG org.eclipse.jetty.http.HttpParser - HEADER:Accept-Encoding: gzip --> IN_VALUE
02:56:42.425 [qtp782228073-60] DEBUG org.eclipse.jetty.http.HttpParser - HEADER:Accept-Encoding: gzip --> FIELD
02:56:42.425 [qtp782228073-60] DEBUG org.eclipse.jetty.http.HttpParser - HEADER:User-Agent --> VALUE
02:56:42.425 [qtp782228073-60] DEBUG org.eclipse.jetty.http.HttpParser - HEADER:User-Agent --> IN_VALUE
02:56:42.425 [qtp782228073-60] DEBUG org.eclipse.jetty.http.HttpParser - HEADER:User-Agent --> FIELD
02:56:42.425 [qtp782228073-60] DEBUG org.eclipse.jetty.http.HttpParser - HEADER --> CONTENT
02:56:42.425 [qtp782228073-60] DEBUG org.eclipse.jetty.server.HttpChannel - REQUEST for //localhost:40197/ on HttpChannelOverHttp@3e4a0e44{s=HttpChannelState@672ad0e{s=IDLE rs=BLOCKING os=OPEN is=IDLE awp=false se=false i=true al=0},r=1,c=false/false,a=IDLE,uri=//localhost:40197/,age=0}
GET //localhost:40197/ HTTP/1.1
Host: localhost:40197
Connection: keep-alive
Accept-Encoding: gzip
User-Agent: okhttp/3.12.3


02:56:42.425 [qtp782228073-60] DEBUG org.eclipse.jetty.server.HttpConnection - HttpConnection@7ed56761::DecryptedEndPoint@592efdbc{l=/127.0.0.1:40197,r=/127.0.0.1:34016,OPEN,fill=-,flush=-,to=43/30000} parsed true HttpParser{s=CONTENT,0 of -1}
02:56:42.425 [qtp782228073-60] DEBUG org.eclipse.jetty.server.HttpConnection - releaseRequestBuffer HttpConnection@7ed56761::DecryptedEndPoint@592efdbc{l=/127.0.0.1:40197,r=/127.0.0.1:34016,OPEN,fill=-,flush=-,to=43/30000}
02:56:42.425 [qtp782228073-60] DEBUG org.eclipse.jetty.server.HttpChannel - handle //localhost:40197/ HttpChannelOverHttp@3e4a0e44{s=HttpChannelState@672ad0e{s=IDLE rs=BLOCKING os=OPEN is=IDLE awp=false se=false i=true al=0},r=1,c=false/false,a=IDLE,uri=//localhost:40197/,age=0} 
02:56:42.425 [qtp782228073-60] DEBUG org.eclipse.jetty.server.HttpChannelState - handling HttpChannelState@672ad0e{s=IDLE rs=BLOCKING os=OPEN is=IDLE awp=false se=false i=true al=0}
02:56:42.425 [qtp782228073-60] DEBUG org.eclipse.jetty.server.HttpChannel - action DISPATCH HttpChannelOverHttp@3e4a0e44{s=HttpChannelState@672ad0e{s=HANDLING rs=BLOCKING os=OPEN is=IDLE awp=false se=false i=true al=0},r=1,c=false/false,a=HANDLING,uri=//localhost:40197/,age=0}
02:56:42.425 [qtp782228073-60] DEBUG org.eclipse.jetty.server.SecureRequestCustomizer - Host localhost with SNI null
02:56:42.426 [qtp782228073-60] DEBUG org.eclipse.jetty.server.Server - REQUEST GET / on HttpChannelOverHttp@3e4a0e44{s=HttpChannelState@672ad0e{s=HANDLING rs=BLOCKING os=OPEN is=IDLE awp=false se=false i=true al=0},r=1,c=false/false,a=HANDLING,uri=https://localhost:40197/,age=1}
02:56:42.426 [qtp782228073-60] DEBUG org.eclipse.jetty.server.HttpOutput - write(array HeapByteBuffer@1eb24bbf[p=0,l=4,c=512,r=4]={<<<test>>>\x00\x00\x00\x00\x00\x00\x00\x00\x00...\x00\x00\x00\x00\x00\x00\x00})
02:56:42.426 [qtp782228073-60] DEBUG org.eclipse.jetty.server.HttpOutput - write(array) s=CLOSING,api=BLOCKED,sc=false,e=null last=true agg=false flush=true async=false, len=4 null
02:56:42.426 [qtp782228073-60] DEBUG org.eclipse.jetty.server.HttpChannel - sendResponse info=null content=HeapByteBuffer@2dfa3490[p=0,l=4,c=512,r=4]={<<<test>>>\x00\x00\x00\x00\x00\x00\x00\x00\x00...\x00\x00\x00\x00\x00\x00\x00} complete=true committing=true callback=Blocker@5af170cf{null}
02:56:42.426 [qtp782228073-60] DEBUG org.eclipse.jetty.server.HttpChannel - COMMIT for / on HttpChannelOverHttp@3e4a0e44{s=HttpChannelState@672ad0e{s=HANDLING rs=BLOCKING os=COMMITTED is=IDLE awp=false se=false i=true al=0},r=1,c=false/false,a=HANDLING,uri=https://localhost:40197/,age=1}
200 null HTTP/1.1
Date: Thu, 02 May 2024 01:56:42 GMT
ETag: testEtag
Content-Type: text/plain;charset=utf-8
Content-Length: 4


02:56:42.426 [qtp782228073-60] DEBUG org.eclipse.jetty.server.HttpConnection - generate: NEED_HEADER for SendCallback@5d3d7f12[PROCESSING][i=HTTP/1.1{s=200,h=4,cl=4},cb=org.eclipse.jetty.server.HttpChannel$SendCallback@51de38b9] (null,[p=0,l=4,c=512,r=4],true)@START
02:56:42.426 [qtp782228073-60] DEBUG org.eclipse.jetty.http.HttpGenerator - generateHeaders HTTP/1.1{s=200,h=4,cl=4} last=true content=HeapByteBuffer@2dfa3490[p=0,l=4,c=512,r=4]={<<<test>>>\x00\x00\x00\x00\x00\x00\x00\x00\x00...\x00\x00\x00\x00\x00\x00\x00}
02:56:42.426 [qtp782228073-60] DEBUG org.eclipse.jetty.http.HttpGenerator - Date: Thu, 02 May 2024 01:56:42 GMT
ETag: testEtag
Content-Type: text/plain;charset=utf-8
Content-Length: 4


02:56:42.426 [qtp782228073-60] DEBUG org.eclipse.jetty.http.HttpGenerator - CONTENT_LENGTH
02:56:42.426 [qtp782228073-60] DEBUG org.eclipse.jetty.server.HttpConnection - generate: FLUSH for SendCallback@5d3d7f12[PROCESSING][i=HTTP/1.1{s=200,h=4,cl=4},cb=org.eclipse.jetty.server.HttpChannel$SendCallback@51de38b9] ([p=0,l=164,c=8192,r=164],[p=0,l=4,c=512,r=4],true)@COMPLETING
02:56:42.426 [qtp782228073-60] DEBUG org.eclipse.jetty.io.WriteFlusher - write: WriteFlusher@2d7cc8a6{IDLE}->null [HeapByteBuffer@7bc04565[p=0,l=164,c=8192,r=164]={<<<HTTP/1.1 200 OK\r\nDate: Th...y(9.4.44.v20210927)\r\n\r\n>>>\n\r\n\x00\x00\x00\x00\x00\x00...\x00\x00\x00\x00\x00\x00\x00},HeapByteBuffer@2dfa3490[p=0,l=4,c=512,r=4]={<<<test>>>\x00\x00\x00\x00\x00\x00\x00\x00\x00...\x00\x00\x00\x00\x00\x00\x00}]
02:56:42.426 [qtp782228073-60] DEBUG org.eclipse.jetty.io.WriteFlusher - update WriteFlusher@2d7cc8a6{WRITING}->null:IDLE-->WRITING
02:56:42.426 [qtp782228073-60] DEBUG org.eclipse.jetty.io.ssl.SslConnection - >flush SslConnection@30abb12::SocketChannelEndPoint@2adeabaf{l=/127.0.0.1:40197,r=/127.0.0.1:34016,OPEN,fill=-,flush=-,to=1/30000}{io=0/0,kio=0,kro=1}->SslConnection@30abb12{NOT_HANDSHAKING,eio=-1/-1,di=-1,fill=IDLE,flush=IDLE}~>DecryptedEndPoint@592efdbc{l=/127.0.0.1:40197,r=/127.0.0.1:34016,OPEN,fill=-,flush=W,to=44/30000}=>HttpConnection@7ed56761[p=HttpParser{s=CONTENT,0 of -1},g=HttpGenerator@2d6765d2{s=COMPLETING}]=>HttpChannelOverHttp@3e4a0e44{s=HttpChannelState@672ad0e{s=HANDLING rs=BLOCKING os=COMMITTED is=IDLE awp=false se=false i=true al=0},r=1,c=false/false,a=HANDLING,uri=https://localhost:40197/,age=1}
02:56:42.426 [qtp782228073-60] DEBUG org.eclipse.jetty.io.ssl.SslConnection - flush b[0]=HeapByteBuffer@7bc04565[p=0,l=164,c=8192,r=164]={<<<HTTP/1.1 200 OK\r\nDate: Th...y(9.4.44.v20210927)\r\n\r\n>>>\n\r\n\x00\x00\x00\x00\x00\x00...\x00\x00\x00\x00\x00\x00\x00}
02:56:42.426 [qtp782228073-60] DEBUG org.eclipse.jetty.io.ssl.SslConnection - flush b[1]=HeapByteBuffer@2dfa3490[p=0,l=4,c=512,r=4]={<<<test>>>\x00\x00\x00\x00\x00\x00\x00\x00\x00...\x00\x00\x00\x00\x00\x00\x00}
02:56:42.426 [qtp782228073-60] DEBUG org.eclipse.jetty.io.ssl.SslConnection - flush NOT_HANDSHAKING
02:56:42.426 [qtp782228073-60] DEBUG org.eclipse.jetty.io.ssl.SslConnection - wrap Status = OK HandshakeStatus = NOT_HANDSHAKING bytesConsumed = 168 bytesProduced = 206 [p=0,l=206,c=17408,r=206] ioDone=false/false
02:56:42.426 [qtp782228073-60] DEBUG org.eclipse.jetty.io.ChannelEndPoint - flushed 206 SocketChannelEndPoint@2adeabaf{l=/127.0.0.1:40197,r=/127.0.0.1:34016,OPEN,fill=-,flush=-,to=1/30000}{io=0/0,kio=0,kro=1}->SslConnection@30abb12{NOT_HANDSHAKING,eio=-1/0,di=-1,fill=IDLE,flush=IDLE}~>DecryptedEndPoint@592efdbc{l=/127.0.0.1:40197,r=/127.0.0.1:34016,OPEN,fill=-,flush=W,to=44/30000}=>HttpConnection@7ed56761[p=HttpParser{s=CONTENT,0 of -1},g=HttpGenerator@2d6765d2{s=COMPLETING}]=>HttpChannelOverHttp@3e4a0e44{s=HttpChannelState@672ad0e{s=HANDLING rs=BLOCKING os=COMMITTED is=IDLE awp=false se=false i=true al=0},r=1,c=false/false,a=HANDLING,uri=https://localhost:40197/,age=1}
02:56:42.426 [qtp782228073-60] DEBUG org.eclipse.jetty.io.ssl.SslConnection - net flushed=true, ac=true
02:56:42.426 [qtp782228073-60] DEBUG org.eclipse.jetty.io.ssl.SslConnection - <flush true SslConnection@30abb12::SocketChannelEndPoint@2adeabaf{l=/127.0.0.1:40197,r=/127.0.0.1:34016,OPEN,fill=-,flush=-,to=0/30000}{io=0/0,kio=0,kro=1}->SslConnection@30abb12{NOT_HANDSHAKING,eio=-1/-1,di=-1,fill=IDLE,flush=IDLE}~>DecryptedEndPoint@592efdbc{l=/127.0.0.1:40197,r=/127.0.0.1:34016,OPEN,fill=-,flush=W,to=44/30000}=>HttpConnection@7ed56761[p=HttpParser{s=CONTENT,0 of -1},g=HttpGenerator@2d6765d2{s=COMPLETING}]=>HttpChannelOverHttp@3e4a0e44{s=HttpChannelState@672ad0e{s=HANDLING rs=BLOCKING os=COMMITTED is=IDLE awp=false se=false i=true al=0},r=1,c=false/false,a=HANDLING,uri=https://localhost:40197/,age=1}
02:56:42.426 [qtp782228073-60] DEBUG org.eclipse.jetty.io.WriteFlusher - Flushed=true written=168 remaining=0 WriteFlusher@2d7cc8a6{WRITING}->null
02:56:42.426 [qtp782228073-60] DEBUG org.eclipse.jetty.io.WriteFlusher - update WriteFlusher@2d7cc8a6{IDLE}->null:WRITING-->IDLE
02:56:42.426 [qtp782228073-60] DEBUG org.eclipse.jetty.server.HttpConnection - generate: DONE for SendCallback@5d3d7f12[PROCESSING][i=HTTP/1.1{s=200,h=4,cl=4},cb=org.eclipse.jetty.server.HttpChannel$SendCallback@51de38b9] ([p=164,l=164,c=8192,r=0],[p=4,l=4,c=512,r=0],true)@END
02:56:42.426 [qtp782228073-60] DEBUG org.eclipse.jetty.server.HttpOutput - onWriteComplete(true,null) s=CLOSING,api=BLOCKED,sc=false,e=null->s=CLOSED,api=BLOCKING,sc=false,e=null c=null cb=null w=false
02:56:42.426 [qtp782228073-60] DEBUG org.eclipse.jetty.server.HttpOutput - close() s=CLOSED,api=BLOCKING,sc=false,e=null c=null b=null
02:56:42.426 [qtp782228073-60] DEBUG org.eclipse.jetty.server.Server - handled=true async=false committed=true on HttpChannelOverHttp@3e4a0e44{s=HttpChannelState@672ad0e{s=HANDLING rs=BLOCKING os=COMPLETED is=IDLE awp=false se=false i=true al=0},r=1,c=false/true,a=HANDLING,uri=https://localhost:40197/,age=1}
02:56:42.426 [main] DEBUG org.apache.nifi.minifi.bootstrap.configuration.ingestors.PullHttpChangeIngestor - Response received: Response{protocol=http/1.1, code=200, message=OK, url=https://localhost:40197/}
02:56:42.426 [qtp782228073-60] DEBUG org.eclipse.jetty.server.HttpChannelState - unhandle HttpChannelState@672ad0e{s=HANDLING rs=BLOCKING os=COMPLETED is=IDLE awp=false se=false i=true al=0}
02:56:42.426 [qtp782228073-60] DEBUG org.eclipse.jetty.server.HttpChannelState - nextAction(false) COMPLETE HttpChannelState@672ad0e{s=HANDLING rs=COMPLETING os=COMPLETED is=IDLE awp=false se=false i=false al=0}
02:56:42.426 [qtp782228073-60] DEBUG org.eclipse.jetty.server.HttpChannel - action COMPLETE HttpChannelOverHttp@3e4a0e44{s=HttpChannelState@672ad0e{s=HANDLING rs=COMPLETING os=COMPLETED is=IDLE awp=false se=false i=false al=0},r=1,c=false/true,a=HANDLING,uri=https://localhost:40197/,age=1}
02:56:42.427 [qtp782228073-60] DEBUG org.eclipse.jetty.server.HttpOutput - complete(org.eclipse.jetty.util.Callback$3@7cdab2ce) s=CLOSED,api=BLOCKING,sc=false,e=null s=true e=null, c=null
02:56:42.427 [qtp782228073-60] DEBUG org.eclipse.jetty.server.HttpChannelState - completed HttpChannelState@672ad0e{s=HANDLING rs=COMPLETING os=COMPLETED is=IDLE awp=false se=false i=false al=0}
02:56:42.427 [qtp782228073-60] DEBUG org.eclipse.jetty.server.HttpChannelState - unhandle HttpChannelState@672ad0e{s=HANDLING rs=COMPLETED os=COMPLETED is=IDLE awp=false se=false i=false al=0}
02:56:42.427 [main] DEBUG org.apache.nifi.minifi.bootstrap.configuration.ingestors.PullHttpChangeIngestor - Pulled config same as currently running.
02:56:42.427 [qtp782228073-60] DEBUG org.eclipse.jetty.server.HttpChannelState - nextAction(false) TERMINATED HttpChannelState@672ad0e{s=IDLE rs=COMPLETED os=COMPLETED is=IDLE awp=false se=false i=false al=0}
02:56:42.427 [qtp782228073-60] DEBUG org.eclipse.jetty.server.HttpChannel - action TERMINATED HttpChannelOverHttp@3e4a0e44{s=HttpChannelState@672ad0e{s=IDLE rs=COMPLETED os=COMPLETED is=IDLE awp=false se=false i=false al=0},r=1,c=true/true,a=IDLE,uri=https://localhost:40197/,age=2}
02:56:42.427 [qtp782228073-60] DEBUG org.eclipse.jetty.server.HttpChannel - onCompleted for / written=4
02:56:42.427 [qtp782228073-60] DEBUG org.eclipse.jetty.io.ssl.SslConnection - >fill SslConnection@30abb12::SocketChannelEndPoint@2adeabaf{l=/127.0.0.1:40197,r=/127.0.0.1:34016,OPEN,fill=-,flush=-,to=0/30000}{io=0/0,kio=0,kro=1}->SslConnection@30abb12{NOT_HANDSHAKING,eio=-1/-1,di=-1,fill=IDLE,flush=IDLE}~>DecryptedEndPoint@592efdbc{l=/127.0.0.1:40197,r=/127.0.0.1:34016,OPEN,fill=-,flush=-,to=44/30000}=>HttpConnection@7ed56761[p=HttpParser{s=CONTENT,0 of -1},g=HttpGenerator@2d6765d2{s=END}]=>HttpChannelOverHttp@3e4a0e44{s=HttpChannelState@672ad0e{s=IDLE rs=COMPLETED os=COMPLETED is=IDLE awp=false se=false i=false al=0},r=1,c=true/true,a=IDLE,uri=https://localhost:40197/,age=2}
02:56:42.427 [qtp782228073-60] DEBUG org.eclipse.jetty.io.ssl.SslConnection - fill NOT_HANDSHAKING
02:56:42.427 [qtp782228073-60] DEBUG org.eclipse.jetty.io.ChannelEndPoint - filled 0 HeapByteBuffer@7acd6f6f[p=0,l=0,c=17408,r=0]={<<<>>>GET / HTT...\x00\x00\x00\x00\x00\x00\x00}
02:56:42.427 [qtp782228073-60] DEBUG org.eclipse.jetty.io.ssl.SslConnection - net filled=0
]]></system-out>
  </testcase>
  <testcase name="testNoUpdateWithPath" classname="org.apache.nifi.minifi.bootstrap.configuration.ingestors.PullHttpChangeIngestorSSLTest" time="0.064">
    <system-out><![CDATA[02:56:42.427 [qtp782228073-60] DEBUG org.eclipse.jetty.io.ssl.SslConnection - unwrap net_filled=0 Status = BUFFER_UNDERFLOW HandshakeStatus = NOT_HANDSHAKING bytesConsumed = 0 bytesProduced = 0 encryptedBuffer=[p=0,l=0,c=17408,r=0] unwrapBuffer=HeapByteBuffer@1b26ebdb[p=0,l=0,c=17408,r=0]={<<<>>>\x17\x03\x03\x03\xAd\x0b\x00\x03\x88...\x00\x00\x00\x00\x00\x00\x00} appBuffer=HeapByteBuffer@1b26ebdb[p=0,l=0,c=17408,r=0]={<<<>>>\x17\x03\x03\x03\xAd\x0b\x00\x03\x88...\x00\x00\x00\x00\x00\x00\x00}
02:56:42.427 [qtp782228073-60] DEBUG org.eclipse.jetty.io.ssl.SslConnection - <fill f=0 uf=true SslConnection@30abb12::SocketChannelEndPoint@2adeabaf{l=/127.0.0.1:40197,r=/127.0.0.1:34016,OPEN,fill=-,flush=-,to=0/30000}{io=0/0,kio=0,kro=1}->SslConnection@30abb12{NOT_HANDSHAKING,eio=-1/-1,di=-1,fill=IDLE,flush=IDLE}~>DecryptedEndPoint@592efdbc{l=/127.0.0.1:40197,r=/127.0.0.1:34016,OPEN,fill=-,flush=-,to=45/30000}=>HttpConnection@7ed56761[p=HttpParser{s=CONTENT,0 of -1},g=HttpGenerator@2d6765d2{s=END}]=>HttpChannelOverHttp@3e4a0e44{s=HttpChannelState@672ad0e{s=IDLE rs=COMPLETED os=COMPLETED is=IDLE awp=false se=false i=false al=0},r=1,c=true/true,a=IDLE,uri=https://localhost:40197/,age=2}
02:56:42.427 [qtp782228073-60] DEBUG org.eclipse.jetty.io.ssl.SslConnection - >fill SslConnection@30abb12::SocketChannelEndPoint@2adeabaf{l=/127.0.0.1:40197,r=/127.0.0.1:34016,OPEN,fill=-,flush=-,to=0/30000}{io=0/0,kio=0,kro=1}->SslConnection@30abb12{NOT_HANDSHAKING,eio=-1/-1,di=-1,fill=IDLE,flush=IDLE}~>DecryptedEndPoint@592efdbc{l=/127.0.0.1:40197,r=/127.0.0.1:34016,OPEN,fill=-,flush=-,to=45/30000}=>HttpConnection@7ed56761[p=HttpParser{s=CONTENT,0 of -1},g=HttpGenerator@2d6765d2{s=END}]=>HttpChannelOverHttp@3e4a0e44{s=HttpChannelState@672ad0e{s=IDLE rs=COMPLETED os=COMPLETED is=IDLE awp=false se=false i=false al=0},r=1,c=true/true,a=IDLE,uri=https://localhost:40197/,age=2}
02:56:42.427 [qtp782228073-60] DEBUG org.eclipse.jetty.io.ssl.SslConnection - fill NOT_HANDSHAKING
02:56:42.427 [qtp782228073-60] DEBUG org.eclipse.jetty.io.ChannelEndPoint - filled 0 HeapByteBuffer@740a9f9e[p=0,l=0,c=17408,r=0]={<<<>>>\x17\x03\x03\x00\xC9L\xA2\xAf\xE2...\x00\x00\x00\x00\x00\x00\x00}
02:56:42.427 [qtp782228073-60] DEBUG org.eclipse.jetty.io.ssl.SslConnection - net filled=0
02:56:42.427 [qtp782228073-60] DEBUG org.eclipse.jetty.io.ssl.SslConnection - unwrap net_filled=0 Status = BUFFER_UNDERFLOW HandshakeStatus = NOT_HANDSHAKING bytesConsumed = 0 bytesProduced = 0 encryptedBuffer=[p=0,l=0,c=17408,r=0] unwrapBuffer=HeapByteBuffer@1b26ebdb[p=0,l=0,c=17408,r=0]={<<<>>>\x17\x03\x03\x03\xAd\x0b\x00\x03\x88...\x00\x00\x00\x00\x00\x00\x00} appBuffer=HeapByteBuffer@1b26ebdb[p=0,l=0,c=17408,r=0]={<<<>>>\x17\x03\x03\x03\xAd\x0b\x00\x03\x88...\x00\x00\x00\x00\x00\x00\x00}
02:56:42.427 [qtp782228073-60] DEBUG org.eclipse.jetty.io.ssl.SslConnection - <fill f=0 uf=true SslConnection@30abb12::SocketChannelEndPoint@2adeabaf{l=/127.0.0.1:40197,r=/127.0.0.1:34016,OPEN,fill=-,flush=-,to=1/30000}{io=0/0,kio=0,kro=1}->SslConnection@30abb12{NOT_HANDSHAKING,eio=-1/-1,di=-1,fill=IDLE,flush=IDLE}~>DecryptedEndPoint@592efdbc{l=/127.0.0.1:40197,r=/127.0.0.1:34016,OPEN,fill=-,flush=-,to=45/30000}=>HttpConnection@7ed56761[p=HttpParser{s=CONTENT,0 of -1},g=HttpGenerator@2d6765d2{s=END}]=>HttpChannelOverHttp@3e4a0e44{s=HttpChannelState@672ad0e{s=IDLE rs=COMPLETED os=COMPLETED is=IDLE awp=false se=false i=false al=0},r=1,c=true/true,a=IDLE,uri=https://localhost:40197/,age=2}
02:56:42.427 [qtp782228073-60] DEBUG org.eclipse.jetty.server.HttpConnection - HttpConnection@7ed56761::DecryptedEndPoint@592efdbc{l=/127.0.0.1:40197,r=/127.0.0.1:34016,OPEN,fill=-,flush=-,to=45/30000} filled 0 HeapByteBuffer@1b26ebdb[p=0,l=0,c=17408,r=0]={<<<>>>\x17\x03\x03\x03\xAd\x0b\x00\x03\x88...\x00\x00\x00\x00\x00\x00\x00}
02:56:42.427 [qtp782228073-60] DEBUG org.eclipse.jetty.server.HttpConnection - HttpConnection@7ed56761::DecryptedEndPoint@592efdbc{l=/127.0.0.1:40197,r=/127.0.0.1:34016,OPEN,fill=-,flush=-,to=45/30000} parse HeapByteBuffer@1b26ebdb[p=0,l=0,c=17408,r=0]={<<<>>>\x17\x03\x03\x03\xAd\x0b\x00\x03\x88...\x00\x00\x00\x00\x00\x00\x00} {}
02:56:42.427 [qtp782228073-60] DEBUG org.eclipse.jetty.http.HttpParser - parseNext s=CONTENT HeapByteBuffer@1b26ebdb[p=0,l=0,c=17408,r=0]={<<<>>>\x17\x03\x03\x03\xAd\x0b\x00\x03\x88...\x00\x00\x00\x00\x00\x00\x00}
02:56:42.427 [qtp782228073-60] DEBUG org.eclipse.jetty.http.HttpParser - CONTENT --> CONTENT_END
02:56:42.427 [qtp782228073-60] DEBUG org.eclipse.jetty.server.HttpChannel - onContentComplete HttpChannelOverHttp@3e4a0e44{s=HttpChannelState@672ad0e{s=IDLE rs=COMPLETED os=COMPLETED is=IDLE awp=false se=false i=false al=0},r=1,c=true/true,a=IDLE,uri=https://localhost:40197/,age=2}
02:56:42.427 [qtp782228073-60] DEBUG org.eclipse.jetty.http.HttpParser - CONTENT_END --> END
02:56:42.427 [qtp782228073-60] DEBUG org.eclipse.jetty.server.HttpChannel - onRequestComplete HttpChannelOverHttp@3e4a0e44{s=HttpChannelState@672ad0e{s=IDLE rs=COMPLETED os=COMPLETED is=IDLE awp=false se=false i=false al=0},r=1,c=true/true,a=IDLE,uri=https://localhost:40197/,age=2}
02:56:42.427 [qtp782228073-60] DEBUG org.eclipse.jetty.server.HttpInput - HttpInputOverHTTP@4a2987a8[c=0,q=0,[0]=null,s=STREAM] addContent EOF
02:56:42.428 [qtp782228073-60] DEBUG org.eclipse.jetty.server.HttpConnection - HttpConnection@7ed56761::DecryptedEndPoint@592efdbc{l=/127.0.0.1:40197,r=/127.0.0.1:34016,OPEN,fill=-,flush=-,to=45/30000} parsed false HttpParser{s=END,0 of -1}
02:56:42.428 [qtp782228073-60] DEBUG org.eclipse.jetty.server.HttpConnection - releaseRequestBuffer HttpConnection@7ed56761::DecryptedEndPoint@592efdbc{l=/127.0.0.1:40197,r=/127.0.0.1:34016,OPEN,fill=-,flush=-,to=45/30000}
02:56:42.428 [qtp782228073-60] DEBUG org.eclipse.jetty.server.HttpChannelState - recycle HttpChannelState@672ad0e{s=IDLE rs=COMPLETED os=COMPLETED is=IDLE awp=false se=false i=false al=0}
02:56:42.428 [qtp782228073-60] DEBUG org.eclipse.jetty.http.HttpParser - reset HttpParser{s=END,0 of -1}
02:56:42.428 [qtp782228073-60] DEBUG org.eclipse.jetty.http.HttpParser - END --> START
02:56:42.428 [qtp782228073-60] DEBUG org.eclipse.jetty.server.HttpChannel - !handle TERMINATED HttpChannelOverHttp@3e4a0e44{s=HttpChannelState@672ad0e{s=IDLE rs=BLOCKING os=OPEN is=IDLE awp=false se=false i=true al=0},r=1,c=false/false,a=IDLE,uri=null,age=0}
02:56:42.428 [qtp782228073-60] DEBUG org.eclipse.jetty.io.ssl.SslConnection - >fill SslConnection@30abb12::SocketChannelEndPoint@2adeabaf{l=/127.0.0.1:40197,r=/127.0.0.1:34016,OPEN,fill=-,flush=-,to=1/30000}{io=0/0,kio=0,kro=1}->SslConnection@30abb12{NOT_HANDSHAKING,eio=-1/-1,di=-1,fill=IDLE,flush=IDLE}~>DecryptedEndPoint@592efdbc{l=/127.0.0.1:40197,r=/127.0.0.1:34016,OPEN,fill=-,flush=-,to=45/30000}=>HttpConnection@7ed56761[p=HttpParser{s=START,0 of -1},g=HttpGenerator@2d6765d2{s=START}]=>HttpChannelOverHttp@3e4a0e44{s=HttpChannelState@672ad0e{s=IDLE rs=BLOCKING os=OPEN is=IDLE awp=false se=false i=true al=0},r=1,c=false/false,a=IDLE,uri=null,age=0}
02:56:42.428 [qtp782228073-60] DEBUG org.eclipse.jetty.io.ssl.SslConnection - fill NOT_HANDSHAKING
02:56:42.428 [qtp782228073-60] DEBUG org.eclipse.jetty.io.ChannelEndPoint - filled 0 HeapByteBuffer@740a9f9e[p=0,l=0,c=17408,r=0]={<<<>>>\x17\x03\x03\x00\xC9L\xA2\xAf\xE2...\x00\x00\x00\x00\x00\x00\x00}
02:56:42.428 [qtp782228073-60] DEBUG org.eclipse.jetty.io.ssl.SslConnection - net filled=0
02:56:42.428 [qtp782228073-60] DEBUG org.eclipse.jetty.io.ssl.SslConnection - unwrap net_filled=0 Status = BUFFER_UNDERFLOW HandshakeStatus = NOT_HANDSHAKING bytesConsumed = 0 bytesProduced = 0 encryptedBuffer=[p=0,l=0,c=17408,r=0] unwrapBuffer=HeapByteBuffer@7acd6f6f[p=0,l=0,c=17408,r=0]={<<<>>>GET / HTT...\x00\x00\x00\x00\x00\x00\x00} appBuffer=HeapByteBuffer@7acd6f6f[p=0,l=0,c=17408,r=0]={<<<>>>GET / HTT...\x00\x00\x00\x00\x00\x00\x00}
02:56:42.428 [qtp782228073-60] DEBUG org.eclipse.jetty.io.ssl.SslConnection - <fill f=0 uf=true SslConnection@30abb12::SocketChannelEndPoint@2adeabaf{l=/127.0.0.1:40197,r=/127.0.0.1:34016,OPEN,fill=-,flush=-,to=1/30000}{io=0/0,kio=0,kro=1}->SslConnection@30abb12{NOT_HANDSHAKING,eio=-1/-1,di=-1,fill=IDLE,flush=IDLE}~>DecryptedEndPoint@592efdbc{l=/127.0.0.1:40197,r=/127.0.0.1:34016,OPEN,fill=-,flush=-,to=46/30000}=>HttpConnection@7ed56761[p=HttpParser{s=START,0 of -1},g=HttpGenerator@2d6765d2{s=START}]=>HttpChannelOverHttp@3e4a0e44{s=HttpChannelState@672ad0e{s=IDLE rs=BLOCKING os=OPEN is=IDLE awp=false se=false i=true al=0},r=1,c=false/false,a=IDLE,uri=null,age=0}
02:56:42.428 [qtp782228073-60] DEBUG org.eclipse.jetty.io.ssl.SslConnection - >fill SslConnection@30abb12::SocketChannelEndPoint@2adeabaf{l=/127.0.0.1:40197,r=/127.0.0.1:34016,OPEN,fill=-,flush=-,to=1/30000}{io=0/0,kio=0,kro=1}->SslConnection@30abb12{NOT_HANDSHAKING,eio=-1/-1,di=-1,fill=IDLE,flush=IDLE}~>DecryptedEndPoint@592efdbc{l=/127.0.0.1:40197,r=/127.0.0.1:34016,OPEN,fill=-,flush=-,to=46/30000}=>HttpConnection@7ed56761[p=HttpParser{s=START,0 of -1},g=HttpGenerator@2d6765d2{s=START}]=>HttpChannelOverHttp@3e4a0e44{s=HttpChannelState@672ad0e{s=IDLE rs=BLOCKING os=OPEN is=IDLE awp=false se=false i=true al=0},r=1,c=false/false,a=IDLE,uri=null,age=0}
02:56:42.428 [qtp782228073-60] DEBUG org.eclipse.jetty.io.ssl.SslConnection - fill NOT_HANDSHAKING
02:56:42.428 [qtp782228073-60] DEBUG org.eclipse.jetty.io.ChannelEndPoint - filled 0 HeapByteBuffer@1b26ebdb[p=0,l=0,c=17408,r=0]={<<<>>>\x17\x03\x03\x03\xAd\x0b\x00\x03\x88...\x00\x00\x00\x00\x00\x00\x00}
02:56:42.428 [qtp782228073-60] DEBUG org.eclipse.jetty.io.ssl.SslConnection - net filled=0
02:56:42.428 [qtp782228073-60] DEBUG org.eclipse.jetty.io.ssl.SslConnection - unwrap net_filled=0 Status = BUFFER_UNDERFLOW HandshakeStatus = NOT_HANDSHAKING bytesConsumed = 0 bytesProduced = 0 encryptedBuffer=[p=0,l=0,c=17408,r=0] unwrapBuffer=HeapByteBuffer@7acd6f6f[p=0,l=0,c=17408,r=0]={<<<>>>GET / HTT...\x00\x00\x00\x00\x00\x00\x00} appBuffer=HeapByteBuffer@7acd6f6f[p=0,l=0,c=17408,r=0]={<<<>>>GET / HTT...\x00\x00\x00\x00\x00\x00\x00}
02:56:42.428 [qtp782228073-60] DEBUG org.eclipse.jetty.io.ssl.SslConnection - <fill f=0 uf=true SslConnection@30abb12::SocketChannelEndPoint@2adeabaf{l=/127.0.0.1:40197,r=/127.0.0.1:34016,OPEN,fill=-,flush=-,to=1/30000}{io=0/0,kio=0,kro=1}->SslConnection@30abb12{NOT_HANDSHAKING,eio=-1/-1,di=-1,fill=IDLE,flush=IDLE}~>DecryptedEndPoint@592efdbc{l=/127.0.0.1:40197,r=/127.0.0.1:34016,OPEN,fill=-,flush=-,to=46/30000}=>HttpConnection@7ed56761[p=HttpParser{s=START,0 of -1},g=HttpGenerator@2d6765d2{s=START}]=>HttpChannelOverHttp@3e4a0e44{s=HttpChannelState@672ad0e{s=IDLE rs=BLOCKING os=OPEN is=IDLE awp=false se=false i=true al=0},r=1,c=false/false,a=IDLE,uri=null,age=0}
02:56:42.428 [qtp782228073-60] DEBUG org.eclipse.jetty.server.HttpConnection - HttpConnection@7ed56761::DecryptedEndPoint@592efdbc{l=/127.0.0.1:40197,r=/127.0.0.1:34016,OPEN,fill=-,flush=-,to=46/30000} filled 0 HeapByteBuffer@7acd6f6f[p=0,l=0,c=17408,r=0]={<<<>>>GET / HTT...\x00\x00\x00\x00\x00\x00\x00}
02:56:42.428 [qtp782228073-60] DEBUG org.eclipse.jetty.server.HttpConnection - HttpConnection@7ed56761::DecryptedEndPoint@592efdbc{l=/127.0.0.1:40197,r=/127.0.0.1:34016,OPEN,fill=-,flush=-,to=46/30000} parse HeapByteBuffer@7acd6f6f[p=0,l=0,c=17408,r=0]={<<<>>>GET / HTT...\x00\x00\x00\x00\x00\x00\x00} {}
02:56:42.428 [qtp782228073-60] DEBUG org.eclipse.jetty.http.HttpParser - parseNext s=START HeapByteBuffer@7acd6f6f[p=0,l=0,c=17408,r=0]={<<<>>>GET / HTT...\x00\x00\x00\x00\x00\x00\x00}
02:56:42.428 [qtp782228073-60] DEBUG org.eclipse.jetty.server.HttpConnection - HttpConnection@7ed56761::DecryptedEndPoint@592efdbc{l=/127.0.0.1:40197,r=/127.0.0.1:34016,OPEN,fill=-,flush=-,to=46/30000} parsed false HttpParser{s=START,0 of -1}
02:56:42.428 [qtp782228073-60] DEBUG org.eclipse.jetty.server.HttpConnection - releaseRequestBuffer HttpConnection@7ed56761::DecryptedEndPoint@592efdbc{l=/127.0.0.1:40197,r=/127.0.0.1:34016,OPEN,fill=-,flush=-,to=46/30000}
02:56:42.428 [qtp782228073-60] DEBUG org.eclipse.jetty.io.AbstractConnection - fillInterested HttpConnection@7ed56761::DecryptedEndPoint@592efdbc{l=/127.0.0.1:40197,r=/127.0.0.1:34016,OPEN,fill=-,flush=-,to=46/30000}
02:56:42.428 [qtp782228073-60] DEBUG org.eclipse.jetty.io.FillInterest - interested FillInterest@78dcf170{AC.ReadCB@7ed56761{HttpConnection@7ed56761::DecryptedEndPoint@592efdbc{l=/127.0.0.1:40197,r=/127.0.0.1:34016,OPEN,fill=FI,flush=-,to=0/30000}}}
02:56:42.428 [main] DEBUG org.apache.nifi.minifi.bootstrap.configuration.ingestors.PullHttpChangeIngestor - Attempting to pull new config
02:56:42.428 [qtp782228073-60] DEBUG org.eclipse.jetty.io.ssl.SslConnection - >needFillInterest s=IDLE/IDLE uf=true ei=null di=null SslConnection@30abb12::SocketChannelEndPoint@2adeabaf{l=/127.0.0.1:40197,r=/127.0.0.1:34016,OPEN,fill=-,flush=-,to=2/30000}{io=0/0,kio=0,kro=1}->SslConnection@30abb12{NOT_HANDSHAKING,eio=-1/-1,di=-1,fill=IDLE,flush=IDLE}~>DecryptedEndPoint@592efdbc{l=/127.0.0.1:40197,r=/127.0.0.1:34016,OPEN,fill=FI,flush=-,to=0/30000}=>HttpConnection@7ed56761[p=HttpParser{s=START,0 of -1},g=HttpGenerator@2d6765d2{s=START}]=>HttpChannelOverHttp@3e4a0e44{s=HttpChannelState@672ad0e{s=IDLE rs=BLOCKING os=OPEN is=IDLE awp=false se=false i=true al=0},r=1,c=false/false,a=IDLE,uri=null,age=0}
02:56:42.429 [qtp782228073-60] DEBUG org.eclipse.jetty.io.ssl.SslConnection - <needFillInterest s=IDLE/INTERESTED f=false i=true w=null
02:56:42.429 [qtp782228073-60] DEBUG org.eclipse.jetty.io.ssl.SslConnection - ensureFillInterested SslConnection@30abb12::SocketChannelEndPoint@2adeabaf{l=/127.0.0.1:40197,r=/127.0.0.1:34016,OPEN,fill=-,flush=-,to=2/30000}{io=0/0,kio=0,kro=1}->SslConnection@30abb12{NOT_HANDSHAKING,eio=-1/-1,di=-1,fill=INTERESTED,flush=IDLE}~>DecryptedEndPoint@592efdbc{l=/127.0.0.1:40197,r=/127.0.0.1:34016,OPEN,fill=FI,flush=-,to=0/30000}=>HttpConnection@7ed56761[p=HttpParser{s=START,0 of -1},g=HttpGenerator@2d6765d2{s=START}]=>HttpChannelOverHttp@3e4a0e44{s=HttpChannelState@672ad0e{s=IDLE rs=BLOCKING os=OPEN is=IDLE awp=false se=false i=true al=0},r=1,c=false/false,a=IDLE,uri=null,age=0}
02:56:42.429 [qtp782228073-60] DEBUG org.eclipse.jetty.io.FillInterest - interested FillInterest@73a2fd5c{SSLC.NBReadCB@30abb12{SslConnection@30abb12::SocketChannelEndPoint@2adeabaf{l=/127.0.0.1:40197,r=/127.0.0.1:34016,OPEN,fill=FI,flush=-,to=0/30000}{io=0/0,kio=0,kro=1}->SslConnection@30abb12{NOT_HANDSHAKING,eio=-1/-1,di=-1,fill=INTERESTED,flush=IDLE}~>DecryptedEndPoint@592efdbc{l=/127.0.0.1:40197,r=/127.0.0.1:34016,OPEN,fill=FI,flush=-,to=0/30000}=>HttpConnection@7ed56761[p=HttpParser{s=START,0 of -1},g=HttpGenerator@2d6765d2{s=START}]=>HttpChannelOverHttp@3e4a0e44{s=HttpChannelState@672ad0e{s=IDLE rs=BLOCKING os=OPEN is=IDLE awp=false se=false i=true al=0},r=1,c=false/false,a=IDLE,uri=null,age=0}}}
02:56:42.429 [qtp782228073-60] DEBUG org.eclipse.jetty.io.ChannelEndPoint - changeInterests p=false 0->1 for SocketChannelEndPoint@2adeabaf{l=/127.0.0.1:40197,r=/127.0.0.1:34016,OPEN,fill=FI,flush=-,to=0/30000}{io=0/1,kio=0,kro=1}->SslConnection@30abb12{NOT_HANDSHAKING,eio=-1/-1,di=-1,fill=INTERESTED,flush=IDLE}~>DecryptedEndPoint@592efdbc{l=/127.0.0.1:40197,r=/127.0.0.1:34016,OPEN,fill=FI,flush=-,to=0/30000}=>HttpConnection@7ed56761[p=HttpParser{s=START,0 of -1},g=HttpGenerator@2d6765d2{s=START}]=>HttpChannelOverHttp@3e4a0e44{s=HttpChannelState@672ad0e{s=IDLE rs=BLOCKING os=OPEN is=IDLE awp=false se=false i=true al=0},r=1,c=false/false,a=IDLE,uri=null,age=0}
02:56:42.429 [qtp782228073-60] DEBUG org.eclipse.jetty.io.ManagedSelector - Queued change lazy=false org.eclipse.jetty.io.ChannelEndPoint$$Lambda$255/899789472@25260a11 on ManagedSelector@56c698e3{STARTED} id=2 keys=2 selected=0 updates=0
02:56:42.429 [qtp782228073-60] DEBUG org.eclipse.jetty.io.ManagedSelector - Wakeup on submit ManagedSelector@56c698e3{STARTED} id=2 keys=2 selected=0 updates=1
02:56:42.429 [qtp782228073-59-acceptor-0@4795ded0-ServerConnector@5a411614{SSL, (ssl, http/1.1)}{localhost:40197}] DEBUG org.eclipse.jetty.io.ManagedSelector - Queued change lazy=false Accept@7c77748d[java.nio.channels.SocketChannel[connected local=/127.0.0.1:40197 remote=/127.0.0.1:34024]] on ManagedSelector@19553973{STARTED} id=3 keys=1 selected=0 updates=0
02:56:42.429 [qtp782228073-59-acceptor-0@4795ded0-ServerConnector@5a411614{SSL, (ssl, http/1.1)}{localhost:40197}] DEBUG org.eclipse.jetty.io.ManagedSelector - Wakeup on submit ManagedSelector@19553973{STARTED} id=3 keys=1 selected=0 updates=1
02:56:42.429 [qtp782228073-61] DEBUG org.eclipse.jetty.io.ManagedSelector - Selector sun.nio.ch.EPollSelectorImpl@154e726d woken with none selected
02:56:42.429 [qtp782228073-61] DEBUG org.eclipse.jetty.io.ManagedSelector - Selector sun.nio.ch.EPollSelectorImpl@154e726d woken up from select, 0/0/2 selected
02:56:42.429 [qtp782228073-61] DEBUG org.eclipse.jetty.io.ManagedSelector - Selector sun.nio.ch.EPollSelectorImpl@154e726d processing 0 keys, 1 updates
02:56:42.429 [qtp782228073-61] DEBUG org.eclipse.jetty.io.ManagedSelector - updateable 1
02:56:42.429 [qtp782228073-61] DEBUG org.eclipse.jetty.io.ManagedSelector - update org.eclipse.jetty.io.ChannelEndPoint$$Lambda$255/899789472@25260a11
02:56:42.429 [qtp782228073-62] DEBUG org.eclipse.jetty.io.ManagedSelector - Selector sun.nio.ch.EPollSelectorImpl@38358409 woken with none selected
02:56:42.429 [qtp782228073-62] DEBUG org.eclipse.jetty.io.ManagedSelector - Selector sun.nio.ch.EPollSelectorImpl@38358409 woken up from select, 0/0/1 selected
02:56:42.429 [qtp782228073-62] DEBUG org.eclipse.jetty.io.ManagedSelector - Selector sun.nio.ch.EPollSelectorImpl@38358409 processing 0 keys, 1 updates
02:56:42.429 [qtp782228073-62] DEBUG org.eclipse.jetty.io.ManagedSelector - updateable 1
02:56:42.429 [qtp782228073-61] DEBUG org.eclipse.jetty.io.ChannelEndPoint - Key interests updated 0 -> 1 on SocketChannelEndPoint@2adeabaf{l=/127.0.0.1:40197,r=/127.0.0.1:34016,OPEN,fill=FI,flush=-,to=0/30000}{io=1/1,kio=1,kro=1}->SslConnection@30abb12{NOT_HANDSHAKING,eio=-1/-1,di=-1,fill=INTERESTED,flush=IDLE}~>DecryptedEndPoint@592efdbc{l=/127.0.0.1:40197,r=/127.0.0.1:34016,OPEN,fill=FI,flush=-,to=0/30000}=>HttpConnection@7ed56761[p=HttpParser{s=START,0 of -1},g=HttpGenerator@2d6765d2{s=START}]=>HttpChannelOverHttp@3e4a0e44{s=HttpChannelState@672ad0e{s=IDLE rs=BLOCKING os=OPEN is=IDLE awp=false se=false i=true al=0},r=1,c=false/false,a=IDLE,uri=null,age=0}
02:56:42.429 [qtp782228073-62] DEBUG org.eclipse.jetty.io.ManagedSelector - update Accept@7c77748d[java.nio.channels.SocketChannel[connected local=/127.0.0.1:40197 remote=/127.0.0.1:34024]]
02:56:42.429 [qtp782228073-61] DEBUG org.eclipse.jetty.io.ManagedSelector - updates 0
02:56:42.429 [qtp782228073-61] DEBUG org.eclipse.jetty.io.ManagedSelector - Selector sun.nio.ch.EPollSelectorImpl@154e726d waiting with 2 keys
02:56:42.429 [qtp782228073-60] DEBUG org.eclipse.jetty.server.HttpConnection - HttpConnection@7ed56761::DecryptedEndPoint@592efdbc{l=/127.0.0.1:40197,r=/127.0.0.1:34016,OPEN,fill=FI,flush=-,to=1/30000} onFillable exit HttpChannelState@672ad0e{s=IDLE rs=BLOCKING os=OPEN is=IDLE awp=false se=false i=true al=0} null
02:56:42.430 [qtp782228073-62] DEBUG org.eclipse.jetty.util.thread.QueuedThreadPool - queue Accept@7c77748d[java.nio.channels.SocketChannel[connected local=/127.0.0.1:40197 remote=/127.0.0.1:34024]] startThread=0
02:56:42.430 [qtp782228073-62] DEBUG org.eclipse.jetty.io.ManagedSelector - updates 0
02:56:42.430 [qtp782228073-56] DEBUG org.eclipse.jetty.util.thread.QueuedThreadPool - run Accept@7c77748d[java.nio.channels.SocketChannel[connected local=/127.0.0.1:40197 remote=/127.0.0.1:34024]] in QueuedThreadPool[qtp782228073]@2e9fda69{STARTED,8<=8<=200,i=0,r=-1,q=0}[ReservedThreadExecutor@47a5b70d{reserved=1/8,pending=0}]
02:56:42.430 [qtp782228073-60] DEBUG org.eclipse.jetty.io.ssl.SslConnection - <c.onFillable SslConnection@30abb12::SocketChannelEndPoint@2adeabaf{l=/127.0.0.1:40197,r=/127.0.0.1:34016,OPEN,fill=FI,flush=-,to=0/30000}{io=1/1,kio=1,kro=1}->SslConnection@30abb12{NOT_HANDSHAKING,eio=-1/-1,di=-1,fill=INTERESTED,flush=IDLE}~>DecryptedEndPoint@592efdbc{l=/127.0.0.1:40197,r=/127.0.0.1:34016,OPEN,fill=FI,flush=-,to=1/30000}=>HttpConnection@7ed56761[p=HttpParser{s=START,0 of -1},g=HttpGenerator@2d6765d2{s=START}]=>HttpChannelOverHttp@3e4a0e44{s=HttpChannelState@672ad0e{s=IDLE rs=BLOCKING os=OPEN is=IDLE awp=false se=false i=true al=0},r=1,c=false/false,a=IDLE,uri=null,age=0}
02:56:42.430 [qtp782228073-60] DEBUG org.eclipse.jetty.util.thread.ReservedThreadExecutor - ReservedThread@5478dbfd{RUNNING,thread=Thread[qtp782228073-60,5,main]} was=RUNNING next=RESERVED size=0+2 capacity=8
02:56:42.430 [qtp782228073-56] DEBUG org.eclipse.jetty.io.IdleTimeout - SocketChannelEndPoint@33f9b292{l=/127.0.0.1:40197,r=/127.0.0.1:34024,OPEN,fill=-,flush=-,to=0/30000}{io=0/0,kio=0,kro=0}-><null> idle timeout check, elapsed: 0 ms, remaining: 30000 ms
02:56:42.430 [qtp782228073-60] DEBUG org.eclipse.jetty.util.thread.ReservedThreadExecutor - ReservedThread@5478dbfd{RESERVED,thread=Thread[qtp782228073-60,5,main]} waiting ReservedThreadExecutor@47a5b70d{reserved=2/8,pending=0}
02:56:42.430 [qtp782228073-62] DEBUG org.eclipse.jetty.io.ManagedSelector - Selector sun.nio.ch.EPollSelectorImpl@38358409 waiting with 2 keys
02:56:42.430 [qtp782228073-56] DEBUG org.eclipse.jetty.util.ssl.SslContextFactory - Customize sun.security.ssl.SSLEngineImpl@2cb182ec
02:56:42.430 [qtp782228073-56] DEBUG org.eclipse.jetty.server.HttpChannel - new HttpChannelOverHttp@489dc23b{s=HttpChannelState@5dfe2fbb{s=IDLE rs=BLOCKING os=OPEN is=IDLE awp=false se=false i=true al=0},r=0,c=false/false,a=IDLE,uri=null,age=0} -> DecryptedEndPoint@23ed7bb4{l=/127.0.0.1:40197,r=/127.0.0.1:34024,OPEN,fill=-,flush=-,to=0/30000},null,HttpChannelState@5dfe2fbb{s=IDLE rs=BLOCKING os=OPEN is=IDLE awp=false se=false i=true al=0}
02:56:42.430 [qtp782228073-56] DEBUG org.eclipse.jetty.server.HttpConnection - New HTTP Connection HttpConnection@36b2bc7::DecryptedEndPoint@23ed7bb4{l=/127.0.0.1:40197,r=/127.0.0.1:34024,OPEN,fill=-,flush=-,to=0/30000}
02:56:42.430 [qtp782228073-56] DEBUG org.eclipse.jetty.io.ManagedSelector - Queued change lazy=true org.eclipse.jetty.io.ManagedSelector$$Lambda$258/269590367@25c1ad8b on ManagedSelector@19553973{STARTED} id=3 keys=2 selected=0 updates=0
02:56:42.430 [qtp782228073-56] DEBUG org.eclipse.jetty.io.AbstractEndPoint - onOpen SocketChannelEndPoint@33f9b292{l=/127.0.0.1:40197,r=/127.0.0.1:34024,OPEN,fill=-,flush=-,to=0/30000}{io=0/0,kio=0,kro=0}->SslConnection@96ecd7f{NOT_HANDSHAKING,eio=-1/-1,di=-1,fill=IDLE,flush=IDLE}~>DecryptedEndPoint@23ed7bb4{l=/127.0.0.1:40197,r=/127.0.0.1:34024,OPEN,fill=-,flush=-,to=0/30000}=>HttpConnection@36b2bc7[p=HttpParser{s=START,0 of -1},g=HttpGenerator@4196373d{s=START}]=>HttpChannelOverHttp@489dc23b{s=HttpChannelState@5dfe2fbb{s=IDLE rs=BLOCKING os=OPEN is=IDLE awp=false se=false i=true al=0},r=0,c=false/false,a=IDLE,uri=null,age=0}
02:56:42.430 [qtp782228073-56] DEBUG org.eclipse.jetty.io.AbstractConnection - onOpen SslConnection@96ecd7f::SocketChannelEndPoint@33f9b292{l=/127.0.0.1:40197,r=/127.0.0.1:34024,OPEN,fill=-,flush=-,to=0/30000}{io=0/0,kio=0,kro=0}->SslConnection@96ecd7f{NOT_HANDSHAKING,eio=-1/-1,di=-1,fill=IDLE,flush=IDLE}~>DecryptedEndPoint@23ed7bb4{l=/127.0.0.1:40197,r=/127.0.0.1:34024,OPEN,fill=-,flush=-,to=0/30000}=>HttpConnection@36b2bc7[p=HttpParser{s=START,0 of -1},g=HttpGenerator@4196373d{s=START}]=>HttpChannelOverHttp@489dc23b{s=HttpChannelState@5dfe2fbb{s=IDLE rs=BLOCKING os=OPEN is=IDLE awp=false se=false i=true al=0},r=0,c=false/false,a=IDLE,uri=null,age=0}
02:56:42.430 [qtp782228073-56] DEBUG org.eclipse.jetty.io.AbstractConnection - onOpen HttpConnection@36b2bc7::DecryptedEndPoint@23ed7bb4{l=/127.0.0.1:40197,r=/127.0.0.1:34024,OPEN,fill=-,flush=-,to=0/30000}
02:56:42.430 [qtp782228073-56] DEBUG org.eclipse.jetty.io.AbstractConnection - fillInterested HttpConnection@36b2bc7::DecryptedEndPoint@23ed7bb4{l=/127.0.0.1:40197,r=/127.0.0.1:34024,OPEN,fill=-,flush=-,to=0/30000}
02:56:42.430 [qtp782228073-56] DEBUG org.eclipse.jetty.io.FillInterest - interested FillInterest@1b7919db{AC.ReadCB@36b2bc7{HttpConnection@36b2bc7::DecryptedEndPoint@23ed7bb4{l=/127.0.0.1:40197,r=/127.0.0.1:34024,OPEN,fill=FI,flush=-,to=0/30000}}}
02:56:42.430 [qtp782228073-56] DEBUG org.eclipse.jetty.io.ssl.SslConnection - >needFillInterest s=IDLE/IDLE uf=false ei=null di=null SslConnection@96ecd7f::SocketChannelEndPoint@33f9b292{l=/127.0.0.1:40197,r=/127.0.0.1:34024,OPEN,fill=-,flush=-,to=0/30000}{io=0/0,kio=0,kro=0}->SslConnection@96ecd7f{NOT_HANDSHAKING,eio=-1/-1,di=-1,fill=IDLE,flush=IDLE}~>DecryptedEndPoint@23ed7bb4{l=/127.0.0.1:40197,r=/127.0.0.1:34024,OPEN,fill=FI,flush=-,to=0/30000}=>HttpConnection@36b2bc7[p=HttpParser{s=START,0 of -1},g=HttpGenerator@4196373d{s=START}]=>HttpChannelOverHttp@489dc23b{s=HttpChannelState@5dfe2fbb{s=IDLE rs=BLOCKING os=OPEN is=IDLE awp=false se=false i=true al=0},r=0,c=false/false,a=IDLE,uri=null,age=0}
02:56:42.430 [qtp782228073-56] DEBUG org.eclipse.jetty.io.ssl.SslConnection - <needFillInterest s=IDLE/INTERESTED f=false i=true w=null
02:56:42.430 [qtp782228073-56] DEBUG org.eclipse.jetty.io.ssl.SslConnection - ensureFillInterested SslConnection@96ecd7f::SocketChannelEndPoint@33f9b292{l=/127.0.0.1:40197,r=/127.0.0.1:34024,OPEN,fill=-,flush=-,to=0/30000}{io=0/0,kio=0,kro=0}->SslConnection@96ecd7f{NOT_HANDSHAKING,eio=-1/-1,di=-1,fill=INTERESTED,flush=IDLE}~>DecryptedEndPoint@23ed7bb4{l=/127.0.0.1:40197,r=/127.0.0.1:34024,OPEN,fill=FI,flush=-,to=0/30000}=>HttpConnection@36b2bc7[p=HttpParser{s=START,0 of -1},g=HttpGenerator@4196373d{s=START}]=>HttpChannelOverHttp@489dc23b{s=HttpChannelState@5dfe2fbb{s=IDLE rs=BLOCKING os=OPEN is=IDLE awp=false se=false i=true al=0},r=0,c=false/false,a=IDLE,uri=null,age=0}
02:56:42.431 [qtp782228073-56] DEBUG org.eclipse.jetty.io.FillInterest - interested FillInterest@337c52ca{SSLC.NBReadCB@96ecd7f{SslConnection@96ecd7f::SocketChannelEndPoint@33f9b292{l=/127.0.0.1:40197,r=/127.0.0.1:34024,OPEN,fill=FI,flush=-,to=0/30000}{io=0/0,kio=0,kro=0}->SslConnection@96ecd7f{NOT_HANDSHAKING,eio=-1/-1,di=-1,fill=INTERESTED,flush=IDLE}~>DecryptedEndPoint@23ed7bb4{l=/127.0.0.1:40197,r=/127.0.0.1:34024,OPEN,fill=FI,flush=-,to=0/30000}=>HttpConnection@36b2bc7[p=HttpParser{s=START,0 of -1},g=HttpGenerator@4196373d{s=START}]=>HttpChannelOverHttp@489dc23b{s=HttpChannelState@5dfe2fbb{s=IDLE rs=BLOCKING os=OPEN is=IDLE awp=false se=false i=true al=0},r=0,c=false/false,a=IDLE,uri=null,age=0}}}
02:56:42.431 [qtp782228073-56] DEBUG org.eclipse.jetty.io.ChannelEndPoint - changeInterests p=false 0->1 for SocketChannelEndPoint@33f9b292{l=/127.0.0.1:40197,r=/127.0.0.1:34024,OPEN,fill=FI,flush=-,to=0/30000}{io=0/1,kio=0,kro=0}->SslConnection@96ecd7f{NOT_HANDSHAKING,eio=-1/-1,di=-1,fill=INTERESTED,flush=IDLE}~>DecryptedEndPoint@23ed7bb4{l=/127.0.0.1:40197,r=/127.0.0.1:34024,OPEN,fill=FI,flush=-,to=0/30000}=>HttpConnection@36b2bc7[p=HttpParser{s=START,0 of -1},g=HttpGenerator@4196373d{s=START}]=>HttpChannelOverHttp@489dc23b{s=HttpChannelState@5dfe2fbb{s=IDLE rs=BLOCKING os=OPEN is=IDLE awp=false se=false i=true al=0},r=0,c=false/false,a=IDLE,uri=null,age=0}
02:56:42.431 [qtp782228073-56] DEBUG org.eclipse.jetty.io.ManagedSelector - Queued change lazy=false org.eclipse.jetty.io.ChannelEndPoint$$Lambda$255/899789472@4c8664ef on ManagedSelector@19553973{STARTED} id=3 keys=2 selected=0 updates=1
02:56:42.431 [qtp782228073-56] DEBUG org.eclipse.jetty.io.ManagedSelector - Wakeup on submit ManagedSelector@19553973{STARTED} id=3 keys=2 selected=0 updates=2
02:56:42.431 [qtp782228073-62] DEBUG org.eclipse.jetty.io.ManagedSelector - Selector sun.nio.ch.EPollSelectorImpl@38358409 woken with none selected
02:56:42.431 [qtp782228073-62] DEBUG org.eclipse.jetty.io.ManagedSelector - Selector sun.nio.ch.EPollSelectorImpl@38358409 woken up from select, 0/0/2 selected
02:56:42.431 [qtp782228073-62] DEBUG org.eclipse.jetty.io.ManagedSelector - Selector sun.nio.ch.EPollSelectorImpl@38358409 processing 0 keys, 2 updates
02:56:42.431 [qtp782228073-62] DEBUG org.eclipse.jetty.io.ManagedSelector - updateable 2
02:56:42.431 [qtp782228073-56] DEBUG org.eclipse.jetty.io.ManagedSelector - Created SocketChannelEndPoint@33f9b292{l=/127.0.0.1:40197,r=/127.0.0.1:34024,OPEN,fill=FI,flush=-,to=0/30000}{io=0/1,kio=0,kro=0}->SslConnection@96ecd7f{NOT_HANDSHAKING,eio=-1/-1,di=-1,fill=INTERESTED,flush=IDLE}~>DecryptedEndPoint@23ed7bb4{l=/127.0.0.1:40197,r=/127.0.0.1:34024,OPEN,fill=FI,flush=-,to=0/30000}=>HttpConnection@36b2bc7[p=HttpParser{s=START,0 of -1},g=HttpGenerator@4196373d{s=START}]=>HttpChannelOverHttp@489dc23b{s=HttpChannelState@5dfe2fbb{s=IDLE rs=BLOCKING os=OPEN is=IDLE awp=false se=false i=true al=0},r=0,c=false/false,a=IDLE,uri=null,age=0}
02:56:42.431 [qtp782228073-62] DEBUG org.eclipse.jetty.io.ManagedSelector - update org.eclipse.jetty.io.ManagedSelector$$Lambda$258/269590367@25c1ad8b
02:56:42.431 [qtp782228073-62] DEBUG org.eclipse.jetty.io.ManagedSelector - update org.eclipse.jetty.io.ChannelEndPoint$$Lambda$255/899789472@4c8664ef
02:56:42.431 [qtp782228073-56] DEBUG org.eclipse.jetty.util.thread.QueuedThreadPool - ran Accept@7c77748d[java.nio.channels.SocketChannel[connected local=/127.0.0.1:40197 remote=/127.0.0.1:34024]] in QueuedThreadPool[qtp782228073]@2e9fda69{STARTED,8<=8<=200,i=0,r=-1,q=0}[ReservedThreadExecutor@47a5b70d{reserved=2/8,pending=0}]
02:56:42.431 [qtp782228073-62] DEBUG org.eclipse.jetty.io.ChannelEndPoint - Key interests updated 0 -> 1 on SocketChannelEndPoint@33f9b292{l=/127.0.0.1:40197,r=/127.0.0.1:34024,OPEN,fill=FI,flush=-,to=0/30000}{io=1/1,kio=1,kro=0}->SslConnection@96ecd7f{NOT_HANDSHAKING,eio=-1/-1,di=-1,fill=INTERESTED,flush=IDLE}~>DecryptedEndPoint@23ed7bb4{l=/127.0.0.1:40197,r=/127.0.0.1:34024,OPEN,fill=FI,flush=-,to=0/30000}=>HttpConnection@36b2bc7[p=HttpParser{s=START,0 of -1},g=HttpGenerator@4196373d{s=START}]=>HttpChannelOverHttp@489dc23b{s=HttpChannelState@5dfe2fbb{s=IDLE rs=BLOCKING os=OPEN is=IDLE awp=false se=false i=true al=0},r=0,c=false/false,a=IDLE,uri=null,age=0}
02:56:42.431 [qtp782228073-62] DEBUG org.eclipse.jetty.io.ManagedSelector - updates 0
02:56:42.431 [qtp782228073-62] DEBUG org.eclipse.jetty.io.ManagedSelector - Selector sun.nio.ch.EPollSelectorImpl@38358409 waiting with 2 keys
02:56:42.432 [qtp782228073-62] DEBUG org.eclipse.jetty.io.ManagedSelector - Selector sun.nio.ch.EPollSelectorImpl@38358409 woken up from select, 1/1/2 selected
02:56:42.432 [qtp782228073-62] DEBUG org.eclipse.jetty.io.ManagedSelector - Selector sun.nio.ch.EPollSelectorImpl@38358409 processing 1 keys, 0 updates
02:56:42.432 [qtp782228073-62] DEBUG org.eclipse.jetty.io.ManagedSelector - selected 1 sun.nio.ch.SelectionKeyImpl@2728d237 SocketChannelEndPoint@33f9b292{l=/127.0.0.1:40197,r=/127.0.0.1:34024,OPEN,fill=FI,flush=-,to=1/30000}{io=1/1,kio=1,kro=1}->SslConnection@96ecd7f{NOT_HANDSHAKING,eio=-1/-1,di=-1,fill=INTERESTED,flush=IDLE}~>DecryptedEndPoint@23ed7bb4{l=/127.0.0.1:40197,r=/127.0.0.1:34024,OPEN,fill=FI,flush=-,to=1/30000}=>HttpConnection@36b2bc7[p=HttpParser{s=START,0 of -1},g=HttpGenerator@4196373d{s=START}]=>HttpChannelOverHttp@489dc23b{s=HttpChannelState@5dfe2fbb{s=IDLE rs=BLOCKING os=OPEN is=IDLE awp=false se=false i=true al=0},r=0,c=false/false,a=IDLE,uri=null,age=0} 
02:56:42.432 [qtp782228073-62] DEBUG org.eclipse.jetty.io.ChannelEndPoint - onSelected 1->0 r=true w=false for SocketChannelEndPoint@33f9b292{l=/127.0.0.1:40197,r=/127.0.0.1:34024,OPEN,fill=FI,flush=-,to=1/30000}{io=1/0,kio=1,kro=1}->SslConnection@96ecd7f{NOT_HANDSHAKING,eio=-1/-1,di=-1,fill=INTERESTED,flush=IDLE}~>DecryptedEndPoint@23ed7bb4{l=/127.0.0.1:40197,r=/127.0.0.1:34024,OPEN,fill=FI,flush=-,to=1/30000}=>HttpConnection@36b2bc7[p=HttpParser{s=START,0 of -1},g=HttpGenerator@4196373d{s=START}]=>HttpChannelOverHttp@489dc23b{s=HttpChannelState@5dfe2fbb{s=IDLE rs=BLOCKING os=OPEN is=IDLE awp=false se=false i=true al=0},r=0,c=false/false,a=IDLE,uri=null,age=0}
02:56:42.432 [qtp782228073-62] DEBUG org.eclipse.jetty.io.ChannelEndPoint - task CEP:SocketChannelEndPoint@33f9b292{l=/127.0.0.1:40197,r=/127.0.0.1:34024,OPEN,fill=FI,flush=-,to=1/30000}{io=1/0,kio=1,kro=1}->SslConnection@96ecd7f{NOT_HANDSHAKING,eio=-1/-1,di=-1,fill=INTERESTED,flush=IDLE}~>DecryptedEndPoint@23ed7bb4{l=/127.0.0.1:40197,r=/127.0.0.1:34024,OPEN,fill=FI,flush=-,to=1/30000}=>HttpConnection@36b2bc7[p=HttpParser{s=START,0 of -1},g=HttpGenerator@4196373d{s=START}]=>HttpChannelOverHttp@489dc23b{s=HttpChannelState@5dfe2fbb{s=IDLE rs=BLOCKING os=OPEN is=IDLE awp=false se=false i=true al=0},r=0,c=false/false,a=IDLE,uri=null,age=0}:runFillable:BLOCKING
02:56:42.432 [qtp782228073-62] DEBUG org.eclipse.jetty.util.thread.ReservedThreadExecutor - ReservedThreadExecutor@47a5b70d{reserved=2/8,pending=0} tryExecute EatWhatYouKill@47a86fbb/SelectorProducer@f478a81/PRODUCING/p=false/QueuedThreadPool[qtp782228073]@2e9fda69{STARTED,8<=8<=200,i=1,r=-1,q=0}[ReservedThreadExecutor@47a5b70d{reserved=2/8,pending=0}][pc=0,pic=0,pec=0,epc=3]@2024-05-02T02:56:42.432+01:00
02:56:42.432 [qtp782228073-60] DEBUG org.eclipse.jetty.util.thread.ReservedThreadExecutor - ReservedThread@5478dbfd{RESERVED,thread=Thread[qtp782228073-60,5,main]} task=EatWhatYouKill@47a86fbb/SelectorProducer@f478a81/IDLE/p=true/QueuedThreadPool[qtp782228073]@2e9fda69{STARTED,8<=8<=200,i=1,r=-1,q=0}[ReservedThreadExecutor@47a5b70d{reserved=1/8,pending=0}][pc=0,pic=0,pec=0,epc=3]@2024-05-02T02:56:42.432+01:00 ReservedThreadExecutor@47a5b70d{reserved=1/8,pending=0}
02:56:42.432 [qtp782228073-62] DEBUG org.eclipse.jetty.util.thread.strategy.EatWhatYouKill - EatWhatYouKill@47a86fbb/SelectorProducer@f478a81/IDLE/p=true/QueuedThreadPool[qtp782228073]@2e9fda69{STARTED,8<=8<=200,i=1,r=-1,q=0}[ReservedThreadExecutor@47a5b70d{reserved=1/8,pending=0}][pc=0,pic=0,pec=0,epc=3]@2024-05-02T02:56:42.432+01:00 m=EXECUTE_PRODUCE_CONSUME t=CEP:SocketChannelEndPoint@33f9b292{l=/127.0.0.1:40197,r=/127.0.0.1:34024,OPEN,fill=FI,flush=-,to=1/30000}{io=1/0,kio=1,kro=1}->SslConnection@96ecd7f{NOT_HANDSHAKING,eio=-1/-1,di=-1,fill=INTERESTED,flush=IDLE}~>DecryptedEndPoint@23ed7bb4{l=/127.0.0.1:40197,r=/127.0.0.1:34024,OPEN,fill=FI,flush=-,to=1/30000}=>HttpConnection@36b2bc7[p=HttpParser{s=START,0 of -1},g=HttpGenerator@4196373d{s=START}]=>HttpChannelOverHttp@489dc23b{s=HttpChannelState@5dfe2fbb{s=IDLE rs=BLOCKING os=OPEN is=IDLE awp=false se=false i=true al=0},r=0,c=false/false,a=IDLE,uri=null,age=0}:runFillable:BLOCKING/BLOCKING
02:56:42.432 [qtp782228073-60] DEBUG org.eclipse.jetty.util.thread.strategy.EatWhatYouKill - EatWhatYouKill@47a86fbb/SelectorProducer@f478a81/IDLE/p=true/QueuedThreadPool[qtp782228073]@2e9fda69{STARTED,8<=8<=200,i=1,r=-1,q=0}[ReservedThreadExecutor@47a5b70d{reserved=1/8,pending=0}][pc=0,pic=0,pec=0,epc=4]@2024-05-02T02:56:42.432+01:00 tryProduce true
02:56:42.432 [qtp782228073-60] DEBUG org.eclipse.jetty.io.ManagedSelector - updateable 0
02:56:42.432 [qtp782228073-62] DEBUG org.eclipse.jetty.io.FillInterest - fillable FillInterest@337c52ca{SSLC.NBReadCB@96ecd7f{SslConnection@96ecd7f::SocketChannelEndPoint@33f9b292{l=/127.0.0.1:40197,r=/127.0.0.1:34024,OPEN,fill=FI,flush=-,to=1/30000}{io=1/0,kio=1,kro=1}->SslConnection@96ecd7f{NOT_HANDSHAKING,eio=-1/-1,di=-1,fill=INTERESTED,flush=IDLE}~>DecryptedEndPoint@23ed7bb4{l=/127.0.0.1:40197,r=/127.0.0.1:34024,OPEN,fill=FI,flush=-,to=1/30000}=>HttpConnection@36b2bc7[p=HttpParser{s=START,0 of -1},g=HttpGenerator@4196373d{s=START}]=>HttpChannelOverHttp@489dc23b{s=HttpChannelState@5dfe2fbb{s=IDLE rs=BLOCKING os=OPEN is=IDLE awp=false se=false i=true al=0},r=0,c=false/false,a=IDLE,uri=null,age=0}}}
02:56:42.432 [qtp782228073-60] DEBUG org.eclipse.jetty.io.ManagedSelector - updates 0
02:56:42.432 [qtp782228073-62] DEBUG org.eclipse.jetty.io.ssl.SslConnection - >c.onFillable SslConnection@96ecd7f::SocketChannelEndPoint@33f9b292{l=/127.0.0.1:40197,r=/127.0.0.1:34024,OPEN,fill=-,flush=-,to=1/30000}{io=0/0,kio=1,kro=1}->SslConnection@96ecd7f{NOT_HANDSHAKING,eio=-1/-1,di=-1,fill=INTERESTED,flush=IDLE}~>DecryptedEndPoint@23ed7bb4{l=/127.0.0.1:40197,r=/127.0.0.1:34024,OPEN,fill=FI,flush=-,to=1/30000}=>HttpConnection@36b2bc7[p=HttpParser{s=START,0 of -1},g=HttpGenerator@4196373d{s=START}]=>HttpChannelOverHttp@489dc23b{s=HttpChannelState@5dfe2fbb{s=IDLE rs=BLOCKING os=OPEN is=IDLE awp=false se=false i=true al=0},r=0,c=false/false,a=IDLE,uri=null,age=0}
02:56:42.432 [qtp782228073-60] DEBUG org.eclipse.jetty.io.ChannelEndPoint - Key interests updated 1 -> 0 on SocketChannelEndPoint@33f9b292{l=/127.0.0.1:40197,r=/127.0.0.1:34024,OPEN,fill=-,flush=-,to=1/30000}{io=0/0,kio=0,kro=1}->SslConnection@96ecd7f{NOT_HANDSHAKING,eio=-1/-1,di=-1,fill=INTERESTED,flush=IDLE}~>DecryptedEndPoint@23ed7bb4{l=/127.0.0.1:40197,r=/127.0.0.1:34024,OPEN,fill=FI,flush=-,to=1/30000}=>HttpConnection@36b2bc7[p=HttpParser{s=START,0 of -1},g=HttpGenerator@4196373d{s=START}]=>HttpChannelOverHttp@489dc23b{s=HttpChannelState@5dfe2fbb{s=IDLE rs=BLOCKING os=OPEN is=IDLE awp=false se=false i=true al=0},r=0,c=false/false,a=IDLE,uri=null,age=0}
02:56:42.432 [qtp782228073-60] DEBUG org.eclipse.jetty.io.ManagedSelector - Selector sun.nio.ch.EPollSelectorImpl@38358409 waiting with 2 keys
02:56:42.432 [qtp782228073-62] DEBUG org.eclipse.jetty.io.ssl.SslConnection - onFillable SslConnection@96ecd7f::SocketChannelEndPoint@33f9b292{l=/127.0.0.1:40197,r=/127.0.0.1:34024,OPEN,fill=-,flush=-,to=1/30000}{io=0/0,kio=0,kro=1}->SslConnection@96ecd7f{NOT_HANDSHAKING,eio=-1/-1,di=-1,fill=INTERESTED,flush=IDLE}~>DecryptedEndPoint@23ed7bb4{l=/127.0.0.1:40197,r=/127.0.0.1:34024,OPEN,fill=FI,flush=-,to=2/30000}=>HttpConnection@36b2bc7[p=HttpParser{s=START,0 of -1},g=HttpGenerator@4196373d{s=START}]=>HttpChannelOverHttp@489dc23b{s=HttpChannelState@5dfe2fbb{s=IDLE rs=BLOCKING os=OPEN is=IDLE awp=false se=false i=true al=0},r=0,c=false/false,a=IDLE,uri=null,age=0}
02:56:42.432 [qtp782228073-62] DEBUG org.eclipse.jetty.io.FillInterest - fillable FillInterest@1b7919db{AC.ReadCB@36b2bc7{HttpConnection@36b2bc7::DecryptedEndPoint@23ed7bb4{l=/127.0.0.1:40197,r=/127.0.0.1:34024,OPEN,fill=FI,flush=-,to=2/30000}}}
02:56:42.432 [qtp782228073-62] DEBUG org.eclipse.jetty.server.HttpConnection - HttpConnection@36b2bc7::DecryptedEndPoint@23ed7bb4{l=/127.0.0.1:40197,r=/127.0.0.1:34024,OPEN,fill=-,flush=-,to=2/30000} onFillable enter HttpChannelState@5dfe2fbb{s=IDLE rs=BLOCKING os=OPEN is=IDLE awp=false se=false i=true al=0} null
02:56:42.432 [qtp782228073-62] DEBUG org.eclipse.jetty.io.ssl.SslConnection - >fill SslConnection@96ecd7f::SocketChannelEndPoint@33f9b292{l=/127.0.0.1:40197,r=/127.0.0.1:34024,OPEN,fill=-,flush=-,to=1/30000}{io=0/0,kio=0,kro=1}->SslConnection@96ecd7f{NOT_HANDSHAKING,eio=-1/-1,di=-1,fill=IDLE,flush=IDLE}~>DecryptedEndPoint@23ed7bb4{l=/127.0.0.1:40197,r=/127.0.0.1:34024,OPEN,fill=-,flush=-,to=2/30000}=>HttpConnection@36b2bc7[p=HttpParser{s=START,0 of -1},g=HttpGenerator@4196373d{s=START}]=>HttpChannelOverHttp@489dc23b{s=HttpChannelState@5dfe2fbb{s=IDLE rs=BLOCKING os=OPEN is=IDLE awp=false se=false i=true al=0},r=0,c=false/false,a=IDLE,uri=null,age=0}
02:56:42.432 [qtp782228073-62] DEBUG org.eclipse.jetty.io.ssl.SslConnection - fill NOT_HANDSHAKING
02:56:42.433 [qtp782228073-62] DEBUG org.eclipse.jetty.io.ChannelEndPoint - filled 339 HeapByteBuffer@1b26ebdb[p=0,l=339,c=17408,r=339]={<<<\x16\x03\x03\x01N\x01\x00\x01J\x03\x035~\x8a\xD5\x8c\x08\xEf\x19-\\nNxs...\xFe\x97\xC1\xFaw\x98z\xFeb\xD8{\x1e\xB1Qrw\x0f\xFb\xFf\x01\x00\x01\x00>>>\xF9\xFb}{\xC0\xFag\xC6G...\x00\x00\x00\x00\x00\x00\x00}
02:56:42.433 [qtp782228073-62] DEBUG org.eclipse.jetty.io.ssl.SslConnection - net filled=339
02:56:42.433 [qtp782228073-62] DEBUG org.eclipse.jetty.io.ssl.SslConnection - fill starting handshake SslConnection@96ecd7f::SocketChannelEndPoint@33f9b292{l=/127.0.0.1:40197,r=/127.0.0.1:34024,OPEN,fill=-,flush=-,to=0/30000}{io=0/0,kio=0,kro=1}->SslConnection@96ecd7f{NOT_HANDSHAKING,eio=339/-1,di=-1,fill=IDLE,flush=IDLE}~>DecryptedEndPoint@23ed7bb4{l=/127.0.0.1:40197,r=/127.0.0.1:34024,OPEN,fill=-,flush=-,to=2/30000}=>HttpConnection@36b2bc7[p=HttpParser{s=START,0 of -1},g=HttpGenerator@4196373d{s=START}]=>HttpChannelOverHttp@489dc23b{s=HttpChannelState@5dfe2fbb{s=IDLE rs=BLOCKING os=OPEN is=IDLE awp=false se=false i=true al=0},r=0,c=false/false,a=IDLE,uri=null,age=0}
02:56:42.433 [qtp782228073-62] DEBUG org.eclipse.jetty.io.ssl.SslConnection - unwrap net_filled=339 Status = OK HandshakeStatus = NEED_TASK bytesConsumed = 339 bytesProduced = 0 encryptedBuffer=[p=339,l=339,c=17408,r=0] unwrapBuffer=HeapByteBuffer@740a9f9e[p=0,l=0,c=17408,r=0]={<<<>>>\x17\x03\x03\x00\xC9L\xA2\xAf\xE2...\x00\x00\x00\x00\x00\x00\x00} appBuffer=HeapByteBuffer@740a9f9e[p=0,l=0,c=17408,r=0]={<<<>>>\x17\x03\x03\x00\xC9L\xA2\xAf\xE2...\x00\x00\x00\x00\x00\x00\x00}
02:56:42.433 [qtp782228073-62] DEBUG org.eclipse.jetty.io.ssl.SslConnection - fill NEED_TASK
02:56:42.439 [qtp782228073-62] DEBUG org.eclipse.jetty.io.ssl.SslConnection - fill NEED_WRAP
02:56:42.439 [qtp782228073-62] DEBUG org.eclipse.jetty.io.ssl.SslConnection - >flush SslConnection@96ecd7f::SocketChannelEndPoint@33f9b292{l=/127.0.0.1:40197,r=/127.0.0.1:34024,OPEN,fill=-,flush=-,to=6/30000}{io=0/0,kio=0,kro=1}->SslConnection@96ecd7f{NEED_WRAP,eio=0/-1,di=-1,fill=IDLE,flush=IDLE}~>DecryptedEndPoint@23ed7bb4{l=/127.0.0.1:40197,r=/127.0.0.1:34024,OPEN,fill=-,flush=-,to=8/30000}=>HttpConnection@36b2bc7[p=HttpParser{s=START,0 of -1},g=HttpGenerator@4196373d{s=START}]=>HttpChannelOverHttp@489dc23b{s=HttpChannelState@5dfe2fbb{s=IDLE rs=BLOCKING os=OPEN is=IDLE awp=false se=false i=true al=0},r=0,c=false/false,a=IDLE,uri=null,age=0}
02:56:42.439 [qtp782228073-62] DEBUG org.eclipse.jetty.io.ssl.SslConnection - flush b[0]=HeapByteBuffer@58f161d6[p=0,l=0,c=0,r=0]={<<<>>>}
02:56:42.439 [qtp782228073-62] DEBUG org.eclipse.jetty.io.ssl.SslConnection - flush NEED_WRAP
02:56:42.439 [qtp782228073-62] DEBUG org.eclipse.jetty.io.ssl.SslConnection - wrap Status = OK HandshakeStatus = NEED_WRAP bytesConsumed = 0 bytesProduced = 160 [p=0,l=160,c=17408,r=160] ioDone=false/false
02:56:42.439 [qtp782228073-62] DEBUG org.eclipse.jetty.io.ChannelEndPoint - flushed 160 SocketChannelEndPoint@33f9b292{l=/127.0.0.1:40197,r=/127.0.0.1:34024,OPEN,fill=-,flush=-,to=6/30000}{io=0/0,kio=0,kro=1}->SslConnection@96ecd7f{NEED_WRAP,eio=0/0,di=-1,fill=IDLE,flush=IDLE}~>DecryptedEndPoint@23ed7bb4{l=/127.0.0.1:40197,r=/127.0.0.1:34024,OPEN,fill=-,flush=-,to=8/30000}=>HttpConnection@36b2bc7[p=HttpParser{s=START,0 of -1},g=HttpGenerator@4196373d{s=START}]=>HttpChannelOverHttp@489dc23b{s=HttpChannelState@5dfe2fbb{s=IDLE rs=BLOCKING os=OPEN is=IDLE awp=false se=false i=true al=0},r=0,c=false/false,a=IDLE,uri=null,age=0}
02:56:42.439 [qtp782228073-62] DEBUG org.eclipse.jetty.io.ssl.SslConnection - net flushed=true, ac=true
02:56:42.439 [qtp782228073-62] DEBUG org.eclipse.jetty.io.ssl.SslConnection - flush NEED_WRAP
02:56:42.439 [qtp782228073-62] DEBUG org.eclipse.jetty.io.ssl.SslConnection - wrap Status = OK HandshakeStatus = NEED_WRAP bytesConsumed = 0 bytesProduced = 6 [p=0,l=6,c=17408,r=6] ioDone=false/false
02:56:42.439 [qtp782228073-62] DEBUG org.eclipse.jetty.io.ChannelEndPoint - flushed 6 SocketChannelEndPoint@33f9b292{l=/127.0.0.1:40197,r=/127.0.0.1:34024,OPEN,fill=-,flush=-,to=0/30000}{io=0/0,kio=0,kro=1}->SslConnection@96ecd7f{NEED_WRAP,eio=0/0,di=-1,fill=IDLE,flush=IDLE}~>DecryptedEndPoint@23ed7bb4{l=/127.0.0.1:40197,r=/127.0.0.1:34024,OPEN,fill=-,flush=-,to=8/30000}=>HttpConnection@36b2bc7[p=HttpParser{s=START,0 of -1},g=HttpGenerator@4196373d{s=START}]=>HttpChannelOverHttp@489dc23b{s=HttpChannelState@5dfe2fbb{s=IDLE rs=BLOCKING os=OPEN is=IDLE awp=false se=false i=true al=0},r=0,c=false/false,a=IDLE,uri=null,age=0}
02:56:42.439 [qtp782228073-62] DEBUG org.eclipse.jetty.io.ssl.SslConnection - net flushed=true, ac=true
02:56:42.439 [qtp782228073-62] DEBUG org.eclipse.jetty.io.ssl.SslConnection - flush NEED_WRAP
02:56:42.439 [qtp782228073-62] DEBUG org.eclipse.jetty.io.ssl.SslConnection - wrap Status = OK HandshakeStatus = NEED_UNWRAP bytesConsumed = 0 bytesProduced = 1597 [p=0,l=1597,c=17408,r=1597] ioDone=false/false
02:56:42.439 [qtp782228073-62] DEBUG org.eclipse.jetty.io.ChannelEndPoint - flushed 1597 SocketChannelEndPoint@33f9b292{l=/127.0.0.1:40197,r=/127.0.0.1:34024,OPEN,fill=-,flush=-,to=0/30000}{io=0/0,kio=0,kro=1}->SslConnection@96ecd7f{NEED_UNWRAP,eio=0/0,di=-1,fill=IDLE,flush=IDLE}~>DecryptedEndPoint@23ed7bb4{l=/127.0.0.1:40197,r=/127.0.0.1:34024,OPEN,fill=-,flush=-,to=9/30000}=>HttpConnection@36b2bc7[p=HttpParser{s=START,0 of -1},g=HttpGenerator@4196373d{s=START}]=>HttpChannelOverHttp@489dc23b{s=HttpChannelState@5dfe2fbb{s=IDLE rs=BLOCKING os=OPEN is=IDLE awp=false se=false i=true al=0},r=0,c=false/false,a=IDLE,uri=null,age=0}
02:56:42.440 [qtp782228073-62] DEBUG org.eclipse.jetty.io.ssl.SslConnection - net flushed=true, ac=true
02:56:42.440 [qtp782228073-62] DEBUG org.eclipse.jetty.io.ssl.SslConnection - <flush true SslConnection@96ecd7f::SocketChannelEndPoint@33f9b292{l=/127.0.0.1:40197,r=/127.0.0.1:34024,OPEN,fill=-,flush=-,to=0/30000}{io=0/0,kio=0,kro=1}->SslConnection@96ecd7f{NEED_UNWRAP,eio=0/-1,di=-1,fill=IDLE,flush=IDLE}~>DecryptedEndPoint@23ed7bb4{l=/127.0.0.1:40197,r=/127.0.0.1:34024,OPEN,fill=-,flush=-,to=9/30000}=>HttpConnection@36b2bc7[p=HttpParser{s=START,0 of -1},g=HttpGenerator@4196373d{s=START}]=>HttpChannelOverHttp@489dc23b{s=HttpChannelState@5dfe2fbb{s=IDLE rs=BLOCKING os=OPEN is=IDLE awp=false se=false i=true al=0},r=0,c=false/false,a=IDLE,uri=null,age=0}
02:56:42.440 [qtp782228073-62] DEBUG org.eclipse.jetty.io.ssl.SslConnection - fill NEED_UNWRAP
02:56:42.440 [qtp782228073-62] DEBUG org.eclipse.jetty.io.ChannelEndPoint - filled 0 HeapByteBuffer@1b26ebdb[p=0,l=0,c=17408,r=0]={<<<>>>\x16\x03\x03\x01N\x01\x00\x01J...\x00\x00\x00\x00\x00\x00\x00}
02:56:42.440 [qtp782228073-62] DEBUG org.eclipse.jetty.io.ssl.SslConnection - net filled=0
02:56:42.440 [qtp782228073-62] DEBUG org.eclipse.jetty.io.ssl.SslConnection - unwrap net_filled=0 Status = BUFFER_UNDERFLOW HandshakeStatus = NEED_UNWRAP bytesConsumed = 0 bytesProduced = 0 encryptedBuffer=[p=0,l=0,c=17408,r=0] unwrapBuffer=HeapByteBuffer@740a9f9e[p=0,l=0,c=17408,r=0]={<<<>>>\x17\x03\x03\x00\xC9L\xA2\xAf\xE2...\x00\x00\x00\x00\x00\x00\x00} appBuffer=HeapByteBuffer@740a9f9e[p=0,l=0,c=17408,r=0]={<<<>>>\x17\x03\x03\x00\xC9L\xA2\xAf\xE2...\x00\x00\x00\x00\x00\x00\x00}
02:56:42.440 [qtp782228073-62] DEBUG org.eclipse.jetty.io.ssl.SslConnection - <fill f=0 uf=true SslConnection@96ecd7f::SocketChannelEndPoint@33f9b292{l=/127.0.0.1:40197,r=/127.0.0.1:34024,OPEN,fill=-,flush=-,to=0/30000}{io=0/0,kio=0,kro=1}->SslConnection@96ecd7f{NEED_UNWRAP,eio=-1/-1,di=-1,fill=IDLE,flush=IDLE}~>DecryptedEndPoint@23ed7bb4{l=/127.0.0.1:40197,r=/127.0.0.1:34024,OPEN,fill=-,flush=-,to=9/30000}=>HttpConnection@36b2bc7[p=HttpParser{s=START,0 of -1},g=HttpGenerator@4196373d{s=START}]=>HttpChannelOverHttp@489dc23b{s=HttpChannelState@5dfe2fbb{s=IDLE rs=BLOCKING os=OPEN is=IDLE awp=false se=false i=true al=0},r=0,c=false/false,a=IDLE,uri=null,age=0}
02:56:42.440 [qtp782228073-62] DEBUG org.eclipse.jetty.io.ssl.SslConnection - >fill SslConnection@96ecd7f::SocketChannelEndPoint@33f9b292{l=/127.0.0.1:40197,r=/127.0.0.1:34024,OPEN,fill=-,flush=-,to=0/30000}{io=0/0,kio=0,kro=1}->SslConnection@96ecd7f{NEED_UNWRAP,eio=-1/-1,di=-1,fill=IDLE,flush=IDLE}~>DecryptedEndPoint@23ed7bb4{l=/127.0.0.1:40197,r=/127.0.0.1:34024,OPEN,fill=-,flush=-,to=9/30000}=>HttpConnection@36b2bc7[p=HttpParser{s=START,0 of -1},g=HttpGenerator@4196373d{s=START}]=>HttpChannelOverHttp@489dc23b{s=HttpChannelState@5dfe2fbb{s=IDLE rs=BLOCKING os=OPEN is=IDLE awp=false se=false i=true al=0},r=0,c=false/false,a=IDLE,uri=null,age=0}
02:56:42.440 [qtp782228073-62] DEBUG org.eclipse.jetty.io.ssl.SslConnection - fill NEED_UNWRAP
02:56:42.440 [qtp782228073-62] DEBUG org.eclipse.jetty.io.ChannelEndPoint - filled 0 HeapByteBuffer@7acd6f6f[p=0,l=0,c=17408,r=0]={<<<>>>\x17\x03\x03\x068\xF5\x96\xA5\x84...\x00\x00\x00\x00\x00\x00\x00}
02:56:42.440 [qtp782228073-62] DEBUG org.eclipse.jetty.io.ssl.SslConnection - net filled=0
02:56:42.440 [qtp782228073-62] DEBUG org.eclipse.jetty.io.ssl.SslConnection - unwrap net_filled=0 Status = BUFFER_UNDERFLOW HandshakeStatus = NEED_UNWRAP bytesConsumed = 0 bytesProduced = 0 encryptedBuffer=[p=0,l=0,c=17408,r=0] unwrapBuffer=HeapByteBuffer@740a9f9e[p=0,l=0,c=17408,r=0]={<<<>>>\x17\x03\x03\x00\xC9L\xA2\xAf\xE2...\x00\x00\x00\x00\x00\x00\x00} appBuffer=HeapByteBuffer@740a9f9e[p=0,l=0,c=17408,r=0]={<<<>>>\x17\x03\x03\x00\xC9L\xA2\xAf\xE2...\x00\x00\x00\x00\x00\x00\x00}
02:56:42.440 [qtp782228073-62] DEBUG org.eclipse.jetty.io.ssl.SslConnection - <fill f=0 uf=true SslConnection@96ecd7f::SocketChannelEndPoint@33f9b292{l=/127.0.0.1:40197,r=/127.0.0.1:34024,OPEN,fill=-,flush=-,to=0/30000}{io=0/0,kio=0,kro=1}->SslConnection@96ecd7f{NEED_UNWRAP,eio=-1/-1,di=-1,fill=IDLE,flush=IDLE}~>DecryptedEndPoint@23ed7bb4{l=/127.0.0.1:40197,r=/127.0.0.1:34024,OPEN,fill=-,flush=-,to=9/30000}=>HttpConnection@36b2bc7[p=HttpParser{s=START,0 of -1},g=HttpGenerator@4196373d{s=START}]=>HttpChannelOverHttp@489dc23b{s=HttpChannelState@5dfe2fbb{s=IDLE rs=BLOCKING os=OPEN is=IDLE awp=false se=false i=true al=0},r=0,c=false/false,a=IDLE,uri=null,age=0}
02:56:42.440 [qtp782228073-62] DEBUG org.eclipse.jetty.server.HttpConnection - HttpConnection@36b2bc7::DecryptedEndPoint@23ed7bb4{l=/127.0.0.1:40197,r=/127.0.0.1:34024,OPEN,fill=-,flush=-,to=9/30000} filled 0 HeapByteBuffer@740a9f9e[p=0,l=0,c=17408,r=0]={<<<>>>\x17\x03\x03\x00\xC9L\xA2\xAf\xE2...\x00\x00\x00\x00\x00\x00\x00}
02:56:42.440 [qtp782228073-62] DEBUG org.eclipse.jetty.server.HttpConnection - HttpConnection@36b2bc7::DecryptedEndPoint@23ed7bb4{l=/127.0.0.1:40197,r=/127.0.0.1:34024,OPEN,fill=-,flush=-,to=9/30000} parse HeapByteBuffer@740a9f9e[p=0,l=0,c=17408,r=0]={<<<>>>\x17\x03\x03\x00\xC9L\xA2\xAf\xE2...\x00\x00\x00\x00\x00\x00\x00} {}
02:56:42.440 [qtp782228073-62] DEBUG org.eclipse.jetty.http.HttpParser - parseNext s=START HeapByteBuffer@740a9f9e[p=0,l=0,c=17408,r=0]={<<<>>>\x17\x03\x03\x00\xC9L\xA2\xAf\xE2...\x00\x00\x00\x00\x00\x00\x00}
02:56:42.440 [qtp782228073-62] DEBUG org.eclipse.jetty.server.HttpConnection - HttpConnection@36b2bc7::DecryptedEndPoint@23ed7bb4{l=/127.0.0.1:40197,r=/127.0.0.1:34024,OPEN,fill=-,flush=-,to=9/30000} parsed false HttpParser{s=START,0 of -1}
02:56:42.440 [qtp782228073-62] DEBUG org.eclipse.jetty.server.HttpConnection - releaseRequestBuffer HttpConnection@36b2bc7::DecryptedEndPoint@23ed7bb4{l=/127.0.0.1:40197,r=/127.0.0.1:34024,OPEN,fill=-,flush=-,to=10/30000}
02:56:42.440 [qtp782228073-62] DEBUG org.eclipse.jetty.io.AbstractConnection - fillInterested HttpConnection@36b2bc7::DecryptedEndPoint@23ed7bb4{l=/127.0.0.1:40197,r=/127.0.0.1:34024,OPEN,fill=-,flush=-,to=10/30000}
02:56:42.440 [qtp782228073-62] DEBUG org.eclipse.jetty.io.FillInterest - interested FillInterest@1b7919db{AC.ReadCB@36b2bc7{HttpConnection@36b2bc7::DecryptedEndPoint@23ed7bb4{l=/127.0.0.1:40197,r=/127.0.0.1:34024,OPEN,fill=FI,flush=-,to=0/30000}}}
02:56:42.440 [qtp782228073-62] DEBUG org.eclipse.jetty.io.ssl.SslConnection - >needFillInterest s=IDLE/IDLE uf=true ei=null di=null SslConnection@96ecd7f::SocketChannelEndPoint@33f9b292{l=/127.0.0.1:40197,r=/127.0.0.1:34024,OPEN,fill=-,flush=-,to=0/30000}{io=0/0,kio=0,kro=1}->SslConnection@96ecd7f{NEED_UNWRAP,eio=-1/-1,di=-1,fill=IDLE,flush=IDLE}~>DecryptedEndPoint@23ed7bb4{l=/127.0.0.1:40197,r=/127.0.0.1:34024,OPEN,fill=FI,flush=-,to=0/30000}=>HttpConnection@36b2bc7[p=HttpParser{s=START,0 of -1},g=HttpGenerator@4196373d{s=START}]=>HttpChannelOverHttp@489dc23b{s=HttpChannelState@5dfe2fbb{s=IDLE rs=BLOCKING os=OPEN is=IDLE awp=false se=false i=true al=0},r=0,c=false/false,a=IDLE,uri=null,age=0}
02:56:42.440 [qtp782228073-62] DEBUG org.eclipse.jetty.io.ssl.SslConnection - <needFillInterest s=IDLE/INTERESTED f=false i=true w=null
02:56:42.440 [qtp782228073-62] DEBUG org.eclipse.jetty.io.ssl.SslConnection - ensureFillInterested SslConnection@96ecd7f::SocketChannelEndPoint@33f9b292{l=/127.0.0.1:40197,r=/127.0.0.1:34024,OPEN,fill=-,flush=-,to=0/30000}{io=0/0,kio=0,kro=1}->SslConnection@96ecd7f{NEED_UNWRAP,eio=-1/-1,di=-1,fill=INTERESTED,flush=IDLE}~>DecryptedEndPoint@23ed7bb4{l=/127.0.0.1:40197,r=/127.0.0.1:34024,OPEN,fill=FI,flush=-,to=0/30000}=>HttpConnection@36b2bc7[p=HttpParser{s=START,0 of -1},g=HttpGenerator@4196373d{s=START}]=>HttpChannelOverHttp@489dc23b{s=HttpChannelState@5dfe2fbb{s=IDLE rs=BLOCKING os=OPEN is=IDLE awp=false se=false i=true al=0},r=0,c=false/false,a=IDLE,uri=null,age=0}
02:56:42.441 [qtp782228073-62] DEBUG org.eclipse.jetty.io.FillInterest - interested FillInterest@337c52ca{SSLC.NBReadCB@96ecd7f{SslConnection@96ecd7f::SocketChannelEndPoint@33f9b292{l=/127.0.0.1:40197,r=/127.0.0.1:34024,OPEN,fill=FI,flush=-,to=0/30000}{io=0/0,kio=0,kro=1}->SslConnection@96ecd7f{NEED_UNWRAP,eio=-1/-1,di=-1,fill=INTERESTED,flush=IDLE}~>DecryptedEndPoint@23ed7bb4{l=/127.0.0.1:40197,r=/127.0.0.1:34024,OPEN,fill=FI,flush=-,to=0/30000}=>HttpConnection@36b2bc7[p=HttpParser{s=START,0 of -1},g=HttpGenerator@4196373d{s=START}]=>HttpChannelOverHttp@489dc23b{s=HttpChannelState@5dfe2fbb{s=IDLE rs=BLOCKING os=OPEN is=IDLE awp=false se=false i=true al=0},r=0,c=false/false,a=IDLE,uri=null,age=0}}}
02:56:42.441 [qtp782228073-62] DEBUG org.eclipse.jetty.io.ChannelEndPoint - changeInterests p=false 0->1 for SocketChannelEndPoint@33f9b292{l=/127.0.0.1:40197,r=/127.0.0.1:34024,OPEN,fill=FI,flush=-,to=0/30000}{io=0/1,kio=0,kro=1}->SslConnection@96ecd7f{NEED_UNWRAP,eio=-1/-1,di=-1,fill=INTERESTED,flush=IDLE}~>DecryptedEndPoint@23ed7bb4{l=/127.0.0.1:40197,r=/127.0.0.1:34024,OPEN,fill=FI,flush=-,to=0/30000}=>HttpConnection@36b2bc7[p=HttpParser{s=START,0 of -1},g=HttpGenerator@4196373d{s=START}]=>HttpChannelOverHttp@489dc23b{s=HttpChannelState@5dfe2fbb{s=IDLE rs=BLOCKING os=OPEN is=IDLE awp=false se=false i=true al=0},r=0,c=false/false,a=IDLE,uri=null,age=0}
02:56:42.441 [qtp782228073-62] DEBUG org.eclipse.jetty.io.ManagedSelector - Queued change lazy=false org.eclipse.jetty.io.ChannelEndPoint$$Lambda$255/899789472@4c8664ef on ManagedSelector@19553973{STARTED} id=3 keys=2 selected=0 updates=0
02:56:42.441 [qtp782228073-62] DEBUG org.eclipse.jetty.io.ManagedSelector - Wakeup on submit ManagedSelector@19553973{STARTED} id=3 keys=2 selected=0 updates=1
02:56:42.441 [qtp782228073-62] DEBUG org.eclipse.jetty.server.HttpConnection - HttpConnection@36b2bc7::DecryptedEndPoint@23ed7bb4{l=/127.0.0.1:40197,r=/127.0.0.1:34024,OPEN,fill=FI,flush=-,to=0/30000} onFillable exit HttpChannelState@5dfe2fbb{s=IDLE rs=BLOCKING os=OPEN is=IDLE awp=false se=false i=true al=0} null
02:56:42.441 [qtp782228073-62] DEBUG org.eclipse.jetty.io.ssl.SslConnection - <c.onFillable SslConnection@96ecd7f::SocketChannelEndPoint@33f9b292{l=/127.0.0.1:40197,r=/127.0.0.1:34024,OPEN,fill=FI,flush=-,to=0/30000}{io=0/1,kio=0,kro=1}->SslConnection@96ecd7f{NEED_UNWRAP,eio=-1/-1,di=-1,fill=INTERESTED,flush=IDLE}~>DecryptedEndPoint@23ed7bb4{l=/127.0.0.1:40197,r=/127.0.0.1:34024,OPEN,fill=FI,flush=-,to=0/30000}=>HttpConnection@36b2bc7[p=HttpParser{s=START,0 of -1},g=HttpGenerator@4196373d{s=START}]=>HttpChannelOverHttp@489dc23b{s=HttpChannelState@5dfe2fbb{s=IDLE rs=BLOCKING os=OPEN is=IDLE awp=false se=false i=true al=0},r=0,c=false/false,a=IDLE,uri=null,age=0}
02:56:42.441 [qtp782228073-62] DEBUG org.eclipse.jetty.util.thread.ReservedThreadExecutor - ReservedThread@404ae0d7{RUNNING,thread=Thread[qtp782228073-62,5,main]} was=RUNNING next=RESERVED size=0+2 capacity=8
02:56:42.441 [qtp782228073-62] DEBUG org.eclipse.jetty.util.thread.ReservedThreadExecutor - ReservedThread@404ae0d7{RESERVED,thread=Thread[qtp782228073-62,5,main]} waiting ReservedThreadExecutor@47a5b70d{reserved=2/8,pending=0}
02:56:42.441 [qtp782228073-60] DEBUG org.eclipse.jetty.io.ManagedSelector - Selector sun.nio.ch.EPollSelectorImpl@38358409 woken with none selected
02:56:42.441 [qtp782228073-60] DEBUG org.eclipse.jetty.io.ManagedSelector - Selector sun.nio.ch.EPollSelectorImpl@38358409 woken up from select, 0/0/2 selected
02:56:42.441 [qtp782228073-60] DEBUG org.eclipse.jetty.io.ManagedSelector - Selector sun.nio.ch.EPollSelectorImpl@38358409 processing 0 keys, 1 updates
02:56:42.441 [qtp782228073-60] DEBUG org.eclipse.jetty.io.ManagedSelector - updateable 1
02:56:42.441 [qtp782228073-60] DEBUG org.eclipse.jetty.io.ManagedSelector - update org.eclipse.jetty.io.ChannelEndPoint$$Lambda$255/899789472@4c8664ef
02:56:42.441 [qtp782228073-60] DEBUG org.eclipse.jetty.io.ChannelEndPoint - Key interests updated 0 -> 1 on SocketChannelEndPoint@33f9b292{l=/127.0.0.1:40197,r=/127.0.0.1:34024,OPEN,fill=FI,flush=-,to=0/30000}{io=1/1,kio=1,kro=1}->SslConnection@96ecd7f{NEED_UNWRAP,eio=-1/-1,di=-1,fill=INTERESTED,flush=IDLE}~>DecryptedEndPoint@23ed7bb4{l=/127.0.0.1:40197,r=/127.0.0.1:34024,OPEN,fill=FI,flush=-,to=0/30000}=>HttpConnection@36b2bc7[p=HttpParser{s=START,0 of -1},g=HttpGenerator@4196373d{s=START}]=>HttpChannelOverHttp@489dc23b{s=HttpChannelState@5dfe2fbb{s=IDLE rs=BLOCKING os=OPEN is=IDLE awp=false se=false i=true al=0},r=0,c=false/false,a=IDLE,uri=null,age=0}
02:56:42.441 [qtp782228073-60] DEBUG org.eclipse.jetty.io.ManagedSelector - updates 0
02:56:42.441 [qtp782228073-60] DEBUG org.eclipse.jetty.io.ManagedSelector - Selector sun.nio.ch.EPollSelectorImpl@38358409 waiting with 2 keys
02:56:42.442 [qtp782228073-60] DEBUG org.eclipse.jetty.io.ManagedSelector - Selector sun.nio.ch.EPollSelectorImpl@38358409 woken up from select, 1/1/2 selected
02:56:42.442 [qtp782228073-60] DEBUG org.eclipse.jetty.io.ManagedSelector - Selector sun.nio.ch.EPollSelectorImpl@38358409 processing 1 keys, 0 updates
02:56:42.442 [qtp782228073-60] DEBUG org.eclipse.jetty.io.ManagedSelector - selected 1 sun.nio.ch.SelectionKeyImpl@2728d237 SocketChannelEndPoint@33f9b292{l=/127.0.0.1:40197,r=/127.0.0.1:34024,OPEN,fill=FI,flush=-,to=1/30000}{io=1/1,kio=1,kro=1}->SslConnection@96ecd7f{NEED_UNWRAP,eio=-1/-1,di=-1,fill=INTERESTED,flush=IDLE}~>DecryptedEndPoint@23ed7bb4{l=/127.0.0.1:40197,r=/127.0.0.1:34024,OPEN,fill=FI,flush=-,to=1/30000}=>HttpConnection@36b2bc7[p=HttpParser{s=START,0 of -1},g=HttpGenerator@4196373d{s=START}]=>HttpChannelOverHttp@489dc23b{s=HttpChannelState@5dfe2fbb{s=IDLE rs=BLOCKING os=OPEN is=IDLE awp=false se=false i=true al=0},r=0,c=false/false,a=IDLE,uri=null,age=0} 
02:56:42.442 [qtp782228073-60] DEBUG org.eclipse.jetty.io.ChannelEndPoint - onSelected 1->0 r=true w=false for SocketChannelEndPoint@33f9b292{l=/127.0.0.1:40197,r=/127.0.0.1:34024,OPEN,fill=FI,flush=-,to=1/30000}{io=1/0,kio=1,kro=1}->SslConnection@96ecd7f{NEED_UNWRAP,eio=-1/-1,di=-1,fill=INTERESTED,flush=IDLE}~>DecryptedEndPoint@23ed7bb4{l=/127.0.0.1:40197,r=/127.0.0.1:34024,OPEN,fill=FI,flush=-,to=1/30000}=>HttpConnection@36b2bc7[p=HttpParser{s=START,0 of -1},g=HttpGenerator@4196373d{s=START}]=>HttpChannelOverHttp@489dc23b{s=HttpChannelState@5dfe2fbb{s=IDLE rs=BLOCKING os=OPEN is=IDLE awp=false se=false i=true al=0},r=0,c=false/false,a=IDLE,uri=null,age=0}
02:56:42.442 [qtp782228073-60] DEBUG org.eclipse.jetty.io.ChannelEndPoint - task CEP:SocketChannelEndPoint@33f9b292{l=/127.0.0.1:40197,r=/127.0.0.1:34024,OPEN,fill=FI,flush=-,to=1/30000}{io=1/0,kio=1,kro=1}->SslConnection@96ecd7f{NEED_UNWRAP,eio=-1/-1,di=-1,fill=INTERESTED,flush=IDLE}~>DecryptedEndPoint@23ed7bb4{l=/127.0.0.1:40197,r=/127.0.0.1:34024,OPEN,fill=FI,flush=-,to=1/30000}=>HttpConnection@36b2bc7[p=HttpParser{s=START,0 of -1},g=HttpGenerator@4196373d{s=START}]=>HttpChannelOverHttp@489dc23b{s=HttpChannelState@5dfe2fbb{s=IDLE rs=BLOCKING os=OPEN is=IDLE awp=false se=false i=true al=0},r=0,c=false/false,a=IDLE,uri=null,age=0}:runFillable:BLOCKING
02:56:42.442 [qtp782228073-60] DEBUG org.eclipse.jetty.util.thread.ReservedThreadExecutor - ReservedThreadExecutor@47a5b70d{reserved=2/8,pending=0} tryExecute EatWhatYouKill@47a86fbb/SelectorProducer@f478a81/PRODUCING/p=false/QueuedThreadPool[qtp782228073]@2e9fda69{STARTED,8<=8<=200,i=1,r=-1,q=0}[ReservedThreadExecutor@47a5b70d{reserved=2/8,pending=0}][pc=0,pic=0,pec=0,epc=4]@2024-05-02T02:56:42.442+01:00
02:56:42.442 [qtp782228073-62] DEBUG org.eclipse.jetty.util.thread.ReservedThreadExecutor - ReservedThread@404ae0d7{RESERVED,thread=Thread[qtp782228073-62,5,main]} task=EatWhatYouKill@47a86fbb/SelectorProducer@f478a81/IDLE/p=true/QueuedThreadPool[qtp782228073]@2e9fda69{STARTED,8<=8<=200,i=1,r=-1,q=0}[ReservedThreadExecutor@47a5b70d{reserved=1/8,pending=0}][pc=0,pic=0,pec=0,epc=4]@2024-05-02T02:56:42.442+01:00 ReservedThreadExecutor@47a5b70d{reserved=1/8,pending=0}
02:56:42.442 [qtp782228073-60] DEBUG org.eclipse.jetty.util.thread.strategy.EatWhatYouKill - EatWhatYouKill@47a86fbb/SelectorProducer@f478a81/IDLE/p=true/QueuedThreadPool[qtp782228073]@2e9fda69{STARTED,8<=8<=200,i=1,r=-1,q=0}[ReservedThreadExecutor@47a5b70d{reserved=1/8,pending=0}][pc=0,pic=0,pec=0,epc=4]@2024-05-02T02:56:42.442+01:00 m=EXECUTE_PRODUCE_CONSUME t=CEP:SocketChannelEndPoint@33f9b292{l=/127.0.0.1:40197,r=/127.0.0.1:34024,OPEN,fill=FI,flush=-,to=1/30000}{io=1/0,kio=1,kro=1}->SslConnection@96ecd7f{NEED_UNWRAP,eio=-1/-1,di=-1,fill=INTERESTED,flush=IDLE}~>DecryptedEndPoint@23ed7bb4{l=/127.0.0.1:40197,r=/127.0.0.1:34024,OPEN,fill=FI,flush=-,to=2/30000}=>HttpConnection@36b2bc7[p=HttpParser{s=START,0 of -1},g=HttpGenerator@4196373d{s=START}]=>HttpChannelOverHttp@489dc23b{s=HttpChannelState@5dfe2fbb{s=IDLE rs=BLOCKING os=OPEN is=IDLE awp=false se=false i=true al=0},r=0,c=false/false,a=IDLE,uri=null,age=0}:runFillable:BLOCKING/BLOCKING
02:56:42.443 [qtp782228073-62] DEBUG org.eclipse.jetty.util.thread.strategy.EatWhatYouKill - EatWhatYouKill@47a86fbb/SelectorProducer@f478a81/IDLE/p=true/QueuedThreadPool[qtp782228073]@2e9fda69{STARTED,8<=8<=200,i=1,r=-1,q=0}[ReservedThreadExecutor@47a5b70d{reserved=1/8,pending=0}][pc=0,pic=0,pec=0,epc=4]@2024-05-02T02:56:42.442+01:00 tryProduce true
02:56:42.443 [qtp782228073-62] DEBUG org.eclipse.jetty.io.ManagedSelector - updateable 0
02:56:42.443 [qtp782228073-62] DEBUG org.eclipse.jetty.io.ManagedSelector - updates 0
02:56:42.443 [qtp782228073-60] DEBUG org.eclipse.jetty.io.FillInterest - fillable FillInterest@337c52ca{SSLC.NBReadCB@96ecd7f{SslConnection@96ecd7f::SocketChannelEndPoint@33f9b292{l=/127.0.0.1:40197,r=/127.0.0.1:34024,OPEN,fill=FI,flush=-,to=1/30000}{io=1/0,kio=1,kro=1}->SslConnection@96ecd7f{NEED_UNWRAP,eio=-1/-1,di=-1,fill=INTERESTED,flush=IDLE}~>DecryptedEndPoint@23ed7bb4{l=/127.0.0.1:40197,r=/127.0.0.1:34024,OPEN,fill=FI,flush=-,to=2/30000}=>HttpConnection@36b2bc7[p=HttpParser{s=START,0 of -1},g=HttpGenerator@4196373d{s=START}]=>HttpChannelOverHttp@489dc23b{s=HttpChannelState@5dfe2fbb{s=IDLE rs=BLOCKING os=OPEN is=IDLE awp=false se=false i=true al=0},r=0,c=false/false,a=IDLE,uri=null,age=0}}}
02:56:42.443 [qtp782228073-62] DEBUG org.eclipse.jetty.io.ChannelEndPoint - Key interests updated 1 -> 0 on SocketChannelEndPoint@33f9b292{l=/127.0.0.1:40197,r=/127.0.0.1:34024,OPEN,fill=FI,flush=-,to=2/30000}{io=0/0,kio=0,kro=1}->SslConnection@96ecd7f{NEED_UNWRAP,eio=-1/-1,di=-1,fill=INTERESTED,flush=IDLE}~>DecryptedEndPoint@23ed7bb4{l=/127.0.0.1:40197,r=/127.0.0.1:34024,OPEN,fill=FI,flush=-,to=2/30000}=>HttpConnection@36b2bc7[p=HttpParser{s=START,0 of -1},g=HttpGenerator@4196373d{s=START}]=>HttpChannelOverHttp@489dc23b{s=HttpChannelState@5dfe2fbb{s=IDLE rs=BLOCKING os=OPEN is=IDLE awp=false se=false i=true al=0},r=0,c=false/false,a=IDLE,uri=null,age=0}
02:56:42.443 [qtp782228073-60] DEBUG org.eclipse.jetty.io.ssl.SslConnection - >c.onFillable SslConnection@96ecd7f::SocketChannelEndPoint@33f9b292{l=/127.0.0.1:40197,r=/127.0.0.1:34024,OPEN,fill=-,flush=-,to=2/30000}{io=0/0,kio=0,kro=1}->SslConnection@96ecd7f{NEED_UNWRAP,eio=-1/-1,di=-1,fill=INTERESTED,flush=IDLE}~>DecryptedEndPoint@23ed7bb4{l=/127.0.0.1:40197,r=/127.0.0.1:34024,OPEN,fill=FI,flush=-,to=2/30000}=>HttpConnection@36b2bc7[p=HttpParser{s=START,0 of -1},g=HttpGenerator@4196373d{s=START}]=>HttpChannelOverHttp@489dc23b{s=HttpChannelState@5dfe2fbb{s=IDLE rs=BLOCKING os=OPEN is=IDLE awp=false se=false i=true al=0},r=0,c=false/false,a=IDLE,uri=null,age=0}
02:56:42.443 [qtp782228073-62] DEBUG org.eclipse.jetty.io.ManagedSelector - Selector sun.nio.ch.EPollSelectorImpl@38358409 waiting with 2 keys
02:56:42.443 [qtp782228073-60] DEBUG org.eclipse.jetty.io.ssl.SslConnection - onFillable SslConnection@96ecd7f::SocketChannelEndPoint@33f9b292{l=/127.0.0.1:40197,r=/127.0.0.1:34024,OPEN,fill=-,flush=-,to=2/30000}{io=0/0,kio=0,kro=1}->SslConnection@96ecd7f{NEED_UNWRAP,eio=-1/-1,di=-1,fill=INTERESTED,flush=IDLE}~>DecryptedEndPoint@23ed7bb4{l=/127.0.0.1:40197,r=/127.0.0.1:34024,OPEN,fill=FI,flush=-,to=2/30000}=>HttpConnection@36b2bc7[p=HttpParser{s=START,0 of -1},g=HttpGenerator@4196373d{s=START}]=>HttpChannelOverHttp@489dc23b{s=HttpChannelState@5dfe2fbb{s=IDLE rs=BLOCKING os=OPEN is=IDLE awp=false se=false i=true al=0},r=0,c=false/false,a=IDLE,uri=null,age=0}
02:56:42.443 [qtp782228073-60] DEBUG org.eclipse.jetty.io.FillInterest - fillable FillInterest@1b7919db{AC.ReadCB@36b2bc7{HttpConnection@36b2bc7::DecryptedEndPoint@23ed7bb4{l=/127.0.0.1:40197,r=/127.0.0.1:34024,OPEN,fill=FI,flush=-,to=2/30000}}}
02:56:42.443 [qtp782228073-60] DEBUG org.eclipse.jetty.server.HttpConnection - HttpConnection@36b2bc7::DecryptedEndPoint@23ed7bb4{l=/127.0.0.1:40197,r=/127.0.0.1:34024,OPEN,fill=-,flush=-,to=2/30000} onFillable enter HttpChannelState@5dfe2fbb{s=IDLE rs=BLOCKING os=OPEN is=IDLE awp=false se=false i=true al=0} null
02:56:42.443 [qtp782228073-60] DEBUG org.eclipse.jetty.io.ssl.SslConnection - >fill SslConnection@96ecd7f::SocketChannelEndPoint@33f9b292{l=/127.0.0.1:40197,r=/127.0.0.1:34024,OPEN,fill=-,flush=-,to=2/30000}{io=0/0,kio=0,kro=1}->SslConnection@96ecd7f{NEED_UNWRAP,eio=-1/-1,di=-1,fill=IDLE,flush=IDLE}~>DecryptedEndPoint@23ed7bb4{l=/127.0.0.1:40197,r=/127.0.0.1:34024,OPEN,fill=-,flush=-,to=2/30000}=>HttpConnection@36b2bc7[p=HttpParser{s=START,0 of -1},g=HttpGenerator@4196373d{s=START}]=>HttpChannelOverHttp@489dc23b{s=HttpChannelState@5dfe2fbb{s=IDLE rs=BLOCKING os=OPEN is=IDLE awp=false se=false i=true al=0},r=0,c=false/false,a=IDLE,uri=null,age=0}
02:56:42.443 [qtp782228073-60] DEBUG org.eclipse.jetty.io.ssl.SslConnection - fill NEED_UNWRAP
02:56:42.443 [qtp782228073-60] DEBUG org.eclipse.jetty.io.ChannelEndPoint - filled 6 HeapByteBuffer@7acd6f6f[p=0,l=6,c=17408,r=6]={<<<\x14\x03\x03\x00\x01\x01>>>\x96\xA5\x84\x08e\xE4K\x8a\\...\x00\x00\x00\x00\x00\x00\x00}
02:56:42.443 [qtp782228073-60] DEBUG org.eclipse.jetty.io.ssl.SslConnection - net filled=6
02:56:42.443 [qtp782228073-60] DEBUG org.eclipse.jetty.io.ssl.SslConnection - unwrap net_filled=6 Status = OK HandshakeStatus = NEED_UNWRAP bytesConsumed = 6 bytesProduced = 0 encryptedBuffer=[p=6,l=6,c=17408,r=0] unwrapBuffer=HeapByteBuffer@1b26ebdb[p=0,l=0,c=17408,r=0]={<<<>>>\x16\x03\x03\x01N\x01\x00\x01J...\x00\x00\x00\x00\x00\x00\x00} appBuffer=HeapByteBuffer@1b26ebdb[p=0,l=0,c=17408,r=0]={<<<>>>\x16\x03\x03\x01N\x01\x00\x01J...\x00\x00\x00\x00\x00\x00\x00}
02:56:42.443 [qtp782228073-60] DEBUG org.eclipse.jetty.io.ssl.SslConnection - fill NEED_UNWRAP
02:56:42.443 [qtp782228073-60] DEBUG org.eclipse.jetty.io.ChannelEndPoint - filled 0 HeapByteBuffer@7acd6f6f[p=0,l=0,c=17408,r=0]={<<<>>>\x14\x03\x03\x00\x01\x01\x96\xA5\x84...\x00\x00\x00\x00\x00\x00\x00}
02:56:42.443 [qtp782228073-60] DEBUG org.eclipse.jetty.io.ssl.SslConnection - net filled=0
02:56:42.443 [qtp782228073-60] DEBUG org.eclipse.jetty.io.ssl.SslConnection - unwrap net_filled=0 Status = BUFFER_UNDERFLOW HandshakeStatus = NEED_UNWRAP bytesConsumed = 0 bytesProduced = 0 encryptedBuffer=[p=0,l=0,c=17408,r=0] unwrapBuffer=HeapByteBuffer@1b26ebdb[p=0,l=0,c=17408,r=0]={<<<>>>\x16\x03\x03\x01N\x01\x00\x01J...\x00\x00\x00\x00\x00\x00\x00} appBuffer=HeapByteBuffer@1b26ebdb[p=0,l=0,c=17408,r=0]={<<<>>>\x16\x03\x03\x01N\x01\x00\x01J...\x00\x00\x00\x00\x00\x00\x00}
02:56:42.443 [qtp782228073-60] DEBUG org.eclipse.jetty.io.ssl.SslConnection - <fill f=0 uf=true SslConnection@96ecd7f::SocketChannelEndPoint@33f9b292{l=/127.0.0.1:40197,r=/127.0.0.1:34024,OPEN,fill=-,flush=-,to=0/30000}{io=0/0,kio=0,kro=1}->SslConnection@96ecd7f{NEED_UNWRAP,eio=-1/-1,di=-1,fill=IDLE,flush=IDLE}~>DecryptedEndPoint@23ed7bb4{l=/127.0.0.1:40197,r=/127.0.0.1:34024,OPEN,fill=-,flush=-,to=3/30000}=>HttpConnection@36b2bc7[p=HttpParser{s=START,0 of -1},g=HttpGenerator@4196373d{s=START}]=>HttpChannelOverHttp@489dc23b{s=HttpChannelState@5dfe2fbb{s=IDLE rs=BLOCKING os=OPEN is=IDLE awp=false se=false i=true al=0},r=0,c=false/false,a=IDLE,uri=null,age=0}
02:56:42.444 [qtp782228073-60] DEBUG org.eclipse.jetty.io.ssl.SslConnection - >fill SslConnection@96ecd7f::SocketChannelEndPoint@33f9b292{l=/127.0.0.1:40197,r=/127.0.0.1:34024,OPEN,fill=-,flush=-,to=0/30000}{io=0/0,kio=0,kro=1}->SslConnection@96ecd7f{NEED_UNWRAP,eio=-1/-1,di=-1,fill=IDLE,flush=IDLE}~>DecryptedEndPoint@23ed7bb4{l=/127.0.0.1:40197,r=/127.0.0.1:34024,OPEN,fill=-,flush=-,to=3/30000}=>HttpConnection@36b2bc7[p=HttpParser{s=START,0 of -1},g=HttpGenerator@4196373d{s=START}]=>HttpChannelOverHttp@489dc23b{s=HttpChannelState@5dfe2fbb{s=IDLE rs=BLOCKING os=OPEN is=IDLE awp=false se=false i=true al=0},r=0,c=false/false,a=IDLE,uri=null,age=0}
02:56:42.444 [qtp782228073-60] DEBUG org.eclipse.jetty.io.ssl.SslConnection - fill NEED_UNWRAP
02:56:42.444 [qtp782228073-60] DEBUG org.eclipse.jetty.io.ChannelEndPoint - filled 0 HeapByteBuffer@740a9f9e[p=0,l=0,c=17408,r=0]={<<<>>>\x17\x03\x03\x00\xC9L\xA2\xAf\xE2...\x00\x00\x00\x00\x00\x00\x00}
02:56:42.444 [qtp782228073-60] DEBUG org.eclipse.jetty.io.ssl.SslConnection - net filled=0
02:56:42.444 [qtp782228073-60] DEBUG org.eclipse.jetty.io.ssl.SslConnection - unwrap net_filled=0 Status = BUFFER_UNDERFLOW HandshakeStatus = NEED_UNWRAP bytesConsumed = 0 bytesProduced = 0 encryptedBuffer=[p=0,l=0,c=17408,r=0] unwrapBuffer=HeapByteBuffer@1b26ebdb[p=0,l=0,c=17408,r=0]={<<<>>>\x16\x03\x03\x01N\x01\x00\x01J...\x00\x00\x00\x00\x00\x00\x00} appBuffer=HeapByteBuffer@1b26ebdb[p=0,l=0,c=17408,r=0]={<<<>>>\x16\x03\x03\x01N\x01\x00\x01J...\x00\x00\x00\x00\x00\x00\x00}
02:56:42.444 [qtp782228073-60] DEBUG org.eclipse.jetty.io.ssl.SslConnection - <fill f=0 uf=true SslConnection@96ecd7f::SocketChannelEndPoint@33f9b292{l=/127.0.0.1:40197,r=/127.0.0.1:34024,OPEN,fill=-,flush=-,to=0/30000}{io=0/0,kio=0,kro=1}->SslConnection@96ecd7f{NEED_UNWRAP,eio=-1/-1,di=-1,fill=IDLE,flush=IDLE}~>DecryptedEndPoint@23ed7bb4{l=/127.0.0.1:40197,r=/127.0.0.1:34024,OPEN,fill=-,flush=-,to=3/30000}=>HttpConnection@36b2bc7[p=HttpParser{s=START,0 of -1},g=HttpGenerator@4196373d{s=START}]=>HttpChannelOverHttp@489dc23b{s=HttpChannelState@5dfe2fbb{s=IDLE rs=BLOCKING os=OPEN is=IDLE awp=false se=false i=true al=0},r=0,c=false/false,a=IDLE,uri=null,age=0}
02:56:42.444 [qtp782228073-60] DEBUG org.eclipse.jetty.server.HttpConnection - HttpConnection@36b2bc7::DecryptedEndPoint@23ed7bb4{l=/127.0.0.1:40197,r=/127.0.0.1:34024,OPEN,fill=-,flush=-,to=3/30000} filled 0 HeapByteBuffer@1b26ebdb[p=0,l=0,c=17408,r=0]={<<<>>>\x16\x03\x03\x01N\x01\x00\x01J...\x00\x00\x00\x00\x00\x00\x00}
02:56:42.444 [qtp782228073-60] DEBUG org.eclipse.jetty.server.HttpConnection - HttpConnection@36b2bc7::DecryptedEndPoint@23ed7bb4{l=/127.0.0.1:40197,r=/127.0.0.1:34024,OPEN,fill=-,flush=-,to=3/30000} parse HeapByteBuffer@1b26ebdb[p=0,l=0,c=17408,r=0]={<<<>>>\x16\x03\x03\x01N\x01\x00\x01J...\x00\x00\x00\x00\x00\x00\x00} {}
02:56:42.444 [qtp782228073-60] DEBUG org.eclipse.jetty.http.HttpParser - parseNext s=START HeapByteBuffer@1b26ebdb[p=0,l=0,c=17408,r=0]={<<<>>>\x16\x03\x03\x01N\x01\x00\x01J...\x00\x00\x00\x00\x00\x00\x00}
02:56:42.444 [qtp782228073-60] DEBUG org.eclipse.jetty.server.HttpConnection - HttpConnection@36b2bc7::DecryptedEndPoint@23ed7bb4{l=/127.0.0.1:40197,r=/127.0.0.1:34024,OPEN,fill=-,flush=-,to=3/30000} parsed false HttpParser{s=START,0 of -1}
02:56:42.444 [qtp782228073-60] DEBUG org.eclipse.jetty.server.HttpConnection - releaseRequestBuffer HttpConnection@36b2bc7::DecryptedEndPoint@23ed7bb4{l=/127.0.0.1:40197,r=/127.0.0.1:34024,OPEN,fill=-,flush=-,to=3/30000}
02:56:42.444 [qtp782228073-60] DEBUG org.eclipse.jetty.io.AbstractConnection - fillInterested HttpConnection@36b2bc7::DecryptedEndPoint@23ed7bb4{l=/127.0.0.1:40197,r=/127.0.0.1:34024,OPEN,fill=-,flush=-,to=3/30000}
02:56:42.444 [qtp782228073-60] DEBUG org.eclipse.jetty.io.FillInterest - interested FillInterest@1b7919db{AC.ReadCB@36b2bc7{HttpConnection@36b2bc7::DecryptedEndPoint@23ed7bb4{l=/127.0.0.1:40197,r=/127.0.0.1:34024,OPEN,fill=FI,flush=-,to=0/30000}}}
02:56:42.444 [qtp782228073-60] DEBUG org.eclipse.jetty.io.ssl.SslConnection - >needFillInterest s=IDLE/IDLE uf=true ei=null di=null SslConnection@96ecd7f::SocketChannelEndPoint@33f9b292{l=/127.0.0.1:40197,r=/127.0.0.1:34024,OPEN,fill=-,flush=-,to=0/30000}{io=0/0,kio=0,kro=1}->SslConnection@96ecd7f{NEED_UNWRAP,eio=-1/-1,di=-1,fill=IDLE,flush=IDLE}~>DecryptedEndPoint@23ed7bb4{l=/127.0.0.1:40197,r=/127.0.0.1:34024,OPEN,fill=FI,flush=-,to=0/30000}=>HttpConnection@36b2bc7[p=HttpParser{s=START,0 of -1},g=HttpGenerator@4196373d{s=START}]=>HttpChannelOverHttp@489dc23b{s=HttpChannelState@5dfe2fbb{s=IDLE rs=BLOCKING os=OPEN is=IDLE awp=false se=false i=true al=0},r=0,c=false/false,a=IDLE,uri=null,age=0}
02:56:42.444 [qtp782228073-60] DEBUG org.eclipse.jetty.io.ssl.SslConnection - <needFillInterest s=IDLE/INTERESTED f=false i=true w=null
02:56:42.444 [qtp782228073-60] DEBUG org.eclipse.jetty.io.ssl.SslConnection - ensureFillInterested SslConnection@96ecd7f::SocketChannelEndPoint@33f9b292{l=/127.0.0.1:40197,r=/127.0.0.1:34024,OPEN,fill=-,flush=-,to=0/30000}{io=0/0,kio=0,kro=1}->SslConnection@96ecd7f{NEED_UNWRAP,eio=-1/-1,di=-1,fill=INTERESTED,flush=IDLE}~>DecryptedEndPoint@23ed7bb4{l=/127.0.0.1:40197,r=/127.0.0.1:34024,OPEN,fill=FI,flush=-,to=0/30000}=>HttpConnection@36b2bc7[p=HttpParser{s=START,0 of -1},g=HttpGenerator@4196373d{s=START}]=>HttpChannelOverHttp@489dc23b{s=HttpChannelState@5dfe2fbb{s=IDLE rs=BLOCKING os=OPEN is=IDLE awp=false se=false i=true al=0},r=0,c=false/false,a=IDLE,uri=null,age=0}
02:56:42.444 [qtp782228073-60] DEBUG org.eclipse.jetty.io.FillInterest - interested FillInterest@337c52ca{SSLC.NBReadCB@96ecd7f{SslConnection@96ecd7f::SocketChannelEndPoint@33f9b292{l=/127.0.0.1:40197,r=/127.0.0.1:34024,OPEN,fill=FI,flush=-,to=0/30000}{io=0/0,kio=0,kro=1}->SslConnection@96ecd7f{NEED_UNWRAP,eio=-1/-1,di=-1,fill=INTERESTED,flush=IDLE}~>DecryptedEndPoint@23ed7bb4{l=/127.0.0.1:40197,r=/127.0.0.1:34024,OPEN,fill=FI,flush=-,to=0/30000}=>HttpConnection@36b2bc7[p=HttpParser{s=START,0 of -1},g=HttpGenerator@4196373d{s=START}]=>HttpChannelOverHttp@489dc23b{s=HttpChannelState@5dfe2fbb{s=IDLE rs=BLOCKING os=OPEN is=IDLE awp=false se=false i=true al=0},r=0,c=false/false,a=IDLE,uri=null,age=0}}}
02:56:42.444 [qtp782228073-60] DEBUG org.eclipse.jetty.io.ChannelEndPoint - changeInterests p=false 0->1 for SocketChannelEndPoint@33f9b292{l=/127.0.0.1:40197,r=/127.0.0.1:34024,OPEN,fill=FI,flush=-,to=0/30000}{io=0/1,kio=0,kro=1}->SslConnection@96ecd7f{NEED_UNWRAP,eio=-1/-1,di=-1,fill=INTERESTED,flush=IDLE}~>DecryptedEndPoint@23ed7bb4{l=/127.0.0.1:40197,r=/127.0.0.1:34024,OPEN,fill=FI,flush=-,to=0/30000}=>HttpConnection@36b2bc7[p=HttpParser{s=START,0 of -1},g=HttpGenerator@4196373d{s=START}]=>HttpChannelOverHttp@489dc23b{s=HttpChannelState@5dfe2fbb{s=IDLE rs=BLOCKING os=OPEN is=IDLE awp=false se=false i=true al=0},r=0,c=false/false,a=IDLE,uri=null,age=0}
02:56:42.444 [qtp782228073-60] DEBUG org.eclipse.jetty.io.ManagedSelector - Queued change lazy=false org.eclipse.jetty.io.ChannelEndPoint$$Lambda$255/899789472@4c8664ef on ManagedSelector@19553973{STARTED} id=3 keys=2 selected=0 updates=0
02:56:42.444 [qtp782228073-60] DEBUG org.eclipse.jetty.io.ManagedSelector - Wakeup on submit ManagedSelector@19553973{STARTED} id=3 keys=2 selected=0 updates=1
02:56:42.444 [qtp782228073-62] DEBUG org.eclipse.jetty.io.ManagedSelector - Selector sun.nio.ch.EPollSelectorImpl@38358409 woken with none selected
02:56:42.445 [qtp782228073-62] DEBUG org.eclipse.jetty.io.ManagedSelector - Selector sun.nio.ch.EPollSelectorImpl@38358409 woken up from select, 0/0/2 selected
02:56:42.445 [qtp782228073-60] DEBUG org.eclipse.jetty.server.HttpConnection - HttpConnection@36b2bc7::DecryptedEndPoint@23ed7bb4{l=/127.0.0.1:40197,r=/127.0.0.1:34024,OPEN,fill=FI,flush=-,to=0/30000} onFillable exit HttpChannelState@5dfe2fbb{s=IDLE rs=BLOCKING os=OPEN is=IDLE awp=false se=false i=true al=0} null
02:56:42.445 [qtp782228073-62] DEBUG org.eclipse.jetty.io.ManagedSelector - Selector sun.nio.ch.EPollSelectorImpl@38358409 processing 0 keys, 1 updates
02:56:42.445 [qtp782228073-62] DEBUG org.eclipse.jetty.io.ManagedSelector - updateable 1
02:56:42.445 [qtp782228073-62] DEBUG org.eclipse.jetty.io.ManagedSelector - update org.eclipse.jetty.io.ChannelEndPoint$$Lambda$255/899789472@4c8664ef
02:56:42.445 [qtp782228073-60] DEBUG org.eclipse.jetty.io.ssl.SslConnection - <c.onFillable SslConnection@96ecd7f::SocketChannelEndPoint@33f9b292{l=/127.0.0.1:40197,r=/127.0.0.1:34024,OPEN,fill=FI,flush=-,to=0/30000}{io=0/1,kio=0,kro=1}->SslConnection@96ecd7f{NEED_UNWRAP,eio=-1/-1,di=-1,fill=INTERESTED,flush=IDLE}~>DecryptedEndPoint@23ed7bb4{l=/127.0.0.1:40197,r=/127.0.0.1:34024,OPEN,fill=FI,flush=-,to=0/30000}=>HttpConnection@36b2bc7[p=HttpParser{s=START,0 of -1},g=HttpGenerator@4196373d{s=START}]=>HttpChannelOverHttp@489dc23b{s=HttpChannelState@5dfe2fbb{s=IDLE rs=BLOCKING os=OPEN is=IDLE awp=false se=false i=true al=0},r=0,c=false/false,a=IDLE,uri=null,age=0}
02:56:42.445 [qtp782228073-60] DEBUG org.eclipse.jetty.util.thread.ReservedThreadExecutor - ReservedThread@5478dbfd{RUNNING,thread=Thread[qtp782228073-60,5,main]} was=RUNNING next=RESERVED size=0+2 capacity=8
02:56:42.445 [qtp782228073-62] DEBUG org.eclipse.jetty.io.ChannelEndPoint - Key interests updated 0 -> 1 on SocketChannelEndPoint@33f9b292{l=/127.0.0.1:40197,r=/127.0.0.1:34024,OPEN,fill=FI,flush=-,to=0/30000}{io=1/1,kio=1,kro=1}->SslConnection@96ecd7f{NEED_UNWRAP,eio=-1/-1,di=-1,fill=INTERESTED,flush=IDLE}~>DecryptedEndPoint@23ed7bb4{l=/127.0.0.1:40197,r=/127.0.0.1:34024,OPEN,fill=FI,flush=-,to=0/30000}=>HttpConnection@36b2bc7[p=HttpParser{s=START,0 of -1},g=HttpGenerator@4196373d{s=START}]=>HttpChannelOverHttp@489dc23b{s=HttpChannelState@5dfe2fbb{s=IDLE rs=BLOCKING os=OPEN is=IDLE awp=false se=false i=true al=0},r=0,c=false/false,a=IDLE,uri=null,age=0}
02:56:42.445 [qtp782228073-60] DEBUG org.eclipse.jetty.util.thread.ReservedThreadExecutor - ReservedThread@5478dbfd{RESERVED,thread=Thread[qtp782228073-60,5,main]} waiting ReservedThreadExecutor@47a5b70d{reserved=2/8,pending=0}
02:56:42.445 [qtp782228073-62] DEBUG org.eclipse.jetty.io.ManagedSelector - updates 0
02:56:42.445 [qtp782228073-62] DEBUG org.eclipse.jetty.io.ManagedSelector - Selector sun.nio.ch.EPollSelectorImpl@38358409 waiting with 2 keys
02:56:42.485 [qtp782228073-62] DEBUG org.eclipse.jetty.io.ManagedSelector - Selector sun.nio.ch.EPollSelectorImpl@38358409 woken up from select, 1/1/2 selected
02:56:42.485 [qtp782228073-62] DEBUG org.eclipse.jetty.io.ManagedSelector - Selector sun.nio.ch.EPollSelectorImpl@38358409 processing 1 keys, 0 updates
02:56:42.485 [qtp782228073-62] DEBUG org.eclipse.jetty.io.ManagedSelector - selected 1 sun.nio.ch.SelectionKeyImpl@2728d237 SocketChannelEndPoint@33f9b292{l=/127.0.0.1:40197,r=/127.0.0.1:34024,OPEN,fill=FI,flush=-,to=40/30000}{io=1/1,kio=1,kro=1}->SslConnection@96ecd7f{NEED_UNWRAP,eio=-1/-1,di=-1,fill=INTERESTED,flush=IDLE}~>DecryptedEndPoint@23ed7bb4{l=/127.0.0.1:40197,r=/127.0.0.1:34024,OPEN,fill=FI,flush=-,to=40/30000}=>HttpConnection@36b2bc7[p=HttpParser{s=START,0 of -1},g=HttpGenerator@4196373d{s=START}]=>HttpChannelOverHttp@489dc23b{s=HttpChannelState@5dfe2fbb{s=IDLE rs=BLOCKING os=OPEN is=IDLE awp=false se=false i=true al=0},r=0,c=false/false,a=IDLE,uri=null,age=0} 
02:56:42.485 [qtp782228073-62] DEBUG org.eclipse.jetty.io.ChannelEndPoint - onSelected 1->0 r=true w=false for SocketChannelEndPoint@33f9b292{l=/127.0.0.1:40197,r=/127.0.0.1:34024,OPEN,fill=FI,flush=-,to=40/30000}{io=1/0,kio=1,kro=1}->SslConnection@96ecd7f{NEED_UNWRAP,eio=-1/-1,di=-1,fill=INTERESTED,flush=IDLE}~>DecryptedEndPoint@23ed7bb4{l=/127.0.0.1:40197,r=/127.0.0.1:34024,OPEN,fill=FI,flush=-,to=41/30000}=>HttpConnection@36b2bc7[p=HttpParser{s=START,0 of -1},g=HttpGenerator@4196373d{s=START}]=>HttpChannelOverHttp@489dc23b{s=HttpChannelState@5dfe2fbb{s=IDLE rs=BLOCKING os=OPEN is=IDLE awp=false se=false i=true al=0},r=0,c=false/false,a=IDLE,uri=null,age=0}
02:56:42.485 [qtp782228073-62] DEBUG org.eclipse.jetty.io.ChannelEndPoint - task CEP:SocketChannelEndPoint@33f9b292{l=/127.0.0.1:40197,r=/127.0.0.1:34024,OPEN,fill=FI,flush=-,to=40/30000}{io=1/0,kio=1,kro=1}->SslConnection@96ecd7f{NEED_UNWRAP,eio=-1/-1,di=-1,fill=INTERESTED,flush=IDLE}~>DecryptedEndPoint@23ed7bb4{l=/127.0.0.1:40197,r=/127.0.0.1:34024,OPEN,fill=FI,flush=-,to=41/30000}=>HttpConnection@36b2bc7[p=HttpParser{s=START,0 of -1},g=HttpGenerator@4196373d{s=START}]=>HttpChannelOverHttp@489dc23b{s=HttpChannelState@5dfe2fbb{s=IDLE rs=BLOCKING os=OPEN is=IDLE awp=false se=false i=true al=0},r=0,c=false/false,a=IDLE,uri=null,age=0}:runFillable:BLOCKING
02:56:42.485 [qtp782228073-62] DEBUG org.eclipse.jetty.util.thread.ReservedThreadExecutor - ReservedThreadExecutor@47a5b70d{reserved=2/8,pending=0} tryExecute EatWhatYouKill@47a86fbb/SelectorProducer@f478a81/PRODUCING/p=false/QueuedThreadPool[qtp782228073]@2e9fda69{STARTED,8<=8<=200,i=1,r=-1,q=0}[ReservedThreadExecutor@47a5b70d{reserved=2/8,pending=0}][pc=0,pic=0,pec=0,epc=5]@2024-05-02T02:56:42.485+01:00
02:56:42.486 [qtp782228073-60] DEBUG org.eclipse.jetty.util.thread.ReservedThreadExecutor - ReservedThread@5478dbfd{RESERVED,thread=Thread[qtp782228073-60,5,main]} task=EatWhatYouKill@47a86fbb/SelectorProducer@f478a81/IDLE/p=true/QueuedThreadPool[qtp782228073]@2e9fda69{STARTED,8<=8<=200,i=1,r=-1,q=0}[ReservedThreadExecutor@47a5b70d{reserved=1/8,pending=0}][pc=0,pic=0,pec=0,epc=5]@2024-05-02T02:56:42.485+01:00 ReservedThreadExecutor@47a5b70d{reserved=1/8,pending=0}
02:56:42.486 [qtp782228073-62] DEBUG org.eclipse.jetty.util.thread.strategy.EatWhatYouKill - EatWhatYouKill@47a86fbb/SelectorProducer@f478a81/IDLE/p=true/QueuedThreadPool[qtp782228073]@2e9fda69{STARTED,8<=8<=200,i=1,r=-1,q=0}[ReservedThreadExecutor@47a5b70d{reserved=1/8,pending=0}][pc=0,pic=0,pec=0,epc=5]@2024-05-02T02:56:42.485+01:00 m=EXECUTE_PRODUCE_CONSUME t=CEP:SocketChannelEndPoint@33f9b292{l=/127.0.0.1:40197,r=/127.0.0.1:34024,OPEN,fill=FI,flush=-,to=41/30000}{io=1/0,kio=1,kro=1}->SslConnection@96ecd7f{NEED_UNWRAP,eio=-1/-1,di=-1,fill=INTERESTED,flush=IDLE}~>DecryptedEndPoint@23ed7bb4{l=/127.0.0.1:40197,r=/127.0.0.1:34024,OPEN,fill=FI,flush=-,to=41/30000}=>HttpConnection@36b2bc7[p=HttpParser{s=START,0 of -1},g=HttpGenerator@4196373d{s=START}]=>HttpChannelOverHttp@489dc23b{s=HttpChannelState@5dfe2fbb{s=IDLE rs=BLOCKING os=OPEN is=IDLE awp=false se=false i=true al=0},r=0,c=false/false,a=IDLE,uri=null,age=0}:runFillable:BLOCKING/BLOCKING
02:56:42.486 [qtp782228073-60] DEBUG org.eclipse.jetty.util.thread.strategy.EatWhatYouKill - EatWhatYouKill@47a86fbb/SelectorProducer@f478a81/IDLE/p=true/QueuedThreadPool[qtp782228073]@2e9fda69{STARTED,8<=8<=200,i=1,r=-1,q=0}[ReservedThreadExecutor@47a5b70d{reserved=1/8,pending=0}][pc=0,pic=0,pec=0,epc=5]@2024-05-02T02:56:42.486+01:00 tryProduce true
02:56:42.486 [qtp782228073-60] DEBUG org.eclipse.jetty.io.ManagedSelector - updateable 0
02:56:42.486 [qtp782228073-60] DEBUG org.eclipse.jetty.io.ManagedSelector - updates 0
02:56:42.486 [qtp782228073-62] DEBUG org.eclipse.jetty.io.FillInterest - fillable FillInterest@337c52ca{SSLC.NBReadCB@96ecd7f{SslConnection@96ecd7f::SocketChannelEndPoint@33f9b292{l=/127.0.0.1:40197,r=/127.0.0.1:34024,OPEN,fill=FI,flush=-,to=41/30000}{io=1/0,kio=1,kro=1}->SslConnection@96ecd7f{NEED_UNWRAP,eio=-1/-1,di=-1,fill=INTERESTED,flush=IDLE}~>DecryptedEndPoint@23ed7bb4{l=/127.0.0.1:40197,r=/127.0.0.1:34024,OPEN,fill=FI,flush=-,to=41/30000}=>HttpConnection@36b2bc7[p=HttpParser{s=START,0 of -1},g=HttpGenerator@4196373d{s=START}]=>HttpChannelOverHttp@489dc23b{s=HttpChannelState@5dfe2fbb{s=IDLE rs=BLOCKING os=OPEN is=IDLE awp=false se=false i=true al=0},r=0,c=false/false,a=IDLE,uri=null,age=0}}}
02:56:42.486 [qtp782228073-60] DEBUG org.eclipse.jetty.io.ChannelEndPoint - Key interests updated 1 -> 0 on SocketChannelEndPoint@33f9b292{l=/127.0.0.1:40197,r=/127.0.0.1:34024,OPEN,fill=FI,flush=-,to=41/30000}{io=0/0,kio=0,kro=1}->SslConnection@96ecd7f{NEED_UNWRAP,eio=-1/-1,di=-1,fill=INTERESTED,flush=IDLE}~>DecryptedEndPoint@23ed7bb4{l=/127.0.0.1:40197,r=/127.0.0.1:34024,OPEN,fill=FI,flush=-,to=41/30000}=>HttpConnection@36b2bc7[p=HttpParser{s=START,0 of -1},g=HttpGenerator@4196373d{s=START}]=>HttpChannelOverHttp@489dc23b{s=HttpChannelState@5dfe2fbb{s=IDLE rs=BLOCKING os=OPEN is=IDLE awp=false se=false i=true al=0},r=0,c=false/false,a=IDLE,uri=null,age=0}
02:56:42.486 [qtp782228073-60] DEBUG org.eclipse.jetty.io.ManagedSelector - Selector sun.nio.ch.EPollSelectorImpl@38358409 waiting with 2 keys
02:56:42.486 [qtp782228073-62] DEBUG org.eclipse.jetty.io.ssl.SslConnection - >c.onFillable SslConnection@96ecd7f::SocketChannelEndPoint@33f9b292{l=/127.0.0.1:40197,r=/127.0.0.1:34024,OPEN,fill=-,flush=-,to=41/30000}{io=0/0,kio=0,kro=1}->SslConnection@96ecd7f{NEED_UNWRAP,eio=-1/-1,di=-1,fill=INTERESTED,flush=IDLE}~>DecryptedEndPoint@23ed7bb4{l=/127.0.0.1:40197,r=/127.0.0.1:34024,OPEN,fill=FI,flush=-,to=41/30000}=>HttpConnection@36b2bc7[p=HttpParser{s=START,0 of -1},g=HttpGenerator@4196373d{s=START}]=>HttpChannelOverHttp@489dc23b{s=HttpChannelState@5dfe2fbb{s=IDLE rs=BLOCKING os=OPEN is=IDLE awp=false se=false i=true al=0},r=0,c=false/false,a=IDLE,uri=null,age=0}
02:56:42.486 [qtp782228073-62] DEBUG org.eclipse.jetty.io.ssl.SslConnection - onFillable SslConnection@96ecd7f::SocketChannelEndPoint@33f9b292{l=/127.0.0.1:40197,r=/127.0.0.1:34024,OPEN,fill=-,flush=-,to=41/30000}{io=0/0,kio=0,kro=1}->SslConnection@96ecd7f{NEED_UNWRAP,eio=-1/-1,di=-1,fill=INTERESTED,flush=IDLE}~>DecryptedEndPoint@23ed7bb4{l=/127.0.0.1:40197,r=/127.0.0.1:34024,OPEN,fill=FI,flush=-,to=41/30000}=>HttpConnection@36b2bc7[p=HttpParser{s=START,0 of -1},g=HttpGenerator@4196373d{s=START}]=>HttpChannelOverHttp@489dc23b{s=HttpChannelState@5dfe2fbb{s=IDLE rs=BLOCKING os=OPEN is=IDLE awp=false se=false i=true al=0},r=0,c=false/false,a=IDLE,uri=null,age=0}
02:56:42.486 [qtp782228073-62] DEBUG org.eclipse.jetty.io.FillInterest - fillable FillInterest@1b7919db{AC.ReadCB@36b2bc7{HttpConnection@36b2bc7::DecryptedEndPoint@23ed7bb4{l=/127.0.0.1:40197,r=/127.0.0.1:34024,OPEN,fill=FI,flush=-,to=42/30000}}}
02:56:42.486 [qtp782228073-62] DEBUG org.eclipse.jetty.server.HttpConnection - HttpConnection@36b2bc7::DecryptedEndPoint@23ed7bb4{l=/127.0.0.1:40197,r=/127.0.0.1:34024,OPEN,fill=-,flush=-,to=42/30000} onFillable enter HttpChannelState@5dfe2fbb{s=IDLE rs=BLOCKING os=OPEN is=IDLE awp=false se=false i=true al=0} null
02:56:42.486 [qtp782228073-62] DEBUG org.eclipse.jetty.io.ssl.SslConnection - >fill SslConnection@96ecd7f::SocketChannelEndPoint@33f9b292{l=/127.0.0.1:40197,r=/127.0.0.1:34024,OPEN,fill=-,flush=-,to=41/30000}{io=0/0,kio=0,kro=1}->SslConnection@96ecd7f{NEED_UNWRAP,eio=-1/-1,di=-1,fill=IDLE,flush=IDLE}~>DecryptedEndPoint@23ed7bb4{l=/127.0.0.1:40197,r=/127.0.0.1:34024,OPEN,fill=-,flush=-,to=42/30000}=>HttpConnection@36b2bc7[p=HttpParser{s=START,0 of -1},g=HttpGenerator@4196373d{s=START}]=>HttpChannelOverHttp@489dc23b{s=HttpChannelState@5dfe2fbb{s=IDLE rs=BLOCKING os=OPEN is=IDLE awp=false se=false i=true al=0},r=0,c=false/false,a=IDLE,uri=null,age=0}
02:56:42.486 [qtp782228073-62] DEBUG org.eclipse.jetty.io.ssl.SslConnection - fill NEED_UNWRAP
02:56:42.486 [qtp782228073-62] DEBUG org.eclipse.jetty.io.ChannelEndPoint - filled 1501 HeapByteBuffer@740a9f9e[p=0,l=1501,c=17408,r=1501]={<<<\x17\x03\x03\x03\xAd\xC9\x9c\xF2\x17\x1e\xDd\x08u\xE4\xC5be\xDe\xAa~\x84=T\xAe\xBc...\xB1\xB0\x12\xB3(T\xB2\x91RL\x8a\xF5a\xE2\x80\x00I\xCd\xFa/\xAcu\x01>>>\x00\x19B\xEe\xDa\xE6\x90\x96Z...\x00\x00\x00\x00\x00\x00\x00}
02:56:42.486 [qtp782228073-62] DEBUG org.eclipse.jetty.io.ssl.SslConnection - net filled=1501
02:56:42.487 [qtp782228073-62] DEBUG org.eclipse.jetty.io.ssl.SslConnection - unwrap net_filled=1501 Status = OK HandshakeStatus = NEED_TASK bytesConsumed = 946 bytesProduced = 0 encryptedBuffer=[p=946,l=1501,c=17408,r=555] unwrapBuffer=HeapByteBuffer@7acd6f6f[p=0,l=0,c=17408,r=0]={<<<>>>\x14\x03\x03\x00\x01\x01\x96\xA5\x84...\x00\x00\x00\x00\x00\x00\x00} appBuffer=HeapByteBuffer@7acd6f6f[p=0,l=0,c=17408,r=0]={<<<>>>\x14\x03\x03\x00\x01\x01\x96\xA5\x84...\x00\x00\x00\x00\x00\x00\x00}
02:56:42.487 [qtp782228073-62] DEBUG org.eclipse.jetty.io.ssl.SslConnection - fill NEED_TASK
02:56:42.487 [qtp782228073-62] DEBUG org.eclipse.jetty.io.ssl.SslConnection - fill NEED_UNWRAP
02:56:42.487 [qtp782228073-62] DEBUG org.eclipse.jetty.io.ChannelEndPoint - filled 0 HeapByteBuffer@740a9f9e[p=946,l=1501,c=17408,r=555]={\x17\x03\x03\x03\xAd\x0b\x00\x03\x88...w\x83\xFa\xF9\xFa[a<<<\x17\x03\x03\x01)\r\x01\xBb\xD7!\xD18%\xAe=L\xCcP\xBe\x99\x81;@o>...\xB1\xB0\x12\xB3(T\xB2\x91RL\x8a\xF5a\xE2\x80\x00I\xCd\xFa/\xAcu\x01>>>\x00\x19B\xEe\xDa\xE6\x90\x96Z...\x00\x00\x00\x00\x00\x00\x00}
02:56:42.487 [qtp782228073-62] DEBUG org.eclipse.jetty.io.ssl.SslConnection - net filled=0
02:56:42.487 [qtp782228073-62] DEBUG org.eclipse.jetty.io.ssl.SslConnection - unwrap net_filled=0 Status = OK HandshakeStatus = NEED_TASK bytesConsumed = 302 bytesProduced = 0 encryptedBuffer=[p=1248,l=1501,c=17408,r=253] unwrapBuffer=HeapByteBuffer@7acd6f6f[p=0,l=0,c=17408,r=0]={<<<>>>\x14\x03\x03\x00\x01\x01\x96\xA5\x84...\x00\x00\x00\x00\x00\x00\x00} appBuffer=HeapByteBuffer@7acd6f6f[p=0,l=0,c=17408,r=0]={<<<>>>\x14\x03\x03\x00\x01\x01\x96\xA5\x84...\x00\x00\x00\x00\x00\x00\x00}
02:56:42.487 [qtp782228073-62] DEBUG org.eclipse.jetty.io.ssl.SslConnection - fill NEED_TASK
02:56:42.487 [qtp782228073-62] DEBUG org.eclipse.jetty.io.ssl.SslConnection - fill NEED_UNWRAP
02:56:42.487 [qtp782228073-62] DEBUG org.eclipse.jetty.io.ChannelEndPoint - filled 0 HeapByteBuffer@740a9f9e[p=1248,l=1501,c=17408,r=253]={\x17\x03\x03\x03\xAd\x0b\x00\x03\x88...\xA5\xA4]`w\xA8f<<<\x17\x03\x03\x00U&8\x7fL\x1d\x04\xA3\x19\x8d\xC3:\xD3;\x14[\x9f\xFeK\r+...\xB1\xB0\x12\xB3(T\xB2\x91RL\x8a\xF5a\xE2\x80\x00I\xCd\xFa/\xAcu\x01>>>\x00\x19B\xEe\xDa\xE6\x90\x96Z...\x00\x00\x00\x00\x00\x00\x00}
02:56:42.487 [qtp782228073-62] DEBUG org.eclipse.jetty.io.ssl.SslConnection - net filled=0
02:56:42.488 [qtp782228073-62] DEBUG org.eclipse.jetty.io.ssl.SslConnection - unwrap net_filled=0 Status = OK HandshakeStatus = NEED_WRAP bytesConsumed = 90 bytesProduced = 0 encryptedBuffer=[p=1338,l=1501,c=17408,r=163] unwrapBuffer=HeapByteBuffer@7acd6f6f[p=0,l=0,c=17408,r=0]={<<<>>>\x14\x03\x03\x00\x01\x01\x96\xA5\x84...\x00\x00\x00\x00\x00\x00\x00} appBuffer=HeapByteBuffer@7acd6f6f[p=0,l=0,c=17408,r=0]={<<<>>>\x14\x03\x03\x00\x01\x01\x96\xA5\x84...\x00\x00\x00\x00\x00\x00\x00}
02:56:42.488 [qtp782228073-62] DEBUG org.eclipse.jetty.io.ssl.SslConnection - fill NEED_WRAP
02:56:42.488 [qtp782228073-62] DEBUG org.eclipse.jetty.io.ssl.SslConnection - >flush SslConnection@96ecd7f::SocketChannelEndPoint@33f9b292{l=/127.0.0.1:40197,r=/127.0.0.1:34024,OPEN,fill=-,flush=-,to=1/30000}{io=0/0,kio=0,kro=1}->SslConnection@96ecd7f{NEED_WRAP,eio=163/-1,di=-1,fill=IDLE,flush=IDLE}~>DecryptedEndPoint@23ed7bb4{l=/127.0.0.1:40197,r=/127.0.0.1:34024,OPEN,fill=-,flush=-,to=43/30000}=>HttpConnection@36b2bc7[p=HttpParser{s=START,0 of -1},g=HttpGenerator@4196373d{s=START}]=>HttpChannelOverHttp@489dc23b{s=HttpChannelState@5dfe2fbb{s=IDLE rs=BLOCKING os=OPEN is=IDLE awp=false se=false i=true al=0},r=0,c=false/false,a=IDLE,uri=null,age=0}
02:56:42.488 [qtp782228073-62] DEBUG org.eclipse.jetty.io.ssl.SslConnection - flush b[0]=HeapByteBuffer@58f161d6[p=0,l=0,c=0,r=0]={<<<>>>}
02:56:42.488 [qtp782228073-62] DEBUG org.eclipse.jetty.io.ssl.SslConnection - flush NEED_WRAP
02:56:42.488 [qtp782228073-62] DEBUG org.eclipse.jetty.io.ssl.SslConnection - wrap Status = OK HandshakeStatus = FINISHED bytesConsumed = 0 bytesProduced = 88 [p=0,l=88,c=17408,r=88] ioDone=false/false
02:56:42.488 [qtp782228073-62] DEBUG org.eclipse.jetty.io.ChannelEndPoint - flushed 88 SocketChannelEndPoint@33f9b292{l=/127.0.0.1:40197,r=/127.0.0.1:34024,OPEN,fill=-,flush=-,to=2/30000}{io=0/0,kio=0,kro=1}->SslConnection@96ecd7f{NOT_HANDSHAKING,eio=163/0,di=-1,fill=IDLE,flush=IDLE}~>DecryptedEndPoint@23ed7bb4{l=/127.0.0.1:40197,r=/127.0.0.1:34024,OPEN,fill=-,flush=-,to=44/30000}=>HttpConnection@36b2bc7[p=HttpParser{s=START,0 of -1},g=HttpGenerator@4196373d{s=START}]=>HttpChannelOverHttp@489dc23b{s=HttpChannelState@5dfe2fbb{s=IDLE rs=BLOCKING os=OPEN is=IDLE awp=false se=false i=true al=0},r=0,c=false/false,a=IDLE,uri=null,age=0}
02:56:42.488 [qtp782228073-62] DEBUG org.eclipse.jetty.io.ssl.SslConnection - net flushed=true, ac=true
02:56:42.489 [qtp782228073-62] DEBUG org.eclipse.jetty.io.ssl.SslConnection - handshake succeeded SslConnection@96ecd7f::SocketChannelEndPoint@33f9b292{l=/127.0.0.1:40197,r=/127.0.0.1:34024,OPEN,fill=-,flush=-,to=0/30000}{io=0/0,kio=0,kro=1}->SslConnection@96ecd7f{NOT_HANDSHAKING,eio=163/0,di=-1,fill=IDLE,flush=IDLE}~>DecryptedEndPoint@23ed7bb4{l=/127.0.0.1:40197,r=/127.0.0.1:34024,OPEN,fill=-,flush=-,to=44/30000}=>HttpConnection@36b2bc7[p=HttpParser{s=START,0 of -1},g=HttpGenerator@4196373d{s=START}]=>HttpChannelOverHttp@489dc23b{s=HttpChannelState@5dfe2fbb{s=IDLE rs=BLOCKING os=OPEN is=IDLE awp=false se=false i=true al=0},r=0,c=false/false,a=IDLE,uri=null,age=0} resumed server TLSv1.3/TLS_AES_256_GCM_SHA384
02:56:42.489 [qtp782228073-62] DEBUG org.eclipse.jetty.io.ssl.SslConnection - <flush true SslConnection@96ecd7f::SocketChannelEndPoint@33f9b292{l=/127.0.0.1:40197,r=/127.0.0.1:34024,OPEN,fill=-,flush=-,to=0/30000}{io=0/0,kio=0,kro=1}->SslConnection@96ecd7f{NOT_HANDSHAKING,eio=163/-1,di=-1,fill=IDLE,flush=IDLE}~>DecryptedEndPoint@23ed7bb4{l=/127.0.0.1:40197,r=/127.0.0.1:34024,OPEN,fill=-,flush=-,to=44/30000}=>HttpConnection@36b2bc7[p=HttpParser{s=START,0 of -1},g=HttpGenerator@4196373d{s=START}]=>HttpChannelOverHttp@489dc23b{s=HttpChannelState@5dfe2fbb{s=IDLE rs=BLOCKING os=OPEN is=IDLE awp=false se=false i=true al=0},r=0,c=false/false,a=IDLE,uri=null,age=0}
02:56:42.489 [qtp782228073-62] DEBUG org.eclipse.jetty.io.ssl.SslConnection - fill NOT_HANDSHAKING
02:56:42.489 [qtp782228073-62] DEBUG org.eclipse.jetty.io.ChannelEndPoint - filled 0 HeapByteBuffer@740a9f9e[p=1338,l=1501,c=17408,r=163]={\x17\x03\x03\x03\xAd\x0b\x00\x03\x88...\xA5\x17\xEc9\xCc\x1d\x04<<<\x17\x03\x03\x00\x9e\xB6\x98_\xE9\xE8\x0f\xCe\xFd\x0c7\x81\x7f\x99\xE1z\xC1\xEe\x8a5\x94...\xB1\xB0\x12\xB3(T\xB2\x91RL\x8a\xF5a\xE2\x80\x00I\xCd\xFa/\xAcu\x01>>>\x00\x19B\xEe\xDa\xE6\x90\x96Z...\x00\x00\x00\x00\x00\x00\x00}
02:56:42.489 [qtp782228073-62] DEBUG org.eclipse.jetty.io.ssl.SslConnection - net filled=0
02:56:42.489 [qtp782228073-62] DEBUG org.eclipse.jetty.io.ssl.SslConnection - unwrap net_filled=0 Status = OK HandshakeStatus = NOT_HANDSHAKING bytesConsumed = 163 bytesProduced = 125 encryptedBuffer=[p=1501,l=1501,c=17408,r=0] unwrapBuffer=HeapByteBuffer@7acd6f6f[p=0,l=125,c=17408,r=125]={<<<GET /config.yml HTTP/1.1\r...gent: okhttp/3.12.3\r\n\r\n>>>C(\xD1w\xE8AL\xCe;...\x00\x00\x00\x00\x00\x00\x00} appBuffer=HeapByteBuffer@7acd6f6f[p=0,l=125,c=17408,r=125]={<<<GET /config.yml HTTP/1.1\r...gent: okhttp/3.12.3\r\n\r\n>>>C(\xD1w\xE8AL\xCe;...\x00\x00\x00\x00\x00\x00\x00}
02:56:42.489 [qtp782228073-62] DEBUG org.eclipse.jetty.io.ssl.SslConnection - <fill f=125 uf=false SslConnection@96ecd7f::SocketChannelEndPoint@33f9b292{l=/127.0.0.1:40197,r=/127.0.0.1:34024,OPEN,fill=-,flush=-,to=0/30000}{io=0/0,kio=0,kro=1}->SslConnection@96ecd7f{NOT_HANDSHAKING,eio=-1/-1,di=-1,fill=IDLE,flush=IDLE}~>DecryptedEndPoint@23ed7bb4{l=/127.0.0.1:40197,r=/127.0.0.1:34024,OPEN,fill=-,flush=-,to=45/30000}=>HttpConnection@36b2bc7[p=HttpParser{s=START,0 of -1},g=HttpGenerator@4196373d{s=START}]=>HttpChannelOverHttp@489dc23b{s=HttpChannelState@5dfe2fbb{s=IDLE rs=BLOCKING os=OPEN is=IDLE awp=false se=false i=true al=0},r=0,c=false/false,a=IDLE,uri=null,age=0}
02:56:42.489 [qtp782228073-62] DEBUG org.eclipse.jetty.server.HttpConnection - HttpConnection@36b2bc7::DecryptedEndPoint@23ed7bb4{l=/127.0.0.1:40197,r=/127.0.0.1:34024,OPEN,fill=-,flush=-,to=45/30000} filled 125 HeapByteBuffer@7acd6f6f[p=0,l=125,c=17408,r=125]={<<<GET /config.yml HTTP/1.1\r...gent: okhttp/3.12.3\r\n\r\n>>>C(\xD1w\xE8AL\xCe;...\x00\x00\x00\x00\x00\x00\x00}
02:56:42.489 [qtp782228073-62] DEBUG org.eclipse.jetty.server.HttpConnection - HttpConnection@36b2bc7::DecryptedEndPoint@23ed7bb4{l=/127.0.0.1:40197,r=/127.0.0.1:34024,OPEN,fill=-,flush=-,to=45/30000} parse HeapByteBuffer@7acd6f6f[p=0,l=125,c=17408,r=125]={<<<GET /config.yml HTTP/1.1\r...gent: okhttp/3.12.3\r\n\r\n>>>C(\xD1w\xE8AL\xCe;...\x00\x00\x00\x00\x00\x00\x00} {}
02:56:42.489 [qtp782228073-62] DEBUG org.eclipse.jetty.http.HttpParser - parseNext s=START HeapByteBuffer@7acd6f6f[p=0,l=125,c=17408,r=125]={<<<GET /config.yml HTTP/1.1\r...gent: okhttp/3.12.3\r\n\r\n>>>C(\xD1w\xE8AL\xCe;...\x00\x00\x00\x00\x00\x00\x00}
02:56:42.489 [qtp782228073-62] DEBUG org.eclipse.jetty.http.HttpParser - START --> SPACE1
02:56:42.489 [qtp782228073-62] DEBUG org.eclipse.jetty.http.HttpParser - SPACE1 --> URI
02:56:42.489 [qtp782228073-62] DEBUG org.eclipse.jetty.http.HttpParser - URI --> SPACE2
02:56:42.489 [qtp782228073-62] DEBUG org.eclipse.jetty.http.HttpParser - SPACE2 --> REQUEST_VERSION
02:56:42.489 [qtp782228073-62] DEBUG org.eclipse.jetty.http.HttpParser - REQUEST_VERSION --> HEADER
02:56:42.489 [qtp782228073-62] DEBUG org.eclipse.jetty.http.HttpParser - HEADER:Host --> VALUE
02:56:42.489 [qtp782228073-62] DEBUG org.eclipse.jetty.http.HttpParser - HEADER:Host --> IN_VALUE
02:56:42.489 [qtp782228073-62] DEBUG org.eclipse.jetty.http.HttpParser - HEADER:Host --> FIELD
02:56:42.489 [qtp782228073-62] DEBUG org.eclipse.jetty.http.HttpParser - HEADER:Connection: keep-alive --> IN_VALUE
02:56:42.489 [qtp782228073-62] DEBUG org.eclipse.jetty.http.HttpParser - HEADER:Connection: keep-alive --> FIELD
02:56:42.489 [qtp782228073-62] DEBUG org.eclipse.jetty.http.HttpParser - HEADER:Accept-Encoding: gzip --> IN_VALUE
02:56:42.489 [qtp782228073-62] DEBUG org.eclipse.jetty.http.HttpParser - HEADER:Accept-Encoding: gzip --> FIELD
02:56:42.489 [qtp782228073-62] DEBUG org.eclipse.jetty.http.HttpParser - HEADER:User-Agent --> VALUE
02:56:42.489 [qtp782228073-62] DEBUG org.eclipse.jetty.http.HttpParser - HEADER:User-Agent --> IN_VALUE
02:56:42.489 [qtp782228073-62] DEBUG org.eclipse.jetty.http.HttpParser - HEADER:User-Agent --> FIELD
02:56:42.489 [qtp782228073-62] DEBUG org.eclipse.jetty.http.HttpParser - HEADER --> CONTENT
02:56:42.489 [qtp782228073-62] DEBUG org.eclipse.jetty.server.HttpChannel - REQUEST for //localhost:40197/config.yml on HttpChannelOverHttp@489dc23b{s=HttpChannelState@5dfe2fbb{s=IDLE rs=BLOCKING os=OPEN is=IDLE awp=false se=false i=true al=0},r=1,c=false/false,a=IDLE,uri=//localhost:40197/config.yml,age=0}
GET //localhost:40197/config.yml HTTP/1.1
Host: localhost:40197
Connection: keep-alive
Accept-Encoding: gzip
User-Agent: okhttp/3.12.3


02:56:42.490 [qtp782228073-62] DEBUG org.eclipse.jetty.server.HttpConnection - HttpConnection@36b2bc7::DecryptedEndPoint@23ed7bb4{l=/127.0.0.1:40197,r=/127.0.0.1:34024,OPEN,fill=-,flush=-,to=45/30000} parsed true HttpParser{s=CONTENT,0 of -1}
02:56:42.490 [qtp782228073-62] DEBUG org.eclipse.jetty.server.HttpConnection - releaseRequestBuffer HttpConnection@36b2bc7::DecryptedEndPoint@23ed7bb4{l=/127.0.0.1:40197,r=/127.0.0.1:34024,OPEN,fill=-,flush=-,to=45/30000}
02:56:42.490 [qtp782228073-62] DEBUG org.eclipse.jetty.server.HttpChannel - handle //localhost:40197/config.yml HttpChannelOverHttp@489dc23b{s=HttpChannelState@5dfe2fbb{s=IDLE rs=BLOCKING os=OPEN is=IDLE awp=false se=false i=true al=0},r=1,c=false/false,a=IDLE,uri=//localhost:40197/config.yml,age=1} 
02:56:42.490 [qtp782228073-62] DEBUG org.eclipse.jetty.server.HttpChannelState - handling HttpChannelState@5dfe2fbb{s=IDLE rs=BLOCKING os=OPEN is=IDLE awp=false se=false i=true al=0}
02:56:42.490 [qtp782228073-62] DEBUG org.eclipse.jetty.server.HttpChannel - action DISPATCH HttpChannelOverHttp@489dc23b{s=HttpChannelState@5dfe2fbb{s=HANDLING rs=BLOCKING os=OPEN is=IDLE awp=false se=false i=true al=0},r=1,c=false/false,a=HANDLING,uri=//localhost:40197/config.yml,age=1}
02:56:42.490 [qtp782228073-62] DEBUG org.eclipse.jetty.server.SecureRequestCustomizer - Host localhost with SNI null
02:56:42.490 [qtp782228073-62] DEBUG org.eclipse.jetty.server.Server - REQUEST GET /config.yml on HttpChannelOverHttp@489dc23b{s=HttpChannelState@5dfe2fbb{s=HANDLING rs=BLOCKING os=OPEN is=IDLE awp=false se=false i=true al=0},r=1,c=false/false,a=HANDLING,uri=https://localhost:40197/config.yml,age=1}
02:56:42.490 [qtp782228073-62] DEBUG org.eclipse.jetty.server.HttpOutput - write(array HeapByteBuffer@6fd8f8[p=0,l=4,c=512,r=4]={<<<path>>>\x00\x00\x00\x00\x00\x00\x00\x00\x00...\x00\x00\x00\x00\x00\x00\x00})
02:56:42.490 [qtp782228073-62] DEBUG org.eclipse.jetty.server.HttpOutput - write(array) s=CLOSING,api=BLOCKED,sc=false,e=null last=true agg=false flush=true async=false, len=4 null
02:56:42.490 [qtp782228073-62] DEBUG org.eclipse.jetty.server.HttpChannel - sendResponse info=null content=HeapByteBuffer@3479e1f0[p=0,l=4,c=512,r=4]={<<<path>>>\x00\x00\x00\x00\x00\x00\x00\x00\x00...\x00\x00\x00\x00\x00\x00\x00} complete=true committing=true callback=Blocker@5ec6117b{null}
02:56:42.490 [qtp782228073-62] DEBUG org.eclipse.jetty.server.HttpChannel - COMMIT for /config.yml on HttpChannelOverHttp@489dc23b{s=HttpChannelState@5dfe2fbb{s=HANDLING rs=BLOCKING os=COMMITTED is=IDLE awp=false se=false i=true al=0},r=1,c=false/false,a=HANDLING,uri=https://localhost:40197/config.yml,age=1}
200 null HTTP/1.1
Date: Thu, 02 May 2024 01:56:42 GMT
ETag: testEtag
Content-Type: text/plain;charset=utf-8
Content-Length: 4


02:56:42.490 [qtp782228073-62] DEBUG org.eclipse.jetty.server.HttpConnection - generate: NEED_HEADER for SendCallback@3f9ed9fe[PROCESSING][i=HTTP/1.1{s=200,h=4,cl=4},cb=org.eclipse.jetty.server.HttpChannel$SendCallback@41486eed] (null,[p=0,l=4,c=512,r=4],true)@START
02:56:42.490 [qtp782228073-62] DEBUG org.eclipse.jetty.http.HttpGenerator - generateHeaders HTTP/1.1{s=200,h=4,cl=4} last=true content=HeapByteBuffer@3479e1f0[p=0,l=4,c=512,r=4]={<<<path>>>\x00\x00\x00\x00\x00\x00\x00\x00\x00...\x00\x00\x00\x00\x00\x00\x00}
02:56:42.490 [qtp782228073-62] DEBUG org.eclipse.jetty.http.HttpGenerator - Date: Thu, 02 May 2024 01:56:42 GMT
ETag: testEtag
Content-Type: text/plain;charset=utf-8
Content-Length: 4


02:56:42.490 [qtp782228073-62] DEBUG org.eclipse.jetty.http.HttpGenerator - CONTENT_LENGTH
02:56:42.490 [qtp782228073-62] DEBUG org.eclipse.jetty.server.HttpConnection - generate: FLUSH for SendCallback@3f9ed9fe[PROCESSING][i=HTTP/1.1{s=200,h=4,cl=4},cb=org.eclipse.jetty.server.HttpChannel$SendCallback@41486eed] ([p=0,l=164,c=8192,r=164],[p=0,l=4,c=512,r=4],true)@COMPLETING
02:56:42.490 [qtp782228073-62] DEBUG org.eclipse.jetty.io.WriteFlusher - write: WriteFlusher@3a457155{IDLE}->null [HeapByteBuffer@7bc04565[p=0,l=164,c=8192,r=164]={<<<HTTP/1.1 200 OK\r\nDate: Th...y(9.4.44.v20210927)\r\n\r\n>>>\n\r\n\x00\x00\x00\x00\x00\x00...\x00\x00\x00\x00\x00\x00\x00},HeapByteBuffer@3479e1f0[p=0,l=4,c=512,r=4]={<<<path>>>\x00\x00\x00\x00\x00\x00\x00\x00\x00...\x00\x00\x00\x00\x00\x00\x00}]
02:56:42.490 [qtp782228073-62] DEBUG org.eclipse.jetty.io.WriteFlusher - update WriteFlusher@3a457155{WRITING}->null:IDLE-->WRITING
02:56:42.490 [qtp782228073-62] DEBUG org.eclipse.jetty.io.ssl.SslConnection - >flush SslConnection@96ecd7f::SocketChannelEndPoint@33f9b292{l=/127.0.0.1:40197,r=/127.0.0.1:34024,OPEN,fill=-,flush=-,to=1/30000}{io=0/0,kio=0,kro=1}->SslConnection@96ecd7f{NOT_HANDSHAKING,eio=-1/-1,di=-1,fill=IDLE,flush=IDLE}~>DecryptedEndPoint@23ed7bb4{l=/127.0.0.1:40197,r=/127.0.0.1:34024,OPEN,fill=-,flush=W,to=46/30000}=>HttpConnection@36b2bc7[p=HttpParser{s=CONTENT,0 of -1},g=HttpGenerator@4196373d{s=COMPLETING}]=>HttpChannelOverHttp@489dc23b{s=HttpChannelState@5dfe2fbb{s=HANDLING rs=BLOCKING os=COMMITTED is=IDLE awp=false se=false i=true al=0},r=1,c=false/false,a=HANDLING,uri=https://localhost:40197/config.yml,age=1}
02:56:42.490 [qtp782228073-62] DEBUG org.eclipse.jetty.io.ssl.SslConnection - flush b[0]=HeapByteBuffer@7bc04565[p=0,l=164,c=8192,r=164]={<<<HTTP/1.1 200 OK\r\nDate: Th...y(9.4.44.v20210927)\r\n\r\n>>>\n\r\n\x00\x00\x00\x00\x00\x00...\x00\x00\x00\x00\x00\x00\x00}
02:56:42.490 [qtp782228073-62] DEBUG org.eclipse.jetty.io.ssl.SslConnection - flush b[1]=HeapByteBuffer@3479e1f0[p=0,l=4,c=512,r=4]={<<<path>>>\x00\x00\x00\x00\x00\x00\x00\x00\x00...\x00\x00\x00\x00\x00\x00\x00}
02:56:42.490 [qtp782228073-62] DEBUG org.eclipse.jetty.io.ssl.SslConnection - flush NOT_HANDSHAKING
02:56:42.490 [qtp782228073-62] DEBUG org.eclipse.jetty.io.ssl.SslConnection - wrap Status = OK HandshakeStatus = NOT_HANDSHAKING bytesConsumed = 168 bytesProduced = 206 [p=0,l=206,c=17408,r=206] ioDone=false/false
02:56:42.490 [qtp782228073-62] DEBUG org.eclipse.jetty.io.ChannelEndPoint - flushed 206 SocketChannelEndPoint@33f9b292{l=/127.0.0.1:40197,r=/127.0.0.1:34024,OPEN,fill=-,flush=-,to=1/30000}{io=0/0,kio=0,kro=1}->SslConnection@96ecd7f{NOT_HANDSHAKING,eio=-1/0,di=-1,fill=IDLE,flush=IDLE}~>DecryptedEndPoint@23ed7bb4{l=/127.0.0.1:40197,r=/127.0.0.1:34024,OPEN,fill=-,flush=W,to=46/30000}=>HttpConnection@36b2bc7[p=HttpParser{s=CONTENT,0 of -1},g=HttpGenerator@4196373d{s=COMPLETING}]=>HttpChannelOverHttp@489dc23b{s=HttpChannelState@5dfe2fbb{s=HANDLING rs=BLOCKING os=COMMITTED is=IDLE awp=false se=false i=true al=0},r=1,c=false/false,a=HANDLING,uri=https://localhost:40197/config.yml,age=1}
02:56:42.491 [qtp782228073-62] DEBUG org.eclipse.jetty.io.ssl.SslConnection - net flushed=true, ac=true
02:56:42.491 [qtp782228073-62] DEBUG org.eclipse.jetty.io.ssl.SslConnection - <flush true SslConnection@96ecd7f::SocketChannelEndPoint@33f9b292{l=/127.0.0.1:40197,r=/127.0.0.1:34024,OPEN,fill=-,flush=-,to=0/30000}{io=0/0,kio=0,kro=1}->SslConnection@96ecd7f{NOT_HANDSHAKING,eio=-1/-1,di=-1,fill=IDLE,flush=IDLE}~>DecryptedEndPoint@23ed7bb4{l=/127.0.0.1:40197,r=/127.0.0.1:34024,OPEN,fill=-,flush=W,to=46/30000}=>HttpConnection@36b2bc7[p=HttpParser{s=CONTENT,0 of -1},g=HttpGenerator@4196373d{s=COMPLETING}]=>HttpChannelOverHttp@489dc23b{s=HttpChannelState@5dfe2fbb{s=HANDLING rs=BLOCKING os=COMMITTED is=IDLE awp=false se=false i=true al=0},r=1,c=false/false,a=HANDLING,uri=https://localhost:40197/config.yml,age=2}
02:56:42.491 [qtp782228073-62] DEBUG org.eclipse.jetty.io.WriteFlusher - Flushed=true written=168 remaining=0 WriteFlusher@3a457155{WRITING}->null
02:56:42.491 [main] DEBUG org.apache.nifi.minifi.bootstrap.configuration.ingestors.PullHttpChangeIngestor - Response received: Response{protocol=http/1.1, code=200, message=OK, url=https://localhost:40197/config.yml}
02:56:42.491 [qtp782228073-62] DEBUG org.eclipse.jetty.io.WriteFlusher - update WriteFlusher@3a457155{IDLE}->null:WRITING-->IDLE
02:56:42.491 [qtp782228073-62] DEBUG org.eclipse.jetty.server.HttpConnection - generate: DONE for SendCallback@3f9ed9fe[PROCESSING][i=HTTP/1.1{s=200,h=4,cl=4},cb=org.eclipse.jetty.server.HttpChannel$SendCallback@41486eed] ([p=164,l=164,c=8192,r=0],[p=4,l=4,c=512,r=0],true)@END
02:56:42.491 [qtp782228073-62] DEBUG org.eclipse.jetty.server.HttpOutput - onWriteComplete(true,null) s=CLOSING,api=BLOCKED,sc=false,e=null->s=CLOSED,api=BLOCKING,sc=false,e=null c=null cb=null w=false
02:56:42.491 [qtp782228073-62] DEBUG org.eclipse.jetty.server.HttpOutput - close() s=CLOSED,api=BLOCKING,sc=false,e=null c=null b=null
02:56:42.491 [main] DEBUG org.apache.nifi.minifi.bootstrap.configuration.ingestors.PullHttpChangeIngestor - Pulled config same as currently running.
02:56:42.491 [qtp782228073-62] DEBUG org.eclipse.jetty.server.Server - handled=true async=false committed=true on HttpChannelOverHttp@489dc23b{s=HttpChannelState@5dfe2fbb{s=HANDLING rs=BLOCKING os=COMPLETED is=IDLE awp=false se=false i=true al=0},r=1,c=false/true,a=HANDLING,uri=https://localhost:40197/config.yml,age=2}
02:56:42.491 [qtp782228073-62] DEBUG org.eclipse.jetty.server.HttpChannelState - unhandle HttpChannelState@5dfe2fbb{s=HANDLING rs=BLOCKING os=COMPLETED is=IDLE awp=false se=false i=true al=0}
02:56:42.491 [qtp782228073-62] DEBUG org.eclipse.jetty.server.HttpChannelState - nextAction(false) COMPLETE HttpChannelState@5dfe2fbb{s=HANDLING rs=COMPLETING os=COMPLETED is=IDLE awp=false se=false i=false al=0}
02:56:42.491 [qtp782228073-62] DEBUG org.eclipse.jetty.server.HttpChannel - action COMPLETE HttpChannelOverHttp@489dc23b{s=HttpChannelState@5dfe2fbb{s=HANDLING rs=COMPLETING os=COMPLETED is=IDLE awp=false se=false i=false al=0},r=1,c=false/true,a=HANDLING,uri=https://localhost:40197/config.yml,age=2}
02:56:42.491 [qtp782228073-62] DEBUG org.eclipse.jetty.server.HttpOutput - complete(org.eclipse.jetty.util.Callback$3@54e6f2af) s=CLOSED,api=BLOCKING,sc=false,e=null s=true e=null, c=null
02:56:42.491 [qtp782228073-62] DEBUG org.eclipse.jetty.server.HttpChannelState - completed HttpChannelState@5dfe2fbb{s=HANDLING rs=COMPLETING os=COMPLETED is=IDLE awp=false se=false i=false al=0}
02:56:42.491 [qtp782228073-62] DEBUG org.eclipse.jetty.server.HttpChannelState - unhandle HttpChannelState@5dfe2fbb{s=HANDLING rs=COMPLETED os=COMPLETED is=IDLE awp=false se=false i=false al=0}
02:56:42.491 [qtp782228073-62] DEBUG org.eclipse.jetty.server.HttpChannelState - nextAction(false) TERMINATED HttpChannelState@5dfe2fbb{s=IDLE rs=COMPLETED os=COMPLETED is=IDLE awp=false se=false i=false al=0}
]]></system-out>
  </testcase>
</testsuite>