<?xml version="1.0" encoding="UTF-8"?>
<testsuite xmlns:xsi="http://www.w3.org/2001/XMLSchema-instance" xsi:noNamespaceSchemaLocation="https://maven.apache.org/surefire/maven-surefire-plugin/xsd/surefire-test-report-3.0.xsd" version="3.0" name="org.apache.nifi.processors.standard.TestSplitText" time="0.067" tests="31" errors="0" skipped="0" failures="0">
  <properties>
    <property name="sun.desktop" value="gnome"/>
    <property name="awt.toolkit" value="sun.awt.X11.XToolkit"/>
    <property name="file.encoding.pkg" value="sun.io"/>
    <property name="java.specification.version" value="1.8"/>
    <property name="sun.cpu.isalist" value=""/>
    <property name="sun.jnu.encoding" value="UTF-8"/>
    <property name="java.class.path" value="/home/alex/Repositories/nifi/nifi-nar-bundles/nifi-standard-bundle/nifi-standard-processors/target/test-classes:/home/alex/Repositories/nifi/nifi-nar-bundles/nifi-standard-bundle/nifi-standard-processors/target/classes:/home/alex/.m2/repository/org/apache/ftpserver/ftpserver-core/1.1.1/ftpserver-core-1.1.1.jar:/home/alex/.m2/repository/org/apache/ftpserver/ftplet-api/1.1.1/ftplet-api-1.1.1.jar:/home/alex/.m2/repository/org/slf4j/slf4j-api/1.7.32/slf4j-api-1.7.32.jar:/home/alex/.m2/repository/org/apache/mina/mina-core/2.0.16/mina-core-2.0.16.jar:/home/alex/Repositories/nifi/nifi-api/target/classes:/home/alex/Repositories/nifi/nifi-commons/nifi-expression-language/target/classes:/home/alex/.m2/repository/org/antlr/antlr-runtime/3.5.2/antlr-runtime-3.5.2.jar:/home/alex/Repositories/nifi/nifi-commons/nifi-parameter/target/classes:/home/alex/Repositories/nifi/nifi-commons/nifi-uuid5/target/classes:/home/alex/.m2/repository/org/apache/commons/commons-text/1.8/commons-text-1.8.jar:/home/alex/Repositories/nifi/nifi-nar-bundles/nifi-extension-utils/nifi-processor-utils/target/classes:/home/alex/Repositories/nifi/nifi-commons/nifi-security-socket-ssl/target/classes:/home/alex/Repositories/nifi/nifi-nar-bundles/nifi-extension-utils/nifi-event-transport/target/classes:/home/alex/.m2/repository/io/netty/netty-handler/4.1.69.Final/netty-handler-4.1.69.Final.jar:/home/alex/.m2/repository/io/netty/netty-common/4.1.69.Final/netty-common-4.1.69.Final.jar:/home/alex/.m2/repository/io/netty/netty-resolver/4.1.69.Final/netty-resolver-4.1.69.Final.jar:/home/alex/.m2/repository/io/netty/netty-transport/4.1.69.Final/netty-transport-4.1.69.Final.jar:/home/alex/.m2/repository/io/netty/netty-codec/4.1.69.Final/netty-codec-4.1.69.Final.jar:/home/alex/Repositories/nifi/nifi-nar-bundles/nifi-extension-utils/nifi-syslog-utils/target/classes:/home/alex/.m2/repository/com/github/palindromicity/simple-syslog-5424/0.0.16/simple-syslog-5424-0.0.16.jar:/home/alex/.m2/repository/org/antlr/antlr4-runtime/4.7.2/antlr4-runtime-4.7.2.jar:/home/alex/Repositories/nifi/nifi-commons/nifi-utils/target/classes:/home/alex/Repositories/nifi/nifi-commons/nifi-record-path/target/classes:/home/alex/Repositories/nifi/nifi-commons/nifi-properties/target/classes:/home/alex/Repositories/nifi/nifi-commons/nifi-property-utils/target/classes:/home/alex/.m2/repository/com/github/ben-manes/caffeine/caffeine/2.8.1/caffeine-2.8.1.jar:/home/alex/Repositories/nifi/nifi-nar-bundles/nifi-standard-services/nifi-ssl-context-service-api/target/classes:/home/alex/Repositories/nifi/nifi-commons/nifi-security-utils-api/target/classes:/home/alex/Repositories/nifi/nifi-nar-bundles/nifi-standard-services/nifi-lookup-service-api/target/classes:/home/alex/Repositories/nifi/nifi-commons/nifi-flowfile-packager/target/classes:/home/alex/Repositories/nifi/nifi-nar-bundles/nifi-standard-services/nifi-distributed-cache-client-service-api/target/classes:/home/alex/Repositories/nifi/nifi-nar-bundles/nifi-standard-services/nifi-http-context-map-api/target/classes:/home/alex/Repositories/nifi/nifi-nar-bundles/nifi-standard-services/nifi-record-serialization-service-api/target/classes:/home/alex/Repositories/nifi/nifi-nar-bundles/nifi-standard-services/nifi-proxy-configuration-api/target/classes:/home/alex/Repositories/nifi/nifi-commons/nifi-record/target/classes:/home/alex/Repositories/nifi/nifi-nar-bundles/nifi-standard-services/nifi-record-sink-api/target/classes:/home/alex/.m2/repository/commons-io/commons-io/2.10.0/commons-io-2.10.0.jar:/home/alex/.m2/repository/javax/ws/rs/javax.ws.rs-api/2.1/javax.ws.rs-api-2.1.jar:/home/alex/.m2/repository/commons-net/commons-net/3.6/commons-net-3.6.jar:/home/alex/.m2/repository/org/apache/commons/commons-compress/1.21/commons-compress-1.21.jar:/home/alex/.m2/repository/org/apache/commons/commons-lang3/3.9/commons-lang3-3.9.jar:/home/alex/.m2/repository/org/bouncycastle/bcprov-jdk15on/1.69/bcprov-jdk15on-1.69.jar:/home/alex/.m2/repository/org/bouncycastle/bcpg-jdk15on/1.69/bcpg-jdk15on-1.69.jar:/home/alex/.m2/repository/org/bouncycastle/bcpkix-jdk15on/1.69/bcpkix-jdk15on-1.69.jar:/home/alex/.m2/repository/org/bouncycastle/bcutil-jdk15on/1.69/bcutil-jdk15on-1.69.jar:/home/alex/.m2/repository/commons-codec/commons-codec/1.14/commons-codec-1.14.jar:/home/alex/Repositories/nifi/nifi-commons/nifi-security-utils/target/classes:/home/alex/Repositories/nifi/nifi-commons/nifi-security-kms/target/classes:/home/alex/.m2/repository/org/apache/commons/commons-configuration2/2.7/commons-configuration2-2.7.jar:/home/alex/.m2/repository/com/hierynomus/sshj/0.32.0/sshj-0.32.0.jar:/home/alex/.m2/repository/com/jcraft/jzlib/1.1.3/jzlib-1.1.3.jar:/home/alex/.m2/repository/com/hierynomus/asn-one/0.6.0/asn-one-0.6.0.jar:/home/alex/.m2/repository/net/i2p/crypto/eddsa/0.3.0/eddsa-0.3.0.jar:/home/alex/.m2/repository/org/eclipse/jetty/jetty-server/9.4.44.v20210927/jetty-server-9.4.44.v20210927.jar:/home/alex/.m2/repository/javax/servlet/javax.servlet-api/3.1.0/javax.servlet-api-3.1.0.jar:/home/alex/.m2/repository/org/eclipse/jetty/jetty-http/9.4.44.v20210927/jetty-http-9.4.44.v20210927.jar:/home/alex/.m2/repository/org/eclipse/jetty/jetty-util/9.4.44.v20210927/jetty-util-9.4.44.v20210927.jar:/home/alex/.m2/repository/org/eclipse/jetty/jetty-io/9.4.44.v20210927/jetty-io-9.4.44.v20210927.jar:/home/alex/.m2/repository/org/eclipse/jetty/jetty-servlet/9.4.44.v20210927/jetty-servlet-9.4.44.v20210927.jar:/home/alex/.m2/repository/org/eclipse/jetty/jetty-security/9.4.44.v20210927/jetty-security-9.4.44.v20210927.jar:/home/alex/.m2/repository/org/eclipse/jetty/jetty-util-ajax/9.4.44.v20210927/jetty-util-ajax-9.4.44.v20210927.jar:/home/alex/.m2/repository/org/apache/httpcomponents/httpclient/4.5.5/httpclient-4.5.5.jar:/home/alex/.m2/repository/commons-logging/commons-logging/1.2/commons-logging-1.2.jar:/home/alex/.m2/repository/org/apache/httpcomponents/httpcore/4.4.9/httpcore-4.4.9.jar:/home/alex/.m2/repository/jakarta/activation/jakarta.activation-api/2.0.1/jakarta.activation-api-2.0.1.jar:/home/alex/.m2/repository/com/sun/activation/jakarta.activation/2.0.1/jakarta.activation-2.0.1.jar:/home/alex/.m2/repository/jakarta/mail/jakarta.mail-api/2.0.1/jakarta.mail-api-2.0.1.jar:/home/alex/.m2/repository/com/sun/mail/jakarta.mail/2.0.1/jakarta.mail-2.0.1.jar:/home/alex/.m2/repository/com/github/jponge/lzma-java/1.3/lzma-java-1.3.jar:/home/alex/.m2/repository/org/tukaani/xz/1.8/xz-1.8.jar:/home/alex/.m2/repository/net/sf/saxon/Saxon-HE/10.6/Saxon-HE-10.6.jar:/home/alex/Repositories/nifi/nifi-commons/nifi-socket-utils/target/classes:/home/alex/Repositories/nifi/nifi-commons/nifi-logging-utils/target/classes:/home/alex/Repositories/nifi/nifi-nar-bundles/nifi-standard-services/nifi-load-distribution-service-api/target/classes:/home/alex/.m2/repository/javax/jms/javax.jms-api/2.0.1/javax.jms-api-2.0.1.jar:/home/alex/.m2/repository/org/apache/activemq/activemq-client/5.15.15/activemq-client-5.15.15.jar:/home/alex/.m2/repository/org/apache/geronimo/specs/geronimo-jms_1.1_spec/1.1.1/geronimo-jms_1.1_spec-1.1.1.jar:/home/alex/.m2/repository/org/fusesource/hawtbuf/hawtbuf/1.11/hawtbuf-1.11.jar:/home/alex/.m2/repository/org/apache/geronimo/specs/geronimo-j2ee-management_1.1_spec/1.0.1/geronimo-j2ee-management_1.1_spec-1.0.1.jar:/home/alex/.m2/repository/com/jayway/jsonpath/json-path/2.6.0/json-path-2.6.0.jar:/home/alex/.m2/repository/net/minidev/json-smart/2.4.7/json-smart-2.4.7.jar:/home/alex/.m2/repository/net/minidev/accessors-smart/2.4.7/accessors-smart-2.4.7.jar:/home/alex/.m2/repository/org/ow2/asm/asm/9.1/asm-9.1.jar:/home/alex/.m2/repository/org/apache/tika/tika-core/1.26/tika-core-1.26.jar:/home/alex/.m2/repository/com/fasterxml/jackson/core/jackson-databind/2.12.3/jackson-databind-2.12.3.jar:/home/alex/.m2/repository/com/fasterxml/jackson/core/jackson-annotations/2.12.3/jackson-annotations-2.12.3.jar:/home/alex/.m2/repository/com/fasterxml/jackson/core/jackson-core/2.12.3/jackson-core-2.12.3.jar:/home/alex/Repositories/nifi/nifi-nar-bundles/nifi-extension-utils/nifi-record-utils/nifi-avro-record-utils/target/classes:/home/alex/Repositories/nifi/nifi-nar-bundles/nifi-extension-utils/nifi-record-utils/nifi-standard-record-utils/target/classes:/home/alex/.m2/repository/org/apache/avro/avro/1.8.1/avro-1.8.1.jar:/home/alex/.m2/repository/org/codehaus/jackson/jackson-core-asl/1.9.13/jackson-core-asl-1.9.13.jar:/home/alex/.m2/repository/org/codehaus/jackson/jackson-mapper-asl/1.9.13/jackson-mapper-asl-1.9.13.jar:/home/alex/.m2/repository/com/thoughtworks/paranamer/paranamer/2.7/paranamer-2.7.jar:/home/alex/Repositories/nifi/nifi-nar-bundles/nifi-standard-services/nifi-dbcp-service-api/target/classes:/home/alex/.m2/repository/com/squareup/okhttp3/okhttp/4.9.2/okhttp-4.9.2.jar:/home/alex/.m2/repository/com/squareup/okio/okio/2.8.0/okio-2.8.0.jar:/home/alex/.m2/repository/org/jetbrains/kotlin/kotlin-stdlib-common/1.4.0/kotlin-stdlib-common-1.4.0.jar:/home/alex/.m2/repository/org/jetbrains/kotlin/kotlin-stdlib/1.4.10/kotlin-stdlib-1.4.10.jar:/home/alex/.m2/repository/org/jetbrains/annotations/13.0/annotations-13.0.jar:/home/alex/.m2/repository/io/github/rburgst/okhttp-digest/2.5/okhttp-digest-2.5.jar:/home/alex/.m2/repository/at/favre/lib/bcrypt/0.9.0/bcrypt-0.9.0.jar:/home/alex/.m2/repository/at/favre/lib/bytes/1.3.0/bytes-1.3.0.jar:/home/alex/.m2/repository/com/google/guava/guava/28.0-jre/guava-28.0-jre.jar:/home/alex/.m2/repository/com/google/guava/failureaccess/1.0.1/failureaccess-1.0.1.jar:/home/alex/.m2/repository/com/google/guava/listenablefuture/9999.0-empty-to-avoid-conflict-with-guava/listenablefuture-9999.0-empty-to-avoid-conflict-with-guava.jar:/home/alex/.m2/repository/com/google/code/findbugs/jsr305/3.0.2/jsr305-3.0.2.jar:/home/alex/.m2/repository/org/checkerframework/checker-qual/2.8.1/checker-qual-2.8.1.jar:/home/alex/.m2/repository/com/google/errorprone/error_prone_annotations/2.3.2/error_prone_annotations-2.3.2.jar:/home/alex/.m2/repository/com/google/j2objc/j2objc-annotations/1.3/j2objc-annotations-1.3.jar:/home/alex/.m2/repository/org/codehaus/mojo/animal-sniffer-annotations/1.17/animal-sniffer-annotations-1.17.jar:/home/alex/Repositories/nifi/nifi-mock/target/classes:/home/alex/Repositories/nifi/nifi-framework-api/target/classes:/home/alex/Repositories/nifi/nifi-nar-bundles/nifi-framework-bundle/nifi-framework/nifi-framework-core-api/target/classes:/home/alex/Repositories/nifi/nifi-nar-bundles/nifi-framework-bundle/nifi-framework/nifi-framework-nar-utils/target/classes:/home/alex/Repositories/nifi/nifi-nar-bundles/nifi-framework-bundle/nifi-framework/nifi-client-dto/target/classes:/home/alex/.m2/repository/io/swagger/swagger-annotations/1.6.0/swagger-annotations-1.6.0.jar:/home/alex/Repositories/nifi/nifi-commons/nifi-site-to-site-client/target/classes:/home/alex/.m2/repository/org/apache/httpcomponents/httpasyncclient/4.1.4/httpasyncclient-4.1.4.jar:/home/alex/.m2/repository/org/apache/httpcomponents/httpcore-nio/4.4.10/httpcore-nio-4.4.10.jar:/home/alex/Repositories/nifi/nifi-nar-bundles/nifi-framework-bundle/nifi-framework/nifi-framework-authorization/target/classes:/home/alex/Repositories/nifi/nifi-registry/nifi-registry-core/nifi-registry-data-model/target/classes:/home/alex/Repositories/nifi/nifi-registry/nifi-registry-core/nifi-registry-revision/nifi-registry-revision-entity-model/target/classes:/home/alex/Repositories/nifi/nifi-registry/nifi-registry-core/nifi-registry-client/target/classes:/home/alex/Repositories/nifi/nifi-registry/nifi-registry-core/nifi-registry-security-utils/target/classes:/home/alex/.m2/repository/org/glassfish/jersey/core/jersey-client/2.33/jersey-client-2.33.jar:/home/alex/.m2/repository/jakarta/ws/rs/jakarta.ws.rs-api/2.1.6/jakarta.ws.rs-api-2.1.6.jar:/home/alex/.m2/repository/org/glassfish/hk2/external/jakarta.inject/2.6.1/jakarta.inject-2.6.1.jar:/home/alex/.m2/repository/org/glassfish/jersey/media/jersey-media-json-jackson/2.33/jersey-media-json-jackson-2.33.jar:/home/alex/.m2/repository/org/glassfish/jersey/ext/jersey-entity-filtering/2.33/jersey-entity-filtering-2.33.jar:/home/alex/.m2/repository/org/glassfish/jersey/inject/jersey-hk2/2.33/jersey-hk2-2.33.jar:/home/alex/.m2/repository/org/glassfish/hk2/hk2-locator/2.6.1/hk2-locator-2.6.1.jar:/home/alex/.m2/repository/org/glassfish/hk2/external/aopalliance-repackaged/2.6.1/aopalliance-repackaged-2.6.1.jar:/home/alex/.m2/repository/org/glassfish/hk2/hk2-api/2.6.1/hk2-api-2.6.1.jar:/home/alex/.m2/repository/org/glassfish/hk2/hk2-utils/2.6.1/hk2-utils-2.6.1.jar:/home/alex/.m2/repository/org/javassist/javassist/3.25.0-GA/javassist-3.25.0-GA.jar:/home/alex/.m2/repository/org/glassfish/jersey/core/jersey-common/2.33/jersey-common-2.33.jar:/home/alex/.m2/repository/jakarta/annotation/jakarta.annotation-api/1.3.5/jakarta.annotation-api-1.3.5.jar:/home/alex/.m2/repository/org/glassfish/hk2/osgi-resource-locator/1.0.3/osgi-resource-locator-1.0.3.jar:/home/alex/.m2/repository/org/glassfish/jersey/media/jersey-media-multipart/2.33/jersey-media-multipart-2.33.jar:/home/alex/.m2/repository/org/jvnet/mimepull/mimepull/1.9.13/mimepull-1.9.13.jar:/home/alex/Repositories/nifi/nifi-commons/nifi-data-provenance-utils/target/classes:/home/alex/Repositories/nifi/nifi-nar-bundles/nifi-standard-services/nifi-distributed-cache-services-bundle/nifi-distributed-cache-client-service/target/classes:/home/alex/Repositories/nifi/nifi-nar-bundles/nifi-standard-services/nifi-distributed-cache-services-bundle/nifi-distributed-cache-protocol/target/classes:/home/alex/.m2/repository/io/netty/netty-buffer/4.1.69.Final/netty-buffer-4.1.69.Final.jar:/home/alex/.m2/repository/com/google/http-client/google-http-client/1.28.0/google-http-client-1.28.0.jar:/home/alex/.m2/repository/io/opencensus/opencensus-api/0.18.0/opencensus-api-0.18.0.jar:/home/alex/.m2/repository/io/grpc/grpc-context/1.14.0/grpc-context-1.14.0.jar:/home/alex/.m2/repository/io/opencensus/opencensus-contrib-http-util/0.18.0/opencensus-contrib-http-util-0.18.0.jar:/home/alex/.m2/repository/org/apache/activemq/activemq-broker/5.15.14/activemq-broker-5.15.14.jar:/home/alex/.m2/repository/org/apache/activemq/activemq-openwire-legacy/5.15.14/activemq-openwire-legacy-5.15.14.jar:/home/alex/Repositories/nifi/nifi-nar-bundles/nifi-standard-services/nifi-ssl-context-bundle/nifi-ssl-context-service/target/classes:/home/alex/Repositories/nifi/nifi-nar-bundles/nifi-framework-bundle/nifi-framework/nifi-standard-prioritizers/target/classes:/home/alex/Repositories/nifi/nifi-nar-bundles/nifi-extension-utils/nifi-record-utils/nifi-mock-record-utils/target/classes:/home/alex/Repositories/nifi/nifi-nar-bundles/nifi-standard-services/nifi-record-serialization-services-bundle/nifi-record-serialization-services/target/classes:/home/alex/.m2/repository/org/apache/commons/commons-csv/1.8/commons-csv-1.8.jar:/home/alex/.m2/repository/com/fasterxml/jackson/dataformat/jackson-dataformat-csv/2.12.3/jackson-dataformat-csv-2.12.3.jar:/home/alex/.m2/repository/net/java/dev/stax-utils/stax-utils/20070216/stax-utils-20070216.jar:/home/alex/Repositories/nifi/nifi-nar-bundles/nifi-standard-services/nifi-lookup-services-bundle/nifi-lookup-services/target/classes:/home/alex/.m2/repository/commons-beanutils/commons-beanutils/1.9.4/commons-beanutils-1.9.4.jar:/home/alex/.m2/repository/commons-collections/commons-collections/3.2.2/commons-collections-3.2.2.jar:/home/alex/.m2/repository/com/maxmind/geoip2/geoip2/2.12.0/geoip2-2.12.0.jar:/home/alex/.m2/repository/com/maxmind/db/maxmind-db/1.2.2/maxmind-db-1.2.2.jar:/home/alex/.m2/repository/org/apache/derby/derby/10.14.2.0/derby-10.14.2.0.jar:/home/alex/.m2/repository/org/xerial/snappy/snappy-java/1.1.7.3/snappy-java-1.1.7.3.jar:/home/alex/.m2/repository/net/lingala/zip4j/zip4j/2.8.0/zip4j-2.8.0.jar:/home/alex/.m2/repository/com/h2database/h2/1.4.187/h2-1.4.187.jar:/home/alex/.m2/repository/org/mockftpserver/MockFtpServer/2.7.1/MockFtpServer-2.7.1.jar:/home/alex/.m2/repository/org/apache/sshd/sshd-core/1.7.0/sshd-core-1.7.0.jar:/home/alex/.m2/repository/com/bazaarvoice/jolt/jolt-core/0.1.1/jolt-core-0.1.1.jar:/home/alex/.m2/repository/javax/inject/javax.inject/1/javax.inject-1.jar:/home/alex/.m2/repository/com/bazaarvoice/jolt/json-utils/0.1.1/json-utils-0.1.1.jar:/home/alex/Repositories/nifi/nifi-nar-bundles/nifi-standard-bundle/nifi-standard-utils/target/classes:/home/alex/.m2/repository/net/sf/supercsv/super-csv/2.4.0/super-csv-2.4.0.jar:/home/alex/.m2/repository/com/fluenda/parcefone/2.1.0/parcefone-2.1.0.jar:/home/alex/.m2/repository/javax/validation/validation-api/1.1.0.Final/validation-api-1.1.0.Final.jar:/home/alex/.m2/repository/javax/el/javax.el-api/3.0.0/javax.el-api-3.0.0.jar:/home/alex/.m2/repository/com/github/wnameless/json/json-flattener/0.12.0/json-flattener-0.12.0.jar:/home/alex/.m2/repository/com/github/wnameless/json/json-base/2.0.0/json-base-2.0.0.jar:/home/alex/.m2/repository/org/apache/bval/bval-jsr/1.1.2/bval-jsr-1.1.2.jar:/home/alex/.m2/repository/org/apache/bval/bval-core/1.1.2/bval-core-1.1.2.jar:/home/alex/.m2/repository/io/krakens/java-grok/0.1.9/java-grok-0.1.9.jar:/home/alex/.m2/repository/org/apache/calcite/calcite-core/1.27.0/calcite-core-1.27.0.jar:/home/alex/.m2/repository/org/apache/calcite/calcite-linq4j/1.27.0/calcite-linq4j-1.27.0.jar:/home/alex/.m2/repository/com/esri/geometry/esri-geometry-api/2.2.0/esri-geometry-api-2.2.0.jar:/home/alex/.m2/repository/org/apache/calcite/avatica/avatica-core/1.18.0/avatica-core-1.18.0.jar:/home/alex/.m2/repository/org/apache/calcite/avatica/avatica-metrics/1.18.0/avatica-metrics-1.18.0.jar:/home/alex/.m2/repository/com/google/protobuf/protobuf-java/3.6.1/protobuf-java-3.6.1.jar:/home/alex/.m2/repository/org/apiguardian/apiguardian-api/1.1.0/apiguardian-api-1.1.0.jar:/home/alex/.m2/repository/com/fasterxml/jackson/dataformat/jackson-dataformat-yaml/2.10.0/jackson-dataformat-yaml-2.10.0.jar:/home/alex/.m2/repository/org/yaml/snakeyaml/1.29/snakeyaml-1.29.jar:/home/alex/.m2/repository/com/google/uzaygezen/uzaygezen-core/0.2/uzaygezen-core-0.2.jar:/home/alex/.m2/repository/com/yahoo/datasketches/sketches-core/0.9.0/sketches-core-0.9.0.jar:/home/alex/.m2/repository/com/yahoo/datasketches/memory/0.9.0/memory-0.9.0.jar:/home/alex/.m2/repository/net/hydromatic/aggdesigner-algorithm/6.0/aggdesigner-algorithm-6.0.jar:/home/alex/.m2/repository/commons-lang/commons-lang/2.4/commons-lang-2.4.jar:/home/alex/.m2/repository/org/apache/commons/commons-dbcp2/2.6.0/commons-dbcp2-2.6.0.jar:/home/alex/.m2/repository/org/apache/commons/commons-pool2/2.6.1/commons-pool2-2.6.1.jar:/home/alex/.m2/repository/org/codehaus/janino/commons-compiler/3.0.11/commons-compiler-3.0.11.jar:/home/alex/.m2/repository/org/codehaus/janino/janino/3.0.11/janino-3.0.11.jar:/home/alex/Repositories/nifi/nifi-nar-bundles/nifi-standard-services/nifi-schema-registry-service-api/target/classes:/home/alex/Repositories/nifi/nifi-nar-bundles/nifi-extension-utils/nifi-database-utils/target/classes:/home/alex/Repositories/nifi/nifi-nar-bundles/nifi-standard-bundle/nifi-standard-web-test-utils/target/classes:/home/alex/.m2/repository/com/github/stefanbirkner/fake-sftp-server-rule/2.0.1/fake-sftp-server-rule-2.0.1.jar:/home/alex/.m2/repository/com/github/marschall/memoryfilesystem/2.8.0/memoryfilesystem-2.8.0.jar:/home/alex/.m2/repository/junit/junit/4.13.2/junit-4.13.2.jar:/home/alex/.m2/repository/org/hamcrest/hamcrest-core/1.3/hamcrest-core-1.3.jar:/home/alex/Repositories/nifi/nifi-nar-bundles/nifi-extension-utils/nifi-database-test-utils/target/classes:/home/alex/.m2/repository/org/codehaus/groovy/groovy-json/2.5.14/groovy-json-2.5.14.jar:/home/alex/.m2/repository/org/codehaus/groovy/groovy/2.5.14/groovy-2.5.14.jar:/home/alex/.m2/repository/org/codehaus/groovy/groovy-servlet/2.5.14/groovy-servlet-2.5.14.jar:/home/alex/.m2/repository/org/codehaus/groovy/groovy-templates/2.5.14/groovy-templates-2.5.14.jar:/home/alex/.m2/repository/org/codehaus/groovy/groovy-xml/2.5.14/groovy-xml-2.5.14.jar:/home/alex/.m2/repository/org/hamcrest/hamcrest-all/1.3/hamcrest-all-1.3.jar:/home/alex/.m2/repository/com/squareup/okhttp3/mockwebserver/4.9.2/mockwebserver-4.9.2.jar:/home/alex/.m2/repository/org/jetbrains/kotlin/kotlin-stdlib-jdk8/1.4.10/kotlin-stdlib-jdk8-1.4.10.jar:/home/alex/.m2/repository/org/jetbrains/kotlin/kotlin-stdlib-jdk7/1.4.10/kotlin-stdlib-jdk7-1.4.10.jar:/home/alex/.m2/repository/org/mockito/mockito-inline/3.12.4/mockito-inline-3.12.4.jar:/home/alex/.m2/repository/org/junit/jupiter/junit-jupiter-api/5.7.2/junit-jupiter-api-5.7.2.jar:/home/alex/.m2/repository/org/opentest4j/opentest4j/1.2.0/opentest4j-1.2.0.jar:/home/alex/.m2/repository/org/junit/platform/junit-platform-commons/1.7.2/junit-platform-commons-1.7.2.jar:/home/alex/.m2/repository/org/junit/jupiter/junit-jupiter-engine/5.7.2/junit-jupiter-engine-5.7.2.jar:/home/alex/.m2/repository/org/junit/platform/junit-platform-engine/1.7.2/junit-platform-engine-1.7.2.jar:/home/alex/.m2/repository/org/junit/vintage/junit-vintage-engine/5.7.2/junit-vintage-engine-5.7.2.jar:/home/alex/.m2/repository/org/junit/jupiter/junit-jupiter-params/5.7.2/junit-jupiter-params-5.7.2.jar:/home/alex/.m2/repository/org/mockito/mockito-core/3.11.2/mockito-core-3.11.2.jar:/home/alex/.m2/repository/net/bytebuddy/byte-buddy/1.11.3/byte-buddy-1.11.3.jar:/home/alex/.m2/repository/net/bytebuddy/byte-buddy-agent/1.11.3/byte-buddy-agent-1.11.3.jar:/home/alex/.m2/repository/org/objenesis/objenesis/3.2/objenesis-3.2.jar:/home/alex/.m2/repository/org/mockito/mockito-junit-jupiter/3.11.2/mockito-junit-jupiter-3.11.2.jar:/home/alex/.m2/repository/org/slf4j/slf4j-simple/1.7.32/slf4j-simple-1.7.32.jar:/home/alex/.m2/repository/org/codehaus/groovy/groovy-test/2.5.14/groovy-test-2.5.14.jar:"/>
    <property name="org.slf4j.simpleLogger.log.nifi.processors.standard.TestExecuteSQLRecord" value="debug"/>
    <property name="java.vm.vendor" value="Private Build"/>
    <property name="sun.arch.data.model" value="64"/>
    <property name="java.vendor.url" value="http://java.oracle.com/"/>
    <property name="user.timezone" value="Europe/Lisbon"/>
    <property name="java.vm.specification.version" value="1.8"/>
    <property name="os.name" value="Linux"/>
    <property name="user.country" value="US"/>
    <property name="sun.java.launcher" value="SUN_STANDARD"/>
    <property name="sun.boot.library.path" value="/usr/lib/jvm/java-8-openjdk-amd64/jre/lib/amd64"/>
    <property name="sun.java.command" value="/home/alex/Repositories/nifi/nifi-nar-bundles/nifi-standard-bundle/nifi-standard-processors/target/surefire/surefirebooter7473415933682638322.jar /home/alex/Repositories/nifi/nifi-nar-bundles/nifi-standard-bundle/nifi-standard-processors/target/surefire 2024-05-02T02-37-14_149-jvmRun1 surefire6139189294397462573tmp surefire_693674938239097471618tmp"/>
    <property name="org.slf4j.simpleLogger.log.nifi.io.nio" value="debug"/>
    <property name="surefire.test.class.path" value="/home/alex/Repositories/nifi/nifi-nar-bundles/nifi-standard-bundle/nifi-standard-processors/target/test-classes:/home/alex/Repositories/nifi/nifi-nar-bundles/nifi-standard-bundle/nifi-standard-processors/target/classes:/home/alex/.m2/repository/org/apache/ftpserver/ftpserver-core/1.1.1/ftpserver-core-1.1.1.jar:/home/alex/.m2/repository/org/apache/ftpserver/ftplet-api/1.1.1/ftplet-api-1.1.1.jar:/home/alex/.m2/repository/org/slf4j/slf4j-api/1.7.32/slf4j-api-1.7.32.jar:/home/alex/.m2/repository/org/apache/mina/mina-core/2.0.16/mina-core-2.0.16.jar:/home/alex/Repositories/nifi/nifi-api/target/classes:/home/alex/Repositories/nifi/nifi-commons/nifi-expression-language/target/classes:/home/alex/.m2/repository/org/antlr/antlr-runtime/3.5.2/antlr-runtime-3.5.2.jar:/home/alex/Repositories/nifi/nifi-commons/nifi-parameter/target/classes:/home/alex/Repositories/nifi/nifi-commons/nifi-uuid5/target/classes:/home/alex/.m2/repository/org/apache/commons/commons-text/1.8/commons-text-1.8.jar:/home/alex/Repositories/nifi/nifi-nar-bundles/nifi-extension-utils/nifi-processor-utils/target/classes:/home/alex/Repositories/nifi/nifi-commons/nifi-security-socket-ssl/target/classes:/home/alex/Repositories/nifi/nifi-nar-bundles/nifi-extension-utils/nifi-event-transport/target/classes:/home/alex/.m2/repository/io/netty/netty-handler/4.1.69.Final/netty-handler-4.1.69.Final.jar:/home/alex/.m2/repository/io/netty/netty-common/4.1.69.Final/netty-common-4.1.69.Final.jar:/home/alex/.m2/repository/io/netty/netty-resolver/4.1.69.Final/netty-resolver-4.1.69.Final.jar:/home/alex/.m2/repository/io/netty/netty-transport/4.1.69.Final/netty-transport-4.1.69.Final.jar:/home/alex/.m2/repository/io/netty/netty-codec/4.1.69.Final/netty-codec-4.1.69.Final.jar:/home/alex/Repositories/nifi/nifi-nar-bundles/nifi-extension-utils/nifi-syslog-utils/target/classes:/home/alex/.m2/repository/com/github/palindromicity/simple-syslog-5424/0.0.16/simple-syslog-5424-0.0.16.jar:/home/alex/.m2/repository/org/antlr/antlr4-runtime/4.7.2/antlr4-runtime-4.7.2.jar:/home/alex/Repositories/nifi/nifi-commons/nifi-utils/target/classes:/home/alex/Repositories/nifi/nifi-commons/nifi-record-path/target/classes:/home/alex/Repositories/nifi/nifi-commons/nifi-properties/target/classes:/home/alex/Repositories/nifi/nifi-commons/nifi-property-utils/target/classes:/home/alex/.m2/repository/com/github/ben-manes/caffeine/caffeine/2.8.1/caffeine-2.8.1.jar:/home/alex/Repositories/nifi/nifi-nar-bundles/nifi-standard-services/nifi-ssl-context-service-api/target/classes:/home/alex/Repositories/nifi/nifi-commons/nifi-security-utils-api/target/classes:/home/alex/Repositories/nifi/nifi-nar-bundles/nifi-standard-services/nifi-lookup-service-api/target/classes:/home/alex/Repositories/nifi/nifi-commons/nifi-flowfile-packager/target/classes:/home/alex/Repositories/nifi/nifi-nar-bundles/nifi-standard-services/nifi-distributed-cache-client-service-api/target/classes:/home/alex/Repositories/nifi/nifi-nar-bundles/nifi-standard-services/nifi-http-context-map-api/target/classes:/home/alex/Repositories/nifi/nifi-nar-bundles/nifi-standard-services/nifi-record-serialization-service-api/target/classes:/home/alex/Repositories/nifi/nifi-nar-bundles/nifi-standard-services/nifi-proxy-configuration-api/target/classes:/home/alex/Repositories/nifi/nifi-commons/nifi-record/target/classes:/home/alex/Repositories/nifi/nifi-nar-bundles/nifi-standard-services/nifi-record-sink-api/target/classes:/home/alex/.m2/repository/commons-io/commons-io/2.10.0/commons-io-2.10.0.jar:/home/alex/.m2/repository/javax/ws/rs/javax.ws.rs-api/2.1/javax.ws.rs-api-2.1.jar:/home/alex/.m2/repository/commons-net/commons-net/3.6/commons-net-3.6.jar:/home/alex/.m2/repository/org/apache/commons/commons-compress/1.21/commons-compress-1.21.jar:/home/alex/.m2/repository/org/apache/commons/commons-lang3/3.9/commons-lang3-3.9.jar:/home/alex/.m2/repository/org/bouncycastle/bcprov-jdk15on/1.69/bcprov-jdk15on-1.69.jar:/home/alex/.m2/repository/org/bouncycastle/bcpg-jdk15on/1.69/bcpg-jdk15on-1.69.jar:/home/alex/.m2/repository/org/bouncycastle/bcpkix-jdk15on/1.69/bcpkix-jdk15on-1.69.jar:/home/alex/.m2/repository/org/bouncycastle/bcutil-jdk15on/1.69/bcutil-jdk15on-1.69.jar:/home/alex/.m2/repository/commons-codec/commons-codec/1.14/commons-codec-1.14.jar:/home/alex/Repositories/nifi/nifi-commons/nifi-security-utils/target/classes:/home/alex/Repositories/nifi/nifi-commons/nifi-security-kms/target/classes:/home/alex/.m2/repository/org/apache/commons/commons-configuration2/2.7/commons-configuration2-2.7.jar:/home/alex/.m2/repository/com/hierynomus/sshj/0.32.0/sshj-0.32.0.jar:/home/alex/.m2/repository/com/jcraft/jzlib/1.1.3/jzlib-1.1.3.jar:/home/alex/.m2/repository/com/hierynomus/asn-one/0.6.0/asn-one-0.6.0.jar:/home/alex/.m2/repository/net/i2p/crypto/eddsa/0.3.0/eddsa-0.3.0.jar:/home/alex/.m2/repository/org/eclipse/jetty/jetty-server/9.4.44.v20210927/jetty-server-9.4.44.v20210927.jar:/home/alex/.m2/repository/javax/servlet/javax.servlet-api/3.1.0/javax.servlet-api-3.1.0.jar:/home/alex/.m2/repository/org/eclipse/jetty/jetty-http/9.4.44.v20210927/jetty-http-9.4.44.v20210927.jar:/home/alex/.m2/repository/org/eclipse/jetty/jetty-util/9.4.44.v20210927/jetty-util-9.4.44.v20210927.jar:/home/alex/.m2/repository/org/eclipse/jetty/jetty-io/9.4.44.v20210927/jetty-io-9.4.44.v20210927.jar:/home/alex/.m2/repository/org/eclipse/jetty/jetty-servlet/9.4.44.v20210927/jetty-servlet-9.4.44.v20210927.jar:/home/alex/.m2/repository/org/eclipse/jetty/jetty-security/9.4.44.v20210927/jetty-security-9.4.44.v20210927.jar:/home/alex/.m2/repository/org/eclipse/jetty/jetty-util-ajax/9.4.44.v20210927/jetty-util-ajax-9.4.44.v20210927.jar:/home/alex/.m2/repository/org/apache/httpcomponents/httpclient/4.5.5/httpclient-4.5.5.jar:/home/alex/.m2/repository/commons-logging/commons-logging/1.2/commons-logging-1.2.jar:/home/alex/.m2/repository/org/apache/httpcomponents/httpcore/4.4.9/httpcore-4.4.9.jar:/home/alex/.m2/repository/jakarta/activation/jakarta.activation-api/2.0.1/jakarta.activation-api-2.0.1.jar:/home/alex/.m2/repository/com/sun/activation/jakarta.activation/2.0.1/jakarta.activation-2.0.1.jar:/home/alex/.m2/repository/jakarta/mail/jakarta.mail-api/2.0.1/jakarta.mail-api-2.0.1.jar:/home/alex/.m2/repository/com/sun/mail/jakarta.mail/2.0.1/jakarta.mail-2.0.1.jar:/home/alex/.m2/repository/com/github/jponge/lzma-java/1.3/lzma-java-1.3.jar:/home/alex/.m2/repository/org/tukaani/xz/1.8/xz-1.8.jar:/home/alex/.m2/repository/net/sf/saxon/Saxon-HE/10.6/Saxon-HE-10.6.jar:/home/alex/Repositories/nifi/nifi-commons/nifi-socket-utils/target/classes:/home/alex/Repositories/nifi/nifi-commons/nifi-logging-utils/target/classes:/home/alex/Repositories/nifi/nifi-nar-bundles/nifi-standard-services/nifi-load-distribution-service-api/target/classes:/home/alex/.m2/repository/javax/jms/javax.jms-api/2.0.1/javax.jms-api-2.0.1.jar:/home/alex/.m2/repository/org/apache/activemq/activemq-client/5.15.15/activemq-client-5.15.15.jar:/home/alex/.m2/repository/org/apache/geronimo/specs/geronimo-jms_1.1_spec/1.1.1/geronimo-jms_1.1_spec-1.1.1.jar:/home/alex/.m2/repository/org/fusesource/hawtbuf/hawtbuf/1.11/hawtbuf-1.11.jar:/home/alex/.m2/repository/org/apache/geronimo/specs/geronimo-j2ee-management_1.1_spec/1.0.1/geronimo-j2ee-management_1.1_spec-1.0.1.jar:/home/alex/.m2/repository/com/jayway/jsonpath/json-path/2.6.0/json-path-2.6.0.jar:/home/alex/.m2/repository/net/minidev/json-smart/2.4.7/json-smart-2.4.7.jar:/home/alex/.m2/repository/net/minidev/accessors-smart/2.4.7/accessors-smart-2.4.7.jar:/home/alex/.m2/repository/org/ow2/asm/asm/9.1/asm-9.1.jar:/home/alex/.m2/repository/org/apache/tika/tika-core/1.26/tika-core-1.26.jar:/home/alex/.m2/repository/com/fasterxml/jackson/core/jackson-databind/2.12.3/jackson-databind-2.12.3.jar:/home/alex/.m2/repository/com/fasterxml/jackson/core/jackson-annotations/2.12.3/jackson-annotations-2.12.3.jar:/home/alex/.m2/repository/com/fasterxml/jackson/core/jackson-core/2.12.3/jackson-core-2.12.3.jar:/home/alex/Repositories/nifi/nifi-nar-bundles/nifi-extension-utils/nifi-record-utils/nifi-avro-record-utils/target/classes:/home/alex/Repositories/nifi/nifi-nar-bundles/nifi-extension-utils/nifi-record-utils/nifi-standard-record-utils/target/classes:/home/alex/.m2/repository/org/apache/avro/avro/1.8.1/avro-1.8.1.jar:/home/alex/.m2/repository/org/codehaus/jackson/jackson-core-asl/1.9.13/jackson-core-asl-1.9.13.jar:/home/alex/.m2/repository/org/codehaus/jackson/jackson-mapper-asl/1.9.13/jackson-mapper-asl-1.9.13.jar:/home/alex/.m2/repository/com/thoughtworks/paranamer/paranamer/2.7/paranamer-2.7.jar:/home/alex/Repositories/nifi/nifi-nar-bundles/nifi-standard-services/nifi-dbcp-service-api/target/classes:/home/alex/.m2/repository/com/squareup/okhttp3/okhttp/4.9.2/okhttp-4.9.2.jar:/home/alex/.m2/repository/com/squareup/okio/okio/2.8.0/okio-2.8.0.jar:/home/alex/.m2/repository/org/jetbrains/kotlin/kotlin-stdlib-common/1.4.0/kotlin-stdlib-common-1.4.0.jar:/home/alex/.m2/repository/org/jetbrains/kotlin/kotlin-stdlib/1.4.10/kotlin-stdlib-1.4.10.jar:/home/alex/.m2/repository/org/jetbrains/annotations/13.0/annotations-13.0.jar:/home/alex/.m2/repository/io/github/rburgst/okhttp-digest/2.5/okhttp-digest-2.5.jar:/home/alex/.m2/repository/at/favre/lib/bcrypt/0.9.0/bcrypt-0.9.0.jar:/home/alex/.m2/repository/at/favre/lib/bytes/1.3.0/bytes-1.3.0.jar:/home/alex/.m2/repository/com/google/guava/guava/28.0-jre/guava-28.0-jre.jar:/home/alex/.m2/repository/com/google/guava/failureaccess/1.0.1/failureaccess-1.0.1.jar:/home/alex/.m2/repository/com/google/guava/listenablefuture/9999.0-empty-to-avoid-conflict-with-guava/listenablefuture-9999.0-empty-to-avoid-conflict-with-guava.jar:/home/alex/.m2/repository/com/google/code/findbugs/jsr305/3.0.2/jsr305-3.0.2.jar:/home/alex/.m2/repository/org/checkerframework/checker-qual/2.8.1/checker-qual-2.8.1.jar:/home/alex/.m2/repository/com/google/errorprone/error_prone_annotations/2.3.2/error_prone_annotations-2.3.2.jar:/home/alex/.m2/repository/com/google/j2objc/j2objc-annotations/1.3/j2objc-annotations-1.3.jar:/home/alex/.m2/repository/org/codehaus/mojo/animal-sniffer-annotations/1.17/animal-sniffer-annotations-1.17.jar:/home/alex/Repositories/nifi/nifi-mock/target/classes:/home/alex/Repositories/nifi/nifi-framework-api/target/classes:/home/alex/Repositories/nifi/nifi-nar-bundles/nifi-framework-bundle/nifi-framework/nifi-framework-core-api/target/classes:/home/alex/Repositories/nifi/nifi-nar-bundles/nifi-framework-bundle/nifi-framework/nifi-framework-nar-utils/target/classes:/home/alex/Repositories/nifi/nifi-nar-bundles/nifi-framework-bundle/nifi-framework/nifi-client-dto/target/classes:/home/alex/.m2/repository/io/swagger/swagger-annotations/1.6.0/swagger-annotations-1.6.0.jar:/home/alex/Repositories/nifi/nifi-commons/nifi-site-to-site-client/target/classes:/home/alex/.m2/repository/org/apache/httpcomponents/httpasyncclient/4.1.4/httpasyncclient-4.1.4.jar:/home/alex/.m2/repository/org/apache/httpcomponents/httpcore-nio/4.4.10/httpcore-nio-4.4.10.jar:/home/alex/Repositories/nifi/nifi-nar-bundles/nifi-framework-bundle/nifi-framework/nifi-framework-authorization/target/classes:/home/alex/Repositories/nifi/nifi-registry/nifi-registry-core/nifi-registry-data-model/target/classes:/home/alex/Repositories/nifi/nifi-registry/nifi-registry-core/nifi-registry-revision/nifi-registry-revision-entity-model/target/classes:/home/alex/Repositories/nifi/nifi-registry/nifi-registry-core/nifi-registry-client/target/classes:/home/alex/Repositories/nifi/nifi-registry/nifi-registry-core/nifi-registry-security-utils/target/classes:/home/alex/.m2/repository/org/glassfish/jersey/core/jersey-client/2.33/jersey-client-2.33.jar:/home/alex/.m2/repository/jakarta/ws/rs/jakarta.ws.rs-api/2.1.6/jakarta.ws.rs-api-2.1.6.jar:/home/alex/.m2/repository/org/glassfish/hk2/external/jakarta.inject/2.6.1/jakarta.inject-2.6.1.jar:/home/alex/.m2/repository/org/glassfish/jersey/media/jersey-media-json-jackson/2.33/jersey-media-json-jackson-2.33.jar:/home/alex/.m2/repository/org/glassfish/jersey/ext/jersey-entity-filtering/2.33/jersey-entity-filtering-2.33.jar:/home/alex/.m2/repository/org/glassfish/jersey/inject/jersey-hk2/2.33/jersey-hk2-2.33.jar:/home/alex/.m2/repository/org/glassfish/hk2/hk2-locator/2.6.1/hk2-locator-2.6.1.jar:/home/alex/.m2/repository/org/glassfish/hk2/external/aopalliance-repackaged/2.6.1/aopalliance-repackaged-2.6.1.jar:/home/alex/.m2/repository/org/glassfish/hk2/hk2-api/2.6.1/hk2-api-2.6.1.jar:/home/alex/.m2/repository/org/glassfish/hk2/hk2-utils/2.6.1/hk2-utils-2.6.1.jar:/home/alex/.m2/repository/org/javassist/javassist/3.25.0-GA/javassist-3.25.0-GA.jar:/home/alex/.m2/repository/org/glassfish/jersey/core/jersey-common/2.33/jersey-common-2.33.jar:/home/alex/.m2/repository/jakarta/annotation/jakarta.annotation-api/1.3.5/jakarta.annotation-api-1.3.5.jar:/home/alex/.m2/repository/org/glassfish/hk2/osgi-resource-locator/1.0.3/osgi-resource-locator-1.0.3.jar:/home/alex/.m2/repository/org/glassfish/jersey/media/jersey-media-multipart/2.33/jersey-media-multipart-2.33.jar:/home/alex/.m2/repository/org/jvnet/mimepull/mimepull/1.9.13/mimepull-1.9.13.jar:/home/alex/Repositories/nifi/nifi-commons/nifi-data-provenance-utils/target/classes:/home/alex/Repositories/nifi/nifi-nar-bundles/nifi-standard-services/nifi-distributed-cache-services-bundle/nifi-distributed-cache-client-service/target/classes:/home/alex/Repositories/nifi/nifi-nar-bundles/nifi-standard-services/nifi-distributed-cache-services-bundle/nifi-distributed-cache-protocol/target/classes:/home/alex/.m2/repository/io/netty/netty-buffer/4.1.69.Final/netty-buffer-4.1.69.Final.jar:/home/alex/.m2/repository/com/google/http-client/google-http-client/1.28.0/google-http-client-1.28.0.jar:/home/alex/.m2/repository/io/opencensus/opencensus-api/0.18.0/opencensus-api-0.18.0.jar:/home/alex/.m2/repository/io/grpc/grpc-context/1.14.0/grpc-context-1.14.0.jar:/home/alex/.m2/repository/io/opencensus/opencensus-contrib-http-util/0.18.0/opencensus-contrib-http-util-0.18.0.jar:/home/alex/.m2/repository/org/apache/activemq/activemq-broker/5.15.14/activemq-broker-5.15.14.jar:/home/alex/.m2/repository/org/apache/activemq/activemq-openwire-legacy/5.15.14/activemq-openwire-legacy-5.15.14.jar:/home/alex/Repositories/nifi/nifi-nar-bundles/nifi-standard-services/nifi-ssl-context-bundle/nifi-ssl-context-service/target/classes:/home/alex/Repositories/nifi/nifi-nar-bundles/nifi-framework-bundle/nifi-framework/nifi-standard-prioritizers/target/classes:/home/alex/Repositories/nifi/nifi-nar-bundles/nifi-extension-utils/nifi-record-utils/nifi-mock-record-utils/target/classes:/home/alex/Repositories/nifi/nifi-nar-bundles/nifi-standard-services/nifi-record-serialization-services-bundle/nifi-record-serialization-services/target/classes:/home/alex/.m2/repository/org/apache/commons/commons-csv/1.8/commons-csv-1.8.jar:/home/alex/.m2/repository/com/fasterxml/jackson/dataformat/jackson-dataformat-csv/2.12.3/jackson-dataformat-csv-2.12.3.jar:/home/alex/.m2/repository/net/java/dev/stax-utils/stax-utils/20070216/stax-utils-20070216.jar:/home/alex/Repositories/nifi/nifi-nar-bundles/nifi-standard-services/nifi-lookup-services-bundle/nifi-lookup-services/target/classes:/home/alex/.m2/repository/commons-beanutils/commons-beanutils/1.9.4/commons-beanutils-1.9.4.jar:/home/alex/.m2/repository/commons-collections/commons-collections/3.2.2/commons-collections-3.2.2.jar:/home/alex/.m2/repository/com/maxmind/geoip2/geoip2/2.12.0/geoip2-2.12.0.jar:/home/alex/.m2/repository/com/maxmind/db/maxmind-db/1.2.2/maxmind-db-1.2.2.jar:/home/alex/.m2/repository/org/apache/derby/derby/10.14.2.0/derby-10.14.2.0.jar:/home/alex/.m2/repository/org/xerial/snappy/snappy-java/1.1.7.3/snappy-java-1.1.7.3.jar:/home/alex/.m2/repository/net/lingala/zip4j/zip4j/2.8.0/zip4j-2.8.0.jar:/home/alex/.m2/repository/com/h2database/h2/1.4.187/h2-1.4.187.jar:/home/alex/.m2/repository/org/mockftpserver/MockFtpServer/2.7.1/MockFtpServer-2.7.1.jar:/home/alex/.m2/repository/org/apache/sshd/sshd-core/1.7.0/sshd-core-1.7.0.jar:/home/alex/.m2/repository/com/bazaarvoice/jolt/jolt-core/0.1.1/jolt-core-0.1.1.jar:/home/alex/.m2/repository/javax/inject/javax.inject/1/javax.inject-1.jar:/home/alex/.m2/repository/com/bazaarvoice/jolt/json-utils/0.1.1/json-utils-0.1.1.jar:/home/alex/Repositories/nifi/nifi-nar-bundles/nifi-standard-bundle/nifi-standard-utils/target/classes:/home/alex/.m2/repository/net/sf/supercsv/super-csv/2.4.0/super-csv-2.4.0.jar:/home/alex/.m2/repository/com/fluenda/parcefone/2.1.0/parcefone-2.1.0.jar:/home/alex/.m2/repository/javax/validation/validation-api/1.1.0.Final/validation-api-1.1.0.Final.jar:/home/alex/.m2/repository/javax/el/javax.el-api/3.0.0/javax.el-api-3.0.0.jar:/home/alex/.m2/repository/com/github/wnameless/json/json-flattener/0.12.0/json-flattener-0.12.0.jar:/home/alex/.m2/repository/com/github/wnameless/json/json-base/2.0.0/json-base-2.0.0.jar:/home/alex/.m2/repository/org/apache/bval/bval-jsr/1.1.2/bval-jsr-1.1.2.jar:/home/alex/.m2/repository/org/apache/bval/bval-core/1.1.2/bval-core-1.1.2.jar:/home/alex/.m2/repository/io/krakens/java-grok/0.1.9/java-grok-0.1.9.jar:/home/alex/.m2/repository/org/apache/calcite/calcite-core/1.27.0/calcite-core-1.27.0.jar:/home/alex/.m2/repository/org/apache/calcite/calcite-linq4j/1.27.0/calcite-linq4j-1.27.0.jar:/home/alex/.m2/repository/com/esri/geometry/esri-geometry-api/2.2.0/esri-geometry-api-2.2.0.jar:/home/alex/.m2/repository/org/apache/calcite/avatica/avatica-core/1.18.0/avatica-core-1.18.0.jar:/home/alex/.m2/repository/org/apache/calcite/avatica/avatica-metrics/1.18.0/avatica-metrics-1.18.0.jar:/home/alex/.m2/repository/com/google/protobuf/protobuf-java/3.6.1/protobuf-java-3.6.1.jar:/home/alex/.m2/repository/org/apiguardian/apiguardian-api/1.1.0/apiguardian-api-1.1.0.jar:/home/alex/.m2/repository/com/fasterxml/jackson/dataformat/jackson-dataformat-yaml/2.10.0/jackson-dataformat-yaml-2.10.0.jar:/home/alex/.m2/repository/org/yaml/snakeyaml/1.29/snakeyaml-1.29.jar:/home/alex/.m2/repository/com/google/uzaygezen/uzaygezen-core/0.2/uzaygezen-core-0.2.jar:/home/alex/.m2/repository/com/yahoo/datasketches/sketches-core/0.9.0/sketches-core-0.9.0.jar:/home/alex/.m2/repository/com/yahoo/datasketches/memory/0.9.0/memory-0.9.0.jar:/home/alex/.m2/repository/net/hydromatic/aggdesigner-algorithm/6.0/aggdesigner-algorithm-6.0.jar:/home/alex/.m2/repository/commons-lang/commons-lang/2.4/commons-lang-2.4.jar:/home/alex/.m2/repository/org/apache/commons/commons-dbcp2/2.6.0/commons-dbcp2-2.6.0.jar:/home/alex/.m2/repository/org/apache/commons/commons-pool2/2.6.1/commons-pool2-2.6.1.jar:/home/alex/.m2/repository/org/codehaus/janino/commons-compiler/3.0.11/commons-compiler-3.0.11.jar:/home/alex/.m2/repository/org/codehaus/janino/janino/3.0.11/janino-3.0.11.jar:/home/alex/Repositories/nifi/nifi-nar-bundles/nifi-standard-services/nifi-schema-registry-service-api/target/classes:/home/alex/Repositories/nifi/nifi-nar-bundles/nifi-extension-utils/nifi-database-utils/target/classes:/home/alex/Repositories/nifi/nifi-nar-bundles/nifi-standard-bundle/nifi-standard-web-test-utils/target/classes:/home/alex/.m2/repository/com/github/stefanbirkner/fake-sftp-server-rule/2.0.1/fake-sftp-server-rule-2.0.1.jar:/home/alex/.m2/repository/com/github/marschall/memoryfilesystem/2.8.0/memoryfilesystem-2.8.0.jar:/home/alex/.m2/repository/junit/junit/4.13.2/junit-4.13.2.jar:/home/alex/.m2/repository/org/hamcrest/hamcrest-core/1.3/hamcrest-core-1.3.jar:/home/alex/Repositories/nifi/nifi-nar-bundles/nifi-extension-utils/nifi-database-test-utils/target/classes:/home/alex/.m2/repository/org/codehaus/groovy/groovy-json/2.5.14/groovy-json-2.5.14.jar:/home/alex/.m2/repository/org/codehaus/groovy/groovy/2.5.14/groovy-2.5.14.jar:/home/alex/.m2/repository/org/codehaus/groovy/groovy-servlet/2.5.14/groovy-servlet-2.5.14.jar:/home/alex/.m2/repository/org/codehaus/groovy/groovy-templates/2.5.14/groovy-templates-2.5.14.jar:/home/alex/.m2/repository/org/codehaus/groovy/groovy-xml/2.5.14/groovy-xml-2.5.14.jar:/home/alex/.m2/repository/org/hamcrest/hamcrest-all/1.3/hamcrest-all-1.3.jar:/home/alex/.m2/repository/com/squareup/okhttp3/mockwebserver/4.9.2/mockwebserver-4.9.2.jar:/home/alex/.m2/repository/org/jetbrains/kotlin/kotlin-stdlib-jdk8/1.4.10/kotlin-stdlib-jdk8-1.4.10.jar:/home/alex/.m2/repository/org/jetbrains/kotlin/kotlin-stdlib-jdk7/1.4.10/kotlin-stdlib-jdk7-1.4.10.jar:/home/alex/.m2/repository/org/mockito/mockito-inline/3.12.4/mockito-inline-3.12.4.jar:/home/alex/.m2/repository/org/junit/jupiter/junit-jupiter-api/5.7.2/junit-jupiter-api-5.7.2.jar:/home/alex/.m2/repository/org/opentest4j/opentest4j/1.2.0/opentest4j-1.2.0.jar:/home/alex/.m2/repository/org/junit/platform/junit-platform-commons/1.7.2/junit-platform-commons-1.7.2.jar:/home/alex/.m2/repository/org/junit/jupiter/junit-jupiter-engine/5.7.2/junit-jupiter-engine-5.7.2.jar:/home/alex/.m2/repository/org/junit/platform/junit-platform-engine/1.7.2/junit-platform-engine-1.7.2.jar:/home/alex/.m2/repository/org/junit/vintage/junit-vintage-engine/5.7.2/junit-vintage-engine-5.7.2.jar:/home/alex/.m2/repository/org/junit/jupiter/junit-jupiter-params/5.7.2/junit-jupiter-params-5.7.2.jar:/home/alex/.m2/repository/org/mockito/mockito-core/3.11.2/mockito-core-3.11.2.jar:/home/alex/.m2/repository/net/bytebuddy/byte-buddy/1.11.3/byte-buddy-1.11.3.jar:/home/alex/.m2/repository/net/bytebuddy/byte-buddy-agent/1.11.3/byte-buddy-agent-1.11.3.jar:/home/alex/.m2/repository/org/objenesis/objenesis/3.2/objenesis-3.2.jar:/home/alex/.m2/repository/org/mockito/mockito-junit-jupiter/3.11.2/mockito-junit-jupiter-3.11.2.jar:/home/alex/.m2/repository/org/slf4j/slf4j-simple/1.7.32/slf4j-simple-1.7.32.jar:/home/alex/.m2/repository/org/codehaus/groovy/groovy-test/2.5.14/groovy-test-2.5.14.jar:"/>
    <property name="sun.cpu.endian" value="little"/>
    <property name="user.home" value="/home/alex"/>
    <property name="user.language" value="en"/>
    <property name="java.specification.vendor" value="Oracle Corporation"/>
    <property name="java.home" value="/usr/lib/jvm/java-8-openjdk-amd64/jre"/>
    <property name="basedir" value="/home/alex/Repositories/nifi/nifi-nar-bundles/nifi-standard-bundle/nifi-standard-processors"/>
    <property name="file.separator" value="/"/>
    <property name="line.separator" value="&#10;"/>
    <property name="java.vm.specification.vendor" value="Oracle Corporation"/>
    <property name="java.specification.name" value="Java Platform API Specification"/>
    <property name="derby.stream.error.file" value="target/derby.log"/>
    <property name="org.slf4j.simpleLogger.log.org.apache.nifi" value="TRACE"/>
    <property name="javax.xml.xpath.XPathFactory:http://saxon.sf.net/jaxp/xpath/om" value="net.sf.saxon.xpath.XPathFactoryImpl"/>
    <property name="java.awt.graphicsenv" value="sun.awt.X11GraphicsEnvironment"/>
    <property name="org.slf4j.simpleLogger.log.org.apache.nifi.processors.standard.SQLTransform" value="debug"/>
    <property name="java.awt.headless" value="true"/>
    <property name="org.slf4j.simpleLogger.log.nifi.processors.standard.ExecuteSQLRecord" value="debug"/>
    <property name="org.slf4j.simpleLogger.showDateTime" value="true"/>
    <property name="surefire.real.class.path" value="/home/alex/Repositories/nifi/nifi-nar-bundles/nifi-standard-bundle/nifi-standard-processors/target/surefire/surefirebooter7473415933682638322.jar"/>
    <property name="sun.boot.class.path" value="/usr/lib/jvm/java-8-openjdk-amd64/jre/lib/resources.jar:/usr/lib/jvm/java-8-openjdk-amd64/jre/lib/rt.jar:/usr/lib/jvm/java-8-openjdk-amd64/jre/lib/sunrsasign.jar:/usr/lib/jvm/java-8-openjdk-amd64/jre/lib/jsse.jar:/usr/lib/jvm/java-8-openjdk-amd64/jre/lib/jce.jar:/usr/lib/jvm/java-8-openjdk-amd64/jre/lib/charsets.jar:/usr/lib/jvm/java-8-openjdk-amd64/jre/lib/jfr.jar:/usr/lib/jvm/java-8-openjdk-amd64/jre/classes"/>
    <property name="sun.management.compiler" value="HotSpot 64-Bit Tiered Compilers"/>
    <property name="org.slf4j.simpleLogger.log.nifi.processors.standard.TestExecuteSQL" value="debug"/>
    <property name="java.runtime.version" value="1.8.0_402-8u402-ga-2ubuntu1~22.04-b06"/>
    <property name="java.net.preferIPv4Stack" value="true"/>
    <property name="user.name" value="alex"/>
    <property name="path.separator" value=":"/>
    <property name="os.version" value="6.5.0-28-generic"/>
    <property name="java.endorsed.dirs" value="/usr/lib/jvm/java-8-openjdk-amd64/jre/lib/endorsed"/>
    <property name="java.runtime.name" value="OpenJDK Runtime Environment"/>
    <property name="org.slf4j.simpleLogger.log.nifi.processors.standard.DistributeLoad" value="debug"/>
    <property name="file.encoding" value="UTF-8"/>
    <property name="org.slf4j.simpleLogger.log.org.apache.nifi.processors.standard" value="TRACE"/>
    <property name="org.slf4j.simpleLogger.log.nifi.processors.standard.ExecuteSQL" value="debug"/>
    <property name="sun.nio.ch.bugLevel" value=""/>
    <property name="java.vm.name" value="OpenJDK 64-Bit Server VM"/>
    <property name="localRepository" value="/home/alex/.m2/repository"/>
    <property name="java.vendor.url.bug" value="http://bugreport.sun.com/bugreport/"/>
    <property name="jetty.git.hash" value="8da83308eeca865e495e53ef315a249d63ba9332"/>
    <property name="java.io.tmpdir" value="/tmp"/>
    <property name="java.version" value="1.8.0_402"/>
    <property name="user.dir" value="/home/alex/Repositories/nifi/nifi-nar-bundles/nifi-standard-bundle/nifi-standard-processors"/>
    <property name="org.slf4j.simpleLogger.log.nifi.processors.standard.TestDetectDuplicate" value="debug"/>
    <property name="os.arch" value="amd64"/>
    <property name="java.vm.specification.name" value="Java Virtual Machine Specification"/>
    <property name="java.awt.printerjob" value="sun.print.PSPrinterJob"/>
    <property name="sun.os.patch.level" value="unknown"/>
    <property name="org.slf4j.simpleLogger.defaultLogLevel" value="info"/>
    <property name="java.library.path" value="/usr/java/packages/lib/amd64:/usr/lib/x86_64-linux-gnu/jni:/lib/x86_64-linux-gnu:/usr/lib/x86_64-linux-gnu:/usr/lib/jni:/lib:/usr/lib"/>
    <property name="java.vm.info" value="mixed mode"/>
    <property name="java.vendor" value="Private Build"/>
    <property name="java.vm.version" value="25.402-b06"/>
    <property name="org.slf4j.simpleLogger.log.nifi.processors.standard.DetectDuplicate" value="debug"/>
    <property name="java.specification.maintenance.version" value="5"/>
    <property name="java.ext.dirs" value="/usr/lib/jvm/java-8-openjdk-amd64/jre/lib/ext:/usr/java/packages/lib/ext"/>
    <property name="sun.io.unicode.encoding" value="UnicodeLittle"/>
    <property name="java.class.version" value="52.0"/>
  </properties>
  <testcase name="testSplitWithOnlyNewLines" classname="org.apache.nifi.processors.standard.TestSplitText" time="0.044">
    <system-err><![CDATA[[pool-5144-thread-1] DEBUG org.apache.nifi.processors.standard.SplitText - SplitText[id=0c252ec9-b803-4d7e-8b79-d24e9d7b9c52] Computed splits in 833807 milliseconds.
[pool-5144-thread-1] INFO org.apache.nifi.processors.standard.SplitText - SplitText[id=0c252ec9-b803-4d7e-8b79-d24e9d7b9c52] Split FlowFile[0,94866674091297.mockFlowFile,27B] into 4 FlowFiles.
[pool-5145-thread-1] DEBUG org.apache.nifi.processors.standard.SplitText - SplitText[id=0c252ec9-b803-4d7e-8b79-d24e9d7b9c52] Computed splits in 38496 milliseconds.
[pool-5145-thread-1] INFO org.apache.nifi.processors.standard.SplitText - SplitText[id=0c252ec9-b803-4d7e-8b79-d24e9d7b9c52] Split FlowFile[8,94866678153026.mockFlowFile,21B] into 2 FlowFiles containing headers.
]]></system-err>
  </testcase>
  <testcase name="testOneLineSplitWithHeader" classname="org.apache.nifi.processors.standard.TestSplitText" time="0">
    <system-err><![CDATA[[pool-5146-thread-1] DEBUG org.apache.nifi.processors.standard.SplitText - SplitText[id=fe306ac0-2559-419f-b218-a5029b9c21e0] Computed splits in 65805 milliseconds.
[pool-5146-thread-1] INFO org.apache.nifi.processors.standard.SplitText - SplitText[id=fe306ac0-2559-419f-b218-a5029b9c21e0] Split FlowFile[0,94866717195935.mockFlowFile,128B] into 47 FlowFiles.
]]></system-err>
  </testcase>
  <testcase name="testMaxSizeExceeded" classname="org.apache.nifi.processors.standard.TestSplitText" time="0.001">
    <system-err><![CDATA[[pool-5147-thread-1] DEBUG org.apache.nifi.processors.standard.SplitText - SplitText[id=b484e542-6dbf-45c2-8e4e-d6e79ac695e5] Computed splits in 47154 milliseconds.
[pool-5147-thread-1] INFO org.apache.nifi.processors.standard.SplitText - SplitText[id=b484e542-6dbf-45c2-8e4e-d6e79ac695e5] Split FlowFile[0,original.txt,110B] into 2 FlowFiles.
[pool-5148-thread-1] DEBUG org.apache.nifi.processors.standard.SplitText - SplitText[id=b484e542-6dbf-45c2-8e4e-d6e79ac695e5] Computed splits in 16869 milliseconds.
[pool-5148-thread-1] INFO org.apache.nifi.processors.standard.SplitText - SplitText[id=b484e542-6dbf-45c2-8e4e-d6e79ac695e5] Split FlowFile[6,original.txt,110B] into 2 FlowFiles containing headers.
]]></system-err>
  </testcase>
  <testcase name="testRoutesToFailureIfHeaderLinesNotAllPresent" classname="org.apache.nifi.processors.standard.TestSplitText" time="0.001">
    <system-err><![CDATA[[pool-5149-thread-1] ERROR org.apache.nifi.processors.standard.SplitText - SplitText[id=24c299f6-7dd2-419a-aa7a-b1303ab8fcd2] Unable to split FlowFile[0,original.txt,110B] due to insufficient amount of header lines. Required 100 but was 12. Routing to failure.
]]></system-err>
  </testcase>
  <testcase name="testZeroByteInputWithoutHeader" classname="org.apache.nifi.processors.standard.TestSplitText" time="0">
    <system-err><![CDATA[[pool-5150-thread-1] DEBUG org.apache.nifi.processors.standard.SplitText - SplitText[id=215a06c4-71b4-49fe-b65b-100456786ed9] Computed splits in 4198 milliseconds.
[pool-5150-thread-1] INFO org.apache.nifi.processors.standard.SplitText - SplitText[id=215a06c4-71b4-49fe-b65b-100456786ed9] Split FlowFile[0,94866720449709.mockFlowFile,0B] into 0 FlowFiles containing headers.
]]></system-err>
  </testcase>
  <testcase name="testMultipleHeaderIndicators" classname="org.apache.nifi.processors.standard.TestSplitText" time="0.001">
    <system-err><![CDATA[[pool-5151-thread-1] DEBUG org.apache.nifi.processors.standard.SplitText - SplitText[id=403eb49d-c8bf-47fd-b166-9d50a84eb1bd] Computed splits in 37555 milliseconds.
[pool-5151-thread-1] INFO org.apache.nifi.processors.standard.SplitText - SplitText[id=403eb49d-c8bf-47fd-b166-9d50a84eb1bd] Split FlowFile[0,original.txt,110B] into 3 FlowFiles.
]]></system-err>
  </testcase>
  <testcase name="testSplitWithoutHeader" classname="org.apache.nifi.processors.standard.TestSplitText" time="0.001">
    <system-err><![CDATA[[pool-5152-thread-1] DEBUG org.apache.nifi.processors.standard.SplitText - SplitText[id=ea897d8e-e28e-438a-a2d5-cc99e7eb3c61] Computed splits in 21382 milliseconds.
[pool-5152-thread-1] INFO org.apache.nifi.processors.standard.SplitText - SplitText[id=ea897d8e-e28e-438a-a2d5-cc99e7eb3c61] Split FlowFile[0,original.txt,110B] into 4 FlowFiles containing headers.
]]></system-err>
  </testcase>
  <testcase name="testSplitWithOnlyCarriageReturn" classname="org.apache.nifi.processors.standard.TestSplitText" time="0.001">
    <system-err><![CDATA[[pool-5153-thread-1] DEBUG org.apache.nifi.processors.standard.SplitText - SplitText[id=f096729d-330c-438d-a196-7b0330327ffa] Computed splits in 20189 milliseconds.
[pool-5153-thread-1] INFO org.apache.nifi.processors.standard.SplitText - SplitText[id=f096729d-330c-438d-a196-7b0330327ffa] Split FlowFile[0,94866722693876.mockFlowFile,27B] into 4 FlowFiles.
[pool-5154-thread-1] DEBUG org.apache.nifi.processors.standard.SplitText - SplitText[id=f096729d-330c-438d-a196-7b0330327ffa] Computed splits in 16849 milliseconds.
[pool-5154-thread-1] INFO org.apache.nifi.processors.standard.SplitText - SplitText[id=f096729d-330c-438d-a196-7b0330327ffa] Split FlowFile[8,94866723333759.mockFlowFile,21B] into 2 FlowFiles containing headers.
]]></system-err>
  </testcase>
  <testcase name="testWithEmptyHeaderLines" classname="org.apache.nifi.processors.standard.TestSplitText" time="0.001">
    <system-err><![CDATA[[pool-5155-thread-1] DEBUG org.apache.nifi.processors.standard.SplitText - SplitText[id=81cd3dc3-c74d-41b6-a80e-7754d7e765de] Computed splits in 14694 milliseconds.
[pool-5155-thread-1] INFO org.apache.nifi.processors.standard.SplitText - SplitText[id=81cd3dc3-c74d-41b6-a80e-7754d7e765de] Split FlowFile[0,94866723987643.mockFlowFile,8B] into 2 FlowFiles.
]]></system-err>
  </testcase>
  <testcase name="testLastLineExceedsSizeLimit" classname="org.apache.nifi.processors.standard.TestSplitText" time="0.001">
    <system-err><![CDATA[[pool-5156-thread-1] DEBUG org.apache.nifi.processors.standard.SplitText - SplitText[id=765e5169-c7ec-4edf-8fd8-703248b688d8] Computed splits in 14075 milliseconds.
[pool-5156-thread-1] INFO org.apache.nifi.processors.standard.SplitText - SplitText[id=765e5169-c7ec-4edf-8fd8-703248b688d8] Split FlowFile[0,94866724798387.mockFlowFile,49B] into 3 FlowFiles containing headers.
]]></system-err>
  </testcase>
  <testcase name="testFlowFileIsOnlyHeader" classname="org.apache.nifi.processors.standard.TestSplitText" time="0.002">
    <system-err><![CDATA[[pool-5157-thread-1] DEBUG org.apache.nifi.processors.standard.SplitText - SplitText[id=ecab8a1a-45ef-4e60-9b21-5c90beccaad8] Computed splits in 168764 milliseconds.
[pool-5157-thread-1] INFO org.apache.nifi.processors.standard.SplitText - SplitText[id=ecab8a1a-45ef-4e60-9b21-5c90beccaad8] Split FlowFile[0,94866725518244.mockFlowFile,28B] into 1 FlowFiles.
[pool-5158-thread-1] DEBUG org.apache.nifi.processors.standard.SplitText - SplitText[id=ecab8a1a-45ef-4e60-9b21-5c90beccaad8] Computed splits in 8558 milliseconds.
[pool-5158-thread-1] INFO org.apache.nifi.processors.standard.SplitText - SplitText[id=ecab8a1a-45ef-4e60-9b21-5c90beccaad8] Split FlowFile[3,94866726196043.mockFlowFile,29B] into 1 FlowFiles.
[pool-5159-thread-1] DEBUG org.apache.nifi.processors.standard.SplitText - SplitText[id=ecab8a1a-45ef-4e60-9b21-5c90beccaad8] Computed splits in 9425 milliseconds.
[pool-5159-thread-1] INFO org.apache.nifi.processors.standard.SplitText - SplitText[id=ecab8a1a-45ef-4e60-9b21-5c90beccaad8] Split FlowFile[6,94866726619793.mockFlowFile,14B] into 1 FlowFiles.
]]></system-err>
  </testcase>
  <testcase name="testFragmentCountIsActualFlowFileCount" classname="org.apache.nifi.processors.standard.TestSplitText" time="0.001">
    <system-err><![CDATA[[pool-5160-thread-1] DEBUG org.apache.nifi.processors.standard.SplitText - SplitText[id=ba4d5d03-7ff3-4cc8-b079-98b93495a8ea] Computed splits in 15502 milliseconds.
[pool-5160-thread-1] INFO org.apache.nifi.processors.standard.SplitText - SplitText[id=ba4d5d03-7ff3-4cc8-b079-98b93495a8ea] Split FlowFile[0,94866727751025.mockFlowFile,11B] into 2 FlowFiles containing headers.
]]></system-err>
  </testcase>
  <testcase name="testFiveLineSplitWithoutHeaderRetainNewline" classname="org.apache.nifi.processors.standard.TestSplitText" time="0">
    <system-err><![CDATA[[pool-5161-thread-1] DEBUG org.apache.nifi.processors.standard.SplitText - SplitText[id=b19d29d2-679a-41bd-896c-b4267587a73d] Computed splits in 42000 milliseconds.
[pool-5161-thread-1] INFO org.apache.nifi.processors.standard.SplitText - SplitText[id=b19d29d2-679a-41bd-896c-b4267587a73d] Split FlowFile[0,94866728338535.mockFlowFile,128B] into 10 FlowFiles containing headers.
]]></system-err>
  </testcase>
  <testcase name="testOneLineSplitWithoutHeader" classname="org.apache.nifi.processors.standard.TestSplitText" time="0.001">
    <system-err><![CDATA[[pool-5162-thread-1] DEBUG org.apache.nifi.processors.standard.SplitText - SplitText[id=6dd382a7-6b60-4590-b16c-bf72b13e0e26] Computed splits in 87929 milliseconds.
[pool-5162-thread-1] INFO org.apache.nifi.processors.standard.SplitText - SplitText[id=6dd382a7-6b60-4590-b16c-bf72b13e0e26] Split FlowFile[0,94866728882091.mockFlowFile,128B] into 11 FlowFiles containing headers.
]]></system-err>
  </testcase>
  <testcase name="testZeroLinesNoMaxSize" classname="org.apache.nifi.processors.standard.TestSplitText" time="0"/>
  <testcase name="testZeroByteOutput" classname="org.apache.nifi.processors.standard.TestSplitText" time="0.001">
    <system-err><![CDATA[[pool-5163-thread-1] DEBUG org.apache.nifi.processors.standard.SplitText - SplitText[id=2b89ddaa-813f-4595-8cab-33255f2b9a3b] Computed splits in 21221 milliseconds.
[pool-5163-thread-1] INFO org.apache.nifi.processors.standard.SplitText - SplitText[id=2b89ddaa-813f-4595-8cab-33255f2b9a3b] Split FlowFile[0,original.txt,110B] into 4 FlowFiles containing headers.
]]></system-err>
  </testcase>
  <testcase name="testSplitWithCarriageReturnAndNewLines" classname="org.apache.nifi.processors.standard.TestSplitText" time="0.001">
    <system-err><![CDATA[[pool-5164-thread-1] DEBUG org.apache.nifi.processors.standard.SplitText - SplitText[id=53f2879c-4b4e-4c36-85f5-66a432cc2e34] Computed splits in 10618 milliseconds.
[pool-5164-thread-1] INFO org.apache.nifi.processors.standard.SplitText - SplitText[id=53f2879c-4b4e-4c36-85f5-66a432cc2e34] Split FlowFile[0,94866730444810.mockFlowFile,41B] into 4 FlowFiles.
[pool-5165-thread-1] DEBUG org.apache.nifi.processors.standard.SplitText - SplitText[id=53f2879c-4b4e-4c36-85f5-66a432cc2e34] Computed splits in 8364 milliseconds.
[pool-5165-thread-1] INFO org.apache.nifi.processors.standard.SplitText - SplitText[id=53f2879c-4b4e-4c36-85f5-66a432cc2e34] Split FlowFile[8,94866730756295.mockFlowFile,33B] into 2 FlowFiles containing headers.
]]></system-err>
  </testcase>
  <testcase name="testSplitThenMerge" classname="org.apache.nifi.processors.standard.TestSplitText" time="0.001">
    <system-err><![CDATA[[pool-5166-thread-1] DEBUG org.apache.nifi.processors.standard.SplitText - SplitText[id=46f91974-ad2c-40ee-8bb9-2ce1b9c030c7] Computed splits in 8892 milliseconds.
[pool-5166-thread-1] INFO org.apache.nifi.processors.standard.SplitText - SplitText[id=46f91974-ad2c-40ee-8bb9-2ce1b9c030c7] Split FlowFile[0,original.txt,110B] into 4 FlowFiles containing headers.
[pool-5167-thread-1] INFO org.apache.nifi.processors.standard.MergeContent - MergeContent[id=908b4211-0018-4876-9534-e589b38d54f6] Merged [FlowFile[1,original.txt,38B], FlowFile[2,original.txt,24B], FlowFile[3,original.txt,24B], FlowFile[4,original.txt,24B]] into FlowFile[0,original.txt,110B]. Reason for merging: Maximum number of entries reached
]]></system-err>
  </testcase>
  <testcase name="testIncompleteHeader" classname="org.apache.nifi.processors.standard.TestSplitText" time="0.001">
    <system-err><![CDATA[[pool-5168-thread-1] ERROR org.apache.nifi.processors.standard.SplitText - SplitText[id=355562af-16c1-4843-aaf8-8553720709be] Unable to split FlowFile[0,94866732670392.mockFlowFile,14B] due to insufficient amount of header lines. Required 2 but was 1. Routing to failure.
]]></system-err>
  </testcase>
  <testcase name="testFiveLineSplitWithHeaderRetainNewline" classname="org.apache.nifi.processors.standard.TestSplitText" time="0">
    <system-err><![CDATA[[pool-5169-thread-1] DEBUG org.apache.nifi.processors.standard.SplitText - SplitText[id=4ea0c455-55a5-49f1-b809-a4926bf48c2e] Computed splits in 43534 milliseconds.
[pool-5169-thread-1] INFO org.apache.nifi.processors.standard.SplitText - SplitText[id=4ea0c455-55a5-49f1-b809-a4926bf48c2e] Split FlowFile[0,94866733331329.mockFlowFile,128B] into 10 FlowFiles.
]]></system-err>
  </testcase>
  <testcase name="testSplitWithTwoLineHeaderAndEvenMultipleOfLines" classname="org.apache.nifi.processors.standard.TestSplitText" time="0.001">
    <system-err><![CDATA[[pool-5170-thread-1] DEBUG org.apache.nifi.processors.standard.SplitText - SplitText[id=95df9fe1-a2a6-488d-b4c5-0f4220b8e579] Computed splits in 10224 milliseconds.
[pool-5170-thread-1] INFO org.apache.nifi.processors.standard.SplitText - SplitText[id=95df9fe1-a2a6-488d-b4c5-0f4220b8e579] Split FlowFile[0,original.txt,110B] into 2 FlowFiles.
]]></system-err>
  </testcase>
  <testcase name="testFiveLineSplitWithHeaderNotRetainNewline" classname="org.apache.nifi.processors.standard.TestSplitText" time="0">
    <system-err><![CDATA[[pool-5171-thread-1] DEBUG org.apache.nifi.processors.standard.SplitText - SplitText[id=2be5eb44-4790-445e-b7e4-c047d8e4ae95] Computed splits in 35433 milliseconds.
[pool-5171-thread-1] INFO org.apache.nifi.processors.standard.SplitText - SplitText[id=2be5eb44-4790-445e-b7e4-c047d8e4ae95] Split FlowFile[0,94866734451919.mockFlowFile,128B] into 10 FlowFiles.
]]></system-err>
  </testcase>
  <testcase name="testFiveLineSplitWithoutHeader" classname="org.apache.nifi.processors.standard.TestSplitText" time="0.001">
    <system-err><![CDATA[[pool-5172-thread-1] DEBUG org.apache.nifi.processors.standard.SplitText - SplitText[id=13dd8466-2b5e-491f-8d9a-e060a42b6de1] Computed splits in 17150 milliseconds.
[pool-5172-thread-1] INFO org.apache.nifi.processors.standard.SplitText - SplitText[id=13dd8466-2b5e-491f-8d9a-e060a42b6de1] Split FlowFile[0,94866734974494.mockFlowFile,128B] into 4 FlowFiles containing headers.
]]></system-err>
  </testcase>
  <testcase name="testSplitWithTwoLineHeader" classname="org.apache.nifi.processors.standard.TestSplitText" time="0.001">
    <system-err><![CDATA[[pool-5173-thread-1] DEBUG org.apache.nifi.processors.standard.SplitText - SplitText[id=c172ee5d-bbf2-4ffc-8d2a-ad0d77da6207] Computed splits in 10827 milliseconds.
[pool-5173-thread-1] INFO org.apache.nifi.processors.standard.SplitText - SplitText[id=c172ee5d-bbf2-4ffc-8d2a-ad0d77da6207] Split FlowFile[0,original.txt,110B] into 4 FlowFiles.
]]></system-err>
  </testcase>
  <testcase name="testConsistentTrailingOfNewLines" classname="org.apache.nifi.processors.standard.TestSplitText" time="0">
    <system-err><![CDATA[[pool-5174-thread-1] DEBUG org.apache.nifi.processors.standard.SplitText - SplitText[id=b8b7f8f0-9019-40f5-953b-a9ff089d91de] Computed splits in 18364 milliseconds.
[pool-5174-thread-1] INFO org.apache.nifi.processors.standard.SplitText - SplitText[id=b8b7f8f0-9019-40f5-953b-a9ff089d91de] Split FlowFile[0,94866736183830.mockFlowFile,12B] into 3 FlowFiles.
]]></system-err>
  </testcase>
  <testcase name="testAllNewLinesTrimmed" classname="org.apache.nifi.processors.standard.TestSplitText" time="0.001">
    <system-err><![CDATA[[pool-5175-thread-1] DEBUG org.apache.nifi.processors.standard.SplitText - SplitText[id=04308bc3-68b9-48b6-a85b-cd3617e58a45] Computed splits in 8909 milliseconds.
[pool-5175-thread-1] INFO org.apache.nifi.processors.standard.SplitText - SplitText[id=04308bc3-68b9-48b6-a85b-cd3617e58a45] Split FlowFile[0,94866736772165.mockFlowFile,11B] into 1 FlowFiles containing headers.
]]></system-err>
  </testcase>
  <testcase name="testWithLotsOfBlankLinesAtEnd" classname="org.apache.nifi.processors.standard.TestSplitText" time="0">
    <system-err><![CDATA[[pool-5176-thread-1] DEBUG org.apache.nifi.processors.standard.SplitText - SplitText[id=15b08913-a7a6-4df4-95d7-c0a227e976c8] Computed splits in 7947 milliseconds.
[pool-5176-thread-1] INFO org.apache.nifi.processors.standard.SplitText - SplitText[id=15b08913-a7a6-4df4-95d7-c0a227e976c8] Split FlowFile[0,94866737278526.mockFlowFile,10B] into 1 FlowFiles.
[pool-5177-thread-1] DEBUG org.apache.nifi.processors.standard.SplitText - SplitText[id=15b08913-a7a6-4df4-95d7-c0a227e976c8] Computed splits in 5117 milliseconds.
[pool-5177-thread-1] INFO org.apache.nifi.processors.standard.SplitText - SplitText[id=15b08913-a7a6-4df4-95d7-c0a227e976c8] Split FlowFile[4,94866737622590.mockFlowFile,7B] into 1 FlowFiles containing headers.
]]></system-err>
  </testcase>
  <testcase name="testZeroByteInput" classname="org.apache.nifi.processors.standard.TestSplitText" time="0">
    <system-err><![CDATA[[pool-5178-thread-1] DEBUG org.apache.nifi.processors.standard.SplitText - SplitText[id=e92829f0-3525-403d-8ace-6616a3d00a81] Computed splits in 3685 milliseconds.
[pool-5178-thread-1] INFO org.apache.nifi.processors.standard.SplitText - SplitText[id=e92829f0-3525-403d-8ace-6616a3d00a81] Split FlowFile[0,94866738052077.mockFlowFile,0B] into 0 FlowFiles containing headers.
]]></system-err>
  </testcase>
  <testcase name="testMultipleSplitDirectives" classname="org.apache.nifi.processors.standard.TestSplitText" time="0">
    <system-err><![CDATA[[pool-5179-thread-1] DEBUG org.apache.nifi.processors.standard.SplitText - SplitText[id=5885df06-7128-4c81-8a2f-6c7edc3383e4] Computed splits in 12077 milliseconds.
[pool-5179-thread-1] INFO org.apache.nifi.processors.standard.SplitText - SplitText[id=5885df06-7128-4c81-8a2f-6c7edc3383e4] Split FlowFile[0,94866738382729.mockFlowFile,192B] into 6 FlowFiles.
]]></system-err>
  </testcase>
  <testcase name="testWithSplitThatStartsWithNewLine" classname="org.apache.nifi.processors.standard.TestSplitText" time="0.001">
    <system-err><![CDATA[[pool-5180-thread-1] DEBUG org.apache.nifi.processors.standard.SplitText - SplitText[id=6d2ccb9b-c311-4220-9c2a-1d45663f579e] Computed splits in 9250 milliseconds.
[pool-5180-thread-1] INFO org.apache.nifi.processors.standard.SplitText - SplitText[id=6d2ccb9b-c311-4220-9c2a-1d45663f579e] Split FlowFile[0,94866738834952.mockFlowFile,13B] into 2 FlowFiles.
[pool-5181-thread-1] DEBUG org.apache.nifi.processors.standard.SplitText - SplitText[id=6d2ccb9b-c311-4220-9c2a-1d45663f579e] Computed splits in 5945 milliseconds.
[pool-5181-thread-1] INFO org.apache.nifi.processors.standard.SplitText - SplitText[id=6d2ccb9b-c311-4220-9c2a-1d45663f579e] Split FlowFile[6,94866739115969.mockFlowFile,10B] into 2 FlowFiles containing headers.
]]></system-err>
  </testcase>
  <testcase name="testSingleCharacterHeaderMarker" classname="org.apache.nifi.processors.standard.TestSplitText" time="0">
    <system-err><![CDATA[[pool-5182-thread-1] DEBUG org.apache.nifi.processors.standard.SplitText - SplitText[id=82d766d0-20eb-4262-80b1-44bdd28e09ca] Computed splits in 23635 milliseconds.
[pool-5182-thread-1] INFO org.apache.nifi.processors.standard.SplitText - SplitText[id=82d766d0-20eb-4262-80b1-44bdd28e09ca] Split FlowFile[0,original.txt,110B] into 2 FlowFiles.
]]></system-err>
  </testcase>
</testsuite>