<?xml version="1.0" encoding="UTF-8"?>
<testsuite xmlns:xsi="http://www.w3.org/2001/XMLSchema-instance" xsi:noNamespaceSchemaLocation="https://maven.apache.org/surefire/maven-surefire-plugin/xsd/surefire-test-report-3.0.xsd" version="3.0" name="org.apache.nifi.processors.gcp.storage.ListGCSBucketTest" time="0.197" tests="20" errors="0" skipped="0" failures="0">
  <properties>
    <property name="sun.desktop" value="gnome"/>
    <property name="awt.toolkit" value="sun.awt.X11.XToolkit"/>
    <property name="file.encoding.pkg" value="sun.io"/>
    <property name="java.specification.version" value="1.8"/>
    <property name="sun.cpu.isalist" value=""/>
    <property name="sun.jnu.encoding" value="UTF-8"/>
    <property name="java.class.path" value="/home/alex/Repositories/nifi/nifi-nar-bundles/nifi-gcp-bundle/nifi-gcp-processors/target/test-classes:/home/alex/Repositories/nifi/nifi-nar-bundles/nifi-gcp-bundle/nifi-gcp-processors/target/classes:/home/alex/Repositories/nifi/nifi-api/target/classes:/home/alex/Repositories/nifi/nifi-nar-bundles/nifi-standard-services/nifi-proxy-configuration-api/target/classes:/home/alex/Repositories/nifi/nifi-nar-bundles/nifi-standard-services/nifi-record-serialization-service-api/target/classes:/home/alex/Repositories/nifi/nifi-commons/nifi-record/target/classes:/home/alex/Repositories/nifi/nifi-nar-bundles/nifi-standard-services/nifi-schema-registry-service-api/target/classes:/home/alex/Repositories/nifi/nifi-nar-bundles/nifi-extension-utils/nifi-processor-utils/target/classes:/home/alex/Repositories/nifi/nifi-commons/nifi-utils/target/classes:/home/alex/Repositories/nifi/nifi-commons/nifi-security-socket-ssl/target/classes:/home/alex/.m2/repository/commons-io/commons-io/2.10.0/commons-io-2.10.0.jar:/home/alex/.m2/repository/org/apache/commons/commons-lang3/3.11/commons-lang3-3.11.jar:/home/alex/.m2/repository/com/fasterxml/jackson/core/jackson-databind/2.12.3/jackson-databind-2.12.3.jar:/home/alex/.m2/repository/com/fasterxml/jackson/core/jackson-annotations/2.12.3/jackson-annotations-2.12.3.jar:/home/alex/Repositories/nifi/nifi-nar-bundles/nifi-extension-utils/nifi-event-transport/target/classes:/home/alex/.m2/repository/io/netty/netty-handler/4.1.69.Final/netty-handler-4.1.69.Final.jar:/home/alex/.m2/repository/io/netty/netty-common/4.1.69.Final/netty-common-4.1.69.Final.jar:/home/alex/.m2/repository/io/netty/netty-resolver/4.1.69.Final/netty-resolver-4.1.69.Final.jar:/home/alex/.m2/repository/io/netty/netty-buffer/4.1.69.Final/netty-buffer-4.1.69.Final.jar:/home/alex/.m2/repository/io/netty/netty-transport/4.1.69.Final/netty-transport-4.1.69.Final.jar:/home/alex/.m2/repository/io/netty/netty-codec/4.1.69.Final/netty-codec-4.1.69.Final.jar:/home/alex/Repositories/nifi/nifi-nar-bundles/nifi-gcp-bundle/nifi-gcp-services-api/target/classes:/home/alex/.m2/repository/com/google/auth/google-auth-library-oauth2-http/1.2.1/google-auth-library-oauth2-http-1.2.1.jar:/home/alex/.m2/repository/com/github/stephenc/findbugs/findbugs-annotations/1.3.9-1/findbugs-annotations-1.3.9-1.jar:/home/alex/Repositories/nifi/nifi-mock/target/classes:/home/alex/Repositories/nifi/nifi-framework-api/target/classes:/home/alex/Repositories/nifi/nifi-commons/nifi-parameter/target/classes:/home/alex/Repositories/nifi/nifi-nar-bundles/nifi-framework-bundle/nifi-framework/nifi-framework-core-api/target/classes:/home/alex/Repositories/nifi/nifi-nar-bundles/nifi-framework-bundle/nifi-framework/nifi-framework-nar-utils/target/classes:/home/alex/Repositories/nifi/nifi-nar-bundles/nifi-framework-bundle/nifi-framework/nifi-client-dto/target/classes:/home/alex/.m2/repository/io/swagger/swagger-annotations/1.6.0/swagger-annotations-1.6.0.jar:/home/alex/Repositories/nifi/nifi-commons/nifi-site-to-site-client/target/classes:/home/alex/Repositories/nifi/nifi-commons/nifi-security-utils/target/classes:/home/alex/Repositories/nifi/nifi-commons/nifi-security-utils-api/target/classes:/home/alex/Repositories/nifi/nifi-commons/nifi-security-kms/target/classes:/home/alex/.m2/repository/org/bouncycastle/bcprov-jdk15on/1.69/bcprov-jdk15on-1.69.jar:/home/alex/.m2/repository/org/bouncycastle/bcpkix-jdk15on/1.69/bcpkix-jdk15on-1.69.jar:/home/alex/.m2/repository/org/bouncycastle/bcutil-jdk15on/1.69/bcutil-jdk15on-1.69.jar:/home/alex/Repositories/nifi/nifi-commons/nifi-properties/target/classes:/home/alex/Repositories/nifi/nifi-commons/nifi-property-utils/target/classes:/home/alex/.m2/repository/at/favre/lib/bcrypt/0.9.0/bcrypt-0.9.0.jar:/home/alex/.m2/repository/at/favre/lib/bytes/1.3.0/bytes-1.3.0.jar:/home/alex/.m2/repository/org/apache/commons/commons-configuration2/2.7/commons-configuration2-2.7.jar:/home/alex/.m2/repository/org/apache/httpcomponents/httpasyncclient/4.1.4/httpasyncclient-4.1.4.jar:/home/alex/.m2/repository/org/apache/httpcomponents/httpcore-nio/4.4.10/httpcore-nio-4.4.10.jar:/home/alex/Repositories/nifi/nifi-nar-bundles/nifi-framework-bundle/nifi-framework/nifi-framework-authorization/target/classes:/home/alex/Repositories/nifi/nifi-registry/nifi-registry-core/nifi-registry-data-model/target/classes:/home/alex/.m2/repository/javax/validation/validation-api/2.0.1.Final/validation-api-2.0.1.Final.jar:/home/alex/.m2/repository/javax/ws/rs/javax.ws.rs-api/2.1/javax.ws.rs-api-2.1.jar:/home/alex/Repositories/nifi/nifi-registry/nifi-registry-core/nifi-registry-revision/nifi-registry-revision-entity-model/target/classes:/home/alex/Repositories/nifi/nifi-registry/nifi-registry-core/nifi-registry-client/target/classes:/home/alex/Repositories/nifi/nifi-registry/nifi-registry-core/nifi-registry-security-utils/target/classes:/home/alex/.m2/repository/org/glassfish/jersey/core/jersey-client/2.33/jersey-client-2.33.jar:/home/alex/.m2/repository/jakarta/ws/rs/jakarta.ws.rs-api/2.1.6/jakarta.ws.rs-api-2.1.6.jar:/home/alex/.m2/repository/org/glassfish/hk2/external/jakarta.inject/2.6.1/jakarta.inject-2.6.1.jar:/home/alex/.m2/repository/org/glassfish/jersey/media/jersey-media-json-jackson/2.33/jersey-media-json-jackson-2.33.jar:/home/alex/.m2/repository/org/glassfish/jersey/ext/jersey-entity-filtering/2.33/jersey-entity-filtering-2.33.jar:/home/alex/.m2/repository/com/fasterxml/jackson/module/jackson-module-jaxb-annotations/2.11.3/jackson-module-jaxb-annotations-2.11.3.jar:/home/alex/.m2/repository/jakarta/xml/bind/jakarta.xml.bind-api/2.3.2/jakarta.xml.bind-api-2.3.2.jar:/home/alex/.m2/repository/jakarta/activation/jakarta.activation-api/1.2.1/jakarta.activation-api-1.2.1.jar:/home/alex/.m2/repository/org/glassfish/jersey/inject/jersey-hk2/2.33/jersey-hk2-2.33.jar:/home/alex/.m2/repository/org/glassfish/hk2/hk2-locator/2.6.1/hk2-locator-2.6.1.jar:/home/alex/.m2/repository/org/glassfish/hk2/external/aopalliance-repackaged/2.6.1/aopalliance-repackaged-2.6.1.jar:/home/alex/.m2/repository/org/glassfish/hk2/hk2-api/2.6.1/hk2-api-2.6.1.jar:/home/alex/.m2/repository/org/glassfish/hk2/hk2-utils/2.6.1/hk2-utils-2.6.1.jar:/home/alex/.m2/repository/org/javassist/javassist/3.25.0-GA/javassist-3.25.0-GA.jar:/home/alex/.m2/repository/org/glassfish/jersey/core/jersey-common/2.33/jersey-common-2.33.jar:/home/alex/.m2/repository/jakarta/annotation/jakarta.annotation-api/1.3.5/jakarta.annotation-api-1.3.5.jar:/home/alex/.m2/repository/org/glassfish/hk2/osgi-resource-locator/1.0.3/osgi-resource-locator-1.0.3.jar:/home/alex/.m2/repository/org/glassfish/jersey/media/jersey-media-multipart/2.33/jersey-media-multipart-2.33.jar:/home/alex/.m2/repository/org/jvnet/mimepull/mimepull/1.9.13/mimepull-1.9.13.jar:/home/alex/Repositories/nifi/nifi-commons/nifi-expression-language/target/classes:/home/alex/.m2/repository/org/antlr/antlr-runtime/3.5.2/antlr-runtime-3.5.2.jar:/home/alex/Repositories/nifi/nifi-commons/nifi-uuid5/target/classes:/home/alex/Repositories/nifi/nifi-commons/nifi-data-provenance-utils/target/classes:/home/alex/.m2/repository/com/google/cloud/google-cloud-core/2.1.7/google-cloud-core-2.1.7.jar:/home/alex/.m2/repository/com/google/guava/guava/30.1.1-jre/guava-30.1.1-jre.jar:/home/alex/.m2/repository/com/google/api/gax/2.5.0/gax-2.5.0.jar:/home/alex/.m2/repository/com/google/auto/value/auto-value-annotations/1.8.2/auto-value-annotations-1.8.2.jar:/home/alex/.m2/repository/com/google/protobuf/protobuf-java-util/3.17.3/protobuf-java-util-3.17.3.jar:/home/alex/.m2/repository/com/google/api/grpc/proto-google-common-protos/2.5.0/proto-google-common-protos-2.5.0.jar:/home/alex/.m2/repository/com/google/api/grpc/proto-google-iam-v1/1.1.2/proto-google-iam-v1-1.1.2.jar:/home/alex/.m2/repository/org/threeten/threetenbp/1.5.1/threetenbp-1.5.1.jar:/home/alex/.m2/repository/com/google/api/api-common/2.0.2/api-common-2.0.2.jar:/home/alex/.m2/repository/com/google/auth/google-auth-library-credentials/1.1.0/google-auth-library-credentials-1.1.0.jar:/home/alex/.m2/repository/com/google/http-client/google-http-client/1.40.0/google-http-client-1.40.0.jar:/home/alex/.m2/repository/com/google/http-client/google-http-client-gson/1.40.0/google-http-client-gson-1.40.0.jar:/home/alex/.m2/repository/com/google/protobuf/protobuf-java/3.17.3/protobuf-java-3.17.3.jar:/home/alex/.m2/repository/com/google/cloud/google-cloud-storage/2.1.6/google-cloud-storage-2.1.6.jar:/home/alex/.m2/repository/com/google/guava/failureaccess/1.0.1/failureaccess-1.0.1.jar:/home/alex/.m2/repository/com/google/guava/listenablefuture/9999.0-empty-to-avoid-conflict-with-guava/listenablefuture-9999.0-empty-to-avoid-conflict-with-guava.jar:/home/alex/.m2/repository/com/google/code/findbugs/jsr305/3.0.2/jsr305-3.0.2.jar:/home/alex/.m2/repository/org/checkerframework/checker-qual/3.8.0/checker-qual-3.8.0.jar:/home/alex/.m2/repository/com/google/j2objc/j2objc-annotations/1.3/j2objc-annotations-1.3.jar:/home/alex/.m2/repository/io/opencensus/opencensus-contrib-http-util/0.28.0/opencensus-contrib-http-util-0.28.0.jar:/home/alex/.m2/repository/com/google/http-client/google-http-client-jackson2/1.40.0/google-http-client-jackson2-1.40.0.jar:/home/alex/.m2/repository/com/google/api-client/google-api-client/1.32.1/google-api-client-1.32.1.jar:/home/alex/.m2/repository/com/google/oauth-client/google-oauth-client/1.32.1/google-oauth-client-1.32.1.jar:/home/alex/.m2/repository/com/google/http-client/google-http-client-apache-v2/1.40.0/google-http-client-apache-v2-1.40.0.jar:/home/alex/.m2/repository/com/google/apis/google-api-services-storage/v1-rev20210914-1.32.1/google-api-services-storage-v1-rev20210914-1.32.1.jar:/home/alex/.m2/repository/com/google/code/gson/gson/2.8.8/gson-2.8.8.jar:/home/alex/.m2/repository/com/google/cloud/google-cloud-core-http/2.1.6/google-cloud-core-http-2.1.6.jar:/home/alex/.m2/repository/com/google/http-client/google-http-client-appengine/1.40.0/google-http-client-appengine-1.40.0.jar:/home/alex/.m2/repository/com/google/api/gax-httpjson/0.90.0/gax-httpjson-0.90.0.jar:/home/alex/.m2/repository/javax/annotation/javax.annotation-api/1.3.2/javax.annotation-api-1.3.2.jar:/home/alex/.m2/repository/io/opencensus/opencensus-api/0.28.0/opencensus-api-0.28.0.jar:/home/alex/.m2/repository/io/grpc/grpc-context/1.40.1/grpc-context-1.40.1.jar:/home/alex/.m2/repository/com/google/cloud/google-cloud-bigquery/2.1.12/google-cloud-bigquery-2.1.12.jar:/home/alex/.m2/repository/org/apache/httpcomponents/httpclient/4.5.13/httpclient-4.5.13.jar:/home/alex/.m2/repository/commons-logging/commons-logging/1.2/commons-logging-1.2.jar:/home/alex/.m2/repository/commons-codec/commons-codec/1.15/commons-codec-1.15.jar:/home/alex/.m2/repository/org/apache/httpcomponents/httpcore/4.4.14/httpcore-4.4.14.jar:/home/alex/.m2/repository/org/checkerframework/checker-compat-qual/2.5.5/checker-compat-qual-2.5.5.jar:/home/alex/.m2/repository/com/google/apis/google-api-services-bigquery/v2-rev20210910-1.32.1/google-api-services-bigquery-v2-rev20210910-1.32.1.jar:/home/alex/.m2/repository/com/google/errorprone/error_prone_annotations/2.9.0/error_prone_annotations-2.9.0.jar:/home/alex/.m2/repository/com/google/cloud/google-cloud-pubsub/1.114.5/google-cloud-pubsub-1.114.5.jar:/home/alex/.m2/repository/io/grpc/grpc-api/1.40.1/grpc-api-1.40.1.jar:/home/alex/.m2/repository/io/grpc/grpc-stub/1.40.1/grpc-stub-1.40.1.jar:/home/alex/.m2/repository/io/grpc/grpc-protobuf/1.40.1/grpc-protobuf-1.40.1.jar:/home/alex/.m2/repository/io/grpc/grpc-protobuf-lite/1.40.1/grpc-protobuf-lite-1.40.1.jar:/home/alex/.m2/repository/com/google/api/grpc/proto-google-cloud-pubsub-v1/1.96.5/proto-google-cloud-pubsub-v1-1.96.5.jar:/home/alex/.m2/repository/com/google/api/gax-grpc/2.5.0/gax-grpc-2.5.0.jar:/home/alex/.m2/repository/io/grpc/grpc-auth/1.40.1/grpc-auth-1.40.1.jar:/home/alex/.m2/repository/io/grpc/grpc-netty-shaded/1.40.1/grpc-netty-shaded-1.40.1.jar:/home/alex/.m2/repository/io/grpc/grpc-alts/1.40.1/grpc-alts-1.40.1.jar:/home/alex/.m2/repository/io/grpc/grpc-grpclb/1.40.1/grpc-grpclb-1.40.1.jar:/home/alex/.m2/repository/org/conscrypt/conscrypt-openjdk-uber/2.5.1/conscrypt-openjdk-uber-2.5.1.jar:/home/alex/.m2/repository/io/grpc/grpc-core/1.40.1/grpc-core-1.40.1.jar:/home/alex/.m2/repository/com/google/android/annotations/4.1.1.4/annotations-4.1.1.4.jar:/home/alex/.m2/repository/org/codehaus/mojo/animal-sniffer-annotations/1.20/animal-sniffer-annotations-1.20.jar:/home/alex/.m2/repository/io/perfmark/perfmark-api/0.23.0/perfmark-api-0.23.0.jar:/home/alex/.m2/repository/com/google/cloud/google-cloud-pubsublite/1.3.0/google-cloud-pubsublite-1.3.0.jar:/home/alex/.m2/repository/com/google/api/grpc/proto-google-cloud-pubsublite-v1/1.3.0/proto-google-cloud-pubsublite-v1-1.3.0.jar:/home/alex/.m2/repository/com/google/api/grpc/grpc-google-cloud-pubsublite-v1/1.3.0/grpc-google-cloud-pubsublite-v1-1.3.0.jar:/home/alex/.m2/repository/com/google/flogger/google-extensions/0.6/google-extensions-0.6.jar:/home/alex/.m2/repository/com/google/flogger/flogger/0.6/flogger-0.6.jar:/home/alex/.m2/repository/com/google/flogger/flogger-system-backend/0.6/flogger-system-backend-0.6.jar:/home/alex/.m2/repository/com/tdunning/json/1.8/json-1.8.jar:/home/alex/Repositories/nifi/nifi-commons/nifi-json-utils/target/classes:/home/alex/Repositories/nifi/nifi-nar-bundles/nifi-standard-services/nifi-record-serialization-services-bundle/nifi-record-serialization-services/target/classes:/home/alex/Repositories/nifi/nifi-nar-bundles/nifi-extension-utils/nifi-record-utils/nifi-avro-record-utils/target/classes:/home/alex/Repositories/nifi/nifi-nar-bundles/nifi-extension-utils/nifi-record-utils/nifi-standard-record-utils/target/classes:/home/alex/Repositories/nifi/nifi-nar-bundles/nifi-extension-utils/nifi-syslog-utils/target/classes:/home/alex/.m2/repository/com/github/palindromicity/simple-syslog-5424/0.0.16/simple-syslog-5424-0.0.16.jar:/home/alex/.m2/repository/org/antlr/antlr4-runtime/4.7.2/antlr4-runtime-4.7.2.jar:/home/alex/.m2/repository/com/jayway/jsonpath/json-path/2.6.0/json-path-2.6.0.jar:/home/alex/.m2/repository/net/minidev/json-smart/2.4.7/json-smart-2.4.7.jar:/home/alex/.m2/repository/net/minidev/accessors-smart/2.4.7/accessors-smart-2.4.7.jar:/home/alex/.m2/repository/org/ow2/asm/asm/9.1/asm-9.1.jar:/home/alex/.m2/repository/org/apache/commons/commons-csv/1.8/commons-csv-1.8.jar:/home/alex/.m2/repository/com/fasterxml/jackson/dataformat/jackson-dataformat-csv/2.12.3/jackson-dataformat-csv-2.12.3.jar:/home/alex/.m2/repository/io/krakens/java-grok/0.1.9/java-grok-0.1.9.jar:/home/alex/.m2/repository/org/apache/avro/avro/1.8.1/avro-1.8.1.jar:/home/alex/.m2/repository/org/codehaus/jackson/jackson-core-asl/1.9.13/jackson-core-asl-1.9.13.jar:/home/alex/.m2/repository/org/codehaus/jackson/jackson-mapper-asl/1.9.13/jackson-mapper-asl-1.9.13.jar:/home/alex/.m2/repository/com/thoughtworks/paranamer/paranamer/2.7/paranamer-2.7.jar:/home/alex/.m2/repository/org/xerial/snappy/snappy-java/1.1.1.3/snappy-java-1.1.1.3.jar:/home/alex/.m2/repository/org/apache/commons/commons-compress/1.8.1/commons-compress-1.8.1.jar:/home/alex/.m2/repository/org/tukaani/xz/1.5/xz-1.5.jar:/home/alex/.m2/repository/net/java/dev/stax-utils/stax-utils/20070216/stax-utils-20070216.jar:/home/alex/.m2/repository/org/apache/commons/commons-text/1.8/commons-text-1.8.jar:/home/alex/.m2/repository/com/github/ben-manes/caffeine/caffeine/2.8.1/caffeine-2.8.1.jar:/home/alex/.m2/repository/com/fasterxml/jackson/core/jackson-core/2.12.3/jackson-core-2.12.3.jar:/home/alex/.m2/repository/org/junit/jupiter/junit-jupiter-api/5.7.2/junit-jupiter-api-5.7.2.jar:/home/alex/.m2/repository/org/apiguardian/apiguardian-api/1.1.0/apiguardian-api-1.1.0.jar:/home/alex/.m2/repository/org/opentest4j/opentest4j/1.2.0/opentest4j-1.2.0.jar:/home/alex/.m2/repository/org/junit/platform/junit-platform-commons/1.7.2/junit-platform-commons-1.7.2.jar:/home/alex/.m2/repository/org/junit/jupiter/junit-jupiter-engine/5.7.2/junit-jupiter-engine-5.7.2.jar:/home/alex/.m2/repository/org/junit/platform/junit-platform-engine/1.7.2/junit-platform-engine-1.7.2.jar:/home/alex/.m2/repository/org/junit/vintage/junit-vintage-engine/5.7.2/junit-vintage-engine-5.7.2.jar:/home/alex/.m2/repository/junit/junit/4.13.2/junit-4.13.2.jar:/home/alex/.m2/repository/org/hamcrest/hamcrest-core/1.3/hamcrest-core-1.3.jar:/home/alex/.m2/repository/org/junit/jupiter/junit-jupiter-params/5.7.2/junit-jupiter-params-5.7.2.jar:/home/alex/.m2/repository/org/mockito/mockito-core/3.11.2/mockito-core-3.11.2.jar:/home/alex/.m2/repository/net/bytebuddy/byte-buddy/1.11.3/byte-buddy-1.11.3.jar:/home/alex/.m2/repository/net/bytebuddy/byte-buddy-agent/1.11.3/byte-buddy-agent-1.11.3.jar:/home/alex/.m2/repository/org/objenesis/objenesis/3.2/objenesis-3.2.jar:/home/alex/.m2/repository/org/mockito/mockito-junit-jupiter/3.11.2/mockito-junit-jupiter-3.11.2.jar:/home/alex/.m2/repository/org/slf4j/slf4j-simple/1.7.32/slf4j-simple-1.7.32.jar:/home/alex/.m2/repository/org/slf4j/slf4j-api/1.7.32/slf4j-api-1.7.32.jar:/home/alex/.m2/repository/org/codehaus/groovy/groovy-test/2.5.14/groovy-test-2.5.14.jar:/home/alex/.m2/repository/org/codehaus/groovy/groovy/2.5.14/groovy-2.5.14.jar:"/>
    <property name="java.vm.vendor" value="Private Build"/>
    <property name="sun.arch.data.model" value="64"/>
    <property name="java.vendor.url" value="http://java.oracle.com/"/>
    <property name="user.timezone" value="Europe/Lisbon"/>
    <property name="java.vm.specification.version" value="1.8"/>
    <property name="os.name" value="Linux"/>
    <property name="user.country" value="US"/>
    <property name="sun.java.launcher" value="SUN_STANDARD"/>
    <property name="sun.boot.library.path" value="/usr/lib/jvm/java-8-openjdk-amd64/jre/lib/amd64"/>
    <property name="sun.java.command" value="/home/alex/Repositories/nifi/nifi-nar-bundles/nifi-gcp-bundle/nifi-gcp-processors/target/surefire/surefirebooter7979663531085396536.jar /home/alex/Repositories/nifi/nifi-nar-bundles/nifi-gcp-bundle/nifi-gcp-processors/target/surefire 2024-05-02T02-37-14_149-jvmRun1 surefire6698922860174814894tmp surefire_1507426157567369281692tmp"/>
    <property name="surefire.test.class.path" value="/home/alex/Repositories/nifi/nifi-nar-bundles/nifi-gcp-bundle/nifi-gcp-processors/target/test-classes:/home/alex/Repositories/nifi/nifi-nar-bundles/nifi-gcp-bundle/nifi-gcp-processors/target/classes:/home/alex/Repositories/nifi/nifi-api/target/classes:/home/alex/Repositories/nifi/nifi-nar-bundles/nifi-standard-services/nifi-proxy-configuration-api/target/classes:/home/alex/Repositories/nifi/nifi-nar-bundles/nifi-standard-services/nifi-record-serialization-service-api/target/classes:/home/alex/Repositories/nifi/nifi-commons/nifi-record/target/classes:/home/alex/Repositories/nifi/nifi-nar-bundles/nifi-standard-services/nifi-schema-registry-service-api/target/classes:/home/alex/Repositories/nifi/nifi-nar-bundles/nifi-extension-utils/nifi-processor-utils/target/classes:/home/alex/Repositories/nifi/nifi-commons/nifi-utils/target/classes:/home/alex/Repositories/nifi/nifi-commons/nifi-security-socket-ssl/target/classes:/home/alex/.m2/repository/commons-io/commons-io/2.10.0/commons-io-2.10.0.jar:/home/alex/.m2/repository/org/apache/commons/commons-lang3/3.11/commons-lang3-3.11.jar:/home/alex/.m2/repository/com/fasterxml/jackson/core/jackson-databind/2.12.3/jackson-databind-2.12.3.jar:/home/alex/.m2/repository/com/fasterxml/jackson/core/jackson-annotations/2.12.3/jackson-annotations-2.12.3.jar:/home/alex/Repositories/nifi/nifi-nar-bundles/nifi-extension-utils/nifi-event-transport/target/classes:/home/alex/.m2/repository/io/netty/netty-handler/4.1.69.Final/netty-handler-4.1.69.Final.jar:/home/alex/.m2/repository/io/netty/netty-common/4.1.69.Final/netty-common-4.1.69.Final.jar:/home/alex/.m2/repository/io/netty/netty-resolver/4.1.69.Final/netty-resolver-4.1.69.Final.jar:/home/alex/.m2/repository/io/netty/netty-buffer/4.1.69.Final/netty-buffer-4.1.69.Final.jar:/home/alex/.m2/repository/io/netty/netty-transport/4.1.69.Final/netty-transport-4.1.69.Final.jar:/home/alex/.m2/repository/io/netty/netty-codec/4.1.69.Final/netty-codec-4.1.69.Final.jar:/home/alex/Repositories/nifi/nifi-nar-bundles/nifi-gcp-bundle/nifi-gcp-services-api/target/classes:/home/alex/.m2/repository/com/google/auth/google-auth-library-oauth2-http/1.2.1/google-auth-library-oauth2-http-1.2.1.jar:/home/alex/.m2/repository/com/github/stephenc/findbugs/findbugs-annotations/1.3.9-1/findbugs-annotations-1.3.9-1.jar:/home/alex/Repositories/nifi/nifi-mock/target/classes:/home/alex/Repositories/nifi/nifi-framework-api/target/classes:/home/alex/Repositories/nifi/nifi-commons/nifi-parameter/target/classes:/home/alex/Repositories/nifi/nifi-nar-bundles/nifi-framework-bundle/nifi-framework/nifi-framework-core-api/target/classes:/home/alex/Repositories/nifi/nifi-nar-bundles/nifi-framework-bundle/nifi-framework/nifi-framework-nar-utils/target/classes:/home/alex/Repositories/nifi/nifi-nar-bundles/nifi-framework-bundle/nifi-framework/nifi-client-dto/target/classes:/home/alex/.m2/repository/io/swagger/swagger-annotations/1.6.0/swagger-annotations-1.6.0.jar:/home/alex/Repositories/nifi/nifi-commons/nifi-site-to-site-client/target/classes:/home/alex/Repositories/nifi/nifi-commons/nifi-security-utils/target/classes:/home/alex/Repositories/nifi/nifi-commons/nifi-security-utils-api/target/classes:/home/alex/Repositories/nifi/nifi-commons/nifi-security-kms/target/classes:/home/alex/.m2/repository/org/bouncycastle/bcprov-jdk15on/1.69/bcprov-jdk15on-1.69.jar:/home/alex/.m2/repository/org/bouncycastle/bcpkix-jdk15on/1.69/bcpkix-jdk15on-1.69.jar:/home/alex/.m2/repository/org/bouncycastle/bcutil-jdk15on/1.69/bcutil-jdk15on-1.69.jar:/home/alex/Repositories/nifi/nifi-commons/nifi-properties/target/classes:/home/alex/Repositories/nifi/nifi-commons/nifi-property-utils/target/classes:/home/alex/.m2/repository/at/favre/lib/bcrypt/0.9.0/bcrypt-0.9.0.jar:/home/alex/.m2/repository/at/favre/lib/bytes/1.3.0/bytes-1.3.0.jar:/home/alex/.m2/repository/org/apache/commons/commons-configuration2/2.7/commons-configuration2-2.7.jar:/home/alex/.m2/repository/org/apache/httpcomponents/httpasyncclient/4.1.4/httpasyncclient-4.1.4.jar:/home/alex/.m2/repository/org/apache/httpcomponents/httpcore-nio/4.4.10/httpcore-nio-4.4.10.jar:/home/alex/Repositories/nifi/nifi-nar-bundles/nifi-framework-bundle/nifi-framework/nifi-framework-authorization/target/classes:/home/alex/Repositories/nifi/nifi-registry/nifi-registry-core/nifi-registry-data-model/target/classes:/home/alex/.m2/repository/javax/validation/validation-api/2.0.1.Final/validation-api-2.0.1.Final.jar:/home/alex/.m2/repository/javax/ws/rs/javax.ws.rs-api/2.1/javax.ws.rs-api-2.1.jar:/home/alex/Repositories/nifi/nifi-registry/nifi-registry-core/nifi-registry-revision/nifi-registry-revision-entity-model/target/classes:/home/alex/Repositories/nifi/nifi-registry/nifi-registry-core/nifi-registry-client/target/classes:/home/alex/Repositories/nifi/nifi-registry/nifi-registry-core/nifi-registry-security-utils/target/classes:/home/alex/.m2/repository/org/glassfish/jersey/core/jersey-client/2.33/jersey-client-2.33.jar:/home/alex/.m2/repository/jakarta/ws/rs/jakarta.ws.rs-api/2.1.6/jakarta.ws.rs-api-2.1.6.jar:/home/alex/.m2/repository/org/glassfish/hk2/external/jakarta.inject/2.6.1/jakarta.inject-2.6.1.jar:/home/alex/.m2/repository/org/glassfish/jersey/media/jersey-media-json-jackson/2.33/jersey-media-json-jackson-2.33.jar:/home/alex/.m2/repository/org/glassfish/jersey/ext/jersey-entity-filtering/2.33/jersey-entity-filtering-2.33.jar:/home/alex/.m2/repository/com/fasterxml/jackson/module/jackson-module-jaxb-annotations/2.11.3/jackson-module-jaxb-annotations-2.11.3.jar:/home/alex/.m2/repository/jakarta/xml/bind/jakarta.xml.bind-api/2.3.2/jakarta.xml.bind-api-2.3.2.jar:/home/alex/.m2/repository/jakarta/activation/jakarta.activation-api/1.2.1/jakarta.activation-api-1.2.1.jar:/home/alex/.m2/repository/org/glassfish/jersey/inject/jersey-hk2/2.33/jersey-hk2-2.33.jar:/home/alex/.m2/repository/org/glassfish/hk2/hk2-locator/2.6.1/hk2-locator-2.6.1.jar:/home/alex/.m2/repository/org/glassfish/hk2/external/aopalliance-repackaged/2.6.1/aopalliance-repackaged-2.6.1.jar:/home/alex/.m2/repository/org/glassfish/hk2/hk2-api/2.6.1/hk2-api-2.6.1.jar:/home/alex/.m2/repository/org/glassfish/hk2/hk2-utils/2.6.1/hk2-utils-2.6.1.jar:/home/alex/.m2/repository/org/javassist/javassist/3.25.0-GA/javassist-3.25.0-GA.jar:/home/alex/.m2/repository/org/glassfish/jersey/core/jersey-common/2.33/jersey-common-2.33.jar:/home/alex/.m2/repository/jakarta/annotation/jakarta.annotation-api/1.3.5/jakarta.annotation-api-1.3.5.jar:/home/alex/.m2/repository/org/glassfish/hk2/osgi-resource-locator/1.0.3/osgi-resource-locator-1.0.3.jar:/home/alex/.m2/repository/org/glassfish/jersey/media/jersey-media-multipart/2.33/jersey-media-multipart-2.33.jar:/home/alex/.m2/repository/org/jvnet/mimepull/mimepull/1.9.13/mimepull-1.9.13.jar:/home/alex/Repositories/nifi/nifi-commons/nifi-expression-language/target/classes:/home/alex/.m2/repository/org/antlr/antlr-runtime/3.5.2/antlr-runtime-3.5.2.jar:/home/alex/Repositories/nifi/nifi-commons/nifi-uuid5/target/classes:/home/alex/Repositories/nifi/nifi-commons/nifi-data-provenance-utils/target/classes:/home/alex/.m2/repository/com/google/cloud/google-cloud-core/2.1.7/google-cloud-core-2.1.7.jar:/home/alex/.m2/repository/com/google/guava/guava/30.1.1-jre/guava-30.1.1-jre.jar:/home/alex/.m2/repository/com/google/api/gax/2.5.0/gax-2.5.0.jar:/home/alex/.m2/repository/com/google/auto/value/auto-value-annotations/1.8.2/auto-value-annotations-1.8.2.jar:/home/alex/.m2/repository/com/google/protobuf/protobuf-java-util/3.17.3/protobuf-java-util-3.17.3.jar:/home/alex/.m2/repository/com/google/api/grpc/proto-google-common-protos/2.5.0/proto-google-common-protos-2.5.0.jar:/home/alex/.m2/repository/com/google/api/grpc/proto-google-iam-v1/1.1.2/proto-google-iam-v1-1.1.2.jar:/home/alex/.m2/repository/org/threeten/threetenbp/1.5.1/threetenbp-1.5.1.jar:/home/alex/.m2/repository/com/google/api/api-common/2.0.2/api-common-2.0.2.jar:/home/alex/.m2/repository/com/google/auth/google-auth-library-credentials/1.1.0/google-auth-library-credentials-1.1.0.jar:/home/alex/.m2/repository/com/google/http-client/google-http-client/1.40.0/google-http-client-1.40.0.jar:/home/alex/.m2/repository/com/google/http-client/google-http-client-gson/1.40.0/google-http-client-gson-1.40.0.jar:/home/alex/.m2/repository/com/google/protobuf/protobuf-java/3.17.3/protobuf-java-3.17.3.jar:/home/alex/.m2/repository/com/google/cloud/google-cloud-storage/2.1.6/google-cloud-storage-2.1.6.jar:/home/alex/.m2/repository/com/google/guava/failureaccess/1.0.1/failureaccess-1.0.1.jar:/home/alex/.m2/repository/com/google/guava/listenablefuture/9999.0-empty-to-avoid-conflict-with-guava/listenablefuture-9999.0-empty-to-avoid-conflict-with-guava.jar:/home/alex/.m2/repository/com/google/code/findbugs/jsr305/3.0.2/jsr305-3.0.2.jar:/home/alex/.m2/repository/org/checkerframework/checker-qual/3.8.0/checker-qual-3.8.0.jar:/home/alex/.m2/repository/com/google/j2objc/j2objc-annotations/1.3/j2objc-annotations-1.3.jar:/home/alex/.m2/repository/io/opencensus/opencensus-contrib-http-util/0.28.0/opencensus-contrib-http-util-0.28.0.jar:/home/alex/.m2/repository/com/google/http-client/google-http-client-jackson2/1.40.0/google-http-client-jackson2-1.40.0.jar:/home/alex/.m2/repository/com/google/api-client/google-api-client/1.32.1/google-api-client-1.32.1.jar:/home/alex/.m2/repository/com/google/oauth-client/google-oauth-client/1.32.1/google-oauth-client-1.32.1.jar:/home/alex/.m2/repository/com/google/http-client/google-http-client-apache-v2/1.40.0/google-http-client-apache-v2-1.40.0.jar:/home/alex/.m2/repository/com/google/apis/google-api-services-storage/v1-rev20210914-1.32.1/google-api-services-storage-v1-rev20210914-1.32.1.jar:/home/alex/.m2/repository/com/google/code/gson/gson/2.8.8/gson-2.8.8.jar:/home/alex/.m2/repository/com/google/cloud/google-cloud-core-http/2.1.6/google-cloud-core-http-2.1.6.jar:/home/alex/.m2/repository/com/google/http-client/google-http-client-appengine/1.40.0/google-http-client-appengine-1.40.0.jar:/home/alex/.m2/repository/com/google/api/gax-httpjson/0.90.0/gax-httpjson-0.90.0.jar:/home/alex/.m2/repository/javax/annotation/javax.annotation-api/1.3.2/javax.annotation-api-1.3.2.jar:/home/alex/.m2/repository/io/opencensus/opencensus-api/0.28.0/opencensus-api-0.28.0.jar:/home/alex/.m2/repository/io/grpc/grpc-context/1.40.1/grpc-context-1.40.1.jar:/home/alex/.m2/repository/com/google/cloud/google-cloud-bigquery/2.1.12/google-cloud-bigquery-2.1.12.jar:/home/alex/.m2/repository/org/apache/httpcomponents/httpclient/4.5.13/httpclient-4.5.13.jar:/home/alex/.m2/repository/commons-logging/commons-logging/1.2/commons-logging-1.2.jar:/home/alex/.m2/repository/commons-codec/commons-codec/1.15/commons-codec-1.15.jar:/home/alex/.m2/repository/org/apache/httpcomponents/httpcore/4.4.14/httpcore-4.4.14.jar:/home/alex/.m2/repository/org/checkerframework/checker-compat-qual/2.5.5/checker-compat-qual-2.5.5.jar:/home/alex/.m2/repository/com/google/apis/google-api-services-bigquery/v2-rev20210910-1.32.1/google-api-services-bigquery-v2-rev20210910-1.32.1.jar:/home/alex/.m2/repository/com/google/errorprone/error_prone_annotations/2.9.0/error_prone_annotations-2.9.0.jar:/home/alex/.m2/repository/com/google/cloud/google-cloud-pubsub/1.114.5/google-cloud-pubsub-1.114.5.jar:/home/alex/.m2/repository/io/grpc/grpc-api/1.40.1/grpc-api-1.40.1.jar:/home/alex/.m2/repository/io/grpc/grpc-stub/1.40.1/grpc-stub-1.40.1.jar:/home/alex/.m2/repository/io/grpc/grpc-protobuf/1.40.1/grpc-protobuf-1.40.1.jar:/home/alex/.m2/repository/io/grpc/grpc-protobuf-lite/1.40.1/grpc-protobuf-lite-1.40.1.jar:/home/alex/.m2/repository/com/google/api/grpc/proto-google-cloud-pubsub-v1/1.96.5/proto-google-cloud-pubsub-v1-1.96.5.jar:/home/alex/.m2/repository/com/google/api/gax-grpc/2.5.0/gax-grpc-2.5.0.jar:/home/alex/.m2/repository/io/grpc/grpc-auth/1.40.1/grpc-auth-1.40.1.jar:/home/alex/.m2/repository/io/grpc/grpc-netty-shaded/1.40.1/grpc-netty-shaded-1.40.1.jar:/home/alex/.m2/repository/io/grpc/grpc-alts/1.40.1/grpc-alts-1.40.1.jar:/home/alex/.m2/repository/io/grpc/grpc-grpclb/1.40.1/grpc-grpclb-1.40.1.jar:/home/alex/.m2/repository/org/conscrypt/conscrypt-openjdk-uber/2.5.1/conscrypt-openjdk-uber-2.5.1.jar:/home/alex/.m2/repository/io/grpc/grpc-core/1.40.1/grpc-core-1.40.1.jar:/home/alex/.m2/repository/com/google/android/annotations/4.1.1.4/annotations-4.1.1.4.jar:/home/alex/.m2/repository/org/codehaus/mojo/animal-sniffer-annotations/1.20/animal-sniffer-annotations-1.20.jar:/home/alex/.m2/repository/io/perfmark/perfmark-api/0.23.0/perfmark-api-0.23.0.jar:/home/alex/.m2/repository/com/google/cloud/google-cloud-pubsublite/1.3.0/google-cloud-pubsublite-1.3.0.jar:/home/alex/.m2/repository/com/google/api/grpc/proto-google-cloud-pubsublite-v1/1.3.0/proto-google-cloud-pubsublite-v1-1.3.0.jar:/home/alex/.m2/repository/com/google/api/grpc/grpc-google-cloud-pubsublite-v1/1.3.0/grpc-google-cloud-pubsublite-v1-1.3.0.jar:/home/alex/.m2/repository/com/google/flogger/google-extensions/0.6/google-extensions-0.6.jar:/home/alex/.m2/repository/com/google/flogger/flogger/0.6/flogger-0.6.jar:/home/alex/.m2/repository/com/google/flogger/flogger-system-backend/0.6/flogger-system-backend-0.6.jar:/home/alex/.m2/repository/com/tdunning/json/1.8/json-1.8.jar:/home/alex/Repositories/nifi/nifi-commons/nifi-json-utils/target/classes:/home/alex/Repositories/nifi/nifi-nar-bundles/nifi-standard-services/nifi-record-serialization-services-bundle/nifi-record-serialization-services/target/classes:/home/alex/Repositories/nifi/nifi-nar-bundles/nifi-extension-utils/nifi-record-utils/nifi-avro-record-utils/target/classes:/home/alex/Repositories/nifi/nifi-nar-bundles/nifi-extension-utils/nifi-record-utils/nifi-standard-record-utils/target/classes:/home/alex/Repositories/nifi/nifi-nar-bundles/nifi-extension-utils/nifi-syslog-utils/target/classes:/home/alex/.m2/repository/com/github/palindromicity/simple-syslog-5424/0.0.16/simple-syslog-5424-0.0.16.jar:/home/alex/.m2/repository/org/antlr/antlr4-runtime/4.7.2/antlr4-runtime-4.7.2.jar:/home/alex/.m2/repository/com/jayway/jsonpath/json-path/2.6.0/json-path-2.6.0.jar:/home/alex/.m2/repository/net/minidev/json-smart/2.4.7/json-smart-2.4.7.jar:/home/alex/.m2/repository/net/minidev/accessors-smart/2.4.7/accessors-smart-2.4.7.jar:/home/alex/.m2/repository/org/ow2/asm/asm/9.1/asm-9.1.jar:/home/alex/.m2/repository/org/apache/commons/commons-csv/1.8/commons-csv-1.8.jar:/home/alex/.m2/repository/com/fasterxml/jackson/dataformat/jackson-dataformat-csv/2.12.3/jackson-dataformat-csv-2.12.3.jar:/home/alex/.m2/repository/io/krakens/java-grok/0.1.9/java-grok-0.1.9.jar:/home/alex/.m2/repository/org/apache/avro/avro/1.8.1/avro-1.8.1.jar:/home/alex/.m2/repository/org/codehaus/jackson/jackson-core-asl/1.9.13/jackson-core-asl-1.9.13.jar:/home/alex/.m2/repository/org/codehaus/jackson/jackson-mapper-asl/1.9.13/jackson-mapper-asl-1.9.13.jar:/home/alex/.m2/repository/com/thoughtworks/paranamer/paranamer/2.7/paranamer-2.7.jar:/home/alex/.m2/repository/org/xerial/snappy/snappy-java/1.1.1.3/snappy-java-1.1.1.3.jar:/home/alex/.m2/repository/org/apache/commons/commons-compress/1.8.1/commons-compress-1.8.1.jar:/home/alex/.m2/repository/org/tukaani/xz/1.5/xz-1.5.jar:/home/alex/.m2/repository/net/java/dev/stax-utils/stax-utils/20070216/stax-utils-20070216.jar:/home/alex/.m2/repository/org/apache/commons/commons-text/1.8/commons-text-1.8.jar:/home/alex/.m2/repository/com/github/ben-manes/caffeine/caffeine/2.8.1/caffeine-2.8.1.jar:/home/alex/.m2/repository/com/fasterxml/jackson/core/jackson-core/2.12.3/jackson-core-2.12.3.jar:/home/alex/.m2/repository/org/junit/jupiter/junit-jupiter-api/5.7.2/junit-jupiter-api-5.7.2.jar:/home/alex/.m2/repository/org/apiguardian/apiguardian-api/1.1.0/apiguardian-api-1.1.0.jar:/home/alex/.m2/repository/org/opentest4j/opentest4j/1.2.0/opentest4j-1.2.0.jar:/home/alex/.m2/repository/org/junit/platform/junit-platform-commons/1.7.2/junit-platform-commons-1.7.2.jar:/home/alex/.m2/repository/org/junit/jupiter/junit-jupiter-engine/5.7.2/junit-jupiter-engine-5.7.2.jar:/home/alex/.m2/repository/org/junit/platform/junit-platform-engine/1.7.2/junit-platform-engine-1.7.2.jar:/home/alex/.m2/repository/org/junit/vintage/junit-vintage-engine/5.7.2/junit-vintage-engine-5.7.2.jar:/home/alex/.m2/repository/junit/junit/4.13.2/junit-4.13.2.jar:/home/alex/.m2/repository/org/hamcrest/hamcrest-core/1.3/hamcrest-core-1.3.jar:/home/alex/.m2/repository/org/junit/jupiter/junit-jupiter-params/5.7.2/junit-jupiter-params-5.7.2.jar:/home/alex/.m2/repository/org/mockito/mockito-core/3.11.2/mockito-core-3.11.2.jar:/home/alex/.m2/repository/net/bytebuddy/byte-buddy/1.11.3/byte-buddy-1.11.3.jar:/home/alex/.m2/repository/net/bytebuddy/byte-buddy-agent/1.11.3/byte-buddy-agent-1.11.3.jar:/home/alex/.m2/repository/org/objenesis/objenesis/3.2/objenesis-3.2.jar:/home/alex/.m2/repository/org/mockito/mockito-junit-jupiter/3.11.2/mockito-junit-jupiter-3.11.2.jar:/home/alex/.m2/repository/org/slf4j/slf4j-simple/1.7.32/slf4j-simple-1.7.32.jar:/home/alex/.m2/repository/org/slf4j/slf4j-api/1.7.32/slf4j-api-1.7.32.jar:/home/alex/.m2/repository/org/codehaus/groovy/groovy-test/2.5.14/groovy-test-2.5.14.jar:/home/alex/.m2/repository/org/codehaus/groovy/groovy/2.5.14/groovy-2.5.14.jar:"/>
    <property name="sun.cpu.endian" value="little"/>
    <property name="user.home" value="/home/alex"/>
    <property name="user.language" value="en"/>
    <property name="java.specification.vendor" value="Oracle Corporation"/>
    <property name="java.home" value="/usr/lib/jvm/java-8-openjdk-amd64/jre"/>
    <property name="basedir" value="/home/alex/Repositories/nifi/nifi-nar-bundles/nifi-gcp-bundle/nifi-gcp-processors"/>
    <property name="file.separator" value="/"/>
    <property name="line.separator" value="&#10;"/>
    <property name="java.vm.specification.vendor" value="Oracle Corporation"/>
    <property name="java.specification.name" value="Java Platform API Specification"/>
    <property name="java.awt.graphicsenv" value="sun.awt.X11GraphicsEnvironment"/>
    <property name="java.awt.headless" value="true"/>
    <property name="surefire.real.class.path" value="/home/alex/Repositories/nifi/nifi-nar-bundles/nifi-gcp-bundle/nifi-gcp-processors/target/surefire/surefirebooter7979663531085396536.jar"/>
    <property name="sun.boot.class.path" value="/usr/lib/jvm/java-8-openjdk-amd64/jre/lib/resources.jar:/usr/lib/jvm/java-8-openjdk-amd64/jre/lib/rt.jar:/usr/lib/jvm/java-8-openjdk-amd64/jre/lib/sunrsasign.jar:/usr/lib/jvm/java-8-openjdk-amd64/jre/lib/jsse.jar:/usr/lib/jvm/java-8-openjdk-amd64/jre/lib/jce.jar:/usr/lib/jvm/java-8-openjdk-amd64/jre/lib/charsets.jar:/usr/lib/jvm/java-8-openjdk-amd64/jre/lib/jfr.jar:/usr/lib/jvm/java-8-openjdk-amd64/jre/classes"/>
    <property name="sun.management.compiler" value="HotSpot 64-Bit Tiered Compilers"/>
    <property name="java.runtime.version" value="1.8.0_402-8u402-ga-2ubuntu1~22.04-b06"/>
    <property name="java.net.preferIPv4Stack" value="true"/>
    <property name="user.name" value="alex"/>
    <property name="path.separator" value=":"/>
    <property name="os.version" value="6.5.0-28-generic"/>
    <property name="java.endorsed.dirs" value="/usr/lib/jvm/java-8-openjdk-amd64/jre/lib/endorsed"/>
    <property name="java.runtime.name" value="OpenJDK Runtime Environment"/>
    <property name="file.encoding" value="UTF-8"/>
    <property name="java.vm.name" value="OpenJDK 64-Bit Server VM"/>
    <property name="localRepository" value="/home/alex/.m2/repository"/>
    <property name="java.vendor.url.bug" value="http://bugreport.sun.com/bugreport/"/>
    <property name="java.io.tmpdir" value="/tmp"/>
    <property name="java.version" value="1.8.0_402"/>
    <property name="user.dir" value="/home/alex/Repositories/nifi/nifi-nar-bundles/nifi-gcp-bundle/nifi-gcp-processors"/>
    <property name="os.arch" value="amd64"/>
    <property name="java.vm.specification.name" value="Java Virtual Machine Specification"/>
    <property name="java.awt.printerjob" value="sun.print.PSPrinterJob"/>
    <property name="sun.os.patch.level" value="unknown"/>
    <property name="java.library.path" value="/usr/java/packages/lib/amd64:/usr/lib/x86_64-linux-gnu/jni:/lib/x86_64-linux-gnu:/usr/lib/x86_64-linux-gnu:/usr/lib/jni:/lib:/usr/lib"/>
    <property name="java.vm.info" value="mixed mode"/>
    <property name="java.vendor" value="Private Build"/>
    <property name="java.vm.version" value="25.402-b06"/>
    <property name="java.specification.maintenance.version" value="5"/>
    <property name="java.ext.dirs" value="/usr/lib/jvm/java-8-openjdk-amd64/jre/lib/ext:/usr/java/packages/lib/ext"/>
    <property name="sun.io.unicode.encoding" value="UnicodeLittle"/>
    <property name="java.class.version" value="52.0"/>
  </properties>
  <testcase name="testOldValues" classname="org.apache.nifi.processors.gcp.storage.ListGCSBucketTest" time="0.064">
    <system-err><![CDATA[[pool-11-thread-1] INFO org.apache.nifi.processors.gcp.storage.ListGCSBucketTest$1 - [id=4911f9e5-f1bf-4171-87ed-6e38f5971648] Successfully listed 1 new files from GCS; routing to success
[pool-11-thread-1] INFO org.apache.nifi.processors.gcp.storage.ListGCSBucketTest$1 - [id=4911f9e5-f1bf-4171-87ed-6e38f5971648] Successfully listed GCS bucket gcloud-test-bucket-temp-fd672f4e-d504-4d2a-9303-54d9dce26542 in 10 millis
[pool-11-thread-1] INFO org.apache.nifi.processors.gcp.storage.ListGCSBucketTest$1 - [id=4911f9e5-f1bf-4171-87ed-6e38f5971648] Successfully listed GCS bucket gcloud-test-bucket-temp-fd672f4e-d504-4d2a-9303-54d9dce26542 in 0 millis
]]></system-err>
  </testcase>
  <testcase name="testAclOwnerProject" classname="org.apache.nifi.processors.gcp.storage.ListGCSBucketTest" time="0.007">
    <system-err><![CDATA[[pool-12-thread-1] INFO org.apache.nifi.processors.gcp.storage.ListGCSBucketTest$1 - [id=ac3c726b-5a3c-4b92-95dc-517a7f6c5e86] Successfully listed 1 new files from GCS; routing to success
[pool-12-thread-1] INFO org.apache.nifi.processors.gcp.storage.ListGCSBucketTest$1 - [id=ac3c726b-5a3c-4b92-95dc-517a7f6c5e86] Successfully listed GCS bucket gcloud-test-bucket-temp-fd672f4e-d504-4d2a-9303-54d9dce26542 in 1 millis
]]></system-err>
  </testcase>
  <testcase name="testListOptionsPrefix" classname="org.apache.nifi.processors.gcp.storage.ListGCSBucketTest" time="0.007">
    <system-err><![CDATA[[pool-13-thread-1] INFO org.apache.nifi.processors.gcp.storage.ListGCSBucketTest$1 - [id=7997f749-3578-412f-a1a3-16191fd284ec] Successfully listed GCS bucket gcloud-test-bucket-temp-fd672f4e-d504-4d2a-9303-54d9dce26542 in 1 millis
]]></system-err>
  </testcase>
  <testcase name="testYieldOnBadStateRestore" classname="org.apache.nifi.processors.gcp.storage.ListGCSBucketTest" time="0.007">
    <system-err><![CDATA[[pool-14-thread-1] ERROR org.apache.nifi.processors.gcp.storage.ListGCSBucketTest$1 - [[id=cd4da6a1-c95e-4197-8418-b8704cbdf0c6]] Failed to restore processor state; yielding
java.io.IOException: Unit Test configured to throw IOException if CLUSTER State is retrieved
	at org.apache.nifi.state.MockStateManager.verifyCanGet(MockStateManager.java:158)
	at org.apache.nifi.state.MockStateManager.getState(MockStateManager.java:94)
	at org.apache.nifi.util.MockProcessSession.getState(MockProcessSession.java:1379)
	at org.apache.nifi.processors.gcp.storage.ListGCSBucket.restoreState(ListGCSBucket.java:232)
	at org.apache.nifi.processors.gcp.storage.ListGCSBucket.onTrigger(ListGCSBucket.java:271)
	at org.apache.nifi.processor.AbstractProcessor.onTrigger(AbstractProcessor.java:27)
	at org.apache.nifi.util.StandardProcessorTestRunner$RunProcessor.call(StandardProcessorTestRunner.java:284)
	at org.apache.nifi.util.StandardProcessorTestRunner$RunProcessor.call(StandardProcessorTestRunner.java:278)
	at java.util.concurrent.FutureTask.run(FutureTask.java:266)
	at java.util.concurrent.ScheduledThreadPoolExecutor$ScheduledFutureTask.access$201(ScheduledThreadPoolExecutor.java:180)
	at java.util.concurrent.ScheduledThreadPoolExecutor$ScheduledFutureTask.run(ScheduledThreadPoolExecutor.java:293)
	at java.util.concurrent.ThreadPoolExecutor.runWorker(ThreadPoolExecutor.java:1149)
	at java.util.concurrent.ThreadPoolExecutor$Worker.run(ThreadPoolExecutor.java:624)
	at java.lang.Thread.run(Thread.java:750)
]]></system-err>
  </testcase>
  <testcase name="testEmptyList" classname="org.apache.nifi.processors.gcp.storage.ListGCSBucketTest" time="0.007">
    <system-err><![CDATA[[pool-15-thread-1] INFO org.apache.nifi.processors.gcp.storage.ListGCSBucketTest$1 - [id=65d80fe2-8636-4302-b12b-85198a200c2d] Successfully listed GCS bucket gcloud-test-bucket-temp-fd672f4e-d504-4d2a-9303-54d9dce26542 in 0 millis
]]></system-err>
  </testcase>
  <testcase name="testRestorePreviousState" classname="org.apache.nifi.processors.gcp.storage.ListGCSBucketTest" time="0.004"/>
  <testcase name="testFailedPersistState" classname="org.apache.nifi.processors.gcp.storage.ListGCSBucketTest" time="0.003">
    <system-err><![CDATA[[main] ERROR org.apache.nifi.processors.gcp.storage.ListGCSBucketTest$1 - [[id=4f80df7a-1316-4f74-94a0-0a2c52962cf8]] Failed to save cluster-wide state. If NiFi is restarted, data duplication may occur
java.io.IOException: Unit Test configured to throw IOException if CLUSTER State is set
	at org.apache.nifi.state.MockStateManager.verifyCanSet(MockStateManager.java:151)
	at org.apache.nifi.state.MockStateManager.setState(MockStateManager.java:81)
	at org.apache.nifi.util.MockProcessSession.setState(MockProcessSession.java:1374)
	at org.apache.nifi.processors.gcp.storage.ListGCSBucket.persistState(ListGCSBucket.java:254)
	at org.apache.nifi.processors.gcp.storage.ListGCSBucketTest.testFailedPersistState(ListGCSBucketTest.java:218)
	at sun.reflect.NativeMethodAccessorImpl.invoke0(Native Method)
	at sun.reflect.NativeMethodAccessorImpl.invoke(NativeMethodAccessorImpl.java:62)
	at sun.reflect.DelegatingMethodAccessorImpl.invoke(DelegatingMethodAccessorImpl.java:43)
	at java.lang.reflect.Method.invoke(Method.java:498)
	at org.junit.runners.model.FrameworkMethod$1.runReflectiveCall(FrameworkMethod.java:59)
	at org.junit.internal.runners.model.ReflectiveCallable.run(ReflectiveCallable.java:12)
	at org.junit.runners.model.FrameworkMethod.invokeExplosively(FrameworkMethod.java:56)
	at org.junit.internal.runners.statements.InvokeMethod.evaluate(InvokeMethod.java:17)
	at org.junit.internal.runners.statements.RunBefores.evaluate(RunBefores.java:26)
	at org.junit.runners.ParentRunner$3.evaluate(ParentRunner.java:306)
	at org.junit.runners.BlockJUnit4ClassRunner$1.evaluate(BlockJUnit4ClassRunner.java:100)
	at org.junit.runners.ParentRunner.runLeaf(ParentRunner.java:366)
	at org.junit.runners.BlockJUnit4ClassRunner.runChild(BlockJUnit4ClassRunner.java:103)
	at org.junit.runners.BlockJUnit4ClassRunner.runChild(BlockJUnit4ClassRunner.java:63)
	at org.junit.runners.ParentRunner$4.run(ParentRunner.java:331)
	at org.junit.runners.ParentRunner$1.schedule(ParentRunner.java:79)
	at org.junit.runners.ParentRunner.runChildren(ParentRunner.java:329)
	at org.junit.runners.ParentRunner.access$100(ParentRunner.java:66)
	at org.junit.runners.ParentRunner$2.evaluate(ParentRunner.java:293)
	at org.junit.runners.ParentRunner$3.evaluate(ParentRunner.java:306)
	at org.junit.runners.ParentRunner.run(ParentRunner.java:413)
	at org.junit.runner.JUnitCore.run(JUnitCore.java:137)
	at org.junit.runner.JUnitCore.run(JUnitCore.java:115)
	at org.junit.vintage.engine.execution.RunnerExecutor.execute(RunnerExecutor.java:43)
	at java.util.stream.ForEachOps$ForEachOp$OfRef.accept(ForEachOps.java:183)
	at java.util.stream.ReferencePipeline$3$1.accept(ReferencePipeline.java:193)
	at java.util.Iterator.forEachRemaining(Iterator.java:116)
	at java.util.Spliterators$IteratorSpliterator.forEachRemaining(Spliterators.java:1801)
	at java.util.stream.AbstractPipeline.copyInto(AbstractPipeline.java:482)
	at java.util.stream.AbstractPipeline.wrapAndCopyInto(AbstractPipeline.java:472)
	at java.util.stream.ForEachOps$ForEachOp.evaluateSequential(ForEachOps.java:150)
	at java.util.stream.ForEachOps$ForEachOp$OfRef.evaluateSequential(ForEachOps.java:173)
	at java.util.stream.AbstractPipeline.evaluate(AbstractPipeline.java:234)
	at java.util.stream.ReferencePipeline.forEach(ReferencePipeline.java:485)
	at org.junit.vintage.engine.VintageTestEngine.executeAllChildren(VintageTestEngine.java:82)
	at org.junit.vintage.engine.VintageTestEngine.execute(VintageTestEngine.java:73)
	at org.junit.platform.launcher.core.EngineExecutionOrchestrator.execute(EngineExecutionOrchestrator.java:108)
	at org.junit.platform.launcher.core.EngineExecutionOrchestrator.execute(EngineExecutionOrchestrator.java:88)
	at org.junit.platform.launcher.core.EngineExecutionOrchestrator.lambda$execute$0(EngineExecutionOrchestrator.java:54)
	at org.junit.platform.launcher.core.EngineExecutionOrchestrator.withInterceptedStreams(EngineExecutionOrchestrator.java:67)
	at org.junit.platform.launcher.core.EngineExecutionOrchestrator.execute(EngineExecutionOrchestrator.java:52)
	at org.junit.platform.launcher.core.DefaultLauncher.execute(DefaultLauncher.java:96)
	at org.junit.platform.launcher.core.DefaultLauncher.execute(DefaultLauncher.java:75)
	at org.apache.maven.surefire.junitplatform.JUnitPlatformProvider.execute(JUnitPlatformProvider.java:188)
	at org.apache.maven.surefire.junitplatform.JUnitPlatformProvider.invokeAllTests(JUnitPlatformProvider.java:154)
	at org.apache.maven.surefire.junitplatform.JUnitPlatformProvider.invoke(JUnitPlatformProvider.java:128)
	at org.apache.maven.surefire.booter.ForkedBooter.runSuitesInProcess(ForkedBooter.java:428)
	at org.apache.maven.surefire.booter.ForkedBooter.execute(ForkedBooter.java:162)
	at org.apache.maven.surefire.booter.ForkedBooter.run(ForkedBooter.java:562)
	at org.apache.maven.surefire.booter.ForkedBooter.main(ForkedBooter.java:548)
]]></system-err>
  </testcase>
  <testcase name="testListOptionsVersions" classname="org.apache.nifi.processors.gcp.storage.ListGCSBucketTest" time="0.007">
    <system-err><![CDATA[[pool-16-thread-1] INFO org.apache.nifi.processors.gcp.storage.ListGCSBucketTest$1 - [id=37b99e81-dec4-44e6-ba52-c0a087143973] Successfully listed GCS bucket gcloud-test-bucket-temp-fd672f4e-d504-4d2a-9303-54d9dce26542 in 0 millis
]]></system-err>
  </testcase>
  <testcase name="testPersistState" classname="org.apache.nifi.processors.gcp.storage.ListGCSBucketTest" time="0.002"/>
  <testcase name="testRestoreFreshState" classname="org.apache.nifi.processors.gcp.storage.ListGCSBucketTest" time="0.002"/>
  <testcase name="testAclOwnerDomain" classname="org.apache.nifi.processors.gcp.storage.ListGCSBucketTest" time="0.011">
    <system-err><![CDATA[[pool-17-thread-1] INFO org.apache.nifi.processors.gcp.storage.ListGCSBucketTest$1 - [id=03e47d24-7b09-4e9a-8374-32f7c7b5f141] Successfully listed 1 new files from GCS; routing to success
[pool-17-thread-1] INFO org.apache.nifi.processors.gcp.storage.ListGCSBucketTest$1 - [id=03e47d24-7b09-4e9a-8374-32f7c7b5f141] Successfully listed GCS bucket gcloud-test-bucket-temp-fd672f4e-d504-4d2a-9303-54d9dce26542 in 2 millis
]]></system-err>
  </testcase>
  <testcase name="testListWithStateAndFilesComingNotInAlphabeticalOrder" classname="org.apache.nifi.processors.gcp.storage.ListGCSBucketTest" time="0.009">
    <system-err><![CDATA[[pool-18-thread-1] INFO org.apache.nifi.processors.gcp.storage.ListGCSBucketTest$1 - [id=12ed137a-6790-4125-bf41-5a8f3efa6d4e] Successfully listed 1 new files from GCS; routing to success
[pool-18-thread-1] INFO org.apache.nifi.processors.gcp.storage.ListGCSBucketTest$1 - [id=12ed137a-6790-4125-bf41-5a8f3efa6d4e] Successfully listed GCS bucket gcloud-test-bucket-temp-fd672f4e-d504-4d2a-9303-54d9dce26542 in 2 millis
]]></system-err>
  </testcase>
  <testcase name="testAttributesSet" classname="org.apache.nifi.processors.gcp.storage.ListGCSBucketTest" time="0.011">
    <system-err><![CDATA[[pool-19-thread-1] INFO org.apache.nifi.processors.gcp.storage.ListGCSBucketTest$1 - [id=5a8786cd-71b4-4f40-9d11-afb740dcd145] Successfully listed 1 new files from GCS; routing to success
[pool-19-thread-1] INFO org.apache.nifi.processors.gcp.storage.ListGCSBucketTest$1 - [id=5a8786cd-71b4-4f40-9d11-afb740dcd145] Successfully listed GCS bucket gcloud-test-bucket-temp-fd672f4e-d504-4d2a-9303-54d9dce26542 in 2 millis
]]></system-err>
  </testcase>
  <testcase name="testAclOwnerGroup" classname="org.apache.nifi.processors.gcp.storage.ListGCSBucketTest" time="0.008">
    <system-err><![CDATA[[pool-20-thread-1] INFO org.apache.nifi.processors.gcp.storage.ListGCSBucketTest$1 - [id=7b67860d-1c9f-4f15-abd4-efedc20cfecf] Successfully listed 1 new files from GCS; routing to success
[pool-20-thread-1] INFO org.apache.nifi.processors.gcp.storage.ListGCSBucketTest$1 - [id=7b67860d-1c9f-4f15-abd4-efedc20cfecf] Successfully listed GCS bucket gcloud-test-bucket-temp-fd672f4e-d504-4d2a-9303-54d9dce26542 in 1 millis
]]></system-err>
  </testcase>
  <testcase name="testSuccessfulList" classname="org.apache.nifi.processors.gcp.storage.ListGCSBucketTest" time="0.008">
    <system-err><![CDATA[[pool-21-thread-1] INFO org.apache.nifi.processors.gcp.storage.ListGCSBucketTest$1 - [id=6c97a2a5-b498-4966-b67d-5ca02e7c6a46] Successfully listed 2 new files from GCS; routing to success
[pool-21-thread-1] INFO org.apache.nifi.processors.gcp.storage.ListGCSBucketTest$1 - [id=6c97a2a5-b498-4966-b67d-5ca02e7c6a46] Successfully listed GCS bucket gcloud-test-bucket-temp-fd672f4e-d504-4d2a-9303-54d9dce26542 in 1 millis
]]></system-err>
  </testcase>
  <testcase name="testAclOwnerUser" classname="org.apache.nifi.processors.gcp.storage.ListGCSBucketTest" time="0.008">
    <system-err><![CDATA[[pool-22-thread-1] INFO org.apache.nifi.processors.gcp.storage.ListGCSBucketTest$1 - [id=03642950-6bb1-4612-898b-a59e6d406d33] Successfully listed 1 new files from GCS; routing to success
[pool-22-thread-1] INFO org.apache.nifi.processors.gcp.storage.ListGCSBucketTest$1 - [id=03642950-6bb1-4612-898b-a59e6d406d33] Successfully listed GCS bucket gcloud-test-bucket-temp-fd672f4e-d504-4d2a-9303-54d9dce26542 in 1 millis
]]></system-err>
  </testcase>
  <testcase name="testListWithStateAndNewFilesComingWithTheCurrentTimestamp" classname="org.apache.nifi.processors.gcp.storage.ListGCSBucketTest" time="0.009">
    <system-err><![CDATA[[pool-23-thread-1] INFO org.apache.nifi.processors.gcp.storage.ListGCSBucketTest$1 - [id=559e2068-4bde-45cd-bf58-e1f79b008ad1] Successfully listed 2 new files from GCS; routing to success
[pool-23-thread-1] INFO org.apache.nifi.processors.gcp.storage.ListGCSBucketTest$1 - [id=559e2068-4bde-45cd-bf58-e1f79b008ad1] Successfully listed GCS bucket gcloud-test-bucket-temp-fd672f4e-d504-4d2a-9303-54d9dce26542 in 1 millis
]]></system-err>
  </testcase>
  <testcase name="testListWithStateAndNewFilesComingWithTheSameTimestamp" classname="org.apache.nifi.processors.gcp.storage.ListGCSBucketTest" time="0.008">
    <system-err><![CDATA[[pool-24-thread-1] INFO org.apache.nifi.processors.gcp.storage.ListGCSBucketTest$1 - [id=1d712262-ad4c-4c4d-aee6-ea5adcea43ee] Successfully listed 2 new files from GCS; routing to success
[pool-24-thread-1] INFO org.apache.nifi.processors.gcp.storage.ListGCSBucketTest$1 - [id=1d712262-ad4c-4c4d-aee6-ea5adcea43ee] Successfully listed GCS bucket gcloud-test-bucket-temp-fd672f4e-d504-4d2a-9303-54d9dce26542 in 1 millis
]]></system-err>
  </testcase>
  <testcase name="testListWithStateAndFilesComingInAlphabeticalOrder" classname="org.apache.nifi.processors.gcp.storage.ListGCSBucketTest" time="0.007">
    <system-err><![CDATA[[pool-25-thread-1] INFO org.apache.nifi.processors.gcp.storage.ListGCSBucketTest$1 - [id=35c8399e-d3f1-4f8a-bb4b-9776a0a12ce7] Successfully listed 1 new files from GCS; routing to success
[pool-25-thread-1] INFO org.apache.nifi.processors.gcp.storage.ListGCSBucketTest$1 - [id=35c8399e-d3f1-4f8a-bb4b-9776a0a12ce7] Successfully listed GCS bucket gcloud-test-bucket-temp-fd672f4e-d504-4d2a-9303-54d9dce26542 in 1 millis
]]></system-err>
  </testcase>
  <testcase name="testStorageOptionsConfiguration" classname="org.apache.nifi.processors.gcp.storage.ListGCSBucketTest" time="0.004"/>
</testsuite>