<?xml version="1.0" encoding="UTF-8"?>
<testsuite xmlns:xsi="http://www.w3.org/2001/XMLSchema-instance" xsi:noNamespaceSchemaLocation="https://maven.apache.org/surefire/maven-surefire-plugin/xsd/surefire-test-report-3.0.xsd" version="3.0" name="org.apache.nifi.processors.standard.TestExecuteSQLRecord" time="9.192" tests="18" errors="0" skipped="0" failures="0">
  <properties>
    <property name="sun.desktop" value="gnome"/>
    <property name="awt.toolkit" value="sun.awt.X11.XToolkit"/>
    <property name="file.encoding.pkg" value="sun.io"/>
    <property name="java.specification.version" value="1.8"/>
    <property name="sun.cpu.isalist" value=""/>
    <property name="sun.jnu.encoding" value="UTF-8"/>
    <property name="java.class.path" value="/home/alex/Repositories/nifi/nifi-nar-bundles/nifi-standard-bundle/nifi-standard-processors/target/test-classes:/home/alex/Repositories/nifi/nifi-nar-bundles/nifi-standard-bundle/nifi-standard-processors/target/classes:/home/alex/.m2/repository/org/apache/ftpserver/ftpserver-core/1.1.1/ftpserver-core-1.1.1.jar:/home/alex/.m2/repository/org/apache/ftpserver/ftplet-api/1.1.1/ftplet-api-1.1.1.jar:/home/alex/.m2/repository/org/slf4j/slf4j-api/1.7.32/slf4j-api-1.7.32.jar:/home/alex/.m2/repository/org/apache/mina/mina-core/2.0.16/mina-core-2.0.16.jar:/home/alex/Repositories/nifi/nifi-api/target/classes:/home/alex/Repositories/nifi/nifi-commons/nifi-expression-language/target/classes:/home/alex/.m2/repository/org/antlr/antlr-runtime/3.5.2/antlr-runtime-3.5.2.jar:/home/alex/Repositories/nifi/nifi-commons/nifi-parameter/target/classes:/home/alex/Repositories/nifi/nifi-commons/nifi-uuid5/target/classes:/home/alex/.m2/repository/org/apache/commons/commons-text/1.8/commons-text-1.8.jar:/home/alex/Repositories/nifi/nifi-nar-bundles/nifi-extension-utils/nifi-processor-utils/target/classes:/home/alex/Repositories/nifi/nifi-commons/nifi-security-socket-ssl/target/classes:/home/alex/Repositories/nifi/nifi-nar-bundles/nifi-extension-utils/nifi-event-transport/target/classes:/home/alex/.m2/repository/io/netty/netty-handler/4.1.69.Final/netty-handler-4.1.69.Final.jar:/home/alex/.m2/repository/io/netty/netty-common/4.1.69.Final/netty-common-4.1.69.Final.jar:/home/alex/.m2/repository/io/netty/netty-resolver/4.1.69.Final/netty-resolver-4.1.69.Final.jar:/home/alex/.m2/repository/io/netty/netty-transport/4.1.69.Final/netty-transport-4.1.69.Final.jar:/home/alex/.m2/repository/io/netty/netty-codec/4.1.69.Final/netty-codec-4.1.69.Final.jar:/home/alex/Repositories/nifi/nifi-nar-bundles/nifi-extension-utils/nifi-syslog-utils/target/classes:/home/alex/.m2/repository/com/github/palindromicity/simple-syslog-5424/0.0.16/simple-syslog-5424-0.0.16.jar:/home/alex/.m2/repository/org/antlr/antlr4-runtime/4.7.2/antlr4-runtime-4.7.2.jar:/home/alex/Repositories/nifi/nifi-commons/nifi-utils/target/classes:/home/alex/Repositories/nifi/nifi-commons/nifi-record-path/target/classes:/home/alex/Repositories/nifi/nifi-commons/nifi-properties/target/classes:/home/alex/Repositories/nifi/nifi-commons/nifi-property-utils/target/classes:/home/alex/.m2/repository/com/github/ben-manes/caffeine/caffeine/2.8.1/caffeine-2.8.1.jar:/home/alex/Repositories/nifi/nifi-nar-bundles/nifi-standard-services/nifi-ssl-context-service-api/target/classes:/home/alex/Repositories/nifi/nifi-commons/nifi-security-utils-api/target/classes:/home/alex/Repositories/nifi/nifi-nar-bundles/nifi-standard-services/nifi-lookup-service-api/target/classes:/home/alex/Repositories/nifi/nifi-commons/nifi-flowfile-packager/target/classes:/home/alex/Repositories/nifi/nifi-nar-bundles/nifi-standard-services/nifi-distributed-cache-client-service-api/target/classes:/home/alex/Repositories/nifi/nifi-nar-bundles/nifi-standard-services/nifi-http-context-map-api/target/classes:/home/alex/Repositories/nifi/nifi-nar-bundles/nifi-standard-services/nifi-record-serialization-service-api/target/classes:/home/alex/Repositories/nifi/nifi-nar-bundles/nifi-standard-services/nifi-proxy-configuration-api/target/classes:/home/alex/Repositories/nifi/nifi-commons/nifi-record/target/classes:/home/alex/Repositories/nifi/nifi-nar-bundles/nifi-standard-services/nifi-record-sink-api/target/classes:/home/alex/.m2/repository/commons-io/commons-io/2.10.0/commons-io-2.10.0.jar:/home/alex/.m2/repository/javax/ws/rs/javax.ws.rs-api/2.1/javax.ws.rs-api-2.1.jar:/home/alex/.m2/repository/commons-net/commons-net/3.6/commons-net-3.6.jar:/home/alex/.m2/repository/org/apache/commons/commons-compress/1.21/commons-compress-1.21.jar:/home/alex/.m2/repository/org/apache/commons/commons-lang3/3.9/commons-lang3-3.9.jar:/home/alex/.m2/repository/org/bouncycastle/bcprov-jdk15on/1.69/bcprov-jdk15on-1.69.jar:/home/alex/.m2/repository/org/bouncycastle/bcpg-jdk15on/1.69/bcpg-jdk15on-1.69.jar:/home/alex/.m2/repository/org/bouncycastle/bcpkix-jdk15on/1.69/bcpkix-jdk15on-1.69.jar:/home/alex/.m2/repository/org/bouncycastle/bcutil-jdk15on/1.69/bcutil-jdk15on-1.69.jar:/home/alex/.m2/repository/commons-codec/commons-codec/1.14/commons-codec-1.14.jar:/home/alex/Repositories/nifi/nifi-commons/nifi-security-utils/target/classes:/home/alex/Repositories/nifi/nifi-commons/nifi-security-kms/target/classes:/home/alex/.m2/repository/org/apache/commons/commons-configuration2/2.7/commons-configuration2-2.7.jar:/home/alex/.m2/repository/com/hierynomus/sshj/0.32.0/sshj-0.32.0.jar:/home/alex/.m2/repository/com/jcraft/jzlib/1.1.3/jzlib-1.1.3.jar:/home/alex/.m2/repository/com/hierynomus/asn-one/0.6.0/asn-one-0.6.0.jar:/home/alex/.m2/repository/net/i2p/crypto/eddsa/0.3.0/eddsa-0.3.0.jar:/home/alex/.m2/repository/org/eclipse/jetty/jetty-server/9.4.44.v20210927/jetty-server-9.4.44.v20210927.jar:/home/alex/.m2/repository/javax/servlet/javax.servlet-api/3.1.0/javax.servlet-api-3.1.0.jar:/home/alex/.m2/repository/org/eclipse/jetty/jetty-http/9.4.44.v20210927/jetty-http-9.4.44.v20210927.jar:/home/alex/.m2/repository/org/eclipse/jetty/jetty-util/9.4.44.v20210927/jetty-util-9.4.44.v20210927.jar:/home/alex/.m2/repository/org/eclipse/jetty/jetty-io/9.4.44.v20210927/jetty-io-9.4.44.v20210927.jar:/home/alex/.m2/repository/org/eclipse/jetty/jetty-servlet/9.4.44.v20210927/jetty-servlet-9.4.44.v20210927.jar:/home/alex/.m2/repository/org/eclipse/jetty/jetty-security/9.4.44.v20210927/jetty-security-9.4.44.v20210927.jar:/home/alex/.m2/repository/org/eclipse/jetty/jetty-util-ajax/9.4.44.v20210927/jetty-util-ajax-9.4.44.v20210927.jar:/home/alex/.m2/repository/org/apache/httpcomponents/httpclient/4.5.5/httpclient-4.5.5.jar:/home/alex/.m2/repository/commons-logging/commons-logging/1.2/commons-logging-1.2.jar:/home/alex/.m2/repository/org/apache/httpcomponents/httpcore/4.4.9/httpcore-4.4.9.jar:/home/alex/.m2/repository/jakarta/activation/jakarta.activation-api/2.0.1/jakarta.activation-api-2.0.1.jar:/home/alex/.m2/repository/com/sun/activation/jakarta.activation/2.0.1/jakarta.activation-2.0.1.jar:/home/alex/.m2/repository/jakarta/mail/jakarta.mail-api/2.0.1/jakarta.mail-api-2.0.1.jar:/home/alex/.m2/repository/com/sun/mail/jakarta.mail/2.0.1/jakarta.mail-2.0.1.jar:/home/alex/.m2/repository/com/github/jponge/lzma-java/1.3/lzma-java-1.3.jar:/home/alex/.m2/repository/org/tukaani/xz/1.8/xz-1.8.jar:/home/alex/.m2/repository/net/sf/saxon/Saxon-HE/10.6/Saxon-HE-10.6.jar:/home/alex/Repositories/nifi/nifi-commons/nifi-socket-utils/target/classes:/home/alex/Repositories/nifi/nifi-commons/nifi-logging-utils/target/classes:/home/alex/Repositories/nifi/nifi-nar-bundles/nifi-standard-services/nifi-load-distribution-service-api/target/classes:/home/alex/.m2/repository/javax/jms/javax.jms-api/2.0.1/javax.jms-api-2.0.1.jar:/home/alex/.m2/repository/org/apache/activemq/activemq-client/5.15.15/activemq-client-5.15.15.jar:/home/alex/.m2/repository/org/apache/geronimo/specs/geronimo-jms_1.1_spec/1.1.1/geronimo-jms_1.1_spec-1.1.1.jar:/home/alex/.m2/repository/org/fusesource/hawtbuf/hawtbuf/1.11/hawtbuf-1.11.jar:/home/alex/.m2/repository/org/apache/geronimo/specs/geronimo-j2ee-management_1.1_spec/1.0.1/geronimo-j2ee-management_1.1_spec-1.0.1.jar:/home/alex/.m2/repository/com/jayway/jsonpath/json-path/2.6.0/json-path-2.6.0.jar:/home/alex/.m2/repository/net/minidev/json-smart/2.4.7/json-smart-2.4.7.jar:/home/alex/.m2/repository/net/minidev/accessors-smart/2.4.7/accessors-smart-2.4.7.jar:/home/alex/.m2/repository/org/ow2/asm/asm/9.1/asm-9.1.jar:/home/alex/.m2/repository/org/apache/tika/tika-core/1.26/tika-core-1.26.jar:/home/alex/.m2/repository/com/fasterxml/jackson/core/jackson-databind/2.12.3/jackson-databind-2.12.3.jar:/home/alex/.m2/repository/com/fasterxml/jackson/core/jackson-annotations/2.12.3/jackson-annotations-2.12.3.jar:/home/alex/.m2/repository/com/fasterxml/jackson/core/jackson-core/2.12.3/jackson-core-2.12.3.jar:/home/alex/Repositories/nifi/nifi-nar-bundles/nifi-extension-utils/nifi-record-utils/nifi-avro-record-utils/target/classes:/home/alex/Repositories/nifi/nifi-nar-bundles/nifi-extension-utils/nifi-record-utils/nifi-standard-record-utils/target/classes:/home/alex/.m2/repository/org/apache/avro/avro/1.8.1/avro-1.8.1.jar:/home/alex/.m2/repository/org/codehaus/jackson/jackson-core-asl/1.9.13/jackson-core-asl-1.9.13.jar:/home/alex/.m2/repository/org/codehaus/jackson/jackson-mapper-asl/1.9.13/jackson-mapper-asl-1.9.13.jar:/home/alex/.m2/repository/com/thoughtworks/paranamer/paranamer/2.7/paranamer-2.7.jar:/home/alex/Repositories/nifi/nifi-nar-bundles/nifi-standard-services/nifi-dbcp-service-api/target/classes:/home/alex/.m2/repository/com/squareup/okhttp3/okhttp/4.9.2/okhttp-4.9.2.jar:/home/alex/.m2/repository/com/squareup/okio/okio/2.8.0/okio-2.8.0.jar:/home/alex/.m2/repository/org/jetbrains/kotlin/kotlin-stdlib-common/1.4.0/kotlin-stdlib-common-1.4.0.jar:/home/alex/.m2/repository/org/jetbrains/kotlin/kotlin-stdlib/1.4.10/kotlin-stdlib-1.4.10.jar:/home/alex/.m2/repository/org/jetbrains/annotations/13.0/annotations-13.0.jar:/home/alex/.m2/repository/io/github/rburgst/okhttp-digest/2.5/okhttp-digest-2.5.jar:/home/alex/.m2/repository/at/favre/lib/bcrypt/0.9.0/bcrypt-0.9.0.jar:/home/alex/.m2/repository/at/favre/lib/bytes/1.3.0/bytes-1.3.0.jar:/home/alex/.m2/repository/com/google/guava/guava/28.0-jre/guava-28.0-jre.jar:/home/alex/.m2/repository/com/google/guava/failureaccess/1.0.1/failureaccess-1.0.1.jar:/home/alex/.m2/repository/com/google/guava/listenablefuture/9999.0-empty-to-avoid-conflict-with-guava/listenablefuture-9999.0-empty-to-avoid-conflict-with-guava.jar:/home/alex/.m2/repository/com/google/code/findbugs/jsr305/3.0.2/jsr305-3.0.2.jar:/home/alex/.m2/repository/org/checkerframework/checker-qual/2.8.1/checker-qual-2.8.1.jar:/home/alex/.m2/repository/com/google/errorprone/error_prone_annotations/2.3.2/error_prone_annotations-2.3.2.jar:/home/alex/.m2/repository/com/google/j2objc/j2objc-annotations/1.3/j2objc-annotations-1.3.jar:/home/alex/.m2/repository/org/codehaus/mojo/animal-sniffer-annotations/1.17/animal-sniffer-annotations-1.17.jar:/home/alex/Repositories/nifi/nifi-mock/target/classes:/home/alex/Repositories/nifi/nifi-framework-api/target/classes:/home/alex/Repositories/nifi/nifi-nar-bundles/nifi-framework-bundle/nifi-framework/nifi-framework-core-api/target/classes:/home/alex/Repositories/nifi/nifi-nar-bundles/nifi-framework-bundle/nifi-framework/nifi-framework-nar-utils/target/classes:/home/alex/Repositories/nifi/nifi-nar-bundles/nifi-framework-bundle/nifi-framework/nifi-client-dto/target/classes:/home/alex/.m2/repository/io/swagger/swagger-annotations/1.6.0/swagger-annotations-1.6.0.jar:/home/alex/Repositories/nifi/nifi-commons/nifi-site-to-site-client/target/classes:/home/alex/.m2/repository/org/apache/httpcomponents/httpasyncclient/4.1.4/httpasyncclient-4.1.4.jar:/home/alex/.m2/repository/org/apache/httpcomponents/httpcore-nio/4.4.10/httpcore-nio-4.4.10.jar:/home/alex/Repositories/nifi/nifi-nar-bundles/nifi-framework-bundle/nifi-framework/nifi-framework-authorization/target/classes:/home/alex/Repositories/nifi/nifi-registry/nifi-registry-core/nifi-registry-data-model/target/classes:/home/alex/Repositories/nifi/nifi-registry/nifi-registry-core/nifi-registry-revision/nifi-registry-revision-entity-model/target/classes:/home/alex/Repositories/nifi/nifi-registry/nifi-registry-core/nifi-registry-client/target/classes:/home/alex/Repositories/nifi/nifi-registry/nifi-registry-core/nifi-registry-security-utils/target/classes:/home/alex/.m2/repository/org/glassfish/jersey/core/jersey-client/2.33/jersey-client-2.33.jar:/home/alex/.m2/repository/jakarta/ws/rs/jakarta.ws.rs-api/2.1.6/jakarta.ws.rs-api-2.1.6.jar:/home/alex/.m2/repository/org/glassfish/hk2/external/jakarta.inject/2.6.1/jakarta.inject-2.6.1.jar:/home/alex/.m2/repository/org/glassfish/jersey/media/jersey-media-json-jackson/2.33/jersey-media-json-jackson-2.33.jar:/home/alex/.m2/repository/org/glassfish/jersey/ext/jersey-entity-filtering/2.33/jersey-entity-filtering-2.33.jar:/home/alex/.m2/repository/org/glassfish/jersey/inject/jersey-hk2/2.33/jersey-hk2-2.33.jar:/home/alex/.m2/repository/org/glassfish/hk2/hk2-locator/2.6.1/hk2-locator-2.6.1.jar:/home/alex/.m2/repository/org/glassfish/hk2/external/aopalliance-repackaged/2.6.1/aopalliance-repackaged-2.6.1.jar:/home/alex/.m2/repository/org/glassfish/hk2/hk2-api/2.6.1/hk2-api-2.6.1.jar:/home/alex/.m2/repository/org/glassfish/hk2/hk2-utils/2.6.1/hk2-utils-2.6.1.jar:/home/alex/.m2/repository/org/javassist/javassist/3.25.0-GA/javassist-3.25.0-GA.jar:/home/alex/.m2/repository/org/glassfish/jersey/core/jersey-common/2.33/jersey-common-2.33.jar:/home/alex/.m2/repository/jakarta/annotation/jakarta.annotation-api/1.3.5/jakarta.annotation-api-1.3.5.jar:/home/alex/.m2/repository/org/glassfish/hk2/osgi-resource-locator/1.0.3/osgi-resource-locator-1.0.3.jar:/home/alex/.m2/repository/org/glassfish/jersey/media/jersey-media-multipart/2.33/jersey-media-multipart-2.33.jar:/home/alex/.m2/repository/org/jvnet/mimepull/mimepull/1.9.13/mimepull-1.9.13.jar:/home/alex/Repositories/nifi/nifi-commons/nifi-data-provenance-utils/target/classes:/home/alex/Repositories/nifi/nifi-nar-bundles/nifi-standard-services/nifi-distributed-cache-services-bundle/nifi-distributed-cache-client-service/target/classes:/home/alex/Repositories/nifi/nifi-nar-bundles/nifi-standard-services/nifi-distributed-cache-services-bundle/nifi-distributed-cache-protocol/target/classes:/home/alex/.m2/repository/io/netty/netty-buffer/4.1.69.Final/netty-buffer-4.1.69.Final.jar:/home/alex/.m2/repository/com/google/http-client/google-http-client/1.28.0/google-http-client-1.28.0.jar:/home/alex/.m2/repository/io/opencensus/opencensus-api/0.18.0/opencensus-api-0.18.0.jar:/home/alex/.m2/repository/io/grpc/grpc-context/1.14.0/grpc-context-1.14.0.jar:/home/alex/.m2/repository/io/opencensus/opencensus-contrib-http-util/0.18.0/opencensus-contrib-http-util-0.18.0.jar:/home/alex/.m2/repository/org/apache/activemq/activemq-broker/5.15.14/activemq-broker-5.15.14.jar:/home/alex/.m2/repository/org/apache/activemq/activemq-openwire-legacy/5.15.14/activemq-openwire-legacy-5.15.14.jar:/home/alex/Repositories/nifi/nifi-nar-bundles/nifi-standard-services/nifi-ssl-context-bundle/nifi-ssl-context-service/target/classes:/home/alex/Repositories/nifi/nifi-nar-bundles/nifi-framework-bundle/nifi-framework/nifi-standard-prioritizers/target/classes:/home/alex/Repositories/nifi/nifi-nar-bundles/nifi-extension-utils/nifi-record-utils/nifi-mock-record-utils/target/classes:/home/alex/Repositories/nifi/nifi-nar-bundles/nifi-standard-services/nifi-record-serialization-services-bundle/nifi-record-serialization-services/target/classes:/home/alex/.m2/repository/org/apache/commons/commons-csv/1.8/commons-csv-1.8.jar:/home/alex/.m2/repository/com/fasterxml/jackson/dataformat/jackson-dataformat-csv/2.12.3/jackson-dataformat-csv-2.12.3.jar:/home/alex/.m2/repository/net/java/dev/stax-utils/stax-utils/20070216/stax-utils-20070216.jar:/home/alex/Repositories/nifi/nifi-nar-bundles/nifi-standard-services/nifi-lookup-services-bundle/nifi-lookup-services/target/classes:/home/alex/.m2/repository/commons-beanutils/commons-beanutils/1.9.4/commons-beanutils-1.9.4.jar:/home/alex/.m2/repository/commons-collections/commons-collections/3.2.2/commons-collections-3.2.2.jar:/home/alex/.m2/repository/com/maxmind/geoip2/geoip2/2.12.0/geoip2-2.12.0.jar:/home/alex/.m2/repository/com/maxmind/db/maxmind-db/1.2.2/maxmind-db-1.2.2.jar:/home/alex/.m2/repository/org/apache/derby/derby/10.14.2.0/derby-10.14.2.0.jar:/home/alex/.m2/repository/org/xerial/snappy/snappy-java/1.1.7.3/snappy-java-1.1.7.3.jar:/home/alex/.m2/repository/net/lingala/zip4j/zip4j/2.8.0/zip4j-2.8.0.jar:/home/alex/.m2/repository/com/h2database/h2/1.4.187/h2-1.4.187.jar:/home/alex/.m2/repository/org/mockftpserver/MockFtpServer/2.7.1/MockFtpServer-2.7.1.jar:/home/alex/.m2/repository/org/apache/sshd/sshd-core/1.7.0/sshd-core-1.7.0.jar:/home/alex/.m2/repository/com/bazaarvoice/jolt/jolt-core/0.1.1/jolt-core-0.1.1.jar:/home/alex/.m2/repository/javax/inject/javax.inject/1/javax.inject-1.jar:/home/alex/.m2/repository/com/bazaarvoice/jolt/json-utils/0.1.1/json-utils-0.1.1.jar:/home/alex/Repositories/nifi/nifi-nar-bundles/nifi-standard-bundle/nifi-standard-utils/target/classes:/home/alex/.m2/repository/net/sf/supercsv/super-csv/2.4.0/super-csv-2.4.0.jar:/home/alex/.m2/repository/com/fluenda/parcefone/2.1.0/parcefone-2.1.0.jar:/home/alex/.m2/repository/javax/validation/validation-api/1.1.0.Final/validation-api-1.1.0.Final.jar:/home/alex/.m2/repository/javax/el/javax.el-api/3.0.0/javax.el-api-3.0.0.jar:/home/alex/.m2/repository/com/github/wnameless/json/json-flattener/0.12.0/json-flattener-0.12.0.jar:/home/alex/.m2/repository/com/github/wnameless/json/json-base/2.0.0/json-base-2.0.0.jar:/home/alex/.m2/repository/org/apache/bval/bval-jsr/1.1.2/bval-jsr-1.1.2.jar:/home/alex/.m2/repository/org/apache/bval/bval-core/1.1.2/bval-core-1.1.2.jar:/home/alex/.m2/repository/io/krakens/java-grok/0.1.9/java-grok-0.1.9.jar:/home/alex/.m2/repository/org/apache/calcite/calcite-core/1.27.0/calcite-core-1.27.0.jar:/home/alex/.m2/repository/org/apache/calcite/calcite-linq4j/1.27.0/calcite-linq4j-1.27.0.jar:/home/alex/.m2/repository/com/esri/geometry/esri-geometry-api/2.2.0/esri-geometry-api-2.2.0.jar:/home/alex/.m2/repository/org/apache/calcite/avatica/avatica-core/1.18.0/avatica-core-1.18.0.jar:/home/alex/.m2/repository/org/apache/calcite/avatica/avatica-metrics/1.18.0/avatica-metrics-1.18.0.jar:/home/alex/.m2/repository/com/google/protobuf/protobuf-java/3.6.1/protobuf-java-3.6.1.jar:/home/alex/.m2/repository/org/apiguardian/apiguardian-api/1.1.0/apiguardian-api-1.1.0.jar:/home/alex/.m2/repository/com/fasterxml/jackson/dataformat/jackson-dataformat-yaml/2.10.0/jackson-dataformat-yaml-2.10.0.jar:/home/alex/.m2/repository/org/yaml/snakeyaml/1.29/snakeyaml-1.29.jar:/home/alex/.m2/repository/com/google/uzaygezen/uzaygezen-core/0.2/uzaygezen-core-0.2.jar:/home/alex/.m2/repository/com/yahoo/datasketches/sketches-core/0.9.0/sketches-core-0.9.0.jar:/home/alex/.m2/repository/com/yahoo/datasketches/memory/0.9.0/memory-0.9.0.jar:/home/alex/.m2/repository/net/hydromatic/aggdesigner-algorithm/6.0/aggdesigner-algorithm-6.0.jar:/home/alex/.m2/repository/commons-lang/commons-lang/2.4/commons-lang-2.4.jar:/home/alex/.m2/repository/org/apache/commons/commons-dbcp2/2.6.0/commons-dbcp2-2.6.0.jar:/home/alex/.m2/repository/org/apache/commons/commons-pool2/2.6.1/commons-pool2-2.6.1.jar:/home/alex/.m2/repository/org/codehaus/janino/commons-compiler/3.0.11/commons-compiler-3.0.11.jar:/home/alex/.m2/repository/org/codehaus/janino/janino/3.0.11/janino-3.0.11.jar:/home/alex/Repositories/nifi/nifi-nar-bundles/nifi-standard-services/nifi-schema-registry-service-api/target/classes:/home/alex/Repositories/nifi/nifi-nar-bundles/nifi-extension-utils/nifi-database-utils/target/classes:/home/alex/Repositories/nifi/nifi-nar-bundles/nifi-standard-bundle/nifi-standard-web-test-utils/target/classes:/home/alex/.m2/repository/com/github/stefanbirkner/fake-sftp-server-rule/2.0.1/fake-sftp-server-rule-2.0.1.jar:/home/alex/.m2/repository/com/github/marschall/memoryfilesystem/2.8.0/memoryfilesystem-2.8.0.jar:/home/alex/.m2/repository/junit/junit/4.13.2/junit-4.13.2.jar:/home/alex/.m2/repository/org/hamcrest/hamcrest-core/1.3/hamcrest-core-1.3.jar:/home/alex/Repositories/nifi/nifi-nar-bundles/nifi-extension-utils/nifi-database-test-utils/target/classes:/home/alex/.m2/repository/org/codehaus/groovy/groovy-json/2.5.14/groovy-json-2.5.14.jar:/home/alex/.m2/repository/org/codehaus/groovy/groovy/2.5.14/groovy-2.5.14.jar:/home/alex/.m2/repository/org/codehaus/groovy/groovy-servlet/2.5.14/groovy-servlet-2.5.14.jar:/home/alex/.m2/repository/org/codehaus/groovy/groovy-templates/2.5.14/groovy-templates-2.5.14.jar:/home/alex/.m2/repository/org/codehaus/groovy/groovy-xml/2.5.14/groovy-xml-2.5.14.jar:/home/alex/.m2/repository/org/hamcrest/hamcrest-all/1.3/hamcrest-all-1.3.jar:/home/alex/.m2/repository/com/squareup/okhttp3/mockwebserver/4.9.2/mockwebserver-4.9.2.jar:/home/alex/.m2/repository/org/jetbrains/kotlin/kotlin-stdlib-jdk8/1.4.10/kotlin-stdlib-jdk8-1.4.10.jar:/home/alex/.m2/repository/org/jetbrains/kotlin/kotlin-stdlib-jdk7/1.4.10/kotlin-stdlib-jdk7-1.4.10.jar:/home/alex/.m2/repository/org/mockito/mockito-inline/3.12.4/mockito-inline-3.12.4.jar:/home/alex/.m2/repository/org/junit/jupiter/junit-jupiter-api/5.7.2/junit-jupiter-api-5.7.2.jar:/home/alex/.m2/repository/org/opentest4j/opentest4j/1.2.0/opentest4j-1.2.0.jar:/home/alex/.m2/repository/org/junit/platform/junit-platform-commons/1.7.2/junit-platform-commons-1.7.2.jar:/home/alex/.m2/repository/org/junit/jupiter/junit-jupiter-engine/5.7.2/junit-jupiter-engine-5.7.2.jar:/home/alex/.m2/repository/org/junit/platform/junit-platform-engine/1.7.2/junit-platform-engine-1.7.2.jar:/home/alex/.m2/repository/org/junit/vintage/junit-vintage-engine/5.7.2/junit-vintage-engine-5.7.2.jar:/home/alex/.m2/repository/org/junit/jupiter/junit-jupiter-params/5.7.2/junit-jupiter-params-5.7.2.jar:/home/alex/.m2/repository/org/mockito/mockito-core/3.11.2/mockito-core-3.11.2.jar:/home/alex/.m2/repository/net/bytebuddy/byte-buddy/1.11.3/byte-buddy-1.11.3.jar:/home/alex/.m2/repository/net/bytebuddy/byte-buddy-agent/1.11.3/byte-buddy-agent-1.11.3.jar:/home/alex/.m2/repository/org/objenesis/objenesis/3.2/objenesis-3.2.jar:/home/alex/.m2/repository/org/mockito/mockito-junit-jupiter/3.11.2/mockito-junit-jupiter-3.11.2.jar:/home/alex/.m2/repository/org/slf4j/slf4j-simple/1.7.32/slf4j-simple-1.7.32.jar:/home/alex/.m2/repository/org/codehaus/groovy/groovy-test/2.5.14/groovy-test-2.5.14.jar:"/>
    <property name="org.slf4j.simpleLogger.log.nifi.processors.standard.TestExecuteSQLRecord" value="debug"/>
    <property name="java.vm.vendor" value="Private Build"/>
    <property name="sun.arch.data.model" value="64"/>
    <property name="java.vendor.url" value="http://java.oracle.com/"/>
    <property name="user.timezone" value="Europe/Lisbon"/>
    <property name="java.vm.specification.version" value="1.8"/>
    <property name="os.name" value="Linux"/>
    <property name="user.country" value="US"/>
    <property name="sun.java.launcher" value="SUN_STANDARD"/>
    <property name="sun.boot.library.path" value="/usr/lib/jvm/java-8-openjdk-amd64/jre/lib/amd64"/>
    <property name="sun.java.command" value="/home/alex/Repositories/nifi/nifi-nar-bundles/nifi-standard-bundle/nifi-standard-processors/target/surefire/surefirebooter7473415933682638322.jar /home/alex/Repositories/nifi/nifi-nar-bundles/nifi-standard-bundle/nifi-standard-processors/target/surefire 2024-05-02T02-37-14_149-jvmRun1 surefire6139189294397462573tmp surefire_693674938239097471618tmp"/>
    <property name="org.slf4j.simpleLogger.log.nifi.io.nio" value="debug"/>
    <property name="surefire.test.class.path" value="/home/alex/Repositories/nifi/nifi-nar-bundles/nifi-standard-bundle/nifi-standard-processors/target/test-classes:/home/alex/Repositories/nifi/nifi-nar-bundles/nifi-standard-bundle/nifi-standard-processors/target/classes:/home/alex/.m2/repository/org/apache/ftpserver/ftpserver-core/1.1.1/ftpserver-core-1.1.1.jar:/home/alex/.m2/repository/org/apache/ftpserver/ftplet-api/1.1.1/ftplet-api-1.1.1.jar:/home/alex/.m2/repository/org/slf4j/slf4j-api/1.7.32/slf4j-api-1.7.32.jar:/home/alex/.m2/repository/org/apache/mina/mina-core/2.0.16/mina-core-2.0.16.jar:/home/alex/Repositories/nifi/nifi-api/target/classes:/home/alex/Repositories/nifi/nifi-commons/nifi-expression-language/target/classes:/home/alex/.m2/repository/org/antlr/antlr-runtime/3.5.2/antlr-runtime-3.5.2.jar:/home/alex/Repositories/nifi/nifi-commons/nifi-parameter/target/classes:/home/alex/Repositories/nifi/nifi-commons/nifi-uuid5/target/classes:/home/alex/.m2/repository/org/apache/commons/commons-text/1.8/commons-text-1.8.jar:/home/alex/Repositories/nifi/nifi-nar-bundles/nifi-extension-utils/nifi-processor-utils/target/classes:/home/alex/Repositories/nifi/nifi-commons/nifi-security-socket-ssl/target/classes:/home/alex/Repositories/nifi/nifi-nar-bundles/nifi-extension-utils/nifi-event-transport/target/classes:/home/alex/.m2/repository/io/netty/netty-handler/4.1.69.Final/netty-handler-4.1.69.Final.jar:/home/alex/.m2/repository/io/netty/netty-common/4.1.69.Final/netty-common-4.1.69.Final.jar:/home/alex/.m2/repository/io/netty/netty-resolver/4.1.69.Final/netty-resolver-4.1.69.Final.jar:/home/alex/.m2/repository/io/netty/netty-transport/4.1.69.Final/netty-transport-4.1.69.Final.jar:/home/alex/.m2/repository/io/netty/netty-codec/4.1.69.Final/netty-codec-4.1.69.Final.jar:/home/alex/Repositories/nifi/nifi-nar-bundles/nifi-extension-utils/nifi-syslog-utils/target/classes:/home/alex/.m2/repository/com/github/palindromicity/simple-syslog-5424/0.0.16/simple-syslog-5424-0.0.16.jar:/home/alex/.m2/repository/org/antlr/antlr4-runtime/4.7.2/antlr4-runtime-4.7.2.jar:/home/alex/Repositories/nifi/nifi-commons/nifi-utils/target/classes:/home/alex/Repositories/nifi/nifi-commons/nifi-record-path/target/classes:/home/alex/Repositories/nifi/nifi-commons/nifi-properties/target/classes:/home/alex/Repositories/nifi/nifi-commons/nifi-property-utils/target/classes:/home/alex/.m2/repository/com/github/ben-manes/caffeine/caffeine/2.8.1/caffeine-2.8.1.jar:/home/alex/Repositories/nifi/nifi-nar-bundles/nifi-standard-services/nifi-ssl-context-service-api/target/classes:/home/alex/Repositories/nifi/nifi-commons/nifi-security-utils-api/target/classes:/home/alex/Repositories/nifi/nifi-nar-bundles/nifi-standard-services/nifi-lookup-service-api/target/classes:/home/alex/Repositories/nifi/nifi-commons/nifi-flowfile-packager/target/classes:/home/alex/Repositories/nifi/nifi-nar-bundles/nifi-standard-services/nifi-distributed-cache-client-service-api/target/classes:/home/alex/Repositories/nifi/nifi-nar-bundles/nifi-standard-services/nifi-http-context-map-api/target/classes:/home/alex/Repositories/nifi/nifi-nar-bundles/nifi-standard-services/nifi-record-serialization-service-api/target/classes:/home/alex/Repositories/nifi/nifi-nar-bundles/nifi-standard-services/nifi-proxy-configuration-api/target/classes:/home/alex/Repositories/nifi/nifi-commons/nifi-record/target/classes:/home/alex/Repositories/nifi/nifi-nar-bundles/nifi-standard-services/nifi-record-sink-api/target/classes:/home/alex/.m2/repository/commons-io/commons-io/2.10.0/commons-io-2.10.0.jar:/home/alex/.m2/repository/javax/ws/rs/javax.ws.rs-api/2.1/javax.ws.rs-api-2.1.jar:/home/alex/.m2/repository/commons-net/commons-net/3.6/commons-net-3.6.jar:/home/alex/.m2/repository/org/apache/commons/commons-compress/1.21/commons-compress-1.21.jar:/home/alex/.m2/repository/org/apache/commons/commons-lang3/3.9/commons-lang3-3.9.jar:/home/alex/.m2/repository/org/bouncycastle/bcprov-jdk15on/1.69/bcprov-jdk15on-1.69.jar:/home/alex/.m2/repository/org/bouncycastle/bcpg-jdk15on/1.69/bcpg-jdk15on-1.69.jar:/home/alex/.m2/repository/org/bouncycastle/bcpkix-jdk15on/1.69/bcpkix-jdk15on-1.69.jar:/home/alex/.m2/repository/org/bouncycastle/bcutil-jdk15on/1.69/bcutil-jdk15on-1.69.jar:/home/alex/.m2/repository/commons-codec/commons-codec/1.14/commons-codec-1.14.jar:/home/alex/Repositories/nifi/nifi-commons/nifi-security-utils/target/classes:/home/alex/Repositories/nifi/nifi-commons/nifi-security-kms/target/classes:/home/alex/.m2/repository/org/apache/commons/commons-configuration2/2.7/commons-configuration2-2.7.jar:/home/alex/.m2/repository/com/hierynomus/sshj/0.32.0/sshj-0.32.0.jar:/home/alex/.m2/repository/com/jcraft/jzlib/1.1.3/jzlib-1.1.3.jar:/home/alex/.m2/repository/com/hierynomus/asn-one/0.6.0/asn-one-0.6.0.jar:/home/alex/.m2/repository/net/i2p/crypto/eddsa/0.3.0/eddsa-0.3.0.jar:/home/alex/.m2/repository/org/eclipse/jetty/jetty-server/9.4.44.v20210927/jetty-server-9.4.44.v20210927.jar:/home/alex/.m2/repository/javax/servlet/javax.servlet-api/3.1.0/javax.servlet-api-3.1.0.jar:/home/alex/.m2/repository/org/eclipse/jetty/jetty-http/9.4.44.v20210927/jetty-http-9.4.44.v20210927.jar:/home/alex/.m2/repository/org/eclipse/jetty/jetty-util/9.4.44.v20210927/jetty-util-9.4.44.v20210927.jar:/home/alex/.m2/repository/org/eclipse/jetty/jetty-io/9.4.44.v20210927/jetty-io-9.4.44.v20210927.jar:/home/alex/.m2/repository/org/eclipse/jetty/jetty-servlet/9.4.44.v20210927/jetty-servlet-9.4.44.v20210927.jar:/home/alex/.m2/repository/org/eclipse/jetty/jetty-security/9.4.44.v20210927/jetty-security-9.4.44.v20210927.jar:/home/alex/.m2/repository/org/eclipse/jetty/jetty-util-ajax/9.4.44.v20210927/jetty-util-ajax-9.4.44.v20210927.jar:/home/alex/.m2/repository/org/apache/httpcomponents/httpclient/4.5.5/httpclient-4.5.5.jar:/home/alex/.m2/repository/commons-logging/commons-logging/1.2/commons-logging-1.2.jar:/home/alex/.m2/repository/org/apache/httpcomponents/httpcore/4.4.9/httpcore-4.4.9.jar:/home/alex/.m2/repository/jakarta/activation/jakarta.activation-api/2.0.1/jakarta.activation-api-2.0.1.jar:/home/alex/.m2/repository/com/sun/activation/jakarta.activation/2.0.1/jakarta.activation-2.0.1.jar:/home/alex/.m2/repository/jakarta/mail/jakarta.mail-api/2.0.1/jakarta.mail-api-2.0.1.jar:/home/alex/.m2/repository/com/sun/mail/jakarta.mail/2.0.1/jakarta.mail-2.0.1.jar:/home/alex/.m2/repository/com/github/jponge/lzma-java/1.3/lzma-java-1.3.jar:/home/alex/.m2/repository/org/tukaani/xz/1.8/xz-1.8.jar:/home/alex/.m2/repository/net/sf/saxon/Saxon-HE/10.6/Saxon-HE-10.6.jar:/home/alex/Repositories/nifi/nifi-commons/nifi-socket-utils/target/classes:/home/alex/Repositories/nifi/nifi-commons/nifi-logging-utils/target/classes:/home/alex/Repositories/nifi/nifi-nar-bundles/nifi-standard-services/nifi-load-distribution-service-api/target/classes:/home/alex/.m2/repository/javax/jms/javax.jms-api/2.0.1/javax.jms-api-2.0.1.jar:/home/alex/.m2/repository/org/apache/activemq/activemq-client/5.15.15/activemq-client-5.15.15.jar:/home/alex/.m2/repository/org/apache/geronimo/specs/geronimo-jms_1.1_spec/1.1.1/geronimo-jms_1.1_spec-1.1.1.jar:/home/alex/.m2/repository/org/fusesource/hawtbuf/hawtbuf/1.11/hawtbuf-1.11.jar:/home/alex/.m2/repository/org/apache/geronimo/specs/geronimo-j2ee-management_1.1_spec/1.0.1/geronimo-j2ee-management_1.1_spec-1.0.1.jar:/home/alex/.m2/repository/com/jayway/jsonpath/json-path/2.6.0/json-path-2.6.0.jar:/home/alex/.m2/repository/net/minidev/json-smart/2.4.7/json-smart-2.4.7.jar:/home/alex/.m2/repository/net/minidev/accessors-smart/2.4.7/accessors-smart-2.4.7.jar:/home/alex/.m2/repository/org/ow2/asm/asm/9.1/asm-9.1.jar:/home/alex/.m2/repository/org/apache/tika/tika-core/1.26/tika-core-1.26.jar:/home/alex/.m2/repository/com/fasterxml/jackson/core/jackson-databind/2.12.3/jackson-databind-2.12.3.jar:/home/alex/.m2/repository/com/fasterxml/jackson/core/jackson-annotations/2.12.3/jackson-annotations-2.12.3.jar:/home/alex/.m2/repository/com/fasterxml/jackson/core/jackson-core/2.12.3/jackson-core-2.12.3.jar:/home/alex/Repositories/nifi/nifi-nar-bundles/nifi-extension-utils/nifi-record-utils/nifi-avro-record-utils/target/classes:/home/alex/Repositories/nifi/nifi-nar-bundles/nifi-extension-utils/nifi-record-utils/nifi-standard-record-utils/target/classes:/home/alex/.m2/repository/org/apache/avro/avro/1.8.1/avro-1.8.1.jar:/home/alex/.m2/repository/org/codehaus/jackson/jackson-core-asl/1.9.13/jackson-core-asl-1.9.13.jar:/home/alex/.m2/repository/org/codehaus/jackson/jackson-mapper-asl/1.9.13/jackson-mapper-asl-1.9.13.jar:/home/alex/.m2/repository/com/thoughtworks/paranamer/paranamer/2.7/paranamer-2.7.jar:/home/alex/Repositories/nifi/nifi-nar-bundles/nifi-standard-services/nifi-dbcp-service-api/target/classes:/home/alex/.m2/repository/com/squareup/okhttp3/okhttp/4.9.2/okhttp-4.9.2.jar:/home/alex/.m2/repository/com/squareup/okio/okio/2.8.0/okio-2.8.0.jar:/home/alex/.m2/repository/org/jetbrains/kotlin/kotlin-stdlib-common/1.4.0/kotlin-stdlib-common-1.4.0.jar:/home/alex/.m2/repository/org/jetbrains/kotlin/kotlin-stdlib/1.4.10/kotlin-stdlib-1.4.10.jar:/home/alex/.m2/repository/org/jetbrains/annotations/13.0/annotations-13.0.jar:/home/alex/.m2/repository/io/github/rburgst/okhttp-digest/2.5/okhttp-digest-2.5.jar:/home/alex/.m2/repository/at/favre/lib/bcrypt/0.9.0/bcrypt-0.9.0.jar:/home/alex/.m2/repository/at/favre/lib/bytes/1.3.0/bytes-1.3.0.jar:/home/alex/.m2/repository/com/google/guava/guava/28.0-jre/guava-28.0-jre.jar:/home/alex/.m2/repository/com/google/guava/failureaccess/1.0.1/failureaccess-1.0.1.jar:/home/alex/.m2/repository/com/google/guava/listenablefuture/9999.0-empty-to-avoid-conflict-with-guava/listenablefuture-9999.0-empty-to-avoid-conflict-with-guava.jar:/home/alex/.m2/repository/com/google/code/findbugs/jsr305/3.0.2/jsr305-3.0.2.jar:/home/alex/.m2/repository/org/checkerframework/checker-qual/2.8.1/checker-qual-2.8.1.jar:/home/alex/.m2/repository/com/google/errorprone/error_prone_annotations/2.3.2/error_prone_annotations-2.3.2.jar:/home/alex/.m2/repository/com/google/j2objc/j2objc-annotations/1.3/j2objc-annotations-1.3.jar:/home/alex/.m2/repository/org/codehaus/mojo/animal-sniffer-annotations/1.17/animal-sniffer-annotations-1.17.jar:/home/alex/Repositories/nifi/nifi-mock/target/classes:/home/alex/Repositories/nifi/nifi-framework-api/target/classes:/home/alex/Repositories/nifi/nifi-nar-bundles/nifi-framework-bundle/nifi-framework/nifi-framework-core-api/target/classes:/home/alex/Repositories/nifi/nifi-nar-bundles/nifi-framework-bundle/nifi-framework/nifi-framework-nar-utils/target/classes:/home/alex/Repositories/nifi/nifi-nar-bundles/nifi-framework-bundle/nifi-framework/nifi-client-dto/target/classes:/home/alex/.m2/repository/io/swagger/swagger-annotations/1.6.0/swagger-annotations-1.6.0.jar:/home/alex/Repositories/nifi/nifi-commons/nifi-site-to-site-client/target/classes:/home/alex/.m2/repository/org/apache/httpcomponents/httpasyncclient/4.1.4/httpasyncclient-4.1.4.jar:/home/alex/.m2/repository/org/apache/httpcomponents/httpcore-nio/4.4.10/httpcore-nio-4.4.10.jar:/home/alex/Repositories/nifi/nifi-nar-bundles/nifi-framework-bundle/nifi-framework/nifi-framework-authorization/target/classes:/home/alex/Repositories/nifi/nifi-registry/nifi-registry-core/nifi-registry-data-model/target/classes:/home/alex/Repositories/nifi/nifi-registry/nifi-registry-core/nifi-registry-revision/nifi-registry-revision-entity-model/target/classes:/home/alex/Repositories/nifi/nifi-registry/nifi-registry-core/nifi-registry-client/target/classes:/home/alex/Repositories/nifi/nifi-registry/nifi-registry-core/nifi-registry-security-utils/target/classes:/home/alex/.m2/repository/org/glassfish/jersey/core/jersey-client/2.33/jersey-client-2.33.jar:/home/alex/.m2/repository/jakarta/ws/rs/jakarta.ws.rs-api/2.1.6/jakarta.ws.rs-api-2.1.6.jar:/home/alex/.m2/repository/org/glassfish/hk2/external/jakarta.inject/2.6.1/jakarta.inject-2.6.1.jar:/home/alex/.m2/repository/org/glassfish/jersey/media/jersey-media-json-jackson/2.33/jersey-media-json-jackson-2.33.jar:/home/alex/.m2/repository/org/glassfish/jersey/ext/jersey-entity-filtering/2.33/jersey-entity-filtering-2.33.jar:/home/alex/.m2/repository/org/glassfish/jersey/inject/jersey-hk2/2.33/jersey-hk2-2.33.jar:/home/alex/.m2/repository/org/glassfish/hk2/hk2-locator/2.6.1/hk2-locator-2.6.1.jar:/home/alex/.m2/repository/org/glassfish/hk2/external/aopalliance-repackaged/2.6.1/aopalliance-repackaged-2.6.1.jar:/home/alex/.m2/repository/org/glassfish/hk2/hk2-api/2.6.1/hk2-api-2.6.1.jar:/home/alex/.m2/repository/org/glassfish/hk2/hk2-utils/2.6.1/hk2-utils-2.6.1.jar:/home/alex/.m2/repository/org/javassist/javassist/3.25.0-GA/javassist-3.25.0-GA.jar:/home/alex/.m2/repository/org/glassfish/jersey/core/jersey-common/2.33/jersey-common-2.33.jar:/home/alex/.m2/repository/jakarta/annotation/jakarta.annotation-api/1.3.5/jakarta.annotation-api-1.3.5.jar:/home/alex/.m2/repository/org/glassfish/hk2/osgi-resource-locator/1.0.3/osgi-resource-locator-1.0.3.jar:/home/alex/.m2/repository/org/glassfish/jersey/media/jersey-media-multipart/2.33/jersey-media-multipart-2.33.jar:/home/alex/.m2/repository/org/jvnet/mimepull/mimepull/1.9.13/mimepull-1.9.13.jar:/home/alex/Repositories/nifi/nifi-commons/nifi-data-provenance-utils/target/classes:/home/alex/Repositories/nifi/nifi-nar-bundles/nifi-standard-services/nifi-distributed-cache-services-bundle/nifi-distributed-cache-client-service/target/classes:/home/alex/Repositories/nifi/nifi-nar-bundles/nifi-standard-services/nifi-distributed-cache-services-bundle/nifi-distributed-cache-protocol/target/classes:/home/alex/.m2/repository/io/netty/netty-buffer/4.1.69.Final/netty-buffer-4.1.69.Final.jar:/home/alex/.m2/repository/com/google/http-client/google-http-client/1.28.0/google-http-client-1.28.0.jar:/home/alex/.m2/repository/io/opencensus/opencensus-api/0.18.0/opencensus-api-0.18.0.jar:/home/alex/.m2/repository/io/grpc/grpc-context/1.14.0/grpc-context-1.14.0.jar:/home/alex/.m2/repository/io/opencensus/opencensus-contrib-http-util/0.18.0/opencensus-contrib-http-util-0.18.0.jar:/home/alex/.m2/repository/org/apache/activemq/activemq-broker/5.15.14/activemq-broker-5.15.14.jar:/home/alex/.m2/repository/org/apache/activemq/activemq-openwire-legacy/5.15.14/activemq-openwire-legacy-5.15.14.jar:/home/alex/Repositories/nifi/nifi-nar-bundles/nifi-standard-services/nifi-ssl-context-bundle/nifi-ssl-context-service/target/classes:/home/alex/Repositories/nifi/nifi-nar-bundles/nifi-framework-bundle/nifi-framework/nifi-standard-prioritizers/target/classes:/home/alex/Repositories/nifi/nifi-nar-bundles/nifi-extension-utils/nifi-record-utils/nifi-mock-record-utils/target/classes:/home/alex/Repositories/nifi/nifi-nar-bundles/nifi-standard-services/nifi-record-serialization-services-bundle/nifi-record-serialization-services/target/classes:/home/alex/.m2/repository/org/apache/commons/commons-csv/1.8/commons-csv-1.8.jar:/home/alex/.m2/repository/com/fasterxml/jackson/dataformat/jackson-dataformat-csv/2.12.3/jackson-dataformat-csv-2.12.3.jar:/home/alex/.m2/repository/net/java/dev/stax-utils/stax-utils/20070216/stax-utils-20070216.jar:/home/alex/Repositories/nifi/nifi-nar-bundles/nifi-standard-services/nifi-lookup-services-bundle/nifi-lookup-services/target/classes:/home/alex/.m2/repository/commons-beanutils/commons-beanutils/1.9.4/commons-beanutils-1.9.4.jar:/home/alex/.m2/repository/commons-collections/commons-collections/3.2.2/commons-collections-3.2.2.jar:/home/alex/.m2/repository/com/maxmind/geoip2/geoip2/2.12.0/geoip2-2.12.0.jar:/home/alex/.m2/repository/com/maxmind/db/maxmind-db/1.2.2/maxmind-db-1.2.2.jar:/home/alex/.m2/repository/org/apache/derby/derby/10.14.2.0/derby-10.14.2.0.jar:/home/alex/.m2/repository/org/xerial/snappy/snappy-java/1.1.7.3/snappy-java-1.1.7.3.jar:/home/alex/.m2/repository/net/lingala/zip4j/zip4j/2.8.0/zip4j-2.8.0.jar:/home/alex/.m2/repository/com/h2database/h2/1.4.187/h2-1.4.187.jar:/home/alex/.m2/repository/org/mockftpserver/MockFtpServer/2.7.1/MockFtpServer-2.7.1.jar:/home/alex/.m2/repository/org/apache/sshd/sshd-core/1.7.0/sshd-core-1.7.0.jar:/home/alex/.m2/repository/com/bazaarvoice/jolt/jolt-core/0.1.1/jolt-core-0.1.1.jar:/home/alex/.m2/repository/javax/inject/javax.inject/1/javax.inject-1.jar:/home/alex/.m2/repository/com/bazaarvoice/jolt/json-utils/0.1.1/json-utils-0.1.1.jar:/home/alex/Repositories/nifi/nifi-nar-bundles/nifi-standard-bundle/nifi-standard-utils/target/classes:/home/alex/.m2/repository/net/sf/supercsv/super-csv/2.4.0/super-csv-2.4.0.jar:/home/alex/.m2/repository/com/fluenda/parcefone/2.1.0/parcefone-2.1.0.jar:/home/alex/.m2/repository/javax/validation/validation-api/1.1.0.Final/validation-api-1.1.0.Final.jar:/home/alex/.m2/repository/javax/el/javax.el-api/3.0.0/javax.el-api-3.0.0.jar:/home/alex/.m2/repository/com/github/wnameless/json/json-flattener/0.12.0/json-flattener-0.12.0.jar:/home/alex/.m2/repository/com/github/wnameless/json/json-base/2.0.0/json-base-2.0.0.jar:/home/alex/.m2/repository/org/apache/bval/bval-jsr/1.1.2/bval-jsr-1.1.2.jar:/home/alex/.m2/repository/org/apache/bval/bval-core/1.1.2/bval-core-1.1.2.jar:/home/alex/.m2/repository/io/krakens/java-grok/0.1.9/java-grok-0.1.9.jar:/home/alex/.m2/repository/org/apache/calcite/calcite-core/1.27.0/calcite-core-1.27.0.jar:/home/alex/.m2/repository/org/apache/calcite/calcite-linq4j/1.27.0/calcite-linq4j-1.27.0.jar:/home/alex/.m2/repository/com/esri/geometry/esri-geometry-api/2.2.0/esri-geometry-api-2.2.0.jar:/home/alex/.m2/repository/org/apache/calcite/avatica/avatica-core/1.18.0/avatica-core-1.18.0.jar:/home/alex/.m2/repository/org/apache/calcite/avatica/avatica-metrics/1.18.0/avatica-metrics-1.18.0.jar:/home/alex/.m2/repository/com/google/protobuf/protobuf-java/3.6.1/protobuf-java-3.6.1.jar:/home/alex/.m2/repository/org/apiguardian/apiguardian-api/1.1.0/apiguardian-api-1.1.0.jar:/home/alex/.m2/repository/com/fasterxml/jackson/dataformat/jackson-dataformat-yaml/2.10.0/jackson-dataformat-yaml-2.10.0.jar:/home/alex/.m2/repository/org/yaml/snakeyaml/1.29/snakeyaml-1.29.jar:/home/alex/.m2/repository/com/google/uzaygezen/uzaygezen-core/0.2/uzaygezen-core-0.2.jar:/home/alex/.m2/repository/com/yahoo/datasketches/sketches-core/0.9.0/sketches-core-0.9.0.jar:/home/alex/.m2/repository/com/yahoo/datasketches/memory/0.9.0/memory-0.9.0.jar:/home/alex/.m2/repository/net/hydromatic/aggdesigner-algorithm/6.0/aggdesigner-algorithm-6.0.jar:/home/alex/.m2/repository/commons-lang/commons-lang/2.4/commons-lang-2.4.jar:/home/alex/.m2/repository/org/apache/commons/commons-dbcp2/2.6.0/commons-dbcp2-2.6.0.jar:/home/alex/.m2/repository/org/apache/commons/commons-pool2/2.6.1/commons-pool2-2.6.1.jar:/home/alex/.m2/repository/org/codehaus/janino/commons-compiler/3.0.11/commons-compiler-3.0.11.jar:/home/alex/.m2/repository/org/codehaus/janino/janino/3.0.11/janino-3.0.11.jar:/home/alex/Repositories/nifi/nifi-nar-bundles/nifi-standard-services/nifi-schema-registry-service-api/target/classes:/home/alex/Repositories/nifi/nifi-nar-bundles/nifi-extension-utils/nifi-database-utils/target/classes:/home/alex/Repositories/nifi/nifi-nar-bundles/nifi-standard-bundle/nifi-standard-web-test-utils/target/classes:/home/alex/.m2/repository/com/github/stefanbirkner/fake-sftp-server-rule/2.0.1/fake-sftp-server-rule-2.0.1.jar:/home/alex/.m2/repository/com/github/marschall/memoryfilesystem/2.8.0/memoryfilesystem-2.8.0.jar:/home/alex/.m2/repository/junit/junit/4.13.2/junit-4.13.2.jar:/home/alex/.m2/repository/org/hamcrest/hamcrest-core/1.3/hamcrest-core-1.3.jar:/home/alex/Repositories/nifi/nifi-nar-bundles/nifi-extension-utils/nifi-database-test-utils/target/classes:/home/alex/.m2/repository/org/codehaus/groovy/groovy-json/2.5.14/groovy-json-2.5.14.jar:/home/alex/.m2/repository/org/codehaus/groovy/groovy/2.5.14/groovy-2.5.14.jar:/home/alex/.m2/repository/org/codehaus/groovy/groovy-servlet/2.5.14/groovy-servlet-2.5.14.jar:/home/alex/.m2/repository/org/codehaus/groovy/groovy-templates/2.5.14/groovy-templates-2.5.14.jar:/home/alex/.m2/repository/org/codehaus/groovy/groovy-xml/2.5.14/groovy-xml-2.5.14.jar:/home/alex/.m2/repository/org/hamcrest/hamcrest-all/1.3/hamcrest-all-1.3.jar:/home/alex/.m2/repository/com/squareup/okhttp3/mockwebserver/4.9.2/mockwebserver-4.9.2.jar:/home/alex/.m2/repository/org/jetbrains/kotlin/kotlin-stdlib-jdk8/1.4.10/kotlin-stdlib-jdk8-1.4.10.jar:/home/alex/.m2/repository/org/jetbrains/kotlin/kotlin-stdlib-jdk7/1.4.10/kotlin-stdlib-jdk7-1.4.10.jar:/home/alex/.m2/repository/org/mockito/mockito-inline/3.12.4/mockito-inline-3.12.4.jar:/home/alex/.m2/repository/org/junit/jupiter/junit-jupiter-api/5.7.2/junit-jupiter-api-5.7.2.jar:/home/alex/.m2/repository/org/opentest4j/opentest4j/1.2.0/opentest4j-1.2.0.jar:/home/alex/.m2/repository/org/junit/platform/junit-platform-commons/1.7.2/junit-platform-commons-1.7.2.jar:/home/alex/.m2/repository/org/junit/jupiter/junit-jupiter-engine/5.7.2/junit-jupiter-engine-5.7.2.jar:/home/alex/.m2/repository/org/junit/platform/junit-platform-engine/1.7.2/junit-platform-engine-1.7.2.jar:/home/alex/.m2/repository/org/junit/vintage/junit-vintage-engine/5.7.2/junit-vintage-engine-5.7.2.jar:/home/alex/.m2/repository/org/junit/jupiter/junit-jupiter-params/5.7.2/junit-jupiter-params-5.7.2.jar:/home/alex/.m2/repository/org/mockito/mockito-core/3.11.2/mockito-core-3.11.2.jar:/home/alex/.m2/repository/net/bytebuddy/byte-buddy/1.11.3/byte-buddy-1.11.3.jar:/home/alex/.m2/repository/net/bytebuddy/byte-buddy-agent/1.11.3/byte-buddy-agent-1.11.3.jar:/home/alex/.m2/repository/org/objenesis/objenesis/3.2/objenesis-3.2.jar:/home/alex/.m2/repository/org/mockito/mockito-junit-jupiter/3.11.2/mockito-junit-jupiter-3.11.2.jar:/home/alex/.m2/repository/org/slf4j/slf4j-simple/1.7.32/slf4j-simple-1.7.32.jar:/home/alex/.m2/repository/org/codehaus/groovy/groovy-test/2.5.14/groovy-test-2.5.14.jar:"/>
    <property name="sun.cpu.endian" value="little"/>
    <property name="user.home" value="/home/alex"/>
    <property name="user.language" value="en"/>
    <property name="java.specification.vendor" value="Oracle Corporation"/>
    <property name="java.home" value="/usr/lib/jvm/java-8-openjdk-amd64/jre"/>
    <property name="basedir" value="/home/alex/Repositories/nifi/nifi-nar-bundles/nifi-standard-bundle/nifi-standard-processors"/>
    <property name="file.separator" value="/"/>
    <property name="line.separator" value="&#10;"/>
    <property name="java.vm.specification.vendor" value="Oracle Corporation"/>
    <property name="java.specification.name" value="Java Platform API Specification"/>
    <property name="derby.stream.error.file" value="target/derby.log"/>
    <property name="java.awt.graphicsenv" value="sun.awt.X11GraphicsEnvironment"/>
    <property name="org.slf4j.simpleLogger.log.org.apache.nifi.processors.standard.SQLTransform" value="debug"/>
    <property name="java.awt.headless" value="true"/>
    <property name="org.slf4j.simpleLogger.log.nifi.processors.standard.ExecuteSQLRecord" value="debug"/>
    <property name="org.slf4j.simpleLogger.showDateTime" value="true"/>
    <property name="surefire.real.class.path" value="/home/alex/Repositories/nifi/nifi-nar-bundles/nifi-standard-bundle/nifi-standard-processors/target/surefire/surefirebooter7473415933682638322.jar"/>
    <property name="sun.boot.class.path" value="/usr/lib/jvm/java-8-openjdk-amd64/jre/lib/resources.jar:/usr/lib/jvm/java-8-openjdk-amd64/jre/lib/rt.jar:/usr/lib/jvm/java-8-openjdk-amd64/jre/lib/sunrsasign.jar:/usr/lib/jvm/java-8-openjdk-amd64/jre/lib/jsse.jar:/usr/lib/jvm/java-8-openjdk-amd64/jre/lib/jce.jar:/usr/lib/jvm/java-8-openjdk-amd64/jre/lib/charsets.jar:/usr/lib/jvm/java-8-openjdk-amd64/jre/lib/jfr.jar:/usr/lib/jvm/java-8-openjdk-amd64/jre/classes"/>
    <property name="sun.management.compiler" value="HotSpot 64-Bit Tiered Compilers"/>
    <property name="java.runtime.version" value="1.8.0_402-8u402-ga-2ubuntu1~22.04-b06"/>
    <property name="java.net.preferIPv4Stack" value="true"/>
    <property name="user.name" value="alex"/>
    <property name="path.separator" value=":"/>
    <property name="os.version" value="6.5.0-28-generic"/>
    <property name="java.endorsed.dirs" value="/usr/lib/jvm/java-8-openjdk-amd64/jre/lib/endorsed"/>
    <property name="java.runtime.name" value="OpenJDK Runtime Environment"/>
    <property name="file.encoding" value="UTF-8"/>
    <property name="sun.nio.ch.bugLevel" value=""/>
    <property name="java.vm.name" value="OpenJDK 64-Bit Server VM"/>
    <property name="localRepository" value="/home/alex/.m2/repository"/>
    <property name="java.vendor.url.bug" value="http://bugreport.sun.com/bugreport/"/>
    <property name="java.io.tmpdir" value="/tmp"/>
    <property name="java.version" value="1.8.0_402"/>
    <property name="user.dir" value="/home/alex/Repositories/nifi/nifi-nar-bundles/nifi-standard-bundle/nifi-standard-processors"/>
    <property name="os.arch" value="amd64"/>
    <property name="java.vm.specification.name" value="Java Virtual Machine Specification"/>
    <property name="java.awt.printerjob" value="sun.print.PSPrinterJob"/>
    <property name="sun.os.patch.level" value="unknown"/>
    <property name="org.slf4j.simpleLogger.defaultLogLevel" value="info"/>
    <property name="java.library.path" value="/usr/java/packages/lib/amd64:/usr/lib/x86_64-linux-gnu/jni:/lib/x86_64-linux-gnu:/usr/lib/x86_64-linux-gnu:/usr/lib/jni:/lib:/usr/lib"/>
    <property name="java.vm.info" value="mixed mode"/>
    <property name="java.vendor" value="Private Build"/>
    <property name="java.vm.version" value="25.402-b06"/>
    <property name="java.specification.maintenance.version" value="5"/>
    <property name="java.ext.dirs" value="/usr/lib/jvm/java-8-openjdk-amd64/jre/lib/ext:/usr/java/packages/lib/ext"/>
    <property name="sun.io.unicode.encoding" value="UnicodeLittle"/>
    <property name="java.class.version" value="52.0"/>
  </properties>
  <testcase name="testWithOutputBatching" classname="org.apache.nifi.processors.standard.TestExecuteSQLRecord" time="3.086">
    <system-err><![CDATA[[pool-1541-thread-1] INFO org.apache.nifi.processors.standard.ExecuteSQLRecord - ExecuteSQLRecord[id=d5d1efc4-0656-4ca3-aaa7-ee408a4008c0] FlowFile[0,94757640896582.mockFlowFile,60B] contains 5 records; transferring to 'success'
[pool-1541-thread-1] INFO org.apache.nifi.processors.standard.ExecuteSQLRecord - ExecuteSQLRecord[id=d5d1efc4-0656-4ca3-aaa7-ee408a4008c0] FlowFile[1,94757642675395.mockFlowFile,60B] contains 5 records; transferring to 'success'
[pool-1541-thread-1] INFO org.apache.nifi.processors.standard.ExecuteSQLRecord - ExecuteSQLRecord[id=d5d1efc4-0656-4ca3-aaa7-ee408a4008c0] FlowFile[2,94757642818185.mockFlowFile,65B] contains 5 records; transferring to 'success'
[pool-1541-thread-1] INFO org.apache.nifi.processors.standard.ExecuteSQLRecord - ExecuteSQLRecord[id=d5d1efc4-0656-4ca3-aaa7-ee408a4008c0] FlowFile[3,94757642905773.mockFlowFile,65B] contains 5 records; transferring to 'success'
[pool-1541-thread-1] INFO org.apache.nifi.processors.standard.ExecuteSQLRecord - ExecuteSQLRecord[id=d5d1efc4-0656-4ca3-aaa7-ee408a4008c0] FlowFile[4,94757643015467.mockFlowFile,65B] contains 5 records; transferring to 'success'
[pool-1541-thread-1] INFO org.apache.nifi.processors.standard.ExecuteSQLRecord - ExecuteSQLRecord[id=d5d1efc4-0656-4ca3-aaa7-ee408a4008c0] FlowFile[5,94757643214113.mockFlowFile,65B] contains 5 records; transferring to 'success'
[pool-1541-thread-1] INFO org.apache.nifi.processors.standard.ExecuteSQLRecord - ExecuteSQLRecord[id=d5d1efc4-0656-4ca3-aaa7-ee408a4008c0] FlowFile[6,94757643314322.mockFlowFile,65B] contains 5 records; transferring to 'success'
[pool-1541-thread-1] INFO org.apache.nifi.processors.standard.ExecuteSQLRecord - ExecuteSQLRecord[id=d5d1efc4-0656-4ca3-aaa7-ee408a4008c0] FlowFile[7,94757643416725.mockFlowFile,65B] contains 5 records; transferring to 'success'
[pool-1541-thread-1] INFO org.apache.nifi.processors.standard.ExecuteSQLRecord - ExecuteSQLRecord[id=d5d1efc4-0656-4ca3-aaa7-ee408a4008c0] FlowFile[8,94757643502644.mockFlowFile,65B] contains 5 records; transferring to 'success'
[pool-1541-thread-1] INFO org.apache.nifi.processors.standard.ExecuteSQLRecord - ExecuteSQLRecord[id=d5d1efc4-0656-4ca3-aaa7-ee408a4008c0] FlowFile[9,94757643586369.mockFlowFile,65B] contains 5 records; transferring to 'success'
[pool-1541-thread-1] INFO org.apache.nifi.processors.standard.ExecuteSQLRecord - ExecuteSQLRecord[id=d5d1efc4-0656-4ca3-aaa7-ee408a4008c0] FlowFile[10,94757643688759.mockFlowFile,65B] contains 5 records; transferring to 'success'
[pool-1541-thread-1] INFO org.apache.nifi.processors.standard.ExecuteSQLRecord - ExecuteSQLRecord[id=d5d1efc4-0656-4ca3-aaa7-ee408a4008c0] FlowFile[11,94757643776159.mockFlowFile,65B] contains 5 records; transferring to 'success'
[pool-1541-thread-1] INFO org.apache.nifi.processors.standard.ExecuteSQLRecord - ExecuteSQLRecord[id=d5d1efc4-0656-4ca3-aaa7-ee408a4008c0] FlowFile[12,94757643857332.mockFlowFile,65B] contains 5 records; transferring to 'success'
[pool-1541-thread-1] INFO org.apache.nifi.processors.standard.ExecuteSQLRecord - ExecuteSQLRecord[id=d5d1efc4-0656-4ca3-aaa7-ee408a4008c0] FlowFile[13,94757643945172.mockFlowFile,65B] contains 5 records; transferring to 'success'
[pool-1541-thread-1] INFO org.apache.nifi.processors.standard.ExecuteSQLRecord - ExecuteSQLRecord[id=d5d1efc4-0656-4ca3-aaa7-ee408a4008c0] FlowFile[14,94757644061291.mockFlowFile,65B] contains 5 records; transferring to 'success'
[pool-1541-thread-1] INFO org.apache.nifi.processors.standard.ExecuteSQLRecord - ExecuteSQLRecord[id=d5d1efc4-0656-4ca3-aaa7-ee408a4008c0] FlowFile[15,94757644152700.mockFlowFile,65B] contains 5 records; transferring to 'success'
[pool-1541-thread-1] INFO org.apache.nifi.processors.standard.ExecuteSQLRecord - ExecuteSQLRecord[id=d5d1efc4-0656-4ca3-aaa7-ee408a4008c0] FlowFile[16,94757644256682.mockFlowFile,65B] contains 5 records; transferring to 'success'
[pool-1541-thread-1] INFO org.apache.nifi.processors.standard.ExecuteSQLRecord - ExecuteSQLRecord[id=d5d1efc4-0656-4ca3-aaa7-ee408a4008c0] FlowFile[17,94757644338847.mockFlowFile,65B] contains 5 records; transferring to 'success'
[pool-1541-thread-1] INFO org.apache.nifi.processors.standard.ExecuteSQLRecord - ExecuteSQLRecord[id=d5d1efc4-0656-4ca3-aaa7-ee408a4008c0] FlowFile[18,94757644424341.mockFlowFile,65B] contains 5 records; transferring to 'success'
[pool-1541-thread-1] INFO org.apache.nifi.processors.standard.ExecuteSQLRecord - ExecuteSQLRecord[id=d5d1efc4-0656-4ca3-aaa7-ee408a4008c0] FlowFile[19,94757644507464.mockFlowFile,65B] contains 5 records; transferring to 'success'
[pool-1541-thread-1] INFO org.apache.nifi.processors.standard.ExecuteSQLRecord - ExecuteSQLRecord[id=d5d1efc4-0656-4ca3-aaa7-ee408a4008c0] FlowFile[20,94757644602869.mockFlowFile,70B] contains 5 records; transferring to 'success'
[pool-1541-thread-1] INFO org.apache.nifi.processors.standard.ExecuteSQLRecord - ExecuteSQLRecord[id=d5d1efc4-0656-4ca3-aaa7-ee408a4008c0] FlowFile[21,94757644684984.mockFlowFile,70B] contains 5 records; transferring to 'success'
[pool-1541-thread-1] INFO org.apache.nifi.processors.standard.ExecuteSQLRecord - ExecuteSQLRecord[id=d5d1efc4-0656-4ca3-aaa7-ee408a4008c0] FlowFile[22,94757644766061.mockFlowFile,70B] contains 5 records; transferring to 'success'
[pool-1541-thread-1] INFO org.apache.nifi.processors.standard.ExecuteSQLRecord - ExecuteSQLRecord[id=d5d1efc4-0656-4ca3-aaa7-ee408a4008c0] FlowFile[23,94757644855855.mockFlowFile,70B] contains 5 records; transferring to 'success'
[pool-1541-thread-1] INFO org.apache.nifi.processors.standard.ExecuteSQLRecord - ExecuteSQLRecord[id=d5d1efc4-0656-4ca3-aaa7-ee408a4008c0] FlowFile[24,94757644936385.mockFlowFile,70B] contains 5 records; transferring to 'success'
[pool-1541-thread-1] INFO org.apache.nifi.processors.standard.ExecuteSQLRecord - ExecuteSQLRecord[id=d5d1efc4-0656-4ca3-aaa7-ee408a4008c0] FlowFile[25,94757645026702.mockFlowFile,70B] contains 5 records; transferring to 'success'
[pool-1541-thread-1] INFO org.apache.nifi.processors.standard.ExecuteSQLRecord - ExecuteSQLRecord[id=d5d1efc4-0656-4ca3-aaa7-ee408a4008c0] FlowFile[26,94757645143091.mockFlowFile,70B] contains 5 records; transferring to 'success'
[pool-1541-thread-1] INFO org.apache.nifi.processors.standard.ExecuteSQLRecord - ExecuteSQLRecord[id=d5d1efc4-0656-4ca3-aaa7-ee408a4008c0] FlowFile[27,94757645222778.mockFlowFile,70B] contains 5 records; transferring to 'success'
[pool-1541-thread-1] INFO org.apache.nifi.processors.standard.ExecuteSQLRecord - ExecuteSQLRecord[id=d5d1efc4-0656-4ca3-aaa7-ee408a4008c0] FlowFile[28,94757645298919.mockFlowFile,70B] contains 5 records; transferring to 'success'
[pool-1541-thread-1] INFO org.apache.nifi.processors.standard.ExecuteSQLRecord - ExecuteSQLRecord[id=d5d1efc4-0656-4ca3-aaa7-ee408a4008c0] FlowFile[29,94757645380707.mockFlowFile,70B] contains 5 records; transferring to 'success'
[pool-1541-thread-1] INFO org.apache.nifi.processors.standard.ExecuteSQLRecord - ExecuteSQLRecord[id=d5d1efc4-0656-4ca3-aaa7-ee408a4008c0] FlowFile[30,94757645477913.mockFlowFile,70B] contains 5 records; transferring to 'success'
[pool-1541-thread-1] INFO org.apache.nifi.processors.standard.ExecuteSQLRecord - ExecuteSQLRecord[id=d5d1efc4-0656-4ca3-aaa7-ee408a4008c0] FlowFile[31,94757645596175.mockFlowFile,70B] contains 5 records; transferring to 'success'
[pool-1541-thread-1] INFO org.apache.nifi.processors.standard.ExecuteSQLRecord - ExecuteSQLRecord[id=d5d1efc4-0656-4ca3-aaa7-ee408a4008c0] FlowFile[32,94757645694487.mockFlowFile,70B] contains 5 records; transferring to 'success'
[pool-1541-thread-1] INFO org.apache.nifi.processors.standard.ExecuteSQLRecord - ExecuteSQLRecord[id=d5d1efc4-0656-4ca3-aaa7-ee408a4008c0] FlowFile[33,94757645771191.mockFlowFile,70B] contains 5 records; transferring to 'success'
[pool-1541-thread-1] INFO org.apache.nifi.processors.standard.ExecuteSQLRecord - ExecuteSQLRecord[id=d5d1efc4-0656-4ca3-aaa7-ee408a4008c0] FlowFile[34,94757645847898.mockFlowFile,70B] contains 5 records; transferring to 'success'
[pool-1541-thread-1] INFO org.apache.nifi.processors.standard.ExecuteSQLRecord - ExecuteSQLRecord[id=d5d1efc4-0656-4ca3-aaa7-ee408a4008c0] FlowFile[35,94757645932545.mockFlowFile,70B] contains 5 records; transferring to 'success'
[pool-1541-thread-1] INFO org.apache.nifi.processors.standard.ExecuteSQLRecord - ExecuteSQLRecord[id=d5d1efc4-0656-4ca3-aaa7-ee408a4008c0] FlowFile[36,94757646021622.mockFlowFile,70B] contains 5 records; transferring to 'success'
[pool-1541-thread-1] INFO org.apache.nifi.processors.standard.ExecuteSQLRecord - ExecuteSQLRecord[id=d5d1efc4-0656-4ca3-aaa7-ee408a4008c0] FlowFile[37,94757646099347.mockFlowFile,70B] contains 5 records; transferring to 'success'
[pool-1541-thread-1] INFO org.apache.nifi.processors.standard.ExecuteSQLRecord - ExecuteSQLRecord[id=d5d1efc4-0656-4ca3-aaa7-ee408a4008c0] FlowFile[38,94757646173851.mockFlowFile,70B] contains 5 records; transferring to 'success'
[pool-1541-thread-1] INFO org.apache.nifi.processors.standard.ExecuteSQLRecord - ExecuteSQLRecord[id=d5d1efc4-0656-4ca3-aaa7-ee408a4008c0] FlowFile[39,94757646263784.mockFlowFile,70B] contains 5 records; transferring to 'success'
[pool-1541-thread-1] INFO org.apache.nifi.processors.standard.ExecuteSQLRecord - ExecuteSQLRecord[id=d5d1efc4-0656-4ca3-aaa7-ee408a4008c0] FlowFile[40,94757646347908.mockFlowFile,70B] contains 5 records; transferring to 'success'
[pool-1541-thread-1] INFO org.apache.nifi.processors.standard.ExecuteSQLRecord - ExecuteSQLRecord[id=d5d1efc4-0656-4ca3-aaa7-ee408a4008c0] FlowFile[41,94757646427355.mockFlowFile,70B] contains 5 records; transferring to 'success'
[pool-1541-thread-1] INFO org.apache.nifi.processors.standard.ExecuteSQLRecord - ExecuteSQLRecord[id=d5d1efc4-0656-4ca3-aaa7-ee408a4008c0] FlowFile[42,94757646513400.mockFlowFile,70B] contains 5 records; transferring to 'success'
[pool-1541-thread-1] INFO org.apache.nifi.processors.standard.ExecuteSQLRecord - ExecuteSQLRecord[id=d5d1efc4-0656-4ca3-aaa7-ee408a4008c0] FlowFile[43,94757646831604.mockFlowFile,70B] contains 5 records; transferring to 'success'
[pool-1541-thread-1] INFO org.apache.nifi.processors.standard.ExecuteSQLRecord - ExecuteSQLRecord[id=d5d1efc4-0656-4ca3-aaa7-ee408a4008c0] FlowFile[44,94757646921501.mockFlowFile,70B] contains 5 records; transferring to 'success'
[pool-1541-thread-1] INFO org.apache.nifi.processors.standard.ExecuteSQLRecord - ExecuteSQLRecord[id=d5d1efc4-0656-4ca3-aaa7-ee408a4008c0] FlowFile[45,94757647028015.mockFlowFile,70B] contains 5 records; transferring to 'success'
[pool-1541-thread-1] INFO org.apache.nifi.processors.standard.ExecuteSQLRecord - ExecuteSQLRecord[id=d5d1efc4-0656-4ca3-aaa7-ee408a4008c0] FlowFile[46,94757647107912.mockFlowFile,70B] contains 5 records; transferring to 'success'
[pool-1541-thread-1] INFO org.apache.nifi.processors.standard.ExecuteSQLRecord - ExecuteSQLRecord[id=d5d1efc4-0656-4ca3-aaa7-ee408a4008c0] FlowFile[47,94757647186899.mockFlowFile,70B] contains 5 records; transferring to 'success'
[pool-1541-thread-1] INFO org.apache.nifi.processors.standard.ExecuteSQLRecord - ExecuteSQLRecord[id=d5d1efc4-0656-4ca3-aaa7-ee408a4008c0] FlowFile[48,94757647280861.mockFlowFile,70B] contains 5 records; transferring to 'success'
[pool-1541-thread-1] INFO org.apache.nifi.processors.standard.ExecuteSQLRecord - ExecuteSQLRecord[id=d5d1efc4-0656-4ca3-aaa7-ee408a4008c0] FlowFile[49,94757647357110.mockFlowFile,70B] contains 5 records; transferring to 'success'
[pool-1541-thread-1] INFO org.apache.nifi.processors.standard.ExecuteSQLRecord - ExecuteSQLRecord[id=d5d1efc4-0656-4ca3-aaa7-ee408a4008c0] FlowFile[50,94757647441416.mockFlowFile,70B] contains 5 records; transferring to 'success'
[pool-1541-thread-1] INFO org.apache.nifi.processors.standard.ExecuteSQLRecord - ExecuteSQLRecord[id=d5d1efc4-0656-4ca3-aaa7-ee408a4008c0] FlowFile[51,94757647517341.mockFlowFile,70B] contains 5 records; transferring to 'success'
[pool-1541-thread-1] INFO org.apache.nifi.processors.standard.ExecuteSQLRecord - ExecuteSQLRecord[id=d5d1efc4-0656-4ca3-aaa7-ee408a4008c0] FlowFile[52,94757647601286.mockFlowFile,70B] contains 5 records; transferring to 'success'
[pool-1541-thread-1] INFO org.apache.nifi.processors.standard.ExecuteSQLRecord - ExecuteSQLRecord[id=d5d1efc4-0656-4ca3-aaa7-ee408a4008c0] FlowFile[53,94757647676902.mockFlowFile,70B] contains 5 records; transferring to 'success'
[pool-1541-thread-1] INFO org.apache.nifi.processors.standard.ExecuteSQLRecord - ExecuteSQLRecord[id=d5d1efc4-0656-4ca3-aaa7-ee408a4008c0] FlowFile[54,94757647764514.mockFlowFile,70B] contains 5 records; transferring to 'success'
[pool-1541-thread-1] INFO org.apache.nifi.processors.standard.ExecuteSQLRecord - ExecuteSQLRecord[id=d5d1efc4-0656-4ca3-aaa7-ee408a4008c0] FlowFile[55,94757647858277.mockFlowFile,70B] contains 5 records; transferring to 'success'
[pool-1541-thread-1] INFO org.apache.nifi.processors.standard.ExecuteSQLRecord - ExecuteSQLRecord[id=d5d1efc4-0656-4ca3-aaa7-ee408a4008c0] FlowFile[56,94757647933574.mockFlowFile,70B] contains 5 records; transferring to 'success'
[pool-1541-thread-1] INFO org.apache.nifi.processors.standard.ExecuteSQLRecord - ExecuteSQLRecord[id=d5d1efc4-0656-4ca3-aaa7-ee408a4008c0] FlowFile[57,94757648025446.mockFlowFile,70B] contains 5 records; transferring to 'success'
[pool-1541-thread-1] INFO org.apache.nifi.processors.standard.ExecuteSQLRecord - ExecuteSQLRecord[id=d5d1efc4-0656-4ca3-aaa7-ee408a4008c0] FlowFile[58,94757648111552.mockFlowFile,70B] contains 5 records; transferring to 'success'
[pool-1541-thread-1] INFO org.apache.nifi.processors.standard.ExecuteSQLRecord - ExecuteSQLRecord[id=d5d1efc4-0656-4ca3-aaa7-ee408a4008c0] FlowFile[59,94757648186273.mockFlowFile,70B] contains 5 records; transferring to 'success'
[pool-1541-thread-1] INFO org.apache.nifi.processors.standard.ExecuteSQLRecord - ExecuteSQLRecord[id=d5d1efc4-0656-4ca3-aaa7-ee408a4008c0] FlowFile[60,94757648279600.mockFlowFile,70B] contains 5 records; transferring to 'success'
[pool-1541-thread-1] INFO org.apache.nifi.processors.standard.ExecuteSQLRecord - ExecuteSQLRecord[id=d5d1efc4-0656-4ca3-aaa7-ee408a4008c0] FlowFile[61,94757648369966.mockFlowFile,70B] contains 5 records; transferring to 'success'
[pool-1541-thread-1] INFO org.apache.nifi.processors.standard.ExecuteSQLRecord - ExecuteSQLRecord[id=d5d1efc4-0656-4ca3-aaa7-ee408a4008c0] FlowFile[62,94757648449218.mockFlowFile,70B] contains 5 records; transferring to 'success'
[pool-1541-thread-1] INFO org.apache.nifi.processors.standard.ExecuteSQLRecord - ExecuteSQLRecord[id=d5d1efc4-0656-4ca3-aaa7-ee408a4008c0] FlowFile[63,94757648527377.mockFlowFile,70B] contains 5 records; transferring to 'success'
[pool-1541-thread-1] INFO org.apache.nifi.processors.standard.ExecuteSQLRecord - ExecuteSQLRecord[id=d5d1efc4-0656-4ca3-aaa7-ee408a4008c0] FlowFile[64,94757648623607.mockFlowFile,70B] contains 5 records; transferring to 'success'
[pool-1541-thread-1] INFO org.apache.nifi.processors.standard.ExecuteSQLRecord - ExecuteSQLRecord[id=d5d1efc4-0656-4ca3-aaa7-ee408a4008c0] FlowFile[65,94757648705966.mockFlowFile,70B] contains 5 records; transferring to 'success'
[pool-1541-thread-1] INFO org.apache.nifi.processors.standard.ExecuteSQLRecord - ExecuteSQLRecord[id=d5d1efc4-0656-4ca3-aaa7-ee408a4008c0] FlowFile[66,94757648782503.mockFlowFile,70B] contains 5 records; transferring to 'success'
[pool-1541-thread-1] INFO org.apache.nifi.processors.standard.ExecuteSQLRecord - ExecuteSQLRecord[id=d5d1efc4-0656-4ca3-aaa7-ee408a4008c0] FlowFile[67,94757648856327.mockFlowFile,70B] contains 5 records; transferring to 'success'
[pool-1541-thread-1] INFO org.apache.nifi.processors.standard.ExecuteSQLRecord - ExecuteSQLRecord[id=d5d1efc4-0656-4ca3-aaa7-ee408a4008c0] FlowFile[68,94757648940893.mockFlowFile,70B] contains 5 records; transferring to 'success'
[pool-1541-thread-1] INFO org.apache.nifi.processors.standard.ExecuteSQLRecord - ExecuteSQLRecord[id=d5d1efc4-0656-4ca3-aaa7-ee408a4008c0] FlowFile[69,94757649047963.mockFlowFile,70B] contains 5 records; transferring to 'success'
[pool-1541-thread-1] INFO org.apache.nifi.processors.standard.ExecuteSQLRecord - ExecuteSQLRecord[id=d5d1efc4-0656-4ca3-aaa7-ee408a4008c0] FlowFile[70,94757649155764.mockFlowFile,70B] contains 5 records; transferring to 'success'
[pool-1541-thread-1] INFO org.apache.nifi.processors.standard.ExecuteSQLRecord - ExecuteSQLRecord[id=d5d1efc4-0656-4ca3-aaa7-ee408a4008c0] FlowFile[71,94757649245345.mockFlowFile,70B] contains 5 records; transferring to 'success'
[pool-1541-thread-1] INFO org.apache.nifi.processors.standard.ExecuteSQLRecord - ExecuteSQLRecord[id=d5d1efc4-0656-4ca3-aaa7-ee408a4008c0] FlowFile[72,94757649320622.mockFlowFile,70B] contains 5 records; transferring to 'success'
[pool-1541-thread-1] INFO org.apache.nifi.processors.standard.ExecuteSQLRecord - ExecuteSQLRecord[id=d5d1efc4-0656-4ca3-aaa7-ee408a4008c0] FlowFile[73,94757649395946.mockFlowFile,70B] contains 5 records; transferring to 'success'
[pool-1541-thread-1] INFO org.apache.nifi.processors.standard.ExecuteSQLRecord - ExecuteSQLRecord[id=d5d1efc4-0656-4ca3-aaa7-ee408a4008c0] FlowFile[74,94757649478436.mockFlowFile,70B] contains 5 records; transferring to 'success'
[pool-1541-thread-1] INFO org.apache.nifi.processors.standard.ExecuteSQLRecord - ExecuteSQLRecord[id=d5d1efc4-0656-4ca3-aaa7-ee408a4008c0] FlowFile[75,94757649564081.mockFlowFile,70B] contains 5 records; transferring to 'success'
[pool-1541-thread-1] INFO org.apache.nifi.processors.standard.ExecuteSQLRecord - ExecuteSQLRecord[id=d5d1efc4-0656-4ca3-aaa7-ee408a4008c0] FlowFile[76,94757649640272.mockFlowFile,70B] contains 5 records; transferring to 'success'
[pool-1541-thread-1] INFO org.apache.nifi.processors.standard.ExecuteSQLRecord - ExecuteSQLRecord[id=d5d1efc4-0656-4ca3-aaa7-ee408a4008c0] FlowFile[77,94757649724980.mockFlowFile,70B] contains 5 records; transferring to 'success'
[pool-1541-thread-1] INFO org.apache.nifi.processors.standard.ExecuteSQLRecord - ExecuteSQLRecord[id=d5d1efc4-0656-4ca3-aaa7-ee408a4008c0] FlowFile[78,94757649806597.mockFlowFile,70B] contains 5 records; transferring to 'success'
[pool-1541-thread-1] INFO org.apache.nifi.processors.standard.ExecuteSQLRecord - ExecuteSQLRecord[id=d5d1efc4-0656-4ca3-aaa7-ee408a4008c0] FlowFile[79,94757649881187.mockFlowFile,70B] contains 5 records; transferring to 'success'
[pool-1541-thread-1] INFO org.apache.nifi.processors.standard.ExecuteSQLRecord - ExecuteSQLRecord[id=d5d1efc4-0656-4ca3-aaa7-ee408a4008c0] FlowFile[80,94757649978280.mockFlowFile,70B] contains 5 records; transferring to 'success'
[pool-1541-thread-1] INFO org.apache.nifi.processors.standard.ExecuteSQLRecord - ExecuteSQLRecord[id=d5d1efc4-0656-4ca3-aaa7-ee408a4008c0] FlowFile[81,94757650056570.mockFlowFile,70B] contains 5 records; transferring to 'success'
[pool-1541-thread-1] INFO org.apache.nifi.processors.standard.ExecuteSQLRecord - ExecuteSQLRecord[id=d5d1efc4-0656-4ca3-aaa7-ee408a4008c0] FlowFile[82,94757650132446.mockFlowFile,70B] contains 5 records; transferring to 'success'
[pool-1541-thread-1] INFO org.apache.nifi.processors.standard.ExecuteSQLRecord - ExecuteSQLRecord[id=d5d1efc4-0656-4ca3-aaa7-ee408a4008c0] FlowFile[83,94757650205531.mockFlowFile,70B] contains 5 records; transferring to 'success'
[pool-1541-thread-1] INFO org.apache.nifi.processors.standard.ExecuteSQLRecord - ExecuteSQLRecord[id=d5d1efc4-0656-4ca3-aaa7-ee408a4008c0] FlowFile[84,94757650290640.mockFlowFile,70B] contains 5 records; transferring to 'success'
[pool-1541-thread-1] INFO org.apache.nifi.processors.standard.ExecuteSQLRecord - ExecuteSQLRecord[id=d5d1efc4-0656-4ca3-aaa7-ee408a4008c0] FlowFile[85,94757650426742.mockFlowFile,70B] contains 5 records; transferring to 'success'
[pool-1541-thread-1] INFO org.apache.nifi.processors.standard.ExecuteSQLRecord - ExecuteSQLRecord[id=d5d1efc4-0656-4ca3-aaa7-ee408a4008c0] FlowFile[86,94757650502366.mockFlowFile,70B] contains 5 records; transferring to 'success'
[pool-1541-thread-1] INFO org.apache.nifi.processors.standard.ExecuteSQLRecord - ExecuteSQLRecord[id=d5d1efc4-0656-4ca3-aaa7-ee408a4008c0] FlowFile[87,94757650583641.mockFlowFile,70B] contains 5 records; transferring to 'success'
[pool-1541-thread-1] INFO org.apache.nifi.processors.standard.ExecuteSQLRecord - ExecuteSQLRecord[id=d5d1efc4-0656-4ca3-aaa7-ee408a4008c0] FlowFile[88,94757650653837.mockFlowFile,70B] contains 5 records; transferring to 'success'
[pool-1541-thread-1] INFO org.apache.nifi.processors.standard.ExecuteSQLRecord - ExecuteSQLRecord[id=d5d1efc4-0656-4ca3-aaa7-ee408a4008c0] FlowFile[89,94757650724745.mockFlowFile,70B] contains 5 records; transferring to 'success'
[pool-1541-thread-1] INFO org.apache.nifi.processors.standard.ExecuteSQLRecord - ExecuteSQLRecord[id=d5d1efc4-0656-4ca3-aaa7-ee408a4008c0] FlowFile[90,94757650812432.mockFlowFile,70B] contains 5 records; transferring to 'success'
[pool-1541-thread-1] INFO org.apache.nifi.processors.standard.ExecuteSQLRecord - ExecuteSQLRecord[id=d5d1efc4-0656-4ca3-aaa7-ee408a4008c0] FlowFile[91,94757650886708.mockFlowFile,70B] contains 5 records; transferring to 'success'
[pool-1541-thread-1] INFO org.apache.nifi.processors.standard.ExecuteSQLRecord - ExecuteSQLRecord[id=d5d1efc4-0656-4ca3-aaa7-ee408a4008c0] FlowFile[92,94757650957663.mockFlowFile,70B] contains 5 records; transferring to 'success'
[pool-1541-thread-1] INFO org.apache.nifi.processors.standard.ExecuteSQLRecord - ExecuteSQLRecord[id=d5d1efc4-0656-4ca3-aaa7-ee408a4008c0] FlowFile[93,94757651040033.mockFlowFile,70B] contains 5 records; transferring to 'success'
[pool-1541-thread-1] INFO org.apache.nifi.processors.standard.ExecuteSQLRecord - ExecuteSQLRecord[id=d5d1efc4-0656-4ca3-aaa7-ee408a4008c0] FlowFile[94,94757651132603.mockFlowFile,70B] contains 5 records; transferring to 'success'
[pool-1541-thread-1] INFO org.apache.nifi.processors.standard.ExecuteSQLRecord - ExecuteSQLRecord[id=d5d1efc4-0656-4ca3-aaa7-ee408a4008c0] FlowFile[95,94757651210656.mockFlowFile,70B] contains 5 records; transferring to 'success'
[pool-1541-thread-1] INFO org.apache.nifi.processors.standard.ExecuteSQLRecord - ExecuteSQLRecord[id=d5d1efc4-0656-4ca3-aaa7-ee408a4008c0] FlowFile[96,94757651300627.mockFlowFile,70B] contains 5 records; transferring to 'success'
[pool-1541-thread-1] INFO org.apache.nifi.processors.standard.ExecuteSQLRecord - ExecuteSQLRecord[id=d5d1efc4-0656-4ca3-aaa7-ee408a4008c0] FlowFile[97,94757651372181.mockFlowFile,70B] contains 5 records; transferring to 'success'
[pool-1541-thread-1] INFO org.apache.nifi.processors.standard.ExecuteSQLRecord - ExecuteSQLRecord[id=d5d1efc4-0656-4ca3-aaa7-ee408a4008c0] FlowFile[98,94757651444064.mockFlowFile,70B] contains 5 records; transferring to 'success'
[pool-1541-thread-1] INFO org.apache.nifi.processors.standard.ExecuteSQLRecord - ExecuteSQLRecord[id=d5d1efc4-0656-4ca3-aaa7-ee408a4008c0] FlowFile[99,94757651514590.mockFlowFile,70B] contains 5 records; transferring to 'success'
[pool-1541-thread-1] INFO org.apache.nifi.processors.standard.ExecuteSQLRecord - ExecuteSQLRecord[id=d5d1efc4-0656-4ca3-aaa7-ee408a4008c0] FlowFile[100,94757651599982.mockFlowFile,70B] contains 5 records; transferring to 'success'
[pool-1541-thread-1] INFO org.apache.nifi.processors.standard.ExecuteSQLRecord - ExecuteSQLRecord[id=d5d1efc4-0656-4ca3-aaa7-ee408a4008c0] FlowFile[101,94757651673207.mockFlowFile,70B] contains 5 records; transferring to 'success'
[pool-1541-thread-1] INFO org.apache.nifi.processors.standard.ExecuteSQLRecord - ExecuteSQLRecord[id=d5d1efc4-0656-4ca3-aaa7-ee408a4008c0] FlowFile[102,94757651742320.mockFlowFile,70B] contains 5 records; transferring to 'success'
[pool-1541-thread-1] INFO org.apache.nifi.processors.standard.ExecuteSQLRecord - ExecuteSQLRecord[id=d5d1efc4-0656-4ca3-aaa7-ee408a4008c0] FlowFile[103,94757651818735.mockFlowFile,70B] contains 5 records; transferring to 'success'
[pool-1541-thread-1] INFO org.apache.nifi.processors.standard.ExecuteSQLRecord - ExecuteSQLRecord[id=d5d1efc4-0656-4ca3-aaa7-ee408a4008c0] FlowFile[104,94757651887310.mockFlowFile,70B] contains 5 records; transferring to 'success'
[pool-1541-thread-1] INFO org.apache.nifi.processors.standard.ExecuteSQLRecord - ExecuteSQLRecord[id=d5d1efc4-0656-4ca3-aaa7-ee408a4008c0] FlowFile[105,94757651999500.mockFlowFile,70B] contains 5 records; transferring to 'success'
[pool-1541-thread-1] INFO org.apache.nifi.processors.standard.ExecuteSQLRecord - ExecuteSQLRecord[id=d5d1efc4-0656-4ca3-aaa7-ee408a4008c0] FlowFile[106,94757652127337.mockFlowFile,70B] contains 5 records; transferring to 'success'
[pool-1541-thread-1] INFO org.apache.nifi.processors.standard.ExecuteSQLRecord - ExecuteSQLRecord[id=d5d1efc4-0656-4ca3-aaa7-ee408a4008c0] FlowFile[107,94757652193278.mockFlowFile,70B] contains 5 records; transferring to 'success'
[pool-1541-thread-1] INFO org.apache.nifi.processors.standard.ExecuteSQLRecord - ExecuteSQLRecord[id=d5d1efc4-0656-4ca3-aaa7-ee408a4008c0] FlowFile[108,94757652253921.mockFlowFile,70B] contains 5 records; transferring to 'success'
[pool-1541-thread-1] INFO org.apache.nifi.processors.standard.ExecuteSQLRecord - ExecuteSQLRecord[id=d5d1efc4-0656-4ca3-aaa7-ee408a4008c0] FlowFile[109,94757652325313.mockFlowFile,70B] contains 5 records; transferring to 'success'
[pool-1541-thread-1] INFO org.apache.nifi.processors.standard.ExecuteSQLRecord - ExecuteSQLRecord[id=d5d1efc4-0656-4ca3-aaa7-ee408a4008c0] FlowFile[110,94757652408649.mockFlowFile,70B] contains 5 records; transferring to 'success'
[pool-1541-thread-1] INFO org.apache.nifi.processors.standard.ExecuteSQLRecord - ExecuteSQLRecord[id=d5d1efc4-0656-4ca3-aaa7-ee408a4008c0] FlowFile[111,94757652474212.mockFlowFile,70B] contains 5 records; transferring to 'success'
[pool-1541-thread-1] INFO org.apache.nifi.processors.standard.ExecuteSQLRecord - ExecuteSQLRecord[id=d5d1efc4-0656-4ca3-aaa7-ee408a4008c0] FlowFile[112,94757652556144.mockFlowFile,70B] contains 5 records; transferring to 'success'
[pool-1541-thread-1] INFO org.apache.nifi.processors.standard.ExecuteSQLRecord - ExecuteSQLRecord[id=d5d1efc4-0656-4ca3-aaa7-ee408a4008c0] FlowFile[113,94757652646548.mockFlowFile,70B] contains 5 records; transferring to 'success'
[pool-1541-thread-1] INFO org.apache.nifi.processors.standard.ExecuteSQLRecord - ExecuteSQLRecord[id=d5d1efc4-0656-4ca3-aaa7-ee408a4008c0] FlowFile[114,94757652717294.mockFlowFile,70B] contains 5 records; transferring to 'success'
[pool-1541-thread-1] INFO org.apache.nifi.processors.standard.ExecuteSQLRecord - ExecuteSQLRecord[id=d5d1efc4-0656-4ca3-aaa7-ee408a4008c0] FlowFile[115,94757652788072.mockFlowFile,70B] contains 5 records; transferring to 'success'
[pool-1541-thread-1] INFO org.apache.nifi.processors.standard.ExecuteSQLRecord - ExecuteSQLRecord[id=d5d1efc4-0656-4ca3-aaa7-ee408a4008c0] FlowFile[116,94757652866549.mockFlowFile,70B] contains 5 records; transferring to 'success'
[pool-1541-thread-1] INFO org.apache.nifi.processors.standard.ExecuteSQLRecord - ExecuteSQLRecord[id=d5d1efc4-0656-4ca3-aaa7-ee408a4008c0] FlowFile[117,94757652928779.mockFlowFile,70B] contains 5 records; transferring to 'success'
[pool-1541-thread-1] INFO org.apache.nifi.processors.standard.ExecuteSQLRecord - ExecuteSQLRecord[id=d5d1efc4-0656-4ca3-aaa7-ee408a4008c0] FlowFile[118,94757652990932.mockFlowFile,70B] contains 5 records; transferring to 'success'
[pool-1541-thread-1] INFO org.apache.nifi.processors.standard.ExecuteSQLRecord - ExecuteSQLRecord[id=d5d1efc4-0656-4ca3-aaa7-ee408a4008c0] FlowFile[119,94757653064051.mockFlowFile,70B] contains 5 records; transferring to 'success'
[pool-1541-thread-1] INFO org.apache.nifi.processors.standard.ExecuteSQLRecord - ExecuteSQLRecord[id=d5d1efc4-0656-4ca3-aaa7-ee408a4008c0] FlowFile[120,94757653134674.mockFlowFile,70B] contains 5 records; transferring to 'success'
[pool-1541-thread-1] INFO org.apache.nifi.processors.standard.ExecuteSQLRecord - ExecuteSQLRecord[id=d5d1efc4-0656-4ca3-aaa7-ee408a4008c0] FlowFile[121,94757653204556.mockFlowFile,70B] contains 5 records; transferring to 'success'
[pool-1541-thread-1] INFO org.apache.nifi.processors.standard.ExecuteSQLRecord - ExecuteSQLRecord[id=d5d1efc4-0656-4ca3-aaa7-ee408a4008c0] FlowFile[122,94757653281967.mockFlowFile,70B] contains 5 records; transferring to 'success'
[pool-1541-thread-1] INFO org.apache.nifi.processors.standard.ExecuteSQLRecord - ExecuteSQLRecord[id=d5d1efc4-0656-4ca3-aaa7-ee408a4008c0] FlowFile[123,94757653343519.mockFlowFile,70B] contains 5 records; transferring to 'success'
[pool-1541-thread-1] INFO org.apache.nifi.processors.standard.ExecuteSQLRecord - ExecuteSQLRecord[id=d5d1efc4-0656-4ca3-aaa7-ee408a4008c0] FlowFile[124,94757653405923.mockFlowFile,70B] contains 5 records; transferring to 'success'
[pool-1541-thread-1] INFO org.apache.nifi.processors.standard.ExecuteSQLRecord - ExecuteSQLRecord[id=d5d1efc4-0656-4ca3-aaa7-ee408a4008c0] FlowFile[125,94757653485963.mockFlowFile,70B] contains 5 records; transferring to 'success'
[pool-1541-thread-1] INFO org.apache.nifi.processors.standard.ExecuteSQLRecord - ExecuteSQLRecord[id=d5d1efc4-0656-4ca3-aaa7-ee408a4008c0] FlowFile[126,94757653552594.mockFlowFile,70B] contains 5 records; transferring to 'success'
[pool-1541-thread-1] INFO org.apache.nifi.processors.standard.ExecuteSQLRecord - ExecuteSQLRecord[id=d5d1efc4-0656-4ca3-aaa7-ee408a4008c0] FlowFile[127,94757653614428.mockFlowFile,70B] contains 5 records; transferring to 'success'
[pool-1541-thread-1] INFO org.apache.nifi.processors.standard.ExecuteSQLRecord - ExecuteSQLRecord[id=d5d1efc4-0656-4ca3-aaa7-ee408a4008c0] FlowFile[128,94757653700826.mockFlowFile,70B] contains 5 records; transferring to 'success'
[pool-1541-thread-1] INFO org.apache.nifi.processors.standard.ExecuteSQLRecord - ExecuteSQLRecord[id=d5d1efc4-0656-4ca3-aaa7-ee408a4008c0] FlowFile[129,94757653782465.mockFlowFile,70B] contains 5 records; transferring to 'success'
[pool-1541-thread-1] INFO org.apache.nifi.processors.standard.ExecuteSQLRecord - ExecuteSQLRecord[id=d5d1efc4-0656-4ca3-aaa7-ee408a4008c0] FlowFile[130,94757653863429.mockFlowFile,70B] contains 5 records; transferring to 'success'
[pool-1541-thread-1] INFO org.apache.nifi.processors.standard.ExecuteSQLRecord - ExecuteSQLRecord[id=d5d1efc4-0656-4ca3-aaa7-ee408a4008c0] FlowFile[131,94757653933183.mockFlowFile,70B] contains 5 records; transferring to 'success'
[pool-1541-thread-1] INFO org.apache.nifi.processors.standard.ExecuteSQLRecord - ExecuteSQLRecord[id=d5d1efc4-0656-4ca3-aaa7-ee408a4008c0] FlowFile[132,94757654004672.mockFlowFile,70B] contains 5 records; transferring to 'success'
[pool-1541-thread-1] INFO org.apache.nifi.processors.standard.ExecuteSQLRecord - ExecuteSQLRecord[id=d5d1efc4-0656-4ca3-aaa7-ee408a4008c0] FlowFile[133,94757654070817.mockFlowFile,70B] contains 5 records; transferring to 'success'
[pool-1541-thread-1] INFO org.apache.nifi.processors.standard.ExecuteSQLRecord - ExecuteSQLRecord[id=d5d1efc4-0656-4ca3-aaa7-ee408a4008c0] FlowFile[134,94757654133683.mockFlowFile,70B] contains 5 records; transferring to 'success'
[pool-1541-thread-1] INFO org.apache.nifi.processors.standard.ExecuteSQLRecord - ExecuteSQLRecord[id=d5d1efc4-0656-4ca3-aaa7-ee408a4008c0] FlowFile[135,94757654211975.mockFlowFile,70B] contains 5 records; transferring to 'success'
[pool-1541-thread-1] INFO org.apache.nifi.processors.standard.ExecuteSQLRecord - ExecuteSQLRecord[id=d5d1efc4-0656-4ca3-aaa7-ee408a4008c0] FlowFile[136,94757654275790.mockFlowFile,70B] contains 5 records; transferring to 'success'
[pool-1541-thread-1] INFO org.apache.nifi.processors.standard.ExecuteSQLRecord - ExecuteSQLRecord[id=d5d1efc4-0656-4ca3-aaa7-ee408a4008c0] FlowFile[137,94757654337507.mockFlowFile,70B] contains 5 records; transferring to 'success'
[pool-1541-thread-1] INFO org.apache.nifi.processors.standard.ExecuteSQLRecord - ExecuteSQLRecord[id=d5d1efc4-0656-4ca3-aaa7-ee408a4008c0] FlowFile[138,94757654411441.mockFlowFile,70B] contains 5 records; transferring to 'success'
[pool-1541-thread-1] INFO org.apache.nifi.processors.standard.ExecuteSQLRecord - ExecuteSQLRecord[id=d5d1efc4-0656-4ca3-aaa7-ee408a4008c0] FlowFile[139,94757654478078.mockFlowFile,70B] contains 5 records; transferring to 'success'
[pool-1541-thread-1] INFO org.apache.nifi.processors.standard.ExecuteSQLRecord - ExecuteSQLRecord[id=d5d1efc4-0656-4ca3-aaa7-ee408a4008c0] FlowFile[140,94757654548209.mockFlowFile,70B] contains 5 records; transferring to 'success'
[pool-1541-thread-1] INFO org.apache.nifi.processors.standard.ExecuteSQLRecord - ExecuteSQLRecord[id=d5d1efc4-0656-4ca3-aaa7-ee408a4008c0] FlowFile[141,94757654621636.mockFlowFile,70B] contains 5 records; transferring to 'success'
[pool-1541-thread-1] INFO org.apache.nifi.processors.standard.ExecuteSQLRecord - ExecuteSQLRecord[id=d5d1efc4-0656-4ca3-aaa7-ee408a4008c0] FlowFile[142,94757654689557.mockFlowFile,70B] contains 5 records; transferring to 'success'
[pool-1541-thread-1] INFO org.apache.nifi.processors.standard.ExecuteSQLRecord - ExecuteSQLRecord[id=d5d1efc4-0656-4ca3-aaa7-ee408a4008c0] FlowFile[143,94757654750345.mockFlowFile,70B] contains 5 records; transferring to 'success'
[pool-1541-thread-1] INFO org.apache.nifi.processors.standard.ExecuteSQLRecord - ExecuteSQLRecord[id=d5d1efc4-0656-4ca3-aaa7-ee408a4008c0] FlowFile[144,94757654831827.mockFlowFile,70B] contains 5 records; transferring to 'success'
[pool-1541-thread-1] INFO org.apache.nifi.processors.standard.ExecuteSQLRecord - ExecuteSQLRecord[id=d5d1efc4-0656-4ca3-aaa7-ee408a4008c0] FlowFile[145,94757654905558.mockFlowFile,70B] contains 5 records; transferring to 'success'
[pool-1541-thread-1] INFO org.apache.nifi.processors.standard.ExecuteSQLRecord - ExecuteSQLRecord[id=d5d1efc4-0656-4ca3-aaa7-ee408a4008c0] FlowFile[146,94757654974166.mockFlowFile,70B] contains 5 records; transferring to 'success'
[pool-1541-thread-1] INFO org.apache.nifi.processors.standard.ExecuteSQLRecord - ExecuteSQLRecord[id=d5d1efc4-0656-4ca3-aaa7-ee408a4008c0] FlowFile[147,94757655038098.mockFlowFile,70B] contains 5 records; transferring to 'success'
[pool-1541-thread-1] INFO org.apache.nifi.processors.standard.ExecuteSQLRecord - ExecuteSQLRecord[id=d5d1efc4-0656-4ca3-aaa7-ee408a4008c0] FlowFile[148,94757655108220.mockFlowFile,70B] contains 5 records; transferring to 'success'
[pool-1541-thread-1] INFO org.apache.nifi.processors.standard.ExecuteSQLRecord - ExecuteSQLRecord[id=d5d1efc4-0656-4ca3-aaa7-ee408a4008c0] FlowFile[149,94757655169822.mockFlowFile,70B] contains 5 records; transferring to 'success'
[pool-1541-thread-1] INFO org.apache.nifi.processors.standard.ExecuteSQLRecord - ExecuteSQLRecord[id=d5d1efc4-0656-4ca3-aaa7-ee408a4008c0] FlowFile[150,94757655239851.mockFlowFile,70B] contains 5 records; transferring to 'success'
[pool-1541-thread-1] INFO org.apache.nifi.processors.standard.ExecuteSQLRecord - ExecuteSQLRecord[id=d5d1efc4-0656-4ca3-aaa7-ee408a4008c0] FlowFile[151,94757655313715.mockFlowFile,70B] contains 5 records; transferring to 'success'
[pool-1541-thread-1] INFO org.apache.nifi.processors.standard.ExecuteSQLRecord - ExecuteSQLRecord[id=d5d1efc4-0656-4ca3-aaa7-ee408a4008c0] FlowFile[152,94757655377211.mockFlowFile,70B] contains 5 records; transferring to 'success'
[pool-1541-thread-1] INFO org.apache.nifi.processors.standard.ExecuteSQLRecord - ExecuteSQLRecord[id=d5d1efc4-0656-4ca3-aaa7-ee408a4008c0] FlowFile[153,94757655444312.mockFlowFile,70B] contains 5 records; transferring to 'success'
[pool-1541-thread-1] INFO org.apache.nifi.processors.standard.ExecuteSQLRecord - ExecuteSQLRecord[id=d5d1efc4-0656-4ca3-aaa7-ee408a4008c0] FlowFile[154,94757655516885.mockFlowFile,70B] contains 5 records; transferring to 'success'
[pool-1541-thread-1] INFO org.apache.nifi.processors.standard.ExecuteSQLRecord - ExecuteSQLRecord[id=d5d1efc4-0656-4ca3-aaa7-ee408a4008c0] FlowFile[155,94757655588768.mockFlowFile,70B] contains 5 records; transferring to 'success'
[pool-1541-thread-1] INFO org.apache.nifi.processors.standard.ExecuteSQLRecord - ExecuteSQLRecord[id=d5d1efc4-0656-4ca3-aaa7-ee408a4008c0] FlowFile[156,94757655652122.mockFlowFile,70B] contains 5 records; transferring to 'success'
[pool-1541-thread-1] INFO org.apache.nifi.processors.standard.ExecuteSQLRecord - ExecuteSQLRecord[id=d5d1efc4-0656-4ca3-aaa7-ee408a4008c0] FlowFile[157,94757655722454.mockFlowFile,70B] contains 5 records; transferring to 'success'
[pool-1541-thread-1] INFO org.apache.nifi.processors.standard.ExecuteSQLRecord - ExecuteSQLRecord[id=d5d1efc4-0656-4ca3-aaa7-ee408a4008c0] FlowFile[158,94757655786057.mockFlowFile,70B] contains 5 records; transferring to 'success'
[pool-1541-thread-1] INFO org.apache.nifi.processors.standard.ExecuteSQLRecord - ExecuteSQLRecord[id=d5d1efc4-0656-4ca3-aaa7-ee408a4008c0] FlowFile[159,94757655850575.mockFlowFile,70B] contains 5 records; transferring to 'success'
[pool-1541-thread-1] INFO org.apache.nifi.processors.standard.ExecuteSQLRecord - ExecuteSQLRecord[id=d5d1efc4-0656-4ca3-aaa7-ee408a4008c0] FlowFile[160,94757655936681.mockFlowFile,70B] contains 5 records; transferring to 'success'
[pool-1541-thread-1] INFO org.apache.nifi.processors.standard.ExecuteSQLRecord - ExecuteSQLRecord[id=d5d1efc4-0656-4ca3-aaa7-ee408a4008c0] FlowFile[161,94757656017379.mockFlowFile,70B] contains 5 records; transferring to 'success'
[pool-1541-thread-1] INFO org.apache.nifi.processors.standard.ExecuteSQLRecord - ExecuteSQLRecord[id=d5d1efc4-0656-4ca3-aaa7-ee408a4008c0] FlowFile[162,94757656089234.mockFlowFile,70B] contains 5 records; transferring to 'success'
[pool-1541-thread-1] INFO org.apache.nifi.processors.standard.ExecuteSQLRecord - ExecuteSQLRecord[id=d5d1efc4-0656-4ca3-aaa7-ee408a4008c0] FlowFile[163,94757656153496.mockFlowFile,70B] contains 5 records; transferring to 'success'
[pool-1541-thread-1] INFO org.apache.nifi.processors.standard.ExecuteSQLRecord - ExecuteSQLRecord[id=d5d1efc4-0656-4ca3-aaa7-ee408a4008c0] FlowFile[164,94757656236452.mockFlowFile,70B] contains 5 records; transferring to 'success'
[pool-1541-thread-1] INFO org.apache.nifi.processors.standard.ExecuteSQLRecord - ExecuteSQLRecord[id=d5d1efc4-0656-4ca3-aaa7-ee408a4008c0] FlowFile[165,94757656312726.mockFlowFile,70B] contains 5 records; transferring to 'success'
[pool-1541-thread-1] INFO org.apache.nifi.processors.standard.ExecuteSQLRecord - ExecuteSQLRecord[id=d5d1efc4-0656-4ca3-aaa7-ee408a4008c0] FlowFile[166,94757656377113.mockFlowFile,70B] contains 5 records; transferring to 'success'
[pool-1541-thread-1] INFO org.apache.nifi.processors.standard.ExecuteSQLRecord - ExecuteSQLRecord[id=d5d1efc4-0656-4ca3-aaa7-ee408a4008c0] FlowFile[167,94757656481133.mockFlowFile,70B] contains 5 records; transferring to 'success'
[pool-1541-thread-1] INFO org.apache.nifi.processors.standard.ExecuteSQLRecord - ExecuteSQLRecord[id=d5d1efc4-0656-4ca3-aaa7-ee408a4008c0] FlowFile[168,94757656542725.mockFlowFile,70B] contains 5 records; transferring to 'success'
[pool-1541-thread-1] INFO org.apache.nifi.processors.standard.ExecuteSQLRecord - ExecuteSQLRecord[id=d5d1efc4-0656-4ca3-aaa7-ee408a4008c0] FlowFile[169,94757656604091.mockFlowFile,70B] contains 5 records; transferring to 'success'
[pool-1541-thread-1] INFO org.apache.nifi.processors.standard.ExecuteSQLRecord - ExecuteSQLRecord[id=d5d1efc4-0656-4ca3-aaa7-ee408a4008c0] FlowFile[170,94757656680925.mockFlowFile,70B] contains 5 records; transferring to 'success'
[pool-1541-thread-1] INFO org.apache.nifi.processors.standard.ExecuteSQLRecord - ExecuteSQLRecord[id=d5d1efc4-0656-4ca3-aaa7-ee408a4008c0] FlowFile[171,94757656744283.mockFlowFile,70B] contains 5 records; transferring to 'success'
[pool-1541-thread-1] INFO org.apache.nifi.processors.standard.ExecuteSQLRecord - ExecuteSQLRecord[id=d5d1efc4-0656-4ca3-aaa7-ee408a4008c0] FlowFile[172,94757656806723.mockFlowFile,70B] contains 5 records; transferring to 'success'
[pool-1541-thread-1] INFO org.apache.nifi.processors.standard.ExecuteSQLRecord - ExecuteSQLRecord[id=d5d1efc4-0656-4ca3-aaa7-ee408a4008c0] FlowFile[173,94757656874164.mockFlowFile,70B] contains 5 records; transferring to 'success'
[pool-1541-thread-1] INFO org.apache.nifi.processors.standard.ExecuteSQLRecord - ExecuteSQLRecord[id=d5d1efc4-0656-4ca3-aaa7-ee408a4008c0] FlowFile[174,94757656935057.mockFlowFile,70B] contains 5 records; transferring to 'success'
[pool-1541-thread-1] INFO org.apache.nifi.processors.standard.ExecuteSQLRecord - ExecuteSQLRecord[id=d5d1efc4-0656-4ca3-aaa7-ee408a4008c0] FlowFile[175,94757657008183.mockFlowFile,70B] contains 5 records; transferring to 'success'
[pool-1541-thread-1] INFO org.apache.nifi.processors.standard.ExecuteSQLRecord - ExecuteSQLRecord[id=d5d1efc4-0656-4ca3-aaa7-ee408a4008c0] FlowFile[176,94757657261961.mockFlowFile,70B] contains 5 records; transferring to 'success'
[pool-1541-thread-1] INFO org.apache.nifi.processors.standard.ExecuteSQLRecord - ExecuteSQLRecord[id=d5d1efc4-0656-4ca3-aaa7-ee408a4008c0] FlowFile[177,94757657424456.mockFlowFile,70B] contains 5 records; transferring to 'success'
[pool-1541-thread-1] INFO org.apache.nifi.processors.standard.ExecuteSQLRecord - ExecuteSQLRecord[id=d5d1efc4-0656-4ca3-aaa7-ee408a4008c0] FlowFile[178,94757657620346.mockFlowFile,70B] contains 5 records; transferring to 'success'
[pool-1541-thread-1] INFO org.apache.nifi.processors.standard.ExecuteSQLRecord - ExecuteSQLRecord[id=d5d1efc4-0656-4ca3-aaa7-ee408a4008c0] FlowFile[179,94757657759677.mockFlowFile,70B] contains 5 records; transferring to 'success'
[pool-1541-thread-1] INFO org.apache.nifi.processors.standard.ExecuteSQLRecord - ExecuteSQLRecord[id=d5d1efc4-0656-4ca3-aaa7-ee408a4008c0] FlowFile[180,94757657965816.mockFlowFile,70B] contains 5 records; transferring to 'success'
[pool-1541-thread-1] INFO org.apache.nifi.processors.standard.ExecuteSQLRecord - ExecuteSQLRecord[id=d5d1efc4-0656-4ca3-aaa7-ee408a4008c0] FlowFile[181,94757658121300.mockFlowFile,70B] contains 5 records; transferring to 'success'
[pool-1541-thread-1] INFO org.apache.nifi.processors.standard.ExecuteSQLRecord - ExecuteSQLRecord[id=d5d1efc4-0656-4ca3-aaa7-ee408a4008c0] FlowFile[182,94757658278125.mockFlowFile,70B] contains 5 records; transferring to 'success'
[pool-1541-thread-1] INFO org.apache.nifi.processors.standard.ExecuteSQLRecord - ExecuteSQLRecord[id=d5d1efc4-0656-4ca3-aaa7-ee408a4008c0] FlowFile[183,94757658444549.mockFlowFile,70B] contains 5 records; transferring to 'success'
[pool-1541-thread-1] INFO org.apache.nifi.processors.standard.ExecuteSQLRecord - ExecuteSQLRecord[id=d5d1efc4-0656-4ca3-aaa7-ee408a4008c0] FlowFile[184,94757658637094.mockFlowFile,70B] contains 5 records; transferring to 'success'
[pool-1541-thread-1] INFO org.apache.nifi.processors.standard.ExecuteSQLRecord - ExecuteSQLRecord[id=d5d1efc4-0656-4ca3-aaa7-ee408a4008c0] FlowFile[185,94757658808777.mockFlowFile,70B] contains 5 records; transferring to 'success'
[pool-1541-thread-1] INFO org.apache.nifi.processors.standard.ExecuteSQLRecord - ExecuteSQLRecord[id=d5d1efc4-0656-4ca3-aaa7-ee408a4008c0] FlowFile[186,94757658987112.mockFlowFile,70B] contains 5 records; transferring to 'success'
[pool-1541-thread-1] INFO org.apache.nifi.processors.standard.ExecuteSQLRecord - ExecuteSQLRecord[id=d5d1efc4-0656-4ca3-aaa7-ee408a4008c0] FlowFile[187,94757659146452.mockFlowFile,70B] contains 5 records; transferring to 'success'
[pool-1541-thread-1] INFO org.apache.nifi.processors.standard.ExecuteSQLRecord - ExecuteSQLRecord[id=d5d1efc4-0656-4ca3-aaa7-ee408a4008c0] FlowFile[188,94757659298251.mockFlowFile,70B] contains 5 records; transferring to 'success'
[pool-1541-thread-1] INFO org.apache.nifi.processors.standard.ExecuteSQLRecord - ExecuteSQLRecord[id=d5d1efc4-0656-4ca3-aaa7-ee408a4008c0] FlowFile[189,94757659462021.mockFlowFile,70B] contains 5 records; transferring to 'success'
[pool-1541-thread-1] INFO org.apache.nifi.processors.standard.ExecuteSQLRecord - ExecuteSQLRecord[id=d5d1efc4-0656-4ca3-aaa7-ee408a4008c0] FlowFile[190,94757659624331.mockFlowFile,70B] contains 5 records; transferring to 'success'
[pool-1541-thread-1] INFO org.apache.nifi.processors.standard.ExecuteSQLRecord - ExecuteSQLRecord[id=d5d1efc4-0656-4ca3-aaa7-ee408a4008c0] FlowFile[191,94757659720655.mockFlowFile,70B] contains 5 records; transferring to 'success'
[pool-1541-thread-1] INFO org.apache.nifi.processors.standard.ExecuteSQLRecord - ExecuteSQLRecord[id=d5d1efc4-0656-4ca3-aaa7-ee408a4008c0] FlowFile[192,94757659806328.mockFlowFile,70B] contains 5 records; transferring to 'success'
[pool-1541-thread-1] INFO org.apache.nifi.processors.standard.ExecuteSQLRecord - ExecuteSQLRecord[id=d5d1efc4-0656-4ca3-aaa7-ee408a4008c0] FlowFile[193,94757659867808.mockFlowFile,70B] contains 5 records; transferring to 'success'
[pool-1541-thread-1] INFO org.apache.nifi.processors.standard.ExecuteSQLRecord - ExecuteSQLRecord[id=d5d1efc4-0656-4ca3-aaa7-ee408a4008c0] FlowFile[194,94757659929851.mockFlowFile,70B] contains 5 records; transferring to 'success'
[pool-1541-thread-1] INFO org.apache.nifi.processors.standard.ExecuteSQLRecord - ExecuteSQLRecord[id=d5d1efc4-0656-4ca3-aaa7-ee408a4008c0] FlowFile[195,94757660015965.mockFlowFile,70B] contains 5 records; transferring to 'success'
[pool-1541-thread-1] INFO org.apache.nifi.processors.standard.ExecuteSQLRecord - ExecuteSQLRecord[id=d5d1efc4-0656-4ca3-aaa7-ee408a4008c0] FlowFile[196,94757660151715.mockFlowFile,70B] contains 5 records; transferring to 'success'
[pool-1541-thread-1] INFO org.apache.nifi.processors.standard.ExecuteSQLRecord - ExecuteSQLRecord[id=d5d1efc4-0656-4ca3-aaa7-ee408a4008c0] FlowFile[197,94757660272756.mockFlowFile,70B] contains 5 records; transferring to 'success'
[pool-1541-thread-1] INFO org.apache.nifi.processors.standard.ExecuteSQLRecord - ExecuteSQLRecord[id=d5d1efc4-0656-4ca3-aaa7-ee408a4008c0] FlowFile[198,94757660393042.mockFlowFile,70B] contains 5 records; transferring to 'success'
[pool-1541-thread-1] INFO org.apache.nifi.processors.standard.ExecuteSQLRecord - ExecuteSQLRecord[id=d5d1efc4-0656-4ca3-aaa7-ee408a4008c0] FlowFile[199,94757660563656.mockFlowFile,70B] contains 5 records; transferring to 'success'
]]></system-err>
  </testcase>
  <testcase name="testPostQuery" classname="org.apache.nifi.processors.standard.TestExecuteSQLRecord" time="0.089">
    <system-err><![CDATA[[pool-1542-thread-1] INFO org.apache.nifi.processors.standard.ExecuteSQLRecord - ExecuteSQLRecord[id=fdc18294-6cea-4009-92a6-bc7ef9b04098] FlowFile[1,94757688411199.mockFlowFile,12B] contains 1 records; transferring to 'success'
]]></system-err>
  </testcase>
  <testcase name="testNoIncomingConnection" classname="org.apache.nifi.processors.standard.TestExecuteSQLRecord" time="0.945">
    <system-out><![CDATA[ H
HCGAHAHFE IA
BD IB
]]></system-out>
    <system-err><![CDATA[[main] INFO org.apache.nifi.processors.standard.TestExecuteSQLRecord - test data loaded
[pool-1543-thread-1] INFO org.apache.nifi.processors.standard.ExecuteSQLRecord - ExecuteSQLRecord[id=b02c5459-5157-4d4a-9883-80c12f2815f0] FlowFile[0,94758408848179.mockFlowFile,1650894B] contains 20000 records; transferring to 'success'
]]></system-err>
  </testcase>
  <testcase name="testPostQueryFail" classname="org.apache.nifi.processors.standard.TestExecuteSQLRecord" time="0.025">
    <system-err><![CDATA[[pool-1544-thread-1] INFO org.apache.nifi.processors.standard.ExecuteSQLRecord - ExecuteSQLRecord[id=710dbb44-e5f9-4e2e-aa65-5ca10d35938a] FlowFile[1,94758715418760.mockFlowFile,0B] contains 0 records; transferring to 'success'
[pool-1544-thread-1] ERROR org.apache.nifi.processors.standard.ExecuteSQLRecord - ExecuteSQLRecord[id=710dbb44-e5f9-4e2e-aa65-5ca10d35938a] Unable to execute SQL select query CALL SYSCS_UTIL.SYSCS_SET_RUNTIMESTATISTICS() for FlowFile[0,94758715418760.mockFlowFile,4B] due to java.sql.SQLSyntaxErrorException: 'SYSCS_UTIL.SYSCS_SET_RUNTIMESTATISTICS' is not recognized as a function or procedure.; routing to failure: java.sql.SQLSyntaxErrorException: 'SYSCS_UTIL.SYSCS_SET_RUNTIMESTATISTICS' is not recognized as a function or procedure.
java.sql.SQLSyntaxErrorException: 'SYSCS_UTIL.SYSCS_SET_RUNTIMESTATISTICS' is not recognized as a function or procedure.
	at org.apache.derby.impl.jdbc.SQLExceptionFactory.getSQLException(Unknown Source)
	at org.apache.derby.impl.jdbc.Util.generateCsSQLException(Unknown Source)
	at org.apache.derby.impl.jdbc.TransactionResourceImpl.wrapInSQLException(Unknown Source)
	at org.apache.derby.impl.jdbc.TransactionResourceImpl.handleException(Unknown Source)
	at org.apache.derby.impl.jdbc.EmbedConnection.handleException(Unknown Source)
	at org.apache.derby.impl.jdbc.ConnectionChild.handleException(Unknown Source)
	at org.apache.derby.impl.jdbc.EmbedStatement.execute(Unknown Source)
	at org.apache.derby.impl.jdbc.EmbedStatement.execute(Unknown Source)
	at org.apache.nifi.processors.standard.AbstractExecuteSQL.executeConfigStatements(AbstractExecuteSQL.java:464)
	at org.apache.nifi.processors.standard.AbstractExecuteSQL.onTrigger(AbstractExecuteSQL.java:397)
	at org.apache.nifi.processor.AbstractProcessor.onTrigger(AbstractProcessor.java:27)
	at org.apache.nifi.util.StandardProcessorTestRunner$RunProcessor.call(StandardProcessorTestRunner.java:284)
	at org.apache.nifi.util.StandardProcessorTestRunner$RunProcessor.call(StandardProcessorTestRunner.java:278)
	at java.util.concurrent.FutureTask.run(FutureTask.java:266)
	at java.util.concurrent.ScheduledThreadPoolExecutor$ScheduledFutureTask.access$201(ScheduledThreadPoolExecutor.java:180)
	at java.util.concurrent.ScheduledThreadPoolExecutor$ScheduledFutureTask.run(ScheduledThreadPoolExecutor.java:293)
	at java.util.concurrent.ThreadPoolExecutor.runWorker(ThreadPoolExecutor.java:1149)
	at java.util.concurrent.ThreadPoolExecutor$Worker.run(ThreadPoolExecutor.java:624)
	at java.lang.Thread.run(Thread.java:750)
Caused by: ERROR 42Y03: 'SYSCS_UTIL.SYSCS_SET_RUNTIMESTATISTICS' is not recognized as a function or procedure.
	at org.apache.derby.iapi.error.StandardException.newException(Unknown Source)
	at org.apache.derby.iapi.error.StandardException.newException(Unknown Source)
	at org.apache.derby.impl.sql.compile.StaticMethodCallNode.bindExpressionMinion(Unknown Source)
	at org.apache.derby.impl.sql.compile.StaticMethodCallNode.bindExpression(Unknown Source)
	at org.apache.derby.impl.sql.compile.JavaToSQLValueNode.bindExpression(Unknown Source)
	at org.apache.derby.impl.sql.compile.CallStatementNode.bindStatement(Unknown Source)
	at org.apache.derby.impl.sql.GenericStatement.prepMinion(Unknown Source)
	at org.apache.derby.impl.sql.GenericStatement.prepare(Unknown Source)
	at org.apache.derby.impl.sql.conn.GenericLanguageConnectionContext.prepareInternalStatement(Unknown Source)
	... 13 more
]]></system-err>
  </testcase>
  <testcase name="testWriteLOBsToAvro" classname="org.apache.nifi.processors.standard.TestExecuteSQLRecord" time="0.407">
    <system-err><![CDATA[[pool-1545-thread-1] INFO org.apache.nifi.processors.standard.ExecuteSQLRecord - ExecuteSQLRecord[id=86239388-2bad-4d48-b939-50f30b294da4] FlowFile[0,94759044182121.mockFlowFile,417B] contains 1 records; transferring to 'success'
]]></system-err>
  </testcase>
  <testcase name="testWithSqlException" classname="org.apache.nifi.processors.standard.TestExecuteSQLRecord" time="0.012">
    <system-err><![CDATA[[pool-1546-thread-1] ERROR org.apache.nifi.processors.standard.ExecuteSQLRecord - ExecuteSQLRecord[id=cd34c5c3-3939-4865-8ad1-52070622e1e9] Unable to execute SQL select query SELECT val1 FROM TEST_NO_ROWS due to java.sql.SQLSyntaxErrorException: Column 'VAL1' is either not in any table in the FROM list or appears within a join specification and is outside the scope of the join specification or appears in a HAVING clause and is not in the GROUP BY list. If this is a CREATE or ALTER TABLE  statement then 'VAL1' is not a column in the target table.. No FlowFile to route to failure: java.sql.SQLSyntaxErrorException: Column 'VAL1' is either not in any table in the FROM list or appears within a join specification and is outside the scope of the join specification or appears in a HAVING clause and is not in the GROUP BY list. If this is a CREATE or ALTER TABLE  statement then 'VAL1' is not a column in the target table.
java.sql.SQLSyntaxErrorException: Column 'VAL1' is either not in any table in the FROM list or appears within a join specification and is outside the scope of the join specification or appears in a HAVING clause and is not in the GROUP BY list. If this is a CREATE or ALTER TABLE  statement then 'VAL1' is not a column in the target table.
	at org.apache.derby.impl.jdbc.SQLExceptionFactory.getSQLException(Unknown Source)
	at org.apache.derby.impl.jdbc.Util.generateCsSQLException(Unknown Source)
	at org.apache.derby.impl.jdbc.TransactionResourceImpl.wrapInSQLException(Unknown Source)
	at org.apache.derby.impl.jdbc.TransactionResourceImpl.handleException(Unknown Source)
	at org.apache.derby.impl.jdbc.EmbedConnection.handleException(Unknown Source)
	at org.apache.derby.impl.jdbc.ConnectionChild.handleException(Unknown Source)
	at org.apache.derby.impl.jdbc.EmbedPreparedStatement.<init>(Unknown Source)
	at org.apache.derby.impl.jdbc.EmbedPreparedStatement42.<init>(Unknown Source)
	at org.apache.derby.jdbc.Driver42.newEmbedPreparedStatement(Unknown Source)
	at org.apache.derby.impl.jdbc.EmbedConnection.prepareStatement(Unknown Source)
	at org.apache.derby.impl.jdbc.EmbedConnection.prepareStatement(Unknown Source)
	at org.apache.nifi.processors.standard.AbstractExecuteSQL.onTrigger(AbstractExecuteSQL.java:240)
	at org.apache.nifi.processor.AbstractProcessor.onTrigger(AbstractProcessor.java:27)
	at org.apache.nifi.util.StandardProcessorTestRunner$RunProcessor.call(StandardProcessorTestRunner.java:284)
	at org.apache.nifi.util.StandardProcessorTestRunner$RunProcessor.call(StandardProcessorTestRunner.java:278)
	at java.util.concurrent.FutureTask.run(FutureTask.java:266)
	at java.util.concurrent.ScheduledThreadPoolExecutor$ScheduledFutureTask.access$201(ScheduledThreadPoolExecutor.java:180)
	at java.util.concurrent.ScheduledThreadPoolExecutor$ScheduledFutureTask.run(ScheduledThreadPoolExecutor.java:293)
	at java.util.concurrent.ThreadPoolExecutor.runWorker(ThreadPoolExecutor.java:1149)
	at java.util.concurrent.ThreadPoolExecutor$Worker.run(ThreadPoolExecutor.java:624)
	at java.lang.Thread.run(Thread.java:750)
Caused by: ERROR 42X04: Column 'VAL1' is either not in any table in the FROM list or appears within a join specification and is outside the scope of the join specification or appears in a HAVING clause and is not in the GROUP BY list. If this is a CREATE or ALTER TABLE  statement then 'VAL1' is not a column in the target table.
	at org.apache.derby.iapi.error.StandardException.newException(Unknown Source)
	at org.apache.derby.iapi.error.StandardException.newException(Unknown Source)
	at org.apache.derby.impl.sql.compile.ColumnReference.bindExpression(Unknown Source)
	at org.apache.derby.impl.sql.compile.ColumnReference.bindExpression(Unknown Source)
	at org.apache.derby.impl.sql.compile.ResultColumn.bindExpression(Unknown Source)
	at org.apache.derby.impl.sql.compile.ResultColumnList.bindExpressions(Unknown Source)
	at org.apache.derby.impl.sql.compile.SelectNode.bindExpressions(Unknown Source)
	at org.apache.derby.impl.sql.compile.DMLStatementNode.bindExpressions(Unknown Source)
	at org.apache.derby.impl.sql.compile.DMLStatementNode.bind(Unknown Source)
	at org.apache.derby.impl.sql.compile.CursorNode.bindStatement(Unknown Source)
	at org.apache.derby.impl.sql.GenericStatement.prepMinion(Unknown Source)
	at org.apache.derby.impl.sql.GenericStatement.prepare(Unknown Source)
	at org.apache.derby.impl.sql.conn.GenericLanguageConnectionContext.prepareInternalStatement(Unknown Source)
	... 15 more
]]></system-err>
  </testcase>
  <testcase name="testPreQuery" classname="org.apache.nifi.processors.standard.TestExecuteSQLRecord" time="0.025">
    <system-err><![CDATA[[pool-1547-thread-1] INFO org.apache.nifi.processors.standard.ExecuteSQLRecord - ExecuteSQLRecord[id=2c8dfc2f-a418-48a8-86ba-ef1b66c00c1c] FlowFile[1,94759161835295.mockFlowFile,12B] contains 1 records; transferring to 'success'
]]></system-err>
  </testcase>
  <testcase name="testInsertStatementCreatesFlowFile" classname="org.apache.nifi.processors.standard.TestExecuteSQLRecord" time="0.023"/>
  <testcase name="testNoRowsStatementCreatesEmptyFlowFile" classname="org.apache.nifi.processors.standard.TestExecuteSQLRecord" time="0.02">
    <system-err><![CDATA[[pool-1549-thread-1] INFO org.apache.nifi.processors.standard.ExecuteSQLRecord - ExecuteSQLRecord[id=bf299a4a-a4a1-409c-b22e-177d7e6ffe5f] FlowFile[1,94759207332993.mockFlowFile,0B] contains 0 records; transferring to 'success'
]]></system-err>
  </testcase>
  <testcase name="testMaxRowsPerFlowFile" classname="org.apache.nifi.processors.standard.TestExecuteSQLRecord" time="1.698">
    <system-err><![CDATA[[pool-1550-thread-1] INFO org.apache.nifi.processors.standard.ExecuteSQLRecord - ExecuteSQLRecord[id=2c0fc917-aa30-414c-b9fe-732139ba9dcf] FlowFile[0,94760896490103.mockFlowFile,60B] contains 5 records; transferring to 'success'
[pool-1550-thread-1] INFO org.apache.nifi.processors.standard.ExecuteSQLRecord - ExecuteSQLRecord[id=2c0fc917-aa30-414c-b9fe-732139ba9dcf] FlowFile[1,94760896818265.mockFlowFile,60B] contains 5 records; transferring to 'success'
[pool-1550-thread-1] INFO org.apache.nifi.processors.standard.ExecuteSQLRecord - ExecuteSQLRecord[id=2c0fc917-aa30-414c-b9fe-732139ba9dcf] FlowFile[2,94760896900769.mockFlowFile,65B] contains 5 records; transferring to 'success'
[pool-1550-thread-1] INFO org.apache.nifi.processors.standard.ExecuteSQLRecord - ExecuteSQLRecord[id=2c0fc917-aa30-414c-b9fe-732139ba9dcf] FlowFile[3,94760896989033.mockFlowFile,65B] contains 5 records; transferring to 'success'
[pool-1550-thread-1] INFO org.apache.nifi.processors.standard.ExecuteSQLRecord - ExecuteSQLRecord[id=2c0fc917-aa30-414c-b9fe-732139ba9dcf] FlowFile[4,94760897047029.mockFlowFile,65B] contains 5 records; transferring to 'success'
[pool-1550-thread-1] INFO org.apache.nifi.processors.standard.ExecuteSQLRecord - ExecuteSQLRecord[id=2c0fc917-aa30-414c-b9fe-732139ba9dcf] FlowFile[5,94760897108939.mockFlowFile,65B] contains 5 records; transferring to 'success'
[pool-1550-thread-1] INFO org.apache.nifi.processors.standard.ExecuteSQLRecord - ExecuteSQLRecord[id=2c0fc917-aa30-414c-b9fe-732139ba9dcf] FlowFile[6,94760897145404.mockFlowFile,65B] contains 5 records; transferring to 'success'
[pool-1550-thread-1] INFO org.apache.nifi.processors.standard.ExecuteSQLRecord - ExecuteSQLRecord[id=2c0fc917-aa30-414c-b9fe-732139ba9dcf] FlowFile[7,94760897185708.mockFlowFile,65B] contains 5 records; transferring to 'success'
[pool-1550-thread-1] INFO org.apache.nifi.processors.standard.ExecuteSQLRecord - ExecuteSQLRecord[id=2c0fc917-aa30-414c-b9fe-732139ba9dcf] FlowFile[8,94760897220894.mockFlowFile,65B] contains 5 records; transferring to 'success'
[pool-1550-thread-1] INFO org.apache.nifi.processors.standard.ExecuteSQLRecord - ExecuteSQLRecord[id=2c0fc917-aa30-414c-b9fe-732139ba9dcf] FlowFile[9,94760897256076.mockFlowFile,65B] contains 5 records; transferring to 'success'
[pool-1550-thread-1] INFO org.apache.nifi.processors.standard.ExecuteSQLRecord - ExecuteSQLRecord[id=2c0fc917-aa30-414c-b9fe-732139ba9dcf] FlowFile[10,94760897299400.mockFlowFile,65B] contains 5 records; transferring to 'success'
[pool-1550-thread-1] INFO org.apache.nifi.processors.standard.ExecuteSQLRecord - ExecuteSQLRecord[id=2c0fc917-aa30-414c-b9fe-732139ba9dcf] FlowFile[11,94760897336698.mockFlowFile,65B] contains 5 records; transferring to 'success'
[pool-1550-thread-1] INFO org.apache.nifi.processors.standard.ExecuteSQLRecord - ExecuteSQLRecord[id=2c0fc917-aa30-414c-b9fe-732139ba9dcf] FlowFile[12,94760897382408.mockFlowFile,65B] contains 5 records; transferring to 'success'
[pool-1550-thread-1] INFO org.apache.nifi.processors.standard.ExecuteSQLRecord - ExecuteSQLRecord[id=2c0fc917-aa30-414c-b9fe-732139ba9dcf] FlowFile[13,94760897424364.mockFlowFile,65B] contains 5 records; transferring to 'success'
[pool-1550-thread-1] INFO org.apache.nifi.processors.standard.ExecuteSQLRecord - ExecuteSQLRecord[id=2c0fc917-aa30-414c-b9fe-732139ba9dcf] FlowFile[14,94760897463375.mockFlowFile,65B] contains 5 records; transferring to 'success'
[pool-1550-thread-1] INFO org.apache.nifi.processors.standard.ExecuteSQLRecord - ExecuteSQLRecord[id=2c0fc917-aa30-414c-b9fe-732139ba9dcf] FlowFile[15,94760897498968.mockFlowFile,65B] contains 5 records; transferring to 'success'
[pool-1550-thread-1] INFO org.apache.nifi.processors.standard.ExecuteSQLRecord - ExecuteSQLRecord[id=2c0fc917-aa30-414c-b9fe-732139ba9dcf] FlowFile[16,94760897546917.mockFlowFile,65B] contains 5 records; transferring to 'success'
[pool-1550-thread-1] INFO org.apache.nifi.processors.standard.ExecuteSQLRecord - ExecuteSQLRecord[id=2c0fc917-aa30-414c-b9fe-732139ba9dcf] FlowFile[17,94760897582179.mockFlowFile,65B] contains 5 records; transferring to 'success'
[pool-1550-thread-1] INFO org.apache.nifi.processors.standard.ExecuteSQLRecord - ExecuteSQLRecord[id=2c0fc917-aa30-414c-b9fe-732139ba9dcf] FlowFile[18,94760897616075.mockFlowFile,65B] contains 5 records; transferring to 'success'
[pool-1550-thread-1] INFO org.apache.nifi.processors.standard.ExecuteSQLRecord - ExecuteSQLRecord[id=2c0fc917-aa30-414c-b9fe-732139ba9dcf] FlowFile[19,94760897650577.mockFlowFile,65B] contains 5 records; transferring to 'success'
[pool-1550-thread-1] INFO org.apache.nifi.processors.standard.ExecuteSQLRecord - ExecuteSQLRecord[id=2c0fc917-aa30-414c-b9fe-732139ba9dcf] FlowFile[20,94760897691825.mockFlowFile,70B] contains 5 records; transferring to 'success'
[pool-1550-thread-1] INFO org.apache.nifi.processors.standard.ExecuteSQLRecord - ExecuteSQLRecord[id=2c0fc917-aa30-414c-b9fe-732139ba9dcf] FlowFile[21,94760897726886.mockFlowFile,70B] contains 5 records; transferring to 'success'
[pool-1550-thread-1] INFO org.apache.nifi.processors.standard.ExecuteSQLRecord - ExecuteSQLRecord[id=2c0fc917-aa30-414c-b9fe-732139ba9dcf] FlowFile[22,94760897785119.mockFlowFile,70B] contains 5 records; transferring to 'success'
[pool-1550-thread-1] INFO org.apache.nifi.processors.standard.ExecuteSQLRecord - ExecuteSQLRecord[id=2c0fc917-aa30-414c-b9fe-732139ba9dcf] FlowFile[23,94760897830508.mockFlowFile,70B] contains 5 records; transferring to 'success'
[pool-1550-thread-1] INFO org.apache.nifi.processors.standard.ExecuteSQLRecord - ExecuteSQLRecord[id=2c0fc917-aa30-414c-b9fe-732139ba9dcf] FlowFile[24,94760897865802.mockFlowFile,70B] contains 5 records; transferring to 'success'
[pool-1550-thread-1] INFO org.apache.nifi.processors.standard.ExecuteSQLRecord - ExecuteSQLRecord[id=2c0fc917-aa30-414c-b9fe-732139ba9dcf] FlowFile[25,94760897902486.mockFlowFile,70B] contains 5 records; transferring to 'success'
[pool-1550-thread-1] INFO org.apache.nifi.processors.standard.ExecuteSQLRecord - ExecuteSQLRecord[id=2c0fc917-aa30-414c-b9fe-732139ba9dcf] FlowFile[26,94760897942661.mockFlowFile,70B] contains 5 records; transferring to 'success'
[pool-1550-thread-1] INFO org.apache.nifi.processors.standard.ExecuteSQLRecord - ExecuteSQLRecord[id=2c0fc917-aa30-414c-b9fe-732139ba9dcf] FlowFile[27,94760897977599.mockFlowFile,70B] contains 5 records; transferring to 'success'
[pool-1550-thread-1] INFO org.apache.nifi.processors.standard.ExecuteSQLRecord - ExecuteSQLRecord[id=2c0fc917-aa30-414c-b9fe-732139ba9dcf] FlowFile[28,94760898011836.mockFlowFile,70B] contains 5 records; transferring to 'success'
[pool-1550-thread-1] INFO org.apache.nifi.processors.standard.ExecuteSQLRecord - ExecuteSQLRecord[id=2c0fc917-aa30-414c-b9fe-732139ba9dcf] FlowFile[29,94760898051185.mockFlowFile,70B] contains 5 records; transferring to 'success'
[pool-1550-thread-1] INFO org.apache.nifi.processors.standard.ExecuteSQLRecord - ExecuteSQLRecord[id=2c0fc917-aa30-414c-b9fe-732139ba9dcf] FlowFile[30,94760898086174.mockFlowFile,70B] contains 5 records; transferring to 'success'
[pool-1550-thread-1] INFO org.apache.nifi.processors.standard.ExecuteSQLRecord - ExecuteSQLRecord[id=2c0fc917-aa30-414c-b9fe-732139ba9dcf] FlowFile[31,94760898121352.mockFlowFile,70B] contains 5 records; transferring to 'success'
[pool-1550-thread-1] INFO org.apache.nifi.processors.standard.ExecuteSQLRecord - ExecuteSQLRecord[id=2c0fc917-aa30-414c-b9fe-732139ba9dcf] FlowFile[32,94760898167622.mockFlowFile,70B] contains 5 records; transferring to 'success'
[pool-1550-thread-1] INFO org.apache.nifi.processors.standard.ExecuteSQLRecord - ExecuteSQLRecord[id=2c0fc917-aa30-414c-b9fe-732139ba9dcf] FlowFile[33,94760898201879.mockFlowFile,70B] contains 5 records; transferring to 'success'
[pool-1550-thread-1] INFO org.apache.nifi.processors.standard.ExecuteSQLRecord - ExecuteSQLRecord[id=2c0fc917-aa30-414c-b9fe-732139ba9dcf] FlowFile[34,94760898268401.mockFlowFile,70B] contains 5 records; transferring to 'success'
[pool-1550-thread-1] INFO org.apache.nifi.processors.standard.ExecuteSQLRecord - ExecuteSQLRecord[id=2c0fc917-aa30-414c-b9fe-732139ba9dcf] FlowFile[35,94760898306150.mockFlowFile,70B] contains 5 records; transferring to 'success'
[pool-1550-thread-1] INFO org.apache.nifi.processors.standard.ExecuteSQLRecord - ExecuteSQLRecord[id=2c0fc917-aa30-414c-b9fe-732139ba9dcf] FlowFile[36,94760898349129.mockFlowFile,70B] contains 5 records; transferring to 'success'
[pool-1550-thread-1] INFO org.apache.nifi.processors.standard.ExecuteSQLRecord - ExecuteSQLRecord[id=2c0fc917-aa30-414c-b9fe-732139ba9dcf] FlowFile[37,94760898383873.mockFlowFile,70B] contains 5 records; transferring to 'success'
[pool-1550-thread-1] INFO org.apache.nifi.processors.standard.ExecuteSQLRecord - ExecuteSQLRecord[id=2c0fc917-aa30-414c-b9fe-732139ba9dcf] FlowFile[38,94760898417603.mockFlowFile,70B] contains 5 records; transferring to 'success'
[pool-1550-thread-1] INFO org.apache.nifi.processors.standard.ExecuteSQLRecord - ExecuteSQLRecord[id=2c0fc917-aa30-414c-b9fe-732139ba9dcf] FlowFile[39,94760898475125.mockFlowFile,70B] contains 5 records; transferring to 'success'
[pool-1550-thread-1] INFO org.apache.nifi.processors.standard.ExecuteSQLRecord - ExecuteSQLRecord[id=2c0fc917-aa30-414c-b9fe-732139ba9dcf] FlowFile[40,94760898509843.mockFlowFile,70B] contains 5 records; transferring to 'success'
[pool-1550-thread-1] INFO org.apache.nifi.processors.standard.ExecuteSQLRecord - ExecuteSQLRecord[id=2c0fc917-aa30-414c-b9fe-732139ba9dcf] FlowFile[41,94760898544023.mockFlowFile,70B] contains 5 records; transferring to 'success'
[pool-1550-thread-1] INFO org.apache.nifi.processors.standard.ExecuteSQLRecord - ExecuteSQLRecord[id=2c0fc917-aa30-414c-b9fe-732139ba9dcf] FlowFile[42,94760898583635.mockFlowFile,70B] contains 5 records; transferring to 'success'
[pool-1550-thread-1] INFO org.apache.nifi.processors.standard.ExecuteSQLRecord - ExecuteSQLRecord[id=2c0fc917-aa30-414c-b9fe-732139ba9dcf] FlowFile[43,94760898620932.mockFlowFile,70B] contains 5 records; transferring to 'success'
[pool-1550-thread-1] INFO org.apache.nifi.processors.standard.ExecuteSQLRecord - ExecuteSQLRecord[id=2c0fc917-aa30-414c-b9fe-732139ba9dcf] FlowFile[44,94760898655458.mockFlowFile,70B] contains 5 records; transferring to 'success'
[pool-1550-thread-1] INFO org.apache.nifi.processors.standard.ExecuteSQLRecord - ExecuteSQLRecord[id=2c0fc917-aa30-414c-b9fe-732139ba9dcf] FlowFile[45,94760898696318.mockFlowFile,70B] contains 5 records; transferring to 'success'
[pool-1550-thread-1] INFO org.apache.nifi.processors.standard.ExecuteSQLRecord - ExecuteSQLRecord[id=2c0fc917-aa30-414c-b9fe-732139ba9dcf] FlowFile[46,94760898730444.mockFlowFile,70B] contains 5 records; transferring to 'success'
[pool-1550-thread-1] INFO org.apache.nifi.processors.standard.ExecuteSQLRecord - ExecuteSQLRecord[id=2c0fc917-aa30-414c-b9fe-732139ba9dcf] FlowFile[47,94760898764411.mockFlowFile,70B] contains 5 records; transferring to 'success'
[pool-1550-thread-1] INFO org.apache.nifi.processors.standard.ExecuteSQLRecord - ExecuteSQLRecord[id=2c0fc917-aa30-414c-b9fe-732139ba9dcf] FlowFile[48,94760898811927.mockFlowFile,70B] contains 5 records; transferring to 'success'
[pool-1550-thread-1] INFO org.apache.nifi.processors.standard.ExecuteSQLRecord - ExecuteSQLRecord[id=2c0fc917-aa30-414c-b9fe-732139ba9dcf] FlowFile[49,94760898853170.mockFlowFile,70B] contains 5 records; transferring to 'success'
[pool-1550-thread-1] INFO org.apache.nifi.processors.standard.ExecuteSQLRecord - ExecuteSQLRecord[id=2c0fc917-aa30-414c-b9fe-732139ba9dcf] FlowFile[50,94760898888068.mockFlowFile,70B] contains 5 records; transferring to 'success'
[pool-1550-thread-1] INFO org.apache.nifi.processors.standard.ExecuteSQLRecord - ExecuteSQLRecord[id=2c0fc917-aa30-414c-b9fe-732139ba9dcf] FlowFile[51,94760898922204.mockFlowFile,70B] contains 5 records; transferring to 'success'
[pool-1550-thread-1] INFO org.apache.nifi.processors.standard.ExecuteSQLRecord - ExecuteSQLRecord[id=2c0fc917-aa30-414c-b9fe-732139ba9dcf] FlowFile[52,94760898962053.mockFlowFile,70B] contains 5 records; transferring to 'success'
[pool-1550-thread-1] INFO org.apache.nifi.processors.standard.ExecuteSQLRecord - ExecuteSQLRecord[id=2c0fc917-aa30-414c-b9fe-732139ba9dcf] FlowFile[53,94760898996031.mockFlowFile,70B] contains 5 records; transferring to 'success'
[pool-1550-thread-1] INFO org.apache.nifi.processors.standard.ExecuteSQLRecord - ExecuteSQLRecord[id=2c0fc917-aa30-414c-b9fe-732139ba9dcf] FlowFile[54,94760899031580.mockFlowFile,70B] contains 5 records; transferring to 'success'
[pool-1550-thread-1] INFO org.apache.nifi.processors.standard.ExecuteSQLRecord - ExecuteSQLRecord[id=2c0fc917-aa30-414c-b9fe-732139ba9dcf] FlowFile[55,94760899070515.mockFlowFile,70B] contains 5 records; transferring to 'success'
[pool-1550-thread-1] INFO org.apache.nifi.processors.standard.ExecuteSQLRecord - ExecuteSQLRecord[id=2c0fc917-aa30-414c-b9fe-732139ba9dcf] FlowFile[56,94760899105730.mockFlowFile,70B] contains 5 records; transferring to 'success'
[pool-1550-thread-1] INFO org.apache.nifi.processors.standard.ExecuteSQLRecord - ExecuteSQLRecord[id=2c0fc917-aa30-414c-b9fe-732139ba9dcf] FlowFile[57,94760899140513.mockFlowFile,70B] contains 5 records; transferring to 'success'
[pool-1550-thread-1] INFO org.apache.nifi.processors.standard.ExecuteSQLRecord - ExecuteSQLRecord[id=2c0fc917-aa30-414c-b9fe-732139ba9dcf] FlowFile[58,94760899179627.mockFlowFile,70B] contains 5 records; transferring to 'success'
[pool-1550-thread-1] INFO org.apache.nifi.processors.standard.ExecuteSQLRecord - ExecuteSQLRecord[id=2c0fc917-aa30-414c-b9fe-732139ba9dcf] FlowFile[59,94760899214236.mockFlowFile,70B] contains 5 records; transferring to 'success'
[pool-1550-thread-1] INFO org.apache.nifi.processors.standard.ExecuteSQLRecord - ExecuteSQLRecord[id=2c0fc917-aa30-414c-b9fe-732139ba9dcf] FlowFile[60,94760899248356.mockFlowFile,70B] contains 5 records; transferring to 'success'
[pool-1550-thread-1] INFO org.apache.nifi.processors.standard.ExecuteSQLRecord - ExecuteSQLRecord[id=2c0fc917-aa30-414c-b9fe-732139ba9dcf] FlowFile[61,94760899287850.mockFlowFile,70B] contains 5 records; transferring to 'success'
[pool-1550-thread-1] INFO org.apache.nifi.processors.standard.ExecuteSQLRecord - ExecuteSQLRecord[id=2c0fc917-aa30-414c-b9fe-732139ba9dcf] FlowFile[62,94760899324084.mockFlowFile,70B] contains 5 records; transferring to 'success'
[pool-1550-thread-1] INFO org.apache.nifi.processors.standard.ExecuteSQLRecord - ExecuteSQLRecord[id=2c0fc917-aa30-414c-b9fe-732139ba9dcf] FlowFile[63,94760899357636.mockFlowFile,70B] contains 5 records; transferring to 'success'
[pool-1550-thread-1] INFO org.apache.nifi.processors.standard.ExecuteSQLRecord - ExecuteSQLRecord[id=2c0fc917-aa30-414c-b9fe-732139ba9dcf] FlowFile[64,94760899403083.mockFlowFile,70B] contains 5 records; transferring to 'success'
[pool-1550-thread-1] INFO org.apache.nifi.processors.standard.ExecuteSQLRecord - ExecuteSQLRecord[id=2c0fc917-aa30-414c-b9fe-732139ba9dcf] FlowFile[65,94760899438984.mockFlowFile,70B] contains 5 records; transferring to 'success'
[pool-1550-thread-1] INFO org.apache.nifi.processors.standard.ExecuteSQLRecord - ExecuteSQLRecord[id=2c0fc917-aa30-414c-b9fe-732139ba9dcf] FlowFile[66,94760899472960.mockFlowFile,70B] contains 5 records; transferring to 'success'
[pool-1550-thread-1] INFO org.apache.nifi.processors.standard.ExecuteSQLRecord - ExecuteSQLRecord[id=2c0fc917-aa30-414c-b9fe-732139ba9dcf] FlowFile[67,94760899507254.mockFlowFile,70B] contains 5 records; transferring to 'success'
[pool-1550-thread-1] INFO org.apache.nifi.processors.standard.ExecuteSQLRecord - ExecuteSQLRecord[id=2c0fc917-aa30-414c-b9fe-732139ba9dcf] FlowFile[68,94760899548175.mockFlowFile,70B] contains 5 records; transferring to 'success'
[pool-1550-thread-1] INFO org.apache.nifi.processors.standard.ExecuteSQLRecord - ExecuteSQLRecord[id=2c0fc917-aa30-414c-b9fe-732139ba9dcf] FlowFile[69,94760899582232.mockFlowFile,70B] contains 5 records; transferring to 'success'
[pool-1550-thread-1] INFO org.apache.nifi.processors.standard.ExecuteSQLRecord - ExecuteSQLRecord[id=2c0fc917-aa30-414c-b9fe-732139ba9dcf] FlowFile[70,94760899616322.mockFlowFile,70B] contains 5 records; transferring to 'success'
[pool-1550-thread-1] INFO org.apache.nifi.processors.standard.ExecuteSQLRecord - ExecuteSQLRecord[id=2c0fc917-aa30-414c-b9fe-732139ba9dcf] FlowFile[71,94760899655085.mockFlowFile,70B] contains 5 records; transferring to 'success'
[pool-1550-thread-1] INFO org.apache.nifi.processors.standard.ExecuteSQLRecord - ExecuteSQLRecord[id=2c0fc917-aa30-414c-b9fe-732139ba9dcf] FlowFile[72,94760899691605.mockFlowFile,70B] contains 5 records; transferring to 'success'
[pool-1550-thread-1] INFO org.apache.nifi.processors.standard.ExecuteSQLRecord - ExecuteSQLRecord[id=2c0fc917-aa30-414c-b9fe-732139ba9dcf] FlowFile[73,94760899726134.mockFlowFile,70B] contains 5 records; transferring to 'success'
[pool-1550-thread-1] INFO org.apache.nifi.processors.standard.ExecuteSQLRecord - ExecuteSQLRecord[id=2c0fc917-aa30-414c-b9fe-732139ba9dcf] FlowFile[74,94760899765613.mockFlowFile,70B] contains 5 records; transferring to 'success'
[pool-1550-thread-1] INFO org.apache.nifi.processors.standard.ExecuteSQLRecord - ExecuteSQLRecord[id=2c0fc917-aa30-414c-b9fe-732139ba9dcf] FlowFile[75,94760899803139.mockFlowFile,70B] contains 5 records; transferring to 'success'
[pool-1550-thread-1] INFO org.apache.nifi.processors.standard.ExecuteSQLRecord - ExecuteSQLRecord[id=2c0fc917-aa30-414c-b9fe-732139ba9dcf] FlowFile[76,94760899837594.mockFlowFile,70B] contains 5 records; transferring to 'success'
[pool-1550-thread-1] INFO org.apache.nifi.processors.standard.ExecuteSQLRecord - ExecuteSQLRecord[id=2c0fc917-aa30-414c-b9fe-732139ba9dcf] FlowFile[77,94760899876772.mockFlowFile,70B] contains 5 records; transferring to 'success'
[pool-1550-thread-1] INFO org.apache.nifi.processors.standard.ExecuteSQLRecord - ExecuteSQLRecord[id=2c0fc917-aa30-414c-b9fe-732139ba9dcf] FlowFile[78,94760899911114.mockFlowFile,70B] contains 5 records; transferring to 'success'
[pool-1550-thread-1] INFO org.apache.nifi.processors.standard.ExecuteSQLRecord - ExecuteSQLRecord[id=2c0fc917-aa30-414c-b9fe-732139ba9dcf] FlowFile[79,94760899945041.mockFlowFile,70B] contains 5 records; transferring to 'success'
[pool-1550-thread-1] INFO org.apache.nifi.processors.standard.ExecuteSQLRecord - ExecuteSQLRecord[id=2c0fc917-aa30-414c-b9fe-732139ba9dcf] FlowFile[80,94760899991094.mockFlowFile,70B] contains 5 records; transferring to 'success'
[pool-1550-thread-1] INFO org.apache.nifi.processors.standard.ExecuteSQLRecord - ExecuteSQLRecord[id=2c0fc917-aa30-414c-b9fe-732139ba9dcf] FlowFile[81,94760900058971.mockFlowFile,70B] contains 5 records; transferring to 'success'
[pool-1550-thread-1] INFO org.apache.nifi.processors.standard.ExecuteSQLRecord - ExecuteSQLRecord[id=2c0fc917-aa30-414c-b9fe-732139ba9dcf] FlowFile[82,94760900097007.mockFlowFile,70B] contains 5 records; transferring to 'success'
[pool-1550-thread-1] INFO org.apache.nifi.processors.standard.ExecuteSQLRecord - ExecuteSQLRecord[id=2c0fc917-aa30-414c-b9fe-732139ba9dcf] FlowFile[83,94760900131389.mockFlowFile,70B] contains 5 records; transferring to 'success'
[pool-1550-thread-1] INFO org.apache.nifi.processors.standard.ExecuteSQLRecord - ExecuteSQLRecord[id=2c0fc917-aa30-414c-b9fe-732139ba9dcf] FlowFile[84,94760900172185.mockFlowFile,70B] contains 5 records; transferring to 'success'
[pool-1550-thread-1] INFO org.apache.nifi.processors.standard.ExecuteSQLRecord - ExecuteSQLRecord[id=2c0fc917-aa30-414c-b9fe-732139ba9dcf] FlowFile[85,94760900207460.mockFlowFile,70B] contains 5 records; transferring to 'success'
[pool-1550-thread-1] INFO org.apache.nifi.processors.standard.ExecuteSQLRecord - ExecuteSQLRecord[id=2c0fc917-aa30-414c-b9fe-732139ba9dcf] FlowFile[86,94760900243126.mockFlowFile,70B] contains 5 records; transferring to 'success'
[pool-1550-thread-1] INFO org.apache.nifi.processors.standard.ExecuteSQLRecord - ExecuteSQLRecord[id=2c0fc917-aa30-414c-b9fe-732139ba9dcf] FlowFile[87,94760900282105.mockFlowFile,70B] contains 5 records; transferring to 'success'
[pool-1550-thread-1] INFO org.apache.nifi.processors.standard.ExecuteSQLRecord - ExecuteSQLRecord[id=2c0fc917-aa30-414c-b9fe-732139ba9dcf] FlowFile[88,94760900318687.mockFlowFile,70B] contains 5 records; transferring to 'success'
[pool-1550-thread-1] INFO org.apache.nifi.processors.standard.ExecuteSQLRecord - ExecuteSQLRecord[id=2c0fc917-aa30-414c-b9fe-732139ba9dcf] FlowFile[89,94760900360608.mockFlowFile,70B] contains 5 records; transferring to 'success'
[pool-1550-thread-1] INFO org.apache.nifi.processors.standard.ExecuteSQLRecord - ExecuteSQLRecord[id=2c0fc917-aa30-414c-b9fe-732139ba9dcf] FlowFile[90,94760900401873.mockFlowFile,70B] contains 5 records; transferring to 'success'
[pool-1550-thread-1] INFO org.apache.nifi.processors.standard.ExecuteSQLRecord - ExecuteSQLRecord[id=2c0fc917-aa30-414c-b9fe-732139ba9dcf] FlowFile[91,94760900438123.mockFlowFile,70B] contains 5 records; transferring to 'success'
[pool-1550-thread-1] INFO org.apache.nifi.processors.standard.ExecuteSQLRecord - ExecuteSQLRecord[id=2c0fc917-aa30-414c-b9fe-732139ba9dcf] FlowFile[92,94760900473591.mockFlowFile,70B] contains 5 records; transferring to 'success'
[pool-1550-thread-1] INFO org.apache.nifi.processors.standard.ExecuteSQLRecord - ExecuteSQLRecord[id=2c0fc917-aa30-414c-b9fe-732139ba9dcf] FlowFile[93,94760900514318.mockFlowFile,70B] contains 5 records; transferring to 'success'
[pool-1550-thread-1] INFO org.apache.nifi.processors.standard.ExecuteSQLRecord - ExecuteSQLRecord[id=2c0fc917-aa30-414c-b9fe-732139ba9dcf] FlowFile[94,94760900549850.mockFlowFile,70B] contains 5 records; transferring to 'success'
[pool-1550-thread-1] INFO org.apache.nifi.processors.standard.ExecuteSQLRecord - ExecuteSQLRecord[id=2c0fc917-aa30-414c-b9fe-732139ba9dcf] FlowFile[95,94760900584510.mockFlowFile,70B] contains 5 records; transferring to 'success'
[pool-1550-thread-1] INFO org.apache.nifi.processors.standard.ExecuteSQLRecord - ExecuteSQLRecord[id=2c0fc917-aa30-414c-b9fe-732139ba9dcf] FlowFile[96,94760900632602.mockFlowFile,70B] contains 5 records; transferring to 'success'
[pool-1550-thread-1] INFO org.apache.nifi.processors.standard.ExecuteSQLRecord - ExecuteSQLRecord[id=2c0fc917-aa30-414c-b9fe-732139ba9dcf] FlowFile[97,94760900678554.mockFlowFile,70B] contains 5 records; transferring to 'success'
[pool-1550-thread-1] INFO org.apache.nifi.processors.standard.ExecuteSQLRecord - ExecuteSQLRecord[id=2c0fc917-aa30-414c-b9fe-732139ba9dcf] FlowFile[98,94760900713235.mockFlowFile,70B] contains 5 records; transferring to 'success'
[pool-1550-thread-1] INFO org.apache.nifi.processors.standard.ExecuteSQLRecord - ExecuteSQLRecord[id=2c0fc917-aa30-414c-b9fe-732139ba9dcf] FlowFile[99,94760900749117.mockFlowFile,70B] contains 5 records; transferring to 'success'
[pool-1550-thread-1] INFO org.apache.nifi.processors.standard.ExecuteSQLRecord - ExecuteSQLRecord[id=2c0fc917-aa30-414c-b9fe-732139ba9dcf] FlowFile[100,94760900789049.mockFlowFile,70B] contains 5 records; transferring to 'success'
[pool-1550-thread-1] INFO org.apache.nifi.processors.standard.ExecuteSQLRecord - ExecuteSQLRecord[id=2c0fc917-aa30-414c-b9fe-732139ba9dcf] FlowFile[101,94760900824574.mockFlowFile,70B] contains 5 records; transferring to 'success'
[pool-1550-thread-1] INFO org.apache.nifi.processors.standard.ExecuteSQLRecord - ExecuteSQLRecord[id=2c0fc917-aa30-414c-b9fe-732139ba9dcf] FlowFile[102,94760900862148.mockFlowFile,70B] contains 5 records; transferring to 'success'
[pool-1550-thread-1] INFO org.apache.nifi.processors.standard.ExecuteSQLRecord - ExecuteSQLRecord[id=2c0fc917-aa30-414c-b9fe-732139ba9dcf] FlowFile[103,94760900901898.mockFlowFile,70B] contains 5 records; transferring to 'success'
[pool-1550-thread-1] INFO org.apache.nifi.processors.standard.ExecuteSQLRecord - ExecuteSQLRecord[id=2c0fc917-aa30-414c-b9fe-732139ba9dcf] FlowFile[104,94760900936679.mockFlowFile,70B] contains 5 records; transferring to 'success'
[pool-1550-thread-1] INFO org.apache.nifi.processors.standard.ExecuteSQLRecord - ExecuteSQLRecord[id=2c0fc917-aa30-414c-b9fe-732139ba9dcf] FlowFile[105,94760900972282.mockFlowFile,70B] contains 5 records; transferring to 'success'
[pool-1550-thread-1] INFO org.apache.nifi.processors.standard.ExecuteSQLRecord - ExecuteSQLRecord[id=2c0fc917-aa30-414c-b9fe-732139ba9dcf] FlowFile[106,94760901012581.mockFlowFile,70B] contains 5 records; transferring to 'success'
[pool-1550-thread-1] INFO org.apache.nifi.processors.standard.ExecuteSQLRecord - ExecuteSQLRecord[id=2c0fc917-aa30-414c-b9fe-732139ba9dcf] FlowFile[107,94760901048037.mockFlowFile,70B] contains 5 records; transferring to 'success'
[pool-1550-thread-1] INFO org.apache.nifi.processors.standard.ExecuteSQLRecord - ExecuteSQLRecord[id=2c0fc917-aa30-414c-b9fe-732139ba9dcf] FlowFile[108,94760901082315.mockFlowFile,70B] contains 5 records; transferring to 'success'
[pool-1550-thread-1] INFO org.apache.nifi.processors.standard.ExecuteSQLRecord - ExecuteSQLRecord[id=2c0fc917-aa30-414c-b9fe-732139ba9dcf] FlowFile[109,94760901122745.mockFlowFile,70B] contains 5 records; transferring to 'success'
[pool-1550-thread-1] INFO org.apache.nifi.processors.standard.ExecuteSQLRecord - ExecuteSQLRecord[id=2c0fc917-aa30-414c-b9fe-732139ba9dcf] FlowFile[110,94760901157911.mockFlowFile,70B] contains 5 records; transferring to 'success'
[pool-1550-thread-1] INFO org.apache.nifi.processors.standard.ExecuteSQLRecord - ExecuteSQLRecord[id=2c0fc917-aa30-414c-b9fe-732139ba9dcf] FlowFile[111,94760901197047.mockFlowFile,70B] contains 5 records; transferring to 'success'
[pool-1550-thread-1] INFO org.apache.nifi.processors.standard.ExecuteSQLRecord - ExecuteSQLRecord[id=2c0fc917-aa30-414c-b9fe-732139ba9dcf] FlowFile[112,94760901242823.mockFlowFile,70B] contains 5 records; transferring to 'success'
[pool-1550-thread-1] INFO org.apache.nifi.processors.standard.ExecuteSQLRecord - ExecuteSQLRecord[id=2c0fc917-aa30-414c-b9fe-732139ba9dcf] FlowFile[113,94760901277411.mockFlowFile,70B] contains 5 records; transferring to 'success'
[pool-1550-thread-1] INFO org.apache.nifi.processors.standard.ExecuteSQLRecord - ExecuteSQLRecord[id=2c0fc917-aa30-414c-b9fe-732139ba9dcf] FlowFile[114,94760901311753.mockFlowFile,70B] contains 5 records; transferring to 'success'
[pool-1550-thread-1] INFO org.apache.nifi.processors.standard.ExecuteSQLRecord - ExecuteSQLRecord[id=2c0fc917-aa30-414c-b9fe-732139ba9dcf] FlowFile[115,94760901348166.mockFlowFile,70B] contains 5 records; transferring to 'success'
[pool-1550-thread-1] INFO org.apache.nifi.processors.standard.ExecuteSQLRecord - ExecuteSQLRecord[id=2c0fc917-aa30-414c-b9fe-732139ba9dcf] FlowFile[116,94760901389791.mockFlowFile,70B] contains 5 records; transferring to 'success'
[pool-1550-thread-1] INFO org.apache.nifi.processors.standard.ExecuteSQLRecord - ExecuteSQLRecord[id=2c0fc917-aa30-414c-b9fe-732139ba9dcf] FlowFile[117,94760901424667.mockFlowFile,70B] contains 5 records; transferring to 'success'
[pool-1550-thread-1] INFO org.apache.nifi.processors.standard.ExecuteSQLRecord - ExecuteSQLRecord[id=2c0fc917-aa30-414c-b9fe-732139ba9dcf] FlowFile[118,94760901460219.mockFlowFile,70B] contains 5 records; transferring to 'success'
[pool-1550-thread-1] INFO org.apache.nifi.processors.standard.ExecuteSQLRecord - ExecuteSQLRecord[id=2c0fc917-aa30-414c-b9fe-732139ba9dcf] FlowFile[119,94760901500053.mockFlowFile,70B] contains 5 records; transferring to 'success'
[pool-1550-thread-1] INFO org.apache.nifi.processors.standard.ExecuteSQLRecord - ExecuteSQLRecord[id=2c0fc917-aa30-414c-b9fe-732139ba9dcf] FlowFile[120,94760901535107.mockFlowFile,70B] contains 5 records; transferring to 'success'
[pool-1550-thread-1] INFO org.apache.nifi.processors.standard.ExecuteSQLRecord - ExecuteSQLRecord[id=2c0fc917-aa30-414c-b9fe-732139ba9dcf] FlowFile[121,94760901569541.mockFlowFile,70B] contains 5 records; transferring to 'success'
[pool-1550-thread-1] INFO org.apache.nifi.processors.standard.ExecuteSQLRecord - ExecuteSQLRecord[id=2c0fc917-aa30-414c-b9fe-732139ba9dcf] FlowFile[122,94760901609341.mockFlowFile,70B] contains 5 records; transferring to 'success'
[pool-1550-thread-1] INFO org.apache.nifi.processors.standard.ExecuteSQLRecord - ExecuteSQLRecord[id=2c0fc917-aa30-414c-b9fe-732139ba9dcf] FlowFile[123,94760901643471.mockFlowFile,70B] contains 5 records; transferring to 'success'
[pool-1550-thread-1] INFO org.apache.nifi.processors.standard.ExecuteSQLRecord - ExecuteSQLRecord[id=2c0fc917-aa30-414c-b9fe-732139ba9dcf] FlowFile[124,94760901679585.mockFlowFile,70B] contains 5 records; transferring to 'success'
[pool-1550-thread-1] INFO org.apache.nifi.processors.standard.ExecuteSQLRecord - ExecuteSQLRecord[id=2c0fc917-aa30-414c-b9fe-732139ba9dcf] FlowFile[125,94760901719338.mockFlowFile,70B] contains 5 records; transferring to 'success'
[pool-1550-thread-1] INFO org.apache.nifi.processors.standard.ExecuteSQLRecord - ExecuteSQLRecord[id=2c0fc917-aa30-414c-b9fe-732139ba9dcf] FlowFile[126,94760901755771.mockFlowFile,70B] contains 5 records; transferring to 'success'
[pool-1550-thread-1] INFO org.apache.nifi.processors.standard.ExecuteSQLRecord - ExecuteSQLRecord[id=2c0fc917-aa30-414c-b9fe-732139ba9dcf] FlowFile[127,94760901790381.mockFlowFile,70B] contains 5 records; transferring to 'success'
[pool-1550-thread-1] INFO org.apache.nifi.processors.standard.ExecuteSQLRecord - ExecuteSQLRecord[id=2c0fc917-aa30-414c-b9fe-732139ba9dcf] FlowFile[128,94760901836596.mockFlowFile,70B] contains 5 records; transferring to 'success'
[pool-1550-thread-1] INFO org.apache.nifi.processors.standard.ExecuteSQLRecord - ExecuteSQLRecord[id=2c0fc917-aa30-414c-b9fe-732139ba9dcf] FlowFile[129,94760901872539.mockFlowFile,70B] contains 5 records; transferring to 'success'
[pool-1550-thread-1] INFO org.apache.nifi.processors.standard.ExecuteSQLRecord - ExecuteSQLRecord[id=2c0fc917-aa30-414c-b9fe-732139ba9dcf] FlowFile[130,94760901906784.mockFlowFile,70B] contains 5 records; transferring to 'success'
[pool-1550-thread-1] INFO org.apache.nifi.processors.standard.ExecuteSQLRecord - ExecuteSQLRecord[id=2c0fc917-aa30-414c-b9fe-732139ba9dcf] FlowFile[131,94760901941825.mockFlowFile,70B] contains 5 records; transferring to 'success'
[pool-1550-thread-1] INFO org.apache.nifi.processors.standard.ExecuteSQLRecord - ExecuteSQLRecord[id=2c0fc917-aa30-414c-b9fe-732139ba9dcf] FlowFile[132,94760901981752.mockFlowFile,70B] contains 5 records; transferring to 'success'
[pool-1550-thread-1] INFO org.apache.nifi.processors.standard.ExecuteSQLRecord - ExecuteSQLRecord[id=2c0fc917-aa30-414c-b9fe-732139ba9dcf] FlowFile[133,94760902016817.mockFlowFile,70B] contains 5 records; transferring to 'success'
[pool-1550-thread-1] INFO org.apache.nifi.processors.standard.ExecuteSQLRecord - ExecuteSQLRecord[id=2c0fc917-aa30-414c-b9fe-732139ba9dcf] FlowFile[134,94760902052092.mockFlowFile,70B] contains 5 records; transferring to 'success'
[pool-1550-thread-1] INFO org.apache.nifi.processors.standard.ExecuteSQLRecord - ExecuteSQLRecord[id=2c0fc917-aa30-414c-b9fe-732139ba9dcf] FlowFile[135,94760902092683.mockFlowFile,70B] contains 5 records; transferring to 'success'
[pool-1550-thread-1] INFO org.apache.nifi.processors.standard.ExecuteSQLRecord - ExecuteSQLRecord[id=2c0fc917-aa30-414c-b9fe-732139ba9dcf] FlowFile[136,94760902127909.mockFlowFile,70B] contains 5 records; transferring to 'success'
[pool-1550-thread-1] INFO org.apache.nifi.processors.standard.ExecuteSQLRecord - ExecuteSQLRecord[id=2c0fc917-aa30-414c-b9fe-732139ba9dcf] FlowFile[137,94760902162006.mockFlowFile,70B] contains 5 records; transferring to 'success'
[pool-1550-thread-1] INFO org.apache.nifi.processors.standard.ExecuteSQLRecord - ExecuteSQLRecord[id=2c0fc917-aa30-414c-b9fe-732139ba9dcf] FlowFile[138,94760902202882.mockFlowFile,70B] contains 5 records; transferring to 'success'
[pool-1550-thread-1] INFO org.apache.nifi.processors.standard.ExecuteSQLRecord - ExecuteSQLRecord[id=2c0fc917-aa30-414c-b9fe-732139ba9dcf] FlowFile[139,94760902241426.mockFlowFile,70B] contains 5 records; transferring to 'success'
[pool-1550-thread-1] INFO org.apache.nifi.processors.standard.ExecuteSQLRecord - ExecuteSQLRecord[id=2c0fc917-aa30-414c-b9fe-732139ba9dcf] FlowFile[140,94760902288786.mockFlowFile,70B] contains 5 records; transferring to 'success'
[pool-1550-thread-1] INFO org.apache.nifi.processors.standard.ExecuteSQLRecord - ExecuteSQLRecord[id=2c0fc917-aa30-414c-b9fe-732139ba9dcf] FlowFile[141,94760902332023.mockFlowFile,70B] contains 5 records; transferring to 'success'
[pool-1550-thread-1] INFO org.apache.nifi.processors.standard.ExecuteSQLRecord - ExecuteSQLRecord[id=2c0fc917-aa30-414c-b9fe-732139ba9dcf] FlowFile[142,94760902380136.mockFlowFile,70B] contains 5 records; transferring to 'success'
[pool-1550-thread-1] INFO org.apache.nifi.processors.standard.ExecuteSQLRecord - ExecuteSQLRecord[id=2c0fc917-aa30-414c-b9fe-732139ba9dcf] FlowFile[143,94760902416296.mockFlowFile,70B] contains 5 records; transferring to 'success'
[pool-1550-thread-1] INFO org.apache.nifi.processors.standard.ExecuteSQLRecord - ExecuteSQLRecord[id=2c0fc917-aa30-414c-b9fe-732139ba9dcf] FlowFile[144,94760902463846.mockFlowFile,70B] contains 5 records; transferring to 'success'
[pool-1550-thread-1] INFO org.apache.nifi.processors.standard.ExecuteSQLRecord - ExecuteSQLRecord[id=2c0fc917-aa30-414c-b9fe-732139ba9dcf] FlowFile[145,94760902498829.mockFlowFile,70B] contains 5 records; transferring to 'success'
[pool-1550-thread-1] INFO org.apache.nifi.processors.standard.ExecuteSQLRecord - ExecuteSQLRecord[id=2c0fc917-aa30-414c-b9fe-732139ba9dcf] FlowFile[146,94760902534287.mockFlowFile,70B] contains 5 records; transferring to 'success'
[pool-1550-thread-1] INFO org.apache.nifi.processors.standard.ExecuteSQLRecord - ExecuteSQLRecord[id=2c0fc917-aa30-414c-b9fe-732139ba9dcf] FlowFile[147,94760902570961.mockFlowFile,70B] contains 5 records; transferring to 'success'
[pool-1550-thread-1] INFO org.apache.nifi.processors.standard.ExecuteSQLRecord - ExecuteSQLRecord[id=2c0fc917-aa30-414c-b9fe-732139ba9dcf] FlowFile[148,94760902615810.mockFlowFile,70B] contains 5 records; transferring to 'success'
[pool-1550-thread-1] INFO org.apache.nifi.processors.standard.ExecuteSQLRecord - ExecuteSQLRecord[id=2c0fc917-aa30-414c-b9fe-732139ba9dcf] FlowFile[149,94760902652240.mockFlowFile,70B] contains 5 records; transferring to 'success'
[pool-1550-thread-1] INFO org.apache.nifi.processors.standard.ExecuteSQLRecord - ExecuteSQLRecord[id=2c0fc917-aa30-414c-b9fe-732139ba9dcf] FlowFile[150,94760902688702.mockFlowFile,70B] contains 5 records; transferring to 'success'
[pool-1550-thread-1] INFO org.apache.nifi.processors.standard.ExecuteSQLRecord - ExecuteSQLRecord[id=2c0fc917-aa30-414c-b9fe-732139ba9dcf] FlowFile[151,94760902728865.mockFlowFile,70B] contains 5 records; transferring to 'success'
[pool-1550-thread-1] INFO org.apache.nifi.processors.standard.ExecuteSQLRecord - ExecuteSQLRecord[id=2c0fc917-aa30-414c-b9fe-732139ba9dcf] FlowFile[152,94760902763754.mockFlowFile,70B] contains 5 records; transferring to 'success'
[pool-1550-thread-1] INFO org.apache.nifi.processors.standard.ExecuteSQLRecord - ExecuteSQLRecord[id=2c0fc917-aa30-414c-b9fe-732139ba9dcf] FlowFile[153,94760902797387.mockFlowFile,70B] contains 5 records; transferring to 'success'
[pool-1550-thread-1] INFO org.apache.nifi.processors.standard.ExecuteSQLRecord - ExecuteSQLRecord[id=2c0fc917-aa30-414c-b9fe-732139ba9dcf] FlowFile[154,94760902839568.mockFlowFile,70B] contains 5 records; transferring to 'success'
[pool-1550-thread-1] INFO org.apache.nifi.processors.standard.ExecuteSQLRecord - ExecuteSQLRecord[id=2c0fc917-aa30-414c-b9fe-732139ba9dcf] FlowFile[155,94760902874643.mockFlowFile,70B] contains 5 records; transferring to 'success'
[pool-1550-thread-1] INFO org.apache.nifi.processors.standard.ExecuteSQLRecord - ExecuteSQLRecord[id=2c0fc917-aa30-414c-b9fe-732139ba9dcf] FlowFile[156,94760902910203.mockFlowFile,70B] contains 5 records; transferring to 'success'
[pool-1550-thread-1] INFO org.apache.nifi.processors.standard.ExecuteSQLRecord - ExecuteSQLRecord[id=2c0fc917-aa30-414c-b9fe-732139ba9dcf] FlowFile[157,94760902950607.mockFlowFile,70B] contains 5 records; transferring to 'success'
[pool-1550-thread-1] INFO org.apache.nifi.processors.standard.ExecuteSQLRecord - ExecuteSQLRecord[id=2c0fc917-aa30-414c-b9fe-732139ba9dcf] FlowFile[158,94760902985725.mockFlowFile,70B] contains 5 records; transferring to 'success'
[pool-1550-thread-1] INFO org.apache.nifi.processors.standard.ExecuteSQLRecord - ExecuteSQLRecord[id=2c0fc917-aa30-414c-b9fe-732139ba9dcf] FlowFile[159,94760903021781.mockFlowFile,70B] contains 5 records; transferring to 'success'
[pool-1550-thread-1] INFO org.apache.nifi.processors.standard.ExecuteSQLRecord - ExecuteSQLRecord[id=2c0fc917-aa30-414c-b9fe-732139ba9dcf] FlowFile[160,94760903068218.mockFlowFile,70B] contains 5 records; transferring to 'success'
[pool-1550-thread-1] INFO org.apache.nifi.processors.standard.ExecuteSQLRecord - ExecuteSQLRecord[id=2c0fc917-aa30-414c-b9fe-732139ba9dcf] FlowFile[161,94760903103496.mockFlowFile,70B] contains 5 records; transferring to 'success'
[pool-1550-thread-1] INFO org.apache.nifi.processors.standard.ExecuteSQLRecord - ExecuteSQLRecord[id=2c0fc917-aa30-414c-b9fe-732139ba9dcf] FlowFile[162,94760903137441.mockFlowFile,70B] contains 5 records; transferring to 'success'
[pool-1550-thread-1] INFO org.apache.nifi.processors.standard.ExecuteSQLRecord - ExecuteSQLRecord[id=2c0fc917-aa30-414c-b9fe-732139ba9dcf] FlowFile[163,94760903171678.mockFlowFile,70B] contains 5 records; transferring to 'success'
[pool-1550-thread-1] INFO org.apache.nifi.processors.standard.ExecuteSQLRecord - ExecuteSQLRecord[id=2c0fc917-aa30-414c-b9fe-732139ba9dcf] FlowFile[164,94760903213982.mockFlowFile,70B] contains 5 records; transferring to 'success'
[pool-1550-thread-1] INFO org.apache.nifi.processors.standard.ExecuteSQLRecord - ExecuteSQLRecord[id=2c0fc917-aa30-414c-b9fe-732139ba9dcf] FlowFile[165,94760903249454.mockFlowFile,70B] contains 5 records; transferring to 'success'
[pool-1550-thread-1] INFO org.apache.nifi.processors.standard.ExecuteSQLRecord - ExecuteSQLRecord[id=2c0fc917-aa30-414c-b9fe-732139ba9dcf] FlowFile[166,94760903283930.mockFlowFile,70B] contains 5 records; transferring to 'success'
[pool-1550-thread-1] INFO org.apache.nifi.processors.standard.ExecuteSQLRecord - ExecuteSQLRecord[id=2c0fc917-aa30-414c-b9fe-732139ba9dcf] FlowFile[167,94760903328043.mockFlowFile,70B] contains 5 records; transferring to 'success'
[pool-1550-thread-1] INFO org.apache.nifi.processors.standard.ExecuteSQLRecord - ExecuteSQLRecord[id=2c0fc917-aa30-414c-b9fe-732139ba9dcf] FlowFile[168,94760903363228.mockFlowFile,70B] contains 5 records; transferring to 'success'
[pool-1550-thread-1] INFO org.apache.nifi.processors.standard.ExecuteSQLRecord - ExecuteSQLRecord[id=2c0fc917-aa30-414c-b9fe-732139ba9dcf] FlowFile[169,94760903398227.mockFlowFile,70B] contains 5 records; transferring to 'success'
[pool-1550-thread-1] INFO org.apache.nifi.processors.standard.ExecuteSQLRecord - ExecuteSQLRecord[id=2c0fc917-aa30-414c-b9fe-732139ba9dcf] FlowFile[170,94760903439209.mockFlowFile,70B] contains 5 records; transferring to 'success'
[pool-1550-thread-1] INFO org.apache.nifi.processors.standard.ExecuteSQLRecord - ExecuteSQLRecord[id=2c0fc917-aa30-414c-b9fe-732139ba9dcf] FlowFile[171,94760903508402.mockFlowFile,70B] contains 5 records; transferring to 'success'
[pool-1550-thread-1] INFO org.apache.nifi.processors.standard.ExecuteSQLRecord - ExecuteSQLRecord[id=2c0fc917-aa30-414c-b9fe-732139ba9dcf] FlowFile[172,94760903542897.mockFlowFile,70B] contains 5 records; transferring to 'success'
[pool-1550-thread-1] INFO org.apache.nifi.processors.standard.ExecuteSQLRecord - ExecuteSQLRecord[id=2c0fc917-aa30-414c-b9fe-732139ba9dcf] FlowFile[173,94760903582891.mockFlowFile,70B] contains 5 records; transferring to 'success'
[pool-1550-thread-1] INFO org.apache.nifi.processors.standard.ExecuteSQLRecord - ExecuteSQLRecord[id=2c0fc917-aa30-414c-b9fe-732139ba9dcf] FlowFile[174,94760903616408.mockFlowFile,70B] contains 5 records; transferring to 'success'
[pool-1550-thread-1] INFO org.apache.nifi.processors.standard.ExecuteSQLRecord - ExecuteSQLRecord[id=2c0fc917-aa30-414c-b9fe-732139ba9dcf] FlowFile[175,94760903649076.mockFlowFile,70B] contains 5 records; transferring to 'success'
[pool-1550-thread-1] INFO org.apache.nifi.processors.standard.ExecuteSQLRecord - ExecuteSQLRecord[id=2c0fc917-aa30-414c-b9fe-732139ba9dcf] FlowFile[176,94760903814147.mockFlowFile,70B] contains 5 records; transferring to 'success'
[pool-1550-thread-1] INFO org.apache.nifi.processors.standard.ExecuteSQLRecord - ExecuteSQLRecord[id=2c0fc917-aa30-414c-b9fe-732139ba9dcf] FlowFile[177,94760903922814.mockFlowFile,70B] contains 5 records; transferring to 'success'
[pool-1550-thread-1] INFO org.apache.nifi.processors.standard.ExecuteSQLRecord - ExecuteSQLRecord[id=2c0fc917-aa30-414c-b9fe-732139ba9dcf] FlowFile[178,94760903990609.mockFlowFile,70B] contains 5 records; transferring to 'success'
[pool-1550-thread-1] INFO org.apache.nifi.processors.standard.ExecuteSQLRecord - ExecuteSQLRecord[id=2c0fc917-aa30-414c-b9fe-732139ba9dcf] FlowFile[179,94760904060540.mockFlowFile,70B] contains 5 records; transferring to 'success'
[pool-1550-thread-1] INFO org.apache.nifi.processors.standard.ExecuteSQLRecord - ExecuteSQLRecord[id=2c0fc917-aa30-414c-b9fe-732139ba9dcf] FlowFile[180,94760904135025.mockFlowFile,70B] contains 5 records; transferring to 'success'
[pool-1550-thread-1] INFO org.apache.nifi.processors.standard.ExecuteSQLRecord - ExecuteSQLRecord[id=2c0fc917-aa30-414c-b9fe-732139ba9dcf] FlowFile[181,94760904188546.mockFlowFile,70B] contains 5 records; transferring to 'success'
[pool-1550-thread-1] INFO org.apache.nifi.processors.standard.ExecuteSQLRecord - ExecuteSQLRecord[id=2c0fc917-aa30-414c-b9fe-732139ba9dcf] FlowFile[182,94760904242710.mockFlowFile,70B] contains 5 records; transferring to 'success'
[pool-1550-thread-1] INFO org.apache.nifi.processors.standard.ExecuteSQLRecord - ExecuteSQLRecord[id=2c0fc917-aa30-414c-b9fe-732139ba9dcf] FlowFile[183,94760904303240.mockFlowFile,70B] contains 5 records; transferring to 'success'
[pool-1550-thread-1] INFO org.apache.nifi.processors.standard.ExecuteSQLRecord - ExecuteSQLRecord[id=2c0fc917-aa30-414c-b9fe-732139ba9dcf] FlowFile[184,94760904355958.mockFlowFile,70B] contains 5 records; transferring to 'success'
[pool-1550-thread-1] INFO org.apache.nifi.processors.standard.ExecuteSQLRecord - ExecuteSQLRecord[id=2c0fc917-aa30-414c-b9fe-732139ba9dcf] FlowFile[185,94760904411513.mockFlowFile,70B] contains 5 records; transferring to 'success'
[pool-1550-thread-1] INFO org.apache.nifi.processors.standard.ExecuteSQLRecord - ExecuteSQLRecord[id=2c0fc917-aa30-414c-b9fe-732139ba9dcf] FlowFile[186,94760904474366.mockFlowFile,70B] contains 5 records; transferring to 'success'
[pool-1550-thread-1] INFO org.apache.nifi.processors.standard.ExecuteSQLRecord - ExecuteSQLRecord[id=2c0fc917-aa30-414c-b9fe-732139ba9dcf] FlowFile[187,94760904526587.mockFlowFile,70B] contains 5 records; transferring to 'success'
[pool-1550-thread-1] INFO org.apache.nifi.processors.standard.ExecuteSQLRecord - ExecuteSQLRecord[id=2c0fc917-aa30-414c-b9fe-732139ba9dcf] FlowFile[188,94760904576838.mockFlowFile,70B] contains 5 records; transferring to 'success'
[pool-1550-thread-1] INFO org.apache.nifi.processors.standard.ExecuteSQLRecord - ExecuteSQLRecord[id=2c0fc917-aa30-414c-b9fe-732139ba9dcf] FlowFile[189,94760904636589.mockFlowFile,70B] contains 5 records; transferring to 'success'
[pool-1550-thread-1] INFO org.apache.nifi.processors.standard.ExecuteSQLRecord - ExecuteSQLRecord[id=2c0fc917-aa30-414c-b9fe-732139ba9dcf] FlowFile[190,94760904689281.mockFlowFile,70B] contains 5 records; transferring to 'success'
[pool-1550-thread-1] INFO org.apache.nifi.processors.standard.ExecuteSQLRecord - ExecuteSQLRecord[id=2c0fc917-aa30-414c-b9fe-732139ba9dcf] FlowFile[191,94760904742736.mockFlowFile,70B] contains 5 records; transferring to 'success'
[pool-1550-thread-1] INFO org.apache.nifi.processors.standard.ExecuteSQLRecord - ExecuteSQLRecord[id=2c0fc917-aa30-414c-b9fe-732139ba9dcf] FlowFile[192,94760904815697.mockFlowFile,70B] contains 5 records; transferring to 'success'
[pool-1550-thread-1] INFO org.apache.nifi.processors.standard.ExecuteSQLRecord - ExecuteSQLRecord[id=2c0fc917-aa30-414c-b9fe-732139ba9dcf] FlowFile[193,94760904939771.mockFlowFile,70B] contains 5 records; transferring to 'success'
[pool-1550-thread-1] INFO org.apache.nifi.processors.standard.ExecuteSQLRecord - ExecuteSQLRecord[id=2c0fc917-aa30-414c-b9fe-732139ba9dcf] FlowFile[194,94760905002598.mockFlowFile,70B] contains 5 records; transferring to 'success'
[pool-1550-thread-1] INFO org.apache.nifi.processors.standard.ExecuteSQLRecord - ExecuteSQLRecord[id=2c0fc917-aa30-414c-b9fe-732139ba9dcf] FlowFile[195,94760905058333.mockFlowFile,70B] contains 5 records; transferring to 'success'
[pool-1550-thread-1] INFO org.apache.nifi.processors.standard.ExecuteSQLRecord - ExecuteSQLRecord[id=2c0fc917-aa30-414c-b9fe-732139ba9dcf] FlowFile[196,94760905122068.mockFlowFile,70B] contains 5 records; transferring to 'success'
[pool-1550-thread-1] INFO org.apache.nifi.processors.standard.ExecuteSQLRecord - ExecuteSQLRecord[id=2c0fc917-aa30-414c-b9fe-732139ba9dcf] FlowFile[197,94760905174157.mockFlowFile,70B] contains 5 records; transferring to 'success'
[pool-1550-thread-1] INFO org.apache.nifi.processors.standard.ExecuteSQLRecord - ExecuteSQLRecord[id=2c0fc917-aa30-414c-b9fe-732139ba9dcf] FlowFile[198,94760905225447.mockFlowFile,70B] contains 5 records; transferring to 'success'
[pool-1550-thread-1] INFO org.apache.nifi.processors.standard.ExecuteSQLRecord - ExecuteSQLRecord[id=2c0fc917-aa30-414c-b9fe-732139ba9dcf] FlowFile[199,94760905283319.mockFlowFile,70B] contains 5 records; transferring to 'success'
]]></system-err>
  </testcase>
  <testcase name="testSelectQueryInFlowFile" classname="org.apache.nifi.processors.standard.TestExecuteSQLRecord" time="0.836">
    <system-out><![CDATA[JCFF G
I 
 CC
]]></system-out>
    <system-err><![CDATA[[main] INFO org.apache.nifi.processors.standard.TestExecuteSQLRecord - test data loaded
[pool-1551-thread-1] INFO org.apache.nifi.processors.standard.ExecuteSQLRecord - ExecuteSQLRecord[id=38ddd43a-fd90-4d4f-bbda-66f3a9e8ea64] FlowFile[1,94761616340634.mockFlowFile,1658494B] contains 20000 records; transferring to 'success'
]]></system-err>
  </testcase>
  <testcase name="testWithOutputBatchingAndIncomingFlowFile" classname="org.apache.nifi.processors.standard.TestExecuteSQLRecord" time="1.757">
    <system-err><![CDATA[[pool-1552-thread-1] INFO org.apache.nifi.processors.standard.ExecuteSQLRecord - ExecuteSQLRecord[id=8583fc1c-46b6-474c-9ae3-0c6ad5a88dfb] FlowFile[1,94763487675784.mockFlowFile,60B] contains 5 records; transferring to 'success'
[pool-1552-thread-1] INFO org.apache.nifi.processors.standard.ExecuteSQLRecord - ExecuteSQLRecord[id=8583fc1c-46b6-474c-9ae3-0c6ad5a88dfb] FlowFile[2,94763487675784.mockFlowFile,60B] contains 5 records; transferring to 'success'
[pool-1552-thread-1] INFO org.apache.nifi.processors.standard.ExecuteSQLRecord - ExecuteSQLRecord[id=8583fc1c-46b6-474c-9ae3-0c6ad5a88dfb] FlowFile[3,94763487675784.mockFlowFile,65B] contains 5 records; transferring to 'success'
[pool-1552-thread-1] INFO org.apache.nifi.processors.standard.ExecuteSQLRecord - ExecuteSQLRecord[id=8583fc1c-46b6-474c-9ae3-0c6ad5a88dfb] FlowFile[4,94763487675784.mockFlowFile,65B] contains 5 records; transferring to 'success'
[pool-1552-thread-1] INFO org.apache.nifi.processors.standard.ExecuteSQLRecord - ExecuteSQLRecord[id=8583fc1c-46b6-474c-9ae3-0c6ad5a88dfb] FlowFile[5,94763487675784.mockFlowFile,65B] contains 5 records; transferring to 'success'
[pool-1552-thread-1] INFO org.apache.nifi.processors.standard.ExecuteSQLRecord - ExecuteSQLRecord[id=8583fc1c-46b6-474c-9ae3-0c6ad5a88dfb] FlowFile[6,94763487675784.mockFlowFile,65B] contains 5 records; transferring to 'success'
[pool-1552-thread-1] INFO org.apache.nifi.processors.standard.ExecuteSQLRecord - ExecuteSQLRecord[id=8583fc1c-46b6-474c-9ae3-0c6ad5a88dfb] FlowFile[7,94763487675784.mockFlowFile,65B] contains 5 records; transferring to 'success'
[pool-1552-thread-1] INFO org.apache.nifi.processors.standard.ExecuteSQLRecord - ExecuteSQLRecord[id=8583fc1c-46b6-474c-9ae3-0c6ad5a88dfb] FlowFile[8,94763487675784.mockFlowFile,65B] contains 5 records; transferring to 'success'
[pool-1552-thread-1] INFO org.apache.nifi.processors.standard.ExecuteSQLRecord - ExecuteSQLRecord[id=8583fc1c-46b6-474c-9ae3-0c6ad5a88dfb] FlowFile[9,94763487675784.mockFlowFile,65B] contains 5 records; transferring to 'success'
[pool-1552-thread-1] INFO org.apache.nifi.processors.standard.ExecuteSQLRecord - ExecuteSQLRecord[id=8583fc1c-46b6-474c-9ae3-0c6ad5a88dfb] FlowFile[10,94763487675784.mockFlowFile,65B] contains 5 records; transferring to 'success'
[pool-1552-thread-1] INFO org.apache.nifi.processors.standard.ExecuteSQLRecord - ExecuteSQLRecord[id=8583fc1c-46b6-474c-9ae3-0c6ad5a88dfb] FlowFile[11,94763487675784.mockFlowFile,65B] contains 5 records; transferring to 'success'
[pool-1552-thread-1] INFO org.apache.nifi.processors.standard.ExecuteSQLRecord - ExecuteSQLRecord[id=8583fc1c-46b6-474c-9ae3-0c6ad5a88dfb] FlowFile[12,94763487675784.mockFlowFile,65B] contains 5 records; transferring to 'success'
[pool-1552-thread-1] INFO org.apache.nifi.processors.standard.ExecuteSQLRecord - ExecuteSQLRecord[id=8583fc1c-46b6-474c-9ae3-0c6ad5a88dfb] FlowFile[13,94763487675784.mockFlowFile,65B] contains 5 records; transferring to 'success'
[pool-1552-thread-1] INFO org.apache.nifi.processors.standard.ExecuteSQLRecord - ExecuteSQLRecord[id=8583fc1c-46b6-474c-9ae3-0c6ad5a88dfb] FlowFile[14,94763487675784.mockFlowFile,65B] contains 5 records; transferring to 'success'
[pool-1552-thread-1] INFO org.apache.nifi.processors.standard.ExecuteSQLRecord - ExecuteSQLRecord[id=8583fc1c-46b6-474c-9ae3-0c6ad5a88dfb] FlowFile[15,94763487675784.mockFlowFile,65B] contains 5 records; transferring to 'success'
[pool-1552-thread-1] INFO org.apache.nifi.processors.standard.ExecuteSQLRecord - ExecuteSQLRecord[id=8583fc1c-46b6-474c-9ae3-0c6ad5a88dfb] FlowFile[16,94763487675784.mockFlowFile,65B] contains 5 records; transferring to 'success'
[pool-1552-thread-1] INFO org.apache.nifi.processors.standard.ExecuteSQLRecord - ExecuteSQLRecord[id=8583fc1c-46b6-474c-9ae3-0c6ad5a88dfb] FlowFile[17,94763487675784.mockFlowFile,65B] contains 5 records; transferring to 'success'
[pool-1552-thread-1] INFO org.apache.nifi.processors.standard.ExecuteSQLRecord - ExecuteSQLRecord[id=8583fc1c-46b6-474c-9ae3-0c6ad5a88dfb] FlowFile[18,94763487675784.mockFlowFile,65B] contains 5 records; transferring to 'success'
[pool-1552-thread-1] INFO org.apache.nifi.processors.standard.ExecuteSQLRecord - ExecuteSQLRecord[id=8583fc1c-46b6-474c-9ae3-0c6ad5a88dfb] FlowFile[19,94763487675784.mockFlowFile,65B] contains 5 records; transferring to 'success'
[pool-1552-thread-1] INFO org.apache.nifi.processors.standard.ExecuteSQLRecord - ExecuteSQLRecord[id=8583fc1c-46b6-474c-9ae3-0c6ad5a88dfb] FlowFile[20,94763487675784.mockFlowFile,65B] contains 5 records; transferring to 'success'
[pool-1552-thread-1] INFO org.apache.nifi.processors.standard.ExecuteSQLRecord - ExecuteSQLRecord[id=8583fc1c-46b6-474c-9ae3-0c6ad5a88dfb] FlowFile[21,94763487675784.mockFlowFile,70B] contains 5 records; transferring to 'success'
[pool-1552-thread-1] INFO org.apache.nifi.processors.standard.ExecuteSQLRecord - ExecuteSQLRecord[id=8583fc1c-46b6-474c-9ae3-0c6ad5a88dfb] FlowFile[22,94763487675784.mockFlowFile,70B] contains 5 records; transferring to 'success'
[pool-1552-thread-1] INFO org.apache.nifi.processors.standard.ExecuteSQLRecord - ExecuteSQLRecord[id=8583fc1c-46b6-474c-9ae3-0c6ad5a88dfb] FlowFile[23,94763487675784.mockFlowFile,70B] contains 5 records; transferring to 'success'
[pool-1552-thread-1] INFO org.apache.nifi.processors.standard.ExecuteSQLRecord - ExecuteSQLRecord[id=8583fc1c-46b6-474c-9ae3-0c6ad5a88dfb] FlowFile[24,94763487675784.mockFlowFile,70B] contains 5 records; transferring to 'success'
[pool-1552-thread-1] INFO org.apache.nifi.processors.standard.ExecuteSQLRecord - ExecuteSQLRecord[id=8583fc1c-46b6-474c-9ae3-0c6ad5a88dfb] FlowFile[25,94763487675784.mockFlowFile,70B] contains 5 records; transferring to 'success'
[pool-1552-thread-1] INFO org.apache.nifi.processors.standard.ExecuteSQLRecord - ExecuteSQLRecord[id=8583fc1c-46b6-474c-9ae3-0c6ad5a88dfb] FlowFile[26,94763487675784.mockFlowFile,70B] contains 5 records; transferring to 'success'
[pool-1552-thread-1] INFO org.apache.nifi.processors.standard.ExecuteSQLRecord - ExecuteSQLRecord[id=8583fc1c-46b6-474c-9ae3-0c6ad5a88dfb] FlowFile[27,94763487675784.mockFlowFile,70B] contains 5 records; transferring to 'success'
[pool-1552-thread-1] INFO org.apache.nifi.processors.standard.ExecuteSQLRecord - ExecuteSQLRecord[id=8583fc1c-46b6-474c-9ae3-0c6ad5a88dfb] FlowFile[28,94763487675784.mockFlowFile,70B] contains 5 records; transferring to 'success'
[pool-1552-thread-1] INFO org.apache.nifi.processors.standard.ExecuteSQLRecord - ExecuteSQLRecord[id=8583fc1c-46b6-474c-9ae3-0c6ad5a88dfb] FlowFile[29,94763487675784.mockFlowFile,70B] contains 5 records; transferring to 'success'
[pool-1552-thread-1] INFO org.apache.nifi.processors.standard.ExecuteSQLRecord - ExecuteSQLRecord[id=8583fc1c-46b6-474c-9ae3-0c6ad5a88dfb] FlowFile[30,94763487675784.mockFlowFile,70B] contains 5 records; transferring to 'success'
[pool-1552-thread-1] INFO org.apache.nifi.processors.standard.ExecuteSQLRecord - ExecuteSQLRecord[id=8583fc1c-46b6-474c-9ae3-0c6ad5a88dfb] FlowFile[31,94763487675784.mockFlowFile,70B] contains 5 records; transferring to 'success'
[pool-1552-thread-1] INFO org.apache.nifi.processors.standard.ExecuteSQLRecord - ExecuteSQLRecord[id=8583fc1c-46b6-474c-9ae3-0c6ad5a88dfb] FlowFile[32,94763487675784.mockFlowFile,70B] contains 5 records; transferring to 'success'
[pool-1552-thread-1] INFO org.apache.nifi.processors.standard.ExecuteSQLRecord - ExecuteSQLRecord[id=8583fc1c-46b6-474c-9ae3-0c6ad5a88dfb] FlowFile[33,94763487675784.mockFlowFile,70B] contains 5 records; transferring to 'success'
[pool-1552-thread-1] INFO org.apache.nifi.processors.standard.ExecuteSQLRecord - ExecuteSQLRecord[id=8583fc1c-46b6-474c-9ae3-0c6ad5a88dfb] FlowFile[34,94763487675784.mockFlowFile,70B] contains 5 records; transferring to 'success'
[pool-1552-thread-1] INFO org.apache.nifi.processors.standard.ExecuteSQLRecord - ExecuteSQLRecord[id=8583fc1c-46b6-474c-9ae3-0c6ad5a88dfb] FlowFile[35,94763487675784.mockFlowFile,70B] contains 5 records; transferring to 'success'
[pool-1552-thread-1] INFO org.apache.nifi.processors.standard.ExecuteSQLRecord - ExecuteSQLRecord[id=8583fc1c-46b6-474c-9ae3-0c6ad5a88dfb] FlowFile[36,94763487675784.mockFlowFile,70B] contains 5 records; transferring to 'success'
[pool-1552-thread-1] INFO org.apache.nifi.processors.standard.ExecuteSQLRecord - ExecuteSQLRecord[id=8583fc1c-46b6-474c-9ae3-0c6ad5a88dfb] FlowFile[37,94763487675784.mockFlowFile,70B] contains 5 records; transferring to 'success'
[pool-1552-thread-1] INFO org.apache.nifi.processors.standard.ExecuteSQLRecord - ExecuteSQLRecord[id=8583fc1c-46b6-474c-9ae3-0c6ad5a88dfb] FlowFile[38,94763487675784.mockFlowFile,70B] contains 5 records; transferring to 'success'
[pool-1552-thread-1] INFO org.apache.nifi.processors.standard.ExecuteSQLRecord - ExecuteSQLRecord[id=8583fc1c-46b6-474c-9ae3-0c6ad5a88dfb] FlowFile[39,94763487675784.mockFlowFile,70B] contains 5 records; transferring to 'success'
[pool-1552-thread-1] INFO org.apache.nifi.processors.standard.ExecuteSQLRecord - ExecuteSQLRecord[id=8583fc1c-46b6-474c-9ae3-0c6ad5a88dfb] FlowFile[40,94763487675784.mockFlowFile,70B] contains 5 records; transferring to 'success'
[pool-1552-thread-1] INFO org.apache.nifi.processors.standard.ExecuteSQLRecord - ExecuteSQLRecord[id=8583fc1c-46b6-474c-9ae3-0c6ad5a88dfb] FlowFile[41,94763487675784.mockFlowFile,70B] contains 5 records; transferring to 'success'
[pool-1552-thread-1] INFO org.apache.nifi.processors.standard.ExecuteSQLRecord - ExecuteSQLRecord[id=8583fc1c-46b6-474c-9ae3-0c6ad5a88dfb] FlowFile[42,94763487675784.mockFlowFile,70B] contains 5 records; transferring to 'success'
[pool-1552-thread-1] INFO org.apache.nifi.processors.standard.ExecuteSQLRecord - ExecuteSQLRecord[id=8583fc1c-46b6-474c-9ae3-0c6ad5a88dfb] FlowFile[43,94763487675784.mockFlowFile,70B] contains 5 records; transferring to 'success'
[pool-1552-thread-1] INFO org.apache.nifi.processors.standard.ExecuteSQLRecord - ExecuteSQLRecord[id=8583fc1c-46b6-474c-9ae3-0c6ad5a88dfb] FlowFile[44,94763487675784.mockFlowFile,70B] contains 5 records; transferring to 'success'
[pool-1552-thread-1] INFO org.apache.nifi.processors.standard.ExecuteSQLRecord - ExecuteSQLRecord[id=8583fc1c-46b6-474c-9ae3-0c6ad5a88dfb] FlowFile[45,94763487675784.mockFlowFile,70B] contains 5 records; transferring to 'success'
[pool-1552-thread-1] INFO org.apache.nifi.processors.standard.ExecuteSQLRecord - ExecuteSQLRecord[id=8583fc1c-46b6-474c-9ae3-0c6ad5a88dfb] FlowFile[46,94763487675784.mockFlowFile,70B] contains 5 records; transferring to 'success'
[pool-1552-thread-1] INFO org.apache.nifi.processors.standard.ExecuteSQLRecord - ExecuteSQLRecord[id=8583fc1c-46b6-474c-9ae3-0c6ad5a88dfb] FlowFile[47,94763487675784.mockFlowFile,70B] contains 5 records; transferring to 'success'
[pool-1552-thread-1] INFO org.apache.nifi.processors.standard.ExecuteSQLRecord - ExecuteSQLRecord[id=8583fc1c-46b6-474c-9ae3-0c6ad5a88dfb] FlowFile[48,94763487675784.mockFlowFile,70B] contains 5 records; transferring to 'success'
[pool-1552-thread-1] INFO org.apache.nifi.processors.standard.ExecuteSQLRecord - ExecuteSQLRecord[id=8583fc1c-46b6-474c-9ae3-0c6ad5a88dfb] FlowFile[49,94763487675784.mockFlowFile,70B] contains 5 records; transferring to 'success'
[pool-1552-thread-1] INFO org.apache.nifi.processors.standard.ExecuteSQLRecord - ExecuteSQLRecord[id=8583fc1c-46b6-474c-9ae3-0c6ad5a88dfb] FlowFile[50,94763487675784.mockFlowFile,70B] contains 5 records; transferring to 'success'
[pool-1552-thread-1] INFO org.apache.nifi.processors.standard.ExecuteSQLRecord - ExecuteSQLRecord[id=8583fc1c-46b6-474c-9ae3-0c6ad5a88dfb] FlowFile[51,94763487675784.mockFlowFile,70B] contains 5 records; transferring to 'success'
[pool-1552-thread-1] INFO org.apache.nifi.processors.standard.ExecuteSQLRecord - ExecuteSQLRecord[id=8583fc1c-46b6-474c-9ae3-0c6ad5a88dfb] FlowFile[52,94763487675784.mockFlowFile,70B] contains 5 records; transferring to 'success'
[pool-1552-thread-1] INFO org.apache.nifi.processors.standard.ExecuteSQLRecord - ExecuteSQLRecord[id=8583fc1c-46b6-474c-9ae3-0c6ad5a88dfb] FlowFile[53,94763487675784.mockFlowFile,70B] contains 5 records; transferring to 'success'
[pool-1552-thread-1] INFO org.apache.nifi.processors.standard.ExecuteSQLRecord - ExecuteSQLRecord[id=8583fc1c-46b6-474c-9ae3-0c6ad5a88dfb] FlowFile[54,94763487675784.mockFlowFile,70B] contains 5 records; transferring to 'success'
[pool-1552-thread-1] INFO org.apache.nifi.processors.standard.ExecuteSQLRecord - ExecuteSQLRecord[id=8583fc1c-46b6-474c-9ae3-0c6ad5a88dfb] FlowFile[55,94763487675784.mockFlowFile,70B] contains 5 records; transferring to 'success'
[pool-1552-thread-1] INFO org.apache.nifi.processors.standard.ExecuteSQLRecord - ExecuteSQLRecord[id=8583fc1c-46b6-474c-9ae3-0c6ad5a88dfb] FlowFile[56,94763487675784.mockFlowFile,70B] contains 5 records; transferring to 'success'
[pool-1552-thread-1] INFO org.apache.nifi.processors.standard.ExecuteSQLRecord - ExecuteSQLRecord[id=8583fc1c-46b6-474c-9ae3-0c6ad5a88dfb] FlowFile[57,94763487675784.mockFlowFile,70B] contains 5 records; transferring to 'success'
[pool-1552-thread-1] INFO org.apache.nifi.processors.standard.ExecuteSQLRecord - ExecuteSQLRecord[id=8583fc1c-46b6-474c-9ae3-0c6ad5a88dfb] FlowFile[58,94763487675784.mockFlowFile,70B] contains 5 records; transferring to 'success'
[pool-1552-thread-1] INFO org.apache.nifi.processors.standard.ExecuteSQLRecord - ExecuteSQLRecord[id=8583fc1c-46b6-474c-9ae3-0c6ad5a88dfb] FlowFile[59,94763487675784.mockFlowFile,70B] contains 5 records; transferring to 'success'
[pool-1552-thread-1] INFO org.apache.nifi.processors.standard.ExecuteSQLRecord - ExecuteSQLRecord[id=8583fc1c-46b6-474c-9ae3-0c6ad5a88dfb] FlowFile[60,94763487675784.mockFlowFile,70B] contains 5 records; transferring to 'success'
[pool-1552-thread-1] INFO org.apache.nifi.processors.standard.ExecuteSQLRecord - ExecuteSQLRecord[id=8583fc1c-46b6-474c-9ae3-0c6ad5a88dfb] FlowFile[61,94763487675784.mockFlowFile,70B] contains 5 records; transferring to 'success'
[pool-1552-thread-1] INFO org.apache.nifi.processors.standard.ExecuteSQLRecord - ExecuteSQLRecord[id=8583fc1c-46b6-474c-9ae3-0c6ad5a88dfb] FlowFile[62,94763487675784.mockFlowFile,70B] contains 5 records; transferring to 'success'
[pool-1552-thread-1] INFO org.apache.nifi.processors.standard.ExecuteSQLRecord - ExecuteSQLRecord[id=8583fc1c-46b6-474c-9ae3-0c6ad5a88dfb] FlowFile[63,94763487675784.mockFlowFile,70B] contains 5 records; transferring to 'success'
[pool-1552-thread-1] INFO org.apache.nifi.processors.standard.ExecuteSQLRecord - ExecuteSQLRecord[id=8583fc1c-46b6-474c-9ae3-0c6ad5a88dfb] FlowFile[64,94763487675784.mockFlowFile,70B] contains 5 records; transferring to 'success'
[pool-1552-thread-1] INFO org.apache.nifi.processors.standard.ExecuteSQLRecord - ExecuteSQLRecord[id=8583fc1c-46b6-474c-9ae3-0c6ad5a88dfb] FlowFile[65,94763487675784.mockFlowFile,70B] contains 5 records; transferring to 'success'
[pool-1552-thread-1] INFO org.apache.nifi.processors.standard.ExecuteSQLRecord - ExecuteSQLRecord[id=8583fc1c-46b6-474c-9ae3-0c6ad5a88dfb] FlowFile[66,94763487675784.mockFlowFile,70B] contains 5 records; transferring to 'success'
[pool-1552-thread-1] INFO org.apache.nifi.processors.standard.ExecuteSQLRecord - ExecuteSQLRecord[id=8583fc1c-46b6-474c-9ae3-0c6ad5a88dfb] FlowFile[67,94763487675784.mockFlowFile,70B] contains 5 records; transferring to 'success'
[pool-1552-thread-1] INFO org.apache.nifi.processors.standard.ExecuteSQLRecord - ExecuteSQLRecord[id=8583fc1c-46b6-474c-9ae3-0c6ad5a88dfb] FlowFile[68,94763487675784.mockFlowFile,70B] contains 5 records; transferring to 'success'
[pool-1552-thread-1] INFO org.apache.nifi.processors.standard.ExecuteSQLRecord - ExecuteSQLRecord[id=8583fc1c-46b6-474c-9ae3-0c6ad5a88dfb] FlowFile[69,94763487675784.mockFlowFile,70B] contains 5 records; transferring to 'success'
[pool-1552-thread-1] INFO org.apache.nifi.processors.standard.ExecuteSQLRecord - ExecuteSQLRecord[id=8583fc1c-46b6-474c-9ae3-0c6ad5a88dfb] FlowFile[70,94763487675784.mockFlowFile,70B] contains 5 records; transferring to 'success'
[pool-1552-thread-1] INFO org.apache.nifi.processors.standard.ExecuteSQLRecord - ExecuteSQLRecord[id=8583fc1c-46b6-474c-9ae3-0c6ad5a88dfb] FlowFile[71,94763487675784.mockFlowFile,70B] contains 5 records; transferring to 'success'
[pool-1552-thread-1] INFO org.apache.nifi.processors.standard.ExecuteSQLRecord - ExecuteSQLRecord[id=8583fc1c-46b6-474c-9ae3-0c6ad5a88dfb] FlowFile[72,94763487675784.mockFlowFile,70B] contains 5 records; transferring to 'success'
[pool-1552-thread-1] INFO org.apache.nifi.processors.standard.ExecuteSQLRecord - ExecuteSQLRecord[id=8583fc1c-46b6-474c-9ae3-0c6ad5a88dfb] FlowFile[73,94763487675784.mockFlowFile,70B] contains 5 records; transferring to 'success'
[pool-1552-thread-1] INFO org.apache.nifi.processors.standard.ExecuteSQLRecord - ExecuteSQLRecord[id=8583fc1c-46b6-474c-9ae3-0c6ad5a88dfb] FlowFile[74,94763487675784.mockFlowFile,70B] contains 5 records; transferring to 'success'
[pool-1552-thread-1] INFO org.apache.nifi.processors.standard.ExecuteSQLRecord - ExecuteSQLRecord[id=8583fc1c-46b6-474c-9ae3-0c6ad5a88dfb] FlowFile[75,94763487675784.mockFlowFile,70B] contains 5 records; transferring to 'success'
[pool-1552-thread-1] INFO org.apache.nifi.processors.standard.ExecuteSQLRecord - ExecuteSQLRecord[id=8583fc1c-46b6-474c-9ae3-0c6ad5a88dfb] FlowFile[76,94763487675784.mockFlowFile,70B] contains 5 records; transferring to 'success'
[pool-1552-thread-1] INFO org.apache.nifi.processors.standard.ExecuteSQLRecord - ExecuteSQLRecord[id=8583fc1c-46b6-474c-9ae3-0c6ad5a88dfb] FlowFile[77,94763487675784.mockFlowFile,70B] contains 5 records; transferring to 'success'
[pool-1552-thread-1] INFO org.apache.nifi.processors.standard.ExecuteSQLRecord - ExecuteSQLRecord[id=8583fc1c-46b6-474c-9ae3-0c6ad5a88dfb] FlowFile[78,94763487675784.mockFlowFile,70B] contains 5 records; transferring to 'success'
[pool-1552-thread-1] INFO org.apache.nifi.processors.standard.ExecuteSQLRecord - ExecuteSQLRecord[id=8583fc1c-46b6-474c-9ae3-0c6ad5a88dfb] FlowFile[79,94763487675784.mockFlowFile,70B] contains 5 records; transferring to 'success'
[pool-1552-thread-1] INFO org.apache.nifi.processors.standard.ExecuteSQLRecord - ExecuteSQLRecord[id=8583fc1c-46b6-474c-9ae3-0c6ad5a88dfb] FlowFile[80,94763487675784.mockFlowFile,70B] contains 5 records; transferring to 'success'
[pool-1552-thread-1] INFO org.apache.nifi.processors.standard.ExecuteSQLRecord - ExecuteSQLRecord[id=8583fc1c-46b6-474c-9ae3-0c6ad5a88dfb] FlowFile[81,94763487675784.mockFlowFile,70B] contains 5 records; transferring to 'success'
[pool-1552-thread-1] INFO org.apache.nifi.processors.standard.ExecuteSQLRecord - ExecuteSQLRecord[id=8583fc1c-46b6-474c-9ae3-0c6ad5a88dfb] FlowFile[82,94763487675784.mockFlowFile,70B] contains 5 records; transferring to 'success'
[pool-1552-thread-1] INFO org.apache.nifi.processors.standard.ExecuteSQLRecord - ExecuteSQLRecord[id=8583fc1c-46b6-474c-9ae3-0c6ad5a88dfb] FlowFile[83,94763487675784.mockFlowFile,70B] contains 5 records; transferring to 'success'
[pool-1552-thread-1] INFO org.apache.nifi.processors.standard.ExecuteSQLRecord - ExecuteSQLRecord[id=8583fc1c-46b6-474c-9ae3-0c6ad5a88dfb] FlowFile[84,94763487675784.mockFlowFile,70B] contains 5 records; transferring to 'success'
[pool-1552-thread-1] INFO org.apache.nifi.processors.standard.ExecuteSQLRecord - ExecuteSQLRecord[id=8583fc1c-46b6-474c-9ae3-0c6ad5a88dfb] FlowFile[85,94763487675784.mockFlowFile,70B] contains 5 records; transferring to 'success'
[pool-1552-thread-1] INFO org.apache.nifi.processors.standard.ExecuteSQLRecord - ExecuteSQLRecord[id=8583fc1c-46b6-474c-9ae3-0c6ad5a88dfb] FlowFile[86,94763487675784.mockFlowFile,70B] contains 5 records; transferring to 'success'
[pool-1552-thread-1] INFO org.apache.nifi.processors.standard.ExecuteSQLRecord - ExecuteSQLRecord[id=8583fc1c-46b6-474c-9ae3-0c6ad5a88dfb] FlowFile[87,94763487675784.mockFlowFile,70B] contains 5 records; transferring to 'success'
[pool-1552-thread-1] INFO org.apache.nifi.processors.standard.ExecuteSQLRecord - ExecuteSQLRecord[id=8583fc1c-46b6-474c-9ae3-0c6ad5a88dfb] FlowFile[88,94763487675784.mockFlowFile,70B] contains 5 records; transferring to 'success'
[pool-1552-thread-1] INFO org.apache.nifi.processors.standard.ExecuteSQLRecord - ExecuteSQLRecord[id=8583fc1c-46b6-474c-9ae3-0c6ad5a88dfb] FlowFile[89,94763487675784.mockFlowFile,70B] contains 5 records; transferring to 'success'
[pool-1552-thread-1] INFO org.apache.nifi.processors.standard.ExecuteSQLRecord - ExecuteSQLRecord[id=8583fc1c-46b6-474c-9ae3-0c6ad5a88dfb] FlowFile[90,94763487675784.mockFlowFile,70B] contains 5 records; transferring to 'success'
[pool-1552-thread-1] INFO org.apache.nifi.processors.standard.ExecuteSQLRecord - ExecuteSQLRecord[id=8583fc1c-46b6-474c-9ae3-0c6ad5a88dfb] FlowFile[91,94763487675784.mockFlowFile,70B] contains 5 records; transferring to 'success'
[pool-1552-thread-1] INFO org.apache.nifi.processors.standard.ExecuteSQLRecord - ExecuteSQLRecord[id=8583fc1c-46b6-474c-9ae3-0c6ad5a88dfb] FlowFile[92,94763487675784.mockFlowFile,70B] contains 5 records; transferring to 'success'
[pool-1552-thread-1] INFO org.apache.nifi.processors.standard.ExecuteSQLRecord - ExecuteSQLRecord[id=8583fc1c-46b6-474c-9ae3-0c6ad5a88dfb] FlowFile[93,94763487675784.mockFlowFile,70B] contains 5 records; transferring to 'success'
[pool-1552-thread-1] INFO org.apache.nifi.processors.standard.ExecuteSQLRecord - ExecuteSQLRecord[id=8583fc1c-46b6-474c-9ae3-0c6ad5a88dfb] FlowFile[94,94763487675784.mockFlowFile,70B] contains 5 records; transferring to 'success'
[pool-1552-thread-1] INFO org.apache.nifi.processors.standard.ExecuteSQLRecord - ExecuteSQLRecord[id=8583fc1c-46b6-474c-9ae3-0c6ad5a88dfb] FlowFile[95,94763487675784.mockFlowFile,70B] contains 5 records; transferring to 'success'
[pool-1552-thread-1] INFO org.apache.nifi.processors.standard.ExecuteSQLRecord - ExecuteSQLRecord[id=8583fc1c-46b6-474c-9ae3-0c6ad5a88dfb] FlowFile[96,94763487675784.mockFlowFile,70B] contains 5 records; transferring to 'success'
[pool-1552-thread-1] INFO org.apache.nifi.processors.standard.ExecuteSQLRecord - ExecuteSQLRecord[id=8583fc1c-46b6-474c-9ae3-0c6ad5a88dfb] FlowFile[97,94763487675784.mockFlowFile,70B] contains 5 records; transferring to 'success'
[pool-1552-thread-1] INFO org.apache.nifi.processors.standard.ExecuteSQLRecord - ExecuteSQLRecord[id=8583fc1c-46b6-474c-9ae3-0c6ad5a88dfb] FlowFile[98,94763487675784.mockFlowFile,70B] contains 5 records; transferring to 'success'
[pool-1552-thread-1] INFO org.apache.nifi.processors.standard.ExecuteSQLRecord - ExecuteSQLRecord[id=8583fc1c-46b6-474c-9ae3-0c6ad5a88dfb] FlowFile[99,94763487675784.mockFlowFile,70B] contains 5 records; transferring to 'success'
[pool-1552-thread-1] INFO org.apache.nifi.processors.standard.ExecuteSQLRecord - ExecuteSQLRecord[id=8583fc1c-46b6-474c-9ae3-0c6ad5a88dfb] FlowFile[100,94763487675784.mockFlowFile,70B] contains 5 records; transferring to 'success'
[pool-1552-thread-1] INFO org.apache.nifi.processors.standard.ExecuteSQLRecord - ExecuteSQLRecord[id=8583fc1c-46b6-474c-9ae3-0c6ad5a88dfb] FlowFile[101,94763487675784.mockFlowFile,70B] contains 5 records; transferring to 'success'
[pool-1552-thread-1] INFO org.apache.nifi.processors.standard.ExecuteSQLRecord - ExecuteSQLRecord[id=8583fc1c-46b6-474c-9ae3-0c6ad5a88dfb] FlowFile[102,94763487675784.mockFlowFile,70B] contains 5 records; transferring to 'success'
[pool-1552-thread-1] INFO org.apache.nifi.processors.standard.ExecuteSQLRecord - ExecuteSQLRecord[id=8583fc1c-46b6-474c-9ae3-0c6ad5a88dfb] FlowFile[103,94763487675784.mockFlowFile,70B] contains 5 records; transferring to 'success'
[pool-1552-thread-1] INFO org.apache.nifi.processors.standard.ExecuteSQLRecord - ExecuteSQLRecord[id=8583fc1c-46b6-474c-9ae3-0c6ad5a88dfb] FlowFile[104,94763487675784.mockFlowFile,70B] contains 5 records; transferring to 'success'
[pool-1552-thread-1] INFO org.apache.nifi.processors.standard.ExecuteSQLRecord - ExecuteSQLRecord[id=8583fc1c-46b6-474c-9ae3-0c6ad5a88dfb] FlowFile[105,94763487675784.mockFlowFile,70B] contains 5 records; transferring to 'success'
[pool-1552-thread-1] INFO org.apache.nifi.processors.standard.ExecuteSQLRecord - ExecuteSQLRecord[id=8583fc1c-46b6-474c-9ae3-0c6ad5a88dfb] FlowFile[106,94763487675784.mockFlowFile,70B] contains 5 records; transferring to 'success'
[pool-1552-thread-1] INFO org.apache.nifi.processors.standard.ExecuteSQLRecord - ExecuteSQLRecord[id=8583fc1c-46b6-474c-9ae3-0c6ad5a88dfb] FlowFile[107,94763487675784.mockFlowFile,70B] contains 5 records; transferring to 'success'
[pool-1552-thread-1] INFO org.apache.nifi.processors.standard.ExecuteSQLRecord - ExecuteSQLRecord[id=8583fc1c-46b6-474c-9ae3-0c6ad5a88dfb] FlowFile[108,94763487675784.mockFlowFile,70B] contains 5 records; transferring to 'success'
[pool-1552-thread-1] INFO org.apache.nifi.processors.standard.ExecuteSQLRecord - ExecuteSQLRecord[id=8583fc1c-46b6-474c-9ae3-0c6ad5a88dfb] FlowFile[109,94763487675784.mockFlowFile,70B] contains 5 records; transferring to 'success'
[pool-1552-thread-1] INFO org.apache.nifi.processors.standard.ExecuteSQLRecord - ExecuteSQLRecord[id=8583fc1c-46b6-474c-9ae3-0c6ad5a88dfb] FlowFile[110,94763487675784.mockFlowFile,70B] contains 5 records; transferring to 'success'
[pool-1552-thread-1] INFO org.apache.nifi.processors.standard.ExecuteSQLRecord - ExecuteSQLRecord[id=8583fc1c-46b6-474c-9ae3-0c6ad5a88dfb] FlowFile[111,94763487675784.mockFlowFile,70B] contains 5 records; transferring to 'success'
[pool-1552-thread-1] INFO org.apache.nifi.processors.standard.ExecuteSQLRecord - ExecuteSQLRecord[id=8583fc1c-46b6-474c-9ae3-0c6ad5a88dfb] FlowFile[112,94763487675784.mockFlowFile,70B] contains 5 records; transferring to 'success'
[pool-1552-thread-1] INFO org.apache.nifi.processors.standard.ExecuteSQLRecord - ExecuteSQLRecord[id=8583fc1c-46b6-474c-9ae3-0c6ad5a88dfb] FlowFile[113,94763487675784.mockFlowFile,70B] contains 5 records; transferring to 'success'
[pool-1552-thread-1] INFO org.apache.nifi.processors.standard.ExecuteSQLRecord - ExecuteSQLRecord[id=8583fc1c-46b6-474c-9ae3-0c6ad5a88dfb] FlowFile[114,94763487675784.mockFlowFile,70B] contains 5 records; transferring to 'success'
[pool-1552-thread-1] INFO org.apache.nifi.processors.standard.ExecuteSQLRecord - ExecuteSQLRecord[id=8583fc1c-46b6-474c-9ae3-0c6ad5a88dfb] FlowFile[115,94763487675784.mockFlowFile,70B] contains 5 records; transferring to 'success'
[pool-1552-thread-1] INFO org.apache.nifi.processors.standard.ExecuteSQLRecord - ExecuteSQLRecord[id=8583fc1c-46b6-474c-9ae3-0c6ad5a88dfb] FlowFile[116,94763487675784.mockFlowFile,70B] contains 5 records; transferring to 'success'
[pool-1552-thread-1] INFO org.apache.nifi.processors.standard.ExecuteSQLRecord - ExecuteSQLRecord[id=8583fc1c-46b6-474c-9ae3-0c6ad5a88dfb] FlowFile[117,94763487675784.mockFlowFile,70B] contains 5 records; transferring to 'success'
[pool-1552-thread-1] INFO org.apache.nifi.processors.standard.ExecuteSQLRecord - ExecuteSQLRecord[id=8583fc1c-46b6-474c-9ae3-0c6ad5a88dfb] FlowFile[118,94763487675784.mockFlowFile,70B] contains 5 records; transferring to 'success'
[pool-1552-thread-1] INFO org.apache.nifi.processors.standard.ExecuteSQLRecord - ExecuteSQLRecord[id=8583fc1c-46b6-474c-9ae3-0c6ad5a88dfb] FlowFile[119,94763487675784.mockFlowFile,70B] contains 5 records; transferring to 'success'
[pool-1552-thread-1] INFO org.apache.nifi.processors.standard.ExecuteSQLRecord - ExecuteSQLRecord[id=8583fc1c-46b6-474c-9ae3-0c6ad5a88dfb] FlowFile[120,94763487675784.mockFlowFile,70B] contains 5 records; transferring to 'success'
[pool-1552-thread-1] INFO org.apache.nifi.processors.standard.ExecuteSQLRecord - ExecuteSQLRecord[id=8583fc1c-46b6-474c-9ae3-0c6ad5a88dfb] FlowFile[121,94763487675784.mockFlowFile,70B] contains 5 records; transferring to 'success'
[pool-1552-thread-1] INFO org.apache.nifi.processors.standard.ExecuteSQLRecord - ExecuteSQLRecord[id=8583fc1c-46b6-474c-9ae3-0c6ad5a88dfb] FlowFile[122,94763487675784.mockFlowFile,70B] contains 5 records; transferring to 'success'
[pool-1552-thread-1] INFO org.apache.nifi.processors.standard.ExecuteSQLRecord - ExecuteSQLRecord[id=8583fc1c-46b6-474c-9ae3-0c6ad5a88dfb] FlowFile[123,94763487675784.mockFlowFile,70B] contains 5 records; transferring to 'success'
[pool-1552-thread-1] INFO org.apache.nifi.processors.standard.ExecuteSQLRecord - ExecuteSQLRecord[id=8583fc1c-46b6-474c-9ae3-0c6ad5a88dfb] FlowFile[124,94763487675784.mockFlowFile,70B] contains 5 records; transferring to 'success'
[pool-1552-thread-1] INFO org.apache.nifi.processors.standard.ExecuteSQLRecord - ExecuteSQLRecord[id=8583fc1c-46b6-474c-9ae3-0c6ad5a88dfb] FlowFile[125,94763487675784.mockFlowFile,70B] contains 5 records; transferring to 'success'
[pool-1552-thread-1] INFO org.apache.nifi.processors.standard.ExecuteSQLRecord - ExecuteSQLRecord[id=8583fc1c-46b6-474c-9ae3-0c6ad5a88dfb] FlowFile[126,94763487675784.mockFlowFile,70B] contains 5 records; transferring to 'success'
[pool-1552-thread-1] INFO org.apache.nifi.processors.standard.ExecuteSQLRecord - ExecuteSQLRecord[id=8583fc1c-46b6-474c-9ae3-0c6ad5a88dfb] FlowFile[127,94763487675784.mockFlowFile,70B] contains 5 records; transferring to 'success'
[pool-1552-thread-1] INFO org.apache.nifi.processors.standard.ExecuteSQLRecord - ExecuteSQLRecord[id=8583fc1c-46b6-474c-9ae3-0c6ad5a88dfb] FlowFile[128,94763487675784.mockFlowFile,70B] contains 5 records; transferring to 'success'
[pool-1552-thread-1] INFO org.apache.nifi.processors.standard.ExecuteSQLRecord - ExecuteSQLRecord[id=8583fc1c-46b6-474c-9ae3-0c6ad5a88dfb] FlowFile[129,94763487675784.mockFlowFile,70B] contains 5 records; transferring to 'success'
[pool-1552-thread-1] INFO org.apache.nifi.processors.standard.ExecuteSQLRecord - ExecuteSQLRecord[id=8583fc1c-46b6-474c-9ae3-0c6ad5a88dfb] FlowFile[130,94763487675784.mockFlowFile,70B] contains 5 records; transferring to 'success'
[pool-1552-thread-1] INFO org.apache.nifi.processors.standard.ExecuteSQLRecord - ExecuteSQLRecord[id=8583fc1c-46b6-474c-9ae3-0c6ad5a88dfb] FlowFile[131,94763487675784.mockFlowFile,70B] contains 5 records; transferring to 'success'
[pool-1552-thread-1] INFO org.apache.nifi.processors.standard.ExecuteSQLRecord - ExecuteSQLRecord[id=8583fc1c-46b6-474c-9ae3-0c6ad5a88dfb] FlowFile[132,94763487675784.mockFlowFile,70B] contains 5 records; transferring to 'success'
[pool-1552-thread-1] INFO org.apache.nifi.processors.standard.ExecuteSQLRecord - ExecuteSQLRecord[id=8583fc1c-46b6-474c-9ae3-0c6ad5a88dfb] FlowFile[133,94763487675784.mockFlowFile,70B] contains 5 records; transferring to 'success'
[pool-1552-thread-1] INFO org.apache.nifi.processors.standard.ExecuteSQLRecord - ExecuteSQLRecord[id=8583fc1c-46b6-474c-9ae3-0c6ad5a88dfb] FlowFile[134,94763487675784.mockFlowFile,70B] contains 5 records; transferring to 'success'
[pool-1552-thread-1] INFO org.apache.nifi.processors.standard.ExecuteSQLRecord - ExecuteSQLRecord[id=8583fc1c-46b6-474c-9ae3-0c6ad5a88dfb] FlowFile[135,94763487675784.mockFlowFile,70B] contains 5 records; transferring to 'success'
[pool-1552-thread-1] INFO org.apache.nifi.processors.standard.ExecuteSQLRecord - ExecuteSQLRecord[id=8583fc1c-46b6-474c-9ae3-0c6ad5a88dfb] FlowFile[136,94763487675784.mockFlowFile,70B] contains 5 records; transferring to 'success'
[pool-1552-thread-1] INFO org.apache.nifi.processors.standard.ExecuteSQLRecord - ExecuteSQLRecord[id=8583fc1c-46b6-474c-9ae3-0c6ad5a88dfb] FlowFile[137,94763487675784.mockFlowFile,70B] contains 5 records; transferring to 'success'
[pool-1552-thread-1] INFO org.apache.nifi.processors.standard.ExecuteSQLRecord - ExecuteSQLRecord[id=8583fc1c-46b6-474c-9ae3-0c6ad5a88dfb] FlowFile[138,94763487675784.mockFlowFile,70B] contains 5 records; transferring to 'success'
[pool-1552-thread-1] INFO org.apache.nifi.processors.standard.ExecuteSQLRecord - ExecuteSQLRecord[id=8583fc1c-46b6-474c-9ae3-0c6ad5a88dfb] FlowFile[139,94763487675784.mockFlowFile,70B] contains 5 records; transferring to 'success'
[pool-1552-thread-1] INFO org.apache.nifi.processors.standard.ExecuteSQLRecord - ExecuteSQLRecord[id=8583fc1c-46b6-474c-9ae3-0c6ad5a88dfb] FlowFile[140,94763487675784.mockFlowFile,70B] contains 5 records; transferring to 'success'
[pool-1552-thread-1] INFO org.apache.nifi.processors.standard.ExecuteSQLRecord - ExecuteSQLRecord[id=8583fc1c-46b6-474c-9ae3-0c6ad5a88dfb] FlowFile[141,94763487675784.mockFlowFile,70B] contains 5 records; transferring to 'success'
[pool-1552-thread-1] INFO org.apache.nifi.processors.standard.ExecuteSQLRecord - ExecuteSQLRecord[id=8583fc1c-46b6-474c-9ae3-0c6ad5a88dfb] FlowFile[142,94763487675784.mockFlowFile,70B] contains 5 records; transferring to 'success'
[pool-1552-thread-1] INFO org.apache.nifi.processors.standard.ExecuteSQLRecord - ExecuteSQLRecord[id=8583fc1c-46b6-474c-9ae3-0c6ad5a88dfb] FlowFile[143,94763487675784.mockFlowFile,70B] contains 5 records; transferring to 'success'
[pool-1552-thread-1] INFO org.apache.nifi.processors.standard.ExecuteSQLRecord - ExecuteSQLRecord[id=8583fc1c-46b6-474c-9ae3-0c6ad5a88dfb] FlowFile[144,94763487675784.mockFlowFile,70B] contains 5 records; transferring to 'success'
[pool-1552-thread-1] INFO org.apache.nifi.processors.standard.ExecuteSQLRecord - ExecuteSQLRecord[id=8583fc1c-46b6-474c-9ae3-0c6ad5a88dfb] FlowFile[145,94763487675784.mockFlowFile,70B] contains 5 records; transferring to 'success'
[pool-1552-thread-1] INFO org.apache.nifi.processors.standard.ExecuteSQLRecord - ExecuteSQLRecord[id=8583fc1c-46b6-474c-9ae3-0c6ad5a88dfb] FlowFile[146,94763487675784.mockFlowFile,70B] contains 5 records; transferring to 'success'
[pool-1552-thread-1] INFO org.apache.nifi.processors.standard.ExecuteSQLRecord - ExecuteSQLRecord[id=8583fc1c-46b6-474c-9ae3-0c6ad5a88dfb] FlowFile[147,94763487675784.mockFlowFile,70B] contains 5 records; transferring to 'success'
[pool-1552-thread-1] INFO org.apache.nifi.processors.standard.ExecuteSQLRecord - ExecuteSQLRecord[id=8583fc1c-46b6-474c-9ae3-0c6ad5a88dfb] FlowFile[148,94763487675784.mockFlowFile,70B] contains 5 records; transferring to 'success'
[pool-1552-thread-1] INFO org.apache.nifi.processors.standard.ExecuteSQLRecord - ExecuteSQLRecord[id=8583fc1c-46b6-474c-9ae3-0c6ad5a88dfb] FlowFile[149,94763487675784.mockFlowFile,70B] contains 5 records; transferring to 'success'
[pool-1552-thread-1] INFO org.apache.nifi.processors.standard.ExecuteSQLRecord - ExecuteSQLRecord[id=8583fc1c-46b6-474c-9ae3-0c6ad5a88dfb] FlowFile[150,94763487675784.mockFlowFile,70B] contains 5 records; transferring to 'success'
[pool-1552-thread-1] INFO org.apache.nifi.processors.standard.ExecuteSQLRecord - ExecuteSQLRecord[id=8583fc1c-46b6-474c-9ae3-0c6ad5a88dfb] FlowFile[151,94763487675784.mockFlowFile,70B] contains 5 records; transferring to 'success'
[pool-1552-thread-1] INFO org.apache.nifi.processors.standard.ExecuteSQLRecord - ExecuteSQLRecord[id=8583fc1c-46b6-474c-9ae3-0c6ad5a88dfb] FlowFile[152,94763487675784.mockFlowFile,70B] contains 5 records; transferring to 'success'
[pool-1552-thread-1] INFO org.apache.nifi.processors.standard.ExecuteSQLRecord - ExecuteSQLRecord[id=8583fc1c-46b6-474c-9ae3-0c6ad5a88dfb] FlowFile[153,94763487675784.mockFlowFile,70B] contains 5 records; transferring to 'success'
[pool-1552-thread-1] INFO org.apache.nifi.processors.standard.ExecuteSQLRecord - ExecuteSQLRecord[id=8583fc1c-46b6-474c-9ae3-0c6ad5a88dfb] FlowFile[154,94763487675784.mockFlowFile,70B] contains 5 records; transferring to 'success'
[pool-1552-thread-1] INFO org.apache.nifi.processors.standard.ExecuteSQLRecord - ExecuteSQLRecord[id=8583fc1c-46b6-474c-9ae3-0c6ad5a88dfb] FlowFile[155,94763487675784.mockFlowFile,70B] contains 5 records; transferring to 'success'
[pool-1552-thread-1] INFO org.apache.nifi.processors.standard.ExecuteSQLRecord - ExecuteSQLRecord[id=8583fc1c-46b6-474c-9ae3-0c6ad5a88dfb] FlowFile[156,94763487675784.mockFlowFile,70B] contains 5 records; transferring to 'success'
[pool-1552-thread-1] INFO org.apache.nifi.processors.standard.ExecuteSQLRecord - ExecuteSQLRecord[id=8583fc1c-46b6-474c-9ae3-0c6ad5a88dfb] FlowFile[157,94763487675784.mockFlowFile,70B] contains 5 records; transferring to 'success'
[pool-1552-thread-1] INFO org.apache.nifi.processors.standard.ExecuteSQLRecord - ExecuteSQLRecord[id=8583fc1c-46b6-474c-9ae3-0c6ad5a88dfb] FlowFile[158,94763487675784.mockFlowFile,70B] contains 5 records; transferring to 'success'
[pool-1552-thread-1] INFO org.apache.nifi.processors.standard.ExecuteSQLRecord - ExecuteSQLRecord[id=8583fc1c-46b6-474c-9ae3-0c6ad5a88dfb] FlowFile[159,94763487675784.mockFlowFile,70B] contains 5 records; transferring to 'success'
[pool-1552-thread-1] INFO org.apache.nifi.processors.standard.ExecuteSQLRecord - ExecuteSQLRecord[id=8583fc1c-46b6-474c-9ae3-0c6ad5a88dfb] FlowFile[160,94763487675784.mockFlowFile,70B] contains 5 records; transferring to 'success'
[pool-1552-thread-1] INFO org.apache.nifi.processors.standard.ExecuteSQLRecord - ExecuteSQLRecord[id=8583fc1c-46b6-474c-9ae3-0c6ad5a88dfb] FlowFile[161,94763487675784.mockFlowFile,70B] contains 5 records; transferring to 'success'
[pool-1552-thread-1] INFO org.apache.nifi.processors.standard.ExecuteSQLRecord - ExecuteSQLRecord[id=8583fc1c-46b6-474c-9ae3-0c6ad5a88dfb] FlowFile[162,94763487675784.mockFlowFile,70B] contains 5 records; transferring to 'success'
[pool-1552-thread-1] INFO org.apache.nifi.processors.standard.ExecuteSQLRecord - ExecuteSQLRecord[id=8583fc1c-46b6-474c-9ae3-0c6ad5a88dfb] FlowFile[163,94763487675784.mockFlowFile,70B] contains 5 records; transferring to 'success'
[pool-1552-thread-1] INFO org.apache.nifi.processors.standard.ExecuteSQLRecord - ExecuteSQLRecord[id=8583fc1c-46b6-474c-9ae3-0c6ad5a88dfb] FlowFile[164,94763487675784.mockFlowFile,70B] contains 5 records; transferring to 'success'
[pool-1552-thread-1] INFO org.apache.nifi.processors.standard.ExecuteSQLRecord - ExecuteSQLRecord[id=8583fc1c-46b6-474c-9ae3-0c6ad5a88dfb] FlowFile[165,94763487675784.mockFlowFile,70B] contains 5 records; transferring to 'success'
[pool-1552-thread-1] INFO org.apache.nifi.processors.standard.ExecuteSQLRecord - ExecuteSQLRecord[id=8583fc1c-46b6-474c-9ae3-0c6ad5a88dfb] FlowFile[166,94763487675784.mockFlowFile,70B] contains 5 records; transferring to 'success'
[pool-1552-thread-1] INFO org.apache.nifi.processors.standard.ExecuteSQLRecord - ExecuteSQLRecord[id=8583fc1c-46b6-474c-9ae3-0c6ad5a88dfb] FlowFile[167,94763487675784.mockFlowFile,70B] contains 5 records; transferring to 'success'
[pool-1552-thread-1] INFO org.apache.nifi.processors.standard.ExecuteSQLRecord - ExecuteSQLRecord[id=8583fc1c-46b6-474c-9ae3-0c6ad5a88dfb] FlowFile[168,94763487675784.mockFlowFile,70B] contains 5 records; transferring to 'success'
[pool-1552-thread-1] INFO org.apache.nifi.processors.standard.ExecuteSQLRecord - ExecuteSQLRecord[id=8583fc1c-46b6-474c-9ae3-0c6ad5a88dfb] FlowFile[169,94763487675784.mockFlowFile,70B] contains 5 records; transferring to 'success'
[pool-1552-thread-1] INFO org.apache.nifi.processors.standard.ExecuteSQLRecord - ExecuteSQLRecord[id=8583fc1c-46b6-474c-9ae3-0c6ad5a88dfb] FlowFile[170,94763487675784.mockFlowFile,70B] contains 5 records; transferring to 'success'
[pool-1552-thread-1] INFO org.apache.nifi.processors.standard.ExecuteSQLRecord - ExecuteSQLRecord[id=8583fc1c-46b6-474c-9ae3-0c6ad5a88dfb] FlowFile[171,94763487675784.mockFlowFile,70B] contains 5 records; transferring to 'success'
[pool-1552-thread-1] INFO org.apache.nifi.processors.standard.ExecuteSQLRecord - ExecuteSQLRecord[id=8583fc1c-46b6-474c-9ae3-0c6ad5a88dfb] FlowFile[172,94763487675784.mockFlowFile,70B] contains 5 records; transferring to 'success'
[pool-1552-thread-1] INFO org.apache.nifi.processors.standard.ExecuteSQLRecord - ExecuteSQLRecord[id=8583fc1c-46b6-474c-9ae3-0c6ad5a88dfb] FlowFile[173,94763487675784.mockFlowFile,70B] contains 5 records; transferring to 'success'
[pool-1552-thread-1] INFO org.apache.nifi.processors.standard.ExecuteSQLRecord - ExecuteSQLRecord[id=8583fc1c-46b6-474c-9ae3-0c6ad5a88dfb] FlowFile[174,94763487675784.mockFlowFile,70B] contains 5 records; transferring to 'success'
[pool-1552-thread-1] INFO org.apache.nifi.processors.standard.ExecuteSQLRecord - ExecuteSQLRecord[id=8583fc1c-46b6-474c-9ae3-0c6ad5a88dfb] FlowFile[175,94763487675784.mockFlowFile,70B] contains 5 records; transferring to 'success'
[pool-1552-thread-1] INFO org.apache.nifi.processors.standard.ExecuteSQLRecord - ExecuteSQLRecord[id=8583fc1c-46b6-474c-9ae3-0c6ad5a88dfb] FlowFile[176,94763487675784.mockFlowFile,70B] contains 5 records; transferring to 'success'
[pool-1552-thread-1] INFO org.apache.nifi.processors.standard.ExecuteSQLRecord - ExecuteSQLRecord[id=8583fc1c-46b6-474c-9ae3-0c6ad5a88dfb] FlowFile[177,94763487675784.mockFlowFile,70B] contains 5 records; transferring to 'success'
[pool-1552-thread-1] INFO org.apache.nifi.processors.standard.ExecuteSQLRecord - ExecuteSQLRecord[id=8583fc1c-46b6-474c-9ae3-0c6ad5a88dfb] FlowFile[178,94763487675784.mockFlowFile,70B] contains 5 records; transferring to 'success'
[pool-1552-thread-1] INFO org.apache.nifi.processors.standard.ExecuteSQLRecord - ExecuteSQLRecord[id=8583fc1c-46b6-474c-9ae3-0c6ad5a88dfb] FlowFile[179,94763487675784.mockFlowFile,70B] contains 5 records; transferring to 'success'
[pool-1552-thread-1] INFO org.apache.nifi.processors.standard.ExecuteSQLRecord - ExecuteSQLRecord[id=8583fc1c-46b6-474c-9ae3-0c6ad5a88dfb] FlowFile[180,94763487675784.mockFlowFile,70B] contains 5 records; transferring to 'success'
[pool-1552-thread-1] INFO org.apache.nifi.processors.standard.ExecuteSQLRecord - ExecuteSQLRecord[id=8583fc1c-46b6-474c-9ae3-0c6ad5a88dfb] FlowFile[181,94763487675784.mockFlowFile,70B] contains 5 records; transferring to 'success'
[pool-1552-thread-1] INFO org.apache.nifi.processors.standard.ExecuteSQLRecord - ExecuteSQLRecord[id=8583fc1c-46b6-474c-9ae3-0c6ad5a88dfb] FlowFile[182,94763487675784.mockFlowFile,70B] contains 5 records; transferring to 'success'
[pool-1552-thread-1] INFO org.apache.nifi.processors.standard.ExecuteSQLRecord - ExecuteSQLRecord[id=8583fc1c-46b6-474c-9ae3-0c6ad5a88dfb] FlowFile[183,94763487675784.mockFlowFile,70B] contains 5 records; transferring to 'success'
[pool-1552-thread-1] INFO org.apache.nifi.processors.standard.ExecuteSQLRecord - ExecuteSQLRecord[id=8583fc1c-46b6-474c-9ae3-0c6ad5a88dfb] FlowFile[184,94763487675784.mockFlowFile,70B] contains 5 records; transferring to 'success'
[pool-1552-thread-1] INFO org.apache.nifi.processors.standard.ExecuteSQLRecord - ExecuteSQLRecord[id=8583fc1c-46b6-474c-9ae3-0c6ad5a88dfb] FlowFile[185,94763487675784.mockFlowFile,70B] contains 5 records; transferring to 'success'
[pool-1552-thread-1] INFO org.apache.nifi.processors.standard.ExecuteSQLRecord - ExecuteSQLRecord[id=8583fc1c-46b6-474c-9ae3-0c6ad5a88dfb] FlowFile[186,94763487675784.mockFlowFile,70B] contains 5 records; transferring to 'success'
[pool-1552-thread-1] INFO org.apache.nifi.processors.standard.ExecuteSQLRecord - ExecuteSQLRecord[id=8583fc1c-46b6-474c-9ae3-0c6ad5a88dfb] FlowFile[187,94763487675784.mockFlowFile,70B] contains 5 records; transferring to 'success'
[pool-1552-thread-1] INFO org.apache.nifi.processors.standard.ExecuteSQLRecord - ExecuteSQLRecord[id=8583fc1c-46b6-474c-9ae3-0c6ad5a88dfb] FlowFile[188,94763487675784.mockFlowFile,70B] contains 5 records; transferring to 'success'
[pool-1552-thread-1] INFO org.apache.nifi.processors.standard.ExecuteSQLRecord - ExecuteSQLRecord[id=8583fc1c-46b6-474c-9ae3-0c6ad5a88dfb] FlowFile[189,94763487675784.mockFlowFile,70B] contains 5 records; transferring to 'success'
[pool-1552-thread-1] INFO org.apache.nifi.processors.standard.ExecuteSQLRecord - ExecuteSQLRecord[id=8583fc1c-46b6-474c-9ae3-0c6ad5a88dfb] FlowFile[190,94763487675784.mockFlowFile,70B] contains 5 records; transferring to 'success'
[pool-1552-thread-1] INFO org.apache.nifi.processors.standard.ExecuteSQLRecord - ExecuteSQLRecord[id=8583fc1c-46b6-474c-9ae3-0c6ad5a88dfb] FlowFile[191,94763487675784.mockFlowFile,70B] contains 5 records; transferring to 'success'
[pool-1552-thread-1] INFO org.apache.nifi.processors.standard.ExecuteSQLRecord - ExecuteSQLRecord[id=8583fc1c-46b6-474c-9ae3-0c6ad5a88dfb] FlowFile[192,94763487675784.mockFlowFile,70B] contains 5 records; transferring to 'success'
[pool-1552-thread-1] INFO org.apache.nifi.processors.standard.ExecuteSQLRecord - ExecuteSQLRecord[id=8583fc1c-46b6-474c-9ae3-0c6ad5a88dfb] FlowFile[193,94763487675784.mockFlowFile,70B] contains 5 records; transferring to 'success'
[pool-1552-thread-1] INFO org.apache.nifi.processors.standard.ExecuteSQLRecord - ExecuteSQLRecord[id=8583fc1c-46b6-474c-9ae3-0c6ad5a88dfb] FlowFile[194,94763487675784.mockFlowFile,70B] contains 5 records; transferring to 'success'
[pool-1552-thread-1] INFO org.apache.nifi.processors.standard.ExecuteSQLRecord - ExecuteSQLRecord[id=8583fc1c-46b6-474c-9ae3-0c6ad5a88dfb] FlowFile[195,94763487675784.mockFlowFile,70B] contains 5 records; transferring to 'success'
[pool-1552-thread-1] INFO org.apache.nifi.processors.standard.ExecuteSQLRecord - ExecuteSQLRecord[id=8583fc1c-46b6-474c-9ae3-0c6ad5a88dfb] FlowFile[196,94763487675784.mockFlowFile,70B] contains 5 records; transferring to 'success'
[pool-1552-thread-1] INFO org.apache.nifi.processors.standard.ExecuteSQLRecord - ExecuteSQLRecord[id=8583fc1c-46b6-474c-9ae3-0c6ad5a88dfb] FlowFile[197,94763487675784.mockFlowFile,70B] contains 5 records; transferring to 'success'
[pool-1552-thread-1] INFO org.apache.nifi.processors.standard.ExecuteSQLRecord - ExecuteSQLRecord[id=8583fc1c-46b6-474c-9ae3-0c6ad5a88dfb] FlowFile[198,94763487675784.mockFlowFile,70B] contains 5 records; transferring to 'success'
[pool-1552-thread-1] INFO org.apache.nifi.processors.standard.ExecuteSQLRecord - ExecuteSQLRecord[id=8583fc1c-46b6-474c-9ae3-0c6ad5a88dfb] FlowFile[199,94763487675784.mockFlowFile,70B] contains 5 records; transferring to 'success'
[pool-1552-thread-1] INFO org.apache.nifi.processors.standard.ExecuteSQLRecord - ExecuteSQLRecord[id=8583fc1c-46b6-474c-9ae3-0c6ad5a88dfb] FlowFile[200,94763487675784.mockFlowFile,70B] contains 5 records; transferring to 'success'
]]></system-err>
  </testcase>
  <testcase name="testWithSqlExceptionErrorProcessingResultSet" classname="org.apache.nifi.processors.standard.TestExecuteSQLRecord" time="0.161">
    <system-err><![CDATA[[pool-1553-thread-1] ERROR org.apache.nifi.processors.standard.ExecuteSQLRecord - ExecuteSQLRecord[id=5ac81c93-976e-4b42-897a-142bb89f6643] Unable to execute SQL select query SELECT 1 for FlowFile[0,94763656942594.mockFlowFile,8B] due to org.apache.nifi.processor.exception.ProcessException: java.sql.SQLException: test execute statement failed; routing to failure: org.apache.nifi.processor.exception.ProcessException: java.sql.SQLException: test execute statement failed
org.apache.nifi.processor.exception.ProcessException: java.sql.SQLException: test execute statement failed
	at org.apache.nifi.processors.standard.sql.RecordSqlWriter.writeResultSet(RecordSqlWriter.java:79)
	at org.apache.nifi.processors.standard.AbstractExecuteSQL.lambda$onTrigger$1(AbstractExecuteSQL.java:302)
	at org.apache.nifi.util.MockProcessSession.write(MockProcessSession.java:907)
	at org.apache.nifi.util.MockProcessSession.write(MockProcessSession.java:67)
	at org.apache.nifi.processors.standard.AbstractExecuteSQL.onTrigger(AbstractExecuteSQL.java:300)
	at org.apache.nifi.processor.AbstractProcessor.onTrigger(AbstractProcessor.java:27)
	at org.apache.nifi.util.StandardProcessorTestRunner$RunProcessor.call(StandardProcessorTestRunner.java:284)
	at org.apache.nifi.util.StandardProcessorTestRunner$RunProcessor.call(StandardProcessorTestRunner.java:278)
	at java.util.concurrent.FutureTask.run(FutureTask.java:266)
	at java.util.concurrent.ScheduledThreadPoolExecutor$ScheduledFutureTask.access$201(ScheduledThreadPoolExecutor.java:180)
	at java.util.concurrent.ScheduledThreadPoolExecutor$ScheduledFutureTask.run(ScheduledThreadPoolExecutor.java:293)
	at java.util.concurrent.ThreadPoolExecutor.runWorker(ThreadPoolExecutor.java:1149)
	at java.util.concurrent.ThreadPoolExecutor$Worker.run(ThreadPoolExecutor.java:624)
	at java.lang.Thread.run(Thread.java:750)
Caused by: java.sql.SQLException: test execute statement failed
	at org.apache.nifi.util.db.JdbcCommon.createSchema(JdbcCommon.java:497)
	at org.apache.nifi.processors.standard.sql.RecordSqlWriter.writeResultSet(RecordSqlWriter.java:71)
	... 13 more
]]></system-err>
  </testcase>
  <testcase name="testIncomingConnectionWithNoFlowFileAndNoQuery" classname="org.apache.nifi.processors.standard.TestExecuteSQLRecord" time="0.001"/>
  <testcase name="testPreQueryFail" classname="org.apache.nifi.processors.standard.TestExecuteSQLRecord" time="0.036">
    <system-err><![CDATA[[pool-1555-thread-1] ERROR org.apache.nifi.processors.standard.ExecuteSQLRecord - ExecuteSQLRecord[id=05ea8866-969b-4311-839c-e1470500d3c5] Unable to execute SQL select query CALL SYSCS_UTIL.SYSCS_SET_RUNTIMESTATISTICS() for FlowFile[0,94763692667187.mockFlowFile,4B] due to java.sql.SQLSyntaxErrorException: 'SYSCS_UTIL.SYSCS_SET_RUNTIMESTATISTICS' is not recognized as a function or procedure.; routing to failure: java.sql.SQLSyntaxErrorException: 'SYSCS_UTIL.SYSCS_SET_RUNTIMESTATISTICS' is not recognized as a function or procedure.
java.sql.SQLSyntaxErrorException: 'SYSCS_UTIL.SYSCS_SET_RUNTIMESTATISTICS' is not recognized as a function or procedure.
	at org.apache.derby.impl.jdbc.SQLExceptionFactory.getSQLException(Unknown Source)
	at org.apache.derby.impl.jdbc.Util.generateCsSQLException(Unknown Source)
	at org.apache.derby.impl.jdbc.TransactionResourceImpl.wrapInSQLException(Unknown Source)
	at org.apache.derby.impl.jdbc.TransactionResourceImpl.handleException(Unknown Source)
	at org.apache.derby.impl.jdbc.EmbedConnection.handleException(Unknown Source)
	at org.apache.derby.impl.jdbc.ConnectionChild.handleException(Unknown Source)
	at org.apache.derby.impl.jdbc.EmbedStatement.execute(Unknown Source)
	at org.apache.derby.impl.jdbc.EmbedStatement.execute(Unknown Source)
	at org.apache.nifi.processors.standard.AbstractExecuteSQL.executeConfigStatements(AbstractExecuteSQL.java:464)
	at org.apache.nifi.processors.standard.AbstractExecuteSQL.onTrigger(AbstractExecuteSQL.java:252)
	at org.apache.nifi.processor.AbstractProcessor.onTrigger(AbstractProcessor.java:27)
	at org.apache.nifi.util.StandardProcessorTestRunner$RunProcessor.call(StandardProcessorTestRunner.java:284)
	at org.apache.nifi.util.StandardProcessorTestRunner$RunProcessor.call(StandardProcessorTestRunner.java:278)
	at java.util.concurrent.FutureTask.run(FutureTask.java:266)
	at java.util.concurrent.ScheduledThreadPoolExecutor$ScheduledFutureTask.access$201(ScheduledThreadPoolExecutor.java:180)
	at java.util.concurrent.ScheduledThreadPoolExecutor$ScheduledFutureTask.run(ScheduledThreadPoolExecutor.java:293)
	at java.util.concurrent.ThreadPoolExecutor.runWorker(ThreadPoolExecutor.java:1149)
	at java.util.concurrent.ThreadPoolExecutor$Worker.run(ThreadPoolExecutor.java:624)
	at java.lang.Thread.run(Thread.java:750)
Caused by: ERROR 42Y03: 'SYSCS_UTIL.SYSCS_SET_RUNTIMESTATISTICS' is not recognized as a function or procedure.
	at org.apache.derby.iapi.error.StandardException.newException(Unknown Source)
	at org.apache.derby.iapi.error.StandardException.newException(Unknown Source)
	at org.apache.derby.impl.sql.compile.StaticMethodCallNode.bindExpressionMinion(Unknown Source)
	at org.apache.derby.impl.sql.compile.StaticMethodCallNode.bindExpression(Unknown Source)
	at org.apache.derby.impl.sql.compile.JavaToSQLValueNode.bindExpression(Unknown Source)
	at org.apache.derby.impl.sql.compile.CallStatementNode.bindStatement(Unknown Source)
	at org.apache.derby.impl.sql.GenericStatement.prepMinion(Unknown Source)
	at org.apache.derby.impl.sql.GenericStatement.prepare(Unknown Source)
	at org.apache.derby.impl.sql.conn.GenericLanguageConnectionContext.prepareInternalStatement(Unknown Source)
	... 13 more
]]></system-err>
  </testcase>
  <testcase name="testIncomingConnectionWithNoFlowFile" classname="org.apache.nifi.processors.standard.TestExecuteSQLRecord" time="0.01"/>
  <testcase name="testWithOutputBatchingLastBatchFails" classname="org.apache.nifi.processors.standard.TestExecuteSQLRecord" time="0.058">
    <system-err><![CDATA[[pool-1557-thread-1] INFO org.apache.nifi.processors.standard.ExecuteSQLRecord - ExecuteSQLRecord[id=f54b2e7b-be34-4ef3-af47-794f62325289] FlowFile[1,94763758127198.mockFlowFile,40B] contains 5 records; transferring to 'success'
[pool-1557-thread-1] INFO org.apache.nifi.processors.standard.ExecuteSQLRecord - ExecuteSQLRecord[id=f54b2e7b-be34-4ef3-af47-794f62325289] FlowFile[2,94763758127198.mockFlowFile,40B] contains 5 records; transferring to 'success'
[pool-1557-thread-1] ERROR org.apache.nifi.processors.standard.ExecuteSQLRecord - ExecuteSQLRecord[id=f54b2e7b-be34-4ef3-af47-794f62325289] Unable to execute SQL select query SELECT ID, CAST(VAL1 AS INTEGER) AS TN FROM TEST_NULL_INT for FlowFile[0,94763758127198.mockFlowFile,57B] due to org.apache.nifi.processor.exception.ProcessException: java.io.IOException: java.io.IOException: Could not obtain next record from ResultSet; routing to failure: org.apache.nifi.processor.exception.ProcessException: java.io.IOException: java.io.IOException: Could not obtain next record from ResultSet
org.apache.nifi.processor.exception.ProcessException: java.io.IOException: java.io.IOException: Could not obtain next record from ResultSet
	at org.apache.nifi.processors.standard.AbstractExecuteSQL.lambda$onTrigger$1(AbstractExecuteSQL.java:304)
	at org.apache.nifi.util.MockProcessSession.write(MockProcessSession.java:907)
	at org.apache.nifi.util.MockProcessSession.write(MockProcessSession.java:67)
	at org.apache.nifi.processors.standard.AbstractExecuteSQL.onTrigger(AbstractExecuteSQL.java:300)
	at org.apache.nifi.processor.AbstractProcessor.onTrigger(AbstractProcessor.java:27)
	at org.apache.nifi.util.StandardProcessorTestRunner$RunProcessor.call(StandardProcessorTestRunner.java:284)
	at org.apache.nifi.util.StandardProcessorTestRunner$RunProcessor.call(StandardProcessorTestRunner.java:278)
	at java.util.concurrent.FutureTask.run(FutureTask.java:266)
	at java.util.concurrent.ScheduledThreadPoolExecutor$ScheduledFutureTask.access$201(ScheduledThreadPoolExecutor.java:180)
	at java.util.concurrent.ScheduledThreadPoolExecutor$ScheduledFutureTask.run(ScheduledThreadPoolExecutor.java:293)
	at java.util.concurrent.ThreadPoolExecutor.runWorker(ThreadPoolExecutor.java:1149)
	at java.util.concurrent.ThreadPoolExecutor$Worker.run(ThreadPoolExecutor.java:624)
	at java.lang.Thread.run(Thread.java:750)
Caused by: java.io.IOException: java.io.IOException: Could not obtain next record from ResultSet
	at org.apache.nifi.processors.standard.sql.RecordSqlWriter.writeResultSet(RecordSqlWriter.java:88)
	at org.apache.nifi.processors.standard.AbstractExecuteSQL.lambda$onTrigger$1(AbstractExecuteSQL.java:302)
	... 12 more
Caused by: java.io.IOException: Could not obtain next record from ResultSet
	at org.apache.nifi.processors.standard.sql.RecordSqlWriter$ResultSetRecordSetWithCallback.next(RecordSqlWriter.java:158)
	at org.apache.nifi.serialization.record.RecordSet$1.next(RecordSet.java:62)
	at org.apache.nifi.serialization.record.MockRecordWriter$1.write(MockRecordWriter.java:95)
	at org.apache.nifi.processors.standard.sql.RecordSqlWriter.writeResultSet(RecordSqlWriter.java:82)
	... 13 more
Caused by: java.sql.SQLDataException: Invalid character string format for type INTEGER.
	at org.apache.derby.impl.jdbc.SQLExceptionFactory.getSQLException(Unknown Source)
	at org.apache.derby.impl.jdbc.Util.generateCsSQLException(Unknown Source)
	at org.apache.derby.impl.jdbc.TransactionResourceImpl.wrapInSQLException(Unknown Source)
	at org.apache.derby.impl.jdbc.TransactionResourceImpl.handleException(Unknown Source)
	at org.apache.derby.impl.jdbc.EmbedConnection.handleException(Unknown Source)
	at org.apache.derby.impl.jdbc.ConnectionChild.handleException(Unknown Source)
	at org.apache.derby.impl.jdbc.EmbedResultSet.closeOnTransactionError(Unknown Source)
	at org.apache.derby.impl.jdbc.EmbedResultSet.movePosition(Unknown Source)
	at org.apache.derby.impl.jdbc.EmbedResultSet.next(Unknown Source)
	at org.apache.nifi.processors.standard.sql.RecordSqlWriter$ResultSetRecordSetWithCallback.next(RecordSqlWriter.java:152)
	... 16 more
Caused by: ERROR 22018: Invalid character string format for type INTEGER.
	at org.apache.derby.iapi.error.StandardException.newException(Unknown Source)
	at org.apache.derby.iapi.error.StandardException.newException(Unknown Source)
	at org.apache.derby.iapi.types.DataType.invalidFormat(Unknown Source)
	at org.apache.derby.iapi.types.DataType.setValue(Unknown Source)
	at org.apache.derby.exe.ac5760a98cx018fx36f9x736ex00000d0341900.e0(Unknown Source)
	at org.apache.derby.impl.services.reflect.DirectCall.invoke(Unknown Source)
	at org.apache.derby.impl.sql.execute.ProjectRestrictResultSet.doProjection(Unknown Source)
	at org.apache.derby.impl.sql.execute.ProjectRestrictResultSet.getNextRowCore(Unknown Source)
	at org.apache.derby.impl.sql.execute.BasicNoPutResultSetImpl.getNextRow(Unknown Source)
	... 19 more
]]></system-err>
  </testcase>
  <testcase name="testNoIncomingConnectionAndNoQuery" classname="org.apache.nifi.processors.standard.TestExecuteSQLRecord" time="0"/>
</testsuite>