<?xml version="1.0" encoding="UTF-8"?>
<testsuite xmlns:xsi="http://www.w3.org/2001/XMLSchema-instance" xsi:noNamespaceSchemaLocation="https://maven.apache.org/surefire/maven-surefire-plugin/xsd/surefire-test-report-3.0.xsd" version="3.0" name="org.apache.hive.hcatalog.pig.TestRCFileHCatStorer" time="78.046" tests="29" errors="0" skipped="0" failures="2">
  <properties>
    <property name="build.test.dir" value="/home/alex/Repositories/hive/hcatalog/hcatalog-pig-adapter/target/tmp"/>
    <property name="awt.toolkit" value="sun.awt.X11.XToolkit"/>
    <property name="test.tmp.dir.uri" value="file:///home/alex/Repositories/hive/hcatalog/hcatalog-pig-adapter/target/tmp"/>
    <property name="java.specification.version" value="1.8"/>
    <property name="qfile" value=""/>
    <property name="test.warehouse.dir" value="pfile:///home/alex/Repositories/hive/hcatalog/hcatalog-pig-adapter/target/warehouse"/>
    <property name="sun.cpu.isalist" value=""/>
    <property name="sun.jnu.encoding" value="UTF-8"/>
    <property name="run_disabled" value=""/>
    <property name="nondexPrintstack" value="false"/>
    <property name="sun.arch.data.model" value="64"/>
    <property name="java.vendor.url" value="http://java.oracle.com/"/>
    <property name="user.country.format" value="PT"/>
    <property name="test.tmp.dir" value="/home/alex/Repositories/hive/hcatalog/hcatalog-pig-adapter/target/tmp"/>
    <property name="sun.boot.library.path" value="/usr/lib/jvm/java-8-openjdk-amd64/jre/lib/amd64"/>
    <property name="sun.java.command" value="/home/alex/Repositories/hive/hcatalog/hcatalog-pig-adapter/target/surefire/surefirebooter3417052923204766336.jar /home/alex/Repositories/hive/hcatalog/hcatalog-pig-adapter/target/surefire 2024-04-23T21-59-46_173-jvmRun1 surefire8051425995883874076tmp surefire_38043669686762524504653tmp"/>
    <property name="nondexExecid" value="n2YTxnz8qLIIc6TArxU51qutDddjOFEgWGc650uA0="/>
    <property name="java.specification.vendor" value="Oracle Corporation"/>
    <property name="java.home" value="/usr/lib/jvm/java-8-openjdk-amd64/jre"/>
    <property name="basedir" value="/home/alex/Repositories/hive/hcatalog/hcatalog-pig-adapter"/>
    <property name="file.separator" value="/"/>
    <property name="nondexEnd" value="9223372036854775807"/>
    <property name="line.separator" value="&#10;"/>
    <property name="derby.stream.error.file" value="/home/alex/Repositories/hive/hcatalog/hcatalog-pig-adapter/target/tmp/derby.log"/>
    <property name="java.vm.specification.vendor" value="Oracle Corporation"/>
    <property name="java.specification.name" value="Java Platform API Specification"/>
    <property name="sun.boot.class.path" value="/home/alex/Repositories/hive/hcatalog/hcatalog-pig-adapter/.nondex/nondex-instr.jar:/home/alex/.m2/repository/edu/illinois/nondex-common/2.1.7/nondex-common-2.1.7.jar:/home/alex/.m2/repository/edu/illinois/nondex-annotations/2.1.7/nondex-annotations-2.1.7.jar:/usr/lib/jvm/java-8-openjdk-amd64/jre/lib/resources.jar:/usr/lib/jvm/java-8-openjdk-amd64/jre/lib/rt.jar:/usr/lib/jvm/java-8-openjdk-amd64/jre/lib/sunrsasign.jar:/usr/lib/jvm/java-8-openjdk-amd64/jre/lib/jsse.jar:/usr/lib/jvm/java-8-openjdk-amd64/jre/lib/jce.jar:/usr/lib/jvm/java-8-openjdk-amd64/jre/lib/charsets.jar:/usr/lib/jvm/java-8-openjdk-amd64/jre/lib/jfr.jar:/usr/lib/jvm/java-8-openjdk-amd64/jre/classes"/>
    <property name="log4j.debug" value="true"/>
    <property name="sun.management.compiler" value="HotSpot 64-Bit Tiered Compilers"/>
    <property name="spark.home" value=""/>
    <property name="java.runtime.version" value="1.8.0_402-8u402-ga-2ubuntu1~22.04-b06"/>
    <property name="user.name" value="alex"/>
    <property name="test.src.tables" value=""/>
    <property name="file.encoding" value="UTF-8"/>
    <property name="qfile_regex" value=""/>
    <property name="hadoop.bin.path" value="/home/alex/Repositories/hive/hcatalog/hcatalog-pig-adapter/../../testutils/hadoop"/>
    <property name="localRepository" value="/home/alex/.m2/repository"/>
    <property name="build.dir" value="/home/alex/Repositories/hive/hcatalog/hcatalog-pig-adapter/target"/>
    <property name="nondexDir" value="/home/alex/Repositories/hive/hcatalog/hcatalog-pig-adapter/.nondex"/>
    <property name="nondexJarDir" value="/home/alex/Repositories/hive/hcatalog/hcatalog-pig-adapter/.nondex"/>
    <property name="mapred.job.tracker" value="local"/>
    <property name="java.io.tmpdir" value="/home/alex/Repositories/hive/hcatalog/hcatalog-pig-adapter/target/tmp"/>
    <property name="com.zaxxer.hikari.pool_number" value="3"/>
    <property name="java.version" value="1.8.0_402"/>
    <property name="hive.version" value="4.0.0-SNAPSHOT"/>
    <property name="java.vm.specification.name" value="Java Virtual Machine Specification"/>
    <property name="java.awt.printerjob" value="sun.print.PSPrinterJob"/>
    <property name="sun.os.patch.level" value="unknown"/>
    <property name="java.library.path" value="/usr/java/packages/lib/amd64:/usr/lib/x86_64-linux-gnu/jni:/lib/x86_64-linux-gnu:/usr/lib/x86_64-linux-gnu:/usr/lib/jni:/lib:/usr/lib"/>
    <property name="test.data.dir" value="/home/alex/Repositories/hive/hcatalog/hcatalog-pig-adapter/../../data/files"/>
    <property name="java.vendor" value="Private Build"/>
    <property name="java.specification.maintenance.version" value="5"/>
    <property name="sun.io.unicode.encoding" value="UnicodeLittle"/>
    <property name="initScript" value=""/>
    <property name="sun.desktop" value="gnome"/>
    <property name="calcite.enable.rexnode.digest.normalize" value="false"/>
    <property name="file.encoding.pkg" value="sun.io"/>
    <property name="nondexStart" value="0"/>
    <property name="log4j.configurationFile" value="file:///home/alex/Repositories/hive/hcatalog/hcatalog-pig-adapter/target/testconf/hive-log4j2.properties"/>
    <property name="java.class.path" value="/home/alex/Repositories/hive/hcatalog/hcatalog-pig-adapter/target/test-classes:/home/alex/Repositories/hive/hcatalog/hcatalog-pig-adapter/target/classes:/home/alex/Repositories/hive/hcatalog/core/target/classes:/home/alex/Repositories/hive/cli/target/classes:/home/alex/Repositories/hive/service/target/classes:/home/alex/Repositories/hive/llap-server/target/classes:/home/alex/.m2/repository/com/lmax/disruptor/3.3.7/disruptor-3.3.7.jar:/home/alex/Repositories/hive/llap-common/target/test-classes:/home/alex/Repositories/hive/hplsql/target/classes:/home/alex/.m2/repository/org/antlr/antlr4-runtime/4.5/antlr4-runtime-4.5.jar:/home/alex/.m2/repository/org/abego/treelayout/org.abego.treelayout.core/1.0.1/org.abego.treelayout.core-1.0.1.jar:/home/alex/.m2/repository/javax/servlet/jsp/javax.servlet.jsp-api/2.3.1/javax.servlet.jsp-api-2.3.1.jar:/home/alex/.m2/repository/org/eclipse/jetty/jetty-runner/9.3.27.v20190418/jetty-runner-9.3.27.v20190418.jar:/home/alex/.m2/repository/org/eclipse/jetty/jetty-plus/9.3.27.v20190418/jetty-plus-9.3.27.v20190418.jar:/home/alex/.m2/repository/org/eclipse/jetty/jetty-annotations/9.3.27.v20190418/jetty-annotations-9.3.27.v20190418.jar:/home/alex/.m2/repository/org/ow2/asm/asm-commons/6.0/asm-commons-6.0.jar:/home/alex/.m2/repository/org/ow2/asm/asm-tree/6.0/asm-tree-6.0.jar:/home/alex/.m2/repository/org/eclipse/jetty/jetty-jaas/9.3.27.v20190418/jetty-jaas-9.3.27.v20190418.jar:/home/alex/.m2/repository/org/eclipse/jetty/websocket/websocket-server/9.3.27.v20190418/websocket-server-9.3.27.v20190418.jar:/home/alex/.m2/repository/org/eclipse/jetty/websocket/websocket-common/9.3.27.v20190418/websocket-common-9.3.27.v20190418.jar:/home/alex/.m2/repository/org/eclipse/jetty/websocket/websocket-api/9.3.27.v20190418/websocket-api-9.3.27.v20190418.jar:/home/alex/.m2/repository/org/eclipse/jetty/websocket/websocket-client/9.3.27.v20190418/websocket-client-9.3.27.v20190418.jar:/home/alex/.m2/repository/org/eclipse/jetty/websocket/websocket-servlet/9.3.27.v20190418/websocket-servlet-9.3.27.v20190418.jar:/home/alex/.m2/repository/org/eclipse/jetty/jetty-jndi/9.3.27.v20190418/jetty-jndi-9.3.27.v20190418.jar:/home/alex/.m2/repository/org/eclipse/jetty/apache-jsp/9.3.27.v20190418/apache-jsp-9.3.27.v20190418.jar:/home/alex/.m2/repository/org/eclipse/jetty/toolchain/jetty-schemas/3.1/jetty-schemas-3.1.jar:/home/alex/.m2/repository/org/eclipse/jdt/core/compiler/ecj/4.4.2/ecj-4.4.2.jar:/home/alex/.m2/repository/org/eclipse/jetty/apache-jstl/9.3.27.v20190418/apache-jstl-9.3.27.v20190418.jar:/home/alex/.m2/repository/org/apache/taglibs/taglibs-standard-spec/1.2.5/taglibs-standard-spec-1.2.5.jar:/home/alex/.m2/repository/org/apache/taglibs/taglibs-standard-impl/1.2.5/taglibs-standard-impl-1.2.5.jar:/home/alex/.m2/repository/org/bouncycastle/bcprov-jdk15on/1.64/bcprov-jdk15on-1.64.jar:/home/alex/.m2/repository/org/apache/santuario/xmlsec/2.2.1/xmlsec-2.2.1.jar:/home/alex/.m2/repository/org/jamon/jamon-runtime/2.3.1/jamon-runtime-2.3.1.jar:/home/alex/Repositories/hive/common/target/classes:/home/alex/Repositories/hive/classification/target/classes:/home/alex/.m2/repository/org/eclipse/jetty/jetty-http/9.3.27.v20190418/jetty-http-9.3.27.v20190418.jar:/home/alex/.m2/repository/org/eclipse/jetty/jetty-rewrite/9.3.27.v20190418/jetty-rewrite-9.3.27.v20190418.jar:/home/alex/.m2/repository/org/eclipse/jetty/jetty-client/9.3.27.v20190418/jetty-client-9.3.27.v20190418.jar:/home/alex/.m2/repository/org/apache/logging/log4j/log4j-web/2.13.2/log4j-web-2.13.2.jar:/home/alex/.m2/repository/net/sf/jpam/jpam/1.1/jpam-1.1.jar:/home/alex/Repositories/hive/metastore/target/classes:/home/alex/Repositories/hive/ql/target/classes:/home/alex/.m2/repository/com/google/guava/guava/19.0/guava-19.0.jar:/home/alex/.m2/repository/com/fasterxml/jackson/core/jackson-annotations/2.12.0/jackson-annotations-2.12.0.jar:/home/alex/.m2/repository/com/fasterxml/jackson/core/jackson-core/2.12.0/jackson-core-2.12.0.jar:/home/alex/.m2/repository/com/fasterxml/jackson/core/jackson-databind/2.12.0/jackson-databind-2.12.0.jar:/home/alex/.m2/repository/org/apache/hadoop/hadoop-annotations/3.1.0/hadoop-annotations-3.1.0.jar:/usr/lib/jvm/java-8-openjdk-amd64/jre/../lib/tools.jar:/home/alex/.m2/repository/org/apache/hadoop/hadoop-archives/3.1.0/hadoop-archives-3.1.0.jar:/home/alex/.m2/repository/org/apache/hadoop/hadoop-common/3.1.0/hadoop-common-3.1.0.jar:/home/alex/.m2/repository/commons-cli/commons-cli/1.4/commons-cli-1.4.jar:/home/alex/.m2/repository/org/apache/commons/commons-math3/3.6.1/commons-math3-3.6.1.jar:/home/alex/.m2/repository/commons-codec/commons-codec/1.15/commons-codec-1.15.jar:/home/alex/.m2/repository/commons-io/commons-io/2.6/commons-io-2.6.jar:/home/alex/.m2/repository/commons-net/commons-net/3.6/commons-net-3.6.jar:/home/alex/.m2/repository/commons-collections/commons-collections/3.2.2/commons-collections-3.2.2.jar:/home/alex/.m2/repository/javax/servlet/javax.servlet-api/3.1.0/javax.servlet-api-3.1.0.jar:/home/alex/.m2/repository/org/eclipse/jetty/jetty-server/9.3.27.v20190418/jetty-server-9.3.27.v20190418.jar:/home/alex/.m2/repository/org/eclipse/jetty/jetty-io/9.3.27.v20190418/jetty-io-9.3.27.v20190418.jar:/home/alex/.m2/repository/org/eclipse/jetty/jetty-util/9.3.27.v20190418/jetty-util-9.3.27.v20190418.jar:/home/alex/.m2/repository/org/eclipse/jetty/jetty-servlet/9.3.27.v20190418/jetty-servlet-9.3.27.v20190418.jar:/home/alex/.m2/repository/org/eclipse/jetty/jetty-security/9.3.27.v20190418/jetty-security-9.3.27.v20190418.jar:/home/alex/.m2/repository/org/eclipse/jetty/jetty-webapp/9.3.27.v20190418/jetty-webapp-9.3.27.v20190418.jar:/home/alex/.m2/repository/org/eclipse/jetty/jetty-xml/9.3.27.v20190418/jetty-xml-9.3.27.v20190418.jar:/home/alex/.m2/repository/javax/servlet/jsp/jsp-api/2.1/jsp-api-2.1.jar:/home/alex/.m2/repository/com/sun/jersey/jersey-core/1.19/jersey-core-1.19.jar:/home/alex/.m2/repository/javax/ws/rs/jsr311-api/1.1.1/jsr311-api-1.1.1.jar:/home/alex/.m2/repository/com/sun/jersey/jersey-json/1.19/jersey-json-1.19.jar:/home/alex/.m2/repository/org/codehaus/jettison/jettison/1.1/jettison-1.1.jar:/home/alex/.m2/repository/com/sun/xml/bind/jaxb-impl/2.2.3-1/jaxb-impl-2.2.3-1.jar:/home/alex/.m2/repository/org/codehaus/jackson/jackson-jaxrs/1.9.2/jackson-jaxrs-1.9.2.jar:/home/alex/.m2/repository/org/codehaus/jackson/jackson-xc/1.9.2/jackson-xc-1.9.2.jar:/home/alex/.m2/repository/com/sun/jersey/jersey-server/1.19/jersey-server-1.19.jar:/home/alex/.m2/repository/log4j/log4j/1.2.17/log4j-1.2.17.jar:/home/alex/.m2/repository/commons-lang/commons-lang/2.6/commons-lang-2.6.jar:/home/alex/.m2/repository/org/apache/commons/commons-configuration2/2.1.1/commons-configuration2-2.1.1.jar:/home/alex/.m2/repository/org/apache/commons/commons-lang3/3.4/commons-lang3-3.4.jar:/home/alex/.m2/repository/org/apache/avro/avro/1.8.2/avro-1.8.2.jar:/home/alex/.m2/repository/com/thoughtworks/paranamer/paranamer/2.8/paranamer-2.8.jar:/home/alex/.m2/repository/org/xerial/snappy/snappy-java/1.1.4/snappy-java-1.1.4.jar:/home/alex/.m2/repository/org/tukaani/xz/1.5/xz-1.5.jar:/home/alex/.m2/repository/com/google/re2j/re2j/1.2/re2j-1.2.jar:/home/alex/.m2/repository/com/google/protobuf/protobuf-java/2.5.0/protobuf-java-2.5.0.jar:/home/alex/.m2/repository/com/google/code/gson/gson/2.2.4/gson-2.2.4.jar:/home/alex/.m2/repository/org/apache/hadoop/hadoop-auth/3.1.0/hadoop-auth-3.1.0.jar:/home/alex/.m2/repository/com/nimbusds/nimbus-jose-jwt/4.41.1/nimbus-jose-jwt-4.41.1.jar:/home/alex/.m2/repository/com/github/stephenc/jcip/jcip-annotations/1.0-1/jcip-annotations-1.0-1.jar:/home/alex/.m2/repository/net/minidev/json-smart/2.3/json-smart-2.3.jar:/home/alex/.m2/repository/net/minidev/accessors-smart/1.2/accessors-smart-1.2.jar:/home/alex/.m2/repository/org/ow2/asm/asm/5.0.4/asm-5.0.4.jar:/home/alex/.m2/repository/com/jcraft/jsch/0.1.54/jsch-0.1.54.jar:/home/alex/.m2/repository/com/google/code/findbugs/jsr305/3.0.0/jsr305-3.0.0.jar:/home/alex/.m2/repository/org/apache/htrace/htrace-core4/4.1.0-incubating/htrace-core4-4.1.0-incubating.jar:/home/alex/.m2/repository/org/apache/commons/commons-compress/1.21/commons-compress-1.21.jar:/home/alex/.m2/repository/org/apache/kerby/kerb-simplekdc/1.0.1/kerb-simplekdc-1.0.1.jar:/home/alex/.m2/repository/org/apache/kerby/kerb-client/1.0.1/kerb-client-1.0.1.jar:/home/alex/.m2/repository/org/apache/kerby/kerby-config/1.0.1/kerby-config-1.0.1.jar:/home/alex/.m2/repository/org/apache/kerby/kerb-core/1.0.1/kerb-core-1.0.1.jar:/home/alex/.m2/repository/org/apache/kerby/kerby-pkix/1.0.1/kerby-pkix-1.0.1.jar:/home/alex/.m2/repository/org/apache/kerby/kerby-asn1/1.0.1/kerby-asn1-1.0.1.jar:/home/alex/.m2/repository/org/apache/kerby/kerby-util/1.0.1/kerby-util-1.0.1.jar:/home/alex/.m2/repository/org/apache/kerby/kerb-common/1.0.1/kerb-common-1.0.1.jar:/home/alex/.m2/repository/org/apache/kerby/kerb-crypto/1.0.1/kerb-crypto-1.0.1.jar:/home/alex/.m2/repository/org/apache/kerby/kerb-util/1.0.1/kerb-util-1.0.1.jar:/home/alex/.m2/repository/org/apache/kerby/token-provider/1.0.1/token-provider-1.0.1.jar:/home/alex/.m2/repository/org/apache/kerby/kerb-admin/1.0.1/kerb-admin-1.0.1.jar:/home/alex/.m2/repository/org/apache/kerby/kerb-server/1.0.1/kerb-server-1.0.1.jar:/home/alex/.m2/repository/org/apache/kerby/kerb-identity/1.0.1/kerb-identity-1.0.1.jar:/home/alex/.m2/repository/org/apache/kerby/kerby-xdr/1.0.1/kerby-xdr-1.0.1.jar:/home/alex/.m2/repository/org/codehaus/woodstox/stax2-api/3.1.4/stax2-api-3.1.4.jar:/home/alex/.m2/repository/com/fasterxml/woodstox/woodstox-core/5.0.3/woodstox-core-5.0.3.jar:/home/alex/.m2/repository/org/apache/hadoop/hadoop-mapreduce-client-jobclient/3.1.0/hadoop-mapreduce-client-jobclient-3.1.0.jar:/home/alex/.m2/repository/com/google/inject/extensions/guice-servlet/4.0/guice-servlet-4.0.jar:/home/alex/.m2/repository/com/google/inject/guice/4.0/guice-4.0.jar:/home/alex/.m2/repository/aopalliance/aopalliance/1.0/aopalliance-1.0.jar:/home/alex/.m2/repository/org/apache/hadoop/hadoop-mapreduce-client-core/3.1.0/hadoop-mapreduce-client-core-3.1.0.jar:/home/alex/.m2/repository/org/apache/hadoop/hadoop-yarn-client/3.1.0/hadoop-yarn-client-3.1.0.jar:/home/alex/.m2/repository/org/apache/hadoop/hadoop-yarn-api/3.1.0/hadoop-yarn-api-3.1.0.jar:/home/alex/.m2/repository/org/apache/hadoop/hadoop-yarn-common/3.1.0/hadoop-yarn-common-3.1.0.jar:/home/alex/.m2/repository/javax/xml/bind/jaxb-api/2.2.11/jaxb-api-2.2.11.jar:/home/alex/.m2/repository/com/sun/jersey/jersey-client/1.19/jersey-client-1.19.jar:/home/alex/.m2/repository/com/sun/jersey/contribs/jersey-guice/1.19/jersey-guice-1.19.jar:/home/alex/.m2/repository/com/fasterxml/jackson/module/jackson-module-jaxb-annotations/2.12.0/jackson-module-jaxb-annotations-2.12.0.jar:/home/alex/.m2/repository/jakarta/xml/bind/jakarta.xml.bind-api/2.3.2/jakarta.xml.bind-api-2.3.2.jar:/home/alex/.m2/repository/jakarta/activation/jakarta.activation-api/1.2.1/jakarta.activation-api-1.2.1.jar:/home/alex/.m2/repository/com/fasterxml/jackson/jaxrs/jackson-jaxrs-json-provider/2.12.0/jackson-jaxrs-json-provider-2.12.0.jar:/home/alex/.m2/repository/org/apache/hadoop/hadoop-hdfs-client/3.1.0/hadoop-hdfs-client-3.1.0.jar:/home/alex/.m2/repository/com/squareup/okhttp/okhttp/2.7.5/okhttp-2.7.5.jar:/home/alex/.m2/repository/com/squareup/okio/okio/1.6.0/okio-1.6.0.jar:/home/alex/.m2/repository/org/apache/pig/pig/0.16.0/pig-0.16.0-h2.jar:/home/alex/.m2/repository/xmlenc/xmlenc/0.52/xmlenc-0.52.jar:/home/alex/.m2/repository/commons-httpclient/commons-httpclient/3.1/commons-httpclient-3.1.jar:/home/alex/.m2/repository/org/mortbay/jetty/jetty/6.1.26/jetty-6.1.26.jar:/home/alex/.m2/repository/org/mortbay/jetty/servlet-api/2.5-20081211/servlet-api-2.5-20081211.jar:/home/alex/.m2/repository/org/mortbay/jetty/jetty-util/6.1.26/jetty-util-6.1.26.jar:/home/alex/.m2/repository/org/mortbay/jetty/jsp-api-2.1/6.1.14/jsp-api-2.1-6.1.14.jar:/home/alex/.m2/repository/org/mortbay/jetty/jsp-2.1/6.1.14/jsp-2.1-6.1.14.jar:/home/alex/.m2/repository/org/eclipse/jdt/core/3.1.1/core-3.1.1.jar:/home/alex/.m2/repository/ant/ant/1.6.5/ant-1.6.5.jar:/home/alex/.m2/repository/commons-el/commons-el/1.0/commons-el-1.0.jar:/home/alex/.m2/repository/net/java/dev/jets3t/jets3t/0.7.1/jets3t-0.7.1.jar:/home/alex/.m2/repository/org/mortbay/jetty/servlet-api-2.5/6.1.14/servlet-api-2.5-6.1.14.jar:/home/alex/.m2/repository/net/sf/kosmosfs/kfs/0.3/kfs-0.3.jar:/home/alex/.m2/repository/junit/junit/4.13/junit-4.13.jar:/home/alex/.m2/repository/org/hamcrest/hamcrest-core/1.3/hamcrest-core-1.3.jar:/home/alex/.m2/repository/hsqldb/hsqldb/1.8.0.10/hsqldb-1.8.0.10.jar:/home/alex/.m2/repository/oro/oro/2.0.8/oro-2.0.8.jar:/home/alex/.m2/repository/org/antlr/ST4/4.0.4/ST4-4.0.4.jar:/home/alex/.m2/repository/org/antlr/antlr-runtime/3.5.2/antlr-runtime-3.5.2.jar:/home/alex/.m2/repository/dk/brics/automaton/automaton/1.11-8/automaton-1.11-8.jar:/home/alex/.m2/repository/org/codehaus/jackson/jackson-mapper-asl/1.8.8/jackson-mapper-asl-1.8.8.jar:/home/alex/.m2/repository/org/codehaus/jackson/jackson-core-asl/1.8.8/jackson-core-asl-1.8.8.jar:/home/alex/.m2/repository/org/apache/ivy/ivy/2.2.0/ivy-2.2.0.jar:/home/alex/.m2/repository/org/apache/hadoop/hadoop-hdfs/3.1.0/hadoop-hdfs-3.1.0.jar:/home/alex/.m2/repository/org/eclipse/jetty/jetty-util-ajax/9.3.19.v20170502/jetty-util-ajax-9.3.19.v20170502.jar:/home/alex/.m2/repository/commons-logging/commons-logging/1.1.3/commons-logging-1.1.3.jar:/home/alex/.m2/repository/commons-daemon/commons-daemon/1.0.13/commons-daemon-1.0.13.jar:/home/alex/.m2/repository/io/netty/netty-all/4.1.65.Final/netty-all-4.1.65.Final.jar:/home/alex/.m2/repository/org/fusesource/leveldbjni/leveldbjni-all/1.8/leveldbjni-all-1.8.jar:/home/alex/.m2/repository/joda-time/joda-time/2.9.9/joda-time-2.9.9.jar:/home/alex/Repositories/hive/hcatalog/core/target/test-classes:/home/alex/.m2/repository/jline/jline/0.9.94/jline-0.9.94.jar:/home/alex/Repositories/hive/ql/target/test-classes:/home/alex/.m2/repository/org/apache/atlas/atlas-client-v2/2.1.0/atlas-client-v2-2.1.0.jar:/home/alex/.m2/repository/cglib/cglib/2.2.2/cglib-2.2.2.jar:/home/alex/.m2/repository/asm/asm/3.3.1/asm-3.3.1.jar:/home/alex/.m2/repository/org/apache/atlas/atlas-client-common/2.1.0/atlas-client-common-2.1.0.jar:/home/alex/.m2/repository/org/apache/atlas/atlas-intg/2.1.0/atlas-intg-2.1.0.jar:/home/alex/.m2/repository/commons-validator/commons-validator/1.6/commons-validator-1.6.jar:/home/alex/.m2/repository/commons-digester/commons-digester/1.8.1/commons-digester-1.8.1.jar:/home/alex/.m2/repository/com/fasterxml/jackson/jaxrs/jackson-jaxrs-base/2.12.0/jackson-jaxrs-base-2.12.0.jar:/home/alex/.m2/repository/javax/inject/javax.inject/1/javax.inject-1.jar:/home/alex/.m2/repository/org/springframework/spring-context/4.3.20.RELEASE/spring-context-4.3.20.RELEASE.jar:/home/alex/.m2/repository/org/springframework/spring-aop/4.3.20.RELEASE/spring-aop-4.3.20.RELEASE.jar:/home/alex/.m2/repository/org/springframework/spring-beans/4.3.20.RELEASE/spring-beans-4.3.20.RELEASE.jar:/home/alex/.m2/repository/org/springframework/spring-core/4.3.20.RELEASE/spring-core-4.3.20.RELEASE.jar:/home/alex/.m2/repository/org/springframework/spring-expression/4.3.20.RELEASE/spring-expression-4.3.20.RELEASE.jar:/home/alex/.m2/repository/commons-configuration/commons-configuration/1.10/commons-configuration-1.10.jar:/home/alex/Repositories/hive/vector-code-gen/target/classes:/home/alex/.m2/repository/org/apache/velocity/velocity/1.5/velocity-1.5.jar:/home/alex/Repositories/hive/serde/target/classes:/home/alex/.m2/repository/org/apache/arrow/arrow-vector/0.15.1/arrow-vector-0.15.1.jar:/home/alex/.m2/repository/org/apache/arrow/arrow-format/0.15.1/arrow-format-0.15.1.jar:/home/alex/.m2/repository/org/apache/arrow/arrow-memory/0.15.1/arrow-memory-0.15.1.jar:/home/alex/.m2/repository/com/google/flatbuffers/flatbuffers-java/1.9.0/flatbuffers-java-1.9.0.jar:/home/alex/.m2/repository/com/carrotsearch/hppc/0.7.2/hppc-0.7.2.jar:/home/alex/.m2/repository/com/github/davidmoten/flatbuffers-java/1.6.0.1/flatbuffers-java-1.6.0.1.jar:/home/alex/Repositories/hive/parser/target/classes:/home/alex/Repositories/hive/udf/target/classes:/home/alex/Repositories/hive/service-rpc/target/classes:/home/alex/Repositories/hive/llap-client/target/classes:/home/alex/Repositories/hive/llap-common/target/classes:/home/alex/.m2/repository/io/jsonwebtoken/jjwt-api/0.10.5/jjwt-api-0.10.5.jar:/home/alex/.m2/repository/io/jsonwebtoken/jjwt-impl/0.10.5/jjwt-impl-0.10.5.jar:/home/alex/.m2/repository/io/jsonwebtoken/jjwt-jackson/0.10.5/jjwt-jackson-0.10.5.jar:/home/alex/Repositories/hive/llap-tez/target/classes:/home/alex/Repositories/hive/shims/aggregator/target/classes:/home/alex/Repositories/hive/shims/common/target/classes:/home/alex/Repositories/hive/shims/0.23/target/classes:/home/alex/.m2/repository/org/apache/hadoop/hadoop-yarn-server-resourcemanager/3.1.0/hadoop-yarn-server-resourcemanager-3.1.0.jar:/home/alex/.m2/repository/org/apache/hadoop/hadoop-yarn-server-common/3.1.0/hadoop-yarn-server-common-3.1.0.jar:/home/alex/.m2/repository/org/apache/geronimo/specs/geronimo-jcache_1.0_spec/1.0-alpha-1/geronimo-jcache_1.0_spec-1.0-alpha-1.jar:/home/alex/.m2/repository/org/ehcache/ehcache/3.3.1/ehcache-3.3.1.jar:/home/alex/.m2/repository/com/zaxxer/HikariCP-java7/2.4.12/HikariCP-java7-2.4.12.jar:/home/alex/.m2/repository/org/apache/hadoop/hadoop-yarn-server-applicationhistoryservice/3.1.0/hadoop-yarn-server-applicationhistoryservice-3.1.0.jar:/home/alex/.m2/repository/de/ruedigermoeller/fst/2.50/fst-2.50.jar:/home/alex/.m2/repository/com/cedarsoftware/java-util/1.9.0/java-util-1.9.0.jar:/home/alex/.m2/repository/com/cedarsoftware/json-io/2.5.1/json-io-2.5.1.jar:/home/alex/Repositories/hive/shims/scheduler/target/classes:/home/alex/Repositories/hive/spark-client/target/classes:/home/alex/.m2/repository/com/fasterxml/jackson/module/jackson-module-scala_2.12/2.12.0/jackson-module-scala_2.12-2.12.0.jar:/home/alex/.m2/repository/org/scala-lang/scala-library/2.12.10/scala-library-2.12.10.jar:/home/alex/.m2/repository/org/apache/spark/spark-core_2.12/2.4.5/spark-core_2.12-2.4.5.jar:/home/alex/.m2/repository/com/twitter/chill_2.12/0.9.3/chill_2.12-0.9.3.jar:/home/alex/.m2/repository/com/twitter/chill-java/0.9.3/chill-java-0.9.3.jar:/home/alex/.m2/repository/org/apache/xbean/xbean-asm6-shaded/4.8/xbean-asm6-shaded-4.8.jar:/home/alex/.m2/repository/org/apache/hadoop/hadoop-client/3.1.0/hadoop-client-3.1.0.jar:/home/alex/.m2/repository/org/apache/spark/spark-launcher_2.12/2.4.5/spark-launcher_2.12-2.4.5.jar:/home/alex/.m2/repository/org/apache/spark/spark-kvstore_2.12/2.4.5/spark-kvstore_2.12-2.4.5.jar:/home/alex/.m2/repository/org/apache/spark/spark-network-common_2.12/2.4.5/spark-network-common_2.12-2.4.5.jar:/home/alex/.m2/repository/org/apache/spark/spark-network-shuffle_2.12/2.4.5/spark-network-shuffle_2.12-2.4.5.jar:/home/alex/.m2/repository/org/apache/spark/spark-unsafe_2.12/2.4.5/spark-unsafe_2.12-2.4.5.jar:/home/alex/.m2/repository/javax/activation/activation/1.1.1/activation-1.1.1.jar:/home/alex/.m2/repository/org/slf4j/jul-to-slf4j/1.7.16/jul-to-slf4j-1.7.16.jar:/home/alex/.m2/repository/org/slf4j/jcl-over-slf4j/1.7.16/jcl-over-slf4j-1.7.16.jar:/home/alex/.m2/repository/com/ning/compress-lzf/1.0.3/compress-lzf-1.0.3.jar:/home/alex/.m2/repository/org/roaringbitmap/RoaringBitmap/0.7.45/RoaringBitmap-0.7.45.jar:/home/alex/.m2/repository/org/roaringbitmap/shims/0.7.45/shims-0.7.45.jar:/home/alex/.m2/repository/org/json4s/json4s-jackson_2.12/3.5.3/json4s-jackson_2.12-3.5.3.jar:/home/alex/.m2/repository/org/json4s/json4s-core_2.12/3.5.3/json4s-core_2.12-3.5.3.jar:/home/alex/.m2/repository/org/json4s/json4s-ast_2.12/3.5.3/json4s-ast_2.12-3.5.3.jar:/home/alex/.m2/repository/org/json4s/json4s-scalap_2.12/3.5.3/json4s-scalap_2.12-3.5.3.jar:/home/alex/.m2/repository/org/scala-lang/modules/scala-xml_2.12/1.0.6/scala-xml_2.12-1.0.6.jar:/home/alex/.m2/repository/com/clearspring/analytics/stream/2.7.0/stream-2.7.0.jar:/home/alex/.m2/repository/io/dropwizard/metrics/metrics-graphite/3.1.5/metrics-graphite-3.1.5.jar:/home/alex/.m2/repository/net/razorvine/pyrolite/4.13/pyrolite-4.13.jar:/home/alex/.m2/repository/net/sf/py4j/py4j/0.10.7/py4j-0.10.7.jar:/home/alex/.m2/repository/org/apache/spark/spark-tags_2.12/2.4.5/spark-tags_2.12-2.4.5.jar:/home/alex/.m2/repository/org/apache/commons/commons-crypto/1.0.0/commons-crypto-1.0.0.jar:/home/alex/.m2/repository/org/spark-project/spark/unused/1.0.0/unused-1.0.0.jar:/home/alex/.m2/repository/org/apache/spark/spark-yarn_2.12/2.4.5/spark-yarn_2.12-2.4.5.jar:/home/alex/.m2/repository/org/apache/hadoop/hadoop-yarn-server-web-proxy/3.1.0/hadoop-yarn-server-web-proxy-3.1.0.jar:/home/alex/Repositories/hive/storage-api/target/classes:/home/alex/.m2/repository/com/amazonaws/secretsmanager/aws-secretsmanager-caching-java/1.0.1/aws-secretsmanager-caching-java-1.0.1.jar:/home/alex/.m2/repository/com/esotericsoftware/kryo/5.0.3/kryo-5.0.3.jar:/home/alex/.m2/repository/com/esotericsoftware/minlog/1.3.1/minlog-1.3.1.jar:/home/alex/.m2/repository/com/esotericsoftware/reflectasm/1.11.9/reflectasm-1.11.9.jar:/home/alex/.m2/repository/org/apache/parquet/parquet-hadoop-bundle/1.11.1/parquet-hadoop-bundle-1.11.1.jar:/home/alex/.m2/repository/org/apache/commons/commons-collections4/4.1/commons-collections4-4.1.jar:/home/alex/.m2/repository/org/apache/commons/commons-text/1.8/commons-text-1.8.jar:/home/alex/.m2/repository/javolution/javolution/5.5.1/javolution-5.5.1.jar:/home/alex/.m2/repository/org/apache/logging/log4j/log4j-1.2-api/2.13.2/log4j-1.2-api-2.13.2.jar:/home/alex/.m2/repository/org/apache/logging/log4j/log4j-api/2.13.2/log4j-api-2.13.2.jar:/home/alex/.m2/repository/org/apache/logging/log4j/log4j-core/2.13.2/log4j-core-2.13.2.jar:/home/alex/.m2/repository/org/apache/logging/log4j/log4j-slf4j-impl/2.13.2/log4j-slf4j-impl-2.13.2.jar:/home/alex/.m2/repository/org/apache/avro/avro-mapred/1.8.2/avro-mapred-1.8.2-hadoop2.jar:/home/alex/.m2/repository/org/apache/avro/avro-ipc/1.8.2/avro-ipc-1.8.2.jar:/home/alex/.m2/repository/org/apache/ant/ant/1.9.1/ant-1.9.1.jar:/home/alex/.m2/repository/org/apache/ant/ant-launcher/1.9.1/ant-launcher-1.9.1.jar:/home/alex/.m2/repository/org/apache/thrift/libfb303/0.9.3/libfb303-0.9.3.jar:/home/alex/.m2/repository/org/apache/hadoop/hadoop-yarn-registry/3.1.0/hadoop-yarn-registry-3.1.0.jar:/home/alex/.m2/repository/dnsjava/dnsjava/2.1.7/dnsjava-2.1.7.jar:/home/alex/.m2/repository/org/apache/orc/orc-tools/1.6.9/orc-tools-1.6.9.jar:/home/alex/.m2/repository/com/opencsv/opencsv/3.9/opencsv-3.9.jar:/home/alex/.m2/repository/org/threeten/threetenbp/1.3.5/threetenbp-1.3.5.jar:/home/alex/.m2/repository/org/apache/thrift/libthrift/0.14.1/libthrift-0.14.1.jar:/home/alex/.m2/repository/org/apache/httpcomponents/httpcore/4.4.13/httpcore-4.4.13.jar:/home/alex/.m2/repository/org/apache/tomcat/embed/tomcat-embed-core/8.5.46/tomcat-embed-core-8.5.46.jar:/home/alex/.m2/repository/org/apache/tomcat/tomcat-annotations-api/8.5.46/tomcat-annotations-api-8.5.46.jar:/home/alex/.m2/repository/javax/annotation/javax.annotation-api/1.3.2/javax.annotation-api-1.3.2.jar:/home/alex/.m2/repository/org/apache/zookeeper/zookeeper/3.5.5/zookeeper-3.5.5.jar:/home/alex/.m2/repository/org/apache/zookeeper/zookeeper-jute/3.5.5/zookeeper-jute-3.5.5.jar:/home/alex/.m2/repository/org/apache/yetus/audience-annotations/0.5.0/audience-annotations-0.5.0.jar:/home/alex/.m2/repository/org/apache/curator/curator-framework/4.2.0/curator-framework-4.2.0.jar:/home/alex/.m2/repository/org/apache/datasketches/datasketches-hive/1.1.0-incubating/datasketches-hive-1.1.0-incubating.jar:/home/alex/.m2/repository/org/apache/datasketches/datasketches-java/1.3.0-incubating/datasketches-java-1.3.0-incubating.jar:/home/alex/.m2/repository/org/apache/datasketches/datasketches-memory/1.2.0-incubating/datasketches-memory-1.2.0-incubating.jar:/home/alex/.m2/repository/org/slf4j/slf4j-simple/1.7.27/slf4j-simple-1.7.27.jar:/home/alex/.m2/repository/org/codehaus/groovy/groovy-all/2.4.11/groovy-all-2.4.11.jar:/home/alex/.m2/repository/org/jodd/jodd-util/6.0.0/jodd-util-6.0.0.jar:/home/alex/.m2/repository/com/fasterxml/jackson/dataformat/jackson-dataformat-yaml/2.12.0/jackson-dataformat-yaml-2.12.0.jar:/home/alex/.m2/repository/org/yaml/snakeyaml/1.27/snakeyaml-1.27.jar:/home/alex/.m2/repository/org/datanucleus/datanucleus-core/5.2.4/datanucleus-core-5.2.4.jar:/home/alex/.m2/repository/org/apache/calcite/calcite-core/1.25.0/calcite-core-1.25.0.jar:/home/alex/.m2/repository/org/apache/calcite/calcite-linq4j/1.25.0/calcite-linq4j-1.25.0.jar:/home/alex/.m2/repository/org/apiguardian/apiguardian-api/1.1.0/apiguardian-api-1.1.0.jar:/home/alex/.m2/repository/com/esri/geometry/esri-geometry-api/2.2.0/esri-geometry-api-2.2.0.jar:/home/alex/.m2/repository/com/yahoo/datasketches/sketches-core/0.9.0/sketches-core-0.9.0.jar:/home/alex/.m2/repository/com/yahoo/datasketches/memory/0.9.0/memory-0.9.0.jar:/home/alex/.m2/repository/org/apache/calcite/calcite-druid/1.25.0/calcite-druid-1.25.0.jar:/home/alex/.m2/repository/org/apache/calcite/avatica/avatica/1.12.0/avatica-1.12.0.jar:/home/alex/.m2/repository/com/googlecode/javaewah/JavaEWAH/0.3.2/JavaEWAH-0.3.2.jar:/home/alex/.m2/repository/com/tdunning/json/1.8/json-1.8.jar:/home/alex/.m2/repository/stax/stax-api/1.0.1/stax-api-1.0.1.jar:/home/alex/.m2/repository/net/sf/opencsv/opencsv/2.3/opencsv-2.3.jar:/home/alex/Repositories/hive/standalone-metastore/metastore-server/target/classes:/home/alex/.m2/repository/org/reflections/reflections/0.9.10/reflections-0.9.10.jar:/home/alex/.m2/repository/org/javassist/javassist/3.19.0-GA/javassist-3.19.0-GA.jar:/home/alex/.m2/repository/com/jayway/jsonpath/json-path/2.4.0/json-path-2.4.0.jar:/home/alex/.m2/repository/org/codehaus/janino/commons-compiler/3.0.11/commons-compiler-3.0.11.jar:/home/alex/.m2/repository/org/codehaus/janino/janino/3.0.11/janino-3.0.11.jar:/home/alex/.m2/repository/com/sun/jersey/contribs/jersey-multipart/1.19/jersey-multipart-1.19.jar:/home/alex/.m2/repository/org/jvnet/mimepull/mimepull/1.9.3/mimepull-1.9.3.jar:/home/alex/.m2/repository/org/apache/kafka/kafka-clients/2.5.0/kafka-clients-2.5.0.jar:/home/alex/.m2/repository/com/github/luben/zstd-jni/1.4.4-7/zstd-jni-1.4.4-7.jar:/home/alex/.m2/repository/org/lz4/lz4-java/1.7.1/lz4-java-1.7.1.jar:/home/alex/.m2/repository/org/apache/hadoop/hadoop-hdfs/3.1.0/hadoop-hdfs-3.1.0-tests.jar:/home/alex/Repositories/hive/standalone-metastore/metastore-server/target/test-classes:/home/alex/Repositories/hive/standalone-metastore/metastore-common/target/classes:/home/alex/.m2/repository/com/github/ben-manes/caffeine/caffeine/2.8.4/caffeine-2.8.4.jar:/home/alex/.m2/repository/org/checkerframework/checker-qual/3.4.0/checker-qual-3.4.0.jar:/home/alex/.m2/repository/com/google/errorprone/error_prone_annotations/2.3.4/error_prone_annotations-2.3.4.jar:/home/alex/.m2/repository/org/apache/orc/orc-core/1.6.9/orc-core-1.6.9.jar:/home/alex/.m2/repository/org/apache/orc/orc-shims/1.6.9/orc-shims-1.6.9.jar:/home/alex/.m2/repository/io/airlift/aircompressor/0.19/aircompressor-0.19.jar:/home/alex/.m2/repository/org/jetbrains/annotations/17.0.0/annotations-17.0.0.jar:/home/alex/.m2/repository/org/threeten/threeten-extra/1.5.0/threeten-extra-1.5.0.jar:/home/alex/.m2/repository/com/github/joshelser/dropwizard-metrics-hadoop-metrics2-reporter/0.1.2/dropwizard-metrics-hadoop-metrics2-reporter-0.1.2.jar:/home/alex/.m2/repository/com/zaxxer/HikariCP/2.6.1/HikariCP-2.6.1.jar:/home/alex/.m2/repository/org/apache/commons/commons-dbcp2/2.7.0/commons-dbcp2-2.7.0.jar:/home/alex/.m2/repository/org/apache/commons/commons-pool2/2.7.0/commons-pool2-2.7.0.jar:/home/alex/.m2/repository/io/dropwizard/metrics/metrics-core/3.1.0/metrics-core-3.1.0.jar:/home/alex/.m2/repository/io/dropwizard/metrics/metrics-jvm/3.1.0/metrics-jvm-3.1.0.jar:/home/alex/.m2/repository/io/dropwizard/metrics/metrics-json/3.1.0/metrics-json-3.1.0.jar:/home/alex/.m2/repository/org/apache/derby/derby/10.14.1.0/derby-10.14.1.0.jar:/home/alex/.m2/repository/commons-beanutils/commons-beanutils/1.9.4/commons-beanutils-1.9.4.jar:/home/alex/.m2/repository/org/datanucleus/datanucleus-api-jdo/5.2.4/datanucleus-api-jdo-5.2.4.jar:/home/alex/.m2/repository/org/datanucleus/datanucleus-rdbms/5.2.4/datanucleus-rdbms-5.2.4.jar:/home/alex/.m2/repository/org/datanucleus/javax.jdo/3.2.0-release/javax.jdo-3.2.0-release.jar:/home/alex/.m2/repository/javax/transaction/javax.transaction-api/1.3/javax.transaction-api-1.3.jar:/home/alex/.m2/repository/org/glassfish/corba/glassfish-corba-omgapi/4.2.2/glassfish-corba-omgapi-4.2.2.jar:/home/alex/.m2/repository/sqlline/sqlline/1.9.0/sqlline-1.9.0.jar:/home/alex/.m2/repository/org/jline/jline-terminal/3.12.1/jline-terminal-3.12.1.jar:/home/alex/.m2/repository/org/jline/jline-reader/3.12.1/jline-reader-3.12.1.jar:/home/alex/.m2/repository/org/jline/jline-terminal-jansi/3.12.1/jline-terminal-jansi-3.12.1.jar:/home/alex/.m2/repository/org/fusesource/jansi/jansi/1.18/jansi-1.18.jar:/home/alex/.m2/repository/org/jline/jline-terminal-jna/3.12.1/jline-terminal-jna-3.12.1.jar:/home/alex/.m2/repository/net/java/dev/jna/jna/5.3.1/jna-5.3.1.jar:/home/alex/.m2/repository/org/jline/jline-builtins/3.12.1/jline-builtins-3.12.1.jar:/home/alex/.m2/repository/org/jline/jline-style/3.12.1/jline-style-3.12.1.jar:/home/alex/.m2/repository/com/cronutils/cron-utils/9.1.3/cron-utils-9.1.3.jar:/home/alex/.m2/repository/org/glassfish/javax.el/3.0.0/javax.el-3.0.0.jar:/home/alex/.m2/repository/com/oracle/database/jdbc/ojdbc8/21.3.0.0/ojdbc8-21.3.0.0.jar:/home/alex/.m2/repository/mysql/mysql-connector-java/8.0.27/mysql-connector-java-8.0.27.jar:/home/alex/.m2/repository/com/microsoft/sqlserver/mssql-jdbc/6.2.1.jre8/mssql-jdbc-6.2.1.jre8.jar:/home/alex/.m2/repository/org/postgresql/postgresql/42.2.14/postgresql-42.2.14.jar:/home/alex/.m2/repository/org/apache/hadoop/hadoop-mapreduce-client-common/3.1.0/hadoop-mapreduce-client-common-3.1.0.jar:/home/alex/.m2/repository/org/apache/hadoop/hadoop-common/3.1.0/hadoop-common-3.1.0-tests.jar:/home/alex/.m2/repository/org/apache/httpcomponents/httpclient/4.5.13/httpclient-4.5.13.jar:/home/alex/.m2/repository/org/apache/curator/curator-client/4.2.0/curator-client-4.2.0.jar:/home/alex/.m2/repository/org/apache/curator/curator-recipes/4.2.0/curator-recipes-4.2.0.jar:/home/alex/.m2/repository/com/sun/jersey/jersey-servlet/1.19/jersey-servlet-1.19.jar:/home/alex/.m2/repository/org/slf4j/slf4j-api/1.7.30/slf4j-api-1.7.30.jar:/home/alex/.m2/repository/org/mockito/mockito-core/3.4.4/mockito-core-3.4.4.jar:/home/alex/.m2/repository/net/bytebuddy/byte-buddy/1.10.13/byte-buddy-1.10.13.jar:/home/alex/.m2/repository/net/bytebuddy/byte-buddy-agent/1.10.13/byte-buddy-agent-1.10.13.jar:/home/alex/.m2/repository/org/objenesis/objenesis/2.6/objenesis-2.6.jar:/home/alex/Repositories/hive/hcatalog/hcatalog-pig-adapter/target/testconf:/home/alex/Repositories/hive/hcatalog/hcatalog-pig-adapter/../../conf:"/>
    <property name="java.vm.vendor" value="Private Build"/>
    <property name="hadoop.version" value="3.1.0"/>
    <property name="user.timezone" value="US/Pacific"/>
    <property name="test.local.warehouse.dir" value="pfile:///home/alex/Repositories/hive/hcatalog/hcatalog-pig-adapter/target/localfs/warehouse"/>
    <property name="java.vm.specification.version" value="1.8"/>
    <property name="os.name" value="Linux"/>
    <property name="clustermode" value=""/>
    <property name="test.build.data" value="/home/alex/Repositories/hive/hcatalog/hcatalog-pig-adapter/target/tmp"/>
    <property name="user.country" value="US"/>
    <property name="sun.java.launcher" value="SUN_STANDARD"/>
    <property name="test.data.files" value="/home/alex/Repositories/hive/hcatalog/hcatalog-pig-adapter/../../data/files"/>
    <property name="nondexLogging" value="CONFIG"/>
    <property name="surefire.test.class.path" value="/home/alex/Repositories/hive/hcatalog/hcatalog-pig-adapter/target/test-classes:/home/alex/Repositories/hive/hcatalog/hcatalog-pig-adapter/target/classes:/home/alex/Repositories/hive/hcatalog/core/target/classes:/home/alex/Repositories/hive/cli/target/classes:/home/alex/Repositories/hive/service/target/classes:/home/alex/Repositories/hive/llap-server/target/classes:/home/alex/.m2/repository/com/lmax/disruptor/3.3.7/disruptor-3.3.7.jar:/home/alex/Repositories/hive/llap-common/target/test-classes:/home/alex/Repositories/hive/hplsql/target/classes:/home/alex/.m2/repository/org/antlr/antlr4-runtime/4.5/antlr4-runtime-4.5.jar:/home/alex/.m2/repository/org/abego/treelayout/org.abego.treelayout.core/1.0.1/org.abego.treelayout.core-1.0.1.jar:/home/alex/.m2/repository/javax/servlet/jsp/javax.servlet.jsp-api/2.3.1/javax.servlet.jsp-api-2.3.1.jar:/home/alex/.m2/repository/org/eclipse/jetty/jetty-runner/9.3.27.v20190418/jetty-runner-9.3.27.v20190418.jar:/home/alex/.m2/repository/org/eclipse/jetty/jetty-plus/9.3.27.v20190418/jetty-plus-9.3.27.v20190418.jar:/home/alex/.m2/repository/org/eclipse/jetty/jetty-annotations/9.3.27.v20190418/jetty-annotations-9.3.27.v20190418.jar:/home/alex/.m2/repository/org/ow2/asm/asm-commons/6.0/asm-commons-6.0.jar:/home/alex/.m2/repository/org/ow2/asm/asm-tree/6.0/asm-tree-6.0.jar:/home/alex/.m2/repository/org/eclipse/jetty/jetty-jaas/9.3.27.v20190418/jetty-jaas-9.3.27.v20190418.jar:/home/alex/.m2/repository/org/eclipse/jetty/websocket/websocket-server/9.3.27.v20190418/websocket-server-9.3.27.v20190418.jar:/home/alex/.m2/repository/org/eclipse/jetty/websocket/websocket-common/9.3.27.v20190418/websocket-common-9.3.27.v20190418.jar:/home/alex/.m2/repository/org/eclipse/jetty/websocket/websocket-api/9.3.27.v20190418/websocket-api-9.3.27.v20190418.jar:/home/alex/.m2/repository/org/eclipse/jetty/websocket/websocket-client/9.3.27.v20190418/websocket-client-9.3.27.v20190418.jar:/home/alex/.m2/repository/org/eclipse/jetty/websocket/websocket-servlet/9.3.27.v20190418/websocket-servlet-9.3.27.v20190418.jar:/home/alex/.m2/repository/org/eclipse/jetty/jetty-jndi/9.3.27.v20190418/jetty-jndi-9.3.27.v20190418.jar:/home/alex/.m2/repository/org/eclipse/jetty/apache-jsp/9.3.27.v20190418/apache-jsp-9.3.27.v20190418.jar:/home/alex/.m2/repository/org/eclipse/jetty/toolchain/jetty-schemas/3.1/jetty-schemas-3.1.jar:/home/alex/.m2/repository/org/eclipse/jdt/core/compiler/ecj/4.4.2/ecj-4.4.2.jar:/home/alex/.m2/repository/org/eclipse/jetty/apache-jstl/9.3.27.v20190418/apache-jstl-9.3.27.v20190418.jar:/home/alex/.m2/repository/org/apache/taglibs/taglibs-standard-spec/1.2.5/taglibs-standard-spec-1.2.5.jar:/home/alex/.m2/repository/org/apache/taglibs/taglibs-standard-impl/1.2.5/taglibs-standard-impl-1.2.5.jar:/home/alex/.m2/repository/org/bouncycastle/bcprov-jdk15on/1.64/bcprov-jdk15on-1.64.jar:/home/alex/.m2/repository/org/apache/santuario/xmlsec/2.2.1/xmlsec-2.2.1.jar:/home/alex/.m2/repository/org/jamon/jamon-runtime/2.3.1/jamon-runtime-2.3.1.jar:/home/alex/Repositories/hive/common/target/classes:/home/alex/Repositories/hive/classification/target/classes:/home/alex/.m2/repository/org/eclipse/jetty/jetty-http/9.3.27.v20190418/jetty-http-9.3.27.v20190418.jar:/home/alex/.m2/repository/org/eclipse/jetty/jetty-rewrite/9.3.27.v20190418/jetty-rewrite-9.3.27.v20190418.jar:/home/alex/.m2/repository/org/eclipse/jetty/jetty-client/9.3.27.v20190418/jetty-client-9.3.27.v20190418.jar:/home/alex/.m2/repository/org/apache/logging/log4j/log4j-web/2.13.2/log4j-web-2.13.2.jar:/home/alex/.m2/repository/net/sf/jpam/jpam/1.1/jpam-1.1.jar:/home/alex/Repositories/hive/metastore/target/classes:/home/alex/Repositories/hive/ql/target/classes:/home/alex/.m2/repository/com/google/guava/guava/19.0/guava-19.0.jar:/home/alex/.m2/repository/com/fasterxml/jackson/core/jackson-annotations/2.12.0/jackson-annotations-2.12.0.jar:/home/alex/.m2/repository/com/fasterxml/jackson/core/jackson-core/2.12.0/jackson-core-2.12.0.jar:/home/alex/.m2/repository/com/fasterxml/jackson/core/jackson-databind/2.12.0/jackson-databind-2.12.0.jar:/home/alex/.m2/repository/org/apache/hadoop/hadoop-annotations/3.1.0/hadoop-annotations-3.1.0.jar:/usr/lib/jvm/java-8-openjdk-amd64/jre/../lib/tools.jar:/home/alex/.m2/repository/org/apache/hadoop/hadoop-archives/3.1.0/hadoop-archives-3.1.0.jar:/home/alex/.m2/repository/org/apache/hadoop/hadoop-common/3.1.0/hadoop-common-3.1.0.jar:/home/alex/.m2/repository/commons-cli/commons-cli/1.4/commons-cli-1.4.jar:/home/alex/.m2/repository/org/apache/commons/commons-math3/3.6.1/commons-math3-3.6.1.jar:/home/alex/.m2/repository/commons-codec/commons-codec/1.15/commons-codec-1.15.jar:/home/alex/.m2/repository/commons-io/commons-io/2.6/commons-io-2.6.jar:/home/alex/.m2/repository/commons-net/commons-net/3.6/commons-net-3.6.jar:/home/alex/.m2/repository/commons-collections/commons-collections/3.2.2/commons-collections-3.2.2.jar:/home/alex/.m2/repository/javax/servlet/javax.servlet-api/3.1.0/javax.servlet-api-3.1.0.jar:/home/alex/.m2/repository/org/eclipse/jetty/jetty-server/9.3.27.v20190418/jetty-server-9.3.27.v20190418.jar:/home/alex/.m2/repository/org/eclipse/jetty/jetty-io/9.3.27.v20190418/jetty-io-9.3.27.v20190418.jar:/home/alex/.m2/repository/org/eclipse/jetty/jetty-util/9.3.27.v20190418/jetty-util-9.3.27.v20190418.jar:/home/alex/.m2/repository/org/eclipse/jetty/jetty-servlet/9.3.27.v20190418/jetty-servlet-9.3.27.v20190418.jar:/home/alex/.m2/repository/org/eclipse/jetty/jetty-security/9.3.27.v20190418/jetty-security-9.3.27.v20190418.jar:/home/alex/.m2/repository/org/eclipse/jetty/jetty-webapp/9.3.27.v20190418/jetty-webapp-9.3.27.v20190418.jar:/home/alex/.m2/repository/org/eclipse/jetty/jetty-xml/9.3.27.v20190418/jetty-xml-9.3.27.v20190418.jar:/home/alex/.m2/repository/javax/servlet/jsp/jsp-api/2.1/jsp-api-2.1.jar:/home/alex/.m2/repository/com/sun/jersey/jersey-core/1.19/jersey-core-1.19.jar:/home/alex/.m2/repository/javax/ws/rs/jsr311-api/1.1.1/jsr311-api-1.1.1.jar:/home/alex/.m2/repository/com/sun/jersey/jersey-json/1.19/jersey-json-1.19.jar:/home/alex/.m2/repository/org/codehaus/jettison/jettison/1.1/jettison-1.1.jar:/home/alex/.m2/repository/com/sun/xml/bind/jaxb-impl/2.2.3-1/jaxb-impl-2.2.3-1.jar:/home/alex/.m2/repository/org/codehaus/jackson/jackson-jaxrs/1.9.2/jackson-jaxrs-1.9.2.jar:/home/alex/.m2/repository/org/codehaus/jackson/jackson-xc/1.9.2/jackson-xc-1.9.2.jar:/home/alex/.m2/repository/com/sun/jersey/jersey-server/1.19/jersey-server-1.19.jar:/home/alex/.m2/repository/log4j/log4j/1.2.17/log4j-1.2.17.jar:/home/alex/.m2/repository/commons-lang/commons-lang/2.6/commons-lang-2.6.jar:/home/alex/.m2/repository/org/apache/commons/commons-configuration2/2.1.1/commons-configuration2-2.1.1.jar:/home/alex/.m2/repository/org/apache/commons/commons-lang3/3.4/commons-lang3-3.4.jar:/home/alex/.m2/repository/org/apache/avro/avro/1.8.2/avro-1.8.2.jar:/home/alex/.m2/repository/com/thoughtworks/paranamer/paranamer/2.8/paranamer-2.8.jar:/home/alex/.m2/repository/org/xerial/snappy/snappy-java/1.1.4/snappy-java-1.1.4.jar:/home/alex/.m2/repository/org/tukaani/xz/1.5/xz-1.5.jar:/home/alex/.m2/repository/com/google/re2j/re2j/1.2/re2j-1.2.jar:/home/alex/.m2/repository/com/google/protobuf/protobuf-java/2.5.0/protobuf-java-2.5.0.jar:/home/alex/.m2/repository/com/google/code/gson/gson/2.2.4/gson-2.2.4.jar:/home/alex/.m2/repository/org/apache/hadoop/hadoop-auth/3.1.0/hadoop-auth-3.1.0.jar:/home/alex/.m2/repository/com/nimbusds/nimbus-jose-jwt/4.41.1/nimbus-jose-jwt-4.41.1.jar:/home/alex/.m2/repository/com/github/stephenc/jcip/jcip-annotations/1.0-1/jcip-annotations-1.0-1.jar:/home/alex/.m2/repository/net/minidev/json-smart/2.3/json-smart-2.3.jar:/home/alex/.m2/repository/net/minidev/accessors-smart/1.2/accessors-smart-1.2.jar:/home/alex/.m2/repository/org/ow2/asm/asm/5.0.4/asm-5.0.4.jar:/home/alex/.m2/repository/com/jcraft/jsch/0.1.54/jsch-0.1.54.jar:/home/alex/.m2/repository/com/google/code/findbugs/jsr305/3.0.0/jsr305-3.0.0.jar:/home/alex/.m2/repository/org/apache/htrace/htrace-core4/4.1.0-incubating/htrace-core4-4.1.0-incubating.jar:/home/alex/.m2/repository/org/apache/commons/commons-compress/1.21/commons-compress-1.21.jar:/home/alex/.m2/repository/org/apache/kerby/kerb-simplekdc/1.0.1/kerb-simplekdc-1.0.1.jar:/home/alex/.m2/repository/org/apache/kerby/kerb-client/1.0.1/kerb-client-1.0.1.jar:/home/alex/.m2/repository/org/apache/kerby/kerby-config/1.0.1/kerby-config-1.0.1.jar:/home/alex/.m2/repository/org/apache/kerby/kerb-core/1.0.1/kerb-core-1.0.1.jar:/home/alex/.m2/repository/org/apache/kerby/kerby-pkix/1.0.1/kerby-pkix-1.0.1.jar:/home/alex/.m2/repository/org/apache/kerby/kerby-asn1/1.0.1/kerby-asn1-1.0.1.jar:/home/alex/.m2/repository/org/apache/kerby/kerby-util/1.0.1/kerby-util-1.0.1.jar:/home/alex/.m2/repository/org/apache/kerby/kerb-common/1.0.1/kerb-common-1.0.1.jar:/home/alex/.m2/repository/org/apache/kerby/kerb-crypto/1.0.1/kerb-crypto-1.0.1.jar:/home/alex/.m2/repository/org/apache/kerby/kerb-util/1.0.1/kerb-util-1.0.1.jar:/home/alex/.m2/repository/org/apache/kerby/token-provider/1.0.1/token-provider-1.0.1.jar:/home/alex/.m2/repository/org/apache/kerby/kerb-admin/1.0.1/kerb-admin-1.0.1.jar:/home/alex/.m2/repository/org/apache/kerby/kerb-server/1.0.1/kerb-server-1.0.1.jar:/home/alex/.m2/repository/org/apache/kerby/kerb-identity/1.0.1/kerb-identity-1.0.1.jar:/home/alex/.m2/repository/org/apache/kerby/kerby-xdr/1.0.1/kerby-xdr-1.0.1.jar:/home/alex/.m2/repository/org/codehaus/woodstox/stax2-api/3.1.4/stax2-api-3.1.4.jar:/home/alex/.m2/repository/com/fasterxml/woodstox/woodstox-core/5.0.3/woodstox-core-5.0.3.jar:/home/alex/.m2/repository/org/apache/hadoop/hadoop-mapreduce-client-jobclient/3.1.0/hadoop-mapreduce-client-jobclient-3.1.0.jar:/home/alex/.m2/repository/com/google/inject/extensions/guice-servlet/4.0/guice-servlet-4.0.jar:/home/alex/.m2/repository/com/google/inject/guice/4.0/guice-4.0.jar:/home/alex/.m2/repository/aopalliance/aopalliance/1.0/aopalliance-1.0.jar:/home/alex/.m2/repository/org/apache/hadoop/hadoop-mapreduce-client-core/3.1.0/hadoop-mapreduce-client-core-3.1.0.jar:/home/alex/.m2/repository/org/apache/hadoop/hadoop-yarn-client/3.1.0/hadoop-yarn-client-3.1.0.jar:/home/alex/.m2/repository/org/apache/hadoop/hadoop-yarn-api/3.1.0/hadoop-yarn-api-3.1.0.jar:/home/alex/.m2/repository/org/apache/hadoop/hadoop-yarn-common/3.1.0/hadoop-yarn-common-3.1.0.jar:/home/alex/.m2/repository/javax/xml/bind/jaxb-api/2.2.11/jaxb-api-2.2.11.jar:/home/alex/.m2/repository/com/sun/jersey/jersey-client/1.19/jersey-client-1.19.jar:/home/alex/.m2/repository/com/sun/jersey/contribs/jersey-guice/1.19/jersey-guice-1.19.jar:/home/alex/.m2/repository/com/fasterxml/jackson/module/jackson-module-jaxb-annotations/2.12.0/jackson-module-jaxb-annotations-2.12.0.jar:/home/alex/.m2/repository/jakarta/xml/bind/jakarta.xml.bind-api/2.3.2/jakarta.xml.bind-api-2.3.2.jar:/home/alex/.m2/repository/jakarta/activation/jakarta.activation-api/1.2.1/jakarta.activation-api-1.2.1.jar:/home/alex/.m2/repository/com/fasterxml/jackson/jaxrs/jackson-jaxrs-json-provider/2.12.0/jackson-jaxrs-json-provider-2.12.0.jar:/home/alex/.m2/repository/org/apache/hadoop/hadoop-hdfs-client/3.1.0/hadoop-hdfs-client-3.1.0.jar:/home/alex/.m2/repository/com/squareup/okhttp/okhttp/2.7.5/okhttp-2.7.5.jar:/home/alex/.m2/repository/com/squareup/okio/okio/1.6.0/okio-1.6.0.jar:/home/alex/.m2/repository/org/apache/pig/pig/0.16.0/pig-0.16.0-h2.jar:/home/alex/.m2/repository/xmlenc/xmlenc/0.52/xmlenc-0.52.jar:/home/alex/.m2/repository/commons-httpclient/commons-httpclient/3.1/commons-httpclient-3.1.jar:/home/alex/.m2/repository/org/mortbay/jetty/jetty/6.1.26/jetty-6.1.26.jar:/home/alex/.m2/repository/org/mortbay/jetty/servlet-api/2.5-20081211/servlet-api-2.5-20081211.jar:/home/alex/.m2/repository/org/mortbay/jetty/jetty-util/6.1.26/jetty-util-6.1.26.jar:/home/alex/.m2/repository/org/mortbay/jetty/jsp-api-2.1/6.1.14/jsp-api-2.1-6.1.14.jar:/home/alex/.m2/repository/org/mortbay/jetty/jsp-2.1/6.1.14/jsp-2.1-6.1.14.jar:/home/alex/.m2/repository/org/eclipse/jdt/core/3.1.1/core-3.1.1.jar:/home/alex/.m2/repository/ant/ant/1.6.5/ant-1.6.5.jar:/home/alex/.m2/repository/commons-el/commons-el/1.0/commons-el-1.0.jar:/home/alex/.m2/repository/net/java/dev/jets3t/jets3t/0.7.1/jets3t-0.7.1.jar:/home/alex/.m2/repository/org/mortbay/jetty/servlet-api-2.5/6.1.14/servlet-api-2.5-6.1.14.jar:/home/alex/.m2/repository/net/sf/kosmosfs/kfs/0.3/kfs-0.3.jar:/home/alex/.m2/repository/junit/junit/4.13/junit-4.13.jar:/home/alex/.m2/repository/org/hamcrest/hamcrest-core/1.3/hamcrest-core-1.3.jar:/home/alex/.m2/repository/hsqldb/hsqldb/1.8.0.10/hsqldb-1.8.0.10.jar:/home/alex/.m2/repository/oro/oro/2.0.8/oro-2.0.8.jar:/home/alex/.m2/repository/org/antlr/ST4/4.0.4/ST4-4.0.4.jar:/home/alex/.m2/repository/org/antlr/antlr-runtime/3.5.2/antlr-runtime-3.5.2.jar:/home/alex/.m2/repository/dk/brics/automaton/automaton/1.11-8/automaton-1.11-8.jar:/home/alex/.m2/repository/org/codehaus/jackson/jackson-mapper-asl/1.8.8/jackson-mapper-asl-1.8.8.jar:/home/alex/.m2/repository/org/codehaus/jackson/jackson-core-asl/1.8.8/jackson-core-asl-1.8.8.jar:/home/alex/.m2/repository/org/apache/ivy/ivy/2.2.0/ivy-2.2.0.jar:/home/alex/.m2/repository/org/apache/hadoop/hadoop-hdfs/3.1.0/hadoop-hdfs-3.1.0.jar:/home/alex/.m2/repository/org/eclipse/jetty/jetty-util-ajax/9.3.19.v20170502/jetty-util-ajax-9.3.19.v20170502.jar:/home/alex/.m2/repository/commons-logging/commons-logging/1.1.3/commons-logging-1.1.3.jar:/home/alex/.m2/repository/commons-daemon/commons-daemon/1.0.13/commons-daemon-1.0.13.jar:/home/alex/.m2/repository/io/netty/netty-all/4.1.65.Final/netty-all-4.1.65.Final.jar:/home/alex/.m2/repository/org/fusesource/leveldbjni/leveldbjni-all/1.8/leveldbjni-all-1.8.jar:/home/alex/.m2/repository/joda-time/joda-time/2.9.9/joda-time-2.9.9.jar:/home/alex/Repositories/hive/hcatalog/core/target/test-classes:/home/alex/.m2/repository/jline/jline/0.9.94/jline-0.9.94.jar:/home/alex/Repositories/hive/ql/target/test-classes:/home/alex/.m2/repository/org/apache/atlas/atlas-client-v2/2.1.0/atlas-client-v2-2.1.0.jar:/home/alex/.m2/repository/cglib/cglib/2.2.2/cglib-2.2.2.jar:/home/alex/.m2/repository/asm/asm/3.3.1/asm-3.3.1.jar:/home/alex/.m2/repository/org/apache/atlas/atlas-client-common/2.1.0/atlas-client-common-2.1.0.jar:/home/alex/.m2/repository/org/apache/atlas/atlas-intg/2.1.0/atlas-intg-2.1.0.jar:/home/alex/.m2/repository/commons-validator/commons-validator/1.6/commons-validator-1.6.jar:/home/alex/.m2/repository/commons-digester/commons-digester/1.8.1/commons-digester-1.8.1.jar:/home/alex/.m2/repository/com/fasterxml/jackson/jaxrs/jackson-jaxrs-base/2.12.0/jackson-jaxrs-base-2.12.0.jar:/home/alex/.m2/repository/javax/inject/javax.inject/1/javax.inject-1.jar:/home/alex/.m2/repository/org/springframework/spring-context/4.3.20.RELEASE/spring-context-4.3.20.RELEASE.jar:/home/alex/.m2/repository/org/springframework/spring-aop/4.3.20.RELEASE/spring-aop-4.3.20.RELEASE.jar:/home/alex/.m2/repository/org/springframework/spring-beans/4.3.20.RELEASE/spring-beans-4.3.20.RELEASE.jar:/home/alex/.m2/repository/org/springframework/spring-core/4.3.20.RELEASE/spring-core-4.3.20.RELEASE.jar:/home/alex/.m2/repository/org/springframework/spring-expression/4.3.20.RELEASE/spring-expression-4.3.20.RELEASE.jar:/home/alex/.m2/repository/commons-configuration/commons-configuration/1.10/commons-configuration-1.10.jar:/home/alex/Repositories/hive/vector-code-gen/target/classes:/home/alex/.m2/repository/org/apache/velocity/velocity/1.5/velocity-1.5.jar:/home/alex/Repositories/hive/serde/target/classes:/home/alex/.m2/repository/org/apache/arrow/arrow-vector/0.15.1/arrow-vector-0.15.1.jar:/home/alex/.m2/repository/org/apache/arrow/arrow-format/0.15.1/arrow-format-0.15.1.jar:/home/alex/.m2/repository/org/apache/arrow/arrow-memory/0.15.1/arrow-memory-0.15.1.jar:/home/alex/.m2/repository/com/google/flatbuffers/flatbuffers-java/1.9.0/flatbuffers-java-1.9.0.jar:/home/alex/.m2/repository/com/carrotsearch/hppc/0.7.2/hppc-0.7.2.jar:/home/alex/.m2/repository/com/github/davidmoten/flatbuffers-java/1.6.0.1/flatbuffers-java-1.6.0.1.jar:/home/alex/Repositories/hive/parser/target/classes:/home/alex/Repositories/hive/udf/target/classes:/home/alex/Repositories/hive/service-rpc/target/classes:/home/alex/Repositories/hive/llap-client/target/classes:/home/alex/Repositories/hive/llap-common/target/classes:/home/alex/.m2/repository/io/jsonwebtoken/jjwt-api/0.10.5/jjwt-api-0.10.5.jar:/home/alex/.m2/repository/io/jsonwebtoken/jjwt-impl/0.10.5/jjwt-impl-0.10.5.jar:/home/alex/.m2/repository/io/jsonwebtoken/jjwt-jackson/0.10.5/jjwt-jackson-0.10.5.jar:/home/alex/Repositories/hive/llap-tez/target/classes:/home/alex/Repositories/hive/shims/aggregator/target/classes:/home/alex/Repositories/hive/shims/common/target/classes:/home/alex/Repositories/hive/shims/0.23/target/classes:/home/alex/.m2/repository/org/apache/hadoop/hadoop-yarn-server-resourcemanager/3.1.0/hadoop-yarn-server-resourcemanager-3.1.0.jar:/home/alex/.m2/repository/org/apache/hadoop/hadoop-yarn-server-common/3.1.0/hadoop-yarn-server-common-3.1.0.jar:/home/alex/.m2/repository/org/apache/geronimo/specs/geronimo-jcache_1.0_spec/1.0-alpha-1/geronimo-jcache_1.0_spec-1.0-alpha-1.jar:/home/alex/.m2/repository/org/ehcache/ehcache/3.3.1/ehcache-3.3.1.jar:/home/alex/.m2/repository/com/zaxxer/HikariCP-java7/2.4.12/HikariCP-java7-2.4.12.jar:/home/alex/.m2/repository/org/apache/hadoop/hadoop-yarn-server-applicationhistoryservice/3.1.0/hadoop-yarn-server-applicationhistoryservice-3.1.0.jar:/home/alex/.m2/repository/de/ruedigermoeller/fst/2.50/fst-2.50.jar:/home/alex/.m2/repository/com/cedarsoftware/java-util/1.9.0/java-util-1.9.0.jar:/home/alex/.m2/repository/com/cedarsoftware/json-io/2.5.1/json-io-2.5.1.jar:/home/alex/Repositories/hive/shims/scheduler/target/classes:/home/alex/Repositories/hive/spark-client/target/classes:/home/alex/.m2/repository/com/fasterxml/jackson/module/jackson-module-scala_2.12/2.12.0/jackson-module-scala_2.12-2.12.0.jar:/home/alex/.m2/repository/org/scala-lang/scala-library/2.12.10/scala-library-2.12.10.jar:/home/alex/.m2/repository/org/apache/spark/spark-core_2.12/2.4.5/spark-core_2.12-2.4.5.jar:/home/alex/.m2/repository/com/twitter/chill_2.12/0.9.3/chill_2.12-0.9.3.jar:/home/alex/.m2/repository/com/twitter/chill-java/0.9.3/chill-java-0.9.3.jar:/home/alex/.m2/repository/org/apache/xbean/xbean-asm6-shaded/4.8/xbean-asm6-shaded-4.8.jar:/home/alex/.m2/repository/org/apache/hadoop/hadoop-client/3.1.0/hadoop-client-3.1.0.jar:/home/alex/.m2/repository/org/apache/spark/spark-launcher_2.12/2.4.5/spark-launcher_2.12-2.4.5.jar:/home/alex/.m2/repository/org/apache/spark/spark-kvstore_2.12/2.4.5/spark-kvstore_2.12-2.4.5.jar:/home/alex/.m2/repository/org/apache/spark/spark-network-common_2.12/2.4.5/spark-network-common_2.12-2.4.5.jar:/home/alex/.m2/repository/org/apache/spark/spark-network-shuffle_2.12/2.4.5/spark-network-shuffle_2.12-2.4.5.jar:/home/alex/.m2/repository/org/apache/spark/spark-unsafe_2.12/2.4.5/spark-unsafe_2.12-2.4.5.jar:/home/alex/.m2/repository/javax/activation/activation/1.1.1/activation-1.1.1.jar:/home/alex/.m2/repository/org/slf4j/jul-to-slf4j/1.7.16/jul-to-slf4j-1.7.16.jar:/home/alex/.m2/repository/org/slf4j/jcl-over-slf4j/1.7.16/jcl-over-slf4j-1.7.16.jar:/home/alex/.m2/repository/com/ning/compress-lzf/1.0.3/compress-lzf-1.0.3.jar:/home/alex/.m2/repository/org/roaringbitmap/RoaringBitmap/0.7.45/RoaringBitmap-0.7.45.jar:/home/alex/.m2/repository/org/roaringbitmap/shims/0.7.45/shims-0.7.45.jar:/home/alex/.m2/repository/org/json4s/json4s-jackson_2.12/3.5.3/json4s-jackson_2.12-3.5.3.jar:/home/alex/.m2/repository/org/json4s/json4s-core_2.12/3.5.3/json4s-core_2.12-3.5.3.jar:/home/alex/.m2/repository/org/json4s/json4s-ast_2.12/3.5.3/json4s-ast_2.12-3.5.3.jar:/home/alex/.m2/repository/org/json4s/json4s-scalap_2.12/3.5.3/json4s-scalap_2.12-3.5.3.jar:/home/alex/.m2/repository/org/scala-lang/modules/scala-xml_2.12/1.0.6/scala-xml_2.12-1.0.6.jar:/home/alex/.m2/repository/com/clearspring/analytics/stream/2.7.0/stream-2.7.0.jar:/home/alex/.m2/repository/io/dropwizard/metrics/metrics-graphite/3.1.5/metrics-graphite-3.1.5.jar:/home/alex/.m2/repository/net/razorvine/pyrolite/4.13/pyrolite-4.13.jar:/home/alex/.m2/repository/net/sf/py4j/py4j/0.10.7/py4j-0.10.7.jar:/home/alex/.m2/repository/org/apache/spark/spark-tags_2.12/2.4.5/spark-tags_2.12-2.4.5.jar:/home/alex/.m2/repository/org/apache/commons/commons-crypto/1.0.0/commons-crypto-1.0.0.jar:/home/alex/.m2/repository/org/spark-project/spark/unused/1.0.0/unused-1.0.0.jar:/home/alex/.m2/repository/org/apache/spark/spark-yarn_2.12/2.4.5/spark-yarn_2.12-2.4.5.jar:/home/alex/.m2/repository/org/apache/hadoop/hadoop-yarn-server-web-proxy/3.1.0/hadoop-yarn-server-web-proxy-3.1.0.jar:/home/alex/Repositories/hive/storage-api/target/classes:/home/alex/.m2/repository/com/amazonaws/secretsmanager/aws-secretsmanager-caching-java/1.0.1/aws-secretsmanager-caching-java-1.0.1.jar:/home/alex/.m2/repository/com/esotericsoftware/kryo/5.0.3/kryo-5.0.3.jar:/home/alex/.m2/repository/com/esotericsoftware/minlog/1.3.1/minlog-1.3.1.jar:/home/alex/.m2/repository/com/esotericsoftware/reflectasm/1.11.9/reflectasm-1.11.9.jar:/home/alex/.m2/repository/org/apache/parquet/parquet-hadoop-bundle/1.11.1/parquet-hadoop-bundle-1.11.1.jar:/home/alex/.m2/repository/org/apache/commons/commons-collections4/4.1/commons-collections4-4.1.jar:/home/alex/.m2/repository/org/apache/commons/commons-text/1.8/commons-text-1.8.jar:/home/alex/.m2/repository/javolution/javolution/5.5.1/javolution-5.5.1.jar:/home/alex/.m2/repository/org/apache/logging/log4j/log4j-1.2-api/2.13.2/log4j-1.2-api-2.13.2.jar:/home/alex/.m2/repository/org/apache/logging/log4j/log4j-api/2.13.2/log4j-api-2.13.2.jar:/home/alex/.m2/repository/org/apache/logging/log4j/log4j-core/2.13.2/log4j-core-2.13.2.jar:/home/alex/.m2/repository/org/apache/logging/log4j/log4j-slf4j-impl/2.13.2/log4j-slf4j-impl-2.13.2.jar:/home/alex/.m2/repository/org/apache/avro/avro-mapred/1.8.2/avro-mapred-1.8.2-hadoop2.jar:/home/alex/.m2/repository/org/apache/avro/avro-ipc/1.8.2/avro-ipc-1.8.2.jar:/home/alex/.m2/repository/org/apache/ant/ant/1.9.1/ant-1.9.1.jar:/home/alex/.m2/repository/org/apache/ant/ant-launcher/1.9.1/ant-launcher-1.9.1.jar:/home/alex/.m2/repository/org/apache/thrift/libfb303/0.9.3/libfb303-0.9.3.jar:/home/alex/.m2/repository/org/apache/hadoop/hadoop-yarn-registry/3.1.0/hadoop-yarn-registry-3.1.0.jar:/home/alex/.m2/repository/dnsjava/dnsjava/2.1.7/dnsjava-2.1.7.jar:/home/alex/.m2/repository/org/apache/orc/orc-tools/1.6.9/orc-tools-1.6.9.jar:/home/alex/.m2/repository/com/opencsv/opencsv/3.9/opencsv-3.9.jar:/home/alex/.m2/repository/org/threeten/threetenbp/1.3.5/threetenbp-1.3.5.jar:/home/alex/.m2/repository/org/apache/thrift/libthrift/0.14.1/libthrift-0.14.1.jar:/home/alex/.m2/repository/org/apache/httpcomponents/httpcore/4.4.13/httpcore-4.4.13.jar:/home/alex/.m2/repository/org/apache/tomcat/embed/tomcat-embed-core/8.5.46/tomcat-embed-core-8.5.46.jar:/home/alex/.m2/repository/org/apache/tomcat/tomcat-annotations-api/8.5.46/tomcat-annotations-api-8.5.46.jar:/home/alex/.m2/repository/javax/annotation/javax.annotation-api/1.3.2/javax.annotation-api-1.3.2.jar:/home/alex/.m2/repository/org/apache/zookeeper/zookeeper/3.5.5/zookeeper-3.5.5.jar:/home/alex/.m2/repository/org/apache/zookeeper/zookeeper-jute/3.5.5/zookeeper-jute-3.5.5.jar:/home/alex/.m2/repository/org/apache/yetus/audience-annotations/0.5.0/audience-annotations-0.5.0.jar:/home/alex/.m2/repository/org/apache/curator/curator-framework/4.2.0/curator-framework-4.2.0.jar:/home/alex/.m2/repository/org/apache/datasketches/datasketches-hive/1.1.0-incubating/datasketches-hive-1.1.0-incubating.jar:/home/alex/.m2/repository/org/apache/datasketches/datasketches-java/1.3.0-incubating/datasketches-java-1.3.0-incubating.jar:/home/alex/.m2/repository/org/apache/datasketches/datasketches-memory/1.2.0-incubating/datasketches-memory-1.2.0-incubating.jar:/home/alex/.m2/repository/org/slf4j/slf4j-simple/1.7.27/slf4j-simple-1.7.27.jar:/home/alex/.m2/repository/org/codehaus/groovy/groovy-all/2.4.11/groovy-all-2.4.11.jar:/home/alex/.m2/repository/org/jodd/jodd-util/6.0.0/jodd-util-6.0.0.jar:/home/alex/.m2/repository/com/fasterxml/jackson/dataformat/jackson-dataformat-yaml/2.12.0/jackson-dataformat-yaml-2.12.0.jar:/home/alex/.m2/repository/org/yaml/snakeyaml/1.27/snakeyaml-1.27.jar:/home/alex/.m2/repository/org/datanucleus/datanucleus-core/5.2.4/datanucleus-core-5.2.4.jar:/home/alex/.m2/repository/org/apache/calcite/calcite-core/1.25.0/calcite-core-1.25.0.jar:/home/alex/.m2/repository/org/apache/calcite/calcite-linq4j/1.25.0/calcite-linq4j-1.25.0.jar:/home/alex/.m2/repository/org/apiguardian/apiguardian-api/1.1.0/apiguardian-api-1.1.0.jar:/home/alex/.m2/repository/com/esri/geometry/esri-geometry-api/2.2.0/esri-geometry-api-2.2.0.jar:/home/alex/.m2/repository/com/yahoo/datasketches/sketches-core/0.9.0/sketches-core-0.9.0.jar:/home/alex/.m2/repository/com/yahoo/datasketches/memory/0.9.0/memory-0.9.0.jar:/home/alex/.m2/repository/org/apache/calcite/calcite-druid/1.25.0/calcite-druid-1.25.0.jar:/home/alex/.m2/repository/org/apache/calcite/avatica/avatica/1.12.0/avatica-1.12.0.jar:/home/alex/.m2/repository/com/googlecode/javaewah/JavaEWAH/0.3.2/JavaEWAH-0.3.2.jar:/home/alex/.m2/repository/com/tdunning/json/1.8/json-1.8.jar:/home/alex/.m2/repository/stax/stax-api/1.0.1/stax-api-1.0.1.jar:/home/alex/.m2/repository/net/sf/opencsv/opencsv/2.3/opencsv-2.3.jar:/home/alex/Repositories/hive/standalone-metastore/metastore-server/target/classes:/home/alex/.m2/repository/org/reflections/reflections/0.9.10/reflections-0.9.10.jar:/home/alex/.m2/repository/org/javassist/javassist/3.19.0-GA/javassist-3.19.0-GA.jar:/home/alex/.m2/repository/com/jayway/jsonpath/json-path/2.4.0/json-path-2.4.0.jar:/home/alex/.m2/repository/org/codehaus/janino/commons-compiler/3.0.11/commons-compiler-3.0.11.jar:/home/alex/.m2/repository/org/codehaus/janino/janino/3.0.11/janino-3.0.11.jar:/home/alex/.m2/repository/com/sun/jersey/contribs/jersey-multipart/1.19/jersey-multipart-1.19.jar:/home/alex/.m2/repository/org/jvnet/mimepull/mimepull/1.9.3/mimepull-1.9.3.jar:/home/alex/.m2/repository/org/apache/kafka/kafka-clients/2.5.0/kafka-clients-2.5.0.jar:/home/alex/.m2/repository/com/github/luben/zstd-jni/1.4.4-7/zstd-jni-1.4.4-7.jar:/home/alex/.m2/repository/org/lz4/lz4-java/1.7.1/lz4-java-1.7.1.jar:/home/alex/.m2/repository/org/apache/hadoop/hadoop-hdfs/3.1.0/hadoop-hdfs-3.1.0-tests.jar:/home/alex/Repositories/hive/standalone-metastore/metastore-server/target/test-classes:/home/alex/Repositories/hive/standalone-metastore/metastore-common/target/classes:/home/alex/.m2/repository/com/github/ben-manes/caffeine/caffeine/2.8.4/caffeine-2.8.4.jar:/home/alex/.m2/repository/org/checkerframework/checker-qual/3.4.0/checker-qual-3.4.0.jar:/home/alex/.m2/repository/com/google/errorprone/error_prone_annotations/2.3.4/error_prone_annotations-2.3.4.jar:/home/alex/.m2/repository/org/apache/orc/orc-core/1.6.9/orc-core-1.6.9.jar:/home/alex/.m2/repository/org/apache/orc/orc-shims/1.6.9/orc-shims-1.6.9.jar:/home/alex/.m2/repository/io/airlift/aircompressor/0.19/aircompressor-0.19.jar:/home/alex/.m2/repository/org/jetbrains/annotations/17.0.0/annotations-17.0.0.jar:/home/alex/.m2/repository/org/threeten/threeten-extra/1.5.0/threeten-extra-1.5.0.jar:/home/alex/.m2/repository/com/github/joshelser/dropwizard-metrics-hadoop-metrics2-reporter/0.1.2/dropwizard-metrics-hadoop-metrics2-reporter-0.1.2.jar:/home/alex/.m2/repository/com/zaxxer/HikariCP/2.6.1/HikariCP-2.6.1.jar:/home/alex/.m2/repository/org/apache/commons/commons-dbcp2/2.7.0/commons-dbcp2-2.7.0.jar:/home/alex/.m2/repository/org/apache/commons/commons-pool2/2.7.0/commons-pool2-2.7.0.jar:/home/alex/.m2/repository/io/dropwizard/metrics/metrics-core/3.1.0/metrics-core-3.1.0.jar:/home/alex/.m2/repository/io/dropwizard/metrics/metrics-jvm/3.1.0/metrics-jvm-3.1.0.jar:/home/alex/.m2/repository/io/dropwizard/metrics/metrics-json/3.1.0/metrics-json-3.1.0.jar:/home/alex/.m2/repository/org/apache/derby/derby/10.14.1.0/derby-10.14.1.0.jar:/home/alex/.m2/repository/commons-beanutils/commons-beanutils/1.9.4/commons-beanutils-1.9.4.jar:/home/alex/.m2/repository/org/datanucleus/datanucleus-api-jdo/5.2.4/datanucleus-api-jdo-5.2.4.jar:/home/alex/.m2/repository/org/datanucleus/datanucleus-rdbms/5.2.4/datanucleus-rdbms-5.2.4.jar:/home/alex/.m2/repository/org/datanucleus/javax.jdo/3.2.0-release/javax.jdo-3.2.0-release.jar:/home/alex/.m2/repository/javax/transaction/javax.transaction-api/1.3/javax.transaction-api-1.3.jar:/home/alex/.m2/repository/org/glassfish/corba/glassfish-corba-omgapi/4.2.2/glassfish-corba-omgapi-4.2.2.jar:/home/alex/.m2/repository/sqlline/sqlline/1.9.0/sqlline-1.9.0.jar:/home/alex/.m2/repository/org/jline/jline-terminal/3.12.1/jline-terminal-3.12.1.jar:/home/alex/.m2/repository/org/jline/jline-reader/3.12.1/jline-reader-3.12.1.jar:/home/alex/.m2/repository/org/jline/jline-terminal-jansi/3.12.1/jline-terminal-jansi-3.12.1.jar:/home/alex/.m2/repository/org/fusesource/jansi/jansi/1.18/jansi-1.18.jar:/home/alex/.m2/repository/org/jline/jline-terminal-jna/3.12.1/jline-terminal-jna-3.12.1.jar:/home/alex/.m2/repository/net/java/dev/jna/jna/5.3.1/jna-5.3.1.jar:/home/alex/.m2/repository/org/jline/jline-builtins/3.12.1/jline-builtins-3.12.1.jar:/home/alex/.m2/repository/org/jline/jline-style/3.12.1/jline-style-3.12.1.jar:/home/alex/.m2/repository/com/cronutils/cron-utils/9.1.3/cron-utils-9.1.3.jar:/home/alex/.m2/repository/org/glassfish/javax.el/3.0.0/javax.el-3.0.0.jar:/home/alex/.m2/repository/com/oracle/database/jdbc/ojdbc8/21.3.0.0/ojdbc8-21.3.0.0.jar:/home/alex/.m2/repository/mysql/mysql-connector-java/8.0.27/mysql-connector-java-8.0.27.jar:/home/alex/.m2/repository/com/microsoft/sqlserver/mssql-jdbc/6.2.1.jre8/mssql-jdbc-6.2.1.jre8.jar:/home/alex/.m2/repository/org/postgresql/postgresql/42.2.14/postgresql-42.2.14.jar:/home/alex/.m2/repository/org/apache/hadoop/hadoop-mapreduce-client-common/3.1.0/hadoop-mapreduce-client-common-3.1.0.jar:/home/alex/.m2/repository/org/apache/hadoop/hadoop-common/3.1.0/hadoop-common-3.1.0-tests.jar:/home/alex/.m2/repository/org/apache/httpcomponents/httpclient/4.5.13/httpclient-4.5.13.jar:/home/alex/.m2/repository/org/apache/curator/curator-client/4.2.0/curator-client-4.2.0.jar:/home/alex/.m2/repository/org/apache/curator/curator-recipes/4.2.0/curator-recipes-4.2.0.jar:/home/alex/.m2/repository/com/sun/jersey/jersey-servlet/1.19/jersey-servlet-1.19.jar:/home/alex/.m2/repository/org/slf4j/slf4j-api/1.7.30/slf4j-api-1.7.30.jar:/home/alex/.m2/repository/org/mockito/mockito-core/3.4.4/mockito-core-3.4.4.jar:/home/alex/.m2/repository/net/bytebuddy/byte-buddy/1.10.13/byte-buddy-1.10.13.jar:/home/alex/.m2/repository/net/bytebuddy/byte-buddy-agent/1.10.13/byte-buddy-agent-1.10.13.jar:/home/alex/.m2/repository/org/objenesis/objenesis/2.6/objenesis-2.6.jar:/home/alex/Repositories/hive/hcatalog/hcatalog-pig-adapter/target/testconf:/home/alex/Repositories/hive/hcatalog/hcatalog-pig-adapter/../../conf:"/>
    <property name="sun.cpu.endian" value="little"/>
    <property name="user.home" value="/home/alex"/>
    <property name="user.language" value="en"/>
    <property name="java.security.krb5.conf" value="/home/alex/Repositories/hive/hcatalog/hcatalog-pig-adapter/target/testconf/krb5.conf"/>
    <property name="test.dfs.mkdir" value=""/>
    <property name="java.awt.graphicsenv" value="sun.awt.X11GraphicsEnvironment"/>
    <property name="nondexFilter" value=".*"/>
    <property name="nondexSeed" value="974622"/>
    <property name="surefire.real.class.path" value="/home/alex/Repositories/hive/hcatalog/hcatalog-pig-adapter/target/surefire/surefirebooter3417052923204766336.jar"/>
    <property name="hadoop.log.dir" value="/home/alex/Repositories/hive/hcatalog/hcatalog-pig-adapter/target/tmp"/>
    <property name="java.net.preferIPv4Stack" value="true"/>
    <property name="path.separator" value=":"/>
    <property name="os.version" value="6.5.0-28-generic"/>
    <property name="java.endorsed.dirs" value="/usr/lib/jvm/java-8-openjdk-amd64/jre/lib/endorsed"/>
    <property name="java.runtime.name" value="OpenJDK Runtime Environment"/>
    <property name="hive.test.console.log.level" value="INFO"/>
    <property name="java.vm.name" value="OpenJDK 64-Bit Server VM"/>
    <property name="java.vendor.url.bug" value="http://bugreport.sun.com/bugreport/"/>
    <property name="maven.local.repository" value="/home/alex/.m2/repository"/>
    <property name="user.dir" value="/home/alex/Repositories/hive/hcatalog/hcatalog-pig-adapter"/>
    <property name="os.arch" value="amd64"/>
    <property name="nondexMode" value="FULL"/>
    <property name="user.language.format" value="pt"/>
    <property name="antlr.version" value="3.5.2"/>
    <property name="derby.version" value="10.14.1.0"/>
    <property name="java.vm.info" value="mixed mode"/>
    <property name="java.vm.version" value="25.402-b06"/>
    <property name="java.ext.dirs" value="/usr/lib/jvm/java-8-openjdk-amd64/jre/lib/ext:/usr/java/packages/lib/ext"/>
    <property name="java.class.version" value="52.0"/>
    <property name="test.output.overwrite" value=""/>
    <property name="hive.root" value="/home/alex/Repositories/hive/hcatalog/hcatalog-pig-adapter/../../"/>
  </properties>
  <testcase name="testDynamicPartitioningMultiPartColsInDataNoSpec" classname="org.apache.hive.hcatalog.pig.TestRCFileHCatStorer" time="13.466"/>
  <testcase name="testWriteTinyint" classname="org.apache.hive.hcatalog.pig.TestRCFileHCatStorer" time="5.18"/>
  <testcase name="testEmptyStore" classname="org.apache.hive.hcatalog.pig.TestRCFileHCatStorer" time="1.046"/>
  <testcase name="testStoreFuncAllSimpleTypes" classname="org.apache.hive.hcatalog.pig.TestRCFileHCatStorer" time="1.453"/>
  <testcase name="testDynamicPartitioningMultiPartColsInDataPartialSpec" classname="org.apache.hive.hcatalog.pig.TestRCFileHCatStorer" time="1.457"/>
  <testcase name="testWriteDate2" classname="org.apache.hive.hcatalog.pig.TestRCFileHCatStorer" time="5.289"/>
  <testcase name="testWriteDate3" classname="org.apache.hive.hcatalog.pig.TestRCFileHCatStorer" time="2.321"/>
  <testcase name="testStoreInPartiitonedTbl" classname="org.apache.hive.hcatalog.pig.TestRCFileHCatStorer" time="1.356">
    <failure message="expected:&lt;1&gt; but was:&lt;2&gt;" type="java.lang.AssertionError"><![CDATA[java.lang.AssertionError: expected:<1> but was:<2>
	at org.junit.Assert.fail(Assert.java:89)
	at org.junit.Assert.failNotEquals(Assert.java:835)
	at org.junit.Assert.assertEquals(Assert.java:647)
	at org.junit.Assert.assertEquals(Assert.java:633)
	at org.apache.hive.hcatalog.pig.AbstractHCatStorerTest.testStoreInPartiitonedTbl(AbstractHCatStorerTest.java:535)
	at sun.reflect.NativeMethodAccessorImpl.invoke0(Native Method)
	at sun.reflect.NativeMethodAccessorImpl.invoke(NativeMethodAccessorImpl.java:62)
	at sun.reflect.DelegatingMethodAccessorImpl.invoke(DelegatingMethodAccessorImpl.java:43)
	at java.lang.reflect.Method.invoke(Method.java:498)
	at org.junit.runners.model.FrameworkMethod$1.runReflectiveCall(FrameworkMethod.java:59)
	at org.junit.internal.runners.model.ReflectiveCallable.run(ReflectiveCallable.java:12)
	at org.junit.runners.model.FrameworkMethod.invokeExplosively(FrameworkMethod.java:56)
	at org.junit.internal.runners.statements.InvokeMethod.evaluate(InvokeMethod.java:17)
	at org.junit.internal.runners.statements.RunBefores.evaluate(RunBefores.java:26)
	at org.junit.runners.ParentRunner$3.evaluate(ParentRunner.java:306)
	at org.junit.runners.BlockJUnit4ClassRunner$1.evaluate(BlockJUnit4ClassRunner.java:100)
	at org.junit.runners.ParentRunner.runLeaf(ParentRunner.java:366)
	at org.junit.runners.BlockJUnit4ClassRunner.runChild(BlockJUnit4ClassRunner.java:103)
	at org.junit.runners.BlockJUnit4ClassRunner.runChild(BlockJUnit4ClassRunner.java:63)
	at org.junit.runners.ParentRunner$4.run(ParentRunner.java:331)
	at org.junit.runners.ParentRunner$1.schedule(ParentRunner.java:79)
	at org.junit.runners.ParentRunner.runChildren(ParentRunner.java:329)
	at org.junit.runners.ParentRunner.access$100(ParentRunner.java:66)
	at org.junit.runners.ParentRunner$2.evaluate(ParentRunner.java:293)
	at org.junit.internal.runners.statements.RunBefores.evaluate(RunBefores.java:26)
	at org.junit.runners.ParentRunner$3.evaluate(ParentRunner.java:306)
	at org.junit.runners.ParentRunner.run(ParentRunner.java:413)
	at org.junit.runners.Suite.runChild(Suite.java:128)
	at org.junit.runners.Suite.runChild(Suite.java:27)
	at org.junit.runners.ParentRunner$4.run(ParentRunner.java:331)
	at org.junit.runners.ParentRunner$1.schedule(ParentRunner.java:79)
	at org.junit.runners.ParentRunner.runChildren(ParentRunner.java:329)
	at org.junit.runners.ParentRunner.access$100(ParentRunner.java:66)
	at org.junit.runners.ParentRunner$2.evaluate(ParentRunner.java:293)
	at org.junit.runners.ParentRunner$3.evaluate(ParentRunner.java:306)
	at org.junit.runners.ParentRunner.run(ParentRunner.java:413)
	at org.apache.maven.surefire.junitcore.JUnitCore.run(JUnitCore.java:55)
	at org.apache.maven.surefire.junitcore.JUnitCoreWrapper.createRequestAndRun(JUnitCoreWrapper.java:137)
	at org.apache.maven.surefire.junitcore.JUnitCoreWrapper.executeEager(JUnitCoreWrapper.java:107)
	at org.apache.maven.surefire.junitcore.JUnitCoreWrapper.execute(JUnitCoreWrapper.java:83)
	at org.apache.maven.surefire.junitcore.JUnitCoreWrapper.execute(JUnitCoreWrapper.java:75)
	at org.apache.maven.surefire.junitcore.JUnitCoreProvider.invoke(JUnitCoreProvider.java:158)
	at org.apache.maven.surefire.booter.ForkedBooter.runSuitesInProcess(ForkedBooter.java:377)
	at org.apache.maven.surefire.booter.ForkedBooter.execute(ForkedBooter.java:138)
	at org.apache.maven.surefire.booter.ForkedBooter.run(ForkedBooter.java:465)
	at org.apache.maven.surefire.booter.ForkedBooter.main(ForkedBooter.java:451)
]]></failure>
    <system-out><![CDATA[log4j: Could not find root logger information. Is this OK?
log4j: Finished configuring.
log4j: Could not find root logger information. Is this OK?
log4j: Finished configuring.
]]></system-out>
    <system-err><![CDATA[2024-04-24T10:43:14,667  WARN [main] conf.HiveConf: HiveConf of name hive.metastore.client.cache.recordStats does not exist
2024-04-24T10:43:14,667  WARN [main] conf.HiveConf: HiveConf of name hive.dummyparam.test.server.specific.config.metastoresite does not exist
2024-04-24T10:43:14,667  WARN [main] conf.HiveConf: HiveConf of name hive.llap.io.cache.orc.alloc.min does not exist
2024-04-24T10:43:14,667  WARN [main] conf.HiveConf: HiveConf of name hive.metastore.client.cache.maxSize does not exist
2024-04-24T10:43:14,667  WARN [main] conf.HiveConf: HiveConf of name hive.llap.io.cache.orc.alloc.max does not exist
2024-04-24T10:43:14,667  WARN [main] conf.HiveConf: HiveConf of name hive.dummyparam.test.server.specific.config.hivesite does not exist
2024-04-24T10:43:14,667  WARN [main] conf.HiveConf: HiveConf of name hive.stats.key.prefix.reserve.length does not exist
2024-04-24T10:43:14,667  WARN [main] conf.HiveConf: HiveConf of name hive.llap.io.cache.orc.size does not exist
2024-04-24T10:43:14,667  WARN [main] conf.HiveConf: HiveConf of name hive.metastore.metadb.dir does not exist
2024-04-24T10:43:14,667  WARN [main] conf.HiveConf: HiveConf of name hive.dummyparam.test.server.specific.config.override does not exist
2024-04-24T10:43:14,667  WARN [main] conf.HiveConf: HiveConf of name hive.llap.io.cache.orc.arena.size does not exist
2024-04-24T10:43:14,669  INFO [main] metastore.HiveMetaStoreClient: HMS client filtering is enabled.
2024-04-24T10:43:14,669  INFO [main] metastore.PersistenceManagerProvider: Configuration datanucleus.autoStartMechanismMode is not set. Defaulting to 'ignored'
2024-04-24T10:43:14,669  INFO [main] metastore.ObjectStore: RawStore: org.apache.hadoop.hive.metastore.ObjectStore@c8f756e, with PersistenceManager: org.datanucleus.api.jdo.JDOPersistenceManager@6bb37247 will be shutdown
2024-04-24T10:43:14,670  INFO [main] metastore.ObjectStore: RawStore: org.apache.hadoop.hive.metastore.ObjectStore@c8f756e, with PersistenceManager: org.datanucleus.api.jdo.JDOPersistenceManager@6b00dec8 created in the thread with id: 1
2024-04-24T10:43:14,671  INFO [main] metastore.HMSHandler: HMS server filtering is disabled by configuration
Hive Session ID = b3c40b1e-82e9-4a3b-8b14-3eb86847fbbe
2024-04-24T10:43:14,672  INFO [main] SessionState: Hive Session ID = b3c40b1e-82e9-4a3b-8b14-3eb86847fbbe
ivysettings.xml file not found in HIVE_HOME or HIVE_CONF_DIR,file:/home/alex/.m2/repository/org/apache/pig/pig/0.16.0/pig-0.16.0-h2.jar!/ivysettings.xml will be used
2024-04-24T10:43:14,672  INFO [main] DependencyResolver: ivysettings.xml file not found in HIVE_HOME or HIVE_CONF_DIR,file:/home/alex/.m2/repository/org/apache/pig/pig/0.16.0/pig-0.16.0-h2.jar!/ivysettings.xml will be used
2024-04-24T10:43:14,677  INFO [main] session.SessionState: Created HDFS directory: /home/alex/Repositories/hive/hcatalog/hcatalog-pig-adapter/target/tmp/scratchdir/alex/b3c40b1e-82e9-4a3b-8b14-3eb86847fbbe
2024-04-24T10:43:14,679  INFO [main] session.SessionState: Created local directory: /home/alex/Repositories/hive/hcatalog/hcatalog-pig-adapter/target/tmp/localscratchdir/b3c40b1e-82e9-4a3b-8b14-3eb86847fbbe
2024-04-24T10:43:14,682  INFO [main] session.SessionState: Created HDFS directory: /home/alex/Repositories/hive/hcatalog/hcatalog-pig-adapter/target/tmp/scratchdir/alex/b3c40b1e-82e9-4a3b-8b14-3eb86847fbbe/_tmp_space.db
2024-04-24T10:43:14,682  INFO [main] ql.Driver: Compiling command(queryId=alex_20240424104314_1407f6c1-5b05-4306-a22c-280a4a461b3e): drop table if exists junit_unparted
2024-04-24T10:43:14,683  INFO [main] HiveMetaStore.audit: ugi=alex	ip=unknown-ip-addr	cmd=get_table : tbl=hive.default.junit_unparted	
2024-04-24T10:43:14,685  INFO [main] ql.Driver: Semantic Analysis Completed (retrial = false)
2024-04-24T10:43:14,685  INFO [main] ql.Driver: Created Hive schema: Schema(fieldSchemas:null, properties:null)
2024-04-24T10:43:14,685  INFO [main] metadata.Hive: Dumping metastore api call timing information for : compilation phase
2024-04-24T10:43:14,685  INFO [main] metadata.Hive: Total time spent in each metastore function (ms): {isCompatibleWith_(Configuration)=0, flushCache_()=0}
2024-04-24T10:43:14,685  INFO [main] ql.Driver: Completed compiling command(queryId=alex_20240424104314_1407f6c1-5b05-4306-a22c-280a4a461b3e); Time taken: 0.003 seconds
2024-04-24T10:43:14,685  INFO [main] reexec.ReExecDriver: Execution #1 of query
2024-04-24T10:43:14,686  INFO [main] ql.Driver: Concurrency mode is disabled, not creating a lock manager
2024-04-24T10:43:14,686  INFO [main] ql.Driver: Executing command(queryId=alex_20240424104314_1407f6c1-5b05-4306-a22c-280a4a461b3e): drop table if exists junit_unparted
2024-04-24T10:43:14,686  INFO [main] ql.Driver: Starting task [Stage-0:DDL] in serial mode
2024-04-24T10:43:14,686  INFO [main] HiveMetaStore.audit: ugi=alex	ip=unknown-ip-addr	cmd=get_table : tbl=hive.default.junit_unparted	
2024-04-24T10:43:14,688  INFO [main] metadata.Hive: Dumping metastore api call timing information for : execution phase
2024-04-24T10:43:14,688  INFO [main] metadata.Hive: Total time spent in each metastore function (ms): {isCompatibleWith_(Configuration)=0}
2024-04-24T10:43:14,688  INFO [main] ql.Driver: Completed executing command(queryId=alex_20240424104314_1407f6c1-5b05-4306-a22c-280a4a461b3e); Time taken: 0.002 seconds
2024-04-24T10:43:14,689  INFO [main] ql.Driver: Compiling command(queryId=alex_20240424104314_1407f6c1-5b05-4306-a22c-280a4a461b3e): use default
2024-04-24T10:43:14,689  INFO [main] HiveMetaStore.audit: ugi=alex	ip=unknown-ip-addr	cmd=get_database: default	
2024-04-24T10:43:14,690  INFO [main] ql.Driver: Semantic Analysis Completed (retrial = false)
2024-04-24T10:43:14,690  INFO [main] ql.Driver: Created Hive schema: Schema(fieldSchemas:null, properties:null)
2024-04-24T10:43:14,690  INFO [main] metadata.Hive: Dumping metastore api call timing information for : compilation phase
2024-04-24T10:43:14,690  INFO [main] metadata.Hive: Total time spent in each metastore function (ms): {isCompatibleWith_(Configuration)=0, getDatabase_(String)=1, flushCache_()=0}
2024-04-24T10:43:14,691  INFO [main] ql.Driver: Completed compiling command(queryId=alex_20240424104314_1407f6c1-5b05-4306-a22c-280a4a461b3e); Time taken: 0.001 seconds
2024-04-24T10:43:14,691  INFO [main] reexec.ReExecDriver: Execution #1 of query
2024-04-24T10:43:14,691  INFO [main] ql.Driver: Concurrency mode is disabled, not creating a lock manager
2024-04-24T10:43:14,691  INFO [main] ql.Driver: Executing command(queryId=alex_20240424104314_1407f6c1-5b05-4306-a22c-280a4a461b3e): use default
2024-04-24T10:43:14,691  INFO [main] ql.Driver: Starting task [Stage-0:DDL] in serial mode
2024-04-24T10:43:14,691  INFO [main] HiveMetaStore.audit: ugi=alex	ip=unknown-ip-addr	cmd=get_database: default	
2024-04-24T10:43:14,692  INFO [main] HiveMetaStore.audit: ugi=alex	ip=unknown-ip-addr	cmd=get_database: default	
2024-04-24T10:43:14,693  INFO [main] metadata.Hive: Dumping metastore api call timing information for : execution phase
2024-04-24T10:43:14,693  INFO [main] metadata.Hive: Total time spent in each metastore function (ms): {getDatabase_(String)=2, isCompatibleWith_(Configuration)=0}
2024-04-24T10:43:14,694  INFO [main] ql.Driver: Completed executing command(queryId=alex_20240424104314_1407f6c1-5b05-4306-a22c-280a4a461b3e); Time taken: 0.002 seconds
2024-04-24T10:43:14,694  INFO [main] ql.Driver: Compiling command(queryId=alex_20240424104314_1407f6c1-5b05-4306-a22c-280a4a461b3e): create table junit_unparted(a int) partitioned by (b string) stored as RCFILE TBLPROPERTIES ('transactional'='false')
2024-04-24T10:43:14,695  INFO [main] parse.CalcitePlanner: Starting caching scope for: alex_20240424104314_1407f6c1-5b05-4306-a22c-280a4a461b3e
2024-04-24T10:43:14,695  INFO [main] parse.CalcitePlanner: Starting Semantic Analysis
2024-04-24T10:43:14,695  INFO [main] sqlstd.SQLStdHiveAccessController: Created SQLStdHiveAccessController for session context : HiveAuthzSessionContext [sessionString=b3c40b1e-82e9-4a3b-8b14-3eb86847fbbe, clientType=HIVECLI]
2024-04-24T10:43:14,695  INFO [main] metastore.HiveMetaStoreClient: Mestastore configuration metastore.filter.hook changed from org.apache.hadoop.hive.metastore.DefaultMetaStoreFilterHookImpl to org.apache.hadoop.hive.ql.security.authorization.plugin.AuthorizationMetaStoreFilterHook
2024-04-24T10:43:14,695  INFO [main] HiveMetaStore.audit: ugi=alex	ip=unknown-ip-addr	cmd=Cleaning up thread local RawStore...	
2024-04-24T10:43:14,695  INFO [main] metastore.ObjectStore: RawStore: org.apache.hadoop.hive.metastore.ObjectStore@c8f756e, with PersistenceManager: org.datanucleus.api.jdo.JDOPersistenceManager@6b00dec8 will be shutdown
2024-04-24T10:43:14,695  INFO [main] HiveMetaStore.audit: ugi=alex	ip=unknown-ip-addr	cmd=Done cleaning up thread local RawStore	
2024-04-24T10:43:14,695  INFO [main] metastore.HiveMetaStoreClient: Closed a connection to metastore, current connections: -16
2024-04-24T10:43:14,696  INFO [main] metastore.HiveMetaStoreClient: HMS client filtering is enabled.
2024-04-24T10:43:14,697  INFO [main] metastore.HMSHandler: 0: Opening raw store with implementation class:org.apache.hadoop.hive.metastore.ObjectStore
2024-04-24T10:43:14,697  INFO [main] metastore.PersistenceManagerProvider: Configuration datanucleus.autoStartMechanismMode is not set. Defaulting to 'ignored'
2024-04-24T10:43:14,697  INFO [main] metastore.ObjectStore: RawStore: org.apache.hadoop.hive.metastore.ObjectStore@15878bb8, with PersistenceManager: null will be shutdown
2024-04-24T10:43:14,698  INFO [main] metastore.ObjectStore: RawStore: org.apache.hadoop.hive.metastore.ObjectStore@15878bb8, with PersistenceManager: org.datanucleus.api.jdo.JDOPersistenceManager@6e499bc1 created in the thread with id: 1
2024-04-24T10:43:14,699  INFO [main] metastore.HMSHandler: Created RawStore: org.apache.hadoop.hive.metastore.ObjectStore@15878bb8 from thread id: 1
2024-04-24T10:43:14,699  INFO [main] metastore.HMSHandler: HMS server filtering is disabled by configuration
2024-04-24T10:43:14,699  INFO [main] metastore.RetryingMetaStoreClient: RetryingMetaStoreClient proxy=class org.apache.hadoop.hive.ql.metadata.SessionHiveMetaStoreClient ugi=alex (auth:SIMPLE) retries=1 delay=1 lifetime=0
2024-04-24T10:43:14,700  INFO [main] parse.CalcitePlanner: Creating table default.junit_unparted position=13
2024-04-24T10:43:14,700  INFO [main] metastore.HiveMetaStoreClient: HMS client filtering is enabled.
2024-04-24T10:43:14,701  INFO [main] metastore.PersistenceManagerProvider: Configuration datanucleus.autoStartMechanismMode is not set. Defaulting to 'ignored'
2024-04-24T10:43:14,701  INFO [main] metastore.ObjectStore: RawStore: org.apache.hadoop.hive.metastore.ObjectStore@15878bb8, with PersistenceManager: org.datanucleus.api.jdo.JDOPersistenceManager@6e499bc1 will be shutdown
2024-04-24T10:43:14,701  INFO [main] metastore.ObjectStore: RawStore: org.apache.hadoop.hive.metastore.ObjectStore@15878bb8, with PersistenceManager: org.datanucleus.api.jdo.JDOPersistenceManager@5e4cdb22 created in the thread with id: 1
2024-04-24T10:43:14,703  INFO [main] metastore.HMSHandler: HMS server filtering is disabled by configuration
2024-04-24T10:43:14,703  INFO [main] metastore.RetryingMetaStoreClient: RetryingMetaStoreClient proxy=class org.apache.hadoop.hive.ql.metadata.SessionHiveMetaStoreClient ugi=alex (auth:SIMPLE) retries=1 delay=1 lifetime=0
2024-04-24T10:43:14,703  INFO [main] HiveMetaStore.audit: ugi=alex	ip=unknown-ip-addr	cmd=get_database: default	
2024-04-24T10:43:14,704  INFO [main] parse.CalcitePlanner: Ending caching scope for: alex_20240424104314_1407f6c1-5b05-4306-a22c-280a4a461b3e
2024-04-24T10:43:14,704  INFO [main] ql.Driver: Semantic Analysis Completed (retrial = false)
2024-04-24T10:43:14,704  INFO [main] ql.Driver: Created Hive schema: Schema(fieldSchemas:null, properties:null)
2024-04-24T10:43:14,704  INFO [main] metadata.Hive: Dumping metastore api call timing information for : compilation phase
2024-04-24T10:43:14,704  INFO [main] metadata.Hive: Total time spent in each metastore function (ms): {}
2024-04-24T10:43:14,704  INFO [main] ql.Driver: Completed compiling command(queryId=alex_20240424104314_1407f6c1-5b05-4306-a22c-280a4a461b3e); Time taken: 0.01 seconds
2024-04-24T10:43:14,705  INFO [main] reexec.ReExecDriver: Execution #1 of query
2024-04-24T10:43:14,705  INFO [main] ql.Driver: Concurrency mode is disabled, not creating a lock manager
2024-04-24T10:43:14,705  INFO [main] ql.Driver: Executing command(queryId=alex_20240424104314_1407f6c1-5b05-4306-a22c-280a4a461b3e): create table junit_unparted(a int) partitioned by (b string) stored as RCFILE TBLPROPERTIES ('transactional'='false')
2024-04-24T10:43:14,705  INFO [main] ql.Driver: Starting task [Stage-0:DDL] in serial mode
2024-04-24T10:43:14,705  INFO [main] metastore.HiveMetaStoreClient: Mestastore configuration metastore.filter.hook changed from org.apache.hadoop.hive.ql.security.authorization.plugin.AuthorizationMetaStoreFilterHook to org.apache.hadoop.hive.metastore.DefaultMetaStoreFilterHookImpl
2024-04-24T10:43:14,705  INFO [main] HiveMetaStore.audit: ugi=alex	ip=unknown-ip-addr	cmd=Cleaning up thread local RawStore...	
2024-04-24T10:43:14,705  INFO [main] metastore.ObjectStore: RawStore: org.apache.hadoop.hive.metastore.ObjectStore@15878bb8, with PersistenceManager: org.datanucleus.api.jdo.JDOPersistenceManager@5e4cdb22 will be shutdown
2024-04-24T10:43:14,705  INFO [main] HiveMetaStore.audit: ugi=alex	ip=unknown-ip-addr	cmd=Done cleaning up thread local RawStore	
2024-04-24T10:43:14,706  INFO [main] metastore.HiveMetaStoreClient: Closed a connection to metastore, current connections: -17
2024-04-24T10:43:14,707  INFO [main] metastore.HiveMetaStoreClient: HMS client filtering is enabled.
2024-04-24T10:43:14,708  INFO [main] metastore.HMSHandler: 0: Opening raw store with implementation class:org.apache.hadoop.hive.metastore.ObjectStore
2024-04-24T10:43:14,708  INFO [main] metastore.PersistenceManagerProvider: Configuration datanucleus.autoStartMechanismMode is not set. Defaulting to 'ignored'
2024-04-24T10:43:14,708  INFO [main] metastore.ObjectStore: RawStore: org.apache.hadoop.hive.metastore.ObjectStore@3a9b4a6e, with PersistenceManager: null will be shutdown
2024-04-24T10:43:14,708  INFO [main] metastore.ObjectStore: RawStore: org.apache.hadoop.hive.metastore.ObjectStore@3a9b4a6e, with PersistenceManager: org.datanucleus.api.jdo.JDOPersistenceManager@27477eb7 created in the thread with id: 1
2024-04-24T10:43:14,710  INFO [main] metastore.HMSHandler: Created RawStore: org.apache.hadoop.hive.metastore.ObjectStore@3a9b4a6e from thread id: 1
2024-04-24T10:43:14,710  INFO [main] metastore.HMSHandler: HMS server filtering is disabled by configuration
2024-04-24T10:43:14,710  INFO [main] metastore.RetryingMetaStoreClient: RetryingMetaStoreClient proxy=class org.apache.hadoop.hive.ql.metadata.SessionHiveMetaStoreClient ugi=alex (auth:SIMPLE) retries=1 delay=1 lifetime=0
2024-04-24T10:43:14,710  INFO [main] HiveMetaStore.audit: ugi=alex	ip=unknown-ip-addr	cmd=create_table_req: Table(tableName:junit_unparted, dbName:default, owner:alex, createTime:1713980594, lastAccessTime:0, retention:0, sd:StorageDescriptor(cols:[FieldSchema(name:a, type:int, comment:null)], location:null, inputFormat:org.apache.hadoop.hive.ql.io.RCFileInputFormat, outputFormat:org.apache.hadoop.hive.ql.io.RCFileOutputFormat, compressed:false, numBuckets:-1, serdeInfo:SerDeInfo(name:null, serializationLib:org.apache.hadoop.hive.serde2.columnar.ColumnarSerDe, parameters:{serialization.format=1}), bucketCols:[], sortCols:[], parameters:{}, skewedInfo:SkewedInfo(skewedColNames:[], skewedColValues:[], skewedColValueLocationMaps:{}), storedAsSubDirectories:false), partitionKeys:[FieldSchema(name:b, type:string, comment:null)], parameters:{transactional=false, bucketing_version=2}, viewOriginalText:null, viewExpandedText:null, tableType:MANAGED_TABLE, privileges:PrincipalPrivilegeSet(userPrivileges:{alex=[PrivilegeGrantInfo(privilege:INSERT, createTime:-1, grantor:alex, grantorType:USER, grantOption:true), PrivilegeGrantInfo(privilege:SELECT, createTime:-1, grantor:alex, grantorType:USER, grantOption:true), PrivilegeGrantInfo(privilege:UPDATE, createTime:-1, grantor:alex, grantorType:USER, grantOption:true), PrivilegeGrantInfo(privilege:DELETE, createTime:-1, grantor:alex, grantorType:USER, grantOption:true)]}, groupPrivileges:null, rolePrivileges:null), temporary:false, catName:hive, ownerType:USER)	
2024-04-24T10:43:14,714  INFO [main] utils.FileUtils: Creating directory if it doesn't exist: file:/home/alex/Repositories/hive/hcatalog/hcatalog-pig-adapter/build/test/data/org.apache.hive.hcatalog.mapreduce.HCatBaseTest-1713980564272/warehouse/junit_unparted
2024-04-24T10:43:14,733  INFO [main] metadata.Hive: Dumping metastore api call timing information for : execution phase
2024-04-24T10:43:14,733  INFO [main] metadata.Hive: Total time spent in each metastore function (ms): {createTable_(Table)=23}
2024-04-24T10:43:14,733  INFO [main] ql.Driver: Completed executing command(queryId=alex_20240424104314_1407f6c1-5b05-4306-a22c-280a4a461b3e); Time taken: 0.028 seconds
2024-04-24T10:43:14,756  INFO [main] executionengine.HExecutionEngine: Connecting to hadoop file system at: file:///
2024-04-24T10:43:14,756  INFO [main] pig.PigServer: Pig Script ID for the session: PIG-default-f84769c5-f691-4a2b-8357-4c4e609e8654
2024-04-24T10:43:14,791  WARN [main] conf.HiveConf: HiveConf of name hive.metastore.metadb.dir does not exist
2024-04-24T10:43:14,791  WARN [main] conf.HiveConf: HiveConf of name hive.metastore.client.cache.recordStats does not exist
2024-04-24T10:43:14,791  WARN [main] conf.HiveConf: HiveConf of name hive.llap.io.cache.orc.arena.size does not exist
2024-04-24T10:43:14,791  WARN [main] conf.HiveConf: HiveConf of name hive.llap.io.cache.orc.size does not exist
2024-04-24T10:43:14,791  WARN [main] conf.HiveConf: HiveConf of name hive.stats.key.prefix.reserve.length does not exist
2024-04-24T10:43:14,791  WARN [main] conf.HiveConf: HiveConf of name hive.dummyparam.test.server.specific.config.hivesite does not exist
2024-04-24T10:43:14,791  WARN [main] conf.HiveConf: HiveConf of name hive.metastore.client.cache.maxSize does not exist
2024-04-24T10:43:14,791  WARN [main] conf.HiveConf: HiveConf of name hive.dummyparam.test.server.specific.config.metastoresite does not exist
2024-04-24T10:43:14,792  WARN [main] conf.HiveConf: HiveConf of name hive.dummyparam.test.server.specific.config.override does not exist
2024-04-24T10:43:14,792  WARN [main] conf.HiveConf: HiveConf of name hive.llap.io.cache.orc.alloc.min does not exist
2024-04-24T10:43:14,792  WARN [main] conf.HiveConf: HiveConf of name hive.llap.io.cache.orc.alloc.max does not exist
2024-04-24T10:43:14,792  INFO [main] common.HCatUtil: mapreduce.lib.hcatoutput.hive.conf not set. Generating configuration differences.
2024-04-24T10:43:14,792  INFO [main] common.HCatUtil: Configuration differences={datanucleus.connectionPool.maxPoolSize=4, hive.stats.column.autogather=true, test.property1=value1, javax.jdo.option.ConnectionUserName=APP, hive.llap.io.cache.orc.alloc.max=2097152, fs.pfile.impl=org.apache.hadoop.fs.ProxyLocalFileSystem, hive.query.results.cache.enabled=false, hive.querylog.location=${test.tmp.dir}/tmp, hive.llap.io.use.lrfu=true, hive.metastore.rawstore.impl=org.apache.hadoop.hive.metastore.ObjectStore, javax.jdo.option.ConnectionPassword=mine, hive.jar.path=${maven.local.repository}/org/apache/hive/hive-exec/${hive.version}/hive-exec-${hive.version}.jar, hive.default.rcfile.serde=org.apache.hadoop.hive.serde2.columnar.ColumnarSerDe, test.data.scripts=${hive.root}/data/scripts, datanucleus.schema.autoCreateAll=true, hive.users.in.admin.role=hive_admin_user, hive.llap.io.cache.orc.size=8388608, hive.exec.mode.local.auto=false, test.var.hiveconf.property=${hive.exec.default.partition.name}, hive.dummyparam.test.server.specific.config.hivesite=from.hive-site.xml, hive.materializedview.rewriting=true, hive.dummyparam.test.server.specific.config.override=from.hive-site.xml, hive.fetch.task.conversion=minimal, hive.metastore.metadb.dir=file://${test.tmp.dir}/metadb/, hive.conf.restricted.list=dummy.config.value, hive.server2.operation.log.purgePolicy.timeToLive=5s, hive.query.reexecution.stats.persist.scope=query, hive.cbo.fallback.strategy=TEST, hive.input.format=org.apache.hadoop.hive.ql.io.CombineHiveInputFormat, hive.security.authorization.manager=org.apache.hadoop.hive.ql.security.authorization.plugin.sqlstd.SQLStdHiveAuthorizerFactoryForTest, test.data.files=${hive.root}/data/files, hive.metastore.client.cache.enabled=true, hive.stats.key.prefix.reserve.length=0, hive.exec.local.scratchdir=${test.tmp.dir}/localscratchdir/, hive.exec.submit.local.task.via.child=false, hive.auto.convert.join=false, hive.llap.io.cache.orc.alloc.min=32768, hive.stats.fetch.bitvector=true, hive.llap.io.allocator.direct=false, hive.metastore.schema.verification=false, javax.jdo.option.ConnectionDriverName=org.apache.derby.jdbc.EmbeddedDriver, hive.support.concurrency=true, hive.in.test=true, hive.metastore.warehouse.dir=${test.warehouse.dir}, hive.llap.io.cache.orc.arena.size=8388608, hive.exec.scratchdir=${test.tmp.dir}/scratchdir, test.log.dir=${test.tmp.dir}/log/, hive.exec.post.hooks=org.apache.hadoop.hive.ql.hooks.PostExecutePrinter, javax.jdo.option.ConnectionURL=jdbc:derby:memory:${test.tmp.dir}/junit_metastore_db;create=true, hive.llap.cache.allow.synthetic.fileid=true, hive.scheduled.queries.executor.enabled=false, hive.ignore.mapjoin.hint=false, hive.metastore.client.cache.maxSize=10Mb, hive.metastore.client.cache.recordStats=true, hive.mapjoin.max.gc.time.percentage=0.99, hive.test.dummystats.aggregator=value2, hive.exec.pre.hooks=org.apache.hadoop.hive.ql.hooks.PreExecutePrinter, org.apache.hadoop.hive.ql.hooks.EnforceReadOnlyTables, org.apache.hadoop.hive.ql.hooks.MaterializedViewRegistryPropertiesHook, iceberg.hive.keep.stats=true, hive.strict.timestamp.conversion=false}
2024-04-24T10:43:14,793  INFO [main] HiveMetaStore.audit: ugi=alex	ip=unknown-ip-addr	cmd=get_databases: @hive#NonExistentDatabaseUsedForHealthCheck	
2024-04-24T10:43:14,796  INFO [main] HiveMetaStore.audit: ugi=alex	ip=unknown-ip-addr	cmd=get_table : tbl=hive.default.junit_unparted	
2024-04-24T10:43:14,806  INFO [main] metastore.HMSHandler: Skipping translation for processor with null
2024-04-24T10:43:14,825  WARN [main] conf.HiveConf: HiveConf of name hive.metastore.client.cache.maxSize does not exist
2024-04-24T10:43:14,825  WARN [main] conf.HiveConf: HiveConf of name hive.metastore.metadb.dir does not exist
2024-04-24T10:43:14,825  WARN [main] conf.HiveConf: HiveConf of name hive.llap.io.cache.orc.arena.size does not exist
2024-04-24T10:43:14,825  WARN [main] conf.HiveConf: HiveConf of name hive.dummyparam.test.server.specific.config.override does not exist
2024-04-24T10:43:14,825  WARN [main] conf.HiveConf: HiveConf of name hive.llap.io.cache.orc.size does not exist
2024-04-24T10:43:14,825  WARN [main] conf.HiveConf: HiveConf of name hive.stats.key.prefix.reserve.length does not exist
2024-04-24T10:43:14,825  WARN [main] conf.HiveConf: HiveConf of name hive.llap.io.cache.orc.alloc.max does not exist
2024-04-24T10:43:14,825  WARN [main] conf.HiveConf: HiveConf of name hive.metastore.client.cache.recordStats does not exist
2024-04-24T10:43:14,825  WARN [main] conf.HiveConf: HiveConf of name hive.dummyparam.test.server.specific.config.metastoresite does not exist
2024-04-24T10:43:14,825  WARN [main] conf.HiveConf: HiveConf of name hive.dummyparam.test.server.specific.config.hivesite does not exist
2024-04-24T10:43:14,825  WARN [main] conf.HiveConf: HiveConf of name hive.llap.io.cache.orc.alloc.min does not exist
2024-04-24T10:43:14,826  INFO [main] common.HCatUtil: mapreduce.lib.hcatoutput.hive.conf is set. Applying configuration differences.
2024-04-24T10:43:14,826  INFO [main] HiveMetaStore.audit: ugi=alex	ip=unknown-ip-addr	cmd=get_databases: @hive#NonExistentDatabaseUsedForHealthCheck	
2024-04-24T10:43:14,829  INFO [main] pigstats.ScriptState: Pig features used in the script: UNKNOWN
2024-04-24T10:43:14,833  INFO [communication thread] mapred.LocalJobRunner: map > map
2024-04-24T10:43:14,837  WARN [main] data.SchemaTupleBackend: SchemaTupleBackend has already been initialized
2024-04-24T10:43:14,837  INFO [main] optimizer.LogicalPlanOptimizer: {RULES_ENABLED=[AddForEach, ColumnMapKeyPrune, ConstantCalculator, GroupByConstParallelSetter, LimitOptimizer, LoadTypeCastInserter, MergeFilter, MergeForEach, PartitionFilterOptimizer, PredicatePushdownOptimizer, PushDownForEachFlatten, PushUpFilter, SplitFilter, StreamTypeCastInserter]}
2024-04-24T10:43:14,838  INFO [main] mapReduceLayer.MRCompiler: File concatenation threshold: 100 optimistic? false
2024-04-24T10:43:14,839  INFO [main] mapReduceLayer.MultiQueryOptimizer: MR plan size before optimization: 1
2024-04-24T10:43:14,839  INFO [main] mapReduceLayer.MultiQueryOptimizer: MR plan size after optimization: 1
2024-04-24T10:43:14,844  WARN [main] impl.MetricsSystemImpl: JobTracker metrics system already initialized!
2024-04-24T10:43:14,846  INFO [main] mapreduce.MRScriptState: Pig script settings are added to the job
2024-04-24T10:43:14,846  INFO [main] mapReduceLayer.JobControlCompiler: mapred.job.reduce.markreset.buffer.percent is not set, set to default 0.3
2024-04-24T10:43:14,847  INFO [main] mapReduceLayer.JobControlCompiler: Setting up single store job
2024-04-24T10:43:14,847  INFO [main] data.SchemaTupleFrontend: Key [pig.schematuple] is false, will not generate code.
2024-04-24T10:43:14,847  INFO [main] data.SchemaTupleFrontend: Starting process to move generated code to distributed cacche
2024-04-24T10:43:14,847  INFO [main] data.SchemaTupleFrontend: Distributed cache not supported or needed in local mode. Setting key [pig.schematuple.local.dir] with code temp directory: /home/alex/Repositories/hive/hcatalog/hcatalog-pig-adapter/target/tmp/1713980594847-0
2024-04-24T10:43:14,852  INFO [main] mapReduceLayer.MapReduceLauncher: 1 map-reduce job(s) waiting for submission.
2024-04-24T10:43:14,853  WARN [JobControl] impl.MetricsSystemImpl: JobTracker metrics system already initialized!
2024-04-24T10:43:14,870  WARN [JobControl] conf.HiveConf: HiveConf of name hive.stats.key.prefix.reserve.length does not exist
2024-04-24T10:43:14,870  WARN [JobControl] conf.HiveConf: HiveConf of name hive.dummyparam.test.server.specific.config.hivesite does not exist
2024-04-24T10:43:14,870  WARN [JobControl] conf.HiveConf: HiveConf of name hive.dummyparam.test.server.specific.config.metastoresite does not exist
2024-04-24T10:43:14,870  WARN [JobControl] conf.HiveConf: HiveConf of name hive.llap.io.cache.orc.alloc.min does not exist
2024-04-24T10:43:14,870  WARN [JobControl] conf.HiveConf: HiveConf of name hive.llap.io.cache.orc.alloc.max does not exist
2024-04-24T10:43:14,870  WARN [JobControl] conf.HiveConf: HiveConf of name hive.metastore.client.cache.maxSize does not exist
2024-04-24T10:43:14,870  WARN [JobControl] conf.HiveConf: HiveConf of name hive.dummyparam.test.server.specific.config.override does not exist
2024-04-24T10:43:14,870  WARN [JobControl] conf.HiveConf: HiveConf of name hive.metastore.metadb.dir does not exist
2024-04-24T10:43:14,870  WARN [JobControl] conf.HiveConf: HiveConf of name hive.metastore.client.cache.recordStats does not exist
2024-04-24T10:43:14,870  WARN [JobControl] conf.HiveConf: HiveConf of name hive.llap.io.cache.orc.size does not exist
2024-04-24T10:43:14,870  WARN [JobControl] conf.HiveConf: HiveConf of name hive.llap.io.cache.orc.arena.size does not exist
2024-04-24T10:43:14,871  INFO [JobControl] common.HCatUtil: mapreduce.lib.hcatoutput.hive.conf is set. Applying configuration differences.
2024-04-24T10:43:14,872  INFO [JobControl] metastore.HiveMetaStoreClient: HMS client filtering is enabled.
2024-04-24T10:43:14,873  INFO [JobControl] metastore.HMSHandler: 34: Opening raw store with implementation class:org.apache.hadoop.hive.metastore.ObjectStore
2024-04-24T10:43:14,873  INFO [JobControl] metastore.PersistenceManagerProvider: Configuration datanucleus.autoStartMechanismMode is not set. Defaulting to 'ignored'
2024-04-24T10:43:14,873  INFO [JobControl] metastore.ObjectStore: RawStore: org.apache.hadoop.hive.metastore.ObjectStore@2c32e12f, with PersistenceManager: null will be shutdown
2024-04-24T10:43:14,873  INFO [JobControl] metastore.ObjectStore: RawStore: org.apache.hadoop.hive.metastore.ObjectStore@2c32e12f, with PersistenceManager: org.datanucleus.api.jdo.JDOPersistenceManager@486ed296 created in the thread with id: 1356
2024-04-24T10:43:14,876  INFO [JobControl] metastore.HMSHandler: Created RawStore: org.apache.hadoop.hive.metastore.ObjectStore@2c32e12f from thread id: 1356
2024-04-24T10:43:14,876  INFO [JobControl] metastore.HMSHandler: HMS server filtering is disabled by configuration
2024-04-24T10:43:14,876  INFO [JobControl] metastore.RetryingMetaStoreClient: RetryingMetaStoreClient proxy=class org.apache.hive.hcatalog.common.HiveClientCache$CacheableHiveMetaStoreClient ugi=alex (auth:SIMPLE) retries=1 delay=1 lifetime=0
2024-04-24T10:43:14,877  INFO [JobControl] HiveMetaStore.audit: ugi=alex	ip=unknown-ip-addr	cmd=get_databases: @hive#NonExistentDatabaseUsedForHealthCheck	
2024-04-24T10:43:14,891  WARN [JobControl] mapreduce.JobResourceUploader: Hadoop command-line option parsing not performed. Implement the Tool interface and execute your application with ToolRunner to remedy this.
2024-04-24T10:43:14,895  WARN [JobControl] mapreduce.JobResourceUploader: No job jar file set.  User classes may not be found. See Job or Job#setJar(String).
2024-04-24T10:43:14,896  INFO [JobControl] builtin.PigStorage: Using PigTextInputFormat
2024-04-24T10:43:14,896  INFO [JobControl] input.FileInputFormat: Total input files to process : 1
2024-04-24T10:43:14,896  INFO [JobControl] util.MapRedUtil: Total input paths to process : 1
2024-04-24T10:43:14,897  INFO [JobControl] util.MapRedUtil: Total input paths (combined) to process : 1
2024-04-24T10:43:14,913  INFO [JobControl] mapreduce.JobSubmitter: number of splits:1
2024-04-24T10:43:14,924  INFO [JobControl] mapreduce.JobSubmitter: Submitting tokens for job: job_local1595128324_0025
2024-04-24T10:43:14,924  INFO [JobControl] mapreduce.JobSubmitter: Executing with tokens: []
2024-04-24T10:43:14,975  INFO [JobControl] mapreduce.Job: The url to track the job: http://localhost:8080/
2024-04-24T10:43:14,976  INFO [Thread-1269] mapred.LocalJobRunner: OutputCommitter set in config null
2024-04-24T10:43:14,981  INFO [Thread-1269] output.FileOutputCommitter: File Output Committer Algorithm version is 2
2024-04-24T10:43:14,981  INFO [Thread-1269] output.FileOutputCommitter: FileOutputCommitter skip cleanup _temporary folders under output directory:false, ignore cleanup failures: false
2024-04-24T10:43:14,981  INFO [Thread-1269] mapred.LocalJobRunner: OutputCommitter is org.apache.pig.backend.hadoop.executionengine.mapReduceLayer.PigOutputCommitter
2024-04-24T10:43:14,983  INFO [Thread-1269] output.FileOutputCommitter: File Output Committer Algorithm version is 2
2024-04-24T10:43:14,983  INFO [Thread-1269] output.FileOutputCommitter: FileOutputCommitter skip cleanup _temporary folders under output directory:false, ignore cleanup failures: false
2024-04-24T10:43:14,993  INFO [Thread-1269] mapred.LocalJobRunner: Waiting for map tasks
2024-04-24T10:43:14,993  INFO [LocalJobRunner Map Task Executor #0] mapred.LocalJobRunner: Starting task: attempt_local1595128324_0025_m_000000_0
2024-04-24T10:43:14,999  INFO [LocalJobRunner Map Task Executor #0] output.FileOutputCommitter: File Output Committer Algorithm version is 2
2024-04-24T10:43:14,999  INFO [LocalJobRunner Map Task Executor #0] output.FileOutputCommitter: FileOutputCommitter skip cleanup _temporary folders under output directory:false, ignore cleanup failures: false
2024-04-24T10:43:15,001  INFO [LocalJobRunner Map Task Executor #0] output.FileOutputCommitter: File Output Committer Algorithm version is 2
2024-04-24T10:43:15,001  INFO [LocalJobRunner Map Task Executor #0] output.FileOutputCommitter: FileOutputCommitter skip cleanup _temporary folders under output directory:false, ignore cleanup failures: false
2024-04-24T10:43:15,002  INFO [LocalJobRunner Map Task Executor #0] mapred.Task:  Using ResourceCalculatorProcessTree : [ ]
2024-04-24T10:43:15,002  INFO [LocalJobRunner Map Task Executor #0] mapred.MapTask: Processing split: Number of splits :1
Total Length = 23
Input split[0]:
   Length = 23
   ClassName: org.apache.hadoop.mapreduce.lib.input.FileSplit
   Locations:

-----------------------

2024-04-24T10:43:15,003  INFO [LocalJobRunner Map Task Executor #0] builtin.PigStorage: Using PigTextInputFormat
2024-04-24T10:43:15,003  INFO [LocalJobRunner Map Task Executor #0] mapReduceLayer.PigRecordReader: Current split being processed file:/home/alex/Repositories/hive/hcatalog/hcatalog-pig-adapter/build/test/data/org.apache.hive.hcatalog.mapreduce.HCatBaseTest-1713980564272/input.data:0+23
2024-04-24T10:43:15,006  INFO [LocalJobRunner Map Task Executor #0] output.FileOutputCommitter: File Output Committer Algorithm version is 2
2024-04-24T10:43:15,006  INFO [LocalJobRunner Map Task Executor #0] output.FileOutputCommitter: FileOutputCommitter skip cleanup _temporary folders under output directory:false, ignore cleanup failures: false
2024-04-24T10:43:15,017  INFO [LocalJobRunner Map Task Executor #0] util.SpillableMemoryManager: Selected heap (PS Old Gen) of size 1431830528 to monitor. collectionUsageThreshold = 1064828928, usageThreshold = 1064828928
2024-04-24T10:43:15,018  INFO [LocalJobRunner Map Task Executor #0] data.SchemaTupleBackend: Key [pig.schematuple] was not set... will not generate code.
2024-04-24T10:43:15,018  INFO [LocalJobRunner Map Task Executor #0] mapReduceLayer.PigMapOnly$Map: Aliases being processed per job phase (AliasName[line,offset]): M: A[1,4],A[-1,-1] C:  R: 
2024-04-24T10:43:15,019  INFO [LocalJobRunner Map Task Executor #0] mapred.LocalJobRunner: 
2024-04-24T10:43:15,019  INFO [LocalJobRunner Map Task Executor #0] io.RCFile: Column#0 : Plain Total Column Value Length: 12,  Compr Total Column Value Length: 12
2024-04-24T10:43:15,019  INFO [LocalJobRunner Map Task Executor #0] mapred.Task: Task:attempt_local1595128324_0025_m_000000_0 is done. And is in the process of committing
2024-04-24T10:43:15,021  INFO [LocalJobRunner Map Task Executor #0] output.FileOutputCommitter: File Output Committer Algorithm version is 2
2024-04-24T10:43:15,021  INFO [LocalJobRunner Map Task Executor #0] output.FileOutputCommitter: FileOutputCommitter skip cleanup _temporary folders under output directory:false, ignore cleanup failures: false
2024-04-24T10:43:15,022  INFO [LocalJobRunner Map Task Executor #0] mapred.LocalJobRunner: 
2024-04-24T10:43:15,022  INFO [LocalJobRunner Map Task Executor #0] mapred.Task: Task attempt_local1595128324_0025_m_000000_0 is allowed to commit now
2024-04-24T10:43:15,023  INFO [LocalJobRunner Map Task Executor #0] output.FileOutputCommitter: File Output Committer Algorithm version is 2
2024-04-24T10:43:15,023  INFO [LocalJobRunner Map Task Executor #0] output.FileOutputCommitter: FileOutputCommitter skip cleanup _temporary folders under output directory:false, ignore cleanup failures: false
2024-04-24T10:43:15,024  INFO [LocalJobRunner Map Task Executor #0] output.FileOutputCommitter: Saved output of task 'attempt_local1595128324_0025_m_000000_0' to file:/home/alex/Repositories/hive/hcatalog/hcatalog-pig-adapter/build/test/data/org.apache.hive.hcatalog.mapreduce.HCatBaseTest-1713980564272/warehouse/junit_unparted/_SCRATCH0,06251462619137238/b=1
2024-04-24T10:43:15,025  INFO [LocalJobRunner Map Task Executor #0] mapred.LocalJobRunner: map
2024-04-24T10:43:15,025  INFO [LocalJobRunner Map Task Executor #0] mapred.Task: Task 'attempt_local1595128324_0025_m_000000_0' done.
2024-04-24T10:43:15,025  INFO [LocalJobRunner Map Task Executor #0] mapred.Task: Final Counters for attempt_local1595128324_0025_m_000000_0: Counters: 15
	File System Counters
		FILE: Number of bytes read=31166
		FILE: Number of bytes written=14241871
		FILE: Number of read operations=0
		FILE: Number of large read operations=0
		FILE: Number of write operations=0
	Map-Reduce Framework
		Map input records=11
		Map output records=11
		Input split bytes=480
		Spilled Records=0
		Failed Shuffles=0
		Merged Map outputs=0
		GC time elapsed (ms)=0
		Total committed heap usage (bytes)=1016594432
	File Input Format Counters 
		Bytes Read=0
	File Output Format Counters 
		Bytes Written=0
2024-04-24T10:43:15,025  INFO [LocalJobRunner Map Task Executor #0] mapred.LocalJobRunner: Finishing task: attempt_local1595128324_0025_m_000000_0
2024-04-24T10:43:15,025  INFO [Thread-1269] mapred.LocalJobRunner: map task executor complete.
2024-04-24T10:43:15,069  WARN [Thread-1269] conf.HiveConf: HiveConf of name hive.llap.io.cache.orc.arena.size does not exist
2024-04-24T10:43:15,069  WARN [Thread-1269] conf.HiveConf: HiveConf of name hive.stats.key.prefix.reserve.length does not exist
2024-04-24T10:43:15,069  WARN [Thread-1269] conf.HiveConf: HiveConf of name hive.dummyparam.test.server.specific.config.override does not exist
2024-04-24T10:43:15,069  WARN [Thread-1269] conf.HiveConf: HiveConf of name hive.metastore.client.cache.maxSize does not exist
2024-04-24T10:43:15,069  WARN [Thread-1269] conf.HiveConf: HiveConf of name hive.llap.io.cache.orc.size does not exist
2024-04-24T10:43:15,069  WARN [Thread-1269] conf.HiveConf: HiveConf of name hive.dummyparam.test.server.specific.config.hivesite does not exist
2024-04-24T10:43:15,069  WARN [Thread-1269] conf.HiveConf: HiveConf of name hive.dummyparam.test.server.specific.config.metastoresite does not exist
2024-04-24T10:43:15,069  WARN [Thread-1269] conf.HiveConf: HiveConf of name hive.llap.io.cache.orc.alloc.max does not exist
2024-04-24T10:43:15,069  WARN [Thread-1269] conf.HiveConf: HiveConf of name hive.llap.io.cache.orc.alloc.min does not exist
2024-04-24T10:43:15,069  WARN [Thread-1269] conf.HiveConf: HiveConf of name hive.metastore.client.cache.recordStats does not exist
2024-04-24T10:43:15,069  WARN [Thread-1269] conf.HiveConf: HiveConf of name hive.metastore.metadb.dir does not exist
2024-04-24T10:43:15,070  INFO [Thread-1269] common.HCatUtil: mapreduce.lib.hcatoutput.hive.conf is set. Applying configuration differences.
2024-04-24T10:43:15,071  INFO [Thread-1269] metastore.HiveMetaStoreClient: HMS client filtering is enabled.
2024-04-24T10:43:15,071  INFO [Thread-1269] metastore.HMSHandler: 35: Opening raw store with implementation class:org.apache.hadoop.hive.metastore.ObjectStore
2024-04-24T10:43:15,071  INFO [Thread-1269] metastore.PersistenceManagerProvider: Configuration datanucleus.autoStartMechanismMode is not set. Defaulting to 'ignored'
2024-04-24T10:43:15,072  INFO [Thread-1269] metastore.ObjectStore: RawStore: org.apache.hadoop.hive.metastore.ObjectStore@2a22da30, with PersistenceManager: null will be shutdown
2024-04-24T10:43:15,072  INFO [Thread-1269] metastore.ObjectStore: RawStore: org.apache.hadoop.hive.metastore.ObjectStore@2a22da30, with PersistenceManager: org.datanucleus.api.jdo.JDOPersistenceManager@2dd06058 created in the thread with id: 1376
2024-04-24T10:43:15,073  INFO [Thread-1269] metastore.HMSHandler: Created RawStore: org.apache.hadoop.hive.metastore.ObjectStore@2a22da30 from thread id: 1376
2024-04-24T10:43:15,073  INFO [Thread-1269] metastore.HMSHandler: HMS server filtering is disabled by configuration
2024-04-24T10:43:15,073  INFO [Thread-1269] metastore.RetryingMetaStoreClient: RetryingMetaStoreClient proxy=class org.apache.hive.hcatalog.common.HiveClientCache$CacheableHiveMetaStoreClient ugi=alex (auth:SIMPLE) retries=1 delay=1 lifetime=0
2024-04-24T10:43:15,075  INFO [Thread-1269] HiveMetaStore.audit: ugi=alex	ip=unknown-ip-addr	cmd=Cleaning up thread local RawStore...	
2024-04-24T10:43:15,075  INFO [Thread-1269] metastore.ObjectStore: RawStore: org.apache.hadoop.hive.metastore.ObjectStore@2a22da30, with PersistenceManager: org.datanucleus.api.jdo.JDOPersistenceManager@2dd06058 will be shutdown
2024-04-24T10:43:15,075  INFO [Thread-1269] HiveMetaStore.audit: ugi=alex	ip=unknown-ip-addr	cmd=Done cleaning up thread local RawStore	
2024-04-24T10:43:15,075  INFO [Thread-1269] metastore.HiveMetaStoreClient: Closed a connection to metastore, current connections: -18
2024-04-24T10:43:15,076  INFO [Thread-1269] HiveMetaStore.audit: ugi=alex	ip=unknown-ip-addr	cmd=get_databases: @hive#NonExistentDatabaseUsedForHealthCheck	
2024-04-24T10:43:15,077  INFO [Thread-1269] metastore.HMSHandler: 35: Opening raw store with implementation class:org.apache.hadoop.hive.metastore.ObjectStore
2024-04-24T10:43:15,077  INFO [Thread-1269] metastore.ObjectStore: RawStore: org.apache.hadoop.hive.metastore.ObjectStore@33888ef5, with PersistenceManager: null will be shutdown
2024-04-24T10:43:15,077  INFO [Thread-1269] metastore.ObjectStore: RawStore: org.apache.hadoop.hive.metastore.ObjectStore@33888ef5, with PersistenceManager: org.datanucleus.api.jdo.JDOPersistenceManager@be0a20a created in the thread with id: 1376
2024-04-24T10:43:15,079  INFO [Thread-1269] metastore.HMSHandler: Created RawStore: org.apache.hadoop.hive.metastore.ObjectStore@33888ef5 from thread id: 1376
2024-04-24T10:43:15,113  WARN [Thread-1269] conf.HiveConf: HiveConf of name hive.dummyparam.test.server.specific.config.hivesite does not exist
2024-04-24T10:43:15,113  WARN [Thread-1269] conf.HiveConf: HiveConf of name hive.stats.key.prefix.reserve.length does not exist
2024-04-24T10:43:15,113  WARN [Thread-1269] conf.HiveConf: HiveConf of name hive.llap.io.cache.orc.size does not exist
2024-04-24T10:43:15,113  WARN [Thread-1269] conf.HiveConf: HiveConf of name hive.dummyparam.test.server.specific.config.override does not exist
2024-04-24T10:43:15,113  WARN [Thread-1269] conf.HiveConf: HiveConf of name hive.llap.io.cache.orc.arena.size does not exist
2024-04-24T10:43:15,113  WARN [Thread-1269] conf.HiveConf: HiveConf of name hive.llap.io.cache.orc.alloc.min does not exist
2024-04-24T10:43:15,113  WARN [Thread-1269] conf.HiveConf: HiveConf of name hive.metastore.metadb.dir does not exist
2024-04-24T10:43:15,113  WARN [Thread-1269] conf.HiveConf: HiveConf of name hive.metastore.client.cache.maxSize does not exist
2024-04-24T10:43:15,113  WARN [Thread-1269] conf.HiveConf: HiveConf of name hive.llap.io.cache.orc.alloc.max does not exist
2024-04-24T10:43:15,113  WARN [Thread-1269] conf.HiveConf: HiveConf of name hive.dummyparam.test.server.specific.config.metastoresite does not exist
2024-04-24T10:43:15,113  WARN [Thread-1269] conf.HiveConf: HiveConf of name hive.metastore.client.cache.recordStats does not exist
2024-04-24T10:43:15,113  INFO [Thread-1269] mapreduce.FileOutputCommitterContainer: HAR not is not being used. The table junit_unparted has new partitions [{b=1}].
2024-04-24T10:43:15,115  INFO [Thread-1269] HiveMetaStore.audit: ugi=alex	ip=unknown-ip-addr	cmd=get_partition : tbl=hive.default.junit_unparted[1]	
2024-04-24T10:43:15,123  INFO [Thread-1269] HiveMetaStore.audit: ugi=alex	ip=unknown-ip-addr	cmd=add_partition	
2024-04-24T10:43:15,123  INFO [Thread-1269] HiveMetaStore.audit: ugi=alex	ip=unknown-ip-addr	cmd=add_partitions	
2024-04-24T10:43:15,131  INFO [HMSHandler #8] utils.MetaStoreServerUtils: Updating partition stats fast for: junit_unparted
2024-04-24T10:43:15,131  INFO [HMSHandler #8] utils.MetaStoreServerUtils: Updated size to 87
2024-04-24T10:43:15,164  INFO [Thread-1269] mapreduce.FileOutputCommitterContainer: Cancelling delegation token for the job.
2024-04-24T10:43:15,197  WARN [Thread-1269] conf.HiveConf: HiveConf of name hive.llap.io.cache.orc.arena.size does not exist
2024-04-24T10:43:15,197  WARN [Thread-1269] conf.HiveConf: HiveConf of name hive.metastore.client.cache.recordStats does not exist
2024-04-24T10:43:15,197  WARN [Thread-1269] conf.HiveConf: HiveConf of name hive.llap.io.cache.orc.alloc.min does not exist
2024-04-24T10:43:15,197  WARN [Thread-1269] conf.HiveConf: HiveConf of name hive.dummyparam.test.server.specific.config.metastoresite does not exist
2024-04-24T10:43:15,197  WARN [Thread-1269] conf.HiveConf: HiveConf of name hive.metastore.metadb.dir does not exist
2024-04-24T10:43:15,197  WARN [Thread-1269] conf.HiveConf: HiveConf of name hive.dummyparam.test.server.specific.config.hivesite does not exist
2024-04-24T10:43:15,197  WARN [Thread-1269] conf.HiveConf: HiveConf of name hive.llap.io.cache.orc.alloc.max does not exist
2024-04-24T10:43:15,197  WARN [Thread-1269] conf.HiveConf: HiveConf of name hive.stats.key.prefix.reserve.length does not exist
2024-04-24T10:43:15,197  WARN [Thread-1269] conf.HiveConf: HiveConf of name hive.metastore.client.cache.maxSize does not exist
2024-04-24T10:43:15,197  WARN [Thread-1269] conf.HiveConf: HiveConf of name hive.llap.io.cache.orc.size does not exist
2024-04-24T10:43:15,197  WARN [Thread-1269] conf.HiveConf: HiveConf of name hive.dummyparam.test.server.specific.config.override does not exist
2024-04-24T10:43:15,197  INFO [Thread-1269] common.HCatUtil: mapreduce.lib.hcatoutput.hive.conf is set. Applying configuration differences.
2024-04-24T10:43:15,198  INFO [Thread-1269] HiveMetaStore.audit: ugi=alex	ip=unknown-ip-addr	cmd=get_databases: @hive#NonExistentDatabaseUsedForHealthCheck	
2024-04-24T10:43:15,199  INFO [Thread-1269] mapreduce.FileOutputCommitterContainer: FileOutputCommitterContainer::cancelDelegationTokens(): Could not find tokenStrForm, or HCAT_KEY_TOKEN_SIGNATURE. Skipping token cancellation.
2024-04-24T10:43:15,353  INFO [main] mapReduceLayer.MapReduceLauncher: HadoopJobId: job_local1595128324_0025
2024-04-24T10:43:15,353  INFO [main] mapReduceLayer.MapReduceLauncher: Processing aliases A
2024-04-24T10:43:15,353  INFO [main] mapReduceLayer.MapReduceLauncher: detailed locations: M: A[1,4],A[-1,-1] C:  R: 
2024-04-24T10:43:15,361  WARN [main] impl.MetricsSystemImpl: JobTracker metrics system already initialized!
2024-04-24T10:43:15,368  WARN [main] impl.MetricsSystemImpl: JobTracker metrics system already initialized!
2024-04-24T10:43:15,375  WARN [main] impl.MetricsSystemImpl: JobTracker metrics system already initialized!
2024-04-24T10:43:15,403  INFO [main] mapReduceLayer.MapReduceLauncher: 100% complete
2024-04-24T10:43:15,403  INFO [main] mapreduce.SimplePigStats: Script Statistics: 

HadoopVersion	PigVersion	UserId	StartedAt	FinishedAt	Features
3.1.0	0.16.0	alex	2024-04-24 10:43:14	2024-04-24 10:43:15	UNKNOWN

Success!

Job Stats (time in seconds):
JobId	Maps	Reduces	MaxMapTime	MinMapTime	AvgMapTime	MedianMapTime	MaxReduceTime	MinReduceTime	AvgReduceTime	MedianReducetime	Alias	Feature	Outputs
job_local1595128324_0025	1	0	n/a	n/a	n/a	n/a	0	0	0	0	A	MAP_ONLY	default.junit_unparted,

Input(s):
Successfully read 11 records from: "/home/alex/Repositories/hive/hcatalog/hcatalog-pig-adapter/build/test/data/org.apache.hive.hcatalog.mapreduce.HCatBaseTest-1713980564272/input.data"

Output(s):
Successfully stored 11 records in: "default.junit_unparted"

Counters:
Total records written : 11
Total bytes written : 0
Spillable Memory Manager spill count : 0
Total bags proactively spilled: 0
Total records proactively spilled: 0

Job DAG:
job_local1595128324_0025


2024-04-24T10:43:15,405  WARN [main] impl.MetricsSystemImpl: JobTracker metrics system already initialized!
2024-04-24T10:43:15,408  WARN [main] impl.MetricsSystemImpl: JobTracker metrics system already initialized!
2024-04-24T10:43:15,409  INFO [main] mapReduceLayer.MapReduceLauncher: Success!
2024-04-24T10:43:15,444  WARN [main] conf.HiveConf: HiveConf of name hive.dummyparam.test.server.specific.config.override does not exist
2024-04-24T10:43:15,444  WARN [main] conf.HiveConf: HiveConf of name hive.metastore.metadb.dir does not exist
2024-04-24T10:43:15,444  WARN [main] conf.HiveConf: HiveConf of name hive.dummyparam.test.server.specific.config.metastoresite does not exist
2024-04-24T10:43:15,444  WARN [main] conf.HiveConf: HiveConf of name hive.metastore.client.cache.recordStats does not exist
2024-04-24T10:43:15,444  WARN [main] conf.HiveConf: HiveConf of name hive.llap.io.cache.orc.alloc.min does not exist
2024-04-24T10:43:15,444  WARN [main] conf.HiveConf: HiveConf of name hive.llap.io.cache.orc.size does not exist
2024-04-24T10:43:15,444  WARN [main] conf.HiveConf: HiveConf of name hive.llap.io.cache.orc.alloc.max does not exist
2024-04-24T10:43:15,444  WARN [main] conf.HiveConf: HiveConf of name hive.dummyparam.test.server.specific.config.hivesite does not exist
2024-04-24T10:43:15,444  WARN [main] conf.HiveConf: HiveConf of name hive.metastore.client.cache.maxSize does not exist
2024-04-24T10:43:15,444  WARN [main] conf.HiveConf: HiveConf of name hive.stats.key.prefix.reserve.length does not exist
2024-04-24T10:43:15,445  WARN [main] conf.HiveConf: HiveConf of name hive.llap.io.cache.orc.arena.size does not exist
2024-04-24T10:43:15,445  INFO [main] HiveMetaStore.audit: ugi=alex	ip=unknown-ip-addr	cmd=get_databases: @hive#NonExistentDatabaseUsedForHealthCheck	
2024-04-24T10:43:15,448  INFO [main] HiveMetaStore.audit: ugi=alex	ip=unknown-ip-addr	cmd=get_table : tbl=hive.default.junit_unparted	
2024-04-24T10:43:15,461  INFO [main] metastore.HMSHandler: Skipping translation for processor with null
2024-04-24T10:43:15,478  WARN [main] conf.HiveConf: HiveConf of name hive.llap.io.cache.orc.size does not exist
2024-04-24T10:43:15,478  WARN [main] conf.HiveConf: HiveConf of name hive.llap.io.cache.orc.alloc.max does not exist
2024-04-24T10:43:15,478  WARN [main] conf.HiveConf: HiveConf of name hive.metastore.client.cache.recordStats does not exist
2024-04-24T10:43:15,478  WARN [main] conf.HiveConf: HiveConf of name hive.dummyparam.test.server.specific.config.hivesite does not exist
2024-04-24T10:43:15,478  WARN [main] conf.HiveConf: HiveConf of name hive.dummyparam.test.server.specific.config.metastoresite does not exist
2024-04-24T10:43:15,478  WARN [main] conf.HiveConf: HiveConf of name hive.llap.io.cache.orc.arena.size does not exist
2024-04-24T10:43:15,478  WARN [main] conf.HiveConf: HiveConf of name hive.stats.key.prefix.reserve.length does not exist
2024-04-24T10:43:15,478  WARN [main] conf.HiveConf: HiveConf of name hive.metastore.metadb.dir does not exist
2024-04-24T10:43:15,478  WARN [main] conf.HiveConf: HiveConf of name hive.llap.io.cache.orc.alloc.min does not exist
2024-04-24T10:43:15,478  WARN [main] conf.HiveConf: HiveConf of name hive.metastore.client.cache.maxSize does not exist
2024-04-24T10:43:15,478  WARN [main] conf.HiveConf: HiveConf of name hive.dummyparam.test.server.specific.config.override does not exist
2024-04-24T10:43:15,479  INFO [main] HiveMetaStore.audit: ugi=alex	ip=unknown-ip-addr	cmd=get_databases: @hive#NonExistentDatabaseUsedForHealthCheck	
2024-04-24T10:43:15,482  INFO [main] HiveMetaStore.audit: ugi=alex	ip=unknown-ip-addr	cmd=get_table : tbl=hive.default.junit_unparted	
2024-04-24T10:43:15,494  INFO [main] metastore.HMSHandler: Skipping translation for processor with null
2024-04-24T10:43:15,496  INFO [main] pigstats.ScriptState: Pig features used in the script: UNKNOWN
2024-04-24T10:43:15,503  WARN [main] data.SchemaTupleBackend: SchemaTupleBackend has already been initialized
2024-04-24T10:43:15,503  INFO [main] optimizer.LogicalPlanOptimizer: {RULES_ENABLED=[AddForEach, ColumnMapKeyPrune, ConstantCalculator, GroupByConstParallelSetter, LimitOptimizer, LoadTypeCastInserter, MergeFilter, MergeForEach, PartitionFilterOptimizer, PredicatePushdownOptimizer, PushDownForEachFlatten, PushUpFilter, SplitFilter, StreamTypeCastInserter]}
2024-04-24T10:43:15,504  INFO [main] mapReduceLayer.MRCompiler: File concatenation threshold: 100 optimistic? false
2024-04-24T10:43:15,504  INFO [main] mapReduceLayer.MultiQueryOptimizer: MR plan size before optimization: 1
2024-04-24T10:43:15,504  INFO [main] mapReduceLayer.MultiQueryOptimizer: MR plan size after optimization: 1
2024-04-24T10:43:15,510  WARN [main] impl.MetricsSystemImpl: JobTracker metrics system already initialized!
2024-04-24T10:43:15,511  INFO [main] mapreduce.MRScriptState: Pig script settings are added to the job
2024-04-24T10:43:15,511  INFO [main] mapReduceLayer.JobControlCompiler: mapred.job.reduce.markreset.buffer.percent is not set, set to default 0.3
2024-04-24T10:43:15,523  WARN [main] conf.HiveConf: HiveConf of name hive.dummyparam.test.server.specific.config.override does not exist
2024-04-24T10:43:15,523  WARN [main] conf.HiveConf: HiveConf of name hive.llap.io.cache.orc.alloc.max does not exist
2024-04-24T10:43:15,523  WARN [main] conf.HiveConf: HiveConf of name hive.dummyparam.test.server.specific.config.metastoresite does not exist
2024-04-24T10:43:15,523  WARN [main] conf.HiveConf: HiveConf of name hive.llap.io.cache.orc.arena.size does not exist
2024-04-24T10:43:15,524  WARN [main] conf.HiveConf: HiveConf of name hive.llap.io.cache.orc.alloc.min does not exist
2024-04-24T10:43:15,524  WARN [main] conf.HiveConf: HiveConf of name hive.stats.key.prefix.reserve.length does not exist
2024-04-24T10:43:15,524  WARN [main] conf.HiveConf: HiveConf of name hive.llap.io.cache.orc.size does not exist
2024-04-24T10:43:15,524  WARN [main] conf.HiveConf: HiveConf of name hive.metastore.client.cache.maxSize does not exist
2024-04-24T10:43:15,524  WARN [main] conf.HiveConf: HiveConf of name hive.metastore.metadb.dir does not exist
2024-04-24T10:43:15,524  WARN [main] conf.HiveConf: HiveConf of name hive.metastore.client.cache.recordStats does not exist
2024-04-24T10:43:15,524  WARN [main] conf.HiveConf: HiveConf of name hive.dummyparam.test.server.specific.config.hivesite does not exist
2024-04-24T10:43:15,524  INFO [main] common.HCatUtil: mapreduce.lib.hcatoutput.hive.conf not set. Generating configuration differences.
2024-04-24T10:43:15,525  INFO [main] common.HCatUtil: Configuration differences={datanucleus.connectionPool.maxPoolSize=4, test.property1=value1, javax.jdo.option.ConnectionUserName=APP, hive.stats.column.autogather=true, hive.llap.io.cache.orc.alloc.max=2097152, hive.query.results.cache.enabled=false, fs.pfile.impl=org.apache.hadoop.fs.ProxyLocalFileSystem, hive.querylog.location=${test.tmp.dir}/tmp, hive.llap.io.use.lrfu=true, hive.metastore.rawstore.impl=org.apache.hadoop.hive.metastore.ObjectStore, javax.jdo.option.ConnectionPassword=mine, hive.jar.path=${maven.local.repository}/org/apache/hive/hive-exec/${hive.version}/hive-exec-${hive.version}.jar, hive.default.rcfile.serde=org.apache.hadoop.hive.serde2.columnar.ColumnarSerDe, test.data.scripts=${hive.root}/data/scripts, datanucleus.schema.autoCreateAll=true, hive.users.in.admin.role=hive_admin_user, hive.llap.io.cache.orc.size=8388608, hive.dummyparam.test.server.specific.config.hivesite=from.hive-site.xml, test.var.hiveconf.property=${hive.exec.default.partition.name}, hive.exec.mode.local.auto=false, hive.materializedview.rewriting=true, hive.dummyparam.test.server.specific.config.override=from.hive-site.xml, hive.metastore.metadb.dir=file://${test.tmp.dir}/metadb/, hive.fetch.task.conversion=minimal, hive.conf.restricted.list=dummy.config.value, hive.server2.operation.log.purgePolicy.timeToLive=5s, hive.query.reexecution.stats.persist.scope=query, hive.cbo.fallback.strategy=TEST, hive.input.format=org.apache.hadoop.hive.ql.io.CombineHiveInputFormat, hive.security.authorization.manager=org.apache.hadoop.hive.ql.security.authorization.plugin.sqlstd.SQLStdHiveAuthorizerFactoryForTest, test.data.files=${hive.root}/data/files, hive.metastore.client.cache.enabled=true, hive.stats.key.prefix.reserve.length=0, hive.exec.local.scratchdir=${test.tmp.dir}/localscratchdir/, hive.exec.submit.local.task.via.child=false, hive.auto.convert.join=false, hive.llap.io.cache.orc.alloc.min=32768, hive.stats.fetch.bitvector=true, hive.llap.io.allocator.direct=false, hive.metastore.schema.verification=false, javax.jdo.option.ConnectionDriverName=org.apache.derby.jdbc.EmbeddedDriver, hive.in.test=true, hive.support.concurrency=true, hive.metastore.warehouse.dir=${test.warehouse.dir}, hive.llap.io.cache.orc.arena.size=8388608, hive.exec.scratchdir=${test.tmp.dir}/scratchdir, test.log.dir=${test.tmp.dir}/log/, hive.exec.post.hooks=org.apache.hadoop.hive.ql.hooks.PostExecutePrinter, javax.jdo.option.ConnectionURL=jdbc:derby:memory:${test.tmp.dir}/junit_metastore_db;create=true, hive.llap.cache.allow.synthetic.fileid=true, hive.scheduled.queries.executor.enabled=false, hive.ignore.mapjoin.hint=false, hive.metastore.client.cache.maxSize=10Mb, hive.metastore.client.cache.recordStats=true, hive.mapjoin.max.gc.time.percentage=0.99, hive.test.dummystats.aggregator=value2, hive.exec.pre.hooks=org.apache.hadoop.hive.ql.hooks.PreExecutePrinter, org.apache.hadoop.hive.ql.hooks.EnforceReadOnlyTables, org.apache.hadoop.hive.ql.hooks.MaterializedViewRegistryPropertiesHook, hive.strict.timestamp.conversion=false, iceberg.hive.keep.stats=true}
2024-04-24T10:43:15,525  INFO [main] HiveMetaStore.audit: ugi=alex	ip=unknown-ip-addr	cmd=get_databases: @hive#NonExistentDatabaseUsedForHealthCheck	
2024-04-24T10:43:15,528  INFO [main] HiveMetaStore.audit: ugi=alex	ip=unknown-ip-addr	cmd=get_table : tbl=hive.default.junit_unparted	
2024-04-24T10:43:15,537  INFO [main] metastore.HMSHandler: Skipping translation for processor with null
2024-04-24T10:43:15,537  INFO [main] HiveMetaStore.audit: ugi=alex	ip=unknown-ip-addr	cmd=get_partitions_by_filter : tbl=hive.default.junit_unparted	
2024-04-24T10:43:15,577  INFO [main] mapReduceLayer.JobControlCompiler: Setting up single store job
2024-04-24T10:43:15,581  INFO [main] mapReduceLayer.MapReduceLauncher: 1 map-reduce job(s) waiting for submission.
2024-04-24T10:43:15,583  WARN [JobControl] impl.MetricsSystemImpl: JobTracker metrics system already initialized!
2024-04-24T10:43:15,590  WARN [JobControl] mapreduce.JobResourceUploader: Hadoop command-line option parsing not performed. Implement the Tool interface and execute your application with ToolRunner to remedy this.
2024-04-24T10:43:15,594  WARN [JobControl] mapreduce.JobResourceUploader: No job jar file set.  User classes may not be found. See Job or Job#setJar(String).
2024-04-24T10:43:15,597  INFO [JobControl] common.HCatUtil: mapreduce.lib.hcatoutput.hive.conf is set. Using differences={hive.metastore.metadb.dir=file://${test.tmp.dir}/metadb/, hive.llap.io.cache.orc.size=8388608, hive.default.rcfile.serde=org.apache.hadoop.hive.serde2.columnar.ColumnarSerDe, hive.mapjoin.max.gc.time.percentage=0.99, hive.dummyparam.test.server.specific.config.hivesite=from.hive-site.xml, hive.stats.key.prefix.reserve.length=0, hive.server2.operation.log.purgePolicy.timeToLive=5s, hive.test.dummystats.aggregator=value2, hive.users.in.admin.role=hive_admin_user, iceberg.hive.keep.stats=true, hive.jar.path=${maven.local.repository}/org/apache/hive/hive-exec/${hive.version}/hive-exec-${hive.version}.jar, hive.exec.submit.local.task.via.child=false, hive.auto.convert.join=false, hive.query.reexecution.stats.persist.scope=query, hive.input.format=org.apache.hadoop.hive.ql.io.CombineHiveInputFormat, javax.jdo.option.ConnectionURL=jdbc:derby:memory:${test.tmp.dir}/junit_metastore_db;create=true, test.log.dir=${test.tmp.dir}/log/, hive.cbo.fallback.strategy=TEST, hive.exec.mode.local.auto=false, hive.support.concurrency=true, javax.jdo.option.ConnectionUserName=APP, hive.ignore.mapjoin.hint=false, hive.exec.pre.hooks=org.apache.hadoop.hive.ql.hooks.PreExecutePrinter, org.apache.hadoop.hive.ql.hooks.EnforceReadOnlyTables, org.apache.hadoop.hive.ql.hooks.MaterializedViewRegistryPropertiesHook, datanucleus.connectionPool.maxPoolSize=4, hive.strict.timestamp.conversion=false, datanucleus.schema.autoCreateAll=true, test.data.files=${hive.root}/data/files, javax.jdo.option.ConnectionDriverName=org.apache.derby.jdbc.EmbeddedDriver, hive.stats.fetch.bitvector=true, hive.security.authorization.manager=org.apache.hadoop.hive.ql.security.authorization.plugin.sqlstd.SQLStdHiveAuthorizerFactoryForTest, hive.conf.restricted.list=dummy.config.value, hive.exec.scratchdir=${test.tmp.dir}/scratchdir, test.property1=value1, hive.llap.io.cache.orc.alloc.max=2097152, hive.metastore.warehouse.dir=${test.warehouse.dir}, hive.fetch.task.conversion=minimal, test.data.scripts=${hive.root}/data/scripts, hive.metastore.client.cache.maxSize=10Mb, hive.metastore.schema.verification=false, hive.query.results.cache.enabled=false, test.var.hiveconf.property=${hive.exec.default.partition.name}, hive.querylog.location=${test.tmp.dir}/tmp, hive.llap.io.cache.orc.alloc.min=32768, hive.llap.io.allocator.direct=false, hive.stats.column.autogather=true, hive.llap.cache.allow.synthetic.fileid=true, javax.jdo.option.ConnectionPassword=mine, hive.metastore.client.cache.recordStats=true, hive.llap.io.cache.orc.arena.size=8388608, hive.scheduled.queries.executor.enabled=false, hive.exec.local.scratchdir=${test.tmp.dir}/localscratchdir/, hive.metastore.rawstore.impl=org.apache.hadoop.hive.metastore.ObjectStore, hive.llap.io.use.lrfu=true, hive.exec.post.hooks=org.apache.hadoop.hive.ql.hooks.PostExecutePrinter, fs.pfile.impl=org.apache.hadoop.fs.ProxyLocalFileSystem, hive.in.test=true, hive.metastore.client.cache.enabled=true, hive.materializedview.rewriting=true, hive.dummyparam.test.server.specific.config.override=from.hive-site.xml}
2024-04-24T10:43:15,600  INFO [JobControl] mapred.FileInputFormat: Total input files to process : 1
2024-04-24T10:43:15,601  INFO [JobControl] util.MapRedUtil: Total input paths (combined) to process : 1
2024-04-24T10:43:15,617  INFO [JobControl] mapreduce.JobSubmitter: number of splits:1
2024-04-24T10:43:15,630  INFO [JobControl] mapreduce.JobSubmitter: Submitting tokens for job: job_local1344186619_0026
2024-04-24T10:43:15,630  INFO [JobControl] mapreduce.JobSubmitter: Executing with tokens: []
2024-04-24T10:43:15,672  INFO [JobControl] mapreduce.Job: The url to track the job: http://localhost:8080/
2024-04-24T10:43:15,673  INFO [Thread-1311] mapred.LocalJobRunner: OutputCommitter set in config null
2024-04-24T10:43:15,676  INFO [Thread-1311] output.FileOutputCommitter: File Output Committer Algorithm version is 2
2024-04-24T10:43:15,676  INFO [Thread-1311] output.FileOutputCommitter: FileOutputCommitter skip cleanup _temporary folders under output directory:false, ignore cleanup failures: false
2024-04-24T10:43:15,676  INFO [Thread-1311] mapred.LocalJobRunner: OutputCommitter is org.apache.pig.backend.hadoop.executionengine.mapReduceLayer.PigOutputCommitter
2024-04-24T10:43:15,685  INFO [Thread-1311] mapred.LocalJobRunner: Waiting for map tasks
2024-04-24T10:43:15,685  INFO [LocalJobRunner Map Task Executor #0] mapred.LocalJobRunner: Starting task: attempt_local1344186619_0026_m_000000_0
2024-04-24T10:43:15,690  INFO [LocalJobRunner Map Task Executor #0] output.FileOutputCommitter: File Output Committer Algorithm version is 2
2024-04-24T10:43:15,690  INFO [LocalJobRunner Map Task Executor #0] output.FileOutputCommitter: FileOutputCommitter skip cleanup _temporary folders under output directory:false, ignore cleanup failures: false
2024-04-24T10:43:15,691  INFO [LocalJobRunner Map Task Executor #0] mapred.Task:  Using ResourceCalculatorProcessTree : [ ]
2024-04-24T10:43:15,691  INFO [LocalJobRunner Map Task Executor #0] mapred.MapTask: Processing split: Number of splits :1
Total Length = 87
Input split[0]:
   Length = 87
   ClassName: org.apache.hive.hcatalog.mapreduce.HCatSplit
   Locations:

-----------------------

2024-04-24T10:43:15,694  INFO [LocalJobRunner Map Task Executor #0] mapReduceLayer.PigRecordReader: Current split being processed org.apache.hive.hcatalog.mapreduce.HCatSplit@74541541
2024-04-24T10:43:15,696  INFO [LocalJobRunner Map Task Executor #0] output.FileOutputCommitter: File Output Committer Algorithm version is 2
2024-04-24T10:43:15,696  INFO [LocalJobRunner Map Task Executor #0] output.FileOutputCommitter: FileOutputCommitter skip cleanup _temporary folders under output directory:false, ignore cleanup failures: false
2024-04-24T10:43:15,706  INFO [LocalJobRunner Map Task Executor #0] mapreduce.InternalUtil: Initializing org.apache.hadoop.hive.serde2.columnar.ColumnarSerDe with properties {name=default.junit_unparted, columns.types=int, serialization.format=1, columns=a, columns.comments=null, bucketing_version=2, serialization.lib=org.apache.hadoop.hive.serde2.columnar.ColumnarSerDe, column.name.delimiter=,, serialization.null.format=\N, transient_lastDdlTime=1713980594}
2024-04-24T10:43:15,706  INFO [LocalJobRunner Map Task Executor #0] util.SpillableMemoryManager: Selected heap (PS Old Gen) of size 1431830528 to monitor. collectionUsageThreshold = 1064828928, usageThreshold = 1064828928
2024-04-24T10:43:15,706  WARN [LocalJobRunner Map Task Executor #0] data.SchemaTupleBackend: SchemaTupleBackend has already been initialized
2024-04-24T10:43:15,707  INFO [LocalJobRunner Map Task Executor #0] mapReduceLayer.PigMapOnly$Map: Aliases being processed per job phase (AliasName[line,offset]): M: B[3,4] C:  R: 
2024-04-24T10:43:15,707  INFO [LocalJobRunner Map Task Executor #0] mapred.LocalJobRunner: 
2024-04-24T10:43:15,708  INFO [LocalJobRunner Map Task Executor #0] mapred.Task: Task:attempt_local1344186619_0026_m_000000_0 is done. And is in the process of committing
2024-04-24T10:43:15,709  INFO [LocalJobRunner Map Task Executor #0] mapred.LocalJobRunner: 
2024-04-24T10:43:15,709  INFO [LocalJobRunner Map Task Executor #0] mapred.Task: Task attempt_local1344186619_0026_m_000000_0 is allowed to commit now
2024-04-24T10:43:15,711  INFO [LocalJobRunner Map Task Executor #0] output.FileOutputCommitter: Saved output of task 'attempt_local1344186619_0026_m_000000_0' to file:/home/alex/Repositories/hive/hcatalog/hcatalog-pig-adapter/target/tmp/HCatBaseTest_1713980578091/pig/temp/temp-393187116/tmp-1799400083
2024-04-24T10:43:15,712  INFO [LocalJobRunner Map Task Executor #0] mapred.LocalJobRunner: file:/home/alex/Repositories/hive/hcatalog/hcatalog-pig-adapter/build/test/data/org.apache.hive.hcatalog.mapreduce.HCatBaseTest-1713980564272/warehouse/junit_unparted/b=1/part-m-00000:0+87
2024-04-24T10:43:15,712  INFO [LocalJobRunner Map Task Executor #0] mapred.Task: Task 'attempt_local1344186619_0026_m_000000_0' done.
2024-04-24T10:43:15,712  INFO [LocalJobRunner Map Task Executor #0] mapred.Task: Final Counters for attempt_local1344186619_0026_m_000000_0: Counters: 15
	File System Counters
		FILE: Number of bytes read=33437
		FILE: Number of bytes written=14805875
		FILE: Number of read operations=0
		FILE: Number of large read operations=0
		FILE: Number of write operations=0
	Map-Reduce Framework
		Map input records=11
		Map output records=11
		Input split bytes=2102
		Spilled Records=0
		Failed Shuffles=0
		Merged Map outputs=0
		GC time elapsed (ms)=0
		Total committed heap usage (bytes)=1016594432
	File Input Format Counters 
		Bytes Read=0
	File Output Format Counters 
		Bytes Written=0
2024-04-24T10:43:15,712  INFO [LocalJobRunner Map Task Executor #0] mapred.LocalJobRunner: Finishing task: attempt_local1344186619_0026_m_000000_0
2024-04-24T10:43:15,712  INFO [Thread-1311] mapred.LocalJobRunner: map task executor complete.
2024-04-24T10:43:15,874  INFO [main] mapReduceLayer.MapReduceLauncher: HadoopJobId: job_local1344186619_0026
2024-04-24T10:43:15,874  INFO [main] mapReduceLayer.MapReduceLauncher: Processing aliases B
2024-04-24T10:43:15,874  INFO [main] mapReduceLayer.MapReduceLauncher: detailed locations: M: B[3,4] C:  R: 
2024-04-24T10:43:15,882  WARN [main] impl.MetricsSystemImpl: JobTracker metrics system already initialized!
2024-04-24T10:43:15,889  WARN [main] impl.MetricsSystemImpl: JobTracker metrics system already initialized!
2024-04-24T10:43:15,896  WARN [main] impl.MetricsSystemImpl: JobTracker metrics system already initialized!
2024-04-24T10:43:15,902  INFO [main] mapReduceLayer.MapReduceLauncher: 100% complete
2024-04-24T10:43:15,902  INFO [main] mapreduce.SimplePigStats: Script Statistics: 

HadoopVersion	PigVersion	UserId	StartedAt	FinishedAt	Features
3.1.0	0.16.0	alex	2024-04-24 10:43:15	2024-04-24 10:43:15	UNKNOWN

Success!

Job Stats (time in seconds):
JobId	Maps	Reduces	MaxMapTime	MinMapTime	AvgMapTime	MedianMapTime	MaxReduceTime	MinReduceTime	AvgReduceTime	MedianReducetime	Alias	Feature	Outputs
job_local1344186619_0026	1	0	n/a	n/a	n/a	n/a	0	0	0	0	B	MAP_ONLY	file:/home/alex/Repositories/hive/hcatalog/hcatalog-pig-adapter/target/tmp/HCatBaseTest_1713980578091/pig/temp/temp-393187116/tmp-1799400083,

Input(s):
Successfully read 11 records from: "default.junit_unparted"

Output(s):
Successfully stored 11 records in: "file:/home/alex/Repositories/hive/hcatalog/hcatalog-pig-adapter/target/tmp/HCatBaseTest_1713980578091/pig/temp/temp-393187116/tmp-1799400083"

Counters:
Total records written : 11
Total bytes written : 0
Spillable Memory Manager spill count : 0
Total bags proactively spilled: 0
Total records proactively spilled: 0

Job DAG:
job_local1344186619_0026


2024-04-24T10:43:15,907  WARN [main] impl.MetricsSystemImpl: JobTracker metrics system already initialized!
2024-04-24T10:43:15,914  WARN [main] impl.MetricsSystemImpl: JobTracker metrics system already initialized!
2024-04-24T10:43:15,917  INFO [main] mapReduceLayer.MapReduceLauncher: Success!
2024-04-24T10:43:15,918  WARN [main] data.SchemaTupleBackend: SchemaTupleBackend has already been initialized
2024-04-24T10:43:15,927  INFO [main] input.FileInputFormat: Total input files to process : 1
2024-04-24T10:43:15,927  INFO [main] util.MapRedUtil: Total input paths to process : 1
2024-04-24T10:43:15,928  INFO [main] HiveMetaStore.audit: ugi=alex	ip=unknown-ip-addr	cmd=get_table : tbl=hive.default.junit_unparted	
2024-04-24T10:43:15,938  INFO [main] metastore.HMSHandler: Skipping translation for processor with null
]]></system-err>
  </testcase>
  <testcase name="testWriteChar" classname="org.apache.hive.hcatalog.pig.TestRCFileHCatStorer" time="4.56"/>
  <testcase name="testWriteDate" classname="org.apache.hive.hcatalog.pig.TestRCFileHCatStorer" time="6.441"/>
  <testcase name="testWriteSmallint" classname="org.apache.hive.hcatalog.pig.TestRCFileHCatStorer" time="3.081"/>
  <testcase name="testDynamicPartitioningMultiPartColsNoDataInDataNoSpec" classname="org.apache.hive.hcatalog.pig.TestRCFileHCatStorer" time="0.945"/>
  <testcase name="testWriteVarchar" classname="org.apache.hive.hcatalog.pig.TestRCFileHCatStorer" time="4.236"/>
  <testcase name="testBagNStruct" classname="org.apache.hive.hcatalog.pig.TestRCFileHCatStorer" time="1.229"/>
  <testcase name="testStaticPartitioningMultiPartCols" classname="org.apache.hive.hcatalog.pig.TestRCFileHCatStorer" time="1.123"/>
  <testcase name="testPartColsInData" classname="org.apache.hive.hcatalog.pig.TestRCFileHCatStorer" time="1.364"/>
  <testcase name="testStoreWithNoCtorArgs" classname="org.apache.hive.hcatalog.pig.TestRCFileHCatStorer" time="1.086"/>
  <testcase name="testWriteDecimalX" classname="org.apache.hive.hcatalog.pig.TestRCFileHCatStorer" time="3.118"/>
  <testcase name="testDateCharTypes" classname="org.apache.hive.hcatalog.pig.TestRCFileHCatStorer" time="1.297"/>
  <testcase name="testPartitionPublish" classname="org.apache.hive.hcatalog.pig.TestRCFileHCatStorer" time="0.663"/>
  <testcase name="testWriteDecimal" classname="org.apache.hive.hcatalog.pig.TestRCFileHCatStorer" time="3.025"/>
  <testcase name="testMultiPartColsInData" classname="org.apache.hive.hcatalog.pig.TestRCFileHCatStorer" time="1.663">
    <failure message="expected:&lt;1&gt; but was:&lt;5&gt;" type="java.lang.AssertionError"><![CDATA[java.lang.AssertionError: expected:<1> but was:<5>
	at org.junit.Assert.fail(Assert.java:89)
	at org.junit.Assert.failNotEquals(Assert.java:835)
	at org.junit.Assert.assertEquals(Assert.java:647)
	at org.junit.Assert.assertEquals(Assert.java:633)
	at org.apache.hive.hcatalog.pig.AbstractHCatStorerTest.testMultiPartColsInData(AbstractHCatStorerTest.java:491)
	at sun.reflect.NativeMethodAccessorImpl.invoke0(Native Method)
	at sun.reflect.NativeMethodAccessorImpl.invoke(NativeMethodAccessorImpl.java:62)
	at sun.reflect.DelegatingMethodAccessorImpl.invoke(DelegatingMethodAccessorImpl.java:43)
	at java.lang.reflect.Method.invoke(Method.java:498)
	at org.junit.runners.model.FrameworkMethod$1.runReflectiveCall(FrameworkMethod.java:59)
	at org.junit.internal.runners.model.ReflectiveCallable.run(ReflectiveCallable.java:12)
	at org.junit.runners.model.FrameworkMethod.invokeExplosively(FrameworkMethod.java:56)
	at org.junit.internal.runners.statements.InvokeMethod.evaluate(InvokeMethod.java:17)
	at org.junit.internal.runners.statements.RunBefores.evaluate(RunBefores.java:26)
	at org.junit.runners.ParentRunner$3.evaluate(ParentRunner.java:306)
	at org.junit.runners.BlockJUnit4ClassRunner$1.evaluate(BlockJUnit4ClassRunner.java:100)
	at org.junit.runners.ParentRunner.runLeaf(ParentRunner.java:366)
	at org.junit.runners.BlockJUnit4ClassRunner.runChild(BlockJUnit4ClassRunner.java:103)
	at org.junit.runners.BlockJUnit4ClassRunner.runChild(BlockJUnit4ClassRunner.java:63)
	at org.junit.runners.ParentRunner$4.run(ParentRunner.java:331)
	at org.junit.runners.ParentRunner$1.schedule(ParentRunner.java:79)
	at org.junit.runners.ParentRunner.runChildren(ParentRunner.java:329)
	at org.junit.runners.ParentRunner.access$100(ParentRunner.java:66)
	at org.junit.runners.ParentRunner$2.evaluate(ParentRunner.java:293)
	at org.junit.internal.runners.statements.RunBefores.evaluate(RunBefores.java:26)
	at org.junit.runners.ParentRunner$3.evaluate(ParentRunner.java:306)
	at org.junit.runners.ParentRunner.run(ParentRunner.java:413)
	at org.junit.runners.Suite.runChild(Suite.java:128)
	at org.junit.runners.Suite.runChild(Suite.java:27)
	at org.junit.runners.ParentRunner$4.run(ParentRunner.java:331)
	at org.junit.runners.ParentRunner$1.schedule(ParentRunner.java:79)
	at org.junit.runners.ParentRunner.runChildren(ParentRunner.java:329)
	at org.junit.runners.ParentRunner.access$100(ParentRunner.java:66)
	at org.junit.runners.ParentRunner$2.evaluate(ParentRunner.java:293)
	at org.junit.runners.ParentRunner$3.evaluate(ParentRunner.java:306)
	at org.junit.runners.ParentRunner.run(ParentRunner.java:413)
	at org.apache.maven.surefire.junitcore.JUnitCore.run(JUnitCore.java:55)
	at org.apache.maven.surefire.junitcore.JUnitCoreWrapper.createRequestAndRun(JUnitCoreWrapper.java:137)
	at org.apache.maven.surefire.junitcore.JUnitCoreWrapper.executeEager(JUnitCoreWrapper.java:107)
	at org.apache.maven.surefire.junitcore.JUnitCoreWrapper.execute(JUnitCoreWrapper.java:83)
	at org.apache.maven.surefire.junitcore.JUnitCoreWrapper.execute(JUnitCoreWrapper.java:75)
	at org.apache.maven.surefire.junitcore.JUnitCoreProvider.invoke(JUnitCoreProvider.java:158)
	at org.apache.maven.surefire.booter.ForkedBooter.runSuitesInProcess(ForkedBooter.java:377)
	at org.apache.maven.surefire.booter.ForkedBooter.execute(ForkedBooter.java:138)
	at org.apache.maven.surefire.booter.ForkedBooter.run(ForkedBooter.java:465)
	at org.apache.maven.surefire.booter.ForkedBooter.main(ForkedBooter.java:451)
]]></failure>
    <system-out><![CDATA[log4j: Could not find root logger information. Is this OK?
log4j: Finished configuring.
]]></system-out>
    <system-err><![CDATA[2024-04-24T10:43:48,173  WARN [main] conf.HiveConf: HiveConf of name hive.llap.io.cache.orc.size does not exist
2024-04-24T10:43:48,173  WARN [main] conf.HiveConf: HiveConf of name hive.dummyparam.test.server.specific.config.metastoresite does not exist
2024-04-24T10:43:48,173  WARN [main] conf.HiveConf: HiveConf of name hive.metastore.metadb.dir does not exist
2024-04-24T10:43:48,173  WARN [main] conf.HiveConf: HiveConf of name hive.metastore.client.cache.recordStats does not exist
2024-04-24T10:43:48,173  WARN [main] conf.HiveConf: HiveConf of name hive.metastore.client.cache.maxSize does not exist
2024-04-24T10:43:48,173  WARN [main] conf.HiveConf: HiveConf of name hive.dummyparam.test.server.specific.config.override does not exist
2024-04-24T10:43:48,173  WARN [main] conf.HiveConf: HiveConf of name hive.dummyparam.test.server.specific.config.hivesite does not exist
2024-04-24T10:43:48,173  WARN [main] conf.HiveConf: HiveConf of name hive.llap.io.cache.orc.alloc.min does not exist
2024-04-24T10:43:48,173  WARN [main] conf.HiveConf: HiveConf of name hive.llap.io.cache.orc.arena.size does not exist
2024-04-24T10:43:48,173  WARN [main] conf.HiveConf: HiveConf of name hive.llap.io.cache.orc.alloc.max does not exist
2024-04-24T10:43:48,173  WARN [main] conf.HiveConf: HiveConf of name hive.stats.key.prefix.reserve.length does not exist
2024-04-24T10:43:48,175  INFO [main] metastore.HiveMetaStoreClient: HMS client filtering is enabled.
2024-04-24T10:43:48,175  INFO [main] metastore.PersistenceManagerProvider: Configuration datanucleus.autoStartMechanismMode is not set. Defaulting to 'ignored'
2024-04-24T10:43:48,175  INFO [main] metastore.ObjectStore: RawStore: org.apache.hadoop.hive.metastore.ObjectStore@6d51fc7b, with PersistenceManager: org.datanucleus.api.jdo.JDOPersistenceManager@1cc186 will be shutdown
2024-04-24T10:43:48,175  INFO [main] metastore.ObjectStore: RawStore: org.apache.hadoop.hive.metastore.ObjectStore@6d51fc7b, with PersistenceManager: org.datanucleus.api.jdo.JDOPersistenceManager@3ab81288 created in the thread with id: 1
2024-04-24T10:43:48,176  INFO [main] metastore.HMSHandler: HMS server filtering is disabled by configuration
Hive Session ID = bb847bdf-2cb7-4c28-bec7-79c6ccda528a
2024-04-24T10:43:48,177  INFO [main] SessionState: Hive Session ID = bb847bdf-2cb7-4c28-bec7-79c6ccda528a
ivysettings.xml file not found in HIVE_HOME or HIVE_CONF_DIR,file:/home/alex/.m2/repository/org/apache/pig/pig/0.16.0/pig-0.16.0-h2.jar!/ivysettings.xml will be used
2024-04-24T10:43:48,177  INFO [main] DependencyResolver: ivysettings.xml file not found in HIVE_HOME or HIVE_CONF_DIR,file:/home/alex/.m2/repository/org/apache/pig/pig/0.16.0/pig-0.16.0-h2.jar!/ivysettings.xml will be used
2024-04-24T10:43:48,182  INFO [main] session.SessionState: Created HDFS directory: /home/alex/Repositories/hive/hcatalog/hcatalog-pig-adapter/target/tmp/scratchdir/alex/bb847bdf-2cb7-4c28-bec7-79c6ccda528a
2024-04-24T10:43:48,184  INFO [main] session.SessionState: Created local directory: /home/alex/Repositories/hive/hcatalog/hcatalog-pig-adapter/target/tmp/localscratchdir/bb847bdf-2cb7-4c28-bec7-79c6ccda528a
2024-04-24T10:43:48,187  INFO [main] session.SessionState: Created HDFS directory: /home/alex/Repositories/hive/hcatalog/hcatalog-pig-adapter/target/tmp/scratchdir/alex/bb847bdf-2cb7-4c28-bec7-79c6ccda528a/_tmp_space.db
2024-04-24T10:43:48,187  INFO [main] ql.Driver: Compiling command(queryId=alex_20240424104348_843ac04a-199f-4929-bf14-c08758d73a34): drop table if exists employee
2024-04-24T10:43:48,188  INFO [main] HiveMetaStore.audit: ugi=alex	ip=unknown-ip-addr	cmd=get_table : tbl=hive.default.employee	
2024-04-24T10:43:48,190  INFO [main] ql.Driver: Semantic Analysis Completed (retrial = false)
2024-04-24T10:43:48,191  INFO [main] ql.Driver: Created Hive schema: Schema(fieldSchemas:null, properties:null)
2024-04-24T10:43:48,191  INFO [main] metadata.Hive: Dumping metastore api call timing information for : compilation phase
2024-04-24T10:43:48,191  INFO [main] metadata.Hive: Total time spent in each metastore function (ms): {isCompatibleWith_(Configuration)=0, flushCache_()=1}
2024-04-24T10:43:48,191  INFO [main] ql.Driver: Completed compiling command(queryId=alex_20240424104348_843ac04a-199f-4929-bf14-c08758d73a34); Time taken: 0.004 seconds
2024-04-24T10:43:48,191  INFO [main] reexec.ReExecDriver: Execution #1 of query
2024-04-24T10:43:48,191  INFO [main] ql.Driver: Concurrency mode is disabled, not creating a lock manager
2024-04-24T10:43:48,191  INFO [main] ql.Driver: Executing command(queryId=alex_20240424104348_843ac04a-199f-4929-bf14-c08758d73a34): drop table if exists employee
2024-04-24T10:43:48,191  INFO [main] ql.Driver: Starting task [Stage-0:DDL] in serial mode
2024-04-24T10:43:48,191  INFO [main] HiveMetaStore.audit: ugi=alex	ip=unknown-ip-addr	cmd=get_table : tbl=hive.default.employee	
2024-04-24T10:43:48,193  INFO [main] metadata.Hive: Dumping metastore api call timing information for : execution phase
2024-04-24T10:43:48,193  INFO [main] metadata.Hive: Total time spent in each metastore function (ms): {isCompatibleWith_(Configuration)=0}
2024-04-24T10:43:48,193  INFO [main] ql.Driver: Completed executing command(queryId=alex_20240424104348_843ac04a-199f-4929-bf14-c08758d73a34); Time taken: 0.002 seconds
2024-04-24T10:43:48,194  INFO [main] ql.Driver: Compiling command(queryId=alex_20240424104348_843ac04a-199f-4929-bf14-c08758d73a34): use default
2024-04-24T10:43:48,194  INFO [main] HiveMetaStore.audit: ugi=alex	ip=unknown-ip-addr	cmd=get_database: default	
2024-04-24T10:43:48,195  INFO [main] ql.Driver: Semantic Analysis Completed (retrial = false)
2024-04-24T10:43:48,195  INFO [main] ql.Driver: Created Hive schema: Schema(fieldSchemas:null, properties:null)
2024-04-24T10:43:48,195  INFO [main] metadata.Hive: Dumping metastore api call timing information for : compilation phase
2024-04-24T10:43:48,195  INFO [main] metadata.Hive: Total time spent in each metastore function (ms): {flushCache_()=0, getDatabase_(String)=1, isCompatibleWith_(Configuration)=0}
2024-04-24T10:43:48,195  INFO [main] ql.Driver: Completed compiling command(queryId=alex_20240424104348_843ac04a-199f-4929-bf14-c08758d73a34); Time taken: 0.001 seconds
2024-04-24T10:43:48,195  INFO [main] reexec.ReExecDriver: Execution #1 of query
2024-04-24T10:43:48,195  INFO [main] ql.Driver: Concurrency mode is disabled, not creating a lock manager
2024-04-24T10:43:48,195  INFO [main] ql.Driver: Executing command(queryId=alex_20240424104348_843ac04a-199f-4929-bf14-c08758d73a34): use default
2024-04-24T10:43:48,196  INFO [main] ql.Driver: Starting task [Stage-0:DDL] in serial mode
2024-04-24T10:43:48,196  INFO [main] HiveMetaStore.audit: ugi=alex	ip=unknown-ip-addr	cmd=get_database: default	
2024-04-24T10:43:48,196  INFO [main] HiveMetaStore.audit: ugi=alex	ip=unknown-ip-addr	cmd=get_database: default	
2024-04-24T10:43:48,197  INFO [main] metadata.Hive: Dumping metastore api call timing information for : execution phase
2024-04-24T10:43:48,197  INFO [main] metadata.Hive: Total time spent in each metastore function (ms): {isCompatibleWith_(Configuration)=0, getDatabase_(String)=1}
2024-04-24T10:43:48,197  INFO [main] ql.Driver: Completed executing command(queryId=alex_20240424104348_843ac04a-199f-4929-bf14-c08758d73a34); Time taken: 0.002 seconds
2024-04-24T10:43:48,198  INFO [main] ql.Driver: Compiling command(queryId=alex_20240424104348_843ac04a-199f-4929-bf14-c08758d73a34): create table employee(emp_id INT, emp_name STRING, emp_start_date STRING , emp_gender STRING) partitioned by (emp_country STRING , emp_state STRING) stored as RCFILE TBLPROPERTIES ('transactional'='false')
2024-04-24T10:43:48,198  INFO [main] parse.CalcitePlanner: Starting caching scope for: alex_20240424104348_843ac04a-199f-4929-bf14-c08758d73a34
2024-04-24T10:43:48,198  INFO [main] parse.CalcitePlanner: Starting Semantic Analysis
2024-04-24T10:43:48,199  INFO [main] sqlstd.SQLStdHiveAccessController: Created SQLStdHiveAccessController for session context : HiveAuthzSessionContext [sessionString=bb847bdf-2cb7-4c28-bec7-79c6ccda528a, clientType=HIVECLI]
2024-04-24T10:43:48,199  INFO [main] metastore.HiveMetaStoreClient: Mestastore configuration metastore.filter.hook changed from org.apache.hadoop.hive.metastore.DefaultMetaStoreFilterHookImpl to org.apache.hadoop.hive.ql.security.authorization.plugin.AuthorizationMetaStoreFilterHook
2024-04-24T10:43:48,199  INFO [main] HiveMetaStore.audit: ugi=alex	ip=unknown-ip-addr	cmd=Cleaning up thread local RawStore...	
2024-04-24T10:43:48,199  INFO [main] metastore.ObjectStore: RawStore: org.apache.hadoop.hive.metastore.ObjectStore@6d51fc7b, with PersistenceManager: org.datanucleus.api.jdo.JDOPersistenceManager@3ab81288 will be shutdown
2024-04-24T10:43:48,199  INFO [main] HiveMetaStore.audit: ugi=alex	ip=unknown-ip-addr	cmd=Done cleaning up thread local RawStore	
2024-04-24T10:43:48,199  INFO [main] metastore.HiveMetaStoreClient: Closed a connection to metastore, current connections: -92
2024-04-24T10:43:48,200  INFO [main] metastore.HiveMetaStoreClient: HMS client filtering is enabled.
2024-04-24T10:43:48,201  INFO [main] metastore.HMSHandler: 0: Opening raw store with implementation class:org.apache.hadoop.hive.metastore.ObjectStore
2024-04-24T10:43:48,201  INFO [main] metastore.PersistenceManagerProvider: Configuration datanucleus.autoStartMechanismMode is not set. Defaulting to 'ignored'
2024-04-24T10:43:48,202  INFO [main] metastore.ObjectStore: RawStore: org.apache.hadoop.hive.metastore.ObjectStore@20d534f5, with PersistenceManager: null will be shutdown
2024-04-24T10:43:48,202  INFO [main] metastore.ObjectStore: RawStore: org.apache.hadoop.hive.metastore.ObjectStore@20d534f5, with PersistenceManager: org.datanucleus.api.jdo.JDOPersistenceManager@73776e29 created in the thread with id: 1
2024-04-24T10:43:48,203  INFO [main] metastore.HMSHandler: Created RawStore: org.apache.hadoop.hive.metastore.ObjectStore@20d534f5 from thread id: 1
2024-04-24T10:43:48,203  INFO [main] metastore.HMSHandler: HMS server filtering is disabled by configuration
2024-04-24T10:43:48,203  INFO [main] metastore.RetryingMetaStoreClient: RetryingMetaStoreClient proxy=class org.apache.hadoop.hive.ql.metadata.SessionHiveMetaStoreClient ugi=alex (auth:SIMPLE) retries=1 delay=1 lifetime=0
2024-04-24T10:43:48,203  INFO [main] parse.CalcitePlanner: Creating table default.employee position=13
2024-04-24T10:43:48,204  INFO [main] metastore.HiveMetaStoreClient: HMS client filtering is enabled.
2024-04-24T10:43:48,204  INFO [main] metastore.PersistenceManagerProvider: Configuration datanucleus.autoStartMechanismMode is not set. Defaulting to 'ignored'
2024-04-24T10:43:48,204  INFO [main] metastore.ObjectStore: RawStore: org.apache.hadoop.hive.metastore.ObjectStore@20d534f5, with PersistenceManager: org.datanucleus.api.jdo.JDOPersistenceManager@73776e29 will be shutdown
2024-04-24T10:43:48,205  INFO [main] metastore.ObjectStore: RawStore: org.apache.hadoop.hive.metastore.ObjectStore@20d534f5, with PersistenceManager: org.datanucleus.api.jdo.JDOPersistenceManager@1593edd3 created in the thread with id: 1
2024-04-24T10:43:48,206  INFO [main] metastore.HMSHandler: HMS server filtering is disabled by configuration
2024-04-24T10:43:48,206  INFO [main] metastore.RetryingMetaStoreClient: RetryingMetaStoreClient proxy=class org.apache.hadoop.hive.ql.metadata.SessionHiveMetaStoreClient ugi=alex (auth:SIMPLE) retries=1 delay=1 lifetime=0
2024-04-24T10:43:48,206  INFO [main] HiveMetaStore.audit: ugi=alex	ip=unknown-ip-addr	cmd=get_database: default	
2024-04-24T10:43:48,207  INFO [main] parse.CalcitePlanner: Ending caching scope for: alex_20240424104348_843ac04a-199f-4929-bf14-c08758d73a34
2024-04-24T10:43:48,207  INFO [main] ql.Driver: Semantic Analysis Completed (retrial = false)
2024-04-24T10:43:48,207  INFO [main] ql.Driver: Created Hive schema: Schema(fieldSchemas:null, properties:null)
2024-04-24T10:43:48,207  INFO [main] metadata.Hive: Dumping metastore api call timing information for : compilation phase
2024-04-24T10:43:48,207  INFO [main] metadata.Hive: Total time spent in each metastore function (ms): {}
2024-04-24T10:43:48,207  INFO [main] ql.Driver: Completed compiling command(queryId=alex_20240424104348_843ac04a-199f-4929-bf14-c08758d73a34); Time taken: 0.009 seconds
2024-04-24T10:43:48,207  INFO [main] reexec.ReExecDriver: Execution #1 of query
2024-04-24T10:43:48,207  INFO [main] ql.Driver: Concurrency mode is disabled, not creating a lock manager
2024-04-24T10:43:48,207  INFO [main] ql.Driver: Executing command(queryId=alex_20240424104348_843ac04a-199f-4929-bf14-c08758d73a34): create table employee(emp_id INT, emp_name STRING, emp_start_date STRING , emp_gender STRING) partitioned by (emp_country STRING , emp_state STRING) stored as RCFILE TBLPROPERTIES ('transactional'='false')
2024-04-24T10:43:48,208  INFO [main] ql.Driver: Starting task [Stage-0:DDL] in serial mode
2024-04-24T10:43:48,208  INFO [main] metastore.HiveMetaStoreClient: Mestastore configuration metastore.filter.hook changed from org.apache.hadoop.hive.ql.security.authorization.plugin.AuthorizationMetaStoreFilterHook to org.apache.hadoop.hive.metastore.DefaultMetaStoreFilterHookImpl
2024-04-24T10:43:48,208  INFO [main] HiveMetaStore.audit: ugi=alex	ip=unknown-ip-addr	cmd=Cleaning up thread local RawStore...	
2024-04-24T10:43:48,208  INFO [main] metastore.ObjectStore: RawStore: org.apache.hadoop.hive.metastore.ObjectStore@20d534f5, with PersistenceManager: org.datanucleus.api.jdo.JDOPersistenceManager@1593edd3 will be shutdown
2024-04-24T10:43:48,208  INFO [main] HiveMetaStore.audit: ugi=alex	ip=unknown-ip-addr	cmd=Done cleaning up thread local RawStore	
2024-04-24T10:43:48,208  INFO [main] metastore.HiveMetaStoreClient: Closed a connection to metastore, current connections: -93
2024-04-24T10:43:48,209  INFO [main] metastore.HiveMetaStoreClient: HMS client filtering is enabled.
2024-04-24T10:43:48,210  INFO [main] metastore.HMSHandler: 0: Opening raw store with implementation class:org.apache.hadoop.hive.metastore.ObjectStore
2024-04-24T10:43:48,210  INFO [main] metastore.PersistenceManagerProvider: Configuration datanucleus.autoStartMechanismMode is not set. Defaulting to 'ignored'
2024-04-24T10:43:48,210  INFO [main] metastore.ObjectStore: RawStore: org.apache.hadoop.hive.metastore.ObjectStore@54ddac26, with PersistenceManager: null will be shutdown
2024-04-24T10:43:48,210  INFO [main] metastore.ObjectStore: RawStore: org.apache.hadoop.hive.metastore.ObjectStore@54ddac26, with PersistenceManager: org.datanucleus.api.jdo.JDOPersistenceManager@16f59770 created in the thread with id: 1
2024-04-24T10:43:48,211  INFO [main] metastore.HMSHandler: Created RawStore: org.apache.hadoop.hive.metastore.ObjectStore@54ddac26 from thread id: 1
2024-04-24T10:43:48,211  INFO [main] metastore.HMSHandler: HMS server filtering is disabled by configuration
2024-04-24T10:43:48,211  INFO [main] metastore.RetryingMetaStoreClient: RetryingMetaStoreClient proxy=class org.apache.hadoop.hive.ql.metadata.SessionHiveMetaStoreClient ugi=alex (auth:SIMPLE) retries=1 delay=1 lifetime=0
2024-04-24T10:43:48,212  INFO [main] HiveMetaStore.audit: ugi=alex	ip=unknown-ip-addr	cmd=create_table_req: Table(tableName:employee, dbName:default, owner:alex, createTime:1713980628, lastAccessTime:0, retention:0, sd:StorageDescriptor(cols:[FieldSchema(name:emp_id, type:int, comment:null), FieldSchema(name:emp_name, type:string, comment:null), FieldSchema(name:emp_start_date, type:string, comment:null), FieldSchema(name:emp_gender, type:string, comment:null)], location:null, inputFormat:org.apache.hadoop.hive.ql.io.RCFileInputFormat, outputFormat:org.apache.hadoop.hive.ql.io.RCFileOutputFormat, compressed:false, numBuckets:-1, serdeInfo:SerDeInfo(name:null, serializationLib:org.apache.hadoop.hive.serde2.columnar.ColumnarSerDe, parameters:{serialization.format=1}), bucketCols:[], sortCols:[], parameters:{}, skewedInfo:SkewedInfo(skewedColNames:[], skewedColValues:[], skewedColValueLocationMaps:{}), storedAsSubDirectories:false), partitionKeys:[FieldSchema(name:emp_country, type:string, comment:null), FieldSchema(name:emp_state, type:string, comment:null)], parameters:{transactional=false, bucketing_version=2}, viewOriginalText:null, viewExpandedText:null, tableType:MANAGED_TABLE, privileges:PrincipalPrivilegeSet(userPrivileges:{alex=[PrivilegeGrantInfo(privilege:INSERT, createTime:-1, grantor:alex, grantorType:USER, grantOption:true), PrivilegeGrantInfo(privilege:SELECT, createTime:-1, grantor:alex, grantorType:USER, grantOption:true), PrivilegeGrantInfo(privilege:UPDATE, createTime:-1, grantor:alex, grantorType:USER, grantOption:true), PrivilegeGrantInfo(privilege:DELETE, createTime:-1, grantor:alex, grantorType:USER, grantOption:true)]}, groupPrivileges:null, rolePrivileges:null), temporary:false, catName:hive, ownerType:USER)	
2024-04-24T10:43:48,215  INFO [main] utils.FileUtils: Creating directory if it doesn't exist: file:/home/alex/Repositories/hive/hcatalog/hcatalog-pig-adapter/build/test/data/org.apache.hive.hcatalog.mapreduce.HCatBaseTest-1713980564272/warehouse/employee
2024-04-24T10:43:48,232  INFO [main] metadata.Hive: Dumping metastore api call timing information for : execution phase
2024-04-24T10:43:48,232  INFO [main] metadata.Hive: Total time spent in each metastore function (ms): {createTable_(Table)=21}
2024-04-24T10:43:48,233  INFO [main] ql.Driver: Completed executing command(queryId=alex_20240424104348_843ac04a-199f-4929-bf14-c08758d73a34); Time taken: 0.025 seconds
2024-04-24T10:43:48,251  INFO [main] executionengine.HExecutionEngine: Connecting to hadoop file system at: file:///
2024-04-24T10:43:48,252  INFO [main] pig.PigServer: Pig Script ID for the session: PIG-default-f84769c5-f691-4a2b-8357-4c4e609e8654
2024-04-24T10:43:48,333  WARN [main] conf.HiveConf: HiveConf of name hive.dummyparam.test.server.specific.config.override does not exist
2024-04-24T10:43:48,333  WARN [main] conf.HiveConf: HiveConf of name hive.metastore.client.cache.recordStats does not exist
2024-04-24T10:43:48,333  WARN [main] conf.HiveConf: HiveConf of name hive.llap.io.cache.orc.arena.size does not exist
2024-04-24T10:43:48,333  WARN [main] conf.HiveConf: HiveConf of name hive.stats.key.prefix.reserve.length does not exist
2024-04-24T10:43:48,333  WARN [main] conf.HiveConf: HiveConf of name hive.llap.io.cache.orc.alloc.min does not exist
2024-04-24T10:43:48,333  WARN [main] conf.HiveConf: HiveConf of name hive.dummyparam.test.server.specific.config.hivesite does not exist
2024-04-24T10:43:48,333  WARN [main] conf.HiveConf: HiveConf of name hive.llap.io.cache.orc.size does not exist
2024-04-24T10:43:48,333  WARN [main] conf.HiveConf: HiveConf of name hive.metastore.metadb.dir does not exist
2024-04-24T10:43:48,333  WARN [main] conf.HiveConf: HiveConf of name hive.dummyparam.test.server.specific.config.metastoresite does not exist
2024-04-24T10:43:48,333  WARN [main] conf.HiveConf: HiveConf of name hive.llap.io.cache.orc.alloc.max does not exist
2024-04-24T10:43:48,333  WARN [main] conf.HiveConf: HiveConf of name hive.metastore.client.cache.maxSize does not exist
2024-04-24T10:43:48,334  INFO [main] common.HCatUtil: mapreduce.lib.hcatoutput.hive.conf not set. Generating configuration differences.
2024-04-24T10:43:48,334  INFO [main] common.HCatUtil: Configuration differences={datanucleus.connectionPool.maxPoolSize=4, javax.jdo.option.ConnectionUserName=APP, hive.stats.column.autogather=true, test.property1=value1, hive.llap.io.cache.orc.alloc.max=2097152, hive.query.results.cache.enabled=false, fs.pfile.impl=org.apache.hadoop.fs.ProxyLocalFileSystem, hive.querylog.location=${test.tmp.dir}/tmp, hive.llap.io.use.lrfu=true, hive.metastore.rawstore.impl=org.apache.hadoop.hive.metastore.ObjectStore, javax.jdo.option.ConnectionPassword=mine, hive.jar.path=${maven.local.repository}/org/apache/hive/hive-exec/${hive.version}/hive-exec-${hive.version}.jar, hive.default.rcfile.serde=org.apache.hadoop.hive.serde2.columnar.ColumnarSerDe, test.data.scripts=${hive.root}/data/scripts, datanucleus.schema.autoCreateAll=true, hive.users.in.admin.role=hive_admin_user, hive.llap.io.cache.orc.size=8388608, hive.exec.mode.local.auto=false, hive.dummyparam.test.server.specific.config.hivesite=from.hive-site.xml, test.var.hiveconf.property=${hive.exec.default.partition.name}, hive.materializedview.rewriting=true, hive.fetch.task.conversion=minimal, hive.dummyparam.test.server.specific.config.override=from.hive-site.xml, hive.metastore.metadb.dir=file://${test.tmp.dir}/metadb/, hive.conf.restricted.list=dummy.config.value, hive.server2.operation.log.purgePolicy.timeToLive=5s, hive.query.reexecution.stats.persist.scope=query, hive.cbo.fallback.strategy=TEST, hive.input.format=org.apache.hadoop.hive.ql.io.CombineHiveInputFormat, hive.security.authorization.manager=org.apache.hadoop.hive.ql.security.authorization.plugin.sqlstd.SQLStdHiveAuthorizerFactoryForTest, test.data.files=${hive.root}/data/files, hive.stats.key.prefix.reserve.length=0, hive.metastore.client.cache.enabled=true, hive.exec.local.scratchdir=${test.tmp.dir}/localscratchdir/, hive.exec.submit.local.task.via.child=false, hive.auto.convert.join=false, hive.llap.io.cache.orc.alloc.min=32768, hive.stats.fetch.bitvector=true, hive.llap.io.allocator.direct=false, hive.metastore.schema.verification=false, javax.jdo.option.ConnectionDriverName=org.apache.derby.jdbc.EmbeddedDriver, hive.in.test=true, hive.support.concurrency=true, hive.metastore.warehouse.dir=${test.warehouse.dir}, hive.llap.io.cache.orc.arena.size=8388608, hive.exec.scratchdir=${test.tmp.dir}/scratchdir, test.log.dir=${test.tmp.dir}/log/, hive.exec.post.hooks=org.apache.hadoop.hive.ql.hooks.PostExecutePrinter, javax.jdo.option.ConnectionURL=jdbc:derby:memory:${test.tmp.dir}/junit_metastore_db;create=true, hive.llap.cache.allow.synthetic.fileid=true, hive.scheduled.queries.executor.enabled=false, hive.ignore.mapjoin.hint=false, hive.metastore.client.cache.maxSize=10Mb, hive.metastore.client.cache.recordStats=true, hive.mapjoin.max.gc.time.percentage=0.99, hive.test.dummystats.aggregator=value2, hive.exec.pre.hooks=org.apache.hadoop.hive.ql.hooks.PreExecutePrinter, org.apache.hadoop.hive.ql.hooks.EnforceReadOnlyTables, org.apache.hadoop.hive.ql.hooks.MaterializedViewRegistryPropertiesHook, hive.strict.timestamp.conversion=false, iceberg.hive.keep.stats=true}
2024-04-24T10:43:48,335  INFO [main] HiveMetaStore.audit: ugi=alex	ip=unknown-ip-addr	cmd=get_databases: @hive#NonExistentDatabaseUsedForHealthCheck	
2024-04-24T10:43:48,337  INFO [main] HiveMetaStore.audit: ugi=alex	ip=unknown-ip-addr	cmd=get_table : tbl=hive.default.employee	
2024-04-24T10:43:48,345  INFO [main] metastore.HMSHandler: Skipping translation for processor with null
2024-04-24T10:43:48,364  WARN [main] conf.HiveConf: HiveConf of name hive.dummyparam.test.server.specific.config.hivesite does not exist
2024-04-24T10:43:48,364  WARN [main] conf.HiveConf: HiveConf of name hive.llap.io.cache.orc.size does not exist
2024-04-24T10:43:48,364  WARN [main] conf.HiveConf: HiveConf of name hive.metastore.metadb.dir does not exist
2024-04-24T10:43:48,364  WARN [main] conf.HiveConf: HiveConf of name hive.dummyparam.test.server.specific.config.override does not exist
2024-04-24T10:43:48,364  WARN [main] conf.HiveConf: HiveConf of name hive.metastore.client.cache.maxSize does not exist
2024-04-24T10:43:48,364  WARN [main] conf.HiveConf: HiveConf of name hive.llap.io.cache.orc.alloc.max does not exist
2024-04-24T10:43:48,364  WARN [main] conf.HiveConf: HiveConf of name hive.stats.key.prefix.reserve.length does not exist
2024-04-24T10:43:48,364  WARN [main] conf.HiveConf: HiveConf of name hive.llap.io.cache.orc.arena.size does not exist
2024-04-24T10:43:48,364  WARN [main] conf.HiveConf: HiveConf of name hive.dummyparam.test.server.specific.config.metastoresite does not exist
2024-04-24T10:43:48,364  WARN [main] conf.HiveConf: HiveConf of name hive.llap.io.cache.orc.alloc.min does not exist
2024-04-24T10:43:48,364  WARN [main] conf.HiveConf: HiveConf of name hive.metastore.client.cache.recordStats does not exist
2024-04-24T10:43:48,365  INFO [main] common.HCatUtil: mapreduce.lib.hcatoutput.hive.conf is set. Applying configuration differences.
2024-04-24T10:43:48,365  INFO [main] HiveMetaStore.audit: ugi=alex	ip=unknown-ip-addr	cmd=get_databases: @hive#NonExistentDatabaseUsedForHealthCheck	
2024-04-24T10:43:48,381  WARN [main] conf.HiveConf: HiveConf of name hive.metastore.metadb.dir does not exist
2024-04-24T10:43:48,381  WARN [main] conf.HiveConf: HiveConf of name hive.dummyparam.test.server.specific.config.override does not exist
2024-04-24T10:43:48,381  WARN [main] conf.HiveConf: HiveConf of name hive.metastore.client.cache.maxSize does not exist
2024-04-24T10:43:48,381  WARN [main] conf.HiveConf: HiveConf of name hive.metastore.client.cache.recordStats does not exist
2024-04-24T10:43:48,381  WARN [main] conf.HiveConf: HiveConf of name hive.llap.io.cache.orc.alloc.min does not exist
2024-04-24T10:43:48,381  WARN [main] conf.HiveConf: HiveConf of name hive.dummyparam.test.server.specific.config.metastoresite does not exist
2024-04-24T10:43:48,381  WARN [main] conf.HiveConf: HiveConf of name hive.llap.io.cache.orc.alloc.max does not exist
2024-04-24T10:43:48,381  WARN [main] conf.HiveConf: HiveConf of name hive.llap.io.cache.orc.arena.size does not exist
2024-04-24T10:43:48,381  WARN [main] conf.HiveConf: HiveConf of name hive.llap.io.cache.orc.size does not exist
2024-04-24T10:43:48,381  WARN [main] conf.HiveConf: HiveConf of name hive.dummyparam.test.server.specific.config.hivesite does not exist
2024-04-24T10:43:48,381  WARN [main] conf.HiveConf: HiveConf of name hive.stats.key.prefix.reserve.length does not exist
2024-04-24T10:43:48,382  INFO [main] common.HCatUtil: mapreduce.lib.hcatoutput.hive.conf not set. Generating configuration differences.
2024-04-24T10:43:48,383  INFO [main] common.HCatUtil: Configuration differences={datanucleus.connectionPool.maxPoolSize=4, test.property1=value1, javax.jdo.option.ConnectionUserName=APP, hive.stats.column.autogather=true, hive.llap.io.cache.orc.alloc.max=2097152, fs.pfile.impl=org.apache.hadoop.fs.ProxyLocalFileSystem, hive.query.results.cache.enabled=false, hive.querylog.location=${test.tmp.dir}/tmp, hive.llap.io.use.lrfu=true, hive.metastore.rawstore.impl=org.apache.hadoop.hive.metastore.ObjectStore, javax.jdo.option.ConnectionPassword=mine, hive.jar.path=${maven.local.repository}/org/apache/hive/hive-exec/${hive.version}/hive-exec-${hive.version}.jar, hive.default.rcfile.serde=org.apache.hadoop.hive.serde2.columnar.ColumnarSerDe, test.data.scripts=${hive.root}/data/scripts, datanucleus.schema.autoCreateAll=true, hive.users.in.admin.role=hive_admin_user, hive.llap.io.cache.orc.size=8388608, hive.exec.mode.local.auto=false, hive.dummyparam.test.server.specific.config.hivesite=from.hive-site.xml, test.var.hiveconf.property=${hive.exec.default.partition.name}, hive.materializedview.rewriting=true, hive.dummyparam.test.server.specific.config.override=from.hive-site.xml, hive.fetch.task.conversion=minimal, hive.metastore.metadb.dir=file://${test.tmp.dir}/metadb/, hive.conf.restricted.list=dummy.config.value, hive.server2.operation.log.purgePolicy.timeToLive=5s, hive.query.reexecution.stats.persist.scope=query, hive.cbo.fallback.strategy=TEST, hive.input.format=org.apache.hadoop.hive.ql.io.CombineHiveInputFormat, hive.security.authorization.manager=org.apache.hadoop.hive.ql.security.authorization.plugin.sqlstd.SQLStdHiveAuthorizerFactoryForTest, test.data.files=${hive.root}/data/files, hive.metastore.client.cache.enabled=true, hive.stats.key.prefix.reserve.length=0, hive.exec.local.scratchdir=${test.tmp.dir}/localscratchdir/, hive.exec.submit.local.task.via.child=false, hive.auto.convert.join=false, hive.llap.io.cache.orc.alloc.min=32768, hive.stats.fetch.bitvector=true, hive.llap.io.allocator.direct=false, hive.metastore.schema.verification=false, javax.jdo.option.ConnectionDriverName=org.apache.derby.jdbc.EmbeddedDriver, hive.in.test=true, hive.support.concurrency=true, hive.metastore.warehouse.dir=${test.warehouse.dir}, hive.llap.io.cache.orc.arena.size=8388608, hive.exec.scratchdir=${test.tmp.dir}/scratchdir, test.log.dir=${test.tmp.dir}/log/, hive.exec.post.hooks=org.apache.hadoop.hive.ql.hooks.PostExecutePrinter, javax.jdo.option.ConnectionURL=jdbc:derby:memory:${test.tmp.dir}/junit_metastore_db;create=true, hive.scheduled.queries.executor.enabled=false, hive.llap.cache.allow.synthetic.fileid=true, hive.ignore.mapjoin.hint=false, hive.metastore.client.cache.maxSize=10Mb, hive.metastore.client.cache.recordStats=true, hive.mapjoin.max.gc.time.percentage=0.99, hive.test.dummystats.aggregator=value2, hive.exec.pre.hooks=org.apache.hadoop.hive.ql.hooks.PreExecutePrinter, org.apache.hadoop.hive.ql.hooks.EnforceReadOnlyTables, org.apache.hadoop.hive.ql.hooks.MaterializedViewRegistryPropertiesHook, iceberg.hive.keep.stats=true, hive.strict.timestamp.conversion=false}
2024-04-24T10:43:48,384  INFO [main] HiveMetaStore.audit: ugi=alex	ip=unknown-ip-addr	cmd=get_databases: @hive#NonExistentDatabaseUsedForHealthCheck	
2024-04-24T10:43:48,386  INFO [main] HiveMetaStore.audit: ugi=alex	ip=unknown-ip-addr	cmd=get_table : tbl=hive.default.employee	
2024-04-24T10:43:48,396  INFO [main] metastore.HMSHandler: Skipping translation for processor with null
2024-04-24T10:43:48,414  WARN [main] conf.HiveConf: HiveConf of name hive.llap.io.cache.orc.size does not exist
2024-04-24T10:43:48,415  WARN [main] conf.HiveConf: HiveConf of name hive.dummyparam.test.server.specific.config.metastoresite does not exist
2024-04-24T10:43:48,415  WARN [main] conf.HiveConf: HiveConf of name hive.llap.io.cache.orc.arena.size does not exist
2024-04-24T10:43:48,415  WARN [main] conf.HiveConf: HiveConf of name hive.dummyparam.test.server.specific.config.hivesite does not exist
2024-04-24T10:43:48,415  WARN [main] conf.HiveConf: HiveConf of name hive.dummyparam.test.server.specific.config.override does not exist
2024-04-24T10:43:48,415  WARN [main] conf.HiveConf: HiveConf of name hive.llap.io.cache.orc.alloc.min does not exist
2024-04-24T10:43:48,415  WARN [main] conf.HiveConf: HiveConf of name hive.metastore.client.cache.maxSize does not exist
2024-04-24T10:43:48,415  WARN [main] conf.HiveConf: HiveConf of name hive.metastore.client.cache.recordStats does not exist
2024-04-24T10:43:48,415  WARN [main] conf.HiveConf: HiveConf of name hive.metastore.metadb.dir does not exist
2024-04-24T10:43:48,415  WARN [main] conf.HiveConf: HiveConf of name hive.stats.key.prefix.reserve.length does not exist
2024-04-24T10:43:48,415  WARN [main] conf.HiveConf: HiveConf of name hive.llap.io.cache.orc.alloc.max does not exist
2024-04-24T10:43:48,415  INFO [main] common.HCatUtil: mapreduce.lib.hcatoutput.hive.conf is set. Applying configuration differences.
2024-04-24T10:43:48,415  INFO [main] HiveMetaStore.audit: ugi=alex	ip=unknown-ip-addr	cmd=get_databases: @hive#NonExistentDatabaseUsedForHealthCheck	
2024-04-24T10:43:48,430  WARN [main] conf.HiveConf: HiveConf of name hive.metastore.client.cache.maxSize does not exist
2024-04-24T10:43:48,430  WARN [main] conf.HiveConf: HiveConf of name hive.dummyparam.test.server.specific.config.override does not exist
2024-04-24T10:43:48,430  WARN [main] conf.HiveConf: HiveConf of name hive.dummyparam.test.server.specific.config.hivesite does not exist
2024-04-24T10:43:48,430  WARN [main] conf.HiveConf: HiveConf of name hive.llap.io.cache.orc.arena.size does not exist
2024-04-24T10:43:48,430  WARN [main] conf.HiveConf: HiveConf of name hive.llap.io.cache.orc.size does not exist
2024-04-24T10:43:48,430  WARN [main] conf.HiveConf: HiveConf of name hive.metastore.metadb.dir does not exist
2024-04-24T10:43:48,430  WARN [main] conf.HiveConf: HiveConf of name hive.llap.io.cache.orc.alloc.max does not exist
2024-04-24T10:43:48,430  WARN [main] conf.HiveConf: HiveConf of name hive.metastore.client.cache.recordStats does not exist
2024-04-24T10:43:48,430  WARN [main] conf.HiveConf: HiveConf of name hive.dummyparam.test.server.specific.config.metastoresite does not exist
2024-04-24T10:43:48,430  WARN [main] conf.HiveConf: HiveConf of name hive.stats.key.prefix.reserve.length does not exist
2024-04-24T10:43:48,430  WARN [main] conf.HiveConf: HiveConf of name hive.llap.io.cache.orc.alloc.min does not exist
2024-04-24T10:43:48,431  INFO [main] common.HCatUtil: mapreduce.lib.hcatoutput.hive.conf not set. Generating configuration differences.
2024-04-24T10:43:48,431  INFO [main] common.HCatUtil: Configuration differences={datanucleus.connectionPool.maxPoolSize=4, hive.llap.io.cache.orc.alloc.max=2097152, test.property1=value1, javax.jdo.option.ConnectionUserName=APP, hive.stats.column.autogather=true, hive.query.results.cache.enabled=false, fs.pfile.impl=org.apache.hadoop.fs.ProxyLocalFileSystem, hive.querylog.location=${test.tmp.dir}/tmp, hive.llap.io.use.lrfu=true, hive.metastore.rawstore.impl=org.apache.hadoop.hive.metastore.ObjectStore, javax.jdo.option.ConnectionPassword=mine, hive.jar.path=${maven.local.repository}/org/apache/hive/hive-exec/${hive.version}/hive-exec-${hive.version}.jar, hive.default.rcfile.serde=org.apache.hadoop.hive.serde2.columnar.ColumnarSerDe, datanucleus.schema.autoCreateAll=true, test.data.scripts=${hive.root}/data/scripts, hive.users.in.admin.role=hive_admin_user, hive.llap.io.cache.orc.size=8388608, test.var.hiveconf.property=${hive.exec.default.partition.name}, hive.dummyparam.test.server.specific.config.hivesite=from.hive-site.xml, hive.exec.mode.local.auto=false, hive.materializedview.rewriting=true, hive.fetch.task.conversion=minimal, hive.dummyparam.test.server.specific.config.override=from.hive-site.xml, hive.metastore.metadb.dir=file://${test.tmp.dir}/metadb/, hive.conf.restricted.list=dummy.config.value, hive.server2.operation.log.purgePolicy.timeToLive=5s, hive.query.reexecution.stats.persist.scope=query, hive.cbo.fallback.strategy=TEST, hive.input.format=org.apache.hadoop.hive.ql.io.CombineHiveInputFormat, hive.security.authorization.manager=org.apache.hadoop.hive.ql.security.authorization.plugin.sqlstd.SQLStdHiveAuthorizerFactoryForTest, test.data.files=${hive.root}/data/files, hive.metastore.client.cache.enabled=true, hive.stats.key.prefix.reserve.length=0, hive.exec.local.scratchdir=${test.tmp.dir}/localscratchdir/, hive.exec.submit.local.task.via.child=false, hive.auto.convert.join=false, hive.llap.io.cache.orc.alloc.min=32768, hive.stats.fetch.bitvector=true, hive.llap.io.allocator.direct=false, hive.metastore.schema.verification=false, javax.jdo.option.ConnectionDriverName=org.apache.derby.jdbc.EmbeddedDriver, hive.in.test=true, hive.support.concurrency=true, hive.metastore.warehouse.dir=${test.warehouse.dir}, hive.llap.io.cache.orc.arena.size=8388608, hive.exec.scratchdir=${test.tmp.dir}/scratchdir, test.log.dir=${test.tmp.dir}/log/, hive.exec.post.hooks=org.apache.hadoop.hive.ql.hooks.PostExecutePrinter, javax.jdo.option.ConnectionURL=jdbc:derby:memory:${test.tmp.dir}/junit_metastore_db;create=true, hive.ignore.mapjoin.hint=false, hive.llap.cache.allow.synthetic.fileid=true, hive.scheduled.queries.executor.enabled=false, hive.metastore.client.cache.maxSize=10Mb, hive.metastore.client.cache.recordStats=true, hive.mapjoin.max.gc.time.percentage=0.99, hive.test.dummystats.aggregator=value2, hive.exec.pre.hooks=org.apache.hadoop.hive.ql.hooks.PreExecutePrinter, org.apache.hadoop.hive.ql.hooks.EnforceReadOnlyTables, org.apache.hadoop.hive.ql.hooks.MaterializedViewRegistryPropertiesHook, hive.strict.timestamp.conversion=false, iceberg.hive.keep.stats=true}
2024-04-24T10:43:48,432  INFO [main] HiveMetaStore.audit: ugi=alex	ip=unknown-ip-addr	cmd=get_databases: @hive#NonExistentDatabaseUsedForHealthCheck	
2024-04-24T10:43:48,434  INFO [main] HiveMetaStore.audit: ugi=alex	ip=unknown-ip-addr	cmd=get_table : tbl=hive.default.employee	
2024-04-24T10:43:48,442  INFO [main] metastore.HMSHandler: Skipping translation for processor with null
2024-04-24T10:43:48,485  WARN [main] conf.HiveConf: HiveConf of name hive.stats.key.prefix.reserve.length does not exist
2024-04-24T10:43:48,485  WARN [main] conf.HiveConf: HiveConf of name hive.metastore.client.cache.maxSize does not exist
2024-04-24T10:43:48,485  WARN [main] conf.HiveConf: HiveConf of name hive.llap.io.cache.orc.alloc.max does not exist
2024-04-24T10:43:48,485  WARN [main] conf.HiveConf: HiveConf of name hive.metastore.metadb.dir does not exist
2024-04-24T10:43:48,485  WARN [main] conf.HiveConf: HiveConf of name hive.llap.io.cache.orc.arena.size does not exist
2024-04-24T10:43:48,485  WARN [main] conf.HiveConf: HiveConf of name hive.llap.io.cache.orc.size does not exist
2024-04-24T10:43:48,485  WARN [main] conf.HiveConf: HiveConf of name hive.llap.io.cache.orc.alloc.min does not exist
2024-04-24T10:43:48,485  WARN [main] conf.HiveConf: HiveConf of name hive.metastore.client.cache.recordStats does not exist
2024-04-24T10:43:48,485  WARN [main] conf.HiveConf: HiveConf of name hive.dummyparam.test.server.specific.config.hivesite does not exist
2024-04-24T10:43:48,485  WARN [main] conf.HiveConf: HiveConf of name hive.dummyparam.test.server.specific.config.override does not exist
2024-04-24T10:43:48,485  WARN [main] conf.HiveConf: HiveConf of name hive.dummyparam.test.server.specific.config.metastoresite does not exist
2024-04-24T10:43:48,486  INFO [main] common.HCatUtil: mapreduce.lib.hcatoutput.hive.conf is set. Applying configuration differences.
2024-04-24T10:43:48,486  INFO [main] HiveMetaStore.audit: ugi=alex	ip=unknown-ip-addr	cmd=get_databases: @hive#NonExistentDatabaseUsedForHealthCheck	
2024-04-24T10:43:48,502  WARN [main] conf.HiveConf: HiveConf of name hive.dummyparam.test.server.specific.config.hivesite does not exist
2024-04-24T10:43:48,502  WARN [main] conf.HiveConf: HiveConf of name hive.dummyparam.test.server.specific.config.metastoresite does not exist
2024-04-24T10:43:48,502  WARN [main] conf.HiveConf: HiveConf of name hive.stats.key.prefix.reserve.length does not exist
2024-04-24T10:43:48,502  WARN [main] conf.HiveConf: HiveConf of name hive.llap.io.cache.orc.size does not exist
2024-04-24T10:43:48,502  WARN [main] conf.HiveConf: HiveConf of name hive.llap.io.cache.orc.arena.size does not exist
2024-04-24T10:43:48,502  WARN [main] conf.HiveConf: HiveConf of name hive.llap.io.cache.orc.alloc.min does not exist
2024-04-24T10:43:48,502  WARN [main] conf.HiveConf: HiveConf of name hive.llap.io.cache.orc.alloc.max does not exist
2024-04-24T10:43:48,502  WARN [main] conf.HiveConf: HiveConf of name hive.metastore.client.cache.maxSize does not exist
2024-04-24T10:43:48,502  WARN [main] conf.HiveConf: HiveConf of name hive.dummyparam.test.server.specific.config.override does not exist
2024-04-24T10:43:48,502  WARN [main] conf.HiveConf: HiveConf of name hive.metastore.client.cache.recordStats does not exist
2024-04-24T10:43:48,502  WARN [main] conf.HiveConf: HiveConf of name hive.metastore.metadb.dir does not exist
2024-04-24T10:43:48,502  INFO [main] common.HCatUtil: mapreduce.lib.hcatoutput.hive.conf not set. Generating configuration differences.
2024-04-24T10:43:48,503  INFO [main] common.HCatUtil: Configuration differences={datanucleus.connectionPool.maxPoolSize=4, javax.jdo.option.ConnectionUserName=APP, test.property1=value1, hive.stats.column.autogather=true, hive.llap.io.cache.orc.alloc.max=2097152, hive.query.results.cache.enabled=false, fs.pfile.impl=org.apache.hadoop.fs.ProxyLocalFileSystem, hive.querylog.location=${test.tmp.dir}/tmp, hive.llap.io.use.lrfu=true, hive.metastore.rawstore.impl=org.apache.hadoop.hive.metastore.ObjectStore, javax.jdo.option.ConnectionPassword=mine, hive.jar.path=${maven.local.repository}/org/apache/hive/hive-exec/${hive.version}/hive-exec-${hive.version}.jar, hive.default.rcfile.serde=org.apache.hadoop.hive.serde2.columnar.ColumnarSerDe, test.data.scripts=${hive.root}/data/scripts, datanucleus.schema.autoCreateAll=true, hive.users.in.admin.role=hive_admin_user, hive.llap.io.cache.orc.size=8388608, hive.exec.mode.local.auto=false, hive.dummyparam.test.server.specific.config.hivesite=from.hive-site.xml, test.var.hiveconf.property=${hive.exec.default.partition.name}, hive.materializedview.rewriting=true, hive.metastore.metadb.dir=file://${test.tmp.dir}/metadb/, hive.dummyparam.test.server.specific.config.override=from.hive-site.xml, hive.fetch.task.conversion=minimal, hive.conf.restricted.list=dummy.config.value, hive.server2.operation.log.purgePolicy.timeToLive=5s, hive.query.reexecution.stats.persist.scope=query, hive.cbo.fallback.strategy=TEST, hive.input.format=org.apache.hadoop.hive.ql.io.CombineHiveInputFormat, hive.security.authorization.manager=org.apache.hadoop.hive.ql.security.authorization.plugin.sqlstd.SQLStdHiveAuthorizerFactoryForTest, test.data.files=${hive.root}/data/files, hive.metastore.client.cache.enabled=true, hive.stats.key.prefix.reserve.length=0, hive.exec.local.scratchdir=${test.tmp.dir}/localscratchdir/, hive.exec.submit.local.task.via.child=false, hive.auto.convert.join=false, hive.llap.io.cache.orc.alloc.min=32768, hive.stats.fetch.bitvector=true, hive.llap.io.allocator.direct=false, hive.metastore.schema.verification=false, javax.jdo.option.ConnectionDriverName=org.apache.derby.jdbc.EmbeddedDriver, hive.support.concurrency=true, hive.in.test=true, hive.metastore.warehouse.dir=${test.warehouse.dir}, hive.llap.io.cache.orc.arena.size=8388608, hive.exec.scratchdir=${test.tmp.dir}/scratchdir, test.log.dir=${test.tmp.dir}/log/, hive.exec.post.hooks=org.apache.hadoop.hive.ql.hooks.PostExecutePrinter, javax.jdo.option.ConnectionURL=jdbc:derby:memory:${test.tmp.dir}/junit_metastore_db;create=true, hive.llap.cache.allow.synthetic.fileid=true, hive.scheduled.queries.executor.enabled=false, hive.ignore.mapjoin.hint=false, hive.metastore.client.cache.maxSize=10Mb, hive.metastore.client.cache.recordStats=true, hive.mapjoin.max.gc.time.percentage=0.99, hive.test.dummystats.aggregator=value2, hive.exec.pre.hooks=org.apache.hadoop.hive.ql.hooks.PreExecutePrinter, org.apache.hadoop.hive.ql.hooks.EnforceReadOnlyTables, org.apache.hadoop.hive.ql.hooks.MaterializedViewRegistryPropertiesHook, iceberg.hive.keep.stats=true, hive.strict.timestamp.conversion=false}
2024-04-24T10:43:48,504  INFO [main] HiveMetaStore.audit: ugi=alex	ip=unknown-ip-addr	cmd=get_databases: @hive#NonExistentDatabaseUsedForHealthCheck	
2024-04-24T10:43:48,506  INFO [main] HiveMetaStore.audit: ugi=alex	ip=unknown-ip-addr	cmd=get_table : tbl=hive.default.employee	
2024-04-24T10:43:48,514  INFO [main] metastore.HMSHandler: Skipping translation for processor with null
2024-04-24T10:43:48,532  WARN [main] conf.HiveConf: HiveConf of name hive.stats.key.prefix.reserve.length does not exist
2024-04-24T10:43:48,532  WARN [main] conf.HiveConf: HiveConf of name hive.metastore.metadb.dir does not exist
2024-04-24T10:43:48,532  WARN [main] conf.HiveConf: HiveConf of name hive.metastore.client.cache.maxSize does not exist
2024-04-24T10:43:48,532  WARN [main] conf.HiveConf: HiveConf of name hive.metastore.client.cache.recordStats does not exist
2024-04-24T10:43:48,532  WARN [main] conf.HiveConf: HiveConf of name hive.llap.io.cache.orc.alloc.max does not exist
2024-04-24T10:43:48,532  WARN [main] conf.HiveConf: HiveConf of name hive.dummyparam.test.server.specific.config.metastoresite does not exist
2024-04-24T10:43:48,532  WARN [main] conf.HiveConf: HiveConf of name hive.llap.io.cache.orc.size does not exist
2024-04-24T10:43:48,532  WARN [main] conf.HiveConf: HiveConf of name hive.dummyparam.test.server.specific.config.hivesite does not exist
2024-04-24T10:43:48,532  WARN [main] conf.HiveConf: HiveConf of name hive.llap.io.cache.orc.arena.size does not exist
2024-04-24T10:43:48,532  WARN [main] conf.HiveConf: HiveConf of name hive.dummyparam.test.server.specific.config.override does not exist
2024-04-24T10:43:48,532  WARN [main] conf.HiveConf: HiveConf of name hive.llap.io.cache.orc.alloc.min does not exist
2024-04-24T10:43:48,533  INFO [main] common.HCatUtil: mapreduce.lib.hcatoutput.hive.conf is set. Applying configuration differences.
2024-04-24T10:43:48,533  INFO [main] HiveMetaStore.audit: ugi=alex	ip=unknown-ip-addr	cmd=get_databases: @hive#NonExistentDatabaseUsedForHealthCheck	
2024-04-24T10:43:48,536  INFO [main] pigstats.ScriptState: Pig features used in the script: FILTER
2024-04-24T10:43:48,544  WARN [main] data.SchemaTupleBackend: SchemaTupleBackend has already been initialized
2024-04-24T10:43:48,544  INFO [main] optimizer.LogicalPlanOptimizer: {RULES_ENABLED=[AddForEach, ColumnMapKeyPrune, ConstantCalculator, GroupByConstParallelSetter, LimitOptimizer, LoadTypeCastInserter, MergeFilter, MergeForEach, PartitionFilterOptimizer, PredicatePushdownOptimizer, PushDownForEachFlatten, PushUpFilter, SplitFilter, StreamTypeCastInserter]}
2024-04-24T10:43:48,554  INFO [main] mapReduceLayer.MRCompiler: File concatenation threshold: 100 optimistic? false
2024-04-24T10:43:48,557  INFO [main] mapReduceLayer.MultiQueryOptimizer: MR plan size before optimization: 5
2024-04-24T10:43:48,558  INFO [main] mapReduceLayer.MultiQueryOptimizer: Merged 4 map-only splittees.
2024-04-24T10:43:48,558  INFO [main] mapReduceLayer.MultiQueryOptimizer: Merged 4 out of total 5 MR operators.
2024-04-24T10:43:48,558  INFO [main] mapReduceLayer.MultiQueryOptimizer: MR plan size after optimization: 1
2024-04-24T10:43:48,564  WARN [main] impl.MetricsSystemImpl: JobTracker metrics system already initialized!
2024-04-24T10:43:48,565  INFO [main] mapreduce.MRScriptState: Pig script settings are added to the job
2024-04-24T10:43:48,565  INFO [main] mapReduceLayer.JobControlCompiler: mapred.job.reduce.markreset.buffer.percent is not set, set to default 0.3
2024-04-24T10:43:48,566  INFO [main] mapReduceLayer.JobControlCompiler: Setting up multi store job
2024-04-24T10:43:48,567  INFO [main] data.SchemaTupleFrontend: Key [pig.schematuple] is false, will not generate code.
2024-04-24T10:43:48,567  INFO [main] data.SchemaTupleFrontend: Starting process to move generated code to distributed cacche
2024-04-24T10:43:48,567  INFO [main] data.SchemaTupleFrontend: Distributed cache not supported or needed in local mode. Setting key [pig.schematuple.local.dir] with code temp directory: /home/alex/Repositories/hive/hcatalog/hcatalog-pig-adapter/target/tmp/1713980628566-0
2024-04-24T10:43:48,574  INFO [main] mapReduceLayer.MapReduceLauncher: 1 map-reduce job(s) waiting for submission.
2024-04-24T10:43:48,576  WARN [JobControl] impl.MetricsSystemImpl: JobTracker metrics system already initialized!
2024-04-24T10:43:48,593  WARN [JobControl] conf.HiveConf: HiveConf of name hive.llap.io.cache.orc.alloc.max does not exist
2024-04-24T10:43:48,593  WARN [JobControl] conf.HiveConf: HiveConf of name hive.llap.io.cache.orc.alloc.min does not exist
2024-04-24T10:43:48,593  WARN [JobControl] conf.HiveConf: HiveConf of name hive.metastore.client.cache.maxSize does not exist
2024-04-24T10:43:48,593  WARN [JobControl] conf.HiveConf: HiveConf of name hive.llap.io.cache.orc.size does not exist
2024-04-24T10:43:48,593  WARN [JobControl] conf.HiveConf: HiveConf of name hive.stats.key.prefix.reserve.length does not exist
2024-04-24T10:43:48,593  WARN [JobControl] conf.HiveConf: HiveConf of name hive.llap.io.cache.orc.arena.size does not exist
2024-04-24T10:43:48,594  WARN [JobControl] conf.HiveConf: HiveConf of name hive.metastore.metadb.dir does not exist
2024-04-24T10:43:48,594  WARN [JobControl] conf.HiveConf: HiveConf of name hive.dummyparam.test.server.specific.config.metastoresite does not exist
2024-04-24T10:43:48,594  WARN [JobControl] conf.HiveConf: HiveConf of name hive.dummyparam.test.server.specific.config.override does not exist
2024-04-24T10:43:48,594  WARN [JobControl] conf.HiveConf: HiveConf of name hive.dummyparam.test.server.specific.config.hivesite does not exist
2024-04-24T10:43:48,594  WARN [JobControl] conf.HiveConf: HiveConf of name hive.metastore.client.cache.recordStats does not exist
2024-04-24T10:43:48,594  INFO [JobControl] common.HCatUtil: mapreduce.lib.hcatoutput.hive.conf is set. Applying configuration differences.
2024-04-24T10:43:48,595  INFO [JobControl] metastore.HiveMetaStoreClient: HMS client filtering is enabled.
2024-04-24T10:43:48,595  INFO [JobControl] metastore.HMSHandler: 96: Opening raw store with implementation class:org.apache.hadoop.hive.metastore.ObjectStore
2024-04-24T10:43:48,596  INFO [JobControl] metastore.PersistenceManagerProvider: Configuration datanucleus.autoStartMechanismMode is not set. Defaulting to 'ignored'
2024-04-24T10:43:48,596  INFO [JobControl] metastore.ObjectStore: RawStore: org.apache.hadoop.hive.metastore.ObjectStore@5caca1f6, with PersistenceManager: null will be shutdown
2024-04-24T10:43:48,596  INFO [JobControl] metastore.ObjectStore: RawStore: org.apache.hadoop.hive.metastore.ObjectStore@5caca1f6, with PersistenceManager: org.datanucleus.api.jdo.JDOPersistenceManager@294a9411 created in the thread with id: 3550
2024-04-24T10:43:48,597  INFO [JobControl] metastore.HMSHandler: Created RawStore: org.apache.hadoop.hive.metastore.ObjectStore@5caca1f6 from thread id: 3550
2024-04-24T10:43:48,597  INFO [JobControl] metastore.HMSHandler: HMS server filtering is disabled by configuration
2024-04-24T10:43:48,597  INFO [JobControl] metastore.RetryingMetaStoreClient: RetryingMetaStoreClient proxy=class org.apache.hive.hcatalog.common.HiveClientCache$CacheableHiveMetaStoreClient ugi=alex (auth:SIMPLE) retries=1 delay=1 lifetime=0
2024-04-24T10:43:48,597  INFO [JobControl] HiveMetaStore.audit: ugi=alex	ip=unknown-ip-addr	cmd=Cleaning up thread local RawStore...	
2024-04-24T10:43:48,597  INFO [JobControl] metastore.ObjectStore: RawStore: org.apache.hadoop.hive.metastore.ObjectStore@5caca1f6, with PersistenceManager: org.datanucleus.api.jdo.JDOPersistenceManager@294a9411 will be shutdown
2024-04-24T10:43:48,598  INFO [JobControl] HiveMetaStore.audit: ugi=alex	ip=unknown-ip-addr	cmd=Done cleaning up thread local RawStore	
2024-04-24T10:43:48,598  INFO [JobControl] metastore.HiveMetaStoreClient: Closed a connection to metastore, current connections: -94
2024-04-24T10:43:48,598  INFO [JobControl] HiveMetaStore.audit: ugi=alex	ip=unknown-ip-addr	cmd=get_databases: @hive#NonExistentDatabaseUsedForHealthCheck	
2024-04-24T10:43:48,599  INFO [JobControl] metastore.HMSHandler: 96: Opening raw store with implementation class:org.apache.hadoop.hive.metastore.ObjectStore
2024-04-24T10:43:48,599  INFO [JobControl] metastore.ObjectStore: RawStore: org.apache.hadoop.hive.metastore.ObjectStore@43c1a98, with PersistenceManager: null will be shutdown
2024-04-24T10:43:48,599  INFO [JobControl] metastore.ObjectStore: RawStore: org.apache.hadoop.hive.metastore.ObjectStore@43c1a98, with PersistenceManager: org.datanucleus.api.jdo.JDOPersistenceManager@57862210 created in the thread with id: 3550
2024-04-24T10:43:48,600  INFO [JobControl] metastore.HMSHandler: Created RawStore: org.apache.hadoop.hive.metastore.ObjectStore@43c1a98 from thread id: 3550
2024-04-24T10:43:48,616  WARN [JobControl] conf.HiveConf: HiveConf of name hive.llap.io.cache.orc.alloc.min does not exist
2024-04-24T10:43:48,616  WARN [JobControl] conf.HiveConf: HiveConf of name hive.metastore.metadb.dir does not exist
2024-04-24T10:43:48,616  WARN [JobControl] conf.HiveConf: HiveConf of name hive.metastore.client.cache.maxSize does not exist
2024-04-24T10:43:48,616  WARN [JobControl] conf.HiveConf: HiveConf of name hive.dummyparam.test.server.specific.config.override does not exist
2024-04-24T10:43:48,616  WARN [JobControl] conf.HiveConf: HiveConf of name hive.llap.io.cache.orc.alloc.max does not exist
2024-04-24T10:43:48,616  WARN [JobControl] conf.HiveConf: HiveConf of name hive.dummyparam.test.server.specific.config.hivesite does not exist
2024-04-24T10:43:48,616  WARN [JobControl] conf.HiveConf: HiveConf of name hive.metastore.client.cache.recordStats does not exist
2024-04-24T10:43:48,616  WARN [JobControl] conf.HiveConf: HiveConf of name hive.llap.io.cache.orc.arena.size does not exist
2024-04-24T10:43:48,616  WARN [JobControl] conf.HiveConf: HiveConf of name hive.stats.key.prefix.reserve.length does not exist
2024-04-24T10:43:48,616  WARN [JobControl] conf.HiveConf: HiveConf of name hive.dummyparam.test.server.specific.config.metastoresite does not exist
2024-04-24T10:43:48,616  WARN [JobControl] conf.HiveConf: HiveConf of name hive.llap.io.cache.orc.size does not exist
2024-04-24T10:43:48,616  INFO [JobControl] common.HCatUtil: mapreduce.lib.hcatoutput.hive.conf is set. Applying configuration differences.
2024-04-24T10:43:48,617  INFO [JobControl] HiveMetaStore.audit: ugi=alex	ip=unknown-ip-addr	cmd=get_databases: @hive#NonExistentDatabaseUsedForHealthCheck	
2024-04-24T10:43:48,632  WARN [JobControl] conf.HiveConf: HiveConf of name hive.metastore.client.cache.recordStats does not exist
2024-04-24T10:43:48,632  WARN [JobControl] conf.HiveConf: HiveConf of name hive.dummyparam.test.server.specific.config.metastoresite does not exist
2024-04-24T10:43:48,632  WARN [JobControl] conf.HiveConf: HiveConf of name hive.metastore.metadb.dir does not exist
2024-04-24T10:43:48,632  WARN [JobControl] conf.HiveConf: HiveConf of name hive.llap.io.cache.orc.arena.size does not exist
2024-04-24T10:43:48,632  WARN [JobControl] conf.HiveConf: HiveConf of name hive.llap.io.cache.orc.size does not exist
2024-04-24T10:43:48,632  WARN [JobControl] conf.HiveConf: HiveConf of name hive.llap.io.cache.orc.alloc.min does not exist
2024-04-24T10:43:48,632  WARN [JobControl] conf.HiveConf: HiveConf of name hive.stats.key.prefix.reserve.length does not exist
2024-04-24T10:43:48,632  WARN [JobControl] conf.HiveConf: HiveConf of name hive.metastore.client.cache.maxSize does not exist
2024-04-24T10:43:48,632  WARN [JobControl] conf.HiveConf: HiveConf of name hive.dummyparam.test.server.specific.config.override does not exist
2024-04-24T10:43:48,632  WARN [JobControl] conf.HiveConf: HiveConf of name hive.llap.io.cache.orc.alloc.max does not exist
2024-04-24T10:43:48,632  WARN [JobControl] conf.HiveConf: HiveConf of name hive.dummyparam.test.server.specific.config.hivesite does not exist
2024-04-24T10:43:48,632  INFO [JobControl] common.HCatUtil: mapreduce.lib.hcatoutput.hive.conf is set. Applying configuration differences.
2024-04-24T10:43:48,633  INFO [JobControl] HiveMetaStore.audit: ugi=alex	ip=unknown-ip-addr	cmd=get_databases: @hive#NonExistentDatabaseUsedForHealthCheck	
2024-04-24T10:43:48,648  WARN [JobControl] conf.HiveConf: HiveConf of name hive.llap.io.cache.orc.size does not exist
2024-04-24T10:43:48,648  WARN [JobControl] conf.HiveConf: HiveConf of name hive.dummyparam.test.server.specific.config.override does not exist
2024-04-24T10:43:48,648  WARN [JobControl] conf.HiveConf: HiveConf of name hive.metastore.client.cache.maxSize does not exist
2024-04-24T10:43:48,648  WARN [JobControl] conf.HiveConf: HiveConf of name hive.llap.io.cache.orc.arena.size does not exist
2024-04-24T10:43:48,648  WARN [JobControl] conf.HiveConf: HiveConf of name hive.dummyparam.test.server.specific.config.hivesite does not exist
2024-04-24T10:43:48,648  WARN [JobControl] conf.HiveConf: HiveConf of name hive.stats.key.prefix.reserve.length does not exist
2024-04-24T10:43:48,648  WARN [JobControl] conf.HiveConf: HiveConf of name hive.metastore.metadb.dir does not exist
2024-04-24T10:43:48,649  WARN [JobControl] conf.HiveConf: HiveConf of name hive.metastore.client.cache.recordStats does not exist
2024-04-24T10:43:48,649  WARN [JobControl] conf.HiveConf: HiveConf of name hive.llap.io.cache.orc.alloc.min does not exist
2024-04-24T10:43:48,649  WARN [JobControl] conf.HiveConf: HiveConf of name hive.dummyparam.test.server.specific.config.metastoresite does not exist
2024-04-24T10:43:48,649  WARN [JobControl] conf.HiveConf: HiveConf of name hive.llap.io.cache.orc.alloc.max does not exist
2024-04-24T10:43:48,649  INFO [JobControl] common.HCatUtil: mapreduce.lib.hcatoutput.hive.conf is set. Applying configuration differences.
2024-04-24T10:43:48,649  INFO [JobControl] HiveMetaStore.audit: ugi=alex	ip=unknown-ip-addr	cmd=get_databases: @hive#NonExistentDatabaseUsedForHealthCheck	
2024-04-24T10:43:48,661  WARN [JobControl] mapreduce.JobResourceUploader: Hadoop command-line option parsing not performed. Implement the Tool interface and execute your application with ToolRunner to remedy this.
2024-04-24T10:43:48,665  WARN [JobControl] mapreduce.JobResourceUploader: No job jar file set.  User classes may not be found. See Job or Job#setJar(String).
2024-04-24T10:43:48,667  INFO [JobControl] builtin.PigStorage: Using PigTextInputFormat
2024-04-24T10:43:48,668  INFO [JobControl] input.FileInputFormat: Total input files to process : 1
2024-04-24T10:43:48,668  INFO [JobControl] util.MapRedUtil: Total input paths to process : 1
2024-04-24T10:43:48,668  INFO [JobControl] util.MapRedUtil: Total input paths (combined) to process : 1
2024-04-24T10:43:48,685  INFO [JobControl] mapreduce.JobSubmitter: number of splits:1
2024-04-24T10:43:48,697  INFO [JobControl] mapreduce.JobSubmitter: Submitting tokens for job: job_local1901776045_0075
2024-04-24T10:43:48,697  INFO [JobControl] mapreduce.JobSubmitter: Executing with tokens: []
2024-04-24T10:43:48,749  INFO [JobControl] mapreduce.Job: The url to track the job: http://localhost:8080/
2024-04-24T10:43:48,749  INFO [Thread-3310] mapred.LocalJobRunner: OutputCommitter set in config null
2024-04-24T10:43:48,754  INFO [Thread-3310] output.FileOutputCommitter: File Output Committer Algorithm version is 2
2024-04-24T10:43:48,754  INFO [Thread-3310] output.FileOutputCommitter: FileOutputCommitter skip cleanup _temporary folders under output directory:false, ignore cleanup failures: false
2024-04-24T10:43:48,756  INFO [Thread-3310] output.FileOutputCommitter: File Output Committer Algorithm version is 2
2024-04-24T10:43:48,756  INFO [Thread-3310] output.FileOutputCommitter: FileOutputCommitter skip cleanup _temporary folders under output directory:false, ignore cleanup failures: false
2024-04-24T10:43:48,759  INFO [Thread-3310] output.FileOutputCommitter: File Output Committer Algorithm version is 2
2024-04-24T10:43:48,759  INFO [Thread-3310] output.FileOutputCommitter: FileOutputCommitter skip cleanup _temporary folders under output directory:false, ignore cleanup failures: false
2024-04-24T10:43:48,762  INFO [Thread-3310] output.FileOutputCommitter: File Output Committer Algorithm version is 2
2024-04-24T10:43:48,762  INFO [Thread-3310] output.FileOutputCommitter: FileOutputCommitter skip cleanup _temporary folders under output directory:false, ignore cleanup failures: false
2024-04-24T10:43:48,763  INFO [Thread-3310] mapred.LocalJobRunner: OutputCommitter is org.apache.pig.backend.hadoop.executionengine.mapReduceLayer.PigOutputCommitter
2024-04-24T10:43:48,765  INFO [Thread-3310] output.FileOutputCommitter: File Output Committer Algorithm version is 2
2024-04-24T10:43:48,765  INFO [Thread-3310] output.FileOutputCommitter: FileOutputCommitter skip cleanup _temporary folders under output directory:false, ignore cleanup failures: false
2024-04-24T10:43:48,778  INFO [Thread-3310] output.FileOutputCommitter: File Output Committer Algorithm version is 2
2024-04-24T10:43:48,778  INFO [Thread-3310] output.FileOutputCommitter: FileOutputCommitter skip cleanup _temporary folders under output directory:false, ignore cleanup failures: false
2024-04-24T10:43:48,789  INFO [Thread-3310] output.FileOutputCommitter: File Output Committer Algorithm version is 2
2024-04-24T10:43:48,789  INFO [Thread-3310] output.FileOutputCommitter: FileOutputCommitter skip cleanup _temporary folders under output directory:false, ignore cleanup failures: false
2024-04-24T10:43:48,800  INFO [Thread-3310] output.FileOutputCommitter: File Output Committer Algorithm version is 2
2024-04-24T10:43:48,800  INFO [Thread-3310] output.FileOutputCommitter: FileOutputCommitter skip cleanup _temporary folders under output directory:false, ignore cleanup failures: false
2024-04-24T10:43:48,811  INFO [Thread-3310] mapred.LocalJobRunner: Waiting for map tasks
2024-04-24T10:43:48,811  INFO [LocalJobRunner Map Task Executor #0] mapred.LocalJobRunner: Starting task: attempt_local1901776045_0075_m_000000_0
2024-04-24T10:43:48,816  INFO [LocalJobRunner Map Task Executor #0] output.FileOutputCommitter: File Output Committer Algorithm version is 2
2024-04-24T10:43:48,816  INFO [LocalJobRunner Map Task Executor #0] output.FileOutputCommitter: FileOutputCommitter skip cleanup _temporary folders under output directory:false, ignore cleanup failures: false
2024-04-24T10:43:48,820  INFO [LocalJobRunner Map Task Executor #0] output.FileOutputCommitter: File Output Committer Algorithm version is 2
2024-04-24T10:43:48,820  INFO [LocalJobRunner Map Task Executor #0] output.FileOutputCommitter: FileOutputCommitter skip cleanup _temporary folders under output directory:false, ignore cleanup failures: false
2024-04-24T10:43:48,823  INFO [LocalJobRunner Map Task Executor #0] output.FileOutputCommitter: File Output Committer Algorithm version is 2
2024-04-24T10:43:48,823  INFO [LocalJobRunner Map Task Executor #0] output.FileOutputCommitter: FileOutputCommitter skip cleanup _temporary folders under output directory:false, ignore cleanup failures: false
2024-04-24T10:43:48,826  INFO [LocalJobRunner Map Task Executor #0] output.FileOutputCommitter: File Output Committer Algorithm version is 2
2024-04-24T10:43:48,826  INFO [LocalJobRunner Map Task Executor #0] output.FileOutputCommitter: FileOutputCommitter skip cleanup _temporary folders under output directory:false, ignore cleanup failures: false
2024-04-24T10:43:48,828  INFO [LocalJobRunner Map Task Executor #0] output.FileOutputCommitter: File Output Committer Algorithm version is 2
2024-04-24T10:43:48,828  INFO [LocalJobRunner Map Task Executor #0] output.FileOutputCommitter: FileOutputCommitter skip cleanup _temporary folders under output directory:false, ignore cleanup failures: false
2024-04-24T10:43:48,830  INFO [LocalJobRunner Map Task Executor #0] output.FileOutputCommitter: File Output Committer Algorithm version is 2
2024-04-24T10:43:48,830  INFO [LocalJobRunner Map Task Executor #0] output.FileOutputCommitter: FileOutputCommitter skip cleanup _temporary folders under output directory:false, ignore cleanup failures: false
2024-04-24T10:43:48,832  INFO [LocalJobRunner Map Task Executor #0] output.FileOutputCommitter: File Output Committer Algorithm version is 2
2024-04-24T10:43:48,832  INFO [LocalJobRunner Map Task Executor #0] output.FileOutputCommitter: FileOutputCommitter skip cleanup _temporary folders under output directory:false, ignore cleanup failures: false
2024-04-24T10:43:48,833  INFO [LocalJobRunner Map Task Executor #0] output.FileOutputCommitter: File Output Committer Algorithm version is 2
2024-04-24T10:43:48,833  INFO [LocalJobRunner Map Task Executor #0] output.FileOutputCommitter: FileOutputCommitter skip cleanup _temporary folders under output directory:false, ignore cleanup failures: false
2024-04-24T10:43:48,834  INFO [LocalJobRunner Map Task Executor #0] mapred.Task:  Using ResourceCalculatorProcessTree : [ ]
2024-04-24T10:43:48,834  INFO [LocalJobRunner Map Task Executor #0] mapred.MapTask: Processing split: Number of splits :1
Total Length = 132
Input split[0]:
   Length = 132
   ClassName: org.apache.hadoop.mapreduce.lib.input.FileSplit
   Locations:

-----------------------

2024-04-24T10:43:48,836  INFO [LocalJobRunner Map Task Executor #0] builtin.PigStorage: Using PigTextInputFormat
2024-04-24T10:43:48,836  INFO [LocalJobRunner Map Task Executor #0] mapReduceLayer.PigRecordReader: Current split being processed file:/home/alex/Repositories/hive/hcatalog/hcatalog-pig-adapter/build/test/data/org.apache.hive.hcatalog.mapreduce.HCatBaseTest-1713980564272/input.data:0+132
2024-04-24T10:43:48,837  INFO [LocalJobRunner Map Task Executor #0] util.SpillableMemoryManager: Selected heap (PS Old Gen) of size 1431830528 to monitor. collectionUsageThreshold = 1064828928, usageThreshold = 1064828928
2024-04-24T10:43:48,837  INFO [LocalJobRunner Map Task Executor #0] data.SchemaTupleBackend: Key [pig.schematuple] was not set... will not generate code.
2024-04-24T10:43:48,839  INFO [LocalJobRunner Map Task Executor #0] mapReduceLayer.PigMapOnly$Map: Aliases being processed per job phase (AliasName[line,offset]): M: A[1,4],A[-1,-1],TN[1,306],KA[1,341],KL[1,376],AP[1,411] C:  R: 
2024-04-24T10:43:48,843  INFO [LocalJobRunner Map Task Executor #0] output.FileOutputCommitter: File Output Committer Algorithm version is 2
2024-04-24T10:43:48,843  INFO [LocalJobRunner Map Task Executor #0] output.FileOutputCommitter: FileOutputCommitter skip cleanup _temporary folders under output directory:false, ignore cleanup failures: false
2024-04-24T10:43:48,858  INFO [LocalJobRunner Map Task Executor #0] output.FileOutputCommitter: File Output Committer Algorithm version is 2
2024-04-24T10:43:48,858  INFO [LocalJobRunner Map Task Executor #0] output.FileOutputCommitter: FileOutputCommitter skip cleanup _temporary folders under output directory:false, ignore cleanup failures: false
2024-04-24T10:43:48,872  INFO [LocalJobRunner Map Task Executor #0] output.FileOutputCommitter: File Output Committer Algorithm version is 2
2024-04-24T10:43:48,872  INFO [LocalJobRunner Map Task Executor #0] output.FileOutputCommitter: FileOutputCommitter skip cleanup _temporary folders under output directory:false, ignore cleanup failures: false
2024-04-24T10:43:48,886  INFO [LocalJobRunner Map Task Executor #0] output.FileOutputCommitter: File Output Committer Algorithm version is 2
2024-04-24T10:43:48,886  INFO [LocalJobRunner Map Task Executor #0] output.FileOutputCommitter: FileOutputCommitter skip cleanup _temporary folders under output directory:false, ignore cleanup failures: false
2024-04-24T10:43:48,897  INFO [LocalJobRunner Map Task Executor #0] io.RCFile: Column#0 : Plain Total Column Value Length: 6,  Compr Total Column Value Length: 6
2024-04-24T10:43:48,897  INFO [LocalJobRunner Map Task Executor #0] io.RCFile: Column#1 : Plain Total Column Value Length: 7,  Compr Total Column Value Length: 7
2024-04-24T10:43:48,897  INFO [LocalJobRunner Map Task Executor #0] io.RCFile: Column#2 : Plain Total Column Value Length: 10,  Compr Total Column Value Length: 10
2024-04-24T10:43:48,897  INFO [LocalJobRunner Map Task Executor #0] io.RCFile: Column#3 : Plain Total Column Value Length: 1,  Compr Total Column Value Length: 1
2024-04-24T10:43:48,897  INFO [LocalJobRunner Map Task Executor #0] io.RCFile: Column#0 : Plain Total Column Value Length: 6,  Compr Total Column Value Length: 6
2024-04-24T10:43:48,897  INFO [LocalJobRunner Map Task Executor #0] io.RCFile: Column#1 : Plain Total Column Value Length: 7,  Compr Total Column Value Length: 7
2024-04-24T10:43:48,897  INFO [LocalJobRunner Map Task Executor #0] io.RCFile: Column#2 : Plain Total Column Value Length: 10,  Compr Total Column Value Length: 10
2024-04-24T10:43:48,897  INFO [LocalJobRunner Map Task Executor #0] io.RCFile: Column#3 : Plain Total Column Value Length: 1,  Compr Total Column Value Length: 1
2024-04-24T10:43:48,897  INFO [LocalJobRunner Map Task Executor #0] io.RCFile: Column#0 : Plain Total Column Value Length: 6,  Compr Total Column Value Length: 6
2024-04-24T10:43:48,897  INFO [LocalJobRunner Map Task Executor #0] io.RCFile: Column#1 : Plain Total Column Value Length: 5,  Compr Total Column Value Length: 5
2024-04-24T10:43:48,897  INFO [LocalJobRunner Map Task Executor #0] io.RCFile: Column#2 : Plain Total Column Value Length: 10,  Compr Total Column Value Length: 10
2024-04-24T10:43:48,897  INFO [LocalJobRunner Map Task Executor #0] io.RCFile: Column#3 : Plain Total Column Value Length: 1,  Compr Total Column Value Length: 1
2024-04-24T10:43:48,897  INFO [LocalJobRunner Map Task Executor #0] io.RCFile: Column#0 : Plain Total Column Value Length: 6,  Compr Total Column Value Length: 6
2024-04-24T10:43:48,897  INFO [LocalJobRunner Map Task Executor #0] io.RCFile: Column#1 : Plain Total Column Value Length: 5,  Compr Total Column Value Length: 5
2024-04-24T10:43:48,897  INFO [LocalJobRunner Map Task Executor #0] io.RCFile: Column#2 : Plain Total Column Value Length: 10,  Compr Total Column Value Length: 10
2024-04-24T10:43:48,897  INFO [LocalJobRunner Map Task Executor #0] io.RCFile: Column#3 : Plain Total Column Value Length: 1,  Compr Total Column Value Length: 1
2024-04-24T10:43:48,897  INFO [LocalJobRunner Map Task Executor #0] mapred.LocalJobRunner: 
2024-04-24T10:43:48,898  INFO [LocalJobRunner Map Task Executor #0] mapred.Task: Task:attempt_local1901776045_0075_m_000000_0 is done. And is in the process of committing
2024-04-24T10:43:48,899  INFO [LocalJobRunner Map Task Executor #0] output.FileOutputCommitter: File Output Committer Algorithm version is 2
2024-04-24T10:43:48,899  INFO [LocalJobRunner Map Task Executor #0] output.FileOutputCommitter: FileOutputCommitter skip cleanup _temporary folders under output directory:false, ignore cleanup failures: false
2024-04-24T10:43:48,903  INFO [LocalJobRunner Map Task Executor #0] mapred.LocalJobRunner: 
2024-04-24T10:43:48,903  INFO [LocalJobRunner Map Task Executor #0] mapred.Task: Task attempt_local1901776045_0075_m_000000_0 is allowed to commit now
2024-04-24T10:43:48,904  INFO [LocalJobRunner Map Task Executor #0] output.FileOutputCommitter: File Output Committer Algorithm version is 2
2024-04-24T10:43:48,904  INFO [LocalJobRunner Map Task Executor #0] output.FileOutputCommitter: FileOutputCommitter skip cleanup _temporary folders under output directory:false, ignore cleanup failures: false
2024-04-24T10:43:48,905  INFO [LocalJobRunner Map Task Executor #0] output.FileOutputCommitter: Saved output of task 'attempt_local1901776045_0075_m_000000_0' to file:/home/alex/Repositories/hive/hcatalog/hcatalog-pig-adapter/build/test/data/org.apache.hive.hcatalog.mapreduce.HCatBaseTest-1713980564272/warehouse/employee/_SCRATCH0,73594722094941/emp_country=IN/emp_state=TN
2024-04-24T10:43:48,906  INFO [LocalJobRunner Map Task Executor #0] output.FileOutputCommitter: File Output Committer Algorithm version is 2
2024-04-24T10:43:48,906  INFO [LocalJobRunner Map Task Executor #0] output.FileOutputCommitter: FileOutputCommitter skip cleanup _temporary folders under output directory:false, ignore cleanup failures: false
2024-04-24T10:43:48,907  INFO [LocalJobRunner Map Task Executor #0] output.FileOutputCommitter: Saved output of task 'attempt_local1901776045_0075_m_000000_0' to file:/home/alex/Repositories/hive/hcatalog/hcatalog-pig-adapter/build/test/data/org.apache.hive.hcatalog.mapreduce.HCatBaseTest-1713980564272/warehouse/employee/_SCRATCH0,7293968941366076/emp_country=IN/emp_state=KA
2024-04-24T10:43:48,909  INFO [LocalJobRunner Map Task Executor #0] output.FileOutputCommitter: File Output Committer Algorithm version is 2
2024-04-24T10:43:48,909  INFO [LocalJobRunner Map Task Executor #0] output.FileOutputCommitter: FileOutputCommitter skip cleanup _temporary folders under output directory:false, ignore cleanup failures: false
2024-04-24T10:43:48,910  INFO [LocalJobRunner Map Task Executor #0] output.FileOutputCommitter: Saved output of task 'attempt_local1901776045_0075_m_000000_0' to file:/home/alex/Repositories/hive/hcatalog/hcatalog-pig-adapter/build/test/data/org.apache.hive.hcatalog.mapreduce.HCatBaseTest-1713980564272/warehouse/employee/_SCRATCH0,9144543979211581/emp_country=IN/emp_state=KL
2024-04-24T10:43:48,911  INFO [LocalJobRunner Map Task Executor #0] output.FileOutputCommitter: File Output Committer Algorithm version is 2
2024-04-24T10:43:48,911  INFO [LocalJobRunner Map Task Executor #0] output.FileOutputCommitter: FileOutputCommitter skip cleanup _temporary folders under output directory:false, ignore cleanup failures: false
2024-04-24T10:43:48,912  INFO [LocalJobRunner Map Task Executor #0] output.FileOutputCommitter: Saved output of task 'attempt_local1901776045_0075_m_000000_0' to file:/home/alex/Repositories/hive/hcatalog/hcatalog-pig-adapter/build/test/data/org.apache.hive.hcatalog.mapreduce.HCatBaseTest-1713980564272/warehouse/employee/_SCRATCH0,02718605234904725/emp_country=IN/emp_state=AP
2024-04-24T10:43:48,913  INFO [LocalJobRunner Map Task Executor #0] mapred.LocalJobRunner: map
2024-04-24T10:43:48,913  INFO [LocalJobRunner Map Task Executor #0] mapred.Task: Task 'attempt_local1901776045_0075_m_000000_0' done.
2024-04-24T10:43:48,913  INFO [LocalJobRunner Map Task Executor #0] mapred.Task: Final Counters for attempt_local1901776045_0075_m_000000_0: Counters: 19
	File System Counters
		FILE: Number of bytes read=94523
		FILE: Number of bytes written=42734168
		FILE: Number of read operations=0
		FILE: Number of large read operations=0
		FILE: Number of write operations=0
	Map-Reduce Framework
		Map input records=4
		Map output records=0
		Input split bytes=480
		Spilled Records=0
		Failed Shuffles=0
		Merged Map outputs=0
		GC time elapsed (ms)=0
		Total committed heap usage (bytes)=950534144
	MultiStoreCounters
		Output records in _0_employee=1
		Output records in _1_employee=1
		Output records in _2_employee=1
		Output records in _3_employee=1
	File Input Format Counters 
		Bytes Read=0
	File Output Format Counters 
		Bytes Written=0
2024-04-24T10:43:48,913  INFO [LocalJobRunner Map Task Executor #0] mapred.LocalJobRunner: Finishing task: attempt_local1901776045_0075_m_000000_0
2024-04-24T10:43:48,913  INFO [Thread-3310] mapred.LocalJobRunner: map task executor complete.
2024-04-24T10:43:48,953  WARN [Thread-3310] conf.HiveConf: HiveConf of name hive.dummyparam.test.server.specific.config.override does not exist
2024-04-24T10:43:48,953  WARN [Thread-3310] conf.HiveConf: HiveConf of name hive.dummyparam.test.server.specific.config.hivesite does not exist
2024-04-24T10:43:48,953  WARN [Thread-3310] conf.HiveConf: HiveConf of name hive.llap.io.cache.orc.alloc.max does not exist
2024-04-24T10:43:48,953  WARN [Thread-3310] conf.HiveConf: HiveConf of name hive.llap.io.cache.orc.alloc.min does not exist
2024-04-24T10:43:48,953  WARN [Thread-3310] conf.HiveConf: HiveConf of name hive.metastore.client.cache.maxSize does not exist
2024-04-24T10:43:48,953  WARN [Thread-3310] conf.HiveConf: HiveConf of name hive.stats.key.prefix.reserve.length does not exist
2024-04-24T10:43:48,953  WARN [Thread-3310] conf.HiveConf: HiveConf of name hive.metastore.client.cache.recordStats does not exist
2024-04-24T10:43:48,953  WARN [Thread-3310] conf.HiveConf: HiveConf of name hive.llap.io.cache.orc.arena.size does not exist
2024-04-24T10:43:48,953  WARN [Thread-3310] conf.HiveConf: HiveConf of name hive.metastore.metadb.dir does not exist
2024-04-24T10:43:48,953  WARN [Thread-3310] conf.HiveConf: HiveConf of name hive.dummyparam.test.server.specific.config.metastoresite does not exist
2024-04-24T10:43:48,953  WARN [Thread-3310] conf.HiveConf: HiveConf of name hive.llap.io.cache.orc.size does not exist
2024-04-24T10:43:48,954  INFO [Thread-3310] common.HCatUtil: mapreduce.lib.hcatoutput.hive.conf is set. Applying configuration differences.
2024-04-24T10:43:48,954  INFO [Thread-3310] metastore.HiveMetaStoreClient: HMS client filtering is enabled.
2024-04-24T10:43:48,955  INFO [Thread-3310] metastore.HMSHandler: 97: Opening raw store with implementation class:org.apache.hadoop.hive.metastore.ObjectStore
2024-04-24T10:43:48,955  INFO [Thread-3310] metastore.PersistenceManagerProvider: Configuration datanucleus.autoStartMechanismMode is not set. Defaulting to 'ignored'
2024-04-24T10:43:48,955  INFO [Thread-3310] metastore.ObjectStore: RawStore: org.apache.hadoop.hive.metastore.ObjectStore@7e03df97, with PersistenceManager: null will be shutdown
2024-04-24T10:43:48,955  INFO [Thread-3310] metastore.ObjectStore: RawStore: org.apache.hadoop.hive.metastore.ObjectStore@7e03df97, with PersistenceManager: org.datanucleus.api.jdo.JDOPersistenceManager@4a0109a7 created in the thread with id: 3570
2024-04-24T10:43:48,956  INFO [Thread-3310] metastore.HMSHandler: Created RawStore: org.apache.hadoop.hive.metastore.ObjectStore@7e03df97 from thread id: 3570
2024-04-24T10:43:48,956  INFO [Thread-3310] metastore.HMSHandler: HMS server filtering is disabled by configuration
2024-04-24T10:43:48,957  INFO [Thread-3310] metastore.RetryingMetaStoreClient: RetryingMetaStoreClient proxy=class org.apache.hive.hcatalog.common.HiveClientCache$CacheableHiveMetaStoreClient ugi=alex (auth:SIMPLE) retries=1 delay=1 lifetime=0
2024-04-24T10:43:48,957  INFO [Thread-3310] HiveMetaStore.audit: ugi=alex	ip=unknown-ip-addr	cmd=Cleaning up thread local RawStore...	
2024-04-24T10:43:48,957  INFO [Thread-3310] metastore.ObjectStore: RawStore: org.apache.hadoop.hive.metastore.ObjectStore@7e03df97, with PersistenceManager: org.datanucleus.api.jdo.JDOPersistenceManager@4a0109a7 will be shutdown
2024-04-24T10:43:48,957  INFO [Thread-3310] HiveMetaStore.audit: ugi=alex	ip=unknown-ip-addr	cmd=Done cleaning up thread local RawStore	
2024-04-24T10:43:48,957  INFO [Thread-3310] metastore.HiveMetaStoreClient: Closed a connection to metastore, current connections: -95
2024-04-24T10:43:48,957  INFO [Thread-3310] HiveMetaStore.audit: ugi=alex	ip=unknown-ip-addr	cmd=get_databases: @hive#NonExistentDatabaseUsedForHealthCheck	
2024-04-24T10:43:48,958  INFO [Thread-3310] metastore.HMSHandler: 97: Opening raw store with implementation class:org.apache.hadoop.hive.metastore.ObjectStore
2024-04-24T10:43:48,958  INFO [Thread-3310] metastore.ObjectStore: RawStore: org.apache.hadoop.hive.metastore.ObjectStore@552e2b12, with PersistenceManager: null will be shutdown
2024-04-24T10:43:48,959  INFO [Thread-3310] metastore.ObjectStore: RawStore: org.apache.hadoop.hive.metastore.ObjectStore@552e2b12, with PersistenceManager: org.datanucleus.api.jdo.JDOPersistenceManager@2969ebec created in the thread with id: 3570
2024-04-24T10:43:48,960  INFO [Thread-3310] metastore.HMSHandler: Created RawStore: org.apache.hadoop.hive.metastore.ObjectStore@552e2b12 from thread id: 3570
2024-04-24T10:43:49,003  WARN [Thread-3310] conf.HiveConf: HiveConf of name hive.metastore.metadb.dir does not exist
2024-04-24T10:43:49,003  WARN [Thread-3310] conf.HiveConf: HiveConf of name hive.stats.key.prefix.reserve.length does not exist
2024-04-24T10:43:49,003  WARN [Thread-3310] conf.HiveConf: HiveConf of name hive.llap.io.cache.orc.alloc.min does not exist
2024-04-24T10:43:49,003  WARN [Thread-3310] conf.HiveConf: HiveConf of name hive.dummyparam.test.server.specific.config.override does not exist
2024-04-24T10:43:49,003  WARN [Thread-3310] conf.HiveConf: HiveConf of name hive.dummyparam.test.server.specific.config.hivesite does not exist
2024-04-24T10:43:49,003  WARN [Thread-3310] conf.HiveConf: HiveConf of name hive.llap.io.cache.orc.alloc.max does not exist
2024-04-24T10:43:49,003  WARN [Thread-3310] conf.HiveConf: HiveConf of name hive.llap.io.cache.orc.arena.size does not exist
2024-04-24T10:43:49,003  WARN [Thread-3310] conf.HiveConf: HiveConf of name hive.metastore.client.cache.maxSize does not exist
2024-04-24T10:43:49,003  WARN [Thread-3310] conf.HiveConf: HiveConf of name hive.dummyparam.test.server.specific.config.metastoresite does not exist
2024-04-24T10:43:49,003  WARN [Thread-3310] conf.HiveConf: HiveConf of name hive.llap.io.cache.orc.size does not exist
2024-04-24T10:43:49,003  WARN [Thread-3310] conf.HiveConf: HiveConf of name hive.metastore.client.cache.recordStats does not exist
2024-04-24T10:43:49,003  INFO [Thread-3310] mapreduce.FileOutputCommitterContainer: HAR not is not being used. The table employee has new partitions [{emp_country=IN, emp_state=TN}].
2024-04-24T10:43:49,005  INFO [Thread-3310] HiveMetaStore.audit: ugi=alex	ip=unknown-ip-addr	cmd=get_partition : tbl=hive.default.employee[IN,TN]	
2024-04-24T10:43:49,010  INFO [Thread-3310] HiveMetaStore.audit: ugi=alex	ip=unknown-ip-addr	cmd=add_partition	
2024-04-24T10:43:49,011  INFO [Thread-3310] HiveMetaStore.audit: ugi=alex	ip=unknown-ip-addr	cmd=add_partitions	
2024-04-24T10:43:49,018  INFO [HMSHandler #11] utils.MetaStoreServerUtils: Updating partition stats fast for: employee
2024-04-24T10:43:49,018  INFO [HMSHandler #11] utils.MetaStoreServerUtils: Updated size to 109
2024-04-24T10:43:49,052  INFO [Thread-3310] mapreduce.FileOutputCommitterContainer: Cancelling delegation token for the job.
2024-04-24T10:43:49,075  INFO [main] mapReduceLayer.MapReduceLauncher: HadoopJobId: job_local1901776045_0075
2024-04-24T10:43:49,075  INFO [main] mapReduceLayer.MapReduceLauncher: Processing aliases A,AP,KA,KL,TN
2024-04-24T10:43:49,075  INFO [main] mapReduceLayer.MapReduceLauncher: detailed locations: M: A[1,4],A[-1,-1],TN[1,306],KA[1,341],KL[1,376],AP[1,411] C:  R: 
2024-04-24T10:43:49,076  INFO [main] mapReduceLayer.MapReduceLauncher: 50% complete
2024-04-24T10:43:49,076  INFO [main] mapReduceLayer.MapReduceLauncher: Running jobs are [job_local1901776045_0075]
2024-04-24T10:43:49,086  WARN [Thread-3310] conf.HiveConf: HiveConf of name hive.llap.io.cache.orc.alloc.min does not exist
2024-04-24T10:43:49,086  WARN [Thread-3310] conf.HiveConf: HiveConf of name hive.llap.io.cache.orc.size does not exist
2024-04-24T10:43:49,086  WARN [Thread-3310] conf.HiveConf: HiveConf of name hive.metastore.metadb.dir does not exist
2024-04-24T10:43:49,086  WARN [Thread-3310] conf.HiveConf: HiveConf of name hive.metastore.client.cache.maxSize does not exist
2024-04-24T10:43:49,086  WARN [Thread-3310] conf.HiveConf: HiveConf of name hive.stats.key.prefix.reserve.length does not exist
2024-04-24T10:43:49,086  WARN [Thread-3310] conf.HiveConf: HiveConf of name hive.dummyparam.test.server.specific.config.override does not exist
2024-04-24T10:43:49,086  WARN [Thread-3310] conf.HiveConf: HiveConf of name hive.llap.io.cache.orc.alloc.max does not exist
2024-04-24T10:43:49,086  WARN [Thread-3310] conf.HiveConf: HiveConf of name hive.dummyparam.test.server.specific.config.hivesite does not exist
2024-04-24T10:43:49,086  WARN [Thread-3310] conf.HiveConf: HiveConf of name hive.llap.io.cache.orc.arena.size does not exist
2024-04-24T10:43:49,086  WARN [Thread-3310] conf.HiveConf: HiveConf of name hive.metastore.client.cache.recordStats does not exist
2024-04-24T10:43:49,086  WARN [Thread-3310] conf.HiveConf: HiveConf of name hive.dummyparam.test.server.specific.config.metastoresite does not exist
2024-04-24T10:43:49,086  INFO [Thread-3310] common.HCatUtil: mapreduce.lib.hcatoutput.hive.conf is set. Applying configuration differences.
2024-04-24T10:43:49,086  INFO [Thread-3310] HiveMetaStore.audit: ugi=alex	ip=unknown-ip-addr	cmd=get_databases: @hive#NonExistentDatabaseUsedForHealthCheck	
2024-04-24T10:43:49,088  INFO [Thread-3310] mapreduce.FileOutputCommitterContainer: FileOutputCommitterContainer::cancelDelegationTokens(): Could not find tokenStrForm, or HCAT_KEY_TOKEN_SIGNATURE. Skipping token cancellation.
2024-04-24T10:43:49,126  WARN [Thread-3310] conf.HiveConf: HiveConf of name hive.dummyparam.test.server.specific.config.hivesite does not exist
2024-04-24T10:43:49,126  WARN [Thread-3310] conf.HiveConf: HiveConf of name hive.stats.key.prefix.reserve.length does not exist
2024-04-24T10:43:49,126  WARN [Thread-3310] conf.HiveConf: HiveConf of name hive.dummyparam.test.server.specific.config.override does not exist
2024-04-24T10:43:49,126  WARN [Thread-3310] conf.HiveConf: HiveConf of name hive.metastore.client.cache.recordStats does not exist
2024-04-24T10:43:49,126  WARN [Thread-3310] conf.HiveConf: HiveConf of name hive.llap.io.cache.orc.arena.size does not exist
2024-04-24T10:43:49,126  WARN [Thread-3310] conf.HiveConf: HiveConf of name hive.llap.io.cache.orc.alloc.min does not exist
2024-04-24T10:43:49,126  WARN [Thread-3310] conf.HiveConf: HiveConf of name hive.metastore.client.cache.maxSize does not exist
2024-04-24T10:43:49,126  WARN [Thread-3310] conf.HiveConf: HiveConf of name hive.llap.io.cache.orc.size does not exist
2024-04-24T10:43:49,126  WARN [Thread-3310] conf.HiveConf: HiveConf of name hive.metastore.metadb.dir does not exist
2024-04-24T10:43:49,126  WARN [Thread-3310] conf.HiveConf: HiveConf of name hive.dummyparam.test.server.specific.config.metastoresite does not exist
2024-04-24T10:43:49,126  WARN [Thread-3310] conf.HiveConf: HiveConf of name hive.llap.io.cache.orc.alloc.max does not exist
2024-04-24T10:43:49,126  INFO [Thread-3310] common.HCatUtil: mapreduce.lib.hcatoutput.hive.conf is set. Applying configuration differences.
2024-04-24T10:43:49,127  INFO [Thread-3310] HiveMetaStore.audit: ugi=alex	ip=unknown-ip-addr	cmd=get_databases: @hive#NonExistentDatabaseUsedForHealthCheck	
2024-04-24T10:43:49,135  INFO [Thread-3310] mapreduce.FileOutputCommitterContainer: HAR not is not being used. The table employee has new partitions [{emp_country=IN, emp_state=KA}].
2024-04-24T10:43:49,136  INFO [Thread-3310] HiveMetaStore.audit: ugi=alex	ip=unknown-ip-addr	cmd=get_partition : tbl=hive.default.employee[IN,KA]	
2024-04-24T10:43:49,139  INFO [Thread-3310] HiveMetaStore.audit: ugi=alex	ip=unknown-ip-addr	cmd=add_partition	
2024-04-24T10:43:49,139  INFO [Thread-3310] HiveMetaStore.audit: ugi=alex	ip=unknown-ip-addr	cmd=add_partitions	
2024-04-24T10:43:49,145  INFO [HMSHandler #12] utils.MetaStoreServerUtils: Updating partition stats fast for: employee
2024-04-24T10:43:49,146  INFO [HMSHandler #12] utils.MetaStoreServerUtils: Updated size to 109
2024-04-24T10:43:49,169  INFO [Thread-3310] mapreduce.FileOutputCommitterContainer: Cancelling delegation token for the job.
2024-04-24T10:43:49,209  WARN [Thread-3310] conf.HiveConf: HiveConf of name hive.dummyparam.test.server.specific.config.metastoresite does not exist
2024-04-24T10:43:49,209  WARN [Thread-3310] conf.HiveConf: HiveConf of name hive.llap.io.cache.orc.arena.size does not exist
2024-04-24T10:43:49,209  WARN [Thread-3310] conf.HiveConf: HiveConf of name hive.metastore.metadb.dir does not exist
2024-04-24T10:43:49,209  WARN [Thread-3310] conf.HiveConf: HiveConf of name hive.llap.io.cache.orc.size does not exist
2024-04-24T10:43:49,209  WARN [Thread-3310] conf.HiveConf: HiveConf of name hive.dummyparam.test.server.specific.config.override does not exist
2024-04-24T10:43:49,209  WARN [Thread-3310] conf.HiveConf: HiveConf of name hive.llap.io.cache.orc.alloc.max does not exist
2024-04-24T10:43:49,209  WARN [Thread-3310] conf.HiveConf: HiveConf of name hive.metastore.client.cache.recordStats does not exist
2024-04-24T10:43:49,209  WARN [Thread-3310] conf.HiveConf: HiveConf of name hive.metastore.client.cache.maxSize does not exist
2024-04-24T10:43:49,209  WARN [Thread-3310] conf.HiveConf: HiveConf of name hive.dummyparam.test.server.specific.config.hivesite does not exist
2024-04-24T10:43:49,209  WARN [Thread-3310] conf.HiveConf: HiveConf of name hive.llap.io.cache.orc.alloc.min does not exist
2024-04-24T10:43:49,209  WARN [Thread-3310] conf.HiveConf: HiveConf of name hive.stats.key.prefix.reserve.length does not exist
2024-04-24T10:43:49,210  INFO [Thread-3310] common.HCatUtil: mapreduce.lib.hcatoutput.hive.conf is set. Applying configuration differences.
2024-04-24T10:43:49,210  INFO [Thread-3310] HiveMetaStore.audit: ugi=alex	ip=unknown-ip-addr	cmd=get_databases: @hive#NonExistentDatabaseUsedForHealthCheck	
2024-04-24T10:43:49,212  INFO [Thread-3310] mapreduce.FileOutputCommitterContainer: FileOutputCommitterContainer::cancelDelegationTokens(): Could not find tokenStrForm, or HCAT_KEY_TOKEN_SIGNATURE. Skipping token cancellation.
2024-04-24T10:43:49,253  WARN [Thread-3310] conf.HiveConf: HiveConf of name hive.llap.io.cache.orc.alloc.max does not exist
2024-04-24T10:43:49,253  WARN [Thread-3310] conf.HiveConf: HiveConf of name hive.llap.io.cache.orc.alloc.min does not exist
2024-04-24T10:43:49,253  WARN [Thread-3310] conf.HiveConf: HiveConf of name hive.metastore.client.cache.maxSize does not exist
2024-04-24T10:43:49,253  WARN [Thread-3310] conf.HiveConf: HiveConf of name hive.dummyparam.test.server.specific.config.override does not exist
2024-04-24T10:43:49,253  WARN [Thread-3310] conf.HiveConf: HiveConf of name hive.metastore.metadb.dir does not exist
2024-04-24T10:43:49,253  WARN [Thread-3310] conf.HiveConf: HiveConf of name hive.dummyparam.test.server.specific.config.metastoresite does not exist
2024-04-24T10:43:49,253  WARN [Thread-3310] conf.HiveConf: HiveConf of name hive.llap.io.cache.orc.size does not exist
2024-04-24T10:43:49,253  WARN [Thread-3310] conf.HiveConf: HiveConf of name hive.llap.io.cache.orc.arena.size does not exist
2024-04-24T10:43:49,253  WARN [Thread-3310] conf.HiveConf: HiveConf of name hive.stats.key.prefix.reserve.length does not exist
2024-04-24T10:43:49,253  WARN [Thread-3310] conf.HiveConf: HiveConf of name hive.dummyparam.test.server.specific.config.hivesite does not exist
2024-04-24T10:43:49,253  WARN [Thread-3310] conf.HiveConf: HiveConf of name hive.metastore.client.cache.recordStats does not exist
2024-04-24T10:43:49,253  INFO [Thread-3310] common.HCatUtil: mapreduce.lib.hcatoutput.hive.conf is set. Applying configuration differences.
2024-04-24T10:43:49,254  INFO [Thread-3310] HiveMetaStore.audit: ugi=alex	ip=unknown-ip-addr	cmd=get_databases: @hive#NonExistentDatabaseUsedForHealthCheck	
2024-04-24T10:43:49,262  INFO [Thread-3310] mapreduce.FileOutputCommitterContainer: HAR not is not being used. The table employee has new partitions [{emp_country=IN, emp_state=KL}].
2024-04-24T10:43:49,263  INFO [Thread-3310] HiveMetaStore.audit: ugi=alex	ip=unknown-ip-addr	cmd=get_partition : tbl=hive.default.employee[IN,KL]	
2024-04-24T10:43:49,266  INFO [Thread-3310] HiveMetaStore.audit: ugi=alex	ip=unknown-ip-addr	cmd=add_partition	
2024-04-24T10:43:49,266  INFO [Thread-3310] HiveMetaStore.audit: ugi=alex	ip=unknown-ip-addr	cmd=add_partitions	
2024-04-24T10:43:49,272  INFO [HMSHandler #13] utils.MetaStoreServerUtils: Updating partition stats fast for: employee
2024-04-24T10:43:49,273  INFO [HMSHandler #13] utils.MetaStoreServerUtils: Updated size to 107
2024-04-24T10:43:49,296  INFO [Thread-3310] mapreduce.FileOutputCommitterContainer: Cancelling delegation token for the job.
2024-04-24T10:43:49,328  WARN [Thread-3310] conf.HiveConf: HiveConf of name hive.llap.io.cache.orc.arena.size does not exist
2024-04-24T10:43:49,328  WARN [Thread-3310] conf.HiveConf: HiveConf of name hive.metastore.client.cache.recordStats does not exist
2024-04-24T10:43:49,328  WARN [Thread-3310] conf.HiveConf: HiveConf of name hive.llap.io.cache.orc.size does not exist
2024-04-24T10:43:49,328  WARN [Thread-3310] conf.HiveConf: HiveConf of name hive.llap.io.cache.orc.alloc.min does not exist
2024-04-24T10:43:49,328  WARN [Thread-3310] conf.HiveConf: HiveConf of name hive.dummyparam.test.server.specific.config.hivesite does not exist
2024-04-24T10:43:49,328  WARN [Thread-3310] conf.HiveConf: HiveConf of name hive.dummyparam.test.server.specific.config.override does not exist
2024-04-24T10:43:49,328  WARN [Thread-3310] conf.HiveConf: HiveConf of name hive.metastore.metadb.dir does not exist
2024-04-24T10:43:49,328  WARN [Thread-3310] conf.HiveConf: HiveConf of name hive.llap.io.cache.orc.alloc.max does not exist
2024-04-24T10:43:49,328  WARN [Thread-3310] conf.HiveConf: HiveConf of name hive.dummyparam.test.server.specific.config.metastoresite does not exist
2024-04-24T10:43:49,328  WARN [Thread-3310] conf.HiveConf: HiveConf of name hive.metastore.client.cache.maxSize does not exist
2024-04-24T10:43:49,328  WARN [Thread-3310] conf.HiveConf: HiveConf of name hive.stats.key.prefix.reserve.length does not exist
2024-04-24T10:43:49,328  INFO [Thread-3310] common.HCatUtil: mapreduce.lib.hcatoutput.hive.conf is set. Applying configuration differences.
2024-04-24T10:43:49,329  INFO [Thread-3310] HiveMetaStore.audit: ugi=alex	ip=unknown-ip-addr	cmd=get_databases: @hive#NonExistentDatabaseUsedForHealthCheck	
2024-04-24T10:43:49,330  INFO [Thread-3310] mapreduce.FileOutputCommitterContainer: FileOutputCommitterContainer::cancelDelegationTokens(): Could not find tokenStrForm, or HCAT_KEY_TOKEN_SIGNATURE. Skipping token cancellation.
2024-04-24T10:43:49,369  WARN [Thread-3310] conf.HiveConf: HiveConf of name hive.llap.io.cache.orc.alloc.max does not exist
2024-04-24T10:43:49,369  WARN [Thread-3310] conf.HiveConf: HiveConf of name hive.metastore.metadb.dir does not exist
2024-04-24T10:43:49,369  WARN [Thread-3310] conf.HiveConf: HiveConf of name hive.dummyparam.test.server.specific.config.override does not exist
2024-04-24T10:43:49,369  WARN [Thread-3310] conf.HiveConf: HiveConf of name hive.llap.io.cache.orc.size does not exist
2024-04-24T10:43:49,369  WARN [Thread-3310] conf.HiveConf: HiveConf of name hive.metastore.client.cache.maxSize does not exist
2024-04-24T10:43:49,369  WARN [Thread-3310] conf.HiveConf: HiveConf of name hive.metastore.client.cache.recordStats does not exist
2024-04-24T10:43:49,369  WARN [Thread-3310] conf.HiveConf: HiveConf of name hive.dummyparam.test.server.specific.config.hivesite does not exist
2024-04-24T10:43:49,369  WARN [Thread-3310] conf.HiveConf: HiveConf of name hive.llap.io.cache.orc.arena.size does not exist
2024-04-24T10:43:49,369  WARN [Thread-3310] conf.HiveConf: HiveConf of name hive.llap.io.cache.orc.alloc.min does not exist
2024-04-24T10:43:49,369  WARN [Thread-3310] conf.HiveConf: HiveConf of name hive.dummyparam.test.server.specific.config.metastoresite does not exist
2024-04-24T10:43:49,369  WARN [Thread-3310] conf.HiveConf: HiveConf of name hive.stats.key.prefix.reserve.length does not exist
2024-04-24T10:43:49,369  INFO [Thread-3310] common.HCatUtil: mapreduce.lib.hcatoutput.hive.conf is set. Applying configuration differences.
2024-04-24T10:43:49,370  INFO [Thread-3310] HiveMetaStore.audit: ugi=alex	ip=unknown-ip-addr	cmd=get_databases: @hive#NonExistentDatabaseUsedForHealthCheck	
2024-04-24T10:43:49,378  INFO [Thread-3310] mapreduce.FileOutputCommitterContainer: HAR not is not being used. The table employee has new partitions [{emp_state=AP, emp_country=IN}].
2024-04-24T10:43:49,380  INFO [Thread-3310] HiveMetaStore.audit: ugi=alex	ip=unknown-ip-addr	cmd=get_partition : tbl=hive.default.employee[IN,AP]	
2024-04-24T10:43:49,383  INFO [Thread-3310] HiveMetaStore.audit: ugi=alex	ip=unknown-ip-addr	cmd=add_partition	
2024-04-24T10:43:49,383  INFO [Thread-3310] HiveMetaStore.audit: ugi=alex	ip=unknown-ip-addr	cmd=add_partitions	
2024-04-24T10:43:49,388  INFO [HMSHandler #14] utils.MetaStoreServerUtils: Updating partition stats fast for: employee
2024-04-24T10:43:49,389  INFO [HMSHandler #14] utils.MetaStoreServerUtils: Updated size to 107
2024-04-24T10:43:49,413  INFO [Thread-3310] mapreduce.FileOutputCommitterContainer: Cancelling delegation token for the job.
2024-04-24T10:43:49,445  WARN [Thread-3310] conf.HiveConf: HiveConf of name hive.dummyparam.test.server.specific.config.override does not exist
2024-04-24T10:43:49,445  WARN [Thread-3310] conf.HiveConf: HiveConf of name hive.dummyparam.test.server.specific.config.metastoresite does not exist
2024-04-24T10:43:49,445  WARN [Thread-3310] conf.HiveConf: HiveConf of name hive.metastore.metadb.dir does not exist
2024-04-24T10:43:49,445  WARN [Thread-3310] conf.HiveConf: HiveConf of name hive.metastore.client.cache.maxSize does not exist
2024-04-24T10:43:49,445  WARN [Thread-3310] conf.HiveConf: HiveConf of name hive.metastore.client.cache.recordStats does not exist
2024-04-24T10:43:49,445  WARN [Thread-3310] conf.HiveConf: HiveConf of name hive.llap.io.cache.orc.arena.size does not exist
2024-04-24T10:43:49,446  WARN [Thread-3310] conf.HiveConf: HiveConf of name hive.llap.io.cache.orc.size does not exist
2024-04-24T10:43:49,446  WARN [Thread-3310] conf.HiveConf: HiveConf of name hive.stats.key.prefix.reserve.length does not exist
2024-04-24T10:43:49,446  WARN [Thread-3310] conf.HiveConf: HiveConf of name hive.llap.io.cache.orc.alloc.max does not exist
2024-04-24T10:43:49,446  WARN [Thread-3310] conf.HiveConf: HiveConf of name hive.llap.io.cache.orc.alloc.min does not exist
2024-04-24T10:43:49,446  WARN [Thread-3310] conf.HiveConf: HiveConf of name hive.dummyparam.test.server.specific.config.hivesite does not exist
2024-04-24T10:43:49,446  INFO [Thread-3310] common.HCatUtil: mapreduce.lib.hcatoutput.hive.conf is set. Applying configuration differences.
2024-04-24T10:43:49,446  INFO [Thread-3310] HiveMetaStore.audit: ugi=alex	ip=unknown-ip-addr	cmd=get_databases: @hive#NonExistentDatabaseUsedForHealthCheck	
2024-04-24T10:43:49,447  INFO [Thread-3310] mapreduce.FileOutputCommitterContainer: FileOutputCommitterContainer::cancelDelegationTokens(): Could not find tokenStrForm, or HCAT_KEY_TOKEN_SIGNATURE. Skipping token cancellation.
2024-04-24T10:43:49,537  INFO [Metastore Scheduled Worker 0] metastore.HMSHandler: 98: Opening raw store with implementation class:org.apache.hadoop.hive.metastore.ObjectStore
2024-04-24T10:43:49,538  INFO [Metastore Scheduled Worker 0] metastore.ObjectStore: RawStore: org.apache.hadoop.hive.metastore.ObjectStore@42d2095d, with PersistenceManager: null will be shutdown
2024-04-24T10:43:49,539  INFO [Metastore Scheduled Worker 0] metastore.ObjectStore: RawStore: org.apache.hadoop.hive.metastore.ObjectStore@42d2095d, with PersistenceManager: org.datanucleus.api.jdo.JDOPersistenceManager@60ecf522 created in the thread with id: 26
2024-04-24T10:43:49,541  INFO [Metastore Scheduled Worker 0] metastore.HMSHandler: Created RawStore: org.apache.hadoop.hive.metastore.ObjectStore@42d2095d from thread id: 26
2024-04-24T10:43:49,553  WARN [main] impl.MetricsSystemImpl: JobTracker metrics system already initialized!
2024-04-24T10:43:49,556  WARN [main] impl.MetricsSystemImpl: JobTracker metrics system already initialized!
2024-04-24T10:43:49,558  WARN [main] impl.MetricsSystemImpl: JobTracker metrics system already initialized!
2024-04-24T10:43:49,571  INFO [main] pigstats.JobStats: using output size reader: org.apache.pig.backend.hadoop.executionengine.mapReduceLayer.FileBasedOutputSizeReader
2024-04-24T10:43:49,571  WARN [main] pigstats.JobStats: unable to find the output file
java.io.FileNotFoundException: File employee does not exist
	at org.apache.hadoop.fs.RawLocalFileSystem.listStatus(RawLocalFileSystem.java:464) ~[hadoop-common-3.1.0.jar:?]
	at org.apache.hadoop.fs.FileSystem.listStatus(FileSystem.java:1919) ~[hadoop-common-3.1.0.jar:?]
	at org.apache.hadoop.fs.FileSystem.listStatus(FileSystem.java:1961) ~[hadoop-common-3.1.0.jar:?]
	at org.apache.hadoop.fs.ChecksumFileSystem.listStatus(ChecksumFileSystem.java:678) ~[hadoop-common-3.1.0.jar:?]
	at org.apache.pig.backend.hadoop.executionengine.mapReduceLayer.FileBasedOutputSizeReader.getOutputSize(FileBasedOutputSizeReader.java:81) ~[pig-0.16.0-h2.jar:?]
	at org.apache.pig.tools.pigstats.JobStats.getOutputSize(JobStats.java:351) [pig-0.16.0-h2.jar:?]
	at org.apache.pig.tools.pigstats.mapreduce.MRJobStats.addOneOutputStats(MRJobStats.java:461) [pig-0.16.0-h2.jar:?]
	at org.apache.pig.tools.pigstats.mapreduce.MRJobStats.addOutputStatistics(MRJobStats.java:443) [pig-0.16.0-h2.jar:?]
	at org.apache.pig.tools.pigstats.mapreduce.MRPigStatsUtil.addSuccessJobStats(MRPigStatsUtil.java:237) [pig-0.16.0-h2.jar:?]
	at org.apache.pig.tools.pigstats.mapreduce.MRPigStatsUtil.accumulateStats(MRPigStatsUtil.java:165) [pig-0.16.0-h2.jar:?]
	at org.apache.pig.backend.hadoop.executionengine.mapReduceLayer.MapReduceLauncher.launchPig(MapReduceLauncher.java:360) [pig-0.16.0-h2.jar:?]
	at org.apache.pig.backend.hadoop.executionengine.HExecutionEngine.launchPig(HExecutionEngine.java:308) [pig-0.16.0-h2.jar:?]
	at org.apache.pig.PigServer.launchPlan(PigServer.java:1474) [pig-0.16.0-h2.jar:?]
	at org.apache.pig.PigServer.executeCompiledLogicalPlan(PigServer.java:1459) [pig-0.16.0-h2.jar:?]
	at org.apache.pig.PigServer.execute(PigServer.java:1448) [pig-0.16.0-h2.jar:?]
	at org.apache.pig.PigServer.executeBatch(PigServer.java:488) [pig-0.16.0-h2.jar:?]
	at org.apache.pig.PigServer.executeBatch(PigServer.java:471) [pig-0.16.0-h2.jar:?]
	at org.apache.hive.hcatalog.pig.AbstractHCatStorerTest.testMultiPartColsInData(AbstractHCatStorerTest.java:478) [test-classes/:?]
	at sun.reflect.NativeMethodAccessorImpl.invoke0(Native Method) ~[?:1.8.0_402]
	at sun.reflect.NativeMethodAccessorImpl.invoke(NativeMethodAccessorImpl.java:62) ~[?:1.8.0_402]
	at sun.reflect.DelegatingMethodAccessorImpl.invoke(DelegatingMethodAccessorImpl.java:43) ~[?:1.8.0_402]
	at java.lang.reflect.Method.invoke(Method.java:498) ~[?:1.8.0_402]
	at org.junit.runners.model.FrameworkMethod$1.runReflectiveCall(FrameworkMethod.java:59) [junit-4.13.jar:4.13]
	at org.junit.internal.runners.model.ReflectiveCallable.run(ReflectiveCallable.java:12) [junit-4.13.jar:4.13]
	at org.junit.runners.model.FrameworkMethod.invokeExplosively(FrameworkMethod.java:56) [junit-4.13.jar:4.13]
	at org.junit.internal.runners.statements.InvokeMethod.evaluate(InvokeMethod.java:17) [junit-4.13.jar:4.13]
	at org.junit.internal.runners.statements.RunBefores.evaluate(RunBefores.java:26) [junit-4.13.jar:4.13]
	at org.junit.runners.ParentRunner$3.evaluate(ParentRunner.java:306) [junit-4.13.jar:4.13]
	at org.junit.runners.BlockJUnit4ClassRunner$1.evaluate(BlockJUnit4ClassRunner.java:100) [junit-4.13.jar:4.13]
	at org.junit.runners.ParentRunner.runLeaf(ParentRunner.java:366) [junit-4.13.jar:4.13]
	at org.junit.runners.BlockJUnit4ClassRunner.runChild(BlockJUnit4ClassRunner.java:103) [junit-4.13.jar:4.13]
	at org.junit.runners.BlockJUnit4ClassRunner.runChild(BlockJUnit4ClassRunner.java:63) [junit-4.13.jar:4.13]
	at org.junit.runners.ParentRunner$4.run(ParentRunner.java:331) [junit-4.13.jar:4.13]
	at org.junit.runners.ParentRunner$1.schedule(ParentRunner.java:79) [junit-4.13.jar:4.13]
	at org.junit.runners.ParentRunner.runChildren(ParentRunner.java:329) [junit-4.13.jar:4.13]
	at org.junit.runners.ParentRunner.access$100(ParentRunner.java:66) [junit-4.13.jar:4.13]
	at org.junit.runners.ParentRunner$2.evaluate(ParentRunner.java:293) [junit-4.13.jar:4.13]
	at org.junit.internal.runners.statements.RunBefores.evaluate(RunBefores.java:26) [junit-4.13.jar:4.13]
	at org.junit.runners.ParentRunner$3.evaluate(ParentRunner.java:306) [junit-4.13.jar:4.13]
	at org.junit.runners.ParentRunner.run(ParentRunner.java:413) [junit-4.13.jar:4.13]
	at org.junit.runners.Suite.runChild(Suite.java:128) [junit-4.13.jar:4.13]
	at org.junit.runners.Suite.runChild(Suite.java:27) [junit-4.13.jar:4.13]
	at org.junit.runners.ParentRunner$4.run(ParentRunner.java:331) [junit-4.13.jar:4.13]
	at org.junit.runners.ParentRunner$1.schedule(ParentRunner.java:79) [junit-4.13.jar:4.13]
	at org.junit.runners.ParentRunner.runChildren(ParentRunner.java:329) [junit-4.13.jar:4.13]
	at org.junit.runners.ParentRunner.access$100(ParentRunner.java:66) [junit-4.13.jar:4.13]
	at org.junit.runners.ParentRunner$2.evaluate(ParentRunner.java:293) [junit-4.13.jar:4.13]
	at org.junit.runners.ParentRunner$3.evaluate(ParentRunner.java:306) [junit-4.13.jar:4.13]
	at org.junit.runners.ParentRunner.run(ParentRunner.java:413) [junit-4.13.jar:4.13]
	at org.apache.maven.surefire.junitcore.JUnitCore.run(JUnitCore.java:55) [surefire-junit47-3.0.0-M4.jar:3.0.0-M4]
	at org.apache.maven.surefire.junitcore.JUnitCoreWrapper.createRequestAndRun(JUnitCoreWrapper.java:137) [surefire-junit47-3.0.0-M4.jar:3.0.0-M4]
	at org.apache.maven.surefire.junitcore.JUnitCoreWrapper.executeEager(JUnitCoreWrapper.java:107) [surefire-junit47-3.0.0-M4.jar:3.0.0-M4]
	at org.apache.maven.surefire.junitcore.JUnitCoreWrapper.execute(JUnitCoreWrapper.java:83) [surefire-junit47-3.0.0-M4.jar:3.0.0-M4]
	at org.apache.maven.surefire.junitcore.JUnitCoreWrapper.execute(JUnitCoreWrapper.java:75) [surefire-junit47-3.0.0-M4.jar:3.0.0-M4]
	at org.apache.maven.surefire.junitcore.JUnitCoreProvider.invoke(JUnitCoreProvider.java:158) [surefire-junit47-3.0.0-M4.jar:3.0.0-M4]
	at org.apache.maven.surefire.booter.ForkedBooter.runSuitesInProcess(ForkedBooter.java:377) [surefire-booter-3.0.0-M4.jar:3.0.0-M4]
	at org.apache.maven.surefire.booter.ForkedBooter.execute(ForkedBooter.java:138) [surefire-booter-3.0.0-M4.jar:3.0.0-M4]
	at org.apache.maven.surefire.booter.ForkedBooter.run(ForkedBooter.java:465) [surefire-booter-3.0.0-M4.jar:3.0.0-M4]
	at org.apache.maven.surefire.booter.ForkedBooter.main(ForkedBooter.java:451) [surefire-booter-3.0.0-M4.jar:3.0.0-M4]
2024-04-24T10:43:49,572  INFO [main] pigstats.JobStats: using output size reader: org.apache.pig.backend.hadoop.executionengine.mapReduceLayer.FileBasedOutputSizeReader
2024-04-24T10:43:49,572  WARN [main] pigstats.JobStats: unable to find the output file
java.io.FileNotFoundException: File employee does not exist
	at org.apache.hadoop.fs.RawLocalFileSystem.listStatus(RawLocalFileSystem.java:464) ~[hadoop-common-3.1.0.jar:?]
	at org.apache.hadoop.fs.FileSystem.listStatus(FileSystem.java:1919) ~[hadoop-common-3.1.0.jar:?]
	at org.apache.hadoop.fs.FileSystem.listStatus(FileSystem.java:1961) ~[hadoop-common-3.1.0.jar:?]
	at org.apache.hadoop.fs.ChecksumFileSystem.listStatus(ChecksumFileSystem.java:678) ~[hadoop-common-3.1.0.jar:?]
	at org.apache.pig.backend.hadoop.executionengine.mapReduceLayer.FileBasedOutputSizeReader.getOutputSize(FileBasedOutputSizeReader.java:81) ~[pig-0.16.0-h2.jar:?]
	at org.apache.pig.tools.pigstats.JobStats.getOutputSize(JobStats.java:351) [pig-0.16.0-h2.jar:?]
	at org.apache.pig.tools.pigstats.mapreduce.MRJobStats.addOneOutputStats(MRJobStats.java:461) [pig-0.16.0-h2.jar:?]
	at org.apache.pig.tools.pigstats.mapreduce.MRJobStats.addOutputStatistics(MRJobStats.java:443) [pig-0.16.0-h2.jar:?]
	at org.apache.pig.tools.pigstats.mapreduce.MRPigStatsUtil.addSuccessJobStats(MRPigStatsUtil.java:237) [pig-0.16.0-h2.jar:?]
	at org.apache.pig.tools.pigstats.mapreduce.MRPigStatsUtil.accumulateStats(MRPigStatsUtil.java:165) [pig-0.16.0-h2.jar:?]
	at org.apache.pig.backend.hadoop.executionengine.mapReduceLayer.MapReduceLauncher.launchPig(MapReduceLauncher.java:360) [pig-0.16.0-h2.jar:?]
	at org.apache.pig.backend.hadoop.executionengine.HExecutionEngine.launchPig(HExecutionEngine.java:308) [pig-0.16.0-h2.jar:?]
	at org.apache.pig.PigServer.launchPlan(PigServer.java:1474) [pig-0.16.0-h2.jar:?]
	at org.apache.pig.PigServer.executeCompiledLogicalPlan(PigServer.java:1459) [pig-0.16.0-h2.jar:?]
	at org.apache.pig.PigServer.execute(PigServer.java:1448) [pig-0.16.0-h2.jar:?]
	at org.apache.pig.PigServer.executeBatch(PigServer.java:488) [pig-0.16.0-h2.jar:?]
	at org.apache.pig.PigServer.executeBatch(PigServer.java:471) [pig-0.16.0-h2.jar:?]
	at org.apache.hive.hcatalog.pig.AbstractHCatStorerTest.testMultiPartColsInData(AbstractHCatStorerTest.java:478) [test-classes/:?]
	at sun.reflect.NativeMethodAccessorImpl.invoke0(Native Method) ~[?:1.8.0_402]
	at sun.reflect.NativeMethodAccessorImpl.invoke(NativeMethodAccessorImpl.java:62) ~[?:1.8.0_402]
	at sun.reflect.DelegatingMethodAccessorImpl.invoke(DelegatingMethodAccessorImpl.java:43) ~[?:1.8.0_402]
	at java.lang.reflect.Method.invoke(Method.java:498) ~[?:1.8.0_402]
	at org.junit.runners.model.FrameworkMethod$1.runReflectiveCall(FrameworkMethod.java:59) [junit-4.13.jar:4.13]
	at org.junit.internal.runners.model.ReflectiveCallable.run(ReflectiveCallable.java:12) [junit-4.13.jar:4.13]
	at org.junit.runners.model.FrameworkMethod.invokeExplosively(FrameworkMethod.java:56) [junit-4.13.jar:4.13]
	at org.junit.internal.runners.statements.InvokeMethod.evaluate(InvokeMethod.java:17) [junit-4.13.jar:4.13]
	at org.junit.internal.runners.statements.RunBefores.evaluate(RunBefores.java:26) [junit-4.13.jar:4.13]
	at org.junit.runners.ParentRunner$3.evaluate(ParentRunner.java:306) [junit-4.13.jar:4.13]
	at org.junit.runners.BlockJUnit4ClassRunner$1.evaluate(BlockJUnit4ClassRunner.java:100) [junit-4.13.jar:4.13]
	at org.junit.runners.ParentRunner.runLeaf(ParentRunner.java:366) [junit-4.13.jar:4.13]
	at org.junit.runners.BlockJUnit4ClassRunner.runChild(BlockJUnit4ClassRunner.java:103) [junit-4.13.jar:4.13]
	at org.junit.runners.BlockJUnit4ClassRunner.runChild(BlockJUnit4ClassRunner.java:63) [junit-4.13.jar:4.13]
	at org.junit.runners.ParentRunner$4.run(ParentRunner.java:331) [junit-4.13.jar:4.13]
	at org.junit.runners.ParentRunner$1.schedule(ParentRunner.java:79) [junit-4.13.jar:4.13]
	at org.junit.runners.ParentRunner.runChildren(ParentRunner.java:329) [junit-4.13.jar:4.13]
	at org.junit.runners.ParentRunner.access$100(ParentRunner.java:66) [junit-4.13.jar:4.13]
	at org.junit.runners.ParentRunner$2.evaluate(ParentRunner.java:293) [junit-4.13.jar:4.13]
	at org.junit.internal.runners.statements.RunBefores.evaluate(RunBefores.java:26) [junit-4.13.jar:4.13]
	at org.junit.runners.ParentRunner$3.evaluate(ParentRunner.java:306) [junit-4.13.jar:4.13]
	at org.junit.runners.ParentRunner.run(ParentRunner.java:413) [junit-4.13.jar:4.13]
	at org.junit.runners.Suite.runChild(Suite.java:128) [junit-4.13.jar:4.13]
	at org.junit.runners.Suite.runChild(Suite.java:27) [junit-4.13.jar:4.13]
	at org.junit.runners.ParentRunner$4.run(ParentRunner.java:331) [junit-4.13.jar:4.13]
	at org.junit.runners.ParentRunner$1.schedule(ParentRunner.java:79) [junit-4.13.jar:4.13]
	at org.junit.runners.ParentRunner.runChildren(ParentRunner.java:329) [junit-4.13.jar:4.13]
	at org.junit.runners.ParentRunner.access$100(ParentRunner.java:66) [junit-4.13.jar:4.13]
	at org.junit.runners.ParentRunner$2.evaluate(ParentRunner.java:293) [junit-4.13.jar:4.13]
	at org.junit.runners.ParentRunner$3.evaluate(ParentRunner.java:306) [junit-4.13.jar:4.13]
	at org.junit.runners.ParentRunner.run(ParentRunner.java:413) [junit-4.13.jar:4.13]
	at org.apache.maven.surefire.junitcore.JUnitCore.run(JUnitCore.java:55) [surefire-junit47-3.0.0-M4.jar:3.0.0-M4]
	at org.apache.maven.surefire.junitcore.JUnitCoreWrapper.createRequestAndRun(JUnitCoreWrapper.java:137) [surefire-junit47-3.0.0-M4.jar:3.0.0-M4]
	at org.apache.maven.surefire.junitcore.JUnitCoreWrapper.executeEager(JUnitCoreWrapper.java:107) [surefire-junit47-3.0.0-M4.jar:3.0.0-M4]
	at org.apache.maven.surefire.junitcore.JUnitCoreWrapper.execute(JUnitCoreWrapper.java:83) [surefire-junit47-3.0.0-M4.jar:3.0.0-M4]
	at org.apache.maven.surefire.junitcore.JUnitCoreWrapper.execute(JUnitCoreWrapper.java:75) [surefire-junit47-3.0.0-M4.jar:3.0.0-M4]
	at org.apache.maven.surefire.junitcore.JUnitCoreProvider.invoke(JUnitCoreProvider.java:158) [surefire-junit47-3.0.0-M4.jar:3.0.0-M4]
	at org.apache.maven.surefire.booter.ForkedBooter.runSuitesInProcess(ForkedBooter.java:377) [surefire-booter-3.0.0-M4.jar:3.0.0-M4]
	at org.apache.maven.surefire.booter.ForkedBooter.execute(ForkedBooter.java:138) [surefire-booter-3.0.0-M4.jar:3.0.0-M4]
	at org.apache.maven.surefire.booter.ForkedBooter.run(ForkedBooter.java:465) [surefire-booter-3.0.0-M4.jar:3.0.0-M4]
	at org.apache.maven.surefire.booter.ForkedBooter.main(ForkedBooter.java:451) [surefire-booter-3.0.0-M4.jar:3.0.0-M4]
2024-04-24T10:43:49,572  INFO [main] pigstats.JobStats: using output size reader: org.apache.pig.backend.hadoop.executionengine.mapReduceLayer.FileBasedOutputSizeReader
2024-04-24T10:43:49,572  WARN [main] pigstats.JobStats: unable to find the output file
java.io.FileNotFoundException: File employee does not exist
	at org.apache.hadoop.fs.RawLocalFileSystem.listStatus(RawLocalFileSystem.java:464) ~[hadoop-common-3.1.0.jar:?]
	at org.apache.hadoop.fs.FileSystem.listStatus(FileSystem.java:1919) ~[hadoop-common-3.1.0.jar:?]
	at org.apache.hadoop.fs.FileSystem.listStatus(FileSystem.java:1961) ~[hadoop-common-3.1.0.jar:?]
	at org.apache.hadoop.fs.ChecksumFileSystem.listStatus(ChecksumFileSystem.java:678) ~[hadoop-common-3.1.0.jar:?]
	at org.apache.pig.backend.hadoop.executionengine.mapReduceLayer.FileBasedOutputSizeReader.getOutputSize(FileBasedOutputSizeReader.java:81) ~[pig-0.16.0-h2.jar:?]
	at org.apache.pig.tools.pigstats.JobStats.getOutputSize(JobStats.java:351) [pig-0.16.0-h2.jar:?]
	at org.apache.pig.tools.pigstats.mapreduce.MRJobStats.addOneOutputStats(MRJobStats.java:461) [pig-0.16.0-h2.jar:?]
	at org.apache.pig.tools.pigstats.mapreduce.MRJobStats.addOutputStatistics(MRJobStats.java:443) [pig-0.16.0-h2.jar:?]
	at org.apache.pig.tools.pigstats.mapreduce.MRPigStatsUtil.addSuccessJobStats(MRPigStatsUtil.java:237) [pig-0.16.0-h2.jar:?]
	at org.apache.pig.tools.pigstats.mapreduce.MRPigStatsUtil.accumulateStats(MRPigStatsUtil.java:165) [pig-0.16.0-h2.jar:?]
	at org.apache.pig.backend.hadoop.executionengine.mapReduceLayer.MapReduceLauncher.launchPig(MapReduceLauncher.java:360) [pig-0.16.0-h2.jar:?]
	at org.apache.pig.backend.hadoop.executionengine.HExecutionEngine.launchPig(HExecutionEngine.java:308) [pig-0.16.0-h2.jar:?]
	at org.apache.pig.PigServer.launchPlan(PigServer.java:1474) [pig-0.16.0-h2.jar:?]
	at org.apache.pig.PigServer.executeCompiledLogicalPlan(PigServer.java:1459) [pig-0.16.0-h2.jar:?]
	at org.apache.pig.PigServer.execute(PigServer.java:1448) [pig-0.16.0-h2.jar:?]
	at org.apache.pig.PigServer.executeBatch(PigServer.java:488) [pig-0.16.0-h2.jar:?]
	at org.apache.pig.PigServer.executeBatch(PigServer.java:471) [pig-0.16.0-h2.jar:?]
	at org.apache.hive.hcatalog.pig.AbstractHCatStorerTest.testMultiPartColsInData(AbstractHCatStorerTest.java:478) [test-classes/:?]
	at sun.reflect.NativeMethodAccessorImpl.invoke0(Native Method) ~[?:1.8.0_402]
	at sun.reflect.NativeMethodAccessorImpl.invoke(NativeMethodAccessorImpl.java:62) ~[?:1.8.0_402]
	at sun.reflect.DelegatingMethodAccessorImpl.invoke(DelegatingMethodAccessorImpl.java:43) ~[?:1.8.0_402]
	at java.lang.reflect.Method.invoke(Method.java:498) ~[?:1.8.0_402]
	at org.junit.runners.model.FrameworkMethod$1.runReflectiveCall(FrameworkMethod.java:59) [junit-4.13.jar:4.13]
	at org.junit.internal.runners.model.ReflectiveCallable.run(ReflectiveCallable.java:12) [junit-4.13.jar:4.13]
	at org.junit.runners.model.FrameworkMethod.invokeExplosively(FrameworkMethod.java:56) [junit-4.13.jar:4.13]
	at org.junit.internal.runners.statements.InvokeMethod.evaluate(InvokeMethod.java:17) [junit-4.13.jar:4.13]
	at org.junit.internal.runners.statements.RunBefores.evaluate(RunBefores.java:26) [junit-4.13.jar:4.13]
	at org.junit.runners.ParentRunner$3.evaluate(ParentRunner.java:306) [junit-4.13.jar:4.13]
	at org.junit.runners.BlockJUnit4ClassRunner$1.evaluate(BlockJUnit4ClassRunner.java:100) [junit-4.13.jar:4.13]
	at org.junit.runners.ParentRunner.runLeaf(ParentRunner.java:366) [junit-4.13.jar:4.13]
	at org.junit.runners.BlockJUnit4ClassRunner.runChild(BlockJUnit4ClassRunner.java:103) [junit-4.13.jar:4.13]
	at org.junit.runners.BlockJUnit4ClassRunner.runChild(BlockJUnit4ClassRunner.java:63) [junit-4.13.jar:4.13]
	at org.junit.runners.ParentRunner$4.run(ParentRunner.java:331) [junit-4.13.jar:4.13]
	at org.junit.runners.ParentRunner$1.schedule(ParentRunner.java:79) [junit-4.13.jar:4.13]
	at org.junit.runners.ParentRunner.runChildren(ParentRunner.java:329) [junit-4.13.jar:4.13]
	at org.junit.runners.ParentRunner.access$100(ParentRunner.java:66) [junit-4.13.jar:4.13]
	at org.junit.runners.ParentRunner$2.evaluate(ParentRunner.java:293) [junit-4.13.jar:4.13]
	at org.junit.internal.runners.statements.RunBefores.evaluate(RunBefores.java:26) [junit-4.13.jar:4.13]
	at org.junit.runners.ParentRunner$3.evaluate(ParentRunner.java:306) [junit-4.13.jar:4.13]
	at org.junit.runners.ParentRunner.run(ParentRunner.java:413) [junit-4.13.jar:4.13]
	at org.junit.runners.Suite.runChild(Suite.java:128) [junit-4.13.jar:4.13]
	at org.junit.runners.Suite.runChild(Suite.java:27) [junit-4.13.jar:4.13]
	at org.junit.runners.ParentRunner$4.run(ParentRunner.java:331) [junit-4.13.jar:4.13]
	at org.junit.runners.ParentRunner$1.schedule(ParentRunner.java:79) [junit-4.13.jar:4.13]
	at org.junit.runners.ParentRunner.runChildren(ParentRunner.java:329) [junit-4.13.jar:4.13]
	at org.junit.runners.ParentRunner.access$100(ParentRunner.java:66) [junit-4.13.jar:4.13]
	at org.junit.runners.ParentRunner$2.evaluate(ParentRunner.java:293) [junit-4.13.jar:4.13]
	at org.junit.runners.ParentRunner$3.evaluate(ParentRunner.java:306) [junit-4.13.jar:4.13]
	at org.junit.runners.ParentRunner.run(ParentRunner.java:413) [junit-4.13.jar:4.13]
	at org.apache.maven.surefire.junitcore.JUnitCore.run(JUnitCore.java:55) [surefire-junit47-3.0.0-M4.jar:3.0.0-M4]
	at org.apache.maven.surefire.junitcore.JUnitCoreWrapper.createRequestAndRun(JUnitCoreWrapper.java:137) [surefire-junit47-3.0.0-M4.jar:3.0.0-M4]
	at org.apache.maven.surefire.junitcore.JUnitCoreWrapper.executeEager(JUnitCoreWrapper.java:107) [surefire-junit47-3.0.0-M4.jar:3.0.0-M4]
	at org.apache.maven.surefire.junitcore.JUnitCoreWrapper.execute(JUnitCoreWrapper.java:83) [surefire-junit47-3.0.0-M4.jar:3.0.0-M4]
	at org.apache.maven.surefire.junitcore.JUnitCoreWrapper.execute(JUnitCoreWrapper.java:75) [surefire-junit47-3.0.0-M4.jar:3.0.0-M4]
	at org.apache.maven.surefire.junitcore.JUnitCoreProvider.invoke(JUnitCoreProvider.java:158) [surefire-junit47-3.0.0-M4.jar:3.0.0-M4]
	at org.apache.maven.surefire.booter.ForkedBooter.runSuitesInProcess(ForkedBooter.java:377) [surefire-booter-3.0.0-M4.jar:3.0.0-M4]
	at org.apache.maven.surefire.booter.ForkedBooter.execute(ForkedBooter.java:138) [surefire-booter-3.0.0-M4.jar:3.0.0-M4]
	at org.apache.maven.surefire.booter.ForkedBooter.run(ForkedBooter.java:465) [surefire-booter-3.0.0-M4.jar:3.0.0-M4]
	at org.apache.maven.surefire.booter.ForkedBooter.main(ForkedBooter.java:451) [surefire-booter-3.0.0-M4.jar:3.0.0-M4]
2024-04-24T10:43:49,573  INFO [main] pigstats.JobStats: using output size reader: org.apache.pig.backend.hadoop.executionengine.mapReduceLayer.FileBasedOutputSizeReader
2024-04-24T10:43:49,573  WARN [main] pigstats.JobStats: unable to find the output file
java.io.FileNotFoundException: File employee does not exist
	at org.apache.hadoop.fs.RawLocalFileSystem.listStatus(RawLocalFileSystem.java:464) ~[hadoop-common-3.1.0.jar:?]
	at org.apache.hadoop.fs.FileSystem.listStatus(FileSystem.java:1919) ~[hadoop-common-3.1.0.jar:?]
	at org.apache.hadoop.fs.FileSystem.listStatus(FileSystem.java:1961) ~[hadoop-common-3.1.0.jar:?]
	at org.apache.hadoop.fs.ChecksumFileSystem.listStatus(ChecksumFileSystem.java:678) ~[hadoop-common-3.1.0.jar:?]
	at org.apache.pig.backend.hadoop.executionengine.mapReduceLayer.FileBasedOutputSizeReader.getOutputSize(FileBasedOutputSizeReader.java:81) ~[pig-0.16.0-h2.jar:?]
	at org.apache.pig.tools.pigstats.JobStats.getOutputSize(JobStats.java:351) [pig-0.16.0-h2.jar:?]
	at org.apache.pig.tools.pigstats.mapreduce.MRJobStats.addOneOutputStats(MRJobStats.java:461) [pig-0.16.0-h2.jar:?]
	at org.apache.pig.tools.pigstats.mapreduce.MRJobStats.addOutputStatistics(MRJobStats.java:443) [pig-0.16.0-h2.jar:?]
	at org.apache.pig.tools.pigstats.mapreduce.MRPigStatsUtil.addSuccessJobStats(MRPigStatsUtil.java:237) [pig-0.16.0-h2.jar:?]
	at org.apache.pig.tools.pigstats.mapreduce.MRPigStatsUtil.accumulateStats(MRPigStatsUtil.java:165) [pig-0.16.0-h2.jar:?]
	at org.apache.pig.backend.hadoop.executionengine.mapReduceLayer.MapReduceLauncher.launchPig(MapReduceLauncher.java:360) [pig-0.16.0-h2.jar:?]
	at org.apache.pig.backend.hadoop.executionengine.HExecutionEngine.launchPig(HExecutionEngine.java:308) [pig-0.16.0-h2.jar:?]
	at org.apache.pig.PigServer.launchPlan(PigServer.java:1474) [pig-0.16.0-h2.jar:?]
	at org.apache.pig.PigServer.executeCompiledLogicalPlan(PigServer.java:1459) [pig-0.16.0-h2.jar:?]
	at org.apache.pig.PigServer.execute(PigServer.java:1448) [pig-0.16.0-h2.jar:?]
	at org.apache.pig.PigServer.executeBatch(PigServer.java:488) [pig-0.16.0-h2.jar:?]
	at org.apache.pig.PigServer.executeBatch(PigServer.java:471) [pig-0.16.0-h2.jar:?]
	at org.apache.hive.hcatalog.pig.AbstractHCatStorerTest.testMultiPartColsInData(AbstractHCatStorerTest.java:478) [test-classes/:?]
	at sun.reflect.NativeMethodAccessorImpl.invoke0(Native Method) ~[?:1.8.0_402]
	at sun.reflect.NativeMethodAccessorImpl.invoke(NativeMethodAccessorImpl.java:62) ~[?:1.8.0_402]
	at sun.reflect.DelegatingMethodAccessorImpl.invoke(DelegatingMethodAccessorImpl.java:43) ~[?:1.8.0_402]
	at java.lang.reflect.Method.invoke(Method.java:498) ~[?:1.8.0_402]
	at org.junit.runners.model.FrameworkMethod$1.runReflectiveCall(FrameworkMethod.java:59) [junit-4.13.jar:4.13]
	at org.junit.internal.runners.model.ReflectiveCallable.run(ReflectiveCallable.java:12) [junit-4.13.jar:4.13]
	at org.junit.runners.model.FrameworkMethod.invokeExplosively(FrameworkMethod.java:56) [junit-4.13.jar:4.13]
	at org.junit.internal.runners.statements.InvokeMethod.evaluate(InvokeMethod.java:17) [junit-4.13.jar:4.13]
	at org.junit.internal.runners.statements.RunBefores.evaluate(RunBefores.java:26) [junit-4.13.jar:4.13]
	at org.junit.runners.ParentRunner$3.evaluate(ParentRunner.java:306) [junit-4.13.jar:4.13]
	at org.junit.runners.BlockJUnit4ClassRunner$1.evaluate(BlockJUnit4ClassRunner.java:100) [junit-4.13.jar:4.13]
	at org.junit.runners.ParentRunner.runLeaf(ParentRunner.java:366) [junit-4.13.jar:4.13]
	at org.junit.runners.BlockJUnit4ClassRunner.runChild(BlockJUnit4ClassRunner.java:103) [junit-4.13.jar:4.13]
	at org.junit.runners.BlockJUnit4ClassRunner.runChild(BlockJUnit4ClassRunner.java:63) [junit-4.13.jar:4.13]
	at org.junit.runners.ParentRunner$4.run(ParentRunner.java:331) [junit-4.13.jar:4.13]
	at org.junit.runners.ParentRunner$1.schedule(ParentRunner.java:79) [junit-4.13.jar:4.13]
	at org.junit.runners.ParentRunner.runChildren(ParentRunner.java:329) [junit-4.13.jar:4.13]
	at org.junit.runners.ParentRunner.access$100(ParentRunner.java:66) [junit-4.13.jar:4.13]
	at org.junit.runners.ParentRunner$2.evaluate(ParentRunner.java:293) [junit-4.13.jar:4.13]
	at org.junit.internal.runners.statements.RunBefores.evaluate(RunBefores.java:26) [junit-4.13.jar:4.13]
	at org.junit.runners.ParentRunner$3.evaluate(ParentRunner.java:306) [junit-4.13.jar:4.13]
	at org.junit.runners.ParentRunner.run(ParentRunner.java:413) [junit-4.13.jar:4.13]
	at org.junit.runners.Suite.runChild(Suite.java:128) [junit-4.13.jar:4.13]
	at org.junit.runners.Suite.runChild(Suite.java:27) [junit-4.13.jar:4.13]
	at org.junit.runners.ParentRunner$4.run(ParentRunner.java:331) [junit-4.13.jar:4.13]
	at org.junit.runners.ParentRunner$1.schedule(ParentRunner.java:79) [junit-4.13.jar:4.13]
	at org.junit.runners.ParentRunner.runChildren(ParentRunner.java:329) [junit-4.13.jar:4.13]
	at org.junit.runners.ParentRunner.access$100(ParentRunner.java:66) [junit-4.13.jar:4.13]
	at org.junit.runners.ParentRunner$2.evaluate(ParentRunner.java:293) [junit-4.13.jar:4.13]
	at org.junit.runners.ParentRunner$3.evaluate(ParentRunner.java:306) [junit-4.13.jar:4.13]
	at org.junit.runners.ParentRunner.run(ParentRunner.java:413) [junit-4.13.jar:4.13]
	at org.apache.maven.surefire.junitcore.JUnitCore.run(JUnitCore.java:55) [surefire-junit47-3.0.0-M4.jar:3.0.0-M4]
	at org.apache.maven.surefire.junitcore.JUnitCoreWrapper.createRequestAndRun(JUnitCoreWrapper.java:137) [surefire-junit47-3.0.0-M4.jar:3.0.0-M4]
	at org.apache.maven.surefire.junitcore.JUnitCoreWrapper.executeEager(JUnitCoreWrapper.java:107) [surefire-junit47-3.0.0-M4.jar:3.0.0-M4]
	at org.apache.maven.surefire.junitcore.JUnitCoreWrapper.execute(JUnitCoreWrapper.java:83) [surefire-junit47-3.0.0-M4.jar:3.0.0-M4]
	at org.apache.maven.surefire.junitcore.JUnitCoreWrapper.execute(JUnitCoreWrapper.java:75) [surefire-junit47-3.0.0-M4.jar:3.0.0-M4]
	at org.apache.maven.surefire.junitcore.JUnitCoreProvider.invoke(JUnitCoreProvider.java:158) [surefire-junit47-3.0.0-M4.jar:3.0.0-M4]
	at org.apache.maven.surefire.booter.ForkedBooter.runSuitesInProcess(ForkedBooter.java:377) [surefire-booter-3.0.0-M4.jar:3.0.0-M4]
	at org.apache.maven.surefire.booter.ForkedBooter.execute(ForkedBooter.java:138) [surefire-booter-3.0.0-M4.jar:3.0.0-M4]
	at org.apache.maven.surefire.booter.ForkedBooter.run(ForkedBooter.java:465) [surefire-booter-3.0.0-M4.jar:3.0.0-M4]
	at org.apache.maven.surefire.booter.ForkedBooter.main(ForkedBooter.java:451) [surefire-booter-3.0.0-M4.jar:3.0.0-M4]
2024-04-24T10:43:49,573  INFO [main] mapReduceLayer.MapReduceLauncher: 100% complete
2024-04-24T10:43:49,573  INFO [main] mapreduce.SimplePigStats: Script Statistics: 

HadoopVersion	PigVersion	UserId	StartedAt	FinishedAt	Features
3.1.0	0.16.0	alex	2024-04-24 10:43:48	2024-04-24 10:43:49	FILTER

Success!

Job Stats (time in seconds):
JobId	Maps	Reduces	MaxMapTime	MinMapTime	AvgMapTime	MedianMapTime	MaxReduceTime	MinReduceTime	AvgReduceTime	MedianReducetime	Alias	Feature	Outputs
job_local1901776045_0075	1	0	n/a	n/a	n/a	n/a	0	0	0	0	A,AP,KA,KL,TN	MULTI_QUERY,MAP_ONLY	employee,employee,employee,employee,

Input(s):
Successfully read 4 records from: "/home/alex/Repositories/hive/hcatalog/hcatalog-pig-adapter/build/test/data/org.apache.hive.hcatalog.mapreduce.HCatBaseTest-1713980564272/input.data"

Output(s):
Successfully stored 1 records in: "employee"
Successfully stored 1 records in: "employee"
Successfully stored 1 records in: "employee"
Successfully stored 1 records in: "employee"

Counters:
Total records written : 4
Total bytes written : 0
Spillable Memory Manager spill count : 0
Total bags proactively spilled: 0
Total records proactively spilled: 0

Job DAG:
job_local1901776045_0075


2024-04-24T10:43:49,577  WARN [main] impl.MetricsSystemImpl: JobTracker metrics system already initialized!
2024-04-24T10:43:49,579  WARN [main] impl.MetricsSystemImpl: JobTracker metrics system already initialized!
2024-04-24T10:43:49,580  INFO [main] mapReduceLayer.MapReduceLauncher: Success!
2024-04-24T10:43:49,581  INFO [main] ql.Driver: Compiling command(queryId=alex_20240424104348_843ac04a-199f-4929-bf14-c08758d73a34): select * from employee
2024-04-24T10:43:49,582  INFO [main] parse.CalcitePlanner: Starting caching scope for: alex_20240424104348_843ac04a-199f-4929-bf14-c08758d73a34
2024-04-24T10:43:49,582  INFO [main] parse.CalcitePlanner: Starting Semantic Analysis
2024-04-24T10:43:49,582  INFO [main] parse.CalcitePlanner: Completed phase 1 of Semantic Analysis
2024-04-24T10:43:49,582  INFO [main] parse.CalcitePlanner: Get metadata for source tables
2024-04-24T10:43:49,582  INFO [main] HiveMetaStore.audit: ugi=alex	ip=unknown-ip-addr	cmd=get_table : tbl=hive.default.employee	
2024-04-24T10:43:49,612  INFO [main] metastore.HMSHandler: Skipping translation for processor with null
2024-04-24T10:43:49,613  INFO [main] parse.CalcitePlanner: Get metadata for subqueries
2024-04-24T10:43:49,613  INFO [main] parse.CalcitePlanner: Get metadata for destination tables
2024-04-24T10:43:49,613  INFO [main] parse.CalcitePlanner: Completed getting MetaData in Semantic Analysis
2024-04-24T10:43:49,625  INFO [main] HiveMetaStore.audit: ugi=alex	ip=unknown-ip-addr	cmd=get_all_table_constraints : tbl=hive.default.employee	
2024-04-24T10:43:49,633  INFO [main] calcite.RelOptHiveTable: Calculating column statistics for default.employee, projIndxSet: [0, 1, 2, 3, 4, 5], allowMissingStats: true
2024-04-24T10:43:49,633  INFO [main] HiveMetaStore.audit: ugi=alex	ip=unknown-ip-addr	cmd=get_partitions : tbl=hive.default.employee	
2024-04-24T10:43:49,666  INFO [main] HiveMetaStore.audit: ugi=alex	ip=unknown-ip-addr	cmd=get_aggr_stats_for: table=hive.default.employee	
2024-04-24T10:43:49,686  WARN [main] calcite.RelOptHiveTable: No Stats for default@employee, Columns: emp_gender, emp_name, emp_id, emp_start_date
No Stats for default@employee, Columns: emp_gender, emp_name, emp_id, emp_start_date
2024-04-24T10:43:49,686  INFO [main] SessionState: No Stats for default@employee, Columns: emp_gender, emp_name, emp_id, emp_start_date
2024-04-24T10:43:49,732  INFO [main] parse.CalcitePlanner: Get metadata for source tables
2024-04-24T10:43:49,732  INFO [main] parse.CalcitePlanner: Get metadata for subqueries
2024-04-24T10:43:49,732  INFO [main] parse.CalcitePlanner: Get metadata for destination tables
2024-04-24T10:43:49,733  INFO [main] common.FileUtils: Creating directory if it doesn't exist: file:/home/alex/Repositories/hive/hcatalog/hcatalog-pig-adapter/target/tmp/localscratchdir/bb847bdf-2cb7-4c28-bec7-79c6ccda528a/hive_2024-04-24_10-43-49_581_1666283442921615084-1/-mr-10001/.hive-staging_hive_2024-04-24_10-43-49_581_1666283442921615084-1
2024-04-24T10:43:49,740  INFO [main] parse.CalcitePlanner: CBO Succeeded; optimized logical plan.
2024-04-24T10:43:49,742  INFO [main] optimizer.BucketVersionPopulator: not considering bucketingVersion for: TS[0] because it has -1<2 buckets 
2024-04-24T10:43:49,743  INFO [main] parse.CalcitePlanner: Completed plan generation
2024-04-24T10:43:49,743  INFO [main] parse.CalcitePlanner: Ending caching scope for: alex_20240424104348_843ac04a-199f-4929-bf14-c08758d73a34
2024-04-24T10:43:49,744  INFO [main] ql.Driver: Semantic Analysis Completed (retrial = false)
2024-04-24T10:43:49,744  INFO [main] ql.Driver: Created Hive schema: Schema(fieldSchemas:[FieldSchema(name:employee.emp_id, type:int, comment:null), FieldSchema(name:employee.emp_name, type:string, comment:null), FieldSchema(name:employee.emp_start_date, type:string, comment:null), FieldSchema(name:employee.emp_gender, type:string, comment:null), FieldSchema(name:employee.emp_country, type:string, comment:null), FieldSchema(name:employee.emp_state, type:string, comment:null)], properties:null)
2024-04-24T10:43:49,745  INFO [main] exec.TableScanOperator: Initializing Operator: TS[0]
2024-04-24T10:43:49,745  INFO [main] exec.SelectOperator: Initializing Operator: SEL[1]
2024-04-24T10:43:49,745  INFO [main] exec.SelectOperator: SELECT struct<emp_id:int,emp_name:string,emp_start_date:string,emp_gender:string,emp_country:string,emp_state:string>
2024-04-24T10:43:49,745  INFO [main] exec.ListSinkOperator: Initializing Operator: LIST_SINK[3]
2024-04-24T10:43:49,746  INFO [main] metadata.Hive: Dumping metastore api call timing information for : compilation phase
2024-04-24T10:43:49,746  INFO [main] metadata.Hive: Total time spent in each metastore function (ms): {isCompatibleWith_(Configuration)=0, getTable_(GetTableRequest)=30, getAggrColStatsFor_(String, String, List, List, String, String)=19, flushCache_()=0, getAllTableConstraints_(AllTableConstraintsRequest)=5, listPartitions_(String, String, short)=32}
2024-04-24T10:43:49,746  INFO [main] ql.Driver: Completed compiling command(queryId=alex_20240424104348_843ac04a-199f-4929-bf14-c08758d73a34); Time taken: 0.165 seconds
2024-04-24T10:43:49,746  INFO [main] reexec.ReExecDriver: Execution #1 of query
2024-04-24T10:43:49,746  INFO [main] ql.Driver: Concurrency mode is disabled, not creating a lock manager
2024-04-24T10:43:49,746  INFO [main] ql.Driver: Executing command(queryId=alex_20240424104348_843ac04a-199f-4929-bf14-c08758d73a34): select * from employee
2024-04-24T10:43:49,746  INFO [main] metadata.Hive: Dumping metastore api call timing information for : execution phase
2024-04-24T10:43:49,747  INFO [main] metadata.Hive: Total time spent in each metastore function (ms): {}
2024-04-24T10:43:49,747  INFO [main] ql.Driver: Completed executing command(queryId=alex_20240424104348_843ac04a-199f-4929-bf14-c08758d73a34); Time taken: 0.0 seconds
2024-04-24T10:43:49,750  INFO [main] mapred.FileInputFormat: Total input files to process : 1
2024-04-24T10:43:49,754  INFO [main] mapred.FileInputFormat: Total input files to process : 1
2024-04-24T10:43:49,757  INFO [main] mapred.FileInputFormat: Total input files to process : 1
2024-04-24T10:43:49,761  INFO [main] mapred.FileInputFormat: Total input files to process : 1
2024-04-24T10:43:49,762  INFO [main] exec.TableScanOperator: Closing Operator: TS[0]
2024-04-24T10:43:49,762  INFO [main] exec.TableScanOperator: RECORDS_OUT_OPERATOR_TS_0:4, RECORDS_OUT_INTERMEDIATE:0, 
2024-04-24T10:43:49,762  INFO [main] exec.SelectOperator: Closing Operator: SEL[1]
2024-04-24T10:43:49,762  INFO [main] exec.SelectOperator: RECORDS_OUT_OPERATOR_SEL_1:4, RECORDS_OUT_INTERMEDIATE:0, 
2024-04-24T10:43:49,762  INFO [main] exec.ListSinkOperator: Closing Operator: LIST_SINK[3]
2024-04-24T10:43:49,762  INFO [main] exec.ListSinkOperator: RECORDS_OUT_INTERMEDIATE:0, RECORDS_OUT_OPERATOR_LIST_SINK_3:4, 
2024-04-24T10:43:49,762  INFO [main] HiveMetaStore.audit: ugi=alex	ip=unknown-ip-addr	cmd=get_table : tbl=hive.default.employee	
2024-04-24T10:43:49,774  INFO [main] metastore.HMSHandler: Skipping translation for processor with null
]]></system-err>
  </testcase>
  <testcase name="testStaticPartitioningMultiPartColsNoData" classname="org.apache.hive.hcatalog.pig.TestRCFileHCatStorer" time="1.287"/>
  <testcase name="testStoreMultiTables" classname="org.apache.hive.hcatalog.pig.TestRCFileHCatStorer" time="1.468"/>
  <testcase name="testStoreWithNoSchema" classname="org.apache.hive.hcatalog.pig.TestRCFileHCatStorer" time="0.898"/>
  <testcase name="testNoAlias" classname="org.apache.hive.hcatalog.pig.TestRCFileHCatStorer" time="0.281"/>
  <testcase name="testWriteTimestamp" classname="org.apache.hive.hcatalog.pig.TestRCFileHCatStorer" time="3.696"/>
  <testcase name="testWriteDecimalXY" classname="org.apache.hive.hcatalog.pig.TestRCFileHCatStorer" time="4.175"/>
  <testcase name="testStoreFuncSimple" classname="org.apache.hive.hcatalog.pig.TestRCFileHCatStorer" time="0.838"/>
</testsuite>