<?xml version="1.0" encoding="UTF-8"?>
<testsuite xmlns:xsi="http://www.w3.org/2001/XMLSchema-instance" xsi:noNamespaceSchemaLocation="https://maven.apache.org/surefire/maven-surefire-plugin/xsd/surefire-test-report-3.0.xsd" version="3.0" name="org.apache.hive.hcatalog.pig.TestHCatStorer" time="85.522" tests="203" errors="0" skipped="174" failures="2">
  <properties>
    <property name="build.test.dir" value="/home/alex/Repositories/hive/hcatalog/hcatalog-pig-adapter/target/tmp"/>
    <property name="awt.toolkit" value="sun.awt.X11.XToolkit"/>
    <property name="test.tmp.dir.uri" value="file:///home/alex/Repositories/hive/hcatalog/hcatalog-pig-adapter/target/tmp"/>
    <property name="java.specification.version" value="1.8"/>
    <property name="qfile" value=""/>
    <property name="test.warehouse.dir" value="pfile:///home/alex/Repositories/hive/hcatalog/hcatalog-pig-adapter/target/warehouse"/>
    <property name="sun.cpu.isalist" value=""/>
    <property name="sun.jnu.encoding" value="UTF-8"/>
    <property name="run_disabled" value=""/>
    <property name="nondexPrintstack" value="false"/>
    <property name="sun.arch.data.model" value="64"/>
    <property name="java.vendor.url" value="http://java.oracle.com/"/>
    <property name="user.country.format" value="PT"/>
    <property name="test.tmp.dir" value="/home/alex/Repositories/hive/hcatalog/hcatalog-pig-adapter/target/tmp"/>
    <property name="sun.boot.library.path" value="/usr/lib/jvm/java-8-openjdk-amd64/jre/lib/amd64"/>
    <property name="sun.java.command" value="/home/alex/Repositories/hive/hcatalog/hcatalog-pig-adapter/target/surefire/surefirebooter8541587889280505138.jar /home/alex/Repositories/hive/hcatalog/hcatalog-pig-adapter/target/surefire 2024-04-23T21-59-46_173-jvmRun1 surefire1711074669035259064tmp surefire_37948265105083309568522tmp"/>
    <property name="nondexExecid" value="0ggB4wJvgjbFfVd2uKl80UyrBJDENmh26OwmBxHk0="/>
    <property name="java.specification.vendor" value="Oracle Corporation"/>
    <property name="java.home" value="/usr/lib/jvm/java-8-openjdk-amd64/jre"/>
    <property name="basedir" value="/home/alex/Repositories/hive/hcatalog/hcatalog-pig-adapter"/>
    <property name="file.separator" value="/"/>
    <property name="nondexEnd" value="9223372036854775807"/>
    <property name="line.separator" value="&#10;"/>
    <property name="java.specification.name" value="Java Platform API Specification"/>
    <property name="java.vm.specification.vendor" value="Oracle Corporation"/>
    <property name="derby.stream.error.file" value="/home/alex/Repositories/hive/hcatalog/hcatalog-pig-adapter/target/tmp/derby.log"/>
    <property name="sun.boot.class.path" value="/home/alex/Repositories/hive/hcatalog/hcatalog-pig-adapter/.nondex/nondex-instr.jar:/home/alex/.m2/repository/edu/illinois/nondex-common/2.1.7/nondex-common-2.1.7.jar:/home/alex/.m2/repository/edu/illinois/nondex-annotations/2.1.7/nondex-annotations-2.1.7.jar:/usr/lib/jvm/java-8-openjdk-amd64/jre/lib/resources.jar:/usr/lib/jvm/java-8-openjdk-amd64/jre/lib/rt.jar:/usr/lib/jvm/java-8-openjdk-amd64/jre/lib/sunrsasign.jar:/usr/lib/jvm/java-8-openjdk-amd64/jre/lib/jsse.jar:/usr/lib/jvm/java-8-openjdk-amd64/jre/lib/jce.jar:/usr/lib/jvm/java-8-openjdk-amd64/jre/lib/charsets.jar:/usr/lib/jvm/java-8-openjdk-amd64/jre/lib/jfr.jar:/usr/lib/jvm/java-8-openjdk-amd64/jre/classes"/>
    <property name="log4j.debug" value="true"/>
    <property name="sun.management.compiler" value="HotSpot 64-Bit Tiered Compilers"/>
    <property name="spark.home" value=""/>
    <property name="java.runtime.version" value="1.8.0_402-8u402-ga-2ubuntu1~22.04-b06"/>
    <property name="user.name" value="alex"/>
    <property name="test.src.tables" value=""/>
    <property name="file.encoding" value="UTF-8"/>
    <property name="qfile_regex" value=""/>
    <property name="hadoop.bin.path" value="/home/alex/Repositories/hive/hcatalog/hcatalog-pig-adapter/../../testutils/hadoop"/>
    <property name="localRepository" value="/home/alex/.m2/repository"/>
    <property name="build.dir" value="/home/alex/Repositories/hive/hcatalog/hcatalog-pig-adapter/target"/>
    <property name="nondexDir" value="/home/alex/Repositories/hive/hcatalog/hcatalog-pig-adapter/.nondex"/>
    <property name="mapred.job.tracker" value="local"/>
    <property name="nondexJarDir" value="/home/alex/Repositories/hive/hcatalog/hcatalog-pig-adapter/.nondex"/>
    <property name="java.io.tmpdir" value="/home/alex/Repositories/hive/hcatalog/hcatalog-pig-adapter/target/tmp"/>
    <property name="com.zaxxer.hikari.pool_number" value="3"/>
    <property name="java.version" value="1.8.0_402"/>
    <property name="hive.version" value="4.0.0-SNAPSHOT"/>
    <property name="java.vm.specification.name" value="Java Virtual Machine Specification"/>
    <property name="java.awt.printerjob" value="sun.print.PSPrinterJob"/>
    <property name="sun.os.patch.level" value="unknown"/>
    <property name="java.library.path" value="/usr/java/packages/lib/amd64:/usr/lib/x86_64-linux-gnu/jni:/lib/x86_64-linux-gnu:/usr/lib/x86_64-linux-gnu:/usr/lib/jni:/lib:/usr/lib"/>
    <property name="test.data.dir" value="/home/alex/Repositories/hive/hcatalog/hcatalog-pig-adapter/../../data/files"/>
    <property name="java.vendor" value="Private Build"/>
    <property name="java.specification.maintenance.version" value="5"/>
    <property name="sun.io.unicode.encoding" value="UnicodeLittle"/>
    <property name="initScript" value=""/>
    <property name="sun.desktop" value="gnome"/>
    <property name="calcite.enable.rexnode.digest.normalize" value="false"/>
    <property name="nondexStart" value="0"/>
    <property name="file.encoding.pkg" value="sun.io"/>
    <property name="log4j.configurationFile" value="file:///home/alex/Repositories/hive/hcatalog/hcatalog-pig-adapter/target/testconf/hive-log4j2.properties"/>
    <property name="java.class.path" value="/home/alex/Repositories/hive/hcatalog/hcatalog-pig-adapter/target/test-classes:/home/alex/Repositories/hive/hcatalog/hcatalog-pig-adapter/target/classes:/home/alex/Repositories/hive/hcatalog/core/target/classes:/home/alex/Repositories/hive/cli/target/classes:/home/alex/Repositories/hive/service/target/classes:/home/alex/Repositories/hive/llap-server/target/classes:/home/alex/.m2/repository/com/lmax/disruptor/3.3.7/disruptor-3.3.7.jar:/home/alex/Repositories/hive/llap-common/target/test-classes:/home/alex/Repositories/hive/hplsql/target/classes:/home/alex/.m2/repository/org/antlr/antlr4-runtime/4.5/antlr4-runtime-4.5.jar:/home/alex/.m2/repository/org/abego/treelayout/org.abego.treelayout.core/1.0.1/org.abego.treelayout.core-1.0.1.jar:/home/alex/.m2/repository/javax/servlet/jsp/javax.servlet.jsp-api/2.3.1/javax.servlet.jsp-api-2.3.1.jar:/home/alex/.m2/repository/org/eclipse/jetty/jetty-runner/9.3.27.v20190418/jetty-runner-9.3.27.v20190418.jar:/home/alex/.m2/repository/org/eclipse/jetty/jetty-plus/9.3.27.v20190418/jetty-plus-9.3.27.v20190418.jar:/home/alex/.m2/repository/org/eclipse/jetty/jetty-annotations/9.3.27.v20190418/jetty-annotations-9.3.27.v20190418.jar:/home/alex/.m2/repository/org/ow2/asm/asm-commons/6.0/asm-commons-6.0.jar:/home/alex/.m2/repository/org/ow2/asm/asm-tree/6.0/asm-tree-6.0.jar:/home/alex/.m2/repository/org/eclipse/jetty/jetty-jaas/9.3.27.v20190418/jetty-jaas-9.3.27.v20190418.jar:/home/alex/.m2/repository/org/eclipse/jetty/websocket/websocket-server/9.3.27.v20190418/websocket-server-9.3.27.v20190418.jar:/home/alex/.m2/repository/org/eclipse/jetty/websocket/websocket-common/9.3.27.v20190418/websocket-common-9.3.27.v20190418.jar:/home/alex/.m2/repository/org/eclipse/jetty/websocket/websocket-api/9.3.27.v20190418/websocket-api-9.3.27.v20190418.jar:/home/alex/.m2/repository/org/eclipse/jetty/websocket/websocket-client/9.3.27.v20190418/websocket-client-9.3.27.v20190418.jar:/home/alex/.m2/repository/org/eclipse/jetty/websocket/websocket-servlet/9.3.27.v20190418/websocket-servlet-9.3.27.v20190418.jar:/home/alex/.m2/repository/org/eclipse/jetty/jetty-jndi/9.3.27.v20190418/jetty-jndi-9.3.27.v20190418.jar:/home/alex/.m2/repository/org/eclipse/jetty/apache-jsp/9.3.27.v20190418/apache-jsp-9.3.27.v20190418.jar:/home/alex/.m2/repository/org/eclipse/jetty/toolchain/jetty-schemas/3.1/jetty-schemas-3.1.jar:/home/alex/.m2/repository/org/eclipse/jdt/core/compiler/ecj/4.4.2/ecj-4.4.2.jar:/home/alex/.m2/repository/org/eclipse/jetty/apache-jstl/9.3.27.v20190418/apache-jstl-9.3.27.v20190418.jar:/home/alex/.m2/repository/org/apache/taglibs/taglibs-standard-spec/1.2.5/taglibs-standard-spec-1.2.5.jar:/home/alex/.m2/repository/org/apache/taglibs/taglibs-standard-impl/1.2.5/taglibs-standard-impl-1.2.5.jar:/home/alex/.m2/repository/org/bouncycastle/bcprov-jdk15on/1.64/bcprov-jdk15on-1.64.jar:/home/alex/.m2/repository/org/apache/santuario/xmlsec/2.2.1/xmlsec-2.2.1.jar:/home/alex/.m2/repository/org/jamon/jamon-runtime/2.3.1/jamon-runtime-2.3.1.jar:/home/alex/Repositories/hive/common/target/classes:/home/alex/Repositories/hive/classification/target/classes:/home/alex/.m2/repository/org/eclipse/jetty/jetty-http/9.3.27.v20190418/jetty-http-9.3.27.v20190418.jar:/home/alex/.m2/repository/org/eclipse/jetty/jetty-rewrite/9.3.27.v20190418/jetty-rewrite-9.3.27.v20190418.jar:/home/alex/.m2/repository/org/eclipse/jetty/jetty-client/9.3.27.v20190418/jetty-client-9.3.27.v20190418.jar:/home/alex/.m2/repository/org/apache/logging/log4j/log4j-web/2.13.2/log4j-web-2.13.2.jar:/home/alex/.m2/repository/net/sf/jpam/jpam/1.1/jpam-1.1.jar:/home/alex/Repositories/hive/metastore/target/classes:/home/alex/Repositories/hive/ql/target/classes:/home/alex/.m2/repository/com/google/guava/guava/19.0/guava-19.0.jar:/home/alex/.m2/repository/com/fasterxml/jackson/core/jackson-annotations/2.12.0/jackson-annotations-2.12.0.jar:/home/alex/.m2/repository/com/fasterxml/jackson/core/jackson-core/2.12.0/jackson-core-2.12.0.jar:/home/alex/.m2/repository/com/fasterxml/jackson/core/jackson-databind/2.12.0/jackson-databind-2.12.0.jar:/home/alex/.m2/repository/org/apache/hadoop/hadoop-annotations/3.1.0/hadoop-annotations-3.1.0.jar:/usr/lib/jvm/java-8-openjdk-amd64/jre/../lib/tools.jar:/home/alex/.m2/repository/org/apache/hadoop/hadoop-archives/3.1.0/hadoop-archives-3.1.0.jar:/home/alex/.m2/repository/org/apache/hadoop/hadoop-common/3.1.0/hadoop-common-3.1.0.jar:/home/alex/.m2/repository/commons-cli/commons-cli/1.4/commons-cli-1.4.jar:/home/alex/.m2/repository/org/apache/commons/commons-math3/3.6.1/commons-math3-3.6.1.jar:/home/alex/.m2/repository/commons-codec/commons-codec/1.15/commons-codec-1.15.jar:/home/alex/.m2/repository/commons-io/commons-io/2.6/commons-io-2.6.jar:/home/alex/.m2/repository/commons-net/commons-net/3.6/commons-net-3.6.jar:/home/alex/.m2/repository/commons-collections/commons-collections/3.2.2/commons-collections-3.2.2.jar:/home/alex/.m2/repository/javax/servlet/javax.servlet-api/3.1.0/javax.servlet-api-3.1.0.jar:/home/alex/.m2/repository/org/eclipse/jetty/jetty-server/9.3.27.v20190418/jetty-server-9.3.27.v20190418.jar:/home/alex/.m2/repository/org/eclipse/jetty/jetty-io/9.3.27.v20190418/jetty-io-9.3.27.v20190418.jar:/home/alex/.m2/repository/org/eclipse/jetty/jetty-util/9.3.27.v20190418/jetty-util-9.3.27.v20190418.jar:/home/alex/.m2/repository/org/eclipse/jetty/jetty-servlet/9.3.27.v20190418/jetty-servlet-9.3.27.v20190418.jar:/home/alex/.m2/repository/org/eclipse/jetty/jetty-security/9.3.27.v20190418/jetty-security-9.3.27.v20190418.jar:/home/alex/.m2/repository/org/eclipse/jetty/jetty-webapp/9.3.27.v20190418/jetty-webapp-9.3.27.v20190418.jar:/home/alex/.m2/repository/org/eclipse/jetty/jetty-xml/9.3.27.v20190418/jetty-xml-9.3.27.v20190418.jar:/home/alex/.m2/repository/javax/servlet/jsp/jsp-api/2.1/jsp-api-2.1.jar:/home/alex/.m2/repository/com/sun/jersey/jersey-core/1.19/jersey-core-1.19.jar:/home/alex/.m2/repository/javax/ws/rs/jsr311-api/1.1.1/jsr311-api-1.1.1.jar:/home/alex/.m2/repository/com/sun/jersey/jersey-json/1.19/jersey-json-1.19.jar:/home/alex/.m2/repository/org/codehaus/jettison/jettison/1.1/jettison-1.1.jar:/home/alex/.m2/repository/com/sun/xml/bind/jaxb-impl/2.2.3-1/jaxb-impl-2.2.3-1.jar:/home/alex/.m2/repository/org/codehaus/jackson/jackson-jaxrs/1.9.2/jackson-jaxrs-1.9.2.jar:/home/alex/.m2/repository/org/codehaus/jackson/jackson-xc/1.9.2/jackson-xc-1.9.2.jar:/home/alex/.m2/repository/com/sun/jersey/jersey-server/1.19/jersey-server-1.19.jar:/home/alex/.m2/repository/log4j/log4j/1.2.17/log4j-1.2.17.jar:/home/alex/.m2/repository/commons-lang/commons-lang/2.6/commons-lang-2.6.jar:/home/alex/.m2/repository/org/apache/commons/commons-configuration2/2.1.1/commons-configuration2-2.1.1.jar:/home/alex/.m2/repository/org/apache/commons/commons-lang3/3.4/commons-lang3-3.4.jar:/home/alex/.m2/repository/org/apache/avro/avro/1.8.2/avro-1.8.2.jar:/home/alex/.m2/repository/com/thoughtworks/paranamer/paranamer/2.8/paranamer-2.8.jar:/home/alex/.m2/repository/org/xerial/snappy/snappy-java/1.1.4/snappy-java-1.1.4.jar:/home/alex/.m2/repository/org/tukaani/xz/1.5/xz-1.5.jar:/home/alex/.m2/repository/com/google/re2j/re2j/1.2/re2j-1.2.jar:/home/alex/.m2/repository/com/google/protobuf/protobuf-java/2.5.0/protobuf-java-2.5.0.jar:/home/alex/.m2/repository/com/google/code/gson/gson/2.2.4/gson-2.2.4.jar:/home/alex/.m2/repository/org/apache/hadoop/hadoop-auth/3.1.0/hadoop-auth-3.1.0.jar:/home/alex/.m2/repository/com/nimbusds/nimbus-jose-jwt/4.41.1/nimbus-jose-jwt-4.41.1.jar:/home/alex/.m2/repository/com/github/stephenc/jcip/jcip-annotations/1.0-1/jcip-annotations-1.0-1.jar:/home/alex/.m2/repository/net/minidev/json-smart/2.3/json-smart-2.3.jar:/home/alex/.m2/repository/net/minidev/accessors-smart/1.2/accessors-smart-1.2.jar:/home/alex/.m2/repository/org/ow2/asm/asm/5.0.4/asm-5.0.4.jar:/home/alex/.m2/repository/com/jcraft/jsch/0.1.54/jsch-0.1.54.jar:/home/alex/.m2/repository/com/google/code/findbugs/jsr305/3.0.0/jsr305-3.0.0.jar:/home/alex/.m2/repository/org/apache/htrace/htrace-core4/4.1.0-incubating/htrace-core4-4.1.0-incubating.jar:/home/alex/.m2/repository/org/apache/commons/commons-compress/1.21/commons-compress-1.21.jar:/home/alex/.m2/repository/org/apache/kerby/kerb-simplekdc/1.0.1/kerb-simplekdc-1.0.1.jar:/home/alex/.m2/repository/org/apache/kerby/kerb-client/1.0.1/kerb-client-1.0.1.jar:/home/alex/.m2/repository/org/apache/kerby/kerby-config/1.0.1/kerby-config-1.0.1.jar:/home/alex/.m2/repository/org/apache/kerby/kerb-core/1.0.1/kerb-core-1.0.1.jar:/home/alex/.m2/repository/org/apache/kerby/kerby-pkix/1.0.1/kerby-pkix-1.0.1.jar:/home/alex/.m2/repository/org/apache/kerby/kerby-asn1/1.0.1/kerby-asn1-1.0.1.jar:/home/alex/.m2/repository/org/apache/kerby/kerby-util/1.0.1/kerby-util-1.0.1.jar:/home/alex/.m2/repository/org/apache/kerby/kerb-common/1.0.1/kerb-common-1.0.1.jar:/home/alex/.m2/repository/org/apache/kerby/kerb-crypto/1.0.1/kerb-crypto-1.0.1.jar:/home/alex/.m2/repository/org/apache/kerby/kerb-util/1.0.1/kerb-util-1.0.1.jar:/home/alex/.m2/repository/org/apache/kerby/token-provider/1.0.1/token-provider-1.0.1.jar:/home/alex/.m2/repository/org/apache/kerby/kerb-admin/1.0.1/kerb-admin-1.0.1.jar:/home/alex/.m2/repository/org/apache/kerby/kerb-server/1.0.1/kerb-server-1.0.1.jar:/home/alex/.m2/repository/org/apache/kerby/kerb-identity/1.0.1/kerb-identity-1.0.1.jar:/home/alex/.m2/repository/org/apache/kerby/kerby-xdr/1.0.1/kerby-xdr-1.0.1.jar:/home/alex/.m2/repository/org/codehaus/woodstox/stax2-api/3.1.4/stax2-api-3.1.4.jar:/home/alex/.m2/repository/com/fasterxml/woodstox/woodstox-core/5.0.3/woodstox-core-5.0.3.jar:/home/alex/.m2/repository/org/apache/hadoop/hadoop-mapreduce-client-jobclient/3.1.0/hadoop-mapreduce-client-jobclient-3.1.0.jar:/home/alex/.m2/repository/com/google/inject/extensions/guice-servlet/4.0/guice-servlet-4.0.jar:/home/alex/.m2/repository/com/google/inject/guice/4.0/guice-4.0.jar:/home/alex/.m2/repository/aopalliance/aopalliance/1.0/aopalliance-1.0.jar:/home/alex/.m2/repository/org/apache/hadoop/hadoop-mapreduce-client-core/3.1.0/hadoop-mapreduce-client-core-3.1.0.jar:/home/alex/.m2/repository/org/apache/hadoop/hadoop-yarn-client/3.1.0/hadoop-yarn-client-3.1.0.jar:/home/alex/.m2/repository/org/apache/hadoop/hadoop-yarn-api/3.1.0/hadoop-yarn-api-3.1.0.jar:/home/alex/.m2/repository/org/apache/hadoop/hadoop-yarn-common/3.1.0/hadoop-yarn-common-3.1.0.jar:/home/alex/.m2/repository/javax/xml/bind/jaxb-api/2.2.11/jaxb-api-2.2.11.jar:/home/alex/.m2/repository/com/sun/jersey/jersey-client/1.19/jersey-client-1.19.jar:/home/alex/.m2/repository/com/sun/jersey/contribs/jersey-guice/1.19/jersey-guice-1.19.jar:/home/alex/.m2/repository/com/fasterxml/jackson/module/jackson-module-jaxb-annotations/2.12.0/jackson-module-jaxb-annotations-2.12.0.jar:/home/alex/.m2/repository/jakarta/xml/bind/jakarta.xml.bind-api/2.3.2/jakarta.xml.bind-api-2.3.2.jar:/home/alex/.m2/repository/jakarta/activation/jakarta.activation-api/1.2.1/jakarta.activation-api-1.2.1.jar:/home/alex/.m2/repository/com/fasterxml/jackson/jaxrs/jackson-jaxrs-json-provider/2.12.0/jackson-jaxrs-json-provider-2.12.0.jar:/home/alex/.m2/repository/org/apache/hadoop/hadoop-hdfs-client/3.1.0/hadoop-hdfs-client-3.1.0.jar:/home/alex/.m2/repository/com/squareup/okhttp/okhttp/2.7.5/okhttp-2.7.5.jar:/home/alex/.m2/repository/com/squareup/okio/okio/1.6.0/okio-1.6.0.jar:/home/alex/.m2/repository/org/apache/pig/pig/0.16.0/pig-0.16.0-h2.jar:/home/alex/.m2/repository/xmlenc/xmlenc/0.52/xmlenc-0.52.jar:/home/alex/.m2/repository/commons-httpclient/commons-httpclient/3.1/commons-httpclient-3.1.jar:/home/alex/.m2/repository/org/mortbay/jetty/jetty/6.1.26/jetty-6.1.26.jar:/home/alex/.m2/repository/org/mortbay/jetty/servlet-api/2.5-20081211/servlet-api-2.5-20081211.jar:/home/alex/.m2/repository/org/mortbay/jetty/jetty-util/6.1.26/jetty-util-6.1.26.jar:/home/alex/.m2/repository/org/mortbay/jetty/jsp-api-2.1/6.1.14/jsp-api-2.1-6.1.14.jar:/home/alex/.m2/repository/org/mortbay/jetty/jsp-2.1/6.1.14/jsp-2.1-6.1.14.jar:/home/alex/.m2/repository/org/eclipse/jdt/core/3.1.1/core-3.1.1.jar:/home/alex/.m2/repository/ant/ant/1.6.5/ant-1.6.5.jar:/home/alex/.m2/repository/commons-el/commons-el/1.0/commons-el-1.0.jar:/home/alex/.m2/repository/net/java/dev/jets3t/jets3t/0.7.1/jets3t-0.7.1.jar:/home/alex/.m2/repository/org/mortbay/jetty/servlet-api-2.5/6.1.14/servlet-api-2.5-6.1.14.jar:/home/alex/.m2/repository/net/sf/kosmosfs/kfs/0.3/kfs-0.3.jar:/home/alex/.m2/repository/junit/junit/4.13/junit-4.13.jar:/home/alex/.m2/repository/org/hamcrest/hamcrest-core/1.3/hamcrest-core-1.3.jar:/home/alex/.m2/repository/hsqldb/hsqldb/1.8.0.10/hsqldb-1.8.0.10.jar:/home/alex/.m2/repository/oro/oro/2.0.8/oro-2.0.8.jar:/home/alex/.m2/repository/org/antlr/ST4/4.0.4/ST4-4.0.4.jar:/home/alex/.m2/repository/org/antlr/antlr-runtime/3.5.2/antlr-runtime-3.5.2.jar:/home/alex/.m2/repository/dk/brics/automaton/automaton/1.11-8/automaton-1.11-8.jar:/home/alex/.m2/repository/org/codehaus/jackson/jackson-mapper-asl/1.8.8/jackson-mapper-asl-1.8.8.jar:/home/alex/.m2/repository/org/codehaus/jackson/jackson-core-asl/1.8.8/jackson-core-asl-1.8.8.jar:/home/alex/.m2/repository/org/apache/ivy/ivy/2.2.0/ivy-2.2.0.jar:/home/alex/.m2/repository/org/apache/hadoop/hadoop-hdfs/3.1.0/hadoop-hdfs-3.1.0.jar:/home/alex/.m2/repository/org/eclipse/jetty/jetty-util-ajax/9.3.19.v20170502/jetty-util-ajax-9.3.19.v20170502.jar:/home/alex/.m2/repository/commons-logging/commons-logging/1.1.3/commons-logging-1.1.3.jar:/home/alex/.m2/repository/commons-daemon/commons-daemon/1.0.13/commons-daemon-1.0.13.jar:/home/alex/.m2/repository/io/netty/netty-all/4.1.65.Final/netty-all-4.1.65.Final.jar:/home/alex/.m2/repository/org/fusesource/leveldbjni/leveldbjni-all/1.8/leveldbjni-all-1.8.jar:/home/alex/.m2/repository/joda-time/joda-time/2.9.9/joda-time-2.9.9.jar:/home/alex/Repositories/hive/hcatalog/core/target/test-classes:/home/alex/.m2/repository/jline/jline/0.9.94/jline-0.9.94.jar:/home/alex/Repositories/hive/ql/target/test-classes:/home/alex/.m2/repository/org/apache/atlas/atlas-client-v2/2.1.0/atlas-client-v2-2.1.0.jar:/home/alex/.m2/repository/cglib/cglib/2.2.2/cglib-2.2.2.jar:/home/alex/.m2/repository/asm/asm/3.3.1/asm-3.3.1.jar:/home/alex/.m2/repository/org/apache/atlas/atlas-client-common/2.1.0/atlas-client-common-2.1.0.jar:/home/alex/.m2/repository/org/apache/atlas/atlas-intg/2.1.0/atlas-intg-2.1.0.jar:/home/alex/.m2/repository/commons-validator/commons-validator/1.6/commons-validator-1.6.jar:/home/alex/.m2/repository/commons-digester/commons-digester/1.8.1/commons-digester-1.8.1.jar:/home/alex/.m2/repository/com/fasterxml/jackson/jaxrs/jackson-jaxrs-base/2.12.0/jackson-jaxrs-base-2.12.0.jar:/home/alex/.m2/repository/javax/inject/javax.inject/1/javax.inject-1.jar:/home/alex/.m2/repository/org/springframework/spring-context/4.3.20.RELEASE/spring-context-4.3.20.RELEASE.jar:/home/alex/.m2/repository/org/springframework/spring-aop/4.3.20.RELEASE/spring-aop-4.3.20.RELEASE.jar:/home/alex/.m2/repository/org/springframework/spring-beans/4.3.20.RELEASE/spring-beans-4.3.20.RELEASE.jar:/home/alex/.m2/repository/org/springframework/spring-core/4.3.20.RELEASE/spring-core-4.3.20.RELEASE.jar:/home/alex/.m2/repository/org/springframework/spring-expression/4.3.20.RELEASE/spring-expression-4.3.20.RELEASE.jar:/home/alex/.m2/repository/commons-configuration/commons-configuration/1.10/commons-configuration-1.10.jar:/home/alex/Repositories/hive/vector-code-gen/target/classes:/home/alex/.m2/repository/org/apache/velocity/velocity/1.5/velocity-1.5.jar:/home/alex/Repositories/hive/serde/target/classes:/home/alex/.m2/repository/org/apache/arrow/arrow-vector/0.15.1/arrow-vector-0.15.1.jar:/home/alex/.m2/repository/org/apache/arrow/arrow-format/0.15.1/arrow-format-0.15.1.jar:/home/alex/.m2/repository/org/apache/arrow/arrow-memory/0.15.1/arrow-memory-0.15.1.jar:/home/alex/.m2/repository/com/google/flatbuffers/flatbuffers-java/1.9.0/flatbuffers-java-1.9.0.jar:/home/alex/.m2/repository/com/carrotsearch/hppc/0.7.2/hppc-0.7.2.jar:/home/alex/.m2/repository/com/github/davidmoten/flatbuffers-java/1.6.0.1/flatbuffers-java-1.6.0.1.jar:/home/alex/Repositories/hive/parser/target/classes:/home/alex/Repositories/hive/udf/target/classes:/home/alex/Repositories/hive/service-rpc/target/classes:/home/alex/Repositories/hive/llap-client/target/classes:/home/alex/Repositories/hive/llap-common/target/classes:/home/alex/.m2/repository/io/jsonwebtoken/jjwt-api/0.10.5/jjwt-api-0.10.5.jar:/home/alex/.m2/repository/io/jsonwebtoken/jjwt-impl/0.10.5/jjwt-impl-0.10.5.jar:/home/alex/.m2/repository/io/jsonwebtoken/jjwt-jackson/0.10.5/jjwt-jackson-0.10.5.jar:/home/alex/Repositories/hive/llap-tez/target/classes:/home/alex/Repositories/hive/shims/aggregator/target/classes:/home/alex/Repositories/hive/shims/common/target/classes:/home/alex/Repositories/hive/shims/0.23/target/classes:/home/alex/.m2/repository/org/apache/hadoop/hadoop-yarn-server-resourcemanager/3.1.0/hadoop-yarn-server-resourcemanager-3.1.0.jar:/home/alex/.m2/repository/org/apache/hadoop/hadoop-yarn-server-common/3.1.0/hadoop-yarn-server-common-3.1.0.jar:/home/alex/.m2/repository/org/apache/geronimo/specs/geronimo-jcache_1.0_spec/1.0-alpha-1/geronimo-jcache_1.0_spec-1.0-alpha-1.jar:/home/alex/.m2/repository/org/ehcache/ehcache/3.3.1/ehcache-3.3.1.jar:/home/alex/.m2/repository/com/zaxxer/HikariCP-java7/2.4.12/HikariCP-java7-2.4.12.jar:/home/alex/.m2/repository/org/apache/hadoop/hadoop-yarn-server-applicationhistoryservice/3.1.0/hadoop-yarn-server-applicationhistoryservice-3.1.0.jar:/home/alex/.m2/repository/de/ruedigermoeller/fst/2.50/fst-2.50.jar:/home/alex/.m2/repository/com/cedarsoftware/java-util/1.9.0/java-util-1.9.0.jar:/home/alex/.m2/repository/com/cedarsoftware/json-io/2.5.1/json-io-2.5.1.jar:/home/alex/Repositories/hive/shims/scheduler/target/classes:/home/alex/Repositories/hive/spark-client/target/classes:/home/alex/.m2/repository/com/fasterxml/jackson/module/jackson-module-scala_2.12/2.12.0/jackson-module-scala_2.12-2.12.0.jar:/home/alex/.m2/repository/org/scala-lang/scala-library/2.12.10/scala-library-2.12.10.jar:/home/alex/.m2/repository/org/apache/spark/spark-core_2.12/2.4.5/spark-core_2.12-2.4.5.jar:/home/alex/.m2/repository/com/twitter/chill_2.12/0.9.3/chill_2.12-0.9.3.jar:/home/alex/.m2/repository/com/twitter/chill-java/0.9.3/chill-java-0.9.3.jar:/home/alex/.m2/repository/org/apache/xbean/xbean-asm6-shaded/4.8/xbean-asm6-shaded-4.8.jar:/home/alex/.m2/repository/org/apache/hadoop/hadoop-client/3.1.0/hadoop-client-3.1.0.jar:/home/alex/.m2/repository/org/apache/spark/spark-launcher_2.12/2.4.5/spark-launcher_2.12-2.4.5.jar:/home/alex/.m2/repository/org/apache/spark/spark-kvstore_2.12/2.4.5/spark-kvstore_2.12-2.4.5.jar:/home/alex/.m2/repository/org/apache/spark/spark-network-common_2.12/2.4.5/spark-network-common_2.12-2.4.5.jar:/home/alex/.m2/repository/org/apache/spark/spark-network-shuffle_2.12/2.4.5/spark-network-shuffle_2.12-2.4.5.jar:/home/alex/.m2/repository/org/apache/spark/spark-unsafe_2.12/2.4.5/spark-unsafe_2.12-2.4.5.jar:/home/alex/.m2/repository/javax/activation/activation/1.1.1/activation-1.1.1.jar:/home/alex/.m2/repository/org/slf4j/jul-to-slf4j/1.7.16/jul-to-slf4j-1.7.16.jar:/home/alex/.m2/repository/org/slf4j/jcl-over-slf4j/1.7.16/jcl-over-slf4j-1.7.16.jar:/home/alex/.m2/repository/com/ning/compress-lzf/1.0.3/compress-lzf-1.0.3.jar:/home/alex/.m2/repository/org/roaringbitmap/RoaringBitmap/0.7.45/RoaringBitmap-0.7.45.jar:/home/alex/.m2/repository/org/roaringbitmap/shims/0.7.45/shims-0.7.45.jar:/home/alex/.m2/repository/org/json4s/json4s-jackson_2.12/3.5.3/json4s-jackson_2.12-3.5.3.jar:/home/alex/.m2/repository/org/json4s/json4s-core_2.12/3.5.3/json4s-core_2.12-3.5.3.jar:/home/alex/.m2/repository/org/json4s/json4s-ast_2.12/3.5.3/json4s-ast_2.12-3.5.3.jar:/home/alex/.m2/repository/org/json4s/json4s-scalap_2.12/3.5.3/json4s-scalap_2.12-3.5.3.jar:/home/alex/.m2/repository/org/scala-lang/modules/scala-xml_2.12/1.0.6/scala-xml_2.12-1.0.6.jar:/home/alex/.m2/repository/com/clearspring/analytics/stream/2.7.0/stream-2.7.0.jar:/home/alex/.m2/repository/io/dropwizard/metrics/metrics-graphite/3.1.5/metrics-graphite-3.1.5.jar:/home/alex/.m2/repository/net/razorvine/pyrolite/4.13/pyrolite-4.13.jar:/home/alex/.m2/repository/net/sf/py4j/py4j/0.10.7/py4j-0.10.7.jar:/home/alex/.m2/repository/org/apache/spark/spark-tags_2.12/2.4.5/spark-tags_2.12-2.4.5.jar:/home/alex/.m2/repository/org/apache/commons/commons-crypto/1.0.0/commons-crypto-1.0.0.jar:/home/alex/.m2/repository/org/spark-project/spark/unused/1.0.0/unused-1.0.0.jar:/home/alex/.m2/repository/org/apache/spark/spark-yarn_2.12/2.4.5/spark-yarn_2.12-2.4.5.jar:/home/alex/.m2/repository/org/apache/hadoop/hadoop-yarn-server-web-proxy/3.1.0/hadoop-yarn-server-web-proxy-3.1.0.jar:/home/alex/Repositories/hive/storage-api/target/classes:/home/alex/.m2/repository/com/amazonaws/secretsmanager/aws-secretsmanager-caching-java/1.0.1/aws-secretsmanager-caching-java-1.0.1.jar:/home/alex/.m2/repository/com/esotericsoftware/kryo/5.0.3/kryo-5.0.3.jar:/home/alex/.m2/repository/com/esotericsoftware/minlog/1.3.1/minlog-1.3.1.jar:/home/alex/.m2/repository/com/esotericsoftware/reflectasm/1.11.9/reflectasm-1.11.9.jar:/home/alex/.m2/repository/org/apache/parquet/parquet-hadoop-bundle/1.11.1/parquet-hadoop-bundle-1.11.1.jar:/home/alex/.m2/repository/org/apache/commons/commons-collections4/4.1/commons-collections4-4.1.jar:/home/alex/.m2/repository/org/apache/commons/commons-text/1.8/commons-text-1.8.jar:/home/alex/.m2/repository/javolution/javolution/5.5.1/javolution-5.5.1.jar:/home/alex/.m2/repository/org/apache/logging/log4j/log4j-1.2-api/2.13.2/log4j-1.2-api-2.13.2.jar:/home/alex/.m2/repository/org/apache/logging/log4j/log4j-api/2.13.2/log4j-api-2.13.2.jar:/home/alex/.m2/repository/org/apache/logging/log4j/log4j-core/2.13.2/log4j-core-2.13.2.jar:/home/alex/.m2/repository/org/apache/logging/log4j/log4j-slf4j-impl/2.13.2/log4j-slf4j-impl-2.13.2.jar:/home/alex/.m2/repository/org/apache/avro/avro-mapred/1.8.2/avro-mapred-1.8.2-hadoop2.jar:/home/alex/.m2/repository/org/apache/avro/avro-ipc/1.8.2/avro-ipc-1.8.2.jar:/home/alex/.m2/repository/org/apache/ant/ant/1.9.1/ant-1.9.1.jar:/home/alex/.m2/repository/org/apache/ant/ant-launcher/1.9.1/ant-launcher-1.9.1.jar:/home/alex/.m2/repository/org/apache/thrift/libfb303/0.9.3/libfb303-0.9.3.jar:/home/alex/.m2/repository/org/apache/hadoop/hadoop-yarn-registry/3.1.0/hadoop-yarn-registry-3.1.0.jar:/home/alex/.m2/repository/dnsjava/dnsjava/2.1.7/dnsjava-2.1.7.jar:/home/alex/.m2/repository/org/apache/orc/orc-tools/1.6.9/orc-tools-1.6.9.jar:/home/alex/.m2/repository/com/opencsv/opencsv/3.9/opencsv-3.9.jar:/home/alex/.m2/repository/org/threeten/threetenbp/1.3.5/threetenbp-1.3.5.jar:/home/alex/.m2/repository/org/apache/thrift/libthrift/0.14.1/libthrift-0.14.1.jar:/home/alex/.m2/repository/org/apache/httpcomponents/httpcore/4.4.13/httpcore-4.4.13.jar:/home/alex/.m2/repository/org/apache/tomcat/embed/tomcat-embed-core/8.5.46/tomcat-embed-core-8.5.46.jar:/home/alex/.m2/repository/org/apache/tomcat/tomcat-annotations-api/8.5.46/tomcat-annotations-api-8.5.46.jar:/home/alex/.m2/repository/javax/annotation/javax.annotation-api/1.3.2/javax.annotation-api-1.3.2.jar:/home/alex/.m2/repository/org/apache/zookeeper/zookeeper/3.5.5/zookeeper-3.5.5.jar:/home/alex/.m2/repository/org/apache/zookeeper/zookeeper-jute/3.5.5/zookeeper-jute-3.5.5.jar:/home/alex/.m2/repository/org/apache/yetus/audience-annotations/0.5.0/audience-annotations-0.5.0.jar:/home/alex/.m2/repository/org/apache/curator/curator-framework/4.2.0/curator-framework-4.2.0.jar:/home/alex/.m2/repository/org/apache/datasketches/datasketches-hive/1.1.0-incubating/datasketches-hive-1.1.0-incubating.jar:/home/alex/.m2/repository/org/apache/datasketches/datasketches-java/1.3.0-incubating/datasketches-java-1.3.0-incubating.jar:/home/alex/.m2/repository/org/apache/datasketches/datasketches-memory/1.2.0-incubating/datasketches-memory-1.2.0-incubating.jar:/home/alex/.m2/repository/org/slf4j/slf4j-simple/1.7.27/slf4j-simple-1.7.27.jar:/home/alex/.m2/repository/org/codehaus/groovy/groovy-all/2.4.11/groovy-all-2.4.11.jar:/home/alex/.m2/repository/org/jodd/jodd-util/6.0.0/jodd-util-6.0.0.jar:/home/alex/.m2/repository/com/fasterxml/jackson/dataformat/jackson-dataformat-yaml/2.12.0/jackson-dataformat-yaml-2.12.0.jar:/home/alex/.m2/repository/org/yaml/snakeyaml/1.27/snakeyaml-1.27.jar:/home/alex/.m2/repository/org/datanucleus/datanucleus-core/5.2.4/datanucleus-core-5.2.4.jar:/home/alex/.m2/repository/org/apache/calcite/calcite-core/1.25.0/calcite-core-1.25.0.jar:/home/alex/.m2/repository/org/apache/calcite/calcite-linq4j/1.25.0/calcite-linq4j-1.25.0.jar:/home/alex/.m2/repository/org/apiguardian/apiguardian-api/1.1.0/apiguardian-api-1.1.0.jar:/home/alex/.m2/repository/com/esri/geometry/esri-geometry-api/2.2.0/esri-geometry-api-2.2.0.jar:/home/alex/.m2/repository/com/yahoo/datasketches/sketches-core/0.9.0/sketches-core-0.9.0.jar:/home/alex/.m2/repository/com/yahoo/datasketches/memory/0.9.0/memory-0.9.0.jar:/home/alex/.m2/repository/org/apache/calcite/calcite-druid/1.25.0/calcite-druid-1.25.0.jar:/home/alex/.m2/repository/org/apache/calcite/avatica/avatica/1.12.0/avatica-1.12.0.jar:/home/alex/.m2/repository/com/googlecode/javaewah/JavaEWAH/0.3.2/JavaEWAH-0.3.2.jar:/home/alex/.m2/repository/com/tdunning/json/1.8/json-1.8.jar:/home/alex/.m2/repository/stax/stax-api/1.0.1/stax-api-1.0.1.jar:/home/alex/.m2/repository/net/sf/opencsv/opencsv/2.3/opencsv-2.3.jar:/home/alex/Repositories/hive/standalone-metastore/metastore-server/target/classes:/home/alex/.m2/repository/org/reflections/reflections/0.9.10/reflections-0.9.10.jar:/home/alex/.m2/repository/org/javassist/javassist/3.19.0-GA/javassist-3.19.0-GA.jar:/home/alex/.m2/repository/com/jayway/jsonpath/json-path/2.4.0/json-path-2.4.0.jar:/home/alex/.m2/repository/org/codehaus/janino/commons-compiler/3.0.11/commons-compiler-3.0.11.jar:/home/alex/.m2/repository/org/codehaus/janino/janino/3.0.11/janino-3.0.11.jar:/home/alex/.m2/repository/com/sun/jersey/contribs/jersey-multipart/1.19/jersey-multipart-1.19.jar:/home/alex/.m2/repository/org/jvnet/mimepull/mimepull/1.9.3/mimepull-1.9.3.jar:/home/alex/.m2/repository/org/apache/kafka/kafka-clients/2.5.0/kafka-clients-2.5.0.jar:/home/alex/.m2/repository/com/github/luben/zstd-jni/1.4.4-7/zstd-jni-1.4.4-7.jar:/home/alex/.m2/repository/org/lz4/lz4-java/1.7.1/lz4-java-1.7.1.jar:/home/alex/.m2/repository/org/apache/hadoop/hadoop-hdfs/3.1.0/hadoop-hdfs-3.1.0-tests.jar:/home/alex/Repositories/hive/standalone-metastore/metastore-server/target/test-classes:/home/alex/Repositories/hive/standalone-metastore/metastore-common/target/classes:/home/alex/.m2/repository/com/github/ben-manes/caffeine/caffeine/2.8.4/caffeine-2.8.4.jar:/home/alex/.m2/repository/org/checkerframework/checker-qual/3.4.0/checker-qual-3.4.0.jar:/home/alex/.m2/repository/com/google/errorprone/error_prone_annotations/2.3.4/error_prone_annotations-2.3.4.jar:/home/alex/.m2/repository/org/apache/orc/orc-core/1.6.9/orc-core-1.6.9.jar:/home/alex/.m2/repository/org/apache/orc/orc-shims/1.6.9/orc-shims-1.6.9.jar:/home/alex/.m2/repository/io/airlift/aircompressor/0.19/aircompressor-0.19.jar:/home/alex/.m2/repository/org/jetbrains/annotations/17.0.0/annotations-17.0.0.jar:/home/alex/.m2/repository/org/threeten/threeten-extra/1.5.0/threeten-extra-1.5.0.jar:/home/alex/.m2/repository/com/github/joshelser/dropwizard-metrics-hadoop-metrics2-reporter/0.1.2/dropwizard-metrics-hadoop-metrics2-reporter-0.1.2.jar:/home/alex/.m2/repository/com/zaxxer/HikariCP/2.6.1/HikariCP-2.6.1.jar:/home/alex/.m2/repository/org/apache/commons/commons-dbcp2/2.7.0/commons-dbcp2-2.7.0.jar:/home/alex/.m2/repository/org/apache/commons/commons-pool2/2.7.0/commons-pool2-2.7.0.jar:/home/alex/.m2/repository/io/dropwizard/metrics/metrics-core/3.1.0/metrics-core-3.1.0.jar:/home/alex/.m2/repository/io/dropwizard/metrics/metrics-jvm/3.1.0/metrics-jvm-3.1.0.jar:/home/alex/.m2/repository/io/dropwizard/metrics/metrics-json/3.1.0/metrics-json-3.1.0.jar:/home/alex/.m2/repository/org/apache/derby/derby/10.14.1.0/derby-10.14.1.0.jar:/home/alex/.m2/repository/commons-beanutils/commons-beanutils/1.9.4/commons-beanutils-1.9.4.jar:/home/alex/.m2/repository/org/datanucleus/datanucleus-api-jdo/5.2.4/datanucleus-api-jdo-5.2.4.jar:/home/alex/.m2/repository/org/datanucleus/datanucleus-rdbms/5.2.4/datanucleus-rdbms-5.2.4.jar:/home/alex/.m2/repository/org/datanucleus/javax.jdo/3.2.0-release/javax.jdo-3.2.0-release.jar:/home/alex/.m2/repository/javax/transaction/javax.transaction-api/1.3/javax.transaction-api-1.3.jar:/home/alex/.m2/repository/org/glassfish/corba/glassfish-corba-omgapi/4.2.2/glassfish-corba-omgapi-4.2.2.jar:/home/alex/.m2/repository/sqlline/sqlline/1.9.0/sqlline-1.9.0.jar:/home/alex/.m2/repository/org/jline/jline-terminal/3.12.1/jline-terminal-3.12.1.jar:/home/alex/.m2/repository/org/jline/jline-reader/3.12.1/jline-reader-3.12.1.jar:/home/alex/.m2/repository/org/jline/jline-terminal-jansi/3.12.1/jline-terminal-jansi-3.12.1.jar:/home/alex/.m2/repository/org/fusesource/jansi/jansi/1.18/jansi-1.18.jar:/home/alex/.m2/repository/org/jline/jline-terminal-jna/3.12.1/jline-terminal-jna-3.12.1.jar:/home/alex/.m2/repository/net/java/dev/jna/jna/5.3.1/jna-5.3.1.jar:/home/alex/.m2/repository/org/jline/jline-builtins/3.12.1/jline-builtins-3.12.1.jar:/home/alex/.m2/repository/org/jline/jline-style/3.12.1/jline-style-3.12.1.jar:/home/alex/.m2/repository/com/cronutils/cron-utils/9.1.3/cron-utils-9.1.3.jar:/home/alex/.m2/repository/org/glassfish/javax.el/3.0.0/javax.el-3.0.0.jar:/home/alex/.m2/repository/com/oracle/database/jdbc/ojdbc8/21.3.0.0/ojdbc8-21.3.0.0.jar:/home/alex/.m2/repository/mysql/mysql-connector-java/8.0.27/mysql-connector-java-8.0.27.jar:/home/alex/.m2/repository/com/microsoft/sqlserver/mssql-jdbc/6.2.1.jre8/mssql-jdbc-6.2.1.jre8.jar:/home/alex/.m2/repository/org/postgresql/postgresql/42.2.14/postgresql-42.2.14.jar:/home/alex/.m2/repository/org/apache/hadoop/hadoop-mapreduce-client-common/3.1.0/hadoop-mapreduce-client-common-3.1.0.jar:/home/alex/.m2/repository/org/apache/hadoop/hadoop-common/3.1.0/hadoop-common-3.1.0-tests.jar:/home/alex/.m2/repository/org/apache/httpcomponents/httpclient/4.5.13/httpclient-4.5.13.jar:/home/alex/.m2/repository/org/apache/curator/curator-client/4.2.0/curator-client-4.2.0.jar:/home/alex/.m2/repository/org/apache/curator/curator-recipes/4.2.0/curator-recipes-4.2.0.jar:/home/alex/.m2/repository/com/sun/jersey/jersey-servlet/1.19/jersey-servlet-1.19.jar:/home/alex/.m2/repository/org/slf4j/slf4j-api/1.7.30/slf4j-api-1.7.30.jar:/home/alex/.m2/repository/org/mockito/mockito-core/3.4.4/mockito-core-3.4.4.jar:/home/alex/.m2/repository/net/bytebuddy/byte-buddy/1.10.13/byte-buddy-1.10.13.jar:/home/alex/.m2/repository/net/bytebuddy/byte-buddy-agent/1.10.13/byte-buddy-agent-1.10.13.jar:/home/alex/.m2/repository/org/objenesis/objenesis/2.6/objenesis-2.6.jar:/home/alex/Repositories/hive/hcatalog/hcatalog-pig-adapter/target/testconf:/home/alex/Repositories/hive/hcatalog/hcatalog-pig-adapter/../../conf:"/>
    <property name="java.vm.vendor" value="Private Build"/>
    <property name="hadoop.version" value="3.1.0"/>
    <property name="user.timezone" value="US/Pacific"/>
    <property name="test.local.warehouse.dir" value="pfile:///home/alex/Repositories/hive/hcatalog/hcatalog-pig-adapter/target/localfs/warehouse"/>
    <property name="os.name" value="Linux"/>
    <property name="java.vm.specification.version" value="1.8"/>
    <property name="test.build.data" value="/home/alex/Repositories/hive/hcatalog/hcatalog-pig-adapter/target/tmp"/>
    <property name="clustermode" value=""/>
    <property name="sun.java.launcher" value="SUN_STANDARD"/>
    <property name="user.country" value="US"/>
    <property name="test.data.files" value="/home/alex/Repositories/hive/hcatalog/hcatalog-pig-adapter/../../data/files"/>
    <property name="nondexLogging" value="CONFIG"/>
    <property name="surefire.test.class.path" value="/home/alex/Repositories/hive/hcatalog/hcatalog-pig-adapter/target/test-classes:/home/alex/Repositories/hive/hcatalog/hcatalog-pig-adapter/target/classes:/home/alex/Repositories/hive/hcatalog/core/target/classes:/home/alex/Repositories/hive/cli/target/classes:/home/alex/Repositories/hive/service/target/classes:/home/alex/Repositories/hive/llap-server/target/classes:/home/alex/.m2/repository/com/lmax/disruptor/3.3.7/disruptor-3.3.7.jar:/home/alex/Repositories/hive/llap-common/target/test-classes:/home/alex/Repositories/hive/hplsql/target/classes:/home/alex/.m2/repository/org/antlr/antlr4-runtime/4.5/antlr4-runtime-4.5.jar:/home/alex/.m2/repository/org/abego/treelayout/org.abego.treelayout.core/1.0.1/org.abego.treelayout.core-1.0.1.jar:/home/alex/.m2/repository/javax/servlet/jsp/javax.servlet.jsp-api/2.3.1/javax.servlet.jsp-api-2.3.1.jar:/home/alex/.m2/repository/org/eclipse/jetty/jetty-runner/9.3.27.v20190418/jetty-runner-9.3.27.v20190418.jar:/home/alex/.m2/repository/org/eclipse/jetty/jetty-plus/9.3.27.v20190418/jetty-plus-9.3.27.v20190418.jar:/home/alex/.m2/repository/org/eclipse/jetty/jetty-annotations/9.3.27.v20190418/jetty-annotations-9.3.27.v20190418.jar:/home/alex/.m2/repository/org/ow2/asm/asm-commons/6.0/asm-commons-6.0.jar:/home/alex/.m2/repository/org/ow2/asm/asm-tree/6.0/asm-tree-6.0.jar:/home/alex/.m2/repository/org/eclipse/jetty/jetty-jaas/9.3.27.v20190418/jetty-jaas-9.3.27.v20190418.jar:/home/alex/.m2/repository/org/eclipse/jetty/websocket/websocket-server/9.3.27.v20190418/websocket-server-9.3.27.v20190418.jar:/home/alex/.m2/repository/org/eclipse/jetty/websocket/websocket-common/9.3.27.v20190418/websocket-common-9.3.27.v20190418.jar:/home/alex/.m2/repository/org/eclipse/jetty/websocket/websocket-api/9.3.27.v20190418/websocket-api-9.3.27.v20190418.jar:/home/alex/.m2/repository/org/eclipse/jetty/websocket/websocket-client/9.3.27.v20190418/websocket-client-9.3.27.v20190418.jar:/home/alex/.m2/repository/org/eclipse/jetty/websocket/websocket-servlet/9.3.27.v20190418/websocket-servlet-9.3.27.v20190418.jar:/home/alex/.m2/repository/org/eclipse/jetty/jetty-jndi/9.3.27.v20190418/jetty-jndi-9.3.27.v20190418.jar:/home/alex/.m2/repository/org/eclipse/jetty/apache-jsp/9.3.27.v20190418/apache-jsp-9.3.27.v20190418.jar:/home/alex/.m2/repository/org/eclipse/jetty/toolchain/jetty-schemas/3.1/jetty-schemas-3.1.jar:/home/alex/.m2/repository/org/eclipse/jdt/core/compiler/ecj/4.4.2/ecj-4.4.2.jar:/home/alex/.m2/repository/org/eclipse/jetty/apache-jstl/9.3.27.v20190418/apache-jstl-9.3.27.v20190418.jar:/home/alex/.m2/repository/org/apache/taglibs/taglibs-standard-spec/1.2.5/taglibs-standard-spec-1.2.5.jar:/home/alex/.m2/repository/org/apache/taglibs/taglibs-standard-impl/1.2.5/taglibs-standard-impl-1.2.5.jar:/home/alex/.m2/repository/org/bouncycastle/bcprov-jdk15on/1.64/bcprov-jdk15on-1.64.jar:/home/alex/.m2/repository/org/apache/santuario/xmlsec/2.2.1/xmlsec-2.2.1.jar:/home/alex/.m2/repository/org/jamon/jamon-runtime/2.3.1/jamon-runtime-2.3.1.jar:/home/alex/Repositories/hive/common/target/classes:/home/alex/Repositories/hive/classification/target/classes:/home/alex/.m2/repository/org/eclipse/jetty/jetty-http/9.3.27.v20190418/jetty-http-9.3.27.v20190418.jar:/home/alex/.m2/repository/org/eclipse/jetty/jetty-rewrite/9.3.27.v20190418/jetty-rewrite-9.3.27.v20190418.jar:/home/alex/.m2/repository/org/eclipse/jetty/jetty-client/9.3.27.v20190418/jetty-client-9.3.27.v20190418.jar:/home/alex/.m2/repository/org/apache/logging/log4j/log4j-web/2.13.2/log4j-web-2.13.2.jar:/home/alex/.m2/repository/net/sf/jpam/jpam/1.1/jpam-1.1.jar:/home/alex/Repositories/hive/metastore/target/classes:/home/alex/Repositories/hive/ql/target/classes:/home/alex/.m2/repository/com/google/guava/guava/19.0/guava-19.0.jar:/home/alex/.m2/repository/com/fasterxml/jackson/core/jackson-annotations/2.12.0/jackson-annotations-2.12.0.jar:/home/alex/.m2/repository/com/fasterxml/jackson/core/jackson-core/2.12.0/jackson-core-2.12.0.jar:/home/alex/.m2/repository/com/fasterxml/jackson/core/jackson-databind/2.12.0/jackson-databind-2.12.0.jar:/home/alex/.m2/repository/org/apache/hadoop/hadoop-annotations/3.1.0/hadoop-annotations-3.1.0.jar:/usr/lib/jvm/java-8-openjdk-amd64/jre/../lib/tools.jar:/home/alex/.m2/repository/org/apache/hadoop/hadoop-archives/3.1.0/hadoop-archives-3.1.0.jar:/home/alex/.m2/repository/org/apache/hadoop/hadoop-common/3.1.0/hadoop-common-3.1.0.jar:/home/alex/.m2/repository/commons-cli/commons-cli/1.4/commons-cli-1.4.jar:/home/alex/.m2/repository/org/apache/commons/commons-math3/3.6.1/commons-math3-3.6.1.jar:/home/alex/.m2/repository/commons-codec/commons-codec/1.15/commons-codec-1.15.jar:/home/alex/.m2/repository/commons-io/commons-io/2.6/commons-io-2.6.jar:/home/alex/.m2/repository/commons-net/commons-net/3.6/commons-net-3.6.jar:/home/alex/.m2/repository/commons-collections/commons-collections/3.2.2/commons-collections-3.2.2.jar:/home/alex/.m2/repository/javax/servlet/javax.servlet-api/3.1.0/javax.servlet-api-3.1.0.jar:/home/alex/.m2/repository/org/eclipse/jetty/jetty-server/9.3.27.v20190418/jetty-server-9.3.27.v20190418.jar:/home/alex/.m2/repository/org/eclipse/jetty/jetty-io/9.3.27.v20190418/jetty-io-9.3.27.v20190418.jar:/home/alex/.m2/repository/org/eclipse/jetty/jetty-util/9.3.27.v20190418/jetty-util-9.3.27.v20190418.jar:/home/alex/.m2/repository/org/eclipse/jetty/jetty-servlet/9.3.27.v20190418/jetty-servlet-9.3.27.v20190418.jar:/home/alex/.m2/repository/org/eclipse/jetty/jetty-security/9.3.27.v20190418/jetty-security-9.3.27.v20190418.jar:/home/alex/.m2/repository/org/eclipse/jetty/jetty-webapp/9.3.27.v20190418/jetty-webapp-9.3.27.v20190418.jar:/home/alex/.m2/repository/org/eclipse/jetty/jetty-xml/9.3.27.v20190418/jetty-xml-9.3.27.v20190418.jar:/home/alex/.m2/repository/javax/servlet/jsp/jsp-api/2.1/jsp-api-2.1.jar:/home/alex/.m2/repository/com/sun/jersey/jersey-core/1.19/jersey-core-1.19.jar:/home/alex/.m2/repository/javax/ws/rs/jsr311-api/1.1.1/jsr311-api-1.1.1.jar:/home/alex/.m2/repository/com/sun/jersey/jersey-json/1.19/jersey-json-1.19.jar:/home/alex/.m2/repository/org/codehaus/jettison/jettison/1.1/jettison-1.1.jar:/home/alex/.m2/repository/com/sun/xml/bind/jaxb-impl/2.2.3-1/jaxb-impl-2.2.3-1.jar:/home/alex/.m2/repository/org/codehaus/jackson/jackson-jaxrs/1.9.2/jackson-jaxrs-1.9.2.jar:/home/alex/.m2/repository/org/codehaus/jackson/jackson-xc/1.9.2/jackson-xc-1.9.2.jar:/home/alex/.m2/repository/com/sun/jersey/jersey-server/1.19/jersey-server-1.19.jar:/home/alex/.m2/repository/log4j/log4j/1.2.17/log4j-1.2.17.jar:/home/alex/.m2/repository/commons-lang/commons-lang/2.6/commons-lang-2.6.jar:/home/alex/.m2/repository/org/apache/commons/commons-configuration2/2.1.1/commons-configuration2-2.1.1.jar:/home/alex/.m2/repository/org/apache/commons/commons-lang3/3.4/commons-lang3-3.4.jar:/home/alex/.m2/repository/org/apache/avro/avro/1.8.2/avro-1.8.2.jar:/home/alex/.m2/repository/com/thoughtworks/paranamer/paranamer/2.8/paranamer-2.8.jar:/home/alex/.m2/repository/org/xerial/snappy/snappy-java/1.1.4/snappy-java-1.1.4.jar:/home/alex/.m2/repository/org/tukaani/xz/1.5/xz-1.5.jar:/home/alex/.m2/repository/com/google/re2j/re2j/1.2/re2j-1.2.jar:/home/alex/.m2/repository/com/google/protobuf/protobuf-java/2.5.0/protobuf-java-2.5.0.jar:/home/alex/.m2/repository/com/google/code/gson/gson/2.2.4/gson-2.2.4.jar:/home/alex/.m2/repository/org/apache/hadoop/hadoop-auth/3.1.0/hadoop-auth-3.1.0.jar:/home/alex/.m2/repository/com/nimbusds/nimbus-jose-jwt/4.41.1/nimbus-jose-jwt-4.41.1.jar:/home/alex/.m2/repository/com/github/stephenc/jcip/jcip-annotations/1.0-1/jcip-annotations-1.0-1.jar:/home/alex/.m2/repository/net/minidev/json-smart/2.3/json-smart-2.3.jar:/home/alex/.m2/repository/net/minidev/accessors-smart/1.2/accessors-smart-1.2.jar:/home/alex/.m2/repository/org/ow2/asm/asm/5.0.4/asm-5.0.4.jar:/home/alex/.m2/repository/com/jcraft/jsch/0.1.54/jsch-0.1.54.jar:/home/alex/.m2/repository/com/google/code/findbugs/jsr305/3.0.0/jsr305-3.0.0.jar:/home/alex/.m2/repository/org/apache/htrace/htrace-core4/4.1.0-incubating/htrace-core4-4.1.0-incubating.jar:/home/alex/.m2/repository/org/apache/commons/commons-compress/1.21/commons-compress-1.21.jar:/home/alex/.m2/repository/org/apache/kerby/kerb-simplekdc/1.0.1/kerb-simplekdc-1.0.1.jar:/home/alex/.m2/repository/org/apache/kerby/kerb-client/1.0.1/kerb-client-1.0.1.jar:/home/alex/.m2/repository/org/apache/kerby/kerby-config/1.0.1/kerby-config-1.0.1.jar:/home/alex/.m2/repository/org/apache/kerby/kerb-core/1.0.1/kerb-core-1.0.1.jar:/home/alex/.m2/repository/org/apache/kerby/kerby-pkix/1.0.1/kerby-pkix-1.0.1.jar:/home/alex/.m2/repository/org/apache/kerby/kerby-asn1/1.0.1/kerby-asn1-1.0.1.jar:/home/alex/.m2/repository/org/apache/kerby/kerby-util/1.0.1/kerby-util-1.0.1.jar:/home/alex/.m2/repository/org/apache/kerby/kerb-common/1.0.1/kerb-common-1.0.1.jar:/home/alex/.m2/repository/org/apache/kerby/kerb-crypto/1.0.1/kerb-crypto-1.0.1.jar:/home/alex/.m2/repository/org/apache/kerby/kerb-util/1.0.1/kerb-util-1.0.1.jar:/home/alex/.m2/repository/org/apache/kerby/token-provider/1.0.1/token-provider-1.0.1.jar:/home/alex/.m2/repository/org/apache/kerby/kerb-admin/1.0.1/kerb-admin-1.0.1.jar:/home/alex/.m2/repository/org/apache/kerby/kerb-server/1.0.1/kerb-server-1.0.1.jar:/home/alex/.m2/repository/org/apache/kerby/kerb-identity/1.0.1/kerb-identity-1.0.1.jar:/home/alex/.m2/repository/org/apache/kerby/kerby-xdr/1.0.1/kerby-xdr-1.0.1.jar:/home/alex/.m2/repository/org/codehaus/woodstox/stax2-api/3.1.4/stax2-api-3.1.4.jar:/home/alex/.m2/repository/com/fasterxml/woodstox/woodstox-core/5.0.3/woodstox-core-5.0.3.jar:/home/alex/.m2/repository/org/apache/hadoop/hadoop-mapreduce-client-jobclient/3.1.0/hadoop-mapreduce-client-jobclient-3.1.0.jar:/home/alex/.m2/repository/com/google/inject/extensions/guice-servlet/4.0/guice-servlet-4.0.jar:/home/alex/.m2/repository/com/google/inject/guice/4.0/guice-4.0.jar:/home/alex/.m2/repository/aopalliance/aopalliance/1.0/aopalliance-1.0.jar:/home/alex/.m2/repository/org/apache/hadoop/hadoop-mapreduce-client-core/3.1.0/hadoop-mapreduce-client-core-3.1.0.jar:/home/alex/.m2/repository/org/apache/hadoop/hadoop-yarn-client/3.1.0/hadoop-yarn-client-3.1.0.jar:/home/alex/.m2/repository/org/apache/hadoop/hadoop-yarn-api/3.1.0/hadoop-yarn-api-3.1.0.jar:/home/alex/.m2/repository/org/apache/hadoop/hadoop-yarn-common/3.1.0/hadoop-yarn-common-3.1.0.jar:/home/alex/.m2/repository/javax/xml/bind/jaxb-api/2.2.11/jaxb-api-2.2.11.jar:/home/alex/.m2/repository/com/sun/jersey/jersey-client/1.19/jersey-client-1.19.jar:/home/alex/.m2/repository/com/sun/jersey/contribs/jersey-guice/1.19/jersey-guice-1.19.jar:/home/alex/.m2/repository/com/fasterxml/jackson/module/jackson-module-jaxb-annotations/2.12.0/jackson-module-jaxb-annotations-2.12.0.jar:/home/alex/.m2/repository/jakarta/xml/bind/jakarta.xml.bind-api/2.3.2/jakarta.xml.bind-api-2.3.2.jar:/home/alex/.m2/repository/jakarta/activation/jakarta.activation-api/1.2.1/jakarta.activation-api-1.2.1.jar:/home/alex/.m2/repository/com/fasterxml/jackson/jaxrs/jackson-jaxrs-json-provider/2.12.0/jackson-jaxrs-json-provider-2.12.0.jar:/home/alex/.m2/repository/org/apache/hadoop/hadoop-hdfs-client/3.1.0/hadoop-hdfs-client-3.1.0.jar:/home/alex/.m2/repository/com/squareup/okhttp/okhttp/2.7.5/okhttp-2.7.5.jar:/home/alex/.m2/repository/com/squareup/okio/okio/1.6.0/okio-1.6.0.jar:/home/alex/.m2/repository/org/apache/pig/pig/0.16.0/pig-0.16.0-h2.jar:/home/alex/.m2/repository/xmlenc/xmlenc/0.52/xmlenc-0.52.jar:/home/alex/.m2/repository/commons-httpclient/commons-httpclient/3.1/commons-httpclient-3.1.jar:/home/alex/.m2/repository/org/mortbay/jetty/jetty/6.1.26/jetty-6.1.26.jar:/home/alex/.m2/repository/org/mortbay/jetty/servlet-api/2.5-20081211/servlet-api-2.5-20081211.jar:/home/alex/.m2/repository/org/mortbay/jetty/jetty-util/6.1.26/jetty-util-6.1.26.jar:/home/alex/.m2/repository/org/mortbay/jetty/jsp-api-2.1/6.1.14/jsp-api-2.1-6.1.14.jar:/home/alex/.m2/repository/org/mortbay/jetty/jsp-2.1/6.1.14/jsp-2.1-6.1.14.jar:/home/alex/.m2/repository/org/eclipse/jdt/core/3.1.1/core-3.1.1.jar:/home/alex/.m2/repository/ant/ant/1.6.5/ant-1.6.5.jar:/home/alex/.m2/repository/commons-el/commons-el/1.0/commons-el-1.0.jar:/home/alex/.m2/repository/net/java/dev/jets3t/jets3t/0.7.1/jets3t-0.7.1.jar:/home/alex/.m2/repository/org/mortbay/jetty/servlet-api-2.5/6.1.14/servlet-api-2.5-6.1.14.jar:/home/alex/.m2/repository/net/sf/kosmosfs/kfs/0.3/kfs-0.3.jar:/home/alex/.m2/repository/junit/junit/4.13/junit-4.13.jar:/home/alex/.m2/repository/org/hamcrest/hamcrest-core/1.3/hamcrest-core-1.3.jar:/home/alex/.m2/repository/hsqldb/hsqldb/1.8.0.10/hsqldb-1.8.0.10.jar:/home/alex/.m2/repository/oro/oro/2.0.8/oro-2.0.8.jar:/home/alex/.m2/repository/org/antlr/ST4/4.0.4/ST4-4.0.4.jar:/home/alex/.m2/repository/org/antlr/antlr-runtime/3.5.2/antlr-runtime-3.5.2.jar:/home/alex/.m2/repository/dk/brics/automaton/automaton/1.11-8/automaton-1.11-8.jar:/home/alex/.m2/repository/org/codehaus/jackson/jackson-mapper-asl/1.8.8/jackson-mapper-asl-1.8.8.jar:/home/alex/.m2/repository/org/codehaus/jackson/jackson-core-asl/1.8.8/jackson-core-asl-1.8.8.jar:/home/alex/.m2/repository/org/apache/ivy/ivy/2.2.0/ivy-2.2.0.jar:/home/alex/.m2/repository/org/apache/hadoop/hadoop-hdfs/3.1.0/hadoop-hdfs-3.1.0.jar:/home/alex/.m2/repository/org/eclipse/jetty/jetty-util-ajax/9.3.19.v20170502/jetty-util-ajax-9.3.19.v20170502.jar:/home/alex/.m2/repository/commons-logging/commons-logging/1.1.3/commons-logging-1.1.3.jar:/home/alex/.m2/repository/commons-daemon/commons-daemon/1.0.13/commons-daemon-1.0.13.jar:/home/alex/.m2/repository/io/netty/netty-all/4.1.65.Final/netty-all-4.1.65.Final.jar:/home/alex/.m2/repository/org/fusesource/leveldbjni/leveldbjni-all/1.8/leveldbjni-all-1.8.jar:/home/alex/.m2/repository/joda-time/joda-time/2.9.9/joda-time-2.9.9.jar:/home/alex/Repositories/hive/hcatalog/core/target/test-classes:/home/alex/.m2/repository/jline/jline/0.9.94/jline-0.9.94.jar:/home/alex/Repositories/hive/ql/target/test-classes:/home/alex/.m2/repository/org/apache/atlas/atlas-client-v2/2.1.0/atlas-client-v2-2.1.0.jar:/home/alex/.m2/repository/cglib/cglib/2.2.2/cglib-2.2.2.jar:/home/alex/.m2/repository/asm/asm/3.3.1/asm-3.3.1.jar:/home/alex/.m2/repository/org/apache/atlas/atlas-client-common/2.1.0/atlas-client-common-2.1.0.jar:/home/alex/.m2/repository/org/apache/atlas/atlas-intg/2.1.0/atlas-intg-2.1.0.jar:/home/alex/.m2/repository/commons-validator/commons-validator/1.6/commons-validator-1.6.jar:/home/alex/.m2/repository/commons-digester/commons-digester/1.8.1/commons-digester-1.8.1.jar:/home/alex/.m2/repository/com/fasterxml/jackson/jaxrs/jackson-jaxrs-base/2.12.0/jackson-jaxrs-base-2.12.0.jar:/home/alex/.m2/repository/javax/inject/javax.inject/1/javax.inject-1.jar:/home/alex/.m2/repository/org/springframework/spring-context/4.3.20.RELEASE/spring-context-4.3.20.RELEASE.jar:/home/alex/.m2/repository/org/springframework/spring-aop/4.3.20.RELEASE/spring-aop-4.3.20.RELEASE.jar:/home/alex/.m2/repository/org/springframework/spring-beans/4.3.20.RELEASE/spring-beans-4.3.20.RELEASE.jar:/home/alex/.m2/repository/org/springframework/spring-core/4.3.20.RELEASE/spring-core-4.3.20.RELEASE.jar:/home/alex/.m2/repository/org/springframework/spring-expression/4.3.20.RELEASE/spring-expression-4.3.20.RELEASE.jar:/home/alex/.m2/repository/commons-configuration/commons-configuration/1.10/commons-configuration-1.10.jar:/home/alex/Repositories/hive/vector-code-gen/target/classes:/home/alex/.m2/repository/org/apache/velocity/velocity/1.5/velocity-1.5.jar:/home/alex/Repositories/hive/serde/target/classes:/home/alex/.m2/repository/org/apache/arrow/arrow-vector/0.15.1/arrow-vector-0.15.1.jar:/home/alex/.m2/repository/org/apache/arrow/arrow-format/0.15.1/arrow-format-0.15.1.jar:/home/alex/.m2/repository/org/apache/arrow/arrow-memory/0.15.1/arrow-memory-0.15.1.jar:/home/alex/.m2/repository/com/google/flatbuffers/flatbuffers-java/1.9.0/flatbuffers-java-1.9.0.jar:/home/alex/.m2/repository/com/carrotsearch/hppc/0.7.2/hppc-0.7.2.jar:/home/alex/.m2/repository/com/github/davidmoten/flatbuffers-java/1.6.0.1/flatbuffers-java-1.6.0.1.jar:/home/alex/Repositories/hive/parser/target/classes:/home/alex/Repositories/hive/udf/target/classes:/home/alex/Repositories/hive/service-rpc/target/classes:/home/alex/Repositories/hive/llap-client/target/classes:/home/alex/Repositories/hive/llap-common/target/classes:/home/alex/.m2/repository/io/jsonwebtoken/jjwt-api/0.10.5/jjwt-api-0.10.5.jar:/home/alex/.m2/repository/io/jsonwebtoken/jjwt-impl/0.10.5/jjwt-impl-0.10.5.jar:/home/alex/.m2/repository/io/jsonwebtoken/jjwt-jackson/0.10.5/jjwt-jackson-0.10.5.jar:/home/alex/Repositories/hive/llap-tez/target/classes:/home/alex/Repositories/hive/shims/aggregator/target/classes:/home/alex/Repositories/hive/shims/common/target/classes:/home/alex/Repositories/hive/shims/0.23/target/classes:/home/alex/.m2/repository/org/apache/hadoop/hadoop-yarn-server-resourcemanager/3.1.0/hadoop-yarn-server-resourcemanager-3.1.0.jar:/home/alex/.m2/repository/org/apache/hadoop/hadoop-yarn-server-common/3.1.0/hadoop-yarn-server-common-3.1.0.jar:/home/alex/.m2/repository/org/apache/geronimo/specs/geronimo-jcache_1.0_spec/1.0-alpha-1/geronimo-jcache_1.0_spec-1.0-alpha-1.jar:/home/alex/.m2/repository/org/ehcache/ehcache/3.3.1/ehcache-3.3.1.jar:/home/alex/.m2/repository/com/zaxxer/HikariCP-java7/2.4.12/HikariCP-java7-2.4.12.jar:/home/alex/.m2/repository/org/apache/hadoop/hadoop-yarn-server-applicationhistoryservice/3.1.0/hadoop-yarn-server-applicationhistoryservice-3.1.0.jar:/home/alex/.m2/repository/de/ruedigermoeller/fst/2.50/fst-2.50.jar:/home/alex/.m2/repository/com/cedarsoftware/java-util/1.9.0/java-util-1.9.0.jar:/home/alex/.m2/repository/com/cedarsoftware/json-io/2.5.1/json-io-2.5.1.jar:/home/alex/Repositories/hive/shims/scheduler/target/classes:/home/alex/Repositories/hive/spark-client/target/classes:/home/alex/.m2/repository/com/fasterxml/jackson/module/jackson-module-scala_2.12/2.12.0/jackson-module-scala_2.12-2.12.0.jar:/home/alex/.m2/repository/org/scala-lang/scala-library/2.12.10/scala-library-2.12.10.jar:/home/alex/.m2/repository/org/apache/spark/spark-core_2.12/2.4.5/spark-core_2.12-2.4.5.jar:/home/alex/.m2/repository/com/twitter/chill_2.12/0.9.3/chill_2.12-0.9.3.jar:/home/alex/.m2/repository/com/twitter/chill-java/0.9.3/chill-java-0.9.3.jar:/home/alex/.m2/repository/org/apache/xbean/xbean-asm6-shaded/4.8/xbean-asm6-shaded-4.8.jar:/home/alex/.m2/repository/org/apache/hadoop/hadoop-client/3.1.0/hadoop-client-3.1.0.jar:/home/alex/.m2/repository/org/apache/spark/spark-launcher_2.12/2.4.5/spark-launcher_2.12-2.4.5.jar:/home/alex/.m2/repository/org/apache/spark/spark-kvstore_2.12/2.4.5/spark-kvstore_2.12-2.4.5.jar:/home/alex/.m2/repository/org/apache/spark/spark-network-common_2.12/2.4.5/spark-network-common_2.12-2.4.5.jar:/home/alex/.m2/repository/org/apache/spark/spark-network-shuffle_2.12/2.4.5/spark-network-shuffle_2.12-2.4.5.jar:/home/alex/.m2/repository/org/apache/spark/spark-unsafe_2.12/2.4.5/spark-unsafe_2.12-2.4.5.jar:/home/alex/.m2/repository/javax/activation/activation/1.1.1/activation-1.1.1.jar:/home/alex/.m2/repository/org/slf4j/jul-to-slf4j/1.7.16/jul-to-slf4j-1.7.16.jar:/home/alex/.m2/repository/org/slf4j/jcl-over-slf4j/1.7.16/jcl-over-slf4j-1.7.16.jar:/home/alex/.m2/repository/com/ning/compress-lzf/1.0.3/compress-lzf-1.0.3.jar:/home/alex/.m2/repository/org/roaringbitmap/RoaringBitmap/0.7.45/RoaringBitmap-0.7.45.jar:/home/alex/.m2/repository/org/roaringbitmap/shims/0.7.45/shims-0.7.45.jar:/home/alex/.m2/repository/org/json4s/json4s-jackson_2.12/3.5.3/json4s-jackson_2.12-3.5.3.jar:/home/alex/.m2/repository/org/json4s/json4s-core_2.12/3.5.3/json4s-core_2.12-3.5.3.jar:/home/alex/.m2/repository/org/json4s/json4s-ast_2.12/3.5.3/json4s-ast_2.12-3.5.3.jar:/home/alex/.m2/repository/org/json4s/json4s-scalap_2.12/3.5.3/json4s-scalap_2.12-3.5.3.jar:/home/alex/.m2/repository/org/scala-lang/modules/scala-xml_2.12/1.0.6/scala-xml_2.12-1.0.6.jar:/home/alex/.m2/repository/com/clearspring/analytics/stream/2.7.0/stream-2.7.0.jar:/home/alex/.m2/repository/io/dropwizard/metrics/metrics-graphite/3.1.5/metrics-graphite-3.1.5.jar:/home/alex/.m2/repository/net/razorvine/pyrolite/4.13/pyrolite-4.13.jar:/home/alex/.m2/repository/net/sf/py4j/py4j/0.10.7/py4j-0.10.7.jar:/home/alex/.m2/repository/org/apache/spark/spark-tags_2.12/2.4.5/spark-tags_2.12-2.4.5.jar:/home/alex/.m2/repository/org/apache/commons/commons-crypto/1.0.0/commons-crypto-1.0.0.jar:/home/alex/.m2/repository/org/spark-project/spark/unused/1.0.0/unused-1.0.0.jar:/home/alex/.m2/repository/org/apache/spark/spark-yarn_2.12/2.4.5/spark-yarn_2.12-2.4.5.jar:/home/alex/.m2/repository/org/apache/hadoop/hadoop-yarn-server-web-proxy/3.1.0/hadoop-yarn-server-web-proxy-3.1.0.jar:/home/alex/Repositories/hive/storage-api/target/classes:/home/alex/.m2/repository/com/amazonaws/secretsmanager/aws-secretsmanager-caching-java/1.0.1/aws-secretsmanager-caching-java-1.0.1.jar:/home/alex/.m2/repository/com/esotericsoftware/kryo/5.0.3/kryo-5.0.3.jar:/home/alex/.m2/repository/com/esotericsoftware/minlog/1.3.1/minlog-1.3.1.jar:/home/alex/.m2/repository/com/esotericsoftware/reflectasm/1.11.9/reflectasm-1.11.9.jar:/home/alex/.m2/repository/org/apache/parquet/parquet-hadoop-bundle/1.11.1/parquet-hadoop-bundle-1.11.1.jar:/home/alex/.m2/repository/org/apache/commons/commons-collections4/4.1/commons-collections4-4.1.jar:/home/alex/.m2/repository/org/apache/commons/commons-text/1.8/commons-text-1.8.jar:/home/alex/.m2/repository/javolution/javolution/5.5.1/javolution-5.5.1.jar:/home/alex/.m2/repository/org/apache/logging/log4j/log4j-1.2-api/2.13.2/log4j-1.2-api-2.13.2.jar:/home/alex/.m2/repository/org/apache/logging/log4j/log4j-api/2.13.2/log4j-api-2.13.2.jar:/home/alex/.m2/repository/org/apache/logging/log4j/log4j-core/2.13.2/log4j-core-2.13.2.jar:/home/alex/.m2/repository/org/apache/logging/log4j/log4j-slf4j-impl/2.13.2/log4j-slf4j-impl-2.13.2.jar:/home/alex/.m2/repository/org/apache/avro/avro-mapred/1.8.2/avro-mapred-1.8.2-hadoop2.jar:/home/alex/.m2/repository/org/apache/avro/avro-ipc/1.8.2/avro-ipc-1.8.2.jar:/home/alex/.m2/repository/org/apache/ant/ant/1.9.1/ant-1.9.1.jar:/home/alex/.m2/repository/org/apache/ant/ant-launcher/1.9.1/ant-launcher-1.9.1.jar:/home/alex/.m2/repository/org/apache/thrift/libfb303/0.9.3/libfb303-0.9.3.jar:/home/alex/.m2/repository/org/apache/hadoop/hadoop-yarn-registry/3.1.0/hadoop-yarn-registry-3.1.0.jar:/home/alex/.m2/repository/dnsjava/dnsjava/2.1.7/dnsjava-2.1.7.jar:/home/alex/.m2/repository/org/apache/orc/orc-tools/1.6.9/orc-tools-1.6.9.jar:/home/alex/.m2/repository/com/opencsv/opencsv/3.9/opencsv-3.9.jar:/home/alex/.m2/repository/org/threeten/threetenbp/1.3.5/threetenbp-1.3.5.jar:/home/alex/.m2/repository/org/apache/thrift/libthrift/0.14.1/libthrift-0.14.1.jar:/home/alex/.m2/repository/org/apache/httpcomponents/httpcore/4.4.13/httpcore-4.4.13.jar:/home/alex/.m2/repository/org/apache/tomcat/embed/tomcat-embed-core/8.5.46/tomcat-embed-core-8.5.46.jar:/home/alex/.m2/repository/org/apache/tomcat/tomcat-annotations-api/8.5.46/tomcat-annotations-api-8.5.46.jar:/home/alex/.m2/repository/javax/annotation/javax.annotation-api/1.3.2/javax.annotation-api-1.3.2.jar:/home/alex/.m2/repository/org/apache/zookeeper/zookeeper/3.5.5/zookeeper-3.5.5.jar:/home/alex/.m2/repository/org/apache/zookeeper/zookeeper-jute/3.5.5/zookeeper-jute-3.5.5.jar:/home/alex/.m2/repository/org/apache/yetus/audience-annotations/0.5.0/audience-annotations-0.5.0.jar:/home/alex/.m2/repository/org/apache/curator/curator-framework/4.2.0/curator-framework-4.2.0.jar:/home/alex/.m2/repository/org/apache/datasketches/datasketches-hive/1.1.0-incubating/datasketches-hive-1.1.0-incubating.jar:/home/alex/.m2/repository/org/apache/datasketches/datasketches-java/1.3.0-incubating/datasketches-java-1.3.0-incubating.jar:/home/alex/.m2/repository/org/apache/datasketches/datasketches-memory/1.2.0-incubating/datasketches-memory-1.2.0-incubating.jar:/home/alex/.m2/repository/org/slf4j/slf4j-simple/1.7.27/slf4j-simple-1.7.27.jar:/home/alex/.m2/repository/org/codehaus/groovy/groovy-all/2.4.11/groovy-all-2.4.11.jar:/home/alex/.m2/repository/org/jodd/jodd-util/6.0.0/jodd-util-6.0.0.jar:/home/alex/.m2/repository/com/fasterxml/jackson/dataformat/jackson-dataformat-yaml/2.12.0/jackson-dataformat-yaml-2.12.0.jar:/home/alex/.m2/repository/org/yaml/snakeyaml/1.27/snakeyaml-1.27.jar:/home/alex/.m2/repository/org/datanucleus/datanucleus-core/5.2.4/datanucleus-core-5.2.4.jar:/home/alex/.m2/repository/org/apache/calcite/calcite-core/1.25.0/calcite-core-1.25.0.jar:/home/alex/.m2/repository/org/apache/calcite/calcite-linq4j/1.25.0/calcite-linq4j-1.25.0.jar:/home/alex/.m2/repository/org/apiguardian/apiguardian-api/1.1.0/apiguardian-api-1.1.0.jar:/home/alex/.m2/repository/com/esri/geometry/esri-geometry-api/2.2.0/esri-geometry-api-2.2.0.jar:/home/alex/.m2/repository/com/yahoo/datasketches/sketches-core/0.9.0/sketches-core-0.9.0.jar:/home/alex/.m2/repository/com/yahoo/datasketches/memory/0.9.0/memory-0.9.0.jar:/home/alex/.m2/repository/org/apache/calcite/calcite-druid/1.25.0/calcite-druid-1.25.0.jar:/home/alex/.m2/repository/org/apache/calcite/avatica/avatica/1.12.0/avatica-1.12.0.jar:/home/alex/.m2/repository/com/googlecode/javaewah/JavaEWAH/0.3.2/JavaEWAH-0.3.2.jar:/home/alex/.m2/repository/com/tdunning/json/1.8/json-1.8.jar:/home/alex/.m2/repository/stax/stax-api/1.0.1/stax-api-1.0.1.jar:/home/alex/.m2/repository/net/sf/opencsv/opencsv/2.3/opencsv-2.3.jar:/home/alex/Repositories/hive/standalone-metastore/metastore-server/target/classes:/home/alex/.m2/repository/org/reflections/reflections/0.9.10/reflections-0.9.10.jar:/home/alex/.m2/repository/org/javassist/javassist/3.19.0-GA/javassist-3.19.0-GA.jar:/home/alex/.m2/repository/com/jayway/jsonpath/json-path/2.4.0/json-path-2.4.0.jar:/home/alex/.m2/repository/org/codehaus/janino/commons-compiler/3.0.11/commons-compiler-3.0.11.jar:/home/alex/.m2/repository/org/codehaus/janino/janino/3.0.11/janino-3.0.11.jar:/home/alex/.m2/repository/com/sun/jersey/contribs/jersey-multipart/1.19/jersey-multipart-1.19.jar:/home/alex/.m2/repository/org/jvnet/mimepull/mimepull/1.9.3/mimepull-1.9.3.jar:/home/alex/.m2/repository/org/apache/kafka/kafka-clients/2.5.0/kafka-clients-2.5.0.jar:/home/alex/.m2/repository/com/github/luben/zstd-jni/1.4.4-7/zstd-jni-1.4.4-7.jar:/home/alex/.m2/repository/org/lz4/lz4-java/1.7.1/lz4-java-1.7.1.jar:/home/alex/.m2/repository/org/apache/hadoop/hadoop-hdfs/3.1.0/hadoop-hdfs-3.1.0-tests.jar:/home/alex/Repositories/hive/standalone-metastore/metastore-server/target/test-classes:/home/alex/Repositories/hive/standalone-metastore/metastore-common/target/classes:/home/alex/.m2/repository/com/github/ben-manes/caffeine/caffeine/2.8.4/caffeine-2.8.4.jar:/home/alex/.m2/repository/org/checkerframework/checker-qual/3.4.0/checker-qual-3.4.0.jar:/home/alex/.m2/repository/com/google/errorprone/error_prone_annotations/2.3.4/error_prone_annotations-2.3.4.jar:/home/alex/.m2/repository/org/apache/orc/orc-core/1.6.9/orc-core-1.6.9.jar:/home/alex/.m2/repository/org/apache/orc/orc-shims/1.6.9/orc-shims-1.6.9.jar:/home/alex/.m2/repository/io/airlift/aircompressor/0.19/aircompressor-0.19.jar:/home/alex/.m2/repository/org/jetbrains/annotations/17.0.0/annotations-17.0.0.jar:/home/alex/.m2/repository/org/threeten/threeten-extra/1.5.0/threeten-extra-1.5.0.jar:/home/alex/.m2/repository/com/github/joshelser/dropwizard-metrics-hadoop-metrics2-reporter/0.1.2/dropwizard-metrics-hadoop-metrics2-reporter-0.1.2.jar:/home/alex/.m2/repository/com/zaxxer/HikariCP/2.6.1/HikariCP-2.6.1.jar:/home/alex/.m2/repository/org/apache/commons/commons-dbcp2/2.7.0/commons-dbcp2-2.7.0.jar:/home/alex/.m2/repository/org/apache/commons/commons-pool2/2.7.0/commons-pool2-2.7.0.jar:/home/alex/.m2/repository/io/dropwizard/metrics/metrics-core/3.1.0/metrics-core-3.1.0.jar:/home/alex/.m2/repository/io/dropwizard/metrics/metrics-jvm/3.1.0/metrics-jvm-3.1.0.jar:/home/alex/.m2/repository/io/dropwizard/metrics/metrics-json/3.1.0/metrics-json-3.1.0.jar:/home/alex/.m2/repository/org/apache/derby/derby/10.14.1.0/derby-10.14.1.0.jar:/home/alex/.m2/repository/commons-beanutils/commons-beanutils/1.9.4/commons-beanutils-1.9.4.jar:/home/alex/.m2/repository/org/datanucleus/datanucleus-api-jdo/5.2.4/datanucleus-api-jdo-5.2.4.jar:/home/alex/.m2/repository/org/datanucleus/datanucleus-rdbms/5.2.4/datanucleus-rdbms-5.2.4.jar:/home/alex/.m2/repository/org/datanucleus/javax.jdo/3.2.0-release/javax.jdo-3.2.0-release.jar:/home/alex/.m2/repository/javax/transaction/javax.transaction-api/1.3/javax.transaction-api-1.3.jar:/home/alex/.m2/repository/org/glassfish/corba/glassfish-corba-omgapi/4.2.2/glassfish-corba-omgapi-4.2.2.jar:/home/alex/.m2/repository/sqlline/sqlline/1.9.0/sqlline-1.9.0.jar:/home/alex/.m2/repository/org/jline/jline-terminal/3.12.1/jline-terminal-3.12.1.jar:/home/alex/.m2/repository/org/jline/jline-reader/3.12.1/jline-reader-3.12.1.jar:/home/alex/.m2/repository/org/jline/jline-terminal-jansi/3.12.1/jline-terminal-jansi-3.12.1.jar:/home/alex/.m2/repository/org/fusesource/jansi/jansi/1.18/jansi-1.18.jar:/home/alex/.m2/repository/org/jline/jline-terminal-jna/3.12.1/jline-terminal-jna-3.12.1.jar:/home/alex/.m2/repository/net/java/dev/jna/jna/5.3.1/jna-5.3.1.jar:/home/alex/.m2/repository/org/jline/jline-builtins/3.12.1/jline-builtins-3.12.1.jar:/home/alex/.m2/repository/org/jline/jline-style/3.12.1/jline-style-3.12.1.jar:/home/alex/.m2/repository/com/cronutils/cron-utils/9.1.3/cron-utils-9.1.3.jar:/home/alex/.m2/repository/org/glassfish/javax.el/3.0.0/javax.el-3.0.0.jar:/home/alex/.m2/repository/com/oracle/database/jdbc/ojdbc8/21.3.0.0/ojdbc8-21.3.0.0.jar:/home/alex/.m2/repository/mysql/mysql-connector-java/8.0.27/mysql-connector-java-8.0.27.jar:/home/alex/.m2/repository/com/microsoft/sqlserver/mssql-jdbc/6.2.1.jre8/mssql-jdbc-6.2.1.jre8.jar:/home/alex/.m2/repository/org/postgresql/postgresql/42.2.14/postgresql-42.2.14.jar:/home/alex/.m2/repository/org/apache/hadoop/hadoop-mapreduce-client-common/3.1.0/hadoop-mapreduce-client-common-3.1.0.jar:/home/alex/.m2/repository/org/apache/hadoop/hadoop-common/3.1.0/hadoop-common-3.1.0-tests.jar:/home/alex/.m2/repository/org/apache/httpcomponents/httpclient/4.5.13/httpclient-4.5.13.jar:/home/alex/.m2/repository/org/apache/curator/curator-client/4.2.0/curator-client-4.2.0.jar:/home/alex/.m2/repository/org/apache/curator/curator-recipes/4.2.0/curator-recipes-4.2.0.jar:/home/alex/.m2/repository/com/sun/jersey/jersey-servlet/1.19/jersey-servlet-1.19.jar:/home/alex/.m2/repository/org/slf4j/slf4j-api/1.7.30/slf4j-api-1.7.30.jar:/home/alex/.m2/repository/org/mockito/mockito-core/3.4.4/mockito-core-3.4.4.jar:/home/alex/.m2/repository/net/bytebuddy/byte-buddy/1.10.13/byte-buddy-1.10.13.jar:/home/alex/.m2/repository/net/bytebuddy/byte-buddy-agent/1.10.13/byte-buddy-agent-1.10.13.jar:/home/alex/.m2/repository/org/objenesis/objenesis/2.6/objenesis-2.6.jar:/home/alex/Repositories/hive/hcatalog/hcatalog-pig-adapter/target/testconf:/home/alex/Repositories/hive/hcatalog/hcatalog-pig-adapter/../../conf:"/>
    <property name="sun.cpu.endian" value="little"/>
    <property name="user.home" value="/home/alex"/>
    <property name="user.language" value="en"/>
    <property name="java.security.krb5.conf" value="/home/alex/Repositories/hive/hcatalog/hcatalog-pig-adapter/target/testconf/krb5.conf"/>
    <property name="test.dfs.mkdir" value=""/>
    <property name="java.awt.graphicsenv" value="sun.awt.X11GraphicsEnvironment"/>
    <property name="nondexFilter" value=".*"/>
    <property name="nondexSeed" value="933178"/>
    <property name="surefire.real.class.path" value="/home/alex/Repositories/hive/hcatalog/hcatalog-pig-adapter/target/surefire/surefirebooter8541587889280505138.jar"/>
    <property name="hadoop.log.dir" value="/home/alex/Repositories/hive/hcatalog/hcatalog-pig-adapter/target/tmp"/>
    <property name="java.net.preferIPv4Stack" value="true"/>
    <property name="path.separator" value=":"/>
    <property name="os.version" value="6.5.0-28-generic"/>
    <property name="java.endorsed.dirs" value="/usr/lib/jvm/java-8-openjdk-amd64/jre/lib/endorsed"/>
    <property name="java.runtime.name" value="OpenJDK Runtime Environment"/>
    <property name="hive.test.console.log.level" value="INFO"/>
    <property name="java.vm.name" value="OpenJDK 64-Bit Server VM"/>
    <property name="java.vendor.url.bug" value="http://bugreport.sun.com/bugreport/"/>
    <property name="maven.local.repository" value="/home/alex/.m2/repository"/>
    <property name="user.dir" value="/home/alex/Repositories/hive/hcatalog/hcatalog-pig-adapter"/>
    <property name="os.arch" value="amd64"/>
    <property name="nondexMode" value="FULL"/>
    <property name="user.language.format" value="pt"/>
    <property name="antlr.version" value="3.5.2"/>
    <property name="derby.version" value="10.14.1.0"/>
    <property name="java.vm.info" value="mixed mode"/>
    <property name="java.vm.version" value="25.402-b06"/>
    <property name="java.ext.dirs" value="/usr/lib/jvm/java-8-openjdk-amd64/jre/lib/ext:/usr/java/packages/lib/ext"/>
    <property name="test.output.overwrite" value=""/>
    <property name="java.class.version" value="52.0"/>
    <property name="hive.root" value="/home/alex/Repositories/hive/hcatalog/hcatalog-pig-adapter/../../"/>
  </properties>
  <testcase name="testDynamicPartitioningMultiPartColsInDataNoSpec[0]" classname="org.apache.hive.hcatalog.pig.TestHCatStorer" time="0">
    <skipped message="got: &lt;false&gt;, expected: is &lt;true&gt;"/>
    <system-out><![CDATA[log4j: Trying to find [log4j.xml] using context classloader sun.misc.Launcher$AppClassLoader@330bedb4.
log4j: Trying to find [log4j.xml] using sun.misc.Launcher$AppClassLoader@330bedb4 class loader.
log4j: Trying to find [log4j.xml] using ClassLoader.getSystemResource().
log4j: Trying to find [log4j.properties] using context classloader sun.misc.Launcher$AppClassLoader@330bedb4.
log4j: Trying to find [log4j.properties] using sun.misc.Launcher$AppClassLoader@330bedb4 class loader.
log4j: Trying to find [log4j.properties] using ClassLoader.getSystemResource().
log4j: Could not find resource: [null].
]]></system-out>
    <system-err><![CDATA[SLF4J: Class path contains multiple SLF4J bindings.
SLF4J: Found binding in [jar:file:/home/alex/.m2/repository/org/apache/logging/log4j/log4j-slf4j-impl/2.13.2/log4j-slf4j-impl-2.13.2.jar!/org/slf4j/impl/StaticLoggerBinder.class]
SLF4J: Found binding in [jar:file:/home/alex/.m2/repository/org/slf4j/slf4j-simple/1.7.27/slf4j-simple-1.7.27.jar!/org/slf4j/impl/StaticLoggerBinder.class]
SLF4J: See http://www.slf4j.org/codes.html#multiple_bindings for an explanation.
SLF4J: Actual binding is of type [org.apache.logging.slf4j.Log4jLoggerFactory]
DEBUG StatusLogger Using ShutdownCallbackRegistry class org.apache.logging.log4j.core.util.DefaultShutdownCallbackRegistry
DEBUG StatusLogger Took 0,097857 seconds to load 251 plugins from sun.misc.Launcher$AppClassLoader@330bedb4
DEBUG StatusLogger PluginManager 'Converter' found 46 plugins
DEBUG StatusLogger Starting OutputStreamManager SYSTEM_OUT.false.false-1
DEBUG StatusLogger Starting LoggerContext[name=330bedb4, org.apache.logging.log4j.core.LoggerContext@6771beb3]...
DEBUG StatusLogger Reconfiguration started for context[name=330bedb4] at URI null (org.apache.logging.log4j.core.LoggerContext@6771beb3) with optional ClassLoader: null
DEBUG StatusLogger PluginManager 'ConfigurationFactory' found 6 plugins
DEBUG StatusLogger Using configurationFactory org.apache.logging.log4j.core.config.ConfigurationFactory$Factory@3eb25e1a
DEBUG StatusLogger Apache Log4j Core 2.13.2 initializing configuration org.apache.logging.log4j.core.config.properties.PropertiesConfiguration@131ef10
DEBUG StatusLogger Installed 2 script engines
DEBUG StatusLogger Groovy Scripting Engine version: 2.0, language: Groovy, threading: MULTITHREADED, compile: true, names: [groovy, Groovy], factory class: org.codehaus.groovy.jsr223.GroovyScriptEngineFactory
DEBUG StatusLogger Oracle Nashorn version: 1.8.0_402, language: ECMAScript, threading: Not Thread Safe, compile: true, names: [nashorn, Nashorn, js, JS, JavaScript, javascript, ECMAScript, ecmascript], factory class: jdk.nashorn.api.scripting.NashornScriptEngineFactory
INFO StatusLogger Scanning for classes in '/home/alex/Repositories/hive/common/target/classes/org/apache/hadoop/hive/ql/log' matching criteria annotated with @Plugin
DEBUG StatusLogger Checking to see if class org.apache.hadoop.hive.ql.log.PerfLogger matches criteria annotated with @Plugin
INFO StatusLogger Scanning for classes in '/home/alex/Repositories/hive/ql/target/classes/org/apache/hadoop/hive/ql/log' matching criteria annotated with @Plugin
DEBUG StatusLogger Checking to see if class org.apache.hadoop.hive.ql.log.NullAppender matches criteria annotated with @Plugin
DEBUG StatusLogger Checking to see if class org.apache.hadoop.hive.ql.log.HiveEventCounter matches criteria annotated with @Plugin
DEBUG StatusLogger Checking to see if class org.apache.hadoop.hive.ql.log.PidFilePatternConverter matches criteria annotated with @Plugin
DEBUG StatusLogger Checking to see if class org.apache.hadoop.hive.ql.log.HushableRandomAccessFileAppender matches criteria annotated with @Plugin
DEBUG StatusLogger Checking to see if class org.apache.hadoop.hive.ql.log.HushableRandomAccessFileAppender$1 matches criteria annotated with @Plugin
DEBUG StatusLogger Checking to see if class org.apache.hadoop.hive.ql.log.LogDivertAppender$NameFilter matches criteria annotated with @Plugin
DEBUG StatusLogger Checking to see if class org.apache.hadoop.hive.ql.log.SlidingFilenameRolloverStrategy matches criteria annotated with @Plugin
DEBUG StatusLogger Checking to see if class org.apache.hadoop.hive.ql.log.LogDivertAppender matches criteria annotated with @Plugin
DEBUG StatusLogger Checking to see if class org.apache.hadoop.hive.ql.log.HiveEventCounter$1 matches criteria annotated with @Plugin
DEBUG StatusLogger Checking to see if class org.apache.hadoop.hive.ql.log.LogDivertAppenderForTest matches criteria annotated with @Plugin
DEBUG StatusLogger Checking to see if class org.apache.hadoop.hive.ql.log.syslog.SyslogStorageHandler matches criteria annotated with @Plugin
DEBUG StatusLogger Checking to see if class org.apache.hadoop.hive.ql.log.syslog.SyslogInputFormat matches criteria annotated with @Plugin
DEBUG StatusLogger Checking to see if class org.apache.hadoop.hive.ql.log.syslog.SyslogSerDe matches criteria annotated with @Plugin
DEBUG StatusLogger Checking to see if class org.apache.hadoop.hive.ql.log.syslog.SyslogInputFormat$Location matches criteria annotated with @Plugin
DEBUG StatusLogger Checking to see if class org.apache.hadoop.hive.ql.log.syslog.SyslogParser matches criteria annotated with @Plugin
DEBUG StatusLogger Checking to see if class org.apache.hadoop.hive.ql.log.HiveEventCounter$EventCounts matches criteria annotated with @Plugin
DEBUG StatusLogger Checking to see if class org.apache.hadoop.hive.ql.log.SlidingFilenameRolloverStrategy$1 matches criteria annotated with @Plugin
DEBUG StatusLogger Checking to see if class org.apache.hadoop.hive.ql.log.LogDivertAppenderForTest$TestFilter matches criteria annotated with @Plugin
INFO StatusLogger Scanning for classes in '/home/alex/Repositories/hive/ql/target/test-classes/org/apache/hadoop/hive/ql/log' matching criteria annotated with @Plugin
DEBUG StatusLogger Checking to see if class org.apache.hadoop.hive.ql.log.TestLog4j2Appenders matches criteria annotated with @Plugin
DEBUG StatusLogger Checking to see if class org.apache.hadoop.hive.ql.log.TestSyslogInputFormat matches criteria annotated with @Plugin
DEBUG StatusLogger Checking to see if class org.apache.hadoop.hive.ql.log.TestSlidingFilenameRolloverStrategy matches criteria annotated with @Plugin
DEBUG StatusLogger Took 0,019276 seconds to load 7 plugins from package org.apache.hadoop.hive.ql.log
DEBUG StatusLogger PluginManager 'Core' found 133 plugins
DEBUG StatusLogger PluginManager 'Level' found 0 plugins
DEBUG StatusLogger Building Plugin[name=property, class=org.apache.logging.log4j.core.config.Property].
TRACE StatusLogger TypeConverterRegistry initializing.
DEBUG StatusLogger PluginManager 'TypeConverter' found 26 plugins
DEBUG StatusLogger createProperty(name="hive.log.file", value="hive.log")
DEBUG StatusLogger Building Plugin[name=property, class=org.apache.logging.log4j.core.config.Property].
DEBUG StatusLogger createProperty(name="hive.log.dir", value="/home/alex/Repositories/hive/hcatalog/hcatalog-pig-adapter/target/tmp/log")
DEBUG StatusLogger Building Plugin[name=property, class=org.apache.logging.log4j.core.config.Property].
DEBUG StatusLogger createProperty(name="hive.root.logger", value="DRFA")
DEBUG StatusLogger Building Plugin[name=property, class=org.apache.logging.log4j.core.config.Property].
DEBUG StatusLogger createProperty(name="hive.log.level", value="DEBUG")
DEBUG StatusLogger Building Plugin[name=property, class=org.apache.logging.log4j.core.config.Property].
DEBUG StatusLogger createProperty(name="hive.test.console.log.level", value="INFO")
DEBUG StatusLogger Building Plugin[name=properties, class=org.apache.logging.log4j.core.config.PropertiesPlugin].
DEBUG StatusLogger configureSubstitutor(={hive.log.file=hive.log, hive.log.dir=/home/alex/Repositories/hive/hcatalog/hcatalog-pig-adapter/target/tmp/log, hive.root.logger=DRFA, hive.log.level=DEBUG, hive.test.console.log.level=INFO}, Configuration(HiveLog4j2Test))
DEBUG StatusLogger PluginManager 'Lookup' found 17 plugins
DEBUG StatusLogger Building Plugin[name=logger, class=org.apache.logging.log4j.core.config.LoggerConfig].
DEBUG StatusLogger createLogger(additivity="true", level="WARN", name="org.apache.hadoop.ipc", includeLocation="null", ={}, ={}, Configuration(HiveLog4j2Test), Filter=null)
DEBUG StatusLogger Building Plugin[name=logger, class=org.apache.logging.log4j.core.config.LoggerConfig].
DEBUG StatusLogger createLogger(additivity="true", level="INFO", name="org.apache.hadoop.security", includeLocation="null", ={}, ={}, Configuration(HiveLog4j2Test), Filter=null)
DEBUG StatusLogger Building Plugin[name=logger, class=org.apache.logging.log4j.core.config.LoggerConfig].
DEBUG StatusLogger createLogger(additivity="true", level="INFO", name="org.apache.hadoop.hdfs", includeLocation="null", ={}, ={}, Configuration(HiveLog4j2Test), Filter=null)
DEBUG StatusLogger Building Plugin[name=logger, class=org.apache.logging.log4j.core.config.LoggerConfig].
DEBUG StatusLogger createLogger(additivity="true", level="WARN", name="org.apache.hadoop.hdfs.server", includeLocation="null", ={}, ={}, Configuration(HiveLog4j2Test), Filter=null)
DEBUG StatusLogger Building Plugin[name=logger, class=org.apache.logging.log4j.core.config.LoggerConfig].
DEBUG StatusLogger createLogger(additivity="true", level="INFO", name="org.apache.hadoop.metrics2", includeLocation="null", ={}, ={}, Configuration(HiveLog4j2Test), Filter=null)
DEBUG StatusLogger Building Plugin[name=logger, class=org.apache.logging.log4j.core.config.LoggerConfig].
DEBUG StatusLogger createLogger(additivity="true", level="INFO", name="org.mortbay", includeLocation="null", ={}, ={}, Configuration(HiveLog4j2Test), Filter=null)
DEBUG StatusLogger Building Plugin[name=logger, class=org.apache.logging.log4j.core.config.LoggerConfig].
DEBUG StatusLogger createLogger(additivity="true", level="INFO", name="org.apache.hadoop.yarn", includeLocation="null", ={}, ={}, Configuration(HiveLog4j2Test), Filter=null)
DEBUG StatusLogger Building Plugin[name=logger, class=org.apache.logging.log4j.core.config.LoggerConfig].
DEBUG StatusLogger createLogger(additivity="true", level="WARN", name="org.apache.hadoop.yarn.server", includeLocation="null", ={}, ={}, Configuration(HiveLog4j2Test), Filter=null)
DEBUG StatusLogger Building Plugin[name=logger, class=org.apache.logging.log4j.core.config.LoggerConfig].
DEBUG StatusLogger createLogger(additivity="true", level="INFO", name="org.apache.tez", includeLocation="null", ={}, ={}, Configuration(HiveLog4j2Test), Filter=null)
DEBUG StatusLogger Building Plugin[name=logger, class=org.apache.logging.log4j.core.config.LoggerConfig].
DEBUG StatusLogger createLogger(additivity="true", level="ERROR", name="org.apache.hadoop.conf.Configuration", includeLocation="null", ={}, ={}, Configuration(HiveLog4j2Test), Filter=null)
DEBUG StatusLogger Building Plugin[name=logger, class=org.apache.logging.log4j.core.config.LoggerConfig].
DEBUG StatusLogger createLogger(additivity="true", level="INFO", name="org.apache.zookeeper", includeLocation="null", ={}, ={}, Configuration(HiveLog4j2Test), Filter=null)
DEBUG StatusLogger Building Plugin[name=logger, class=org.apache.logging.log4j.core.config.LoggerConfig].
DEBUG StatusLogger createLogger(additivity="true", level="WARN", name="org.apache.zookeeper.server.ServerCnxn", includeLocation="null", ={}, ={}, Configuration(HiveLog4j2Test), Filter=null)
DEBUG StatusLogger Building Plugin[name=logger, class=org.apache.logging.log4j.core.config.LoggerConfig].
DEBUG StatusLogger createLogger(additivity="true", level="WARN", name="org.apache.zookeeper.server.NIOServerCnxn", includeLocation="null", ={}, ={}, Configuration(HiveLog4j2Test), Filter=null)
DEBUG StatusLogger Building Plugin[name=logger, class=org.apache.logging.log4j.core.config.LoggerConfig].
DEBUG StatusLogger createLogger(additivity="true", level="WARN", name="org.apache.zookeeper.ClientCnxn", includeLocation="null", ={}, ={}, Configuration(HiveLog4j2Test), Filter=null)
DEBUG StatusLogger Building Plugin[name=logger, class=org.apache.logging.log4j.core.config.LoggerConfig].
DEBUG StatusLogger createLogger(additivity="true", level="WARN", name="org.apache.zookeeper.ClientCnxnSocket", includeLocation="null", ={}, ={}, Configuration(HiveLog4j2Test), Filter=null)
DEBUG StatusLogger Building Plugin[name=logger, class=org.apache.logging.log4j.core.config.LoggerConfig].
DEBUG StatusLogger createLogger(additivity="true", level="WARN", name="org.apache.zookeeper.ClientCnxnSocketNIO", includeLocation="null", ={}, ={}, Configuration(HiveLog4j2Test), Filter=null)
DEBUG StatusLogger Building Plugin[name=logger, class=org.apache.logging.log4j.core.config.LoggerConfig].
DEBUG StatusLogger createLogger(additivity="true", level="ERROR", name="DataNucleus", includeLocation="null", ={}, ={}, Configuration(HiveLog4j2Test), Filter=null)
DEBUG StatusLogger Building Plugin[name=logger, class=org.apache.logging.log4j.core.config.LoggerConfig].
DEBUG StatusLogger createLogger(additivity="true", level="ERROR", name="Datastore", includeLocation="null", ={}, ={}, Configuration(HiveLog4j2Test), Filter=null)
DEBUG StatusLogger Building Plugin[name=logger, class=org.apache.logging.log4j.core.config.LoggerConfig].
DEBUG StatusLogger createLogger(additivity="true", level="ERROR", name="JPOX", includeLocation="null", ={}, ={}, Configuration(HiveLog4j2Test), Filter=null)
DEBUG StatusLogger Building Plugin[name=logger, class=org.apache.logging.log4j.core.config.LoggerConfig].
DEBUG StatusLogger createLogger(additivity="true", level="INFO", name="org.apache.hadoop.hive.ql.exec.Operator", includeLocation="null", ={}, ={}, Configuration(HiveLog4j2Test), Filter=null)
DEBUG StatusLogger Building Plugin[name=logger, class=org.apache.logging.log4j.core.config.LoggerConfig].
DEBUG StatusLogger createLogger(additivity="true", level="INFO", name="org.apache.hadoop.hive.serde2.lazy", includeLocation="null", ={}, ={}, Configuration(HiveLog4j2Test), Filter=null)
DEBUG StatusLogger Building Plugin[name=logger, class=org.apache.logging.log4j.core.config.LoggerConfig].
DEBUG StatusLogger createLogger(additivity="true", level="INFO", name="org.apache.hadoop.hive.metastore.ObjectStore", includeLocation="null", ={}, ={}, Configuration(HiveLog4j2Test), Filter=null)
DEBUG StatusLogger Building Plugin[name=logger, class=org.apache.logging.log4j.core.config.LoggerConfig].
DEBUG StatusLogger createLogger(additivity="true", level="INFO", name="org.apache.calcite.plan.RelOptPlanner", includeLocation="null", ={}, ={}, Configuration(HiveLog4j2Test), Filter=null)
DEBUG StatusLogger Building Plugin[name=logger, class=org.apache.logging.log4j.core.config.LoggerConfig].
DEBUG StatusLogger createLogger(additivity="true", level="INFO", name="com.amazonaws", includeLocation="null", ={}, ={}, Configuration(HiveLog4j2Test), Filter=null)
DEBUG StatusLogger Building Plugin[name=logger, class=org.apache.logging.log4j.core.config.LoggerConfig].
DEBUG StatusLogger createLogger(additivity="true", level="INFO", name="org.apache.http", includeLocation="null", ={}, ={}, Configuration(HiveLog4j2Test), Filter=null)
DEBUG StatusLogger Building Plugin[name=logger, class=org.apache.logging.log4j.core.config.LoggerConfig].
DEBUG StatusLogger createLogger(additivity="true", level="WARN", name="org.apache.thrift", includeLocation="null", ={}, ={}, Configuration(HiveLog4j2Test), Filter=null)
DEBUG StatusLogger Building Plugin[name=logger, class=org.apache.logging.log4j.core.config.LoggerConfig].
DEBUG StatusLogger createLogger(additivity="true", level="WARN", name="org.eclipse.jetty", includeLocation="null", ={}, ={}, Configuration(HiveLog4j2Test), Filter=null)
DEBUG StatusLogger Building Plugin[name=logger, class=org.apache.logging.log4j.core.config.LoggerConfig].
DEBUG StatusLogger createLogger(additivity="true", level="WARN", name="BlockStateChange", includeLocation="null", ={}, ={}, Configuration(HiveLog4j2Test), Filter=null)
DEBUG StatusLogger Building Plugin[name=logger, class=org.apache.logging.log4j.core.config.LoggerConfig].
DEBUG StatusLogger createLogger(additivity="true", level="DEBUG", name="org.apache.hadoop.hive.ql.optimizer.SharedWorkOptimizer", includeLocation="null", ={}, ={}, Configuration(HiveLog4j2Test), Filter=null)
DEBUG StatusLogger Building Plugin[name=AppenderRef, class=org.apache.logging.log4j.core.config.AppenderRef].
DEBUG StatusLogger createAppenderRef(ref="DRFA", level="null", Filter=null)
DEBUG StatusLogger Building Plugin[name=AppenderRef, class=org.apache.logging.log4j.core.config.AppenderRef].
DEBUG StatusLogger createAppenderRef(ref="console", level="INFO", Filter=null)
DEBUG StatusLogger Building Plugin[name=root, class=org.apache.logging.log4j.core.config.LoggerConfig$RootLogger].
DEBUG StatusLogger createLogger(additivity="null", level="DEBUG", includeLocation="null", ={DRFA, console}, ={}, Configuration(HiveLog4j2Test), Filter=null)
DEBUG StatusLogger Building Plugin[name=loggers, class=org.apache.logging.log4j.core.config.LoggersPlugin].
DEBUG StatusLogger createLoggers(={org.apache.hadoop.ipc, org.apache.hadoop.security, org.apache.hadoop.hdfs, org.apache.hadoop.hdfs.server, org.apache.hadoop.metrics2, org.mortbay, org.apache.hadoop.yarn, org.apache.hadoop.yarn.server, org.apache.tez, org.apache.hadoop.conf.Configuration, org.apache.zookeeper, org.apache.zookeeper.server.ServerCnxn, org.apache.zookeeper.server.NIOServerCnxn, org.apache.zookeeper.ClientCnxn, org.apache.zookeeper.ClientCnxnSocket, org.apache.zookeeper.ClientCnxnSocketNIO, DataNucleus, Datastore, JPOX, org.apache.hadoop.hive.ql.exec.Operator, org.apache.hadoop.hive.serde2.lazy, org.apache.hadoop.hive.metastore.ObjectStore, org.apache.calcite.plan.RelOptPlanner, com.amazonaws, org.apache.http, org.apache.thrift, org.eclipse.jetty, BlockStateChange, org.apache.hadoop.hive.ql.optimizer.SharedWorkOptimizer, root})
DEBUG StatusLogger Building Plugin[name=layout, class=org.apache.logging.log4j.core.layout.PatternLayout].
DEBUG StatusLogger PatternLayout$Builder(PatternSelector=null, alwaysWriteExceptions="null", header="null", Configuration(HiveLog4j2Test), Replace=null, pattern="%d{ISO8601} %5p [%t] %c{2}: %m%n", disableAnsi="null", footer="null", charset="null", noConsoleNoAnsi="null")
DEBUG StatusLogger PluginManager 'Converter' found 46 plugins
DEBUG StatusLogger Building Plugin[name=appender, class=org.apache.logging.log4j.core.appender.ConsoleAppender].
DEBUG StatusLogger ConsoleAppender$Builder(direct="null", target="SYSTEM_ERR", follow="null", immediateFlush="null", bufferedIo="null", bufferSize="null", name="console", ignoreExceptions="null", PatternLayout(%d{ISO8601} %5p [%t] %c{2}: %m%n), Configuration(HiveLog4j2Test), Filter=null, ={})
DEBUG StatusLogger Starting OutputStreamManager SYSTEM_ERR.false.false
DEBUG StatusLogger Building Plugin[name=layout, class=org.apache.logging.log4j.core.layout.PatternLayout].
DEBUG StatusLogger PatternLayout$Builder(header="null", Configuration(HiveLog4j2Test), noConsoleNoAnsi="null", disableAnsi="null", footer="null", charset="null", PatternSelector=null, Replace=null, alwaysWriteExceptions="null", pattern="%d{ISO8601} %5p [%t] %c{2}: %m%n")
DEBUG StatusLogger Building Plugin[name=TimeBasedTriggeringPolicy, class=org.apache.logging.log4j.core.appender.rolling.TimeBasedTriggeringPolicy].
DEBUG StatusLogger TimeBasedTriggeringPolicy$Builder(interval="1", maxRandomDelay="null", modulate="true")
DEBUG StatusLogger Building Plugin[name=Policies, class=org.apache.logging.log4j.core.appender.rolling.CompositeTriggeringPolicy].
DEBUG StatusLogger createPolicy(={TimeBasedTriggeringPolicy(nextRolloverMillis=0, interval=1, modulate=true)})
DEBUG StatusLogger Building Plugin[name=DefaultRolloverStrategy, class=org.apache.logging.log4j.core.appender.rolling.DefaultRolloverStrategy].
DEBUG StatusLogger DefaultRolloverStrategy$Builder(tempCompressedFilePattern="null", ={}, compressionLevel="null", max="30", min="null", stopCustomActionsOnError="null", Configuration(HiveLog4j2Test), fileIndex="null")
DEBUG StatusLogger Building Plugin[name=appender, class=org.apache.logging.log4j.core.appender.RollingRandomAccessFileAppender].
DEBUG StatusLogger RollingRandomAccessFileAppender$Builder(Policies(CompositeTriggeringPolicy(policies=[TimeBasedTriggeringPolicy(nextRolloverMillis=0, interval=1, modulate=true)])), filePattern="/home/alex/Repositories/hive/hcatalog/hcatalog-pig-adapter/target/tmp/log/hive.log.%d{yyyy-MM-dd}", fileOwner="null", fileName="/home/alex/Repositories/hive/hcatalog/hcatalog-pig-adapter/target/tmp/log/hive.log", DefaultRolloverStrategy(DefaultRolloverStrategy(min=1, max=30, useMax=true)), advertise="null", fileGroup="null", filePermissions="null", advertiseURI="null", append="null", immediateFlush="null", bufferedIo="null", bufferSize="null", PatternLayout(%d{ISO8601} %5p [%t] %c{2}: %m%n), ignoreExceptions="null", name="DRFA", Configuration(HiveLog4j2Test), Filter=null, ={})
TRACE StatusLogger RandomAccessFile /home/alex/Repositories/hive/hcatalog/hcatalog-pig-adapter/target/tmp/log/hive.log seek to 351324405
DEBUG StatusLogger Starting RollingRandomAccessFileManager /home/alex/Repositories/hive/hcatalog/hcatalog-pig-adapter/target/tmp/log/hive.log
DEBUG StatusLogger PluginManager 'FileConverter' found 3 plugins
DEBUG StatusLogger Setting prev file time to 2024-04-24T10:28:02.863-0700
DEBUG StatusLogger Initializing triggering policy CompositeTriggeringPolicy(policies=[TimeBasedTriggeringPolicy(nextRolloverMillis=0, interval=1, modulate=true)])
DEBUG StatusLogger Initializing triggering policy TimeBasedTriggeringPolicy(nextRolloverMillis=0, interval=1, modulate=true)
TRACE StatusLogger PatternProcessor.getNextTime returning 2024/04/25-00:00:00.000, nextFileTime=2024/04/24-00:00:00.000, prevFileTime=1969/12/31-16:00:00.000, current=2024/04/24-10:28:04.527, freq=DAILY
TRACE StatusLogger PatternProcessor.getNextTime returning 2024/04/25-00:00:00.000, nextFileTime=2024/04/24-00:00:00.000, prevFileTime=2024/04/24-00:00:00.000, current=2024/04/24-10:28:04.528, freq=DAILY
DEBUG StatusLogger Building Plugin[name=appenders, class=org.apache.logging.log4j.core.config.AppendersPlugin].
DEBUG StatusLogger createAppenders(={console, DRFA})
DEBUG StatusLogger Configuration org.apache.logging.log4j.core.config.properties.PropertiesConfiguration@131ef10 initialized
DEBUG StatusLogger Starting configuration org.apache.logging.log4j.core.config.properties.PropertiesConfiguration@131ef10
DEBUG StatusLogger Started configuration org.apache.logging.log4j.core.config.properties.PropertiesConfiguration@131ef10 OK.
TRACE StatusLogger Stopping org.apache.logging.log4j.core.config.DefaultConfiguration@18a70f16...
TRACE StatusLogger DefaultConfiguration notified 1 ReliabilityStrategies that config will be stopped.
TRACE StatusLogger DefaultConfiguration stopping root LoggerConfig.
TRACE StatusLogger DefaultConfiguration notifying ReliabilityStrategies that appenders will be stopped.
TRACE StatusLogger DefaultConfiguration stopping remaining Appenders.
DEBUG StatusLogger Shutting down OutputStreamManager SYSTEM_OUT.false.false-1
DEBUG StatusLogger OutputStream closed
DEBUG StatusLogger Shut down OutputStreamManager SYSTEM_OUT.false.false-1, all resources released: true
DEBUG StatusLogger Appender DefaultConsole-1 stopped with status true
TRACE StatusLogger DefaultConfiguration stopped 1 remaining Appenders.
TRACE StatusLogger DefaultConfiguration cleaning Appenders from 1 LoggerConfigs.
DEBUG StatusLogger Stopped org.apache.logging.log4j.core.config.DefaultConfiguration@18a70f16 OK
TRACE StatusLogger Reregistering MBeans after reconfigure. Selector=org.apache.logging.log4j.core.selector.ClassLoaderContextSelector@7c214cc0
TRACE StatusLogger Reregistering context (1/1): '330bedb4' org.apache.logging.log4j.core.LoggerContext@6771beb3
TRACE StatusLogger Unregistering but no MBeans found matching 'org.apache.logging.log4j2:type=330bedb4'
TRACE StatusLogger Unregistering but no MBeans found matching 'org.apache.logging.log4j2:type=330bedb4,component=StatusLogger'
TRACE StatusLogger Unregistering but no MBeans found matching 'org.apache.logging.log4j2:type=330bedb4,component=ContextSelector'
TRACE StatusLogger Unregistering but no MBeans found matching 'org.apache.logging.log4j2:type=330bedb4,component=Loggers,name=*'
TRACE StatusLogger Unregistering but no MBeans found matching 'org.apache.logging.log4j2:type=330bedb4,component=Appenders,name=*'
TRACE StatusLogger Unregistering but no MBeans found matching 'org.apache.logging.log4j2:type=330bedb4,component=AsyncAppenders,name=*'
TRACE StatusLogger Unregistering but no MBeans found matching 'org.apache.logging.log4j2:type=330bedb4,component=AsyncLoggerRingBuffer'
TRACE StatusLogger Unregistering but no MBeans found matching 'org.apache.logging.log4j2:type=330bedb4,component=Loggers,name=*,subtype=RingBuffer'
DEBUG StatusLogger Registering MBean org.apache.logging.log4j2:type=330bedb4
DEBUG StatusLogger Registering MBean org.apache.logging.log4j2:type=330bedb4,component=StatusLogger
DEBUG StatusLogger Registering MBean org.apache.logging.log4j2:type=330bedb4,component=ContextSelector
DEBUG StatusLogger Registering MBean org.apache.logging.log4j2:type=330bedb4,component=Loggers,name=org.apache.zookeeper
DEBUG StatusLogger Registering MBean org.apache.logging.log4j2:type=330bedb4,component=Loggers,name=org.apache.http
DEBUG StatusLogger Registering MBean org.apache.logging.log4j2:type=330bedb4,component=Loggers,name=org.apache.zookeeper.server.NIOServerCnxn
DEBUG StatusLogger Registering MBean org.apache.logging.log4j2:type=330bedb4,component=Loggers,name=org.apache.hadoop.yarn.server
DEBUG StatusLogger Registering MBean org.apache.logging.log4j2:type=330bedb4,component=Loggers,name=org.apache.hadoop.hive.ql.optimizer.SharedWorkOptimizer
DEBUG StatusLogger Registering MBean org.apache.logging.log4j2:type=330bedb4,component=Loggers,name=org.apache.calcite.plan.RelOptPlanner
DEBUG StatusLogger Registering MBean org.apache.logging.log4j2:type=330bedb4,component=Loggers,name=org.eclipse.jetty
DEBUG StatusLogger Registering MBean org.apache.logging.log4j2:type=330bedb4,component=Loggers,name=BlockStateChange
DEBUG StatusLogger Registering MBean org.apache.logging.log4j2:type=330bedb4,component=Loggers,name=org.apache.hadoop.yarn
DEBUG StatusLogger Registering MBean org.apache.logging.log4j2:type=330bedb4,component=Loggers,name=org.apache.zookeeper.ClientCnxnSocketNIO
DEBUG StatusLogger Registering MBean org.apache.logging.log4j2:type=330bedb4,component=Loggers,name=Datastore
DEBUG StatusLogger Registering MBean org.apache.logging.log4j2:type=330bedb4,component=Loggers,name=org.apache.hadoop.hive.metastore.ObjectStore
DEBUG StatusLogger Registering MBean org.apache.logging.log4j2:type=330bedb4,component=Loggers,name=DataNucleus
DEBUG StatusLogger Registering MBean org.apache.logging.log4j2:type=330bedb4,component=Loggers,name=org.apache.zookeeper.server.ServerCnxn
DEBUG StatusLogger Registering MBean org.apache.logging.log4j2:type=330bedb4,component=Loggers,name=
DEBUG StatusLogger Registering MBean org.apache.logging.log4j2:type=330bedb4,component=Loggers,name=org.apache.hadoop.hive.ql.exec.Operator
DEBUG StatusLogger Registering MBean org.apache.logging.log4j2:type=330bedb4,component=Loggers,name=org.apache.tez
DEBUG StatusLogger Registering MBean org.apache.logging.log4j2:type=330bedb4,component=Loggers,name=org.apache.hadoop.ipc
DEBUG StatusLogger Registering MBean org.apache.logging.log4j2:type=330bedb4,component=Loggers,name=org.mortbay
DEBUG StatusLogger Registering MBean org.apache.logging.log4j2:type=330bedb4,component=Loggers,name=org.apache.hadoop.conf.Configuration
DEBUG StatusLogger Registering MBean org.apache.logging.log4j2:type=330bedb4,component=Loggers,name=org.apache.hadoop.metrics2
DEBUG StatusLogger Registering MBean org.apache.logging.log4j2:type=330bedb4,component=Loggers,name=org.apache.zookeeper.ClientCnxn
DEBUG StatusLogger Registering MBean org.apache.logging.log4j2:type=330bedb4,component=Loggers,name=org.apache.hadoop.security
DEBUG StatusLogger Registering MBean org.apache.logging.log4j2:type=330bedb4,component=Loggers,name=JPOX
DEBUG StatusLogger Registering MBean org.apache.logging.log4j2:type=330bedb4,component=Loggers,name=org.apache.zookeeper.ClientCnxnSocket
DEBUG StatusLogger Registering MBean org.apache.logging.log4j2:type=330bedb4,component=Loggers,name=org.apache.hadoop.hdfs.server
DEBUG StatusLogger Registering MBean org.apache.logging.log4j2:type=330bedb4,component=Loggers,name=org.apache.hadoop.hive.serde2.lazy
DEBUG StatusLogger Registering MBean org.apache.logging.log4j2:type=330bedb4,component=Loggers,name=org.apache.hadoop.hdfs
DEBUG StatusLogger Registering MBean org.apache.logging.log4j2:type=330bedb4,component=Loggers,name=com.amazonaws
DEBUG StatusLogger Registering MBean org.apache.logging.log4j2:type=330bedb4,component=Loggers,name=org.apache.thrift
DEBUG StatusLogger Registering MBean org.apache.logging.log4j2:type=330bedb4,component=Appenders,name=console
DEBUG StatusLogger Registering MBean org.apache.logging.log4j2:type=330bedb4,component=Appenders,name=DRFA
TRACE StatusLogger Using default SystemClock for timestamps.
DEBUG StatusLogger org.apache.logging.log4j.core.util.SystemClock does not support precise timestamps.
TRACE StatusLogger Using DummyNanoClock for nanosecond timestamps.
DEBUG StatusLogger Reconfiguration complete for context[name=330bedb4] at URI /home/alex/Repositories/hive/hcatalog/hcatalog-pig-adapter/target/testconf/hive-log4j2.properties (org.apache.logging.log4j.core.LoggerContext@6771beb3) with optional ClassLoader: null
DEBUG StatusLogger Shutdown hook enabled. Registering a new one.
DEBUG StatusLogger LoggerContext[name=330bedb4, org.apache.logging.log4j.core.LoggerContext@6771beb3] started OK.
2024-04-24T10:28:04,738  INFO [main] mapreduce.HCatBaseTest: Using warehouse directory /home/alex/Repositories/hive/hcatalog/hcatalog-pig-adapter/build/test/data/org.apache.hive.hcatalog.mapreduce.HCatBaseTest-1713979684612/warehouse
DEBUG StatusLogger AsyncLogger.ThreadNameStrategy=UNCACHED (user specified null, default is UNCACHED)
TRACE StatusLogger Using default SystemClock for timestamps.
DEBUG StatusLogger org.apache.logging.log4j.core.util.SystemClock does not support precise timestamps.
2024-04-24T10:28:04,765  INFO [main] conf.HiveConf: Found configuration file file:/home/alex/Repositories/hive/hcatalog/hcatalog-pig-adapter/target/testconf/hive-site.xml
2024-04-24T10:28:05,036  WARN [main] util.NativeCodeLoader: Unable to load native-hadoop library for your platform... using builtin-java classes where applicable
2024-04-24T10:28:05,091  WARN [main] conf.HiveConf: HiveConf of name hive.dummyparam.test.server.specific.config.override does not exist
2024-04-24T10:28:05,091  WARN [main] conf.HiveConf: HiveConf of name hive.metastore.client.cache.maxSize does not exist
2024-04-24T10:28:05,091  WARN [main] conf.HiveConf: HiveConf of name hive.dummyparam.test.server.specific.config.metastoresite does not exist
2024-04-24T10:28:05,092  WARN [main] conf.HiveConf: HiveConf of name hive.metastore.metadb.dir does not exist
2024-04-24T10:28:05,092  WARN [main] conf.HiveConf: HiveConf of name hive.metastore.client.cache.recordStats does not exist
2024-04-24T10:28:05,092  WARN [main] conf.HiveConf: HiveConf of name hive.stats.key.prefix.reserve.length does not exist
2024-04-24T10:28:05,092  WARN [main] conf.HiveConf: HiveConf of name hive.llap.io.cache.orc.size does not exist
2024-04-24T10:28:05,092  WARN [main] conf.HiveConf: HiveConf of name hive.llap.io.cache.orc.arena.size does not exist
2024-04-24T10:28:05,093  WARN [main] conf.HiveConf: HiveConf of name hive.llap.io.cache.orc.alloc.max does not exist
2024-04-24T10:28:05,093  WARN [main] conf.HiveConf: HiveConf of name hive.dummyparam.test.server.specific.config.hivesite does not exist
2024-04-24T10:28:05,093  WARN [main] conf.HiveConf: HiveConf of name hive.llap.io.cache.orc.alloc.min does not exist
2024-04-24T10:28:05,276  INFO [main] metastore.HiveMetaStoreClient: HMS client filtering is enabled.
2024-04-24T10:28:05,492  INFO [main] metastore.HMSHandler: 0: Opening raw store with implementation class:org.apache.hadoop.hive.metastore.ObjectStore
2024-04-24T10:28:05,527  INFO [main] metastore.PersistenceManagerProvider: Configuration datanucleus.autoStartMechanismMode is not set. Defaulting to 'ignored'
2024-04-24T10:28:05,534  INFO [main] metastore.PersistenceManagerProvider: Updating the pmf due to property change
2024-04-24T10:28:05,534  INFO [main] metastore.PersistenceManagerProvider: Current pmf properties are uninitialized
2024-04-24T10:28:05,555  WARN [main] hikari.HikariConfig: HikariPool-1 - leakDetectionThreshold is less than 2000ms or more than maxLifetime, disabling it.
2024-04-24T10:28:05,560  INFO [main] hikari.HikariDataSource: HikariPool-1 - Starting...
2024-04-24T10:28:06,350  INFO [main] pool.PoolBase: HikariPool-1 - Driver does not support get/set network timeout for connections. (Feature not implemented: No details.)
2024-04-24T10:28:06,354  INFO [main] hikari.HikariDataSource: HikariPool-1 - Start completed.
log4j:WARN No appenders could be found for logger (DataNucleus.General).
log4j:WARN Please initialize the log4j system properly.
log4j:WARN See http://logging.apache.org/log4j/1.2/faq.html#noconfig for more info.
2024-04-24T10:28:07,013  INFO [main] metastore.PersistenceManagerProvider: Setting MetaStore object pin classes with hive.metastore.cache.pinobjtypes="Table,StorageDescriptor,SerDeInfo,Partition,Database,Type,FieldSchema,Order"
2024-04-24T10:28:07,013  INFO [main] metastore.ObjectStore: RawStore: org.apache.hadoop.hive.metastore.ObjectStore@338cc75f, with PersistenceManager: null will be shutdown
2024-04-24T10:28:07,036  INFO [main] metastore.ObjectStore: RawStore: org.apache.hadoop.hive.metastore.ObjectStore@338cc75f, with PersistenceManager: org.datanucleus.api.jdo.JDOPersistenceManager@7eb6b6b6 created in the thread with id: 1
2024-04-24T10:28:09,480  WARN [main] metastore.ObjectStore: Version information not found in metastore. metastore.schema.verification is not enabled so recording the schema version 4.0.0
2024-04-24T10:28:09,480  WARN [main] metastore.ObjectStore: setMetaStoreSchemaVersion called but recording version is disabled: version = 4.0.0, comment = Set by MetaStore alex@127.0.1.1
2024-04-24T10:28:09,480  INFO [main] metastore.HMSHandler: Created RawStore: org.apache.hadoop.hive.metastore.ObjectStore@338cc75f from thread id: 1
2024-04-24T10:28:09,705  INFO [main] metastore.HMSHandler: Started creating a default database with name: default
2024-04-24T10:28:09,739  INFO [main] metastore.HMSHandler: Successfully created a default database with name: default
2024-04-24T10:28:09,774  INFO [main] metastore.HMSHandler: Added admin role in metastore
2024-04-24T10:28:09,776  INFO [main] metastore.HMSHandler: Added public role in metastore
2024-04-24T10:28:09,886  INFO [main] metastore.HMSHandler: Added hive_admin_user to admin role
2024-04-24T10:28:09,913  WARN [main] hikari.HikariConfig: HikariPool-2 - leakDetectionThreshold is less than 2000ms or more than maxLifetime, disabling it.
2024-04-24T10:28:09,915  INFO [main] hikari.HikariDataSource: HikariPool-2 - Starting...
2024-04-24T10:28:09,917  INFO [main] pool.PoolBase: HikariPool-2 - Driver does not support get/set network timeout for connections. (Feature not implemented: No details.)
2024-04-24T10:28:09,918  INFO [main] hikari.HikariDataSource: HikariPool-2 - Start completed.
2024-04-24T10:28:09,920  WARN [main] hikari.HikariConfig: HikariPool-3 - leakDetectionThreshold is less than 2000ms or more than maxLifetime, disabling it.
2024-04-24T10:28:09,922  INFO [main] hikari.HikariDataSource: HikariPool-3 - Starting...
2024-04-24T10:28:09,924  INFO [main] pool.PoolBase: HikariPool-3 - Driver does not support get/set network timeout for connections. (Feature not implemented: No details.)
2024-04-24T10:28:09,924  INFO [main] hikari.HikariDataSource: HikariPool-3 - Start completed.
2024-04-24T10:28:09,929  INFO [main] metastore.HMSHandler: Scheduling for org.apache.hadoop.hive.metastore.metrics.AcidMetricService service with frequency 300000ms.
2024-04-24T10:28:09,931  INFO [main] metastore.HMSHandler: Scheduling for org.apache.hadoop.hive.metastore.HiveProtoEventsCleanerTask service with frequency 86400000ms.
2024-04-24T10:28:09,932  INFO [main] metastore.HMSHandler: Scheduling for org.apache.hadoop.hive.metastore.events.EventCleanerTask service with frequency 0ms.
2024-04-24T10:28:09,933  INFO [main] metastore.HMSHandler: Scheduling for org.apache.hadoop.hive.metastore.RuntimeStatsCleanerTask service with frequency 3600000ms.
2024-04-24T10:28:09,934  INFO [main] metastore.HMSHandler: Scheduling for org.apache.hadoop.hive.metastore.ReplicationMetricsMaintTask service with frequency 86400000ms.
2024-04-24T10:28:09,935  INFO [main] metastore.HMSHandler: Scheduling for org.apache.hadoop.hive.metastore.ScheduledQueryExecutionsMaintTask service with frequency 60000ms.
2024-04-24T10:28:09,938  INFO [main] metastore.HMSHandler: HMS server filtering is disabled by configuration
Hive Session ID = 89f85213-5b58-483d-aa73-42803591302e
2024-04-24T10:28:10,139  INFO [main] SessionState: Hive Session ID = 89f85213-5b58-483d-aa73-42803591302e
ivysettings.xml file not found in HIVE_HOME or HIVE_CONF_DIR,file:/home/alex/.m2/repository/org/apache/pig/pig/0.16.0/pig-0.16.0-h2.jar!/ivysettings.xml will be used
2024-04-24T10:28:10,151  INFO [main] DependencyResolver: ivysettings.xml file not found in HIVE_HOME or HIVE_CONF_DIR,file:/home/alex/.m2/repository/org/apache/pig/pig/0.16.0/pig-0.16.0-h2.jar!/ivysettings.xml will be used
2024-04-24T10:28:10,212  INFO [main] session.SessionState: Created HDFS directory: /home/alex/Repositories/hive/hcatalog/hcatalog-pig-adapter/target/tmp/scratchdir/alex/89f85213-5b58-483d-aa73-42803591302e
2024-04-24T10:28:10,216  INFO [main] session.SessionState: Created local directory: /home/alex/Repositories/hive/hcatalog/hcatalog-pig-adapter/target/tmp/localscratchdir/89f85213-5b58-483d-aa73-42803591302e
2024-04-24T10:28:10,220  INFO [main] session.SessionState: Created HDFS directory: /home/alex/Repositories/hive/hcatalog/hcatalog-pig-adapter/target/tmp/scratchdir/alex/89f85213-5b58-483d-aa73-42803591302e/_tmp_space.db
]]></system-err>
  </testcase>
  <testcase name="testWriteTinyint[0]" classname="org.apache.hive.hcatalog.pig.TestHCatStorer" time="0">
    <skipped message="got: &lt;false&gt;, expected: is &lt;true&gt;"/>
    <system-err><![CDATA[2024-04-24T10:28:10,268  WARN [main] conf.HiveConf: HiveConf of name hive.dummyparam.test.server.specific.config.override does not exist
2024-04-24T10:28:10,269  WARN [main] conf.HiveConf: HiveConf of name hive.llap.io.cache.orc.alloc.min does not exist
2024-04-24T10:28:10,269  WARN [main] conf.HiveConf: HiveConf of name hive.llap.io.cache.orc.alloc.max does not exist
2024-04-24T10:28:10,269  WARN [main] conf.HiveConf: HiveConf of name hive.metastore.client.cache.maxSize does not exist
2024-04-24T10:28:10,269  WARN [main] conf.HiveConf: HiveConf of name hive.dummyparam.test.server.specific.config.metastoresite does not exist
2024-04-24T10:28:10,269  WARN [main] conf.HiveConf: HiveConf of name hive.metastore.client.cache.recordStats does not exist
2024-04-24T10:28:10,269  WARN [main] conf.HiveConf: HiveConf of name hive.llap.io.cache.orc.size does not exist
2024-04-24T10:28:10,270  WARN [main] conf.HiveConf: HiveConf of name hive.stats.key.prefix.reserve.length does not exist
2024-04-24T10:28:10,270  WARN [main] conf.HiveConf: HiveConf of name hive.dummyparam.test.server.specific.config.hivesite does not exist
2024-04-24T10:28:10,270  WARN [main] conf.HiveConf: HiveConf of name hive.metastore.metadb.dir does not exist
2024-04-24T10:28:10,270  WARN [main] conf.HiveConf: HiveConf of name hive.llap.io.cache.orc.arena.size does not exist
2024-04-24T10:28:10,274  INFO [main] metastore.HiveMetaStoreClient: HMS client filtering is enabled.
2024-04-24T10:28:10,274  INFO [main] metastore.PersistenceManagerProvider: Configuration datanucleus.autoStartMechanismMode is not set. Defaulting to 'ignored'
2024-04-24T10:28:10,276  INFO [main] metastore.ObjectStore: RawStore: org.apache.hadoop.hive.metastore.ObjectStore@338cc75f, with PersistenceManager: org.datanucleus.api.jdo.JDOPersistenceManager@7eb6b6b6 will be shutdown
2024-04-24T10:28:10,277  INFO [main] metastore.ObjectStore: RawStore: org.apache.hadoop.hive.metastore.ObjectStore@338cc75f, with PersistenceManager: org.datanucleus.api.jdo.JDOPersistenceManager@53747c4a created in the thread with id: 1
2024-04-24T10:28:10,293  INFO [main] metastore.HMSHandler: HMS server filtering is disabled by configuration
Hive Session ID = 88e18a24-cd74-41a1-b985-1739a3a946fb
2024-04-24T10:28:10,294  INFO [main] SessionState: Hive Session ID = 88e18a24-cd74-41a1-b985-1739a3a946fb
ivysettings.xml file not found in HIVE_HOME or HIVE_CONF_DIR,file:/home/alex/.m2/repository/org/apache/pig/pig/0.16.0/pig-0.16.0-h2.jar!/ivysettings.xml will be used
2024-04-24T10:28:10,294  INFO [main] DependencyResolver: ivysettings.xml file not found in HIVE_HOME or HIVE_CONF_DIR,file:/home/alex/.m2/repository/org/apache/pig/pig/0.16.0/pig-0.16.0-h2.jar!/ivysettings.xml will be used
2024-04-24T10:28:10,302  INFO [main] session.SessionState: Created HDFS directory: /home/alex/Repositories/hive/hcatalog/hcatalog-pig-adapter/target/tmp/scratchdir/alex/88e18a24-cd74-41a1-b985-1739a3a946fb
2024-04-24T10:28:10,306  INFO [main] session.SessionState: Created local directory: /home/alex/Repositories/hive/hcatalog/hcatalog-pig-adapter/target/tmp/localscratchdir/88e18a24-cd74-41a1-b985-1739a3a946fb
2024-04-24T10:28:10,309  INFO [main] session.SessionState: Created HDFS directory: /home/alex/Repositories/hive/hcatalog/hcatalog-pig-adapter/target/tmp/scratchdir/alex/88e18a24-cd74-41a1-b985-1739a3a946fb/_tmp_space.db
]]></system-err>
  </testcase>
  <testcase name="testEmptyStore[0]" classname="org.apache.hive.hcatalog.pig.TestHCatStorer" time="0">
    <skipped message="got: &lt;false&gt;, expected: is &lt;true&gt;"/>
    <system-err><![CDATA[2024-04-24T10:28:10,354  WARN [main] conf.HiveConf: HiveConf of name hive.metastore.metadb.dir does not exist
2024-04-24T10:28:10,354  WARN [main] conf.HiveConf: HiveConf of name hive.llap.io.cache.orc.arena.size does not exist
2024-04-24T10:28:10,354  WARN [main] conf.HiveConf: HiveConf of name hive.dummyparam.test.server.specific.config.metastoresite does not exist
2024-04-24T10:28:10,355  WARN [main] conf.HiveConf: HiveConf of name hive.llap.io.cache.orc.alloc.max does not exist
2024-04-24T10:28:10,355  WARN [main] conf.HiveConf: HiveConf of name hive.stats.key.prefix.reserve.length does not exist
2024-04-24T10:28:10,355  WARN [main] conf.HiveConf: HiveConf of name hive.llap.io.cache.orc.size does not exist
2024-04-24T10:28:10,355  WARN [main] conf.HiveConf: HiveConf of name hive.metastore.client.cache.maxSize does not exist
2024-04-24T10:28:10,355  WARN [main] conf.HiveConf: HiveConf of name hive.metastore.client.cache.recordStats does not exist
2024-04-24T10:28:10,355  WARN [main] conf.HiveConf: HiveConf of name hive.llap.io.cache.orc.alloc.min does not exist
2024-04-24T10:28:10,355  WARN [main] conf.HiveConf: HiveConf of name hive.dummyparam.test.server.specific.config.hivesite does not exist
2024-04-24T10:28:10,356  WARN [main] conf.HiveConf: HiveConf of name hive.dummyparam.test.server.specific.config.override does not exist
2024-04-24T10:28:10,359  INFO [main] metastore.HiveMetaStoreClient: HMS client filtering is enabled.
2024-04-24T10:28:10,359  INFO [main] metastore.PersistenceManagerProvider: Configuration datanucleus.autoStartMechanismMode is not set. Defaulting to 'ignored'
2024-04-24T10:28:10,361  INFO [main] metastore.ObjectStore: RawStore: org.apache.hadoop.hive.metastore.ObjectStore@338cc75f, with PersistenceManager: org.datanucleus.api.jdo.JDOPersistenceManager@53747c4a will be shutdown
2024-04-24T10:28:10,362  INFO [main] metastore.ObjectStore: RawStore: org.apache.hadoop.hive.metastore.ObjectStore@338cc75f, with PersistenceManager: org.datanucleus.api.jdo.JDOPersistenceManager@6b321262 created in the thread with id: 1
2024-04-24T10:28:10,368  INFO [main] metastore.HMSHandler: HMS server filtering is disabled by configuration
Hive Session ID = 5190ffbe-559c-4028-998a-161fae1662d7
2024-04-24T10:28:10,369  INFO [main] SessionState: Hive Session ID = 5190ffbe-559c-4028-998a-161fae1662d7
ivysettings.xml file not found in HIVE_HOME or HIVE_CONF_DIR,file:/home/alex/.m2/repository/org/apache/pig/pig/0.16.0/pig-0.16.0-h2.jar!/ivysettings.xml will be used
2024-04-24T10:28:10,369  INFO [main] DependencyResolver: ivysettings.xml file not found in HIVE_HOME or HIVE_CONF_DIR,file:/home/alex/.m2/repository/org/apache/pig/pig/0.16.0/pig-0.16.0-h2.jar!/ivysettings.xml will be used
2024-04-24T10:28:10,377  INFO [main] session.SessionState: Created HDFS directory: /home/alex/Repositories/hive/hcatalog/hcatalog-pig-adapter/target/tmp/scratchdir/alex/5190ffbe-559c-4028-998a-161fae1662d7
2024-04-24T10:28:10,381  INFO [main] session.SessionState: Created local directory: /home/alex/Repositories/hive/hcatalog/hcatalog-pig-adapter/target/tmp/localscratchdir/5190ffbe-559c-4028-998a-161fae1662d7
2024-04-24T10:28:10,384  INFO [main] session.SessionState: Created HDFS directory: /home/alex/Repositories/hive/hcatalog/hcatalog-pig-adapter/target/tmp/scratchdir/alex/5190ffbe-559c-4028-998a-161fae1662d7/_tmp_space.db
]]></system-err>
  </testcase>
  <testcase name="testStoreFuncAllSimpleTypes[0]" classname="org.apache.hive.hcatalog.pig.TestHCatStorer" time="0">
    <skipped message="got: &lt;false&gt;, expected: is &lt;true&gt;"/>
    <system-err><![CDATA[2024-04-24T10:28:10,427  WARN [main] conf.HiveConf: HiveConf of name hive.llap.io.cache.orc.alloc.min does not exist
2024-04-24T10:28:10,427  WARN [main] conf.HiveConf: HiveConf of name hive.dummyparam.test.server.specific.config.hivesite does not exist
2024-04-24T10:28:10,427  WARN [main] conf.HiveConf: HiveConf of name hive.metastore.client.cache.recordStats does not exist
2024-04-24T10:28:10,427  WARN [main] conf.HiveConf: HiveConf of name hive.dummyparam.test.server.specific.config.metastoresite does not exist
2024-04-24T10:28:10,427  WARN [main] conf.HiveConf: HiveConf of name hive.metastore.metadb.dir does not exist
2024-04-24T10:28:10,427  WARN [main] conf.HiveConf: HiveConf of name hive.stats.key.prefix.reserve.length does not exist
2024-04-24T10:28:10,427  WARN [main] conf.HiveConf: HiveConf of name hive.dummyparam.test.server.specific.config.override does not exist
2024-04-24T10:28:10,428  WARN [main] conf.HiveConf: HiveConf of name hive.llap.io.cache.orc.alloc.max does not exist
2024-04-24T10:28:10,428  WARN [main] conf.HiveConf: HiveConf of name hive.llap.io.cache.orc.arena.size does not exist
2024-04-24T10:28:10,428  WARN [main] conf.HiveConf: HiveConf of name hive.llap.io.cache.orc.size does not exist
2024-04-24T10:28:10,428  WARN [main] conf.HiveConf: HiveConf of name hive.metastore.client.cache.maxSize does not exist
2024-04-24T10:28:10,431  INFO [main] metastore.HiveMetaStoreClient: HMS client filtering is enabled.
2024-04-24T10:28:10,432  INFO [main] metastore.PersistenceManagerProvider: Configuration datanucleus.autoStartMechanismMode is not set. Defaulting to 'ignored'
2024-04-24T10:28:10,433  INFO [main] metastore.ObjectStore: RawStore: org.apache.hadoop.hive.metastore.ObjectStore@338cc75f, with PersistenceManager: org.datanucleus.api.jdo.JDOPersistenceManager@6b321262 will be shutdown
2024-04-24T10:28:10,433  INFO [main] metastore.ObjectStore: RawStore: org.apache.hadoop.hive.metastore.ObjectStore@338cc75f, with PersistenceManager: org.datanucleus.api.jdo.JDOPersistenceManager@902fdbe created in the thread with id: 1
2024-04-24T10:28:10,438  INFO [main] metastore.HMSHandler: HMS server filtering is disabled by configuration
Hive Session ID = db203832-9dde-4532-a809-73c1821422d3
2024-04-24T10:28:10,439  INFO [main] SessionState: Hive Session ID = db203832-9dde-4532-a809-73c1821422d3
ivysettings.xml file not found in HIVE_HOME or HIVE_CONF_DIR,file:/home/alex/.m2/repository/org/apache/pig/pig/0.16.0/pig-0.16.0-h2.jar!/ivysettings.xml will be used
2024-04-24T10:28:10,440  INFO [main] DependencyResolver: ivysettings.xml file not found in HIVE_HOME or HIVE_CONF_DIR,file:/home/alex/.m2/repository/org/apache/pig/pig/0.16.0/pig-0.16.0-h2.jar!/ivysettings.xml will be used
2024-04-24T10:28:10,447  INFO [main] session.SessionState: Created HDFS directory: /home/alex/Repositories/hive/hcatalog/hcatalog-pig-adapter/target/tmp/scratchdir/alex/db203832-9dde-4532-a809-73c1821422d3
2024-04-24T10:28:10,450  INFO [main] session.SessionState: Created local directory: /home/alex/Repositories/hive/hcatalog/hcatalog-pig-adapter/target/tmp/localscratchdir/db203832-9dde-4532-a809-73c1821422d3
2024-04-24T10:28:10,454  INFO [main] session.SessionState: Created HDFS directory: /home/alex/Repositories/hive/hcatalog/hcatalog-pig-adapter/target/tmp/scratchdir/alex/db203832-9dde-4532-a809-73c1821422d3/_tmp_space.db
]]></system-err>
  </testcase>
  <testcase name="testDynamicPartitioningMultiPartColsInDataPartialSpec[0]" classname="org.apache.hive.hcatalog.pig.TestHCatStorer" time="0">
    <skipped message="got: &lt;false&gt;, expected: is &lt;true&gt;"/>
    <system-err><![CDATA[2024-04-24T10:28:10,500  WARN [main] conf.HiveConf: HiveConf of name hive.stats.key.prefix.reserve.length does not exist
2024-04-24T10:28:10,500  WARN [main] conf.HiveConf: HiveConf of name hive.dummyparam.test.server.specific.config.override does not exist
2024-04-24T10:28:10,500  WARN [main] conf.HiveConf: HiveConf of name hive.llap.io.cache.orc.alloc.max does not exist
2024-04-24T10:28:10,500  WARN [main] conf.HiveConf: HiveConf of name hive.dummyparam.test.server.specific.config.metastoresite does not exist
2024-04-24T10:28:10,500  WARN [main] conf.HiveConf: HiveConf of name hive.metastore.client.cache.maxSize does not exist
2024-04-24T10:28:10,500  WARN [main] conf.HiveConf: HiveConf of name hive.llap.io.cache.orc.size does not exist
2024-04-24T10:28:10,501  WARN [main] conf.HiveConf: HiveConf of name hive.llap.io.cache.orc.alloc.min does not exist
2024-04-24T10:28:10,501  WARN [main] conf.HiveConf: HiveConf of name hive.dummyparam.test.server.specific.config.hivesite does not exist
2024-04-24T10:28:10,501  WARN [main] conf.HiveConf: HiveConf of name hive.llap.io.cache.orc.arena.size does not exist
2024-04-24T10:28:10,501  WARN [main] conf.HiveConf: HiveConf of name hive.metastore.client.cache.recordStats does not exist
2024-04-24T10:28:10,502  WARN [main] conf.HiveConf: HiveConf of name hive.metastore.metadb.dir does not exist
2024-04-24T10:28:10,506  INFO [main] metastore.HiveMetaStoreClient: HMS client filtering is enabled.
2024-04-24T10:28:10,506  INFO [main] metastore.PersistenceManagerProvider: Configuration datanucleus.autoStartMechanismMode is not set. Defaulting to 'ignored'
2024-04-24T10:28:10,507  INFO [main] metastore.ObjectStore: RawStore: org.apache.hadoop.hive.metastore.ObjectStore@338cc75f, with PersistenceManager: org.datanucleus.api.jdo.JDOPersistenceManager@902fdbe will be shutdown
2024-04-24T10:28:10,508  INFO [main] metastore.ObjectStore: RawStore: org.apache.hadoop.hive.metastore.ObjectStore@338cc75f, with PersistenceManager: org.datanucleus.api.jdo.JDOPersistenceManager@108e9837 created in the thread with id: 1
2024-04-24T10:28:10,514  INFO [main] metastore.HMSHandler: HMS server filtering is disabled by configuration
Hive Session ID = 57b99041-e70e-4d39-b017-f5e268abee23
2024-04-24T10:28:10,515  INFO [main] SessionState: Hive Session ID = 57b99041-e70e-4d39-b017-f5e268abee23
ivysettings.xml file not found in HIVE_HOME or HIVE_CONF_DIR,file:/home/alex/.m2/repository/org/apache/pig/pig/0.16.0/pig-0.16.0-h2.jar!/ivysettings.xml will be used
2024-04-24T10:28:10,515  INFO [main] DependencyResolver: ivysettings.xml file not found in HIVE_HOME or HIVE_CONF_DIR,file:/home/alex/.m2/repository/org/apache/pig/pig/0.16.0/pig-0.16.0-h2.jar!/ivysettings.xml will be used
2024-04-24T10:28:10,524  INFO [main] session.SessionState: Created HDFS directory: /home/alex/Repositories/hive/hcatalog/hcatalog-pig-adapter/target/tmp/scratchdir/alex/57b99041-e70e-4d39-b017-f5e268abee23
2024-04-24T10:28:10,527  INFO [main] session.SessionState: Created local directory: /home/alex/Repositories/hive/hcatalog/hcatalog-pig-adapter/target/tmp/localscratchdir/57b99041-e70e-4d39-b017-f5e268abee23
2024-04-24T10:28:10,530  INFO [main] session.SessionState: Created HDFS directory: /home/alex/Repositories/hive/hcatalog/hcatalog-pig-adapter/target/tmp/scratchdir/alex/57b99041-e70e-4d39-b017-f5e268abee23/_tmp_space.db
]]></system-err>
  </testcase>
  <testcase name="testWriteDate2[0]" classname="org.apache.hive.hcatalog.pig.TestHCatStorer" time="0">
    <skipped message="got: &lt;false&gt;, expected: is &lt;true&gt;"/>
    <system-err><![CDATA[2024-04-24T10:28:10,574  WARN [main] conf.HiveConf: HiveConf of name hive.metastore.client.cache.maxSize does not exist
2024-04-24T10:28:10,575  WARN [main] conf.HiveConf: HiveConf of name hive.metastore.metadb.dir does not exist
2024-04-24T10:28:10,575  WARN [main] conf.HiveConf: HiveConf of name hive.dummyparam.test.server.specific.config.hivesite does not exist
2024-04-24T10:28:10,575  WARN [main] conf.HiveConf: HiveConf of name hive.stats.key.prefix.reserve.length does not exist
2024-04-24T10:28:10,575  WARN [main] conf.HiveConf: HiveConf of name hive.dummyparam.test.server.specific.config.override does not exist
2024-04-24T10:28:10,575  WARN [main] conf.HiveConf: HiveConf of name hive.llap.io.cache.orc.size does not exist
2024-04-24T10:28:10,575  WARN [main] conf.HiveConf: HiveConf of name hive.metastore.client.cache.recordStats does not exist
2024-04-24T10:28:10,575  WARN [main] conf.HiveConf: HiveConf of name hive.llap.io.cache.orc.alloc.min does not exist
2024-04-24T10:28:10,576  WARN [main] conf.HiveConf: HiveConf of name hive.dummyparam.test.server.specific.config.metastoresite does not exist
2024-04-24T10:28:10,576  WARN [main] conf.HiveConf: HiveConf of name hive.llap.io.cache.orc.alloc.max does not exist
2024-04-24T10:28:10,576  WARN [main] conf.HiveConf: HiveConf of name hive.llap.io.cache.orc.arena.size does not exist
2024-04-24T10:28:10,579  INFO [main] metastore.HiveMetaStoreClient: HMS client filtering is enabled.
2024-04-24T10:28:10,579  INFO [main] metastore.PersistenceManagerProvider: Configuration datanucleus.autoStartMechanismMode is not set. Defaulting to 'ignored'
2024-04-24T10:28:10,580  INFO [main] metastore.ObjectStore: RawStore: org.apache.hadoop.hive.metastore.ObjectStore@338cc75f, with PersistenceManager: org.datanucleus.api.jdo.JDOPersistenceManager@108e9837 will be shutdown
2024-04-24T10:28:10,581  INFO [main] metastore.ObjectStore: RawStore: org.apache.hadoop.hive.metastore.ObjectStore@338cc75f, with PersistenceManager: org.datanucleus.api.jdo.JDOPersistenceManager@3c25cfe1 created in the thread with id: 1
2024-04-24T10:28:10,585  INFO [main] metastore.HMSHandler: HMS server filtering is disabled by configuration
Hive Session ID = bdf894c1-7af3-4531-9bde-051b6d33cb6d
2024-04-24T10:28:10,585  INFO [main] SessionState: Hive Session ID = bdf894c1-7af3-4531-9bde-051b6d33cb6d
ivysettings.xml file not found in HIVE_HOME or HIVE_CONF_DIR,file:/home/alex/.m2/repository/org/apache/pig/pig/0.16.0/pig-0.16.0-h2.jar!/ivysettings.xml will be used
2024-04-24T10:28:10,586  INFO [main] DependencyResolver: ivysettings.xml file not found in HIVE_HOME or HIVE_CONF_DIR,file:/home/alex/.m2/repository/org/apache/pig/pig/0.16.0/pig-0.16.0-h2.jar!/ivysettings.xml will be used
2024-04-24T10:28:10,593  INFO [main] session.SessionState: Created HDFS directory: /home/alex/Repositories/hive/hcatalog/hcatalog-pig-adapter/target/tmp/scratchdir/alex/bdf894c1-7af3-4531-9bde-051b6d33cb6d
2024-04-24T10:28:10,595  INFO [main] session.SessionState: Created local directory: /home/alex/Repositories/hive/hcatalog/hcatalog-pig-adapter/target/tmp/localscratchdir/bdf894c1-7af3-4531-9bde-051b6d33cb6d
2024-04-24T10:28:10,598  INFO [main] session.SessionState: Created HDFS directory: /home/alex/Repositories/hive/hcatalog/hcatalog-pig-adapter/target/tmp/scratchdir/alex/bdf894c1-7af3-4531-9bde-051b6d33cb6d/_tmp_space.db
]]></system-err>
  </testcase>
  <testcase name="testWriteDate3[0]" classname="org.apache.hive.hcatalog.pig.TestHCatStorer" time="0">
    <skipped message="got: &lt;false&gt;, expected: is &lt;true&gt;"/>
    <system-err><![CDATA[2024-04-24T10:28:10,634  WARN [main] conf.HiveConf: HiveConf of name hive.llap.io.cache.orc.arena.size does not exist
2024-04-24T10:28:10,635  WARN [main] conf.HiveConf: HiveConf of name hive.metastore.client.cache.maxSize does not exist
2024-04-24T10:28:10,635  WARN [main] conf.HiveConf: HiveConf of name hive.dummyparam.test.server.specific.config.override does not exist
2024-04-24T10:28:10,635  WARN [main] conf.HiveConf: HiveConf of name hive.llap.io.cache.orc.alloc.min does not exist
2024-04-24T10:28:10,635  WARN [main] conf.HiveConf: HiveConf of name hive.dummyparam.test.server.specific.config.hivesite does not exist
2024-04-24T10:28:10,635  WARN [main] conf.HiveConf: HiveConf of name hive.metastore.metadb.dir does not exist
2024-04-24T10:28:10,635  WARN [main] conf.HiveConf: HiveConf of name hive.stats.key.prefix.reserve.length does not exist
2024-04-24T10:28:10,635  WARN [main] conf.HiveConf: HiveConf of name hive.dummyparam.test.server.specific.config.metastoresite does not exist
2024-04-24T10:28:10,635  WARN [main] conf.HiveConf: HiveConf of name hive.metastore.client.cache.recordStats does not exist
2024-04-24T10:28:10,636  WARN [main] conf.HiveConf: HiveConf of name hive.llap.io.cache.orc.alloc.max does not exist
2024-04-24T10:28:10,636  WARN [main] conf.HiveConf: HiveConf of name hive.llap.io.cache.orc.size does not exist
2024-04-24T10:28:10,638  INFO [main] metastore.HiveMetaStoreClient: HMS client filtering is enabled.
2024-04-24T10:28:10,638  INFO [main] metastore.PersistenceManagerProvider: Configuration datanucleus.autoStartMechanismMode is not set. Defaulting to 'ignored'
2024-04-24T10:28:10,639  INFO [main] metastore.ObjectStore: RawStore: org.apache.hadoop.hive.metastore.ObjectStore@338cc75f, with PersistenceManager: org.datanucleus.api.jdo.JDOPersistenceManager@3c25cfe1 will be shutdown
2024-04-24T10:28:10,640  INFO [main] metastore.ObjectStore: RawStore: org.apache.hadoop.hive.metastore.ObjectStore@338cc75f, with PersistenceManager: org.datanucleus.api.jdo.JDOPersistenceManager@5d352de0 created in the thread with id: 1
2024-04-24T10:28:10,645  INFO [main] metastore.HMSHandler: HMS server filtering is disabled by configuration
Hive Session ID = 80321ab4-2d1f-47ce-a725-742c6ad48871
2024-04-24T10:28:10,646  INFO [main] SessionState: Hive Session ID = 80321ab4-2d1f-47ce-a725-742c6ad48871
ivysettings.xml file not found in HIVE_HOME or HIVE_CONF_DIR,file:/home/alex/.m2/repository/org/apache/pig/pig/0.16.0/pig-0.16.0-h2.jar!/ivysettings.xml will be used
2024-04-24T10:28:10,646  INFO [main] DependencyResolver: ivysettings.xml file not found in HIVE_HOME or HIVE_CONF_DIR,file:/home/alex/.m2/repository/org/apache/pig/pig/0.16.0/pig-0.16.0-h2.jar!/ivysettings.xml will be used
2024-04-24T10:28:10,653  INFO [main] session.SessionState: Created HDFS directory: /home/alex/Repositories/hive/hcatalog/hcatalog-pig-adapter/target/tmp/scratchdir/alex/80321ab4-2d1f-47ce-a725-742c6ad48871
2024-04-24T10:28:10,656  INFO [main] session.SessionState: Created local directory: /home/alex/Repositories/hive/hcatalog/hcatalog-pig-adapter/target/tmp/localscratchdir/80321ab4-2d1f-47ce-a725-742c6ad48871
2024-04-24T10:28:10,658  INFO [main] session.SessionState: Created HDFS directory: /home/alex/Repositories/hive/hcatalog/hcatalog-pig-adapter/target/tmp/scratchdir/alex/80321ab4-2d1f-47ce-a725-742c6ad48871/_tmp_space.db
]]></system-err>
  </testcase>
  <testcase name="testStoreInPartiitonedTbl[0]" classname="org.apache.hive.hcatalog.pig.TestHCatStorer" time="0">
    <skipped message="got: &lt;false&gt;, expected: is &lt;true&gt;"/>
    <system-err><![CDATA[2024-04-24T10:28:10,696  WARN [main] conf.HiveConf: HiveConf of name hive.dummyparam.test.server.specific.config.hivesite does not exist
2024-04-24T10:28:10,696  WARN [main] conf.HiveConf: HiveConf of name hive.stats.key.prefix.reserve.length does not exist
2024-04-24T10:28:10,696  WARN [main] conf.HiveConf: HiveConf of name hive.llap.io.cache.orc.alloc.max does not exist
2024-04-24T10:28:10,696  WARN [main] conf.HiveConf: HiveConf of name hive.dummyparam.test.server.specific.config.metastoresite does not exist
2024-04-24T10:28:10,697  WARN [main] conf.HiveConf: HiveConf of name hive.metastore.metadb.dir does not exist
2024-04-24T10:28:10,697  WARN [main] conf.HiveConf: HiveConf of name hive.metastore.client.cache.maxSize does not exist
2024-04-24T10:28:10,697  WARN [main] conf.HiveConf: HiveConf of name hive.llap.io.cache.orc.size does not exist
2024-04-24T10:28:10,697  WARN [main] conf.HiveConf: HiveConf of name hive.dummyparam.test.server.specific.config.override does not exist
2024-04-24T10:28:10,697  WARN [main] conf.HiveConf: HiveConf of name hive.llap.io.cache.orc.arena.size does not exist
2024-04-24T10:28:10,697  WARN [main] conf.HiveConf: HiveConf of name hive.llap.io.cache.orc.alloc.min does not exist
2024-04-24T10:28:10,697  WARN [main] conf.HiveConf: HiveConf of name hive.metastore.client.cache.recordStats does not exist
2024-04-24T10:28:10,700  INFO [main] metastore.HiveMetaStoreClient: HMS client filtering is enabled.
2024-04-24T10:28:10,700  INFO [main] metastore.PersistenceManagerProvider: Configuration datanucleus.autoStartMechanismMode is not set. Defaulting to 'ignored'
2024-04-24T10:28:10,701  INFO [main] metastore.ObjectStore: RawStore: org.apache.hadoop.hive.metastore.ObjectStore@338cc75f, with PersistenceManager: org.datanucleus.api.jdo.JDOPersistenceManager@5d352de0 will be shutdown
2024-04-24T10:28:10,701  INFO [main] metastore.ObjectStore: RawStore: org.apache.hadoop.hive.metastore.ObjectStore@338cc75f, with PersistenceManager: org.datanucleus.api.jdo.JDOPersistenceManager@20d19f2c created in the thread with id: 1
2024-04-24T10:28:10,707  INFO [main] metastore.HMSHandler: HMS server filtering is disabled by configuration
Hive Session ID = bcf6d1af-5ff9-441b-9ee8-a5cfba521c10
2024-04-24T10:28:10,707  INFO [main] SessionState: Hive Session ID = bcf6d1af-5ff9-441b-9ee8-a5cfba521c10
ivysettings.xml file not found in HIVE_HOME or HIVE_CONF_DIR,file:/home/alex/.m2/repository/org/apache/pig/pig/0.16.0/pig-0.16.0-h2.jar!/ivysettings.xml will be used
2024-04-24T10:28:10,707  INFO [main] DependencyResolver: ivysettings.xml file not found in HIVE_HOME or HIVE_CONF_DIR,file:/home/alex/.m2/repository/org/apache/pig/pig/0.16.0/pig-0.16.0-h2.jar!/ivysettings.xml will be used
2024-04-24T10:28:10,714  INFO [main] session.SessionState: Created HDFS directory: /home/alex/Repositories/hive/hcatalog/hcatalog-pig-adapter/target/tmp/scratchdir/alex/bcf6d1af-5ff9-441b-9ee8-a5cfba521c10
2024-04-24T10:28:10,716  INFO [main] session.SessionState: Created local directory: /home/alex/Repositories/hive/hcatalog/hcatalog-pig-adapter/target/tmp/localscratchdir/bcf6d1af-5ff9-441b-9ee8-a5cfba521c10
2024-04-24T10:28:10,720  INFO [main] session.SessionState: Created HDFS directory: /home/alex/Repositories/hive/hcatalog/hcatalog-pig-adapter/target/tmp/scratchdir/alex/bcf6d1af-5ff9-441b-9ee8-a5cfba521c10/_tmp_space.db
]]></system-err>
  </testcase>
  <testcase name="testWriteChar[0]" classname="org.apache.hive.hcatalog.pig.TestHCatStorer" time="0">
    <skipped message="got: &lt;false&gt;, expected: is &lt;true&gt;"/>
    <system-err><![CDATA[2024-04-24T10:28:10,755  WARN [main] conf.HiveConf: HiveConf of name hive.dummyparam.test.server.specific.config.hivesite does not exist
2024-04-24T10:28:10,755  WARN [main] conf.HiveConf: HiveConf of name hive.metastore.client.cache.maxSize does not exist
2024-04-24T10:28:10,756  WARN [main] conf.HiveConf: HiveConf of name hive.llap.io.cache.orc.arena.size does not exist
2024-04-24T10:28:10,756  WARN [main] conf.HiveConf: HiveConf of name hive.dummyparam.test.server.specific.config.metastoresite does not exist
2024-04-24T10:28:10,756  WARN [main] conf.HiveConf: HiveConf of name hive.dummyparam.test.server.specific.config.override does not exist
2024-04-24T10:28:10,756  WARN [main] conf.HiveConf: HiveConf of name hive.metastore.metadb.dir does not exist
2024-04-24T10:28:10,756  WARN [main] conf.HiveConf: HiveConf of name hive.llap.io.cache.orc.alloc.min does not exist
2024-04-24T10:28:10,756  WARN [main] conf.HiveConf: HiveConf of name hive.metastore.client.cache.recordStats does not exist
2024-04-24T10:28:10,756  WARN [main] conf.HiveConf: HiveConf of name hive.stats.key.prefix.reserve.length does not exist
2024-04-24T10:28:10,756  WARN [main] conf.HiveConf: HiveConf of name hive.llap.io.cache.orc.alloc.max does not exist
2024-04-24T10:28:10,756  WARN [main] conf.HiveConf: HiveConf of name hive.llap.io.cache.orc.size does not exist
2024-04-24T10:28:10,758  INFO [main] metastore.HiveMetaStoreClient: HMS client filtering is enabled.
2024-04-24T10:28:10,758  INFO [main] metastore.PersistenceManagerProvider: Configuration datanucleus.autoStartMechanismMode is not set. Defaulting to 'ignored'
2024-04-24T10:28:10,759  INFO [main] metastore.ObjectStore: RawStore: org.apache.hadoop.hive.metastore.ObjectStore@338cc75f, with PersistenceManager: org.datanucleus.api.jdo.JDOPersistenceManager@20d19f2c will be shutdown
2024-04-24T10:28:10,759  INFO [main] metastore.ObjectStore: RawStore: org.apache.hadoop.hive.metastore.ObjectStore@338cc75f, with PersistenceManager: org.datanucleus.api.jdo.JDOPersistenceManager@2f3928ac created in the thread with id: 1
2024-04-24T10:28:10,764  INFO [main] metastore.HMSHandler: HMS server filtering is disabled by configuration
Hive Session ID = bda7cb24-9bfd-4b1c-9160-fb0836736096
2024-04-24T10:28:10,764  INFO [main] SessionState: Hive Session ID = bda7cb24-9bfd-4b1c-9160-fb0836736096
ivysettings.xml file not found in HIVE_HOME or HIVE_CONF_DIR,file:/home/alex/.m2/repository/org/apache/pig/pig/0.16.0/pig-0.16.0-h2.jar!/ivysettings.xml will be used
2024-04-24T10:28:10,764  INFO [main] DependencyResolver: ivysettings.xml file not found in HIVE_HOME or HIVE_CONF_DIR,file:/home/alex/.m2/repository/org/apache/pig/pig/0.16.0/pig-0.16.0-h2.jar!/ivysettings.xml will be used
2024-04-24T10:28:10,771  INFO [main] session.SessionState: Created HDFS directory: /home/alex/Repositories/hive/hcatalog/hcatalog-pig-adapter/target/tmp/scratchdir/alex/bda7cb24-9bfd-4b1c-9160-fb0836736096
2024-04-24T10:28:10,773  INFO [main] session.SessionState: Created local directory: /home/alex/Repositories/hive/hcatalog/hcatalog-pig-adapter/target/tmp/localscratchdir/bda7cb24-9bfd-4b1c-9160-fb0836736096
2024-04-24T10:28:10,776  INFO [main] session.SessionState: Created HDFS directory: /home/alex/Repositories/hive/hcatalog/hcatalog-pig-adapter/target/tmp/scratchdir/alex/bda7cb24-9bfd-4b1c-9160-fb0836736096/_tmp_space.db
]]></system-err>
  </testcase>
  <testcase name="testWriteDate[0]" classname="org.apache.hive.hcatalog.pig.TestHCatStorer" time="0">
    <skipped message="got: &lt;false&gt;, expected: is &lt;true&gt;"/>
    <system-err><![CDATA[2024-04-24T10:28:10,810  WARN [main] conf.HiveConf: HiveConf of name hive.dummyparam.test.server.specific.config.hivesite does not exist
2024-04-24T10:28:10,810  WARN [main] conf.HiveConf: HiveConf of name hive.llap.io.cache.orc.alloc.max does not exist
2024-04-24T10:28:10,810  WARN [main] conf.HiveConf: HiveConf of name hive.stats.key.prefix.reserve.length does not exist
2024-04-24T10:28:10,810  WARN [main] conf.HiveConf: HiveConf of name hive.llap.io.cache.orc.size does not exist
2024-04-24T10:28:10,810  WARN [main] conf.HiveConf: HiveConf of name hive.dummyparam.test.server.specific.config.metastoresite does not exist
2024-04-24T10:28:10,810  WARN [main] conf.HiveConf: HiveConf of name hive.metastore.client.cache.maxSize does not exist
2024-04-24T10:28:10,810  WARN [main] conf.HiveConf: HiveConf of name hive.metastore.metadb.dir does not exist
2024-04-24T10:28:10,811  WARN [main] conf.HiveConf: HiveConf of name hive.llap.io.cache.orc.arena.size does not exist
2024-04-24T10:28:10,811  WARN [main] conf.HiveConf: HiveConf of name hive.dummyparam.test.server.specific.config.override does not exist
2024-04-24T10:28:10,811  WARN [main] conf.HiveConf: HiveConf of name hive.metastore.client.cache.recordStats does not exist
2024-04-24T10:28:10,811  WARN [main] conf.HiveConf: HiveConf of name hive.llap.io.cache.orc.alloc.min does not exist
2024-04-24T10:28:10,813  INFO [main] metastore.HiveMetaStoreClient: HMS client filtering is enabled.
2024-04-24T10:28:10,813  INFO [main] metastore.PersistenceManagerProvider: Configuration datanucleus.autoStartMechanismMode is not set. Defaulting to 'ignored'
2024-04-24T10:28:10,813  INFO [main] metastore.ObjectStore: RawStore: org.apache.hadoop.hive.metastore.ObjectStore@338cc75f, with PersistenceManager: org.datanucleus.api.jdo.JDOPersistenceManager@2f3928ac will be shutdown
2024-04-24T10:28:10,814  INFO [main] metastore.ObjectStore: RawStore: org.apache.hadoop.hive.metastore.ObjectStore@338cc75f, with PersistenceManager: org.datanucleus.api.jdo.JDOPersistenceManager@5b5f9003 created in the thread with id: 1
2024-04-24T10:28:10,819  INFO [main] metastore.HMSHandler: HMS server filtering is disabled by configuration
Hive Session ID = 4634392c-6e8d-4dc7-b998-6b8db06dc2fc
2024-04-24T10:28:10,819  INFO [main] SessionState: Hive Session ID = 4634392c-6e8d-4dc7-b998-6b8db06dc2fc
ivysettings.xml file not found in HIVE_HOME or HIVE_CONF_DIR,file:/home/alex/.m2/repository/org/apache/pig/pig/0.16.0/pig-0.16.0-h2.jar!/ivysettings.xml will be used
2024-04-24T10:28:10,819  INFO [main] DependencyResolver: ivysettings.xml file not found in HIVE_HOME or HIVE_CONF_DIR,file:/home/alex/.m2/repository/org/apache/pig/pig/0.16.0/pig-0.16.0-h2.jar!/ivysettings.xml will be used
2024-04-24T10:28:10,826  INFO [main] session.SessionState: Created HDFS directory: /home/alex/Repositories/hive/hcatalog/hcatalog-pig-adapter/target/tmp/scratchdir/alex/4634392c-6e8d-4dc7-b998-6b8db06dc2fc
2024-04-24T10:28:10,829  INFO [main] session.SessionState: Created local directory: /home/alex/Repositories/hive/hcatalog/hcatalog-pig-adapter/target/tmp/localscratchdir/4634392c-6e8d-4dc7-b998-6b8db06dc2fc
2024-04-24T10:28:10,832  INFO [main] session.SessionState: Created HDFS directory: /home/alex/Repositories/hive/hcatalog/hcatalog-pig-adapter/target/tmp/scratchdir/alex/4634392c-6e8d-4dc7-b998-6b8db06dc2fc/_tmp_space.db
]]></system-err>
  </testcase>
  <testcase name="testWriteSmallint[0]" classname="org.apache.hive.hcatalog.pig.TestHCatStorer" time="0">
    <skipped message="got: &lt;false&gt;, expected: is &lt;true&gt;"/>
    <system-err><![CDATA[2024-04-24T10:28:10,866  WARN [main] conf.HiveConf: HiveConf of name hive.llap.io.cache.orc.size does not exist
2024-04-24T10:28:10,866  WARN [main] conf.HiveConf: HiveConf of name hive.metastore.client.cache.maxSize does not exist
2024-04-24T10:28:10,866  WARN [main] conf.HiveConf: HiveConf of name hive.dummyparam.test.server.specific.config.hivesite does not exist
2024-04-24T10:28:10,866  WARN [main] conf.HiveConf: HiveConf of name hive.metastore.metadb.dir does not exist
2024-04-24T10:28:10,866  WARN [main] conf.HiveConf: HiveConf of name hive.llap.io.cache.orc.alloc.max does not exist
2024-04-24T10:28:10,867  WARN [main] conf.HiveConf: HiveConf of name hive.llap.io.cache.orc.alloc.min does not exist
2024-04-24T10:28:10,867  WARN [main] conf.HiveConf: HiveConf of name hive.dummyparam.test.server.specific.config.override does not exist
2024-04-24T10:28:10,867  WARN [main] conf.HiveConf: HiveConf of name hive.metastore.client.cache.recordStats does not exist
2024-04-24T10:28:10,867  WARN [main] conf.HiveConf: HiveConf of name hive.dummyparam.test.server.specific.config.metastoresite does not exist
2024-04-24T10:28:10,867  WARN [main] conf.HiveConf: HiveConf of name hive.llap.io.cache.orc.arena.size does not exist
2024-04-24T10:28:10,867  WARN [main] conf.HiveConf: HiveConf of name hive.stats.key.prefix.reserve.length does not exist
2024-04-24T10:28:10,869  INFO [main] metastore.HiveMetaStoreClient: HMS client filtering is enabled.
2024-04-24T10:28:10,869  INFO [main] metastore.PersistenceManagerProvider: Configuration datanucleus.autoStartMechanismMode is not set. Defaulting to 'ignored'
2024-04-24T10:28:10,869  INFO [main] metastore.ObjectStore: RawStore: org.apache.hadoop.hive.metastore.ObjectStore@338cc75f, with PersistenceManager: org.datanucleus.api.jdo.JDOPersistenceManager@5b5f9003 will be shutdown
2024-04-24T10:28:10,870  INFO [main] metastore.ObjectStore: RawStore: org.apache.hadoop.hive.metastore.ObjectStore@338cc75f, with PersistenceManager: org.datanucleus.api.jdo.JDOPersistenceManager@4c319d52 created in the thread with id: 1
2024-04-24T10:28:10,875  INFO [main] metastore.HMSHandler: HMS server filtering is disabled by configuration
Hive Session ID = 7fc2b03e-e64c-4f3b-8eeb-c8684ae13e74
2024-04-24T10:28:10,876  INFO [main] SessionState: Hive Session ID = 7fc2b03e-e64c-4f3b-8eeb-c8684ae13e74
ivysettings.xml file not found in HIVE_HOME or HIVE_CONF_DIR,file:/home/alex/.m2/repository/org/apache/pig/pig/0.16.0/pig-0.16.0-h2.jar!/ivysettings.xml will be used
2024-04-24T10:28:10,876  INFO [main] DependencyResolver: ivysettings.xml file not found in HIVE_HOME or HIVE_CONF_DIR,file:/home/alex/.m2/repository/org/apache/pig/pig/0.16.0/pig-0.16.0-h2.jar!/ivysettings.xml will be used
2024-04-24T10:28:10,882  INFO [main] session.SessionState: Created HDFS directory: /home/alex/Repositories/hive/hcatalog/hcatalog-pig-adapter/target/tmp/scratchdir/alex/7fc2b03e-e64c-4f3b-8eeb-c8684ae13e74
2024-04-24T10:28:10,885  INFO [main] session.SessionState: Created local directory: /home/alex/Repositories/hive/hcatalog/hcatalog-pig-adapter/target/tmp/localscratchdir/7fc2b03e-e64c-4f3b-8eeb-c8684ae13e74
2024-04-24T10:28:10,887  INFO [main] session.SessionState: Created HDFS directory: /home/alex/Repositories/hive/hcatalog/hcatalog-pig-adapter/target/tmp/scratchdir/alex/7fc2b03e-e64c-4f3b-8eeb-c8684ae13e74/_tmp_space.db
]]></system-err>
  </testcase>
  <testcase name="testDynamicPartitioningMultiPartColsNoDataInDataNoSpec[0]" classname="org.apache.hive.hcatalog.pig.TestHCatStorer" time="0">
    <skipped message="got: &lt;false&gt;, expected: is &lt;true&gt;"/>
    <system-err><![CDATA[2024-04-24T10:28:10,924  WARN [main] conf.HiveConf: HiveConf of name hive.llap.io.cache.orc.size does not exist
2024-04-24T10:28:10,924  WARN [main] conf.HiveConf: HiveConf of name hive.dummyparam.test.server.specific.config.hivesite does not exist
2024-04-24T10:28:10,924  WARN [main] conf.HiveConf: HiveConf of name hive.dummyparam.test.server.specific.config.metastoresite does not exist
2024-04-24T10:28:10,924  WARN [main] conf.HiveConf: HiveConf of name hive.stats.key.prefix.reserve.length does not exist
2024-04-24T10:28:10,924  WARN [main] conf.HiveConf: HiveConf of name hive.llap.io.cache.orc.alloc.min does not exist
2024-04-24T10:28:10,924  WARN [main] conf.HiveConf: HiveConf of name hive.llap.io.cache.orc.alloc.max does not exist
2024-04-24T10:28:10,925  WARN [main] conf.HiveConf: HiveConf of name hive.metastore.client.cache.recordStats does not exist
2024-04-24T10:28:10,925  WARN [main] conf.HiveConf: HiveConf of name hive.llap.io.cache.orc.arena.size does not exist
2024-04-24T10:28:10,925  WARN [main] conf.HiveConf: HiveConf of name hive.metastore.client.cache.maxSize does not exist
2024-04-24T10:28:10,925  WARN [main] conf.HiveConf: HiveConf of name hive.metastore.metadb.dir does not exist
2024-04-24T10:28:10,925  WARN [main] conf.HiveConf: HiveConf of name hive.dummyparam.test.server.specific.config.override does not exist
2024-04-24T10:28:10,927  INFO [main] metastore.HiveMetaStoreClient: HMS client filtering is enabled.
2024-04-24T10:28:10,927  INFO [main] metastore.PersistenceManagerProvider: Configuration datanucleus.autoStartMechanismMode is not set. Defaulting to 'ignored'
2024-04-24T10:28:10,928  INFO [main] metastore.ObjectStore: RawStore: org.apache.hadoop.hive.metastore.ObjectStore@338cc75f, with PersistenceManager: org.datanucleus.api.jdo.JDOPersistenceManager@4c319d52 will be shutdown
2024-04-24T10:28:10,928  INFO [main] metastore.ObjectStore: RawStore: org.apache.hadoop.hive.metastore.ObjectStore@338cc75f, with PersistenceManager: org.datanucleus.api.jdo.JDOPersistenceManager@4ae2e781 created in the thread with id: 1
2024-04-24T10:28:10,932  INFO [main] metastore.HMSHandler: HMS server filtering is disabled by configuration
Hive Session ID = 103d0de1-6b65-4b68-90a6-395cd4cb5ba4
2024-04-24T10:28:10,932  INFO [main] SessionState: Hive Session ID = 103d0de1-6b65-4b68-90a6-395cd4cb5ba4
ivysettings.xml file not found in HIVE_HOME or HIVE_CONF_DIR,file:/home/alex/.m2/repository/org/apache/pig/pig/0.16.0/pig-0.16.0-h2.jar!/ivysettings.xml will be used
2024-04-24T10:28:10,933  INFO [main] DependencyResolver: ivysettings.xml file not found in HIVE_HOME or HIVE_CONF_DIR,file:/home/alex/.m2/repository/org/apache/pig/pig/0.16.0/pig-0.16.0-h2.jar!/ivysettings.xml will be used
2024-04-24T10:28:10,938  INFO [main] session.SessionState: Created HDFS directory: /home/alex/Repositories/hive/hcatalog/hcatalog-pig-adapter/target/tmp/scratchdir/alex/103d0de1-6b65-4b68-90a6-395cd4cb5ba4
2024-04-24T10:28:10,941  INFO [main] session.SessionState: Created local directory: /home/alex/Repositories/hive/hcatalog/hcatalog-pig-adapter/target/tmp/localscratchdir/103d0de1-6b65-4b68-90a6-395cd4cb5ba4
2024-04-24T10:28:10,944  INFO [main] session.SessionState: Created HDFS directory: /home/alex/Repositories/hive/hcatalog/hcatalog-pig-adapter/target/tmp/scratchdir/alex/103d0de1-6b65-4b68-90a6-395cd4cb5ba4/_tmp_space.db
]]></system-err>
  </testcase>
  <testcase name="testWriteVarchar[0]" classname="org.apache.hive.hcatalog.pig.TestHCatStorer" time="0">
    <skipped message="got: &lt;false&gt;, expected: is &lt;true&gt;"/>
    <system-err><![CDATA[2024-04-24T10:28:10,978  WARN [main] conf.HiveConf: HiveConf of name hive.dummyparam.test.server.specific.config.hivesite does not exist
2024-04-24T10:28:10,978  WARN [main] conf.HiveConf: HiveConf of name hive.llap.io.cache.orc.size does not exist
2024-04-24T10:28:10,978  WARN [main] conf.HiveConf: HiveConf of name hive.metastore.client.cache.maxSize does not exist
2024-04-24T10:28:10,978  WARN [main] conf.HiveConf: HiveConf of name hive.metastore.client.cache.recordStats does not exist
2024-04-24T10:28:10,978  WARN [main] conf.HiveConf: HiveConf of name hive.llap.io.cache.orc.alloc.min does not exist
2024-04-24T10:28:10,978  WARN [main] conf.HiveConf: HiveConf of name hive.dummyparam.test.server.specific.config.override does not exist
2024-04-24T10:28:10,978  WARN [main] conf.HiveConf: HiveConf of name hive.llap.io.cache.orc.alloc.max does not exist
2024-04-24T10:28:10,978  WARN [main] conf.HiveConf: HiveConf of name hive.dummyparam.test.server.specific.config.metastoresite does not exist
2024-04-24T10:28:10,978  WARN [main] conf.HiveConf: HiveConf of name hive.stats.key.prefix.reserve.length does not exist
2024-04-24T10:28:10,979  WARN [main] conf.HiveConf: HiveConf of name hive.llap.io.cache.orc.arena.size does not exist
2024-04-24T10:28:10,979  WARN [main] conf.HiveConf: HiveConf of name hive.metastore.metadb.dir does not exist
2024-04-24T10:28:10,981  INFO [main] metastore.HiveMetaStoreClient: HMS client filtering is enabled.
2024-04-24T10:28:10,981  INFO [main] metastore.PersistenceManagerProvider: Configuration datanucleus.autoStartMechanismMode is not set. Defaulting to 'ignored'
2024-04-24T10:28:10,981  INFO [main] metastore.ObjectStore: RawStore: org.apache.hadoop.hive.metastore.ObjectStore@338cc75f, with PersistenceManager: org.datanucleus.api.jdo.JDOPersistenceManager@4ae2e781 will be shutdown
2024-04-24T10:28:10,982  INFO [main] metastore.ObjectStore: RawStore: org.apache.hadoop.hive.metastore.ObjectStore@338cc75f, with PersistenceManager: org.datanucleus.api.jdo.JDOPersistenceManager@3c7279a5 created in the thread with id: 1
2024-04-24T10:28:10,986  INFO [main] metastore.HMSHandler: HMS server filtering is disabled by configuration
Hive Session ID = 35852ecc-21b1-4bc8-a99b-db27889aa7ce
2024-04-24T10:28:10,986  INFO [main] SessionState: Hive Session ID = 35852ecc-21b1-4bc8-a99b-db27889aa7ce
ivysettings.xml file not found in HIVE_HOME or HIVE_CONF_DIR,file:/home/alex/.m2/repository/org/apache/pig/pig/0.16.0/pig-0.16.0-h2.jar!/ivysettings.xml will be used
2024-04-24T10:28:10,986  INFO [main] DependencyResolver: ivysettings.xml file not found in HIVE_HOME or HIVE_CONF_DIR,file:/home/alex/.m2/repository/org/apache/pig/pig/0.16.0/pig-0.16.0-h2.jar!/ivysettings.xml will be used
2024-04-24T10:28:10,992  INFO [main] session.SessionState: Created HDFS directory: /home/alex/Repositories/hive/hcatalog/hcatalog-pig-adapter/target/tmp/scratchdir/alex/35852ecc-21b1-4bc8-a99b-db27889aa7ce
2024-04-24T10:28:10,995  INFO [main] session.SessionState: Created local directory: /home/alex/Repositories/hive/hcatalog/hcatalog-pig-adapter/target/tmp/localscratchdir/35852ecc-21b1-4bc8-a99b-db27889aa7ce
2024-04-24T10:28:10,997  INFO [main] session.SessionState: Created HDFS directory: /home/alex/Repositories/hive/hcatalog/hcatalog-pig-adapter/target/tmp/scratchdir/alex/35852ecc-21b1-4bc8-a99b-db27889aa7ce/_tmp_space.db
]]></system-err>
  </testcase>
  <testcase name="testBagNStruct[0]" classname="org.apache.hive.hcatalog.pig.TestHCatStorer" time="0">
    <skipped message="got: &lt;false&gt;, expected: is &lt;true&gt;"/>
    <system-err><![CDATA[2024-04-24T10:28:11,030  WARN [main] conf.HiveConf: HiveConf of name hive.llap.io.cache.orc.arena.size does not exist
2024-04-24T10:28:11,030  WARN [main] conf.HiveConf: HiveConf of name hive.llap.io.cache.orc.alloc.max does not exist
2024-04-24T10:28:11,030  WARN [main] conf.HiveConf: HiveConf of name hive.metastore.client.cache.recordStats does not exist
2024-04-24T10:28:11,030  WARN [main] conf.HiveConf: HiveConf of name hive.metastore.metadb.dir does not exist
2024-04-24T10:28:11,030  WARN [main] conf.HiveConf: HiveConf of name hive.stats.key.prefix.reserve.length does not exist
2024-04-24T10:28:11,030  WARN [main] conf.HiveConf: HiveConf of name hive.dummyparam.test.server.specific.config.override does not exist
2024-04-24T10:28:11,031  WARN [main] conf.HiveConf: HiveConf of name hive.llap.io.cache.orc.alloc.min does not exist
2024-04-24T10:28:11,031  WARN [main] conf.HiveConf: HiveConf of name hive.dummyparam.test.server.specific.config.metastoresite does not exist
2024-04-24T10:28:11,031  WARN [main] conf.HiveConf: HiveConf of name hive.metastore.client.cache.maxSize does not exist
2024-04-24T10:28:11,031  WARN [main] conf.HiveConf: HiveConf of name hive.dummyparam.test.server.specific.config.hivesite does not exist
2024-04-24T10:28:11,031  WARN [main] conf.HiveConf: HiveConf of name hive.llap.io.cache.orc.size does not exist
2024-04-24T10:28:11,033  INFO [main] metastore.HiveMetaStoreClient: HMS client filtering is enabled.
2024-04-24T10:28:11,033  INFO [main] metastore.PersistenceManagerProvider: Configuration datanucleus.autoStartMechanismMode is not set. Defaulting to 'ignored'
2024-04-24T10:28:11,033  INFO [main] metastore.ObjectStore: RawStore: org.apache.hadoop.hive.metastore.ObjectStore@338cc75f, with PersistenceManager: org.datanucleus.api.jdo.JDOPersistenceManager@3c7279a5 will be shutdown
2024-04-24T10:28:11,034  INFO [main] metastore.ObjectStore: RawStore: org.apache.hadoop.hive.metastore.ObjectStore@338cc75f, with PersistenceManager: org.datanucleus.api.jdo.JDOPersistenceManager@111c229c created in the thread with id: 1
2024-04-24T10:28:11,038  INFO [main] metastore.HMSHandler: HMS server filtering is disabled by configuration
Hive Session ID = 82569566-a40a-412e-affd-e34fa367490b
2024-04-24T10:28:11,039  INFO [main] SessionState: Hive Session ID = 82569566-a40a-412e-affd-e34fa367490b
ivysettings.xml file not found in HIVE_HOME or HIVE_CONF_DIR,file:/home/alex/.m2/repository/org/apache/pig/pig/0.16.0/pig-0.16.0-h2.jar!/ivysettings.xml will be used
2024-04-24T10:28:11,039  INFO [main] DependencyResolver: ivysettings.xml file not found in HIVE_HOME or HIVE_CONF_DIR,file:/home/alex/.m2/repository/org/apache/pig/pig/0.16.0/pig-0.16.0-h2.jar!/ivysettings.xml will be used
2024-04-24T10:28:11,044  INFO [main] session.SessionState: Created HDFS directory: /home/alex/Repositories/hive/hcatalog/hcatalog-pig-adapter/target/tmp/scratchdir/alex/82569566-a40a-412e-affd-e34fa367490b
2024-04-24T10:28:11,047  INFO [main] session.SessionState: Created local directory: /home/alex/Repositories/hive/hcatalog/hcatalog-pig-adapter/target/tmp/localscratchdir/82569566-a40a-412e-affd-e34fa367490b
2024-04-24T10:28:11,049  INFO [main] session.SessionState: Created HDFS directory: /home/alex/Repositories/hive/hcatalog/hcatalog-pig-adapter/target/tmp/scratchdir/alex/82569566-a40a-412e-affd-e34fa367490b/_tmp_space.db
]]></system-err>
  </testcase>
  <testcase name="testStaticPartitioningMultiPartCols[0]" classname="org.apache.hive.hcatalog.pig.TestHCatStorer" time="0">
    <skipped message="got: &lt;false&gt;, expected: is &lt;true&gt;"/>
    <system-err><![CDATA[2024-04-24T10:28:11,085  WARN [main] conf.HiveConf: HiveConf of name hive.dummyparam.test.server.specific.config.hivesite does not exist
2024-04-24T10:28:11,085  WARN [main] conf.HiveConf: HiveConf of name hive.dummyparam.test.server.specific.config.metastoresite does not exist
2024-04-24T10:28:11,085  WARN [main] conf.HiveConf: HiveConf of name hive.dummyparam.test.server.specific.config.override does not exist
2024-04-24T10:28:11,085  WARN [main] conf.HiveConf: HiveConf of name hive.stats.key.prefix.reserve.length does not exist
2024-04-24T10:28:11,085  WARN [main] conf.HiveConf: HiveConf of name hive.llap.io.cache.orc.alloc.max does not exist
2024-04-24T10:28:11,085  WARN [main] conf.HiveConf: HiveConf of name hive.metastore.metadb.dir does not exist
2024-04-24T10:28:11,085  WARN [main] conf.HiveConf: HiveConf of name hive.metastore.client.cache.recordStats does not exist
2024-04-24T10:28:11,085  WARN [main] conf.HiveConf: HiveConf of name hive.metastore.client.cache.maxSize does not exist
2024-04-24T10:28:11,085  WARN [main] conf.HiveConf: HiveConf of name hive.llap.io.cache.orc.alloc.min does not exist
2024-04-24T10:28:11,086  WARN [main] conf.HiveConf: HiveConf of name hive.llap.io.cache.orc.size does not exist
2024-04-24T10:28:11,086  WARN [main] conf.HiveConf: HiveConf of name hive.llap.io.cache.orc.arena.size does not exist
2024-04-24T10:28:11,087  INFO [main] metastore.HiveMetaStoreClient: HMS client filtering is enabled.
2024-04-24T10:28:11,088  INFO [main] metastore.PersistenceManagerProvider: Configuration datanucleus.autoStartMechanismMode is not set. Defaulting to 'ignored'
2024-04-24T10:28:11,088  INFO [main] metastore.ObjectStore: RawStore: org.apache.hadoop.hive.metastore.ObjectStore@338cc75f, with PersistenceManager: org.datanucleus.api.jdo.JDOPersistenceManager@111c229c will be shutdown
2024-04-24T10:28:11,088  INFO [main] metastore.ObjectStore: RawStore: org.apache.hadoop.hive.metastore.ObjectStore@338cc75f, with PersistenceManager: org.datanucleus.api.jdo.JDOPersistenceManager@7b18658a created in the thread with id: 1
2024-04-24T10:28:11,093  INFO [main] metastore.HMSHandler: HMS server filtering is disabled by configuration
Hive Session ID = ab62e819-7bbe-4def-acb9-ecc6ffbe7c98
2024-04-24T10:28:11,093  INFO [main] SessionState: Hive Session ID = ab62e819-7bbe-4def-acb9-ecc6ffbe7c98
ivysettings.xml file not found in HIVE_HOME or HIVE_CONF_DIR,file:/home/alex/.m2/repository/org/apache/pig/pig/0.16.0/pig-0.16.0-h2.jar!/ivysettings.xml will be used
2024-04-24T10:28:11,093  INFO [main] DependencyResolver: ivysettings.xml file not found in HIVE_HOME or HIVE_CONF_DIR,file:/home/alex/.m2/repository/org/apache/pig/pig/0.16.0/pig-0.16.0-h2.jar!/ivysettings.xml will be used
2024-04-24T10:28:11,099  INFO [main] session.SessionState: Created HDFS directory: /home/alex/Repositories/hive/hcatalog/hcatalog-pig-adapter/target/tmp/scratchdir/alex/ab62e819-7bbe-4def-acb9-ecc6ffbe7c98
2024-04-24T10:28:11,102  INFO [main] session.SessionState: Created local directory: /home/alex/Repositories/hive/hcatalog/hcatalog-pig-adapter/target/tmp/localscratchdir/ab62e819-7bbe-4def-acb9-ecc6ffbe7c98
2024-04-24T10:28:11,105  INFO [main] session.SessionState: Created HDFS directory: /home/alex/Repositories/hive/hcatalog/hcatalog-pig-adapter/target/tmp/scratchdir/alex/ab62e819-7bbe-4def-acb9-ecc6ffbe7c98/_tmp_space.db
]]></system-err>
  </testcase>
  <testcase name="testPartColsInData[0]" classname="org.apache.hive.hcatalog.pig.TestHCatStorer" time="0">
    <skipped message="got: &lt;false&gt;, expected: is &lt;true&gt;"/>
    <system-err><![CDATA[2024-04-24T10:28:11,140  WARN [main] conf.HiveConf: HiveConf of name hive.dummyparam.test.server.specific.config.metastoresite does not exist
2024-04-24T10:28:11,140  WARN [main] conf.HiveConf: HiveConf of name hive.metastore.metadb.dir does not exist
2024-04-24T10:28:11,140  WARN [main] conf.HiveConf: HiveConf of name hive.dummyparam.test.server.specific.config.hivesite does not exist
2024-04-24T10:28:11,140  WARN [main] conf.HiveConf: HiveConf of name hive.dummyparam.test.server.specific.config.override does not exist
2024-04-24T10:28:11,140  WARN [main] conf.HiveConf: HiveConf of name hive.metastore.client.cache.maxSize does not exist
2024-04-24T10:28:11,140  WARN [main] conf.HiveConf: HiveConf of name hive.llap.io.cache.orc.alloc.max does not exist
2024-04-24T10:28:11,140  WARN [main] conf.HiveConf: HiveConf of name hive.llap.io.cache.orc.alloc.min does not exist
2024-04-24T10:28:11,140  WARN [main] conf.HiveConf: HiveConf of name hive.stats.key.prefix.reserve.length does not exist
2024-04-24T10:28:11,140  WARN [main] conf.HiveConf: HiveConf of name hive.llap.io.cache.orc.size does not exist
2024-04-24T10:28:11,140  WARN [main] conf.HiveConf: HiveConf of name hive.metastore.client.cache.recordStats does not exist
2024-04-24T10:28:11,140  WARN [main] conf.HiveConf: HiveConf of name hive.llap.io.cache.orc.arena.size does not exist
2024-04-24T10:28:11,142  INFO [main] metastore.HiveMetaStoreClient: HMS client filtering is enabled.
2024-04-24T10:28:11,143  INFO [main] metastore.PersistenceManagerProvider: Configuration datanucleus.autoStartMechanismMode is not set. Defaulting to 'ignored'
2024-04-24T10:28:11,143  INFO [main] metastore.ObjectStore: RawStore: org.apache.hadoop.hive.metastore.ObjectStore@338cc75f, with PersistenceManager: org.datanucleus.api.jdo.JDOPersistenceManager@7b18658a will be shutdown
2024-04-24T10:28:11,144  INFO [main] metastore.ObjectStore: RawStore: org.apache.hadoop.hive.metastore.ObjectStore@338cc75f, with PersistenceManager: org.datanucleus.api.jdo.JDOPersistenceManager@5c8d58ed created in the thread with id: 1
2024-04-24T10:28:11,149  INFO [main] metastore.HMSHandler: HMS server filtering is disabled by configuration
Hive Session ID = 576667d6-a908-41fb-b2ef-9365b97eff65
2024-04-24T10:28:11,150  INFO [main] SessionState: Hive Session ID = 576667d6-a908-41fb-b2ef-9365b97eff65
ivysettings.xml file not found in HIVE_HOME or HIVE_CONF_DIR,file:/home/alex/.m2/repository/org/apache/pig/pig/0.16.0/pig-0.16.0-h2.jar!/ivysettings.xml will be used
2024-04-24T10:28:11,150  INFO [main] DependencyResolver: ivysettings.xml file not found in HIVE_HOME or HIVE_CONF_DIR,file:/home/alex/.m2/repository/org/apache/pig/pig/0.16.0/pig-0.16.0-h2.jar!/ivysettings.xml will be used
2024-04-24T10:28:11,156  INFO [main] session.SessionState: Created HDFS directory: /home/alex/Repositories/hive/hcatalog/hcatalog-pig-adapter/target/tmp/scratchdir/alex/576667d6-a908-41fb-b2ef-9365b97eff65
2024-04-24T10:28:11,159  INFO [main] session.SessionState: Created local directory: /home/alex/Repositories/hive/hcatalog/hcatalog-pig-adapter/target/tmp/localscratchdir/576667d6-a908-41fb-b2ef-9365b97eff65
2024-04-24T10:28:11,162  INFO [main] session.SessionState: Created HDFS directory: /home/alex/Repositories/hive/hcatalog/hcatalog-pig-adapter/target/tmp/scratchdir/alex/576667d6-a908-41fb-b2ef-9365b97eff65/_tmp_space.db
]]></system-err>
  </testcase>
  <testcase name="testStoreWithNoCtorArgs[0]" classname="org.apache.hive.hcatalog.pig.TestHCatStorer" time="0">
    <skipped message="got: &lt;false&gt;, expected: is &lt;true&gt;"/>
    <system-err><![CDATA[2024-04-24T10:28:11,198  WARN [main] conf.HiveConf: HiveConf of name hive.dummyparam.test.server.specific.config.override does not exist
2024-04-24T10:28:11,198  WARN [main] conf.HiveConf: HiveConf of name hive.llap.io.cache.orc.size does not exist
2024-04-24T10:28:11,198  WARN [main] conf.HiveConf: HiveConf of name hive.llap.io.cache.orc.alloc.max does not exist
2024-04-24T10:28:11,198  WARN [main] conf.HiveConf: HiveConf of name hive.metastore.metadb.dir does not exist
2024-04-24T10:28:11,198  WARN [main] conf.HiveConf: HiveConf of name hive.dummyparam.test.server.specific.config.hivesite does not exist
2024-04-24T10:28:11,198  WARN [main] conf.HiveConf: HiveConf of name hive.llap.io.cache.orc.arena.size does not exist
2024-04-24T10:28:11,198  WARN [main] conf.HiveConf: HiveConf of name hive.llap.io.cache.orc.alloc.min does not exist
2024-04-24T10:28:11,198  WARN [main] conf.HiveConf: HiveConf of name hive.stats.key.prefix.reserve.length does not exist
2024-04-24T10:28:11,198  WARN [main] conf.HiveConf: HiveConf of name hive.metastore.client.cache.maxSize does not exist
2024-04-24T10:28:11,198  WARN [main] conf.HiveConf: HiveConf of name hive.metastore.client.cache.recordStats does not exist
2024-04-24T10:28:11,199  WARN [main] conf.HiveConf: HiveConf of name hive.dummyparam.test.server.specific.config.metastoresite does not exist
2024-04-24T10:28:11,201  INFO [main] metastore.HiveMetaStoreClient: HMS client filtering is enabled.
2024-04-24T10:28:11,201  INFO [main] metastore.PersistenceManagerProvider: Configuration datanucleus.autoStartMechanismMode is not set. Defaulting to 'ignored'
2024-04-24T10:28:11,201  INFO [main] metastore.ObjectStore: RawStore: org.apache.hadoop.hive.metastore.ObjectStore@338cc75f, with PersistenceManager: org.datanucleus.api.jdo.JDOPersistenceManager@5c8d58ed will be shutdown
2024-04-24T10:28:11,202  INFO [main] metastore.ObjectStore: RawStore: org.apache.hadoop.hive.metastore.ObjectStore@338cc75f, with PersistenceManager: org.datanucleus.api.jdo.JDOPersistenceManager@476fde05 created in the thread with id: 1
2024-04-24T10:28:11,206  INFO [main] metastore.HMSHandler: HMS server filtering is disabled by configuration
Hive Session ID = a38b6602-d2e3-41f8-abf3-c9d5e013044b
2024-04-24T10:28:11,206  INFO [main] SessionState: Hive Session ID = a38b6602-d2e3-41f8-abf3-c9d5e013044b
ivysettings.xml file not found in HIVE_HOME or HIVE_CONF_DIR,file:/home/alex/.m2/repository/org/apache/pig/pig/0.16.0/pig-0.16.0-h2.jar!/ivysettings.xml will be used
2024-04-24T10:28:11,207  INFO [main] DependencyResolver: ivysettings.xml file not found in HIVE_HOME or HIVE_CONF_DIR,file:/home/alex/.m2/repository/org/apache/pig/pig/0.16.0/pig-0.16.0-h2.jar!/ivysettings.xml will be used
2024-04-24T10:28:11,212  INFO [main] session.SessionState: Created HDFS directory: /home/alex/Repositories/hive/hcatalog/hcatalog-pig-adapter/target/tmp/scratchdir/alex/a38b6602-d2e3-41f8-abf3-c9d5e013044b
2024-04-24T10:28:11,215  INFO [main] session.SessionState: Created local directory: /home/alex/Repositories/hive/hcatalog/hcatalog-pig-adapter/target/tmp/localscratchdir/a38b6602-d2e3-41f8-abf3-c9d5e013044b
2024-04-24T10:28:11,218  INFO [main] session.SessionState: Created HDFS directory: /home/alex/Repositories/hive/hcatalog/hcatalog-pig-adapter/target/tmp/scratchdir/alex/a38b6602-d2e3-41f8-abf3-c9d5e013044b/_tmp_space.db
]]></system-err>
  </testcase>
  <testcase name="testWriteDecimalX[0]" classname="org.apache.hive.hcatalog.pig.TestHCatStorer" time="0">
    <skipped message="got: &lt;false&gt;, expected: is &lt;true&gt;"/>
    <system-err><![CDATA[2024-04-24T10:28:11,252  WARN [main] conf.HiveConf: HiveConf of name hive.llap.io.cache.orc.alloc.min does not exist
2024-04-24T10:28:11,252  WARN [main] conf.HiveConf: HiveConf of name hive.metastore.client.cache.recordStats does not exist
2024-04-24T10:28:11,252  WARN [main] conf.HiveConf: HiveConf of name hive.dummyparam.test.server.specific.config.metastoresite does not exist
2024-04-24T10:28:11,252  WARN [main] conf.HiveConf: HiveConf of name hive.metastore.client.cache.maxSize does not exist
2024-04-24T10:28:11,252  WARN [main] conf.HiveConf: HiveConf of name hive.stats.key.prefix.reserve.length does not exist
2024-04-24T10:28:11,252  WARN [main] conf.HiveConf: HiveConf of name hive.metastore.metadb.dir does not exist
2024-04-24T10:28:11,252  WARN [main] conf.HiveConf: HiveConf of name hive.dummyparam.test.server.specific.config.override does not exist
2024-04-24T10:28:11,252  WARN [main] conf.HiveConf: HiveConf of name hive.llap.io.cache.orc.arena.size does not exist
2024-04-24T10:28:11,252  WARN [main] conf.HiveConf: HiveConf of name hive.llap.io.cache.orc.size does not exist
2024-04-24T10:28:11,252  WARN [main] conf.HiveConf: HiveConf of name hive.dummyparam.test.server.specific.config.hivesite does not exist
2024-04-24T10:28:11,252  WARN [main] conf.HiveConf: HiveConf of name hive.llap.io.cache.orc.alloc.max does not exist
2024-04-24T10:28:11,256  INFO [main] metastore.HiveMetaStoreClient: HMS client filtering is enabled.
2024-04-24T10:28:11,256  INFO [main] metastore.PersistenceManagerProvider: Configuration datanucleus.autoStartMechanismMode is not set. Defaulting to 'ignored'
2024-04-24T10:28:11,256  INFO [main] metastore.ObjectStore: RawStore: org.apache.hadoop.hive.metastore.ObjectStore@338cc75f, with PersistenceManager: org.datanucleus.api.jdo.JDOPersistenceManager@476fde05 will be shutdown
2024-04-24T10:28:11,256  INFO [main] metastore.ObjectStore: RawStore: org.apache.hadoop.hive.metastore.ObjectStore@338cc75f, with PersistenceManager: org.datanucleus.api.jdo.JDOPersistenceManager@66e341e9 created in the thread with id: 1
2024-04-24T10:28:11,260  INFO [main] metastore.HMSHandler: HMS server filtering is disabled by configuration
Hive Session ID = 32810a37-48b6-4503-9fe3-f0e1142746cf
2024-04-24T10:28:11,260  INFO [main] SessionState: Hive Session ID = 32810a37-48b6-4503-9fe3-f0e1142746cf
ivysettings.xml file not found in HIVE_HOME or HIVE_CONF_DIR,file:/home/alex/.m2/repository/org/apache/pig/pig/0.16.0/pig-0.16.0-h2.jar!/ivysettings.xml will be used
2024-04-24T10:28:11,260  INFO [main] DependencyResolver: ivysettings.xml file not found in HIVE_HOME or HIVE_CONF_DIR,file:/home/alex/.m2/repository/org/apache/pig/pig/0.16.0/pig-0.16.0-h2.jar!/ivysettings.xml will be used
2024-04-24T10:28:11,266  INFO [main] session.SessionState: Created HDFS directory: /home/alex/Repositories/hive/hcatalog/hcatalog-pig-adapter/target/tmp/scratchdir/alex/32810a37-48b6-4503-9fe3-f0e1142746cf
2024-04-24T10:28:11,269  INFO [main] session.SessionState: Created local directory: /home/alex/Repositories/hive/hcatalog/hcatalog-pig-adapter/target/tmp/localscratchdir/32810a37-48b6-4503-9fe3-f0e1142746cf
2024-04-24T10:28:11,271  INFO [main] session.SessionState: Created HDFS directory: /home/alex/Repositories/hive/hcatalog/hcatalog-pig-adapter/target/tmp/scratchdir/alex/32810a37-48b6-4503-9fe3-f0e1142746cf/_tmp_space.db
]]></system-err>
  </testcase>
  <testcase name="testDateCharTypes[0]" classname="org.apache.hive.hcatalog.pig.TestHCatStorer" time="0">
    <skipped message="got: &lt;false&gt;, expected: is &lt;true&gt;"/>
    <system-err><![CDATA[2024-04-24T10:28:11,304  WARN [main] conf.HiveConf: HiveConf of name hive.llap.io.cache.orc.alloc.min does not exist
2024-04-24T10:28:11,304  WARN [main] conf.HiveConf: HiveConf of name hive.dummyparam.test.server.specific.config.hivesite does not exist
2024-04-24T10:28:11,304  WARN [main] conf.HiveConf: HiveConf of name hive.metastore.client.cache.recordStats does not exist
2024-04-24T10:28:11,304  WARN [main] conf.HiveConf: HiveConf of name hive.llap.io.cache.orc.size does not exist
2024-04-24T10:28:11,304  WARN [main] conf.HiveConf: HiveConf of name hive.dummyparam.test.server.specific.config.override does not exist
2024-04-24T10:28:11,305  WARN [main] conf.HiveConf: HiveConf of name hive.stats.key.prefix.reserve.length does not exist
2024-04-24T10:28:11,305  WARN [main] conf.HiveConf: HiveConf of name hive.metastore.client.cache.maxSize does not exist
2024-04-24T10:28:11,305  WARN [main] conf.HiveConf: HiveConf of name hive.metastore.metadb.dir does not exist
2024-04-24T10:28:11,305  WARN [main] conf.HiveConf: HiveConf of name hive.dummyparam.test.server.specific.config.metastoresite does not exist
2024-04-24T10:28:11,305  WARN [main] conf.HiveConf: HiveConf of name hive.llap.io.cache.orc.alloc.max does not exist
2024-04-24T10:28:11,305  WARN [main] conf.HiveConf: HiveConf of name hive.llap.io.cache.orc.arena.size does not exist
2024-04-24T10:28:11,308  INFO [main] metastore.HiveMetaStoreClient: HMS client filtering is enabled.
2024-04-24T10:28:11,308  INFO [main] metastore.PersistenceManagerProvider: Configuration datanucleus.autoStartMechanismMode is not set. Defaulting to 'ignored'
2024-04-24T10:28:11,308  INFO [main] metastore.ObjectStore: RawStore: org.apache.hadoop.hive.metastore.ObjectStore@338cc75f, with PersistenceManager: org.datanucleus.api.jdo.JDOPersistenceManager@66e341e9 will be shutdown
2024-04-24T10:28:11,309  INFO [main] metastore.ObjectStore: RawStore: org.apache.hadoop.hive.metastore.ObjectStore@338cc75f, with PersistenceManager: org.datanucleus.api.jdo.JDOPersistenceManager@5a30722c created in the thread with id: 1
2024-04-24T10:28:11,313  INFO [main] metastore.HMSHandler: HMS server filtering is disabled by configuration
Hive Session ID = 94552aa8-7b2d-400e-9f6e-7dfbe515394d
2024-04-24T10:28:11,313  INFO [main] SessionState: Hive Session ID = 94552aa8-7b2d-400e-9f6e-7dfbe515394d
ivysettings.xml file not found in HIVE_HOME or HIVE_CONF_DIR,file:/home/alex/.m2/repository/org/apache/pig/pig/0.16.0/pig-0.16.0-h2.jar!/ivysettings.xml will be used
2024-04-24T10:28:11,313  INFO [main] DependencyResolver: ivysettings.xml file not found in HIVE_HOME or HIVE_CONF_DIR,file:/home/alex/.m2/repository/org/apache/pig/pig/0.16.0/pig-0.16.0-h2.jar!/ivysettings.xml will be used
2024-04-24T10:28:11,319  INFO [main] session.SessionState: Created HDFS directory: /home/alex/Repositories/hive/hcatalog/hcatalog-pig-adapter/target/tmp/scratchdir/alex/94552aa8-7b2d-400e-9f6e-7dfbe515394d
2024-04-24T10:28:11,322  INFO [main] session.SessionState: Created local directory: /home/alex/Repositories/hive/hcatalog/hcatalog-pig-adapter/target/tmp/localscratchdir/94552aa8-7b2d-400e-9f6e-7dfbe515394d
2024-04-24T10:28:11,324  INFO [main] session.SessionState: Created HDFS directory: /home/alex/Repositories/hive/hcatalog/hcatalog-pig-adapter/target/tmp/scratchdir/alex/94552aa8-7b2d-400e-9f6e-7dfbe515394d/_tmp_space.db
]]></system-err>
  </testcase>
  <testcase name="testPartitionPublish[0]" classname="org.apache.hive.hcatalog.pig.TestHCatStorer" time="0">
    <skipped message="got: &lt;false&gt;, expected: is &lt;true&gt;"/>
    <system-err><![CDATA[2024-04-24T10:28:11,357  WARN [main] conf.HiveConf: HiveConf of name hive.metastore.client.cache.maxSize does not exist
2024-04-24T10:28:11,357  WARN [main] conf.HiveConf: HiveConf of name hive.metastore.metadb.dir does not exist
2024-04-24T10:28:11,357  WARN [main] conf.HiveConf: HiveConf of name hive.metastore.client.cache.recordStats does not exist
2024-04-24T10:28:11,357  WARN [main] conf.HiveConf: HiveConf of name hive.dummyparam.test.server.specific.config.override does not exist
2024-04-24T10:28:11,357  WARN [main] conf.HiveConf: HiveConf of name hive.dummyparam.test.server.specific.config.metastoresite does not exist
2024-04-24T10:28:11,357  WARN [main] conf.HiveConf: HiveConf of name hive.llap.io.cache.orc.size does not exist
2024-04-24T10:28:11,357  WARN [main] conf.HiveConf: HiveConf of name hive.dummyparam.test.server.specific.config.hivesite does not exist
2024-04-24T10:28:11,357  WARN [main] conf.HiveConf: HiveConf of name hive.llap.io.cache.orc.arena.size does not exist
2024-04-24T10:28:11,357  WARN [main] conf.HiveConf: HiveConf of name hive.llap.io.cache.orc.alloc.min does not exist
2024-04-24T10:28:11,357  WARN [main] conf.HiveConf: HiveConf of name hive.stats.key.prefix.reserve.length does not exist
2024-04-24T10:28:11,357  WARN [main] conf.HiveConf: HiveConf of name hive.llap.io.cache.orc.alloc.max does not exist
2024-04-24T10:28:11,360  INFO [main] metastore.HiveMetaStoreClient: HMS client filtering is enabled.
2024-04-24T10:28:11,360  INFO [main] metastore.PersistenceManagerProvider: Configuration datanucleus.autoStartMechanismMode is not set. Defaulting to 'ignored'
2024-04-24T10:28:11,360  INFO [main] metastore.ObjectStore: RawStore: org.apache.hadoop.hive.metastore.ObjectStore@338cc75f, with PersistenceManager: org.datanucleus.api.jdo.JDOPersistenceManager@5a30722c will be shutdown
2024-04-24T10:28:11,361  INFO [main] metastore.ObjectStore: RawStore: org.apache.hadoop.hive.metastore.ObjectStore@338cc75f, with PersistenceManager: org.datanucleus.api.jdo.JDOPersistenceManager@20256a0b created in the thread with id: 1
2024-04-24T10:28:11,364  INFO [main] metastore.HMSHandler: HMS server filtering is disabled by configuration
Hive Session ID = 061486c6-0893-4163-8fc5-0fe92a6ab0ac
2024-04-24T10:28:11,365  INFO [main] SessionState: Hive Session ID = 061486c6-0893-4163-8fc5-0fe92a6ab0ac
ivysettings.xml file not found in HIVE_HOME or HIVE_CONF_DIR,file:/home/alex/.m2/repository/org/apache/pig/pig/0.16.0/pig-0.16.0-h2.jar!/ivysettings.xml will be used
2024-04-24T10:28:11,365  INFO [main] DependencyResolver: ivysettings.xml file not found in HIVE_HOME or HIVE_CONF_DIR,file:/home/alex/.m2/repository/org/apache/pig/pig/0.16.0/pig-0.16.0-h2.jar!/ivysettings.xml will be used
2024-04-24T10:28:11,371  INFO [main] session.SessionState: Created HDFS directory: /home/alex/Repositories/hive/hcatalog/hcatalog-pig-adapter/target/tmp/scratchdir/alex/061486c6-0893-4163-8fc5-0fe92a6ab0ac
2024-04-24T10:28:11,373  INFO [main] session.SessionState: Created local directory: /home/alex/Repositories/hive/hcatalog/hcatalog-pig-adapter/target/tmp/localscratchdir/061486c6-0893-4163-8fc5-0fe92a6ab0ac
2024-04-24T10:28:11,376  INFO [main] session.SessionState: Created HDFS directory: /home/alex/Repositories/hive/hcatalog/hcatalog-pig-adapter/target/tmp/scratchdir/alex/061486c6-0893-4163-8fc5-0fe92a6ab0ac/_tmp_space.db
]]></system-err>
  </testcase>
  <testcase name="testWriteDecimal[0]" classname="org.apache.hive.hcatalog.pig.TestHCatStorer" time="0">
    <skipped message="got: &lt;false&gt;, expected: is &lt;true&gt;"/>
    <system-err><![CDATA[2024-04-24T10:28:11,409  WARN [main] conf.HiveConf: HiveConf of name hive.llap.io.cache.orc.alloc.max does not exist
2024-04-24T10:28:11,409  WARN [main] conf.HiveConf: HiveConf of name hive.llap.io.cache.orc.arena.size does not exist
2024-04-24T10:28:11,409  WARN [main] conf.HiveConf: HiveConf of name hive.metastore.client.cache.maxSize does not exist
2024-04-24T10:28:11,409  WARN [main] conf.HiveConf: HiveConf of name hive.dummyparam.test.server.specific.config.hivesite does not exist
2024-04-24T10:28:11,409  WARN [main] conf.HiveConf: HiveConf of name hive.llap.io.cache.orc.size does not exist
2024-04-24T10:28:11,409  WARN [main] conf.HiveConf: HiveConf of name hive.dummyparam.test.server.specific.config.override does not exist
2024-04-24T10:28:11,409  WARN [main] conf.HiveConf: HiveConf of name hive.dummyparam.test.server.specific.config.metastoresite does not exist
2024-04-24T10:28:11,409  WARN [main] conf.HiveConf: HiveConf of name hive.stats.key.prefix.reserve.length does not exist
2024-04-24T10:28:11,410  WARN [main] conf.HiveConf: HiveConf of name hive.metastore.metadb.dir does not exist
2024-04-24T10:28:11,410  WARN [main] conf.HiveConf: HiveConf of name hive.llap.io.cache.orc.alloc.min does not exist
2024-04-24T10:28:11,410  WARN [main] conf.HiveConf: HiveConf of name hive.metastore.client.cache.recordStats does not exist
2024-04-24T10:28:11,411  INFO [main] metastore.HiveMetaStoreClient: HMS client filtering is enabled.
2024-04-24T10:28:11,412  INFO [main] metastore.PersistenceManagerProvider: Configuration datanucleus.autoStartMechanismMode is not set. Defaulting to 'ignored'
2024-04-24T10:28:11,412  INFO [main] metastore.ObjectStore: RawStore: org.apache.hadoop.hive.metastore.ObjectStore@338cc75f, with PersistenceManager: org.datanucleus.api.jdo.JDOPersistenceManager@20256a0b will be shutdown
2024-04-24T10:28:11,412  INFO [main] metastore.ObjectStore: RawStore: org.apache.hadoop.hive.metastore.ObjectStore@338cc75f, with PersistenceManager: org.datanucleus.api.jdo.JDOPersistenceManager@22a4ca4a created in the thread with id: 1
2024-04-24T10:28:11,417  INFO [main] metastore.HMSHandler: HMS server filtering is disabled by configuration
Hive Session ID = 07d4431d-361f-41ce-97da-7fa419499118
2024-04-24T10:28:11,417  INFO [main] SessionState: Hive Session ID = 07d4431d-361f-41ce-97da-7fa419499118
ivysettings.xml file not found in HIVE_HOME or HIVE_CONF_DIR,file:/home/alex/.m2/repository/org/apache/pig/pig/0.16.0/pig-0.16.0-h2.jar!/ivysettings.xml will be used
2024-04-24T10:28:11,418  INFO [main] DependencyResolver: ivysettings.xml file not found in HIVE_HOME or HIVE_CONF_DIR,file:/home/alex/.m2/repository/org/apache/pig/pig/0.16.0/pig-0.16.0-h2.jar!/ivysettings.xml will be used
2024-04-24T10:28:11,423  INFO [main] session.SessionState: Created HDFS directory: /home/alex/Repositories/hive/hcatalog/hcatalog-pig-adapter/target/tmp/scratchdir/alex/07d4431d-361f-41ce-97da-7fa419499118
2024-04-24T10:28:11,426  INFO [main] session.SessionState: Created local directory: /home/alex/Repositories/hive/hcatalog/hcatalog-pig-adapter/target/tmp/localscratchdir/07d4431d-361f-41ce-97da-7fa419499118
2024-04-24T10:28:11,428  INFO [main] session.SessionState: Created HDFS directory: /home/alex/Repositories/hive/hcatalog/hcatalog-pig-adapter/target/tmp/scratchdir/alex/07d4431d-361f-41ce-97da-7fa419499118/_tmp_space.db
]]></system-err>
  </testcase>
  <testcase name="testMultiPartColsInData[0]" classname="org.apache.hive.hcatalog.pig.TestHCatStorer" time="0">
    <skipped message="got: &lt;false&gt;, expected: is &lt;true&gt;"/>
    <system-err><![CDATA[2024-04-24T10:28:11,461  WARN [main] conf.HiveConf: HiveConf of name hive.llap.io.cache.orc.arena.size does not exist
2024-04-24T10:28:11,461  WARN [main] conf.HiveConf: HiveConf of name hive.llap.io.cache.orc.alloc.max does not exist
2024-04-24T10:28:11,461  WARN [main] conf.HiveConf: HiveConf of name hive.stats.key.prefix.reserve.length does not exist
2024-04-24T10:28:11,461  WARN [main] conf.HiveConf: HiveConf of name hive.llap.io.cache.orc.size does not exist
2024-04-24T10:28:11,461  WARN [main] conf.HiveConf: HiveConf of name hive.dummyparam.test.server.specific.config.hivesite does not exist
2024-04-24T10:28:11,461  WARN [main] conf.HiveConf: HiveConf of name hive.metastore.metadb.dir does not exist
2024-04-24T10:28:11,461  WARN [main] conf.HiveConf: HiveConf of name hive.dummyparam.test.server.specific.config.override does not exist
2024-04-24T10:28:11,461  WARN [main] conf.HiveConf: HiveConf of name hive.metastore.client.cache.recordStats does not exist
2024-04-24T10:28:11,462  WARN [main] conf.HiveConf: HiveConf of name hive.metastore.client.cache.maxSize does not exist
2024-04-24T10:28:11,462  WARN [main] conf.HiveConf: HiveConf of name hive.dummyparam.test.server.specific.config.metastoresite does not exist
2024-04-24T10:28:11,462  WARN [main] conf.HiveConf: HiveConf of name hive.llap.io.cache.orc.alloc.min does not exist
2024-04-24T10:28:11,464  INFO [main] metastore.HiveMetaStoreClient: HMS client filtering is enabled.
2024-04-24T10:28:11,464  INFO [main] metastore.PersistenceManagerProvider: Configuration datanucleus.autoStartMechanismMode is not set. Defaulting to 'ignored'
2024-04-24T10:28:11,464  INFO [main] metastore.ObjectStore: RawStore: org.apache.hadoop.hive.metastore.ObjectStore@338cc75f, with PersistenceManager: org.datanucleus.api.jdo.JDOPersistenceManager@22a4ca4a will be shutdown
2024-04-24T10:28:11,464  INFO [main] metastore.ObjectStore: RawStore: org.apache.hadoop.hive.metastore.ObjectStore@338cc75f, with PersistenceManager: org.datanucleus.api.jdo.JDOPersistenceManager@5f5297e3 created in the thread with id: 1
2024-04-24T10:28:11,468  INFO [main] metastore.HMSHandler: HMS server filtering is disabled by configuration
Hive Session ID = 63c0757d-1b42-4300-baac-b6fe77aa75a9
2024-04-24T10:28:11,469  INFO [main] SessionState: Hive Session ID = 63c0757d-1b42-4300-baac-b6fe77aa75a9
ivysettings.xml file not found in HIVE_HOME or HIVE_CONF_DIR,file:/home/alex/.m2/repository/org/apache/pig/pig/0.16.0/pig-0.16.0-h2.jar!/ivysettings.xml will be used
2024-04-24T10:28:11,469  INFO [main] DependencyResolver: ivysettings.xml file not found in HIVE_HOME or HIVE_CONF_DIR,file:/home/alex/.m2/repository/org/apache/pig/pig/0.16.0/pig-0.16.0-h2.jar!/ivysettings.xml will be used
2024-04-24T10:28:11,475  INFO [main] session.SessionState: Created HDFS directory: /home/alex/Repositories/hive/hcatalog/hcatalog-pig-adapter/target/tmp/scratchdir/alex/63c0757d-1b42-4300-baac-b6fe77aa75a9
2024-04-24T10:28:11,477  INFO [main] session.SessionState: Created local directory: /home/alex/Repositories/hive/hcatalog/hcatalog-pig-adapter/target/tmp/localscratchdir/63c0757d-1b42-4300-baac-b6fe77aa75a9
2024-04-24T10:28:11,480  INFO [main] session.SessionState: Created HDFS directory: /home/alex/Repositories/hive/hcatalog/hcatalog-pig-adapter/target/tmp/scratchdir/alex/63c0757d-1b42-4300-baac-b6fe77aa75a9/_tmp_space.db
]]></system-err>
  </testcase>
  <testcase name="testStaticPartitioningMultiPartColsNoData[0]" classname="org.apache.hive.hcatalog.pig.TestHCatStorer" time="0">
    <skipped message="got: &lt;false&gt;, expected: is &lt;true&gt;"/>
    <system-err><![CDATA[2024-04-24T10:28:11,515  WARN [main] conf.HiveConf: HiveConf of name hive.stats.key.prefix.reserve.length does not exist
2024-04-24T10:28:11,515  WARN [main] conf.HiveConf: HiveConf of name hive.llap.io.cache.orc.alloc.max does not exist
2024-04-24T10:28:11,515  WARN [main] conf.HiveConf: HiveConf of name hive.metastore.client.cache.recordStats does not exist
2024-04-24T10:28:11,515  WARN [main] conf.HiveConf: HiveConf of name hive.metastore.metadb.dir does not exist
2024-04-24T10:28:11,516  WARN [main] conf.HiveConf: HiveConf of name hive.llap.io.cache.orc.alloc.min does not exist
2024-04-24T10:28:11,516  WARN [main] conf.HiveConf: HiveConf of name hive.metastore.client.cache.maxSize does not exist
2024-04-24T10:28:11,516  WARN [main] conf.HiveConf: HiveConf of name hive.dummyparam.test.server.specific.config.hivesite does not exist
2024-04-24T10:28:11,516  WARN [main] conf.HiveConf: HiveConf of name hive.llap.io.cache.orc.arena.size does not exist
2024-04-24T10:28:11,516  WARN [main] conf.HiveConf: HiveConf of name hive.llap.io.cache.orc.size does not exist
2024-04-24T10:28:11,517  WARN [main] conf.HiveConf: HiveConf of name hive.dummyparam.test.server.specific.config.metastoresite does not exist
2024-04-24T10:28:11,517  WARN [main] conf.HiveConf: HiveConf of name hive.dummyparam.test.server.specific.config.override does not exist
2024-04-24T10:28:11,519  INFO [main] metastore.HiveMetaStoreClient: HMS client filtering is enabled.
2024-04-24T10:28:11,519  INFO [main] metastore.PersistenceManagerProvider: Configuration datanucleus.autoStartMechanismMode is not set. Defaulting to 'ignored'
2024-04-24T10:28:11,519  INFO [main] metastore.ObjectStore: RawStore: org.apache.hadoop.hive.metastore.ObjectStore@338cc75f, with PersistenceManager: org.datanucleus.api.jdo.JDOPersistenceManager@5f5297e3 will be shutdown
2024-04-24T10:28:11,520  INFO [main] metastore.ObjectStore: RawStore: org.apache.hadoop.hive.metastore.ObjectStore@338cc75f, with PersistenceManager: org.datanucleus.api.jdo.JDOPersistenceManager@d36c1c3 created in the thread with id: 1
2024-04-24T10:28:11,523  INFO [main] metastore.HMSHandler: HMS server filtering is disabled by configuration
Hive Session ID = 187359a3-4ed4-442a-981f-4663db03ccfe
2024-04-24T10:28:11,523  INFO [main] SessionState: Hive Session ID = 187359a3-4ed4-442a-981f-4663db03ccfe
ivysettings.xml file not found in HIVE_HOME or HIVE_CONF_DIR,file:/home/alex/.m2/repository/org/apache/pig/pig/0.16.0/pig-0.16.0-h2.jar!/ivysettings.xml will be used
2024-04-24T10:28:11,524  INFO [main] DependencyResolver: ivysettings.xml file not found in HIVE_HOME or HIVE_CONF_DIR,file:/home/alex/.m2/repository/org/apache/pig/pig/0.16.0/pig-0.16.0-h2.jar!/ivysettings.xml will be used
2024-04-24T10:28:11,529  INFO [main] session.SessionState: Created HDFS directory: /home/alex/Repositories/hive/hcatalog/hcatalog-pig-adapter/target/tmp/scratchdir/alex/187359a3-4ed4-442a-981f-4663db03ccfe
2024-04-24T10:28:11,531  INFO [main] session.SessionState: Created local directory: /home/alex/Repositories/hive/hcatalog/hcatalog-pig-adapter/target/tmp/localscratchdir/187359a3-4ed4-442a-981f-4663db03ccfe
2024-04-24T10:28:11,534  INFO [main] session.SessionState: Created HDFS directory: /home/alex/Repositories/hive/hcatalog/hcatalog-pig-adapter/target/tmp/scratchdir/alex/187359a3-4ed4-442a-981f-4663db03ccfe/_tmp_space.db
]]></system-err>
  </testcase>
  <testcase name="testStoreMultiTables[0]" classname="org.apache.hive.hcatalog.pig.TestHCatStorer" time="0">
    <skipped message="got: &lt;false&gt;, expected: is &lt;true&gt;"/>
    <system-err><![CDATA[2024-04-24T10:28:11,566  WARN [main] conf.HiveConf: HiveConf of name hive.metastore.metadb.dir does not exist
2024-04-24T10:28:11,566  WARN [main] conf.HiveConf: HiveConf of name hive.llap.io.cache.orc.arena.size does not exist
2024-04-24T10:28:11,566  WARN [main] conf.HiveConf: HiveConf of name hive.llap.io.cache.orc.size does not exist
2024-04-24T10:28:11,566  WARN [main] conf.HiveConf: HiveConf of name hive.metastore.client.cache.maxSize does not exist
2024-04-24T10:28:11,566  WARN [main] conf.HiveConf: HiveConf of name hive.dummyparam.test.server.specific.config.override does not exist
2024-04-24T10:28:11,566  WARN [main] conf.HiveConf: HiveConf of name hive.llap.io.cache.orc.alloc.max does not exist
2024-04-24T10:28:11,566  WARN [main] conf.HiveConf: HiveConf of name hive.dummyparam.test.server.specific.config.hivesite does not exist
2024-04-24T10:28:11,566  WARN [main] conf.HiveConf: HiveConf of name hive.metastore.client.cache.recordStats does not exist
2024-04-24T10:28:11,566  WARN [main] conf.HiveConf: HiveConf of name hive.dummyparam.test.server.specific.config.metastoresite does not exist
2024-04-24T10:28:11,567  WARN [main] conf.HiveConf: HiveConf of name hive.stats.key.prefix.reserve.length does not exist
2024-04-24T10:28:11,567  WARN [main] conf.HiveConf: HiveConf of name hive.llap.io.cache.orc.alloc.min does not exist
2024-04-24T10:28:11,569  INFO [main] metastore.HiveMetaStoreClient: HMS client filtering is enabled.
2024-04-24T10:28:11,569  INFO [main] metastore.PersistenceManagerProvider: Configuration datanucleus.autoStartMechanismMode is not set. Defaulting to 'ignored'
2024-04-24T10:28:11,569  INFO [main] metastore.ObjectStore: RawStore: org.apache.hadoop.hive.metastore.ObjectStore@338cc75f, with PersistenceManager: org.datanucleus.api.jdo.JDOPersistenceManager@d36c1c3 will be shutdown
2024-04-24T10:28:11,569  INFO [main] metastore.ObjectStore: RawStore: org.apache.hadoop.hive.metastore.ObjectStore@338cc75f, with PersistenceManager: org.datanucleus.api.jdo.JDOPersistenceManager@4c176ff1 created in the thread with id: 1
2024-04-24T10:28:11,574  INFO [main] metastore.HMSHandler: HMS server filtering is disabled by configuration
Hive Session ID = a04a4194-e059-4e23-8cf3-bda169ed91f8
2024-04-24T10:28:11,574  INFO [main] SessionState: Hive Session ID = a04a4194-e059-4e23-8cf3-bda169ed91f8
ivysettings.xml file not found in HIVE_HOME or HIVE_CONF_DIR,file:/home/alex/.m2/repository/org/apache/pig/pig/0.16.0/pig-0.16.0-h2.jar!/ivysettings.xml will be used
2024-04-24T10:28:11,574  INFO [main] DependencyResolver: ivysettings.xml file not found in HIVE_HOME or HIVE_CONF_DIR,file:/home/alex/.m2/repository/org/apache/pig/pig/0.16.0/pig-0.16.0-h2.jar!/ivysettings.xml will be used
2024-04-24T10:28:11,580  INFO [main] session.SessionState: Created HDFS directory: /home/alex/Repositories/hive/hcatalog/hcatalog-pig-adapter/target/tmp/scratchdir/alex/a04a4194-e059-4e23-8cf3-bda169ed91f8
2024-04-24T10:28:11,582  INFO [main] session.SessionState: Created local directory: /home/alex/Repositories/hive/hcatalog/hcatalog-pig-adapter/target/tmp/localscratchdir/a04a4194-e059-4e23-8cf3-bda169ed91f8
2024-04-24T10:28:11,585  INFO [main] session.SessionState: Created HDFS directory: /home/alex/Repositories/hive/hcatalog/hcatalog-pig-adapter/target/tmp/scratchdir/alex/a04a4194-e059-4e23-8cf3-bda169ed91f8/_tmp_space.db
]]></system-err>
  </testcase>
  <testcase name="testStoreWithNoSchema[0]" classname="org.apache.hive.hcatalog.pig.TestHCatStorer" time="0">
    <skipped message="got: &lt;false&gt;, expected: is &lt;true&gt;"/>
    <system-err><![CDATA[2024-04-24T10:28:11,616  WARN [main] conf.HiveConf: HiveConf of name hive.metastore.client.cache.maxSize does not exist
2024-04-24T10:28:11,616  WARN [main] conf.HiveConf: HiveConf of name hive.llap.io.cache.orc.arena.size does not exist
2024-04-24T10:28:11,616  WARN [main] conf.HiveConf: HiveConf of name hive.dummyparam.test.server.specific.config.hivesite does not exist
2024-04-24T10:28:11,616  WARN [main] conf.HiveConf: HiveConf of name hive.dummyparam.test.server.specific.config.metastoresite does not exist
2024-04-24T10:28:11,616  WARN [main] conf.HiveConf: HiveConf of name hive.llap.io.cache.orc.alloc.max does not exist
2024-04-24T10:28:11,616  WARN [main] conf.HiveConf: HiveConf of name hive.metastore.client.cache.recordStats does not exist
2024-04-24T10:28:11,616  WARN [main] conf.HiveConf: HiveConf of name hive.stats.key.prefix.reserve.length does not exist
2024-04-24T10:28:11,616  WARN [main] conf.HiveConf: HiveConf of name hive.metastore.metadb.dir does not exist
2024-04-24T10:28:11,617  WARN [main] conf.HiveConf: HiveConf of name hive.llap.io.cache.orc.size does not exist
2024-04-24T10:28:11,617  WARN [main] conf.HiveConf: HiveConf of name hive.llap.io.cache.orc.alloc.min does not exist
2024-04-24T10:28:11,617  WARN [main] conf.HiveConf: HiveConf of name hive.dummyparam.test.server.specific.config.override does not exist
2024-04-24T10:28:11,618  INFO [main] metastore.HiveMetaStoreClient: HMS client filtering is enabled.
2024-04-24T10:28:11,619  INFO [main] metastore.PersistenceManagerProvider: Configuration datanucleus.autoStartMechanismMode is not set. Defaulting to 'ignored'
2024-04-24T10:28:11,619  INFO [main] metastore.ObjectStore: RawStore: org.apache.hadoop.hive.metastore.ObjectStore@338cc75f, with PersistenceManager: org.datanucleus.api.jdo.JDOPersistenceManager@4c176ff1 will be shutdown
2024-04-24T10:28:11,619  INFO [main] metastore.ObjectStore: RawStore: org.apache.hadoop.hive.metastore.ObjectStore@338cc75f, with PersistenceManager: org.datanucleus.api.jdo.JDOPersistenceManager@267891bf created in the thread with id: 1
2024-04-24T10:28:11,623  INFO [main] metastore.HMSHandler: HMS server filtering is disabled by configuration
Hive Session ID = 960ed801-f035-483b-b7d0-1bd59cb93bbe
2024-04-24T10:28:11,623  INFO [main] SessionState: Hive Session ID = 960ed801-f035-483b-b7d0-1bd59cb93bbe
ivysettings.xml file not found in HIVE_HOME or HIVE_CONF_DIR,file:/home/alex/.m2/repository/org/apache/pig/pig/0.16.0/pig-0.16.0-h2.jar!/ivysettings.xml will be used
2024-04-24T10:28:11,624  INFO [main] DependencyResolver: ivysettings.xml file not found in HIVE_HOME or HIVE_CONF_DIR,file:/home/alex/.m2/repository/org/apache/pig/pig/0.16.0/pig-0.16.0-h2.jar!/ivysettings.xml will be used
2024-04-24T10:28:11,629  INFO [main] session.SessionState: Created HDFS directory: /home/alex/Repositories/hive/hcatalog/hcatalog-pig-adapter/target/tmp/scratchdir/alex/960ed801-f035-483b-b7d0-1bd59cb93bbe
2024-04-24T10:28:11,632  INFO [main] session.SessionState: Created local directory: /home/alex/Repositories/hive/hcatalog/hcatalog-pig-adapter/target/tmp/localscratchdir/960ed801-f035-483b-b7d0-1bd59cb93bbe
2024-04-24T10:28:11,634  INFO [main] session.SessionState: Created HDFS directory: /home/alex/Repositories/hive/hcatalog/hcatalog-pig-adapter/target/tmp/scratchdir/alex/960ed801-f035-483b-b7d0-1bd59cb93bbe/_tmp_space.db
]]></system-err>
  </testcase>
  <testcase name="testNoAlias[0]" classname="org.apache.hive.hcatalog.pig.TestHCatStorer" time="0">
    <skipped message="got: &lt;false&gt;, expected: is &lt;true&gt;"/>
    <system-err><![CDATA[2024-04-24T10:28:11,666  WARN [main] conf.HiveConf: HiveConf of name hive.dummyparam.test.server.specific.config.override does not exist
2024-04-24T10:28:11,667  WARN [main] conf.HiveConf: HiveConf of name hive.metastore.client.cache.recordStats does not exist
2024-04-24T10:28:11,667  WARN [main] conf.HiveConf: HiveConf of name hive.stats.key.prefix.reserve.length does not exist
2024-04-24T10:28:11,667  WARN [main] conf.HiveConf: HiveConf of name hive.metastore.client.cache.maxSize does not exist
2024-04-24T10:28:11,667  WARN [main] conf.HiveConf: HiveConf of name hive.dummyparam.test.server.specific.config.metastoresite does not exist
2024-04-24T10:28:11,667  WARN [main] conf.HiveConf: HiveConf of name hive.dummyparam.test.server.specific.config.hivesite does not exist
2024-04-24T10:28:11,667  WARN [main] conf.HiveConf: HiveConf of name hive.llap.io.cache.orc.alloc.max does not exist
2024-04-24T10:28:11,667  WARN [main] conf.HiveConf: HiveConf of name hive.llap.io.cache.orc.size does not exist
2024-04-24T10:28:11,667  WARN [main] conf.HiveConf: HiveConf of name hive.metastore.metadb.dir does not exist
2024-04-24T10:28:11,667  WARN [main] conf.HiveConf: HiveConf of name hive.llap.io.cache.orc.arena.size does not exist
2024-04-24T10:28:11,667  WARN [main] conf.HiveConf: HiveConf of name hive.llap.io.cache.orc.alloc.min does not exist
2024-04-24T10:28:11,669  INFO [main] metastore.HiveMetaStoreClient: HMS client filtering is enabled.
2024-04-24T10:28:11,669  INFO [main] metastore.PersistenceManagerProvider: Configuration datanucleus.autoStartMechanismMode is not set. Defaulting to 'ignored'
2024-04-24T10:28:11,670  INFO [main] metastore.ObjectStore: RawStore: org.apache.hadoop.hive.metastore.ObjectStore@338cc75f, with PersistenceManager: org.datanucleus.api.jdo.JDOPersistenceManager@267891bf will be shutdown
2024-04-24T10:28:11,670  INFO [main] metastore.ObjectStore: RawStore: org.apache.hadoop.hive.metastore.ObjectStore@338cc75f, with PersistenceManager: org.datanucleus.api.jdo.JDOPersistenceManager@935d3f9 created in the thread with id: 1
2024-04-24T10:28:11,674  INFO [main] metastore.HMSHandler: HMS server filtering is disabled by configuration
Hive Session ID = cd38b665-54c3-45d4-89f2-a400e55f7ea7
2024-04-24T10:28:11,674  INFO [main] SessionState: Hive Session ID = cd38b665-54c3-45d4-89f2-a400e55f7ea7
ivysettings.xml file not found in HIVE_HOME or HIVE_CONF_DIR,file:/home/alex/.m2/repository/org/apache/pig/pig/0.16.0/pig-0.16.0-h2.jar!/ivysettings.xml will be used
2024-04-24T10:28:11,674  INFO [main] DependencyResolver: ivysettings.xml file not found in HIVE_HOME or HIVE_CONF_DIR,file:/home/alex/.m2/repository/org/apache/pig/pig/0.16.0/pig-0.16.0-h2.jar!/ivysettings.xml will be used
2024-04-24T10:28:11,680  INFO [main] session.SessionState: Created HDFS directory: /home/alex/Repositories/hive/hcatalog/hcatalog-pig-adapter/target/tmp/scratchdir/alex/cd38b665-54c3-45d4-89f2-a400e55f7ea7
2024-04-24T10:28:11,683  INFO [main] session.SessionState: Created local directory: /home/alex/Repositories/hive/hcatalog/hcatalog-pig-adapter/target/tmp/localscratchdir/cd38b665-54c3-45d4-89f2-a400e55f7ea7
2024-04-24T10:28:11,685  INFO [main] session.SessionState: Created HDFS directory: /home/alex/Repositories/hive/hcatalog/hcatalog-pig-adapter/target/tmp/scratchdir/alex/cd38b665-54c3-45d4-89f2-a400e55f7ea7/_tmp_space.db
]]></system-err>
  </testcase>
  <testcase name="testWriteTimestamp[0]" classname="org.apache.hive.hcatalog.pig.TestHCatStorer" time="0">
    <skipped message="got: &lt;false&gt;, expected: is &lt;true&gt;"/>
    <system-err><![CDATA[2024-04-24T10:28:11,717  WARN [main] conf.HiveConf: HiveConf of name hive.llap.io.cache.orc.alloc.max does not exist
2024-04-24T10:28:11,717  WARN [main] conf.HiveConf: HiveConf of name hive.llap.io.cache.orc.size does not exist
2024-04-24T10:28:11,717  WARN [main] conf.HiveConf: HiveConf of name hive.dummyparam.test.server.specific.config.hivesite does not exist
2024-04-24T10:28:11,717  WARN [main] conf.HiveConf: HiveConf of name hive.llap.io.cache.orc.arena.size does not exist
2024-04-24T10:28:11,718  WARN [main] conf.HiveConf: HiveConf of name hive.llap.io.cache.orc.alloc.min does not exist
2024-04-24T10:28:11,718  WARN [main] conf.HiveConf: HiveConf of name hive.metastore.client.cache.maxSize does not exist
2024-04-24T10:28:11,718  WARN [main] conf.HiveConf: HiveConf of name hive.metastore.client.cache.recordStats does not exist
2024-04-24T10:28:11,718  WARN [main] conf.HiveConf: HiveConf of name hive.dummyparam.test.server.specific.config.override does not exist
2024-04-24T10:28:11,718  WARN [main] conf.HiveConf: HiveConf of name hive.metastore.metadb.dir does not exist
2024-04-24T10:28:11,718  WARN [main] conf.HiveConf: HiveConf of name hive.dummyparam.test.server.specific.config.metastoresite does not exist
2024-04-24T10:28:11,718  WARN [main] conf.HiveConf: HiveConf of name hive.stats.key.prefix.reserve.length does not exist
2024-04-24T10:28:11,720  INFO [main] metastore.HiveMetaStoreClient: HMS client filtering is enabled.
2024-04-24T10:28:11,720  INFO [main] metastore.PersistenceManagerProvider: Configuration datanucleus.autoStartMechanismMode is not set. Defaulting to 'ignored'
2024-04-24T10:28:11,721  INFO [main] metastore.ObjectStore: RawStore: org.apache.hadoop.hive.metastore.ObjectStore@338cc75f, with PersistenceManager: org.datanucleus.api.jdo.JDOPersistenceManager@935d3f9 will be shutdown
2024-04-24T10:28:11,721  INFO [main] metastore.ObjectStore: RawStore: org.apache.hadoop.hive.metastore.ObjectStore@338cc75f, with PersistenceManager: org.datanucleus.api.jdo.JDOPersistenceManager@374c3975 created in the thread with id: 1
2024-04-24T10:28:11,725  INFO [main] metastore.HMSHandler: HMS server filtering is disabled by configuration
Hive Session ID = 501ce316-62b4-43e1-b683-6754de537cbc
2024-04-24T10:28:11,726  INFO [main] SessionState: Hive Session ID = 501ce316-62b4-43e1-b683-6754de537cbc
ivysettings.xml file not found in HIVE_HOME or HIVE_CONF_DIR,file:/home/alex/.m2/repository/org/apache/pig/pig/0.16.0/pig-0.16.0-h2.jar!/ivysettings.xml will be used
2024-04-24T10:28:11,726  INFO [main] DependencyResolver: ivysettings.xml file not found in HIVE_HOME or HIVE_CONF_DIR,file:/home/alex/.m2/repository/org/apache/pig/pig/0.16.0/pig-0.16.0-h2.jar!/ivysettings.xml will be used
2024-04-24T10:28:11,731  INFO [main] session.SessionState: Created HDFS directory: /home/alex/Repositories/hive/hcatalog/hcatalog-pig-adapter/target/tmp/scratchdir/alex/501ce316-62b4-43e1-b683-6754de537cbc
2024-04-24T10:28:11,734  INFO [main] session.SessionState: Created local directory: /home/alex/Repositories/hive/hcatalog/hcatalog-pig-adapter/target/tmp/localscratchdir/501ce316-62b4-43e1-b683-6754de537cbc
2024-04-24T10:28:11,736  INFO [main] session.SessionState: Created HDFS directory: /home/alex/Repositories/hive/hcatalog/hcatalog-pig-adapter/target/tmp/scratchdir/alex/501ce316-62b4-43e1-b683-6754de537cbc/_tmp_space.db
]]></system-err>
  </testcase>
  <testcase name="testWriteDecimalXY[0]" classname="org.apache.hive.hcatalog.pig.TestHCatStorer" time="0">
    <skipped message="got: &lt;false&gt;, expected: is &lt;true&gt;"/>
    <system-err><![CDATA[2024-04-24T10:28:11,769  WARN [main] conf.HiveConf: HiveConf of name hive.llap.io.cache.orc.size does not exist
2024-04-24T10:28:11,769  WARN [main] conf.HiveConf: HiveConf of name hive.metastore.client.cache.maxSize does not exist
2024-04-24T10:28:11,769  WARN [main] conf.HiveConf: HiveConf of name hive.stats.key.prefix.reserve.length does not exist
2024-04-24T10:28:11,769  WARN [main] conf.HiveConf: HiveConf of name hive.llap.io.cache.orc.alloc.min does not exist
2024-04-24T10:28:11,769  WARN [main] conf.HiveConf: HiveConf of name hive.llap.io.cache.orc.alloc.max does not exist
2024-04-24T10:28:11,769  WARN [main] conf.HiveConf: HiveConf of name hive.dummyparam.test.server.specific.config.override does not exist
2024-04-24T10:28:11,769  WARN [main] conf.HiveConf: HiveConf of name hive.dummyparam.test.server.specific.config.metastoresite does not exist
2024-04-24T10:28:11,769  WARN [main] conf.HiveConf: HiveConf of name hive.dummyparam.test.server.specific.config.hivesite does not exist
2024-04-24T10:28:11,769  WARN [main] conf.HiveConf: HiveConf of name hive.metastore.client.cache.recordStats does not exist
2024-04-24T10:28:11,769  WARN [main] conf.HiveConf: HiveConf of name hive.llap.io.cache.orc.arena.size does not exist
2024-04-24T10:28:11,769  WARN [main] conf.HiveConf: HiveConf of name hive.metastore.metadb.dir does not exist
2024-04-24T10:28:11,771  INFO [main] metastore.HiveMetaStoreClient: HMS client filtering is enabled.
2024-04-24T10:28:11,771  INFO [main] metastore.PersistenceManagerProvider: Configuration datanucleus.autoStartMechanismMode is not set. Defaulting to 'ignored'
2024-04-24T10:28:11,772  INFO [main] metastore.ObjectStore: RawStore: org.apache.hadoop.hive.metastore.ObjectStore@338cc75f, with PersistenceManager: org.datanucleus.api.jdo.JDOPersistenceManager@374c3975 will be shutdown
2024-04-24T10:28:11,772  INFO [main] metastore.ObjectStore: RawStore: org.apache.hadoop.hive.metastore.ObjectStore@338cc75f, with PersistenceManager: org.datanucleus.api.jdo.JDOPersistenceManager@51424203 created in the thread with id: 1
2024-04-24T10:28:11,776  INFO [main] metastore.HMSHandler: HMS server filtering is disabled by configuration
Hive Session ID = f7590407-beab-47c9-912f-8694c4ce8ff2
2024-04-24T10:28:11,776  INFO [main] SessionState: Hive Session ID = f7590407-beab-47c9-912f-8694c4ce8ff2
ivysettings.xml file not found in HIVE_HOME or HIVE_CONF_DIR,file:/home/alex/.m2/repository/org/apache/pig/pig/0.16.0/pig-0.16.0-h2.jar!/ivysettings.xml will be used
2024-04-24T10:28:11,777  INFO [main] DependencyResolver: ivysettings.xml file not found in HIVE_HOME or HIVE_CONF_DIR,file:/home/alex/.m2/repository/org/apache/pig/pig/0.16.0/pig-0.16.0-h2.jar!/ivysettings.xml will be used
2024-04-24T10:28:11,783  INFO [main] session.SessionState: Created HDFS directory: /home/alex/Repositories/hive/hcatalog/hcatalog-pig-adapter/target/tmp/scratchdir/alex/f7590407-beab-47c9-912f-8694c4ce8ff2
2024-04-24T10:28:11,785  INFO [main] session.SessionState: Created local directory: /home/alex/Repositories/hive/hcatalog/hcatalog-pig-adapter/target/tmp/localscratchdir/f7590407-beab-47c9-912f-8694c4ce8ff2
2024-04-24T10:28:11,788  INFO [main] session.SessionState: Created HDFS directory: /home/alex/Repositories/hive/hcatalog/hcatalog-pig-adapter/target/tmp/scratchdir/alex/f7590407-beab-47c9-912f-8694c4ce8ff2/_tmp_space.db
]]></system-err>
  </testcase>
  <testcase name="testStoreFuncSimple[0]" classname="org.apache.hive.hcatalog.pig.TestHCatStorer" time="0">
    <skipped message="got: &lt;false&gt;, expected: is &lt;true&gt;"/>
    <system-err><![CDATA[2024-04-24T10:28:11,824  WARN [main] conf.HiveConf: HiveConf of name hive.llap.io.cache.orc.alloc.max does not exist
2024-04-24T10:28:11,824  WARN [main] conf.HiveConf: HiveConf of name hive.dummyparam.test.server.specific.config.override does not exist
2024-04-24T10:28:11,824  WARN [main] conf.HiveConf: HiveConf of name hive.llap.io.cache.orc.alloc.min does not exist
2024-04-24T10:28:11,824  WARN [main] conf.HiveConf: HiveConf of name hive.metastore.metadb.dir does not exist
2024-04-24T10:28:11,824  WARN [main] conf.HiveConf: HiveConf of name hive.stats.key.prefix.reserve.length does not exist
2024-04-24T10:28:11,824  WARN [main] conf.HiveConf: HiveConf of name hive.metastore.client.cache.recordStats does not exist
2024-04-24T10:28:11,824  WARN [main] conf.HiveConf: HiveConf of name hive.llap.io.cache.orc.size does not exist
2024-04-24T10:28:11,824  WARN [main] conf.HiveConf: HiveConf of name hive.llap.io.cache.orc.arena.size does not exist
2024-04-24T10:28:11,825  WARN [main] conf.HiveConf: HiveConf of name hive.dummyparam.test.server.specific.config.hivesite does not exist
2024-04-24T10:28:11,825  WARN [main] conf.HiveConf: HiveConf of name hive.dummyparam.test.server.specific.config.metastoresite does not exist
2024-04-24T10:28:11,825  WARN [main] conf.HiveConf: HiveConf of name hive.metastore.client.cache.maxSize does not exist
2024-04-24T10:28:11,826  INFO [main] metastore.HiveMetaStoreClient: HMS client filtering is enabled.
2024-04-24T10:28:11,826  INFO [main] metastore.PersistenceManagerProvider: Configuration datanucleus.autoStartMechanismMode is not set. Defaulting to 'ignored'
2024-04-24T10:28:11,827  INFO [main] metastore.ObjectStore: RawStore: org.apache.hadoop.hive.metastore.ObjectStore@338cc75f, with PersistenceManager: org.datanucleus.api.jdo.JDOPersistenceManager@51424203 will be shutdown
2024-04-24T10:28:11,827  INFO [main] metastore.ObjectStore: RawStore: org.apache.hadoop.hive.metastore.ObjectStore@338cc75f, with PersistenceManager: org.datanucleus.api.jdo.JDOPersistenceManager@722787b5 created in the thread with id: 1
2024-04-24T10:28:11,831  INFO [main] metastore.HMSHandler: HMS server filtering is disabled by configuration
Hive Session ID = 1c101ddb-89f7-44f4-a86c-33b8e94a6256
2024-04-24T10:28:11,831  INFO [main] SessionState: Hive Session ID = 1c101ddb-89f7-44f4-a86c-33b8e94a6256
ivysettings.xml file not found in HIVE_HOME or HIVE_CONF_DIR,file:/home/alex/.m2/repository/org/apache/pig/pig/0.16.0/pig-0.16.0-h2.jar!/ivysettings.xml will be used
2024-04-24T10:28:11,831  INFO [main] DependencyResolver: ivysettings.xml file not found in HIVE_HOME or HIVE_CONF_DIR,file:/home/alex/.m2/repository/org/apache/pig/pig/0.16.0/pig-0.16.0-h2.jar!/ivysettings.xml will be used
2024-04-24T10:28:11,837  INFO [main] session.SessionState: Created HDFS directory: /home/alex/Repositories/hive/hcatalog/hcatalog-pig-adapter/target/tmp/scratchdir/alex/1c101ddb-89f7-44f4-a86c-33b8e94a6256
2024-04-24T10:28:11,840  INFO [main] session.SessionState: Created local directory: /home/alex/Repositories/hive/hcatalog/hcatalog-pig-adapter/target/tmp/localscratchdir/1c101ddb-89f7-44f4-a86c-33b8e94a6256
2024-04-24T10:28:11,842  INFO [main] session.SessionState: Created HDFS directory: /home/alex/Repositories/hive/hcatalog/hcatalog-pig-adapter/target/tmp/scratchdir/alex/1c101ddb-89f7-44f4-a86c-33b8e94a6256/_tmp_space.db
]]></system-err>
  </testcase>
  <testcase name="testDynamicPartitioningMultiPartColsInDataNoSpec[1]" classname="org.apache.hive.hcatalog.pig.TestHCatStorer" time="0">
    <skipped message="got: &lt;false&gt;, expected: is &lt;true&gt;"/>
    <system-err><![CDATA[2024-04-24T10:28:11,878  WARN [main] conf.HiveConf: HiveConf of name hive.llap.io.cache.orc.alloc.max does not exist
2024-04-24T10:28:11,878  WARN [main] conf.HiveConf: HiveConf of name hive.dummyparam.test.server.specific.config.hivesite does not exist
2024-04-24T10:28:11,878  WARN [main] conf.HiveConf: HiveConf of name hive.dummyparam.test.server.specific.config.metastoresite does not exist
2024-04-24T10:28:11,878  WARN [main] conf.HiveConf: HiveConf of name hive.metastore.metadb.dir does not exist
2024-04-24T10:28:11,878  WARN [main] conf.HiveConf: HiveConf of name hive.llap.io.cache.orc.alloc.min does not exist
2024-04-24T10:28:11,878  WARN [main] conf.HiveConf: HiveConf of name hive.stats.key.prefix.reserve.length does not exist
2024-04-24T10:28:11,878  WARN [main] conf.HiveConf: HiveConf of name hive.metastore.client.cache.recordStats does not exist
2024-04-24T10:28:11,878  WARN [main] conf.HiveConf: HiveConf of name hive.llap.io.cache.orc.arena.size does not exist
2024-04-24T10:28:11,878  WARN [main] conf.HiveConf: HiveConf of name hive.metastore.client.cache.maxSize does not exist
2024-04-24T10:28:11,878  WARN [main] conf.HiveConf: HiveConf of name hive.llap.io.cache.orc.size does not exist
2024-04-24T10:28:11,878  WARN [main] conf.HiveConf: HiveConf of name hive.dummyparam.test.server.specific.config.override does not exist
2024-04-24T10:28:11,880  INFO [main] metastore.HiveMetaStoreClient: HMS client filtering is enabled.
2024-04-24T10:28:11,880  INFO [main] metastore.PersistenceManagerProvider: Configuration datanucleus.autoStartMechanismMode is not set. Defaulting to 'ignored'
2024-04-24T10:28:11,881  INFO [main] metastore.ObjectStore: RawStore: org.apache.hadoop.hive.metastore.ObjectStore@338cc75f, with PersistenceManager: org.datanucleus.api.jdo.JDOPersistenceManager@722787b5 will be shutdown
2024-04-24T10:28:11,881  INFO [main] metastore.ObjectStore: RawStore: org.apache.hadoop.hive.metastore.ObjectStore@338cc75f, with PersistenceManager: org.datanucleus.api.jdo.JDOPersistenceManager@3e52ed5d created in the thread with id: 1
2024-04-24T10:28:11,886  INFO [main] metastore.HMSHandler: HMS server filtering is disabled by configuration
Hive Session ID = 0b93dae9-aaa7-4956-b2bc-9d16519c8cef
2024-04-24T10:28:11,886  INFO [main] SessionState: Hive Session ID = 0b93dae9-aaa7-4956-b2bc-9d16519c8cef
ivysettings.xml file not found in HIVE_HOME or HIVE_CONF_DIR,file:/home/alex/.m2/repository/org/apache/pig/pig/0.16.0/pig-0.16.0-h2.jar!/ivysettings.xml will be used
2024-04-24T10:28:11,886  INFO [main] DependencyResolver: ivysettings.xml file not found in HIVE_HOME or HIVE_CONF_DIR,file:/home/alex/.m2/repository/org/apache/pig/pig/0.16.0/pig-0.16.0-h2.jar!/ivysettings.xml will be used
2024-04-24T10:28:11,892  INFO [main] session.SessionState: Created HDFS directory: /home/alex/Repositories/hive/hcatalog/hcatalog-pig-adapter/target/tmp/scratchdir/alex/0b93dae9-aaa7-4956-b2bc-9d16519c8cef
2024-04-24T10:28:11,895  INFO [main] session.SessionState: Created local directory: /home/alex/Repositories/hive/hcatalog/hcatalog-pig-adapter/target/tmp/localscratchdir/0b93dae9-aaa7-4956-b2bc-9d16519c8cef
2024-04-24T10:28:11,897  INFO [main] session.SessionState: Created HDFS directory: /home/alex/Repositories/hive/hcatalog/hcatalog-pig-adapter/target/tmp/scratchdir/alex/0b93dae9-aaa7-4956-b2bc-9d16519c8cef/_tmp_space.db
]]></system-err>
  </testcase>
  <testcase name="testWriteTinyint[1]" classname="org.apache.hive.hcatalog.pig.TestHCatStorer" time="0">
    <skipped message="got: &lt;false&gt;, expected: is &lt;true&gt;"/>
    <system-err><![CDATA[2024-04-24T10:28:11,931  WARN [main] conf.HiveConf: HiveConf of name hive.metastore.client.cache.recordStats does not exist
2024-04-24T10:28:11,931  WARN [main] conf.HiveConf: HiveConf of name hive.dummyparam.test.server.specific.config.override does not exist
2024-04-24T10:28:11,931  WARN [main] conf.HiveConf: HiveConf of name hive.metastore.client.cache.maxSize does not exist
2024-04-24T10:28:11,931  WARN [main] conf.HiveConf: HiveConf of name hive.metastore.metadb.dir does not exist
2024-04-24T10:28:11,931  WARN [main] conf.HiveConf: HiveConf of name hive.dummyparam.test.server.specific.config.hivesite does not exist
2024-04-24T10:28:11,931  WARN [main] conf.HiveConf: HiveConf of name hive.llap.io.cache.orc.alloc.max does not exist
2024-04-24T10:28:11,931  WARN [main] conf.HiveConf: HiveConf of name hive.llap.io.cache.orc.size does not exist
2024-04-24T10:28:11,931  WARN [main] conf.HiveConf: HiveConf of name hive.dummyparam.test.server.specific.config.metastoresite does not exist
2024-04-24T10:28:11,931  WARN [main] conf.HiveConf: HiveConf of name hive.llap.io.cache.orc.arena.size does not exist
2024-04-24T10:28:11,931  WARN [main] conf.HiveConf: HiveConf of name hive.llap.io.cache.orc.alloc.min does not exist
2024-04-24T10:28:11,931  WARN [main] conf.HiveConf: HiveConf of name hive.stats.key.prefix.reserve.length does not exist
2024-04-24T10:28:11,934  INFO [main] metastore.HiveMetaStoreClient: HMS client filtering is enabled.
2024-04-24T10:28:11,934  INFO [main] metastore.PersistenceManagerProvider: Configuration datanucleus.autoStartMechanismMode is not set. Defaulting to 'ignored'
2024-04-24T10:28:11,934  INFO [main] metastore.ObjectStore: RawStore: org.apache.hadoop.hive.metastore.ObjectStore@338cc75f, with PersistenceManager: org.datanucleus.api.jdo.JDOPersistenceManager@3e52ed5d will be shutdown
2024-04-24T10:28:11,934  INFO [main] metastore.ObjectStore: RawStore: org.apache.hadoop.hive.metastore.ObjectStore@338cc75f, with PersistenceManager: org.datanucleus.api.jdo.JDOPersistenceManager@474e34e4 created in the thread with id: 1
2024-04-24T10:28:11,948  INFO [main] metastore.HMSHandler: HMS server filtering is disabled by configuration
Hive Session ID = 793597f7-a1a6-4db8-9790-f57902e36698
2024-04-24T10:28:11,949  INFO [main] SessionState: Hive Session ID = 793597f7-a1a6-4db8-9790-f57902e36698
ivysettings.xml file not found in HIVE_HOME or HIVE_CONF_DIR,file:/home/alex/.m2/repository/org/apache/pig/pig/0.16.0/pig-0.16.0-h2.jar!/ivysettings.xml will be used
2024-04-24T10:28:11,949  INFO [main] DependencyResolver: ivysettings.xml file not found in HIVE_HOME or HIVE_CONF_DIR,file:/home/alex/.m2/repository/org/apache/pig/pig/0.16.0/pig-0.16.0-h2.jar!/ivysettings.xml will be used
2024-04-24T10:28:11,954  INFO [main] session.SessionState: Created HDFS directory: /home/alex/Repositories/hive/hcatalog/hcatalog-pig-adapter/target/tmp/scratchdir/alex/793597f7-a1a6-4db8-9790-f57902e36698
2024-04-24T10:28:11,957  INFO [main] session.SessionState: Created local directory: /home/alex/Repositories/hive/hcatalog/hcatalog-pig-adapter/target/tmp/localscratchdir/793597f7-a1a6-4db8-9790-f57902e36698
2024-04-24T10:28:11,959  INFO [main] session.SessionState: Created HDFS directory: /home/alex/Repositories/hive/hcatalog/hcatalog-pig-adapter/target/tmp/scratchdir/alex/793597f7-a1a6-4db8-9790-f57902e36698/_tmp_space.db
]]></system-err>
  </testcase>
  <testcase name="testEmptyStore[1]" classname="org.apache.hive.hcatalog.pig.TestHCatStorer" time="0">
    <skipped message="got: &lt;false&gt;, expected: is &lt;true&gt;"/>
    <system-err><![CDATA[2024-04-24T10:28:11,992  WARN [main] conf.HiveConf: HiveConf of name hive.llap.io.cache.orc.alloc.max does not exist
2024-04-24T10:28:11,992  WARN [main] conf.HiveConf: HiveConf of name hive.dummyparam.test.server.specific.config.hivesite does not exist
2024-04-24T10:28:11,992  WARN [main] conf.HiveConf: HiveConf of name hive.llap.io.cache.orc.size does not exist
2024-04-24T10:28:11,992  WARN [main] conf.HiveConf: HiveConf of name hive.llap.io.cache.orc.arena.size does not exist
2024-04-24T10:28:11,992  WARN [main] conf.HiveConf: HiveConf of name hive.metastore.client.cache.maxSize does not exist
2024-04-24T10:28:11,992  WARN [main] conf.HiveConf: HiveConf of name hive.dummyparam.test.server.specific.config.metastoresite does not exist
2024-04-24T10:28:11,992  WARN [main] conf.HiveConf: HiveConf of name hive.stats.key.prefix.reserve.length does not exist
2024-04-24T10:28:11,993  WARN [main] conf.HiveConf: HiveConf of name hive.metastore.metadb.dir does not exist
2024-04-24T10:28:11,993  WARN [main] conf.HiveConf: HiveConf of name hive.metastore.client.cache.recordStats does not exist
2024-04-24T10:28:11,993  WARN [main] conf.HiveConf: HiveConf of name hive.dummyparam.test.server.specific.config.override does not exist
2024-04-24T10:28:11,993  WARN [main] conf.HiveConf: HiveConf of name hive.llap.io.cache.orc.alloc.min does not exist
2024-04-24T10:28:11,995  INFO [main] metastore.HiveMetaStoreClient: HMS client filtering is enabled.
2024-04-24T10:28:11,995  INFO [main] metastore.PersistenceManagerProvider: Configuration datanucleus.autoStartMechanismMode is not set. Defaulting to 'ignored'
2024-04-24T10:28:11,995  INFO [main] metastore.ObjectStore: RawStore: org.apache.hadoop.hive.metastore.ObjectStore@338cc75f, with PersistenceManager: org.datanucleus.api.jdo.JDOPersistenceManager@474e34e4 will be shutdown
2024-04-24T10:28:11,996  INFO [main] metastore.ObjectStore: RawStore: org.apache.hadoop.hive.metastore.ObjectStore@338cc75f, with PersistenceManager: org.datanucleus.api.jdo.JDOPersistenceManager@1fc0d9b4 created in the thread with id: 1
2024-04-24T10:28:12,000  INFO [main] metastore.HMSHandler: HMS server filtering is disabled by configuration
Hive Session ID = 4ed1eb60-6319-45ff-a21e-03e1400842b2
2024-04-24T10:28:12,000  INFO [main] SessionState: Hive Session ID = 4ed1eb60-6319-45ff-a21e-03e1400842b2
ivysettings.xml file not found in HIVE_HOME or HIVE_CONF_DIR,file:/home/alex/.m2/repository/org/apache/pig/pig/0.16.0/pig-0.16.0-h2.jar!/ivysettings.xml will be used
2024-04-24T10:28:12,000  INFO [main] DependencyResolver: ivysettings.xml file not found in HIVE_HOME or HIVE_CONF_DIR,file:/home/alex/.m2/repository/org/apache/pig/pig/0.16.0/pig-0.16.0-h2.jar!/ivysettings.xml will be used
2024-04-24T10:28:12,006  INFO [main] session.SessionState: Created HDFS directory: /home/alex/Repositories/hive/hcatalog/hcatalog-pig-adapter/target/tmp/scratchdir/alex/4ed1eb60-6319-45ff-a21e-03e1400842b2
2024-04-24T10:28:12,009  INFO [main] session.SessionState: Created local directory: /home/alex/Repositories/hive/hcatalog/hcatalog-pig-adapter/target/tmp/localscratchdir/4ed1eb60-6319-45ff-a21e-03e1400842b2
2024-04-24T10:28:12,011  INFO [main] session.SessionState: Created HDFS directory: /home/alex/Repositories/hive/hcatalog/hcatalog-pig-adapter/target/tmp/scratchdir/alex/4ed1eb60-6319-45ff-a21e-03e1400842b2/_tmp_space.db
]]></system-err>
  </testcase>
  <testcase name="testStoreFuncAllSimpleTypes[1]" classname="org.apache.hive.hcatalog.pig.TestHCatStorer" time="0">
    <skipped message="got: &lt;false&gt;, expected: is &lt;true&gt;"/>
    <system-err><![CDATA[2024-04-24T10:28:12,042  WARN [main] conf.HiveConf: HiveConf of name hive.metastore.metadb.dir does not exist
2024-04-24T10:28:12,042  WARN [main] conf.HiveConf: HiveConf of name hive.llap.io.cache.orc.alloc.max does not exist
2024-04-24T10:28:12,043  WARN [main] conf.HiveConf: HiveConf of name hive.metastore.client.cache.maxSize does not exist
2024-04-24T10:28:12,043  WARN [main] conf.HiveConf: HiveConf of name hive.metastore.client.cache.recordStats does not exist
2024-04-24T10:28:12,043  WARN [main] conf.HiveConf: HiveConf of name hive.dummyparam.test.server.specific.config.hivesite does not exist
2024-04-24T10:28:12,043  WARN [main] conf.HiveConf: HiveConf of name hive.llap.io.cache.orc.alloc.min does not exist
2024-04-24T10:28:12,043  WARN [main] conf.HiveConf: HiveConf of name hive.dummyparam.test.server.specific.config.override does not exist
2024-04-24T10:28:12,043  WARN [main] conf.HiveConf: HiveConf of name hive.llap.io.cache.orc.arena.size does not exist
2024-04-24T10:28:12,043  WARN [main] conf.HiveConf: HiveConf of name hive.dummyparam.test.server.specific.config.metastoresite does not exist
2024-04-24T10:28:12,043  WARN [main] conf.HiveConf: HiveConf of name hive.llap.io.cache.orc.size does not exist
2024-04-24T10:28:12,043  WARN [main] conf.HiveConf: HiveConf of name hive.stats.key.prefix.reserve.length does not exist
2024-04-24T10:28:12,045  INFO [main] metastore.HiveMetaStoreClient: HMS client filtering is enabled.
2024-04-24T10:28:12,045  INFO [main] metastore.PersistenceManagerProvider: Configuration datanucleus.autoStartMechanismMode is not set. Defaulting to 'ignored'
2024-04-24T10:28:12,046  INFO [main] metastore.ObjectStore: RawStore: org.apache.hadoop.hive.metastore.ObjectStore@338cc75f, with PersistenceManager: org.datanucleus.api.jdo.JDOPersistenceManager@1fc0d9b4 will be shutdown
2024-04-24T10:28:12,047  INFO [main] metastore.ObjectStore: RawStore: org.apache.hadoop.hive.metastore.ObjectStore@338cc75f, with PersistenceManager: org.datanucleus.api.jdo.JDOPersistenceManager@21be14c2 created in the thread with id: 1
2024-04-24T10:28:12,051  INFO [main] metastore.HMSHandler: HMS server filtering is disabled by configuration
Hive Session ID = 93db1c51-76ba-4b00-8afb-89b8a38c7ac9
2024-04-24T10:28:12,051  INFO [main] SessionState: Hive Session ID = 93db1c51-76ba-4b00-8afb-89b8a38c7ac9
ivysettings.xml file not found in HIVE_HOME or HIVE_CONF_DIR,file:/home/alex/.m2/repository/org/apache/pig/pig/0.16.0/pig-0.16.0-h2.jar!/ivysettings.xml will be used
2024-04-24T10:28:12,052  INFO [main] DependencyResolver: ivysettings.xml file not found in HIVE_HOME or HIVE_CONF_DIR,file:/home/alex/.m2/repository/org/apache/pig/pig/0.16.0/pig-0.16.0-h2.jar!/ivysettings.xml will be used
2024-04-24T10:28:12,057  INFO [main] session.SessionState: Created HDFS directory: /home/alex/Repositories/hive/hcatalog/hcatalog-pig-adapter/target/tmp/scratchdir/alex/93db1c51-76ba-4b00-8afb-89b8a38c7ac9
2024-04-24T10:28:12,060  INFO [main] session.SessionState: Created local directory: /home/alex/Repositories/hive/hcatalog/hcatalog-pig-adapter/target/tmp/localscratchdir/93db1c51-76ba-4b00-8afb-89b8a38c7ac9
2024-04-24T10:28:12,062  INFO [main] session.SessionState: Created HDFS directory: /home/alex/Repositories/hive/hcatalog/hcatalog-pig-adapter/target/tmp/scratchdir/alex/93db1c51-76ba-4b00-8afb-89b8a38c7ac9/_tmp_space.db
]]></system-err>
  </testcase>
  <testcase name="testDynamicPartitioningMultiPartColsInDataPartialSpec[1]" classname="org.apache.hive.hcatalog.pig.TestHCatStorer" time="0">
    <skipped message="got: &lt;false&gt;, expected: is &lt;true&gt;"/>
    <system-err><![CDATA[2024-04-24T10:28:12,093  WARN [main] conf.HiveConf: HiveConf of name hive.metastore.metadb.dir does not exist
2024-04-24T10:28:12,094  WARN [main] conf.HiveConf: HiveConf of name hive.llap.io.cache.orc.arena.size does not exist
2024-04-24T10:28:12,094  WARN [main] conf.HiveConf: HiveConf of name hive.llap.io.cache.orc.alloc.max does not exist
2024-04-24T10:28:12,094  WARN [main] conf.HiveConf: HiveConf of name hive.stats.key.prefix.reserve.length does not exist
2024-04-24T10:28:12,094  WARN [main] conf.HiveConf: HiveConf of name hive.metastore.client.cache.recordStats does not exist
2024-04-24T10:28:12,094  WARN [main] conf.HiveConf: HiveConf of name hive.dummyparam.test.server.specific.config.metastoresite does not exist
2024-04-24T10:28:12,094  WARN [main] conf.HiveConf: HiveConf of name hive.llap.io.cache.orc.size does not exist
2024-04-24T10:28:12,094  WARN [main] conf.HiveConf: HiveConf of name hive.metastore.client.cache.maxSize does not exist
2024-04-24T10:28:12,094  WARN [main] conf.HiveConf: HiveConf of name hive.dummyparam.test.server.specific.config.hivesite does not exist
2024-04-24T10:28:12,094  WARN [main] conf.HiveConf: HiveConf of name hive.llap.io.cache.orc.alloc.min does not exist
2024-04-24T10:28:12,094  WARN [main] conf.HiveConf: HiveConf of name hive.dummyparam.test.server.specific.config.override does not exist
2024-04-24T10:28:12,097  INFO [main] metastore.HiveMetaStoreClient: HMS client filtering is enabled.
2024-04-24T10:28:12,097  INFO [main] metastore.PersistenceManagerProvider: Configuration datanucleus.autoStartMechanismMode is not set. Defaulting to 'ignored'
2024-04-24T10:28:12,098  INFO [main] metastore.ObjectStore: RawStore: org.apache.hadoop.hive.metastore.ObjectStore@338cc75f, with PersistenceManager: org.datanucleus.api.jdo.JDOPersistenceManager@21be14c2 will be shutdown
2024-04-24T10:28:12,098  INFO [main] metastore.ObjectStore: RawStore: org.apache.hadoop.hive.metastore.ObjectStore@338cc75f, with PersistenceManager: org.datanucleus.api.jdo.JDOPersistenceManager@c758a2d created in the thread with id: 1
2024-04-24T10:28:12,102  INFO [main] metastore.HMSHandler: HMS server filtering is disabled by configuration
Hive Session ID = 0904f464-6982-4029-a36e-904debad9a4f
2024-04-24T10:28:12,102  INFO [main] SessionState: Hive Session ID = 0904f464-6982-4029-a36e-904debad9a4f
ivysettings.xml file not found in HIVE_HOME or HIVE_CONF_DIR,file:/home/alex/.m2/repository/org/apache/pig/pig/0.16.0/pig-0.16.0-h2.jar!/ivysettings.xml will be used
2024-04-24T10:28:12,103  INFO [main] DependencyResolver: ivysettings.xml file not found in HIVE_HOME or HIVE_CONF_DIR,file:/home/alex/.m2/repository/org/apache/pig/pig/0.16.0/pig-0.16.0-h2.jar!/ivysettings.xml will be used
2024-04-24T10:28:12,109  INFO [main] session.SessionState: Created HDFS directory: /home/alex/Repositories/hive/hcatalog/hcatalog-pig-adapter/target/tmp/scratchdir/alex/0904f464-6982-4029-a36e-904debad9a4f
2024-04-24T10:28:12,111  INFO [main] session.SessionState: Created local directory: /home/alex/Repositories/hive/hcatalog/hcatalog-pig-adapter/target/tmp/localscratchdir/0904f464-6982-4029-a36e-904debad9a4f
2024-04-24T10:28:12,113  INFO [main] session.SessionState: Created HDFS directory: /home/alex/Repositories/hive/hcatalog/hcatalog-pig-adapter/target/tmp/scratchdir/alex/0904f464-6982-4029-a36e-904debad9a4f/_tmp_space.db
]]></system-err>
  </testcase>
  <testcase name="testWriteDate2[1]" classname="org.apache.hive.hcatalog.pig.TestHCatStorer" time="0">
    <skipped message="got: &lt;false&gt;, expected: is &lt;true&gt;"/>
    <system-err><![CDATA[2024-04-24T10:28:12,147  WARN [main] conf.HiveConf: HiveConf of name hive.llap.io.cache.orc.arena.size does not exist
2024-04-24T10:28:12,147  WARN [main] conf.HiveConf: HiveConf of name hive.dummyparam.test.server.specific.config.override does not exist
2024-04-24T10:28:12,147  WARN [main] conf.HiveConf: HiveConf of name hive.llap.io.cache.orc.alloc.max does not exist
2024-04-24T10:28:12,147  WARN [main] conf.HiveConf: HiveConf of name hive.dummyparam.test.server.specific.config.metastoresite does not exist
2024-04-24T10:28:12,147  WARN [main] conf.HiveConf: HiveConf of name hive.dummyparam.test.server.specific.config.hivesite does not exist
2024-04-24T10:28:12,147  WARN [main] conf.HiveConf: HiveConf of name hive.llap.io.cache.orc.alloc.min does not exist
2024-04-24T10:28:12,147  WARN [main] conf.HiveConf: HiveConf of name hive.metastore.client.cache.maxSize does not exist
2024-04-24T10:28:12,147  WARN [main] conf.HiveConf: HiveConf of name hive.metastore.metadb.dir does not exist
2024-04-24T10:28:12,148  WARN [main] conf.HiveConf: HiveConf of name hive.llap.io.cache.orc.size does not exist
2024-04-24T10:28:12,148  WARN [main] conf.HiveConf: HiveConf of name hive.metastore.client.cache.recordStats does not exist
2024-04-24T10:28:12,148  WARN [main] conf.HiveConf: HiveConf of name hive.stats.key.prefix.reserve.length does not exist
2024-04-24T10:28:12,150  INFO [main] metastore.HiveMetaStoreClient: HMS client filtering is enabled.
2024-04-24T10:28:12,150  INFO [main] metastore.PersistenceManagerProvider: Configuration datanucleus.autoStartMechanismMode is not set. Defaulting to 'ignored'
2024-04-24T10:28:12,151  INFO [main] metastore.ObjectStore: RawStore: org.apache.hadoop.hive.metastore.ObjectStore@338cc75f, with PersistenceManager: org.datanucleus.api.jdo.JDOPersistenceManager@c758a2d will be shutdown
2024-04-24T10:28:12,151  INFO [main] metastore.ObjectStore: RawStore: org.apache.hadoop.hive.metastore.ObjectStore@338cc75f, with PersistenceManager: org.datanucleus.api.jdo.JDOPersistenceManager@4b07cad0 created in the thread with id: 1
2024-04-24T10:28:12,156  INFO [main] metastore.HMSHandler: HMS server filtering is disabled by configuration
Hive Session ID = f7a246d5-8791-481e-a90d-a07e785a2e10
2024-04-24T10:28:12,157  INFO [main] SessionState: Hive Session ID = f7a246d5-8791-481e-a90d-a07e785a2e10
ivysettings.xml file not found in HIVE_HOME or HIVE_CONF_DIR,file:/home/alex/.m2/repository/org/apache/pig/pig/0.16.0/pig-0.16.0-h2.jar!/ivysettings.xml will be used
2024-04-24T10:28:12,157  INFO [main] DependencyResolver: ivysettings.xml file not found in HIVE_HOME or HIVE_CONF_DIR,file:/home/alex/.m2/repository/org/apache/pig/pig/0.16.0/pig-0.16.0-h2.jar!/ivysettings.xml will be used
2024-04-24T10:28:12,163  INFO [main] session.SessionState: Created HDFS directory: /home/alex/Repositories/hive/hcatalog/hcatalog-pig-adapter/target/tmp/scratchdir/alex/f7a246d5-8791-481e-a90d-a07e785a2e10
2024-04-24T10:28:12,165  INFO [main] session.SessionState: Created local directory: /home/alex/Repositories/hive/hcatalog/hcatalog-pig-adapter/target/tmp/localscratchdir/f7a246d5-8791-481e-a90d-a07e785a2e10
2024-04-24T10:28:12,168  INFO [main] session.SessionState: Created HDFS directory: /home/alex/Repositories/hive/hcatalog/hcatalog-pig-adapter/target/tmp/scratchdir/alex/f7a246d5-8791-481e-a90d-a07e785a2e10/_tmp_space.db
]]></system-err>
  </testcase>
  <testcase name="testWriteDate3[1]" classname="org.apache.hive.hcatalog.pig.TestHCatStorer" time="0">
    <skipped message="got: &lt;false&gt;, expected: is &lt;true&gt;"/>
    <system-err><![CDATA[2024-04-24T10:28:12,206  WARN [main] conf.HiveConf: HiveConf of name hive.llap.io.cache.orc.alloc.max does not exist
2024-04-24T10:28:12,206  WARN [main] conf.HiveConf: HiveConf of name hive.llap.io.cache.orc.size does not exist
2024-04-24T10:28:12,206  WARN [main] conf.HiveConf: HiveConf of name hive.metastore.client.cache.recordStats does not exist
2024-04-24T10:28:12,206  WARN [main] conf.HiveConf: HiveConf of name hive.metastore.metadb.dir does not exist
2024-04-24T10:28:12,206  WARN [main] conf.HiveConf: HiveConf of name hive.dummyparam.test.server.specific.config.override does not exist
2024-04-24T10:28:12,206  WARN [main] conf.HiveConf: HiveConf of name hive.dummyparam.test.server.specific.config.metastoresite does not exist
2024-04-24T10:28:12,206  WARN [main] conf.HiveConf: HiveConf of name hive.llap.io.cache.orc.arena.size does not exist
2024-04-24T10:28:12,206  WARN [main] conf.HiveConf: HiveConf of name hive.stats.key.prefix.reserve.length does not exist
2024-04-24T10:28:12,207  WARN [main] conf.HiveConf: HiveConf of name hive.metastore.client.cache.maxSize does not exist
2024-04-24T10:28:12,207  WARN [main] conf.HiveConf: HiveConf of name hive.llap.io.cache.orc.alloc.min does not exist
2024-04-24T10:28:12,207  WARN [main] conf.HiveConf: HiveConf of name hive.dummyparam.test.server.specific.config.hivesite does not exist
2024-04-24T10:28:12,208  INFO [main] metastore.HiveMetaStoreClient: HMS client filtering is enabled.
2024-04-24T10:28:12,208  INFO [main] metastore.PersistenceManagerProvider: Configuration datanucleus.autoStartMechanismMode is not set. Defaulting to 'ignored'
2024-04-24T10:28:12,209  INFO [main] metastore.ObjectStore: RawStore: org.apache.hadoop.hive.metastore.ObjectStore@338cc75f, with PersistenceManager: org.datanucleus.api.jdo.JDOPersistenceManager@4b07cad0 will be shutdown
2024-04-24T10:28:12,209  INFO [main] metastore.ObjectStore: RawStore: org.apache.hadoop.hive.metastore.ObjectStore@338cc75f, with PersistenceManager: org.datanucleus.api.jdo.JDOPersistenceManager@5103eea2 created in the thread with id: 1
2024-04-24T10:28:12,212  INFO [main] metastore.HMSHandler: HMS server filtering is disabled by configuration
Hive Session ID = d77983d1-9d81-45d9-96d4-2bcf0237437a
2024-04-24T10:28:12,213  INFO [main] SessionState: Hive Session ID = d77983d1-9d81-45d9-96d4-2bcf0237437a
ivysettings.xml file not found in HIVE_HOME or HIVE_CONF_DIR,file:/home/alex/.m2/repository/org/apache/pig/pig/0.16.0/pig-0.16.0-h2.jar!/ivysettings.xml will be used
2024-04-24T10:28:12,213  INFO [main] DependencyResolver: ivysettings.xml file not found in HIVE_HOME or HIVE_CONF_DIR,file:/home/alex/.m2/repository/org/apache/pig/pig/0.16.0/pig-0.16.0-h2.jar!/ivysettings.xml will be used
2024-04-24T10:28:12,219  INFO [main] session.SessionState: Created HDFS directory: /home/alex/Repositories/hive/hcatalog/hcatalog-pig-adapter/target/tmp/scratchdir/alex/d77983d1-9d81-45d9-96d4-2bcf0237437a
2024-04-24T10:28:12,221  INFO [main] session.SessionState: Created local directory: /home/alex/Repositories/hive/hcatalog/hcatalog-pig-adapter/target/tmp/localscratchdir/d77983d1-9d81-45d9-96d4-2bcf0237437a
2024-04-24T10:28:12,224  INFO [main] session.SessionState: Created HDFS directory: /home/alex/Repositories/hive/hcatalog/hcatalog-pig-adapter/target/tmp/scratchdir/alex/d77983d1-9d81-45d9-96d4-2bcf0237437a/_tmp_space.db
]]></system-err>
  </testcase>
  <testcase name="testStoreInPartiitonedTbl[1]" classname="org.apache.hive.hcatalog.pig.TestHCatStorer" time="0">
    <skipped message="got: &lt;false&gt;, expected: is &lt;true&gt;"/>
    <system-err><![CDATA[2024-04-24T10:28:12,257  WARN [main] conf.HiveConf: HiveConf of name hive.dummyparam.test.server.specific.config.hivesite does not exist
2024-04-24T10:28:12,257  WARN [main] conf.HiveConf: HiveConf of name hive.dummyparam.test.server.specific.config.override does not exist
2024-04-24T10:28:12,257  WARN [main] conf.HiveConf: HiveConf of name hive.llap.io.cache.orc.size does not exist
2024-04-24T10:28:12,257  WARN [main] conf.HiveConf: HiveConf of name hive.metastore.client.cache.recordStats does not exist
2024-04-24T10:28:12,257  WARN [main] conf.HiveConf: HiveConf of name hive.llap.io.cache.orc.alloc.max does not exist
2024-04-24T10:28:12,257  WARN [main] conf.HiveConf: HiveConf of name hive.stats.key.prefix.reserve.length does not exist
2024-04-24T10:28:12,257  WARN [main] conf.HiveConf: HiveConf of name hive.metastore.metadb.dir does not exist
2024-04-24T10:28:12,257  WARN [main] conf.HiveConf: HiveConf of name hive.metastore.client.cache.maxSize does not exist
2024-04-24T10:28:12,257  WARN [main] conf.HiveConf: HiveConf of name hive.llap.io.cache.orc.arena.size does not exist
2024-04-24T10:28:12,257  WARN [main] conf.HiveConf: HiveConf of name hive.dummyparam.test.server.specific.config.metastoresite does not exist
2024-04-24T10:28:12,257  WARN [main] conf.HiveConf: HiveConf of name hive.llap.io.cache.orc.alloc.min does not exist
2024-04-24T10:28:12,259  INFO [main] metastore.HiveMetaStoreClient: HMS client filtering is enabled.
2024-04-24T10:28:12,259  INFO [main] metastore.PersistenceManagerProvider: Configuration datanucleus.autoStartMechanismMode is not set. Defaulting to 'ignored'
2024-04-24T10:28:12,260  INFO [main] metastore.ObjectStore: RawStore: org.apache.hadoop.hive.metastore.ObjectStore@338cc75f, with PersistenceManager: org.datanucleus.api.jdo.JDOPersistenceManager@5103eea2 will be shutdown
2024-04-24T10:28:12,260  INFO [main] metastore.ObjectStore: RawStore: org.apache.hadoop.hive.metastore.ObjectStore@338cc75f, with PersistenceManager: org.datanucleus.api.jdo.JDOPersistenceManager@57c6feea created in the thread with id: 1
2024-04-24T10:28:12,263  INFO [main] metastore.HMSHandler: HMS server filtering is disabled by configuration
Hive Session ID = 8f42625a-0660-4505-b818-af159d259f80
2024-04-24T10:28:12,264  INFO [main] SessionState: Hive Session ID = 8f42625a-0660-4505-b818-af159d259f80
ivysettings.xml file not found in HIVE_HOME or HIVE_CONF_DIR,file:/home/alex/.m2/repository/org/apache/pig/pig/0.16.0/pig-0.16.0-h2.jar!/ivysettings.xml will be used
2024-04-24T10:28:12,264  INFO [main] DependencyResolver: ivysettings.xml file not found in HIVE_HOME or HIVE_CONF_DIR,file:/home/alex/.m2/repository/org/apache/pig/pig/0.16.0/pig-0.16.0-h2.jar!/ivysettings.xml will be used
2024-04-24T10:28:12,270  INFO [main] session.SessionState: Created HDFS directory: /home/alex/Repositories/hive/hcatalog/hcatalog-pig-adapter/target/tmp/scratchdir/alex/8f42625a-0660-4505-b818-af159d259f80
2024-04-24T10:28:12,272  INFO [main] session.SessionState: Created local directory: /home/alex/Repositories/hive/hcatalog/hcatalog-pig-adapter/target/tmp/localscratchdir/8f42625a-0660-4505-b818-af159d259f80
2024-04-24T10:28:12,275  INFO [main] session.SessionState: Created HDFS directory: /home/alex/Repositories/hive/hcatalog/hcatalog-pig-adapter/target/tmp/scratchdir/alex/8f42625a-0660-4505-b818-af159d259f80/_tmp_space.db
]]></system-err>
  </testcase>
  <testcase name="testWriteChar[1]" classname="org.apache.hive.hcatalog.pig.TestHCatStorer" time="0">
    <skipped message="got: &lt;false&gt;, expected: is &lt;true&gt;"/>
    <system-err><![CDATA[2024-04-24T10:28:12,310  WARN [main] conf.HiveConf: HiveConf of name hive.dummyparam.test.server.specific.config.override does not exist
2024-04-24T10:28:12,310  WARN [main] conf.HiveConf: HiveConf of name hive.metastore.client.cache.recordStats does not exist
2024-04-24T10:28:12,310  WARN [main] conf.HiveConf: HiveConf of name hive.dummyparam.test.server.specific.config.hivesite does not exist
2024-04-24T10:28:12,310  WARN [main] conf.HiveConf: HiveConf of name hive.llap.io.cache.orc.alloc.min does not exist
2024-04-24T10:28:12,310  WARN [main] conf.HiveConf: HiveConf of name hive.metastore.metadb.dir does not exist
2024-04-24T10:28:12,310  WARN [main] conf.HiveConf: HiveConf of name hive.metastore.client.cache.maxSize does not exist
2024-04-24T10:28:12,310  WARN [main] conf.HiveConf: HiveConf of name hive.dummyparam.test.server.specific.config.metastoresite does not exist
2024-04-24T10:28:12,310  WARN [main] conf.HiveConf: HiveConf of name hive.llap.io.cache.orc.size does not exist
2024-04-24T10:28:12,310  WARN [main] conf.HiveConf: HiveConf of name hive.llap.io.cache.orc.alloc.max does not exist
2024-04-24T10:28:12,311  WARN [main] conf.HiveConf: HiveConf of name hive.llap.io.cache.orc.arena.size does not exist
2024-04-24T10:28:12,311  WARN [main] conf.HiveConf: HiveConf of name hive.stats.key.prefix.reserve.length does not exist
2024-04-24T10:28:12,312  INFO [main] metastore.HiveMetaStoreClient: HMS client filtering is enabled.
2024-04-24T10:28:12,312  INFO [main] metastore.PersistenceManagerProvider: Configuration datanucleus.autoStartMechanismMode is not set. Defaulting to 'ignored'
2024-04-24T10:28:12,313  INFO [main] metastore.ObjectStore: RawStore: org.apache.hadoop.hive.metastore.ObjectStore@338cc75f, with PersistenceManager: org.datanucleus.api.jdo.JDOPersistenceManager@57c6feea will be shutdown
2024-04-24T10:28:12,313  INFO [main] metastore.ObjectStore: RawStore: org.apache.hadoop.hive.metastore.ObjectStore@338cc75f, with PersistenceManager: org.datanucleus.api.jdo.JDOPersistenceManager@f59da34 created in the thread with id: 1
2024-04-24T10:28:12,317  INFO [main] metastore.HMSHandler: HMS server filtering is disabled by configuration
Hive Session ID = 737e972f-278f-4d7a-a712-0ed25c508a3e
2024-04-24T10:28:12,317  INFO [main] SessionState: Hive Session ID = 737e972f-278f-4d7a-a712-0ed25c508a3e
ivysettings.xml file not found in HIVE_HOME or HIVE_CONF_DIR,file:/home/alex/.m2/repository/org/apache/pig/pig/0.16.0/pig-0.16.0-h2.jar!/ivysettings.xml will be used
2024-04-24T10:28:12,318  INFO [main] DependencyResolver: ivysettings.xml file not found in HIVE_HOME or HIVE_CONF_DIR,file:/home/alex/.m2/repository/org/apache/pig/pig/0.16.0/pig-0.16.0-h2.jar!/ivysettings.xml will be used
2024-04-24T10:28:12,324  INFO [main] session.SessionState: Created HDFS directory: /home/alex/Repositories/hive/hcatalog/hcatalog-pig-adapter/target/tmp/scratchdir/alex/737e972f-278f-4d7a-a712-0ed25c508a3e
2024-04-24T10:28:12,327  INFO [main] session.SessionState: Created local directory: /home/alex/Repositories/hive/hcatalog/hcatalog-pig-adapter/target/tmp/localscratchdir/737e972f-278f-4d7a-a712-0ed25c508a3e
2024-04-24T10:28:12,329  INFO [main] session.SessionState: Created HDFS directory: /home/alex/Repositories/hive/hcatalog/hcatalog-pig-adapter/target/tmp/scratchdir/alex/737e972f-278f-4d7a-a712-0ed25c508a3e/_tmp_space.db
]]></system-err>
  </testcase>
  <testcase name="testWriteDate[1]" classname="org.apache.hive.hcatalog.pig.TestHCatStorer" time="0">
    <skipped message="got: &lt;false&gt;, expected: is &lt;true&gt;"/>
    <system-err><![CDATA[2024-04-24T10:28:12,364  WARN [main] conf.HiveConf: HiveConf of name hive.dummyparam.test.server.specific.config.metastoresite does not exist
2024-04-24T10:28:12,364  WARN [main] conf.HiveConf: HiveConf of name hive.llap.io.cache.orc.alloc.max does not exist
2024-04-24T10:28:12,364  WARN [main] conf.HiveConf: HiveConf of name hive.stats.key.prefix.reserve.length does not exist
2024-04-24T10:28:12,364  WARN [main] conf.HiveConf: HiveConf of name hive.metastore.client.cache.maxSize does not exist
2024-04-24T10:28:12,364  WARN [main] conf.HiveConf: HiveConf of name hive.dummyparam.test.server.specific.config.override does not exist
2024-04-24T10:28:12,364  WARN [main] conf.HiveConf: HiveConf of name hive.llap.io.cache.orc.alloc.min does not exist
2024-04-24T10:28:12,365  WARN [main] conf.HiveConf: HiveConf of name hive.metastore.client.cache.recordStats does not exist
2024-04-24T10:28:12,365  WARN [main] conf.HiveConf: HiveConf of name hive.llap.io.cache.orc.arena.size does not exist
2024-04-24T10:28:12,365  WARN [main] conf.HiveConf: HiveConf of name hive.metastore.metadb.dir does not exist
2024-04-24T10:28:12,365  WARN [main] conf.HiveConf: HiveConf of name hive.llap.io.cache.orc.size does not exist
2024-04-24T10:28:12,365  WARN [main] conf.HiveConf: HiveConf of name hive.dummyparam.test.server.specific.config.hivesite does not exist
2024-04-24T10:28:12,367  INFO [main] metastore.HiveMetaStoreClient: HMS client filtering is enabled.
2024-04-24T10:28:12,367  INFO [main] metastore.PersistenceManagerProvider: Configuration datanucleus.autoStartMechanismMode is not set. Defaulting to 'ignored'
2024-04-24T10:28:12,367  INFO [main] metastore.ObjectStore: RawStore: org.apache.hadoop.hive.metastore.ObjectStore@338cc75f, with PersistenceManager: org.datanucleus.api.jdo.JDOPersistenceManager@f59da34 will be shutdown
2024-04-24T10:28:12,368  INFO [main] metastore.ObjectStore: RawStore: org.apache.hadoop.hive.metastore.ObjectStore@338cc75f, with PersistenceManager: org.datanucleus.api.jdo.JDOPersistenceManager@1124910c created in the thread with id: 1
2024-04-24T10:28:12,371  INFO [main] metastore.HMSHandler: HMS server filtering is disabled by configuration
Hive Session ID = d9356287-aa8e-438d-ab0b-2f1e5d9171b3
2024-04-24T10:28:12,372  INFO [main] SessionState: Hive Session ID = d9356287-aa8e-438d-ab0b-2f1e5d9171b3
ivysettings.xml file not found in HIVE_HOME or HIVE_CONF_DIR,file:/home/alex/.m2/repository/org/apache/pig/pig/0.16.0/pig-0.16.0-h2.jar!/ivysettings.xml will be used
2024-04-24T10:28:12,372  INFO [main] DependencyResolver: ivysettings.xml file not found in HIVE_HOME or HIVE_CONF_DIR,file:/home/alex/.m2/repository/org/apache/pig/pig/0.16.0/pig-0.16.0-h2.jar!/ivysettings.xml will be used
2024-04-24T10:28:12,378  INFO [main] session.SessionState: Created HDFS directory: /home/alex/Repositories/hive/hcatalog/hcatalog-pig-adapter/target/tmp/scratchdir/alex/d9356287-aa8e-438d-ab0b-2f1e5d9171b3
2024-04-24T10:28:12,380  INFO [main] session.SessionState: Created local directory: /home/alex/Repositories/hive/hcatalog/hcatalog-pig-adapter/target/tmp/localscratchdir/d9356287-aa8e-438d-ab0b-2f1e5d9171b3
2024-04-24T10:28:12,383  INFO [main] session.SessionState: Created HDFS directory: /home/alex/Repositories/hive/hcatalog/hcatalog-pig-adapter/target/tmp/scratchdir/alex/d9356287-aa8e-438d-ab0b-2f1e5d9171b3/_tmp_space.db
]]></system-err>
  </testcase>
  <testcase name="testWriteSmallint[1]" classname="org.apache.hive.hcatalog.pig.TestHCatStorer" time="0">
    <skipped message="got: &lt;false&gt;, expected: is &lt;true&gt;"/>
    <system-err><![CDATA[2024-04-24T10:28:12,414  WARN [main] conf.HiveConf: HiveConf of name hive.dummyparam.test.server.specific.config.override does not exist
2024-04-24T10:28:12,414  WARN [main] conf.HiveConf: HiveConf of name hive.metastore.client.cache.maxSize does not exist
2024-04-24T10:28:12,414  WARN [main] conf.HiveConf: HiveConf of name hive.dummyparam.test.server.specific.config.metastoresite does not exist
2024-04-24T10:28:12,414  WARN [main] conf.HiveConf: HiveConf of name hive.stats.key.prefix.reserve.length does not exist
2024-04-24T10:28:12,414  WARN [main] conf.HiveConf: HiveConf of name hive.llap.io.cache.orc.alloc.min does not exist
2024-04-24T10:28:12,414  WARN [main] conf.HiveConf: HiveConf of name hive.llap.io.cache.orc.size does not exist
2024-04-24T10:28:12,414  WARN [main] conf.HiveConf: HiveConf of name hive.metastore.metadb.dir does not exist
2024-04-24T10:28:12,414  WARN [main] conf.HiveConf: HiveConf of name hive.metastore.client.cache.recordStats does not exist
2024-04-24T10:28:12,414  WARN [main] conf.HiveConf: HiveConf of name hive.dummyparam.test.server.specific.config.hivesite does not exist
2024-04-24T10:28:12,414  WARN [main] conf.HiveConf: HiveConf of name hive.llap.io.cache.orc.alloc.max does not exist
2024-04-24T10:28:12,414  WARN [main] conf.HiveConf: HiveConf of name hive.llap.io.cache.orc.arena.size does not exist
2024-04-24T10:28:12,416  INFO [main] metastore.HiveMetaStoreClient: HMS client filtering is enabled.
2024-04-24T10:28:12,416  INFO [main] metastore.PersistenceManagerProvider: Configuration datanucleus.autoStartMechanismMode is not set. Defaulting to 'ignored'
2024-04-24T10:28:12,417  INFO [main] metastore.ObjectStore: RawStore: org.apache.hadoop.hive.metastore.ObjectStore@338cc75f, with PersistenceManager: org.datanucleus.api.jdo.JDOPersistenceManager@1124910c will be shutdown
2024-04-24T10:28:12,417  INFO [main] metastore.ObjectStore: RawStore: org.apache.hadoop.hive.metastore.ObjectStore@338cc75f, with PersistenceManager: org.datanucleus.api.jdo.JDOPersistenceManager@333d44f6 created in the thread with id: 1
2024-04-24T10:28:12,420  INFO [main] metastore.HMSHandler: HMS server filtering is disabled by configuration
Hive Session ID = 387fe699-fe03-44cd-991f-67a7300ad637
2024-04-24T10:28:12,420  INFO [main] SessionState: Hive Session ID = 387fe699-fe03-44cd-991f-67a7300ad637
ivysettings.xml file not found in HIVE_HOME or HIVE_CONF_DIR,file:/home/alex/.m2/repository/org/apache/pig/pig/0.16.0/pig-0.16.0-h2.jar!/ivysettings.xml will be used
2024-04-24T10:28:12,420  INFO [main] DependencyResolver: ivysettings.xml file not found in HIVE_HOME or HIVE_CONF_DIR,file:/home/alex/.m2/repository/org/apache/pig/pig/0.16.0/pig-0.16.0-h2.jar!/ivysettings.xml will be used
2024-04-24T10:28:12,426  INFO [main] session.SessionState: Created HDFS directory: /home/alex/Repositories/hive/hcatalog/hcatalog-pig-adapter/target/tmp/scratchdir/alex/387fe699-fe03-44cd-991f-67a7300ad637
2024-04-24T10:28:12,428  INFO [main] session.SessionState: Created local directory: /home/alex/Repositories/hive/hcatalog/hcatalog-pig-adapter/target/tmp/localscratchdir/387fe699-fe03-44cd-991f-67a7300ad637
2024-04-24T10:28:12,430  INFO [main] session.SessionState: Created HDFS directory: /home/alex/Repositories/hive/hcatalog/hcatalog-pig-adapter/target/tmp/scratchdir/alex/387fe699-fe03-44cd-991f-67a7300ad637/_tmp_space.db
]]></system-err>
  </testcase>
  <testcase name="testDynamicPartitioningMultiPartColsNoDataInDataNoSpec[1]" classname="org.apache.hive.hcatalog.pig.TestHCatStorer" time="0">
    <skipped message="got: &lt;false&gt;, expected: is &lt;true&gt;"/>
    <system-err><![CDATA[2024-04-24T10:28:12,462  WARN [main] conf.HiveConf: HiveConf of name hive.metastore.metadb.dir does not exist
2024-04-24T10:28:12,462  WARN [main] conf.HiveConf: HiveConf of name hive.llap.io.cache.orc.size does not exist
2024-04-24T10:28:12,462  WARN [main] conf.HiveConf: HiveConf of name hive.dummyparam.test.server.specific.config.override does not exist
2024-04-24T10:28:12,462  WARN [main] conf.HiveConf: HiveConf of name hive.llap.io.cache.orc.alloc.max does not exist
2024-04-24T10:28:12,462  WARN [main] conf.HiveConf: HiveConf of name hive.dummyparam.test.server.specific.config.hivesite does not exist
2024-04-24T10:28:12,462  WARN [main] conf.HiveConf: HiveConf of name hive.metastore.client.cache.maxSize does not exist
2024-04-24T10:28:12,462  WARN [main] conf.HiveConf: HiveConf of name hive.stats.key.prefix.reserve.length does not exist
2024-04-24T10:28:12,462  WARN [main] conf.HiveConf: HiveConf of name hive.llap.io.cache.orc.arena.size does not exist
2024-04-24T10:28:12,462  WARN [main] conf.HiveConf: HiveConf of name hive.llap.io.cache.orc.alloc.min does not exist
2024-04-24T10:28:12,462  WARN [main] conf.HiveConf: HiveConf of name hive.metastore.client.cache.recordStats does not exist
2024-04-24T10:28:12,462  WARN [main] conf.HiveConf: HiveConf of name hive.dummyparam.test.server.specific.config.metastoresite does not exist
2024-04-24T10:28:12,464  INFO [main] metastore.HiveMetaStoreClient: HMS client filtering is enabled.
2024-04-24T10:28:12,464  INFO [main] metastore.PersistenceManagerProvider: Configuration datanucleus.autoStartMechanismMode is not set. Defaulting to 'ignored'
2024-04-24T10:28:12,465  INFO [main] metastore.ObjectStore: RawStore: org.apache.hadoop.hive.metastore.ObjectStore@338cc75f, with PersistenceManager: org.datanucleus.api.jdo.JDOPersistenceManager@333d44f6 will be shutdown
2024-04-24T10:28:12,465  INFO [main] metastore.ObjectStore: RawStore: org.apache.hadoop.hive.metastore.ObjectStore@338cc75f, with PersistenceManager: org.datanucleus.api.jdo.JDOPersistenceManager@7a2a7492 created in the thread with id: 1
2024-04-24T10:28:12,467  INFO [main] metastore.HMSHandler: HMS server filtering is disabled by configuration
Hive Session ID = 34897939-5fe0-45d4-8170-43acc3d04cbd
2024-04-24T10:28:12,467  INFO [main] SessionState: Hive Session ID = 34897939-5fe0-45d4-8170-43acc3d04cbd
ivysettings.xml file not found in HIVE_HOME or HIVE_CONF_DIR,file:/home/alex/.m2/repository/org/apache/pig/pig/0.16.0/pig-0.16.0-h2.jar!/ivysettings.xml will be used
2024-04-24T10:28:12,468  INFO [main] DependencyResolver: ivysettings.xml file not found in HIVE_HOME or HIVE_CONF_DIR,file:/home/alex/.m2/repository/org/apache/pig/pig/0.16.0/pig-0.16.0-h2.jar!/ivysettings.xml will be used
2024-04-24T10:28:12,473  INFO [main] session.SessionState: Created HDFS directory: /home/alex/Repositories/hive/hcatalog/hcatalog-pig-adapter/target/tmp/scratchdir/alex/34897939-5fe0-45d4-8170-43acc3d04cbd
2024-04-24T10:28:12,475  INFO [main] session.SessionState: Created local directory: /home/alex/Repositories/hive/hcatalog/hcatalog-pig-adapter/target/tmp/localscratchdir/34897939-5fe0-45d4-8170-43acc3d04cbd
2024-04-24T10:28:12,478  INFO [main] session.SessionState: Created HDFS directory: /home/alex/Repositories/hive/hcatalog/hcatalog-pig-adapter/target/tmp/scratchdir/alex/34897939-5fe0-45d4-8170-43acc3d04cbd/_tmp_space.db
]]></system-err>
  </testcase>
  <testcase name="testWriteVarchar[1]" classname="org.apache.hive.hcatalog.pig.TestHCatStorer" time="0">
    <skipped message="got: &lt;false&gt;, expected: is &lt;true&gt;"/>
    <system-err><![CDATA[2024-04-24T10:28:12,511  WARN [main] conf.HiveConf: HiveConf of name hive.dummyparam.test.server.specific.config.hivesite does not exist
2024-04-24T10:28:12,511  WARN [main] conf.HiveConf: HiveConf of name hive.llap.io.cache.orc.arena.size does not exist
2024-04-24T10:28:12,511  WARN [main] conf.HiveConf: HiveConf of name hive.stats.key.prefix.reserve.length does not exist
2024-04-24T10:28:12,511  WARN [main] conf.HiveConf: HiveConf of name hive.metastore.client.cache.recordStats does not exist
2024-04-24T10:28:12,511  WARN [main] conf.HiveConf: HiveConf of name hive.llap.io.cache.orc.size does not exist
2024-04-24T10:28:12,511  WARN [main] conf.HiveConf: HiveConf of name hive.metastore.client.cache.maxSize does not exist
2024-04-24T10:28:12,511  WARN [main] conf.HiveConf: HiveConf of name hive.llap.io.cache.orc.alloc.max does not exist
2024-04-24T10:28:12,511  WARN [main] conf.HiveConf: HiveConf of name hive.dummyparam.test.server.specific.config.metastoresite does not exist
2024-04-24T10:28:12,511  WARN [main] conf.HiveConf: HiveConf of name hive.dummyparam.test.server.specific.config.override does not exist
2024-04-24T10:28:12,511  WARN [main] conf.HiveConf: HiveConf of name hive.llap.io.cache.orc.alloc.min does not exist
2024-04-24T10:28:12,511  WARN [main] conf.HiveConf: HiveConf of name hive.metastore.metadb.dir does not exist
2024-04-24T10:28:12,513  INFO [main] metastore.HiveMetaStoreClient: HMS client filtering is enabled.
2024-04-24T10:28:12,513  INFO [main] metastore.PersistenceManagerProvider: Configuration datanucleus.autoStartMechanismMode is not set. Defaulting to 'ignored'
2024-04-24T10:28:12,514  INFO [main] metastore.ObjectStore: RawStore: org.apache.hadoop.hive.metastore.ObjectStore@338cc75f, with PersistenceManager: org.datanucleus.api.jdo.JDOPersistenceManager@7a2a7492 will be shutdown
2024-04-24T10:28:12,514  INFO [main] metastore.ObjectStore: RawStore: org.apache.hadoop.hive.metastore.ObjectStore@338cc75f, with PersistenceManager: org.datanucleus.api.jdo.JDOPersistenceManager@74707df8 created in the thread with id: 1
2024-04-24T10:28:12,517  INFO [main] metastore.HMSHandler: HMS server filtering is disabled by configuration
Hive Session ID = b9f7d283-f8bb-4d68-acec-cebbb8f30541
2024-04-24T10:28:12,517  INFO [main] SessionState: Hive Session ID = b9f7d283-f8bb-4d68-acec-cebbb8f30541
ivysettings.xml file not found in HIVE_HOME or HIVE_CONF_DIR,file:/home/alex/.m2/repository/org/apache/pig/pig/0.16.0/pig-0.16.0-h2.jar!/ivysettings.xml will be used
2024-04-24T10:28:12,517  INFO [main] DependencyResolver: ivysettings.xml file not found in HIVE_HOME or HIVE_CONF_DIR,file:/home/alex/.m2/repository/org/apache/pig/pig/0.16.0/pig-0.16.0-h2.jar!/ivysettings.xml will be used
2024-04-24T10:28:12,523  INFO [main] session.SessionState: Created HDFS directory: /home/alex/Repositories/hive/hcatalog/hcatalog-pig-adapter/target/tmp/scratchdir/alex/b9f7d283-f8bb-4d68-acec-cebbb8f30541
2024-04-24T10:28:12,525  INFO [main] session.SessionState: Created local directory: /home/alex/Repositories/hive/hcatalog/hcatalog-pig-adapter/target/tmp/localscratchdir/b9f7d283-f8bb-4d68-acec-cebbb8f30541
2024-04-24T10:28:12,528  INFO [main] session.SessionState: Created HDFS directory: /home/alex/Repositories/hive/hcatalog/hcatalog-pig-adapter/target/tmp/scratchdir/alex/b9f7d283-f8bb-4d68-acec-cebbb8f30541/_tmp_space.db
]]></system-err>
  </testcase>
  <testcase name="testBagNStruct[1]" classname="org.apache.hive.hcatalog.pig.TestHCatStorer" time="0">
    <skipped message="got: &lt;false&gt;, expected: is &lt;true&gt;"/>
    <system-err><![CDATA[2024-04-24T10:28:12,559  WARN [main] conf.HiveConf: HiveConf of name hive.dummyparam.test.server.specific.config.override does not exist
2024-04-24T10:28:12,559  WARN [main] conf.HiveConf: HiveConf of name hive.llap.io.cache.orc.size does not exist
2024-04-24T10:28:12,559  WARN [main] conf.HiveConf: HiveConf of name hive.dummyparam.test.server.specific.config.hivesite does not exist
2024-04-24T10:28:12,559  WARN [main] conf.HiveConf: HiveConf of name hive.llap.io.cache.orc.alloc.min does not exist
2024-04-24T10:28:12,559  WARN [main] conf.HiveConf: HiveConf of name hive.llap.io.cache.orc.arena.size does not exist
2024-04-24T10:28:12,559  WARN [main] conf.HiveConf: HiveConf of name hive.metastore.client.cache.maxSize does not exist
2024-04-24T10:28:12,559  WARN [main] conf.HiveConf: HiveConf of name hive.llap.io.cache.orc.alloc.max does not exist
2024-04-24T10:28:12,559  WARN [main] conf.HiveConf: HiveConf of name hive.dummyparam.test.server.specific.config.metastoresite does not exist
2024-04-24T10:28:12,559  WARN [main] conf.HiveConf: HiveConf of name hive.metastore.metadb.dir does not exist
2024-04-24T10:28:12,559  WARN [main] conf.HiveConf: HiveConf of name hive.stats.key.prefix.reserve.length does not exist
2024-04-24T10:28:12,560  WARN [main] conf.HiveConf: HiveConf of name hive.metastore.client.cache.recordStats does not exist
2024-04-24T10:28:12,561  INFO [main] metastore.HiveMetaStoreClient: HMS client filtering is enabled.
2024-04-24T10:28:12,562  INFO [main] metastore.PersistenceManagerProvider: Configuration datanucleus.autoStartMechanismMode is not set. Defaulting to 'ignored'
2024-04-24T10:28:12,562  INFO [main] metastore.ObjectStore: RawStore: org.apache.hadoop.hive.metastore.ObjectStore@338cc75f, with PersistenceManager: org.datanucleus.api.jdo.JDOPersistenceManager@74707df8 will be shutdown
2024-04-24T10:28:12,563  INFO [main] metastore.ObjectStore: RawStore: org.apache.hadoop.hive.metastore.ObjectStore@338cc75f, with PersistenceManager: org.datanucleus.api.jdo.JDOPersistenceManager@14485747 created in the thread with id: 1
2024-04-24T10:28:12,567  INFO [main] metastore.HMSHandler: HMS server filtering is disabled by configuration
Hive Session ID = b9619184-9f14-418d-bb7d-415b5e466a1f
2024-04-24T10:28:12,567  INFO [main] SessionState: Hive Session ID = b9619184-9f14-418d-bb7d-415b5e466a1f
ivysettings.xml file not found in HIVE_HOME or HIVE_CONF_DIR,file:/home/alex/.m2/repository/org/apache/pig/pig/0.16.0/pig-0.16.0-h2.jar!/ivysettings.xml will be used
2024-04-24T10:28:12,568  INFO [main] DependencyResolver: ivysettings.xml file not found in HIVE_HOME or HIVE_CONF_DIR,file:/home/alex/.m2/repository/org/apache/pig/pig/0.16.0/pig-0.16.0-h2.jar!/ivysettings.xml will be used
2024-04-24T10:28:12,573  INFO [main] session.SessionState: Created HDFS directory: /home/alex/Repositories/hive/hcatalog/hcatalog-pig-adapter/target/tmp/scratchdir/alex/b9619184-9f14-418d-bb7d-415b5e466a1f
2024-04-24T10:28:12,576  INFO [main] session.SessionState: Created local directory: /home/alex/Repositories/hive/hcatalog/hcatalog-pig-adapter/target/tmp/localscratchdir/b9619184-9f14-418d-bb7d-415b5e466a1f
2024-04-24T10:28:12,579  INFO [main] session.SessionState: Created HDFS directory: /home/alex/Repositories/hive/hcatalog/hcatalog-pig-adapter/target/tmp/scratchdir/alex/b9619184-9f14-418d-bb7d-415b5e466a1f/_tmp_space.db
]]></system-err>
  </testcase>
  <testcase name="testStaticPartitioningMultiPartCols[1]" classname="org.apache.hive.hcatalog.pig.TestHCatStorer" time="0">
    <skipped message="got: &lt;false&gt;, expected: is &lt;true&gt;"/>
    <system-err><![CDATA[2024-04-24T10:28:12,614  WARN [main] conf.HiveConf: HiveConf of name hive.llap.io.cache.orc.alloc.min does not exist
2024-04-24T10:28:12,614  WARN [main] conf.HiveConf: HiveConf of name hive.metastore.metadb.dir does not exist
2024-04-24T10:28:12,614  WARN [main] conf.HiveConf: HiveConf of name hive.stats.key.prefix.reserve.length does not exist
2024-04-24T10:28:12,614  WARN [main] conf.HiveConf: HiveConf of name hive.metastore.client.cache.maxSize does not exist
2024-04-24T10:28:12,614  WARN [main] conf.HiveConf: HiveConf of name hive.dummyparam.test.server.specific.config.hivesite does not exist
2024-04-24T10:28:12,614  WARN [main] conf.HiveConf: HiveConf of name hive.llap.io.cache.orc.size does not exist
2024-04-24T10:28:12,614  WARN [main] conf.HiveConf: HiveConf of name hive.llap.io.cache.orc.arena.size does not exist
2024-04-24T10:28:12,614  WARN [main] conf.HiveConf: HiveConf of name hive.llap.io.cache.orc.alloc.max does not exist
2024-04-24T10:28:12,614  WARN [main] conf.HiveConf: HiveConf of name hive.metastore.client.cache.recordStats does not exist
2024-04-24T10:28:12,614  WARN [main] conf.HiveConf: HiveConf of name hive.dummyparam.test.server.specific.config.metastoresite does not exist
2024-04-24T10:28:12,614  WARN [main] conf.HiveConf: HiveConf of name hive.dummyparam.test.server.specific.config.override does not exist
2024-04-24T10:28:12,616  INFO [main] metastore.HiveMetaStoreClient: HMS client filtering is enabled.
2024-04-24T10:28:12,616  INFO [main] metastore.PersistenceManagerProvider: Configuration datanucleus.autoStartMechanismMode is not set. Defaulting to 'ignored'
2024-04-24T10:28:12,616  INFO [main] metastore.ObjectStore: RawStore: org.apache.hadoop.hive.metastore.ObjectStore@338cc75f, with PersistenceManager: org.datanucleus.api.jdo.JDOPersistenceManager@14485747 will be shutdown
2024-04-24T10:28:12,617  INFO [main] metastore.ObjectStore: RawStore: org.apache.hadoop.hive.metastore.ObjectStore@338cc75f, with PersistenceManager: org.datanucleus.api.jdo.JDOPersistenceManager@543b0737 created in the thread with id: 1
2024-04-24T10:28:12,620  INFO [main] metastore.HMSHandler: HMS server filtering is disabled by configuration
Hive Session ID = 2675c944-2d18-42c0-aaca-5a5f20ba310f
2024-04-24T10:28:12,621  INFO [main] SessionState: Hive Session ID = 2675c944-2d18-42c0-aaca-5a5f20ba310f
ivysettings.xml file not found in HIVE_HOME or HIVE_CONF_DIR,file:/home/alex/.m2/repository/org/apache/pig/pig/0.16.0/pig-0.16.0-h2.jar!/ivysettings.xml will be used
2024-04-24T10:28:12,621  INFO [main] DependencyResolver: ivysettings.xml file not found in HIVE_HOME or HIVE_CONF_DIR,file:/home/alex/.m2/repository/org/apache/pig/pig/0.16.0/pig-0.16.0-h2.jar!/ivysettings.xml will be used
2024-04-24T10:28:12,626  INFO [main] session.SessionState: Created HDFS directory: /home/alex/Repositories/hive/hcatalog/hcatalog-pig-adapter/target/tmp/scratchdir/alex/2675c944-2d18-42c0-aaca-5a5f20ba310f
2024-04-24T10:28:12,629  INFO [main] session.SessionState: Created local directory: /home/alex/Repositories/hive/hcatalog/hcatalog-pig-adapter/target/tmp/localscratchdir/2675c944-2d18-42c0-aaca-5a5f20ba310f
2024-04-24T10:28:12,631  INFO [main] session.SessionState: Created HDFS directory: /home/alex/Repositories/hive/hcatalog/hcatalog-pig-adapter/target/tmp/scratchdir/alex/2675c944-2d18-42c0-aaca-5a5f20ba310f/_tmp_space.db
]]></system-err>
  </testcase>
  <testcase name="testPartColsInData[1]" classname="org.apache.hive.hcatalog.pig.TestHCatStorer" time="0">
    <skipped message="got: &lt;false&gt;, expected: is &lt;true&gt;"/>
    <system-err><![CDATA[2024-04-24T10:28:12,662  WARN [main] conf.HiveConf: HiveConf of name hive.stats.key.prefix.reserve.length does not exist
2024-04-24T10:28:12,662  WARN [main] conf.HiveConf: HiveConf of name hive.metastore.metadb.dir does not exist
2024-04-24T10:28:12,662  WARN [main] conf.HiveConf: HiveConf of name hive.llap.io.cache.orc.alloc.min does not exist
2024-04-24T10:28:12,662  WARN [main] conf.HiveConf: HiveConf of name hive.dummyparam.test.server.specific.config.hivesite does not exist
2024-04-24T10:28:12,662  WARN [main] conf.HiveConf: HiveConf of name hive.metastore.client.cache.recordStats does not exist
2024-04-24T10:28:12,662  WARN [main] conf.HiveConf: HiveConf of name hive.llap.io.cache.orc.arena.size does not exist
2024-04-24T10:28:12,662  WARN [main] conf.HiveConf: HiveConf of name hive.dummyparam.test.server.specific.config.override does not exist
2024-04-24T10:28:12,662  WARN [main] conf.HiveConf: HiveConf of name hive.metastore.client.cache.maxSize does not exist
2024-04-24T10:28:12,662  WARN [main] conf.HiveConf: HiveConf of name hive.llap.io.cache.orc.alloc.max does not exist
2024-04-24T10:28:12,662  WARN [main] conf.HiveConf: HiveConf of name hive.dummyparam.test.server.specific.config.metastoresite does not exist
2024-04-24T10:28:12,662  WARN [main] conf.HiveConf: HiveConf of name hive.llap.io.cache.orc.size does not exist
2024-04-24T10:28:12,664  INFO [main] metastore.HiveMetaStoreClient: HMS client filtering is enabled.
2024-04-24T10:28:12,664  INFO [main] metastore.PersistenceManagerProvider: Configuration datanucleus.autoStartMechanismMode is not set. Defaulting to 'ignored'
2024-04-24T10:28:12,664  INFO [main] metastore.ObjectStore: RawStore: org.apache.hadoop.hive.metastore.ObjectStore@338cc75f, with PersistenceManager: org.datanucleus.api.jdo.JDOPersistenceManager@543b0737 will be shutdown
2024-04-24T10:28:12,665  INFO [main] metastore.ObjectStore: RawStore: org.apache.hadoop.hive.metastore.ObjectStore@338cc75f, with PersistenceManager: org.datanucleus.api.jdo.JDOPersistenceManager@27438750 created in the thread with id: 1
2024-04-24T10:28:12,668  INFO [main] metastore.HMSHandler: HMS server filtering is disabled by configuration
Hive Session ID = c134e56b-f00f-4ae7-bcd4-7e609f03c884
2024-04-24T10:28:12,668  INFO [main] SessionState: Hive Session ID = c134e56b-f00f-4ae7-bcd4-7e609f03c884
ivysettings.xml file not found in HIVE_HOME or HIVE_CONF_DIR,file:/home/alex/.m2/repository/org/apache/pig/pig/0.16.0/pig-0.16.0-h2.jar!/ivysettings.xml will be used
2024-04-24T10:28:12,668  INFO [main] DependencyResolver: ivysettings.xml file not found in HIVE_HOME or HIVE_CONF_DIR,file:/home/alex/.m2/repository/org/apache/pig/pig/0.16.0/pig-0.16.0-h2.jar!/ivysettings.xml will be used
2024-04-24T10:28:12,674  INFO [main] session.SessionState: Created HDFS directory: /home/alex/Repositories/hive/hcatalog/hcatalog-pig-adapter/target/tmp/scratchdir/alex/c134e56b-f00f-4ae7-bcd4-7e609f03c884
2024-04-24T10:28:12,676  INFO [main] session.SessionState: Created local directory: /home/alex/Repositories/hive/hcatalog/hcatalog-pig-adapter/target/tmp/localscratchdir/c134e56b-f00f-4ae7-bcd4-7e609f03c884
2024-04-24T10:28:12,678  INFO [main] session.SessionState: Created HDFS directory: /home/alex/Repositories/hive/hcatalog/hcatalog-pig-adapter/target/tmp/scratchdir/alex/c134e56b-f00f-4ae7-bcd4-7e609f03c884/_tmp_space.db
]]></system-err>
  </testcase>
  <testcase name="testStoreWithNoCtorArgs[1]" classname="org.apache.hive.hcatalog.pig.TestHCatStorer" time="0">
    <skipped message="got: &lt;false&gt;, expected: is &lt;true&gt;"/>
    <system-err><![CDATA[2024-04-24T10:28:12,710  WARN [main] conf.HiveConf: HiveConf of name hive.llap.io.cache.orc.alloc.min does not exist
2024-04-24T10:28:12,710  WARN [main] conf.HiveConf: HiveConf of name hive.llap.io.cache.orc.arena.size does not exist
2024-04-24T10:28:12,710  WARN [main] conf.HiveConf: HiveConf of name hive.metastore.metadb.dir does not exist
2024-04-24T10:28:12,710  WARN [main] conf.HiveConf: HiveConf of name hive.llap.io.cache.orc.size does not exist
2024-04-24T10:28:12,711  WARN [main] conf.HiveConf: HiveConf of name hive.stats.key.prefix.reserve.length does not exist
2024-04-24T10:28:12,711  WARN [main] conf.HiveConf: HiveConf of name hive.llap.io.cache.orc.alloc.max does not exist
2024-04-24T10:28:12,711  WARN [main] conf.HiveConf: HiveConf of name hive.metastore.client.cache.maxSize does not exist
2024-04-24T10:28:12,711  WARN [main] conf.HiveConf: HiveConf of name hive.dummyparam.test.server.specific.config.metastoresite does not exist
2024-04-24T10:28:12,711  WARN [main] conf.HiveConf: HiveConf of name hive.dummyparam.test.server.specific.config.override does not exist
2024-04-24T10:28:12,711  WARN [main] conf.HiveConf: HiveConf of name hive.metastore.client.cache.recordStats does not exist
2024-04-24T10:28:12,711  WARN [main] conf.HiveConf: HiveConf of name hive.dummyparam.test.server.specific.config.hivesite does not exist
2024-04-24T10:28:12,713  INFO [main] metastore.HiveMetaStoreClient: HMS client filtering is enabled.
2024-04-24T10:28:12,713  INFO [main] metastore.PersistenceManagerProvider: Configuration datanucleus.autoStartMechanismMode is not set. Defaulting to 'ignored'
2024-04-24T10:28:12,714  INFO [main] metastore.ObjectStore: RawStore: org.apache.hadoop.hive.metastore.ObjectStore@338cc75f, with PersistenceManager: org.datanucleus.api.jdo.JDOPersistenceManager@27438750 will be shutdown
2024-04-24T10:28:12,714  INFO [main] metastore.ObjectStore: RawStore: org.apache.hadoop.hive.metastore.ObjectStore@338cc75f, with PersistenceManager: org.datanucleus.api.jdo.JDOPersistenceManager@20c3b34b created in the thread with id: 1
2024-04-24T10:28:12,717  INFO [main] metastore.HMSHandler: HMS server filtering is disabled by configuration
Hive Session ID = d17ccbf8-3552-465a-8cb8-a0361316190b
2024-04-24T10:28:12,717  INFO [main] SessionState: Hive Session ID = d17ccbf8-3552-465a-8cb8-a0361316190b
ivysettings.xml file not found in HIVE_HOME or HIVE_CONF_DIR,file:/home/alex/.m2/repository/org/apache/pig/pig/0.16.0/pig-0.16.0-h2.jar!/ivysettings.xml will be used
2024-04-24T10:28:12,718  INFO [main] DependencyResolver: ivysettings.xml file not found in HIVE_HOME or HIVE_CONF_DIR,file:/home/alex/.m2/repository/org/apache/pig/pig/0.16.0/pig-0.16.0-h2.jar!/ivysettings.xml will be used
2024-04-24T10:28:12,723  INFO [main] session.SessionState: Created HDFS directory: /home/alex/Repositories/hive/hcatalog/hcatalog-pig-adapter/target/tmp/scratchdir/alex/d17ccbf8-3552-465a-8cb8-a0361316190b
2024-04-24T10:28:12,725  INFO [main] session.SessionState: Created local directory: /home/alex/Repositories/hive/hcatalog/hcatalog-pig-adapter/target/tmp/localscratchdir/d17ccbf8-3552-465a-8cb8-a0361316190b
2024-04-24T10:28:12,728  INFO [main] session.SessionState: Created HDFS directory: /home/alex/Repositories/hive/hcatalog/hcatalog-pig-adapter/target/tmp/scratchdir/alex/d17ccbf8-3552-465a-8cb8-a0361316190b/_tmp_space.db
]]></system-err>
  </testcase>
  <testcase name="testWriteDecimalX[1]" classname="org.apache.hive.hcatalog.pig.TestHCatStorer" time="0">
    <skipped message="got: &lt;false&gt;, expected: is &lt;true&gt;"/>
    <system-err><![CDATA[2024-04-24T10:28:12,759  WARN [main] conf.HiveConf: HiveConf of name hive.llap.io.cache.orc.alloc.max does not exist
2024-04-24T10:28:12,759  WARN [main] conf.HiveConf: HiveConf of name hive.dummyparam.test.server.specific.config.override does not exist
2024-04-24T10:28:12,759  WARN [main] conf.HiveConf: HiveConf of name hive.metastore.client.cache.maxSize does not exist
2024-04-24T10:28:12,759  WARN [main] conf.HiveConf: HiveConf of name hive.llap.io.cache.orc.alloc.min does not exist
2024-04-24T10:28:12,759  WARN [main] conf.HiveConf: HiveConf of name hive.llap.io.cache.orc.arena.size does not exist
2024-04-24T10:28:12,759  WARN [main] conf.HiveConf: HiveConf of name hive.metastore.metadb.dir does not exist
2024-04-24T10:28:12,759  WARN [main] conf.HiveConf: HiveConf of name hive.llap.io.cache.orc.size does not exist
2024-04-24T10:28:12,759  WARN [main] conf.HiveConf: HiveConf of name hive.dummyparam.test.server.specific.config.hivesite does not exist
2024-04-24T10:28:12,759  WARN [main] conf.HiveConf: HiveConf of name hive.dummyparam.test.server.specific.config.metastoresite does not exist
2024-04-24T10:28:12,759  WARN [main] conf.HiveConf: HiveConf of name hive.metastore.client.cache.recordStats does not exist
2024-04-24T10:28:12,759  WARN [main] conf.HiveConf: HiveConf of name hive.stats.key.prefix.reserve.length does not exist
2024-04-24T10:28:12,761  INFO [main] metastore.HiveMetaStoreClient: HMS client filtering is enabled.
2024-04-24T10:28:12,761  INFO [main] metastore.PersistenceManagerProvider: Configuration datanucleus.autoStartMechanismMode is not set. Defaulting to 'ignored'
2024-04-24T10:28:12,762  INFO [main] metastore.ObjectStore: RawStore: org.apache.hadoop.hive.metastore.ObjectStore@338cc75f, with PersistenceManager: org.datanucleus.api.jdo.JDOPersistenceManager@20c3b34b will be shutdown
2024-04-24T10:28:12,762  INFO [main] metastore.ObjectStore: RawStore: org.apache.hadoop.hive.metastore.ObjectStore@338cc75f, with PersistenceManager: org.datanucleus.api.jdo.JDOPersistenceManager@4a833595 created in the thread with id: 1
2024-04-24T10:28:12,764  INFO [main] metastore.HMSHandler: HMS server filtering is disabled by configuration
Hive Session ID = e722326c-9011-4f39-a77a-6b1cc161459e
2024-04-24T10:28:12,765  INFO [main] SessionState: Hive Session ID = e722326c-9011-4f39-a77a-6b1cc161459e
ivysettings.xml file not found in HIVE_HOME or HIVE_CONF_DIR,file:/home/alex/.m2/repository/org/apache/pig/pig/0.16.0/pig-0.16.0-h2.jar!/ivysettings.xml will be used
2024-04-24T10:28:12,765  INFO [main] DependencyResolver: ivysettings.xml file not found in HIVE_HOME or HIVE_CONF_DIR,file:/home/alex/.m2/repository/org/apache/pig/pig/0.16.0/pig-0.16.0-h2.jar!/ivysettings.xml will be used
2024-04-24T10:28:12,770  INFO [main] session.SessionState: Created HDFS directory: /home/alex/Repositories/hive/hcatalog/hcatalog-pig-adapter/target/tmp/scratchdir/alex/e722326c-9011-4f39-a77a-6b1cc161459e
2024-04-24T10:28:12,773  INFO [main] session.SessionState: Created local directory: /home/alex/Repositories/hive/hcatalog/hcatalog-pig-adapter/target/tmp/localscratchdir/e722326c-9011-4f39-a77a-6b1cc161459e
2024-04-24T10:28:12,775  INFO [main] session.SessionState: Created HDFS directory: /home/alex/Repositories/hive/hcatalog/hcatalog-pig-adapter/target/tmp/scratchdir/alex/e722326c-9011-4f39-a77a-6b1cc161459e/_tmp_space.db
]]></system-err>
  </testcase>
  <testcase name="testDateCharTypes[1]" classname="org.apache.hive.hcatalog.pig.TestHCatStorer" time="0">
    <skipped message="got: &lt;false&gt;, expected: is &lt;true&gt;"/>
    <system-err><![CDATA[2024-04-24T10:28:12,805  WARN [main] conf.HiveConf: HiveConf of name hive.llap.io.cache.orc.size does not exist
2024-04-24T10:28:12,805  WARN [main] conf.HiveConf: HiveConf of name hive.stats.key.prefix.reserve.length does not exist
2024-04-24T10:28:12,806  WARN [main] conf.HiveConf: HiveConf of name hive.metastore.metadb.dir does not exist
2024-04-24T10:28:12,806  WARN [main] conf.HiveConf: HiveConf of name hive.metastore.client.cache.maxSize does not exist
2024-04-24T10:28:12,806  WARN [main] conf.HiveConf: HiveConf of name hive.llap.io.cache.orc.alloc.max does not exist
2024-04-24T10:28:12,806  WARN [main] conf.HiveConf: HiveConf of name hive.metastore.client.cache.recordStats does not exist
2024-04-24T10:28:12,806  WARN [main] conf.HiveConf: HiveConf of name hive.dummyparam.test.server.specific.config.override does not exist
2024-04-24T10:28:12,806  WARN [main] conf.HiveConf: HiveConf of name hive.llap.io.cache.orc.alloc.min does not exist
2024-04-24T10:28:12,806  WARN [main] conf.HiveConf: HiveConf of name hive.llap.io.cache.orc.arena.size does not exist
2024-04-24T10:28:12,806  WARN [main] conf.HiveConf: HiveConf of name hive.dummyparam.test.server.specific.config.hivesite does not exist
2024-04-24T10:28:12,806  WARN [main] conf.HiveConf: HiveConf of name hive.dummyparam.test.server.specific.config.metastoresite does not exist
2024-04-24T10:28:12,807  INFO [main] metastore.HiveMetaStoreClient: HMS client filtering is enabled.
2024-04-24T10:28:12,807  INFO [main] metastore.PersistenceManagerProvider: Configuration datanucleus.autoStartMechanismMode is not set. Defaulting to 'ignored'
2024-04-24T10:28:12,808  INFO [main] metastore.ObjectStore: RawStore: org.apache.hadoop.hive.metastore.ObjectStore@338cc75f, with PersistenceManager: org.datanucleus.api.jdo.JDOPersistenceManager@4a833595 will be shutdown
2024-04-24T10:28:12,808  INFO [main] metastore.ObjectStore: RawStore: org.apache.hadoop.hive.metastore.ObjectStore@338cc75f, with PersistenceManager: org.datanucleus.api.jdo.JDOPersistenceManager@14292d71 created in the thread with id: 1
2024-04-24T10:28:12,811  INFO [main] metastore.HMSHandler: HMS server filtering is disabled by configuration
Hive Session ID = 5cb360c5-edc8-4a87-b9d1-01d0d67de1f1
2024-04-24T10:28:12,811  INFO [main] SessionState: Hive Session ID = 5cb360c5-edc8-4a87-b9d1-01d0d67de1f1
ivysettings.xml file not found in HIVE_HOME or HIVE_CONF_DIR,file:/home/alex/.m2/repository/org/apache/pig/pig/0.16.0/pig-0.16.0-h2.jar!/ivysettings.xml will be used
2024-04-24T10:28:12,811  INFO [main] DependencyResolver: ivysettings.xml file not found in HIVE_HOME or HIVE_CONF_DIR,file:/home/alex/.m2/repository/org/apache/pig/pig/0.16.0/pig-0.16.0-h2.jar!/ivysettings.xml will be used
2024-04-24T10:28:12,817  INFO [main] session.SessionState: Created HDFS directory: /home/alex/Repositories/hive/hcatalog/hcatalog-pig-adapter/target/tmp/scratchdir/alex/5cb360c5-edc8-4a87-b9d1-01d0d67de1f1
2024-04-24T10:28:12,819  INFO [main] session.SessionState: Created local directory: /home/alex/Repositories/hive/hcatalog/hcatalog-pig-adapter/target/tmp/localscratchdir/5cb360c5-edc8-4a87-b9d1-01d0d67de1f1
2024-04-24T10:28:12,821  INFO [main] session.SessionState: Created HDFS directory: /home/alex/Repositories/hive/hcatalog/hcatalog-pig-adapter/target/tmp/scratchdir/alex/5cb360c5-edc8-4a87-b9d1-01d0d67de1f1/_tmp_space.db
]]></system-err>
  </testcase>
  <testcase name="testPartitionPublish[1]" classname="org.apache.hive.hcatalog.pig.TestHCatStorer" time="0">
    <skipped message="got: &lt;false&gt;, expected: is &lt;true&gt;"/>
    <system-err><![CDATA[2024-04-24T10:28:12,852  WARN [main] conf.HiveConf: HiveConf of name hive.llap.io.cache.orc.alloc.min does not exist
2024-04-24T10:28:12,852  WARN [main] conf.HiveConf: HiveConf of name hive.llap.io.cache.orc.arena.size does not exist
2024-04-24T10:28:12,852  WARN [main] conf.HiveConf: HiveConf of name hive.dummyparam.test.server.specific.config.metastoresite does not exist
2024-04-24T10:28:12,852  WARN [main] conf.HiveConf: HiveConf of name hive.metastore.client.cache.recordStats does not exist
2024-04-24T10:28:12,852  WARN [main] conf.HiveConf: HiveConf of name hive.llap.io.cache.orc.alloc.max does not exist
2024-04-24T10:28:12,852  WARN [main] conf.HiveConf: HiveConf of name hive.metastore.metadb.dir does not exist
2024-04-24T10:28:12,852  WARN [main] conf.HiveConf: HiveConf of name hive.dummyparam.test.server.specific.config.override does not exist
2024-04-24T10:28:12,852  WARN [main] conf.HiveConf: HiveConf of name hive.llap.io.cache.orc.size does not exist
2024-04-24T10:28:12,852  WARN [main] conf.HiveConf: HiveConf of name hive.dummyparam.test.server.specific.config.hivesite does not exist
2024-04-24T10:28:12,852  WARN [main] conf.HiveConf: HiveConf of name hive.stats.key.prefix.reserve.length does not exist
2024-04-24T10:28:12,852  WARN [main] conf.HiveConf: HiveConf of name hive.metastore.client.cache.maxSize does not exist
2024-04-24T10:28:12,854  INFO [main] metastore.HiveMetaStoreClient: HMS client filtering is enabled.
2024-04-24T10:28:12,854  INFO [main] metastore.PersistenceManagerProvider: Configuration datanucleus.autoStartMechanismMode is not set. Defaulting to 'ignored'
2024-04-24T10:28:12,855  INFO [main] metastore.ObjectStore: RawStore: org.apache.hadoop.hive.metastore.ObjectStore@338cc75f, with PersistenceManager: org.datanucleus.api.jdo.JDOPersistenceManager@14292d71 will be shutdown
2024-04-24T10:28:12,855  INFO [main] metastore.ObjectStore: RawStore: org.apache.hadoop.hive.metastore.ObjectStore@338cc75f, with PersistenceManager: org.datanucleus.api.jdo.JDOPersistenceManager@146f3d22 created in the thread with id: 1
2024-04-24T10:28:12,858  INFO [main] metastore.HMSHandler: HMS server filtering is disabled by configuration
Hive Session ID = 395ba78d-2526-401d-8876-bdef50b963c8
2024-04-24T10:28:12,858  INFO [main] SessionState: Hive Session ID = 395ba78d-2526-401d-8876-bdef50b963c8
ivysettings.xml file not found in HIVE_HOME or HIVE_CONF_DIR,file:/home/alex/.m2/repository/org/apache/pig/pig/0.16.0/pig-0.16.0-h2.jar!/ivysettings.xml will be used
2024-04-24T10:28:12,858  INFO [main] DependencyResolver: ivysettings.xml file not found in HIVE_HOME or HIVE_CONF_DIR,file:/home/alex/.m2/repository/org/apache/pig/pig/0.16.0/pig-0.16.0-h2.jar!/ivysettings.xml will be used
2024-04-24T10:28:12,864  INFO [main] session.SessionState: Created HDFS directory: /home/alex/Repositories/hive/hcatalog/hcatalog-pig-adapter/target/tmp/scratchdir/alex/395ba78d-2526-401d-8876-bdef50b963c8
2024-04-24T10:28:12,866  INFO [main] session.SessionState: Created local directory: /home/alex/Repositories/hive/hcatalog/hcatalog-pig-adapter/target/tmp/localscratchdir/395ba78d-2526-401d-8876-bdef50b963c8
2024-04-24T10:28:12,869  INFO [main] session.SessionState: Created HDFS directory: /home/alex/Repositories/hive/hcatalog/hcatalog-pig-adapter/target/tmp/scratchdir/alex/395ba78d-2526-401d-8876-bdef50b963c8/_tmp_space.db
]]></system-err>
  </testcase>
  <testcase name="testWriteDecimal[1]" classname="org.apache.hive.hcatalog.pig.TestHCatStorer" time="0">
    <skipped message="got: &lt;false&gt;, expected: is &lt;true&gt;"/>
    <system-err><![CDATA[2024-04-24T10:28:12,900  WARN [main] conf.HiveConf: HiveConf of name hive.llap.io.cache.orc.arena.size does not exist
2024-04-24T10:28:12,900  WARN [main] conf.HiveConf: HiveConf of name hive.dummyparam.test.server.specific.config.hivesite does not exist
2024-04-24T10:28:12,900  WARN [main] conf.HiveConf: HiveConf of name hive.dummyparam.test.server.specific.config.override does not exist
2024-04-24T10:28:12,900  WARN [main] conf.HiveConf: HiveConf of name hive.llap.io.cache.orc.size does not exist
2024-04-24T10:28:12,900  WARN [main] conf.HiveConf: HiveConf of name hive.dummyparam.test.server.specific.config.metastoresite does not exist
2024-04-24T10:28:12,900  WARN [main] conf.HiveConf: HiveConf of name hive.metastore.client.cache.recordStats does not exist
2024-04-24T10:28:12,900  WARN [main] conf.HiveConf: HiveConf of name hive.metastore.metadb.dir does not exist
2024-04-24T10:28:12,900  WARN [main] conf.HiveConf: HiveConf of name hive.llap.io.cache.orc.alloc.max does not exist
2024-04-24T10:28:12,900  WARN [main] conf.HiveConf: HiveConf of name hive.metastore.client.cache.maxSize does not exist
2024-04-24T10:28:12,901  WARN [main] conf.HiveConf: HiveConf of name hive.stats.key.prefix.reserve.length does not exist
2024-04-24T10:28:12,901  WARN [main] conf.HiveConf: HiveConf of name hive.llap.io.cache.orc.alloc.min does not exist
2024-04-24T10:28:12,902  INFO [main] metastore.HiveMetaStoreClient: HMS client filtering is enabled.
2024-04-24T10:28:12,902  INFO [main] metastore.PersistenceManagerProvider: Configuration datanucleus.autoStartMechanismMode is not set. Defaulting to 'ignored'
2024-04-24T10:28:12,903  INFO [main] metastore.ObjectStore: RawStore: org.apache.hadoop.hive.metastore.ObjectStore@338cc75f, with PersistenceManager: org.datanucleus.api.jdo.JDOPersistenceManager@146f3d22 will be shutdown
2024-04-24T10:28:12,903  INFO [main] metastore.ObjectStore: RawStore: org.apache.hadoop.hive.metastore.ObjectStore@338cc75f, with PersistenceManager: org.datanucleus.api.jdo.JDOPersistenceManager@685e6a68 created in the thread with id: 1
2024-04-24T10:28:12,906  INFO [main] metastore.HMSHandler: HMS server filtering is disabled by configuration
Hive Session ID = a32b5a4c-693a-45e3-a438-dfa4fdd61483
2024-04-24T10:28:12,906  INFO [main] SessionState: Hive Session ID = a32b5a4c-693a-45e3-a438-dfa4fdd61483
ivysettings.xml file not found in HIVE_HOME or HIVE_CONF_DIR,file:/home/alex/.m2/repository/org/apache/pig/pig/0.16.0/pig-0.16.0-h2.jar!/ivysettings.xml will be used
2024-04-24T10:28:12,906  INFO [main] DependencyResolver: ivysettings.xml file not found in HIVE_HOME or HIVE_CONF_DIR,file:/home/alex/.m2/repository/org/apache/pig/pig/0.16.0/pig-0.16.0-h2.jar!/ivysettings.xml will be used
2024-04-24T10:28:12,912  INFO [main] session.SessionState: Created HDFS directory: /home/alex/Repositories/hive/hcatalog/hcatalog-pig-adapter/target/tmp/scratchdir/alex/a32b5a4c-693a-45e3-a438-dfa4fdd61483
2024-04-24T10:28:12,914  INFO [main] session.SessionState: Created local directory: /home/alex/Repositories/hive/hcatalog/hcatalog-pig-adapter/target/tmp/localscratchdir/a32b5a4c-693a-45e3-a438-dfa4fdd61483
2024-04-24T10:28:12,916  INFO [main] session.SessionState: Created HDFS directory: /home/alex/Repositories/hive/hcatalog/hcatalog-pig-adapter/target/tmp/scratchdir/alex/a32b5a4c-693a-45e3-a438-dfa4fdd61483/_tmp_space.db
]]></system-err>
  </testcase>
  <testcase name="testMultiPartColsInData[1]" classname="org.apache.hive.hcatalog.pig.TestHCatStorer" time="0">
    <skipped message="got: &lt;false&gt;, expected: is &lt;true&gt;"/>
    <system-err><![CDATA[2024-04-24T10:28:12,947  WARN [main] conf.HiveConf: HiveConf of name hive.dummyparam.test.server.specific.config.hivesite does not exist
2024-04-24T10:28:12,947  WARN [main] conf.HiveConf: HiveConf of name hive.stats.key.prefix.reserve.length does not exist
2024-04-24T10:28:12,947  WARN [main] conf.HiveConf: HiveConf of name hive.llap.io.cache.orc.alloc.min does not exist
2024-04-24T10:28:12,947  WARN [main] conf.HiveConf: HiveConf of name hive.metastore.metadb.dir does not exist
2024-04-24T10:28:12,947  WARN [main] conf.HiveConf: HiveConf of name hive.llap.io.cache.orc.alloc.max does not exist
2024-04-24T10:28:12,947  WARN [main] conf.HiveConf: HiveConf of name hive.dummyparam.test.server.specific.config.override does not exist
2024-04-24T10:28:12,947  WARN [main] conf.HiveConf: HiveConf of name hive.metastore.client.cache.maxSize does not exist
2024-04-24T10:28:12,947  WARN [main] conf.HiveConf: HiveConf of name hive.dummyparam.test.server.specific.config.metastoresite does not exist
2024-04-24T10:28:12,947  WARN [main] conf.HiveConf: HiveConf of name hive.llap.io.cache.orc.size does not exist
2024-04-24T10:28:12,947  WARN [main] conf.HiveConf: HiveConf of name hive.llap.io.cache.orc.arena.size does not exist
2024-04-24T10:28:12,947  WARN [main] conf.HiveConf: HiveConf of name hive.metastore.client.cache.recordStats does not exist
2024-04-24T10:28:12,950  INFO [main] metastore.HiveMetaStoreClient: HMS client filtering is enabled.
2024-04-24T10:28:12,950  INFO [main] metastore.PersistenceManagerProvider: Configuration datanucleus.autoStartMechanismMode is not set. Defaulting to 'ignored'
2024-04-24T10:28:12,951  INFO [main] metastore.ObjectStore: RawStore: org.apache.hadoop.hive.metastore.ObjectStore@338cc75f, with PersistenceManager: org.datanucleus.api.jdo.JDOPersistenceManager@685e6a68 will be shutdown
2024-04-24T10:28:12,951  INFO [main] metastore.ObjectStore: RawStore: org.apache.hadoop.hive.metastore.ObjectStore@338cc75f, with PersistenceManager: org.datanucleus.api.jdo.JDOPersistenceManager@4315fe1b created in the thread with id: 1
2024-04-24T10:28:12,954  INFO [main] metastore.HMSHandler: HMS server filtering is disabled by configuration
Hive Session ID = b26713b2-2b14-4319-970a-15bdf9cdf9b8
2024-04-24T10:28:12,954  INFO [main] SessionState: Hive Session ID = b26713b2-2b14-4319-970a-15bdf9cdf9b8
ivysettings.xml file not found in HIVE_HOME or HIVE_CONF_DIR,file:/home/alex/.m2/repository/org/apache/pig/pig/0.16.0/pig-0.16.0-h2.jar!/ivysettings.xml will be used
2024-04-24T10:28:12,955  INFO [main] DependencyResolver: ivysettings.xml file not found in HIVE_HOME or HIVE_CONF_DIR,file:/home/alex/.m2/repository/org/apache/pig/pig/0.16.0/pig-0.16.0-h2.jar!/ivysettings.xml will be used
2024-04-24T10:28:12,961  INFO [main] session.SessionState: Created HDFS directory: /home/alex/Repositories/hive/hcatalog/hcatalog-pig-adapter/target/tmp/scratchdir/alex/b26713b2-2b14-4319-970a-15bdf9cdf9b8
2024-04-24T10:28:12,963  INFO [main] session.SessionState: Created local directory: /home/alex/Repositories/hive/hcatalog/hcatalog-pig-adapter/target/tmp/localscratchdir/b26713b2-2b14-4319-970a-15bdf9cdf9b8
2024-04-24T10:28:12,966  INFO [main] session.SessionState: Created HDFS directory: /home/alex/Repositories/hive/hcatalog/hcatalog-pig-adapter/target/tmp/scratchdir/alex/b26713b2-2b14-4319-970a-15bdf9cdf9b8/_tmp_space.db
]]></system-err>
  </testcase>
  <testcase name="testStaticPartitioningMultiPartColsNoData[1]" classname="org.apache.hive.hcatalog.pig.TestHCatStorer" time="0">
    <skipped message="got: &lt;false&gt;, expected: is &lt;true&gt;"/>
    <system-err><![CDATA[2024-04-24T10:28:12,998  WARN [main] conf.HiveConf: HiveConf of name hive.metastore.client.cache.maxSize does not exist
2024-04-24T10:28:12,998  WARN [main] conf.HiveConf: HiveConf of name hive.dummyparam.test.server.specific.config.metastoresite does not exist
2024-04-24T10:28:12,998  WARN [main] conf.HiveConf: HiveConf of name hive.metastore.metadb.dir does not exist
2024-04-24T10:28:12,998  WARN [main] conf.HiveConf: HiveConf of name hive.dummyparam.test.server.specific.config.override does not exist
2024-04-24T10:28:12,998  WARN [main] conf.HiveConf: HiveConf of name hive.stats.key.prefix.reserve.length does not exist
2024-04-24T10:28:12,998  WARN [main] conf.HiveConf: HiveConf of name hive.llap.io.cache.orc.size does not exist
2024-04-24T10:28:12,998  WARN [main] conf.HiveConf: HiveConf of name hive.llap.io.cache.orc.arena.size does not exist
2024-04-24T10:28:12,998  WARN [main] conf.HiveConf: HiveConf of name hive.llap.io.cache.orc.alloc.max does not exist
2024-04-24T10:28:12,998  WARN [main] conf.HiveConf: HiveConf of name hive.dummyparam.test.server.specific.config.hivesite does not exist
2024-04-24T10:28:12,998  WARN [main] conf.HiveConf: HiveConf of name hive.metastore.client.cache.recordStats does not exist
2024-04-24T10:28:12,998  WARN [main] conf.HiveConf: HiveConf of name hive.llap.io.cache.orc.alloc.min does not exist
2024-04-24T10:28:13,000  INFO [main] metastore.HiveMetaStoreClient: HMS client filtering is enabled.
2024-04-24T10:28:13,000  INFO [main] metastore.PersistenceManagerProvider: Configuration datanucleus.autoStartMechanismMode is not set. Defaulting to 'ignored'
2024-04-24T10:28:13,001  INFO [main] metastore.ObjectStore: RawStore: org.apache.hadoop.hive.metastore.ObjectStore@338cc75f, with PersistenceManager: org.datanucleus.api.jdo.JDOPersistenceManager@4315fe1b will be shutdown
2024-04-24T10:28:13,001  INFO [main] metastore.ObjectStore: RawStore: org.apache.hadoop.hive.metastore.ObjectStore@338cc75f, with PersistenceManager: org.datanucleus.api.jdo.JDOPersistenceManager@126675fd created in the thread with id: 1
2024-04-24T10:28:13,004  INFO [main] metastore.HMSHandler: HMS server filtering is disabled by configuration
Hive Session ID = 59c211a3-460d-426b-b4dc-aef244a520cf
2024-04-24T10:28:13,004  INFO [main] SessionState: Hive Session ID = 59c211a3-460d-426b-b4dc-aef244a520cf
ivysettings.xml file not found in HIVE_HOME or HIVE_CONF_DIR,file:/home/alex/.m2/repository/org/apache/pig/pig/0.16.0/pig-0.16.0-h2.jar!/ivysettings.xml will be used
2024-04-24T10:28:13,004  INFO [main] DependencyResolver: ivysettings.xml file not found in HIVE_HOME or HIVE_CONF_DIR,file:/home/alex/.m2/repository/org/apache/pig/pig/0.16.0/pig-0.16.0-h2.jar!/ivysettings.xml will be used
2024-04-24T10:28:13,010  INFO [main] session.SessionState: Created HDFS directory: /home/alex/Repositories/hive/hcatalog/hcatalog-pig-adapter/target/tmp/scratchdir/alex/59c211a3-460d-426b-b4dc-aef244a520cf
2024-04-24T10:28:13,012  INFO [main] session.SessionState: Created local directory: /home/alex/Repositories/hive/hcatalog/hcatalog-pig-adapter/target/tmp/localscratchdir/59c211a3-460d-426b-b4dc-aef244a520cf
2024-04-24T10:28:13,015  INFO [main] session.SessionState: Created HDFS directory: /home/alex/Repositories/hive/hcatalog/hcatalog-pig-adapter/target/tmp/scratchdir/alex/59c211a3-460d-426b-b4dc-aef244a520cf/_tmp_space.db
]]></system-err>
  </testcase>
  <testcase name="testStoreMultiTables[1]" classname="org.apache.hive.hcatalog.pig.TestHCatStorer" time="0">
    <skipped message="got: &lt;false&gt;, expected: is &lt;true&gt;"/>
    <system-err><![CDATA[2024-04-24T10:28:13,045  WARN [main] conf.HiveConf: HiveConf of name hive.metastore.metadb.dir does not exist
2024-04-24T10:28:13,046  WARN [main] conf.HiveConf: HiveConf of name hive.metastore.client.cache.recordStats does not exist
2024-04-24T10:28:13,046  WARN [main] conf.HiveConf: HiveConf of name hive.llap.io.cache.orc.size does not exist
2024-04-24T10:28:13,046  WARN [main] conf.HiveConf: HiveConf of name hive.llap.io.cache.orc.alloc.max does not exist
2024-04-24T10:28:13,046  WARN [main] conf.HiveConf: HiveConf of name hive.llap.io.cache.orc.alloc.min does not exist
2024-04-24T10:28:13,046  WARN [main] conf.HiveConf: HiveConf of name hive.dummyparam.test.server.specific.config.override does not exist
2024-04-24T10:28:13,046  WARN [main] conf.HiveConf: HiveConf of name hive.dummyparam.test.server.specific.config.metastoresite does not exist
2024-04-24T10:28:13,046  WARN [main] conf.HiveConf: HiveConf of name hive.metastore.client.cache.maxSize does not exist
2024-04-24T10:28:13,046  WARN [main] conf.HiveConf: HiveConf of name hive.llap.io.cache.orc.arena.size does not exist
2024-04-24T10:28:13,046  WARN [main] conf.HiveConf: HiveConf of name hive.stats.key.prefix.reserve.length does not exist
2024-04-24T10:28:13,046  WARN [main] conf.HiveConf: HiveConf of name hive.dummyparam.test.server.specific.config.hivesite does not exist
2024-04-24T10:28:13,048  INFO [main] metastore.HiveMetaStoreClient: HMS client filtering is enabled.
2024-04-24T10:28:13,048  INFO [main] metastore.PersistenceManagerProvider: Configuration datanucleus.autoStartMechanismMode is not set. Defaulting to 'ignored'
2024-04-24T10:28:13,048  INFO [main] metastore.ObjectStore: RawStore: org.apache.hadoop.hive.metastore.ObjectStore@338cc75f, with PersistenceManager: org.datanucleus.api.jdo.JDOPersistenceManager@126675fd will be shutdown
2024-04-24T10:28:13,049  INFO [main] metastore.ObjectStore: RawStore: org.apache.hadoop.hive.metastore.ObjectStore@338cc75f, with PersistenceManager: org.datanucleus.api.jdo.JDOPersistenceManager@7f4f1536 created in the thread with id: 1
2024-04-24T10:28:13,051  INFO [main] metastore.HMSHandler: HMS server filtering is disabled by configuration
Hive Session ID = 2c4b46ab-55ff-4f8f-9f0a-1de86c16ac6f
2024-04-24T10:28:13,052  INFO [main] SessionState: Hive Session ID = 2c4b46ab-55ff-4f8f-9f0a-1de86c16ac6f
ivysettings.xml file not found in HIVE_HOME or HIVE_CONF_DIR,file:/home/alex/.m2/repository/org/apache/pig/pig/0.16.0/pig-0.16.0-h2.jar!/ivysettings.xml will be used
2024-04-24T10:28:13,052  INFO [main] DependencyResolver: ivysettings.xml file not found in HIVE_HOME or HIVE_CONF_DIR,file:/home/alex/.m2/repository/org/apache/pig/pig/0.16.0/pig-0.16.0-h2.jar!/ivysettings.xml will be used
2024-04-24T10:28:13,058  INFO [main] session.SessionState: Created HDFS directory: /home/alex/Repositories/hive/hcatalog/hcatalog-pig-adapter/target/tmp/scratchdir/alex/2c4b46ab-55ff-4f8f-9f0a-1de86c16ac6f
2024-04-24T10:28:13,060  INFO [main] session.SessionState: Created local directory: /home/alex/Repositories/hive/hcatalog/hcatalog-pig-adapter/target/tmp/localscratchdir/2c4b46ab-55ff-4f8f-9f0a-1de86c16ac6f
2024-04-24T10:28:13,063  INFO [main] session.SessionState: Created HDFS directory: /home/alex/Repositories/hive/hcatalog/hcatalog-pig-adapter/target/tmp/scratchdir/alex/2c4b46ab-55ff-4f8f-9f0a-1de86c16ac6f/_tmp_space.db
]]></system-err>
  </testcase>
  <testcase name="testStoreWithNoSchema[1]" classname="org.apache.hive.hcatalog.pig.TestHCatStorer" time="0">
    <skipped message="got: &lt;false&gt;, expected: is &lt;true&gt;"/>
    <system-err><![CDATA[2024-04-24T10:28:13,098  WARN [main] conf.HiveConf: HiveConf of name hive.dummyparam.test.server.specific.config.override does not exist
2024-04-24T10:28:13,098  WARN [main] conf.HiveConf: HiveConf of name hive.llap.io.cache.orc.arena.size does not exist
2024-04-24T10:28:13,098  WARN [main] conf.HiveConf: HiveConf of name hive.dummyparam.test.server.specific.config.hivesite does not exist
2024-04-24T10:28:13,098  WARN [main] conf.HiveConf: HiveConf of name hive.dummyparam.test.server.specific.config.metastoresite does not exist
2024-04-24T10:28:13,098  WARN [main] conf.HiveConf: HiveConf of name hive.llap.io.cache.orc.alloc.max does not exist
2024-04-24T10:28:13,098  WARN [main] conf.HiveConf: HiveConf of name hive.stats.key.prefix.reserve.length does not exist
2024-04-24T10:28:13,098  WARN [main] conf.HiveConf: HiveConf of name hive.llap.io.cache.orc.size does not exist
2024-04-24T10:28:13,098  WARN [main] conf.HiveConf: HiveConf of name hive.metastore.client.cache.maxSize does not exist
2024-04-24T10:28:13,098  WARN [main] conf.HiveConf: HiveConf of name hive.metastore.metadb.dir does not exist
2024-04-24T10:28:13,098  WARN [main] conf.HiveConf: HiveConf of name hive.llap.io.cache.orc.alloc.min does not exist
2024-04-24T10:28:13,098  WARN [main] conf.HiveConf: HiveConf of name hive.metastore.client.cache.recordStats does not exist
2024-04-24T10:28:13,100  INFO [main] metastore.HiveMetaStoreClient: HMS client filtering is enabled.
2024-04-24T10:28:13,100  INFO [main] metastore.PersistenceManagerProvider: Configuration datanucleus.autoStartMechanismMode is not set. Defaulting to 'ignored'
2024-04-24T10:28:13,101  INFO [main] metastore.ObjectStore: RawStore: org.apache.hadoop.hive.metastore.ObjectStore@338cc75f, with PersistenceManager: org.datanucleus.api.jdo.JDOPersistenceManager@7f4f1536 will be shutdown
2024-04-24T10:28:13,101  INFO [main] metastore.ObjectStore: RawStore: org.apache.hadoop.hive.metastore.ObjectStore@338cc75f, with PersistenceManager: org.datanucleus.api.jdo.JDOPersistenceManager@23ec2bdc created in the thread with id: 1
2024-04-24T10:28:13,103  INFO [main] metastore.HMSHandler: HMS server filtering is disabled by configuration
Hive Session ID = e830ac13-01ee-4550-bb63-ecb661a9d3e5
2024-04-24T10:28:13,104  INFO [main] SessionState: Hive Session ID = e830ac13-01ee-4550-bb63-ecb661a9d3e5
ivysettings.xml file not found in HIVE_HOME or HIVE_CONF_DIR,file:/home/alex/.m2/repository/org/apache/pig/pig/0.16.0/pig-0.16.0-h2.jar!/ivysettings.xml will be used
2024-04-24T10:28:13,104  INFO [main] DependencyResolver: ivysettings.xml file not found in HIVE_HOME or HIVE_CONF_DIR,file:/home/alex/.m2/repository/org/apache/pig/pig/0.16.0/pig-0.16.0-h2.jar!/ivysettings.xml will be used
2024-04-24T10:28:13,110  INFO [main] session.SessionState: Created HDFS directory: /home/alex/Repositories/hive/hcatalog/hcatalog-pig-adapter/target/tmp/scratchdir/alex/e830ac13-01ee-4550-bb63-ecb661a9d3e5
2024-04-24T10:28:13,112  INFO [main] session.SessionState: Created local directory: /home/alex/Repositories/hive/hcatalog/hcatalog-pig-adapter/target/tmp/localscratchdir/e830ac13-01ee-4550-bb63-ecb661a9d3e5
2024-04-24T10:28:13,115  INFO [main] session.SessionState: Created HDFS directory: /home/alex/Repositories/hive/hcatalog/hcatalog-pig-adapter/target/tmp/scratchdir/alex/e830ac13-01ee-4550-bb63-ecb661a9d3e5/_tmp_space.db
]]></system-err>
  </testcase>
  <testcase name="testNoAlias[1]" classname="org.apache.hive.hcatalog.pig.TestHCatStorer" time="0">
    <skipped message="got: &lt;false&gt;, expected: is &lt;true&gt;"/>
    <system-err><![CDATA[2024-04-24T10:28:13,147  WARN [main] conf.HiveConf: HiveConf of name hive.dummyparam.test.server.specific.config.hivesite does not exist
2024-04-24T10:28:13,147  WARN [main] conf.HiveConf: HiveConf of name hive.dummyparam.test.server.specific.config.metastoresite does not exist
2024-04-24T10:28:13,147  WARN [main] conf.HiveConf: HiveConf of name hive.llap.io.cache.orc.alloc.max does not exist
2024-04-24T10:28:13,148  WARN [main] conf.HiveConf: HiveConf of name hive.llap.io.cache.orc.arena.size does not exist
2024-04-24T10:28:13,148  WARN [main] conf.HiveConf: HiveConf of name hive.metastore.client.cache.recordStats does not exist
2024-04-24T10:28:13,148  WARN [main] conf.HiveConf: HiveConf of name hive.stats.key.prefix.reserve.length does not exist
2024-04-24T10:28:13,148  WARN [main] conf.HiveConf: HiveConf of name hive.dummyparam.test.server.specific.config.override does not exist
2024-04-24T10:28:13,148  WARN [main] conf.HiveConf: HiveConf of name hive.llap.io.cache.orc.size does not exist
2024-04-24T10:28:13,148  WARN [main] conf.HiveConf: HiveConf of name hive.metastore.metadb.dir does not exist
2024-04-24T10:28:13,148  WARN [main] conf.HiveConf: HiveConf of name hive.llap.io.cache.orc.alloc.min does not exist
2024-04-24T10:28:13,148  WARN [main] conf.HiveConf: HiveConf of name hive.metastore.client.cache.maxSize does not exist
2024-04-24T10:28:13,150  INFO [main] metastore.HiveMetaStoreClient: HMS client filtering is enabled.
2024-04-24T10:28:13,150  INFO [main] metastore.PersistenceManagerProvider: Configuration datanucleus.autoStartMechanismMode is not set. Defaulting to 'ignored'
2024-04-24T10:28:13,151  INFO [main] metastore.ObjectStore: RawStore: org.apache.hadoop.hive.metastore.ObjectStore@338cc75f, with PersistenceManager: org.datanucleus.api.jdo.JDOPersistenceManager@23ec2bdc will be shutdown
2024-04-24T10:28:13,151  INFO [main] metastore.ObjectStore: RawStore: org.apache.hadoop.hive.metastore.ObjectStore@338cc75f, with PersistenceManager: org.datanucleus.api.jdo.JDOPersistenceManager@6a2badb1 created in the thread with id: 1
2024-04-24T10:28:13,154  INFO [main] metastore.HMSHandler: HMS server filtering is disabled by configuration
Hive Session ID = eada9215-c198-41fe-847a-cc0d8f5ab219
2024-04-24T10:28:13,155  INFO [main] SessionState: Hive Session ID = eada9215-c198-41fe-847a-cc0d8f5ab219
ivysettings.xml file not found in HIVE_HOME or HIVE_CONF_DIR,file:/home/alex/.m2/repository/org/apache/pig/pig/0.16.0/pig-0.16.0-h2.jar!/ivysettings.xml will be used
2024-04-24T10:28:13,155  INFO [main] DependencyResolver: ivysettings.xml file not found in HIVE_HOME or HIVE_CONF_DIR,file:/home/alex/.m2/repository/org/apache/pig/pig/0.16.0/pig-0.16.0-h2.jar!/ivysettings.xml will be used
2024-04-24T10:28:13,161  INFO [main] session.SessionState: Created HDFS directory: /home/alex/Repositories/hive/hcatalog/hcatalog-pig-adapter/target/tmp/scratchdir/alex/eada9215-c198-41fe-847a-cc0d8f5ab219
2024-04-24T10:28:13,163  INFO [main] session.SessionState: Created local directory: /home/alex/Repositories/hive/hcatalog/hcatalog-pig-adapter/target/tmp/localscratchdir/eada9215-c198-41fe-847a-cc0d8f5ab219
2024-04-24T10:28:13,166  INFO [main] session.SessionState: Created HDFS directory: /home/alex/Repositories/hive/hcatalog/hcatalog-pig-adapter/target/tmp/scratchdir/alex/eada9215-c198-41fe-847a-cc0d8f5ab219/_tmp_space.db
]]></system-err>
  </testcase>
  <testcase name="testWriteTimestamp[1]" classname="org.apache.hive.hcatalog.pig.TestHCatStorer" time="0">
    <skipped message="got: &lt;false&gt;, expected: is &lt;true&gt;"/>
    <system-err><![CDATA[2024-04-24T10:28:13,200  WARN [main] conf.HiveConf: HiveConf of name hive.metastore.metadb.dir does not exist
2024-04-24T10:28:13,200  WARN [main] conf.HiveConf: HiveConf of name hive.metastore.client.cache.maxSize does not exist
2024-04-24T10:28:13,200  WARN [main] conf.HiveConf: HiveConf of name hive.llap.io.cache.orc.arena.size does not exist
2024-04-24T10:28:13,200  WARN [main] conf.HiveConf: HiveConf of name hive.metastore.client.cache.recordStats does not exist
2024-04-24T10:28:13,200  WARN [main] conf.HiveConf: HiveConf of name hive.llap.io.cache.orc.alloc.max does not exist
2024-04-24T10:28:13,200  WARN [main] conf.HiveConf: HiveConf of name hive.llap.io.cache.orc.size does not exist
2024-04-24T10:28:13,200  WARN [main] conf.HiveConf: HiveConf of name hive.dummyparam.test.server.specific.config.override does not exist
2024-04-24T10:28:13,200  WARN [main] conf.HiveConf: HiveConf of name hive.dummyparam.test.server.specific.config.metastoresite does not exist
2024-04-24T10:28:13,201  WARN [main] conf.HiveConf: HiveConf of name hive.dummyparam.test.server.specific.config.hivesite does not exist
2024-04-24T10:28:13,201  WARN [main] conf.HiveConf: HiveConf of name hive.llap.io.cache.orc.alloc.min does not exist
2024-04-24T10:28:13,201  WARN [main] conf.HiveConf: HiveConf of name hive.stats.key.prefix.reserve.length does not exist
2024-04-24T10:28:13,203  INFO [main] metastore.HiveMetaStoreClient: HMS client filtering is enabled.
2024-04-24T10:28:13,203  INFO [main] metastore.PersistenceManagerProvider: Configuration datanucleus.autoStartMechanismMode is not set. Defaulting to 'ignored'
2024-04-24T10:28:13,203  INFO [main] metastore.ObjectStore: RawStore: org.apache.hadoop.hive.metastore.ObjectStore@338cc75f, with PersistenceManager: org.datanucleus.api.jdo.JDOPersistenceManager@6a2badb1 will be shutdown
2024-04-24T10:28:13,204  INFO [main] metastore.ObjectStore: RawStore: org.apache.hadoop.hive.metastore.ObjectStore@338cc75f, with PersistenceManager: org.datanucleus.api.jdo.JDOPersistenceManager@7ac685ef created in the thread with id: 1
2024-04-24T10:28:13,207  INFO [main] metastore.HMSHandler: HMS server filtering is disabled by configuration
Hive Session ID = 2c69f145-66f8-4887-b79a-42ee436b969e
2024-04-24T10:28:13,207  INFO [main] SessionState: Hive Session ID = 2c69f145-66f8-4887-b79a-42ee436b969e
ivysettings.xml file not found in HIVE_HOME or HIVE_CONF_DIR,file:/home/alex/.m2/repository/org/apache/pig/pig/0.16.0/pig-0.16.0-h2.jar!/ivysettings.xml will be used
2024-04-24T10:28:13,207  INFO [main] DependencyResolver: ivysettings.xml file not found in HIVE_HOME or HIVE_CONF_DIR,file:/home/alex/.m2/repository/org/apache/pig/pig/0.16.0/pig-0.16.0-h2.jar!/ivysettings.xml will be used
2024-04-24T10:28:13,213  INFO [main] session.SessionState: Created HDFS directory: /home/alex/Repositories/hive/hcatalog/hcatalog-pig-adapter/target/tmp/scratchdir/alex/2c69f145-66f8-4887-b79a-42ee436b969e
2024-04-24T10:28:13,216  INFO [main] session.SessionState: Created local directory: /home/alex/Repositories/hive/hcatalog/hcatalog-pig-adapter/target/tmp/localscratchdir/2c69f145-66f8-4887-b79a-42ee436b969e
2024-04-24T10:28:13,218  INFO [main] session.SessionState: Created HDFS directory: /home/alex/Repositories/hive/hcatalog/hcatalog-pig-adapter/target/tmp/scratchdir/alex/2c69f145-66f8-4887-b79a-42ee436b969e/_tmp_space.db
]]></system-err>
  </testcase>
  <testcase name="testWriteDecimalXY[1]" classname="org.apache.hive.hcatalog.pig.TestHCatStorer" time="0">
    <skipped message="got: &lt;false&gt;, expected: is &lt;true&gt;"/>
    <system-err><![CDATA[2024-04-24T10:28:13,252  WARN [main] conf.HiveConf: HiveConf of name hive.metastore.client.cache.recordStats does not exist
2024-04-24T10:28:13,252  WARN [main] conf.HiveConf: HiveConf of name hive.metastore.client.cache.maxSize does not exist
2024-04-24T10:28:13,252  WARN [main] conf.HiveConf: HiveConf of name hive.llap.io.cache.orc.alloc.min does not exist
2024-04-24T10:28:13,252  WARN [main] conf.HiveConf: HiveConf of name hive.metastore.metadb.dir does not exist
2024-04-24T10:28:13,252  WARN [main] conf.HiveConf: HiveConf of name hive.llap.io.cache.orc.alloc.max does not exist
2024-04-24T10:28:13,252  WARN [main] conf.HiveConf: HiveConf of name hive.llap.io.cache.orc.arena.size does not exist
2024-04-24T10:28:13,252  WARN [main] conf.HiveConf: HiveConf of name hive.llap.io.cache.orc.size does not exist
2024-04-24T10:28:13,252  WARN [main] conf.HiveConf: HiveConf of name hive.dummyparam.test.server.specific.config.override does not exist
2024-04-24T10:28:13,252  WARN [main] conf.HiveConf: HiveConf of name hive.stats.key.prefix.reserve.length does not exist
2024-04-24T10:28:13,252  WARN [main] conf.HiveConf: HiveConf of name hive.dummyparam.test.server.specific.config.hivesite does not exist
2024-04-24T10:28:13,252  WARN [main] conf.HiveConf: HiveConf of name hive.dummyparam.test.server.specific.config.metastoresite does not exist
2024-04-24T10:28:13,255  INFO [main] metastore.HiveMetaStoreClient: HMS client filtering is enabled.
2024-04-24T10:28:13,255  INFO [main] metastore.PersistenceManagerProvider: Configuration datanucleus.autoStartMechanismMode is not set. Defaulting to 'ignored'
2024-04-24T10:28:13,255  INFO [main] metastore.ObjectStore: RawStore: org.apache.hadoop.hive.metastore.ObjectStore@338cc75f, with PersistenceManager: org.datanucleus.api.jdo.JDOPersistenceManager@7ac685ef will be shutdown
2024-04-24T10:28:13,256  INFO [main] metastore.ObjectStore: RawStore: org.apache.hadoop.hive.metastore.ObjectStore@338cc75f, with PersistenceManager: org.datanucleus.api.jdo.JDOPersistenceManager@2b4829aa created in the thread with id: 1
2024-04-24T10:28:13,258  INFO [main] metastore.HMSHandler: HMS server filtering is disabled by configuration
Hive Session ID = 71fa7449-bfad-4e3b-9378-6aa1451e28b6
2024-04-24T10:28:13,259  INFO [main] SessionState: Hive Session ID = 71fa7449-bfad-4e3b-9378-6aa1451e28b6
ivysettings.xml file not found in HIVE_HOME or HIVE_CONF_DIR,file:/home/alex/.m2/repository/org/apache/pig/pig/0.16.0/pig-0.16.0-h2.jar!/ivysettings.xml will be used
2024-04-24T10:28:13,259  INFO [main] DependencyResolver: ivysettings.xml file not found in HIVE_HOME or HIVE_CONF_DIR,file:/home/alex/.m2/repository/org/apache/pig/pig/0.16.0/pig-0.16.0-h2.jar!/ivysettings.xml will be used
2024-04-24T10:28:13,264  INFO [main] session.SessionState: Created HDFS directory: /home/alex/Repositories/hive/hcatalog/hcatalog-pig-adapter/target/tmp/scratchdir/alex/71fa7449-bfad-4e3b-9378-6aa1451e28b6
2024-04-24T10:28:13,267  INFO [main] session.SessionState: Created local directory: /home/alex/Repositories/hive/hcatalog/hcatalog-pig-adapter/target/tmp/localscratchdir/71fa7449-bfad-4e3b-9378-6aa1451e28b6
2024-04-24T10:28:13,269  INFO [main] session.SessionState: Created HDFS directory: /home/alex/Repositories/hive/hcatalog/hcatalog-pig-adapter/target/tmp/scratchdir/alex/71fa7449-bfad-4e3b-9378-6aa1451e28b6/_tmp_space.db
]]></system-err>
  </testcase>
  <testcase name="testStoreFuncSimple[1]" classname="org.apache.hive.hcatalog.pig.TestHCatStorer" time="0">
    <skipped message="got: &lt;false&gt;, expected: is &lt;true&gt;"/>
    <system-err><![CDATA[2024-04-24T10:28:13,302  WARN [main] conf.HiveConf: HiveConf of name hive.llap.io.cache.orc.arena.size does not exist
2024-04-24T10:28:13,302  WARN [main] conf.HiveConf: HiveConf of name hive.llap.io.cache.orc.alloc.max does not exist
2024-04-24T10:28:13,302  WARN [main] conf.HiveConf: HiveConf of name hive.stats.key.prefix.reserve.length does not exist
2024-04-24T10:28:13,302  WARN [main] conf.HiveConf: HiveConf of name hive.metastore.client.cache.recordStats does not exist
2024-04-24T10:28:13,302  WARN [main] conf.HiveConf: HiveConf of name hive.llap.io.cache.orc.alloc.min does not exist
2024-04-24T10:28:13,302  WARN [main] conf.HiveConf: HiveConf of name hive.dummyparam.test.server.specific.config.hivesite does not exist
2024-04-24T10:28:13,302  WARN [main] conf.HiveConf: HiveConf of name hive.metastore.metadb.dir does not exist
2024-04-24T10:28:13,302  WARN [main] conf.HiveConf: HiveConf of name hive.dummyparam.test.server.specific.config.metastoresite does not exist
2024-04-24T10:28:13,302  WARN [main] conf.HiveConf: HiveConf of name hive.dummyparam.test.server.specific.config.override does not exist
2024-04-24T10:28:13,302  WARN [main] conf.HiveConf: HiveConf of name hive.metastore.client.cache.maxSize does not exist
2024-04-24T10:28:13,302  WARN [main] conf.HiveConf: HiveConf of name hive.llap.io.cache.orc.size does not exist
2024-04-24T10:28:13,304  INFO [main] metastore.HiveMetaStoreClient: HMS client filtering is enabled.
2024-04-24T10:28:13,305  INFO [main] metastore.PersistenceManagerProvider: Configuration datanucleus.autoStartMechanismMode is not set. Defaulting to 'ignored'
2024-04-24T10:28:13,305  INFO [main] metastore.ObjectStore: RawStore: org.apache.hadoop.hive.metastore.ObjectStore@338cc75f, with PersistenceManager: org.datanucleus.api.jdo.JDOPersistenceManager@2b4829aa will be shutdown
2024-04-24T10:28:13,305  INFO [main] metastore.ObjectStore: RawStore: org.apache.hadoop.hive.metastore.ObjectStore@338cc75f, with PersistenceManager: org.datanucleus.api.jdo.JDOPersistenceManager@56881196 created in the thread with id: 1
2024-04-24T10:28:13,308  INFO [main] metastore.HMSHandler: HMS server filtering is disabled by configuration
Hive Session ID = 5d04e81d-7934-4a59-a5cb-ec88a3d6fd68
2024-04-24T10:28:13,309  INFO [main] SessionState: Hive Session ID = 5d04e81d-7934-4a59-a5cb-ec88a3d6fd68
ivysettings.xml file not found in HIVE_HOME or HIVE_CONF_DIR,file:/home/alex/.m2/repository/org/apache/pig/pig/0.16.0/pig-0.16.0-h2.jar!/ivysettings.xml will be used
2024-04-24T10:28:13,309  INFO [main] DependencyResolver: ivysettings.xml file not found in HIVE_HOME or HIVE_CONF_DIR,file:/home/alex/.m2/repository/org/apache/pig/pig/0.16.0/pig-0.16.0-h2.jar!/ivysettings.xml will be used
2024-04-24T10:28:13,315  INFO [main] session.SessionState: Created HDFS directory: /home/alex/Repositories/hive/hcatalog/hcatalog-pig-adapter/target/tmp/scratchdir/alex/5d04e81d-7934-4a59-a5cb-ec88a3d6fd68
2024-04-24T10:28:13,317  INFO [main] session.SessionState: Created local directory: /home/alex/Repositories/hive/hcatalog/hcatalog-pig-adapter/target/tmp/localscratchdir/5d04e81d-7934-4a59-a5cb-ec88a3d6fd68
2024-04-24T10:28:13,320  INFO [main] session.SessionState: Created HDFS directory: /home/alex/Repositories/hive/hcatalog/hcatalog-pig-adapter/target/tmp/scratchdir/alex/5d04e81d-7934-4a59-a5cb-ec88a3d6fd68/_tmp_space.db
]]></system-err>
  </testcase>
  <testcase name="testDynamicPartitioningMultiPartColsInDataNoSpec[2]" classname="org.apache.hive.hcatalog.pig.TestHCatStorer" time="0">
    <skipped message="got: &lt;false&gt;, expected: is &lt;true&gt;"/>
    <system-err><![CDATA[2024-04-24T10:28:13,354  WARN [main] conf.HiveConf: HiveConf of name hive.llap.io.cache.orc.arena.size does not exist
2024-04-24T10:28:13,354  WARN [main] conf.HiveConf: HiveConf of name hive.dummyparam.test.server.specific.config.override does not exist
2024-04-24T10:28:13,354  WARN [main] conf.HiveConf: HiveConf of name hive.llap.io.cache.orc.alloc.max does not exist
2024-04-24T10:28:13,354  WARN [main] conf.HiveConf: HiveConf of name hive.dummyparam.test.server.specific.config.metastoresite does not exist
2024-04-24T10:28:13,355  WARN [main] conf.HiveConf: HiveConf of name hive.dummyparam.test.server.specific.config.hivesite does not exist
2024-04-24T10:28:13,355  WARN [main] conf.HiveConf: HiveConf of name hive.llap.io.cache.orc.alloc.min does not exist
2024-04-24T10:28:13,355  WARN [main] conf.HiveConf: HiveConf of name hive.metastore.client.cache.recordStats does not exist
2024-04-24T10:28:13,355  WARN [main] conf.HiveConf: HiveConf of name hive.metastore.metadb.dir does not exist
2024-04-24T10:28:13,355  WARN [main] conf.HiveConf: HiveConf of name hive.metastore.client.cache.maxSize does not exist
2024-04-24T10:28:13,355  WARN [main] conf.HiveConf: HiveConf of name hive.stats.key.prefix.reserve.length does not exist
2024-04-24T10:28:13,355  WARN [main] conf.HiveConf: HiveConf of name hive.llap.io.cache.orc.size does not exist
2024-04-24T10:28:13,357  INFO [main] metastore.HiveMetaStoreClient: HMS client filtering is enabled.
2024-04-24T10:28:13,357  INFO [main] metastore.PersistenceManagerProvider: Configuration datanucleus.autoStartMechanismMode is not set. Defaulting to 'ignored'
2024-04-24T10:28:13,358  INFO [main] metastore.ObjectStore: RawStore: org.apache.hadoop.hive.metastore.ObjectStore@338cc75f, with PersistenceManager: org.datanucleus.api.jdo.JDOPersistenceManager@56881196 will be shutdown
2024-04-24T10:28:13,358  INFO [main] metastore.ObjectStore: RawStore: org.apache.hadoop.hive.metastore.ObjectStore@338cc75f, with PersistenceManager: org.datanucleus.api.jdo.JDOPersistenceManager@50672905 created in the thread with id: 1
2024-04-24T10:28:13,361  INFO [main] metastore.HMSHandler: HMS server filtering is disabled by configuration
Hive Session ID = 3d36d769-6403-4c14-8c90-760d851f3fef
2024-04-24T10:28:13,361  INFO [main] SessionState: Hive Session ID = 3d36d769-6403-4c14-8c90-760d851f3fef
ivysettings.xml file not found in HIVE_HOME or HIVE_CONF_DIR,file:/home/alex/.m2/repository/org/apache/pig/pig/0.16.0/pig-0.16.0-h2.jar!/ivysettings.xml will be used
2024-04-24T10:28:13,362  INFO [main] DependencyResolver: ivysettings.xml file not found in HIVE_HOME or HIVE_CONF_DIR,file:/home/alex/.m2/repository/org/apache/pig/pig/0.16.0/pig-0.16.0-h2.jar!/ivysettings.xml will be used
2024-04-24T10:28:13,367  INFO [main] session.SessionState: Created HDFS directory: /home/alex/Repositories/hive/hcatalog/hcatalog-pig-adapter/target/tmp/scratchdir/alex/3d36d769-6403-4c14-8c90-760d851f3fef
2024-04-24T10:28:13,370  INFO [main] session.SessionState: Created local directory: /home/alex/Repositories/hive/hcatalog/hcatalog-pig-adapter/target/tmp/localscratchdir/3d36d769-6403-4c14-8c90-760d851f3fef
2024-04-24T10:28:13,372  INFO [main] session.SessionState: Created HDFS directory: /home/alex/Repositories/hive/hcatalog/hcatalog-pig-adapter/target/tmp/scratchdir/alex/3d36d769-6403-4c14-8c90-760d851f3fef/_tmp_space.db
]]></system-err>
  </testcase>
  <testcase name="testWriteTinyint[2]" classname="org.apache.hive.hcatalog.pig.TestHCatStorer" time="0">
    <skipped message="got: &lt;false&gt;, expected: is &lt;true&gt;"/>
    <system-err><![CDATA[2024-04-24T10:28:13,407  WARN [main] conf.HiveConf: HiveConf of name hive.stats.key.prefix.reserve.length does not exist
2024-04-24T10:28:13,407  WARN [main] conf.HiveConf: HiveConf of name hive.metastore.client.cache.maxSize does not exist
2024-04-24T10:28:13,407  WARN [main] conf.HiveConf: HiveConf of name hive.llap.io.cache.orc.alloc.max does not exist
2024-04-24T10:28:13,407  WARN [main] conf.HiveConf: HiveConf of name hive.llap.io.cache.orc.size does not exist
2024-04-24T10:28:13,407  WARN [main] conf.HiveConf: HiveConf of name hive.dummyparam.test.server.specific.config.override does not exist
2024-04-24T10:28:13,407  WARN [main] conf.HiveConf: HiveConf of name hive.metastore.metadb.dir does not exist
2024-04-24T10:28:13,407  WARN [main] conf.HiveConf: HiveConf of name hive.dummyparam.test.server.specific.config.hivesite does not exist
2024-04-24T10:28:13,407  WARN [main] conf.HiveConf: HiveConf of name hive.llap.io.cache.orc.alloc.min does not exist
2024-04-24T10:28:13,407  WARN [main] conf.HiveConf: HiveConf of name hive.llap.io.cache.orc.arena.size does not exist
2024-04-24T10:28:13,408  WARN [main] conf.HiveConf: HiveConf of name hive.dummyparam.test.server.specific.config.metastoresite does not exist
2024-04-24T10:28:13,408  WARN [main] conf.HiveConf: HiveConf of name hive.metastore.client.cache.recordStats does not exist
2024-04-24T10:28:13,410  INFO [main] metastore.HiveMetaStoreClient: HMS client filtering is enabled.
2024-04-24T10:28:13,410  INFO [main] metastore.PersistenceManagerProvider: Configuration datanucleus.autoStartMechanismMode is not set. Defaulting to 'ignored'
2024-04-24T10:28:13,410  INFO [main] metastore.ObjectStore: RawStore: org.apache.hadoop.hive.metastore.ObjectStore@338cc75f, with PersistenceManager: org.datanucleus.api.jdo.JDOPersistenceManager@50672905 will be shutdown
2024-04-24T10:28:13,411  INFO [main] metastore.ObjectStore: RawStore: org.apache.hadoop.hive.metastore.ObjectStore@338cc75f, with PersistenceManager: org.datanucleus.api.jdo.JDOPersistenceManager@3c3ab672 created in the thread with id: 1
2024-04-24T10:28:13,414  INFO [main] metastore.HMSHandler: HMS server filtering is disabled by configuration
Hive Session ID = 212eae0e-b237-453e-a74a-b687a5cfb5a1
2024-04-24T10:28:13,414  INFO [main] SessionState: Hive Session ID = 212eae0e-b237-453e-a74a-b687a5cfb5a1
ivysettings.xml file not found in HIVE_HOME or HIVE_CONF_DIR,file:/home/alex/.m2/repository/org/apache/pig/pig/0.16.0/pig-0.16.0-h2.jar!/ivysettings.xml will be used
2024-04-24T10:28:13,414  INFO [main] DependencyResolver: ivysettings.xml file not found in HIVE_HOME or HIVE_CONF_DIR,file:/home/alex/.m2/repository/org/apache/pig/pig/0.16.0/pig-0.16.0-h2.jar!/ivysettings.xml will be used
2024-04-24T10:28:13,420  INFO [main] session.SessionState: Created HDFS directory: /home/alex/Repositories/hive/hcatalog/hcatalog-pig-adapter/target/tmp/scratchdir/alex/212eae0e-b237-453e-a74a-b687a5cfb5a1
2024-04-24T10:28:13,422  INFO [main] session.SessionState: Created local directory: /home/alex/Repositories/hive/hcatalog/hcatalog-pig-adapter/target/tmp/localscratchdir/212eae0e-b237-453e-a74a-b687a5cfb5a1
2024-04-24T10:28:13,425  INFO [main] session.SessionState: Created HDFS directory: /home/alex/Repositories/hive/hcatalog/hcatalog-pig-adapter/target/tmp/scratchdir/alex/212eae0e-b237-453e-a74a-b687a5cfb5a1/_tmp_space.db
]]></system-err>
  </testcase>
  <testcase name="testEmptyStore[2]" classname="org.apache.hive.hcatalog.pig.TestHCatStorer" time="0">
    <skipped message="got: &lt;false&gt;, expected: is &lt;true&gt;"/>
    <system-err><![CDATA[2024-04-24T10:28:13,466  WARN [main] conf.HiveConf: HiveConf of name hive.metastore.client.cache.maxSize does not exist
2024-04-24T10:28:13,466  WARN [main] conf.HiveConf: HiveConf of name hive.dummyparam.test.server.specific.config.metastoresite does not exist
2024-04-24T10:28:13,466  WARN [main] conf.HiveConf: HiveConf of name hive.stats.key.prefix.reserve.length does not exist
2024-04-24T10:28:13,466  WARN [main] conf.HiveConf: HiveConf of name hive.llap.io.cache.orc.alloc.max does not exist
2024-04-24T10:28:13,466  WARN [main] conf.HiveConf: HiveConf of name hive.llap.io.cache.orc.alloc.min does not exist
2024-04-24T10:28:13,466  WARN [main] conf.HiveConf: HiveConf of name hive.llap.io.cache.orc.size does not exist
2024-04-24T10:28:13,466  WARN [main] conf.HiveConf: HiveConf of name hive.dummyparam.test.server.specific.config.hivesite does not exist
2024-04-24T10:28:13,466  WARN [main] conf.HiveConf: HiveConf of name hive.metastore.client.cache.recordStats does not exist
2024-04-24T10:28:13,466  WARN [main] conf.HiveConf: HiveConf of name hive.llap.io.cache.orc.arena.size does not exist
2024-04-24T10:28:13,466  WARN [main] conf.HiveConf: HiveConf of name hive.metastore.metadb.dir does not exist
2024-04-24T10:28:13,467  WARN [main] conf.HiveConf: HiveConf of name hive.dummyparam.test.server.specific.config.override does not exist
2024-04-24T10:28:13,468  INFO [main] metastore.HiveMetaStoreClient: HMS client filtering is enabled.
2024-04-24T10:28:13,468  INFO [main] metastore.PersistenceManagerProvider: Configuration datanucleus.autoStartMechanismMode is not set. Defaulting to 'ignored'
2024-04-24T10:28:13,469  INFO [main] metastore.ObjectStore: RawStore: org.apache.hadoop.hive.metastore.ObjectStore@338cc75f, with PersistenceManager: org.datanucleus.api.jdo.JDOPersistenceManager@3c3ab672 will be shutdown
2024-04-24T10:28:13,469  INFO [main] metastore.ObjectStore: RawStore: org.apache.hadoop.hive.metastore.ObjectStore@338cc75f, with PersistenceManager: org.datanucleus.api.jdo.JDOPersistenceManager@fbbd90c created in the thread with id: 1
2024-04-24T10:28:13,471  INFO [main] metastore.HMSHandler: HMS server filtering is disabled by configuration
Hive Session ID = a32b0b0f-a77d-429a-af56-2071ad68f77c
2024-04-24T10:28:13,471  INFO [main] SessionState: Hive Session ID = a32b0b0f-a77d-429a-af56-2071ad68f77c
ivysettings.xml file not found in HIVE_HOME or HIVE_CONF_DIR,file:/home/alex/.m2/repository/org/apache/pig/pig/0.16.0/pig-0.16.0-h2.jar!/ivysettings.xml will be used
2024-04-24T10:28:13,472  INFO [main] DependencyResolver: ivysettings.xml file not found in HIVE_HOME or HIVE_CONF_DIR,file:/home/alex/.m2/repository/org/apache/pig/pig/0.16.0/pig-0.16.0-h2.jar!/ivysettings.xml will be used
2024-04-24T10:28:13,477  INFO [main] session.SessionState: Created HDFS directory: /home/alex/Repositories/hive/hcatalog/hcatalog-pig-adapter/target/tmp/scratchdir/alex/a32b0b0f-a77d-429a-af56-2071ad68f77c
2024-04-24T10:28:13,480  INFO [main] session.SessionState: Created local directory: /home/alex/Repositories/hive/hcatalog/hcatalog-pig-adapter/target/tmp/localscratchdir/a32b0b0f-a77d-429a-af56-2071ad68f77c
2024-04-24T10:28:13,482  INFO [main] session.SessionState: Created HDFS directory: /home/alex/Repositories/hive/hcatalog/hcatalog-pig-adapter/target/tmp/scratchdir/alex/a32b0b0f-a77d-429a-af56-2071ad68f77c/_tmp_space.db
]]></system-err>
  </testcase>
  <testcase name="testStoreFuncAllSimpleTypes[2]" classname="org.apache.hive.hcatalog.pig.TestHCatStorer" time="0">
    <skipped message="got: &lt;false&gt;, expected: is &lt;true&gt;"/>
    <system-err><![CDATA[2024-04-24T10:28:13,514  WARN [main] conf.HiveConf: HiveConf of name hive.llap.io.cache.orc.alloc.max does not exist
2024-04-24T10:28:13,514  WARN [main] conf.HiveConf: HiveConf of name hive.llap.io.cache.orc.arena.size does not exist
2024-04-24T10:28:13,514  WARN [main] conf.HiveConf: HiveConf of name hive.dummyparam.test.server.specific.config.override does not exist
2024-04-24T10:28:13,514  WARN [main] conf.HiveConf: HiveConf of name hive.stats.key.prefix.reserve.length does not exist
2024-04-24T10:28:13,514  WARN [main] conf.HiveConf: HiveConf of name hive.metastore.client.cache.maxSize does not exist
2024-04-24T10:28:13,514  WARN [main] conf.HiveConf: HiveConf of name hive.dummyparam.test.server.specific.config.metastoresite does not exist
2024-04-24T10:28:13,514  WARN [main] conf.HiveConf: HiveConf of name hive.dummyparam.test.server.specific.config.hivesite does not exist
2024-04-24T10:28:13,514  WARN [main] conf.HiveConf: HiveConf of name hive.metastore.metadb.dir does not exist
2024-04-24T10:28:13,514  WARN [main] conf.HiveConf: HiveConf of name hive.metastore.client.cache.recordStats does not exist
2024-04-24T10:28:13,514  WARN [main] conf.HiveConf: HiveConf of name hive.llap.io.cache.orc.alloc.min does not exist
2024-04-24T10:28:13,514  WARN [main] conf.HiveConf: HiveConf of name hive.llap.io.cache.orc.size does not exist
2024-04-24T10:28:13,516  INFO [main] metastore.HiveMetaStoreClient: HMS client filtering is enabled.
2024-04-24T10:28:13,516  INFO [main] metastore.PersistenceManagerProvider: Configuration datanucleus.autoStartMechanismMode is not set. Defaulting to 'ignored'
2024-04-24T10:28:13,517  INFO [main] metastore.ObjectStore: RawStore: org.apache.hadoop.hive.metastore.ObjectStore@338cc75f, with PersistenceManager: org.datanucleus.api.jdo.JDOPersistenceManager@fbbd90c will be shutdown
2024-04-24T10:28:13,517  INFO [main] metastore.ObjectStore: RawStore: org.apache.hadoop.hive.metastore.ObjectStore@338cc75f, with PersistenceManager: org.datanucleus.api.jdo.JDOPersistenceManager@32a4ea4e created in the thread with id: 1
2024-04-24T10:28:13,520  INFO [main] metastore.HMSHandler: HMS server filtering is disabled by configuration
Hive Session ID = e45c3718-0145-48da-98f4-0a1f9e7610e9
2024-04-24T10:28:13,520  INFO [main] SessionState: Hive Session ID = e45c3718-0145-48da-98f4-0a1f9e7610e9
ivysettings.xml file not found in HIVE_HOME or HIVE_CONF_DIR,file:/home/alex/.m2/repository/org/apache/pig/pig/0.16.0/pig-0.16.0-h2.jar!/ivysettings.xml will be used
2024-04-24T10:28:13,520  INFO [main] DependencyResolver: ivysettings.xml file not found in HIVE_HOME or HIVE_CONF_DIR,file:/home/alex/.m2/repository/org/apache/pig/pig/0.16.0/pig-0.16.0-h2.jar!/ivysettings.xml will be used
2024-04-24T10:28:13,526  INFO [main] session.SessionState: Created HDFS directory: /home/alex/Repositories/hive/hcatalog/hcatalog-pig-adapter/target/tmp/scratchdir/alex/e45c3718-0145-48da-98f4-0a1f9e7610e9
2024-04-24T10:28:13,528  INFO [main] session.SessionState: Created local directory: /home/alex/Repositories/hive/hcatalog/hcatalog-pig-adapter/target/tmp/localscratchdir/e45c3718-0145-48da-98f4-0a1f9e7610e9
2024-04-24T10:28:13,530  INFO [main] session.SessionState: Created HDFS directory: /home/alex/Repositories/hive/hcatalog/hcatalog-pig-adapter/target/tmp/scratchdir/alex/e45c3718-0145-48da-98f4-0a1f9e7610e9/_tmp_space.db
]]></system-err>
  </testcase>
  <testcase name="testDynamicPartitioningMultiPartColsInDataPartialSpec[2]" classname="org.apache.hive.hcatalog.pig.TestHCatStorer" time="0">
    <skipped message="got: &lt;false&gt;, expected: is &lt;true&gt;"/>
    <system-err><![CDATA[2024-04-24T10:28:13,562  WARN [main] conf.HiveConf: HiveConf of name hive.llap.io.cache.orc.size does not exist
2024-04-24T10:28:13,562  WARN [main] conf.HiveConf: HiveConf of name hive.dummyparam.test.server.specific.config.hivesite does not exist
2024-04-24T10:28:13,562  WARN [main] conf.HiveConf: HiveConf of name hive.llap.io.cache.orc.arena.size does not exist
2024-04-24T10:28:13,562  WARN [main] conf.HiveConf: HiveConf of name hive.dummyparam.test.server.specific.config.override does not exist
2024-04-24T10:28:13,562  WARN [main] conf.HiveConf: HiveConf of name hive.metastore.metadb.dir does not exist
2024-04-24T10:28:13,562  WARN [main] conf.HiveConf: HiveConf of name hive.llap.io.cache.orc.alloc.min does not exist
2024-04-24T10:28:13,562  WARN [main] conf.HiveConf: HiveConf of name hive.stats.key.prefix.reserve.length does not exist
2024-04-24T10:28:13,562  WARN [main] conf.HiveConf: HiveConf of name hive.metastore.client.cache.maxSize does not exist
2024-04-24T10:28:13,562  WARN [main] conf.HiveConf: HiveConf of name hive.llap.io.cache.orc.alloc.max does not exist
2024-04-24T10:28:13,562  WARN [main] conf.HiveConf: HiveConf of name hive.metastore.client.cache.recordStats does not exist
2024-04-24T10:28:13,562  WARN [main] conf.HiveConf: HiveConf of name hive.dummyparam.test.server.specific.config.metastoresite does not exist
2024-04-24T10:28:13,564  INFO [main] metastore.HiveMetaStoreClient: HMS client filtering is enabled.
2024-04-24T10:28:13,564  INFO [main] metastore.PersistenceManagerProvider: Configuration datanucleus.autoStartMechanismMode is not set. Defaulting to 'ignored'
2024-04-24T10:28:13,564  INFO [main] metastore.ObjectStore: RawStore: org.apache.hadoop.hive.metastore.ObjectStore@338cc75f, with PersistenceManager: org.datanucleus.api.jdo.JDOPersistenceManager@32a4ea4e will be shutdown
2024-04-24T10:28:13,564  INFO [main] metastore.ObjectStore: RawStore: org.apache.hadoop.hive.metastore.ObjectStore@338cc75f, with PersistenceManager: org.datanucleus.api.jdo.JDOPersistenceManager@a1cb94 created in the thread with id: 1
2024-04-24T10:28:13,567  INFO [main] metastore.HMSHandler: HMS server filtering is disabled by configuration
Hive Session ID = 60ca10ea-acb0-4bd7-9e06-14f5d9d1bb3d
2024-04-24T10:28:13,567  INFO [main] SessionState: Hive Session ID = 60ca10ea-acb0-4bd7-9e06-14f5d9d1bb3d
ivysettings.xml file not found in HIVE_HOME or HIVE_CONF_DIR,file:/home/alex/.m2/repository/org/apache/pig/pig/0.16.0/pig-0.16.0-h2.jar!/ivysettings.xml will be used
2024-04-24T10:28:13,567  INFO [main] DependencyResolver: ivysettings.xml file not found in HIVE_HOME or HIVE_CONF_DIR,file:/home/alex/.m2/repository/org/apache/pig/pig/0.16.0/pig-0.16.0-h2.jar!/ivysettings.xml will be used
2024-04-24T10:28:13,572  INFO [main] session.SessionState: Created HDFS directory: /home/alex/Repositories/hive/hcatalog/hcatalog-pig-adapter/target/tmp/scratchdir/alex/60ca10ea-acb0-4bd7-9e06-14f5d9d1bb3d
2024-04-24T10:28:13,575  INFO [main] session.SessionState: Created local directory: /home/alex/Repositories/hive/hcatalog/hcatalog-pig-adapter/target/tmp/localscratchdir/60ca10ea-acb0-4bd7-9e06-14f5d9d1bb3d
2024-04-24T10:28:13,577  INFO [main] session.SessionState: Created HDFS directory: /home/alex/Repositories/hive/hcatalog/hcatalog-pig-adapter/target/tmp/scratchdir/alex/60ca10ea-acb0-4bd7-9e06-14f5d9d1bb3d/_tmp_space.db
]]></system-err>
  </testcase>
  <testcase name="testWriteDate2[2]" classname="org.apache.hive.hcatalog.pig.TestHCatStorer" time="0">
    <skipped message="got: &lt;false&gt;, expected: is &lt;true&gt;"/>
    <system-err><![CDATA[2024-04-24T10:28:13,608  WARN [main] conf.HiveConf: HiveConf of name hive.llap.io.cache.orc.size does not exist
2024-04-24T10:28:13,609  WARN [main] conf.HiveConf: HiveConf of name hive.metastore.client.cache.maxSize does not exist
2024-04-24T10:28:13,609  WARN [main] conf.HiveConf: HiveConf of name hive.llap.io.cache.orc.alloc.min does not exist
2024-04-24T10:28:13,609  WARN [main] conf.HiveConf: HiveConf of name hive.metastore.metadb.dir does not exist
2024-04-24T10:28:13,609  WARN [main] conf.HiveConf: HiveConf of name hive.dummyparam.test.server.specific.config.override does not exist
2024-04-24T10:28:13,609  WARN [main] conf.HiveConf: HiveConf of name hive.llap.io.cache.orc.alloc.max does not exist
2024-04-24T10:28:13,609  WARN [main] conf.HiveConf: HiveConf of name hive.dummyparam.test.server.specific.config.metastoresite does not exist
2024-04-24T10:28:13,609  WARN [main] conf.HiveConf: HiveConf of name hive.metastore.client.cache.recordStats does not exist
2024-04-24T10:28:13,609  WARN [main] conf.HiveConf: HiveConf of name hive.stats.key.prefix.reserve.length does not exist
2024-04-24T10:28:13,609  WARN [main] conf.HiveConf: HiveConf of name hive.dummyparam.test.server.specific.config.hivesite does not exist
2024-04-24T10:28:13,609  WARN [main] conf.HiveConf: HiveConf of name hive.llap.io.cache.orc.arena.size does not exist
2024-04-24T10:28:13,611  INFO [main] metastore.HiveMetaStoreClient: HMS client filtering is enabled.
2024-04-24T10:28:13,611  INFO [main] metastore.PersistenceManagerProvider: Configuration datanucleus.autoStartMechanismMode is not set. Defaulting to 'ignored'
2024-04-24T10:28:13,611  INFO [main] metastore.ObjectStore: RawStore: org.apache.hadoop.hive.metastore.ObjectStore@338cc75f, with PersistenceManager: org.datanucleus.api.jdo.JDOPersistenceManager@a1cb94 will be shutdown
2024-04-24T10:28:13,611  INFO [main] metastore.ObjectStore: RawStore: org.apache.hadoop.hive.metastore.ObjectStore@338cc75f, with PersistenceManager: org.datanucleus.api.jdo.JDOPersistenceManager@5e1d1524 created in the thread with id: 1
2024-04-24T10:28:13,614  INFO [main] metastore.HMSHandler: HMS server filtering is disabled by configuration
Hive Session ID = 574e6df1-6570-458e-a7b4-bf2c131d8899
2024-04-24T10:28:13,614  INFO [main] SessionState: Hive Session ID = 574e6df1-6570-458e-a7b4-bf2c131d8899
ivysettings.xml file not found in HIVE_HOME or HIVE_CONF_DIR,file:/home/alex/.m2/repository/org/apache/pig/pig/0.16.0/pig-0.16.0-h2.jar!/ivysettings.xml will be used
2024-04-24T10:28:13,614  INFO [main] DependencyResolver: ivysettings.xml file not found in HIVE_HOME or HIVE_CONF_DIR,file:/home/alex/.m2/repository/org/apache/pig/pig/0.16.0/pig-0.16.0-h2.jar!/ivysettings.xml will be used
2024-04-24T10:28:13,620  INFO [main] session.SessionState: Created HDFS directory: /home/alex/Repositories/hive/hcatalog/hcatalog-pig-adapter/target/tmp/scratchdir/alex/574e6df1-6570-458e-a7b4-bf2c131d8899
2024-04-24T10:28:13,622  INFO [main] session.SessionState: Created local directory: /home/alex/Repositories/hive/hcatalog/hcatalog-pig-adapter/target/tmp/localscratchdir/574e6df1-6570-458e-a7b4-bf2c131d8899
2024-04-24T10:28:13,625  INFO [main] session.SessionState: Created HDFS directory: /home/alex/Repositories/hive/hcatalog/hcatalog-pig-adapter/target/tmp/scratchdir/alex/574e6df1-6570-458e-a7b4-bf2c131d8899/_tmp_space.db
]]></system-err>
  </testcase>
  <testcase name="testWriteDate3[2]" classname="org.apache.hive.hcatalog.pig.TestHCatStorer" time="0">
    <skipped message="got: &lt;false&gt;, expected: is &lt;true&gt;"/>
    <system-err><![CDATA[2024-04-24T10:28:13,658  WARN [main] conf.HiveConf: HiveConf of name hive.dummyparam.test.server.specific.config.override does not exist
2024-04-24T10:28:13,658  WARN [main] conf.HiveConf: HiveConf of name hive.llap.io.cache.orc.size does not exist
2024-04-24T10:28:13,658  WARN [main] conf.HiveConf: HiveConf of name hive.metastore.metadb.dir does not exist
2024-04-24T10:28:13,658  WARN [main] conf.HiveConf: HiveConf of name hive.stats.key.prefix.reserve.length does not exist
2024-04-24T10:28:13,658  WARN [main] conf.HiveConf: HiveConf of name hive.dummyparam.test.server.specific.config.hivesite does not exist
2024-04-24T10:28:13,658  WARN [main] conf.HiveConf: HiveConf of name hive.llap.io.cache.orc.alloc.min does not exist
2024-04-24T10:28:13,658  WARN [main] conf.HiveConf: HiveConf of name hive.llap.io.cache.orc.alloc.max does not exist
2024-04-24T10:28:13,658  WARN [main] conf.HiveConf: HiveConf of name hive.dummyparam.test.server.specific.config.metastoresite does not exist
2024-04-24T10:28:13,658  WARN [main] conf.HiveConf: HiveConf of name hive.metastore.client.cache.recordStats does not exist
2024-04-24T10:28:13,658  WARN [main] conf.HiveConf: HiveConf of name hive.metastore.client.cache.maxSize does not exist
2024-04-24T10:28:13,658  WARN [main] conf.HiveConf: HiveConf of name hive.llap.io.cache.orc.arena.size does not exist
2024-04-24T10:28:13,660  INFO [main] metastore.HiveMetaStoreClient: HMS client filtering is enabled.
2024-04-24T10:28:13,660  INFO [main] metastore.PersistenceManagerProvider: Configuration datanucleus.autoStartMechanismMode is not set. Defaulting to 'ignored'
2024-04-24T10:28:13,660  INFO [main] metastore.ObjectStore: RawStore: org.apache.hadoop.hive.metastore.ObjectStore@338cc75f, with PersistenceManager: org.datanucleus.api.jdo.JDOPersistenceManager@5e1d1524 will be shutdown
2024-04-24T10:28:13,660  INFO [main] metastore.ObjectStore: RawStore: org.apache.hadoop.hive.metastore.ObjectStore@338cc75f, with PersistenceManager: org.datanucleus.api.jdo.JDOPersistenceManager@53e4a19e created in the thread with id: 1
2024-04-24T10:28:13,663  INFO [main] metastore.HMSHandler: HMS server filtering is disabled by configuration
Hive Session ID = 99499439-11ee-4273-9999-e06dc1077a1f
2024-04-24T10:28:13,663  INFO [main] SessionState: Hive Session ID = 99499439-11ee-4273-9999-e06dc1077a1f
ivysettings.xml file not found in HIVE_HOME or HIVE_CONF_DIR,file:/home/alex/.m2/repository/org/apache/pig/pig/0.16.0/pig-0.16.0-h2.jar!/ivysettings.xml will be used
2024-04-24T10:28:13,663  INFO [main] DependencyResolver: ivysettings.xml file not found in HIVE_HOME or HIVE_CONF_DIR,file:/home/alex/.m2/repository/org/apache/pig/pig/0.16.0/pig-0.16.0-h2.jar!/ivysettings.xml will be used
2024-04-24T10:28:13,669  INFO [main] session.SessionState: Created HDFS directory: /home/alex/Repositories/hive/hcatalog/hcatalog-pig-adapter/target/tmp/scratchdir/alex/99499439-11ee-4273-9999-e06dc1077a1f
2024-04-24T10:28:13,672  INFO [main] session.SessionState: Created local directory: /home/alex/Repositories/hive/hcatalog/hcatalog-pig-adapter/target/tmp/localscratchdir/99499439-11ee-4273-9999-e06dc1077a1f
2024-04-24T10:28:13,674  INFO [main] session.SessionState: Created HDFS directory: /home/alex/Repositories/hive/hcatalog/hcatalog-pig-adapter/target/tmp/scratchdir/alex/99499439-11ee-4273-9999-e06dc1077a1f/_tmp_space.db
]]></system-err>
  </testcase>
  <testcase name="testStoreInPartiitonedTbl[2]" classname="org.apache.hive.hcatalog.pig.TestHCatStorer" time="0">
    <skipped message="got: &lt;false&gt;, expected: is &lt;true&gt;"/>
    <system-err><![CDATA[2024-04-24T10:28:13,706  WARN [main] conf.HiveConf: HiveConf of name hive.llap.io.cache.orc.alloc.max does not exist
2024-04-24T10:28:13,706  WARN [main] conf.HiveConf: HiveConf of name hive.llap.io.cache.orc.arena.size does not exist
2024-04-24T10:28:13,706  WARN [main] conf.HiveConf: HiveConf of name hive.dummyparam.test.server.specific.config.hivesite does not exist
2024-04-24T10:28:13,706  WARN [main] conf.HiveConf: HiveConf of name hive.stats.key.prefix.reserve.length does not exist
2024-04-24T10:28:13,706  WARN [main] conf.HiveConf: HiveConf of name hive.llap.io.cache.orc.alloc.min does not exist
2024-04-24T10:28:13,706  WARN [main] conf.HiveConf: HiveConf of name hive.llap.io.cache.orc.size does not exist
2024-04-24T10:28:13,706  WARN [main] conf.HiveConf: HiveConf of name hive.metastore.client.cache.maxSize does not exist
2024-04-24T10:28:13,706  WARN [main] conf.HiveConf: HiveConf of name hive.dummyparam.test.server.specific.config.metastoresite does not exist
2024-04-24T10:28:13,706  WARN [main] conf.HiveConf: HiveConf of name hive.dummyparam.test.server.specific.config.override does not exist
2024-04-24T10:28:13,706  WARN [main] conf.HiveConf: HiveConf of name hive.metastore.metadb.dir does not exist
2024-04-24T10:28:13,706  WARN [main] conf.HiveConf: HiveConf of name hive.metastore.client.cache.recordStats does not exist
2024-04-24T10:28:13,708  INFO [main] metastore.HiveMetaStoreClient: HMS client filtering is enabled.
2024-04-24T10:28:13,708  INFO [main] metastore.PersistenceManagerProvider: Configuration datanucleus.autoStartMechanismMode is not set. Defaulting to 'ignored'
2024-04-24T10:28:13,708  INFO [main] metastore.ObjectStore: RawStore: org.apache.hadoop.hive.metastore.ObjectStore@338cc75f, with PersistenceManager: org.datanucleus.api.jdo.JDOPersistenceManager@53e4a19e will be shutdown
2024-04-24T10:28:13,708  INFO [main] metastore.ObjectStore: RawStore: org.apache.hadoop.hive.metastore.ObjectStore@338cc75f, with PersistenceManager: org.datanucleus.api.jdo.JDOPersistenceManager@2c15034f created in the thread with id: 1
2024-04-24T10:28:13,712  INFO [main] metastore.HMSHandler: HMS server filtering is disabled by configuration
Hive Session ID = 6f034524-6203-44d4-9bca-7b78401965fe
2024-04-24T10:28:13,712  INFO [main] SessionState: Hive Session ID = 6f034524-6203-44d4-9bca-7b78401965fe
ivysettings.xml file not found in HIVE_HOME or HIVE_CONF_DIR,file:/home/alex/.m2/repository/org/apache/pig/pig/0.16.0/pig-0.16.0-h2.jar!/ivysettings.xml will be used
2024-04-24T10:28:13,712  INFO [main] DependencyResolver: ivysettings.xml file not found in HIVE_HOME or HIVE_CONF_DIR,file:/home/alex/.m2/repository/org/apache/pig/pig/0.16.0/pig-0.16.0-h2.jar!/ivysettings.xml will be used
2024-04-24T10:28:13,718  INFO [main] session.SessionState: Created HDFS directory: /home/alex/Repositories/hive/hcatalog/hcatalog-pig-adapter/target/tmp/scratchdir/alex/6f034524-6203-44d4-9bca-7b78401965fe
2024-04-24T10:28:13,720  INFO [main] session.SessionState: Created local directory: /home/alex/Repositories/hive/hcatalog/hcatalog-pig-adapter/target/tmp/localscratchdir/6f034524-6203-44d4-9bca-7b78401965fe
2024-04-24T10:28:13,723  INFO [main] session.SessionState: Created HDFS directory: /home/alex/Repositories/hive/hcatalog/hcatalog-pig-adapter/target/tmp/scratchdir/alex/6f034524-6203-44d4-9bca-7b78401965fe/_tmp_space.db
]]></system-err>
  </testcase>
  <testcase name="testWriteChar[2]" classname="org.apache.hive.hcatalog.pig.TestHCatStorer" time="0">
    <skipped message="got: &lt;false&gt;, expected: is &lt;true&gt;"/>
    <system-err><![CDATA[2024-04-24T10:28:13,756  WARN [main] conf.HiveConf: HiveConf of name hive.llap.io.cache.orc.alloc.max does not exist
2024-04-24T10:28:13,756  WARN [main] conf.HiveConf: HiveConf of name hive.llap.io.cache.orc.size does not exist
2024-04-24T10:28:13,756  WARN [main] conf.HiveConf: HiveConf of name hive.stats.key.prefix.reserve.length does not exist
2024-04-24T10:28:13,756  WARN [main] conf.HiveConf: HiveConf of name hive.dummyparam.test.server.specific.config.metastoresite does not exist
2024-04-24T10:28:13,756  WARN [main] conf.HiveConf: HiveConf of name hive.llap.io.cache.orc.arena.size does not exist
2024-04-24T10:28:13,756  WARN [main] conf.HiveConf: HiveConf of name hive.dummyparam.test.server.specific.config.hivesite does not exist
2024-04-24T10:28:13,756  WARN [main] conf.HiveConf: HiveConf of name hive.llap.io.cache.orc.alloc.min does not exist
2024-04-24T10:28:13,756  WARN [main] conf.HiveConf: HiveConf of name hive.metastore.client.cache.recordStats does not exist
2024-04-24T10:28:13,756  WARN [main] conf.HiveConf: HiveConf of name hive.metastore.client.cache.maxSize does not exist
2024-04-24T10:28:13,756  WARN [main] conf.HiveConf: HiveConf of name hive.dummyparam.test.server.specific.config.override does not exist
2024-04-24T10:28:13,756  WARN [main] conf.HiveConf: HiveConf of name hive.metastore.metadb.dir does not exist
2024-04-24T10:28:13,758  INFO [main] metastore.HiveMetaStoreClient: HMS client filtering is enabled.
2024-04-24T10:28:13,758  INFO [main] metastore.PersistenceManagerProvider: Configuration datanucleus.autoStartMechanismMode is not set. Defaulting to 'ignored'
2024-04-24T10:28:13,758  INFO [main] metastore.ObjectStore: RawStore: org.apache.hadoop.hive.metastore.ObjectStore@338cc75f, with PersistenceManager: org.datanucleus.api.jdo.JDOPersistenceManager@2c15034f will be shutdown
2024-04-24T10:28:13,758  INFO [main] metastore.ObjectStore: RawStore: org.apache.hadoop.hive.metastore.ObjectStore@338cc75f, with PersistenceManager: org.datanucleus.api.jdo.JDOPersistenceManager@60bc308b created in the thread with id: 1
2024-04-24T10:28:13,761  INFO [main] metastore.HMSHandler: HMS server filtering is disabled by configuration
Hive Session ID = c6a4853b-6a08-4bff-8f40-077dab25335f
2024-04-24T10:28:13,761  INFO [main] SessionState: Hive Session ID = c6a4853b-6a08-4bff-8f40-077dab25335f
ivysettings.xml file not found in HIVE_HOME or HIVE_CONF_DIR,file:/home/alex/.m2/repository/org/apache/pig/pig/0.16.0/pig-0.16.0-h2.jar!/ivysettings.xml will be used
2024-04-24T10:28:13,761  INFO [main] DependencyResolver: ivysettings.xml file not found in HIVE_HOME or HIVE_CONF_DIR,file:/home/alex/.m2/repository/org/apache/pig/pig/0.16.0/pig-0.16.0-h2.jar!/ivysettings.xml will be used
2024-04-24T10:28:13,767  INFO [main] session.SessionState: Created HDFS directory: /home/alex/Repositories/hive/hcatalog/hcatalog-pig-adapter/target/tmp/scratchdir/alex/c6a4853b-6a08-4bff-8f40-077dab25335f
2024-04-24T10:28:13,769  INFO [main] session.SessionState: Created local directory: /home/alex/Repositories/hive/hcatalog/hcatalog-pig-adapter/target/tmp/localscratchdir/c6a4853b-6a08-4bff-8f40-077dab25335f
2024-04-24T10:28:13,772  INFO [main] session.SessionState: Created HDFS directory: /home/alex/Repositories/hive/hcatalog/hcatalog-pig-adapter/target/tmp/scratchdir/alex/c6a4853b-6a08-4bff-8f40-077dab25335f/_tmp_space.db
]]></system-err>
  </testcase>
  <testcase name="testWriteDate[2]" classname="org.apache.hive.hcatalog.pig.TestHCatStorer" time="0">
    <skipped message="got: &lt;false&gt;, expected: is &lt;true&gt;"/>
    <system-err><![CDATA[2024-04-24T10:28:13,805  WARN [main] conf.HiveConf: HiveConf of name hive.metastore.client.cache.maxSize does not exist
2024-04-24T10:28:13,806  WARN [main] conf.HiveConf: HiveConf of name hive.dummyparam.test.server.specific.config.hivesite does not exist
2024-04-24T10:28:13,806  WARN [main] conf.HiveConf: HiveConf of name hive.llap.io.cache.orc.alloc.max does not exist
2024-04-24T10:28:13,806  WARN [main] conf.HiveConf: HiveConf of name hive.dummyparam.test.server.specific.config.metastoresite does not exist
2024-04-24T10:28:13,806  WARN [main] conf.HiveConf: HiveConf of name hive.llap.io.cache.orc.size does not exist
2024-04-24T10:28:13,806  WARN [main] conf.HiveConf: HiveConf of name hive.llap.io.cache.orc.arena.size does not exist
2024-04-24T10:28:13,806  WARN [main] conf.HiveConf: HiveConf of name hive.llap.io.cache.orc.alloc.min does not exist
2024-04-24T10:28:13,806  WARN [main] conf.HiveConf: HiveConf of name hive.stats.key.prefix.reserve.length does not exist
2024-04-24T10:28:13,806  WARN [main] conf.HiveConf: HiveConf of name hive.metastore.client.cache.recordStats does not exist
2024-04-24T10:28:13,806  WARN [main] conf.HiveConf: HiveConf of name hive.dummyparam.test.server.specific.config.override does not exist
2024-04-24T10:28:13,806  WARN [main] conf.HiveConf: HiveConf of name hive.metastore.metadb.dir does not exist
2024-04-24T10:28:13,807  INFO [main] metastore.HiveMetaStoreClient: HMS client filtering is enabled.
2024-04-24T10:28:13,808  INFO [main] metastore.PersistenceManagerProvider: Configuration datanucleus.autoStartMechanismMode is not set. Defaulting to 'ignored'
2024-04-24T10:28:13,808  INFO [main] metastore.ObjectStore: RawStore: org.apache.hadoop.hive.metastore.ObjectStore@338cc75f, with PersistenceManager: org.datanucleus.api.jdo.JDOPersistenceManager@60bc308b will be shutdown
2024-04-24T10:28:13,808  INFO [main] metastore.ObjectStore: RawStore: org.apache.hadoop.hive.metastore.ObjectStore@338cc75f, with PersistenceManager: org.datanucleus.api.jdo.JDOPersistenceManager@237aa0c7 created in the thread with id: 1
2024-04-24T10:28:13,811  INFO [main] metastore.HMSHandler: HMS server filtering is disabled by configuration
Hive Session ID = d61e0f5d-2d89-45f0-b8fc-50f46dc59088
2024-04-24T10:28:13,811  INFO [main] SessionState: Hive Session ID = d61e0f5d-2d89-45f0-b8fc-50f46dc59088
ivysettings.xml file not found in HIVE_HOME or HIVE_CONF_DIR,file:/home/alex/.m2/repository/org/apache/pig/pig/0.16.0/pig-0.16.0-h2.jar!/ivysettings.xml will be used
2024-04-24T10:28:13,812  INFO [main] DependencyResolver: ivysettings.xml file not found in HIVE_HOME or HIVE_CONF_DIR,file:/home/alex/.m2/repository/org/apache/pig/pig/0.16.0/pig-0.16.0-h2.jar!/ivysettings.xml will be used
2024-04-24T10:28:13,817  INFO [main] session.SessionState: Created HDFS directory: /home/alex/Repositories/hive/hcatalog/hcatalog-pig-adapter/target/tmp/scratchdir/alex/d61e0f5d-2d89-45f0-b8fc-50f46dc59088
2024-04-24T10:28:13,819  INFO [main] session.SessionState: Created local directory: /home/alex/Repositories/hive/hcatalog/hcatalog-pig-adapter/target/tmp/localscratchdir/d61e0f5d-2d89-45f0-b8fc-50f46dc59088
2024-04-24T10:28:13,822  INFO [main] session.SessionState: Created HDFS directory: /home/alex/Repositories/hive/hcatalog/hcatalog-pig-adapter/target/tmp/scratchdir/alex/d61e0f5d-2d89-45f0-b8fc-50f46dc59088/_tmp_space.db
]]></system-err>
  </testcase>
  <testcase name="testWriteSmallint[2]" classname="org.apache.hive.hcatalog.pig.TestHCatStorer" time="0">
    <skipped message="got: &lt;false&gt;, expected: is &lt;true&gt;"/>
    <system-err><![CDATA[2024-04-24T10:28:13,857  WARN [main] conf.HiveConf: HiveConf of name hive.llap.io.cache.orc.alloc.max does not exist
2024-04-24T10:28:13,857  WARN [main] conf.HiveConf: HiveConf of name hive.llap.io.cache.orc.alloc.min does not exist
2024-04-24T10:28:13,857  WARN [main] conf.HiveConf: HiveConf of name hive.dummyparam.test.server.specific.config.metastoresite does not exist
2024-04-24T10:28:13,857  WARN [main] conf.HiveConf: HiveConf of name hive.metastore.client.cache.maxSize does not exist
2024-04-24T10:28:13,858  WARN [main] conf.HiveConf: HiveConf of name hive.stats.key.prefix.reserve.length does not exist
2024-04-24T10:28:13,858  WARN [main] conf.HiveConf: HiveConf of name hive.dummyparam.test.server.specific.config.override does not exist
2024-04-24T10:28:13,858  WARN [main] conf.HiveConf: HiveConf of name hive.llap.io.cache.orc.size does not exist
2024-04-24T10:28:13,858  WARN [main] conf.HiveConf: HiveConf of name hive.metastore.metadb.dir does not exist
2024-04-24T10:28:13,858  WARN [main] conf.HiveConf: HiveConf of name hive.llap.io.cache.orc.arena.size does not exist
2024-04-24T10:28:13,858  WARN [main] conf.HiveConf: HiveConf of name hive.dummyparam.test.server.specific.config.hivesite does not exist
2024-04-24T10:28:13,858  WARN [main] conf.HiveConf: HiveConf of name hive.metastore.client.cache.recordStats does not exist
2024-04-24T10:28:13,859  INFO [main] metastore.HiveMetaStoreClient: HMS client filtering is enabled.
2024-04-24T10:28:13,859  INFO [main] metastore.PersistenceManagerProvider: Configuration datanucleus.autoStartMechanismMode is not set. Defaulting to 'ignored'
2024-04-24T10:28:13,860  INFO [main] metastore.ObjectStore: RawStore: org.apache.hadoop.hive.metastore.ObjectStore@338cc75f, with PersistenceManager: org.datanucleus.api.jdo.JDOPersistenceManager@237aa0c7 will be shutdown
2024-04-24T10:28:13,860  INFO [main] metastore.ObjectStore: RawStore: org.apache.hadoop.hive.metastore.ObjectStore@338cc75f, with PersistenceManager: org.datanucleus.api.jdo.JDOPersistenceManager@3e9b3b3c created in the thread with id: 1
2024-04-24T10:28:13,862  INFO [main] metastore.HMSHandler: HMS server filtering is disabled by configuration
Hive Session ID = 9f5729f4-fbc0-4739-8f03-4d9496fdc6fa
2024-04-24T10:28:13,862  INFO [main] SessionState: Hive Session ID = 9f5729f4-fbc0-4739-8f03-4d9496fdc6fa
ivysettings.xml file not found in HIVE_HOME or HIVE_CONF_DIR,file:/home/alex/.m2/repository/org/apache/pig/pig/0.16.0/pig-0.16.0-h2.jar!/ivysettings.xml will be used
2024-04-24T10:28:13,863  INFO [main] DependencyResolver: ivysettings.xml file not found in HIVE_HOME or HIVE_CONF_DIR,file:/home/alex/.m2/repository/org/apache/pig/pig/0.16.0/pig-0.16.0-h2.jar!/ivysettings.xml will be used
2024-04-24T10:28:13,868  INFO [main] session.SessionState: Created HDFS directory: /home/alex/Repositories/hive/hcatalog/hcatalog-pig-adapter/target/tmp/scratchdir/alex/9f5729f4-fbc0-4739-8f03-4d9496fdc6fa
2024-04-24T10:28:13,870  INFO [main] session.SessionState: Created local directory: /home/alex/Repositories/hive/hcatalog/hcatalog-pig-adapter/target/tmp/localscratchdir/9f5729f4-fbc0-4739-8f03-4d9496fdc6fa
2024-04-24T10:28:13,872  INFO [main] session.SessionState: Created HDFS directory: /home/alex/Repositories/hive/hcatalog/hcatalog-pig-adapter/target/tmp/scratchdir/alex/9f5729f4-fbc0-4739-8f03-4d9496fdc6fa/_tmp_space.db
]]></system-err>
  </testcase>
  <testcase name="testDynamicPartitioningMultiPartColsNoDataInDataNoSpec[2]" classname="org.apache.hive.hcatalog.pig.TestHCatStorer" time="0">
    <skipped message="got: &lt;false&gt;, expected: is &lt;true&gt;"/>
    <system-err><![CDATA[2024-04-24T10:28:13,903  WARN [main] conf.HiveConf: HiveConf of name hive.llap.io.cache.orc.alloc.min does not exist
2024-04-24T10:28:13,903  WARN [main] conf.HiveConf: HiveConf of name hive.llap.io.cache.orc.size does not exist
2024-04-24T10:28:13,903  WARN [main] conf.HiveConf: HiveConf of name hive.llap.io.cache.orc.alloc.max does not exist
2024-04-24T10:28:13,903  WARN [main] conf.HiveConf: HiveConf of name hive.dummyparam.test.server.specific.config.override does not exist
2024-04-24T10:28:13,903  WARN [main] conf.HiveConf: HiveConf of name hive.dummyparam.test.server.specific.config.metastoresite does not exist
2024-04-24T10:28:13,903  WARN [main] conf.HiveConf: HiveConf of name hive.llap.io.cache.orc.arena.size does not exist
2024-04-24T10:28:13,903  WARN [main] conf.HiveConf: HiveConf of name hive.dummyparam.test.server.specific.config.hivesite does not exist
2024-04-24T10:28:13,904  WARN [main] conf.HiveConf: HiveConf of name hive.metastore.client.cache.maxSize does not exist
2024-04-24T10:28:13,904  WARN [main] conf.HiveConf: HiveConf of name hive.metastore.metadb.dir does not exist
2024-04-24T10:28:13,904  WARN [main] conf.HiveConf: HiveConf of name hive.metastore.client.cache.recordStats does not exist
2024-04-24T10:28:13,904  WARN [main] conf.HiveConf: HiveConf of name hive.stats.key.prefix.reserve.length does not exist
2024-04-24T10:28:13,905  INFO [main] metastore.HiveMetaStoreClient: HMS client filtering is enabled.
2024-04-24T10:28:13,905  INFO [main] metastore.PersistenceManagerProvider: Configuration datanucleus.autoStartMechanismMode is not set. Defaulting to 'ignored'
2024-04-24T10:28:13,906  INFO [main] metastore.ObjectStore: RawStore: org.apache.hadoop.hive.metastore.ObjectStore@338cc75f, with PersistenceManager: org.datanucleus.api.jdo.JDOPersistenceManager@3e9b3b3c will be shutdown
2024-04-24T10:28:13,906  INFO [main] metastore.ObjectStore: RawStore: org.apache.hadoop.hive.metastore.ObjectStore@338cc75f, with PersistenceManager: org.datanucleus.api.jdo.JDOPersistenceManager@484302ee created in the thread with id: 1
2024-04-24T10:28:13,908  INFO [main] metastore.HMSHandler: HMS server filtering is disabled by configuration
Hive Session ID = 251f4177-118a-481b-8a21-b04401b8169c
2024-04-24T10:28:13,908  INFO [main] SessionState: Hive Session ID = 251f4177-118a-481b-8a21-b04401b8169c
ivysettings.xml file not found in HIVE_HOME or HIVE_CONF_DIR,file:/home/alex/.m2/repository/org/apache/pig/pig/0.16.0/pig-0.16.0-h2.jar!/ivysettings.xml will be used
2024-04-24T10:28:13,909  INFO [main] DependencyResolver: ivysettings.xml file not found in HIVE_HOME or HIVE_CONF_DIR,file:/home/alex/.m2/repository/org/apache/pig/pig/0.16.0/pig-0.16.0-h2.jar!/ivysettings.xml will be used
2024-04-24T10:28:13,914  INFO [main] session.SessionState: Created HDFS directory: /home/alex/Repositories/hive/hcatalog/hcatalog-pig-adapter/target/tmp/scratchdir/alex/251f4177-118a-481b-8a21-b04401b8169c
2024-04-24T10:28:13,916  INFO [main] session.SessionState: Created local directory: /home/alex/Repositories/hive/hcatalog/hcatalog-pig-adapter/target/tmp/localscratchdir/251f4177-118a-481b-8a21-b04401b8169c
2024-04-24T10:28:13,919  INFO [main] session.SessionState: Created HDFS directory: /home/alex/Repositories/hive/hcatalog/hcatalog-pig-adapter/target/tmp/scratchdir/alex/251f4177-118a-481b-8a21-b04401b8169c/_tmp_space.db
]]></system-err>
  </testcase>
  <testcase name="testWriteVarchar[2]" classname="org.apache.hive.hcatalog.pig.TestHCatStorer" time="0">
    <skipped message="got: &lt;false&gt;, expected: is &lt;true&gt;"/>
    <system-err><![CDATA[2024-04-24T10:28:13,950  WARN [main] conf.HiveConf: HiveConf of name hive.metastore.metadb.dir does not exist
2024-04-24T10:28:13,950  WARN [main] conf.HiveConf: HiveConf of name hive.dummyparam.test.server.specific.config.override does not exist
2024-04-24T10:28:13,950  WARN [main] conf.HiveConf: HiveConf of name hive.dummyparam.test.server.specific.config.hivesite does not exist
2024-04-24T10:28:13,950  WARN [main] conf.HiveConf: HiveConf of name hive.llap.io.cache.orc.arena.size does not exist
2024-04-24T10:28:13,950  WARN [main] conf.HiveConf: HiveConf of name hive.stats.key.prefix.reserve.length does not exist
2024-04-24T10:28:13,950  WARN [main] conf.HiveConf: HiveConf of name hive.llap.io.cache.orc.alloc.max does not exist
2024-04-24T10:28:13,950  WARN [main] conf.HiveConf: HiveConf of name hive.metastore.client.cache.recordStats does not exist
2024-04-24T10:28:13,950  WARN [main] conf.HiveConf: HiveConf of name hive.llap.io.cache.orc.size does not exist
2024-04-24T10:28:13,950  WARN [main] conf.HiveConf: HiveConf of name hive.metastore.client.cache.maxSize does not exist
2024-04-24T10:28:13,950  WARN [main] conf.HiveConf: HiveConf of name hive.llap.io.cache.orc.alloc.min does not exist
2024-04-24T10:28:13,950  WARN [main] conf.HiveConf: HiveConf of name hive.dummyparam.test.server.specific.config.metastoresite does not exist
2024-04-24T10:28:13,952  INFO [main] metastore.HiveMetaStoreClient: HMS client filtering is enabled.
2024-04-24T10:28:13,952  INFO [main] metastore.PersistenceManagerProvider: Configuration datanucleus.autoStartMechanismMode is not set. Defaulting to 'ignored'
2024-04-24T10:28:13,952  INFO [main] metastore.ObjectStore: RawStore: org.apache.hadoop.hive.metastore.ObjectStore@338cc75f, with PersistenceManager: org.datanucleus.api.jdo.JDOPersistenceManager@484302ee will be shutdown
2024-04-24T10:28:13,952  INFO [main] metastore.ObjectStore: RawStore: org.apache.hadoop.hive.metastore.ObjectStore@338cc75f, with PersistenceManager: org.datanucleus.api.jdo.JDOPersistenceManager@722b3ba2 created in the thread with id: 1
2024-04-24T10:28:13,955  INFO [main] metastore.HMSHandler: HMS server filtering is disabled by configuration
Hive Session ID = eb95ba5b-0142-41e1-b5f5-c7f4af5abfd5
2024-04-24T10:28:13,955  INFO [main] SessionState: Hive Session ID = eb95ba5b-0142-41e1-b5f5-c7f4af5abfd5
ivysettings.xml file not found in HIVE_HOME or HIVE_CONF_DIR,file:/home/alex/.m2/repository/org/apache/pig/pig/0.16.0/pig-0.16.0-h2.jar!/ivysettings.xml will be used
2024-04-24T10:28:13,955  INFO [main] DependencyResolver: ivysettings.xml file not found in HIVE_HOME or HIVE_CONF_DIR,file:/home/alex/.m2/repository/org/apache/pig/pig/0.16.0/pig-0.16.0-h2.jar!/ivysettings.xml will be used
2024-04-24T10:28:13,961  INFO [main] session.SessionState: Created HDFS directory: /home/alex/Repositories/hive/hcatalog/hcatalog-pig-adapter/target/tmp/scratchdir/alex/eb95ba5b-0142-41e1-b5f5-c7f4af5abfd5
2024-04-24T10:28:13,963  INFO [main] session.SessionState: Created local directory: /home/alex/Repositories/hive/hcatalog/hcatalog-pig-adapter/target/tmp/localscratchdir/eb95ba5b-0142-41e1-b5f5-c7f4af5abfd5
2024-04-24T10:28:13,966  INFO [main] session.SessionState: Created HDFS directory: /home/alex/Repositories/hive/hcatalog/hcatalog-pig-adapter/target/tmp/scratchdir/alex/eb95ba5b-0142-41e1-b5f5-c7f4af5abfd5/_tmp_space.db
]]></system-err>
  </testcase>
  <testcase name="testBagNStruct[2]" classname="org.apache.hive.hcatalog.pig.TestHCatStorer" time="0">
    <skipped message="got: &lt;false&gt;, expected: is &lt;true&gt;"/>
    <system-err><![CDATA[2024-04-24T10:28:13,997  WARN [main] conf.HiveConf: HiveConf of name hive.dummyparam.test.server.specific.config.metastoresite does not exist
2024-04-24T10:28:13,997  WARN [main] conf.HiveConf: HiveConf of name hive.llap.io.cache.orc.alloc.min does not exist
2024-04-24T10:28:13,997  WARN [main] conf.HiveConf: HiveConf of name hive.dummyparam.test.server.specific.config.override does not exist
2024-04-24T10:28:13,997  WARN [main] conf.HiveConf: HiveConf of name hive.metastore.client.cache.maxSize does not exist
2024-04-24T10:28:13,997  WARN [main] conf.HiveConf: HiveConf of name hive.llap.io.cache.orc.alloc.max does not exist
2024-04-24T10:28:13,997  WARN [main] conf.HiveConf: HiveConf of name hive.llap.io.cache.orc.size does not exist
2024-04-24T10:28:13,997  WARN [main] conf.HiveConf: HiveConf of name hive.llap.io.cache.orc.arena.size does not exist
2024-04-24T10:28:13,997  WARN [main] conf.HiveConf: HiveConf of name hive.metastore.metadb.dir does not exist
2024-04-24T10:28:13,997  WARN [main] conf.HiveConf: HiveConf of name hive.stats.key.prefix.reserve.length does not exist
2024-04-24T10:28:13,997  WARN [main] conf.HiveConf: HiveConf of name hive.dummyparam.test.server.specific.config.hivesite does not exist
2024-04-24T10:28:13,997  WARN [main] conf.HiveConf: HiveConf of name hive.metastore.client.cache.recordStats does not exist
2024-04-24T10:28:13,999  INFO [main] metastore.HiveMetaStoreClient: HMS client filtering is enabled.
2024-04-24T10:28:13,999  INFO [main] metastore.PersistenceManagerProvider: Configuration datanucleus.autoStartMechanismMode is not set. Defaulting to 'ignored'
2024-04-24T10:28:13,999  INFO [main] metastore.ObjectStore: RawStore: org.apache.hadoop.hive.metastore.ObjectStore@338cc75f, with PersistenceManager: org.datanucleus.api.jdo.JDOPersistenceManager@722b3ba2 will be shutdown
2024-04-24T10:28:13,999  INFO [main] metastore.ObjectStore: RawStore: org.apache.hadoop.hive.metastore.ObjectStore@338cc75f, with PersistenceManager: org.datanucleus.api.jdo.JDOPersistenceManager@26679788 created in the thread with id: 1
2024-04-24T10:28:14,002  INFO [main] metastore.HMSHandler: HMS server filtering is disabled by configuration
Hive Session ID = bc00b7bf-48ca-46b0-a618-2a03fbfb366c
2024-04-24T10:28:14,002  INFO [main] SessionState: Hive Session ID = bc00b7bf-48ca-46b0-a618-2a03fbfb366c
ivysettings.xml file not found in HIVE_HOME or HIVE_CONF_DIR,file:/home/alex/.m2/repository/org/apache/pig/pig/0.16.0/pig-0.16.0-h2.jar!/ivysettings.xml will be used
2024-04-24T10:28:14,002  INFO [main] DependencyResolver: ivysettings.xml file not found in HIVE_HOME or HIVE_CONF_DIR,file:/home/alex/.m2/repository/org/apache/pig/pig/0.16.0/pig-0.16.0-h2.jar!/ivysettings.xml will be used
2024-04-24T10:28:14,008  INFO [main] session.SessionState: Created HDFS directory: /home/alex/Repositories/hive/hcatalog/hcatalog-pig-adapter/target/tmp/scratchdir/alex/bc00b7bf-48ca-46b0-a618-2a03fbfb366c
2024-04-24T10:28:14,010  INFO [main] session.SessionState: Created local directory: /home/alex/Repositories/hive/hcatalog/hcatalog-pig-adapter/target/tmp/localscratchdir/bc00b7bf-48ca-46b0-a618-2a03fbfb366c
2024-04-24T10:28:14,012  INFO [main] session.SessionState: Created HDFS directory: /home/alex/Repositories/hive/hcatalog/hcatalog-pig-adapter/target/tmp/scratchdir/alex/bc00b7bf-48ca-46b0-a618-2a03fbfb366c/_tmp_space.db
]]></system-err>
  </testcase>
  <testcase name="testStaticPartitioningMultiPartCols[2]" classname="org.apache.hive.hcatalog.pig.TestHCatStorer" time="0">
    <skipped message="got: &lt;false&gt;, expected: is &lt;true&gt;"/>
    <system-err><![CDATA[2024-04-24T10:28:14,043  WARN [main] conf.HiveConf: HiveConf of name hive.llap.io.cache.orc.alloc.min does not exist
2024-04-24T10:28:14,043  WARN [main] conf.HiveConf: HiveConf of name hive.dummyparam.test.server.specific.config.override does not exist
2024-04-24T10:28:14,043  WARN [main] conf.HiveConf: HiveConf of name hive.dummyparam.test.server.specific.config.hivesite does not exist
2024-04-24T10:28:14,043  WARN [main] conf.HiveConf: HiveConf of name hive.llap.io.cache.orc.alloc.max does not exist
2024-04-24T10:28:14,043  WARN [main] conf.HiveConf: HiveConf of name hive.metastore.metadb.dir does not exist
2024-04-24T10:28:14,043  WARN [main] conf.HiveConf: HiveConf of name hive.stats.key.prefix.reserve.length does not exist
2024-04-24T10:28:14,043  WARN [main] conf.HiveConf: HiveConf of name hive.metastore.client.cache.recordStats does not exist
2024-04-24T10:28:14,043  WARN [main] conf.HiveConf: HiveConf of name hive.llap.io.cache.orc.size does not exist
2024-04-24T10:28:14,043  WARN [main] conf.HiveConf: HiveConf of name hive.dummyparam.test.server.specific.config.metastoresite does not exist
2024-04-24T10:28:14,044  WARN [main] conf.HiveConf: HiveConf of name hive.llap.io.cache.orc.arena.size does not exist
2024-04-24T10:28:14,044  WARN [main] conf.HiveConf: HiveConf of name hive.metastore.client.cache.maxSize does not exist
2024-04-24T10:28:14,045  INFO [main] metastore.HiveMetaStoreClient: HMS client filtering is enabled.
2024-04-24T10:28:14,045  INFO [main] metastore.PersistenceManagerProvider: Configuration datanucleus.autoStartMechanismMode is not set. Defaulting to 'ignored'
2024-04-24T10:28:14,045  INFO [main] metastore.ObjectStore: RawStore: org.apache.hadoop.hive.metastore.ObjectStore@338cc75f, with PersistenceManager: org.datanucleus.api.jdo.JDOPersistenceManager@26679788 will be shutdown
2024-04-24T10:28:14,046  INFO [main] metastore.ObjectStore: RawStore: org.apache.hadoop.hive.metastore.ObjectStore@338cc75f, with PersistenceManager: org.datanucleus.api.jdo.JDOPersistenceManager@72237be8 created in the thread with id: 1
2024-04-24T10:28:14,048  INFO [main] metastore.HMSHandler: HMS server filtering is disabled by configuration
Hive Session ID = 2b512d6d-612f-4b4f-a2f2-62ab5c3a2e1b
2024-04-24T10:28:14,048  INFO [main] SessionState: Hive Session ID = 2b512d6d-612f-4b4f-a2f2-62ab5c3a2e1b
ivysettings.xml file not found in HIVE_HOME or HIVE_CONF_DIR,file:/home/alex/.m2/repository/org/apache/pig/pig/0.16.0/pig-0.16.0-h2.jar!/ivysettings.xml will be used
2024-04-24T10:28:14,048  INFO [main] DependencyResolver: ivysettings.xml file not found in HIVE_HOME or HIVE_CONF_DIR,file:/home/alex/.m2/repository/org/apache/pig/pig/0.16.0/pig-0.16.0-h2.jar!/ivysettings.xml will be used
2024-04-24T10:28:14,054  INFO [main] session.SessionState: Created HDFS directory: /home/alex/Repositories/hive/hcatalog/hcatalog-pig-adapter/target/tmp/scratchdir/alex/2b512d6d-612f-4b4f-a2f2-62ab5c3a2e1b
2024-04-24T10:28:14,056  INFO [main] session.SessionState: Created local directory: /home/alex/Repositories/hive/hcatalog/hcatalog-pig-adapter/target/tmp/localscratchdir/2b512d6d-612f-4b4f-a2f2-62ab5c3a2e1b
2024-04-24T10:28:14,059  INFO [main] session.SessionState: Created HDFS directory: /home/alex/Repositories/hive/hcatalog/hcatalog-pig-adapter/target/tmp/scratchdir/alex/2b512d6d-612f-4b4f-a2f2-62ab5c3a2e1b/_tmp_space.db
]]></system-err>
  </testcase>
  <testcase name="testPartColsInData[2]" classname="org.apache.hive.hcatalog.pig.TestHCatStorer" time="0">
    <skipped message="got: &lt;false&gt;, expected: is &lt;true&gt;"/>
    <system-err><![CDATA[2024-04-24T10:28:14,090  WARN [main] conf.HiveConf: HiveConf of name hive.metastore.client.cache.maxSize does not exist
2024-04-24T10:28:14,090  WARN [main] conf.HiveConf: HiveConf of name hive.dummyparam.test.server.specific.config.hivesite does not exist
2024-04-24T10:28:14,090  WARN [main] conf.HiveConf: HiveConf of name hive.stats.key.prefix.reserve.length does not exist
2024-04-24T10:28:14,090  WARN [main] conf.HiveConf: HiveConf of name hive.dummyparam.test.server.specific.config.metastoresite does not exist
2024-04-24T10:28:14,091  WARN [main] conf.HiveConf: HiveConf of name hive.llap.io.cache.orc.alloc.max does not exist
2024-04-24T10:28:14,091  WARN [main] conf.HiveConf: HiveConf of name hive.llap.io.cache.orc.alloc.min does not exist
2024-04-24T10:28:14,091  WARN [main] conf.HiveConf: HiveConf of name hive.llap.io.cache.orc.size does not exist
2024-04-24T10:28:14,091  WARN [main] conf.HiveConf: HiveConf of name hive.dummyparam.test.server.specific.config.override does not exist
2024-04-24T10:28:14,091  WARN [main] conf.HiveConf: HiveConf of name hive.metastore.client.cache.recordStats does not exist
2024-04-24T10:28:14,091  WARN [main] conf.HiveConf: HiveConf of name hive.llap.io.cache.orc.arena.size does not exist
2024-04-24T10:28:14,091  WARN [main] conf.HiveConf: HiveConf of name hive.metastore.metadb.dir does not exist
2024-04-24T10:28:14,092  INFO [main] metastore.HiveMetaStoreClient: HMS client filtering is enabled.
2024-04-24T10:28:14,093  INFO [main] metastore.PersistenceManagerProvider: Configuration datanucleus.autoStartMechanismMode is not set. Defaulting to 'ignored'
2024-04-24T10:28:14,093  INFO [main] metastore.ObjectStore: RawStore: org.apache.hadoop.hive.metastore.ObjectStore@338cc75f, with PersistenceManager: org.datanucleus.api.jdo.JDOPersistenceManager@72237be8 will be shutdown
2024-04-24T10:28:14,093  INFO [main] metastore.ObjectStore: RawStore: org.apache.hadoop.hive.metastore.ObjectStore@338cc75f, with PersistenceManager: org.datanucleus.api.jdo.JDOPersistenceManager@7e1762e6 created in the thread with id: 1
2024-04-24T10:28:14,095  INFO [main] metastore.HMSHandler: HMS server filtering is disabled by configuration
Hive Session ID = 671ccaed-574c-4cd3-8a95-7cc67b602b25
2024-04-24T10:28:14,095  INFO [main] SessionState: Hive Session ID = 671ccaed-574c-4cd3-8a95-7cc67b602b25
ivysettings.xml file not found in HIVE_HOME or HIVE_CONF_DIR,file:/home/alex/.m2/repository/org/apache/pig/pig/0.16.0/pig-0.16.0-h2.jar!/ivysettings.xml will be used
2024-04-24T10:28:14,096  INFO [main] DependencyResolver: ivysettings.xml file not found in HIVE_HOME or HIVE_CONF_DIR,file:/home/alex/.m2/repository/org/apache/pig/pig/0.16.0/pig-0.16.0-h2.jar!/ivysettings.xml will be used
2024-04-24T10:28:14,101  INFO [main] session.SessionState: Created HDFS directory: /home/alex/Repositories/hive/hcatalog/hcatalog-pig-adapter/target/tmp/scratchdir/alex/671ccaed-574c-4cd3-8a95-7cc67b602b25
2024-04-24T10:28:14,104  INFO [main] session.SessionState: Created local directory: /home/alex/Repositories/hive/hcatalog/hcatalog-pig-adapter/target/tmp/localscratchdir/671ccaed-574c-4cd3-8a95-7cc67b602b25
2024-04-24T10:28:14,106  INFO [main] session.SessionState: Created HDFS directory: /home/alex/Repositories/hive/hcatalog/hcatalog-pig-adapter/target/tmp/scratchdir/alex/671ccaed-574c-4cd3-8a95-7cc67b602b25/_tmp_space.db
]]></system-err>
  </testcase>
  <testcase name="testStoreWithNoCtorArgs[2]" classname="org.apache.hive.hcatalog.pig.TestHCatStorer" time="0">
    <skipped message="got: &lt;false&gt;, expected: is &lt;true&gt;"/>
    <system-err><![CDATA[2024-04-24T10:28:14,138  WARN [main] conf.HiveConf: HiveConf of name hive.metastore.client.cache.recordStats does not exist
2024-04-24T10:28:14,138  WARN [main] conf.HiveConf: HiveConf of name hive.dummyparam.test.server.specific.config.metastoresite does not exist
2024-04-24T10:28:14,138  WARN [main] conf.HiveConf: HiveConf of name hive.metastore.client.cache.maxSize does not exist
2024-04-24T10:28:14,138  WARN [main] conf.HiveConf: HiveConf of name hive.metastore.metadb.dir does not exist
2024-04-24T10:28:14,138  WARN [main] conf.HiveConf: HiveConf of name hive.llap.io.cache.orc.size does not exist
2024-04-24T10:28:14,138  WARN [main] conf.HiveConf: HiveConf of name hive.llap.io.cache.orc.arena.size does not exist
2024-04-24T10:28:14,138  WARN [main] conf.HiveConf: HiveConf of name hive.dummyparam.test.server.specific.config.hivesite does not exist
2024-04-24T10:28:14,138  WARN [main] conf.HiveConf: HiveConf of name hive.dummyparam.test.server.specific.config.override does not exist
2024-04-24T10:28:14,138  WARN [main] conf.HiveConf: HiveConf of name hive.llap.io.cache.orc.alloc.min does not exist
2024-04-24T10:28:14,138  WARN [main] conf.HiveConf: HiveConf of name hive.llap.io.cache.orc.alloc.max does not exist
2024-04-24T10:28:14,138  WARN [main] conf.HiveConf: HiveConf of name hive.stats.key.prefix.reserve.length does not exist
2024-04-24T10:28:14,140  INFO [main] metastore.HiveMetaStoreClient: HMS client filtering is enabled.
2024-04-24T10:28:14,140  INFO [main] metastore.PersistenceManagerProvider: Configuration datanucleus.autoStartMechanismMode is not set. Defaulting to 'ignored'
2024-04-24T10:28:14,140  INFO [main] metastore.ObjectStore: RawStore: org.apache.hadoop.hive.metastore.ObjectStore@338cc75f, with PersistenceManager: org.datanucleus.api.jdo.JDOPersistenceManager@7e1762e6 will be shutdown
2024-04-24T10:28:14,141  INFO [main] metastore.ObjectStore: RawStore: org.apache.hadoop.hive.metastore.ObjectStore@338cc75f, with PersistenceManager: org.datanucleus.api.jdo.JDOPersistenceManager@1dc9f5ad created in the thread with id: 1
2024-04-24T10:28:14,143  INFO [main] metastore.HMSHandler: HMS server filtering is disabled by configuration
Hive Session ID = 825424a8-bb93-41ea-86c0-688d70213894
2024-04-24T10:28:14,143  INFO [main] SessionState: Hive Session ID = 825424a8-bb93-41ea-86c0-688d70213894
ivysettings.xml file not found in HIVE_HOME or HIVE_CONF_DIR,file:/home/alex/.m2/repository/org/apache/pig/pig/0.16.0/pig-0.16.0-h2.jar!/ivysettings.xml will be used
2024-04-24T10:28:14,143  INFO [main] DependencyResolver: ivysettings.xml file not found in HIVE_HOME or HIVE_CONF_DIR,file:/home/alex/.m2/repository/org/apache/pig/pig/0.16.0/pig-0.16.0-h2.jar!/ivysettings.xml will be used
2024-04-24T10:28:14,149  INFO [main] session.SessionState: Created HDFS directory: /home/alex/Repositories/hive/hcatalog/hcatalog-pig-adapter/target/tmp/scratchdir/alex/825424a8-bb93-41ea-86c0-688d70213894
2024-04-24T10:28:14,151  INFO [main] session.SessionState: Created local directory: /home/alex/Repositories/hive/hcatalog/hcatalog-pig-adapter/target/tmp/localscratchdir/825424a8-bb93-41ea-86c0-688d70213894
2024-04-24T10:28:14,153  INFO [main] session.SessionState: Created HDFS directory: /home/alex/Repositories/hive/hcatalog/hcatalog-pig-adapter/target/tmp/scratchdir/alex/825424a8-bb93-41ea-86c0-688d70213894/_tmp_space.db
]]></system-err>
  </testcase>
  <testcase name="testWriteDecimalX[2]" classname="org.apache.hive.hcatalog.pig.TestHCatStorer" time="0">
    <skipped message="got: &lt;false&gt;, expected: is &lt;true&gt;"/>
    <system-err><![CDATA[2024-04-24T10:28:14,183  WARN [main] conf.HiveConf: HiveConf of name hive.llap.io.cache.orc.alloc.max does not exist
2024-04-24T10:28:14,184  WARN [main] conf.HiveConf: HiveConf of name hive.stats.key.prefix.reserve.length does not exist
2024-04-24T10:28:14,184  WARN [main] conf.HiveConf: HiveConf of name hive.dummyparam.test.server.specific.config.override does not exist
2024-04-24T10:28:14,184  WARN [main] conf.HiveConf: HiveConf of name hive.llap.io.cache.orc.alloc.min does not exist
2024-04-24T10:28:14,184  WARN [main] conf.HiveConf: HiveConf of name hive.dummyparam.test.server.specific.config.metastoresite does not exist
2024-04-24T10:28:14,184  WARN [main] conf.HiveConf: HiveConf of name hive.metastore.client.cache.maxSize does not exist
2024-04-24T10:28:14,184  WARN [main] conf.HiveConf: HiveConf of name hive.llap.io.cache.orc.size does not exist
2024-04-24T10:28:14,184  WARN [main] conf.HiveConf: HiveConf of name hive.dummyparam.test.server.specific.config.hivesite does not exist
2024-04-24T10:28:14,184  WARN [main] conf.HiveConf: HiveConf of name hive.llap.io.cache.orc.arena.size does not exist
2024-04-24T10:28:14,184  WARN [main] conf.HiveConf: HiveConf of name hive.metastore.metadb.dir does not exist
2024-04-24T10:28:14,184  WARN [main] conf.HiveConf: HiveConf of name hive.metastore.client.cache.recordStats does not exist
2024-04-24T10:28:14,185  INFO [main] metastore.HiveMetaStoreClient: HMS client filtering is enabled.
2024-04-24T10:28:14,185  INFO [main] metastore.PersistenceManagerProvider: Configuration datanucleus.autoStartMechanismMode is not set. Defaulting to 'ignored'
2024-04-24T10:28:14,186  INFO [main] metastore.ObjectStore: RawStore: org.apache.hadoop.hive.metastore.ObjectStore@338cc75f, with PersistenceManager: org.datanucleus.api.jdo.JDOPersistenceManager@1dc9f5ad will be shutdown
2024-04-24T10:28:14,186  INFO [main] metastore.ObjectStore: RawStore: org.apache.hadoop.hive.metastore.ObjectStore@338cc75f, with PersistenceManager: org.datanucleus.api.jdo.JDOPersistenceManager@4bb9f7d4 created in the thread with id: 1
2024-04-24T10:28:14,188  INFO [main] metastore.HMSHandler: HMS server filtering is disabled by configuration
Hive Session ID = 7af5e842-bc36-4278-bd40-0e3b6a0de9b4
2024-04-24T10:28:14,188  INFO [main] SessionState: Hive Session ID = 7af5e842-bc36-4278-bd40-0e3b6a0de9b4
ivysettings.xml file not found in HIVE_HOME or HIVE_CONF_DIR,file:/home/alex/.m2/repository/org/apache/pig/pig/0.16.0/pig-0.16.0-h2.jar!/ivysettings.xml will be used
2024-04-24T10:28:14,189  INFO [main] DependencyResolver: ivysettings.xml file not found in HIVE_HOME or HIVE_CONF_DIR,file:/home/alex/.m2/repository/org/apache/pig/pig/0.16.0/pig-0.16.0-h2.jar!/ivysettings.xml will be used
2024-04-24T10:28:14,194  INFO [main] session.SessionState: Created HDFS directory: /home/alex/Repositories/hive/hcatalog/hcatalog-pig-adapter/target/tmp/scratchdir/alex/7af5e842-bc36-4278-bd40-0e3b6a0de9b4
2024-04-24T10:28:14,196  INFO [main] session.SessionState: Created local directory: /home/alex/Repositories/hive/hcatalog/hcatalog-pig-adapter/target/tmp/localscratchdir/7af5e842-bc36-4278-bd40-0e3b6a0de9b4
2024-04-24T10:28:14,199  INFO [main] session.SessionState: Created HDFS directory: /home/alex/Repositories/hive/hcatalog/hcatalog-pig-adapter/target/tmp/scratchdir/alex/7af5e842-bc36-4278-bd40-0e3b6a0de9b4/_tmp_space.db
]]></system-err>
  </testcase>
  <testcase name="testDateCharTypes[2]" classname="org.apache.hive.hcatalog.pig.TestHCatStorer" time="0">
    <skipped message="got: &lt;false&gt;, expected: is &lt;true&gt;"/>
    <system-err><![CDATA[2024-04-24T10:28:14,230  WARN [main] conf.HiveConf: HiveConf of name hive.llap.io.cache.orc.alloc.min does not exist
2024-04-24T10:28:14,230  WARN [main] conf.HiveConf: HiveConf of name hive.llap.io.cache.orc.size does not exist
2024-04-24T10:28:14,230  WARN [main] conf.HiveConf: HiveConf of name hive.llap.io.cache.orc.alloc.max does not exist
2024-04-24T10:28:14,230  WARN [main] conf.HiveConf: HiveConf of name hive.metastore.client.cache.recordStats does not exist
2024-04-24T10:28:14,230  WARN [main] conf.HiveConf: HiveConf of name hive.metastore.metadb.dir does not exist
2024-04-24T10:28:14,230  WARN [main] conf.HiveConf: HiveConf of name hive.dummyparam.test.server.specific.config.override does not exist
2024-04-24T10:28:14,230  WARN [main] conf.HiveConf: HiveConf of name hive.metastore.client.cache.maxSize does not exist
2024-04-24T10:28:14,230  WARN [main] conf.HiveConf: HiveConf of name hive.dummyparam.test.server.specific.config.metastoresite does not exist
2024-04-24T10:28:14,230  WARN [main] conf.HiveConf: HiveConf of name hive.llap.io.cache.orc.arena.size does not exist
2024-04-24T10:28:14,230  WARN [main] conf.HiveConf: HiveConf of name hive.stats.key.prefix.reserve.length does not exist
2024-04-24T10:28:14,230  WARN [main] conf.HiveConf: HiveConf of name hive.dummyparam.test.server.specific.config.hivesite does not exist
2024-04-24T10:28:14,232  INFO [main] metastore.HiveMetaStoreClient: HMS client filtering is enabled.
2024-04-24T10:28:14,232  INFO [main] metastore.PersistenceManagerProvider: Configuration datanucleus.autoStartMechanismMode is not set. Defaulting to 'ignored'
2024-04-24T10:28:14,232  INFO [main] metastore.ObjectStore: RawStore: org.apache.hadoop.hive.metastore.ObjectStore@338cc75f, with PersistenceManager: org.datanucleus.api.jdo.JDOPersistenceManager@4bb9f7d4 will be shutdown
2024-04-24T10:28:14,232  INFO [main] metastore.ObjectStore: RawStore: org.apache.hadoop.hive.metastore.ObjectStore@338cc75f, with PersistenceManager: org.datanucleus.api.jdo.JDOPersistenceManager@51468039 created in the thread with id: 1
2024-04-24T10:28:14,235  INFO [main] metastore.HMSHandler: HMS server filtering is disabled by configuration
Hive Session ID = 27c44db5-1998-4498-8603-ff77b396effa
2024-04-24T10:28:14,235  INFO [main] SessionState: Hive Session ID = 27c44db5-1998-4498-8603-ff77b396effa
ivysettings.xml file not found in HIVE_HOME or HIVE_CONF_DIR,file:/home/alex/.m2/repository/org/apache/pig/pig/0.16.0/pig-0.16.0-h2.jar!/ivysettings.xml will be used
2024-04-24T10:28:14,235  INFO [main] DependencyResolver: ivysettings.xml file not found in HIVE_HOME or HIVE_CONF_DIR,file:/home/alex/.m2/repository/org/apache/pig/pig/0.16.0/pig-0.16.0-h2.jar!/ivysettings.xml will be used
2024-04-24T10:28:14,241  INFO [main] session.SessionState: Created HDFS directory: /home/alex/Repositories/hive/hcatalog/hcatalog-pig-adapter/target/tmp/scratchdir/alex/27c44db5-1998-4498-8603-ff77b396effa
2024-04-24T10:28:14,243  INFO [main] session.SessionState: Created local directory: /home/alex/Repositories/hive/hcatalog/hcatalog-pig-adapter/target/tmp/localscratchdir/27c44db5-1998-4498-8603-ff77b396effa
2024-04-24T10:28:14,246  INFO [main] session.SessionState: Created HDFS directory: /home/alex/Repositories/hive/hcatalog/hcatalog-pig-adapter/target/tmp/scratchdir/alex/27c44db5-1998-4498-8603-ff77b396effa/_tmp_space.db
]]></system-err>
  </testcase>
  <testcase name="testPartitionPublish[2]" classname="org.apache.hive.hcatalog.pig.TestHCatStorer" time="0">
    <skipped message="got: &lt;false&gt;, expected: is &lt;true&gt;"/>
    <system-err><![CDATA[2024-04-24T10:28:14,277  WARN [main] conf.HiveConf: HiveConf of name hive.llap.io.cache.orc.size does not exist
2024-04-24T10:28:14,277  WARN [main] conf.HiveConf: HiveConf of name hive.llap.io.cache.orc.arena.size does not exist
2024-04-24T10:28:14,277  WARN [main] conf.HiveConf: HiveConf of name hive.metastore.client.cache.maxSize does not exist
2024-04-24T10:28:14,277  WARN [main] conf.HiveConf: HiveConf of name hive.dummyparam.test.server.specific.config.metastoresite does not exist
2024-04-24T10:28:14,277  WARN [main] conf.HiveConf: HiveConf of name hive.llap.io.cache.orc.alloc.max does not exist
2024-04-24T10:28:14,277  WARN [main] conf.HiveConf: HiveConf of name hive.stats.key.prefix.reserve.length does not exist
2024-04-24T10:28:14,277  WARN [main] conf.HiveConf: HiveConf of name hive.llap.io.cache.orc.alloc.min does not exist
2024-04-24T10:28:14,277  WARN [main] conf.HiveConf: HiveConf of name hive.metastore.metadb.dir does not exist
2024-04-24T10:28:14,277  WARN [main] conf.HiveConf: HiveConf of name hive.dummyparam.test.server.specific.config.override does not exist
2024-04-24T10:28:14,277  WARN [main] conf.HiveConf: HiveConf of name hive.metastore.client.cache.recordStats does not exist
2024-04-24T10:28:14,277  WARN [main] conf.HiveConf: HiveConf of name hive.dummyparam.test.server.specific.config.hivesite does not exist
2024-04-24T10:28:14,279  INFO [main] metastore.HiveMetaStoreClient: HMS client filtering is enabled.
2024-04-24T10:28:14,279  INFO [main] metastore.PersistenceManagerProvider: Configuration datanucleus.autoStartMechanismMode is not set. Defaulting to 'ignored'
2024-04-24T10:28:14,279  INFO [main] metastore.ObjectStore: RawStore: org.apache.hadoop.hive.metastore.ObjectStore@338cc75f, with PersistenceManager: org.datanucleus.api.jdo.JDOPersistenceManager@51468039 will be shutdown
2024-04-24T10:28:14,279  INFO [main] metastore.ObjectStore: RawStore: org.apache.hadoop.hive.metastore.ObjectStore@338cc75f, with PersistenceManager: org.datanucleus.api.jdo.JDOPersistenceManager@75d7297d created in the thread with id: 1
2024-04-24T10:28:14,281  INFO [main] metastore.HMSHandler: HMS server filtering is disabled by configuration
Hive Session ID = 1647657e-165f-4aef-8a98-9a6ca8894fa1
2024-04-24T10:28:14,282  INFO [main] SessionState: Hive Session ID = 1647657e-165f-4aef-8a98-9a6ca8894fa1
ivysettings.xml file not found in HIVE_HOME or HIVE_CONF_DIR,file:/home/alex/.m2/repository/org/apache/pig/pig/0.16.0/pig-0.16.0-h2.jar!/ivysettings.xml will be used
2024-04-24T10:28:14,282  INFO [main] DependencyResolver: ivysettings.xml file not found in HIVE_HOME or HIVE_CONF_DIR,file:/home/alex/.m2/repository/org/apache/pig/pig/0.16.0/pig-0.16.0-h2.jar!/ivysettings.xml will be used
2024-04-24T10:28:14,287  INFO [main] session.SessionState: Created HDFS directory: /home/alex/Repositories/hive/hcatalog/hcatalog-pig-adapter/target/tmp/scratchdir/alex/1647657e-165f-4aef-8a98-9a6ca8894fa1
2024-04-24T10:28:14,289  INFO [main] session.SessionState: Created local directory: /home/alex/Repositories/hive/hcatalog/hcatalog-pig-adapter/target/tmp/localscratchdir/1647657e-165f-4aef-8a98-9a6ca8894fa1
2024-04-24T10:28:14,292  INFO [main] session.SessionState: Created HDFS directory: /home/alex/Repositories/hive/hcatalog/hcatalog-pig-adapter/target/tmp/scratchdir/alex/1647657e-165f-4aef-8a98-9a6ca8894fa1/_tmp_space.db
]]></system-err>
  </testcase>
  <testcase name="testWriteDecimal[2]" classname="org.apache.hive.hcatalog.pig.TestHCatStorer" time="0">
    <skipped message="got: &lt;false&gt;, expected: is &lt;true&gt;"/>
    <system-err><![CDATA[2024-04-24T10:28:14,323  WARN [main] conf.HiveConf: HiveConf of name hive.metastore.client.cache.recordStats does not exist
2024-04-24T10:28:14,323  WARN [main] conf.HiveConf: HiveConf of name hive.metastore.metadb.dir does not exist
2024-04-24T10:28:14,323  WARN [main] conf.HiveConf: HiveConf of name hive.llap.io.cache.orc.alloc.max does not exist
2024-04-24T10:28:14,323  WARN [main] conf.HiveConf: HiveConf of name hive.metastore.client.cache.maxSize does not exist
2024-04-24T10:28:14,323  WARN [main] conf.HiveConf: HiveConf of name hive.dummyparam.test.server.specific.config.hivesite does not exist
2024-04-24T10:28:14,323  WARN [main] conf.HiveConf: HiveConf of name hive.llap.io.cache.orc.arena.size does not exist
2024-04-24T10:28:14,323  WARN [main] conf.HiveConf: HiveConf of name hive.llap.io.cache.orc.size does not exist
2024-04-24T10:28:14,323  WARN [main] conf.HiveConf: HiveConf of name hive.dummyparam.test.server.specific.config.override does not exist
2024-04-24T10:28:14,323  WARN [main] conf.HiveConf: HiveConf of name hive.stats.key.prefix.reserve.length does not exist
2024-04-24T10:28:14,323  WARN [main] conf.HiveConf: HiveConf of name hive.llap.io.cache.orc.alloc.min does not exist
2024-04-24T10:28:14,323  WARN [main] conf.HiveConf: HiveConf of name hive.dummyparam.test.server.specific.config.metastoresite does not exist
2024-04-24T10:28:14,325  INFO [main] metastore.HiveMetaStoreClient: HMS client filtering is enabled.
2024-04-24T10:28:14,325  INFO [main] metastore.PersistenceManagerProvider: Configuration datanucleus.autoStartMechanismMode is not set. Defaulting to 'ignored'
2024-04-24T10:28:14,325  INFO [main] metastore.ObjectStore: RawStore: org.apache.hadoop.hive.metastore.ObjectStore@338cc75f, with PersistenceManager: org.datanucleus.api.jdo.JDOPersistenceManager@75d7297d will be shutdown
2024-04-24T10:28:14,325  INFO [main] metastore.ObjectStore: RawStore: org.apache.hadoop.hive.metastore.ObjectStore@338cc75f, with PersistenceManager: org.datanucleus.api.jdo.JDOPersistenceManager@5e62ca19 created in the thread with id: 1
2024-04-24T10:28:14,327  INFO [main] metastore.HMSHandler: HMS server filtering is disabled by configuration
Hive Session ID = 40f44272-d270-4fa8-8a7f-952dde65c07c
2024-04-24T10:28:14,328  INFO [main] SessionState: Hive Session ID = 40f44272-d270-4fa8-8a7f-952dde65c07c
ivysettings.xml file not found in HIVE_HOME or HIVE_CONF_DIR,file:/home/alex/.m2/repository/org/apache/pig/pig/0.16.0/pig-0.16.0-h2.jar!/ivysettings.xml will be used
2024-04-24T10:28:14,328  INFO [main] DependencyResolver: ivysettings.xml file not found in HIVE_HOME or HIVE_CONF_DIR,file:/home/alex/.m2/repository/org/apache/pig/pig/0.16.0/pig-0.16.0-h2.jar!/ivysettings.xml will be used
2024-04-24T10:28:14,333  INFO [main] session.SessionState: Created HDFS directory: /home/alex/Repositories/hive/hcatalog/hcatalog-pig-adapter/target/tmp/scratchdir/alex/40f44272-d270-4fa8-8a7f-952dde65c07c
2024-04-24T10:28:14,336  INFO [main] session.SessionState: Created local directory: /home/alex/Repositories/hive/hcatalog/hcatalog-pig-adapter/target/tmp/localscratchdir/40f44272-d270-4fa8-8a7f-952dde65c07c
2024-04-24T10:28:14,338  INFO [main] session.SessionState: Created HDFS directory: /home/alex/Repositories/hive/hcatalog/hcatalog-pig-adapter/target/tmp/scratchdir/alex/40f44272-d270-4fa8-8a7f-952dde65c07c/_tmp_space.db
]]></system-err>
  </testcase>
  <testcase name="testMultiPartColsInData[2]" classname="org.apache.hive.hcatalog.pig.TestHCatStorer" time="0">
    <skipped message="got: &lt;false&gt;, expected: is &lt;true&gt;"/>
    <system-err><![CDATA[2024-04-24T10:28:14,370  WARN [main] conf.HiveConf: HiveConf of name hive.llap.io.cache.orc.size does not exist
2024-04-24T10:28:14,370  WARN [main] conf.HiveConf: HiveConf of name hive.stats.key.prefix.reserve.length does not exist
2024-04-24T10:28:14,370  WARN [main] conf.HiveConf: HiveConf of name hive.llap.io.cache.orc.arena.size does not exist
2024-04-24T10:28:14,370  WARN [main] conf.HiveConf: HiveConf of name hive.metastore.client.cache.maxSize does not exist
2024-04-24T10:28:14,370  WARN [main] conf.HiveConf: HiveConf of name hive.llap.io.cache.orc.alloc.min does not exist
2024-04-24T10:28:14,370  WARN [main] conf.HiveConf: HiveConf of name hive.dummyparam.test.server.specific.config.hivesite does not exist
2024-04-24T10:28:14,370  WARN [main] conf.HiveConf: HiveConf of name hive.dummyparam.test.server.specific.config.metastoresite does not exist
2024-04-24T10:28:14,370  WARN [main] conf.HiveConf: HiveConf of name hive.llap.io.cache.orc.alloc.max does not exist
2024-04-24T10:28:14,370  WARN [main] conf.HiveConf: HiveConf of name hive.metastore.metadb.dir does not exist
2024-04-24T10:28:14,370  WARN [main] conf.HiveConf: HiveConf of name hive.metastore.client.cache.recordStats does not exist
2024-04-24T10:28:14,370  WARN [main] conf.HiveConf: HiveConf of name hive.dummyparam.test.server.specific.config.override does not exist
2024-04-24T10:28:14,372  INFO [main] metastore.HiveMetaStoreClient: HMS client filtering is enabled.
2024-04-24T10:28:14,372  INFO [main] metastore.PersistenceManagerProvider: Configuration datanucleus.autoStartMechanismMode is not set. Defaulting to 'ignored'
2024-04-24T10:28:14,372  INFO [main] metastore.ObjectStore: RawStore: org.apache.hadoop.hive.metastore.ObjectStore@338cc75f, with PersistenceManager: org.datanucleus.api.jdo.JDOPersistenceManager@5e62ca19 will be shutdown
2024-04-24T10:28:14,372  INFO [main] metastore.ObjectStore: RawStore: org.apache.hadoop.hive.metastore.ObjectStore@338cc75f, with PersistenceManager: org.datanucleus.api.jdo.JDOPersistenceManager@5f8df69 created in the thread with id: 1
2024-04-24T10:28:14,374  INFO [main] metastore.HMSHandler: HMS server filtering is disabled by configuration
Hive Session ID = d575aa37-062b-4d1e-b004-4461853d0404
2024-04-24T10:28:14,375  INFO [main] SessionState: Hive Session ID = d575aa37-062b-4d1e-b004-4461853d0404
ivysettings.xml file not found in HIVE_HOME or HIVE_CONF_DIR,file:/home/alex/.m2/repository/org/apache/pig/pig/0.16.0/pig-0.16.0-h2.jar!/ivysettings.xml will be used
2024-04-24T10:28:14,375  INFO [main] DependencyResolver: ivysettings.xml file not found in HIVE_HOME or HIVE_CONF_DIR,file:/home/alex/.m2/repository/org/apache/pig/pig/0.16.0/pig-0.16.0-h2.jar!/ivysettings.xml will be used
2024-04-24T10:28:14,380  INFO [main] session.SessionState: Created HDFS directory: /home/alex/Repositories/hive/hcatalog/hcatalog-pig-adapter/target/tmp/scratchdir/alex/d575aa37-062b-4d1e-b004-4461853d0404
2024-04-24T10:28:14,382  INFO [main] session.SessionState: Created local directory: /home/alex/Repositories/hive/hcatalog/hcatalog-pig-adapter/target/tmp/localscratchdir/d575aa37-062b-4d1e-b004-4461853d0404
2024-04-24T10:28:14,385  INFO [main] session.SessionState: Created HDFS directory: /home/alex/Repositories/hive/hcatalog/hcatalog-pig-adapter/target/tmp/scratchdir/alex/d575aa37-062b-4d1e-b004-4461853d0404/_tmp_space.db
]]></system-err>
  </testcase>
  <testcase name="testStaticPartitioningMultiPartColsNoData[2]" classname="org.apache.hive.hcatalog.pig.TestHCatStorer" time="0">
    <skipped message="got: &lt;false&gt;, expected: is &lt;true&gt;"/>
    <system-err><![CDATA[2024-04-24T10:28:14,416  WARN [main] conf.HiveConf: HiveConf of name hive.metastore.client.cache.recordStats does not exist
2024-04-24T10:28:14,416  WARN [main] conf.HiveConf: HiveConf of name hive.llap.io.cache.orc.alloc.min does not exist
2024-04-24T10:28:14,416  WARN [main] conf.HiveConf: HiveConf of name hive.llap.io.cache.orc.alloc.max does not exist
2024-04-24T10:28:14,416  WARN [main] conf.HiveConf: HiveConf of name hive.llap.io.cache.orc.size does not exist
2024-04-24T10:28:14,416  WARN [main] conf.HiveConf: HiveConf of name hive.llap.io.cache.orc.arena.size does not exist
2024-04-24T10:28:14,416  WARN [main] conf.HiveConf: HiveConf of name hive.dummyparam.test.server.specific.config.hivesite does not exist
2024-04-24T10:28:14,416  WARN [main] conf.HiveConf: HiveConf of name hive.dummyparam.test.server.specific.config.metastoresite does not exist
2024-04-24T10:28:14,416  WARN [main] conf.HiveConf: HiveConf of name hive.metastore.client.cache.maxSize does not exist
2024-04-24T10:28:14,416  WARN [main] conf.HiveConf: HiveConf of name hive.metastore.metadb.dir does not exist
2024-04-24T10:28:14,416  WARN [main] conf.HiveConf: HiveConf of name hive.stats.key.prefix.reserve.length does not exist
2024-04-24T10:28:14,416  WARN [main] conf.HiveConf: HiveConf of name hive.dummyparam.test.server.specific.config.override does not exist
2024-04-24T10:28:14,417  INFO [main] metastore.HiveMetaStoreClient: HMS client filtering is enabled.
2024-04-24T10:28:14,417  INFO [main] metastore.PersistenceManagerProvider: Configuration datanucleus.autoStartMechanismMode is not set. Defaulting to 'ignored'
2024-04-24T10:28:14,418  INFO [main] metastore.ObjectStore: RawStore: org.apache.hadoop.hive.metastore.ObjectStore@338cc75f, with PersistenceManager: org.datanucleus.api.jdo.JDOPersistenceManager@5f8df69 will be shutdown
2024-04-24T10:28:14,418  INFO [main] metastore.ObjectStore: RawStore: org.apache.hadoop.hive.metastore.ObjectStore@338cc75f, with PersistenceManager: org.datanucleus.api.jdo.JDOPersistenceManager@4ab90d01 created in the thread with id: 1
2024-04-24T10:28:14,420  INFO [main] metastore.HMSHandler: HMS server filtering is disabled by configuration
Hive Session ID = 2912681a-80cb-4f62-99f8-da9c0a77b8c2
2024-04-24T10:28:14,420  INFO [main] SessionState: Hive Session ID = 2912681a-80cb-4f62-99f8-da9c0a77b8c2
ivysettings.xml file not found in HIVE_HOME or HIVE_CONF_DIR,file:/home/alex/.m2/repository/org/apache/pig/pig/0.16.0/pig-0.16.0-h2.jar!/ivysettings.xml will be used
2024-04-24T10:28:14,420  INFO [main] DependencyResolver: ivysettings.xml file not found in HIVE_HOME or HIVE_CONF_DIR,file:/home/alex/.m2/repository/org/apache/pig/pig/0.16.0/pig-0.16.0-h2.jar!/ivysettings.xml will be used
2024-04-24T10:28:14,426  INFO [main] session.SessionState: Created HDFS directory: /home/alex/Repositories/hive/hcatalog/hcatalog-pig-adapter/target/tmp/scratchdir/alex/2912681a-80cb-4f62-99f8-da9c0a77b8c2
2024-04-24T10:28:14,428  INFO [main] session.SessionState: Created local directory: /home/alex/Repositories/hive/hcatalog/hcatalog-pig-adapter/target/tmp/localscratchdir/2912681a-80cb-4f62-99f8-da9c0a77b8c2
2024-04-24T10:28:14,430  INFO [main] session.SessionState: Created HDFS directory: /home/alex/Repositories/hive/hcatalog/hcatalog-pig-adapter/target/tmp/scratchdir/alex/2912681a-80cb-4f62-99f8-da9c0a77b8c2/_tmp_space.db
]]></system-err>
  </testcase>
  <testcase name="testStoreMultiTables[2]" classname="org.apache.hive.hcatalog.pig.TestHCatStorer" time="0">
    <skipped message="got: &lt;false&gt;, expected: is &lt;true&gt;"/>
    <system-err><![CDATA[2024-04-24T10:28:14,462  WARN [main] conf.HiveConf: HiveConf of name hive.dummyparam.test.server.specific.config.override does not exist
2024-04-24T10:28:14,462  WARN [main] conf.HiveConf: HiveConf of name hive.dummyparam.test.server.specific.config.metastoresite does not exist
2024-04-24T10:28:14,462  WARN [main] conf.HiveConf: HiveConf of name hive.llap.io.cache.orc.alloc.min does not exist
2024-04-24T10:28:14,462  WARN [main] conf.HiveConf: HiveConf of name hive.stats.key.prefix.reserve.length does not exist
2024-04-24T10:28:14,462  WARN [main] conf.HiveConf: HiveConf of name hive.metastore.client.cache.maxSize does not exist
2024-04-24T10:28:14,462  WARN [main] conf.HiveConf: HiveConf of name hive.dummyparam.test.server.specific.config.hivesite does not exist
2024-04-24T10:28:14,462  WARN [main] conf.HiveConf: HiveConf of name hive.llap.io.cache.orc.alloc.max does not exist
2024-04-24T10:28:14,462  WARN [main] conf.HiveConf: HiveConf of name hive.metastore.metadb.dir does not exist
2024-04-24T10:28:14,462  WARN [main] conf.HiveConf: HiveConf of name hive.llap.io.cache.orc.size does not exist
2024-04-24T10:28:14,462  WARN [main] conf.HiveConf: HiveConf of name hive.metastore.client.cache.recordStats does not exist
2024-04-24T10:28:14,462  WARN [main] conf.HiveConf: HiveConf of name hive.llap.io.cache.orc.arena.size does not exist
2024-04-24T10:28:14,464  INFO [main] metastore.HiveMetaStoreClient: HMS client filtering is enabled.
2024-04-24T10:28:14,464  INFO [main] metastore.PersistenceManagerProvider: Configuration datanucleus.autoStartMechanismMode is not set. Defaulting to 'ignored'
2024-04-24T10:28:14,464  INFO [main] metastore.ObjectStore: RawStore: org.apache.hadoop.hive.metastore.ObjectStore@338cc75f, with PersistenceManager: org.datanucleus.api.jdo.JDOPersistenceManager@4ab90d01 will be shutdown
2024-04-24T10:28:14,464  INFO [main] metastore.ObjectStore: RawStore: org.apache.hadoop.hive.metastore.ObjectStore@338cc75f, with PersistenceManager: org.datanucleus.api.jdo.JDOPersistenceManager@4d16975b created in the thread with id: 1
2024-04-24T10:28:14,467  INFO [main] metastore.HMSHandler: HMS server filtering is disabled by configuration
Hive Session ID = b2034d18-dc3d-46bf-94b4-c7029f228c21
2024-04-24T10:28:14,467  INFO [main] SessionState: Hive Session ID = b2034d18-dc3d-46bf-94b4-c7029f228c21
ivysettings.xml file not found in HIVE_HOME or HIVE_CONF_DIR,file:/home/alex/.m2/repository/org/apache/pig/pig/0.16.0/pig-0.16.0-h2.jar!/ivysettings.xml will be used
2024-04-24T10:28:14,468  INFO [main] DependencyResolver: ivysettings.xml file not found in HIVE_HOME or HIVE_CONF_DIR,file:/home/alex/.m2/repository/org/apache/pig/pig/0.16.0/pig-0.16.0-h2.jar!/ivysettings.xml will be used
2024-04-24T10:28:14,473  INFO [main] session.SessionState: Created HDFS directory: /home/alex/Repositories/hive/hcatalog/hcatalog-pig-adapter/target/tmp/scratchdir/alex/b2034d18-dc3d-46bf-94b4-c7029f228c21
2024-04-24T10:28:14,475  INFO [main] session.SessionState: Created local directory: /home/alex/Repositories/hive/hcatalog/hcatalog-pig-adapter/target/tmp/localscratchdir/b2034d18-dc3d-46bf-94b4-c7029f228c21
2024-04-24T10:28:14,477  INFO [main] session.SessionState: Created HDFS directory: /home/alex/Repositories/hive/hcatalog/hcatalog-pig-adapter/target/tmp/scratchdir/alex/b2034d18-dc3d-46bf-94b4-c7029f228c21/_tmp_space.db
]]></system-err>
  </testcase>
  <testcase name="testStoreWithNoSchema[2]" classname="org.apache.hive.hcatalog.pig.TestHCatStorer" time="0">
    <skipped message="got: &lt;false&gt;, expected: is &lt;true&gt;"/>
    <system-err><![CDATA[2024-04-24T10:28:14,510  WARN [main] conf.HiveConf: HiveConf of name hive.llap.io.cache.orc.alloc.min does not exist
2024-04-24T10:28:14,510  WARN [main] conf.HiveConf: HiveConf of name hive.llap.io.cache.orc.arena.size does not exist
2024-04-24T10:28:14,510  WARN [main] conf.HiveConf: HiveConf of name hive.stats.key.prefix.reserve.length does not exist
2024-04-24T10:28:14,510  WARN [main] conf.HiveConf: HiveConf of name hive.metastore.client.cache.maxSize does not exist
2024-04-24T10:28:14,510  WARN [main] conf.HiveConf: HiveConf of name hive.llap.io.cache.orc.size does not exist
2024-04-24T10:28:14,510  WARN [main] conf.HiveConf: HiveConf of name hive.llap.io.cache.orc.alloc.max does not exist
2024-04-24T10:28:14,510  WARN [main] conf.HiveConf: HiveConf of name hive.metastore.client.cache.recordStats does not exist
2024-04-24T10:28:14,510  WARN [main] conf.HiveConf: HiveConf of name hive.dummyparam.test.server.specific.config.override does not exist
2024-04-24T10:28:14,510  WARN [main] conf.HiveConf: HiveConf of name hive.dummyparam.test.server.specific.config.metastoresite does not exist
2024-04-24T10:28:14,511  WARN [main] conf.HiveConf: HiveConf of name hive.metastore.metadb.dir does not exist
2024-04-24T10:28:14,511  WARN [main] conf.HiveConf: HiveConf of name hive.dummyparam.test.server.specific.config.hivesite does not exist
2024-04-24T10:28:14,512  INFO [main] metastore.HiveMetaStoreClient: HMS client filtering is enabled.
2024-04-24T10:28:14,512  INFO [main] metastore.PersistenceManagerProvider: Configuration datanucleus.autoStartMechanismMode is not set. Defaulting to 'ignored'
2024-04-24T10:28:14,512  INFO [main] metastore.ObjectStore: RawStore: org.apache.hadoop.hive.metastore.ObjectStore@338cc75f, with PersistenceManager: org.datanucleus.api.jdo.JDOPersistenceManager@4d16975b will be shutdown
2024-04-24T10:28:14,513  INFO [main] metastore.ObjectStore: RawStore: org.apache.hadoop.hive.metastore.ObjectStore@338cc75f, with PersistenceManager: org.datanucleus.api.jdo.JDOPersistenceManager@795eddda created in the thread with id: 1
2024-04-24T10:28:14,516  INFO [main] metastore.HMSHandler: HMS server filtering is disabled by configuration
Hive Session ID = a5083d2b-f9e5-4a7c-bb35-8f4ad10f5715
2024-04-24T10:28:14,516  INFO [main] SessionState: Hive Session ID = a5083d2b-f9e5-4a7c-bb35-8f4ad10f5715
ivysettings.xml file not found in HIVE_HOME or HIVE_CONF_DIR,file:/home/alex/.m2/repository/org/apache/pig/pig/0.16.0/pig-0.16.0-h2.jar!/ivysettings.xml will be used
2024-04-24T10:28:14,516  INFO [main] DependencyResolver: ivysettings.xml file not found in HIVE_HOME or HIVE_CONF_DIR,file:/home/alex/.m2/repository/org/apache/pig/pig/0.16.0/pig-0.16.0-h2.jar!/ivysettings.xml will be used
2024-04-24T10:28:14,522  INFO [main] session.SessionState: Created HDFS directory: /home/alex/Repositories/hive/hcatalog/hcatalog-pig-adapter/target/tmp/scratchdir/alex/a5083d2b-f9e5-4a7c-bb35-8f4ad10f5715
2024-04-24T10:28:14,524  INFO [main] session.SessionState: Created local directory: /home/alex/Repositories/hive/hcatalog/hcatalog-pig-adapter/target/tmp/localscratchdir/a5083d2b-f9e5-4a7c-bb35-8f4ad10f5715
2024-04-24T10:28:14,526  INFO [main] session.SessionState: Created HDFS directory: /home/alex/Repositories/hive/hcatalog/hcatalog-pig-adapter/target/tmp/scratchdir/alex/a5083d2b-f9e5-4a7c-bb35-8f4ad10f5715/_tmp_space.db
]]></system-err>
  </testcase>
  <testcase name="testNoAlias[2]" classname="org.apache.hive.hcatalog.pig.TestHCatStorer" time="0">
    <skipped message="got: &lt;false&gt;, expected: is &lt;true&gt;"/>
    <system-err><![CDATA[2024-04-24T10:28:14,558  WARN [main] conf.HiveConf: HiveConf of name hive.dummyparam.test.server.specific.config.metastoresite does not exist
2024-04-24T10:28:14,558  WARN [main] conf.HiveConf: HiveConf of name hive.metastore.client.cache.recordStats does not exist
2024-04-24T10:28:14,558  WARN [main] conf.HiveConf: HiveConf of name hive.llap.io.cache.orc.arena.size does not exist
2024-04-24T10:28:14,558  WARN [main] conf.HiveConf: HiveConf of name hive.metastore.metadb.dir does not exist
2024-04-24T10:28:14,558  WARN [main] conf.HiveConf: HiveConf of name hive.metastore.client.cache.maxSize does not exist
2024-04-24T10:28:14,558  WARN [main] conf.HiveConf: HiveConf of name hive.llap.io.cache.orc.size does not exist
2024-04-24T10:28:14,558  WARN [main] conf.HiveConf: HiveConf of name hive.dummyparam.test.server.specific.config.hivesite does not exist
2024-04-24T10:28:14,558  WARN [main] conf.HiveConf: HiveConf of name hive.llap.io.cache.orc.alloc.max does not exist
2024-04-24T10:28:14,558  WARN [main] conf.HiveConf: HiveConf of name hive.llap.io.cache.orc.alloc.min does not exist
2024-04-24T10:28:14,558  WARN [main] conf.HiveConf: HiveConf of name hive.stats.key.prefix.reserve.length does not exist
2024-04-24T10:28:14,558  WARN [main] conf.HiveConf: HiveConf of name hive.dummyparam.test.server.specific.config.override does not exist
2024-04-24T10:28:14,560  INFO [main] metastore.HiveMetaStoreClient: HMS client filtering is enabled.
2024-04-24T10:28:14,560  INFO [main] metastore.PersistenceManagerProvider: Configuration datanucleus.autoStartMechanismMode is not set. Defaulting to 'ignored'
2024-04-24T10:28:14,560  INFO [main] metastore.ObjectStore: RawStore: org.apache.hadoop.hive.metastore.ObjectStore@338cc75f, with PersistenceManager: org.datanucleus.api.jdo.JDOPersistenceManager@795eddda will be shutdown
2024-04-24T10:28:14,561  INFO [main] metastore.ObjectStore: RawStore: org.apache.hadoop.hive.metastore.ObjectStore@338cc75f, with PersistenceManager: org.datanucleus.api.jdo.JDOPersistenceManager@18f8ebd4 created in the thread with id: 1
2024-04-24T10:28:14,563  INFO [main] metastore.HMSHandler: HMS server filtering is disabled by configuration
Hive Session ID = 9afc8443-5332-427d-90c9-9a8660e26cb9
2024-04-24T10:28:14,563  INFO [main] SessionState: Hive Session ID = 9afc8443-5332-427d-90c9-9a8660e26cb9
ivysettings.xml file not found in HIVE_HOME or HIVE_CONF_DIR,file:/home/alex/.m2/repository/org/apache/pig/pig/0.16.0/pig-0.16.0-h2.jar!/ivysettings.xml will be used
2024-04-24T10:28:14,564  INFO [main] DependencyResolver: ivysettings.xml file not found in HIVE_HOME or HIVE_CONF_DIR,file:/home/alex/.m2/repository/org/apache/pig/pig/0.16.0/pig-0.16.0-h2.jar!/ivysettings.xml will be used
2024-04-24T10:28:14,569  INFO [main] session.SessionState: Created HDFS directory: /home/alex/Repositories/hive/hcatalog/hcatalog-pig-adapter/target/tmp/scratchdir/alex/9afc8443-5332-427d-90c9-9a8660e26cb9
2024-04-24T10:28:14,571  INFO [main] session.SessionState: Created local directory: /home/alex/Repositories/hive/hcatalog/hcatalog-pig-adapter/target/tmp/localscratchdir/9afc8443-5332-427d-90c9-9a8660e26cb9
2024-04-24T10:28:14,574  INFO [main] session.SessionState: Created HDFS directory: /home/alex/Repositories/hive/hcatalog/hcatalog-pig-adapter/target/tmp/scratchdir/alex/9afc8443-5332-427d-90c9-9a8660e26cb9/_tmp_space.db
]]></system-err>
  </testcase>
  <testcase name="testWriteTimestamp[2]" classname="org.apache.hive.hcatalog.pig.TestHCatStorer" time="0">
    <skipped message="got: &lt;false&gt;, expected: is &lt;true&gt;"/>
    <system-err><![CDATA[2024-04-24T10:28:14,604  WARN [main] conf.HiveConf: HiveConf of name hive.metastore.client.cache.recordStats does not exist
2024-04-24T10:28:14,604  WARN [main] conf.HiveConf: HiveConf of name hive.dummyparam.test.server.specific.config.override does not exist
2024-04-24T10:28:14,604  WARN [main] conf.HiveConf: HiveConf of name hive.dummyparam.test.server.specific.config.hivesite does not exist
2024-04-24T10:28:14,604  WARN [main] conf.HiveConf: HiveConf of name hive.llap.io.cache.orc.size does not exist
2024-04-24T10:28:14,604  WARN [main] conf.HiveConf: HiveConf of name hive.metastore.metadb.dir does not exist
2024-04-24T10:28:14,604  WARN [main] conf.HiveConf: HiveConf of name hive.dummyparam.test.server.specific.config.metastoresite does not exist
2024-04-24T10:28:14,604  WARN [main] conf.HiveConf: HiveConf of name hive.stats.key.prefix.reserve.length does not exist
2024-04-24T10:28:14,605  WARN [main] conf.HiveConf: HiveConf of name hive.metastore.client.cache.maxSize does not exist
2024-04-24T10:28:14,605  WARN [main] conf.HiveConf: HiveConf of name hive.llap.io.cache.orc.arena.size does not exist
2024-04-24T10:28:14,605  WARN [main] conf.HiveConf: HiveConf of name hive.llap.io.cache.orc.alloc.min does not exist
2024-04-24T10:28:14,605  WARN [main] conf.HiveConf: HiveConf of name hive.llap.io.cache.orc.alloc.max does not exist
2024-04-24T10:28:14,606  INFO [main] metastore.HiveMetaStoreClient: HMS client filtering is enabled.
2024-04-24T10:28:14,606  INFO [main] metastore.PersistenceManagerProvider: Configuration datanucleus.autoStartMechanismMode is not set. Defaulting to 'ignored'
2024-04-24T10:28:14,606  INFO [main] metastore.ObjectStore: RawStore: org.apache.hadoop.hive.metastore.ObjectStore@338cc75f, with PersistenceManager: org.datanucleus.api.jdo.JDOPersistenceManager@18f8ebd4 will be shutdown
2024-04-24T10:28:14,607  INFO [main] metastore.ObjectStore: RawStore: org.apache.hadoop.hive.metastore.ObjectStore@338cc75f, with PersistenceManager: org.datanucleus.api.jdo.JDOPersistenceManager@60861e5d created in the thread with id: 1
2024-04-24T10:28:14,610  INFO [main] metastore.HMSHandler: HMS server filtering is disabled by configuration
Hive Session ID = 99e2b58c-b6ec-4e28-b58a-a41e81651c19
2024-04-24T10:28:14,610  INFO [main] SessionState: Hive Session ID = 99e2b58c-b6ec-4e28-b58a-a41e81651c19
ivysettings.xml file not found in HIVE_HOME or HIVE_CONF_DIR,file:/home/alex/.m2/repository/org/apache/pig/pig/0.16.0/pig-0.16.0-h2.jar!/ivysettings.xml will be used
2024-04-24T10:28:14,610  INFO [main] DependencyResolver: ivysettings.xml file not found in HIVE_HOME or HIVE_CONF_DIR,file:/home/alex/.m2/repository/org/apache/pig/pig/0.16.0/pig-0.16.0-h2.jar!/ivysettings.xml will be used
2024-04-24T10:28:14,615  INFO [main] session.SessionState: Created HDFS directory: /home/alex/Repositories/hive/hcatalog/hcatalog-pig-adapter/target/tmp/scratchdir/alex/99e2b58c-b6ec-4e28-b58a-a41e81651c19
2024-04-24T10:28:14,618  INFO [main] session.SessionState: Created local directory: /home/alex/Repositories/hive/hcatalog/hcatalog-pig-adapter/target/tmp/localscratchdir/99e2b58c-b6ec-4e28-b58a-a41e81651c19
2024-04-24T10:28:14,620  INFO [main] session.SessionState: Created HDFS directory: /home/alex/Repositories/hive/hcatalog/hcatalog-pig-adapter/target/tmp/scratchdir/alex/99e2b58c-b6ec-4e28-b58a-a41e81651c19/_tmp_space.db
]]></system-err>
  </testcase>
  <testcase name="testWriteDecimalXY[2]" classname="org.apache.hive.hcatalog.pig.TestHCatStorer" time="0">
    <skipped message="got: &lt;false&gt;, expected: is &lt;true&gt;"/>
    <system-err><![CDATA[2024-04-24T10:28:14,651  WARN [main] conf.HiveConf: HiveConf of name hive.metastore.client.cache.recordStats does not exist
2024-04-24T10:28:14,652  WARN [main] conf.HiveConf: HiveConf of name hive.dummyparam.test.server.specific.config.override does not exist
2024-04-24T10:28:14,652  WARN [main] conf.HiveConf: HiveConf of name hive.llap.io.cache.orc.size does not exist
2024-04-24T10:28:14,652  WARN [main] conf.HiveConf: HiveConf of name hive.llap.io.cache.orc.alloc.max does not exist
2024-04-24T10:28:14,652  WARN [main] conf.HiveConf: HiveConf of name hive.llap.io.cache.orc.arena.size does not exist
2024-04-24T10:28:14,652  WARN [main] conf.HiveConf: HiveConf of name hive.dummyparam.test.server.specific.config.hivesite does not exist
2024-04-24T10:28:14,652  WARN [main] conf.HiveConf: HiveConf of name hive.stats.key.prefix.reserve.length does not exist
2024-04-24T10:28:14,652  WARN [main] conf.HiveConf: HiveConf of name hive.dummyparam.test.server.specific.config.metastoresite does not exist
2024-04-24T10:28:14,652  WARN [main] conf.HiveConf: HiveConf of name hive.metastore.metadb.dir does not exist
2024-04-24T10:28:14,652  WARN [main] conf.HiveConf: HiveConf of name hive.llap.io.cache.orc.alloc.min does not exist
2024-04-24T10:28:14,652  WARN [main] conf.HiveConf: HiveConf of name hive.metastore.client.cache.maxSize does not exist
2024-04-24T10:28:14,653  INFO [main] metastore.HiveMetaStoreClient: HMS client filtering is enabled.
2024-04-24T10:28:14,654  INFO [main] metastore.PersistenceManagerProvider: Configuration datanucleus.autoStartMechanismMode is not set. Defaulting to 'ignored'
2024-04-24T10:28:14,654  INFO [main] metastore.ObjectStore: RawStore: org.apache.hadoop.hive.metastore.ObjectStore@338cc75f, with PersistenceManager: org.datanucleus.api.jdo.JDOPersistenceManager@60861e5d will be shutdown
2024-04-24T10:28:14,654  INFO [main] metastore.ObjectStore: RawStore: org.apache.hadoop.hive.metastore.ObjectStore@338cc75f, with PersistenceManager: org.datanucleus.api.jdo.JDOPersistenceManager@b68932b created in the thread with id: 1
2024-04-24T10:28:14,656  INFO [main] metastore.HMSHandler: HMS server filtering is disabled by configuration
Hive Session ID = 2b2f1887-33a1-4bd5-a8a7-58c66043ebf5
2024-04-24T10:28:14,657  INFO [main] SessionState: Hive Session ID = 2b2f1887-33a1-4bd5-a8a7-58c66043ebf5
ivysettings.xml file not found in HIVE_HOME or HIVE_CONF_DIR,file:/home/alex/.m2/repository/org/apache/pig/pig/0.16.0/pig-0.16.0-h2.jar!/ivysettings.xml will be used
2024-04-24T10:28:14,657  INFO [main] DependencyResolver: ivysettings.xml file not found in HIVE_HOME or HIVE_CONF_DIR,file:/home/alex/.m2/repository/org/apache/pig/pig/0.16.0/pig-0.16.0-h2.jar!/ivysettings.xml will be used
2024-04-24T10:28:14,663  INFO [main] session.SessionState: Created HDFS directory: /home/alex/Repositories/hive/hcatalog/hcatalog-pig-adapter/target/tmp/scratchdir/alex/2b2f1887-33a1-4bd5-a8a7-58c66043ebf5
2024-04-24T10:28:14,665  INFO [main] session.SessionState: Created local directory: /home/alex/Repositories/hive/hcatalog/hcatalog-pig-adapter/target/tmp/localscratchdir/2b2f1887-33a1-4bd5-a8a7-58c66043ebf5
2024-04-24T10:28:14,667  INFO [main] session.SessionState: Created HDFS directory: /home/alex/Repositories/hive/hcatalog/hcatalog-pig-adapter/target/tmp/scratchdir/alex/2b2f1887-33a1-4bd5-a8a7-58c66043ebf5/_tmp_space.db
]]></system-err>
  </testcase>
  <testcase name="testStoreFuncSimple[2]" classname="org.apache.hive.hcatalog.pig.TestHCatStorer" time="0">
    <skipped message="got: &lt;false&gt;, expected: is &lt;true&gt;"/>
    <system-err><![CDATA[2024-04-24T10:28:14,697  WARN [main] conf.HiveConf: HiveConf of name hive.dummyparam.test.server.specific.config.hivesite does not exist
2024-04-24T10:28:14,698  WARN [main] conf.HiveConf: HiveConf of name hive.llap.io.cache.orc.arena.size does not exist
2024-04-24T10:28:14,698  WARN [main] conf.HiveConf: HiveConf of name hive.dummyparam.test.server.specific.config.metastoresite does not exist
2024-04-24T10:28:14,698  WARN [main] conf.HiveConf: HiveConf of name hive.llap.io.cache.orc.size does not exist
2024-04-24T10:28:14,698  WARN [main] conf.HiveConf: HiveConf of name hive.llap.io.cache.orc.alloc.min does not exist
2024-04-24T10:28:14,698  WARN [main] conf.HiveConf: HiveConf of name hive.metastore.client.cache.recordStats does not exist
2024-04-24T10:28:14,698  WARN [main] conf.HiveConf: HiveConf of name hive.stats.key.prefix.reserve.length does not exist
2024-04-24T10:28:14,698  WARN [main] conf.HiveConf: HiveConf of name hive.metastore.client.cache.maxSize does not exist
2024-04-24T10:28:14,698  WARN [main] conf.HiveConf: HiveConf of name hive.dummyparam.test.server.specific.config.override does not exist
2024-04-24T10:28:14,698  WARN [main] conf.HiveConf: HiveConf of name hive.metastore.metadb.dir does not exist
2024-04-24T10:28:14,698  WARN [main] conf.HiveConf: HiveConf of name hive.llap.io.cache.orc.alloc.max does not exist
2024-04-24T10:28:14,699  INFO [main] metastore.HiveMetaStoreClient: HMS client filtering is enabled.
2024-04-24T10:28:14,700  INFO [main] metastore.PersistenceManagerProvider: Configuration datanucleus.autoStartMechanismMode is not set. Defaulting to 'ignored'
2024-04-24T10:28:14,700  INFO [main] metastore.ObjectStore: RawStore: org.apache.hadoop.hive.metastore.ObjectStore@338cc75f, with PersistenceManager: org.datanucleus.api.jdo.JDOPersistenceManager@b68932b will be shutdown
2024-04-24T10:28:14,700  INFO [main] metastore.ObjectStore: RawStore: org.apache.hadoop.hive.metastore.ObjectStore@338cc75f, with PersistenceManager: org.datanucleus.api.jdo.JDOPersistenceManager@3c116f26 created in the thread with id: 1
2024-04-24T10:28:14,702  INFO [main] metastore.HMSHandler: HMS server filtering is disabled by configuration
Hive Session ID = daec216d-3b02-4417-b7c6-6bc13b72d36b
2024-04-24T10:28:14,702  INFO [main] SessionState: Hive Session ID = daec216d-3b02-4417-b7c6-6bc13b72d36b
ivysettings.xml file not found in HIVE_HOME or HIVE_CONF_DIR,file:/home/alex/.m2/repository/org/apache/pig/pig/0.16.0/pig-0.16.0-h2.jar!/ivysettings.xml will be used
2024-04-24T10:28:14,702  INFO [main] DependencyResolver: ivysettings.xml file not found in HIVE_HOME or HIVE_CONF_DIR,file:/home/alex/.m2/repository/org/apache/pig/pig/0.16.0/pig-0.16.0-h2.jar!/ivysettings.xml will be used
2024-04-24T10:28:14,708  INFO [main] session.SessionState: Created HDFS directory: /home/alex/Repositories/hive/hcatalog/hcatalog-pig-adapter/target/tmp/scratchdir/alex/daec216d-3b02-4417-b7c6-6bc13b72d36b
2024-04-24T10:28:14,710  INFO [main] session.SessionState: Created local directory: /home/alex/Repositories/hive/hcatalog/hcatalog-pig-adapter/target/tmp/localscratchdir/daec216d-3b02-4417-b7c6-6bc13b72d36b
2024-04-24T10:28:14,712  INFO [main] session.SessionState: Created HDFS directory: /home/alex/Repositories/hive/hcatalog/hcatalog-pig-adapter/target/tmp/scratchdir/alex/daec216d-3b02-4417-b7c6-6bc13b72d36b/_tmp_space.db
]]></system-err>
  </testcase>
  <testcase name="testDynamicPartitioningMultiPartColsInDataNoSpec[3]" classname="org.apache.hive.hcatalog.pig.TestHCatStorer" time="0">
    <skipped message="got: &lt;false&gt;, expected: is &lt;true&gt;"/>
    <system-err><![CDATA[2024-04-24T10:28:14,743  WARN [main] conf.HiveConf: HiveConf of name hive.llap.io.cache.orc.alloc.max does not exist
2024-04-24T10:28:14,743  WARN [main] conf.HiveConf: HiveConf of name hive.llap.io.cache.orc.size does not exist
2024-04-24T10:28:14,743  WARN [main] conf.HiveConf: HiveConf of name hive.llap.io.cache.orc.arena.size does not exist
2024-04-24T10:28:14,743  WARN [main] conf.HiveConf: HiveConf of name hive.stats.key.prefix.reserve.length does not exist
2024-04-24T10:28:14,743  WARN [main] conf.HiveConf: HiveConf of name hive.llap.io.cache.orc.alloc.min does not exist
2024-04-24T10:28:14,743  WARN [main] conf.HiveConf: HiveConf of name hive.metastore.client.cache.maxSize does not exist
2024-04-24T10:28:14,743  WARN [main] conf.HiveConf: HiveConf of name hive.dummyparam.test.server.specific.config.hivesite does not exist
2024-04-24T10:28:14,743  WARN [main] conf.HiveConf: HiveConf of name hive.metastore.client.cache.recordStats does not exist
2024-04-24T10:28:14,743  WARN [main] conf.HiveConf: HiveConf of name hive.dummyparam.test.server.specific.config.override does not exist
2024-04-24T10:28:14,743  WARN [main] conf.HiveConf: HiveConf of name hive.metastore.metadb.dir does not exist
2024-04-24T10:28:14,743  WARN [main] conf.HiveConf: HiveConf of name hive.dummyparam.test.server.specific.config.metastoresite does not exist
2024-04-24T10:28:14,745  INFO [main] metastore.HiveMetaStoreClient: HMS client filtering is enabled.
2024-04-24T10:28:14,745  INFO [main] metastore.PersistenceManagerProvider: Configuration datanucleus.autoStartMechanismMode is not set. Defaulting to 'ignored'
2024-04-24T10:28:14,745  INFO [main] metastore.ObjectStore: RawStore: org.apache.hadoop.hive.metastore.ObjectStore@338cc75f, with PersistenceManager: org.datanucleus.api.jdo.JDOPersistenceManager@3c116f26 will be shutdown
2024-04-24T10:28:14,745  INFO [main] metastore.ObjectStore: RawStore: org.apache.hadoop.hive.metastore.ObjectStore@338cc75f, with PersistenceManager: org.datanucleus.api.jdo.JDOPersistenceManager@4fbc516f created in the thread with id: 1
2024-04-24T10:28:14,747  INFO [main] metastore.HMSHandler: HMS server filtering is disabled by configuration
Hive Session ID = 4f470c3c-7983-4a70-b5c2-13d065d0ea1a
2024-04-24T10:28:14,747  INFO [main] SessionState: Hive Session ID = 4f470c3c-7983-4a70-b5c2-13d065d0ea1a
ivysettings.xml file not found in HIVE_HOME or HIVE_CONF_DIR,file:/home/alex/.m2/repository/org/apache/pig/pig/0.16.0/pig-0.16.0-h2.jar!/ivysettings.xml will be used
2024-04-24T10:28:14,748  INFO [main] DependencyResolver: ivysettings.xml file not found in HIVE_HOME or HIVE_CONF_DIR,file:/home/alex/.m2/repository/org/apache/pig/pig/0.16.0/pig-0.16.0-h2.jar!/ivysettings.xml will be used
2024-04-24T10:28:14,753  INFO [main] session.SessionState: Created HDFS directory: /home/alex/Repositories/hive/hcatalog/hcatalog-pig-adapter/target/tmp/scratchdir/alex/4f470c3c-7983-4a70-b5c2-13d065d0ea1a
2024-04-24T10:28:14,755  INFO [main] session.SessionState: Created local directory: /home/alex/Repositories/hive/hcatalog/hcatalog-pig-adapter/target/tmp/localscratchdir/4f470c3c-7983-4a70-b5c2-13d065d0ea1a
2024-04-24T10:28:14,757  INFO [main] session.SessionState: Created HDFS directory: /home/alex/Repositories/hive/hcatalog/hcatalog-pig-adapter/target/tmp/scratchdir/alex/4f470c3c-7983-4a70-b5c2-13d065d0ea1a/_tmp_space.db
]]></system-err>
  </testcase>
  <testcase name="testWriteTinyint[3]" classname="org.apache.hive.hcatalog.pig.TestHCatStorer" time="0">
    <skipped message="got: &lt;false&gt;, expected: is &lt;true&gt;"/>
    <system-err><![CDATA[2024-04-24T10:28:14,791  WARN [main] conf.HiveConf: HiveConf of name hive.metastore.metadb.dir does not exist
2024-04-24T10:28:14,791  WARN [main] conf.HiveConf: HiveConf of name hive.llap.io.cache.orc.size does not exist
2024-04-24T10:28:14,791  WARN [main] conf.HiveConf: HiveConf of name hive.llap.io.cache.orc.arena.size does not exist
2024-04-24T10:28:14,791  WARN [main] conf.HiveConf: HiveConf of name hive.llap.io.cache.orc.alloc.min does not exist
2024-04-24T10:28:14,791  WARN [main] conf.HiveConf: HiveConf of name hive.dummyparam.test.server.specific.config.metastoresite does not exist
2024-04-24T10:28:14,791  WARN [main] conf.HiveConf: HiveConf of name hive.dummyparam.test.server.specific.config.hivesite does not exist
2024-04-24T10:28:14,791  WARN [main] conf.HiveConf: HiveConf of name hive.metastore.client.cache.maxSize does not exist
2024-04-24T10:28:14,791  WARN [main] conf.HiveConf: HiveConf of name hive.stats.key.prefix.reserve.length does not exist
2024-04-24T10:28:14,791  WARN [main] conf.HiveConf: HiveConf of name hive.llap.io.cache.orc.alloc.max does not exist
2024-04-24T10:28:14,791  WARN [main] conf.HiveConf: HiveConf of name hive.metastore.client.cache.recordStats does not exist
2024-04-24T10:28:14,791  WARN [main] conf.HiveConf: HiveConf of name hive.dummyparam.test.server.specific.config.override does not exist
2024-04-24T10:28:14,793  INFO [main] metastore.HiveMetaStoreClient: HMS client filtering is enabled.
2024-04-24T10:28:14,793  INFO [main] metastore.PersistenceManagerProvider: Configuration datanucleus.autoStartMechanismMode is not set. Defaulting to 'ignored'
2024-04-24T10:28:14,793  INFO [main] metastore.ObjectStore: RawStore: org.apache.hadoop.hive.metastore.ObjectStore@338cc75f, with PersistenceManager: org.datanucleus.api.jdo.JDOPersistenceManager@4fbc516f will be shutdown
2024-04-24T10:28:14,794  INFO [main] metastore.ObjectStore: RawStore: org.apache.hadoop.hive.metastore.ObjectStore@338cc75f, with PersistenceManager: org.datanucleus.api.jdo.JDOPersistenceManager@72646d16 created in the thread with id: 1
2024-04-24T10:28:14,796  INFO [main] metastore.HMSHandler: HMS server filtering is disabled by configuration
Hive Session ID = 6b999869-220d-42ba-8f88-d96c31d40584
2024-04-24T10:28:14,797  INFO [main] SessionState: Hive Session ID = 6b999869-220d-42ba-8f88-d96c31d40584
ivysettings.xml file not found in HIVE_HOME or HIVE_CONF_DIR,file:/home/alex/.m2/repository/org/apache/pig/pig/0.16.0/pig-0.16.0-h2.jar!/ivysettings.xml will be used
2024-04-24T10:28:14,797  INFO [main] DependencyResolver: ivysettings.xml file not found in HIVE_HOME or HIVE_CONF_DIR,file:/home/alex/.m2/repository/org/apache/pig/pig/0.16.0/pig-0.16.0-h2.jar!/ivysettings.xml will be used
2024-04-24T10:28:14,802  INFO [main] session.SessionState: Created HDFS directory: /home/alex/Repositories/hive/hcatalog/hcatalog-pig-adapter/target/tmp/scratchdir/alex/6b999869-220d-42ba-8f88-d96c31d40584
2024-04-24T10:28:14,805  INFO [main] session.SessionState: Created local directory: /home/alex/Repositories/hive/hcatalog/hcatalog-pig-adapter/target/tmp/localscratchdir/6b999869-220d-42ba-8f88-d96c31d40584
2024-04-24T10:28:14,807  INFO [main] session.SessionState: Created HDFS directory: /home/alex/Repositories/hive/hcatalog/hcatalog-pig-adapter/target/tmp/scratchdir/alex/6b999869-220d-42ba-8f88-d96c31d40584/_tmp_space.db
]]></system-err>
  </testcase>
  <testcase name="testEmptyStore[3]" classname="org.apache.hive.hcatalog.pig.TestHCatStorer" time="0">
    <skipped message="got: &lt;false&gt;, expected: is &lt;true&gt;"/>
    <system-err><![CDATA[2024-04-24T10:28:14,841  WARN [main] conf.HiveConf: HiveConf of name hive.llap.io.cache.orc.alloc.max does not exist
2024-04-24T10:28:14,841  WARN [main] conf.HiveConf: HiveConf of name hive.stats.key.prefix.reserve.length does not exist
2024-04-24T10:28:14,841  WARN [main] conf.HiveConf: HiveConf of name hive.dummyparam.test.server.specific.config.hivesite does not exist
2024-04-24T10:28:14,841  WARN [main] conf.HiveConf: HiveConf of name hive.dummyparam.test.server.specific.config.metastoresite does not exist
2024-04-24T10:28:14,842  WARN [main] conf.HiveConf: HiveConf of name hive.llap.io.cache.orc.arena.size does not exist
2024-04-24T10:28:14,842  WARN [main] conf.HiveConf: HiveConf of name hive.dummyparam.test.server.specific.config.override does not exist
2024-04-24T10:28:14,842  WARN [main] conf.HiveConf: HiveConf of name hive.metastore.client.cache.maxSize does not exist
2024-04-24T10:28:14,842  WARN [main] conf.HiveConf: HiveConf of name hive.llap.io.cache.orc.size does not exist
2024-04-24T10:28:14,842  WARN [main] conf.HiveConf: HiveConf of name hive.metastore.client.cache.recordStats does not exist
2024-04-24T10:28:14,842  WARN [main] conf.HiveConf: HiveConf of name hive.llap.io.cache.orc.alloc.min does not exist
2024-04-24T10:28:14,842  WARN [main] conf.HiveConf: HiveConf of name hive.metastore.metadb.dir does not exist
2024-04-24T10:28:14,851  INFO [main] metastore.HiveMetaStoreClient: HMS client filtering is enabled.
2024-04-24T10:28:14,852  INFO [main] metastore.PersistenceManagerProvider: Configuration datanucleus.autoStartMechanismMode is not set. Defaulting to 'ignored'
2024-04-24T10:28:14,852  INFO [main] metastore.ObjectStore: RawStore: org.apache.hadoop.hive.metastore.ObjectStore@338cc75f, with PersistenceManager: org.datanucleus.api.jdo.JDOPersistenceManager@72646d16 will be shutdown
2024-04-24T10:28:14,852  INFO [main] metastore.ObjectStore: RawStore: org.apache.hadoop.hive.metastore.ObjectStore@338cc75f, with PersistenceManager: org.datanucleus.api.jdo.JDOPersistenceManager@323eecf8 created in the thread with id: 1
2024-04-24T10:28:14,855  INFO [main] metastore.HMSHandler: HMS server filtering is disabled by configuration
Hive Session ID = a5dc0fd7-ce91-47e7-947f-9a771682c36a
2024-04-24T10:28:14,855  INFO [main] SessionState: Hive Session ID = a5dc0fd7-ce91-47e7-947f-9a771682c36a
ivysettings.xml file not found in HIVE_HOME or HIVE_CONF_DIR,file:/home/alex/.m2/repository/org/apache/pig/pig/0.16.0/pig-0.16.0-h2.jar!/ivysettings.xml will be used
2024-04-24T10:28:14,855  INFO [main] DependencyResolver: ivysettings.xml file not found in HIVE_HOME or HIVE_CONF_DIR,file:/home/alex/.m2/repository/org/apache/pig/pig/0.16.0/pig-0.16.0-h2.jar!/ivysettings.xml will be used
2024-04-24T10:28:14,860  INFO [main] session.SessionState: Created HDFS directory: /home/alex/Repositories/hive/hcatalog/hcatalog-pig-adapter/target/tmp/scratchdir/alex/a5dc0fd7-ce91-47e7-947f-9a771682c36a
2024-04-24T10:28:14,863  INFO [main] session.SessionState: Created local directory: /home/alex/Repositories/hive/hcatalog/hcatalog-pig-adapter/target/tmp/localscratchdir/a5dc0fd7-ce91-47e7-947f-9a771682c36a
2024-04-24T10:28:14,865  INFO [main] session.SessionState: Created HDFS directory: /home/alex/Repositories/hive/hcatalog/hcatalog-pig-adapter/target/tmp/scratchdir/alex/a5dc0fd7-ce91-47e7-947f-9a771682c36a/_tmp_space.db
]]></system-err>
  </testcase>
  <testcase name="testStoreFuncAllSimpleTypes[3]" classname="org.apache.hive.hcatalog.pig.TestHCatStorer" time="0">
    <skipped message="got: &lt;false&gt;, expected: is &lt;true&gt;"/>
    <system-err><![CDATA[2024-04-24T10:28:14,895  WARN [main] conf.HiveConf: HiveConf of name hive.stats.key.prefix.reserve.length does not exist
2024-04-24T10:28:14,895  WARN [main] conf.HiveConf: HiveConf of name hive.llap.io.cache.orc.alloc.min does not exist
2024-04-24T10:28:14,895  WARN [main] conf.HiveConf: HiveConf of name hive.metastore.client.cache.maxSize does not exist
2024-04-24T10:28:14,895  WARN [main] conf.HiveConf: HiveConf of name hive.metastore.client.cache.recordStats does not exist
2024-04-24T10:28:14,895  WARN [main] conf.HiveConf: HiveConf of name hive.dummyparam.test.server.specific.config.override does not exist
2024-04-24T10:28:14,895  WARN [main] conf.HiveConf: HiveConf of name hive.dummyparam.test.server.specific.config.metastoresite does not exist
2024-04-24T10:28:14,895  WARN [main] conf.HiveConf: HiveConf of name hive.llap.io.cache.orc.alloc.max does not exist
2024-04-24T10:28:14,896  WARN [main] conf.HiveConf: HiveConf of name hive.llap.io.cache.orc.size does not exist
2024-04-24T10:28:14,896  WARN [main] conf.HiveConf: HiveConf of name hive.llap.io.cache.orc.arena.size does not exist
2024-04-24T10:28:14,896  WARN [main] conf.HiveConf: HiveConf of name hive.metastore.metadb.dir does not exist
2024-04-24T10:28:14,896  WARN [main] conf.HiveConf: HiveConf of name hive.dummyparam.test.server.specific.config.hivesite does not exist
2024-04-24T10:28:14,897  INFO [main] metastore.HiveMetaStoreClient: HMS client filtering is enabled.
2024-04-24T10:28:14,897  INFO [main] metastore.PersistenceManagerProvider: Configuration datanucleus.autoStartMechanismMode is not set. Defaulting to 'ignored'
2024-04-24T10:28:14,897  INFO [main] metastore.ObjectStore: RawStore: org.apache.hadoop.hive.metastore.ObjectStore@338cc75f, with PersistenceManager: org.datanucleus.api.jdo.JDOPersistenceManager@323eecf8 will be shutdown
2024-04-24T10:28:14,897  INFO [main] metastore.ObjectStore: RawStore: org.apache.hadoop.hive.metastore.ObjectStore@338cc75f, with PersistenceManager: org.datanucleus.api.jdo.JDOPersistenceManager@1ecec098 created in the thread with id: 1
2024-04-24T10:28:14,900  INFO [main] metastore.HMSHandler: HMS server filtering is disabled by configuration
Hive Session ID = c79752ce-d7e4-4d79-b495-dcfc0a90f2ec
2024-04-24T10:28:14,900  INFO [main] SessionState: Hive Session ID = c79752ce-d7e4-4d79-b495-dcfc0a90f2ec
ivysettings.xml file not found in HIVE_HOME or HIVE_CONF_DIR,file:/home/alex/.m2/repository/org/apache/pig/pig/0.16.0/pig-0.16.0-h2.jar!/ivysettings.xml will be used
2024-04-24T10:28:14,901  INFO [main] DependencyResolver: ivysettings.xml file not found in HIVE_HOME or HIVE_CONF_DIR,file:/home/alex/.m2/repository/org/apache/pig/pig/0.16.0/pig-0.16.0-h2.jar!/ivysettings.xml will be used
2024-04-24T10:28:14,906  INFO [main] session.SessionState: Created HDFS directory: /home/alex/Repositories/hive/hcatalog/hcatalog-pig-adapter/target/tmp/scratchdir/alex/c79752ce-d7e4-4d79-b495-dcfc0a90f2ec
2024-04-24T10:28:14,908  INFO [main] session.SessionState: Created local directory: /home/alex/Repositories/hive/hcatalog/hcatalog-pig-adapter/target/tmp/localscratchdir/c79752ce-d7e4-4d79-b495-dcfc0a90f2ec
2024-04-24T10:28:14,911  INFO [main] session.SessionState: Created HDFS directory: /home/alex/Repositories/hive/hcatalog/hcatalog-pig-adapter/target/tmp/scratchdir/alex/c79752ce-d7e4-4d79-b495-dcfc0a90f2ec/_tmp_space.db
]]></system-err>
  </testcase>
  <testcase name="testDynamicPartitioningMultiPartColsInDataPartialSpec[3]" classname="org.apache.hive.hcatalog.pig.TestHCatStorer" time="0">
    <skipped message="got: &lt;false&gt;, expected: is &lt;true&gt;"/>
    <system-err><![CDATA[2024-04-24T10:28:14,942  WARN [main] conf.HiveConf: HiveConf of name hive.llap.io.cache.orc.size does not exist
2024-04-24T10:28:14,942  WARN [main] conf.HiveConf: HiveConf of name hive.llap.io.cache.orc.alloc.max does not exist
2024-04-24T10:28:14,942  WARN [main] conf.HiveConf: HiveConf of name hive.stats.key.prefix.reserve.length does not exist
2024-04-24T10:28:14,942  WARN [main] conf.HiveConf: HiveConf of name hive.metastore.client.cache.maxSize does not exist
2024-04-24T10:28:14,942  WARN [main] conf.HiveConf: HiveConf of name hive.dummyparam.test.server.specific.config.hivesite does not exist
2024-04-24T10:28:14,942  WARN [main] conf.HiveConf: HiveConf of name hive.llap.io.cache.orc.alloc.min does not exist
2024-04-24T10:28:14,942  WARN [main] conf.HiveConf: HiveConf of name hive.llap.io.cache.orc.arena.size does not exist
2024-04-24T10:28:14,942  WARN [main] conf.HiveConf: HiveConf of name hive.dummyparam.test.server.specific.config.override does not exist
2024-04-24T10:28:14,942  WARN [main] conf.HiveConf: HiveConf of name hive.metastore.metadb.dir does not exist
2024-04-24T10:28:14,942  WARN [main] conf.HiveConf: HiveConf of name hive.dummyparam.test.server.specific.config.metastoresite does not exist
2024-04-24T10:28:14,942  WARN [main] conf.HiveConf: HiveConf of name hive.metastore.client.cache.recordStats does not exist
2024-04-24T10:28:14,944  INFO [main] metastore.HiveMetaStoreClient: HMS client filtering is enabled.
2024-04-24T10:28:14,944  INFO [main] metastore.PersistenceManagerProvider: Configuration datanucleus.autoStartMechanismMode is not set. Defaulting to 'ignored'
2024-04-24T10:28:14,944  INFO [main] metastore.ObjectStore: RawStore: org.apache.hadoop.hive.metastore.ObjectStore@338cc75f, with PersistenceManager: org.datanucleus.api.jdo.JDOPersistenceManager@1ecec098 will be shutdown
2024-04-24T10:28:14,944  INFO [main] metastore.ObjectStore: RawStore: org.apache.hadoop.hive.metastore.ObjectStore@338cc75f, with PersistenceManager: org.datanucleus.api.jdo.JDOPersistenceManager@4fef4f96 created in the thread with id: 1
2024-04-24T10:28:14,947  INFO [main] metastore.HMSHandler: HMS server filtering is disabled by configuration
Hive Session ID = db6b82f2-e029-4c6f-a11d-a7c684381579
2024-04-24T10:28:14,947  INFO [main] SessionState: Hive Session ID = db6b82f2-e029-4c6f-a11d-a7c684381579
ivysettings.xml file not found in HIVE_HOME or HIVE_CONF_DIR,file:/home/alex/.m2/repository/org/apache/pig/pig/0.16.0/pig-0.16.0-h2.jar!/ivysettings.xml will be used
2024-04-24T10:28:14,948  INFO [main] DependencyResolver: ivysettings.xml file not found in HIVE_HOME or HIVE_CONF_DIR,file:/home/alex/.m2/repository/org/apache/pig/pig/0.16.0/pig-0.16.0-h2.jar!/ivysettings.xml will be used
2024-04-24T10:28:14,953  INFO [main] session.SessionState: Created HDFS directory: /home/alex/Repositories/hive/hcatalog/hcatalog-pig-adapter/target/tmp/scratchdir/alex/db6b82f2-e029-4c6f-a11d-a7c684381579
2024-04-24T10:28:14,956  INFO [main] session.SessionState: Created local directory: /home/alex/Repositories/hive/hcatalog/hcatalog-pig-adapter/target/tmp/localscratchdir/db6b82f2-e029-4c6f-a11d-a7c684381579
2024-04-24T10:28:14,959  INFO [main] session.SessionState: Created HDFS directory: /home/alex/Repositories/hive/hcatalog/hcatalog-pig-adapter/target/tmp/scratchdir/alex/db6b82f2-e029-4c6f-a11d-a7c684381579/_tmp_space.db
]]></system-err>
  </testcase>
  <testcase name="testWriteDate2[3]" classname="org.apache.hive.hcatalog.pig.TestHCatStorer" time="0">
    <skipped message="got: &lt;false&gt;, expected: is &lt;true&gt;"/>
    <system-err><![CDATA[2024-04-24T10:28:14,994  WARN [main] conf.HiveConf: HiveConf of name hive.dummyparam.test.server.specific.config.hivesite does not exist
2024-04-24T10:28:14,994  WARN [main] conf.HiveConf: HiveConf of name hive.metastore.metadb.dir does not exist
2024-04-24T10:28:14,994  WARN [main] conf.HiveConf: HiveConf of name hive.metastore.client.cache.recordStats does not exist
2024-04-24T10:28:14,994  WARN [main] conf.HiveConf: HiveConf of name hive.dummyparam.test.server.specific.config.metastoresite does not exist
2024-04-24T10:28:14,994  WARN [main] conf.HiveConf: HiveConf of name hive.llap.io.cache.orc.alloc.max does not exist
2024-04-24T10:28:14,994  WARN [main] conf.HiveConf: HiveConf of name hive.llap.io.cache.orc.arena.size does not exist
2024-04-24T10:28:14,994  WARN [main] conf.HiveConf: HiveConf of name hive.dummyparam.test.server.specific.config.override does not exist
2024-04-24T10:28:14,994  WARN [main] conf.HiveConf: HiveConf of name hive.llap.io.cache.orc.size does not exist
2024-04-24T10:28:14,994  WARN [main] conf.HiveConf: HiveConf of name hive.stats.key.prefix.reserve.length does not exist
2024-04-24T10:28:14,994  WARN [main] conf.HiveConf: HiveConf of name hive.llap.io.cache.orc.alloc.min does not exist
2024-04-24T10:28:14,994  WARN [main] conf.HiveConf: HiveConf of name hive.metastore.client.cache.maxSize does not exist
2024-04-24T10:28:14,996  INFO [main] metastore.HiveMetaStoreClient: HMS client filtering is enabled.
2024-04-24T10:28:14,996  INFO [main] metastore.PersistenceManagerProvider: Configuration datanucleus.autoStartMechanismMode is not set. Defaulting to 'ignored'
2024-04-24T10:28:14,996  INFO [main] metastore.ObjectStore: RawStore: org.apache.hadoop.hive.metastore.ObjectStore@338cc75f, with PersistenceManager: org.datanucleus.api.jdo.JDOPersistenceManager@4fef4f96 will be shutdown
2024-04-24T10:28:14,996  INFO [main] metastore.ObjectStore: RawStore: org.apache.hadoop.hive.metastore.ObjectStore@338cc75f, with PersistenceManager: org.datanucleus.api.jdo.JDOPersistenceManager@50d05167 created in the thread with id: 1
2024-04-24T10:28:14,998  INFO [main] metastore.HMSHandler: HMS server filtering is disabled by configuration
Hive Session ID = c5ca0794-91ab-4294-a7cb-092a8d4c0182
2024-04-24T10:28:14,998  INFO [main] SessionState: Hive Session ID = c5ca0794-91ab-4294-a7cb-092a8d4c0182
ivysettings.xml file not found in HIVE_HOME or HIVE_CONF_DIR,file:/home/alex/.m2/repository/org/apache/pig/pig/0.16.0/pig-0.16.0-h2.jar!/ivysettings.xml will be used
2024-04-24T10:28:14,999  INFO [main] DependencyResolver: ivysettings.xml file not found in HIVE_HOME or HIVE_CONF_DIR,file:/home/alex/.m2/repository/org/apache/pig/pig/0.16.0/pig-0.16.0-h2.jar!/ivysettings.xml will be used
2024-04-24T10:28:15,004  INFO [main] session.SessionState: Created HDFS directory: /home/alex/Repositories/hive/hcatalog/hcatalog-pig-adapter/target/tmp/scratchdir/alex/c5ca0794-91ab-4294-a7cb-092a8d4c0182
2024-04-24T10:28:15,006  INFO [main] session.SessionState: Created local directory: /home/alex/Repositories/hive/hcatalog/hcatalog-pig-adapter/target/tmp/localscratchdir/c5ca0794-91ab-4294-a7cb-092a8d4c0182
2024-04-24T10:28:15,009  INFO [main] session.SessionState: Created HDFS directory: /home/alex/Repositories/hive/hcatalog/hcatalog-pig-adapter/target/tmp/scratchdir/alex/c5ca0794-91ab-4294-a7cb-092a8d4c0182/_tmp_space.db
]]></system-err>
  </testcase>
  <testcase name="testWriteDate3[3]" classname="org.apache.hive.hcatalog.pig.TestHCatStorer" time="0">
    <skipped message="got: &lt;false&gt;, expected: is &lt;true&gt;"/>
    <system-err><![CDATA[2024-04-24T10:28:15,040  WARN [main] conf.HiveConf: HiveConf of name hive.dummyparam.test.server.specific.config.hivesite does not exist
2024-04-24T10:28:15,040  WARN [main] conf.HiveConf: HiveConf of name hive.metastore.client.cache.maxSize does not exist
2024-04-24T10:28:15,040  WARN [main] conf.HiveConf: HiveConf of name hive.metastore.client.cache.recordStats does not exist
2024-04-24T10:28:15,040  WARN [main] conf.HiveConf: HiveConf of name hive.metastore.metadb.dir does not exist
2024-04-24T10:28:15,040  WARN [main] conf.HiveConf: HiveConf of name hive.llap.io.cache.orc.size does not exist
2024-04-24T10:28:15,040  WARN [main] conf.HiveConf: HiveConf of name hive.llap.io.cache.orc.arena.size does not exist
2024-04-24T10:28:15,040  WARN [main] conf.HiveConf: HiveConf of name hive.stats.key.prefix.reserve.length does not exist
2024-04-24T10:28:15,040  WARN [main] conf.HiveConf: HiveConf of name hive.dummyparam.test.server.specific.config.metastoresite does not exist
2024-04-24T10:28:15,040  WARN [main] conf.HiveConf: HiveConf of name hive.llap.io.cache.orc.alloc.min does not exist
2024-04-24T10:28:15,040  WARN [main] conf.HiveConf: HiveConf of name hive.dummyparam.test.server.specific.config.override does not exist
2024-04-24T10:28:15,040  WARN [main] conf.HiveConf: HiveConf of name hive.llap.io.cache.orc.alloc.max does not exist
2024-04-24T10:28:15,041  INFO [main] metastore.HiveMetaStoreClient: HMS client filtering is enabled.
2024-04-24T10:28:15,041  INFO [main] metastore.PersistenceManagerProvider: Configuration datanucleus.autoStartMechanismMode is not set. Defaulting to 'ignored'
2024-04-24T10:28:15,042  INFO [main] metastore.ObjectStore: RawStore: org.apache.hadoop.hive.metastore.ObjectStore@338cc75f, with PersistenceManager: org.datanucleus.api.jdo.JDOPersistenceManager@50d05167 will be shutdown
2024-04-24T10:28:15,042  INFO [main] metastore.ObjectStore: RawStore: org.apache.hadoop.hive.metastore.ObjectStore@338cc75f, with PersistenceManager: org.datanucleus.api.jdo.JDOPersistenceManager@2fa2143d created in the thread with id: 1
2024-04-24T10:28:15,044  INFO [main] metastore.HMSHandler: HMS server filtering is disabled by configuration
Hive Session ID = feab5a0e-571e-4fb7-9454-848b2d1ab325
2024-04-24T10:28:15,044  INFO [main] SessionState: Hive Session ID = feab5a0e-571e-4fb7-9454-848b2d1ab325
ivysettings.xml file not found in HIVE_HOME or HIVE_CONF_DIR,file:/home/alex/.m2/repository/org/apache/pig/pig/0.16.0/pig-0.16.0-h2.jar!/ivysettings.xml will be used
2024-04-24T10:28:15,044  INFO [main] DependencyResolver: ivysettings.xml file not found in HIVE_HOME or HIVE_CONF_DIR,file:/home/alex/.m2/repository/org/apache/pig/pig/0.16.0/pig-0.16.0-h2.jar!/ivysettings.xml will be used
2024-04-24T10:28:15,050  INFO [main] session.SessionState: Created HDFS directory: /home/alex/Repositories/hive/hcatalog/hcatalog-pig-adapter/target/tmp/scratchdir/alex/feab5a0e-571e-4fb7-9454-848b2d1ab325
2024-04-24T10:28:15,052  INFO [main] session.SessionState: Created local directory: /home/alex/Repositories/hive/hcatalog/hcatalog-pig-adapter/target/tmp/localscratchdir/feab5a0e-571e-4fb7-9454-848b2d1ab325
2024-04-24T10:28:15,054  INFO [main] session.SessionState: Created HDFS directory: /home/alex/Repositories/hive/hcatalog/hcatalog-pig-adapter/target/tmp/scratchdir/alex/feab5a0e-571e-4fb7-9454-848b2d1ab325/_tmp_space.db
]]></system-err>
  </testcase>
  <testcase name="testStoreInPartiitonedTbl[3]" classname="org.apache.hive.hcatalog.pig.TestHCatStorer" time="0">
    <skipped message="got: &lt;false&gt;, expected: is &lt;true&gt;"/>
    <system-err><![CDATA[2024-04-24T10:28:15,085  WARN [main] conf.HiveConf: HiveConf of name hive.llap.io.cache.orc.arena.size does not exist
2024-04-24T10:28:15,085  WARN [main] conf.HiveConf: HiveConf of name hive.dummyparam.test.server.specific.config.metastoresite does not exist
2024-04-24T10:28:15,085  WARN [main] conf.HiveConf: HiveConf of name hive.dummyparam.test.server.specific.config.override does not exist
2024-04-24T10:28:15,085  WARN [main] conf.HiveConf: HiveConf of name hive.llap.io.cache.orc.alloc.min does not exist
2024-04-24T10:28:15,085  WARN [main] conf.HiveConf: HiveConf of name hive.metastore.client.cache.maxSize does not exist
2024-04-24T10:28:15,085  WARN [main] conf.HiveConf: HiveConf of name hive.llap.io.cache.orc.size does not exist
2024-04-24T10:28:15,085  WARN [main] conf.HiveConf: HiveConf of name hive.metastore.metadb.dir does not exist
2024-04-24T10:28:15,085  WARN [main] conf.HiveConf: HiveConf of name hive.stats.key.prefix.reserve.length does not exist
2024-04-24T10:28:15,085  WARN [main] conf.HiveConf: HiveConf of name hive.dummyparam.test.server.specific.config.hivesite does not exist
2024-04-24T10:28:15,085  WARN [main] conf.HiveConf: HiveConf of name hive.llap.io.cache.orc.alloc.max does not exist
2024-04-24T10:28:15,085  WARN [main] conf.HiveConf: HiveConf of name hive.metastore.client.cache.recordStats does not exist
2024-04-24T10:28:15,087  INFO [main] metastore.HiveMetaStoreClient: HMS client filtering is enabled.
2024-04-24T10:28:15,088  INFO [main] metastore.PersistenceManagerProvider: Configuration datanucleus.autoStartMechanismMode is not set. Defaulting to 'ignored'
2024-04-24T10:28:15,088  INFO [main] metastore.ObjectStore: RawStore: org.apache.hadoop.hive.metastore.ObjectStore@338cc75f, with PersistenceManager: org.datanucleus.api.jdo.JDOPersistenceManager@2fa2143d will be shutdown
2024-04-24T10:28:15,088  INFO [main] metastore.ObjectStore: RawStore: org.apache.hadoop.hive.metastore.ObjectStore@338cc75f, with PersistenceManager: org.datanucleus.api.jdo.JDOPersistenceManager@5b0835cb created in the thread with id: 1
2024-04-24T10:28:15,090  INFO [main] metastore.HMSHandler: HMS server filtering is disabled by configuration
Hive Session ID = d4ad631b-a392-4368-8d49-85d5e4d3fa7c
2024-04-24T10:28:15,090  INFO [main] SessionState: Hive Session ID = d4ad631b-a392-4368-8d49-85d5e4d3fa7c
ivysettings.xml file not found in HIVE_HOME or HIVE_CONF_DIR,file:/home/alex/.m2/repository/org/apache/pig/pig/0.16.0/pig-0.16.0-h2.jar!/ivysettings.xml will be used
2024-04-24T10:28:15,091  INFO [main] DependencyResolver: ivysettings.xml file not found in HIVE_HOME or HIVE_CONF_DIR,file:/home/alex/.m2/repository/org/apache/pig/pig/0.16.0/pig-0.16.0-h2.jar!/ivysettings.xml will be used
2024-04-24T10:28:15,096  INFO [main] session.SessionState: Created HDFS directory: /home/alex/Repositories/hive/hcatalog/hcatalog-pig-adapter/target/tmp/scratchdir/alex/d4ad631b-a392-4368-8d49-85d5e4d3fa7c
2024-04-24T10:28:15,098  INFO [main] session.SessionState: Created local directory: /home/alex/Repositories/hive/hcatalog/hcatalog-pig-adapter/target/tmp/localscratchdir/d4ad631b-a392-4368-8d49-85d5e4d3fa7c
2024-04-24T10:28:15,100  INFO [main] session.SessionState: Created HDFS directory: /home/alex/Repositories/hive/hcatalog/hcatalog-pig-adapter/target/tmp/scratchdir/alex/d4ad631b-a392-4368-8d49-85d5e4d3fa7c/_tmp_space.db
]]></system-err>
  </testcase>
  <testcase name="testWriteChar[3]" classname="org.apache.hive.hcatalog.pig.TestHCatStorer" time="0">
    <skipped message="got: &lt;false&gt;, expected: is &lt;true&gt;"/>
    <system-err><![CDATA[2024-04-24T10:28:15,132  WARN [main] conf.HiveConf: HiveConf of name hive.llap.io.cache.orc.size does not exist
2024-04-24T10:28:15,132  WARN [main] conf.HiveConf: HiveConf of name hive.metastore.client.cache.maxSize does not exist
2024-04-24T10:28:15,132  WARN [main] conf.HiveConf: HiveConf of name hive.llap.io.cache.orc.alloc.min does not exist
2024-04-24T10:28:15,132  WARN [main] conf.HiveConf: HiveConf of name hive.dummyparam.test.server.specific.config.hivesite does not exist
2024-04-24T10:28:15,132  WARN [main] conf.HiveConf: HiveConf of name hive.dummyparam.test.server.specific.config.metastoresite does not exist
2024-04-24T10:28:15,132  WARN [main] conf.HiveConf: HiveConf of name hive.metastore.client.cache.recordStats does not exist
2024-04-24T10:28:15,132  WARN [main] conf.HiveConf: HiveConf of name hive.dummyparam.test.server.specific.config.override does not exist
2024-04-24T10:28:15,132  WARN [main] conf.HiveConf: HiveConf of name hive.metastore.metadb.dir does not exist
2024-04-24T10:28:15,132  WARN [main] conf.HiveConf: HiveConf of name hive.llap.io.cache.orc.alloc.max does not exist
2024-04-24T10:28:15,132  WARN [main] conf.HiveConf: HiveConf of name hive.llap.io.cache.orc.arena.size does not exist
2024-04-24T10:28:15,132  WARN [main] conf.HiveConf: HiveConf of name hive.stats.key.prefix.reserve.length does not exist
2024-04-24T10:28:15,133  INFO [main] metastore.HiveMetaStoreClient: HMS client filtering is enabled.
2024-04-24T10:28:15,133  INFO [main] metastore.PersistenceManagerProvider: Configuration datanucleus.autoStartMechanismMode is not set. Defaulting to 'ignored'
2024-04-24T10:28:15,134  INFO [main] metastore.ObjectStore: RawStore: org.apache.hadoop.hive.metastore.ObjectStore@338cc75f, with PersistenceManager: org.datanucleus.api.jdo.JDOPersistenceManager@5b0835cb will be shutdown
2024-04-24T10:28:15,134  INFO [main] metastore.ObjectStore: RawStore: org.apache.hadoop.hive.metastore.ObjectStore@338cc75f, with PersistenceManager: org.datanucleus.api.jdo.JDOPersistenceManager@f6cde7e created in the thread with id: 1
2024-04-24T10:28:15,137  INFO [main] metastore.HMSHandler: HMS server filtering is disabled by configuration
Hive Session ID = 77f05aad-1367-44ad-b80f-17bedad39be4
2024-04-24T10:28:15,137  INFO [main] SessionState: Hive Session ID = 77f05aad-1367-44ad-b80f-17bedad39be4
ivysettings.xml file not found in HIVE_HOME or HIVE_CONF_DIR,file:/home/alex/.m2/repository/org/apache/pig/pig/0.16.0/pig-0.16.0-h2.jar!/ivysettings.xml will be used
2024-04-24T10:28:15,138  INFO [main] DependencyResolver: ivysettings.xml file not found in HIVE_HOME or HIVE_CONF_DIR,file:/home/alex/.m2/repository/org/apache/pig/pig/0.16.0/pig-0.16.0-h2.jar!/ivysettings.xml will be used
2024-04-24T10:28:15,143  INFO [main] session.SessionState: Created HDFS directory: /home/alex/Repositories/hive/hcatalog/hcatalog-pig-adapter/target/tmp/scratchdir/alex/77f05aad-1367-44ad-b80f-17bedad39be4
2024-04-24T10:28:15,146  INFO [main] session.SessionState: Created local directory: /home/alex/Repositories/hive/hcatalog/hcatalog-pig-adapter/target/tmp/localscratchdir/77f05aad-1367-44ad-b80f-17bedad39be4
2024-04-24T10:28:15,149  INFO [main] session.SessionState: Created HDFS directory: /home/alex/Repositories/hive/hcatalog/hcatalog-pig-adapter/target/tmp/scratchdir/alex/77f05aad-1367-44ad-b80f-17bedad39be4/_tmp_space.db
]]></system-err>
  </testcase>
  <testcase name="testWriteDate[3]" classname="org.apache.hive.hcatalog.pig.TestHCatStorer" time="0">
    <skipped message="got: &lt;false&gt;, expected: is &lt;true&gt;"/>
    <system-err><![CDATA[2024-04-24T10:28:15,179  WARN [main] conf.HiveConf: HiveConf of name hive.metastore.client.cache.maxSize does not exist
2024-04-24T10:28:15,180  WARN [main] conf.HiveConf: HiveConf of name hive.metastore.metadb.dir does not exist
2024-04-24T10:28:15,180  WARN [main] conf.HiveConf: HiveConf of name hive.llap.io.cache.orc.arena.size does not exist
2024-04-24T10:28:15,180  WARN [main] conf.HiveConf: HiveConf of name hive.llap.io.cache.orc.alloc.min does not exist
2024-04-24T10:28:15,180  WARN [main] conf.HiveConf: HiveConf of name hive.dummyparam.test.server.specific.config.hivesite does not exist
2024-04-24T10:28:15,180  WARN [main] conf.HiveConf: HiveConf of name hive.dummyparam.test.server.specific.config.metastoresite does not exist
2024-04-24T10:28:15,180  WARN [main] conf.HiveConf: HiveConf of name hive.stats.key.prefix.reserve.length does not exist
2024-04-24T10:28:15,180  WARN [main] conf.HiveConf: HiveConf of name hive.metastore.client.cache.recordStats does not exist
2024-04-24T10:28:15,180  WARN [main] conf.HiveConf: HiveConf of name hive.llap.io.cache.orc.size does not exist
2024-04-24T10:28:15,180  WARN [main] conf.HiveConf: HiveConf of name hive.dummyparam.test.server.specific.config.override does not exist
2024-04-24T10:28:15,180  WARN [main] conf.HiveConf: HiveConf of name hive.llap.io.cache.orc.alloc.max does not exist
2024-04-24T10:28:15,181  INFO [main] metastore.HiveMetaStoreClient: HMS client filtering is enabled.
2024-04-24T10:28:15,181  INFO [main] metastore.PersistenceManagerProvider: Configuration datanucleus.autoStartMechanismMode is not set. Defaulting to 'ignored'
2024-04-24T10:28:15,182  INFO [main] metastore.ObjectStore: RawStore: org.apache.hadoop.hive.metastore.ObjectStore@338cc75f, with PersistenceManager: org.datanucleus.api.jdo.JDOPersistenceManager@f6cde7e will be shutdown
2024-04-24T10:28:15,182  INFO [main] metastore.ObjectStore: RawStore: org.apache.hadoop.hive.metastore.ObjectStore@338cc75f, with PersistenceManager: org.datanucleus.api.jdo.JDOPersistenceManager@27d5eb00 created in the thread with id: 1
2024-04-24T10:28:15,184  INFO [main] metastore.HMSHandler: HMS server filtering is disabled by configuration
Hive Session ID = fa1ef448-0bd2-4cf7-ae94-e56c7d84c703
2024-04-24T10:28:15,184  INFO [main] SessionState: Hive Session ID = fa1ef448-0bd2-4cf7-ae94-e56c7d84c703
ivysettings.xml file not found in HIVE_HOME or HIVE_CONF_DIR,file:/home/alex/.m2/repository/org/apache/pig/pig/0.16.0/pig-0.16.0-h2.jar!/ivysettings.xml will be used
2024-04-24T10:28:15,185  INFO [main] DependencyResolver: ivysettings.xml file not found in HIVE_HOME or HIVE_CONF_DIR,file:/home/alex/.m2/repository/org/apache/pig/pig/0.16.0/pig-0.16.0-h2.jar!/ivysettings.xml will be used
2024-04-24T10:28:15,190  INFO [main] session.SessionState: Created HDFS directory: /home/alex/Repositories/hive/hcatalog/hcatalog-pig-adapter/target/tmp/scratchdir/alex/fa1ef448-0bd2-4cf7-ae94-e56c7d84c703
2024-04-24T10:28:15,192  INFO [main] session.SessionState: Created local directory: /home/alex/Repositories/hive/hcatalog/hcatalog-pig-adapter/target/tmp/localscratchdir/fa1ef448-0bd2-4cf7-ae94-e56c7d84c703
2024-04-24T10:28:15,195  INFO [main] session.SessionState: Created HDFS directory: /home/alex/Repositories/hive/hcatalog/hcatalog-pig-adapter/target/tmp/scratchdir/alex/fa1ef448-0bd2-4cf7-ae94-e56c7d84c703/_tmp_space.db
]]></system-err>
  </testcase>
  <testcase name="testWriteSmallint[3]" classname="org.apache.hive.hcatalog.pig.TestHCatStorer" time="0">
    <skipped message="got: &lt;false&gt;, expected: is &lt;true&gt;"/>
    <system-err><![CDATA[2024-04-24T10:28:15,225  WARN [main] conf.HiveConf: HiveConf of name hive.metastore.client.cache.recordStats does not exist
2024-04-24T10:28:15,225  WARN [main] conf.HiveConf: HiveConf of name hive.metastore.client.cache.maxSize does not exist
2024-04-24T10:28:15,225  WARN [main] conf.HiveConf: HiveConf of name hive.stats.key.prefix.reserve.length does not exist
2024-04-24T10:28:15,225  WARN [main] conf.HiveConf: HiveConf of name hive.dummyparam.test.server.specific.config.metastoresite does not exist
2024-04-24T10:28:15,225  WARN [main] conf.HiveConf: HiveConf of name hive.llap.io.cache.orc.size does not exist
2024-04-24T10:28:15,225  WARN [main] conf.HiveConf: HiveConf of name hive.dummyparam.test.server.specific.config.hivesite does not exist
2024-04-24T10:28:15,225  WARN [main] conf.HiveConf: HiveConf of name hive.llap.io.cache.orc.alloc.max does not exist
2024-04-24T10:28:15,225  WARN [main] conf.HiveConf: HiveConf of name hive.llap.io.cache.orc.arena.size does not exist
2024-04-24T10:28:15,225  WARN [main] conf.HiveConf: HiveConf of name hive.llap.io.cache.orc.alloc.min does not exist
2024-04-24T10:28:15,225  WARN [main] conf.HiveConf: HiveConf of name hive.dummyparam.test.server.specific.config.override does not exist
2024-04-24T10:28:15,225  WARN [main] conf.HiveConf: HiveConf of name hive.metastore.metadb.dir does not exist
2024-04-24T10:28:15,227  INFO [main] metastore.HiveMetaStoreClient: HMS client filtering is enabled.
2024-04-24T10:28:15,227  INFO [main] metastore.PersistenceManagerProvider: Configuration datanucleus.autoStartMechanismMode is not set. Defaulting to 'ignored'
2024-04-24T10:28:15,227  INFO [main] metastore.ObjectStore: RawStore: org.apache.hadoop.hive.metastore.ObjectStore@338cc75f, with PersistenceManager: org.datanucleus.api.jdo.JDOPersistenceManager@27d5eb00 will be shutdown
2024-04-24T10:28:15,227  INFO [main] metastore.ObjectStore: RawStore: org.apache.hadoop.hive.metastore.ObjectStore@338cc75f, with PersistenceManager: org.datanucleus.api.jdo.JDOPersistenceManager@4c7f2fdb created in the thread with id: 1
2024-04-24T10:28:15,229  INFO [main] metastore.HMSHandler: HMS server filtering is disabled by configuration
Hive Session ID = 729c9732-be8e-4ece-8202-e9bbcc55acd4
2024-04-24T10:28:15,229  INFO [main] SessionState: Hive Session ID = 729c9732-be8e-4ece-8202-e9bbcc55acd4
ivysettings.xml file not found in HIVE_HOME or HIVE_CONF_DIR,file:/home/alex/.m2/repository/org/apache/pig/pig/0.16.0/pig-0.16.0-h2.jar!/ivysettings.xml will be used
2024-04-24T10:28:15,230  INFO [main] DependencyResolver: ivysettings.xml file not found in HIVE_HOME or HIVE_CONF_DIR,file:/home/alex/.m2/repository/org/apache/pig/pig/0.16.0/pig-0.16.0-h2.jar!/ivysettings.xml will be used
2024-04-24T10:28:15,235  INFO [main] session.SessionState: Created HDFS directory: /home/alex/Repositories/hive/hcatalog/hcatalog-pig-adapter/target/tmp/scratchdir/alex/729c9732-be8e-4ece-8202-e9bbcc55acd4
2024-04-24T10:28:15,237  INFO [main] session.SessionState: Created local directory: /home/alex/Repositories/hive/hcatalog/hcatalog-pig-adapter/target/tmp/localscratchdir/729c9732-be8e-4ece-8202-e9bbcc55acd4
2024-04-24T10:28:15,239  INFO [main] session.SessionState: Created HDFS directory: /home/alex/Repositories/hive/hcatalog/hcatalog-pig-adapter/target/tmp/scratchdir/alex/729c9732-be8e-4ece-8202-e9bbcc55acd4/_tmp_space.db
]]></system-err>
  </testcase>
  <testcase name="testDynamicPartitioningMultiPartColsNoDataInDataNoSpec[3]" classname="org.apache.hive.hcatalog.pig.TestHCatStorer" time="0">
    <skipped message="got: &lt;false&gt;, expected: is &lt;true&gt;"/>
    <system-err><![CDATA[2024-04-24T10:28:15,270  WARN [main] conf.HiveConf: HiveConf of name hive.llap.io.cache.orc.alloc.min does not exist
2024-04-24T10:28:15,270  WARN [main] conf.HiveConf: HiveConf of name hive.llap.io.cache.orc.size does not exist
2024-04-24T10:28:15,270  WARN [main] conf.HiveConf: HiveConf of name hive.metastore.client.cache.maxSize does not exist
2024-04-24T10:28:15,270  WARN [main] conf.HiveConf: HiveConf of name hive.stats.key.prefix.reserve.length does not exist
2024-04-24T10:28:15,270  WARN [main] conf.HiveConf: HiveConf of name hive.dummyparam.test.server.specific.config.metastoresite does not exist
2024-04-24T10:28:15,270  WARN [main] conf.HiveConf: HiveConf of name hive.dummyparam.test.server.specific.config.hivesite does not exist
2024-04-24T10:28:15,270  WARN [main] conf.HiveConf: HiveConf of name hive.dummyparam.test.server.specific.config.override does not exist
2024-04-24T10:28:15,270  WARN [main] conf.HiveConf: HiveConf of name hive.llap.io.cache.orc.alloc.max does not exist
2024-04-24T10:28:15,270  WARN [main] conf.HiveConf: HiveConf of name hive.metastore.client.cache.recordStats does not exist
2024-04-24T10:28:15,270  WARN [main] conf.HiveConf: HiveConf of name hive.metastore.metadb.dir does not exist
2024-04-24T10:28:15,270  WARN [main] conf.HiveConf: HiveConf of name hive.llap.io.cache.orc.arena.size does not exist
2024-04-24T10:28:15,272  INFO [main] metastore.HiveMetaStoreClient: HMS client filtering is enabled.
2024-04-24T10:28:15,272  INFO [main] metastore.PersistenceManagerProvider: Configuration datanucleus.autoStartMechanismMode is not set. Defaulting to 'ignored'
2024-04-24T10:28:15,272  INFO [main] metastore.ObjectStore: RawStore: org.apache.hadoop.hive.metastore.ObjectStore@338cc75f, with PersistenceManager: org.datanucleus.api.jdo.JDOPersistenceManager@4c7f2fdb will be shutdown
2024-04-24T10:28:15,272  INFO [main] metastore.ObjectStore: RawStore: org.apache.hadoop.hive.metastore.ObjectStore@338cc75f, with PersistenceManager: org.datanucleus.api.jdo.JDOPersistenceManager@31a4db4f created in the thread with id: 1
2024-04-24T10:28:15,274  INFO [main] metastore.HMSHandler: HMS server filtering is disabled by configuration
Hive Session ID = 7519ed0f-f99c-4814-a957-3c561dea1c52
2024-04-24T10:28:15,274  INFO [main] SessionState: Hive Session ID = 7519ed0f-f99c-4814-a957-3c561dea1c52
ivysettings.xml file not found in HIVE_HOME or HIVE_CONF_DIR,file:/home/alex/.m2/repository/org/apache/pig/pig/0.16.0/pig-0.16.0-h2.jar!/ivysettings.xml will be used
2024-04-24T10:28:15,275  INFO [main] DependencyResolver: ivysettings.xml file not found in HIVE_HOME or HIVE_CONF_DIR,file:/home/alex/.m2/repository/org/apache/pig/pig/0.16.0/pig-0.16.0-h2.jar!/ivysettings.xml will be used
2024-04-24T10:28:15,291  INFO [main] session.SessionState: Created HDFS directory: /home/alex/Repositories/hive/hcatalog/hcatalog-pig-adapter/target/tmp/scratchdir/alex/7519ed0f-f99c-4814-a957-3c561dea1c52
2024-04-24T10:28:15,295  INFO [main] session.SessionState: Created local directory: /home/alex/Repositories/hive/hcatalog/hcatalog-pig-adapter/target/tmp/localscratchdir/7519ed0f-f99c-4814-a957-3c561dea1c52
2024-04-24T10:28:15,299  INFO [main] session.SessionState: Created HDFS directory: /home/alex/Repositories/hive/hcatalog/hcatalog-pig-adapter/target/tmp/scratchdir/alex/7519ed0f-f99c-4814-a957-3c561dea1c52/_tmp_space.db
]]></system-err>
  </testcase>
  <testcase name="testWriteVarchar[3]" classname="org.apache.hive.hcatalog.pig.TestHCatStorer" time="0">
    <skipped message="got: &lt;false&gt;, expected: is &lt;true&gt;"/>
    <system-err><![CDATA[2024-04-24T10:28:15,343  WARN [main] conf.HiveConf: HiveConf of name hive.stats.key.prefix.reserve.length does not exist
2024-04-24T10:28:15,343  WARN [main] conf.HiveConf: HiveConf of name hive.dummyparam.test.server.specific.config.hivesite does not exist
2024-04-24T10:28:15,343  WARN [main] conf.HiveConf: HiveConf of name hive.llap.io.cache.orc.alloc.min does not exist
2024-04-24T10:28:15,343  WARN [main] conf.HiveConf: HiveConf of name hive.llap.io.cache.orc.size does not exist
2024-04-24T10:28:15,343  WARN [main] conf.HiveConf: HiveConf of name hive.dummyparam.test.server.specific.config.override does not exist
2024-04-24T10:28:15,344  WARN [main] conf.HiveConf: HiveConf of name hive.metastore.client.cache.maxSize does not exist
2024-04-24T10:28:15,344  WARN [main] conf.HiveConf: HiveConf of name hive.metastore.client.cache.recordStats does not exist
2024-04-24T10:28:15,344  WARN [main] conf.HiveConf: HiveConf of name hive.dummyparam.test.server.specific.config.metastoresite does not exist
2024-04-24T10:28:15,344  WARN [main] conf.HiveConf: HiveConf of name hive.metastore.metadb.dir does not exist
2024-04-24T10:28:15,344  WARN [main] conf.HiveConf: HiveConf of name hive.llap.io.cache.orc.alloc.max does not exist
2024-04-24T10:28:15,344  WARN [main] conf.HiveConf: HiveConf of name hive.llap.io.cache.orc.arena.size does not exist
2024-04-24T10:28:15,346  INFO [main] metastore.HiveMetaStoreClient: HMS client filtering is enabled.
2024-04-24T10:28:15,346  INFO [main] metastore.PersistenceManagerProvider: Configuration datanucleus.autoStartMechanismMode is not set. Defaulting to 'ignored'
2024-04-24T10:28:15,346  INFO [main] metastore.ObjectStore: RawStore: org.apache.hadoop.hive.metastore.ObjectStore@338cc75f, with PersistenceManager: org.datanucleus.api.jdo.JDOPersistenceManager@31a4db4f will be shutdown
2024-04-24T10:28:15,347  INFO [main] metastore.ObjectStore: RawStore: org.apache.hadoop.hive.metastore.ObjectStore@338cc75f, with PersistenceManager: org.datanucleus.api.jdo.JDOPersistenceManager@1ddba7a0 created in the thread with id: 1
2024-04-24T10:28:15,349  INFO [main] metastore.HMSHandler: HMS server filtering is disabled by configuration
Hive Session ID = ed18fa8e-d146-4949-ae3d-eadd643dbdb3
2024-04-24T10:28:15,350  INFO [main] SessionState: Hive Session ID = ed18fa8e-d146-4949-ae3d-eadd643dbdb3
ivysettings.xml file not found in HIVE_HOME or HIVE_CONF_DIR,file:/home/alex/.m2/repository/org/apache/pig/pig/0.16.0/pig-0.16.0-h2.jar!/ivysettings.xml will be used
2024-04-24T10:28:15,350  INFO [main] DependencyResolver: ivysettings.xml file not found in HIVE_HOME or HIVE_CONF_DIR,file:/home/alex/.m2/repository/org/apache/pig/pig/0.16.0/pig-0.16.0-h2.jar!/ivysettings.xml will be used
2024-04-24T10:28:15,355  INFO [main] session.SessionState: Created HDFS directory: /home/alex/Repositories/hive/hcatalog/hcatalog-pig-adapter/target/tmp/scratchdir/alex/ed18fa8e-d146-4949-ae3d-eadd643dbdb3
2024-04-24T10:28:15,358  INFO [main] session.SessionState: Created local directory: /home/alex/Repositories/hive/hcatalog/hcatalog-pig-adapter/target/tmp/localscratchdir/ed18fa8e-d146-4949-ae3d-eadd643dbdb3
2024-04-24T10:28:15,360  INFO [main] session.SessionState: Created HDFS directory: /home/alex/Repositories/hive/hcatalog/hcatalog-pig-adapter/target/tmp/scratchdir/alex/ed18fa8e-d146-4949-ae3d-eadd643dbdb3/_tmp_space.db
]]></system-err>
  </testcase>
  <testcase name="testBagNStruct[3]" classname="org.apache.hive.hcatalog.pig.TestHCatStorer" time="0">
    <skipped message="got: &lt;false&gt;, expected: is &lt;true&gt;"/>
    <system-err><![CDATA[2024-04-24T10:28:15,396  WARN [main] conf.HiveConf: HiveConf of name hive.metastore.client.cache.maxSize does not exist
2024-04-24T10:28:15,396  WARN [main] conf.HiveConf: HiveConf of name hive.llap.io.cache.orc.arena.size does not exist
2024-04-24T10:28:15,396  WARN [main] conf.HiveConf: HiveConf of name hive.dummyparam.test.server.specific.config.hivesite does not exist
2024-04-24T10:28:15,396  WARN [main] conf.HiveConf: HiveConf of name hive.dummyparam.test.server.specific.config.override does not exist
2024-04-24T10:28:15,396  WARN [main] conf.HiveConf: HiveConf of name hive.metastore.metadb.dir does not exist
2024-04-24T10:28:15,396  WARN [main] conf.HiveConf: HiveConf of name hive.llap.io.cache.orc.size does not exist
2024-04-24T10:28:15,397  WARN [main] conf.HiveConf: HiveConf of name hive.dummyparam.test.server.specific.config.metastoresite does not exist
2024-04-24T10:28:15,397  WARN [main] conf.HiveConf: HiveConf of name hive.llap.io.cache.orc.alloc.min does not exist
2024-04-24T10:28:15,397  WARN [main] conf.HiveConf: HiveConf of name hive.stats.key.prefix.reserve.length does not exist
2024-04-24T10:28:15,397  WARN [main] conf.HiveConf: HiveConf of name hive.metastore.client.cache.recordStats does not exist
2024-04-24T10:28:15,397  WARN [main] conf.HiveConf: HiveConf of name hive.llap.io.cache.orc.alloc.max does not exist
2024-04-24T10:28:15,398  INFO [main] metastore.HiveMetaStoreClient: HMS client filtering is enabled.
2024-04-24T10:28:15,399  INFO [main] metastore.PersistenceManagerProvider: Configuration datanucleus.autoStartMechanismMode is not set. Defaulting to 'ignored'
2024-04-24T10:28:15,399  INFO [main] metastore.ObjectStore: RawStore: org.apache.hadoop.hive.metastore.ObjectStore@338cc75f, with PersistenceManager: org.datanucleus.api.jdo.JDOPersistenceManager@1ddba7a0 will be shutdown
2024-04-24T10:28:15,399  INFO [main] metastore.ObjectStore: RawStore: org.apache.hadoop.hive.metastore.ObjectStore@338cc75f, with PersistenceManager: org.datanucleus.api.jdo.JDOPersistenceManager@1aaf73b7 created in the thread with id: 1
2024-04-24T10:28:15,401  INFO [main] metastore.HMSHandler: HMS server filtering is disabled by configuration
Hive Session ID = b48135e4-d65f-4c97-82b1-8c4a6a782f6a
2024-04-24T10:28:15,401  INFO [main] SessionState: Hive Session ID = b48135e4-d65f-4c97-82b1-8c4a6a782f6a
ivysettings.xml file not found in HIVE_HOME or HIVE_CONF_DIR,file:/home/alex/.m2/repository/org/apache/pig/pig/0.16.0/pig-0.16.0-h2.jar!/ivysettings.xml will be used
2024-04-24T10:28:15,402  INFO [main] DependencyResolver: ivysettings.xml file not found in HIVE_HOME or HIVE_CONF_DIR,file:/home/alex/.m2/repository/org/apache/pig/pig/0.16.0/pig-0.16.0-h2.jar!/ivysettings.xml will be used
2024-04-24T10:28:15,407  INFO [main] session.SessionState: Created HDFS directory: /home/alex/Repositories/hive/hcatalog/hcatalog-pig-adapter/target/tmp/scratchdir/alex/b48135e4-d65f-4c97-82b1-8c4a6a782f6a
2024-04-24T10:28:15,409  INFO [main] session.SessionState: Created local directory: /home/alex/Repositories/hive/hcatalog/hcatalog-pig-adapter/target/tmp/localscratchdir/b48135e4-d65f-4c97-82b1-8c4a6a782f6a
2024-04-24T10:28:15,411  INFO [main] session.SessionState: Created HDFS directory: /home/alex/Repositories/hive/hcatalog/hcatalog-pig-adapter/target/tmp/scratchdir/alex/b48135e4-d65f-4c97-82b1-8c4a6a782f6a/_tmp_space.db
]]></system-err>
  </testcase>
  <testcase name="testStaticPartitioningMultiPartCols[3]" classname="org.apache.hive.hcatalog.pig.TestHCatStorer" time="0">
    <skipped message="got: &lt;false&gt;, expected: is &lt;true&gt;"/>
    <system-err><![CDATA[2024-04-24T10:28:15,442  WARN [main] conf.HiveConf: HiveConf of name hive.llap.io.cache.orc.alloc.min does not exist
2024-04-24T10:28:15,442  WARN [main] conf.HiveConf: HiveConf of name hive.llap.io.cache.orc.size does not exist
2024-04-24T10:28:15,442  WARN [main] conf.HiveConf: HiveConf of name hive.metastore.client.cache.recordStats does not exist
2024-04-24T10:28:15,442  WARN [main] conf.HiveConf: HiveConf of name hive.stats.key.prefix.reserve.length does not exist
2024-04-24T10:28:15,442  WARN [main] conf.HiveConf: HiveConf of name hive.dummyparam.test.server.specific.config.metastoresite does not exist
2024-04-24T10:28:15,442  WARN [main] conf.HiveConf: HiveConf of name hive.llap.io.cache.orc.alloc.max does not exist
2024-04-24T10:28:15,442  WARN [main] conf.HiveConf: HiveConf of name hive.metastore.client.cache.maxSize does not exist
2024-04-24T10:28:15,442  WARN [main] conf.HiveConf: HiveConf of name hive.dummyparam.test.server.specific.config.override does not exist
2024-04-24T10:28:15,443  WARN [main] conf.HiveConf: HiveConf of name hive.dummyparam.test.server.specific.config.hivesite does not exist
2024-04-24T10:28:15,443  WARN [main] conf.HiveConf: HiveConf of name hive.llap.io.cache.orc.arena.size does not exist
2024-04-24T10:28:15,443  WARN [main] conf.HiveConf: HiveConf of name hive.metastore.metadb.dir does not exist
2024-04-24T10:28:15,444  INFO [main] metastore.HiveMetaStoreClient: HMS client filtering is enabled.
2024-04-24T10:28:15,444  INFO [main] metastore.PersistenceManagerProvider: Configuration datanucleus.autoStartMechanismMode is not set. Defaulting to 'ignored'
2024-04-24T10:28:15,444  INFO [main] metastore.ObjectStore: RawStore: org.apache.hadoop.hive.metastore.ObjectStore@338cc75f, with PersistenceManager: org.datanucleus.api.jdo.JDOPersistenceManager@1aaf73b7 will be shutdown
2024-04-24T10:28:15,445  INFO [main] metastore.ObjectStore: RawStore: org.apache.hadoop.hive.metastore.ObjectStore@338cc75f, with PersistenceManager: org.datanucleus.api.jdo.JDOPersistenceManager@42172065 created in the thread with id: 1
2024-04-24T10:28:15,446  INFO [main] metastore.HMSHandler: HMS server filtering is disabled by configuration
Hive Session ID = c5509c7c-14bc-451a-b8f3-fa4c246c79be
2024-04-24T10:28:15,446  INFO [main] SessionState: Hive Session ID = c5509c7c-14bc-451a-b8f3-fa4c246c79be
ivysettings.xml file not found in HIVE_HOME or HIVE_CONF_DIR,file:/home/alex/.m2/repository/org/apache/pig/pig/0.16.0/pig-0.16.0-h2.jar!/ivysettings.xml will be used
2024-04-24T10:28:15,447  INFO [main] DependencyResolver: ivysettings.xml file not found in HIVE_HOME or HIVE_CONF_DIR,file:/home/alex/.m2/repository/org/apache/pig/pig/0.16.0/pig-0.16.0-h2.jar!/ivysettings.xml will be used
2024-04-24T10:28:15,452  INFO [main] session.SessionState: Created HDFS directory: /home/alex/Repositories/hive/hcatalog/hcatalog-pig-adapter/target/tmp/scratchdir/alex/c5509c7c-14bc-451a-b8f3-fa4c246c79be
2024-04-24T10:28:15,454  INFO [main] session.SessionState: Created local directory: /home/alex/Repositories/hive/hcatalog/hcatalog-pig-adapter/target/tmp/localscratchdir/c5509c7c-14bc-451a-b8f3-fa4c246c79be
2024-04-24T10:28:15,456  INFO [main] session.SessionState: Created HDFS directory: /home/alex/Repositories/hive/hcatalog/hcatalog-pig-adapter/target/tmp/scratchdir/alex/c5509c7c-14bc-451a-b8f3-fa4c246c79be/_tmp_space.db
]]></system-err>
  </testcase>
  <testcase name="testPartColsInData[3]" classname="org.apache.hive.hcatalog.pig.TestHCatStorer" time="0">
    <skipped message="got: &lt;false&gt;, expected: is &lt;true&gt;"/>
    <system-err><![CDATA[2024-04-24T10:28:15,487  WARN [main] conf.HiveConf: HiveConf of name hive.metastore.client.cache.maxSize does not exist
2024-04-24T10:28:15,487  WARN [main] conf.HiveConf: HiveConf of name hive.metastore.client.cache.recordStats does not exist
2024-04-24T10:28:15,487  WARN [main] conf.HiveConf: HiveConf of name hive.llap.io.cache.orc.alloc.min does not exist
2024-04-24T10:28:15,487  WARN [main] conf.HiveConf: HiveConf of name hive.llap.io.cache.orc.arena.size does not exist
2024-04-24T10:28:15,487  WARN [main] conf.HiveConf: HiveConf of name hive.llap.io.cache.orc.alloc.max does not exist
2024-04-24T10:28:15,487  WARN [main] conf.HiveConf: HiveConf of name hive.dummyparam.test.server.specific.config.hivesite does not exist
2024-04-24T10:28:15,487  WARN [main] conf.HiveConf: HiveConf of name hive.metastore.metadb.dir does not exist
2024-04-24T10:28:15,487  WARN [main] conf.HiveConf: HiveConf of name hive.dummyparam.test.server.specific.config.override does not exist
2024-04-24T10:28:15,488  WARN [main] conf.HiveConf: HiveConf of name hive.stats.key.prefix.reserve.length does not exist
2024-04-24T10:28:15,488  WARN [main] conf.HiveConf: HiveConf of name hive.llap.io.cache.orc.size does not exist
2024-04-24T10:28:15,488  WARN [main] conf.HiveConf: HiveConf of name hive.dummyparam.test.server.specific.config.metastoresite does not exist
2024-04-24T10:28:15,489  INFO [main] metastore.HiveMetaStoreClient: HMS client filtering is enabled.
2024-04-24T10:28:15,489  INFO [main] metastore.PersistenceManagerProvider: Configuration datanucleus.autoStartMechanismMode is not set. Defaulting to 'ignored'
2024-04-24T10:28:15,489  INFO [main] metastore.ObjectStore: RawStore: org.apache.hadoop.hive.metastore.ObjectStore@338cc75f, with PersistenceManager: org.datanucleus.api.jdo.JDOPersistenceManager@42172065 will be shutdown
2024-04-24T10:28:15,490  INFO [main] metastore.ObjectStore: RawStore: org.apache.hadoop.hive.metastore.ObjectStore@338cc75f, with PersistenceManager: org.datanucleus.api.jdo.JDOPersistenceManager@25b83dce created in the thread with id: 1
2024-04-24T10:28:15,492  INFO [main] metastore.HMSHandler: HMS server filtering is disabled by configuration
Hive Session ID = 0cbe450a-dabd-4fe3-b94e-c0f855fcd261
2024-04-24T10:28:15,492  INFO [main] SessionState: Hive Session ID = 0cbe450a-dabd-4fe3-b94e-c0f855fcd261
ivysettings.xml file not found in HIVE_HOME or HIVE_CONF_DIR,file:/home/alex/.m2/repository/org/apache/pig/pig/0.16.0/pig-0.16.0-h2.jar!/ivysettings.xml will be used
2024-04-24T10:28:15,492  INFO [main] DependencyResolver: ivysettings.xml file not found in HIVE_HOME or HIVE_CONF_DIR,file:/home/alex/.m2/repository/org/apache/pig/pig/0.16.0/pig-0.16.0-h2.jar!/ivysettings.xml will be used
2024-04-24T10:28:15,497  INFO [main] session.SessionState: Created HDFS directory: /home/alex/Repositories/hive/hcatalog/hcatalog-pig-adapter/target/tmp/scratchdir/alex/0cbe450a-dabd-4fe3-b94e-c0f855fcd261
2024-04-24T10:28:15,499  INFO [main] session.SessionState: Created local directory: /home/alex/Repositories/hive/hcatalog/hcatalog-pig-adapter/target/tmp/localscratchdir/0cbe450a-dabd-4fe3-b94e-c0f855fcd261
2024-04-24T10:28:15,502  INFO [main] session.SessionState: Created HDFS directory: /home/alex/Repositories/hive/hcatalog/hcatalog-pig-adapter/target/tmp/scratchdir/alex/0cbe450a-dabd-4fe3-b94e-c0f855fcd261/_tmp_space.db
]]></system-err>
  </testcase>
  <testcase name="testStoreWithNoCtorArgs[3]" classname="org.apache.hive.hcatalog.pig.TestHCatStorer" time="0">
    <skipped message="got: &lt;false&gt;, expected: is &lt;true&gt;"/>
    <system-err><![CDATA[2024-04-24T10:28:15,534  WARN [main] conf.HiveConf: HiveConf of name hive.stats.key.prefix.reserve.length does not exist
2024-04-24T10:28:15,534  WARN [main] conf.HiveConf: HiveConf of name hive.llap.io.cache.orc.arena.size does not exist
2024-04-24T10:28:15,534  WARN [main] conf.HiveConf: HiveConf of name hive.metastore.client.cache.recordStats does not exist
2024-04-24T10:28:15,534  WARN [main] conf.HiveConf: HiveConf of name hive.dummyparam.test.server.specific.config.override does not exist
2024-04-24T10:28:15,534  WARN [main] conf.HiveConf: HiveConf of name hive.llap.io.cache.orc.alloc.min does not exist
2024-04-24T10:28:15,534  WARN [main] conf.HiveConf: HiveConf of name hive.dummyparam.test.server.specific.config.metastoresite does not exist
2024-04-24T10:28:15,534  WARN [main] conf.HiveConf: HiveConf of name hive.metastore.metadb.dir does not exist
2024-04-24T10:28:15,534  WARN [main] conf.HiveConf: HiveConf of name hive.llap.io.cache.orc.alloc.max does not exist
2024-04-24T10:28:15,534  WARN [main] conf.HiveConf: HiveConf of name hive.metastore.client.cache.maxSize does not exist
2024-04-24T10:28:15,534  WARN [main] conf.HiveConf: HiveConf of name hive.llap.io.cache.orc.size does not exist
2024-04-24T10:28:15,534  WARN [main] conf.HiveConf: HiveConf of name hive.dummyparam.test.server.specific.config.hivesite does not exist
2024-04-24T10:28:15,536  INFO [main] metastore.HiveMetaStoreClient: HMS client filtering is enabled.
2024-04-24T10:28:15,536  INFO [main] metastore.PersistenceManagerProvider: Configuration datanucleus.autoStartMechanismMode is not set. Defaulting to 'ignored'
2024-04-24T10:28:15,536  INFO [main] metastore.ObjectStore: RawStore: org.apache.hadoop.hive.metastore.ObjectStore@338cc75f, with PersistenceManager: org.datanucleus.api.jdo.JDOPersistenceManager@25b83dce will be shutdown
2024-04-24T10:28:15,536  INFO [main] metastore.ObjectStore: RawStore: org.apache.hadoop.hive.metastore.ObjectStore@338cc75f, with PersistenceManager: org.datanucleus.api.jdo.JDOPersistenceManager@4f65af91 created in the thread with id: 1
2024-04-24T10:28:15,538  INFO [main] metastore.HMSHandler: HMS server filtering is disabled by configuration
Hive Session ID = 4041cfe3-d75b-4298-9a83-1291ce75d107
2024-04-24T10:28:15,539  INFO [main] SessionState: Hive Session ID = 4041cfe3-d75b-4298-9a83-1291ce75d107
ivysettings.xml file not found in HIVE_HOME or HIVE_CONF_DIR,file:/home/alex/.m2/repository/org/apache/pig/pig/0.16.0/pig-0.16.0-h2.jar!/ivysettings.xml will be used
2024-04-24T10:28:15,539  INFO [main] DependencyResolver: ivysettings.xml file not found in HIVE_HOME or HIVE_CONF_DIR,file:/home/alex/.m2/repository/org/apache/pig/pig/0.16.0/pig-0.16.0-h2.jar!/ivysettings.xml will be used
2024-04-24T10:28:15,544  INFO [main] session.SessionState: Created HDFS directory: /home/alex/Repositories/hive/hcatalog/hcatalog-pig-adapter/target/tmp/scratchdir/alex/4041cfe3-d75b-4298-9a83-1291ce75d107
2024-04-24T10:28:15,546  INFO [main] session.SessionState: Created local directory: /home/alex/Repositories/hive/hcatalog/hcatalog-pig-adapter/target/tmp/localscratchdir/4041cfe3-d75b-4298-9a83-1291ce75d107
2024-04-24T10:28:15,549  INFO [main] session.SessionState: Created HDFS directory: /home/alex/Repositories/hive/hcatalog/hcatalog-pig-adapter/target/tmp/scratchdir/alex/4041cfe3-d75b-4298-9a83-1291ce75d107/_tmp_space.db
]]></system-err>
  </testcase>
  <testcase name="testWriteDecimalX[3]" classname="org.apache.hive.hcatalog.pig.TestHCatStorer" time="0">
    <skipped message="got: &lt;false&gt;, expected: is &lt;true&gt;"/>
    <system-err><![CDATA[2024-04-24T10:28:15,580  WARN [main] conf.HiveConf: HiveConf of name hive.llap.io.cache.orc.alloc.min does not exist
2024-04-24T10:28:15,580  WARN [main] conf.HiveConf: HiveConf of name hive.dummyparam.test.server.specific.config.metastoresite does not exist
2024-04-24T10:28:15,580  WARN [main] conf.HiveConf: HiveConf of name hive.llap.io.cache.orc.alloc.max does not exist
2024-04-24T10:28:15,580  WARN [main] conf.HiveConf: HiveConf of name hive.stats.key.prefix.reserve.length does not exist
2024-04-24T10:28:15,580  WARN [main] conf.HiveConf: HiveConf of name hive.dummyparam.test.server.specific.config.hivesite does not exist
2024-04-24T10:28:15,580  WARN [main] conf.HiveConf: HiveConf of name hive.metastore.metadb.dir does not exist
2024-04-24T10:28:15,580  WARN [main] conf.HiveConf: HiveConf of name hive.metastore.client.cache.maxSize does not exist
2024-04-24T10:28:15,580  WARN [main] conf.HiveConf: HiveConf of name hive.metastore.client.cache.recordStats does not exist
2024-04-24T10:28:15,580  WARN [main] conf.HiveConf: HiveConf of name hive.llap.io.cache.orc.arena.size does not exist
2024-04-24T10:28:15,580  WARN [main] conf.HiveConf: HiveConf of name hive.dummyparam.test.server.specific.config.override does not exist
2024-04-24T10:28:15,580  WARN [main] conf.HiveConf: HiveConf of name hive.llap.io.cache.orc.size does not exist
2024-04-24T10:28:15,581  INFO [main] metastore.HiveMetaStoreClient: HMS client filtering is enabled.
2024-04-24T10:28:15,581  INFO [main] metastore.PersistenceManagerProvider: Configuration datanucleus.autoStartMechanismMode is not set. Defaulting to 'ignored'
2024-04-24T10:28:15,582  INFO [main] metastore.ObjectStore: RawStore: org.apache.hadoop.hive.metastore.ObjectStore@338cc75f, with PersistenceManager: org.datanucleus.api.jdo.JDOPersistenceManager@4f65af91 will be shutdown
2024-04-24T10:28:15,582  INFO [main] metastore.ObjectStore: RawStore: org.apache.hadoop.hive.metastore.ObjectStore@338cc75f, with PersistenceManager: org.datanucleus.api.jdo.JDOPersistenceManager@73baf7f0 created in the thread with id: 1
2024-04-24T10:28:15,584  INFO [main] metastore.HMSHandler: HMS server filtering is disabled by configuration
Hive Session ID = a26ebe52-6fbe-495f-9ad3-764818ee815e
2024-04-24T10:28:15,584  INFO [main] SessionState: Hive Session ID = a26ebe52-6fbe-495f-9ad3-764818ee815e
ivysettings.xml file not found in HIVE_HOME or HIVE_CONF_DIR,file:/home/alex/.m2/repository/org/apache/pig/pig/0.16.0/pig-0.16.0-h2.jar!/ivysettings.xml will be used
2024-04-24T10:28:15,584  INFO [main] DependencyResolver: ivysettings.xml file not found in HIVE_HOME or HIVE_CONF_DIR,file:/home/alex/.m2/repository/org/apache/pig/pig/0.16.0/pig-0.16.0-h2.jar!/ivysettings.xml will be used
2024-04-24T10:28:15,590  INFO [main] session.SessionState: Created HDFS directory: /home/alex/Repositories/hive/hcatalog/hcatalog-pig-adapter/target/tmp/scratchdir/alex/a26ebe52-6fbe-495f-9ad3-764818ee815e
2024-04-24T10:28:15,592  INFO [main] session.SessionState: Created local directory: /home/alex/Repositories/hive/hcatalog/hcatalog-pig-adapter/target/tmp/localscratchdir/a26ebe52-6fbe-495f-9ad3-764818ee815e
2024-04-24T10:28:15,594  INFO [main] session.SessionState: Created HDFS directory: /home/alex/Repositories/hive/hcatalog/hcatalog-pig-adapter/target/tmp/scratchdir/alex/a26ebe52-6fbe-495f-9ad3-764818ee815e/_tmp_space.db
]]></system-err>
  </testcase>
  <testcase name="testDateCharTypes[3]" classname="org.apache.hive.hcatalog.pig.TestHCatStorer" time="0">
    <skipped message="got: &lt;false&gt;, expected: is &lt;true&gt;"/>
    <system-err><![CDATA[2024-04-24T10:28:15,625  WARN [main] conf.HiveConf: HiveConf of name hive.dummyparam.test.server.specific.config.hivesite does not exist
2024-04-24T10:28:15,625  WARN [main] conf.HiveConf: HiveConf of name hive.dummyparam.test.server.specific.config.override does not exist
2024-04-24T10:28:15,625  WARN [main] conf.HiveConf: HiveConf of name hive.llap.io.cache.orc.arena.size does not exist
2024-04-24T10:28:15,625  WARN [main] conf.HiveConf: HiveConf of name hive.stats.key.prefix.reserve.length does not exist
2024-04-24T10:28:15,625  WARN [main] conf.HiveConf: HiveConf of name hive.llap.io.cache.orc.size does not exist
2024-04-24T10:28:15,625  WARN [main] conf.HiveConf: HiveConf of name hive.metastore.client.cache.recordStats does not exist
2024-04-24T10:28:15,625  WARN [main] conf.HiveConf: HiveConf of name hive.llap.io.cache.orc.alloc.min does not exist
2024-04-24T10:28:15,625  WARN [main] conf.HiveConf: HiveConf of name hive.llap.io.cache.orc.alloc.max does not exist
2024-04-24T10:28:15,625  WARN [main] conf.HiveConf: HiveConf of name hive.metastore.client.cache.maxSize does not exist
2024-04-24T10:28:15,625  WARN [main] conf.HiveConf: HiveConf of name hive.metastore.metadb.dir does not exist
2024-04-24T10:28:15,625  WARN [main] conf.HiveConf: HiveConf of name hive.dummyparam.test.server.specific.config.metastoresite does not exist
2024-04-24T10:28:15,627  INFO [main] metastore.HiveMetaStoreClient: HMS client filtering is enabled.
2024-04-24T10:28:15,627  INFO [main] metastore.PersistenceManagerProvider: Configuration datanucleus.autoStartMechanismMode is not set. Defaulting to 'ignored'
2024-04-24T10:28:15,627  INFO [main] metastore.ObjectStore: RawStore: org.apache.hadoop.hive.metastore.ObjectStore@338cc75f, with PersistenceManager: org.datanucleus.api.jdo.JDOPersistenceManager@73baf7f0 will be shutdown
2024-04-24T10:28:15,628  INFO [main] metastore.ObjectStore: RawStore: org.apache.hadoop.hive.metastore.ObjectStore@338cc75f, with PersistenceManager: org.datanucleus.api.jdo.JDOPersistenceManager@1ddc8fc created in the thread with id: 1
2024-04-24T10:28:15,629  INFO [main] metastore.HMSHandler: HMS server filtering is disabled by configuration
Hive Session ID = 2655fa19-0015-4d91-8620-47171e1922be
2024-04-24T10:28:15,629  INFO [main] SessionState: Hive Session ID = 2655fa19-0015-4d91-8620-47171e1922be
ivysettings.xml file not found in HIVE_HOME or HIVE_CONF_DIR,file:/home/alex/.m2/repository/org/apache/pig/pig/0.16.0/pig-0.16.0-h2.jar!/ivysettings.xml will be used
2024-04-24T10:28:15,630  INFO [main] DependencyResolver: ivysettings.xml file not found in HIVE_HOME or HIVE_CONF_DIR,file:/home/alex/.m2/repository/org/apache/pig/pig/0.16.0/pig-0.16.0-h2.jar!/ivysettings.xml will be used
2024-04-24T10:28:15,635  INFO [main] session.SessionState: Created HDFS directory: /home/alex/Repositories/hive/hcatalog/hcatalog-pig-adapter/target/tmp/scratchdir/alex/2655fa19-0015-4d91-8620-47171e1922be
2024-04-24T10:28:15,637  INFO [main] session.SessionState: Created local directory: /home/alex/Repositories/hive/hcatalog/hcatalog-pig-adapter/target/tmp/localscratchdir/2655fa19-0015-4d91-8620-47171e1922be
2024-04-24T10:28:15,639  INFO [main] session.SessionState: Created HDFS directory: /home/alex/Repositories/hive/hcatalog/hcatalog-pig-adapter/target/tmp/scratchdir/alex/2655fa19-0015-4d91-8620-47171e1922be/_tmp_space.db
]]></system-err>
  </testcase>
  <testcase name="testPartitionPublish[3]" classname="org.apache.hive.hcatalog.pig.TestHCatStorer" time="0">
    <skipped message="got: &lt;false&gt;, expected: is &lt;true&gt;"/>
    <system-err><![CDATA[2024-04-24T10:28:15,672  WARN [main] conf.HiveConf: HiveConf of name hive.dummyparam.test.server.specific.config.override does not exist
2024-04-24T10:28:15,672  WARN [main] conf.HiveConf: HiveConf of name hive.llap.io.cache.orc.size does not exist
2024-04-24T10:28:15,672  WARN [main] conf.HiveConf: HiveConf of name hive.llap.io.cache.orc.arena.size does not exist
2024-04-24T10:28:15,672  WARN [main] conf.HiveConf: HiveConf of name hive.dummyparam.test.server.specific.config.hivesite does not exist
2024-04-24T10:28:15,672  WARN [main] conf.HiveConf: HiveConf of name hive.llap.io.cache.orc.alloc.min does not exist
2024-04-24T10:28:15,672  WARN [main] conf.HiveConf: HiveConf of name hive.metastore.client.cache.recordStats does not exist
2024-04-24T10:28:15,672  WARN [main] conf.HiveConf: HiveConf of name hive.llap.io.cache.orc.alloc.max does not exist
2024-04-24T10:28:15,672  WARN [main] conf.HiveConf: HiveConf of name hive.metastore.metadb.dir does not exist
2024-04-24T10:28:15,672  WARN [main] conf.HiveConf: HiveConf of name hive.dummyparam.test.server.specific.config.metastoresite does not exist
2024-04-24T10:28:15,672  WARN [main] conf.HiveConf: HiveConf of name hive.metastore.client.cache.maxSize does not exist
2024-04-24T10:28:15,672  WARN [main] conf.HiveConf: HiveConf of name hive.stats.key.prefix.reserve.length does not exist
2024-04-24T10:28:15,674  INFO [main] metastore.HiveMetaStoreClient: HMS client filtering is enabled.
2024-04-24T10:28:15,674  INFO [main] metastore.PersistenceManagerProvider: Configuration datanucleus.autoStartMechanismMode is not set. Defaulting to 'ignored'
2024-04-24T10:28:15,674  INFO [main] metastore.ObjectStore: RawStore: org.apache.hadoop.hive.metastore.ObjectStore@338cc75f, with PersistenceManager: org.datanucleus.api.jdo.JDOPersistenceManager@1ddc8fc will be shutdown
2024-04-24T10:28:15,674  INFO [main] metastore.ObjectStore: RawStore: org.apache.hadoop.hive.metastore.ObjectStore@338cc75f, with PersistenceManager: org.datanucleus.api.jdo.JDOPersistenceManager@169d1f92 created in the thread with id: 1
2024-04-24T10:28:15,676  INFO [main] metastore.HMSHandler: HMS server filtering is disabled by configuration
Hive Session ID = 6cfcac7b-ffe1-4443-bc90-0bbaa41cc764
2024-04-24T10:28:15,676  INFO [main] SessionState: Hive Session ID = 6cfcac7b-ffe1-4443-bc90-0bbaa41cc764
ivysettings.xml file not found in HIVE_HOME or HIVE_CONF_DIR,file:/home/alex/.m2/repository/org/apache/pig/pig/0.16.0/pig-0.16.0-h2.jar!/ivysettings.xml will be used
2024-04-24T10:28:15,676  INFO [main] DependencyResolver: ivysettings.xml file not found in HIVE_HOME or HIVE_CONF_DIR,file:/home/alex/.m2/repository/org/apache/pig/pig/0.16.0/pig-0.16.0-h2.jar!/ivysettings.xml will be used
2024-04-24T10:28:15,682  INFO [main] session.SessionState: Created HDFS directory: /home/alex/Repositories/hive/hcatalog/hcatalog-pig-adapter/target/tmp/scratchdir/alex/6cfcac7b-ffe1-4443-bc90-0bbaa41cc764
2024-04-24T10:28:15,684  INFO [main] session.SessionState: Created local directory: /home/alex/Repositories/hive/hcatalog/hcatalog-pig-adapter/target/tmp/localscratchdir/6cfcac7b-ffe1-4443-bc90-0bbaa41cc764
2024-04-24T10:28:15,686  INFO [main] session.SessionState: Created HDFS directory: /home/alex/Repositories/hive/hcatalog/hcatalog-pig-adapter/target/tmp/scratchdir/alex/6cfcac7b-ffe1-4443-bc90-0bbaa41cc764/_tmp_space.db
]]></system-err>
  </testcase>
  <testcase name="testWriteDecimal[3]" classname="org.apache.hive.hcatalog.pig.TestHCatStorer" time="0">
    <skipped message="got: &lt;false&gt;, expected: is &lt;true&gt;"/>
    <system-err><![CDATA[2024-04-24T10:28:15,719  WARN [main] conf.HiveConf: HiveConf of name hive.dummyparam.test.server.specific.config.hivesite does not exist
2024-04-24T10:28:15,719  WARN [main] conf.HiveConf: HiveConf of name hive.dummyparam.test.server.specific.config.metastoresite does not exist
2024-04-24T10:28:15,719  WARN [main] conf.HiveConf: HiveConf of name hive.dummyparam.test.server.specific.config.override does not exist
2024-04-24T10:28:15,719  WARN [main] conf.HiveConf: HiveConf of name hive.metastore.client.cache.maxSize does not exist
2024-04-24T10:28:15,719  WARN [main] conf.HiveConf: HiveConf of name hive.metastore.client.cache.recordStats does not exist
2024-04-24T10:28:15,719  WARN [main] conf.HiveConf: HiveConf of name hive.metastore.metadb.dir does not exist
2024-04-24T10:28:15,719  WARN [main] conf.HiveConf: HiveConf of name hive.llap.io.cache.orc.arena.size does not exist
2024-04-24T10:28:15,719  WARN [main] conf.HiveConf: HiveConf of name hive.llap.io.cache.orc.size does not exist
2024-04-24T10:28:15,719  WARN [main] conf.HiveConf: HiveConf of name hive.llap.io.cache.orc.alloc.max does not exist
2024-04-24T10:28:15,719  WARN [main] conf.HiveConf: HiveConf of name hive.llap.io.cache.orc.alloc.min does not exist
2024-04-24T10:28:15,719  WARN [main] conf.HiveConf: HiveConf of name hive.stats.key.prefix.reserve.length does not exist
2024-04-24T10:28:15,721  INFO [main] metastore.HiveMetaStoreClient: HMS client filtering is enabled.
2024-04-24T10:28:15,721  INFO [main] metastore.PersistenceManagerProvider: Configuration datanucleus.autoStartMechanismMode is not set. Defaulting to 'ignored'
2024-04-24T10:28:15,721  INFO [main] metastore.ObjectStore: RawStore: org.apache.hadoop.hive.metastore.ObjectStore@338cc75f, with PersistenceManager: org.datanucleus.api.jdo.JDOPersistenceManager@169d1f92 will be shutdown
2024-04-24T10:28:15,721  INFO [main] metastore.ObjectStore: RawStore: org.apache.hadoop.hive.metastore.ObjectStore@338cc75f, with PersistenceManager: org.datanucleus.api.jdo.JDOPersistenceManager@5759edff created in the thread with id: 1
2024-04-24T10:28:15,723  INFO [main] metastore.HMSHandler: HMS server filtering is disabled by configuration
Hive Session ID = da6cf9f9-357d-4943-98d4-d35752df637f
2024-04-24T10:28:15,723  INFO [main] SessionState: Hive Session ID = da6cf9f9-357d-4943-98d4-d35752df637f
ivysettings.xml file not found in HIVE_HOME or HIVE_CONF_DIR,file:/home/alex/.m2/repository/org/apache/pig/pig/0.16.0/pig-0.16.0-h2.jar!/ivysettings.xml will be used
2024-04-24T10:28:15,724  INFO [main] DependencyResolver: ivysettings.xml file not found in HIVE_HOME or HIVE_CONF_DIR,file:/home/alex/.m2/repository/org/apache/pig/pig/0.16.0/pig-0.16.0-h2.jar!/ivysettings.xml will be used
2024-04-24T10:28:15,729  INFO [main] session.SessionState: Created HDFS directory: /home/alex/Repositories/hive/hcatalog/hcatalog-pig-adapter/target/tmp/scratchdir/alex/da6cf9f9-357d-4943-98d4-d35752df637f
2024-04-24T10:28:15,731  INFO [main] session.SessionState: Created local directory: /home/alex/Repositories/hive/hcatalog/hcatalog-pig-adapter/target/tmp/localscratchdir/da6cf9f9-357d-4943-98d4-d35752df637f
2024-04-24T10:28:15,733  INFO [main] session.SessionState: Created HDFS directory: /home/alex/Repositories/hive/hcatalog/hcatalog-pig-adapter/target/tmp/scratchdir/alex/da6cf9f9-357d-4943-98d4-d35752df637f/_tmp_space.db
]]></system-err>
  </testcase>
  <testcase name="testMultiPartColsInData[3]" classname="org.apache.hive.hcatalog.pig.TestHCatStorer" time="0">
    <skipped message="got: &lt;false&gt;, expected: is &lt;true&gt;"/>
    <system-err><![CDATA[2024-04-24T10:28:15,764  WARN [main] conf.HiveConf: HiveConf of name hive.llap.io.cache.orc.alloc.min does not exist
2024-04-24T10:28:15,764  WARN [main] conf.HiveConf: HiveConf of name hive.metastore.metadb.dir does not exist
2024-04-24T10:28:15,764  WARN [main] conf.HiveConf: HiveConf of name hive.llap.io.cache.orc.alloc.max does not exist
2024-04-24T10:28:15,764  WARN [main] conf.HiveConf: HiveConf of name hive.metastore.client.cache.recordStats does not exist
2024-04-24T10:28:15,764  WARN [main] conf.HiveConf: HiveConf of name hive.dummyparam.test.server.specific.config.override does not exist
2024-04-24T10:28:15,764  WARN [main] conf.HiveConf: HiveConf of name hive.llap.io.cache.orc.size does not exist
2024-04-24T10:28:15,764  WARN [main] conf.HiveConf: HiveConf of name hive.stats.key.prefix.reserve.length does not exist
2024-04-24T10:28:15,764  WARN [main] conf.HiveConf: HiveConf of name hive.llap.io.cache.orc.arena.size does not exist
2024-04-24T10:28:15,764  WARN [main] conf.HiveConf: HiveConf of name hive.dummyparam.test.server.specific.config.metastoresite does not exist
2024-04-24T10:28:15,764  WARN [main] conf.HiveConf: HiveConf of name hive.dummyparam.test.server.specific.config.hivesite does not exist
2024-04-24T10:28:15,764  WARN [main] conf.HiveConf: HiveConf of name hive.metastore.client.cache.maxSize does not exist
2024-04-24T10:28:15,765  INFO [main] metastore.HiveMetaStoreClient: HMS client filtering is enabled.
2024-04-24T10:28:15,765  INFO [main] metastore.PersistenceManagerProvider: Configuration datanucleus.autoStartMechanismMode is not set. Defaulting to 'ignored'
2024-04-24T10:28:15,766  INFO [main] metastore.ObjectStore: RawStore: org.apache.hadoop.hive.metastore.ObjectStore@338cc75f, with PersistenceManager: org.datanucleus.api.jdo.JDOPersistenceManager@5759edff will be shutdown
2024-04-24T10:28:15,766  INFO [main] metastore.ObjectStore: RawStore: org.apache.hadoop.hive.metastore.ObjectStore@338cc75f, with PersistenceManager: org.datanucleus.api.jdo.JDOPersistenceManager@665f88e1 created in the thread with id: 1
2024-04-24T10:28:15,768  INFO [main] metastore.HMSHandler: HMS server filtering is disabled by configuration
Hive Session ID = 3ba8936f-d3c9-4888-a1f6-6cb00cbb80f8
2024-04-24T10:28:15,769  INFO [main] SessionState: Hive Session ID = 3ba8936f-d3c9-4888-a1f6-6cb00cbb80f8
ivysettings.xml file not found in HIVE_HOME or HIVE_CONF_DIR,file:/home/alex/.m2/repository/org/apache/pig/pig/0.16.0/pig-0.16.0-h2.jar!/ivysettings.xml will be used
2024-04-24T10:28:15,769  INFO [main] DependencyResolver: ivysettings.xml file not found in HIVE_HOME or HIVE_CONF_DIR,file:/home/alex/.m2/repository/org/apache/pig/pig/0.16.0/pig-0.16.0-h2.jar!/ivysettings.xml will be used
2024-04-24T10:28:15,775  INFO [main] session.SessionState: Created HDFS directory: /home/alex/Repositories/hive/hcatalog/hcatalog-pig-adapter/target/tmp/scratchdir/alex/3ba8936f-d3c9-4888-a1f6-6cb00cbb80f8
2024-04-24T10:28:15,777  INFO [main] session.SessionState: Created local directory: /home/alex/Repositories/hive/hcatalog/hcatalog-pig-adapter/target/tmp/localscratchdir/3ba8936f-d3c9-4888-a1f6-6cb00cbb80f8
2024-04-24T10:28:15,780  INFO [main] session.SessionState: Created HDFS directory: /home/alex/Repositories/hive/hcatalog/hcatalog-pig-adapter/target/tmp/scratchdir/alex/3ba8936f-d3c9-4888-a1f6-6cb00cbb80f8/_tmp_space.db
]]></system-err>
  </testcase>
  <testcase name="testStaticPartitioningMultiPartColsNoData[3]" classname="org.apache.hive.hcatalog.pig.TestHCatStorer" time="0">
    <skipped message="got: &lt;false&gt;, expected: is &lt;true&gt;"/>
    <system-err><![CDATA[2024-04-24T10:28:15,813  WARN [main] conf.HiveConf: HiveConf of name hive.stats.key.prefix.reserve.length does not exist
2024-04-24T10:28:15,813  WARN [main] conf.HiveConf: HiveConf of name hive.llap.io.cache.orc.arena.size does not exist
2024-04-24T10:28:15,813  WARN [main] conf.HiveConf: HiveConf of name hive.metastore.client.cache.maxSize does not exist
2024-04-24T10:28:15,813  WARN [main] conf.HiveConf: HiveConf of name hive.llap.io.cache.orc.alloc.max does not exist
2024-04-24T10:28:15,813  WARN [main] conf.HiveConf: HiveConf of name hive.metastore.client.cache.recordStats does not exist
2024-04-24T10:28:15,813  WARN [main] conf.HiveConf: HiveConf of name hive.llap.io.cache.orc.size does not exist
2024-04-24T10:28:15,813  WARN [main] conf.HiveConf: HiveConf of name hive.dummyparam.test.server.specific.config.override does not exist
2024-04-24T10:28:15,813  WARN [main] conf.HiveConf: HiveConf of name hive.metastore.metadb.dir does not exist
2024-04-24T10:28:15,813  WARN [main] conf.HiveConf: HiveConf of name hive.dummyparam.test.server.specific.config.hivesite does not exist
2024-04-24T10:28:15,813  WARN [main] conf.HiveConf: HiveConf of name hive.dummyparam.test.server.specific.config.metastoresite does not exist
2024-04-24T10:28:15,813  WARN [main] conf.HiveConf: HiveConf of name hive.llap.io.cache.orc.alloc.min does not exist
2024-04-24T10:28:15,815  INFO [main] metastore.HiveMetaStoreClient: HMS client filtering is enabled.
2024-04-24T10:28:15,815  INFO [main] metastore.PersistenceManagerProvider: Configuration datanucleus.autoStartMechanismMode is not set. Defaulting to 'ignored'
2024-04-24T10:28:15,815  INFO [main] metastore.ObjectStore: RawStore: org.apache.hadoop.hive.metastore.ObjectStore@338cc75f, with PersistenceManager: org.datanucleus.api.jdo.JDOPersistenceManager@665f88e1 will be shutdown
2024-04-24T10:28:15,815  INFO [main] metastore.ObjectStore: RawStore: org.apache.hadoop.hive.metastore.ObjectStore@338cc75f, with PersistenceManager: org.datanucleus.api.jdo.JDOPersistenceManager@63062eea created in the thread with id: 1
2024-04-24T10:28:15,817  INFO [main] metastore.HMSHandler: HMS server filtering is disabled by configuration
Hive Session ID = 4927abcf-fd95-41f6-918d-9fb10f4bd446
2024-04-24T10:28:15,817  INFO [main] SessionState: Hive Session ID = 4927abcf-fd95-41f6-918d-9fb10f4bd446
ivysettings.xml file not found in HIVE_HOME or HIVE_CONF_DIR,file:/home/alex/.m2/repository/org/apache/pig/pig/0.16.0/pig-0.16.0-h2.jar!/ivysettings.xml will be used
2024-04-24T10:28:15,818  INFO [main] DependencyResolver: ivysettings.xml file not found in HIVE_HOME or HIVE_CONF_DIR,file:/home/alex/.m2/repository/org/apache/pig/pig/0.16.0/pig-0.16.0-h2.jar!/ivysettings.xml will be used
2024-04-24T10:28:15,823  INFO [main] session.SessionState: Created HDFS directory: /home/alex/Repositories/hive/hcatalog/hcatalog-pig-adapter/target/tmp/scratchdir/alex/4927abcf-fd95-41f6-918d-9fb10f4bd446
2024-04-24T10:28:15,825  INFO [main] session.SessionState: Created local directory: /home/alex/Repositories/hive/hcatalog/hcatalog-pig-adapter/target/tmp/localscratchdir/4927abcf-fd95-41f6-918d-9fb10f4bd446
2024-04-24T10:28:15,827  INFO [main] session.SessionState: Created HDFS directory: /home/alex/Repositories/hive/hcatalog/hcatalog-pig-adapter/target/tmp/scratchdir/alex/4927abcf-fd95-41f6-918d-9fb10f4bd446/_tmp_space.db
]]></system-err>
  </testcase>
  <testcase name="testStoreMultiTables[3]" classname="org.apache.hive.hcatalog.pig.TestHCatStorer" time="0">
    <skipped message="got: &lt;false&gt;, expected: is &lt;true&gt;"/>
    <system-err><![CDATA[2024-04-24T10:28:15,858  WARN [main] conf.HiveConf: HiveConf of name hive.stats.key.prefix.reserve.length does not exist
2024-04-24T10:28:15,858  WARN [main] conf.HiveConf: HiveConf of name hive.dummyparam.test.server.specific.config.metastoresite does not exist
2024-04-24T10:28:15,858  WARN [main] conf.HiveConf: HiveConf of name hive.dummyparam.test.server.specific.config.hivesite does not exist
2024-04-24T10:28:15,858  WARN [main] conf.HiveConf: HiveConf of name hive.llap.io.cache.orc.arena.size does not exist
2024-04-24T10:28:15,858  WARN [main] conf.HiveConf: HiveConf of name hive.metastore.client.cache.maxSize does not exist
2024-04-24T10:28:15,858  WARN [main] conf.HiveConf: HiveConf of name hive.dummyparam.test.server.specific.config.override does not exist
2024-04-24T10:28:15,858  WARN [main] conf.HiveConf: HiveConf of name hive.metastore.client.cache.recordStats does not exist
2024-04-24T10:28:15,858  WARN [main] conf.HiveConf: HiveConf of name hive.llap.io.cache.orc.alloc.min does not exist
2024-04-24T10:28:15,858  WARN [main] conf.HiveConf: HiveConf of name hive.metastore.metadb.dir does not exist
2024-04-24T10:28:15,858  WARN [main] conf.HiveConf: HiveConf of name hive.llap.io.cache.orc.alloc.max does not exist
2024-04-24T10:28:15,858  WARN [main] conf.HiveConf: HiveConf of name hive.llap.io.cache.orc.size does not exist
2024-04-24T10:28:15,859  INFO [main] metastore.HiveMetaStoreClient: HMS client filtering is enabled.
2024-04-24T10:28:15,860  INFO [main] metastore.PersistenceManagerProvider: Configuration datanucleus.autoStartMechanismMode is not set. Defaulting to 'ignored'
2024-04-24T10:28:15,860  INFO [main] metastore.ObjectStore: RawStore: org.apache.hadoop.hive.metastore.ObjectStore@338cc75f, with PersistenceManager: org.datanucleus.api.jdo.JDOPersistenceManager@63062eea will be shutdown
2024-04-24T10:28:15,860  INFO [main] metastore.ObjectStore: RawStore: org.apache.hadoop.hive.metastore.ObjectStore@338cc75f, with PersistenceManager: org.datanucleus.api.jdo.JDOPersistenceManager@32b1e906 created in the thread with id: 1
2024-04-24T10:28:15,862  INFO [main] metastore.HMSHandler: HMS server filtering is disabled by configuration
Hive Session ID = e60a68fd-a573-4e1a-b850-4307d342760f
2024-04-24T10:28:15,862  INFO [main] SessionState: Hive Session ID = e60a68fd-a573-4e1a-b850-4307d342760f
ivysettings.xml file not found in HIVE_HOME or HIVE_CONF_DIR,file:/home/alex/.m2/repository/org/apache/pig/pig/0.16.0/pig-0.16.0-h2.jar!/ivysettings.xml will be used
2024-04-24T10:28:15,862  INFO [main] DependencyResolver: ivysettings.xml file not found in HIVE_HOME or HIVE_CONF_DIR,file:/home/alex/.m2/repository/org/apache/pig/pig/0.16.0/pig-0.16.0-h2.jar!/ivysettings.xml will be used
2024-04-24T10:28:15,867  INFO [main] session.SessionState: Created HDFS directory: /home/alex/Repositories/hive/hcatalog/hcatalog-pig-adapter/target/tmp/scratchdir/alex/e60a68fd-a573-4e1a-b850-4307d342760f
2024-04-24T10:28:15,870  INFO [main] session.SessionState: Created local directory: /home/alex/Repositories/hive/hcatalog/hcatalog-pig-adapter/target/tmp/localscratchdir/e60a68fd-a573-4e1a-b850-4307d342760f
2024-04-24T10:28:15,872  INFO [main] session.SessionState: Created HDFS directory: /home/alex/Repositories/hive/hcatalog/hcatalog-pig-adapter/target/tmp/scratchdir/alex/e60a68fd-a573-4e1a-b850-4307d342760f/_tmp_space.db
]]></system-err>
  </testcase>
  <testcase name="testStoreWithNoSchema[3]" classname="org.apache.hive.hcatalog.pig.TestHCatStorer" time="0">
    <skipped message="got: &lt;false&gt;, expected: is &lt;true&gt;"/>
    <system-err><![CDATA[2024-04-24T10:28:15,906  WARN [main] conf.HiveConf: HiveConf of name hive.metastore.metadb.dir does not exist
2024-04-24T10:28:15,906  WARN [main] conf.HiveConf: HiveConf of name hive.llap.io.cache.orc.alloc.min does not exist
2024-04-24T10:28:15,906  WARN [main] conf.HiveConf: HiveConf of name hive.metastore.client.cache.recordStats does not exist
2024-04-24T10:28:15,906  WARN [main] conf.HiveConf: HiveConf of name hive.stats.key.prefix.reserve.length does not exist
2024-04-24T10:28:15,906  WARN [main] conf.HiveConf: HiveConf of name hive.llap.io.cache.orc.arena.size does not exist
2024-04-24T10:28:15,906  WARN [main] conf.HiveConf: HiveConf of name hive.llap.io.cache.orc.size does not exist
2024-04-24T10:28:15,906  WARN [main] conf.HiveConf: HiveConf of name hive.dummyparam.test.server.specific.config.metastoresite does not exist
2024-04-24T10:28:15,906  WARN [main] conf.HiveConf: HiveConf of name hive.dummyparam.test.server.specific.config.override does not exist
2024-04-24T10:28:15,906  WARN [main] conf.HiveConf: HiveConf of name hive.dummyparam.test.server.specific.config.hivesite does not exist
2024-04-24T10:28:15,906  WARN [main] conf.HiveConf: HiveConf of name hive.metastore.client.cache.maxSize does not exist
2024-04-24T10:28:15,906  WARN [main] conf.HiveConf: HiveConf of name hive.llap.io.cache.orc.alloc.max does not exist
2024-04-24T10:28:15,908  INFO [main] metastore.HiveMetaStoreClient: HMS client filtering is enabled.
2024-04-24T10:28:15,908  INFO [main] metastore.PersistenceManagerProvider: Configuration datanucleus.autoStartMechanismMode is not set. Defaulting to 'ignored'
2024-04-24T10:28:15,908  INFO [main] metastore.ObjectStore: RawStore: org.apache.hadoop.hive.metastore.ObjectStore@338cc75f, with PersistenceManager: org.datanucleus.api.jdo.JDOPersistenceManager@32b1e906 will be shutdown
2024-04-24T10:28:15,909  INFO [main] metastore.ObjectStore: RawStore: org.apache.hadoop.hive.metastore.ObjectStore@338cc75f, with PersistenceManager: org.datanucleus.api.jdo.JDOPersistenceManager@67e1a5fd created in the thread with id: 1
2024-04-24T10:28:15,910  INFO [main] metastore.HMSHandler: HMS server filtering is disabled by configuration
Hive Session ID = d500aeb2-df6b-4031-8b54-7bb2ce228044
2024-04-24T10:28:15,911  INFO [main] SessionState: Hive Session ID = d500aeb2-df6b-4031-8b54-7bb2ce228044
ivysettings.xml file not found in HIVE_HOME or HIVE_CONF_DIR,file:/home/alex/.m2/repository/org/apache/pig/pig/0.16.0/pig-0.16.0-h2.jar!/ivysettings.xml will be used
2024-04-24T10:28:15,911  INFO [main] DependencyResolver: ivysettings.xml file not found in HIVE_HOME or HIVE_CONF_DIR,file:/home/alex/.m2/repository/org/apache/pig/pig/0.16.0/pig-0.16.0-h2.jar!/ivysettings.xml will be used
2024-04-24T10:28:15,916  INFO [main] session.SessionState: Created HDFS directory: /home/alex/Repositories/hive/hcatalog/hcatalog-pig-adapter/target/tmp/scratchdir/alex/d500aeb2-df6b-4031-8b54-7bb2ce228044
2024-04-24T10:28:15,918  INFO [main] session.SessionState: Created local directory: /home/alex/Repositories/hive/hcatalog/hcatalog-pig-adapter/target/tmp/localscratchdir/d500aeb2-df6b-4031-8b54-7bb2ce228044
2024-04-24T10:28:15,920  INFO [main] session.SessionState: Created HDFS directory: /home/alex/Repositories/hive/hcatalog/hcatalog-pig-adapter/target/tmp/scratchdir/alex/d500aeb2-df6b-4031-8b54-7bb2ce228044/_tmp_space.db
]]></system-err>
  </testcase>
  <testcase name="testNoAlias[3]" classname="org.apache.hive.hcatalog.pig.TestHCatStorer" time="0">
    <skipped message="got: &lt;false&gt;, expected: is &lt;true&gt;"/>
    <system-err><![CDATA[2024-04-24T10:28:15,951  WARN [main] conf.HiveConf: HiveConf of name hive.metastore.metadb.dir does not exist
2024-04-24T10:28:15,951  WARN [main] conf.HiveConf: HiveConf of name hive.llap.io.cache.orc.alloc.max does not exist
2024-04-24T10:28:15,951  WARN [main] conf.HiveConf: HiveConf of name hive.dummyparam.test.server.specific.config.override does not exist
2024-04-24T10:28:15,951  WARN [main] conf.HiveConf: HiveConf of name hive.dummyparam.test.server.specific.config.hivesite does not exist
2024-04-24T10:28:15,951  WARN [main] conf.HiveConf: HiveConf of name hive.stats.key.prefix.reserve.length does not exist
2024-04-24T10:28:15,951  WARN [main] conf.HiveConf: HiveConf of name hive.metastore.client.cache.recordStats does not exist
2024-04-24T10:28:15,951  WARN [main] conf.HiveConf: HiveConf of name hive.metastore.client.cache.maxSize does not exist
2024-04-24T10:28:15,951  WARN [main] conf.HiveConf: HiveConf of name hive.dummyparam.test.server.specific.config.metastoresite does not exist
2024-04-24T10:28:15,951  WARN [main] conf.HiveConf: HiveConf of name hive.llap.io.cache.orc.alloc.min does not exist
2024-04-24T10:28:15,951  WARN [main] conf.HiveConf: HiveConf of name hive.llap.io.cache.orc.arena.size does not exist
2024-04-24T10:28:15,951  WARN [main] conf.HiveConf: HiveConf of name hive.llap.io.cache.orc.size does not exist
2024-04-24T10:28:15,952  INFO [main] metastore.HiveMetaStoreClient: HMS client filtering is enabled.
2024-04-24T10:28:15,952  INFO [main] metastore.PersistenceManagerProvider: Configuration datanucleus.autoStartMechanismMode is not set. Defaulting to 'ignored'
2024-04-24T10:28:15,953  INFO [main] metastore.ObjectStore: RawStore: org.apache.hadoop.hive.metastore.ObjectStore@338cc75f, with PersistenceManager: org.datanucleus.api.jdo.JDOPersistenceManager@67e1a5fd will be shutdown
2024-04-24T10:28:15,953  INFO [main] metastore.ObjectStore: RawStore: org.apache.hadoop.hive.metastore.ObjectStore@338cc75f, with PersistenceManager: org.datanucleus.api.jdo.JDOPersistenceManager@233789d9 created in the thread with id: 1
2024-04-24T10:28:15,955  INFO [main] metastore.HMSHandler: HMS server filtering is disabled by configuration
Hive Session ID = 35b0ba8b-2c0b-483c-97e0-727760c09a5f
2024-04-24T10:28:15,955  INFO [main] SessionState: Hive Session ID = 35b0ba8b-2c0b-483c-97e0-727760c09a5f
ivysettings.xml file not found in HIVE_HOME or HIVE_CONF_DIR,file:/home/alex/.m2/repository/org/apache/pig/pig/0.16.0/pig-0.16.0-h2.jar!/ivysettings.xml will be used
2024-04-24T10:28:15,956  INFO [main] DependencyResolver: ivysettings.xml file not found in HIVE_HOME or HIVE_CONF_DIR,file:/home/alex/.m2/repository/org/apache/pig/pig/0.16.0/pig-0.16.0-h2.jar!/ivysettings.xml will be used
2024-04-24T10:28:15,961  INFO [main] session.SessionState: Created HDFS directory: /home/alex/Repositories/hive/hcatalog/hcatalog-pig-adapter/target/tmp/scratchdir/alex/35b0ba8b-2c0b-483c-97e0-727760c09a5f
2024-04-24T10:28:15,963  INFO [main] session.SessionState: Created local directory: /home/alex/Repositories/hive/hcatalog/hcatalog-pig-adapter/target/tmp/localscratchdir/35b0ba8b-2c0b-483c-97e0-727760c09a5f
2024-04-24T10:28:15,965  INFO [main] session.SessionState: Created HDFS directory: /home/alex/Repositories/hive/hcatalog/hcatalog-pig-adapter/target/tmp/scratchdir/alex/35b0ba8b-2c0b-483c-97e0-727760c09a5f/_tmp_space.db
]]></system-err>
  </testcase>
  <testcase name="testWriteTimestamp[3]" classname="org.apache.hive.hcatalog.pig.TestHCatStorer" time="0">
    <skipped message="got: &lt;false&gt;, expected: is &lt;true&gt;"/>
    <system-err><![CDATA[2024-04-24T10:28:15,998  WARN [main] conf.HiveConf: HiveConf of name hive.metastore.metadb.dir does not exist
2024-04-24T10:28:15,998  WARN [main] conf.HiveConf: HiveConf of name hive.llap.io.cache.orc.alloc.min does not exist
2024-04-24T10:28:15,998  WARN [main] conf.HiveConf: HiveConf of name hive.dummyparam.test.server.specific.config.metastoresite does not exist
2024-04-24T10:28:15,998  WARN [main] conf.HiveConf: HiveConf of name hive.stats.key.prefix.reserve.length does not exist
2024-04-24T10:28:15,998  WARN [main] conf.HiveConf: HiveConf of name hive.llap.io.cache.orc.alloc.max does not exist
2024-04-24T10:28:15,998  WARN [main] conf.HiveConf: HiveConf of name hive.llap.io.cache.orc.size does not exist
2024-04-24T10:28:15,998  WARN [main] conf.HiveConf: HiveConf of name hive.metastore.client.cache.maxSize does not exist
2024-04-24T10:28:15,998  WARN [main] conf.HiveConf: HiveConf of name hive.dummyparam.test.server.specific.config.hivesite does not exist
2024-04-24T10:28:15,998  WARN [main] conf.HiveConf: HiveConf of name hive.dummyparam.test.server.specific.config.override does not exist
2024-04-24T10:28:15,998  WARN [main] conf.HiveConf: HiveConf of name hive.llap.io.cache.orc.arena.size does not exist
2024-04-24T10:28:15,998  WARN [main] conf.HiveConf: HiveConf of name hive.metastore.client.cache.recordStats does not exist
2024-04-24T10:28:16,000  INFO [main] metastore.HiveMetaStoreClient: HMS client filtering is enabled.
2024-04-24T10:28:16,000  INFO [main] metastore.PersistenceManagerProvider: Configuration datanucleus.autoStartMechanismMode is not set. Defaulting to 'ignored'
2024-04-24T10:28:16,000  INFO [main] metastore.ObjectStore: RawStore: org.apache.hadoop.hive.metastore.ObjectStore@338cc75f, with PersistenceManager: org.datanucleus.api.jdo.JDOPersistenceManager@233789d9 will be shutdown
2024-04-24T10:28:16,000  INFO [main] metastore.ObjectStore: RawStore: org.apache.hadoop.hive.metastore.ObjectStore@338cc75f, with PersistenceManager: org.datanucleus.api.jdo.JDOPersistenceManager@15549dd7 created in the thread with id: 1
2024-04-24T10:28:16,003  INFO [main] metastore.HMSHandler: HMS server filtering is disabled by configuration
Hive Session ID = facf8315-559d-48cf-ab4d-d5780d833177
2024-04-24T10:28:16,003  INFO [main] SessionState: Hive Session ID = facf8315-559d-48cf-ab4d-d5780d833177
ivysettings.xml file not found in HIVE_HOME or HIVE_CONF_DIR,file:/home/alex/.m2/repository/org/apache/pig/pig/0.16.0/pig-0.16.0-h2.jar!/ivysettings.xml will be used
2024-04-24T10:28:16,003  INFO [main] DependencyResolver: ivysettings.xml file not found in HIVE_HOME or HIVE_CONF_DIR,file:/home/alex/.m2/repository/org/apache/pig/pig/0.16.0/pig-0.16.0-h2.jar!/ivysettings.xml will be used
2024-04-24T10:28:16,009  INFO [main] session.SessionState: Created HDFS directory: /home/alex/Repositories/hive/hcatalog/hcatalog-pig-adapter/target/tmp/scratchdir/alex/facf8315-559d-48cf-ab4d-d5780d833177
2024-04-24T10:28:16,011  INFO [main] session.SessionState: Created local directory: /home/alex/Repositories/hive/hcatalog/hcatalog-pig-adapter/target/tmp/localscratchdir/facf8315-559d-48cf-ab4d-d5780d833177
2024-04-24T10:28:16,014  INFO [main] session.SessionState: Created HDFS directory: /home/alex/Repositories/hive/hcatalog/hcatalog-pig-adapter/target/tmp/scratchdir/alex/facf8315-559d-48cf-ab4d-d5780d833177/_tmp_space.db
]]></system-err>
  </testcase>
  <testcase name="testWriteDecimalXY[3]" classname="org.apache.hive.hcatalog.pig.TestHCatStorer" time="0">
    <skipped message="got: &lt;false&gt;, expected: is &lt;true&gt;"/>
    <system-err><![CDATA[2024-04-24T10:28:16,048  WARN [main] conf.HiveConf: HiveConf of name hive.dummyparam.test.server.specific.config.override does not exist
2024-04-24T10:28:16,048  WARN [main] conf.HiveConf: HiveConf of name hive.dummyparam.test.server.specific.config.hivesite does not exist
2024-04-24T10:28:16,048  WARN [main] conf.HiveConf: HiveConf of name hive.metastore.metadb.dir does not exist
2024-04-24T10:28:16,048  WARN [main] conf.HiveConf: HiveConf of name hive.llap.io.cache.orc.alloc.max does not exist
2024-04-24T10:28:16,048  WARN [main] conf.HiveConf: HiveConf of name hive.llap.io.cache.orc.arena.size does not exist
2024-04-24T10:28:16,048  WARN [main] conf.HiveConf: HiveConf of name hive.llap.io.cache.orc.alloc.min does not exist
2024-04-24T10:28:16,048  WARN [main] conf.HiveConf: HiveConf of name hive.stats.key.prefix.reserve.length does not exist
2024-04-24T10:28:16,048  WARN [main] conf.HiveConf: HiveConf of name hive.metastore.client.cache.maxSize does not exist
2024-04-24T10:28:16,048  WARN [main] conf.HiveConf: HiveConf of name hive.metastore.client.cache.recordStats does not exist
2024-04-24T10:28:16,049  WARN [main] conf.HiveConf: HiveConf of name hive.dummyparam.test.server.specific.config.metastoresite does not exist
2024-04-24T10:28:16,049  WARN [main] conf.HiveConf: HiveConf of name hive.llap.io.cache.orc.size does not exist
2024-04-24T10:28:16,050  INFO [main] metastore.HiveMetaStoreClient: HMS client filtering is enabled.
2024-04-24T10:28:16,050  INFO [main] metastore.PersistenceManagerProvider: Configuration datanucleus.autoStartMechanismMode is not set. Defaulting to 'ignored'
2024-04-24T10:28:16,050  INFO [main] metastore.ObjectStore: RawStore: org.apache.hadoop.hive.metastore.ObjectStore@338cc75f, with PersistenceManager: org.datanucleus.api.jdo.JDOPersistenceManager@15549dd7 will be shutdown
2024-04-24T10:28:16,051  INFO [main] metastore.ObjectStore: RawStore: org.apache.hadoop.hive.metastore.ObjectStore@338cc75f, with PersistenceManager: org.datanucleus.api.jdo.JDOPersistenceManager@4a7e469d created in the thread with id: 1
2024-04-24T10:28:16,053  INFO [main] metastore.HMSHandler: HMS server filtering is disabled by configuration
Hive Session ID = 3e37113f-7818-491e-a967-0d4e92b397fb
2024-04-24T10:28:16,053  INFO [main] SessionState: Hive Session ID = 3e37113f-7818-491e-a967-0d4e92b397fb
ivysettings.xml file not found in HIVE_HOME or HIVE_CONF_DIR,file:/home/alex/.m2/repository/org/apache/pig/pig/0.16.0/pig-0.16.0-h2.jar!/ivysettings.xml will be used
2024-04-24T10:28:16,053  INFO [main] DependencyResolver: ivysettings.xml file not found in HIVE_HOME or HIVE_CONF_DIR,file:/home/alex/.m2/repository/org/apache/pig/pig/0.16.0/pig-0.16.0-h2.jar!/ivysettings.xml will be used
2024-04-24T10:28:16,059  INFO [main] session.SessionState: Created HDFS directory: /home/alex/Repositories/hive/hcatalog/hcatalog-pig-adapter/target/tmp/scratchdir/alex/3e37113f-7818-491e-a967-0d4e92b397fb
2024-04-24T10:28:16,061  INFO [main] session.SessionState: Created local directory: /home/alex/Repositories/hive/hcatalog/hcatalog-pig-adapter/target/tmp/localscratchdir/3e37113f-7818-491e-a967-0d4e92b397fb
2024-04-24T10:28:16,064  INFO [main] session.SessionState: Created HDFS directory: /home/alex/Repositories/hive/hcatalog/hcatalog-pig-adapter/target/tmp/scratchdir/alex/3e37113f-7818-491e-a967-0d4e92b397fb/_tmp_space.db
]]></system-err>
  </testcase>
  <testcase name="testStoreFuncSimple[3]" classname="org.apache.hive.hcatalog.pig.TestHCatStorer" time="0">
    <skipped message="got: &lt;false&gt;, expected: is &lt;true&gt;"/>
    <system-err><![CDATA[2024-04-24T10:28:16,096  WARN [main] conf.HiveConf: HiveConf of name hive.dummyparam.test.server.specific.config.override does not exist
2024-04-24T10:28:16,097  WARN [main] conf.HiveConf: HiveConf of name hive.metastore.metadb.dir does not exist
2024-04-24T10:28:16,097  WARN [main] conf.HiveConf: HiveConf of name hive.metastore.client.cache.recordStats does not exist
2024-04-24T10:28:16,097  WARN [main] conf.HiveConf: HiveConf of name hive.dummyparam.test.server.specific.config.hivesite does not exist
2024-04-24T10:28:16,097  WARN [main] conf.HiveConf: HiveConf of name hive.dummyparam.test.server.specific.config.metastoresite does not exist
2024-04-24T10:28:16,097  WARN [main] conf.HiveConf: HiveConf of name hive.metastore.client.cache.maxSize does not exist
2024-04-24T10:28:16,097  WARN [main] conf.HiveConf: HiveConf of name hive.llap.io.cache.orc.arena.size does not exist
2024-04-24T10:28:16,097  WARN [main] conf.HiveConf: HiveConf of name hive.llap.io.cache.orc.alloc.max does not exist
2024-04-24T10:28:16,097  WARN [main] conf.HiveConf: HiveConf of name hive.stats.key.prefix.reserve.length does not exist
2024-04-24T10:28:16,097  WARN [main] conf.HiveConf: HiveConf of name hive.llap.io.cache.orc.alloc.min does not exist
2024-04-24T10:28:16,097  WARN [main] conf.HiveConf: HiveConf of name hive.llap.io.cache.orc.size does not exist
2024-04-24T10:28:16,099  INFO [main] metastore.HiveMetaStoreClient: HMS client filtering is enabled.
2024-04-24T10:28:16,099  INFO [main] metastore.PersistenceManagerProvider: Configuration datanucleus.autoStartMechanismMode is not set. Defaulting to 'ignored'
2024-04-24T10:28:16,099  INFO [main] metastore.ObjectStore: RawStore: org.apache.hadoop.hive.metastore.ObjectStore@338cc75f, with PersistenceManager: org.datanucleus.api.jdo.JDOPersistenceManager@4a7e469d will be shutdown
2024-04-24T10:28:16,099  INFO [main] metastore.ObjectStore: RawStore: org.apache.hadoop.hive.metastore.ObjectStore@338cc75f, with PersistenceManager: org.datanucleus.api.jdo.JDOPersistenceManager@3a44993c created in the thread with id: 1
2024-04-24T10:28:16,101  INFO [main] metastore.HMSHandler: HMS server filtering is disabled by configuration
Hive Session ID = 1ee1c2e1-cde8-4c77-bc5c-a974d8b21bd4
2024-04-24T10:28:16,102  INFO [main] SessionState: Hive Session ID = 1ee1c2e1-cde8-4c77-bc5c-a974d8b21bd4
ivysettings.xml file not found in HIVE_HOME or HIVE_CONF_DIR,file:/home/alex/.m2/repository/org/apache/pig/pig/0.16.0/pig-0.16.0-h2.jar!/ivysettings.xml will be used
2024-04-24T10:28:16,102  INFO [main] DependencyResolver: ivysettings.xml file not found in HIVE_HOME or HIVE_CONF_DIR,file:/home/alex/.m2/repository/org/apache/pig/pig/0.16.0/pig-0.16.0-h2.jar!/ivysettings.xml will be used
2024-04-24T10:28:16,107  INFO [main] session.SessionState: Created HDFS directory: /home/alex/Repositories/hive/hcatalog/hcatalog-pig-adapter/target/tmp/scratchdir/alex/1ee1c2e1-cde8-4c77-bc5c-a974d8b21bd4
2024-04-24T10:28:16,110  INFO [main] session.SessionState: Created local directory: /home/alex/Repositories/hive/hcatalog/hcatalog-pig-adapter/target/tmp/localscratchdir/1ee1c2e1-cde8-4c77-bc5c-a974d8b21bd4
2024-04-24T10:28:16,112  INFO [main] session.SessionState: Created HDFS directory: /home/alex/Repositories/hive/hcatalog/hcatalog-pig-adapter/target/tmp/scratchdir/alex/1ee1c2e1-cde8-4c77-bc5c-a974d8b21bd4/_tmp_space.db
]]></system-err>
  </testcase>
  <testcase name="testDynamicPartitioningMultiPartColsInDataNoSpec[4]" classname="org.apache.hive.hcatalog.pig.TestHCatStorer" time="0">
    <skipped message="got: &lt;false&gt;, expected: is &lt;true&gt;"/>
    <system-err><![CDATA[2024-04-24T10:28:16,144  WARN [main] conf.HiveConf: HiveConf of name hive.llap.io.cache.orc.alloc.max does not exist
2024-04-24T10:28:16,144  WARN [main] conf.HiveConf: HiveConf of name hive.dummyparam.test.server.specific.config.metastoresite does not exist
2024-04-24T10:28:16,144  WARN [main] conf.HiveConf: HiveConf of name hive.llap.io.cache.orc.alloc.min does not exist
2024-04-24T10:28:16,144  WARN [main] conf.HiveConf: HiveConf of name hive.dummyparam.test.server.specific.config.override does not exist
2024-04-24T10:28:16,144  WARN [main] conf.HiveConf: HiveConf of name hive.dummyparam.test.server.specific.config.hivesite does not exist
2024-04-24T10:28:16,144  WARN [main] conf.HiveConf: HiveConf of name hive.metastore.metadb.dir does not exist
2024-04-24T10:28:16,144  WARN [main] conf.HiveConf: HiveConf of name hive.llap.io.cache.orc.size does not exist
2024-04-24T10:28:16,144  WARN [main] conf.HiveConf: HiveConf of name hive.metastore.client.cache.maxSize does not exist
2024-04-24T10:28:16,144  WARN [main] conf.HiveConf: HiveConf of name hive.llap.io.cache.orc.arena.size does not exist
2024-04-24T10:28:16,144  WARN [main] conf.HiveConf: HiveConf of name hive.stats.key.prefix.reserve.length does not exist
2024-04-24T10:28:16,144  WARN [main] conf.HiveConf: HiveConf of name hive.metastore.client.cache.recordStats does not exist
2024-04-24T10:28:16,145  INFO [main] metastore.HiveMetaStoreClient: HMS client filtering is enabled.
2024-04-24T10:28:16,145  INFO [main] metastore.PersistenceManagerProvider: Configuration datanucleus.autoStartMechanismMode is not set. Defaulting to 'ignored'
2024-04-24T10:28:16,146  INFO [main] metastore.ObjectStore: RawStore: org.apache.hadoop.hive.metastore.ObjectStore@338cc75f, with PersistenceManager: org.datanucleus.api.jdo.JDOPersistenceManager@3a44993c will be shutdown
2024-04-24T10:28:16,146  INFO [main] metastore.ObjectStore: RawStore: org.apache.hadoop.hive.metastore.ObjectStore@338cc75f, with PersistenceManager: org.datanucleus.api.jdo.JDOPersistenceManager@9ae0794 created in the thread with id: 1
2024-04-24T10:28:16,148  INFO [main] metastore.HMSHandler: HMS server filtering is disabled by configuration
Hive Session ID = d6cdbf49-7527-436a-b967-10e71a0263b6
2024-04-24T10:28:16,148  INFO [main] SessionState: Hive Session ID = d6cdbf49-7527-436a-b967-10e71a0263b6
ivysettings.xml file not found in HIVE_HOME or HIVE_CONF_DIR,file:/home/alex/.m2/repository/org/apache/pig/pig/0.16.0/pig-0.16.0-h2.jar!/ivysettings.xml will be used
2024-04-24T10:28:16,148  INFO [main] DependencyResolver: ivysettings.xml file not found in HIVE_HOME or HIVE_CONF_DIR,file:/home/alex/.m2/repository/org/apache/pig/pig/0.16.0/pig-0.16.0-h2.jar!/ivysettings.xml will be used
2024-04-24T10:28:16,154  INFO [main] session.SessionState: Created HDFS directory: /home/alex/Repositories/hive/hcatalog/hcatalog-pig-adapter/target/tmp/scratchdir/alex/d6cdbf49-7527-436a-b967-10e71a0263b6
2024-04-24T10:28:16,156  INFO [main] session.SessionState: Created local directory: /home/alex/Repositories/hive/hcatalog/hcatalog-pig-adapter/target/tmp/localscratchdir/d6cdbf49-7527-436a-b967-10e71a0263b6
2024-04-24T10:28:16,159  INFO [main] session.SessionState: Created HDFS directory: /home/alex/Repositories/hive/hcatalog/hcatalog-pig-adapter/target/tmp/scratchdir/alex/d6cdbf49-7527-436a-b967-10e71a0263b6/_tmp_space.db
]]></system-err>
  </testcase>
  <testcase name="testWriteTinyint[4]" classname="org.apache.hive.hcatalog.pig.TestHCatStorer" time="0">
    <skipped message="got: &lt;false&gt;, expected: is &lt;true&gt;"/>
    <system-err><![CDATA[2024-04-24T10:28:16,190  WARN [main] conf.HiveConf: HiveConf of name hive.metastore.metadb.dir does not exist
2024-04-24T10:28:16,190  WARN [main] conf.HiveConf: HiveConf of name hive.llap.io.cache.orc.size does not exist
2024-04-24T10:28:16,190  WARN [main] conf.HiveConf: HiveConf of name hive.dummyparam.test.server.specific.config.override does not exist
2024-04-24T10:28:16,190  WARN [main] conf.HiveConf: HiveConf of name hive.llap.io.cache.orc.alloc.min does not exist
2024-04-24T10:28:16,190  WARN [main] conf.HiveConf: HiveConf of name hive.dummyparam.test.server.specific.config.metastoresite does not exist
2024-04-24T10:28:16,190  WARN [main] conf.HiveConf: HiveConf of name hive.dummyparam.test.server.specific.config.hivesite does not exist
2024-04-24T10:28:16,190  WARN [main] conf.HiveConf: HiveConf of name hive.metastore.client.cache.maxSize does not exist
2024-04-24T10:28:16,190  WARN [main] conf.HiveConf: HiveConf of name hive.llap.io.cache.orc.arena.size does not exist
2024-04-24T10:28:16,190  WARN [main] conf.HiveConf: HiveConf of name hive.llap.io.cache.orc.alloc.max does not exist
2024-04-24T10:28:16,190  WARN [main] conf.HiveConf: HiveConf of name hive.stats.key.prefix.reserve.length does not exist
2024-04-24T10:28:16,191  WARN [main] conf.HiveConf: HiveConf of name hive.metastore.client.cache.recordStats does not exist
2024-04-24T10:28:16,192  INFO [main] metastore.HiveMetaStoreClient: HMS client filtering is enabled.
2024-04-24T10:28:16,192  INFO [main] metastore.PersistenceManagerProvider: Configuration datanucleus.autoStartMechanismMode is not set. Defaulting to 'ignored'
2024-04-24T10:28:16,192  INFO [main] metastore.ObjectStore: RawStore: org.apache.hadoop.hive.metastore.ObjectStore@338cc75f, with PersistenceManager: org.datanucleus.api.jdo.JDOPersistenceManager@9ae0794 will be shutdown
2024-04-24T10:28:16,192  INFO [main] metastore.ObjectStore: RawStore: org.apache.hadoop.hive.metastore.ObjectStore@338cc75f, with PersistenceManager: org.datanucleus.api.jdo.JDOPersistenceManager@32c8d67 created in the thread with id: 1
2024-04-24T10:28:16,194  INFO [main] metastore.HMSHandler: HMS server filtering is disabled by configuration
Hive Session ID = 55b58143-a865-412a-a1ec-8f8ee915a325
2024-04-24T10:28:16,194  INFO [main] SessionState: Hive Session ID = 55b58143-a865-412a-a1ec-8f8ee915a325
ivysettings.xml file not found in HIVE_HOME or HIVE_CONF_DIR,file:/home/alex/.m2/repository/org/apache/pig/pig/0.16.0/pig-0.16.0-h2.jar!/ivysettings.xml will be used
2024-04-24T10:28:16,195  INFO [main] DependencyResolver: ivysettings.xml file not found in HIVE_HOME or HIVE_CONF_DIR,file:/home/alex/.m2/repository/org/apache/pig/pig/0.16.0/pig-0.16.0-h2.jar!/ivysettings.xml will be used
2024-04-24T10:28:16,200  INFO [main] session.SessionState: Created HDFS directory: /home/alex/Repositories/hive/hcatalog/hcatalog-pig-adapter/target/tmp/scratchdir/alex/55b58143-a865-412a-a1ec-8f8ee915a325
2024-04-24T10:28:16,203  INFO [main] session.SessionState: Created local directory: /home/alex/Repositories/hive/hcatalog/hcatalog-pig-adapter/target/tmp/localscratchdir/55b58143-a865-412a-a1ec-8f8ee915a325
2024-04-24T10:28:16,205  INFO [main] session.SessionState: Created HDFS directory: /home/alex/Repositories/hive/hcatalog/hcatalog-pig-adapter/target/tmp/scratchdir/alex/55b58143-a865-412a-a1ec-8f8ee915a325/_tmp_space.db
]]></system-err>
  </testcase>
  <testcase name="testEmptyStore[4]" classname="org.apache.hive.hcatalog.pig.TestHCatStorer" time="0">
    <skipped message="got: &lt;false&gt;, expected: is &lt;true&gt;"/>
    <system-err><![CDATA[2024-04-24T10:28:16,236  WARN [main] conf.HiveConf: HiveConf of name hive.metastore.client.cache.recordStats does not exist
2024-04-24T10:28:16,237  WARN [main] conf.HiveConf: HiveConf of name hive.dummyparam.test.server.specific.config.override does not exist
2024-04-24T10:28:16,237  WARN [main] conf.HiveConf: HiveConf of name hive.llap.io.cache.orc.arena.size does not exist
2024-04-24T10:28:16,237  WARN [main] conf.HiveConf: HiveConf of name hive.stats.key.prefix.reserve.length does not exist
2024-04-24T10:28:16,237  WARN [main] conf.HiveConf: HiveConf of name hive.dummyparam.test.server.specific.config.metastoresite does not exist
2024-04-24T10:28:16,237  WARN [main] conf.HiveConf: HiveConf of name hive.llap.io.cache.orc.size does not exist
2024-04-24T10:28:16,237  WARN [main] conf.HiveConf: HiveConf of name hive.llap.io.cache.orc.alloc.max does not exist
2024-04-24T10:28:16,237  WARN [main] conf.HiveConf: HiveConf of name hive.dummyparam.test.server.specific.config.hivesite does not exist
2024-04-24T10:28:16,237  WARN [main] conf.HiveConf: HiveConf of name hive.metastore.client.cache.maxSize does not exist
2024-04-24T10:28:16,237  WARN [main] conf.HiveConf: HiveConf of name hive.llap.io.cache.orc.alloc.min does not exist
2024-04-24T10:28:16,237  WARN [main] conf.HiveConf: HiveConf of name hive.metastore.metadb.dir does not exist
2024-04-24T10:28:16,238  INFO [main] metastore.HiveMetaStoreClient: HMS client filtering is enabled.
2024-04-24T10:28:16,239  INFO [main] metastore.PersistenceManagerProvider: Configuration datanucleus.autoStartMechanismMode is not set. Defaulting to 'ignored'
2024-04-24T10:28:16,239  INFO [main] metastore.ObjectStore: RawStore: org.apache.hadoop.hive.metastore.ObjectStore@338cc75f, with PersistenceManager: org.datanucleus.api.jdo.JDOPersistenceManager@32c8d67 will be shutdown
2024-04-24T10:28:16,239  INFO [main] metastore.ObjectStore: RawStore: org.apache.hadoop.hive.metastore.ObjectStore@338cc75f, with PersistenceManager: org.datanucleus.api.jdo.JDOPersistenceManager@575fe6da created in the thread with id: 1
2024-04-24T10:28:16,241  INFO [main] metastore.HMSHandler: HMS server filtering is disabled by configuration
Hive Session ID = 5c8150ec-fd65-4e94-9800-f30007251a14
2024-04-24T10:28:16,242  INFO [main] SessionState: Hive Session ID = 5c8150ec-fd65-4e94-9800-f30007251a14
ivysettings.xml file not found in HIVE_HOME or HIVE_CONF_DIR,file:/home/alex/.m2/repository/org/apache/pig/pig/0.16.0/pig-0.16.0-h2.jar!/ivysettings.xml will be used
2024-04-24T10:28:16,242  INFO [main] DependencyResolver: ivysettings.xml file not found in HIVE_HOME or HIVE_CONF_DIR,file:/home/alex/.m2/repository/org/apache/pig/pig/0.16.0/pig-0.16.0-h2.jar!/ivysettings.xml will be used
2024-04-24T10:28:16,247  INFO [main] session.SessionState: Created HDFS directory: /home/alex/Repositories/hive/hcatalog/hcatalog-pig-adapter/target/tmp/scratchdir/alex/5c8150ec-fd65-4e94-9800-f30007251a14
2024-04-24T10:28:16,249  INFO [main] session.SessionState: Created local directory: /home/alex/Repositories/hive/hcatalog/hcatalog-pig-adapter/target/tmp/localscratchdir/5c8150ec-fd65-4e94-9800-f30007251a14
2024-04-24T10:28:16,251  INFO [main] session.SessionState: Created HDFS directory: /home/alex/Repositories/hive/hcatalog/hcatalog-pig-adapter/target/tmp/scratchdir/alex/5c8150ec-fd65-4e94-9800-f30007251a14/_tmp_space.db
]]></system-err>
  </testcase>
  <testcase name="testStoreFuncAllSimpleTypes[4]" classname="org.apache.hive.hcatalog.pig.TestHCatStorer" time="0">
    <skipped message="got: &lt;false&gt;, expected: is &lt;true&gt;"/>
    <system-err><![CDATA[2024-04-24T10:28:16,284  WARN [main] conf.HiveConf: HiveConf of name hive.dummyparam.test.server.specific.config.metastoresite does not exist
2024-04-24T10:28:16,284  WARN [main] conf.HiveConf: HiveConf of name hive.stats.key.prefix.reserve.length does not exist
2024-04-24T10:28:16,284  WARN [main] conf.HiveConf: HiveConf of name hive.llap.io.cache.orc.alloc.min does not exist
2024-04-24T10:28:16,284  WARN [main] conf.HiveConf: HiveConf of name hive.metastore.client.cache.maxSize does not exist
2024-04-24T10:28:16,284  WARN [main] conf.HiveConf: HiveConf of name hive.llap.io.cache.orc.alloc.max does not exist
2024-04-24T10:28:16,284  WARN [main] conf.HiveConf: HiveConf of name hive.dummyparam.test.server.specific.config.override does not exist
2024-04-24T10:28:16,284  WARN [main] conf.HiveConf: HiveConf of name hive.llap.io.cache.orc.arena.size does not exist
2024-04-24T10:28:16,284  WARN [main] conf.HiveConf: HiveConf of name hive.dummyparam.test.server.specific.config.hivesite does not exist
2024-04-24T10:28:16,284  WARN [main] conf.HiveConf: HiveConf of name hive.metastore.client.cache.recordStats does not exist
2024-04-24T10:28:16,284  WARN [main] conf.HiveConf: HiveConf of name hive.metastore.metadb.dir does not exist
2024-04-24T10:28:16,284  WARN [main] conf.HiveConf: HiveConf of name hive.llap.io.cache.orc.size does not exist
2024-04-24T10:28:16,286  INFO [main] metastore.HiveMetaStoreClient: HMS client filtering is enabled.
2024-04-24T10:28:16,286  INFO [main] metastore.PersistenceManagerProvider: Configuration datanucleus.autoStartMechanismMode is not set. Defaulting to 'ignored'
2024-04-24T10:28:16,286  INFO [main] metastore.ObjectStore: RawStore: org.apache.hadoop.hive.metastore.ObjectStore@338cc75f, with PersistenceManager: org.datanucleus.api.jdo.JDOPersistenceManager@575fe6da will be shutdown
2024-04-24T10:28:16,287  INFO [main] metastore.ObjectStore: RawStore: org.apache.hadoop.hive.metastore.ObjectStore@338cc75f, with PersistenceManager: org.datanucleus.api.jdo.JDOPersistenceManager@6f5288c5 created in the thread with id: 1
2024-04-24T10:28:16,289  INFO [main] metastore.HMSHandler: HMS server filtering is disabled by configuration
Hive Session ID = 8433288d-cab2-4b3c-bbd2-16a6c4dfa334
2024-04-24T10:28:16,289  INFO [main] SessionState: Hive Session ID = 8433288d-cab2-4b3c-bbd2-16a6c4dfa334
ivysettings.xml file not found in HIVE_HOME or HIVE_CONF_DIR,file:/home/alex/.m2/repository/org/apache/pig/pig/0.16.0/pig-0.16.0-h2.jar!/ivysettings.xml will be used
2024-04-24T10:28:16,290  INFO [main] DependencyResolver: ivysettings.xml file not found in HIVE_HOME or HIVE_CONF_DIR,file:/home/alex/.m2/repository/org/apache/pig/pig/0.16.0/pig-0.16.0-h2.jar!/ivysettings.xml will be used
2024-04-24T10:28:16,295  INFO [main] session.SessionState: Created HDFS directory: /home/alex/Repositories/hive/hcatalog/hcatalog-pig-adapter/target/tmp/scratchdir/alex/8433288d-cab2-4b3c-bbd2-16a6c4dfa334
2024-04-24T10:28:16,298  INFO [main] session.SessionState: Created local directory: /home/alex/Repositories/hive/hcatalog/hcatalog-pig-adapter/target/tmp/localscratchdir/8433288d-cab2-4b3c-bbd2-16a6c4dfa334
2024-04-24T10:28:16,300  INFO [main] session.SessionState: Created HDFS directory: /home/alex/Repositories/hive/hcatalog/hcatalog-pig-adapter/target/tmp/scratchdir/alex/8433288d-cab2-4b3c-bbd2-16a6c4dfa334/_tmp_space.db
]]></system-err>
  </testcase>
  <testcase name="testDynamicPartitioningMultiPartColsInDataPartialSpec[4]" classname="org.apache.hive.hcatalog.pig.TestHCatStorer" time="0">
    <skipped message="got: &lt;false&gt;, expected: is &lt;true&gt;"/>
    <system-err><![CDATA[2024-04-24T10:28:16,334  WARN [main] conf.HiveConf: HiveConf of name hive.dummyparam.test.server.specific.config.metastoresite does not exist
2024-04-24T10:28:16,334  WARN [main] conf.HiveConf: HiveConf of name hive.metastore.client.cache.maxSize does not exist
2024-04-24T10:28:16,334  WARN [main] conf.HiveConf: HiveConf of name hive.llap.io.cache.orc.alloc.min does not exist
2024-04-24T10:28:16,334  WARN [main] conf.HiveConf: HiveConf of name hive.metastore.client.cache.recordStats does not exist
2024-04-24T10:28:16,334  WARN [main] conf.HiveConf: HiveConf of name hive.llap.io.cache.orc.arena.size does not exist
2024-04-24T10:28:16,334  WARN [main] conf.HiveConf: HiveConf of name hive.dummyparam.test.server.specific.config.override does not exist
2024-04-24T10:28:16,334  WARN [main] conf.HiveConf: HiveConf of name hive.stats.key.prefix.reserve.length does not exist
2024-04-24T10:28:16,334  WARN [main] conf.HiveConf: HiveConf of name hive.metastore.metadb.dir does not exist
2024-04-24T10:28:16,334  WARN [main] conf.HiveConf: HiveConf of name hive.llap.io.cache.orc.alloc.max does not exist
2024-04-24T10:28:16,334  WARN [main] conf.HiveConf: HiveConf of name hive.llap.io.cache.orc.size does not exist
2024-04-24T10:28:16,334  WARN [main] conf.HiveConf: HiveConf of name hive.dummyparam.test.server.specific.config.hivesite does not exist
2024-04-24T10:28:16,336  INFO [main] metastore.HiveMetaStoreClient: HMS client filtering is enabled.
2024-04-24T10:28:16,336  INFO [main] metastore.PersistenceManagerProvider: Configuration datanucleus.autoStartMechanismMode is not set. Defaulting to 'ignored'
2024-04-24T10:28:16,336  INFO [main] metastore.ObjectStore: RawStore: org.apache.hadoop.hive.metastore.ObjectStore@338cc75f, with PersistenceManager: org.datanucleus.api.jdo.JDOPersistenceManager@6f5288c5 will be shutdown
2024-04-24T10:28:16,337  INFO [main] metastore.ObjectStore: RawStore: org.apache.hadoop.hive.metastore.ObjectStore@338cc75f, with PersistenceManager: org.datanucleus.api.jdo.JDOPersistenceManager@396c1228 created in the thread with id: 1
2024-04-24T10:28:16,340  INFO [main] metastore.HMSHandler: HMS server filtering is disabled by configuration
Hive Session ID = 8f1668e7-7207-400e-9d3f-720ab92c2c16
2024-04-24T10:28:16,340  INFO [main] SessionState: Hive Session ID = 8f1668e7-7207-400e-9d3f-720ab92c2c16
ivysettings.xml file not found in HIVE_HOME or HIVE_CONF_DIR,file:/home/alex/.m2/repository/org/apache/pig/pig/0.16.0/pig-0.16.0-h2.jar!/ivysettings.xml will be used
2024-04-24T10:28:16,340  INFO [main] DependencyResolver: ivysettings.xml file not found in HIVE_HOME or HIVE_CONF_DIR,file:/home/alex/.m2/repository/org/apache/pig/pig/0.16.0/pig-0.16.0-h2.jar!/ivysettings.xml will be used
2024-04-24T10:28:16,345  INFO [main] session.SessionState: Created HDFS directory: /home/alex/Repositories/hive/hcatalog/hcatalog-pig-adapter/target/tmp/scratchdir/alex/8f1668e7-7207-400e-9d3f-720ab92c2c16
2024-04-24T10:28:16,348  INFO [main] session.SessionState: Created local directory: /home/alex/Repositories/hive/hcatalog/hcatalog-pig-adapter/target/tmp/localscratchdir/8f1668e7-7207-400e-9d3f-720ab92c2c16
2024-04-24T10:28:16,350  INFO [main] session.SessionState: Created HDFS directory: /home/alex/Repositories/hive/hcatalog/hcatalog-pig-adapter/target/tmp/scratchdir/alex/8f1668e7-7207-400e-9d3f-720ab92c2c16/_tmp_space.db
]]></system-err>
  </testcase>
  <testcase name="testWriteDate2[4]" classname="org.apache.hive.hcatalog.pig.TestHCatStorer" time="0">
    <skipped message="got: &lt;false&gt;, expected: is &lt;true&gt;"/>
    <system-err><![CDATA[2024-04-24T10:28:16,393  WARN [main] conf.HiveConf: HiveConf of name hive.llap.io.cache.orc.arena.size does not exist
2024-04-24T10:28:16,393  WARN [main] conf.HiveConf: HiveConf of name hive.metastore.client.cache.maxSize does not exist
2024-04-24T10:28:16,393  WARN [main] conf.HiveConf: HiveConf of name hive.metastore.metadb.dir does not exist
2024-04-24T10:28:16,393  WARN [main] conf.HiveConf: HiveConf of name hive.llap.io.cache.orc.alloc.min does not exist
2024-04-24T10:28:16,393  WARN [main] conf.HiveConf: HiveConf of name hive.llap.io.cache.orc.size does not exist
2024-04-24T10:28:16,393  WARN [main] conf.HiveConf: HiveConf of name hive.dummyparam.test.server.specific.config.hivesite does not exist
2024-04-24T10:28:16,393  WARN [main] conf.HiveConf: HiveConf of name hive.dummyparam.test.server.specific.config.metastoresite does not exist
2024-04-24T10:28:16,393  WARN [main] conf.HiveConf: HiveConf of name hive.metastore.client.cache.recordStats does not exist
2024-04-24T10:28:16,393  WARN [main] conf.HiveConf: HiveConf of name hive.stats.key.prefix.reserve.length does not exist
2024-04-24T10:28:16,393  WARN [main] conf.HiveConf: HiveConf of name hive.llap.io.cache.orc.alloc.max does not exist
2024-04-24T10:28:16,393  WARN [main] conf.HiveConf: HiveConf of name hive.dummyparam.test.server.specific.config.override does not exist
2024-04-24T10:28:16,394  INFO [main] metastore.HiveMetaStoreClient: HMS client filtering is enabled.
2024-04-24T10:28:16,394  INFO [main] metastore.PersistenceManagerProvider: Configuration datanucleus.autoStartMechanismMode is not set. Defaulting to 'ignored'
2024-04-24T10:28:16,395  INFO [main] metastore.ObjectStore: RawStore: org.apache.hadoop.hive.metastore.ObjectStore@338cc75f, with PersistenceManager: org.datanucleus.api.jdo.JDOPersistenceManager@396c1228 will be shutdown
2024-04-24T10:28:16,395  INFO [main] metastore.ObjectStore: RawStore: org.apache.hadoop.hive.metastore.ObjectStore@338cc75f, with PersistenceManager: org.datanucleus.api.jdo.JDOPersistenceManager@68af8288 created in the thread with id: 1
2024-04-24T10:28:16,397  INFO [main] metastore.HMSHandler: HMS server filtering is disabled by configuration
Hive Session ID = 6295b0e4-fc30-4849-83af-2176d4586646
2024-04-24T10:28:16,397  INFO [main] SessionState: Hive Session ID = 6295b0e4-fc30-4849-83af-2176d4586646
ivysettings.xml file not found in HIVE_HOME or HIVE_CONF_DIR,file:/home/alex/.m2/repository/org/apache/pig/pig/0.16.0/pig-0.16.0-h2.jar!/ivysettings.xml will be used
2024-04-24T10:28:16,397  INFO [main] DependencyResolver: ivysettings.xml file not found in HIVE_HOME or HIVE_CONF_DIR,file:/home/alex/.m2/repository/org/apache/pig/pig/0.16.0/pig-0.16.0-h2.jar!/ivysettings.xml will be used
2024-04-24T10:28:16,403  INFO [main] session.SessionState: Created HDFS directory: /home/alex/Repositories/hive/hcatalog/hcatalog-pig-adapter/target/tmp/scratchdir/alex/6295b0e4-fc30-4849-83af-2176d4586646
2024-04-24T10:28:16,405  INFO [main] session.SessionState: Created local directory: /home/alex/Repositories/hive/hcatalog/hcatalog-pig-adapter/target/tmp/localscratchdir/6295b0e4-fc30-4849-83af-2176d4586646
2024-04-24T10:28:16,407  INFO [main] session.SessionState: Created HDFS directory: /home/alex/Repositories/hive/hcatalog/hcatalog-pig-adapter/target/tmp/scratchdir/alex/6295b0e4-fc30-4849-83af-2176d4586646/_tmp_space.db
]]></system-err>
  </testcase>
  <testcase name="testWriteDate3[4]" classname="org.apache.hive.hcatalog.pig.TestHCatStorer" time="0">
    <skipped message="got: &lt;false&gt;, expected: is &lt;true&gt;"/>
    <system-err><![CDATA[2024-04-24T10:28:16,438  WARN [main] conf.HiveConf: HiveConf of name hive.metastore.metadb.dir does not exist
2024-04-24T10:28:16,438  WARN [main] conf.HiveConf: HiveConf of name hive.metastore.client.cache.maxSize does not exist
2024-04-24T10:28:16,438  WARN [main] conf.HiveConf: HiveConf of name hive.dummyparam.test.server.specific.config.hivesite does not exist
2024-04-24T10:28:16,438  WARN [main] conf.HiveConf: HiveConf of name hive.llap.io.cache.orc.alloc.max does not exist
2024-04-24T10:28:16,438  WARN [main] conf.HiveConf: HiveConf of name hive.dummyparam.test.server.specific.config.override does not exist
2024-04-24T10:28:16,438  WARN [main] conf.HiveConf: HiveConf of name hive.metastore.client.cache.recordStats does not exist
2024-04-24T10:28:16,438  WARN [main] conf.HiveConf: HiveConf of name hive.dummyparam.test.server.specific.config.metastoresite does not exist
2024-04-24T10:28:16,438  WARN [main] conf.HiveConf: HiveConf of name hive.llap.io.cache.orc.arena.size does not exist
2024-04-24T10:28:16,438  WARN [main] conf.HiveConf: HiveConf of name hive.stats.key.prefix.reserve.length does not exist
2024-04-24T10:28:16,438  WARN [main] conf.HiveConf: HiveConf of name hive.llap.io.cache.orc.alloc.min does not exist
2024-04-24T10:28:16,438  WARN [main] conf.HiveConf: HiveConf of name hive.llap.io.cache.orc.size does not exist
2024-04-24T10:28:16,439  INFO [main] metastore.HiveMetaStoreClient: HMS client filtering is enabled.
2024-04-24T10:28:16,439  INFO [main] metastore.PersistenceManagerProvider: Configuration datanucleus.autoStartMechanismMode is not set. Defaulting to 'ignored'
2024-04-24T10:28:16,440  INFO [main] metastore.ObjectStore: RawStore: org.apache.hadoop.hive.metastore.ObjectStore@338cc75f, with PersistenceManager: org.datanucleus.api.jdo.JDOPersistenceManager@68af8288 will be shutdown
2024-04-24T10:28:16,440  INFO [main] metastore.ObjectStore: RawStore: org.apache.hadoop.hive.metastore.ObjectStore@338cc75f, with PersistenceManager: org.datanucleus.api.jdo.JDOPersistenceManager@4440750 created in the thread with id: 1
2024-04-24T10:28:16,442  INFO [main] metastore.HMSHandler: HMS server filtering is disabled by configuration
Hive Session ID = bf429d09-fc3f-4822-8a38-1034d9abc574
2024-04-24T10:28:16,442  INFO [main] SessionState: Hive Session ID = bf429d09-fc3f-4822-8a38-1034d9abc574
ivysettings.xml file not found in HIVE_HOME or HIVE_CONF_DIR,file:/home/alex/.m2/repository/org/apache/pig/pig/0.16.0/pig-0.16.0-h2.jar!/ivysettings.xml will be used
2024-04-24T10:28:16,443  INFO [main] DependencyResolver: ivysettings.xml file not found in HIVE_HOME or HIVE_CONF_DIR,file:/home/alex/.m2/repository/org/apache/pig/pig/0.16.0/pig-0.16.0-h2.jar!/ivysettings.xml will be used
2024-04-24T10:28:16,448  INFO [main] session.SessionState: Created HDFS directory: /home/alex/Repositories/hive/hcatalog/hcatalog-pig-adapter/target/tmp/scratchdir/alex/bf429d09-fc3f-4822-8a38-1034d9abc574
2024-04-24T10:28:16,450  INFO [main] session.SessionState: Created local directory: /home/alex/Repositories/hive/hcatalog/hcatalog-pig-adapter/target/tmp/localscratchdir/bf429d09-fc3f-4822-8a38-1034d9abc574
2024-04-24T10:28:16,452  INFO [main] session.SessionState: Created HDFS directory: /home/alex/Repositories/hive/hcatalog/hcatalog-pig-adapter/target/tmp/scratchdir/alex/bf429d09-fc3f-4822-8a38-1034d9abc574/_tmp_space.db
]]></system-err>
  </testcase>
  <testcase name="testStoreInPartiitonedTbl[4]" classname="org.apache.hive.hcatalog.pig.TestHCatStorer" time="0">
    <skipped message="got: &lt;false&gt;, expected: is &lt;true&gt;"/>
    <system-err><![CDATA[2024-04-24T10:28:16,487  WARN [main] conf.HiveConf: HiveConf of name hive.dummyparam.test.server.specific.config.hivesite does not exist
2024-04-24T10:28:16,487  WARN [main] conf.HiveConf: HiveConf of name hive.dummyparam.test.server.specific.config.override does not exist
2024-04-24T10:28:16,487  WARN [main] conf.HiveConf: HiveConf of name hive.llap.io.cache.orc.arena.size does not exist
2024-04-24T10:28:16,487  WARN [main] conf.HiveConf: HiveConf of name hive.metastore.client.cache.maxSize does not exist
2024-04-24T10:28:16,487  WARN [main] conf.HiveConf: HiveConf of name hive.llap.io.cache.orc.alloc.min does not exist
2024-04-24T10:28:16,487  WARN [main] conf.HiveConf: HiveConf of name hive.llap.io.cache.orc.alloc.max does not exist
2024-04-24T10:28:16,487  WARN [main] conf.HiveConf: HiveConf of name hive.stats.key.prefix.reserve.length does not exist
2024-04-24T10:28:16,487  WARN [main] conf.HiveConf: HiveConf of name hive.metastore.metadb.dir does not exist
2024-04-24T10:28:16,487  WARN [main] conf.HiveConf: HiveConf of name hive.llap.io.cache.orc.size does not exist
2024-04-24T10:28:16,487  WARN [main] conf.HiveConf: HiveConf of name hive.metastore.client.cache.recordStats does not exist
2024-04-24T10:28:16,487  WARN [main] conf.HiveConf: HiveConf of name hive.dummyparam.test.server.specific.config.metastoresite does not exist
2024-04-24T10:28:16,489  INFO [main] metastore.HiveMetaStoreClient: HMS client filtering is enabled.
2024-04-24T10:28:16,489  INFO [main] metastore.PersistenceManagerProvider: Configuration datanucleus.autoStartMechanismMode is not set. Defaulting to 'ignored'
2024-04-24T10:28:16,489  INFO [main] metastore.ObjectStore: RawStore: org.apache.hadoop.hive.metastore.ObjectStore@338cc75f, with PersistenceManager: org.datanucleus.api.jdo.JDOPersistenceManager@4440750 will be shutdown
2024-04-24T10:28:16,489  INFO [main] metastore.ObjectStore: RawStore: org.apache.hadoop.hive.metastore.ObjectStore@338cc75f, with PersistenceManager: org.datanucleus.api.jdo.JDOPersistenceManager@796e2187 created in the thread with id: 1
2024-04-24T10:28:16,491  INFO [main] metastore.HMSHandler: HMS server filtering is disabled by configuration
Hive Session ID = fda64330-94e8-4764-939c-0ec2d63a688b
2024-04-24T10:28:16,492  INFO [main] SessionState: Hive Session ID = fda64330-94e8-4764-939c-0ec2d63a688b
ivysettings.xml file not found in HIVE_HOME or HIVE_CONF_DIR,file:/home/alex/.m2/repository/org/apache/pig/pig/0.16.0/pig-0.16.0-h2.jar!/ivysettings.xml will be used
2024-04-24T10:28:16,492  INFO [main] DependencyResolver: ivysettings.xml file not found in HIVE_HOME or HIVE_CONF_DIR,file:/home/alex/.m2/repository/org/apache/pig/pig/0.16.0/pig-0.16.0-h2.jar!/ivysettings.xml will be used
2024-04-24T10:28:16,497  INFO [main] session.SessionState: Created HDFS directory: /home/alex/Repositories/hive/hcatalog/hcatalog-pig-adapter/target/tmp/scratchdir/alex/fda64330-94e8-4764-939c-0ec2d63a688b
2024-04-24T10:28:16,499  INFO [main] session.SessionState: Created local directory: /home/alex/Repositories/hive/hcatalog/hcatalog-pig-adapter/target/tmp/localscratchdir/fda64330-94e8-4764-939c-0ec2d63a688b
2024-04-24T10:28:16,501  INFO [main] session.SessionState: Created HDFS directory: /home/alex/Repositories/hive/hcatalog/hcatalog-pig-adapter/target/tmp/scratchdir/alex/fda64330-94e8-4764-939c-0ec2d63a688b/_tmp_space.db
]]></system-err>
  </testcase>
  <testcase name="testWriteChar[4]" classname="org.apache.hive.hcatalog.pig.TestHCatStorer" time="0">
    <skipped message="got: &lt;false&gt;, expected: is &lt;true&gt;"/>
    <system-err><![CDATA[2024-04-24T10:28:16,536  WARN [main] conf.HiveConf: HiveConf of name hive.stats.key.prefix.reserve.length does not exist
2024-04-24T10:28:16,536  WARN [main] conf.HiveConf: HiveConf of name hive.metastore.client.cache.maxSize does not exist
2024-04-24T10:28:16,536  WARN [main] conf.HiveConf: HiveConf of name hive.metastore.metadb.dir does not exist
2024-04-24T10:28:16,536  WARN [main] conf.HiveConf: HiveConf of name hive.llap.io.cache.orc.size does not exist
2024-04-24T10:28:16,536  WARN [main] conf.HiveConf: HiveConf of name hive.dummyparam.test.server.specific.config.override does not exist
2024-04-24T10:28:16,536  WARN [main] conf.HiveConf: HiveConf of name hive.llap.io.cache.orc.alloc.min does not exist
2024-04-24T10:28:16,536  WARN [main] conf.HiveConf: HiveConf of name hive.dummyparam.test.server.specific.config.metastoresite does not exist
2024-04-24T10:28:16,536  WARN [main] conf.HiveConf: HiveConf of name hive.llap.io.cache.orc.alloc.max does not exist
2024-04-24T10:28:16,536  WARN [main] conf.HiveConf: HiveConf of name hive.llap.io.cache.orc.arena.size does not exist
2024-04-24T10:28:16,536  WARN [main] conf.HiveConf: HiveConf of name hive.dummyparam.test.server.specific.config.hivesite does not exist
2024-04-24T10:28:16,536  WARN [main] conf.HiveConf: HiveConf of name hive.metastore.client.cache.recordStats does not exist
2024-04-24T10:28:16,538  INFO [main] metastore.HiveMetaStoreClient: HMS client filtering is enabled.
2024-04-24T10:28:16,538  INFO [main] metastore.PersistenceManagerProvider: Configuration datanucleus.autoStartMechanismMode is not set. Defaulting to 'ignored'
2024-04-24T10:28:16,538  INFO [main] metastore.ObjectStore: RawStore: org.apache.hadoop.hive.metastore.ObjectStore@338cc75f, with PersistenceManager: org.datanucleus.api.jdo.JDOPersistenceManager@796e2187 will be shutdown
2024-04-24T10:28:16,538  INFO [main] metastore.ObjectStore: RawStore: org.apache.hadoop.hive.metastore.ObjectStore@338cc75f, with PersistenceManager: org.datanucleus.api.jdo.JDOPersistenceManager@6c3a7b84 created in the thread with id: 1
2024-04-24T10:28:16,540  INFO [main] metastore.HMSHandler: HMS server filtering is disabled by configuration
Hive Session ID = 83b6dcbb-d073-4a98-91d4-f65de416bc25
2024-04-24T10:28:16,540  INFO [main] SessionState: Hive Session ID = 83b6dcbb-d073-4a98-91d4-f65de416bc25
ivysettings.xml file not found in HIVE_HOME or HIVE_CONF_DIR,file:/home/alex/.m2/repository/org/apache/pig/pig/0.16.0/pig-0.16.0-h2.jar!/ivysettings.xml will be used
2024-04-24T10:28:16,541  INFO [main] DependencyResolver: ivysettings.xml file not found in HIVE_HOME or HIVE_CONF_DIR,file:/home/alex/.m2/repository/org/apache/pig/pig/0.16.0/pig-0.16.0-h2.jar!/ivysettings.xml will be used
2024-04-24T10:28:16,546  INFO [main] session.SessionState: Created HDFS directory: /home/alex/Repositories/hive/hcatalog/hcatalog-pig-adapter/target/tmp/scratchdir/alex/83b6dcbb-d073-4a98-91d4-f65de416bc25
2024-04-24T10:28:16,548  INFO [main] session.SessionState: Created local directory: /home/alex/Repositories/hive/hcatalog/hcatalog-pig-adapter/target/tmp/localscratchdir/83b6dcbb-d073-4a98-91d4-f65de416bc25
2024-04-24T10:28:16,550  INFO [main] session.SessionState: Created HDFS directory: /home/alex/Repositories/hive/hcatalog/hcatalog-pig-adapter/target/tmp/scratchdir/alex/83b6dcbb-d073-4a98-91d4-f65de416bc25/_tmp_space.db
]]></system-err>
  </testcase>
  <testcase name="testWriteDate[4]" classname="org.apache.hive.hcatalog.pig.TestHCatStorer" time="0">
    <skipped message="got: &lt;false&gt;, expected: is &lt;true&gt;"/>
    <system-err><![CDATA[2024-04-24T10:28:16,581  WARN [main] conf.HiveConf: HiveConf of name hive.stats.key.prefix.reserve.length does not exist
2024-04-24T10:28:16,581  WARN [main] conf.HiveConf: HiveConf of name hive.llap.io.cache.orc.alloc.min does not exist
2024-04-24T10:28:16,581  WARN [main] conf.HiveConf: HiveConf of name hive.dummyparam.test.server.specific.config.hivesite does not exist
2024-04-24T10:28:16,581  WARN [main] conf.HiveConf: HiveConf of name hive.llap.io.cache.orc.alloc.max does not exist
2024-04-24T10:28:16,581  WARN [main] conf.HiveConf: HiveConf of name hive.metastore.client.cache.recordStats does not exist
2024-04-24T10:28:16,581  WARN [main] conf.HiveConf: HiveConf of name hive.metastore.client.cache.maxSize does not exist
2024-04-24T10:28:16,581  WARN [main] conf.HiveConf: HiveConf of name hive.metastore.metadb.dir does not exist
2024-04-24T10:28:16,581  WARN [main] conf.HiveConf: HiveConf of name hive.llap.io.cache.orc.arena.size does not exist
2024-04-24T10:28:16,581  WARN [main] conf.HiveConf: HiveConf of name hive.llap.io.cache.orc.size does not exist
2024-04-24T10:28:16,581  WARN [main] conf.HiveConf: HiveConf of name hive.dummyparam.test.server.specific.config.override does not exist
2024-04-24T10:28:16,581  WARN [main] conf.HiveConf: HiveConf of name hive.dummyparam.test.server.specific.config.metastoresite does not exist
2024-04-24T10:28:16,582  INFO [main] metastore.HiveMetaStoreClient: HMS client filtering is enabled.
2024-04-24T10:28:16,583  INFO [main] metastore.PersistenceManagerProvider: Configuration datanucleus.autoStartMechanismMode is not set. Defaulting to 'ignored'
2024-04-24T10:28:16,583  INFO [main] metastore.ObjectStore: RawStore: org.apache.hadoop.hive.metastore.ObjectStore@338cc75f, with PersistenceManager: org.datanucleus.api.jdo.JDOPersistenceManager@6c3a7b84 will be shutdown
2024-04-24T10:28:16,583  INFO [main] metastore.ObjectStore: RawStore: org.apache.hadoop.hive.metastore.ObjectStore@338cc75f, with PersistenceManager: org.datanucleus.api.jdo.JDOPersistenceManager@694f0655 created in the thread with id: 1
2024-04-24T10:28:16,585  INFO [main] metastore.HMSHandler: HMS server filtering is disabled by configuration
Hive Session ID = 0693d074-be32-456e-b378-957c01448e43
2024-04-24T10:28:16,585  INFO [main] SessionState: Hive Session ID = 0693d074-be32-456e-b378-957c01448e43
ivysettings.xml file not found in HIVE_HOME or HIVE_CONF_DIR,file:/home/alex/.m2/repository/org/apache/pig/pig/0.16.0/pig-0.16.0-h2.jar!/ivysettings.xml will be used
2024-04-24T10:28:16,585  INFO [main] DependencyResolver: ivysettings.xml file not found in HIVE_HOME or HIVE_CONF_DIR,file:/home/alex/.m2/repository/org/apache/pig/pig/0.16.0/pig-0.16.0-h2.jar!/ivysettings.xml will be used
2024-04-24T10:28:16,591  INFO [main] session.SessionState: Created HDFS directory: /home/alex/Repositories/hive/hcatalog/hcatalog-pig-adapter/target/tmp/scratchdir/alex/0693d074-be32-456e-b378-957c01448e43
2024-04-24T10:28:16,593  INFO [main] session.SessionState: Created local directory: /home/alex/Repositories/hive/hcatalog/hcatalog-pig-adapter/target/tmp/localscratchdir/0693d074-be32-456e-b378-957c01448e43
2024-04-24T10:28:16,595  INFO [main] session.SessionState: Created HDFS directory: /home/alex/Repositories/hive/hcatalog/hcatalog-pig-adapter/target/tmp/scratchdir/alex/0693d074-be32-456e-b378-957c01448e43/_tmp_space.db
]]></system-err>
  </testcase>
  <testcase name="testWriteSmallint[4]" classname="org.apache.hive.hcatalog.pig.TestHCatStorer" time="0">
    <skipped message="got: &lt;false&gt;, expected: is &lt;true&gt;"/>
    <system-err><![CDATA[2024-04-24T10:28:16,625  WARN [main] conf.HiveConf: HiveConf of name hive.metastore.client.cache.maxSize does not exist
2024-04-24T10:28:16,625  WARN [main] conf.HiveConf: HiveConf of name hive.dummyparam.test.server.specific.config.hivesite does not exist
2024-04-24T10:28:16,625  WARN [main] conf.HiveConf: HiveConf of name hive.llap.io.cache.orc.size does not exist
2024-04-24T10:28:16,625  WARN [main] conf.HiveConf: HiveConf of name hive.dummyparam.test.server.specific.config.metastoresite does not exist
2024-04-24T10:28:16,625  WARN [main] conf.HiveConf: HiveConf of name hive.llap.io.cache.orc.arena.size does not exist
2024-04-24T10:28:16,626  WARN [main] conf.HiveConf: HiveConf of name hive.metastore.metadb.dir does not exist
2024-04-24T10:28:16,626  WARN [main] conf.HiveConf: HiveConf of name hive.llap.io.cache.orc.alloc.min does not exist
2024-04-24T10:28:16,626  WARN [main] conf.HiveConf: HiveConf of name hive.metastore.client.cache.recordStats does not exist
2024-04-24T10:28:16,626  WARN [main] conf.HiveConf: HiveConf of name hive.llap.io.cache.orc.alloc.max does not exist
2024-04-24T10:28:16,626  WARN [main] conf.HiveConf: HiveConf of name hive.dummyparam.test.server.specific.config.override does not exist
2024-04-24T10:28:16,626  WARN [main] conf.HiveConf: HiveConf of name hive.stats.key.prefix.reserve.length does not exist
2024-04-24T10:28:16,627  INFO [main] metastore.HiveMetaStoreClient: HMS client filtering is enabled.
2024-04-24T10:28:16,627  INFO [main] metastore.PersistenceManagerProvider: Configuration datanucleus.autoStartMechanismMode is not set. Defaulting to 'ignored'
2024-04-24T10:28:16,628  INFO [main] metastore.ObjectStore: RawStore: org.apache.hadoop.hive.metastore.ObjectStore@338cc75f, with PersistenceManager: org.datanucleus.api.jdo.JDOPersistenceManager@694f0655 will be shutdown
2024-04-24T10:28:16,628  INFO [main] metastore.ObjectStore: RawStore: org.apache.hadoop.hive.metastore.ObjectStore@338cc75f, with PersistenceManager: org.datanucleus.api.jdo.JDOPersistenceManager@2809e38a created in the thread with id: 1
2024-04-24T10:28:16,630  INFO [main] metastore.HMSHandler: HMS server filtering is disabled by configuration
Hive Session ID = b4810f2e-38e7-4304-83cc-1a9706e5d53a
2024-04-24T10:28:16,630  INFO [main] SessionState: Hive Session ID = b4810f2e-38e7-4304-83cc-1a9706e5d53a
ivysettings.xml file not found in HIVE_HOME or HIVE_CONF_DIR,file:/home/alex/.m2/repository/org/apache/pig/pig/0.16.0/pig-0.16.0-h2.jar!/ivysettings.xml will be used
2024-04-24T10:28:16,631  INFO [main] DependencyResolver: ivysettings.xml file not found in HIVE_HOME or HIVE_CONF_DIR,file:/home/alex/.m2/repository/org/apache/pig/pig/0.16.0/pig-0.16.0-h2.jar!/ivysettings.xml will be used
2024-04-24T10:28:16,636  INFO [main] session.SessionState: Created HDFS directory: /home/alex/Repositories/hive/hcatalog/hcatalog-pig-adapter/target/tmp/scratchdir/alex/b4810f2e-38e7-4304-83cc-1a9706e5d53a
2024-04-24T10:28:16,638  INFO [main] session.SessionState: Created local directory: /home/alex/Repositories/hive/hcatalog/hcatalog-pig-adapter/target/tmp/localscratchdir/b4810f2e-38e7-4304-83cc-1a9706e5d53a
2024-04-24T10:28:16,640  INFO [main] session.SessionState: Created HDFS directory: /home/alex/Repositories/hive/hcatalog/hcatalog-pig-adapter/target/tmp/scratchdir/alex/b4810f2e-38e7-4304-83cc-1a9706e5d53a/_tmp_space.db
]]></system-err>
  </testcase>
  <testcase name="testDynamicPartitioningMultiPartColsNoDataInDataNoSpec[4]" classname="org.apache.hive.hcatalog.pig.TestHCatStorer" time="0">
    <skipped message="got: &lt;false&gt;, expected: is &lt;true&gt;"/>
    <system-err><![CDATA[2024-04-24T10:28:16,672  WARN [main] conf.HiveConf: HiveConf of name hive.dummyparam.test.server.specific.config.override does not exist
2024-04-24T10:28:16,672  WARN [main] conf.HiveConf: HiveConf of name hive.llap.io.cache.orc.alloc.min does not exist
2024-04-24T10:28:16,672  WARN [main] conf.HiveConf: HiveConf of name hive.llap.io.cache.orc.size does not exist
2024-04-24T10:28:16,672  WARN [main] conf.HiveConf: HiveConf of name hive.metastore.metadb.dir does not exist
2024-04-24T10:28:16,672  WARN [main] conf.HiveConf: HiveConf of name hive.dummyparam.test.server.specific.config.hivesite does not exist
2024-04-24T10:28:16,672  WARN [main] conf.HiveConf: HiveConf of name hive.llap.io.cache.orc.alloc.max does not exist
2024-04-24T10:28:16,672  WARN [main] conf.HiveConf: HiveConf of name hive.stats.key.prefix.reserve.length does not exist
2024-04-24T10:28:16,673  WARN [main] conf.HiveConf: HiveConf of name hive.metastore.client.cache.maxSize does not exist
2024-04-24T10:28:16,673  WARN [main] conf.HiveConf: HiveConf of name hive.llap.io.cache.orc.arena.size does not exist
2024-04-24T10:28:16,673  WARN [main] conf.HiveConf: HiveConf of name hive.metastore.client.cache.recordStats does not exist
2024-04-24T10:28:16,673  WARN [main] conf.HiveConf: HiveConf of name hive.dummyparam.test.server.specific.config.metastoresite does not exist
2024-04-24T10:28:16,674  INFO [main] metastore.HiveMetaStoreClient: HMS client filtering is enabled.
2024-04-24T10:28:16,675  INFO [main] metastore.PersistenceManagerProvider: Configuration datanucleus.autoStartMechanismMode is not set. Defaulting to 'ignored'
2024-04-24T10:28:16,675  INFO [main] metastore.ObjectStore: RawStore: org.apache.hadoop.hive.metastore.ObjectStore@338cc75f, with PersistenceManager: org.datanucleus.api.jdo.JDOPersistenceManager@2809e38a will be shutdown
2024-04-24T10:28:16,675  INFO [main] metastore.ObjectStore: RawStore: org.apache.hadoop.hive.metastore.ObjectStore@338cc75f, with PersistenceManager: org.datanucleus.api.jdo.JDOPersistenceManager@7e58b0f6 created in the thread with id: 1
2024-04-24T10:28:16,678  INFO [main] metastore.HMSHandler: HMS server filtering is disabled by configuration
Hive Session ID = 2460a927-671d-46bf-ab60-95e0b2f28d2e
2024-04-24T10:28:16,678  INFO [main] SessionState: Hive Session ID = 2460a927-671d-46bf-ab60-95e0b2f28d2e
ivysettings.xml file not found in HIVE_HOME or HIVE_CONF_DIR,file:/home/alex/.m2/repository/org/apache/pig/pig/0.16.0/pig-0.16.0-h2.jar!/ivysettings.xml will be used
2024-04-24T10:28:16,679  INFO [main] DependencyResolver: ivysettings.xml file not found in HIVE_HOME or HIVE_CONF_DIR,file:/home/alex/.m2/repository/org/apache/pig/pig/0.16.0/pig-0.16.0-h2.jar!/ivysettings.xml will be used
2024-04-24T10:28:16,684  INFO [main] session.SessionState: Created HDFS directory: /home/alex/Repositories/hive/hcatalog/hcatalog-pig-adapter/target/tmp/scratchdir/alex/2460a927-671d-46bf-ab60-95e0b2f28d2e
2024-04-24T10:28:16,687  INFO [main] session.SessionState: Created local directory: /home/alex/Repositories/hive/hcatalog/hcatalog-pig-adapter/target/tmp/localscratchdir/2460a927-671d-46bf-ab60-95e0b2f28d2e
2024-04-24T10:28:16,690  INFO [main] session.SessionState: Created HDFS directory: /home/alex/Repositories/hive/hcatalog/hcatalog-pig-adapter/target/tmp/scratchdir/alex/2460a927-671d-46bf-ab60-95e0b2f28d2e/_tmp_space.db
]]></system-err>
  </testcase>
  <testcase name="testWriteVarchar[4]" classname="org.apache.hive.hcatalog.pig.TestHCatStorer" time="0">
    <skipped message="got: &lt;false&gt;, expected: is &lt;true&gt;"/>
    <system-err><![CDATA[2024-04-24T10:28:16,721  WARN [main] conf.HiveConf: HiveConf of name hive.metastore.client.cache.recordStats does not exist
2024-04-24T10:28:16,721  WARN [main] conf.HiveConf: HiveConf of name hive.metastore.client.cache.maxSize does not exist
2024-04-24T10:28:16,721  WARN [main] conf.HiveConf: HiveConf of name hive.llap.io.cache.orc.arena.size does not exist
2024-04-24T10:28:16,721  WARN [main] conf.HiveConf: HiveConf of name hive.llap.io.cache.orc.alloc.min does not exist
2024-04-24T10:28:16,721  WARN [main] conf.HiveConf: HiveConf of name hive.stats.key.prefix.reserve.length does not exist
2024-04-24T10:28:16,721  WARN [main] conf.HiveConf: HiveConf of name hive.llap.io.cache.orc.alloc.max does not exist
2024-04-24T10:28:16,721  WARN [main] conf.HiveConf: HiveConf of name hive.metastore.metadb.dir does not exist
2024-04-24T10:28:16,721  WARN [main] conf.HiveConf: HiveConf of name hive.dummyparam.test.server.specific.config.hivesite does not exist
2024-04-24T10:28:16,721  WARN [main] conf.HiveConf: HiveConf of name hive.dummyparam.test.server.specific.config.metastoresite does not exist
2024-04-24T10:28:16,721  WARN [main] conf.HiveConf: HiveConf of name hive.llap.io.cache.orc.size does not exist
2024-04-24T10:28:16,721  WARN [main] conf.HiveConf: HiveConf of name hive.dummyparam.test.server.specific.config.override does not exist
2024-04-24T10:28:16,723  INFO [main] metastore.HiveMetaStoreClient: HMS client filtering is enabled.
2024-04-24T10:28:16,723  INFO [main] metastore.PersistenceManagerProvider: Configuration datanucleus.autoStartMechanismMode is not set. Defaulting to 'ignored'
2024-04-24T10:28:16,723  INFO [main] metastore.ObjectStore: RawStore: org.apache.hadoop.hive.metastore.ObjectStore@338cc75f, with PersistenceManager: org.datanucleus.api.jdo.JDOPersistenceManager@7e58b0f6 will be shutdown
2024-04-24T10:28:16,724  INFO [main] metastore.ObjectStore: RawStore: org.apache.hadoop.hive.metastore.ObjectStore@338cc75f, with PersistenceManager: org.datanucleus.api.jdo.JDOPersistenceManager@6ac4f31d created in the thread with id: 1
2024-04-24T10:28:16,726  INFO [main] metastore.HMSHandler: HMS server filtering is disabled by configuration
Hive Session ID = 9a944c82-0b35-4e43-a4db-e9c9d4ed6ba0
2024-04-24T10:28:16,726  INFO [main] SessionState: Hive Session ID = 9a944c82-0b35-4e43-a4db-e9c9d4ed6ba0
ivysettings.xml file not found in HIVE_HOME or HIVE_CONF_DIR,file:/home/alex/.m2/repository/org/apache/pig/pig/0.16.0/pig-0.16.0-h2.jar!/ivysettings.xml will be used
2024-04-24T10:28:16,726  INFO [main] DependencyResolver: ivysettings.xml file not found in HIVE_HOME or HIVE_CONF_DIR,file:/home/alex/.m2/repository/org/apache/pig/pig/0.16.0/pig-0.16.0-h2.jar!/ivysettings.xml will be used
2024-04-24T10:28:16,731  INFO [main] session.SessionState: Created HDFS directory: /home/alex/Repositories/hive/hcatalog/hcatalog-pig-adapter/target/tmp/scratchdir/alex/9a944c82-0b35-4e43-a4db-e9c9d4ed6ba0
2024-04-24T10:28:16,734  INFO [main] session.SessionState: Created local directory: /home/alex/Repositories/hive/hcatalog/hcatalog-pig-adapter/target/tmp/localscratchdir/9a944c82-0b35-4e43-a4db-e9c9d4ed6ba0
2024-04-24T10:28:16,736  INFO [main] session.SessionState: Created HDFS directory: /home/alex/Repositories/hive/hcatalog/hcatalog-pig-adapter/target/tmp/scratchdir/alex/9a944c82-0b35-4e43-a4db-e9c9d4ed6ba0/_tmp_space.db
]]></system-err>
  </testcase>
  <testcase name="testBagNStruct[4]" classname="org.apache.hive.hcatalog.pig.TestHCatStorer" time="0">
    <skipped message="got: &lt;false&gt;, expected: is &lt;true&gt;"/>
    <system-err><![CDATA[2024-04-24T10:28:16,766  WARN [main] conf.HiveConf: HiveConf of name hive.llap.io.cache.orc.alloc.max does not exist
2024-04-24T10:28:16,766  WARN [main] conf.HiveConf: HiveConf of name hive.metastore.client.cache.recordStats does not exist
2024-04-24T10:28:16,766  WARN [main] conf.HiveConf: HiveConf of name hive.metastore.metadb.dir does not exist
2024-04-24T10:28:16,766  WARN [main] conf.HiveConf: HiveConf of name hive.dummyparam.test.server.specific.config.override does not exist
2024-04-24T10:28:16,766  WARN [main] conf.HiveConf: HiveConf of name hive.dummyparam.test.server.specific.config.hivesite does not exist
2024-04-24T10:28:16,766  WARN [main] conf.HiveConf: HiveConf of name hive.llap.io.cache.orc.size does not exist
2024-04-24T10:28:16,766  WARN [main] conf.HiveConf: HiveConf of name hive.llap.io.cache.orc.alloc.min does not exist
2024-04-24T10:28:16,766  WARN [main] conf.HiveConf: HiveConf of name hive.llap.io.cache.orc.arena.size does not exist
2024-04-24T10:28:16,766  WARN [main] conf.HiveConf: HiveConf of name hive.metastore.client.cache.maxSize does not exist
2024-04-24T10:28:16,766  WARN [main] conf.HiveConf: HiveConf of name hive.stats.key.prefix.reserve.length does not exist
2024-04-24T10:28:16,766  WARN [main] conf.HiveConf: HiveConf of name hive.dummyparam.test.server.specific.config.metastoresite does not exist
2024-04-24T10:28:16,768  INFO [main] metastore.HiveMetaStoreClient: HMS client filtering is enabled.
2024-04-24T10:28:16,768  INFO [main] metastore.PersistenceManagerProvider: Configuration datanucleus.autoStartMechanismMode is not set. Defaulting to 'ignored'
2024-04-24T10:28:16,768  INFO [main] metastore.ObjectStore: RawStore: org.apache.hadoop.hive.metastore.ObjectStore@338cc75f, with PersistenceManager: org.datanucleus.api.jdo.JDOPersistenceManager@6ac4f31d will be shutdown
2024-04-24T10:28:16,768  INFO [main] metastore.ObjectStore: RawStore: org.apache.hadoop.hive.metastore.ObjectStore@338cc75f, with PersistenceManager: org.datanucleus.api.jdo.JDOPersistenceManager@1f3dafd4 created in the thread with id: 1
2024-04-24T10:28:16,770  INFO [main] metastore.HMSHandler: HMS server filtering is disabled by configuration
Hive Session ID = 54957221-4239-4fa0-aad4-7c33559b4dcf
2024-04-24T10:28:16,770  INFO [main] SessionState: Hive Session ID = 54957221-4239-4fa0-aad4-7c33559b4dcf
ivysettings.xml file not found in HIVE_HOME or HIVE_CONF_DIR,file:/home/alex/.m2/repository/org/apache/pig/pig/0.16.0/pig-0.16.0-h2.jar!/ivysettings.xml will be used
2024-04-24T10:28:16,771  INFO [main] DependencyResolver: ivysettings.xml file not found in HIVE_HOME or HIVE_CONF_DIR,file:/home/alex/.m2/repository/org/apache/pig/pig/0.16.0/pig-0.16.0-h2.jar!/ivysettings.xml will be used
2024-04-24T10:28:16,776  INFO [main] session.SessionState: Created HDFS directory: /home/alex/Repositories/hive/hcatalog/hcatalog-pig-adapter/target/tmp/scratchdir/alex/54957221-4239-4fa0-aad4-7c33559b4dcf
2024-04-24T10:28:16,778  INFO [main] session.SessionState: Created local directory: /home/alex/Repositories/hive/hcatalog/hcatalog-pig-adapter/target/tmp/localscratchdir/54957221-4239-4fa0-aad4-7c33559b4dcf
2024-04-24T10:28:16,781  INFO [main] session.SessionState: Created HDFS directory: /home/alex/Repositories/hive/hcatalog/hcatalog-pig-adapter/target/tmp/scratchdir/alex/54957221-4239-4fa0-aad4-7c33559b4dcf/_tmp_space.db
]]></system-err>
  </testcase>
  <testcase name="testStaticPartitioningMultiPartCols[4]" classname="org.apache.hive.hcatalog.pig.TestHCatStorer" time="0">
    <skipped message="got: &lt;false&gt;, expected: is &lt;true&gt;"/>
    <system-err><![CDATA[2024-04-24T10:28:16,811  WARN [main] conf.HiveConf: HiveConf of name hive.metastore.metadb.dir does not exist
2024-04-24T10:28:16,811  WARN [main] conf.HiveConf: HiveConf of name hive.llap.io.cache.orc.size does not exist
2024-04-24T10:28:16,811  WARN [main] conf.HiveConf: HiveConf of name hive.metastore.client.cache.recordStats does not exist
2024-04-24T10:28:16,811  WARN [main] conf.HiveConf: HiveConf of name hive.metastore.client.cache.maxSize does not exist
2024-04-24T10:28:16,811  WARN [main] conf.HiveConf: HiveConf of name hive.dummyparam.test.server.specific.config.metastoresite does not exist
2024-04-24T10:28:16,811  WARN [main] conf.HiveConf: HiveConf of name hive.dummyparam.test.server.specific.config.override does not exist
2024-04-24T10:28:16,811  WARN [main] conf.HiveConf: HiveConf of name hive.llap.io.cache.orc.alloc.min does not exist
2024-04-24T10:28:16,812  WARN [main] conf.HiveConf: HiveConf of name hive.stats.key.prefix.reserve.length does not exist
2024-04-24T10:28:16,812  WARN [main] conf.HiveConf: HiveConf of name hive.dummyparam.test.server.specific.config.hivesite does not exist
2024-04-24T10:28:16,812  WARN [main] conf.HiveConf: HiveConf of name hive.llap.io.cache.orc.alloc.max does not exist
2024-04-24T10:28:16,812  WARN [main] conf.HiveConf: HiveConf of name hive.llap.io.cache.orc.arena.size does not exist
2024-04-24T10:28:16,813  INFO [main] metastore.HiveMetaStoreClient: HMS client filtering is enabled.
2024-04-24T10:28:16,813  INFO [main] metastore.PersistenceManagerProvider: Configuration datanucleus.autoStartMechanismMode is not set. Defaulting to 'ignored'
2024-04-24T10:28:16,813  INFO [main] metastore.ObjectStore: RawStore: org.apache.hadoop.hive.metastore.ObjectStore@338cc75f, with PersistenceManager: org.datanucleus.api.jdo.JDOPersistenceManager@1f3dafd4 will be shutdown
2024-04-24T10:28:16,814  INFO [main] metastore.ObjectStore: RawStore: org.apache.hadoop.hive.metastore.ObjectStore@338cc75f, with PersistenceManager: org.datanucleus.api.jdo.JDOPersistenceManager@6fe77a97 created in the thread with id: 1
2024-04-24T10:28:16,815  INFO [main] metastore.HMSHandler: HMS server filtering is disabled by configuration
Hive Session ID = dddb46dc-0ee9-4654-b242-109af9adcdda
2024-04-24T10:28:16,816  INFO [main] SessionState: Hive Session ID = dddb46dc-0ee9-4654-b242-109af9adcdda
ivysettings.xml file not found in HIVE_HOME or HIVE_CONF_DIR,file:/home/alex/.m2/repository/org/apache/pig/pig/0.16.0/pig-0.16.0-h2.jar!/ivysettings.xml will be used
2024-04-24T10:28:16,816  INFO [main] DependencyResolver: ivysettings.xml file not found in HIVE_HOME or HIVE_CONF_DIR,file:/home/alex/.m2/repository/org/apache/pig/pig/0.16.0/pig-0.16.0-h2.jar!/ivysettings.xml will be used
2024-04-24T10:28:16,821  INFO [main] session.SessionState: Created HDFS directory: /home/alex/Repositories/hive/hcatalog/hcatalog-pig-adapter/target/tmp/scratchdir/alex/dddb46dc-0ee9-4654-b242-109af9adcdda
2024-04-24T10:28:16,823  INFO [main] session.SessionState: Created local directory: /home/alex/Repositories/hive/hcatalog/hcatalog-pig-adapter/target/tmp/localscratchdir/dddb46dc-0ee9-4654-b242-109af9adcdda
2024-04-24T10:28:16,825  INFO [main] session.SessionState: Created HDFS directory: /home/alex/Repositories/hive/hcatalog/hcatalog-pig-adapter/target/tmp/scratchdir/alex/dddb46dc-0ee9-4654-b242-109af9adcdda/_tmp_space.db
]]></system-err>
  </testcase>
  <testcase name="testPartColsInData[4]" classname="org.apache.hive.hcatalog.pig.TestHCatStorer" time="0">
    <skipped message="got: &lt;false&gt;, expected: is &lt;true&gt;"/>
    <system-err><![CDATA[2024-04-24T10:28:16,855  WARN [main] conf.HiveConf: HiveConf of name hive.llap.io.cache.orc.alloc.min does not exist
2024-04-24T10:28:16,855  WARN [main] conf.HiveConf: HiveConf of name hive.dummyparam.test.server.specific.config.override does not exist
2024-04-24T10:28:16,856  WARN [main] conf.HiveConf: HiveConf of name hive.metastore.client.cache.maxSize does not exist
2024-04-24T10:28:16,856  WARN [main] conf.HiveConf: HiveConf of name hive.llap.io.cache.orc.arena.size does not exist
2024-04-24T10:28:16,856  WARN [main] conf.HiveConf: HiveConf of name hive.stats.key.prefix.reserve.length does not exist
2024-04-24T10:28:16,856  WARN [main] conf.HiveConf: HiveConf of name hive.metastore.metadb.dir does not exist
2024-04-24T10:28:16,856  WARN [main] conf.HiveConf: HiveConf of name hive.llap.io.cache.orc.size does not exist
2024-04-24T10:28:16,856  WARN [main] conf.HiveConf: HiveConf of name hive.metastore.client.cache.recordStats does not exist
2024-04-24T10:28:16,856  WARN [main] conf.HiveConf: HiveConf of name hive.dummyparam.test.server.specific.config.metastoresite does not exist
2024-04-24T10:28:16,856  WARN [main] conf.HiveConf: HiveConf of name hive.llap.io.cache.orc.alloc.max does not exist
2024-04-24T10:28:16,856  WARN [main] conf.HiveConf: HiveConf of name hive.dummyparam.test.server.specific.config.hivesite does not exist
2024-04-24T10:28:16,857  INFO [main] metastore.HiveMetaStoreClient: HMS client filtering is enabled.
2024-04-24T10:28:16,857  INFO [main] metastore.PersistenceManagerProvider: Configuration datanucleus.autoStartMechanismMode is not set. Defaulting to 'ignored'
2024-04-24T10:28:16,857  INFO [main] metastore.ObjectStore: RawStore: org.apache.hadoop.hive.metastore.ObjectStore@338cc75f, with PersistenceManager: org.datanucleus.api.jdo.JDOPersistenceManager@6fe77a97 will be shutdown
2024-04-24T10:28:16,858  INFO [main] metastore.ObjectStore: RawStore: org.apache.hadoop.hive.metastore.ObjectStore@338cc75f, with PersistenceManager: org.datanucleus.api.jdo.JDOPersistenceManager@6b9fc5c7 created in the thread with id: 1
2024-04-24T10:28:16,860  INFO [main] metastore.HMSHandler: HMS server filtering is disabled by configuration
Hive Session ID = 397d6b57-54c4-46c7-b489-bcdc34f09426
2024-04-24T10:28:16,861  INFO [main] SessionState: Hive Session ID = 397d6b57-54c4-46c7-b489-bcdc34f09426
ivysettings.xml file not found in HIVE_HOME or HIVE_CONF_DIR,file:/home/alex/.m2/repository/org/apache/pig/pig/0.16.0/pig-0.16.0-h2.jar!/ivysettings.xml will be used
2024-04-24T10:28:16,861  INFO [main] DependencyResolver: ivysettings.xml file not found in HIVE_HOME or HIVE_CONF_DIR,file:/home/alex/.m2/repository/org/apache/pig/pig/0.16.0/pig-0.16.0-h2.jar!/ivysettings.xml will be used
2024-04-24T10:28:16,866  INFO [main] session.SessionState: Created HDFS directory: /home/alex/Repositories/hive/hcatalog/hcatalog-pig-adapter/target/tmp/scratchdir/alex/397d6b57-54c4-46c7-b489-bcdc34f09426
2024-04-24T10:28:16,868  INFO [main] session.SessionState: Created local directory: /home/alex/Repositories/hive/hcatalog/hcatalog-pig-adapter/target/tmp/localscratchdir/397d6b57-54c4-46c7-b489-bcdc34f09426
2024-04-24T10:28:16,870  INFO [main] session.SessionState: Created HDFS directory: /home/alex/Repositories/hive/hcatalog/hcatalog-pig-adapter/target/tmp/scratchdir/alex/397d6b57-54c4-46c7-b489-bcdc34f09426/_tmp_space.db
]]></system-err>
  </testcase>
  <testcase name="testStoreWithNoCtorArgs[4]" classname="org.apache.hive.hcatalog.pig.TestHCatStorer" time="0">
    <skipped message="got: &lt;false&gt;, expected: is &lt;true&gt;"/>
    <system-err><![CDATA[2024-04-24T10:28:16,901  WARN [main] conf.HiveConf: HiveConf of name hive.dummyparam.test.server.specific.config.metastoresite does not exist
2024-04-24T10:28:16,901  WARN [main] conf.HiveConf: HiveConf of name hive.llap.io.cache.orc.alloc.min does not exist
2024-04-24T10:28:16,901  WARN [main] conf.HiveConf: HiveConf of name hive.stats.key.prefix.reserve.length does not exist
2024-04-24T10:28:16,901  WARN [main] conf.HiveConf: HiveConf of name hive.llap.io.cache.orc.size does not exist
2024-04-24T10:28:16,901  WARN [main] conf.HiveConf: HiveConf of name hive.dummyparam.test.server.specific.config.hivesite does not exist
2024-04-24T10:28:16,901  WARN [main] conf.HiveConf: HiveConf of name hive.metastore.client.cache.recordStats does not exist
2024-04-24T10:28:16,901  WARN [main] conf.HiveConf: HiveConf of name hive.dummyparam.test.server.specific.config.override does not exist
2024-04-24T10:28:16,901  WARN [main] conf.HiveConf: HiveConf of name hive.metastore.metadb.dir does not exist
2024-04-24T10:28:16,901  WARN [main] conf.HiveConf: HiveConf of name hive.metastore.client.cache.maxSize does not exist
2024-04-24T10:28:16,901  WARN [main] conf.HiveConf: HiveConf of name hive.llap.io.cache.orc.alloc.max does not exist
2024-04-24T10:28:16,901  WARN [main] conf.HiveConf: HiveConf of name hive.llap.io.cache.orc.arena.size does not exist
2024-04-24T10:28:16,902  INFO [main] metastore.HiveMetaStoreClient: HMS client filtering is enabled.
2024-04-24T10:28:16,902  INFO [main] metastore.PersistenceManagerProvider: Configuration datanucleus.autoStartMechanismMode is not set. Defaulting to 'ignored'
2024-04-24T10:28:16,902  INFO [main] metastore.ObjectStore: RawStore: org.apache.hadoop.hive.metastore.ObjectStore@338cc75f, with PersistenceManager: org.datanucleus.api.jdo.JDOPersistenceManager@6b9fc5c7 will be shutdown
2024-04-24T10:28:16,903  INFO [main] metastore.ObjectStore: RawStore: org.apache.hadoop.hive.metastore.ObjectStore@338cc75f, with PersistenceManager: org.datanucleus.api.jdo.JDOPersistenceManager@22f7bf36 created in the thread with id: 1
2024-04-24T10:28:16,905  INFO [main] metastore.HMSHandler: HMS server filtering is disabled by configuration
Hive Session ID = aaa28b19-ea41-4bfd-9a5a-344b7fc3588e
2024-04-24T10:28:16,905  INFO [main] SessionState: Hive Session ID = aaa28b19-ea41-4bfd-9a5a-344b7fc3588e
ivysettings.xml file not found in HIVE_HOME or HIVE_CONF_DIR,file:/home/alex/.m2/repository/org/apache/pig/pig/0.16.0/pig-0.16.0-h2.jar!/ivysettings.xml will be used
2024-04-24T10:28:16,905  INFO [main] DependencyResolver: ivysettings.xml file not found in HIVE_HOME or HIVE_CONF_DIR,file:/home/alex/.m2/repository/org/apache/pig/pig/0.16.0/pig-0.16.0-h2.jar!/ivysettings.xml will be used
2024-04-24T10:28:16,910  INFO [main] session.SessionState: Created HDFS directory: /home/alex/Repositories/hive/hcatalog/hcatalog-pig-adapter/target/tmp/scratchdir/alex/aaa28b19-ea41-4bfd-9a5a-344b7fc3588e
2024-04-24T10:28:16,912  INFO [main] session.SessionState: Created local directory: /home/alex/Repositories/hive/hcatalog/hcatalog-pig-adapter/target/tmp/localscratchdir/aaa28b19-ea41-4bfd-9a5a-344b7fc3588e
2024-04-24T10:28:16,914  INFO [main] session.SessionState: Created HDFS directory: /home/alex/Repositories/hive/hcatalog/hcatalog-pig-adapter/target/tmp/scratchdir/alex/aaa28b19-ea41-4bfd-9a5a-344b7fc3588e/_tmp_space.db
]]></system-err>
  </testcase>
  <testcase name="testWriteDecimalX[4]" classname="org.apache.hive.hcatalog.pig.TestHCatStorer" time="0">
    <skipped message="got: &lt;false&gt;, expected: is &lt;true&gt;"/>
    <system-err><![CDATA[2024-04-24T10:28:16,944  WARN [main] conf.HiveConf: HiveConf of name hive.llap.io.cache.orc.alloc.min does not exist
2024-04-24T10:28:16,944  WARN [main] conf.HiveConf: HiveConf of name hive.metastore.client.cache.recordStats does not exist
2024-04-24T10:28:16,944  WARN [main] conf.HiveConf: HiveConf of name hive.dummyparam.test.server.specific.config.hivesite does not exist
2024-04-24T10:28:16,944  WARN [main] conf.HiveConf: HiveConf of name hive.metastore.client.cache.maxSize does not exist
2024-04-24T10:28:16,944  WARN [main] conf.HiveConf: HiveConf of name hive.stats.key.prefix.reserve.length does not exist
2024-04-24T10:28:16,944  WARN [main] conf.HiveConf: HiveConf of name hive.llap.io.cache.orc.alloc.max does not exist
2024-04-24T10:28:16,945  WARN [main] conf.HiveConf: HiveConf of name hive.dummyparam.test.server.specific.config.metastoresite does not exist
2024-04-24T10:28:16,945  WARN [main] conf.HiveConf: HiveConf of name hive.metastore.metadb.dir does not exist
2024-04-24T10:28:16,945  WARN [main] conf.HiveConf: HiveConf of name hive.dummyparam.test.server.specific.config.override does not exist
2024-04-24T10:28:16,945  WARN [main] conf.HiveConf: HiveConf of name hive.llap.io.cache.orc.size does not exist
2024-04-24T10:28:16,945  WARN [main] conf.HiveConf: HiveConf of name hive.llap.io.cache.orc.arena.size does not exist
2024-04-24T10:28:16,946  INFO [main] metastore.HiveMetaStoreClient: HMS client filtering is enabled.
2024-04-24T10:28:16,946  INFO [main] metastore.PersistenceManagerProvider: Configuration datanucleus.autoStartMechanismMode is not set. Defaulting to 'ignored'
2024-04-24T10:28:16,946  INFO [main] metastore.ObjectStore: RawStore: org.apache.hadoop.hive.metastore.ObjectStore@338cc75f, with PersistenceManager: org.datanucleus.api.jdo.JDOPersistenceManager@22f7bf36 will be shutdown
2024-04-24T10:28:16,947  INFO [main] metastore.ObjectStore: RawStore: org.apache.hadoop.hive.metastore.ObjectStore@338cc75f, with PersistenceManager: org.datanucleus.api.jdo.JDOPersistenceManager@47cf65f1 created in the thread with id: 1
2024-04-24T10:28:16,948  INFO [main] metastore.HMSHandler: HMS server filtering is disabled by configuration
Hive Session ID = c2291799-6dae-4c5d-a164-1a43f76afe60
2024-04-24T10:28:16,949  INFO [main] SessionState: Hive Session ID = c2291799-6dae-4c5d-a164-1a43f76afe60
ivysettings.xml file not found in HIVE_HOME or HIVE_CONF_DIR,file:/home/alex/.m2/repository/org/apache/pig/pig/0.16.0/pig-0.16.0-h2.jar!/ivysettings.xml will be used
2024-04-24T10:28:16,949  INFO [main] DependencyResolver: ivysettings.xml file not found in HIVE_HOME or HIVE_CONF_DIR,file:/home/alex/.m2/repository/org/apache/pig/pig/0.16.0/pig-0.16.0-h2.jar!/ivysettings.xml will be used
2024-04-24T10:28:16,954  INFO [main] session.SessionState: Created HDFS directory: /home/alex/Repositories/hive/hcatalog/hcatalog-pig-adapter/target/tmp/scratchdir/alex/c2291799-6dae-4c5d-a164-1a43f76afe60
2024-04-24T10:28:16,957  INFO [main] session.SessionState: Created local directory: /home/alex/Repositories/hive/hcatalog/hcatalog-pig-adapter/target/tmp/localscratchdir/c2291799-6dae-4c5d-a164-1a43f76afe60
2024-04-24T10:28:16,959  INFO [main] session.SessionState: Created HDFS directory: /home/alex/Repositories/hive/hcatalog/hcatalog-pig-adapter/target/tmp/scratchdir/alex/c2291799-6dae-4c5d-a164-1a43f76afe60/_tmp_space.db
]]></system-err>
  </testcase>
  <testcase name="testDateCharTypes[4]" classname="org.apache.hive.hcatalog.pig.TestHCatStorer" time="0">
    <skipped message="got: &lt;false&gt;, expected: is &lt;true&gt;"/>
    <system-err><![CDATA[2024-04-24T10:28:16,990  WARN [main] conf.HiveConf: HiveConf of name hive.llap.io.cache.orc.alloc.max does not exist
2024-04-24T10:28:16,990  WARN [main] conf.HiveConf: HiveConf of name hive.dummyparam.test.server.specific.config.hivesite does not exist
2024-04-24T10:28:16,990  WARN [main] conf.HiveConf: HiveConf of name hive.dummyparam.test.server.specific.config.metastoresite does not exist
2024-04-24T10:28:16,990  WARN [main] conf.HiveConf: HiveConf of name hive.stats.key.prefix.reserve.length does not exist
2024-04-24T10:28:16,990  WARN [main] conf.HiveConf: HiveConf of name hive.llap.io.cache.orc.size does not exist
2024-04-24T10:28:16,990  WARN [main] conf.HiveConf: HiveConf of name hive.metastore.metadb.dir does not exist
2024-04-24T10:28:16,990  WARN [main] conf.HiveConf: HiveConf of name hive.dummyparam.test.server.specific.config.override does not exist
2024-04-24T10:28:16,991  WARN [main] conf.HiveConf: HiveConf of name hive.metastore.client.cache.recordStats does not exist
2024-04-24T10:28:16,991  WARN [main] conf.HiveConf: HiveConf of name hive.llap.io.cache.orc.arena.size does not exist
2024-04-24T10:28:16,991  WARN [main] conf.HiveConf: HiveConf of name hive.metastore.client.cache.maxSize does not exist
2024-04-24T10:28:16,991  WARN [main] conf.HiveConf: HiveConf of name hive.llap.io.cache.orc.alloc.min does not exist
2024-04-24T10:28:16,992  INFO [main] metastore.HiveMetaStoreClient: HMS client filtering is enabled.
2024-04-24T10:28:16,992  INFO [main] metastore.PersistenceManagerProvider: Configuration datanucleus.autoStartMechanismMode is not set. Defaulting to 'ignored'
2024-04-24T10:28:16,992  INFO [main] metastore.ObjectStore: RawStore: org.apache.hadoop.hive.metastore.ObjectStore@338cc75f, with PersistenceManager: org.datanucleus.api.jdo.JDOPersistenceManager@47cf65f1 will be shutdown
2024-04-24T10:28:16,992  INFO [main] metastore.ObjectStore: RawStore: org.apache.hadoop.hive.metastore.ObjectStore@338cc75f, with PersistenceManager: org.datanucleus.api.jdo.JDOPersistenceManager@310cc4d created in the thread with id: 1
2024-04-24T10:28:16,994  INFO [main] metastore.HMSHandler: HMS server filtering is disabled by configuration
Hive Session ID = 96a56b13-270c-405b-b0c8-b5dcd1d1b63e
2024-04-24T10:28:16,994  INFO [main] SessionState: Hive Session ID = 96a56b13-270c-405b-b0c8-b5dcd1d1b63e
ivysettings.xml file not found in HIVE_HOME or HIVE_CONF_DIR,file:/home/alex/.m2/repository/org/apache/pig/pig/0.16.0/pig-0.16.0-h2.jar!/ivysettings.xml will be used
2024-04-24T10:28:16,994  INFO [main] DependencyResolver: ivysettings.xml file not found in HIVE_HOME or HIVE_CONF_DIR,file:/home/alex/.m2/repository/org/apache/pig/pig/0.16.0/pig-0.16.0-h2.jar!/ivysettings.xml will be used
2024-04-24T10:28:17,000  INFO [main] session.SessionState: Created HDFS directory: /home/alex/Repositories/hive/hcatalog/hcatalog-pig-adapter/target/tmp/scratchdir/alex/96a56b13-270c-405b-b0c8-b5dcd1d1b63e
2024-04-24T10:28:17,002  INFO [main] session.SessionState: Created local directory: /home/alex/Repositories/hive/hcatalog/hcatalog-pig-adapter/target/tmp/localscratchdir/96a56b13-270c-405b-b0c8-b5dcd1d1b63e
2024-04-24T10:28:17,004  INFO [main] session.SessionState: Created HDFS directory: /home/alex/Repositories/hive/hcatalog/hcatalog-pig-adapter/target/tmp/scratchdir/alex/96a56b13-270c-405b-b0c8-b5dcd1d1b63e/_tmp_space.db
]]></system-err>
  </testcase>
  <testcase name="testPartitionPublish[4]" classname="org.apache.hive.hcatalog.pig.TestHCatStorer" time="0">
    <skipped message="got: &lt;false&gt;, expected: is &lt;true&gt;"/>
    <system-err><![CDATA[2024-04-24T10:28:17,034  WARN [main] conf.HiveConf: HiveConf of name hive.dummyparam.test.server.specific.config.metastoresite does not exist
2024-04-24T10:28:17,034  WARN [main] conf.HiveConf: HiveConf of name hive.stats.key.prefix.reserve.length does not exist
2024-04-24T10:28:17,034  WARN [main] conf.HiveConf: HiveConf of name hive.metastore.metadb.dir does not exist
2024-04-24T10:28:17,034  WARN [main] conf.HiveConf: HiveConf of name hive.llap.io.cache.orc.arena.size does not exist
2024-04-24T10:28:17,034  WARN [main] conf.HiveConf: HiveConf of name hive.llap.io.cache.orc.alloc.min does not exist
2024-04-24T10:28:17,034  WARN [main] conf.HiveConf: HiveConf of name hive.llap.io.cache.orc.alloc.max does not exist
2024-04-24T10:28:17,034  WARN [main] conf.HiveConf: HiveConf of name hive.metastore.client.cache.recordStats does not exist
2024-04-24T10:28:17,034  WARN [main] conf.HiveConf: HiveConf of name hive.dummyparam.test.server.specific.config.hivesite does not exist
2024-04-24T10:28:17,034  WARN [main] conf.HiveConf: HiveConf of name hive.metastore.client.cache.maxSize does not exist
2024-04-24T10:28:17,034  WARN [main] conf.HiveConf: HiveConf of name hive.llap.io.cache.orc.size does not exist
2024-04-24T10:28:17,034  WARN [main] conf.HiveConf: HiveConf of name hive.dummyparam.test.server.specific.config.override does not exist
2024-04-24T10:28:17,036  INFO [main] metastore.HiveMetaStoreClient: HMS client filtering is enabled.
2024-04-24T10:28:17,036  INFO [main] metastore.PersistenceManagerProvider: Configuration datanucleus.autoStartMechanismMode is not set. Defaulting to 'ignored'
2024-04-24T10:28:17,036  INFO [main] metastore.ObjectStore: RawStore: org.apache.hadoop.hive.metastore.ObjectStore@338cc75f, with PersistenceManager: org.datanucleus.api.jdo.JDOPersistenceManager@310cc4d will be shutdown
2024-04-24T10:28:17,036  INFO [main] metastore.ObjectStore: RawStore: org.apache.hadoop.hive.metastore.ObjectStore@338cc75f, with PersistenceManager: org.datanucleus.api.jdo.JDOPersistenceManager@1fce6eb4 created in the thread with id: 1
2024-04-24T10:28:17,038  INFO [main] metastore.HMSHandler: HMS server filtering is disabled by configuration
Hive Session ID = 8c7d27a7-2279-4b6b-ac77-24719d8c7fd5
2024-04-24T10:28:17,038  INFO [main] SessionState: Hive Session ID = 8c7d27a7-2279-4b6b-ac77-24719d8c7fd5
ivysettings.xml file not found in HIVE_HOME or HIVE_CONF_DIR,file:/home/alex/.m2/repository/org/apache/pig/pig/0.16.0/pig-0.16.0-h2.jar!/ivysettings.xml will be used
2024-04-24T10:28:17,038  INFO [main] DependencyResolver: ivysettings.xml file not found in HIVE_HOME or HIVE_CONF_DIR,file:/home/alex/.m2/repository/org/apache/pig/pig/0.16.0/pig-0.16.0-h2.jar!/ivysettings.xml will be used
2024-04-24T10:28:17,043  INFO [main] session.SessionState: Created HDFS directory: /home/alex/Repositories/hive/hcatalog/hcatalog-pig-adapter/target/tmp/scratchdir/alex/8c7d27a7-2279-4b6b-ac77-24719d8c7fd5
2024-04-24T10:28:17,046  INFO [main] session.SessionState: Created local directory: /home/alex/Repositories/hive/hcatalog/hcatalog-pig-adapter/target/tmp/localscratchdir/8c7d27a7-2279-4b6b-ac77-24719d8c7fd5
2024-04-24T10:28:17,048  INFO [main] session.SessionState: Created HDFS directory: /home/alex/Repositories/hive/hcatalog/hcatalog-pig-adapter/target/tmp/scratchdir/alex/8c7d27a7-2279-4b6b-ac77-24719d8c7fd5/_tmp_space.db
]]></system-err>
  </testcase>
  <testcase name="testWriteDecimal[4]" classname="org.apache.hive.hcatalog.pig.TestHCatStorer" time="0">
    <skipped message="got: &lt;false&gt;, expected: is &lt;true&gt;"/>
    <system-err><![CDATA[2024-04-24T10:28:17,078  WARN [main] conf.HiveConf: HiveConf of name hive.dummyparam.test.server.specific.config.override does not exist
2024-04-24T10:28:17,078  WARN [main] conf.HiveConf: HiveConf of name hive.llap.io.cache.orc.arena.size does not exist
2024-04-24T10:28:17,078  WARN [main] conf.HiveConf: HiveConf of name hive.metastore.client.cache.recordStats does not exist
2024-04-24T10:28:17,078  WARN [main] conf.HiveConf: HiveConf of name hive.llap.io.cache.orc.size does not exist
2024-04-24T10:28:17,078  WARN [main] conf.HiveConf: HiveConf of name hive.llap.io.cache.orc.alloc.max does not exist
2024-04-24T10:28:17,078  WARN [main] conf.HiveConf: HiveConf of name hive.metastore.metadb.dir does not exist
2024-04-24T10:28:17,078  WARN [main] conf.HiveConf: HiveConf of name hive.stats.key.prefix.reserve.length does not exist
2024-04-24T10:28:17,078  WARN [main] conf.HiveConf: HiveConf of name hive.dummyparam.test.server.specific.config.metastoresite does not exist
2024-04-24T10:28:17,078  WARN [main] conf.HiveConf: HiveConf of name hive.llap.io.cache.orc.alloc.min does not exist
2024-04-24T10:28:17,078  WARN [main] conf.HiveConf: HiveConf of name hive.metastore.client.cache.maxSize does not exist
2024-04-24T10:28:17,078  WARN [main] conf.HiveConf: HiveConf of name hive.dummyparam.test.server.specific.config.hivesite does not exist
2024-04-24T10:28:17,080  INFO [main] metastore.HiveMetaStoreClient: HMS client filtering is enabled.
2024-04-24T10:28:17,080  INFO [main] metastore.PersistenceManagerProvider: Configuration datanucleus.autoStartMechanismMode is not set. Defaulting to 'ignored'
2024-04-24T10:28:17,080  INFO [main] metastore.ObjectStore: RawStore: org.apache.hadoop.hive.metastore.ObjectStore@338cc75f, with PersistenceManager: org.datanucleus.api.jdo.JDOPersistenceManager@1fce6eb4 will be shutdown
2024-04-24T10:28:17,080  INFO [main] metastore.ObjectStore: RawStore: org.apache.hadoop.hive.metastore.ObjectStore@338cc75f, with PersistenceManager: org.datanucleus.api.jdo.JDOPersistenceManager@7657d29f created in the thread with id: 1
2024-04-24T10:28:17,082  INFO [main] metastore.HMSHandler: HMS server filtering is disabled by configuration
Hive Session ID = cc860737-0067-44d8-97ca-4418a30d290a
2024-04-24T10:28:17,082  INFO [main] SessionState: Hive Session ID = cc860737-0067-44d8-97ca-4418a30d290a
ivysettings.xml file not found in HIVE_HOME or HIVE_CONF_DIR,file:/home/alex/.m2/repository/org/apache/pig/pig/0.16.0/pig-0.16.0-h2.jar!/ivysettings.xml will be used
2024-04-24T10:28:17,082  INFO [main] DependencyResolver: ivysettings.xml file not found in HIVE_HOME or HIVE_CONF_DIR,file:/home/alex/.m2/repository/org/apache/pig/pig/0.16.0/pig-0.16.0-h2.jar!/ivysettings.xml will be used
2024-04-24T10:28:17,088  INFO [main] session.SessionState: Created HDFS directory: /home/alex/Repositories/hive/hcatalog/hcatalog-pig-adapter/target/tmp/scratchdir/alex/cc860737-0067-44d8-97ca-4418a30d290a
2024-04-24T10:28:17,090  INFO [main] session.SessionState: Created local directory: /home/alex/Repositories/hive/hcatalog/hcatalog-pig-adapter/target/tmp/localscratchdir/cc860737-0067-44d8-97ca-4418a30d290a
2024-04-24T10:28:17,093  INFO [main] session.SessionState: Created HDFS directory: /home/alex/Repositories/hive/hcatalog/hcatalog-pig-adapter/target/tmp/scratchdir/alex/cc860737-0067-44d8-97ca-4418a30d290a/_tmp_space.db
]]></system-err>
  </testcase>
  <testcase name="testMultiPartColsInData[4]" classname="org.apache.hive.hcatalog.pig.TestHCatStorer" time="0">
    <skipped message="got: &lt;false&gt;, expected: is &lt;true&gt;"/>
    <system-err><![CDATA[2024-04-24T10:28:17,124  WARN [main] conf.HiveConf: HiveConf of name hive.stats.key.prefix.reserve.length does not exist
2024-04-24T10:28:17,124  WARN [main] conf.HiveConf: HiveConf of name hive.metastore.client.cache.recordStats does not exist
2024-04-24T10:28:17,124  WARN [main] conf.HiveConf: HiveConf of name hive.dummyparam.test.server.specific.config.hivesite does not exist
2024-04-24T10:28:17,124  WARN [main] conf.HiveConf: HiveConf of name hive.dummyparam.test.server.specific.config.override does not exist
2024-04-24T10:28:17,124  WARN [main] conf.HiveConf: HiveConf of name hive.llap.io.cache.orc.size does not exist
2024-04-24T10:28:17,124  WARN [main] conf.HiveConf: HiveConf of name hive.metastore.client.cache.maxSize does not exist
2024-04-24T10:28:17,124  WARN [main] conf.HiveConf: HiveConf of name hive.llap.io.cache.orc.alloc.min does not exist
2024-04-24T10:28:17,124  WARN [main] conf.HiveConf: HiveConf of name hive.metastore.metadb.dir does not exist
2024-04-24T10:28:17,124  WARN [main] conf.HiveConf: HiveConf of name hive.llap.io.cache.orc.arena.size does not exist
2024-04-24T10:28:17,124  WARN [main] conf.HiveConf: HiveConf of name hive.llap.io.cache.orc.alloc.max does not exist
2024-04-24T10:28:17,124  WARN [main] conf.HiveConf: HiveConf of name hive.dummyparam.test.server.specific.config.metastoresite does not exist
2024-04-24T10:28:17,125  INFO [main] metastore.HiveMetaStoreClient: HMS client filtering is enabled.
2024-04-24T10:28:17,125  INFO [main] metastore.PersistenceManagerProvider: Configuration datanucleus.autoStartMechanismMode is not set. Defaulting to 'ignored'
2024-04-24T10:28:17,126  INFO [main] metastore.ObjectStore: RawStore: org.apache.hadoop.hive.metastore.ObjectStore@338cc75f, with PersistenceManager: org.datanucleus.api.jdo.JDOPersistenceManager@7657d29f will be shutdown
2024-04-24T10:28:17,126  INFO [main] metastore.ObjectStore: RawStore: org.apache.hadoop.hive.metastore.ObjectStore@338cc75f, with PersistenceManager: org.datanucleus.api.jdo.JDOPersistenceManager@34d0c331 created in the thread with id: 1
2024-04-24T10:28:17,128  INFO [main] metastore.HMSHandler: HMS server filtering is disabled by configuration
Hive Session ID = 3f84ff31-c607-4ce2-ae18-f867ae4538e1
2024-04-24T10:28:17,128  INFO [main] SessionState: Hive Session ID = 3f84ff31-c607-4ce2-ae18-f867ae4538e1
ivysettings.xml file not found in HIVE_HOME or HIVE_CONF_DIR,file:/home/alex/.m2/repository/org/apache/pig/pig/0.16.0/pig-0.16.0-h2.jar!/ivysettings.xml will be used
2024-04-24T10:28:17,128  INFO [main] DependencyResolver: ivysettings.xml file not found in HIVE_HOME or HIVE_CONF_DIR,file:/home/alex/.m2/repository/org/apache/pig/pig/0.16.0/pig-0.16.0-h2.jar!/ivysettings.xml will be used
2024-04-24T10:28:17,133  INFO [main] session.SessionState: Created HDFS directory: /home/alex/Repositories/hive/hcatalog/hcatalog-pig-adapter/target/tmp/scratchdir/alex/3f84ff31-c607-4ce2-ae18-f867ae4538e1
2024-04-24T10:28:17,135  INFO [main] session.SessionState: Created local directory: /home/alex/Repositories/hive/hcatalog/hcatalog-pig-adapter/target/tmp/localscratchdir/3f84ff31-c607-4ce2-ae18-f867ae4538e1
2024-04-24T10:28:17,138  INFO [main] session.SessionState: Created HDFS directory: /home/alex/Repositories/hive/hcatalog/hcatalog-pig-adapter/target/tmp/scratchdir/alex/3f84ff31-c607-4ce2-ae18-f867ae4538e1/_tmp_space.db
]]></system-err>
  </testcase>
  <testcase name="testStaticPartitioningMultiPartColsNoData[4]" classname="org.apache.hive.hcatalog.pig.TestHCatStorer" time="0">
    <skipped message="got: &lt;false&gt;, expected: is &lt;true&gt;"/>
    <system-err><![CDATA[2024-04-24T10:28:17,168  WARN [main] conf.HiveConf: HiveConf of name hive.llap.io.cache.orc.alloc.min does not exist
2024-04-24T10:28:17,168  WARN [main] conf.HiveConf: HiveConf of name hive.metastore.metadb.dir does not exist
2024-04-24T10:28:17,168  WARN [main] conf.HiveConf: HiveConf of name hive.stats.key.prefix.reserve.length does not exist
2024-04-24T10:28:17,168  WARN [main] conf.HiveConf: HiveConf of name hive.metastore.client.cache.recordStats does not exist
2024-04-24T10:28:17,168  WARN [main] conf.HiveConf: HiveConf of name hive.llap.io.cache.orc.size does not exist
2024-04-24T10:28:17,168  WARN [main] conf.HiveConf: HiveConf of name hive.llap.io.cache.orc.arena.size does not exist
2024-04-24T10:28:17,168  WARN [main] conf.HiveConf: HiveConf of name hive.dummyparam.test.server.specific.config.metastoresite does not exist
2024-04-24T10:28:17,168  WARN [main] conf.HiveConf: HiveConf of name hive.dummyparam.test.server.specific.config.override does not exist
2024-04-24T10:28:17,168  WARN [main] conf.HiveConf: HiveConf of name hive.dummyparam.test.server.specific.config.hivesite does not exist
2024-04-24T10:28:17,168  WARN [main] conf.HiveConf: HiveConf of name hive.llap.io.cache.orc.alloc.max does not exist
2024-04-24T10:28:17,168  WARN [main] conf.HiveConf: HiveConf of name hive.metastore.client.cache.maxSize does not exist
2024-04-24T10:28:17,170  INFO [main] metastore.HiveMetaStoreClient: HMS client filtering is enabled.
2024-04-24T10:28:17,171  INFO [main] metastore.PersistenceManagerProvider: Configuration datanucleus.autoStartMechanismMode is not set. Defaulting to 'ignored'
2024-04-24T10:28:17,171  INFO [main] metastore.ObjectStore: RawStore: org.apache.hadoop.hive.metastore.ObjectStore@338cc75f, with PersistenceManager: org.datanucleus.api.jdo.JDOPersistenceManager@34d0c331 will be shutdown
2024-04-24T10:28:17,171  INFO [main] metastore.ObjectStore: RawStore: org.apache.hadoop.hive.metastore.ObjectStore@338cc75f, with PersistenceManager: org.datanucleus.api.jdo.JDOPersistenceManager@6ce8bf64 created in the thread with id: 1
2024-04-24T10:28:17,174  INFO [main] metastore.HMSHandler: HMS server filtering is disabled by configuration
Hive Session ID = eb9a1f9c-3f5a-44a5-95b2-ea4da95ff911
2024-04-24T10:28:17,174  INFO [main] SessionState: Hive Session ID = eb9a1f9c-3f5a-44a5-95b2-ea4da95ff911
ivysettings.xml file not found in HIVE_HOME or HIVE_CONF_DIR,file:/home/alex/.m2/repository/org/apache/pig/pig/0.16.0/pig-0.16.0-h2.jar!/ivysettings.xml will be used
2024-04-24T10:28:17,174  INFO [main] DependencyResolver: ivysettings.xml file not found in HIVE_HOME or HIVE_CONF_DIR,file:/home/alex/.m2/repository/org/apache/pig/pig/0.16.0/pig-0.16.0-h2.jar!/ivysettings.xml will be used
2024-04-24T10:28:17,179  INFO [main] session.SessionState: Created HDFS directory: /home/alex/Repositories/hive/hcatalog/hcatalog-pig-adapter/target/tmp/scratchdir/alex/eb9a1f9c-3f5a-44a5-95b2-ea4da95ff911
2024-04-24T10:28:17,181  INFO [main] session.SessionState: Created local directory: /home/alex/Repositories/hive/hcatalog/hcatalog-pig-adapter/target/tmp/localscratchdir/eb9a1f9c-3f5a-44a5-95b2-ea4da95ff911
2024-04-24T10:28:17,183  INFO [main] session.SessionState: Created HDFS directory: /home/alex/Repositories/hive/hcatalog/hcatalog-pig-adapter/target/tmp/scratchdir/alex/eb9a1f9c-3f5a-44a5-95b2-ea4da95ff911/_tmp_space.db
]]></system-err>
  </testcase>
  <testcase name="testStoreMultiTables[4]" classname="org.apache.hive.hcatalog.pig.TestHCatStorer" time="0">
    <skipped message="got: &lt;false&gt;, expected: is &lt;true&gt;"/>
    <system-err><![CDATA[2024-04-24T10:28:17,213  WARN [main] conf.HiveConf: HiveConf of name hive.llap.io.cache.orc.size does not exist
2024-04-24T10:28:17,213  WARN [main] conf.HiveConf: HiveConf of name hive.dummyparam.test.server.specific.config.hivesite does not exist
2024-04-24T10:28:17,213  WARN [main] conf.HiveConf: HiveConf of name hive.stats.key.prefix.reserve.length does not exist
2024-04-24T10:28:17,213  WARN [main] conf.HiveConf: HiveConf of name hive.llap.io.cache.orc.alloc.max does not exist
2024-04-24T10:28:17,213  WARN [main] conf.HiveConf: HiveConf of name hive.dummyparam.test.server.specific.config.metastoresite does not exist
2024-04-24T10:28:17,213  WARN [main] conf.HiveConf: HiveConf of name hive.llap.io.cache.orc.alloc.min does not exist
2024-04-24T10:28:17,213  WARN [main] conf.HiveConf: HiveConf of name hive.llap.io.cache.orc.arena.size does not exist
2024-04-24T10:28:17,214  WARN [main] conf.HiveConf: HiveConf of name hive.metastore.client.cache.maxSize does not exist
2024-04-24T10:28:17,214  WARN [main] conf.HiveConf: HiveConf of name hive.metastore.client.cache.recordStats does not exist
2024-04-24T10:28:17,214  WARN [main] conf.HiveConf: HiveConf of name hive.metastore.metadb.dir does not exist
2024-04-24T10:28:17,214  WARN [main] conf.HiveConf: HiveConf of name hive.dummyparam.test.server.specific.config.override does not exist
2024-04-24T10:28:17,215  INFO [main] metastore.HiveMetaStoreClient: HMS client filtering is enabled.
2024-04-24T10:28:17,215  INFO [main] metastore.PersistenceManagerProvider: Configuration datanucleus.autoStartMechanismMode is not set. Defaulting to 'ignored'
2024-04-24T10:28:17,215  INFO [main] metastore.ObjectStore: RawStore: org.apache.hadoop.hive.metastore.ObjectStore@338cc75f, with PersistenceManager: org.datanucleus.api.jdo.JDOPersistenceManager@6ce8bf64 will be shutdown
2024-04-24T10:28:17,215  INFO [main] metastore.ObjectStore: RawStore: org.apache.hadoop.hive.metastore.ObjectStore@338cc75f, with PersistenceManager: org.datanucleus.api.jdo.JDOPersistenceManager@30a1b2ad created in the thread with id: 1
2024-04-24T10:28:17,217  INFO [main] metastore.HMSHandler: HMS server filtering is disabled by configuration
Hive Session ID = 66fc0d65-f77c-47cb-8e94-738d97483ac9
2024-04-24T10:28:17,217  INFO [main] SessionState: Hive Session ID = 66fc0d65-f77c-47cb-8e94-738d97483ac9
ivysettings.xml file not found in HIVE_HOME or HIVE_CONF_DIR,file:/home/alex/.m2/repository/org/apache/pig/pig/0.16.0/pig-0.16.0-h2.jar!/ivysettings.xml will be used
2024-04-24T10:28:17,218  INFO [main] DependencyResolver: ivysettings.xml file not found in HIVE_HOME or HIVE_CONF_DIR,file:/home/alex/.m2/repository/org/apache/pig/pig/0.16.0/pig-0.16.0-h2.jar!/ivysettings.xml will be used
2024-04-24T10:28:17,223  INFO [main] session.SessionState: Created HDFS directory: /home/alex/Repositories/hive/hcatalog/hcatalog-pig-adapter/target/tmp/scratchdir/alex/66fc0d65-f77c-47cb-8e94-738d97483ac9
2024-04-24T10:28:17,225  INFO [main] session.SessionState: Created local directory: /home/alex/Repositories/hive/hcatalog/hcatalog-pig-adapter/target/tmp/localscratchdir/66fc0d65-f77c-47cb-8e94-738d97483ac9
2024-04-24T10:28:17,227  INFO [main] session.SessionState: Created HDFS directory: /home/alex/Repositories/hive/hcatalog/hcatalog-pig-adapter/target/tmp/scratchdir/alex/66fc0d65-f77c-47cb-8e94-738d97483ac9/_tmp_space.db
]]></system-err>
  </testcase>
  <testcase name="testStoreWithNoSchema[4]" classname="org.apache.hive.hcatalog.pig.TestHCatStorer" time="0">
    <skipped message="got: &lt;false&gt;, expected: is &lt;true&gt;"/>
    <system-err><![CDATA[2024-04-24T10:28:17,257  WARN [main] conf.HiveConf: HiveConf of name hive.llap.io.cache.orc.arena.size does not exist
2024-04-24T10:28:17,257  WARN [main] conf.HiveConf: HiveConf of name hive.llap.io.cache.orc.alloc.min does not exist
2024-04-24T10:28:17,257  WARN [main] conf.HiveConf: HiveConf of name hive.dummyparam.test.server.specific.config.hivesite does not exist
2024-04-24T10:28:17,257  WARN [main] conf.HiveConf: HiveConf of name hive.llap.io.cache.orc.alloc.max does not exist
2024-04-24T10:28:17,257  WARN [main] conf.HiveConf: HiveConf of name hive.metastore.metadb.dir does not exist
2024-04-24T10:28:17,257  WARN [main] conf.HiveConf: HiveConf of name hive.metastore.client.cache.recordStats does not exist
2024-04-24T10:28:17,258  WARN [main] conf.HiveConf: HiveConf of name hive.metastore.client.cache.maxSize does not exist
2024-04-24T10:28:17,258  WARN [main] conf.HiveConf: HiveConf of name hive.dummyparam.test.server.specific.config.metastoresite does not exist
2024-04-24T10:28:17,258  WARN [main] conf.HiveConf: HiveConf of name hive.llap.io.cache.orc.size does not exist
2024-04-24T10:28:17,258  WARN [main] conf.HiveConf: HiveConf of name hive.stats.key.prefix.reserve.length does not exist
2024-04-24T10:28:17,258  WARN [main] conf.HiveConf: HiveConf of name hive.dummyparam.test.server.specific.config.override does not exist
2024-04-24T10:28:17,259  INFO [main] metastore.HiveMetaStoreClient: HMS client filtering is enabled.
2024-04-24T10:28:17,259  INFO [main] metastore.PersistenceManagerProvider: Configuration datanucleus.autoStartMechanismMode is not set. Defaulting to 'ignored'
2024-04-24T10:28:17,259  INFO [main] metastore.ObjectStore: RawStore: org.apache.hadoop.hive.metastore.ObjectStore@338cc75f, with PersistenceManager: org.datanucleus.api.jdo.JDOPersistenceManager@30a1b2ad will be shutdown
2024-04-24T10:28:17,260  INFO [main] metastore.ObjectStore: RawStore: org.apache.hadoop.hive.metastore.ObjectStore@338cc75f, with PersistenceManager: org.datanucleus.api.jdo.JDOPersistenceManager@1acfc058 created in the thread with id: 1
2024-04-24T10:28:17,261  INFO [main] metastore.HMSHandler: HMS server filtering is disabled by configuration
Hive Session ID = 09819100-1137-4ec2-9960-e750c65631c1
2024-04-24T10:28:17,261  INFO [main] SessionState: Hive Session ID = 09819100-1137-4ec2-9960-e750c65631c1
ivysettings.xml file not found in HIVE_HOME or HIVE_CONF_DIR,file:/home/alex/.m2/repository/org/apache/pig/pig/0.16.0/pig-0.16.0-h2.jar!/ivysettings.xml will be used
2024-04-24T10:28:17,262  INFO [main] DependencyResolver: ivysettings.xml file not found in HIVE_HOME or HIVE_CONF_DIR,file:/home/alex/.m2/repository/org/apache/pig/pig/0.16.0/pig-0.16.0-h2.jar!/ivysettings.xml will be used
2024-04-24T10:28:17,267  INFO [main] session.SessionState: Created HDFS directory: /home/alex/Repositories/hive/hcatalog/hcatalog-pig-adapter/target/tmp/scratchdir/alex/09819100-1137-4ec2-9960-e750c65631c1
2024-04-24T10:28:17,269  INFO [main] session.SessionState: Created local directory: /home/alex/Repositories/hive/hcatalog/hcatalog-pig-adapter/target/tmp/localscratchdir/09819100-1137-4ec2-9960-e750c65631c1
2024-04-24T10:28:17,271  INFO [main] session.SessionState: Created HDFS directory: /home/alex/Repositories/hive/hcatalog/hcatalog-pig-adapter/target/tmp/scratchdir/alex/09819100-1137-4ec2-9960-e750c65631c1/_tmp_space.db
]]></system-err>
  </testcase>
  <testcase name="testNoAlias[4]" classname="org.apache.hive.hcatalog.pig.TestHCatStorer" time="0">
    <skipped message="got: &lt;false&gt;, expected: is &lt;true&gt;"/>
    <system-err><![CDATA[2024-04-24T10:28:17,301  WARN [main] conf.HiveConf: HiveConf of name hive.metastore.metadb.dir does not exist
2024-04-24T10:28:17,301  WARN [main] conf.HiveConf: HiveConf of name hive.llap.io.cache.orc.arena.size does not exist
2024-04-24T10:28:17,301  WARN [main] conf.HiveConf: HiveConf of name hive.llap.io.cache.orc.alloc.min does not exist
2024-04-24T10:28:17,301  WARN [main] conf.HiveConf: HiveConf of name hive.metastore.client.cache.recordStats does not exist
2024-04-24T10:28:17,301  WARN [main] conf.HiveConf: HiveConf of name hive.dummyparam.test.server.specific.config.metastoresite does not exist
2024-04-24T10:28:17,301  WARN [main] conf.HiveConf: HiveConf of name hive.llap.io.cache.orc.size does not exist
2024-04-24T10:28:17,301  WARN [main] conf.HiveConf: HiveConf of name hive.dummyparam.test.server.specific.config.override does not exist
2024-04-24T10:28:17,301  WARN [main] conf.HiveConf: HiveConf of name hive.llap.io.cache.orc.alloc.max does not exist
2024-04-24T10:28:17,301  WARN [main] conf.HiveConf: HiveConf of name hive.dummyparam.test.server.specific.config.hivesite does not exist
2024-04-24T10:28:17,301  WARN [main] conf.HiveConf: HiveConf of name hive.metastore.client.cache.maxSize does not exist
2024-04-24T10:28:17,301  WARN [main] conf.HiveConf: HiveConf of name hive.stats.key.prefix.reserve.length does not exist
2024-04-24T10:28:17,302  INFO [main] metastore.HiveMetaStoreClient: HMS client filtering is enabled.
2024-04-24T10:28:17,302  INFO [main] metastore.PersistenceManagerProvider: Configuration datanucleus.autoStartMechanismMode is not set. Defaulting to 'ignored'
2024-04-24T10:28:17,303  INFO [main] metastore.ObjectStore: RawStore: org.apache.hadoop.hive.metastore.ObjectStore@338cc75f, with PersistenceManager: org.datanucleus.api.jdo.JDOPersistenceManager@1acfc058 will be shutdown
2024-04-24T10:28:17,303  INFO [main] metastore.ObjectStore: RawStore: org.apache.hadoop.hive.metastore.ObjectStore@338cc75f, with PersistenceManager: org.datanucleus.api.jdo.JDOPersistenceManager@89178b4 created in the thread with id: 1
2024-04-24T10:28:17,305  INFO [main] metastore.HMSHandler: HMS server filtering is disabled by configuration
Hive Session ID = ff54651a-51f1-4a86-b650-ceca26ca96b0
2024-04-24T10:28:17,305  INFO [main] SessionState: Hive Session ID = ff54651a-51f1-4a86-b650-ceca26ca96b0
ivysettings.xml file not found in HIVE_HOME or HIVE_CONF_DIR,file:/home/alex/.m2/repository/org/apache/pig/pig/0.16.0/pig-0.16.0-h2.jar!/ivysettings.xml will be used
2024-04-24T10:28:17,305  INFO [main] DependencyResolver: ivysettings.xml file not found in HIVE_HOME or HIVE_CONF_DIR,file:/home/alex/.m2/repository/org/apache/pig/pig/0.16.0/pig-0.16.0-h2.jar!/ivysettings.xml will be used
2024-04-24T10:28:17,311  INFO [main] session.SessionState: Created HDFS directory: /home/alex/Repositories/hive/hcatalog/hcatalog-pig-adapter/target/tmp/scratchdir/alex/ff54651a-51f1-4a86-b650-ceca26ca96b0
2024-04-24T10:28:17,313  INFO [main] session.SessionState: Created local directory: /home/alex/Repositories/hive/hcatalog/hcatalog-pig-adapter/target/tmp/localscratchdir/ff54651a-51f1-4a86-b650-ceca26ca96b0
2024-04-24T10:28:17,315  INFO [main] session.SessionState: Created HDFS directory: /home/alex/Repositories/hive/hcatalog/hcatalog-pig-adapter/target/tmp/scratchdir/alex/ff54651a-51f1-4a86-b650-ceca26ca96b0/_tmp_space.db
]]></system-err>
  </testcase>
  <testcase name="testWriteTimestamp[4]" classname="org.apache.hive.hcatalog.pig.TestHCatStorer" time="0">
    <skipped message="got: &lt;false&gt;, expected: is &lt;true&gt;"/>
    <system-err><![CDATA[2024-04-24T10:28:17,345  WARN [main] conf.HiveConf: HiveConf of name hive.llap.io.cache.orc.alloc.min does not exist
2024-04-24T10:28:17,345  WARN [main] conf.HiveConf: HiveConf of name hive.llap.io.cache.orc.arena.size does not exist
2024-04-24T10:28:17,345  WARN [main] conf.HiveConf: HiveConf of name hive.stats.key.prefix.reserve.length does not exist
2024-04-24T10:28:17,345  WARN [main] conf.HiveConf: HiveConf of name hive.metastore.metadb.dir does not exist
2024-04-24T10:28:17,345  WARN [main] conf.HiveConf: HiveConf of name hive.dummyparam.test.server.specific.config.override does not exist
2024-04-24T10:28:17,345  WARN [main] conf.HiveConf: HiveConf of name hive.metastore.client.cache.maxSize does not exist
2024-04-24T10:28:17,345  WARN [main] conf.HiveConf: HiveConf of name hive.dummyparam.test.server.specific.config.metastoresite does not exist
2024-04-24T10:28:17,345  WARN [main] conf.HiveConf: HiveConf of name hive.dummyparam.test.server.specific.config.hivesite does not exist
2024-04-24T10:28:17,345  WARN [main] conf.HiveConf: HiveConf of name hive.metastore.client.cache.recordStats does not exist
2024-04-24T10:28:17,345  WARN [main] conf.HiveConf: HiveConf of name hive.llap.io.cache.orc.alloc.max does not exist
2024-04-24T10:28:17,345  WARN [main] conf.HiveConf: HiveConf of name hive.llap.io.cache.orc.size does not exist
2024-04-24T10:28:17,346  INFO [main] metastore.HiveMetaStoreClient: HMS client filtering is enabled.
2024-04-24T10:28:17,346  INFO [main] metastore.PersistenceManagerProvider: Configuration datanucleus.autoStartMechanismMode is not set. Defaulting to 'ignored'
2024-04-24T10:28:17,346  INFO [main] metastore.ObjectStore: RawStore: org.apache.hadoop.hive.metastore.ObjectStore@338cc75f, with PersistenceManager: org.datanucleus.api.jdo.JDOPersistenceManager@89178b4 will be shutdown
2024-04-24T10:28:17,347  INFO [main] metastore.ObjectStore: RawStore: org.apache.hadoop.hive.metastore.ObjectStore@338cc75f, with PersistenceManager: org.datanucleus.api.jdo.JDOPersistenceManager@48d14ea0 created in the thread with id: 1
2024-04-24T10:28:17,349  INFO [main] metastore.HMSHandler: HMS server filtering is disabled by configuration
Hive Session ID = e417f7ff-d6ba-476e-b563-735fc08db2f6
2024-04-24T10:28:17,349  INFO [main] SessionState: Hive Session ID = e417f7ff-d6ba-476e-b563-735fc08db2f6
ivysettings.xml file not found in HIVE_HOME or HIVE_CONF_DIR,file:/home/alex/.m2/repository/org/apache/pig/pig/0.16.0/pig-0.16.0-h2.jar!/ivysettings.xml will be used
2024-04-24T10:28:17,349  INFO [main] DependencyResolver: ivysettings.xml file not found in HIVE_HOME or HIVE_CONF_DIR,file:/home/alex/.m2/repository/org/apache/pig/pig/0.16.0/pig-0.16.0-h2.jar!/ivysettings.xml will be used
2024-04-24T10:28:17,354  INFO [main] session.SessionState: Created HDFS directory: /home/alex/Repositories/hive/hcatalog/hcatalog-pig-adapter/target/tmp/scratchdir/alex/e417f7ff-d6ba-476e-b563-735fc08db2f6
2024-04-24T10:28:17,356  INFO [main] session.SessionState: Created local directory: /home/alex/Repositories/hive/hcatalog/hcatalog-pig-adapter/target/tmp/localscratchdir/e417f7ff-d6ba-476e-b563-735fc08db2f6
2024-04-24T10:28:17,359  INFO [main] session.SessionState: Created HDFS directory: /home/alex/Repositories/hive/hcatalog/hcatalog-pig-adapter/target/tmp/scratchdir/alex/e417f7ff-d6ba-476e-b563-735fc08db2f6/_tmp_space.db
]]></system-err>
  </testcase>
  <testcase name="testWriteDecimalXY[4]" classname="org.apache.hive.hcatalog.pig.TestHCatStorer" time="0">
    <skipped message="got: &lt;false&gt;, expected: is &lt;true&gt;"/>
    <system-err><![CDATA[2024-04-24T10:28:17,389  WARN [main] conf.HiveConf: HiveConf of name hive.llap.io.cache.orc.size does not exist
2024-04-24T10:28:17,389  WARN [main] conf.HiveConf: HiveConf of name hive.stats.key.prefix.reserve.length does not exist
2024-04-24T10:28:17,389  WARN [main] conf.HiveConf: HiveConf of name hive.metastore.client.cache.recordStats does not exist
2024-04-24T10:28:17,389  WARN [main] conf.HiveConf: HiveConf of name hive.metastore.client.cache.maxSize does not exist
2024-04-24T10:28:17,389  WARN [main] conf.HiveConf: HiveConf of name hive.metastore.metadb.dir does not exist
2024-04-24T10:28:17,389  WARN [main] conf.HiveConf: HiveConf of name hive.llap.io.cache.orc.arena.size does not exist
2024-04-24T10:28:17,389  WARN [main] conf.HiveConf: HiveConf of name hive.llap.io.cache.orc.alloc.min does not exist
2024-04-24T10:28:17,389  WARN [main] conf.HiveConf: HiveConf of name hive.dummyparam.test.server.specific.config.metastoresite does not exist
2024-04-24T10:28:17,389  WARN [main] conf.HiveConf: HiveConf of name hive.llap.io.cache.orc.alloc.max does not exist
2024-04-24T10:28:17,389  WARN [main] conf.HiveConf: HiveConf of name hive.dummyparam.test.server.specific.config.hivesite does not exist
2024-04-24T10:28:17,389  WARN [main] conf.HiveConf: HiveConf of name hive.dummyparam.test.server.specific.config.override does not exist
2024-04-24T10:28:17,391  INFO [main] metastore.HiveMetaStoreClient: HMS client filtering is enabled.
2024-04-24T10:28:17,391  INFO [main] metastore.PersistenceManagerProvider: Configuration datanucleus.autoStartMechanismMode is not set. Defaulting to 'ignored'
2024-04-24T10:28:17,391  INFO [main] metastore.ObjectStore: RawStore: org.apache.hadoop.hive.metastore.ObjectStore@338cc75f, with PersistenceManager: org.datanucleus.api.jdo.JDOPersistenceManager@48d14ea0 will be shutdown
2024-04-24T10:28:17,391  INFO [main] metastore.ObjectStore: RawStore: org.apache.hadoop.hive.metastore.ObjectStore@338cc75f, with PersistenceManager: org.datanucleus.api.jdo.JDOPersistenceManager@39f7cc46 created in the thread with id: 1
2024-04-24T10:28:17,393  INFO [main] metastore.HMSHandler: HMS server filtering is disabled by configuration
Hive Session ID = 28a6f059-3877-4ae8-88e1-390dff52acb8
2024-04-24T10:28:17,393  INFO [main] SessionState: Hive Session ID = 28a6f059-3877-4ae8-88e1-390dff52acb8
ivysettings.xml file not found in HIVE_HOME or HIVE_CONF_DIR,file:/home/alex/.m2/repository/org/apache/pig/pig/0.16.0/pig-0.16.0-h2.jar!/ivysettings.xml will be used
2024-04-24T10:28:17,393  INFO [main] DependencyResolver: ivysettings.xml file not found in HIVE_HOME or HIVE_CONF_DIR,file:/home/alex/.m2/repository/org/apache/pig/pig/0.16.0/pig-0.16.0-h2.jar!/ivysettings.xml will be used
2024-04-24T10:28:17,399  INFO [main] session.SessionState: Created HDFS directory: /home/alex/Repositories/hive/hcatalog/hcatalog-pig-adapter/target/tmp/scratchdir/alex/28a6f059-3877-4ae8-88e1-390dff52acb8
2024-04-24T10:28:17,401  INFO [main] session.SessionState: Created local directory: /home/alex/Repositories/hive/hcatalog/hcatalog-pig-adapter/target/tmp/localscratchdir/28a6f059-3877-4ae8-88e1-390dff52acb8
2024-04-24T10:28:17,403  INFO [main] session.SessionState: Created HDFS directory: /home/alex/Repositories/hive/hcatalog/hcatalog-pig-adapter/target/tmp/scratchdir/alex/28a6f059-3877-4ae8-88e1-390dff52acb8/_tmp_space.db
]]></system-err>
  </testcase>
  <testcase name="testStoreFuncSimple[4]" classname="org.apache.hive.hcatalog.pig.TestHCatStorer" time="0">
    <skipped message="got: &lt;false&gt;, expected: is &lt;true&gt;"/>
    <system-err><![CDATA[2024-04-24T10:28:17,433  WARN [main] conf.HiveConf: HiveConf of name hive.metastore.client.cache.maxSize does not exist
2024-04-24T10:28:17,434  WARN [main] conf.HiveConf: HiveConf of name hive.llap.io.cache.orc.arena.size does not exist
2024-04-24T10:28:17,434  WARN [main] conf.HiveConf: HiveConf of name hive.dummyparam.test.server.specific.config.override does not exist
2024-04-24T10:28:17,434  WARN [main] conf.HiveConf: HiveConf of name hive.llap.io.cache.orc.size does not exist
2024-04-24T10:28:17,434  WARN [main] conf.HiveConf: HiveConf of name hive.stats.key.prefix.reserve.length does not exist
2024-04-24T10:28:17,434  WARN [main] conf.HiveConf: HiveConf of name hive.metastore.client.cache.recordStats does not exist
2024-04-24T10:28:17,434  WARN [main] conf.HiveConf: HiveConf of name hive.dummyparam.test.server.specific.config.metastoresite does not exist
2024-04-24T10:28:17,434  WARN [main] conf.HiveConf: HiveConf of name hive.llap.io.cache.orc.alloc.max does not exist
2024-04-24T10:28:17,434  WARN [main] conf.HiveConf: HiveConf of name hive.llap.io.cache.orc.alloc.min does not exist
2024-04-24T10:28:17,434  WARN [main] conf.HiveConf: HiveConf of name hive.dummyparam.test.server.specific.config.hivesite does not exist
2024-04-24T10:28:17,434  WARN [main] conf.HiveConf: HiveConf of name hive.metastore.metadb.dir does not exist
2024-04-24T10:28:17,435  INFO [main] metastore.HiveMetaStoreClient: HMS client filtering is enabled.
2024-04-24T10:28:17,435  INFO [main] metastore.PersistenceManagerProvider: Configuration datanucleus.autoStartMechanismMode is not set. Defaulting to 'ignored'
2024-04-24T10:28:17,435  INFO [main] metastore.ObjectStore: RawStore: org.apache.hadoop.hive.metastore.ObjectStore@338cc75f, with PersistenceManager: org.datanucleus.api.jdo.JDOPersistenceManager@39f7cc46 will be shutdown
2024-04-24T10:28:17,436  INFO [main] metastore.ObjectStore: RawStore: org.apache.hadoop.hive.metastore.ObjectStore@338cc75f, with PersistenceManager: org.datanucleus.api.jdo.JDOPersistenceManager@be9bf2e created in the thread with id: 1
2024-04-24T10:28:17,437  INFO [main] metastore.HMSHandler: HMS server filtering is disabled by configuration
Hive Session ID = 679532da-4d6f-43b1-ad2c-61a848a71c4d
2024-04-24T10:28:17,438  INFO [main] SessionState: Hive Session ID = 679532da-4d6f-43b1-ad2c-61a848a71c4d
ivysettings.xml file not found in HIVE_HOME or HIVE_CONF_DIR,file:/home/alex/.m2/repository/org/apache/pig/pig/0.16.0/pig-0.16.0-h2.jar!/ivysettings.xml will be used
2024-04-24T10:28:17,438  INFO [main] DependencyResolver: ivysettings.xml file not found in HIVE_HOME or HIVE_CONF_DIR,file:/home/alex/.m2/repository/org/apache/pig/pig/0.16.0/pig-0.16.0-h2.jar!/ivysettings.xml will be used
2024-04-24T10:28:17,443  INFO [main] session.SessionState: Created HDFS directory: /home/alex/Repositories/hive/hcatalog/hcatalog-pig-adapter/target/tmp/scratchdir/alex/679532da-4d6f-43b1-ad2c-61a848a71c4d
2024-04-24T10:28:17,445  INFO [main] session.SessionState: Created local directory: /home/alex/Repositories/hive/hcatalog/hcatalog-pig-adapter/target/tmp/localscratchdir/679532da-4d6f-43b1-ad2c-61a848a71c4d
2024-04-24T10:28:17,447  INFO [main] session.SessionState: Created HDFS directory: /home/alex/Repositories/hive/hcatalog/hcatalog-pig-adapter/target/tmp/scratchdir/alex/679532da-4d6f-43b1-ad2c-61a848a71c4d/_tmp_space.db
]]></system-err>
  </testcase>
  <testcase name="testDynamicPartitioningMultiPartColsInDataNoSpec[5]" classname="org.apache.hive.hcatalog.pig.TestHCatStorer" time="0">
    <skipped message="got: &lt;false&gt;, expected: is &lt;true&gt;"/>
    <system-err><![CDATA[2024-04-24T10:28:17,477  WARN [main] conf.HiveConf: HiveConf of name hive.dummyparam.test.server.specific.config.hivesite does not exist
2024-04-24T10:28:17,477  WARN [main] conf.HiveConf: HiveConf of name hive.dummyparam.test.server.specific.config.metastoresite does not exist
2024-04-24T10:28:17,477  WARN [main] conf.HiveConf: HiveConf of name hive.llap.io.cache.orc.size does not exist
2024-04-24T10:28:17,477  WARN [main] conf.HiveConf: HiveConf of name hive.metastore.client.cache.maxSize does not exist
2024-04-24T10:28:17,477  WARN [main] conf.HiveConf: HiveConf of name hive.stats.key.prefix.reserve.length does not exist
2024-04-24T10:28:17,478  WARN [main] conf.HiveConf: HiveConf of name hive.metastore.metadb.dir does not exist
2024-04-24T10:28:17,478  WARN [main] conf.HiveConf: HiveConf of name hive.metastore.client.cache.recordStats does not exist
2024-04-24T10:28:17,478  WARN [main] conf.HiveConf: HiveConf of name hive.llap.io.cache.orc.alloc.min does not exist
2024-04-24T10:28:17,478  WARN [main] conf.HiveConf: HiveConf of name hive.dummyparam.test.server.specific.config.override does not exist
2024-04-24T10:28:17,478  WARN [main] conf.HiveConf: HiveConf of name hive.llap.io.cache.orc.arena.size does not exist
2024-04-24T10:28:17,478  WARN [main] conf.HiveConf: HiveConf of name hive.llap.io.cache.orc.alloc.max does not exist
2024-04-24T10:28:17,479  INFO [main] metastore.HiveMetaStoreClient: HMS client filtering is enabled.
2024-04-24T10:28:17,479  INFO [main] metastore.PersistenceManagerProvider: Configuration datanucleus.autoStartMechanismMode is not set. Defaulting to 'ignored'
2024-04-24T10:28:17,479  INFO [main] metastore.ObjectStore: RawStore: org.apache.hadoop.hive.metastore.ObjectStore@338cc75f, with PersistenceManager: org.datanucleus.api.jdo.JDOPersistenceManager@be9bf2e will be shutdown
2024-04-24T10:28:17,480  INFO [main] metastore.ObjectStore: RawStore: org.apache.hadoop.hive.metastore.ObjectStore@338cc75f, with PersistenceManager: org.datanucleus.api.jdo.JDOPersistenceManager@2fd409c1 created in the thread with id: 1
2024-04-24T10:28:17,481  INFO [main] metastore.HMSHandler: HMS server filtering is disabled by configuration
Hive Session ID = 77df83a5-b02c-4405-86b7-ac4fae9db54a
2024-04-24T10:28:17,481  INFO [main] SessionState: Hive Session ID = 77df83a5-b02c-4405-86b7-ac4fae9db54a
ivysettings.xml file not found in HIVE_HOME or HIVE_CONF_DIR,file:/home/alex/.m2/repository/org/apache/pig/pig/0.16.0/pig-0.16.0-h2.jar!/ivysettings.xml will be used
2024-04-24T10:28:17,482  INFO [main] DependencyResolver: ivysettings.xml file not found in HIVE_HOME or HIVE_CONF_DIR,file:/home/alex/.m2/repository/org/apache/pig/pig/0.16.0/pig-0.16.0-h2.jar!/ivysettings.xml will be used
2024-04-24T10:28:17,487  INFO [main] session.SessionState: Created HDFS directory: /home/alex/Repositories/hive/hcatalog/hcatalog-pig-adapter/target/tmp/scratchdir/alex/77df83a5-b02c-4405-86b7-ac4fae9db54a
2024-04-24T10:28:17,489  INFO [main] session.SessionState: Created local directory: /home/alex/Repositories/hive/hcatalog/hcatalog-pig-adapter/target/tmp/localscratchdir/77df83a5-b02c-4405-86b7-ac4fae9db54a
2024-04-24T10:28:17,491  INFO [main] session.SessionState: Created HDFS directory: /home/alex/Repositories/hive/hcatalog/hcatalog-pig-adapter/target/tmp/scratchdir/alex/77df83a5-b02c-4405-86b7-ac4fae9db54a/_tmp_space.db
]]></system-err>
  </testcase>
  <testcase name="testWriteTinyint[5]" classname="org.apache.hive.hcatalog.pig.TestHCatStorer" time="0">
    <skipped message="got: &lt;false&gt;, expected: is &lt;true&gt;"/>
    <system-err><![CDATA[2024-04-24T10:28:17,534  WARN [main] conf.HiveConf: HiveConf of name hive.llap.io.cache.orc.alloc.min does not exist
2024-04-24T10:28:17,534  WARN [main] conf.HiveConf: HiveConf of name hive.metastore.client.cache.recordStats does not exist
2024-04-24T10:28:17,534  WARN [main] conf.HiveConf: HiveConf of name hive.dummyparam.test.server.specific.config.hivesite does not exist
2024-04-24T10:28:17,534  WARN [main] conf.HiveConf: HiveConf of name hive.llap.io.cache.orc.alloc.max does not exist
2024-04-24T10:28:17,534  WARN [main] conf.HiveConf: HiveConf of name hive.dummyparam.test.server.specific.config.metastoresite does not exist
2024-04-24T10:28:17,534  WARN [main] conf.HiveConf: HiveConf of name hive.stats.key.prefix.reserve.length does not exist
2024-04-24T10:28:17,534  WARN [main] conf.HiveConf: HiveConf of name hive.llap.io.cache.orc.size does not exist
2024-04-24T10:28:17,534  WARN [main] conf.HiveConf: HiveConf of name hive.dummyparam.test.server.specific.config.override does not exist
2024-04-24T10:28:17,534  WARN [main] conf.HiveConf: HiveConf of name hive.metastore.client.cache.maxSize does not exist
2024-04-24T10:28:17,534  WARN [main] conf.HiveConf: HiveConf of name hive.llap.io.cache.orc.arena.size does not exist
2024-04-24T10:28:17,534  WARN [main] conf.HiveConf: HiveConf of name hive.metastore.metadb.dir does not exist
2024-04-24T10:28:17,536  INFO [main] metastore.HiveMetaStoreClient: HMS client filtering is enabled.
2024-04-24T10:28:17,536  INFO [main] metastore.PersistenceManagerProvider: Configuration datanucleus.autoStartMechanismMode is not set. Defaulting to 'ignored'
2024-04-24T10:28:17,536  INFO [main] metastore.ObjectStore: RawStore: org.apache.hadoop.hive.metastore.ObjectStore@338cc75f, with PersistenceManager: org.datanucleus.api.jdo.JDOPersistenceManager@2fd409c1 will be shutdown
2024-04-24T10:28:17,536  INFO [main] metastore.ObjectStore: RawStore: org.apache.hadoop.hive.metastore.ObjectStore@338cc75f, with PersistenceManager: org.datanucleus.api.jdo.JDOPersistenceManager@1a59500b created in the thread with id: 1
2024-04-24T10:28:17,538  INFO [main] metastore.HMSHandler: HMS server filtering is disabled by configuration
Hive Session ID = 5962b5c4-aef8-450c-959d-c322bd8da4c8
2024-04-24T10:28:17,538  INFO [main] SessionState: Hive Session ID = 5962b5c4-aef8-450c-959d-c322bd8da4c8
ivysettings.xml file not found in HIVE_HOME or HIVE_CONF_DIR,file:/home/alex/.m2/repository/org/apache/pig/pig/0.16.0/pig-0.16.0-h2.jar!/ivysettings.xml will be used
2024-04-24T10:28:17,538  INFO [main] DependencyResolver: ivysettings.xml file not found in HIVE_HOME or HIVE_CONF_DIR,file:/home/alex/.m2/repository/org/apache/pig/pig/0.16.0/pig-0.16.0-h2.jar!/ivysettings.xml will be used
2024-04-24T10:28:17,544  INFO [main] session.SessionState: Created HDFS directory: /home/alex/Repositories/hive/hcatalog/hcatalog-pig-adapter/target/tmp/scratchdir/alex/5962b5c4-aef8-450c-959d-c322bd8da4c8
2024-04-24T10:28:17,546  INFO [main] session.SessionState: Created local directory: /home/alex/Repositories/hive/hcatalog/hcatalog-pig-adapter/target/tmp/localscratchdir/5962b5c4-aef8-450c-959d-c322bd8da4c8
2024-04-24T10:28:17,549  INFO [main] session.SessionState: Created HDFS directory: /home/alex/Repositories/hive/hcatalog/hcatalog-pig-adapter/target/tmp/scratchdir/alex/5962b5c4-aef8-450c-959d-c322bd8da4c8/_tmp_space.db
]]></system-err>
  </testcase>
  <testcase name="testEmptyStore[5]" classname="org.apache.hive.hcatalog.pig.TestHCatStorer" time="0">
    <skipped message="got: &lt;false&gt;, expected: is &lt;true&gt;"/>
    <system-err><![CDATA[2024-04-24T10:28:17,582  WARN [main] conf.HiveConf: HiveConf of name hive.llap.io.cache.orc.arena.size does not exist
2024-04-24T10:28:17,582  WARN [main] conf.HiveConf: HiveConf of name hive.metastore.client.cache.maxSize does not exist
2024-04-24T10:28:17,582  WARN [main] conf.HiveConf: HiveConf of name hive.llap.io.cache.orc.alloc.max does not exist
2024-04-24T10:28:17,582  WARN [main] conf.HiveConf: HiveConf of name hive.metastore.client.cache.recordStats does not exist
2024-04-24T10:28:17,582  WARN [main] conf.HiveConf: HiveConf of name hive.dummyparam.test.server.specific.config.override does not exist
2024-04-24T10:28:17,582  WARN [main] conf.HiveConf: HiveConf of name hive.dummyparam.test.server.specific.config.hivesite does not exist
2024-04-24T10:28:17,582  WARN [main] conf.HiveConf: HiveConf of name hive.llap.io.cache.orc.size does not exist
2024-04-24T10:28:17,582  WARN [main] conf.HiveConf: HiveConf of name hive.dummyparam.test.server.specific.config.metastoresite does not exist
2024-04-24T10:28:17,582  WARN [main] conf.HiveConf: HiveConf of name hive.llap.io.cache.orc.alloc.min does not exist
2024-04-24T10:28:17,582  WARN [main] conf.HiveConf: HiveConf of name hive.metastore.metadb.dir does not exist
2024-04-24T10:28:17,582  WARN [main] conf.HiveConf: HiveConf of name hive.stats.key.prefix.reserve.length does not exist
2024-04-24T10:28:17,584  INFO [main] metastore.HiveMetaStoreClient: HMS client filtering is enabled.
2024-04-24T10:28:17,584  INFO [main] metastore.PersistenceManagerProvider: Configuration datanucleus.autoStartMechanismMode is not set. Defaulting to 'ignored'
2024-04-24T10:28:17,584  INFO [main] metastore.ObjectStore: RawStore: org.apache.hadoop.hive.metastore.ObjectStore@338cc75f, with PersistenceManager: org.datanucleus.api.jdo.JDOPersistenceManager@1a59500b will be shutdown
2024-04-24T10:28:17,584  INFO [main] metastore.ObjectStore: RawStore: org.apache.hadoop.hive.metastore.ObjectStore@338cc75f, with PersistenceManager: org.datanucleus.api.jdo.JDOPersistenceManager@3dcf6026 created in the thread with id: 1
2024-04-24T10:28:17,586  INFO [main] metastore.HMSHandler: HMS server filtering is disabled by configuration
Hive Session ID = 1afb10c1-39b3-44c7-ad2b-a4be712d2ca0
2024-04-24T10:28:17,586  INFO [main] SessionState: Hive Session ID = 1afb10c1-39b3-44c7-ad2b-a4be712d2ca0
ivysettings.xml file not found in HIVE_HOME or HIVE_CONF_DIR,file:/home/alex/.m2/repository/org/apache/pig/pig/0.16.0/pig-0.16.0-h2.jar!/ivysettings.xml will be used
2024-04-24T10:28:17,587  INFO [main] DependencyResolver: ivysettings.xml file not found in HIVE_HOME or HIVE_CONF_DIR,file:/home/alex/.m2/repository/org/apache/pig/pig/0.16.0/pig-0.16.0-h2.jar!/ivysettings.xml will be used
2024-04-24T10:28:17,592  INFO [main] session.SessionState: Created HDFS directory: /home/alex/Repositories/hive/hcatalog/hcatalog-pig-adapter/target/tmp/scratchdir/alex/1afb10c1-39b3-44c7-ad2b-a4be712d2ca0
2024-04-24T10:28:17,595  INFO [main] session.SessionState: Created local directory: /home/alex/Repositories/hive/hcatalog/hcatalog-pig-adapter/target/tmp/localscratchdir/1afb10c1-39b3-44c7-ad2b-a4be712d2ca0
2024-04-24T10:28:17,597  INFO [main] session.SessionState: Created HDFS directory: /home/alex/Repositories/hive/hcatalog/hcatalog-pig-adapter/target/tmp/scratchdir/alex/1afb10c1-39b3-44c7-ad2b-a4be712d2ca0/_tmp_space.db
]]></system-err>
  </testcase>
  <testcase name="testStoreFuncAllSimpleTypes[5]" classname="org.apache.hive.hcatalog.pig.TestHCatStorer" time="0">
    <skipped message="got: &lt;false&gt;, expected: is &lt;true&gt;"/>
    <system-err><![CDATA[2024-04-24T10:28:17,631  WARN [main] conf.HiveConf: HiveConf of name hive.metastore.client.cache.recordStats does not exist
2024-04-24T10:28:17,631  WARN [main] conf.HiveConf: HiveConf of name hive.metastore.client.cache.maxSize does not exist
2024-04-24T10:28:17,631  WARN [main] conf.HiveConf: HiveConf of name hive.llap.io.cache.orc.arena.size does not exist
2024-04-24T10:28:17,631  WARN [main] conf.HiveConf: HiveConf of name hive.llap.io.cache.orc.alloc.max does not exist
2024-04-24T10:28:17,631  WARN [main] conf.HiveConf: HiveConf of name hive.dummyparam.test.server.specific.config.hivesite does not exist
2024-04-24T10:28:17,631  WARN [main] conf.HiveConf: HiveConf of name hive.llap.io.cache.orc.size does not exist
2024-04-24T10:28:17,631  WARN [main] conf.HiveConf: HiveConf of name hive.llap.io.cache.orc.alloc.min does not exist
2024-04-24T10:28:17,631  WARN [main] conf.HiveConf: HiveConf of name hive.stats.key.prefix.reserve.length does not exist
2024-04-24T10:28:17,631  WARN [main] conf.HiveConf: HiveConf of name hive.dummyparam.test.server.specific.config.override does not exist
2024-04-24T10:28:17,631  WARN [main] conf.HiveConf: HiveConf of name hive.metastore.metadb.dir does not exist
2024-04-24T10:28:17,631  WARN [main] conf.HiveConf: HiveConf of name hive.dummyparam.test.server.specific.config.metastoresite does not exist
2024-04-24T10:28:17,633  INFO [main] metastore.HiveMetaStoreClient: HMS client filtering is enabled.
2024-04-24T10:28:17,633  INFO [main] metastore.PersistenceManagerProvider: Configuration datanucleus.autoStartMechanismMode is not set. Defaulting to 'ignored'
2024-04-24T10:28:17,633  INFO [main] metastore.ObjectStore: RawStore: org.apache.hadoop.hive.metastore.ObjectStore@338cc75f, with PersistenceManager: org.datanucleus.api.jdo.JDOPersistenceManager@3dcf6026 will be shutdown
2024-04-24T10:28:17,633  INFO [main] metastore.ObjectStore: RawStore: org.apache.hadoop.hive.metastore.ObjectStore@338cc75f, with PersistenceManager: org.datanucleus.api.jdo.JDOPersistenceManager@6c399d4 created in the thread with id: 1
2024-04-24T10:28:17,635  INFO [main] metastore.HMSHandler: HMS server filtering is disabled by configuration
Hive Session ID = cffef94b-12db-447e-adf9-ab565ede9b71
2024-04-24T10:28:17,636  INFO [main] SessionState: Hive Session ID = cffef94b-12db-447e-adf9-ab565ede9b71
ivysettings.xml file not found in HIVE_HOME or HIVE_CONF_DIR,file:/home/alex/.m2/repository/org/apache/pig/pig/0.16.0/pig-0.16.0-h2.jar!/ivysettings.xml will be used
2024-04-24T10:28:17,636  INFO [main] DependencyResolver: ivysettings.xml file not found in HIVE_HOME or HIVE_CONF_DIR,file:/home/alex/.m2/repository/org/apache/pig/pig/0.16.0/pig-0.16.0-h2.jar!/ivysettings.xml will be used
2024-04-24T10:28:17,641  INFO [main] session.SessionState: Created HDFS directory: /home/alex/Repositories/hive/hcatalog/hcatalog-pig-adapter/target/tmp/scratchdir/alex/cffef94b-12db-447e-adf9-ab565ede9b71
2024-04-24T10:28:17,644  INFO [main] session.SessionState: Created local directory: /home/alex/Repositories/hive/hcatalog/hcatalog-pig-adapter/target/tmp/localscratchdir/cffef94b-12db-447e-adf9-ab565ede9b71
2024-04-24T10:28:17,646  INFO [main] session.SessionState: Created HDFS directory: /home/alex/Repositories/hive/hcatalog/hcatalog-pig-adapter/target/tmp/scratchdir/alex/cffef94b-12db-447e-adf9-ab565ede9b71/_tmp_space.db
]]></system-err>
  </testcase>
  <testcase name="testDynamicPartitioningMultiPartColsInDataPartialSpec[5]" classname="org.apache.hive.hcatalog.pig.TestHCatStorer" time="0">
    <skipped message="got: &lt;false&gt;, expected: is &lt;true&gt;"/>
    <system-err><![CDATA[2024-04-24T10:28:17,678  WARN [main] conf.HiveConf: HiveConf of name hive.stats.key.prefix.reserve.length does not exist
2024-04-24T10:28:17,678  WARN [main] conf.HiveConf: HiveConf of name hive.llap.io.cache.orc.size does not exist
2024-04-24T10:28:17,679  WARN [main] conf.HiveConf: HiveConf of name hive.llap.io.cache.orc.alloc.min does not exist
2024-04-24T10:28:17,679  WARN [main] conf.HiveConf: HiveConf of name hive.metastore.metadb.dir does not exist
2024-04-24T10:28:17,679  WARN [main] conf.HiveConf: HiveConf of name hive.llap.io.cache.orc.arena.size does not exist
2024-04-24T10:28:17,679  WARN [main] conf.HiveConf: HiveConf of name hive.llap.io.cache.orc.alloc.max does not exist
2024-04-24T10:28:17,679  WARN [main] conf.HiveConf: HiveConf of name hive.dummyparam.test.server.specific.config.override does not exist
2024-04-24T10:28:17,679  WARN [main] conf.HiveConf: HiveConf of name hive.dummyparam.test.server.specific.config.hivesite does not exist
2024-04-24T10:28:17,679  WARN [main] conf.HiveConf: HiveConf of name hive.dummyparam.test.server.specific.config.metastoresite does not exist
2024-04-24T10:28:17,679  WARN [main] conf.HiveConf: HiveConf of name hive.metastore.client.cache.maxSize does not exist
2024-04-24T10:28:17,679  WARN [main] conf.HiveConf: HiveConf of name hive.metastore.client.cache.recordStats does not exist
2024-04-24T10:28:17,680  INFO [main] metastore.HiveMetaStoreClient: HMS client filtering is enabled.
2024-04-24T10:28:17,680  INFO [main] metastore.PersistenceManagerProvider: Configuration datanucleus.autoStartMechanismMode is not set. Defaulting to 'ignored'
2024-04-24T10:28:17,680  INFO [main] metastore.ObjectStore: RawStore: org.apache.hadoop.hive.metastore.ObjectStore@338cc75f, with PersistenceManager: org.datanucleus.api.jdo.JDOPersistenceManager@6c399d4 will be shutdown
2024-04-24T10:28:17,681  INFO [main] metastore.ObjectStore: RawStore: org.apache.hadoop.hive.metastore.ObjectStore@338cc75f, with PersistenceManager: org.datanucleus.api.jdo.JDOPersistenceManager@73dc7db0 created in the thread with id: 1
2024-04-24T10:28:17,683  INFO [main] metastore.HMSHandler: HMS server filtering is disabled by configuration
Hive Session ID = 145a670d-38b5-4a9b-8c7a-80e2188680b4
2024-04-24T10:28:17,683  INFO [main] SessionState: Hive Session ID = 145a670d-38b5-4a9b-8c7a-80e2188680b4
ivysettings.xml file not found in HIVE_HOME or HIVE_CONF_DIR,file:/home/alex/.m2/repository/org/apache/pig/pig/0.16.0/pig-0.16.0-h2.jar!/ivysettings.xml will be used
2024-04-24T10:28:17,683  INFO [main] DependencyResolver: ivysettings.xml file not found in HIVE_HOME or HIVE_CONF_DIR,file:/home/alex/.m2/repository/org/apache/pig/pig/0.16.0/pig-0.16.0-h2.jar!/ivysettings.xml will be used
2024-04-24T10:28:17,688  INFO [main] session.SessionState: Created HDFS directory: /home/alex/Repositories/hive/hcatalog/hcatalog-pig-adapter/target/tmp/scratchdir/alex/145a670d-38b5-4a9b-8c7a-80e2188680b4
2024-04-24T10:28:17,691  INFO [main] session.SessionState: Created local directory: /home/alex/Repositories/hive/hcatalog/hcatalog-pig-adapter/target/tmp/localscratchdir/145a670d-38b5-4a9b-8c7a-80e2188680b4
2024-04-24T10:28:17,693  INFO [main] session.SessionState: Created HDFS directory: /home/alex/Repositories/hive/hcatalog/hcatalog-pig-adapter/target/tmp/scratchdir/alex/145a670d-38b5-4a9b-8c7a-80e2188680b4/_tmp_space.db
]]></system-err>
  </testcase>
  <testcase name="testWriteDate2[5]" classname="org.apache.hive.hcatalog.pig.TestHCatStorer" time="0">
    <skipped message="got: &lt;false&gt;, expected: is &lt;true&gt;"/>
    <system-err><![CDATA[2024-04-24T10:28:17,724  WARN [main] conf.HiveConf: HiveConf of name hive.llap.io.cache.orc.arena.size does not exist
2024-04-24T10:28:17,724  WARN [main] conf.HiveConf: HiveConf of name hive.dummyparam.test.server.specific.config.metastoresite does not exist
2024-04-24T10:28:17,724  WARN [main] conf.HiveConf: HiveConf of name hive.metastore.client.cache.maxSize does not exist
2024-04-24T10:28:17,724  WARN [main] conf.HiveConf: HiveConf of name hive.dummyparam.test.server.specific.config.hivesite does not exist
2024-04-24T10:28:17,724  WARN [main] conf.HiveConf: HiveConf of name hive.llap.io.cache.orc.alloc.max does not exist
2024-04-24T10:28:17,724  WARN [main] conf.HiveConf: HiveConf of name hive.llap.io.cache.orc.alloc.min does not exist
2024-04-24T10:28:17,724  WARN [main] conf.HiveConf: HiveConf of name hive.metastore.metadb.dir does not exist
2024-04-24T10:28:17,724  WARN [main] conf.HiveConf: HiveConf of name hive.dummyparam.test.server.specific.config.override does not exist
2024-04-24T10:28:17,724  WARN [main] conf.HiveConf: HiveConf of name hive.llap.io.cache.orc.size does not exist
2024-04-24T10:28:17,725  WARN [main] conf.HiveConf: HiveConf of name hive.metastore.client.cache.recordStats does not exist
2024-04-24T10:28:17,725  WARN [main] conf.HiveConf: HiveConf of name hive.stats.key.prefix.reserve.length does not exist
2024-04-24T10:28:17,726  INFO [main] metastore.HiveMetaStoreClient: HMS client filtering is enabled.
2024-04-24T10:28:17,726  INFO [main] metastore.PersistenceManagerProvider: Configuration datanucleus.autoStartMechanismMode is not set. Defaulting to 'ignored'
2024-04-24T10:28:17,726  INFO [main] metastore.ObjectStore: RawStore: org.apache.hadoop.hive.metastore.ObjectStore@338cc75f, with PersistenceManager: org.datanucleus.api.jdo.JDOPersistenceManager@73dc7db0 will be shutdown
2024-04-24T10:28:17,726  INFO [main] metastore.ObjectStore: RawStore: org.apache.hadoop.hive.metastore.ObjectStore@338cc75f, with PersistenceManager: org.datanucleus.api.jdo.JDOPersistenceManager@2f408960 created in the thread with id: 1
2024-04-24T10:28:17,728  INFO [main] metastore.HMSHandler: HMS server filtering is disabled by configuration
Hive Session ID = cac03796-0457-4b9c-b62a-cb086517ae54
2024-04-24T10:28:17,728  INFO [main] SessionState: Hive Session ID = cac03796-0457-4b9c-b62a-cb086517ae54
ivysettings.xml file not found in HIVE_HOME or HIVE_CONF_DIR,file:/home/alex/.m2/repository/org/apache/pig/pig/0.16.0/pig-0.16.0-h2.jar!/ivysettings.xml will be used
2024-04-24T10:28:17,729  INFO [main] DependencyResolver: ivysettings.xml file not found in HIVE_HOME or HIVE_CONF_DIR,file:/home/alex/.m2/repository/org/apache/pig/pig/0.16.0/pig-0.16.0-h2.jar!/ivysettings.xml will be used
2024-04-24T10:28:17,734  INFO [main] session.SessionState: Created HDFS directory: /home/alex/Repositories/hive/hcatalog/hcatalog-pig-adapter/target/tmp/scratchdir/alex/cac03796-0457-4b9c-b62a-cb086517ae54
2024-04-24T10:28:17,736  INFO [main] session.SessionState: Created local directory: /home/alex/Repositories/hive/hcatalog/hcatalog-pig-adapter/target/tmp/localscratchdir/cac03796-0457-4b9c-b62a-cb086517ae54
2024-04-24T10:28:17,739  INFO [main] session.SessionState: Created HDFS directory: /home/alex/Repositories/hive/hcatalog/hcatalog-pig-adapter/target/tmp/scratchdir/alex/cac03796-0457-4b9c-b62a-cb086517ae54/_tmp_space.db
]]></system-err>
  </testcase>
  <testcase name="testWriteDate3[5]" classname="org.apache.hive.hcatalog.pig.TestHCatStorer" time="0">
    <skipped message="got: &lt;false&gt;, expected: is &lt;true&gt;"/>
    <system-err><![CDATA[2024-04-24T10:28:17,769  WARN [main] conf.HiveConf: HiveConf of name hive.llap.io.cache.orc.alloc.max does not exist
2024-04-24T10:28:17,769  WARN [main] conf.HiveConf: HiveConf of name hive.dummyparam.test.server.specific.config.override does not exist
2024-04-24T10:28:17,769  WARN [main] conf.HiveConf: HiveConf of name hive.metastore.metadb.dir does not exist
2024-04-24T10:28:17,769  WARN [main] conf.HiveConf: HiveConf of name hive.llap.io.cache.orc.alloc.min does not exist
2024-04-24T10:28:17,769  WARN [main] conf.HiveConf: HiveConf of name hive.stats.key.prefix.reserve.length does not exist
2024-04-24T10:28:17,769  WARN [main] conf.HiveConf: HiveConf of name hive.dummyparam.test.server.specific.config.metastoresite does not exist
2024-04-24T10:28:17,769  WARN [main] conf.HiveConf: HiveConf of name hive.metastore.client.cache.maxSize does not exist
2024-04-24T10:28:17,769  WARN [main] conf.HiveConf: HiveConf of name hive.llap.io.cache.orc.arena.size does not exist
2024-04-24T10:28:17,769  WARN [main] conf.HiveConf: HiveConf of name hive.dummyparam.test.server.specific.config.hivesite does not exist
2024-04-24T10:28:17,769  WARN [main] conf.HiveConf: HiveConf of name hive.metastore.client.cache.recordStats does not exist
2024-04-24T10:28:17,769  WARN [main] conf.HiveConf: HiveConf of name hive.llap.io.cache.orc.size does not exist
2024-04-24T10:28:17,771  INFO [main] metastore.HiveMetaStoreClient: HMS client filtering is enabled.
2024-04-24T10:28:17,771  INFO [main] metastore.PersistenceManagerProvider: Configuration datanucleus.autoStartMechanismMode is not set. Defaulting to 'ignored'
2024-04-24T10:28:17,771  INFO [main] metastore.ObjectStore: RawStore: org.apache.hadoop.hive.metastore.ObjectStore@338cc75f, with PersistenceManager: org.datanucleus.api.jdo.JDOPersistenceManager@2f408960 will be shutdown
2024-04-24T10:28:17,771  INFO [main] metastore.ObjectStore: RawStore: org.apache.hadoop.hive.metastore.ObjectStore@338cc75f, with PersistenceManager: org.datanucleus.api.jdo.JDOPersistenceManager@5fb0a09e created in the thread with id: 1
2024-04-24T10:28:17,773  INFO [main] metastore.HMSHandler: HMS server filtering is disabled by configuration
Hive Session ID = 23aa89b7-5883-4b3a-8857-47d10549df14
2024-04-24T10:28:17,773  INFO [main] SessionState: Hive Session ID = 23aa89b7-5883-4b3a-8857-47d10549df14
ivysettings.xml file not found in HIVE_HOME or HIVE_CONF_DIR,file:/home/alex/.m2/repository/org/apache/pig/pig/0.16.0/pig-0.16.0-h2.jar!/ivysettings.xml will be used
2024-04-24T10:28:17,773  INFO [main] DependencyResolver: ivysettings.xml file not found in HIVE_HOME or HIVE_CONF_DIR,file:/home/alex/.m2/repository/org/apache/pig/pig/0.16.0/pig-0.16.0-h2.jar!/ivysettings.xml will be used
2024-04-24T10:28:17,778  INFO [main] session.SessionState: Created HDFS directory: /home/alex/Repositories/hive/hcatalog/hcatalog-pig-adapter/target/tmp/scratchdir/alex/23aa89b7-5883-4b3a-8857-47d10549df14
2024-04-24T10:28:17,781  INFO [main] session.SessionState: Created local directory: /home/alex/Repositories/hive/hcatalog/hcatalog-pig-adapter/target/tmp/localscratchdir/23aa89b7-5883-4b3a-8857-47d10549df14
2024-04-24T10:28:17,783  INFO [main] session.SessionState: Created HDFS directory: /home/alex/Repositories/hive/hcatalog/hcatalog-pig-adapter/target/tmp/scratchdir/alex/23aa89b7-5883-4b3a-8857-47d10549df14/_tmp_space.db
]]></system-err>
  </testcase>
  <testcase name="testStoreInPartiitonedTbl[5]" classname="org.apache.hive.hcatalog.pig.TestHCatStorer" time="0">
    <skipped message="got: &lt;false&gt;, expected: is &lt;true&gt;"/>
    <system-err><![CDATA[2024-04-24T10:28:17,814  WARN [main] conf.HiveConf: HiveConf of name hive.dummyparam.test.server.specific.config.hivesite does not exist
2024-04-24T10:28:17,814  WARN [main] conf.HiveConf: HiveConf of name hive.llap.io.cache.orc.alloc.max does not exist
2024-04-24T10:28:17,814  WARN [main] conf.HiveConf: HiveConf of name hive.dummyparam.test.server.specific.config.metastoresite does not exist
2024-04-24T10:28:17,814  WARN [main] conf.HiveConf: HiveConf of name hive.llap.io.cache.orc.alloc.min does not exist
2024-04-24T10:28:17,814  WARN [main] conf.HiveConf: HiveConf of name hive.stats.key.prefix.reserve.length does not exist
2024-04-24T10:28:17,814  WARN [main] conf.HiveConf: HiveConf of name hive.metastore.client.cache.maxSize does not exist
2024-04-24T10:28:17,814  WARN [main] conf.HiveConf: HiveConf of name hive.dummyparam.test.server.specific.config.override does not exist
2024-04-24T10:28:17,814  WARN [main] conf.HiveConf: HiveConf of name hive.metastore.client.cache.recordStats does not exist
2024-04-24T10:28:17,814  WARN [main] conf.HiveConf: HiveConf of name hive.llap.io.cache.orc.arena.size does not exist
2024-04-24T10:28:17,814  WARN [main] conf.HiveConf: HiveConf of name hive.metastore.metadb.dir does not exist
2024-04-24T10:28:17,814  WARN [main] conf.HiveConf: HiveConf of name hive.llap.io.cache.orc.size does not exist
2024-04-24T10:28:17,816  INFO [main] metastore.HiveMetaStoreClient: HMS client filtering is enabled.
2024-04-24T10:28:17,816  INFO [main] metastore.PersistenceManagerProvider: Configuration datanucleus.autoStartMechanismMode is not set. Defaulting to 'ignored'
2024-04-24T10:28:17,816  INFO [main] metastore.ObjectStore: RawStore: org.apache.hadoop.hive.metastore.ObjectStore@338cc75f, with PersistenceManager: org.datanucleus.api.jdo.JDOPersistenceManager@5fb0a09e will be shutdown
2024-04-24T10:28:17,816  INFO [main] metastore.ObjectStore: RawStore: org.apache.hadoop.hive.metastore.ObjectStore@338cc75f, with PersistenceManager: org.datanucleus.api.jdo.JDOPersistenceManager@1ced1d14 created in the thread with id: 1
2024-04-24T10:28:17,818  INFO [main] metastore.HMSHandler: HMS server filtering is disabled by configuration
Hive Session ID = 6664eb82-7032-4e70-a34c-8cfd7d39cd38
2024-04-24T10:28:17,818  INFO [main] SessionState: Hive Session ID = 6664eb82-7032-4e70-a34c-8cfd7d39cd38
ivysettings.xml file not found in HIVE_HOME or HIVE_CONF_DIR,file:/home/alex/.m2/repository/org/apache/pig/pig/0.16.0/pig-0.16.0-h2.jar!/ivysettings.xml will be used
2024-04-24T10:28:17,818  INFO [main] DependencyResolver: ivysettings.xml file not found in HIVE_HOME or HIVE_CONF_DIR,file:/home/alex/.m2/repository/org/apache/pig/pig/0.16.0/pig-0.16.0-h2.jar!/ivysettings.xml will be used
2024-04-24T10:28:17,823  INFO [main] session.SessionState: Created HDFS directory: /home/alex/Repositories/hive/hcatalog/hcatalog-pig-adapter/target/tmp/scratchdir/alex/6664eb82-7032-4e70-a34c-8cfd7d39cd38
2024-04-24T10:28:17,825  INFO [main] session.SessionState: Created local directory: /home/alex/Repositories/hive/hcatalog/hcatalog-pig-adapter/target/tmp/localscratchdir/6664eb82-7032-4e70-a34c-8cfd7d39cd38
2024-04-24T10:28:17,828  INFO [main] session.SessionState: Created HDFS directory: /home/alex/Repositories/hive/hcatalog/hcatalog-pig-adapter/target/tmp/scratchdir/alex/6664eb82-7032-4e70-a34c-8cfd7d39cd38/_tmp_space.db
]]></system-err>
  </testcase>
  <testcase name="testWriteChar[5]" classname="org.apache.hive.hcatalog.pig.TestHCatStorer" time="0">
    <skipped message="got: &lt;false&gt;, expected: is &lt;true&gt;"/>
    <system-err><![CDATA[2024-04-24T10:28:17,868  WARN [main] conf.HiveConf: HiveConf of name hive.metastore.metadb.dir does not exist
2024-04-24T10:28:17,868  WARN [main] conf.HiveConf: HiveConf of name hive.metastore.client.cache.recordStats does not exist
2024-04-24T10:28:17,868  WARN [main] conf.HiveConf: HiveConf of name hive.dummyparam.test.server.specific.config.hivesite does not exist
2024-04-24T10:28:17,868  WARN [main] conf.HiveConf: HiveConf of name hive.dummyparam.test.server.specific.config.metastoresite does not exist
2024-04-24T10:28:17,868  WARN [main] conf.HiveConf: HiveConf of name hive.llap.io.cache.orc.arena.size does not exist
2024-04-24T10:28:17,868  WARN [main] conf.HiveConf: HiveConf of name hive.dummyparam.test.server.specific.config.override does not exist
2024-04-24T10:28:17,868  WARN [main] conf.HiveConf: HiveConf of name hive.llap.io.cache.orc.alloc.max does not exist
2024-04-24T10:28:17,868  WARN [main] conf.HiveConf: HiveConf of name hive.llap.io.cache.orc.alloc.min does not exist
2024-04-24T10:28:17,868  WARN [main] conf.HiveConf: HiveConf of name hive.stats.key.prefix.reserve.length does not exist
2024-04-24T10:28:17,868  WARN [main] conf.HiveConf: HiveConf of name hive.metastore.client.cache.maxSize does not exist
2024-04-24T10:28:17,868  WARN [main] conf.HiveConf: HiveConf of name hive.llap.io.cache.orc.size does not exist
2024-04-24T10:28:17,870  INFO [main] metastore.HiveMetaStoreClient: HMS client filtering is enabled.
2024-04-24T10:28:17,870  INFO [main] metastore.PersistenceManagerProvider: Configuration datanucleus.autoStartMechanismMode is not set. Defaulting to 'ignored'
2024-04-24T10:28:17,870  INFO [main] metastore.ObjectStore: RawStore: org.apache.hadoop.hive.metastore.ObjectStore@338cc75f, with PersistenceManager: org.datanucleus.api.jdo.JDOPersistenceManager@1ced1d14 will be shutdown
2024-04-24T10:28:17,870  INFO [main] metastore.ObjectStore: RawStore: org.apache.hadoop.hive.metastore.ObjectStore@338cc75f, with PersistenceManager: org.datanucleus.api.jdo.JDOPersistenceManager@39a1c200 created in the thread with id: 1
2024-04-24T10:28:17,872  INFO [main] metastore.HMSHandler: HMS server filtering is disabled by configuration
Hive Session ID = 5223caf1-912c-4182-a4da-b05f50ccbe7d
2024-04-24T10:28:17,872  INFO [main] SessionState: Hive Session ID = 5223caf1-912c-4182-a4da-b05f50ccbe7d
ivysettings.xml file not found in HIVE_HOME or HIVE_CONF_DIR,file:/home/alex/.m2/repository/org/apache/pig/pig/0.16.0/pig-0.16.0-h2.jar!/ivysettings.xml will be used
2024-04-24T10:28:17,872  INFO [main] DependencyResolver: ivysettings.xml file not found in HIVE_HOME or HIVE_CONF_DIR,file:/home/alex/.m2/repository/org/apache/pig/pig/0.16.0/pig-0.16.0-h2.jar!/ivysettings.xml will be used
2024-04-24T10:28:17,878  INFO [main] session.SessionState: Created HDFS directory: /home/alex/Repositories/hive/hcatalog/hcatalog-pig-adapter/target/tmp/scratchdir/alex/5223caf1-912c-4182-a4da-b05f50ccbe7d
2024-04-24T10:28:17,881  INFO [main] session.SessionState: Created local directory: /home/alex/Repositories/hive/hcatalog/hcatalog-pig-adapter/target/tmp/localscratchdir/5223caf1-912c-4182-a4da-b05f50ccbe7d
2024-04-24T10:28:17,883  INFO [main] session.SessionState: Created HDFS directory: /home/alex/Repositories/hive/hcatalog/hcatalog-pig-adapter/target/tmp/scratchdir/alex/5223caf1-912c-4182-a4da-b05f50ccbe7d/_tmp_space.db
]]></system-err>
  </testcase>
  <testcase name="testWriteDate[5]" classname="org.apache.hive.hcatalog.pig.TestHCatStorer" time="0">
    <skipped message="got: &lt;false&gt;, expected: is &lt;true&gt;"/>
    <system-err><![CDATA[2024-04-24T10:28:17,928  WARN [main] conf.HiveConf: HiveConf of name hive.metastore.client.cache.recordStats does not exist
2024-04-24T10:28:17,928  WARN [main] conf.HiveConf: HiveConf of name hive.metastore.metadb.dir does not exist
2024-04-24T10:28:17,928  WARN [main] conf.HiveConf: HiveConf of name hive.llap.io.cache.orc.size does not exist
2024-04-24T10:28:17,928  WARN [main] conf.HiveConf: HiveConf of name hive.metastore.client.cache.maxSize does not exist
2024-04-24T10:28:17,928  WARN [main] conf.HiveConf: HiveConf of name hive.stats.key.prefix.reserve.length does not exist
2024-04-24T10:28:17,928  WARN [main] conf.HiveConf: HiveConf of name hive.dummyparam.test.server.specific.config.hivesite does not exist
2024-04-24T10:28:17,928  WARN [main] conf.HiveConf: HiveConf of name hive.llap.io.cache.orc.alloc.min does not exist
2024-04-24T10:28:17,928  WARN [main] conf.HiveConf: HiveConf of name hive.dummyparam.test.server.specific.config.metastoresite does not exist
2024-04-24T10:28:17,929  WARN [main] conf.HiveConf: HiveConf of name hive.dummyparam.test.server.specific.config.override does not exist
2024-04-24T10:28:17,929  WARN [main] conf.HiveConf: HiveConf of name hive.llap.io.cache.orc.alloc.max does not exist
2024-04-24T10:28:17,929  WARN [main] conf.HiveConf: HiveConf of name hive.llap.io.cache.orc.arena.size does not exist
2024-04-24T10:28:17,930  INFO [main] metastore.HiveMetaStoreClient: HMS client filtering is enabled.
2024-04-24T10:28:17,930  INFO [main] metastore.PersistenceManagerProvider: Configuration datanucleus.autoStartMechanismMode is not set. Defaulting to 'ignored'
2024-04-24T10:28:17,930  INFO [main] metastore.ObjectStore: RawStore: org.apache.hadoop.hive.metastore.ObjectStore@338cc75f, with PersistenceManager: org.datanucleus.api.jdo.JDOPersistenceManager@39a1c200 will be shutdown
2024-04-24T10:28:17,930  INFO [main] metastore.ObjectStore: RawStore: org.apache.hadoop.hive.metastore.ObjectStore@338cc75f, with PersistenceManager: org.datanucleus.api.jdo.JDOPersistenceManager@514c6ca0 created in the thread with id: 1
2024-04-24T10:28:17,932  INFO [main] metastore.HMSHandler: HMS server filtering is disabled by configuration
Hive Session ID = c7164e87-c18f-4cc0-a34f-5035e97cfbed
2024-04-24T10:28:17,933  INFO [main] SessionState: Hive Session ID = c7164e87-c18f-4cc0-a34f-5035e97cfbed
ivysettings.xml file not found in HIVE_HOME or HIVE_CONF_DIR,file:/home/alex/.m2/repository/org/apache/pig/pig/0.16.0/pig-0.16.0-h2.jar!/ivysettings.xml will be used
2024-04-24T10:28:17,933  INFO [main] DependencyResolver: ivysettings.xml file not found in HIVE_HOME or HIVE_CONF_DIR,file:/home/alex/.m2/repository/org/apache/pig/pig/0.16.0/pig-0.16.0-h2.jar!/ivysettings.xml will be used
2024-04-24T10:28:17,938  INFO [main] session.SessionState: Created HDFS directory: /home/alex/Repositories/hive/hcatalog/hcatalog-pig-adapter/target/tmp/scratchdir/alex/c7164e87-c18f-4cc0-a34f-5035e97cfbed
2024-04-24T10:28:17,940  INFO [main] session.SessionState: Created local directory: /home/alex/Repositories/hive/hcatalog/hcatalog-pig-adapter/target/tmp/localscratchdir/c7164e87-c18f-4cc0-a34f-5035e97cfbed
2024-04-24T10:28:17,942  INFO [main] session.SessionState: Created HDFS directory: /home/alex/Repositories/hive/hcatalog/hcatalog-pig-adapter/target/tmp/scratchdir/alex/c7164e87-c18f-4cc0-a34f-5035e97cfbed/_tmp_space.db
]]></system-err>
  </testcase>
  <testcase name="testWriteSmallint[5]" classname="org.apache.hive.hcatalog.pig.TestHCatStorer" time="0">
    <skipped message="got: &lt;false&gt;, expected: is &lt;true&gt;"/>
    <system-err><![CDATA[2024-04-24T10:28:17,972  WARN [main] conf.HiveConf: HiveConf of name hive.dummyparam.test.server.specific.config.metastoresite does not exist
2024-04-24T10:28:17,972  WARN [main] conf.HiveConf: HiveConf of name hive.metastore.metadb.dir does not exist
2024-04-24T10:28:17,972  WARN [main] conf.HiveConf: HiveConf of name hive.llap.io.cache.orc.size does not exist
2024-04-24T10:28:17,972  WARN [main] conf.HiveConf: HiveConf of name hive.metastore.client.cache.maxSize does not exist
2024-04-24T10:28:17,973  WARN [main] conf.HiveConf: HiveConf of name hive.llap.io.cache.orc.arena.size does not exist
2024-04-24T10:28:17,973  WARN [main] conf.HiveConf: HiveConf of name hive.metastore.client.cache.recordStats does not exist
2024-04-24T10:28:17,973  WARN [main] conf.HiveConf: HiveConf of name hive.llap.io.cache.orc.alloc.max does not exist
2024-04-24T10:28:17,973  WARN [main] conf.HiveConf: HiveConf of name hive.dummyparam.test.server.specific.config.override does not exist
2024-04-24T10:28:17,973  WARN [main] conf.HiveConf: HiveConf of name hive.stats.key.prefix.reserve.length does not exist
2024-04-24T10:28:17,973  WARN [main] conf.HiveConf: HiveConf of name hive.llap.io.cache.orc.alloc.min does not exist
2024-04-24T10:28:17,973  WARN [main] conf.HiveConf: HiveConf of name hive.dummyparam.test.server.specific.config.hivesite does not exist
2024-04-24T10:28:17,974  INFO [main] metastore.HiveMetaStoreClient: HMS client filtering is enabled.
2024-04-24T10:28:17,974  INFO [main] metastore.PersistenceManagerProvider: Configuration datanucleus.autoStartMechanismMode is not set. Defaulting to 'ignored'
2024-04-24T10:28:17,974  INFO [main] metastore.ObjectStore: RawStore: org.apache.hadoop.hive.metastore.ObjectStore@338cc75f, with PersistenceManager: org.datanucleus.api.jdo.JDOPersistenceManager@514c6ca0 will be shutdown
2024-04-24T10:28:17,975  INFO [main] metastore.ObjectStore: RawStore: org.apache.hadoop.hive.metastore.ObjectStore@338cc75f, with PersistenceManager: org.datanucleus.api.jdo.JDOPersistenceManager@1e084a26 created in the thread with id: 1
2024-04-24T10:28:17,976  INFO [main] metastore.HMSHandler: HMS server filtering is disabled by configuration
Hive Session ID = 946a4104-d84b-49e2-8a05-d952af44249c
2024-04-24T10:28:17,977  INFO [main] SessionState: Hive Session ID = 946a4104-d84b-49e2-8a05-d952af44249c
ivysettings.xml file not found in HIVE_HOME or HIVE_CONF_DIR,file:/home/alex/.m2/repository/org/apache/pig/pig/0.16.0/pig-0.16.0-h2.jar!/ivysettings.xml will be used
2024-04-24T10:28:17,977  INFO [main] DependencyResolver: ivysettings.xml file not found in HIVE_HOME or HIVE_CONF_DIR,file:/home/alex/.m2/repository/org/apache/pig/pig/0.16.0/pig-0.16.0-h2.jar!/ivysettings.xml will be used
2024-04-24T10:28:17,982  INFO [main] session.SessionState: Created HDFS directory: /home/alex/Repositories/hive/hcatalog/hcatalog-pig-adapter/target/tmp/scratchdir/alex/946a4104-d84b-49e2-8a05-d952af44249c
2024-04-24T10:28:17,984  INFO [main] session.SessionState: Created local directory: /home/alex/Repositories/hive/hcatalog/hcatalog-pig-adapter/target/tmp/localscratchdir/946a4104-d84b-49e2-8a05-d952af44249c
2024-04-24T10:28:17,986  INFO [main] session.SessionState: Created HDFS directory: /home/alex/Repositories/hive/hcatalog/hcatalog-pig-adapter/target/tmp/scratchdir/alex/946a4104-d84b-49e2-8a05-d952af44249c/_tmp_space.db
]]></system-err>
  </testcase>
  <testcase name="testDynamicPartitioningMultiPartColsNoDataInDataNoSpec[5]" classname="org.apache.hive.hcatalog.pig.TestHCatStorer" time="0">
    <skipped message="got: &lt;false&gt;, expected: is &lt;true&gt;"/>
    <system-err><![CDATA[2024-04-24T10:28:18,016  WARN [main] conf.HiveConf: HiveConf of name hive.llap.io.cache.orc.size does not exist
2024-04-24T10:28:18,016  WARN [main] conf.HiveConf: HiveConf of name hive.llap.io.cache.orc.alloc.min does not exist
2024-04-24T10:28:18,016  WARN [main] conf.HiveConf: HiveConf of name hive.llap.io.cache.orc.alloc.max does not exist
2024-04-24T10:28:18,016  WARN [main] conf.HiveConf: HiveConf of name hive.metastore.client.cache.maxSize does not exist
2024-04-24T10:28:18,016  WARN [main] conf.HiveConf: HiveConf of name hive.llap.io.cache.orc.arena.size does not exist
2024-04-24T10:28:18,016  WARN [main] conf.HiveConf: HiveConf of name hive.dummyparam.test.server.specific.config.override does not exist
2024-04-24T10:28:18,016  WARN [main] conf.HiveConf: HiveConf of name hive.dummyparam.test.server.specific.config.hivesite does not exist
2024-04-24T10:28:18,017  WARN [main] conf.HiveConf: HiveConf of name hive.stats.key.prefix.reserve.length does not exist
2024-04-24T10:28:18,017  WARN [main] conf.HiveConf: HiveConf of name hive.dummyparam.test.server.specific.config.metastoresite does not exist
2024-04-24T10:28:18,017  WARN [main] conf.HiveConf: HiveConf of name hive.metastore.client.cache.recordStats does not exist
2024-04-24T10:28:18,017  WARN [main] conf.HiveConf: HiveConf of name hive.metastore.metadb.dir does not exist
2024-04-24T10:28:18,018  INFO [main] metastore.HiveMetaStoreClient: HMS client filtering is enabled.
2024-04-24T10:28:18,018  INFO [main] metastore.PersistenceManagerProvider: Configuration datanucleus.autoStartMechanismMode is not set. Defaulting to 'ignored'
2024-04-24T10:28:18,018  INFO [main] metastore.ObjectStore: RawStore: org.apache.hadoop.hive.metastore.ObjectStore@338cc75f, with PersistenceManager: org.datanucleus.api.jdo.JDOPersistenceManager@1e084a26 will be shutdown
2024-04-24T10:28:18,019  INFO [main] metastore.ObjectStore: RawStore: org.apache.hadoop.hive.metastore.ObjectStore@338cc75f, with PersistenceManager: org.datanucleus.api.jdo.JDOPersistenceManager@3e8eea59 created in the thread with id: 1
2024-04-24T10:28:18,020  INFO [main] metastore.HMSHandler: HMS server filtering is disabled by configuration
Hive Session ID = cd860e60-27e7-40c2-b25f-c1b8a0ddaa09
2024-04-24T10:28:18,021  INFO [main] SessionState: Hive Session ID = cd860e60-27e7-40c2-b25f-c1b8a0ddaa09
ivysettings.xml file not found in HIVE_HOME or HIVE_CONF_DIR,file:/home/alex/.m2/repository/org/apache/pig/pig/0.16.0/pig-0.16.0-h2.jar!/ivysettings.xml will be used
2024-04-24T10:28:18,021  INFO [main] DependencyResolver: ivysettings.xml file not found in HIVE_HOME or HIVE_CONF_DIR,file:/home/alex/.m2/repository/org/apache/pig/pig/0.16.0/pig-0.16.0-h2.jar!/ivysettings.xml will be used
2024-04-24T10:28:18,026  INFO [main] session.SessionState: Created HDFS directory: /home/alex/Repositories/hive/hcatalog/hcatalog-pig-adapter/target/tmp/scratchdir/alex/cd860e60-27e7-40c2-b25f-c1b8a0ddaa09
2024-04-24T10:28:18,028  INFO [main] session.SessionState: Created local directory: /home/alex/Repositories/hive/hcatalog/hcatalog-pig-adapter/target/tmp/localscratchdir/cd860e60-27e7-40c2-b25f-c1b8a0ddaa09
2024-04-24T10:28:18,030  INFO [main] session.SessionState: Created HDFS directory: /home/alex/Repositories/hive/hcatalog/hcatalog-pig-adapter/target/tmp/scratchdir/alex/cd860e60-27e7-40c2-b25f-c1b8a0ddaa09/_tmp_space.db
]]></system-err>
  </testcase>
  <testcase name="testWriteVarchar[5]" classname="org.apache.hive.hcatalog.pig.TestHCatStorer" time="0">
    <skipped message="got: &lt;false&gt;, expected: is &lt;true&gt;"/>
    <system-err><![CDATA[2024-04-24T10:28:18,061  WARN [main] conf.HiveConf: HiveConf of name hive.dummyparam.test.server.specific.config.override does not exist
2024-04-24T10:28:18,061  WARN [main] conf.HiveConf: HiveConf of name hive.stats.key.prefix.reserve.length does not exist
2024-04-24T10:28:18,061  WARN [main] conf.HiveConf: HiveConf of name hive.dummyparam.test.server.specific.config.metastoresite does not exist
2024-04-24T10:28:18,061  WARN [main] conf.HiveConf: HiveConf of name hive.llap.io.cache.orc.alloc.max does not exist
2024-04-24T10:28:18,061  WARN [main] conf.HiveConf: HiveConf of name hive.llap.io.cache.orc.size does not exist
2024-04-24T10:28:18,061  WARN [main] conf.HiveConf: HiveConf of name hive.metastore.client.cache.maxSize does not exist
2024-04-24T10:28:18,061  WARN [main] conf.HiveConf: HiveConf of name hive.llap.io.cache.orc.alloc.min does not exist
2024-04-24T10:28:18,061  WARN [main] conf.HiveConf: HiveConf of name hive.metastore.metadb.dir does not exist
2024-04-24T10:28:18,061  WARN [main] conf.HiveConf: HiveConf of name hive.llap.io.cache.orc.arena.size does not exist
2024-04-24T10:28:18,062  WARN [main] conf.HiveConf: HiveConf of name hive.dummyparam.test.server.specific.config.hivesite does not exist
2024-04-24T10:28:18,062  WARN [main] conf.HiveConf: HiveConf of name hive.metastore.client.cache.recordStats does not exist
2024-04-24T10:28:18,063  INFO [main] metastore.HiveMetaStoreClient: HMS client filtering is enabled.
2024-04-24T10:28:18,063  INFO [main] metastore.PersistenceManagerProvider: Configuration datanucleus.autoStartMechanismMode is not set. Defaulting to 'ignored'
2024-04-24T10:28:18,063  INFO [main] metastore.ObjectStore: RawStore: org.apache.hadoop.hive.metastore.ObjectStore@338cc75f, with PersistenceManager: org.datanucleus.api.jdo.JDOPersistenceManager@3e8eea59 will be shutdown
2024-04-24T10:28:18,064  INFO [main] metastore.ObjectStore: RawStore: org.apache.hadoop.hive.metastore.ObjectStore@338cc75f, with PersistenceManager: org.datanucleus.api.jdo.JDOPersistenceManager@7236213e created in the thread with id: 1
2024-04-24T10:28:18,065  INFO [main] metastore.HMSHandler: HMS server filtering is disabled by configuration
Hive Session ID = 712f58cc-2e83-4cff-b60e-9cafba4458e0
2024-04-24T10:28:18,065  INFO [main] SessionState: Hive Session ID = 712f58cc-2e83-4cff-b60e-9cafba4458e0
ivysettings.xml file not found in HIVE_HOME or HIVE_CONF_DIR,file:/home/alex/.m2/repository/org/apache/pig/pig/0.16.0/pig-0.16.0-h2.jar!/ivysettings.xml will be used
2024-04-24T10:28:18,066  INFO [main] DependencyResolver: ivysettings.xml file not found in HIVE_HOME or HIVE_CONF_DIR,file:/home/alex/.m2/repository/org/apache/pig/pig/0.16.0/pig-0.16.0-h2.jar!/ivysettings.xml will be used
2024-04-24T10:28:18,071  INFO [main] session.SessionState: Created HDFS directory: /home/alex/Repositories/hive/hcatalog/hcatalog-pig-adapter/target/tmp/scratchdir/alex/712f58cc-2e83-4cff-b60e-9cafba4458e0
2024-04-24T10:28:18,073  INFO [main] session.SessionState: Created local directory: /home/alex/Repositories/hive/hcatalog/hcatalog-pig-adapter/target/tmp/localscratchdir/712f58cc-2e83-4cff-b60e-9cafba4458e0
2024-04-24T10:28:18,075  INFO [main] session.SessionState: Created HDFS directory: /home/alex/Repositories/hive/hcatalog/hcatalog-pig-adapter/target/tmp/scratchdir/alex/712f58cc-2e83-4cff-b60e-9cafba4458e0/_tmp_space.db
]]></system-err>
  </testcase>
  <testcase name="testBagNStruct[5]" classname="org.apache.hive.hcatalog.pig.TestHCatStorer" time="0">
    <skipped message="got: &lt;false&gt;, expected: is &lt;true&gt;"/>
    <system-err><![CDATA[2024-04-24T10:28:18,105  WARN [main] conf.HiveConf: HiveConf of name hive.llap.io.cache.orc.alloc.min does not exist
2024-04-24T10:28:18,105  WARN [main] conf.HiveConf: HiveConf of name hive.metastore.client.cache.maxSize does not exist
2024-04-24T10:28:18,105  WARN [main] conf.HiveConf: HiveConf of name hive.llap.io.cache.orc.size does not exist
2024-04-24T10:28:18,105  WARN [main] conf.HiveConf: HiveConf of name hive.dummyparam.test.server.specific.config.metastoresite does not exist
2024-04-24T10:28:18,105  WARN [main] conf.HiveConf: HiveConf of name hive.dummyparam.test.server.specific.config.hivesite does not exist
2024-04-24T10:28:18,105  WARN [main] conf.HiveConf: HiveConf of name hive.stats.key.prefix.reserve.length does not exist
2024-04-24T10:28:18,105  WARN [main] conf.HiveConf: HiveConf of name hive.metastore.metadb.dir does not exist
2024-04-24T10:28:18,105  WARN [main] conf.HiveConf: HiveConf of name hive.metastore.client.cache.recordStats does not exist
2024-04-24T10:28:18,105  WARN [main] conf.HiveConf: HiveConf of name hive.dummyparam.test.server.specific.config.override does not exist
2024-04-24T10:28:18,105  WARN [main] conf.HiveConf: HiveConf of name hive.llap.io.cache.orc.alloc.max does not exist
2024-04-24T10:28:18,106  WARN [main] conf.HiveConf: HiveConf of name hive.llap.io.cache.orc.arena.size does not exist
2024-04-24T10:28:18,107  INFO [main] metastore.HiveMetaStoreClient: HMS client filtering is enabled.
2024-04-24T10:28:18,107  INFO [main] metastore.PersistenceManagerProvider: Configuration datanucleus.autoStartMechanismMode is not set. Defaulting to 'ignored'
2024-04-24T10:28:18,108  INFO [main] metastore.ObjectStore: RawStore: org.apache.hadoop.hive.metastore.ObjectStore@338cc75f, with PersistenceManager: org.datanucleus.api.jdo.JDOPersistenceManager@7236213e will be shutdown
2024-04-24T10:28:18,108  INFO [main] metastore.ObjectStore: RawStore: org.apache.hadoop.hive.metastore.ObjectStore@338cc75f, with PersistenceManager: org.datanucleus.api.jdo.JDOPersistenceManager@3bede349 created in the thread with id: 1
2024-04-24T10:28:18,109  INFO [main] metastore.HMSHandler: HMS server filtering is disabled by configuration
Hive Session ID = c948fb6a-7a62-418e-a235-df2ed667b255
2024-04-24T10:28:18,110  INFO [main] SessionState: Hive Session ID = c948fb6a-7a62-418e-a235-df2ed667b255
ivysettings.xml file not found in HIVE_HOME or HIVE_CONF_DIR,file:/home/alex/.m2/repository/org/apache/pig/pig/0.16.0/pig-0.16.0-h2.jar!/ivysettings.xml will be used
2024-04-24T10:28:18,110  INFO [main] DependencyResolver: ivysettings.xml file not found in HIVE_HOME or HIVE_CONF_DIR,file:/home/alex/.m2/repository/org/apache/pig/pig/0.16.0/pig-0.16.0-h2.jar!/ivysettings.xml will be used
2024-04-24T10:28:18,115  INFO [main] session.SessionState: Created HDFS directory: /home/alex/Repositories/hive/hcatalog/hcatalog-pig-adapter/target/tmp/scratchdir/alex/c948fb6a-7a62-418e-a235-df2ed667b255
2024-04-24T10:28:18,118  INFO [main] session.SessionState: Created local directory: /home/alex/Repositories/hive/hcatalog/hcatalog-pig-adapter/target/tmp/localscratchdir/c948fb6a-7a62-418e-a235-df2ed667b255
2024-04-24T10:28:18,120  INFO [main] session.SessionState: Created HDFS directory: /home/alex/Repositories/hive/hcatalog/hcatalog-pig-adapter/target/tmp/scratchdir/alex/c948fb6a-7a62-418e-a235-df2ed667b255/_tmp_space.db
]]></system-err>
  </testcase>
  <testcase name="testStaticPartitioningMultiPartCols[5]" classname="org.apache.hive.hcatalog.pig.TestHCatStorer" time="0">
    <skipped message="got: &lt;false&gt;, expected: is &lt;true&gt;"/>
    <system-err><![CDATA[2024-04-24T10:28:18,154  WARN [main] conf.HiveConf: HiveConf of name hive.dummyparam.test.server.specific.config.metastoresite does not exist
2024-04-24T10:28:18,154  WARN [main] conf.HiveConf: HiveConf of name hive.llap.io.cache.orc.alloc.max does not exist
2024-04-24T10:28:18,154  WARN [main] conf.HiveConf: HiveConf of name hive.llap.io.cache.orc.size does not exist
2024-04-24T10:28:18,154  WARN [main] conf.HiveConf: HiveConf of name hive.llap.io.cache.orc.arena.size does not exist
2024-04-24T10:28:18,154  WARN [main] conf.HiveConf: HiveConf of name hive.dummyparam.test.server.specific.config.override does not exist
2024-04-24T10:28:18,154  WARN [main] conf.HiveConf: HiveConf of name hive.stats.key.prefix.reserve.length does not exist
2024-04-24T10:28:18,154  WARN [main] conf.HiveConf: HiveConf of name hive.llap.io.cache.orc.alloc.min does not exist
2024-04-24T10:28:18,154  WARN [main] conf.HiveConf: HiveConf of name hive.metastore.client.cache.recordStats does not exist
2024-04-24T10:28:18,154  WARN [main] conf.HiveConf: HiveConf of name hive.metastore.metadb.dir does not exist
2024-04-24T10:28:18,154  WARN [main] conf.HiveConf: HiveConf of name hive.metastore.client.cache.maxSize does not exist
2024-04-24T10:28:18,154  WARN [main] conf.HiveConf: HiveConf of name hive.dummyparam.test.server.specific.config.hivesite does not exist
2024-04-24T10:28:18,155  INFO [main] metastore.HiveMetaStoreClient: HMS client filtering is enabled.
2024-04-24T10:28:18,155  INFO [main] metastore.PersistenceManagerProvider: Configuration datanucleus.autoStartMechanismMode is not set. Defaulting to 'ignored'
2024-04-24T10:28:18,156  INFO [main] metastore.ObjectStore: RawStore: org.apache.hadoop.hive.metastore.ObjectStore@338cc75f, with PersistenceManager: org.datanucleus.api.jdo.JDOPersistenceManager@3bede349 will be shutdown
2024-04-24T10:28:18,156  INFO [main] metastore.ObjectStore: RawStore: org.apache.hadoop.hive.metastore.ObjectStore@338cc75f, with PersistenceManager: org.datanucleus.api.jdo.JDOPersistenceManager@6f5f892c created in the thread with id: 1
2024-04-24T10:28:18,158  INFO [main] metastore.HMSHandler: HMS server filtering is disabled by configuration
Hive Session ID = d40292dc-70f8-411d-87e1-89b907ed3628
2024-04-24T10:28:18,158  INFO [main] SessionState: Hive Session ID = d40292dc-70f8-411d-87e1-89b907ed3628
ivysettings.xml file not found in HIVE_HOME or HIVE_CONF_DIR,file:/home/alex/.m2/repository/org/apache/pig/pig/0.16.0/pig-0.16.0-h2.jar!/ivysettings.xml will be used
2024-04-24T10:28:18,158  INFO [main] DependencyResolver: ivysettings.xml file not found in HIVE_HOME or HIVE_CONF_DIR,file:/home/alex/.m2/repository/org/apache/pig/pig/0.16.0/pig-0.16.0-h2.jar!/ivysettings.xml will be used
2024-04-24T10:28:18,164  INFO [main] session.SessionState: Created HDFS directory: /home/alex/Repositories/hive/hcatalog/hcatalog-pig-adapter/target/tmp/scratchdir/alex/d40292dc-70f8-411d-87e1-89b907ed3628
2024-04-24T10:28:18,166  INFO [main] session.SessionState: Created local directory: /home/alex/Repositories/hive/hcatalog/hcatalog-pig-adapter/target/tmp/localscratchdir/d40292dc-70f8-411d-87e1-89b907ed3628
2024-04-24T10:28:18,168  INFO [main] session.SessionState: Created HDFS directory: /home/alex/Repositories/hive/hcatalog/hcatalog-pig-adapter/target/tmp/scratchdir/alex/d40292dc-70f8-411d-87e1-89b907ed3628/_tmp_space.db
]]></system-err>
  </testcase>
  <testcase name="testPartColsInData[5]" classname="org.apache.hive.hcatalog.pig.TestHCatStorer" time="0">
    <skipped message="got: &lt;false&gt;, expected: is &lt;true&gt;"/>
    <system-err><![CDATA[2024-04-24T10:28:18,200  WARN [main] conf.HiveConf: HiveConf of name hive.dummyparam.test.server.specific.config.hivesite does not exist
2024-04-24T10:28:18,200  WARN [main] conf.HiveConf: HiveConf of name hive.metastore.client.cache.maxSize does not exist
2024-04-24T10:28:18,200  WARN [main] conf.HiveConf: HiveConf of name hive.llap.io.cache.orc.size does not exist
2024-04-24T10:28:18,200  WARN [main] conf.HiveConf: HiveConf of name hive.dummyparam.test.server.specific.config.override does not exist
2024-04-24T10:28:18,200  WARN [main] conf.HiveConf: HiveConf of name hive.llap.io.cache.orc.arena.size does not exist
2024-04-24T10:28:18,200  WARN [main] conf.HiveConf: HiveConf of name hive.llap.io.cache.orc.alloc.max does not exist
2024-04-24T10:28:18,200  WARN [main] conf.HiveConf: HiveConf of name hive.dummyparam.test.server.specific.config.metastoresite does not exist
2024-04-24T10:28:18,200  WARN [main] conf.HiveConf: HiveConf of name hive.stats.key.prefix.reserve.length does not exist
2024-04-24T10:28:18,200  WARN [main] conf.HiveConf: HiveConf of name hive.metastore.client.cache.recordStats does not exist
2024-04-24T10:28:18,200  WARN [main] conf.HiveConf: HiveConf of name hive.metastore.metadb.dir does not exist
2024-04-24T10:28:18,200  WARN [main] conf.HiveConf: HiveConf of name hive.llap.io.cache.orc.alloc.min does not exist
2024-04-24T10:28:18,202  INFO [main] metastore.HiveMetaStoreClient: HMS client filtering is enabled.
2024-04-24T10:28:18,202  INFO [main] metastore.PersistenceManagerProvider: Configuration datanucleus.autoStartMechanismMode is not set. Defaulting to 'ignored'
2024-04-24T10:28:18,202  INFO [main] metastore.ObjectStore: RawStore: org.apache.hadoop.hive.metastore.ObjectStore@338cc75f, with PersistenceManager: org.datanucleus.api.jdo.JDOPersistenceManager@6f5f892c will be shutdown
2024-04-24T10:28:18,202  INFO [main] metastore.ObjectStore: RawStore: org.apache.hadoop.hive.metastore.ObjectStore@338cc75f, with PersistenceManager: org.datanucleus.api.jdo.JDOPersistenceManager@f3e6876 created in the thread with id: 1
2024-04-24T10:28:18,204  INFO [main] metastore.HMSHandler: HMS server filtering is disabled by configuration
Hive Session ID = 2f405f72-1e3a-4882-8990-ed117596d919
2024-04-24T10:28:18,204  INFO [main] SessionState: Hive Session ID = 2f405f72-1e3a-4882-8990-ed117596d919
ivysettings.xml file not found in HIVE_HOME or HIVE_CONF_DIR,file:/home/alex/.m2/repository/org/apache/pig/pig/0.16.0/pig-0.16.0-h2.jar!/ivysettings.xml will be used
2024-04-24T10:28:18,204  INFO [main] DependencyResolver: ivysettings.xml file not found in HIVE_HOME or HIVE_CONF_DIR,file:/home/alex/.m2/repository/org/apache/pig/pig/0.16.0/pig-0.16.0-h2.jar!/ivysettings.xml will be used
2024-04-24T10:28:18,209  INFO [main] session.SessionState: Created HDFS directory: /home/alex/Repositories/hive/hcatalog/hcatalog-pig-adapter/target/tmp/scratchdir/alex/2f405f72-1e3a-4882-8990-ed117596d919
2024-04-24T10:28:18,212  INFO [main] session.SessionState: Created local directory: /home/alex/Repositories/hive/hcatalog/hcatalog-pig-adapter/target/tmp/localscratchdir/2f405f72-1e3a-4882-8990-ed117596d919
2024-04-24T10:28:18,214  INFO [main] session.SessionState: Created HDFS directory: /home/alex/Repositories/hive/hcatalog/hcatalog-pig-adapter/target/tmp/scratchdir/alex/2f405f72-1e3a-4882-8990-ed117596d919/_tmp_space.db
]]></system-err>
  </testcase>
  <testcase name="testStoreWithNoCtorArgs[5]" classname="org.apache.hive.hcatalog.pig.TestHCatStorer" time="0">
    <skipped message="got: &lt;false&gt;, expected: is &lt;true&gt;"/>
    <system-err><![CDATA[2024-04-24T10:28:18,244  WARN [main] conf.HiveConf: HiveConf of name hive.metastore.client.cache.maxSize does not exist
2024-04-24T10:28:18,244  WARN [main] conf.HiveConf: HiveConf of name hive.llap.io.cache.orc.alloc.max does not exist
2024-04-24T10:28:18,244  WARN [main] conf.HiveConf: HiveConf of name hive.llap.io.cache.orc.alloc.min does not exist
2024-04-24T10:28:18,244  WARN [main] conf.HiveConf: HiveConf of name hive.dummyparam.test.server.specific.config.override does not exist
2024-04-24T10:28:18,244  WARN [main] conf.HiveConf: HiveConf of name hive.llap.io.cache.orc.size does not exist
2024-04-24T10:28:18,244  WARN [main] conf.HiveConf: HiveConf of name hive.dummyparam.test.server.specific.config.hivesite does not exist
2024-04-24T10:28:18,244  WARN [main] conf.HiveConf: HiveConf of name hive.llap.io.cache.orc.arena.size does not exist
2024-04-24T10:28:18,244  WARN [main] conf.HiveConf: HiveConf of name hive.metastore.client.cache.recordStats does not exist
2024-04-24T10:28:18,245  WARN [main] conf.HiveConf: HiveConf of name hive.stats.key.prefix.reserve.length does not exist
2024-04-24T10:28:18,245  WARN [main] conf.HiveConf: HiveConf of name hive.dummyparam.test.server.specific.config.metastoresite does not exist
2024-04-24T10:28:18,245  WARN [main] conf.HiveConf: HiveConf of name hive.metastore.metadb.dir does not exist
2024-04-24T10:28:18,246  INFO [main] metastore.HiveMetaStoreClient: HMS client filtering is enabled.
2024-04-24T10:28:18,246  INFO [main] metastore.PersistenceManagerProvider: Configuration datanucleus.autoStartMechanismMode is not set. Defaulting to 'ignored'
2024-04-24T10:28:18,247  INFO [main] metastore.ObjectStore: RawStore: org.apache.hadoop.hive.metastore.ObjectStore@338cc75f, with PersistenceManager: org.datanucleus.api.jdo.JDOPersistenceManager@f3e6876 will be shutdown
2024-04-24T10:28:18,247  INFO [main] metastore.ObjectStore: RawStore: org.apache.hadoop.hive.metastore.ObjectStore@338cc75f, with PersistenceManager: org.datanucleus.api.jdo.JDOPersistenceManager@694dc99b created in the thread with id: 1
2024-04-24T10:28:18,249  INFO [main] metastore.HMSHandler: HMS server filtering is disabled by configuration
Hive Session ID = 00147189-7ec2-409f-aa3f-b0d262bd99db
2024-04-24T10:28:18,250  INFO [main] SessionState: Hive Session ID = 00147189-7ec2-409f-aa3f-b0d262bd99db
ivysettings.xml file not found in HIVE_HOME or HIVE_CONF_DIR,file:/home/alex/.m2/repository/org/apache/pig/pig/0.16.0/pig-0.16.0-h2.jar!/ivysettings.xml will be used
2024-04-24T10:28:18,250  INFO [main] DependencyResolver: ivysettings.xml file not found in HIVE_HOME or HIVE_CONF_DIR,file:/home/alex/.m2/repository/org/apache/pig/pig/0.16.0/pig-0.16.0-h2.jar!/ivysettings.xml will be used
2024-04-24T10:28:18,255  INFO [main] session.SessionState: Created HDFS directory: /home/alex/Repositories/hive/hcatalog/hcatalog-pig-adapter/target/tmp/scratchdir/alex/00147189-7ec2-409f-aa3f-b0d262bd99db
2024-04-24T10:28:18,258  INFO [main] session.SessionState: Created local directory: /home/alex/Repositories/hive/hcatalog/hcatalog-pig-adapter/target/tmp/localscratchdir/00147189-7ec2-409f-aa3f-b0d262bd99db
2024-04-24T10:28:18,260  INFO [main] session.SessionState: Created HDFS directory: /home/alex/Repositories/hive/hcatalog/hcatalog-pig-adapter/target/tmp/scratchdir/alex/00147189-7ec2-409f-aa3f-b0d262bd99db/_tmp_space.db
]]></system-err>
  </testcase>
  <testcase name="testWriteDecimalX[5]" classname="org.apache.hive.hcatalog.pig.TestHCatStorer" time="0">
    <skipped message="got: &lt;false&gt;, expected: is &lt;true&gt;"/>
    <system-err><![CDATA[2024-04-24T10:28:18,290  WARN [main] conf.HiveConf: HiveConf of name hive.metastore.metadb.dir does not exist
2024-04-24T10:28:18,290  WARN [main] conf.HiveConf: HiveConf of name hive.llap.io.cache.orc.alloc.max does not exist
2024-04-24T10:28:18,290  WARN [main] conf.HiveConf: HiveConf of name hive.llap.io.cache.orc.arena.size does not exist
2024-04-24T10:28:18,290  WARN [main] conf.HiveConf: HiveConf of name hive.metastore.client.cache.recordStats does not exist
2024-04-24T10:28:18,290  WARN [main] conf.HiveConf: HiveConf of name hive.dummyparam.test.server.specific.config.hivesite does not exist
2024-04-24T10:28:18,290  WARN [main] conf.HiveConf: HiveConf of name hive.llap.io.cache.orc.alloc.min does not exist
2024-04-24T10:28:18,290  WARN [main] conf.HiveConf: HiveConf of name hive.metastore.client.cache.maxSize does not exist
2024-04-24T10:28:18,291  WARN [main] conf.HiveConf: HiveConf of name hive.dummyparam.test.server.specific.config.override does not exist
2024-04-24T10:28:18,291  WARN [main] conf.HiveConf: HiveConf of name hive.stats.key.prefix.reserve.length does not exist
2024-04-24T10:28:18,291  WARN [main] conf.HiveConf: HiveConf of name hive.dummyparam.test.server.specific.config.metastoresite does not exist
2024-04-24T10:28:18,291  WARN [main] conf.HiveConf: HiveConf of name hive.llap.io.cache.orc.size does not exist
2024-04-24T10:28:18,292  INFO [main] metastore.HiveMetaStoreClient: HMS client filtering is enabled.
2024-04-24T10:28:18,292  INFO [main] metastore.PersistenceManagerProvider: Configuration datanucleus.autoStartMechanismMode is not set. Defaulting to 'ignored'
2024-04-24T10:28:18,292  INFO [main] metastore.ObjectStore: RawStore: org.apache.hadoop.hive.metastore.ObjectStore@338cc75f, with PersistenceManager: org.datanucleus.api.jdo.JDOPersistenceManager@694dc99b will be shutdown
2024-04-24T10:28:18,292  INFO [main] metastore.ObjectStore: RawStore: org.apache.hadoop.hive.metastore.ObjectStore@338cc75f, with PersistenceManager: org.datanucleus.api.jdo.JDOPersistenceManager@dd025d9 created in the thread with id: 1
2024-04-24T10:28:18,294  INFO [main] metastore.HMSHandler: HMS server filtering is disabled by configuration
Hive Session ID = cc899484-d2a7-4c89-8544-09d43fa7a442
2024-04-24T10:28:18,294  INFO [main] SessionState: Hive Session ID = cc899484-d2a7-4c89-8544-09d43fa7a442
ivysettings.xml file not found in HIVE_HOME or HIVE_CONF_DIR,file:/home/alex/.m2/repository/org/apache/pig/pig/0.16.0/pig-0.16.0-h2.jar!/ivysettings.xml will be used
2024-04-24T10:28:18,294  INFO [main] DependencyResolver: ivysettings.xml file not found in HIVE_HOME or HIVE_CONF_DIR,file:/home/alex/.m2/repository/org/apache/pig/pig/0.16.0/pig-0.16.0-h2.jar!/ivysettings.xml will be used
2024-04-24T10:28:18,299  INFO [main] session.SessionState: Created HDFS directory: /home/alex/Repositories/hive/hcatalog/hcatalog-pig-adapter/target/tmp/scratchdir/alex/cc899484-d2a7-4c89-8544-09d43fa7a442
2024-04-24T10:28:18,302  INFO [main] session.SessionState: Created local directory: /home/alex/Repositories/hive/hcatalog/hcatalog-pig-adapter/target/tmp/localscratchdir/cc899484-d2a7-4c89-8544-09d43fa7a442
2024-04-24T10:28:18,304  INFO [main] session.SessionState: Created HDFS directory: /home/alex/Repositories/hive/hcatalog/hcatalog-pig-adapter/target/tmp/scratchdir/alex/cc899484-d2a7-4c89-8544-09d43fa7a442/_tmp_space.db
]]></system-err>
  </testcase>
  <testcase name="testDateCharTypes[5]" classname="org.apache.hive.hcatalog.pig.TestHCatStorer" time="0">
    <skipped message="got: &lt;false&gt;, expected: is &lt;true&gt;"/>
    <system-err><![CDATA[2024-04-24T10:28:18,335  WARN [main] conf.HiveConf: HiveConf of name hive.dummyparam.test.server.specific.config.metastoresite does not exist
2024-04-24T10:28:18,335  WARN [main] conf.HiveConf: HiveConf of name hive.metastore.client.cache.maxSize does not exist
2024-04-24T10:28:18,335  WARN [main] conf.HiveConf: HiveConf of name hive.metastore.metadb.dir does not exist
2024-04-24T10:28:18,335  WARN [main] conf.HiveConf: HiveConf of name hive.dummyparam.test.server.specific.config.hivesite does not exist
2024-04-24T10:28:18,335  WARN [main] conf.HiveConf: HiveConf of name hive.dummyparam.test.server.specific.config.override does not exist
2024-04-24T10:28:18,335  WARN [main] conf.HiveConf: HiveConf of name hive.llap.io.cache.orc.arena.size does not exist
2024-04-24T10:28:18,335  WARN [main] conf.HiveConf: HiveConf of name hive.metastore.client.cache.recordStats does not exist
2024-04-24T10:28:18,335  WARN [main] conf.HiveConf: HiveConf of name hive.llap.io.cache.orc.alloc.max does not exist
2024-04-24T10:28:18,335  WARN [main] conf.HiveConf: HiveConf of name hive.llap.io.cache.orc.alloc.min does not exist
2024-04-24T10:28:18,335  WARN [main] conf.HiveConf: HiveConf of name hive.llap.io.cache.orc.size does not exist
2024-04-24T10:28:18,335  WARN [main] conf.HiveConf: HiveConf of name hive.stats.key.prefix.reserve.length does not exist
2024-04-24T10:28:18,337  INFO [main] metastore.HiveMetaStoreClient: HMS client filtering is enabled.
2024-04-24T10:28:18,337  INFO [main] metastore.PersistenceManagerProvider: Configuration datanucleus.autoStartMechanismMode is not set. Defaulting to 'ignored'
2024-04-24T10:28:18,337  INFO [main] metastore.ObjectStore: RawStore: org.apache.hadoop.hive.metastore.ObjectStore@338cc75f, with PersistenceManager: org.datanucleus.api.jdo.JDOPersistenceManager@dd025d9 will be shutdown
2024-04-24T10:28:18,337  INFO [main] metastore.ObjectStore: RawStore: org.apache.hadoop.hive.metastore.ObjectStore@338cc75f, with PersistenceManager: org.datanucleus.api.jdo.JDOPersistenceManager@4924ad09 created in the thread with id: 1
2024-04-24T10:28:18,339  INFO [main] metastore.HMSHandler: HMS server filtering is disabled by configuration
Hive Session ID = 1175a40e-4e9f-42e8-b82b-58c34a67f4b6
2024-04-24T10:28:18,339  INFO [main] SessionState: Hive Session ID = 1175a40e-4e9f-42e8-b82b-58c34a67f4b6
ivysettings.xml file not found in HIVE_HOME or HIVE_CONF_DIR,file:/home/alex/.m2/repository/org/apache/pig/pig/0.16.0/pig-0.16.0-h2.jar!/ivysettings.xml will be used
2024-04-24T10:28:18,339  INFO [main] DependencyResolver: ivysettings.xml file not found in HIVE_HOME or HIVE_CONF_DIR,file:/home/alex/.m2/repository/org/apache/pig/pig/0.16.0/pig-0.16.0-h2.jar!/ivysettings.xml will be used
2024-04-24T10:28:18,344  INFO [main] session.SessionState: Created HDFS directory: /home/alex/Repositories/hive/hcatalog/hcatalog-pig-adapter/target/tmp/scratchdir/alex/1175a40e-4e9f-42e8-b82b-58c34a67f4b6
2024-04-24T10:28:18,346  INFO [main] session.SessionState: Created local directory: /home/alex/Repositories/hive/hcatalog/hcatalog-pig-adapter/target/tmp/localscratchdir/1175a40e-4e9f-42e8-b82b-58c34a67f4b6
2024-04-24T10:28:18,349  INFO [main] session.SessionState: Created HDFS directory: /home/alex/Repositories/hive/hcatalog/hcatalog-pig-adapter/target/tmp/scratchdir/alex/1175a40e-4e9f-42e8-b82b-58c34a67f4b6/_tmp_space.db
]]></system-err>
  </testcase>
  <testcase name="testPartitionPublish[5]" classname="org.apache.hive.hcatalog.pig.TestHCatStorer" time="0">
    <skipped message="got: &lt;false&gt;, expected: is &lt;true&gt;"/>
    <system-err><![CDATA[2024-04-24T10:28:18,380  WARN [main] conf.HiveConf: HiveConf of name hive.dummyparam.test.server.specific.config.override does not exist
2024-04-24T10:28:18,380  WARN [main] conf.HiveConf: HiveConf of name hive.llap.io.cache.orc.alloc.max does not exist
2024-04-24T10:28:18,380  WARN [main] conf.HiveConf: HiveConf of name hive.metastore.client.cache.maxSize does not exist
2024-04-24T10:28:18,380  WARN [main] conf.HiveConf: HiveConf of name hive.dummyparam.test.server.specific.config.metastoresite does not exist
2024-04-24T10:28:18,380  WARN [main] conf.HiveConf: HiveConf of name hive.llap.io.cache.orc.arena.size does not exist
2024-04-24T10:28:18,380  WARN [main] conf.HiveConf: HiveConf of name hive.metastore.client.cache.recordStats does not exist
2024-04-24T10:28:18,380  WARN [main] conf.HiveConf: HiveConf of name hive.stats.key.prefix.reserve.length does not exist
2024-04-24T10:28:18,380  WARN [main] conf.HiveConf: HiveConf of name hive.llap.io.cache.orc.size does not exist
2024-04-24T10:28:18,380  WARN [main] conf.HiveConf: HiveConf of name hive.llap.io.cache.orc.alloc.min does not exist
2024-04-24T10:28:18,380  WARN [main] conf.HiveConf: HiveConf of name hive.metastore.metadb.dir does not exist
2024-04-24T10:28:18,380  WARN [main] conf.HiveConf: HiveConf of name hive.dummyparam.test.server.specific.config.hivesite does not exist
2024-04-24T10:28:18,382  INFO [main] metastore.HiveMetaStoreClient: HMS client filtering is enabled.
2024-04-24T10:28:18,382  INFO [main] metastore.PersistenceManagerProvider: Configuration datanucleus.autoStartMechanismMode is not set. Defaulting to 'ignored'
2024-04-24T10:28:18,382  INFO [main] metastore.ObjectStore: RawStore: org.apache.hadoop.hive.metastore.ObjectStore@338cc75f, with PersistenceManager: org.datanucleus.api.jdo.JDOPersistenceManager@4924ad09 will be shutdown
2024-04-24T10:28:18,382  INFO [main] metastore.ObjectStore: RawStore: org.apache.hadoop.hive.metastore.ObjectStore@338cc75f, with PersistenceManager: org.datanucleus.api.jdo.JDOPersistenceManager@6e6ec71f created in the thread with id: 1
2024-04-24T10:28:18,384  INFO [main] metastore.HMSHandler: HMS server filtering is disabled by configuration
Hive Session ID = 2c812cc8-208b-41d8-9c17-c870c67914e1
2024-04-24T10:28:18,384  INFO [main] SessionState: Hive Session ID = 2c812cc8-208b-41d8-9c17-c870c67914e1
ivysettings.xml file not found in HIVE_HOME or HIVE_CONF_DIR,file:/home/alex/.m2/repository/org/apache/pig/pig/0.16.0/pig-0.16.0-h2.jar!/ivysettings.xml will be used
2024-04-24T10:28:18,384  INFO [main] DependencyResolver: ivysettings.xml file not found in HIVE_HOME or HIVE_CONF_DIR,file:/home/alex/.m2/repository/org/apache/pig/pig/0.16.0/pig-0.16.0-h2.jar!/ivysettings.xml will be used
2024-04-24T10:28:18,389  INFO [main] session.SessionState: Created HDFS directory: /home/alex/Repositories/hive/hcatalog/hcatalog-pig-adapter/target/tmp/scratchdir/alex/2c812cc8-208b-41d8-9c17-c870c67914e1
2024-04-24T10:28:18,391  INFO [main] session.SessionState: Created local directory: /home/alex/Repositories/hive/hcatalog/hcatalog-pig-adapter/target/tmp/localscratchdir/2c812cc8-208b-41d8-9c17-c870c67914e1
2024-04-24T10:28:18,393  INFO [main] session.SessionState: Created HDFS directory: /home/alex/Repositories/hive/hcatalog/hcatalog-pig-adapter/target/tmp/scratchdir/alex/2c812cc8-208b-41d8-9c17-c870c67914e1/_tmp_space.db
]]></system-err>
  </testcase>
  <testcase name="testWriteDecimal[5]" classname="org.apache.hive.hcatalog.pig.TestHCatStorer" time="0">
    <skipped message="got: &lt;false&gt;, expected: is &lt;true&gt;"/>
    <system-err><![CDATA[2024-04-24T10:28:18,424  WARN [main] conf.HiveConf: HiveConf of name hive.llap.io.cache.orc.alloc.max does not exist
2024-04-24T10:28:18,424  WARN [main] conf.HiveConf: HiveConf of name hive.dummyparam.test.server.specific.config.override does not exist
2024-04-24T10:28:18,424  WARN [main] conf.HiveConf: HiveConf of name hive.llap.io.cache.orc.alloc.min does not exist
2024-04-24T10:28:18,424  WARN [main] conf.HiveConf: HiveConf of name hive.llap.io.cache.orc.size does not exist
2024-04-24T10:28:18,424  WARN [main] conf.HiveConf: HiveConf of name hive.metastore.client.cache.maxSize does not exist
2024-04-24T10:28:18,424  WARN [main] conf.HiveConf: HiveConf of name hive.metastore.client.cache.recordStats does not exist
2024-04-24T10:28:18,424  WARN [main] conf.HiveConf: HiveConf of name hive.stats.key.prefix.reserve.length does not exist
2024-04-24T10:28:18,424  WARN [main] conf.HiveConf: HiveConf of name hive.llap.io.cache.orc.arena.size does not exist
2024-04-24T10:28:18,424  WARN [main] conf.HiveConf: HiveConf of name hive.dummyparam.test.server.specific.config.metastoresite does not exist
2024-04-24T10:28:18,424  WARN [main] conf.HiveConf: HiveConf of name hive.dummyparam.test.server.specific.config.hivesite does not exist
2024-04-24T10:28:18,424  WARN [main] conf.HiveConf: HiveConf of name hive.metastore.metadb.dir does not exist
2024-04-24T10:28:18,426  INFO [main] metastore.HiveMetaStoreClient: HMS client filtering is enabled.
2024-04-24T10:28:18,426  INFO [main] metastore.PersistenceManagerProvider: Configuration datanucleus.autoStartMechanismMode is not set. Defaulting to 'ignored'
2024-04-24T10:28:18,426  INFO [main] metastore.ObjectStore: RawStore: org.apache.hadoop.hive.metastore.ObjectStore@338cc75f, with PersistenceManager: org.datanucleus.api.jdo.JDOPersistenceManager@6e6ec71f will be shutdown
2024-04-24T10:28:18,426  INFO [main] metastore.ObjectStore: RawStore: org.apache.hadoop.hive.metastore.ObjectStore@338cc75f, with PersistenceManager: org.datanucleus.api.jdo.JDOPersistenceManager@5bdef8ee created in the thread with id: 1
2024-04-24T10:28:18,428  INFO [main] metastore.HMSHandler: HMS server filtering is disabled by configuration
Hive Session ID = b58326cf-3025-4275-a062-e53037944af9
2024-04-24T10:28:18,429  INFO [main] SessionState: Hive Session ID = b58326cf-3025-4275-a062-e53037944af9
ivysettings.xml file not found in HIVE_HOME or HIVE_CONF_DIR,file:/home/alex/.m2/repository/org/apache/pig/pig/0.16.0/pig-0.16.0-h2.jar!/ivysettings.xml will be used
2024-04-24T10:28:18,429  INFO [main] DependencyResolver: ivysettings.xml file not found in HIVE_HOME or HIVE_CONF_DIR,file:/home/alex/.m2/repository/org/apache/pig/pig/0.16.0/pig-0.16.0-h2.jar!/ivysettings.xml will be used
2024-04-24T10:28:18,434  INFO [main] session.SessionState: Created HDFS directory: /home/alex/Repositories/hive/hcatalog/hcatalog-pig-adapter/target/tmp/scratchdir/alex/b58326cf-3025-4275-a062-e53037944af9
2024-04-24T10:28:18,436  INFO [main] session.SessionState: Created local directory: /home/alex/Repositories/hive/hcatalog/hcatalog-pig-adapter/target/tmp/localscratchdir/b58326cf-3025-4275-a062-e53037944af9
2024-04-24T10:28:18,438  INFO [main] session.SessionState: Created HDFS directory: /home/alex/Repositories/hive/hcatalog/hcatalog-pig-adapter/target/tmp/scratchdir/alex/b58326cf-3025-4275-a062-e53037944af9/_tmp_space.db
]]></system-err>
  </testcase>
  <testcase name="testMultiPartColsInData[5]" classname="org.apache.hive.hcatalog.pig.TestHCatStorer" time="0">
    <skipped message="got: &lt;false&gt;, expected: is &lt;true&gt;"/>
    <system-err><![CDATA[2024-04-24T10:28:18,469  WARN [main] conf.HiveConf: HiveConf of name hive.dummyparam.test.server.specific.config.hivesite does not exist
2024-04-24T10:28:18,470  WARN [main] conf.HiveConf: HiveConf of name hive.llap.io.cache.orc.alloc.min does not exist
2024-04-24T10:28:18,470  WARN [main] conf.HiveConf: HiveConf of name hive.dummyparam.test.server.specific.config.override does not exist
2024-04-24T10:28:18,470  WARN [main] conf.HiveConf: HiveConf of name hive.metastore.client.cache.maxSize does not exist
2024-04-24T10:28:18,470  WARN [main] conf.HiveConf: HiveConf of name hive.stats.key.prefix.reserve.length does not exist
2024-04-24T10:28:18,470  WARN [main] conf.HiveConf: HiveConf of name hive.dummyparam.test.server.specific.config.metastoresite does not exist
2024-04-24T10:28:18,470  WARN [main] conf.HiveConf: HiveConf of name hive.metastore.client.cache.recordStats does not exist
2024-04-24T10:28:18,470  WARN [main] conf.HiveConf: HiveConf of name hive.metastore.metadb.dir does not exist
2024-04-24T10:28:18,470  WARN [main] conf.HiveConf: HiveConf of name hive.llap.io.cache.orc.size does not exist
2024-04-24T10:28:18,470  WARN [main] conf.HiveConf: HiveConf of name hive.llap.io.cache.orc.arena.size does not exist
2024-04-24T10:28:18,470  WARN [main] conf.HiveConf: HiveConf of name hive.llap.io.cache.orc.alloc.max does not exist
2024-04-24T10:28:18,471  INFO [main] metastore.HiveMetaStoreClient: HMS client filtering is enabled.
2024-04-24T10:28:18,471  INFO [main] metastore.PersistenceManagerProvider: Configuration datanucleus.autoStartMechanismMode is not set. Defaulting to 'ignored'
2024-04-24T10:28:18,471  INFO [main] metastore.ObjectStore: RawStore: org.apache.hadoop.hive.metastore.ObjectStore@338cc75f, with PersistenceManager: org.datanucleus.api.jdo.JDOPersistenceManager@5bdef8ee will be shutdown
2024-04-24T10:28:18,472  INFO [main] metastore.ObjectStore: RawStore: org.apache.hadoop.hive.metastore.ObjectStore@338cc75f, with PersistenceManager: org.datanucleus.api.jdo.JDOPersistenceManager@45c10678 created in the thread with id: 1
2024-04-24T10:28:18,474  INFO [main] metastore.HMSHandler: HMS server filtering is disabled by configuration
Hive Session ID = d77f2120-3dc6-4ffb-9d95-ea387e26df27
2024-04-24T10:28:18,475  INFO [main] SessionState: Hive Session ID = d77f2120-3dc6-4ffb-9d95-ea387e26df27
ivysettings.xml file not found in HIVE_HOME or HIVE_CONF_DIR,file:/home/alex/.m2/repository/org/apache/pig/pig/0.16.0/pig-0.16.0-h2.jar!/ivysettings.xml will be used
2024-04-24T10:28:18,475  INFO [main] DependencyResolver: ivysettings.xml file not found in HIVE_HOME or HIVE_CONF_DIR,file:/home/alex/.m2/repository/org/apache/pig/pig/0.16.0/pig-0.16.0-h2.jar!/ivysettings.xml will be used
2024-04-24T10:28:18,480  INFO [main] session.SessionState: Created HDFS directory: /home/alex/Repositories/hive/hcatalog/hcatalog-pig-adapter/target/tmp/scratchdir/alex/d77f2120-3dc6-4ffb-9d95-ea387e26df27
2024-04-24T10:28:18,482  INFO [main] session.SessionState: Created local directory: /home/alex/Repositories/hive/hcatalog/hcatalog-pig-adapter/target/tmp/localscratchdir/d77f2120-3dc6-4ffb-9d95-ea387e26df27
2024-04-24T10:28:18,485  INFO [main] session.SessionState: Created HDFS directory: /home/alex/Repositories/hive/hcatalog/hcatalog-pig-adapter/target/tmp/scratchdir/alex/d77f2120-3dc6-4ffb-9d95-ea387e26df27/_tmp_space.db
]]></system-err>
  </testcase>
  <testcase name="testStaticPartitioningMultiPartColsNoData[5]" classname="org.apache.hive.hcatalog.pig.TestHCatStorer" time="0">
    <skipped message="got: &lt;false&gt;, expected: is &lt;true&gt;"/>
    <system-err><![CDATA[2024-04-24T10:28:18,518  WARN [main] conf.HiveConf: HiveConf of name hive.dummyparam.test.server.specific.config.hivesite does not exist
2024-04-24T10:28:18,518  WARN [main] conf.HiveConf: HiveConf of name hive.dummyparam.test.server.specific.config.metastoresite does not exist
2024-04-24T10:28:18,518  WARN [main] conf.HiveConf: HiveConf of name hive.metastore.client.cache.recordStats does not exist
2024-04-24T10:28:18,518  WARN [main] conf.HiveConf: HiveConf of name hive.dummyparam.test.server.specific.config.override does not exist
2024-04-24T10:28:18,518  WARN [main] conf.HiveConf: HiveConf of name hive.metastore.client.cache.maxSize does not exist
2024-04-24T10:28:18,518  WARN [main] conf.HiveConf: HiveConf of name hive.llap.io.cache.orc.size does not exist
2024-04-24T10:28:18,518  WARN [main] conf.HiveConf: HiveConf of name hive.metastore.metadb.dir does not exist
2024-04-24T10:28:18,518  WARN [main] conf.HiveConf: HiveConf of name hive.llap.io.cache.orc.arena.size does not exist
2024-04-24T10:28:18,518  WARN [main] conf.HiveConf: HiveConf of name hive.llap.io.cache.orc.alloc.max does not exist
2024-04-24T10:28:18,518  WARN [main] conf.HiveConf: HiveConf of name hive.llap.io.cache.orc.alloc.min does not exist
2024-04-24T10:28:18,518  WARN [main] conf.HiveConf: HiveConf of name hive.stats.key.prefix.reserve.length does not exist
2024-04-24T10:28:18,520  INFO [main] metastore.HiveMetaStoreClient: HMS client filtering is enabled.
2024-04-24T10:28:18,520  INFO [main] metastore.PersistenceManagerProvider: Configuration datanucleus.autoStartMechanismMode is not set. Defaulting to 'ignored'
2024-04-24T10:28:18,520  INFO [main] metastore.ObjectStore: RawStore: org.apache.hadoop.hive.metastore.ObjectStore@338cc75f, with PersistenceManager: org.datanucleus.api.jdo.JDOPersistenceManager@45c10678 will be shutdown
2024-04-24T10:28:18,520  INFO [main] metastore.ObjectStore: RawStore: org.apache.hadoop.hive.metastore.ObjectStore@338cc75f, with PersistenceManager: org.datanucleus.api.jdo.JDOPersistenceManager@186fc6e created in the thread with id: 1
2024-04-24T10:28:18,522  INFO [main] metastore.HMSHandler: HMS server filtering is disabled by configuration
Hive Session ID = 68b41910-7a1f-466f-b28c-0386af6edbf6
2024-04-24T10:28:18,522  INFO [main] SessionState: Hive Session ID = 68b41910-7a1f-466f-b28c-0386af6edbf6
ivysettings.xml file not found in HIVE_HOME or HIVE_CONF_DIR,file:/home/alex/.m2/repository/org/apache/pig/pig/0.16.0/pig-0.16.0-h2.jar!/ivysettings.xml will be used
2024-04-24T10:28:18,522  INFO [main] DependencyResolver: ivysettings.xml file not found in HIVE_HOME or HIVE_CONF_DIR,file:/home/alex/.m2/repository/org/apache/pig/pig/0.16.0/pig-0.16.0-h2.jar!/ivysettings.xml will be used
2024-04-24T10:28:18,527  INFO [main] session.SessionState: Created HDFS directory: /home/alex/Repositories/hive/hcatalog/hcatalog-pig-adapter/target/tmp/scratchdir/alex/68b41910-7a1f-466f-b28c-0386af6edbf6
2024-04-24T10:28:18,530  INFO [main] session.SessionState: Created local directory: /home/alex/Repositories/hive/hcatalog/hcatalog-pig-adapter/target/tmp/localscratchdir/68b41910-7a1f-466f-b28c-0386af6edbf6
2024-04-24T10:28:18,532  INFO [main] session.SessionState: Created HDFS directory: /home/alex/Repositories/hive/hcatalog/hcatalog-pig-adapter/target/tmp/scratchdir/alex/68b41910-7a1f-466f-b28c-0386af6edbf6/_tmp_space.db
]]></system-err>
  </testcase>
  <testcase name="testStoreMultiTables[5]" classname="org.apache.hive.hcatalog.pig.TestHCatStorer" time="0">
    <skipped message="got: &lt;false&gt;, expected: is &lt;true&gt;"/>
    <system-err><![CDATA[2024-04-24T10:28:18,562  WARN [main] conf.HiveConf: HiveConf of name hive.metastore.client.cache.maxSize does not exist
2024-04-24T10:28:18,563  WARN [main] conf.HiveConf: HiveConf of name hive.metastore.metadb.dir does not exist
2024-04-24T10:28:18,563  WARN [main] conf.HiveConf: HiveConf of name hive.stats.key.prefix.reserve.length does not exist
2024-04-24T10:28:18,563  WARN [main] conf.HiveConf: HiveConf of name hive.dummyparam.test.server.specific.config.metastoresite does not exist
2024-04-24T10:28:18,563  WARN [main] conf.HiveConf: HiveConf of name hive.dummyparam.test.server.specific.config.override does not exist
2024-04-24T10:28:18,563  WARN [main] conf.HiveConf: HiveConf of name hive.metastore.client.cache.recordStats does not exist
2024-04-24T10:28:18,563  WARN [main] conf.HiveConf: HiveConf of name hive.llap.io.cache.orc.arena.size does not exist
2024-04-24T10:28:18,563  WARN [main] conf.HiveConf: HiveConf of name hive.llap.io.cache.orc.size does not exist
2024-04-24T10:28:18,563  WARN [main] conf.HiveConf: HiveConf of name hive.dummyparam.test.server.specific.config.hivesite does not exist
2024-04-24T10:28:18,563  WARN [main] conf.HiveConf: HiveConf of name hive.llap.io.cache.orc.alloc.max does not exist
2024-04-24T10:28:18,563  WARN [main] conf.HiveConf: HiveConf of name hive.llap.io.cache.orc.alloc.min does not exist
2024-04-24T10:28:18,564  INFO [main] metastore.HiveMetaStoreClient: HMS client filtering is enabled.
2024-04-24T10:28:18,564  INFO [main] metastore.PersistenceManagerProvider: Configuration datanucleus.autoStartMechanismMode is not set. Defaulting to 'ignored'
2024-04-24T10:28:18,564  INFO [main] metastore.ObjectStore: RawStore: org.apache.hadoop.hive.metastore.ObjectStore@338cc75f, with PersistenceManager: org.datanucleus.api.jdo.JDOPersistenceManager@186fc6e will be shutdown
2024-04-24T10:28:18,565  INFO [main] metastore.ObjectStore: RawStore: org.apache.hadoop.hive.metastore.ObjectStore@338cc75f, with PersistenceManager: org.datanucleus.api.jdo.JDOPersistenceManager@6b6cf3c1 created in the thread with id: 1
2024-04-24T10:28:18,566  INFO [main] metastore.HMSHandler: HMS server filtering is disabled by configuration
Hive Session ID = ab34ffdb-0a57-40ab-9685-0f47d9af3fb3
2024-04-24T10:28:18,566  INFO [main] SessionState: Hive Session ID = ab34ffdb-0a57-40ab-9685-0f47d9af3fb3
ivysettings.xml file not found in HIVE_HOME or HIVE_CONF_DIR,file:/home/alex/.m2/repository/org/apache/pig/pig/0.16.0/pig-0.16.0-h2.jar!/ivysettings.xml will be used
2024-04-24T10:28:18,567  INFO [main] DependencyResolver: ivysettings.xml file not found in HIVE_HOME or HIVE_CONF_DIR,file:/home/alex/.m2/repository/org/apache/pig/pig/0.16.0/pig-0.16.0-h2.jar!/ivysettings.xml will be used
2024-04-24T10:28:18,572  INFO [main] session.SessionState: Created HDFS directory: /home/alex/Repositories/hive/hcatalog/hcatalog-pig-adapter/target/tmp/scratchdir/alex/ab34ffdb-0a57-40ab-9685-0f47d9af3fb3
2024-04-24T10:28:18,574  INFO [main] session.SessionState: Created local directory: /home/alex/Repositories/hive/hcatalog/hcatalog-pig-adapter/target/tmp/localscratchdir/ab34ffdb-0a57-40ab-9685-0f47d9af3fb3
2024-04-24T10:28:18,576  INFO [main] session.SessionState: Created HDFS directory: /home/alex/Repositories/hive/hcatalog/hcatalog-pig-adapter/target/tmp/scratchdir/alex/ab34ffdb-0a57-40ab-9685-0f47d9af3fb3/_tmp_space.db
]]></system-err>
  </testcase>
  <testcase name="testStoreWithNoSchema[5]" classname="org.apache.hive.hcatalog.pig.TestHCatStorer" time="0">
    <skipped message="got: &lt;false&gt;, expected: is &lt;true&gt;"/>
    <system-err><![CDATA[2024-04-24T10:28:18,606  WARN [main] conf.HiveConf: HiveConf of name hive.dummyparam.test.server.specific.config.metastoresite does not exist
2024-04-24T10:28:18,606  WARN [main] conf.HiveConf: HiveConf of name hive.llap.io.cache.orc.alloc.max does not exist
2024-04-24T10:28:18,606  WARN [main] conf.HiveConf: HiveConf of name hive.llap.io.cache.orc.size does not exist
2024-04-24T10:28:18,606  WARN [main] conf.HiveConf: HiveConf of name hive.stats.key.prefix.reserve.length does not exist
2024-04-24T10:28:18,607  WARN [main] conf.HiveConf: HiveConf of name hive.metastore.client.cache.recordStats does not exist
2024-04-24T10:28:18,607  WARN [main] conf.HiveConf: HiveConf of name hive.metastore.client.cache.maxSize does not exist
2024-04-24T10:28:18,607  WARN [main] conf.HiveConf: HiveConf of name hive.dummyparam.test.server.specific.config.hivesite does not exist
2024-04-24T10:28:18,607  WARN [main] conf.HiveConf: HiveConf of name hive.metastore.metadb.dir does not exist
2024-04-24T10:28:18,607  WARN [main] conf.HiveConf: HiveConf of name hive.llap.io.cache.orc.arena.size does not exist
2024-04-24T10:28:18,607  WARN [main] conf.HiveConf: HiveConf of name hive.dummyparam.test.server.specific.config.override does not exist
2024-04-24T10:28:18,607  WARN [main] conf.HiveConf: HiveConf of name hive.llap.io.cache.orc.alloc.min does not exist
2024-04-24T10:28:18,608  INFO [main] metastore.HiveMetaStoreClient: HMS client filtering is enabled.
2024-04-24T10:28:18,608  INFO [main] metastore.PersistenceManagerProvider: Configuration datanucleus.autoStartMechanismMode is not set. Defaulting to 'ignored'
2024-04-24T10:28:18,608  INFO [main] metastore.ObjectStore: RawStore: org.apache.hadoop.hive.metastore.ObjectStore@338cc75f, with PersistenceManager: org.datanucleus.api.jdo.JDOPersistenceManager@6b6cf3c1 will be shutdown
2024-04-24T10:28:18,608  INFO [main] metastore.ObjectStore: RawStore: org.apache.hadoop.hive.metastore.ObjectStore@338cc75f, with PersistenceManager: org.datanucleus.api.jdo.JDOPersistenceManager@6a0a0f12 created in the thread with id: 1
2024-04-24T10:28:18,610  INFO [main] metastore.HMSHandler: HMS server filtering is disabled by configuration
Hive Session ID = 477ababc-dccc-43c5-94c3-57b1f6721e67
2024-04-24T10:28:18,610  INFO [main] SessionState: Hive Session ID = 477ababc-dccc-43c5-94c3-57b1f6721e67
ivysettings.xml file not found in HIVE_HOME or HIVE_CONF_DIR,file:/home/alex/.m2/repository/org/apache/pig/pig/0.16.0/pig-0.16.0-h2.jar!/ivysettings.xml will be used
2024-04-24T10:28:18,610  INFO [main] DependencyResolver: ivysettings.xml file not found in HIVE_HOME or HIVE_CONF_DIR,file:/home/alex/.m2/repository/org/apache/pig/pig/0.16.0/pig-0.16.0-h2.jar!/ivysettings.xml will be used
2024-04-24T10:28:18,616  INFO [main] session.SessionState: Created HDFS directory: /home/alex/Repositories/hive/hcatalog/hcatalog-pig-adapter/target/tmp/scratchdir/alex/477ababc-dccc-43c5-94c3-57b1f6721e67
2024-04-24T10:28:18,618  INFO [main] session.SessionState: Created local directory: /home/alex/Repositories/hive/hcatalog/hcatalog-pig-adapter/target/tmp/localscratchdir/477ababc-dccc-43c5-94c3-57b1f6721e67
2024-04-24T10:28:18,620  INFO [main] session.SessionState: Created HDFS directory: /home/alex/Repositories/hive/hcatalog/hcatalog-pig-adapter/target/tmp/scratchdir/alex/477ababc-dccc-43c5-94c3-57b1f6721e67/_tmp_space.db
]]></system-err>
  </testcase>
  <testcase name="testNoAlias[5]" classname="org.apache.hive.hcatalog.pig.TestHCatStorer" time="0">
    <skipped message="got: &lt;false&gt;, expected: is &lt;true&gt;"/>
    <system-err><![CDATA[2024-04-24T10:28:18,650  WARN [main] conf.HiveConf: HiveConf of name hive.metastore.client.cache.maxSize does not exist
2024-04-24T10:28:18,650  WARN [main] conf.HiveConf: HiveConf of name hive.llap.io.cache.orc.alloc.min does not exist
2024-04-24T10:28:18,650  WARN [main] conf.HiveConf: HiveConf of name hive.metastore.metadb.dir does not exist
2024-04-24T10:28:18,650  WARN [main] conf.HiveConf: HiveConf of name hive.llap.io.cache.orc.alloc.max does not exist
2024-04-24T10:28:18,650  WARN [main] conf.HiveConf: HiveConf of name hive.llap.io.cache.orc.arena.size does not exist
2024-04-24T10:28:18,650  WARN [main] conf.HiveConf: HiveConf of name hive.stats.key.prefix.reserve.length does not exist
2024-04-24T10:28:18,650  WARN [main] conf.HiveConf: HiveConf of name hive.metastore.client.cache.recordStats does not exist
2024-04-24T10:28:18,650  WARN [main] conf.HiveConf: HiveConf of name hive.dummyparam.test.server.specific.config.override does not exist
2024-04-24T10:28:18,650  WARN [main] conf.HiveConf: HiveConf of name hive.dummyparam.test.server.specific.config.hivesite does not exist
2024-04-24T10:28:18,650  WARN [main] conf.HiveConf: HiveConf of name hive.llap.io.cache.orc.size does not exist
2024-04-24T10:28:18,650  WARN [main] conf.HiveConf: HiveConf of name hive.dummyparam.test.server.specific.config.metastoresite does not exist
2024-04-24T10:28:18,652  INFO [main] metastore.HiveMetaStoreClient: HMS client filtering is enabled.
2024-04-24T10:28:18,652  INFO [main] metastore.PersistenceManagerProvider: Configuration datanucleus.autoStartMechanismMode is not set. Defaulting to 'ignored'
2024-04-24T10:28:18,652  INFO [main] metastore.ObjectStore: RawStore: org.apache.hadoop.hive.metastore.ObjectStore@338cc75f, with PersistenceManager: org.datanucleus.api.jdo.JDOPersistenceManager@6a0a0f12 will be shutdown
2024-04-24T10:28:18,652  INFO [main] metastore.ObjectStore: RawStore: org.apache.hadoop.hive.metastore.ObjectStore@338cc75f, with PersistenceManager: org.datanucleus.api.jdo.JDOPersistenceManager@11df0bc7 created in the thread with id: 1
2024-04-24T10:28:18,654  INFO [main] metastore.HMSHandler: HMS server filtering is disabled by configuration
Hive Session ID = 4eb3d6ef-4359-4a42-b630-20e067172cf1
2024-04-24T10:28:18,654  INFO [main] SessionState: Hive Session ID = 4eb3d6ef-4359-4a42-b630-20e067172cf1
ivysettings.xml file not found in HIVE_HOME or HIVE_CONF_DIR,file:/home/alex/.m2/repository/org/apache/pig/pig/0.16.0/pig-0.16.0-h2.jar!/ivysettings.xml will be used
2024-04-24T10:28:18,654  INFO [main] DependencyResolver: ivysettings.xml file not found in HIVE_HOME or HIVE_CONF_DIR,file:/home/alex/.m2/repository/org/apache/pig/pig/0.16.0/pig-0.16.0-h2.jar!/ivysettings.xml will be used
2024-04-24T10:28:18,659  INFO [main] session.SessionState: Created HDFS directory: /home/alex/Repositories/hive/hcatalog/hcatalog-pig-adapter/target/tmp/scratchdir/alex/4eb3d6ef-4359-4a42-b630-20e067172cf1
2024-04-24T10:28:18,662  INFO [main] session.SessionState: Created local directory: /home/alex/Repositories/hive/hcatalog/hcatalog-pig-adapter/target/tmp/localscratchdir/4eb3d6ef-4359-4a42-b630-20e067172cf1
2024-04-24T10:28:18,664  INFO [main] session.SessionState: Created HDFS directory: /home/alex/Repositories/hive/hcatalog/hcatalog-pig-adapter/target/tmp/scratchdir/alex/4eb3d6ef-4359-4a42-b630-20e067172cf1/_tmp_space.db
]]></system-err>
  </testcase>
  <testcase name="testWriteTimestamp[5]" classname="org.apache.hive.hcatalog.pig.TestHCatStorer" time="0">
    <skipped message="got: &lt;false&gt;, expected: is &lt;true&gt;"/>
    <system-err><![CDATA[2024-04-24T10:28:18,694  WARN [main] conf.HiveConf: HiveConf of name hive.dummyparam.test.server.specific.config.override does not exist
2024-04-24T10:28:18,694  WARN [main] conf.HiveConf: HiveConf of name hive.llap.io.cache.orc.arena.size does not exist
2024-04-24T10:28:18,694  WARN [main] conf.HiveConf: HiveConf of name hive.metastore.metadb.dir does not exist
2024-04-24T10:28:18,694  WARN [main] conf.HiveConf: HiveConf of name hive.llap.io.cache.orc.alloc.max does not exist
2024-04-24T10:28:18,694  WARN [main] conf.HiveConf: HiveConf of name hive.metastore.client.cache.recordStats does not exist
2024-04-24T10:28:18,694  WARN [main] conf.HiveConf: HiveConf of name hive.llap.io.cache.orc.alloc.min does not exist
2024-04-24T10:28:18,694  WARN [main] conf.HiveConf: HiveConf of name hive.dummyparam.test.server.specific.config.hivesite does not exist
2024-04-24T10:28:18,694  WARN [main] conf.HiveConf: HiveConf of name hive.dummyparam.test.server.specific.config.metastoresite does not exist
2024-04-24T10:28:18,694  WARN [main] conf.HiveConf: HiveConf of name hive.stats.key.prefix.reserve.length does not exist
2024-04-24T10:28:18,694  WARN [main] conf.HiveConf: HiveConf of name hive.llap.io.cache.orc.size does not exist
2024-04-24T10:28:18,694  WARN [main] conf.HiveConf: HiveConf of name hive.metastore.client.cache.maxSize does not exist
2024-04-24T10:28:18,696  INFO [main] metastore.HiveMetaStoreClient: HMS client filtering is enabled.
2024-04-24T10:28:18,696  INFO [main] metastore.PersistenceManagerProvider: Configuration datanucleus.autoStartMechanismMode is not set. Defaulting to 'ignored'
2024-04-24T10:28:18,696  INFO [main] metastore.ObjectStore: RawStore: org.apache.hadoop.hive.metastore.ObjectStore@338cc75f, with PersistenceManager: org.datanucleus.api.jdo.JDOPersistenceManager@11df0bc7 will be shutdown
2024-04-24T10:28:18,696  INFO [main] metastore.ObjectStore: RawStore: org.apache.hadoop.hive.metastore.ObjectStore@338cc75f, with PersistenceManager: org.datanucleus.api.jdo.JDOPersistenceManager@6a2b6031 created in the thread with id: 1
2024-04-24T10:28:18,698  INFO [main] metastore.HMSHandler: HMS server filtering is disabled by configuration
Hive Session ID = 1086c07f-5484-4d93-95dd-3b0136ff0e32
2024-04-24T10:28:18,698  INFO [main] SessionState: Hive Session ID = 1086c07f-5484-4d93-95dd-3b0136ff0e32
ivysettings.xml file not found in HIVE_HOME or HIVE_CONF_DIR,file:/home/alex/.m2/repository/org/apache/pig/pig/0.16.0/pig-0.16.0-h2.jar!/ivysettings.xml will be used
2024-04-24T10:28:18,698  INFO [main] DependencyResolver: ivysettings.xml file not found in HIVE_HOME or HIVE_CONF_DIR,file:/home/alex/.m2/repository/org/apache/pig/pig/0.16.0/pig-0.16.0-h2.jar!/ivysettings.xml will be used
2024-04-24T10:28:18,703  INFO [main] session.SessionState: Created HDFS directory: /home/alex/Repositories/hive/hcatalog/hcatalog-pig-adapter/target/tmp/scratchdir/alex/1086c07f-5484-4d93-95dd-3b0136ff0e32
2024-04-24T10:28:18,706  INFO [main] session.SessionState: Created local directory: /home/alex/Repositories/hive/hcatalog/hcatalog-pig-adapter/target/tmp/localscratchdir/1086c07f-5484-4d93-95dd-3b0136ff0e32
2024-04-24T10:28:18,708  INFO [main] session.SessionState: Created HDFS directory: /home/alex/Repositories/hive/hcatalog/hcatalog-pig-adapter/target/tmp/scratchdir/alex/1086c07f-5484-4d93-95dd-3b0136ff0e32/_tmp_space.db
]]></system-err>
  </testcase>
  <testcase name="testWriteDecimalXY[5]" classname="org.apache.hive.hcatalog.pig.TestHCatStorer" time="0">
    <skipped message="got: &lt;false&gt;, expected: is &lt;true&gt;"/>
    <system-err><![CDATA[2024-04-24T10:28:18,742  WARN [main] conf.HiveConf: HiveConf of name hive.metastore.client.cache.recordStats does not exist
2024-04-24T10:28:18,742  WARN [main] conf.HiveConf: HiveConf of name hive.llap.io.cache.orc.size does not exist
2024-04-24T10:28:18,742  WARN [main] conf.HiveConf: HiveConf of name hive.metastore.client.cache.maxSize does not exist
2024-04-24T10:28:18,742  WARN [main] conf.HiveConf: HiveConf of name hive.llap.io.cache.orc.alloc.min does not exist
2024-04-24T10:28:18,742  WARN [main] conf.HiveConf: HiveConf of name hive.llap.io.cache.orc.arena.size does not exist
2024-04-24T10:28:18,742  WARN [main] conf.HiveConf: HiveConf of name hive.dummyparam.test.server.specific.config.metastoresite does not exist
2024-04-24T10:28:18,742  WARN [main] conf.HiveConf: HiveConf of name hive.metastore.metadb.dir does not exist
2024-04-24T10:28:18,742  WARN [main] conf.HiveConf: HiveConf of name hive.dummyparam.test.server.specific.config.hivesite does not exist
2024-04-24T10:28:18,743  WARN [main] conf.HiveConf: HiveConf of name hive.stats.key.prefix.reserve.length does not exist
2024-04-24T10:28:18,743  WARN [main] conf.HiveConf: HiveConf of name hive.dummyparam.test.server.specific.config.override does not exist
2024-04-24T10:28:18,743  WARN [main] conf.HiveConf: HiveConf of name hive.llap.io.cache.orc.alloc.max does not exist
2024-04-24T10:28:18,744  INFO [main] metastore.HiveMetaStoreClient: HMS client filtering is enabled.
2024-04-24T10:28:18,744  INFO [main] metastore.PersistenceManagerProvider: Configuration datanucleus.autoStartMechanismMode is not set. Defaulting to 'ignored'
2024-04-24T10:28:18,744  INFO [main] metastore.ObjectStore: RawStore: org.apache.hadoop.hive.metastore.ObjectStore@338cc75f, with PersistenceManager: org.datanucleus.api.jdo.JDOPersistenceManager@6a2b6031 will be shutdown
2024-04-24T10:28:18,744  INFO [main] metastore.ObjectStore: RawStore: org.apache.hadoop.hive.metastore.ObjectStore@338cc75f, with PersistenceManager: org.datanucleus.api.jdo.JDOPersistenceManager@773ad729 created in the thread with id: 1
2024-04-24T10:28:18,746  INFO [main] metastore.HMSHandler: HMS server filtering is disabled by configuration
Hive Session ID = 3152f996-0fb7-4bbd-9097-582042912c85
2024-04-24T10:28:18,746  INFO [main] SessionState: Hive Session ID = 3152f996-0fb7-4bbd-9097-582042912c85
ivysettings.xml file not found in HIVE_HOME or HIVE_CONF_DIR,file:/home/alex/.m2/repository/org/apache/pig/pig/0.16.0/pig-0.16.0-h2.jar!/ivysettings.xml will be used
2024-04-24T10:28:18,746  INFO [main] DependencyResolver: ivysettings.xml file not found in HIVE_HOME or HIVE_CONF_DIR,file:/home/alex/.m2/repository/org/apache/pig/pig/0.16.0/pig-0.16.0-h2.jar!/ivysettings.xml will be used
2024-04-24T10:28:18,751  INFO [main] session.SessionState: Created HDFS directory: /home/alex/Repositories/hive/hcatalog/hcatalog-pig-adapter/target/tmp/scratchdir/alex/3152f996-0fb7-4bbd-9097-582042912c85
2024-04-24T10:28:18,753  INFO [main] session.SessionState: Created local directory: /home/alex/Repositories/hive/hcatalog/hcatalog-pig-adapter/target/tmp/localscratchdir/3152f996-0fb7-4bbd-9097-582042912c85
2024-04-24T10:28:18,756  INFO [main] session.SessionState: Created HDFS directory: /home/alex/Repositories/hive/hcatalog/hcatalog-pig-adapter/target/tmp/scratchdir/alex/3152f996-0fb7-4bbd-9097-582042912c85/_tmp_space.db
]]></system-err>
  </testcase>
  <testcase name="testStoreFuncSimple[5]" classname="org.apache.hive.hcatalog.pig.TestHCatStorer" time="0">
    <skipped message="got: &lt;false&gt;, expected: is &lt;true&gt;"/>
    <system-err><![CDATA[2024-04-24T10:28:18,786  WARN [main] conf.HiveConf: HiveConf of name hive.llap.io.cache.orc.size does not exist
2024-04-24T10:28:18,786  WARN [main] conf.HiveConf: HiveConf of name hive.stats.key.prefix.reserve.length does not exist
2024-04-24T10:28:18,786  WARN [main] conf.HiveConf: HiveConf of name hive.metastore.client.cache.recordStats does not exist
2024-04-24T10:28:18,786  WARN [main] conf.HiveConf: HiveConf of name hive.dummyparam.test.server.specific.config.hivesite does not exist
2024-04-24T10:28:18,786  WARN [main] conf.HiveConf: HiveConf of name hive.llap.io.cache.orc.alloc.min does not exist
2024-04-24T10:28:18,786  WARN [main] conf.HiveConf: HiveConf of name hive.metastore.client.cache.maxSize does not exist
2024-04-24T10:28:18,786  WARN [main] conf.HiveConf: HiveConf of name hive.llap.io.cache.orc.arena.size does not exist
2024-04-24T10:28:18,786  WARN [main] conf.HiveConf: HiveConf of name hive.metastore.metadb.dir does not exist
2024-04-24T10:28:18,786  WARN [main] conf.HiveConf: HiveConf of name hive.dummyparam.test.server.specific.config.override does not exist
2024-04-24T10:28:18,786  WARN [main] conf.HiveConf: HiveConf of name hive.dummyparam.test.server.specific.config.metastoresite does not exist
2024-04-24T10:28:18,786  WARN [main] conf.HiveConf: HiveConf of name hive.llap.io.cache.orc.alloc.max does not exist
2024-04-24T10:28:18,787  INFO [main] metastore.HiveMetaStoreClient: HMS client filtering is enabled.
2024-04-24T10:28:18,787  INFO [main] metastore.PersistenceManagerProvider: Configuration datanucleus.autoStartMechanismMode is not set. Defaulting to 'ignored'
2024-04-24T10:28:18,788  INFO [main] metastore.ObjectStore: RawStore: org.apache.hadoop.hive.metastore.ObjectStore@338cc75f, with PersistenceManager: org.datanucleus.api.jdo.JDOPersistenceManager@773ad729 will be shutdown
2024-04-24T10:28:18,788  INFO [main] metastore.ObjectStore: RawStore: org.apache.hadoop.hive.metastore.ObjectStore@338cc75f, with PersistenceManager: org.datanucleus.api.jdo.JDOPersistenceManager@5ce7ab6f created in the thread with id: 1
2024-04-24T10:28:18,789  INFO [main] metastore.HMSHandler: HMS server filtering is disabled by configuration
Hive Session ID = 46970b92-f0af-4610-8410-0ba724d93a4d
2024-04-24T10:28:18,790  INFO [main] SessionState: Hive Session ID = 46970b92-f0af-4610-8410-0ba724d93a4d
ivysettings.xml file not found in HIVE_HOME or HIVE_CONF_DIR,file:/home/alex/.m2/repository/org/apache/pig/pig/0.16.0/pig-0.16.0-h2.jar!/ivysettings.xml will be used
2024-04-24T10:28:18,790  INFO [main] DependencyResolver: ivysettings.xml file not found in HIVE_HOME or HIVE_CONF_DIR,file:/home/alex/.m2/repository/org/apache/pig/pig/0.16.0/pig-0.16.0-h2.jar!/ivysettings.xml will be used
2024-04-24T10:28:18,795  INFO [main] session.SessionState: Created HDFS directory: /home/alex/Repositories/hive/hcatalog/hcatalog-pig-adapter/target/tmp/scratchdir/alex/46970b92-f0af-4610-8410-0ba724d93a4d
2024-04-24T10:28:18,797  INFO [main] session.SessionState: Created local directory: /home/alex/Repositories/hive/hcatalog/hcatalog-pig-adapter/target/tmp/localscratchdir/46970b92-f0af-4610-8410-0ba724d93a4d
2024-04-24T10:28:18,799  INFO [main] session.SessionState: Created HDFS directory: /home/alex/Repositories/hive/hcatalog/hcatalog-pig-adapter/target/tmp/scratchdir/alex/46970b92-f0af-4610-8410-0ba724d93a4d/_tmp_space.db
]]></system-err>
  </testcase>
  <testcase name="testDynamicPartitioningMultiPartColsInDataNoSpec[6]" classname="org.apache.hive.hcatalog.pig.TestHCatStorer" time="7.587"/>
  <testcase name="testWriteTinyint[6]" classname="org.apache.hive.hcatalog.pig.TestHCatStorer" time="4.795"/>
  <testcase name="testEmptyStore[6]" classname="org.apache.hive.hcatalog.pig.TestHCatStorer" time="0.947"/>
  <testcase name="testStoreFuncAllSimpleTypes[6]" classname="org.apache.hive.hcatalog.pig.TestHCatStorer" time="1.372"/>
  <testcase name="testDynamicPartitioningMultiPartColsInDataPartialSpec[6]" classname="org.apache.hive.hcatalog.pig.TestHCatStorer" time="1.553"/>
  <testcase name="testWriteDate2[6]" classname="org.apache.hive.hcatalog.pig.TestHCatStorer" time="5.392"/>
  <testcase name="testWriteDate3[6]" classname="org.apache.hive.hcatalog.pig.TestHCatStorer" time="2.328"/>
  <testcase name="testStoreInPartiitonedTbl[6]" classname="org.apache.hive.hcatalog.pig.TestHCatStorer" time="1.308">
    <failure message="expected:&lt;1&gt; but was:&lt;2&gt;" type="java.lang.AssertionError"><![CDATA[java.lang.AssertionError: expected:<1> but was:<2>
	at org.junit.Assert.fail(Assert.java:89)
	at org.junit.Assert.failNotEquals(Assert.java:835)
	at org.junit.Assert.assertEquals(Assert.java:647)
	at org.junit.Assert.assertEquals(Assert.java:633)
	at org.apache.hive.hcatalog.pig.AbstractHCatStorerTest.testStoreInPartiitonedTbl(AbstractHCatStorerTest.java:535)
	at org.apache.hive.hcatalog.pig.TestHCatStorer.testStoreInPartiitonedTbl(TestHCatStorer.java:207)
	at sun.reflect.NativeMethodAccessorImpl.invoke0(Native Method)
	at sun.reflect.NativeMethodAccessorImpl.invoke(NativeMethodAccessorImpl.java:62)
	at sun.reflect.DelegatingMethodAccessorImpl.invoke(DelegatingMethodAccessorImpl.java:43)
	at java.lang.reflect.Method.invoke(Method.java:498)
	at org.junit.runners.model.FrameworkMethod$1.runReflectiveCall(FrameworkMethod.java:59)
	at org.junit.internal.runners.model.ReflectiveCallable.run(ReflectiveCallable.java:12)
	at org.junit.runners.model.FrameworkMethod.invokeExplosively(FrameworkMethod.java:56)
	at org.junit.internal.runners.statements.InvokeMethod.evaluate(InvokeMethod.java:17)
	at org.junit.internal.runners.statements.RunBefores.evaluate(RunBefores.java:26)
	at org.junit.runners.ParentRunner$3.evaluate(ParentRunner.java:306)
	at org.junit.runners.BlockJUnit4ClassRunner$1.evaluate(BlockJUnit4ClassRunner.java:100)
	at org.junit.runners.ParentRunner.runLeaf(ParentRunner.java:366)
	at org.junit.runners.BlockJUnit4ClassRunner.runChild(BlockJUnit4ClassRunner.java:103)
	at org.junit.runners.BlockJUnit4ClassRunner.runChild(BlockJUnit4ClassRunner.java:63)
	at org.junit.runners.ParentRunner$4.run(ParentRunner.java:331)
	at org.junit.runners.ParentRunner$1.schedule(ParentRunner.java:79)
	at org.junit.runners.ParentRunner.runChildren(ParentRunner.java:329)
	at org.junit.runners.ParentRunner.access$100(ParentRunner.java:66)
	at org.junit.runners.ParentRunner$2.evaluate(ParentRunner.java:293)
	at org.junit.runners.ParentRunner.run(ParentRunner.java:413)
	at org.junit.runners.Suite.runChild(Suite.java:128)
	at org.junit.runners.Suite.runChild(Suite.java:27)
	at org.junit.runners.ParentRunner$4.run(ParentRunner.java:331)
	at org.junit.runners.ParentRunner$1.schedule(ParentRunner.java:79)
	at org.junit.runners.ParentRunner.runChildren(ParentRunner.java:329)
	at org.junit.runners.ParentRunner.access$100(ParentRunner.java:66)
	at org.junit.runners.ParentRunner$2.evaluate(ParentRunner.java:293)
	at org.junit.internal.runners.statements.RunBefores.evaluate(RunBefores.java:26)
	at org.junit.runners.ParentRunner$3.evaluate(ParentRunner.java:306)
	at org.junit.runners.ParentRunner.run(ParentRunner.java:413)
	at org.junit.runners.Suite.runChild(Suite.java:128)
	at org.junit.runners.Suite.runChild(Suite.java:27)
	at org.junit.runners.ParentRunner$4.run(ParentRunner.java:331)
	at org.junit.runners.ParentRunner$1.schedule(ParentRunner.java:79)
	at org.junit.runners.ParentRunner.runChildren(ParentRunner.java:329)
	at org.junit.runners.ParentRunner.access$100(ParentRunner.java:66)
	at org.junit.runners.ParentRunner$2.evaluate(ParentRunner.java:293)
	at org.junit.runners.ParentRunner$3.evaluate(ParentRunner.java:306)
	at org.junit.runners.ParentRunner.run(ParentRunner.java:413)
	at org.apache.maven.surefire.junitcore.JUnitCore.run(JUnitCore.java:55)
	at org.apache.maven.surefire.junitcore.JUnitCoreWrapper.createRequestAndRun(JUnitCoreWrapper.java:137)
	at org.apache.maven.surefire.junitcore.JUnitCoreWrapper.executeEager(JUnitCoreWrapper.java:107)
	at org.apache.maven.surefire.junitcore.JUnitCoreWrapper.execute(JUnitCoreWrapper.java:83)
	at org.apache.maven.surefire.junitcore.JUnitCoreWrapper.execute(JUnitCoreWrapper.java:75)
	at org.apache.maven.surefire.junitcore.JUnitCoreProvider.invoke(JUnitCoreProvider.java:158)
	at org.apache.maven.surefire.booter.ForkedBooter.runSuitesInProcess(ForkedBooter.java:377)
	at org.apache.maven.surefire.booter.ForkedBooter.execute(ForkedBooter.java:138)
	at org.apache.maven.surefire.booter.ForkedBooter.run(ForkedBooter.java:465)
	at org.apache.maven.surefire.booter.ForkedBooter.main(ForkedBooter.java:451)
]]></failure>
    <system-out><![CDATA[log4j: Could not find root logger information. Is this OK?
log4j: Finished configuring.
log4j: Could not find root logger information. Is this OK?
log4j: Finished configuring.
]]></system-out>
    <system-err><![CDATA[2024-04-24T10:28:42,836  WARN [main] conf.HiveConf: HiveConf of name hive.llap.io.cache.orc.alloc.min does not exist
2024-04-24T10:28:42,836  WARN [main] conf.HiveConf: HiveConf of name hive.metastore.metadb.dir does not exist
2024-04-24T10:28:42,836  WARN [main] conf.HiveConf: HiveConf of name hive.llap.io.cache.orc.alloc.max does not exist
2024-04-24T10:28:42,836  WARN [main] conf.HiveConf: HiveConf of name hive.stats.key.prefix.reserve.length does not exist
2024-04-24T10:28:42,836  WARN [main] conf.HiveConf: HiveConf of name hive.metastore.client.cache.maxSize does not exist
2024-04-24T10:28:42,836  WARN [main] conf.HiveConf: HiveConf of name hive.dummyparam.test.server.specific.config.metastoresite does not exist
2024-04-24T10:28:42,836  WARN [main] conf.HiveConf: HiveConf of name hive.metastore.client.cache.recordStats does not exist
2024-04-24T10:28:42,836  WARN [main] conf.HiveConf: HiveConf of name hive.dummyparam.test.server.specific.config.hivesite does not exist
2024-04-24T10:28:42,836  WARN [main] conf.HiveConf: HiveConf of name hive.llap.io.cache.orc.arena.size does not exist
2024-04-24T10:28:42,836  WARN [main] conf.HiveConf: HiveConf of name hive.llap.io.cache.orc.size does not exist
2024-04-24T10:28:42,836  WARN [main] conf.HiveConf: HiveConf of name hive.dummyparam.test.server.specific.config.override does not exist
2024-04-24T10:28:42,837  INFO [main] metastore.HiveMetaStoreClient: HMS client filtering is enabled.
2024-04-24T10:28:42,837  INFO [main] metastore.PersistenceManagerProvider: Configuration datanucleus.autoStartMechanismMode is not set. Defaulting to 'ignored'
2024-04-24T10:28:42,838  INFO [main] metastore.ObjectStore: RawStore: org.apache.hadoop.hive.metastore.ObjectStore@5d1f0cf7, with PersistenceManager: org.datanucleus.api.jdo.JDOPersistenceManager@36adae1 will be shutdown
2024-04-24T10:28:42,838  INFO [main] metastore.ObjectStore: RawStore: org.apache.hadoop.hive.metastore.ObjectStore@5d1f0cf7, with PersistenceManager: org.datanucleus.api.jdo.JDOPersistenceManager@2b70ce89 created in the thread with id: 1
2024-04-24T10:28:42,839  INFO [main] metastore.HMSHandler: HMS server filtering is disabled by configuration
Hive Session ID = 819b5f05-c5a8-4af7-8945-3ae29975e19b
2024-04-24T10:28:42,839  INFO [main] SessionState: Hive Session ID = 819b5f05-c5a8-4af7-8945-3ae29975e19b
ivysettings.xml file not found in HIVE_HOME or HIVE_CONF_DIR,file:/home/alex/.m2/repository/org/apache/pig/pig/0.16.0/pig-0.16.0-h2.jar!/ivysettings.xml will be used
2024-04-24T10:28:42,840  INFO [main] DependencyResolver: ivysettings.xml file not found in HIVE_HOME or HIVE_CONF_DIR,file:/home/alex/.m2/repository/org/apache/pig/pig/0.16.0/pig-0.16.0-h2.jar!/ivysettings.xml will be used
2024-04-24T10:28:42,845  INFO [main] session.SessionState: Created HDFS directory: /home/alex/Repositories/hive/hcatalog/hcatalog-pig-adapter/target/tmp/scratchdir/alex/819b5f05-c5a8-4af7-8945-3ae29975e19b
2024-04-24T10:28:42,847  INFO [main] session.SessionState: Created local directory: /home/alex/Repositories/hive/hcatalog/hcatalog-pig-adapter/target/tmp/localscratchdir/819b5f05-c5a8-4af7-8945-3ae29975e19b
2024-04-24T10:28:42,849  INFO [main] session.SessionState: Created HDFS directory: /home/alex/Repositories/hive/hcatalog/hcatalog-pig-adapter/target/tmp/scratchdir/alex/819b5f05-c5a8-4af7-8945-3ae29975e19b/_tmp_space.db
2024-04-24T10:28:42,850  INFO [main] ql.Driver: Compiling command(queryId=alex_20240424102842_bf5abf88-4ad6-4ad4-9066-f740ce40ff0a): drop table if exists junit_unparted
2024-04-24T10:28:42,850  INFO [main] HiveMetaStore.audit: ugi=alex	ip=unknown-ip-addr	cmd=get_table : tbl=hive.default.junit_unparted	
2024-04-24T10:28:42,852  INFO [main] ql.Driver: Semantic Analysis Completed (retrial = false)
2024-04-24T10:28:42,852  INFO [main] ql.Driver: Created Hive schema: Schema(fieldSchemas:null, properties:null)
2024-04-24T10:28:42,852  INFO [main] metadata.Hive: Dumping metastore api call timing information for : compilation phase
2024-04-24T10:28:42,852  INFO [main] metadata.Hive: Total time spent in each metastore function (ms): {flushCache_()=0, isCompatibleWith_(Configuration)=0}
2024-04-24T10:28:42,853  INFO [main] ql.Driver: Completed compiling command(queryId=alex_20240424102842_bf5abf88-4ad6-4ad4-9066-f740ce40ff0a); Time taken: 0.002 seconds
2024-04-24T10:28:42,853  INFO [main] reexec.ReExecDriver: Execution #1 of query
2024-04-24T10:28:42,853  INFO [main] ql.Driver: Concurrency mode is disabled, not creating a lock manager
2024-04-24T10:28:42,853  INFO [main] ql.Driver: Executing command(queryId=alex_20240424102842_bf5abf88-4ad6-4ad4-9066-f740ce40ff0a): drop table if exists junit_unparted
2024-04-24T10:28:42,853  INFO [main] ql.Driver: Starting task [Stage-0:DDL] in serial mode
2024-04-24T10:28:42,853  INFO [main] HiveMetaStore.audit: ugi=alex	ip=unknown-ip-addr	cmd=get_table : tbl=hive.default.junit_unparted	
2024-04-24T10:28:42,855  INFO [main] metadata.Hive: Dumping metastore api call timing information for : execution phase
2024-04-24T10:28:42,855  INFO [main] metadata.Hive: Total time spent in each metastore function (ms): {isCompatibleWith_(Configuration)=0}
2024-04-24T10:28:42,856  INFO [main] ql.Driver: Completed executing command(queryId=alex_20240424102842_bf5abf88-4ad6-4ad4-9066-f740ce40ff0a); Time taken: 0.002 seconds
2024-04-24T10:28:42,856  INFO [main] ql.Driver: Compiling command(queryId=alex_20240424102842_bf5abf88-4ad6-4ad4-9066-f740ce40ff0a): use default
2024-04-24T10:28:42,857  INFO [main] HiveMetaStore.audit: ugi=alex	ip=unknown-ip-addr	cmd=get_database: default	
2024-04-24T10:28:42,857  INFO [main] ql.Driver: Semantic Analysis Completed (retrial = false)
2024-04-24T10:28:42,857  INFO [main] ql.Driver: Created Hive schema: Schema(fieldSchemas:null, properties:null)
2024-04-24T10:28:42,857  INFO [main] metadata.Hive: Dumping metastore api call timing information for : compilation phase
2024-04-24T10:28:42,858  INFO [main] metadata.Hive: Total time spent in each metastore function (ms): {getDatabase_(String)=0, flushCache_()=0, isCompatibleWith_(Configuration)=0}
2024-04-24T10:28:42,858  INFO [main] ql.Driver: Completed compiling command(queryId=alex_20240424102842_bf5abf88-4ad6-4ad4-9066-f740ce40ff0a); Time taken: 0.001 seconds
2024-04-24T10:28:42,858  INFO [main] reexec.ReExecDriver: Execution #1 of query
2024-04-24T10:28:42,858  INFO [main] ql.Driver: Concurrency mode is disabled, not creating a lock manager
2024-04-24T10:28:42,858  INFO [main] ql.Driver: Executing command(queryId=alex_20240424102842_bf5abf88-4ad6-4ad4-9066-f740ce40ff0a): use default
2024-04-24T10:28:42,858  INFO [main] ql.Driver: Starting task [Stage-0:DDL] in serial mode
2024-04-24T10:28:42,858  INFO [main] HiveMetaStore.audit: ugi=alex	ip=unknown-ip-addr	cmd=get_database: default	
2024-04-24T10:28:42,859  INFO [main] HiveMetaStore.audit: ugi=alex	ip=unknown-ip-addr	cmd=get_database: default	
2024-04-24T10:28:42,860  INFO [main] metadata.Hive: Dumping metastore api call timing information for : execution phase
2024-04-24T10:28:42,860  INFO [main] metadata.Hive: Total time spent in each metastore function (ms): {isCompatibleWith_(Configuration)=0, getDatabase_(String)=2}
2024-04-24T10:28:42,861  INFO [main] ql.Driver: Completed executing command(queryId=alex_20240424102842_bf5abf88-4ad6-4ad4-9066-f740ce40ff0a); Time taken: 0.002 seconds
2024-04-24T10:28:42,861  INFO [main] ql.Driver: Compiling command(queryId=alex_20240424102842_bf5abf88-4ad6-4ad4-9066-f740ce40ff0a): create table junit_unparted(a int) partitioned by (b string) stored as JSONFILE TBLPROPERTIES ('transactional'='false')
2024-04-24T10:28:42,861  INFO [main] parse.CalcitePlanner: Starting caching scope for: alex_20240424102842_bf5abf88-4ad6-4ad4-9066-f740ce40ff0a
2024-04-24T10:28:42,861  INFO [main] parse.CalcitePlanner: Starting Semantic Analysis
2024-04-24T10:28:42,862  INFO [main] sqlstd.SQLStdHiveAccessController: Created SQLStdHiveAccessController for session context : HiveAuthzSessionContext [sessionString=819b5f05-c5a8-4af7-8945-3ae29975e19b, clientType=HIVECLI]
2024-04-24T10:28:42,862  INFO [main] metastore.HiveMetaStoreClient: Mestastore configuration metastore.filter.hook changed from org.apache.hadoop.hive.metastore.DefaultMetaStoreFilterHookImpl to org.apache.hadoop.hive.ql.security.authorization.plugin.AuthorizationMetaStoreFilterHook
2024-04-24T10:28:42,862  INFO [main] HiveMetaStore.audit: ugi=alex	ip=unknown-ip-addr	cmd=Cleaning up thread local RawStore...	
2024-04-24T10:28:42,862  INFO [main] metastore.ObjectStore: RawStore: org.apache.hadoop.hive.metastore.ObjectStore@5d1f0cf7, with PersistenceManager: org.datanucleus.api.jdo.JDOPersistenceManager@2b70ce89 will be shutdown
2024-04-24T10:28:42,862  INFO [main] HiveMetaStore.audit: ugi=alex	ip=unknown-ip-addr	cmd=Done cleaning up thread local RawStore	
2024-04-24T10:28:42,862  INFO [main] metastore.HiveMetaStoreClient: Closed a connection to metastore, current connections: -16
2024-04-24T10:28:42,863  INFO [main] metastore.HiveMetaStoreClient: HMS client filtering is enabled.
2024-04-24T10:28:42,864  INFO [main] metastore.HMSHandler: 0: Opening raw store with implementation class:org.apache.hadoop.hive.metastore.ObjectStore
2024-04-24T10:28:42,864  INFO [main] metastore.PersistenceManagerProvider: Configuration datanucleus.autoStartMechanismMode is not set. Defaulting to 'ignored'
2024-04-24T10:28:42,864  INFO [main] metastore.ObjectStore: RawStore: org.apache.hadoop.hive.metastore.ObjectStore@3c2c5c75, with PersistenceManager: null will be shutdown
2024-04-24T10:28:42,864  INFO [main] metastore.ObjectStore: RawStore: org.apache.hadoop.hive.metastore.ObjectStore@3c2c5c75, with PersistenceManager: org.datanucleus.api.jdo.JDOPersistenceManager@5f382a22 created in the thread with id: 1
2024-04-24T10:28:42,865  INFO [main] metastore.HMSHandler: Created RawStore: org.apache.hadoop.hive.metastore.ObjectStore@3c2c5c75 from thread id: 1
2024-04-24T10:28:42,865  INFO [main] metastore.HMSHandler: HMS server filtering is disabled by configuration
2024-04-24T10:28:42,865  INFO [main] metastore.RetryingMetaStoreClient: RetryingMetaStoreClient proxy=class org.apache.hadoop.hive.ql.metadata.SessionHiveMetaStoreClient ugi=alex (auth:SIMPLE) retries=1 delay=1 lifetime=0
2024-04-24T10:28:42,865  INFO [main] parse.CalcitePlanner: Creating table default.junit_unparted position=13
2024-04-24T10:28:42,866  INFO [main] metastore.HiveMetaStoreClient: HMS client filtering is enabled.
2024-04-24T10:28:42,866  INFO [main] metastore.PersistenceManagerProvider: Configuration datanucleus.autoStartMechanismMode is not set. Defaulting to 'ignored'
2024-04-24T10:28:42,867  INFO [main] metastore.ObjectStore: RawStore: org.apache.hadoop.hive.metastore.ObjectStore@3c2c5c75, with PersistenceManager: org.datanucleus.api.jdo.JDOPersistenceManager@5f382a22 will be shutdown
2024-04-24T10:28:42,867  INFO [main] metastore.ObjectStore: RawStore: org.apache.hadoop.hive.metastore.ObjectStore@3c2c5c75, with PersistenceManager: org.datanucleus.api.jdo.JDOPersistenceManager@3d7ed36f created in the thread with id: 1
2024-04-24T10:28:42,868  INFO [main] metastore.HMSHandler: HMS server filtering is disabled by configuration
2024-04-24T10:28:42,868  INFO [main] metastore.RetryingMetaStoreClient: RetryingMetaStoreClient proxy=class org.apache.hadoop.hive.ql.metadata.SessionHiveMetaStoreClient ugi=alex (auth:SIMPLE) retries=1 delay=1 lifetime=0
2024-04-24T10:28:42,868  INFO [main] HiveMetaStore.audit: ugi=alex	ip=unknown-ip-addr	cmd=get_database: default	
2024-04-24T10:28:42,869  INFO [main] parse.CalcitePlanner: Ending caching scope for: alex_20240424102842_bf5abf88-4ad6-4ad4-9066-f740ce40ff0a
2024-04-24T10:28:42,869  INFO [main] ql.Driver: Semantic Analysis Completed (retrial = false)
2024-04-24T10:28:42,869  INFO [main] ql.Driver: Created Hive schema: Schema(fieldSchemas:null, properties:null)
2024-04-24T10:28:42,870  INFO [main] metadata.Hive: Dumping metastore api call timing information for : compilation phase
2024-04-24T10:28:42,870  INFO [main] metadata.Hive: Total time spent in each metastore function (ms): {}
2024-04-24T10:28:42,870  INFO [main] ql.Driver: Completed compiling command(queryId=alex_20240424102842_bf5abf88-4ad6-4ad4-9066-f740ce40ff0a); Time taken: 0.009 seconds
2024-04-24T10:28:42,870  INFO [main] reexec.ReExecDriver: Execution #1 of query
2024-04-24T10:28:42,870  INFO [main] ql.Driver: Concurrency mode is disabled, not creating a lock manager
2024-04-24T10:28:42,870  INFO [main] ql.Driver: Executing command(queryId=alex_20240424102842_bf5abf88-4ad6-4ad4-9066-f740ce40ff0a): create table junit_unparted(a int) partitioned by (b string) stored as JSONFILE TBLPROPERTIES ('transactional'='false')
2024-04-24T10:28:42,870  INFO [main] ql.Driver: Starting task [Stage-0:DDL] in serial mode
2024-04-24T10:28:42,870  INFO [main] metastore.HiveMetaStoreClient: Mestastore configuration metastore.filter.hook changed from org.apache.hadoop.hive.ql.security.authorization.plugin.AuthorizationMetaStoreFilterHook to org.apache.hadoop.hive.metastore.DefaultMetaStoreFilterHookImpl
2024-04-24T10:28:42,870  INFO [main] HiveMetaStore.audit: ugi=alex	ip=unknown-ip-addr	cmd=Cleaning up thread local RawStore...	
2024-04-24T10:28:42,871  INFO [main] metastore.ObjectStore: RawStore: org.apache.hadoop.hive.metastore.ObjectStore@3c2c5c75, with PersistenceManager: org.datanucleus.api.jdo.JDOPersistenceManager@3d7ed36f will be shutdown
2024-04-24T10:28:42,871  INFO [main] HiveMetaStore.audit: ugi=alex	ip=unknown-ip-addr	cmd=Done cleaning up thread local RawStore	
2024-04-24T10:28:42,871  INFO [main] metastore.HiveMetaStoreClient: Closed a connection to metastore, current connections: -17
2024-04-24T10:28:42,872  INFO [main] metastore.HiveMetaStoreClient: HMS client filtering is enabled.
2024-04-24T10:28:42,873  INFO [main] metastore.HMSHandler: 0: Opening raw store with implementation class:org.apache.hadoop.hive.metastore.ObjectStore
2024-04-24T10:28:42,873  INFO [main] metastore.PersistenceManagerProvider: Configuration datanucleus.autoStartMechanismMode is not set. Defaulting to 'ignored'
2024-04-24T10:28:42,873  INFO [main] metastore.ObjectStore: RawStore: org.apache.hadoop.hive.metastore.ObjectStore@4955115d, with PersistenceManager: null will be shutdown
2024-04-24T10:28:42,873  INFO [main] metastore.ObjectStore: RawStore: org.apache.hadoop.hive.metastore.ObjectStore@4955115d, with PersistenceManager: org.datanucleus.api.jdo.JDOPersistenceManager@1448372a created in the thread with id: 1
2024-04-24T10:28:42,874  INFO [main] metastore.HMSHandler: Created RawStore: org.apache.hadoop.hive.metastore.ObjectStore@4955115d from thread id: 1
2024-04-24T10:28:42,874  INFO [main] metastore.HMSHandler: HMS server filtering is disabled by configuration
2024-04-24T10:28:42,875  INFO [main] metastore.RetryingMetaStoreClient: RetryingMetaStoreClient proxy=class org.apache.hadoop.hive.ql.metadata.SessionHiveMetaStoreClient ugi=alex (auth:SIMPLE) retries=1 delay=1 lifetime=0
2024-04-24T10:28:42,875  INFO [main] HiveMetaStore.audit: ugi=alex	ip=unknown-ip-addr	cmd=create_table_req: Table(tableName:junit_unparted, dbName:default, owner:alex, createTime:1713979722, lastAccessTime:0, retention:0, sd:StorageDescriptor(cols:[FieldSchema(name:a, type:int, comment:null)], location:null, inputFormat:org.apache.hadoop.mapred.TextInputFormat, outputFormat:org.apache.hadoop.hive.ql.io.HiveIgnoreKeyTextOutputFormat, compressed:false, numBuckets:-1, serdeInfo:SerDeInfo(name:null, serializationLib:org.apache.hadoop.hive.serde2.JsonSerDe, parameters:{serialization.format=1}), bucketCols:[], sortCols:[], parameters:{}, skewedInfo:SkewedInfo(skewedColNames:[], skewedColValues:[], skewedColValueLocationMaps:{}), storedAsSubDirectories:false), partitionKeys:[FieldSchema(name:b, type:string, comment:null)], parameters:{transactional=false, bucketing_version=2}, viewOriginalText:null, viewExpandedText:null, tableType:MANAGED_TABLE, privileges:PrincipalPrivilegeSet(userPrivileges:{alex=[PrivilegeGrantInfo(privilege:INSERT, createTime:-1, grantor:alex, grantorType:USER, grantOption:true), PrivilegeGrantInfo(privilege:SELECT, createTime:-1, grantor:alex, grantorType:USER, grantOption:true), PrivilegeGrantInfo(privilege:UPDATE, createTime:-1, grantor:alex, grantorType:USER, grantOption:true), PrivilegeGrantInfo(privilege:DELETE, createTime:-1, grantor:alex, grantorType:USER, grantOption:true)]}, groupPrivileges:null, rolePrivileges:null), temporary:false, catName:hive, ownerType:USER)	
2024-04-24T10:28:42,878  INFO [main] utils.FileUtils: Creating directory if it doesn't exist: file:/home/alex/Repositories/hive/hcatalog/hcatalog-pig-adapter/build/test/data/org.apache.hive.hcatalog.mapreduce.HCatBaseTest-1713979684612/warehouse/junit_unparted
2024-04-24T10:28:42,893  INFO [main] metadata.Hive: Dumping metastore api call timing information for : execution phase
2024-04-24T10:28:42,893  INFO [main] metadata.Hive: Total time spent in each metastore function (ms): {createTable_(Table)=18}
2024-04-24T10:28:42,893  INFO [main] ql.Driver: Completed executing command(queryId=alex_20240424102842_bf5abf88-4ad6-4ad4-9066-f740ce40ff0a); Time taken: 0.023 seconds
2024-04-24T10:28:42,913  INFO [main] executionengine.HExecutionEngine: Connecting to hadoop file system at: file:///
2024-04-24T10:28:42,913  INFO [main] pig.PigServer: Pig Script ID for the session: PIG-default-cdc2d99a-25bb-4ea8-baf3-194095f25149
2024-04-24T10:28:42,945  WARN [main] conf.HiveConf: HiveConf of name hive.stats.key.prefix.reserve.length does not exist
2024-04-24T10:28:42,945  WARN [main] conf.HiveConf: HiveConf of name hive.metastore.metadb.dir does not exist
2024-04-24T10:28:42,945  WARN [main] conf.HiveConf: HiveConf of name hive.llap.io.cache.orc.arena.size does not exist
2024-04-24T10:28:42,945  WARN [main] conf.HiveConf: HiveConf of name hive.metastore.client.cache.recordStats does not exist
2024-04-24T10:28:42,945  WARN [main] conf.HiveConf: HiveConf of name hive.llap.io.cache.orc.alloc.min does not exist
2024-04-24T10:28:42,945  WARN [main] conf.HiveConf: HiveConf of name hive.llap.io.cache.orc.alloc.max does not exist
2024-04-24T10:28:42,945  WARN [main] conf.HiveConf: HiveConf of name hive.dummyparam.test.server.specific.config.override does not exist
2024-04-24T10:28:42,945  WARN [main] conf.HiveConf: HiveConf of name hive.dummyparam.test.server.specific.config.hivesite does not exist
2024-04-24T10:28:42,945  WARN [main] conf.HiveConf: HiveConf of name hive.llap.io.cache.orc.size does not exist
2024-04-24T10:28:42,945  WARN [main] conf.HiveConf: HiveConf of name hive.dummyparam.test.server.specific.config.metastoresite does not exist
2024-04-24T10:28:42,945  WARN [main] conf.HiveConf: HiveConf of name hive.metastore.client.cache.maxSize does not exist
2024-04-24T10:28:42,945  INFO [main] common.HCatUtil: mapreduce.lib.hcatoutput.hive.conf not set. Generating configuration differences.
2024-04-24T10:28:42,946  INFO [main] common.HCatUtil: Configuration differences={datanucleus.connectionPool.maxPoolSize=4, hive.stats.column.autogather=true, hive.llap.io.cache.orc.alloc.max=2097152, javax.jdo.option.ConnectionUserName=APP, test.property1=value1, hive.query.results.cache.enabled=false, fs.pfile.impl=org.apache.hadoop.fs.ProxyLocalFileSystem, hive.querylog.location=${test.tmp.dir}/tmp, hive.llap.io.use.lrfu=true, hive.metastore.rawstore.impl=org.apache.hadoop.hive.metastore.ObjectStore, javax.jdo.option.ConnectionPassword=mine, hive.jar.path=${maven.local.repository}/org/apache/hive/hive-exec/${hive.version}/hive-exec-${hive.version}.jar, hive.default.rcfile.serde=org.apache.hadoop.hive.serde2.columnar.ColumnarSerDe, test.data.scripts=${hive.root}/data/scripts, datanucleus.schema.autoCreateAll=true, hive.users.in.admin.role=hive_admin_user, hive.llap.io.cache.orc.size=8388608, hive.exec.mode.local.auto=false, hive.dummyparam.test.server.specific.config.hivesite=from.hive-site.xml, test.var.hiveconf.property=${hive.exec.default.partition.name}, hive.materializedview.rewriting=true, hive.dummyparam.test.server.specific.config.override=from.hive-site.xml, hive.metastore.metadb.dir=file://${test.tmp.dir}/metadb/, hive.fetch.task.conversion=minimal, hive.conf.restricted.list=dummy.config.value, hive.server2.operation.log.purgePolicy.timeToLive=5s, hive.query.reexecution.stats.persist.scope=query, hive.cbo.fallback.strategy=TEST, hive.input.format=org.apache.hadoop.hive.ql.io.CombineHiveInputFormat, hive.security.authorization.manager=org.apache.hadoop.hive.ql.security.authorization.plugin.sqlstd.SQLStdHiveAuthorizerFactoryForTest, test.data.files=${hive.root}/data/files, hive.metastore.client.cache.enabled=true, hive.stats.key.prefix.reserve.length=0, hive.exec.local.scratchdir=${test.tmp.dir}/localscratchdir/, hive.exec.submit.local.task.via.child=false, hive.auto.convert.join=false, hive.llap.io.cache.orc.alloc.min=32768, hive.stats.fetch.bitvector=true, hive.llap.io.allocator.direct=false, hive.metastore.schema.verification=false, javax.jdo.option.ConnectionDriverName=org.apache.derby.jdbc.EmbeddedDriver, hive.in.test=true, hive.support.concurrency=true, hive.metastore.warehouse.dir=${test.warehouse.dir}, hive.llap.io.cache.orc.arena.size=8388608, hive.exec.scratchdir=${test.tmp.dir}/scratchdir, test.log.dir=${test.tmp.dir}/log/, hive.exec.post.hooks=org.apache.hadoop.hive.ql.hooks.PostExecutePrinter, javax.jdo.option.ConnectionURL=jdbc:derby:memory:${test.tmp.dir}/junit_metastore_db;create=true, hive.llap.cache.allow.synthetic.fileid=true, hive.scheduled.queries.executor.enabled=false, hive.ignore.mapjoin.hint=false, hive.metastore.client.cache.maxSize=10Mb, hive.metastore.client.cache.recordStats=true, hive.mapjoin.max.gc.time.percentage=0.99, hive.test.dummystats.aggregator=value2, hive.exec.pre.hooks=org.apache.hadoop.hive.ql.hooks.PreExecutePrinter, org.apache.hadoop.hive.ql.hooks.EnforceReadOnlyTables, org.apache.hadoop.hive.ql.hooks.MaterializedViewRegistryPropertiesHook, iceberg.hive.keep.stats=true, hive.strict.timestamp.conversion=false}
2024-04-24T10:28:42,947  INFO [main] HiveMetaStore.audit: ugi=alex	ip=unknown-ip-addr	cmd=get_databases: @hive#NonExistentDatabaseUsedForHealthCheck	
2024-04-24T10:28:42,949  INFO [main] HiveMetaStore.audit: ugi=alex	ip=unknown-ip-addr	cmd=get_table : tbl=hive.default.junit_unparted	
2024-04-24T10:28:42,957  INFO [main] metastore.HMSHandler: Skipping translation for processor with null
2024-04-24T10:28:42,976  WARN [main] conf.HiveConf: HiveConf of name hive.metastore.metadb.dir does not exist
2024-04-24T10:28:42,976  WARN [main] conf.HiveConf: HiveConf of name hive.dummyparam.test.server.specific.config.hivesite does not exist
2024-04-24T10:28:42,976  WARN [main] conf.HiveConf: HiveConf of name hive.dummyparam.test.server.specific.config.metastoresite does not exist
2024-04-24T10:28:42,976  WARN [main] conf.HiveConf: HiveConf of name hive.metastore.client.cache.maxSize does not exist
2024-04-24T10:28:42,976  WARN [main] conf.HiveConf: HiveConf of name hive.llap.io.cache.orc.arena.size does not exist
2024-04-24T10:28:42,976  WARN [main] conf.HiveConf: HiveConf of name hive.stats.key.prefix.reserve.length does not exist
2024-04-24T10:28:42,976  WARN [main] conf.HiveConf: HiveConf of name hive.metastore.client.cache.recordStats does not exist
2024-04-24T10:28:42,976  WARN [main] conf.HiveConf: HiveConf of name hive.dummyparam.test.server.specific.config.override does not exist
2024-04-24T10:28:42,976  WARN [main] conf.HiveConf: HiveConf of name hive.llap.io.cache.orc.size does not exist
2024-04-24T10:28:42,976  WARN [main] conf.HiveConf: HiveConf of name hive.llap.io.cache.orc.alloc.max does not exist
2024-04-24T10:28:42,976  WARN [main] conf.HiveConf: HiveConf of name hive.llap.io.cache.orc.alloc.min does not exist
2024-04-24T10:28:42,976  INFO [main] common.HCatUtil: mapreduce.lib.hcatoutput.hive.conf is set. Applying configuration differences.
2024-04-24T10:28:42,977  INFO [main] HiveMetaStore.audit: ugi=alex	ip=unknown-ip-addr	cmd=get_databases: @hive#NonExistentDatabaseUsedForHealthCheck	
2024-04-24T10:28:42,980  INFO [main] pigstats.ScriptState: Pig features used in the script: UNKNOWN
2024-04-24T10:28:42,987  WARN [main] data.SchemaTupleBackend: SchemaTupleBackend has already been initialized
2024-04-24T10:28:42,987  INFO [main] optimizer.LogicalPlanOptimizer: {RULES_ENABLED=[AddForEach, ColumnMapKeyPrune, ConstantCalculator, GroupByConstParallelSetter, LimitOptimizer, LoadTypeCastInserter, MergeFilter, MergeForEach, PartitionFilterOptimizer, PredicatePushdownOptimizer, PushDownForEachFlatten, PushUpFilter, SplitFilter, StreamTypeCastInserter]}
2024-04-24T10:28:42,988  INFO [main] mapReduceLayer.MRCompiler: File concatenation threshold: 100 optimistic? false
2024-04-24T10:28:42,989  INFO [main] mapReduceLayer.MultiQueryOptimizer: MR plan size before optimization: 1
2024-04-24T10:28:42,989  INFO [main] mapReduceLayer.MultiQueryOptimizer: MR plan size after optimization: 1
2024-04-24T10:28:42,991  INFO [communication thread] mapred.LocalJobRunner: map > map
2024-04-24T10:28:42,995  WARN [main] impl.MetricsSystemImpl: JobTracker metrics system already initialized!
2024-04-24T10:28:42,997  INFO [main] mapreduce.MRScriptState: Pig script settings are added to the job
2024-04-24T10:28:42,997  INFO [main] mapReduceLayer.JobControlCompiler: mapred.job.reduce.markreset.buffer.percent is not set, set to default 0.3
2024-04-24T10:28:42,998  INFO [main] mapReduceLayer.JobControlCompiler: Setting up single store job
2024-04-24T10:28:42,998  INFO [main] data.SchemaTupleFrontend: Key [pig.schematuple] is false, will not generate code.
2024-04-24T10:28:42,998  INFO [main] data.SchemaTupleFrontend: Starting process to move generated code to distributed cacche
2024-04-24T10:28:42,998  INFO [main] data.SchemaTupleFrontend: Distributed cache not supported or needed in local mode. Setting key [pig.schematuple.local.dir] with code temp directory: /home/alex/Repositories/hive/hcatalog/hcatalog-pig-adapter/target/tmp/1713979722998-0
2024-04-24T10:28:43,002  INFO [main] mapReduceLayer.MapReduceLauncher: 1 map-reduce job(s) waiting for submission.
2024-04-24T10:28:43,004  WARN [JobControl] impl.MetricsSystemImpl: JobTracker metrics system already initialized!
2024-04-24T10:28:43,020  WARN [JobControl] conf.HiveConf: HiveConf of name hive.llap.io.cache.orc.arena.size does not exist
2024-04-24T10:28:43,020  WARN [JobControl] conf.HiveConf: HiveConf of name hive.dummyparam.test.server.specific.config.hivesite does not exist
2024-04-24T10:28:43,020  WARN [JobControl] conf.HiveConf: HiveConf of name hive.stats.key.prefix.reserve.length does not exist
2024-04-24T10:28:43,020  WARN [JobControl] conf.HiveConf: HiveConf of name hive.llap.io.cache.orc.alloc.max does not exist
2024-04-24T10:28:43,020  WARN [JobControl] conf.HiveConf: HiveConf of name hive.llap.io.cache.orc.alloc.min does not exist
2024-04-24T10:28:43,020  WARN [JobControl] conf.HiveConf: HiveConf of name hive.dummyparam.test.server.specific.config.override does not exist
2024-04-24T10:28:43,020  WARN [JobControl] conf.HiveConf: HiveConf of name hive.dummyparam.test.server.specific.config.metastoresite does not exist
2024-04-24T10:28:43,020  WARN [JobControl] conf.HiveConf: HiveConf of name hive.metastore.client.cache.maxSize does not exist
2024-04-24T10:28:43,020  WARN [JobControl] conf.HiveConf: HiveConf of name hive.metastore.client.cache.recordStats does not exist
2024-04-24T10:28:43,020  WARN [JobControl] conf.HiveConf: HiveConf of name hive.llap.io.cache.orc.size does not exist
2024-04-24T10:28:43,020  WARN [JobControl] conf.HiveConf: HiveConf of name hive.metastore.metadb.dir does not exist
2024-04-24T10:28:43,020  INFO [JobControl] common.HCatUtil: mapreduce.lib.hcatoutput.hive.conf is set. Applying configuration differences.
2024-04-24T10:28:43,021  INFO [JobControl] metastore.HiveMetaStoreClient: HMS client filtering is enabled.
2024-04-24T10:28:43,022  INFO [JobControl] metastore.HMSHandler: 34: Opening raw store with implementation class:org.apache.hadoop.hive.metastore.ObjectStore
2024-04-24T10:28:43,022  INFO [JobControl] metastore.PersistenceManagerProvider: Configuration datanucleus.autoStartMechanismMode is not set. Defaulting to 'ignored'
2024-04-24T10:28:43,022  INFO [JobControl] metastore.ObjectStore: RawStore: org.apache.hadoop.hive.metastore.ObjectStore@36f1125c, with PersistenceManager: null will be shutdown
2024-04-24T10:28:43,022  INFO [JobControl] metastore.ObjectStore: RawStore: org.apache.hadoop.hive.metastore.ObjectStore@36f1125c, with PersistenceManager: org.datanucleus.api.jdo.JDOPersistenceManager@57606e77 created in the thread with id: 2053
2024-04-24T10:28:43,024  INFO [JobControl] metastore.HMSHandler: Created RawStore: org.apache.hadoop.hive.metastore.ObjectStore@36f1125c from thread id: 2053
2024-04-24T10:28:43,024  INFO [JobControl] metastore.HMSHandler: HMS server filtering is disabled by configuration
2024-04-24T10:28:43,024  INFO [JobControl] metastore.RetryingMetaStoreClient: RetryingMetaStoreClient proxy=class org.apache.hive.hcatalog.common.HiveClientCache$CacheableHiveMetaStoreClient ugi=alex (auth:SIMPLE) retries=1 delay=1 lifetime=0
2024-04-24T10:28:43,024  INFO [JobControl] HiveMetaStore.audit: ugi=alex	ip=unknown-ip-addr	cmd=get_databases: @hive#NonExistentDatabaseUsedForHealthCheck	
2024-04-24T10:28:43,037  WARN [JobControl] mapreduce.JobResourceUploader: Hadoop command-line option parsing not performed. Implement the Tool interface and execute your application with ToolRunner to remedy this.
2024-04-24T10:28:43,041  WARN [JobControl] mapreduce.JobResourceUploader: No job jar file set.  User classes may not be found. See Job or Job#setJar(String).
2024-04-24T10:28:43,042  INFO [JobControl] builtin.PigStorage: Using PigTextInputFormat
2024-04-24T10:28:43,042  INFO [JobControl] input.FileInputFormat: Total input files to process : 1
2024-04-24T10:28:43,042  INFO [JobControl] util.MapRedUtil: Total input paths to process : 1
2024-04-24T10:28:43,043  INFO [JobControl] util.MapRedUtil: Total input paths (combined) to process : 1
2024-04-24T10:28:43,058  INFO [JobControl] mapreduce.JobSubmitter: number of splits:1
2024-04-24T10:28:43,070  INFO [JobControl] mapreduce.JobSubmitter: Submitting tokens for job: job_local1807527225_0025
2024-04-24T10:28:43,070  INFO [JobControl] mapreduce.JobSubmitter: Executing with tokens: []
2024-04-24T10:28:43,122  INFO [JobControl] mapreduce.Job: The url to track the job: http://localhost:8080/
2024-04-24T10:28:43,122  INFO [Thread-1966] mapred.LocalJobRunner: OutputCommitter set in config null
2024-04-24T10:28:43,127  INFO [Thread-1966] output.FileOutputCommitter: File Output Committer Algorithm version is 2
2024-04-24T10:28:43,127  INFO [Thread-1966] output.FileOutputCommitter: FileOutputCommitter skip cleanup _temporary folders under output directory:false, ignore cleanup failures: false
2024-04-24T10:28:43,128  INFO [Thread-1966] mapred.LocalJobRunner: OutputCommitter is org.apache.pig.backend.hadoop.executionengine.mapReduceLayer.PigOutputCommitter
2024-04-24T10:28:43,130  INFO [Thread-1966] output.FileOutputCommitter: File Output Committer Algorithm version is 2
2024-04-24T10:28:43,130  INFO [Thread-1966] output.FileOutputCommitter: FileOutputCommitter skip cleanup _temporary folders under output directory:false, ignore cleanup failures: false
2024-04-24T10:28:43,139  INFO [Thread-1966] mapred.LocalJobRunner: Waiting for map tasks
2024-04-24T10:28:43,139  INFO [LocalJobRunner Map Task Executor #0] mapred.LocalJobRunner: Starting task: attempt_local1807527225_0025_m_000000_0
2024-04-24T10:28:43,145  INFO [LocalJobRunner Map Task Executor #0] output.FileOutputCommitter: File Output Committer Algorithm version is 2
2024-04-24T10:28:43,145  INFO [LocalJobRunner Map Task Executor #0] output.FileOutputCommitter: FileOutputCommitter skip cleanup _temporary folders under output directory:false, ignore cleanup failures: false
2024-04-24T10:28:43,147  INFO [LocalJobRunner Map Task Executor #0] output.FileOutputCommitter: File Output Committer Algorithm version is 2
2024-04-24T10:28:43,147  INFO [LocalJobRunner Map Task Executor #0] output.FileOutputCommitter: FileOutputCommitter skip cleanup _temporary folders under output directory:false, ignore cleanup failures: false
2024-04-24T10:28:43,147  INFO [LocalJobRunner Map Task Executor #0] mapred.Task:  Using ResourceCalculatorProcessTree : [ ]
2024-04-24T10:28:43,148  INFO [LocalJobRunner Map Task Executor #0] mapred.MapTask: Processing split: Number of splits :1
Total Length = 23
Input split[0]:
   Length = 23
   ClassName: org.apache.hadoop.mapreduce.lib.input.FileSplit
   Locations:

-----------------------

2024-04-24T10:28:43,149  INFO [LocalJobRunner Map Task Executor #0] builtin.PigStorage: Using PigTextInputFormat
2024-04-24T10:28:43,149  INFO [LocalJobRunner Map Task Executor #0] mapReduceLayer.PigRecordReader: Current split being processed file:/home/alex/Repositories/hive/hcatalog/hcatalog-pig-adapter/build/test/data/org.apache.hive.hcatalog.mapreduce.HCatBaseTest-1713979684612/input.data:0+23
2024-04-24T10:28:43,153  INFO [LocalJobRunner Map Task Executor #0] output.FileOutputCommitter: File Output Committer Algorithm version is 2
2024-04-24T10:28:43,153  INFO [LocalJobRunner Map Task Executor #0] output.FileOutputCommitter: FileOutputCommitter skip cleanup _temporary folders under output directory:false, ignore cleanup failures: false
2024-04-24T10:28:43,164  INFO [LocalJobRunner Map Task Executor #0] util.SpillableMemoryManager: Selected heap (PS Old Gen) of size 1431830528 to monitor. collectionUsageThreshold = 1064828928, usageThreshold = 1064828928
2024-04-24T10:28:43,164  INFO [LocalJobRunner Map Task Executor #0] data.SchemaTupleBackend: Key [pig.schematuple] was not set... will not generate code.
2024-04-24T10:28:43,165  INFO [LocalJobRunner Map Task Executor #0] mapReduceLayer.PigMapOnly$Map: Aliases being processed per job phase (AliasName[line,offset]): M: A[1,4],A[-1,-1] C:  R: 
2024-04-24T10:28:43,167  INFO [LocalJobRunner Map Task Executor #0] mapred.LocalJobRunner: 
2024-04-24T10:28:43,167  INFO [LocalJobRunner Map Task Executor #0] mapred.Task: Task:attempt_local1807527225_0025_m_000000_0 is done. And is in the process of committing
2024-04-24T10:28:43,168  INFO [LocalJobRunner Map Task Executor #0] output.FileOutputCommitter: File Output Committer Algorithm version is 2
2024-04-24T10:28:43,168  INFO [LocalJobRunner Map Task Executor #0] output.FileOutputCommitter: FileOutputCommitter skip cleanup _temporary folders under output directory:false, ignore cleanup failures: false
2024-04-24T10:28:43,169  INFO [LocalJobRunner Map Task Executor #0] mapred.LocalJobRunner: 
2024-04-24T10:28:43,169  INFO [LocalJobRunner Map Task Executor #0] mapred.Task: Task attempt_local1807527225_0025_m_000000_0 is allowed to commit now
2024-04-24T10:28:43,170  INFO [LocalJobRunner Map Task Executor #0] output.FileOutputCommitter: File Output Committer Algorithm version is 2
2024-04-24T10:28:43,170  INFO [LocalJobRunner Map Task Executor #0] output.FileOutputCommitter: FileOutputCommitter skip cleanup _temporary folders under output directory:false, ignore cleanup failures: false
2024-04-24T10:28:43,172  INFO [LocalJobRunner Map Task Executor #0] output.FileOutputCommitter: Saved output of task 'attempt_local1807527225_0025_m_000000_0' to file:/home/alex/Repositories/hive/hcatalog/hcatalog-pig-adapter/build/test/data/org.apache.hive.hcatalog.mapreduce.HCatBaseTest-1713979684612/warehouse/junit_unparted/_SCRATCH0,8631219933153055/b=1
2024-04-24T10:28:43,172  INFO [LocalJobRunner Map Task Executor #0] mapred.LocalJobRunner: map
2024-04-24T10:28:43,172  INFO [LocalJobRunner Map Task Executor #0] mapred.Task: Task 'attempt_local1807527225_0025_m_000000_0' done.
2024-04-24T10:28:43,172  INFO [LocalJobRunner Map Task Executor #0] mapred.Task: Final Counters for attempt_local1807527225_0025_m_000000_0: Counters: 15
	File System Counters
		FILE: Number of bytes read=29992
		FILE: Number of bytes written=14232381
		FILE: Number of read operations=0
		FILE: Number of large read operations=0
		FILE: Number of write operations=0
	Map-Reduce Framework
		Map input records=11
		Map output records=11
		Input split bytes=480
		Spilled Records=0
		Failed Shuffles=0
		Merged Map outputs=0
		GC time elapsed (ms)=0
		Total committed heap usage (bytes)=1014497280
	File Input Format Counters 
		Bytes Read=0
	File Output Format Counters 
		Bytes Written=0
2024-04-24T10:28:43,172  INFO [LocalJobRunner Map Task Executor #0] mapred.LocalJobRunner: Finishing task: attempt_local1807527225_0025_m_000000_0
2024-04-24T10:28:43,172  INFO [Thread-1966] mapred.LocalJobRunner: map task executor complete.
2024-04-24T10:28:43,214  WARN [Thread-1966] conf.HiveConf: HiveConf of name hive.metastore.client.cache.maxSize does not exist
2024-04-24T10:28:43,214  WARN [Thread-1966] conf.HiveConf: HiveConf of name hive.llap.io.cache.orc.alloc.max does not exist
2024-04-24T10:28:43,214  WARN [Thread-1966] conf.HiveConf: HiveConf of name hive.llap.io.cache.orc.alloc.min does not exist
2024-04-24T10:28:43,214  WARN [Thread-1966] conf.HiveConf: HiveConf of name hive.llap.io.cache.orc.size does not exist
2024-04-24T10:28:43,214  WARN [Thread-1966] conf.HiveConf: HiveConf of name hive.metastore.client.cache.recordStats does not exist
2024-04-24T10:28:43,214  WARN [Thread-1966] conf.HiveConf: HiveConf of name hive.llap.io.cache.orc.arena.size does not exist
2024-04-24T10:28:43,214  WARN [Thread-1966] conf.HiveConf: HiveConf of name hive.stats.key.prefix.reserve.length does not exist
2024-04-24T10:28:43,214  WARN [Thread-1966] conf.HiveConf: HiveConf of name hive.dummyparam.test.server.specific.config.metastoresite does not exist
2024-04-24T10:28:43,214  WARN [Thread-1966] conf.HiveConf: HiveConf of name hive.metastore.metadb.dir does not exist
2024-04-24T10:28:43,214  WARN [Thread-1966] conf.HiveConf: HiveConf of name hive.dummyparam.test.server.specific.config.hivesite does not exist
2024-04-24T10:28:43,214  WARN [Thread-1966] conf.HiveConf: HiveConf of name hive.dummyparam.test.server.specific.config.override does not exist
2024-04-24T10:28:43,214  INFO [Thread-1966] common.HCatUtil: mapreduce.lib.hcatoutput.hive.conf is set. Applying configuration differences.
2024-04-24T10:28:43,215  INFO [Thread-1966] metastore.HiveMetaStoreClient: HMS client filtering is enabled.
2024-04-24T10:28:43,216  INFO [Thread-1966] metastore.HMSHandler: 35: Opening raw store with implementation class:org.apache.hadoop.hive.metastore.ObjectStore
2024-04-24T10:28:43,216  INFO [Thread-1966] metastore.PersistenceManagerProvider: Configuration datanucleus.autoStartMechanismMode is not set. Defaulting to 'ignored'
2024-04-24T10:28:43,216  INFO [Thread-1966] metastore.ObjectStore: RawStore: org.apache.hadoop.hive.metastore.ObjectStore@1741d3ec, with PersistenceManager: null will be shutdown
2024-04-24T10:28:43,216  INFO [Thread-1966] metastore.ObjectStore: RawStore: org.apache.hadoop.hive.metastore.ObjectStore@1741d3ec, with PersistenceManager: org.datanucleus.api.jdo.JDOPersistenceManager@76c24575 created in the thread with id: 2073
2024-04-24T10:28:43,217  INFO [Thread-1966] metastore.HMSHandler: Created RawStore: org.apache.hadoop.hive.metastore.ObjectStore@1741d3ec from thread id: 2073
2024-04-24T10:28:43,217  INFO [Thread-1966] metastore.HMSHandler: HMS server filtering is disabled by configuration
2024-04-24T10:28:43,218  INFO [Thread-1966] metastore.RetryingMetaStoreClient: RetryingMetaStoreClient proxy=class org.apache.hive.hcatalog.common.HiveClientCache$CacheableHiveMetaStoreClient ugi=alex (auth:SIMPLE) retries=1 delay=1 lifetime=0
2024-04-24T10:28:43,219  INFO [Thread-1966] HiveMetaStore.audit: ugi=alex	ip=unknown-ip-addr	cmd=Cleaning up thread local RawStore...	
2024-04-24T10:28:43,219  INFO [Thread-1966] metastore.ObjectStore: RawStore: org.apache.hadoop.hive.metastore.ObjectStore@1741d3ec, with PersistenceManager: org.datanucleus.api.jdo.JDOPersistenceManager@76c24575 will be shutdown
2024-04-24T10:28:43,220  INFO [Thread-1966] HiveMetaStore.audit: ugi=alex	ip=unknown-ip-addr	cmd=Done cleaning up thread local RawStore	
2024-04-24T10:28:43,220  INFO [Thread-1966] metastore.HiveMetaStoreClient: Closed a connection to metastore, current connections: -18
2024-04-24T10:28:43,220  INFO [Thread-1966] HiveMetaStore.audit: ugi=alex	ip=unknown-ip-addr	cmd=get_databases: @hive#NonExistentDatabaseUsedForHealthCheck	
2024-04-24T10:28:43,221  INFO [Thread-1966] metastore.HMSHandler: 35: Opening raw store with implementation class:org.apache.hadoop.hive.metastore.ObjectStore
2024-04-24T10:28:43,221  INFO [Thread-1966] metastore.ObjectStore: RawStore: org.apache.hadoop.hive.metastore.ObjectStore@33ce5a0c, with PersistenceManager: null will be shutdown
2024-04-24T10:28:43,221  INFO [Thread-1966] metastore.ObjectStore: RawStore: org.apache.hadoop.hive.metastore.ObjectStore@33ce5a0c, with PersistenceManager: org.datanucleus.api.jdo.JDOPersistenceManager@1973d381 created in the thread with id: 2073
2024-04-24T10:28:43,222  INFO [Thread-1966] metastore.HMSHandler: Created RawStore: org.apache.hadoop.hive.metastore.ObjectStore@33ce5a0c from thread id: 2073
2024-04-24T10:28:43,257  WARN [Thread-1966] conf.HiveConf: HiveConf of name hive.metastore.metadb.dir does not exist
2024-04-24T10:28:43,257  WARN [Thread-1966] conf.HiveConf: HiveConf of name hive.dummyparam.test.server.specific.config.metastoresite does not exist
2024-04-24T10:28:43,257  WARN [Thread-1966] conf.HiveConf: HiveConf of name hive.llap.io.cache.orc.alloc.min does not exist
2024-04-24T10:28:43,257  WARN [Thread-1966] conf.HiveConf: HiveConf of name hive.metastore.client.cache.maxSize does not exist
2024-04-24T10:28:43,258  WARN [Thread-1966] conf.HiveConf: HiveConf of name hive.dummyparam.test.server.specific.config.hivesite does not exist
2024-04-24T10:28:43,258  WARN [Thread-1966] conf.HiveConf: HiveConf of name hive.dummyparam.test.server.specific.config.override does not exist
2024-04-24T10:28:43,258  WARN [Thread-1966] conf.HiveConf: HiveConf of name hive.stats.key.prefix.reserve.length does not exist
2024-04-24T10:28:43,258  WARN [Thread-1966] conf.HiveConf: HiveConf of name hive.metastore.client.cache.recordStats does not exist
2024-04-24T10:28:43,258  WARN [Thread-1966] conf.HiveConf: HiveConf of name hive.llap.io.cache.orc.alloc.max does not exist
2024-04-24T10:28:43,258  WARN [Thread-1966] conf.HiveConf: HiveConf of name hive.llap.io.cache.orc.arena.size does not exist
2024-04-24T10:28:43,258  WARN [Thread-1966] conf.HiveConf: HiveConf of name hive.llap.io.cache.orc.size does not exist
2024-04-24T10:28:43,258  INFO [Thread-1966] mapreduce.FileOutputCommitterContainer: HAR not is not being used. The table junit_unparted has new partitions [{b=1}].
2024-04-24T10:28:43,260  INFO [Thread-1966] HiveMetaStore.audit: ugi=alex	ip=unknown-ip-addr	cmd=get_partition : tbl=hive.default.junit_unparted[1]	
2024-04-24T10:28:43,267  INFO [Thread-1966] HiveMetaStore.audit: ugi=alex	ip=unknown-ip-addr	cmd=add_partition	
2024-04-24T10:28:43,268  INFO [Thread-1966] HiveMetaStore.audit: ugi=alex	ip=unknown-ip-addr	cmd=add_partitions	
2024-04-24T10:28:43,276  INFO [HMSHandler #8] utils.MetaStoreServerUtils: Updating partition stats fast for: junit_unparted
2024-04-24T10:28:43,276  INFO [HMSHandler #8] utils.MetaStoreServerUtils: Updated size to 89
2024-04-24T10:28:43,310  INFO [Thread-1966] mapreduce.FileOutputCommitterContainer: Cancelling delegation token for the job.
2024-04-24T10:28:43,343  WARN [Thread-1966] conf.HiveConf: HiveConf of name hive.llap.io.cache.orc.alloc.max does not exist
2024-04-24T10:28:43,343  WARN [Thread-1966] conf.HiveConf: HiveConf of name hive.llap.io.cache.orc.arena.size does not exist
2024-04-24T10:28:43,343  WARN [Thread-1966] conf.HiveConf: HiveConf of name hive.dummyparam.test.server.specific.config.metastoresite does not exist
2024-04-24T10:28:43,343  WARN [Thread-1966] conf.HiveConf: HiveConf of name hive.llap.io.cache.orc.alloc.min does not exist
2024-04-24T10:28:43,343  WARN [Thread-1966] conf.HiveConf: HiveConf of name hive.llap.io.cache.orc.size does not exist
2024-04-24T10:28:43,343  WARN [Thread-1966] conf.HiveConf: HiveConf of name hive.metastore.metadb.dir does not exist
2024-04-24T10:28:43,343  WARN [Thread-1966] conf.HiveConf: HiveConf of name hive.stats.key.prefix.reserve.length does not exist
2024-04-24T10:28:43,343  WARN [Thread-1966] conf.HiveConf: HiveConf of name hive.dummyparam.test.server.specific.config.override does not exist
2024-04-24T10:28:43,343  WARN [Thread-1966] conf.HiveConf: HiveConf of name hive.dummyparam.test.server.specific.config.hivesite does not exist
2024-04-24T10:28:43,343  WARN [Thread-1966] conf.HiveConf: HiveConf of name hive.metastore.client.cache.recordStats does not exist
2024-04-24T10:28:43,344  WARN [Thread-1966] conf.HiveConf: HiveConf of name hive.metastore.client.cache.maxSize does not exist
2024-04-24T10:28:43,344  INFO [Thread-1966] common.HCatUtil: mapreduce.lib.hcatoutput.hive.conf is set. Applying configuration differences.
2024-04-24T10:28:43,344  INFO [Thread-1966] HiveMetaStore.audit: ugi=alex	ip=unknown-ip-addr	cmd=get_databases: @hive#NonExistentDatabaseUsedForHealthCheck	
2024-04-24T10:28:43,346  INFO [Thread-1966] mapreduce.FileOutputCommitterContainer: FileOutputCommitterContainer::cancelDelegationTokens(): Could not find tokenStrForm, or HCAT_KEY_TOKEN_SIGNATURE. Skipping token cancellation.
2024-04-24T10:28:43,504  INFO [main] mapReduceLayer.MapReduceLauncher: HadoopJobId: job_local1807527225_0025
2024-04-24T10:28:43,504  INFO [main] mapReduceLayer.MapReduceLauncher: Processing aliases A
2024-04-24T10:28:43,504  INFO [main] mapReduceLayer.MapReduceLauncher: detailed locations: M: A[1,4],A[-1,-1] C:  R: 
2024-04-24T10:28:43,511  WARN [main] impl.MetricsSystemImpl: JobTracker metrics system already initialized!
2024-04-24T10:28:43,518  WARN [main] impl.MetricsSystemImpl: JobTracker metrics system already initialized!
2024-04-24T10:28:43,525  WARN [main] impl.MetricsSystemImpl: JobTracker metrics system already initialized!
2024-04-24T10:28:43,554  INFO [main] mapReduceLayer.MapReduceLauncher: 100% complete
2024-04-24T10:28:43,555  INFO [main] mapreduce.SimplePigStats: Script Statistics: 

HadoopVersion	PigVersion	UserId	StartedAt	FinishedAt	Features
3.1.0	0.16.0	alex	2024-04-24 10:28:42	2024-04-24 10:28:43	UNKNOWN

Success!

Job Stats (time in seconds):
JobId	Maps	Reduces	MaxMapTime	MinMapTime	AvgMapTime	MedianMapTime	MaxReduceTime	MinReduceTime	AvgReduceTime	MedianReducetime	Alias	Feature	Outputs
job_local1807527225_0025	1	0	n/a	n/a	n/a	n/a	0	0	0	0	A	MAP_ONLY	default.junit_unparted,

Input(s):
Successfully read 11 records from: "/home/alex/Repositories/hive/hcatalog/hcatalog-pig-adapter/build/test/data/org.apache.hive.hcatalog.mapreduce.HCatBaseTest-1713979684612/input.data"

Output(s):
Successfully stored 11 records in: "default.junit_unparted"

Counters:
Total records written : 11
Total bytes written : 0
Spillable Memory Manager spill count : 0
Total bags proactively spilled: 0
Total records proactively spilled: 0

Job DAG:
job_local1807527225_0025


2024-04-24T10:28:43,556  WARN [main] impl.MetricsSystemImpl: JobTracker metrics system already initialized!
2024-04-24T10:28:43,559  WARN [main] impl.MetricsSystemImpl: JobTracker metrics system already initialized!
2024-04-24T10:28:43,560  INFO [main] mapReduceLayer.MapReduceLauncher: Success!
2024-04-24T10:28:43,585  WARN [main] conf.HiveConf: HiveConf of name hive.llap.io.cache.orc.alloc.max does not exist
2024-04-24T10:28:43,585  WARN [main] conf.HiveConf: HiveConf of name hive.dummyparam.test.server.specific.config.hivesite does not exist
2024-04-24T10:28:43,585  WARN [main] conf.HiveConf: HiveConf of name hive.dummyparam.test.server.specific.config.override does not exist
2024-04-24T10:28:43,585  WARN [main] conf.HiveConf: HiveConf of name hive.metastore.metadb.dir does not exist
2024-04-24T10:28:43,585  WARN [main] conf.HiveConf: HiveConf of name hive.metastore.client.cache.recordStats does not exist
2024-04-24T10:28:43,585  WARN [main] conf.HiveConf: HiveConf of name hive.metastore.client.cache.maxSize does not exist
2024-04-24T10:28:43,585  WARN [main] conf.HiveConf: HiveConf of name hive.llap.io.cache.orc.size does not exist
2024-04-24T10:28:43,585  WARN [main] conf.HiveConf: HiveConf of name hive.llap.io.cache.orc.arena.size does not exist
2024-04-24T10:28:43,585  WARN [main] conf.HiveConf: HiveConf of name hive.llap.io.cache.orc.alloc.min does not exist
2024-04-24T10:28:43,585  WARN [main] conf.HiveConf: HiveConf of name hive.dummyparam.test.server.specific.config.metastoresite does not exist
2024-04-24T10:28:43,585  WARN [main] conf.HiveConf: HiveConf of name hive.stats.key.prefix.reserve.length does not exist
2024-04-24T10:28:43,586  INFO [main] HiveMetaStore.audit: ugi=alex	ip=unknown-ip-addr	cmd=get_databases: @hive#NonExistentDatabaseUsedForHealthCheck	
2024-04-24T10:28:43,589  INFO [main] HiveMetaStore.audit: ugi=alex	ip=unknown-ip-addr	cmd=get_table : tbl=hive.default.junit_unparted	
2024-04-24T10:28:43,597  INFO [main] metastore.HMSHandler: Skipping translation for processor with null
2024-04-24T10:28:43,613  WARN [main] conf.HiveConf: HiveConf of name hive.metastore.metadb.dir does not exist
2024-04-24T10:28:43,613  WARN [main] conf.HiveConf: HiveConf of name hive.llap.io.cache.orc.size does not exist
2024-04-24T10:28:43,614  WARN [main] conf.HiveConf: HiveConf of name hive.llap.io.cache.orc.alloc.max does not exist
2024-04-24T10:28:43,614  WARN [main] conf.HiveConf: HiveConf of name hive.stats.key.prefix.reserve.length does not exist
2024-04-24T10:28:43,614  WARN [main] conf.HiveConf: HiveConf of name hive.dummyparam.test.server.specific.config.metastoresite does not exist
2024-04-24T10:28:43,614  WARN [main] conf.HiveConf: HiveConf of name hive.llap.io.cache.orc.arena.size does not exist
2024-04-24T10:28:43,614  WARN [main] conf.HiveConf: HiveConf of name hive.dummyparam.test.server.specific.config.hivesite does not exist
2024-04-24T10:28:43,614  WARN [main] conf.HiveConf: HiveConf of name hive.dummyparam.test.server.specific.config.override does not exist
2024-04-24T10:28:43,614  WARN [main] conf.HiveConf: HiveConf of name hive.metastore.client.cache.recordStats does not exist
2024-04-24T10:28:43,614  WARN [main] conf.HiveConf: HiveConf of name hive.metastore.client.cache.maxSize does not exist
2024-04-24T10:28:43,614  WARN [main] conf.HiveConf: HiveConf of name hive.llap.io.cache.orc.alloc.min does not exist
2024-04-24T10:28:43,614  INFO [main] HiveMetaStore.audit: ugi=alex	ip=unknown-ip-addr	cmd=get_databases: @hive#NonExistentDatabaseUsedForHealthCheck	
2024-04-24T10:28:43,618  INFO [main] HiveMetaStore.audit: ugi=alex	ip=unknown-ip-addr	cmd=get_table : tbl=hive.default.junit_unparted	
2024-04-24T10:28:43,630  INFO [main] metastore.HMSHandler: Skipping translation for processor with null
2024-04-24T10:28:43,632  INFO [main] pigstats.ScriptState: Pig features used in the script: UNKNOWN
2024-04-24T10:28:43,640  WARN [main] data.SchemaTupleBackend: SchemaTupleBackend has already been initialized
2024-04-24T10:28:43,640  INFO [main] optimizer.LogicalPlanOptimizer: {RULES_ENABLED=[AddForEach, ColumnMapKeyPrune, ConstantCalculator, GroupByConstParallelSetter, LimitOptimizer, LoadTypeCastInserter, MergeFilter, MergeForEach, PartitionFilterOptimizer, PredicatePushdownOptimizer, PushDownForEachFlatten, PushUpFilter, SplitFilter, StreamTypeCastInserter]}
2024-04-24T10:28:43,641  INFO [main] mapReduceLayer.MRCompiler: File concatenation threshold: 100 optimistic? false
2024-04-24T10:28:43,642  INFO [main] mapReduceLayer.MultiQueryOptimizer: MR plan size before optimization: 1
2024-04-24T10:28:43,642  INFO [main] mapReduceLayer.MultiQueryOptimizer: MR plan size after optimization: 1
2024-04-24T10:28:43,648  WARN [main] impl.MetricsSystemImpl: JobTracker metrics system already initialized!
2024-04-24T10:28:43,650  INFO [main] mapreduce.MRScriptState: Pig script settings are added to the job
2024-04-24T10:28:43,650  INFO [main] mapReduceLayer.JobControlCompiler: mapred.job.reduce.markreset.buffer.percent is not set, set to default 0.3
2024-04-24T10:28:43,662  WARN [main] conf.HiveConf: HiveConf of name hive.llap.io.cache.orc.alloc.min does not exist
2024-04-24T10:28:43,662  WARN [main] conf.HiveConf: HiveConf of name hive.dummyparam.test.server.specific.config.override does not exist
2024-04-24T10:28:43,662  WARN [main] conf.HiveConf: HiveConf of name hive.dummyparam.test.server.specific.config.hivesite does not exist
2024-04-24T10:28:43,662  WARN [main] conf.HiveConf: HiveConf of name hive.llap.io.cache.orc.alloc.max does not exist
2024-04-24T10:28:43,662  WARN [main] conf.HiveConf: HiveConf of name hive.metastore.metadb.dir does not exist
2024-04-24T10:28:43,662  WARN [main] conf.HiveConf: HiveConf of name hive.stats.key.prefix.reserve.length does not exist
2024-04-24T10:28:43,662  WARN [main] conf.HiveConf: HiveConf of name hive.llap.io.cache.orc.size does not exist
2024-04-24T10:28:43,662  WARN [main] conf.HiveConf: HiveConf of name hive.dummyparam.test.server.specific.config.metastoresite does not exist
2024-04-24T10:28:43,662  WARN [main] conf.HiveConf: HiveConf of name hive.llap.io.cache.orc.arena.size does not exist
2024-04-24T10:28:43,662  WARN [main] conf.HiveConf: HiveConf of name hive.metastore.client.cache.recordStats does not exist
2024-04-24T10:28:43,663  WARN [main] conf.HiveConf: HiveConf of name hive.metastore.client.cache.maxSize does not exist
2024-04-24T10:28:43,663  INFO [main] common.HCatUtil: mapreduce.lib.hcatoutput.hive.conf not set. Generating configuration differences.
2024-04-24T10:28:43,664  INFO [main] common.HCatUtil: Configuration differences={datanucleus.connectionPool.maxPoolSize=4, test.property1=value1, javax.jdo.option.ConnectionUserName=APP, hive.stats.column.autogather=true, hive.llap.io.cache.orc.alloc.max=2097152, fs.pfile.impl=org.apache.hadoop.fs.ProxyLocalFileSystem, hive.query.results.cache.enabled=false, hive.querylog.location=${test.tmp.dir}/tmp, hive.llap.io.use.lrfu=true, hive.metastore.rawstore.impl=org.apache.hadoop.hive.metastore.ObjectStore, javax.jdo.option.ConnectionPassword=mine, hive.jar.path=${maven.local.repository}/org/apache/hive/hive-exec/${hive.version}/hive-exec-${hive.version}.jar, hive.default.rcfile.serde=org.apache.hadoop.hive.serde2.columnar.ColumnarSerDe, datanucleus.schema.autoCreateAll=true, test.data.scripts=${hive.root}/data/scripts, hive.users.in.admin.role=hive_admin_user, hive.llap.io.cache.orc.size=8388608, hive.exec.mode.local.auto=false, hive.dummyparam.test.server.specific.config.hivesite=from.hive-site.xml, test.var.hiveconf.property=${hive.exec.default.partition.name}, hive.materializedview.rewriting=true, hive.metastore.metadb.dir=file://${test.tmp.dir}/metadb/, hive.fetch.task.conversion=minimal, hive.dummyparam.test.server.specific.config.override=from.hive-site.xml, hive.server2.operation.log.purgePolicy.timeToLive=5s, hive.conf.restricted.list=dummy.config.value, hive.query.reexecution.stats.persist.scope=query, hive.cbo.fallback.strategy=TEST, hive.input.format=org.apache.hadoop.hive.ql.io.CombineHiveInputFormat, hive.security.authorization.manager=org.apache.hadoop.hive.ql.security.authorization.plugin.sqlstd.SQLStdHiveAuthorizerFactoryForTest, test.data.files=${hive.root}/data/files, hive.metastore.client.cache.enabled=true, hive.stats.key.prefix.reserve.length=0, hive.exec.local.scratchdir=${test.tmp.dir}/localscratchdir/, hive.exec.submit.local.task.via.child=false, hive.auto.convert.join=false, hive.llap.io.cache.orc.alloc.min=32768, hive.stats.fetch.bitvector=true, hive.llap.io.allocator.direct=false, hive.metastore.schema.verification=false, javax.jdo.option.ConnectionDriverName=org.apache.derby.jdbc.EmbeddedDriver, hive.in.test=true, hive.support.concurrency=true, hive.metastore.warehouse.dir=${test.warehouse.dir}, hive.llap.io.cache.orc.arena.size=8388608, hive.exec.scratchdir=${test.tmp.dir}/scratchdir, test.log.dir=${test.tmp.dir}/log/, hive.exec.post.hooks=org.apache.hadoop.hive.ql.hooks.PostExecutePrinter, javax.jdo.option.ConnectionURL=jdbc:derby:memory:${test.tmp.dir}/junit_metastore_db;create=true, hive.llap.cache.allow.synthetic.fileid=true, hive.scheduled.queries.executor.enabled=false, hive.ignore.mapjoin.hint=false, hive.metastore.client.cache.maxSize=10Mb, hive.metastore.client.cache.recordStats=true, hive.mapjoin.max.gc.time.percentage=0.99, hive.test.dummystats.aggregator=value2, hive.exec.pre.hooks=org.apache.hadoop.hive.ql.hooks.PreExecutePrinter, org.apache.hadoop.hive.ql.hooks.EnforceReadOnlyTables, org.apache.hadoop.hive.ql.hooks.MaterializedViewRegistryPropertiesHook, hive.strict.timestamp.conversion=false, iceberg.hive.keep.stats=true}
2024-04-24T10:28:43,665  INFO [main] HiveMetaStore.audit: ugi=alex	ip=unknown-ip-addr	cmd=get_databases: @hive#NonExistentDatabaseUsedForHealthCheck	
2024-04-24T10:28:43,667  INFO [main] HiveMetaStore.audit: ugi=alex	ip=unknown-ip-addr	cmd=get_table : tbl=hive.default.junit_unparted	
2024-04-24T10:28:43,675  INFO [main] metastore.HMSHandler: Skipping translation for processor with null
2024-04-24T10:28:43,676  INFO [main] HiveMetaStore.audit: ugi=alex	ip=unknown-ip-addr	cmd=get_partitions_by_filter : tbl=hive.default.junit_unparted	
2024-04-24T10:28:43,716  INFO [main] mapReduceLayer.JobControlCompiler: Setting up single store job
2024-04-24T10:28:43,720  INFO [main] mapReduceLayer.MapReduceLauncher: 1 map-reduce job(s) waiting for submission.
2024-04-24T10:28:43,721  WARN [JobControl] impl.MetricsSystemImpl: JobTracker metrics system already initialized!
2024-04-24T10:28:43,728  WARN [JobControl] mapreduce.JobResourceUploader: Hadoop command-line option parsing not performed. Implement the Tool interface and execute your application with ToolRunner to remedy this.
2024-04-24T10:28:43,732  WARN [JobControl] mapreduce.JobResourceUploader: No job jar file set.  User classes may not be found. See Job or Job#setJar(String).
2024-04-24T10:28:43,735  INFO [JobControl] common.HCatUtil: mapreduce.lib.hcatoutput.hive.conf is set. Using differences={hive.metastore.metadb.dir=file://${test.tmp.dir}/metadb/, hive.llap.io.cache.orc.size=8388608, hive.default.rcfile.serde=org.apache.hadoop.hive.serde2.columnar.ColumnarSerDe, hive.mapjoin.max.gc.time.percentage=0.99, hive.dummyparam.test.server.specific.config.hivesite=from.hive-site.xml, hive.stats.key.prefix.reserve.length=0, hive.server2.operation.log.purgePolicy.timeToLive=5s, hive.test.dummystats.aggregator=value2, hive.users.in.admin.role=hive_admin_user, iceberg.hive.keep.stats=true, hive.jar.path=${maven.local.repository}/org/apache/hive/hive-exec/${hive.version}/hive-exec-${hive.version}.jar, hive.exec.submit.local.task.via.child=false, hive.auto.convert.join=false, hive.query.reexecution.stats.persist.scope=query, hive.input.format=org.apache.hadoop.hive.ql.io.CombineHiveInputFormat, javax.jdo.option.ConnectionURL=jdbc:derby:memory:${test.tmp.dir}/junit_metastore_db;create=true, test.log.dir=${test.tmp.dir}/log/, hive.cbo.fallback.strategy=TEST, hive.exec.mode.local.auto=false, hive.support.concurrency=true, javax.jdo.option.ConnectionUserName=APP, hive.ignore.mapjoin.hint=false, hive.exec.pre.hooks=org.apache.hadoop.hive.ql.hooks.PreExecutePrinter, org.apache.hadoop.hive.ql.hooks.EnforceReadOnlyTables, org.apache.hadoop.hive.ql.hooks.MaterializedViewRegistryPropertiesHook, datanucleus.connectionPool.maxPoolSize=4, hive.strict.timestamp.conversion=false, datanucleus.schema.autoCreateAll=true, test.data.files=${hive.root}/data/files, javax.jdo.option.ConnectionDriverName=org.apache.derby.jdbc.EmbeddedDriver, hive.stats.fetch.bitvector=true, hive.security.authorization.manager=org.apache.hadoop.hive.ql.security.authorization.plugin.sqlstd.SQLStdHiveAuthorizerFactoryForTest, hive.conf.restricted.list=dummy.config.value, hive.exec.scratchdir=${test.tmp.dir}/scratchdir, test.property1=value1, hive.llap.io.cache.orc.alloc.max=2097152, hive.metastore.warehouse.dir=${test.warehouse.dir}, hive.fetch.task.conversion=minimal, test.data.scripts=${hive.root}/data/scripts, hive.metastore.client.cache.maxSize=10Mb, hive.metastore.schema.verification=false, hive.query.results.cache.enabled=false, test.var.hiveconf.property=${hive.exec.default.partition.name}, hive.querylog.location=${test.tmp.dir}/tmp, hive.llap.io.cache.orc.alloc.min=32768, hive.llap.io.allocator.direct=false, hive.stats.column.autogather=true, hive.llap.cache.allow.synthetic.fileid=true, javax.jdo.option.ConnectionPassword=mine, hive.metastore.client.cache.recordStats=true, hive.llap.io.cache.orc.arena.size=8388608, hive.scheduled.queries.executor.enabled=false, hive.exec.local.scratchdir=${test.tmp.dir}/localscratchdir/, hive.metastore.rawstore.impl=org.apache.hadoop.hive.metastore.ObjectStore, hive.llap.io.use.lrfu=true, hive.exec.post.hooks=org.apache.hadoop.hive.ql.hooks.PostExecutePrinter, fs.pfile.impl=org.apache.hadoop.fs.ProxyLocalFileSystem, hive.in.test=true, hive.metastore.client.cache.enabled=true, hive.materializedview.rewriting=true, hive.dummyparam.test.server.specific.config.override=from.hive-site.xml}
2024-04-24T10:28:43,739  INFO [JobControl] mapred.FileInputFormat: Total input files to process : 1
2024-04-24T10:28:43,739  INFO [JobControl] util.MapRedUtil: Total input paths (combined) to process : 1
2024-04-24T10:28:43,757  INFO [JobControl] mapreduce.JobSubmitter: number of splits:1
2024-04-24T10:28:43,771  INFO [JobControl] mapreduce.JobSubmitter: Submitting tokens for job: job_local1091628481_0026
2024-04-24T10:28:43,771  INFO [JobControl] mapreduce.JobSubmitter: Executing with tokens: []
2024-04-24T10:28:43,813  INFO [JobControl] mapreduce.Job: The url to track the job: http://localhost:8080/
2024-04-24T10:28:43,813  INFO [Thread-2008] mapred.LocalJobRunner: OutputCommitter set in config null
2024-04-24T10:28:43,817  INFO [Thread-2008] output.FileOutputCommitter: File Output Committer Algorithm version is 2
2024-04-24T10:28:43,817  INFO [Thread-2008] output.FileOutputCommitter: FileOutputCommitter skip cleanup _temporary folders under output directory:false, ignore cleanup failures: false
2024-04-24T10:28:43,817  INFO [Thread-2008] mapred.LocalJobRunner: OutputCommitter is org.apache.pig.backend.hadoop.executionengine.mapReduceLayer.PigOutputCommitter
2024-04-24T10:28:43,825  INFO [Thread-2008] mapred.LocalJobRunner: Waiting for map tasks
2024-04-24T10:28:43,848  INFO [LocalJobRunner Map Task Executor #0] mapred.LocalJobRunner: Starting task: attempt_local1091628481_0026_m_000000_0
2024-04-24T10:28:43,853  INFO [LocalJobRunner Map Task Executor #0] output.FileOutputCommitter: File Output Committer Algorithm version is 2
2024-04-24T10:28:43,853  INFO [LocalJobRunner Map Task Executor #0] output.FileOutputCommitter: FileOutputCommitter skip cleanup _temporary folders under output directory:false, ignore cleanup failures: false
2024-04-24T10:28:43,854  INFO [LocalJobRunner Map Task Executor #0] mapred.Task:  Using ResourceCalculatorProcessTree : [ ]
2024-04-24T10:28:43,855  INFO [LocalJobRunner Map Task Executor #0] mapred.MapTask: Processing split: Number of splits :1
Total Length = 89
Input split[0]:
   Length = 89
   ClassName: org.apache.hive.hcatalog.mapreduce.HCatSplit
   Locations:

-----------------------

2024-04-24T10:28:43,858  INFO [LocalJobRunner Map Task Executor #0] mapReduceLayer.PigRecordReader: Current split being processed org.apache.hive.hcatalog.mapreduce.HCatSplit@3af00fdd
2024-04-24T10:28:43,859  INFO [LocalJobRunner Map Task Executor #0] output.FileOutputCommitter: File Output Committer Algorithm version is 2
2024-04-24T10:28:43,859  INFO [LocalJobRunner Map Task Executor #0] output.FileOutputCommitter: FileOutputCommitter skip cleanup _temporary folders under output directory:false, ignore cleanup failures: false
2024-04-24T10:28:43,869  INFO [LocalJobRunner Map Task Executor #0] mapreduce.InternalUtil: Initializing org.apache.hadoop.hive.serde2.JsonSerDe with properties {name=default.junit_unparted, columns.types=int, serialization.format=1, columns=a, columns.comments=from deserializer, bucketing_version=2, serialization.lib=org.apache.hadoop.hive.serde2.JsonSerDe, column.name.delimiter=,, serialization.null.format=\N, transient_lastDdlTime=1713979722}
2024-04-24T10:28:43,870  INFO [LocalJobRunner Map Task Executor #0] util.SpillableMemoryManager: Selected heap (PS Old Gen) of size 1431830528 to monitor. collectionUsageThreshold = 1064828928, usageThreshold = 1064828928
2024-04-24T10:28:43,870  WARN [LocalJobRunner Map Task Executor #0] data.SchemaTupleBackend: SchemaTupleBackend has already been initialized
2024-04-24T10:28:43,870  INFO [LocalJobRunner Map Task Executor #0] mapReduceLayer.PigMapOnly$Map: Aliases being processed per job phase (AliasName[line,offset]): M: B[3,4] C:  R: 
2024-04-24T10:28:43,871  INFO [LocalJobRunner Map Task Executor #0] mapred.LocalJobRunner: 
2024-04-24T10:28:43,871  INFO [LocalJobRunner Map Task Executor #0] mapred.Task: Task:attempt_local1091628481_0026_m_000000_0 is done. And is in the process of committing
2024-04-24T10:28:43,873  INFO [LocalJobRunner Map Task Executor #0] mapred.LocalJobRunner: 
2024-04-24T10:28:43,873  INFO [LocalJobRunner Map Task Executor #0] mapred.Task: Task attempt_local1091628481_0026_m_000000_0 is allowed to commit now
2024-04-24T10:28:43,874  INFO [LocalJobRunner Map Task Executor #0] output.FileOutputCommitter: Saved output of task 'attempt_local1091628481_0026_m_000000_0' to file:/home/alex/Repositories/hive/hcatalog/hcatalog-pig-adapter/target/tmp/HCatBaseTest_1713979706605/pig/temp/temp1767391915/tmp-983050041
2024-04-24T10:28:43,875  INFO [LocalJobRunner Map Task Executor #0] mapred.LocalJobRunner: file:/home/alex/Repositories/hive/hcatalog/hcatalog-pig-adapter/build/test/data/org.apache.hive.hcatalog.mapreduce.HCatBaseTest-1713979684612/warehouse/junit_unparted/b=1/part-m-00000:0+89
2024-04-24T10:28:43,875  INFO [LocalJobRunner Map Task Executor #0] mapred.Task: Task 'attempt_local1091628481_0026_m_000000_0' done.
2024-04-24T10:28:43,875  INFO [LocalJobRunner Map Task Executor #0] mapred.Task: Final Counters for attempt_local1091628481_0026_m_000000_0: Counters: 15
	File System Counters
		FILE: Number of bytes read=32269
		FILE: Number of bytes written=14796353
		FILE: Number of read operations=0
		FILE: Number of large read operations=0
		FILE: Number of write operations=0
	Map-Reduce Framework
		Map input records=11
		Map output records=11
		Input split bytes=2102
		Spilled Records=0
		Failed Shuffles=0
		Merged Map outputs=0
		GC time elapsed (ms)=0
		Total committed heap usage (bytes)=975699968
	File Input Format Counters 
		Bytes Read=0
	File Output Format Counters 
		Bytes Written=0
2024-04-24T10:28:43,875  INFO [LocalJobRunner Map Task Executor #0] mapred.LocalJobRunner: Finishing task: attempt_local1091628481_0026_m_000000_0
2024-04-24T10:28:43,875  INFO [Thread-2008] mapred.LocalJobRunner: map task executor complete.
2024-04-24T10:28:44,014  INFO [main] mapReduceLayer.MapReduceLauncher: HadoopJobId: job_local1091628481_0026
2024-04-24T10:28:44,014  INFO [main] mapReduceLayer.MapReduceLauncher: Processing aliases B
2024-04-24T10:28:44,014  INFO [main] mapReduceLayer.MapReduceLauncher: detailed locations: M: B[3,4] C:  R: 
2024-04-24T10:28:44,022  WARN [main] impl.MetricsSystemImpl: JobTracker metrics system already initialized!
2024-04-24T10:28:44,029  WARN [main] impl.MetricsSystemImpl: JobTracker metrics system already initialized!
2024-04-24T10:28:44,035  WARN [main] impl.MetricsSystemImpl: JobTracker metrics system already initialized!
2024-04-24T10:28:44,041  INFO [main] mapReduceLayer.MapReduceLauncher: 100% complete
2024-04-24T10:28:44,042  INFO [main] mapreduce.SimplePigStats: Script Statistics: 

HadoopVersion	PigVersion	UserId	StartedAt	FinishedAt	Features
3.1.0	0.16.0	alex	2024-04-24 10:28:43	2024-04-24 10:28:44	UNKNOWN

Success!

Job Stats (time in seconds):
JobId	Maps	Reduces	MaxMapTime	MinMapTime	AvgMapTime	MedianMapTime	MaxReduceTime	MinReduceTime	AvgReduceTime	MedianReducetime	Alias	Feature	Outputs
job_local1091628481_0026	1	0	n/a	n/a	n/a	n/a	0	0	0	0	B	MAP_ONLY	file:/home/alex/Repositories/hive/hcatalog/hcatalog-pig-adapter/target/tmp/HCatBaseTest_1713979706605/pig/temp/temp1767391915/tmp-983050041,

Input(s):
Successfully read 11 records from: "default.junit_unparted"

Output(s):
Successfully stored 11 records in: "file:/home/alex/Repositories/hive/hcatalog/hcatalog-pig-adapter/target/tmp/HCatBaseTest_1713979706605/pig/temp/temp1767391915/tmp-983050041"

Counters:
Total records written : 11
Total bytes written : 0
Spillable Memory Manager spill count : 0
Total bags proactively spilled: 0
Total records proactively spilled: 0

Job DAG:
job_local1091628481_0026


2024-04-24T10:28:44,047  WARN [main] impl.MetricsSystemImpl: JobTracker metrics system already initialized!
2024-04-24T10:28:44,052  WARN [main] impl.MetricsSystemImpl: JobTracker metrics system already initialized!
2024-04-24T10:28:44,054  INFO [main] mapReduceLayer.MapReduceLauncher: Success!
2024-04-24T10:28:44,055  WARN [main] data.SchemaTupleBackend: SchemaTupleBackend has already been initialized
2024-04-24T10:28:44,064  INFO [main] input.FileInputFormat: Total input files to process : 1
2024-04-24T10:28:44,064  INFO [main] util.MapRedUtil: Total input paths to process : 1
2024-04-24T10:28:44,065  INFO [main] HiveMetaStore.audit: ugi=alex	ip=unknown-ip-addr	cmd=get_table : tbl=hive.default.junit_unparted	
2024-04-24T10:28:44,074  INFO [main] metastore.HMSHandler: Skipping translation for processor with null
]]></system-err>
  </testcase>
  <testcase name="testWriteChar[6]" classname="org.apache.hive.hcatalog.pig.TestHCatStorer" time="4.485"/>
  <testcase name="testWriteDate[6]" classname="org.apache.hive.hcatalog.pig.TestHCatStorer" time="6.345"/>
  <testcase name="testWriteSmallint[6]" classname="org.apache.hive.hcatalog.pig.TestHCatStorer" time="3.115"/>
  <testcase name="testDynamicPartitioningMultiPartColsNoDataInDataNoSpec[6]" classname="org.apache.hive.hcatalog.pig.TestHCatStorer" time="0.945"/>
  <testcase name="testWriteVarchar[6]" classname="org.apache.hive.hcatalog.pig.TestHCatStorer" time="4.234"/>
  <testcase name="testBagNStruct[6]" classname="org.apache.hive.hcatalog.pig.TestHCatStorer" time="1.22"/>
  <testcase name="testStaticPartitioningMultiPartCols[6]" classname="org.apache.hive.hcatalog.pig.TestHCatStorer" time="1.115"/>
  <testcase name="testPartColsInData[6]" classname="org.apache.hive.hcatalog.pig.TestHCatStorer" time="1.287"/>
  <testcase name="testStoreWithNoCtorArgs[6]" classname="org.apache.hive.hcatalog.pig.TestHCatStorer" time="1.109"/>
  <testcase name="testWriteDecimalX[6]" classname="org.apache.hive.hcatalog.pig.TestHCatStorer" time="3.121"/>
  <testcase name="testDateCharTypes[6]" classname="org.apache.hive.hcatalog.pig.TestHCatStorer" time="1.283"/>
  <testcase name="testPartitionPublish[6]" classname="org.apache.hive.hcatalog.pig.TestHCatStorer" time="0.678"/>
  <testcase name="testWriteDecimal[6]" classname="org.apache.hive.hcatalog.pig.TestHCatStorer" time="3.027"/>
  <testcase name="testMultiPartColsInData[6]" classname="org.apache.hive.hcatalog.pig.TestHCatStorer" time="1.665">
    <failure message="expected:&lt;1&gt; but was:&lt;5&gt;" type="java.lang.AssertionError"><![CDATA[java.lang.AssertionError: expected:<1> but was:<5>
	at org.junit.Assert.fail(Assert.java:89)
	at org.junit.Assert.failNotEquals(Assert.java:835)
	at org.junit.Assert.assertEquals(Assert.java:647)
	at org.junit.Assert.assertEquals(Assert.java:633)
	at org.apache.hive.hcatalog.pig.AbstractHCatStorerTest.testMultiPartColsInData(AbstractHCatStorerTest.java:491)
	at org.apache.hive.hcatalog.pig.TestHCatStorer.testMultiPartColsInData(TestHCatStorer.java:200)
	at sun.reflect.NativeMethodAccessorImpl.invoke0(Native Method)
	at sun.reflect.NativeMethodAccessorImpl.invoke(NativeMethodAccessorImpl.java:62)
	at sun.reflect.DelegatingMethodAccessorImpl.invoke(DelegatingMethodAccessorImpl.java:43)
	at java.lang.reflect.Method.invoke(Method.java:498)
	at org.junit.runners.model.FrameworkMethod$1.runReflectiveCall(FrameworkMethod.java:59)
	at org.junit.internal.runners.model.ReflectiveCallable.run(ReflectiveCallable.java:12)
	at org.junit.runners.model.FrameworkMethod.invokeExplosively(FrameworkMethod.java:56)
	at org.junit.internal.runners.statements.InvokeMethod.evaluate(InvokeMethod.java:17)
	at org.junit.internal.runners.statements.RunBefores.evaluate(RunBefores.java:26)
	at org.junit.runners.ParentRunner$3.evaluate(ParentRunner.java:306)
	at org.junit.runners.BlockJUnit4ClassRunner$1.evaluate(BlockJUnit4ClassRunner.java:100)
	at org.junit.runners.ParentRunner.runLeaf(ParentRunner.java:366)
	at org.junit.runners.BlockJUnit4ClassRunner.runChild(BlockJUnit4ClassRunner.java:103)
	at org.junit.runners.BlockJUnit4ClassRunner.runChild(BlockJUnit4ClassRunner.java:63)
	at org.junit.runners.ParentRunner$4.run(ParentRunner.java:331)
	at org.junit.runners.ParentRunner$1.schedule(ParentRunner.java:79)
	at org.junit.runners.ParentRunner.runChildren(ParentRunner.java:329)
	at org.junit.runners.ParentRunner.access$100(ParentRunner.java:66)
	at org.junit.runners.ParentRunner$2.evaluate(ParentRunner.java:293)
	at org.junit.runners.ParentRunner.run(ParentRunner.java:413)
	at org.junit.runners.Suite.runChild(Suite.java:128)
	at org.junit.runners.Suite.runChild(Suite.java:27)
	at org.junit.runners.ParentRunner$4.run(ParentRunner.java:331)
	at org.junit.runners.ParentRunner$1.schedule(ParentRunner.java:79)
	at org.junit.runners.ParentRunner.runChildren(ParentRunner.java:329)
	at org.junit.runners.ParentRunner.access$100(ParentRunner.java:66)
	at org.junit.runners.ParentRunner$2.evaluate(ParentRunner.java:293)
	at org.junit.internal.runners.statements.RunBefores.evaluate(RunBefores.java:26)
	at org.junit.runners.ParentRunner$3.evaluate(ParentRunner.java:306)
	at org.junit.runners.ParentRunner.run(ParentRunner.java:413)
	at org.junit.runners.Suite.runChild(Suite.java:128)
	at org.junit.runners.Suite.runChild(Suite.java:27)
	at org.junit.runners.ParentRunner$4.run(ParentRunner.java:331)
	at org.junit.runners.ParentRunner$1.schedule(ParentRunner.java:79)
	at org.junit.runners.ParentRunner.runChildren(ParentRunner.java:329)
	at org.junit.runners.ParentRunner.access$100(ParentRunner.java:66)
	at org.junit.runners.ParentRunner$2.evaluate(ParentRunner.java:293)
	at org.junit.runners.ParentRunner$3.evaluate(ParentRunner.java:306)
	at org.junit.runners.ParentRunner.run(ParentRunner.java:413)
	at org.apache.maven.surefire.junitcore.JUnitCore.run(JUnitCore.java:55)
	at org.apache.maven.surefire.junitcore.JUnitCoreWrapper.createRequestAndRun(JUnitCoreWrapper.java:137)
	at org.apache.maven.surefire.junitcore.JUnitCoreWrapper.executeEager(JUnitCoreWrapper.java:107)
	at org.apache.maven.surefire.junitcore.JUnitCoreWrapper.execute(JUnitCoreWrapper.java:83)
	at org.apache.maven.surefire.junitcore.JUnitCoreWrapper.execute(JUnitCoreWrapper.java:75)
	at org.apache.maven.surefire.junitcore.JUnitCoreProvider.invoke(JUnitCoreProvider.java:158)
	at org.apache.maven.surefire.booter.ForkedBooter.runSuitesInProcess(ForkedBooter.java:377)
	at org.apache.maven.surefire.booter.ForkedBooter.execute(ForkedBooter.java:138)
	at org.apache.maven.surefire.booter.ForkedBooter.run(ForkedBooter.java:465)
	at org.apache.maven.surefire.booter.ForkedBooter.main(ForkedBooter.java:451)
]]></failure>
    <system-out><![CDATA[log4j: Could not find root logger information. Is this OK?
log4j: Finished configuring.
]]></system-out>
    <system-err><![CDATA[2024-04-24T10:29:16,110  WARN [main] conf.HiveConf: HiveConf of name hive.llap.io.cache.orc.arena.size does not exist
2024-04-24T10:29:16,110  WARN [main] conf.HiveConf: HiveConf of name hive.metastore.client.cache.recordStats does not exist
2024-04-24T10:29:16,110  WARN [main] conf.HiveConf: HiveConf of name hive.dummyparam.test.server.specific.config.hivesite does not exist
2024-04-24T10:29:16,110  WARN [main] conf.HiveConf: HiveConf of name hive.metastore.client.cache.maxSize does not exist
2024-04-24T10:29:16,110  WARN [main] conf.HiveConf: HiveConf of name hive.llap.io.cache.orc.alloc.min does not exist
2024-04-24T10:29:16,110  WARN [main] conf.HiveConf: HiveConf of name hive.llap.io.cache.orc.size does not exist
2024-04-24T10:29:16,110  WARN [main] conf.HiveConf: HiveConf of name hive.metastore.metadb.dir does not exist
2024-04-24T10:29:16,110  WARN [main] conf.HiveConf: HiveConf of name hive.dummyparam.test.server.specific.config.override does not exist
2024-04-24T10:29:16,110  WARN [main] conf.HiveConf: HiveConf of name hive.dummyparam.test.server.specific.config.metastoresite does not exist
2024-04-24T10:29:16,110  WARN [main] conf.HiveConf: HiveConf of name hive.llap.io.cache.orc.alloc.max does not exist
2024-04-24T10:29:16,110  WARN [main] conf.HiveConf: HiveConf of name hive.stats.key.prefix.reserve.length does not exist
2024-04-24T10:29:16,111  INFO [main] metastore.HiveMetaStoreClient: HMS client filtering is enabled.
2024-04-24T10:29:16,111  INFO [main] metastore.PersistenceManagerProvider: Configuration datanucleus.autoStartMechanismMode is not set. Defaulting to 'ignored'
2024-04-24T10:29:16,112  INFO [main] metastore.ObjectStore: RawStore: org.apache.hadoop.hive.metastore.ObjectStore@2df2ec36, with PersistenceManager: org.datanucleus.api.jdo.JDOPersistenceManager@1cf5857 will be shutdown
2024-04-24T10:29:16,112  INFO [main] metastore.ObjectStore: RawStore: org.apache.hadoop.hive.metastore.ObjectStore@2df2ec36, with PersistenceManager: org.datanucleus.api.jdo.JDOPersistenceManager@44fa7942 created in the thread with id: 1
2024-04-24T10:29:16,113  INFO [main] metastore.HMSHandler: HMS server filtering is disabled by configuration
Hive Session ID = ed01c33b-78d6-4842-9dbe-b747b045c60a
2024-04-24T10:29:16,113  INFO [main] SessionState: Hive Session ID = ed01c33b-78d6-4842-9dbe-b747b045c60a
ivysettings.xml file not found in HIVE_HOME or HIVE_CONF_DIR,file:/home/alex/.m2/repository/org/apache/pig/pig/0.16.0/pig-0.16.0-h2.jar!/ivysettings.xml will be used
2024-04-24T10:29:16,113  INFO [main] DependencyResolver: ivysettings.xml file not found in HIVE_HOME or HIVE_CONF_DIR,file:/home/alex/.m2/repository/org/apache/pig/pig/0.16.0/pig-0.16.0-h2.jar!/ivysettings.xml will be used
2024-04-24T10:29:16,118  INFO [main] session.SessionState: Created HDFS directory: /home/alex/Repositories/hive/hcatalog/hcatalog-pig-adapter/target/tmp/scratchdir/alex/ed01c33b-78d6-4842-9dbe-b747b045c60a
2024-04-24T10:29:16,121  INFO [main] session.SessionState: Created local directory: /home/alex/Repositories/hive/hcatalog/hcatalog-pig-adapter/target/tmp/localscratchdir/ed01c33b-78d6-4842-9dbe-b747b045c60a
2024-04-24T10:29:16,123  INFO [main] session.SessionState: Created HDFS directory: /home/alex/Repositories/hive/hcatalog/hcatalog-pig-adapter/target/tmp/scratchdir/alex/ed01c33b-78d6-4842-9dbe-b747b045c60a/_tmp_space.db
2024-04-24T10:29:16,123  INFO [main] ql.Driver: Compiling command(queryId=alex_20240424102916_a33b9352-a44a-4221-8296-76f1f001218a): drop table if exists employee
2024-04-24T10:29:16,124  INFO [main] HiveMetaStore.audit: ugi=alex	ip=unknown-ip-addr	cmd=get_table : tbl=hive.default.employee	
2024-04-24T10:29:16,125  INFO [main] ql.Driver: Semantic Analysis Completed (retrial = false)
2024-04-24T10:29:16,126  INFO [main] ql.Driver: Created Hive schema: Schema(fieldSchemas:null, properties:null)
2024-04-24T10:29:16,126  INFO [main] metadata.Hive: Dumping metastore api call timing information for : compilation phase
2024-04-24T10:29:16,126  INFO [main] metadata.Hive: Total time spent in each metastore function (ms): {isCompatibleWith_(Configuration)=0, flushCache_()=0}
2024-04-24T10:29:16,126  INFO [main] ql.Driver: Completed compiling command(queryId=alex_20240424102916_a33b9352-a44a-4221-8296-76f1f001218a); Time taken: 0.003 seconds
2024-04-24T10:29:16,126  INFO [main] reexec.ReExecDriver: Execution #1 of query
2024-04-24T10:29:16,126  INFO [main] ql.Driver: Concurrency mode is disabled, not creating a lock manager
2024-04-24T10:29:16,126  INFO [main] ql.Driver: Executing command(queryId=alex_20240424102916_a33b9352-a44a-4221-8296-76f1f001218a): drop table if exists employee
2024-04-24T10:29:16,126  INFO [main] ql.Driver: Starting task [Stage-0:DDL] in serial mode
2024-04-24T10:29:16,126  INFO [main] HiveMetaStore.audit: ugi=alex	ip=unknown-ip-addr	cmd=get_table : tbl=hive.default.employee	
2024-04-24T10:29:16,128  INFO [main] metadata.Hive: Dumping metastore api call timing information for : execution phase
2024-04-24T10:29:16,128  INFO [main] metadata.Hive: Total time spent in each metastore function (ms): {isCompatibleWith_(Configuration)=0}
2024-04-24T10:29:16,128  INFO [main] ql.Driver: Completed executing command(queryId=alex_20240424102916_a33b9352-a44a-4221-8296-76f1f001218a); Time taken: 0.002 seconds
2024-04-24T10:29:16,129  INFO [main] ql.Driver: Compiling command(queryId=alex_20240424102916_a33b9352-a44a-4221-8296-76f1f001218a): use default
2024-04-24T10:29:16,129  INFO [main] HiveMetaStore.audit: ugi=alex	ip=unknown-ip-addr	cmd=get_database: default	
2024-04-24T10:29:16,130  INFO [main] ql.Driver: Semantic Analysis Completed (retrial = false)
2024-04-24T10:29:16,130  INFO [main] ql.Driver: Created Hive schema: Schema(fieldSchemas:null, properties:null)
2024-04-24T10:29:16,130  INFO [main] metadata.Hive: Dumping metastore api call timing information for : compilation phase
2024-04-24T10:29:16,130  INFO [main] metadata.Hive: Total time spent in each metastore function (ms): {flushCache_()=0, isCompatibleWith_(Configuration)=0, getDatabase_(String)=1}
2024-04-24T10:29:16,130  INFO [main] ql.Driver: Completed compiling command(queryId=alex_20240424102916_a33b9352-a44a-4221-8296-76f1f001218a); Time taken: 0.001 seconds
2024-04-24T10:29:16,130  INFO [main] reexec.ReExecDriver: Execution #1 of query
2024-04-24T10:29:16,130  INFO [main] ql.Driver: Concurrency mode is disabled, not creating a lock manager
2024-04-24T10:29:16,130  INFO [main] ql.Driver: Executing command(queryId=alex_20240424102916_a33b9352-a44a-4221-8296-76f1f001218a): use default
2024-04-24T10:29:16,130  INFO [main] ql.Driver: Starting task [Stage-0:DDL] in serial mode
2024-04-24T10:29:16,131  INFO [main] HiveMetaStore.audit: ugi=alex	ip=unknown-ip-addr	cmd=get_database: default	
2024-04-24T10:29:16,131  INFO [main] HiveMetaStore.audit: ugi=alex	ip=unknown-ip-addr	cmd=get_database: default	
2024-04-24T10:29:16,132  INFO [main] metadata.Hive: Dumping metastore api call timing information for : execution phase
2024-04-24T10:29:16,132  INFO [main] metadata.Hive: Total time spent in each metastore function (ms): {getDatabase_(String)=1, isCompatibleWith_(Configuration)=0}
2024-04-24T10:29:16,133  INFO [main] ql.Driver: Completed executing command(queryId=alex_20240424102916_a33b9352-a44a-4221-8296-76f1f001218a); Time taken: 0.002 seconds
2024-04-24T10:29:16,133  INFO [main] ql.Driver: Compiling command(queryId=alex_20240424102916_a33b9352-a44a-4221-8296-76f1f001218a): create table employee(emp_id INT, emp_name STRING, emp_start_date STRING , emp_gender STRING) partitioned by (emp_country STRING , emp_state STRING) stored as JSONFILE TBLPROPERTIES ('transactional'='false')
2024-04-24T10:29:16,133  INFO [main] parse.CalcitePlanner: Starting caching scope for: alex_20240424102916_a33b9352-a44a-4221-8296-76f1f001218a
2024-04-24T10:29:16,134  INFO [main] parse.CalcitePlanner: Starting Semantic Analysis
2024-04-24T10:29:16,134  INFO [main] sqlstd.SQLStdHiveAccessController: Created SQLStdHiveAccessController for session context : HiveAuthzSessionContext [sessionString=ed01c33b-78d6-4842-9dbe-b747b045c60a, clientType=HIVECLI]
2024-04-24T10:29:16,134  INFO [main] metastore.HiveMetaStoreClient: Mestastore configuration metastore.filter.hook changed from org.apache.hadoop.hive.metastore.DefaultMetaStoreFilterHookImpl to org.apache.hadoop.hive.ql.security.authorization.plugin.AuthorizationMetaStoreFilterHook
2024-04-24T10:29:16,134  INFO [main] HiveMetaStore.audit: ugi=alex	ip=unknown-ip-addr	cmd=Cleaning up thread local RawStore...	
2024-04-24T10:29:16,134  INFO [main] metastore.ObjectStore: RawStore: org.apache.hadoop.hive.metastore.ObjectStore@2df2ec36, with PersistenceManager: org.datanucleus.api.jdo.JDOPersistenceManager@44fa7942 will be shutdown
2024-04-24T10:29:16,134  INFO [main] HiveMetaStore.audit: ugi=alex	ip=unknown-ip-addr	cmd=Done cleaning up thread local RawStore	
2024-04-24T10:29:16,134  INFO [main] metastore.HiveMetaStoreClient: Closed a connection to metastore, current connections: -92
2024-04-24T10:29:16,135  INFO [main] metastore.HiveMetaStoreClient: HMS client filtering is enabled.
2024-04-24T10:29:16,136  INFO [main] metastore.HMSHandler: 0: Opening raw store with implementation class:org.apache.hadoop.hive.metastore.ObjectStore
2024-04-24T10:29:16,136  INFO [main] metastore.PersistenceManagerProvider: Configuration datanucleus.autoStartMechanismMode is not set. Defaulting to 'ignored'
2024-04-24T10:29:16,136  INFO [main] metastore.ObjectStore: RawStore: org.apache.hadoop.hive.metastore.ObjectStore@7767418a, with PersistenceManager: null will be shutdown
2024-04-24T10:29:16,136  INFO [main] metastore.ObjectStore: RawStore: org.apache.hadoop.hive.metastore.ObjectStore@7767418a, with PersistenceManager: org.datanucleus.api.jdo.JDOPersistenceManager@34172f11 created in the thread with id: 1
2024-04-24T10:29:16,137  INFO [main] metastore.HMSHandler: Created RawStore: org.apache.hadoop.hive.metastore.ObjectStore@7767418a from thread id: 1
2024-04-24T10:29:16,137  INFO [main] metastore.HMSHandler: HMS server filtering is disabled by configuration
2024-04-24T10:29:16,137  INFO [main] metastore.RetryingMetaStoreClient: RetryingMetaStoreClient proxy=class org.apache.hadoop.hive.ql.metadata.SessionHiveMetaStoreClient ugi=alex (auth:SIMPLE) retries=1 delay=1 lifetime=0
2024-04-24T10:29:16,138  INFO [main] parse.CalcitePlanner: Creating table default.employee position=13
2024-04-24T10:29:16,138  INFO [main] metastore.HiveMetaStoreClient: HMS client filtering is enabled.
2024-04-24T10:29:16,138  INFO [main] metastore.PersistenceManagerProvider: Configuration datanucleus.autoStartMechanismMode is not set. Defaulting to 'ignored'
2024-04-24T10:29:16,139  INFO [main] metastore.ObjectStore: RawStore: org.apache.hadoop.hive.metastore.ObjectStore@7767418a, with PersistenceManager: org.datanucleus.api.jdo.JDOPersistenceManager@34172f11 will be shutdown
2024-04-24T10:29:16,139  INFO [main] metastore.ObjectStore: RawStore: org.apache.hadoop.hive.metastore.ObjectStore@7767418a, with PersistenceManager: org.datanucleus.api.jdo.JDOPersistenceManager@17075ec7 created in the thread with id: 1
2024-04-24T10:29:16,140  INFO [main] metastore.HMSHandler: HMS server filtering is disabled by configuration
2024-04-24T10:29:16,140  INFO [main] metastore.RetryingMetaStoreClient: RetryingMetaStoreClient proxy=class org.apache.hadoop.hive.ql.metadata.SessionHiveMetaStoreClient ugi=alex (auth:SIMPLE) retries=1 delay=1 lifetime=0
2024-04-24T10:29:16,140  INFO [main] HiveMetaStore.audit: ugi=alex	ip=unknown-ip-addr	cmd=get_database: default	
2024-04-24T10:29:16,141  INFO [main] parse.CalcitePlanner: Ending caching scope for: alex_20240424102916_a33b9352-a44a-4221-8296-76f1f001218a
2024-04-24T10:29:16,141  INFO [main] ql.Driver: Semantic Analysis Completed (retrial = false)
2024-04-24T10:29:16,141  INFO [main] ql.Driver: Created Hive schema: Schema(fieldSchemas:null, properties:null)
2024-04-24T10:29:16,141  INFO [main] metadata.Hive: Dumping metastore api call timing information for : compilation phase
2024-04-24T10:29:16,141  INFO [main] metadata.Hive: Total time spent in each metastore function (ms): {}
2024-04-24T10:29:16,141  INFO [main] ql.Driver: Completed compiling command(queryId=alex_20240424102916_a33b9352-a44a-4221-8296-76f1f001218a); Time taken: 0.008 seconds
2024-04-24T10:29:16,142  INFO [main] reexec.ReExecDriver: Execution #1 of query
2024-04-24T10:29:16,142  INFO [main] ql.Driver: Concurrency mode is disabled, not creating a lock manager
2024-04-24T10:29:16,142  INFO [main] ql.Driver: Executing command(queryId=alex_20240424102916_a33b9352-a44a-4221-8296-76f1f001218a): create table employee(emp_id INT, emp_name STRING, emp_start_date STRING , emp_gender STRING) partitioned by (emp_country STRING , emp_state STRING) stored as JSONFILE TBLPROPERTIES ('transactional'='false')
2024-04-24T10:29:16,142  INFO [main] ql.Driver: Starting task [Stage-0:DDL] in serial mode
2024-04-24T10:29:16,142  INFO [main] metastore.HiveMetaStoreClient: Mestastore configuration metastore.filter.hook changed from org.apache.hadoop.hive.ql.security.authorization.plugin.AuthorizationMetaStoreFilterHook to org.apache.hadoop.hive.metastore.DefaultMetaStoreFilterHookImpl
2024-04-24T10:29:16,142  INFO [main] HiveMetaStore.audit: ugi=alex	ip=unknown-ip-addr	cmd=Cleaning up thread local RawStore...	
2024-04-24T10:29:16,142  INFO [main] metastore.ObjectStore: RawStore: org.apache.hadoop.hive.metastore.ObjectStore@7767418a, with PersistenceManager: org.datanucleus.api.jdo.JDOPersistenceManager@17075ec7 will be shutdown
2024-04-24T10:29:16,142  INFO [main] HiveMetaStore.audit: ugi=alex	ip=unknown-ip-addr	cmd=Done cleaning up thread local RawStore	
2024-04-24T10:29:16,142  INFO [main] metastore.HiveMetaStoreClient: Closed a connection to metastore, current connections: -93
2024-04-24T10:29:16,143  INFO [main] metastore.HiveMetaStoreClient: HMS client filtering is enabled.
2024-04-24T10:29:16,144  INFO [main] metastore.HMSHandler: 0: Opening raw store with implementation class:org.apache.hadoop.hive.metastore.ObjectStore
2024-04-24T10:29:16,144  INFO [main] metastore.PersistenceManagerProvider: Configuration datanucleus.autoStartMechanismMode is not set. Defaulting to 'ignored'
2024-04-24T10:29:16,144  INFO [main] metastore.ObjectStore: RawStore: org.apache.hadoop.hive.metastore.ObjectStore@6b9366ac, with PersistenceManager: null will be shutdown
2024-04-24T10:29:16,145  INFO [main] metastore.ObjectStore: RawStore: org.apache.hadoop.hive.metastore.ObjectStore@6b9366ac, with PersistenceManager: org.datanucleus.api.jdo.JDOPersistenceManager@3f481031 created in the thread with id: 1
2024-04-24T10:29:16,146  INFO [main] metastore.HMSHandler: Created RawStore: org.apache.hadoop.hive.metastore.ObjectStore@6b9366ac from thread id: 1
2024-04-24T10:29:16,146  INFO [main] metastore.HMSHandler: HMS server filtering is disabled by configuration
2024-04-24T10:29:16,146  INFO [main] metastore.RetryingMetaStoreClient: RetryingMetaStoreClient proxy=class org.apache.hadoop.hive.ql.metadata.SessionHiveMetaStoreClient ugi=alex (auth:SIMPLE) retries=1 delay=1 lifetime=0
2024-04-24T10:29:16,146  INFO [main] HiveMetaStore.audit: ugi=alex	ip=unknown-ip-addr	cmd=create_table_req: Table(tableName:employee, dbName:default, owner:alex, createTime:1713979756, lastAccessTime:0, retention:0, sd:StorageDescriptor(cols:[FieldSchema(name:emp_id, type:int, comment:null), FieldSchema(name:emp_name, type:string, comment:null), FieldSchema(name:emp_start_date, type:string, comment:null), FieldSchema(name:emp_gender, type:string, comment:null)], location:null, inputFormat:org.apache.hadoop.mapred.TextInputFormat, outputFormat:org.apache.hadoop.hive.ql.io.HiveIgnoreKeyTextOutputFormat, compressed:false, numBuckets:-1, serdeInfo:SerDeInfo(name:null, serializationLib:org.apache.hadoop.hive.serde2.JsonSerDe, parameters:{serialization.format=1}), bucketCols:[], sortCols:[], parameters:{}, skewedInfo:SkewedInfo(skewedColNames:[], skewedColValues:[], skewedColValueLocationMaps:{}), storedAsSubDirectories:false), partitionKeys:[FieldSchema(name:emp_country, type:string, comment:null), FieldSchema(name:emp_state, type:string, comment:null)], parameters:{bucketing_version=2, transactional=false}, viewOriginalText:null, viewExpandedText:null, tableType:MANAGED_TABLE, privileges:PrincipalPrivilegeSet(userPrivileges:{alex=[PrivilegeGrantInfo(privilege:INSERT, createTime:-1, grantor:alex, grantorType:USER, grantOption:true), PrivilegeGrantInfo(privilege:SELECT, createTime:-1, grantor:alex, grantorType:USER, grantOption:true), PrivilegeGrantInfo(privilege:UPDATE, createTime:-1, grantor:alex, grantorType:USER, grantOption:true), PrivilegeGrantInfo(privilege:DELETE, createTime:-1, grantor:alex, grantorType:USER, grantOption:true)]}, groupPrivileges:null, rolePrivileges:null), temporary:false, catName:hive, ownerType:USER)	
2024-04-24T10:29:16,150  INFO [main] utils.FileUtils: Creating directory if it doesn't exist: file:/home/alex/Repositories/hive/hcatalog/hcatalog-pig-adapter/build/test/data/org.apache.hive.hcatalog.mapreduce.HCatBaseTest-1713979684612/warehouse/employee
2024-04-24T10:29:16,168  INFO [main] metadata.Hive: Dumping metastore api call timing information for : execution phase
2024-04-24T10:29:16,168  INFO [main] metadata.Hive: Total time spent in each metastore function (ms): {createTable_(Table)=22}
2024-04-24T10:29:16,169  INFO [main] ql.Driver: Completed executing command(queryId=alex_20240424102916_a33b9352-a44a-4221-8296-76f1f001218a); Time taken: 0.026 seconds
2024-04-24T10:29:16,190  INFO [main] executionengine.HExecutionEngine: Connecting to hadoop file system at: file:///
2024-04-24T10:29:16,190  INFO [main] pig.PigServer: Pig Script ID for the session: PIG-default-cdc2d99a-25bb-4ea8-baf3-194095f25149
2024-04-24T10:29:16,279  WARN [main] conf.HiveConf: HiveConf of name hive.metastore.client.cache.maxSize does not exist
2024-04-24T10:29:16,279  WARN [main] conf.HiveConf: HiveConf of name hive.llap.io.cache.orc.alloc.max does not exist
2024-04-24T10:29:16,279  WARN [main] conf.HiveConf: HiveConf of name hive.metastore.client.cache.recordStats does not exist
2024-04-24T10:29:16,279  WARN [main] conf.HiveConf: HiveConf of name hive.llap.io.cache.orc.alloc.min does not exist
2024-04-24T10:29:16,280  WARN [main] conf.HiveConf: HiveConf of name hive.llap.io.cache.orc.size does not exist
2024-04-24T10:29:16,280  WARN [main] conf.HiveConf: HiveConf of name hive.stats.key.prefix.reserve.length does not exist
2024-04-24T10:29:16,280  WARN [main] conf.HiveConf: HiveConf of name hive.metastore.metadb.dir does not exist
2024-04-24T10:29:16,280  WARN [main] conf.HiveConf: HiveConf of name hive.llap.io.cache.orc.arena.size does not exist
2024-04-24T10:29:16,280  WARN [main] conf.HiveConf: HiveConf of name hive.dummyparam.test.server.specific.config.override does not exist
2024-04-24T10:29:16,280  WARN [main] conf.HiveConf: HiveConf of name hive.dummyparam.test.server.specific.config.hivesite does not exist
2024-04-24T10:29:16,280  WARN [main] conf.HiveConf: HiveConf of name hive.dummyparam.test.server.specific.config.metastoresite does not exist
2024-04-24T10:29:16,280  INFO [main] common.HCatUtil: mapreduce.lib.hcatoutput.hive.conf not set. Generating configuration differences.
2024-04-24T10:29:16,281  INFO [main] common.HCatUtil: Configuration differences={datanucleus.connectionPool.maxPoolSize=4, test.property1=value1, javax.jdo.option.ConnectionUserName=APP, hive.llap.io.cache.orc.alloc.max=2097152, hive.stats.column.autogather=true, hive.query.results.cache.enabled=false, fs.pfile.impl=org.apache.hadoop.fs.ProxyLocalFileSystem, hive.querylog.location=${test.tmp.dir}/tmp, hive.metastore.rawstore.impl=org.apache.hadoop.hive.metastore.ObjectStore, hive.llap.io.use.lrfu=true, javax.jdo.option.ConnectionPassword=mine, hive.jar.path=${maven.local.repository}/org/apache/hive/hive-exec/${hive.version}/hive-exec-${hive.version}.jar, hive.default.rcfile.serde=org.apache.hadoop.hive.serde2.columnar.ColumnarSerDe, datanucleus.schema.autoCreateAll=true, test.data.scripts=${hive.root}/data/scripts, hive.users.in.admin.role=hive_admin_user, hive.llap.io.cache.orc.size=8388608, hive.dummyparam.test.server.specific.config.hivesite=from.hive-site.xml, hive.exec.mode.local.auto=false, test.var.hiveconf.property=${hive.exec.default.partition.name}, hive.materializedview.rewriting=true, hive.dummyparam.test.server.specific.config.override=from.hive-site.xml, hive.fetch.task.conversion=minimal, hive.metastore.metadb.dir=file://${test.tmp.dir}/metadb/, hive.conf.restricted.list=dummy.config.value, hive.server2.operation.log.purgePolicy.timeToLive=5s, hive.query.reexecution.stats.persist.scope=query, hive.cbo.fallback.strategy=TEST, hive.input.format=org.apache.hadoop.hive.ql.io.CombineHiveInputFormat, hive.security.authorization.manager=org.apache.hadoop.hive.ql.security.authorization.plugin.sqlstd.SQLStdHiveAuthorizerFactoryForTest, test.data.files=${hive.root}/data/files, hive.metastore.client.cache.enabled=true, hive.stats.key.prefix.reserve.length=0, hive.exec.local.scratchdir=${test.tmp.dir}/localscratchdir/, hive.exec.submit.local.task.via.child=false, hive.auto.convert.join=false, hive.llap.io.cache.orc.alloc.min=32768, hive.stats.fetch.bitvector=true, hive.llap.io.allocator.direct=false, hive.metastore.schema.verification=false, javax.jdo.option.ConnectionDriverName=org.apache.derby.jdbc.EmbeddedDriver, hive.in.test=true, hive.support.concurrency=true, hive.metastore.warehouse.dir=${test.warehouse.dir}, hive.llap.io.cache.orc.arena.size=8388608, hive.exec.scratchdir=${test.tmp.dir}/scratchdir, test.log.dir=${test.tmp.dir}/log/, hive.exec.post.hooks=org.apache.hadoop.hive.ql.hooks.PostExecutePrinter, javax.jdo.option.ConnectionURL=jdbc:derby:memory:${test.tmp.dir}/junit_metastore_db;create=true, hive.ignore.mapjoin.hint=false, hive.scheduled.queries.executor.enabled=false, hive.llap.cache.allow.synthetic.fileid=true, hive.metastore.client.cache.maxSize=10Mb, hive.metastore.client.cache.recordStats=true, hive.mapjoin.max.gc.time.percentage=0.99, hive.test.dummystats.aggregator=value2, hive.exec.pre.hooks=org.apache.hadoop.hive.ql.hooks.PreExecutePrinter, org.apache.hadoop.hive.ql.hooks.EnforceReadOnlyTables, org.apache.hadoop.hive.ql.hooks.MaterializedViewRegistryPropertiesHook, iceberg.hive.keep.stats=true, hive.strict.timestamp.conversion=false}
2024-04-24T10:29:16,282  INFO [main] HiveMetaStore.audit: ugi=alex	ip=unknown-ip-addr	cmd=get_databases: @hive#NonExistentDatabaseUsedForHealthCheck	
2024-04-24T10:29:16,284  INFO [main] HiveMetaStore.audit: ugi=alex	ip=unknown-ip-addr	cmd=get_table : tbl=hive.default.employee	
2024-04-24T10:29:16,292  INFO [main] metastore.HMSHandler: Skipping translation for processor with null
2024-04-24T10:29:16,313  WARN [main] conf.HiveConf: HiveConf of name hive.dummyparam.test.server.specific.config.hivesite does not exist
2024-04-24T10:29:16,313  WARN [main] conf.HiveConf: HiveConf of name hive.metastore.client.cache.maxSize does not exist
2024-04-24T10:29:16,313  WARN [main] conf.HiveConf: HiveConf of name hive.dummyparam.test.server.specific.config.metastoresite does not exist
2024-04-24T10:29:16,313  WARN [main] conf.HiveConf: HiveConf of name hive.stats.key.prefix.reserve.length does not exist
2024-04-24T10:29:16,313  WARN [main] conf.HiveConf: HiveConf of name hive.llap.io.cache.orc.alloc.max does not exist
2024-04-24T10:29:16,313  WARN [main] conf.HiveConf: HiveConf of name hive.llap.io.cache.orc.arena.size does not exist
2024-04-24T10:29:16,313  WARN [main] conf.HiveConf: HiveConf of name hive.dummyparam.test.server.specific.config.override does not exist
2024-04-24T10:29:16,313  WARN [main] conf.HiveConf: HiveConf of name hive.metastore.metadb.dir does not exist
2024-04-24T10:29:16,313  WARN [main] conf.HiveConf: HiveConf of name hive.llap.io.cache.orc.alloc.min does not exist
2024-04-24T10:29:16,313  WARN [main] conf.HiveConf: HiveConf of name hive.metastore.client.cache.recordStats does not exist
2024-04-24T10:29:16,313  WARN [main] conf.HiveConf: HiveConf of name hive.llap.io.cache.orc.size does not exist
2024-04-24T10:29:16,313  INFO [main] common.HCatUtil: mapreduce.lib.hcatoutput.hive.conf is set. Applying configuration differences.
2024-04-24T10:29:16,313  INFO [main] HiveMetaStore.audit: ugi=alex	ip=unknown-ip-addr	cmd=get_databases: @hive#NonExistentDatabaseUsedForHealthCheck	
2024-04-24T10:29:16,329  WARN [main] conf.HiveConf: HiveConf of name hive.dummyparam.test.server.specific.config.override does not exist
2024-04-24T10:29:16,329  WARN [main] conf.HiveConf: HiveConf of name hive.metastore.client.cache.maxSize does not exist
2024-04-24T10:29:16,329  WARN [main] conf.HiveConf: HiveConf of name hive.stats.key.prefix.reserve.length does not exist
2024-04-24T10:29:16,329  WARN [main] conf.HiveConf: HiveConf of name hive.metastore.client.cache.recordStats does not exist
2024-04-24T10:29:16,329  WARN [main] conf.HiveConf: HiveConf of name hive.metastore.metadb.dir does not exist
2024-04-24T10:29:16,329  WARN [main] conf.HiveConf: HiveConf of name hive.llap.io.cache.orc.arena.size does not exist
2024-04-24T10:29:16,329  WARN [main] conf.HiveConf: HiveConf of name hive.llap.io.cache.orc.alloc.min does not exist
2024-04-24T10:29:16,329  WARN [main] conf.HiveConf: HiveConf of name hive.llap.io.cache.orc.size does not exist
2024-04-24T10:29:16,329  WARN [main] conf.HiveConf: HiveConf of name hive.dummyparam.test.server.specific.config.metastoresite does not exist
2024-04-24T10:29:16,329  WARN [main] conf.HiveConf: HiveConf of name hive.llap.io.cache.orc.alloc.max does not exist
2024-04-24T10:29:16,329  WARN [main] conf.HiveConf: HiveConf of name hive.dummyparam.test.server.specific.config.hivesite does not exist
2024-04-24T10:29:16,329  INFO [main] common.HCatUtil: mapreduce.lib.hcatoutput.hive.conf not set. Generating configuration differences.
2024-04-24T10:29:16,330  INFO [main] common.HCatUtil: Configuration differences={datanucleus.connectionPool.maxPoolSize=4, hive.llap.io.cache.orc.alloc.max=2097152, javax.jdo.option.ConnectionUserName=APP, test.property1=value1, hive.stats.column.autogather=true, fs.pfile.impl=org.apache.hadoop.fs.ProxyLocalFileSystem, hive.query.results.cache.enabled=false, hive.querylog.location=${test.tmp.dir}/tmp, hive.llap.io.use.lrfu=true, hive.metastore.rawstore.impl=org.apache.hadoop.hive.metastore.ObjectStore, javax.jdo.option.ConnectionPassword=mine, hive.jar.path=${maven.local.repository}/org/apache/hive/hive-exec/${hive.version}/hive-exec-${hive.version}.jar, hive.default.rcfile.serde=org.apache.hadoop.hive.serde2.columnar.ColumnarSerDe, test.data.scripts=${hive.root}/data/scripts, datanucleus.schema.autoCreateAll=true, hive.users.in.admin.role=hive_admin_user, hive.llap.io.cache.orc.size=8388608, test.var.hiveconf.property=${hive.exec.default.partition.name}, hive.exec.mode.local.auto=false, hive.dummyparam.test.server.specific.config.hivesite=from.hive-site.xml, hive.materializedview.rewriting=true, hive.fetch.task.conversion=minimal, hive.dummyparam.test.server.specific.config.override=from.hive-site.xml, hive.metastore.metadb.dir=file://${test.tmp.dir}/metadb/, hive.conf.restricted.list=dummy.config.value, hive.server2.operation.log.purgePolicy.timeToLive=5s, hive.query.reexecution.stats.persist.scope=query, hive.cbo.fallback.strategy=TEST, hive.input.format=org.apache.hadoop.hive.ql.io.CombineHiveInputFormat, hive.security.authorization.manager=org.apache.hadoop.hive.ql.security.authorization.plugin.sqlstd.SQLStdHiveAuthorizerFactoryForTest, test.data.files=${hive.root}/data/files, hive.stats.key.prefix.reserve.length=0, hive.metastore.client.cache.enabled=true, hive.exec.local.scratchdir=${test.tmp.dir}/localscratchdir/, hive.exec.submit.local.task.via.child=false, hive.auto.convert.join=false, hive.llap.io.cache.orc.alloc.min=32768, hive.stats.fetch.bitvector=true, hive.llap.io.allocator.direct=false, hive.metastore.schema.verification=false, javax.jdo.option.ConnectionDriverName=org.apache.derby.jdbc.EmbeddedDriver, hive.support.concurrency=true, hive.in.test=true, hive.metastore.warehouse.dir=${test.warehouse.dir}, hive.llap.io.cache.orc.arena.size=8388608, hive.exec.scratchdir=${test.tmp.dir}/scratchdir, test.log.dir=${test.tmp.dir}/log/, hive.exec.post.hooks=org.apache.hadoop.hive.ql.hooks.PostExecutePrinter, javax.jdo.option.ConnectionURL=jdbc:derby:memory:${test.tmp.dir}/junit_metastore_db;create=true, hive.llap.cache.allow.synthetic.fileid=true, hive.scheduled.queries.executor.enabled=false, hive.ignore.mapjoin.hint=false, hive.metastore.client.cache.maxSize=10Mb, hive.metastore.client.cache.recordStats=true, hive.mapjoin.max.gc.time.percentage=0.99, hive.test.dummystats.aggregator=value2, hive.exec.pre.hooks=org.apache.hadoop.hive.ql.hooks.PreExecutePrinter, org.apache.hadoop.hive.ql.hooks.EnforceReadOnlyTables, org.apache.hadoop.hive.ql.hooks.MaterializedViewRegistryPropertiesHook, iceberg.hive.keep.stats=true, hive.strict.timestamp.conversion=false}
2024-04-24T10:29:16,331  INFO [main] HiveMetaStore.audit: ugi=alex	ip=unknown-ip-addr	cmd=get_databases: @hive#NonExistentDatabaseUsedForHealthCheck	
2024-04-24T10:29:16,333  INFO [main] HiveMetaStore.audit: ugi=alex	ip=unknown-ip-addr	cmd=get_table : tbl=hive.default.employee	
2024-04-24T10:29:16,340  INFO [main] metastore.HMSHandler: Skipping translation for processor with null
2024-04-24T10:29:16,360  WARN [main] conf.HiveConf: HiveConf of name hive.metastore.metadb.dir does not exist
2024-04-24T10:29:16,360  WARN [main] conf.HiveConf: HiveConf of name hive.stats.key.prefix.reserve.length does not exist
2024-04-24T10:29:16,360  WARN [main] conf.HiveConf: HiveConf of name hive.llap.io.cache.orc.size does not exist
2024-04-24T10:29:16,360  WARN [main] conf.HiveConf: HiveConf of name hive.dummyparam.test.server.specific.config.metastoresite does not exist
2024-04-24T10:29:16,360  WARN [main] conf.HiveConf: HiveConf of name hive.metastore.client.cache.maxSize does not exist
2024-04-24T10:29:16,360  WARN [main] conf.HiveConf: HiveConf of name hive.metastore.client.cache.recordStats does not exist
2024-04-24T10:29:16,360  WARN [main] conf.HiveConf: HiveConf of name hive.llap.io.cache.orc.alloc.max does not exist
2024-04-24T10:29:16,360  WARN [main] conf.HiveConf: HiveConf of name hive.llap.io.cache.orc.alloc.min does not exist
2024-04-24T10:29:16,360  WARN [main] conf.HiveConf: HiveConf of name hive.dummyparam.test.server.specific.config.override does not exist
2024-04-24T10:29:16,360  WARN [main] conf.HiveConf: HiveConf of name hive.dummyparam.test.server.specific.config.hivesite does not exist
2024-04-24T10:29:16,360  WARN [main] conf.HiveConf: HiveConf of name hive.llap.io.cache.orc.arena.size does not exist
2024-04-24T10:29:16,360  INFO [main] common.HCatUtil: mapreduce.lib.hcatoutput.hive.conf is set. Applying configuration differences.
2024-04-24T10:29:16,361  INFO [main] HiveMetaStore.audit: ugi=alex	ip=unknown-ip-addr	cmd=get_databases: @hive#NonExistentDatabaseUsedForHealthCheck	
2024-04-24T10:29:16,376  WARN [main] conf.HiveConf: HiveConf of name hive.llap.io.cache.orc.size does not exist
2024-04-24T10:29:16,376  WARN [main] conf.HiveConf: HiveConf of name hive.dummyparam.test.server.specific.config.metastoresite does not exist
2024-04-24T10:29:16,376  WARN [main] conf.HiveConf: HiveConf of name hive.dummyparam.test.server.specific.config.override does not exist
2024-04-24T10:29:16,376  WARN [main] conf.HiveConf: HiveConf of name hive.stats.key.prefix.reserve.length does not exist
2024-04-24T10:29:16,376  WARN [main] conf.HiveConf: HiveConf of name hive.metastore.client.cache.recordStats does not exist
2024-04-24T10:29:16,376  WARN [main] conf.HiveConf: HiveConf of name hive.metastore.metadb.dir does not exist
2024-04-24T10:29:16,376  WARN [main] conf.HiveConf: HiveConf of name hive.llap.io.cache.orc.alloc.max does not exist
2024-04-24T10:29:16,376  WARN [main] conf.HiveConf: HiveConf of name hive.dummyparam.test.server.specific.config.hivesite does not exist
2024-04-24T10:29:16,376  WARN [main] conf.HiveConf: HiveConf of name hive.llap.io.cache.orc.alloc.min does not exist
2024-04-24T10:29:16,376  WARN [main] conf.HiveConf: HiveConf of name hive.metastore.client.cache.maxSize does not exist
2024-04-24T10:29:16,376  WARN [main] conf.HiveConf: HiveConf of name hive.llap.io.cache.orc.arena.size does not exist
2024-04-24T10:29:16,377  INFO [main] common.HCatUtil: mapreduce.lib.hcatoutput.hive.conf not set. Generating configuration differences.
2024-04-24T10:29:16,377  INFO [main] common.HCatUtil: Configuration differences={datanucleus.connectionPool.maxPoolSize=4, test.property1=value1, javax.jdo.option.ConnectionUserName=APP, hive.stats.column.autogather=true, hive.llap.io.cache.orc.alloc.max=2097152, hive.query.results.cache.enabled=false, fs.pfile.impl=org.apache.hadoop.fs.ProxyLocalFileSystem, hive.querylog.location=${test.tmp.dir}/tmp, hive.llap.io.use.lrfu=true, hive.metastore.rawstore.impl=org.apache.hadoop.hive.metastore.ObjectStore, javax.jdo.option.ConnectionPassword=mine, hive.jar.path=${maven.local.repository}/org/apache/hive/hive-exec/${hive.version}/hive-exec-${hive.version}.jar, hive.default.rcfile.serde=org.apache.hadoop.hive.serde2.columnar.ColumnarSerDe, datanucleus.schema.autoCreateAll=true, test.data.scripts=${hive.root}/data/scripts, hive.users.in.admin.role=hive_admin_user, hive.llap.io.cache.orc.size=8388608, hive.dummyparam.test.server.specific.config.hivesite=from.hive-site.xml, hive.exec.mode.local.auto=false, test.var.hiveconf.property=${hive.exec.default.partition.name}, hive.materializedview.rewriting=true, hive.metastore.metadb.dir=file://${test.tmp.dir}/metadb/, hive.dummyparam.test.server.specific.config.override=from.hive-site.xml, hive.fetch.task.conversion=minimal, hive.server2.operation.log.purgePolicy.timeToLive=5s, hive.conf.restricted.list=dummy.config.value, hive.query.reexecution.stats.persist.scope=query, hive.cbo.fallback.strategy=TEST, hive.input.format=org.apache.hadoop.hive.ql.io.CombineHiveInputFormat, hive.security.authorization.manager=org.apache.hadoop.hive.ql.security.authorization.plugin.sqlstd.SQLStdHiveAuthorizerFactoryForTest, test.data.files=${hive.root}/data/files, hive.metastore.client.cache.enabled=true, hive.stats.key.prefix.reserve.length=0, hive.exec.local.scratchdir=${test.tmp.dir}/localscratchdir/, hive.exec.submit.local.task.via.child=false, hive.auto.convert.join=false, hive.llap.io.cache.orc.alloc.min=32768, hive.stats.fetch.bitvector=true, hive.llap.io.allocator.direct=false, hive.metastore.schema.verification=false, javax.jdo.option.ConnectionDriverName=org.apache.derby.jdbc.EmbeddedDriver, hive.support.concurrency=true, hive.in.test=true, hive.metastore.warehouse.dir=${test.warehouse.dir}, hive.llap.io.cache.orc.arena.size=8388608, hive.exec.scratchdir=${test.tmp.dir}/scratchdir, test.log.dir=${test.tmp.dir}/log/, hive.exec.post.hooks=org.apache.hadoop.hive.ql.hooks.PostExecutePrinter, javax.jdo.option.ConnectionURL=jdbc:derby:memory:${test.tmp.dir}/junit_metastore_db;create=true, hive.llap.cache.allow.synthetic.fileid=true, hive.scheduled.queries.executor.enabled=false, hive.ignore.mapjoin.hint=false, hive.metastore.client.cache.maxSize=10Mb, hive.metastore.client.cache.recordStats=true, hive.mapjoin.max.gc.time.percentage=0.99, hive.test.dummystats.aggregator=value2, hive.exec.pre.hooks=org.apache.hadoop.hive.ql.hooks.PreExecutePrinter, org.apache.hadoop.hive.ql.hooks.EnforceReadOnlyTables, org.apache.hadoop.hive.ql.hooks.MaterializedViewRegistryPropertiesHook, iceberg.hive.keep.stats=true, hive.strict.timestamp.conversion=false}
2024-04-24T10:29:16,378  INFO [main] HiveMetaStore.audit: ugi=alex	ip=unknown-ip-addr	cmd=get_databases: @hive#NonExistentDatabaseUsedForHealthCheck	
2024-04-24T10:29:16,380  INFO [main] HiveMetaStore.audit: ugi=alex	ip=unknown-ip-addr	cmd=get_table : tbl=hive.default.employee	
2024-04-24T10:29:16,388  INFO [main] metastore.HMSHandler: Skipping translation for processor with null
2024-04-24T10:29:16,407  WARN [main] conf.HiveConf: HiveConf of name hive.metastore.client.cache.maxSize does not exist
2024-04-24T10:29:16,407  WARN [main] conf.HiveConf: HiveConf of name hive.metastore.client.cache.recordStats does not exist
2024-04-24T10:29:16,407  WARN [main] conf.HiveConf: HiveConf of name hive.stats.key.prefix.reserve.length does not exist
2024-04-24T10:29:16,407  WARN [main] conf.HiveConf: HiveConf of name hive.llap.io.cache.orc.size does not exist
2024-04-24T10:29:16,407  WARN [main] conf.HiveConf: HiveConf of name hive.llap.io.cache.orc.arena.size does not exist
2024-04-24T10:29:16,407  WARN [main] conf.HiveConf: HiveConf of name hive.metastore.metadb.dir does not exist
2024-04-24T10:29:16,407  WARN [main] conf.HiveConf: HiveConf of name hive.dummyparam.test.server.specific.config.override does not exist
2024-04-24T10:29:16,407  WARN [main] conf.HiveConf: HiveConf of name hive.llap.io.cache.orc.alloc.min does not exist
2024-04-24T10:29:16,407  WARN [main] conf.HiveConf: HiveConf of name hive.dummyparam.test.server.specific.config.hivesite does not exist
2024-04-24T10:29:16,407  WARN [main] conf.HiveConf: HiveConf of name hive.llap.io.cache.orc.alloc.max does not exist
2024-04-24T10:29:16,407  WARN [main] conf.HiveConf: HiveConf of name hive.dummyparam.test.server.specific.config.metastoresite does not exist
2024-04-24T10:29:16,407  INFO [main] common.HCatUtil: mapreduce.lib.hcatoutput.hive.conf is set. Applying configuration differences.
2024-04-24T10:29:16,407  INFO [main] HiveMetaStore.audit: ugi=alex	ip=unknown-ip-addr	cmd=get_databases: @hive#NonExistentDatabaseUsedForHealthCheck	
2024-04-24T10:29:16,423  WARN [main] conf.HiveConf: HiveConf of name hive.llap.io.cache.orc.alloc.min does not exist
2024-04-24T10:29:16,423  WARN [main] conf.HiveConf: HiveConf of name hive.llap.io.cache.orc.alloc.max does not exist
2024-04-24T10:29:16,423  WARN [main] conf.HiveConf: HiveConf of name hive.stats.key.prefix.reserve.length does not exist
2024-04-24T10:29:16,423  WARN [main] conf.HiveConf: HiveConf of name hive.metastore.client.cache.recordStats does not exist
2024-04-24T10:29:16,423  WARN [main] conf.HiveConf: HiveConf of name hive.dummyparam.test.server.specific.config.override does not exist
2024-04-24T10:29:16,423  WARN [main] conf.HiveConf: HiveConf of name hive.metastore.metadb.dir does not exist
2024-04-24T10:29:16,423  WARN [main] conf.HiveConf: HiveConf of name hive.llap.io.cache.orc.arena.size does not exist
2024-04-24T10:29:16,423  WARN [main] conf.HiveConf: HiveConf of name hive.dummyparam.test.server.specific.config.hivesite does not exist
2024-04-24T10:29:16,423  WARN [main] conf.HiveConf: HiveConf of name hive.dummyparam.test.server.specific.config.metastoresite does not exist
2024-04-24T10:29:16,423  WARN [main] conf.HiveConf: HiveConf of name hive.metastore.client.cache.maxSize does not exist
2024-04-24T10:29:16,423  WARN [main] conf.HiveConf: HiveConf of name hive.llap.io.cache.orc.size does not exist
2024-04-24T10:29:16,424  INFO [main] common.HCatUtil: mapreduce.lib.hcatoutput.hive.conf not set. Generating configuration differences.
2024-04-24T10:29:16,424  INFO [main] common.HCatUtil: Configuration differences={datanucleus.connectionPool.maxPoolSize=4, hive.stats.column.autogather=true, hive.llap.io.cache.orc.alloc.max=2097152, test.property1=value1, javax.jdo.option.ConnectionUserName=APP, hive.query.results.cache.enabled=false, fs.pfile.impl=org.apache.hadoop.fs.ProxyLocalFileSystem, hive.querylog.location=${test.tmp.dir}/tmp, hive.llap.io.use.lrfu=true, hive.metastore.rawstore.impl=org.apache.hadoop.hive.metastore.ObjectStore, javax.jdo.option.ConnectionPassword=mine, hive.jar.path=${maven.local.repository}/org/apache/hive/hive-exec/${hive.version}/hive-exec-${hive.version}.jar, hive.default.rcfile.serde=org.apache.hadoop.hive.serde2.columnar.ColumnarSerDe, test.data.scripts=${hive.root}/data/scripts, datanucleus.schema.autoCreateAll=true, hive.users.in.admin.role=hive_admin_user, hive.llap.io.cache.orc.size=8388608, test.var.hiveconf.property=${hive.exec.default.partition.name}, hive.exec.mode.local.auto=false, hive.dummyparam.test.server.specific.config.hivesite=from.hive-site.xml, hive.materializedview.rewriting=true, hive.dummyparam.test.server.specific.config.override=from.hive-site.xml, hive.fetch.task.conversion=minimal, hive.metastore.metadb.dir=file://${test.tmp.dir}/metadb/, hive.conf.restricted.list=dummy.config.value, hive.server2.operation.log.purgePolicy.timeToLive=5s, hive.query.reexecution.stats.persist.scope=query, hive.cbo.fallback.strategy=TEST, hive.input.format=org.apache.hadoop.hive.ql.io.CombineHiveInputFormat, hive.security.authorization.manager=org.apache.hadoop.hive.ql.security.authorization.plugin.sqlstd.SQLStdHiveAuthorizerFactoryForTest, test.data.files=${hive.root}/data/files, hive.metastore.client.cache.enabled=true, hive.stats.key.prefix.reserve.length=0, hive.exec.local.scratchdir=${test.tmp.dir}/localscratchdir/, hive.exec.submit.local.task.via.child=false, hive.auto.convert.join=false, hive.llap.io.cache.orc.alloc.min=32768, hive.stats.fetch.bitvector=true, hive.llap.io.allocator.direct=false, hive.metastore.schema.verification=false, javax.jdo.option.ConnectionDriverName=org.apache.derby.jdbc.EmbeddedDriver, hive.in.test=true, hive.support.concurrency=true, hive.metastore.warehouse.dir=${test.warehouse.dir}, hive.llap.io.cache.orc.arena.size=8388608, hive.exec.scratchdir=${test.tmp.dir}/scratchdir, test.log.dir=${test.tmp.dir}/log/, hive.exec.post.hooks=org.apache.hadoop.hive.ql.hooks.PostExecutePrinter, javax.jdo.option.ConnectionURL=jdbc:derby:memory:${test.tmp.dir}/junit_metastore_db;create=true, hive.llap.cache.allow.synthetic.fileid=true, hive.ignore.mapjoin.hint=false, hive.scheduled.queries.executor.enabled=false, hive.metastore.client.cache.maxSize=10Mb, hive.metastore.client.cache.recordStats=true, hive.mapjoin.max.gc.time.percentage=0.99, hive.test.dummystats.aggregator=value2, hive.exec.pre.hooks=org.apache.hadoop.hive.ql.hooks.PreExecutePrinter, org.apache.hadoop.hive.ql.hooks.EnforceReadOnlyTables, org.apache.hadoop.hive.ql.hooks.MaterializedViewRegistryPropertiesHook, iceberg.hive.keep.stats=true, hive.strict.timestamp.conversion=false}
2024-04-24T10:29:16,425  INFO [main] HiveMetaStore.audit: ugi=alex	ip=unknown-ip-addr	cmd=get_databases: @hive#NonExistentDatabaseUsedForHealthCheck	
2024-04-24T10:29:16,427  INFO [main] HiveMetaStore.audit: ugi=alex	ip=unknown-ip-addr	cmd=get_table : tbl=hive.default.employee	
2024-04-24T10:29:16,435  INFO [main] metastore.HMSHandler: Skipping translation for processor with null
2024-04-24T10:29:16,454  WARN [main] conf.HiveConf: HiveConf of name hive.llap.io.cache.orc.alloc.max does not exist
2024-04-24T10:29:16,454  WARN [main] conf.HiveConf: HiveConf of name hive.dummyparam.test.server.specific.config.hivesite does not exist
2024-04-24T10:29:16,454  WARN [main] conf.HiveConf: HiveConf of name hive.llap.io.cache.orc.size does not exist
2024-04-24T10:29:16,454  WARN [main] conf.HiveConf: HiveConf of name hive.llap.io.cache.orc.alloc.min does not exist
2024-04-24T10:29:16,454  WARN [main] conf.HiveConf: HiveConf of name hive.stats.key.prefix.reserve.length does not exist
2024-04-24T10:29:16,454  WARN [main] conf.HiveConf: HiveConf of name hive.metastore.client.cache.maxSize does not exist
2024-04-24T10:29:16,454  WARN [main] conf.HiveConf: HiveConf of name hive.dummyparam.test.server.specific.config.override does not exist
2024-04-24T10:29:16,454  WARN [main] conf.HiveConf: HiveConf of name hive.dummyparam.test.server.specific.config.metastoresite does not exist
2024-04-24T10:29:16,454  WARN [main] conf.HiveConf: HiveConf of name hive.metastore.metadb.dir does not exist
2024-04-24T10:29:16,454  WARN [main] conf.HiveConf: HiveConf of name hive.metastore.client.cache.recordStats does not exist
2024-04-24T10:29:16,454  WARN [main] conf.HiveConf: HiveConf of name hive.llap.io.cache.orc.arena.size does not exist
2024-04-24T10:29:16,481  INFO [main] common.HCatUtil: mapreduce.lib.hcatoutput.hive.conf is set. Applying configuration differences.
2024-04-24T10:29:16,481  INFO [main] HiveMetaStore.audit: ugi=alex	ip=unknown-ip-addr	cmd=get_databases: @hive#NonExistentDatabaseUsedForHealthCheck	
2024-04-24T10:29:16,485  INFO [main] pigstats.ScriptState: Pig features used in the script: FILTER
2024-04-24T10:29:16,493  WARN [main] data.SchemaTupleBackend: SchemaTupleBackend has already been initialized
2024-04-24T10:29:16,493  INFO [main] optimizer.LogicalPlanOptimizer: {RULES_ENABLED=[AddForEach, ColumnMapKeyPrune, ConstantCalculator, GroupByConstParallelSetter, LimitOptimizer, LoadTypeCastInserter, MergeFilter, MergeForEach, PartitionFilterOptimizer, PredicatePushdownOptimizer, PushDownForEachFlatten, PushUpFilter, SplitFilter, StreamTypeCastInserter]}
2024-04-24T10:29:16,503  INFO [main] mapReduceLayer.MRCompiler: File concatenation threshold: 100 optimistic? false
2024-04-24T10:29:16,506  INFO [main] mapReduceLayer.MultiQueryOptimizer: MR plan size before optimization: 5
2024-04-24T10:29:16,507  INFO [main] mapReduceLayer.MultiQueryOptimizer: Merged 4 map-only splittees.
2024-04-24T10:29:16,507  INFO [main] mapReduceLayer.MultiQueryOptimizer: Merged 4 out of total 5 MR operators.
2024-04-24T10:29:16,507  INFO [main] mapReduceLayer.MultiQueryOptimizer: MR plan size after optimization: 1
2024-04-24T10:29:16,513  WARN [main] impl.MetricsSystemImpl: JobTracker metrics system already initialized!
2024-04-24T10:29:16,515  INFO [main] mapreduce.MRScriptState: Pig script settings are added to the job
2024-04-24T10:29:16,515  INFO [main] mapReduceLayer.JobControlCompiler: mapred.job.reduce.markreset.buffer.percent is not set, set to default 0.3
2024-04-24T10:29:16,516  INFO [main] mapReduceLayer.JobControlCompiler: Setting up multi store job
2024-04-24T10:29:16,516  INFO [main] data.SchemaTupleFrontend: Key [pig.schematuple] is false, will not generate code.
2024-04-24T10:29:16,516  INFO [main] data.SchemaTupleFrontend: Starting process to move generated code to distributed cacche
2024-04-24T10:29:16,516  INFO [main] data.SchemaTupleFrontend: Distributed cache not supported or needed in local mode. Setting key [pig.schematuple.local.dir] with code temp directory: /home/alex/Repositories/hive/hcatalog/hcatalog-pig-adapter/target/tmp/1713979756516-0
2024-04-24T10:29:16,527  INFO [main] mapReduceLayer.MapReduceLauncher: 1 map-reduce job(s) waiting for submission.
2024-04-24T10:29:16,528  WARN [JobControl] impl.MetricsSystemImpl: JobTracker metrics system already initialized!
2024-04-24T10:29:16,544  WARN [JobControl] conf.HiveConf: HiveConf of name hive.llap.io.cache.orc.alloc.max does not exist
2024-04-24T10:29:16,544  WARN [JobControl] conf.HiveConf: HiveConf of name hive.stats.key.prefix.reserve.length does not exist
2024-04-24T10:29:16,544  WARN [JobControl] conf.HiveConf: HiveConf of name hive.dummyparam.test.server.specific.config.override does not exist
2024-04-24T10:29:16,544  WARN [JobControl] conf.HiveConf: HiveConf of name hive.metastore.client.cache.recordStats does not exist
2024-04-24T10:29:16,544  WARN [JobControl] conf.HiveConf: HiveConf of name hive.dummyparam.test.server.specific.config.hivesite does not exist
2024-04-24T10:29:16,544  WARN [JobControl] conf.HiveConf: HiveConf of name hive.metastore.metadb.dir does not exist
2024-04-24T10:29:16,544  WARN [JobControl] conf.HiveConf: HiveConf of name hive.llap.io.cache.orc.arena.size does not exist
2024-04-24T10:29:16,544  WARN [JobControl] conf.HiveConf: HiveConf of name hive.llap.io.cache.orc.size does not exist
2024-04-24T10:29:16,544  WARN [JobControl] conf.HiveConf: HiveConf of name hive.dummyparam.test.server.specific.config.metastoresite does not exist
2024-04-24T10:29:16,544  WARN [JobControl] conf.HiveConf: HiveConf of name hive.metastore.client.cache.maxSize does not exist
2024-04-24T10:29:16,544  WARN [JobControl] conf.HiveConf: HiveConf of name hive.llap.io.cache.orc.alloc.min does not exist
2024-04-24T10:29:16,544  INFO [JobControl] common.HCatUtil: mapreduce.lib.hcatoutput.hive.conf is set. Applying configuration differences.
2024-04-24T10:29:16,545  INFO [JobControl] metastore.HiveMetaStoreClient: HMS client filtering is enabled.
2024-04-24T10:29:16,546  INFO [JobControl] metastore.HMSHandler: 97: Opening raw store with implementation class:org.apache.hadoop.hive.metastore.ObjectStore
2024-04-24T10:29:16,546  INFO [JobControl] metastore.PersistenceManagerProvider: Configuration datanucleus.autoStartMechanismMode is not set. Defaulting to 'ignored'
2024-04-24T10:29:16,546  INFO [JobControl] metastore.ObjectStore: RawStore: org.apache.hadoop.hive.metastore.ObjectStore@2b960c2e, with PersistenceManager: null will be shutdown
2024-04-24T10:29:16,546  INFO [JobControl] metastore.ObjectStore: RawStore: org.apache.hadoop.hive.metastore.ObjectStore@2b960c2e, with PersistenceManager: org.datanucleus.api.jdo.JDOPersistenceManager@58cbdc9f created in the thread with id: 4248
2024-04-24T10:29:16,547  INFO [JobControl] metastore.HMSHandler: Created RawStore: org.apache.hadoop.hive.metastore.ObjectStore@2b960c2e from thread id: 4248
2024-04-24T10:29:16,547  INFO [JobControl] metastore.HMSHandler: HMS server filtering is disabled by configuration
2024-04-24T10:29:16,547  INFO [JobControl] metastore.RetryingMetaStoreClient: RetryingMetaStoreClient proxy=class org.apache.hive.hcatalog.common.HiveClientCache$CacheableHiveMetaStoreClient ugi=alex (auth:SIMPLE) retries=1 delay=1 lifetime=0
2024-04-24T10:29:16,547  INFO [JobControl] HiveMetaStore.audit: ugi=alex	ip=unknown-ip-addr	cmd=Cleaning up thread local RawStore...	
2024-04-24T10:29:16,547  INFO [JobControl] metastore.ObjectStore: RawStore: org.apache.hadoop.hive.metastore.ObjectStore@2b960c2e, with PersistenceManager: org.datanucleus.api.jdo.JDOPersistenceManager@58cbdc9f will be shutdown
2024-04-24T10:29:16,547  INFO [JobControl] HiveMetaStore.audit: ugi=alex	ip=unknown-ip-addr	cmd=Done cleaning up thread local RawStore	
2024-04-24T10:29:16,547  INFO [JobControl] metastore.HiveMetaStoreClient: Closed a connection to metastore, current connections: -94
2024-04-24T10:29:16,548  INFO [JobControl] HiveMetaStore.audit: ugi=alex	ip=unknown-ip-addr	cmd=get_databases: @hive#NonExistentDatabaseUsedForHealthCheck	
2024-04-24T10:29:16,548  INFO [JobControl] metastore.HMSHandler: 97: Opening raw store with implementation class:org.apache.hadoop.hive.metastore.ObjectStore
2024-04-24T10:29:16,549  INFO [JobControl] metastore.ObjectStore: RawStore: org.apache.hadoop.hive.metastore.ObjectStore@6952801e, with PersistenceManager: null will be shutdown
2024-04-24T10:29:16,549  INFO [JobControl] metastore.ObjectStore: RawStore: org.apache.hadoop.hive.metastore.ObjectStore@6952801e, with PersistenceManager: org.datanucleus.api.jdo.JDOPersistenceManager@655d1d08 created in the thread with id: 4248
2024-04-24T10:29:16,550  INFO [JobControl] metastore.HMSHandler: Created RawStore: org.apache.hadoop.hive.metastore.ObjectStore@6952801e from thread id: 4248
2024-04-24T10:29:16,567  WARN [JobControl] conf.HiveConf: HiveConf of name hive.metastore.metadb.dir does not exist
2024-04-24T10:29:16,567  WARN [JobControl] conf.HiveConf: HiveConf of name hive.stats.key.prefix.reserve.length does not exist
2024-04-24T10:29:16,567  WARN [JobControl] conf.HiveConf: HiveConf of name hive.dummyparam.test.server.specific.config.hivesite does not exist
2024-04-24T10:29:16,567  WARN [JobControl] conf.HiveConf: HiveConf of name hive.dummyparam.test.server.specific.config.override does not exist
2024-04-24T10:29:16,567  WARN [JobControl] conf.HiveConf: HiveConf of name hive.metastore.client.cache.recordStats does not exist
2024-04-24T10:29:16,567  WARN [JobControl] conf.HiveConf: HiveConf of name hive.llap.io.cache.orc.alloc.max does not exist
2024-04-24T10:29:16,567  WARN [JobControl] conf.HiveConf: HiveConf of name hive.dummyparam.test.server.specific.config.metastoresite does not exist
2024-04-24T10:29:16,567  WARN [JobControl] conf.HiveConf: HiveConf of name hive.llap.io.cache.orc.arena.size does not exist
2024-04-24T10:29:16,567  WARN [JobControl] conf.HiveConf: HiveConf of name hive.llap.io.cache.orc.alloc.min does not exist
2024-04-24T10:29:16,567  WARN [JobControl] conf.HiveConf: HiveConf of name hive.metastore.client.cache.maxSize does not exist
2024-04-24T10:29:16,567  WARN [JobControl] conf.HiveConf: HiveConf of name hive.llap.io.cache.orc.size does not exist
2024-04-24T10:29:16,567  INFO [JobControl] common.HCatUtil: mapreduce.lib.hcatoutput.hive.conf is set. Applying configuration differences.
2024-04-24T10:29:16,568  INFO [JobControl] HiveMetaStore.audit: ugi=alex	ip=unknown-ip-addr	cmd=get_databases: @hive#NonExistentDatabaseUsedForHealthCheck	
2024-04-24T10:29:16,587  WARN [JobControl] conf.HiveConf: HiveConf of name hive.llap.io.cache.orc.size does not exist
2024-04-24T10:29:16,587  WARN [JobControl] conf.HiveConf: HiveConf of name hive.metastore.metadb.dir does not exist
2024-04-24T10:29:16,587  WARN [JobControl] conf.HiveConf: HiveConf of name hive.llap.io.cache.orc.arena.size does not exist
2024-04-24T10:29:16,587  WARN [JobControl] conf.HiveConf: HiveConf of name hive.dummyparam.test.server.specific.config.override does not exist
2024-04-24T10:29:16,587  WARN [JobControl] conf.HiveConf: HiveConf of name hive.llap.io.cache.orc.alloc.min does not exist
2024-04-24T10:29:16,587  WARN [JobControl] conf.HiveConf: HiveConf of name hive.stats.key.prefix.reserve.length does not exist
2024-04-24T10:29:16,587  WARN [JobControl] conf.HiveConf: HiveConf of name hive.metastore.client.cache.recordStats does not exist
2024-04-24T10:29:16,587  WARN [JobControl] conf.HiveConf: HiveConf of name hive.dummyparam.test.server.specific.config.hivesite does not exist
2024-04-24T10:29:16,587  WARN [JobControl] conf.HiveConf: HiveConf of name hive.llap.io.cache.orc.alloc.max does not exist
2024-04-24T10:29:16,587  WARN [JobControl] conf.HiveConf: HiveConf of name hive.metastore.client.cache.maxSize does not exist
2024-04-24T10:29:16,587  WARN [JobControl] conf.HiveConf: HiveConf of name hive.dummyparam.test.server.specific.config.metastoresite does not exist
2024-04-24T10:29:16,587  INFO [JobControl] common.HCatUtil: mapreduce.lib.hcatoutput.hive.conf is set. Applying configuration differences.
2024-04-24T10:29:16,587  INFO [JobControl] HiveMetaStore.audit: ugi=alex	ip=unknown-ip-addr	cmd=get_databases: @hive#NonExistentDatabaseUsedForHealthCheck	
2024-04-24T10:29:16,603  WARN [JobControl] conf.HiveConf: HiveConf of name hive.llap.io.cache.orc.arena.size does not exist
2024-04-24T10:29:16,603  WARN [JobControl] conf.HiveConf: HiveConf of name hive.metastore.client.cache.recordStats does not exist
2024-04-24T10:29:16,603  WARN [JobControl] conf.HiveConf: HiveConf of name hive.metastore.client.cache.maxSize does not exist
2024-04-24T10:29:16,603  WARN [JobControl] conf.HiveConf: HiveConf of name hive.metastore.metadb.dir does not exist
2024-04-24T10:29:16,603  WARN [JobControl] conf.HiveConf: HiveConf of name hive.dummyparam.test.server.specific.config.hivesite does not exist
2024-04-24T10:29:16,603  WARN [JobControl] conf.HiveConf: HiveConf of name hive.dummyparam.test.server.specific.config.metastoresite does not exist
2024-04-24T10:29:16,603  WARN [JobControl] conf.HiveConf: HiveConf of name hive.llap.io.cache.orc.alloc.min does not exist
2024-04-24T10:29:16,603  WARN [JobControl] conf.HiveConf: HiveConf of name hive.llap.io.cache.orc.size does not exist
2024-04-24T10:29:16,603  WARN [JobControl] conf.HiveConf: HiveConf of name hive.llap.io.cache.orc.alloc.max does not exist
2024-04-24T10:29:16,603  WARN [JobControl] conf.HiveConf: HiveConf of name hive.dummyparam.test.server.specific.config.override does not exist
2024-04-24T10:29:16,603  WARN [JobControl] conf.HiveConf: HiveConf of name hive.stats.key.prefix.reserve.length does not exist
2024-04-24T10:29:16,603  INFO [JobControl] common.HCatUtil: mapreduce.lib.hcatoutput.hive.conf is set. Applying configuration differences.
2024-04-24T10:29:16,604  INFO [JobControl] HiveMetaStore.audit: ugi=alex	ip=unknown-ip-addr	cmd=get_databases: @hive#NonExistentDatabaseUsedForHealthCheck	
2024-04-24T10:29:16,616  WARN [JobControl] mapreduce.JobResourceUploader: Hadoop command-line option parsing not performed. Implement the Tool interface and execute your application with ToolRunner to remedy this.
2024-04-24T10:29:16,620  WARN [JobControl] mapreduce.JobResourceUploader: No job jar file set.  User classes may not be found. See Job or Job#setJar(String).
2024-04-24T10:29:16,622  INFO [JobControl] builtin.PigStorage: Using PigTextInputFormat
2024-04-24T10:29:16,622  INFO [JobControl] input.FileInputFormat: Total input files to process : 1
2024-04-24T10:29:16,623  INFO [JobControl] util.MapRedUtil: Total input paths to process : 1
2024-04-24T10:29:16,623  INFO [JobControl] util.MapRedUtil: Total input paths (combined) to process : 1
2024-04-24T10:29:16,639  INFO [JobControl] mapreduce.JobSubmitter: number of splits:1
2024-04-24T10:29:16,651  INFO [JobControl] mapreduce.JobSubmitter: Submitting tokens for job: job_local1077361957_0075
2024-04-24T10:29:16,651  INFO [JobControl] mapreduce.JobSubmitter: Executing with tokens: []
2024-04-24T10:29:16,704  INFO [JobControl] mapreduce.Job: The url to track the job: http://localhost:8080/
2024-04-24T10:29:16,704  INFO [Thread-4007] mapred.LocalJobRunner: OutputCommitter set in config null
2024-04-24T10:29:16,708  INFO [Thread-4007] output.FileOutputCommitter: File Output Committer Algorithm version is 2
2024-04-24T10:29:16,708  INFO [Thread-4007] output.FileOutputCommitter: FileOutputCommitter skip cleanup _temporary folders under output directory:false, ignore cleanup failures: false
2024-04-24T10:29:16,711  INFO [Thread-4007] output.FileOutputCommitter: File Output Committer Algorithm version is 2
2024-04-24T10:29:16,711  INFO [Thread-4007] output.FileOutputCommitter: FileOutputCommitter skip cleanup _temporary folders under output directory:false, ignore cleanup failures: false
2024-04-24T10:29:16,714  INFO [Thread-4007] output.FileOutputCommitter: File Output Committer Algorithm version is 2
2024-04-24T10:29:16,714  INFO [Thread-4007] output.FileOutputCommitter: FileOutputCommitter skip cleanup _temporary folders under output directory:false, ignore cleanup failures: false
2024-04-24T10:29:16,716  INFO [Thread-4007] output.FileOutputCommitter: File Output Committer Algorithm version is 2
2024-04-24T10:29:16,716  INFO [Thread-4007] output.FileOutputCommitter: FileOutputCommitter skip cleanup _temporary folders under output directory:false, ignore cleanup failures: false
2024-04-24T10:29:16,717  INFO [Thread-4007] mapred.LocalJobRunner: OutputCommitter is org.apache.pig.backend.hadoop.executionengine.mapReduceLayer.PigOutputCommitter
2024-04-24T10:29:16,719  INFO [Thread-4007] output.FileOutputCommitter: File Output Committer Algorithm version is 2
2024-04-24T10:29:16,719  INFO [Thread-4007] output.FileOutputCommitter: FileOutputCommitter skip cleanup _temporary folders under output directory:false, ignore cleanup failures: false
2024-04-24T10:29:16,730  INFO [Thread-4007] output.FileOutputCommitter: File Output Committer Algorithm version is 2
2024-04-24T10:29:16,730  INFO [Thread-4007] output.FileOutputCommitter: FileOutputCommitter skip cleanup _temporary folders under output directory:false, ignore cleanup failures: false
2024-04-24T10:29:16,741  INFO [Thread-4007] output.FileOutputCommitter: File Output Committer Algorithm version is 2
2024-04-24T10:29:16,741  INFO [Thread-4007] output.FileOutputCommitter: FileOutputCommitter skip cleanup _temporary folders under output directory:false, ignore cleanup failures: false
2024-04-24T10:29:16,753  INFO [Thread-4007] output.FileOutputCommitter: File Output Committer Algorithm version is 2
2024-04-24T10:29:16,753  INFO [Thread-4007] output.FileOutputCommitter: FileOutputCommitter skip cleanup _temporary folders under output directory:false, ignore cleanup failures: false
2024-04-24T10:29:16,764  INFO [Thread-4007] mapred.LocalJobRunner: Waiting for map tasks
2024-04-24T10:29:16,764  INFO [LocalJobRunner Map Task Executor #0] mapred.LocalJobRunner: Starting task: attempt_local1077361957_0075_m_000000_0
2024-04-24T10:29:16,770  INFO [LocalJobRunner Map Task Executor #0] output.FileOutputCommitter: File Output Committer Algorithm version is 2
2024-04-24T10:29:16,770  INFO [LocalJobRunner Map Task Executor #0] output.FileOutputCommitter: FileOutputCommitter skip cleanup _temporary folders under output directory:false, ignore cleanup failures: false
2024-04-24T10:29:16,773  INFO [LocalJobRunner Map Task Executor #0] output.FileOutputCommitter: File Output Committer Algorithm version is 2
2024-04-24T10:29:16,773  INFO [LocalJobRunner Map Task Executor #0] output.FileOutputCommitter: FileOutputCommitter skip cleanup _temporary folders under output directory:false, ignore cleanup failures: false
2024-04-24T10:29:16,776  INFO [LocalJobRunner Map Task Executor #0] output.FileOutputCommitter: File Output Committer Algorithm version is 2
2024-04-24T10:29:16,776  INFO [LocalJobRunner Map Task Executor #0] output.FileOutputCommitter: FileOutputCommitter skip cleanup _temporary folders under output directory:false, ignore cleanup failures: false
2024-04-24T10:29:16,779  INFO [LocalJobRunner Map Task Executor #0] output.FileOutputCommitter: File Output Committer Algorithm version is 2
2024-04-24T10:29:16,779  INFO [LocalJobRunner Map Task Executor #0] output.FileOutputCommitter: FileOutputCommitter skip cleanup _temporary folders under output directory:false, ignore cleanup failures: false
2024-04-24T10:29:16,781  INFO [LocalJobRunner Map Task Executor #0] output.FileOutputCommitter: File Output Committer Algorithm version is 2
2024-04-24T10:29:16,781  INFO [LocalJobRunner Map Task Executor #0] output.FileOutputCommitter: FileOutputCommitter skip cleanup _temporary folders under output directory:false, ignore cleanup failures: false
2024-04-24T10:29:16,783  INFO [LocalJobRunner Map Task Executor #0] output.FileOutputCommitter: File Output Committer Algorithm version is 2
2024-04-24T10:29:16,783  INFO [LocalJobRunner Map Task Executor #0] output.FileOutputCommitter: FileOutputCommitter skip cleanup _temporary folders under output directory:false, ignore cleanup failures: false
2024-04-24T10:29:16,785  INFO [LocalJobRunner Map Task Executor #0] output.FileOutputCommitter: File Output Committer Algorithm version is 2
2024-04-24T10:29:16,785  INFO [LocalJobRunner Map Task Executor #0] output.FileOutputCommitter: FileOutputCommitter skip cleanup _temporary folders under output directory:false, ignore cleanup failures: false
2024-04-24T10:29:16,786  INFO [LocalJobRunner Map Task Executor #0] output.FileOutputCommitter: File Output Committer Algorithm version is 2
2024-04-24T10:29:16,786  INFO [LocalJobRunner Map Task Executor #0] output.FileOutputCommitter: FileOutputCommitter skip cleanup _temporary folders under output directory:false, ignore cleanup failures: false
2024-04-24T10:29:16,786  INFO [LocalJobRunner Map Task Executor #0] mapred.Task:  Using ResourceCalculatorProcessTree : [ ]
2024-04-24T10:29:16,787  INFO [LocalJobRunner Map Task Executor #0] mapred.MapTask: Processing split: Number of splits :1
Total Length = 132
Input split[0]:
   Length = 132
   ClassName: org.apache.hadoop.mapreduce.lib.input.FileSplit
   Locations:

-----------------------

2024-04-24T10:29:16,789  INFO [LocalJobRunner Map Task Executor #0] builtin.PigStorage: Using PigTextInputFormat
2024-04-24T10:29:16,789  INFO [LocalJobRunner Map Task Executor #0] mapReduceLayer.PigRecordReader: Current split being processed file:/home/alex/Repositories/hive/hcatalog/hcatalog-pig-adapter/build/test/data/org.apache.hive.hcatalog.mapreduce.HCatBaseTest-1713979684612/input.data:0+132
2024-04-24T10:29:16,790  INFO [LocalJobRunner Map Task Executor #0] util.SpillableMemoryManager: Selected heap (PS Old Gen) of size 1431830528 to monitor. collectionUsageThreshold = 1064828928, usageThreshold = 1064828928
2024-04-24T10:29:16,790  INFO [LocalJobRunner Map Task Executor #0] data.SchemaTupleBackend: Key [pig.schematuple] was not set... will not generate code.
2024-04-24T10:29:16,792  INFO [LocalJobRunner Map Task Executor #0] mapReduceLayer.PigMapOnly$Map: Aliases being processed per job phase (AliasName[line,offset]): M: A[1,4],A[-1,-1],TN[1,306],KA[1,341],KL[1,376],AP[1,411] C:  R: 
2024-04-24T10:29:16,795  INFO [LocalJobRunner Map Task Executor #0] output.FileOutputCommitter: File Output Committer Algorithm version is 2
2024-04-24T10:29:16,795  INFO [LocalJobRunner Map Task Executor #0] output.FileOutputCommitter: FileOutputCommitter skip cleanup _temporary folders under output directory:false, ignore cleanup failures: false
2024-04-24T10:29:16,811  INFO [LocalJobRunner Map Task Executor #0] output.FileOutputCommitter: File Output Committer Algorithm version is 2
2024-04-24T10:29:16,811  INFO [LocalJobRunner Map Task Executor #0] output.FileOutputCommitter: FileOutputCommitter skip cleanup _temporary folders under output directory:false, ignore cleanup failures: false
2024-04-24T10:29:16,824  INFO [LocalJobRunner Map Task Executor #0] output.FileOutputCommitter: File Output Committer Algorithm version is 2
2024-04-24T10:29:16,824  INFO [LocalJobRunner Map Task Executor #0] output.FileOutputCommitter: FileOutputCommitter skip cleanup _temporary folders under output directory:false, ignore cleanup failures: false
2024-04-24T10:29:16,837  INFO [LocalJobRunner Map Task Executor #0] output.FileOutputCommitter: File Output Committer Algorithm version is 2
2024-04-24T10:29:16,837  INFO [LocalJobRunner Map Task Executor #0] output.FileOutputCommitter: FileOutputCommitter skip cleanup _temporary folders under output directory:false, ignore cleanup failures: false
2024-04-24T10:29:16,849  INFO [LocalJobRunner Map Task Executor #0] mapred.LocalJobRunner: 
2024-04-24T10:29:16,849  INFO [LocalJobRunner Map Task Executor #0] mapred.Task: Task:attempt_local1077361957_0075_m_000000_0 is done. And is in the process of committing
2024-04-24T10:29:16,851  INFO [LocalJobRunner Map Task Executor #0] output.FileOutputCommitter: File Output Committer Algorithm version is 2
2024-04-24T10:29:16,851  INFO [LocalJobRunner Map Task Executor #0] output.FileOutputCommitter: FileOutputCommitter skip cleanup _temporary folders under output directory:false, ignore cleanup failures: false
2024-04-24T10:29:16,855  INFO [LocalJobRunner Map Task Executor #0] mapred.LocalJobRunner: 
2024-04-24T10:29:16,855  INFO [LocalJobRunner Map Task Executor #0] mapred.Task: Task attempt_local1077361957_0075_m_000000_0 is allowed to commit now
2024-04-24T10:29:16,856  INFO [LocalJobRunner Map Task Executor #0] output.FileOutputCommitter: File Output Committer Algorithm version is 2
2024-04-24T10:29:16,856  INFO [LocalJobRunner Map Task Executor #0] output.FileOutputCommitter: FileOutputCommitter skip cleanup _temporary folders under output directory:false, ignore cleanup failures: false
2024-04-24T10:29:16,857  INFO [LocalJobRunner Map Task Executor #0] output.FileOutputCommitter: Saved output of task 'attempt_local1077361957_0075_m_000000_0' to file:/home/alex/Repositories/hive/hcatalog/hcatalog-pig-adapter/build/test/data/org.apache.hive.hcatalog.mapreduce.HCatBaseTest-1713979684612/warehouse/employee/_SCRATCH0,5283101581260875/emp_country=IN/emp_state=TN
2024-04-24T10:29:16,858  INFO [LocalJobRunner Map Task Executor #0] output.FileOutputCommitter: File Output Committer Algorithm version is 2
2024-04-24T10:29:16,858  INFO [LocalJobRunner Map Task Executor #0] output.FileOutputCommitter: FileOutputCommitter skip cleanup _temporary folders under output directory:false, ignore cleanup failures: false
2024-04-24T10:29:16,859  INFO [LocalJobRunner Map Task Executor #0] output.FileOutputCommitter: Saved output of task 'attempt_local1077361957_0075_m_000000_0' to file:/home/alex/Repositories/hive/hcatalog/hcatalog-pig-adapter/build/test/data/org.apache.hive.hcatalog.mapreduce.HCatBaseTest-1713979684612/warehouse/employee/_SCRATCH0,5691410103123475/emp_country=IN/emp_state=KA
2024-04-24T10:29:16,860  INFO [LocalJobRunner Map Task Executor #0] output.FileOutputCommitter: File Output Committer Algorithm version is 2
2024-04-24T10:29:16,861  INFO [LocalJobRunner Map Task Executor #0] output.FileOutputCommitter: FileOutputCommitter skip cleanup _temporary folders under output directory:false, ignore cleanup failures: false
2024-04-24T10:29:16,862  INFO [LocalJobRunner Map Task Executor #0] output.FileOutputCommitter: Saved output of task 'attempt_local1077361957_0075_m_000000_0' to file:/home/alex/Repositories/hive/hcatalog/hcatalog-pig-adapter/build/test/data/org.apache.hive.hcatalog.mapreduce.HCatBaseTest-1713979684612/warehouse/employee/_SCRATCH0,06832588860049427/emp_country=IN/emp_state=KL
2024-04-24T10:29:16,863  INFO [LocalJobRunner Map Task Executor #0] output.FileOutputCommitter: File Output Committer Algorithm version is 2
2024-04-24T10:29:16,863  INFO [LocalJobRunner Map Task Executor #0] output.FileOutputCommitter: FileOutputCommitter skip cleanup _temporary folders under output directory:false, ignore cleanup failures: false
2024-04-24T10:29:16,864  INFO [LocalJobRunner Map Task Executor #0] output.FileOutputCommitter: Saved output of task 'attempt_local1077361957_0075_m_000000_0' to file:/home/alex/Repositories/hive/hcatalog/hcatalog-pig-adapter/build/test/data/org.apache.hive.hcatalog.mapreduce.HCatBaseTest-1713979684612/warehouse/employee/_SCRATCH0,7546575959171604/emp_country=IN/emp_state=AP
2024-04-24T10:29:16,864  INFO [LocalJobRunner Map Task Executor #0] mapred.LocalJobRunner: map
2024-04-24T10:29:16,864  INFO [LocalJobRunner Map Task Executor #0] mapred.Task: Task 'attempt_local1077361957_0075_m_000000_0' done.
2024-04-24T10:29:16,865  INFO [LocalJobRunner Map Task Executor #0] mapred.Task: Final Counters for attempt_local1077361957_0075_m_000000_0: Counters: 19
	File System Counters
		FILE: Number of bytes read=92072
		FILE: Number of bytes written=42708116
		FILE: Number of read operations=0
		FILE: Number of large read operations=0
		FILE: Number of write operations=0
	Map-Reduce Framework
		Map input records=4
		Map output records=0
		Input split bytes=480
		Spilled Records=0
		Failed Shuffles=0
		Merged Map outputs=0
		GC time elapsed (ms)=0
		Total committed heap usage (bytes)=923795456
	MultiStoreCounters
		Output records in _0_employee=1
		Output records in _1_employee=1
		Output records in _2_employee=1
		Output records in _3_employee=1
	File Input Format Counters 
		Bytes Read=0
	File Output Format Counters 
		Bytes Written=0
2024-04-24T10:29:16,865  INFO [LocalJobRunner Map Task Executor #0] mapred.LocalJobRunner: Finishing task: attempt_local1077361957_0075_m_000000_0
2024-04-24T10:29:16,865  INFO [Thread-4007] mapred.LocalJobRunner: map task executor complete.
2024-04-24T10:29:16,905  WARN [Thread-4007] conf.HiveConf: HiveConf of name hive.llap.io.cache.orc.size does not exist
2024-04-24T10:29:16,905  WARN [Thread-4007] conf.HiveConf: HiveConf of name hive.llap.io.cache.orc.alloc.min does not exist
2024-04-24T10:29:16,905  WARN [Thread-4007] conf.HiveConf: HiveConf of name hive.metastore.client.cache.recordStats does not exist
2024-04-24T10:29:16,905  WARN [Thread-4007] conf.HiveConf: HiveConf of name hive.dummyparam.test.server.specific.config.hivesite does not exist
2024-04-24T10:29:16,905  WARN [Thread-4007] conf.HiveConf: HiveConf of name hive.metastore.client.cache.maxSize does not exist
2024-04-24T10:29:16,905  WARN [Thread-4007] conf.HiveConf: HiveConf of name hive.dummyparam.test.server.specific.config.metastoresite does not exist
2024-04-24T10:29:16,905  WARN [Thread-4007] conf.HiveConf: HiveConf of name hive.dummyparam.test.server.specific.config.override does not exist
2024-04-24T10:29:16,905  WARN [Thread-4007] conf.HiveConf: HiveConf of name hive.llap.io.cache.orc.arena.size does not exist
2024-04-24T10:29:16,905  WARN [Thread-4007] conf.HiveConf: HiveConf of name hive.stats.key.prefix.reserve.length does not exist
2024-04-24T10:29:16,905  WARN [Thread-4007] conf.HiveConf: HiveConf of name hive.llap.io.cache.orc.alloc.max does not exist
2024-04-24T10:29:16,905  WARN [Thread-4007] conf.HiveConf: HiveConf of name hive.metastore.metadb.dir does not exist
2024-04-24T10:29:16,905  INFO [Thread-4007] common.HCatUtil: mapreduce.lib.hcatoutput.hive.conf is set. Applying configuration differences.
2024-04-24T10:29:16,906  INFO [Thread-4007] metastore.HiveMetaStoreClient: HMS client filtering is enabled.
2024-04-24T10:29:16,907  INFO [Thread-4007] metastore.HMSHandler: 98: Opening raw store with implementation class:org.apache.hadoop.hive.metastore.ObjectStore
2024-04-24T10:29:16,907  INFO [Thread-4007] metastore.PersistenceManagerProvider: Configuration datanucleus.autoStartMechanismMode is not set. Defaulting to 'ignored'
2024-04-24T10:29:16,907  INFO [Thread-4007] metastore.ObjectStore: RawStore: org.apache.hadoop.hive.metastore.ObjectStore@13d09d4d, with PersistenceManager: null will be shutdown
2024-04-24T10:29:16,907  INFO [Thread-4007] metastore.ObjectStore: RawStore: org.apache.hadoop.hive.metastore.ObjectStore@13d09d4d, with PersistenceManager: org.datanucleus.api.jdo.JDOPersistenceManager@22f0e9d0 created in the thread with id: 4268
2024-04-24T10:29:16,908  INFO [Thread-4007] metastore.HMSHandler: Created RawStore: org.apache.hadoop.hive.metastore.ObjectStore@13d09d4d from thread id: 4268
2024-04-24T10:29:16,908  INFO [Thread-4007] metastore.HMSHandler: HMS server filtering is disabled by configuration
2024-04-24T10:29:16,909  INFO [Thread-4007] metastore.RetryingMetaStoreClient: RetryingMetaStoreClient proxy=class org.apache.hive.hcatalog.common.HiveClientCache$CacheableHiveMetaStoreClient ugi=alex (auth:SIMPLE) retries=1 delay=1 lifetime=0
2024-04-24T10:29:16,909  INFO [Thread-4007] HiveMetaStore.audit: ugi=alex	ip=unknown-ip-addr	cmd=Cleaning up thread local RawStore...	
2024-04-24T10:29:16,909  INFO [Thread-4007] metastore.ObjectStore: RawStore: org.apache.hadoop.hive.metastore.ObjectStore@13d09d4d, with PersistenceManager: org.datanucleus.api.jdo.JDOPersistenceManager@22f0e9d0 will be shutdown
2024-04-24T10:29:16,909  INFO [Thread-4007] HiveMetaStore.audit: ugi=alex	ip=unknown-ip-addr	cmd=Done cleaning up thread local RawStore	
2024-04-24T10:29:16,909  INFO [Thread-4007] metastore.HiveMetaStoreClient: Closed a connection to metastore, current connections: -95
2024-04-24T10:29:16,909  INFO [Thread-4007] HiveMetaStore.audit: ugi=alex	ip=unknown-ip-addr	cmd=get_databases: @hive#NonExistentDatabaseUsedForHealthCheck	
2024-04-24T10:29:16,910  INFO [Thread-4007] metastore.HMSHandler: 98: Opening raw store with implementation class:org.apache.hadoop.hive.metastore.ObjectStore
2024-04-24T10:29:16,910  INFO [Thread-4007] metastore.ObjectStore: RawStore: org.apache.hadoop.hive.metastore.ObjectStore@1a1f1ced, with PersistenceManager: null will be shutdown
2024-04-24T10:29:16,911  INFO [Thread-4007] metastore.ObjectStore: RawStore: org.apache.hadoop.hive.metastore.ObjectStore@1a1f1ced, with PersistenceManager: org.datanucleus.api.jdo.JDOPersistenceManager@3395bd3d created in the thread with id: 4268
2024-04-24T10:29:16,912  INFO [Thread-4007] metastore.HMSHandler: Created RawStore: org.apache.hadoop.hive.metastore.ObjectStore@1a1f1ced from thread id: 4268
2024-04-24T10:29:16,953  WARN [Thread-4007] conf.HiveConf: HiveConf of name hive.metastore.client.cache.recordStats does not exist
2024-04-24T10:29:16,953  WARN [Thread-4007] conf.HiveConf: HiveConf of name hive.llap.io.cache.orc.alloc.min does not exist
2024-04-24T10:29:16,953  WARN [Thread-4007] conf.HiveConf: HiveConf of name hive.llap.io.cache.orc.size does not exist
2024-04-24T10:29:16,953  WARN [Thread-4007] conf.HiveConf: HiveConf of name hive.metastore.metadb.dir does not exist
2024-04-24T10:29:16,953  WARN [Thread-4007] conf.HiveConf: HiveConf of name hive.dummyparam.test.server.specific.config.override does not exist
2024-04-24T10:29:16,953  WARN [Thread-4007] conf.HiveConf: HiveConf of name hive.llap.io.cache.orc.arena.size does not exist
2024-04-24T10:29:16,953  WARN [Thread-4007] conf.HiveConf: HiveConf of name hive.dummyparam.test.server.specific.config.hivesite does not exist
2024-04-24T10:29:16,953  WARN [Thread-4007] conf.HiveConf: HiveConf of name hive.stats.key.prefix.reserve.length does not exist
2024-04-24T10:29:16,953  WARN [Thread-4007] conf.HiveConf: HiveConf of name hive.metastore.client.cache.maxSize does not exist
2024-04-24T10:29:16,953  WARN [Thread-4007] conf.HiveConf: HiveConf of name hive.llap.io.cache.orc.alloc.max does not exist
2024-04-24T10:29:16,953  WARN [Thread-4007] conf.HiveConf: HiveConf of name hive.dummyparam.test.server.specific.config.metastoresite does not exist
2024-04-24T10:29:16,953  INFO [Thread-4007] mapreduce.FileOutputCommitterContainer: HAR not is not being used. The table employee has new partitions [{emp_country=IN, emp_state=TN}].
2024-04-24T10:29:16,955  INFO [Thread-4007] HiveMetaStore.audit: ugi=alex	ip=unknown-ip-addr	cmd=get_partition : tbl=hive.default.employee[IN,TN]	
2024-04-24T10:29:16,963  INFO [Thread-4007] HiveMetaStore.audit: ugi=alex	ip=unknown-ip-addr	cmd=add_partition	
2024-04-24T10:29:16,963  INFO [Thread-4007] HiveMetaStore.audit: ugi=alex	ip=unknown-ip-addr	cmd=add_partitions	
2024-04-24T10:29:16,970  INFO [HMSHandler #11] utils.MetaStoreServerUtils: Updating partition stats fast for: employee
2024-04-24T10:29:16,971  INFO [HMSHandler #11] utils.MetaStoreServerUtils: Updated size to 86
2024-04-24T10:29:17,005  INFO [Thread-4007] mapreduce.FileOutputCommitterContainer: Cancelling delegation token for the job.
2024-04-24T10:29:17,028  INFO [main] mapReduceLayer.MapReduceLauncher: HadoopJobId: job_local1077361957_0075
2024-04-24T10:29:17,028  INFO [main] mapReduceLayer.MapReduceLauncher: Processing aliases A,AP,KA,KL,TN
2024-04-24T10:29:17,028  INFO [main] mapReduceLayer.MapReduceLauncher: detailed locations: M: A[1,4],A[-1,-1],TN[1,306],KA[1,341],KL[1,376],AP[1,411] C:  R: 
2024-04-24T10:29:17,029  INFO [main] mapReduceLayer.MapReduceLauncher: 50% complete
2024-04-24T10:29:17,029  INFO [main] mapReduceLayer.MapReduceLauncher: Running jobs are [job_local1077361957_0075]
2024-04-24T10:29:17,039  WARN [Thread-4007] conf.HiveConf: HiveConf of name hive.dummyparam.test.server.specific.config.override does not exist
2024-04-24T10:29:17,039  WARN [Thread-4007] conf.HiveConf: HiveConf of name hive.llap.io.cache.orc.size does not exist
2024-04-24T10:29:17,039  WARN [Thread-4007] conf.HiveConf: HiveConf of name hive.stats.key.prefix.reserve.length does not exist
2024-04-24T10:29:17,039  WARN [Thread-4007] conf.HiveConf: HiveConf of name hive.llap.io.cache.orc.arena.size does not exist
2024-04-24T10:29:17,039  WARN [Thread-4007] conf.HiveConf: HiveConf of name hive.dummyparam.test.server.specific.config.hivesite does not exist
2024-04-24T10:29:17,039  WARN [Thread-4007] conf.HiveConf: HiveConf of name hive.metastore.client.cache.recordStats does not exist
2024-04-24T10:29:17,039  WARN [Thread-4007] conf.HiveConf: HiveConf of name hive.llap.io.cache.orc.alloc.max does not exist
2024-04-24T10:29:17,039  WARN [Thread-4007] conf.HiveConf: HiveConf of name hive.dummyparam.test.server.specific.config.metastoresite does not exist
2024-04-24T10:29:17,039  WARN [Thread-4007] conf.HiveConf: HiveConf of name hive.llap.io.cache.orc.alloc.min does not exist
2024-04-24T10:29:17,040  WARN [Thread-4007] conf.HiveConf: HiveConf of name hive.metastore.metadb.dir does not exist
2024-04-24T10:29:17,040  WARN [Thread-4007] conf.HiveConf: HiveConf of name hive.metastore.client.cache.maxSize does not exist
2024-04-24T10:29:17,040  INFO [Thread-4007] common.HCatUtil: mapreduce.lib.hcatoutput.hive.conf is set. Applying configuration differences.
2024-04-24T10:29:17,040  INFO [Thread-4007] HiveMetaStore.audit: ugi=alex	ip=unknown-ip-addr	cmd=get_databases: @hive#NonExistentDatabaseUsedForHealthCheck	
2024-04-24T10:29:17,041  INFO [Thread-4007] mapreduce.FileOutputCommitterContainer: FileOutputCommitterContainer::cancelDelegationTokens(): Could not find tokenStrForm, or HCAT_KEY_TOKEN_SIGNATURE. Skipping token cancellation.
2024-04-24T10:29:17,081  WARN [Thread-4007] conf.HiveConf: HiveConf of name hive.metastore.metadb.dir does not exist
2024-04-24T10:29:17,081  WARN [Thread-4007] conf.HiveConf: HiveConf of name hive.metastore.client.cache.recordStats does not exist
2024-04-24T10:29:17,081  WARN [Thread-4007] conf.HiveConf: HiveConf of name hive.llap.io.cache.orc.alloc.min does not exist
2024-04-24T10:29:17,081  WARN [Thread-4007] conf.HiveConf: HiveConf of name hive.stats.key.prefix.reserve.length does not exist
2024-04-24T10:29:17,081  WARN [Thread-4007] conf.HiveConf: HiveConf of name hive.dummyparam.test.server.specific.config.hivesite does not exist
2024-04-24T10:29:17,081  WARN [Thread-4007] conf.HiveConf: HiveConf of name hive.llap.io.cache.orc.alloc.max does not exist
2024-04-24T10:29:17,081  WARN [Thread-4007] conf.HiveConf: HiveConf of name hive.dummyparam.test.server.specific.config.override does not exist
2024-04-24T10:29:17,081  WARN [Thread-4007] conf.HiveConf: HiveConf of name hive.dummyparam.test.server.specific.config.metastoresite does not exist
2024-04-24T10:29:17,081  WARN [Thread-4007] conf.HiveConf: HiveConf of name hive.llap.io.cache.orc.size does not exist
2024-04-24T10:29:17,081  WARN [Thread-4007] conf.HiveConf: HiveConf of name hive.metastore.client.cache.maxSize does not exist
2024-04-24T10:29:17,081  WARN [Thread-4007] conf.HiveConf: HiveConf of name hive.llap.io.cache.orc.arena.size does not exist
2024-04-24T10:29:17,081  INFO [Thread-4007] common.HCatUtil: mapreduce.lib.hcatoutput.hive.conf is set. Applying configuration differences.
2024-04-24T10:29:17,082  INFO [Thread-4007] HiveMetaStore.audit: ugi=alex	ip=unknown-ip-addr	cmd=get_databases: @hive#NonExistentDatabaseUsedForHealthCheck	
2024-04-24T10:29:17,090  INFO [Thread-4007] mapreduce.FileOutputCommitterContainer: HAR not is not being used. The table employee has new partitions [{emp_state=KA, emp_country=IN}].
2024-04-24T10:29:17,091  INFO [Thread-4007] HiveMetaStore.audit: ugi=alex	ip=unknown-ip-addr	cmd=get_partition : tbl=hive.default.employee[IN,KA]	
2024-04-24T10:29:17,094  INFO [Thread-4007] HiveMetaStore.audit: ugi=alex	ip=unknown-ip-addr	cmd=add_partition	
2024-04-24T10:29:17,094  INFO [Thread-4007] HiveMetaStore.audit: ugi=alex	ip=unknown-ip-addr	cmd=add_partitions	
2024-04-24T10:29:17,100  INFO [HMSHandler #12] utils.MetaStoreServerUtils: Updating partition stats fast for: employee
2024-04-24T10:29:17,101  INFO [HMSHandler #12] utils.MetaStoreServerUtils: Updated size to 86
2024-04-24T10:29:17,124  INFO [Thread-4007] mapreduce.FileOutputCommitterContainer: Cancelling delegation token for the job.
2024-04-24T10:29:17,158  WARN [Thread-4007] conf.HiveConf: HiveConf of name hive.dummyparam.test.server.specific.config.override does not exist
2024-04-24T10:29:17,158  WARN [Thread-4007] conf.HiveConf: HiveConf of name hive.llap.io.cache.orc.alloc.max does not exist
2024-04-24T10:29:17,158  WARN [Thread-4007] conf.HiveConf: HiveConf of name hive.stats.key.prefix.reserve.length does not exist
2024-04-24T10:29:17,158  WARN [Thread-4007] conf.HiveConf: HiveConf of name hive.dummyparam.test.server.specific.config.metastoresite does not exist
2024-04-24T10:29:17,158  WARN [Thread-4007] conf.HiveConf: HiveConf of name hive.llap.io.cache.orc.alloc.min does not exist
2024-04-24T10:29:17,158  WARN [Thread-4007] conf.HiveConf: HiveConf of name hive.metastore.client.cache.maxSize does not exist
2024-04-24T10:29:17,158  WARN [Thread-4007] conf.HiveConf: HiveConf of name hive.dummyparam.test.server.specific.config.hivesite does not exist
2024-04-24T10:29:17,158  WARN [Thread-4007] conf.HiveConf: HiveConf of name hive.llap.io.cache.orc.arena.size does not exist
2024-04-24T10:29:17,158  WARN [Thread-4007] conf.HiveConf: HiveConf of name hive.metastore.client.cache.recordStats does not exist
2024-04-24T10:29:17,158  WARN [Thread-4007] conf.HiveConf: HiveConf of name hive.metastore.metadb.dir does not exist
2024-04-24T10:29:17,158  WARN [Thread-4007] conf.HiveConf: HiveConf of name hive.llap.io.cache.orc.size does not exist
2024-04-24T10:29:17,158  INFO [Thread-4007] common.HCatUtil: mapreduce.lib.hcatoutput.hive.conf is set. Applying configuration differences.
2024-04-24T10:29:17,159  INFO [Thread-4007] HiveMetaStore.audit: ugi=alex	ip=unknown-ip-addr	cmd=get_databases: @hive#NonExistentDatabaseUsedForHealthCheck	
2024-04-24T10:29:17,160  INFO [Thread-4007] mapreduce.FileOutputCommitterContainer: FileOutputCommitterContainer::cancelDelegationTokens(): Could not find tokenStrForm, or HCAT_KEY_TOKEN_SIGNATURE. Skipping token cancellation.
2024-04-24T10:29:17,199  WARN [Thread-4007] conf.HiveConf: HiveConf of name hive.stats.key.prefix.reserve.length does not exist
2024-04-24T10:29:17,199  WARN [Thread-4007] conf.HiveConf: HiveConf of name hive.llap.io.cache.orc.arena.size does not exist
2024-04-24T10:29:17,199  WARN [Thread-4007] conf.HiveConf: HiveConf of name hive.dummyparam.test.server.specific.config.metastoresite does not exist
2024-04-24T10:29:17,199  WARN [Thread-4007] conf.HiveConf: HiveConf of name hive.llap.io.cache.orc.alloc.max does not exist
2024-04-24T10:29:17,199  WARN [Thread-4007] conf.HiveConf: HiveConf of name hive.metastore.metadb.dir does not exist
2024-04-24T10:29:17,199  WARN [Thread-4007] conf.HiveConf: HiveConf of name hive.llap.io.cache.orc.size does not exist
2024-04-24T10:29:17,199  WARN [Thread-4007] conf.HiveConf: HiveConf of name hive.metastore.client.cache.maxSize does not exist
2024-04-24T10:29:17,199  WARN [Thread-4007] conf.HiveConf: HiveConf of name hive.llap.io.cache.orc.alloc.min does not exist
2024-04-24T10:29:17,199  WARN [Thread-4007] conf.HiveConf: HiveConf of name hive.metastore.client.cache.recordStats does not exist
2024-04-24T10:29:17,199  WARN [Thread-4007] conf.HiveConf: HiveConf of name hive.dummyparam.test.server.specific.config.hivesite does not exist
2024-04-24T10:29:17,199  WARN [Thread-4007] conf.HiveConf: HiveConf of name hive.dummyparam.test.server.specific.config.override does not exist
2024-04-24T10:29:17,200  INFO [Thread-4007] common.HCatUtil: mapreduce.lib.hcatoutput.hive.conf is set. Applying configuration differences.
2024-04-24T10:29:17,200  INFO [Thread-4007] HiveMetaStore.audit: ugi=alex	ip=unknown-ip-addr	cmd=get_databases: @hive#NonExistentDatabaseUsedForHealthCheck	
2024-04-24T10:29:17,208  INFO [Thread-4007] mapreduce.FileOutputCommitterContainer: HAR not is not being used. The table employee has new partitions [{emp_state=KL, emp_country=IN}].
2024-04-24T10:29:17,209  INFO [Thread-4007] HiveMetaStore.audit: ugi=alex	ip=unknown-ip-addr	cmd=get_partition : tbl=hive.default.employee[IN,KL]	
2024-04-24T10:29:17,212  INFO [Thread-4007] HiveMetaStore.audit: ugi=alex	ip=unknown-ip-addr	cmd=add_partition	
2024-04-24T10:29:17,213  INFO [Thread-4007] HiveMetaStore.audit: ugi=alex	ip=unknown-ip-addr	cmd=add_partitions	
2024-04-24T10:29:17,218  INFO [HMSHandler #13] utils.MetaStoreServerUtils: Updating partition stats fast for: employee
2024-04-24T10:29:17,218  INFO [HMSHandler #13] utils.MetaStoreServerUtils: Updated size to 84
2024-04-24T10:29:17,242  INFO [Thread-4007] mapreduce.FileOutputCommitterContainer: Cancelling delegation token for the job.
2024-04-24T10:29:17,276  WARN [Thread-4007] conf.HiveConf: HiveConf of name hive.dummyparam.test.server.specific.config.hivesite does not exist
2024-04-24T10:29:17,276  WARN [Thread-4007] conf.HiveConf: HiveConf of name hive.metastore.metadb.dir does not exist
2024-04-24T10:29:17,276  WARN [Thread-4007] conf.HiveConf: HiveConf of name hive.llap.io.cache.orc.size does not exist
2024-04-24T10:29:17,276  WARN [Thread-4007] conf.HiveConf: HiveConf of name hive.metastore.client.cache.maxSize does not exist
2024-04-24T10:29:17,276  WARN [Thread-4007] conf.HiveConf: HiveConf of name hive.metastore.client.cache.recordStats does not exist
2024-04-24T10:29:17,276  WARN [Thread-4007] conf.HiveConf: HiveConf of name hive.llap.io.cache.orc.alloc.min does not exist
2024-04-24T10:29:17,276  WARN [Thread-4007] conf.HiveConf: HiveConf of name hive.llap.io.cache.orc.alloc.max does not exist
2024-04-24T10:29:17,276  WARN [Thread-4007] conf.HiveConf: HiveConf of name hive.stats.key.prefix.reserve.length does not exist
2024-04-24T10:29:17,276  WARN [Thread-4007] conf.HiveConf: HiveConf of name hive.dummyparam.test.server.specific.config.metastoresite does not exist
2024-04-24T10:29:17,276  WARN [Thread-4007] conf.HiveConf: HiveConf of name hive.dummyparam.test.server.specific.config.override does not exist
2024-04-24T10:29:17,276  WARN [Thread-4007] conf.HiveConf: HiveConf of name hive.llap.io.cache.orc.arena.size does not exist
2024-04-24T10:29:17,276  INFO [Thread-4007] common.HCatUtil: mapreduce.lib.hcatoutput.hive.conf is set. Applying configuration differences.
2024-04-24T10:29:17,277  INFO [Thread-4007] HiveMetaStore.audit: ugi=alex	ip=unknown-ip-addr	cmd=get_databases: @hive#NonExistentDatabaseUsedForHealthCheck	
2024-04-24T10:29:17,278  INFO [Thread-4007] mapreduce.FileOutputCommitterContainer: FileOutputCommitterContainer::cancelDelegationTokens(): Could not find tokenStrForm, or HCAT_KEY_TOKEN_SIGNATURE. Skipping token cancellation.
2024-04-24T10:29:17,317  WARN [Thread-4007] conf.HiveConf: HiveConf of name hive.dummyparam.test.server.specific.config.override does not exist
2024-04-24T10:29:17,317  WARN [Thread-4007] conf.HiveConf: HiveConf of name hive.llap.io.cache.orc.alloc.min does not exist
2024-04-24T10:29:17,317  WARN [Thread-4007] conf.HiveConf: HiveConf of name hive.llap.io.cache.orc.alloc.max does not exist
2024-04-24T10:29:17,317  WARN [Thread-4007] conf.HiveConf: HiveConf of name hive.metastore.metadb.dir does not exist
2024-04-24T10:29:17,317  WARN [Thread-4007] conf.HiveConf: HiveConf of name hive.llap.io.cache.orc.size does not exist
2024-04-24T10:29:17,317  WARN [Thread-4007] conf.HiveConf: HiveConf of name hive.stats.key.prefix.reserve.length does not exist
2024-04-24T10:29:17,317  WARN [Thread-4007] conf.HiveConf: HiveConf of name hive.metastore.client.cache.maxSize does not exist
2024-04-24T10:29:17,317  WARN [Thread-4007] conf.HiveConf: HiveConf of name hive.dummyparam.test.server.specific.config.hivesite does not exist
2024-04-24T10:29:17,317  WARN [Thread-4007] conf.HiveConf: HiveConf of name hive.dummyparam.test.server.specific.config.metastoresite does not exist
2024-04-24T10:29:17,317  WARN [Thread-4007] conf.HiveConf: HiveConf of name hive.llap.io.cache.orc.arena.size does not exist
2024-04-24T10:29:17,317  WARN [Thread-4007] conf.HiveConf: HiveConf of name hive.metastore.client.cache.recordStats does not exist
2024-04-24T10:29:17,318  INFO [Thread-4007] common.HCatUtil: mapreduce.lib.hcatoutput.hive.conf is set. Applying configuration differences.
2024-04-24T10:29:17,318  INFO [Thread-4007] HiveMetaStore.audit: ugi=alex	ip=unknown-ip-addr	cmd=get_databases: @hive#NonExistentDatabaseUsedForHealthCheck	
2024-04-24T10:29:17,326  INFO [Thread-4007] mapreduce.FileOutputCommitterContainer: HAR not is not being used. The table employee has new partitions [{emp_state=AP, emp_country=IN}].
2024-04-24T10:29:17,328  INFO [Thread-4007] HiveMetaStore.audit: ugi=alex	ip=unknown-ip-addr	cmd=get_partition : tbl=hive.default.employee[IN,AP]	
2024-04-24T10:29:17,330  INFO [Thread-4007] HiveMetaStore.audit: ugi=alex	ip=unknown-ip-addr	cmd=add_partition	
2024-04-24T10:29:17,331  INFO [Thread-4007] HiveMetaStore.audit: ugi=alex	ip=unknown-ip-addr	cmd=add_partitions	
2024-04-24T10:29:17,337  INFO [HMSHandler #14] utils.MetaStoreServerUtils: Updating partition stats fast for: employee
2024-04-24T10:29:17,337  INFO [HMSHandler #14] utils.MetaStoreServerUtils: Updated size to 84
2024-04-24T10:29:17,360  INFO [Thread-4007] mapreduce.FileOutputCommitterContainer: Cancelling delegation token for the job.
2024-04-24T10:29:17,393  WARN [Thread-4007] conf.HiveConf: HiveConf of name hive.metastore.client.cache.recordStats does not exist
2024-04-24T10:29:17,393  WARN [Thread-4007] conf.HiveConf: HiveConf of name hive.stats.key.prefix.reserve.length does not exist
2024-04-24T10:29:17,393  WARN [Thread-4007] conf.HiveConf: HiveConf of name hive.llap.io.cache.orc.alloc.min does not exist
2024-04-24T10:29:17,393  WARN [Thread-4007] conf.HiveConf: HiveConf of name hive.llap.io.cache.orc.alloc.max does not exist
2024-04-24T10:29:17,393  WARN [Thread-4007] conf.HiveConf: HiveConf of name hive.metastore.client.cache.maxSize does not exist
2024-04-24T10:29:17,393  WARN [Thread-4007] conf.HiveConf: HiveConf of name hive.dummyparam.test.server.specific.config.hivesite does not exist
2024-04-24T10:29:17,393  WARN [Thread-4007] conf.HiveConf: HiveConf of name hive.dummyparam.test.server.specific.config.override does not exist
2024-04-24T10:29:17,393  WARN [Thread-4007] conf.HiveConf: HiveConf of name hive.llap.io.cache.orc.arena.size does not exist
2024-04-24T10:29:17,393  WARN [Thread-4007] conf.HiveConf: HiveConf of name hive.dummyparam.test.server.specific.config.metastoresite does not exist
2024-04-24T10:29:17,393  WARN [Thread-4007] conf.HiveConf: HiveConf of name hive.llap.io.cache.orc.size does not exist
2024-04-24T10:29:17,393  WARN [Thread-4007] conf.HiveConf: HiveConf of name hive.metastore.metadb.dir does not exist
2024-04-24T10:29:17,393  INFO [Thread-4007] common.HCatUtil: mapreduce.lib.hcatoutput.hive.conf is set. Applying configuration differences.
2024-04-24T10:29:17,394  INFO [Thread-4007] HiveMetaStore.audit: ugi=alex	ip=unknown-ip-addr	cmd=get_databases: @hive#NonExistentDatabaseUsedForHealthCheck	
2024-04-24T10:29:17,395  INFO [Thread-4007] mapreduce.FileOutputCommitterContainer: FileOutputCommitterContainer::cancelDelegationTokens(): Could not find tokenStrForm, or HCAT_KEY_TOKEN_SIGNATURE. Skipping token cancellation.
2024-04-24T10:29:17,511  WARN [main] impl.MetricsSystemImpl: JobTracker metrics system already initialized!
2024-04-24T10:29:17,513  WARN [main] impl.MetricsSystemImpl: JobTracker metrics system already initialized!
2024-04-24T10:29:17,515  WARN [main] impl.MetricsSystemImpl: JobTracker metrics system already initialized!
2024-04-24T10:29:17,527  INFO [main] pigstats.JobStats: using output size reader: org.apache.pig.backend.hadoop.executionengine.mapReduceLayer.FileBasedOutputSizeReader
2024-04-24T10:29:17,527  WARN [main] pigstats.JobStats: unable to find the output file
java.io.FileNotFoundException: File employee does not exist
	at org.apache.hadoop.fs.RawLocalFileSystem.listStatus(RawLocalFileSystem.java:464) ~[hadoop-common-3.1.0.jar:?]
	at org.apache.hadoop.fs.FileSystem.listStatus(FileSystem.java:1919) ~[hadoop-common-3.1.0.jar:?]
	at org.apache.hadoop.fs.FileSystem.listStatus(FileSystem.java:1961) ~[hadoop-common-3.1.0.jar:?]
	at org.apache.hadoop.fs.ChecksumFileSystem.listStatus(ChecksumFileSystem.java:678) ~[hadoop-common-3.1.0.jar:?]
	at org.apache.pig.backend.hadoop.executionengine.mapReduceLayer.FileBasedOutputSizeReader.getOutputSize(FileBasedOutputSizeReader.java:81) ~[pig-0.16.0-h2.jar:?]
	at org.apache.pig.tools.pigstats.JobStats.getOutputSize(JobStats.java:351) [pig-0.16.0-h2.jar:?]
	at org.apache.pig.tools.pigstats.mapreduce.MRJobStats.addOneOutputStats(MRJobStats.java:461) [pig-0.16.0-h2.jar:?]
	at org.apache.pig.tools.pigstats.mapreduce.MRJobStats.addOutputStatistics(MRJobStats.java:443) [pig-0.16.0-h2.jar:?]
	at org.apache.pig.tools.pigstats.mapreduce.MRPigStatsUtil.addSuccessJobStats(MRPigStatsUtil.java:237) [pig-0.16.0-h2.jar:?]
	at org.apache.pig.tools.pigstats.mapreduce.MRPigStatsUtil.accumulateStats(MRPigStatsUtil.java:165) [pig-0.16.0-h2.jar:?]
	at org.apache.pig.backend.hadoop.executionengine.mapReduceLayer.MapReduceLauncher.launchPig(MapReduceLauncher.java:360) [pig-0.16.0-h2.jar:?]
	at org.apache.pig.backend.hadoop.executionengine.HExecutionEngine.launchPig(HExecutionEngine.java:308) [pig-0.16.0-h2.jar:?]
	at org.apache.pig.PigServer.launchPlan(PigServer.java:1474) [pig-0.16.0-h2.jar:?]
	at org.apache.pig.PigServer.executeCompiledLogicalPlan(PigServer.java:1459) [pig-0.16.0-h2.jar:?]
	at org.apache.pig.PigServer.execute(PigServer.java:1448) [pig-0.16.0-h2.jar:?]
	at org.apache.pig.PigServer.executeBatch(PigServer.java:488) [pig-0.16.0-h2.jar:?]
	at org.apache.pig.PigServer.executeBatch(PigServer.java:471) [pig-0.16.0-h2.jar:?]
	at org.apache.hive.hcatalog.pig.AbstractHCatStorerTest.testMultiPartColsInData(AbstractHCatStorerTest.java:478) [test-classes/:?]
	at org.apache.hive.hcatalog.pig.TestHCatStorer.testMultiPartColsInData(TestHCatStorer.java:200) [test-classes/:?]
	at sun.reflect.NativeMethodAccessorImpl.invoke0(Native Method) ~[?:1.8.0_402]
	at sun.reflect.NativeMethodAccessorImpl.invoke(NativeMethodAccessorImpl.java:62) ~[?:1.8.0_402]
	at sun.reflect.DelegatingMethodAccessorImpl.invoke(DelegatingMethodAccessorImpl.java:43) ~[?:1.8.0_402]
	at java.lang.reflect.Method.invoke(Method.java:498) ~[?:1.8.0_402]
	at org.junit.runners.model.FrameworkMethod$1.runReflectiveCall(FrameworkMethod.java:59) [junit-4.13.jar:4.13]
	at org.junit.internal.runners.model.ReflectiveCallable.run(ReflectiveCallable.java:12) [junit-4.13.jar:4.13]
	at org.junit.runners.model.FrameworkMethod.invokeExplosively(FrameworkMethod.java:56) [junit-4.13.jar:4.13]
	at org.junit.internal.runners.statements.InvokeMethod.evaluate(InvokeMethod.java:17) [junit-4.13.jar:4.13]
	at org.junit.internal.runners.statements.RunBefores.evaluate(RunBefores.java:26) [junit-4.13.jar:4.13]
	at org.junit.runners.ParentRunner$3.evaluate(ParentRunner.java:306) [junit-4.13.jar:4.13]
	at org.junit.runners.BlockJUnit4ClassRunner$1.evaluate(BlockJUnit4ClassRunner.java:100) [junit-4.13.jar:4.13]
	at org.junit.runners.ParentRunner.runLeaf(ParentRunner.java:366) [junit-4.13.jar:4.13]
	at org.junit.runners.BlockJUnit4ClassRunner.runChild(BlockJUnit4ClassRunner.java:103) [junit-4.13.jar:4.13]
	at org.junit.runners.BlockJUnit4ClassRunner.runChild(BlockJUnit4ClassRunner.java:63) [junit-4.13.jar:4.13]
	at org.junit.runners.ParentRunner$4.run(ParentRunner.java:331) [junit-4.13.jar:4.13]
	at org.junit.runners.ParentRunner$1.schedule(ParentRunner.java:79) [junit-4.13.jar:4.13]
	at org.junit.runners.ParentRunner.runChildren(ParentRunner.java:329) [junit-4.13.jar:4.13]
	at org.junit.runners.ParentRunner.access$100(ParentRunner.java:66) [junit-4.13.jar:4.13]
	at org.junit.runners.ParentRunner$2.evaluate(ParentRunner.java:293) [junit-4.13.jar:4.13]
	at org.junit.runners.ParentRunner.run(ParentRunner.java:413) [junit-4.13.jar:4.13]
	at org.junit.runners.Suite.runChild(Suite.java:128) [junit-4.13.jar:4.13]
	at org.junit.runners.Suite.runChild(Suite.java:27) [junit-4.13.jar:4.13]
	at org.junit.runners.ParentRunner$4.run(ParentRunner.java:331) [junit-4.13.jar:4.13]
	at org.junit.runners.ParentRunner$1.schedule(ParentRunner.java:79) [junit-4.13.jar:4.13]
	at org.junit.runners.ParentRunner.runChildren(ParentRunner.java:329) [junit-4.13.jar:4.13]
	at org.junit.runners.ParentRunner.access$100(ParentRunner.java:66) [junit-4.13.jar:4.13]
	at org.junit.runners.ParentRunner$2.evaluate(ParentRunner.java:293) [junit-4.13.jar:4.13]
	at org.junit.internal.runners.statements.RunBefores.evaluate(RunBefores.java:26) [junit-4.13.jar:4.13]
	at org.junit.runners.ParentRunner$3.evaluate(ParentRunner.java:306) [junit-4.13.jar:4.13]
	at org.junit.runners.ParentRunner.run(ParentRunner.java:413) [junit-4.13.jar:4.13]
	at org.junit.runners.Suite.runChild(Suite.java:128) [junit-4.13.jar:4.13]
	at org.junit.runners.Suite.runChild(Suite.java:27) [junit-4.13.jar:4.13]
	at org.junit.runners.ParentRunner$4.run(ParentRunner.java:331) [junit-4.13.jar:4.13]
	at org.junit.runners.ParentRunner$1.schedule(ParentRunner.java:79) [junit-4.13.jar:4.13]
	at org.junit.runners.ParentRunner.runChildren(ParentRunner.java:329) [junit-4.13.jar:4.13]
	at org.junit.runners.ParentRunner.access$100(ParentRunner.java:66) [junit-4.13.jar:4.13]
	at org.junit.runners.ParentRunner$2.evaluate(ParentRunner.java:293) [junit-4.13.jar:4.13]
	at org.junit.runners.ParentRunner$3.evaluate(ParentRunner.java:306) [junit-4.13.jar:4.13]
	at org.junit.runners.ParentRunner.run(ParentRunner.java:413) [junit-4.13.jar:4.13]
	at org.apache.maven.surefire.junitcore.JUnitCore.run(JUnitCore.java:55) [surefire-junit47-3.0.0-M4.jar:3.0.0-M4]
	at org.apache.maven.surefire.junitcore.JUnitCoreWrapper.createRequestAndRun(JUnitCoreWrapper.java:137) [surefire-junit47-3.0.0-M4.jar:3.0.0-M4]
	at org.apache.maven.surefire.junitcore.JUnitCoreWrapper.executeEager(JUnitCoreWrapper.java:107) [surefire-junit47-3.0.0-M4.jar:3.0.0-M4]
	at org.apache.maven.surefire.junitcore.JUnitCoreWrapper.execute(JUnitCoreWrapper.java:83) [surefire-junit47-3.0.0-M4.jar:3.0.0-M4]
	at org.apache.maven.surefire.junitcore.JUnitCoreWrapper.execute(JUnitCoreWrapper.java:75) [surefire-junit47-3.0.0-M4.jar:3.0.0-M4]
	at org.apache.maven.surefire.junitcore.JUnitCoreProvider.invoke(JUnitCoreProvider.java:158) [surefire-junit47-3.0.0-M4.jar:3.0.0-M4]
	at org.apache.maven.surefire.booter.ForkedBooter.runSuitesInProcess(ForkedBooter.java:377) [surefire-booter-3.0.0-M4.jar:3.0.0-M4]
	at org.apache.maven.surefire.booter.ForkedBooter.execute(ForkedBooter.java:138) [surefire-booter-3.0.0-M4.jar:3.0.0-M4]
	at org.apache.maven.surefire.booter.ForkedBooter.run(ForkedBooter.java:465) [surefire-booter-3.0.0-M4.jar:3.0.0-M4]
	at org.apache.maven.surefire.booter.ForkedBooter.main(ForkedBooter.java:451) [surefire-booter-3.0.0-M4.jar:3.0.0-M4]
2024-04-24T10:29:17,527  INFO [main] pigstats.JobStats: using output size reader: org.apache.pig.backend.hadoop.executionengine.mapReduceLayer.FileBasedOutputSizeReader
2024-04-24T10:29:17,527  WARN [main] pigstats.JobStats: unable to find the output file
java.io.FileNotFoundException: File employee does not exist
	at org.apache.hadoop.fs.RawLocalFileSystem.listStatus(RawLocalFileSystem.java:464) ~[hadoop-common-3.1.0.jar:?]
	at org.apache.hadoop.fs.FileSystem.listStatus(FileSystem.java:1919) ~[hadoop-common-3.1.0.jar:?]
	at org.apache.hadoop.fs.FileSystem.listStatus(FileSystem.java:1961) ~[hadoop-common-3.1.0.jar:?]
	at org.apache.hadoop.fs.ChecksumFileSystem.listStatus(ChecksumFileSystem.java:678) ~[hadoop-common-3.1.0.jar:?]
	at org.apache.pig.backend.hadoop.executionengine.mapReduceLayer.FileBasedOutputSizeReader.getOutputSize(FileBasedOutputSizeReader.java:81) ~[pig-0.16.0-h2.jar:?]
	at org.apache.pig.tools.pigstats.JobStats.getOutputSize(JobStats.java:351) [pig-0.16.0-h2.jar:?]
	at org.apache.pig.tools.pigstats.mapreduce.MRJobStats.addOneOutputStats(MRJobStats.java:461) [pig-0.16.0-h2.jar:?]
	at org.apache.pig.tools.pigstats.mapreduce.MRJobStats.addOutputStatistics(MRJobStats.java:443) [pig-0.16.0-h2.jar:?]
	at org.apache.pig.tools.pigstats.mapreduce.MRPigStatsUtil.addSuccessJobStats(MRPigStatsUtil.java:237) [pig-0.16.0-h2.jar:?]
	at org.apache.pig.tools.pigstats.mapreduce.MRPigStatsUtil.accumulateStats(MRPigStatsUtil.java:165) [pig-0.16.0-h2.jar:?]
	at org.apache.pig.backend.hadoop.executionengine.mapReduceLayer.MapReduceLauncher.launchPig(MapReduceLauncher.java:360) [pig-0.16.0-h2.jar:?]
	at org.apache.pig.backend.hadoop.executionengine.HExecutionEngine.launchPig(HExecutionEngine.java:308) [pig-0.16.0-h2.jar:?]
	at org.apache.pig.PigServer.launchPlan(PigServer.java:1474) [pig-0.16.0-h2.jar:?]
	at org.apache.pig.PigServer.executeCompiledLogicalPlan(PigServer.java:1459) [pig-0.16.0-h2.jar:?]
	at org.apache.pig.PigServer.execute(PigServer.java:1448) [pig-0.16.0-h2.jar:?]
	at org.apache.pig.PigServer.executeBatch(PigServer.java:488) [pig-0.16.0-h2.jar:?]
	at org.apache.pig.PigServer.executeBatch(PigServer.java:471) [pig-0.16.0-h2.jar:?]
	at org.apache.hive.hcatalog.pig.AbstractHCatStorerTest.testMultiPartColsInData(AbstractHCatStorerTest.java:478) [test-classes/:?]
	at org.apache.hive.hcatalog.pig.TestHCatStorer.testMultiPartColsInData(TestHCatStorer.java:200) [test-classes/:?]
	at sun.reflect.NativeMethodAccessorImpl.invoke0(Native Method) ~[?:1.8.0_402]
	at sun.reflect.NativeMethodAccessorImpl.invoke(NativeMethodAccessorImpl.java:62) ~[?:1.8.0_402]
	at sun.reflect.DelegatingMethodAccessorImpl.invoke(DelegatingMethodAccessorImpl.java:43) ~[?:1.8.0_402]
	at java.lang.reflect.Method.invoke(Method.java:498) ~[?:1.8.0_402]
	at org.junit.runners.model.FrameworkMethod$1.runReflectiveCall(FrameworkMethod.java:59) [junit-4.13.jar:4.13]
	at org.junit.internal.runners.model.ReflectiveCallable.run(ReflectiveCallable.java:12) [junit-4.13.jar:4.13]
	at org.junit.runners.model.FrameworkMethod.invokeExplosively(FrameworkMethod.java:56) [junit-4.13.jar:4.13]
	at org.junit.internal.runners.statements.InvokeMethod.evaluate(InvokeMethod.java:17) [junit-4.13.jar:4.13]
	at org.junit.internal.runners.statements.RunBefores.evaluate(RunBefores.java:26) [junit-4.13.jar:4.13]
	at org.junit.runners.ParentRunner$3.evaluate(ParentRunner.java:306) [junit-4.13.jar:4.13]
	at org.junit.runners.BlockJUnit4ClassRunner$1.evaluate(BlockJUnit4ClassRunner.java:100) [junit-4.13.jar:4.13]
	at org.junit.runners.ParentRunner.runLeaf(ParentRunner.java:366) [junit-4.13.jar:4.13]
	at org.junit.runners.BlockJUnit4ClassRunner.runChild(BlockJUnit4ClassRunner.java:103) [junit-4.13.jar:4.13]
	at org.junit.runners.BlockJUnit4ClassRunner.runChild(BlockJUnit4ClassRunner.java:63) [junit-4.13.jar:4.13]
	at org.junit.runners.ParentRunner$4.run(ParentRunner.java:331) [junit-4.13.jar:4.13]
	at org.junit.runners.ParentRunner$1.schedule(ParentRunner.java:79) [junit-4.13.jar:4.13]
	at org.junit.runners.ParentRunner.runChildren(ParentRunner.java:329) [junit-4.13.jar:4.13]
	at org.junit.runners.ParentRunner.access$100(ParentRunner.java:66) [junit-4.13.jar:4.13]
	at org.junit.runners.ParentRunner$2.evaluate(ParentRunner.java:293) [junit-4.13.jar:4.13]
	at org.junit.runners.ParentRunner.run(ParentRunner.java:413) [junit-4.13.jar:4.13]
	at org.junit.runners.Suite.runChild(Suite.java:128) [junit-4.13.jar:4.13]
	at org.junit.runners.Suite.runChild(Suite.java:27) [junit-4.13.jar:4.13]
	at org.junit.runners.ParentRunner$4.run(ParentRunner.java:331) [junit-4.13.jar:4.13]
	at org.junit.runners.ParentRunner$1.schedule(ParentRunner.java:79) [junit-4.13.jar:4.13]
	at org.junit.runners.ParentRunner.runChildren(ParentRunner.java:329) [junit-4.13.jar:4.13]
	at org.junit.runners.ParentRunner.access$100(ParentRunner.java:66) [junit-4.13.jar:4.13]
	at org.junit.runners.ParentRunner$2.evaluate(ParentRunner.java:293) [junit-4.13.jar:4.13]
	at org.junit.internal.runners.statements.RunBefores.evaluate(RunBefores.java:26) [junit-4.13.jar:4.13]
	at org.junit.runners.ParentRunner$3.evaluate(ParentRunner.java:306) [junit-4.13.jar:4.13]
	at org.junit.runners.ParentRunner.run(ParentRunner.java:413) [junit-4.13.jar:4.13]
	at org.junit.runners.Suite.runChild(Suite.java:128) [junit-4.13.jar:4.13]
	at org.junit.runners.Suite.runChild(Suite.java:27) [junit-4.13.jar:4.13]
	at org.junit.runners.ParentRunner$4.run(ParentRunner.java:331) [junit-4.13.jar:4.13]
	at org.junit.runners.ParentRunner$1.schedule(ParentRunner.java:79) [junit-4.13.jar:4.13]
	at org.junit.runners.ParentRunner.runChildren(ParentRunner.java:329) [junit-4.13.jar:4.13]
	at org.junit.runners.ParentRunner.access$100(ParentRunner.java:66) [junit-4.13.jar:4.13]
	at org.junit.runners.ParentRunner$2.evaluate(ParentRunner.java:293) [junit-4.13.jar:4.13]
	at org.junit.runners.ParentRunner$3.evaluate(ParentRunner.java:306) [junit-4.13.jar:4.13]
	at org.junit.runners.ParentRunner.run(ParentRunner.java:413) [junit-4.13.jar:4.13]
	at org.apache.maven.surefire.junitcore.JUnitCore.run(JUnitCore.java:55) [surefire-junit47-3.0.0-M4.jar:3.0.0-M4]
	at org.apache.maven.surefire.junitcore.JUnitCoreWrapper.createRequestAndRun(JUnitCoreWrapper.java:137) [surefire-junit47-3.0.0-M4.jar:3.0.0-M4]
	at org.apache.maven.surefire.junitcore.JUnitCoreWrapper.executeEager(JUnitCoreWrapper.java:107) [surefire-junit47-3.0.0-M4.jar:3.0.0-M4]
	at org.apache.maven.surefire.junitcore.JUnitCoreWrapper.execute(JUnitCoreWrapper.java:83) [surefire-junit47-3.0.0-M4.jar:3.0.0-M4]
	at org.apache.maven.surefire.junitcore.JUnitCoreWrapper.execute(JUnitCoreWrapper.java:75) [surefire-junit47-3.0.0-M4.jar:3.0.0-M4]
	at org.apache.maven.surefire.junitcore.JUnitCoreProvider.invoke(JUnitCoreProvider.java:158) [surefire-junit47-3.0.0-M4.jar:3.0.0-M4]
	at org.apache.maven.surefire.booter.ForkedBooter.runSuitesInProcess(ForkedBooter.java:377) [surefire-booter-3.0.0-M4.jar:3.0.0-M4]
	at org.apache.maven.surefire.booter.ForkedBooter.execute(ForkedBooter.java:138) [surefire-booter-3.0.0-M4.jar:3.0.0-M4]
	at org.apache.maven.surefire.booter.ForkedBooter.run(ForkedBooter.java:465) [surefire-booter-3.0.0-M4.jar:3.0.0-M4]
	at org.apache.maven.surefire.booter.ForkedBooter.main(ForkedBooter.java:451) [surefire-booter-3.0.0-M4.jar:3.0.0-M4]
2024-04-24T10:29:17,528  INFO [main] pigstats.JobStats: using output size reader: org.apache.pig.backend.hadoop.executionengine.mapReduceLayer.FileBasedOutputSizeReader
2024-04-24T10:29:17,528  WARN [main] pigstats.JobStats: unable to find the output file
java.io.FileNotFoundException: File employee does not exist
	at org.apache.hadoop.fs.RawLocalFileSystem.listStatus(RawLocalFileSystem.java:464) ~[hadoop-common-3.1.0.jar:?]
	at org.apache.hadoop.fs.FileSystem.listStatus(FileSystem.java:1919) ~[hadoop-common-3.1.0.jar:?]
	at org.apache.hadoop.fs.FileSystem.listStatus(FileSystem.java:1961) ~[hadoop-common-3.1.0.jar:?]
	at org.apache.hadoop.fs.ChecksumFileSystem.listStatus(ChecksumFileSystem.java:678) ~[hadoop-common-3.1.0.jar:?]
	at org.apache.pig.backend.hadoop.executionengine.mapReduceLayer.FileBasedOutputSizeReader.getOutputSize(FileBasedOutputSizeReader.java:81) ~[pig-0.16.0-h2.jar:?]
	at org.apache.pig.tools.pigstats.JobStats.getOutputSize(JobStats.java:351) [pig-0.16.0-h2.jar:?]
	at org.apache.pig.tools.pigstats.mapreduce.MRJobStats.addOneOutputStats(MRJobStats.java:461) [pig-0.16.0-h2.jar:?]
	at org.apache.pig.tools.pigstats.mapreduce.MRJobStats.addOutputStatistics(MRJobStats.java:443) [pig-0.16.0-h2.jar:?]
	at org.apache.pig.tools.pigstats.mapreduce.MRPigStatsUtil.addSuccessJobStats(MRPigStatsUtil.java:237) [pig-0.16.0-h2.jar:?]
	at org.apache.pig.tools.pigstats.mapreduce.MRPigStatsUtil.accumulateStats(MRPigStatsUtil.java:165) [pig-0.16.0-h2.jar:?]
	at org.apache.pig.backend.hadoop.executionengine.mapReduceLayer.MapReduceLauncher.launchPig(MapReduceLauncher.java:360) [pig-0.16.0-h2.jar:?]
	at org.apache.pig.backend.hadoop.executionengine.HExecutionEngine.launchPig(HExecutionEngine.java:308) [pig-0.16.0-h2.jar:?]
	at org.apache.pig.PigServer.launchPlan(PigServer.java:1474) [pig-0.16.0-h2.jar:?]
	at org.apache.pig.PigServer.executeCompiledLogicalPlan(PigServer.java:1459) [pig-0.16.0-h2.jar:?]
	at org.apache.pig.PigServer.execute(PigServer.java:1448) [pig-0.16.0-h2.jar:?]
	at org.apache.pig.PigServer.executeBatch(PigServer.java:488) [pig-0.16.0-h2.jar:?]
	at org.apache.pig.PigServer.executeBatch(PigServer.java:471) [pig-0.16.0-h2.jar:?]
	at org.apache.hive.hcatalog.pig.AbstractHCatStorerTest.testMultiPartColsInData(AbstractHCatStorerTest.java:478) [test-classes/:?]
	at org.apache.hive.hcatalog.pig.TestHCatStorer.testMultiPartColsInData(TestHCatStorer.java:200) [test-classes/:?]
	at sun.reflect.NativeMethodAccessorImpl.invoke0(Native Method) ~[?:1.8.0_402]
	at sun.reflect.NativeMethodAccessorImpl.invoke(NativeMethodAccessorImpl.java:62) ~[?:1.8.0_402]
	at sun.reflect.DelegatingMethodAccessorImpl.invoke(DelegatingMethodAccessorImpl.java:43) ~[?:1.8.0_402]
	at java.lang.reflect.Method.invoke(Method.java:498) ~[?:1.8.0_402]
	at org.junit.runners.model.FrameworkMethod$1.runReflectiveCall(FrameworkMethod.java:59) [junit-4.13.jar:4.13]
	at org.junit.internal.runners.model.ReflectiveCallable.run(ReflectiveCallable.java:12) [junit-4.13.jar:4.13]
	at org.junit.runners.model.FrameworkMethod.invokeExplosively(FrameworkMethod.java:56) [junit-4.13.jar:4.13]
	at org.junit.internal.runners.statements.InvokeMethod.evaluate(InvokeMethod.java:17) [junit-4.13.jar:4.13]
	at org.junit.internal.runners.statements.RunBefores.evaluate(RunBefores.java:26) [junit-4.13.jar:4.13]
	at org.junit.runners.ParentRunner$3.evaluate(ParentRunner.java:306) [junit-4.13.jar:4.13]
	at org.junit.runners.BlockJUnit4ClassRunner$1.evaluate(BlockJUnit4ClassRunner.java:100) [junit-4.13.jar:4.13]
	at org.junit.runners.ParentRunner.runLeaf(ParentRunner.java:366) [junit-4.13.jar:4.13]
	at org.junit.runners.BlockJUnit4ClassRunner.runChild(BlockJUnit4ClassRunner.java:103) [junit-4.13.jar:4.13]
	at org.junit.runners.BlockJUnit4ClassRunner.runChild(BlockJUnit4ClassRunner.java:63) [junit-4.13.jar:4.13]
	at org.junit.runners.ParentRunner$4.run(ParentRunner.java:331) [junit-4.13.jar:4.13]
	at org.junit.runners.ParentRunner$1.schedule(ParentRunner.java:79) [junit-4.13.jar:4.13]
	at org.junit.runners.ParentRunner.runChildren(ParentRunner.java:329) [junit-4.13.jar:4.13]
	at org.junit.runners.ParentRunner.access$100(ParentRunner.java:66) [junit-4.13.jar:4.13]
	at org.junit.runners.ParentRunner$2.evaluate(ParentRunner.java:293) [junit-4.13.jar:4.13]
	at org.junit.runners.ParentRunner.run(ParentRunner.java:413) [junit-4.13.jar:4.13]
	at org.junit.runners.Suite.runChild(Suite.java:128) [junit-4.13.jar:4.13]
	at org.junit.runners.Suite.runChild(Suite.java:27) [junit-4.13.jar:4.13]
	at org.junit.runners.ParentRunner$4.run(ParentRunner.java:331) [junit-4.13.jar:4.13]
	at org.junit.runners.ParentRunner$1.schedule(ParentRunner.java:79) [junit-4.13.jar:4.13]
	at org.junit.runners.ParentRunner.runChildren(ParentRunner.java:329) [junit-4.13.jar:4.13]
	at org.junit.runners.ParentRunner.access$100(ParentRunner.java:66) [junit-4.13.jar:4.13]
	at org.junit.runners.ParentRunner$2.evaluate(ParentRunner.java:293) [junit-4.13.jar:4.13]
	at org.junit.internal.runners.statements.RunBefores.evaluate(RunBefores.java:26) [junit-4.13.jar:4.13]
	at org.junit.runners.ParentRunner$3.evaluate(ParentRunner.java:306) [junit-4.13.jar:4.13]
	at org.junit.runners.ParentRunner.run(ParentRunner.java:413) [junit-4.13.jar:4.13]
	at org.junit.runners.Suite.runChild(Suite.java:128) [junit-4.13.jar:4.13]
	at org.junit.runners.Suite.runChild(Suite.java:27) [junit-4.13.jar:4.13]
	at org.junit.runners.ParentRunner$4.run(ParentRunner.java:331) [junit-4.13.jar:4.13]
	at org.junit.runners.ParentRunner$1.schedule(ParentRunner.java:79) [junit-4.13.jar:4.13]
	at org.junit.runners.ParentRunner.runChildren(ParentRunner.java:329) [junit-4.13.jar:4.13]
	at org.junit.runners.ParentRunner.access$100(ParentRunner.java:66) [junit-4.13.jar:4.13]
	at org.junit.runners.ParentRunner$2.evaluate(ParentRunner.java:293) [junit-4.13.jar:4.13]
	at org.junit.runners.ParentRunner$3.evaluate(ParentRunner.java:306) [junit-4.13.jar:4.13]
	at org.junit.runners.ParentRunner.run(ParentRunner.java:413) [junit-4.13.jar:4.13]
	at org.apache.maven.surefire.junitcore.JUnitCore.run(JUnitCore.java:55) [surefire-junit47-3.0.0-M4.jar:3.0.0-M4]
	at org.apache.maven.surefire.junitcore.JUnitCoreWrapper.createRequestAndRun(JUnitCoreWrapper.java:137) [surefire-junit47-3.0.0-M4.jar:3.0.0-M4]
	at org.apache.maven.surefire.junitcore.JUnitCoreWrapper.executeEager(JUnitCoreWrapper.java:107) [surefire-junit47-3.0.0-M4.jar:3.0.0-M4]
	at org.apache.maven.surefire.junitcore.JUnitCoreWrapper.execute(JUnitCoreWrapper.java:83) [surefire-junit47-3.0.0-M4.jar:3.0.0-M4]
	at org.apache.maven.surefire.junitcore.JUnitCoreWrapper.execute(JUnitCoreWrapper.java:75) [surefire-junit47-3.0.0-M4.jar:3.0.0-M4]
	at org.apache.maven.surefire.junitcore.JUnitCoreProvider.invoke(JUnitCoreProvider.java:158) [surefire-junit47-3.0.0-M4.jar:3.0.0-M4]
	at org.apache.maven.surefire.booter.ForkedBooter.runSuitesInProcess(ForkedBooter.java:377) [surefire-booter-3.0.0-M4.jar:3.0.0-M4]
	at org.apache.maven.surefire.booter.ForkedBooter.execute(ForkedBooter.java:138) [surefire-booter-3.0.0-M4.jar:3.0.0-M4]
	at org.apache.maven.surefire.booter.ForkedBooter.run(ForkedBooter.java:465) [surefire-booter-3.0.0-M4.jar:3.0.0-M4]
	at org.apache.maven.surefire.booter.ForkedBooter.main(ForkedBooter.java:451) [surefire-booter-3.0.0-M4.jar:3.0.0-M4]
2024-04-24T10:29:17,528  INFO [main] pigstats.JobStats: using output size reader: org.apache.pig.backend.hadoop.executionengine.mapReduceLayer.FileBasedOutputSizeReader
2024-04-24T10:29:17,528  WARN [main] pigstats.JobStats: unable to find the output file
java.io.FileNotFoundException: File employee does not exist
	at org.apache.hadoop.fs.RawLocalFileSystem.listStatus(RawLocalFileSystem.java:464) ~[hadoop-common-3.1.0.jar:?]
	at org.apache.hadoop.fs.FileSystem.listStatus(FileSystem.java:1919) ~[hadoop-common-3.1.0.jar:?]
	at org.apache.hadoop.fs.FileSystem.listStatus(FileSystem.java:1961) ~[hadoop-common-3.1.0.jar:?]
	at org.apache.hadoop.fs.ChecksumFileSystem.listStatus(ChecksumFileSystem.java:678) ~[hadoop-common-3.1.0.jar:?]
	at org.apache.pig.backend.hadoop.executionengine.mapReduceLayer.FileBasedOutputSizeReader.getOutputSize(FileBasedOutputSizeReader.java:81) ~[pig-0.16.0-h2.jar:?]
	at org.apache.pig.tools.pigstats.JobStats.getOutputSize(JobStats.java:351) [pig-0.16.0-h2.jar:?]
	at org.apache.pig.tools.pigstats.mapreduce.MRJobStats.addOneOutputStats(MRJobStats.java:461) [pig-0.16.0-h2.jar:?]
	at org.apache.pig.tools.pigstats.mapreduce.MRJobStats.addOutputStatistics(MRJobStats.java:443) [pig-0.16.0-h2.jar:?]
	at org.apache.pig.tools.pigstats.mapreduce.MRPigStatsUtil.addSuccessJobStats(MRPigStatsUtil.java:237) [pig-0.16.0-h2.jar:?]
	at org.apache.pig.tools.pigstats.mapreduce.MRPigStatsUtil.accumulateStats(MRPigStatsUtil.java:165) [pig-0.16.0-h2.jar:?]
	at org.apache.pig.backend.hadoop.executionengine.mapReduceLayer.MapReduceLauncher.launchPig(MapReduceLauncher.java:360) [pig-0.16.0-h2.jar:?]
	at org.apache.pig.backend.hadoop.executionengine.HExecutionEngine.launchPig(HExecutionEngine.java:308) [pig-0.16.0-h2.jar:?]
	at org.apache.pig.PigServer.launchPlan(PigServer.java:1474) [pig-0.16.0-h2.jar:?]
	at org.apache.pig.PigServer.executeCompiledLogicalPlan(PigServer.java:1459) [pig-0.16.0-h2.jar:?]
	at org.apache.pig.PigServer.execute(PigServer.java:1448) [pig-0.16.0-h2.jar:?]
	at org.apache.pig.PigServer.executeBatch(PigServer.java:488) [pig-0.16.0-h2.jar:?]
	at org.apache.pig.PigServer.executeBatch(PigServer.java:471) [pig-0.16.0-h2.jar:?]
	at org.apache.hive.hcatalog.pig.AbstractHCatStorerTest.testMultiPartColsInData(AbstractHCatStorerTest.java:478) [test-classes/:?]
	at org.apache.hive.hcatalog.pig.TestHCatStorer.testMultiPartColsInData(TestHCatStorer.java:200) [test-classes/:?]
	at sun.reflect.NativeMethodAccessorImpl.invoke0(Native Method) ~[?:1.8.0_402]
	at sun.reflect.NativeMethodAccessorImpl.invoke(NativeMethodAccessorImpl.java:62) ~[?:1.8.0_402]
	at sun.reflect.DelegatingMethodAccessorImpl.invoke(DelegatingMethodAccessorImpl.java:43) ~[?:1.8.0_402]
	at java.lang.reflect.Method.invoke(Method.java:498) ~[?:1.8.0_402]
	at org.junit.runners.model.FrameworkMethod$1.runReflectiveCall(FrameworkMethod.java:59) [junit-4.13.jar:4.13]
	at org.junit.internal.runners.model.ReflectiveCallable.run(ReflectiveCallable.java:12) [junit-4.13.jar:4.13]
	at org.junit.runners.model.FrameworkMethod.invokeExplosively(FrameworkMethod.java:56) [junit-4.13.jar:4.13]
	at org.junit.internal.runners.statements.InvokeMethod.evaluate(InvokeMethod.java:17) [junit-4.13.jar:4.13]
	at org.junit.internal.runners.statements.RunBefores.evaluate(RunBefores.java:26) [junit-4.13.jar:4.13]
	at org.junit.runners.ParentRunner$3.evaluate(ParentRunner.java:306) [junit-4.13.jar:4.13]
	at org.junit.runners.BlockJUnit4ClassRunner$1.evaluate(BlockJUnit4ClassRunner.java:100) [junit-4.13.jar:4.13]
	at org.junit.runners.ParentRunner.runLeaf(ParentRunner.java:366) [junit-4.13.jar:4.13]
	at org.junit.runners.BlockJUnit4ClassRunner.runChild(BlockJUnit4ClassRunner.java:103) [junit-4.13.jar:4.13]
	at org.junit.runners.BlockJUnit4ClassRunner.runChild(BlockJUnit4ClassRunner.java:63) [junit-4.13.jar:4.13]
	at org.junit.runners.ParentRunner$4.run(ParentRunner.java:331) [junit-4.13.jar:4.13]
	at org.junit.runners.ParentRunner$1.schedule(ParentRunner.java:79) [junit-4.13.jar:4.13]
	at org.junit.runners.ParentRunner.runChildren(ParentRunner.java:329) [junit-4.13.jar:4.13]
	at org.junit.runners.ParentRunner.access$100(ParentRunner.java:66) [junit-4.13.jar:4.13]
	at org.junit.runners.ParentRunner$2.evaluate(ParentRunner.java:293) [junit-4.13.jar:4.13]
	at org.junit.runners.ParentRunner.run(ParentRunner.java:413) [junit-4.13.jar:4.13]
	at org.junit.runners.Suite.runChild(Suite.java:128) [junit-4.13.jar:4.13]
	at org.junit.runners.Suite.runChild(Suite.java:27) [junit-4.13.jar:4.13]
	at org.junit.runners.ParentRunner$4.run(ParentRunner.java:331) [junit-4.13.jar:4.13]
	at org.junit.runners.ParentRunner$1.schedule(ParentRunner.java:79) [junit-4.13.jar:4.13]
	at org.junit.runners.ParentRunner.runChildren(ParentRunner.java:329) [junit-4.13.jar:4.13]
	at org.junit.runners.ParentRunner.access$100(ParentRunner.java:66) [junit-4.13.jar:4.13]
	at org.junit.runners.ParentRunner$2.evaluate(ParentRunner.java:293) [junit-4.13.jar:4.13]
	at org.junit.internal.runners.statements.RunBefores.evaluate(RunBefores.java:26) [junit-4.13.jar:4.13]
	at org.junit.runners.ParentRunner$3.evaluate(ParentRunner.java:306) [junit-4.13.jar:4.13]
	at org.junit.runners.ParentRunner.run(ParentRunner.java:413) [junit-4.13.jar:4.13]
	at org.junit.runners.Suite.runChild(Suite.java:128) [junit-4.13.jar:4.13]
	at org.junit.runners.Suite.runChild(Suite.java:27) [junit-4.13.jar:4.13]
	at org.junit.runners.ParentRunner$4.run(ParentRunner.java:331) [junit-4.13.jar:4.13]
	at org.junit.runners.ParentRunner$1.schedule(ParentRunner.java:79) [junit-4.13.jar:4.13]
	at org.junit.runners.ParentRunner.runChildren(ParentRunner.java:329) [junit-4.13.jar:4.13]
	at org.junit.runners.ParentRunner.access$100(ParentRunner.java:66) [junit-4.13.jar:4.13]
	at org.junit.runners.ParentRunner$2.evaluate(ParentRunner.java:293) [junit-4.13.jar:4.13]
	at org.junit.runners.ParentRunner$3.evaluate(ParentRunner.java:306) [junit-4.13.jar:4.13]
	at org.junit.runners.ParentRunner.run(ParentRunner.java:413) [junit-4.13.jar:4.13]
	at org.apache.maven.surefire.junitcore.JUnitCore.run(JUnitCore.java:55) [surefire-junit47-3.0.0-M4.jar:3.0.0-M4]
	at org.apache.maven.surefire.junitcore.JUnitCoreWrapper.createRequestAndRun(JUnitCoreWrapper.java:137) [surefire-junit47-3.0.0-M4.jar:3.0.0-M4]
	at org.apache.maven.surefire.junitcore.JUnitCoreWrapper.executeEager(JUnitCoreWrapper.java:107) [surefire-junit47-3.0.0-M4.jar:3.0.0-M4]
	at org.apache.maven.surefire.junitcore.JUnitCoreWrapper.execute(JUnitCoreWrapper.java:83) [surefire-junit47-3.0.0-M4.jar:3.0.0-M4]
	at org.apache.maven.surefire.junitcore.JUnitCoreWrapper.execute(JUnitCoreWrapper.java:75) [surefire-junit47-3.0.0-M4.jar:3.0.0-M4]
	at org.apache.maven.surefire.junitcore.JUnitCoreProvider.invoke(JUnitCoreProvider.java:158) [surefire-junit47-3.0.0-M4.jar:3.0.0-M4]
	at org.apache.maven.surefire.booter.ForkedBooter.runSuitesInProcess(ForkedBooter.java:377) [surefire-booter-3.0.0-M4.jar:3.0.0-M4]
	at org.apache.maven.surefire.booter.ForkedBooter.execute(ForkedBooter.java:138) [surefire-booter-3.0.0-M4.jar:3.0.0-M4]
	at org.apache.maven.surefire.booter.ForkedBooter.run(ForkedBooter.java:465) [surefire-booter-3.0.0-M4.jar:3.0.0-M4]
	at org.apache.maven.surefire.booter.ForkedBooter.main(ForkedBooter.java:451) [surefire-booter-3.0.0-M4.jar:3.0.0-M4]
2024-04-24T10:29:17,528  INFO [main] mapReduceLayer.MapReduceLauncher: 100% complete
2024-04-24T10:29:17,529  INFO [main] mapreduce.SimplePigStats: Script Statistics: 

HadoopVersion	PigVersion	UserId	StartedAt	FinishedAt	Features
3.1.0	0.16.0	alex	2024-04-24 10:29:16	2024-04-24 10:29:17	FILTER

Success!

Job Stats (time in seconds):
JobId	Maps	Reduces	MaxMapTime	MinMapTime	AvgMapTime	MedianMapTime	MaxReduceTime	MinReduceTime	AvgReduceTime	MedianReducetime	Alias	Feature	Outputs
job_local1077361957_0075	1	0	n/a	n/a	n/a	n/a	0	0	0	0	A,AP,KA,KL,TN	MULTI_QUERY,MAP_ONLY	employee,employee,employee,employee,

Input(s):
Successfully read 4 records from: "/home/alex/Repositories/hive/hcatalog/hcatalog-pig-adapter/build/test/data/org.apache.hive.hcatalog.mapreduce.HCatBaseTest-1713979684612/input.data"

Output(s):
Successfully stored 1 records in: "employee"
Successfully stored 1 records in: "employee"
Successfully stored 1 records in: "employee"
Successfully stored 1 records in: "employee"

Counters:
Total records written : 4
Total bytes written : 0
Spillable Memory Manager spill count : 0
Total bags proactively spilled: 0
Total records proactively spilled: 0

Job DAG:
job_local1077361957_0075


2024-04-24T10:29:17,531  WARN [main] impl.MetricsSystemImpl: JobTracker metrics system already initialized!
2024-04-24T10:29:17,533  WARN [main] impl.MetricsSystemImpl: JobTracker metrics system already initialized!
2024-04-24T10:29:17,534  INFO [main] mapReduceLayer.MapReduceLauncher: Success!
2024-04-24T10:29:17,535  INFO [main] ql.Driver: Compiling command(queryId=alex_20240424102916_a33b9352-a44a-4221-8296-76f1f001218a): select * from employee
2024-04-24T10:29:17,536  INFO [main] parse.CalcitePlanner: Starting caching scope for: alex_20240424102916_a33b9352-a44a-4221-8296-76f1f001218a
2024-04-24T10:29:17,536  INFO [main] parse.CalcitePlanner: Starting Semantic Analysis
2024-04-24T10:29:17,536  INFO [main] parse.CalcitePlanner: Completed phase 1 of Semantic Analysis
2024-04-24T10:29:17,536  INFO [main] parse.CalcitePlanner: Get metadata for source tables
2024-04-24T10:29:17,536  INFO [main] HiveMetaStore.audit: ugi=alex	ip=unknown-ip-addr	cmd=get_table : tbl=hive.default.employee	
2024-04-24T10:29:17,544  INFO [main] metastore.HMSHandler: Skipping translation for processor with null
2024-04-24T10:29:17,544  INFO [main] parse.CalcitePlanner: Get metadata for subqueries
2024-04-24T10:29:17,544  INFO [main] parse.CalcitePlanner: Get metadata for destination tables
2024-04-24T10:29:17,544  INFO [main] parse.CalcitePlanner: Completed getting MetaData in Semantic Analysis
2024-04-24T10:29:17,554  INFO [main] HiveMetaStore.audit: ugi=alex	ip=unknown-ip-addr	cmd=get_all_table_constraints : tbl=hive.default.employee	
2024-04-24T10:29:17,562  INFO [main] calcite.RelOptHiveTable: Calculating column statistics for default.employee, projIndxSet: [0, 1, 2, 3, 4, 5], allowMissingStats: true
2024-04-24T10:29:17,562  INFO [main] HiveMetaStore.audit: ugi=alex	ip=unknown-ip-addr	cmd=get_partitions : tbl=hive.default.employee	
2024-04-24T10:29:17,595  INFO [main] HiveMetaStore.audit: ugi=alex	ip=unknown-ip-addr	cmd=get_aggr_stats_for: table=hive.default.employee	
2024-04-24T10:29:17,618  WARN [main] calcite.RelOptHiveTable: No Stats for default@employee, Columns: emp_gender, emp_name, emp_id, emp_start_date
No Stats for default@employee, Columns: emp_gender, emp_name, emp_id, emp_start_date
2024-04-24T10:29:17,618  INFO [main] SessionState: No Stats for default@employee, Columns: emp_gender, emp_name, emp_id, emp_start_date
2024-04-24T10:29:17,669  INFO [main] parse.CalcitePlanner: Get metadata for source tables
2024-04-24T10:29:17,670  INFO [main] parse.CalcitePlanner: Get metadata for subqueries
2024-04-24T10:29:17,670  INFO [main] parse.CalcitePlanner: Get metadata for destination tables
2024-04-24T10:29:17,671  INFO [main] common.FileUtils: Creating directory if it doesn't exist: file:/home/alex/Repositories/hive/hcatalog/hcatalog-pig-adapter/target/tmp/localscratchdir/ed01c33b-78d6-4842-9dbe-b747b045c60a/hive_2024-04-24_10-29-17_535_7554704933567742734-1/-mr-10001/.hive-staging_hive_2024-04-24_10-29-17_535_7554704933567742734-1
2024-04-24T10:29:17,677  INFO [main] parse.CalcitePlanner: CBO Succeeded; optimized logical plan.
2024-04-24T10:29:17,679  INFO [main] optimizer.BucketVersionPopulator: not considering bucketingVersion for: TS[0] because it has -1<2 buckets 
2024-04-24T10:29:17,680  INFO [main] parse.CalcitePlanner: Completed plan generation
2024-04-24T10:29:17,680  INFO [main] parse.CalcitePlanner: Ending caching scope for: alex_20240424102916_a33b9352-a44a-4221-8296-76f1f001218a
2024-04-24T10:29:17,681  INFO [main] ql.Driver: Semantic Analysis Completed (retrial = false)
2024-04-24T10:29:17,681  INFO [main] ql.Driver: Created Hive schema: Schema(fieldSchemas:[FieldSchema(name:employee.emp_id, type:int, comment:null), FieldSchema(name:employee.emp_name, type:string, comment:null), FieldSchema(name:employee.emp_start_date, type:string, comment:null), FieldSchema(name:employee.emp_gender, type:string, comment:null), FieldSchema(name:employee.emp_country, type:string, comment:null), FieldSchema(name:employee.emp_state, type:string, comment:null)], properties:null)
2024-04-24T10:29:17,682  INFO [main] exec.TableScanOperator: Initializing Operator: TS[0]
2024-04-24T10:29:17,682  INFO [main] exec.SelectOperator: Initializing Operator: SEL[1]
2024-04-24T10:29:17,682  INFO [main] exec.SelectOperator: SELECT struct<emp_id:int,emp_name:string,emp_start_date:string,emp_gender:string,emp_country:string,emp_state:string>
2024-04-24T10:29:17,682  INFO [main] exec.ListSinkOperator: Initializing Operator: LIST_SINK[3]
2024-04-24T10:29:17,683  INFO [main] metadata.Hive: Dumping metastore api call timing information for : compilation phase
2024-04-24T10:29:17,683  INFO [main] metadata.Hive: Total time spent in each metastore function (ms): {flushCache_()=0, getAllTableConstraints_(AllTableConstraintsRequest)=5, getTable_(GetTableRequest)=8, getAggrColStatsFor_(String, String, List, List, String, String)=22, isCompatibleWith_(Configuration)=0, listPartitions_(String, String, short)=32}
2024-04-24T10:29:17,683  INFO [main] ql.Driver: Completed compiling command(queryId=alex_20240424102916_a33b9352-a44a-4221-8296-76f1f001218a); Time taken: 0.148 seconds
2024-04-24T10:29:17,683  INFO [main] reexec.ReExecDriver: Execution #1 of query
2024-04-24T10:29:17,683  INFO [main] ql.Driver: Concurrency mode is disabled, not creating a lock manager
2024-04-24T10:29:17,683  INFO [main] ql.Driver: Executing command(queryId=alex_20240424102916_a33b9352-a44a-4221-8296-76f1f001218a): select * from employee
2024-04-24T10:29:17,684  INFO [main] metadata.Hive: Dumping metastore api call timing information for : execution phase
2024-04-24T10:29:17,684  INFO [main] metadata.Hive: Total time spent in each metastore function (ms): {}
2024-04-24T10:29:17,684  INFO [main] ql.Driver: Completed executing command(queryId=alex_20240424102916_a33b9352-a44a-4221-8296-76f1f001218a); Time taken: 0.001 seconds
2024-04-24T10:29:17,687  INFO [main] mapred.FileInputFormat: Total input files to process : 1
2024-04-24T10:29:17,691  INFO [main] mapred.FileInputFormat: Total input files to process : 1
2024-04-24T10:29:17,695  INFO [main] mapred.FileInputFormat: Total input files to process : 1
2024-04-24T10:29:17,699  INFO [main] mapred.FileInputFormat: Total input files to process : 1
2024-04-24T10:29:17,699  INFO [main] exec.TableScanOperator: Closing Operator: TS[0]
2024-04-24T10:29:17,699  INFO [main] exec.TableScanOperator: RECORDS_OUT_INTERMEDIATE:0, RECORDS_OUT_OPERATOR_TS_0:4, 
2024-04-24T10:29:17,699  INFO [main] exec.SelectOperator: Closing Operator: SEL[1]
2024-04-24T10:29:17,700  INFO [main] exec.SelectOperator: RECORDS_OUT_OPERATOR_SEL_1:4, RECORDS_OUT_INTERMEDIATE:0, 
2024-04-24T10:29:17,700  INFO [main] exec.ListSinkOperator: Closing Operator: LIST_SINK[3]
2024-04-24T10:29:17,700  INFO [main] exec.ListSinkOperator: RECORDS_OUT_OPERATOR_LIST_SINK_3:4, RECORDS_OUT_INTERMEDIATE:0, 
2024-04-24T10:29:17,700  INFO [main] HiveMetaStore.audit: ugi=alex	ip=unknown-ip-addr	cmd=get_table : tbl=hive.default.employee	
2024-04-24T10:29:17,710  INFO [main] metastore.HMSHandler: Skipping translation for processor with null
]]></system-err>
  </testcase>
  <testcase name="testStaticPartitioningMultiPartColsNoData[6]" classname="org.apache.hive.hcatalog.pig.TestHCatStorer" time="1.223"/>
  <testcase name="testStoreMultiTables[6]" classname="org.apache.hive.hcatalog.pig.TestHCatStorer" time="1.421"/>
  <testcase name="testStoreWithNoSchema[6]" classname="org.apache.hive.hcatalog.pig.TestHCatStorer" time="0.843"/>
  <testcase name="testNoAlias[6]" classname="org.apache.hive.hcatalog.pig.TestHCatStorer" time="0.275"/>
  <testcase name="testWriteTimestamp[6]" classname="org.apache.hive.hcatalog.pig.TestHCatStorer" time="3.693"/>
  <testcase name="testWriteDecimalXY[6]" classname="org.apache.hive.hcatalog.pig.TestHCatStorer" time="4.226"/>
  <testcase name="testStoreFuncSimple[6]" classname="org.apache.hive.hcatalog.pig.TestHCatStorer" time="0.875"/>
</testsuite>