<?xml version="1.0" encoding="UTF-8"?>
<testsuite xmlns:xsi="http://www.w3.org/2001/XMLSchema-instance" xsi:noNamespaceSchemaLocation="https://maven.apache.org/surefire/maven-surefire-plugin/xsd/surefire-test-report-3.0.xsd" version="3.0" name="org.apache.nifi.processors.hive.TestPutHiveStreaming" time="1.393" tests="35" errors="0" skipped="0" failures="0">
  <properties>
    <property name="sun.desktop" value="gnome"/>
    <property name="awt.toolkit" value="sun.awt.X11.XToolkit"/>
    <property name="file.encoding.pkg" value="sun.io"/>
    <property name="java.specification.version" value="1.8"/>
    <property name="sun.cpu.isalist" value=""/>
    <property name="sun.jnu.encoding" value="UTF-8"/>
    <property name="java.class.path" value="/home/alex/Repositories/nifi/nifi-nar-bundles/nifi-hive-bundle/nifi-hive-processors/target/test-classes:/home/alex/Repositories/nifi/nifi-nar-bundles/nifi-hive-bundle/nifi-hive-processors/target/classes:/home/alex/Repositories/nifi/nifi-api/target/classes:/home/alex/Repositories/nifi/nifi-nar-bundles/nifi-extension-utils/nifi-processor-utils/target/classes:/home/alex/Repositories/nifi/nifi-commons/nifi-utils/target/classes:/home/alex/Repositories/nifi/nifi-commons/nifi-security-socket-ssl/target/classes:/home/alex/.m2/repository/commons-io/commons-io/2.10.0/commons-io-2.10.0.jar:/home/alex/.m2/repository/org/apache/commons/commons-lang3/3.11/commons-lang3-3.11.jar:/home/alex/.m2/repository/com/fasterxml/jackson/core/jackson-databind/2.12.3/jackson-databind-2.12.3.jar:/home/alex/.m2/repository/com/fasterxml/jackson/core/jackson-annotations/2.12.3/jackson-annotations-2.12.3.jar:/home/alex/.m2/repository/com/fasterxml/jackson/core/jackson-core/2.12.3/jackson-core-2.12.3.jar:/home/alex/Repositories/nifi/nifi-nar-bundles/nifi-standard-services/nifi-record-serialization-service-api/target/classes:/home/alex/Repositories/nifi/nifi-commons/nifi-record/target/classes:/home/alex/Repositories/nifi/nifi-nar-bundles/nifi-extension-utils/nifi-event-transport/target/classes:/home/alex/.m2/repository/io/netty/netty-handler/4.1.69.Final/netty-handler-4.1.69.Final.jar:/home/alex/.m2/repository/io/netty/netty-common/4.1.69.Final/netty-common-4.1.69.Final.jar:/home/alex/.m2/repository/io/netty/netty-resolver/4.1.69.Final/netty-resolver-4.1.69.Final.jar:/home/alex/.m2/repository/io/netty/netty-buffer/4.1.69.Final/netty-buffer-4.1.69.Final.jar:/home/alex/.m2/repository/io/netty/netty-transport/4.1.69.Final/netty-transport-4.1.69.Final.jar:/home/alex/.m2/repository/io/netty/netty-codec/4.1.69.Final/netty-codec-4.1.69.Final.jar:/home/alex/Repositories/nifi/nifi-commons/nifi-security-kerberos/target/classes:/home/alex/Repositories/nifi/nifi-commons/nifi-security-kerberos-api/target/classes:/home/alex/Repositories/nifi/nifi-nar-bundles/nifi-standard-services/nifi-dbcp-service-api/target/classes:/home/alex/Repositories/nifi/nifi-nar-bundles/nifi-hive-bundle/nifi-hive-services-api/target/classes:/home/alex/Repositories/nifi/nifi-nar-bundles/nifi-standard-services/nifi-kerberos-credentials-service-api/target/classes:/home/alex/.m2/repository/org/apache/hive/hive-jdbc/1.2.1/hive-jdbc-1.2.1.jar:/home/alex/.m2/repository/org/apache/hive/hive-common/1.2.1/hive-common-1.2.1.jar:/home/alex/.m2/repository/commons-cli/commons-cli/1.2/commons-cli-1.2.jar:/home/alex/.m2/repository/commons-lang/commons-lang/2.6/commons-lang-2.6.jar:/home/alex/.m2/repository/joda-time/joda-time/2.5/joda-time-2.5.jar:/home/alex/.m2/repository/org/apache/commons/commons-compress/1.21/commons-compress-1.21.jar:/home/alex/.m2/repository/org/apache/ant/ant/1.9.1/ant-1.9.1.jar:/home/alex/.m2/repository/org/apache/ant/ant-launcher/1.9.1/ant-launcher-1.9.1.jar:/home/alex/.m2/repository/org/apache/hive/hive-service/1.2.1/hive-service-1.2.1.jar:/home/alex/.m2/repository/commons-codec/commons-codec/1.4/commons-codec-1.4.jar:/home/alex/.m2/repository/net/sf/jpam/jpam/1.1/jpam-1.1.jar:/home/alex/.m2/repository/org/eclipse/jetty/aggregate/jetty-all/7.6.0.v20120127/jetty-all-7.6.0.v20120127.jar:/home/alex/.m2/repository/javax/servlet/servlet-api/2.5/servlet-api-2.5.jar:/home/alex/.m2/repository/org/apache/geronimo/specs/geronimo-jta_1.1_spec/1.1.1/geronimo-jta_1.1_spec-1.1.1.jar:/home/alex/.m2/repository/javax/mail/mail/1.4.1/mail-1.4.1.jar:/home/alex/.m2/repository/javax/activation/activation/1.1/activation-1.1.jar:/home/alex/.m2/repository/org/apache/geronimo/specs/geronimo-jaspic_1.0_spec/1.0/geronimo-jaspic_1.0_spec-1.0.jar:/home/alex/.m2/repository/org/apache/geronimo/specs/geronimo-annotation_1.0_spec/1.1.1/geronimo-annotation_1.0_spec-1.1.1.jar:/home/alex/.m2/repository/asm/asm-commons/3.1/asm-commons-3.1.jar:/home/alex/.m2/repository/asm/asm-tree/3.1/asm-tree-3.1.jar:/home/alex/.m2/repository/asm/asm/3.1/asm-3.1.jar:/home/alex/.m2/repository/org/apache/thrift/libfb303/0.9.2/libfb303-0.9.2.jar:/home/alex/.m2/repository/org/apache/curator/curator-recipes/2.6.0/curator-recipes-2.6.0.jar:/home/alex/.m2/repository/org/apache/hive/hive-serde/1.2.1/hive-serde-1.2.1.jar:/home/alex/.m2/repository/com/google/code/findbugs/jsr305/3.0.0/jsr305-3.0.0.jar:/home/alex/.m2/repository/org/apache/avro/avro/1.7.5/avro-1.7.5.jar:/home/alex/.m2/repository/com/thoughtworks/paranamer/paranamer/2.3/paranamer-2.3.jar:/home/alex/.m2/repository/org/xerial/snappy/snappy-java/1.0.5/snappy-java-1.0.5.jar:/home/alex/.m2/repository/net/sf/opencsv/opencsv/2.3/opencsv-2.3.jar:/home/alex/.m2/repository/com/twitter/parquet-hadoop-bundle/1.6.0/parquet-hadoop-bundle-1.6.0.jar:/home/alex/.m2/repository/org/apache/hive/hive-metastore/1.2.1/hive-metastore-1.2.1.jar:/home/alex/.m2/repository/com/jolbox/bonecp/0.8.0.RELEASE/bonecp-0.8.0.RELEASE.jar:/home/alex/.m2/repository/org/apache/derby/derby/10.14.2.0/derby-10.14.2.0.jar:/home/alex/.m2/repository/org/datanucleus/datanucleus-api-jdo/3.2.6/datanucleus-api-jdo-3.2.6.jar:/home/alex/.m2/repository/org/datanucleus/datanucleus-core/3.2.10/datanucleus-core-3.2.10.jar:/home/alex/.m2/repository/org/datanucleus/datanucleus-rdbms/3.2.9/datanucleus-rdbms-3.2.9.jar:/home/alex/.m2/repository/commons-pool/commons-pool/1.5.4/commons-pool-1.5.4.jar:/home/alex/.m2/repository/commons-dbcp/commons-dbcp/1.4/commons-dbcp-1.4.jar:/home/alex/.m2/repository/javax/jdo/jdo-api/3.0.1/jdo-api-3.0.1.jar:/home/alex/.m2/repository/javax/transaction/jta/1.1/jta-1.1.jar:/home/alex/.m2/repository/org/antlr/antlr-runtime/3.4/antlr-runtime-3.4.jar:/home/alex/.m2/repository/org/antlr/stringtemplate/3.2.1/stringtemplate-3.2.1.jar:/home/alex/.m2/repository/antlr/antlr/2.7.7/antlr-2.7.7.jar:/home/alex/.m2/repository/org/apache/hive/hive-shims/1.2.1/hive-shims-1.2.1.jar:/home/alex/.m2/repository/org/apache/hive/shims/hive-shims-common/1.2.1/hive-shims-common-1.2.1.jar:/home/alex/.m2/repository/org/apache/hive/shims/hive-shims-0.20S/1.2.1/hive-shims-0.20S-1.2.1.jar:/home/alex/.m2/repository/org/apache/hive/shims/hive-shims-0.23/1.2.1/hive-shims-0.23-1.2.1.jar:/home/alex/.m2/repository/org/apache/hadoop/hadoop-yarn-server-resourcemanager/2.6.0/hadoop-yarn-server-resourcemanager-2.6.0.jar:/home/alex/.m2/repository/com/google/inject/extensions/guice-servlet/3.0/guice-servlet-3.0.jar:/home/alex/.m2/repository/com/google/inject/guice/3.0/guice-3.0.jar:/home/alex/.m2/repository/javax/inject/javax.inject/1/javax.inject-1.jar:/home/alex/.m2/repository/aopalliance/aopalliance/1.0/aopalliance-1.0.jar:/home/alex/.m2/repository/com/sun/jersey/jersey-json/1.9/jersey-json-1.9.jar:/home/alex/.m2/repository/com/sun/xml/bind/jaxb-impl/2.2.3-1/jaxb-impl-2.2.3-1.jar:/home/alex/.m2/repository/com/sun/jersey/contribs/jersey-guice/1.9/jersey-guice-1.9.jar:/home/alex/.m2/repository/com/sun/jersey/jersey-server/1.9/jersey-server-1.9.jar:/home/alex/.m2/repository/org/codehaus/jettison/jettison/1.1/jettison-1.1.jar:/home/alex/.m2/repository/org/apache/hadoop/hadoop-yarn-server-applicationhistoryservice/2.6.0/hadoop-yarn-server-applicationhistoryservice-2.6.0.jar:/home/alex/.m2/repository/org/apache/hadoop/hadoop-yarn-server-web-proxy/2.6.0/hadoop-yarn-server-web-proxy-2.6.0.jar:/home/alex/.m2/repository/org/mortbay/jetty/jetty/6.1.26/jetty-6.1.26.jar:/home/alex/.m2/repository/org/apache/hive/shims/hive-shims-scheduler/1.2.1/hive-shims-scheduler-1.2.1.jar:/home/alex/.m2/repository/commons-logging/commons-logging/1.1.3/commons-logging-1.1.3.jar:/home/alex/.m2/repository/org/apache/httpcomponents/httpclient/4.4/httpclient-4.4.jar:/home/alex/.m2/repository/org/apache/httpcomponents/httpcore/4.4/httpcore-4.4.jar:/home/alex/.m2/repository/org/apache/thrift/libthrift/0.9.2/libthrift-0.9.2.jar:/home/alex/.m2/repository/org/apache/zookeeper/zookeeper/3.4.14/zookeeper-3.4.14.jar:/home/alex/.m2/repository/com/github/spotbugs/spotbugs-annotations/3.1.9/spotbugs-annotations-3.1.9.jar:/home/alex/.m2/repository/jline/jline/0.9.94/jline-0.9.94.jar:/home/alex/.m2/repository/org/apache/yetus/audience-annotations/0.5.0/audience-annotations-0.5.0.jar:/home/alex/.m2/repository/io/netty/netty/3.10.6.Final/netty-3.10.6.Final.jar:/home/alex/.m2/repository/org/apache/curator/curator-framework/2.6.0/curator-framework-2.6.0.jar:/home/alex/.m2/repository/org/apache/curator/curator-client/2.6.0/curator-client-2.6.0.jar:/home/alex/.m2/repository/org/slf4j/slf4j-api/1.7.32/slf4j-api-1.7.32.jar:/home/alex/.m2/repository/org/apache/hive/hcatalog/hive-hcatalog-streaming/1.2.1/hive-hcatalog-streaming-1.2.1.jar:/home/alex/.m2/repository/org/apache/hive/hive-exec/1.2.1/hive-exec-1.2.1.jar:/home/alex/.m2/repository/org/apache/hive/hive-ant/1.2.1/hive-ant-1.2.1.jar:/home/alex/.m2/repository/org/apache/velocity/velocity/1.5/velocity-1.5.jar:/home/alex/.m2/repository/oro/oro/2.0.8/oro-2.0.8.jar:/home/alex/.m2/repository/commons-httpclient/commons-httpclient/3.0.1/commons-httpclient-3.0.1.jar:/home/alex/.m2/repository/org/antlr/ST4/4.0.4/ST4-4.0.4.jar:/home/alex/.m2/repository/org/apache/ivy/ivy/2.4.0/ivy-2.4.0.jar:/home/alex/.m2/repository/org/apache/calcite/calcite-core/1.27.0/calcite-core-1.27.0.jar:/home/alex/.m2/repository/org/apache/calcite/calcite-linq4j/1.27.0/calcite-linq4j-1.27.0.jar:/home/alex/.m2/repository/com/esri/geometry/esri-geometry-api/2.2.0/esri-geometry-api-2.2.0.jar:/home/alex/.m2/repository/com/google/errorprone/error_prone_annotations/2.5.1/error_prone_annotations-2.5.1.jar:/home/alex/.m2/repository/org/apache/calcite/avatica/avatica-core/1.18.0/avatica-core-1.18.0.jar:/home/alex/.m2/repository/org/apache/calcite/avatica/avatica-metrics/1.18.0/avatica-metrics-1.18.0.jar:/home/alex/.m2/repository/org/checkerframework/checker-qual/3.10.0/checker-qual-3.10.0.jar:/home/alex/.m2/repository/com/fasterxml/jackson/dataformat/jackson-dataformat-yaml/2.10.0/jackson-dataformat-yaml-2.10.0.jar:/home/alex/.m2/repository/org/yaml/snakeyaml/1.29/snakeyaml-1.29.jar:/home/alex/.m2/repository/com/google/uzaygezen/uzaygezen-core/0.2/uzaygezen-core-0.2.jar:/home/alex/.m2/repository/com/yahoo/datasketches/sketches-core/0.9.0/sketches-core-0.9.0.jar:/home/alex/.m2/repository/com/yahoo/datasketches/memory/0.9.0/memory-0.9.0.jar:/home/alex/.m2/repository/net/hydromatic/aggdesigner-algorithm/6.0/aggdesigner-algorithm-6.0.jar:/home/alex/.m2/repository/org/codehaus/janino/commons-compiler/3.0.11/commons-compiler-3.0.11.jar:/home/alex/.m2/repository/org/codehaus/janino/janino/3.0.11/janino-3.0.11.jar:/home/alex/.m2/repository/org/apache/calcite/calcite-avatica/1.6.0/calcite-avatica-1.6.0.jar:/home/alex/.m2/repository/stax/stax-api/1.0.1/stax-api-1.0.1.jar:/home/alex/.m2/repository/org/apache/hive/hive-cli/1.2.1/hive-cli-1.2.1.jar:/home/alex/.m2/repository/org/codehaus/groovy/groovy-all/2.4.21/groovy-all-2.4.21.jar:/home/alex/.m2/repository/org/apache/hive/hcatalog/hive-hcatalog-core/1.2.1/hive-hcatalog-core-1.2.1.jar:/home/alex/.m2/repository/com/google/guava/guava/14.0.1/guava-14.0.1.jar:/home/alex/.m2/repository/org/codehaus/jackson/jackson-mapper-asl/1.9.2/jackson-mapper-asl-1.9.2.jar:/home/alex/.m2/repository/org/codehaus/jackson/jackson-core-asl/1.9.2/jackson-core-asl-1.9.2.jar:/home/alex/.m2/repository/org/apache/hadoop/hadoop-client/2.6.2/hadoop-client-2.6.2.jar:/home/alex/.m2/repository/org/apache/hadoop/hadoop-common/2.6.2/hadoop-common-2.6.2.jar:/home/alex/.m2/repository/org/apache/commons/commons-math3/3.1.1/commons-math3-3.1.1.jar:/home/alex/.m2/repository/xmlenc/xmlenc/0.52/xmlenc-0.52.jar:/home/alex/.m2/repository/commons-net/commons-net/3.1/commons-net-3.1.jar:/home/alex/.m2/repository/commons-collections/commons-collections/3.2.1/commons-collections-3.2.1.jar:/home/alex/.m2/repository/commons-configuration/commons-configuration/1.6/commons-configuration-1.6.jar:/home/alex/.m2/repository/commons-digester/commons-digester/1.8/commons-digester-1.8.jar:/home/alex/.m2/repository/commons-beanutils/commons-beanutils/1.9.4/commons-beanutils-1.9.4.jar:/home/alex/.m2/repository/commons-beanutils/commons-beanutils-core/1.8.0/commons-beanutils-core-1.8.0.jar:/home/alex/.m2/repository/com/google/protobuf/protobuf-java/2.5.0/protobuf-java-2.5.0.jar:/home/alex/.m2/repository/com/google/code/gson/gson/2.2.4/gson-2.2.4.jar:/home/alex/.m2/repository/org/apache/hadoop/hadoop-auth/2.6.2/hadoop-auth-2.6.2.jar:/home/alex/.m2/repository/org/apache/directory/server/apacheds-kerberos-codec/2.0.0-M15/apacheds-kerberos-codec-2.0.0-M15.jar:/home/alex/.m2/repository/org/apache/directory/server/apacheds-i18n/2.0.0-M15/apacheds-i18n-2.0.0-M15.jar:/home/alex/.m2/repository/org/apache/directory/api/api-asn1-api/1.0.0-M20/api-asn1-api-1.0.0-M20.jar:/home/alex/.m2/repository/org/apache/directory/api/api-util/1.0.0-M20/api-util-1.0.0-M20.jar:/home/alex/.m2/repository/org/htrace/htrace-core/3.0.4/htrace-core-3.0.4.jar:/home/alex/.m2/repository/org/apache/hadoop/hadoop-hdfs/2.6.2/hadoop-hdfs-2.6.2.jar:/home/alex/.m2/repository/org/mortbay/jetty/jetty-util/6.1.26/jetty-util-6.1.26.jar:/home/alex/.m2/repository/xerces/xercesImpl/2.9.1/xercesImpl-2.9.1.jar:/home/alex/.m2/repository/xml-apis/xml-apis/1.3.04/xml-apis-1.3.04.jar:/home/alex/.m2/repository/org/apache/hadoop/hadoop-mapreduce-client-app/2.6.2/hadoop-mapreduce-client-app-2.6.2.jar:/home/alex/.m2/repository/org/apache/hadoop/hadoop-mapreduce-client-common/2.6.2/hadoop-mapreduce-client-common-2.6.2.jar:/home/alex/.m2/repository/org/apache/hadoop/hadoop-yarn-client/2.6.2/hadoop-yarn-client-2.6.2.jar:/home/alex/.m2/repository/org/apache/hadoop/hadoop-yarn-server-common/2.6.2/hadoop-yarn-server-common-2.6.2.jar:/home/alex/.m2/repository/org/apache/hadoop/hadoop-mapreduce-client-shuffle/2.6.2/hadoop-mapreduce-client-shuffle-2.6.2.jar:/home/alex/.m2/repository/org/fusesource/leveldbjni/leveldbjni-all/1.8/leveldbjni-all-1.8.jar:/home/alex/.m2/repository/org/apache/hadoop/hadoop-yarn-api/2.6.2/hadoop-yarn-api-2.6.2.jar:/home/alex/.m2/repository/org/apache/hadoop/hadoop-mapreduce-client-core/2.6.2/hadoop-mapreduce-client-core-2.6.2.jar:/home/alex/.m2/repository/org/apache/hadoop/hadoop-yarn-common/2.6.2/hadoop-yarn-common-2.6.2.jar:/home/alex/.m2/repository/javax/xml/bind/jaxb-api/2.2.2/jaxb-api-2.2.2.jar:/home/alex/.m2/repository/javax/xml/stream/stax-api/1.0-2/stax-api-1.0-2.jar:/home/alex/.m2/repository/com/sun/jersey/jersey-core/1.9/jersey-core-1.9.jar:/home/alex/.m2/repository/com/sun/jersey/jersey-client/1.9/jersey-client-1.9.jar:/home/alex/.m2/repository/org/codehaus/jackson/jackson-jaxrs/1.9.13/jackson-jaxrs-1.9.13.jar:/home/alex/.m2/repository/org/codehaus/jackson/jackson-xc/1.9.13/jackson-xc-1.9.13.jar:/home/alex/.m2/repository/org/apache/hadoop/hadoop-mapreduce-client-jobclient/2.6.2/hadoop-mapreduce-client-jobclient-2.6.2.jar:/home/alex/.m2/repository/org/apache/hadoop/hadoop-annotations/2.6.2/hadoop-annotations-2.6.2.jar:/home/alex/Repositories/nifi/nifi-nar-bundles/nifi-extension-utils/nifi-hadoop-utils/target/classes:/home/alex/Repositories/nifi/nifi-nar-bundles/nifi-extension-utils/nifi-record-utils/nifi-hadoop-record-utils/target/classes:/home/alex/Repositories/nifi/nifi-nar-bundles/nifi-extension-utils/nifi-record-utils/nifi-avro-record-utils/target/classes:/home/alex/Repositories/nifi/nifi-nar-bundles/nifi-extension-utils/nifi-record-utils/nifi-standard-record-utils/target/classes:/home/alex/.m2/repository/org/apache/commons/commons-csv/1.8/commons-csv-1.8.jar:/home/alex/.m2/repository/com/github/ben-manes/caffeine/caffeine/2.8.1/caffeine-2.8.1.jar:/home/alex/.m2/repository/com/github/stephenc/findbugs/findbugs-annotations/1.3.9-1/findbugs-annotations-1.3.9-1.jar:/home/alex/.m2/repository/org/apache/commons/commons-text/1.8/commons-text-1.8.jar:/home/alex/.m2/repository/org/apache/commons/commons-dbcp2/2.7.0/commons-dbcp2-2.7.0.jar:/home/alex/.m2/repository/org/apache/commons/commons-pool2/2.7.0/commons-pool2-2.7.0.jar:/home/alex/.m2/repository/org/slf4j/log4j-over-slf4j/1.7.32/log4j-over-slf4j-1.7.32.jar:/home/alex/Repositories/nifi/nifi-mock/target/classes:/home/alex/Repositories/nifi/nifi-framework-api/target/classes:/home/alex/Repositories/nifi/nifi-commons/nifi-parameter/target/classes:/home/alex/Repositories/nifi/nifi-nar-bundles/nifi-framework-bundle/nifi-framework/nifi-framework-core-api/target/classes:/home/alex/Repositories/nifi/nifi-nar-bundles/nifi-framework-bundle/nifi-framework/nifi-framework-nar-utils/target/classes:/home/alex/Repositories/nifi/nifi-nar-bundles/nifi-framework-bundle/nifi-framework/nifi-client-dto/target/classes:/home/alex/.m2/repository/io/swagger/swagger-annotations/1.6.0/swagger-annotations-1.6.0.jar:/home/alex/Repositories/nifi/nifi-commons/nifi-site-to-site-client/target/classes:/home/alex/Repositories/nifi/nifi-commons/nifi-security-utils/target/classes:/home/alex/Repositories/nifi/nifi-commons/nifi-security-utils-api/target/classes:/home/alex/Repositories/nifi/nifi-commons/nifi-security-kms/target/classes:/home/alex/.m2/repository/org/bouncycastle/bcprov-jdk15on/1.69/bcprov-jdk15on-1.69.jar:/home/alex/.m2/repository/org/bouncycastle/bcpkix-jdk15on/1.69/bcpkix-jdk15on-1.69.jar:/home/alex/.m2/repository/org/bouncycastle/bcutil-jdk15on/1.69/bcutil-jdk15on-1.69.jar:/home/alex/Repositories/nifi/nifi-commons/nifi-properties/target/classes:/home/alex/Repositories/nifi/nifi-commons/nifi-property-utils/target/classes:/home/alex/.m2/repository/at/favre/lib/bcrypt/0.9.0/bcrypt-0.9.0.jar:/home/alex/.m2/repository/at/favre/lib/bytes/1.3.0/bytes-1.3.0.jar:/home/alex/.m2/repository/org/apache/commons/commons-configuration2/2.7/commons-configuration2-2.7.jar:/home/alex/.m2/repository/org/apache/httpcomponents/httpasyncclient/4.1.4/httpasyncclient-4.1.4.jar:/home/alex/.m2/repository/org/apache/httpcomponents/httpcore-nio/4.4.10/httpcore-nio-4.4.10.jar:/home/alex/Repositories/nifi/nifi-nar-bundles/nifi-framework-bundle/nifi-framework/nifi-framework-authorization/target/classes:/home/alex/Repositories/nifi/nifi-registry/nifi-registry-core/nifi-registry-data-model/target/classes:/home/alex/.m2/repository/javax/validation/validation-api/2.0.1.Final/validation-api-2.0.1.Final.jar:/home/alex/.m2/repository/javax/ws/rs/javax.ws.rs-api/2.1/javax.ws.rs-api-2.1.jar:/home/alex/Repositories/nifi/nifi-registry/nifi-registry-core/nifi-registry-revision/nifi-registry-revision-entity-model/target/classes:/home/alex/Repositories/nifi/nifi-registry/nifi-registry-core/nifi-registry-client/target/classes:/home/alex/Repositories/nifi/nifi-registry/nifi-registry-core/nifi-registry-security-utils/target/classes:/home/alex/.m2/repository/org/glassfish/jersey/core/jersey-client/2.33/jersey-client-2.33.jar:/home/alex/.m2/repository/jakarta/ws/rs/jakarta.ws.rs-api/2.1.6/jakarta.ws.rs-api-2.1.6.jar:/home/alex/.m2/repository/org/glassfish/hk2/external/jakarta.inject/2.6.1/jakarta.inject-2.6.1.jar:/home/alex/.m2/repository/org/glassfish/jersey/media/jersey-media-json-jackson/2.33/jersey-media-json-jackson-2.33.jar:/home/alex/.m2/repository/org/glassfish/jersey/ext/jersey-entity-filtering/2.33/jersey-entity-filtering-2.33.jar:/home/alex/.m2/repository/com/fasterxml/jackson/module/jackson-module-jaxb-annotations/2.11.3/jackson-module-jaxb-annotations-2.11.3.jar:/home/alex/.m2/repository/jakarta/xml/bind/jakarta.xml.bind-api/2.3.2/jakarta.xml.bind-api-2.3.2.jar:/home/alex/.m2/repository/jakarta/activation/jakarta.activation-api/1.2.1/jakarta.activation-api-1.2.1.jar:/home/alex/.m2/repository/org/glassfish/jersey/inject/jersey-hk2/2.33/jersey-hk2-2.33.jar:/home/alex/.m2/repository/org/glassfish/hk2/hk2-locator/2.6.1/hk2-locator-2.6.1.jar:/home/alex/.m2/repository/org/glassfish/hk2/external/aopalliance-repackaged/2.6.1/aopalliance-repackaged-2.6.1.jar:/home/alex/.m2/repository/org/glassfish/hk2/hk2-api/2.6.1/hk2-api-2.6.1.jar:/home/alex/.m2/repository/org/glassfish/hk2/hk2-utils/2.6.1/hk2-utils-2.6.1.jar:/home/alex/.m2/repository/org/javassist/javassist/3.25.0-GA/javassist-3.25.0-GA.jar:/home/alex/.m2/repository/org/glassfish/jersey/core/jersey-common/2.33/jersey-common-2.33.jar:/home/alex/.m2/repository/jakarta/annotation/jakarta.annotation-api/1.3.5/jakarta.annotation-api-1.3.5.jar:/home/alex/.m2/repository/org/glassfish/hk2/osgi-resource-locator/1.0.3/osgi-resource-locator-1.0.3.jar:/home/alex/.m2/repository/org/glassfish/jersey/media/jersey-media-multipart/2.33/jersey-media-multipart-2.33.jar:/home/alex/.m2/repository/org/jvnet/mimepull/mimepull/1.9.13/mimepull-1.9.13.jar:/home/alex/Repositories/nifi/nifi-commons/nifi-expression-language/target/classes:/home/alex/Repositories/nifi/nifi-commons/nifi-uuid5/target/classes:/home/alex/.m2/repository/com/jayway/jsonpath/json-path/2.6.0/json-path-2.6.0.jar:/home/alex/.m2/repository/net/minidev/json-smart/2.4.7/json-smart-2.4.7.jar:/home/alex/.m2/repository/net/minidev/accessors-smart/2.4.7/accessors-smart-2.4.7.jar:/home/alex/.m2/repository/org/ow2/asm/asm/9.1/asm-9.1.jar:/home/alex/Repositories/nifi/nifi-commons/nifi-data-provenance-utils/target/classes:/home/alex/Repositories/nifi/nifi-nar-bundles/nifi-extension-utils/nifi-record-utils/nifi-mock-record-utils/target/classes:/home/alex/.m2/repository/org/junit/jupiter/junit-jupiter-api/5.7.2/junit-jupiter-api-5.7.2.jar:/home/alex/.m2/repository/org/apiguardian/apiguardian-api/1.1.0/apiguardian-api-1.1.0.jar:/home/alex/.m2/repository/org/opentest4j/opentest4j/1.2.0/opentest4j-1.2.0.jar:/home/alex/.m2/repository/org/junit/platform/junit-platform-commons/1.7.2/junit-platform-commons-1.7.2.jar:/home/alex/.m2/repository/org/junit/jupiter/junit-jupiter-engine/5.7.2/junit-jupiter-engine-5.7.2.jar:/home/alex/.m2/repository/org/junit/platform/junit-platform-engine/1.7.2/junit-platform-engine-1.7.2.jar:/home/alex/.m2/repository/org/junit/vintage/junit-vintage-engine/5.7.2/junit-vintage-engine-5.7.2.jar:/home/alex/.m2/repository/junit/junit/4.13.2/junit-4.13.2.jar:/home/alex/.m2/repository/org/hamcrest/hamcrest-core/1.3/hamcrest-core-1.3.jar:/home/alex/.m2/repository/org/junit/jupiter/junit-jupiter-params/5.7.2/junit-jupiter-params-5.7.2.jar:/home/alex/.m2/repository/org/mockito/mockito-core/3.11.2/mockito-core-3.11.2.jar:/home/alex/.m2/repository/net/bytebuddy/byte-buddy/1.11.3/byte-buddy-1.11.3.jar:/home/alex/.m2/repository/net/bytebuddy/byte-buddy-agent/1.11.3/byte-buddy-agent-1.11.3.jar:/home/alex/.m2/repository/org/objenesis/objenesis/3.2/objenesis-3.2.jar:/home/alex/.m2/repository/org/mockito/mockito-junit-jupiter/3.11.2/mockito-junit-jupiter-3.11.2.jar:/home/alex/.m2/repository/org/slf4j/slf4j-simple/1.7.32/slf4j-simple-1.7.32.jar:/home/alex/.m2/repository/org/codehaus/groovy/groovy-test/2.5.14/groovy-test-2.5.14.jar:/home/alex/.m2/repository/org/codehaus/groovy/groovy/2.5.14/groovy-2.5.14.jar:"/>
    <property name="java.vm.vendor" value="Private Build"/>
    <property name="sun.arch.data.model" value="64"/>
    <property name="java.vendor.url" value="http://java.oracle.com/"/>
    <property name="user.timezone" value="Europe/Lisbon"/>
    <property name="java.vm.specification.version" value="1.8"/>
    <property name="os.name" value="Linux"/>
    <property name="user.country" value="US"/>
    <property name="sun.java.launcher" value="SUN_STANDARD"/>
    <property name="sun.boot.library.path" value="/usr/lib/jvm/java-8-openjdk-amd64/jre/lib/amd64"/>
    <property name="sun.java.command" value="/home/alex/Repositories/nifi/nifi-nar-bundles/nifi-hive-bundle/nifi-hive-processors/target/surefire/surefirebooter395876573303109930.jar /home/alex/Repositories/nifi/nifi-nar-bundles/nifi-hive-bundle/nifi-hive-processors/target/surefire 2024-05-02T03-00-27_868-jvmRun1 surefire2274409280158821886tmp surefire_1275490671399992010582tmp"/>
    <property name="org.slf4j.simpleLogger.log.nifi.io.nio" value="debug"/>
    <property name="surefire.test.class.path" value="/home/alex/Repositories/nifi/nifi-nar-bundles/nifi-hive-bundle/nifi-hive-processors/target/test-classes:/home/alex/Repositories/nifi/nifi-nar-bundles/nifi-hive-bundle/nifi-hive-processors/target/classes:/home/alex/Repositories/nifi/nifi-api/target/classes:/home/alex/Repositories/nifi/nifi-nar-bundles/nifi-extension-utils/nifi-processor-utils/target/classes:/home/alex/Repositories/nifi/nifi-commons/nifi-utils/target/classes:/home/alex/Repositories/nifi/nifi-commons/nifi-security-socket-ssl/target/classes:/home/alex/.m2/repository/commons-io/commons-io/2.10.0/commons-io-2.10.0.jar:/home/alex/.m2/repository/org/apache/commons/commons-lang3/3.11/commons-lang3-3.11.jar:/home/alex/.m2/repository/com/fasterxml/jackson/core/jackson-databind/2.12.3/jackson-databind-2.12.3.jar:/home/alex/.m2/repository/com/fasterxml/jackson/core/jackson-annotations/2.12.3/jackson-annotations-2.12.3.jar:/home/alex/.m2/repository/com/fasterxml/jackson/core/jackson-core/2.12.3/jackson-core-2.12.3.jar:/home/alex/Repositories/nifi/nifi-nar-bundles/nifi-standard-services/nifi-record-serialization-service-api/target/classes:/home/alex/Repositories/nifi/nifi-commons/nifi-record/target/classes:/home/alex/Repositories/nifi/nifi-nar-bundles/nifi-extension-utils/nifi-event-transport/target/classes:/home/alex/.m2/repository/io/netty/netty-handler/4.1.69.Final/netty-handler-4.1.69.Final.jar:/home/alex/.m2/repository/io/netty/netty-common/4.1.69.Final/netty-common-4.1.69.Final.jar:/home/alex/.m2/repository/io/netty/netty-resolver/4.1.69.Final/netty-resolver-4.1.69.Final.jar:/home/alex/.m2/repository/io/netty/netty-buffer/4.1.69.Final/netty-buffer-4.1.69.Final.jar:/home/alex/.m2/repository/io/netty/netty-transport/4.1.69.Final/netty-transport-4.1.69.Final.jar:/home/alex/.m2/repository/io/netty/netty-codec/4.1.69.Final/netty-codec-4.1.69.Final.jar:/home/alex/Repositories/nifi/nifi-commons/nifi-security-kerberos/target/classes:/home/alex/Repositories/nifi/nifi-commons/nifi-security-kerberos-api/target/classes:/home/alex/Repositories/nifi/nifi-nar-bundles/nifi-standard-services/nifi-dbcp-service-api/target/classes:/home/alex/Repositories/nifi/nifi-nar-bundles/nifi-hive-bundle/nifi-hive-services-api/target/classes:/home/alex/Repositories/nifi/nifi-nar-bundles/nifi-standard-services/nifi-kerberos-credentials-service-api/target/classes:/home/alex/.m2/repository/org/apache/hive/hive-jdbc/1.2.1/hive-jdbc-1.2.1.jar:/home/alex/.m2/repository/org/apache/hive/hive-common/1.2.1/hive-common-1.2.1.jar:/home/alex/.m2/repository/commons-cli/commons-cli/1.2/commons-cli-1.2.jar:/home/alex/.m2/repository/commons-lang/commons-lang/2.6/commons-lang-2.6.jar:/home/alex/.m2/repository/joda-time/joda-time/2.5/joda-time-2.5.jar:/home/alex/.m2/repository/org/apache/commons/commons-compress/1.21/commons-compress-1.21.jar:/home/alex/.m2/repository/org/apache/ant/ant/1.9.1/ant-1.9.1.jar:/home/alex/.m2/repository/org/apache/ant/ant-launcher/1.9.1/ant-launcher-1.9.1.jar:/home/alex/.m2/repository/org/apache/hive/hive-service/1.2.1/hive-service-1.2.1.jar:/home/alex/.m2/repository/commons-codec/commons-codec/1.4/commons-codec-1.4.jar:/home/alex/.m2/repository/net/sf/jpam/jpam/1.1/jpam-1.1.jar:/home/alex/.m2/repository/org/eclipse/jetty/aggregate/jetty-all/7.6.0.v20120127/jetty-all-7.6.0.v20120127.jar:/home/alex/.m2/repository/javax/servlet/servlet-api/2.5/servlet-api-2.5.jar:/home/alex/.m2/repository/org/apache/geronimo/specs/geronimo-jta_1.1_spec/1.1.1/geronimo-jta_1.1_spec-1.1.1.jar:/home/alex/.m2/repository/javax/mail/mail/1.4.1/mail-1.4.1.jar:/home/alex/.m2/repository/javax/activation/activation/1.1/activation-1.1.jar:/home/alex/.m2/repository/org/apache/geronimo/specs/geronimo-jaspic_1.0_spec/1.0/geronimo-jaspic_1.0_spec-1.0.jar:/home/alex/.m2/repository/org/apache/geronimo/specs/geronimo-annotation_1.0_spec/1.1.1/geronimo-annotation_1.0_spec-1.1.1.jar:/home/alex/.m2/repository/asm/asm-commons/3.1/asm-commons-3.1.jar:/home/alex/.m2/repository/asm/asm-tree/3.1/asm-tree-3.1.jar:/home/alex/.m2/repository/asm/asm/3.1/asm-3.1.jar:/home/alex/.m2/repository/org/apache/thrift/libfb303/0.9.2/libfb303-0.9.2.jar:/home/alex/.m2/repository/org/apache/curator/curator-recipes/2.6.0/curator-recipes-2.6.0.jar:/home/alex/.m2/repository/org/apache/hive/hive-serde/1.2.1/hive-serde-1.2.1.jar:/home/alex/.m2/repository/com/google/code/findbugs/jsr305/3.0.0/jsr305-3.0.0.jar:/home/alex/.m2/repository/org/apache/avro/avro/1.7.5/avro-1.7.5.jar:/home/alex/.m2/repository/com/thoughtworks/paranamer/paranamer/2.3/paranamer-2.3.jar:/home/alex/.m2/repository/org/xerial/snappy/snappy-java/1.0.5/snappy-java-1.0.5.jar:/home/alex/.m2/repository/net/sf/opencsv/opencsv/2.3/opencsv-2.3.jar:/home/alex/.m2/repository/com/twitter/parquet-hadoop-bundle/1.6.0/parquet-hadoop-bundle-1.6.0.jar:/home/alex/.m2/repository/org/apache/hive/hive-metastore/1.2.1/hive-metastore-1.2.1.jar:/home/alex/.m2/repository/com/jolbox/bonecp/0.8.0.RELEASE/bonecp-0.8.0.RELEASE.jar:/home/alex/.m2/repository/org/apache/derby/derby/10.14.2.0/derby-10.14.2.0.jar:/home/alex/.m2/repository/org/datanucleus/datanucleus-api-jdo/3.2.6/datanucleus-api-jdo-3.2.6.jar:/home/alex/.m2/repository/org/datanucleus/datanucleus-core/3.2.10/datanucleus-core-3.2.10.jar:/home/alex/.m2/repository/org/datanucleus/datanucleus-rdbms/3.2.9/datanucleus-rdbms-3.2.9.jar:/home/alex/.m2/repository/commons-pool/commons-pool/1.5.4/commons-pool-1.5.4.jar:/home/alex/.m2/repository/commons-dbcp/commons-dbcp/1.4/commons-dbcp-1.4.jar:/home/alex/.m2/repository/javax/jdo/jdo-api/3.0.1/jdo-api-3.0.1.jar:/home/alex/.m2/repository/javax/transaction/jta/1.1/jta-1.1.jar:/home/alex/.m2/repository/org/antlr/antlr-runtime/3.4/antlr-runtime-3.4.jar:/home/alex/.m2/repository/org/antlr/stringtemplate/3.2.1/stringtemplate-3.2.1.jar:/home/alex/.m2/repository/antlr/antlr/2.7.7/antlr-2.7.7.jar:/home/alex/.m2/repository/org/apache/hive/hive-shims/1.2.1/hive-shims-1.2.1.jar:/home/alex/.m2/repository/org/apache/hive/shims/hive-shims-common/1.2.1/hive-shims-common-1.2.1.jar:/home/alex/.m2/repository/org/apache/hive/shims/hive-shims-0.20S/1.2.1/hive-shims-0.20S-1.2.1.jar:/home/alex/.m2/repository/org/apache/hive/shims/hive-shims-0.23/1.2.1/hive-shims-0.23-1.2.1.jar:/home/alex/.m2/repository/org/apache/hadoop/hadoop-yarn-server-resourcemanager/2.6.0/hadoop-yarn-server-resourcemanager-2.6.0.jar:/home/alex/.m2/repository/com/google/inject/extensions/guice-servlet/3.0/guice-servlet-3.0.jar:/home/alex/.m2/repository/com/google/inject/guice/3.0/guice-3.0.jar:/home/alex/.m2/repository/javax/inject/javax.inject/1/javax.inject-1.jar:/home/alex/.m2/repository/aopalliance/aopalliance/1.0/aopalliance-1.0.jar:/home/alex/.m2/repository/com/sun/jersey/jersey-json/1.9/jersey-json-1.9.jar:/home/alex/.m2/repository/com/sun/xml/bind/jaxb-impl/2.2.3-1/jaxb-impl-2.2.3-1.jar:/home/alex/.m2/repository/com/sun/jersey/contribs/jersey-guice/1.9/jersey-guice-1.9.jar:/home/alex/.m2/repository/com/sun/jersey/jersey-server/1.9/jersey-server-1.9.jar:/home/alex/.m2/repository/org/codehaus/jettison/jettison/1.1/jettison-1.1.jar:/home/alex/.m2/repository/org/apache/hadoop/hadoop-yarn-server-applicationhistoryservice/2.6.0/hadoop-yarn-server-applicationhistoryservice-2.6.0.jar:/home/alex/.m2/repository/org/apache/hadoop/hadoop-yarn-server-web-proxy/2.6.0/hadoop-yarn-server-web-proxy-2.6.0.jar:/home/alex/.m2/repository/org/mortbay/jetty/jetty/6.1.26/jetty-6.1.26.jar:/home/alex/.m2/repository/org/apache/hive/shims/hive-shims-scheduler/1.2.1/hive-shims-scheduler-1.2.1.jar:/home/alex/.m2/repository/commons-logging/commons-logging/1.1.3/commons-logging-1.1.3.jar:/home/alex/.m2/repository/org/apache/httpcomponents/httpclient/4.4/httpclient-4.4.jar:/home/alex/.m2/repository/org/apache/httpcomponents/httpcore/4.4/httpcore-4.4.jar:/home/alex/.m2/repository/org/apache/thrift/libthrift/0.9.2/libthrift-0.9.2.jar:/home/alex/.m2/repository/org/apache/zookeeper/zookeeper/3.4.14/zookeeper-3.4.14.jar:/home/alex/.m2/repository/com/github/spotbugs/spotbugs-annotations/3.1.9/spotbugs-annotations-3.1.9.jar:/home/alex/.m2/repository/jline/jline/0.9.94/jline-0.9.94.jar:/home/alex/.m2/repository/org/apache/yetus/audience-annotations/0.5.0/audience-annotations-0.5.0.jar:/home/alex/.m2/repository/io/netty/netty/3.10.6.Final/netty-3.10.6.Final.jar:/home/alex/.m2/repository/org/apache/curator/curator-framework/2.6.0/curator-framework-2.6.0.jar:/home/alex/.m2/repository/org/apache/curator/curator-client/2.6.0/curator-client-2.6.0.jar:/home/alex/.m2/repository/org/slf4j/slf4j-api/1.7.32/slf4j-api-1.7.32.jar:/home/alex/.m2/repository/org/apache/hive/hcatalog/hive-hcatalog-streaming/1.2.1/hive-hcatalog-streaming-1.2.1.jar:/home/alex/.m2/repository/org/apache/hive/hive-exec/1.2.1/hive-exec-1.2.1.jar:/home/alex/.m2/repository/org/apache/hive/hive-ant/1.2.1/hive-ant-1.2.1.jar:/home/alex/.m2/repository/org/apache/velocity/velocity/1.5/velocity-1.5.jar:/home/alex/.m2/repository/oro/oro/2.0.8/oro-2.0.8.jar:/home/alex/.m2/repository/commons-httpclient/commons-httpclient/3.0.1/commons-httpclient-3.0.1.jar:/home/alex/.m2/repository/org/antlr/ST4/4.0.4/ST4-4.0.4.jar:/home/alex/.m2/repository/org/apache/ivy/ivy/2.4.0/ivy-2.4.0.jar:/home/alex/.m2/repository/org/apache/calcite/calcite-core/1.27.0/calcite-core-1.27.0.jar:/home/alex/.m2/repository/org/apache/calcite/calcite-linq4j/1.27.0/calcite-linq4j-1.27.0.jar:/home/alex/.m2/repository/com/esri/geometry/esri-geometry-api/2.2.0/esri-geometry-api-2.2.0.jar:/home/alex/.m2/repository/com/google/errorprone/error_prone_annotations/2.5.1/error_prone_annotations-2.5.1.jar:/home/alex/.m2/repository/org/apache/calcite/avatica/avatica-core/1.18.0/avatica-core-1.18.0.jar:/home/alex/.m2/repository/org/apache/calcite/avatica/avatica-metrics/1.18.0/avatica-metrics-1.18.0.jar:/home/alex/.m2/repository/org/checkerframework/checker-qual/3.10.0/checker-qual-3.10.0.jar:/home/alex/.m2/repository/com/fasterxml/jackson/dataformat/jackson-dataformat-yaml/2.10.0/jackson-dataformat-yaml-2.10.0.jar:/home/alex/.m2/repository/org/yaml/snakeyaml/1.29/snakeyaml-1.29.jar:/home/alex/.m2/repository/com/google/uzaygezen/uzaygezen-core/0.2/uzaygezen-core-0.2.jar:/home/alex/.m2/repository/com/yahoo/datasketches/sketches-core/0.9.0/sketches-core-0.9.0.jar:/home/alex/.m2/repository/com/yahoo/datasketches/memory/0.9.0/memory-0.9.0.jar:/home/alex/.m2/repository/net/hydromatic/aggdesigner-algorithm/6.0/aggdesigner-algorithm-6.0.jar:/home/alex/.m2/repository/org/codehaus/janino/commons-compiler/3.0.11/commons-compiler-3.0.11.jar:/home/alex/.m2/repository/org/codehaus/janino/janino/3.0.11/janino-3.0.11.jar:/home/alex/.m2/repository/org/apache/calcite/calcite-avatica/1.6.0/calcite-avatica-1.6.0.jar:/home/alex/.m2/repository/stax/stax-api/1.0.1/stax-api-1.0.1.jar:/home/alex/.m2/repository/org/apache/hive/hive-cli/1.2.1/hive-cli-1.2.1.jar:/home/alex/.m2/repository/org/codehaus/groovy/groovy-all/2.4.21/groovy-all-2.4.21.jar:/home/alex/.m2/repository/org/apache/hive/hcatalog/hive-hcatalog-core/1.2.1/hive-hcatalog-core-1.2.1.jar:/home/alex/.m2/repository/com/google/guava/guava/14.0.1/guava-14.0.1.jar:/home/alex/.m2/repository/org/codehaus/jackson/jackson-mapper-asl/1.9.2/jackson-mapper-asl-1.9.2.jar:/home/alex/.m2/repository/org/codehaus/jackson/jackson-core-asl/1.9.2/jackson-core-asl-1.9.2.jar:/home/alex/.m2/repository/org/apache/hadoop/hadoop-client/2.6.2/hadoop-client-2.6.2.jar:/home/alex/.m2/repository/org/apache/hadoop/hadoop-common/2.6.2/hadoop-common-2.6.2.jar:/home/alex/.m2/repository/org/apache/commons/commons-math3/3.1.1/commons-math3-3.1.1.jar:/home/alex/.m2/repository/xmlenc/xmlenc/0.52/xmlenc-0.52.jar:/home/alex/.m2/repository/commons-net/commons-net/3.1/commons-net-3.1.jar:/home/alex/.m2/repository/commons-collections/commons-collections/3.2.1/commons-collections-3.2.1.jar:/home/alex/.m2/repository/commons-configuration/commons-configuration/1.6/commons-configuration-1.6.jar:/home/alex/.m2/repository/commons-digester/commons-digester/1.8/commons-digester-1.8.jar:/home/alex/.m2/repository/commons-beanutils/commons-beanutils/1.9.4/commons-beanutils-1.9.4.jar:/home/alex/.m2/repository/commons-beanutils/commons-beanutils-core/1.8.0/commons-beanutils-core-1.8.0.jar:/home/alex/.m2/repository/com/google/protobuf/protobuf-java/2.5.0/protobuf-java-2.5.0.jar:/home/alex/.m2/repository/com/google/code/gson/gson/2.2.4/gson-2.2.4.jar:/home/alex/.m2/repository/org/apache/hadoop/hadoop-auth/2.6.2/hadoop-auth-2.6.2.jar:/home/alex/.m2/repository/org/apache/directory/server/apacheds-kerberos-codec/2.0.0-M15/apacheds-kerberos-codec-2.0.0-M15.jar:/home/alex/.m2/repository/org/apache/directory/server/apacheds-i18n/2.0.0-M15/apacheds-i18n-2.0.0-M15.jar:/home/alex/.m2/repository/org/apache/directory/api/api-asn1-api/1.0.0-M20/api-asn1-api-1.0.0-M20.jar:/home/alex/.m2/repository/org/apache/directory/api/api-util/1.0.0-M20/api-util-1.0.0-M20.jar:/home/alex/.m2/repository/org/htrace/htrace-core/3.0.4/htrace-core-3.0.4.jar:/home/alex/.m2/repository/org/apache/hadoop/hadoop-hdfs/2.6.2/hadoop-hdfs-2.6.2.jar:/home/alex/.m2/repository/org/mortbay/jetty/jetty-util/6.1.26/jetty-util-6.1.26.jar:/home/alex/.m2/repository/xerces/xercesImpl/2.9.1/xercesImpl-2.9.1.jar:/home/alex/.m2/repository/xml-apis/xml-apis/1.3.04/xml-apis-1.3.04.jar:/home/alex/.m2/repository/org/apache/hadoop/hadoop-mapreduce-client-app/2.6.2/hadoop-mapreduce-client-app-2.6.2.jar:/home/alex/.m2/repository/org/apache/hadoop/hadoop-mapreduce-client-common/2.6.2/hadoop-mapreduce-client-common-2.6.2.jar:/home/alex/.m2/repository/org/apache/hadoop/hadoop-yarn-client/2.6.2/hadoop-yarn-client-2.6.2.jar:/home/alex/.m2/repository/org/apache/hadoop/hadoop-yarn-server-common/2.6.2/hadoop-yarn-server-common-2.6.2.jar:/home/alex/.m2/repository/org/apache/hadoop/hadoop-mapreduce-client-shuffle/2.6.2/hadoop-mapreduce-client-shuffle-2.6.2.jar:/home/alex/.m2/repository/org/fusesource/leveldbjni/leveldbjni-all/1.8/leveldbjni-all-1.8.jar:/home/alex/.m2/repository/org/apache/hadoop/hadoop-yarn-api/2.6.2/hadoop-yarn-api-2.6.2.jar:/home/alex/.m2/repository/org/apache/hadoop/hadoop-mapreduce-client-core/2.6.2/hadoop-mapreduce-client-core-2.6.2.jar:/home/alex/.m2/repository/org/apache/hadoop/hadoop-yarn-common/2.6.2/hadoop-yarn-common-2.6.2.jar:/home/alex/.m2/repository/javax/xml/bind/jaxb-api/2.2.2/jaxb-api-2.2.2.jar:/home/alex/.m2/repository/javax/xml/stream/stax-api/1.0-2/stax-api-1.0-2.jar:/home/alex/.m2/repository/com/sun/jersey/jersey-core/1.9/jersey-core-1.9.jar:/home/alex/.m2/repository/com/sun/jersey/jersey-client/1.9/jersey-client-1.9.jar:/home/alex/.m2/repository/org/codehaus/jackson/jackson-jaxrs/1.9.13/jackson-jaxrs-1.9.13.jar:/home/alex/.m2/repository/org/codehaus/jackson/jackson-xc/1.9.13/jackson-xc-1.9.13.jar:/home/alex/.m2/repository/org/apache/hadoop/hadoop-mapreduce-client-jobclient/2.6.2/hadoop-mapreduce-client-jobclient-2.6.2.jar:/home/alex/.m2/repository/org/apache/hadoop/hadoop-annotations/2.6.2/hadoop-annotations-2.6.2.jar:/home/alex/Repositories/nifi/nifi-nar-bundles/nifi-extension-utils/nifi-hadoop-utils/target/classes:/home/alex/Repositories/nifi/nifi-nar-bundles/nifi-extension-utils/nifi-record-utils/nifi-hadoop-record-utils/target/classes:/home/alex/Repositories/nifi/nifi-nar-bundles/nifi-extension-utils/nifi-record-utils/nifi-avro-record-utils/target/classes:/home/alex/Repositories/nifi/nifi-nar-bundles/nifi-extension-utils/nifi-record-utils/nifi-standard-record-utils/target/classes:/home/alex/.m2/repository/org/apache/commons/commons-csv/1.8/commons-csv-1.8.jar:/home/alex/.m2/repository/com/github/ben-manes/caffeine/caffeine/2.8.1/caffeine-2.8.1.jar:/home/alex/.m2/repository/com/github/stephenc/findbugs/findbugs-annotations/1.3.9-1/findbugs-annotations-1.3.9-1.jar:/home/alex/.m2/repository/org/apache/commons/commons-text/1.8/commons-text-1.8.jar:/home/alex/.m2/repository/org/apache/commons/commons-dbcp2/2.7.0/commons-dbcp2-2.7.0.jar:/home/alex/.m2/repository/org/apache/commons/commons-pool2/2.7.0/commons-pool2-2.7.0.jar:/home/alex/.m2/repository/org/slf4j/log4j-over-slf4j/1.7.32/log4j-over-slf4j-1.7.32.jar:/home/alex/Repositories/nifi/nifi-mock/target/classes:/home/alex/Repositories/nifi/nifi-framework-api/target/classes:/home/alex/Repositories/nifi/nifi-commons/nifi-parameter/target/classes:/home/alex/Repositories/nifi/nifi-nar-bundles/nifi-framework-bundle/nifi-framework/nifi-framework-core-api/target/classes:/home/alex/Repositories/nifi/nifi-nar-bundles/nifi-framework-bundle/nifi-framework/nifi-framework-nar-utils/target/classes:/home/alex/Repositories/nifi/nifi-nar-bundles/nifi-framework-bundle/nifi-framework/nifi-client-dto/target/classes:/home/alex/.m2/repository/io/swagger/swagger-annotations/1.6.0/swagger-annotations-1.6.0.jar:/home/alex/Repositories/nifi/nifi-commons/nifi-site-to-site-client/target/classes:/home/alex/Repositories/nifi/nifi-commons/nifi-security-utils/target/classes:/home/alex/Repositories/nifi/nifi-commons/nifi-security-utils-api/target/classes:/home/alex/Repositories/nifi/nifi-commons/nifi-security-kms/target/classes:/home/alex/.m2/repository/org/bouncycastle/bcprov-jdk15on/1.69/bcprov-jdk15on-1.69.jar:/home/alex/.m2/repository/org/bouncycastle/bcpkix-jdk15on/1.69/bcpkix-jdk15on-1.69.jar:/home/alex/.m2/repository/org/bouncycastle/bcutil-jdk15on/1.69/bcutil-jdk15on-1.69.jar:/home/alex/Repositories/nifi/nifi-commons/nifi-properties/target/classes:/home/alex/Repositories/nifi/nifi-commons/nifi-property-utils/target/classes:/home/alex/.m2/repository/at/favre/lib/bcrypt/0.9.0/bcrypt-0.9.0.jar:/home/alex/.m2/repository/at/favre/lib/bytes/1.3.0/bytes-1.3.0.jar:/home/alex/.m2/repository/org/apache/commons/commons-configuration2/2.7/commons-configuration2-2.7.jar:/home/alex/.m2/repository/org/apache/httpcomponents/httpasyncclient/4.1.4/httpasyncclient-4.1.4.jar:/home/alex/.m2/repository/org/apache/httpcomponents/httpcore-nio/4.4.10/httpcore-nio-4.4.10.jar:/home/alex/Repositories/nifi/nifi-nar-bundles/nifi-framework-bundle/nifi-framework/nifi-framework-authorization/target/classes:/home/alex/Repositories/nifi/nifi-registry/nifi-registry-core/nifi-registry-data-model/target/classes:/home/alex/.m2/repository/javax/validation/validation-api/2.0.1.Final/validation-api-2.0.1.Final.jar:/home/alex/.m2/repository/javax/ws/rs/javax.ws.rs-api/2.1/javax.ws.rs-api-2.1.jar:/home/alex/Repositories/nifi/nifi-registry/nifi-registry-core/nifi-registry-revision/nifi-registry-revision-entity-model/target/classes:/home/alex/Repositories/nifi/nifi-registry/nifi-registry-core/nifi-registry-client/target/classes:/home/alex/Repositories/nifi/nifi-registry/nifi-registry-core/nifi-registry-security-utils/target/classes:/home/alex/.m2/repository/org/glassfish/jersey/core/jersey-client/2.33/jersey-client-2.33.jar:/home/alex/.m2/repository/jakarta/ws/rs/jakarta.ws.rs-api/2.1.6/jakarta.ws.rs-api-2.1.6.jar:/home/alex/.m2/repository/org/glassfish/hk2/external/jakarta.inject/2.6.1/jakarta.inject-2.6.1.jar:/home/alex/.m2/repository/org/glassfish/jersey/media/jersey-media-json-jackson/2.33/jersey-media-json-jackson-2.33.jar:/home/alex/.m2/repository/org/glassfish/jersey/ext/jersey-entity-filtering/2.33/jersey-entity-filtering-2.33.jar:/home/alex/.m2/repository/com/fasterxml/jackson/module/jackson-module-jaxb-annotations/2.11.3/jackson-module-jaxb-annotations-2.11.3.jar:/home/alex/.m2/repository/jakarta/xml/bind/jakarta.xml.bind-api/2.3.2/jakarta.xml.bind-api-2.3.2.jar:/home/alex/.m2/repository/jakarta/activation/jakarta.activation-api/1.2.1/jakarta.activation-api-1.2.1.jar:/home/alex/.m2/repository/org/glassfish/jersey/inject/jersey-hk2/2.33/jersey-hk2-2.33.jar:/home/alex/.m2/repository/org/glassfish/hk2/hk2-locator/2.6.1/hk2-locator-2.6.1.jar:/home/alex/.m2/repository/org/glassfish/hk2/external/aopalliance-repackaged/2.6.1/aopalliance-repackaged-2.6.1.jar:/home/alex/.m2/repository/org/glassfish/hk2/hk2-api/2.6.1/hk2-api-2.6.1.jar:/home/alex/.m2/repository/org/glassfish/hk2/hk2-utils/2.6.1/hk2-utils-2.6.1.jar:/home/alex/.m2/repository/org/javassist/javassist/3.25.0-GA/javassist-3.25.0-GA.jar:/home/alex/.m2/repository/org/glassfish/jersey/core/jersey-common/2.33/jersey-common-2.33.jar:/home/alex/.m2/repository/jakarta/annotation/jakarta.annotation-api/1.3.5/jakarta.annotation-api-1.3.5.jar:/home/alex/.m2/repository/org/glassfish/hk2/osgi-resource-locator/1.0.3/osgi-resource-locator-1.0.3.jar:/home/alex/.m2/repository/org/glassfish/jersey/media/jersey-media-multipart/2.33/jersey-media-multipart-2.33.jar:/home/alex/.m2/repository/org/jvnet/mimepull/mimepull/1.9.13/mimepull-1.9.13.jar:/home/alex/Repositories/nifi/nifi-commons/nifi-expression-language/target/classes:/home/alex/Repositories/nifi/nifi-commons/nifi-uuid5/target/classes:/home/alex/.m2/repository/com/jayway/jsonpath/json-path/2.6.0/json-path-2.6.0.jar:/home/alex/.m2/repository/net/minidev/json-smart/2.4.7/json-smart-2.4.7.jar:/home/alex/.m2/repository/net/minidev/accessors-smart/2.4.7/accessors-smart-2.4.7.jar:/home/alex/.m2/repository/org/ow2/asm/asm/9.1/asm-9.1.jar:/home/alex/Repositories/nifi/nifi-commons/nifi-data-provenance-utils/target/classes:/home/alex/Repositories/nifi/nifi-nar-bundles/nifi-extension-utils/nifi-record-utils/nifi-mock-record-utils/target/classes:/home/alex/.m2/repository/org/junit/jupiter/junit-jupiter-api/5.7.2/junit-jupiter-api-5.7.2.jar:/home/alex/.m2/repository/org/apiguardian/apiguardian-api/1.1.0/apiguardian-api-1.1.0.jar:/home/alex/.m2/repository/org/opentest4j/opentest4j/1.2.0/opentest4j-1.2.0.jar:/home/alex/.m2/repository/org/junit/platform/junit-platform-commons/1.7.2/junit-platform-commons-1.7.2.jar:/home/alex/.m2/repository/org/junit/jupiter/junit-jupiter-engine/5.7.2/junit-jupiter-engine-5.7.2.jar:/home/alex/.m2/repository/org/junit/platform/junit-platform-engine/1.7.2/junit-platform-engine-1.7.2.jar:/home/alex/.m2/repository/org/junit/vintage/junit-vintage-engine/5.7.2/junit-vintage-engine-5.7.2.jar:/home/alex/.m2/repository/junit/junit/4.13.2/junit-4.13.2.jar:/home/alex/.m2/repository/org/hamcrest/hamcrest-core/1.3/hamcrest-core-1.3.jar:/home/alex/.m2/repository/org/junit/jupiter/junit-jupiter-params/5.7.2/junit-jupiter-params-5.7.2.jar:/home/alex/.m2/repository/org/mockito/mockito-core/3.11.2/mockito-core-3.11.2.jar:/home/alex/.m2/repository/net/bytebuddy/byte-buddy/1.11.3/byte-buddy-1.11.3.jar:/home/alex/.m2/repository/net/bytebuddy/byte-buddy-agent/1.11.3/byte-buddy-agent-1.11.3.jar:/home/alex/.m2/repository/org/objenesis/objenesis/3.2/objenesis-3.2.jar:/home/alex/.m2/repository/org/mockito/mockito-junit-jupiter/3.11.2/mockito-junit-jupiter-3.11.2.jar:/home/alex/.m2/repository/org/slf4j/slf4j-simple/1.7.32/slf4j-simple-1.7.32.jar:/home/alex/.m2/repository/org/codehaus/groovy/groovy-test/2.5.14/groovy-test-2.5.14.jar:/home/alex/.m2/repository/org/codehaus/groovy/groovy/2.5.14/groovy-2.5.14.jar:"/>
    <property name="sun.cpu.endian" value="little"/>
    <property name="user.home" value="/home/alex"/>
    <property name="user.language" value="en"/>
    <property name="java.specification.vendor" value="Oracle Corporation"/>
    <property name="java.home" value="/usr/lib/jvm/java-8-openjdk-amd64/jre"/>
    <property name="java.security.krb5.conf" value="/home/alex/Repositories/nifi/nifi-nar-bundles/nifi-hive-bundle/nifi-hive-processors/src/test/resources/krb5.conf"/>
    <property name="basedir" value="/home/alex/Repositories/nifi/nifi-nar-bundles/nifi-hive-bundle/nifi-hive-processors"/>
    <property name="file.separator" value="/"/>
    <property name="line.separator" value="&#10;"/>
    <property name="java.vm.specification.vendor" value="Oracle Corporation"/>
    <property name="java.specification.name" value="Java Platform API Specification"/>
    <property name="derby.stream.error.file" value="target/derby.log"/>
    <property name="java.awt.graphicsenv" value="sun.awt.X11GraphicsEnvironment"/>
    <property name="java.awt.headless" value="true"/>
    <property name="org.slf4j.simpleLogger.log.nifi.processors.hive.SelectHiveQL" value="debug"/>
    <property name="org.slf4j.simpleLogger.showDateTime" value="true"/>
    <property name="surefire.real.class.path" value="/home/alex/Repositories/nifi/nifi-nar-bundles/nifi-hive-bundle/nifi-hive-processors/target/surefire/surefirebooter395876573303109930.jar"/>
    <property name="sun.boot.class.path" value="/usr/lib/jvm/java-8-openjdk-amd64/jre/lib/resources.jar:/usr/lib/jvm/java-8-openjdk-amd64/jre/lib/rt.jar:/usr/lib/jvm/java-8-openjdk-amd64/jre/lib/sunrsasign.jar:/usr/lib/jvm/java-8-openjdk-amd64/jre/lib/jsse.jar:/usr/lib/jvm/java-8-openjdk-amd64/jre/lib/jce.jar:/usr/lib/jvm/java-8-openjdk-amd64/jre/lib/charsets.jar:/usr/lib/jvm/java-8-openjdk-amd64/jre/lib/jfr.jar:/usr/lib/jvm/java-8-openjdk-amd64/jre/classes"/>
    <property name="sun.management.compiler" value="HotSpot 64-Bit Tiered Compilers"/>
    <property name="java.runtime.version" value="1.8.0_402-8u402-ga-2ubuntu1~22.04-b06"/>
    <property name="java.net.preferIPv4Stack" value="true"/>
    <property name="user.name" value="alex"/>
    <property name="path.separator" value=":"/>
    <property name="os.version" value="6.5.0-28-generic"/>
    <property name="java.endorsed.dirs" value="/usr/lib/jvm/java-8-openjdk-amd64/jre/lib/endorsed"/>
    <property name="java.runtime.name" value="OpenJDK Runtime Environment"/>
    <property name="org.slf4j.simpleLogger.log.nifi.processors.hive.TestSelectHiveQL" value="debug"/>
    <property name="file.encoding" value="UTF-8"/>
    <property name="java.security.krb5.realm" value="nifi.com"/>
    <property name="java.vm.name" value="OpenJDK 64-Bit Server VM"/>
    <property name="localRepository" value="/home/alex/.m2/repository"/>
    <property name="java.vendor.url.bug" value="http://bugreport.sun.com/bugreport/"/>
    <property name="java.io.tmpdir" value="/tmp"/>
    <property name="java.version" value="1.8.0_402"/>
    <property name="user.dir" value="/home/alex/Repositories/nifi/nifi-nar-bundles/nifi-hive-bundle/nifi-hive-processors"/>
    <property name="java.security.krb5.kdc" value="nifi.kdc"/>
    <property name="os.arch" value="amd64"/>
    <property name="java.vm.specification.name" value="Java Virtual Machine Specification"/>
    <property name="java.awt.printerjob" value="sun.print.PSPrinterJob"/>
    <property name="sun.os.patch.level" value="unknown"/>
    <property name="org.slf4j.simpleLogger.defaultLogLevel" value="info"/>
    <property name="java.library.path" value="/usr/java/packages/lib/amd64:/usr/lib/x86_64-linux-gnu/jni:/lib/x86_64-linux-gnu:/usr/lib/x86_64-linux-gnu:/usr/lib/jni:/lib:/usr/lib"/>
    <property name="java.vm.info" value="mixed mode"/>
    <property name="java.vendor" value="Private Build"/>
    <property name="java.vm.version" value="25.402-b06"/>
    <property name="java.specification.maintenance.version" value="5"/>
    <property name="java.ext.dirs" value="/usr/lib/jvm/java-8-openjdk-amd64/jre/lib/ext:/usr/java/packages/lib/ext"/>
    <property name="sun.io.unicode.encoding" value="UnicodeLittle"/>
    <property name="java.class.version" value="52.0"/>
  </properties>
  <testcase name="onTriggerWithWriteFailure" classname="org.apache.nifi.processors.hive.TestPutHiveStreaming" time="0.218">
    <system-err><![CDATA[[pool-58-thread-1] INFO org.apache.nifi.util.hive.HiveUtils - cached writers { endPoint = Mock for HiveEndPoint, hashCode: 717799441, TransactionBatch = Mock for TransactionBatch, hashCode: 1141066732 } 
[pool-58-thread-1] ERROR org.apache.nifi.processors.hive.TestPutHiveStreaming$MockPutHiveStreaming - [MockPutHiveStreaming[id=ecf65975-7f51-4a42-b9c0-8fcb8e885598]] Error writing [org.apache.nifi.processors.hive.PutHiveStreaming$HiveStreamingRecord@9012d58] to Hive Streaming transaction due to org.apache.nifi.util.hive.HiveWriter$WriteFailure: Failed writing to : Mock for HiveEndPoint, hashCode: 717799441. TxnID : 1
org.apache.nifi.util.hive.HiveWriter$WriteFailure: Failed writing to : Mock for HiveEndPoint, hashCode: 717799441. TxnID : 1
	at org.apache.nifi.processors.hive.TestPutHiveStreaming$MockHiveWriter.write(TestPutHiveStreaming.java:1084)
	at org.apache.nifi.processors.hive.PutHiveStreaming$1.lambda$process$2(PutHiveStreaming.java:866)
	at org.apache.nifi.processor.util.pattern.ExceptionHandler.execute(ExceptionHandler.java:127)
	at org.apache.nifi.processors.hive.PutHiveStreaming$1.process(PutHiveStreaming.java:860)
	at org.apache.nifi.util.MockProcessSession.read(MockProcessSession.java:601)
	at org.apache.nifi.util.MockProcessSession.read(MockProcessSession.java:583)
	at org.apache.nifi.processors.hive.PutHiveStreaming.onTrigger(PutHiveStreaming.java:813)
	at org.apache.nifi.processors.hive.PutHiveStreaming.lambda$onTrigger$4(PutHiveStreaming.java:679)
	at org.apache.nifi.processor.util.pattern.PartialFunctions.onTrigger(PartialFunctions.java:120)
	at org.apache.nifi.processor.util.pattern.RollbackOnFailure.onTrigger(RollbackOnFailure.java:184)
	at org.apache.nifi.processors.hive.PutHiveStreaming.onTrigger(PutHiveStreaming.java:679)
	at org.apache.nifi.util.StandardProcessorTestRunner$RunProcessor.call(StandardProcessorTestRunner.java:284)
	at org.apache.nifi.util.StandardProcessorTestRunner$RunProcessor.call(StandardProcessorTestRunner.java:278)
	at java.util.concurrent.FutureTask.run(FutureTask.java:266)
	at java.util.concurrent.ScheduledThreadPoolExecutor$ScheduledFutureTask.access$201(ScheduledThreadPoolExecutor.java:180)
	at java.util.concurrent.ScheduledThreadPoolExecutor$ScheduledFutureTask.run(ScheduledThreadPoolExecutor.java:293)
	at java.util.concurrent.ThreadPoolExecutor.runWorker(ThreadPoolExecutor.java:1149)
	at java.util.concurrent.ThreadPoolExecutor$Worker.run(ThreadPoolExecutor.java:624)
	at java.lang.Thread.run(Thread.java:750)
Caused by: java.lang.Exception
	... 19 more
[pool-58-thread-1] ERROR org.apache.nifi.processors.hive.TestPutHiveStreaming$MockPutHiveStreaming - [MockPutHiveStreaming[id=ecf65975-7f51-4a42-b9c0-8fcb8e885598]] Error writing [org.apache.nifi.processors.hive.PutHiveStreaming$HiveStreamingRecord@31b8ead5] to Hive Streaming transaction due to org.apache.nifi.util.hive.HiveWriter$WriteFailure: Failed writing to : Mock for HiveEndPoint, hashCode: 717799441. TxnID : 1
org.apache.nifi.util.hive.HiveWriter$WriteFailure: Failed writing to : Mock for HiveEndPoint, hashCode: 717799441. TxnID : 1
	at org.apache.nifi.processors.hive.TestPutHiveStreaming$MockHiveWriter.write(TestPutHiveStreaming.java:1084)
	at org.apache.nifi.processors.hive.PutHiveStreaming$1.lambda$process$2(PutHiveStreaming.java:866)
	at org.apache.nifi.processor.util.pattern.ExceptionHandler.execute(ExceptionHandler.java:127)
	at org.apache.nifi.processors.hive.PutHiveStreaming$1.process(PutHiveStreaming.java:860)
	at org.apache.nifi.util.MockProcessSession.read(MockProcessSession.java:601)
	at org.apache.nifi.util.MockProcessSession.read(MockProcessSession.java:583)
	at org.apache.nifi.processors.hive.PutHiveStreaming.onTrigger(PutHiveStreaming.java:813)
	at org.apache.nifi.processors.hive.PutHiveStreaming.lambda$onTrigger$4(PutHiveStreaming.java:679)
	at org.apache.nifi.processor.util.pattern.PartialFunctions.onTrigger(PartialFunctions.java:120)
	at org.apache.nifi.processor.util.pattern.RollbackOnFailure.onTrigger(RollbackOnFailure.java:184)
	at org.apache.nifi.processors.hive.PutHiveStreaming.onTrigger(PutHiveStreaming.java:679)
	at org.apache.nifi.util.StandardProcessorTestRunner$RunProcessor.call(StandardProcessorTestRunner.java:284)
	at org.apache.nifi.util.StandardProcessorTestRunner$RunProcessor.call(StandardProcessorTestRunner.java:278)
	at java.util.concurrent.FutureTask.run(FutureTask.java:266)
	at java.util.concurrent.ScheduledThreadPoolExecutor$ScheduledFutureTask.access$201(ScheduledThreadPoolExecutor.java:180)
	at java.util.concurrent.ScheduledThreadPoolExecutor$ScheduledFutureTask.run(ScheduledThreadPoolExecutor.java:293)
	at java.util.concurrent.ThreadPoolExecutor.runWorker(ThreadPoolExecutor.java:1149)
	at java.util.concurrent.ThreadPoolExecutor$Worker.run(ThreadPoolExecutor.java:624)
	at java.lang.Thread.run(Thread.java:750)
Caused by: java.lang.Exception
	... 19 more
]]></system-err>
  </testcase>
  <testcase name="onTriggerWithExceptionOnFlushAndClose" classname="org.apache.nifi.processors.hive.TestPutHiveStreaming" time="0.005">
    <system-err><![CDATA[[pool-60-thread-1] INFO org.apache.nifi.util.hive.HiveUtils - cached writers { endPoint = Mock for HiveEndPoint, hashCode: 1063621133, TransactionBatch = Mock for TransactionBatch, hashCode: 1429736730 } 
]]></system-err>
  </testcase>
  <testcase name="onTriggerWithPartitionColumns" classname="org.apache.nifi.processors.hive.TestPutHiveStreaming" time="0.005">
    <system-err><![CDATA[[pool-62-thread-1] INFO org.apache.nifi.util.hive.HiveUtils - cached writers { endPoint = Mock for HiveEndPoint, hashCode: 1213676155, TransactionBatch = Mock for TransactionBatch, hashCode: 354848218 } 
]]></system-err>
  </testcase>
  <testcase name="onTriggerWithHeartbeat" classname="org.apache.nifi.processors.hive.TestPutHiveStreaming" time="1.009">
    <system-err><![CDATA[[pool-64-thread-1] INFO org.apache.nifi.util.hive.HiveUtils - cached writers { endPoint = Mock for HiveEndPoint, hashCode: 63615994, TransactionBatch = Mock for TransactionBatch, hashCode: 1901957592 } 
[pool-66-thread-1] INFO org.apache.nifi.util.hive.HiveUtils - cached writers { endPoint = Mock for HiveEndPoint, hashCode: 63615994, TransactionBatch = Mock for TransactionBatch, hashCode: 870873209 } 
]]></system-err>
  </testcase>
  <testcase name="onTriggerWithSerializationError" classname="org.apache.nifi.processors.hive.TestPutHiveStreaming" time="0.005">
    <system-err><![CDATA[[pool-68-thread-1] INFO org.apache.nifi.util.hive.HiveUtils - cached writers { endPoint = Mock for HiveEndPoint, hashCode: 152964995, TransactionBatch = Mock for TransactionBatch, hashCode: 1169736130 } 
[pool-68-thread-1] ERROR org.apache.nifi.processors.hive.TestPutHiveStreaming$MockPutHiveStreaming - [MockPutHiveStreaming[id=d5e056fb-7da8-44a3-a878-298a7faaa02b]] Error writing [org.apache.nifi.processors.hive.PutHiveStreaming$HiveStreamingRecord@1364410d] to Hive Streaming transaction due to org.apache.hive.hcatalog.streaming.SerializationError: Test Serialization Error
org.apache.hive.hcatalog.streaming.SerializationError: Test Serialization Error
	at org.apache.nifi.processors.hive.TestPutHiveStreaming$MockHiveWriter.write(TestPutHiveStreaming.java:1087)
	at org.apache.nifi.processors.hive.PutHiveStreaming$1.lambda$process$2(PutHiveStreaming.java:866)
	at org.apache.nifi.processor.util.pattern.ExceptionHandler.execute(ExceptionHandler.java:127)
	at org.apache.nifi.processors.hive.PutHiveStreaming$1.process(PutHiveStreaming.java:860)
	at org.apache.nifi.util.MockProcessSession.read(MockProcessSession.java:601)
	at org.apache.nifi.util.MockProcessSession.read(MockProcessSession.java:583)
	at org.apache.nifi.processors.hive.PutHiveStreaming.onTrigger(PutHiveStreaming.java:813)
	at org.apache.nifi.processors.hive.PutHiveStreaming.lambda$onTrigger$4(PutHiveStreaming.java:679)
	at org.apache.nifi.processor.util.pattern.PartialFunctions.onTrigger(PartialFunctions.java:120)
	at org.apache.nifi.processor.util.pattern.RollbackOnFailure.onTrigger(RollbackOnFailure.java:184)
	at org.apache.nifi.processors.hive.PutHiveStreaming.onTrigger(PutHiveStreaming.java:679)
	at org.apache.nifi.util.StandardProcessorTestRunner$RunProcessor.call(StandardProcessorTestRunner.java:284)
	at org.apache.nifi.util.StandardProcessorTestRunner$RunProcessor.call(StandardProcessorTestRunner.java:278)
	at java.util.concurrent.FutureTask.run(FutureTask.java:266)
	at java.util.concurrent.ScheduledThreadPoolExecutor$ScheduledFutureTask.access$201(ScheduledThreadPoolExecutor.java:180)
	at java.util.concurrent.ScheduledThreadPoolExecutor$ScheduledFutureTask.run(ScheduledThreadPoolExecutor.java:293)
	at java.util.concurrent.ThreadPoolExecutor.runWorker(ThreadPoolExecutor.java:1149)
	at java.util.concurrent.ThreadPoolExecutor$Worker.run(ThreadPoolExecutor.java:624)
	at java.lang.Thread.run(Thread.java:750)
Caused by: java.lang.Exception
	... 19 more
]]></system-err>
  </testcase>
  <testcase name="onTriggerWithPartitionColumnsNotInRecordRollbackOnFailure" classname="org.apache.nifi.processors.hive.TestPutHiveStreaming" time="0.006">
    <system-err><![CDATA[[pool-70-thread-1] ERROR org.apache.nifi.processors.hive.TestPutHiveStreaming$MockPutHiveStreaming - MockPutHiveStreaming[id=7d571599-b844-429b-b748-49f662a040ac] org.apache.nifi.processors.hive.PutHiveStreaming$$Lambda$311/888459634@54bc86af failed to process due to org.apache.nifi.processor.exception.ProcessException: Error writing [org.apache.nifi.processors.hive.PutHiveStreaming$HiveStreamingRecord@4026504c] to Hive Streaming transaction due to java.lang.IllegalArgumentException: Partition column 'favorite_food' not found in Avro record; rolling back session: org.apache.nifi.processor.exception.ProcessException: Error writing [org.apache.nifi.processors.hive.PutHiveStreaming$HiveStreamingRecord@4026504c] to Hive Streaming transaction due to java.lang.IllegalArgumentException: Partition column 'favorite_food' not found in Avro record
org.apache.nifi.processor.exception.ProcessException: Error writing [org.apache.nifi.processors.hive.PutHiveStreaming$HiveStreamingRecord@4026504c] to Hive Streaming transaction due to java.lang.IllegalArgumentException: Partition column 'favorite_food' not found in Avro record
	at org.apache.nifi.processors.hive.PutHiveStreaming.lambda$onHiveRecordsError$1(PutHiveStreaming.java:662)
	at org.apache.nifi.processor.util.pattern.ExceptionHandler$OnError.lambda$andThen$0(ExceptionHandler.java:54)
	at org.apache.nifi.processors.hive.PutHiveStreaming.lambda$onHiveRecordError$2(PutHiveStreaming.java:669)
	at org.apache.nifi.processors.hive.PutHiveStreaming.lambda$onRecordError$3(PutHiveStreaming.java:673)
	at org.apache.nifi.processor.util.pattern.ExceptionHandler.execute(ExceptionHandler.java:148)
	at org.apache.nifi.processors.hive.PutHiveStreaming$1.process(PutHiveStreaming.java:844)
	at org.apache.nifi.util.MockProcessSession.read(MockProcessSession.java:601)
	at org.apache.nifi.util.MockProcessSession.read(MockProcessSession.java:583)
	at org.apache.nifi.processors.hive.PutHiveStreaming.onTrigger(PutHiveStreaming.java:813)
	at org.apache.nifi.processors.hive.PutHiveStreaming.lambda$onTrigger$4(PutHiveStreaming.java:679)
	at org.apache.nifi.processor.util.pattern.PartialFunctions.onTrigger(PartialFunctions.java:120)
	at org.apache.nifi.processor.util.pattern.RollbackOnFailure.onTrigger(RollbackOnFailure.java:184)
	at org.apache.nifi.processors.hive.PutHiveStreaming.onTrigger(PutHiveStreaming.java:679)
	at org.apache.nifi.util.StandardProcessorTestRunner$RunProcessor.call(StandardProcessorTestRunner.java:284)
	at org.apache.nifi.util.StandardProcessorTestRunner$RunProcessor.call(StandardProcessorTestRunner.java:278)
	at java.util.concurrent.FutureTask.run(FutureTask.java:266)
	at java.util.concurrent.ScheduledThreadPoolExecutor$ScheduledFutureTask.access$201(ScheduledThreadPoolExecutor.java:180)
	at java.util.concurrent.ScheduledThreadPoolExecutor$ScheduledFutureTask.run(ScheduledThreadPoolExecutor.java:293)
	at java.util.concurrent.ThreadPoolExecutor.runWorker(ThreadPoolExecutor.java:1149)
	at java.util.concurrent.ThreadPoolExecutor$Worker.run(ThreadPoolExecutor.java:624)
	at java.lang.Thread.run(Thread.java:750)
Caused by: java.lang.IllegalArgumentException: Partition column 'favorite_food' not found in Avro record
	at org.apache.nifi.processors.hive.PutHiveStreaming$1.lambda$process$1(PutHiveStreaming.java:848)
	at org.apache.nifi.processor.util.pattern.ExceptionHandler.execute(ExceptionHandler.java:127)
	... 16 more
[pool-70-thread-1] WARN org.apache.nifi.processors.hive.TestPutHiveStreaming$MockPutHiveStreaming - MockPutHiveStreaming[id=7d571599-b844-429b-b748-49f662a040ac] Administratively yielding org.apache.nifi.processors.hive.TestPutHiveStreaming$MockPutHiveStreaming after rolling back due to org.apache.nifi.processor.exception.ProcessException: Error writing [org.apache.nifi.processors.hive.PutHiveStreaming$HiveStreamingRecord@4026504c] to Hive Streaming transaction due to java.lang.IllegalArgumentException: Partition column 'favorite_food' not found in Avro record: org.apache.nifi.processor.exception.ProcessException: Error writing [org.apache.nifi.processors.hive.PutHiveStreaming$HiveStreamingRecord@4026504c] to Hive Streaming transaction due to java.lang.IllegalArgumentException: Partition column 'favorite_food' not found in Avro record
]]></system-err>
  </testcase>
  <testcase name="onTriggerWithInterruptedException" classname="org.apache.nifi.processors.hive.TestPutHiveStreaming" time="0.005">
    <system-err><![CDATA[[pool-72-thread-1] ERROR org.apache.nifi.processors.hive.TestPutHiveStreaming$MockPutHiveStreaming - [MockPutHiveStreaming[id=d76c6f7e-188a-40b0-a7df-5c7204145139]] Hive Streaming connect/write error, flow file will be penalized and routed to retry. java.lang.InterruptedException
org.apache.nifi.processors.hive.PutHiveStreaming$ShouldRetryException: Hive Streaming connect/write error, flow file will be penalized and routed to retry. java.lang.InterruptedException
	at org.apache.nifi.processors.hive.PutHiveStreaming.lambda$onHiveRecordsError$1(PutHiveStreaming.java:650)
	at org.apache.nifi.processor.util.pattern.ExceptionHandler$OnError.lambda$andThen$0(ExceptionHandler.java:54)
	at org.apache.nifi.processors.hive.PutHiveStreaming.lambda$onHiveRecordError$2(PutHiveStreaming.java:669)
	at org.apache.nifi.processor.util.pattern.ExceptionHandler.execute(ExceptionHandler.java:148)
	at org.apache.nifi.processors.hive.PutHiveStreaming$1.process(PutHiveStreaming.java:860)
	at org.apache.nifi.util.MockProcessSession.read(MockProcessSession.java:601)
	at org.apache.nifi.util.MockProcessSession.read(MockProcessSession.java:583)
	at org.apache.nifi.processors.hive.PutHiveStreaming.onTrigger(PutHiveStreaming.java:813)
	at org.apache.nifi.processors.hive.PutHiveStreaming.lambda$onTrigger$4(PutHiveStreaming.java:679)
	at org.apache.nifi.processor.util.pattern.PartialFunctions.onTrigger(PartialFunctions.java:120)
	at org.apache.nifi.processor.util.pattern.RollbackOnFailure.onTrigger(RollbackOnFailure.java:184)
	at org.apache.nifi.processors.hive.PutHiveStreaming.onTrigger(PutHiveStreaming.java:679)
	at org.apache.nifi.util.StandardProcessorTestRunner$RunProcessor.call(StandardProcessorTestRunner.java:284)
	at org.apache.nifi.util.StandardProcessorTestRunner$RunProcessor.call(StandardProcessorTestRunner.java:278)
	at java.util.concurrent.FutureTask.run(FutureTask.java:266)
	at java.util.concurrent.ScheduledThreadPoolExecutor$ScheduledFutureTask.access$201(ScheduledThreadPoolExecutor.java:180)
	at java.util.concurrent.ScheduledThreadPoolExecutor$ScheduledFutureTask.run(ScheduledThreadPoolExecutor.java:293)
	at java.util.concurrent.ThreadPoolExecutor.runWorker(ThreadPoolExecutor.java:1149)
	at java.util.concurrent.ThreadPoolExecutor$Worker.run(ThreadPoolExecutor.java:624)
	at java.lang.Thread.run(Thread.java:750)
Caused by: java.lang.InterruptedException
	at org.apache.nifi.processors.hive.TestPutHiveStreaming$MockPutHiveStreaming.makeHiveWriter(TestPutHiveStreaming.java:1008)
	at org.apache.nifi.processors.hive.PutHiveStreaming.getOrCreateWriter(PutHiveStreaming.java:1071)
	at org.apache.nifi.processors.hive.PutHiveStreaming.access$1000(PutHiveStreaming.java:119)
	at org.apache.nifi.processors.hive.PutHiveStreaming$1.lambda$process$2(PutHiveStreaming.java:863)
	at org.apache.nifi.processor.util.pattern.ExceptionHandler.execute(ExceptionHandler.java:127)
	... 16 more
]]></system-err>
  </testcase>
  <testcase name="onTriggerBadInput" classname="org.apache.nifi.processors.hive.TestPutHiveStreaming" time="0.004">
    <system-err><![CDATA[[pool-74-thread-1] ERROR org.apache.nifi.processors.hive.TestPutHiveStreaming$MockPutHiveStreaming - [MockPutHiveStreaming[id=990ff535-9d1a-47eb-b21f-fb59087f6f2e]] The incoming flow file can not be read as an Avro file
java.io.IOException: Not a data file.
	at org.apache.avro.file.DataFileStream.initialize(DataFileStream.java:105)
	at org.apache.avro.file.DataFileStream.<init>(DataFileStream.java:84)
	at org.apache.nifi.processors.hive.PutHiveStreaming$1.process(PutHiveStreaming.java:816)
	at org.apache.nifi.util.MockProcessSession.read(MockProcessSession.java:601)
	at org.apache.nifi.util.MockProcessSession.read(MockProcessSession.java:583)
	at org.apache.nifi.processors.hive.PutHiveStreaming.onTrigger(PutHiveStreaming.java:813)
	at org.apache.nifi.processors.hive.PutHiveStreaming.lambda$onTrigger$4(PutHiveStreaming.java:679)
	at org.apache.nifi.processor.util.pattern.PartialFunctions.onTrigger(PartialFunctions.java:120)
	at org.apache.nifi.processor.util.pattern.RollbackOnFailure.onTrigger(RollbackOnFailure.java:184)
	at org.apache.nifi.processors.hive.PutHiveStreaming.onTrigger(PutHiveStreaming.java:679)
	at org.apache.nifi.util.StandardProcessorTestRunner$RunProcessor.call(StandardProcessorTestRunner.java:284)
	at org.apache.nifi.util.StandardProcessorTestRunner$RunProcessor.call(StandardProcessorTestRunner.java:278)
	at java.util.concurrent.FutureTask.run(FutureTask.java:266)
	at java.util.concurrent.ScheduledThreadPoolExecutor$ScheduledFutureTask.access$201(ScheduledThreadPoolExecutor.java:180)
	at java.util.concurrent.ScheduledThreadPoolExecutor$ScheduledFutureTask.run(ScheduledThreadPoolExecutor.java:293)
	at java.util.concurrent.ThreadPoolExecutor.runWorker(ThreadPoolExecutor.java:1149)
	at java.util.concurrent.ThreadPoolExecutor$Worker.run(ThreadPoolExecutor.java:624)
	at java.lang.Thread.run(Thread.java:750)
]]></system-err>
  </testcase>
  <testcase name="onTriggerWithRetireWriters" classname="org.apache.nifi.processors.hive.TestPutHiveStreaming" time="0.017">
    <system-err><![CDATA[[pool-76-thread-1] INFO org.apache.nifi.util.hive.HiveUtils - cached writers { endPoint = Mock for HiveEndPoint, hashCode: 975190403, TransactionBatch = Mock for TransactionBatch, hashCode: 1308448542 } 
[pool-76-thread-1] INFO org.apache.nifi.util.hive.HiveUtils - cached writers { endPoint = Mock for HiveEndPoint, hashCode: 975190403, TransactionBatch = Mock for TransactionBatch, hashCode: 1723964779 } 
[pool-76-thread-1] INFO org.apache.nifi.util.hive.HiveUtils - cached writers { endPoint = Mock for HiveEndPoint, hashCode: 975190403, TransactionBatch = Mock for TransactionBatch, hashCode: 231717504 } 
[pool-76-thread-1] INFO org.apache.nifi.util.hive.HiveUtils - cached writers { endPoint = Mock for HiveEndPoint, hashCode: 975190403, TransactionBatch = Mock for TransactionBatch, hashCode: 1515966836 } 
[pool-76-thread-1] INFO org.apache.nifi.util.hive.HiveUtils - cached writers { endPoint = Mock for HiveEndPoint, hashCode: 975190403, TransactionBatch = Mock for TransactionBatch, hashCode: 439964439 } 
[pool-76-thread-1] INFO org.apache.nifi.util.hive.HiveUtils - cached writers { endPoint = Mock for HiveEndPoint, hashCode: 975190403, TransactionBatch = Mock for TransactionBatch, hashCode: 842362653 } 
[pool-76-thread-1] INFO org.apache.nifi.util.hive.HiveUtils - cached writers { endPoint = Mock for HiveEndPoint, hashCode: 975190403, TransactionBatch = Mock for TransactionBatch, hashCode: 1685428213 } 
[pool-76-thread-1] INFO org.apache.nifi.util.hive.HiveUtils - cached writers { endPoint = Mock for HiveEndPoint, hashCode: 975190403, TransactionBatch = Mock for TransactionBatch, hashCode: 328999880 } 
[pool-76-thread-1] INFO org.apache.nifi.util.hive.HiveUtils - cached writers { endPoint = Mock for HiveEndPoint, hashCode: 975190403, TransactionBatch = Mock for TransactionBatch, hashCode: 627995816 } 
[pool-76-thread-1] INFO org.apache.nifi.util.hive.HiveUtils - cached writers { endPoint = Mock for HiveEndPoint, hashCode: 975190403, TransactionBatch = Mock for TransactionBatch, hashCode: 89372267 } 
]]></system-err>
  </testcase>
  <testcase name="testSetup" classname="org.apache.nifi.processors.hive.TestPutHiveStreaming" time="0.002"/>
  <testcase name="onTriggerWithConnectFailureRollbackOnFailure" classname="org.apache.nifi.processors.hive.TestPutHiveStreaming" time="0.006">
    <system-err><![CDATA[[pool-80-thread-1] ERROR org.apache.nifi.processors.hive.TestPutHiveStreaming$MockPutHiveStreaming - [MockPutHiveStreaming[id=9945b486-af3d-41b9-be41-ea407331027e]] Failed to create HiveWriter for endpoint: Mock for HiveEndPoint, hashCode: 1655846526
org.apache.nifi.util.hive.HiveWriter$ConnectFailure: Failed connecting to EndPoint Mock for HiveEndPoint, hashCode: 1655846526
	at org.apache.nifi.processors.hive.TestPutHiveStreaming$MockPutHiveStreaming.makeHiveWriter(TestPutHiveStreaming.java:1005)
	at org.apache.nifi.processors.hive.PutHiveStreaming.getOrCreateWriter(PutHiveStreaming.java:1071)
	at org.apache.nifi.processors.hive.PutHiveStreaming.access$1000(PutHiveStreaming.java:119)
	at org.apache.nifi.processors.hive.PutHiveStreaming$1.lambda$process$2(PutHiveStreaming.java:863)
	at org.apache.nifi.processor.util.pattern.ExceptionHandler.execute(ExceptionHandler.java:127)
	at org.apache.nifi.processors.hive.PutHiveStreaming$1.process(PutHiveStreaming.java:860)
	at org.apache.nifi.util.MockProcessSession.read(MockProcessSession.java:601)
	at org.apache.nifi.util.MockProcessSession.read(MockProcessSession.java:583)
	at org.apache.nifi.processors.hive.PutHiveStreaming.onTrigger(PutHiveStreaming.java:813)
	at org.apache.nifi.processors.hive.PutHiveStreaming.lambda$onTrigger$4(PutHiveStreaming.java:679)
	at org.apache.nifi.processor.util.pattern.PartialFunctions.onTrigger(PartialFunctions.java:120)
	at org.apache.nifi.processor.util.pattern.RollbackOnFailure.onTrigger(RollbackOnFailure.java:184)
	at org.apache.nifi.processors.hive.PutHiveStreaming.onTrigger(PutHiveStreaming.java:679)
	at org.apache.nifi.util.StandardProcessorTestRunner$RunProcessor.call(StandardProcessorTestRunner.java:284)
	at org.apache.nifi.util.StandardProcessorTestRunner$RunProcessor.call(StandardProcessorTestRunner.java:278)
	at java.util.concurrent.FutureTask.run(FutureTask.java:266)
	at java.util.concurrent.ScheduledThreadPoolExecutor$ScheduledFutureTask.access$201(ScheduledThreadPoolExecutor.java:180)
	at java.util.concurrent.ScheduledThreadPoolExecutor$ScheduledFutureTask.run(ScheduledThreadPoolExecutor.java:293)
	at java.util.concurrent.ThreadPoolExecutor.runWorker(ThreadPoolExecutor.java:1149)
	at java.util.concurrent.ThreadPoolExecutor$Worker.run(ThreadPoolExecutor.java:624)
	at java.lang.Thread.run(Thread.java:750)
Caused by: java.lang.Exception
	... 21 more
[pool-80-thread-1] ERROR org.apache.nifi.processors.hive.TestPutHiveStreaming$MockPutHiveStreaming - MockPutHiveStreaming[id=9945b486-af3d-41b9-be41-ea407331027e] Error connecting to Hive endpoint: table users at thrift://localhost:9083
[pool-80-thread-1] ERROR org.apache.nifi.processors.hive.TestPutHiveStreaming$MockPutHiveStreaming - MockPutHiveStreaming[id=9945b486-af3d-41b9-be41-ea407331027e] org.apache.nifi.processors.hive.PutHiveStreaming$$Lambda$311/888459634@45db4a31 failed to process due to org.apache.nifi.processor.exception.ProcessException: Error writing [org.apache.nifi.processors.hive.PutHiveStreaming$HiveStreamingRecord@4e63759b] to Hive Streaming transaction due to org.apache.nifi.util.hive.HiveWriter$ConnectFailure: Failed connecting to EndPoint Mock for HiveEndPoint, hashCode: 1655846526; rolling back session: org.apache.nifi.processor.exception.ProcessException: Error writing [org.apache.nifi.processors.hive.PutHiveStreaming$HiveStreamingRecord@4e63759b] to Hive Streaming transaction due to org.apache.nifi.util.hive.HiveWriter$ConnectFailure: Failed connecting to EndPoint Mock for HiveEndPoint, hashCode: 1655846526
org.apache.nifi.processor.exception.ProcessException: Error writing [org.apache.nifi.processors.hive.PutHiveStreaming$HiveStreamingRecord@4e63759b] to Hive Streaming transaction due to org.apache.nifi.util.hive.HiveWriter$ConnectFailure: Failed connecting to EndPoint Mock for HiveEndPoint, hashCode: 1655846526
	at org.apache.nifi.processors.hive.PutHiveStreaming.lambda$onHiveRecordsError$1(PutHiveStreaming.java:662)
	at org.apache.nifi.processor.util.pattern.ExceptionHandler$OnError.lambda$andThen$0(ExceptionHandler.java:54)
	at org.apache.nifi.processors.hive.PutHiveStreaming.lambda$onHiveRecordError$2(PutHiveStreaming.java:669)
	at org.apache.nifi.processor.util.pattern.ExceptionHandler.execute(ExceptionHandler.java:148)
	at org.apache.nifi.processors.hive.PutHiveStreaming$1.process(PutHiveStreaming.java:860)
	at org.apache.nifi.util.MockProcessSession.read(MockProcessSession.java:601)
	at org.apache.nifi.util.MockProcessSession.read(MockProcessSession.java:583)
	at org.apache.nifi.processors.hive.PutHiveStreaming.onTrigger(PutHiveStreaming.java:813)
	at org.apache.nifi.processors.hive.PutHiveStreaming.lambda$onTrigger$4(PutHiveStreaming.java:679)
	at org.apache.nifi.processor.util.pattern.PartialFunctions.onTrigger(PartialFunctions.java:120)
	at org.apache.nifi.processor.util.pattern.RollbackOnFailure.onTrigger(RollbackOnFailure.java:184)
	at org.apache.nifi.processors.hive.PutHiveStreaming.onTrigger(PutHiveStreaming.java:679)
	at org.apache.nifi.util.StandardProcessorTestRunner$RunProcessor.call(StandardProcessorTestRunner.java:284)
	at org.apache.nifi.util.StandardProcessorTestRunner$RunProcessor.call(StandardProcessorTestRunner.java:278)
	at java.util.concurrent.FutureTask.run(FutureTask.java:266)
	at java.util.concurrent.ScheduledThreadPoolExecutor$ScheduledFutureTask.access$201(ScheduledThreadPoolExecutor.java:180)
	at java.util.concurrent.ScheduledThreadPoolExecutor$ScheduledFutureTask.run(ScheduledThreadPoolExecutor.java:293)
	at java.util.concurrent.ThreadPoolExecutor.runWorker(ThreadPoolExecutor.java:1149)
	at java.util.concurrent.ThreadPoolExecutor$Worker.run(ThreadPoolExecutor.java:624)
	at java.lang.Thread.run(Thread.java:750)
Caused by: org.apache.nifi.util.hive.HiveWriter$ConnectFailure: Failed connecting to EndPoint Mock for HiveEndPoint, hashCode: 1655846526
	at org.apache.nifi.processors.hive.TestPutHiveStreaming$MockPutHiveStreaming.makeHiveWriter(TestPutHiveStreaming.java:1005)
	at org.apache.nifi.processors.hive.PutHiveStreaming.getOrCreateWriter(PutHiveStreaming.java:1071)
	at org.apache.nifi.processors.hive.PutHiveStreaming.access$1000(PutHiveStreaming.java:119)
	at org.apache.nifi.processors.hive.PutHiveStreaming$1.lambda$process$2(PutHiveStreaming.java:863)
	at org.apache.nifi.processor.util.pattern.ExceptionHandler.execute(ExceptionHandler.java:127)
	... 16 more
Caused by: java.lang.Exception
	... 21 more
[pool-80-thread-1] WARN org.apache.nifi.processors.hive.TestPutHiveStreaming$MockPutHiveStreaming - MockPutHiveStreaming[id=9945b486-af3d-41b9-be41-ea407331027e] Administratively yielding org.apache.nifi.processors.hive.TestPutHiveStreaming$MockPutHiveStreaming after rolling back due to org.apache.nifi.processor.exception.ProcessException: Error writing [org.apache.nifi.processors.hive.PutHiveStreaming$HiveStreamingRecord@4e63759b] to Hive Streaming transaction due to org.apache.nifi.util.hive.HiveWriter$ConnectFailure: Failed connecting to EndPoint Mock for HiveEndPoint, hashCode: 1655846526: org.apache.nifi.processor.exception.ProcessException: Error writing [org.apache.nifi.processors.hive.PutHiveStreaming$HiveStreamingRecord@4e63759b] to Hive Streaming transaction due to org.apache.nifi.util.hive.HiveWriter$ConnectFailure: Failed connecting to EndPoint Mock for HiveEndPoint, hashCode: 1655846526
]]></system-err>
  </testcase>
  <testcase name="onTriggerWithCommitFailureRollbackOnFailure" classname="org.apache.nifi.processors.hive.TestPutHiveStreaming" time="0.005">
    <system-err><![CDATA[[pool-82-thread-1] INFO org.apache.nifi.util.hive.HiveUtils - cached writers { endPoint = Mock for HiveEndPoint, hashCode: 1595881420, TransactionBatch = Mock for TransactionBatch, hashCode: 496633353 } 
[pool-82-thread-1] ERROR org.apache.nifi.processors.hive.TestPutHiveStreaming$MockPutHiveStreaming - MockPutHiveStreaming[id=f9d8efe1-8b07-42ed-9da0-66979703e89c] org.apache.nifi.processors.hive.PutHiveStreaming$$Lambda$311/888459634@3ddeef5d failed to process due to org.apache.nifi.processor.exception.ProcessException: Error writing [org.apache.nifi.processors.hive.PutHiveStreaming$HiveStreamingRecord@405d5eca] to Hive Streaming transaction due to org.apache.nifi.util.hive.HiveWriter$CommitFailure: Commit of Txn 1 failed on EndPoint: Mock for HiveEndPoint, hashCode: 1595881420; rolling back session: org.apache.nifi.processor.exception.ProcessException: Error writing [org.apache.nifi.processors.hive.PutHiveStreaming$HiveStreamingRecord@405d5eca] to Hive Streaming transaction due to org.apache.nifi.util.hive.HiveWriter$CommitFailure: Commit of Txn 1 failed on EndPoint: Mock for HiveEndPoint, hashCode: 1595881420
org.apache.nifi.processor.exception.ProcessException: Error writing [org.apache.nifi.processors.hive.PutHiveStreaming$HiveStreamingRecord@405d5eca] to Hive Streaming transaction due to org.apache.nifi.util.hive.HiveWriter$CommitFailure: Commit of Txn 1 failed on EndPoint: Mock for HiveEndPoint, hashCode: 1595881420
	at org.apache.nifi.processors.hive.PutHiveStreaming.lambda$onHiveRecordsError$1(PutHiveStreaming.java:662)
	at org.apache.nifi.processor.util.pattern.ExceptionHandler$OnError.lambda$andThen$0(ExceptionHandler.java:54)
	at org.apache.nifi.processor.util.pattern.ExceptionHandler.execute(ExceptionHandler.java:148)
	at org.apache.nifi.processors.hive.PutHiveStreaming$1.process(PutHiveStreaming.java:902)
	at org.apache.nifi.util.MockProcessSession.read(MockProcessSession.java:601)
	at org.apache.nifi.util.MockProcessSession.read(MockProcessSession.java:583)
	at org.apache.nifi.processors.hive.PutHiveStreaming.onTrigger(PutHiveStreaming.java:813)
	at org.apache.nifi.processors.hive.PutHiveStreaming.lambda$onTrigger$4(PutHiveStreaming.java:679)
	at org.apache.nifi.processor.util.pattern.PartialFunctions.onTrigger(PartialFunctions.java:120)
	at org.apache.nifi.processor.util.pattern.RollbackOnFailure.onTrigger(RollbackOnFailure.java:184)
	at org.apache.nifi.processors.hive.PutHiveStreaming.onTrigger(PutHiveStreaming.java:679)
	at org.apache.nifi.util.StandardProcessorTestRunner$RunProcessor.call(StandardProcessorTestRunner.java:284)
	at org.apache.nifi.util.StandardProcessorTestRunner$RunProcessor.call(StandardProcessorTestRunner.java:278)
	at java.util.concurrent.FutureTask.run(FutureTask.java:266)
	at java.util.concurrent.ScheduledThreadPoolExecutor$ScheduledFutureTask.access$201(ScheduledThreadPoolExecutor.java:180)
	at java.util.concurrent.ScheduledThreadPoolExecutor$ScheduledFutureTask.run(ScheduledThreadPoolExecutor.java:293)
	at java.util.concurrent.ThreadPoolExecutor.runWorker(ThreadPoolExecutor.java:1149)
	at java.util.concurrent.ThreadPoolExecutor$Worker.run(ThreadPoolExecutor.java:624)
	at java.lang.Thread.run(Thread.java:750)
Caused by: org.apache.nifi.util.hive.HiveWriter$CommitFailure: Commit of Txn 1 failed on EndPoint: Mock for HiveEndPoint, hashCode: 1595881420
	at org.apache.nifi.processors.hive.TestPutHiveStreaming$MockHiveWriter.flush(TestPutHiveStreaming.java:1132)
	at org.apache.nifi.processors.hive.PutHiveStreaming.flushAllWriters(PutHiveStreaming.java:1023)
	at org.apache.nifi.processors.hive.PutHiveStreaming.access$800(PutHiveStreaming.java:119)
	at org.apache.nifi.processors.hive.PutHiveStreaming$1.lambda$process$5(PutHiveStreaming.java:904)
	at org.apache.nifi.processor.util.pattern.ExceptionHandler.execute(ExceptionHandler.java:127)
	... 16 more
Caused by: java.lang.Exception
	... 21 more
[pool-82-thread-1] WARN org.apache.nifi.processors.hive.TestPutHiveStreaming$MockPutHiveStreaming - MockPutHiveStreaming[id=f9d8efe1-8b07-42ed-9da0-66979703e89c] Administratively yielding org.apache.nifi.processors.hive.TestPutHiveStreaming$MockPutHiveStreaming after rolling back due to org.apache.nifi.processor.exception.ProcessException: Error writing [org.apache.nifi.processors.hive.PutHiveStreaming$HiveStreamingRecord@405d5eca] to Hive Streaming transaction due to org.apache.nifi.util.hive.HiveWriter$CommitFailure: Commit of Txn 1 failed on EndPoint: Mock for HiveEndPoint, hashCode: 1595881420: org.apache.nifi.processor.exception.ProcessException: Error writing [org.apache.nifi.processors.hive.PutHiveStreaming$HiveStreamingRecord@405d5eca] to Hive Streaming transaction due to org.apache.nifi.util.hive.HiveWriter$CommitFailure: Commit of Txn 1 failed on EndPoint: Mock for HiveEndPoint, hashCode: 1595881420
]]></system-err>
  </testcase>
  <testcase name="onTriggerMultipleRecordsFailInMiddle" classname="org.apache.nifi.processors.hive.TestPutHiveStreaming" time="0.007">
    <system-err><![CDATA[[pool-84-thread-1] INFO org.apache.nifi.util.hive.HiveUtils - cached writers { endPoint = Mock for HiveEndPoint, hashCode: 1491362242, TransactionBatch = Mock for TransactionBatch, hashCode: 1081159943 } 
[pool-84-thread-1] ERROR org.apache.nifi.processors.hive.TestPutHiveStreaming$MockPutHiveStreaming - [MockPutHiveStreaming[id=1a29c7d9-fe7d-4349-b3af-86ccda60f66a]] Error writing [org.apache.nifi.processors.hive.PutHiveStreaming$HiveStreamingRecord@569c6a6d] to Hive Streaming transaction due to org.apache.nifi.util.hive.HiveWriter$WriteFailure: Failed writing to : Mock for HiveEndPoint, hashCode: 1491362242. TxnID : 1
org.apache.nifi.util.hive.HiveWriter$WriteFailure: Failed writing to : Mock for HiveEndPoint, hashCode: 1491362242. TxnID : 1
	at org.apache.nifi.processors.hive.TestPutHiveStreaming$MockHiveWriter.write(TestPutHiveStreaming.java:1084)
	at org.apache.nifi.processors.hive.PutHiveStreaming$1.lambda$process$2(PutHiveStreaming.java:866)
	at org.apache.nifi.processor.util.pattern.ExceptionHandler.execute(ExceptionHandler.java:127)
	at org.apache.nifi.processors.hive.PutHiveStreaming$1.process(PutHiveStreaming.java:860)
	at org.apache.nifi.util.MockProcessSession.read(MockProcessSession.java:601)
	at org.apache.nifi.util.MockProcessSession.read(MockProcessSession.java:583)
	at org.apache.nifi.processors.hive.PutHiveStreaming.onTrigger(PutHiveStreaming.java:813)
	at org.apache.nifi.processors.hive.PutHiveStreaming.lambda$onTrigger$4(PutHiveStreaming.java:679)
	at org.apache.nifi.processor.util.pattern.PartialFunctions.onTrigger(PartialFunctions.java:120)
	at org.apache.nifi.processor.util.pattern.RollbackOnFailure.onTrigger(RollbackOnFailure.java:184)
	at org.apache.nifi.processors.hive.PutHiveStreaming.onTrigger(PutHiveStreaming.java:679)
	at org.apache.nifi.util.StandardProcessorTestRunner$RunProcessor.call(StandardProcessorTestRunner.java:284)
	at org.apache.nifi.util.StandardProcessorTestRunner$RunProcessor.call(StandardProcessorTestRunner.java:278)
	at java.util.concurrent.FutureTask.run(FutureTask.java:266)
	at java.util.concurrent.ScheduledThreadPoolExecutor$ScheduledFutureTask.access$201(ScheduledThreadPoolExecutor.java:180)
	at java.util.concurrent.ScheduledThreadPoolExecutor$ScheduledFutureTask.run(ScheduledThreadPoolExecutor.java:293)
	at java.util.concurrent.ThreadPoolExecutor.runWorker(ThreadPoolExecutor.java:1149)
	at java.util.concurrent.ThreadPoolExecutor$Worker.run(ThreadPoolExecutor.java:624)
	at java.lang.Thread.run(Thread.java:750)
Caused by: java.lang.Exception
	... 19 more
]]></system-err>
  </testcase>
  <testcase name="onTriggerBadInputRollbackOnFailure" classname="org.apache.nifi.processors.hive.TestPutHiveStreaming" time="0.004">
    <system-err><![CDATA[[pool-86-thread-1] ERROR org.apache.nifi.processors.hive.TestPutHiveStreaming$MockPutHiveStreaming - MockPutHiveStreaming[id=db60fb59-2b27-4100-a151-58e67b8a334e] org.apache.nifi.processors.hive.PutHiveStreaming$$Lambda$311/888459634@7b606bbc failed to process due to org.apache.nifi.processor.exception.ProcessException: The incoming flow file can not be read as an Avro file; rolling back session: org.apache.nifi.processor.exception.ProcessException: The incoming flow file can not be read as an Avro file
org.apache.nifi.processor.exception.ProcessException: The incoming flow file can not be read as an Avro file
	at org.apache.nifi.processors.hive.PutHiveStreaming$1.process(PutHiveStreaming.java:923)
	at org.apache.nifi.util.MockProcessSession.read(MockProcessSession.java:601)
	at org.apache.nifi.util.MockProcessSession.read(MockProcessSession.java:583)
	at org.apache.nifi.processors.hive.PutHiveStreaming.onTrigger(PutHiveStreaming.java:813)
	at org.apache.nifi.processors.hive.PutHiveStreaming.lambda$onTrigger$4(PutHiveStreaming.java:679)
	at org.apache.nifi.processor.util.pattern.PartialFunctions.onTrigger(PartialFunctions.java:120)
	at org.apache.nifi.processor.util.pattern.RollbackOnFailure.onTrigger(RollbackOnFailure.java:184)
	at org.apache.nifi.processors.hive.PutHiveStreaming.onTrigger(PutHiveStreaming.java:679)
	at org.apache.nifi.util.StandardProcessorTestRunner$RunProcessor.call(StandardProcessorTestRunner.java:284)
	at org.apache.nifi.util.StandardProcessorTestRunner$RunProcessor.call(StandardProcessorTestRunner.java:278)
	at java.util.concurrent.FutureTask.run(FutureTask.java:266)
	at java.util.concurrent.ScheduledThreadPoolExecutor$ScheduledFutureTask.access$201(ScheduledThreadPoolExecutor.java:180)
	at java.util.concurrent.ScheduledThreadPoolExecutor$ScheduledFutureTask.run(ScheduledThreadPoolExecutor.java:293)
	at java.util.concurrent.ThreadPoolExecutor.runWorker(ThreadPoolExecutor.java:1149)
	at java.util.concurrent.ThreadPoolExecutor$Worker.run(ThreadPoolExecutor.java:624)
	at java.lang.Thread.run(Thread.java:750)
Caused by: java.io.IOException: Not a data file.
	at org.apache.avro.file.DataFileStream.initialize(DataFileStream.java:105)
	at org.apache.avro.file.DataFileStream.<init>(DataFileStream.java:84)
	at org.apache.nifi.processors.hive.PutHiveStreaming$1.process(PutHiveStreaming.java:816)
	... 15 more
[pool-86-thread-1] WARN org.apache.nifi.processors.hive.TestPutHiveStreaming$MockPutHiveStreaming - MockPutHiveStreaming[id=db60fb59-2b27-4100-a151-58e67b8a334e] Administratively yielding org.apache.nifi.processors.hive.TestPutHiveStreaming$MockPutHiveStreaming after rolling back due to org.apache.nifi.processor.exception.ProcessException: The incoming flow file can not be read as an Avro file: org.apache.nifi.processor.exception.ProcessException: The incoming flow file can not be read as an Avro file
]]></system-err>
  </testcase>
  <testcase name="onTriggerWithTransactionFailureRollbackOnFailure" classname="org.apache.nifi.processors.hive.TestPutHiveStreaming" time="0.006">
    <system-err><![CDATA[[pool-88-thread-1] INFO org.apache.nifi.util.hive.HiveUtils - cached writers { endPoint = Mock for HiveEndPoint, hashCode: 1523683754, TransactionBatch = Mock for TransactionBatch, hashCode: 1671197458 } 
[pool-88-thread-1] ERROR org.apache.nifi.processors.hive.TestPutHiveStreaming$MockPutHiveStreaming - MockPutHiveStreaming[id=01e7bb1f-5c44-4652-9b44-3b93fd15387f] org.apache.nifi.processors.hive.PutHiveStreaming$$Lambda$311/888459634@5e43c9a2 failed to process due to org.apache.nifi.processor.exception.ProcessException: Error writing [org.apache.nifi.processors.hive.PutHiveStreaming$HiveStreamingRecord@84945c0] to Hive Streaming transaction due to org.apache.nifi.util.hive.HiveWriter$TxnFailure: Failed switching to next Txn in TxnBatch Mock for TransactionBatch, hashCode: 744213926; rolling back session: org.apache.nifi.processor.exception.ProcessException: Error writing [org.apache.nifi.processors.hive.PutHiveStreaming$HiveStreamingRecord@84945c0] to Hive Streaming transaction due to org.apache.nifi.util.hive.HiveWriter$TxnFailure: Failed switching to next Txn in TxnBatch Mock for TransactionBatch, hashCode: 744213926
org.apache.nifi.processor.exception.ProcessException: Error writing [org.apache.nifi.processors.hive.PutHiveStreaming$HiveStreamingRecord@84945c0] to Hive Streaming transaction due to org.apache.nifi.util.hive.HiveWriter$TxnFailure: Failed switching to next Txn in TxnBatch Mock for TransactionBatch, hashCode: 744213926
	at org.apache.nifi.processors.hive.PutHiveStreaming.lambda$onHiveRecordsError$1(PutHiveStreaming.java:662)
	at org.apache.nifi.processor.util.pattern.ExceptionHandler$OnError.lambda$andThen$0(ExceptionHandler.java:54)
	at org.apache.nifi.processor.util.pattern.ExceptionHandler.execute(ExceptionHandler.java:148)
	at org.apache.nifi.processors.hive.PutHiveStreaming$1.process(PutHiveStreaming.java:902)
	at org.apache.nifi.util.MockProcessSession.read(MockProcessSession.java:601)
	at org.apache.nifi.util.MockProcessSession.read(MockProcessSession.java:583)
	at org.apache.nifi.processors.hive.PutHiveStreaming.onTrigger(PutHiveStreaming.java:813)
	at org.apache.nifi.processors.hive.PutHiveStreaming.lambda$onTrigger$4(PutHiveStreaming.java:679)
	at org.apache.nifi.processor.util.pattern.PartialFunctions.onTrigger(PartialFunctions.java:120)
	at org.apache.nifi.processor.util.pattern.RollbackOnFailure.onTrigger(RollbackOnFailure.java:184)
	at org.apache.nifi.processors.hive.PutHiveStreaming.onTrigger(PutHiveStreaming.java:679)
	at org.apache.nifi.util.StandardProcessorTestRunner$RunProcessor.call(StandardProcessorTestRunner.java:284)
	at org.apache.nifi.util.StandardProcessorTestRunner$RunProcessor.call(StandardProcessorTestRunner.java:278)
	at java.util.concurrent.FutureTask.run(FutureTask.java:266)
	at java.util.concurrent.ScheduledThreadPoolExecutor$ScheduledFutureTask.access$201(ScheduledThreadPoolExecutor.java:180)
	at java.util.concurrent.ScheduledThreadPoolExecutor$ScheduledFutureTask.run(ScheduledThreadPoolExecutor.java:293)
	at java.util.concurrent.ThreadPoolExecutor.runWorker(ThreadPoolExecutor.java:1149)
	at java.util.concurrent.ThreadPoolExecutor$Worker.run(ThreadPoolExecutor.java:624)
	at java.lang.Thread.run(Thread.java:750)
Caused by: org.apache.nifi.util.hive.HiveWriter$TxnFailure: Failed switching to next Txn in TxnBatch Mock for TransactionBatch, hashCode: 744213926
	at org.apache.nifi.processors.hive.TestPutHiveStreaming$MockHiveWriter.flush(TestPutHiveStreaming.java:1135)
	at org.apache.nifi.processors.hive.PutHiveStreaming.flushAllWriters(PutHiveStreaming.java:1023)
	at org.apache.nifi.processors.hive.PutHiveStreaming.access$800(PutHiveStreaming.java:119)
	at org.apache.nifi.processors.hive.PutHiveStreaming$1.lambda$process$5(PutHiveStreaming.java:904)
	at org.apache.nifi.processor.util.pattern.ExceptionHandler.execute(ExceptionHandler.java:127)
	... 16 more
Caused by: java.lang.Exception
	... 21 more
[pool-88-thread-1] WARN org.apache.nifi.processors.hive.TestPutHiveStreaming$MockPutHiveStreaming - MockPutHiveStreaming[id=01e7bb1f-5c44-4652-9b44-3b93fd15387f] Administratively yielding org.apache.nifi.processors.hive.TestPutHiveStreaming$MockPutHiveStreaming after rolling back due to org.apache.nifi.processor.exception.ProcessException: Error writing [org.apache.nifi.processors.hive.PutHiveStreaming$HiveStreamingRecord@84945c0] to Hive Streaming transaction due to org.apache.nifi.util.hive.HiveWriter$TxnFailure: Failed switching to next Txn in TxnBatch Mock for TransactionBatch, hashCode: 744213926: org.apache.nifi.processor.exception.ProcessException: Error writing [org.apache.nifi.processors.hive.PutHiveStreaming$HiveStreamingRecord@84945c0] to Hive Streaming transaction due to org.apache.nifi.util.hive.HiveWriter$TxnFailure: Failed switching to next Txn in TxnBatch Mock for TransactionBatch, hashCode: 744213926
]]></system-err>
  </testcase>
  <testcase name="onTriggerWithPartitionColumnsNotInRecord" classname="org.apache.nifi.processors.hive.TestPutHiveStreaming" time="0.006">
    <system-err><![CDATA[[pool-90-thread-1] ERROR org.apache.nifi.processors.hive.TestPutHiveStreaming$MockPutHiveStreaming - [MockPutHiveStreaming[id=afbb6d6d-bd39-43ae-9ca1-4792c475d526]] Error writing [org.apache.nifi.processors.hive.PutHiveStreaming$HiveStreamingRecord@43eb6aea] to Hive Streaming transaction due to java.lang.IllegalArgumentException: Partition column 'favorite_food' not found in Avro record
java.lang.IllegalArgumentException: Partition column 'favorite_food' not found in Avro record
	at org.apache.nifi.processors.hive.PutHiveStreaming$1.lambda$process$1(PutHiveStreaming.java:848)
	at org.apache.nifi.processor.util.pattern.ExceptionHandler.execute(ExceptionHandler.java:127)
	at org.apache.nifi.processors.hive.PutHiveStreaming$1.process(PutHiveStreaming.java:844)
	at org.apache.nifi.util.MockProcessSession.read(MockProcessSession.java:601)
	at org.apache.nifi.util.MockProcessSession.read(MockProcessSession.java:583)
	at org.apache.nifi.processors.hive.PutHiveStreaming.onTrigger(PutHiveStreaming.java:813)
	at org.apache.nifi.processors.hive.PutHiveStreaming.lambda$onTrigger$4(PutHiveStreaming.java:679)
	at org.apache.nifi.processor.util.pattern.PartialFunctions.onTrigger(PartialFunctions.java:120)
	at org.apache.nifi.processor.util.pattern.RollbackOnFailure.onTrigger(RollbackOnFailure.java:184)
	at org.apache.nifi.processors.hive.PutHiveStreaming.onTrigger(PutHiveStreaming.java:679)
	at org.apache.nifi.util.StandardProcessorTestRunner$RunProcessor.call(StandardProcessorTestRunner.java:284)
	at org.apache.nifi.util.StandardProcessorTestRunner$RunProcessor.call(StandardProcessorTestRunner.java:278)
	at java.util.concurrent.FutureTask.run(FutureTask.java:266)
	at java.util.concurrent.ScheduledThreadPoolExecutor$ScheduledFutureTask.access$201(ScheduledThreadPoolExecutor.java:180)
	at java.util.concurrent.ScheduledThreadPoolExecutor$ScheduledFutureTask.run(ScheduledThreadPoolExecutor.java:293)
	at java.util.concurrent.ThreadPoolExecutor.runWorker(ThreadPoolExecutor.java:1149)
	at java.util.concurrent.ThreadPoolExecutor$Worker.run(ThreadPoolExecutor.java:624)
	at java.lang.Thread.run(Thread.java:750)
]]></system-err>
  </testcase>
  <testcase name="testSingleBatchInvalid" classname="org.apache.nifi.processors.hive.TestPutHiveStreaming" time="0.002"/>
  <testcase name="abortAndCloseWriters" classname="org.apache.nifi.processors.hive.TestPutHiveStreaming" time="0.001"/>
  <testcase name="onTriggerWithCommitFailure" classname="org.apache.nifi.processors.hive.TestPutHiveStreaming" time="0.006">
    <system-err><![CDATA[[pool-92-thread-1] INFO org.apache.nifi.util.hive.HiveUtils - cached writers { endPoint = Mock for HiveEndPoint, hashCode: 281861460, TransactionBatch = Mock for TransactionBatch, hashCode: 802583616 } 
[pool-92-thread-1] ERROR org.apache.nifi.processors.hive.TestPutHiveStreaming$MockPutHiveStreaming - [MockPutHiveStreaming[id=910dee35-cf5f-434b-8dd7-ea2910106d21]] Hive Streaming connect/write error, flow file will be penalized and routed to retry. org.apache.nifi.util.hive.HiveWriter$CommitFailure: Commit of Txn 1 failed on EndPoint: Mock for HiveEndPoint, hashCode: 281861460
org.apache.nifi.processors.hive.PutHiveStreaming$ShouldRetryException: Hive Streaming connect/write error, flow file will be penalized and routed to retry. org.apache.nifi.util.hive.HiveWriter$CommitFailure: Commit of Txn 1 failed on EndPoint: Mock for HiveEndPoint, hashCode: 281861460
	at org.apache.nifi.processors.hive.PutHiveStreaming.lambda$onHiveRecordsError$1(PutHiveStreaming.java:650)
	at org.apache.nifi.processor.util.pattern.ExceptionHandler$OnError.lambda$andThen$0(ExceptionHandler.java:54)
	at org.apache.nifi.processor.util.pattern.ExceptionHandler.execute(ExceptionHandler.java:148)
	at org.apache.nifi.processors.hive.PutHiveStreaming$1.process(PutHiveStreaming.java:902)
	at org.apache.nifi.util.MockProcessSession.read(MockProcessSession.java:601)
	at org.apache.nifi.util.MockProcessSession.read(MockProcessSession.java:583)
	at org.apache.nifi.processors.hive.PutHiveStreaming.onTrigger(PutHiveStreaming.java:813)
	at org.apache.nifi.processors.hive.PutHiveStreaming.lambda$onTrigger$4(PutHiveStreaming.java:679)
	at org.apache.nifi.processor.util.pattern.PartialFunctions.onTrigger(PartialFunctions.java:120)
	at org.apache.nifi.processor.util.pattern.RollbackOnFailure.onTrigger(RollbackOnFailure.java:184)
	at org.apache.nifi.processors.hive.PutHiveStreaming.onTrigger(PutHiveStreaming.java:679)
	at org.apache.nifi.util.StandardProcessorTestRunner$RunProcessor.call(StandardProcessorTestRunner.java:284)
	at org.apache.nifi.util.StandardProcessorTestRunner$RunProcessor.call(StandardProcessorTestRunner.java:278)
	at java.util.concurrent.FutureTask.run(FutureTask.java:266)
	at java.util.concurrent.ScheduledThreadPoolExecutor$ScheduledFutureTask.access$201(ScheduledThreadPoolExecutor.java:180)
	at java.util.concurrent.ScheduledThreadPoolExecutor$ScheduledFutureTask.run(ScheduledThreadPoolExecutor.java:293)
	at java.util.concurrent.ThreadPoolExecutor.runWorker(ThreadPoolExecutor.java:1149)
	at java.util.concurrent.ThreadPoolExecutor$Worker.run(ThreadPoolExecutor.java:624)
	at java.lang.Thread.run(Thread.java:750)
Caused by: org.apache.nifi.util.hive.HiveWriter$CommitFailure: Commit of Txn 1 failed on EndPoint: Mock for HiveEndPoint, hashCode: 281861460
	at org.apache.nifi.processors.hive.TestPutHiveStreaming$MockHiveWriter.flush(TestPutHiveStreaming.java:1132)
	at org.apache.nifi.processors.hive.PutHiveStreaming.flushAllWriters(PutHiveStreaming.java:1023)
	at org.apache.nifi.processors.hive.PutHiveStreaming.access$800(PutHiveStreaming.java:119)
	at org.apache.nifi.processors.hive.PutHiveStreaming$1.lambda$process$5(PutHiveStreaming.java:904)
	at org.apache.nifi.processor.util.pattern.ExceptionHandler.execute(ExceptionHandler.java:127)
	... 16 more
Caused by: java.lang.Exception
	... 21 more
]]></system-err>
  </testcase>
  <testcase name="onTriggerWithInterruptedExceptionRollbackOnFailure" classname="org.apache.nifi.processors.hive.TestPutHiveStreaming" time="0.005">
    <system-err><![CDATA[[pool-94-thread-1] ERROR org.apache.nifi.processors.hive.TestPutHiveStreaming$MockPutHiveStreaming - MockPutHiveStreaming[id=30754d05-b874-456c-87cb-e2e1feb8fc6e] org.apache.nifi.processors.hive.PutHiveStreaming$$Lambda$311/888459634@1686c852 failed to process due to org.apache.nifi.processor.exception.ProcessException: Error writing [org.apache.nifi.processors.hive.PutHiveStreaming$HiveStreamingRecord@1a44d59e] to Hive Streaming transaction due to java.lang.InterruptedException; rolling back session: org.apache.nifi.processor.exception.ProcessException: Error writing [org.apache.nifi.processors.hive.PutHiveStreaming$HiveStreamingRecord@1a44d59e] to Hive Streaming transaction due to java.lang.InterruptedException
org.apache.nifi.processor.exception.ProcessException: Error writing [org.apache.nifi.processors.hive.PutHiveStreaming$HiveStreamingRecord@1a44d59e] to Hive Streaming transaction due to java.lang.InterruptedException
	at org.apache.nifi.processors.hive.PutHiveStreaming.lambda$onHiveRecordsError$1(PutHiveStreaming.java:662)
	at org.apache.nifi.processor.util.pattern.ExceptionHandler$OnError.lambda$andThen$0(ExceptionHandler.java:54)
	at org.apache.nifi.processors.hive.PutHiveStreaming.lambda$onHiveRecordError$2(PutHiveStreaming.java:669)
	at org.apache.nifi.processor.util.pattern.ExceptionHandler.execute(ExceptionHandler.java:148)
	at org.apache.nifi.processors.hive.PutHiveStreaming$1.process(PutHiveStreaming.java:860)
	at org.apache.nifi.util.MockProcessSession.read(MockProcessSession.java:601)
	at org.apache.nifi.util.MockProcessSession.read(MockProcessSession.java:583)
	at org.apache.nifi.processors.hive.PutHiveStreaming.onTrigger(PutHiveStreaming.java:813)
	at org.apache.nifi.processors.hive.PutHiveStreaming.lambda$onTrigger$4(PutHiveStreaming.java:679)
	at org.apache.nifi.processor.util.pattern.PartialFunctions.onTrigger(PartialFunctions.java:120)
	at org.apache.nifi.processor.util.pattern.RollbackOnFailure.onTrigger(RollbackOnFailure.java:184)
	at org.apache.nifi.processors.hive.PutHiveStreaming.onTrigger(PutHiveStreaming.java:679)
	at org.apache.nifi.util.StandardProcessorTestRunner$RunProcessor.call(StandardProcessorTestRunner.java:284)
	at org.apache.nifi.util.StandardProcessorTestRunner$RunProcessor.call(StandardProcessorTestRunner.java:278)
	at java.util.concurrent.FutureTask.run(FutureTask.java:266)
	at java.util.concurrent.ScheduledThreadPoolExecutor$ScheduledFutureTask.access$201(ScheduledThreadPoolExecutor.java:180)
	at java.util.concurrent.ScheduledThreadPoolExecutor$ScheduledFutureTask.run(ScheduledThreadPoolExecutor.java:293)
	at java.util.concurrent.ThreadPoolExecutor.runWorker(ThreadPoolExecutor.java:1149)
	at java.util.concurrent.ThreadPoolExecutor$Worker.run(ThreadPoolExecutor.java:624)
	at java.lang.Thread.run(Thread.java:750)
Caused by: java.lang.InterruptedException
	at org.apache.nifi.processors.hive.TestPutHiveStreaming$MockPutHiveStreaming.makeHiveWriter(TestPutHiveStreaming.java:1008)
	at org.apache.nifi.processors.hive.PutHiveStreaming.getOrCreateWriter(PutHiveStreaming.java:1071)
	at org.apache.nifi.processors.hive.PutHiveStreaming.access$1000(PutHiveStreaming.java:119)
	at org.apache.nifi.processors.hive.PutHiveStreaming$1.lambda$process$2(PutHiveStreaming.java:863)
	at org.apache.nifi.processor.util.pattern.ExceptionHandler.execute(ExceptionHandler.java:127)
	... 16 more
[pool-94-thread-1] WARN org.apache.nifi.processors.hive.TestPutHiveStreaming$MockPutHiveStreaming - MockPutHiveStreaming[id=30754d05-b874-456c-87cb-e2e1feb8fc6e] Administratively yielding org.apache.nifi.processors.hive.TestPutHiveStreaming$MockPutHiveStreaming after rolling back due to org.apache.nifi.processor.exception.ProcessException: Error writing [org.apache.nifi.processors.hive.PutHiveStreaming$HiveStreamingRecord@1a44d59e] to Hive Streaming transaction due to java.lang.InterruptedException: org.apache.nifi.processor.exception.ProcessException: Error writing [org.apache.nifi.processors.hive.PutHiveStreaming$HiveStreamingRecord@1a44d59e] to Hive Streaming transaction due to java.lang.InterruptedException
]]></system-err>
  </testcase>
  <testcase name="testSetupBadPartitionColumns" classname="org.apache.nifi.processors.hive.TestPutHiveStreaming" time="0.002"/>
  <testcase name="onTriggerWithWriteFailureRollbackOnFailure" classname="org.apache.nifi.processors.hive.TestPutHiveStreaming" time="0.005">
    <system-err><![CDATA[[pool-96-thread-1] INFO org.apache.nifi.util.hive.HiveUtils - cached writers { endPoint = Mock for HiveEndPoint, hashCode: 791245819, TransactionBatch = Mock for TransactionBatch, hashCode: 1539410116 } 
[pool-96-thread-1] ERROR org.apache.nifi.processors.hive.TestPutHiveStreaming$MockPutHiveStreaming - MockPutHiveStreaming[id=1662e59e-b76b-4220-9727-611111151b7b] org.apache.nifi.processors.hive.PutHiveStreaming$$Lambda$311/888459634@1ba1944a failed to process due to org.apache.nifi.processor.exception.ProcessException: Error writing [org.apache.nifi.processors.hive.PutHiveStreaming$HiveStreamingRecord@5fe26c6a] to Hive Streaming transaction due to org.apache.nifi.util.hive.HiveWriter$WriteFailure: Failed writing to : Mock for HiveEndPoint, hashCode: 791245819. TxnID : 1; rolling back session: org.apache.nifi.processor.exception.ProcessException: Error writing [org.apache.nifi.processors.hive.PutHiveStreaming$HiveStreamingRecord@5fe26c6a] to Hive Streaming transaction due to org.apache.nifi.util.hive.HiveWriter$WriteFailure: Failed writing to : Mock for HiveEndPoint, hashCode: 791245819. TxnID : 1
org.apache.nifi.processor.exception.ProcessException: Error writing [org.apache.nifi.processors.hive.PutHiveStreaming$HiveStreamingRecord@5fe26c6a] to Hive Streaming transaction due to org.apache.nifi.util.hive.HiveWriter$WriteFailure: Failed writing to : Mock for HiveEndPoint, hashCode: 791245819. TxnID : 1
	at org.apache.nifi.processors.hive.PutHiveStreaming.lambda$onHiveRecordsError$1(PutHiveStreaming.java:662)
	at org.apache.nifi.processor.util.pattern.ExceptionHandler$OnError.lambda$andThen$0(ExceptionHandler.java:54)
	at org.apache.nifi.processors.hive.PutHiveStreaming.lambda$onHiveRecordError$2(PutHiveStreaming.java:669)
	at org.apache.nifi.processor.util.pattern.ExceptionHandler.execute(ExceptionHandler.java:148)
	at org.apache.nifi.processors.hive.PutHiveStreaming$1.process(PutHiveStreaming.java:860)
	at org.apache.nifi.util.MockProcessSession.read(MockProcessSession.java:601)
	at org.apache.nifi.util.MockProcessSession.read(MockProcessSession.java:583)
	at org.apache.nifi.processors.hive.PutHiveStreaming.onTrigger(PutHiveStreaming.java:813)
	at org.apache.nifi.processors.hive.PutHiveStreaming.lambda$onTrigger$4(PutHiveStreaming.java:679)
	at org.apache.nifi.processor.util.pattern.PartialFunctions.onTrigger(PartialFunctions.java:120)
	at org.apache.nifi.processor.util.pattern.RollbackOnFailure.onTrigger(RollbackOnFailure.java:184)
	at org.apache.nifi.processors.hive.PutHiveStreaming.onTrigger(PutHiveStreaming.java:679)
	at org.apache.nifi.util.StandardProcessorTestRunner$RunProcessor.call(StandardProcessorTestRunner.java:284)
	at org.apache.nifi.util.StandardProcessorTestRunner$RunProcessor.call(StandardProcessorTestRunner.java:278)
	at java.util.concurrent.FutureTask.run(FutureTask.java:266)
	at java.util.concurrent.ScheduledThreadPoolExecutor$ScheduledFutureTask.access$201(ScheduledThreadPoolExecutor.java:180)
	at java.util.concurrent.ScheduledThreadPoolExecutor$ScheduledFutureTask.run(ScheduledThreadPoolExecutor.java:293)
	at java.util.concurrent.ThreadPoolExecutor.runWorker(ThreadPoolExecutor.java:1149)
	at java.util.concurrent.ThreadPoolExecutor$Worker.run(ThreadPoolExecutor.java:624)
	at java.lang.Thread.run(Thread.java:750)
Caused by: org.apache.nifi.util.hive.HiveWriter$WriteFailure: Failed writing to : Mock for HiveEndPoint, hashCode: 791245819. TxnID : 1
	at org.apache.nifi.processors.hive.TestPutHiveStreaming$MockHiveWriter.write(TestPutHiveStreaming.java:1084)
	at org.apache.nifi.processors.hive.PutHiveStreaming$1.lambda$process$2(PutHiveStreaming.java:866)
	at org.apache.nifi.processor.util.pattern.ExceptionHandler.execute(ExceptionHandler.java:127)
	... 16 more
Caused by: java.lang.Exception
	... 19 more
[pool-96-thread-1] WARN org.apache.nifi.processors.hive.TestPutHiveStreaming$MockPutHiveStreaming - MockPutHiveStreaming[id=1662e59e-b76b-4220-9727-611111151b7b] Administratively yielding org.apache.nifi.processors.hive.TestPutHiveStreaming$MockPutHiveStreaming after rolling back due to org.apache.nifi.processor.exception.ProcessException: Error writing [org.apache.nifi.processors.hive.PutHiveStreaming$HiveStreamingRecord@5fe26c6a] to Hive Streaming transaction due to org.apache.nifi.util.hive.HiveWriter$WriteFailure: Failed writing to : Mock for HiveEndPoint, hashCode: 791245819. TxnID : 1: org.apache.nifi.processor.exception.ProcessException: Error writing [org.apache.nifi.processors.hive.PutHiveStreaming$HiveStreamingRecord@5fe26c6a] to Hive Streaming transaction due to org.apache.nifi.util.hive.HiveWriter$WriteFailure: Failed writing to : Mock for HiveEndPoint, hashCode: 791245819. TxnID : 1
]]></system-err>
  </testcase>
  <testcase name="onTrigger" classname="org.apache.nifi.processors.hive.TestPutHiveStreaming" time="0.006">
    <system-err><![CDATA[[pool-98-thread-1] INFO org.apache.nifi.util.hive.HiveUtils - cached writers { endPoint = Mock for HiveEndPoint, hashCode: 2076137030, TransactionBatch = Mock for TransactionBatch, hashCode: 1637845332 } 
]]></system-err>
  </testcase>
  <testcase name="testUgiGetsSetIfSecure" classname="org.apache.nifi.processors.hive.TestPutHiveStreaming" time="0.008">
    <system-err><![CDATA[[main] INFO org.apache.nifi.processors.hive.TestPutHiveStreaming$MockPutHiveStreaming - MockPutHiveStreaming[id=1bbd4ef2-aee7-4a78-89de-fcb08542f15d] Hive Security Enabled, logging in as principal principal with keytab src/test/resources/fake.keytab
[main] INFO org.apache.nifi.processors.hive.TestPutHiveStreaming$MockPutHiveStreaming - MockPutHiveStreaming[id=1bbd4ef2-aee7-4a78-89de-fcb08542f15d] Successfully logged in as principal principal
[pool-100-thread-1] INFO org.apache.nifi.util.hive.HiveUtils - cached writers { endPoint = Mock for HiveEndPoint, hashCode: 1031183053, TransactionBatch = Mock for TransactionBatch, hashCode: 926249383 } 
]]></system-err>
  </testcase>
  <testcase name="onTriggerWithConnectFailure" classname="org.apache.nifi.processors.hive.TestPutHiveStreaming" time="0.004">
    <system-err><![CDATA[[pool-102-thread-1] ERROR org.apache.nifi.processors.hive.TestPutHiveStreaming$MockPutHiveStreaming - [MockPutHiveStreaming[id=12902abe-95bb-43d0-a878-69d43044a358]] Failed to create HiveWriter for endpoint: Mock for HiveEndPoint, hashCode: 1823558468
org.apache.nifi.util.hive.HiveWriter$ConnectFailure: Failed connecting to EndPoint Mock for HiveEndPoint, hashCode: 1823558468
	at org.apache.nifi.processors.hive.TestPutHiveStreaming$MockPutHiveStreaming.makeHiveWriter(TestPutHiveStreaming.java:1005)
	at org.apache.nifi.processors.hive.PutHiveStreaming.getOrCreateWriter(PutHiveStreaming.java:1071)
	at org.apache.nifi.processors.hive.PutHiveStreaming.access$1000(PutHiveStreaming.java:119)
	at org.apache.nifi.processors.hive.PutHiveStreaming$1.lambda$process$2(PutHiveStreaming.java:863)
	at org.apache.nifi.processor.util.pattern.ExceptionHandler.execute(ExceptionHandler.java:127)
	at org.apache.nifi.processors.hive.PutHiveStreaming$1.process(PutHiveStreaming.java:860)
	at org.apache.nifi.util.MockProcessSession.read(MockProcessSession.java:601)
	at org.apache.nifi.util.MockProcessSession.read(MockProcessSession.java:583)
	at org.apache.nifi.processors.hive.PutHiveStreaming.onTrigger(PutHiveStreaming.java:813)
	at org.apache.nifi.processors.hive.PutHiveStreaming.lambda$onTrigger$4(PutHiveStreaming.java:679)
	at org.apache.nifi.processor.util.pattern.PartialFunctions.onTrigger(PartialFunctions.java:120)
	at org.apache.nifi.processor.util.pattern.RollbackOnFailure.onTrigger(RollbackOnFailure.java:184)
	at org.apache.nifi.processors.hive.PutHiveStreaming.onTrigger(PutHiveStreaming.java:679)
	at org.apache.nifi.util.StandardProcessorTestRunner$RunProcessor.call(StandardProcessorTestRunner.java:284)
	at org.apache.nifi.util.StandardProcessorTestRunner$RunProcessor.call(StandardProcessorTestRunner.java:278)
	at java.util.concurrent.FutureTask.run(FutureTask.java:266)
	at java.util.concurrent.ScheduledThreadPoolExecutor$ScheduledFutureTask.access$201(ScheduledThreadPoolExecutor.java:180)
	at java.util.concurrent.ScheduledThreadPoolExecutor$ScheduledFutureTask.run(ScheduledThreadPoolExecutor.java:293)
	at java.util.concurrent.ThreadPoolExecutor.runWorker(ThreadPoolExecutor.java:1149)
	at java.util.concurrent.ThreadPoolExecutor$Worker.run(ThreadPoolExecutor.java:624)
	at java.lang.Thread.run(Thread.java:750)
Caused by: java.lang.Exception
	... 21 more
[pool-102-thread-1] ERROR org.apache.nifi.processors.hive.TestPutHiveStreaming$MockPutHiveStreaming - MockPutHiveStreaming[id=12902abe-95bb-43d0-a878-69d43044a358] Error connecting to Hive endpoint: table users at thrift://localhost:9083
[pool-102-thread-1] ERROR org.apache.nifi.processors.hive.TestPutHiveStreaming$MockPutHiveStreaming - [MockPutHiveStreaming[id=12902abe-95bb-43d0-a878-69d43044a358]] Hive Streaming connect/write error, flow file will be penalized and routed to retry. org.apache.nifi.util.hive.HiveWriter$ConnectFailure: Failed connecting to EndPoint Mock for HiveEndPoint, hashCode: 1823558468
org.apache.nifi.processors.hive.PutHiveStreaming$ShouldRetryException: Hive Streaming connect/write error, flow file will be penalized and routed to retry. org.apache.nifi.util.hive.HiveWriter$ConnectFailure: Failed connecting to EndPoint Mock for HiveEndPoint, hashCode: 1823558468
	at org.apache.nifi.processors.hive.PutHiveStreaming.lambda$onHiveRecordsError$1(PutHiveStreaming.java:650)
	at org.apache.nifi.processor.util.pattern.ExceptionHandler$OnError.lambda$andThen$0(ExceptionHandler.java:54)
	at org.apache.nifi.processors.hive.PutHiveStreaming.lambda$onHiveRecordError$2(PutHiveStreaming.java:669)
	at org.apache.nifi.processor.util.pattern.ExceptionHandler.execute(ExceptionHandler.java:148)
	at org.apache.nifi.processors.hive.PutHiveStreaming$1.process(PutHiveStreaming.java:860)
	at org.apache.nifi.util.MockProcessSession.read(MockProcessSession.java:601)
	at org.apache.nifi.util.MockProcessSession.read(MockProcessSession.java:583)
	at org.apache.nifi.processors.hive.PutHiveStreaming.onTrigger(PutHiveStreaming.java:813)
	at org.apache.nifi.processors.hive.PutHiveStreaming.lambda$onTrigger$4(PutHiveStreaming.java:679)
	at org.apache.nifi.processor.util.pattern.PartialFunctions.onTrigger(PartialFunctions.java:120)
	at org.apache.nifi.processor.util.pattern.RollbackOnFailure.onTrigger(RollbackOnFailure.java:184)
	at org.apache.nifi.processors.hive.PutHiveStreaming.onTrigger(PutHiveStreaming.java:679)
	at org.apache.nifi.util.StandardProcessorTestRunner$RunProcessor.call(StandardProcessorTestRunner.java:284)
	at org.apache.nifi.util.StandardProcessorTestRunner$RunProcessor.call(StandardProcessorTestRunner.java:278)
	at java.util.concurrent.FutureTask.run(FutureTask.java:266)
	at java.util.concurrent.ScheduledThreadPoolExecutor$ScheduledFutureTask.access$201(ScheduledThreadPoolExecutor.java:180)
	at java.util.concurrent.ScheduledThreadPoolExecutor$ScheduledFutureTask.run(ScheduledThreadPoolExecutor.java:293)
	at java.util.concurrent.ThreadPoolExecutor.runWorker(ThreadPoolExecutor.java:1149)
	at java.util.concurrent.ThreadPoolExecutor$Worker.run(ThreadPoolExecutor.java:624)
	at java.lang.Thread.run(Thread.java:750)
Caused by: org.apache.nifi.util.hive.HiveWriter$ConnectFailure: Failed connecting to EndPoint Mock for HiveEndPoint, hashCode: 1823558468
	at org.apache.nifi.processors.hive.TestPutHiveStreaming$MockPutHiveStreaming.makeHiveWriter(TestPutHiveStreaming.java:1005)
	at org.apache.nifi.processors.hive.PutHiveStreaming.getOrCreateWriter(PutHiveStreaming.java:1071)
	at org.apache.nifi.processors.hive.PutHiveStreaming.access$1000(PutHiveStreaming.java:119)
	at org.apache.nifi.processors.hive.PutHiveStreaming$1.lambda$process$2(PutHiveStreaming.java:863)
	at org.apache.nifi.processor.util.pattern.ExceptionHandler.execute(ExceptionHandler.java:127)
	... 16 more
Caused by: java.lang.Exception
	... 21 more
]]></system-err>
  </testcase>
  <testcase name="cleanup" classname="org.apache.nifi.processors.hive.TestPutHiveStreaming" time="0.001"/>
  <testcase name="flushAllWriters" classname="org.apache.nifi.processors.hive.TestPutHiveStreaming" time="0.001"/>
  <testcase name="onTriggerMultipleRecordsFailInMiddleRollbackOnFailure" classname="org.apache.nifi.processors.hive.TestPutHiveStreaming" time="0.005">
    <system-err><![CDATA[[pool-104-thread-1] INFO org.apache.nifi.util.hive.HiveUtils - cached writers { endPoint = Mock for HiveEndPoint, hashCode: 1618470911, TransactionBatch = Mock for TransactionBatch, hashCode: 1932872022 } 
[pool-104-thread-1] ERROR org.apache.nifi.processors.hive.TestPutHiveStreaming$MockPutHiveStreaming - MockPutHiveStreaming[id=784c9ef0-fcac-4b6f-a5b4-88276b2e3004] org.apache.nifi.processors.hive.PutHiveStreaming$$Lambda$311/888459634@62752e8b failed to process due to org.apache.nifi.processor.exception.ProcessException: Error writing [org.apache.nifi.processors.hive.PutHiveStreaming$HiveStreamingRecord@65731405] to Hive Streaming transaction due to org.apache.nifi.util.hive.HiveWriter$WriteFailure: Failed writing to : Mock for HiveEndPoint, hashCode: 1618470911. TxnID : 1; rolling back session: org.apache.nifi.processor.exception.ProcessException: Error writing [org.apache.nifi.processors.hive.PutHiveStreaming$HiveStreamingRecord@65731405] to Hive Streaming transaction due to org.apache.nifi.util.hive.HiveWriter$WriteFailure: Failed writing to : Mock for HiveEndPoint, hashCode: 1618470911. TxnID : 1
org.apache.nifi.processor.exception.ProcessException: Error writing [org.apache.nifi.processors.hive.PutHiveStreaming$HiveStreamingRecord@65731405] to Hive Streaming transaction due to org.apache.nifi.util.hive.HiveWriter$WriteFailure: Failed writing to : Mock for HiveEndPoint, hashCode: 1618470911. TxnID : 1
	at org.apache.nifi.processors.hive.PutHiveStreaming.lambda$onHiveRecordsError$1(PutHiveStreaming.java:662)
	at org.apache.nifi.processor.util.pattern.ExceptionHandler$OnError.lambda$andThen$0(ExceptionHandler.java:54)
	at org.apache.nifi.processors.hive.PutHiveStreaming.lambda$onHiveRecordError$2(PutHiveStreaming.java:669)
	at org.apache.nifi.processor.util.pattern.ExceptionHandler.execute(ExceptionHandler.java:148)
	at org.apache.nifi.processors.hive.PutHiveStreaming$1.process(PutHiveStreaming.java:860)
	at org.apache.nifi.util.MockProcessSession.read(MockProcessSession.java:601)
	at org.apache.nifi.util.MockProcessSession.read(MockProcessSession.java:583)
	at org.apache.nifi.processors.hive.PutHiveStreaming.onTrigger(PutHiveStreaming.java:813)
	at org.apache.nifi.processors.hive.PutHiveStreaming.lambda$onTrigger$4(PutHiveStreaming.java:679)
	at org.apache.nifi.processor.util.pattern.PartialFunctions.onTrigger(PartialFunctions.java:120)
	at org.apache.nifi.processor.util.pattern.RollbackOnFailure.onTrigger(RollbackOnFailure.java:184)
	at org.apache.nifi.processors.hive.PutHiveStreaming.onTrigger(PutHiveStreaming.java:679)
	at org.apache.nifi.util.StandardProcessorTestRunner$RunProcessor.call(StandardProcessorTestRunner.java:284)
	at org.apache.nifi.util.StandardProcessorTestRunner$RunProcessor.call(StandardProcessorTestRunner.java:278)
	at java.util.concurrent.FutureTask.run(FutureTask.java:266)
	at java.util.concurrent.ScheduledThreadPoolExecutor$ScheduledFutureTask.access$201(ScheduledThreadPoolExecutor.java:180)
	at java.util.concurrent.ScheduledThreadPoolExecutor$ScheduledFutureTask.run(ScheduledThreadPoolExecutor.java:293)
	at java.util.concurrent.ThreadPoolExecutor.runWorker(ThreadPoolExecutor.java:1149)
	at java.util.concurrent.ThreadPoolExecutor$Worker.run(ThreadPoolExecutor.java:624)
	at java.lang.Thread.run(Thread.java:750)
Caused by: org.apache.nifi.util.hive.HiveWriter$WriteFailure: Failed writing to : Mock for HiveEndPoint, hashCode: 1618470911. TxnID : 1
	at org.apache.nifi.processors.hive.TestPutHiveStreaming$MockHiveWriter.write(TestPutHiveStreaming.java:1084)
	at org.apache.nifi.processors.hive.PutHiveStreaming$1.lambda$process$2(PutHiveStreaming.java:866)
	at org.apache.nifi.processor.util.pattern.ExceptionHandler.execute(ExceptionHandler.java:127)
	... 16 more
Caused by: java.lang.Exception
	... 19 more
[pool-104-thread-1] WARN org.apache.nifi.processors.hive.TestPutHiveStreaming$MockPutHiveStreaming - MockPutHiveStreaming[id=784c9ef0-fcac-4b6f-a5b4-88276b2e3004] Administratively yielding org.apache.nifi.processors.hive.TestPutHiveStreaming$MockPutHiveStreaming after rolling back due to org.apache.nifi.processor.exception.ProcessException: Error writing [org.apache.nifi.processors.hive.PutHiveStreaming$HiveStreamingRecord@65731405] to Hive Streaming transaction due to org.apache.nifi.util.hive.HiveWriter$WriteFailure: Failed writing to : Mock for HiveEndPoint, hashCode: 1618470911. TxnID : 1: org.apache.nifi.processor.exception.ProcessException: Error writing [org.apache.nifi.processors.hive.PutHiveStreaming$HiveStreamingRecord@65731405] to Hive Streaming transaction due to org.apache.nifi.util.hive.HiveWriter$WriteFailure: Failed writing to : Mock for HiveEndPoint, hashCode: 1618470911. TxnID : 1
]]></system-err>
  </testcase>
  <testcase name="onTriggerWithSerializationErrorRollbackOnFailure" classname="org.apache.nifi.processors.hive.TestPutHiveStreaming" time="0.005">
    <system-err><![CDATA[[pool-106-thread-1] INFO org.apache.nifi.util.hive.HiveUtils - cached writers { endPoint = Mock for HiveEndPoint, hashCode: 1986042792, TransactionBatch = Mock for TransactionBatch, hashCode: 110902111 } 
[pool-106-thread-1] ERROR org.apache.nifi.processors.hive.TestPutHiveStreaming$MockPutHiveStreaming - MockPutHiveStreaming[id=84298a7a-5493-40c3-b23d-5bd0ed62988d] org.apache.nifi.processors.hive.PutHiveStreaming$$Lambda$311/888459634@5b132afa failed to process due to org.apache.nifi.processor.exception.ProcessException: Error writing [org.apache.nifi.processors.hive.PutHiveStreaming$HiveStreamingRecord@6a1a8d61] to Hive Streaming transaction due to org.apache.hive.hcatalog.streaming.SerializationError: Test Serialization Error; rolling back session: org.apache.nifi.processor.exception.ProcessException: Error writing [org.apache.nifi.processors.hive.PutHiveStreaming$HiveStreamingRecord@6a1a8d61] to Hive Streaming transaction due to org.apache.hive.hcatalog.streaming.SerializationError: Test Serialization Error
org.apache.nifi.processor.exception.ProcessException: Error writing [org.apache.nifi.processors.hive.PutHiveStreaming$HiveStreamingRecord@6a1a8d61] to Hive Streaming transaction due to org.apache.hive.hcatalog.streaming.SerializationError: Test Serialization Error
	at org.apache.nifi.processors.hive.PutHiveStreaming.lambda$onHiveRecordsError$1(PutHiveStreaming.java:662)
	at org.apache.nifi.processor.util.pattern.ExceptionHandler$OnError.lambda$andThen$0(ExceptionHandler.java:54)
	at org.apache.nifi.processors.hive.PutHiveStreaming.lambda$onHiveRecordError$2(PutHiveStreaming.java:669)
	at org.apache.nifi.processor.util.pattern.ExceptionHandler.execute(ExceptionHandler.java:148)
	at org.apache.nifi.processors.hive.PutHiveStreaming$1.process(PutHiveStreaming.java:860)
	at org.apache.nifi.util.MockProcessSession.read(MockProcessSession.java:601)
	at org.apache.nifi.util.MockProcessSession.read(MockProcessSession.java:583)
	at org.apache.nifi.processors.hive.PutHiveStreaming.onTrigger(PutHiveStreaming.java:813)
	at org.apache.nifi.processors.hive.PutHiveStreaming.lambda$onTrigger$4(PutHiveStreaming.java:679)
	at org.apache.nifi.processor.util.pattern.PartialFunctions.onTrigger(PartialFunctions.java:120)
	at org.apache.nifi.processor.util.pattern.RollbackOnFailure.onTrigger(RollbackOnFailure.java:184)
	at org.apache.nifi.processors.hive.PutHiveStreaming.onTrigger(PutHiveStreaming.java:679)
	at org.apache.nifi.util.StandardProcessorTestRunner$RunProcessor.call(StandardProcessorTestRunner.java:284)
	at org.apache.nifi.util.StandardProcessorTestRunner$RunProcessor.call(StandardProcessorTestRunner.java:278)
	at java.util.concurrent.FutureTask.run(FutureTask.java:266)
	at java.util.concurrent.ScheduledThreadPoolExecutor$ScheduledFutureTask.access$201(ScheduledThreadPoolExecutor.java:180)
	at java.util.concurrent.ScheduledThreadPoolExecutor$ScheduledFutureTask.run(ScheduledThreadPoolExecutor.java:293)
	at java.util.concurrent.ThreadPoolExecutor.runWorker(ThreadPoolExecutor.java:1149)
	at java.util.concurrent.ThreadPoolExecutor$Worker.run(ThreadPoolExecutor.java:624)
	at java.lang.Thread.run(Thread.java:750)
Caused by: org.apache.hive.hcatalog.streaming.SerializationError: Test Serialization Error
	at org.apache.nifi.processors.hive.TestPutHiveStreaming$MockHiveWriter.write(TestPutHiveStreaming.java:1087)
	at org.apache.nifi.processors.hive.PutHiveStreaming$1.lambda$process$2(PutHiveStreaming.java:866)
	at org.apache.nifi.processor.util.pattern.ExceptionHandler.execute(ExceptionHandler.java:127)
	... 16 more
Caused by: java.lang.Exception
	... 19 more
[pool-106-thread-1] WARN org.apache.nifi.processors.hive.TestPutHiveStreaming$MockPutHiveStreaming - MockPutHiveStreaming[id=84298a7a-5493-40c3-b23d-5bd0ed62988d] Administratively yielding org.apache.nifi.processors.hive.TestPutHiveStreaming$MockPutHiveStreaming after rolling back due to org.apache.nifi.processor.exception.ProcessException: Error writing [org.apache.nifi.processors.hive.PutHiveStreaming$HiveStreamingRecord@6a1a8d61] to Hive Streaming transaction due to org.apache.hive.hcatalog.streaming.SerializationError: Test Serialization Error: org.apache.nifi.processor.exception.ProcessException: Error writing [org.apache.nifi.processors.hive.PutHiveStreaming$HiveStreamingRecord@6a1a8d61] to Hive Streaming transaction due to org.apache.hive.hcatalog.streaming.SerializationError: Test Serialization Error
]]></system-err>
  </testcase>
  <testcase name="testUgiAndKerberosUserGetsCleared" classname="org.apache.nifi.processors.hive.TestPutHiveStreaming" time="0.003"/>
  <testcase name="testSetupWithKerberosAuthFailed" classname="org.apache.nifi.processors.hive.TestPutHiveStreaming" time="0.002"/>
  <testcase name="onTriggerMultipleRecordsSingleTransaction" classname="org.apache.nifi.processors.hive.TestPutHiveStreaming" time="0.005">
    <system-err><![CDATA[[pool-110-thread-1] INFO org.apache.nifi.util.hive.HiveUtils - cached writers { endPoint = Mock for HiveEndPoint, hashCode: 172536920, TransactionBatch = Mock for TransactionBatch, hashCode: 1081419800 } 
]]></system-err>
  </testcase>
  <testcase name="onTriggerMultipleRecordsFailInMiddleRollbackOnFailureCommitted" classname="org.apache.nifi.processors.hive.TestPutHiveStreaming" time="0.005">
    <system-err><![CDATA[[pool-112-thread-1] INFO org.apache.nifi.util.hive.HiveUtils - cached writers { endPoint = Mock for HiveEndPoint, hashCode: 570242779, TransactionBatch = Mock for TransactionBatch, hashCode: 696059774 } 
[pool-112-thread-1] ERROR org.apache.nifi.processors.hive.TestPutHiveStreaming$MockPutHiveStreaming - [MockPutHiveStreaming[id=09ef7497-0928-4e3f-a32d-0fea6a09ad88]] Error writing [org.apache.nifi.processors.hive.PutHiveStreaming$HiveStreamingRecord@32f959c1] to Hive Streaming transaction due to org.apache.nifi.util.hive.HiveWriter$WriteFailure: Failed writing to : Mock for HiveEndPoint, hashCode: 570242779. TxnID : 1
org.apache.nifi.util.hive.HiveWriter$WriteFailure: Failed writing to : Mock for HiveEndPoint, hashCode: 570242779. TxnID : 1
	at org.apache.nifi.processors.hive.TestPutHiveStreaming$MockHiveWriter.write(TestPutHiveStreaming.java:1084)
	at org.apache.nifi.processors.hive.PutHiveStreaming$1.lambda$process$2(PutHiveStreaming.java:866)
	at org.apache.nifi.processor.util.pattern.ExceptionHandler.execute(ExceptionHandler.java:127)
	at org.apache.nifi.processors.hive.PutHiveStreaming$1.process(PutHiveStreaming.java:860)
	at org.apache.nifi.util.MockProcessSession.read(MockProcessSession.java:601)
	at org.apache.nifi.util.MockProcessSession.read(MockProcessSession.java:583)
	at org.apache.nifi.processors.hive.PutHiveStreaming.onTrigger(PutHiveStreaming.java:813)
	at org.apache.nifi.processors.hive.PutHiveStreaming.lambda$onTrigger$4(PutHiveStreaming.java:679)
	at org.apache.nifi.processor.util.pattern.PartialFunctions.onTrigger(PartialFunctions.java:120)
	at org.apache.nifi.processor.util.pattern.RollbackOnFailure.onTrigger(RollbackOnFailure.java:184)
	at org.apache.nifi.processors.hive.PutHiveStreaming.onTrigger(PutHiveStreaming.java:679)
	at org.apache.nifi.util.StandardProcessorTestRunner$RunProcessor.call(StandardProcessorTestRunner.java:284)
	at org.apache.nifi.util.StandardProcessorTestRunner$RunProcessor.call(StandardProcessorTestRunner.java:278)
	at java.util.concurrent.FutureTask.run(FutureTask.java:266)
	at java.util.concurrent.ScheduledThreadPoolExecutor$ScheduledFutureTask.access$201(ScheduledThreadPoolExecutor.java:180)
	at java.util.concurrent.ScheduledThreadPoolExecutor$ScheduledFutureTask.run(ScheduledThreadPoolExecutor.java:293)
	at java.util.concurrent.ThreadPoolExecutor.runWorker(ThreadPoolExecutor.java:1149)
	at java.util.concurrent.ThreadPoolExecutor$Worker.run(ThreadPoolExecutor.java:624)
	at java.lang.Thread.run(Thread.java:750)
Caused by: java.lang.Exception
	... 19 more
[pool-112-thread-1] WARN org.apache.nifi.processors.hive.TestPutHiveStreaming$MockPutHiveStreaming - MockPutHiveStreaming[id=09ef7497-0928-4e3f-a32d-0fea6a09ad88] Discontinued processing for FlowFile[0,96601491766798.mockFlowFile,334B] due to org.apache.nifi.processor.util.pattern.DiscontinuedException: Discontinue processing due to org.apache.nifi.util.hive.HiveWriter$WriteFailure: Failed writing to : Mock for HiveEndPoint, hashCode: 570242779. TxnID : 1: org.apache.nifi.processor.util.pattern.DiscontinuedException: Discontinue processing due to org.apache.nifi.util.hive.HiveWriter$WriteFailure: Failed writing to : Mock for HiveEndPoint, hashCode: 570242779. TxnID : 1
]]></system-err>
  </testcase>
  <testcase name="onTriggerWithTransactionFailure" classname="org.apache.nifi.processors.hive.TestPutHiveStreaming" time="0.005">
    <system-err><![CDATA[[pool-114-thread-1] INFO org.apache.nifi.util.hive.HiveUtils - cached writers { endPoint = Mock for HiveEndPoint, hashCode: 730911081, TransactionBatch = Mock for TransactionBatch, hashCode: 1979432123 } 
[pool-114-thread-1] ERROR org.apache.nifi.processors.hive.TestPutHiveStreaming$MockPutHiveStreaming - [MockPutHiveStreaming[id=0051599c-6e27-45d7-9c44-4e7d4439d216]] Hive Streaming connect/write error, flow file will be penalized and routed to retry. org.apache.nifi.util.hive.HiveWriter$TxnFailure: Failed switching to next Txn in TxnBatch Mock for TransactionBatch, hashCode: 967219420
org.apache.nifi.processors.hive.PutHiveStreaming$ShouldRetryException: Hive Streaming connect/write error, flow file will be penalized and routed to retry. org.apache.nifi.util.hive.HiveWriter$TxnFailure: Failed switching to next Txn in TxnBatch Mock for TransactionBatch, hashCode: 967219420
	at org.apache.nifi.processors.hive.PutHiveStreaming.lambda$onHiveRecordsError$1(PutHiveStreaming.java:650)
	at org.apache.nifi.processor.util.pattern.ExceptionHandler$OnError.lambda$andThen$0(ExceptionHandler.java:54)
	at org.apache.nifi.processor.util.pattern.ExceptionHandler.execute(ExceptionHandler.java:148)
	at org.apache.nifi.processors.hive.PutHiveStreaming$1.process(PutHiveStreaming.java:902)
	at org.apache.nifi.util.MockProcessSession.read(MockProcessSession.java:601)
	at org.apache.nifi.util.MockProcessSession.read(MockProcessSession.java:583)
	at org.apache.nifi.processors.hive.PutHiveStreaming.onTrigger(PutHiveStreaming.java:813)
	at org.apache.nifi.processors.hive.PutHiveStreaming.lambda$onTrigger$4(PutHiveStreaming.java:679)
	at org.apache.nifi.processor.util.pattern.PartialFunctions.onTrigger(PartialFunctions.java:120)
	at org.apache.nifi.processor.util.pattern.RollbackOnFailure.onTrigger(RollbackOnFailure.java:184)
	at org.apache.nifi.processors.hive.PutHiveStreaming.onTrigger(PutHiveStreaming.java:679)
	at org.apache.nifi.util.StandardProcessorTestRunner$RunProcessor.call(StandardProcessorTestRunner.java:284)
	at org.apache.nifi.util.StandardProcessorTestRunner$RunProcessor.call(StandardProcessorTestRunner.java:278)
	at java.util.concurrent.FutureTask.run(FutureTask.java:266)
	at java.util.concurrent.ScheduledThreadPoolExecutor$ScheduledFutureTask.access$201(ScheduledThreadPoolExecutor.java:180)
	at java.util.concurrent.ScheduledThreadPoolExecutor$ScheduledFutureTask.run(ScheduledThreadPoolExecutor.java:293)
	at java.util.concurrent.ThreadPoolExecutor.runWorker(ThreadPoolExecutor.java:1149)
	at java.util.concurrent.ThreadPoolExecutor$Worker.run(ThreadPoolExecutor.java:624)
	at java.lang.Thread.run(Thread.java:750)
Caused by: org.apache.nifi.util.hive.HiveWriter$TxnFailure: Failed switching to next Txn in TxnBatch Mock for TransactionBatch, hashCode: 967219420
	at org.apache.nifi.processors.hive.TestPutHiveStreaming$MockHiveWriter.flush(TestPutHiveStreaming.java:1135)
	at org.apache.nifi.processors.hive.PutHiveStreaming.flushAllWriters(PutHiveStreaming.java:1023)
	at org.apache.nifi.processors.hive.PutHiveStreaming.access$800(PutHiveStreaming.java:119)
	at org.apache.nifi.processors.hive.PutHiveStreaming$1.lambda$process$5(PutHiveStreaming.java:904)
	at org.apache.nifi.processor.util.pattern.ExceptionHandler.execute(ExceptionHandler.java:127)
	... 16 more
Caused by: java.lang.Exception
	... 21 more
]]></system-err>
  </testcase>
  <testcase name="onTriggerMultipleRecordsMultipleTransaction" classname="org.apache.nifi.processors.hive.TestPutHiveStreaming" time="0.005">
    <system-err><![CDATA[[pool-116-thread-1] INFO org.apache.nifi.util.hive.HiveUtils - cached writers { endPoint = Mock for HiveEndPoint, hashCode: 1451476657, TransactionBatch = Mock for TransactionBatch, hashCode: 891772610 } 
]]></system-err>
  </testcase>
</testsuite>