<?xml version="1.0" encoding="UTF-8"?>
<testsuite xmlns:xsi="http://www.w3.org/2001/XMLSchema-instance" xsi:noNamespaceSchemaLocation="https://maven.apache.org/surefire/maven-surefire-plugin/xsd/surefire-test-report-3.0.xsd" version="3.0" name="org.apache.nifi.processors.standard.TestMergeContent" time="7.236" tests="35" errors="0" skipped="0" failures="0">
  <properties>
    <property name="sun.desktop" value="gnome"/>
    <property name="awt.toolkit" value="sun.awt.X11.XToolkit"/>
    <property name="file.encoding.pkg" value="sun.io"/>
    <property name="java.specification.version" value="1.8"/>
    <property name="sun.cpu.isalist" value=""/>
    <property name="sun.jnu.encoding" value="UTF-8"/>
    <property name="java.class.path" value="/home/alex/Repositories/nifi/nifi-nar-bundles/nifi-standard-bundle/nifi-standard-processors/target/test-classes:/home/alex/Repositories/nifi/nifi-nar-bundles/nifi-standard-bundle/nifi-standard-processors/target/classes:/home/alex/.m2/repository/org/apache/ftpserver/ftpserver-core/1.1.1/ftpserver-core-1.1.1.jar:/home/alex/.m2/repository/org/apache/ftpserver/ftplet-api/1.1.1/ftplet-api-1.1.1.jar:/home/alex/.m2/repository/org/slf4j/slf4j-api/1.7.32/slf4j-api-1.7.32.jar:/home/alex/.m2/repository/org/apache/mina/mina-core/2.0.16/mina-core-2.0.16.jar:/home/alex/Repositories/nifi/nifi-api/target/classes:/home/alex/Repositories/nifi/nifi-commons/nifi-expression-language/target/classes:/home/alex/.m2/repository/org/antlr/antlr-runtime/3.5.2/antlr-runtime-3.5.2.jar:/home/alex/Repositories/nifi/nifi-commons/nifi-parameter/target/classes:/home/alex/Repositories/nifi/nifi-commons/nifi-uuid5/target/classes:/home/alex/.m2/repository/org/apache/commons/commons-text/1.8/commons-text-1.8.jar:/home/alex/Repositories/nifi/nifi-nar-bundles/nifi-extension-utils/nifi-processor-utils/target/classes:/home/alex/Repositories/nifi/nifi-commons/nifi-security-socket-ssl/target/classes:/home/alex/Repositories/nifi/nifi-nar-bundles/nifi-extension-utils/nifi-event-transport/target/classes:/home/alex/.m2/repository/io/netty/netty-handler/4.1.69.Final/netty-handler-4.1.69.Final.jar:/home/alex/.m2/repository/io/netty/netty-common/4.1.69.Final/netty-common-4.1.69.Final.jar:/home/alex/.m2/repository/io/netty/netty-resolver/4.1.69.Final/netty-resolver-4.1.69.Final.jar:/home/alex/.m2/repository/io/netty/netty-transport/4.1.69.Final/netty-transport-4.1.69.Final.jar:/home/alex/.m2/repository/io/netty/netty-codec/4.1.69.Final/netty-codec-4.1.69.Final.jar:/home/alex/Repositories/nifi/nifi-nar-bundles/nifi-extension-utils/nifi-syslog-utils/target/classes:/home/alex/.m2/repository/com/github/palindromicity/simple-syslog-5424/0.0.16/simple-syslog-5424-0.0.16.jar:/home/alex/.m2/repository/org/antlr/antlr4-runtime/4.7.2/antlr4-runtime-4.7.2.jar:/home/alex/Repositories/nifi/nifi-commons/nifi-utils/target/classes:/home/alex/Repositories/nifi/nifi-commons/nifi-record-path/target/classes:/home/alex/Repositories/nifi/nifi-commons/nifi-properties/target/classes:/home/alex/Repositories/nifi/nifi-commons/nifi-property-utils/target/classes:/home/alex/.m2/repository/com/github/ben-manes/caffeine/caffeine/2.8.1/caffeine-2.8.1.jar:/home/alex/Repositories/nifi/nifi-nar-bundles/nifi-standard-services/nifi-ssl-context-service-api/target/classes:/home/alex/Repositories/nifi/nifi-commons/nifi-security-utils-api/target/classes:/home/alex/Repositories/nifi/nifi-nar-bundles/nifi-standard-services/nifi-lookup-service-api/target/classes:/home/alex/Repositories/nifi/nifi-commons/nifi-flowfile-packager/target/classes:/home/alex/Repositories/nifi/nifi-nar-bundles/nifi-standard-services/nifi-distributed-cache-client-service-api/target/classes:/home/alex/Repositories/nifi/nifi-nar-bundles/nifi-standard-services/nifi-http-context-map-api/target/classes:/home/alex/Repositories/nifi/nifi-nar-bundles/nifi-standard-services/nifi-record-serialization-service-api/target/classes:/home/alex/Repositories/nifi/nifi-nar-bundles/nifi-standard-services/nifi-proxy-configuration-api/target/classes:/home/alex/Repositories/nifi/nifi-commons/nifi-record/target/classes:/home/alex/Repositories/nifi/nifi-nar-bundles/nifi-standard-services/nifi-record-sink-api/target/classes:/home/alex/.m2/repository/commons-io/commons-io/2.10.0/commons-io-2.10.0.jar:/home/alex/.m2/repository/javax/ws/rs/javax.ws.rs-api/2.1/javax.ws.rs-api-2.1.jar:/home/alex/.m2/repository/commons-net/commons-net/3.6/commons-net-3.6.jar:/home/alex/.m2/repository/org/apache/commons/commons-compress/1.21/commons-compress-1.21.jar:/home/alex/.m2/repository/org/apache/commons/commons-lang3/3.9/commons-lang3-3.9.jar:/home/alex/.m2/repository/org/bouncycastle/bcprov-jdk15on/1.69/bcprov-jdk15on-1.69.jar:/home/alex/.m2/repository/org/bouncycastle/bcpg-jdk15on/1.69/bcpg-jdk15on-1.69.jar:/home/alex/.m2/repository/org/bouncycastle/bcpkix-jdk15on/1.69/bcpkix-jdk15on-1.69.jar:/home/alex/.m2/repository/org/bouncycastle/bcutil-jdk15on/1.69/bcutil-jdk15on-1.69.jar:/home/alex/.m2/repository/commons-codec/commons-codec/1.14/commons-codec-1.14.jar:/home/alex/Repositories/nifi/nifi-commons/nifi-security-utils/target/classes:/home/alex/Repositories/nifi/nifi-commons/nifi-security-kms/target/classes:/home/alex/.m2/repository/org/apache/commons/commons-configuration2/2.7/commons-configuration2-2.7.jar:/home/alex/.m2/repository/com/hierynomus/sshj/0.32.0/sshj-0.32.0.jar:/home/alex/.m2/repository/com/jcraft/jzlib/1.1.3/jzlib-1.1.3.jar:/home/alex/.m2/repository/com/hierynomus/asn-one/0.6.0/asn-one-0.6.0.jar:/home/alex/.m2/repository/net/i2p/crypto/eddsa/0.3.0/eddsa-0.3.0.jar:/home/alex/.m2/repository/org/eclipse/jetty/jetty-server/9.4.44.v20210927/jetty-server-9.4.44.v20210927.jar:/home/alex/.m2/repository/javax/servlet/javax.servlet-api/3.1.0/javax.servlet-api-3.1.0.jar:/home/alex/.m2/repository/org/eclipse/jetty/jetty-http/9.4.44.v20210927/jetty-http-9.4.44.v20210927.jar:/home/alex/.m2/repository/org/eclipse/jetty/jetty-util/9.4.44.v20210927/jetty-util-9.4.44.v20210927.jar:/home/alex/.m2/repository/org/eclipse/jetty/jetty-io/9.4.44.v20210927/jetty-io-9.4.44.v20210927.jar:/home/alex/.m2/repository/org/eclipse/jetty/jetty-servlet/9.4.44.v20210927/jetty-servlet-9.4.44.v20210927.jar:/home/alex/.m2/repository/org/eclipse/jetty/jetty-security/9.4.44.v20210927/jetty-security-9.4.44.v20210927.jar:/home/alex/.m2/repository/org/eclipse/jetty/jetty-util-ajax/9.4.44.v20210927/jetty-util-ajax-9.4.44.v20210927.jar:/home/alex/.m2/repository/org/apache/httpcomponents/httpclient/4.5.5/httpclient-4.5.5.jar:/home/alex/.m2/repository/commons-logging/commons-logging/1.2/commons-logging-1.2.jar:/home/alex/.m2/repository/org/apache/httpcomponents/httpcore/4.4.9/httpcore-4.4.9.jar:/home/alex/.m2/repository/jakarta/activation/jakarta.activation-api/2.0.1/jakarta.activation-api-2.0.1.jar:/home/alex/.m2/repository/com/sun/activation/jakarta.activation/2.0.1/jakarta.activation-2.0.1.jar:/home/alex/.m2/repository/jakarta/mail/jakarta.mail-api/2.0.1/jakarta.mail-api-2.0.1.jar:/home/alex/.m2/repository/com/sun/mail/jakarta.mail/2.0.1/jakarta.mail-2.0.1.jar:/home/alex/.m2/repository/com/github/jponge/lzma-java/1.3/lzma-java-1.3.jar:/home/alex/.m2/repository/org/tukaani/xz/1.8/xz-1.8.jar:/home/alex/.m2/repository/net/sf/saxon/Saxon-HE/10.6/Saxon-HE-10.6.jar:/home/alex/Repositories/nifi/nifi-commons/nifi-socket-utils/target/classes:/home/alex/Repositories/nifi/nifi-commons/nifi-logging-utils/target/classes:/home/alex/Repositories/nifi/nifi-nar-bundles/nifi-standard-services/nifi-load-distribution-service-api/target/classes:/home/alex/.m2/repository/javax/jms/javax.jms-api/2.0.1/javax.jms-api-2.0.1.jar:/home/alex/.m2/repository/org/apache/activemq/activemq-client/5.15.15/activemq-client-5.15.15.jar:/home/alex/.m2/repository/org/apache/geronimo/specs/geronimo-jms_1.1_spec/1.1.1/geronimo-jms_1.1_spec-1.1.1.jar:/home/alex/.m2/repository/org/fusesource/hawtbuf/hawtbuf/1.11/hawtbuf-1.11.jar:/home/alex/.m2/repository/org/apache/geronimo/specs/geronimo-j2ee-management_1.1_spec/1.0.1/geronimo-j2ee-management_1.1_spec-1.0.1.jar:/home/alex/.m2/repository/com/jayway/jsonpath/json-path/2.6.0/json-path-2.6.0.jar:/home/alex/.m2/repository/net/minidev/json-smart/2.4.7/json-smart-2.4.7.jar:/home/alex/.m2/repository/net/minidev/accessors-smart/2.4.7/accessors-smart-2.4.7.jar:/home/alex/.m2/repository/org/ow2/asm/asm/9.1/asm-9.1.jar:/home/alex/.m2/repository/org/apache/tika/tika-core/1.26/tika-core-1.26.jar:/home/alex/.m2/repository/com/fasterxml/jackson/core/jackson-databind/2.12.3/jackson-databind-2.12.3.jar:/home/alex/.m2/repository/com/fasterxml/jackson/core/jackson-annotations/2.12.3/jackson-annotations-2.12.3.jar:/home/alex/.m2/repository/com/fasterxml/jackson/core/jackson-core/2.12.3/jackson-core-2.12.3.jar:/home/alex/Repositories/nifi/nifi-nar-bundles/nifi-extension-utils/nifi-record-utils/nifi-avro-record-utils/target/classes:/home/alex/Repositories/nifi/nifi-nar-bundles/nifi-extension-utils/nifi-record-utils/nifi-standard-record-utils/target/classes:/home/alex/.m2/repository/org/apache/avro/avro/1.8.1/avro-1.8.1.jar:/home/alex/.m2/repository/org/codehaus/jackson/jackson-core-asl/1.9.13/jackson-core-asl-1.9.13.jar:/home/alex/.m2/repository/org/codehaus/jackson/jackson-mapper-asl/1.9.13/jackson-mapper-asl-1.9.13.jar:/home/alex/.m2/repository/com/thoughtworks/paranamer/paranamer/2.7/paranamer-2.7.jar:/home/alex/Repositories/nifi/nifi-nar-bundles/nifi-standard-services/nifi-dbcp-service-api/target/classes:/home/alex/.m2/repository/com/squareup/okhttp3/okhttp/4.9.2/okhttp-4.9.2.jar:/home/alex/.m2/repository/com/squareup/okio/okio/2.8.0/okio-2.8.0.jar:/home/alex/.m2/repository/org/jetbrains/kotlin/kotlin-stdlib-common/1.4.0/kotlin-stdlib-common-1.4.0.jar:/home/alex/.m2/repository/org/jetbrains/kotlin/kotlin-stdlib/1.4.10/kotlin-stdlib-1.4.10.jar:/home/alex/.m2/repository/org/jetbrains/annotations/13.0/annotations-13.0.jar:/home/alex/.m2/repository/io/github/rburgst/okhttp-digest/2.5/okhttp-digest-2.5.jar:/home/alex/.m2/repository/at/favre/lib/bcrypt/0.9.0/bcrypt-0.9.0.jar:/home/alex/.m2/repository/at/favre/lib/bytes/1.3.0/bytes-1.3.0.jar:/home/alex/.m2/repository/com/google/guava/guava/28.0-jre/guava-28.0-jre.jar:/home/alex/.m2/repository/com/google/guava/failureaccess/1.0.1/failureaccess-1.0.1.jar:/home/alex/.m2/repository/com/google/guava/listenablefuture/9999.0-empty-to-avoid-conflict-with-guava/listenablefuture-9999.0-empty-to-avoid-conflict-with-guava.jar:/home/alex/.m2/repository/com/google/code/findbugs/jsr305/3.0.2/jsr305-3.0.2.jar:/home/alex/.m2/repository/org/checkerframework/checker-qual/2.8.1/checker-qual-2.8.1.jar:/home/alex/.m2/repository/com/google/errorprone/error_prone_annotations/2.3.2/error_prone_annotations-2.3.2.jar:/home/alex/.m2/repository/com/google/j2objc/j2objc-annotations/1.3/j2objc-annotations-1.3.jar:/home/alex/.m2/repository/org/codehaus/mojo/animal-sniffer-annotations/1.17/animal-sniffer-annotations-1.17.jar:/home/alex/Repositories/nifi/nifi-mock/target/classes:/home/alex/Repositories/nifi/nifi-framework-api/target/classes:/home/alex/Repositories/nifi/nifi-nar-bundles/nifi-framework-bundle/nifi-framework/nifi-framework-core-api/target/classes:/home/alex/Repositories/nifi/nifi-nar-bundles/nifi-framework-bundle/nifi-framework/nifi-framework-nar-utils/target/classes:/home/alex/Repositories/nifi/nifi-nar-bundles/nifi-framework-bundle/nifi-framework/nifi-client-dto/target/classes:/home/alex/.m2/repository/io/swagger/swagger-annotations/1.6.0/swagger-annotations-1.6.0.jar:/home/alex/Repositories/nifi/nifi-commons/nifi-site-to-site-client/target/classes:/home/alex/.m2/repository/org/apache/httpcomponents/httpasyncclient/4.1.4/httpasyncclient-4.1.4.jar:/home/alex/.m2/repository/org/apache/httpcomponents/httpcore-nio/4.4.10/httpcore-nio-4.4.10.jar:/home/alex/Repositories/nifi/nifi-nar-bundles/nifi-framework-bundle/nifi-framework/nifi-framework-authorization/target/classes:/home/alex/Repositories/nifi/nifi-registry/nifi-registry-core/nifi-registry-data-model/target/classes:/home/alex/Repositories/nifi/nifi-registry/nifi-registry-core/nifi-registry-revision/nifi-registry-revision-entity-model/target/classes:/home/alex/Repositories/nifi/nifi-registry/nifi-registry-core/nifi-registry-client/target/classes:/home/alex/Repositories/nifi/nifi-registry/nifi-registry-core/nifi-registry-security-utils/target/classes:/home/alex/.m2/repository/org/glassfish/jersey/core/jersey-client/2.33/jersey-client-2.33.jar:/home/alex/.m2/repository/jakarta/ws/rs/jakarta.ws.rs-api/2.1.6/jakarta.ws.rs-api-2.1.6.jar:/home/alex/.m2/repository/org/glassfish/hk2/external/jakarta.inject/2.6.1/jakarta.inject-2.6.1.jar:/home/alex/.m2/repository/org/glassfish/jersey/media/jersey-media-json-jackson/2.33/jersey-media-json-jackson-2.33.jar:/home/alex/.m2/repository/org/glassfish/jersey/ext/jersey-entity-filtering/2.33/jersey-entity-filtering-2.33.jar:/home/alex/.m2/repository/org/glassfish/jersey/inject/jersey-hk2/2.33/jersey-hk2-2.33.jar:/home/alex/.m2/repository/org/glassfish/hk2/hk2-locator/2.6.1/hk2-locator-2.6.1.jar:/home/alex/.m2/repository/org/glassfish/hk2/external/aopalliance-repackaged/2.6.1/aopalliance-repackaged-2.6.1.jar:/home/alex/.m2/repository/org/glassfish/hk2/hk2-api/2.6.1/hk2-api-2.6.1.jar:/home/alex/.m2/repository/org/glassfish/hk2/hk2-utils/2.6.1/hk2-utils-2.6.1.jar:/home/alex/.m2/repository/org/javassist/javassist/3.25.0-GA/javassist-3.25.0-GA.jar:/home/alex/.m2/repository/org/glassfish/jersey/core/jersey-common/2.33/jersey-common-2.33.jar:/home/alex/.m2/repository/jakarta/annotation/jakarta.annotation-api/1.3.5/jakarta.annotation-api-1.3.5.jar:/home/alex/.m2/repository/org/glassfish/hk2/osgi-resource-locator/1.0.3/osgi-resource-locator-1.0.3.jar:/home/alex/.m2/repository/org/glassfish/jersey/media/jersey-media-multipart/2.33/jersey-media-multipart-2.33.jar:/home/alex/.m2/repository/org/jvnet/mimepull/mimepull/1.9.13/mimepull-1.9.13.jar:/home/alex/Repositories/nifi/nifi-commons/nifi-data-provenance-utils/target/classes:/home/alex/Repositories/nifi/nifi-nar-bundles/nifi-standard-services/nifi-distributed-cache-services-bundle/nifi-distributed-cache-client-service/target/classes:/home/alex/Repositories/nifi/nifi-nar-bundles/nifi-standard-services/nifi-distributed-cache-services-bundle/nifi-distributed-cache-protocol/target/classes:/home/alex/.m2/repository/io/netty/netty-buffer/4.1.69.Final/netty-buffer-4.1.69.Final.jar:/home/alex/.m2/repository/com/google/http-client/google-http-client/1.28.0/google-http-client-1.28.0.jar:/home/alex/.m2/repository/io/opencensus/opencensus-api/0.18.0/opencensus-api-0.18.0.jar:/home/alex/.m2/repository/io/grpc/grpc-context/1.14.0/grpc-context-1.14.0.jar:/home/alex/.m2/repository/io/opencensus/opencensus-contrib-http-util/0.18.0/opencensus-contrib-http-util-0.18.0.jar:/home/alex/.m2/repository/org/apache/activemq/activemq-broker/5.15.14/activemq-broker-5.15.14.jar:/home/alex/.m2/repository/org/apache/activemq/activemq-openwire-legacy/5.15.14/activemq-openwire-legacy-5.15.14.jar:/home/alex/Repositories/nifi/nifi-nar-bundles/nifi-standard-services/nifi-ssl-context-bundle/nifi-ssl-context-service/target/classes:/home/alex/Repositories/nifi/nifi-nar-bundles/nifi-framework-bundle/nifi-framework/nifi-standard-prioritizers/target/classes:/home/alex/Repositories/nifi/nifi-nar-bundles/nifi-extension-utils/nifi-record-utils/nifi-mock-record-utils/target/classes:/home/alex/Repositories/nifi/nifi-nar-bundles/nifi-standard-services/nifi-record-serialization-services-bundle/nifi-record-serialization-services/target/classes:/home/alex/.m2/repository/org/apache/commons/commons-csv/1.8/commons-csv-1.8.jar:/home/alex/.m2/repository/com/fasterxml/jackson/dataformat/jackson-dataformat-csv/2.12.3/jackson-dataformat-csv-2.12.3.jar:/home/alex/.m2/repository/net/java/dev/stax-utils/stax-utils/20070216/stax-utils-20070216.jar:/home/alex/Repositories/nifi/nifi-nar-bundles/nifi-standard-services/nifi-lookup-services-bundle/nifi-lookup-services/target/classes:/home/alex/.m2/repository/commons-beanutils/commons-beanutils/1.9.4/commons-beanutils-1.9.4.jar:/home/alex/.m2/repository/commons-collections/commons-collections/3.2.2/commons-collections-3.2.2.jar:/home/alex/.m2/repository/com/maxmind/geoip2/geoip2/2.12.0/geoip2-2.12.0.jar:/home/alex/.m2/repository/com/maxmind/db/maxmind-db/1.2.2/maxmind-db-1.2.2.jar:/home/alex/.m2/repository/org/apache/derby/derby/10.14.2.0/derby-10.14.2.0.jar:/home/alex/.m2/repository/org/xerial/snappy/snappy-java/1.1.7.3/snappy-java-1.1.7.3.jar:/home/alex/.m2/repository/net/lingala/zip4j/zip4j/2.8.0/zip4j-2.8.0.jar:/home/alex/.m2/repository/com/h2database/h2/1.4.187/h2-1.4.187.jar:/home/alex/.m2/repository/org/mockftpserver/MockFtpServer/2.7.1/MockFtpServer-2.7.1.jar:/home/alex/.m2/repository/org/apache/sshd/sshd-core/1.7.0/sshd-core-1.7.0.jar:/home/alex/.m2/repository/com/bazaarvoice/jolt/jolt-core/0.1.1/jolt-core-0.1.1.jar:/home/alex/.m2/repository/javax/inject/javax.inject/1/javax.inject-1.jar:/home/alex/.m2/repository/com/bazaarvoice/jolt/json-utils/0.1.1/json-utils-0.1.1.jar:/home/alex/Repositories/nifi/nifi-nar-bundles/nifi-standard-bundle/nifi-standard-utils/target/classes:/home/alex/.m2/repository/net/sf/supercsv/super-csv/2.4.0/super-csv-2.4.0.jar:/home/alex/.m2/repository/com/fluenda/parcefone/2.1.0/parcefone-2.1.0.jar:/home/alex/.m2/repository/javax/validation/validation-api/1.1.0.Final/validation-api-1.1.0.Final.jar:/home/alex/.m2/repository/javax/el/javax.el-api/3.0.0/javax.el-api-3.0.0.jar:/home/alex/.m2/repository/com/github/wnameless/json/json-flattener/0.12.0/json-flattener-0.12.0.jar:/home/alex/.m2/repository/com/github/wnameless/json/json-base/2.0.0/json-base-2.0.0.jar:/home/alex/.m2/repository/org/apache/bval/bval-jsr/1.1.2/bval-jsr-1.1.2.jar:/home/alex/.m2/repository/org/apache/bval/bval-core/1.1.2/bval-core-1.1.2.jar:/home/alex/.m2/repository/io/krakens/java-grok/0.1.9/java-grok-0.1.9.jar:/home/alex/.m2/repository/org/apache/calcite/calcite-core/1.27.0/calcite-core-1.27.0.jar:/home/alex/.m2/repository/org/apache/calcite/calcite-linq4j/1.27.0/calcite-linq4j-1.27.0.jar:/home/alex/.m2/repository/com/esri/geometry/esri-geometry-api/2.2.0/esri-geometry-api-2.2.0.jar:/home/alex/.m2/repository/org/apache/calcite/avatica/avatica-core/1.18.0/avatica-core-1.18.0.jar:/home/alex/.m2/repository/org/apache/calcite/avatica/avatica-metrics/1.18.0/avatica-metrics-1.18.0.jar:/home/alex/.m2/repository/com/google/protobuf/protobuf-java/3.6.1/protobuf-java-3.6.1.jar:/home/alex/.m2/repository/org/apiguardian/apiguardian-api/1.1.0/apiguardian-api-1.1.0.jar:/home/alex/.m2/repository/com/fasterxml/jackson/dataformat/jackson-dataformat-yaml/2.10.0/jackson-dataformat-yaml-2.10.0.jar:/home/alex/.m2/repository/org/yaml/snakeyaml/1.29/snakeyaml-1.29.jar:/home/alex/.m2/repository/com/google/uzaygezen/uzaygezen-core/0.2/uzaygezen-core-0.2.jar:/home/alex/.m2/repository/com/yahoo/datasketches/sketches-core/0.9.0/sketches-core-0.9.0.jar:/home/alex/.m2/repository/com/yahoo/datasketches/memory/0.9.0/memory-0.9.0.jar:/home/alex/.m2/repository/net/hydromatic/aggdesigner-algorithm/6.0/aggdesigner-algorithm-6.0.jar:/home/alex/.m2/repository/commons-lang/commons-lang/2.4/commons-lang-2.4.jar:/home/alex/.m2/repository/org/apache/commons/commons-dbcp2/2.6.0/commons-dbcp2-2.6.0.jar:/home/alex/.m2/repository/org/apache/commons/commons-pool2/2.6.1/commons-pool2-2.6.1.jar:/home/alex/.m2/repository/org/codehaus/janino/commons-compiler/3.0.11/commons-compiler-3.0.11.jar:/home/alex/.m2/repository/org/codehaus/janino/janino/3.0.11/janino-3.0.11.jar:/home/alex/Repositories/nifi/nifi-nar-bundles/nifi-standard-services/nifi-schema-registry-service-api/target/classes:/home/alex/Repositories/nifi/nifi-nar-bundles/nifi-extension-utils/nifi-database-utils/target/classes:/home/alex/Repositories/nifi/nifi-nar-bundles/nifi-standard-bundle/nifi-standard-web-test-utils/target/classes:/home/alex/.m2/repository/com/github/stefanbirkner/fake-sftp-server-rule/2.0.1/fake-sftp-server-rule-2.0.1.jar:/home/alex/.m2/repository/com/github/marschall/memoryfilesystem/2.8.0/memoryfilesystem-2.8.0.jar:/home/alex/.m2/repository/junit/junit/4.13.2/junit-4.13.2.jar:/home/alex/.m2/repository/org/hamcrest/hamcrest-core/1.3/hamcrest-core-1.3.jar:/home/alex/Repositories/nifi/nifi-nar-bundles/nifi-extension-utils/nifi-database-test-utils/target/classes:/home/alex/.m2/repository/org/codehaus/groovy/groovy-json/2.5.14/groovy-json-2.5.14.jar:/home/alex/.m2/repository/org/codehaus/groovy/groovy/2.5.14/groovy-2.5.14.jar:/home/alex/.m2/repository/org/codehaus/groovy/groovy-servlet/2.5.14/groovy-servlet-2.5.14.jar:/home/alex/.m2/repository/org/codehaus/groovy/groovy-templates/2.5.14/groovy-templates-2.5.14.jar:/home/alex/.m2/repository/org/codehaus/groovy/groovy-xml/2.5.14/groovy-xml-2.5.14.jar:/home/alex/.m2/repository/org/hamcrest/hamcrest-all/1.3/hamcrest-all-1.3.jar:/home/alex/.m2/repository/com/squareup/okhttp3/mockwebserver/4.9.2/mockwebserver-4.9.2.jar:/home/alex/.m2/repository/org/jetbrains/kotlin/kotlin-stdlib-jdk8/1.4.10/kotlin-stdlib-jdk8-1.4.10.jar:/home/alex/.m2/repository/org/jetbrains/kotlin/kotlin-stdlib-jdk7/1.4.10/kotlin-stdlib-jdk7-1.4.10.jar:/home/alex/.m2/repository/org/mockito/mockito-inline/3.12.4/mockito-inline-3.12.4.jar:/home/alex/.m2/repository/org/junit/jupiter/junit-jupiter-api/5.7.2/junit-jupiter-api-5.7.2.jar:/home/alex/.m2/repository/org/opentest4j/opentest4j/1.2.0/opentest4j-1.2.0.jar:/home/alex/.m2/repository/org/junit/platform/junit-platform-commons/1.7.2/junit-platform-commons-1.7.2.jar:/home/alex/.m2/repository/org/junit/jupiter/junit-jupiter-engine/5.7.2/junit-jupiter-engine-5.7.2.jar:/home/alex/.m2/repository/org/junit/platform/junit-platform-engine/1.7.2/junit-platform-engine-1.7.2.jar:/home/alex/.m2/repository/org/junit/vintage/junit-vintage-engine/5.7.2/junit-vintage-engine-5.7.2.jar:/home/alex/.m2/repository/org/junit/jupiter/junit-jupiter-params/5.7.2/junit-jupiter-params-5.7.2.jar:/home/alex/.m2/repository/org/mockito/mockito-core/3.11.2/mockito-core-3.11.2.jar:/home/alex/.m2/repository/net/bytebuddy/byte-buddy/1.11.3/byte-buddy-1.11.3.jar:/home/alex/.m2/repository/net/bytebuddy/byte-buddy-agent/1.11.3/byte-buddy-agent-1.11.3.jar:/home/alex/.m2/repository/org/objenesis/objenesis/3.2/objenesis-3.2.jar:/home/alex/.m2/repository/org/mockito/mockito-junit-jupiter/3.11.2/mockito-junit-jupiter-3.11.2.jar:/home/alex/.m2/repository/org/slf4j/slf4j-simple/1.7.32/slf4j-simple-1.7.32.jar:/home/alex/.m2/repository/org/codehaus/groovy/groovy-test/2.5.14/groovy-test-2.5.14.jar:"/>
    <property name="org.slf4j.simpleLogger.log.nifi.processors.standard.TestExecuteSQLRecord" value="debug"/>
    <property name="java.vm.vendor" value="Private Build"/>
    <property name="sun.arch.data.model" value="64"/>
    <property name="java.vendor.url" value="http://java.oracle.com/"/>
    <property name="user.timezone" value="Europe/Lisbon"/>
    <property name="java.vm.specification.version" value="1.8"/>
    <property name="os.name" value="Linux"/>
    <property name="user.country" value="US"/>
    <property name="sun.java.launcher" value="SUN_STANDARD"/>
    <property name="sun.boot.library.path" value="/usr/lib/jvm/java-8-openjdk-amd64/jre/lib/amd64"/>
    <property name="sun.java.command" value="/home/alex/Repositories/nifi/nifi-nar-bundles/nifi-standard-bundle/nifi-standard-processors/target/surefire/surefirebooter5765390859711556220.jar /home/alex/Repositories/nifi/nifi-nar-bundles/nifi-standard-bundle/nifi-standard-processors/target/surefire 2024-05-02T03-00-27_868-jvmRun1 surefire9208373730939602304tmp surefire_6996902428243563721tmp"/>
    <property name="org.slf4j.simpleLogger.log.nifi.io.nio" value="debug"/>
    <property name="surefire.test.class.path" value="/home/alex/Repositories/nifi/nifi-nar-bundles/nifi-standard-bundle/nifi-standard-processors/target/test-classes:/home/alex/Repositories/nifi/nifi-nar-bundles/nifi-standard-bundle/nifi-standard-processors/target/classes:/home/alex/.m2/repository/org/apache/ftpserver/ftpserver-core/1.1.1/ftpserver-core-1.1.1.jar:/home/alex/.m2/repository/org/apache/ftpserver/ftplet-api/1.1.1/ftplet-api-1.1.1.jar:/home/alex/.m2/repository/org/slf4j/slf4j-api/1.7.32/slf4j-api-1.7.32.jar:/home/alex/.m2/repository/org/apache/mina/mina-core/2.0.16/mina-core-2.0.16.jar:/home/alex/Repositories/nifi/nifi-api/target/classes:/home/alex/Repositories/nifi/nifi-commons/nifi-expression-language/target/classes:/home/alex/.m2/repository/org/antlr/antlr-runtime/3.5.2/antlr-runtime-3.5.2.jar:/home/alex/Repositories/nifi/nifi-commons/nifi-parameter/target/classes:/home/alex/Repositories/nifi/nifi-commons/nifi-uuid5/target/classes:/home/alex/.m2/repository/org/apache/commons/commons-text/1.8/commons-text-1.8.jar:/home/alex/Repositories/nifi/nifi-nar-bundles/nifi-extension-utils/nifi-processor-utils/target/classes:/home/alex/Repositories/nifi/nifi-commons/nifi-security-socket-ssl/target/classes:/home/alex/Repositories/nifi/nifi-nar-bundles/nifi-extension-utils/nifi-event-transport/target/classes:/home/alex/.m2/repository/io/netty/netty-handler/4.1.69.Final/netty-handler-4.1.69.Final.jar:/home/alex/.m2/repository/io/netty/netty-common/4.1.69.Final/netty-common-4.1.69.Final.jar:/home/alex/.m2/repository/io/netty/netty-resolver/4.1.69.Final/netty-resolver-4.1.69.Final.jar:/home/alex/.m2/repository/io/netty/netty-transport/4.1.69.Final/netty-transport-4.1.69.Final.jar:/home/alex/.m2/repository/io/netty/netty-codec/4.1.69.Final/netty-codec-4.1.69.Final.jar:/home/alex/Repositories/nifi/nifi-nar-bundles/nifi-extension-utils/nifi-syslog-utils/target/classes:/home/alex/.m2/repository/com/github/palindromicity/simple-syslog-5424/0.0.16/simple-syslog-5424-0.0.16.jar:/home/alex/.m2/repository/org/antlr/antlr4-runtime/4.7.2/antlr4-runtime-4.7.2.jar:/home/alex/Repositories/nifi/nifi-commons/nifi-utils/target/classes:/home/alex/Repositories/nifi/nifi-commons/nifi-record-path/target/classes:/home/alex/Repositories/nifi/nifi-commons/nifi-properties/target/classes:/home/alex/Repositories/nifi/nifi-commons/nifi-property-utils/target/classes:/home/alex/.m2/repository/com/github/ben-manes/caffeine/caffeine/2.8.1/caffeine-2.8.1.jar:/home/alex/Repositories/nifi/nifi-nar-bundles/nifi-standard-services/nifi-ssl-context-service-api/target/classes:/home/alex/Repositories/nifi/nifi-commons/nifi-security-utils-api/target/classes:/home/alex/Repositories/nifi/nifi-nar-bundles/nifi-standard-services/nifi-lookup-service-api/target/classes:/home/alex/Repositories/nifi/nifi-commons/nifi-flowfile-packager/target/classes:/home/alex/Repositories/nifi/nifi-nar-bundles/nifi-standard-services/nifi-distributed-cache-client-service-api/target/classes:/home/alex/Repositories/nifi/nifi-nar-bundles/nifi-standard-services/nifi-http-context-map-api/target/classes:/home/alex/Repositories/nifi/nifi-nar-bundles/nifi-standard-services/nifi-record-serialization-service-api/target/classes:/home/alex/Repositories/nifi/nifi-nar-bundles/nifi-standard-services/nifi-proxy-configuration-api/target/classes:/home/alex/Repositories/nifi/nifi-commons/nifi-record/target/classes:/home/alex/Repositories/nifi/nifi-nar-bundles/nifi-standard-services/nifi-record-sink-api/target/classes:/home/alex/.m2/repository/commons-io/commons-io/2.10.0/commons-io-2.10.0.jar:/home/alex/.m2/repository/javax/ws/rs/javax.ws.rs-api/2.1/javax.ws.rs-api-2.1.jar:/home/alex/.m2/repository/commons-net/commons-net/3.6/commons-net-3.6.jar:/home/alex/.m2/repository/org/apache/commons/commons-compress/1.21/commons-compress-1.21.jar:/home/alex/.m2/repository/org/apache/commons/commons-lang3/3.9/commons-lang3-3.9.jar:/home/alex/.m2/repository/org/bouncycastle/bcprov-jdk15on/1.69/bcprov-jdk15on-1.69.jar:/home/alex/.m2/repository/org/bouncycastle/bcpg-jdk15on/1.69/bcpg-jdk15on-1.69.jar:/home/alex/.m2/repository/org/bouncycastle/bcpkix-jdk15on/1.69/bcpkix-jdk15on-1.69.jar:/home/alex/.m2/repository/org/bouncycastle/bcutil-jdk15on/1.69/bcutil-jdk15on-1.69.jar:/home/alex/.m2/repository/commons-codec/commons-codec/1.14/commons-codec-1.14.jar:/home/alex/Repositories/nifi/nifi-commons/nifi-security-utils/target/classes:/home/alex/Repositories/nifi/nifi-commons/nifi-security-kms/target/classes:/home/alex/.m2/repository/org/apache/commons/commons-configuration2/2.7/commons-configuration2-2.7.jar:/home/alex/.m2/repository/com/hierynomus/sshj/0.32.0/sshj-0.32.0.jar:/home/alex/.m2/repository/com/jcraft/jzlib/1.1.3/jzlib-1.1.3.jar:/home/alex/.m2/repository/com/hierynomus/asn-one/0.6.0/asn-one-0.6.0.jar:/home/alex/.m2/repository/net/i2p/crypto/eddsa/0.3.0/eddsa-0.3.0.jar:/home/alex/.m2/repository/org/eclipse/jetty/jetty-server/9.4.44.v20210927/jetty-server-9.4.44.v20210927.jar:/home/alex/.m2/repository/javax/servlet/javax.servlet-api/3.1.0/javax.servlet-api-3.1.0.jar:/home/alex/.m2/repository/org/eclipse/jetty/jetty-http/9.4.44.v20210927/jetty-http-9.4.44.v20210927.jar:/home/alex/.m2/repository/org/eclipse/jetty/jetty-util/9.4.44.v20210927/jetty-util-9.4.44.v20210927.jar:/home/alex/.m2/repository/org/eclipse/jetty/jetty-io/9.4.44.v20210927/jetty-io-9.4.44.v20210927.jar:/home/alex/.m2/repository/org/eclipse/jetty/jetty-servlet/9.4.44.v20210927/jetty-servlet-9.4.44.v20210927.jar:/home/alex/.m2/repository/org/eclipse/jetty/jetty-security/9.4.44.v20210927/jetty-security-9.4.44.v20210927.jar:/home/alex/.m2/repository/org/eclipse/jetty/jetty-util-ajax/9.4.44.v20210927/jetty-util-ajax-9.4.44.v20210927.jar:/home/alex/.m2/repository/org/apache/httpcomponents/httpclient/4.5.5/httpclient-4.5.5.jar:/home/alex/.m2/repository/commons-logging/commons-logging/1.2/commons-logging-1.2.jar:/home/alex/.m2/repository/org/apache/httpcomponents/httpcore/4.4.9/httpcore-4.4.9.jar:/home/alex/.m2/repository/jakarta/activation/jakarta.activation-api/2.0.1/jakarta.activation-api-2.0.1.jar:/home/alex/.m2/repository/com/sun/activation/jakarta.activation/2.0.1/jakarta.activation-2.0.1.jar:/home/alex/.m2/repository/jakarta/mail/jakarta.mail-api/2.0.1/jakarta.mail-api-2.0.1.jar:/home/alex/.m2/repository/com/sun/mail/jakarta.mail/2.0.1/jakarta.mail-2.0.1.jar:/home/alex/.m2/repository/com/github/jponge/lzma-java/1.3/lzma-java-1.3.jar:/home/alex/.m2/repository/org/tukaani/xz/1.8/xz-1.8.jar:/home/alex/.m2/repository/net/sf/saxon/Saxon-HE/10.6/Saxon-HE-10.6.jar:/home/alex/Repositories/nifi/nifi-commons/nifi-socket-utils/target/classes:/home/alex/Repositories/nifi/nifi-commons/nifi-logging-utils/target/classes:/home/alex/Repositories/nifi/nifi-nar-bundles/nifi-standard-services/nifi-load-distribution-service-api/target/classes:/home/alex/.m2/repository/javax/jms/javax.jms-api/2.0.1/javax.jms-api-2.0.1.jar:/home/alex/.m2/repository/org/apache/activemq/activemq-client/5.15.15/activemq-client-5.15.15.jar:/home/alex/.m2/repository/org/apache/geronimo/specs/geronimo-jms_1.1_spec/1.1.1/geronimo-jms_1.1_spec-1.1.1.jar:/home/alex/.m2/repository/org/fusesource/hawtbuf/hawtbuf/1.11/hawtbuf-1.11.jar:/home/alex/.m2/repository/org/apache/geronimo/specs/geronimo-j2ee-management_1.1_spec/1.0.1/geronimo-j2ee-management_1.1_spec-1.0.1.jar:/home/alex/.m2/repository/com/jayway/jsonpath/json-path/2.6.0/json-path-2.6.0.jar:/home/alex/.m2/repository/net/minidev/json-smart/2.4.7/json-smart-2.4.7.jar:/home/alex/.m2/repository/net/minidev/accessors-smart/2.4.7/accessors-smart-2.4.7.jar:/home/alex/.m2/repository/org/ow2/asm/asm/9.1/asm-9.1.jar:/home/alex/.m2/repository/org/apache/tika/tika-core/1.26/tika-core-1.26.jar:/home/alex/.m2/repository/com/fasterxml/jackson/core/jackson-databind/2.12.3/jackson-databind-2.12.3.jar:/home/alex/.m2/repository/com/fasterxml/jackson/core/jackson-annotations/2.12.3/jackson-annotations-2.12.3.jar:/home/alex/.m2/repository/com/fasterxml/jackson/core/jackson-core/2.12.3/jackson-core-2.12.3.jar:/home/alex/Repositories/nifi/nifi-nar-bundles/nifi-extension-utils/nifi-record-utils/nifi-avro-record-utils/target/classes:/home/alex/Repositories/nifi/nifi-nar-bundles/nifi-extension-utils/nifi-record-utils/nifi-standard-record-utils/target/classes:/home/alex/.m2/repository/org/apache/avro/avro/1.8.1/avro-1.8.1.jar:/home/alex/.m2/repository/org/codehaus/jackson/jackson-core-asl/1.9.13/jackson-core-asl-1.9.13.jar:/home/alex/.m2/repository/org/codehaus/jackson/jackson-mapper-asl/1.9.13/jackson-mapper-asl-1.9.13.jar:/home/alex/.m2/repository/com/thoughtworks/paranamer/paranamer/2.7/paranamer-2.7.jar:/home/alex/Repositories/nifi/nifi-nar-bundles/nifi-standard-services/nifi-dbcp-service-api/target/classes:/home/alex/.m2/repository/com/squareup/okhttp3/okhttp/4.9.2/okhttp-4.9.2.jar:/home/alex/.m2/repository/com/squareup/okio/okio/2.8.0/okio-2.8.0.jar:/home/alex/.m2/repository/org/jetbrains/kotlin/kotlin-stdlib-common/1.4.0/kotlin-stdlib-common-1.4.0.jar:/home/alex/.m2/repository/org/jetbrains/kotlin/kotlin-stdlib/1.4.10/kotlin-stdlib-1.4.10.jar:/home/alex/.m2/repository/org/jetbrains/annotations/13.0/annotations-13.0.jar:/home/alex/.m2/repository/io/github/rburgst/okhttp-digest/2.5/okhttp-digest-2.5.jar:/home/alex/.m2/repository/at/favre/lib/bcrypt/0.9.0/bcrypt-0.9.0.jar:/home/alex/.m2/repository/at/favre/lib/bytes/1.3.0/bytes-1.3.0.jar:/home/alex/.m2/repository/com/google/guava/guava/28.0-jre/guava-28.0-jre.jar:/home/alex/.m2/repository/com/google/guava/failureaccess/1.0.1/failureaccess-1.0.1.jar:/home/alex/.m2/repository/com/google/guava/listenablefuture/9999.0-empty-to-avoid-conflict-with-guava/listenablefuture-9999.0-empty-to-avoid-conflict-with-guava.jar:/home/alex/.m2/repository/com/google/code/findbugs/jsr305/3.0.2/jsr305-3.0.2.jar:/home/alex/.m2/repository/org/checkerframework/checker-qual/2.8.1/checker-qual-2.8.1.jar:/home/alex/.m2/repository/com/google/errorprone/error_prone_annotations/2.3.2/error_prone_annotations-2.3.2.jar:/home/alex/.m2/repository/com/google/j2objc/j2objc-annotations/1.3/j2objc-annotations-1.3.jar:/home/alex/.m2/repository/org/codehaus/mojo/animal-sniffer-annotations/1.17/animal-sniffer-annotations-1.17.jar:/home/alex/Repositories/nifi/nifi-mock/target/classes:/home/alex/Repositories/nifi/nifi-framework-api/target/classes:/home/alex/Repositories/nifi/nifi-nar-bundles/nifi-framework-bundle/nifi-framework/nifi-framework-core-api/target/classes:/home/alex/Repositories/nifi/nifi-nar-bundles/nifi-framework-bundle/nifi-framework/nifi-framework-nar-utils/target/classes:/home/alex/Repositories/nifi/nifi-nar-bundles/nifi-framework-bundle/nifi-framework/nifi-client-dto/target/classes:/home/alex/.m2/repository/io/swagger/swagger-annotations/1.6.0/swagger-annotations-1.6.0.jar:/home/alex/Repositories/nifi/nifi-commons/nifi-site-to-site-client/target/classes:/home/alex/.m2/repository/org/apache/httpcomponents/httpasyncclient/4.1.4/httpasyncclient-4.1.4.jar:/home/alex/.m2/repository/org/apache/httpcomponents/httpcore-nio/4.4.10/httpcore-nio-4.4.10.jar:/home/alex/Repositories/nifi/nifi-nar-bundles/nifi-framework-bundle/nifi-framework/nifi-framework-authorization/target/classes:/home/alex/Repositories/nifi/nifi-registry/nifi-registry-core/nifi-registry-data-model/target/classes:/home/alex/Repositories/nifi/nifi-registry/nifi-registry-core/nifi-registry-revision/nifi-registry-revision-entity-model/target/classes:/home/alex/Repositories/nifi/nifi-registry/nifi-registry-core/nifi-registry-client/target/classes:/home/alex/Repositories/nifi/nifi-registry/nifi-registry-core/nifi-registry-security-utils/target/classes:/home/alex/.m2/repository/org/glassfish/jersey/core/jersey-client/2.33/jersey-client-2.33.jar:/home/alex/.m2/repository/jakarta/ws/rs/jakarta.ws.rs-api/2.1.6/jakarta.ws.rs-api-2.1.6.jar:/home/alex/.m2/repository/org/glassfish/hk2/external/jakarta.inject/2.6.1/jakarta.inject-2.6.1.jar:/home/alex/.m2/repository/org/glassfish/jersey/media/jersey-media-json-jackson/2.33/jersey-media-json-jackson-2.33.jar:/home/alex/.m2/repository/org/glassfish/jersey/ext/jersey-entity-filtering/2.33/jersey-entity-filtering-2.33.jar:/home/alex/.m2/repository/org/glassfish/jersey/inject/jersey-hk2/2.33/jersey-hk2-2.33.jar:/home/alex/.m2/repository/org/glassfish/hk2/hk2-locator/2.6.1/hk2-locator-2.6.1.jar:/home/alex/.m2/repository/org/glassfish/hk2/external/aopalliance-repackaged/2.6.1/aopalliance-repackaged-2.6.1.jar:/home/alex/.m2/repository/org/glassfish/hk2/hk2-api/2.6.1/hk2-api-2.6.1.jar:/home/alex/.m2/repository/org/glassfish/hk2/hk2-utils/2.6.1/hk2-utils-2.6.1.jar:/home/alex/.m2/repository/org/javassist/javassist/3.25.0-GA/javassist-3.25.0-GA.jar:/home/alex/.m2/repository/org/glassfish/jersey/core/jersey-common/2.33/jersey-common-2.33.jar:/home/alex/.m2/repository/jakarta/annotation/jakarta.annotation-api/1.3.5/jakarta.annotation-api-1.3.5.jar:/home/alex/.m2/repository/org/glassfish/hk2/osgi-resource-locator/1.0.3/osgi-resource-locator-1.0.3.jar:/home/alex/.m2/repository/org/glassfish/jersey/media/jersey-media-multipart/2.33/jersey-media-multipart-2.33.jar:/home/alex/.m2/repository/org/jvnet/mimepull/mimepull/1.9.13/mimepull-1.9.13.jar:/home/alex/Repositories/nifi/nifi-commons/nifi-data-provenance-utils/target/classes:/home/alex/Repositories/nifi/nifi-nar-bundles/nifi-standard-services/nifi-distributed-cache-services-bundle/nifi-distributed-cache-client-service/target/classes:/home/alex/Repositories/nifi/nifi-nar-bundles/nifi-standard-services/nifi-distributed-cache-services-bundle/nifi-distributed-cache-protocol/target/classes:/home/alex/.m2/repository/io/netty/netty-buffer/4.1.69.Final/netty-buffer-4.1.69.Final.jar:/home/alex/.m2/repository/com/google/http-client/google-http-client/1.28.0/google-http-client-1.28.0.jar:/home/alex/.m2/repository/io/opencensus/opencensus-api/0.18.0/opencensus-api-0.18.0.jar:/home/alex/.m2/repository/io/grpc/grpc-context/1.14.0/grpc-context-1.14.0.jar:/home/alex/.m2/repository/io/opencensus/opencensus-contrib-http-util/0.18.0/opencensus-contrib-http-util-0.18.0.jar:/home/alex/.m2/repository/org/apache/activemq/activemq-broker/5.15.14/activemq-broker-5.15.14.jar:/home/alex/.m2/repository/org/apache/activemq/activemq-openwire-legacy/5.15.14/activemq-openwire-legacy-5.15.14.jar:/home/alex/Repositories/nifi/nifi-nar-bundles/nifi-standard-services/nifi-ssl-context-bundle/nifi-ssl-context-service/target/classes:/home/alex/Repositories/nifi/nifi-nar-bundles/nifi-framework-bundle/nifi-framework/nifi-standard-prioritizers/target/classes:/home/alex/Repositories/nifi/nifi-nar-bundles/nifi-extension-utils/nifi-record-utils/nifi-mock-record-utils/target/classes:/home/alex/Repositories/nifi/nifi-nar-bundles/nifi-standard-services/nifi-record-serialization-services-bundle/nifi-record-serialization-services/target/classes:/home/alex/.m2/repository/org/apache/commons/commons-csv/1.8/commons-csv-1.8.jar:/home/alex/.m2/repository/com/fasterxml/jackson/dataformat/jackson-dataformat-csv/2.12.3/jackson-dataformat-csv-2.12.3.jar:/home/alex/.m2/repository/net/java/dev/stax-utils/stax-utils/20070216/stax-utils-20070216.jar:/home/alex/Repositories/nifi/nifi-nar-bundles/nifi-standard-services/nifi-lookup-services-bundle/nifi-lookup-services/target/classes:/home/alex/.m2/repository/commons-beanutils/commons-beanutils/1.9.4/commons-beanutils-1.9.4.jar:/home/alex/.m2/repository/commons-collections/commons-collections/3.2.2/commons-collections-3.2.2.jar:/home/alex/.m2/repository/com/maxmind/geoip2/geoip2/2.12.0/geoip2-2.12.0.jar:/home/alex/.m2/repository/com/maxmind/db/maxmind-db/1.2.2/maxmind-db-1.2.2.jar:/home/alex/.m2/repository/org/apache/derby/derby/10.14.2.0/derby-10.14.2.0.jar:/home/alex/.m2/repository/org/xerial/snappy/snappy-java/1.1.7.3/snappy-java-1.1.7.3.jar:/home/alex/.m2/repository/net/lingala/zip4j/zip4j/2.8.0/zip4j-2.8.0.jar:/home/alex/.m2/repository/com/h2database/h2/1.4.187/h2-1.4.187.jar:/home/alex/.m2/repository/org/mockftpserver/MockFtpServer/2.7.1/MockFtpServer-2.7.1.jar:/home/alex/.m2/repository/org/apache/sshd/sshd-core/1.7.0/sshd-core-1.7.0.jar:/home/alex/.m2/repository/com/bazaarvoice/jolt/jolt-core/0.1.1/jolt-core-0.1.1.jar:/home/alex/.m2/repository/javax/inject/javax.inject/1/javax.inject-1.jar:/home/alex/.m2/repository/com/bazaarvoice/jolt/json-utils/0.1.1/json-utils-0.1.1.jar:/home/alex/Repositories/nifi/nifi-nar-bundles/nifi-standard-bundle/nifi-standard-utils/target/classes:/home/alex/.m2/repository/net/sf/supercsv/super-csv/2.4.0/super-csv-2.4.0.jar:/home/alex/.m2/repository/com/fluenda/parcefone/2.1.0/parcefone-2.1.0.jar:/home/alex/.m2/repository/javax/validation/validation-api/1.1.0.Final/validation-api-1.1.0.Final.jar:/home/alex/.m2/repository/javax/el/javax.el-api/3.0.0/javax.el-api-3.0.0.jar:/home/alex/.m2/repository/com/github/wnameless/json/json-flattener/0.12.0/json-flattener-0.12.0.jar:/home/alex/.m2/repository/com/github/wnameless/json/json-base/2.0.0/json-base-2.0.0.jar:/home/alex/.m2/repository/org/apache/bval/bval-jsr/1.1.2/bval-jsr-1.1.2.jar:/home/alex/.m2/repository/org/apache/bval/bval-core/1.1.2/bval-core-1.1.2.jar:/home/alex/.m2/repository/io/krakens/java-grok/0.1.9/java-grok-0.1.9.jar:/home/alex/.m2/repository/org/apache/calcite/calcite-core/1.27.0/calcite-core-1.27.0.jar:/home/alex/.m2/repository/org/apache/calcite/calcite-linq4j/1.27.0/calcite-linq4j-1.27.0.jar:/home/alex/.m2/repository/com/esri/geometry/esri-geometry-api/2.2.0/esri-geometry-api-2.2.0.jar:/home/alex/.m2/repository/org/apache/calcite/avatica/avatica-core/1.18.0/avatica-core-1.18.0.jar:/home/alex/.m2/repository/org/apache/calcite/avatica/avatica-metrics/1.18.0/avatica-metrics-1.18.0.jar:/home/alex/.m2/repository/com/google/protobuf/protobuf-java/3.6.1/protobuf-java-3.6.1.jar:/home/alex/.m2/repository/org/apiguardian/apiguardian-api/1.1.0/apiguardian-api-1.1.0.jar:/home/alex/.m2/repository/com/fasterxml/jackson/dataformat/jackson-dataformat-yaml/2.10.0/jackson-dataformat-yaml-2.10.0.jar:/home/alex/.m2/repository/org/yaml/snakeyaml/1.29/snakeyaml-1.29.jar:/home/alex/.m2/repository/com/google/uzaygezen/uzaygezen-core/0.2/uzaygezen-core-0.2.jar:/home/alex/.m2/repository/com/yahoo/datasketches/sketches-core/0.9.0/sketches-core-0.9.0.jar:/home/alex/.m2/repository/com/yahoo/datasketches/memory/0.9.0/memory-0.9.0.jar:/home/alex/.m2/repository/net/hydromatic/aggdesigner-algorithm/6.0/aggdesigner-algorithm-6.0.jar:/home/alex/.m2/repository/commons-lang/commons-lang/2.4/commons-lang-2.4.jar:/home/alex/.m2/repository/org/apache/commons/commons-dbcp2/2.6.0/commons-dbcp2-2.6.0.jar:/home/alex/.m2/repository/org/apache/commons/commons-pool2/2.6.1/commons-pool2-2.6.1.jar:/home/alex/.m2/repository/org/codehaus/janino/commons-compiler/3.0.11/commons-compiler-3.0.11.jar:/home/alex/.m2/repository/org/codehaus/janino/janino/3.0.11/janino-3.0.11.jar:/home/alex/Repositories/nifi/nifi-nar-bundles/nifi-standard-services/nifi-schema-registry-service-api/target/classes:/home/alex/Repositories/nifi/nifi-nar-bundles/nifi-extension-utils/nifi-database-utils/target/classes:/home/alex/Repositories/nifi/nifi-nar-bundles/nifi-standard-bundle/nifi-standard-web-test-utils/target/classes:/home/alex/.m2/repository/com/github/stefanbirkner/fake-sftp-server-rule/2.0.1/fake-sftp-server-rule-2.0.1.jar:/home/alex/.m2/repository/com/github/marschall/memoryfilesystem/2.8.0/memoryfilesystem-2.8.0.jar:/home/alex/.m2/repository/junit/junit/4.13.2/junit-4.13.2.jar:/home/alex/.m2/repository/org/hamcrest/hamcrest-core/1.3/hamcrest-core-1.3.jar:/home/alex/Repositories/nifi/nifi-nar-bundles/nifi-extension-utils/nifi-database-test-utils/target/classes:/home/alex/.m2/repository/org/codehaus/groovy/groovy-json/2.5.14/groovy-json-2.5.14.jar:/home/alex/.m2/repository/org/codehaus/groovy/groovy/2.5.14/groovy-2.5.14.jar:/home/alex/.m2/repository/org/codehaus/groovy/groovy-servlet/2.5.14/groovy-servlet-2.5.14.jar:/home/alex/.m2/repository/org/codehaus/groovy/groovy-templates/2.5.14/groovy-templates-2.5.14.jar:/home/alex/.m2/repository/org/codehaus/groovy/groovy-xml/2.5.14/groovy-xml-2.5.14.jar:/home/alex/.m2/repository/org/hamcrest/hamcrest-all/1.3/hamcrest-all-1.3.jar:/home/alex/.m2/repository/com/squareup/okhttp3/mockwebserver/4.9.2/mockwebserver-4.9.2.jar:/home/alex/.m2/repository/org/jetbrains/kotlin/kotlin-stdlib-jdk8/1.4.10/kotlin-stdlib-jdk8-1.4.10.jar:/home/alex/.m2/repository/org/jetbrains/kotlin/kotlin-stdlib-jdk7/1.4.10/kotlin-stdlib-jdk7-1.4.10.jar:/home/alex/.m2/repository/org/mockito/mockito-inline/3.12.4/mockito-inline-3.12.4.jar:/home/alex/.m2/repository/org/junit/jupiter/junit-jupiter-api/5.7.2/junit-jupiter-api-5.7.2.jar:/home/alex/.m2/repository/org/opentest4j/opentest4j/1.2.0/opentest4j-1.2.0.jar:/home/alex/.m2/repository/org/junit/platform/junit-platform-commons/1.7.2/junit-platform-commons-1.7.2.jar:/home/alex/.m2/repository/org/junit/jupiter/junit-jupiter-engine/5.7.2/junit-jupiter-engine-5.7.2.jar:/home/alex/.m2/repository/org/junit/platform/junit-platform-engine/1.7.2/junit-platform-engine-1.7.2.jar:/home/alex/.m2/repository/org/junit/vintage/junit-vintage-engine/5.7.2/junit-vintage-engine-5.7.2.jar:/home/alex/.m2/repository/org/junit/jupiter/junit-jupiter-params/5.7.2/junit-jupiter-params-5.7.2.jar:/home/alex/.m2/repository/org/mockito/mockito-core/3.11.2/mockito-core-3.11.2.jar:/home/alex/.m2/repository/net/bytebuddy/byte-buddy/1.11.3/byte-buddy-1.11.3.jar:/home/alex/.m2/repository/net/bytebuddy/byte-buddy-agent/1.11.3/byte-buddy-agent-1.11.3.jar:/home/alex/.m2/repository/org/objenesis/objenesis/3.2/objenesis-3.2.jar:/home/alex/.m2/repository/org/mockito/mockito-junit-jupiter/3.11.2/mockito-junit-jupiter-3.11.2.jar:/home/alex/.m2/repository/org/slf4j/slf4j-simple/1.7.32/slf4j-simple-1.7.32.jar:/home/alex/.m2/repository/org/codehaus/groovy/groovy-test/2.5.14/groovy-test-2.5.14.jar:"/>
    <property name="sun.cpu.endian" value="little"/>
    <property name="user.home" value="/home/alex"/>
    <property name="user.language" value="en"/>
    <property name="java.specification.vendor" value="Oracle Corporation"/>
    <property name="java.home" value="/usr/lib/jvm/java-8-openjdk-amd64/jre"/>
    <property name="basedir" value="/home/alex/Repositories/nifi/nifi-nar-bundles/nifi-standard-bundle/nifi-standard-processors"/>
    <property name="file.separator" value="/"/>
    <property name="line.separator" value="&#10;"/>
    <property name="java.vm.specification.vendor" value="Oracle Corporation"/>
    <property name="java.specification.name" value="Java Platform API Specification"/>
    <property name="derby.stream.error.file" value="target/derby.log"/>
    <property name="org.slf4j.simpleLogger.log.org.apache.nifi" value="TRACE"/>
    <property name="javax.xml.xpath.XPathFactory:http://saxon.sf.net/jaxp/xpath/om" value="net.sf.saxon.xpath.XPathFactoryImpl"/>
    <property name="java.awt.graphicsenv" value="sun.awt.X11GraphicsEnvironment"/>
    <property name="org.slf4j.simpleLogger.log.org.apache.nifi.processors.standard.SQLTransform" value="debug"/>
    <property name="java.awt.headless" value="true"/>
    <property name="org.slf4j.simpleLogger.log.nifi.processors.standard.ExecuteSQLRecord" value="debug"/>
    <property name="org.slf4j.simpleLogger.showDateTime" value="true"/>
    <property name="surefire.real.class.path" value="/home/alex/Repositories/nifi/nifi-nar-bundles/nifi-standard-bundle/nifi-standard-processors/target/surefire/surefirebooter5765390859711556220.jar"/>
    <property name="sun.boot.class.path" value="/usr/lib/jvm/java-8-openjdk-amd64/jre/lib/resources.jar:/usr/lib/jvm/java-8-openjdk-amd64/jre/lib/rt.jar:/usr/lib/jvm/java-8-openjdk-amd64/jre/lib/sunrsasign.jar:/usr/lib/jvm/java-8-openjdk-amd64/jre/lib/jsse.jar:/usr/lib/jvm/java-8-openjdk-amd64/jre/lib/jce.jar:/usr/lib/jvm/java-8-openjdk-amd64/jre/lib/charsets.jar:/usr/lib/jvm/java-8-openjdk-amd64/jre/lib/jfr.jar:/usr/lib/jvm/java-8-openjdk-amd64/jre/classes"/>
    <property name="sun.management.compiler" value="HotSpot 64-Bit Tiered Compilers"/>
    <property name="org.slf4j.simpleLogger.log.nifi.processors.standard.TestExecuteSQL" value="debug"/>
    <property name="java.runtime.version" value="1.8.0_402-8u402-ga-2ubuntu1~22.04-b06"/>
    <property name="java.net.preferIPv4Stack" value="true"/>
    <property name="user.name" value="alex"/>
    <property name="path.separator" value=":"/>
    <property name="os.version" value="6.5.0-28-generic"/>
    <property name="java.endorsed.dirs" value="/usr/lib/jvm/java-8-openjdk-amd64/jre/lib/endorsed"/>
    <property name="java.runtime.name" value="OpenJDK Runtime Environment"/>
    <property name="org.slf4j.simpleLogger.log.nifi.processors.standard.DistributeLoad" value="debug"/>
    <property name="file.encoding" value="UTF-8"/>
    <property name="org.slf4j.simpleLogger.log.org.apache.nifi.processors.standard" value="DEBUG"/>
    <property name="org.slf4j.simpleLogger.log.nifi.processors.standard.ExecuteSQL" value="debug"/>
    <property name="sun.nio.ch.bugLevel" value=""/>
    <property name="java.vm.name" value="OpenJDK 64-Bit Server VM"/>
    <property name="localRepository" value="/home/alex/.m2/repository"/>
    <property name="java.vendor.url.bug" value="http://bugreport.sun.com/bugreport/"/>
    <property name="jetty.git.hash" value="8da83308eeca865e495e53ef315a249d63ba9332"/>
    <property name="java.io.tmpdir" value="/tmp"/>
    <property name="java.version" value="1.8.0_402"/>
    <property name="user.dir" value="/home/alex/Repositories/nifi/nifi-nar-bundles/nifi-standard-bundle/nifi-standard-processors"/>
    <property name="org.slf4j.simpleLogger.log.nifi.processors.standard.TestDetectDuplicate" value="debug"/>
    <property name="os.arch" value="amd64"/>
    <property name="java.vm.specification.name" value="Java Virtual Machine Specification"/>
    <property name="java.awt.printerjob" value="sun.print.PSPrinterJob"/>
    <property name="sun.os.patch.level" value="unknown"/>
    <property name="org.slf4j.simpleLogger.defaultLogLevel" value="info"/>
    <property name="java.library.path" value="/usr/java/packages/lib/amd64:/usr/lib/x86_64-linux-gnu/jni:/lib/x86_64-linux-gnu:/usr/lib/x86_64-linux-gnu:/usr/lib/jni:/lib:/usr/lib"/>
    <property name="java.vm.info" value="mixed mode"/>
    <property name="java.vendor" value="Private Build"/>
    <property name="java.vm.version" value="25.402-b06"/>
    <property name="org.slf4j.simpleLogger.log.nifi.processors.standard.DetectDuplicate" value="debug"/>
    <property name="java.specification.maintenance.version" value="5"/>
    <property name="java.ext.dirs" value="/usr/lib/jvm/java-8-openjdk-amd64/jre/lib/ext:/usr/java/packages/lib/ext"/>
    <property name="sun.io.unicode.encoding" value="UnicodeLittle"/>
    <property name="java.class.version" value="52.0"/>
  </properties>
  <testcase name="testSimpleBinaryConcatWithTextDelimitersHeaderOnly" classname="org.apache.nifi.processors.standard.TestMergeContent" time="0.005">
    <system-err><![CDATA[[pool-2216-thread-1] INFO org.apache.nifi.processors.standard.MergeContent - MergeContent[id=d5fd6caf-7afd-4cbd-a34d-f8e6502f8345] Merged [FlowFile[0,96209426934884.mockFlowFile,5B], FlowFile[1,96209426952760.mockFlowFile,2B], FlowFile[2,96209426958864.mockFlowFile,6B]] into FlowFile[3,96209428553658,14B]. Reason for merging: Minimum number of bytes (Min Group Size) and minimum number of entries reached
]]></system-err>
  </testcase>
  <testcase name="testMergeBasedOnCorrelation" classname="org.apache.nifi.processors.standard.TestMergeContent" time="0.001">
    <system-err><![CDATA[[pool-2217-thread-1] INFO org.apache.nifi.processors.standard.MergeContent - MergeContent[id=779d5435-29f8-45ac-99d9-d649e2cf9540] Merged [FlowFile[0,96209429604778.mockFlowFile,6B], FlowFile[1,96209429619012.mockFlowFile,7B], FlowFile[3,96209429630180.mockFlowFile,6B]] into FlowFile[4,96209430570282,19B]. Reason for merging: Maximum number of entries reached
[pool-2217-thread-1] INFO org.apache.nifi.processors.standard.MergeContent - MergeContent[id=779d5435-29f8-45ac-99d9-d649e2cf9540] Merged [FlowFile[2,96209429625094.mockFlowFile,8B]] into FlowFile[5,96209429625094.mockFlowFile,8B]. Reason for merging: Minimum number of bytes (Min Group Size) and minimum number of entries reached
]]></system-err>
  </testcase>
  <testcase name="testAvroConcatWithDifferentMetadataUseFirst" classname="org.apache.nifi.processors.standard.TestMergeContent" time="0.012">
    <system-err><![CDATA[[pool-2218-thread-1] INFO org.apache.nifi.processors.standard.MergeContent - MergeContent[id=c632a23f-0676-4088-b74b-6a17f86186d1] Merged [FlowFile[0,96209432794306.mockFlowFile,288B], FlowFile[1,96209432808091.mockFlowFile,288B], FlowFile[2,96209432812062.mockFlowFile,310B]] into FlowFile[3,96209434944449.mockFlowFile,364B]. Reason for merging: Maximum number of entries reached
]]></system-err>
  </testcase>
  <testcase name="testZipException" classname="org.apache.nifi.processors.standard.TestMergeContent" time="0.002">
    <system-err><![CDATA[[pool-2219-thread-1] ERROR org.apache.nifi.processors.standard.MergeContent - MergeContent[id=9912e8ca-d33c-4f44-9cf8-471dd2693bc9] Encountered exception merging FlowFile[1,duplicate-filename.txt,2B]: java.util.zip.ZipException: duplicate entry: duplicate-filename.txt
java.util.zip.ZipException: duplicate entry: duplicate-filename.txt
	at java.util.zip.ZipOutputStream.putNextEntry(ZipOutputStream.java:232)
	at org.apache.nifi.processors.standard.MergeContent$ZipMerge$1.process(MergeContent.java:943)
	at org.apache.nifi.util.MockProcessSession.write(MockProcessSession.java:907)
	at org.apache.nifi.util.MockProcessSession.write(MockProcessSession.java:67)
	at org.apache.nifi.processors.standard.MergeContent$ZipMerge.merge(MergeContent.java:931)
	at org.apache.nifi.processors.standard.MergeContent.processBin(MergeContent.java:521)
	at org.apache.nifi.processor.util.bin.BinFiles.processBins(BinFiles.java:228)
	at org.apache.nifi.processor.util.bin.BinFiles.onTrigger(BinFiles.java:192)
	at org.apache.nifi.util.StandardProcessorTestRunner$RunProcessor.call(StandardProcessorTestRunner.java:284)
	at org.apache.nifi.util.StandardProcessorTestRunner$RunProcessor.call(StandardProcessorTestRunner.java:278)
	at java.util.concurrent.FutureTask.run(FutureTask.java:266)
	at java.util.concurrent.ScheduledThreadPoolExecutor$ScheduledFutureTask.access$201(ScheduledThreadPoolExecutor.java:180)
	at java.util.concurrent.ScheduledThreadPoolExecutor$ScheduledFutureTask.run(ScheduledThreadPoolExecutor.java:293)
	at java.util.concurrent.ThreadPoolExecutor.runWorker(ThreadPoolExecutor.java:1149)
	at java.util.concurrent.ThreadPoolExecutor$Worker.run(ThreadPoolExecutor.java:624)
	at java.lang.Thread.run(Thread.java:750)
[pool-2219-thread-1] ERROR org.apache.nifi.processors.standard.MergeContent - MergeContent[id=9912e8ca-d33c-4f44-9cf8-471dd2693bc9] Encountered exception merging FlowFile[2,duplicate-filename.txt,6B]: java.util.zip.ZipException: duplicate entry: duplicate-filename.txt
java.util.zip.ZipException: duplicate entry: duplicate-filename.txt
	at java.util.zip.ZipOutputStream.putNextEntry(ZipOutputStream.java:232)
	at org.apache.nifi.processors.standard.MergeContent$ZipMerge$1.process(MergeContent.java:943)
	at org.apache.nifi.util.MockProcessSession.write(MockProcessSession.java:907)
	at org.apache.nifi.util.MockProcessSession.write(MockProcessSession.java:67)
	at org.apache.nifi.processors.standard.MergeContent$ZipMerge.merge(MergeContent.java:931)
	at org.apache.nifi.processors.standard.MergeContent.processBin(MergeContent.java:521)
	at org.apache.nifi.processor.util.bin.BinFiles.processBins(BinFiles.java:228)
	at org.apache.nifi.processor.util.bin.BinFiles.onTrigger(BinFiles.java:192)
	at org.apache.nifi.util.StandardProcessorTestRunner$RunProcessor.call(StandardProcessorTestRunner.java:284)
	at org.apache.nifi.util.StandardProcessorTestRunner$RunProcessor.call(StandardProcessorTestRunner.java:278)
	at java.util.concurrent.FutureTask.run(FutureTask.java:266)
	at java.util.concurrent.ScheduledThreadPoolExecutor$ScheduledFutureTask.access$201(ScheduledThreadPoolExecutor.java:180)
	at java.util.concurrent.ScheduledThreadPoolExecutor$ScheduledFutureTask.run(ScheduledThreadPoolExecutor.java:293)
	at java.util.concurrent.ThreadPoolExecutor.runWorker(ThreadPoolExecutor.java:1149)
	at java.util.concurrent.ThreadPoolExecutor$Worker.run(ThreadPoolExecutor.java:624)
	at java.lang.Thread.run(Thread.java:750)
[pool-2219-thread-1] INFO org.apache.nifi.processors.standard.MergeContent - MergeContent[id=9912e8ca-d33c-4f44-9cf8-471dd2693bc9] Merged [FlowFile[0,duplicate-filename.txt,5B], FlowFile[1,duplicate-filename.txt,2B], FlowFile[2,duplicate-filename.txt,6B]] into FlowFile[3,96209444495042.zip,165B]. Reason for merging: Minimum number of bytes (Min Group Size) and minimum number of entries reached
]]></system-err>
  </testcase>
  <testcase name="testSimpleBinaryConcat" classname="org.apache.nifi.processors.standard.TestMergeContent" time="0.002">
    <system-err><![CDATA[[pool-2220-thread-1] INFO org.apache.nifi.processors.standard.MergeContent - MergeContent[id=86db08a3-dd98-4b7b-aba2-154c105b6cf6] Merged [FlowFile[0,96209445682053.mockFlowFile,5B], FlowFile[1,96209445698251.mockFlowFile,2B], FlowFile[2,96209445705043.mockFlowFile,6B]] into FlowFile[3,96209446713111,13B]. Reason for merging: Minimum number of bytes (Min Group Size) and minimum number of entries reached
]]></system-err>
  </testcase>
  <testcase name="testTar" classname="org.apache.nifi.processors.standard.TestMergeContent" time="0.008">
    <system-err><![CDATA[[pool-2221-thread-1] INFO org.apache.nifi.processors.standard.MergeContent - MergeContent[id=35eaff9c-b382-4fba-8b18-a0321244fdd9] Merged [FlowFile[0,AShortFileName,5B], FlowFile[1,ALongerrrFileName,2B], FlowFile[2,AReallyLongggggggggggggggggggggggggggggggggggggggggggggggggggggggggggggggggggggggggggggggggggggFileName,6B]] into FlowFile[3,96209449178642.tar,5120B]. Reason for merging: Minimum number of bytes (Min Group Size) and minimum number of entries reached
]]></system-err>
  </testcase>
  <testcase name="testZip" classname="org.apache.nifi.processors.standard.TestMergeContent" time="0.002">
    <system-err><![CDATA[[pool-2222-thread-1] INFO org.apache.nifi.processors.standard.MergeContent - MergeContent[id=e0b40f0e-bd89-42e7-abe4-e909cf62107b] Merged [FlowFile[0,96209455957136.mockFlowFile,5B], FlowFile[1,96209455976386.mockFlowFile,2B], FlowFile[2,96209455984172.mockFlowFile,6B]] into FlowFile[3,96209457040543.zip,479B]. Reason for merging: Minimum number of bytes (Min Group Size) and minimum number of entries reached
]]></system-err>
  </testcase>
  <testcase name="testFlowFileStream" classname="org.apache.nifi.processors.standard.TestMergeContent" time="0.005">
    <system-err><![CDATA[[pool-2223-thread-1] INFO org.apache.nifi.processors.standard.MergeContent - MergeContent[id=8d63f4da-275f-4e54-a0bf-b6a4230a658d] Merged [FlowFile[0,cal.txt,139B], FlowFile[1,date.txt,29B]] into FlowFile[2,96209462585156.pkg,448B]. Reason for merging: Maximum number of entries reached
]]></system-err>
  </testcase>
  <testcase name="testAvroConcatWithDifferentMetadataDoNotMerge" classname="org.apache.nifi.processors.standard.TestMergeContent" time="0.004">
    <system-err><![CDATA[[pool-2224-thread-1] INFO org.apache.nifi.processors.standard.MergeContent - MergeContent[id=9798fe73-41bf-4ef7-87e9-98c4853461b0] Merged [FlowFile[0,96209464473023.mockFlowFile,288B], FlowFile[1,96209464510391.mockFlowFile,288B], FlowFile[2,96209464517661.mockFlowFile,310B]] into FlowFile[3,96209465607661.mockFlowFile,304B]. Reason for merging: Maximum number of entries reached
]]></system-err>
  </testcase>
  <testcase name="testDefragmentMultipleOnTriggers" classname="org.apache.nifi.processors.standard.TestMergeContent" time="0.005">
    <system-err><![CDATA[[pool-2228-thread-1] INFO org.apache.nifi.processors.standard.MergeContent - MergeContent[id=02d53f72-b002-44b0-b77f-bdc8cb7f1898] Merged [FlowFile[0,96209468049813.mockFlowFile,6B], FlowFile[1,96209469117510.mockFlowFile,7B], FlowFile[2,96209470054618.mockFlowFile,8B], FlowFile[3,96209470938062.mockFlowFile,6B]] into FlowFile[4,96209471847729,27B]. Reason for merging: Maximum number of entries reached
]]></system-err>
  </testcase>
  <testcase name="testAvroConcatWithDifferentSchemas" classname="org.apache.nifi.processors.standard.TestMergeContent" time="0.003">
    <system-err><![CDATA[[pool-2229-thread-1] INFO org.apache.nifi.processors.standard.MergeContent - MergeContent[id=b600d609-303d-4e38-aa2c-9e8cd53f2c3a] Merged [FlowFile[0,96209473097620.mockFlowFile,266B], FlowFile[1,96209473115640.mockFlowFile,167B], FlowFile[2,96209473122258.mockFlowFile,268B]] into FlowFile[3,96209474064538.mockFlowFile,313B]. Reason for merging: Maximum number of entries reached
]]></system-err>
  </testcase>
  <testcase name="testAvroConcatWithDifferentMetadataKeepCommon" classname="org.apache.nifi.processors.standard.TestMergeContent" time="0.004">
    <system-err><![CDATA[[pool-2230-thread-1] INFO org.apache.nifi.processors.standard.MergeContent - MergeContent[id=11912a97-4e31-4e88-8b02-2ec3d562c7c4] Merged [FlowFile[0,96209476685725.mockFlowFile,288B], FlowFile[1,96209476705812.mockFlowFile,288B], FlowFile[2,96209476811297.mockFlowFile,310B]] into FlowFile[3,96209477841920.mockFlowFile,335B]. Reason for merging: Maximum number of entries reached
]]></system-err>
  </testcase>
  <testcase name="testMaxBinAge" classname="org.apache.nifi.processors.standard.TestMergeContent" time="3.005">
    <system-err><![CDATA[[pool-2232-thread-1] INFO org.apache.nifi.processors.standard.MergeContent - MergeContent[id=8197e248-cf62-4aee-a19f-e3b86ac3e49c] Merged 50 FlowFiles into FlowFile[50,96212483729499,0B]. Reason for merging: Max Bin Age reached
]]></system-err>
  </testcase>
  <testcase name="testSimpleBinaryConcatWithTextDelimiters" classname="org.apache.nifi.processors.standard.TestMergeContent" time="0.002">
    <system-err><![CDATA[[pool-2233-thread-1] INFO org.apache.nifi.processors.standard.MergeContent - MergeContent[id=4d8b57b8-6b3a-4968-a383-98ec99e38ee0] Merged [FlowFile[0,96212485041745.mockFlowFile,5B], FlowFile[1,96212485054484.mockFlowFile,2B], FlowFile[2,96212485058897.mockFlowFile,6B]] into FlowFile[3,96212485907778,17B]. Reason for merging: Minimum number of bytes (Min Group Size) and minimum number of entries reached
]]></system-err>
  </testcase>
  <testcase name="testTextDelimitersValidation" classname="org.apache.nifi.processors.standard.TestMergeContent" time="0.001"/>
  <testcase name="testOldestBinIsExpired" classname="org.apache.nifi.processors.standard.TestMergeContent" time="0.014">
    <system-err><![CDATA[[pool-2236-thread-1] INFO org.apache.nifi.processors.standard.MergeContent - MergeContent[id=67ed702d-ab55-4e0c-9c42-786d41c4ca8d] Merged [FlowFile[224,96212489101858.mockFlowFile,0B], FlowFile[220,96212489086550.mockFlowFile,0B], FlowFile[221,96212489089779.mockFlowFile,0B], FlowFile[222,96212489093442.mockFlowFile,0B], FlowFile[223,96212489096921.mockFlowFile,0B]] into FlowFile[246,96212500653355,0B]. Reason for merging: The oldest Bin was removed because incoming FlowFile could not be placed in an existing Bin, and the Maximum Number of Bins was reached
]]></system-err>
  </testcase>
  <testcase name="testDefragmentOldStyleAttributes" classname="org.apache.nifi.processors.standard.TestMergeContent" time="0.001">
    <system-err><![CDATA[[pool-2237-thread-1] INFO org.apache.nifi.processors.standard.MergeContent - MergeContent[id=66940cd8-5525-4c47-92d7-507dc4838e7c] Merged [FlowFile[0,96212501529197.mockFlowFile,6B], FlowFile[1,96212501545144.mockFlowFile,7B], FlowFile[2,96212501562792.mockFlowFile,8B], FlowFile[3,96212501569436.mockFlowFile,6B]] into FlowFile[4,originalfilename,27B]. Reason for merging: Maximum number of entries reached
]]></system-err>
  </testcase>
  <testcase name="testSimpleBinaryConcatWaitsForMin" classname="org.apache.nifi.processors.standard.TestMergeContent" time="0.001"/>
  <testcase name="testFlowFileLargerThanBin" classname="org.apache.nifi.processors.standard.TestMergeContent" time="0.002">
    <system-err><![CDATA[[pool-2239-thread-1] INFO org.apache.nifi.processors.standard.MergeContent - MergeContent[id=2cb425e1-fd90-495e-a15a-bd3b883297d6] Merged [FlowFile[1,96212505244582.mockFlowFile,6144B]] into FlowFile[2,96212505244582.mockFlowFile,6144B]. Reason for merging: No reason was determined
]]></system-err>
  </testcase>
  <testcase name="testDefragmentWithTooFewFragments" classname="org.apache.nifi.processors.standard.TestMergeContent" time="3.003">
    <system-err><![CDATA[[pool-2241-thread-1] ERROR org.apache.nifi.processors.standard.MergeContent - MergeContent[id=8ec2ba3d-79f2-4f6e-97f2-8108eaf6f113] Cannot Defragment FlowFiles with Fragment Identifier 1 because the expected number of fragments is 5 but found only 4 fragments; routing [FlowFile[0,96212507084858.mockFlowFile,6B], FlowFile[1,96212507101890.mockFlowFile,7B], FlowFile[2,96212507109799.mockFlowFile,8B], FlowFile[3,96212507116303.mockFlowFile,6B]] to failure
]]></system-err>
  </testcase>
  <testcase name="testCountAttribute" classname="org.apache.nifi.processors.standard.TestMergeContent" time="0.001">
    <system-err><![CDATA[[pool-2242-thread-1] INFO org.apache.nifi.processors.standard.MergeContent - MergeContent[id=00e95da3-0b2c-4cab-9944-73d78e7c425d] Merged [FlowFile[0,96215509562978.mockFlowFile,5B], FlowFile[1,96215509578856.mockFlowFile,2B], FlowFile[2,96215509583435.mockFlowFile,6B]] into FlowFile[3,96215510340491,13B]. Reason for merging: Minimum number of bytes (Min Group Size) and minimum number of entries reached
]]></system-err>
  </testcase>
  <testcase name="testCommonAttributesOnly" classname="org.apache.nifi.processors.standard.TestMergeContent" time="0.022">
    <system-err><![CDATA[[pool-2243-thread-1] INFO org.apache.nifi.processors.standard.MergeContent - MergeContent[id=6bf1dae0-a07d-4a8d-a9a0-3160708448f4] Merged [FlowFile[0,96215511417354.mockFlowFile,1B], FlowFile[1,96215511434798.mockFlowFile,1B]] into FlowFile[2,96215528375949,2B]. Reason for merging: Maximum number of bytes (Max Group Size) reached
]]></system-err>
  </testcase>
  <testcase name="testLeavesSmallBinUnmerged" classname="org.apache.nifi.processors.standard.TestMergeContent" time="0.003">
    <system-err><![CDATA[[pool-2244-thread-1] INFO org.apache.nifi.processors.standard.MergeContent - MergeContent[id=f8fb5e40-9cee-47d7-9b35-89351fe6a9d5] Merged [FlowFile[0,96215533031354.mockFlowFile,2B], FlowFile[1,96215533051881.mockFlowFile,2B], FlowFile[2,96215533060558.mockFlowFile,2B], FlowFile[3,96215533067656.mockFlowFile,2B], FlowFile[4,96215533074211.mockFlowFile,2B]] into FlowFile[17,96215534361066,10B]. Reason for merging: Maximum number of entries reached
[pool-2244-thread-1] INFO org.apache.nifi.processors.standard.MergeContent - MergeContent[id=f8fb5e40-9cee-47d7-9b35-89351fe6a9d5] Merged [FlowFile[5,96215533080432.mockFlowFile,2B], FlowFile[6,96215533087041.mockFlowFile,2B], FlowFile[7,96215533101772.mockFlowFile,2B], FlowFile[8,96215533109099.mockFlowFile,2B], FlowFile[9,96215533117121.mockFlowFile,2B]] into FlowFile[18,96215534587508,10B]. Reason for merging: Maximum number of entries reached
[pool-2244-thread-1] INFO org.apache.nifi.processors.standard.MergeContent - MergeContent[id=f8fb5e40-9cee-47d7-9b35-89351fe6a9d5] Merged [FlowFile[10,96215533124400.mockFlowFile,3B], FlowFile[11,96215533133882.mockFlowFile,3B], FlowFile[12,96215533140355.mockFlowFile,3B], FlowFile[13,96215533147407.mockFlowFile,3B], FlowFile[14,96215533156080.mockFlowFile,3B]] into FlowFile[19,96215534781730,15B]. Reason for merging: Maximum number of entries reached
]]></system-err>
  </testcase>
  <testcase name="testDefragmentMultipleMingledSegments" classname="org.apache.nifi.processors.standard.TestMergeContent" time="0.002">
    <system-err><![CDATA[[pool-2245-thread-1] INFO org.apache.nifi.processors.standard.MergeContent - MergeContent[id=a8b125f3-b66a-485f-8098-4aea2bc22ee6] Merged [FlowFile[0,96215535529240.mockFlowFile,6B], FlowFile[1,96215535545355.mockFlowFile,7B], FlowFile[5,96215535590264.mockFlowFile,8B], FlowFile[6,96215535597270.mockFlowFile,6B]] into FlowFile[7,96215536655847,27B]. Reason for merging: Maximum number of entries reached
[pool-2245-thread-1] INFO org.apache.nifi.processors.standard.MergeContent - MergeContent[id=a8b125f3-b66a-485f-8098-4aea2bc22ee6] Merged [FlowFile[2,96215535557467.mockFlowFile,5B], FlowFile[3,96215535565481.mockFlowFile,3B], FlowFile[4,96215535583191.mockFlowFile,5B]] into FlowFile[8,96215536910460,13B]. Reason for merging: Maximum number of entries reached
]]></system-err>
  </testcase>
  <testcase name="testUniqueAttributes" classname="org.apache.nifi.processors.standard.TestMergeContent" time="0.002">
    <system-err><![CDATA[[pool-2246-thread-1] INFO org.apache.nifi.processors.standard.MergeContent - MergeContent[id=bf5aed65-0152-42e0-919c-9522dbbaa61b] Merged [FlowFile[0,96215537696526.mockFlowFile,1B], FlowFile[1,96215537717776.mockFlowFile,1B]] into FlowFile[2,96215539170611,2B]. Reason for merging: Maximum number of bytes (Max Group Size) reached
]]></system-err>
  </testcase>
  <testcase name="testDefragmentWithTooManyFragements" classname="org.apache.nifi.processors.standard.TestMergeContent" time="0.002">
    <system-err><![CDATA[[pool-2247-thread-1] INFO org.apache.nifi.processors.standard.MergeContent - MergeContent[id=8b8e9ce7-4730-4a38-861f-a2eb422d92d2] Merged [FlowFile[0,96215540015812.mockFlowFile,6B], FlowFile[1,96215540031758.mockFlowFile,7B], FlowFile[2,96215540052186.mockFlowFile,8B], FlowFile[3,96215540058630.mockFlowFile,6B]] into FlowFile[4,96215540956228,27B]. Reason for merging: Maximum number of entries reached
]]></system-err>
  </testcase>
  <testcase name="testSimpleBinaryConcatWithFileDelimiters" classname="org.apache.nifi.processors.standard.TestMergeContent" time="0.002">
    <system-err><![CDATA[[pool-2248-thread-1] INFO org.apache.nifi.processors.standard.MergeContent - MergeContent[id=29296448-2907-459a-9ea6-2f06d775607c] Merged [FlowFile[0,96215541958588.mockFlowFile,5B], FlowFile[1,96215541974023.mockFlowFile,2B], FlowFile[2,96215541991313.mockFlowFile,6B]] into FlowFile[3,96215543556822,25B]. Reason for merging: Minimum number of bytes (Min Group Size) and minimum number of entries reached
]]></system-err>
  </testcase>
  <testcase name="testFileDelimitersValidation" classname="org.apache.nifi.processors.standard.TestMergeContent" time="0.002"/>
  <testcase name="testMimeTypeIsOctetStreamIfConflictingWithBinaryConcat" classname="org.apache.nifi.processors.standard.TestMergeContent" time="0.002">
    <system-err><![CDATA[[pool-2249-thread-1] INFO org.apache.nifi.processors.standard.MergeContent - MergeContent[id=a1c9edf1-229f-4555-8c4e-9d81e391be65] Merged [FlowFile[0,96215545861686.mockFlowFile,5B], FlowFile[1,96215545880499.mockFlowFile,2B], FlowFile[2,96215545887743.mockFlowFile,6B], FlowFile[3,96215545895897.mockFlowFile,0B]] into FlowFile[4,96215546905163,13B]. Reason for merging: Minimum number of bytes (Min Group Size) and minimum number of entries reached
]]></system-err>
  </testcase>
  <testcase name="testDefragmentDuplicateFragement" classname="org.apache.nifi.processors.standard.TestMergeContent" time="1.102">
    <system-err><![CDATA[[pool-2250-thread-1] WARN org.apache.nifi.processor.util.bin.Bin - Duplicate or missing value for 'fragment.index' in defragment mode. Flowfile FlowFile[2,96215547537869.mockFlowFile,7B] not allowed in Bin
[pool-2250-thread-1] INFO org.apache.nifi.processors.standard.MergeContent - MergeContent[id=bbcd3abc-655e-439c-a9c6-fbea42acfff2] Merged [FlowFile[0,96215547516213.mockFlowFile,6B], FlowFile[1,96215547531067.mockFlowFile,7B], FlowFile[3,96215547543911.mockFlowFile,8B], FlowFile[4,96215547549473.mockFlowFile,6B]] into FlowFile[5,96215548608521,27B]. Reason for merging: Maximum number of entries reached
[pool-2251-thread-1] ERROR org.apache.nifi.processors.standard.MergeContent - MergeContent[id=bbcd3abc-655e-439c-a9c6-fbea42acfff2] Cannot Defragment FlowFiles with Fragment Identifier 1 because the expected number of fragments is 4 but found only 1 fragments; routing [FlowFile[2,96215547537869.mockFlowFile,7B]] to failure
]]></system-err>
  </testcase>
  <testcase name="testDefragment" classname="org.apache.nifi.processors.standard.TestMergeContent" time="0.001">
    <system-err><![CDATA[[pool-2252-thread-1] INFO org.apache.nifi.processors.standard.MergeContent - MergeContent[id=a1bc09b0-921d-46df-b233-8a441b2e5a80] Merged [FlowFile[0,96216650235319.mockFlowFile,6B], FlowFile[1,96216650249930.mockFlowFile,7B], FlowFile[2,96216650254043.mockFlowFile,8B], FlowFile[3,96216650257911.mockFlowFile,6B]] into FlowFile[4,96216651042663,27B]. Reason for merging: Maximum number of entries reached
]]></system-err>
  </testcase>
  <testcase name="testAvroConcatWithDifferentMetadataIgnore" classname="org.apache.nifi.processors.standard.TestMergeContent" time="0.003">
    <system-err><![CDATA[[pool-2253-thread-1] INFO org.apache.nifi.processors.standard.MergeContent - MergeContent[id=8e71a8e1-f194-4433-a476-9367d21a1bc7] Merged [FlowFile[0,96216652088662.mockFlowFile,288B], FlowFile[1,96216652112370.mockFlowFile,288B], FlowFile[2,96216652116562.mockFlowFile,310B]] into FlowFile[3,96216652766585.mockFlowFile,342B]. Reason for merging: Maximum number of entries reached
]]></system-err>
  </testcase>
  <testcase name="testDefragmentOutOfOrder" classname="org.apache.nifi.processors.standard.TestMergeContent" time="0.002">
    <system-err><![CDATA[[pool-2254-thread-1] INFO org.apache.nifi.processors.standard.MergeContent - MergeContent[id=c2948707-2231-4b01-a9ba-8877f4af36a8] Merged [FlowFile[0,96216654723790.mockFlowFile,6B], FlowFile[3,96216654753121.mockFlowFile,7B], FlowFile[1,96216654737351.mockFlowFile,8B], FlowFile[2,96216654742009.mockFlowFile,6B]] into FlowFile[4,96216655596261,27B]. Reason for merging: Maximum number of entries reached
]]></system-err>
  </testcase>
  <testcase name="testSimpleBinaryConcatSingleBin" classname="org.apache.nifi.processors.standard.TestMergeContent" time="0.001">
    <system-err><![CDATA[[pool-2255-thread-1] INFO org.apache.nifi.processors.standard.MergeContent - MergeContent[id=b96beebe-1987-4bae-9c3c-c2b21dfce204] Merged [FlowFile[0,96216656609390.mockFlowFile,5B], FlowFile[1,96216656623558.mockFlowFile,2B], FlowFile[2,96216656627638.mockFlowFile,6B]] into FlowFile[3,96216657370350,13B]. Reason for merging: Minimum number of bytes (Min Group Size) and minimum number of entries reached
]]></system-err>
  </testcase>
  <testcase name="testSimpleAvroConcat" classname="org.apache.nifi.processors.standard.TestMergeContent" time="0.003">
    <system-err><![CDATA[[pool-2256-thread-1] INFO org.apache.nifi.processors.standard.MergeContent - MergeContent[id=ff303dbc-c61a-4ed9-a76e-2560b399eab4] Merged [FlowFile[0,96216658112466.mockFlowFile,266B], FlowFile[1,96216658123388.mockFlowFile,266B], FlowFile[2,96216658127345.mockFlowFile,268B]] into FlowFile[3,96216658842703.mockFlowFile,342B]. Reason for merging: Maximum number of entries reached
]]></system-err>
  </testcase>
</testsuite>