<?xml version="1.0" encoding="UTF-8"?>
<testsuite xmlns:xsi="http://www.w3.org/2001/XMLSchema-instance" xsi:noNamespaceSchemaLocation="https://maven.apache.org/surefire/maven-surefire-plugin/xsd/surefire-test-report-3.0.xsd" version="3.0" name="org.apache.nifi.processors.standard.TestUnpackContent" time="0.188" tests="15" errors="0" skipped="0" failures="0">
  <properties>
    <property name="sun.desktop" value="gnome"/>
    <property name="awt.toolkit" value="sun.awt.X11.XToolkit"/>
    <property name="file.encoding.pkg" value="sun.io"/>
    <property name="java.specification.version" value="1.8"/>
    <property name="sun.cpu.isalist" value=""/>
    <property name="sun.jnu.encoding" value="UTF-8"/>
    <property name="java.class.path" value="/home/alex/Repositories/nifi/nifi-nar-bundles/nifi-standard-bundle/nifi-standard-processors/target/test-classes:/home/alex/Repositories/nifi/nifi-nar-bundles/nifi-standard-bundle/nifi-standard-processors/target/classes:/home/alex/.m2/repository/org/apache/ftpserver/ftpserver-core/1.1.1/ftpserver-core-1.1.1.jar:/home/alex/.m2/repository/org/apache/ftpserver/ftplet-api/1.1.1/ftplet-api-1.1.1.jar:/home/alex/.m2/repository/org/slf4j/slf4j-api/1.7.32/slf4j-api-1.7.32.jar:/home/alex/.m2/repository/org/apache/mina/mina-core/2.0.16/mina-core-2.0.16.jar:/home/alex/Repositories/nifi/nifi-api/target/classes:/home/alex/Repositories/nifi/nifi-commons/nifi-expression-language/target/classes:/home/alex/.m2/repository/org/antlr/antlr-runtime/3.5.2/antlr-runtime-3.5.2.jar:/home/alex/Repositories/nifi/nifi-commons/nifi-parameter/target/classes:/home/alex/Repositories/nifi/nifi-commons/nifi-uuid5/target/classes:/home/alex/.m2/repository/org/apache/commons/commons-text/1.8/commons-text-1.8.jar:/home/alex/Repositories/nifi/nifi-nar-bundles/nifi-extension-utils/nifi-processor-utils/target/classes:/home/alex/Repositories/nifi/nifi-commons/nifi-security-socket-ssl/target/classes:/home/alex/Repositories/nifi/nifi-nar-bundles/nifi-extension-utils/nifi-event-transport/target/classes:/home/alex/.m2/repository/io/netty/netty-handler/4.1.69.Final/netty-handler-4.1.69.Final.jar:/home/alex/.m2/repository/io/netty/netty-common/4.1.69.Final/netty-common-4.1.69.Final.jar:/home/alex/.m2/repository/io/netty/netty-resolver/4.1.69.Final/netty-resolver-4.1.69.Final.jar:/home/alex/.m2/repository/io/netty/netty-transport/4.1.69.Final/netty-transport-4.1.69.Final.jar:/home/alex/.m2/repository/io/netty/netty-codec/4.1.69.Final/netty-codec-4.1.69.Final.jar:/home/alex/Repositories/nifi/nifi-nar-bundles/nifi-extension-utils/nifi-syslog-utils/target/classes:/home/alex/.m2/repository/com/github/palindromicity/simple-syslog-5424/0.0.16/simple-syslog-5424-0.0.16.jar:/home/alex/.m2/repository/org/antlr/antlr4-runtime/4.7.2/antlr4-runtime-4.7.2.jar:/home/alex/Repositories/nifi/nifi-commons/nifi-utils/target/classes:/home/alex/Repositories/nifi/nifi-commons/nifi-record-path/target/classes:/home/alex/Repositories/nifi/nifi-commons/nifi-properties/target/classes:/home/alex/Repositories/nifi/nifi-commons/nifi-property-utils/target/classes:/home/alex/.m2/repository/com/github/ben-manes/caffeine/caffeine/2.8.1/caffeine-2.8.1.jar:/home/alex/Repositories/nifi/nifi-nar-bundles/nifi-standard-services/nifi-ssl-context-service-api/target/classes:/home/alex/Repositories/nifi/nifi-commons/nifi-security-utils-api/target/classes:/home/alex/Repositories/nifi/nifi-nar-bundles/nifi-standard-services/nifi-lookup-service-api/target/classes:/home/alex/Repositories/nifi/nifi-commons/nifi-flowfile-packager/target/classes:/home/alex/Repositories/nifi/nifi-nar-bundles/nifi-standard-services/nifi-distributed-cache-client-service-api/target/classes:/home/alex/Repositories/nifi/nifi-nar-bundles/nifi-standard-services/nifi-http-context-map-api/target/classes:/home/alex/Repositories/nifi/nifi-nar-bundles/nifi-standard-services/nifi-record-serialization-service-api/target/classes:/home/alex/Repositories/nifi/nifi-nar-bundles/nifi-standard-services/nifi-proxy-configuration-api/target/classes:/home/alex/Repositories/nifi/nifi-commons/nifi-record/target/classes:/home/alex/Repositories/nifi/nifi-nar-bundles/nifi-standard-services/nifi-record-sink-api/target/classes:/home/alex/.m2/repository/commons-io/commons-io/2.10.0/commons-io-2.10.0.jar:/home/alex/.m2/repository/javax/ws/rs/javax.ws.rs-api/2.1/javax.ws.rs-api-2.1.jar:/home/alex/.m2/repository/commons-net/commons-net/3.6/commons-net-3.6.jar:/home/alex/.m2/repository/org/apache/commons/commons-compress/1.21/commons-compress-1.21.jar:/home/alex/.m2/repository/org/apache/commons/commons-lang3/3.9/commons-lang3-3.9.jar:/home/alex/.m2/repository/org/bouncycastle/bcprov-jdk15on/1.69/bcprov-jdk15on-1.69.jar:/home/alex/.m2/repository/org/bouncycastle/bcpg-jdk15on/1.69/bcpg-jdk15on-1.69.jar:/home/alex/.m2/repository/org/bouncycastle/bcpkix-jdk15on/1.69/bcpkix-jdk15on-1.69.jar:/home/alex/.m2/repository/org/bouncycastle/bcutil-jdk15on/1.69/bcutil-jdk15on-1.69.jar:/home/alex/.m2/repository/commons-codec/commons-codec/1.14/commons-codec-1.14.jar:/home/alex/Repositories/nifi/nifi-commons/nifi-security-utils/target/classes:/home/alex/Repositories/nifi/nifi-commons/nifi-security-kms/target/classes:/home/alex/.m2/repository/org/apache/commons/commons-configuration2/2.7/commons-configuration2-2.7.jar:/home/alex/.m2/repository/com/hierynomus/sshj/0.32.0/sshj-0.32.0.jar:/home/alex/.m2/repository/com/jcraft/jzlib/1.1.3/jzlib-1.1.3.jar:/home/alex/.m2/repository/com/hierynomus/asn-one/0.6.0/asn-one-0.6.0.jar:/home/alex/.m2/repository/net/i2p/crypto/eddsa/0.3.0/eddsa-0.3.0.jar:/home/alex/.m2/repository/org/eclipse/jetty/jetty-server/9.4.44.v20210927/jetty-server-9.4.44.v20210927.jar:/home/alex/.m2/repository/javax/servlet/javax.servlet-api/3.1.0/javax.servlet-api-3.1.0.jar:/home/alex/.m2/repository/org/eclipse/jetty/jetty-http/9.4.44.v20210927/jetty-http-9.4.44.v20210927.jar:/home/alex/.m2/repository/org/eclipse/jetty/jetty-util/9.4.44.v20210927/jetty-util-9.4.44.v20210927.jar:/home/alex/.m2/repository/org/eclipse/jetty/jetty-io/9.4.44.v20210927/jetty-io-9.4.44.v20210927.jar:/home/alex/.m2/repository/org/eclipse/jetty/jetty-servlet/9.4.44.v20210927/jetty-servlet-9.4.44.v20210927.jar:/home/alex/.m2/repository/org/eclipse/jetty/jetty-security/9.4.44.v20210927/jetty-security-9.4.44.v20210927.jar:/home/alex/.m2/repository/org/eclipse/jetty/jetty-util-ajax/9.4.44.v20210927/jetty-util-ajax-9.4.44.v20210927.jar:/home/alex/.m2/repository/org/apache/httpcomponents/httpclient/4.5.5/httpclient-4.5.5.jar:/home/alex/.m2/repository/commons-logging/commons-logging/1.2/commons-logging-1.2.jar:/home/alex/.m2/repository/org/apache/httpcomponents/httpcore/4.4.9/httpcore-4.4.9.jar:/home/alex/.m2/repository/jakarta/activation/jakarta.activation-api/2.0.1/jakarta.activation-api-2.0.1.jar:/home/alex/.m2/repository/com/sun/activation/jakarta.activation/2.0.1/jakarta.activation-2.0.1.jar:/home/alex/.m2/repository/jakarta/mail/jakarta.mail-api/2.0.1/jakarta.mail-api-2.0.1.jar:/home/alex/.m2/repository/com/sun/mail/jakarta.mail/2.0.1/jakarta.mail-2.0.1.jar:/home/alex/.m2/repository/com/github/jponge/lzma-java/1.3/lzma-java-1.3.jar:/home/alex/.m2/repository/org/tukaani/xz/1.8/xz-1.8.jar:/home/alex/.m2/repository/net/sf/saxon/Saxon-HE/10.6/Saxon-HE-10.6.jar:/home/alex/Repositories/nifi/nifi-commons/nifi-socket-utils/target/classes:/home/alex/Repositories/nifi/nifi-commons/nifi-logging-utils/target/classes:/home/alex/Repositories/nifi/nifi-nar-bundles/nifi-standard-services/nifi-load-distribution-service-api/target/classes:/home/alex/.m2/repository/javax/jms/javax.jms-api/2.0.1/javax.jms-api-2.0.1.jar:/home/alex/.m2/repository/org/apache/activemq/activemq-client/5.15.15/activemq-client-5.15.15.jar:/home/alex/.m2/repository/org/apache/geronimo/specs/geronimo-jms_1.1_spec/1.1.1/geronimo-jms_1.1_spec-1.1.1.jar:/home/alex/.m2/repository/org/fusesource/hawtbuf/hawtbuf/1.11/hawtbuf-1.11.jar:/home/alex/.m2/repository/org/apache/geronimo/specs/geronimo-j2ee-management_1.1_spec/1.0.1/geronimo-j2ee-management_1.1_spec-1.0.1.jar:/home/alex/.m2/repository/com/jayway/jsonpath/json-path/2.6.0/json-path-2.6.0.jar:/home/alex/.m2/repository/net/minidev/json-smart/2.4.7/json-smart-2.4.7.jar:/home/alex/.m2/repository/net/minidev/accessors-smart/2.4.7/accessors-smart-2.4.7.jar:/home/alex/.m2/repository/org/ow2/asm/asm/9.1/asm-9.1.jar:/home/alex/.m2/repository/org/apache/tika/tika-core/1.26/tika-core-1.26.jar:/home/alex/.m2/repository/com/fasterxml/jackson/core/jackson-databind/2.12.3/jackson-databind-2.12.3.jar:/home/alex/.m2/repository/com/fasterxml/jackson/core/jackson-annotations/2.12.3/jackson-annotations-2.12.3.jar:/home/alex/.m2/repository/com/fasterxml/jackson/core/jackson-core/2.12.3/jackson-core-2.12.3.jar:/home/alex/Repositories/nifi/nifi-nar-bundles/nifi-extension-utils/nifi-record-utils/nifi-avro-record-utils/target/classes:/home/alex/Repositories/nifi/nifi-nar-bundles/nifi-extension-utils/nifi-record-utils/nifi-standard-record-utils/target/classes:/home/alex/.m2/repository/org/apache/avro/avro/1.8.1/avro-1.8.1.jar:/home/alex/.m2/repository/org/codehaus/jackson/jackson-core-asl/1.9.13/jackson-core-asl-1.9.13.jar:/home/alex/.m2/repository/org/codehaus/jackson/jackson-mapper-asl/1.9.13/jackson-mapper-asl-1.9.13.jar:/home/alex/.m2/repository/com/thoughtworks/paranamer/paranamer/2.7/paranamer-2.7.jar:/home/alex/Repositories/nifi/nifi-nar-bundles/nifi-standard-services/nifi-dbcp-service-api/target/classes:/home/alex/.m2/repository/com/squareup/okhttp3/okhttp/4.9.2/okhttp-4.9.2.jar:/home/alex/.m2/repository/com/squareup/okio/okio/2.8.0/okio-2.8.0.jar:/home/alex/.m2/repository/org/jetbrains/kotlin/kotlin-stdlib-common/1.4.0/kotlin-stdlib-common-1.4.0.jar:/home/alex/.m2/repository/org/jetbrains/kotlin/kotlin-stdlib/1.4.10/kotlin-stdlib-1.4.10.jar:/home/alex/.m2/repository/org/jetbrains/annotations/13.0/annotations-13.0.jar:/home/alex/.m2/repository/io/github/rburgst/okhttp-digest/2.5/okhttp-digest-2.5.jar:/home/alex/.m2/repository/at/favre/lib/bcrypt/0.9.0/bcrypt-0.9.0.jar:/home/alex/.m2/repository/at/favre/lib/bytes/1.3.0/bytes-1.3.0.jar:/home/alex/.m2/repository/com/google/guava/guava/28.0-jre/guava-28.0-jre.jar:/home/alex/.m2/repository/com/google/guava/failureaccess/1.0.1/failureaccess-1.0.1.jar:/home/alex/.m2/repository/com/google/guava/listenablefuture/9999.0-empty-to-avoid-conflict-with-guava/listenablefuture-9999.0-empty-to-avoid-conflict-with-guava.jar:/home/alex/.m2/repository/com/google/code/findbugs/jsr305/3.0.2/jsr305-3.0.2.jar:/home/alex/.m2/repository/org/checkerframework/checker-qual/2.8.1/checker-qual-2.8.1.jar:/home/alex/.m2/repository/com/google/errorprone/error_prone_annotations/2.3.2/error_prone_annotations-2.3.2.jar:/home/alex/.m2/repository/com/google/j2objc/j2objc-annotations/1.3/j2objc-annotations-1.3.jar:/home/alex/.m2/repository/org/codehaus/mojo/animal-sniffer-annotations/1.17/animal-sniffer-annotations-1.17.jar:/home/alex/Repositories/nifi/nifi-mock/target/classes:/home/alex/Repositories/nifi/nifi-framework-api/target/classes:/home/alex/Repositories/nifi/nifi-nar-bundles/nifi-framework-bundle/nifi-framework/nifi-framework-core-api/target/classes:/home/alex/Repositories/nifi/nifi-nar-bundles/nifi-framework-bundle/nifi-framework/nifi-framework-nar-utils/target/classes:/home/alex/Repositories/nifi/nifi-nar-bundles/nifi-framework-bundle/nifi-framework/nifi-client-dto/target/classes:/home/alex/.m2/repository/io/swagger/swagger-annotations/1.6.0/swagger-annotations-1.6.0.jar:/home/alex/Repositories/nifi/nifi-commons/nifi-site-to-site-client/target/classes:/home/alex/.m2/repository/org/apache/httpcomponents/httpasyncclient/4.1.4/httpasyncclient-4.1.4.jar:/home/alex/.m2/repository/org/apache/httpcomponents/httpcore-nio/4.4.10/httpcore-nio-4.4.10.jar:/home/alex/Repositories/nifi/nifi-nar-bundles/nifi-framework-bundle/nifi-framework/nifi-framework-authorization/target/classes:/home/alex/Repositories/nifi/nifi-registry/nifi-registry-core/nifi-registry-data-model/target/classes:/home/alex/Repositories/nifi/nifi-registry/nifi-registry-core/nifi-registry-revision/nifi-registry-revision-entity-model/target/classes:/home/alex/Repositories/nifi/nifi-registry/nifi-registry-core/nifi-registry-client/target/classes:/home/alex/Repositories/nifi/nifi-registry/nifi-registry-core/nifi-registry-security-utils/target/classes:/home/alex/.m2/repository/org/glassfish/jersey/core/jersey-client/2.33/jersey-client-2.33.jar:/home/alex/.m2/repository/jakarta/ws/rs/jakarta.ws.rs-api/2.1.6/jakarta.ws.rs-api-2.1.6.jar:/home/alex/.m2/repository/org/glassfish/hk2/external/jakarta.inject/2.6.1/jakarta.inject-2.6.1.jar:/home/alex/.m2/repository/org/glassfish/jersey/media/jersey-media-json-jackson/2.33/jersey-media-json-jackson-2.33.jar:/home/alex/.m2/repository/org/glassfish/jersey/ext/jersey-entity-filtering/2.33/jersey-entity-filtering-2.33.jar:/home/alex/.m2/repository/org/glassfish/jersey/inject/jersey-hk2/2.33/jersey-hk2-2.33.jar:/home/alex/.m2/repository/org/glassfish/hk2/hk2-locator/2.6.1/hk2-locator-2.6.1.jar:/home/alex/.m2/repository/org/glassfish/hk2/external/aopalliance-repackaged/2.6.1/aopalliance-repackaged-2.6.1.jar:/home/alex/.m2/repository/org/glassfish/hk2/hk2-api/2.6.1/hk2-api-2.6.1.jar:/home/alex/.m2/repository/org/glassfish/hk2/hk2-utils/2.6.1/hk2-utils-2.6.1.jar:/home/alex/.m2/repository/org/javassist/javassist/3.25.0-GA/javassist-3.25.0-GA.jar:/home/alex/.m2/repository/org/glassfish/jersey/core/jersey-common/2.33/jersey-common-2.33.jar:/home/alex/.m2/repository/jakarta/annotation/jakarta.annotation-api/1.3.5/jakarta.annotation-api-1.3.5.jar:/home/alex/.m2/repository/org/glassfish/hk2/osgi-resource-locator/1.0.3/osgi-resource-locator-1.0.3.jar:/home/alex/.m2/repository/org/glassfish/jersey/media/jersey-media-multipart/2.33/jersey-media-multipart-2.33.jar:/home/alex/.m2/repository/org/jvnet/mimepull/mimepull/1.9.13/mimepull-1.9.13.jar:/home/alex/Repositories/nifi/nifi-commons/nifi-data-provenance-utils/target/classes:/home/alex/Repositories/nifi/nifi-nar-bundles/nifi-standard-services/nifi-distributed-cache-services-bundle/nifi-distributed-cache-client-service/target/classes:/home/alex/Repositories/nifi/nifi-nar-bundles/nifi-standard-services/nifi-distributed-cache-services-bundle/nifi-distributed-cache-protocol/target/classes:/home/alex/.m2/repository/io/netty/netty-buffer/4.1.69.Final/netty-buffer-4.1.69.Final.jar:/home/alex/.m2/repository/com/google/http-client/google-http-client/1.28.0/google-http-client-1.28.0.jar:/home/alex/.m2/repository/io/opencensus/opencensus-api/0.18.0/opencensus-api-0.18.0.jar:/home/alex/.m2/repository/io/grpc/grpc-context/1.14.0/grpc-context-1.14.0.jar:/home/alex/.m2/repository/io/opencensus/opencensus-contrib-http-util/0.18.0/opencensus-contrib-http-util-0.18.0.jar:/home/alex/.m2/repository/org/apache/activemq/activemq-broker/5.15.14/activemq-broker-5.15.14.jar:/home/alex/.m2/repository/org/apache/activemq/activemq-openwire-legacy/5.15.14/activemq-openwire-legacy-5.15.14.jar:/home/alex/Repositories/nifi/nifi-nar-bundles/nifi-standard-services/nifi-ssl-context-bundle/nifi-ssl-context-service/target/classes:/home/alex/Repositories/nifi/nifi-nar-bundles/nifi-framework-bundle/nifi-framework/nifi-standard-prioritizers/target/classes:/home/alex/Repositories/nifi/nifi-nar-bundles/nifi-extension-utils/nifi-record-utils/nifi-mock-record-utils/target/classes:/home/alex/Repositories/nifi/nifi-nar-bundles/nifi-standard-services/nifi-record-serialization-services-bundle/nifi-record-serialization-services/target/classes:/home/alex/.m2/repository/org/apache/commons/commons-csv/1.8/commons-csv-1.8.jar:/home/alex/.m2/repository/com/fasterxml/jackson/dataformat/jackson-dataformat-csv/2.12.3/jackson-dataformat-csv-2.12.3.jar:/home/alex/.m2/repository/net/java/dev/stax-utils/stax-utils/20070216/stax-utils-20070216.jar:/home/alex/Repositories/nifi/nifi-nar-bundles/nifi-standard-services/nifi-lookup-services-bundle/nifi-lookup-services/target/classes:/home/alex/.m2/repository/commons-beanutils/commons-beanutils/1.9.4/commons-beanutils-1.9.4.jar:/home/alex/.m2/repository/commons-collections/commons-collections/3.2.2/commons-collections-3.2.2.jar:/home/alex/.m2/repository/com/maxmind/geoip2/geoip2/2.12.0/geoip2-2.12.0.jar:/home/alex/.m2/repository/com/maxmind/db/maxmind-db/1.2.2/maxmind-db-1.2.2.jar:/home/alex/.m2/repository/org/apache/derby/derby/10.14.2.0/derby-10.14.2.0.jar:/home/alex/.m2/repository/org/xerial/snappy/snappy-java/1.1.7.3/snappy-java-1.1.7.3.jar:/home/alex/.m2/repository/net/lingala/zip4j/zip4j/2.8.0/zip4j-2.8.0.jar:/home/alex/.m2/repository/com/h2database/h2/1.4.187/h2-1.4.187.jar:/home/alex/.m2/repository/org/mockftpserver/MockFtpServer/2.7.1/MockFtpServer-2.7.1.jar:/home/alex/.m2/repository/org/apache/sshd/sshd-core/1.7.0/sshd-core-1.7.0.jar:/home/alex/.m2/repository/com/bazaarvoice/jolt/jolt-core/0.1.1/jolt-core-0.1.1.jar:/home/alex/.m2/repository/javax/inject/javax.inject/1/javax.inject-1.jar:/home/alex/.m2/repository/com/bazaarvoice/jolt/json-utils/0.1.1/json-utils-0.1.1.jar:/home/alex/Repositories/nifi/nifi-nar-bundles/nifi-standard-bundle/nifi-standard-utils/target/classes:/home/alex/.m2/repository/net/sf/supercsv/super-csv/2.4.0/super-csv-2.4.0.jar:/home/alex/.m2/repository/com/fluenda/parcefone/2.1.0/parcefone-2.1.0.jar:/home/alex/.m2/repository/javax/validation/validation-api/1.1.0.Final/validation-api-1.1.0.Final.jar:/home/alex/.m2/repository/javax/el/javax.el-api/3.0.0/javax.el-api-3.0.0.jar:/home/alex/.m2/repository/com/github/wnameless/json/json-flattener/0.12.0/json-flattener-0.12.0.jar:/home/alex/.m2/repository/com/github/wnameless/json/json-base/2.0.0/json-base-2.0.0.jar:/home/alex/.m2/repository/org/apache/bval/bval-jsr/1.1.2/bval-jsr-1.1.2.jar:/home/alex/.m2/repository/org/apache/bval/bval-core/1.1.2/bval-core-1.1.2.jar:/home/alex/.m2/repository/io/krakens/java-grok/0.1.9/java-grok-0.1.9.jar:/home/alex/.m2/repository/org/apache/calcite/calcite-core/1.27.0/calcite-core-1.27.0.jar:/home/alex/.m2/repository/org/apache/calcite/calcite-linq4j/1.27.0/calcite-linq4j-1.27.0.jar:/home/alex/.m2/repository/com/esri/geometry/esri-geometry-api/2.2.0/esri-geometry-api-2.2.0.jar:/home/alex/.m2/repository/org/apache/calcite/avatica/avatica-core/1.18.0/avatica-core-1.18.0.jar:/home/alex/.m2/repository/org/apache/calcite/avatica/avatica-metrics/1.18.0/avatica-metrics-1.18.0.jar:/home/alex/.m2/repository/com/google/protobuf/protobuf-java/3.6.1/protobuf-java-3.6.1.jar:/home/alex/.m2/repository/org/apiguardian/apiguardian-api/1.1.0/apiguardian-api-1.1.0.jar:/home/alex/.m2/repository/com/fasterxml/jackson/dataformat/jackson-dataformat-yaml/2.10.0/jackson-dataformat-yaml-2.10.0.jar:/home/alex/.m2/repository/org/yaml/snakeyaml/1.29/snakeyaml-1.29.jar:/home/alex/.m2/repository/com/google/uzaygezen/uzaygezen-core/0.2/uzaygezen-core-0.2.jar:/home/alex/.m2/repository/com/yahoo/datasketches/sketches-core/0.9.0/sketches-core-0.9.0.jar:/home/alex/.m2/repository/com/yahoo/datasketches/memory/0.9.0/memory-0.9.0.jar:/home/alex/.m2/repository/net/hydromatic/aggdesigner-algorithm/6.0/aggdesigner-algorithm-6.0.jar:/home/alex/.m2/repository/commons-lang/commons-lang/2.4/commons-lang-2.4.jar:/home/alex/.m2/repository/org/apache/commons/commons-dbcp2/2.6.0/commons-dbcp2-2.6.0.jar:/home/alex/.m2/repository/org/apache/commons/commons-pool2/2.6.1/commons-pool2-2.6.1.jar:/home/alex/.m2/repository/org/codehaus/janino/commons-compiler/3.0.11/commons-compiler-3.0.11.jar:/home/alex/.m2/repository/org/codehaus/janino/janino/3.0.11/janino-3.0.11.jar:/home/alex/Repositories/nifi/nifi-nar-bundles/nifi-standard-services/nifi-schema-registry-service-api/target/classes:/home/alex/Repositories/nifi/nifi-nar-bundles/nifi-extension-utils/nifi-database-utils/target/classes:/home/alex/Repositories/nifi/nifi-nar-bundles/nifi-standard-bundle/nifi-standard-web-test-utils/target/classes:/home/alex/.m2/repository/com/github/stefanbirkner/fake-sftp-server-rule/2.0.1/fake-sftp-server-rule-2.0.1.jar:/home/alex/.m2/repository/com/github/marschall/memoryfilesystem/2.8.0/memoryfilesystem-2.8.0.jar:/home/alex/.m2/repository/junit/junit/4.13.2/junit-4.13.2.jar:/home/alex/.m2/repository/org/hamcrest/hamcrest-core/1.3/hamcrest-core-1.3.jar:/home/alex/Repositories/nifi/nifi-nar-bundles/nifi-extension-utils/nifi-database-test-utils/target/classes:/home/alex/.m2/repository/org/codehaus/groovy/groovy-json/2.5.14/groovy-json-2.5.14.jar:/home/alex/.m2/repository/org/codehaus/groovy/groovy/2.5.14/groovy-2.5.14.jar:/home/alex/.m2/repository/org/codehaus/groovy/groovy-servlet/2.5.14/groovy-servlet-2.5.14.jar:/home/alex/.m2/repository/org/codehaus/groovy/groovy-templates/2.5.14/groovy-templates-2.5.14.jar:/home/alex/.m2/repository/org/codehaus/groovy/groovy-xml/2.5.14/groovy-xml-2.5.14.jar:/home/alex/.m2/repository/org/hamcrest/hamcrest-all/1.3/hamcrest-all-1.3.jar:/home/alex/.m2/repository/com/squareup/okhttp3/mockwebserver/4.9.2/mockwebserver-4.9.2.jar:/home/alex/.m2/repository/org/jetbrains/kotlin/kotlin-stdlib-jdk8/1.4.10/kotlin-stdlib-jdk8-1.4.10.jar:/home/alex/.m2/repository/org/jetbrains/kotlin/kotlin-stdlib-jdk7/1.4.10/kotlin-stdlib-jdk7-1.4.10.jar:/home/alex/.m2/repository/org/mockito/mockito-inline/3.12.4/mockito-inline-3.12.4.jar:/home/alex/.m2/repository/org/junit/jupiter/junit-jupiter-api/5.7.2/junit-jupiter-api-5.7.2.jar:/home/alex/.m2/repository/org/opentest4j/opentest4j/1.2.0/opentest4j-1.2.0.jar:/home/alex/.m2/repository/org/junit/platform/junit-platform-commons/1.7.2/junit-platform-commons-1.7.2.jar:/home/alex/.m2/repository/org/junit/jupiter/junit-jupiter-engine/5.7.2/junit-jupiter-engine-5.7.2.jar:/home/alex/.m2/repository/org/junit/platform/junit-platform-engine/1.7.2/junit-platform-engine-1.7.2.jar:/home/alex/.m2/repository/org/junit/vintage/junit-vintage-engine/5.7.2/junit-vintage-engine-5.7.2.jar:/home/alex/.m2/repository/org/junit/jupiter/junit-jupiter-params/5.7.2/junit-jupiter-params-5.7.2.jar:/home/alex/.m2/repository/org/mockito/mockito-core/3.11.2/mockito-core-3.11.2.jar:/home/alex/.m2/repository/net/bytebuddy/byte-buddy/1.11.3/byte-buddy-1.11.3.jar:/home/alex/.m2/repository/net/bytebuddy/byte-buddy-agent/1.11.3/byte-buddy-agent-1.11.3.jar:/home/alex/.m2/repository/org/objenesis/objenesis/3.2/objenesis-3.2.jar:/home/alex/.m2/repository/org/mockito/mockito-junit-jupiter/3.11.2/mockito-junit-jupiter-3.11.2.jar:/home/alex/.m2/repository/org/slf4j/slf4j-simple/1.7.32/slf4j-simple-1.7.32.jar:/home/alex/.m2/repository/org/codehaus/groovy/groovy-test/2.5.14/groovy-test-2.5.14.jar:"/>
    <property name="java.vm.vendor" value="Private Build"/>
    <property name="sun.arch.data.model" value="64"/>
    <property name="java.vendor.url" value="http://java.oracle.com/"/>
    <property name="user.timezone" value="Europe/Lisbon"/>
    <property name="java.vm.specification.version" value="1.8"/>
    <property name="os.name" value="Linux"/>
    <property name="user.country" value="US"/>
    <property name="sun.java.launcher" value="SUN_STANDARD"/>
    <property name="sun.boot.library.path" value="/usr/lib/jvm/java-8-openjdk-amd64/jre/lib/amd64"/>
    <property name="sun.java.command" value="/home/alex/Repositories/nifi/nifi-nar-bundles/nifi-standard-bundle/nifi-standard-processors/target/surefire/surefirebooter5765390859711556220.jar /home/alex/Repositories/nifi/nifi-nar-bundles/nifi-standard-bundle/nifi-standard-processors/target/surefire 2024-05-02T03-00-27_868-jvmRun1 surefire9208373730939602304tmp surefire_6996902428243563721tmp"/>
    <property name="org.slf4j.simpleLogger.log.nifi.io.nio" value="debug"/>
    <property name="surefire.test.class.path" value="/home/alex/Repositories/nifi/nifi-nar-bundles/nifi-standard-bundle/nifi-standard-processors/target/test-classes:/home/alex/Repositories/nifi/nifi-nar-bundles/nifi-standard-bundle/nifi-standard-processors/target/classes:/home/alex/.m2/repository/org/apache/ftpserver/ftpserver-core/1.1.1/ftpserver-core-1.1.1.jar:/home/alex/.m2/repository/org/apache/ftpserver/ftplet-api/1.1.1/ftplet-api-1.1.1.jar:/home/alex/.m2/repository/org/slf4j/slf4j-api/1.7.32/slf4j-api-1.7.32.jar:/home/alex/.m2/repository/org/apache/mina/mina-core/2.0.16/mina-core-2.0.16.jar:/home/alex/Repositories/nifi/nifi-api/target/classes:/home/alex/Repositories/nifi/nifi-commons/nifi-expression-language/target/classes:/home/alex/.m2/repository/org/antlr/antlr-runtime/3.5.2/antlr-runtime-3.5.2.jar:/home/alex/Repositories/nifi/nifi-commons/nifi-parameter/target/classes:/home/alex/Repositories/nifi/nifi-commons/nifi-uuid5/target/classes:/home/alex/.m2/repository/org/apache/commons/commons-text/1.8/commons-text-1.8.jar:/home/alex/Repositories/nifi/nifi-nar-bundles/nifi-extension-utils/nifi-processor-utils/target/classes:/home/alex/Repositories/nifi/nifi-commons/nifi-security-socket-ssl/target/classes:/home/alex/Repositories/nifi/nifi-nar-bundles/nifi-extension-utils/nifi-event-transport/target/classes:/home/alex/.m2/repository/io/netty/netty-handler/4.1.69.Final/netty-handler-4.1.69.Final.jar:/home/alex/.m2/repository/io/netty/netty-common/4.1.69.Final/netty-common-4.1.69.Final.jar:/home/alex/.m2/repository/io/netty/netty-resolver/4.1.69.Final/netty-resolver-4.1.69.Final.jar:/home/alex/.m2/repository/io/netty/netty-transport/4.1.69.Final/netty-transport-4.1.69.Final.jar:/home/alex/.m2/repository/io/netty/netty-codec/4.1.69.Final/netty-codec-4.1.69.Final.jar:/home/alex/Repositories/nifi/nifi-nar-bundles/nifi-extension-utils/nifi-syslog-utils/target/classes:/home/alex/.m2/repository/com/github/palindromicity/simple-syslog-5424/0.0.16/simple-syslog-5424-0.0.16.jar:/home/alex/.m2/repository/org/antlr/antlr4-runtime/4.7.2/antlr4-runtime-4.7.2.jar:/home/alex/Repositories/nifi/nifi-commons/nifi-utils/target/classes:/home/alex/Repositories/nifi/nifi-commons/nifi-record-path/target/classes:/home/alex/Repositories/nifi/nifi-commons/nifi-properties/target/classes:/home/alex/Repositories/nifi/nifi-commons/nifi-property-utils/target/classes:/home/alex/.m2/repository/com/github/ben-manes/caffeine/caffeine/2.8.1/caffeine-2.8.1.jar:/home/alex/Repositories/nifi/nifi-nar-bundles/nifi-standard-services/nifi-ssl-context-service-api/target/classes:/home/alex/Repositories/nifi/nifi-commons/nifi-security-utils-api/target/classes:/home/alex/Repositories/nifi/nifi-nar-bundles/nifi-standard-services/nifi-lookup-service-api/target/classes:/home/alex/Repositories/nifi/nifi-commons/nifi-flowfile-packager/target/classes:/home/alex/Repositories/nifi/nifi-nar-bundles/nifi-standard-services/nifi-distributed-cache-client-service-api/target/classes:/home/alex/Repositories/nifi/nifi-nar-bundles/nifi-standard-services/nifi-http-context-map-api/target/classes:/home/alex/Repositories/nifi/nifi-nar-bundles/nifi-standard-services/nifi-record-serialization-service-api/target/classes:/home/alex/Repositories/nifi/nifi-nar-bundles/nifi-standard-services/nifi-proxy-configuration-api/target/classes:/home/alex/Repositories/nifi/nifi-commons/nifi-record/target/classes:/home/alex/Repositories/nifi/nifi-nar-bundles/nifi-standard-services/nifi-record-sink-api/target/classes:/home/alex/.m2/repository/commons-io/commons-io/2.10.0/commons-io-2.10.0.jar:/home/alex/.m2/repository/javax/ws/rs/javax.ws.rs-api/2.1/javax.ws.rs-api-2.1.jar:/home/alex/.m2/repository/commons-net/commons-net/3.6/commons-net-3.6.jar:/home/alex/.m2/repository/org/apache/commons/commons-compress/1.21/commons-compress-1.21.jar:/home/alex/.m2/repository/org/apache/commons/commons-lang3/3.9/commons-lang3-3.9.jar:/home/alex/.m2/repository/org/bouncycastle/bcprov-jdk15on/1.69/bcprov-jdk15on-1.69.jar:/home/alex/.m2/repository/org/bouncycastle/bcpg-jdk15on/1.69/bcpg-jdk15on-1.69.jar:/home/alex/.m2/repository/org/bouncycastle/bcpkix-jdk15on/1.69/bcpkix-jdk15on-1.69.jar:/home/alex/.m2/repository/org/bouncycastle/bcutil-jdk15on/1.69/bcutil-jdk15on-1.69.jar:/home/alex/.m2/repository/commons-codec/commons-codec/1.14/commons-codec-1.14.jar:/home/alex/Repositories/nifi/nifi-commons/nifi-security-utils/target/classes:/home/alex/Repositories/nifi/nifi-commons/nifi-security-kms/target/classes:/home/alex/.m2/repository/org/apache/commons/commons-configuration2/2.7/commons-configuration2-2.7.jar:/home/alex/.m2/repository/com/hierynomus/sshj/0.32.0/sshj-0.32.0.jar:/home/alex/.m2/repository/com/jcraft/jzlib/1.1.3/jzlib-1.1.3.jar:/home/alex/.m2/repository/com/hierynomus/asn-one/0.6.0/asn-one-0.6.0.jar:/home/alex/.m2/repository/net/i2p/crypto/eddsa/0.3.0/eddsa-0.3.0.jar:/home/alex/.m2/repository/org/eclipse/jetty/jetty-server/9.4.44.v20210927/jetty-server-9.4.44.v20210927.jar:/home/alex/.m2/repository/javax/servlet/javax.servlet-api/3.1.0/javax.servlet-api-3.1.0.jar:/home/alex/.m2/repository/org/eclipse/jetty/jetty-http/9.4.44.v20210927/jetty-http-9.4.44.v20210927.jar:/home/alex/.m2/repository/org/eclipse/jetty/jetty-util/9.4.44.v20210927/jetty-util-9.4.44.v20210927.jar:/home/alex/.m2/repository/org/eclipse/jetty/jetty-io/9.4.44.v20210927/jetty-io-9.4.44.v20210927.jar:/home/alex/.m2/repository/org/eclipse/jetty/jetty-servlet/9.4.44.v20210927/jetty-servlet-9.4.44.v20210927.jar:/home/alex/.m2/repository/org/eclipse/jetty/jetty-security/9.4.44.v20210927/jetty-security-9.4.44.v20210927.jar:/home/alex/.m2/repository/org/eclipse/jetty/jetty-util-ajax/9.4.44.v20210927/jetty-util-ajax-9.4.44.v20210927.jar:/home/alex/.m2/repository/org/apache/httpcomponents/httpclient/4.5.5/httpclient-4.5.5.jar:/home/alex/.m2/repository/commons-logging/commons-logging/1.2/commons-logging-1.2.jar:/home/alex/.m2/repository/org/apache/httpcomponents/httpcore/4.4.9/httpcore-4.4.9.jar:/home/alex/.m2/repository/jakarta/activation/jakarta.activation-api/2.0.1/jakarta.activation-api-2.0.1.jar:/home/alex/.m2/repository/com/sun/activation/jakarta.activation/2.0.1/jakarta.activation-2.0.1.jar:/home/alex/.m2/repository/jakarta/mail/jakarta.mail-api/2.0.1/jakarta.mail-api-2.0.1.jar:/home/alex/.m2/repository/com/sun/mail/jakarta.mail/2.0.1/jakarta.mail-2.0.1.jar:/home/alex/.m2/repository/com/github/jponge/lzma-java/1.3/lzma-java-1.3.jar:/home/alex/.m2/repository/org/tukaani/xz/1.8/xz-1.8.jar:/home/alex/.m2/repository/net/sf/saxon/Saxon-HE/10.6/Saxon-HE-10.6.jar:/home/alex/Repositories/nifi/nifi-commons/nifi-socket-utils/target/classes:/home/alex/Repositories/nifi/nifi-commons/nifi-logging-utils/target/classes:/home/alex/Repositories/nifi/nifi-nar-bundles/nifi-standard-services/nifi-load-distribution-service-api/target/classes:/home/alex/.m2/repository/javax/jms/javax.jms-api/2.0.1/javax.jms-api-2.0.1.jar:/home/alex/.m2/repository/org/apache/activemq/activemq-client/5.15.15/activemq-client-5.15.15.jar:/home/alex/.m2/repository/org/apache/geronimo/specs/geronimo-jms_1.1_spec/1.1.1/geronimo-jms_1.1_spec-1.1.1.jar:/home/alex/.m2/repository/org/fusesource/hawtbuf/hawtbuf/1.11/hawtbuf-1.11.jar:/home/alex/.m2/repository/org/apache/geronimo/specs/geronimo-j2ee-management_1.1_spec/1.0.1/geronimo-j2ee-management_1.1_spec-1.0.1.jar:/home/alex/.m2/repository/com/jayway/jsonpath/json-path/2.6.0/json-path-2.6.0.jar:/home/alex/.m2/repository/net/minidev/json-smart/2.4.7/json-smart-2.4.7.jar:/home/alex/.m2/repository/net/minidev/accessors-smart/2.4.7/accessors-smart-2.4.7.jar:/home/alex/.m2/repository/org/ow2/asm/asm/9.1/asm-9.1.jar:/home/alex/.m2/repository/org/apache/tika/tika-core/1.26/tika-core-1.26.jar:/home/alex/.m2/repository/com/fasterxml/jackson/core/jackson-databind/2.12.3/jackson-databind-2.12.3.jar:/home/alex/.m2/repository/com/fasterxml/jackson/core/jackson-annotations/2.12.3/jackson-annotations-2.12.3.jar:/home/alex/.m2/repository/com/fasterxml/jackson/core/jackson-core/2.12.3/jackson-core-2.12.3.jar:/home/alex/Repositories/nifi/nifi-nar-bundles/nifi-extension-utils/nifi-record-utils/nifi-avro-record-utils/target/classes:/home/alex/Repositories/nifi/nifi-nar-bundles/nifi-extension-utils/nifi-record-utils/nifi-standard-record-utils/target/classes:/home/alex/.m2/repository/org/apache/avro/avro/1.8.1/avro-1.8.1.jar:/home/alex/.m2/repository/org/codehaus/jackson/jackson-core-asl/1.9.13/jackson-core-asl-1.9.13.jar:/home/alex/.m2/repository/org/codehaus/jackson/jackson-mapper-asl/1.9.13/jackson-mapper-asl-1.9.13.jar:/home/alex/.m2/repository/com/thoughtworks/paranamer/paranamer/2.7/paranamer-2.7.jar:/home/alex/Repositories/nifi/nifi-nar-bundles/nifi-standard-services/nifi-dbcp-service-api/target/classes:/home/alex/.m2/repository/com/squareup/okhttp3/okhttp/4.9.2/okhttp-4.9.2.jar:/home/alex/.m2/repository/com/squareup/okio/okio/2.8.0/okio-2.8.0.jar:/home/alex/.m2/repository/org/jetbrains/kotlin/kotlin-stdlib-common/1.4.0/kotlin-stdlib-common-1.4.0.jar:/home/alex/.m2/repository/org/jetbrains/kotlin/kotlin-stdlib/1.4.10/kotlin-stdlib-1.4.10.jar:/home/alex/.m2/repository/org/jetbrains/annotations/13.0/annotations-13.0.jar:/home/alex/.m2/repository/io/github/rburgst/okhttp-digest/2.5/okhttp-digest-2.5.jar:/home/alex/.m2/repository/at/favre/lib/bcrypt/0.9.0/bcrypt-0.9.0.jar:/home/alex/.m2/repository/at/favre/lib/bytes/1.3.0/bytes-1.3.0.jar:/home/alex/.m2/repository/com/google/guava/guava/28.0-jre/guava-28.0-jre.jar:/home/alex/.m2/repository/com/google/guava/failureaccess/1.0.1/failureaccess-1.0.1.jar:/home/alex/.m2/repository/com/google/guava/listenablefuture/9999.0-empty-to-avoid-conflict-with-guava/listenablefuture-9999.0-empty-to-avoid-conflict-with-guava.jar:/home/alex/.m2/repository/com/google/code/findbugs/jsr305/3.0.2/jsr305-3.0.2.jar:/home/alex/.m2/repository/org/checkerframework/checker-qual/2.8.1/checker-qual-2.8.1.jar:/home/alex/.m2/repository/com/google/errorprone/error_prone_annotations/2.3.2/error_prone_annotations-2.3.2.jar:/home/alex/.m2/repository/com/google/j2objc/j2objc-annotations/1.3/j2objc-annotations-1.3.jar:/home/alex/.m2/repository/org/codehaus/mojo/animal-sniffer-annotations/1.17/animal-sniffer-annotations-1.17.jar:/home/alex/Repositories/nifi/nifi-mock/target/classes:/home/alex/Repositories/nifi/nifi-framework-api/target/classes:/home/alex/Repositories/nifi/nifi-nar-bundles/nifi-framework-bundle/nifi-framework/nifi-framework-core-api/target/classes:/home/alex/Repositories/nifi/nifi-nar-bundles/nifi-framework-bundle/nifi-framework/nifi-framework-nar-utils/target/classes:/home/alex/Repositories/nifi/nifi-nar-bundles/nifi-framework-bundle/nifi-framework/nifi-client-dto/target/classes:/home/alex/.m2/repository/io/swagger/swagger-annotations/1.6.0/swagger-annotations-1.6.0.jar:/home/alex/Repositories/nifi/nifi-commons/nifi-site-to-site-client/target/classes:/home/alex/.m2/repository/org/apache/httpcomponents/httpasyncclient/4.1.4/httpasyncclient-4.1.4.jar:/home/alex/.m2/repository/org/apache/httpcomponents/httpcore-nio/4.4.10/httpcore-nio-4.4.10.jar:/home/alex/Repositories/nifi/nifi-nar-bundles/nifi-framework-bundle/nifi-framework/nifi-framework-authorization/target/classes:/home/alex/Repositories/nifi/nifi-registry/nifi-registry-core/nifi-registry-data-model/target/classes:/home/alex/Repositories/nifi/nifi-registry/nifi-registry-core/nifi-registry-revision/nifi-registry-revision-entity-model/target/classes:/home/alex/Repositories/nifi/nifi-registry/nifi-registry-core/nifi-registry-client/target/classes:/home/alex/Repositories/nifi/nifi-registry/nifi-registry-core/nifi-registry-security-utils/target/classes:/home/alex/.m2/repository/org/glassfish/jersey/core/jersey-client/2.33/jersey-client-2.33.jar:/home/alex/.m2/repository/jakarta/ws/rs/jakarta.ws.rs-api/2.1.6/jakarta.ws.rs-api-2.1.6.jar:/home/alex/.m2/repository/org/glassfish/hk2/external/jakarta.inject/2.6.1/jakarta.inject-2.6.1.jar:/home/alex/.m2/repository/org/glassfish/jersey/media/jersey-media-json-jackson/2.33/jersey-media-json-jackson-2.33.jar:/home/alex/.m2/repository/org/glassfish/jersey/ext/jersey-entity-filtering/2.33/jersey-entity-filtering-2.33.jar:/home/alex/.m2/repository/org/glassfish/jersey/inject/jersey-hk2/2.33/jersey-hk2-2.33.jar:/home/alex/.m2/repository/org/glassfish/hk2/hk2-locator/2.6.1/hk2-locator-2.6.1.jar:/home/alex/.m2/repository/org/glassfish/hk2/external/aopalliance-repackaged/2.6.1/aopalliance-repackaged-2.6.1.jar:/home/alex/.m2/repository/org/glassfish/hk2/hk2-api/2.6.1/hk2-api-2.6.1.jar:/home/alex/.m2/repository/org/glassfish/hk2/hk2-utils/2.6.1/hk2-utils-2.6.1.jar:/home/alex/.m2/repository/org/javassist/javassist/3.25.0-GA/javassist-3.25.0-GA.jar:/home/alex/.m2/repository/org/glassfish/jersey/core/jersey-common/2.33/jersey-common-2.33.jar:/home/alex/.m2/repository/jakarta/annotation/jakarta.annotation-api/1.3.5/jakarta.annotation-api-1.3.5.jar:/home/alex/.m2/repository/org/glassfish/hk2/osgi-resource-locator/1.0.3/osgi-resource-locator-1.0.3.jar:/home/alex/.m2/repository/org/glassfish/jersey/media/jersey-media-multipart/2.33/jersey-media-multipart-2.33.jar:/home/alex/.m2/repository/org/jvnet/mimepull/mimepull/1.9.13/mimepull-1.9.13.jar:/home/alex/Repositories/nifi/nifi-commons/nifi-data-provenance-utils/target/classes:/home/alex/Repositories/nifi/nifi-nar-bundles/nifi-standard-services/nifi-distributed-cache-services-bundle/nifi-distributed-cache-client-service/target/classes:/home/alex/Repositories/nifi/nifi-nar-bundles/nifi-standard-services/nifi-distributed-cache-services-bundle/nifi-distributed-cache-protocol/target/classes:/home/alex/.m2/repository/io/netty/netty-buffer/4.1.69.Final/netty-buffer-4.1.69.Final.jar:/home/alex/.m2/repository/com/google/http-client/google-http-client/1.28.0/google-http-client-1.28.0.jar:/home/alex/.m2/repository/io/opencensus/opencensus-api/0.18.0/opencensus-api-0.18.0.jar:/home/alex/.m2/repository/io/grpc/grpc-context/1.14.0/grpc-context-1.14.0.jar:/home/alex/.m2/repository/io/opencensus/opencensus-contrib-http-util/0.18.0/opencensus-contrib-http-util-0.18.0.jar:/home/alex/.m2/repository/org/apache/activemq/activemq-broker/5.15.14/activemq-broker-5.15.14.jar:/home/alex/.m2/repository/org/apache/activemq/activemq-openwire-legacy/5.15.14/activemq-openwire-legacy-5.15.14.jar:/home/alex/Repositories/nifi/nifi-nar-bundles/nifi-standard-services/nifi-ssl-context-bundle/nifi-ssl-context-service/target/classes:/home/alex/Repositories/nifi/nifi-nar-bundles/nifi-framework-bundle/nifi-framework/nifi-standard-prioritizers/target/classes:/home/alex/Repositories/nifi/nifi-nar-bundles/nifi-extension-utils/nifi-record-utils/nifi-mock-record-utils/target/classes:/home/alex/Repositories/nifi/nifi-nar-bundles/nifi-standard-services/nifi-record-serialization-services-bundle/nifi-record-serialization-services/target/classes:/home/alex/.m2/repository/org/apache/commons/commons-csv/1.8/commons-csv-1.8.jar:/home/alex/.m2/repository/com/fasterxml/jackson/dataformat/jackson-dataformat-csv/2.12.3/jackson-dataformat-csv-2.12.3.jar:/home/alex/.m2/repository/net/java/dev/stax-utils/stax-utils/20070216/stax-utils-20070216.jar:/home/alex/Repositories/nifi/nifi-nar-bundles/nifi-standard-services/nifi-lookup-services-bundle/nifi-lookup-services/target/classes:/home/alex/.m2/repository/commons-beanutils/commons-beanutils/1.9.4/commons-beanutils-1.9.4.jar:/home/alex/.m2/repository/commons-collections/commons-collections/3.2.2/commons-collections-3.2.2.jar:/home/alex/.m2/repository/com/maxmind/geoip2/geoip2/2.12.0/geoip2-2.12.0.jar:/home/alex/.m2/repository/com/maxmind/db/maxmind-db/1.2.2/maxmind-db-1.2.2.jar:/home/alex/.m2/repository/org/apache/derby/derby/10.14.2.0/derby-10.14.2.0.jar:/home/alex/.m2/repository/org/xerial/snappy/snappy-java/1.1.7.3/snappy-java-1.1.7.3.jar:/home/alex/.m2/repository/net/lingala/zip4j/zip4j/2.8.0/zip4j-2.8.0.jar:/home/alex/.m2/repository/com/h2database/h2/1.4.187/h2-1.4.187.jar:/home/alex/.m2/repository/org/mockftpserver/MockFtpServer/2.7.1/MockFtpServer-2.7.1.jar:/home/alex/.m2/repository/org/apache/sshd/sshd-core/1.7.0/sshd-core-1.7.0.jar:/home/alex/.m2/repository/com/bazaarvoice/jolt/jolt-core/0.1.1/jolt-core-0.1.1.jar:/home/alex/.m2/repository/javax/inject/javax.inject/1/javax.inject-1.jar:/home/alex/.m2/repository/com/bazaarvoice/jolt/json-utils/0.1.1/json-utils-0.1.1.jar:/home/alex/Repositories/nifi/nifi-nar-bundles/nifi-standard-bundle/nifi-standard-utils/target/classes:/home/alex/.m2/repository/net/sf/supercsv/super-csv/2.4.0/super-csv-2.4.0.jar:/home/alex/.m2/repository/com/fluenda/parcefone/2.1.0/parcefone-2.1.0.jar:/home/alex/.m2/repository/javax/validation/validation-api/1.1.0.Final/validation-api-1.1.0.Final.jar:/home/alex/.m2/repository/javax/el/javax.el-api/3.0.0/javax.el-api-3.0.0.jar:/home/alex/.m2/repository/com/github/wnameless/json/json-flattener/0.12.0/json-flattener-0.12.0.jar:/home/alex/.m2/repository/com/github/wnameless/json/json-base/2.0.0/json-base-2.0.0.jar:/home/alex/.m2/repository/org/apache/bval/bval-jsr/1.1.2/bval-jsr-1.1.2.jar:/home/alex/.m2/repository/org/apache/bval/bval-core/1.1.2/bval-core-1.1.2.jar:/home/alex/.m2/repository/io/krakens/java-grok/0.1.9/java-grok-0.1.9.jar:/home/alex/.m2/repository/org/apache/calcite/calcite-core/1.27.0/calcite-core-1.27.0.jar:/home/alex/.m2/repository/org/apache/calcite/calcite-linq4j/1.27.0/calcite-linq4j-1.27.0.jar:/home/alex/.m2/repository/com/esri/geometry/esri-geometry-api/2.2.0/esri-geometry-api-2.2.0.jar:/home/alex/.m2/repository/org/apache/calcite/avatica/avatica-core/1.18.0/avatica-core-1.18.0.jar:/home/alex/.m2/repository/org/apache/calcite/avatica/avatica-metrics/1.18.0/avatica-metrics-1.18.0.jar:/home/alex/.m2/repository/com/google/protobuf/protobuf-java/3.6.1/protobuf-java-3.6.1.jar:/home/alex/.m2/repository/org/apiguardian/apiguardian-api/1.1.0/apiguardian-api-1.1.0.jar:/home/alex/.m2/repository/com/fasterxml/jackson/dataformat/jackson-dataformat-yaml/2.10.0/jackson-dataformat-yaml-2.10.0.jar:/home/alex/.m2/repository/org/yaml/snakeyaml/1.29/snakeyaml-1.29.jar:/home/alex/.m2/repository/com/google/uzaygezen/uzaygezen-core/0.2/uzaygezen-core-0.2.jar:/home/alex/.m2/repository/com/yahoo/datasketches/sketches-core/0.9.0/sketches-core-0.9.0.jar:/home/alex/.m2/repository/com/yahoo/datasketches/memory/0.9.0/memory-0.9.0.jar:/home/alex/.m2/repository/net/hydromatic/aggdesigner-algorithm/6.0/aggdesigner-algorithm-6.0.jar:/home/alex/.m2/repository/commons-lang/commons-lang/2.4/commons-lang-2.4.jar:/home/alex/.m2/repository/org/apache/commons/commons-dbcp2/2.6.0/commons-dbcp2-2.6.0.jar:/home/alex/.m2/repository/org/apache/commons/commons-pool2/2.6.1/commons-pool2-2.6.1.jar:/home/alex/.m2/repository/org/codehaus/janino/commons-compiler/3.0.11/commons-compiler-3.0.11.jar:/home/alex/.m2/repository/org/codehaus/janino/janino/3.0.11/janino-3.0.11.jar:/home/alex/Repositories/nifi/nifi-nar-bundles/nifi-standard-services/nifi-schema-registry-service-api/target/classes:/home/alex/Repositories/nifi/nifi-nar-bundles/nifi-extension-utils/nifi-database-utils/target/classes:/home/alex/Repositories/nifi/nifi-nar-bundles/nifi-standard-bundle/nifi-standard-web-test-utils/target/classes:/home/alex/.m2/repository/com/github/stefanbirkner/fake-sftp-server-rule/2.0.1/fake-sftp-server-rule-2.0.1.jar:/home/alex/.m2/repository/com/github/marschall/memoryfilesystem/2.8.0/memoryfilesystem-2.8.0.jar:/home/alex/.m2/repository/junit/junit/4.13.2/junit-4.13.2.jar:/home/alex/.m2/repository/org/hamcrest/hamcrest-core/1.3/hamcrest-core-1.3.jar:/home/alex/Repositories/nifi/nifi-nar-bundles/nifi-extension-utils/nifi-database-test-utils/target/classes:/home/alex/.m2/repository/org/codehaus/groovy/groovy-json/2.5.14/groovy-json-2.5.14.jar:/home/alex/.m2/repository/org/codehaus/groovy/groovy/2.5.14/groovy-2.5.14.jar:/home/alex/.m2/repository/org/codehaus/groovy/groovy-servlet/2.5.14/groovy-servlet-2.5.14.jar:/home/alex/.m2/repository/org/codehaus/groovy/groovy-templates/2.5.14/groovy-templates-2.5.14.jar:/home/alex/.m2/repository/org/codehaus/groovy/groovy-xml/2.5.14/groovy-xml-2.5.14.jar:/home/alex/.m2/repository/org/hamcrest/hamcrest-all/1.3/hamcrest-all-1.3.jar:/home/alex/.m2/repository/com/squareup/okhttp3/mockwebserver/4.9.2/mockwebserver-4.9.2.jar:/home/alex/.m2/repository/org/jetbrains/kotlin/kotlin-stdlib-jdk8/1.4.10/kotlin-stdlib-jdk8-1.4.10.jar:/home/alex/.m2/repository/org/jetbrains/kotlin/kotlin-stdlib-jdk7/1.4.10/kotlin-stdlib-jdk7-1.4.10.jar:/home/alex/.m2/repository/org/mockito/mockito-inline/3.12.4/mockito-inline-3.12.4.jar:/home/alex/.m2/repository/org/junit/jupiter/junit-jupiter-api/5.7.2/junit-jupiter-api-5.7.2.jar:/home/alex/.m2/repository/org/opentest4j/opentest4j/1.2.0/opentest4j-1.2.0.jar:/home/alex/.m2/repository/org/junit/platform/junit-platform-commons/1.7.2/junit-platform-commons-1.7.2.jar:/home/alex/.m2/repository/org/junit/jupiter/junit-jupiter-engine/5.7.2/junit-jupiter-engine-5.7.2.jar:/home/alex/.m2/repository/org/junit/platform/junit-platform-engine/1.7.2/junit-platform-engine-1.7.2.jar:/home/alex/.m2/repository/org/junit/vintage/junit-vintage-engine/5.7.2/junit-vintage-engine-5.7.2.jar:/home/alex/.m2/repository/org/junit/jupiter/junit-jupiter-params/5.7.2/junit-jupiter-params-5.7.2.jar:/home/alex/.m2/repository/org/mockito/mockito-core/3.11.2/mockito-core-3.11.2.jar:/home/alex/.m2/repository/net/bytebuddy/byte-buddy/1.11.3/byte-buddy-1.11.3.jar:/home/alex/.m2/repository/net/bytebuddy/byte-buddy-agent/1.11.3/byte-buddy-agent-1.11.3.jar:/home/alex/.m2/repository/org/objenesis/objenesis/3.2/objenesis-3.2.jar:/home/alex/.m2/repository/org/mockito/mockito-junit-jupiter/3.11.2/mockito-junit-jupiter-3.11.2.jar:/home/alex/.m2/repository/org/slf4j/slf4j-simple/1.7.32/slf4j-simple-1.7.32.jar:/home/alex/.m2/repository/org/codehaus/groovy/groovy-test/2.5.14/groovy-test-2.5.14.jar:"/>
    <property name="sun.cpu.endian" value="little"/>
    <property name="user.home" value="/home/alex"/>
    <property name="user.language" value="en"/>
    <property name="java.specification.vendor" value="Oracle Corporation"/>
    <property name="java.home" value="/usr/lib/jvm/java-8-openjdk-amd64/jre"/>
    <property name="basedir" value="/home/alex/Repositories/nifi/nifi-nar-bundles/nifi-standard-bundle/nifi-standard-processors"/>
    <property name="file.separator" value="/"/>
    <property name="line.separator" value="&#10;"/>
    <property name="java.vm.specification.vendor" value="Oracle Corporation"/>
    <property name="java.specification.name" value="Java Platform API Specification"/>
    <property name="derby.stream.error.file" value="target/derby.log"/>
    <property name="java.awt.graphicsenv" value="sun.awt.X11GraphicsEnvironment"/>
    <property name="org.slf4j.simpleLogger.log.org.apache.nifi.processors.standard.SQLTransform" value="debug"/>
    <property name="java.awt.headless" value="true"/>
    <property name="org.slf4j.simpleLogger.showDateTime" value="true"/>
    <property name="surefire.real.class.path" value="/home/alex/Repositories/nifi/nifi-nar-bundles/nifi-standard-bundle/nifi-standard-processors/target/surefire/surefirebooter5765390859711556220.jar"/>
    <property name="sun.boot.class.path" value="/usr/lib/jvm/java-8-openjdk-amd64/jre/lib/resources.jar:/usr/lib/jvm/java-8-openjdk-amd64/jre/lib/rt.jar:/usr/lib/jvm/java-8-openjdk-amd64/jre/lib/sunrsasign.jar:/usr/lib/jvm/java-8-openjdk-amd64/jre/lib/jsse.jar:/usr/lib/jvm/java-8-openjdk-amd64/jre/lib/jce.jar:/usr/lib/jvm/java-8-openjdk-amd64/jre/lib/charsets.jar:/usr/lib/jvm/java-8-openjdk-amd64/jre/lib/jfr.jar:/usr/lib/jvm/java-8-openjdk-amd64/jre/classes"/>
    <property name="sun.management.compiler" value="HotSpot 64-Bit Tiered Compilers"/>
    <property name="java.runtime.version" value="1.8.0_402-8u402-ga-2ubuntu1~22.04-b06"/>
    <property name="java.net.preferIPv4Stack" value="true"/>
    <property name="user.name" value="alex"/>
    <property name="path.separator" value=":"/>
    <property name="os.version" value="6.5.0-28-generic"/>
    <property name="java.endorsed.dirs" value="/usr/lib/jvm/java-8-openjdk-amd64/jre/lib/endorsed"/>
    <property name="java.runtime.name" value="OpenJDK Runtime Environment"/>
    <property name="file.encoding" value="UTF-8"/>
    <property name="sun.nio.ch.bugLevel" value=""/>
    <property name="java.vm.name" value="OpenJDK 64-Bit Server VM"/>
    <property name="localRepository" value="/home/alex/.m2/repository"/>
    <property name="java.vendor.url.bug" value="http://bugreport.sun.com/bugreport/"/>
    <property name="java.io.tmpdir" value="/tmp"/>
    <property name="java.version" value="1.8.0_402"/>
    <property name="user.dir" value="/home/alex/Repositories/nifi/nifi-nar-bundles/nifi-standard-bundle/nifi-standard-processors"/>
    <property name="os.arch" value="amd64"/>
    <property name="java.vm.specification.name" value="Java Virtual Machine Specification"/>
    <property name="java.awt.printerjob" value="sun.print.PSPrinterJob"/>
    <property name="sun.os.patch.level" value="unknown"/>
    <property name="org.slf4j.simpleLogger.defaultLogLevel" value="info"/>
    <property name="java.library.path" value="/usr/java/packages/lib/amd64:/usr/lib/x86_64-linux-gnu/jni:/lib/x86_64-linux-gnu:/usr/lib/x86_64-linux-gnu:/usr/lib/jni:/lib:/usr/lib"/>
    <property name="java.vm.info" value="mixed mode"/>
    <property name="java.vendor" value="Private Build"/>
    <property name="java.vm.version" value="25.402-b06"/>
    <property name="java.specification.maintenance.version" value="5"/>
    <property name="java.ext.dirs" value="/usr/lib/jvm/java-8-openjdk-amd64/jre/lib/ext:/usr/java/packages/lib/ext"/>
    <property name="sun.io.unicode.encoding" value="UnicodeLittle"/>
    <property name="java.class.version" value="52.0"/>
  </properties>
  <testcase name="testFlowFileStreamV2" classname="org.apache.nifi.processors.standard.TestUnpackContent" time="0.011">
    <system-err><![CDATA[[pool-749-thread-1] INFO org.apache.nifi.processors.standard.UnpackContent - UnpackContent[id=b20115bd-e182-46bd-86c8-acc008512a53] Unpacked FlowFile[0,data.flowfilev2,255B] into [FlowFile[2,cal.txt,139B], FlowFile[3,date.txt,29B]] and transferred to success
[pool-749-thread-1] INFO org.apache.nifi.processors.standard.UnpackContent - UnpackContent[id=b20115bd-e182-46bd-86c8-acc008512a53] Unpacked FlowFile[1,data.flowfilev2,255B] into [FlowFile[4,cal.txt,139B], FlowFile[5,date.txt,29B]] and transferred to success
]]></system-err>
  </testcase>
  <testcase name="testFlowFileStreamV3" classname="org.apache.nifi.processors.standard.TestUnpackContent" time="0.002">
    <system-err><![CDATA[[pool-750-thread-1] INFO org.apache.nifi.processors.standard.UnpackContent - UnpackContent[id=a13b03ca-1cf0-457f-b52a-aa4ffcc30344] Unpacked FlowFile[0,data.flowfilev3,357B] into [FlowFile[2,cal.txt,139B], FlowFile[3,date.txt,29B]] and transferred to success
[pool-750-thread-1] INFO org.apache.nifi.processors.standard.UnpackContent - UnpackContent[id=a13b03ca-1cf0-457f-b52a-aa4ffcc30344] Unpacked FlowFile[1,data.flowfilev3,357B] into [FlowFile[4,cal.txt,139B], FlowFile[5,date.txt,29B]] and transferred to success
]]></system-err>
  </testcase>
  <testcase name="testTarWithFilter" classname="org.apache.nifi.processors.standard.TestUnpackContent" time="0.015">
    <system-err><![CDATA[[pool-751-thread-1] INFO org.apache.nifi.processors.standard.UnpackContent - UnpackContent[id=69036441-363c-4f73-9e1f-bd9cd11724c8] Unpacked FlowFile[0,data.tar,3584B] into [FlowFile[2,date.txt,29B]] and transferred to success
[pool-751-thread-1] INFO org.apache.nifi.processors.standard.UnpackContent - UnpackContent[id=69036441-363c-4f73-9e1f-bd9cd11724c8] Unpacked FlowFile[1,data.tar,3584B] into [FlowFile[3,date.txt,29B]] and transferred to success
[pool-752-thread-1] INFO org.apache.nifi.processors.standard.UnpackContent - UnpackContent[id=faddf624-87c4-471d-9e2e-c2c319457bdf] Unpacked FlowFile[0,data.tar,3584B] into [FlowFile[2,cal.txt,139B]] and transferred to success
[pool-752-thread-1] INFO org.apache.nifi.processors.standard.UnpackContent - UnpackContent[id=faddf624-87c4-471d-9e2e-c2c319457bdf] Unpacked FlowFile[1,data.tar,3584B] into [FlowFile[3,cal.txt,139B]] and transferred to success
]]></system-err>
  </testcase>
  <testcase name="testZipHandlesBadData" classname="org.apache.nifi.processors.standard.TestUnpackContent" time="0.01">
    <system-err><![CDATA[[pool-753-thread-1] ERROR org.apache.nifi.processors.standard.UnpackContent - UnpackContent[id=87c965ca-1beb-4b25-9a06-1ad119c70c05] Unable to unpack FlowFile[0,data.tar,3584B]; routing to failure: org.apache.nifi.processor.exception.ProcessException: java.util.zip.ZipException: Unexpected record signature: 0X646C6F66
org.apache.nifi.processor.exception.ProcessException: java.util.zip.ZipException: Unexpected record signature: 0X646C6F66
	at org.apache.nifi.util.MockProcessSession.read(MockProcessSession.java:606)
	at org.apache.nifi.util.MockProcessSession.read(MockProcessSession.java:583)
	at org.apache.nifi.processors.standard.UnpackContent$ZipUnpacker.unpack(UnpackContent.java:403)
	at org.apache.nifi.processors.standard.UnpackContent.onTrigger(UnpackContent.java:294)
	at org.apache.nifi.processor.AbstractProcessor.onTrigger(AbstractProcessor.java:27)
	at org.apache.nifi.util.StandardProcessorTestRunner$RunProcessor.call(StandardProcessorTestRunner.java:284)
	at org.apache.nifi.util.StandardProcessorTestRunner$RunProcessor.call(StandardProcessorTestRunner.java:278)
	at java.util.concurrent.FutureTask.run(FutureTask.java:266)
	at java.util.concurrent.ScheduledThreadPoolExecutor$ScheduledFutureTask.access$201(ScheduledThreadPoolExecutor.java:180)
	at java.util.concurrent.ScheduledThreadPoolExecutor$ScheduledFutureTask.run(ScheduledThreadPoolExecutor.java:293)
	at java.util.concurrent.ThreadPoolExecutor.runWorker(ThreadPoolExecutor.java:1149)
	at java.util.concurrent.ThreadPoolExecutor$Worker.run(ThreadPoolExecutor.java:624)
	at java.lang.Thread.run(Thread.java:750)
Caused by: java.util.zip.ZipException: Unexpected record signature: 0X646C6F66
	at org.apache.commons.compress.archivers.zip.ZipArchiveInputStream.getNextZipEntry(ZipArchiveInputStream.java:296)
	at org.apache.nifi.processors.standard.UnpackContent$ZipUnpacker$CompressedZipInputStreamCallback.process(UnpackContent.java:483)
	at org.apache.nifi.util.MockProcessSession.read(MockProcessSession.java:601)
	... 12 more
]]></system-err>
  </testcase>
  <testcase name="testZipEncryptionNoPasswordConfigured" classname="org.apache.nifi.processors.standard.TestUnpackContent" time="0.072">
    <system-err><![CDATA[[pool-754-thread-1] ERROR org.apache.nifi.processors.standard.UnpackContent - UnpackContent[id=aab02cb7-6c6e-4bfa-b6e0-b90279dbf4cf] Unable to unpack FlowFile[0,96139411382945.mockFlowFile,269B]; routing to failure: org.apache.nifi.processor.exception.ProcessException: org.apache.commons.compress.archivers.zip.UnsupportedZipFeatureException: Unsupported feature encryption used in entry 69ffde5e-da69-4793-8909-9c74210c87ea
org.apache.nifi.processor.exception.ProcessException: org.apache.commons.compress.archivers.zip.UnsupportedZipFeatureException: Unsupported feature encryption used in entry 69ffde5e-da69-4793-8909-9c74210c87ea
	at org.apache.nifi.util.MockProcessSession.write(MockProcessSession.java:909)
	at org.apache.nifi.util.MockProcessSession.write(MockProcessSession.java:67)
	at org.apache.nifi.processors.standard.UnpackContent$ZipUnpacker$ZipInputStreamCallback.processEntry(UnpackContent.java:460)
	at org.apache.nifi.processors.standard.UnpackContent$ZipUnpacker$CompressedZipInputStreamCallback.process(UnpackContent.java:484)
	at org.apache.nifi.util.MockProcessSession.read(MockProcessSession.java:601)
	at org.apache.nifi.util.MockProcessSession.read(MockProcessSession.java:583)
	at org.apache.nifi.processors.standard.UnpackContent$ZipUnpacker.unpack(UnpackContent.java:403)
	at org.apache.nifi.processors.standard.UnpackContent.onTrigger(UnpackContent.java:294)
	at org.apache.nifi.processor.AbstractProcessor.onTrigger(AbstractProcessor.java:27)
	at org.apache.nifi.util.StandardProcessorTestRunner$RunProcessor.call(StandardProcessorTestRunner.java:284)
	at org.apache.nifi.util.StandardProcessorTestRunner$RunProcessor.call(StandardProcessorTestRunner.java:278)
	at java.util.concurrent.FutureTask.run(FutureTask.java:266)
	at java.util.concurrent.ScheduledThreadPoolExecutor$ScheduledFutureTask.access$201(ScheduledThreadPoolExecutor.java:180)
	at java.util.concurrent.ScheduledThreadPoolExecutor$ScheduledFutureTask.run(ScheduledThreadPoolExecutor.java:293)
	at java.util.concurrent.ThreadPoolExecutor.runWorker(ThreadPoolExecutor.java:1149)
	at java.util.concurrent.ThreadPoolExecutor$Worker.run(ThreadPoolExecutor.java:624)
	at java.lang.Thread.run(Thread.java:750)
Caused by: org.apache.commons.compress.archivers.zip.UnsupportedZipFeatureException: Unsupported feature encryption used in entry 69ffde5e-da69-4793-8909-9c74210c87ea
	at org.apache.commons.compress.archivers.zip.ZipUtil.checkRequestedFeatures(ZipUtil.java:346)
	at org.apache.commons.compress.archivers.zip.ZipArchiveInputStream.read(ZipArchiveInputStream.java:514)
	at java.io.InputStream.read(InputStream.java:101)
	at org.apache.nifi.stream.io.StreamUtils.copy(StreamUtils.java:35)
	at org.apache.nifi.processors.standard.UnpackContent$ZipUnpacker$ZipInputStreamCallback.lambda$processEntry$0(UnpackContent.java:460)
	at org.apache.nifi.util.MockProcessSession.write(MockProcessSession.java:907)
	... 16 more
]]></system-err>
  </testcase>
  <testcase name="testTar" classname="org.apache.nifi.processors.standard.TestUnpackContent" time="0.004">
    <system-err><![CDATA[[pool-755-thread-1] INFO org.apache.nifi.processors.standard.UnpackContent - UnpackContent[id=366a7b6f-8a6d-42bb-857b-94d305f66958] Unpacked FlowFile[0,data.tar,3584B] into [FlowFile[2,cal.txt,139B], FlowFile[3,date.txt,29B]] and transferred to success
[pool-755-thread-1] INFO org.apache.nifi.processors.standard.UnpackContent - UnpackContent[id=366a7b6f-8a6d-42bb-857b-94d305f66958] Unpacked FlowFile[1,data.tar,3584B] into [FlowFile[4,cal.txt,139B], FlowFile[5,date.txt,29B]] and transferred to success
[pool-756-thread-1] INFO org.apache.nifi.processors.standard.UnpackContent - UnpackContent[id=718a3074-18fe-4b79-8c38-d5b083aa3c4e] Unpacked FlowFile[0,data.tar,3584B] into [FlowFile[2,cal.txt,139B], FlowFile[3,date.txt,29B]] and transferred to success
[pool-756-thread-1] INFO org.apache.nifi.processors.standard.UnpackContent - UnpackContent[id=718a3074-18fe-4b79-8c38-d5b083aa3c4e] Unpacked FlowFile[1,data.tar,3584B] into [FlowFile[4,cal.txt,139B], FlowFile[5,date.txt,29B]] and transferred to success
]]></system-err>
  </testcase>
  <testcase name="testZip" classname="org.apache.nifi.processors.standard.TestUnpackContent" time="0.008">
    <system-err><![CDATA[[pool-757-thread-1] INFO org.apache.nifi.processors.standard.UnpackContent - UnpackContent[id=979e4537-8712-437f-a2fc-b71f4bf20ee0] Unpacked FlowFile[0,data.zip,359B] into [FlowFile[2,cal.txt,139B], FlowFile[3,date.txt,29B]] and transferred to success
[pool-757-thread-1] INFO org.apache.nifi.processors.standard.UnpackContent - UnpackContent[id=979e4537-8712-437f-a2fc-b71f4bf20ee0] Unpacked FlowFile[1,data.zip,359B] into [FlowFile[4,cal.txt,139B], FlowFile[5,date.txt,29B]] and transferred to success
[pool-758-thread-1] INFO org.apache.nifi.processors.standard.UnpackContent - UnpackContent[id=fed9a094-86c1-41f8-99f1-c20bf6cca4a6] Unpacked FlowFile[0,data.zip,359B] into [FlowFile[2,cal.txt,139B], FlowFile[3,date.txt,29B]] and transferred to success
[pool-758-thread-1] INFO org.apache.nifi.processors.standard.UnpackContent - UnpackContent[id=fed9a094-86c1-41f8-99f1-c20bf6cca4a6] Unpacked FlowFile[1,data.zip,359B] into [FlowFile[4,cal.txt,139B], FlowFile[5,date.txt,29B]] and transferred to success
]]></system-err>
  </testcase>
  <testcase name="testZipEncryptionZipStandard" classname="org.apache.nifi.processors.standard.TestUnpackContent" time="0.012">
    <system-err><![CDATA[[pool-759-thread-1] INFO org.apache.nifi.processors.standard.UnpackContent - UnpackContent[id=14c6ca2a-5450-49b1-a9f1-cdc1cbe0af38] Unpacked FlowFile[0,96139442449226.mockFlowFile,231B] into [FlowFile[1,29ad9a73-e58f-42fc-9512-78aa3ccb09ea,31B]] and transferred to success
]]></system-err>
  </testcase>
  <testcase name="testThreadSafetyUsingAutoDetect" classname="org.apache.nifi.processors.standard.TestUnpackContent" time="0.01">
    <system-err><![CDATA[[pool-760-thread-2] INFO org.apache.nifi.processors.standard.UnpackContent - UnpackContent[id=c6de5c66-5338-4796-9a2b-2368d3b516d4] Unpacked FlowFile[1,data.flowfilev3,357B] into [FlowFile[50,cal.txt,139B], FlowFile[51,date.txt,29B]] and transferred to success
[pool-760-thread-4] INFO org.apache.nifi.processors.standard.UnpackContent - UnpackContent[id=c6de5c66-5338-4796-9a2b-2368d3b516d4] Unpacked FlowFile[3,data.flowfilev3,357B] into [FlowFile[52,cal.txt,139B], FlowFile[55,date.txt,29B]] and transferred to success
[pool-760-thread-6] INFO org.apache.nifi.processors.standard.UnpackContent - UnpackContent[id=c6de5c66-5338-4796-9a2b-2368d3b516d4] Unpacked FlowFile[5,data.flowfilev3,357B] into [FlowFile[56,cal.txt,139B], FlowFile[59,date.txt,29B]] and transferred to success
[pool-760-thread-3] INFO org.apache.nifi.processors.standard.UnpackContent - UnpackContent[id=c6de5c66-5338-4796-9a2b-2368d3b516d4] Unpacked FlowFile[2,data.tar,3584B] into [FlowFile[54,cal.txt,139B], FlowFile[58,date.txt,29B]] and transferred to success
[pool-760-thread-1] INFO org.apache.nifi.processors.standard.UnpackContent - UnpackContent[id=c6de5c66-5338-4796-9a2b-2368d3b516d4] Unpacked FlowFile[0,data.tar,3584B] into [FlowFile[53,cal.txt,139B], FlowFile[57,date.txt,29B]] and transferred to success
[pool-760-thread-4] INFO org.apache.nifi.processors.standard.UnpackContent - UnpackContent[id=c6de5c66-5338-4796-9a2b-2368d3b516d4] Unpacked FlowFile[7,data.flowfilev3,357B] into [FlowFile[61,cal.txt,139B], FlowFile[62,date.txt,29B]] and transferred to success
[pool-760-thread-4] INFO org.apache.nifi.processors.standard.UnpackContent - UnpackContent[id=c6de5c66-5338-4796-9a2b-2368d3b516d4] Unpacked FlowFile[9,data.flowfilev3,357B] into [FlowFile[64,cal.txt,139B], FlowFile[65,date.txt,29B]] and transferred to success
[pool-760-thread-5] INFO org.apache.nifi.processors.standard.UnpackContent - UnpackContent[id=c6de5c66-5338-4796-9a2b-2368d3b516d4] Unpacked FlowFile[6,data.tar,3584B] into [FlowFile[63,cal.txt,139B], FlowFile[67,date.txt,29B]] and transferred to success
[pool-760-thread-2] INFO org.apache.nifi.processors.standard.UnpackContent - UnpackContent[id=c6de5c66-5338-4796-9a2b-2368d3b516d4] Unpacked FlowFile[4,data.tar,3584B] into [FlowFile[60,cal.txt,139B], FlowFile[68,date.txt,29B]] and transferred to success
[pool-760-thread-11] INFO org.apache.nifi.processors.standard.UnpackContent - UnpackContent[id=c6de5c66-5338-4796-9a2b-2368d3b516d4] Unpacked FlowFile[11,data.flowfilev3,357B] into [FlowFile[71,cal.txt,139B], FlowFile[72,date.txt,29B]] and transferred to success
[pool-760-thread-10] INFO org.apache.nifi.processors.standard.UnpackContent - UnpackContent[id=c6de5c66-5338-4796-9a2b-2368d3b516d4] Unpacked FlowFile[10,data.tar,3584B] into [FlowFile[70,cal.txt,139B], FlowFile[73,date.txt,29B]] and transferred to success
[pool-760-thread-1] INFO org.apache.nifi.processors.standard.UnpackContent - UnpackContent[id=c6de5c66-5338-4796-9a2b-2368d3b516d4] Unpacked FlowFile[12,data.tar,3584B] into [FlowFile[74,cal.txt,139B], FlowFile[75,date.txt,29B]] and transferred to success
[pool-760-thread-7] INFO org.apache.nifi.processors.standard.UnpackContent - UnpackContent[id=c6de5c66-5338-4796-9a2b-2368d3b516d4] Unpacked FlowFile[8,data.tar,3584B] into [FlowFile[66,cal.txt,139B], FlowFile[69,date.txt,29B]] and transferred to success
[pool-760-thread-8] INFO org.apache.nifi.processors.standard.UnpackContent - UnpackContent[id=c6de5c66-5338-4796-9a2b-2368d3b516d4] Unpacked FlowFile[13,data.flowfilev3,357B] into [FlowFile[76,cal.txt,139B], FlowFile[77,date.txt,29B]] and transferred to success
[pool-760-thread-8] INFO org.apache.nifi.processors.standard.UnpackContent - UnpackContent[id=c6de5c66-5338-4796-9a2b-2368d3b516d4] Unpacked FlowFile[15,data.flowfilev3,357B] into [FlowFile[78,cal.txt,139B], FlowFile[79,date.txt,29B]] and transferred to success
[pool-760-thread-6] INFO org.apache.nifi.processors.standard.UnpackContent - UnpackContent[id=c6de5c66-5338-4796-9a2b-2368d3b516d4] Unpacked FlowFile[17,data.flowfilev3,357B] into [FlowFile[80,cal.txt,139B], FlowFile[81,date.txt,29B]] and transferred to success
[pool-760-thread-6] INFO org.apache.nifi.processors.standard.UnpackContent - UnpackContent[id=c6de5c66-5338-4796-9a2b-2368d3b516d4] Unpacked FlowFile[19,data.flowfilev3,357B] into [FlowFile[84,cal.txt,139B], FlowFile[85,date.txt,29B]] and transferred to success
[pool-760-thread-8] INFO org.apache.nifi.processors.standard.UnpackContent - UnpackContent[id=c6de5c66-5338-4796-9a2b-2368d3b516d4] Unpacked FlowFile[16,data.tar,3584B] into [FlowFile[82,cal.txt,139B], FlowFile[87,date.txt,29B]] and transferred to success
[pool-760-thread-12] INFO org.apache.nifi.processors.standard.UnpackContent - UnpackContent[id=c6de5c66-5338-4796-9a2b-2368d3b516d4] Unpacked FlowFile[18,data.tar,3584B] into [FlowFile[86,cal.txt,139B], FlowFile[88,date.txt,29B]] and transferred to success
[pool-760-thread-14] INFO org.apache.nifi.processors.standard.UnpackContent - UnpackContent[id=c6de5c66-5338-4796-9a2b-2368d3b516d4] Unpacked FlowFile[14,data.tar,3584B] into [FlowFile[83,cal.txt,139B], FlowFile[89,date.txt,29B]] and transferred to success
[pool-760-thread-18] INFO org.apache.nifi.processors.standard.UnpackContent - UnpackContent[id=c6de5c66-5338-4796-9a2b-2368d3b516d4] Unpacked FlowFile[21,data.flowfilev3,357B] into [FlowFile[91,cal.txt,139B], FlowFile[92,date.txt,29B]] and transferred to success
[pool-760-thread-12] INFO org.apache.nifi.processors.standard.UnpackContent - UnpackContent[id=c6de5c66-5338-4796-9a2b-2368d3b516d4] Unpacked FlowFile[20,data.tar,3584B] into [FlowFile[90,cal.txt,139B], FlowFile[93,date.txt,29B]] and transferred to success
[pool-760-thread-18] INFO org.apache.nifi.processors.standard.UnpackContent - UnpackContent[id=c6de5c66-5338-4796-9a2b-2368d3b516d4] Unpacked FlowFile[23,data.flowfilev3,357B] into [FlowFile[94,cal.txt,139B], FlowFile[95,date.txt,29B]] and transferred to success
[pool-760-thread-14] INFO org.apache.nifi.processors.standard.UnpackContent - UnpackContent[id=c6de5c66-5338-4796-9a2b-2368d3b516d4] Unpacked FlowFile[22,data.tar,3584B] into [FlowFile[96,cal.txt,139B], FlowFile[97,date.txt,29B]] and transferred to success
[pool-760-thread-15] INFO org.apache.nifi.processors.standard.UnpackContent - UnpackContent[id=c6de5c66-5338-4796-9a2b-2368d3b516d4] Unpacked FlowFile[25,data.flowfilev3,357B] into [FlowFile[99,cal.txt,139B], FlowFile[100,date.txt,29B]] and transferred to success
[pool-760-thread-7] INFO org.apache.nifi.processors.standard.UnpackContent - UnpackContent[id=c6de5c66-5338-4796-9a2b-2368d3b516d4] Unpacked FlowFile[27,data.flowfilev3,357B] into [FlowFile[102,cal.txt,139B], FlowFile[103,date.txt,29B]] and transferred to success
[pool-760-thread-21] INFO org.apache.nifi.processors.standard.UnpackContent - UnpackContent[id=c6de5c66-5338-4796-9a2b-2368d3b516d4] Unpacked FlowFile[24,data.tar,3584B] into [FlowFile[98,cal.txt,139B], FlowFile[101,date.txt,29B]] and transferred to success
[pool-760-thread-4] INFO org.apache.nifi.processors.standard.UnpackContent - UnpackContent[id=c6de5c66-5338-4796-9a2b-2368d3b516d4] Unpacked FlowFile[28,data.tar,3584B] into [FlowFile[104,cal.txt,139B], FlowFile[107,date.txt,29B]] and transferred to success
[pool-760-thread-14] INFO org.apache.nifi.processors.standard.UnpackContent - UnpackContent[id=c6de5c66-5338-4796-9a2b-2368d3b516d4] Unpacked FlowFile[26,data.tar,3584B] into [FlowFile[105,cal.txt,139B], FlowFile[108,date.txt,29B]] and transferred to success
[pool-760-thread-31] INFO org.apache.nifi.processors.standard.UnpackContent - UnpackContent[id=c6de5c66-5338-4796-9a2b-2368d3b516d4] Unpacked FlowFile[31,data.flowfilev3,357B] into [FlowFile[110,cal.txt,139B], FlowFile[111,date.txt,29B]] and transferred to success
[pool-760-thread-31] INFO org.apache.nifi.processors.standard.UnpackContent - UnpackContent[id=c6de5c66-5338-4796-9a2b-2368d3b516d4] Unpacked FlowFile[33,data.flowfilev3,357B] into [FlowFile[113,cal.txt,139B], FlowFile[114,date.txt,29B]] and transferred to success
[pool-760-thread-3] INFO org.apache.nifi.processors.standard.UnpackContent - UnpackContent[id=c6de5c66-5338-4796-9a2b-2368d3b516d4] Unpacked FlowFile[30,data.tar,3584B] into [FlowFile[109,cal.txt,139B], FlowFile[115,date.txt,29B]] and transferred to success
[pool-760-thread-19] INFO org.apache.nifi.processors.standard.UnpackContent - UnpackContent[id=c6de5c66-5338-4796-9a2b-2368d3b516d4] Unpacked FlowFile[32,data.tar,3584B] into [FlowFile[112,cal.txt,139B], FlowFile[116,date.txt,29B]] and transferred to success
[pool-760-thread-29] INFO org.apache.nifi.processors.standard.UnpackContent - UnpackContent[id=c6de5c66-5338-4796-9a2b-2368d3b516d4] Unpacked FlowFile[29,data.flowfilev3,357B] into [FlowFile[106,cal.txt,139B], FlowFile[117,date.txt,29B]] and transferred to success
[pool-760-thread-35] INFO org.apache.nifi.processors.standard.UnpackContent - UnpackContent[id=c6de5c66-5338-4796-9a2b-2368d3b516d4] Unpacked FlowFile[35,data.flowfilev3,357B] into [FlowFile[119,cal.txt,139B], FlowFile[120,date.txt,29B]] and transferred to success
[pool-760-thread-37] INFO org.apache.nifi.processors.standard.UnpackContent - UnpackContent[id=c6de5c66-5338-4796-9a2b-2368d3b516d4] Unpacked FlowFile[37,data.flowfilev3,357B] into [FlowFile[122,cal.txt,139B], FlowFile[123,date.txt,29B]] and transferred to success
[pool-760-thread-11] INFO org.apache.nifi.processors.standard.UnpackContent - UnpackContent[id=c6de5c66-5338-4796-9a2b-2368d3b516d4] Unpacked FlowFile[34,data.tar,3584B] into [FlowFile[118,cal.txt,139B], FlowFile[121,date.txt,29B]] and transferred to success
[pool-760-thread-36] INFO org.apache.nifi.processors.standard.UnpackContent - UnpackContent[id=c6de5c66-5338-4796-9a2b-2368d3b516d4] Unpacked FlowFile[36,data.tar,3584B] into [FlowFile[124,cal.txt,139B], FlowFile[125,date.txt,29B]] and transferred to success
[pool-760-thread-11] INFO org.apache.nifi.processors.standard.UnpackContent - UnpackContent[id=c6de5c66-5338-4796-9a2b-2368d3b516d4] Unpacked FlowFile[39,data.flowfilev3,357B] into [FlowFile[126,cal.txt,139B], FlowFile[128,date.txt,29B]] and transferred to success
[pool-760-thread-20] INFO org.apache.nifi.processors.standard.UnpackContent - UnpackContent[id=c6de5c66-5338-4796-9a2b-2368d3b516d4] Unpacked FlowFile[38,data.tar,3584B] into [FlowFile[127,cal.txt,139B], FlowFile[129,date.txt,29B]] and transferred to success
[pool-760-thread-40] INFO org.apache.nifi.processors.standard.UnpackContent - UnpackContent[id=c6de5c66-5338-4796-9a2b-2368d3b516d4] Unpacked FlowFile[41,data.flowfilev3,357B] into [FlowFile[130,cal.txt,139B], FlowFile[132,date.txt,29B]] and transferred to success
[pool-760-thread-11] INFO org.apache.nifi.processors.standard.UnpackContent - UnpackContent[id=c6de5c66-5338-4796-9a2b-2368d3b516d4] Unpacked FlowFile[40,data.tar,3584B] into [FlowFile[131,cal.txt,139B], FlowFile[133,date.txt,29B]] and transferred to success
[pool-760-thread-22] INFO org.apache.nifi.processors.standard.UnpackContent - UnpackContent[id=c6de5c66-5338-4796-9a2b-2368d3b516d4] Unpacked FlowFile[43,data.flowfilev3,357B] into [FlowFile[134,cal.txt,139B], FlowFile[136,date.txt,29B]] and transferred to success
[pool-760-thread-22] INFO org.apache.nifi.processors.standard.UnpackContent - UnpackContent[id=c6de5c66-5338-4796-9a2b-2368d3b516d4] Unpacked FlowFile[45,data.flowfilev3,357B] into [FlowFile[137,cal.txt,139B], FlowFile[138,date.txt,29B]] and transferred to success
[pool-760-thread-20] INFO org.apache.nifi.processors.standard.UnpackContent - UnpackContent[id=c6de5c66-5338-4796-9a2b-2368d3b516d4] Unpacked FlowFile[42,data.tar,3584B] into [FlowFile[135,cal.txt,139B], FlowFile[139,date.txt,29B]] and transferred to success
[pool-760-thread-20] INFO org.apache.nifi.processors.standard.UnpackContent - UnpackContent[id=c6de5c66-5338-4796-9a2b-2368d3b516d4] Unpacked FlowFile[47,data.flowfilev3,357B] into [FlowFile[141,cal.txt,139B], FlowFile[143,date.txt,29B]] and transferred to success
[pool-760-thread-43] INFO org.apache.nifi.processors.standard.UnpackContent - UnpackContent[id=c6de5c66-5338-4796-9a2b-2368d3b516d4] Unpacked FlowFile[44,data.tar,3584B] into [FlowFile[140,cal.txt,139B], FlowFile[142,date.txt,29B]] and transferred to success
[pool-760-thread-43] INFO org.apache.nifi.processors.standard.UnpackContent - UnpackContent[id=c6de5c66-5338-4796-9a2b-2368d3b516d4] Unpacked FlowFile[49,data.flowfilev3,357B] into [FlowFile[145,cal.txt,139B], FlowFile[148,date.txt,29B]] and transferred to success
[pool-760-thread-20] INFO org.apache.nifi.processors.standard.UnpackContent - UnpackContent[id=c6de5c66-5338-4796-9a2b-2368d3b516d4] Unpacked FlowFile[48,data.tar,3584B] into [FlowFile[146,cal.txt,139B], FlowFile[149,date.txt,29B]] and transferred to success
[pool-760-thread-46] INFO org.apache.nifi.processors.standard.UnpackContent - UnpackContent[id=c6de5c66-5338-4796-9a2b-2368d3b516d4] Unpacked FlowFile[46,data.tar,3584B] into [FlowFile[144,cal.txt,139B], FlowFile[147,date.txt,29B]] and transferred to success
]]></system-err>
  </testcase>
  <testcase name="testZipEncryptionAes" classname="org.apache.nifi.processors.standard.TestUnpackContent" time="0.016">
    <system-err><![CDATA[[pool-761-thread-1] INFO org.apache.nifi.processors.standard.UnpackContent - UnpackContent[id=e7dd1e5d-8e13-4593-8ba0-cfcc954ec066] Unpacked FlowFile[0,96139469279075.mockFlowFile,269B] into [FlowFile[1,7a242378-92d7-4793-a9ab-cd93ebfdf9c8,31B]] and transferred to success
]]></system-err>
  </testcase>
  <testcase name="testZipWithFilter" classname="org.apache.nifi.processors.standard.TestUnpackContent" time="0.003">
    <system-err><![CDATA[[pool-762-thread-1] INFO org.apache.nifi.processors.standard.UnpackContent - UnpackContent[id=b0bb02a6-5685-4bbf-9f10-70a29087618c] Unpacked FlowFile[0,data.zip,359B] into [FlowFile[2,date.txt,29B]] and transferred to success
[pool-762-thread-1] INFO org.apache.nifi.processors.standard.UnpackContent - UnpackContent[id=b0bb02a6-5685-4bbf-9f10-70a29087618c] Unpacked FlowFile[1,data.zip,359B] into [FlowFile[3,date.txt,29B]] and transferred to success
[pool-763-thread-1] INFO org.apache.nifi.processors.standard.UnpackContent - UnpackContent[id=7e331a8b-9941-4d19-8a70-9fbb95f954d1] Unpacked FlowFile[0,data.zip,359B] into [FlowFile[2,cal.txt,139B]] and transferred to success
[pool-763-thread-1] INFO org.apache.nifi.processors.standard.UnpackContent - UnpackContent[id=7e331a8b-9941-4d19-8a70-9fbb95f954d1] Unpacked FlowFile[1,data.zip,359B] into [FlowFile[3,cal.txt,139B]] and transferred to success
]]></system-err>
  </testcase>
  <testcase name="testZipThenMerge" classname="org.apache.nifi.processors.standard.TestUnpackContent" time="0.01">
    <system-err><![CDATA[[pool-764-thread-1] INFO org.apache.nifi.processors.standard.UnpackContent - UnpackContent[id=bcdd837b-c5d6-4272-910a-a1b5b3b7fd2b] Unpacked FlowFile[0,data.zip,359B] into [FlowFile[1,cal.txt,139B], FlowFile[2,date.txt,29B]] and transferred to success
[pool-765-thread-1] INFO org.apache.nifi.processors.standard.MergeContent - MergeContent[id=fcef538b-3887-4c89-ae06-f115a516b9a5] Merged [FlowFile[1,cal.txt,139B], FlowFile[2,date.txt,29B]] into FlowFile[0,data.zip,393B]. Reason for merging: Maximum number of entries reached
]]></system-err>
  </testcase>
  <testcase name="testTarHandlesBadData" classname="org.apache.nifi.processors.standard.TestUnpackContent" time="0">
    <system-err><![CDATA[[pool-766-thread-1] ERROR org.apache.nifi.processors.standard.UnpackContent - UnpackContent[id=1437259d-e198-476a-9c26-d58fb3a5d98d] Unable to unpack FlowFile[0,data.zip,359B] because it does not appear to have any entries; routing to failure
]]></system-err>
  </testcase>
  <testcase name="testTarThenMerge" classname="org.apache.nifi.processors.standard.TestUnpackContent" time="0.008">
    <system-err><![CDATA[[pool-767-thread-1] INFO org.apache.nifi.processors.standard.UnpackContent - UnpackContent[id=384febd0-c850-4731-b93e-38b1f4b12fd9] Unpacked FlowFile[0,data.tar,3584B] into [FlowFile[1,cal.txt,139B], FlowFile[2,date.txt,29B]] and transferred to success
[pool-768-thread-1] INFO org.apache.nifi.processors.standard.MergeContent - MergeContent[id=3cc81c8e-f20c-44d2-abd4-890ff9c49689] Merged [FlowFile[1,cal.txt,139B], FlowFile[2,date.txt,29B]] into FlowFile[0,data.tar,3072B]. Reason for merging: Maximum number of entries reached
]]></system-err>
  </testcase>
  <testcase name="testInvalidZip" classname="org.apache.nifi.processors.standard.TestUnpackContent" time="0.003">
    <system-err><![CDATA[[pool-769-thread-1] ERROR org.apache.nifi.processors.standard.UnpackContent - UnpackContent[id=eaa15c1e-dd08-4e07-9e33-88c934bd3115] Unable to unpack FlowFile[0,invalid_data.zip,1019B]; routing to failure: org.apache.nifi.processor.exception.ProcessException: java.util.zip.ZipException: broken archive, entry with negative size
org.apache.nifi.processor.exception.ProcessException: java.util.zip.ZipException: broken archive, entry with negative size
	at org.apache.nifi.util.MockProcessSession.read(MockProcessSession.java:606)
	at org.apache.nifi.util.MockProcessSession.read(MockProcessSession.java:583)
	at org.apache.nifi.processors.standard.UnpackContent$ZipUnpacker.unpack(UnpackContent.java:403)
	at org.apache.nifi.processors.standard.UnpackContent.onTrigger(UnpackContent.java:294)
	at org.apache.nifi.processor.AbstractProcessor.onTrigger(AbstractProcessor.java:27)
	at org.apache.nifi.util.StandardProcessorTestRunner$RunProcessor.call(StandardProcessorTestRunner.java:284)
	at org.apache.nifi.util.StandardProcessorTestRunner$RunProcessor.call(StandardProcessorTestRunner.java:278)
	at java.util.concurrent.FutureTask.run(FutureTask.java:266)
	at java.util.concurrent.ScheduledThreadPoolExecutor$ScheduledFutureTask.access$201(ScheduledThreadPoolExecutor.java:180)
	at java.util.concurrent.ScheduledThreadPoolExecutor$ScheduledFutureTask.run(ScheduledThreadPoolExecutor.java:293)
	at java.util.concurrent.ThreadPoolExecutor.runWorker(ThreadPoolExecutor.java:1149)
	at java.util.concurrent.ThreadPoolExecutor$Worker.run(ThreadPoolExecutor.java:624)
	at java.lang.Thread.run(Thread.java:750)
Caused by: java.util.zip.ZipException: broken archive, entry with negative size
	at org.apache.commons.compress.archivers.zip.ZipArchiveInputStream.readDataDescriptor(ZipArchiveInputStream.java:935)
	at org.apache.commons.compress.archivers.zip.ZipArchiveInputStream.closeEntry(ZipArchiveInputStream.java:794)
	at org.apache.commons.compress.archivers.zip.ZipArchiveInputStream.getNextZipEntry(ZipArchiveInputStream.java:270)
	at org.apache.nifi.processors.standard.UnpackContent$ZipUnpacker$CompressedZipInputStreamCallback.process(UnpackContent.java:483)
	at org.apache.nifi.util.MockProcessSession.read(MockProcessSession.java:601)
	... 12 more
[pool-769-thread-1] ERROR org.apache.nifi.processors.standard.UnpackContent - UnpackContent[id=eaa15c1e-dd08-4e07-9e33-88c934bd3115] Unable to unpack FlowFile[1,invalid_data.zip,1019B]; routing to failure: org.apache.nifi.processor.exception.ProcessException: java.util.zip.ZipException: broken archive, entry with negative size
org.apache.nifi.processor.exception.ProcessException: java.util.zip.ZipException: broken archive, entry with negative size
	at org.apache.nifi.util.MockProcessSession.read(MockProcessSession.java:606)
	at org.apache.nifi.util.MockProcessSession.read(MockProcessSession.java:583)
	at org.apache.nifi.processors.standard.UnpackContent$ZipUnpacker.unpack(UnpackContent.java:403)
	at org.apache.nifi.processors.standard.UnpackContent.onTrigger(UnpackContent.java:294)
	at org.apache.nifi.processor.AbstractProcessor.onTrigger(AbstractProcessor.java:27)
	at org.apache.nifi.util.StandardProcessorTestRunner$RunProcessor.call(StandardProcessorTestRunner.java:284)
	at org.apache.nifi.util.StandardProcessorTestRunner$RunProcessor.call(StandardProcessorTestRunner.java:278)
	at java.util.concurrent.FutureTask.run(FutureTask.java:266)
	at java.util.concurrent.ScheduledThreadPoolExecutor$ScheduledFutureTask.access$201(ScheduledThreadPoolExecutor.java:180)
	at java.util.concurrent.ScheduledThreadPoolExecutor$ScheduledFutureTask.run(ScheduledThreadPoolExecutor.java:293)
	at java.util.concurrent.ThreadPoolExecutor.runWorker(ThreadPoolExecutor.java:1149)
	at java.util.concurrent.ThreadPoolExecutor$Worker.run(ThreadPoolExecutor.java:624)
	at java.lang.Thread.run(Thread.java:750)
Caused by: java.util.zip.ZipException: broken archive, entry with negative size
	at org.apache.commons.compress.archivers.zip.ZipArchiveInputStream.readDataDescriptor(ZipArchiveInputStream.java:935)
	at org.apache.commons.compress.archivers.zip.ZipArchiveInputStream.closeEntry(ZipArchiveInputStream.java:794)
	at org.apache.commons.compress.archivers.zip.ZipArchiveInputStream.getNextZipEntry(ZipArchiveInputStream.java:270)
	at org.apache.nifi.processors.standard.UnpackContent$ZipUnpacker$CompressedZipInputStreamCallback.process(UnpackContent.java:483)
	at org.apache.nifi.util.MockProcessSession.read(MockProcessSession.java:601)
	... 12 more
[pool-770-thread-1] ERROR org.apache.nifi.processors.standard.UnpackContent - UnpackContent[id=0bf8b8c1-a90c-4e4f-91a3-4facfcefa8cf] Unable to unpack FlowFile[0,invalid_data.zip,1019B]; routing to failure: org.apache.nifi.processor.exception.ProcessException: java.util.zip.ZipException: broken archive, entry with negative size
org.apache.nifi.processor.exception.ProcessException: java.util.zip.ZipException: broken archive, entry with negative size
	at org.apache.nifi.util.MockProcessSession.read(MockProcessSession.java:606)
	at org.apache.nifi.util.MockProcessSession.read(MockProcessSession.java:583)
	at org.apache.nifi.processors.standard.UnpackContent$ZipUnpacker.unpack(UnpackContent.java:403)
	at org.apache.nifi.processors.standard.UnpackContent.onTrigger(UnpackContent.java:294)
	at org.apache.nifi.processor.AbstractProcessor.onTrigger(AbstractProcessor.java:27)
	at org.apache.nifi.util.StandardProcessorTestRunner$RunProcessor.call(StandardProcessorTestRunner.java:284)
	at org.apache.nifi.util.StandardProcessorTestRunner$RunProcessor.call(StandardProcessorTestRunner.java:278)
	at java.util.concurrent.FutureTask.run(FutureTask.java:266)
	at java.util.concurrent.ScheduledThreadPoolExecutor$ScheduledFutureTask.access$201(ScheduledThreadPoolExecutor.java:180)
	at java.util.concurrent.ScheduledThreadPoolExecutor$ScheduledFutureTask.run(ScheduledThreadPoolExecutor.java:293)
	at java.util.concurrent.ThreadPoolExecutor.runWorker(ThreadPoolExecutor.java:1149)
	at java.util.concurrent.ThreadPoolExecutor$Worker.run(ThreadPoolExecutor.java:624)
	at java.lang.Thread.run(Thread.java:750)
Caused by: java.util.zip.ZipException: broken archive, entry with negative size
	at org.apache.commons.compress.archivers.zip.ZipArchiveInputStream.readDataDescriptor(ZipArchiveInputStream.java:935)
	at org.apache.commons.compress.archivers.zip.ZipArchiveInputStream.closeEntry(ZipArchiveInputStream.java:794)
	at org.apache.commons.compress.archivers.zip.ZipArchiveInputStream.getNextZipEntry(ZipArchiveInputStream.java:270)
	at org.apache.nifi.processors.standard.UnpackContent$ZipUnpacker$CompressedZipInputStreamCallback.process(UnpackContent.java:483)
	at org.apache.nifi.util.MockProcessSession.read(MockProcessSession.java:601)
	... 12 more
[pool-770-thread-1] ERROR org.apache.nifi.processors.standard.UnpackContent - UnpackContent[id=0bf8b8c1-a90c-4e4f-91a3-4facfcefa8cf] Unable to unpack FlowFile[1,invalid_data.zip,1019B]; routing to failure: org.apache.nifi.processor.exception.ProcessException: java.util.zip.ZipException: broken archive, entry with negative size
org.apache.nifi.processor.exception.ProcessException: java.util.zip.ZipException: broken archive, entry with negative size
	at org.apache.nifi.util.MockProcessSession.read(MockProcessSession.java:606)
	at org.apache.nifi.util.MockProcessSession.read(MockProcessSession.java:583)
	at org.apache.nifi.processors.standard.UnpackContent$ZipUnpacker.unpack(UnpackContent.java:403)
	at org.apache.nifi.processors.standard.UnpackContent.onTrigger(UnpackContent.java:294)
	at org.apache.nifi.processor.AbstractProcessor.onTrigger(AbstractProcessor.java:27)
	at org.apache.nifi.util.StandardProcessorTestRunner$RunProcessor.call(StandardProcessorTestRunner.java:284)
	at org.apache.nifi.util.StandardProcessorTestRunner$RunProcessor.call(StandardProcessorTestRunner.java:278)
	at java.util.concurrent.FutureTask.run(FutureTask.java:266)
	at java.util.concurrent.ScheduledThreadPoolExecutor$ScheduledFutureTask.access$201(ScheduledThreadPoolExecutor.java:180)
	at java.util.concurrent.ScheduledThreadPoolExecutor$ScheduledFutureTask.run(ScheduledThreadPoolExecutor.java:293)
	at java.util.concurrent.ThreadPoolExecutor.runWorker(ThreadPoolExecutor.java:1149)
	at java.util.concurrent.ThreadPoolExecutor$Worker.run(ThreadPoolExecutor.java:624)
	at java.lang.Thread.run(Thread.java:750)
Caused by: java.util.zip.ZipException: broken archive, entry with negative size
	at org.apache.commons.compress.archivers.zip.ZipArchiveInputStream.readDataDescriptor(ZipArchiveInputStream.java:935)
	at org.apache.commons.compress.archivers.zip.ZipArchiveInputStream.closeEntry(ZipArchiveInputStream.java:794)
	at org.apache.commons.compress.archivers.zip.ZipArchiveInputStream.getNextZipEntry(ZipArchiveInputStream.java:270)
	at org.apache.nifi.processors.standard.UnpackContent$ZipUnpacker$CompressedZipInputStreamCallback.process(UnpackContent.java:483)
	at org.apache.nifi.util.MockProcessSession.read(MockProcessSession.java:601)
	... 12 more
]]></system-err>
  </testcase>
</testsuite>