<?xml version="1.0" encoding="UTF-8"?>
<testsuite xmlns:xsi="http://www.w3.org/2001/XMLSchema-instance" xsi:noNamespaceSchemaLocation="https://maven.apache.org/surefire/maven-surefire-plugin/xsd/surefire-test-report-3.0.xsd" version="3.0" name="org.apache.nifi.processors.standard.TestRouteText" time="1.199" tests="33" errors="0" skipped="0" failures="0">
  <properties>
    <property name="sun.desktop" value="gnome"/>
    <property name="awt.toolkit" value="sun.awt.X11.XToolkit"/>
    <property name="file.encoding.pkg" value="sun.io"/>
    <property name="java.specification.version" value="1.8"/>
    <property name="sun.cpu.isalist" value=""/>
    <property name="sun.jnu.encoding" value="UTF-8"/>
    <property name="java.class.path" value="/home/alex/Repositories/nifi/nifi-nar-bundles/nifi-standard-bundle/nifi-standard-processors/target/test-classes:/home/alex/Repositories/nifi/nifi-nar-bundles/nifi-standard-bundle/nifi-standard-processors/target/classes:/home/alex/.m2/repository/org/apache/ftpserver/ftpserver-core/1.1.1/ftpserver-core-1.1.1.jar:/home/alex/.m2/repository/org/apache/ftpserver/ftplet-api/1.1.1/ftplet-api-1.1.1.jar:/home/alex/.m2/repository/org/slf4j/slf4j-api/1.7.32/slf4j-api-1.7.32.jar:/home/alex/.m2/repository/org/apache/mina/mina-core/2.0.16/mina-core-2.0.16.jar:/home/alex/Repositories/nifi/nifi-api/target/classes:/home/alex/Repositories/nifi/nifi-commons/nifi-expression-language/target/classes:/home/alex/.m2/repository/org/antlr/antlr-runtime/3.5.2/antlr-runtime-3.5.2.jar:/home/alex/Repositories/nifi/nifi-commons/nifi-parameter/target/classes:/home/alex/Repositories/nifi/nifi-commons/nifi-uuid5/target/classes:/home/alex/.m2/repository/org/apache/commons/commons-text/1.8/commons-text-1.8.jar:/home/alex/Repositories/nifi/nifi-nar-bundles/nifi-extension-utils/nifi-processor-utils/target/classes:/home/alex/Repositories/nifi/nifi-commons/nifi-security-socket-ssl/target/classes:/home/alex/Repositories/nifi/nifi-nar-bundles/nifi-extension-utils/nifi-event-transport/target/classes:/home/alex/.m2/repository/io/netty/netty-handler/4.1.69.Final/netty-handler-4.1.69.Final.jar:/home/alex/.m2/repository/io/netty/netty-common/4.1.69.Final/netty-common-4.1.69.Final.jar:/home/alex/.m2/repository/io/netty/netty-resolver/4.1.69.Final/netty-resolver-4.1.69.Final.jar:/home/alex/.m2/repository/io/netty/netty-transport/4.1.69.Final/netty-transport-4.1.69.Final.jar:/home/alex/.m2/repository/io/netty/netty-codec/4.1.69.Final/netty-codec-4.1.69.Final.jar:/home/alex/Repositories/nifi/nifi-nar-bundles/nifi-extension-utils/nifi-syslog-utils/target/classes:/home/alex/.m2/repository/com/github/palindromicity/simple-syslog-5424/0.0.16/simple-syslog-5424-0.0.16.jar:/home/alex/.m2/repository/org/antlr/antlr4-runtime/4.7.2/antlr4-runtime-4.7.2.jar:/home/alex/Repositories/nifi/nifi-commons/nifi-utils/target/classes:/home/alex/Repositories/nifi/nifi-commons/nifi-record-path/target/classes:/home/alex/Repositories/nifi/nifi-commons/nifi-properties/target/classes:/home/alex/Repositories/nifi/nifi-commons/nifi-property-utils/target/classes:/home/alex/.m2/repository/com/github/ben-manes/caffeine/caffeine/2.8.1/caffeine-2.8.1.jar:/home/alex/Repositories/nifi/nifi-nar-bundles/nifi-standard-services/nifi-ssl-context-service-api/target/classes:/home/alex/Repositories/nifi/nifi-commons/nifi-security-utils-api/target/classes:/home/alex/Repositories/nifi/nifi-nar-bundles/nifi-standard-services/nifi-lookup-service-api/target/classes:/home/alex/Repositories/nifi/nifi-commons/nifi-flowfile-packager/target/classes:/home/alex/Repositories/nifi/nifi-nar-bundles/nifi-standard-services/nifi-distributed-cache-client-service-api/target/classes:/home/alex/Repositories/nifi/nifi-nar-bundles/nifi-standard-services/nifi-http-context-map-api/target/classes:/home/alex/Repositories/nifi/nifi-nar-bundles/nifi-standard-services/nifi-record-serialization-service-api/target/classes:/home/alex/Repositories/nifi/nifi-nar-bundles/nifi-standard-services/nifi-proxy-configuration-api/target/classes:/home/alex/Repositories/nifi/nifi-commons/nifi-record/target/classes:/home/alex/Repositories/nifi/nifi-nar-bundles/nifi-standard-services/nifi-record-sink-api/target/classes:/home/alex/.m2/repository/commons-io/commons-io/2.10.0/commons-io-2.10.0.jar:/home/alex/.m2/repository/javax/ws/rs/javax.ws.rs-api/2.1/javax.ws.rs-api-2.1.jar:/home/alex/.m2/repository/commons-net/commons-net/3.6/commons-net-3.6.jar:/home/alex/.m2/repository/org/apache/commons/commons-compress/1.21/commons-compress-1.21.jar:/home/alex/.m2/repository/org/apache/commons/commons-lang3/3.9/commons-lang3-3.9.jar:/home/alex/.m2/repository/org/bouncycastle/bcprov-jdk15on/1.69/bcprov-jdk15on-1.69.jar:/home/alex/.m2/repository/org/bouncycastle/bcpg-jdk15on/1.69/bcpg-jdk15on-1.69.jar:/home/alex/.m2/repository/org/bouncycastle/bcpkix-jdk15on/1.69/bcpkix-jdk15on-1.69.jar:/home/alex/.m2/repository/org/bouncycastle/bcutil-jdk15on/1.69/bcutil-jdk15on-1.69.jar:/home/alex/.m2/repository/commons-codec/commons-codec/1.14/commons-codec-1.14.jar:/home/alex/Repositories/nifi/nifi-commons/nifi-security-utils/target/classes:/home/alex/Repositories/nifi/nifi-commons/nifi-security-kms/target/classes:/home/alex/.m2/repository/org/apache/commons/commons-configuration2/2.7/commons-configuration2-2.7.jar:/home/alex/.m2/repository/com/hierynomus/sshj/0.32.0/sshj-0.32.0.jar:/home/alex/.m2/repository/com/jcraft/jzlib/1.1.3/jzlib-1.1.3.jar:/home/alex/.m2/repository/com/hierynomus/asn-one/0.6.0/asn-one-0.6.0.jar:/home/alex/.m2/repository/net/i2p/crypto/eddsa/0.3.0/eddsa-0.3.0.jar:/home/alex/.m2/repository/org/eclipse/jetty/jetty-server/9.4.44.v20210927/jetty-server-9.4.44.v20210927.jar:/home/alex/.m2/repository/javax/servlet/javax.servlet-api/3.1.0/javax.servlet-api-3.1.0.jar:/home/alex/.m2/repository/org/eclipse/jetty/jetty-http/9.4.44.v20210927/jetty-http-9.4.44.v20210927.jar:/home/alex/.m2/repository/org/eclipse/jetty/jetty-util/9.4.44.v20210927/jetty-util-9.4.44.v20210927.jar:/home/alex/.m2/repository/org/eclipse/jetty/jetty-io/9.4.44.v20210927/jetty-io-9.4.44.v20210927.jar:/home/alex/.m2/repository/org/eclipse/jetty/jetty-servlet/9.4.44.v20210927/jetty-servlet-9.4.44.v20210927.jar:/home/alex/.m2/repository/org/eclipse/jetty/jetty-security/9.4.44.v20210927/jetty-security-9.4.44.v20210927.jar:/home/alex/.m2/repository/org/eclipse/jetty/jetty-util-ajax/9.4.44.v20210927/jetty-util-ajax-9.4.44.v20210927.jar:/home/alex/.m2/repository/org/apache/httpcomponents/httpclient/4.5.5/httpclient-4.5.5.jar:/home/alex/.m2/repository/commons-logging/commons-logging/1.2/commons-logging-1.2.jar:/home/alex/.m2/repository/org/apache/httpcomponents/httpcore/4.4.9/httpcore-4.4.9.jar:/home/alex/.m2/repository/jakarta/activation/jakarta.activation-api/2.0.1/jakarta.activation-api-2.0.1.jar:/home/alex/.m2/repository/com/sun/activation/jakarta.activation/2.0.1/jakarta.activation-2.0.1.jar:/home/alex/.m2/repository/jakarta/mail/jakarta.mail-api/2.0.1/jakarta.mail-api-2.0.1.jar:/home/alex/.m2/repository/com/sun/mail/jakarta.mail/2.0.1/jakarta.mail-2.0.1.jar:/home/alex/.m2/repository/com/github/jponge/lzma-java/1.3/lzma-java-1.3.jar:/home/alex/.m2/repository/org/tukaani/xz/1.8/xz-1.8.jar:/home/alex/.m2/repository/net/sf/saxon/Saxon-HE/10.6/Saxon-HE-10.6.jar:/home/alex/Repositories/nifi/nifi-commons/nifi-socket-utils/target/classes:/home/alex/Repositories/nifi/nifi-commons/nifi-logging-utils/target/classes:/home/alex/Repositories/nifi/nifi-nar-bundles/nifi-standard-services/nifi-load-distribution-service-api/target/classes:/home/alex/.m2/repository/javax/jms/javax.jms-api/2.0.1/javax.jms-api-2.0.1.jar:/home/alex/.m2/repository/org/apache/activemq/activemq-client/5.15.15/activemq-client-5.15.15.jar:/home/alex/.m2/repository/org/apache/geronimo/specs/geronimo-jms_1.1_spec/1.1.1/geronimo-jms_1.1_spec-1.1.1.jar:/home/alex/.m2/repository/org/fusesource/hawtbuf/hawtbuf/1.11/hawtbuf-1.11.jar:/home/alex/.m2/repository/org/apache/geronimo/specs/geronimo-j2ee-management_1.1_spec/1.0.1/geronimo-j2ee-management_1.1_spec-1.0.1.jar:/home/alex/.m2/repository/com/jayway/jsonpath/json-path/2.6.0/json-path-2.6.0.jar:/home/alex/.m2/repository/net/minidev/json-smart/2.4.7/json-smart-2.4.7.jar:/home/alex/.m2/repository/net/minidev/accessors-smart/2.4.7/accessors-smart-2.4.7.jar:/home/alex/.m2/repository/org/ow2/asm/asm/9.1/asm-9.1.jar:/home/alex/.m2/repository/org/apache/tika/tika-core/1.26/tika-core-1.26.jar:/home/alex/.m2/repository/com/fasterxml/jackson/core/jackson-databind/2.12.3/jackson-databind-2.12.3.jar:/home/alex/.m2/repository/com/fasterxml/jackson/core/jackson-annotations/2.12.3/jackson-annotations-2.12.3.jar:/home/alex/.m2/repository/com/fasterxml/jackson/core/jackson-core/2.12.3/jackson-core-2.12.3.jar:/home/alex/Repositories/nifi/nifi-nar-bundles/nifi-extension-utils/nifi-record-utils/nifi-avro-record-utils/target/classes:/home/alex/Repositories/nifi/nifi-nar-bundles/nifi-extension-utils/nifi-record-utils/nifi-standard-record-utils/target/classes:/home/alex/.m2/repository/org/apache/avro/avro/1.8.1/avro-1.8.1.jar:/home/alex/.m2/repository/org/codehaus/jackson/jackson-core-asl/1.9.13/jackson-core-asl-1.9.13.jar:/home/alex/.m2/repository/org/codehaus/jackson/jackson-mapper-asl/1.9.13/jackson-mapper-asl-1.9.13.jar:/home/alex/.m2/repository/com/thoughtworks/paranamer/paranamer/2.7/paranamer-2.7.jar:/home/alex/Repositories/nifi/nifi-nar-bundles/nifi-standard-services/nifi-dbcp-service-api/target/classes:/home/alex/.m2/repository/com/squareup/okhttp3/okhttp/4.9.2/okhttp-4.9.2.jar:/home/alex/.m2/repository/com/squareup/okio/okio/2.8.0/okio-2.8.0.jar:/home/alex/.m2/repository/org/jetbrains/kotlin/kotlin-stdlib-common/1.4.0/kotlin-stdlib-common-1.4.0.jar:/home/alex/.m2/repository/org/jetbrains/kotlin/kotlin-stdlib/1.4.10/kotlin-stdlib-1.4.10.jar:/home/alex/.m2/repository/org/jetbrains/annotations/13.0/annotations-13.0.jar:/home/alex/.m2/repository/io/github/rburgst/okhttp-digest/2.5/okhttp-digest-2.5.jar:/home/alex/.m2/repository/at/favre/lib/bcrypt/0.9.0/bcrypt-0.9.0.jar:/home/alex/.m2/repository/at/favre/lib/bytes/1.3.0/bytes-1.3.0.jar:/home/alex/.m2/repository/com/google/guava/guava/28.0-jre/guava-28.0-jre.jar:/home/alex/.m2/repository/com/google/guava/failureaccess/1.0.1/failureaccess-1.0.1.jar:/home/alex/.m2/repository/com/google/guava/listenablefuture/9999.0-empty-to-avoid-conflict-with-guava/listenablefuture-9999.0-empty-to-avoid-conflict-with-guava.jar:/home/alex/.m2/repository/com/google/code/findbugs/jsr305/3.0.2/jsr305-3.0.2.jar:/home/alex/.m2/repository/org/checkerframework/checker-qual/2.8.1/checker-qual-2.8.1.jar:/home/alex/.m2/repository/com/google/errorprone/error_prone_annotations/2.3.2/error_prone_annotations-2.3.2.jar:/home/alex/.m2/repository/com/google/j2objc/j2objc-annotations/1.3/j2objc-annotations-1.3.jar:/home/alex/.m2/repository/org/codehaus/mojo/animal-sniffer-annotations/1.17/animal-sniffer-annotations-1.17.jar:/home/alex/Repositories/nifi/nifi-mock/target/classes:/home/alex/Repositories/nifi/nifi-framework-api/target/classes:/home/alex/Repositories/nifi/nifi-nar-bundles/nifi-framework-bundle/nifi-framework/nifi-framework-core-api/target/classes:/home/alex/Repositories/nifi/nifi-nar-bundles/nifi-framework-bundle/nifi-framework/nifi-framework-nar-utils/target/classes:/home/alex/Repositories/nifi/nifi-nar-bundles/nifi-framework-bundle/nifi-framework/nifi-client-dto/target/classes:/home/alex/.m2/repository/io/swagger/swagger-annotations/1.6.0/swagger-annotations-1.6.0.jar:/home/alex/Repositories/nifi/nifi-commons/nifi-site-to-site-client/target/classes:/home/alex/.m2/repository/org/apache/httpcomponents/httpasyncclient/4.1.4/httpasyncclient-4.1.4.jar:/home/alex/.m2/repository/org/apache/httpcomponents/httpcore-nio/4.4.10/httpcore-nio-4.4.10.jar:/home/alex/Repositories/nifi/nifi-nar-bundles/nifi-framework-bundle/nifi-framework/nifi-framework-authorization/target/classes:/home/alex/Repositories/nifi/nifi-registry/nifi-registry-core/nifi-registry-data-model/target/classes:/home/alex/Repositories/nifi/nifi-registry/nifi-registry-core/nifi-registry-revision/nifi-registry-revision-entity-model/target/classes:/home/alex/Repositories/nifi/nifi-registry/nifi-registry-core/nifi-registry-client/target/classes:/home/alex/Repositories/nifi/nifi-registry/nifi-registry-core/nifi-registry-security-utils/target/classes:/home/alex/.m2/repository/org/glassfish/jersey/core/jersey-client/2.33/jersey-client-2.33.jar:/home/alex/.m2/repository/jakarta/ws/rs/jakarta.ws.rs-api/2.1.6/jakarta.ws.rs-api-2.1.6.jar:/home/alex/.m2/repository/org/glassfish/hk2/external/jakarta.inject/2.6.1/jakarta.inject-2.6.1.jar:/home/alex/.m2/repository/org/glassfish/jersey/media/jersey-media-json-jackson/2.33/jersey-media-json-jackson-2.33.jar:/home/alex/.m2/repository/org/glassfish/jersey/ext/jersey-entity-filtering/2.33/jersey-entity-filtering-2.33.jar:/home/alex/.m2/repository/org/glassfish/jersey/inject/jersey-hk2/2.33/jersey-hk2-2.33.jar:/home/alex/.m2/repository/org/glassfish/hk2/hk2-locator/2.6.1/hk2-locator-2.6.1.jar:/home/alex/.m2/repository/org/glassfish/hk2/external/aopalliance-repackaged/2.6.1/aopalliance-repackaged-2.6.1.jar:/home/alex/.m2/repository/org/glassfish/hk2/hk2-api/2.6.1/hk2-api-2.6.1.jar:/home/alex/.m2/repository/org/glassfish/hk2/hk2-utils/2.6.1/hk2-utils-2.6.1.jar:/home/alex/.m2/repository/org/javassist/javassist/3.25.0-GA/javassist-3.25.0-GA.jar:/home/alex/.m2/repository/org/glassfish/jersey/core/jersey-common/2.33/jersey-common-2.33.jar:/home/alex/.m2/repository/jakarta/annotation/jakarta.annotation-api/1.3.5/jakarta.annotation-api-1.3.5.jar:/home/alex/.m2/repository/org/glassfish/hk2/osgi-resource-locator/1.0.3/osgi-resource-locator-1.0.3.jar:/home/alex/.m2/repository/org/glassfish/jersey/media/jersey-media-multipart/2.33/jersey-media-multipart-2.33.jar:/home/alex/.m2/repository/org/jvnet/mimepull/mimepull/1.9.13/mimepull-1.9.13.jar:/home/alex/Repositories/nifi/nifi-commons/nifi-data-provenance-utils/target/classes:/home/alex/Repositories/nifi/nifi-nar-bundles/nifi-standard-services/nifi-distributed-cache-services-bundle/nifi-distributed-cache-client-service/target/classes:/home/alex/Repositories/nifi/nifi-nar-bundles/nifi-standard-services/nifi-distributed-cache-services-bundle/nifi-distributed-cache-protocol/target/classes:/home/alex/.m2/repository/io/netty/netty-buffer/4.1.69.Final/netty-buffer-4.1.69.Final.jar:/home/alex/.m2/repository/com/google/http-client/google-http-client/1.28.0/google-http-client-1.28.0.jar:/home/alex/.m2/repository/io/opencensus/opencensus-api/0.18.0/opencensus-api-0.18.0.jar:/home/alex/.m2/repository/io/grpc/grpc-context/1.14.0/grpc-context-1.14.0.jar:/home/alex/.m2/repository/io/opencensus/opencensus-contrib-http-util/0.18.0/opencensus-contrib-http-util-0.18.0.jar:/home/alex/.m2/repository/org/apache/activemq/activemq-broker/5.15.14/activemq-broker-5.15.14.jar:/home/alex/.m2/repository/org/apache/activemq/activemq-openwire-legacy/5.15.14/activemq-openwire-legacy-5.15.14.jar:/home/alex/Repositories/nifi/nifi-nar-bundles/nifi-standard-services/nifi-ssl-context-bundle/nifi-ssl-context-service/target/classes:/home/alex/Repositories/nifi/nifi-nar-bundles/nifi-framework-bundle/nifi-framework/nifi-standard-prioritizers/target/classes:/home/alex/Repositories/nifi/nifi-nar-bundles/nifi-extension-utils/nifi-record-utils/nifi-mock-record-utils/target/classes:/home/alex/Repositories/nifi/nifi-nar-bundles/nifi-standard-services/nifi-record-serialization-services-bundle/nifi-record-serialization-services/target/classes:/home/alex/.m2/repository/org/apache/commons/commons-csv/1.8/commons-csv-1.8.jar:/home/alex/.m2/repository/com/fasterxml/jackson/dataformat/jackson-dataformat-csv/2.12.3/jackson-dataformat-csv-2.12.3.jar:/home/alex/.m2/repository/net/java/dev/stax-utils/stax-utils/20070216/stax-utils-20070216.jar:/home/alex/Repositories/nifi/nifi-nar-bundles/nifi-standard-services/nifi-lookup-services-bundle/nifi-lookup-services/target/classes:/home/alex/.m2/repository/commons-beanutils/commons-beanutils/1.9.4/commons-beanutils-1.9.4.jar:/home/alex/.m2/repository/commons-collections/commons-collections/3.2.2/commons-collections-3.2.2.jar:/home/alex/.m2/repository/com/maxmind/geoip2/geoip2/2.12.0/geoip2-2.12.0.jar:/home/alex/.m2/repository/com/maxmind/db/maxmind-db/1.2.2/maxmind-db-1.2.2.jar:/home/alex/.m2/repository/org/apache/derby/derby/10.14.2.0/derby-10.14.2.0.jar:/home/alex/.m2/repository/org/xerial/snappy/snappy-java/1.1.7.3/snappy-java-1.1.7.3.jar:/home/alex/.m2/repository/net/lingala/zip4j/zip4j/2.8.0/zip4j-2.8.0.jar:/home/alex/.m2/repository/com/h2database/h2/1.4.187/h2-1.4.187.jar:/home/alex/.m2/repository/org/mockftpserver/MockFtpServer/2.7.1/MockFtpServer-2.7.1.jar:/home/alex/.m2/repository/org/apache/sshd/sshd-core/1.7.0/sshd-core-1.7.0.jar:/home/alex/.m2/repository/com/bazaarvoice/jolt/jolt-core/0.1.1/jolt-core-0.1.1.jar:/home/alex/.m2/repository/javax/inject/javax.inject/1/javax.inject-1.jar:/home/alex/.m2/repository/com/bazaarvoice/jolt/json-utils/0.1.1/json-utils-0.1.1.jar:/home/alex/Repositories/nifi/nifi-nar-bundles/nifi-standard-bundle/nifi-standard-utils/target/classes:/home/alex/.m2/repository/net/sf/supercsv/super-csv/2.4.0/super-csv-2.4.0.jar:/home/alex/.m2/repository/com/fluenda/parcefone/2.1.0/parcefone-2.1.0.jar:/home/alex/.m2/repository/javax/validation/validation-api/1.1.0.Final/validation-api-1.1.0.Final.jar:/home/alex/.m2/repository/javax/el/javax.el-api/3.0.0/javax.el-api-3.0.0.jar:/home/alex/.m2/repository/com/github/wnameless/json/json-flattener/0.12.0/json-flattener-0.12.0.jar:/home/alex/.m2/repository/com/github/wnameless/json/json-base/2.0.0/json-base-2.0.0.jar:/home/alex/.m2/repository/org/apache/bval/bval-jsr/1.1.2/bval-jsr-1.1.2.jar:/home/alex/.m2/repository/org/apache/bval/bval-core/1.1.2/bval-core-1.1.2.jar:/home/alex/.m2/repository/io/krakens/java-grok/0.1.9/java-grok-0.1.9.jar:/home/alex/.m2/repository/org/apache/calcite/calcite-core/1.27.0/calcite-core-1.27.0.jar:/home/alex/.m2/repository/org/apache/calcite/calcite-linq4j/1.27.0/calcite-linq4j-1.27.0.jar:/home/alex/.m2/repository/com/esri/geometry/esri-geometry-api/2.2.0/esri-geometry-api-2.2.0.jar:/home/alex/.m2/repository/org/apache/calcite/avatica/avatica-core/1.18.0/avatica-core-1.18.0.jar:/home/alex/.m2/repository/org/apache/calcite/avatica/avatica-metrics/1.18.0/avatica-metrics-1.18.0.jar:/home/alex/.m2/repository/com/google/protobuf/protobuf-java/3.6.1/protobuf-java-3.6.1.jar:/home/alex/.m2/repository/org/apiguardian/apiguardian-api/1.1.0/apiguardian-api-1.1.0.jar:/home/alex/.m2/repository/com/fasterxml/jackson/dataformat/jackson-dataformat-yaml/2.10.0/jackson-dataformat-yaml-2.10.0.jar:/home/alex/.m2/repository/org/yaml/snakeyaml/1.29/snakeyaml-1.29.jar:/home/alex/.m2/repository/com/google/uzaygezen/uzaygezen-core/0.2/uzaygezen-core-0.2.jar:/home/alex/.m2/repository/com/yahoo/datasketches/sketches-core/0.9.0/sketches-core-0.9.0.jar:/home/alex/.m2/repository/com/yahoo/datasketches/memory/0.9.0/memory-0.9.0.jar:/home/alex/.m2/repository/net/hydromatic/aggdesigner-algorithm/6.0/aggdesigner-algorithm-6.0.jar:/home/alex/.m2/repository/commons-lang/commons-lang/2.4/commons-lang-2.4.jar:/home/alex/.m2/repository/org/apache/commons/commons-dbcp2/2.6.0/commons-dbcp2-2.6.0.jar:/home/alex/.m2/repository/org/apache/commons/commons-pool2/2.6.1/commons-pool2-2.6.1.jar:/home/alex/.m2/repository/org/codehaus/janino/commons-compiler/3.0.11/commons-compiler-3.0.11.jar:/home/alex/.m2/repository/org/codehaus/janino/janino/3.0.11/janino-3.0.11.jar:/home/alex/Repositories/nifi/nifi-nar-bundles/nifi-standard-services/nifi-schema-registry-service-api/target/classes:/home/alex/Repositories/nifi/nifi-nar-bundles/nifi-extension-utils/nifi-database-utils/target/classes:/home/alex/Repositories/nifi/nifi-nar-bundles/nifi-standard-bundle/nifi-standard-web-test-utils/target/classes:/home/alex/.m2/repository/com/github/stefanbirkner/fake-sftp-server-rule/2.0.1/fake-sftp-server-rule-2.0.1.jar:/home/alex/.m2/repository/com/github/marschall/memoryfilesystem/2.8.0/memoryfilesystem-2.8.0.jar:/home/alex/.m2/repository/junit/junit/4.13.2/junit-4.13.2.jar:/home/alex/.m2/repository/org/hamcrest/hamcrest-core/1.3/hamcrest-core-1.3.jar:/home/alex/Repositories/nifi/nifi-nar-bundles/nifi-extension-utils/nifi-database-test-utils/target/classes:/home/alex/.m2/repository/org/codehaus/groovy/groovy-json/2.5.14/groovy-json-2.5.14.jar:/home/alex/.m2/repository/org/codehaus/groovy/groovy/2.5.14/groovy-2.5.14.jar:/home/alex/.m2/repository/org/codehaus/groovy/groovy-servlet/2.5.14/groovy-servlet-2.5.14.jar:/home/alex/.m2/repository/org/codehaus/groovy/groovy-templates/2.5.14/groovy-templates-2.5.14.jar:/home/alex/.m2/repository/org/codehaus/groovy/groovy-xml/2.5.14/groovy-xml-2.5.14.jar:/home/alex/.m2/repository/org/hamcrest/hamcrest-all/1.3/hamcrest-all-1.3.jar:/home/alex/.m2/repository/com/squareup/okhttp3/mockwebserver/4.9.2/mockwebserver-4.9.2.jar:/home/alex/.m2/repository/org/jetbrains/kotlin/kotlin-stdlib-jdk8/1.4.10/kotlin-stdlib-jdk8-1.4.10.jar:/home/alex/.m2/repository/org/jetbrains/kotlin/kotlin-stdlib-jdk7/1.4.10/kotlin-stdlib-jdk7-1.4.10.jar:/home/alex/.m2/repository/org/mockito/mockito-inline/3.12.4/mockito-inline-3.12.4.jar:/home/alex/.m2/repository/org/junit/jupiter/junit-jupiter-api/5.7.2/junit-jupiter-api-5.7.2.jar:/home/alex/.m2/repository/org/opentest4j/opentest4j/1.2.0/opentest4j-1.2.0.jar:/home/alex/.m2/repository/org/junit/platform/junit-platform-commons/1.7.2/junit-platform-commons-1.7.2.jar:/home/alex/.m2/repository/org/junit/jupiter/junit-jupiter-engine/5.7.2/junit-jupiter-engine-5.7.2.jar:/home/alex/.m2/repository/org/junit/platform/junit-platform-engine/1.7.2/junit-platform-engine-1.7.2.jar:/home/alex/.m2/repository/org/junit/vintage/junit-vintage-engine/5.7.2/junit-vintage-engine-5.7.2.jar:/home/alex/.m2/repository/org/junit/jupiter/junit-jupiter-params/5.7.2/junit-jupiter-params-5.7.2.jar:/home/alex/.m2/repository/org/mockito/mockito-core/3.11.2/mockito-core-3.11.2.jar:/home/alex/.m2/repository/net/bytebuddy/byte-buddy/1.11.3/byte-buddy-1.11.3.jar:/home/alex/.m2/repository/net/bytebuddy/byte-buddy-agent/1.11.3/byte-buddy-agent-1.11.3.jar:/home/alex/.m2/repository/org/objenesis/objenesis/3.2/objenesis-3.2.jar:/home/alex/.m2/repository/org/mockito/mockito-junit-jupiter/3.11.2/mockito-junit-jupiter-3.11.2.jar:/home/alex/.m2/repository/org/slf4j/slf4j-simple/1.7.32/slf4j-simple-1.7.32.jar:/home/alex/.m2/repository/org/codehaus/groovy/groovy-test/2.5.14/groovy-test-2.5.14.jar:"/>
    <property name="org.slf4j.simpleLogger.log.nifi.processors.standard.TestExecuteSQLRecord" value="debug"/>
    <property name="java.vm.vendor" value="Private Build"/>
    <property name="sun.arch.data.model" value="64"/>
    <property name="java.vendor.url" value="http://java.oracle.com/"/>
    <property name="user.timezone" value="Europe/Lisbon"/>
    <property name="java.vm.specification.version" value="1.8"/>
    <property name="os.name" value="Linux"/>
    <property name="user.country" value="US"/>
    <property name="sun.java.launcher" value="SUN_STANDARD"/>
    <property name="sun.boot.library.path" value="/usr/lib/jvm/java-8-openjdk-amd64/jre/lib/amd64"/>
    <property name="sun.java.command" value="/home/alex/Repositories/nifi/nifi-nar-bundles/nifi-standard-bundle/nifi-standard-processors/target/surefire/surefirebooter5765390859711556220.jar /home/alex/Repositories/nifi/nifi-nar-bundles/nifi-standard-bundle/nifi-standard-processors/target/surefire 2024-05-02T03-00-27_868-jvmRun1 surefire9208373730939602304tmp surefire_6996902428243563721tmp"/>
    <property name="org.slf4j.simpleLogger.log.nifi.io.nio" value="debug"/>
    <property name="surefire.test.class.path" value="/home/alex/Repositories/nifi/nifi-nar-bundles/nifi-standard-bundle/nifi-standard-processors/target/test-classes:/home/alex/Repositories/nifi/nifi-nar-bundles/nifi-standard-bundle/nifi-standard-processors/target/classes:/home/alex/.m2/repository/org/apache/ftpserver/ftpserver-core/1.1.1/ftpserver-core-1.1.1.jar:/home/alex/.m2/repository/org/apache/ftpserver/ftplet-api/1.1.1/ftplet-api-1.1.1.jar:/home/alex/.m2/repository/org/slf4j/slf4j-api/1.7.32/slf4j-api-1.7.32.jar:/home/alex/.m2/repository/org/apache/mina/mina-core/2.0.16/mina-core-2.0.16.jar:/home/alex/Repositories/nifi/nifi-api/target/classes:/home/alex/Repositories/nifi/nifi-commons/nifi-expression-language/target/classes:/home/alex/.m2/repository/org/antlr/antlr-runtime/3.5.2/antlr-runtime-3.5.2.jar:/home/alex/Repositories/nifi/nifi-commons/nifi-parameter/target/classes:/home/alex/Repositories/nifi/nifi-commons/nifi-uuid5/target/classes:/home/alex/.m2/repository/org/apache/commons/commons-text/1.8/commons-text-1.8.jar:/home/alex/Repositories/nifi/nifi-nar-bundles/nifi-extension-utils/nifi-processor-utils/target/classes:/home/alex/Repositories/nifi/nifi-commons/nifi-security-socket-ssl/target/classes:/home/alex/Repositories/nifi/nifi-nar-bundles/nifi-extension-utils/nifi-event-transport/target/classes:/home/alex/.m2/repository/io/netty/netty-handler/4.1.69.Final/netty-handler-4.1.69.Final.jar:/home/alex/.m2/repository/io/netty/netty-common/4.1.69.Final/netty-common-4.1.69.Final.jar:/home/alex/.m2/repository/io/netty/netty-resolver/4.1.69.Final/netty-resolver-4.1.69.Final.jar:/home/alex/.m2/repository/io/netty/netty-transport/4.1.69.Final/netty-transport-4.1.69.Final.jar:/home/alex/.m2/repository/io/netty/netty-codec/4.1.69.Final/netty-codec-4.1.69.Final.jar:/home/alex/Repositories/nifi/nifi-nar-bundles/nifi-extension-utils/nifi-syslog-utils/target/classes:/home/alex/.m2/repository/com/github/palindromicity/simple-syslog-5424/0.0.16/simple-syslog-5424-0.0.16.jar:/home/alex/.m2/repository/org/antlr/antlr4-runtime/4.7.2/antlr4-runtime-4.7.2.jar:/home/alex/Repositories/nifi/nifi-commons/nifi-utils/target/classes:/home/alex/Repositories/nifi/nifi-commons/nifi-record-path/target/classes:/home/alex/Repositories/nifi/nifi-commons/nifi-properties/target/classes:/home/alex/Repositories/nifi/nifi-commons/nifi-property-utils/target/classes:/home/alex/.m2/repository/com/github/ben-manes/caffeine/caffeine/2.8.1/caffeine-2.8.1.jar:/home/alex/Repositories/nifi/nifi-nar-bundles/nifi-standard-services/nifi-ssl-context-service-api/target/classes:/home/alex/Repositories/nifi/nifi-commons/nifi-security-utils-api/target/classes:/home/alex/Repositories/nifi/nifi-nar-bundles/nifi-standard-services/nifi-lookup-service-api/target/classes:/home/alex/Repositories/nifi/nifi-commons/nifi-flowfile-packager/target/classes:/home/alex/Repositories/nifi/nifi-nar-bundles/nifi-standard-services/nifi-distributed-cache-client-service-api/target/classes:/home/alex/Repositories/nifi/nifi-nar-bundles/nifi-standard-services/nifi-http-context-map-api/target/classes:/home/alex/Repositories/nifi/nifi-nar-bundles/nifi-standard-services/nifi-record-serialization-service-api/target/classes:/home/alex/Repositories/nifi/nifi-nar-bundles/nifi-standard-services/nifi-proxy-configuration-api/target/classes:/home/alex/Repositories/nifi/nifi-commons/nifi-record/target/classes:/home/alex/Repositories/nifi/nifi-nar-bundles/nifi-standard-services/nifi-record-sink-api/target/classes:/home/alex/.m2/repository/commons-io/commons-io/2.10.0/commons-io-2.10.0.jar:/home/alex/.m2/repository/javax/ws/rs/javax.ws.rs-api/2.1/javax.ws.rs-api-2.1.jar:/home/alex/.m2/repository/commons-net/commons-net/3.6/commons-net-3.6.jar:/home/alex/.m2/repository/org/apache/commons/commons-compress/1.21/commons-compress-1.21.jar:/home/alex/.m2/repository/org/apache/commons/commons-lang3/3.9/commons-lang3-3.9.jar:/home/alex/.m2/repository/org/bouncycastle/bcprov-jdk15on/1.69/bcprov-jdk15on-1.69.jar:/home/alex/.m2/repository/org/bouncycastle/bcpg-jdk15on/1.69/bcpg-jdk15on-1.69.jar:/home/alex/.m2/repository/org/bouncycastle/bcpkix-jdk15on/1.69/bcpkix-jdk15on-1.69.jar:/home/alex/.m2/repository/org/bouncycastle/bcutil-jdk15on/1.69/bcutil-jdk15on-1.69.jar:/home/alex/.m2/repository/commons-codec/commons-codec/1.14/commons-codec-1.14.jar:/home/alex/Repositories/nifi/nifi-commons/nifi-security-utils/target/classes:/home/alex/Repositories/nifi/nifi-commons/nifi-security-kms/target/classes:/home/alex/.m2/repository/org/apache/commons/commons-configuration2/2.7/commons-configuration2-2.7.jar:/home/alex/.m2/repository/com/hierynomus/sshj/0.32.0/sshj-0.32.0.jar:/home/alex/.m2/repository/com/jcraft/jzlib/1.1.3/jzlib-1.1.3.jar:/home/alex/.m2/repository/com/hierynomus/asn-one/0.6.0/asn-one-0.6.0.jar:/home/alex/.m2/repository/net/i2p/crypto/eddsa/0.3.0/eddsa-0.3.0.jar:/home/alex/.m2/repository/org/eclipse/jetty/jetty-server/9.4.44.v20210927/jetty-server-9.4.44.v20210927.jar:/home/alex/.m2/repository/javax/servlet/javax.servlet-api/3.1.0/javax.servlet-api-3.1.0.jar:/home/alex/.m2/repository/org/eclipse/jetty/jetty-http/9.4.44.v20210927/jetty-http-9.4.44.v20210927.jar:/home/alex/.m2/repository/org/eclipse/jetty/jetty-util/9.4.44.v20210927/jetty-util-9.4.44.v20210927.jar:/home/alex/.m2/repository/org/eclipse/jetty/jetty-io/9.4.44.v20210927/jetty-io-9.4.44.v20210927.jar:/home/alex/.m2/repository/org/eclipse/jetty/jetty-servlet/9.4.44.v20210927/jetty-servlet-9.4.44.v20210927.jar:/home/alex/.m2/repository/org/eclipse/jetty/jetty-security/9.4.44.v20210927/jetty-security-9.4.44.v20210927.jar:/home/alex/.m2/repository/org/eclipse/jetty/jetty-util-ajax/9.4.44.v20210927/jetty-util-ajax-9.4.44.v20210927.jar:/home/alex/.m2/repository/org/apache/httpcomponents/httpclient/4.5.5/httpclient-4.5.5.jar:/home/alex/.m2/repository/commons-logging/commons-logging/1.2/commons-logging-1.2.jar:/home/alex/.m2/repository/org/apache/httpcomponents/httpcore/4.4.9/httpcore-4.4.9.jar:/home/alex/.m2/repository/jakarta/activation/jakarta.activation-api/2.0.1/jakarta.activation-api-2.0.1.jar:/home/alex/.m2/repository/com/sun/activation/jakarta.activation/2.0.1/jakarta.activation-2.0.1.jar:/home/alex/.m2/repository/jakarta/mail/jakarta.mail-api/2.0.1/jakarta.mail-api-2.0.1.jar:/home/alex/.m2/repository/com/sun/mail/jakarta.mail/2.0.1/jakarta.mail-2.0.1.jar:/home/alex/.m2/repository/com/github/jponge/lzma-java/1.3/lzma-java-1.3.jar:/home/alex/.m2/repository/org/tukaani/xz/1.8/xz-1.8.jar:/home/alex/.m2/repository/net/sf/saxon/Saxon-HE/10.6/Saxon-HE-10.6.jar:/home/alex/Repositories/nifi/nifi-commons/nifi-socket-utils/target/classes:/home/alex/Repositories/nifi/nifi-commons/nifi-logging-utils/target/classes:/home/alex/Repositories/nifi/nifi-nar-bundles/nifi-standard-services/nifi-load-distribution-service-api/target/classes:/home/alex/.m2/repository/javax/jms/javax.jms-api/2.0.1/javax.jms-api-2.0.1.jar:/home/alex/.m2/repository/org/apache/activemq/activemq-client/5.15.15/activemq-client-5.15.15.jar:/home/alex/.m2/repository/org/apache/geronimo/specs/geronimo-jms_1.1_spec/1.1.1/geronimo-jms_1.1_spec-1.1.1.jar:/home/alex/.m2/repository/org/fusesource/hawtbuf/hawtbuf/1.11/hawtbuf-1.11.jar:/home/alex/.m2/repository/org/apache/geronimo/specs/geronimo-j2ee-management_1.1_spec/1.0.1/geronimo-j2ee-management_1.1_spec-1.0.1.jar:/home/alex/.m2/repository/com/jayway/jsonpath/json-path/2.6.0/json-path-2.6.0.jar:/home/alex/.m2/repository/net/minidev/json-smart/2.4.7/json-smart-2.4.7.jar:/home/alex/.m2/repository/net/minidev/accessors-smart/2.4.7/accessors-smart-2.4.7.jar:/home/alex/.m2/repository/org/ow2/asm/asm/9.1/asm-9.1.jar:/home/alex/.m2/repository/org/apache/tika/tika-core/1.26/tika-core-1.26.jar:/home/alex/.m2/repository/com/fasterxml/jackson/core/jackson-databind/2.12.3/jackson-databind-2.12.3.jar:/home/alex/.m2/repository/com/fasterxml/jackson/core/jackson-annotations/2.12.3/jackson-annotations-2.12.3.jar:/home/alex/.m2/repository/com/fasterxml/jackson/core/jackson-core/2.12.3/jackson-core-2.12.3.jar:/home/alex/Repositories/nifi/nifi-nar-bundles/nifi-extension-utils/nifi-record-utils/nifi-avro-record-utils/target/classes:/home/alex/Repositories/nifi/nifi-nar-bundles/nifi-extension-utils/nifi-record-utils/nifi-standard-record-utils/target/classes:/home/alex/.m2/repository/org/apache/avro/avro/1.8.1/avro-1.8.1.jar:/home/alex/.m2/repository/org/codehaus/jackson/jackson-core-asl/1.9.13/jackson-core-asl-1.9.13.jar:/home/alex/.m2/repository/org/codehaus/jackson/jackson-mapper-asl/1.9.13/jackson-mapper-asl-1.9.13.jar:/home/alex/.m2/repository/com/thoughtworks/paranamer/paranamer/2.7/paranamer-2.7.jar:/home/alex/Repositories/nifi/nifi-nar-bundles/nifi-standard-services/nifi-dbcp-service-api/target/classes:/home/alex/.m2/repository/com/squareup/okhttp3/okhttp/4.9.2/okhttp-4.9.2.jar:/home/alex/.m2/repository/com/squareup/okio/okio/2.8.0/okio-2.8.0.jar:/home/alex/.m2/repository/org/jetbrains/kotlin/kotlin-stdlib-common/1.4.0/kotlin-stdlib-common-1.4.0.jar:/home/alex/.m2/repository/org/jetbrains/kotlin/kotlin-stdlib/1.4.10/kotlin-stdlib-1.4.10.jar:/home/alex/.m2/repository/org/jetbrains/annotations/13.0/annotations-13.0.jar:/home/alex/.m2/repository/io/github/rburgst/okhttp-digest/2.5/okhttp-digest-2.5.jar:/home/alex/.m2/repository/at/favre/lib/bcrypt/0.9.0/bcrypt-0.9.0.jar:/home/alex/.m2/repository/at/favre/lib/bytes/1.3.0/bytes-1.3.0.jar:/home/alex/.m2/repository/com/google/guava/guava/28.0-jre/guava-28.0-jre.jar:/home/alex/.m2/repository/com/google/guava/failureaccess/1.0.1/failureaccess-1.0.1.jar:/home/alex/.m2/repository/com/google/guava/listenablefuture/9999.0-empty-to-avoid-conflict-with-guava/listenablefuture-9999.0-empty-to-avoid-conflict-with-guava.jar:/home/alex/.m2/repository/com/google/code/findbugs/jsr305/3.0.2/jsr305-3.0.2.jar:/home/alex/.m2/repository/org/checkerframework/checker-qual/2.8.1/checker-qual-2.8.1.jar:/home/alex/.m2/repository/com/google/errorprone/error_prone_annotations/2.3.2/error_prone_annotations-2.3.2.jar:/home/alex/.m2/repository/com/google/j2objc/j2objc-annotations/1.3/j2objc-annotations-1.3.jar:/home/alex/.m2/repository/org/codehaus/mojo/animal-sniffer-annotations/1.17/animal-sniffer-annotations-1.17.jar:/home/alex/Repositories/nifi/nifi-mock/target/classes:/home/alex/Repositories/nifi/nifi-framework-api/target/classes:/home/alex/Repositories/nifi/nifi-nar-bundles/nifi-framework-bundle/nifi-framework/nifi-framework-core-api/target/classes:/home/alex/Repositories/nifi/nifi-nar-bundles/nifi-framework-bundle/nifi-framework/nifi-framework-nar-utils/target/classes:/home/alex/Repositories/nifi/nifi-nar-bundles/nifi-framework-bundle/nifi-framework/nifi-client-dto/target/classes:/home/alex/.m2/repository/io/swagger/swagger-annotations/1.6.0/swagger-annotations-1.6.0.jar:/home/alex/Repositories/nifi/nifi-commons/nifi-site-to-site-client/target/classes:/home/alex/.m2/repository/org/apache/httpcomponents/httpasyncclient/4.1.4/httpasyncclient-4.1.4.jar:/home/alex/.m2/repository/org/apache/httpcomponents/httpcore-nio/4.4.10/httpcore-nio-4.4.10.jar:/home/alex/Repositories/nifi/nifi-nar-bundles/nifi-framework-bundle/nifi-framework/nifi-framework-authorization/target/classes:/home/alex/Repositories/nifi/nifi-registry/nifi-registry-core/nifi-registry-data-model/target/classes:/home/alex/Repositories/nifi/nifi-registry/nifi-registry-core/nifi-registry-revision/nifi-registry-revision-entity-model/target/classes:/home/alex/Repositories/nifi/nifi-registry/nifi-registry-core/nifi-registry-client/target/classes:/home/alex/Repositories/nifi/nifi-registry/nifi-registry-core/nifi-registry-security-utils/target/classes:/home/alex/.m2/repository/org/glassfish/jersey/core/jersey-client/2.33/jersey-client-2.33.jar:/home/alex/.m2/repository/jakarta/ws/rs/jakarta.ws.rs-api/2.1.6/jakarta.ws.rs-api-2.1.6.jar:/home/alex/.m2/repository/org/glassfish/hk2/external/jakarta.inject/2.6.1/jakarta.inject-2.6.1.jar:/home/alex/.m2/repository/org/glassfish/jersey/media/jersey-media-json-jackson/2.33/jersey-media-json-jackson-2.33.jar:/home/alex/.m2/repository/org/glassfish/jersey/ext/jersey-entity-filtering/2.33/jersey-entity-filtering-2.33.jar:/home/alex/.m2/repository/org/glassfish/jersey/inject/jersey-hk2/2.33/jersey-hk2-2.33.jar:/home/alex/.m2/repository/org/glassfish/hk2/hk2-locator/2.6.1/hk2-locator-2.6.1.jar:/home/alex/.m2/repository/org/glassfish/hk2/external/aopalliance-repackaged/2.6.1/aopalliance-repackaged-2.6.1.jar:/home/alex/.m2/repository/org/glassfish/hk2/hk2-api/2.6.1/hk2-api-2.6.1.jar:/home/alex/.m2/repository/org/glassfish/hk2/hk2-utils/2.6.1/hk2-utils-2.6.1.jar:/home/alex/.m2/repository/org/javassist/javassist/3.25.0-GA/javassist-3.25.0-GA.jar:/home/alex/.m2/repository/org/glassfish/jersey/core/jersey-common/2.33/jersey-common-2.33.jar:/home/alex/.m2/repository/jakarta/annotation/jakarta.annotation-api/1.3.5/jakarta.annotation-api-1.3.5.jar:/home/alex/.m2/repository/org/glassfish/hk2/osgi-resource-locator/1.0.3/osgi-resource-locator-1.0.3.jar:/home/alex/.m2/repository/org/glassfish/jersey/media/jersey-media-multipart/2.33/jersey-media-multipart-2.33.jar:/home/alex/.m2/repository/org/jvnet/mimepull/mimepull/1.9.13/mimepull-1.9.13.jar:/home/alex/Repositories/nifi/nifi-commons/nifi-data-provenance-utils/target/classes:/home/alex/Repositories/nifi/nifi-nar-bundles/nifi-standard-services/nifi-distributed-cache-services-bundle/nifi-distributed-cache-client-service/target/classes:/home/alex/Repositories/nifi/nifi-nar-bundles/nifi-standard-services/nifi-distributed-cache-services-bundle/nifi-distributed-cache-protocol/target/classes:/home/alex/.m2/repository/io/netty/netty-buffer/4.1.69.Final/netty-buffer-4.1.69.Final.jar:/home/alex/.m2/repository/com/google/http-client/google-http-client/1.28.0/google-http-client-1.28.0.jar:/home/alex/.m2/repository/io/opencensus/opencensus-api/0.18.0/opencensus-api-0.18.0.jar:/home/alex/.m2/repository/io/grpc/grpc-context/1.14.0/grpc-context-1.14.0.jar:/home/alex/.m2/repository/io/opencensus/opencensus-contrib-http-util/0.18.0/opencensus-contrib-http-util-0.18.0.jar:/home/alex/.m2/repository/org/apache/activemq/activemq-broker/5.15.14/activemq-broker-5.15.14.jar:/home/alex/.m2/repository/org/apache/activemq/activemq-openwire-legacy/5.15.14/activemq-openwire-legacy-5.15.14.jar:/home/alex/Repositories/nifi/nifi-nar-bundles/nifi-standard-services/nifi-ssl-context-bundle/nifi-ssl-context-service/target/classes:/home/alex/Repositories/nifi/nifi-nar-bundles/nifi-framework-bundle/nifi-framework/nifi-standard-prioritizers/target/classes:/home/alex/Repositories/nifi/nifi-nar-bundles/nifi-extension-utils/nifi-record-utils/nifi-mock-record-utils/target/classes:/home/alex/Repositories/nifi/nifi-nar-bundles/nifi-standard-services/nifi-record-serialization-services-bundle/nifi-record-serialization-services/target/classes:/home/alex/.m2/repository/org/apache/commons/commons-csv/1.8/commons-csv-1.8.jar:/home/alex/.m2/repository/com/fasterxml/jackson/dataformat/jackson-dataformat-csv/2.12.3/jackson-dataformat-csv-2.12.3.jar:/home/alex/.m2/repository/net/java/dev/stax-utils/stax-utils/20070216/stax-utils-20070216.jar:/home/alex/Repositories/nifi/nifi-nar-bundles/nifi-standard-services/nifi-lookup-services-bundle/nifi-lookup-services/target/classes:/home/alex/.m2/repository/commons-beanutils/commons-beanutils/1.9.4/commons-beanutils-1.9.4.jar:/home/alex/.m2/repository/commons-collections/commons-collections/3.2.2/commons-collections-3.2.2.jar:/home/alex/.m2/repository/com/maxmind/geoip2/geoip2/2.12.0/geoip2-2.12.0.jar:/home/alex/.m2/repository/com/maxmind/db/maxmind-db/1.2.2/maxmind-db-1.2.2.jar:/home/alex/.m2/repository/org/apache/derby/derby/10.14.2.0/derby-10.14.2.0.jar:/home/alex/.m2/repository/org/xerial/snappy/snappy-java/1.1.7.3/snappy-java-1.1.7.3.jar:/home/alex/.m2/repository/net/lingala/zip4j/zip4j/2.8.0/zip4j-2.8.0.jar:/home/alex/.m2/repository/com/h2database/h2/1.4.187/h2-1.4.187.jar:/home/alex/.m2/repository/org/mockftpserver/MockFtpServer/2.7.1/MockFtpServer-2.7.1.jar:/home/alex/.m2/repository/org/apache/sshd/sshd-core/1.7.0/sshd-core-1.7.0.jar:/home/alex/.m2/repository/com/bazaarvoice/jolt/jolt-core/0.1.1/jolt-core-0.1.1.jar:/home/alex/.m2/repository/javax/inject/javax.inject/1/javax.inject-1.jar:/home/alex/.m2/repository/com/bazaarvoice/jolt/json-utils/0.1.1/json-utils-0.1.1.jar:/home/alex/Repositories/nifi/nifi-nar-bundles/nifi-standard-bundle/nifi-standard-utils/target/classes:/home/alex/.m2/repository/net/sf/supercsv/super-csv/2.4.0/super-csv-2.4.0.jar:/home/alex/.m2/repository/com/fluenda/parcefone/2.1.0/parcefone-2.1.0.jar:/home/alex/.m2/repository/javax/validation/validation-api/1.1.0.Final/validation-api-1.1.0.Final.jar:/home/alex/.m2/repository/javax/el/javax.el-api/3.0.0/javax.el-api-3.0.0.jar:/home/alex/.m2/repository/com/github/wnameless/json/json-flattener/0.12.0/json-flattener-0.12.0.jar:/home/alex/.m2/repository/com/github/wnameless/json/json-base/2.0.0/json-base-2.0.0.jar:/home/alex/.m2/repository/org/apache/bval/bval-jsr/1.1.2/bval-jsr-1.1.2.jar:/home/alex/.m2/repository/org/apache/bval/bval-core/1.1.2/bval-core-1.1.2.jar:/home/alex/.m2/repository/io/krakens/java-grok/0.1.9/java-grok-0.1.9.jar:/home/alex/.m2/repository/org/apache/calcite/calcite-core/1.27.0/calcite-core-1.27.0.jar:/home/alex/.m2/repository/org/apache/calcite/calcite-linq4j/1.27.0/calcite-linq4j-1.27.0.jar:/home/alex/.m2/repository/com/esri/geometry/esri-geometry-api/2.2.0/esri-geometry-api-2.2.0.jar:/home/alex/.m2/repository/org/apache/calcite/avatica/avatica-core/1.18.0/avatica-core-1.18.0.jar:/home/alex/.m2/repository/org/apache/calcite/avatica/avatica-metrics/1.18.0/avatica-metrics-1.18.0.jar:/home/alex/.m2/repository/com/google/protobuf/protobuf-java/3.6.1/protobuf-java-3.6.1.jar:/home/alex/.m2/repository/org/apiguardian/apiguardian-api/1.1.0/apiguardian-api-1.1.0.jar:/home/alex/.m2/repository/com/fasterxml/jackson/dataformat/jackson-dataformat-yaml/2.10.0/jackson-dataformat-yaml-2.10.0.jar:/home/alex/.m2/repository/org/yaml/snakeyaml/1.29/snakeyaml-1.29.jar:/home/alex/.m2/repository/com/google/uzaygezen/uzaygezen-core/0.2/uzaygezen-core-0.2.jar:/home/alex/.m2/repository/com/yahoo/datasketches/sketches-core/0.9.0/sketches-core-0.9.0.jar:/home/alex/.m2/repository/com/yahoo/datasketches/memory/0.9.0/memory-0.9.0.jar:/home/alex/.m2/repository/net/hydromatic/aggdesigner-algorithm/6.0/aggdesigner-algorithm-6.0.jar:/home/alex/.m2/repository/commons-lang/commons-lang/2.4/commons-lang-2.4.jar:/home/alex/.m2/repository/org/apache/commons/commons-dbcp2/2.6.0/commons-dbcp2-2.6.0.jar:/home/alex/.m2/repository/org/apache/commons/commons-pool2/2.6.1/commons-pool2-2.6.1.jar:/home/alex/.m2/repository/org/codehaus/janino/commons-compiler/3.0.11/commons-compiler-3.0.11.jar:/home/alex/.m2/repository/org/codehaus/janino/janino/3.0.11/janino-3.0.11.jar:/home/alex/Repositories/nifi/nifi-nar-bundles/nifi-standard-services/nifi-schema-registry-service-api/target/classes:/home/alex/Repositories/nifi/nifi-nar-bundles/nifi-extension-utils/nifi-database-utils/target/classes:/home/alex/Repositories/nifi/nifi-nar-bundles/nifi-standard-bundle/nifi-standard-web-test-utils/target/classes:/home/alex/.m2/repository/com/github/stefanbirkner/fake-sftp-server-rule/2.0.1/fake-sftp-server-rule-2.0.1.jar:/home/alex/.m2/repository/com/github/marschall/memoryfilesystem/2.8.0/memoryfilesystem-2.8.0.jar:/home/alex/.m2/repository/junit/junit/4.13.2/junit-4.13.2.jar:/home/alex/.m2/repository/org/hamcrest/hamcrest-core/1.3/hamcrest-core-1.3.jar:/home/alex/Repositories/nifi/nifi-nar-bundles/nifi-extension-utils/nifi-database-test-utils/target/classes:/home/alex/.m2/repository/org/codehaus/groovy/groovy-json/2.5.14/groovy-json-2.5.14.jar:/home/alex/.m2/repository/org/codehaus/groovy/groovy/2.5.14/groovy-2.5.14.jar:/home/alex/.m2/repository/org/codehaus/groovy/groovy-servlet/2.5.14/groovy-servlet-2.5.14.jar:/home/alex/.m2/repository/org/codehaus/groovy/groovy-templates/2.5.14/groovy-templates-2.5.14.jar:/home/alex/.m2/repository/org/codehaus/groovy/groovy-xml/2.5.14/groovy-xml-2.5.14.jar:/home/alex/.m2/repository/org/hamcrest/hamcrest-all/1.3/hamcrest-all-1.3.jar:/home/alex/.m2/repository/com/squareup/okhttp3/mockwebserver/4.9.2/mockwebserver-4.9.2.jar:/home/alex/.m2/repository/org/jetbrains/kotlin/kotlin-stdlib-jdk8/1.4.10/kotlin-stdlib-jdk8-1.4.10.jar:/home/alex/.m2/repository/org/jetbrains/kotlin/kotlin-stdlib-jdk7/1.4.10/kotlin-stdlib-jdk7-1.4.10.jar:/home/alex/.m2/repository/org/mockito/mockito-inline/3.12.4/mockito-inline-3.12.4.jar:/home/alex/.m2/repository/org/junit/jupiter/junit-jupiter-api/5.7.2/junit-jupiter-api-5.7.2.jar:/home/alex/.m2/repository/org/opentest4j/opentest4j/1.2.0/opentest4j-1.2.0.jar:/home/alex/.m2/repository/org/junit/platform/junit-platform-commons/1.7.2/junit-platform-commons-1.7.2.jar:/home/alex/.m2/repository/org/junit/jupiter/junit-jupiter-engine/5.7.2/junit-jupiter-engine-5.7.2.jar:/home/alex/.m2/repository/org/junit/platform/junit-platform-engine/1.7.2/junit-platform-engine-1.7.2.jar:/home/alex/.m2/repository/org/junit/vintage/junit-vintage-engine/5.7.2/junit-vintage-engine-5.7.2.jar:/home/alex/.m2/repository/org/junit/jupiter/junit-jupiter-params/5.7.2/junit-jupiter-params-5.7.2.jar:/home/alex/.m2/repository/org/mockito/mockito-core/3.11.2/mockito-core-3.11.2.jar:/home/alex/.m2/repository/net/bytebuddy/byte-buddy/1.11.3/byte-buddy-1.11.3.jar:/home/alex/.m2/repository/net/bytebuddy/byte-buddy-agent/1.11.3/byte-buddy-agent-1.11.3.jar:/home/alex/.m2/repository/org/objenesis/objenesis/3.2/objenesis-3.2.jar:/home/alex/.m2/repository/org/mockito/mockito-junit-jupiter/3.11.2/mockito-junit-jupiter-3.11.2.jar:/home/alex/.m2/repository/org/slf4j/slf4j-simple/1.7.32/slf4j-simple-1.7.32.jar:/home/alex/.m2/repository/org/codehaus/groovy/groovy-test/2.5.14/groovy-test-2.5.14.jar:"/>
    <property name="sun.cpu.endian" value="little"/>
    <property name="user.home" value="/home/alex"/>
    <property name="user.language" value="en"/>
    <property name="java.specification.vendor" value="Oracle Corporation"/>
    <property name="java.home" value="/usr/lib/jvm/java-8-openjdk-amd64/jre"/>
    <property name="basedir" value="/home/alex/Repositories/nifi/nifi-nar-bundles/nifi-standard-bundle/nifi-standard-processors"/>
    <property name="file.separator" value="/"/>
    <property name="line.separator" value="&#10;"/>
    <property name="java.vm.specification.vendor" value="Oracle Corporation"/>
    <property name="java.specification.name" value="Java Platform API Specification"/>
    <property name="derby.stream.error.file" value="target/derby.log"/>
    <property name="org.slf4j.simpleLogger.log.org.apache.nifi" value="TRACE"/>
    <property name="javax.xml.xpath.XPathFactory:http://saxon.sf.net/jaxp/xpath/om" value="net.sf.saxon.xpath.XPathFactoryImpl"/>
    <property name="java.awt.graphicsenv" value="sun.awt.X11GraphicsEnvironment"/>
    <property name="org.slf4j.simpleLogger.log.org.apache.nifi.processors.standard.SQLTransform" value="debug"/>
    <property name="java.awt.headless" value="true"/>
    <property name="org.slf4j.simpleLogger.log.nifi.processors.standard.ExecuteSQLRecord" value="debug"/>
    <property name="org.slf4j.simpleLogger.showDateTime" value="true"/>
    <property name="surefire.real.class.path" value="/home/alex/Repositories/nifi/nifi-nar-bundles/nifi-standard-bundle/nifi-standard-processors/target/surefire/surefirebooter5765390859711556220.jar"/>
    <property name="sun.boot.class.path" value="/usr/lib/jvm/java-8-openjdk-amd64/jre/lib/resources.jar:/usr/lib/jvm/java-8-openjdk-amd64/jre/lib/rt.jar:/usr/lib/jvm/java-8-openjdk-amd64/jre/lib/sunrsasign.jar:/usr/lib/jvm/java-8-openjdk-amd64/jre/lib/jsse.jar:/usr/lib/jvm/java-8-openjdk-amd64/jre/lib/jce.jar:/usr/lib/jvm/java-8-openjdk-amd64/jre/lib/charsets.jar:/usr/lib/jvm/java-8-openjdk-amd64/jre/lib/jfr.jar:/usr/lib/jvm/java-8-openjdk-amd64/jre/classes"/>
    <property name="sun.management.compiler" value="HotSpot 64-Bit Tiered Compilers"/>
    <property name="org.slf4j.simpleLogger.log.nifi.processors.standard.TestExecuteSQL" value="debug"/>
    <property name="java.runtime.version" value="1.8.0_402-8u402-ga-2ubuntu1~22.04-b06"/>
    <property name="java.net.preferIPv4Stack" value="true"/>
    <property name="user.name" value="alex"/>
    <property name="path.separator" value=":"/>
    <property name="os.version" value="6.5.0-28-generic"/>
    <property name="java.endorsed.dirs" value="/usr/lib/jvm/java-8-openjdk-amd64/jre/lib/endorsed"/>
    <property name="java.runtime.name" value="OpenJDK Runtime Environment"/>
    <property name="org.slf4j.simpleLogger.log.nifi.processors.standard.DistributeLoad" value="debug"/>
    <property name="file.encoding" value="UTF-8"/>
    <property name="org.slf4j.simpleLogger.log.org.apache.nifi.processors.standard" value="DEBUG"/>
    <property name="org.slf4j.simpleLogger.log.nifi.processors.standard.ExecuteSQL" value="debug"/>
    <property name="sun.nio.ch.bugLevel" value=""/>
    <property name="java.vm.name" value="OpenJDK 64-Bit Server VM"/>
    <property name="localRepository" value="/home/alex/.m2/repository"/>
    <property name="java.vendor.url.bug" value="http://bugreport.sun.com/bugreport/"/>
    <property name="jetty.git.hash" value="8da83308eeca865e495e53ef315a249d63ba9332"/>
    <property name="java.io.tmpdir" value="/tmp"/>
    <property name="java.version" value="1.8.0_402"/>
    <property name="user.dir" value="/home/alex/Repositories/nifi/nifi-nar-bundles/nifi-standard-bundle/nifi-standard-processors"/>
    <property name="org.slf4j.simpleLogger.log.nifi.processors.standard.TestDetectDuplicate" value="debug"/>
    <property name="os.arch" value="amd64"/>
    <property name="java.vm.specification.name" value="Java Virtual Machine Specification"/>
    <property name="java.awt.printerjob" value="sun.print.PSPrinterJob"/>
    <property name="sun.os.patch.level" value="unknown"/>
    <property name="org.slf4j.simpleLogger.defaultLogLevel" value="info"/>
    <property name="java.library.path" value="/usr/java/packages/lib/amd64:/usr/lib/x86_64-linux-gnu/jni:/lib/x86_64-linux-gnu:/usr/lib/x86_64-linux-gnu:/usr/lib/jni:/lib:/usr/lib"/>
    <property name="java.vm.info" value="mixed mode"/>
    <property name="java.vendor" value="Private Build"/>
    <property name="java.vm.version" value="25.402-b06"/>
    <property name="org.slf4j.simpleLogger.log.nifi.processors.standard.DetectDuplicate" value="debug"/>
    <property name="java.specification.maintenance.version" value="5"/>
    <property name="java.ext.dirs" value="/usr/lib/jvm/java-8-openjdk-amd64/jre/lib/ext:/usr/java/packages/lib/ext"/>
    <property name="sun.io.unicode.encoding" value="UnicodeLittle"/>
    <property name="java.class.version" value="52.0"/>
  </properties>
  <testcase name="testSeparationStrategyNotKnown" classname="org.apache.nifi.processors.standard.TestRouteText" time="0.004"/>
  <testcase name="testRelationships" classname="org.apache.nifi.processors.standard.TestRouteText" time="0.001">
    <system-err><![CDATA[[main] DEBUG org.apache.nifi.processors.standard.RouteText - RouteText[id=51649333-7b2b-40b7-8e5e-e2ff173943f8] Adding new dynamic property: PropertyDescriptor[simple]
[main] DEBUG org.apache.nifi.processors.standard.RouteText - RouteText[id=51649333-7b2b-40b7-8e5e-e2ff173943f8] Adding new dynamic property: PropertyDescriptor[simple]
]]></system-err>
  </testcase>
  <testcase name="testSimpleContainsIgnoreCase" classname="org.apache.nifi.processors.standard.TestRouteText" time="0.003">
    <system-err><![CDATA[[main] DEBUG org.apache.nifi.processors.standard.RouteText - RouteText[id=f4342ab0-f978-4da0-b836-80b59d20222c] Adding new dynamic property: PropertyDescriptor[simple]
[pool-2303-thread-1] INFO org.apache.nifi.processors.standard.RouteText - RouteText[id=f4342ab0-f978-4da0-b836-80b59d20222c] Created FlowFile[1,96217269289277.mockFlowFile,17B] from FlowFile[0,96217269289277.mockFlowFile,26B]; routing to relationship simple
[pool-2303-thread-1] INFO org.apache.nifi.processors.standard.RouteText - RouteText[id=f4342ab0-f978-4da0-b836-80b59d20222c] Created FlowFile[2,96217269289277.mockFlowFile,9B] from FlowFile[0,96217269289277.mockFlowFile,26B]; routing to relationship unmatched
[pool-2303-thread-1] INFO org.apache.nifi.processors.standard.RouteText - RouteText[id=f4342ab0-f978-4da0-b836-80b59d20222c] Routing FlowFile[0,96217269289277.mockFlowFile,26B] to original
]]></system-err>
  </testcase>
  <testcase name="testSimpleDefaultContainRegularExpression" classname="org.apache.nifi.processors.standard.TestRouteText" time="0.005">
    <system-err><![CDATA[[main] DEBUG org.apache.nifi.processors.standard.RouteText - RouteText[id=df2d56a0-195e-400d-8d88-53aebc7d67a0] Adding new dynamic property: PropertyDescriptor[simple]
[pool-2304-thread-1] INFO org.apache.nifi.processors.standard.RouteText - RouteText[id=df2d56a0-195e-400d-8d88-53aebc7d67a0] Created FlowFile[1,96217272800892.mockFlowFile,17B] from FlowFile[0,96217272800892.mockFlowFile,26B]; routing to relationship simple
[pool-2304-thread-1] INFO org.apache.nifi.processors.standard.RouteText - RouteText[id=df2d56a0-195e-400d-8d88-53aebc7d67a0] Created FlowFile[2,96217272800892.mockFlowFile,9B] from FlowFile[0,96217272800892.mockFlowFile,26B]; routing to relationship unmatched
[pool-2304-thread-1] INFO org.apache.nifi.processors.standard.RouteText - RouteText[id=df2d56a0-195e-400d-8d88-53aebc7d67a0] Routing FlowFile[0,96217272800892.mockFlowFile,26B] to original
]]></system-err>
  </testcase>
  <testcase name="testXml" classname="org.apache.nifi.processors.standard.TestRouteText" time="0.002">
    <system-err><![CDATA[[main] DEBUG org.apache.nifi.processors.standard.RouteText - RouteText[id=e3faa845-b5af-4fc5-8a07-c1e096a7c426] Adding new dynamic property: PropertyDescriptor[element]
[main] DEBUG org.apache.nifi.processors.standard.RouteText - RouteText[id=e3faa845-b5af-4fc5-8a07-c1e096a7c426] Adding new dynamic property: PropertyDescriptor[NodeType]
[main] DEBUG org.apache.nifi.processors.standard.RouteText - RouteText[id=e3faa845-b5af-4fc5-8a07-c1e096a7c426] Adding new dynamic property: PropertyDescriptor[name]
[pool-2305-thread-1] INFO org.apache.nifi.processors.standard.RouteText - RouteText[id=e3faa845-b5af-4fc5-8a07-c1e096a7c426] Created FlowFile[4,XmlBundle.xsd,37B] from FlowFile[0,XmlBundle.xsd,1664B]; routing to relationship NodeType
[pool-2305-thread-1] INFO org.apache.nifi.processors.standard.RouteText - RouteText[id=e3faa845-b5af-4fc5-8a07-c1e096a7c426] Created FlowFile[2,XmlBundle.xsd,352B] from FlowFile[0,XmlBundle.xsd,1664B]; routing to relationship element
[pool-2305-thread-1] INFO org.apache.nifi.processors.standard.RouteText - RouteText[id=e3faa845-b5af-4fc5-8a07-c1e096a7c426] Created FlowFile[3,XmlBundle.xsd,468B] from FlowFile[0,XmlBundle.xsd,1664B]; routing to relationship name
[pool-2305-thread-1] INFO org.apache.nifi.processors.standard.RouteText - RouteText[id=e3faa845-b5af-4fc5-8a07-c1e096a7c426] Created FlowFile[1,XmlBundle.xsd,1196B] from FlowFile[0,XmlBundle.xsd,1664B]; routing to relationship unmatched
[pool-2305-thread-1] INFO org.apache.nifi.processors.standard.RouteText - RouteText[id=e3faa845-b5af-4fc5-8a07-c1e096a7c426] Routing FlowFile[0,XmlBundle.xsd,1664B] to original
]]></system-err>
  </testcase>
  <testcase name="testSatisfiesExpression" classname="org.apache.nifi.processors.standard.TestRouteText" time="0.007">
    <system-err><![CDATA[[main] DEBUG org.apache.nifi.processors.standard.RouteText - RouteText[id=b6b704ad-5f13-4bc5-af87-0f0b4d2d68c9] Adding new dynamic property: PropertyDescriptor[third-line]
[main] DEBUG org.apache.nifi.processors.standard.RouteText - RouteText[id=b6b704ad-5f13-4bc5-af87-0f0b4d2d68c9] Adding new dynamic property: PropertyDescriptor[empty]
[main] DEBUG org.apache.nifi.processors.standard.RouteText - RouteText[id=b6b704ad-5f13-4bc5-af87-0f0b4d2d68c9] Adding new dynamic property: PropertyDescriptor[second-field-you]
[pool-2306-thread-1] INFO org.apache.nifi.processors.standard.RouteText - RouteText[id=b6b704ad-5f13-4bc5-af87-0f0b4d2d68c9] Created FlowFile[3,96217280804965.mockFlowFile,14B] from FlowFile[0,96217280804965.mockFlowFile,28B]; routing to relationship third-line
[pool-2306-thread-1] INFO org.apache.nifi.processors.standard.RouteText - RouteText[id=b6b704ad-5f13-4bc5-af87-0f0b4d2d68c9] Created FlowFile[4,96217280804965.mockFlowFile,14B] from FlowFile[0,96217280804965.mockFlowFile,28B]; routing to relationship second-field-you
[pool-2306-thread-1] INFO org.apache.nifi.processors.standard.RouteText - RouteText[id=b6b704ad-5f13-4bc5-af87-0f0b4d2d68c9] Created FlowFile[2,96217280804965.mockFlowFile,8B] from FlowFile[0,96217280804965.mockFlowFile,28B]; routing to relationship empty
[pool-2306-thread-1] INFO org.apache.nifi.processors.standard.RouteText - RouteText[id=b6b704ad-5f13-4bc5-af87-0f0b4d2d68c9] Created FlowFile[1,96217280804965.mockFlowFile,6B] from FlowFile[0,96217280804965.mockFlowFile,28B]; routing to relationship unmatched
[pool-2306-thread-1] INFO org.apache.nifi.processors.standard.RouteText - RouteText[id=b6b704ad-5f13-4bc5-af87-0f0b4d2d68c9] Routing FlowFile[0,96217280804965.mockFlowFile,28B] to original
]]></system-err>
  </testcase>
  <testcase name="testRouteLineToMultipleRelationships" classname="org.apache.nifi.processors.standard.TestRouteText" time="0.001">
    <system-err><![CDATA[[main] DEBUG org.apache.nifi.processors.standard.RouteText - RouteText[id=1d153595-5237-44b8-b03f-96bc1654aa79] Adding new dynamic property: PropertyDescriptor[z]
[main] DEBUG org.apache.nifi.processors.standard.RouteText - RouteText[id=1d153595-5237-44b8-b03f-96bc1654aa79] Adding new dynamic property: PropertyDescriptor[e]
[main] DEBUG org.apache.nifi.processors.standard.RouteText - RouteText[id=1d153595-5237-44b8-b03f-96bc1654aa79] Adding new dynamic property: PropertyDescriptor[t]
[pool-2307-thread-1] INFO org.apache.nifi.processors.standard.RouteText - RouteText[id=1d153595-5237-44b8-b03f-96bc1654aa79] Created FlowFile[1,96217286995784.mockFlowFile,26B] from FlowFile[0,96217286995784.mockFlowFile,26B]; routing to relationship t
[pool-2307-thread-1] INFO org.apache.nifi.processors.standard.RouteText - RouteText[id=1d153595-5237-44b8-b03f-96bc1654aa79] Created FlowFile[2,96217286995784.mockFlowFile,17B] from FlowFile[0,96217286995784.mockFlowFile,26B]; routing to relationship e
[pool-2307-thread-1] INFO org.apache.nifi.processors.standard.RouteText - RouteText[id=1d153595-5237-44b8-b03f-96bc1654aa79] Routing FlowFile[0,96217286995784.mockFlowFile,26B] to original
]]></system-err>
  </testcase>
  <testcase name="testSimpleAllEnds" classname="org.apache.nifi.processors.standard.TestRouteText" time="0.001">
    <system-err><![CDATA[[main] DEBUG org.apache.nifi.processors.standard.RouteText - RouteText[id=5b84f19e-8a80-4aa5-8a75-f0e79de570ee] Adding new dynamic property: PropertyDescriptor[second]
[main] DEBUG org.apache.nifi.processors.standard.RouteText - RouteText[id=5b84f19e-8a80-4aa5-8a75-f0e79de570ee] Adding new dynamic property: PropertyDescriptor[simple]
[pool-2308-thread-1] INFO org.apache.nifi.processors.standard.RouteText - RouteText[id=5b84f19e-8a80-4aa5-8a75-f0e79de570ee] Created FlowFile[2,96217287946333.mockFlowFile,9B] from FlowFile[0,96217287946333.mockFlowFile,26B]; routing to relationship unmatched
[pool-2308-thread-1] INFO org.apache.nifi.processors.standard.RouteText - RouteText[id=5b84f19e-8a80-4aa5-8a75-f0e79de570ee] Created FlowFile[1,96217287946333.mockFlowFile,17B] from FlowFile[0,96217287946333.mockFlowFile,26B]; routing to relationship matched
[pool-2308-thread-1] INFO org.apache.nifi.processors.standard.RouteText - RouteText[id=5b84f19e-8a80-4aa5-8a75-f0e79de570ee] Routing FlowFile[0,96217287946333.mockFlowFile,26B] to original
]]></system-err>
  </testcase>
  <testcase name="testJson" classname="org.apache.nifi.processors.standard.TestRouteText" time="0.005">
    <system-err><![CDATA[[main] DEBUG org.apache.nifi.processors.standard.RouteText - RouteText[id=143ad0a2-4676-4563-a5ac-501f81f35d42] Adding new dynamic property: PropertyDescriptor[address]
[main] DEBUG org.apache.nifi.processors.standard.RouteText - RouteText[id=143ad0a2-4676-4563-a5ac-501f81f35d42] Adding new dynamic property: PropertyDescriptor[greeting]
[pool-2309-thread-1] INFO org.apache.nifi.processors.standard.RouteText - RouteText[id=143ad0a2-4676-4563-a5ac-501f81f35d42] Created FlowFile[2,json-sample.json,447B] from FlowFile[0,json-sample.json,12466B]; routing to relationship address
[pool-2309-thread-1] INFO org.apache.nifi.processors.standard.RouteText - RouteText[id=143ad0a2-4676-4563-a5ac-501f81f35d42] Created FlowFile[3,json-sample.json,463B] from FlowFile[0,json-sample.json,12466B]; routing to relationship greeting
[pool-2309-thread-1] INFO org.apache.nifi.processors.standard.RouteText - RouteText[id=143ad0a2-4676-4563-a5ac-501f81f35d42] Created FlowFile[1,json-sample.json,11556B] from FlowFile[0,json-sample.json,12466B]; routing to relationship unmatched
[pool-2309-thread-1] INFO org.apache.nifi.processors.standard.RouteText - RouteText[id=143ad0a2-4676-4563-a5ac-501f81f35d42] Routing FlowFile[0,json-sample.json,12466B] to original
]]></system-err>
  </testcase>
  <testcase name="testSimpleAllMatchRegularExpression" classname="org.apache.nifi.processors.standard.TestRouteText" time="0.001">
    <system-err><![CDATA[[main] DEBUG org.apache.nifi.processors.standard.RouteText - RouteText[id=5d793447-187a-4935-a44b-5e5d23e192cb] Adding new dynamic property: PropertyDescriptor[second]
[main] DEBUG org.apache.nifi.processors.standard.RouteText - RouteText[id=5d793447-187a-4935-a44b-5e5d23e192cb] Adding new dynamic property: PropertyDescriptor[simple]
[pool-2310-thread-1] INFO org.apache.nifi.processors.standard.RouteText - RouteText[id=5d793447-187a-4935-a44b-5e5d23e192cb] Created FlowFile[2,96217293503125.mockFlowFile,9B] from FlowFile[0,96217293503125.mockFlowFile,26B]; routing to relationship unmatched
[pool-2310-thread-1] INFO org.apache.nifi.processors.standard.RouteText - RouteText[id=5d793447-187a-4935-a44b-5e5d23e192cb] Created FlowFile[1,96217293503125.mockFlowFile,17B] from FlowFile[0,96217293503125.mockFlowFile,26B]; routing to relationship matched
[pool-2310-thread-1] INFO org.apache.nifi.processors.standard.RouteText - RouteText[id=5d793447-187a-4935-a44b-5e5d23e192cb] Routing FlowFile[0,96217293503125.mockFlowFile,26B] to original
]]></system-err>
  </testcase>
  <testcase name="testSimpleAnyEnds" classname="org.apache.nifi.processors.standard.TestRouteText" time="0.001">
    <system-err><![CDATA[[main] DEBUG org.apache.nifi.processors.standard.RouteText - RouteText[id=8eca8dc5-c41e-4b48-9556-f16f50679694] Adding new dynamic property: PropertyDescriptor[simple]
[main] DEBUG org.apache.nifi.processors.standard.RouteText - RouteText[id=8eca8dc5-c41e-4b48-9556-f16f50679694] Adding new dynamic property: PropertyDescriptor[no]
[pool-2311-thread-1] INFO org.apache.nifi.processors.standard.RouteText - RouteText[id=8eca8dc5-c41e-4b48-9556-f16f50679694] Created FlowFile[2,96217294530563.mockFlowFile,9B] from FlowFile[0,96217294530563.mockFlowFile,26B]; routing to relationship unmatched
[pool-2311-thread-1] INFO org.apache.nifi.processors.standard.RouteText - RouteText[id=8eca8dc5-c41e-4b48-9556-f16f50679694] Created FlowFile[1,96217294530563.mockFlowFile,17B] from FlowFile[0,96217294530563.mockFlowFile,26B]; routing to relationship matched
[pool-2311-thread-1] INFO org.apache.nifi.processors.standard.RouteText - RouteText[id=8eca8dc5-c41e-4b48-9556-f16f50679694] Routing FlowFile[0,96217294530563.mockFlowFile,26B] to original
]]></system-err>
  </testcase>
  <testcase name="testSimpleCaseInsensitiveStartsMatch" classname="org.apache.nifi.processors.standard.TestRouteText" time="0">
    <system-err><![CDATA[[main] DEBUG org.apache.nifi.processors.standard.RouteText - RouteText[id=263a34d3-7c0a-4ad7-917b-231508920daf] Adding new dynamic property: PropertyDescriptor[simple]
[pool-2312-thread-1] INFO org.apache.nifi.processors.standard.RouteText - RouteText[id=263a34d3-7c0a-4ad7-917b-231508920daf] Created FlowFile[1,96217295395568.mockFlowFile,33B] from FlowFile[0,96217295395568.mockFlowFile,33B]; routing to relationship simple
[pool-2312-thread-1] INFO org.apache.nifi.processors.standard.RouteText - RouteText[id=263a34d3-7c0a-4ad7-917b-231508920daf] Routing FlowFile[0,96217295395568.mockFlowFile,33B] to original
]]></system-err>
  </testcase>
  <testcase name="testMultipleGroupsSameRelationship" classname="org.apache.nifi.processors.standard.TestRouteText" time="0.001">
    <system-err><![CDATA[[main] DEBUG org.apache.nifi.processors.standard.RouteText - RouteText[id=2aa529fb-b6cf-4a06-b692-e35146745f26] Adding new dynamic property: PropertyDescriptor[o]
[pool-2313-thread-1] INFO org.apache.nifi.processors.standard.RouteText - RouteText[id=2aa529fb-b6cf-4a06-b692-e35146745f26] Created FlowFile[2,96217296204138.mockFlowFile,10B] from FlowFile[0,96217296204138.mockFlowFile,42B]; routing to relationship o
[pool-2313-thread-1] INFO org.apache.nifi.processors.standard.RouteText - RouteText[id=2aa529fb-b6cf-4a06-b692-e35146745f26] Created FlowFile[1,96217296204138.mockFlowFile,19B] from FlowFile[0,96217296204138.mockFlowFile,42B]; routing to relationship o
[pool-2313-thread-1] INFO org.apache.nifi.processors.standard.RouteText - RouteText[id=2aa529fb-b6cf-4a06-b692-e35146745f26] Created FlowFile[3,96217296204138.mockFlowFile,13B] from FlowFile[0,96217296204138.mockFlowFile,42B]; routing to relationship o
[pool-2313-thread-1] INFO org.apache.nifi.processors.standard.RouteText - RouteText[id=2aa529fb-b6cf-4a06-b692-e35146745f26] Routing FlowFile[0,96217296204138.mockFlowFile,42B] to original
]]></system-err>
  </testcase>
  <testcase name="testSimpleAnyEquals" classname="org.apache.nifi.processors.standard.TestRouteText" time="0.001">
    <system-err><![CDATA[[main] DEBUG org.apache.nifi.processors.standard.RouteText - RouteText[id=a7bfcb0e-8dab-4d0b-887a-01198a7d484a] Adding new dynamic property: PropertyDescriptor[simple]
[main] DEBUG org.apache.nifi.processors.standard.RouteText - RouteText[id=a7bfcb0e-8dab-4d0b-887a-01198a7d484a] Adding new dynamic property: PropertyDescriptor[no]
[pool-2314-thread-1] INFO org.apache.nifi.processors.standard.RouteText - RouteText[id=a7bfcb0e-8dab-4d0b-887a-01198a7d484a] Created FlowFile[2,96217297553458.mockFlowFile,9B] from FlowFile[0,96217297553458.mockFlowFile,26B]; routing to relationship unmatched
[pool-2314-thread-1] INFO org.apache.nifi.processors.standard.RouteText - RouteText[id=a7bfcb0e-8dab-4d0b-887a-01198a7d484a] Created FlowFile[1,96217297553458.mockFlowFile,17B] from FlowFile[0,96217297553458.mockFlowFile,26B]; routing to relationship matched
[pool-2314-thread-1] INFO org.apache.nifi.processors.standard.RouteText - RouteText[id=a7bfcb0e-8dab-4d0b-887a-01198a7d484a] Routing FlowFile[0,96217297553458.mockFlowFile,26B] to original
]]></system-err>
  </testcase>
  <testcase name="testSimpleAnyStarts" classname="org.apache.nifi.processors.standard.TestRouteText" time="0.001">
    <system-err><![CDATA[[main] DEBUG org.apache.nifi.processors.standard.RouteText - RouteText[id=63d48a72-9136-4bcf-aabf-907a1c3c486d] Adding new dynamic property: PropertyDescriptor[simple]
[main] DEBUG org.apache.nifi.processors.standard.RouteText - RouteText[id=63d48a72-9136-4bcf-aabf-907a1c3c486d] Adding new dynamic property: PropertyDescriptor[no]
[pool-2315-thread-1] INFO org.apache.nifi.processors.standard.RouteText - RouteText[id=63d48a72-9136-4bcf-aabf-907a1c3c486d] Created FlowFile[2,96217298485235.mockFlowFile,9B] from FlowFile[0,96217298485235.mockFlowFile,26B]; routing to relationship unmatched
[pool-2315-thread-1] INFO org.apache.nifi.processors.standard.RouteText - RouteText[id=63d48a72-9136-4bcf-aabf-907a1c3c486d] Created FlowFile[1,96217298485235.mockFlowFile,17B] from FlowFile[0,96217298485235.mockFlowFile,26B]; routing to relationship matched
[pool-2315-thread-1] INFO org.apache.nifi.processors.standard.RouteText - RouteText[id=63d48a72-9136-4bcf-aabf-907a1c3c486d] Routing FlowFile[0,96217298485235.mockFlowFile,26B] to original
]]></system-err>
  </testcase>
  <testcase name="testGroupDifferentRelationships" classname="org.apache.nifi.processors.standard.TestRouteText" time="0.002">
    <system-err><![CDATA[[main] DEBUG org.apache.nifi.processors.standard.RouteText - RouteText[id=a970b655-f2e4-4dcf-be6a-d6cf1b73276b] Adding new dynamic property: PropertyDescriptor[l]
[pool-2316-thread-1] INFO org.apache.nifi.processors.standard.RouteText - RouteText[id=a970b655-f2e4-4dcf-be6a-d6cf1b73276b] Created FlowFile[2,96217299786249.mockFlowFile,8B] from FlowFile[0,96217299786249.mockFlowFile,33B]; routing to relationship l
[pool-2316-thread-1] INFO org.apache.nifi.processors.standard.RouteText - RouteText[id=a970b655-f2e4-4dcf-be6a-d6cf1b73276b] Created FlowFile[1,96217299786249.mockFlowFile,8B] from FlowFile[0,96217299786249.mockFlowFile,33B]; routing to relationship l
[pool-2316-thread-1] INFO org.apache.nifi.processors.standard.RouteText - RouteText[id=a970b655-f2e4-4dcf-be6a-d6cf1b73276b] Created FlowFile[4,96217299786249.mockFlowFile,6B] from FlowFile[0,96217299786249.mockFlowFile,33B]; routing to relationship unmatched
[pool-2316-thread-1] INFO org.apache.nifi.processors.standard.RouteText - RouteText[id=a970b655-f2e4-4dcf-be6a-d6cf1b73276b] Created FlowFile[3,96217299786249.mockFlowFile,11B] from FlowFile[0,96217299786249.mockFlowFile,33B]; routing to relationship unmatched
[pool-2316-thread-1] INFO org.apache.nifi.processors.standard.RouteText - RouteText[id=a970b655-f2e4-4dcf-be6a-d6cf1b73276b] Routing FlowFile[0,96217299786249.mockFlowFile,33B] to original
]]></system-err>
  </testcase>
  <testcase name="testGroupSameRelationship" classname="org.apache.nifi.processors.standard.TestRouteText" time="0.001">
    <system-err><![CDATA[[main] DEBUG org.apache.nifi.processors.standard.RouteText - RouteText[id=f2e3b768-a4a8-4a5c-a9e4-63e851b927f4] Adding new dynamic property: PropertyDescriptor[o]
[pool-2317-thread-1] INFO org.apache.nifi.processors.standard.RouteText - RouteText[id=f2e3b768-a4a8-4a5c-a9e4-63e851b927f4] Created FlowFile[2,96217301438396.mockFlowFile,8B] from FlowFile[0,96217301438396.mockFlowFile,26B]; routing to relationship o
[pool-2317-thread-1] INFO org.apache.nifi.processors.standard.RouteText - RouteText[id=f2e3b768-a4a8-4a5c-a9e4-63e851b927f4] Created FlowFile[1,96217301438396.mockFlowFile,18B] from FlowFile[0,96217301438396.mockFlowFile,26B]; routing to relationship o
[pool-2317-thread-1] INFO org.apache.nifi.processors.standard.RouteText - RouteText[id=f2e3b768-a4a8-4a5c-a9e4-63e851b927f4] Routing FlowFile[0,96217301438396.mockFlowFile,26B] to original
]]></system-err>
  </testcase>
  <testcase name="testSimpleDefaultEquals" classname="org.apache.nifi.processors.standard.TestRouteText" time="0.001">
    <system-err><![CDATA[[main] DEBUG org.apache.nifi.processors.standard.RouteText - RouteText[id=d84fd4d3-96f1-4e3b-8564-24bb76816e1b] Adding new dynamic property: PropertyDescriptor[simple]
[pool-2318-thread-1] INFO org.apache.nifi.processors.standard.RouteText - RouteText[id=d84fd4d3-96f1-4e3b-8564-24bb76816e1b] Created FlowFile[1,96217302383022.mockFlowFile,17B] from FlowFile[0,96217302383022.mockFlowFile,26B]; routing to relationship simple
[pool-2318-thread-1] INFO org.apache.nifi.processors.standard.RouteText - RouteText[id=d84fd4d3-96f1-4e3b-8564-24bb76816e1b] Created FlowFile[2,96217302383022.mockFlowFile,9B] from FlowFile[0,96217302383022.mockFlowFile,26B]; routing to relationship unmatched
[pool-2318-thread-1] INFO org.apache.nifi.processors.standard.RouteText - RouteText[id=d84fd4d3-96f1-4e3b-8564-24bb76816e1b] Routing FlowFile[0,96217302383022.mockFlowFile,26B] to original
]]></system-err>
  </testcase>
  <testcase name="testSimpleDefaultEnd" classname="org.apache.nifi.processors.standard.TestRouteText" time="0">
    <system-err><![CDATA[[main] DEBUG org.apache.nifi.processors.standard.RouteText - RouteText[id=d1cd8c34-3bbc-4483-967e-0e1f8a53793c] Adding new dynamic property: PropertyDescriptor[simple]
[pool-2319-thread-1] INFO org.apache.nifi.processors.standard.RouteText - RouteText[id=d1cd8c34-3bbc-4483-967e-0e1f8a53793c] Created FlowFile[1,96217303258007.mockFlowFile,17B] from FlowFile[0,96217303258007.mockFlowFile,26B]; routing to relationship simple
[pool-2319-thread-1] INFO org.apache.nifi.processors.standard.RouteText - RouteText[id=d1cd8c34-3bbc-4483-967e-0e1f8a53793c] Created FlowFile[2,96217303258007.mockFlowFile,9B] from FlowFile[0,96217303258007.mockFlowFile,26B]; routing to relationship unmatched
[pool-2319-thread-1] INFO org.apache.nifi.processors.standard.RouteText - RouteText[id=d1cd8c34-3bbc-4483-967e-0e1f8a53793c] Routing FlowFile[0,96217303258007.mockFlowFile,26B] to original
]]></system-err>
  </testcase>
  <testcase name="testSimpleDefaultStarts" classname="org.apache.nifi.processors.standard.TestRouteText" time="0">
    <system-err><![CDATA[[main] DEBUG org.apache.nifi.processors.standard.RouteText - RouteText[id=01383c29-9c6f-4b15-9867-ecf3d180a81c] Adding new dynamic property: PropertyDescriptor[simple]
[pool-2320-thread-1] INFO org.apache.nifi.processors.standard.RouteText - RouteText[id=01383c29-9c6f-4b15-9867-ecf3d180a81c] Created FlowFile[1,96217304164714.mockFlowFile,17B] from FlowFile[0,96217304164714.mockFlowFile,26B]; routing to relationship simple
[pool-2320-thread-1] INFO org.apache.nifi.processors.standard.RouteText - RouteText[id=01383c29-9c6f-4b15-9867-ecf3d180a81c] Created FlowFile[2,96217304164714.mockFlowFile,9B] from FlowFile[0,96217304164714.mockFlowFile,26B]; routing to relationship unmatched
[pool-2320-thread-1] INFO org.apache.nifi.processors.standard.RouteText - RouteText[id=01383c29-9c6f-4b15-9867-ecf3d180a81c] Routing FlowFile[0,96217304164714.mockFlowFile,26B] to original
]]></system-err>
  </testcase>
  <testcase name="testSimpleAnyContainRegularExpression" classname="org.apache.nifi.processors.standard.TestRouteText" time="0.001">
    <system-err><![CDATA[[main] DEBUG org.apache.nifi.processors.standard.RouteText - RouteText[id=9d1c8c6c-cbee-4545-a924-3f44b9c086a8] Adding new dynamic property: PropertyDescriptor[simple]
[main] DEBUG org.apache.nifi.processors.standard.RouteText - RouteText[id=9d1c8c6c-cbee-4545-a924-3f44b9c086a8] Adding new dynamic property: PropertyDescriptor[no]
[pool-2321-thread-1] INFO org.apache.nifi.processors.standard.RouteText - RouteText[id=9d1c8c6c-cbee-4545-a924-3f44b9c086a8] Created FlowFile[2,96217305074521.mockFlowFile,9B] from FlowFile[0,96217305074521.mockFlowFile,26B]; routing to relationship unmatched
[pool-2321-thread-1] INFO org.apache.nifi.processors.standard.RouteText - RouteText[id=9d1c8c6c-cbee-4545-a924-3f44b9c086a8] Created FlowFile[1,96217305074521.mockFlowFile,17B] from FlowFile[0,96217305074521.mockFlowFile,26B]; routing to relationship matched
[pool-2321-thread-1] INFO org.apache.nifi.processors.standard.RouteText - RouteText[id=9d1c8c6c-cbee-4545-a924-3f44b9c086a8] Routing FlowFile[0,96217305074521.mockFlowFile,26B] to original
]]></system-err>
  </testcase>
  <testcase name="testSimpleCaseSensitiveStartsMatch" classname="org.apache.nifi.processors.standard.TestRouteText" time="0">
    <system-err><![CDATA[[main] DEBUG org.apache.nifi.processors.standard.RouteText - RouteText[id=fc404794-a6c5-4dfa-b8f8-23c7291f6295] Adding new dynamic property: PropertyDescriptor[simple]
[pool-2322-thread-1] INFO org.apache.nifi.processors.standard.RouteText - RouteText[id=fc404794-a6c5-4dfa-b8f8-23c7291f6295] Created FlowFile[2,96217306132742.mockFlowFile,16B] from FlowFile[0,96217306132742.mockFlowFile,33B]; routing to relationship simple
[pool-2322-thread-1] INFO org.apache.nifi.processors.standard.RouteText - RouteText[id=fc404794-a6c5-4dfa-b8f8-23c7291f6295] Created FlowFile[1,96217306132742.mockFlowFile,17B] from FlowFile[0,96217306132742.mockFlowFile,33B]; routing to relationship unmatched
[pool-2322-thread-1] INFO org.apache.nifi.processors.standard.RouteText - RouteText[id=fc404794-a6c5-4dfa-b8f8-23c7291f6295] Routing FlowFile[0,96217306132742.mockFlowFile,33B] to original
]]></system-err>
  </testcase>
  <testcase name="testPatternCache" classname="org.apache.nifi.processors.standard.TestRouteText" time="1.129">
    <system-err><![CDATA[[main] DEBUG org.apache.nifi.processors.standard.RouteText - RouteText[id=fc47b1db-e7ae-450c-887b-29adc31df765] Adding new dynamic property: PropertyDescriptor[simple]
[pool-2323-thread-1] INFO org.apache.nifi.processors.standard.RouteText - RouteText[id=fc47b1db-e7ae-450c-887b-29adc31df765] Created FlowFile[2,96217306811099.mockFlowFile,9B] from FlowFile[0,96217306811099.mockFlowFile,9B]; routing to relationship unmatched
[pool-2323-thread-1] INFO org.apache.nifi.processors.standard.RouteText - RouteText[id=fc47b1db-e7ae-450c-887b-29adc31df765] Routing FlowFile[0,96217306811099.mockFlowFile,9B] to original
[pool-2323-thread-1] INFO org.apache.nifi.processors.standard.RouteText - RouteText[id=fc47b1db-e7ae-450c-887b-29adc31df765] Created FlowFile[3,96217306849572.mockFlowFile,15B] from FlowFile[1,96217306849572.mockFlowFile,15B]; routing to relationship unmatched
[pool-2323-thread-1] INFO org.apache.nifi.processors.standard.RouteText - RouteText[id=fc47b1db-e7ae-450c-887b-29adc31df765] Routing FlowFile[1,96217306849572.mockFlowFile,15B] to original
[main] DEBUG org.apache.nifi.processors.standard.RouteText - RouteText[id=fc47b1db-e7ae-450c-887b-29adc31df765] Adding new dynamic property: PropertyDescriptor[simple]
[pool-2324-thread-1] INFO org.apache.nifi.processors.standard.RouteText - RouteText[id=fc47b1db-e7ae-450c-887b-29adc31df765] Created FlowFile[5,96217308146986.mockFlowFile,21B] from FlowFile[4,96217308146986.mockFlowFile,21B]; routing to relationship simple
[pool-2324-thread-1] INFO org.apache.nifi.processors.standard.RouteText - RouteText[id=fc47b1db-e7ae-450c-887b-29adc31df765] Routing FlowFile[4,96217308146986.mockFlowFile,21B] to original
[main] DEBUG org.apache.nifi.processors.standard.RouteText - RouteText[id=fc47b1db-e7ae-450c-887b-29adc31df765] Adding new dynamic property: PropertyDescriptor[simple]
[pool-2325-thread-1] INFO org.apache.nifi.processors.standard.RouteText - RouteText[id=fc47b1db-e7ae-450c-887b-29adc31df765] Created FlowFile[7,96217308780313.mockFlowFile,21B] from FlowFile[6,96217308780313.mockFlowFile,21B]; routing to relationship simple
[pool-2325-thread-1] INFO org.apache.nifi.processors.standard.RouteText - RouteText[id=fc47b1db-e7ae-450c-887b-29adc31df765] Routing FlowFile[6,96217308780313.mockFlowFile,21B] to original
[main] DEBUG org.apache.nifi.processors.standard.RouteText - RouteText[id=fc47b1db-e7ae-450c-887b-29adc31df765] Adding new dynamic property: PropertyDescriptor[simple]
[pool-2326-thread-1] INFO org.apache.nifi.processors.standard.RouteText - RouteText[id=fc47b1db-e7ae-450c-887b-29adc31df765] Created FlowFile[9,96217309396316.mockFlowFile,21B] from FlowFile[8,96217309396316.mockFlowFile,21B]; routing to relationship simple
[pool-2326-thread-1] INFO org.apache.nifi.processors.standard.RouteText - RouteText[id=fc47b1db-e7ae-450c-887b-29adc31df765] Routing FlowFile[8,96217309396316.mockFlowFile,21B] to original
[main] DEBUG org.apache.nifi.processors.standard.RouteText - RouteText[id=fc47b1db-e7ae-450c-887b-29adc31df765] Adding new dynamic property: PropertyDescriptor[simple]
[pool-2327-thread-1] INFO org.apache.nifi.processors.standard.RouteText - RouteText[id=fc47b1db-e7ae-450c-887b-29adc31df765] Created FlowFile[11,96217310004932.mockFlowFile,21B] from FlowFile[10,96217310004932.mockFlowFile,21B]; routing to relationship simple
[pool-2327-thread-1] INFO org.apache.nifi.processors.standard.RouteText - RouteText[id=fc47b1db-e7ae-450c-887b-29adc31df765] Routing FlowFile[10,96217310004932.mockFlowFile,21B] to original
[main] DEBUG org.apache.nifi.processors.standard.RouteText - RouteText[id=fc47b1db-e7ae-450c-887b-29adc31df765] Adding new dynamic property: PropertyDescriptor[simple]
[pool-2328-thread-1] INFO org.apache.nifi.processors.standard.RouteText - RouteText[id=fc47b1db-e7ae-450c-887b-29adc31df765] Created FlowFile[13,96217310692949.mockFlowFile,21B] from FlowFile[12,96217310692949.mockFlowFile,21B]; routing to relationship simple
[pool-2328-thread-1] INFO org.apache.nifi.processors.standard.RouteText - RouteText[id=fc47b1db-e7ae-450c-887b-29adc31df765] Routing FlowFile[12,96217310692949.mockFlowFile,21B] to original
[main] DEBUG org.apache.nifi.processors.standard.RouteText - RouteText[id=fc47b1db-e7ae-450c-887b-29adc31df765] Adding new dynamic property: PropertyDescriptor[simple]
[pool-2329-thread-1] INFO org.apache.nifi.processors.standard.RouteText - RouteText[id=fc47b1db-e7ae-450c-887b-29adc31df765] Created FlowFile[15,96217311352627.mockFlowFile,21B] from FlowFile[14,96217311352627.mockFlowFile,21B]; routing to relationship simple
[pool-2329-thread-1] INFO org.apache.nifi.processors.standard.RouteText - RouteText[id=fc47b1db-e7ae-450c-887b-29adc31df765] Routing FlowFile[14,96217311352627.mockFlowFile,21B] to original
[main] DEBUG org.apache.nifi.processors.standard.RouteText - RouteText[id=fc47b1db-e7ae-450c-887b-29adc31df765] Adding new dynamic property: PropertyDescriptor[simple]
[pool-2330-thread-1] INFO org.apache.nifi.processors.standard.RouteText - RouteText[id=fc47b1db-e7ae-450c-887b-29adc31df765] Created FlowFile[17,96217312064840.mockFlowFile,21B] from FlowFile[16,96217312064840.mockFlowFile,21B]; routing to relationship simple
[pool-2330-thread-1] INFO org.apache.nifi.processors.standard.RouteText - RouteText[id=fc47b1db-e7ae-450c-887b-29adc31df765] Routing FlowFile[16,96217312064840.mockFlowFile,21B] to original
[main] DEBUG org.apache.nifi.processors.standard.RouteText - RouteText[id=fc47b1db-e7ae-450c-887b-29adc31df765] Adding new dynamic property: PropertyDescriptor[simple]
[pool-2331-thread-1] INFO org.apache.nifi.processors.standard.RouteText - RouteText[id=fc47b1db-e7ae-450c-887b-29adc31df765] Created FlowFile[19,96217312554115.mockFlowFile,21B] from FlowFile[18,96217312554115.mockFlowFile,21B]; routing to relationship simple
[pool-2331-thread-1] INFO org.apache.nifi.processors.standard.RouteText - RouteText[id=fc47b1db-e7ae-450c-887b-29adc31df765] Routing FlowFile[18,96217312554115.mockFlowFile,21B] to original
[main] DEBUG org.apache.nifi.processors.standard.RouteText - RouteText[id=fc47b1db-e7ae-450c-887b-29adc31df765] Adding new dynamic property: PropertyDescriptor[simple]
[pool-2332-thread-1] INFO org.apache.nifi.processors.standard.RouteText - RouteText[id=fc47b1db-e7ae-450c-887b-29adc31df765] Created FlowFile[21,96217313032642.mockFlowFile,21B] from FlowFile[20,96217313032642.mockFlowFile,21B]; routing to relationship simple
[pool-2332-thread-1] INFO org.apache.nifi.processors.standard.RouteText - RouteText[id=fc47b1db-e7ae-450c-887b-29adc31df765] Routing FlowFile[20,96217313032642.mockFlowFile,21B] to original
[main] DEBUG org.apache.nifi.processors.standard.RouteText - RouteText[id=fc47b1db-e7ae-450c-887b-29adc31df765] Adding new dynamic property: PropertyDescriptor[simple]
[pool-2333-thread-1] INFO org.apache.nifi.processors.standard.RouteText - RouteText[id=fc47b1db-e7ae-450c-887b-29adc31df765] Created FlowFile[23,96217313641203.mockFlowFile,21B] from FlowFile[22,96217313641203.mockFlowFile,21B]; routing to relationship simple
[pool-2333-thread-1] INFO org.apache.nifi.processors.standard.RouteText - RouteText[id=fc47b1db-e7ae-450c-887b-29adc31df765] Routing FlowFile[22,96217313641203.mockFlowFile,21B] to original
[main] DEBUG org.apache.nifi.processors.standard.RouteText - RouteText[id=fc47b1db-e7ae-450c-887b-29adc31df765] Adding new dynamic property: PropertyDescriptor[simple]
[pool-2334-thread-1] INFO org.apache.nifi.processors.standard.RouteText - RouteText[id=fc47b1db-e7ae-450c-887b-29adc31df765] Created FlowFile[25,96217314297311.mockFlowFile,22B] from FlowFile[24,96217314297311.mockFlowFile,22B]; routing to relationship simple
[pool-2334-thread-1] INFO org.apache.nifi.processors.standard.RouteText - RouteText[id=fc47b1db-e7ae-450c-887b-29adc31df765] Routing FlowFile[24,96217314297311.mockFlowFile,22B] to original
[main] DEBUG org.apache.nifi.processors.standard.RouteText - RouteText[id=fc47b1db-e7ae-450c-887b-29adc31df765] Adding new dynamic property: PropertyDescriptor[simple]
[pool-2335-thread-1] INFO org.apache.nifi.processors.standard.RouteText - RouteText[id=fc47b1db-e7ae-450c-887b-29adc31df765] Created FlowFile[27,96217314995386.mockFlowFile,22B] from FlowFile[26,96217314995386.mockFlowFile,22B]; routing to relationship simple
[pool-2335-thread-1] INFO org.apache.nifi.processors.standard.RouteText - RouteText[id=fc47b1db-e7ae-450c-887b-29adc31df765] Routing FlowFile[26,96217314995386.mockFlowFile,22B] to original
[main] DEBUG org.apache.nifi.processors.standard.RouteText - RouteText[id=fc47b1db-e7ae-450c-887b-29adc31df765] Adding new dynamic property: PropertyDescriptor[simple]
[pool-2336-thread-1] INFO org.apache.nifi.processors.standard.RouteText - RouteText[id=fc47b1db-e7ae-450c-887b-29adc31df765] Created FlowFile[29,96217315563293.mockFlowFile,22B] from FlowFile[28,96217315563293.mockFlowFile,22B]; routing to relationship simple
[pool-2336-thread-1] INFO org.apache.nifi.processors.standard.RouteText - RouteText[id=fc47b1db-e7ae-450c-887b-29adc31df765] Routing FlowFile[28,96217315563293.mockFlowFile,22B] to original
[main] DEBUG org.apache.nifi.processors.standard.RouteText - RouteText[id=fc47b1db-e7ae-450c-887b-29adc31df765] Adding new dynamic property: PropertyDescriptor[simple]
[pool-2337-thread-1] INFO org.apache.nifi.processors.standard.RouteText - RouteText[id=fc47b1db-e7ae-450c-887b-29adc31df765] Created FlowFile[31,96217316231400.mockFlowFile,22B] from FlowFile[30,96217316231400.mockFlowFile,22B]; routing to relationship simple
[pool-2337-thread-1] INFO org.apache.nifi.processors.standard.RouteText - RouteText[id=fc47b1db-e7ae-450c-887b-29adc31df765] Routing FlowFile[30,96217316231400.mockFlowFile,22B] to original
[main] DEBUG org.apache.nifi.processors.standard.RouteText - RouteText[id=fc47b1db-e7ae-450c-887b-29adc31df765] Adding new dynamic property: PropertyDescriptor[simple]
[pool-2338-thread-1] INFO org.apache.nifi.processors.standard.RouteText - RouteText[id=fc47b1db-e7ae-450c-887b-29adc31df765] Created FlowFile[33,96217317108327.mockFlowFile,22B] from FlowFile[32,96217317108327.mockFlowFile,22B]; routing to relationship simple
[pool-2338-thread-1] INFO org.apache.nifi.processors.standard.RouteText - RouteText[id=fc47b1db-e7ae-450c-887b-29adc31df765] Routing FlowFile[32,96217317108327.mockFlowFile,22B] to original
[main] DEBUG org.apache.nifi.processors.standard.RouteText - RouteText[id=fc47b1db-e7ae-450c-887b-29adc31df765] Adding new dynamic property: PropertyDescriptor[simple]
[pool-2339-thread-1] INFO org.apache.nifi.processors.standard.RouteText - RouteText[id=fc47b1db-e7ae-450c-887b-29adc31df765] Created FlowFile[35,96217317830396.mockFlowFile,22B] from FlowFile[34,96217317830396.mockFlowFile,22B]; routing to relationship simple
[pool-2339-thread-1] INFO org.apache.nifi.processors.standard.RouteText - RouteText[id=fc47b1db-e7ae-450c-887b-29adc31df765] Routing FlowFile[34,96217317830396.mockFlowFile,22B] to original
[main] DEBUG org.apache.nifi.processors.standard.RouteText - RouteText[id=fc47b1db-e7ae-450c-887b-29adc31df765] Adding new dynamic property: PropertyDescriptor[simple]
[pool-2340-thread-1] INFO org.apache.nifi.processors.standard.RouteText - RouteText[id=fc47b1db-e7ae-450c-887b-29adc31df765] Created FlowFile[37,96217318600993.mockFlowFile,22B] from FlowFile[36,96217318600993.mockFlowFile,22B]; routing to relationship simple
[pool-2340-thread-1] INFO org.apache.nifi.processors.standard.RouteText - RouteText[id=fc47b1db-e7ae-450c-887b-29adc31df765] Routing FlowFile[36,96217318600993.mockFlowFile,22B] to original
[main] DEBUG org.apache.nifi.processors.standard.RouteText - RouteText[id=fc47b1db-e7ae-450c-887b-29adc31df765] Adding new dynamic property: PropertyDescriptor[simple]
[pool-2341-thread-1] INFO org.apache.nifi.processors.standard.RouteText - RouteText[id=fc47b1db-e7ae-450c-887b-29adc31df765] Created FlowFile[39,96217319247583.mockFlowFile,22B] from FlowFile[38,96217319247583.mockFlowFile,22B]; routing to relationship simple
[pool-2341-thread-1] INFO org.apache.nifi.processors.standard.RouteText - RouteText[id=fc47b1db-e7ae-450c-887b-29adc31df765] Routing FlowFile[38,96217319247583.mockFlowFile,22B] to original
[main] DEBUG org.apache.nifi.processors.standard.RouteText - RouteText[id=fc47b1db-e7ae-450c-887b-29adc31df765] Adding new dynamic property: PropertyDescriptor[simple]
[pool-2342-thread-1] INFO org.apache.nifi.processors.standard.RouteText - RouteText[id=fc47b1db-e7ae-450c-887b-29adc31df765] Created FlowFile[41,96217319842584.mockFlowFile,22B] from FlowFile[40,96217319842584.mockFlowFile,22B]; routing to relationship simple
[pool-2342-thread-1] INFO org.apache.nifi.processors.standard.RouteText - RouteText[id=fc47b1db-e7ae-450c-887b-29adc31df765] Routing FlowFile[40,96217319842584.mockFlowFile,22B] to original
[main] DEBUG org.apache.nifi.processors.standard.RouteText - RouteText[id=fc47b1db-e7ae-450c-887b-29adc31df765] Adding new dynamic property: PropertyDescriptor[simple]
[pool-2343-thread-1] INFO org.apache.nifi.processors.standard.RouteText - RouteText[id=fc47b1db-e7ae-450c-887b-29adc31df765] Created FlowFile[43,96217320403960.mockFlowFile,22B] from FlowFile[42,96217320403960.mockFlowFile,22B]; routing to relationship simple
[pool-2343-thread-1] INFO org.apache.nifi.processors.standard.RouteText - RouteText[id=fc47b1db-e7ae-450c-887b-29adc31df765] Routing FlowFile[42,96217320403960.mockFlowFile,22B] to original
[main] DEBUG org.apache.nifi.processors.standard.RouteText - RouteText[id=fc47b1db-e7ae-450c-887b-29adc31df765] Adding new dynamic property: PropertyDescriptor[simple]
[pool-2344-thread-1] INFO org.apache.nifi.processors.standard.RouteText - RouteText[id=fc47b1db-e7ae-450c-887b-29adc31df765] Created FlowFile[45,96217320966384.mockFlowFile,22B] from FlowFile[44,96217320966384.mockFlowFile,22B]; routing to relationship simple
[pool-2344-thread-1] INFO org.apache.nifi.processors.standard.RouteText - RouteText[id=fc47b1db-e7ae-450c-887b-29adc31df765] Routing FlowFile[44,96217320966384.mockFlowFile,22B] to original
[main] DEBUG org.apache.nifi.processors.standard.RouteText - RouteText[id=fc47b1db-e7ae-450c-887b-29adc31df765] Adding new dynamic property: PropertyDescriptor[simple]
[pool-2345-thread-1] INFO org.apache.nifi.processors.standard.RouteText - RouteText[id=fc47b1db-e7ae-450c-887b-29adc31df765] Created FlowFile[47,96217321491605.mockFlowFile,22B] from FlowFile[46,96217321491605.mockFlowFile,22B]; routing to relationship simple
[pool-2345-thread-1] INFO org.apache.nifi.processors.standard.RouteText - RouteText[id=fc47b1db-e7ae-450c-887b-29adc31df765] Routing FlowFile[46,96217321491605.mockFlowFile,22B] to original
[main] DEBUG org.apache.nifi.processors.standard.RouteText - RouteText[id=fc47b1db-e7ae-450c-887b-29adc31df765] Adding new dynamic property: PropertyDescriptor[simple]
[pool-2346-thread-1] INFO org.apache.nifi.processors.standard.RouteText - RouteText[id=fc47b1db-e7ae-450c-887b-29adc31df765] Created FlowFile[49,96217322083154.mockFlowFile,22B] from FlowFile[48,96217322083154.mockFlowFile,22B]; routing to relationship simple
[pool-2346-thread-1] INFO org.apache.nifi.processors.standard.RouteText - RouteText[id=fc47b1db-e7ae-450c-887b-29adc31df765] Routing FlowFile[48,96217322083154.mockFlowFile,22B] to original
[main] DEBUG org.apache.nifi.processors.standard.RouteText - RouteText[id=fc47b1db-e7ae-450c-887b-29adc31df765] Adding new dynamic property: PropertyDescriptor[simple]
[pool-2347-thread-1] INFO org.apache.nifi.processors.standard.RouteText - RouteText[id=fc47b1db-e7ae-450c-887b-29adc31df765] Created FlowFile[51,96217322550699.mockFlowFile,22B] from FlowFile[50,96217322550699.mockFlowFile,22B]; routing to relationship simple
[pool-2347-thread-1] INFO org.apache.nifi.processors.standard.RouteText - RouteText[id=fc47b1db-e7ae-450c-887b-29adc31df765] Routing FlowFile[50,96217322550699.mockFlowFile,22B] to original
[main] DEBUG org.apache.nifi.processors.standard.RouteText - RouteText[id=fc47b1db-e7ae-450c-887b-29adc31df765] Adding new dynamic property: PropertyDescriptor[simple]
[pool-2348-thread-1] INFO org.apache.nifi.processors.standard.RouteText - RouteText[id=fc47b1db-e7ae-450c-887b-29adc31df765] Created FlowFile[53,96217322996231.mockFlowFile,22B] from FlowFile[52,96217322996231.mockFlowFile,22B]; routing to relationship simple
[pool-2348-thread-1] INFO org.apache.nifi.processors.standard.RouteText - RouteText[id=fc47b1db-e7ae-450c-887b-29adc31df765] Routing FlowFile[52,96217322996231.mockFlowFile,22B] to original
[main] DEBUG org.apache.nifi.processors.standard.RouteText - RouteText[id=fc47b1db-e7ae-450c-887b-29adc31df765] Adding new dynamic property: PropertyDescriptor[simple]
[pool-2349-thread-1] INFO org.apache.nifi.processors.standard.RouteText - RouteText[id=fc47b1db-e7ae-450c-887b-29adc31df765] Created FlowFile[55,96217323594835.mockFlowFile,22B] from FlowFile[54,96217323594835.mockFlowFile,22B]; routing to relationship simple
[pool-2349-thread-1] INFO org.apache.nifi.processors.standard.RouteText - RouteText[id=fc47b1db-e7ae-450c-887b-29adc31df765] Routing FlowFile[54,96217323594835.mockFlowFile,22B] to original
[main] DEBUG org.apache.nifi.processors.standard.RouteText - RouteText[id=fc47b1db-e7ae-450c-887b-29adc31df765] Adding new dynamic property: PropertyDescriptor[simple]
[pool-2350-thread-1] INFO org.apache.nifi.processors.standard.RouteText - RouteText[id=fc47b1db-e7ae-450c-887b-29adc31df765] Created FlowFile[57,96217324184706.mockFlowFile,22B] from FlowFile[56,96217324184706.mockFlowFile,22B]; routing to relationship simple
[pool-2350-thread-1] INFO org.apache.nifi.processors.standard.RouteText - RouteText[id=fc47b1db-e7ae-450c-887b-29adc31df765] Routing FlowFile[56,96217324184706.mockFlowFile,22B] to original
[main] DEBUG org.apache.nifi.processors.standard.RouteText - RouteText[id=fc47b1db-e7ae-450c-887b-29adc31df765] Adding new dynamic property: PropertyDescriptor[simple]
[pool-2351-thread-1] INFO org.apache.nifi.processors.standard.RouteText - RouteText[id=fc47b1db-e7ae-450c-887b-29adc31df765] Created FlowFile[59,96217324732623.mockFlowFile,22B] from FlowFile[58,96217324732623.mockFlowFile,22B]; routing to relationship simple
[pool-2351-thread-1] INFO org.apache.nifi.processors.standard.RouteText - RouteText[id=fc47b1db-e7ae-450c-887b-29adc31df765] Routing FlowFile[58,96217324732623.mockFlowFile,22B] to original
[main] DEBUG org.apache.nifi.processors.standard.RouteText - RouteText[id=fc47b1db-e7ae-450c-887b-29adc31df765] Adding new dynamic property: PropertyDescriptor[simple]
[pool-2352-thread-1] INFO org.apache.nifi.processors.standard.RouteText - RouteText[id=fc47b1db-e7ae-450c-887b-29adc31df765] Created FlowFile[61,96217325243262.mockFlowFile,22B] from FlowFile[60,96217325243262.mockFlowFile,22B]; routing to relationship simple
[pool-2352-thread-1] INFO org.apache.nifi.processors.standard.RouteText - RouteText[id=fc47b1db-e7ae-450c-887b-29adc31df765] Routing FlowFile[60,96217325243262.mockFlowFile,22B] to original
[main] DEBUG org.apache.nifi.processors.standard.RouteText - RouteText[id=fc47b1db-e7ae-450c-887b-29adc31df765] Adding new dynamic property: PropertyDescriptor[simple]
[pool-2353-thread-1] INFO org.apache.nifi.processors.standard.RouteText - RouteText[id=fc47b1db-e7ae-450c-887b-29adc31df765] Created FlowFile[63,96217325786251.mockFlowFile,22B] from FlowFile[62,96217325786251.mockFlowFile,22B]; routing to relationship simple
[pool-2353-thread-1] INFO org.apache.nifi.processors.standard.RouteText - RouteText[id=fc47b1db-e7ae-450c-887b-29adc31df765] Routing FlowFile[62,96217325786251.mockFlowFile,22B] to original
[main] DEBUG org.apache.nifi.processors.standard.RouteText - RouteText[id=fc47b1db-e7ae-450c-887b-29adc31df765] Adding new dynamic property: PropertyDescriptor[simple]
[pool-2354-thread-1] INFO org.apache.nifi.processors.standard.RouteText - RouteText[id=fc47b1db-e7ae-450c-887b-29adc31df765] Created FlowFile[65,96217326328739.mockFlowFile,22B] from FlowFile[64,96217326328739.mockFlowFile,22B]; routing to relationship simple
[pool-2354-thread-1] INFO org.apache.nifi.processors.standard.RouteText - RouteText[id=fc47b1db-e7ae-450c-887b-29adc31df765] Routing FlowFile[64,96217326328739.mockFlowFile,22B] to original
[main] DEBUG org.apache.nifi.processors.standard.RouteText - RouteText[id=fc47b1db-e7ae-450c-887b-29adc31df765] Adding new dynamic property: PropertyDescriptor[simple]
[pool-2355-thread-1] INFO org.apache.nifi.processors.standard.RouteText - RouteText[id=fc47b1db-e7ae-450c-887b-29adc31df765] Created FlowFile[67,96217326823036.mockFlowFile,22B] from FlowFile[66,96217326823036.mockFlowFile,22B]; routing to relationship simple
[pool-2355-thread-1] INFO org.apache.nifi.processors.standard.RouteText - RouteText[id=fc47b1db-e7ae-450c-887b-29adc31df765] Routing FlowFile[66,96217326823036.mockFlowFile,22B] to original
[main] DEBUG org.apache.nifi.processors.standard.RouteText - RouteText[id=fc47b1db-e7ae-450c-887b-29adc31df765] Adding new dynamic property: PropertyDescriptor[simple]
[pool-2356-thread-1] INFO org.apache.nifi.processors.standard.RouteText - RouteText[id=fc47b1db-e7ae-450c-887b-29adc31df765] Created FlowFile[69,96217327345804.mockFlowFile,22B] from FlowFile[68,96217327345804.mockFlowFile,22B]; routing to relationship simple
[pool-2356-thread-1] INFO org.apache.nifi.processors.standard.RouteText - RouteText[id=fc47b1db-e7ae-450c-887b-29adc31df765] Routing FlowFile[68,96217327345804.mockFlowFile,22B] to original
[main] DEBUG org.apache.nifi.processors.standard.RouteText - RouteText[id=fc47b1db-e7ae-450c-887b-29adc31df765] Adding new dynamic property: PropertyDescriptor[simple]
[pool-2357-thread-1] INFO org.apache.nifi.processors.standard.RouteText - RouteText[id=fc47b1db-e7ae-450c-887b-29adc31df765] Created FlowFile[71,96217327809422.mockFlowFile,22B] from FlowFile[70,96217327809422.mockFlowFile,22B]; routing to relationship simple
[pool-2357-thread-1] INFO org.apache.nifi.processors.standard.RouteText - RouteText[id=fc47b1db-e7ae-450c-887b-29adc31df765] Routing FlowFile[70,96217327809422.mockFlowFile,22B] to original
[main] DEBUG org.apache.nifi.processors.standard.RouteText - RouteText[id=fc47b1db-e7ae-450c-887b-29adc31df765] Adding new dynamic property: PropertyDescriptor[simple]
[pool-2358-thread-1] INFO org.apache.nifi.processors.standard.RouteText - RouteText[id=fc47b1db-e7ae-450c-887b-29adc31df765] Created FlowFile[73,96217328457842.mockFlowFile,22B] from FlowFile[72,96217328457842.mockFlowFile,22B]; routing to relationship simple
[pool-2358-thread-1] INFO org.apache.nifi.processors.standard.RouteText - RouteText[id=fc47b1db-e7ae-450c-887b-29adc31df765] Routing FlowFile[72,96217328457842.mockFlowFile,22B] to original
[main] DEBUG org.apache.nifi.processors.standard.RouteText - RouteText[id=fc47b1db-e7ae-450c-887b-29adc31df765] Adding new dynamic property: PropertyDescriptor[simple]
[pool-2359-thread-1] INFO org.apache.nifi.processors.standard.RouteText - RouteText[id=fc47b1db-e7ae-450c-887b-29adc31df765] Created FlowFile[75,96217329050299.mockFlowFile,22B] from FlowFile[74,96217329050299.mockFlowFile,22B]; routing to relationship simple
[pool-2359-thread-1] INFO org.apache.nifi.processors.standard.RouteText - RouteText[id=fc47b1db-e7ae-450c-887b-29adc31df765] Routing FlowFile[74,96217329050299.mockFlowFile,22B] to original
[main] DEBUG org.apache.nifi.processors.standard.RouteText - RouteText[id=fc47b1db-e7ae-450c-887b-29adc31df765] Adding new dynamic property: PropertyDescriptor[simple]
[pool-2360-thread-1] INFO org.apache.nifi.processors.standard.RouteText - RouteText[id=fc47b1db-e7ae-450c-887b-29adc31df765] Created FlowFile[77,96217329650559.mockFlowFile,22B] from FlowFile[76,96217329650559.mockFlowFile,22B]; routing to relationship simple
[pool-2360-thread-1] INFO org.apache.nifi.processors.standard.RouteText - RouteText[id=fc47b1db-e7ae-450c-887b-29adc31df765] Routing FlowFile[76,96217329650559.mockFlowFile,22B] to original
[main] DEBUG org.apache.nifi.processors.standard.RouteText - RouteText[id=fc47b1db-e7ae-450c-887b-29adc31df765] Adding new dynamic property: PropertyDescriptor[simple]
[pool-2361-thread-1] INFO org.apache.nifi.processors.standard.RouteText - RouteText[id=fc47b1db-e7ae-450c-887b-29adc31df765] Created FlowFile[79,96217330151270.mockFlowFile,22B] from FlowFile[78,96217330151270.mockFlowFile,22B]; routing to relationship simple
[pool-2361-thread-1] INFO org.apache.nifi.processors.standard.RouteText - RouteText[id=fc47b1db-e7ae-450c-887b-29adc31df765] Routing FlowFile[78,96217330151270.mockFlowFile,22B] to original
[main] DEBUG org.apache.nifi.processors.standard.RouteText - RouteText[id=fc47b1db-e7ae-450c-887b-29adc31df765] Adding new dynamic property: PropertyDescriptor[simple]
[pool-2362-thread-1] INFO org.apache.nifi.processors.standard.RouteText - RouteText[id=fc47b1db-e7ae-450c-887b-29adc31df765] Created FlowFile[81,96217330698196.mockFlowFile,22B] from FlowFile[80,96217330698196.mockFlowFile,22B]; routing to relationship simple
[pool-2362-thread-1] INFO org.apache.nifi.processors.standard.RouteText - RouteText[id=fc47b1db-e7ae-450c-887b-29adc31df765] Routing FlowFile[80,96217330698196.mockFlowFile,22B] to original
[main] DEBUG org.apache.nifi.processors.standard.RouteText - RouteText[id=fc47b1db-e7ae-450c-887b-29adc31df765] Adding new dynamic property: PropertyDescriptor[simple]
[pool-2363-thread-1] INFO org.apache.nifi.processors.standard.RouteText - RouteText[id=fc47b1db-e7ae-450c-887b-29adc31df765] Created FlowFile[83,96217331227086.mockFlowFile,22B] from FlowFile[82,96217331227086.mockFlowFile,22B]; routing to relationship simple
[pool-2363-thread-1] INFO org.apache.nifi.processors.standard.RouteText - RouteText[id=fc47b1db-e7ae-450c-887b-29adc31df765] Routing FlowFile[82,96217331227086.mockFlowFile,22B] to original
[main] DEBUG org.apache.nifi.processors.standard.RouteText - RouteText[id=fc47b1db-e7ae-450c-887b-29adc31df765] Adding new dynamic property: PropertyDescriptor[simple]
[pool-2364-thread-1] INFO org.apache.nifi.processors.standard.RouteText - RouteText[id=fc47b1db-e7ae-450c-887b-29adc31df765] Created FlowFile[85,96217331790178.mockFlowFile,22B] from FlowFile[84,96217331790178.mockFlowFile,22B]; routing to relationship simple
[pool-2364-thread-1] INFO org.apache.nifi.processors.standard.RouteText - RouteText[id=fc47b1db-e7ae-450c-887b-29adc31df765] Routing FlowFile[84,96217331790178.mockFlowFile,22B] to original
[main] DEBUG org.apache.nifi.processors.standard.RouteText - RouteText[id=fc47b1db-e7ae-450c-887b-29adc31df765] Adding new dynamic property: PropertyDescriptor[simple]
[pool-2365-thread-1] INFO org.apache.nifi.processors.standard.RouteText - RouteText[id=fc47b1db-e7ae-450c-887b-29adc31df765] Created FlowFile[87,96217332508132.mockFlowFile,22B] from FlowFile[86,96217332508132.mockFlowFile,22B]; routing to relationship simple
[pool-2365-thread-1] INFO org.apache.nifi.processors.standard.RouteText - RouteText[id=fc47b1db-e7ae-450c-887b-29adc31df765] Routing FlowFile[86,96217332508132.mockFlowFile,22B] to original
[main] DEBUG org.apache.nifi.processors.standard.RouteText - RouteText[id=fc47b1db-e7ae-450c-887b-29adc31df765] Adding new dynamic property: PropertyDescriptor[simple]
[pool-2366-thread-1] INFO org.apache.nifi.processors.standard.RouteText - RouteText[id=fc47b1db-e7ae-450c-887b-29adc31df765] Created FlowFile[89,96217333159376.mockFlowFile,22B] from FlowFile[88,96217333159376.mockFlowFile,22B]; routing to relationship simple
[pool-2366-thread-1] INFO org.apache.nifi.processors.standard.RouteText - RouteText[id=fc47b1db-e7ae-450c-887b-29adc31df765] Routing FlowFile[88,96217333159376.mockFlowFile,22B] to original
[main] DEBUG org.apache.nifi.processors.standard.RouteText - RouteText[id=fc47b1db-e7ae-450c-887b-29adc31df765] Adding new dynamic property: PropertyDescriptor[simple]
[pool-2367-thread-1] INFO org.apache.nifi.processors.standard.RouteText - RouteText[id=fc47b1db-e7ae-450c-887b-29adc31df765] Created FlowFile[91,96217333772180.mockFlowFile,22B] from FlowFile[90,96217333772180.mockFlowFile,22B]; routing to relationship simple
[pool-2367-thread-1] INFO org.apache.nifi.processors.standard.RouteText - RouteText[id=fc47b1db-e7ae-450c-887b-29adc31df765] Routing FlowFile[90,96217333772180.mockFlowFile,22B] to original
[main] DEBUG org.apache.nifi.processors.standard.RouteText - RouteText[id=fc47b1db-e7ae-450c-887b-29adc31df765] Adding new dynamic property: PropertyDescriptor[simple]
[pool-2368-thread-1] INFO org.apache.nifi.processors.standard.RouteText - RouteText[id=fc47b1db-e7ae-450c-887b-29adc31df765] Created FlowFile[93,96217334338567.mockFlowFile,22B] from FlowFile[92,96217334338567.mockFlowFile,22B]; routing to relationship simple
[pool-2368-thread-1] INFO org.apache.nifi.processors.standard.RouteText - RouteText[id=fc47b1db-e7ae-450c-887b-29adc31df765] Routing FlowFile[92,96217334338567.mockFlowFile,22B] to original
[main] DEBUG org.apache.nifi.processors.standard.RouteText - RouteText[id=fc47b1db-e7ae-450c-887b-29adc31df765] Adding new dynamic property: PropertyDescriptor[simple]
[pool-2369-thread-1] INFO org.apache.nifi.processors.standard.RouteText - RouteText[id=fc47b1db-e7ae-450c-887b-29adc31df765] Created FlowFile[95,96217334811914.mockFlowFile,22B] from FlowFile[94,96217334811914.mockFlowFile,22B]; routing to relationship simple
[pool-2369-thread-1] INFO org.apache.nifi.processors.standard.RouteText - RouteText[id=fc47b1db-e7ae-450c-887b-29adc31df765] Routing FlowFile[94,96217334811914.mockFlowFile,22B] to original
[main] DEBUG org.apache.nifi.processors.standard.RouteText - RouteText[id=fc47b1db-e7ae-450c-887b-29adc31df765] Adding new dynamic property: PropertyDescriptor[simple]
[pool-2370-thread-1] INFO org.apache.nifi.processors.standard.RouteText - RouteText[id=fc47b1db-e7ae-450c-887b-29adc31df765] Created FlowFile[97,96217335300839.mockFlowFile,22B] from FlowFile[96,96217335300839.mockFlowFile,22B]; routing to relationship simple
[pool-2370-thread-1] INFO org.apache.nifi.processors.standard.RouteText - RouteText[id=fc47b1db-e7ae-450c-887b-29adc31df765] Routing FlowFile[96,96217335300839.mockFlowFile,22B] to original
[main] DEBUG org.apache.nifi.processors.standard.RouteText - RouteText[id=fc47b1db-e7ae-450c-887b-29adc31df765] Adding new dynamic property: PropertyDescriptor[simple]
[pool-2371-thread-1] INFO org.apache.nifi.processors.standard.RouteText - RouteText[id=fc47b1db-e7ae-450c-887b-29adc31df765] Created FlowFile[99,96217335927096.mockFlowFile,22B] from FlowFile[98,96217335927096.mockFlowFile,22B]; routing to relationship simple
[pool-2371-thread-1] INFO org.apache.nifi.processors.standard.RouteText - RouteText[id=fc47b1db-e7ae-450c-887b-29adc31df765] Routing FlowFile[98,96217335927096.mockFlowFile,22B] to original
[main] DEBUG org.apache.nifi.processors.standard.RouteText - RouteText[id=fc47b1db-e7ae-450c-887b-29adc31df765] Adding new dynamic property: PropertyDescriptor[simple]
[pool-2372-thread-1] INFO org.apache.nifi.processors.standard.RouteText - RouteText[id=fc47b1db-e7ae-450c-887b-29adc31df765] Created FlowFile[101,96217336608146.mockFlowFile,22B] from FlowFile[100,96217336608146.mockFlowFile,22B]; routing to relationship simple
[pool-2372-thread-1] INFO org.apache.nifi.processors.standard.RouteText - RouteText[id=fc47b1db-e7ae-450c-887b-29adc31df765] Routing FlowFile[100,96217336608146.mockFlowFile,22B] to original
[main] DEBUG org.apache.nifi.processors.standard.RouteText - RouteText[id=fc47b1db-e7ae-450c-887b-29adc31df765] Adding new dynamic property: PropertyDescriptor[simple]
[pool-2373-thread-1] INFO org.apache.nifi.processors.standard.RouteText - RouteText[id=fc47b1db-e7ae-450c-887b-29adc31df765] Created FlowFile[103,96217337260050.mockFlowFile,22B] from FlowFile[102,96217337260050.mockFlowFile,22B]; routing to relationship simple
[pool-2373-thread-1] INFO org.apache.nifi.processors.standard.RouteText - RouteText[id=fc47b1db-e7ae-450c-887b-29adc31df765] Routing FlowFile[102,96217337260050.mockFlowFile,22B] to original
[main] DEBUG org.apache.nifi.processors.standard.RouteText - RouteText[id=fc47b1db-e7ae-450c-887b-29adc31df765] Adding new dynamic property: PropertyDescriptor[simple]
[pool-2374-thread-1] INFO org.apache.nifi.processors.standard.RouteText - RouteText[id=fc47b1db-e7ae-450c-887b-29adc31df765] Created FlowFile[105,96217337839465.mockFlowFile,22B] from FlowFile[104,96217337839465.mockFlowFile,22B]; routing to relationship simple
[pool-2374-thread-1] INFO org.apache.nifi.processors.standard.RouteText - RouteText[id=fc47b1db-e7ae-450c-887b-29adc31df765] Routing FlowFile[104,96217337839465.mockFlowFile,22B] to original
[main] DEBUG org.apache.nifi.processors.standard.RouteText - RouteText[id=fc47b1db-e7ae-450c-887b-29adc31df765] Adding new dynamic property: PropertyDescriptor[simple]
[pool-2375-thread-1] INFO org.apache.nifi.processors.standard.RouteText - RouteText[id=fc47b1db-e7ae-450c-887b-29adc31df765] Created FlowFile[107,96217338323469.mockFlowFile,22B] from FlowFile[106,96217338323469.mockFlowFile,22B]; routing to relationship simple
[pool-2375-thread-1] INFO org.apache.nifi.processors.standard.RouteText - RouteText[id=fc47b1db-e7ae-450c-887b-29adc31df765] Routing FlowFile[106,96217338323469.mockFlowFile,22B] to original
[main] DEBUG org.apache.nifi.processors.standard.RouteText - RouteText[id=fc47b1db-e7ae-450c-887b-29adc31df765] Adding new dynamic property: PropertyDescriptor[simple]
[pool-2376-thread-1] INFO org.apache.nifi.processors.standard.RouteText - RouteText[id=fc47b1db-e7ae-450c-887b-29adc31df765] Created FlowFile[109,96217338805584.mockFlowFile,22B] from FlowFile[108,96217338805584.mockFlowFile,22B]; routing to relationship simple
[pool-2376-thread-1] INFO org.apache.nifi.processors.standard.RouteText - RouteText[id=fc47b1db-e7ae-450c-887b-29adc31df765] Routing FlowFile[108,96217338805584.mockFlowFile,22B] to original
[main] DEBUG org.apache.nifi.processors.standard.RouteText - RouteText[id=fc47b1db-e7ae-450c-887b-29adc31df765] Adding new dynamic property: PropertyDescriptor[simple]
[pool-2377-thread-1] INFO org.apache.nifi.processors.standard.RouteText - RouteText[id=fc47b1db-e7ae-450c-887b-29adc31df765] Created FlowFile[111,96217339365420.mockFlowFile,22B] from FlowFile[110,96217339365420.mockFlowFile,22B]; routing to relationship simple
[pool-2377-thread-1] INFO org.apache.nifi.processors.standard.RouteText - RouteText[id=fc47b1db-e7ae-450c-887b-29adc31df765] Routing FlowFile[110,96217339365420.mockFlowFile,22B] to original
[main] DEBUG org.apache.nifi.processors.standard.RouteText - RouteText[id=fc47b1db-e7ae-450c-887b-29adc31df765] Adding new dynamic property: PropertyDescriptor[simple]
[pool-2378-thread-1] INFO org.apache.nifi.processors.standard.RouteText - RouteText[id=fc47b1db-e7ae-450c-887b-29adc31df765] Created FlowFile[113,96217339826784.mockFlowFile,22B] from FlowFile[112,96217339826784.mockFlowFile,22B]; routing to relationship simple
[pool-2378-thread-1] INFO org.apache.nifi.processors.standard.RouteText - RouteText[id=fc47b1db-e7ae-450c-887b-29adc31df765] Routing FlowFile[112,96217339826784.mockFlowFile,22B] to original
[main] DEBUG org.apache.nifi.processors.standard.RouteText - RouteText[id=fc47b1db-e7ae-450c-887b-29adc31df765] Adding new dynamic property: PropertyDescriptor[simple]
[pool-2379-thread-1] INFO org.apache.nifi.processors.standard.RouteText - RouteText[id=fc47b1db-e7ae-450c-887b-29adc31df765] Created FlowFile[115,96217340482936.mockFlowFile,22B] from FlowFile[114,96217340482936.mockFlowFile,22B]; routing to relationship simple
[pool-2379-thread-1] INFO org.apache.nifi.processors.standard.RouteText - RouteText[id=fc47b1db-e7ae-450c-887b-29adc31df765] Routing FlowFile[114,96217340482936.mockFlowFile,22B] to original
[main] DEBUG org.apache.nifi.processors.standard.RouteText - RouteText[id=fc47b1db-e7ae-450c-887b-29adc31df765] Adding new dynamic property: PropertyDescriptor[simple]
[pool-2380-thread-1] INFO org.apache.nifi.processors.standard.RouteText - RouteText[id=fc47b1db-e7ae-450c-887b-29adc31df765] Created FlowFile[117,96217341066161.mockFlowFile,22B] from FlowFile[116,96217341066161.mockFlowFile,22B]; routing to relationship simple
[pool-2380-thread-1] INFO org.apache.nifi.processors.standard.RouteText - RouteText[id=fc47b1db-e7ae-450c-887b-29adc31df765] Routing FlowFile[116,96217341066161.mockFlowFile,22B] to original
[main] DEBUG org.apache.nifi.processors.standard.RouteText - RouteText[id=fc47b1db-e7ae-450c-887b-29adc31df765] Adding new dynamic property: PropertyDescriptor[simple]
[pool-2381-thread-1] INFO org.apache.nifi.processors.standard.RouteText - RouteText[id=fc47b1db-e7ae-450c-887b-29adc31df765] Created FlowFile[119,96217341653972.mockFlowFile,22B] from FlowFile[118,96217341653972.mockFlowFile,22B]; routing to relationship simple
[pool-2381-thread-1] INFO org.apache.nifi.processors.standard.RouteText - RouteText[id=fc47b1db-e7ae-450c-887b-29adc31df765] Routing FlowFile[118,96217341653972.mockFlowFile,22B] to original
[main] DEBUG org.apache.nifi.processors.standard.RouteText - RouteText[id=fc47b1db-e7ae-450c-887b-29adc31df765] Adding new dynamic property: PropertyDescriptor[simple]
[pool-2382-thread-1] INFO org.apache.nifi.processors.standard.RouteText - RouteText[id=fc47b1db-e7ae-450c-887b-29adc31df765] Created FlowFile[121,96217342416229.mockFlowFile,22B] from FlowFile[120,96217342416229.mockFlowFile,22B]; routing to relationship simple
[pool-2382-thread-1] INFO org.apache.nifi.processors.standard.RouteText - RouteText[id=fc47b1db-e7ae-450c-887b-29adc31df765] Routing FlowFile[120,96217342416229.mockFlowFile,22B] to original
[main] DEBUG org.apache.nifi.processors.standard.RouteText - RouteText[id=fc47b1db-e7ae-450c-887b-29adc31df765] Adding new dynamic property: PropertyDescriptor[simple]
[pool-2383-thread-1] INFO org.apache.nifi.processors.standard.RouteText - RouteText[id=fc47b1db-e7ae-450c-887b-29adc31df765] Created FlowFile[123,96217342994180.mockFlowFile,22B] from FlowFile[122,96217342994180.mockFlowFile,22B]; routing to relationship simple
[pool-2383-thread-1] INFO org.apache.nifi.processors.standard.RouteText - RouteText[id=fc47b1db-e7ae-450c-887b-29adc31df765] Routing FlowFile[122,96217342994180.mockFlowFile,22B] to original
[main] DEBUG org.apache.nifi.processors.standard.RouteText - RouteText[id=fc47b1db-e7ae-450c-887b-29adc31df765] Adding new dynamic property: PropertyDescriptor[simple]
[pool-2384-thread-1] INFO org.apache.nifi.processors.standard.RouteText - RouteText[id=fc47b1db-e7ae-450c-887b-29adc31df765] Created FlowFile[125,96217343552226.mockFlowFile,22B] from FlowFile[124,96217343552226.mockFlowFile,22B]; routing to relationship simple
[pool-2384-thread-1] INFO org.apache.nifi.processors.standard.RouteText - RouteText[id=fc47b1db-e7ae-450c-887b-29adc31df765] Routing FlowFile[124,96217343552226.mockFlowFile,22B] to original
[main] DEBUG org.apache.nifi.processors.standard.RouteText - RouteText[id=fc47b1db-e7ae-450c-887b-29adc31df765] Adding new dynamic property: PropertyDescriptor[simple]
[pool-2385-thread-1] INFO org.apache.nifi.processors.standard.RouteText - RouteText[id=fc47b1db-e7ae-450c-887b-29adc31df765] Created FlowFile[127,96217344093371.mockFlowFile,22B] from FlowFile[126,96217344093371.mockFlowFile,22B]; routing to relationship simple
[pool-2385-thread-1] INFO org.apache.nifi.processors.standard.RouteText - RouteText[id=fc47b1db-e7ae-450c-887b-29adc31df765] Routing FlowFile[126,96217344093371.mockFlowFile,22B] to original
[main] DEBUG org.apache.nifi.processors.standard.RouteText - RouteText[id=fc47b1db-e7ae-450c-887b-29adc31df765] Adding new dynamic property: PropertyDescriptor[simple]
[pool-2386-thread-1] INFO org.apache.nifi.processors.standard.RouteText - RouteText[id=fc47b1db-e7ae-450c-887b-29adc31df765] Created FlowFile[129,96217344660547.mockFlowFile,22B] from FlowFile[128,96217344660547.mockFlowFile,22B]; routing to relationship simple
[pool-2386-thread-1] INFO org.apache.nifi.processors.standard.RouteText - RouteText[id=fc47b1db-e7ae-450c-887b-29adc31df765] Routing FlowFile[128,96217344660547.mockFlowFile,22B] to original
[main] DEBUG org.apache.nifi.processors.standard.RouteText - RouteText[id=fc47b1db-e7ae-450c-887b-29adc31df765] Adding new dynamic property: PropertyDescriptor[simple]
[pool-2387-thread-1] INFO org.apache.nifi.processors.standard.RouteText - RouteText[id=fc47b1db-e7ae-450c-887b-29adc31df765] Created FlowFile[131,96217345353482.mockFlowFile,22B] from FlowFile[130,96217345353482.mockFlowFile,22B]; routing to relationship simple
[pool-2387-thread-1] INFO org.apache.nifi.processors.standard.RouteText - RouteText[id=fc47b1db-e7ae-450c-887b-29adc31df765] Routing FlowFile[130,96217345353482.mockFlowFile,22B] to original
[main] DEBUG org.apache.nifi.processors.standard.RouteText - RouteText[id=fc47b1db-e7ae-450c-887b-29adc31df765] Adding new dynamic property: PropertyDescriptor[simple]
[pool-2388-thread-1] INFO org.apache.nifi.processors.standard.RouteText - RouteText[id=fc47b1db-e7ae-450c-887b-29adc31df765] Created FlowFile[133,96217345878690.mockFlowFile,22B] from FlowFile[132,96217345878690.mockFlowFile,22B]; routing to relationship simple
[pool-2388-thread-1] INFO org.apache.nifi.processors.standard.RouteText - RouteText[id=fc47b1db-e7ae-450c-887b-29adc31df765] Routing FlowFile[132,96217345878690.mockFlowFile,22B] to original
[main] DEBUG org.apache.nifi.processors.standard.RouteText - RouteText[id=fc47b1db-e7ae-450c-887b-29adc31df765] Adding new dynamic property: PropertyDescriptor[simple]
[pool-2389-thread-1] INFO org.apache.nifi.processors.standard.RouteText - RouteText[id=fc47b1db-e7ae-450c-887b-29adc31df765] Created FlowFile[135,96217346445435.mockFlowFile,22B] from FlowFile[134,96217346445435.mockFlowFile,22B]; routing to relationship simple
[pool-2389-thread-1] INFO org.apache.nifi.processors.standard.RouteText - RouteText[id=fc47b1db-e7ae-450c-887b-29adc31df765] Routing FlowFile[134,96217346445435.mockFlowFile,22B] to original
[main] DEBUG org.apache.nifi.processors.standard.RouteText - RouteText[id=fc47b1db-e7ae-450c-887b-29adc31df765] Adding new dynamic property: PropertyDescriptor[simple]
[pool-2390-thread-1] INFO org.apache.nifi.processors.standard.RouteText - RouteText[id=fc47b1db-e7ae-450c-887b-29adc31df765] Created FlowFile[137,96217347026891.mockFlowFile,22B] from FlowFile[136,96217347026891.mockFlowFile,22B]; routing to relationship simple
[pool-2390-thread-1] INFO org.apache.nifi.processors.standard.RouteText - RouteText[id=fc47b1db-e7ae-450c-887b-29adc31df765] Routing FlowFile[136,96217347026891.mockFlowFile,22B] to original
[main] DEBUG org.apache.nifi.processors.standard.RouteText - RouteText[id=fc47b1db-e7ae-450c-887b-29adc31df765] Adding new dynamic property: PropertyDescriptor[simple]
[pool-2391-thread-1] INFO org.apache.nifi.processors.standard.RouteText - RouteText[id=fc47b1db-e7ae-450c-887b-29adc31df765] Created FlowFile[139,96217347690370.mockFlowFile,22B] from FlowFile[138,96217347690370.mockFlowFile,22B]; routing to relationship simple
[pool-2391-thread-1] INFO org.apache.nifi.processors.standard.RouteText - RouteText[id=fc47b1db-e7ae-450c-887b-29adc31df765] Routing FlowFile[138,96217347690370.mockFlowFile,22B] to original
[main] DEBUG org.apache.nifi.processors.standard.RouteText - RouteText[id=fc47b1db-e7ae-450c-887b-29adc31df765] Adding new dynamic property: PropertyDescriptor[simple]
[pool-2392-thread-1] INFO org.apache.nifi.processors.standard.RouteText - RouteText[id=fc47b1db-e7ae-450c-887b-29adc31df765] Created FlowFile[141,96217348205852.mockFlowFile,22B] from FlowFile[140,96217348205852.mockFlowFile,22B]; routing to relationship simple
[pool-2392-thread-1] INFO org.apache.nifi.processors.standard.RouteText - RouteText[id=fc47b1db-e7ae-450c-887b-29adc31df765] Routing FlowFile[140,96217348205852.mockFlowFile,22B] to original
[main] DEBUG org.apache.nifi.processors.standard.RouteText - RouteText[id=fc47b1db-e7ae-450c-887b-29adc31df765] Adding new dynamic property: PropertyDescriptor[simple]
[pool-2393-thread-1] INFO org.apache.nifi.processors.standard.RouteText - RouteText[id=fc47b1db-e7ae-450c-887b-29adc31df765] Created FlowFile[143,96217348610334.mockFlowFile,22B] from FlowFile[142,96217348610334.mockFlowFile,22B]; routing to relationship simple
[pool-2393-thread-1] INFO org.apache.nifi.processors.standard.RouteText - RouteText[id=fc47b1db-e7ae-450c-887b-29adc31df765] Routing FlowFile[142,96217348610334.mockFlowFile,22B] to original
[main] DEBUG org.apache.nifi.processors.standard.RouteText - RouteText[id=fc47b1db-e7ae-450c-887b-29adc31df765] Adding new dynamic property: PropertyDescriptor[simple]
[pool-2394-thread-1] INFO org.apache.nifi.processors.standard.RouteText - RouteText[id=fc47b1db-e7ae-450c-887b-29adc31df765] Created FlowFile[145,96217349051546.mockFlowFile,22B] from FlowFile[144,96217349051546.mockFlowFile,22B]; routing to relationship simple
[pool-2394-thread-1] INFO org.apache.nifi.processors.standard.RouteText - RouteText[id=fc47b1db-e7ae-450c-887b-29adc31df765] Routing FlowFile[144,96217349051546.mockFlowFile,22B] to original
[main] DEBUG org.apache.nifi.processors.standard.RouteText - RouteText[id=fc47b1db-e7ae-450c-887b-29adc31df765] Adding new dynamic property: PropertyDescriptor[simple]
[pool-2395-thread-1] INFO org.apache.nifi.processors.standard.RouteText - RouteText[id=fc47b1db-e7ae-450c-887b-29adc31df765] Created FlowFile[147,96217349522420.mockFlowFile,22B] from FlowFile[146,96217349522420.mockFlowFile,22B]; routing to relationship simple
[pool-2395-thread-1] INFO org.apache.nifi.processors.standard.RouteText - RouteText[id=fc47b1db-e7ae-450c-887b-29adc31df765] Routing FlowFile[146,96217349522420.mockFlowFile,22B] to original
[main] DEBUG org.apache.nifi.processors.standard.RouteText - RouteText[id=fc47b1db-e7ae-450c-887b-29adc31df765] Adding new dynamic property: PropertyDescriptor[simple]
[pool-2396-thread-1] INFO org.apache.nifi.processors.standard.RouteText - RouteText[id=fc47b1db-e7ae-450c-887b-29adc31df765] Created FlowFile[149,96217350030014.mockFlowFile,22B] from FlowFile[148,96217350030014.mockFlowFile,22B]; routing to relationship simple
[pool-2396-thread-1] INFO org.apache.nifi.processors.standard.RouteText - RouteText[id=fc47b1db-e7ae-450c-887b-29adc31df765] Routing FlowFile[148,96217350030014.mockFlowFile,22B] to original
[main] DEBUG org.apache.nifi.processors.standard.RouteText - RouteText[id=fc47b1db-e7ae-450c-887b-29adc31df765] Adding new dynamic property: PropertyDescriptor[simple]
[pool-2397-thread-1] INFO org.apache.nifi.processors.standard.RouteText - RouteText[id=fc47b1db-e7ae-450c-887b-29adc31df765] Created FlowFile[151,96217350476427.mockFlowFile,22B] from FlowFile[150,96217350476427.mockFlowFile,22B]; routing to relationship simple
[pool-2397-thread-1] INFO org.apache.nifi.processors.standard.RouteText - RouteText[id=fc47b1db-e7ae-450c-887b-29adc31df765] Routing FlowFile[150,96217350476427.mockFlowFile,22B] to original
[main] DEBUG org.apache.nifi.processors.standard.RouteText - RouteText[id=fc47b1db-e7ae-450c-887b-29adc31df765] Adding new dynamic property: PropertyDescriptor[simple]
[pool-2398-thread-1] INFO org.apache.nifi.processors.standard.RouteText - RouteText[id=fc47b1db-e7ae-450c-887b-29adc31df765] Created FlowFile[153,96217350932737.mockFlowFile,22B] from FlowFile[152,96217350932737.mockFlowFile,22B]; routing to relationship simple
[pool-2398-thread-1] INFO org.apache.nifi.processors.standard.RouteText - RouteText[id=fc47b1db-e7ae-450c-887b-29adc31df765] Routing FlowFile[152,96217350932737.mockFlowFile,22B] to original
[main] DEBUG org.apache.nifi.processors.standard.RouteText - RouteText[id=fc47b1db-e7ae-450c-887b-29adc31df765] Adding new dynamic property: PropertyDescriptor[simple]
[pool-2399-thread-1] INFO org.apache.nifi.processors.standard.RouteText - RouteText[id=fc47b1db-e7ae-450c-887b-29adc31df765] Created FlowFile[155,96217351499600.mockFlowFile,22B] from FlowFile[154,96217351499600.mockFlowFile,22B]; routing to relationship simple
[pool-2399-thread-1] INFO org.apache.nifi.processors.standard.RouteText - RouteText[id=fc47b1db-e7ae-450c-887b-29adc31df765] Routing FlowFile[154,96217351499600.mockFlowFile,22B] to original
[main] DEBUG org.apache.nifi.processors.standard.RouteText - RouteText[id=fc47b1db-e7ae-450c-887b-29adc31df765] Adding new dynamic property: PropertyDescriptor[simple]
[pool-2400-thread-1] INFO org.apache.nifi.processors.standard.RouteText - RouteText[id=fc47b1db-e7ae-450c-887b-29adc31df765] Created FlowFile[157,96217351957387.mockFlowFile,22B] from FlowFile[156,96217351957387.mockFlowFile,22B]; routing to relationship simple
[pool-2400-thread-1] INFO org.apache.nifi.processors.standard.RouteText - RouteText[id=fc47b1db-e7ae-450c-887b-29adc31df765] Routing FlowFile[156,96217351957387.mockFlowFile,22B] to original
[main] DEBUG org.apache.nifi.processors.standard.RouteText - RouteText[id=fc47b1db-e7ae-450c-887b-29adc31df765] Adding new dynamic property: PropertyDescriptor[simple]
[pool-2401-thread-1] INFO org.apache.nifi.processors.standard.RouteText - RouteText[id=fc47b1db-e7ae-450c-887b-29adc31df765] Created FlowFile[159,96217352560059.mockFlowFile,22B] from FlowFile[158,96217352560059.mockFlowFile,22B]; routing to relationship simple
[pool-2401-thread-1] INFO org.apache.nifi.processors.standard.RouteText - RouteText[id=fc47b1db-e7ae-450c-887b-29adc31df765] Routing FlowFile[158,96217352560059.mockFlowFile,22B] to original
[main] DEBUG org.apache.nifi.processors.standard.RouteText - RouteText[id=fc47b1db-e7ae-450c-887b-29adc31df765] Adding new dynamic property: PropertyDescriptor[simple]
[pool-2402-thread-1] INFO org.apache.nifi.processors.standard.RouteText - RouteText[id=fc47b1db-e7ae-450c-887b-29adc31df765] Created FlowFile[161,96217353025491.mockFlowFile,22B] from FlowFile[160,96217353025491.mockFlowFile,22B]; routing to relationship simple
[pool-2402-thread-1] INFO org.apache.nifi.processors.standard.RouteText - RouteText[id=fc47b1db-e7ae-450c-887b-29adc31df765] Routing FlowFile[160,96217353025491.mockFlowFile,22B] to original
[main] DEBUG org.apache.nifi.processors.standard.RouteText - RouteText[id=fc47b1db-e7ae-450c-887b-29adc31df765] Adding new dynamic property: PropertyDescriptor[simple]
[pool-2403-thread-1] INFO org.apache.nifi.processors.standard.RouteText - RouteText[id=fc47b1db-e7ae-450c-887b-29adc31df765] Created FlowFile[163,96217353473232.mockFlowFile,22B] from FlowFile[162,96217353473232.mockFlowFile,22B]; routing to relationship simple
[pool-2403-thread-1] INFO org.apache.nifi.processors.standard.RouteText - RouteText[id=fc47b1db-e7ae-450c-887b-29adc31df765] Routing FlowFile[162,96217353473232.mockFlowFile,22B] to original
[main] DEBUG org.apache.nifi.processors.standard.RouteText - RouteText[id=fc47b1db-e7ae-450c-887b-29adc31df765] Adding new dynamic property: PropertyDescriptor[simple]
[pool-2404-thread-1] INFO org.apache.nifi.processors.standard.RouteText - RouteText[id=fc47b1db-e7ae-450c-887b-29adc31df765] Created FlowFile[165,96217353937976.mockFlowFile,22B] from FlowFile[164,96217353937976.mockFlowFile,22B]; routing to relationship simple
[pool-2404-thread-1] INFO org.apache.nifi.processors.standard.RouteText - RouteText[id=fc47b1db-e7ae-450c-887b-29adc31df765] Routing FlowFile[164,96217353937976.mockFlowFile,22B] to original
[main] DEBUG org.apache.nifi.processors.standard.RouteText - RouteText[id=fc47b1db-e7ae-450c-887b-29adc31df765] Adding new dynamic property: PropertyDescriptor[simple]
[pool-2405-thread-1] INFO org.apache.nifi.processors.standard.RouteText - RouteText[id=fc47b1db-e7ae-450c-887b-29adc31df765] Created FlowFile[167,96217354341608.mockFlowFile,22B] from FlowFile[166,96217354341608.mockFlowFile,22B]; routing to relationship simple
[pool-2405-thread-1] INFO org.apache.nifi.processors.standard.RouteText - RouteText[id=fc47b1db-e7ae-450c-887b-29adc31df765] Routing FlowFile[166,96217354341608.mockFlowFile,22B] to original
[main] DEBUG org.apache.nifi.processors.standard.RouteText - RouteText[id=fc47b1db-e7ae-450c-887b-29adc31df765] Adding new dynamic property: PropertyDescriptor[simple]
[pool-2406-thread-1] INFO org.apache.nifi.processors.standard.RouteText - RouteText[id=fc47b1db-e7ae-450c-887b-29adc31df765] Created FlowFile[169,96217354690855.mockFlowFile,22B] from FlowFile[168,96217354690855.mockFlowFile,22B]; routing to relationship simple
[pool-2406-thread-1] INFO org.apache.nifi.processors.standard.RouteText - RouteText[id=fc47b1db-e7ae-450c-887b-29adc31df765] Routing FlowFile[168,96217354690855.mockFlowFile,22B] to original
[main] DEBUG org.apache.nifi.processors.standard.RouteText - RouteText[id=fc47b1db-e7ae-450c-887b-29adc31df765] Adding new dynamic property: PropertyDescriptor[simple]
[pool-2407-thread-1] INFO org.apache.nifi.processors.standard.RouteText - RouteText[id=fc47b1db-e7ae-450c-887b-29adc31df765] Created FlowFile[171,96217355099709.mockFlowFile,22B] from FlowFile[170,96217355099709.mockFlowFile,22B]; routing to relationship simple
[pool-2407-thread-1] INFO org.apache.nifi.processors.standard.RouteText - RouteText[id=fc47b1db-e7ae-450c-887b-29adc31df765] Routing FlowFile[170,96217355099709.mockFlowFile,22B] to original
[main] DEBUG org.apache.nifi.processors.standard.RouteText - RouteText[id=fc47b1db-e7ae-450c-887b-29adc31df765] Adding new dynamic property: PropertyDescriptor[simple]
[pool-2408-thread-1] INFO org.apache.nifi.processors.standard.RouteText - RouteText[id=fc47b1db-e7ae-450c-887b-29adc31df765] Created FlowFile[173,96217355677499.mockFlowFile,22B] from FlowFile[172,96217355677499.mockFlowFile,22B]; routing to relationship simple
[pool-2408-thread-1] INFO org.apache.nifi.processors.standard.RouteText - RouteText[id=fc47b1db-e7ae-450c-887b-29adc31df765] Routing FlowFile[172,96217355677499.mockFlowFile,22B] to original
[main] DEBUG org.apache.nifi.processors.standard.RouteText - RouteText[id=fc47b1db-e7ae-450c-887b-29adc31df765] Adding new dynamic property: PropertyDescriptor[simple]
[pool-2409-thread-1] INFO org.apache.nifi.processors.standard.RouteText - RouteText[id=fc47b1db-e7ae-450c-887b-29adc31df765] Created FlowFile[175,96217356258918.mockFlowFile,22B] from FlowFile[174,96217356258918.mockFlowFile,22B]; routing to relationship simple
[pool-2409-thread-1] INFO org.apache.nifi.processors.standard.RouteText - RouteText[id=fc47b1db-e7ae-450c-887b-29adc31df765] Routing FlowFile[174,96217356258918.mockFlowFile,22B] to original
[main] DEBUG org.apache.nifi.processors.standard.RouteText - RouteText[id=fc47b1db-e7ae-450c-887b-29adc31df765] Adding new dynamic property: PropertyDescriptor[simple]
[pool-2410-thread-1] INFO org.apache.nifi.processors.standard.RouteText - RouteText[id=fc47b1db-e7ae-450c-887b-29adc31df765] Created FlowFile[177,96217356949199.mockFlowFile,22B] from FlowFile[176,96217356949199.mockFlowFile,22B]; routing to relationship simple
[pool-2410-thread-1] INFO org.apache.nifi.processors.standard.RouteText - RouteText[id=fc47b1db-e7ae-450c-887b-29adc31df765] Routing FlowFile[176,96217356949199.mockFlowFile,22B] to original
[main] DEBUG org.apache.nifi.processors.standard.RouteText - RouteText[id=fc47b1db-e7ae-450c-887b-29adc31df765] Adding new dynamic property: PropertyDescriptor[simple]
[pool-2411-thread-1] INFO org.apache.nifi.processors.standard.RouteText - RouteText[id=fc47b1db-e7ae-450c-887b-29adc31df765] Created FlowFile[179,96217357543245.mockFlowFile,22B] from FlowFile[178,96217357543245.mockFlowFile,22B]; routing to relationship simple
[pool-2411-thread-1] INFO org.apache.nifi.processors.standard.RouteText - RouteText[id=fc47b1db-e7ae-450c-887b-29adc31df765] Routing FlowFile[178,96217357543245.mockFlowFile,22B] to original
[main] DEBUG org.apache.nifi.processors.standard.RouteText - RouteText[id=fc47b1db-e7ae-450c-887b-29adc31df765] Adding new dynamic property: PropertyDescriptor[simple]
[pool-2412-thread-1] INFO org.apache.nifi.processors.standard.RouteText - RouteText[id=fc47b1db-e7ae-450c-887b-29adc31df765] Created FlowFile[181,96217358127622.mockFlowFile,22B] from FlowFile[180,96217358127622.mockFlowFile,22B]; routing to relationship simple
[pool-2412-thread-1] INFO org.apache.nifi.processors.standard.RouteText - RouteText[id=fc47b1db-e7ae-450c-887b-29adc31df765] Routing FlowFile[180,96217358127622.mockFlowFile,22B] to original
[main] DEBUG org.apache.nifi.processors.standard.RouteText - RouteText[id=fc47b1db-e7ae-450c-887b-29adc31df765] Adding new dynamic property: PropertyDescriptor[simple]
[pool-2413-thread-1] INFO org.apache.nifi.processors.standard.RouteText - RouteText[id=fc47b1db-e7ae-450c-887b-29adc31df765] Created FlowFile[183,96217358580449.mockFlowFile,22B] from FlowFile[182,96217358580449.mockFlowFile,22B]; routing to relationship simple
[pool-2413-thread-1] INFO org.apache.nifi.processors.standard.RouteText - RouteText[id=fc47b1db-e7ae-450c-887b-29adc31df765] Routing FlowFile[182,96217358580449.mockFlowFile,22B] to original
[main] DEBUG org.apache.nifi.processors.standard.RouteText - RouteText[id=fc47b1db-e7ae-450c-887b-29adc31df765] Adding new dynamic property: PropertyDescriptor[simple]
[pool-2414-thread-1] INFO org.apache.nifi.processors.standard.RouteText - RouteText[id=fc47b1db-e7ae-450c-887b-29adc31df765] Created FlowFile[185,96217359072985.mockFlowFile,22B] from FlowFile[184,96217359072985.mockFlowFile,22B]; routing to relationship simple
[pool-2414-thread-1] INFO org.apache.nifi.processors.standard.RouteText - RouteText[id=fc47b1db-e7ae-450c-887b-29adc31df765] Routing FlowFile[184,96217359072985.mockFlowFile,22B] to original
[main] DEBUG org.apache.nifi.processors.standard.RouteText - RouteText[id=fc47b1db-e7ae-450c-887b-29adc31df765] Adding new dynamic property: PropertyDescriptor[simple]
[pool-2415-thread-1] INFO org.apache.nifi.processors.standard.RouteText - RouteText[id=fc47b1db-e7ae-450c-887b-29adc31df765] Created FlowFile[187,96217359667527.mockFlowFile,22B] from FlowFile[186,96217359667527.mockFlowFile,22B]; routing to relationship simple
[pool-2415-thread-1] INFO org.apache.nifi.processors.standard.RouteText - RouteText[id=fc47b1db-e7ae-450c-887b-29adc31df765] Routing FlowFile[186,96217359667527.mockFlowFile,22B] to original
[main] DEBUG org.apache.nifi.processors.standard.RouteText - RouteText[id=fc47b1db-e7ae-450c-887b-29adc31df765] Adding new dynamic property: PropertyDescriptor[simple]
[pool-2416-thread-1] INFO org.apache.nifi.processors.standard.RouteText - RouteText[id=fc47b1db-e7ae-450c-887b-29adc31df765] Created FlowFile[189,96217360468984.mockFlowFile,22B] from FlowFile[188,96217360468984.mockFlowFile,22B]; routing to relationship simple
[pool-2416-thread-1] INFO org.apache.nifi.processors.standard.RouteText - RouteText[id=fc47b1db-e7ae-450c-887b-29adc31df765] Routing FlowFile[188,96217360468984.mockFlowFile,22B] to original
[main] DEBUG org.apache.nifi.processors.standard.RouteText - RouteText[id=fc47b1db-e7ae-450c-887b-29adc31df765] Adding new dynamic property: PropertyDescriptor[simple]
[pool-2417-thread-1] INFO org.apache.nifi.processors.standard.RouteText - RouteText[id=fc47b1db-e7ae-450c-887b-29adc31df765] Created FlowFile[191,96217361155048.mockFlowFile,22B] from FlowFile[190,96217361155048.mockFlowFile,22B]; routing to relationship simple
[pool-2417-thread-1] INFO org.apache.nifi.processors.standard.RouteText - RouteText[id=fc47b1db-e7ae-450c-887b-29adc31df765] Routing FlowFile[190,96217361155048.mockFlowFile,22B] to original
[main] DEBUG org.apache.nifi.processors.standard.RouteText - RouteText[id=fc47b1db-e7ae-450c-887b-29adc31df765] Adding new dynamic property: PropertyDescriptor[simple]
[pool-2418-thread-1] INFO org.apache.nifi.processors.standard.RouteText - RouteText[id=fc47b1db-e7ae-450c-887b-29adc31df765] Created FlowFile[193,96217361699802.mockFlowFile,22B] from FlowFile[192,96217361699802.mockFlowFile,22B]; routing to relationship simple
[pool-2418-thread-1] INFO org.apache.nifi.processors.standard.RouteText - RouteText[id=fc47b1db-e7ae-450c-887b-29adc31df765] Routing FlowFile[192,96217361699802.mockFlowFile,22B] to original
[main] DEBUG org.apache.nifi.processors.standard.RouteText - RouteText[id=fc47b1db-e7ae-450c-887b-29adc31df765] Adding new dynamic property: PropertyDescriptor[simple]
[pool-2419-thread-1] INFO org.apache.nifi.processors.standard.RouteText - RouteText[id=fc47b1db-e7ae-450c-887b-29adc31df765] Created FlowFile[195,96217362214460.mockFlowFile,22B] from FlowFile[194,96217362214460.mockFlowFile,22B]; routing to relationship simple
[pool-2419-thread-1] INFO org.apache.nifi.processors.standard.RouteText - RouteText[id=fc47b1db-e7ae-450c-887b-29adc31df765] Routing FlowFile[194,96217362214460.mockFlowFile,22B] to original
[main] DEBUG org.apache.nifi.processors.standard.RouteText - RouteText[id=fc47b1db-e7ae-450c-887b-29adc31df765] Adding new dynamic property: PropertyDescriptor[simple]
[pool-2420-thread-1] INFO org.apache.nifi.processors.standard.RouteText - RouteText[id=fc47b1db-e7ae-450c-887b-29adc31df765] Created FlowFile[197,96217362587008.mockFlowFile,22B] from FlowFile[196,96217362587008.mockFlowFile,22B]; routing to relationship simple
[pool-2420-thread-1] INFO org.apache.nifi.processors.standard.RouteText - RouteText[id=fc47b1db-e7ae-450c-887b-29adc31df765] Routing FlowFile[196,96217362587008.mockFlowFile,22B] to original
[main] DEBUG org.apache.nifi.processors.standard.RouteText - RouteText[id=fc47b1db-e7ae-450c-887b-29adc31df765] Adding new dynamic property: PropertyDescriptor[simple]
[pool-2421-thread-1] INFO org.apache.nifi.processors.standard.RouteText - RouteText[id=fc47b1db-e7ae-450c-887b-29adc31df765] Created FlowFile[199,96217362912682.mockFlowFile,22B] from FlowFile[198,96217362912682.mockFlowFile,22B]; routing to relationship simple
[pool-2421-thread-1] INFO org.apache.nifi.processors.standard.RouteText - RouteText[id=fc47b1db-e7ae-450c-887b-29adc31df765] Routing FlowFile[198,96217362912682.mockFlowFile,22B] to original
[main] DEBUG org.apache.nifi.processors.standard.RouteText - RouteText[id=fc47b1db-e7ae-450c-887b-29adc31df765] Adding new dynamic property: PropertyDescriptor[simple]
[pool-2422-thread-1] INFO org.apache.nifi.processors.standard.RouteText - RouteText[id=fc47b1db-e7ae-450c-887b-29adc31df765] Created FlowFile[201,96217363328798.mockFlowFile,22B] from FlowFile[200,96217363328798.mockFlowFile,22B]; routing to relationship simple
[pool-2422-thread-1] INFO org.apache.nifi.processors.standard.RouteText - RouteText[id=fc47b1db-e7ae-450c-887b-29adc31df765] Routing FlowFile[200,96217363328798.mockFlowFile,22B] to original
[main] DEBUG org.apache.nifi.processors.standard.RouteText - RouteText[id=fc47b1db-e7ae-450c-887b-29adc31df765] Adding new dynamic property: PropertyDescriptor[simple]
[pool-2423-thread-1] INFO org.apache.nifi.processors.standard.RouteText - RouteText[id=fc47b1db-e7ae-450c-887b-29adc31df765] Created FlowFile[203,96217363771915.mockFlowFile,22B] from FlowFile[202,96217363771915.mockFlowFile,22B]; routing to relationship simple
[pool-2423-thread-1] INFO org.apache.nifi.processors.standard.RouteText - RouteText[id=fc47b1db-e7ae-450c-887b-29adc31df765] Routing FlowFile[202,96217363771915.mockFlowFile,22B] to original
[main] DEBUG org.apache.nifi.processors.standard.RouteText - RouteText[id=fc47b1db-e7ae-450c-887b-29adc31df765] Adding new dynamic property: PropertyDescriptor[simple]
[pool-2424-thread-1] INFO org.apache.nifi.processors.standard.RouteText - RouteText[id=fc47b1db-e7ae-450c-887b-29adc31df765] Created FlowFile[205,96217364298283.mockFlowFile,23B] from FlowFile[204,96217364298283.mockFlowFile,23B]; routing to relationship simple
[pool-2424-thread-1] INFO org.apache.nifi.processors.standard.RouteText - RouteText[id=fc47b1db-e7ae-450c-887b-29adc31df765] Routing FlowFile[204,96217364298283.mockFlowFile,23B] to original
[main] DEBUG org.apache.nifi.processors.standard.RouteText - RouteText[id=fc47b1db-e7ae-450c-887b-29adc31df765] Adding new dynamic property: PropertyDescriptor[simple]
[pool-2425-thread-1] INFO org.apache.nifi.processors.standard.RouteText - RouteText[id=fc47b1db-e7ae-450c-887b-29adc31df765] Created FlowFile[207,96217364838958.mockFlowFile,23B] from FlowFile[206,96217364838958.mockFlowFile,23B]; routing to relationship simple
[pool-2425-thread-1] INFO org.apache.nifi.processors.standard.RouteText - RouteText[id=fc47b1db-e7ae-450c-887b-29adc31df765] Routing FlowFile[206,96217364838958.mockFlowFile,23B] to original
[main] DEBUG org.apache.nifi.processors.standard.RouteText - RouteText[id=fc47b1db-e7ae-450c-887b-29adc31df765] Adding new dynamic property: PropertyDescriptor[simple]
[pool-2426-thread-1] INFO org.apache.nifi.processors.standard.RouteText - RouteText[id=fc47b1db-e7ae-450c-887b-29adc31df765] Created FlowFile[209,96217365392359.mockFlowFile,23B] from FlowFile[208,96217365392359.mockFlowFile,23B]; routing to relationship simple
[pool-2426-thread-1] INFO org.apache.nifi.processors.standard.RouteText - RouteText[id=fc47b1db-e7ae-450c-887b-29adc31df765] Routing FlowFile[208,96217365392359.mockFlowFile,23B] to original
[main] DEBUG org.apache.nifi.processors.standard.RouteText - RouteText[id=fc47b1db-e7ae-450c-887b-29adc31df765] Adding new dynamic property: PropertyDescriptor[simple]
[pool-2427-thread-1] INFO org.apache.nifi.processors.standard.RouteText - RouteText[id=fc47b1db-e7ae-450c-887b-29adc31df765] Created FlowFile[211,96217365935048.mockFlowFile,23B] from FlowFile[210,96217365935048.mockFlowFile,23B]; routing to relationship simple
[pool-2427-thread-1] INFO org.apache.nifi.processors.standard.RouteText - RouteText[id=fc47b1db-e7ae-450c-887b-29adc31df765] Routing FlowFile[210,96217365935048.mockFlowFile,23B] to original
[main] DEBUG org.apache.nifi.processors.standard.RouteText - RouteText[id=fc47b1db-e7ae-450c-887b-29adc31df765] Adding new dynamic property: PropertyDescriptor[simple]
[pool-2428-thread-1] INFO org.apache.nifi.processors.standard.RouteText - RouteText[id=fc47b1db-e7ae-450c-887b-29adc31df765] Created FlowFile[213,96217366392648.mockFlowFile,23B] from FlowFile[212,96217366392648.mockFlowFile,23B]; routing to relationship simple
[pool-2428-thread-1] INFO org.apache.nifi.processors.standard.RouteText - RouteText[id=fc47b1db-e7ae-450c-887b-29adc31df765] Routing FlowFile[212,96217366392648.mockFlowFile,23B] to original
[main] DEBUG org.apache.nifi.processors.standard.RouteText - RouteText[id=fc47b1db-e7ae-450c-887b-29adc31df765] Adding new dynamic property: PropertyDescriptor[simple]
[pool-2429-thread-1] INFO org.apache.nifi.processors.standard.RouteText - RouteText[id=fc47b1db-e7ae-450c-887b-29adc31df765] Created FlowFile[215,96217366843003.mockFlowFile,23B] from FlowFile[214,96217366843003.mockFlowFile,23B]; routing to relationship simple
[pool-2429-thread-1] INFO org.apache.nifi.processors.standard.RouteText - RouteText[id=fc47b1db-e7ae-450c-887b-29adc31df765] Routing FlowFile[214,96217366843003.mockFlowFile,23B] to original
[main] DEBUG org.apache.nifi.processors.standard.RouteText - RouteText[id=fc47b1db-e7ae-450c-887b-29adc31df765] Adding new dynamic property: PropertyDescriptor[simple]
[pool-2430-thread-1] INFO org.apache.nifi.processors.standard.RouteText - RouteText[id=fc47b1db-e7ae-450c-887b-29adc31df765] Created FlowFile[217,96217367528513.mockFlowFile,23B] from FlowFile[216,96217367528513.mockFlowFile,23B]; routing to relationship simple
[pool-2430-thread-1] INFO org.apache.nifi.processors.standard.RouteText - RouteText[id=fc47b1db-e7ae-450c-887b-29adc31df765] Routing FlowFile[216,96217367528513.mockFlowFile,23B] to original
[main] DEBUG org.apache.nifi.processors.standard.RouteText - RouteText[id=fc47b1db-e7ae-450c-887b-29adc31df765] Adding new dynamic property: PropertyDescriptor[simple]
[pool-2431-thread-1] INFO org.apache.nifi.processors.standard.RouteText - RouteText[id=fc47b1db-e7ae-450c-887b-29adc31df765] Created FlowFile[219,96217368228358.mockFlowFile,23B] from FlowFile[218,96217368228358.mockFlowFile,23B]; routing to relationship simple
[pool-2431-thread-1] INFO org.apache.nifi.processors.standard.RouteText - RouteText[id=fc47b1db-e7ae-450c-887b-29adc31df765] Routing FlowFile[218,96217368228358.mockFlowFile,23B] to original
[main] DEBUG org.apache.nifi.processors.standard.RouteText - RouteText[id=fc47b1db-e7ae-450c-887b-29adc31df765] Adding new dynamic property: PropertyDescriptor[simple]
[pool-2432-thread-1] INFO org.apache.nifi.processors.standard.RouteText - RouteText[id=fc47b1db-e7ae-450c-887b-29adc31df765] Created FlowFile[221,96217368823035.mockFlowFile,23B] from FlowFile[220,96217368823035.mockFlowFile,23B]; routing to relationship simple
[pool-2432-thread-1] INFO org.apache.nifi.processors.standard.RouteText - RouteText[id=fc47b1db-e7ae-450c-887b-29adc31df765] Routing FlowFile[220,96217368823035.mockFlowFile,23B] to original
[main] DEBUG org.apache.nifi.processors.standard.RouteText - RouteText[id=fc47b1db-e7ae-450c-887b-29adc31df765] Adding new dynamic property: PropertyDescriptor[simple]
[pool-2433-thread-1] INFO org.apache.nifi.processors.standard.RouteText - RouteText[id=fc47b1db-e7ae-450c-887b-29adc31df765] Created FlowFile[223,96217369364248.mockFlowFile,23B] from FlowFile[222,96217369364248.mockFlowFile,23B]; routing to relationship simple
[pool-2433-thread-1] INFO org.apache.nifi.processors.standard.RouteText - RouteText[id=fc47b1db-e7ae-450c-887b-29adc31df765] Routing FlowFile[222,96217369364248.mockFlowFile,23B] to original
[main] DEBUG org.apache.nifi.processors.standard.RouteText - RouteText[id=fc47b1db-e7ae-450c-887b-29adc31df765] Adding new dynamic property: PropertyDescriptor[simple]
[pool-2434-thread-1] INFO org.apache.nifi.processors.standard.RouteText - RouteText[id=fc47b1db-e7ae-450c-887b-29adc31df765] Created FlowFile[225,96217369918670.mockFlowFile,23B] from FlowFile[224,96217369918670.mockFlowFile,23B]; routing to relationship simple
[pool-2434-thread-1] INFO org.apache.nifi.processors.standard.RouteText - RouteText[id=fc47b1db-e7ae-450c-887b-29adc31df765] Routing FlowFile[224,96217369918670.mockFlowFile,23B] to original
[main] DEBUG org.apache.nifi.processors.standard.RouteText - RouteText[id=fc47b1db-e7ae-450c-887b-29adc31df765] Adding new dynamic property: PropertyDescriptor[simple]
[pool-2435-thread-1] INFO org.apache.nifi.processors.standard.RouteText - RouteText[id=fc47b1db-e7ae-450c-887b-29adc31df765] Created FlowFile[227,96217370413340.mockFlowFile,23B] from FlowFile[226,96217370413340.mockFlowFile,23B]; routing to relationship simple
[pool-2435-thread-1] INFO org.apache.nifi.processors.standard.RouteText - RouteText[id=fc47b1db-e7ae-450c-887b-29adc31df765] Routing FlowFile[226,96217370413340.mockFlowFile,23B] to original
[main] DEBUG org.apache.nifi.processors.standard.RouteText - RouteText[id=fc47b1db-e7ae-450c-887b-29adc31df765] Adding new dynamic property: PropertyDescriptor[simple]
[pool-2436-thread-1] INFO org.apache.nifi.processors.standard.RouteText - RouteText[id=fc47b1db-e7ae-450c-887b-29adc31df765] Created FlowFile[229,96217370820346.mockFlowFile,23B] from FlowFile[228,96217370820346.mockFlowFile,23B]; routing to relationship simple
[pool-2436-thread-1] INFO org.apache.nifi.processors.standard.RouteText - RouteText[id=fc47b1db-e7ae-450c-887b-29adc31df765] Routing FlowFile[228,96217370820346.mockFlowFile,23B] to original
[main] DEBUG org.apache.nifi.processors.standard.RouteText - RouteText[id=fc47b1db-e7ae-450c-887b-29adc31df765] Adding new dynamic property: PropertyDescriptor[simple]
[pool-2437-thread-1] INFO org.apache.nifi.processors.standard.RouteText - RouteText[id=fc47b1db-e7ae-450c-887b-29adc31df765] Created FlowFile[231,96217371311439.mockFlowFile,23B] from FlowFile[230,96217371311439.mockFlowFile,23B]; routing to relationship simple
[pool-2437-thread-1] INFO org.apache.nifi.processors.standard.RouteText - RouteText[id=fc47b1db-e7ae-450c-887b-29adc31df765] Routing FlowFile[230,96217371311439.mockFlowFile,23B] to original
[main] DEBUG org.apache.nifi.processors.standard.RouteText - RouteText[id=fc47b1db-e7ae-450c-887b-29adc31df765] Adding new dynamic property: PropertyDescriptor[simple]
[pool-2438-thread-1] INFO org.apache.nifi.processors.standard.RouteText - RouteText[id=fc47b1db-e7ae-450c-887b-29adc31df765] Created FlowFile[233,96217371825331.mockFlowFile,23B] from FlowFile[232,96217371825331.mockFlowFile,23B]; routing to relationship simple
[pool-2438-thread-1] INFO org.apache.nifi.processors.standard.RouteText - RouteText[id=fc47b1db-e7ae-450c-887b-29adc31df765] Routing FlowFile[232,96217371825331.mockFlowFile,23B] to original
[main] DEBUG org.apache.nifi.processors.standard.RouteText - RouteText[id=fc47b1db-e7ae-450c-887b-29adc31df765] Adding new dynamic property: PropertyDescriptor[simple]
[pool-2439-thread-1] INFO org.apache.nifi.processors.standard.RouteText - RouteText[id=fc47b1db-e7ae-450c-887b-29adc31df765] Created FlowFile[235,96217372334656.mockFlowFile,23B] from FlowFile[234,96217372334656.mockFlowFile,23B]; routing to relationship simple
[pool-2439-thread-1] INFO org.apache.nifi.processors.standard.RouteText - RouteText[id=fc47b1db-e7ae-450c-887b-29adc31df765] Routing FlowFile[234,96217372334656.mockFlowFile,23B] to original
[main] DEBUG org.apache.nifi.processors.standard.RouteText - RouteText[id=fc47b1db-e7ae-450c-887b-29adc31df765] Adding new dynamic property: PropertyDescriptor[simple]
[pool-2440-thread-1] INFO org.apache.nifi.processors.standard.RouteText - RouteText[id=fc47b1db-e7ae-450c-887b-29adc31df765] Created FlowFile[237,96217372881803.mockFlowFile,23B] from FlowFile[236,96217372881803.mockFlowFile,23B]; routing to relationship simple
[pool-2440-thread-1] INFO org.apache.nifi.processors.standard.RouteText - RouteText[id=fc47b1db-e7ae-450c-887b-29adc31df765] Routing FlowFile[236,96217372881803.mockFlowFile,23B] to original
[main] DEBUG org.apache.nifi.processors.standard.RouteText - RouteText[id=fc47b1db-e7ae-450c-887b-29adc31df765] Adding new dynamic property: PropertyDescriptor[simple]
[pool-2441-thread-1] INFO org.apache.nifi.processors.standard.RouteText - RouteText[id=fc47b1db-e7ae-450c-887b-29adc31df765] Created FlowFile[239,96217373393021.mockFlowFile,23B] from FlowFile[238,96217373393021.mockFlowFile,23B]; routing to relationship simple
[pool-2441-thread-1] INFO org.apache.nifi.processors.standard.RouteText - RouteText[id=fc47b1db-e7ae-450c-887b-29adc31df765] Routing FlowFile[238,96217373393021.mockFlowFile,23B] to original
[main] DEBUG org.apache.nifi.processors.standard.RouteText - RouteText[id=fc47b1db-e7ae-450c-887b-29adc31df765] Adding new dynamic property: PropertyDescriptor[simple]
[pool-2442-thread-1] INFO org.apache.nifi.processors.standard.RouteText - RouteText[id=fc47b1db-e7ae-450c-887b-29adc31df765] Created FlowFile[241,96217373900660.mockFlowFile,23B] from FlowFile[240,96217373900660.mockFlowFile,23B]; routing to relationship simple
[pool-2442-thread-1] INFO org.apache.nifi.processors.standard.RouteText - RouteText[id=fc47b1db-e7ae-450c-887b-29adc31df765] Routing FlowFile[240,96217373900660.mockFlowFile,23B] to original
[main] DEBUG org.apache.nifi.processors.standard.RouteText - RouteText[id=fc47b1db-e7ae-450c-887b-29adc31df765] Adding new dynamic property: PropertyDescriptor[simple]
[pool-2443-thread-1] INFO org.apache.nifi.processors.standard.RouteText - RouteText[id=fc47b1db-e7ae-450c-887b-29adc31df765] Created FlowFile[243,96217374294912.mockFlowFile,23B] from FlowFile[242,96217374294912.mockFlowFile,23B]; routing to relationship simple
[pool-2443-thread-1] INFO org.apache.nifi.processors.standard.RouteText - RouteText[id=fc47b1db-e7ae-450c-887b-29adc31df765] Routing FlowFile[242,96217374294912.mockFlowFile,23B] to original
[main] DEBUG org.apache.nifi.processors.standard.RouteText - RouteText[id=fc47b1db-e7ae-450c-887b-29adc31df765] Adding new dynamic property: PropertyDescriptor[simple]
[pool-2444-thread-1] INFO org.apache.nifi.processors.standard.RouteText - RouteText[id=fc47b1db-e7ae-450c-887b-29adc31df765] Created FlowFile[245,96217374729699.mockFlowFile,23B] from FlowFile[244,96217374729699.mockFlowFile,23B]; routing to relationship simple
[pool-2444-thread-1] INFO org.apache.nifi.processors.standard.RouteText - RouteText[id=fc47b1db-e7ae-450c-887b-29adc31df765] Routing FlowFile[244,96217374729699.mockFlowFile,23B] to original
[main] DEBUG org.apache.nifi.processors.standard.RouteText - RouteText[id=fc47b1db-e7ae-450c-887b-29adc31df765] Adding new dynamic property: PropertyDescriptor[simple]
[pool-2445-thread-1] INFO org.apache.nifi.processors.standard.RouteText - RouteText[id=fc47b1db-e7ae-450c-887b-29adc31df765] Created FlowFile[247,96217375396170.mockFlowFile,23B] from FlowFile[246,96217375396170.mockFlowFile,23B]; routing to relationship simple
[pool-2445-thread-1] INFO org.apache.nifi.processors.standard.RouteText - RouteText[id=fc47b1db-e7ae-450c-887b-29adc31df765] Routing FlowFile[246,96217375396170.mockFlowFile,23B] to original
[main] DEBUG org.apache.nifi.processors.standard.RouteText - RouteText[id=fc47b1db-e7ae-450c-887b-29adc31df765] Adding new dynamic property: PropertyDescriptor[simple]
[pool-2446-thread-1] INFO org.apache.nifi.processors.standard.RouteText - RouteText[id=fc47b1db-e7ae-450c-887b-29adc31df765] Created FlowFile[249,96217375996603.mockFlowFile,23B] from FlowFile[248,96217375996603.mockFlowFile,23B]; routing to relationship simple
[pool-2446-thread-1] INFO org.apache.nifi.processors.standard.RouteText - RouteText[id=fc47b1db-e7ae-450c-887b-29adc31df765] Routing FlowFile[248,96217375996603.mockFlowFile,23B] to original
[main] DEBUG org.apache.nifi.processors.standard.RouteText - RouteText[id=fc47b1db-e7ae-450c-887b-29adc31df765] Adding new dynamic property: PropertyDescriptor[simple]
[pool-2447-thread-1] INFO org.apache.nifi.processors.standard.RouteText - RouteText[id=fc47b1db-e7ae-450c-887b-29adc31df765] Created FlowFile[251,96217376686931.mockFlowFile,23B] from FlowFile[250,96217376686931.mockFlowFile,23B]; routing to relationship simple
[pool-2447-thread-1] INFO org.apache.nifi.processors.standard.RouteText - RouteText[id=fc47b1db-e7ae-450c-887b-29adc31df765] Routing FlowFile[250,96217376686931.mockFlowFile,23B] to original
[main] DEBUG org.apache.nifi.processors.standard.RouteText - RouteText[id=fc47b1db-e7ae-450c-887b-29adc31df765] Adding new dynamic property: PropertyDescriptor[simple]
[pool-2448-thread-1] INFO org.apache.nifi.processors.standard.RouteText - RouteText[id=fc47b1db-e7ae-450c-887b-29adc31df765] Created FlowFile[253,96217377310883.mockFlowFile,23B] from FlowFile[252,96217377310883.mockFlowFile,23B]; routing to relationship simple
[pool-2448-thread-1] INFO org.apache.nifi.processors.standard.RouteText - RouteText[id=fc47b1db-e7ae-450c-887b-29adc31df765] Routing FlowFile[252,96217377310883.mockFlowFile,23B] to original
[main] DEBUG org.apache.nifi.processors.standard.RouteText - RouteText[id=fc47b1db-e7ae-450c-887b-29adc31df765] Adding new dynamic property: PropertyDescriptor[simple]
[pool-2449-thread-1] INFO org.apache.nifi.processors.standard.RouteText - RouteText[id=fc47b1db-e7ae-450c-887b-29adc31df765] Created FlowFile[255,96217377861178.mockFlowFile,23B] from FlowFile[254,96217377861178.mockFlowFile,23B]; routing to relationship simple
[pool-2449-thread-1] INFO org.apache.nifi.processors.standard.RouteText - RouteText[id=fc47b1db-e7ae-450c-887b-29adc31df765] Routing FlowFile[254,96217377861178.mockFlowFile,23B] to original
[main] DEBUG org.apache.nifi.processors.standard.RouteText - RouteText[id=fc47b1db-e7ae-450c-887b-29adc31df765] Adding new dynamic property: PropertyDescriptor[simple]
[pool-2450-thread-1] INFO org.apache.nifi.processors.standard.RouteText - RouteText[id=fc47b1db-e7ae-450c-887b-29adc31df765] Created FlowFile[257,96217378520237.mockFlowFile,23B] from FlowFile[256,96217378520237.mockFlowFile,23B]; routing to relationship simple
[pool-2450-thread-1] INFO org.apache.nifi.processors.standard.RouteText - RouteText[id=fc47b1db-e7ae-450c-887b-29adc31df765] Routing FlowFile[256,96217378520237.mockFlowFile,23B] to original
[main] DEBUG org.apache.nifi.processors.standard.RouteText - RouteText[id=fc47b1db-e7ae-450c-887b-29adc31df765] Adding new dynamic property: PropertyDescriptor[simple]
[pool-2451-thread-1] INFO org.apache.nifi.processors.standard.RouteText - RouteText[id=fc47b1db-e7ae-450c-887b-29adc31df765] Created FlowFile[259,96217378998160.mockFlowFile,23B] from FlowFile[258,96217378998160.mockFlowFile,23B]; routing to relationship simple
[pool-2451-thread-1] INFO org.apache.nifi.processors.standard.RouteText - RouteText[id=fc47b1db-e7ae-450c-887b-29adc31df765] Routing FlowFile[258,96217378998160.mockFlowFile,23B] to original
[main] DEBUG org.apache.nifi.processors.standard.RouteText - RouteText[id=fc47b1db-e7ae-450c-887b-29adc31df765] Adding new dynamic property: PropertyDescriptor[simple]
[pool-2452-thread-1] INFO org.apache.nifi.processors.standard.RouteText - RouteText[id=fc47b1db-e7ae-450c-887b-29adc31df765] Created FlowFile[261,96217379656403.mockFlowFile,23B] from FlowFile[260,96217379656403.mockFlowFile,23B]; routing to relationship simple
[pool-2452-thread-1] INFO org.apache.nifi.processors.standard.RouteText - RouteText[id=fc47b1db-e7ae-450c-887b-29adc31df765] Routing FlowFile[260,96217379656403.mockFlowFile,23B] to original
[main] DEBUG org.apache.nifi.processors.standard.RouteText - RouteText[id=fc47b1db-e7ae-450c-887b-29adc31df765] Adding new dynamic property: PropertyDescriptor[simple]
[pool-2453-thread-1] INFO org.apache.nifi.processors.standard.RouteText - RouteText[id=fc47b1db-e7ae-450c-887b-29adc31df765] Created FlowFile[263,96217380148091.mockFlowFile,23B] from FlowFile[262,96217380148091.mockFlowFile,23B]; routing to relationship simple
[pool-2453-thread-1] INFO org.apache.nifi.processors.standard.RouteText - RouteText[id=fc47b1db-e7ae-450c-887b-29adc31df765] Routing FlowFile[262,96217380148091.mockFlowFile,23B] to original
[main] DEBUG org.apache.nifi.processors.standard.RouteText - RouteText[id=fc47b1db-e7ae-450c-887b-29adc31df765] Adding new dynamic property: PropertyDescriptor[simple]
[pool-2454-thread-1] INFO org.apache.nifi.processors.standard.RouteText - RouteText[id=fc47b1db-e7ae-450c-887b-29adc31df765] Created FlowFile[265,96217380718822.mockFlowFile,23B] from FlowFile[264,96217380718822.mockFlowFile,23B]; routing to relationship simple
[pool-2454-thread-1] INFO org.apache.nifi.processors.standard.RouteText - RouteText[id=fc47b1db-e7ae-450c-887b-29adc31df765] Routing FlowFile[264,96217380718822.mockFlowFile,23B] to original
[main] DEBUG org.apache.nifi.processors.standard.RouteText - RouteText[id=fc47b1db-e7ae-450c-887b-29adc31df765] Adding new dynamic property: PropertyDescriptor[simple]
[pool-2455-thread-1] INFO org.apache.nifi.processors.standard.RouteText - RouteText[id=fc47b1db-e7ae-450c-887b-29adc31df765] Created FlowFile[267,96217381265682.mockFlowFile,23B] from FlowFile[266,96217381265682.mockFlowFile,23B]; routing to relationship simple
[pool-2455-thread-1] INFO org.apache.nifi.processors.standard.RouteText - RouteText[id=fc47b1db-e7ae-450c-887b-29adc31df765] Routing FlowFile[266,96217381265682.mockFlowFile,23B] to original
[main] DEBUG org.apache.nifi.processors.standard.RouteText - RouteText[id=fc47b1db-e7ae-450c-887b-29adc31df765] Adding new dynamic property: PropertyDescriptor[simple]
[pool-2456-thread-1] INFO org.apache.nifi.processors.standard.RouteText - RouteText[id=fc47b1db-e7ae-450c-887b-29adc31df765] Created FlowFile[269,96217381810749.mockFlowFile,23B] from FlowFile[268,96217381810749.mockFlowFile,23B]; routing to relationship simple
[pool-2456-thread-1] INFO org.apache.nifi.processors.standard.RouteText - RouteText[id=fc47b1db-e7ae-450c-887b-29adc31df765] Routing FlowFile[268,96217381810749.mockFlowFile,23B] to original
[main] DEBUG org.apache.nifi.processors.standard.RouteText - RouteText[id=fc47b1db-e7ae-450c-887b-29adc31df765] Adding new dynamic property: PropertyDescriptor[simple]
[pool-2457-thread-1] INFO org.apache.nifi.processors.standard.RouteText - RouteText[id=fc47b1db-e7ae-450c-887b-29adc31df765] Created FlowFile[271,96217382220067.mockFlowFile,23B] from FlowFile[270,96217382220067.mockFlowFile,23B]; routing to relationship simple
[pool-2457-thread-1] INFO org.apache.nifi.processors.standard.RouteText - RouteText[id=fc47b1db-e7ae-450c-887b-29adc31df765] Routing FlowFile[270,96217382220067.mockFlowFile,23B] to original
[main] DEBUG org.apache.nifi.processors.standard.RouteText - RouteText[id=fc47b1db-e7ae-450c-887b-29adc31df765] Adding new dynamic property: PropertyDescriptor[simple]
[pool-2458-thread-1] INFO org.apache.nifi.processors.standard.RouteText - RouteText[id=fc47b1db-e7ae-450c-887b-29adc31df765] Created FlowFile[273,96217382688304.mockFlowFile,23B] from FlowFile[272,96217382688304.mockFlowFile,23B]; routing to relationship simple
[pool-2458-thread-1] INFO org.apache.nifi.processors.standard.RouteText - RouteText[id=fc47b1db-e7ae-450c-887b-29adc31df765] Routing FlowFile[272,96217382688304.mockFlowFile,23B] to original
[main] DEBUG org.apache.nifi.processors.standard.RouteText - RouteText[id=fc47b1db-e7ae-450c-887b-29adc31df765] Adding new dynamic property: PropertyDescriptor[simple]
[pool-2459-thread-1] INFO org.apache.nifi.processors.standard.RouteText - RouteText[id=fc47b1db-e7ae-450c-887b-29adc31df765] Created FlowFile[275,96217383167243.mockFlowFile,23B] from FlowFile[274,96217383167243.mockFlowFile,23B]; routing to relationship simple
[pool-2459-thread-1] INFO org.apache.nifi.processors.standard.RouteText - RouteText[id=fc47b1db-e7ae-450c-887b-29adc31df765] Routing FlowFile[274,96217383167243.mockFlowFile,23B] to original
[main] DEBUG org.apache.nifi.processors.standard.RouteText - RouteText[id=fc47b1db-e7ae-450c-887b-29adc31df765] Adding new dynamic property: PropertyDescriptor[simple]
[pool-2460-thread-1] INFO org.apache.nifi.processors.standard.RouteText - RouteText[id=fc47b1db-e7ae-450c-887b-29adc31df765] Created FlowFile[277,96217383722552.mockFlowFile,23B] from FlowFile[276,96217383722552.mockFlowFile,23B]; routing to relationship simple
[pool-2460-thread-1] INFO org.apache.nifi.processors.standard.RouteText - RouteText[id=fc47b1db-e7ae-450c-887b-29adc31df765] Routing FlowFile[276,96217383722552.mockFlowFile,23B] to original
[main] DEBUG org.apache.nifi.processors.standard.RouteText - RouteText[id=fc47b1db-e7ae-450c-887b-29adc31df765] Adding new dynamic property: PropertyDescriptor[simple]
[pool-2461-thread-1] INFO org.apache.nifi.processors.standard.RouteText - RouteText[id=fc47b1db-e7ae-450c-887b-29adc31df765] Created FlowFile[279,96217384214651.mockFlowFile,23B] from FlowFile[278,96217384214651.mockFlowFile,23B]; routing to relationship simple
[pool-2461-thread-1] INFO org.apache.nifi.processors.standard.RouteText - RouteText[id=fc47b1db-e7ae-450c-887b-29adc31df765] Routing FlowFile[278,96217384214651.mockFlowFile,23B] to original
[main] DEBUG org.apache.nifi.processors.standard.RouteText - RouteText[id=fc47b1db-e7ae-450c-887b-29adc31df765] Adding new dynamic property: PropertyDescriptor[simple]
[pool-2462-thread-1] INFO org.apache.nifi.processors.standard.RouteText - RouteText[id=fc47b1db-e7ae-450c-887b-29adc31df765] Created FlowFile[281,96217384750287.mockFlowFile,23B] from FlowFile[280,96217384750287.mockFlowFile,23B]; routing to relationship simple
[pool-2462-thread-1] INFO org.apache.nifi.processors.standard.RouteText - RouteText[id=fc47b1db-e7ae-450c-887b-29adc31df765] Routing FlowFile[280,96217384750287.mockFlowFile,23B] to original
[main] DEBUG org.apache.nifi.processors.standard.RouteText - RouteText[id=fc47b1db-e7ae-450c-887b-29adc31df765] Adding new dynamic property: PropertyDescriptor[simple]
[pool-2463-thread-1] INFO org.apache.nifi.processors.standard.RouteText - RouteText[id=fc47b1db-e7ae-450c-887b-29adc31df765] Created FlowFile[283,96217385291087.mockFlowFile,23B] from FlowFile[282,96217385291087.mockFlowFile,23B]; routing to relationship simple
[pool-2463-thread-1] INFO org.apache.nifi.processors.standard.RouteText - RouteText[id=fc47b1db-e7ae-450c-887b-29adc31df765] Routing FlowFile[282,96217385291087.mockFlowFile,23B] to original
[main] DEBUG org.apache.nifi.processors.standard.RouteText - RouteText[id=fc47b1db-e7ae-450c-887b-29adc31df765] Adding new dynamic property: PropertyDescriptor[simple]
[pool-2464-thread-1] INFO org.apache.nifi.processors.standard.RouteText - RouteText[id=fc47b1db-e7ae-450c-887b-29adc31df765] Created FlowFile[285,96217385821416.mockFlowFile,23B] from FlowFile[284,96217385821416.mockFlowFile,23B]; routing to relationship simple
[pool-2464-thread-1] INFO org.apache.nifi.processors.standard.RouteText - RouteText[id=fc47b1db-e7ae-450c-887b-29adc31df765] Routing FlowFile[284,96217385821416.mockFlowFile,23B] to original
[main] DEBUG org.apache.nifi.processors.standard.RouteText - RouteText[id=fc47b1db-e7ae-450c-887b-29adc31df765] Adding new dynamic property: PropertyDescriptor[simple]
[pool-2465-thread-1] INFO org.apache.nifi.processors.standard.RouteText - RouteText[id=fc47b1db-e7ae-450c-887b-29adc31df765] Created FlowFile[287,96217386380175.mockFlowFile,23B] from FlowFile[286,96217386380175.mockFlowFile,23B]; routing to relationship simple
[pool-2465-thread-1] INFO org.apache.nifi.processors.standard.RouteText - RouteText[id=fc47b1db-e7ae-450c-887b-29adc31df765] Routing FlowFile[286,96217386380175.mockFlowFile,23B] to original
[main] DEBUG org.apache.nifi.processors.standard.RouteText - RouteText[id=fc47b1db-e7ae-450c-887b-29adc31df765] Adding new dynamic property: PropertyDescriptor[simple]
[pool-2466-thread-1] INFO org.apache.nifi.processors.standard.RouteText - RouteText[id=fc47b1db-e7ae-450c-887b-29adc31df765] Created FlowFile[289,96217386874145.mockFlowFile,23B] from FlowFile[288,96217386874145.mockFlowFile,23B]; routing to relationship simple
[pool-2466-thread-1] INFO org.apache.nifi.processors.standard.RouteText - RouteText[id=fc47b1db-e7ae-450c-887b-29adc31df765] Routing FlowFile[288,96217386874145.mockFlowFile,23B] to original
[main] DEBUG org.apache.nifi.processors.standard.RouteText - RouteText[id=fc47b1db-e7ae-450c-887b-29adc31df765] Adding new dynamic property: PropertyDescriptor[simple]
[pool-2467-thread-1] INFO org.apache.nifi.processors.standard.RouteText - RouteText[id=fc47b1db-e7ae-450c-887b-29adc31df765] Created FlowFile[291,96217387403457.mockFlowFile,23B] from FlowFile[290,96217387403457.mockFlowFile,23B]; routing to relationship simple
[pool-2467-thread-1] INFO org.apache.nifi.processors.standard.RouteText - RouteText[id=fc47b1db-e7ae-450c-887b-29adc31df765] Routing FlowFile[290,96217387403457.mockFlowFile,23B] to original
[main] DEBUG org.apache.nifi.processors.standard.RouteText - RouteText[id=fc47b1db-e7ae-450c-887b-29adc31df765] Adding new dynamic property: PropertyDescriptor[simple]
[pool-2468-thread-1] INFO org.apache.nifi.processors.standard.RouteText - RouteText[id=fc47b1db-e7ae-450c-887b-29adc31df765] Created FlowFile[293,96217387895923.mockFlowFile,23B] from FlowFile[292,96217387895923.mockFlowFile,23B]; routing to relationship simple
[pool-2468-thread-1] INFO org.apache.nifi.processors.standard.RouteText - RouteText[id=fc47b1db-e7ae-450c-887b-29adc31df765] Routing FlowFile[292,96217387895923.mockFlowFile,23B] to original
[main] DEBUG org.apache.nifi.processors.standard.RouteText - RouteText[id=fc47b1db-e7ae-450c-887b-29adc31df765] Adding new dynamic property: PropertyDescriptor[simple]
[pool-2469-thread-1] INFO org.apache.nifi.processors.standard.RouteText - RouteText[id=fc47b1db-e7ae-450c-887b-29adc31df765] Created FlowFile[295,96217388506931.mockFlowFile,23B] from FlowFile[294,96217388506931.mockFlowFile,23B]; routing to relationship simple
[pool-2469-thread-1] INFO org.apache.nifi.processors.standard.RouteText - RouteText[id=fc47b1db-e7ae-450c-887b-29adc31df765] Routing FlowFile[294,96217388506931.mockFlowFile,23B] to original
[main] DEBUG org.apache.nifi.processors.standard.RouteText - RouteText[id=fc47b1db-e7ae-450c-887b-29adc31df765] Adding new dynamic property: PropertyDescriptor[simple]
[pool-2470-thread-1] INFO org.apache.nifi.processors.standard.RouteText - RouteText[id=fc47b1db-e7ae-450c-887b-29adc31df765] Created FlowFile[297,96217389076184.mockFlowFile,23B] from FlowFile[296,96217389076184.mockFlowFile,23B]; routing to relationship simple
[pool-2470-thread-1] INFO org.apache.nifi.processors.standard.RouteText - RouteText[id=fc47b1db-e7ae-450c-887b-29adc31df765] Routing FlowFile[296,96217389076184.mockFlowFile,23B] to original
[main] DEBUG org.apache.nifi.processors.standard.RouteText - RouteText[id=fc47b1db-e7ae-450c-887b-29adc31df765] Adding new dynamic property: PropertyDescriptor[simple]
[pool-2471-thread-1] INFO org.apache.nifi.processors.standard.RouteText - RouteText[id=fc47b1db-e7ae-450c-887b-29adc31df765] Created FlowFile[299,96217389680340.mockFlowFile,23B] from FlowFile[298,96217389680340.mockFlowFile,23B]; routing to relationship simple
[pool-2471-thread-1] INFO org.apache.nifi.processors.standard.RouteText - RouteText[id=fc47b1db-e7ae-450c-887b-29adc31df765] Routing FlowFile[298,96217389680340.mockFlowFile,23B] to original
[main] DEBUG org.apache.nifi.processors.standard.RouteText - RouteText[id=fc47b1db-e7ae-450c-887b-29adc31df765] Adding new dynamic property: PropertyDescriptor[simple]
[pool-2472-thread-1] INFO org.apache.nifi.processors.standard.RouteText - RouteText[id=fc47b1db-e7ae-450c-887b-29adc31df765] Created FlowFile[301,96217390244350.mockFlowFile,23B] from FlowFile[300,96217390244350.mockFlowFile,23B]; routing to relationship simple
[pool-2472-thread-1] INFO org.apache.nifi.processors.standard.RouteText - RouteText[id=fc47b1db-e7ae-450c-887b-29adc31df765] Routing FlowFile[300,96217390244350.mockFlowFile,23B] to original
[main] DEBUG org.apache.nifi.processors.standard.RouteText - RouteText[id=fc47b1db-e7ae-450c-887b-29adc31df765] Adding new dynamic property: PropertyDescriptor[simple]
[pool-2473-thread-1] INFO org.apache.nifi.processors.standard.RouteText - RouteText[id=fc47b1db-e7ae-450c-887b-29adc31df765] Created FlowFile[303,96217390762871.mockFlowFile,23B] from FlowFile[302,96217390762871.mockFlowFile,23B]; routing to relationship simple
[pool-2473-thread-1] INFO org.apache.nifi.processors.standard.RouteText - RouteText[id=fc47b1db-e7ae-450c-887b-29adc31df765] Routing FlowFile[302,96217390762871.mockFlowFile,23B] to original
[main] DEBUG org.apache.nifi.processors.standard.RouteText - RouteText[id=fc47b1db-e7ae-450c-887b-29adc31df765] Adding new dynamic property: PropertyDescriptor[simple]
[pool-2474-thread-1] INFO org.apache.nifi.processors.standard.RouteText - RouteText[id=fc47b1db-e7ae-450c-887b-29adc31df765] Created FlowFile[305,96217391249641.mockFlowFile,23B] from FlowFile[304,96217391249641.mockFlowFile,23B]; routing to relationship simple
[pool-2474-thread-1] INFO org.apache.nifi.processors.standard.RouteText - RouteText[id=fc47b1db-e7ae-450c-887b-29adc31df765] Routing FlowFile[304,96217391249641.mockFlowFile,23B] to original
[main] DEBUG org.apache.nifi.processors.standard.RouteText - RouteText[id=fc47b1db-e7ae-450c-887b-29adc31df765] Adding new dynamic property: PropertyDescriptor[simple]
[pool-2475-thread-1] INFO org.apache.nifi.processors.standard.RouteText - RouteText[id=fc47b1db-e7ae-450c-887b-29adc31df765] Created FlowFile[307,96217391798575.mockFlowFile,23B] from FlowFile[306,96217391798575.mockFlowFile,23B]; routing to relationship simple
[pool-2475-thread-1] INFO org.apache.nifi.processors.standard.RouteText - RouteText[id=fc47b1db-e7ae-450c-887b-29adc31df765] Routing FlowFile[306,96217391798575.mockFlowFile,23B] to original
[main] DEBUG org.apache.nifi.processors.standard.RouteText - RouteText[id=fc47b1db-e7ae-450c-887b-29adc31df765] Adding new dynamic property: PropertyDescriptor[simple]
[pool-2476-thread-1] INFO org.apache.nifi.processors.standard.RouteText - RouteText[id=fc47b1db-e7ae-450c-887b-29adc31df765] Created FlowFile[309,96217392405042.mockFlowFile,23B] from FlowFile[308,96217392405042.mockFlowFile,23B]; routing to relationship simple
[pool-2476-thread-1] INFO org.apache.nifi.processors.standard.RouteText - RouteText[id=fc47b1db-e7ae-450c-887b-29adc31df765] Routing FlowFile[308,96217392405042.mockFlowFile,23B] to original
[main] DEBUG org.apache.nifi.processors.standard.RouteText - RouteText[id=fc47b1db-e7ae-450c-887b-29adc31df765] Adding new dynamic property: PropertyDescriptor[simple]
[pool-2477-thread-1] INFO org.apache.nifi.processors.standard.RouteText - RouteText[id=fc47b1db-e7ae-450c-887b-29adc31df765] Created FlowFile[311,96217392906760.mockFlowFile,23B] from FlowFile[310,96217392906760.mockFlowFile,23B]; routing to relationship simple
[pool-2477-thread-1] INFO org.apache.nifi.processors.standard.RouteText - RouteText[id=fc47b1db-e7ae-450c-887b-29adc31df765] Routing FlowFile[310,96217392906760.mockFlowFile,23B] to original
[main] DEBUG org.apache.nifi.processors.standard.RouteText - RouteText[id=fc47b1db-e7ae-450c-887b-29adc31df765] Adding new dynamic property: PropertyDescriptor[simple]
[pool-2478-thread-1] INFO org.apache.nifi.processors.standard.RouteText - RouteText[id=fc47b1db-e7ae-450c-887b-29adc31df765] Created FlowFile[313,96217393442862.mockFlowFile,23B] from FlowFile[312,96217393442862.mockFlowFile,23B]; routing to relationship simple
[pool-2478-thread-1] INFO org.apache.nifi.processors.standard.RouteText - RouteText[id=fc47b1db-e7ae-450c-887b-29adc31df765] Routing FlowFile[312,96217393442862.mockFlowFile,23B] to original
[main] DEBUG org.apache.nifi.processors.standard.RouteText - RouteText[id=fc47b1db-e7ae-450c-887b-29adc31df765] Adding new dynamic property: PropertyDescriptor[simple]
[pool-2479-thread-1] INFO org.apache.nifi.processors.standard.RouteText - RouteText[id=fc47b1db-e7ae-450c-887b-29adc31df765] Created FlowFile[315,96217393942869.mockFlowFile,23B] from FlowFile[314,96217393942869.mockFlowFile,23B]; routing to relationship simple
[pool-2479-thread-1] INFO org.apache.nifi.processors.standard.RouteText - RouteText[id=fc47b1db-e7ae-450c-887b-29adc31df765] Routing FlowFile[314,96217393942869.mockFlowFile,23B] to original
[main] DEBUG org.apache.nifi.processors.standard.RouteText - RouteText[id=fc47b1db-e7ae-450c-887b-29adc31df765] Adding new dynamic property: PropertyDescriptor[simple]
[pool-2480-thread-1] INFO org.apache.nifi.processors.standard.RouteText - RouteText[id=fc47b1db-e7ae-450c-887b-29adc31df765] Created FlowFile[317,96217394444702.mockFlowFile,23B] from FlowFile[316,96217394444702.mockFlowFile,23B]; routing to relationship simple
[pool-2480-thread-1] INFO org.apache.nifi.processors.standard.RouteText - RouteText[id=fc47b1db-e7ae-450c-887b-29adc31df765] Routing FlowFile[316,96217394444702.mockFlowFile,23B] to original
[main] DEBUG org.apache.nifi.processors.standard.RouteText - RouteText[id=fc47b1db-e7ae-450c-887b-29adc31df765] Adding new dynamic property: PropertyDescriptor[simple]
[pool-2481-thread-1] INFO org.apache.nifi.processors.standard.RouteText - RouteText[id=fc47b1db-e7ae-450c-887b-29adc31df765] Created FlowFile[319,96217394881973.mockFlowFile,23B] from FlowFile[318,96217394881973.mockFlowFile,23B]; routing to relationship simple
[pool-2481-thread-1] INFO org.apache.nifi.processors.standard.RouteText - RouteText[id=fc47b1db-e7ae-450c-887b-29adc31df765] Routing FlowFile[318,96217394881973.mockFlowFile,23B] to original
[main] DEBUG org.apache.nifi.processors.standard.RouteText - RouteText[id=fc47b1db-e7ae-450c-887b-29adc31df765] Adding new dynamic property: PropertyDescriptor[simple]
[pool-2482-thread-1] INFO org.apache.nifi.processors.standard.RouteText - RouteText[id=fc47b1db-e7ae-450c-887b-29adc31df765] Created FlowFile[321,96217395340072.mockFlowFile,23B] from FlowFile[320,96217395340072.mockFlowFile,23B]; routing to relationship simple
[pool-2482-thread-1] INFO org.apache.nifi.processors.standard.RouteText - RouteText[id=fc47b1db-e7ae-450c-887b-29adc31df765] Routing FlowFile[320,96217395340072.mockFlowFile,23B] to original
[main] DEBUG org.apache.nifi.processors.standard.RouteText - RouteText[id=fc47b1db-e7ae-450c-887b-29adc31df765] Adding new dynamic property: PropertyDescriptor[simple]
[pool-2483-thread-1] INFO org.apache.nifi.processors.standard.RouteText - RouteText[id=fc47b1db-e7ae-450c-887b-29adc31df765] Created FlowFile[323,96217395789956.mockFlowFile,23B] from FlowFile[322,96217395789956.mockFlowFile,23B]; routing to relationship simple
[pool-2483-thread-1] INFO org.apache.nifi.processors.standard.RouteText - RouteText[id=fc47b1db-e7ae-450c-887b-29adc31df765] Routing FlowFile[322,96217395789956.mockFlowFile,23B] to original
[main] DEBUG org.apache.nifi.processors.standard.RouteText - RouteText[id=fc47b1db-e7ae-450c-887b-29adc31df765] Adding new dynamic property: PropertyDescriptor[simple]
[pool-2484-thread-1] INFO org.apache.nifi.processors.standard.RouteText - RouteText[id=fc47b1db-e7ae-450c-887b-29adc31df765] Created FlowFile[325,96217396267846.mockFlowFile,23B] from FlowFile[324,96217396267846.mockFlowFile,23B]; routing to relationship simple
[pool-2484-thread-1] INFO org.apache.nifi.processors.standard.RouteText - RouteText[id=fc47b1db-e7ae-450c-887b-29adc31df765] Routing FlowFile[324,96217396267846.mockFlowFile,23B] to original
[main] DEBUG org.apache.nifi.processors.standard.RouteText - RouteText[id=fc47b1db-e7ae-450c-887b-29adc31df765] Adding new dynamic property: PropertyDescriptor[simple]
[pool-2485-thread-1] INFO org.apache.nifi.processors.standard.RouteText - RouteText[id=fc47b1db-e7ae-450c-887b-29adc31df765] Created FlowFile[327,96217396810701.mockFlowFile,23B] from FlowFile[326,96217396810701.mockFlowFile,23B]; routing to relationship simple
[pool-2485-thread-1] INFO org.apache.nifi.processors.standard.RouteText - RouteText[id=fc47b1db-e7ae-450c-887b-29adc31df765] Routing FlowFile[326,96217396810701.mockFlowFile,23B] to original
[main] DEBUG org.apache.nifi.processors.standard.RouteText - RouteText[id=fc47b1db-e7ae-450c-887b-29adc31df765] Adding new dynamic property: PropertyDescriptor[simple]
[pool-2486-thread-1] INFO org.apache.nifi.processors.standard.RouteText - RouteText[id=fc47b1db-e7ae-450c-887b-29adc31df765] Created FlowFile[329,96217397327334.mockFlowFile,23B] from FlowFile[328,96217397327334.mockFlowFile,23B]; routing to relationship simple
[pool-2486-thread-1] INFO org.apache.nifi.processors.standard.RouteText - RouteText[id=fc47b1db-e7ae-450c-887b-29adc31df765] Routing FlowFile[328,96217397327334.mockFlowFile,23B] to original
[main] DEBUG org.apache.nifi.processors.standard.RouteText - RouteText[id=fc47b1db-e7ae-450c-887b-29adc31df765] Adding new dynamic property: PropertyDescriptor[simple]
[pool-2487-thread-1] INFO org.apache.nifi.processors.standard.RouteText - RouteText[id=fc47b1db-e7ae-450c-887b-29adc31df765] Created FlowFile[331,96217397819343.mockFlowFile,23B] from FlowFile[330,96217397819343.mockFlowFile,23B]; routing to relationship simple
[pool-2487-thread-1] INFO org.apache.nifi.processors.standard.RouteText - RouteText[id=fc47b1db-e7ae-450c-887b-29adc31df765] Routing FlowFile[330,96217397819343.mockFlowFile,23B] to original
[main] DEBUG org.apache.nifi.processors.standard.RouteText - RouteText[id=fc47b1db-e7ae-450c-887b-29adc31df765] Adding new dynamic property: PropertyDescriptor[simple]
[pool-2488-thread-1] INFO org.apache.nifi.processors.standard.RouteText - RouteText[id=fc47b1db-e7ae-450c-887b-29adc31df765] Created FlowFile[333,96217398372918.mockFlowFile,23B] from FlowFile[332,96217398372918.mockFlowFile,23B]; routing to relationship simple
[pool-2488-thread-1] INFO org.apache.nifi.processors.standard.RouteText - RouteText[id=fc47b1db-e7ae-450c-887b-29adc31df765] Routing FlowFile[332,96217398372918.mockFlowFile,23B] to original
[main] DEBUG org.apache.nifi.processors.standard.RouteText - RouteText[id=fc47b1db-e7ae-450c-887b-29adc31df765] Adding new dynamic property: PropertyDescriptor[simple]
[pool-2489-thread-1] INFO org.apache.nifi.processors.standard.RouteText - RouteText[id=fc47b1db-e7ae-450c-887b-29adc31df765] Created FlowFile[335,96217398826696.mockFlowFile,23B] from FlowFile[334,96217398826696.mockFlowFile,23B]; routing to relationship simple
[pool-2489-thread-1] INFO org.apache.nifi.processors.standard.RouteText - RouteText[id=fc47b1db-e7ae-450c-887b-29adc31df765] Routing FlowFile[334,96217398826696.mockFlowFile,23B] to original
[main] DEBUG org.apache.nifi.processors.standard.RouteText - RouteText[id=fc47b1db-e7ae-450c-887b-29adc31df765] Adding new dynamic property: PropertyDescriptor[simple]
[pool-2490-thread-1] INFO org.apache.nifi.processors.standard.RouteText - RouteText[id=fc47b1db-e7ae-450c-887b-29adc31df765] Created FlowFile[337,96217399310680.mockFlowFile,23B] from FlowFile[336,96217399310680.mockFlowFile,23B]; routing to relationship simple
[pool-2490-thread-1] INFO org.apache.nifi.processors.standard.RouteText - RouteText[id=fc47b1db-e7ae-450c-887b-29adc31df765] Routing FlowFile[336,96217399310680.mockFlowFile,23B] to original
[main] DEBUG org.apache.nifi.processors.standard.RouteText - RouteText[id=fc47b1db-e7ae-450c-887b-29adc31df765] Adding new dynamic property: PropertyDescriptor[simple]
[pool-2491-thread-1] INFO org.apache.nifi.processors.standard.RouteText - RouteText[id=fc47b1db-e7ae-450c-887b-29adc31df765] Created FlowFile[339,96217399747210.mockFlowFile,23B] from FlowFile[338,96217399747210.mockFlowFile,23B]; routing to relationship simple
[pool-2491-thread-1] INFO org.apache.nifi.processors.standard.RouteText - RouteText[id=fc47b1db-e7ae-450c-887b-29adc31df765] Routing FlowFile[338,96217399747210.mockFlowFile,23B] to original
[main] DEBUG org.apache.nifi.processors.standard.RouteText - RouteText[id=fc47b1db-e7ae-450c-887b-29adc31df765] Adding new dynamic property: PropertyDescriptor[simple]
[pool-2492-thread-1] INFO org.apache.nifi.processors.standard.RouteText - RouteText[id=fc47b1db-e7ae-450c-887b-29adc31df765] Created FlowFile[341,96217400148465.mockFlowFile,23B] from FlowFile[340,96217400148465.mockFlowFile,23B]; routing to relationship simple
[pool-2492-thread-1] INFO org.apache.nifi.processors.standard.RouteText - RouteText[id=fc47b1db-e7ae-450c-887b-29adc31df765] Routing FlowFile[340,96217400148465.mockFlowFile,23B] to original
[main] DEBUG org.apache.nifi.processors.standard.RouteText - RouteText[id=fc47b1db-e7ae-450c-887b-29adc31df765] Adding new dynamic property: PropertyDescriptor[simple]
[pool-2493-thread-1] INFO org.apache.nifi.processors.standard.RouteText - RouteText[id=fc47b1db-e7ae-450c-887b-29adc31df765] Created FlowFile[343,96217400631662.mockFlowFile,23B] from FlowFile[342,96217400631662.mockFlowFile,23B]; routing to relationship simple
[pool-2493-thread-1] INFO org.apache.nifi.processors.standard.RouteText - RouteText[id=fc47b1db-e7ae-450c-887b-29adc31df765] Routing FlowFile[342,96217400631662.mockFlowFile,23B] to original
[main] DEBUG org.apache.nifi.processors.standard.RouteText - RouteText[id=fc47b1db-e7ae-450c-887b-29adc31df765] Adding new dynamic property: PropertyDescriptor[simple]
[pool-2494-thread-1] INFO org.apache.nifi.processors.standard.RouteText - RouteText[id=fc47b1db-e7ae-450c-887b-29adc31df765] Created FlowFile[345,96217401085012.mockFlowFile,23B] from FlowFile[344,96217401085012.mockFlowFile,23B]; routing to relationship simple
[pool-2494-thread-1] INFO org.apache.nifi.processors.standard.RouteText - RouteText[id=fc47b1db-e7ae-450c-887b-29adc31df765] Routing FlowFile[344,96217401085012.mockFlowFile,23B] to original
[main] DEBUG org.apache.nifi.processors.standard.RouteText - RouteText[id=fc47b1db-e7ae-450c-887b-29adc31df765] Adding new dynamic property: PropertyDescriptor[simple]
[pool-2495-thread-1] INFO org.apache.nifi.processors.standard.RouteText - RouteText[id=fc47b1db-e7ae-450c-887b-29adc31df765] Created FlowFile[347,96217401474564.mockFlowFile,23B] from FlowFile[346,96217401474564.mockFlowFile,23B]; routing to relationship simple
[pool-2495-thread-1] INFO org.apache.nifi.processors.standard.RouteText - RouteText[id=fc47b1db-e7ae-450c-887b-29adc31df765] Routing FlowFile[346,96217401474564.mockFlowFile,23B] to original
[main] DEBUG org.apache.nifi.processors.standard.RouteText - RouteText[id=fc47b1db-e7ae-450c-887b-29adc31df765] Adding new dynamic property: PropertyDescriptor[simple]
[pool-2496-thread-1] INFO org.apache.nifi.processors.standard.RouteText - RouteText[id=fc47b1db-e7ae-450c-887b-29adc31df765] Created FlowFile[349,96217401880351.mockFlowFile,23B] from FlowFile[348,96217401880351.mockFlowFile,23B]; routing to relationship simple
[pool-2496-thread-1] INFO org.apache.nifi.processors.standard.RouteText - RouteText[id=fc47b1db-e7ae-450c-887b-29adc31df765] Routing FlowFile[348,96217401880351.mockFlowFile,23B] to original
[main] DEBUG org.apache.nifi.processors.standard.RouteText - RouteText[id=fc47b1db-e7ae-450c-887b-29adc31df765] Adding new dynamic property: PropertyDescriptor[simple]
[pool-2497-thread-1] INFO org.apache.nifi.processors.standard.RouteText - RouteText[id=fc47b1db-e7ae-450c-887b-29adc31df765] Created FlowFile[351,96217402221068.mockFlowFile,23B] from FlowFile[350,96217402221068.mockFlowFile,23B]; routing to relationship simple
[pool-2497-thread-1] INFO org.apache.nifi.processors.standard.RouteText - RouteText[id=fc47b1db-e7ae-450c-887b-29adc31df765] Routing FlowFile[350,96217402221068.mockFlowFile,23B] to original
[main] DEBUG org.apache.nifi.processors.standard.RouteText - RouteText[id=fc47b1db-e7ae-450c-887b-29adc31df765] Adding new dynamic property: PropertyDescriptor[simple]
[pool-2498-thread-1] INFO org.apache.nifi.processors.standard.RouteText - RouteText[id=fc47b1db-e7ae-450c-887b-29adc31df765] Created FlowFile[353,96217402605568.mockFlowFile,23B] from FlowFile[352,96217402605568.mockFlowFile,23B]; routing to relationship simple
[pool-2498-thread-1] INFO org.apache.nifi.processors.standard.RouteText - RouteText[id=fc47b1db-e7ae-450c-887b-29adc31df765] Routing FlowFile[352,96217402605568.mockFlowFile,23B] to original
[main] DEBUG org.apache.nifi.processors.standard.RouteText - RouteText[id=fc47b1db-e7ae-450c-887b-29adc31df765] Adding new dynamic property: PropertyDescriptor[simple]
[pool-2499-thread-1] INFO org.apache.nifi.processors.standard.RouteText - RouteText[id=fc47b1db-e7ae-450c-887b-29adc31df765] Created FlowFile[355,96217403076316.mockFlowFile,23B] from FlowFile[354,96217403076316.mockFlowFile,23B]; routing to relationship simple
[pool-2499-thread-1] INFO org.apache.nifi.processors.standard.RouteText - RouteText[id=fc47b1db-e7ae-450c-887b-29adc31df765] Routing FlowFile[354,96217403076316.mockFlowFile,23B] to original
[main] DEBUG org.apache.nifi.processors.standard.RouteText - RouteText[id=fc47b1db-e7ae-450c-887b-29adc31df765] Adding new dynamic property: PropertyDescriptor[simple]
[pool-2500-thread-1] INFO org.apache.nifi.processors.standard.RouteText - RouteText[id=fc47b1db-e7ae-450c-887b-29adc31df765] Created FlowFile[357,96217403655802.mockFlowFile,23B] from FlowFile[356,96217403655802.mockFlowFile,23B]; routing to relationship simple
[pool-2500-thread-1] INFO org.apache.nifi.processors.standard.RouteText - RouteText[id=fc47b1db-e7ae-450c-887b-29adc31df765] Routing FlowFile[356,96217403655802.mockFlowFile,23B] to original
[main] DEBUG org.apache.nifi.processors.standard.RouteText - RouteText[id=fc47b1db-e7ae-450c-887b-29adc31df765] Adding new dynamic property: PropertyDescriptor[simple]
[pool-2501-thread-1] INFO org.apache.nifi.processors.standard.RouteText - RouteText[id=fc47b1db-e7ae-450c-887b-29adc31df765] Created FlowFile[359,96217404110627.mockFlowFile,23B] from FlowFile[358,96217404110627.mockFlowFile,23B]; routing to relationship simple
[pool-2501-thread-1] INFO org.apache.nifi.processors.standard.RouteText - RouteText[id=fc47b1db-e7ae-450c-887b-29adc31df765] Routing FlowFile[358,96217404110627.mockFlowFile,23B] to original
[main] DEBUG org.apache.nifi.processors.standard.RouteText - RouteText[id=fc47b1db-e7ae-450c-887b-29adc31df765] Adding new dynamic property: PropertyDescriptor[simple]
[pool-2502-thread-1] INFO org.apache.nifi.processors.standard.RouteText - RouteText[id=fc47b1db-e7ae-450c-887b-29adc31df765] Created FlowFile[361,96217404592713.mockFlowFile,23B] from FlowFile[360,96217404592713.mockFlowFile,23B]; routing to relationship simple
[pool-2502-thread-1] INFO org.apache.nifi.processors.standard.RouteText - RouteText[id=fc47b1db-e7ae-450c-887b-29adc31df765] Routing FlowFile[360,96217404592713.mockFlowFile,23B] to original
[main] DEBUG org.apache.nifi.processors.standard.RouteText - RouteText[id=fc47b1db-e7ae-450c-887b-29adc31df765] Adding new dynamic property: PropertyDescriptor[simple]
[pool-2503-thread-1] INFO org.apache.nifi.processors.standard.RouteText - RouteText[id=fc47b1db-e7ae-450c-887b-29adc31df765] Created FlowFile[363,96217405142003.mockFlowFile,23B] from FlowFile[362,96217405142003.mockFlowFile,23B]; routing to relationship simple
[pool-2503-thread-1] INFO org.apache.nifi.processors.standard.RouteText - RouteText[id=fc47b1db-e7ae-450c-887b-29adc31df765] Routing FlowFile[362,96217405142003.mockFlowFile,23B] to original
[main] DEBUG org.apache.nifi.processors.standard.RouteText - RouteText[id=fc47b1db-e7ae-450c-887b-29adc31df765] Adding new dynamic property: PropertyDescriptor[simple]
[pool-2504-thread-1] INFO org.apache.nifi.processors.standard.RouteText - RouteText[id=fc47b1db-e7ae-450c-887b-29adc31df765] Created FlowFile[365,96217405672024.mockFlowFile,23B] from FlowFile[364,96217405672024.mockFlowFile,23B]; routing to relationship simple
[pool-2504-thread-1] INFO org.apache.nifi.processors.standard.RouteText - RouteText[id=fc47b1db-e7ae-450c-887b-29adc31df765] Routing FlowFile[364,96217405672024.mockFlowFile,23B] to original
[main] DEBUG org.apache.nifi.processors.standard.RouteText - RouteText[id=fc47b1db-e7ae-450c-887b-29adc31df765] Adding new dynamic property: PropertyDescriptor[simple]
[pool-2505-thread-1] INFO org.apache.nifi.processors.standard.RouteText - RouteText[id=fc47b1db-e7ae-450c-887b-29adc31df765] Created FlowFile[367,96217406124388.mockFlowFile,23B] from FlowFile[366,96217406124388.mockFlowFile,23B]; routing to relationship simple
[pool-2505-thread-1] INFO org.apache.nifi.processors.standard.RouteText - RouteText[id=fc47b1db-e7ae-450c-887b-29adc31df765] Routing FlowFile[366,96217406124388.mockFlowFile,23B] to original
[main] DEBUG org.apache.nifi.processors.standard.RouteText - RouteText[id=fc47b1db-e7ae-450c-887b-29adc31df765] Adding new dynamic property: PropertyDescriptor[simple]
[pool-2506-thread-1] INFO org.apache.nifi.processors.standard.RouteText - RouteText[id=fc47b1db-e7ae-450c-887b-29adc31df765] Created FlowFile[369,96217406667008.mockFlowFile,23B] from FlowFile[368,96217406667008.mockFlowFile,23B]; routing to relationship simple
[pool-2506-thread-1] INFO org.apache.nifi.processors.standard.RouteText - RouteText[id=fc47b1db-e7ae-450c-887b-29adc31df765] Routing FlowFile[368,96217406667008.mockFlowFile,23B] to original
[main] DEBUG org.apache.nifi.processors.standard.RouteText - RouteText[id=fc47b1db-e7ae-450c-887b-29adc31df765] Adding new dynamic property: PropertyDescriptor[simple]
[pool-2507-thread-1] INFO org.apache.nifi.processors.standard.RouteText - RouteText[id=fc47b1db-e7ae-450c-887b-29adc31df765] Created FlowFile[371,96217407081135.mockFlowFile,23B] from FlowFile[370,96217407081135.mockFlowFile,23B]; routing to relationship simple
[pool-2507-thread-1] INFO org.apache.nifi.processors.standard.RouteText - RouteText[id=fc47b1db-e7ae-450c-887b-29adc31df765] Routing FlowFile[370,96217407081135.mockFlowFile,23B] to original
[main] DEBUG org.apache.nifi.processors.standard.RouteText - RouteText[id=fc47b1db-e7ae-450c-887b-29adc31df765] Adding new dynamic property: PropertyDescriptor[simple]
[pool-2508-thread-1] INFO org.apache.nifi.processors.standard.RouteText - RouteText[id=fc47b1db-e7ae-450c-887b-29adc31df765] Created FlowFile[373,96217407594942.mockFlowFile,23B] from FlowFile[372,96217407594942.mockFlowFile,23B]; routing to relationship simple
[pool-2508-thread-1] INFO org.apache.nifi.processors.standard.RouteText - RouteText[id=fc47b1db-e7ae-450c-887b-29adc31df765] Routing FlowFile[372,96217407594942.mockFlowFile,23B] to original
[main] DEBUG org.apache.nifi.processors.standard.RouteText - RouteText[id=fc47b1db-e7ae-450c-887b-29adc31df765] Adding new dynamic property: PropertyDescriptor[simple]
[pool-2509-thread-1] INFO org.apache.nifi.processors.standard.RouteText - RouteText[id=fc47b1db-e7ae-450c-887b-29adc31df765] Created FlowFile[375,96217408218661.mockFlowFile,23B] from FlowFile[374,96217408218661.mockFlowFile,23B]; routing to relationship simple
[pool-2509-thread-1] INFO org.apache.nifi.processors.standard.RouteText - RouteText[id=fc47b1db-e7ae-450c-887b-29adc31df765] Routing FlowFile[374,96217408218661.mockFlowFile,23B] to original
[main] DEBUG org.apache.nifi.processors.standard.RouteText - RouteText[id=fc47b1db-e7ae-450c-887b-29adc31df765] Adding new dynamic property: PropertyDescriptor[simple]
[pool-2510-thread-1] INFO org.apache.nifi.processors.standard.RouteText - RouteText[id=fc47b1db-e7ae-450c-887b-29adc31df765] Created FlowFile[377,96217408764261.mockFlowFile,23B] from FlowFile[376,96217408764261.mockFlowFile,23B]; routing to relationship simple
[pool-2510-thread-1] INFO org.apache.nifi.processors.standard.RouteText - RouteText[id=fc47b1db-e7ae-450c-887b-29adc31df765] Routing FlowFile[376,96217408764261.mockFlowFile,23B] to original
[main] DEBUG org.apache.nifi.processors.standard.RouteText - RouteText[id=fc47b1db-e7ae-450c-887b-29adc31df765] Adding new dynamic property: PropertyDescriptor[simple]
[pool-2511-thread-1] INFO org.apache.nifi.processors.standard.RouteText - RouteText[id=fc47b1db-e7ae-450c-887b-29adc31df765] Created FlowFile[379,96217409321782.mockFlowFile,23B] from FlowFile[378,96217409321782.mockFlowFile,23B]; routing to relationship simple
[pool-2511-thread-1] INFO org.apache.nifi.processors.standard.RouteText - RouteText[id=fc47b1db-e7ae-450c-887b-29adc31df765] Routing FlowFile[378,96217409321782.mockFlowFile,23B] to original
[main] DEBUG org.apache.nifi.processors.standard.RouteText - RouteText[id=fc47b1db-e7ae-450c-887b-29adc31df765] Adding new dynamic property: PropertyDescriptor[simple]
[pool-2512-thread-1] INFO org.apache.nifi.processors.standard.RouteText - RouteText[id=fc47b1db-e7ae-450c-887b-29adc31df765] Created FlowFile[381,96217409778768.mockFlowFile,23B] from FlowFile[380,96217409778768.mockFlowFile,23B]; routing to relationship simple
[pool-2512-thread-1] INFO org.apache.nifi.processors.standard.RouteText - RouteText[id=fc47b1db-e7ae-450c-887b-29adc31df765] Routing FlowFile[380,96217409778768.mockFlowFile,23B] to original
[main] DEBUG org.apache.nifi.processors.standard.RouteText - RouteText[id=fc47b1db-e7ae-450c-887b-29adc31df765] Adding new dynamic property: PropertyDescriptor[simple]
[pool-2513-thread-1] INFO org.apache.nifi.processors.standard.RouteText - RouteText[id=fc47b1db-e7ae-450c-887b-29adc31df765] Created FlowFile[383,96217410170620.mockFlowFile,23B] from FlowFile[382,96217410170620.mockFlowFile,23B]; routing to relationship simple
[pool-2513-thread-1] INFO org.apache.nifi.processors.standard.RouteText - RouteText[id=fc47b1db-e7ae-450c-887b-29adc31df765] Routing FlowFile[382,96217410170620.mockFlowFile,23B] to original
[main] DEBUG org.apache.nifi.processors.standard.RouteText - RouteText[id=fc47b1db-e7ae-450c-887b-29adc31df765] Adding new dynamic property: PropertyDescriptor[simple]
[pool-2514-thread-1] INFO org.apache.nifi.processors.standard.RouteText - RouteText[id=fc47b1db-e7ae-450c-887b-29adc31df765] Created FlowFile[385,96217410650893.mockFlowFile,23B] from FlowFile[384,96217410650893.mockFlowFile,23B]; routing to relationship simple
[pool-2514-thread-1] INFO org.apache.nifi.processors.standard.RouteText - RouteText[id=fc47b1db-e7ae-450c-887b-29adc31df765] Routing FlowFile[384,96217410650893.mockFlowFile,23B] to original
[main] DEBUG org.apache.nifi.processors.standard.RouteText - RouteText[id=fc47b1db-e7ae-450c-887b-29adc31df765] Adding new dynamic property: PropertyDescriptor[simple]
[pool-2515-thread-1] INFO org.apache.nifi.processors.standard.RouteText - RouteText[id=fc47b1db-e7ae-450c-887b-29adc31df765] Created FlowFile[387,96217411208124.mockFlowFile,23B] from FlowFile[386,96217411208124.mockFlowFile,23B]; routing to relationship simple
[pool-2515-thread-1] INFO org.apache.nifi.processors.standard.RouteText - RouteText[id=fc47b1db-e7ae-450c-887b-29adc31df765] Routing FlowFile[386,96217411208124.mockFlowFile,23B] to original
[main] DEBUG org.apache.nifi.processors.standard.RouteText - RouteText[id=fc47b1db-e7ae-450c-887b-29adc31df765] Adding new dynamic property: PropertyDescriptor[simple]
[pool-2516-thread-1] INFO org.apache.nifi.processors.standard.RouteText - RouteText[id=fc47b1db-e7ae-450c-887b-29adc31df765] Created FlowFile[389,96217411949440.mockFlowFile,23B] from FlowFile[388,96217411949440.mockFlowFile,23B]; routing to relationship simple
[pool-2516-thread-1] INFO org.apache.nifi.processors.standard.RouteText - RouteText[id=fc47b1db-e7ae-450c-887b-29adc31df765] Routing FlowFile[388,96217411949440.mockFlowFile,23B] to original
[main] DEBUG org.apache.nifi.processors.standard.RouteText - RouteText[id=fc47b1db-e7ae-450c-887b-29adc31df765] Adding new dynamic property: PropertyDescriptor[simple]
[pool-2517-thread-1] INFO org.apache.nifi.processors.standard.RouteText - RouteText[id=fc47b1db-e7ae-450c-887b-29adc31df765] Created FlowFile[391,96217412830208.mockFlowFile,23B] from FlowFile[390,96217412830208.mockFlowFile,23B]; routing to relationship simple
[pool-2517-thread-1] INFO org.apache.nifi.processors.standard.RouteText - RouteText[id=fc47b1db-e7ae-450c-887b-29adc31df765] Routing FlowFile[390,96217412830208.mockFlowFile,23B] to original
[main] DEBUG org.apache.nifi.processors.standard.RouteText - RouteText[id=fc47b1db-e7ae-450c-887b-29adc31df765] Adding new dynamic property: PropertyDescriptor[simple]
[pool-2518-thread-1] INFO org.apache.nifi.processors.standard.RouteText - RouteText[id=fc47b1db-e7ae-450c-887b-29adc31df765] Created FlowFile[393,96217413453397.mockFlowFile,23B] from FlowFile[392,96217413453397.mockFlowFile,23B]; routing to relationship simple
[pool-2518-thread-1] INFO org.apache.nifi.processors.standard.RouteText - RouteText[id=fc47b1db-e7ae-450c-887b-29adc31df765] Routing FlowFile[392,96217413453397.mockFlowFile,23B] to original
[main] DEBUG org.apache.nifi.processors.standard.RouteText - RouteText[id=fc47b1db-e7ae-450c-887b-29adc31df765] Adding new dynamic property: PropertyDescriptor[simple]
[pool-2519-thread-1] INFO org.apache.nifi.processors.standard.RouteText - RouteText[id=fc47b1db-e7ae-450c-887b-29adc31df765] Created FlowFile[395,96217414019983.mockFlowFile,23B] from FlowFile[394,96217414019983.mockFlowFile,23B]; routing to relationship simple
[pool-2519-thread-1] INFO org.apache.nifi.processors.standard.RouteText - RouteText[id=fc47b1db-e7ae-450c-887b-29adc31df765] Routing FlowFile[394,96217414019983.mockFlowFile,23B] to original
[main] DEBUG org.apache.nifi.processors.standard.RouteText - RouteText[id=fc47b1db-e7ae-450c-887b-29adc31df765] Adding new dynamic property: PropertyDescriptor[simple]
[pool-2520-thread-1] INFO org.apache.nifi.processors.standard.RouteText - RouteText[id=fc47b1db-e7ae-450c-887b-29adc31df765] Created FlowFile[397,96217414491317.mockFlowFile,23B] from FlowFile[396,96217414491317.mockFlowFile,23B]; routing to relationship simple
[pool-2520-thread-1] INFO org.apache.nifi.processors.standard.RouteText - RouteText[id=fc47b1db-e7ae-450c-887b-29adc31df765] Routing FlowFile[396,96217414491317.mockFlowFile,23B] to original
[main] DEBUG org.apache.nifi.processors.standard.RouteText - RouteText[id=fc47b1db-e7ae-450c-887b-29adc31df765] Adding new dynamic property: PropertyDescriptor[simple]
[pool-2521-thread-1] INFO org.apache.nifi.processors.standard.RouteText - RouteText[id=fc47b1db-e7ae-450c-887b-29adc31df765] Created FlowFile[399,96217414968768.mockFlowFile,23B] from FlowFile[398,96217414968768.mockFlowFile,23B]; routing to relationship simple
[pool-2521-thread-1] INFO org.apache.nifi.processors.standard.RouteText - RouteText[id=fc47b1db-e7ae-450c-887b-29adc31df765] Routing FlowFile[398,96217414968768.mockFlowFile,23B] to original
[main] DEBUG org.apache.nifi.processors.standard.RouteText - RouteText[id=fc47b1db-e7ae-450c-887b-29adc31df765] Adding new dynamic property: PropertyDescriptor[simple]
[pool-2522-thread-1] INFO org.apache.nifi.processors.standard.RouteText - RouteText[id=fc47b1db-e7ae-450c-887b-29adc31df765] Created FlowFile[401,96217415532234.mockFlowFile,23B] from FlowFile[400,96217415532234.mockFlowFile,23B]; routing to relationship simple
[pool-2522-thread-1] INFO org.apache.nifi.processors.standard.RouteText - RouteText[id=fc47b1db-e7ae-450c-887b-29adc31df765] Routing FlowFile[400,96217415532234.mockFlowFile,23B] to original
[main] DEBUG org.apache.nifi.processors.standard.RouteText - RouteText[id=fc47b1db-e7ae-450c-887b-29adc31df765] Adding new dynamic property: PropertyDescriptor[simple]
[pool-2523-thread-1] INFO org.apache.nifi.processors.standard.RouteText - RouteText[id=fc47b1db-e7ae-450c-887b-29adc31df765] Created FlowFile[403,96217416017872.mockFlowFile,23B] from FlowFile[402,96217416017872.mockFlowFile,23B]; routing to relationship simple
[pool-2523-thread-1] INFO org.apache.nifi.processors.standard.RouteText - RouteText[id=fc47b1db-e7ae-450c-887b-29adc31df765] Routing FlowFile[402,96217416017872.mockFlowFile,23B] to original
[main] DEBUG org.apache.nifi.processors.standard.RouteText - RouteText[id=fc47b1db-e7ae-450c-887b-29adc31df765] Adding new dynamic property: PropertyDescriptor[simple]
[pool-2524-thread-1] INFO org.apache.nifi.processors.standard.RouteText - RouteText[id=fc47b1db-e7ae-450c-887b-29adc31df765] Created FlowFile[405,96217416566935.mockFlowFile,23B] from FlowFile[404,96217416566935.mockFlowFile,23B]; routing to relationship simple
[pool-2524-thread-1] INFO org.apache.nifi.processors.standard.RouteText - RouteText[id=fc47b1db-e7ae-450c-887b-29adc31df765] Routing FlowFile[404,96217416566935.mockFlowFile,23B] to original
[main] DEBUG org.apache.nifi.processors.standard.RouteText - RouteText[id=fc47b1db-e7ae-450c-887b-29adc31df765] Adding new dynamic property: PropertyDescriptor[simple]
[pool-2525-thread-1] INFO org.apache.nifi.processors.standard.RouteText - RouteText[id=fc47b1db-e7ae-450c-887b-29adc31df765] Created FlowFile[407,96217417094177.mockFlowFile,23B] from FlowFile[406,96217417094177.mockFlowFile,23B]; routing to relationship simple
[pool-2525-thread-1] INFO org.apache.nifi.processors.standard.RouteText - RouteText[id=fc47b1db-e7ae-450c-887b-29adc31df765] Routing FlowFile[406,96217417094177.mockFlowFile,23B] to original
[main] DEBUG org.apache.nifi.processors.standard.RouteText - RouteText[id=fc47b1db-e7ae-450c-887b-29adc31df765] Adding new dynamic property: PropertyDescriptor[simple]
[pool-2526-thread-1] INFO org.apache.nifi.processors.standard.RouteText - RouteText[id=fc47b1db-e7ae-450c-887b-29adc31df765] Created FlowFile[409,96217417601244.mockFlowFile,23B] from FlowFile[408,96217417601244.mockFlowFile,23B]; routing to relationship simple
[pool-2526-thread-1] INFO org.apache.nifi.processors.standard.RouteText - RouteText[id=fc47b1db-e7ae-450c-887b-29adc31df765] Routing FlowFile[408,96217417601244.mockFlowFile,23B] to original
[main] DEBUG org.apache.nifi.processors.standard.RouteText - RouteText[id=fc47b1db-e7ae-450c-887b-29adc31df765] Adding new dynamic property: PropertyDescriptor[simple]
[pool-2527-thread-1] INFO org.apache.nifi.processors.standard.RouteText - RouteText[id=fc47b1db-e7ae-450c-887b-29adc31df765] Created FlowFile[411,96217417975487.mockFlowFile,23B] from FlowFile[410,96217417975487.mockFlowFile,23B]; routing to relationship simple
[pool-2527-thread-1] INFO org.apache.nifi.processors.standard.RouteText - RouteText[id=fc47b1db-e7ae-450c-887b-29adc31df765] Routing FlowFile[410,96217417975487.mockFlowFile,23B] to original
[main] DEBUG org.apache.nifi.processors.standard.RouteText - RouteText[id=fc47b1db-e7ae-450c-887b-29adc31df765] Adding new dynamic property: PropertyDescriptor[simple]
[pool-2528-thread-1] INFO org.apache.nifi.processors.standard.RouteText - RouteText[id=fc47b1db-e7ae-450c-887b-29adc31df765] Created FlowFile[413,96217418435072.mockFlowFile,23B] from FlowFile[412,96217418435072.mockFlowFile,23B]; routing to relationship simple
[pool-2528-thread-1] INFO org.apache.nifi.processors.standard.RouteText - RouteText[id=fc47b1db-e7ae-450c-887b-29adc31df765] Routing FlowFile[412,96217418435072.mockFlowFile,23B] to original
[main] DEBUG org.apache.nifi.processors.standard.RouteText - RouteText[id=fc47b1db-e7ae-450c-887b-29adc31df765] Adding new dynamic property: PropertyDescriptor[simple]
[pool-2529-thread-1] INFO org.apache.nifi.processors.standard.RouteText - RouteText[id=fc47b1db-e7ae-450c-887b-29adc31df765] Created FlowFile[415,96217418910190.mockFlowFile,23B] from FlowFile[414,96217418910190.mockFlowFile,23B]; routing to relationship simple
[pool-2529-thread-1] INFO org.apache.nifi.processors.standard.RouteText - RouteText[id=fc47b1db-e7ae-450c-887b-29adc31df765] Routing FlowFile[414,96217418910190.mockFlowFile,23B] to original
[main] DEBUG org.apache.nifi.processors.standard.RouteText - RouteText[id=fc47b1db-e7ae-450c-887b-29adc31df765] Adding new dynamic property: PropertyDescriptor[simple]
[pool-2530-thread-1] INFO org.apache.nifi.processors.standard.RouteText - RouteText[id=fc47b1db-e7ae-450c-887b-29adc31df765] Created FlowFile[417,96217419517905.mockFlowFile,23B] from FlowFile[416,96217419517905.mockFlowFile,23B]; routing to relationship simple
[pool-2530-thread-1] INFO org.apache.nifi.processors.standard.RouteText - RouteText[id=fc47b1db-e7ae-450c-887b-29adc31df765] Routing FlowFile[416,96217419517905.mockFlowFile,23B] to original
[main] DEBUG org.apache.nifi.processors.standard.RouteText - RouteText[id=fc47b1db-e7ae-450c-887b-29adc31df765] Adding new dynamic property: PropertyDescriptor[simple]
[pool-2531-thread-1] INFO org.apache.nifi.processors.standard.RouteText - RouteText[id=fc47b1db-e7ae-450c-887b-29adc31df765] Created FlowFile[419,96217420018835.mockFlowFile,23B] from FlowFile[418,96217420018835.mockFlowFile,23B]; routing to relationship simple
[pool-2531-thread-1] INFO org.apache.nifi.processors.standard.RouteText - RouteText[id=fc47b1db-e7ae-450c-887b-29adc31df765] Routing FlowFile[418,96217420018835.mockFlowFile,23B] to original
[main] DEBUG org.apache.nifi.processors.standard.RouteText - RouteText[id=fc47b1db-e7ae-450c-887b-29adc31df765] Adding new dynamic property: PropertyDescriptor[simple]
[pool-2532-thread-1] INFO org.apache.nifi.processors.standard.RouteText - RouteText[id=fc47b1db-e7ae-450c-887b-29adc31df765] Created FlowFile[421,96217420691422.mockFlowFile,23B] from FlowFile[420,96217420691422.mockFlowFile,23B]; routing to relationship simple
[pool-2532-thread-1] INFO org.apache.nifi.processors.standard.RouteText - RouteText[id=fc47b1db-e7ae-450c-887b-29adc31df765] Routing FlowFile[420,96217420691422.mockFlowFile,23B] to original
[main] DEBUG org.apache.nifi.processors.standard.RouteText - RouteText[id=fc47b1db-e7ae-450c-887b-29adc31df765] Adding new dynamic property: PropertyDescriptor[simple]
[pool-2533-thread-1] INFO org.apache.nifi.processors.standard.RouteText - RouteText[id=fc47b1db-e7ae-450c-887b-29adc31df765] Created FlowFile[423,96217421319444.mockFlowFile,23B] from FlowFile[422,96217421319444.mockFlowFile,23B]; routing to relationship simple
[pool-2533-thread-1] INFO org.apache.nifi.processors.standard.RouteText - RouteText[id=fc47b1db-e7ae-450c-887b-29adc31df765] Routing FlowFile[422,96217421319444.mockFlowFile,23B] to original
[main] DEBUG org.apache.nifi.processors.standard.RouteText - RouteText[id=fc47b1db-e7ae-450c-887b-29adc31df765] Adding new dynamic property: PropertyDescriptor[simple]
[pool-2534-thread-1] INFO org.apache.nifi.processors.standard.RouteText - RouteText[id=fc47b1db-e7ae-450c-887b-29adc31df765] Created FlowFile[425,96217421981938.mockFlowFile,23B] from FlowFile[424,96217421981938.mockFlowFile,23B]; routing to relationship simple
[pool-2534-thread-1] INFO org.apache.nifi.processors.standard.RouteText - RouteText[id=fc47b1db-e7ae-450c-887b-29adc31df765] Routing FlowFile[424,96217421981938.mockFlowFile,23B] to original
[main] DEBUG org.apache.nifi.processors.standard.RouteText - RouteText[id=fc47b1db-e7ae-450c-887b-29adc31df765] Adding new dynamic property: PropertyDescriptor[simple]
[pool-2535-thread-1] INFO org.apache.nifi.processors.standard.RouteText - RouteText[id=fc47b1db-e7ae-450c-887b-29adc31df765] Created FlowFile[427,96217422641948.mockFlowFile,23B] from FlowFile[426,96217422641948.mockFlowFile,23B]; routing to relationship simple
[pool-2535-thread-1] INFO org.apache.nifi.processors.standard.RouteText - RouteText[id=fc47b1db-e7ae-450c-887b-29adc31df765] Routing FlowFile[426,96217422641948.mockFlowFile,23B] to original
[main] DEBUG org.apache.nifi.processors.standard.RouteText - RouteText[id=fc47b1db-e7ae-450c-887b-29adc31df765] Adding new dynamic property: PropertyDescriptor[simple]
[pool-2536-thread-1] INFO org.apache.nifi.processors.standard.RouteText - RouteText[id=fc47b1db-e7ae-450c-887b-29adc31df765] Created FlowFile[429,96217423228964.mockFlowFile,23B] from FlowFile[428,96217423228964.mockFlowFile,23B]; routing to relationship simple
[pool-2536-thread-1] INFO org.apache.nifi.processors.standard.RouteText - RouteText[id=fc47b1db-e7ae-450c-887b-29adc31df765] Routing FlowFile[428,96217423228964.mockFlowFile,23B] to original
[main] DEBUG org.apache.nifi.processors.standard.RouteText - RouteText[id=fc47b1db-e7ae-450c-887b-29adc31df765] Adding new dynamic property: PropertyDescriptor[simple]
[pool-2537-thread-1] INFO org.apache.nifi.processors.standard.RouteText - RouteText[id=fc47b1db-e7ae-450c-887b-29adc31df765] Created FlowFile[431,96217423867777.mockFlowFile,23B] from FlowFile[430,96217423867777.mockFlowFile,23B]; routing to relationship simple
[pool-2537-thread-1] INFO org.apache.nifi.processors.standard.RouteText - RouteText[id=fc47b1db-e7ae-450c-887b-29adc31df765] Routing FlowFile[430,96217423867777.mockFlowFile,23B] to original
[main] DEBUG org.apache.nifi.processors.standard.RouteText - RouteText[id=fc47b1db-e7ae-450c-887b-29adc31df765] Adding new dynamic property: PropertyDescriptor[simple]
[pool-2538-thread-1] INFO org.apache.nifi.processors.standard.RouteText - RouteText[id=fc47b1db-e7ae-450c-887b-29adc31df765] Created FlowFile[433,96217424630790.mockFlowFile,23B] from FlowFile[432,96217424630790.mockFlowFile,23B]; routing to relationship simple
[pool-2538-thread-1] INFO org.apache.nifi.processors.standard.RouteText - RouteText[id=fc47b1db-e7ae-450c-887b-29adc31df765] Routing FlowFile[432,96217424630790.mockFlowFile,23B] to original
[main] DEBUG org.apache.nifi.processors.standard.RouteText - RouteText[id=fc47b1db-e7ae-450c-887b-29adc31df765] Adding new dynamic property: PropertyDescriptor[simple]
[pool-2539-thread-1] INFO org.apache.nifi.processors.standard.RouteText - RouteText[id=fc47b1db-e7ae-450c-887b-29adc31df765] Created FlowFile[435,96217425371321.mockFlowFile,23B] from FlowFile[434,96217425371321.mockFlowFile,23B]; routing to relationship simple
[pool-2539-thread-1] INFO org.apache.nifi.processors.standard.RouteText - RouteText[id=fc47b1db-e7ae-450c-887b-29adc31df765] Routing FlowFile[434,96217425371321.mockFlowFile,23B] to original
[main] DEBUG org.apache.nifi.processors.standard.RouteText - RouteText[id=fc47b1db-e7ae-450c-887b-29adc31df765] Adding new dynamic property: PropertyDescriptor[simple]
[pool-2540-thread-1] INFO org.apache.nifi.processors.standard.RouteText - RouteText[id=fc47b1db-e7ae-450c-887b-29adc31df765] Created FlowFile[437,96217426005203.mockFlowFile,23B] from FlowFile[436,96217426005203.mockFlowFile,23B]; routing to relationship simple
[pool-2540-thread-1] INFO org.apache.nifi.processors.standard.RouteText - RouteText[id=fc47b1db-e7ae-450c-887b-29adc31df765] Routing FlowFile[436,96217426005203.mockFlowFile,23B] to original
[main] DEBUG org.apache.nifi.processors.standard.RouteText - RouteText[id=fc47b1db-e7ae-450c-887b-29adc31df765] Adding new dynamic property: PropertyDescriptor[simple]
[pool-2541-thread-1] INFO org.apache.nifi.processors.standard.RouteText - RouteText[id=fc47b1db-e7ae-450c-887b-29adc31df765] Created FlowFile[439,96217426691035.mockFlowFile,23B] from FlowFile[438,96217426691035.mockFlowFile,23B]; routing to relationship simple
[pool-2541-thread-1] INFO org.apache.nifi.processors.standard.RouteText - RouteText[id=fc47b1db-e7ae-450c-887b-29adc31df765] Routing FlowFile[438,96217426691035.mockFlowFile,23B] to original
[main] DEBUG org.apache.nifi.processors.standard.RouteText - RouteText[id=fc47b1db-e7ae-450c-887b-29adc31df765] Adding new dynamic property: PropertyDescriptor[simple]
[pool-2542-thread-1] INFO org.apache.nifi.processors.standard.RouteText - RouteText[id=fc47b1db-e7ae-450c-887b-29adc31df765] Created FlowFile[441,96217427200922.mockFlowFile,23B] from FlowFile[440,96217427200922.mockFlowFile,23B]; routing to relationship simple
[pool-2542-thread-1] INFO org.apache.nifi.processors.standard.RouteText - RouteText[id=fc47b1db-e7ae-450c-887b-29adc31df765] Routing FlowFile[440,96217427200922.mockFlowFile,23B] to original
[main] DEBUG org.apache.nifi.processors.standard.RouteText - RouteText[id=fc47b1db-e7ae-450c-887b-29adc31df765] Adding new dynamic property: PropertyDescriptor[simple]
[pool-2543-thread-1] INFO org.apache.nifi.processors.standard.RouteText - RouteText[id=fc47b1db-e7ae-450c-887b-29adc31df765] Created FlowFile[443,96217427831616.mockFlowFile,23B] from FlowFile[442,96217427831616.mockFlowFile,23B]; routing to relationship simple
[pool-2543-thread-1] INFO org.apache.nifi.processors.standard.RouteText - RouteText[id=fc47b1db-e7ae-450c-887b-29adc31df765] Routing FlowFile[442,96217427831616.mockFlowFile,23B] to original
[main] DEBUG org.apache.nifi.processors.standard.RouteText - RouteText[id=fc47b1db-e7ae-450c-887b-29adc31df765] Adding new dynamic property: PropertyDescriptor[simple]
[pool-2544-thread-1] INFO org.apache.nifi.processors.standard.RouteText - RouteText[id=fc47b1db-e7ae-450c-887b-29adc31df765] Created FlowFile[445,96217428571308.mockFlowFile,23B] from FlowFile[444,96217428571308.mockFlowFile,23B]; routing to relationship simple
[pool-2544-thread-1] INFO org.apache.nifi.processors.standard.RouteText - RouteText[id=fc47b1db-e7ae-450c-887b-29adc31df765] Routing FlowFile[444,96217428571308.mockFlowFile,23B] to original
[main] DEBUG org.apache.nifi.processors.standard.RouteText - RouteText[id=fc47b1db-e7ae-450c-887b-29adc31df765] Adding new dynamic property: PropertyDescriptor[simple]
[pool-2545-thread-1] INFO org.apache.nifi.processors.standard.RouteText - RouteText[id=fc47b1db-e7ae-450c-887b-29adc31df765] Created FlowFile[447,96217429371452.mockFlowFile,23B] from FlowFile[446,96217429371452.mockFlowFile,23B]; routing to relationship simple
[pool-2545-thread-1] INFO org.apache.nifi.processors.standard.RouteText - RouteText[id=fc47b1db-e7ae-450c-887b-29adc31df765] Routing FlowFile[446,96217429371452.mockFlowFile,23B] to original
[main] DEBUG org.apache.nifi.processors.standard.RouteText - RouteText[id=fc47b1db-e7ae-450c-887b-29adc31df765] Adding new dynamic property: PropertyDescriptor[simple]
[pool-2546-thread-1] INFO org.apache.nifi.processors.standard.RouteText - RouteText[id=fc47b1db-e7ae-450c-887b-29adc31df765] Created FlowFile[449,96217429969216.mockFlowFile,23B] from FlowFile[448,96217429969216.mockFlowFile,23B]; routing to relationship simple
[pool-2546-thread-1] INFO org.apache.nifi.processors.standard.RouteText - RouteText[id=fc47b1db-e7ae-450c-887b-29adc31df765] Routing FlowFile[448,96217429969216.mockFlowFile,23B] to original
[main] DEBUG org.apache.nifi.processors.standard.RouteText - RouteText[id=fc47b1db-e7ae-450c-887b-29adc31df765] Adding new dynamic property: PropertyDescriptor[simple]
[pool-2547-thread-1] INFO org.apache.nifi.processors.standard.RouteText - RouteText[id=fc47b1db-e7ae-450c-887b-29adc31df765] Created FlowFile[451,96217430413563.mockFlowFile,23B] from FlowFile[450,96217430413563.mockFlowFile,23B]; routing to relationship simple
[pool-2547-thread-1] INFO org.apache.nifi.processors.standard.RouteText - RouteText[id=fc47b1db-e7ae-450c-887b-29adc31df765] Routing FlowFile[450,96217430413563.mockFlowFile,23B] to original
[main] DEBUG org.apache.nifi.processors.standard.RouteText - RouteText[id=fc47b1db-e7ae-450c-887b-29adc31df765] Adding new dynamic property: PropertyDescriptor[simple]
[pool-2548-thread-1] INFO org.apache.nifi.processors.standard.RouteText - RouteText[id=fc47b1db-e7ae-450c-887b-29adc31df765] Created FlowFile[453,96217430785983.mockFlowFile,23B] from FlowFile[452,96217430785983.mockFlowFile,23B]; routing to relationship simple
[pool-2548-thread-1] INFO org.apache.nifi.processors.standard.RouteText - RouteText[id=fc47b1db-e7ae-450c-887b-29adc31df765] Routing FlowFile[452,96217430785983.mockFlowFile,23B] to original
[main] DEBUG org.apache.nifi.processors.standard.RouteText - RouteText[id=fc47b1db-e7ae-450c-887b-29adc31df765] Adding new dynamic property: PropertyDescriptor[simple]
[pool-2549-thread-1] INFO org.apache.nifi.processors.standard.RouteText - RouteText[id=fc47b1db-e7ae-450c-887b-29adc31df765] Created FlowFile[455,96217431165472.mockFlowFile,23B] from FlowFile[454,96217431165472.mockFlowFile,23B]; routing to relationship simple
[pool-2549-thread-1] INFO org.apache.nifi.processors.standard.RouteText - RouteText[id=fc47b1db-e7ae-450c-887b-29adc31df765] Routing FlowFile[454,96217431165472.mockFlowFile,23B] to original
[main] DEBUG org.apache.nifi.processors.standard.RouteText - RouteText[id=fc47b1db-e7ae-450c-887b-29adc31df765] Adding new dynamic property: PropertyDescriptor[simple]
[pool-2550-thread-1] INFO org.apache.nifi.processors.standard.RouteText - RouteText[id=fc47b1db-e7ae-450c-887b-29adc31df765] Created FlowFile[457,96217431698544.mockFlowFile,23B] from FlowFile[456,96217431698544.mockFlowFile,23B]; routing to relationship simple
[pool-2550-thread-1] INFO org.apache.nifi.processors.standard.RouteText - RouteText[id=fc47b1db-e7ae-450c-887b-29adc31df765] Routing FlowFile[456,96217431698544.mockFlowFile,23B] to original
[main] DEBUG org.apache.nifi.processors.standard.RouteText - RouteText[id=fc47b1db-e7ae-450c-887b-29adc31df765] Adding new dynamic property: PropertyDescriptor[simple]
[pool-2551-thread-1] INFO org.apache.nifi.processors.standard.RouteText - RouteText[id=fc47b1db-e7ae-450c-887b-29adc31df765] Created FlowFile[459,96217432187904.mockFlowFile,23B] from FlowFile[458,96217432187904.mockFlowFile,23B]; routing to relationship simple
[pool-2551-thread-1] INFO org.apache.nifi.processors.standard.RouteText - RouteText[id=fc47b1db-e7ae-450c-887b-29adc31df765] Routing FlowFile[458,96217432187904.mockFlowFile,23B] to original
[main] DEBUG org.apache.nifi.processors.standard.RouteText - RouteText[id=fc47b1db-e7ae-450c-887b-29adc31df765] Adding new dynamic property: PropertyDescriptor[simple]
[pool-2552-thread-1] INFO org.apache.nifi.processors.standard.RouteText - RouteText[id=fc47b1db-e7ae-450c-887b-29adc31df765] Created FlowFile[461,96217432796685.mockFlowFile,23B] from FlowFile[460,96217432796685.mockFlowFile,23B]; routing to relationship simple
[pool-2552-thread-1] INFO org.apache.nifi.processors.standard.RouteText - RouteText[id=fc47b1db-e7ae-450c-887b-29adc31df765] Routing FlowFile[460,96217432796685.mockFlowFile,23B] to original
[main] DEBUG org.apache.nifi.processors.standard.RouteText - RouteText[id=fc47b1db-e7ae-450c-887b-29adc31df765] Adding new dynamic property: PropertyDescriptor[simple]
[pool-2553-thread-1] INFO org.apache.nifi.processors.standard.RouteText - RouteText[id=fc47b1db-e7ae-450c-887b-29adc31df765] Created FlowFile[463,96217433347513.mockFlowFile,23B] from FlowFile[462,96217433347513.mockFlowFile,23B]; routing to relationship simple
[pool-2553-thread-1] INFO org.apache.nifi.processors.standard.RouteText - RouteText[id=fc47b1db-e7ae-450c-887b-29adc31df765] Routing FlowFile[462,96217433347513.mockFlowFile,23B] to original
[main] DEBUG org.apache.nifi.processors.standard.RouteText - RouteText[id=fc47b1db-e7ae-450c-887b-29adc31df765] Adding new dynamic property: PropertyDescriptor[simple]
[pool-2554-thread-1] INFO org.apache.nifi.processors.standard.RouteText - RouteText[id=fc47b1db-e7ae-450c-887b-29adc31df765] Created FlowFile[465,96217433850697.mockFlowFile,23B] from FlowFile[464,96217433850697.mockFlowFile,23B]; routing to relationship simple
[pool-2554-thread-1] INFO org.apache.nifi.processors.standard.RouteText - RouteText[id=fc47b1db-e7ae-450c-887b-29adc31df765] Routing FlowFile[464,96217433850697.mockFlowFile,23B] to original
[main] DEBUG org.apache.nifi.processors.standard.RouteText - RouteText[id=fc47b1db-e7ae-450c-887b-29adc31df765] Adding new dynamic property: PropertyDescriptor[simple]
[pool-2555-thread-1] INFO org.apache.nifi.processors.standard.RouteText - RouteText[id=fc47b1db-e7ae-450c-887b-29adc31df765] Created FlowFile[467,96217434254786.mockFlowFile,23B] from FlowFile[466,96217434254786.mockFlowFile,23B]; routing to relationship simple
[pool-2555-thread-1] INFO org.apache.nifi.processors.standard.RouteText - RouteText[id=fc47b1db-e7ae-450c-887b-29adc31df765] Routing FlowFile[466,96217434254786.mockFlowFile,23B] to original
[main] DEBUG org.apache.nifi.processors.standard.RouteText - RouteText[id=fc47b1db-e7ae-450c-887b-29adc31df765] Adding new dynamic property: PropertyDescriptor[simple]
[pool-2556-thread-1] INFO org.apache.nifi.processors.standard.RouteText - RouteText[id=fc47b1db-e7ae-450c-887b-29adc31df765] Created FlowFile[469,96217434634425.mockFlowFile,23B] from FlowFile[468,96217434634425.mockFlowFile,23B]; routing to relationship simple
[pool-2556-thread-1] INFO org.apache.nifi.processors.standard.RouteText - RouteText[id=fc47b1db-e7ae-450c-887b-29adc31df765] Routing FlowFile[468,96217434634425.mockFlowFile,23B] to original
[main] DEBUG org.apache.nifi.processors.standard.RouteText - RouteText[id=fc47b1db-e7ae-450c-887b-29adc31df765] Adding new dynamic property: PropertyDescriptor[simple]
[pool-2557-thread-1] INFO org.apache.nifi.processors.standard.RouteText - RouteText[id=fc47b1db-e7ae-450c-887b-29adc31df765] Created FlowFile[471,96217434990634.mockFlowFile,23B] from FlowFile[470,96217434990634.mockFlowFile,23B]; routing to relationship simple
[pool-2557-thread-1] INFO org.apache.nifi.processors.standard.RouteText - RouteText[id=fc47b1db-e7ae-450c-887b-29adc31df765] Routing FlowFile[470,96217434990634.mockFlowFile,23B] to original
[main] DEBUG org.apache.nifi.processors.standard.RouteText - RouteText[id=fc47b1db-e7ae-450c-887b-29adc31df765] Adding new dynamic property: PropertyDescriptor[simple]
[pool-2558-thread-1] INFO org.apache.nifi.processors.standard.RouteText - RouteText[id=fc47b1db-e7ae-450c-887b-29adc31df765] Created FlowFile[473,96217435599547.mockFlowFile,23B] from FlowFile[472,96217435599547.mockFlowFile,23B]; routing to relationship simple
[pool-2558-thread-1] INFO org.apache.nifi.processors.standard.RouteText - RouteText[id=fc47b1db-e7ae-450c-887b-29adc31df765] Routing FlowFile[472,96217435599547.mockFlowFile,23B] to original
[main] DEBUG org.apache.nifi.processors.standard.RouteText - RouteText[id=fc47b1db-e7ae-450c-887b-29adc31df765] Adding new dynamic property: PropertyDescriptor[simple]
[pool-2559-thread-1] INFO org.apache.nifi.processors.standard.RouteText - RouteText[id=fc47b1db-e7ae-450c-887b-29adc31df765] Created FlowFile[475,96217436129715.mockFlowFile,23B] from FlowFile[474,96217436129715.mockFlowFile,23B]; routing to relationship simple
[pool-2559-thread-1] INFO org.apache.nifi.processors.standard.RouteText - RouteText[id=fc47b1db-e7ae-450c-887b-29adc31df765] Routing FlowFile[474,96217436129715.mockFlowFile,23B] to original
[main] DEBUG org.apache.nifi.processors.standard.RouteText - RouteText[id=fc47b1db-e7ae-450c-887b-29adc31df765] Adding new dynamic property: PropertyDescriptor[simple]
[pool-2560-thread-1] INFO org.apache.nifi.processors.standard.RouteText - RouteText[id=fc47b1db-e7ae-450c-887b-29adc31df765] Created FlowFile[477,96217436623727.mockFlowFile,23B] from FlowFile[476,96217436623727.mockFlowFile,23B]; routing to relationship simple
[pool-2560-thread-1] INFO org.apache.nifi.processors.standard.RouteText - RouteText[id=fc47b1db-e7ae-450c-887b-29adc31df765] Routing FlowFile[476,96217436623727.mockFlowFile,23B] to original
[main] DEBUG org.apache.nifi.processors.standard.RouteText - RouteText[id=fc47b1db-e7ae-450c-887b-29adc31df765] Adding new dynamic property: PropertyDescriptor[simple]
[pool-2561-thread-1] INFO org.apache.nifi.processors.standard.RouteText - RouteText[id=fc47b1db-e7ae-450c-887b-29adc31df765] Created FlowFile[479,96217437162949.mockFlowFile,23B] from FlowFile[478,96217437162949.mockFlowFile,23B]; routing to relationship simple
[pool-2561-thread-1] INFO org.apache.nifi.processors.standard.RouteText - RouteText[id=fc47b1db-e7ae-450c-887b-29adc31df765] Routing FlowFile[478,96217437162949.mockFlowFile,23B] to original
[main] DEBUG org.apache.nifi.processors.standard.RouteText - RouteText[id=fc47b1db-e7ae-450c-887b-29adc31df765] Adding new dynamic property: PropertyDescriptor[simple]
[pool-2562-thread-1] INFO org.apache.nifi.processors.standard.RouteText - RouteText[id=fc47b1db-e7ae-450c-887b-29adc31df765] Created FlowFile[481,96217437584979.mockFlowFile,23B] from FlowFile[480,96217437584979.mockFlowFile,23B]; routing to relationship simple
[pool-2562-thread-1] INFO org.apache.nifi.processors.standard.RouteText - RouteText[id=fc47b1db-e7ae-450c-887b-29adc31df765] Routing FlowFile[480,96217437584979.mockFlowFile,23B] to original
[main] DEBUG org.apache.nifi.processors.standard.RouteText - RouteText[id=fc47b1db-e7ae-450c-887b-29adc31df765] Adding new dynamic property: PropertyDescriptor[simple]
[pool-2563-thread-1] INFO org.apache.nifi.processors.standard.RouteText - RouteText[id=fc47b1db-e7ae-450c-887b-29adc31df765] Created FlowFile[483,96217438136763.mockFlowFile,23B] from FlowFile[482,96217438136763.mockFlowFile,23B]; routing to relationship simple
[pool-2563-thread-1] INFO org.apache.nifi.processors.standard.RouteText - RouteText[id=fc47b1db-e7ae-450c-887b-29adc31df765] Routing FlowFile[482,96217438136763.mockFlowFile,23B] to original
[main] DEBUG org.apache.nifi.processors.standard.RouteText - RouteText[id=fc47b1db-e7ae-450c-887b-29adc31df765] Adding new dynamic property: PropertyDescriptor[simple]
[pool-2564-thread-1] INFO org.apache.nifi.processors.standard.RouteText - RouteText[id=fc47b1db-e7ae-450c-887b-29adc31df765] Created FlowFile[485,96217438557660.mockFlowFile,23B] from FlowFile[484,96217438557660.mockFlowFile,23B]; routing to relationship simple
[pool-2564-thread-1] INFO org.apache.nifi.processors.standard.RouteText - RouteText[id=fc47b1db-e7ae-450c-887b-29adc31df765] Routing FlowFile[484,96217438557660.mockFlowFile,23B] to original
[main] DEBUG org.apache.nifi.processors.standard.RouteText - RouteText[id=fc47b1db-e7ae-450c-887b-29adc31df765] Adding new dynamic property: PropertyDescriptor[simple]
[pool-2565-thread-1] INFO org.apache.nifi.processors.standard.RouteText - RouteText[id=fc47b1db-e7ae-450c-887b-29adc31df765] Created FlowFile[487,96217438952167.mockFlowFile,23B] from FlowFile[486,96217438952167.mockFlowFile,23B]; routing to relationship simple
[pool-2565-thread-1] INFO org.apache.nifi.processors.standard.RouteText - RouteText[id=fc47b1db-e7ae-450c-887b-29adc31df765] Routing FlowFile[486,96217438952167.mockFlowFile,23B] to original
[main] DEBUG org.apache.nifi.processors.standard.RouteText - RouteText[id=fc47b1db-e7ae-450c-887b-29adc31df765] Adding new dynamic property: PropertyDescriptor[simple]
[pool-2566-thread-1] INFO org.apache.nifi.processors.standard.RouteText - RouteText[id=fc47b1db-e7ae-450c-887b-29adc31df765] Created FlowFile[489,96217439480591.mockFlowFile,23B] from FlowFile[488,96217439480591.mockFlowFile,23B]; routing to relationship simple
[pool-2566-thread-1] INFO org.apache.nifi.processors.standard.RouteText - RouteText[id=fc47b1db-e7ae-450c-887b-29adc31df765] Routing FlowFile[488,96217439480591.mockFlowFile,23B] to original
[main] DEBUG org.apache.nifi.processors.standard.RouteText - RouteText[id=fc47b1db-e7ae-450c-887b-29adc31df765] Adding new dynamic property: PropertyDescriptor[simple]
[pool-2567-thread-1] INFO org.apache.nifi.processors.standard.RouteText - RouteText[id=fc47b1db-e7ae-450c-887b-29adc31df765] Created FlowFile[491,96217439942925.mockFlowFile,23B] from FlowFile[490,96217439942925.mockFlowFile,23B]; routing to relationship simple
[pool-2567-thread-1] INFO org.apache.nifi.processors.standard.RouteText - RouteText[id=fc47b1db-e7ae-450c-887b-29adc31df765] Routing FlowFile[490,96217439942925.mockFlowFile,23B] to original
[main] DEBUG org.apache.nifi.processors.standard.RouteText - RouteText[id=fc47b1db-e7ae-450c-887b-29adc31df765] Adding new dynamic property: PropertyDescriptor[simple]
[pool-2568-thread-1] INFO org.apache.nifi.processors.standard.RouteText - RouteText[id=fc47b1db-e7ae-450c-887b-29adc31df765] Created FlowFile[493,96217440627859.mockFlowFile,23B] from FlowFile[492,96217440627859.mockFlowFile,23B]; routing to relationship simple
[pool-2568-thread-1] INFO org.apache.nifi.processors.standard.RouteText - RouteText[id=fc47b1db-e7ae-450c-887b-29adc31df765] Routing FlowFile[492,96217440627859.mockFlowFile,23B] to original
[main] DEBUG org.apache.nifi.processors.standard.RouteText - RouteText[id=fc47b1db-e7ae-450c-887b-29adc31df765] Adding new dynamic property: PropertyDescriptor[simple]
[pool-2569-thread-1] INFO org.apache.nifi.processors.standard.RouteText - RouteText[id=fc47b1db-e7ae-450c-887b-29adc31df765] Created FlowFile[495,96217441449636.mockFlowFile,23B] from FlowFile[494,96217441449636.mockFlowFile,23B]; routing to relationship simple
[pool-2569-thread-1] INFO org.apache.nifi.processors.standard.RouteText - RouteText[id=fc47b1db-e7ae-450c-887b-29adc31df765] Routing FlowFile[494,96217441449636.mockFlowFile,23B] to original
[main] DEBUG org.apache.nifi.processors.standard.RouteText - RouteText[id=fc47b1db-e7ae-450c-887b-29adc31df765] Adding new dynamic property: PropertyDescriptor[simple]
[pool-2570-thread-1] INFO org.apache.nifi.processors.standard.RouteText - RouteText[id=fc47b1db-e7ae-450c-887b-29adc31df765] Created FlowFile[497,96217442042555.mockFlowFile,23B] from FlowFile[496,96217442042555.mockFlowFile,23B]; routing to relationship simple
[pool-2570-thread-1] INFO org.apache.nifi.processors.standard.RouteText - RouteText[id=fc47b1db-e7ae-450c-887b-29adc31df765] Routing FlowFile[496,96217442042555.mockFlowFile,23B] to original
[main] DEBUG org.apache.nifi.processors.standard.RouteText - RouteText[id=fc47b1db-e7ae-450c-887b-29adc31df765] Adding new dynamic property: PropertyDescriptor[simple]
[pool-2571-thread-1] INFO org.apache.nifi.processors.standard.RouteText - RouteText[id=fc47b1db-e7ae-450c-887b-29adc31df765] Created FlowFile[499,96217442581755.mockFlowFile,23B] from FlowFile[498,96217442581755.mockFlowFile,23B]; routing to relationship simple
[pool-2571-thread-1] INFO org.apache.nifi.processors.standard.RouteText - RouteText[id=fc47b1db-e7ae-450c-887b-29adc31df765] Routing FlowFile[498,96217442581755.mockFlowFile,23B] to original
[main] DEBUG org.apache.nifi.processors.standard.RouteText - RouteText[id=fc47b1db-e7ae-450c-887b-29adc31df765] Adding new dynamic property: PropertyDescriptor[simple]
[pool-2572-thread-1] INFO org.apache.nifi.processors.standard.RouteText - RouteText[id=fc47b1db-e7ae-450c-887b-29adc31df765] Created FlowFile[501,96217443146223.mockFlowFile,23B] from FlowFile[500,96217443146223.mockFlowFile,23B]; routing to relationship simple
[pool-2572-thread-1] INFO org.apache.nifi.processors.standard.RouteText - RouteText[id=fc47b1db-e7ae-450c-887b-29adc31df765] Routing FlowFile[500,96217443146223.mockFlowFile,23B] to original
[main] DEBUG org.apache.nifi.processors.standard.RouteText - RouteText[id=fc47b1db-e7ae-450c-887b-29adc31df765] Adding new dynamic property: PropertyDescriptor[simple]
[pool-2573-thread-1] INFO org.apache.nifi.processors.standard.RouteText - RouteText[id=fc47b1db-e7ae-450c-887b-29adc31df765] Created FlowFile[503,96217443696314.mockFlowFile,23B] from FlowFile[502,96217443696314.mockFlowFile,23B]; routing to relationship simple
[pool-2573-thread-1] INFO org.apache.nifi.processors.standard.RouteText - RouteText[id=fc47b1db-e7ae-450c-887b-29adc31df765] Routing FlowFile[502,96217443696314.mockFlowFile,23B] to original
[main] DEBUG org.apache.nifi.processors.standard.RouteText - RouteText[id=fc47b1db-e7ae-450c-887b-29adc31df765] Adding new dynamic property: PropertyDescriptor[simple]
[pool-2574-thread-1] INFO org.apache.nifi.processors.standard.RouteText - RouteText[id=fc47b1db-e7ae-450c-887b-29adc31df765] Created FlowFile[505,96217444201083.mockFlowFile,23B] from FlowFile[504,96217444201083.mockFlowFile,23B]; routing to relationship simple
[pool-2574-thread-1] INFO org.apache.nifi.processors.standard.RouteText - RouteText[id=fc47b1db-e7ae-450c-887b-29adc31df765] Routing FlowFile[504,96217444201083.mockFlowFile,23B] to original
[main] DEBUG org.apache.nifi.processors.standard.RouteText - RouteText[id=fc47b1db-e7ae-450c-887b-29adc31df765] Adding new dynamic property: PropertyDescriptor[simple]
[pool-2575-thread-1] INFO org.apache.nifi.processors.standard.RouteText - RouteText[id=fc47b1db-e7ae-450c-887b-29adc31df765] Created FlowFile[507,96217444717022.mockFlowFile,23B] from FlowFile[506,96217444717022.mockFlowFile,23B]; routing to relationship simple
[pool-2575-thread-1] INFO org.apache.nifi.processors.standard.RouteText - RouteText[id=fc47b1db-e7ae-450c-887b-29adc31df765] Routing FlowFile[506,96217444717022.mockFlowFile,23B] to original
[main] DEBUG org.apache.nifi.processors.standard.RouteText - RouteText[id=fc47b1db-e7ae-450c-887b-29adc31df765] Adding new dynamic property: PropertyDescriptor[simple]
[pool-2576-thread-1] INFO org.apache.nifi.processors.standard.RouteText - RouteText[id=fc47b1db-e7ae-450c-887b-29adc31df765] Created FlowFile[509,96217445198634.mockFlowFile,23B] from FlowFile[508,96217445198634.mockFlowFile,23B]; routing to relationship simple
[pool-2576-thread-1] INFO org.apache.nifi.processors.standard.RouteText - RouteText[id=fc47b1db-e7ae-450c-887b-29adc31df765] Routing FlowFile[508,96217445198634.mockFlowFile,23B] to original
[main] DEBUG org.apache.nifi.processors.standard.RouteText - RouteText[id=fc47b1db-e7ae-450c-887b-29adc31df765] Adding new dynamic property: PropertyDescriptor[simple]
[pool-2577-thread-1] INFO org.apache.nifi.processors.standard.RouteText - RouteText[id=fc47b1db-e7ae-450c-887b-29adc31df765] Created FlowFile[511,96217445665908.mockFlowFile,23B] from FlowFile[510,96217445665908.mockFlowFile,23B]; routing to relationship simple
[pool-2577-thread-1] INFO org.apache.nifi.processors.standard.RouteText - RouteText[id=fc47b1db-e7ae-450c-887b-29adc31df765] Routing FlowFile[510,96217445665908.mockFlowFile,23B] to original
[main] DEBUG org.apache.nifi.processors.standard.RouteText - RouteText[id=fc47b1db-e7ae-450c-887b-29adc31df765] Adding new dynamic property: PropertyDescriptor[simple]
[pool-2578-thread-1] INFO org.apache.nifi.processors.standard.RouteText - RouteText[id=fc47b1db-e7ae-450c-887b-29adc31df765] Created FlowFile[513,96217446232926.mockFlowFile,23B] from FlowFile[512,96217446232926.mockFlowFile,23B]; routing to relationship simple
[pool-2578-thread-1] INFO org.apache.nifi.processors.standard.RouteText - RouteText[id=fc47b1db-e7ae-450c-887b-29adc31df765] Routing FlowFile[512,96217446232926.mockFlowFile,23B] to original
[main] DEBUG org.apache.nifi.processors.standard.RouteText - RouteText[id=fc47b1db-e7ae-450c-887b-29adc31df765] Adding new dynamic property: PropertyDescriptor[simple]
[pool-2579-thread-1] INFO org.apache.nifi.processors.standard.RouteText - RouteText[id=fc47b1db-e7ae-450c-887b-29adc31df765] Created FlowFile[515,96217447455834.mockFlowFile,23B] from FlowFile[514,96217447455834.mockFlowFile,23B]; routing to relationship simple
[pool-2579-thread-1] INFO org.apache.nifi.processors.standard.RouteText - RouteText[id=fc47b1db-e7ae-450c-887b-29adc31df765] Routing FlowFile[514,96217447455834.mockFlowFile,23B] to original
[main] DEBUG org.apache.nifi.processors.standard.RouteText - RouteText[id=fc47b1db-e7ae-450c-887b-29adc31df765] Adding new dynamic property: PropertyDescriptor[simple]
[pool-2580-thread-1] INFO org.apache.nifi.processors.standard.RouteText - RouteText[id=fc47b1db-e7ae-450c-887b-29adc31df765] Created FlowFile[517,96217448114353.mockFlowFile,23B] from FlowFile[516,96217448114353.mockFlowFile,23B]; routing to relationship simple
[pool-2580-thread-1] INFO org.apache.nifi.processors.standard.RouteText - RouteText[id=fc47b1db-e7ae-450c-887b-29adc31df765] Routing FlowFile[516,96217448114353.mockFlowFile,23B] to original
[main] DEBUG org.apache.nifi.processors.standard.RouteText - RouteText[id=fc47b1db-e7ae-450c-887b-29adc31df765] Adding new dynamic property: PropertyDescriptor[simple]
[pool-2581-thread-1] INFO org.apache.nifi.processors.standard.RouteText - RouteText[id=fc47b1db-e7ae-450c-887b-29adc31df765] Created FlowFile[519,96217448650314.mockFlowFile,23B] from FlowFile[518,96217448650314.mockFlowFile,23B]; routing to relationship simple
[pool-2581-thread-1] INFO org.apache.nifi.processors.standard.RouteText - RouteText[id=fc47b1db-e7ae-450c-887b-29adc31df765] Routing FlowFile[518,96217448650314.mockFlowFile,23B] to original
[main] DEBUG org.apache.nifi.processors.standard.RouteText - RouteText[id=fc47b1db-e7ae-450c-887b-29adc31df765] Adding new dynamic property: PropertyDescriptor[simple]
[pool-2582-thread-1] INFO org.apache.nifi.processors.standard.RouteText - RouteText[id=fc47b1db-e7ae-450c-887b-29adc31df765] Created FlowFile[521,96217449157677.mockFlowFile,23B] from FlowFile[520,96217449157677.mockFlowFile,23B]; routing to relationship simple
[pool-2582-thread-1] INFO org.apache.nifi.processors.standard.RouteText - RouteText[id=fc47b1db-e7ae-450c-887b-29adc31df765] Routing FlowFile[520,96217449157677.mockFlowFile,23B] to original
[main] DEBUG org.apache.nifi.processors.standard.RouteText - RouteText[id=fc47b1db-e7ae-450c-887b-29adc31df765] Adding new dynamic property: PropertyDescriptor[simple]
[pool-2583-thread-1] INFO org.apache.nifi.processors.standard.RouteText - RouteText[id=fc47b1db-e7ae-450c-887b-29adc31df765] Created FlowFile[523,96217449693112.mockFlowFile,23B] from FlowFile[522,96217449693112.mockFlowFile,23B]; routing to relationship simple
[pool-2583-thread-1] INFO org.apache.nifi.processors.standard.RouteText - RouteText[id=fc47b1db-e7ae-450c-887b-29adc31df765] Routing FlowFile[522,96217449693112.mockFlowFile,23B] to original
[main] DEBUG org.apache.nifi.processors.standard.RouteText - RouteText[id=fc47b1db-e7ae-450c-887b-29adc31df765] Adding new dynamic property: PropertyDescriptor[simple]
[pool-2584-thread-1] INFO org.apache.nifi.processors.standard.RouteText - RouteText[id=fc47b1db-e7ae-450c-887b-29adc31df765] Created FlowFile[525,96217450389545.mockFlowFile,23B] from FlowFile[524,96217450389545.mockFlowFile,23B]; routing to relationship simple
[pool-2584-thread-1] INFO org.apache.nifi.processors.standard.RouteText - RouteText[id=fc47b1db-e7ae-450c-887b-29adc31df765] Routing FlowFile[524,96217450389545.mockFlowFile,23B] to original
[main] DEBUG org.apache.nifi.processors.standard.RouteText - RouteText[id=fc47b1db-e7ae-450c-887b-29adc31df765] Adding new dynamic property: PropertyDescriptor[simple]
[pool-2585-thread-1] INFO org.apache.nifi.processors.standard.RouteText - RouteText[id=fc47b1db-e7ae-450c-887b-29adc31df765] Created FlowFile[527,96217450912360.mockFlowFile,23B] from FlowFile[526,96217450912360.mockFlowFile,23B]; routing to relationship simple
[pool-2585-thread-1] INFO org.apache.nifi.processors.standard.RouteText - RouteText[id=fc47b1db-e7ae-450c-887b-29adc31df765] Routing FlowFile[526,96217450912360.mockFlowFile,23B] to original
[main] DEBUG org.apache.nifi.processors.standard.RouteText - RouteText[id=fc47b1db-e7ae-450c-887b-29adc31df765] Adding new dynamic property: PropertyDescriptor[simple]
[pool-2586-thread-1] INFO org.apache.nifi.processors.standard.RouteText - RouteText[id=fc47b1db-e7ae-450c-887b-29adc31df765] Created FlowFile[529,96217451462842.mockFlowFile,23B] from FlowFile[528,96217451462842.mockFlowFile,23B]; routing to relationship simple
[pool-2586-thread-1] INFO org.apache.nifi.processors.standard.RouteText - RouteText[id=fc47b1db-e7ae-450c-887b-29adc31df765] Routing FlowFile[528,96217451462842.mockFlowFile,23B] to original
[main] DEBUG org.apache.nifi.processors.standard.RouteText - RouteText[id=fc47b1db-e7ae-450c-887b-29adc31df765] Adding new dynamic property: PropertyDescriptor[simple]
[pool-2587-thread-1] INFO org.apache.nifi.processors.standard.RouteText - RouteText[id=fc47b1db-e7ae-450c-887b-29adc31df765] Created FlowFile[531,96217451992709.mockFlowFile,23B] from FlowFile[530,96217451992709.mockFlowFile,23B]; routing to relationship simple
[pool-2587-thread-1] INFO org.apache.nifi.processors.standard.RouteText - RouteText[id=fc47b1db-e7ae-450c-887b-29adc31df765] Routing FlowFile[530,96217451992709.mockFlowFile,23B] to original
[main] DEBUG org.apache.nifi.processors.standard.RouteText - RouteText[id=fc47b1db-e7ae-450c-887b-29adc31df765] Adding new dynamic property: PropertyDescriptor[simple]
[pool-2588-thread-1] INFO org.apache.nifi.processors.standard.RouteText - RouteText[id=fc47b1db-e7ae-450c-887b-29adc31df765] Created FlowFile[533,96217452506169.mockFlowFile,23B] from FlowFile[532,96217452506169.mockFlowFile,23B]; routing to relationship simple
[pool-2588-thread-1] INFO org.apache.nifi.processors.standard.RouteText - RouteText[id=fc47b1db-e7ae-450c-887b-29adc31df765] Routing FlowFile[532,96217452506169.mockFlowFile,23B] to original
[main] DEBUG org.apache.nifi.processors.standard.RouteText - RouteText[id=fc47b1db-e7ae-450c-887b-29adc31df765] Adding new dynamic property: PropertyDescriptor[simple]
[pool-2589-thread-1] INFO org.apache.nifi.processors.standard.RouteText - RouteText[id=fc47b1db-e7ae-450c-887b-29adc31df765] Created FlowFile[535,96217452962087.mockFlowFile,23B] from FlowFile[534,96217452962087.mockFlowFile,23B]; routing to relationship simple
[pool-2589-thread-1] INFO org.apache.nifi.processors.standard.RouteText - RouteText[id=fc47b1db-e7ae-450c-887b-29adc31df765] Routing FlowFile[534,96217452962087.mockFlowFile,23B] to original
[main] DEBUG org.apache.nifi.processors.standard.RouteText - RouteText[id=fc47b1db-e7ae-450c-887b-29adc31df765] Adding new dynamic property: PropertyDescriptor[simple]
[pool-2590-thread-1] INFO org.apache.nifi.processors.standard.RouteText - RouteText[id=fc47b1db-e7ae-450c-887b-29adc31df765] Created FlowFile[537,96217453412472.mockFlowFile,23B] from FlowFile[536,96217453412472.mockFlowFile,23B]; routing to relationship simple
[pool-2590-thread-1] INFO org.apache.nifi.processors.standard.RouteText - RouteText[id=fc47b1db-e7ae-450c-887b-29adc31df765] Routing FlowFile[536,96217453412472.mockFlowFile,23B] to original
[main] DEBUG org.apache.nifi.processors.standard.RouteText - RouteText[id=fc47b1db-e7ae-450c-887b-29adc31df765] Adding new dynamic property: PropertyDescriptor[simple]
[pool-2591-thread-1] INFO org.apache.nifi.processors.standard.RouteText - RouteText[id=fc47b1db-e7ae-450c-887b-29adc31df765] Created FlowFile[539,96217453950815.mockFlowFile,23B] from FlowFile[538,96217453950815.mockFlowFile,23B]; routing to relationship simple
[pool-2591-thread-1] INFO org.apache.nifi.processors.standard.RouteText - RouteText[id=fc47b1db-e7ae-450c-887b-29adc31df765] Routing FlowFile[538,96217453950815.mockFlowFile,23B] to original
[main] DEBUG org.apache.nifi.processors.standard.RouteText - RouteText[id=fc47b1db-e7ae-450c-887b-29adc31df765] Adding new dynamic property: PropertyDescriptor[simple]
[pool-2592-thread-1] INFO org.apache.nifi.processors.standard.RouteText - RouteText[id=fc47b1db-e7ae-450c-887b-29adc31df765] Created FlowFile[541,96217454512185.mockFlowFile,23B] from FlowFile[540,96217454512185.mockFlowFile,23B]; routing to relationship simple
[pool-2592-thread-1] INFO org.apache.nifi.processors.standard.RouteText - RouteText[id=fc47b1db-e7ae-450c-887b-29adc31df765] Routing FlowFile[540,96217454512185.mockFlowFile,23B] to original
[main] DEBUG org.apache.nifi.processors.standard.RouteText - RouteText[id=fc47b1db-e7ae-450c-887b-29adc31df765] Adding new dynamic property: PropertyDescriptor[simple]
[pool-2593-thread-1] INFO org.apache.nifi.processors.standard.RouteText - RouteText[id=fc47b1db-e7ae-450c-887b-29adc31df765] Created FlowFile[543,96217455038807.mockFlowFile,23B] from FlowFile[542,96217455038807.mockFlowFile,23B]; routing to relationship simple
[pool-2593-thread-1] INFO org.apache.nifi.processors.standard.RouteText - RouteText[id=fc47b1db-e7ae-450c-887b-29adc31df765] Routing FlowFile[542,96217455038807.mockFlowFile,23B] to original
[main] DEBUG org.apache.nifi.processors.standard.RouteText - RouteText[id=fc47b1db-e7ae-450c-887b-29adc31df765] Adding new dynamic property: PropertyDescriptor[simple]
[pool-2594-thread-1] INFO org.apache.nifi.processors.standard.RouteText - RouteText[id=fc47b1db-e7ae-450c-887b-29adc31df765] Created FlowFile[545,96217455630918.mockFlowFile,23B] from FlowFile[544,96217455630918.mockFlowFile,23B]; routing to relationship simple
[pool-2594-thread-1] INFO org.apache.nifi.processors.standard.RouteText - RouteText[id=fc47b1db-e7ae-450c-887b-29adc31df765] Routing FlowFile[544,96217455630918.mockFlowFile,23B] to original
[main] DEBUG org.apache.nifi.processors.standard.RouteText - RouteText[id=fc47b1db-e7ae-450c-887b-29adc31df765] Adding new dynamic property: PropertyDescriptor[simple]
[pool-2595-thread-1] INFO org.apache.nifi.processors.standard.RouteText - RouteText[id=fc47b1db-e7ae-450c-887b-29adc31df765] Created FlowFile[547,96217456528765.mockFlowFile,23B] from FlowFile[546,96217456528765.mockFlowFile,23B]; routing to relationship simple
[pool-2595-thread-1] INFO org.apache.nifi.processors.standard.RouteText - RouteText[id=fc47b1db-e7ae-450c-887b-29adc31df765] Routing FlowFile[546,96217456528765.mockFlowFile,23B] to original
[main] DEBUG org.apache.nifi.processors.standard.RouteText - RouteText[id=fc47b1db-e7ae-450c-887b-29adc31df765] Adding new dynamic property: PropertyDescriptor[simple]
[pool-2596-thread-1] INFO org.apache.nifi.processors.standard.RouteText - RouteText[id=fc47b1db-e7ae-450c-887b-29adc31df765] Created FlowFile[549,96217457100124.mockFlowFile,23B] from FlowFile[548,96217457100124.mockFlowFile,23B]; routing to relationship simple
[pool-2596-thread-1] INFO org.apache.nifi.processors.standard.RouteText - RouteText[id=fc47b1db-e7ae-450c-887b-29adc31df765] Routing FlowFile[548,96217457100124.mockFlowFile,23B] to original
[main] DEBUG org.apache.nifi.processors.standard.RouteText - RouteText[id=fc47b1db-e7ae-450c-887b-29adc31df765] Adding new dynamic property: PropertyDescriptor[simple]
[pool-2597-thread-1] INFO org.apache.nifi.processors.standard.RouteText - RouteText[id=fc47b1db-e7ae-450c-887b-29adc31df765] Created FlowFile[551,96217457674314.mockFlowFile,23B] from FlowFile[550,96217457674314.mockFlowFile,23B]; routing to relationship simple
[pool-2597-thread-1] INFO org.apache.nifi.processors.standard.RouteText - RouteText[id=fc47b1db-e7ae-450c-887b-29adc31df765] Routing FlowFile[550,96217457674314.mockFlowFile,23B] to original
[main] DEBUG org.apache.nifi.processors.standard.RouteText - RouteText[id=fc47b1db-e7ae-450c-887b-29adc31df765] Adding new dynamic property: PropertyDescriptor[simple]
[pool-2598-thread-1] INFO org.apache.nifi.processors.standard.RouteText - RouteText[id=fc47b1db-e7ae-450c-887b-29adc31df765] Created FlowFile[553,96217458227829.mockFlowFile,23B] from FlowFile[552,96217458227829.mockFlowFile,23B]; routing to relationship simple
[pool-2598-thread-1] INFO org.apache.nifi.processors.standard.RouteText - RouteText[id=fc47b1db-e7ae-450c-887b-29adc31df765] Routing FlowFile[552,96217458227829.mockFlowFile,23B] to original
[main] DEBUG org.apache.nifi.processors.standard.RouteText - RouteText[id=fc47b1db-e7ae-450c-887b-29adc31df765] Adding new dynamic property: PropertyDescriptor[simple]
[pool-2599-thread-1] INFO org.apache.nifi.processors.standard.RouteText - RouteText[id=fc47b1db-e7ae-450c-887b-29adc31df765] Created FlowFile[555,96217458671300.mockFlowFile,23B] from FlowFile[554,96217458671300.mockFlowFile,23B]; routing to relationship simple
[pool-2599-thread-1] INFO org.apache.nifi.processors.standard.RouteText - RouteText[id=fc47b1db-e7ae-450c-887b-29adc31df765] Routing FlowFile[554,96217458671300.mockFlowFile,23B] to original
[main] DEBUG org.apache.nifi.processors.standard.RouteText - RouteText[id=fc47b1db-e7ae-450c-887b-29adc31df765] Adding new dynamic property: PropertyDescriptor[simple]
[pool-2600-thread-1] INFO org.apache.nifi.processors.standard.RouteText - RouteText[id=fc47b1db-e7ae-450c-887b-29adc31df765] Created FlowFile[557,96217459140068.mockFlowFile,23B] from FlowFile[556,96217459140068.mockFlowFile,23B]; routing to relationship simple
[pool-2600-thread-1] INFO org.apache.nifi.processors.standard.RouteText - RouteText[id=fc47b1db-e7ae-450c-887b-29adc31df765] Routing FlowFile[556,96217459140068.mockFlowFile,23B] to original
[main] DEBUG org.apache.nifi.processors.standard.RouteText - RouteText[id=fc47b1db-e7ae-450c-887b-29adc31df765] Adding new dynamic property: PropertyDescriptor[simple]
[pool-2601-thread-1] INFO org.apache.nifi.processors.standard.RouteText - RouteText[id=fc47b1db-e7ae-450c-887b-29adc31df765] Created FlowFile[559,96217459612839.mockFlowFile,23B] from FlowFile[558,96217459612839.mockFlowFile,23B]; routing to relationship simple
[pool-2601-thread-1] INFO org.apache.nifi.processors.standard.RouteText - RouteText[id=fc47b1db-e7ae-450c-887b-29adc31df765] Routing FlowFile[558,96217459612839.mockFlowFile,23B] to original
[main] DEBUG org.apache.nifi.processors.standard.RouteText - RouteText[id=fc47b1db-e7ae-450c-887b-29adc31df765] Adding new dynamic property: PropertyDescriptor[simple]
[pool-2602-thread-1] INFO org.apache.nifi.processors.standard.RouteText - RouteText[id=fc47b1db-e7ae-450c-887b-29adc31df765] Created FlowFile[561,96217460103454.mockFlowFile,23B] from FlowFile[560,96217460103454.mockFlowFile,23B]; routing to relationship simple
[pool-2602-thread-1] INFO org.apache.nifi.processors.standard.RouteText - RouteText[id=fc47b1db-e7ae-450c-887b-29adc31df765] Routing FlowFile[560,96217460103454.mockFlowFile,23B] to original
[main] DEBUG org.apache.nifi.processors.standard.RouteText - RouteText[id=fc47b1db-e7ae-450c-887b-29adc31df765] Adding new dynamic property: PropertyDescriptor[simple]
[pool-2603-thread-1] INFO org.apache.nifi.processors.standard.RouteText - RouteText[id=fc47b1db-e7ae-450c-887b-29adc31df765] Created FlowFile[563,96217460617167.mockFlowFile,23B] from FlowFile[562,96217460617167.mockFlowFile,23B]; routing to relationship simple
[pool-2603-thread-1] INFO org.apache.nifi.processors.standard.RouteText - RouteText[id=fc47b1db-e7ae-450c-887b-29adc31df765] Routing FlowFile[562,96217460617167.mockFlowFile,23B] to original
[main] DEBUG org.apache.nifi.processors.standard.RouteText - RouteText[id=fc47b1db-e7ae-450c-887b-29adc31df765] Adding new dynamic property: PropertyDescriptor[simple]
[pool-2604-thread-1] INFO org.apache.nifi.processors.standard.RouteText - RouteText[id=fc47b1db-e7ae-450c-887b-29adc31df765] Created FlowFile[565,96217461208724.mockFlowFile,23B] from FlowFile[564,96217461208724.mockFlowFile,23B]; routing to relationship simple
[pool-2604-thread-1] INFO org.apache.nifi.processors.standard.RouteText - RouteText[id=fc47b1db-e7ae-450c-887b-29adc31df765] Routing FlowFile[564,96217461208724.mockFlowFile,23B] to original
[main] DEBUG org.apache.nifi.processors.standard.RouteText - RouteText[id=fc47b1db-e7ae-450c-887b-29adc31df765] Adding new dynamic property: PropertyDescriptor[simple]
[pool-2605-thread-1] INFO org.apache.nifi.processors.standard.RouteText - RouteText[id=fc47b1db-e7ae-450c-887b-29adc31df765] Created FlowFile[567,96217461768671.mockFlowFile,23B] from FlowFile[566,96217461768671.mockFlowFile,23B]; routing to relationship simple
[pool-2605-thread-1] INFO org.apache.nifi.processors.standard.RouteText - RouteText[id=fc47b1db-e7ae-450c-887b-29adc31df765] Routing FlowFile[566,96217461768671.mockFlowFile,23B] to original
[main] DEBUG org.apache.nifi.processors.standard.RouteText - RouteText[id=fc47b1db-e7ae-450c-887b-29adc31df765] Adding new dynamic property: PropertyDescriptor[simple]
[pool-2606-thread-1] INFO org.apache.nifi.processors.standard.RouteText - RouteText[id=fc47b1db-e7ae-450c-887b-29adc31df765] Created FlowFile[569,96217462301718.mockFlowFile,23B] from FlowFile[568,96217462301718.mockFlowFile,23B]; routing to relationship simple
[pool-2606-thread-1] INFO org.apache.nifi.processors.standard.RouteText - RouteText[id=fc47b1db-e7ae-450c-887b-29adc31df765] Routing FlowFile[568,96217462301718.mockFlowFile,23B] to original
[main] DEBUG org.apache.nifi.processors.standard.RouteText - RouteText[id=fc47b1db-e7ae-450c-887b-29adc31df765] Adding new dynamic property: PropertyDescriptor[simple]
[pool-2607-thread-1] INFO org.apache.nifi.processors.standard.RouteText - RouteText[id=fc47b1db-e7ae-450c-887b-29adc31df765] Created FlowFile[571,96217462832847.mockFlowFile,23B] from FlowFile[570,96217462832847.mockFlowFile,23B]; routing to relationship simple
[pool-2607-thread-1] INFO org.apache.nifi.processors.standard.RouteText - RouteText[id=fc47b1db-e7ae-450c-887b-29adc31df765] Routing FlowFile[570,96217462832847.mockFlowFile,23B] to original
[main] DEBUG org.apache.nifi.processors.standard.RouteText - RouteText[id=fc47b1db-e7ae-450c-887b-29adc31df765] Adding new dynamic property: PropertyDescriptor[simple]
[pool-2608-thread-1] INFO org.apache.nifi.processors.standard.RouteText - RouteText[id=fc47b1db-e7ae-450c-887b-29adc31df765] Created FlowFile[573,96217463330262.mockFlowFile,23B] from FlowFile[572,96217463330262.mockFlowFile,23B]; routing to relationship simple
[pool-2608-thread-1] INFO org.apache.nifi.processors.standard.RouteText - RouteText[id=fc47b1db-e7ae-450c-887b-29adc31df765] Routing FlowFile[572,96217463330262.mockFlowFile,23B] to original
[main] DEBUG org.apache.nifi.processors.standard.RouteText - RouteText[id=fc47b1db-e7ae-450c-887b-29adc31df765] Adding new dynamic property: PropertyDescriptor[simple]
[pool-2609-thread-1] INFO org.apache.nifi.processors.standard.RouteText - RouteText[id=fc47b1db-e7ae-450c-887b-29adc31df765] Created FlowFile[575,96217463847547.mockFlowFile,23B] from FlowFile[574,96217463847547.mockFlowFile,23B]; routing to relationship simple
[pool-2609-thread-1] INFO org.apache.nifi.processors.standard.RouteText - RouteText[id=fc47b1db-e7ae-450c-887b-29adc31df765] Routing FlowFile[574,96217463847547.mockFlowFile,23B] to original
[main] DEBUG org.apache.nifi.processors.standard.RouteText - RouteText[id=fc47b1db-e7ae-450c-887b-29adc31df765] Adding new dynamic property: PropertyDescriptor[simple]
[pool-2610-thread-1] INFO org.apache.nifi.processors.standard.RouteText - RouteText[id=fc47b1db-e7ae-450c-887b-29adc31df765] Created FlowFile[577,96217464475014.mockFlowFile,23B] from FlowFile[576,96217464475014.mockFlowFile,23B]; routing to relationship simple
[pool-2610-thread-1] INFO org.apache.nifi.processors.standard.RouteText - RouteText[id=fc47b1db-e7ae-450c-887b-29adc31df765] Routing FlowFile[576,96217464475014.mockFlowFile,23B] to original
[main] DEBUG org.apache.nifi.processors.standard.RouteText - RouteText[id=fc47b1db-e7ae-450c-887b-29adc31df765] Adding new dynamic property: PropertyDescriptor[simple]
[pool-2611-thread-1] INFO org.apache.nifi.processors.standard.RouteText - RouteText[id=fc47b1db-e7ae-450c-887b-29adc31df765] Created FlowFile[579,96217465066303.mockFlowFile,23B] from FlowFile[578,96217465066303.mockFlowFile,23B]; routing to relationship simple
[pool-2611-thread-1] INFO org.apache.nifi.processors.standard.RouteText - RouteText[id=fc47b1db-e7ae-450c-887b-29adc31df765] Routing FlowFile[578,96217465066303.mockFlowFile,23B] to original
[main] DEBUG org.apache.nifi.processors.standard.RouteText - RouteText[id=fc47b1db-e7ae-450c-887b-29adc31df765] Adding new dynamic property: PropertyDescriptor[simple]
[pool-2612-thread-1] INFO org.apache.nifi.processors.standard.RouteText - RouteText[id=fc47b1db-e7ae-450c-887b-29adc31df765] Created FlowFile[581,96217465630673.mockFlowFile,23B] from FlowFile[580,96217465630673.mockFlowFile,23B]; routing to relationship simple
[pool-2612-thread-1] INFO org.apache.nifi.processors.standard.RouteText - RouteText[id=fc47b1db-e7ae-450c-887b-29adc31df765] Routing FlowFile[580,96217465630673.mockFlowFile,23B] to original
[main] DEBUG org.apache.nifi.processors.standard.RouteText - RouteText[id=fc47b1db-e7ae-450c-887b-29adc31df765] Adding new dynamic property: PropertyDescriptor[simple]
[pool-2613-thread-1] INFO org.apache.nifi.processors.standard.RouteText - RouteText[id=fc47b1db-e7ae-450c-887b-29adc31df765] Created FlowFile[583,96217466522833.mockFlowFile,23B] from FlowFile[582,96217466522833.mockFlowFile,23B]; routing to relationship simple
[pool-2613-thread-1] INFO org.apache.nifi.processors.standard.RouteText - RouteText[id=fc47b1db-e7ae-450c-887b-29adc31df765] Routing FlowFile[582,96217466522833.mockFlowFile,23B] to original
[main] DEBUG org.apache.nifi.processors.standard.RouteText - RouteText[id=fc47b1db-e7ae-450c-887b-29adc31df765] Adding new dynamic property: PropertyDescriptor[simple]
[pool-2614-thread-1] INFO org.apache.nifi.processors.standard.RouteText - RouteText[id=fc47b1db-e7ae-450c-887b-29adc31df765] Created FlowFile[585,96217467129598.mockFlowFile,23B] from FlowFile[584,96217467129598.mockFlowFile,23B]; routing to relationship simple
[pool-2614-thread-1] INFO org.apache.nifi.processors.standard.RouteText - RouteText[id=fc47b1db-e7ae-450c-887b-29adc31df765] Routing FlowFile[584,96217467129598.mockFlowFile,23B] to original
[main] DEBUG org.apache.nifi.processors.standard.RouteText - RouteText[id=fc47b1db-e7ae-450c-887b-29adc31df765] Adding new dynamic property: PropertyDescriptor[simple]
[pool-2615-thread-1] INFO org.apache.nifi.processors.standard.RouteText - RouteText[id=fc47b1db-e7ae-450c-887b-29adc31df765] Created FlowFile[587,96217467684074.mockFlowFile,23B] from FlowFile[586,96217467684074.mockFlowFile,23B]; routing to relationship simple
[pool-2615-thread-1] INFO org.apache.nifi.processors.standard.RouteText - RouteText[id=fc47b1db-e7ae-450c-887b-29adc31df765] Routing FlowFile[586,96217467684074.mockFlowFile,23B] to original
[main] DEBUG org.apache.nifi.processors.standard.RouteText - RouteText[id=fc47b1db-e7ae-450c-887b-29adc31df765] Adding new dynamic property: PropertyDescriptor[simple]
[pool-2616-thread-1] INFO org.apache.nifi.processors.standard.RouteText - RouteText[id=fc47b1db-e7ae-450c-887b-29adc31df765] Created FlowFile[589,96217468398773.mockFlowFile,23B] from FlowFile[588,96217468398773.mockFlowFile,23B]; routing to relationship simple
[pool-2616-thread-1] INFO org.apache.nifi.processors.standard.RouteText - RouteText[id=fc47b1db-e7ae-450c-887b-29adc31df765] Routing FlowFile[588,96217468398773.mockFlowFile,23B] to original
[main] DEBUG org.apache.nifi.processors.standard.RouteText - RouteText[id=fc47b1db-e7ae-450c-887b-29adc31df765] Adding new dynamic property: PropertyDescriptor[simple]
[pool-2617-thread-1] INFO org.apache.nifi.processors.standard.RouteText - RouteText[id=fc47b1db-e7ae-450c-887b-29adc31df765] Created FlowFile[591,96217468958784.mockFlowFile,23B] from FlowFile[590,96217468958784.mockFlowFile,23B]; routing to relationship simple
[pool-2617-thread-1] INFO org.apache.nifi.processors.standard.RouteText - RouteText[id=fc47b1db-e7ae-450c-887b-29adc31df765] Routing FlowFile[590,96217468958784.mockFlowFile,23B] to original
[main] DEBUG org.apache.nifi.processors.standard.RouteText - RouteText[id=fc47b1db-e7ae-450c-887b-29adc31df765] Adding new dynamic property: PropertyDescriptor[simple]
[pool-2618-thread-1] INFO org.apache.nifi.processors.standard.RouteText - RouteText[id=fc47b1db-e7ae-450c-887b-29adc31df765] Created FlowFile[593,96217469548616.mockFlowFile,23B] from FlowFile[592,96217469548616.mockFlowFile,23B]; routing to relationship simple
[pool-2618-thread-1] INFO org.apache.nifi.processors.standard.RouteText - RouteText[id=fc47b1db-e7ae-450c-887b-29adc31df765] Routing FlowFile[592,96217469548616.mockFlowFile,23B] to original
[main] DEBUG org.apache.nifi.processors.standard.RouteText - RouteText[id=fc47b1db-e7ae-450c-887b-29adc31df765] Adding new dynamic property: PropertyDescriptor[simple]
[pool-2619-thread-1] INFO org.apache.nifi.processors.standard.RouteText - RouteText[id=fc47b1db-e7ae-450c-887b-29adc31df765] Created FlowFile[595,96217470083398.mockFlowFile,23B] from FlowFile[594,96217470083398.mockFlowFile,23B]; routing to relationship simple
[pool-2619-thread-1] INFO org.apache.nifi.processors.standard.RouteText - RouteText[id=fc47b1db-e7ae-450c-887b-29adc31df765] Routing FlowFile[594,96217470083398.mockFlowFile,23B] to original
[main] DEBUG org.apache.nifi.processors.standard.RouteText - RouteText[id=fc47b1db-e7ae-450c-887b-29adc31df765] Adding new dynamic property: PropertyDescriptor[simple]
[pool-2620-thread-1] INFO org.apache.nifi.processors.standard.RouteText - RouteText[id=fc47b1db-e7ae-450c-887b-29adc31df765] Created FlowFile[597,96217470594238.mockFlowFile,23B] from FlowFile[596,96217470594238.mockFlowFile,23B]; routing to relationship simple
[pool-2620-thread-1] INFO org.apache.nifi.processors.standard.RouteText - RouteText[id=fc47b1db-e7ae-450c-887b-29adc31df765] Routing FlowFile[596,96217470594238.mockFlowFile,23B] to original
[main] DEBUG org.apache.nifi.processors.standard.RouteText - RouteText[id=fc47b1db-e7ae-450c-887b-29adc31df765] Adding new dynamic property: PropertyDescriptor[simple]
[pool-2621-thread-1] INFO org.apache.nifi.processors.standard.RouteText - RouteText[id=fc47b1db-e7ae-450c-887b-29adc31df765] Created FlowFile[599,96217471085087.mockFlowFile,23B] from FlowFile[598,96217471085087.mockFlowFile,23B]; routing to relationship simple
[pool-2621-thread-1] INFO org.apache.nifi.processors.standard.RouteText - RouteText[id=fc47b1db-e7ae-450c-887b-29adc31df765] Routing FlowFile[598,96217471085087.mockFlowFile,23B] to original
[main] DEBUG org.apache.nifi.processors.standard.RouteText - RouteText[id=fc47b1db-e7ae-450c-887b-29adc31df765] Adding new dynamic property: PropertyDescriptor[simple]
[pool-2622-thread-1] INFO org.apache.nifi.processors.standard.RouteText - RouteText[id=fc47b1db-e7ae-450c-887b-29adc31df765] Created FlowFile[601,96217471583611.mockFlowFile,23B] from FlowFile[600,96217471583611.mockFlowFile,23B]; routing to relationship simple
[pool-2622-thread-1] INFO org.apache.nifi.processors.standard.RouteText - RouteText[id=fc47b1db-e7ae-450c-887b-29adc31df765] Routing FlowFile[600,96217471583611.mockFlowFile,23B] to original
[main] DEBUG org.apache.nifi.processors.standard.RouteText - RouteText[id=fc47b1db-e7ae-450c-887b-29adc31df765] Adding new dynamic property: PropertyDescriptor[simple]
[pool-2623-thread-1] INFO org.apache.nifi.processors.standard.RouteText - RouteText[id=fc47b1db-e7ae-450c-887b-29adc31df765] Created FlowFile[603,96217472099376.mockFlowFile,23B] from FlowFile[602,96217472099376.mockFlowFile,23B]; routing to relationship simple
[pool-2623-thread-1] INFO org.apache.nifi.processors.standard.RouteText - RouteText[id=fc47b1db-e7ae-450c-887b-29adc31df765] Routing FlowFile[602,96217472099376.mockFlowFile,23B] to original
[main] DEBUG org.apache.nifi.processors.standard.RouteText - RouteText[id=fc47b1db-e7ae-450c-887b-29adc31df765] Adding new dynamic property: PropertyDescriptor[simple]
[pool-2624-thread-1] INFO org.apache.nifi.processors.standard.RouteText - RouteText[id=fc47b1db-e7ae-450c-887b-29adc31df765] Created FlowFile[605,96217472666120.mockFlowFile,23B] from FlowFile[604,96217472666120.mockFlowFile,23B]; routing to relationship simple
[pool-2624-thread-1] INFO org.apache.nifi.processors.standard.RouteText - RouteText[id=fc47b1db-e7ae-450c-887b-29adc31df765] Routing FlowFile[604,96217472666120.mockFlowFile,23B] to original
[main] DEBUG org.apache.nifi.processors.standard.RouteText - RouteText[id=fc47b1db-e7ae-450c-887b-29adc31df765] Adding new dynamic property: PropertyDescriptor[simple]
[pool-2625-thread-1] INFO org.apache.nifi.processors.standard.RouteText - RouteText[id=fc47b1db-e7ae-450c-887b-29adc31df765] Created FlowFile[607,96217473186055.mockFlowFile,23B] from FlowFile[606,96217473186055.mockFlowFile,23B]; routing to relationship simple
[pool-2625-thread-1] INFO org.apache.nifi.processors.standard.RouteText - RouteText[id=fc47b1db-e7ae-450c-887b-29adc31df765] Routing FlowFile[606,96217473186055.mockFlowFile,23B] to original
[main] DEBUG org.apache.nifi.processors.standard.RouteText - RouteText[id=fc47b1db-e7ae-450c-887b-29adc31df765] Adding new dynamic property: PropertyDescriptor[simple]
[pool-2626-thread-1] INFO org.apache.nifi.processors.standard.RouteText - RouteText[id=fc47b1db-e7ae-450c-887b-29adc31df765] Created FlowFile[609,96217473705085.mockFlowFile,23B] from FlowFile[608,96217473705085.mockFlowFile,23B]; routing to relationship simple
[pool-2626-thread-1] INFO org.apache.nifi.processors.standard.RouteText - RouteText[id=fc47b1db-e7ae-450c-887b-29adc31df765] Routing FlowFile[608,96217473705085.mockFlowFile,23B] to original
[main] DEBUG org.apache.nifi.processors.standard.RouteText - RouteText[id=fc47b1db-e7ae-450c-887b-29adc31df765] Adding new dynamic property: PropertyDescriptor[simple]
[pool-2627-thread-1] INFO org.apache.nifi.processors.standard.RouteText - RouteText[id=fc47b1db-e7ae-450c-887b-29adc31df765] Created FlowFile[611,96217474195717.mockFlowFile,23B] from FlowFile[610,96217474195717.mockFlowFile,23B]; routing to relationship simple
[pool-2627-thread-1] INFO org.apache.nifi.processors.standard.RouteText - RouteText[id=fc47b1db-e7ae-450c-887b-29adc31df765] Routing FlowFile[610,96217474195717.mockFlowFile,23B] to original
[main] DEBUG org.apache.nifi.processors.standard.RouteText - RouteText[id=fc47b1db-e7ae-450c-887b-29adc31df765] Adding new dynamic property: PropertyDescriptor[simple]
[pool-2628-thread-1] INFO org.apache.nifi.processors.standard.RouteText - RouteText[id=fc47b1db-e7ae-450c-887b-29adc31df765] Created FlowFile[613,96217474649332.mockFlowFile,23B] from FlowFile[612,96217474649332.mockFlowFile,23B]; routing to relationship simple
[pool-2628-thread-1] INFO org.apache.nifi.processors.standard.RouteText - RouteText[id=fc47b1db-e7ae-450c-887b-29adc31df765] Routing FlowFile[612,96217474649332.mockFlowFile,23B] to original
[main] DEBUG org.apache.nifi.processors.standard.RouteText - RouteText[id=fc47b1db-e7ae-450c-887b-29adc31df765] Adding new dynamic property: PropertyDescriptor[simple]
[pool-2629-thread-1] INFO org.apache.nifi.processors.standard.RouteText - RouteText[id=fc47b1db-e7ae-450c-887b-29adc31df765] Created FlowFile[615,96217475111491.mockFlowFile,23B] from FlowFile[614,96217475111491.mockFlowFile,23B]; routing to relationship simple
[pool-2629-thread-1] INFO org.apache.nifi.processors.standard.RouteText - RouteText[id=fc47b1db-e7ae-450c-887b-29adc31df765] Routing FlowFile[614,96217475111491.mockFlowFile,23B] to original
[main] DEBUG org.apache.nifi.processors.standard.RouteText - RouteText[id=fc47b1db-e7ae-450c-887b-29adc31df765] Adding new dynamic property: PropertyDescriptor[simple]
[pool-2630-thread-1] INFO org.apache.nifi.processors.standard.RouteText - RouteText[id=fc47b1db-e7ae-450c-887b-29adc31df765] Created FlowFile[617,96217475562084.mockFlowFile,23B] from FlowFile[616,96217475562084.mockFlowFile,23B]; routing to relationship simple
[pool-2630-thread-1] INFO org.apache.nifi.processors.standard.RouteText - RouteText[id=fc47b1db-e7ae-450c-887b-29adc31df765] Routing FlowFile[616,96217475562084.mockFlowFile,23B] to original
[main] DEBUG org.apache.nifi.processors.standard.RouteText - RouteText[id=fc47b1db-e7ae-450c-887b-29adc31df765] Adding new dynamic property: PropertyDescriptor[simple]
[pool-2631-thread-1] INFO org.apache.nifi.processors.standard.RouteText - RouteText[id=fc47b1db-e7ae-450c-887b-29adc31df765] Created FlowFile[619,96217476021412.mockFlowFile,23B] from FlowFile[618,96217476021412.mockFlowFile,23B]; routing to relationship simple
[pool-2631-thread-1] INFO org.apache.nifi.processors.standard.RouteText - RouteText[id=fc47b1db-e7ae-450c-887b-29adc31df765] Routing FlowFile[618,96217476021412.mockFlowFile,23B] to original
[main] DEBUG org.apache.nifi.processors.standard.RouteText - RouteText[id=fc47b1db-e7ae-450c-887b-29adc31df765] Adding new dynamic property: PropertyDescriptor[simple]
[pool-2632-thread-1] INFO org.apache.nifi.processors.standard.RouteText - RouteText[id=fc47b1db-e7ae-450c-887b-29adc31df765] Created FlowFile[621,96217476497745.mockFlowFile,23B] from FlowFile[620,96217476497745.mockFlowFile,23B]; routing to relationship simple
[pool-2632-thread-1] INFO org.apache.nifi.processors.standard.RouteText - RouteText[id=fc47b1db-e7ae-450c-887b-29adc31df765] Routing FlowFile[620,96217476497745.mockFlowFile,23B] to original
[main] DEBUG org.apache.nifi.processors.standard.RouteText - RouteText[id=fc47b1db-e7ae-450c-887b-29adc31df765] Adding new dynamic property: PropertyDescriptor[simple]
[pool-2633-thread-1] INFO org.apache.nifi.processors.standard.RouteText - RouteText[id=fc47b1db-e7ae-450c-887b-29adc31df765] Created FlowFile[623,96217476996539.mockFlowFile,23B] from FlowFile[622,96217476996539.mockFlowFile,23B]; routing to relationship simple
[pool-2633-thread-1] INFO org.apache.nifi.processors.standard.RouteText - RouteText[id=fc47b1db-e7ae-450c-887b-29adc31df765] Routing FlowFile[622,96217476996539.mockFlowFile,23B] to original
[main] DEBUG org.apache.nifi.processors.standard.RouteText - RouteText[id=fc47b1db-e7ae-450c-887b-29adc31df765] Adding new dynamic property: PropertyDescriptor[simple]
[pool-2634-thread-1] INFO org.apache.nifi.processors.standard.RouteText - RouteText[id=fc47b1db-e7ae-450c-887b-29adc31df765] Created FlowFile[625,96217477519802.mockFlowFile,23B] from FlowFile[624,96217477519802.mockFlowFile,23B]; routing to relationship simple
[pool-2634-thread-1] INFO org.apache.nifi.processors.standard.RouteText - RouteText[id=fc47b1db-e7ae-450c-887b-29adc31df765] Routing FlowFile[624,96217477519802.mockFlowFile,23B] to original
[main] DEBUG org.apache.nifi.processors.standard.RouteText - RouteText[id=fc47b1db-e7ae-450c-887b-29adc31df765] Adding new dynamic property: PropertyDescriptor[simple]
[pool-2635-thread-1] INFO org.apache.nifi.processors.standard.RouteText - RouteText[id=fc47b1db-e7ae-450c-887b-29adc31df765] Created FlowFile[627,96217478044311.mockFlowFile,23B] from FlowFile[626,96217478044311.mockFlowFile,23B]; routing to relationship simple
[pool-2635-thread-1] INFO org.apache.nifi.processors.standard.RouteText - RouteText[id=fc47b1db-e7ae-450c-887b-29adc31df765] Routing FlowFile[626,96217478044311.mockFlowFile,23B] to original
[main] DEBUG org.apache.nifi.processors.standard.RouteText - RouteText[id=fc47b1db-e7ae-450c-887b-29adc31df765] Adding new dynamic property: PropertyDescriptor[simple]
[pool-2636-thread-1] INFO org.apache.nifi.processors.standard.RouteText - RouteText[id=fc47b1db-e7ae-450c-887b-29adc31df765] Created FlowFile[629,96217478631214.mockFlowFile,23B] from FlowFile[628,96217478631214.mockFlowFile,23B]; routing to relationship simple
[pool-2636-thread-1] INFO org.apache.nifi.processors.standard.RouteText - RouteText[id=fc47b1db-e7ae-450c-887b-29adc31df765] Routing FlowFile[628,96217478631214.mockFlowFile,23B] to original
[main] DEBUG org.apache.nifi.processors.standard.RouteText - RouteText[id=fc47b1db-e7ae-450c-887b-29adc31df765] Adding new dynamic property: PropertyDescriptor[simple]
[pool-2637-thread-1] INFO org.apache.nifi.processors.standard.RouteText - RouteText[id=fc47b1db-e7ae-450c-887b-29adc31df765] Created FlowFile[631,96217479120646.mockFlowFile,23B] from FlowFile[630,96217479120646.mockFlowFile,23B]; routing to relationship simple
[pool-2637-thread-1] INFO org.apache.nifi.processors.standard.RouteText - RouteText[id=fc47b1db-e7ae-450c-887b-29adc31df765] Routing FlowFile[630,96217479120646.mockFlowFile,23B] to original
[main] DEBUG org.apache.nifi.processors.standard.RouteText - RouteText[id=fc47b1db-e7ae-450c-887b-29adc31df765] Adding new dynamic property: PropertyDescriptor[simple]
[pool-2638-thread-1] INFO org.apache.nifi.processors.standard.RouteText - RouteText[id=fc47b1db-e7ae-450c-887b-29adc31df765] Created FlowFile[633,96217479616074.mockFlowFile,23B] from FlowFile[632,96217479616074.mockFlowFile,23B]; routing to relationship simple
[pool-2638-thread-1] INFO org.apache.nifi.processors.standard.RouteText - RouteText[id=fc47b1db-e7ae-450c-887b-29adc31df765] Routing FlowFile[632,96217479616074.mockFlowFile,23B] to original
[main] DEBUG org.apache.nifi.processors.standard.RouteText - RouteText[id=fc47b1db-e7ae-450c-887b-29adc31df765] Adding new dynamic property: PropertyDescriptor[simple]
[pool-2639-thread-1] INFO org.apache.nifi.processors.standard.RouteText - RouteText[id=fc47b1db-e7ae-450c-887b-29adc31df765] Created FlowFile[635,96217480194277.mockFlowFile,23B] from FlowFile[634,96217480194277.mockFlowFile,23B]; routing to relationship simple
[pool-2639-thread-1] INFO org.apache.nifi.processors.standard.RouteText - RouteText[id=fc47b1db-e7ae-450c-887b-29adc31df765] Routing FlowFile[634,96217480194277.mockFlowFile,23B] to original
[main] DEBUG org.apache.nifi.processors.standard.RouteText - RouteText[id=fc47b1db-e7ae-450c-887b-29adc31df765] Adding new dynamic property: PropertyDescriptor[simple]
[pool-2640-thread-1] INFO org.apache.nifi.processors.standard.RouteText - RouteText[id=fc47b1db-e7ae-450c-887b-29adc31df765] Created FlowFile[637,96217480703722.mockFlowFile,23B] from FlowFile[636,96217480703722.mockFlowFile,23B]; routing to relationship simple
[pool-2640-thread-1] INFO org.apache.nifi.processors.standard.RouteText - RouteText[id=fc47b1db-e7ae-450c-887b-29adc31df765] Routing FlowFile[636,96217480703722.mockFlowFile,23B] to original
[main] DEBUG org.apache.nifi.processors.standard.RouteText - RouteText[id=fc47b1db-e7ae-450c-887b-29adc31df765] Adding new dynamic property: PropertyDescriptor[simple]
[pool-2641-thread-1] INFO org.apache.nifi.processors.standard.RouteText - RouteText[id=fc47b1db-e7ae-450c-887b-29adc31df765] Created FlowFile[639,96217481204020.mockFlowFile,23B] from FlowFile[638,96217481204020.mockFlowFile,23B]; routing to relationship simple
[pool-2641-thread-1] INFO org.apache.nifi.processors.standard.RouteText - RouteText[id=fc47b1db-e7ae-450c-887b-29adc31df765] Routing FlowFile[638,96217481204020.mockFlowFile,23B] to original
[main] DEBUG org.apache.nifi.processors.standard.RouteText - RouteText[id=fc47b1db-e7ae-450c-887b-29adc31df765] Adding new dynamic property: PropertyDescriptor[simple]
[pool-2642-thread-1] INFO org.apache.nifi.processors.standard.RouteText - RouteText[id=fc47b1db-e7ae-450c-887b-29adc31df765] Created FlowFile[641,96217481722286.mockFlowFile,23B] from FlowFile[640,96217481722286.mockFlowFile,23B]; routing to relationship simple
[pool-2642-thread-1] INFO org.apache.nifi.processors.standard.RouteText - RouteText[id=fc47b1db-e7ae-450c-887b-29adc31df765] Routing FlowFile[640,96217481722286.mockFlowFile,23B] to original
[main] DEBUG org.apache.nifi.processors.standard.RouteText - RouteText[id=fc47b1db-e7ae-450c-887b-29adc31df765] Adding new dynamic property: PropertyDescriptor[simple]
[pool-2643-thread-1] INFO org.apache.nifi.processors.standard.RouteText - RouteText[id=fc47b1db-e7ae-450c-887b-29adc31df765] Created FlowFile[643,96217482270691.mockFlowFile,23B] from FlowFile[642,96217482270691.mockFlowFile,23B]; routing to relationship simple
[pool-2643-thread-1] INFO org.apache.nifi.processors.standard.RouteText - RouteText[id=fc47b1db-e7ae-450c-887b-29adc31df765] Routing FlowFile[642,96217482270691.mockFlowFile,23B] to original
[main] DEBUG org.apache.nifi.processors.standard.RouteText - RouteText[id=fc47b1db-e7ae-450c-887b-29adc31df765] Adding new dynamic property: PropertyDescriptor[simple]
[pool-2644-thread-1] INFO org.apache.nifi.processors.standard.RouteText - RouteText[id=fc47b1db-e7ae-450c-887b-29adc31df765] Created FlowFile[645,96217505102543.mockFlowFile,23B] from FlowFile[644,96217505102543.mockFlowFile,23B]; routing to relationship simple
[pool-2644-thread-1] INFO org.apache.nifi.processors.standard.RouteText - RouteText[id=fc47b1db-e7ae-450c-887b-29adc31df765] Routing FlowFile[644,96217505102543.mockFlowFile,23B] to original
[main] DEBUG org.apache.nifi.processors.standard.RouteText - RouteText[id=fc47b1db-e7ae-450c-887b-29adc31df765] Adding new dynamic property: PropertyDescriptor[simple]
[pool-2645-thread-1] INFO org.apache.nifi.processors.standard.RouteText - RouteText[id=fc47b1db-e7ae-450c-887b-29adc31df765] Created FlowFile[647,96217505815359.mockFlowFile,23B] from FlowFile[646,96217505815359.mockFlowFile,23B]; routing to relationship simple
[pool-2645-thread-1] INFO org.apache.nifi.processors.standard.RouteText - RouteText[id=fc47b1db-e7ae-450c-887b-29adc31df765] Routing FlowFile[646,96217505815359.mockFlowFile,23B] to original
[main] DEBUG org.apache.nifi.processors.standard.RouteText - RouteText[id=fc47b1db-e7ae-450c-887b-29adc31df765] Adding new dynamic property: PropertyDescriptor[simple]
[pool-2646-thread-1] INFO org.apache.nifi.processors.standard.RouteText - RouteText[id=fc47b1db-e7ae-450c-887b-29adc31df765] Created FlowFile[649,96217506399939.mockFlowFile,23B] from FlowFile[648,96217506399939.mockFlowFile,23B]; routing to relationship simple
[pool-2646-thread-1] INFO org.apache.nifi.processors.standard.RouteText - RouteText[id=fc47b1db-e7ae-450c-887b-29adc31df765] Routing FlowFile[648,96217506399939.mockFlowFile,23B] to original
[main] DEBUG org.apache.nifi.processors.standard.RouteText - RouteText[id=fc47b1db-e7ae-450c-887b-29adc31df765] Adding new dynamic property: PropertyDescriptor[simple]
[pool-2647-thread-1] INFO org.apache.nifi.processors.standard.RouteText - RouteText[id=fc47b1db-e7ae-450c-887b-29adc31df765] Created FlowFile[651,96217506954617.mockFlowFile,23B] from FlowFile[650,96217506954617.mockFlowFile,23B]; routing to relationship simple
[pool-2647-thread-1] INFO org.apache.nifi.processors.standard.RouteText - RouteText[id=fc47b1db-e7ae-450c-887b-29adc31df765] Routing FlowFile[650,96217506954617.mockFlowFile,23B] to original
[main] DEBUG org.apache.nifi.processors.standard.RouteText - RouteText[id=fc47b1db-e7ae-450c-887b-29adc31df765] Adding new dynamic property: PropertyDescriptor[simple]
[pool-2648-thread-1] INFO org.apache.nifi.processors.standard.RouteText - RouteText[id=fc47b1db-e7ae-450c-887b-29adc31df765] Created FlowFile[653,96217507500230.mockFlowFile,23B] from FlowFile[652,96217507500230.mockFlowFile,23B]; routing to relationship simple
[pool-2648-thread-1] INFO org.apache.nifi.processors.standard.RouteText - RouteText[id=fc47b1db-e7ae-450c-887b-29adc31df765] Routing FlowFile[652,96217507500230.mockFlowFile,23B] to original
[main] DEBUG org.apache.nifi.processors.standard.RouteText - RouteText[id=fc47b1db-e7ae-450c-887b-29adc31df765] Adding new dynamic property: PropertyDescriptor[simple]
[pool-2649-thread-1] INFO org.apache.nifi.processors.standard.RouteText - RouteText[id=fc47b1db-e7ae-450c-887b-29adc31df765] Created FlowFile[655,96217508079271.mockFlowFile,23B] from FlowFile[654,96217508079271.mockFlowFile,23B]; routing to relationship simple
[pool-2649-thread-1] INFO org.apache.nifi.processors.standard.RouteText - RouteText[id=fc47b1db-e7ae-450c-887b-29adc31df765] Routing FlowFile[654,96217508079271.mockFlowFile,23B] to original
[main] DEBUG org.apache.nifi.processors.standard.RouteText - RouteText[id=fc47b1db-e7ae-450c-887b-29adc31df765] Adding new dynamic property: PropertyDescriptor[simple]
[pool-2650-thread-1] INFO org.apache.nifi.processors.standard.RouteText - RouteText[id=fc47b1db-e7ae-450c-887b-29adc31df765] Created FlowFile[657,96217508681916.mockFlowFile,23B] from FlowFile[656,96217508681916.mockFlowFile,23B]; routing to relationship simple
[pool-2650-thread-1] INFO org.apache.nifi.processors.standard.RouteText - RouteText[id=fc47b1db-e7ae-450c-887b-29adc31df765] Routing FlowFile[656,96217508681916.mockFlowFile,23B] to original
[main] DEBUG org.apache.nifi.processors.standard.RouteText - RouteText[id=fc47b1db-e7ae-450c-887b-29adc31df765] Adding new dynamic property: PropertyDescriptor[simple]
[pool-2651-thread-1] INFO org.apache.nifi.processors.standard.RouteText - RouteText[id=fc47b1db-e7ae-450c-887b-29adc31df765] Created FlowFile[659,96217509252560.mockFlowFile,23B] from FlowFile[658,96217509252560.mockFlowFile,23B]; routing to relationship simple
[pool-2651-thread-1] INFO org.apache.nifi.processors.standard.RouteText - RouteText[id=fc47b1db-e7ae-450c-887b-29adc31df765] Routing FlowFile[658,96217509252560.mockFlowFile,23B] to original
[main] DEBUG org.apache.nifi.processors.standard.RouteText - RouteText[id=fc47b1db-e7ae-450c-887b-29adc31df765] Adding new dynamic property: PropertyDescriptor[simple]
[pool-2652-thread-1] INFO org.apache.nifi.processors.standard.RouteText - RouteText[id=fc47b1db-e7ae-450c-887b-29adc31df765] Created FlowFile[661,96217509838268.mockFlowFile,23B] from FlowFile[660,96217509838268.mockFlowFile,23B]; routing to relationship simple
[pool-2652-thread-1] INFO org.apache.nifi.processors.standard.RouteText - RouteText[id=fc47b1db-e7ae-450c-887b-29adc31df765] Routing FlowFile[660,96217509838268.mockFlowFile,23B] to original
[main] DEBUG org.apache.nifi.processors.standard.RouteText - RouteText[id=fc47b1db-e7ae-450c-887b-29adc31df765] Adding new dynamic property: PropertyDescriptor[simple]
[pool-2653-thread-1] INFO org.apache.nifi.processors.standard.RouteText - RouteText[id=fc47b1db-e7ae-450c-887b-29adc31df765] Created FlowFile[663,96217510411340.mockFlowFile,23B] from FlowFile[662,96217510411340.mockFlowFile,23B]; routing to relationship simple
[pool-2653-thread-1] INFO org.apache.nifi.processors.standard.RouteText - RouteText[id=fc47b1db-e7ae-450c-887b-29adc31df765] Routing FlowFile[662,96217510411340.mockFlowFile,23B] to original
[main] DEBUG org.apache.nifi.processors.standard.RouteText - RouteText[id=fc47b1db-e7ae-450c-887b-29adc31df765] Adding new dynamic property: PropertyDescriptor[simple]
[pool-2654-thread-1] INFO org.apache.nifi.processors.standard.RouteText - RouteText[id=fc47b1db-e7ae-450c-887b-29adc31df765] Created FlowFile[665,96217510949486.mockFlowFile,23B] from FlowFile[664,96217510949486.mockFlowFile,23B]; routing to relationship simple
[pool-2654-thread-1] INFO org.apache.nifi.processors.standard.RouteText - RouteText[id=fc47b1db-e7ae-450c-887b-29adc31df765] Routing FlowFile[664,96217510949486.mockFlowFile,23B] to original
[main] DEBUG org.apache.nifi.processors.standard.RouteText - RouteText[id=fc47b1db-e7ae-450c-887b-29adc31df765] Adding new dynamic property: PropertyDescriptor[simple]
[pool-2655-thread-1] INFO org.apache.nifi.processors.standard.RouteText - RouteText[id=fc47b1db-e7ae-450c-887b-29adc31df765] Created FlowFile[667,96217511483851.mockFlowFile,23B] from FlowFile[666,96217511483851.mockFlowFile,23B]; routing to relationship simple
[pool-2655-thread-1] INFO org.apache.nifi.processors.standard.RouteText - RouteText[id=fc47b1db-e7ae-450c-887b-29adc31df765] Routing FlowFile[666,96217511483851.mockFlowFile,23B] to original
[main] DEBUG org.apache.nifi.processors.standard.RouteText - RouteText[id=fc47b1db-e7ae-450c-887b-29adc31df765] Adding new dynamic property: PropertyDescriptor[simple]
[pool-2656-thread-1] INFO org.apache.nifi.processors.standard.RouteText - RouteText[id=fc47b1db-e7ae-450c-887b-29adc31df765] Created FlowFile[669,96217511994425.mockFlowFile,23B] from FlowFile[668,96217511994425.mockFlowFile,23B]; routing to relationship simple
[pool-2656-thread-1] INFO org.apache.nifi.processors.standard.RouteText - RouteText[id=fc47b1db-e7ae-450c-887b-29adc31df765] Routing FlowFile[668,96217511994425.mockFlowFile,23B] to original
[main] DEBUG org.apache.nifi.processors.standard.RouteText - RouteText[id=fc47b1db-e7ae-450c-887b-29adc31df765] Adding new dynamic property: PropertyDescriptor[simple]
[pool-2657-thread-1] INFO org.apache.nifi.processors.standard.RouteText - RouteText[id=fc47b1db-e7ae-450c-887b-29adc31df765] Created FlowFile[671,96217512571653.mockFlowFile,23B] from FlowFile[670,96217512571653.mockFlowFile,23B]; routing to relationship simple
[pool-2657-thread-1] INFO org.apache.nifi.processors.standard.RouteText - RouteText[id=fc47b1db-e7ae-450c-887b-29adc31df765] Routing FlowFile[670,96217512571653.mockFlowFile,23B] to original
[main] DEBUG org.apache.nifi.processors.standard.RouteText - RouteText[id=fc47b1db-e7ae-450c-887b-29adc31df765] Adding new dynamic property: PropertyDescriptor[simple]
[pool-2658-thread-1] INFO org.apache.nifi.processors.standard.RouteText - RouteText[id=fc47b1db-e7ae-450c-887b-29adc31df765] Created FlowFile[673,96217513133040.mockFlowFile,23B] from FlowFile[672,96217513133040.mockFlowFile,23B]; routing to relationship simple
[pool-2658-thread-1] INFO org.apache.nifi.processors.standard.RouteText - RouteText[id=fc47b1db-e7ae-450c-887b-29adc31df765] Routing FlowFile[672,96217513133040.mockFlowFile,23B] to original
[main] DEBUG org.apache.nifi.processors.standard.RouteText - RouteText[id=fc47b1db-e7ae-450c-887b-29adc31df765] Adding new dynamic property: PropertyDescriptor[simple]
[pool-2659-thread-1] INFO org.apache.nifi.processors.standard.RouteText - RouteText[id=fc47b1db-e7ae-450c-887b-29adc31df765] Created FlowFile[675,96217513709886.mockFlowFile,23B] from FlowFile[674,96217513709886.mockFlowFile,23B]; routing to relationship simple
[pool-2659-thread-1] INFO org.apache.nifi.processors.standard.RouteText - RouteText[id=fc47b1db-e7ae-450c-887b-29adc31df765] Routing FlowFile[674,96217513709886.mockFlowFile,23B] to original
[main] DEBUG org.apache.nifi.processors.standard.RouteText - RouteText[id=fc47b1db-e7ae-450c-887b-29adc31df765] Adding new dynamic property: PropertyDescriptor[simple]
[pool-2660-thread-1] INFO org.apache.nifi.processors.standard.RouteText - RouteText[id=fc47b1db-e7ae-450c-887b-29adc31df765] Created FlowFile[677,96217514266876.mockFlowFile,23B] from FlowFile[676,96217514266876.mockFlowFile,23B]; routing to relationship simple
[pool-2660-thread-1] INFO org.apache.nifi.processors.standard.RouteText - RouteText[id=fc47b1db-e7ae-450c-887b-29adc31df765] Routing FlowFile[676,96217514266876.mockFlowFile,23B] to original
[main] DEBUG org.apache.nifi.processors.standard.RouteText - RouteText[id=fc47b1db-e7ae-450c-887b-29adc31df765] Adding new dynamic property: PropertyDescriptor[simple]
[pool-2661-thread-1] INFO org.apache.nifi.processors.standard.RouteText - RouteText[id=fc47b1db-e7ae-450c-887b-29adc31df765] Created FlowFile[679,96217514879216.mockFlowFile,23B] from FlowFile[678,96217514879216.mockFlowFile,23B]; routing to relationship simple
[pool-2661-thread-1] INFO org.apache.nifi.processors.standard.RouteText - RouteText[id=fc47b1db-e7ae-450c-887b-29adc31df765] Routing FlowFile[678,96217514879216.mockFlowFile,23B] to original
[main] DEBUG org.apache.nifi.processors.standard.RouteText - RouteText[id=fc47b1db-e7ae-450c-887b-29adc31df765] Adding new dynamic property: PropertyDescriptor[simple]
[pool-2662-thread-1] INFO org.apache.nifi.processors.standard.RouteText - RouteText[id=fc47b1db-e7ae-450c-887b-29adc31df765] Created FlowFile[681,96217515449543.mockFlowFile,23B] from FlowFile[680,96217515449543.mockFlowFile,23B]; routing to relationship simple
[pool-2662-thread-1] INFO org.apache.nifi.processors.standard.RouteText - RouteText[id=fc47b1db-e7ae-450c-887b-29adc31df765] Routing FlowFile[680,96217515449543.mockFlowFile,23B] to original
[main] DEBUG org.apache.nifi.processors.standard.RouteText - RouteText[id=fc47b1db-e7ae-450c-887b-29adc31df765] Adding new dynamic property: PropertyDescriptor[simple]
[pool-2663-thread-1] INFO org.apache.nifi.processors.standard.RouteText - RouteText[id=fc47b1db-e7ae-450c-887b-29adc31df765] Created FlowFile[683,96217516021534.mockFlowFile,23B] from FlowFile[682,96217516021534.mockFlowFile,23B]; routing to relationship simple
[pool-2663-thread-1] INFO org.apache.nifi.processors.standard.RouteText - RouteText[id=fc47b1db-e7ae-450c-887b-29adc31df765] Routing FlowFile[682,96217516021534.mockFlowFile,23B] to original
[main] DEBUG org.apache.nifi.processors.standard.RouteText - RouteText[id=fc47b1db-e7ae-450c-887b-29adc31df765] Adding new dynamic property: PropertyDescriptor[simple]
[pool-2664-thread-1] INFO org.apache.nifi.processors.standard.RouteText - RouteText[id=fc47b1db-e7ae-450c-887b-29adc31df765] Created FlowFile[685,96217516610229.mockFlowFile,23B] from FlowFile[684,96217516610229.mockFlowFile,23B]; routing to relationship simple
[pool-2664-thread-1] INFO org.apache.nifi.processors.standard.RouteText - RouteText[id=fc47b1db-e7ae-450c-887b-29adc31df765] Routing FlowFile[684,96217516610229.mockFlowFile,23B] to original
[main] DEBUG org.apache.nifi.processors.standard.RouteText - RouteText[id=fc47b1db-e7ae-450c-887b-29adc31df765] Adding new dynamic property: PropertyDescriptor[simple]
[pool-2665-thread-1] INFO org.apache.nifi.processors.standard.RouteText - RouteText[id=fc47b1db-e7ae-450c-887b-29adc31df765] Created FlowFile[687,96217517284819.mockFlowFile,23B] from FlowFile[686,96217517284819.mockFlowFile,23B]; routing to relationship simple
[pool-2665-thread-1] INFO org.apache.nifi.processors.standard.RouteText - RouteText[id=fc47b1db-e7ae-450c-887b-29adc31df765] Routing FlowFile[686,96217517284819.mockFlowFile,23B] to original
[main] DEBUG org.apache.nifi.processors.standard.RouteText - RouteText[id=fc47b1db-e7ae-450c-887b-29adc31df765] Adding new dynamic property: PropertyDescriptor[simple]
[pool-2666-thread-1] INFO org.apache.nifi.processors.standard.RouteText - RouteText[id=fc47b1db-e7ae-450c-887b-29adc31df765] Created FlowFile[689,96217517882498.mockFlowFile,23B] from FlowFile[688,96217517882498.mockFlowFile,23B]; routing to relationship simple
[pool-2666-thread-1] INFO org.apache.nifi.processors.standard.RouteText - RouteText[id=fc47b1db-e7ae-450c-887b-29adc31df765] Routing FlowFile[688,96217517882498.mockFlowFile,23B] to original
[main] DEBUG org.apache.nifi.processors.standard.RouteText - RouteText[id=fc47b1db-e7ae-450c-887b-29adc31df765] Adding new dynamic property: PropertyDescriptor[simple]
[pool-2667-thread-1] INFO org.apache.nifi.processors.standard.RouteText - RouteText[id=fc47b1db-e7ae-450c-887b-29adc31df765] Created FlowFile[691,96217518354781.mockFlowFile,23B] from FlowFile[690,96217518354781.mockFlowFile,23B]; routing to relationship simple
[pool-2667-thread-1] INFO org.apache.nifi.processors.standard.RouteText - RouteText[id=fc47b1db-e7ae-450c-887b-29adc31df765] Routing FlowFile[690,96217518354781.mockFlowFile,23B] to original
[main] DEBUG org.apache.nifi.processors.standard.RouteText - RouteText[id=fc47b1db-e7ae-450c-887b-29adc31df765] Adding new dynamic property: PropertyDescriptor[simple]
[pool-2668-thread-1] INFO org.apache.nifi.processors.standard.RouteText - RouteText[id=fc47b1db-e7ae-450c-887b-29adc31df765] Created FlowFile[693,96217518786320.mockFlowFile,23B] from FlowFile[692,96217518786320.mockFlowFile,23B]; routing to relationship simple
[pool-2668-thread-1] INFO org.apache.nifi.processors.standard.RouteText - RouteText[id=fc47b1db-e7ae-450c-887b-29adc31df765] Routing FlowFile[692,96217518786320.mockFlowFile,23B] to original
[main] DEBUG org.apache.nifi.processors.standard.RouteText - RouteText[id=fc47b1db-e7ae-450c-887b-29adc31df765] Adding new dynamic property: PropertyDescriptor[simple]
[pool-2669-thread-1] INFO org.apache.nifi.processors.standard.RouteText - RouteText[id=fc47b1db-e7ae-450c-887b-29adc31df765] Created FlowFile[695,96217519311332.mockFlowFile,23B] from FlowFile[694,96217519311332.mockFlowFile,23B]; routing to relationship simple
[pool-2669-thread-1] INFO org.apache.nifi.processors.standard.RouteText - RouteText[id=fc47b1db-e7ae-450c-887b-29adc31df765] Routing FlowFile[694,96217519311332.mockFlowFile,23B] to original
[main] DEBUG org.apache.nifi.processors.standard.RouteText - RouteText[id=fc47b1db-e7ae-450c-887b-29adc31df765] Adding new dynamic property: PropertyDescriptor[simple]
[pool-2670-thread-1] INFO org.apache.nifi.processors.standard.RouteText - RouteText[id=fc47b1db-e7ae-450c-887b-29adc31df765] Created FlowFile[697,96217519823382.mockFlowFile,23B] from FlowFile[696,96217519823382.mockFlowFile,23B]; routing to relationship simple
[pool-2670-thread-1] INFO org.apache.nifi.processors.standard.RouteText - RouteText[id=fc47b1db-e7ae-450c-887b-29adc31df765] Routing FlowFile[696,96217519823382.mockFlowFile,23B] to original
[main] DEBUG org.apache.nifi.processors.standard.RouteText - RouteText[id=fc47b1db-e7ae-450c-887b-29adc31df765] Adding new dynamic property: PropertyDescriptor[simple]
[pool-2671-thread-1] INFO org.apache.nifi.processors.standard.RouteText - RouteText[id=fc47b1db-e7ae-450c-887b-29adc31df765] Created FlowFile[699,96217520378644.mockFlowFile,23B] from FlowFile[698,96217520378644.mockFlowFile,23B]; routing to relationship simple
[pool-2671-thread-1] INFO org.apache.nifi.processors.standard.RouteText - RouteText[id=fc47b1db-e7ae-450c-887b-29adc31df765] Routing FlowFile[698,96217520378644.mockFlowFile,23B] to original
[main] DEBUG org.apache.nifi.processors.standard.RouteText - RouteText[id=fc47b1db-e7ae-450c-887b-29adc31df765] Adding new dynamic property: PropertyDescriptor[simple]
[pool-2672-thread-1] INFO org.apache.nifi.processors.standard.RouteText - RouteText[id=fc47b1db-e7ae-450c-887b-29adc31df765] Created FlowFile[701,96217521002746.mockFlowFile,23B] from FlowFile[700,96217521002746.mockFlowFile,23B]; routing to relationship simple
[pool-2672-thread-1] INFO org.apache.nifi.processors.standard.RouteText - RouteText[id=fc47b1db-e7ae-450c-887b-29adc31df765] Routing FlowFile[700,96217521002746.mockFlowFile,23B] to original
[main] DEBUG org.apache.nifi.processors.standard.RouteText - RouteText[id=fc47b1db-e7ae-450c-887b-29adc31df765] Adding new dynamic property: PropertyDescriptor[simple]
[pool-2673-thread-1] INFO org.apache.nifi.processors.standard.RouteText - RouteText[id=fc47b1db-e7ae-450c-887b-29adc31df765] Created FlowFile[703,96217521571256.mockFlowFile,23B] from FlowFile[702,96217521571256.mockFlowFile,23B]; routing to relationship simple
[pool-2673-thread-1] INFO org.apache.nifi.processors.standard.RouteText - RouteText[id=fc47b1db-e7ae-450c-887b-29adc31df765] Routing FlowFile[702,96217521571256.mockFlowFile,23B] to original
[main] DEBUG org.apache.nifi.processors.standard.RouteText - RouteText[id=fc47b1db-e7ae-450c-887b-29adc31df765] Adding new dynamic property: PropertyDescriptor[simple]
[pool-2674-thread-1] INFO org.apache.nifi.processors.standard.RouteText - RouteText[id=fc47b1db-e7ae-450c-887b-29adc31df765] Created FlowFile[705,96217522143196.mockFlowFile,23B] from FlowFile[704,96217522143196.mockFlowFile,23B]; routing to relationship simple
[pool-2674-thread-1] INFO org.apache.nifi.processors.standard.RouteText - RouteText[id=fc47b1db-e7ae-450c-887b-29adc31df765] Routing FlowFile[704,96217522143196.mockFlowFile,23B] to original
[main] DEBUG org.apache.nifi.processors.standard.RouteText - RouteText[id=fc47b1db-e7ae-450c-887b-29adc31df765] Adding new dynamic property: PropertyDescriptor[simple]
[pool-2675-thread-1] INFO org.apache.nifi.processors.standard.RouteText - RouteText[id=fc47b1db-e7ae-450c-887b-29adc31df765] Created FlowFile[707,96217522660913.mockFlowFile,23B] from FlowFile[706,96217522660913.mockFlowFile,23B]; routing to relationship simple
[pool-2675-thread-1] INFO org.apache.nifi.processors.standard.RouteText - RouteText[id=fc47b1db-e7ae-450c-887b-29adc31df765] Routing FlowFile[706,96217522660913.mockFlowFile,23B] to original
[main] DEBUG org.apache.nifi.processors.standard.RouteText - RouteText[id=fc47b1db-e7ae-450c-887b-29adc31df765] Adding new dynamic property: PropertyDescriptor[simple]
[pool-2676-thread-1] INFO org.apache.nifi.processors.standard.RouteText - RouteText[id=fc47b1db-e7ae-450c-887b-29adc31df765] Created FlowFile[709,96217523142674.mockFlowFile,23B] from FlowFile[708,96217523142674.mockFlowFile,23B]; routing to relationship simple
[pool-2676-thread-1] INFO org.apache.nifi.processors.standard.RouteText - RouteText[id=fc47b1db-e7ae-450c-887b-29adc31df765] Routing FlowFile[708,96217523142674.mockFlowFile,23B] to original
[main] DEBUG org.apache.nifi.processors.standard.RouteText - RouteText[id=fc47b1db-e7ae-450c-887b-29adc31df765] Adding new dynamic property: PropertyDescriptor[simple]
[pool-2677-thread-1] INFO org.apache.nifi.processors.standard.RouteText - RouteText[id=fc47b1db-e7ae-450c-887b-29adc31df765] Created FlowFile[711,96217523604459.mockFlowFile,23B] from FlowFile[710,96217523604459.mockFlowFile,23B]; routing to relationship simple
[pool-2677-thread-1] INFO org.apache.nifi.processors.standard.RouteText - RouteText[id=fc47b1db-e7ae-450c-887b-29adc31df765] Routing FlowFile[710,96217523604459.mockFlowFile,23B] to original
[main] DEBUG org.apache.nifi.processors.standard.RouteText - RouteText[id=fc47b1db-e7ae-450c-887b-29adc31df765] Adding new dynamic property: PropertyDescriptor[simple]
[pool-2678-thread-1] INFO org.apache.nifi.processors.standard.RouteText - RouteText[id=fc47b1db-e7ae-450c-887b-29adc31df765] Created FlowFile[713,96217524070754.mockFlowFile,23B] from FlowFile[712,96217524070754.mockFlowFile,23B]; routing to relationship simple
[pool-2678-thread-1] INFO org.apache.nifi.processors.standard.RouteText - RouteText[id=fc47b1db-e7ae-450c-887b-29adc31df765] Routing FlowFile[712,96217524070754.mockFlowFile,23B] to original
[main] DEBUG org.apache.nifi.processors.standard.RouteText - RouteText[id=fc47b1db-e7ae-450c-887b-29adc31df765] Adding new dynamic property: PropertyDescriptor[simple]
[pool-2679-thread-1] INFO org.apache.nifi.processors.standard.RouteText - RouteText[id=fc47b1db-e7ae-450c-887b-29adc31df765] Created FlowFile[715,96217524682832.mockFlowFile,23B] from FlowFile[714,96217524682832.mockFlowFile,23B]; routing to relationship simple
[pool-2679-thread-1] INFO org.apache.nifi.processors.standard.RouteText - RouteText[id=fc47b1db-e7ae-450c-887b-29adc31df765] Routing FlowFile[714,96217524682832.mockFlowFile,23B] to original
[main] DEBUG org.apache.nifi.processors.standard.RouteText - RouteText[id=fc47b1db-e7ae-450c-887b-29adc31df765] Adding new dynamic property: PropertyDescriptor[simple]
[pool-2680-thread-1] INFO org.apache.nifi.processors.standard.RouteText - RouteText[id=fc47b1db-e7ae-450c-887b-29adc31df765] Created FlowFile[717,96217525288076.mockFlowFile,23B] from FlowFile[716,96217525288076.mockFlowFile,23B]; routing to relationship simple
[pool-2680-thread-1] INFO org.apache.nifi.processors.standard.RouteText - RouteText[id=fc47b1db-e7ae-450c-887b-29adc31df765] Routing FlowFile[716,96217525288076.mockFlowFile,23B] to original
[main] DEBUG org.apache.nifi.processors.standard.RouteText - RouteText[id=fc47b1db-e7ae-450c-887b-29adc31df765] Adding new dynamic property: PropertyDescriptor[simple]
[pool-2681-thread-1] INFO org.apache.nifi.processors.standard.RouteText - RouteText[id=fc47b1db-e7ae-450c-887b-29adc31df765] Created FlowFile[719,96217525881524.mockFlowFile,23B] from FlowFile[718,96217525881524.mockFlowFile,23B]; routing to relationship simple
[pool-2681-thread-1] INFO org.apache.nifi.processors.standard.RouteText - RouteText[id=fc47b1db-e7ae-450c-887b-29adc31df765] Routing FlowFile[718,96217525881524.mockFlowFile,23B] to original
[main] DEBUG org.apache.nifi.processors.standard.RouteText - RouteText[id=fc47b1db-e7ae-450c-887b-29adc31df765] Adding new dynamic property: PropertyDescriptor[simple]
[pool-2682-thread-1] INFO org.apache.nifi.processors.standard.RouteText - RouteText[id=fc47b1db-e7ae-450c-887b-29adc31df765] Created FlowFile[721,96217526437100.mockFlowFile,23B] from FlowFile[720,96217526437100.mockFlowFile,23B]; routing to relationship simple
[pool-2682-thread-1] INFO org.apache.nifi.processors.standard.RouteText - RouteText[id=fc47b1db-e7ae-450c-887b-29adc31df765] Routing FlowFile[720,96217526437100.mockFlowFile,23B] to original
[main] DEBUG org.apache.nifi.processors.standard.RouteText - RouteText[id=fc47b1db-e7ae-450c-887b-29adc31df765] Adding new dynamic property: PropertyDescriptor[simple]
[pool-2683-thread-1] INFO org.apache.nifi.processors.standard.RouteText - RouteText[id=fc47b1db-e7ae-450c-887b-29adc31df765] Created FlowFile[723,96217526955467.mockFlowFile,23B] from FlowFile[722,96217526955467.mockFlowFile,23B]; routing to relationship simple
[pool-2683-thread-1] INFO org.apache.nifi.processors.standard.RouteText - RouteText[id=fc47b1db-e7ae-450c-887b-29adc31df765] Routing FlowFile[722,96217526955467.mockFlowFile,23B] to original
[main] DEBUG org.apache.nifi.processors.standard.RouteText - RouteText[id=fc47b1db-e7ae-450c-887b-29adc31df765] Adding new dynamic property: PropertyDescriptor[simple]
[pool-2684-thread-1] INFO org.apache.nifi.processors.standard.RouteText - RouteText[id=fc47b1db-e7ae-450c-887b-29adc31df765] Created FlowFile[725,96217527496599.mockFlowFile,23B] from FlowFile[724,96217527496599.mockFlowFile,23B]; routing to relationship simple
[pool-2684-thread-1] INFO org.apache.nifi.processors.standard.RouteText - RouteText[id=fc47b1db-e7ae-450c-887b-29adc31df765] Routing FlowFile[724,96217527496599.mockFlowFile,23B] to original
[main] DEBUG org.apache.nifi.processors.standard.RouteText - RouteText[id=fc47b1db-e7ae-450c-887b-29adc31df765] Adding new dynamic property: PropertyDescriptor[simple]
[pool-2685-thread-1] INFO org.apache.nifi.processors.standard.RouteText - RouteText[id=fc47b1db-e7ae-450c-887b-29adc31df765] Created FlowFile[727,96217528033446.mockFlowFile,23B] from FlowFile[726,96217528033446.mockFlowFile,23B]; routing to relationship simple
[pool-2685-thread-1] INFO org.apache.nifi.processors.standard.RouteText - RouteText[id=fc47b1db-e7ae-450c-887b-29adc31df765] Routing FlowFile[726,96217528033446.mockFlowFile,23B] to original
[main] DEBUG org.apache.nifi.processors.standard.RouteText - RouteText[id=fc47b1db-e7ae-450c-887b-29adc31df765] Adding new dynamic property: PropertyDescriptor[simple]
[pool-2686-thread-1] INFO org.apache.nifi.processors.standard.RouteText - RouteText[id=fc47b1db-e7ae-450c-887b-29adc31df765] Created FlowFile[729,96217528610435.mockFlowFile,23B] from FlowFile[728,96217528610435.mockFlowFile,23B]; routing to relationship simple
[pool-2686-thread-1] INFO org.apache.nifi.processors.standard.RouteText - RouteText[id=fc47b1db-e7ae-450c-887b-29adc31df765] Routing FlowFile[728,96217528610435.mockFlowFile,23B] to original
[main] DEBUG org.apache.nifi.processors.standard.RouteText - RouteText[id=fc47b1db-e7ae-450c-887b-29adc31df765] Adding new dynamic property: PropertyDescriptor[simple]
[pool-2687-thread-1] INFO org.apache.nifi.processors.standard.RouteText - RouteText[id=fc47b1db-e7ae-450c-887b-29adc31df765] Created FlowFile[731,96217529162716.mockFlowFile,23B] from FlowFile[730,96217529162716.mockFlowFile,23B]; routing to relationship simple
[pool-2687-thread-1] INFO org.apache.nifi.processors.standard.RouteText - RouteText[id=fc47b1db-e7ae-450c-887b-29adc31df765] Routing FlowFile[730,96217529162716.mockFlowFile,23B] to original
[main] DEBUG org.apache.nifi.processors.standard.RouteText - RouteText[id=fc47b1db-e7ae-450c-887b-29adc31df765] Adding new dynamic property: PropertyDescriptor[simple]
[pool-2688-thread-1] INFO org.apache.nifi.processors.standard.RouteText - RouteText[id=fc47b1db-e7ae-450c-887b-29adc31df765] Created FlowFile[733,96217529677860.mockFlowFile,23B] from FlowFile[732,96217529677860.mockFlowFile,23B]; routing to relationship simple
[pool-2688-thread-1] INFO org.apache.nifi.processors.standard.RouteText - RouteText[id=fc47b1db-e7ae-450c-887b-29adc31df765] Routing FlowFile[732,96217529677860.mockFlowFile,23B] to original
[main] DEBUG org.apache.nifi.processors.standard.RouteText - RouteText[id=fc47b1db-e7ae-450c-887b-29adc31df765] Adding new dynamic property: PropertyDescriptor[simple]
[pool-2689-thread-1] INFO org.apache.nifi.processors.standard.RouteText - RouteText[id=fc47b1db-e7ae-450c-887b-29adc31df765] Created FlowFile[735,96217530193812.mockFlowFile,23B] from FlowFile[734,96217530193812.mockFlowFile,23B]; routing to relationship simple
[pool-2689-thread-1] INFO org.apache.nifi.processors.standard.RouteText - RouteText[id=fc47b1db-e7ae-450c-887b-29adc31df765] Routing FlowFile[734,96217530193812.mockFlowFile,23B] to original
[main] DEBUG org.apache.nifi.processors.standard.RouteText - RouteText[id=fc47b1db-e7ae-450c-887b-29adc31df765] Adding new dynamic property: PropertyDescriptor[simple]
[pool-2690-thread-1] INFO org.apache.nifi.processors.standard.RouteText - RouteText[id=fc47b1db-e7ae-450c-887b-29adc31df765] Created FlowFile[737,96217530655313.mockFlowFile,23B] from FlowFile[736,96217530655313.mockFlowFile,23B]; routing to relationship simple
[pool-2690-thread-1] INFO org.apache.nifi.processors.standard.RouteText - RouteText[id=fc47b1db-e7ae-450c-887b-29adc31df765] Routing FlowFile[736,96217530655313.mockFlowFile,23B] to original
[main] DEBUG org.apache.nifi.processors.standard.RouteText - RouteText[id=fc47b1db-e7ae-450c-887b-29adc31df765] Adding new dynamic property: PropertyDescriptor[simple]
[pool-2691-thread-1] INFO org.apache.nifi.processors.standard.RouteText - RouteText[id=fc47b1db-e7ae-450c-887b-29adc31df765] Created FlowFile[739,96217531119023.mockFlowFile,23B] from FlowFile[738,96217531119023.mockFlowFile,23B]; routing to relationship simple
[pool-2691-thread-1] INFO org.apache.nifi.processors.standard.RouteText - RouteText[id=fc47b1db-e7ae-450c-887b-29adc31df765] Routing FlowFile[738,96217531119023.mockFlowFile,23B] to original
[main] DEBUG org.apache.nifi.processors.standard.RouteText - RouteText[id=fc47b1db-e7ae-450c-887b-29adc31df765] Adding new dynamic property: PropertyDescriptor[simple]
[pool-2692-thread-1] INFO org.apache.nifi.processors.standard.RouteText - RouteText[id=fc47b1db-e7ae-450c-887b-29adc31df765] Created FlowFile[741,96217531720479.mockFlowFile,23B] from FlowFile[740,96217531720479.mockFlowFile,23B]; routing to relationship simple
[pool-2692-thread-1] INFO org.apache.nifi.processors.standard.RouteText - RouteText[id=fc47b1db-e7ae-450c-887b-29adc31df765] Routing FlowFile[740,96217531720479.mockFlowFile,23B] to original
[main] DEBUG org.apache.nifi.processors.standard.RouteText - RouteText[id=fc47b1db-e7ae-450c-887b-29adc31df765] Adding new dynamic property: PropertyDescriptor[simple]
[pool-2693-thread-1] INFO org.apache.nifi.processors.standard.RouteText - RouteText[id=fc47b1db-e7ae-450c-887b-29adc31df765] Created FlowFile[743,96217532204727.mockFlowFile,23B] from FlowFile[742,96217532204727.mockFlowFile,23B]; routing to relationship simple
[pool-2693-thread-1] INFO org.apache.nifi.processors.standard.RouteText - RouteText[id=fc47b1db-e7ae-450c-887b-29adc31df765] Routing FlowFile[742,96217532204727.mockFlowFile,23B] to original
[main] DEBUG org.apache.nifi.processors.standard.RouteText - RouteText[id=fc47b1db-e7ae-450c-887b-29adc31df765] Adding new dynamic property: PropertyDescriptor[simple]
[pool-2694-thread-1] INFO org.apache.nifi.processors.standard.RouteText - RouteText[id=fc47b1db-e7ae-450c-887b-29adc31df765] Created FlowFile[745,96217532792171.mockFlowFile,23B] from FlowFile[744,96217532792171.mockFlowFile,23B]; routing to relationship simple
[pool-2694-thread-1] INFO org.apache.nifi.processors.standard.RouteText - RouteText[id=fc47b1db-e7ae-450c-887b-29adc31df765] Routing FlowFile[744,96217532792171.mockFlowFile,23B] to original
[main] DEBUG org.apache.nifi.processors.standard.RouteText - RouteText[id=fc47b1db-e7ae-450c-887b-29adc31df765] Adding new dynamic property: PropertyDescriptor[simple]
[pool-2695-thread-1] INFO org.apache.nifi.processors.standard.RouteText - RouteText[id=fc47b1db-e7ae-450c-887b-29adc31df765] Created FlowFile[747,96217533379905.mockFlowFile,23B] from FlowFile[746,96217533379905.mockFlowFile,23B]; routing to relationship simple
[pool-2695-thread-1] INFO org.apache.nifi.processors.standard.RouteText - RouteText[id=fc47b1db-e7ae-450c-887b-29adc31df765] Routing FlowFile[746,96217533379905.mockFlowFile,23B] to original
[main] DEBUG org.apache.nifi.processors.standard.RouteText - RouteText[id=fc47b1db-e7ae-450c-887b-29adc31df765] Adding new dynamic property: PropertyDescriptor[simple]
[pool-2696-thread-1] INFO org.apache.nifi.processors.standard.RouteText - RouteText[id=fc47b1db-e7ae-450c-887b-29adc31df765] Created FlowFile[749,96217533946156.mockFlowFile,23B] from FlowFile[748,96217533946156.mockFlowFile,23B]; routing to relationship simple
[pool-2696-thread-1] INFO org.apache.nifi.processors.standard.RouteText - RouteText[id=fc47b1db-e7ae-450c-887b-29adc31df765] Routing FlowFile[748,96217533946156.mockFlowFile,23B] to original
[main] DEBUG org.apache.nifi.processors.standard.RouteText - RouteText[id=fc47b1db-e7ae-450c-887b-29adc31df765] Adding new dynamic property: PropertyDescriptor[simple]
[pool-2697-thread-1] INFO org.apache.nifi.processors.standard.RouteText - RouteText[id=fc47b1db-e7ae-450c-887b-29adc31df765] Created FlowFile[751,96217534383375.mockFlowFile,23B] from FlowFile[750,96217534383375.mockFlowFile,23B]; routing to relationship simple
[pool-2697-thread-1] INFO org.apache.nifi.processors.standard.RouteText - RouteText[id=fc47b1db-e7ae-450c-887b-29adc31df765] Routing FlowFile[750,96217534383375.mockFlowFile,23B] to original
[main] DEBUG org.apache.nifi.processors.standard.RouteText - RouteText[id=fc47b1db-e7ae-450c-887b-29adc31df765] Adding new dynamic property: PropertyDescriptor[simple]
[pool-2698-thread-1] INFO org.apache.nifi.processors.standard.RouteText - RouteText[id=fc47b1db-e7ae-450c-887b-29adc31df765] Created FlowFile[753,96217534817518.mockFlowFile,23B] from FlowFile[752,96217534817518.mockFlowFile,23B]; routing to relationship simple
[pool-2698-thread-1] INFO org.apache.nifi.processors.standard.RouteText - RouteText[id=fc47b1db-e7ae-450c-887b-29adc31df765] Routing FlowFile[752,96217534817518.mockFlowFile,23B] to original
[main] DEBUG org.apache.nifi.processors.standard.RouteText - RouteText[id=fc47b1db-e7ae-450c-887b-29adc31df765] Adding new dynamic property: PropertyDescriptor[simple]
[pool-2699-thread-1] INFO org.apache.nifi.processors.standard.RouteText - RouteText[id=fc47b1db-e7ae-450c-887b-29adc31df765] Created FlowFile[755,96217535199278.mockFlowFile,23B] from FlowFile[754,96217535199278.mockFlowFile,23B]; routing to relationship simple
[pool-2699-thread-1] INFO org.apache.nifi.processors.standard.RouteText - RouteText[id=fc47b1db-e7ae-450c-887b-29adc31df765] Routing FlowFile[754,96217535199278.mockFlowFile,23B] to original
[main] DEBUG org.apache.nifi.processors.standard.RouteText - RouteText[id=fc47b1db-e7ae-450c-887b-29adc31df765] Adding new dynamic property: PropertyDescriptor[simple]
[pool-2700-thread-1] INFO org.apache.nifi.processors.standard.RouteText - RouteText[id=fc47b1db-e7ae-450c-887b-29adc31df765] Created FlowFile[757,96217535786117.mockFlowFile,23B] from FlowFile[756,96217535786117.mockFlowFile,23B]; routing to relationship simple
[pool-2700-thread-1] INFO org.apache.nifi.processors.standard.RouteText - RouteText[id=fc47b1db-e7ae-450c-887b-29adc31df765] Routing FlowFile[756,96217535786117.mockFlowFile,23B] to original
[main] DEBUG org.apache.nifi.processors.standard.RouteText - RouteText[id=fc47b1db-e7ae-450c-887b-29adc31df765] Adding new dynamic property: PropertyDescriptor[simple]
[pool-2701-thread-1] INFO org.apache.nifi.processors.standard.RouteText - RouteText[id=fc47b1db-e7ae-450c-887b-29adc31df765] Created FlowFile[759,96217536481265.mockFlowFile,23B] from FlowFile[758,96217536481265.mockFlowFile,23B]; routing to relationship simple
[pool-2701-thread-1] INFO org.apache.nifi.processors.standard.RouteText - RouteText[id=fc47b1db-e7ae-450c-887b-29adc31df765] Routing FlowFile[758,96217536481265.mockFlowFile,23B] to original
[main] DEBUG org.apache.nifi.processors.standard.RouteText - RouteText[id=fc47b1db-e7ae-450c-887b-29adc31df765] Adding new dynamic property: PropertyDescriptor[simple]
[pool-2702-thread-1] INFO org.apache.nifi.processors.standard.RouteText - RouteText[id=fc47b1db-e7ae-450c-887b-29adc31df765] Created FlowFile[761,96217536989405.mockFlowFile,23B] from FlowFile[760,96217536989405.mockFlowFile,23B]; routing to relationship simple
[pool-2702-thread-1] INFO org.apache.nifi.processors.standard.RouteText - RouteText[id=fc47b1db-e7ae-450c-887b-29adc31df765] Routing FlowFile[760,96217536989405.mockFlowFile,23B] to original
[main] DEBUG org.apache.nifi.processors.standard.RouteText - RouteText[id=fc47b1db-e7ae-450c-887b-29adc31df765] Adding new dynamic property: PropertyDescriptor[simple]
[pool-2703-thread-1] INFO org.apache.nifi.processors.standard.RouteText - RouteText[id=fc47b1db-e7ae-450c-887b-29adc31df765] Created FlowFile[763,96217537468689.mockFlowFile,23B] from FlowFile[762,96217537468689.mockFlowFile,23B]; routing to relationship simple
[pool-2703-thread-1] INFO org.apache.nifi.processors.standard.RouteText - RouteText[id=fc47b1db-e7ae-450c-887b-29adc31df765] Routing FlowFile[762,96217537468689.mockFlowFile,23B] to original
[main] DEBUG org.apache.nifi.processors.standard.RouteText - RouteText[id=fc47b1db-e7ae-450c-887b-29adc31df765] Adding new dynamic property: PropertyDescriptor[simple]
[pool-2704-thread-1] INFO org.apache.nifi.processors.standard.RouteText - RouteText[id=fc47b1db-e7ae-450c-887b-29adc31df765] Created FlowFile[765,96217537928691.mockFlowFile,23B] from FlowFile[764,96217537928691.mockFlowFile,23B]; routing to relationship simple
[pool-2704-thread-1] INFO org.apache.nifi.processors.standard.RouteText - RouteText[id=fc47b1db-e7ae-450c-887b-29adc31df765] Routing FlowFile[764,96217537928691.mockFlowFile,23B] to original
[main] DEBUG org.apache.nifi.processors.standard.RouteText - RouteText[id=fc47b1db-e7ae-450c-887b-29adc31df765] Adding new dynamic property: PropertyDescriptor[simple]
[pool-2705-thread-1] INFO org.apache.nifi.processors.standard.RouteText - RouteText[id=fc47b1db-e7ae-450c-887b-29adc31df765] Created FlowFile[767,96217538397010.mockFlowFile,23B] from FlowFile[766,96217538397010.mockFlowFile,23B]; routing to relationship simple
[pool-2705-thread-1] INFO org.apache.nifi.processors.standard.RouteText - RouteText[id=fc47b1db-e7ae-450c-887b-29adc31df765] Routing FlowFile[766,96217538397010.mockFlowFile,23B] to original
[main] DEBUG org.apache.nifi.processors.standard.RouteText - RouteText[id=fc47b1db-e7ae-450c-887b-29adc31df765] Adding new dynamic property: PropertyDescriptor[simple]
[pool-2706-thread-1] INFO org.apache.nifi.processors.standard.RouteText - RouteText[id=fc47b1db-e7ae-450c-887b-29adc31df765] Created FlowFile[769,96217538894952.mockFlowFile,23B] from FlowFile[768,96217538894952.mockFlowFile,23B]; routing to relationship simple
[pool-2706-thread-1] INFO org.apache.nifi.processors.standard.RouteText - RouteText[id=fc47b1db-e7ae-450c-887b-29adc31df765] Routing FlowFile[768,96217538894952.mockFlowFile,23B] to original
[main] DEBUG org.apache.nifi.processors.standard.RouteText - RouteText[id=fc47b1db-e7ae-450c-887b-29adc31df765] Adding new dynamic property: PropertyDescriptor[simple]
[pool-2707-thread-1] INFO org.apache.nifi.processors.standard.RouteText - RouteText[id=fc47b1db-e7ae-450c-887b-29adc31df765] Created FlowFile[771,96217539474441.mockFlowFile,23B] from FlowFile[770,96217539474441.mockFlowFile,23B]; routing to relationship simple
[pool-2707-thread-1] INFO org.apache.nifi.processors.standard.RouteText - RouteText[id=fc47b1db-e7ae-450c-887b-29adc31df765] Routing FlowFile[770,96217539474441.mockFlowFile,23B] to original
[main] DEBUG org.apache.nifi.processors.standard.RouteText - RouteText[id=fc47b1db-e7ae-450c-887b-29adc31df765] Adding new dynamic property: PropertyDescriptor[simple]
[pool-2708-thread-1] INFO org.apache.nifi.processors.standard.RouteText - RouteText[id=fc47b1db-e7ae-450c-887b-29adc31df765] Created FlowFile[773,96217540758174.mockFlowFile,23B] from FlowFile[772,96217540758174.mockFlowFile,23B]; routing to relationship simple
[pool-2708-thread-1] INFO org.apache.nifi.processors.standard.RouteText - RouteText[id=fc47b1db-e7ae-450c-887b-29adc31df765] Routing FlowFile[772,96217540758174.mockFlowFile,23B] to original
[main] DEBUG org.apache.nifi.processors.standard.RouteText - RouteText[id=fc47b1db-e7ae-450c-887b-29adc31df765] Adding new dynamic property: PropertyDescriptor[simple]
[pool-2709-thread-1] INFO org.apache.nifi.processors.standard.RouteText - RouteText[id=fc47b1db-e7ae-450c-887b-29adc31df765] Created FlowFile[775,96217541640199.mockFlowFile,23B] from FlowFile[774,96217541640199.mockFlowFile,23B]; routing to relationship simple
[pool-2709-thread-1] INFO org.apache.nifi.processors.standard.RouteText - RouteText[id=fc47b1db-e7ae-450c-887b-29adc31df765] Routing FlowFile[774,96217541640199.mockFlowFile,23B] to original
[main] DEBUG org.apache.nifi.processors.standard.RouteText - RouteText[id=fc47b1db-e7ae-450c-887b-29adc31df765] Adding new dynamic property: PropertyDescriptor[simple]
[pool-2710-thread-1] INFO org.apache.nifi.processors.standard.RouteText - RouteText[id=fc47b1db-e7ae-450c-887b-29adc31df765] Created FlowFile[777,96217542296629.mockFlowFile,23B] from FlowFile[776,96217542296629.mockFlowFile,23B]; routing to relationship simple
[pool-2710-thread-1] INFO org.apache.nifi.processors.standard.RouteText - RouteText[id=fc47b1db-e7ae-450c-887b-29adc31df765] Routing FlowFile[776,96217542296629.mockFlowFile,23B] to original
[main] DEBUG org.apache.nifi.processors.standard.RouteText - RouteText[id=fc47b1db-e7ae-450c-887b-29adc31df765] Adding new dynamic property: PropertyDescriptor[simple]
[pool-2711-thread-1] INFO org.apache.nifi.processors.standard.RouteText - RouteText[id=fc47b1db-e7ae-450c-887b-29adc31df765] Created FlowFile[779,96217542882767.mockFlowFile,23B] from FlowFile[778,96217542882767.mockFlowFile,23B]; routing to relationship simple
[pool-2711-thread-1] INFO org.apache.nifi.processors.standard.RouteText - RouteText[id=fc47b1db-e7ae-450c-887b-29adc31df765] Routing FlowFile[778,96217542882767.mockFlowFile,23B] to original
[main] DEBUG org.apache.nifi.processors.standard.RouteText - RouteText[id=fc47b1db-e7ae-450c-887b-29adc31df765] Adding new dynamic property: PropertyDescriptor[simple]
[pool-2712-thread-1] INFO org.apache.nifi.processors.standard.RouteText - RouteText[id=fc47b1db-e7ae-450c-887b-29adc31df765] Created FlowFile[781,96217543402433.mockFlowFile,23B] from FlowFile[780,96217543402433.mockFlowFile,23B]; routing to relationship simple
[pool-2712-thread-1] INFO org.apache.nifi.processors.standard.RouteText - RouteText[id=fc47b1db-e7ae-450c-887b-29adc31df765] Routing FlowFile[780,96217543402433.mockFlowFile,23B] to original
[main] DEBUG org.apache.nifi.processors.standard.RouteText - RouteText[id=fc47b1db-e7ae-450c-887b-29adc31df765] Adding new dynamic property: PropertyDescriptor[simple]
[pool-2713-thread-1] INFO org.apache.nifi.processors.standard.RouteText - RouteText[id=fc47b1db-e7ae-450c-887b-29adc31df765] Created FlowFile[783,96217543930351.mockFlowFile,23B] from FlowFile[782,96217543930351.mockFlowFile,23B]; routing to relationship simple
[pool-2713-thread-1] INFO org.apache.nifi.processors.standard.RouteText - RouteText[id=fc47b1db-e7ae-450c-887b-29adc31df765] Routing FlowFile[782,96217543930351.mockFlowFile,23B] to original
[main] DEBUG org.apache.nifi.processors.standard.RouteText - RouteText[id=fc47b1db-e7ae-450c-887b-29adc31df765] Adding new dynamic property: PropertyDescriptor[simple]
[pool-2714-thread-1] INFO org.apache.nifi.processors.standard.RouteText - RouteText[id=fc47b1db-e7ae-450c-887b-29adc31df765] Created FlowFile[785,96217544514840.mockFlowFile,23B] from FlowFile[784,96217544514840.mockFlowFile,23B]; routing to relationship simple
[pool-2714-thread-1] INFO org.apache.nifi.processors.standard.RouteText - RouteText[id=fc47b1db-e7ae-450c-887b-29adc31df765] Routing FlowFile[784,96217544514840.mockFlowFile,23B] to original
[main] DEBUG org.apache.nifi.processors.standard.RouteText - RouteText[id=fc47b1db-e7ae-450c-887b-29adc31df765] Adding new dynamic property: PropertyDescriptor[simple]
[pool-2715-thread-1] INFO org.apache.nifi.processors.standard.RouteText - RouteText[id=fc47b1db-e7ae-450c-887b-29adc31df765] Created FlowFile[787,96217545090298.mockFlowFile,23B] from FlowFile[786,96217545090298.mockFlowFile,23B]; routing to relationship simple
[pool-2715-thread-1] INFO org.apache.nifi.processors.standard.RouteText - RouteText[id=fc47b1db-e7ae-450c-887b-29adc31df765] Routing FlowFile[786,96217545090298.mockFlowFile,23B] to original
[main] DEBUG org.apache.nifi.processors.standard.RouteText - RouteText[id=fc47b1db-e7ae-450c-887b-29adc31df765] Adding new dynamic property: PropertyDescriptor[simple]
[pool-2716-thread-1] INFO org.apache.nifi.processors.standard.RouteText - RouteText[id=fc47b1db-e7ae-450c-887b-29adc31df765] Created FlowFile[789,96217545639812.mockFlowFile,23B] from FlowFile[788,96217545639812.mockFlowFile,23B]; routing to relationship simple
[pool-2716-thread-1] INFO org.apache.nifi.processors.standard.RouteText - RouteText[id=fc47b1db-e7ae-450c-887b-29adc31df765] Routing FlowFile[788,96217545639812.mockFlowFile,23B] to original
[main] DEBUG org.apache.nifi.processors.standard.RouteText - RouteText[id=fc47b1db-e7ae-450c-887b-29adc31df765] Adding new dynamic property: PropertyDescriptor[simple]
[pool-2717-thread-1] INFO org.apache.nifi.processors.standard.RouteText - RouteText[id=fc47b1db-e7ae-450c-887b-29adc31df765] Created FlowFile[791,96217546181313.mockFlowFile,23B] from FlowFile[790,96217546181313.mockFlowFile,23B]; routing to relationship simple
[pool-2717-thread-1] INFO org.apache.nifi.processors.standard.RouteText - RouteText[id=fc47b1db-e7ae-450c-887b-29adc31df765] Routing FlowFile[790,96217546181313.mockFlowFile,23B] to original
[main] DEBUG org.apache.nifi.processors.standard.RouteText - RouteText[id=fc47b1db-e7ae-450c-887b-29adc31df765] Adding new dynamic property: PropertyDescriptor[simple]
[pool-2718-thread-1] INFO org.apache.nifi.processors.standard.RouteText - RouteText[id=fc47b1db-e7ae-450c-887b-29adc31df765] Created FlowFile[793,96217546799397.mockFlowFile,23B] from FlowFile[792,96217546799397.mockFlowFile,23B]; routing to relationship simple
[pool-2718-thread-1] INFO org.apache.nifi.processors.standard.RouteText - RouteText[id=fc47b1db-e7ae-450c-887b-29adc31df765] Routing FlowFile[792,96217546799397.mockFlowFile,23B] to original
[main] DEBUG org.apache.nifi.processors.standard.RouteText - RouteText[id=fc47b1db-e7ae-450c-887b-29adc31df765] Adding new dynamic property: PropertyDescriptor[simple]
[pool-2719-thread-1] INFO org.apache.nifi.processors.standard.RouteText - RouteText[id=fc47b1db-e7ae-450c-887b-29adc31df765] Created FlowFile[795,96217547328124.mockFlowFile,23B] from FlowFile[794,96217547328124.mockFlowFile,23B]; routing to relationship simple
[pool-2719-thread-1] INFO org.apache.nifi.processors.standard.RouteText - RouteText[id=fc47b1db-e7ae-450c-887b-29adc31df765] Routing FlowFile[794,96217547328124.mockFlowFile,23B] to original
[main] DEBUG org.apache.nifi.processors.standard.RouteText - RouteText[id=fc47b1db-e7ae-450c-887b-29adc31df765] Adding new dynamic property: PropertyDescriptor[simple]
[pool-2720-thread-1] INFO org.apache.nifi.processors.standard.RouteText - RouteText[id=fc47b1db-e7ae-450c-887b-29adc31df765] Created FlowFile[797,96217547837531.mockFlowFile,23B] from FlowFile[796,96217547837531.mockFlowFile,23B]; routing to relationship simple
[pool-2720-thread-1] INFO org.apache.nifi.processors.standard.RouteText - RouteText[id=fc47b1db-e7ae-450c-887b-29adc31df765] Routing FlowFile[796,96217547837531.mockFlowFile,23B] to original
[main] DEBUG org.apache.nifi.processors.standard.RouteText - RouteText[id=fc47b1db-e7ae-450c-887b-29adc31df765] Adding new dynamic property: PropertyDescriptor[simple]
[pool-2721-thread-1] INFO org.apache.nifi.processors.standard.RouteText - RouteText[id=fc47b1db-e7ae-450c-887b-29adc31df765] Created FlowFile[799,96217548385533.mockFlowFile,23B] from FlowFile[798,96217548385533.mockFlowFile,23B]; routing to relationship simple
[pool-2721-thread-1] INFO org.apache.nifi.processors.standard.RouteText - RouteText[id=fc47b1db-e7ae-450c-887b-29adc31df765] Routing FlowFile[798,96217548385533.mockFlowFile,23B] to original
[main] DEBUG org.apache.nifi.processors.standard.RouteText - RouteText[id=fc47b1db-e7ae-450c-887b-29adc31df765] Adding new dynamic property: PropertyDescriptor[simple]
[pool-2722-thread-1] INFO org.apache.nifi.processors.standard.RouteText - RouteText[id=fc47b1db-e7ae-450c-887b-29adc31df765] Created FlowFile[801,96217548924023.mockFlowFile,23B] from FlowFile[800,96217548924023.mockFlowFile,23B]; routing to relationship simple
[pool-2722-thread-1] INFO org.apache.nifi.processors.standard.RouteText - RouteText[id=fc47b1db-e7ae-450c-887b-29adc31df765] Routing FlowFile[800,96217548924023.mockFlowFile,23B] to original
[main] DEBUG org.apache.nifi.processors.standard.RouteText - RouteText[id=fc47b1db-e7ae-450c-887b-29adc31df765] Adding new dynamic property: PropertyDescriptor[simple]
[pool-2723-thread-1] INFO org.apache.nifi.processors.standard.RouteText - RouteText[id=fc47b1db-e7ae-450c-887b-29adc31df765] Created FlowFile[803,96217549464352.mockFlowFile,23B] from FlowFile[802,96217549464352.mockFlowFile,23B]; routing to relationship simple
[pool-2723-thread-1] INFO org.apache.nifi.processors.standard.RouteText - RouteText[id=fc47b1db-e7ae-450c-887b-29adc31df765] Routing FlowFile[802,96217549464352.mockFlowFile,23B] to original
[main] DEBUG org.apache.nifi.processors.standard.RouteText - RouteText[id=fc47b1db-e7ae-450c-887b-29adc31df765] Adding new dynamic property: PropertyDescriptor[simple]
[pool-2724-thread-1] INFO org.apache.nifi.processors.standard.RouteText - RouteText[id=fc47b1db-e7ae-450c-887b-29adc31df765] Created FlowFile[805,96217549981061.mockFlowFile,23B] from FlowFile[804,96217549981061.mockFlowFile,23B]; routing to relationship simple
[pool-2724-thread-1] INFO org.apache.nifi.processors.standard.RouteText - RouteText[id=fc47b1db-e7ae-450c-887b-29adc31df765] Routing FlowFile[804,96217549981061.mockFlowFile,23B] to original
[main] DEBUG org.apache.nifi.processors.standard.RouteText - RouteText[id=fc47b1db-e7ae-450c-887b-29adc31df765] Adding new dynamic property: PropertyDescriptor[simple]
[pool-2725-thread-1] INFO org.apache.nifi.processors.standard.RouteText - RouteText[id=fc47b1db-e7ae-450c-887b-29adc31df765] Created FlowFile[807,96217550492958.mockFlowFile,23B] from FlowFile[806,96217550492958.mockFlowFile,23B]; routing to relationship simple
[pool-2725-thread-1] INFO org.apache.nifi.processors.standard.RouteText - RouteText[id=fc47b1db-e7ae-450c-887b-29adc31df765] Routing FlowFile[806,96217550492958.mockFlowFile,23B] to original
[main] DEBUG org.apache.nifi.processors.standard.RouteText - RouteText[id=fc47b1db-e7ae-450c-887b-29adc31df765] Adding new dynamic property: PropertyDescriptor[simple]
[pool-2726-thread-1] INFO org.apache.nifi.processors.standard.RouteText - RouteText[id=fc47b1db-e7ae-450c-887b-29adc31df765] Created FlowFile[809,96217551010749.mockFlowFile,23B] from FlowFile[808,96217551010749.mockFlowFile,23B]; routing to relationship simple
[pool-2726-thread-1] INFO org.apache.nifi.processors.standard.RouteText - RouteText[id=fc47b1db-e7ae-450c-887b-29adc31df765] Routing FlowFile[808,96217551010749.mockFlowFile,23B] to original
[main] DEBUG org.apache.nifi.processors.standard.RouteText - RouteText[id=fc47b1db-e7ae-450c-887b-29adc31df765] Adding new dynamic property: PropertyDescriptor[simple]
[pool-2727-thread-1] INFO org.apache.nifi.processors.standard.RouteText - RouteText[id=fc47b1db-e7ae-450c-887b-29adc31df765] Created FlowFile[811,96217551530526.mockFlowFile,23B] from FlowFile[810,96217551530526.mockFlowFile,23B]; routing to relationship simple
[pool-2727-thread-1] INFO org.apache.nifi.processors.standard.RouteText - RouteText[id=fc47b1db-e7ae-450c-887b-29adc31df765] Routing FlowFile[810,96217551530526.mockFlowFile,23B] to original
[main] DEBUG org.apache.nifi.processors.standard.RouteText - RouteText[id=fc47b1db-e7ae-450c-887b-29adc31df765] Adding new dynamic property: PropertyDescriptor[simple]
[pool-2728-thread-1] INFO org.apache.nifi.processors.standard.RouteText - RouteText[id=fc47b1db-e7ae-450c-887b-29adc31df765] Created FlowFile[813,96217551996219.mockFlowFile,23B] from FlowFile[812,96217551996219.mockFlowFile,23B]; routing to relationship simple
[pool-2728-thread-1] INFO org.apache.nifi.processors.standard.RouteText - RouteText[id=fc47b1db-e7ae-450c-887b-29adc31df765] Routing FlowFile[812,96217551996219.mockFlowFile,23B] to original
[main] DEBUG org.apache.nifi.processors.standard.RouteText - RouteText[id=fc47b1db-e7ae-450c-887b-29adc31df765] Adding new dynamic property: PropertyDescriptor[simple]
[pool-2729-thread-1] INFO org.apache.nifi.processors.standard.RouteText - RouteText[id=fc47b1db-e7ae-450c-887b-29adc31df765] Created FlowFile[815,96217552489201.mockFlowFile,23B] from FlowFile[814,96217552489201.mockFlowFile,23B]; routing to relationship simple
[pool-2729-thread-1] INFO org.apache.nifi.processors.standard.RouteText - RouteText[id=fc47b1db-e7ae-450c-887b-29adc31df765] Routing FlowFile[814,96217552489201.mockFlowFile,23B] to original
[main] DEBUG org.apache.nifi.processors.standard.RouteText - RouteText[id=fc47b1db-e7ae-450c-887b-29adc31df765] Adding new dynamic property: PropertyDescriptor[simple]
[pool-2730-thread-1] INFO org.apache.nifi.processors.standard.RouteText - RouteText[id=fc47b1db-e7ae-450c-887b-29adc31df765] Created FlowFile[817,96217552955685.mockFlowFile,23B] from FlowFile[816,96217552955685.mockFlowFile,23B]; routing to relationship simple
[pool-2730-thread-1] INFO org.apache.nifi.processors.standard.RouteText - RouteText[id=fc47b1db-e7ae-450c-887b-29adc31df765] Routing FlowFile[816,96217552955685.mockFlowFile,23B] to original
[main] DEBUG org.apache.nifi.processors.standard.RouteText - RouteText[id=fc47b1db-e7ae-450c-887b-29adc31df765] Adding new dynamic property: PropertyDescriptor[simple]
[pool-2731-thread-1] INFO org.apache.nifi.processors.standard.RouteText - RouteText[id=fc47b1db-e7ae-450c-887b-29adc31df765] Created FlowFile[819,96217553420646.mockFlowFile,23B] from FlowFile[818,96217553420646.mockFlowFile,23B]; routing to relationship simple
[pool-2731-thread-1] INFO org.apache.nifi.processors.standard.RouteText - RouteText[id=fc47b1db-e7ae-450c-887b-29adc31df765] Routing FlowFile[818,96217553420646.mockFlowFile,23B] to original
[main] DEBUG org.apache.nifi.processors.standard.RouteText - RouteText[id=fc47b1db-e7ae-450c-887b-29adc31df765] Adding new dynamic property: PropertyDescriptor[simple]
[pool-2732-thread-1] INFO org.apache.nifi.processors.standard.RouteText - RouteText[id=fc47b1db-e7ae-450c-887b-29adc31df765] Created FlowFile[821,96217553918539.mockFlowFile,23B] from FlowFile[820,96217553918539.mockFlowFile,23B]; routing to relationship simple
[pool-2732-thread-1] INFO org.apache.nifi.processors.standard.RouteText - RouteText[id=fc47b1db-e7ae-450c-887b-29adc31df765] Routing FlowFile[820,96217553918539.mockFlowFile,23B] to original
[main] DEBUG org.apache.nifi.processors.standard.RouteText - RouteText[id=fc47b1db-e7ae-450c-887b-29adc31df765] Adding new dynamic property: PropertyDescriptor[simple]
[pool-2733-thread-1] INFO org.apache.nifi.processors.standard.RouteText - RouteText[id=fc47b1db-e7ae-450c-887b-29adc31df765] Created FlowFile[823,96217554612355.mockFlowFile,23B] from FlowFile[822,96217554612355.mockFlowFile,23B]; routing to relationship simple
[pool-2733-thread-1] INFO org.apache.nifi.processors.standard.RouteText - RouteText[id=fc47b1db-e7ae-450c-887b-29adc31df765] Routing FlowFile[822,96217554612355.mockFlowFile,23B] to original
[main] DEBUG org.apache.nifi.processors.standard.RouteText - RouteText[id=fc47b1db-e7ae-450c-887b-29adc31df765] Adding new dynamic property: PropertyDescriptor[simple]
[pool-2734-thread-1] INFO org.apache.nifi.processors.standard.RouteText - RouteText[id=fc47b1db-e7ae-450c-887b-29adc31df765] Created FlowFile[825,96217555140517.mockFlowFile,23B] from FlowFile[824,96217555140517.mockFlowFile,23B]; routing to relationship simple
[pool-2734-thread-1] INFO org.apache.nifi.processors.standard.RouteText - RouteText[id=fc47b1db-e7ae-450c-887b-29adc31df765] Routing FlowFile[824,96217555140517.mockFlowFile,23B] to original
[main] DEBUG org.apache.nifi.processors.standard.RouteText - RouteText[id=fc47b1db-e7ae-450c-887b-29adc31df765] Adding new dynamic property: PropertyDescriptor[simple]
[pool-2735-thread-1] INFO org.apache.nifi.processors.standard.RouteText - RouteText[id=fc47b1db-e7ae-450c-887b-29adc31df765] Created FlowFile[827,96217555627516.mockFlowFile,23B] from FlowFile[826,96217555627516.mockFlowFile,23B]; routing to relationship simple
[pool-2735-thread-1] INFO org.apache.nifi.processors.standard.RouteText - RouteText[id=fc47b1db-e7ae-450c-887b-29adc31df765] Routing FlowFile[826,96217555627516.mockFlowFile,23B] to original
[main] DEBUG org.apache.nifi.processors.standard.RouteText - RouteText[id=fc47b1db-e7ae-450c-887b-29adc31df765] Adding new dynamic property: PropertyDescriptor[simple]
[pool-2736-thread-1] INFO org.apache.nifi.processors.standard.RouteText - RouteText[id=fc47b1db-e7ae-450c-887b-29adc31df765] Created FlowFile[829,96217556023864.mockFlowFile,23B] from FlowFile[828,96217556023864.mockFlowFile,23B]; routing to relationship simple
[pool-2736-thread-1] INFO org.apache.nifi.processors.standard.RouteText - RouteText[id=fc47b1db-e7ae-450c-887b-29adc31df765] Routing FlowFile[828,96217556023864.mockFlowFile,23B] to original
[main] DEBUG org.apache.nifi.processors.standard.RouteText - RouteText[id=fc47b1db-e7ae-450c-887b-29adc31df765] Adding new dynamic property: PropertyDescriptor[simple]
[pool-2737-thread-1] INFO org.apache.nifi.processors.standard.RouteText - RouteText[id=fc47b1db-e7ae-450c-887b-29adc31df765] Created FlowFile[831,96217556542501.mockFlowFile,23B] from FlowFile[830,96217556542501.mockFlowFile,23B]; routing to relationship simple
[pool-2737-thread-1] INFO org.apache.nifi.processors.standard.RouteText - RouteText[id=fc47b1db-e7ae-450c-887b-29adc31df765] Routing FlowFile[830,96217556542501.mockFlowFile,23B] to original
[main] DEBUG org.apache.nifi.processors.standard.RouteText - RouteText[id=fc47b1db-e7ae-450c-887b-29adc31df765] Adding new dynamic property: PropertyDescriptor[simple]
[pool-2738-thread-1] INFO org.apache.nifi.processors.standard.RouteText - RouteText[id=fc47b1db-e7ae-450c-887b-29adc31df765] Created FlowFile[833,96217557031359.mockFlowFile,23B] from FlowFile[832,96217557031359.mockFlowFile,23B]; routing to relationship simple
[pool-2738-thread-1] INFO org.apache.nifi.processors.standard.RouteText - RouteText[id=fc47b1db-e7ae-450c-887b-29adc31df765] Routing FlowFile[832,96217557031359.mockFlowFile,23B] to original
[main] DEBUG org.apache.nifi.processors.standard.RouteText - RouteText[id=fc47b1db-e7ae-450c-887b-29adc31df765] Adding new dynamic property: PropertyDescriptor[simple]
[pool-2739-thread-1] INFO org.apache.nifi.processors.standard.RouteText - RouteText[id=fc47b1db-e7ae-450c-887b-29adc31df765] Created FlowFile[835,96217557502088.mockFlowFile,23B] from FlowFile[834,96217557502088.mockFlowFile,23B]; routing to relationship simple
[pool-2739-thread-1] INFO org.apache.nifi.processors.standard.RouteText - RouteText[id=fc47b1db-e7ae-450c-887b-29adc31df765] Routing FlowFile[834,96217557502088.mockFlowFile,23B] to original
[main] DEBUG org.apache.nifi.processors.standard.RouteText - RouteText[id=fc47b1db-e7ae-450c-887b-29adc31df765] Adding new dynamic property: PropertyDescriptor[simple]
[pool-2740-thread-1] INFO org.apache.nifi.processors.standard.RouteText - RouteText[id=fc47b1db-e7ae-450c-887b-29adc31df765] Created FlowFile[837,96217557965816.mockFlowFile,23B] from FlowFile[836,96217557965816.mockFlowFile,23B]; routing to relationship simple
[pool-2740-thread-1] INFO org.apache.nifi.processors.standard.RouteText - RouteText[id=fc47b1db-e7ae-450c-887b-29adc31df765] Routing FlowFile[836,96217557965816.mockFlowFile,23B] to original
[main] DEBUG org.apache.nifi.processors.standard.RouteText - RouteText[id=fc47b1db-e7ae-450c-887b-29adc31df765] Adding new dynamic property: PropertyDescriptor[simple]
[pool-2741-thread-1] INFO org.apache.nifi.processors.standard.RouteText - RouteText[id=fc47b1db-e7ae-450c-887b-29adc31df765] Created FlowFile[839,96217558324686.mockFlowFile,23B] from FlowFile[838,96217558324686.mockFlowFile,23B]; routing to relationship simple
[pool-2741-thread-1] INFO org.apache.nifi.processors.standard.RouteText - RouteText[id=fc47b1db-e7ae-450c-887b-29adc31df765] Routing FlowFile[838,96217558324686.mockFlowFile,23B] to original
[main] DEBUG org.apache.nifi.processors.standard.RouteText - RouteText[id=fc47b1db-e7ae-450c-887b-29adc31df765] Adding new dynamic property: PropertyDescriptor[simple]
[pool-2742-thread-1] INFO org.apache.nifi.processors.standard.RouteText - RouteText[id=fc47b1db-e7ae-450c-887b-29adc31df765] Created FlowFile[841,96217558667050.mockFlowFile,23B] from FlowFile[840,96217558667050.mockFlowFile,23B]; routing to relationship simple
[pool-2742-thread-1] INFO org.apache.nifi.processors.standard.RouteText - RouteText[id=fc47b1db-e7ae-450c-887b-29adc31df765] Routing FlowFile[840,96217558667050.mockFlowFile,23B] to original
[main] DEBUG org.apache.nifi.processors.standard.RouteText - RouteText[id=fc47b1db-e7ae-450c-887b-29adc31df765] Adding new dynamic property: PropertyDescriptor[simple]
[pool-2743-thread-1] INFO org.apache.nifi.processors.standard.RouteText - RouteText[id=fc47b1db-e7ae-450c-887b-29adc31df765] Created FlowFile[843,96217559094021.mockFlowFile,23B] from FlowFile[842,96217559094021.mockFlowFile,23B]; routing to relationship simple
[pool-2743-thread-1] INFO org.apache.nifi.processors.standard.RouteText - RouteText[id=fc47b1db-e7ae-450c-887b-29adc31df765] Routing FlowFile[842,96217559094021.mockFlowFile,23B] to original
[main] DEBUG org.apache.nifi.processors.standard.RouteText - RouteText[id=fc47b1db-e7ae-450c-887b-29adc31df765] Adding new dynamic property: PropertyDescriptor[simple]
[pool-2744-thread-1] INFO org.apache.nifi.processors.standard.RouteText - RouteText[id=fc47b1db-e7ae-450c-887b-29adc31df765] Created FlowFile[845,96217559542978.mockFlowFile,23B] from FlowFile[844,96217559542978.mockFlowFile,23B]; routing to relationship simple
[pool-2744-thread-1] INFO org.apache.nifi.processors.standard.RouteText - RouteText[id=fc47b1db-e7ae-450c-887b-29adc31df765] Routing FlowFile[844,96217559542978.mockFlowFile,23B] to original
[main] DEBUG org.apache.nifi.processors.standard.RouteText - RouteText[id=fc47b1db-e7ae-450c-887b-29adc31df765] Adding new dynamic property: PropertyDescriptor[simple]
[pool-2745-thread-1] INFO org.apache.nifi.processors.standard.RouteText - RouteText[id=fc47b1db-e7ae-450c-887b-29adc31df765] Created FlowFile[847,96217559888621.mockFlowFile,23B] from FlowFile[846,96217559888621.mockFlowFile,23B]; routing to relationship simple
[pool-2745-thread-1] INFO org.apache.nifi.processors.standard.RouteText - RouteText[id=fc47b1db-e7ae-450c-887b-29adc31df765] Routing FlowFile[846,96217559888621.mockFlowFile,23B] to original
[main] DEBUG org.apache.nifi.processors.standard.RouteText - RouteText[id=fc47b1db-e7ae-450c-887b-29adc31df765] Adding new dynamic property: PropertyDescriptor[simple]
[pool-2746-thread-1] INFO org.apache.nifi.processors.standard.RouteText - RouteText[id=fc47b1db-e7ae-450c-887b-29adc31df765] Created FlowFile[849,96217560381607.mockFlowFile,23B] from FlowFile[848,96217560381607.mockFlowFile,23B]; routing to relationship simple
[pool-2746-thread-1] INFO org.apache.nifi.processors.standard.RouteText - RouteText[id=fc47b1db-e7ae-450c-887b-29adc31df765] Routing FlowFile[848,96217560381607.mockFlowFile,23B] to original
[main] DEBUG org.apache.nifi.processors.standard.RouteText - RouteText[id=fc47b1db-e7ae-450c-887b-29adc31df765] Adding new dynamic property: PropertyDescriptor[simple]
[pool-2747-thread-1] INFO org.apache.nifi.processors.standard.RouteText - RouteText[id=fc47b1db-e7ae-450c-887b-29adc31df765] Created FlowFile[851,96217560833662.mockFlowFile,23B] from FlowFile[850,96217560833662.mockFlowFile,23B]; routing to relationship simple
[pool-2747-thread-1] INFO org.apache.nifi.processors.standard.RouteText - RouteText[id=fc47b1db-e7ae-450c-887b-29adc31df765] Routing FlowFile[850,96217560833662.mockFlowFile,23B] to original
[main] DEBUG org.apache.nifi.processors.standard.RouteText - RouteText[id=fc47b1db-e7ae-450c-887b-29adc31df765] Adding new dynamic property: PropertyDescriptor[simple]
[pool-2748-thread-1] INFO org.apache.nifi.processors.standard.RouteText - RouteText[id=fc47b1db-e7ae-450c-887b-29adc31df765] Created FlowFile[853,96217561553095.mockFlowFile,23B] from FlowFile[852,96217561553095.mockFlowFile,23B]; routing to relationship simple
[pool-2748-thread-1] INFO org.apache.nifi.processors.standard.RouteText - RouteText[id=fc47b1db-e7ae-450c-887b-29adc31df765] Routing FlowFile[852,96217561553095.mockFlowFile,23B] to original
[main] DEBUG org.apache.nifi.processors.standard.RouteText - RouteText[id=fc47b1db-e7ae-450c-887b-29adc31df765] Adding new dynamic property: PropertyDescriptor[simple]
[pool-2749-thread-1] INFO org.apache.nifi.processors.standard.RouteText - RouteText[id=fc47b1db-e7ae-450c-887b-29adc31df765] Created FlowFile[855,96217562111764.mockFlowFile,23B] from FlowFile[854,96217562111764.mockFlowFile,23B]; routing to relationship simple
[pool-2749-thread-1] INFO org.apache.nifi.processors.standard.RouteText - RouteText[id=fc47b1db-e7ae-450c-887b-29adc31df765] Routing FlowFile[854,96217562111764.mockFlowFile,23B] to original
[main] DEBUG org.apache.nifi.processors.standard.RouteText - RouteText[id=fc47b1db-e7ae-450c-887b-29adc31df765] Adding new dynamic property: PropertyDescriptor[simple]
[pool-2750-thread-1] INFO org.apache.nifi.processors.standard.RouteText - RouteText[id=fc47b1db-e7ae-450c-887b-29adc31df765] Created FlowFile[857,96217562656432.mockFlowFile,23B] from FlowFile[856,96217562656432.mockFlowFile,23B]; routing to relationship simple
[pool-2750-thread-1] INFO org.apache.nifi.processors.standard.RouteText - RouteText[id=fc47b1db-e7ae-450c-887b-29adc31df765] Routing FlowFile[856,96217562656432.mockFlowFile,23B] to original
[main] DEBUG org.apache.nifi.processors.standard.RouteText - RouteText[id=fc47b1db-e7ae-450c-887b-29adc31df765] Adding new dynamic property: PropertyDescriptor[simple]
[pool-2751-thread-1] INFO org.apache.nifi.processors.standard.RouteText - RouteText[id=fc47b1db-e7ae-450c-887b-29adc31df765] Created FlowFile[859,96217563164095.mockFlowFile,23B] from FlowFile[858,96217563164095.mockFlowFile,23B]; routing to relationship simple
[pool-2751-thread-1] INFO org.apache.nifi.processors.standard.RouteText - RouteText[id=fc47b1db-e7ae-450c-887b-29adc31df765] Routing FlowFile[858,96217563164095.mockFlowFile,23B] to original
[main] DEBUG org.apache.nifi.processors.standard.RouteText - RouteText[id=fc47b1db-e7ae-450c-887b-29adc31df765] Adding new dynamic property: PropertyDescriptor[simple]
[pool-2752-thread-1] INFO org.apache.nifi.processors.standard.RouteText - RouteText[id=fc47b1db-e7ae-450c-887b-29adc31df765] Created FlowFile[861,96217563699793.mockFlowFile,23B] from FlowFile[860,96217563699793.mockFlowFile,23B]; routing to relationship simple
[pool-2752-thread-1] INFO org.apache.nifi.processors.standard.RouteText - RouteText[id=fc47b1db-e7ae-450c-887b-29adc31df765] Routing FlowFile[860,96217563699793.mockFlowFile,23B] to original
[main] DEBUG org.apache.nifi.processors.standard.RouteText - RouteText[id=fc47b1db-e7ae-450c-887b-29adc31df765] Adding new dynamic property: PropertyDescriptor[simple]
[pool-2753-thread-1] INFO org.apache.nifi.processors.standard.RouteText - RouteText[id=fc47b1db-e7ae-450c-887b-29adc31df765] Created FlowFile[863,96217564218892.mockFlowFile,23B] from FlowFile[862,96217564218892.mockFlowFile,23B]; routing to relationship simple
[pool-2753-thread-1] INFO org.apache.nifi.processors.standard.RouteText - RouteText[id=fc47b1db-e7ae-450c-887b-29adc31df765] Routing FlowFile[862,96217564218892.mockFlowFile,23B] to original
[main] DEBUG org.apache.nifi.processors.standard.RouteText - RouteText[id=fc47b1db-e7ae-450c-887b-29adc31df765] Adding new dynamic property: PropertyDescriptor[simple]
[pool-2754-thread-1] INFO org.apache.nifi.processors.standard.RouteText - RouteText[id=fc47b1db-e7ae-450c-887b-29adc31df765] Created FlowFile[865,96217564815598.mockFlowFile,23B] from FlowFile[864,96217564815598.mockFlowFile,23B]; routing to relationship simple
[pool-2754-thread-1] INFO org.apache.nifi.processors.standard.RouteText - RouteText[id=fc47b1db-e7ae-450c-887b-29adc31df765] Routing FlowFile[864,96217564815598.mockFlowFile,23B] to original
[main] DEBUG org.apache.nifi.processors.standard.RouteText - RouteText[id=fc47b1db-e7ae-450c-887b-29adc31df765] Adding new dynamic property: PropertyDescriptor[simple]
[pool-2755-thread-1] INFO org.apache.nifi.processors.standard.RouteText - RouteText[id=fc47b1db-e7ae-450c-887b-29adc31df765] Created FlowFile[867,96217565304179.mockFlowFile,23B] from FlowFile[866,96217565304179.mockFlowFile,23B]; routing to relationship simple
[pool-2755-thread-1] INFO org.apache.nifi.processors.standard.RouteText - RouteText[id=fc47b1db-e7ae-450c-887b-29adc31df765] Routing FlowFile[866,96217565304179.mockFlowFile,23B] to original
[main] DEBUG org.apache.nifi.processors.standard.RouteText - RouteText[id=fc47b1db-e7ae-450c-887b-29adc31df765] Adding new dynamic property: PropertyDescriptor[simple]
[pool-2756-thread-1] INFO org.apache.nifi.processors.standard.RouteText - RouteText[id=fc47b1db-e7ae-450c-887b-29adc31df765] Created FlowFile[869,96217565937115.mockFlowFile,23B] from FlowFile[868,96217565937115.mockFlowFile,23B]; routing to relationship simple
[pool-2756-thread-1] INFO org.apache.nifi.processors.standard.RouteText - RouteText[id=fc47b1db-e7ae-450c-887b-29adc31df765] Routing FlowFile[868,96217565937115.mockFlowFile,23B] to original
[main] DEBUG org.apache.nifi.processors.standard.RouteText - RouteText[id=fc47b1db-e7ae-450c-887b-29adc31df765] Adding new dynamic property: PropertyDescriptor[simple]
[pool-2757-thread-1] INFO org.apache.nifi.processors.standard.RouteText - RouteText[id=fc47b1db-e7ae-450c-887b-29adc31df765] Created FlowFile[871,96217566535730.mockFlowFile,23B] from FlowFile[870,96217566535730.mockFlowFile,23B]; routing to relationship simple
[pool-2757-thread-1] INFO org.apache.nifi.processors.standard.RouteText - RouteText[id=fc47b1db-e7ae-450c-887b-29adc31df765] Routing FlowFile[870,96217566535730.mockFlowFile,23B] to original
[main] DEBUG org.apache.nifi.processors.standard.RouteText - RouteText[id=fc47b1db-e7ae-450c-887b-29adc31df765] Adding new dynamic property: PropertyDescriptor[simple]
[pool-2758-thread-1] INFO org.apache.nifi.processors.standard.RouteText - RouteText[id=fc47b1db-e7ae-450c-887b-29adc31df765] Created FlowFile[873,96217567086351.mockFlowFile,23B] from FlowFile[872,96217567086351.mockFlowFile,23B]; routing to relationship simple
[pool-2758-thread-1] INFO org.apache.nifi.processors.standard.RouteText - RouteText[id=fc47b1db-e7ae-450c-887b-29adc31df765] Routing FlowFile[872,96217567086351.mockFlowFile,23B] to original
[main] DEBUG org.apache.nifi.processors.standard.RouteText - RouteText[id=fc47b1db-e7ae-450c-887b-29adc31df765] Adding new dynamic property: PropertyDescriptor[simple]
[pool-2759-thread-1] INFO org.apache.nifi.processors.standard.RouteText - RouteText[id=fc47b1db-e7ae-450c-887b-29adc31df765] Created FlowFile[875,96217567569974.mockFlowFile,23B] from FlowFile[874,96217567569974.mockFlowFile,23B]; routing to relationship simple
[pool-2759-thread-1] INFO org.apache.nifi.processors.standard.RouteText - RouteText[id=fc47b1db-e7ae-450c-887b-29adc31df765] Routing FlowFile[874,96217567569974.mockFlowFile,23B] to original
[main] DEBUG org.apache.nifi.processors.standard.RouteText - RouteText[id=fc47b1db-e7ae-450c-887b-29adc31df765] Adding new dynamic property: PropertyDescriptor[simple]
[pool-2760-thread-1] INFO org.apache.nifi.processors.standard.RouteText - RouteText[id=fc47b1db-e7ae-450c-887b-29adc31df765] Created FlowFile[877,96217567974071.mockFlowFile,23B] from FlowFile[876,96217567974071.mockFlowFile,23B]; routing to relationship simple
[pool-2760-thread-1] INFO org.apache.nifi.processors.standard.RouteText - RouteText[id=fc47b1db-e7ae-450c-887b-29adc31df765] Routing FlowFile[876,96217567974071.mockFlowFile,23B] to original
[main] DEBUG org.apache.nifi.processors.standard.RouteText - RouteText[id=fc47b1db-e7ae-450c-887b-29adc31df765] Adding new dynamic property: PropertyDescriptor[simple]
[pool-2761-thread-1] INFO org.apache.nifi.processors.standard.RouteText - RouteText[id=fc47b1db-e7ae-450c-887b-29adc31df765] Created FlowFile[879,96217568530325.mockFlowFile,23B] from FlowFile[878,96217568530325.mockFlowFile,23B]; routing to relationship simple
[pool-2761-thread-1] INFO org.apache.nifi.processors.standard.RouteText - RouteText[id=fc47b1db-e7ae-450c-887b-29adc31df765] Routing FlowFile[878,96217568530325.mockFlowFile,23B] to original
[main] DEBUG org.apache.nifi.processors.standard.RouteText - RouteText[id=fc47b1db-e7ae-450c-887b-29adc31df765] Adding new dynamic property: PropertyDescriptor[simple]
[pool-2762-thread-1] INFO org.apache.nifi.processors.standard.RouteText - RouteText[id=fc47b1db-e7ae-450c-887b-29adc31df765] Created FlowFile[881,96217569106186.mockFlowFile,23B] from FlowFile[880,96217569106186.mockFlowFile,23B]; routing to relationship simple
[pool-2762-thread-1] INFO org.apache.nifi.processors.standard.RouteText - RouteText[id=fc47b1db-e7ae-450c-887b-29adc31df765] Routing FlowFile[880,96217569106186.mockFlowFile,23B] to original
[main] DEBUG org.apache.nifi.processors.standard.RouteText - RouteText[id=fc47b1db-e7ae-450c-887b-29adc31df765] Adding new dynamic property: PropertyDescriptor[simple]
[pool-2763-thread-1] INFO org.apache.nifi.processors.standard.RouteText - RouteText[id=fc47b1db-e7ae-450c-887b-29adc31df765] Created FlowFile[883,96217569654455.mockFlowFile,23B] from FlowFile[882,96217569654455.mockFlowFile,23B]; routing to relationship simple
[pool-2763-thread-1] INFO org.apache.nifi.processors.standard.RouteText - RouteText[id=fc47b1db-e7ae-450c-887b-29adc31df765] Routing FlowFile[882,96217569654455.mockFlowFile,23B] to original
[main] DEBUG org.apache.nifi.processors.standard.RouteText - RouteText[id=fc47b1db-e7ae-450c-887b-29adc31df765] Adding new dynamic property: PropertyDescriptor[simple]
[pool-2764-thread-1] INFO org.apache.nifi.processors.standard.RouteText - RouteText[id=fc47b1db-e7ae-450c-887b-29adc31df765] Created FlowFile[885,96217570162673.mockFlowFile,23B] from FlowFile[884,96217570162673.mockFlowFile,23B]; routing to relationship simple
[pool-2764-thread-1] INFO org.apache.nifi.processors.standard.RouteText - RouteText[id=fc47b1db-e7ae-450c-887b-29adc31df765] Routing FlowFile[884,96217570162673.mockFlowFile,23B] to original
[main] DEBUG org.apache.nifi.processors.standard.RouteText - RouteText[id=fc47b1db-e7ae-450c-887b-29adc31df765] Adding new dynamic property: PropertyDescriptor[simple]
[pool-2765-thread-1] INFO org.apache.nifi.processors.standard.RouteText - RouteText[id=fc47b1db-e7ae-450c-887b-29adc31df765] Created FlowFile[887,96217570651716.mockFlowFile,23B] from FlowFile[886,96217570651716.mockFlowFile,23B]; routing to relationship simple
[pool-2765-thread-1] INFO org.apache.nifi.processors.standard.RouteText - RouteText[id=fc47b1db-e7ae-450c-887b-29adc31df765] Routing FlowFile[886,96217570651716.mockFlowFile,23B] to original
[main] DEBUG org.apache.nifi.processors.standard.RouteText - RouteText[id=fc47b1db-e7ae-450c-887b-29adc31df765] Adding new dynamic property: PropertyDescriptor[simple]
[pool-2766-thread-1] INFO org.apache.nifi.processors.standard.RouteText - RouteText[id=fc47b1db-e7ae-450c-887b-29adc31df765] Created FlowFile[889,96217571048949.mockFlowFile,23B] from FlowFile[888,96217571048949.mockFlowFile,23B]; routing to relationship simple
[pool-2766-thread-1] INFO org.apache.nifi.processors.standard.RouteText - RouteText[id=fc47b1db-e7ae-450c-887b-29adc31df765] Routing FlowFile[888,96217571048949.mockFlowFile,23B] to original
[main] DEBUG org.apache.nifi.processors.standard.RouteText - RouteText[id=fc47b1db-e7ae-450c-887b-29adc31df765] Adding new dynamic property: PropertyDescriptor[simple]
[pool-2767-thread-1] INFO org.apache.nifi.processors.standard.RouteText - RouteText[id=fc47b1db-e7ae-450c-887b-29adc31df765] Created FlowFile[891,96217571539705.mockFlowFile,23B] from FlowFile[890,96217571539705.mockFlowFile,23B]; routing to relationship simple
[pool-2767-thread-1] INFO org.apache.nifi.processors.standard.RouteText - RouteText[id=fc47b1db-e7ae-450c-887b-29adc31df765] Routing FlowFile[890,96217571539705.mockFlowFile,23B] to original
[main] DEBUG org.apache.nifi.processors.standard.RouteText - RouteText[id=fc47b1db-e7ae-450c-887b-29adc31df765] Adding new dynamic property: PropertyDescriptor[simple]
[pool-2768-thread-1] INFO org.apache.nifi.processors.standard.RouteText - RouteText[id=fc47b1db-e7ae-450c-887b-29adc31df765] Created FlowFile[893,96217571943992.mockFlowFile,23B] from FlowFile[892,96217571943992.mockFlowFile,23B]; routing to relationship simple
[pool-2768-thread-1] INFO org.apache.nifi.processors.standard.RouteText - RouteText[id=fc47b1db-e7ae-450c-887b-29adc31df765] Routing FlowFile[892,96217571943992.mockFlowFile,23B] to original
[main] DEBUG org.apache.nifi.processors.standard.RouteText - RouteText[id=fc47b1db-e7ae-450c-887b-29adc31df765] Adding new dynamic property: PropertyDescriptor[simple]
[pool-2769-thread-1] INFO org.apache.nifi.processors.standard.RouteText - RouteText[id=fc47b1db-e7ae-450c-887b-29adc31df765] Created FlowFile[895,96217572443607.mockFlowFile,23B] from FlowFile[894,96217572443607.mockFlowFile,23B]; routing to relationship simple
[pool-2769-thread-1] INFO org.apache.nifi.processors.standard.RouteText - RouteText[id=fc47b1db-e7ae-450c-887b-29adc31df765] Routing FlowFile[894,96217572443607.mockFlowFile,23B] to original
[main] DEBUG org.apache.nifi.processors.standard.RouteText - RouteText[id=fc47b1db-e7ae-450c-887b-29adc31df765] Adding new dynamic property: PropertyDescriptor[simple]
[pool-2770-thread-1] INFO org.apache.nifi.processors.standard.RouteText - RouteText[id=fc47b1db-e7ae-450c-887b-29adc31df765] Created FlowFile[897,96217572921837.mockFlowFile,23B] from FlowFile[896,96217572921837.mockFlowFile,23B]; routing to relationship simple
[pool-2770-thread-1] INFO org.apache.nifi.processors.standard.RouteText - RouteText[id=fc47b1db-e7ae-450c-887b-29adc31df765] Routing FlowFile[896,96217572921837.mockFlowFile,23B] to original
[main] DEBUG org.apache.nifi.processors.standard.RouteText - RouteText[id=fc47b1db-e7ae-450c-887b-29adc31df765] Adding new dynamic property: PropertyDescriptor[simple]
[pool-2771-thread-1] INFO org.apache.nifi.processors.standard.RouteText - RouteText[id=fc47b1db-e7ae-450c-887b-29adc31df765] Created FlowFile[899,96217573469476.mockFlowFile,23B] from FlowFile[898,96217573469476.mockFlowFile,23B]; routing to relationship simple
[pool-2771-thread-1] INFO org.apache.nifi.processors.standard.RouteText - RouteText[id=fc47b1db-e7ae-450c-887b-29adc31df765] Routing FlowFile[898,96217573469476.mockFlowFile,23B] to original
[main] DEBUG org.apache.nifi.processors.standard.RouteText - RouteText[id=fc47b1db-e7ae-450c-887b-29adc31df765] Adding new dynamic property: PropertyDescriptor[simple]
[pool-2772-thread-1] INFO org.apache.nifi.processors.standard.RouteText - RouteText[id=fc47b1db-e7ae-450c-887b-29adc31df765] Created FlowFile[901,96217574010848.mockFlowFile,23B] from FlowFile[900,96217574010848.mockFlowFile,23B]; routing to relationship simple
[pool-2772-thread-1] INFO org.apache.nifi.processors.standard.RouteText - RouteText[id=fc47b1db-e7ae-450c-887b-29adc31df765] Routing FlowFile[900,96217574010848.mockFlowFile,23B] to original
[main] DEBUG org.apache.nifi.processors.standard.RouteText - RouteText[id=fc47b1db-e7ae-450c-887b-29adc31df765] Adding new dynamic property: PropertyDescriptor[simple]
[pool-2773-thread-1] INFO org.apache.nifi.processors.standard.RouteText - RouteText[id=fc47b1db-e7ae-450c-887b-29adc31df765] Created FlowFile[903,96217574564237.mockFlowFile,23B] from FlowFile[902,96217574564237.mockFlowFile,23B]; routing to relationship simple
[pool-2773-thread-1] INFO org.apache.nifi.processors.standard.RouteText - RouteText[id=fc47b1db-e7ae-450c-887b-29adc31df765] Routing FlowFile[902,96217574564237.mockFlowFile,23B] to original
[main] DEBUG org.apache.nifi.processors.standard.RouteText - RouteText[id=fc47b1db-e7ae-450c-887b-29adc31df765] Adding new dynamic property: PropertyDescriptor[simple]
[pool-2774-thread-1] INFO org.apache.nifi.processors.standard.RouteText - RouteText[id=fc47b1db-e7ae-450c-887b-29adc31df765] Created FlowFile[905,96217575174617.mockFlowFile,23B] from FlowFile[904,96217575174617.mockFlowFile,23B]; routing to relationship simple
[pool-2774-thread-1] INFO org.apache.nifi.processors.standard.RouteText - RouteText[id=fc47b1db-e7ae-450c-887b-29adc31df765] Routing FlowFile[904,96217575174617.mockFlowFile,23B] to original
[main] DEBUG org.apache.nifi.processors.standard.RouteText - RouteText[id=fc47b1db-e7ae-450c-887b-29adc31df765] Adding new dynamic property: PropertyDescriptor[simple]
[pool-2775-thread-1] INFO org.apache.nifi.processors.standard.RouteText - RouteText[id=fc47b1db-e7ae-450c-887b-29adc31df765] Created FlowFile[907,96217575741236.mockFlowFile,23B] from FlowFile[906,96217575741236.mockFlowFile,23B]; routing to relationship simple
[pool-2775-thread-1] INFO org.apache.nifi.processors.standard.RouteText - RouteText[id=fc47b1db-e7ae-450c-887b-29adc31df765] Routing FlowFile[906,96217575741236.mockFlowFile,23B] to original
[main] DEBUG org.apache.nifi.processors.standard.RouteText - RouteText[id=fc47b1db-e7ae-450c-887b-29adc31df765] Adding new dynamic property: PropertyDescriptor[simple]
[pool-2776-thread-1] INFO org.apache.nifi.processors.standard.RouteText - RouteText[id=fc47b1db-e7ae-450c-887b-29adc31df765] Created FlowFile[909,96217576343403.mockFlowFile,23B] from FlowFile[908,96217576343403.mockFlowFile,23B]; routing to relationship simple
[pool-2776-thread-1] INFO org.apache.nifi.processors.standard.RouteText - RouteText[id=fc47b1db-e7ae-450c-887b-29adc31df765] Routing FlowFile[908,96217576343403.mockFlowFile,23B] to original
[main] DEBUG org.apache.nifi.processors.standard.RouteText - RouteText[id=fc47b1db-e7ae-450c-887b-29adc31df765] Adding new dynamic property: PropertyDescriptor[simple]
[pool-2777-thread-1] INFO org.apache.nifi.processors.standard.RouteText - RouteText[id=fc47b1db-e7ae-450c-887b-29adc31df765] Created FlowFile[911,96217576854307.mockFlowFile,23B] from FlowFile[910,96217576854307.mockFlowFile,23B]; routing to relationship simple
[pool-2777-thread-1] INFO org.apache.nifi.processors.standard.RouteText - RouteText[id=fc47b1db-e7ae-450c-887b-29adc31df765] Routing FlowFile[910,96217576854307.mockFlowFile,23B] to original
[main] DEBUG org.apache.nifi.processors.standard.RouteText - RouteText[id=fc47b1db-e7ae-450c-887b-29adc31df765] Adding new dynamic property: PropertyDescriptor[simple]
[pool-2778-thread-1] INFO org.apache.nifi.processors.standard.RouteText - RouteText[id=fc47b1db-e7ae-450c-887b-29adc31df765] Created FlowFile[913,96217577388665.mockFlowFile,23B] from FlowFile[912,96217577388665.mockFlowFile,23B]; routing to relationship simple
[pool-2778-thread-1] INFO org.apache.nifi.processors.standard.RouteText - RouteText[id=fc47b1db-e7ae-450c-887b-29adc31df765] Routing FlowFile[912,96217577388665.mockFlowFile,23B] to original
[main] DEBUG org.apache.nifi.processors.standard.RouteText - RouteText[id=fc47b1db-e7ae-450c-887b-29adc31df765] Adding new dynamic property: PropertyDescriptor[simple]
[pool-2779-thread-1] INFO org.apache.nifi.processors.standard.RouteText - RouteText[id=fc47b1db-e7ae-450c-887b-29adc31df765] Created FlowFile[915,96217577894307.mockFlowFile,23B] from FlowFile[914,96217577894307.mockFlowFile,23B]; routing to relationship simple
[pool-2779-thread-1] INFO org.apache.nifi.processors.standard.RouteText - RouteText[id=fc47b1db-e7ae-450c-887b-29adc31df765] Routing FlowFile[914,96217577894307.mockFlowFile,23B] to original
[main] DEBUG org.apache.nifi.processors.standard.RouteText - RouteText[id=fc47b1db-e7ae-450c-887b-29adc31df765] Adding new dynamic property: PropertyDescriptor[simple]
[pool-2780-thread-1] INFO org.apache.nifi.processors.standard.RouteText - RouteText[id=fc47b1db-e7ae-450c-887b-29adc31df765] Created FlowFile[917,96217578411892.mockFlowFile,23B] from FlowFile[916,96217578411892.mockFlowFile,23B]; routing to relationship simple
[pool-2780-thread-1] INFO org.apache.nifi.processors.standard.RouteText - RouteText[id=fc47b1db-e7ae-450c-887b-29adc31df765] Routing FlowFile[916,96217578411892.mockFlowFile,23B] to original
[main] DEBUG org.apache.nifi.processors.standard.RouteText - RouteText[id=fc47b1db-e7ae-450c-887b-29adc31df765] Adding new dynamic property: PropertyDescriptor[simple]
[pool-2781-thread-1] INFO org.apache.nifi.processors.standard.RouteText - RouteText[id=fc47b1db-e7ae-450c-887b-29adc31df765] Created FlowFile[919,96217578882089.mockFlowFile,23B] from FlowFile[918,96217578882089.mockFlowFile,23B]; routing to relationship simple
[pool-2781-thread-1] INFO org.apache.nifi.processors.standard.RouteText - RouteText[id=fc47b1db-e7ae-450c-887b-29adc31df765] Routing FlowFile[918,96217578882089.mockFlowFile,23B] to original
[main] DEBUG org.apache.nifi.processors.standard.RouteText - RouteText[id=fc47b1db-e7ae-450c-887b-29adc31df765] Adding new dynamic property: PropertyDescriptor[simple]
[pool-2782-thread-1] INFO org.apache.nifi.processors.standard.RouteText - RouteText[id=fc47b1db-e7ae-450c-887b-29adc31df765] Created FlowFile[921,96217579340444.mockFlowFile,23B] from FlowFile[920,96217579340444.mockFlowFile,23B]; routing to relationship simple
[pool-2782-thread-1] INFO org.apache.nifi.processors.standard.RouteText - RouteText[id=fc47b1db-e7ae-450c-887b-29adc31df765] Routing FlowFile[920,96217579340444.mockFlowFile,23B] to original
[main] DEBUG org.apache.nifi.processors.standard.RouteText - RouteText[id=fc47b1db-e7ae-450c-887b-29adc31df765] Adding new dynamic property: PropertyDescriptor[simple]
[pool-2783-thread-1] INFO org.apache.nifi.processors.standard.RouteText - RouteText[id=fc47b1db-e7ae-450c-887b-29adc31df765] Created FlowFile[923,96217579827656.mockFlowFile,23B] from FlowFile[922,96217579827656.mockFlowFile,23B]; routing to relationship simple
[pool-2783-thread-1] INFO org.apache.nifi.processors.standard.RouteText - RouteText[id=fc47b1db-e7ae-450c-887b-29adc31df765] Routing FlowFile[922,96217579827656.mockFlowFile,23B] to original
[main] DEBUG org.apache.nifi.processors.standard.RouteText - RouteText[id=fc47b1db-e7ae-450c-887b-29adc31df765] Adding new dynamic property: PropertyDescriptor[simple]
[pool-2784-thread-1] INFO org.apache.nifi.processors.standard.RouteText - RouteText[id=fc47b1db-e7ae-450c-887b-29adc31df765] Created FlowFile[925,96217580376621.mockFlowFile,23B] from FlowFile[924,96217580376621.mockFlowFile,23B]; routing to relationship simple
[pool-2784-thread-1] INFO org.apache.nifi.processors.standard.RouteText - RouteText[id=fc47b1db-e7ae-450c-887b-29adc31df765] Routing FlowFile[924,96217580376621.mockFlowFile,23B] to original
[main] DEBUG org.apache.nifi.processors.standard.RouteText - RouteText[id=fc47b1db-e7ae-450c-887b-29adc31df765] Adding new dynamic property: PropertyDescriptor[simple]
[pool-2785-thread-1] INFO org.apache.nifi.processors.standard.RouteText - RouteText[id=fc47b1db-e7ae-450c-887b-29adc31df765] Created FlowFile[927,96217580906217.mockFlowFile,23B] from FlowFile[926,96217580906217.mockFlowFile,23B]; routing to relationship simple
[pool-2785-thread-1] INFO org.apache.nifi.processors.standard.RouteText - RouteText[id=fc47b1db-e7ae-450c-887b-29adc31df765] Routing FlowFile[926,96217580906217.mockFlowFile,23B] to original
[main] DEBUG org.apache.nifi.processors.standard.RouteText - RouteText[id=fc47b1db-e7ae-450c-887b-29adc31df765] Adding new dynamic property: PropertyDescriptor[simple]
[pool-2786-thread-1] INFO org.apache.nifi.processors.standard.RouteText - RouteText[id=fc47b1db-e7ae-450c-887b-29adc31df765] Created FlowFile[929,96217581440544.mockFlowFile,23B] from FlowFile[928,96217581440544.mockFlowFile,23B]; routing to relationship simple
[pool-2786-thread-1] INFO org.apache.nifi.processors.standard.RouteText - RouteText[id=fc47b1db-e7ae-450c-887b-29adc31df765] Routing FlowFile[928,96217581440544.mockFlowFile,23B] to original
[main] DEBUG org.apache.nifi.processors.standard.RouteText - RouteText[id=fc47b1db-e7ae-450c-887b-29adc31df765] Adding new dynamic property: PropertyDescriptor[simple]
[pool-2787-thread-1] INFO org.apache.nifi.processors.standard.RouteText - RouteText[id=fc47b1db-e7ae-450c-887b-29adc31df765] Created FlowFile[931,96217581997648.mockFlowFile,23B] from FlowFile[930,96217581997648.mockFlowFile,23B]; routing to relationship simple
[pool-2787-thread-1] INFO org.apache.nifi.processors.standard.RouteText - RouteText[id=fc47b1db-e7ae-450c-887b-29adc31df765] Routing FlowFile[930,96217581997648.mockFlowFile,23B] to original
[main] DEBUG org.apache.nifi.processors.standard.RouteText - RouteText[id=fc47b1db-e7ae-450c-887b-29adc31df765] Adding new dynamic property: PropertyDescriptor[simple]
[pool-2788-thread-1] INFO org.apache.nifi.processors.standard.RouteText - RouteText[id=fc47b1db-e7ae-450c-887b-29adc31df765] Created FlowFile[933,96217582520523.mockFlowFile,23B] from FlowFile[932,96217582520523.mockFlowFile,23B]; routing to relationship simple
[pool-2788-thread-1] INFO org.apache.nifi.processors.standard.RouteText - RouteText[id=fc47b1db-e7ae-450c-887b-29adc31df765] Routing FlowFile[932,96217582520523.mockFlowFile,23B] to original
[main] DEBUG org.apache.nifi.processors.standard.RouteText - RouteText[id=fc47b1db-e7ae-450c-887b-29adc31df765] Adding new dynamic property: PropertyDescriptor[simple]
[pool-2789-thread-1] INFO org.apache.nifi.processors.standard.RouteText - RouteText[id=fc47b1db-e7ae-450c-887b-29adc31df765] Created FlowFile[935,96217583083660.mockFlowFile,23B] from FlowFile[934,96217583083660.mockFlowFile,23B]; routing to relationship simple
[pool-2789-thread-1] INFO org.apache.nifi.processors.standard.RouteText - RouteText[id=fc47b1db-e7ae-450c-887b-29adc31df765] Routing FlowFile[934,96217583083660.mockFlowFile,23B] to original
[main] DEBUG org.apache.nifi.processors.standard.RouteText - RouteText[id=fc47b1db-e7ae-450c-887b-29adc31df765] Adding new dynamic property: PropertyDescriptor[simple]
[pool-2790-thread-1] INFO org.apache.nifi.processors.standard.RouteText - RouteText[id=fc47b1db-e7ae-450c-887b-29adc31df765] Created FlowFile[937,96217583592483.mockFlowFile,23B] from FlowFile[936,96217583592483.mockFlowFile,23B]; routing to relationship simple
[pool-2790-thread-1] INFO org.apache.nifi.processors.standard.RouteText - RouteText[id=fc47b1db-e7ae-450c-887b-29adc31df765] Routing FlowFile[936,96217583592483.mockFlowFile,23B] to original
[main] DEBUG org.apache.nifi.processors.standard.RouteText - RouteText[id=fc47b1db-e7ae-450c-887b-29adc31df765] Adding new dynamic property: PropertyDescriptor[simple]
[pool-2791-thread-1] INFO org.apache.nifi.processors.standard.RouteText - RouteText[id=fc47b1db-e7ae-450c-887b-29adc31df765] Created FlowFile[939,96217584028306.mockFlowFile,23B] from FlowFile[938,96217584028306.mockFlowFile,23B]; routing to relationship simple
[pool-2791-thread-1] INFO org.apache.nifi.processors.standard.RouteText - RouteText[id=fc47b1db-e7ae-450c-887b-29adc31df765] Routing FlowFile[938,96217584028306.mockFlowFile,23B] to original
[main] DEBUG org.apache.nifi.processors.standard.RouteText - RouteText[id=fc47b1db-e7ae-450c-887b-29adc31df765] Adding new dynamic property: PropertyDescriptor[simple]
[pool-2792-thread-1] INFO org.apache.nifi.processors.standard.RouteText - RouteText[id=fc47b1db-e7ae-450c-887b-29adc31df765] Created FlowFile[941,96217584504056.mockFlowFile,23B] from FlowFile[940,96217584504056.mockFlowFile,23B]; routing to relationship simple
[pool-2792-thread-1] INFO org.apache.nifi.processors.standard.RouteText - RouteText[id=fc47b1db-e7ae-450c-887b-29adc31df765] Routing FlowFile[940,96217584504056.mockFlowFile,23B] to original
[main] DEBUG org.apache.nifi.processors.standard.RouteText - RouteText[id=fc47b1db-e7ae-450c-887b-29adc31df765] Adding new dynamic property: PropertyDescriptor[simple]
[pool-2793-thread-1] INFO org.apache.nifi.processors.standard.RouteText - RouteText[id=fc47b1db-e7ae-450c-887b-29adc31df765] Created FlowFile[943,96217585013469.mockFlowFile,23B] from FlowFile[942,96217585013469.mockFlowFile,23B]; routing to relationship simple
[pool-2793-thread-1] INFO org.apache.nifi.processors.standard.RouteText - RouteText[id=fc47b1db-e7ae-450c-887b-29adc31df765] Routing FlowFile[942,96217585013469.mockFlowFile,23B] to original
[main] DEBUG org.apache.nifi.processors.standard.RouteText - RouteText[id=fc47b1db-e7ae-450c-887b-29adc31df765] Adding new dynamic property: PropertyDescriptor[simple]
[pool-2794-thread-1] INFO org.apache.nifi.processors.standard.RouteText - RouteText[id=fc47b1db-e7ae-450c-887b-29adc31df765] Created FlowFile[945,96217585524851.mockFlowFile,23B] from FlowFile[944,96217585524851.mockFlowFile,23B]; routing to relationship simple
[pool-2794-thread-1] INFO org.apache.nifi.processors.standard.RouteText - RouteText[id=fc47b1db-e7ae-450c-887b-29adc31df765] Routing FlowFile[944,96217585524851.mockFlowFile,23B] to original
[main] DEBUG org.apache.nifi.processors.standard.RouteText - RouteText[id=fc47b1db-e7ae-450c-887b-29adc31df765] Adding new dynamic property: PropertyDescriptor[simple]
[pool-2795-thread-1] INFO org.apache.nifi.processors.standard.RouteText - RouteText[id=fc47b1db-e7ae-450c-887b-29adc31df765] Created FlowFile[947,96217585993410.mockFlowFile,23B] from FlowFile[946,96217585993410.mockFlowFile,23B]; routing to relationship simple
[pool-2795-thread-1] INFO org.apache.nifi.processors.standard.RouteText - RouteText[id=fc47b1db-e7ae-450c-887b-29adc31df765] Routing FlowFile[946,96217585993410.mockFlowFile,23B] to original
[main] DEBUG org.apache.nifi.processors.standard.RouteText - RouteText[id=fc47b1db-e7ae-450c-887b-29adc31df765] Adding new dynamic property: PropertyDescriptor[simple]
[pool-2796-thread-1] INFO org.apache.nifi.processors.standard.RouteText - RouteText[id=fc47b1db-e7ae-450c-887b-29adc31df765] Created FlowFile[949,96217586373293.mockFlowFile,23B] from FlowFile[948,96217586373293.mockFlowFile,23B]; routing to relationship simple
[pool-2796-thread-1] INFO org.apache.nifi.processors.standard.RouteText - RouteText[id=fc47b1db-e7ae-450c-887b-29adc31df765] Routing FlowFile[948,96217586373293.mockFlowFile,23B] to original
[main] DEBUG org.apache.nifi.processors.standard.RouteText - RouteText[id=fc47b1db-e7ae-450c-887b-29adc31df765] Adding new dynamic property: PropertyDescriptor[simple]
[pool-2797-thread-1] INFO org.apache.nifi.processors.standard.RouteText - RouteText[id=fc47b1db-e7ae-450c-887b-29adc31df765] Created FlowFile[951,96217586733844.mockFlowFile,23B] from FlowFile[950,96217586733844.mockFlowFile,23B]; routing to relationship simple
[pool-2797-thread-1] INFO org.apache.nifi.processors.standard.RouteText - RouteText[id=fc47b1db-e7ae-450c-887b-29adc31df765] Routing FlowFile[950,96217586733844.mockFlowFile,23B] to original
[main] DEBUG org.apache.nifi.processors.standard.RouteText - RouteText[id=fc47b1db-e7ae-450c-887b-29adc31df765] Adding new dynamic property: PropertyDescriptor[simple]
[pool-2798-thread-1] INFO org.apache.nifi.processors.standard.RouteText - RouteText[id=fc47b1db-e7ae-450c-887b-29adc31df765] Created FlowFile[953,96217587094650.mockFlowFile,23B] from FlowFile[952,96217587094650.mockFlowFile,23B]; routing to relationship simple
[pool-2798-thread-1] INFO org.apache.nifi.processors.standard.RouteText - RouteText[id=fc47b1db-e7ae-450c-887b-29adc31df765] Routing FlowFile[952,96217587094650.mockFlowFile,23B] to original
[main] DEBUG org.apache.nifi.processors.standard.RouteText - RouteText[id=fc47b1db-e7ae-450c-887b-29adc31df765] Adding new dynamic property: PropertyDescriptor[simple]
[pool-2799-thread-1] INFO org.apache.nifi.processors.standard.RouteText - RouteText[id=fc47b1db-e7ae-450c-887b-29adc31df765] Created FlowFile[955,96217587582516.mockFlowFile,23B] from FlowFile[954,96217587582516.mockFlowFile,23B]; routing to relationship simple
[pool-2799-thread-1] INFO org.apache.nifi.processors.standard.RouteText - RouteText[id=fc47b1db-e7ae-450c-887b-29adc31df765] Routing FlowFile[954,96217587582516.mockFlowFile,23B] to original
[main] DEBUG org.apache.nifi.processors.standard.RouteText - RouteText[id=fc47b1db-e7ae-450c-887b-29adc31df765] Adding new dynamic property: PropertyDescriptor[simple]
[pool-2800-thread-1] INFO org.apache.nifi.processors.standard.RouteText - RouteText[id=fc47b1db-e7ae-450c-887b-29adc31df765] Created FlowFile[957,96217587984550.mockFlowFile,23B] from FlowFile[956,96217587984550.mockFlowFile,23B]; routing to relationship simple
[pool-2800-thread-1] INFO org.apache.nifi.processors.standard.RouteText - RouteText[id=fc47b1db-e7ae-450c-887b-29adc31df765] Routing FlowFile[956,96217587984550.mockFlowFile,23B] to original
[main] DEBUG org.apache.nifi.processors.standard.RouteText - RouteText[id=fc47b1db-e7ae-450c-887b-29adc31df765] Adding new dynamic property: PropertyDescriptor[simple]
[pool-2801-thread-1] INFO org.apache.nifi.processors.standard.RouteText - RouteText[id=fc47b1db-e7ae-450c-887b-29adc31df765] Created FlowFile[959,96217588464506.mockFlowFile,23B] from FlowFile[958,96217588464506.mockFlowFile,23B]; routing to relationship simple
[pool-2801-thread-1] INFO org.apache.nifi.processors.standard.RouteText - RouteText[id=fc47b1db-e7ae-450c-887b-29adc31df765] Routing FlowFile[958,96217588464506.mockFlowFile,23B] to original
[main] DEBUG org.apache.nifi.processors.standard.RouteText - RouteText[id=fc47b1db-e7ae-450c-887b-29adc31df765] Adding new dynamic property: PropertyDescriptor[simple]
[pool-2802-thread-1] INFO org.apache.nifi.processors.standard.RouteText - RouteText[id=fc47b1db-e7ae-450c-887b-29adc31df765] Created FlowFile[961,96217588910121.mockFlowFile,23B] from FlowFile[960,96217588910121.mockFlowFile,23B]; routing to relationship simple
[pool-2802-thread-1] INFO org.apache.nifi.processors.standard.RouteText - RouteText[id=fc47b1db-e7ae-450c-887b-29adc31df765] Routing FlowFile[960,96217588910121.mockFlowFile,23B] to original
[main] DEBUG org.apache.nifi.processors.standard.RouteText - RouteText[id=fc47b1db-e7ae-450c-887b-29adc31df765] Adding new dynamic property: PropertyDescriptor[simple]
[pool-2803-thread-1] INFO org.apache.nifi.processors.standard.RouteText - RouteText[id=fc47b1db-e7ae-450c-887b-29adc31df765] Created FlowFile[963,96217589364777.mockFlowFile,23B] from FlowFile[962,96217589364777.mockFlowFile,23B]; routing to relationship simple
[pool-2803-thread-1] INFO org.apache.nifi.processors.standard.RouteText - RouteText[id=fc47b1db-e7ae-450c-887b-29adc31df765] Routing FlowFile[962,96217589364777.mockFlowFile,23B] to original
[main] DEBUG org.apache.nifi.processors.standard.RouteText - RouteText[id=fc47b1db-e7ae-450c-887b-29adc31df765] Adding new dynamic property: PropertyDescriptor[simple]
[pool-2804-thread-1] INFO org.apache.nifi.processors.standard.RouteText - RouteText[id=fc47b1db-e7ae-450c-887b-29adc31df765] Created FlowFile[965,96217589761573.mockFlowFile,23B] from FlowFile[964,96217589761573.mockFlowFile,23B]; routing to relationship simple
[pool-2804-thread-1] INFO org.apache.nifi.processors.standard.RouteText - RouteText[id=fc47b1db-e7ae-450c-887b-29adc31df765] Routing FlowFile[964,96217589761573.mockFlowFile,23B] to original
[main] DEBUG org.apache.nifi.processors.standard.RouteText - RouteText[id=fc47b1db-e7ae-450c-887b-29adc31df765] Adding new dynamic property: PropertyDescriptor[simple]
[pool-2805-thread-1] INFO org.apache.nifi.processors.standard.RouteText - RouteText[id=fc47b1db-e7ae-450c-887b-29adc31df765] Created FlowFile[967,96217590207042.mockFlowFile,23B] from FlowFile[966,96217590207042.mockFlowFile,23B]; routing to relationship simple
[pool-2805-thread-1] INFO org.apache.nifi.processors.standard.RouteText - RouteText[id=fc47b1db-e7ae-450c-887b-29adc31df765] Routing FlowFile[966,96217590207042.mockFlowFile,23B] to original
[main] DEBUG org.apache.nifi.processors.standard.RouteText - RouteText[id=fc47b1db-e7ae-450c-887b-29adc31df765] Adding new dynamic property: PropertyDescriptor[simple]
[pool-2806-thread-1] INFO org.apache.nifi.processors.standard.RouteText - RouteText[id=fc47b1db-e7ae-450c-887b-29adc31df765] Created FlowFile[969,96217590701477.mockFlowFile,23B] from FlowFile[968,96217590701477.mockFlowFile,23B]; routing to relationship simple
[pool-2806-thread-1] INFO org.apache.nifi.processors.standard.RouteText - RouteText[id=fc47b1db-e7ae-450c-887b-29adc31df765] Routing FlowFile[968,96217590701477.mockFlowFile,23B] to original
[main] DEBUG org.apache.nifi.processors.standard.RouteText - RouteText[id=fc47b1db-e7ae-450c-887b-29adc31df765] Adding new dynamic property: PropertyDescriptor[simple]
[pool-2807-thread-1] INFO org.apache.nifi.processors.standard.RouteText - RouteText[id=fc47b1db-e7ae-450c-887b-29adc31df765] Created FlowFile[971,96217591154746.mockFlowFile,23B] from FlowFile[970,96217591154746.mockFlowFile,23B]; routing to relationship simple
[pool-2807-thread-1] INFO org.apache.nifi.processors.standard.RouteText - RouteText[id=fc47b1db-e7ae-450c-887b-29adc31df765] Routing FlowFile[970,96217591154746.mockFlowFile,23B] to original
[main] DEBUG org.apache.nifi.processors.standard.RouteText - RouteText[id=fc47b1db-e7ae-450c-887b-29adc31df765] Adding new dynamic property: PropertyDescriptor[simple]
[pool-2808-thread-1] INFO org.apache.nifi.processors.standard.RouteText - RouteText[id=fc47b1db-e7ae-450c-887b-29adc31df765] Created FlowFile[973,96217591658158.mockFlowFile,23B] from FlowFile[972,96217591658158.mockFlowFile,23B]; routing to relationship simple
[pool-2808-thread-1] INFO org.apache.nifi.processors.standard.RouteText - RouteText[id=fc47b1db-e7ae-450c-887b-29adc31df765] Routing FlowFile[972,96217591658158.mockFlowFile,23B] to original
[main] DEBUG org.apache.nifi.processors.standard.RouteText - RouteText[id=fc47b1db-e7ae-450c-887b-29adc31df765] Adding new dynamic property: PropertyDescriptor[simple]
[pool-2809-thread-1] INFO org.apache.nifi.processors.standard.RouteText - RouteText[id=fc47b1db-e7ae-450c-887b-29adc31df765] Created FlowFile[975,96217592090180.mockFlowFile,23B] from FlowFile[974,96217592090180.mockFlowFile,23B]; routing to relationship simple
[pool-2809-thread-1] INFO org.apache.nifi.processors.standard.RouteText - RouteText[id=fc47b1db-e7ae-450c-887b-29adc31df765] Routing FlowFile[974,96217592090180.mockFlowFile,23B] to original
[main] DEBUG org.apache.nifi.processors.standard.RouteText - RouteText[id=fc47b1db-e7ae-450c-887b-29adc31df765] Adding new dynamic property: PropertyDescriptor[simple]
[pool-2810-thread-1] INFO org.apache.nifi.processors.standard.RouteText - RouteText[id=fc47b1db-e7ae-450c-887b-29adc31df765] Created FlowFile[977,96217592619704.mockFlowFile,23B] from FlowFile[976,96217592619704.mockFlowFile,23B]; routing to relationship simple
[pool-2810-thread-1] INFO org.apache.nifi.processors.standard.RouteText - RouteText[id=fc47b1db-e7ae-450c-887b-29adc31df765] Routing FlowFile[976,96217592619704.mockFlowFile,23B] to original
[main] DEBUG org.apache.nifi.processors.standard.RouteText - RouteText[id=fc47b1db-e7ae-450c-887b-29adc31df765] Adding new dynamic property: PropertyDescriptor[simple]
[pool-2811-thread-1] INFO org.apache.nifi.processors.standard.RouteText - RouteText[id=fc47b1db-e7ae-450c-887b-29adc31df765] Created FlowFile[979,96217593103796.mockFlowFile,23B] from FlowFile[978,96217593103796.mockFlowFile,23B]; routing to relationship simple
[pool-2811-thread-1] INFO org.apache.nifi.processors.standard.RouteText - RouteText[id=fc47b1db-e7ae-450c-887b-29adc31df765] Routing FlowFile[978,96217593103796.mockFlowFile,23B] to original
[main] DEBUG org.apache.nifi.processors.standard.RouteText - RouteText[id=fc47b1db-e7ae-450c-887b-29adc31df765] Adding new dynamic property: PropertyDescriptor[simple]
[pool-2812-thread-1] INFO org.apache.nifi.processors.standard.RouteText - RouteText[id=fc47b1db-e7ae-450c-887b-29adc31df765] Created FlowFile[981,96217593584333.mockFlowFile,23B] from FlowFile[980,96217593584333.mockFlowFile,23B]; routing to relationship simple
[pool-2812-thread-1] INFO org.apache.nifi.processors.standard.RouteText - RouteText[id=fc47b1db-e7ae-450c-887b-29adc31df765] Routing FlowFile[980,96217593584333.mockFlowFile,23B] to original
[main] DEBUG org.apache.nifi.processors.standard.RouteText - RouteText[id=fc47b1db-e7ae-450c-887b-29adc31df765] Adding new dynamic property: PropertyDescriptor[simple]
[pool-2813-thread-1] INFO org.apache.nifi.processors.standard.RouteText - RouteText[id=fc47b1db-e7ae-450c-887b-29adc31df765] Created FlowFile[983,96217593982860.mockFlowFile,23B] from FlowFile[982,96217593982860.mockFlowFile,23B]; routing to relationship simple
[pool-2813-thread-1] INFO org.apache.nifi.processors.standard.RouteText - RouteText[id=fc47b1db-e7ae-450c-887b-29adc31df765] Routing FlowFile[982,96217593982860.mockFlowFile,23B] to original
[main] DEBUG org.apache.nifi.processors.standard.RouteText - RouteText[id=fc47b1db-e7ae-450c-887b-29adc31df765] Adding new dynamic property: PropertyDescriptor[simple]
[pool-2814-thread-1] INFO org.apache.nifi.processors.standard.RouteText - RouteText[id=fc47b1db-e7ae-450c-887b-29adc31df765] Created FlowFile[985,96217594373825.mockFlowFile,23B] from FlowFile[984,96217594373825.mockFlowFile,23B]; routing to relationship simple
[pool-2814-thread-1] INFO org.apache.nifi.processors.standard.RouteText - RouteText[id=fc47b1db-e7ae-450c-887b-29adc31df765] Routing FlowFile[984,96217594373825.mockFlowFile,23B] to original
[main] DEBUG org.apache.nifi.processors.standard.RouteText - RouteText[id=fc47b1db-e7ae-450c-887b-29adc31df765] Adding new dynamic property: PropertyDescriptor[simple]
[pool-2815-thread-1] INFO org.apache.nifi.processors.standard.RouteText - RouteText[id=fc47b1db-e7ae-450c-887b-29adc31df765] Created FlowFile[987,96217594769516.mockFlowFile,23B] from FlowFile[986,96217594769516.mockFlowFile,23B]; routing to relationship simple
[pool-2815-thread-1] INFO org.apache.nifi.processors.standard.RouteText - RouteText[id=fc47b1db-e7ae-450c-887b-29adc31df765] Routing FlowFile[986,96217594769516.mockFlowFile,23B] to original
[main] DEBUG org.apache.nifi.processors.standard.RouteText - RouteText[id=fc47b1db-e7ae-450c-887b-29adc31df765] Adding new dynamic property: PropertyDescriptor[simple]
[pool-2816-thread-1] INFO org.apache.nifi.processors.standard.RouteText - RouteText[id=fc47b1db-e7ae-450c-887b-29adc31df765] Created FlowFile[989,96217595162284.mockFlowFile,23B] from FlowFile[988,96217595162284.mockFlowFile,23B]; routing to relationship simple
[pool-2816-thread-1] INFO org.apache.nifi.processors.standard.RouteText - RouteText[id=fc47b1db-e7ae-450c-887b-29adc31df765] Routing FlowFile[988,96217595162284.mockFlowFile,23B] to original
[main] DEBUG org.apache.nifi.processors.standard.RouteText - RouteText[id=fc47b1db-e7ae-450c-887b-29adc31df765] Adding new dynamic property: PropertyDescriptor[simple]
[pool-2817-thread-1] INFO org.apache.nifi.processors.standard.RouteText - RouteText[id=fc47b1db-e7ae-450c-887b-29adc31df765] Created FlowFile[991,96217595650599.mockFlowFile,23B] from FlowFile[990,96217595650599.mockFlowFile,23B]; routing to relationship simple
[pool-2817-thread-1] INFO org.apache.nifi.processors.standard.RouteText - RouteText[id=fc47b1db-e7ae-450c-887b-29adc31df765] Routing FlowFile[990,96217595650599.mockFlowFile,23B] to original
[main] DEBUG org.apache.nifi.processors.standard.RouteText - RouteText[id=fc47b1db-e7ae-450c-887b-29adc31df765] Adding new dynamic property: PropertyDescriptor[simple]
[pool-2818-thread-1] INFO org.apache.nifi.processors.standard.RouteText - RouteText[id=fc47b1db-e7ae-450c-887b-29adc31df765] Created FlowFile[993,96217596065363.mockFlowFile,23B] from FlowFile[992,96217596065363.mockFlowFile,23B]; routing to relationship simple
[pool-2818-thread-1] INFO org.apache.nifi.processors.standard.RouteText - RouteText[id=fc47b1db-e7ae-450c-887b-29adc31df765] Routing FlowFile[992,96217596065363.mockFlowFile,23B] to original
[main] DEBUG org.apache.nifi.processors.standard.RouteText - RouteText[id=fc47b1db-e7ae-450c-887b-29adc31df765] Adding new dynamic property: PropertyDescriptor[simple]
[pool-2819-thread-1] INFO org.apache.nifi.processors.standard.RouteText - RouteText[id=fc47b1db-e7ae-450c-887b-29adc31df765] Created FlowFile[995,96217596587231.mockFlowFile,23B] from FlowFile[994,96217596587231.mockFlowFile,23B]; routing to relationship simple
[pool-2819-thread-1] INFO org.apache.nifi.processors.standard.RouteText - RouteText[id=fc47b1db-e7ae-450c-887b-29adc31df765] Routing FlowFile[994,96217596587231.mockFlowFile,23B] to original
[main] DEBUG org.apache.nifi.processors.standard.RouteText - RouteText[id=fc47b1db-e7ae-450c-887b-29adc31df765] Adding new dynamic property: PropertyDescriptor[simple]
[pool-2820-thread-1] INFO org.apache.nifi.processors.standard.RouteText - RouteText[id=fc47b1db-e7ae-450c-887b-29adc31df765] Created FlowFile[997,96217597108571.mockFlowFile,23B] from FlowFile[996,96217597108571.mockFlowFile,23B]; routing to relationship simple
[pool-2820-thread-1] INFO org.apache.nifi.processors.standard.RouteText - RouteText[id=fc47b1db-e7ae-450c-887b-29adc31df765] Routing FlowFile[996,96217597108571.mockFlowFile,23B] to original
[main] DEBUG org.apache.nifi.processors.standard.RouteText - RouteText[id=fc47b1db-e7ae-450c-887b-29adc31df765] Adding new dynamic property: PropertyDescriptor[simple]
[pool-2821-thread-1] INFO org.apache.nifi.processors.standard.RouteText - RouteText[id=fc47b1db-e7ae-450c-887b-29adc31df765] Created FlowFile[999,96217597620654.mockFlowFile,23B] from FlowFile[998,96217597620654.mockFlowFile,23B]; routing to relationship simple
[pool-2821-thread-1] INFO org.apache.nifi.processors.standard.RouteText - RouteText[id=fc47b1db-e7ae-450c-887b-29adc31df765] Routing FlowFile[998,96217597620654.mockFlowFile,23B] to original
[main] DEBUG org.apache.nifi.processors.standard.RouteText - RouteText[id=fc47b1db-e7ae-450c-887b-29adc31df765] Adding new dynamic property: PropertyDescriptor[simple]
[pool-2822-thread-1] INFO org.apache.nifi.processors.standard.RouteText - RouteText[id=fc47b1db-e7ae-450c-887b-29adc31df765] Created FlowFile[1001,96217598013419.mockFlowFile,23B] from FlowFile[1000,96217598013419.mockFlowFile,23B]; routing to relationship simple
[pool-2822-thread-1] INFO org.apache.nifi.processors.standard.RouteText - RouteText[id=fc47b1db-e7ae-450c-887b-29adc31df765] Routing FlowFile[1000,96217598013419.mockFlowFile,23B] to original
[main] DEBUG org.apache.nifi.processors.standard.RouteText - RouteText[id=fc47b1db-e7ae-450c-887b-29adc31df765] Adding new dynamic property: PropertyDescriptor[simple]
[pool-2823-thread-1] INFO org.apache.nifi.processors.standard.RouteText - RouteText[id=fc47b1db-e7ae-450c-887b-29adc31df765] Created FlowFile[1003,96217598391992.mockFlowFile,23B] from FlowFile[1002,96217598391992.mockFlowFile,23B]; routing to relationship simple
[pool-2823-thread-1] INFO org.apache.nifi.processors.standard.RouteText - RouteText[id=fc47b1db-e7ae-450c-887b-29adc31df765] Routing FlowFile[1002,96217598391992.mockFlowFile,23B] to original
[main] DEBUG org.apache.nifi.processors.standard.RouteText - RouteText[id=fc47b1db-e7ae-450c-887b-29adc31df765] Adding new dynamic property: PropertyDescriptor[simple]
[pool-2824-thread-1] INFO org.apache.nifi.processors.standard.RouteText - RouteText[id=fc47b1db-e7ae-450c-887b-29adc31df765] Created FlowFile[1005,96217598776246.mockFlowFile,23B] from FlowFile[1004,96217598776246.mockFlowFile,23B]; routing to relationship simple
[pool-2824-thread-1] INFO org.apache.nifi.processors.standard.RouteText - RouteText[id=fc47b1db-e7ae-450c-887b-29adc31df765] Routing FlowFile[1004,96217598776246.mockFlowFile,23B] to original
[main] DEBUG org.apache.nifi.processors.standard.RouteText - RouteText[id=fc47b1db-e7ae-450c-887b-29adc31df765] Adding new dynamic property: PropertyDescriptor[simple]
[pool-2825-thread-1] INFO org.apache.nifi.processors.standard.RouteText - RouteText[id=fc47b1db-e7ae-450c-887b-29adc31df765] Created FlowFile[1007,96217599274693.mockFlowFile,23B] from FlowFile[1006,96217599274693.mockFlowFile,23B]; routing to relationship simple
[pool-2825-thread-1] INFO org.apache.nifi.processors.standard.RouteText - RouteText[id=fc47b1db-e7ae-450c-887b-29adc31df765] Routing FlowFile[1006,96217599274693.mockFlowFile,23B] to original
[main] DEBUG org.apache.nifi.processors.standard.RouteText - RouteText[id=fc47b1db-e7ae-450c-887b-29adc31df765] Adding new dynamic property: PropertyDescriptor[simple]
[pool-2826-thread-1] INFO org.apache.nifi.processors.standard.RouteText - RouteText[id=fc47b1db-e7ae-450c-887b-29adc31df765] Created FlowFile[1009,96217599726715.mockFlowFile,23B] from FlowFile[1008,96217599726715.mockFlowFile,23B]; routing to relationship simple
[pool-2826-thread-1] INFO org.apache.nifi.processors.standard.RouteText - RouteText[id=fc47b1db-e7ae-450c-887b-29adc31df765] Routing FlowFile[1008,96217599726715.mockFlowFile,23B] to original
[main] DEBUG org.apache.nifi.processors.standard.RouteText - RouteText[id=fc47b1db-e7ae-450c-887b-29adc31df765] Adding new dynamic property: PropertyDescriptor[simple]
[pool-2827-thread-1] INFO org.apache.nifi.processors.standard.RouteText - RouteText[id=fc47b1db-e7ae-450c-887b-29adc31df765] Created FlowFile[1011,96217600186272.mockFlowFile,23B] from FlowFile[1010,96217600186272.mockFlowFile,23B]; routing to relationship simple
[pool-2827-thread-1] INFO org.apache.nifi.processors.standard.RouteText - RouteText[id=fc47b1db-e7ae-450c-887b-29adc31df765] Routing FlowFile[1010,96217600186272.mockFlowFile,23B] to original
[main] DEBUG org.apache.nifi.processors.standard.RouteText - RouteText[id=fc47b1db-e7ae-450c-887b-29adc31df765] Adding new dynamic property: PropertyDescriptor[simple]
[pool-2828-thread-1] INFO org.apache.nifi.processors.standard.RouteText - RouteText[id=fc47b1db-e7ae-450c-887b-29adc31df765] Created FlowFile[1013,96217600722732.mockFlowFile,23B] from FlowFile[1012,96217600722732.mockFlowFile,23B]; routing to relationship simple
[pool-2828-thread-1] INFO org.apache.nifi.processors.standard.RouteText - RouteText[id=fc47b1db-e7ae-450c-887b-29adc31df765] Routing FlowFile[1012,96217600722732.mockFlowFile,23B] to original
[main] DEBUG org.apache.nifi.processors.standard.RouteText - RouteText[id=fc47b1db-e7ae-450c-887b-29adc31df765] Adding new dynamic property: PropertyDescriptor[simple]
[pool-2829-thread-1] INFO org.apache.nifi.processors.standard.RouteText - RouteText[id=fc47b1db-e7ae-450c-887b-29adc31df765] Created FlowFile[1015,96217601418483.mockFlowFile,23B] from FlowFile[1014,96217601418483.mockFlowFile,23B]; routing to relationship simple
[pool-2829-thread-1] INFO org.apache.nifi.processors.standard.RouteText - RouteText[id=fc47b1db-e7ae-450c-887b-29adc31df765] Routing FlowFile[1014,96217601418483.mockFlowFile,23B] to original
[main] DEBUG org.apache.nifi.processors.standard.RouteText - RouteText[id=fc47b1db-e7ae-450c-887b-29adc31df765] Adding new dynamic property: PropertyDescriptor[simple]
[pool-2830-thread-1] INFO org.apache.nifi.processors.standard.RouteText - RouteText[id=fc47b1db-e7ae-450c-887b-29adc31df765] Created FlowFile[1017,96217602017251.mockFlowFile,23B] from FlowFile[1016,96217602017251.mockFlowFile,23B]; routing to relationship simple
[pool-2830-thread-1] INFO org.apache.nifi.processors.standard.RouteText - RouteText[id=fc47b1db-e7ae-450c-887b-29adc31df765] Routing FlowFile[1016,96217602017251.mockFlowFile,23B] to original
[main] DEBUG org.apache.nifi.processors.standard.RouteText - RouteText[id=fc47b1db-e7ae-450c-887b-29adc31df765] Adding new dynamic property: PropertyDescriptor[simple]
[pool-2831-thread-1] INFO org.apache.nifi.processors.standard.RouteText - RouteText[id=fc47b1db-e7ae-450c-887b-29adc31df765] Created FlowFile[1019,96217602464467.mockFlowFile,23B] from FlowFile[1018,96217602464467.mockFlowFile,23B]; routing to relationship simple
[pool-2831-thread-1] INFO org.apache.nifi.processors.standard.RouteText - RouteText[id=fc47b1db-e7ae-450c-887b-29adc31df765] Routing FlowFile[1018,96217602464467.mockFlowFile,23B] to original
[main] DEBUG org.apache.nifi.processors.standard.RouteText - RouteText[id=fc47b1db-e7ae-450c-887b-29adc31df765] Adding new dynamic property: PropertyDescriptor[simple]
[pool-2832-thread-1] INFO org.apache.nifi.processors.standard.RouteText - RouteText[id=fc47b1db-e7ae-450c-887b-29adc31df765] Created FlowFile[1021,96217602872222.mockFlowFile,23B] from FlowFile[1020,96217602872222.mockFlowFile,23B]; routing to relationship simple
[pool-2832-thread-1] INFO org.apache.nifi.processors.standard.RouteText - RouteText[id=fc47b1db-e7ae-450c-887b-29adc31df765] Routing FlowFile[1020,96217602872222.mockFlowFile,23B] to original
[main] DEBUG org.apache.nifi.processors.standard.RouteText - RouteText[id=fc47b1db-e7ae-450c-887b-29adc31df765] Adding new dynamic property: PropertyDescriptor[simple]
[pool-2833-thread-1] INFO org.apache.nifi.processors.standard.RouteText - RouteText[id=fc47b1db-e7ae-450c-887b-29adc31df765] Created FlowFile[1023,96217603376337.mockFlowFile,23B] from FlowFile[1022,96217603376337.mockFlowFile,23B]; routing to relationship simple
[pool-2833-thread-1] INFO org.apache.nifi.processors.standard.RouteText - RouteText[id=fc47b1db-e7ae-450c-887b-29adc31df765] Routing FlowFile[1022,96217603376337.mockFlowFile,23B] to original
[main] DEBUG org.apache.nifi.processors.standard.RouteText - RouteText[id=fc47b1db-e7ae-450c-887b-29adc31df765] Adding new dynamic property: PropertyDescriptor[simple]
[pool-2834-thread-1] INFO org.apache.nifi.processors.standard.RouteText - RouteText[id=fc47b1db-e7ae-450c-887b-29adc31df765] Created FlowFile[1025,96217603912803.mockFlowFile,23B] from FlowFile[1024,96217603912803.mockFlowFile,23B]; routing to relationship simple
[pool-2834-thread-1] INFO org.apache.nifi.processors.standard.RouteText - RouteText[id=fc47b1db-e7ae-450c-887b-29adc31df765] Routing FlowFile[1024,96217603912803.mockFlowFile,23B] to original
[main] DEBUG org.apache.nifi.processors.standard.RouteText - RouteText[id=fc47b1db-e7ae-450c-887b-29adc31df765] Adding new dynamic property: PropertyDescriptor[simple]
[pool-2835-thread-1] INFO org.apache.nifi.processors.standard.RouteText - RouteText[id=fc47b1db-e7ae-450c-887b-29adc31df765] Created FlowFile[1027,96217604604220.mockFlowFile,23B] from FlowFile[1026,96217604604220.mockFlowFile,23B]; routing to relationship simple
[pool-2835-thread-1] INFO org.apache.nifi.processors.standard.RouteText - RouteText[id=fc47b1db-e7ae-450c-887b-29adc31df765] Routing FlowFile[1026,96217604604220.mockFlowFile,23B] to original
[main] DEBUG org.apache.nifi.processors.standard.RouteText - RouteText[id=fc47b1db-e7ae-450c-887b-29adc31df765] Adding new dynamic property: PropertyDescriptor[simple]
[pool-2836-thread-1] INFO org.apache.nifi.processors.standard.RouteText - RouteText[id=fc47b1db-e7ae-450c-887b-29adc31df765] Created FlowFile[1029,96217605280008.mockFlowFile,23B] from FlowFile[1028,96217605280008.mockFlowFile,23B]; routing to relationship simple
[pool-2836-thread-1] INFO org.apache.nifi.processors.standard.RouteText - RouteText[id=fc47b1db-e7ae-450c-887b-29adc31df765] Routing FlowFile[1028,96217605280008.mockFlowFile,23B] to original
[main] DEBUG org.apache.nifi.processors.standard.RouteText - RouteText[id=fc47b1db-e7ae-450c-887b-29adc31df765] Adding new dynamic property: PropertyDescriptor[simple]
[pool-2837-thread-1] INFO org.apache.nifi.processors.standard.RouteText - RouteText[id=fc47b1db-e7ae-450c-887b-29adc31df765] Created FlowFile[1031,96217605802695.mockFlowFile,23B] from FlowFile[1030,96217605802695.mockFlowFile,23B]; routing to relationship simple
[pool-2837-thread-1] INFO org.apache.nifi.processors.standard.RouteText - RouteText[id=fc47b1db-e7ae-450c-887b-29adc31df765] Routing FlowFile[1030,96217605802695.mockFlowFile,23B] to original
[main] DEBUG org.apache.nifi.processors.standard.RouteText - RouteText[id=fc47b1db-e7ae-450c-887b-29adc31df765] Adding new dynamic property: PropertyDescriptor[simple]
[pool-2838-thread-1] INFO org.apache.nifi.processors.standard.RouteText - RouteText[id=fc47b1db-e7ae-450c-887b-29adc31df765] Created FlowFile[1033,96217606259857.mockFlowFile,23B] from FlowFile[1032,96217606259857.mockFlowFile,23B]; routing to relationship simple
[pool-2838-thread-1] INFO org.apache.nifi.processors.standard.RouteText - RouteText[id=fc47b1db-e7ae-450c-887b-29adc31df765] Routing FlowFile[1032,96217606259857.mockFlowFile,23B] to original
[main] DEBUG org.apache.nifi.processors.standard.RouteText - RouteText[id=fc47b1db-e7ae-450c-887b-29adc31df765] Adding new dynamic property: PropertyDescriptor[simple]
[pool-2839-thread-1] INFO org.apache.nifi.processors.standard.RouteText - RouteText[id=fc47b1db-e7ae-450c-887b-29adc31df765] Created FlowFile[1035,96217606697215.mockFlowFile,23B] from FlowFile[1034,96217606697215.mockFlowFile,23B]; routing to relationship simple
[pool-2839-thread-1] INFO org.apache.nifi.processors.standard.RouteText - RouteText[id=fc47b1db-e7ae-450c-887b-29adc31df765] Routing FlowFile[1034,96217606697215.mockFlowFile,23B] to original
[main] DEBUG org.apache.nifi.processors.standard.RouteText - RouteText[id=fc47b1db-e7ae-450c-887b-29adc31df765] Adding new dynamic property: PropertyDescriptor[simple]
[pool-2840-thread-1] INFO org.apache.nifi.processors.standard.RouteText - RouteText[id=fc47b1db-e7ae-450c-887b-29adc31df765] Created FlowFile[1037,96217607142420.mockFlowFile,23B] from FlowFile[1036,96217607142420.mockFlowFile,23B]; routing to relationship simple
[pool-2840-thread-1] INFO org.apache.nifi.processors.standard.RouteText - RouteText[id=fc47b1db-e7ae-450c-887b-29adc31df765] Routing FlowFile[1036,96217607142420.mockFlowFile,23B] to original
[main] DEBUG org.apache.nifi.processors.standard.RouteText - RouteText[id=fc47b1db-e7ae-450c-887b-29adc31df765] Adding new dynamic property: PropertyDescriptor[simple]
[pool-2841-thread-1] INFO org.apache.nifi.processors.standard.RouteText - RouteText[id=fc47b1db-e7ae-450c-887b-29adc31df765] Created FlowFile[1039,96217607557888.mockFlowFile,23B] from FlowFile[1038,96217607557888.mockFlowFile,23B]; routing to relationship simple
[pool-2841-thread-1] INFO org.apache.nifi.processors.standard.RouteText - RouteText[id=fc47b1db-e7ae-450c-887b-29adc31df765] Routing FlowFile[1038,96217607557888.mockFlowFile,23B] to original
[main] DEBUG org.apache.nifi.processors.standard.RouteText - RouteText[id=fc47b1db-e7ae-450c-887b-29adc31df765] Adding new dynamic property: PropertyDescriptor[simple]
[pool-2842-thread-1] INFO org.apache.nifi.processors.standard.RouteText - RouteText[id=fc47b1db-e7ae-450c-887b-29adc31df765] Created FlowFile[1041,96217608024180.mockFlowFile,23B] from FlowFile[1040,96217608024180.mockFlowFile,23B]; routing to relationship simple
[pool-2842-thread-1] INFO org.apache.nifi.processors.standard.RouteText - RouteText[id=fc47b1db-e7ae-450c-887b-29adc31df765] Routing FlowFile[1040,96217608024180.mockFlowFile,23B] to original
[main] DEBUG org.apache.nifi.processors.standard.RouteText - RouteText[id=fc47b1db-e7ae-450c-887b-29adc31df765] Adding new dynamic property: PropertyDescriptor[simple]
[pool-2843-thread-1] INFO org.apache.nifi.processors.standard.RouteText - RouteText[id=fc47b1db-e7ae-450c-887b-29adc31df765] Created FlowFile[1043,96217608471228.mockFlowFile,23B] from FlowFile[1042,96217608471228.mockFlowFile,23B]; routing to relationship simple
[pool-2843-thread-1] INFO org.apache.nifi.processors.standard.RouteText - RouteText[id=fc47b1db-e7ae-450c-887b-29adc31df765] Routing FlowFile[1042,96217608471228.mockFlowFile,23B] to original
[main] DEBUG org.apache.nifi.processors.standard.RouteText - RouteText[id=fc47b1db-e7ae-450c-887b-29adc31df765] Adding new dynamic property: PropertyDescriptor[simple]
[pool-2844-thread-1] INFO org.apache.nifi.processors.standard.RouteText - RouteText[id=fc47b1db-e7ae-450c-887b-29adc31df765] Created FlowFile[1045,96217608892837.mockFlowFile,23B] from FlowFile[1044,96217608892837.mockFlowFile,23B]; routing to relationship simple
[pool-2844-thread-1] INFO org.apache.nifi.processors.standard.RouteText - RouteText[id=fc47b1db-e7ae-450c-887b-29adc31df765] Routing FlowFile[1044,96217608892837.mockFlowFile,23B] to original
[main] DEBUG org.apache.nifi.processors.standard.RouteText - RouteText[id=fc47b1db-e7ae-450c-887b-29adc31df765] Adding new dynamic property: PropertyDescriptor[simple]
[pool-2845-thread-1] INFO org.apache.nifi.processors.standard.RouteText - RouteText[id=fc47b1db-e7ae-450c-887b-29adc31df765] Created FlowFile[1047,96217609306358.mockFlowFile,23B] from FlowFile[1046,96217609306358.mockFlowFile,23B]; routing to relationship simple
[pool-2845-thread-1] INFO org.apache.nifi.processors.standard.RouteText - RouteText[id=fc47b1db-e7ae-450c-887b-29adc31df765] Routing FlowFile[1046,96217609306358.mockFlowFile,23B] to original
[main] DEBUG org.apache.nifi.processors.standard.RouteText - RouteText[id=fc47b1db-e7ae-450c-887b-29adc31df765] Adding new dynamic property: PropertyDescriptor[simple]
[pool-2846-thread-1] INFO org.apache.nifi.processors.standard.RouteText - RouteText[id=fc47b1db-e7ae-450c-887b-29adc31df765] Created FlowFile[1049,96217609723420.mockFlowFile,23B] from FlowFile[1048,96217609723420.mockFlowFile,23B]; routing to relationship simple
[pool-2846-thread-1] INFO org.apache.nifi.processors.standard.RouteText - RouteText[id=fc47b1db-e7ae-450c-887b-29adc31df765] Routing FlowFile[1048,96217609723420.mockFlowFile,23B] to original
[main] DEBUG org.apache.nifi.processors.standard.RouteText - RouteText[id=fc47b1db-e7ae-450c-887b-29adc31df765] Adding new dynamic property: PropertyDescriptor[simple]
[pool-2847-thread-1] INFO org.apache.nifi.processors.standard.RouteText - RouteText[id=fc47b1db-e7ae-450c-887b-29adc31df765] Created FlowFile[1051,96217610140214.mockFlowFile,23B] from FlowFile[1050,96217610140214.mockFlowFile,23B]; routing to relationship simple
[pool-2847-thread-1] INFO org.apache.nifi.processors.standard.RouteText - RouteText[id=fc47b1db-e7ae-450c-887b-29adc31df765] Routing FlowFile[1050,96217610140214.mockFlowFile,23B] to original
[main] DEBUG org.apache.nifi.processors.standard.RouteText - RouteText[id=fc47b1db-e7ae-450c-887b-29adc31df765] Adding new dynamic property: PropertyDescriptor[simple]
[pool-2848-thread-1] INFO org.apache.nifi.processors.standard.RouteText - RouteText[id=fc47b1db-e7ae-450c-887b-29adc31df765] Created FlowFile[1053,96217610552380.mockFlowFile,23B] from FlowFile[1052,96217610552380.mockFlowFile,23B]; routing to relationship simple
[pool-2848-thread-1] INFO org.apache.nifi.processors.standard.RouteText - RouteText[id=fc47b1db-e7ae-450c-887b-29adc31df765] Routing FlowFile[1052,96217610552380.mockFlowFile,23B] to original
[main] DEBUG org.apache.nifi.processors.standard.RouteText - RouteText[id=fc47b1db-e7ae-450c-887b-29adc31df765] Adding new dynamic property: PropertyDescriptor[simple]
[pool-2849-thread-1] INFO org.apache.nifi.processors.standard.RouteText - RouteText[id=fc47b1db-e7ae-450c-887b-29adc31df765] Created FlowFile[1055,96217610975232.mockFlowFile,23B] from FlowFile[1054,96217610975232.mockFlowFile,23B]; routing to relationship simple
[pool-2849-thread-1] INFO org.apache.nifi.processors.standard.RouteText - RouteText[id=fc47b1db-e7ae-450c-887b-29adc31df765] Routing FlowFile[1054,96217610975232.mockFlowFile,23B] to original
[main] DEBUG org.apache.nifi.processors.standard.RouteText - RouteText[id=fc47b1db-e7ae-450c-887b-29adc31df765] Adding new dynamic property: PropertyDescriptor[simple]
[pool-2850-thread-1] INFO org.apache.nifi.processors.standard.RouteText - RouteText[id=fc47b1db-e7ae-450c-887b-29adc31df765] Created FlowFile[1057,96217611382164.mockFlowFile,23B] from FlowFile[1056,96217611382164.mockFlowFile,23B]; routing to relationship simple
[pool-2850-thread-1] INFO org.apache.nifi.processors.standard.RouteText - RouteText[id=fc47b1db-e7ae-450c-887b-29adc31df765] Routing FlowFile[1056,96217611382164.mockFlowFile,23B] to original
[main] DEBUG org.apache.nifi.processors.standard.RouteText - RouteText[id=fc47b1db-e7ae-450c-887b-29adc31df765] Adding new dynamic property: PropertyDescriptor[simple]
[pool-2851-thread-1] INFO org.apache.nifi.processors.standard.RouteText - RouteText[id=fc47b1db-e7ae-450c-887b-29adc31df765] Created FlowFile[1059,96217611787262.mockFlowFile,23B] from FlowFile[1058,96217611787262.mockFlowFile,23B]; routing to relationship simple
[pool-2851-thread-1] INFO org.apache.nifi.processors.standard.RouteText - RouteText[id=fc47b1db-e7ae-450c-887b-29adc31df765] Routing FlowFile[1058,96217611787262.mockFlowFile,23B] to original
[main] DEBUG org.apache.nifi.processors.standard.RouteText - RouteText[id=fc47b1db-e7ae-450c-887b-29adc31df765] Adding new dynamic property: PropertyDescriptor[simple]
[pool-2852-thread-1] INFO org.apache.nifi.processors.standard.RouteText - RouteText[id=fc47b1db-e7ae-450c-887b-29adc31df765] Created FlowFile[1061,96217612292545.mockFlowFile,23B] from FlowFile[1060,96217612292545.mockFlowFile,23B]; routing to relationship simple
[pool-2852-thread-1] INFO org.apache.nifi.processors.standard.RouteText - RouteText[id=fc47b1db-e7ae-450c-887b-29adc31df765] Routing FlowFile[1060,96217612292545.mockFlowFile,23B] to original
[main] DEBUG org.apache.nifi.processors.standard.RouteText - RouteText[id=fc47b1db-e7ae-450c-887b-29adc31df765] Adding new dynamic property: PropertyDescriptor[simple]
[pool-2853-thread-1] INFO org.apache.nifi.processors.standard.RouteText - RouteText[id=fc47b1db-e7ae-450c-887b-29adc31df765] Created FlowFile[1063,96217612796115.mockFlowFile,23B] from FlowFile[1062,96217612796115.mockFlowFile,23B]; routing to relationship simple
[pool-2853-thread-1] INFO org.apache.nifi.processors.standard.RouteText - RouteText[id=fc47b1db-e7ae-450c-887b-29adc31df765] Routing FlowFile[1062,96217612796115.mockFlowFile,23B] to original
[main] DEBUG org.apache.nifi.processors.standard.RouteText - RouteText[id=fc47b1db-e7ae-450c-887b-29adc31df765] Adding new dynamic property: PropertyDescriptor[simple]
[pool-2854-thread-1] INFO org.apache.nifi.processors.standard.RouteText - RouteText[id=fc47b1db-e7ae-450c-887b-29adc31df765] Created FlowFile[1065,96217613241903.mockFlowFile,23B] from FlowFile[1064,96217613241903.mockFlowFile,23B]; routing to relationship simple
[pool-2854-thread-1] INFO org.apache.nifi.processors.standard.RouteText - RouteText[id=fc47b1db-e7ae-450c-887b-29adc31df765] Routing FlowFile[1064,96217613241903.mockFlowFile,23B] to original
[main] DEBUG org.apache.nifi.processors.standard.RouteText - RouteText[id=fc47b1db-e7ae-450c-887b-29adc31df765] Adding new dynamic property: PropertyDescriptor[simple]
[pool-2855-thread-1] INFO org.apache.nifi.processors.standard.RouteText - RouteText[id=fc47b1db-e7ae-450c-887b-29adc31df765] Created FlowFile[1067,96217613577671.mockFlowFile,23B] from FlowFile[1066,96217613577671.mockFlowFile,23B]; routing to relationship simple
[pool-2855-thread-1] INFO org.apache.nifi.processors.standard.RouteText - RouteText[id=fc47b1db-e7ae-450c-887b-29adc31df765] Routing FlowFile[1066,96217613577671.mockFlowFile,23B] to original
[main] DEBUG org.apache.nifi.processors.standard.RouteText - RouteText[id=fc47b1db-e7ae-450c-887b-29adc31df765] Adding new dynamic property: PropertyDescriptor[simple]
[pool-2856-thread-1] INFO org.apache.nifi.processors.standard.RouteText - RouteText[id=fc47b1db-e7ae-450c-887b-29adc31df765] Created FlowFile[1069,96217613898482.mockFlowFile,23B] from FlowFile[1068,96217613898482.mockFlowFile,23B]; routing to relationship simple
[pool-2856-thread-1] INFO org.apache.nifi.processors.standard.RouteText - RouteText[id=fc47b1db-e7ae-450c-887b-29adc31df765] Routing FlowFile[1068,96217613898482.mockFlowFile,23B] to original
[main] DEBUG org.apache.nifi.processors.standard.RouteText - RouteText[id=fc47b1db-e7ae-450c-887b-29adc31df765] Adding new dynamic property: PropertyDescriptor[simple]
[pool-2857-thread-1] INFO org.apache.nifi.processors.standard.RouteText - RouteText[id=fc47b1db-e7ae-450c-887b-29adc31df765] Created FlowFile[1071,96217614218936.mockFlowFile,23B] from FlowFile[1070,96217614218936.mockFlowFile,23B]; routing to relationship simple
[pool-2857-thread-1] INFO org.apache.nifi.processors.standard.RouteText - RouteText[id=fc47b1db-e7ae-450c-887b-29adc31df765] Routing FlowFile[1070,96217614218936.mockFlowFile,23B] to original
[main] DEBUG org.apache.nifi.processors.standard.RouteText - RouteText[id=fc47b1db-e7ae-450c-887b-29adc31df765] Adding new dynamic property: PropertyDescriptor[simple]
[pool-2858-thread-1] INFO org.apache.nifi.processors.standard.RouteText - RouteText[id=fc47b1db-e7ae-450c-887b-29adc31df765] Created FlowFile[1073,96217614548878.mockFlowFile,23B] from FlowFile[1072,96217614548878.mockFlowFile,23B]; routing to relationship simple
[pool-2858-thread-1] INFO org.apache.nifi.processors.standard.RouteText - RouteText[id=fc47b1db-e7ae-450c-887b-29adc31df765] Routing FlowFile[1072,96217614548878.mockFlowFile,23B] to original
[main] DEBUG org.apache.nifi.processors.standard.RouteText - RouteText[id=fc47b1db-e7ae-450c-887b-29adc31df765] Adding new dynamic property: PropertyDescriptor[simple]
[pool-2859-thread-1] INFO org.apache.nifi.processors.standard.RouteText - RouteText[id=fc47b1db-e7ae-450c-887b-29adc31df765] Created FlowFile[1075,96217614876248.mockFlowFile,23B] from FlowFile[1074,96217614876248.mockFlowFile,23B]; routing to relationship simple
[pool-2859-thread-1] INFO org.apache.nifi.processors.standard.RouteText - RouteText[id=fc47b1db-e7ae-450c-887b-29adc31df765] Routing FlowFile[1074,96217614876248.mockFlowFile,23B] to original
[main] DEBUG org.apache.nifi.processors.standard.RouteText - RouteText[id=fc47b1db-e7ae-450c-887b-29adc31df765] Adding new dynamic property: PropertyDescriptor[simple]
[pool-2860-thread-1] INFO org.apache.nifi.processors.standard.RouteText - RouteText[id=fc47b1db-e7ae-450c-887b-29adc31df765] Created FlowFile[1077,96217615311316.mockFlowFile,23B] from FlowFile[1076,96217615311316.mockFlowFile,23B]; routing to relationship simple
[pool-2860-thread-1] INFO org.apache.nifi.processors.standard.RouteText - RouteText[id=fc47b1db-e7ae-450c-887b-29adc31df765] Routing FlowFile[1076,96217615311316.mockFlowFile,23B] to original
[main] DEBUG org.apache.nifi.processors.standard.RouteText - RouteText[id=fc47b1db-e7ae-450c-887b-29adc31df765] Adding new dynamic property: PropertyDescriptor[simple]
[pool-2861-thread-1] INFO org.apache.nifi.processors.standard.RouteText - RouteText[id=fc47b1db-e7ae-450c-887b-29adc31df765] Created FlowFile[1079,96217615747292.mockFlowFile,23B] from FlowFile[1078,96217615747292.mockFlowFile,23B]; routing to relationship simple
[pool-2861-thread-1] INFO org.apache.nifi.processors.standard.RouteText - RouteText[id=fc47b1db-e7ae-450c-887b-29adc31df765] Routing FlowFile[1078,96217615747292.mockFlowFile,23B] to original
[main] DEBUG org.apache.nifi.processors.standard.RouteText - RouteText[id=fc47b1db-e7ae-450c-887b-29adc31df765] Adding new dynamic property: PropertyDescriptor[simple]
[pool-2862-thread-1] INFO org.apache.nifi.processors.standard.RouteText - RouteText[id=fc47b1db-e7ae-450c-887b-29adc31df765] Created FlowFile[1081,96217616113930.mockFlowFile,23B] from FlowFile[1080,96217616113930.mockFlowFile,23B]; routing to relationship simple
[pool-2862-thread-1] INFO org.apache.nifi.processors.standard.RouteText - RouteText[id=fc47b1db-e7ae-450c-887b-29adc31df765] Routing FlowFile[1080,96217616113930.mockFlowFile,23B] to original
[main] DEBUG org.apache.nifi.processors.standard.RouteText - RouteText[id=fc47b1db-e7ae-450c-887b-29adc31df765] Adding new dynamic property: PropertyDescriptor[simple]
[pool-2863-thread-1] INFO org.apache.nifi.processors.standard.RouteText - RouteText[id=fc47b1db-e7ae-450c-887b-29adc31df765] Created FlowFile[1083,96217616606143.mockFlowFile,23B] from FlowFile[1082,96217616606143.mockFlowFile,23B]; routing to relationship simple
[pool-2863-thread-1] INFO org.apache.nifi.processors.standard.RouteText - RouteText[id=fc47b1db-e7ae-450c-887b-29adc31df765] Routing FlowFile[1082,96217616606143.mockFlowFile,23B] to original
[main] DEBUG org.apache.nifi.processors.standard.RouteText - RouteText[id=fc47b1db-e7ae-450c-887b-29adc31df765] Adding new dynamic property: PropertyDescriptor[simple]
[pool-2864-thread-1] INFO org.apache.nifi.processors.standard.RouteText - RouteText[id=fc47b1db-e7ae-450c-887b-29adc31df765] Created FlowFile[1085,96217617072144.mockFlowFile,23B] from FlowFile[1084,96217617072144.mockFlowFile,23B]; routing to relationship simple
[pool-2864-thread-1] INFO org.apache.nifi.processors.standard.RouteText - RouteText[id=fc47b1db-e7ae-450c-887b-29adc31df765] Routing FlowFile[1084,96217617072144.mockFlowFile,23B] to original
[main] DEBUG org.apache.nifi.processors.standard.RouteText - RouteText[id=fc47b1db-e7ae-450c-887b-29adc31df765] Adding new dynamic property: PropertyDescriptor[simple]
[pool-2865-thread-1] INFO org.apache.nifi.processors.standard.RouteText - RouteText[id=fc47b1db-e7ae-450c-887b-29adc31df765] Created FlowFile[1087,96217617535849.mockFlowFile,23B] from FlowFile[1086,96217617535849.mockFlowFile,23B]; routing to relationship simple
[pool-2865-thread-1] INFO org.apache.nifi.processors.standard.RouteText - RouteText[id=fc47b1db-e7ae-450c-887b-29adc31df765] Routing FlowFile[1086,96217617535849.mockFlowFile,23B] to original
[main] DEBUG org.apache.nifi.processors.standard.RouteText - RouteText[id=fc47b1db-e7ae-450c-887b-29adc31df765] Adding new dynamic property: PropertyDescriptor[simple]
[pool-2866-thread-1] INFO org.apache.nifi.processors.standard.RouteText - RouteText[id=fc47b1db-e7ae-450c-887b-29adc31df765] Created FlowFile[1089,96217617975466.mockFlowFile,23B] from FlowFile[1088,96217617975466.mockFlowFile,23B]; routing to relationship simple
[pool-2866-thread-1] INFO org.apache.nifi.processors.standard.RouteText - RouteText[id=fc47b1db-e7ae-450c-887b-29adc31df765] Routing FlowFile[1088,96217617975466.mockFlowFile,23B] to original
[main] DEBUG org.apache.nifi.processors.standard.RouteText - RouteText[id=fc47b1db-e7ae-450c-887b-29adc31df765] Adding new dynamic property: PropertyDescriptor[simple]
[pool-2867-thread-1] INFO org.apache.nifi.processors.standard.RouteText - RouteText[id=fc47b1db-e7ae-450c-887b-29adc31df765] Created FlowFile[1091,96217618319651.mockFlowFile,23B] from FlowFile[1090,96217618319651.mockFlowFile,23B]; routing to relationship simple
[pool-2867-thread-1] INFO org.apache.nifi.processors.standard.RouteText - RouteText[id=fc47b1db-e7ae-450c-887b-29adc31df765] Routing FlowFile[1090,96217618319651.mockFlowFile,23B] to original
[main] DEBUG org.apache.nifi.processors.standard.RouteText - RouteText[id=fc47b1db-e7ae-450c-887b-29adc31df765] Adding new dynamic property: PropertyDescriptor[simple]
[pool-2868-thread-1] INFO org.apache.nifi.processors.standard.RouteText - RouteText[id=fc47b1db-e7ae-450c-887b-29adc31df765] Created FlowFile[1093,96217618694612.mockFlowFile,23B] from FlowFile[1092,96217618694612.mockFlowFile,23B]; routing to relationship simple
[pool-2868-thread-1] INFO org.apache.nifi.processors.standard.RouteText - RouteText[id=fc47b1db-e7ae-450c-887b-29adc31df765] Routing FlowFile[1092,96217618694612.mockFlowFile,23B] to original
[main] DEBUG org.apache.nifi.processors.standard.RouteText - RouteText[id=fc47b1db-e7ae-450c-887b-29adc31df765] Adding new dynamic property: PropertyDescriptor[simple]
[pool-2869-thread-1] INFO org.apache.nifi.processors.standard.RouteText - RouteText[id=fc47b1db-e7ae-450c-887b-29adc31df765] Created FlowFile[1095,96217619042433.mockFlowFile,23B] from FlowFile[1094,96217619042433.mockFlowFile,23B]; routing to relationship simple
[pool-2869-thread-1] INFO org.apache.nifi.processors.standard.RouteText - RouteText[id=fc47b1db-e7ae-450c-887b-29adc31df765] Routing FlowFile[1094,96217619042433.mockFlowFile,23B] to original
[main] DEBUG org.apache.nifi.processors.standard.RouteText - RouteText[id=fc47b1db-e7ae-450c-887b-29adc31df765] Adding new dynamic property: PropertyDescriptor[simple]
[pool-2870-thread-1] INFO org.apache.nifi.processors.standard.RouteText - RouteText[id=fc47b1db-e7ae-450c-887b-29adc31df765] Created FlowFile[1097,96217619520797.mockFlowFile,23B] from FlowFile[1096,96217619520797.mockFlowFile,23B]; routing to relationship simple
[pool-2870-thread-1] INFO org.apache.nifi.processors.standard.RouteText - RouteText[id=fc47b1db-e7ae-450c-887b-29adc31df765] Routing FlowFile[1096,96217619520797.mockFlowFile,23B] to original
[main] DEBUG org.apache.nifi.processors.standard.RouteText - RouteText[id=fc47b1db-e7ae-450c-887b-29adc31df765] Adding new dynamic property: PropertyDescriptor[simple]
[pool-2871-thread-1] INFO org.apache.nifi.processors.standard.RouteText - RouteText[id=fc47b1db-e7ae-450c-887b-29adc31df765] Created FlowFile[1099,96217619937221.mockFlowFile,23B] from FlowFile[1098,96217619937221.mockFlowFile,23B]; routing to relationship simple
[pool-2871-thread-1] INFO org.apache.nifi.processors.standard.RouteText - RouteText[id=fc47b1db-e7ae-450c-887b-29adc31df765] Routing FlowFile[1098,96217619937221.mockFlowFile,23B] to original
[main] DEBUG org.apache.nifi.processors.standard.RouteText - RouteText[id=fc47b1db-e7ae-450c-887b-29adc31df765] Adding new dynamic property: PropertyDescriptor[simple]
[pool-2872-thread-1] INFO org.apache.nifi.processors.standard.RouteText - RouteText[id=fc47b1db-e7ae-450c-887b-29adc31df765] Created FlowFile[1101,96217620392161.mockFlowFile,23B] from FlowFile[1100,96217620392161.mockFlowFile,23B]; routing to relationship simple
[pool-2872-thread-1] INFO org.apache.nifi.processors.standard.RouteText - RouteText[id=fc47b1db-e7ae-450c-887b-29adc31df765] Routing FlowFile[1100,96217620392161.mockFlowFile,23B] to original
[main] DEBUG org.apache.nifi.processors.standard.RouteText - RouteText[id=fc47b1db-e7ae-450c-887b-29adc31df765] Adding new dynamic property: PropertyDescriptor[simple]
[pool-2873-thread-1] INFO org.apache.nifi.processors.standard.RouteText - RouteText[id=fc47b1db-e7ae-450c-887b-29adc31df765] Created FlowFile[1103,96217620799837.mockFlowFile,23B] from FlowFile[1102,96217620799837.mockFlowFile,23B]; routing to relationship simple
[pool-2873-thread-1] INFO org.apache.nifi.processors.standard.RouteText - RouteText[id=fc47b1db-e7ae-450c-887b-29adc31df765] Routing FlowFile[1102,96217620799837.mockFlowFile,23B] to original
[main] DEBUG org.apache.nifi.processors.standard.RouteText - RouteText[id=fc47b1db-e7ae-450c-887b-29adc31df765] Adding new dynamic property: PropertyDescriptor[simple]
[pool-2874-thread-1] INFO org.apache.nifi.processors.standard.RouteText - RouteText[id=fc47b1db-e7ae-450c-887b-29adc31df765] Created FlowFile[1105,96217621214612.mockFlowFile,23B] from FlowFile[1104,96217621214612.mockFlowFile,23B]; routing to relationship simple
[pool-2874-thread-1] INFO org.apache.nifi.processors.standard.RouteText - RouteText[id=fc47b1db-e7ae-450c-887b-29adc31df765] Routing FlowFile[1104,96217621214612.mockFlowFile,23B] to original
[main] DEBUG org.apache.nifi.processors.standard.RouteText - RouteText[id=fc47b1db-e7ae-450c-887b-29adc31df765] Adding new dynamic property: PropertyDescriptor[simple]
[pool-2875-thread-1] INFO org.apache.nifi.processors.standard.RouteText - RouteText[id=fc47b1db-e7ae-450c-887b-29adc31df765] Created FlowFile[1107,96217621628625.mockFlowFile,23B] from FlowFile[1106,96217621628625.mockFlowFile,23B]; routing to relationship simple
[pool-2875-thread-1] INFO org.apache.nifi.processors.standard.RouteText - RouteText[id=fc47b1db-e7ae-450c-887b-29adc31df765] Routing FlowFile[1106,96217621628625.mockFlowFile,23B] to original
[main] DEBUG org.apache.nifi.processors.standard.RouteText - RouteText[id=fc47b1db-e7ae-450c-887b-29adc31df765] Adding new dynamic property: PropertyDescriptor[simple]
[pool-2876-thread-1] INFO org.apache.nifi.processors.standard.RouteText - RouteText[id=fc47b1db-e7ae-450c-887b-29adc31df765] Created FlowFile[1109,96217621991714.mockFlowFile,23B] from FlowFile[1108,96217621991714.mockFlowFile,23B]; routing to relationship simple
[pool-2876-thread-1] INFO org.apache.nifi.processors.standard.RouteText - RouteText[id=fc47b1db-e7ae-450c-887b-29adc31df765] Routing FlowFile[1108,96217621991714.mockFlowFile,23B] to original
[main] DEBUG org.apache.nifi.processors.standard.RouteText - RouteText[id=fc47b1db-e7ae-450c-887b-29adc31df765] Adding new dynamic property: PropertyDescriptor[simple]
[pool-2877-thread-1] INFO org.apache.nifi.processors.standard.RouteText - RouteText[id=fc47b1db-e7ae-450c-887b-29adc31df765] Created FlowFile[1111,96217622337264.mockFlowFile,23B] from FlowFile[1110,96217622337264.mockFlowFile,23B]; routing to relationship simple
[pool-2877-thread-1] INFO org.apache.nifi.processors.standard.RouteText - RouteText[id=fc47b1db-e7ae-450c-887b-29adc31df765] Routing FlowFile[1110,96217622337264.mockFlowFile,23B] to original
[main] DEBUG org.apache.nifi.processors.standard.RouteText - RouteText[id=fc47b1db-e7ae-450c-887b-29adc31df765] Adding new dynamic property: PropertyDescriptor[simple]
[pool-2878-thread-1] INFO org.apache.nifi.processors.standard.RouteText - RouteText[id=fc47b1db-e7ae-450c-887b-29adc31df765] Created FlowFile[1113,96217622682644.mockFlowFile,23B] from FlowFile[1112,96217622682644.mockFlowFile,23B]; routing to relationship simple
[pool-2878-thread-1] INFO org.apache.nifi.processors.standard.RouteText - RouteText[id=fc47b1db-e7ae-450c-887b-29adc31df765] Routing FlowFile[1112,96217622682644.mockFlowFile,23B] to original
[main] DEBUG org.apache.nifi.processors.standard.RouteText - RouteText[id=fc47b1db-e7ae-450c-887b-29adc31df765] Adding new dynamic property: PropertyDescriptor[simple]
[pool-2879-thread-1] INFO org.apache.nifi.processors.standard.RouteText - RouteText[id=fc47b1db-e7ae-450c-887b-29adc31df765] Created FlowFile[1115,96217623059020.mockFlowFile,23B] from FlowFile[1114,96217623059020.mockFlowFile,23B]; routing to relationship simple
[pool-2879-thread-1] INFO org.apache.nifi.processors.standard.RouteText - RouteText[id=fc47b1db-e7ae-450c-887b-29adc31df765] Routing FlowFile[1114,96217623059020.mockFlowFile,23B] to original
[main] DEBUG org.apache.nifi.processors.standard.RouteText - RouteText[id=fc47b1db-e7ae-450c-887b-29adc31df765] Adding new dynamic property: PropertyDescriptor[simple]
[pool-2880-thread-1] INFO org.apache.nifi.processors.standard.RouteText - RouteText[id=fc47b1db-e7ae-450c-887b-29adc31df765] Created FlowFile[1117,96217623665875.mockFlowFile,23B] from FlowFile[1116,96217623665875.mockFlowFile,23B]; routing to relationship simple
[pool-2880-thread-1] INFO org.apache.nifi.processors.standard.RouteText - RouteText[id=fc47b1db-e7ae-450c-887b-29adc31df765] Routing FlowFile[1116,96217623665875.mockFlowFile,23B] to original
[main] DEBUG org.apache.nifi.processors.standard.RouteText - RouteText[id=fc47b1db-e7ae-450c-887b-29adc31df765] Adding new dynamic property: PropertyDescriptor[simple]
[pool-2881-thread-1] INFO org.apache.nifi.processors.standard.RouteText - RouteText[id=fc47b1db-e7ae-450c-887b-29adc31df765] Created FlowFile[1119,96217624094353.mockFlowFile,23B] from FlowFile[1118,96217624094353.mockFlowFile,23B]; routing to relationship simple
[pool-2881-thread-1] INFO org.apache.nifi.processors.standard.RouteText - RouteText[id=fc47b1db-e7ae-450c-887b-29adc31df765] Routing FlowFile[1118,96217624094353.mockFlowFile,23B] to original
[main] DEBUG org.apache.nifi.processors.standard.RouteText - RouteText[id=fc47b1db-e7ae-450c-887b-29adc31df765] Adding new dynamic property: PropertyDescriptor[simple]
[pool-2882-thread-1] INFO org.apache.nifi.processors.standard.RouteText - RouteText[id=fc47b1db-e7ae-450c-887b-29adc31df765] Created FlowFile[1121,96217624512425.mockFlowFile,23B] from FlowFile[1120,96217624512425.mockFlowFile,23B]; routing to relationship simple
[pool-2882-thread-1] INFO org.apache.nifi.processors.standard.RouteText - RouteText[id=fc47b1db-e7ae-450c-887b-29adc31df765] Routing FlowFile[1120,96217624512425.mockFlowFile,23B] to original
[main] DEBUG org.apache.nifi.processors.standard.RouteText - RouteText[id=fc47b1db-e7ae-450c-887b-29adc31df765] Adding new dynamic property: PropertyDescriptor[simple]
[pool-2883-thread-1] INFO org.apache.nifi.processors.standard.RouteText - RouteText[id=fc47b1db-e7ae-450c-887b-29adc31df765] Created FlowFile[1123,96217624948200.mockFlowFile,23B] from FlowFile[1122,96217624948200.mockFlowFile,23B]; routing to relationship simple
[pool-2883-thread-1] INFO org.apache.nifi.processors.standard.RouteText - RouteText[id=fc47b1db-e7ae-450c-887b-29adc31df765] Routing FlowFile[1122,96217624948200.mockFlowFile,23B] to original
[main] DEBUG org.apache.nifi.processors.standard.RouteText - RouteText[id=fc47b1db-e7ae-450c-887b-29adc31df765] Adding new dynamic property: PropertyDescriptor[simple]
[pool-2884-thread-1] INFO org.apache.nifi.processors.standard.RouteText - RouteText[id=fc47b1db-e7ae-450c-887b-29adc31df765] Created FlowFile[1125,96217625429298.mockFlowFile,23B] from FlowFile[1124,96217625429298.mockFlowFile,23B]; routing to relationship simple
[pool-2884-thread-1] INFO org.apache.nifi.processors.standard.RouteText - RouteText[id=fc47b1db-e7ae-450c-887b-29adc31df765] Routing FlowFile[1124,96217625429298.mockFlowFile,23B] to original
[main] DEBUG org.apache.nifi.processors.standard.RouteText - RouteText[id=fc47b1db-e7ae-450c-887b-29adc31df765] Adding new dynamic property: PropertyDescriptor[simple]
[pool-2885-thread-1] INFO org.apache.nifi.processors.standard.RouteText - RouteText[id=fc47b1db-e7ae-450c-887b-29adc31df765] Created FlowFile[1127,96217625908588.mockFlowFile,23B] from FlowFile[1126,96217625908588.mockFlowFile,23B]; routing to relationship simple
[pool-2885-thread-1] INFO org.apache.nifi.processors.standard.RouteText - RouteText[id=fc47b1db-e7ae-450c-887b-29adc31df765] Routing FlowFile[1126,96217625908588.mockFlowFile,23B] to original
[main] DEBUG org.apache.nifi.processors.standard.RouteText - RouteText[id=fc47b1db-e7ae-450c-887b-29adc31df765] Adding new dynamic property: PropertyDescriptor[simple]
[pool-2886-thread-1] INFO org.apache.nifi.processors.standard.RouteText - RouteText[id=fc47b1db-e7ae-450c-887b-29adc31df765] Created FlowFile[1129,96217626283585.mockFlowFile,23B] from FlowFile[1128,96217626283585.mockFlowFile,23B]; routing to relationship simple
[pool-2886-thread-1] INFO org.apache.nifi.processors.standard.RouteText - RouteText[id=fc47b1db-e7ae-450c-887b-29adc31df765] Routing FlowFile[1128,96217626283585.mockFlowFile,23B] to original
[main] DEBUG org.apache.nifi.processors.standard.RouteText - RouteText[id=fc47b1db-e7ae-450c-887b-29adc31df765] Adding new dynamic property: PropertyDescriptor[simple]
[pool-2887-thread-1] INFO org.apache.nifi.processors.standard.RouteText - RouteText[id=fc47b1db-e7ae-450c-887b-29adc31df765] Created FlowFile[1131,96217626643626.mockFlowFile,23B] from FlowFile[1130,96217626643626.mockFlowFile,23B]; routing to relationship simple
[pool-2887-thread-1] INFO org.apache.nifi.processors.standard.RouteText - RouteText[id=fc47b1db-e7ae-450c-887b-29adc31df765] Routing FlowFile[1130,96217626643626.mockFlowFile,23B] to original
[main] DEBUG org.apache.nifi.processors.standard.RouteText - RouteText[id=fc47b1db-e7ae-450c-887b-29adc31df765] Adding new dynamic property: PropertyDescriptor[simple]
[pool-2888-thread-1] INFO org.apache.nifi.processors.standard.RouteText - RouteText[id=fc47b1db-e7ae-450c-887b-29adc31df765] Created FlowFile[1133,96217626995651.mockFlowFile,23B] from FlowFile[1132,96217626995651.mockFlowFile,23B]; routing to relationship simple
[pool-2888-thread-1] INFO org.apache.nifi.processors.standard.RouteText - RouteText[id=fc47b1db-e7ae-450c-887b-29adc31df765] Routing FlowFile[1132,96217626995651.mockFlowFile,23B] to original
[main] DEBUG org.apache.nifi.processors.standard.RouteText - RouteText[id=fc47b1db-e7ae-450c-887b-29adc31df765] Adding new dynamic property: PropertyDescriptor[simple]
[pool-2889-thread-1] INFO org.apache.nifi.processors.standard.RouteText - RouteText[id=fc47b1db-e7ae-450c-887b-29adc31df765] Created FlowFile[1135,96217627502083.mockFlowFile,23B] from FlowFile[1134,96217627502083.mockFlowFile,23B]; routing to relationship simple
[pool-2889-thread-1] INFO org.apache.nifi.processors.standard.RouteText - RouteText[id=fc47b1db-e7ae-450c-887b-29adc31df765] Routing FlowFile[1134,96217627502083.mockFlowFile,23B] to original
[main] DEBUG org.apache.nifi.processors.standard.RouteText - RouteText[id=fc47b1db-e7ae-450c-887b-29adc31df765] Adding new dynamic property: PropertyDescriptor[simple]
[pool-2890-thread-1] INFO org.apache.nifi.processors.standard.RouteText - RouteText[id=fc47b1db-e7ae-450c-887b-29adc31df765] Created FlowFile[1137,96217627933791.mockFlowFile,23B] from FlowFile[1136,96217627933791.mockFlowFile,23B]; routing to relationship simple
[pool-2890-thread-1] INFO org.apache.nifi.processors.standard.RouteText - RouteText[id=fc47b1db-e7ae-450c-887b-29adc31df765] Routing FlowFile[1136,96217627933791.mockFlowFile,23B] to original
[main] DEBUG org.apache.nifi.processors.standard.RouteText - RouteText[id=fc47b1db-e7ae-450c-887b-29adc31df765] Adding new dynamic property: PropertyDescriptor[simple]
[pool-2891-thread-1] INFO org.apache.nifi.processors.standard.RouteText - RouteText[id=fc47b1db-e7ae-450c-887b-29adc31df765] Created FlowFile[1139,96217628450120.mockFlowFile,23B] from FlowFile[1138,96217628450120.mockFlowFile,23B]; routing to relationship simple
[pool-2891-thread-1] INFO org.apache.nifi.processors.standard.RouteText - RouteText[id=fc47b1db-e7ae-450c-887b-29adc31df765] Routing FlowFile[1138,96217628450120.mockFlowFile,23B] to original
[main] DEBUG org.apache.nifi.processors.standard.RouteText - RouteText[id=fc47b1db-e7ae-450c-887b-29adc31df765] Adding new dynamic property: PropertyDescriptor[simple]
[pool-2892-thread-1] INFO org.apache.nifi.processors.standard.RouteText - RouteText[id=fc47b1db-e7ae-450c-887b-29adc31df765] Created FlowFile[1141,96217628932612.mockFlowFile,23B] from FlowFile[1140,96217628932612.mockFlowFile,23B]; routing to relationship simple
[pool-2892-thread-1] INFO org.apache.nifi.processors.standard.RouteText - RouteText[id=fc47b1db-e7ae-450c-887b-29adc31df765] Routing FlowFile[1140,96217628932612.mockFlowFile,23B] to original
[main] DEBUG org.apache.nifi.processors.standard.RouteText - RouteText[id=fc47b1db-e7ae-450c-887b-29adc31df765] Adding new dynamic property: PropertyDescriptor[simple]
[pool-2893-thread-1] INFO org.apache.nifi.processors.standard.RouteText - RouteText[id=fc47b1db-e7ae-450c-887b-29adc31df765] Created FlowFile[1143,96217629384740.mockFlowFile,23B] from FlowFile[1142,96217629384740.mockFlowFile,23B]; routing to relationship simple
[pool-2893-thread-1] INFO org.apache.nifi.processors.standard.RouteText - RouteText[id=fc47b1db-e7ae-450c-887b-29adc31df765] Routing FlowFile[1142,96217629384740.mockFlowFile,23B] to original
[main] DEBUG org.apache.nifi.processors.standard.RouteText - RouteText[id=fc47b1db-e7ae-450c-887b-29adc31df765] Adding new dynamic property: PropertyDescriptor[simple]
[pool-2894-thread-1] INFO org.apache.nifi.processors.standard.RouteText - RouteText[id=fc47b1db-e7ae-450c-887b-29adc31df765] Created FlowFile[1145,96217629741854.mockFlowFile,23B] from FlowFile[1144,96217629741854.mockFlowFile,23B]; routing to relationship simple
[pool-2894-thread-1] INFO org.apache.nifi.processors.standard.RouteText - RouteText[id=fc47b1db-e7ae-450c-887b-29adc31df765] Routing FlowFile[1144,96217629741854.mockFlowFile,23B] to original
[main] DEBUG org.apache.nifi.processors.standard.RouteText - RouteText[id=fc47b1db-e7ae-450c-887b-29adc31df765] Adding new dynamic property: PropertyDescriptor[simple]
[pool-2895-thread-1] INFO org.apache.nifi.processors.standard.RouteText - RouteText[id=fc47b1db-e7ae-450c-887b-29adc31df765] Created FlowFile[1147,96217630108078.mockFlowFile,23B] from FlowFile[1146,96217630108078.mockFlowFile,23B]; routing to relationship simple
[pool-2895-thread-1] INFO org.apache.nifi.processors.standard.RouteText - RouteText[id=fc47b1db-e7ae-450c-887b-29adc31df765] Routing FlowFile[1146,96217630108078.mockFlowFile,23B] to original
[main] DEBUG org.apache.nifi.processors.standard.RouteText - RouteText[id=fc47b1db-e7ae-450c-887b-29adc31df765] Adding new dynamic property: PropertyDescriptor[simple]
[pool-2896-thread-1] INFO org.apache.nifi.processors.standard.RouteText - RouteText[id=fc47b1db-e7ae-450c-887b-29adc31df765] Created FlowFile[1149,96217630440238.mockFlowFile,23B] from FlowFile[1148,96217630440238.mockFlowFile,23B]; routing to relationship simple
[pool-2896-thread-1] INFO org.apache.nifi.processors.standard.RouteText - RouteText[id=fc47b1db-e7ae-450c-887b-29adc31df765] Routing FlowFile[1148,96217630440238.mockFlowFile,23B] to original
[main] DEBUG org.apache.nifi.processors.standard.RouteText - RouteText[id=fc47b1db-e7ae-450c-887b-29adc31df765] Adding new dynamic property: PropertyDescriptor[simple]
[pool-2897-thread-1] INFO org.apache.nifi.processors.standard.RouteText - RouteText[id=fc47b1db-e7ae-450c-887b-29adc31df765] Created FlowFile[1151,96217630764289.mockFlowFile,23B] from FlowFile[1150,96217630764289.mockFlowFile,23B]; routing to relationship simple
[pool-2897-thread-1] INFO org.apache.nifi.processors.standard.RouteText - RouteText[id=fc47b1db-e7ae-450c-887b-29adc31df765] Routing FlowFile[1150,96217630764289.mockFlowFile,23B] to original
[main] DEBUG org.apache.nifi.processors.standard.RouteText - RouteText[id=fc47b1db-e7ae-450c-887b-29adc31df765] Adding new dynamic property: PropertyDescriptor[simple]
[pool-2898-thread-1] INFO org.apache.nifi.processors.standard.RouteText - RouteText[id=fc47b1db-e7ae-450c-887b-29adc31df765] Created FlowFile[1153,96217631110748.mockFlowFile,23B] from FlowFile[1152,96217631110748.mockFlowFile,23B]; routing to relationship simple
[pool-2898-thread-1] INFO org.apache.nifi.processors.standard.RouteText - RouteText[id=fc47b1db-e7ae-450c-887b-29adc31df765] Routing FlowFile[1152,96217631110748.mockFlowFile,23B] to original
[main] DEBUG org.apache.nifi.processors.standard.RouteText - RouteText[id=fc47b1db-e7ae-450c-887b-29adc31df765] Adding new dynamic property: PropertyDescriptor[simple]
[pool-2899-thread-1] INFO org.apache.nifi.processors.standard.RouteText - RouteText[id=fc47b1db-e7ae-450c-887b-29adc31df765] Created FlowFile[1155,96217631739300.mockFlowFile,23B] from FlowFile[1154,96217631739300.mockFlowFile,23B]; routing to relationship simple
[pool-2899-thread-1] INFO org.apache.nifi.processors.standard.RouteText - RouteText[id=fc47b1db-e7ae-450c-887b-29adc31df765] Routing FlowFile[1154,96217631739300.mockFlowFile,23B] to original
[main] DEBUG org.apache.nifi.processors.standard.RouteText - RouteText[id=fc47b1db-e7ae-450c-887b-29adc31df765] Adding new dynamic property: PropertyDescriptor[simple]
[pool-2900-thread-1] INFO org.apache.nifi.processors.standard.RouteText - RouteText[id=fc47b1db-e7ae-450c-887b-29adc31df765] Created FlowFile[1157,96217632217106.mockFlowFile,23B] from FlowFile[1156,96217632217106.mockFlowFile,23B]; routing to relationship simple
[pool-2900-thread-1] INFO org.apache.nifi.processors.standard.RouteText - RouteText[id=fc47b1db-e7ae-450c-887b-29adc31df765] Routing FlowFile[1156,96217632217106.mockFlowFile,23B] to original
[main] DEBUG org.apache.nifi.processors.standard.RouteText - RouteText[id=fc47b1db-e7ae-450c-887b-29adc31df765] Adding new dynamic property: PropertyDescriptor[simple]
[pool-2901-thread-1] INFO org.apache.nifi.processors.standard.RouteText - RouteText[id=fc47b1db-e7ae-450c-887b-29adc31df765] Created FlowFile[1159,96217632657040.mockFlowFile,23B] from FlowFile[1158,96217632657040.mockFlowFile,23B]; routing to relationship simple
[pool-2901-thread-1] INFO org.apache.nifi.processors.standard.RouteText - RouteText[id=fc47b1db-e7ae-450c-887b-29adc31df765] Routing FlowFile[1158,96217632657040.mockFlowFile,23B] to original
[main] DEBUG org.apache.nifi.processors.standard.RouteText - RouteText[id=fc47b1db-e7ae-450c-887b-29adc31df765] Adding new dynamic property: PropertyDescriptor[simple]
[pool-2902-thread-1] INFO org.apache.nifi.processors.standard.RouteText - RouteText[id=fc47b1db-e7ae-450c-887b-29adc31df765] Created FlowFile[1161,96217633111625.mockFlowFile,23B] from FlowFile[1160,96217633111625.mockFlowFile,23B]; routing to relationship simple
[pool-2902-thread-1] INFO org.apache.nifi.processors.standard.RouteText - RouteText[id=fc47b1db-e7ae-450c-887b-29adc31df765] Routing FlowFile[1160,96217633111625.mockFlowFile,23B] to original
[main] DEBUG org.apache.nifi.processors.standard.RouteText - RouteText[id=fc47b1db-e7ae-450c-887b-29adc31df765] Adding new dynamic property: PropertyDescriptor[simple]
[pool-2903-thread-1] INFO org.apache.nifi.processors.standard.RouteText - RouteText[id=fc47b1db-e7ae-450c-887b-29adc31df765] Created FlowFile[1163,96217633566029.mockFlowFile,23B] from FlowFile[1162,96217633566029.mockFlowFile,23B]; routing to relationship simple
[pool-2903-thread-1] INFO org.apache.nifi.processors.standard.RouteText - RouteText[id=fc47b1db-e7ae-450c-887b-29adc31df765] Routing FlowFile[1162,96217633566029.mockFlowFile,23B] to original
[main] DEBUG org.apache.nifi.processors.standard.RouteText - RouteText[id=fc47b1db-e7ae-450c-887b-29adc31df765] Adding new dynamic property: PropertyDescriptor[simple]
[pool-2904-thread-1] INFO org.apache.nifi.processors.standard.RouteText - RouteText[id=fc47b1db-e7ae-450c-887b-29adc31df765] Created FlowFile[1165,96217633961904.mockFlowFile,23B] from FlowFile[1164,96217633961904.mockFlowFile,23B]; routing to relationship simple
[pool-2904-thread-1] INFO org.apache.nifi.processors.standard.RouteText - RouteText[id=fc47b1db-e7ae-450c-887b-29adc31df765] Routing FlowFile[1164,96217633961904.mockFlowFile,23B] to original
[main] DEBUG org.apache.nifi.processors.standard.RouteText - RouteText[id=fc47b1db-e7ae-450c-887b-29adc31df765] Adding new dynamic property: PropertyDescriptor[simple]
[pool-2905-thread-1] INFO org.apache.nifi.processors.standard.RouteText - RouteText[id=fc47b1db-e7ae-450c-887b-29adc31df765] Created FlowFile[1167,96217634352224.mockFlowFile,23B] from FlowFile[1166,96217634352224.mockFlowFile,23B]; routing to relationship simple
[pool-2905-thread-1] INFO org.apache.nifi.processors.standard.RouteText - RouteText[id=fc47b1db-e7ae-450c-887b-29adc31df765] Routing FlowFile[1166,96217634352224.mockFlowFile,23B] to original
[main] DEBUG org.apache.nifi.processors.standard.RouteText - RouteText[id=fc47b1db-e7ae-450c-887b-29adc31df765] Adding new dynamic property: PropertyDescriptor[simple]
[pool-2906-thread-1] INFO org.apache.nifi.processors.standard.RouteText - RouteText[id=fc47b1db-e7ae-450c-887b-29adc31df765] Created FlowFile[1169,96217634747762.mockFlowFile,23B] from FlowFile[1168,96217634747762.mockFlowFile,23B]; routing to relationship simple
[pool-2906-thread-1] INFO org.apache.nifi.processors.standard.RouteText - RouteText[id=fc47b1db-e7ae-450c-887b-29adc31df765] Routing FlowFile[1168,96217634747762.mockFlowFile,23B] to original
[main] DEBUG org.apache.nifi.processors.standard.RouteText - RouteText[id=fc47b1db-e7ae-450c-887b-29adc31df765] Adding new dynamic property: PropertyDescriptor[simple]
[pool-2907-thread-1] INFO org.apache.nifi.processors.standard.RouteText - RouteText[id=fc47b1db-e7ae-450c-887b-29adc31df765] Created FlowFile[1171,96217635127911.mockFlowFile,23B] from FlowFile[1170,96217635127911.mockFlowFile,23B]; routing to relationship simple
[pool-2907-thread-1] INFO org.apache.nifi.processors.standard.RouteText - RouteText[id=fc47b1db-e7ae-450c-887b-29adc31df765] Routing FlowFile[1170,96217635127911.mockFlowFile,23B] to original
[main] DEBUG org.apache.nifi.processors.standard.RouteText - RouteText[id=fc47b1db-e7ae-450c-887b-29adc31df765] Adding new dynamic property: PropertyDescriptor[simple]
[pool-2908-thread-1] INFO org.apache.nifi.processors.standard.RouteText - RouteText[id=fc47b1db-e7ae-450c-887b-29adc31df765] Created FlowFile[1173,96217635517524.mockFlowFile,23B] from FlowFile[1172,96217635517524.mockFlowFile,23B]; routing to relationship simple
[pool-2908-thread-1] INFO org.apache.nifi.processors.standard.RouteText - RouteText[id=fc47b1db-e7ae-450c-887b-29adc31df765] Routing FlowFile[1172,96217635517524.mockFlowFile,23B] to original
[main] DEBUG org.apache.nifi.processors.standard.RouteText - RouteText[id=fc47b1db-e7ae-450c-887b-29adc31df765] Adding new dynamic property: PropertyDescriptor[simple]
[pool-2909-thread-1] INFO org.apache.nifi.processors.standard.RouteText - RouteText[id=fc47b1db-e7ae-450c-887b-29adc31df765] Created FlowFile[1175,96217635998056.mockFlowFile,23B] from FlowFile[1174,96217635998056.mockFlowFile,23B]; routing to relationship simple
[pool-2909-thread-1] INFO org.apache.nifi.processors.standard.RouteText - RouteText[id=fc47b1db-e7ae-450c-887b-29adc31df765] Routing FlowFile[1174,96217635998056.mockFlowFile,23B] to original
[main] DEBUG org.apache.nifi.processors.standard.RouteText - RouteText[id=fc47b1db-e7ae-450c-887b-29adc31df765] Adding new dynamic property: PropertyDescriptor[simple]
[pool-2910-thread-1] INFO org.apache.nifi.processors.standard.RouteText - RouteText[id=fc47b1db-e7ae-450c-887b-29adc31df765] Created FlowFile[1177,96217636418884.mockFlowFile,23B] from FlowFile[1176,96217636418884.mockFlowFile,23B]; routing to relationship simple
[pool-2910-thread-1] INFO org.apache.nifi.processors.standard.RouteText - RouteText[id=fc47b1db-e7ae-450c-887b-29adc31df765] Routing FlowFile[1176,96217636418884.mockFlowFile,23B] to original
[main] DEBUG org.apache.nifi.processors.standard.RouteText - RouteText[id=fc47b1db-e7ae-450c-887b-29adc31df765] Adding new dynamic property: PropertyDescriptor[simple]
[pool-2911-thread-1] INFO org.apache.nifi.processors.standard.RouteText - RouteText[id=fc47b1db-e7ae-450c-887b-29adc31df765] Created FlowFile[1179,96217636858487.mockFlowFile,23B] from FlowFile[1178,96217636858487.mockFlowFile,23B]; routing to relationship simple
[pool-2911-thread-1] INFO org.apache.nifi.processors.standard.RouteText - RouteText[id=fc47b1db-e7ae-450c-887b-29adc31df765] Routing FlowFile[1178,96217636858487.mockFlowFile,23B] to original
[main] DEBUG org.apache.nifi.processors.standard.RouteText - RouteText[id=fc47b1db-e7ae-450c-887b-29adc31df765] Adding new dynamic property: PropertyDescriptor[simple]
[pool-2912-thread-1] INFO org.apache.nifi.processors.standard.RouteText - RouteText[id=fc47b1db-e7ae-450c-887b-29adc31df765] Created FlowFile[1181,96217637320830.mockFlowFile,23B] from FlowFile[1180,96217637320830.mockFlowFile,23B]; routing to relationship simple
[pool-2912-thread-1] INFO org.apache.nifi.processors.standard.RouteText - RouteText[id=fc47b1db-e7ae-450c-887b-29adc31df765] Routing FlowFile[1180,96217637320830.mockFlowFile,23B] to original
[main] DEBUG org.apache.nifi.processors.standard.RouteText - RouteText[id=fc47b1db-e7ae-450c-887b-29adc31df765] Adding new dynamic property: PropertyDescriptor[simple]
[pool-2913-thread-1] INFO org.apache.nifi.processors.standard.RouteText - RouteText[id=fc47b1db-e7ae-450c-887b-29adc31df765] Created FlowFile[1183,96217637826804.mockFlowFile,23B] from FlowFile[1182,96217637826804.mockFlowFile,23B]; routing to relationship simple
[pool-2913-thread-1] INFO org.apache.nifi.processors.standard.RouteText - RouteText[id=fc47b1db-e7ae-450c-887b-29adc31df765] Routing FlowFile[1182,96217637826804.mockFlowFile,23B] to original
[main] DEBUG org.apache.nifi.processors.standard.RouteText - RouteText[id=fc47b1db-e7ae-450c-887b-29adc31df765] Adding new dynamic property: PropertyDescriptor[simple]
[pool-2914-thread-1] INFO org.apache.nifi.processors.standard.RouteText - RouteText[id=fc47b1db-e7ae-450c-887b-29adc31df765] Created FlowFile[1185,96217638335932.mockFlowFile,23B] from FlowFile[1184,96217638335932.mockFlowFile,23B]; routing to relationship simple
[pool-2914-thread-1] INFO org.apache.nifi.processors.standard.RouteText - RouteText[id=fc47b1db-e7ae-450c-887b-29adc31df765] Routing FlowFile[1184,96217638335932.mockFlowFile,23B] to original
[main] DEBUG org.apache.nifi.processors.standard.RouteText - RouteText[id=fc47b1db-e7ae-450c-887b-29adc31df765] Adding new dynamic property: PropertyDescriptor[simple]
[pool-2915-thread-1] INFO org.apache.nifi.processors.standard.RouteText - RouteText[id=fc47b1db-e7ae-450c-887b-29adc31df765] Created FlowFile[1187,96217638808042.mockFlowFile,23B] from FlowFile[1186,96217638808042.mockFlowFile,23B]; routing to relationship simple
[pool-2915-thread-1] INFO org.apache.nifi.processors.standard.RouteText - RouteText[id=fc47b1db-e7ae-450c-887b-29adc31df765] Routing FlowFile[1186,96217638808042.mockFlowFile,23B] to original
[main] DEBUG org.apache.nifi.processors.standard.RouteText - RouteText[id=fc47b1db-e7ae-450c-887b-29adc31df765] Adding new dynamic property: PropertyDescriptor[simple]
[pool-2916-thread-1] INFO org.apache.nifi.processors.standard.RouteText - RouteText[id=fc47b1db-e7ae-450c-887b-29adc31df765] Created FlowFile[1189,96217639237104.mockFlowFile,23B] from FlowFile[1188,96217639237104.mockFlowFile,23B]; routing to relationship simple
[pool-2916-thread-1] INFO org.apache.nifi.processors.standard.RouteText - RouteText[id=fc47b1db-e7ae-450c-887b-29adc31df765] Routing FlowFile[1188,96217639237104.mockFlowFile,23B] to original
[main] DEBUG org.apache.nifi.processors.standard.RouteText - RouteText[id=fc47b1db-e7ae-450c-887b-29adc31df765] Adding new dynamic property: PropertyDescriptor[simple]
[pool-2917-thread-1] INFO org.apache.nifi.processors.standard.RouteText - RouteText[id=fc47b1db-e7ae-450c-887b-29adc31df765] Created FlowFile[1191,96217639702564.mockFlowFile,23B] from FlowFile[1190,96217639702564.mockFlowFile,23B]; routing to relationship simple
[pool-2917-thread-1] INFO org.apache.nifi.processors.standard.RouteText - RouteText[id=fc47b1db-e7ae-450c-887b-29adc31df765] Routing FlowFile[1190,96217639702564.mockFlowFile,23B] to original
[main] DEBUG org.apache.nifi.processors.standard.RouteText - RouteText[id=fc47b1db-e7ae-450c-887b-29adc31df765] Adding new dynamic property: PropertyDescriptor[simple]
[pool-2918-thread-1] INFO org.apache.nifi.processors.standard.RouteText - RouteText[id=fc47b1db-e7ae-450c-887b-29adc31df765] Created FlowFile[1193,96217640294416.mockFlowFile,23B] from FlowFile[1192,96217640294416.mockFlowFile,23B]; routing to relationship simple
[pool-2918-thread-1] INFO org.apache.nifi.processors.standard.RouteText - RouteText[id=fc47b1db-e7ae-450c-887b-29adc31df765] Routing FlowFile[1192,96217640294416.mockFlowFile,23B] to original
[main] DEBUG org.apache.nifi.processors.standard.RouteText - RouteText[id=fc47b1db-e7ae-450c-887b-29adc31df765] Adding new dynamic property: PropertyDescriptor[simple]
[pool-2919-thread-1] INFO org.apache.nifi.processors.standard.RouteText - RouteText[id=fc47b1db-e7ae-450c-887b-29adc31df765] Created FlowFile[1195,96217640800416.mockFlowFile,23B] from FlowFile[1194,96217640800416.mockFlowFile,23B]; routing to relationship simple
[pool-2919-thread-1] INFO org.apache.nifi.processors.standard.RouteText - RouteText[id=fc47b1db-e7ae-450c-887b-29adc31df765] Routing FlowFile[1194,96217640800416.mockFlowFile,23B] to original
[main] DEBUG org.apache.nifi.processors.standard.RouteText - RouteText[id=fc47b1db-e7ae-450c-887b-29adc31df765] Adding new dynamic property: PropertyDescriptor[simple]
[pool-2920-thread-1] INFO org.apache.nifi.processors.standard.RouteText - RouteText[id=fc47b1db-e7ae-450c-887b-29adc31df765] Created FlowFile[1197,96217641262759.mockFlowFile,23B] from FlowFile[1196,96217641262759.mockFlowFile,23B]; routing to relationship simple
[pool-2920-thread-1] INFO org.apache.nifi.processors.standard.RouteText - RouteText[id=fc47b1db-e7ae-450c-887b-29adc31df765] Routing FlowFile[1196,96217641262759.mockFlowFile,23B] to original
[main] DEBUG org.apache.nifi.processors.standard.RouteText - RouteText[id=fc47b1db-e7ae-450c-887b-29adc31df765] Adding new dynamic property: PropertyDescriptor[simple]
[pool-2921-thread-1] INFO org.apache.nifi.processors.standard.RouteText - RouteText[id=fc47b1db-e7ae-450c-887b-29adc31df765] Created FlowFile[1199,96217641682392.mockFlowFile,23B] from FlowFile[1198,96217641682392.mockFlowFile,23B]; routing to relationship simple
[pool-2921-thread-1] INFO org.apache.nifi.processors.standard.RouteText - RouteText[id=fc47b1db-e7ae-450c-887b-29adc31df765] Routing FlowFile[1198,96217641682392.mockFlowFile,23B] to original
[main] DEBUG org.apache.nifi.processors.standard.RouteText - RouteText[id=fc47b1db-e7ae-450c-887b-29adc31df765] Adding new dynamic property: PropertyDescriptor[simple]
[pool-2922-thread-1] INFO org.apache.nifi.processors.standard.RouteText - RouteText[id=fc47b1db-e7ae-450c-887b-29adc31df765] Created FlowFile[1201,96217642060817.mockFlowFile,23B] from FlowFile[1200,96217642060817.mockFlowFile,23B]; routing to relationship simple
[pool-2922-thread-1] INFO org.apache.nifi.processors.standard.RouteText - RouteText[id=fc47b1db-e7ae-450c-887b-29adc31df765] Routing FlowFile[1200,96217642060817.mockFlowFile,23B] to original
[main] DEBUG org.apache.nifi.processors.standard.RouteText - RouteText[id=fc47b1db-e7ae-450c-887b-29adc31df765] Adding new dynamic property: PropertyDescriptor[simple]
[pool-2923-thread-1] INFO org.apache.nifi.processors.standard.RouteText - RouteText[id=fc47b1db-e7ae-450c-887b-29adc31df765] Created FlowFile[1203,96217642420046.mockFlowFile,23B] from FlowFile[1202,96217642420046.mockFlowFile,23B]; routing to relationship simple
[pool-2923-thread-1] INFO org.apache.nifi.processors.standard.RouteText - RouteText[id=fc47b1db-e7ae-450c-887b-29adc31df765] Routing FlowFile[1202,96217642420046.mockFlowFile,23B] to original
[main] DEBUG org.apache.nifi.processors.standard.RouteText - RouteText[id=fc47b1db-e7ae-450c-887b-29adc31df765] Adding new dynamic property: PropertyDescriptor[simple]
[pool-2924-thread-1] INFO org.apache.nifi.processors.standard.RouteText - RouteText[id=fc47b1db-e7ae-450c-887b-29adc31df765] Created FlowFile[1205,96217642768245.mockFlowFile,23B] from FlowFile[1204,96217642768245.mockFlowFile,23B]; routing to relationship simple
[pool-2924-thread-1] INFO org.apache.nifi.processors.standard.RouteText - RouteText[id=fc47b1db-e7ae-450c-887b-29adc31df765] Routing FlowFile[1204,96217642768245.mockFlowFile,23B] to original
[main] DEBUG org.apache.nifi.processors.standard.RouteText - RouteText[id=fc47b1db-e7ae-450c-887b-29adc31df765] Adding new dynamic property: PropertyDescriptor[simple]
[pool-2925-thread-1] INFO org.apache.nifi.processors.standard.RouteText - RouteText[id=fc47b1db-e7ae-450c-887b-29adc31df765] Created FlowFile[1207,96217643148975.mockFlowFile,23B] from FlowFile[1206,96217643148975.mockFlowFile,23B]; routing to relationship simple
[pool-2925-thread-1] INFO org.apache.nifi.processors.standard.RouteText - RouteText[id=fc47b1db-e7ae-450c-887b-29adc31df765] Routing FlowFile[1206,96217643148975.mockFlowFile,23B] to original
[main] DEBUG org.apache.nifi.processors.standard.RouteText - RouteText[id=fc47b1db-e7ae-450c-887b-29adc31df765] Adding new dynamic property: PropertyDescriptor[simple]
[pool-2926-thread-1] INFO org.apache.nifi.processors.standard.RouteText - RouteText[id=fc47b1db-e7ae-450c-887b-29adc31df765] Created FlowFile[1209,96217643633077.mockFlowFile,23B] from FlowFile[1208,96217643633077.mockFlowFile,23B]; routing to relationship simple
[pool-2926-thread-1] INFO org.apache.nifi.processors.standard.RouteText - RouteText[id=fc47b1db-e7ae-450c-887b-29adc31df765] Routing FlowFile[1208,96217643633077.mockFlowFile,23B] to original
[main] DEBUG org.apache.nifi.processors.standard.RouteText - RouteText[id=fc47b1db-e7ae-450c-887b-29adc31df765] Adding new dynamic property: PropertyDescriptor[simple]
[pool-2927-thread-1] INFO org.apache.nifi.processors.standard.RouteText - RouteText[id=fc47b1db-e7ae-450c-887b-29adc31df765] Created FlowFile[1211,96217644016251.mockFlowFile,23B] from FlowFile[1210,96217644016251.mockFlowFile,23B]; routing to relationship simple
[pool-2927-thread-1] INFO org.apache.nifi.processors.standard.RouteText - RouteText[id=fc47b1db-e7ae-450c-887b-29adc31df765] Routing FlowFile[1210,96217644016251.mockFlowFile,23B] to original
[main] DEBUG org.apache.nifi.processors.standard.RouteText - RouteText[id=fc47b1db-e7ae-450c-887b-29adc31df765] Adding new dynamic property: PropertyDescriptor[simple]
[pool-2928-thread-1] INFO org.apache.nifi.processors.standard.RouteText - RouteText[id=fc47b1db-e7ae-450c-887b-29adc31df765] Created FlowFile[1213,96217644508310.mockFlowFile,23B] from FlowFile[1212,96217644508310.mockFlowFile,23B]; routing to relationship simple
[pool-2928-thread-1] INFO org.apache.nifi.processors.standard.RouteText - RouteText[id=fc47b1db-e7ae-450c-887b-29adc31df765] Routing FlowFile[1212,96217644508310.mockFlowFile,23B] to original
[main] DEBUG org.apache.nifi.processors.standard.RouteText - RouteText[id=fc47b1db-e7ae-450c-887b-29adc31df765] Adding new dynamic property: PropertyDescriptor[simple]
[pool-2929-thread-1] INFO org.apache.nifi.processors.standard.RouteText - RouteText[id=fc47b1db-e7ae-450c-887b-29adc31df765] Created FlowFile[1215,96217644894700.mockFlowFile,23B] from FlowFile[1214,96217644894700.mockFlowFile,23B]; routing to relationship simple
[pool-2929-thread-1] INFO org.apache.nifi.processors.standard.RouteText - RouteText[id=fc47b1db-e7ae-450c-887b-29adc31df765] Routing FlowFile[1214,96217644894700.mockFlowFile,23B] to original
[main] DEBUG org.apache.nifi.processors.standard.RouteText - RouteText[id=fc47b1db-e7ae-450c-887b-29adc31df765] Adding new dynamic property: PropertyDescriptor[simple]
[pool-2930-thread-1] INFO org.apache.nifi.processors.standard.RouteText - RouteText[id=fc47b1db-e7ae-450c-887b-29adc31df765] Created FlowFile[1217,96217645236250.mockFlowFile,23B] from FlowFile[1216,96217645236250.mockFlowFile,23B]; routing to relationship simple
[pool-2930-thread-1] INFO org.apache.nifi.processors.standard.RouteText - RouteText[id=fc47b1db-e7ae-450c-887b-29adc31df765] Routing FlowFile[1216,96217645236250.mockFlowFile,23B] to original
[main] DEBUG org.apache.nifi.processors.standard.RouteText - RouteText[id=fc47b1db-e7ae-450c-887b-29adc31df765] Adding new dynamic property: PropertyDescriptor[simple]
[pool-2931-thread-1] INFO org.apache.nifi.processors.standard.RouteText - RouteText[id=fc47b1db-e7ae-450c-887b-29adc31df765] Created FlowFile[1219,96217645575498.mockFlowFile,23B] from FlowFile[1218,96217645575498.mockFlowFile,23B]; routing to relationship simple
[pool-2931-thread-1] INFO org.apache.nifi.processors.standard.RouteText - RouteText[id=fc47b1db-e7ae-450c-887b-29adc31df765] Routing FlowFile[1218,96217645575498.mockFlowFile,23B] to original
[main] DEBUG org.apache.nifi.processors.standard.RouteText - RouteText[id=fc47b1db-e7ae-450c-887b-29adc31df765] Adding new dynamic property: PropertyDescriptor[simple]
[pool-2932-thread-1] INFO org.apache.nifi.processors.standard.RouteText - RouteText[id=fc47b1db-e7ae-450c-887b-29adc31df765] Created FlowFile[1221,96217645897959.mockFlowFile,23B] from FlowFile[1220,96217645897959.mockFlowFile,23B]; routing to relationship simple
[pool-2932-thread-1] INFO org.apache.nifi.processors.standard.RouteText - RouteText[id=fc47b1db-e7ae-450c-887b-29adc31df765] Routing FlowFile[1220,96217645897959.mockFlowFile,23B] to original
[main] DEBUG org.apache.nifi.processors.standard.RouteText - RouteText[id=fc47b1db-e7ae-450c-887b-29adc31df765] Adding new dynamic property: PropertyDescriptor[simple]
[pool-2933-thread-1] INFO org.apache.nifi.processors.standard.RouteText - RouteText[id=fc47b1db-e7ae-450c-887b-29adc31df765] Created FlowFile[1223,96217646348577.mockFlowFile,23B] from FlowFile[1222,96217646348577.mockFlowFile,23B]; routing to relationship simple
[pool-2933-thread-1] INFO org.apache.nifi.processors.standard.RouteText - RouteText[id=fc47b1db-e7ae-450c-887b-29adc31df765] Routing FlowFile[1222,96217646348577.mockFlowFile,23B] to original
[main] DEBUG org.apache.nifi.processors.standard.RouteText - RouteText[id=fc47b1db-e7ae-450c-887b-29adc31df765] Adding new dynamic property: PropertyDescriptor[simple]
[pool-2934-thread-1] INFO org.apache.nifi.processors.standard.RouteText - RouteText[id=fc47b1db-e7ae-450c-887b-29adc31df765] Created FlowFile[1225,96217646689823.mockFlowFile,23B] from FlowFile[1224,96217646689823.mockFlowFile,23B]; routing to relationship simple
[pool-2934-thread-1] INFO org.apache.nifi.processors.standard.RouteText - RouteText[id=fc47b1db-e7ae-450c-887b-29adc31df765] Routing FlowFile[1224,96217646689823.mockFlowFile,23B] to original
[main] DEBUG org.apache.nifi.processors.standard.RouteText - RouteText[id=fc47b1db-e7ae-450c-887b-29adc31df765] Adding new dynamic property: PropertyDescriptor[simple]
[pool-2935-thread-1] INFO org.apache.nifi.processors.standard.RouteText - RouteText[id=fc47b1db-e7ae-450c-887b-29adc31df765] Created FlowFile[1227,96217647082575.mockFlowFile,23B] from FlowFile[1226,96217647082575.mockFlowFile,23B]; routing to relationship simple
[pool-2935-thread-1] INFO org.apache.nifi.processors.standard.RouteText - RouteText[id=fc47b1db-e7ae-450c-887b-29adc31df765] Routing FlowFile[1226,96217647082575.mockFlowFile,23B] to original
[main] DEBUG org.apache.nifi.processors.standard.RouteText - RouteText[id=fc47b1db-e7ae-450c-887b-29adc31df765] Adding new dynamic property: PropertyDescriptor[simple]
[pool-2936-thread-1] INFO org.apache.nifi.processors.standard.RouteText - RouteText[id=fc47b1db-e7ae-450c-887b-29adc31df765] Created FlowFile[1229,96217647436283.mockFlowFile,23B] from FlowFile[1228,96217647436283.mockFlowFile,23B]; routing to relationship simple
[pool-2936-thread-1] INFO org.apache.nifi.processors.standard.RouteText - RouteText[id=fc47b1db-e7ae-450c-887b-29adc31df765] Routing FlowFile[1228,96217647436283.mockFlowFile,23B] to original
[main] DEBUG org.apache.nifi.processors.standard.RouteText - RouteText[id=fc47b1db-e7ae-450c-887b-29adc31df765] Adding new dynamic property: PropertyDescriptor[simple]
[pool-2937-thread-1] INFO org.apache.nifi.processors.standard.RouteText - RouteText[id=fc47b1db-e7ae-450c-887b-29adc31df765] Created FlowFile[1231,96217647831083.mockFlowFile,23B] from FlowFile[1230,96217647831083.mockFlowFile,23B]; routing to relationship simple
[pool-2937-thread-1] INFO org.apache.nifi.processors.standard.RouteText - RouteText[id=fc47b1db-e7ae-450c-887b-29adc31df765] Routing FlowFile[1230,96217647831083.mockFlowFile,23B] to original
[main] DEBUG org.apache.nifi.processors.standard.RouteText - RouteText[id=fc47b1db-e7ae-450c-887b-29adc31df765] Adding new dynamic property: PropertyDescriptor[simple]
[pool-2938-thread-1] INFO org.apache.nifi.processors.standard.RouteText - RouteText[id=fc47b1db-e7ae-450c-887b-29adc31df765] Created FlowFile[1233,96217648229207.mockFlowFile,23B] from FlowFile[1232,96217648229207.mockFlowFile,23B]; routing to relationship simple
[pool-2938-thread-1] INFO org.apache.nifi.processors.standard.RouteText - RouteText[id=fc47b1db-e7ae-450c-887b-29adc31df765] Routing FlowFile[1232,96217648229207.mockFlowFile,23B] to original
[main] DEBUG org.apache.nifi.processors.standard.RouteText - RouteText[id=fc47b1db-e7ae-450c-887b-29adc31df765] Adding new dynamic property: PropertyDescriptor[simple]
[pool-2939-thread-1] INFO org.apache.nifi.processors.standard.RouteText - RouteText[id=fc47b1db-e7ae-450c-887b-29adc31df765] Created FlowFile[1235,96217648614584.mockFlowFile,23B] from FlowFile[1234,96217648614584.mockFlowFile,23B]; routing to relationship simple
[pool-2939-thread-1] INFO org.apache.nifi.processors.standard.RouteText - RouteText[id=fc47b1db-e7ae-450c-887b-29adc31df765] Routing FlowFile[1234,96217648614584.mockFlowFile,23B] to original
[main] DEBUG org.apache.nifi.processors.standard.RouteText - RouteText[id=fc47b1db-e7ae-450c-887b-29adc31df765] Adding new dynamic property: PropertyDescriptor[simple]
[pool-2940-thread-1] INFO org.apache.nifi.processors.standard.RouteText - RouteText[id=fc47b1db-e7ae-450c-887b-29adc31df765] Created FlowFile[1237,96217648987296.mockFlowFile,23B] from FlowFile[1236,96217648987296.mockFlowFile,23B]; routing to relationship simple
[pool-2940-thread-1] INFO org.apache.nifi.processors.standard.RouteText - RouteText[id=fc47b1db-e7ae-450c-887b-29adc31df765] Routing FlowFile[1236,96217648987296.mockFlowFile,23B] to original
[main] DEBUG org.apache.nifi.processors.standard.RouteText - RouteText[id=fc47b1db-e7ae-450c-887b-29adc31df765] Adding new dynamic property: PropertyDescriptor[simple]
[pool-2941-thread-1] INFO org.apache.nifi.processors.standard.RouteText - RouteText[id=fc47b1db-e7ae-450c-887b-29adc31df765] Created FlowFile[1239,96217649351416.mockFlowFile,23B] from FlowFile[1238,96217649351416.mockFlowFile,23B]; routing to relationship simple
[pool-2941-thread-1] INFO org.apache.nifi.processors.standard.RouteText - RouteText[id=fc47b1db-e7ae-450c-887b-29adc31df765] Routing FlowFile[1238,96217649351416.mockFlowFile,23B] to original
[main] DEBUG org.apache.nifi.processors.standard.RouteText - RouteText[id=fc47b1db-e7ae-450c-887b-29adc31df765] Adding new dynamic property: PropertyDescriptor[simple]
[pool-2942-thread-1] INFO org.apache.nifi.processors.standard.RouteText - RouteText[id=fc47b1db-e7ae-450c-887b-29adc31df765] Created FlowFile[1241,96217649729530.mockFlowFile,23B] from FlowFile[1240,96217649729530.mockFlowFile,23B]; routing to relationship simple
[pool-2942-thread-1] INFO org.apache.nifi.processors.standard.RouteText - RouteText[id=fc47b1db-e7ae-450c-887b-29adc31df765] Routing FlowFile[1240,96217649729530.mockFlowFile,23B] to original
[main] DEBUG org.apache.nifi.processors.standard.RouteText - RouteText[id=fc47b1db-e7ae-450c-887b-29adc31df765] Adding new dynamic property: PropertyDescriptor[simple]
[pool-2943-thread-1] INFO org.apache.nifi.processors.standard.RouteText - RouteText[id=fc47b1db-e7ae-450c-887b-29adc31df765] Created FlowFile[1243,96217650101490.mockFlowFile,23B] from FlowFile[1242,96217650101490.mockFlowFile,23B]; routing to relationship simple
[pool-2943-thread-1] INFO org.apache.nifi.processors.standard.RouteText - RouteText[id=fc47b1db-e7ae-450c-887b-29adc31df765] Routing FlowFile[1242,96217650101490.mockFlowFile,23B] to original
[main] DEBUG org.apache.nifi.processors.standard.RouteText - RouteText[id=fc47b1db-e7ae-450c-887b-29adc31df765] Adding new dynamic property: PropertyDescriptor[simple]
[pool-2944-thread-1] INFO org.apache.nifi.processors.standard.RouteText - RouteText[id=fc47b1db-e7ae-450c-887b-29adc31df765] Created FlowFile[1245,96217650477154.mockFlowFile,23B] from FlowFile[1244,96217650477154.mockFlowFile,23B]; routing to relationship simple
[pool-2944-thread-1] INFO org.apache.nifi.processors.standard.RouteText - RouteText[id=fc47b1db-e7ae-450c-887b-29adc31df765] Routing FlowFile[1244,96217650477154.mockFlowFile,23B] to original
[main] DEBUG org.apache.nifi.processors.standard.RouteText - RouteText[id=fc47b1db-e7ae-450c-887b-29adc31df765] Adding new dynamic property: PropertyDescriptor[simple]
[pool-2945-thread-1] INFO org.apache.nifi.processors.standard.RouteText - RouteText[id=fc47b1db-e7ae-450c-887b-29adc31df765] Created FlowFile[1247,96217650853248.mockFlowFile,23B] from FlowFile[1246,96217650853248.mockFlowFile,23B]; routing to relationship simple
[pool-2945-thread-1] INFO org.apache.nifi.processors.standard.RouteText - RouteText[id=fc47b1db-e7ae-450c-887b-29adc31df765] Routing FlowFile[1246,96217650853248.mockFlowFile,23B] to original
[main] DEBUG org.apache.nifi.processors.standard.RouteText - RouteText[id=fc47b1db-e7ae-450c-887b-29adc31df765] Adding new dynamic property: PropertyDescriptor[simple]
[pool-2946-thread-1] INFO org.apache.nifi.processors.standard.RouteText - RouteText[id=fc47b1db-e7ae-450c-887b-29adc31df765] Created FlowFile[1249,96217651239232.mockFlowFile,23B] from FlowFile[1248,96217651239232.mockFlowFile,23B]; routing to relationship simple
[pool-2946-thread-1] INFO org.apache.nifi.processors.standard.RouteText - RouteText[id=fc47b1db-e7ae-450c-887b-29adc31df765] Routing FlowFile[1248,96217651239232.mockFlowFile,23B] to original
[main] DEBUG org.apache.nifi.processors.standard.RouteText - RouteText[id=fc47b1db-e7ae-450c-887b-29adc31df765] Adding new dynamic property: PropertyDescriptor[simple]
[pool-2947-thread-1] INFO org.apache.nifi.processors.standard.RouteText - RouteText[id=fc47b1db-e7ae-450c-887b-29adc31df765] Created FlowFile[1251,96217651676741.mockFlowFile,23B] from FlowFile[1250,96217651676741.mockFlowFile,23B]; routing to relationship simple
[pool-2947-thread-1] INFO org.apache.nifi.processors.standard.RouteText - RouteText[id=fc47b1db-e7ae-450c-887b-29adc31df765] Routing FlowFile[1250,96217651676741.mockFlowFile,23B] to original
[main] DEBUG org.apache.nifi.processors.standard.RouteText - RouteText[id=fc47b1db-e7ae-450c-887b-29adc31df765] Adding new dynamic property: PropertyDescriptor[simple]
[pool-2948-thread-1] INFO org.apache.nifi.processors.standard.RouteText - RouteText[id=fc47b1db-e7ae-450c-887b-29adc31df765] Created FlowFile[1253,96217652143676.mockFlowFile,23B] from FlowFile[1252,96217652143676.mockFlowFile,23B]; routing to relationship simple
[pool-2948-thread-1] INFO org.apache.nifi.processors.standard.RouteText - RouteText[id=fc47b1db-e7ae-450c-887b-29adc31df765] Routing FlowFile[1252,96217652143676.mockFlowFile,23B] to original
[main] DEBUG org.apache.nifi.processors.standard.RouteText - RouteText[id=fc47b1db-e7ae-450c-887b-29adc31df765] Adding new dynamic property: PropertyDescriptor[simple]
[pool-2949-thread-1] INFO org.apache.nifi.processors.standard.RouteText - RouteText[id=fc47b1db-e7ae-450c-887b-29adc31df765] Created FlowFile[1255,96217652618083.mockFlowFile,23B] from FlowFile[1254,96217652618083.mockFlowFile,23B]; routing to relationship simple
[pool-2949-thread-1] INFO org.apache.nifi.processors.standard.RouteText - RouteText[id=fc47b1db-e7ae-450c-887b-29adc31df765] Routing FlowFile[1254,96217652618083.mockFlowFile,23B] to original
[main] DEBUG org.apache.nifi.processors.standard.RouteText - RouteText[id=fc47b1db-e7ae-450c-887b-29adc31df765] Adding new dynamic property: PropertyDescriptor[simple]
[pool-2950-thread-1] INFO org.apache.nifi.processors.standard.RouteText - RouteText[id=fc47b1db-e7ae-450c-887b-29adc31df765] Created FlowFile[1257,96217653053329.mockFlowFile,23B] from FlowFile[1256,96217653053329.mockFlowFile,23B]; routing to relationship simple
[pool-2950-thread-1] INFO org.apache.nifi.processors.standard.RouteText - RouteText[id=fc47b1db-e7ae-450c-887b-29adc31df765] Routing FlowFile[1256,96217653053329.mockFlowFile,23B] to original
[main] DEBUG org.apache.nifi.processors.standard.RouteText - RouteText[id=fc47b1db-e7ae-450c-887b-29adc31df765] Adding new dynamic property: PropertyDescriptor[simple]
[pool-2951-thread-1] INFO org.apache.nifi.processors.standard.RouteText - RouteText[id=fc47b1db-e7ae-450c-887b-29adc31df765] Created FlowFile[1259,96217653476933.mockFlowFile,23B] from FlowFile[1258,96217653476933.mockFlowFile,23B]; routing to relationship simple
[pool-2951-thread-1] INFO org.apache.nifi.processors.standard.RouteText - RouteText[id=fc47b1db-e7ae-450c-887b-29adc31df765] Routing FlowFile[1258,96217653476933.mockFlowFile,23B] to original
[main] DEBUG org.apache.nifi.processors.standard.RouteText - RouteText[id=fc47b1db-e7ae-450c-887b-29adc31df765] Adding new dynamic property: PropertyDescriptor[simple]
[pool-2952-thread-1] INFO org.apache.nifi.processors.standard.RouteText - RouteText[id=fc47b1db-e7ae-450c-887b-29adc31df765] Created FlowFile[1261,96217653815400.mockFlowFile,23B] from FlowFile[1260,96217653815400.mockFlowFile,23B]; routing to relationship simple
[pool-2952-thread-1] INFO org.apache.nifi.processors.standard.RouteText - RouteText[id=fc47b1db-e7ae-450c-887b-29adc31df765] Routing FlowFile[1260,96217653815400.mockFlowFile,23B] to original
[main] DEBUG org.apache.nifi.processors.standard.RouteText - RouteText[id=fc47b1db-e7ae-450c-887b-29adc31df765] Adding new dynamic property: PropertyDescriptor[simple]
[pool-2953-thread-1] INFO org.apache.nifi.processors.standard.RouteText - RouteText[id=fc47b1db-e7ae-450c-887b-29adc31df765] Created FlowFile[1263,96217654155638.mockFlowFile,23B] from FlowFile[1262,96217654155638.mockFlowFile,23B]; routing to relationship simple
[pool-2953-thread-1] INFO org.apache.nifi.processors.standard.RouteText - RouteText[id=fc47b1db-e7ae-450c-887b-29adc31df765] Routing FlowFile[1262,96217654155638.mockFlowFile,23B] to original
[main] DEBUG org.apache.nifi.processors.standard.RouteText - RouteText[id=fc47b1db-e7ae-450c-887b-29adc31df765] Adding new dynamic property: PropertyDescriptor[simple]
[pool-2954-thread-1] INFO org.apache.nifi.processors.standard.RouteText - RouteText[id=fc47b1db-e7ae-450c-887b-29adc31df765] Created FlowFile[1265,96217654501312.mockFlowFile,23B] from FlowFile[1264,96217654501312.mockFlowFile,23B]; routing to relationship simple
[pool-2954-thread-1] INFO org.apache.nifi.processors.standard.RouteText - RouteText[id=fc47b1db-e7ae-450c-887b-29adc31df765] Routing FlowFile[1264,96217654501312.mockFlowFile,23B] to original
[main] DEBUG org.apache.nifi.processors.standard.RouteText - RouteText[id=fc47b1db-e7ae-450c-887b-29adc31df765] Adding new dynamic property: PropertyDescriptor[simple]
[pool-2955-thread-1] INFO org.apache.nifi.processors.standard.RouteText - RouteText[id=fc47b1db-e7ae-450c-887b-29adc31df765] Created FlowFile[1267,96217654864822.mockFlowFile,23B] from FlowFile[1266,96217654864822.mockFlowFile,23B]; routing to relationship simple
[pool-2955-thread-1] INFO org.apache.nifi.processors.standard.RouteText - RouteText[id=fc47b1db-e7ae-450c-887b-29adc31df765] Routing FlowFile[1266,96217654864822.mockFlowFile,23B] to original
[main] DEBUG org.apache.nifi.processors.standard.RouteText - RouteText[id=fc47b1db-e7ae-450c-887b-29adc31df765] Adding new dynamic property: PropertyDescriptor[simple]
[pool-2956-thread-1] INFO org.apache.nifi.processors.standard.RouteText - RouteText[id=fc47b1db-e7ae-450c-887b-29adc31df765] Created FlowFile[1269,96217655268989.mockFlowFile,23B] from FlowFile[1268,96217655268989.mockFlowFile,23B]; routing to relationship simple
[pool-2956-thread-1] INFO org.apache.nifi.processors.standard.RouteText - RouteText[id=fc47b1db-e7ae-450c-887b-29adc31df765] Routing FlowFile[1268,96217655268989.mockFlowFile,23B] to original
[main] DEBUG org.apache.nifi.processors.standard.RouteText - RouteText[id=fc47b1db-e7ae-450c-887b-29adc31df765] Adding new dynamic property: PropertyDescriptor[simple]
[pool-2957-thread-1] INFO org.apache.nifi.processors.standard.RouteText - RouteText[id=fc47b1db-e7ae-450c-887b-29adc31df765] Created FlowFile[1271,96217655610698.mockFlowFile,23B] from FlowFile[1270,96217655610698.mockFlowFile,23B]; routing to relationship simple
[pool-2957-thread-1] INFO org.apache.nifi.processors.standard.RouteText - RouteText[id=fc47b1db-e7ae-450c-887b-29adc31df765] Routing FlowFile[1270,96217655610698.mockFlowFile,23B] to original
[main] DEBUG org.apache.nifi.processors.standard.RouteText - RouteText[id=fc47b1db-e7ae-450c-887b-29adc31df765] Adding new dynamic property: PropertyDescriptor[simple]
[pool-2958-thread-1] INFO org.apache.nifi.processors.standard.RouteText - RouteText[id=fc47b1db-e7ae-450c-887b-29adc31df765] Created FlowFile[1273,96217655956829.mockFlowFile,23B] from FlowFile[1272,96217655956829.mockFlowFile,23B]; routing to relationship simple
[pool-2958-thread-1] INFO org.apache.nifi.processors.standard.RouteText - RouteText[id=fc47b1db-e7ae-450c-887b-29adc31df765] Routing FlowFile[1272,96217655956829.mockFlowFile,23B] to original
[main] DEBUG org.apache.nifi.processors.standard.RouteText - RouteText[id=fc47b1db-e7ae-450c-887b-29adc31df765] Adding new dynamic property: PropertyDescriptor[simple]
[pool-2959-thread-1] INFO org.apache.nifi.processors.standard.RouteText - RouteText[id=fc47b1db-e7ae-450c-887b-29adc31df765] Created FlowFile[1275,96217656410032.mockFlowFile,23B] from FlowFile[1274,96217656410032.mockFlowFile,23B]; routing to relationship simple
[pool-2959-thread-1] INFO org.apache.nifi.processors.standard.RouteText - RouteText[id=fc47b1db-e7ae-450c-887b-29adc31df765] Routing FlowFile[1274,96217656410032.mockFlowFile,23B] to original
[main] DEBUG org.apache.nifi.processors.standard.RouteText - RouteText[id=fc47b1db-e7ae-450c-887b-29adc31df765] Adding new dynamic property: PropertyDescriptor[simple]
[pool-2960-thread-1] INFO org.apache.nifi.processors.standard.RouteText - RouteText[id=fc47b1db-e7ae-450c-887b-29adc31df765] Created FlowFile[1277,96217656841004.mockFlowFile,23B] from FlowFile[1276,96217656841004.mockFlowFile,23B]; routing to relationship simple
[pool-2960-thread-1] INFO org.apache.nifi.processors.standard.RouteText - RouteText[id=fc47b1db-e7ae-450c-887b-29adc31df765] Routing FlowFile[1276,96217656841004.mockFlowFile,23B] to original
[main] DEBUG org.apache.nifi.processors.standard.RouteText - RouteText[id=fc47b1db-e7ae-450c-887b-29adc31df765] Adding new dynamic property: PropertyDescriptor[simple]
[pool-2961-thread-1] INFO org.apache.nifi.processors.standard.RouteText - RouteText[id=fc47b1db-e7ae-450c-887b-29adc31df765] Created FlowFile[1279,96217657256886.mockFlowFile,23B] from FlowFile[1278,96217657256886.mockFlowFile,23B]; routing to relationship simple
[pool-2961-thread-1] INFO org.apache.nifi.processors.standard.RouteText - RouteText[id=fc47b1db-e7ae-450c-887b-29adc31df765] Routing FlowFile[1278,96217657256886.mockFlowFile,23B] to original
[main] DEBUG org.apache.nifi.processors.standard.RouteText - RouteText[id=fc47b1db-e7ae-450c-887b-29adc31df765] Adding new dynamic property: PropertyDescriptor[simple]
[pool-2962-thread-1] INFO org.apache.nifi.processors.standard.RouteText - RouteText[id=fc47b1db-e7ae-450c-887b-29adc31df765] Created FlowFile[1281,96217657711294.mockFlowFile,23B] from FlowFile[1280,96217657711294.mockFlowFile,23B]; routing to relationship simple
[pool-2962-thread-1] INFO org.apache.nifi.processors.standard.RouteText - RouteText[id=fc47b1db-e7ae-450c-887b-29adc31df765] Routing FlowFile[1280,96217657711294.mockFlowFile,23B] to original
[main] DEBUG org.apache.nifi.processors.standard.RouteText - RouteText[id=fc47b1db-e7ae-450c-887b-29adc31df765] Adding new dynamic property: PropertyDescriptor[simple]
[pool-2963-thread-1] INFO org.apache.nifi.processors.standard.RouteText - RouteText[id=fc47b1db-e7ae-450c-887b-29adc31df765] Created FlowFile[1283,96217658226538.mockFlowFile,23B] from FlowFile[1282,96217658226538.mockFlowFile,23B]; routing to relationship simple
[pool-2963-thread-1] INFO org.apache.nifi.processors.standard.RouteText - RouteText[id=fc47b1db-e7ae-450c-887b-29adc31df765] Routing FlowFile[1282,96217658226538.mockFlowFile,23B] to original
[main] DEBUG org.apache.nifi.processors.standard.RouteText - RouteText[id=fc47b1db-e7ae-450c-887b-29adc31df765] Adding new dynamic property: PropertyDescriptor[simple]
[pool-2964-thread-1] INFO org.apache.nifi.processors.standard.RouteText - RouteText[id=fc47b1db-e7ae-450c-887b-29adc31df765] Created FlowFile[1285,96217658712309.mockFlowFile,23B] from FlowFile[1284,96217658712309.mockFlowFile,23B]; routing to relationship simple
[pool-2964-thread-1] INFO org.apache.nifi.processors.standard.RouteText - RouteText[id=fc47b1db-e7ae-450c-887b-29adc31df765] Routing FlowFile[1284,96217658712309.mockFlowFile,23B] to original
[main] DEBUG org.apache.nifi.processors.standard.RouteText - RouteText[id=fc47b1db-e7ae-450c-887b-29adc31df765] Adding new dynamic property: PropertyDescriptor[simple]
[pool-2965-thread-1] INFO org.apache.nifi.processors.standard.RouteText - RouteText[id=fc47b1db-e7ae-450c-887b-29adc31df765] Created FlowFile[1287,96217659183643.mockFlowFile,23B] from FlowFile[1286,96217659183643.mockFlowFile,23B]; routing to relationship simple
[pool-2965-thread-1] INFO org.apache.nifi.processors.standard.RouteText - RouteText[id=fc47b1db-e7ae-450c-887b-29adc31df765] Routing FlowFile[1286,96217659183643.mockFlowFile,23B] to original
[main] DEBUG org.apache.nifi.processors.standard.RouteText - RouteText[id=fc47b1db-e7ae-450c-887b-29adc31df765] Adding new dynamic property: PropertyDescriptor[simple]
[pool-2966-thread-1] INFO org.apache.nifi.processors.standard.RouteText - RouteText[id=fc47b1db-e7ae-450c-887b-29adc31df765] Created FlowFile[1289,96217659620124.mockFlowFile,23B] from FlowFile[1288,96217659620124.mockFlowFile,23B]; routing to relationship simple
[pool-2966-thread-1] INFO org.apache.nifi.processors.standard.RouteText - RouteText[id=fc47b1db-e7ae-450c-887b-29adc31df765] Routing FlowFile[1288,96217659620124.mockFlowFile,23B] to original
[main] DEBUG org.apache.nifi.processors.standard.RouteText - RouteText[id=fc47b1db-e7ae-450c-887b-29adc31df765] Adding new dynamic property: PropertyDescriptor[simple]
[pool-2967-thread-1] INFO org.apache.nifi.processors.standard.RouteText - RouteText[id=fc47b1db-e7ae-450c-887b-29adc31df765] Created FlowFile[1291,96217660050881.mockFlowFile,23B] from FlowFile[1290,96217660050881.mockFlowFile,23B]; routing to relationship simple
[pool-2967-thread-1] INFO org.apache.nifi.processors.standard.RouteText - RouteText[id=fc47b1db-e7ae-450c-887b-29adc31df765] Routing FlowFile[1290,96217660050881.mockFlowFile,23B] to original
[main] DEBUG org.apache.nifi.processors.standard.RouteText - RouteText[id=fc47b1db-e7ae-450c-887b-29adc31df765] Adding new dynamic property: PropertyDescriptor[simple]
[pool-2968-thread-1] INFO org.apache.nifi.processors.standard.RouteText - RouteText[id=fc47b1db-e7ae-450c-887b-29adc31df765] Created FlowFile[1293,96217660453038.mockFlowFile,23B] from FlowFile[1292,96217660453038.mockFlowFile,23B]; routing to relationship simple
[pool-2968-thread-1] INFO org.apache.nifi.processors.standard.RouteText - RouteText[id=fc47b1db-e7ae-450c-887b-29adc31df765] Routing FlowFile[1292,96217660453038.mockFlowFile,23B] to original
[main] DEBUG org.apache.nifi.processors.standard.RouteText - RouteText[id=fc47b1db-e7ae-450c-887b-29adc31df765] Adding new dynamic property: PropertyDescriptor[simple]
[pool-2969-thread-1] INFO org.apache.nifi.processors.standard.RouteText - RouteText[id=fc47b1db-e7ae-450c-887b-29adc31df765] Created FlowFile[1295,96217660824075.mockFlowFile,23B] from FlowFile[1294,96217660824075.mockFlowFile,23B]; routing to relationship simple
[pool-2969-thread-1] INFO org.apache.nifi.processors.standard.RouteText - RouteText[id=fc47b1db-e7ae-450c-887b-29adc31df765] Routing FlowFile[1294,96217660824075.mockFlowFile,23B] to original
[main] DEBUG org.apache.nifi.processors.standard.RouteText - RouteText[id=fc47b1db-e7ae-450c-887b-29adc31df765] Adding new dynamic property: PropertyDescriptor[simple]
[pool-2970-thread-1] INFO org.apache.nifi.processors.standard.RouteText - RouteText[id=fc47b1db-e7ae-450c-887b-29adc31df765] Created FlowFile[1297,96217661209762.mockFlowFile,23B] from FlowFile[1296,96217661209762.mockFlowFile,23B]; routing to relationship simple
[pool-2970-thread-1] INFO org.apache.nifi.processors.standard.RouteText - RouteText[id=fc47b1db-e7ae-450c-887b-29adc31df765] Routing FlowFile[1296,96217661209762.mockFlowFile,23B] to original
[main] DEBUG org.apache.nifi.processors.standard.RouteText - RouteText[id=fc47b1db-e7ae-450c-887b-29adc31df765] Adding new dynamic property: PropertyDescriptor[simple]
[pool-2971-thread-1] INFO org.apache.nifi.processors.standard.RouteText - RouteText[id=fc47b1db-e7ae-450c-887b-29adc31df765] Created FlowFile[1299,96217661607828.mockFlowFile,23B] from FlowFile[1298,96217661607828.mockFlowFile,23B]; routing to relationship simple
[pool-2971-thread-1] INFO org.apache.nifi.processors.standard.RouteText - RouteText[id=fc47b1db-e7ae-450c-887b-29adc31df765] Routing FlowFile[1298,96217661607828.mockFlowFile,23B] to original
[main] DEBUG org.apache.nifi.processors.standard.RouteText - RouteText[id=fc47b1db-e7ae-450c-887b-29adc31df765] Adding new dynamic property: PropertyDescriptor[simple]
[pool-2972-thread-1] INFO org.apache.nifi.processors.standard.RouteText - RouteText[id=fc47b1db-e7ae-450c-887b-29adc31df765] Created FlowFile[1301,96217661992679.mockFlowFile,23B] from FlowFile[1300,96217661992679.mockFlowFile,23B]; routing to relationship simple
[pool-2972-thread-1] INFO org.apache.nifi.processors.standard.RouteText - RouteText[id=fc47b1db-e7ae-450c-887b-29adc31df765] Routing FlowFile[1300,96217661992679.mockFlowFile,23B] to original
[main] DEBUG org.apache.nifi.processors.standard.RouteText - RouteText[id=fc47b1db-e7ae-450c-887b-29adc31df765] Adding new dynamic property: PropertyDescriptor[simple]
[pool-2973-thread-1] INFO org.apache.nifi.processors.standard.RouteText - RouteText[id=fc47b1db-e7ae-450c-887b-29adc31df765] Created FlowFile[1303,96217662394808.mockFlowFile,23B] from FlowFile[1302,96217662394808.mockFlowFile,23B]; routing to relationship simple
[pool-2973-thread-1] INFO org.apache.nifi.processors.standard.RouteText - RouteText[id=fc47b1db-e7ae-450c-887b-29adc31df765] Routing FlowFile[1302,96217662394808.mockFlowFile,23B] to original
[main] DEBUG org.apache.nifi.processors.standard.RouteText - RouteText[id=fc47b1db-e7ae-450c-887b-29adc31df765] Adding new dynamic property: PropertyDescriptor[simple]
[pool-2974-thread-1] INFO org.apache.nifi.processors.standard.RouteText - RouteText[id=fc47b1db-e7ae-450c-887b-29adc31df765] Created FlowFile[1305,96217662763501.mockFlowFile,23B] from FlowFile[1304,96217662763501.mockFlowFile,23B]; routing to relationship simple
[pool-2974-thread-1] INFO org.apache.nifi.processors.standard.RouteText - RouteText[id=fc47b1db-e7ae-450c-887b-29adc31df765] Routing FlowFile[1304,96217662763501.mockFlowFile,23B] to original
[main] DEBUG org.apache.nifi.processors.standard.RouteText - RouteText[id=fc47b1db-e7ae-450c-887b-29adc31df765] Adding new dynamic property: PropertyDescriptor[simple]
[pool-2975-thread-1] INFO org.apache.nifi.processors.standard.RouteText - RouteText[id=fc47b1db-e7ae-450c-887b-29adc31df765] Created FlowFile[1307,96217663128681.mockFlowFile,23B] from FlowFile[1306,96217663128681.mockFlowFile,23B]; routing to relationship simple
[pool-2975-thread-1] INFO org.apache.nifi.processors.standard.RouteText - RouteText[id=fc47b1db-e7ae-450c-887b-29adc31df765] Routing FlowFile[1306,96217663128681.mockFlowFile,23B] to original
[main] DEBUG org.apache.nifi.processors.standard.RouteText - RouteText[id=fc47b1db-e7ae-450c-887b-29adc31df765] Adding new dynamic property: PropertyDescriptor[simple]
[pool-2976-thread-1] INFO org.apache.nifi.processors.standard.RouteText - RouteText[id=fc47b1db-e7ae-450c-887b-29adc31df765] Created FlowFile[1309,96217663507282.mockFlowFile,23B] from FlowFile[1308,96217663507282.mockFlowFile,23B]; routing to relationship simple
[pool-2976-thread-1] INFO org.apache.nifi.processors.standard.RouteText - RouteText[id=fc47b1db-e7ae-450c-887b-29adc31df765] Routing FlowFile[1308,96217663507282.mockFlowFile,23B] to original
[main] DEBUG org.apache.nifi.processors.standard.RouteText - RouteText[id=fc47b1db-e7ae-450c-887b-29adc31df765] Adding new dynamic property: PropertyDescriptor[simple]
[pool-2977-thread-1] INFO org.apache.nifi.processors.standard.RouteText - RouteText[id=fc47b1db-e7ae-450c-887b-29adc31df765] Created FlowFile[1311,96217663869846.mockFlowFile,23B] from FlowFile[1310,96217663869846.mockFlowFile,23B]; routing to relationship simple
[pool-2977-thread-1] INFO org.apache.nifi.processors.standard.RouteText - RouteText[id=fc47b1db-e7ae-450c-887b-29adc31df765] Routing FlowFile[1310,96217663869846.mockFlowFile,23B] to original
[main] DEBUG org.apache.nifi.processors.standard.RouteText - RouteText[id=fc47b1db-e7ae-450c-887b-29adc31df765] Adding new dynamic property: PropertyDescriptor[simple]
[pool-2978-thread-1] INFO org.apache.nifi.processors.standard.RouteText - RouteText[id=fc47b1db-e7ae-450c-887b-29adc31df765] Created FlowFile[1313,96217664275130.mockFlowFile,23B] from FlowFile[1312,96217664275130.mockFlowFile,23B]; routing to relationship simple
[pool-2978-thread-1] INFO org.apache.nifi.processors.standard.RouteText - RouteText[id=fc47b1db-e7ae-450c-887b-29adc31df765] Routing FlowFile[1312,96217664275130.mockFlowFile,23B] to original
[main] DEBUG org.apache.nifi.processors.standard.RouteText - RouteText[id=fc47b1db-e7ae-450c-887b-29adc31df765] Adding new dynamic property: PropertyDescriptor[simple]
[pool-2979-thread-1] INFO org.apache.nifi.processors.standard.RouteText - RouteText[id=fc47b1db-e7ae-450c-887b-29adc31df765] Created FlowFile[1315,96217664723554.mockFlowFile,23B] from FlowFile[1314,96217664723554.mockFlowFile,23B]; routing to relationship simple
[pool-2979-thread-1] INFO org.apache.nifi.processors.standard.RouteText - RouteText[id=fc47b1db-e7ae-450c-887b-29adc31df765] Routing FlowFile[1314,96217664723554.mockFlowFile,23B] to original
[main] DEBUG org.apache.nifi.processors.standard.RouteText - RouteText[id=fc47b1db-e7ae-450c-887b-29adc31df765] Adding new dynamic property: PropertyDescriptor[simple]
[pool-2980-thread-1] INFO org.apache.nifi.processors.standard.RouteText - RouteText[id=fc47b1db-e7ae-450c-887b-29adc31df765] Created FlowFile[1317,96217665156445.mockFlowFile,23B] from FlowFile[1316,96217665156445.mockFlowFile,23B]; routing to relationship simple
[pool-2980-thread-1] INFO org.apache.nifi.processors.standard.RouteText - RouteText[id=fc47b1db-e7ae-450c-887b-29adc31df765] Routing FlowFile[1316,96217665156445.mockFlowFile,23B] to original
[main] DEBUG org.apache.nifi.processors.standard.RouteText - RouteText[id=fc47b1db-e7ae-450c-887b-29adc31df765] Adding new dynamic property: PropertyDescriptor[simple]
[pool-2981-thread-1] INFO org.apache.nifi.processors.standard.RouteText - RouteText[id=fc47b1db-e7ae-450c-887b-29adc31df765] Created FlowFile[1319,96217665619105.mockFlowFile,23B] from FlowFile[1318,96217665619105.mockFlowFile,23B]; routing to relationship simple
[pool-2981-thread-1] INFO org.apache.nifi.processors.standard.RouteText - RouteText[id=fc47b1db-e7ae-450c-887b-29adc31df765] Routing FlowFile[1318,96217665619105.mockFlowFile,23B] to original
[main] DEBUG org.apache.nifi.processors.standard.RouteText - RouteText[id=fc47b1db-e7ae-450c-887b-29adc31df765] Adding new dynamic property: PropertyDescriptor[simple]
[pool-2982-thread-1] INFO org.apache.nifi.processors.standard.RouteText - RouteText[id=fc47b1db-e7ae-450c-887b-29adc31df765] Created FlowFile[1321,96217665991944.mockFlowFile,23B] from FlowFile[1320,96217665991944.mockFlowFile,23B]; routing to relationship simple
[pool-2982-thread-1] INFO org.apache.nifi.processors.standard.RouteText - RouteText[id=fc47b1db-e7ae-450c-887b-29adc31df765] Routing FlowFile[1320,96217665991944.mockFlowFile,23B] to original
[main] DEBUG org.apache.nifi.processors.standard.RouteText - RouteText[id=fc47b1db-e7ae-450c-887b-29adc31df765] Adding new dynamic property: PropertyDescriptor[simple]
[pool-2983-thread-1] INFO org.apache.nifi.processors.standard.RouteText - RouteText[id=fc47b1db-e7ae-450c-887b-29adc31df765] Created FlowFile[1323,96217666316027.mockFlowFile,23B] from FlowFile[1322,96217666316027.mockFlowFile,23B]; routing to relationship simple
[pool-2983-thread-1] INFO org.apache.nifi.processors.standard.RouteText - RouteText[id=fc47b1db-e7ae-450c-887b-29adc31df765] Routing FlowFile[1322,96217666316027.mockFlowFile,23B] to original
[main] DEBUG org.apache.nifi.processors.standard.RouteText - RouteText[id=fc47b1db-e7ae-450c-887b-29adc31df765] Adding new dynamic property: PropertyDescriptor[simple]
[pool-2984-thread-1] INFO org.apache.nifi.processors.standard.RouteText - RouteText[id=fc47b1db-e7ae-450c-887b-29adc31df765] Created FlowFile[1325,96217666637826.mockFlowFile,23B] from FlowFile[1324,96217666637826.mockFlowFile,23B]; routing to relationship simple
[pool-2984-thread-1] INFO org.apache.nifi.processors.standard.RouteText - RouteText[id=fc47b1db-e7ae-450c-887b-29adc31df765] Routing FlowFile[1324,96217666637826.mockFlowFile,23B] to original
[main] DEBUG org.apache.nifi.processors.standard.RouteText - RouteText[id=fc47b1db-e7ae-450c-887b-29adc31df765] Adding new dynamic property: PropertyDescriptor[simple]
[pool-2985-thread-1] INFO org.apache.nifi.processors.standard.RouteText - RouteText[id=fc47b1db-e7ae-450c-887b-29adc31df765] Created FlowFile[1327,96217666954004.mockFlowFile,23B] from FlowFile[1326,96217666954004.mockFlowFile,23B]; routing to relationship simple
[pool-2985-thread-1] INFO org.apache.nifi.processors.standard.RouteText - RouteText[id=fc47b1db-e7ae-450c-887b-29adc31df765] Routing FlowFile[1326,96217666954004.mockFlowFile,23B] to original
[main] DEBUG org.apache.nifi.processors.standard.RouteText - RouteText[id=fc47b1db-e7ae-450c-887b-29adc31df765] Adding new dynamic property: PropertyDescriptor[simple]
[pool-2986-thread-1] INFO org.apache.nifi.processors.standard.RouteText - RouteText[id=fc47b1db-e7ae-450c-887b-29adc31df765] Created FlowFile[1329,96217667381494.mockFlowFile,23B] from FlowFile[1328,96217667381494.mockFlowFile,23B]; routing to relationship simple
[pool-2986-thread-1] INFO org.apache.nifi.processors.standard.RouteText - RouteText[id=fc47b1db-e7ae-450c-887b-29adc31df765] Routing FlowFile[1328,96217667381494.mockFlowFile,23B] to original
[main] DEBUG org.apache.nifi.processors.standard.RouteText - RouteText[id=fc47b1db-e7ae-450c-887b-29adc31df765] Adding new dynamic property: PropertyDescriptor[simple]
[pool-2987-thread-1] INFO org.apache.nifi.processors.standard.RouteText - RouteText[id=fc47b1db-e7ae-450c-887b-29adc31df765] Created FlowFile[1331,96217667817321.mockFlowFile,23B] from FlowFile[1330,96217667817321.mockFlowFile,23B]; routing to relationship simple
[pool-2987-thread-1] INFO org.apache.nifi.processors.standard.RouteText - RouteText[id=fc47b1db-e7ae-450c-887b-29adc31df765] Routing FlowFile[1330,96217667817321.mockFlowFile,23B] to original
[main] DEBUG org.apache.nifi.processors.standard.RouteText - RouteText[id=fc47b1db-e7ae-450c-887b-29adc31df765] Adding new dynamic property: PropertyDescriptor[simple]
[pool-2988-thread-1] INFO org.apache.nifi.processors.standard.RouteText - RouteText[id=fc47b1db-e7ae-450c-887b-29adc31df765] Created FlowFile[1333,96217668221131.mockFlowFile,23B] from FlowFile[1332,96217668221131.mockFlowFile,23B]; routing to relationship simple
[pool-2988-thread-1] INFO org.apache.nifi.processors.standard.RouteText - RouteText[id=fc47b1db-e7ae-450c-887b-29adc31df765] Routing FlowFile[1332,96217668221131.mockFlowFile,23B] to original
[main] DEBUG org.apache.nifi.processors.standard.RouteText - RouteText[id=fc47b1db-e7ae-450c-887b-29adc31df765] Adding new dynamic property: PropertyDescriptor[simple]
[pool-2989-thread-1] INFO org.apache.nifi.processors.standard.RouteText - RouteText[id=fc47b1db-e7ae-450c-887b-29adc31df765] Created FlowFile[1335,96217668552396.mockFlowFile,23B] from FlowFile[1334,96217668552396.mockFlowFile,23B]; routing to relationship simple
[pool-2989-thread-1] INFO org.apache.nifi.processors.standard.RouteText - RouteText[id=fc47b1db-e7ae-450c-887b-29adc31df765] Routing FlowFile[1334,96217668552396.mockFlowFile,23B] to original
[main] DEBUG org.apache.nifi.processors.standard.RouteText - RouteText[id=fc47b1db-e7ae-450c-887b-29adc31df765] Adding new dynamic property: PropertyDescriptor[simple]
[pool-2990-thread-1] INFO org.apache.nifi.processors.standard.RouteText - RouteText[id=fc47b1db-e7ae-450c-887b-29adc31df765] Created FlowFile[1337,96217668876323.mockFlowFile,23B] from FlowFile[1336,96217668876323.mockFlowFile,23B]; routing to relationship simple
[pool-2990-thread-1] INFO org.apache.nifi.processors.standard.RouteText - RouteText[id=fc47b1db-e7ae-450c-887b-29adc31df765] Routing FlowFile[1336,96217668876323.mockFlowFile,23B] to original
[main] DEBUG org.apache.nifi.processors.standard.RouteText - RouteText[id=fc47b1db-e7ae-450c-887b-29adc31df765] Adding new dynamic property: PropertyDescriptor[simple]
[pool-2991-thread-1] INFO org.apache.nifi.processors.standard.RouteText - RouteText[id=fc47b1db-e7ae-450c-887b-29adc31df765] Created FlowFile[1339,96217669310366.mockFlowFile,23B] from FlowFile[1338,96217669310366.mockFlowFile,23B]; routing to relationship simple
[pool-2991-thread-1] INFO org.apache.nifi.processors.standard.RouteText - RouteText[id=fc47b1db-e7ae-450c-887b-29adc31df765] Routing FlowFile[1338,96217669310366.mockFlowFile,23B] to original
[main] DEBUG org.apache.nifi.processors.standard.RouteText - RouteText[id=fc47b1db-e7ae-450c-887b-29adc31df765] Adding new dynamic property: PropertyDescriptor[simple]
[pool-2992-thread-1] INFO org.apache.nifi.processors.standard.RouteText - RouteText[id=fc47b1db-e7ae-450c-887b-29adc31df765] Created FlowFile[1341,96217669735977.mockFlowFile,23B] from FlowFile[1340,96217669735977.mockFlowFile,23B]; routing to relationship simple
[pool-2992-thread-1] INFO org.apache.nifi.processors.standard.RouteText - RouteText[id=fc47b1db-e7ae-450c-887b-29adc31df765] Routing FlowFile[1340,96217669735977.mockFlowFile,23B] to original
[main] DEBUG org.apache.nifi.processors.standard.RouteText - RouteText[id=fc47b1db-e7ae-450c-887b-29adc31df765] Adding new dynamic property: PropertyDescriptor[simple]
[pool-2993-thread-1] INFO org.apache.nifi.processors.standard.RouteText - RouteText[id=fc47b1db-e7ae-450c-887b-29adc31df765] Created FlowFile[1343,96217670188615.mockFlowFile,23B] from FlowFile[1342,96217670188615.mockFlowFile,23B]; routing to relationship simple
[pool-2993-thread-1] INFO org.apache.nifi.processors.standard.RouteText - RouteText[id=fc47b1db-e7ae-450c-887b-29adc31df765] Routing FlowFile[1342,96217670188615.mockFlowFile,23B] to original
[main] DEBUG org.apache.nifi.processors.standard.RouteText - RouteText[id=fc47b1db-e7ae-450c-887b-29adc31df765] Adding new dynamic property: PropertyDescriptor[simple]
[pool-2994-thread-1] INFO org.apache.nifi.processors.standard.RouteText - RouteText[id=fc47b1db-e7ae-450c-887b-29adc31df765] Created FlowFile[1345,96217670620829.mockFlowFile,23B] from FlowFile[1344,96217670620829.mockFlowFile,23B]; routing to relationship simple
[pool-2994-thread-1] INFO org.apache.nifi.processors.standard.RouteText - RouteText[id=fc47b1db-e7ae-450c-887b-29adc31df765] Routing FlowFile[1344,96217670620829.mockFlowFile,23B] to original
[main] DEBUG org.apache.nifi.processors.standard.RouteText - RouteText[id=fc47b1db-e7ae-450c-887b-29adc31df765] Adding new dynamic property: PropertyDescriptor[simple]
[pool-2995-thread-1] INFO org.apache.nifi.processors.standard.RouteText - RouteText[id=fc47b1db-e7ae-450c-887b-29adc31df765] Created FlowFile[1347,96217670961668.mockFlowFile,23B] from FlowFile[1346,96217670961668.mockFlowFile,23B]; routing to relationship simple
[pool-2995-thread-1] INFO org.apache.nifi.processors.standard.RouteText - RouteText[id=fc47b1db-e7ae-450c-887b-29adc31df765] Routing FlowFile[1346,96217670961668.mockFlowFile,23B] to original
[main] DEBUG org.apache.nifi.processors.standard.RouteText - RouteText[id=fc47b1db-e7ae-450c-887b-29adc31df765] Adding new dynamic property: PropertyDescriptor[simple]
[pool-2996-thread-1] INFO org.apache.nifi.processors.standard.RouteText - RouteText[id=fc47b1db-e7ae-450c-887b-29adc31df765] Created FlowFile[1349,96217671378752.mockFlowFile,23B] from FlowFile[1348,96217671378752.mockFlowFile,23B]; routing to relationship simple
[pool-2996-thread-1] INFO org.apache.nifi.processors.standard.RouteText - RouteText[id=fc47b1db-e7ae-450c-887b-29adc31df765] Routing FlowFile[1348,96217671378752.mockFlowFile,23B] to original
[main] DEBUG org.apache.nifi.processors.standard.RouteText - RouteText[id=fc47b1db-e7ae-450c-887b-29adc31df765] Adding new dynamic property: PropertyDescriptor[simple]
[pool-2997-thread-1] INFO org.apache.nifi.processors.standard.RouteText - RouteText[id=fc47b1db-e7ae-450c-887b-29adc31df765] Created FlowFile[1351,96217671803985.mockFlowFile,23B] from FlowFile[1350,96217671803985.mockFlowFile,23B]; routing to relationship simple
[pool-2997-thread-1] INFO org.apache.nifi.processors.standard.RouteText - RouteText[id=fc47b1db-e7ae-450c-887b-29adc31df765] Routing FlowFile[1350,96217671803985.mockFlowFile,23B] to original
[main] DEBUG org.apache.nifi.processors.standard.RouteText - RouteText[id=fc47b1db-e7ae-450c-887b-29adc31df765] Adding new dynamic property: PropertyDescriptor[simple]
[pool-2998-thread-1] INFO org.apache.nifi.processors.standard.RouteText - RouteText[id=fc47b1db-e7ae-450c-887b-29adc31df765] Created FlowFile[1353,96217672147882.mockFlowFile,23B] from FlowFile[1352,96217672147882.mockFlowFile,23B]; routing to relationship simple
[pool-2998-thread-1] INFO org.apache.nifi.processors.standard.RouteText - RouteText[id=fc47b1db-e7ae-450c-887b-29adc31df765] Routing FlowFile[1352,96217672147882.mockFlowFile,23B] to original
[main] DEBUG org.apache.nifi.processors.standard.RouteText - RouteText[id=fc47b1db-e7ae-450c-887b-29adc31df765] Adding new dynamic property: PropertyDescriptor[simple]
[pool-2999-thread-1] INFO org.apache.nifi.processors.standard.RouteText - RouteText[id=fc47b1db-e7ae-450c-887b-29adc31df765] Created FlowFile[1355,96217672609497.mockFlowFile,23B] from FlowFile[1354,96217672609497.mockFlowFile,23B]; routing to relationship simple
[pool-2999-thread-1] INFO org.apache.nifi.processors.standard.RouteText - RouteText[id=fc47b1db-e7ae-450c-887b-29adc31df765] Routing FlowFile[1354,96217672609497.mockFlowFile,23B] to original
[main] DEBUG org.apache.nifi.processors.standard.RouteText - RouteText[id=fc47b1db-e7ae-450c-887b-29adc31df765] Adding new dynamic property: PropertyDescriptor[simple]
[pool-3000-thread-1] INFO org.apache.nifi.processors.standard.RouteText - RouteText[id=fc47b1db-e7ae-450c-887b-29adc31df765] Created FlowFile[1357,96217673064303.mockFlowFile,23B] from FlowFile[1356,96217673064303.mockFlowFile,23B]; routing to relationship simple
[pool-3000-thread-1] INFO org.apache.nifi.processors.standard.RouteText - RouteText[id=fc47b1db-e7ae-450c-887b-29adc31df765] Routing FlowFile[1356,96217673064303.mockFlowFile,23B] to original
[main] DEBUG org.apache.nifi.processors.standard.RouteText - RouteText[id=fc47b1db-e7ae-450c-887b-29adc31df765] Adding new dynamic property: PropertyDescriptor[simple]
[pool-3001-thread-1] INFO org.apache.nifi.processors.standard.RouteText - RouteText[id=fc47b1db-e7ae-450c-887b-29adc31df765] Created FlowFile[1359,96217673508628.mockFlowFile,23B] from FlowFile[1358,96217673508628.mockFlowFile,23B]; routing to relationship simple
[pool-3001-thread-1] INFO org.apache.nifi.processors.standard.RouteText - RouteText[id=fc47b1db-e7ae-450c-887b-29adc31df765] Routing FlowFile[1358,96217673508628.mockFlowFile,23B] to original
[main] DEBUG org.apache.nifi.processors.standard.RouteText - RouteText[id=fc47b1db-e7ae-450c-887b-29adc31df765] Adding new dynamic property: PropertyDescriptor[simple]
[pool-3002-thread-1] INFO org.apache.nifi.processors.standard.RouteText - RouteText[id=fc47b1db-e7ae-450c-887b-29adc31df765] Created FlowFile[1361,96217673970894.mockFlowFile,23B] from FlowFile[1360,96217673970894.mockFlowFile,23B]; routing to relationship simple
[pool-3002-thread-1] INFO org.apache.nifi.processors.standard.RouteText - RouteText[id=fc47b1db-e7ae-450c-887b-29adc31df765] Routing FlowFile[1360,96217673970894.mockFlowFile,23B] to original
[main] DEBUG org.apache.nifi.processors.standard.RouteText - RouteText[id=fc47b1db-e7ae-450c-887b-29adc31df765] Adding new dynamic property: PropertyDescriptor[simple]
[pool-3003-thread-1] INFO org.apache.nifi.processors.standard.RouteText - RouteText[id=fc47b1db-e7ae-450c-887b-29adc31df765] Created FlowFile[1363,96217674322728.mockFlowFile,23B] from FlowFile[1362,96217674322728.mockFlowFile,23B]; routing to relationship simple
[pool-3003-thread-1] INFO org.apache.nifi.processors.standard.RouteText - RouteText[id=fc47b1db-e7ae-450c-887b-29adc31df765] Routing FlowFile[1362,96217674322728.mockFlowFile,23B] to original
[main] DEBUG org.apache.nifi.processors.standard.RouteText - RouteText[id=fc47b1db-e7ae-450c-887b-29adc31df765] Adding new dynamic property: PropertyDescriptor[simple]
[pool-3004-thread-1] INFO org.apache.nifi.processors.standard.RouteText - RouteText[id=fc47b1db-e7ae-450c-887b-29adc31df765] Created FlowFile[1365,96217674669088.mockFlowFile,23B] from FlowFile[1364,96217674669088.mockFlowFile,23B]; routing to relationship simple
[pool-3004-thread-1] INFO org.apache.nifi.processors.standard.RouteText - RouteText[id=fc47b1db-e7ae-450c-887b-29adc31df765] Routing FlowFile[1364,96217674669088.mockFlowFile,23B] to original
[main] DEBUG org.apache.nifi.processors.standard.RouteText - RouteText[id=fc47b1db-e7ae-450c-887b-29adc31df765] Adding new dynamic property: PropertyDescriptor[simple]
[pool-3005-thread-1] INFO org.apache.nifi.processors.standard.RouteText - RouteText[id=fc47b1db-e7ae-450c-887b-29adc31df765] Created FlowFile[1367,96217674997143.mockFlowFile,23B] from FlowFile[1366,96217674997143.mockFlowFile,23B]; routing to relationship simple
[pool-3005-thread-1] INFO org.apache.nifi.processors.standard.RouteText - RouteText[id=fc47b1db-e7ae-450c-887b-29adc31df765] Routing FlowFile[1366,96217674997143.mockFlowFile,23B] to original
[main] DEBUG org.apache.nifi.processors.standard.RouteText - RouteText[id=fc47b1db-e7ae-450c-887b-29adc31df765] Adding new dynamic property: PropertyDescriptor[simple]
[pool-3006-thread-1] INFO org.apache.nifi.processors.standard.RouteText - RouteText[id=fc47b1db-e7ae-450c-887b-29adc31df765] Created FlowFile[1369,96217675403585.mockFlowFile,23B] from FlowFile[1368,96217675403585.mockFlowFile,23B]; routing to relationship simple
[pool-3006-thread-1] INFO org.apache.nifi.processors.standard.RouteText - RouteText[id=fc47b1db-e7ae-450c-887b-29adc31df765] Routing FlowFile[1368,96217675403585.mockFlowFile,23B] to original
[main] DEBUG org.apache.nifi.processors.standard.RouteText - RouteText[id=fc47b1db-e7ae-450c-887b-29adc31df765] Adding new dynamic property: PropertyDescriptor[simple]
[pool-3007-thread-1] INFO org.apache.nifi.processors.standard.RouteText - RouteText[id=fc47b1db-e7ae-450c-887b-29adc31df765] Created FlowFile[1371,96217675783561.mockFlowFile,23B] from FlowFile[1370,96217675783561.mockFlowFile,23B]; routing to relationship simple
[pool-3007-thread-1] INFO org.apache.nifi.processors.standard.RouteText - RouteText[id=fc47b1db-e7ae-450c-887b-29adc31df765] Routing FlowFile[1370,96217675783561.mockFlowFile,23B] to original
[main] DEBUG org.apache.nifi.processors.standard.RouteText - RouteText[id=fc47b1db-e7ae-450c-887b-29adc31df765] Adding new dynamic property: PropertyDescriptor[simple]
[pool-3008-thread-1] INFO org.apache.nifi.processors.standard.RouteText - RouteText[id=fc47b1db-e7ae-450c-887b-29adc31df765] Created FlowFile[1373,96217676315663.mockFlowFile,23B] from FlowFile[1372,96217676315663.mockFlowFile,23B]; routing to relationship simple
[pool-3008-thread-1] INFO org.apache.nifi.processors.standard.RouteText - RouteText[id=fc47b1db-e7ae-450c-887b-29adc31df765] Routing FlowFile[1372,96217676315663.mockFlowFile,23B] to original
[main] DEBUG org.apache.nifi.processors.standard.RouteText - RouteText[id=fc47b1db-e7ae-450c-887b-29adc31df765] Adding new dynamic property: PropertyDescriptor[simple]
[pool-3009-thread-1] INFO org.apache.nifi.processors.standard.RouteText - RouteText[id=fc47b1db-e7ae-450c-887b-29adc31df765] Created FlowFile[1375,96217676761746.mockFlowFile,23B] from FlowFile[1374,96217676761746.mockFlowFile,23B]; routing to relationship simple
[pool-3009-thread-1] INFO org.apache.nifi.processors.standard.RouteText - RouteText[id=fc47b1db-e7ae-450c-887b-29adc31df765] Routing FlowFile[1374,96217676761746.mockFlowFile,23B] to original
[main] DEBUG org.apache.nifi.processors.standard.RouteText - RouteText[id=fc47b1db-e7ae-450c-887b-29adc31df765] Adding new dynamic property: PropertyDescriptor[simple]
[pool-3010-thread-1] INFO org.apache.nifi.processors.standard.RouteText - RouteText[id=fc47b1db-e7ae-450c-887b-29adc31df765] Created FlowFile[1377,96217677189549.mockFlowFile,23B] from FlowFile[1376,96217677189549.mockFlowFile,23B]; routing to relationship simple
[pool-3010-thread-1] INFO org.apache.nifi.processors.standard.RouteText - RouteText[id=fc47b1db-e7ae-450c-887b-29adc31df765] Routing FlowFile[1376,96217677189549.mockFlowFile,23B] to original
[main] DEBUG org.apache.nifi.processors.standard.RouteText - RouteText[id=fc47b1db-e7ae-450c-887b-29adc31df765] Adding new dynamic property: PropertyDescriptor[simple]
[pool-3011-thread-1] INFO org.apache.nifi.processors.standard.RouteText - RouteText[id=fc47b1db-e7ae-450c-887b-29adc31df765] Created FlowFile[1379,96217677602439.mockFlowFile,23B] from FlowFile[1378,96217677602439.mockFlowFile,23B]; routing to relationship simple
[pool-3011-thread-1] INFO org.apache.nifi.processors.standard.RouteText - RouteText[id=fc47b1db-e7ae-450c-887b-29adc31df765] Routing FlowFile[1378,96217677602439.mockFlowFile,23B] to original
[main] DEBUG org.apache.nifi.processors.standard.RouteText - RouteText[id=fc47b1db-e7ae-450c-887b-29adc31df765] Adding new dynamic property: PropertyDescriptor[simple]
[pool-3012-thread-1] INFO org.apache.nifi.processors.standard.RouteText - RouteText[id=fc47b1db-e7ae-450c-887b-29adc31df765] Created FlowFile[1381,96217677927885.mockFlowFile,23B] from FlowFile[1380,96217677927885.mockFlowFile,23B]; routing to relationship simple
[pool-3012-thread-1] INFO org.apache.nifi.processors.standard.RouteText - RouteText[id=fc47b1db-e7ae-450c-887b-29adc31df765] Routing FlowFile[1380,96217677927885.mockFlowFile,23B] to original
[main] DEBUG org.apache.nifi.processors.standard.RouteText - RouteText[id=fc47b1db-e7ae-450c-887b-29adc31df765] Adding new dynamic property: PropertyDescriptor[simple]
[pool-3013-thread-1] INFO org.apache.nifi.processors.standard.RouteText - RouteText[id=fc47b1db-e7ae-450c-887b-29adc31df765] Created FlowFile[1383,96217678252651.mockFlowFile,23B] from FlowFile[1382,96217678252651.mockFlowFile,23B]; routing to relationship simple
[pool-3013-thread-1] INFO org.apache.nifi.processors.standard.RouteText - RouteText[id=fc47b1db-e7ae-450c-887b-29adc31df765] Routing FlowFile[1382,96217678252651.mockFlowFile,23B] to original
[main] DEBUG org.apache.nifi.processors.standard.RouteText - RouteText[id=fc47b1db-e7ae-450c-887b-29adc31df765] Adding new dynamic property: PropertyDescriptor[simple]
[pool-3014-thread-1] INFO org.apache.nifi.processors.standard.RouteText - RouteText[id=fc47b1db-e7ae-450c-887b-29adc31df765] Created FlowFile[1385,96217678579048.mockFlowFile,23B] from FlowFile[1384,96217678579048.mockFlowFile,23B]; routing to relationship simple
[pool-3014-thread-1] INFO org.apache.nifi.processors.standard.RouteText - RouteText[id=fc47b1db-e7ae-450c-887b-29adc31df765] Routing FlowFile[1384,96217678579048.mockFlowFile,23B] to original
[main] DEBUG org.apache.nifi.processors.standard.RouteText - RouteText[id=fc47b1db-e7ae-450c-887b-29adc31df765] Adding new dynamic property: PropertyDescriptor[simple]
[pool-3015-thread-1] INFO org.apache.nifi.processors.standard.RouteText - RouteText[id=fc47b1db-e7ae-450c-887b-29adc31df765] Created FlowFile[1387,96217678897818.mockFlowFile,23B] from FlowFile[1386,96217678897818.mockFlowFile,23B]; routing to relationship simple
[pool-3015-thread-1] INFO org.apache.nifi.processors.standard.RouteText - RouteText[id=fc47b1db-e7ae-450c-887b-29adc31df765] Routing FlowFile[1386,96217678897818.mockFlowFile,23B] to original
[main] DEBUG org.apache.nifi.processors.standard.RouteText - RouteText[id=fc47b1db-e7ae-450c-887b-29adc31df765] Adding new dynamic property: PropertyDescriptor[simple]
[pool-3016-thread-1] INFO org.apache.nifi.processors.standard.RouteText - RouteText[id=fc47b1db-e7ae-450c-887b-29adc31df765] Created FlowFile[1389,96217679321928.mockFlowFile,23B] from FlowFile[1388,96217679321928.mockFlowFile,23B]; routing to relationship simple
[pool-3016-thread-1] INFO org.apache.nifi.processors.standard.RouteText - RouteText[id=fc47b1db-e7ae-450c-887b-29adc31df765] Routing FlowFile[1388,96217679321928.mockFlowFile,23B] to original
[main] DEBUG org.apache.nifi.processors.standard.RouteText - RouteText[id=fc47b1db-e7ae-450c-887b-29adc31df765] Adding new dynamic property: PropertyDescriptor[simple]
[pool-3017-thread-1] INFO org.apache.nifi.processors.standard.RouteText - RouteText[id=fc47b1db-e7ae-450c-887b-29adc31df765] Created FlowFile[1391,96217679748927.mockFlowFile,23B] from FlowFile[1390,96217679748927.mockFlowFile,23B]; routing to relationship simple
[pool-3017-thread-1] INFO org.apache.nifi.processors.standard.RouteText - RouteText[id=fc47b1db-e7ae-450c-887b-29adc31df765] Routing FlowFile[1390,96217679748927.mockFlowFile,23B] to original
[main] DEBUG org.apache.nifi.processors.standard.RouteText - RouteText[id=fc47b1db-e7ae-450c-887b-29adc31df765] Adding new dynamic property: PropertyDescriptor[simple]
[pool-3018-thread-1] INFO org.apache.nifi.processors.standard.RouteText - RouteText[id=fc47b1db-e7ae-450c-887b-29adc31df765] Created FlowFile[1393,96217680095047.mockFlowFile,23B] from FlowFile[1392,96217680095047.mockFlowFile,23B]; routing to relationship simple
[pool-3018-thread-1] INFO org.apache.nifi.processors.standard.RouteText - RouteText[id=fc47b1db-e7ae-450c-887b-29adc31df765] Routing FlowFile[1392,96217680095047.mockFlowFile,23B] to original
[main] DEBUG org.apache.nifi.processors.standard.RouteText - RouteText[id=fc47b1db-e7ae-450c-887b-29adc31df765] Adding new dynamic property: PropertyDescriptor[simple]
[pool-3019-thread-1] INFO org.apache.nifi.processors.standard.RouteText - RouteText[id=fc47b1db-e7ae-450c-887b-29adc31df765] Created FlowFile[1395,96217680468752.mockFlowFile,23B] from FlowFile[1394,96217680468752.mockFlowFile,23B]; routing to relationship simple
[pool-3019-thread-1] INFO org.apache.nifi.processors.standard.RouteText - RouteText[id=fc47b1db-e7ae-450c-887b-29adc31df765] Routing FlowFile[1394,96217680468752.mockFlowFile,23B] to original
[main] DEBUG org.apache.nifi.processors.standard.RouteText - RouteText[id=fc47b1db-e7ae-450c-887b-29adc31df765] Adding new dynamic property: PropertyDescriptor[simple]
[pool-3020-thread-1] INFO org.apache.nifi.processors.standard.RouteText - RouteText[id=fc47b1db-e7ae-450c-887b-29adc31df765] Created FlowFile[1397,96217680787660.mockFlowFile,23B] from FlowFile[1396,96217680787660.mockFlowFile,23B]; routing to relationship simple
[pool-3020-thread-1] INFO org.apache.nifi.processors.standard.RouteText - RouteText[id=fc47b1db-e7ae-450c-887b-29adc31df765] Routing FlowFile[1396,96217680787660.mockFlowFile,23B] to original
[main] DEBUG org.apache.nifi.processors.standard.RouteText - RouteText[id=fc47b1db-e7ae-450c-887b-29adc31df765] Adding new dynamic property: PropertyDescriptor[simple]
[pool-3021-thread-1] INFO org.apache.nifi.processors.standard.RouteText - RouteText[id=fc47b1db-e7ae-450c-887b-29adc31df765] Created FlowFile[1399,96217681106050.mockFlowFile,23B] from FlowFile[1398,96217681106050.mockFlowFile,23B]; routing to relationship simple
[pool-3021-thread-1] INFO org.apache.nifi.processors.standard.RouteText - RouteText[id=fc47b1db-e7ae-450c-887b-29adc31df765] Routing FlowFile[1398,96217681106050.mockFlowFile,23B] to original
[main] DEBUG org.apache.nifi.processors.standard.RouteText - RouteText[id=fc47b1db-e7ae-450c-887b-29adc31df765] Adding new dynamic property: PropertyDescriptor[simple]
[pool-3022-thread-1] INFO org.apache.nifi.processors.standard.RouteText - RouteText[id=fc47b1db-e7ae-450c-887b-29adc31df765] Created FlowFile[1401,96217681552583.mockFlowFile,23B] from FlowFile[1400,96217681552583.mockFlowFile,23B]; routing to relationship simple
[pool-3022-thread-1] INFO org.apache.nifi.processors.standard.RouteText - RouteText[id=fc47b1db-e7ae-450c-887b-29adc31df765] Routing FlowFile[1400,96217681552583.mockFlowFile,23B] to original
[main] DEBUG org.apache.nifi.processors.standard.RouteText - RouteText[id=fc47b1db-e7ae-450c-887b-29adc31df765] Adding new dynamic property: PropertyDescriptor[simple]
[pool-3023-thread-1] INFO org.apache.nifi.processors.standard.RouteText - RouteText[id=fc47b1db-e7ae-450c-887b-29adc31df765] Created FlowFile[1403,96217681936317.mockFlowFile,23B] from FlowFile[1402,96217681936317.mockFlowFile,23B]; routing to relationship simple
[pool-3023-thread-1] INFO org.apache.nifi.processors.standard.RouteText - RouteText[id=fc47b1db-e7ae-450c-887b-29adc31df765] Routing FlowFile[1402,96217681936317.mockFlowFile,23B] to original
[main] DEBUG org.apache.nifi.processors.standard.RouteText - RouteText[id=fc47b1db-e7ae-450c-887b-29adc31df765] Adding new dynamic property: PropertyDescriptor[simple]
[pool-3024-thread-1] INFO org.apache.nifi.processors.standard.RouteText - RouteText[id=fc47b1db-e7ae-450c-887b-29adc31df765] Created FlowFile[1405,96217682290339.mockFlowFile,23B] from FlowFile[1404,96217682290339.mockFlowFile,23B]; routing to relationship simple
[pool-3024-thread-1] INFO org.apache.nifi.processors.standard.RouteText - RouteText[id=fc47b1db-e7ae-450c-887b-29adc31df765] Routing FlowFile[1404,96217682290339.mockFlowFile,23B] to original
[main] DEBUG org.apache.nifi.processors.standard.RouteText - RouteText[id=fc47b1db-e7ae-450c-887b-29adc31df765] Adding new dynamic property: PropertyDescriptor[simple]
[pool-3025-thread-1] INFO org.apache.nifi.processors.standard.RouteText - RouteText[id=fc47b1db-e7ae-450c-887b-29adc31df765] Created FlowFile[1407,96217682622512.mockFlowFile,23B] from FlowFile[1406,96217682622512.mockFlowFile,23B]; routing to relationship simple
[pool-3025-thread-1] INFO org.apache.nifi.processors.standard.RouteText - RouteText[id=fc47b1db-e7ae-450c-887b-29adc31df765] Routing FlowFile[1406,96217682622512.mockFlowFile,23B] to original
[main] DEBUG org.apache.nifi.processors.standard.RouteText - RouteText[id=fc47b1db-e7ae-450c-887b-29adc31df765] Adding new dynamic property: PropertyDescriptor[simple]
[pool-3026-thread-1] INFO org.apache.nifi.processors.standard.RouteText - RouteText[id=fc47b1db-e7ae-450c-887b-29adc31df765] Created FlowFile[1409,96217683088207.mockFlowFile,23B] from FlowFile[1408,96217683088207.mockFlowFile,23B]; routing to relationship simple
[pool-3026-thread-1] INFO org.apache.nifi.processors.standard.RouteText - RouteText[id=fc47b1db-e7ae-450c-887b-29adc31df765] Routing FlowFile[1408,96217683088207.mockFlowFile,23B] to original
[main] DEBUG org.apache.nifi.processors.standard.RouteText - RouteText[id=fc47b1db-e7ae-450c-887b-29adc31df765] Adding new dynamic property: PropertyDescriptor[simple]
[pool-3027-thread-1] INFO org.apache.nifi.processors.standard.RouteText - RouteText[id=fc47b1db-e7ae-450c-887b-29adc31df765] Created FlowFile[1411,96217683572611.mockFlowFile,23B] from FlowFile[1410,96217683572611.mockFlowFile,23B]; routing to relationship simple
[pool-3027-thread-1] INFO org.apache.nifi.processors.standard.RouteText - RouteText[id=fc47b1db-e7ae-450c-887b-29adc31df765] Routing FlowFile[1410,96217683572611.mockFlowFile,23B] to original
[main] DEBUG org.apache.nifi.processors.standard.RouteText - RouteText[id=fc47b1db-e7ae-450c-887b-29adc31df765] Adding new dynamic property: PropertyDescriptor[simple]
[pool-3028-thread-1] INFO org.apache.nifi.processors.standard.RouteText - RouteText[id=fc47b1db-e7ae-450c-887b-29adc31df765] Created FlowFile[1413,96217683990910.mockFlowFile,23B] from FlowFile[1412,96217683990910.mockFlowFile,23B]; routing to relationship simple
[pool-3028-thread-1] INFO org.apache.nifi.processors.standard.RouteText - RouteText[id=fc47b1db-e7ae-450c-887b-29adc31df765] Routing FlowFile[1412,96217683990910.mockFlowFile,23B] to original
[main] DEBUG org.apache.nifi.processors.standard.RouteText - RouteText[id=fc47b1db-e7ae-450c-887b-29adc31df765] Adding new dynamic property: PropertyDescriptor[simple]
[pool-3029-thread-1] INFO org.apache.nifi.processors.standard.RouteText - RouteText[id=fc47b1db-e7ae-450c-887b-29adc31df765] Created FlowFile[1415,96217684479661.mockFlowFile,23B] from FlowFile[1414,96217684479661.mockFlowFile,23B]; routing to relationship simple
[pool-3029-thread-1] INFO org.apache.nifi.processors.standard.RouteText - RouteText[id=fc47b1db-e7ae-450c-887b-29adc31df765] Routing FlowFile[1414,96217684479661.mockFlowFile,23B] to original
[main] DEBUG org.apache.nifi.processors.standard.RouteText - RouteText[id=fc47b1db-e7ae-450c-887b-29adc31df765] Adding new dynamic property: PropertyDescriptor[simple]
[pool-3030-thread-1] INFO org.apache.nifi.processors.standard.RouteText - RouteText[id=fc47b1db-e7ae-450c-887b-29adc31df765] Created FlowFile[1417,96217684909239.mockFlowFile,23B] from FlowFile[1416,96217684909239.mockFlowFile,23B]; routing to relationship simple
[pool-3030-thread-1] INFO org.apache.nifi.processors.standard.RouteText - RouteText[id=fc47b1db-e7ae-450c-887b-29adc31df765] Routing FlowFile[1416,96217684909239.mockFlowFile,23B] to original
[main] DEBUG org.apache.nifi.processors.standard.RouteText - RouteText[id=fc47b1db-e7ae-450c-887b-29adc31df765] Adding new dynamic property: PropertyDescriptor[simple]
[pool-3031-thread-1] INFO org.apache.nifi.processors.standard.RouteText - RouteText[id=fc47b1db-e7ae-450c-887b-29adc31df765] Created FlowFile[1419,96217685414172.mockFlowFile,23B] from FlowFile[1418,96217685414172.mockFlowFile,23B]; routing to relationship simple
[pool-3031-thread-1] INFO org.apache.nifi.processors.standard.RouteText - RouteText[id=fc47b1db-e7ae-450c-887b-29adc31df765] Routing FlowFile[1418,96217685414172.mockFlowFile,23B] to original
[main] DEBUG org.apache.nifi.processors.standard.RouteText - RouteText[id=fc47b1db-e7ae-450c-887b-29adc31df765] Adding new dynamic property: PropertyDescriptor[simple]
[pool-3032-thread-1] INFO org.apache.nifi.processors.standard.RouteText - RouteText[id=fc47b1db-e7ae-450c-887b-29adc31df765] Created FlowFile[1421,96217685884711.mockFlowFile,23B] from FlowFile[1420,96217685884711.mockFlowFile,23B]; routing to relationship simple
[pool-3032-thread-1] INFO org.apache.nifi.processors.standard.RouteText - RouteText[id=fc47b1db-e7ae-450c-887b-29adc31df765] Routing FlowFile[1420,96217685884711.mockFlowFile,23B] to original
[main] DEBUG org.apache.nifi.processors.standard.RouteText - RouteText[id=fc47b1db-e7ae-450c-887b-29adc31df765] Adding new dynamic property: PropertyDescriptor[simple]
[pool-3033-thread-1] INFO org.apache.nifi.processors.standard.RouteText - RouteText[id=fc47b1db-e7ae-450c-887b-29adc31df765] Created FlowFile[1423,96217686331858.mockFlowFile,23B] from FlowFile[1422,96217686331858.mockFlowFile,23B]; routing to relationship simple
[pool-3033-thread-1] INFO org.apache.nifi.processors.standard.RouteText - RouteText[id=fc47b1db-e7ae-450c-887b-29adc31df765] Routing FlowFile[1422,96217686331858.mockFlowFile,23B] to original
[main] DEBUG org.apache.nifi.processors.standard.RouteText - RouteText[id=fc47b1db-e7ae-450c-887b-29adc31df765] Adding new dynamic property: PropertyDescriptor[simple]
[pool-3034-thread-1] INFO org.apache.nifi.processors.standard.RouteText - RouteText[id=fc47b1db-e7ae-450c-887b-29adc31df765] Created FlowFile[1425,96217686713770.mockFlowFile,23B] from FlowFile[1424,96217686713770.mockFlowFile,23B]; routing to relationship simple
[pool-3034-thread-1] INFO org.apache.nifi.processors.standard.RouteText - RouteText[id=fc47b1db-e7ae-450c-887b-29adc31df765] Routing FlowFile[1424,96217686713770.mockFlowFile,23B] to original
[main] DEBUG org.apache.nifi.processors.standard.RouteText - RouteText[id=fc47b1db-e7ae-450c-887b-29adc31df765] Adding new dynamic property: PropertyDescriptor[simple]
[pool-3035-thread-1] INFO org.apache.nifi.processors.standard.RouteText - RouteText[id=fc47b1db-e7ae-450c-887b-29adc31df765] Created FlowFile[1427,96217687083619.mockFlowFile,23B] from FlowFile[1426,96217687083619.mockFlowFile,23B]; routing to relationship simple
[pool-3035-thread-1] INFO org.apache.nifi.processors.standard.RouteText - RouteText[id=fc47b1db-e7ae-450c-887b-29adc31df765] Routing FlowFile[1426,96217687083619.mockFlowFile,23B] to original
[main] DEBUG org.apache.nifi.processors.standard.RouteText - RouteText[id=fc47b1db-e7ae-450c-887b-29adc31df765] Adding new dynamic property: PropertyDescriptor[simple]
[pool-3036-thread-1] INFO org.apache.nifi.processors.standard.RouteText - RouteText[id=fc47b1db-e7ae-450c-887b-29adc31df765] Created FlowFile[1429,96217687465866.mockFlowFile,23B] from FlowFile[1428,96217687465866.mockFlowFile,23B]; routing to relationship simple
[pool-3036-thread-1] INFO org.apache.nifi.processors.standard.RouteText - RouteText[id=fc47b1db-e7ae-450c-887b-29adc31df765] Routing FlowFile[1428,96217687465866.mockFlowFile,23B] to original
[main] DEBUG org.apache.nifi.processors.standard.RouteText - RouteText[id=fc47b1db-e7ae-450c-887b-29adc31df765] Adding new dynamic property: PropertyDescriptor[simple]
[pool-3037-thread-1] INFO org.apache.nifi.processors.standard.RouteText - RouteText[id=fc47b1db-e7ae-450c-887b-29adc31df765] Created FlowFile[1431,96217687833296.mockFlowFile,23B] from FlowFile[1430,96217687833296.mockFlowFile,23B]; routing to relationship simple
[pool-3037-thread-1] INFO org.apache.nifi.processors.standard.RouteText - RouteText[id=fc47b1db-e7ae-450c-887b-29adc31df765] Routing FlowFile[1430,96217687833296.mockFlowFile,23B] to original
[main] DEBUG org.apache.nifi.processors.standard.RouteText - RouteText[id=fc47b1db-e7ae-450c-887b-29adc31df765] Adding new dynamic property: PropertyDescriptor[simple]
[pool-3038-thread-1] INFO org.apache.nifi.processors.standard.RouteText - RouteText[id=fc47b1db-e7ae-450c-887b-29adc31df765] Created FlowFile[1433,96217688303753.mockFlowFile,23B] from FlowFile[1432,96217688303753.mockFlowFile,23B]; routing to relationship simple
[pool-3038-thread-1] INFO org.apache.nifi.processors.standard.RouteText - RouteText[id=fc47b1db-e7ae-450c-887b-29adc31df765] Routing FlowFile[1432,96217688303753.mockFlowFile,23B] to original
[main] DEBUG org.apache.nifi.processors.standard.RouteText - RouteText[id=fc47b1db-e7ae-450c-887b-29adc31df765] Adding new dynamic property: PropertyDescriptor[simple]
[pool-3039-thread-1] INFO org.apache.nifi.processors.standard.RouteText - RouteText[id=fc47b1db-e7ae-450c-887b-29adc31df765] Created FlowFile[1435,96217688828663.mockFlowFile,23B] from FlowFile[1434,96217688828663.mockFlowFile,23B]; routing to relationship simple
[pool-3039-thread-1] INFO org.apache.nifi.processors.standard.RouteText - RouteText[id=fc47b1db-e7ae-450c-887b-29adc31df765] Routing FlowFile[1434,96217688828663.mockFlowFile,23B] to original
[main] DEBUG org.apache.nifi.processors.standard.RouteText - RouteText[id=fc47b1db-e7ae-450c-887b-29adc31df765] Adding new dynamic property: PropertyDescriptor[simple]
[pool-3040-thread-1] INFO org.apache.nifi.processors.standard.RouteText - RouteText[id=fc47b1db-e7ae-450c-887b-29adc31df765] Created FlowFile[1437,96217689333047.mockFlowFile,23B] from FlowFile[1436,96217689333047.mockFlowFile,23B]; routing to relationship simple
[pool-3040-thread-1] INFO org.apache.nifi.processors.standard.RouteText - RouteText[id=fc47b1db-e7ae-450c-887b-29adc31df765] Routing FlowFile[1436,96217689333047.mockFlowFile,23B] to original
[main] DEBUG org.apache.nifi.processors.standard.RouteText - RouteText[id=fc47b1db-e7ae-450c-887b-29adc31df765] Adding new dynamic property: PropertyDescriptor[simple]
[pool-3041-thread-1] INFO org.apache.nifi.processors.standard.RouteText - RouteText[id=fc47b1db-e7ae-450c-887b-29adc31df765] Created FlowFile[1439,96217689813424.mockFlowFile,23B] from FlowFile[1438,96217689813424.mockFlowFile,23B]; routing to relationship simple
[pool-3041-thread-1] INFO org.apache.nifi.processors.standard.RouteText - RouteText[id=fc47b1db-e7ae-450c-887b-29adc31df765] Routing FlowFile[1438,96217689813424.mockFlowFile,23B] to original
[main] DEBUG org.apache.nifi.processors.standard.RouteText - RouteText[id=fc47b1db-e7ae-450c-887b-29adc31df765] Adding new dynamic property: PropertyDescriptor[simple]
[pool-3042-thread-1] INFO org.apache.nifi.processors.standard.RouteText - RouteText[id=fc47b1db-e7ae-450c-887b-29adc31df765] Created FlowFile[1441,96217690195544.mockFlowFile,23B] from FlowFile[1440,96217690195544.mockFlowFile,23B]; routing to relationship simple
[pool-3042-thread-1] INFO org.apache.nifi.processors.standard.RouteText - RouteText[id=fc47b1db-e7ae-450c-887b-29adc31df765] Routing FlowFile[1440,96217690195544.mockFlowFile,23B] to original
[main] DEBUG org.apache.nifi.processors.standard.RouteText - RouteText[id=fc47b1db-e7ae-450c-887b-29adc31df765] Adding new dynamic property: PropertyDescriptor[simple]
[pool-3043-thread-1] INFO org.apache.nifi.processors.standard.RouteText - RouteText[id=fc47b1db-e7ae-450c-887b-29adc31df765] Created FlowFile[1443,96217690569000.mockFlowFile,23B] from FlowFile[1442,96217690569000.mockFlowFile,23B]; routing to relationship simple
[pool-3043-thread-1] INFO org.apache.nifi.processors.standard.RouteText - RouteText[id=fc47b1db-e7ae-450c-887b-29adc31df765] Routing FlowFile[1442,96217690569000.mockFlowFile,23B] to original
[main] DEBUG org.apache.nifi.processors.standard.RouteText - RouteText[id=fc47b1db-e7ae-450c-887b-29adc31df765] Adding new dynamic property: PropertyDescriptor[simple]
[pool-3044-thread-1] INFO org.apache.nifi.processors.standard.RouteText - RouteText[id=fc47b1db-e7ae-450c-887b-29adc31df765] Created FlowFile[1445,96217690947847.mockFlowFile,23B] from FlowFile[1444,96217690947847.mockFlowFile,23B]; routing to relationship simple
[pool-3044-thread-1] INFO org.apache.nifi.processors.standard.RouteText - RouteText[id=fc47b1db-e7ae-450c-887b-29adc31df765] Routing FlowFile[1444,96217690947847.mockFlowFile,23B] to original
[main] DEBUG org.apache.nifi.processors.standard.RouteText - RouteText[id=fc47b1db-e7ae-450c-887b-29adc31df765] Adding new dynamic property: PropertyDescriptor[simple]
[pool-3045-thread-1] INFO org.apache.nifi.processors.standard.RouteText - RouteText[id=fc47b1db-e7ae-450c-887b-29adc31df765] Created FlowFile[1447,96217691383042.mockFlowFile,23B] from FlowFile[1446,96217691383042.mockFlowFile,23B]; routing to relationship simple
[pool-3045-thread-1] INFO org.apache.nifi.processors.standard.RouteText - RouteText[id=fc47b1db-e7ae-450c-887b-29adc31df765] Routing FlowFile[1446,96217691383042.mockFlowFile,23B] to original
[main] DEBUG org.apache.nifi.processors.standard.RouteText - RouteText[id=fc47b1db-e7ae-450c-887b-29adc31df765] Adding new dynamic property: PropertyDescriptor[simple]
[pool-3046-thread-1] INFO org.apache.nifi.processors.standard.RouteText - RouteText[id=fc47b1db-e7ae-450c-887b-29adc31df765] Created FlowFile[1449,96217691785542.mockFlowFile,23B] from FlowFile[1448,96217691785542.mockFlowFile,23B]; routing to relationship simple
[pool-3046-thread-1] INFO org.apache.nifi.processors.standard.RouteText - RouteText[id=fc47b1db-e7ae-450c-887b-29adc31df765] Routing FlowFile[1448,96217691785542.mockFlowFile,23B] to original
[main] DEBUG org.apache.nifi.processors.standard.RouteText - RouteText[id=fc47b1db-e7ae-450c-887b-29adc31df765] Adding new dynamic property: PropertyDescriptor[simple]
[pool-3047-thread-1] INFO org.apache.nifi.processors.standard.RouteText - RouteText[id=fc47b1db-e7ae-450c-887b-29adc31df765] Created FlowFile[1451,96217692261716.mockFlowFile,23B] from FlowFile[1450,96217692261716.mockFlowFile,23B]; routing to relationship simple
[pool-3047-thread-1] INFO org.apache.nifi.processors.standard.RouteText - RouteText[id=fc47b1db-e7ae-450c-887b-29adc31df765] Routing FlowFile[1450,96217692261716.mockFlowFile,23B] to original
[main] DEBUG org.apache.nifi.processors.standard.RouteText - RouteText[id=fc47b1db-e7ae-450c-887b-29adc31df765] Adding new dynamic property: PropertyDescriptor[simple]
[pool-3048-thread-1] INFO org.apache.nifi.processors.standard.RouteText - RouteText[id=fc47b1db-e7ae-450c-887b-29adc31df765] Created FlowFile[1453,96217692772296.mockFlowFile,23B] from FlowFile[1452,96217692772296.mockFlowFile,23B]; routing to relationship simple
[pool-3048-thread-1] INFO org.apache.nifi.processors.standard.RouteText - RouteText[id=fc47b1db-e7ae-450c-887b-29adc31df765] Routing FlowFile[1452,96217692772296.mockFlowFile,23B] to original
[main] DEBUG org.apache.nifi.processors.standard.RouteText - RouteText[id=fc47b1db-e7ae-450c-887b-29adc31df765] Adding new dynamic property: PropertyDescriptor[simple]
[pool-3049-thread-1] INFO org.apache.nifi.processors.standard.RouteText - RouteText[id=fc47b1db-e7ae-450c-887b-29adc31df765] Created FlowFile[1455,96217693231616.mockFlowFile,23B] from FlowFile[1454,96217693231616.mockFlowFile,23B]; routing to relationship simple
[pool-3049-thread-1] INFO org.apache.nifi.processors.standard.RouteText - RouteText[id=fc47b1db-e7ae-450c-887b-29adc31df765] Routing FlowFile[1454,96217693231616.mockFlowFile,23B] to original
[main] DEBUG org.apache.nifi.processors.standard.RouteText - RouteText[id=fc47b1db-e7ae-450c-887b-29adc31df765] Adding new dynamic property: PropertyDescriptor[simple]
[pool-3050-thread-1] INFO org.apache.nifi.processors.standard.RouteText - RouteText[id=fc47b1db-e7ae-450c-887b-29adc31df765] Created FlowFile[1457,96217693730486.mockFlowFile,23B] from FlowFile[1456,96217693730486.mockFlowFile,23B]; routing to relationship simple
[pool-3050-thread-1] INFO org.apache.nifi.processors.standard.RouteText - RouteText[id=fc47b1db-e7ae-450c-887b-29adc31df765] Routing FlowFile[1456,96217693730486.mockFlowFile,23B] to original
[main] DEBUG org.apache.nifi.processors.standard.RouteText - RouteText[id=fc47b1db-e7ae-450c-887b-29adc31df765] Adding new dynamic property: PropertyDescriptor[simple]
[pool-3051-thread-1] INFO org.apache.nifi.processors.standard.RouteText - RouteText[id=fc47b1db-e7ae-450c-887b-29adc31df765] Created FlowFile[1459,96217694149596.mockFlowFile,23B] from FlowFile[1458,96217694149596.mockFlowFile,23B]; routing to relationship simple
[pool-3051-thread-1] INFO org.apache.nifi.processors.standard.RouteText - RouteText[id=fc47b1db-e7ae-450c-887b-29adc31df765] Routing FlowFile[1458,96217694149596.mockFlowFile,23B] to original
[main] DEBUG org.apache.nifi.processors.standard.RouteText - RouteText[id=fc47b1db-e7ae-450c-887b-29adc31df765] Adding new dynamic property: PropertyDescriptor[simple]
[pool-3052-thread-1] INFO org.apache.nifi.processors.standard.RouteText - RouteText[id=fc47b1db-e7ae-450c-887b-29adc31df765] Created FlowFile[1461,96217694521023.mockFlowFile,23B] from FlowFile[1460,96217694521023.mockFlowFile,23B]; routing to relationship simple
[pool-3052-thread-1] INFO org.apache.nifi.processors.standard.RouteText - RouteText[id=fc47b1db-e7ae-450c-887b-29adc31df765] Routing FlowFile[1460,96217694521023.mockFlowFile,23B] to original
[main] DEBUG org.apache.nifi.processors.standard.RouteText - RouteText[id=fc47b1db-e7ae-450c-887b-29adc31df765] Adding new dynamic property: PropertyDescriptor[simple]
[pool-3053-thread-1] INFO org.apache.nifi.processors.standard.RouteText - RouteText[id=fc47b1db-e7ae-450c-887b-29adc31df765] Created FlowFile[1463,96217694880162.mockFlowFile,23B] from FlowFile[1462,96217694880162.mockFlowFile,23B]; routing to relationship simple
[pool-3053-thread-1] INFO org.apache.nifi.processors.standard.RouteText - RouteText[id=fc47b1db-e7ae-450c-887b-29adc31df765] Routing FlowFile[1462,96217694880162.mockFlowFile,23B] to original
[main] DEBUG org.apache.nifi.processors.standard.RouteText - RouteText[id=fc47b1db-e7ae-450c-887b-29adc31df765] Adding new dynamic property: PropertyDescriptor[simple]
[pool-3054-thread-1] INFO org.apache.nifi.processors.standard.RouteText - RouteText[id=fc47b1db-e7ae-450c-887b-29adc31df765] Created FlowFile[1465,96217695323887.mockFlowFile,23B] from FlowFile[1464,96217695323887.mockFlowFile,23B]; routing to relationship simple
[pool-3054-thread-1] INFO org.apache.nifi.processors.standard.RouteText - RouteText[id=fc47b1db-e7ae-450c-887b-29adc31df765] Routing FlowFile[1464,96217695323887.mockFlowFile,23B] to original
[main] DEBUG org.apache.nifi.processors.standard.RouteText - RouteText[id=fc47b1db-e7ae-450c-887b-29adc31df765] Adding new dynamic property: PropertyDescriptor[simple]
[pool-3055-thread-1] INFO org.apache.nifi.processors.standard.RouteText - RouteText[id=fc47b1db-e7ae-450c-887b-29adc31df765] Created FlowFile[1467,96217695766876.mockFlowFile,23B] from FlowFile[1466,96217695766876.mockFlowFile,23B]; routing to relationship simple
[pool-3055-thread-1] INFO org.apache.nifi.processors.standard.RouteText - RouteText[id=fc47b1db-e7ae-450c-887b-29adc31df765] Routing FlowFile[1466,96217695766876.mockFlowFile,23B] to original
[main] DEBUG org.apache.nifi.processors.standard.RouteText - RouteText[id=fc47b1db-e7ae-450c-887b-29adc31df765] Adding new dynamic property: PropertyDescriptor[simple]
[pool-3056-thread-1] INFO org.apache.nifi.processors.standard.RouteText - RouteText[id=fc47b1db-e7ae-450c-887b-29adc31df765] Created FlowFile[1469,96217696311765.mockFlowFile,23B] from FlowFile[1468,96217696311765.mockFlowFile,23B]; routing to relationship simple
[pool-3056-thread-1] INFO org.apache.nifi.processors.standard.RouteText - RouteText[id=fc47b1db-e7ae-450c-887b-29adc31df765] Routing FlowFile[1468,96217696311765.mockFlowFile,23B] to original
[main] DEBUG org.apache.nifi.processors.standard.RouteText - RouteText[id=fc47b1db-e7ae-450c-887b-29adc31df765] Adding new dynamic property: PropertyDescriptor[simple]
[pool-3057-thread-1] INFO org.apache.nifi.processors.standard.RouteText - RouteText[id=fc47b1db-e7ae-450c-887b-29adc31df765] Created FlowFile[1471,96217696706697.mockFlowFile,23B] from FlowFile[1470,96217696706697.mockFlowFile,23B]; routing to relationship simple
[pool-3057-thread-1] INFO org.apache.nifi.processors.standard.RouteText - RouteText[id=fc47b1db-e7ae-450c-887b-29adc31df765] Routing FlowFile[1470,96217696706697.mockFlowFile,23B] to original
[main] DEBUG org.apache.nifi.processors.standard.RouteText - RouteText[id=fc47b1db-e7ae-450c-887b-29adc31df765] Adding new dynamic property: PropertyDescriptor[simple]
[pool-3058-thread-1] INFO org.apache.nifi.processors.standard.RouteText - RouteText[id=fc47b1db-e7ae-450c-887b-29adc31df765] Created FlowFile[1473,96217697144539.mockFlowFile,23B] from FlowFile[1472,96217697144539.mockFlowFile,23B]; routing to relationship simple
[pool-3058-thread-1] INFO org.apache.nifi.processors.standard.RouteText - RouteText[id=fc47b1db-e7ae-450c-887b-29adc31df765] Routing FlowFile[1472,96217697144539.mockFlowFile,23B] to original
[main] DEBUG org.apache.nifi.processors.standard.RouteText - RouteText[id=fc47b1db-e7ae-450c-887b-29adc31df765] Adding new dynamic property: PropertyDescriptor[simple]
[pool-3059-thread-1] INFO org.apache.nifi.processors.standard.RouteText - RouteText[id=fc47b1db-e7ae-450c-887b-29adc31df765] Created FlowFile[1475,96217697554527.mockFlowFile,23B] from FlowFile[1474,96217697554527.mockFlowFile,23B]; routing to relationship simple
[pool-3059-thread-1] INFO org.apache.nifi.processors.standard.RouteText - RouteText[id=fc47b1db-e7ae-450c-887b-29adc31df765] Routing FlowFile[1474,96217697554527.mockFlowFile,23B] to original
[main] DEBUG org.apache.nifi.processors.standard.RouteText - RouteText[id=fc47b1db-e7ae-450c-887b-29adc31df765] Adding new dynamic property: PropertyDescriptor[simple]
[pool-3060-thread-1] INFO org.apache.nifi.processors.standard.RouteText - RouteText[id=fc47b1db-e7ae-450c-887b-29adc31df765] Created FlowFile[1477,96217697990275.mockFlowFile,23B] from FlowFile[1476,96217697990275.mockFlowFile,23B]; routing to relationship simple
[pool-3060-thread-1] INFO org.apache.nifi.processors.standard.RouteText - RouteText[id=fc47b1db-e7ae-450c-887b-29adc31df765] Routing FlowFile[1476,96217697990275.mockFlowFile,23B] to original
[main] DEBUG org.apache.nifi.processors.standard.RouteText - RouteText[id=fc47b1db-e7ae-450c-887b-29adc31df765] Adding new dynamic property: PropertyDescriptor[simple]
[pool-3061-thread-1] INFO org.apache.nifi.processors.standard.RouteText - RouteText[id=fc47b1db-e7ae-450c-887b-29adc31df765] Created FlowFile[1479,96217698325270.mockFlowFile,23B] from FlowFile[1478,96217698325270.mockFlowFile,23B]; routing to relationship simple
[pool-3061-thread-1] INFO org.apache.nifi.processors.standard.RouteText - RouteText[id=fc47b1db-e7ae-450c-887b-29adc31df765] Routing FlowFile[1478,96217698325270.mockFlowFile,23B] to original
[main] DEBUG org.apache.nifi.processors.standard.RouteText - RouteText[id=fc47b1db-e7ae-450c-887b-29adc31df765] Adding new dynamic property: PropertyDescriptor[simple]
[pool-3062-thread-1] INFO org.apache.nifi.processors.standard.RouteText - RouteText[id=fc47b1db-e7ae-450c-887b-29adc31df765] Created FlowFile[1481,96217698664685.mockFlowFile,23B] from FlowFile[1480,96217698664685.mockFlowFile,23B]; routing to relationship simple
[pool-3062-thread-1] INFO org.apache.nifi.processors.standard.RouteText - RouteText[id=fc47b1db-e7ae-450c-887b-29adc31df765] Routing FlowFile[1480,96217698664685.mockFlowFile,23B] to original
[main] DEBUG org.apache.nifi.processors.standard.RouteText - RouteText[id=fc47b1db-e7ae-450c-887b-29adc31df765] Adding new dynamic property: PropertyDescriptor[simple]
[pool-3063-thread-1] INFO org.apache.nifi.processors.standard.RouteText - RouteText[id=fc47b1db-e7ae-450c-887b-29adc31df765] Created FlowFile[1483,96217699012815.mockFlowFile,23B] from FlowFile[1482,96217699012815.mockFlowFile,23B]; routing to relationship simple
[pool-3063-thread-1] INFO org.apache.nifi.processors.standard.RouteText - RouteText[id=fc47b1db-e7ae-450c-887b-29adc31df765] Routing FlowFile[1482,96217699012815.mockFlowFile,23B] to original
[main] DEBUG org.apache.nifi.processors.standard.RouteText - RouteText[id=fc47b1db-e7ae-450c-887b-29adc31df765] Adding new dynamic property: PropertyDescriptor[simple]
[pool-3064-thread-1] INFO org.apache.nifi.processors.standard.RouteText - RouteText[id=fc47b1db-e7ae-450c-887b-29adc31df765] Created FlowFile[1485,96217699426389.mockFlowFile,23B] from FlowFile[1484,96217699426389.mockFlowFile,23B]; routing to relationship simple
[pool-3064-thread-1] INFO org.apache.nifi.processors.standard.RouteText - RouteText[id=fc47b1db-e7ae-450c-887b-29adc31df765] Routing FlowFile[1484,96217699426389.mockFlowFile,23B] to original
[main] DEBUG org.apache.nifi.processors.standard.RouteText - RouteText[id=fc47b1db-e7ae-450c-887b-29adc31df765] Adding new dynamic property: PropertyDescriptor[simple]
[pool-3065-thread-1] INFO org.apache.nifi.processors.standard.RouteText - RouteText[id=fc47b1db-e7ae-450c-887b-29adc31df765] Created FlowFile[1487,96217699814393.mockFlowFile,23B] from FlowFile[1486,96217699814393.mockFlowFile,23B]; routing to relationship simple
[pool-3065-thread-1] INFO org.apache.nifi.processors.standard.RouteText - RouteText[id=fc47b1db-e7ae-450c-887b-29adc31df765] Routing FlowFile[1486,96217699814393.mockFlowFile,23B] to original
[main] DEBUG org.apache.nifi.processors.standard.RouteText - RouteText[id=fc47b1db-e7ae-450c-887b-29adc31df765] Adding new dynamic property: PropertyDescriptor[simple]
[pool-3066-thread-1] INFO org.apache.nifi.processors.standard.RouteText - RouteText[id=fc47b1db-e7ae-450c-887b-29adc31df765] Created FlowFile[1489,96217700234637.mockFlowFile,23B] from FlowFile[1488,96217700234637.mockFlowFile,23B]; routing to relationship simple
[pool-3066-thread-1] INFO org.apache.nifi.processors.standard.RouteText - RouteText[id=fc47b1db-e7ae-450c-887b-29adc31df765] Routing FlowFile[1488,96217700234637.mockFlowFile,23B] to original
[main] DEBUG org.apache.nifi.processors.standard.RouteText - RouteText[id=fc47b1db-e7ae-450c-887b-29adc31df765] Adding new dynamic property: PropertyDescriptor[simple]
[pool-3067-thread-1] INFO org.apache.nifi.processors.standard.RouteText - RouteText[id=fc47b1db-e7ae-450c-887b-29adc31df765] Created FlowFile[1491,96217700797689.mockFlowFile,23B] from FlowFile[1490,96217700797689.mockFlowFile,23B]; routing to relationship simple
[pool-3067-thread-1] INFO org.apache.nifi.processors.standard.RouteText - RouteText[id=fc47b1db-e7ae-450c-887b-29adc31df765] Routing FlowFile[1490,96217700797689.mockFlowFile,23B] to original
[main] DEBUG org.apache.nifi.processors.standard.RouteText - RouteText[id=fc47b1db-e7ae-450c-887b-29adc31df765] Adding new dynamic property: PropertyDescriptor[simple]
[pool-3068-thread-1] INFO org.apache.nifi.processors.standard.RouteText - RouteText[id=fc47b1db-e7ae-450c-887b-29adc31df765] Created FlowFile[1493,96217701239289.mockFlowFile,23B] from FlowFile[1492,96217701239289.mockFlowFile,23B]; routing to relationship simple
[pool-3068-thread-1] INFO org.apache.nifi.processors.standard.RouteText - RouteText[id=fc47b1db-e7ae-450c-887b-29adc31df765] Routing FlowFile[1492,96217701239289.mockFlowFile,23B] to original
[main] DEBUG org.apache.nifi.processors.standard.RouteText - RouteText[id=fc47b1db-e7ae-450c-887b-29adc31df765] Adding new dynamic property: PropertyDescriptor[simple]
[pool-3069-thread-1] INFO org.apache.nifi.processors.standard.RouteText - RouteText[id=fc47b1db-e7ae-450c-887b-29adc31df765] Created FlowFile[1495,96217701556132.mockFlowFile,23B] from FlowFile[1494,96217701556132.mockFlowFile,23B]; routing to relationship simple
[pool-3069-thread-1] INFO org.apache.nifi.processors.standard.RouteText - RouteText[id=fc47b1db-e7ae-450c-887b-29adc31df765] Routing FlowFile[1494,96217701556132.mockFlowFile,23B] to original
[main] DEBUG org.apache.nifi.processors.standard.RouteText - RouteText[id=fc47b1db-e7ae-450c-887b-29adc31df765] Adding new dynamic property: PropertyDescriptor[simple]
[pool-3070-thread-1] INFO org.apache.nifi.processors.standard.RouteText - RouteText[id=fc47b1db-e7ae-450c-887b-29adc31df765] Created FlowFile[1497,96217701848769.mockFlowFile,23B] from FlowFile[1496,96217701848769.mockFlowFile,23B]; routing to relationship simple
[pool-3070-thread-1] INFO org.apache.nifi.processors.standard.RouteText - RouteText[id=fc47b1db-e7ae-450c-887b-29adc31df765] Routing FlowFile[1496,96217701848769.mockFlowFile,23B] to original
[main] DEBUG org.apache.nifi.processors.standard.RouteText - RouteText[id=fc47b1db-e7ae-450c-887b-29adc31df765] Adding new dynamic property: PropertyDescriptor[simple]
[pool-3071-thread-1] INFO org.apache.nifi.processors.standard.RouteText - RouteText[id=fc47b1db-e7ae-450c-887b-29adc31df765] Created FlowFile[1499,96217702138740.mockFlowFile,23B] from FlowFile[1498,96217702138740.mockFlowFile,23B]; routing to relationship simple
[pool-3071-thread-1] INFO org.apache.nifi.processors.standard.RouteText - RouteText[id=fc47b1db-e7ae-450c-887b-29adc31df765] Routing FlowFile[1498,96217702138740.mockFlowFile,23B] to original
[main] DEBUG org.apache.nifi.processors.standard.RouteText - RouteText[id=fc47b1db-e7ae-450c-887b-29adc31df765] Adding new dynamic property: PropertyDescriptor[simple]
[pool-3072-thread-1] INFO org.apache.nifi.processors.standard.RouteText - RouteText[id=fc47b1db-e7ae-450c-887b-29adc31df765] Created FlowFile[1501,96217702425270.mockFlowFile,23B] from FlowFile[1500,96217702425270.mockFlowFile,23B]; routing to relationship simple
[pool-3072-thread-1] INFO org.apache.nifi.processors.standard.RouteText - RouteText[id=fc47b1db-e7ae-450c-887b-29adc31df765] Routing FlowFile[1500,96217702425270.mockFlowFile,23B] to original
[main] DEBUG org.apache.nifi.processors.standard.RouteText - RouteText[id=fc47b1db-e7ae-450c-887b-29adc31df765] Adding new dynamic property: PropertyDescriptor[simple]
[pool-3073-thread-1] INFO org.apache.nifi.processors.standard.RouteText - RouteText[id=fc47b1db-e7ae-450c-887b-29adc31df765] Created FlowFile[1503,96217702717912.mockFlowFile,23B] from FlowFile[1502,96217702717912.mockFlowFile,23B]; routing to relationship simple
[pool-3073-thread-1] INFO org.apache.nifi.processors.standard.RouteText - RouteText[id=fc47b1db-e7ae-450c-887b-29adc31df765] Routing FlowFile[1502,96217702717912.mockFlowFile,23B] to original
[main] DEBUG org.apache.nifi.processors.standard.RouteText - RouteText[id=fc47b1db-e7ae-450c-887b-29adc31df765] Adding new dynamic property: PropertyDescriptor[simple]
[pool-3074-thread-1] INFO org.apache.nifi.processors.standard.RouteText - RouteText[id=fc47b1db-e7ae-450c-887b-29adc31df765] Created FlowFile[1505,96217703013602.mockFlowFile,23B] from FlowFile[1504,96217703013602.mockFlowFile,23B]; routing to relationship simple
[pool-3074-thread-1] INFO org.apache.nifi.processors.standard.RouteText - RouteText[id=fc47b1db-e7ae-450c-887b-29adc31df765] Routing FlowFile[1504,96217703013602.mockFlowFile,23B] to original
[main] DEBUG org.apache.nifi.processors.standard.RouteText - RouteText[id=fc47b1db-e7ae-450c-887b-29adc31df765] Adding new dynamic property: PropertyDescriptor[simple]
[pool-3075-thread-1] INFO org.apache.nifi.processors.standard.RouteText - RouteText[id=fc47b1db-e7ae-450c-887b-29adc31df765] Created FlowFile[1507,96217703442829.mockFlowFile,23B] from FlowFile[1506,96217703442829.mockFlowFile,23B]; routing to relationship simple
[pool-3075-thread-1] INFO org.apache.nifi.processors.standard.RouteText - RouteText[id=fc47b1db-e7ae-450c-887b-29adc31df765] Routing FlowFile[1506,96217703442829.mockFlowFile,23B] to original
[main] DEBUG org.apache.nifi.processors.standard.RouteText - RouteText[id=fc47b1db-e7ae-450c-887b-29adc31df765] Adding new dynamic property: PropertyDescriptor[simple]
[pool-3076-thread-1] INFO org.apache.nifi.processors.standard.RouteText - RouteText[id=fc47b1db-e7ae-450c-887b-29adc31df765] Created FlowFile[1509,96217703793145.mockFlowFile,23B] from FlowFile[1508,96217703793145.mockFlowFile,23B]; routing to relationship simple
[pool-3076-thread-1] INFO org.apache.nifi.processors.standard.RouteText - RouteText[id=fc47b1db-e7ae-450c-887b-29adc31df765] Routing FlowFile[1508,96217703793145.mockFlowFile,23B] to original
[main] DEBUG org.apache.nifi.processors.standard.RouteText - RouteText[id=fc47b1db-e7ae-450c-887b-29adc31df765] Adding new dynamic property: PropertyDescriptor[simple]
[pool-3077-thread-1] INFO org.apache.nifi.processors.standard.RouteText - RouteText[id=fc47b1db-e7ae-450c-887b-29adc31df765] Created FlowFile[1511,96217704145404.mockFlowFile,23B] from FlowFile[1510,96217704145404.mockFlowFile,23B]; routing to relationship simple
[pool-3077-thread-1] INFO org.apache.nifi.processors.standard.RouteText - RouteText[id=fc47b1db-e7ae-450c-887b-29adc31df765] Routing FlowFile[1510,96217704145404.mockFlowFile,23B] to original
[main] DEBUG org.apache.nifi.processors.standard.RouteText - RouteText[id=fc47b1db-e7ae-450c-887b-29adc31df765] Adding new dynamic property: PropertyDescriptor[simple]
[pool-3078-thread-1] INFO org.apache.nifi.processors.standard.RouteText - RouteText[id=fc47b1db-e7ae-450c-887b-29adc31df765] Created FlowFile[1513,96217704492256.mockFlowFile,23B] from FlowFile[1512,96217704492256.mockFlowFile,23B]; routing to relationship simple
[pool-3078-thread-1] INFO org.apache.nifi.processors.standard.RouteText - RouteText[id=fc47b1db-e7ae-450c-887b-29adc31df765] Routing FlowFile[1512,96217704492256.mockFlowFile,23B] to original
[main] DEBUG org.apache.nifi.processors.standard.RouteText - RouteText[id=fc47b1db-e7ae-450c-887b-29adc31df765] Adding new dynamic property: PropertyDescriptor[simple]
[pool-3079-thread-1] INFO org.apache.nifi.processors.standard.RouteText - RouteText[id=fc47b1db-e7ae-450c-887b-29adc31df765] Created FlowFile[1515,96217704913732.mockFlowFile,23B] from FlowFile[1514,96217704913732.mockFlowFile,23B]; routing to relationship simple
[pool-3079-thread-1] INFO org.apache.nifi.processors.standard.RouteText - RouteText[id=fc47b1db-e7ae-450c-887b-29adc31df765] Routing FlowFile[1514,96217704913732.mockFlowFile,23B] to original
[main] DEBUG org.apache.nifi.processors.standard.RouteText - RouteText[id=fc47b1db-e7ae-450c-887b-29adc31df765] Adding new dynamic property: PropertyDescriptor[simple]
[pool-3080-thread-1] INFO org.apache.nifi.processors.standard.RouteText - RouteText[id=fc47b1db-e7ae-450c-887b-29adc31df765] Created FlowFile[1517,96217705305158.mockFlowFile,23B] from FlowFile[1516,96217705305158.mockFlowFile,23B]; routing to relationship simple
[pool-3080-thread-1] INFO org.apache.nifi.processors.standard.RouteText - RouteText[id=fc47b1db-e7ae-450c-887b-29adc31df765] Routing FlowFile[1516,96217705305158.mockFlowFile,23B] to original
[main] DEBUG org.apache.nifi.processors.standard.RouteText - RouteText[id=fc47b1db-e7ae-450c-887b-29adc31df765] Adding new dynamic property: PropertyDescriptor[simple]
[pool-3081-thread-1] INFO org.apache.nifi.processors.standard.RouteText - RouteText[id=fc47b1db-e7ae-450c-887b-29adc31df765] Created FlowFile[1519,96217705611228.mockFlowFile,23B] from FlowFile[1518,96217705611228.mockFlowFile,23B]; routing to relationship simple
[pool-3081-thread-1] INFO org.apache.nifi.processors.standard.RouteText - RouteText[id=fc47b1db-e7ae-450c-887b-29adc31df765] Routing FlowFile[1518,96217705611228.mockFlowFile,23B] to original
[main] DEBUG org.apache.nifi.processors.standard.RouteText - RouteText[id=fc47b1db-e7ae-450c-887b-29adc31df765] Adding new dynamic property: PropertyDescriptor[simple]
[pool-3082-thread-1] INFO org.apache.nifi.processors.standard.RouteText - RouteText[id=fc47b1db-e7ae-450c-887b-29adc31df765] Created FlowFile[1521,96217705912312.mockFlowFile,23B] from FlowFile[1520,96217705912312.mockFlowFile,23B]; routing to relationship simple
[pool-3082-thread-1] INFO org.apache.nifi.processors.standard.RouteText - RouteText[id=fc47b1db-e7ae-450c-887b-29adc31df765] Routing FlowFile[1520,96217705912312.mockFlowFile,23B] to original
[main] DEBUG org.apache.nifi.processors.standard.RouteText - RouteText[id=fc47b1db-e7ae-450c-887b-29adc31df765] Adding new dynamic property: PropertyDescriptor[simple]
[pool-3083-thread-1] INFO org.apache.nifi.processors.standard.RouteText - RouteText[id=fc47b1db-e7ae-450c-887b-29adc31df765] Created FlowFile[1523,96217706336765.mockFlowFile,23B] from FlowFile[1522,96217706336765.mockFlowFile,23B]; routing to relationship simple
[pool-3083-thread-1] INFO org.apache.nifi.processors.standard.RouteText - RouteText[id=fc47b1db-e7ae-450c-887b-29adc31df765] Routing FlowFile[1522,96217706336765.mockFlowFile,23B] to original
[main] DEBUG org.apache.nifi.processors.standard.RouteText - RouteText[id=fc47b1db-e7ae-450c-887b-29adc31df765] Adding new dynamic property: PropertyDescriptor[simple]
[pool-3084-thread-1] INFO org.apache.nifi.processors.standard.RouteText - RouteText[id=fc47b1db-e7ae-450c-887b-29adc31df765] Created FlowFile[1525,96217706667259.mockFlowFile,23B] from FlowFile[1524,96217706667259.mockFlowFile,23B]; routing to relationship simple
[pool-3084-thread-1] INFO org.apache.nifi.processors.standard.RouteText - RouteText[id=fc47b1db-e7ae-450c-887b-29adc31df765] Routing FlowFile[1524,96217706667259.mockFlowFile,23B] to original
[main] DEBUG org.apache.nifi.processors.standard.RouteText - RouteText[id=fc47b1db-e7ae-450c-887b-29adc31df765] Adding new dynamic property: PropertyDescriptor[simple]
[pool-3085-thread-1] INFO org.apache.nifi.processors.standard.RouteText - RouteText[id=fc47b1db-e7ae-450c-887b-29adc31df765] Created FlowFile[1527,96217706999737.mockFlowFile,23B] from FlowFile[1526,96217706999737.mockFlowFile,23B]; routing to relationship simple
[pool-3085-thread-1] INFO org.apache.nifi.processors.standard.RouteText - RouteText[id=fc47b1db-e7ae-450c-887b-29adc31df765] Routing FlowFile[1526,96217706999737.mockFlowFile,23B] to original
[main] DEBUG org.apache.nifi.processors.standard.RouteText - RouteText[id=fc47b1db-e7ae-450c-887b-29adc31df765] Adding new dynamic property: PropertyDescriptor[simple]
[pool-3086-thread-1] INFO org.apache.nifi.processors.standard.RouteText - RouteText[id=fc47b1db-e7ae-450c-887b-29adc31df765] Created FlowFile[1529,96217707462096.mockFlowFile,23B] from FlowFile[1528,96217707462096.mockFlowFile,23B]; routing to relationship simple
[pool-3086-thread-1] INFO org.apache.nifi.processors.standard.RouteText - RouteText[id=fc47b1db-e7ae-450c-887b-29adc31df765] Routing FlowFile[1528,96217707462096.mockFlowFile,23B] to original
[main] DEBUG org.apache.nifi.processors.standard.RouteText - RouteText[id=fc47b1db-e7ae-450c-887b-29adc31df765] Adding new dynamic property: PropertyDescriptor[simple]
[pool-3087-thread-1] INFO org.apache.nifi.processors.standard.RouteText - RouteText[id=fc47b1db-e7ae-450c-887b-29adc31df765] Created FlowFile[1531,96217707834749.mockFlowFile,23B] from FlowFile[1530,96217707834749.mockFlowFile,23B]; routing to relationship simple
[pool-3087-thread-1] INFO org.apache.nifi.processors.standard.RouteText - RouteText[id=fc47b1db-e7ae-450c-887b-29adc31df765] Routing FlowFile[1530,96217707834749.mockFlowFile,23B] to original
[main] DEBUG org.apache.nifi.processors.standard.RouteText - RouteText[id=fc47b1db-e7ae-450c-887b-29adc31df765] Adding new dynamic property: PropertyDescriptor[simple]
[pool-3088-thread-1] INFO org.apache.nifi.processors.standard.RouteText - RouteText[id=fc47b1db-e7ae-450c-887b-29adc31df765] Created FlowFile[1533,96217708252717.mockFlowFile,23B] from FlowFile[1532,96217708252717.mockFlowFile,23B]; routing to relationship simple
[pool-3088-thread-1] INFO org.apache.nifi.processors.standard.RouteText - RouteText[id=fc47b1db-e7ae-450c-887b-29adc31df765] Routing FlowFile[1532,96217708252717.mockFlowFile,23B] to original
[main] DEBUG org.apache.nifi.processors.standard.RouteText - RouteText[id=fc47b1db-e7ae-450c-887b-29adc31df765] Adding new dynamic property: PropertyDescriptor[simple]
[pool-3089-thread-1] INFO org.apache.nifi.processors.standard.RouteText - RouteText[id=fc47b1db-e7ae-450c-887b-29adc31df765] Created FlowFile[1535,96217708785705.mockFlowFile,23B] from FlowFile[1534,96217708785705.mockFlowFile,23B]; routing to relationship simple
[pool-3089-thread-1] INFO org.apache.nifi.processors.standard.RouteText - RouteText[id=fc47b1db-e7ae-450c-887b-29adc31df765] Routing FlowFile[1534,96217708785705.mockFlowFile,23B] to original
[main] DEBUG org.apache.nifi.processors.standard.RouteText - RouteText[id=fc47b1db-e7ae-450c-887b-29adc31df765] Adding new dynamic property: PropertyDescriptor[simple]
[pool-3090-thread-1] INFO org.apache.nifi.processors.standard.RouteText - RouteText[id=fc47b1db-e7ae-450c-887b-29adc31df765] Created FlowFile[1537,96217709357513.mockFlowFile,23B] from FlowFile[1536,96217709357513.mockFlowFile,23B]; routing to relationship simple
[pool-3090-thread-1] INFO org.apache.nifi.processors.standard.RouteText - RouteText[id=fc47b1db-e7ae-450c-887b-29adc31df765] Routing FlowFile[1536,96217709357513.mockFlowFile,23B] to original
[main] DEBUG org.apache.nifi.processors.standard.RouteText - RouteText[id=fc47b1db-e7ae-450c-887b-29adc31df765] Adding new dynamic property: PropertyDescriptor[simple]
[pool-3091-thread-1] INFO org.apache.nifi.processors.standard.RouteText - RouteText[id=fc47b1db-e7ae-450c-887b-29adc31df765] Created FlowFile[1539,96217709750942.mockFlowFile,23B] from FlowFile[1538,96217709750942.mockFlowFile,23B]; routing to relationship simple
[pool-3091-thread-1] INFO org.apache.nifi.processors.standard.RouteText - RouteText[id=fc47b1db-e7ae-450c-887b-29adc31df765] Routing FlowFile[1538,96217709750942.mockFlowFile,23B] to original
[main] DEBUG org.apache.nifi.processors.standard.RouteText - RouteText[id=fc47b1db-e7ae-450c-887b-29adc31df765] Adding new dynamic property: PropertyDescriptor[simple]
[pool-3092-thread-1] INFO org.apache.nifi.processors.standard.RouteText - RouteText[id=fc47b1db-e7ae-450c-887b-29adc31df765] Created FlowFile[1541,96217710119111.mockFlowFile,23B] from FlowFile[1540,96217710119111.mockFlowFile,23B]; routing to relationship simple
[pool-3092-thread-1] INFO org.apache.nifi.processors.standard.RouteText - RouteText[id=fc47b1db-e7ae-450c-887b-29adc31df765] Routing FlowFile[1540,96217710119111.mockFlowFile,23B] to original
[main] DEBUG org.apache.nifi.processors.standard.RouteText - RouteText[id=fc47b1db-e7ae-450c-887b-29adc31df765] Adding new dynamic property: PropertyDescriptor[simple]
[pool-3093-thread-1] INFO org.apache.nifi.processors.standard.RouteText - RouteText[id=fc47b1db-e7ae-450c-887b-29adc31df765] Created FlowFile[1543,96217710480272.mockFlowFile,23B] from FlowFile[1542,96217710480272.mockFlowFile,23B]; routing to relationship simple
[pool-3093-thread-1] INFO org.apache.nifi.processors.standard.RouteText - RouteText[id=fc47b1db-e7ae-450c-887b-29adc31df765] Routing FlowFile[1542,96217710480272.mockFlowFile,23B] to original
[main] DEBUG org.apache.nifi.processors.standard.RouteText - RouteText[id=fc47b1db-e7ae-450c-887b-29adc31df765] Adding new dynamic property: PropertyDescriptor[simple]
[pool-3094-thread-1] INFO org.apache.nifi.processors.standard.RouteText - RouteText[id=fc47b1db-e7ae-450c-887b-29adc31df765] Created FlowFile[1545,96217710836656.mockFlowFile,23B] from FlowFile[1544,96217710836656.mockFlowFile,23B]; routing to relationship simple
[pool-3094-thread-1] INFO org.apache.nifi.processors.standard.RouteText - RouteText[id=fc47b1db-e7ae-450c-887b-29adc31df765] Routing FlowFile[1544,96217710836656.mockFlowFile,23B] to original
[main] DEBUG org.apache.nifi.processors.standard.RouteText - RouteText[id=fc47b1db-e7ae-450c-887b-29adc31df765] Adding new dynamic property: PropertyDescriptor[simple]
[pool-3095-thread-1] INFO org.apache.nifi.processors.standard.RouteText - RouteText[id=fc47b1db-e7ae-450c-887b-29adc31df765] Created FlowFile[1547,96217711236563.mockFlowFile,23B] from FlowFile[1546,96217711236563.mockFlowFile,23B]; routing to relationship simple
[pool-3095-thread-1] INFO org.apache.nifi.processors.standard.RouteText - RouteText[id=fc47b1db-e7ae-450c-887b-29adc31df765] Routing FlowFile[1546,96217711236563.mockFlowFile,23B] to original
[main] DEBUG org.apache.nifi.processors.standard.RouteText - RouteText[id=fc47b1db-e7ae-450c-887b-29adc31df765] Adding new dynamic property: PropertyDescriptor[simple]
[pool-3096-thread-1] INFO org.apache.nifi.processors.standard.RouteText - RouteText[id=fc47b1db-e7ae-450c-887b-29adc31df765] Created FlowFile[1549,96217711662092.mockFlowFile,23B] from FlowFile[1548,96217711662092.mockFlowFile,23B]; routing to relationship simple
[pool-3096-thread-1] INFO org.apache.nifi.processors.standard.RouteText - RouteText[id=fc47b1db-e7ae-450c-887b-29adc31df765] Routing FlowFile[1548,96217711662092.mockFlowFile,23B] to original
[main] DEBUG org.apache.nifi.processors.standard.RouteText - RouteText[id=fc47b1db-e7ae-450c-887b-29adc31df765] Adding new dynamic property: PropertyDescriptor[simple]
[pool-3097-thread-1] INFO org.apache.nifi.processors.standard.RouteText - RouteText[id=fc47b1db-e7ae-450c-887b-29adc31df765] Created FlowFile[1551,96217711975353.mockFlowFile,23B] from FlowFile[1550,96217711975353.mockFlowFile,23B]; routing to relationship simple
[pool-3097-thread-1] INFO org.apache.nifi.processors.standard.RouteText - RouteText[id=fc47b1db-e7ae-450c-887b-29adc31df765] Routing FlowFile[1550,96217711975353.mockFlowFile,23B] to original
[main] DEBUG org.apache.nifi.processors.standard.RouteText - RouteText[id=fc47b1db-e7ae-450c-887b-29adc31df765] Adding new dynamic property: PropertyDescriptor[simple]
[pool-3098-thread-1] INFO org.apache.nifi.processors.standard.RouteText - RouteText[id=fc47b1db-e7ae-450c-887b-29adc31df765] Created FlowFile[1553,96217712425562.mockFlowFile,23B] from FlowFile[1552,96217712425562.mockFlowFile,23B]; routing to relationship simple
[pool-3098-thread-1] INFO org.apache.nifi.processors.standard.RouteText - RouteText[id=fc47b1db-e7ae-450c-887b-29adc31df765] Routing FlowFile[1552,96217712425562.mockFlowFile,23B] to original
[main] DEBUG org.apache.nifi.processors.standard.RouteText - RouteText[id=fc47b1db-e7ae-450c-887b-29adc31df765] Adding new dynamic property: PropertyDescriptor[simple]
[pool-3099-thread-1] INFO org.apache.nifi.processors.standard.RouteText - RouteText[id=fc47b1db-e7ae-450c-887b-29adc31df765] Created FlowFile[1555,96217712843455.mockFlowFile,23B] from FlowFile[1554,96217712843455.mockFlowFile,23B]; routing to relationship simple
[pool-3099-thread-1] INFO org.apache.nifi.processors.standard.RouteText - RouteText[id=fc47b1db-e7ae-450c-887b-29adc31df765] Routing FlowFile[1554,96217712843455.mockFlowFile,23B] to original
[main] DEBUG org.apache.nifi.processors.standard.RouteText - RouteText[id=fc47b1db-e7ae-450c-887b-29adc31df765] Adding new dynamic property: PropertyDescriptor[simple]
[pool-3100-thread-1] INFO org.apache.nifi.processors.standard.RouteText - RouteText[id=fc47b1db-e7ae-450c-887b-29adc31df765] Created FlowFile[1557,96217713253578.mockFlowFile,23B] from FlowFile[1556,96217713253578.mockFlowFile,23B]; routing to relationship simple
[pool-3100-thread-1] INFO org.apache.nifi.processors.standard.RouteText - RouteText[id=fc47b1db-e7ae-450c-887b-29adc31df765] Routing FlowFile[1556,96217713253578.mockFlowFile,23B] to original
[main] DEBUG org.apache.nifi.processors.standard.RouteText - RouteText[id=fc47b1db-e7ae-450c-887b-29adc31df765] Adding new dynamic property: PropertyDescriptor[simple]
[pool-3101-thread-1] INFO org.apache.nifi.processors.standard.RouteText - RouteText[id=fc47b1db-e7ae-450c-887b-29adc31df765] Created FlowFile[1559,96217713580151.mockFlowFile,23B] from FlowFile[1558,96217713580151.mockFlowFile,23B]; routing to relationship simple
[pool-3101-thread-1] INFO org.apache.nifi.processors.standard.RouteText - RouteText[id=fc47b1db-e7ae-450c-887b-29adc31df765] Routing FlowFile[1558,96217713580151.mockFlowFile,23B] to original
[main] DEBUG org.apache.nifi.processors.standard.RouteText - RouteText[id=fc47b1db-e7ae-450c-887b-29adc31df765] Adding new dynamic property: PropertyDescriptor[simple]
[pool-3102-thread-1] INFO org.apache.nifi.processors.standard.RouteText - RouteText[id=fc47b1db-e7ae-450c-887b-29adc31df765] Created FlowFile[1561,96217713907433.mockFlowFile,23B] from FlowFile[1560,96217713907433.mockFlowFile,23B]; routing to relationship simple
[pool-3102-thread-1] INFO org.apache.nifi.processors.standard.RouteText - RouteText[id=fc47b1db-e7ae-450c-887b-29adc31df765] Routing FlowFile[1560,96217713907433.mockFlowFile,23B] to original
[main] DEBUG org.apache.nifi.processors.standard.RouteText - RouteText[id=fc47b1db-e7ae-450c-887b-29adc31df765] Adding new dynamic property: PropertyDescriptor[simple]
[pool-3103-thread-1] INFO org.apache.nifi.processors.standard.RouteText - RouteText[id=fc47b1db-e7ae-450c-887b-29adc31df765] Created FlowFile[1563,96217714295950.mockFlowFile,23B] from FlowFile[1562,96217714295950.mockFlowFile,23B]; routing to relationship simple
[pool-3103-thread-1] INFO org.apache.nifi.processors.standard.RouteText - RouteText[id=fc47b1db-e7ae-450c-887b-29adc31df765] Routing FlowFile[1562,96217714295950.mockFlowFile,23B] to original
[main] DEBUG org.apache.nifi.processors.standard.RouteText - RouteText[id=fc47b1db-e7ae-450c-887b-29adc31df765] Adding new dynamic property: PropertyDescriptor[simple]
[pool-3104-thread-1] INFO org.apache.nifi.processors.standard.RouteText - RouteText[id=fc47b1db-e7ae-450c-887b-29adc31df765] Created FlowFile[1565,96217714630046.mockFlowFile,23B] from FlowFile[1564,96217714630046.mockFlowFile,23B]; routing to relationship simple
[pool-3104-thread-1] INFO org.apache.nifi.processors.standard.RouteText - RouteText[id=fc47b1db-e7ae-450c-887b-29adc31df765] Routing FlowFile[1564,96217714630046.mockFlowFile,23B] to original
[main] DEBUG org.apache.nifi.processors.standard.RouteText - RouteText[id=fc47b1db-e7ae-450c-887b-29adc31df765] Adding new dynamic property: PropertyDescriptor[simple]
[pool-3105-thread-1] INFO org.apache.nifi.processors.standard.RouteText - RouteText[id=fc47b1db-e7ae-450c-887b-29adc31df765] Created FlowFile[1567,96217714956084.mockFlowFile,23B] from FlowFile[1566,96217714956084.mockFlowFile,23B]; routing to relationship simple
[pool-3105-thread-1] INFO org.apache.nifi.processors.standard.RouteText - RouteText[id=fc47b1db-e7ae-450c-887b-29adc31df765] Routing FlowFile[1566,96217714956084.mockFlowFile,23B] to original
[main] DEBUG org.apache.nifi.processors.standard.RouteText - RouteText[id=fc47b1db-e7ae-450c-887b-29adc31df765] Adding new dynamic property: PropertyDescriptor[simple]
[pool-3106-thread-1] INFO org.apache.nifi.processors.standard.RouteText - RouteText[id=fc47b1db-e7ae-450c-887b-29adc31df765] Created FlowFile[1569,96217715398845.mockFlowFile,23B] from FlowFile[1568,96217715398845.mockFlowFile,23B]; routing to relationship simple
[pool-3106-thread-1] INFO org.apache.nifi.processors.standard.RouteText - RouteText[id=fc47b1db-e7ae-450c-887b-29adc31df765] Routing FlowFile[1568,96217715398845.mockFlowFile,23B] to original
[main] DEBUG org.apache.nifi.processors.standard.RouteText - RouteText[id=fc47b1db-e7ae-450c-887b-29adc31df765] Adding new dynamic property: PropertyDescriptor[simple]
[pool-3107-thread-1] INFO org.apache.nifi.processors.standard.RouteText - RouteText[id=fc47b1db-e7ae-450c-887b-29adc31df765] Created FlowFile[1571,96217715789424.mockFlowFile,23B] from FlowFile[1570,96217715789424.mockFlowFile,23B]; routing to relationship simple
[pool-3107-thread-1] INFO org.apache.nifi.processors.standard.RouteText - RouteText[id=fc47b1db-e7ae-450c-887b-29adc31df765] Routing FlowFile[1570,96217715789424.mockFlowFile,23B] to original
[main] DEBUG org.apache.nifi.processors.standard.RouteText - RouteText[id=fc47b1db-e7ae-450c-887b-29adc31df765] Adding new dynamic property: PropertyDescriptor[simple]
[pool-3108-thread-1] INFO org.apache.nifi.processors.standard.RouteText - RouteText[id=fc47b1db-e7ae-450c-887b-29adc31df765] Created FlowFile[1573,96217716978309.mockFlowFile,23B] from FlowFile[1572,96217716978309.mockFlowFile,23B]; routing to relationship simple
[pool-3108-thread-1] INFO org.apache.nifi.processors.standard.RouteText - RouteText[id=fc47b1db-e7ae-450c-887b-29adc31df765] Routing FlowFile[1572,96217716978309.mockFlowFile,23B] to original
[main] DEBUG org.apache.nifi.processors.standard.RouteText - RouteText[id=fc47b1db-e7ae-450c-887b-29adc31df765] Adding new dynamic property: PropertyDescriptor[simple]
[pool-3109-thread-1] INFO org.apache.nifi.processors.standard.RouteText - RouteText[id=fc47b1db-e7ae-450c-887b-29adc31df765] Created FlowFile[1575,96217717519373.mockFlowFile,23B] from FlowFile[1574,96217717519373.mockFlowFile,23B]; routing to relationship simple
[pool-3109-thread-1] INFO org.apache.nifi.processors.standard.RouteText - RouteText[id=fc47b1db-e7ae-450c-887b-29adc31df765] Routing FlowFile[1574,96217717519373.mockFlowFile,23B] to original
[main] DEBUG org.apache.nifi.processors.standard.RouteText - RouteText[id=fc47b1db-e7ae-450c-887b-29adc31df765] Adding new dynamic property: PropertyDescriptor[simple]
[pool-3110-thread-1] INFO org.apache.nifi.processors.standard.RouteText - RouteText[id=fc47b1db-e7ae-450c-887b-29adc31df765] Created FlowFile[1577,96217717948563.mockFlowFile,23B] from FlowFile[1576,96217717948563.mockFlowFile,23B]; routing to relationship simple
[pool-3110-thread-1] INFO org.apache.nifi.processors.standard.RouteText - RouteText[id=fc47b1db-e7ae-450c-887b-29adc31df765] Routing FlowFile[1576,96217717948563.mockFlowFile,23B] to original
[main] DEBUG org.apache.nifi.processors.standard.RouteText - RouteText[id=fc47b1db-e7ae-450c-887b-29adc31df765] Adding new dynamic property: PropertyDescriptor[simple]
[pool-3111-thread-1] INFO org.apache.nifi.processors.standard.RouteText - RouteText[id=fc47b1db-e7ae-450c-887b-29adc31df765] Created FlowFile[1579,96217718400938.mockFlowFile,23B] from FlowFile[1578,96217718400938.mockFlowFile,23B]; routing to relationship simple
[pool-3111-thread-1] INFO org.apache.nifi.processors.standard.RouteText - RouteText[id=fc47b1db-e7ae-450c-887b-29adc31df765] Routing FlowFile[1578,96217718400938.mockFlowFile,23B] to original
[main] DEBUG org.apache.nifi.processors.standard.RouteText - RouteText[id=fc47b1db-e7ae-450c-887b-29adc31df765] Adding new dynamic property: PropertyDescriptor[simple]
[pool-3112-thread-1] INFO org.apache.nifi.processors.standard.RouteText - RouteText[id=fc47b1db-e7ae-450c-887b-29adc31df765] Created FlowFile[1581,96217718748494.mockFlowFile,23B] from FlowFile[1580,96217718748494.mockFlowFile,23B]; routing to relationship simple
[pool-3112-thread-1] INFO org.apache.nifi.processors.standard.RouteText - RouteText[id=fc47b1db-e7ae-450c-887b-29adc31df765] Routing FlowFile[1580,96217718748494.mockFlowFile,23B] to original
[main] DEBUG org.apache.nifi.processors.standard.RouteText - RouteText[id=fc47b1db-e7ae-450c-887b-29adc31df765] Adding new dynamic property: PropertyDescriptor[simple]
[pool-3113-thread-1] INFO org.apache.nifi.processors.standard.RouteText - RouteText[id=fc47b1db-e7ae-450c-887b-29adc31df765] Created FlowFile[1583,96217719086431.mockFlowFile,23B] from FlowFile[1582,96217719086431.mockFlowFile,23B]; routing to relationship simple
[pool-3113-thread-1] INFO org.apache.nifi.processors.standard.RouteText - RouteText[id=fc47b1db-e7ae-450c-887b-29adc31df765] Routing FlowFile[1582,96217719086431.mockFlowFile,23B] to original
[main] DEBUG org.apache.nifi.processors.standard.RouteText - RouteText[id=fc47b1db-e7ae-450c-887b-29adc31df765] Adding new dynamic property: PropertyDescriptor[simple]
[pool-3114-thread-1] INFO org.apache.nifi.processors.standard.RouteText - RouteText[id=fc47b1db-e7ae-450c-887b-29adc31df765] Created FlowFile[1585,96217719564858.mockFlowFile,23B] from FlowFile[1584,96217719564858.mockFlowFile,23B]; routing to relationship simple
[pool-3114-thread-1] INFO org.apache.nifi.processors.standard.RouteText - RouteText[id=fc47b1db-e7ae-450c-887b-29adc31df765] Routing FlowFile[1584,96217719564858.mockFlowFile,23B] to original
[main] DEBUG org.apache.nifi.processors.standard.RouteText - RouteText[id=fc47b1db-e7ae-450c-887b-29adc31df765] Adding new dynamic property: PropertyDescriptor[simple]
[pool-3115-thread-1] INFO org.apache.nifi.processors.standard.RouteText - RouteText[id=fc47b1db-e7ae-450c-887b-29adc31df765] Created FlowFile[1587,96217719921726.mockFlowFile,23B] from FlowFile[1586,96217719921726.mockFlowFile,23B]; routing to relationship simple
[pool-3115-thread-1] INFO org.apache.nifi.processors.standard.RouteText - RouteText[id=fc47b1db-e7ae-450c-887b-29adc31df765] Routing FlowFile[1586,96217719921726.mockFlowFile,23B] to original
[main] DEBUG org.apache.nifi.processors.standard.RouteText - RouteText[id=fc47b1db-e7ae-450c-887b-29adc31df765] Adding new dynamic property: PropertyDescriptor[simple]
[pool-3116-thread-1] INFO org.apache.nifi.processors.standard.RouteText - RouteText[id=fc47b1db-e7ae-450c-887b-29adc31df765] Created FlowFile[1589,96217720423958.mockFlowFile,23B] from FlowFile[1588,96217720423958.mockFlowFile,23B]; routing to relationship simple
[pool-3116-thread-1] INFO org.apache.nifi.processors.standard.RouteText - RouteText[id=fc47b1db-e7ae-450c-887b-29adc31df765] Routing FlowFile[1588,96217720423958.mockFlowFile,23B] to original
[main] DEBUG org.apache.nifi.processors.standard.RouteText - RouteText[id=fc47b1db-e7ae-450c-887b-29adc31df765] Adding new dynamic property: PropertyDescriptor[simple]
[pool-3117-thread-1] INFO org.apache.nifi.processors.standard.RouteText - RouteText[id=fc47b1db-e7ae-450c-887b-29adc31df765] Created FlowFile[1591,96217720874475.mockFlowFile,23B] from FlowFile[1590,96217720874475.mockFlowFile,23B]; routing to relationship simple
[pool-3117-thread-1] INFO org.apache.nifi.processors.standard.RouteText - RouteText[id=fc47b1db-e7ae-450c-887b-29adc31df765] Routing FlowFile[1590,96217720874475.mockFlowFile,23B] to original
[main] DEBUG org.apache.nifi.processors.standard.RouteText - RouteText[id=fc47b1db-e7ae-450c-887b-29adc31df765] Adding new dynamic property: PropertyDescriptor[simple]
[pool-3118-thread-1] INFO org.apache.nifi.processors.standard.RouteText - RouteText[id=fc47b1db-e7ae-450c-887b-29adc31df765] Created FlowFile[1593,96217721304867.mockFlowFile,23B] from FlowFile[1592,96217721304867.mockFlowFile,23B]; routing to relationship simple
[pool-3118-thread-1] INFO org.apache.nifi.processors.standard.RouteText - RouteText[id=fc47b1db-e7ae-450c-887b-29adc31df765] Routing FlowFile[1592,96217721304867.mockFlowFile,23B] to original
[main] DEBUG org.apache.nifi.processors.standard.RouteText - RouteText[id=fc47b1db-e7ae-450c-887b-29adc31df765] Adding new dynamic property: PropertyDescriptor[simple]
[pool-3119-thread-1] INFO org.apache.nifi.processors.standard.RouteText - RouteText[id=fc47b1db-e7ae-450c-887b-29adc31df765] Created FlowFile[1595,96217721803081.mockFlowFile,23B] from FlowFile[1594,96217721803081.mockFlowFile,23B]; routing to relationship simple
[pool-3119-thread-1] INFO org.apache.nifi.processors.standard.RouteText - RouteText[id=fc47b1db-e7ae-450c-887b-29adc31df765] Routing FlowFile[1594,96217721803081.mockFlowFile,23B] to original
[main] DEBUG org.apache.nifi.processors.standard.RouteText - RouteText[id=fc47b1db-e7ae-450c-887b-29adc31df765] Adding new dynamic property: PropertyDescriptor[simple]
[pool-3120-thread-1] INFO org.apache.nifi.processors.standard.RouteText - RouteText[id=fc47b1db-e7ae-450c-887b-29adc31df765] Created FlowFile[1597,96217722150228.mockFlowFile,23B] from FlowFile[1596,96217722150228.mockFlowFile,23B]; routing to relationship simple
[pool-3120-thread-1] INFO org.apache.nifi.processors.standard.RouteText - RouteText[id=fc47b1db-e7ae-450c-887b-29adc31df765] Routing FlowFile[1596,96217722150228.mockFlowFile,23B] to original
[main] DEBUG org.apache.nifi.processors.standard.RouteText - RouteText[id=fc47b1db-e7ae-450c-887b-29adc31df765] Adding new dynamic property: PropertyDescriptor[simple]
[pool-3121-thread-1] INFO org.apache.nifi.processors.standard.RouteText - RouteText[id=fc47b1db-e7ae-450c-887b-29adc31df765] Created FlowFile[1599,96217722492261.mockFlowFile,23B] from FlowFile[1598,96217722492261.mockFlowFile,23B]; routing to relationship simple
[pool-3121-thread-1] INFO org.apache.nifi.processors.standard.RouteText - RouteText[id=fc47b1db-e7ae-450c-887b-29adc31df765] Routing FlowFile[1598,96217722492261.mockFlowFile,23B] to original
[main] DEBUG org.apache.nifi.processors.standard.RouteText - RouteText[id=fc47b1db-e7ae-450c-887b-29adc31df765] Adding new dynamic property: PropertyDescriptor[simple]
[pool-3122-thread-1] INFO org.apache.nifi.processors.standard.RouteText - RouteText[id=fc47b1db-e7ae-450c-887b-29adc31df765] Created FlowFile[1601,96217722888624.mockFlowFile,23B] from FlowFile[1600,96217722888624.mockFlowFile,23B]; routing to relationship simple
[pool-3122-thread-1] INFO org.apache.nifi.processors.standard.RouteText - RouteText[id=fc47b1db-e7ae-450c-887b-29adc31df765] Routing FlowFile[1600,96217722888624.mockFlowFile,23B] to original
[main] DEBUG org.apache.nifi.processors.standard.RouteText - RouteText[id=fc47b1db-e7ae-450c-887b-29adc31df765] Adding new dynamic property: PropertyDescriptor[simple]
[pool-3123-thread-1] INFO org.apache.nifi.processors.standard.RouteText - RouteText[id=fc47b1db-e7ae-450c-887b-29adc31df765] Created FlowFile[1603,96217723368324.mockFlowFile,23B] from FlowFile[1602,96217723368324.mockFlowFile,23B]; routing to relationship simple
[pool-3123-thread-1] INFO org.apache.nifi.processors.standard.RouteText - RouteText[id=fc47b1db-e7ae-450c-887b-29adc31df765] Routing FlowFile[1602,96217723368324.mockFlowFile,23B] to original
[main] DEBUG org.apache.nifi.processors.standard.RouteText - RouteText[id=fc47b1db-e7ae-450c-887b-29adc31df765] Adding new dynamic property: PropertyDescriptor[simple]
[pool-3124-thread-1] INFO org.apache.nifi.processors.standard.RouteText - RouteText[id=fc47b1db-e7ae-450c-887b-29adc31df765] Created FlowFile[1605,96217723772702.mockFlowFile,23B] from FlowFile[1604,96217723772702.mockFlowFile,23B]; routing to relationship simple
[pool-3124-thread-1] INFO org.apache.nifi.processors.standard.RouteText - RouteText[id=fc47b1db-e7ae-450c-887b-29adc31df765] Routing FlowFile[1604,96217723772702.mockFlowFile,23B] to original
[main] DEBUG org.apache.nifi.processors.standard.RouteText - RouteText[id=fc47b1db-e7ae-450c-887b-29adc31df765] Adding new dynamic property: PropertyDescriptor[simple]
[pool-3125-thread-1] INFO org.apache.nifi.processors.standard.RouteText - RouteText[id=fc47b1db-e7ae-450c-887b-29adc31df765] Created FlowFile[1607,96217724134604.mockFlowFile,23B] from FlowFile[1606,96217724134604.mockFlowFile,23B]; routing to relationship simple
[pool-3125-thread-1] INFO org.apache.nifi.processors.standard.RouteText - RouteText[id=fc47b1db-e7ae-450c-887b-29adc31df765] Routing FlowFile[1606,96217724134604.mockFlowFile,23B] to original
[main] DEBUG org.apache.nifi.processors.standard.RouteText - RouteText[id=fc47b1db-e7ae-450c-887b-29adc31df765] Adding new dynamic property: PropertyDescriptor[simple]
[pool-3126-thread-1] INFO org.apache.nifi.processors.standard.RouteText - RouteText[id=fc47b1db-e7ae-450c-887b-29adc31df765] Created FlowFile[1609,96217724611071.mockFlowFile,23B] from FlowFile[1608,96217724611071.mockFlowFile,23B]; routing to relationship simple
[pool-3126-thread-1] INFO org.apache.nifi.processors.standard.RouteText - RouteText[id=fc47b1db-e7ae-450c-887b-29adc31df765] Routing FlowFile[1608,96217724611071.mockFlowFile,23B] to original
[main] DEBUG org.apache.nifi.processors.standard.RouteText - RouteText[id=fc47b1db-e7ae-450c-887b-29adc31df765] Adding new dynamic property: PropertyDescriptor[simple]
[pool-3127-thread-1] INFO org.apache.nifi.processors.standard.RouteText - RouteText[id=fc47b1db-e7ae-450c-887b-29adc31df765] Created FlowFile[1611,96217725052371.mockFlowFile,23B] from FlowFile[1610,96217725052371.mockFlowFile,23B]; routing to relationship simple
[pool-3127-thread-1] INFO org.apache.nifi.processors.standard.RouteText - RouteText[id=fc47b1db-e7ae-450c-887b-29adc31df765] Routing FlowFile[1610,96217725052371.mockFlowFile,23B] to original
[main] DEBUG org.apache.nifi.processors.standard.RouteText - RouteText[id=fc47b1db-e7ae-450c-887b-29adc31df765] Adding new dynamic property: PropertyDescriptor[simple]
[pool-3128-thread-1] INFO org.apache.nifi.processors.standard.RouteText - RouteText[id=fc47b1db-e7ae-450c-887b-29adc31df765] Created FlowFile[1613,96217725450311.mockFlowFile,23B] from FlowFile[1612,96217725450311.mockFlowFile,23B]; routing to relationship simple
[pool-3128-thread-1] INFO org.apache.nifi.processors.standard.RouteText - RouteText[id=fc47b1db-e7ae-450c-887b-29adc31df765] Routing FlowFile[1612,96217725450311.mockFlowFile,23B] to original
[main] DEBUG org.apache.nifi.processors.standard.RouteText - RouteText[id=fc47b1db-e7ae-450c-887b-29adc31df765] Adding new dynamic property: PropertyDescriptor[simple]
[pool-3129-thread-1] INFO org.apache.nifi.processors.standard.RouteText - RouteText[id=fc47b1db-e7ae-450c-887b-29adc31df765] Created FlowFile[1615,96217725829591.mockFlowFile,23B] from FlowFile[1614,96217725829591.mockFlowFile,23B]; routing to relationship simple
[pool-3129-thread-1] INFO org.apache.nifi.processors.standard.RouteText - RouteText[id=fc47b1db-e7ae-450c-887b-29adc31df765] Routing FlowFile[1614,96217725829591.mockFlowFile,23B] to original
[main] DEBUG org.apache.nifi.processors.standard.RouteText - RouteText[id=fc47b1db-e7ae-450c-887b-29adc31df765] Adding new dynamic property: PropertyDescriptor[simple]
[pool-3130-thread-1] INFO org.apache.nifi.processors.standard.RouteText - RouteText[id=fc47b1db-e7ae-450c-887b-29adc31df765] Created FlowFile[1617,96217726189677.mockFlowFile,23B] from FlowFile[1616,96217726189677.mockFlowFile,23B]; routing to relationship simple
[pool-3130-thread-1] INFO org.apache.nifi.processors.standard.RouteText - RouteText[id=fc47b1db-e7ae-450c-887b-29adc31df765] Routing FlowFile[1616,96217726189677.mockFlowFile,23B] to original
[main] DEBUG org.apache.nifi.processors.standard.RouteText - RouteText[id=fc47b1db-e7ae-450c-887b-29adc31df765] Adding new dynamic property: PropertyDescriptor[simple]
[pool-3131-thread-1] INFO org.apache.nifi.processors.standard.RouteText - RouteText[id=fc47b1db-e7ae-450c-887b-29adc31df765] Created FlowFile[1619,96217726530881.mockFlowFile,23B] from FlowFile[1618,96217726530881.mockFlowFile,23B]; routing to relationship simple
[pool-3131-thread-1] INFO org.apache.nifi.processors.standard.RouteText - RouteText[id=fc47b1db-e7ae-450c-887b-29adc31df765] Routing FlowFile[1618,96217726530881.mockFlowFile,23B] to original
[main] DEBUG org.apache.nifi.processors.standard.RouteText - RouteText[id=fc47b1db-e7ae-450c-887b-29adc31df765] Adding new dynamic property: PropertyDescriptor[simple]
[pool-3132-thread-1] INFO org.apache.nifi.processors.standard.RouteText - RouteText[id=fc47b1db-e7ae-450c-887b-29adc31df765] Created FlowFile[1621,96217726875476.mockFlowFile,23B] from FlowFile[1620,96217726875476.mockFlowFile,23B]; routing to relationship simple
[pool-3132-thread-1] INFO org.apache.nifi.processors.standard.RouteText - RouteText[id=fc47b1db-e7ae-450c-887b-29adc31df765] Routing FlowFile[1620,96217726875476.mockFlowFile,23B] to original
[main] DEBUG org.apache.nifi.processors.standard.RouteText - RouteText[id=fc47b1db-e7ae-450c-887b-29adc31df765] Adding new dynamic property: PropertyDescriptor[simple]
[pool-3133-thread-1] INFO org.apache.nifi.processors.standard.RouteText - RouteText[id=fc47b1db-e7ae-450c-887b-29adc31df765] Created FlowFile[1623,96217727321180.mockFlowFile,23B] from FlowFile[1622,96217727321180.mockFlowFile,23B]; routing to relationship simple
[pool-3133-thread-1] INFO org.apache.nifi.processors.standard.RouteText - RouteText[id=fc47b1db-e7ae-450c-887b-29adc31df765] Routing FlowFile[1622,96217727321180.mockFlowFile,23B] to original
[main] DEBUG org.apache.nifi.processors.standard.RouteText - RouteText[id=fc47b1db-e7ae-450c-887b-29adc31df765] Adding new dynamic property: PropertyDescriptor[simple]
[pool-3134-thread-1] INFO org.apache.nifi.processors.standard.RouteText - RouteText[id=fc47b1db-e7ae-450c-887b-29adc31df765] Created FlowFile[1625,96217727728202.mockFlowFile,23B] from FlowFile[1624,96217727728202.mockFlowFile,23B]; routing to relationship simple
[pool-3134-thread-1] INFO org.apache.nifi.processors.standard.RouteText - RouteText[id=fc47b1db-e7ae-450c-887b-29adc31df765] Routing FlowFile[1624,96217727728202.mockFlowFile,23B] to original
[main] DEBUG org.apache.nifi.processors.standard.RouteText - RouteText[id=fc47b1db-e7ae-450c-887b-29adc31df765] Adding new dynamic property: PropertyDescriptor[simple]
[pool-3135-thread-1] INFO org.apache.nifi.processors.standard.RouteText - RouteText[id=fc47b1db-e7ae-450c-887b-29adc31df765] Created FlowFile[1627,96217728116155.mockFlowFile,23B] from FlowFile[1626,96217728116155.mockFlowFile,23B]; routing to relationship simple
[pool-3135-thread-1] INFO org.apache.nifi.processors.standard.RouteText - RouteText[id=fc47b1db-e7ae-450c-887b-29adc31df765] Routing FlowFile[1626,96217728116155.mockFlowFile,23B] to original
[main] DEBUG org.apache.nifi.processors.standard.RouteText - RouteText[id=fc47b1db-e7ae-450c-887b-29adc31df765] Adding new dynamic property: PropertyDescriptor[simple]
[pool-3136-thread-1] INFO org.apache.nifi.processors.standard.RouteText - RouteText[id=fc47b1db-e7ae-450c-887b-29adc31df765] Created FlowFile[1629,96217728513087.mockFlowFile,23B] from FlowFile[1628,96217728513087.mockFlowFile,23B]; routing to relationship simple
[pool-3136-thread-1] INFO org.apache.nifi.processors.standard.RouteText - RouteText[id=fc47b1db-e7ae-450c-887b-29adc31df765] Routing FlowFile[1628,96217728513087.mockFlowFile,23B] to original
[main] DEBUG org.apache.nifi.processors.standard.RouteText - RouteText[id=fc47b1db-e7ae-450c-887b-29adc31df765] Adding new dynamic property: PropertyDescriptor[simple]
[pool-3137-thread-1] INFO org.apache.nifi.processors.standard.RouteText - RouteText[id=fc47b1db-e7ae-450c-887b-29adc31df765] Created FlowFile[1631,96217728999010.mockFlowFile,23B] from FlowFile[1630,96217728999010.mockFlowFile,23B]; routing to relationship simple
[pool-3137-thread-1] INFO org.apache.nifi.processors.standard.RouteText - RouteText[id=fc47b1db-e7ae-450c-887b-29adc31df765] Routing FlowFile[1630,96217728999010.mockFlowFile,23B] to original
[main] DEBUG org.apache.nifi.processors.standard.RouteText - RouteText[id=fc47b1db-e7ae-450c-887b-29adc31df765] Adding new dynamic property: PropertyDescriptor[simple]
[pool-3138-thread-1] INFO org.apache.nifi.processors.standard.RouteText - RouteText[id=fc47b1db-e7ae-450c-887b-29adc31df765] Created FlowFile[1633,96217729450621.mockFlowFile,23B] from FlowFile[1632,96217729450621.mockFlowFile,23B]; routing to relationship simple
[pool-3138-thread-1] INFO org.apache.nifi.processors.standard.RouteText - RouteText[id=fc47b1db-e7ae-450c-887b-29adc31df765] Routing FlowFile[1632,96217729450621.mockFlowFile,23B] to original
[main] DEBUG org.apache.nifi.processors.standard.RouteText - RouteText[id=fc47b1db-e7ae-450c-887b-29adc31df765] Adding new dynamic property: PropertyDescriptor[simple]
[pool-3139-thread-1] INFO org.apache.nifi.processors.standard.RouteText - RouteText[id=fc47b1db-e7ae-450c-887b-29adc31df765] Created FlowFile[1635,96217729878057.mockFlowFile,23B] from FlowFile[1634,96217729878057.mockFlowFile,23B]; routing to relationship simple
[pool-3139-thread-1] INFO org.apache.nifi.processors.standard.RouteText - RouteText[id=fc47b1db-e7ae-450c-887b-29adc31df765] Routing FlowFile[1634,96217729878057.mockFlowFile,23B] to original
[main] DEBUG org.apache.nifi.processors.standard.RouteText - RouteText[id=fc47b1db-e7ae-450c-887b-29adc31df765] Adding new dynamic property: PropertyDescriptor[simple]
[pool-3140-thread-1] INFO org.apache.nifi.processors.standard.RouteText - RouteText[id=fc47b1db-e7ae-450c-887b-29adc31df765] Created FlowFile[1637,96217730251761.mockFlowFile,23B] from FlowFile[1636,96217730251761.mockFlowFile,23B]; routing to relationship simple
[pool-3140-thread-1] INFO org.apache.nifi.processors.standard.RouteText - RouteText[id=fc47b1db-e7ae-450c-887b-29adc31df765] Routing FlowFile[1636,96217730251761.mockFlowFile,23B] to original
[main] DEBUG org.apache.nifi.processors.standard.RouteText - RouteText[id=fc47b1db-e7ae-450c-887b-29adc31df765] Adding new dynamic property: PropertyDescriptor[simple]
[pool-3141-thread-1] INFO org.apache.nifi.processors.standard.RouteText - RouteText[id=fc47b1db-e7ae-450c-887b-29adc31df765] Created FlowFile[1639,96217730649385.mockFlowFile,23B] from FlowFile[1638,96217730649385.mockFlowFile,23B]; routing to relationship simple
[pool-3141-thread-1] INFO org.apache.nifi.processors.standard.RouteText - RouteText[id=fc47b1db-e7ae-450c-887b-29adc31df765] Routing FlowFile[1638,96217730649385.mockFlowFile,23B] to original
[main] DEBUG org.apache.nifi.processors.standard.RouteText - RouteText[id=fc47b1db-e7ae-450c-887b-29adc31df765] Adding new dynamic property: PropertyDescriptor[simple]
[pool-3142-thread-1] INFO org.apache.nifi.processors.standard.RouteText - RouteText[id=fc47b1db-e7ae-450c-887b-29adc31df765] Created FlowFile[1641,96217730992266.mockFlowFile,23B] from FlowFile[1640,96217730992266.mockFlowFile,23B]; routing to relationship simple
[pool-3142-thread-1] INFO org.apache.nifi.processors.standard.RouteText - RouteText[id=fc47b1db-e7ae-450c-887b-29adc31df765] Routing FlowFile[1640,96217730992266.mockFlowFile,23B] to original
[main] DEBUG org.apache.nifi.processors.standard.RouteText - RouteText[id=fc47b1db-e7ae-450c-887b-29adc31df765] Adding new dynamic property: PropertyDescriptor[simple]
[pool-3143-thread-1] INFO org.apache.nifi.processors.standard.RouteText - RouteText[id=fc47b1db-e7ae-450c-887b-29adc31df765] Created FlowFile[1643,96217731418393.mockFlowFile,23B] from FlowFile[1642,96217731418393.mockFlowFile,23B]; routing to relationship simple
[pool-3143-thread-1] INFO org.apache.nifi.processors.standard.RouteText - RouteText[id=fc47b1db-e7ae-450c-887b-29adc31df765] Routing FlowFile[1642,96217731418393.mockFlowFile,23B] to original
[main] DEBUG org.apache.nifi.processors.standard.RouteText - RouteText[id=fc47b1db-e7ae-450c-887b-29adc31df765] Adding new dynamic property: PropertyDescriptor[simple]
[pool-3144-thread-1] INFO org.apache.nifi.processors.standard.RouteText - RouteText[id=fc47b1db-e7ae-450c-887b-29adc31df765] Created FlowFile[1645,96217731799761.mockFlowFile,23B] from FlowFile[1644,96217731799761.mockFlowFile,23B]; routing to relationship simple
[pool-3144-thread-1] INFO org.apache.nifi.processors.standard.RouteText - RouteText[id=fc47b1db-e7ae-450c-887b-29adc31df765] Routing FlowFile[1644,96217731799761.mockFlowFile,23B] to original
[main] DEBUG org.apache.nifi.processors.standard.RouteText - RouteText[id=fc47b1db-e7ae-450c-887b-29adc31df765] Adding new dynamic property: PropertyDescriptor[simple]
[pool-3145-thread-1] INFO org.apache.nifi.processors.standard.RouteText - RouteText[id=fc47b1db-e7ae-450c-887b-29adc31df765] Created FlowFile[1647,96217732276299.mockFlowFile,23B] from FlowFile[1646,96217732276299.mockFlowFile,23B]; routing to relationship simple
[pool-3145-thread-1] INFO org.apache.nifi.processors.standard.RouteText - RouteText[id=fc47b1db-e7ae-450c-887b-29adc31df765] Routing FlowFile[1646,96217732276299.mockFlowFile,23B] to original
[main] DEBUG org.apache.nifi.processors.standard.RouteText - RouteText[id=fc47b1db-e7ae-450c-887b-29adc31df765] Adding new dynamic property: PropertyDescriptor[simple]
[pool-3146-thread-1] INFO org.apache.nifi.processors.standard.RouteText - RouteText[id=fc47b1db-e7ae-450c-887b-29adc31df765] Created FlowFile[1649,96217732764836.mockFlowFile,23B] from FlowFile[1648,96217732764836.mockFlowFile,23B]; routing to relationship simple
[pool-3146-thread-1] INFO org.apache.nifi.processors.standard.RouteText - RouteText[id=fc47b1db-e7ae-450c-887b-29adc31df765] Routing FlowFile[1648,96217732764836.mockFlowFile,23B] to original
[main] DEBUG org.apache.nifi.processors.standard.RouteText - RouteText[id=fc47b1db-e7ae-450c-887b-29adc31df765] Adding new dynamic property: PropertyDescriptor[simple]
[pool-3147-thread-1] INFO org.apache.nifi.processors.standard.RouteText - RouteText[id=fc47b1db-e7ae-450c-887b-29adc31df765] Created FlowFile[1651,96217733203499.mockFlowFile,23B] from FlowFile[1650,96217733203499.mockFlowFile,23B]; routing to relationship simple
[pool-3147-thread-1] INFO org.apache.nifi.processors.standard.RouteText - RouteText[id=fc47b1db-e7ae-450c-887b-29adc31df765] Routing FlowFile[1650,96217733203499.mockFlowFile,23B] to original
[main] DEBUG org.apache.nifi.processors.standard.RouteText - RouteText[id=fc47b1db-e7ae-450c-887b-29adc31df765] Adding new dynamic property: PropertyDescriptor[simple]
[pool-3148-thread-1] INFO org.apache.nifi.processors.standard.RouteText - RouteText[id=fc47b1db-e7ae-450c-887b-29adc31df765] Created FlowFile[1653,96217733620604.mockFlowFile,23B] from FlowFile[1652,96217733620604.mockFlowFile,23B]; routing to relationship simple
[pool-3148-thread-1] INFO org.apache.nifi.processors.standard.RouteText - RouteText[id=fc47b1db-e7ae-450c-887b-29adc31df765] Routing FlowFile[1652,96217733620604.mockFlowFile,23B] to original
[main] DEBUG org.apache.nifi.processors.standard.RouteText - RouteText[id=fc47b1db-e7ae-450c-887b-29adc31df765] Adding new dynamic property: PropertyDescriptor[simple]
[pool-3149-thread-1] INFO org.apache.nifi.processors.standard.RouteText - RouteText[id=fc47b1db-e7ae-450c-887b-29adc31df765] Created FlowFile[1655,96217733983819.mockFlowFile,23B] from FlowFile[1654,96217733983819.mockFlowFile,23B]; routing to relationship simple
[pool-3149-thread-1] INFO org.apache.nifi.processors.standard.RouteText - RouteText[id=fc47b1db-e7ae-450c-887b-29adc31df765] Routing FlowFile[1654,96217733983819.mockFlowFile,23B] to original
[main] DEBUG org.apache.nifi.processors.standard.RouteText - RouteText[id=fc47b1db-e7ae-450c-887b-29adc31df765] Adding new dynamic property: PropertyDescriptor[simple]
[pool-3150-thread-1] INFO org.apache.nifi.processors.standard.RouteText - RouteText[id=fc47b1db-e7ae-450c-887b-29adc31df765] Created FlowFile[1657,96217734304858.mockFlowFile,23B] from FlowFile[1656,96217734304858.mockFlowFile,23B]; routing to relationship simple
[pool-3150-thread-1] INFO org.apache.nifi.processors.standard.RouteText - RouteText[id=fc47b1db-e7ae-450c-887b-29adc31df765] Routing FlowFile[1656,96217734304858.mockFlowFile,23B] to original
[main] DEBUG org.apache.nifi.processors.standard.RouteText - RouteText[id=fc47b1db-e7ae-450c-887b-29adc31df765] Adding new dynamic property: PropertyDescriptor[simple]
[pool-3151-thread-1] INFO org.apache.nifi.processors.standard.RouteText - RouteText[id=fc47b1db-e7ae-450c-887b-29adc31df765] Created FlowFile[1659,96217734632871.mockFlowFile,23B] from FlowFile[1658,96217734632871.mockFlowFile,23B]; routing to relationship simple
[pool-3151-thread-1] INFO org.apache.nifi.processors.standard.RouteText - RouteText[id=fc47b1db-e7ae-450c-887b-29adc31df765] Routing FlowFile[1658,96217734632871.mockFlowFile,23B] to original
[main] DEBUG org.apache.nifi.processors.standard.RouteText - RouteText[id=fc47b1db-e7ae-450c-887b-29adc31df765] Adding new dynamic property: PropertyDescriptor[simple]
[pool-3152-thread-1] INFO org.apache.nifi.processors.standard.RouteText - RouteText[id=fc47b1db-e7ae-450c-887b-29adc31df765] Created FlowFile[1661,96217734944506.mockFlowFile,23B] from FlowFile[1660,96217734944506.mockFlowFile,23B]; routing to relationship simple
[pool-3152-thread-1] INFO org.apache.nifi.processors.standard.RouteText - RouteText[id=fc47b1db-e7ae-450c-887b-29adc31df765] Routing FlowFile[1660,96217734944506.mockFlowFile,23B] to original
[main] DEBUG org.apache.nifi.processors.standard.RouteText - RouteText[id=fc47b1db-e7ae-450c-887b-29adc31df765] Adding new dynamic property: PropertyDescriptor[simple]
[pool-3153-thread-1] INFO org.apache.nifi.processors.standard.RouteText - RouteText[id=fc47b1db-e7ae-450c-887b-29adc31df765] Created FlowFile[1663,96217735464978.mockFlowFile,23B] from FlowFile[1662,96217735464978.mockFlowFile,23B]; routing to relationship simple
[pool-3153-thread-1] INFO org.apache.nifi.processors.standard.RouteText - RouteText[id=fc47b1db-e7ae-450c-887b-29adc31df765] Routing FlowFile[1662,96217735464978.mockFlowFile,23B] to original
[main] DEBUG org.apache.nifi.processors.standard.RouteText - RouteText[id=fc47b1db-e7ae-450c-887b-29adc31df765] Adding new dynamic property: PropertyDescriptor[simple]
[pool-3154-thread-1] INFO org.apache.nifi.processors.standard.RouteText - RouteText[id=fc47b1db-e7ae-450c-887b-29adc31df765] Created FlowFile[1665,96217735937864.mockFlowFile,23B] from FlowFile[1664,96217735937864.mockFlowFile,23B]; routing to relationship simple
[pool-3154-thread-1] INFO org.apache.nifi.processors.standard.RouteText - RouteText[id=fc47b1db-e7ae-450c-887b-29adc31df765] Routing FlowFile[1664,96217735937864.mockFlowFile,23B] to original
[main] DEBUG org.apache.nifi.processors.standard.RouteText - RouteText[id=fc47b1db-e7ae-450c-887b-29adc31df765] Adding new dynamic property: PropertyDescriptor[simple]
[pool-3155-thread-1] INFO org.apache.nifi.processors.standard.RouteText - RouteText[id=fc47b1db-e7ae-450c-887b-29adc31df765] Created FlowFile[1667,96217736467395.mockFlowFile,23B] from FlowFile[1666,96217736467395.mockFlowFile,23B]; routing to relationship simple
[pool-3155-thread-1] INFO org.apache.nifi.processors.standard.RouteText - RouteText[id=fc47b1db-e7ae-450c-887b-29adc31df765] Routing FlowFile[1666,96217736467395.mockFlowFile,23B] to original
[main] DEBUG org.apache.nifi.processors.standard.RouteText - RouteText[id=fc47b1db-e7ae-450c-887b-29adc31df765] Adding new dynamic property: PropertyDescriptor[simple]
[pool-3156-thread-1] INFO org.apache.nifi.processors.standard.RouteText - RouteText[id=fc47b1db-e7ae-450c-887b-29adc31df765] Created FlowFile[1669,96217737283825.mockFlowFile,23B] from FlowFile[1668,96217737283825.mockFlowFile,23B]; routing to relationship simple
[pool-3156-thread-1] INFO org.apache.nifi.processors.standard.RouteText - RouteText[id=fc47b1db-e7ae-450c-887b-29adc31df765] Routing FlowFile[1668,96217737283825.mockFlowFile,23B] to original
[main] DEBUG org.apache.nifi.processors.standard.RouteText - RouteText[id=fc47b1db-e7ae-450c-887b-29adc31df765] Adding new dynamic property: PropertyDescriptor[simple]
[pool-3157-thread-1] INFO org.apache.nifi.processors.standard.RouteText - RouteText[id=fc47b1db-e7ae-450c-887b-29adc31df765] Created FlowFile[1671,96217737794245.mockFlowFile,23B] from FlowFile[1670,96217737794245.mockFlowFile,23B]; routing to relationship simple
[pool-3157-thread-1] INFO org.apache.nifi.processors.standard.RouteText - RouteText[id=fc47b1db-e7ae-450c-887b-29adc31df765] Routing FlowFile[1670,96217737794245.mockFlowFile,23B] to original
[main] DEBUG org.apache.nifi.processors.standard.RouteText - RouteText[id=fc47b1db-e7ae-450c-887b-29adc31df765] Adding new dynamic property: PropertyDescriptor[simple]
[pool-3158-thread-1] INFO org.apache.nifi.processors.standard.RouteText - RouteText[id=fc47b1db-e7ae-450c-887b-29adc31df765] Created FlowFile[1673,96217738218523.mockFlowFile,23B] from FlowFile[1672,96217738218523.mockFlowFile,23B]; routing to relationship simple
[pool-3158-thread-1] INFO org.apache.nifi.processors.standard.RouteText - RouteText[id=fc47b1db-e7ae-450c-887b-29adc31df765] Routing FlowFile[1672,96217738218523.mockFlowFile,23B] to original
[main] DEBUG org.apache.nifi.processors.standard.RouteText - RouteText[id=fc47b1db-e7ae-450c-887b-29adc31df765] Adding new dynamic property: PropertyDescriptor[simple]
[pool-3159-thread-1] INFO org.apache.nifi.processors.standard.RouteText - RouteText[id=fc47b1db-e7ae-450c-887b-29adc31df765] Created FlowFile[1675,96217738679064.mockFlowFile,23B] from FlowFile[1674,96217738679064.mockFlowFile,23B]; routing to relationship simple
[pool-3159-thread-1] INFO org.apache.nifi.processors.standard.RouteText - RouteText[id=fc47b1db-e7ae-450c-887b-29adc31df765] Routing FlowFile[1674,96217738679064.mockFlowFile,23B] to original
[main] DEBUG org.apache.nifi.processors.standard.RouteText - RouteText[id=fc47b1db-e7ae-450c-887b-29adc31df765] Adding new dynamic property: PropertyDescriptor[simple]
[pool-3160-thread-1] INFO org.apache.nifi.processors.standard.RouteText - RouteText[id=fc47b1db-e7ae-450c-887b-29adc31df765] Created FlowFile[1677,96217739124316.mockFlowFile,23B] from FlowFile[1676,96217739124316.mockFlowFile,23B]; routing to relationship simple
[pool-3160-thread-1] INFO org.apache.nifi.processors.standard.RouteText - RouteText[id=fc47b1db-e7ae-450c-887b-29adc31df765] Routing FlowFile[1676,96217739124316.mockFlowFile,23B] to original
[main] DEBUG org.apache.nifi.processors.standard.RouteText - RouteText[id=fc47b1db-e7ae-450c-887b-29adc31df765] Adding new dynamic property: PropertyDescriptor[simple]
[pool-3161-thread-1] INFO org.apache.nifi.processors.standard.RouteText - RouteText[id=fc47b1db-e7ae-450c-887b-29adc31df765] Created FlowFile[1679,96217739509249.mockFlowFile,23B] from FlowFile[1678,96217739509249.mockFlowFile,23B]; routing to relationship simple
[pool-3161-thread-1] INFO org.apache.nifi.processors.standard.RouteText - RouteText[id=fc47b1db-e7ae-450c-887b-29adc31df765] Routing FlowFile[1678,96217739509249.mockFlowFile,23B] to original
[main] DEBUG org.apache.nifi.processors.standard.RouteText - RouteText[id=fc47b1db-e7ae-450c-887b-29adc31df765] Adding new dynamic property: PropertyDescriptor[simple]
[pool-3162-thread-1] INFO org.apache.nifi.processors.standard.RouteText - RouteText[id=fc47b1db-e7ae-450c-887b-29adc31df765] Created FlowFile[1681,96217739958030.mockFlowFile,23B] from FlowFile[1680,96217739958030.mockFlowFile,23B]; routing to relationship simple
[pool-3162-thread-1] INFO org.apache.nifi.processors.standard.RouteText - RouteText[id=fc47b1db-e7ae-450c-887b-29adc31df765] Routing FlowFile[1680,96217739958030.mockFlowFile,23B] to original
[main] DEBUG org.apache.nifi.processors.standard.RouteText - RouteText[id=fc47b1db-e7ae-450c-887b-29adc31df765] Adding new dynamic property: PropertyDescriptor[simple]
[pool-3163-thread-1] INFO org.apache.nifi.processors.standard.RouteText - RouteText[id=fc47b1db-e7ae-450c-887b-29adc31df765] Created FlowFile[1683,96217740527065.mockFlowFile,23B] from FlowFile[1682,96217740527065.mockFlowFile,23B]; routing to relationship simple
[pool-3163-thread-1] INFO org.apache.nifi.processors.standard.RouteText - RouteText[id=fc47b1db-e7ae-450c-887b-29adc31df765] Routing FlowFile[1682,96217740527065.mockFlowFile,23B] to original
[main] DEBUG org.apache.nifi.processors.standard.RouteText - RouteText[id=fc47b1db-e7ae-450c-887b-29adc31df765] Adding new dynamic property: PropertyDescriptor[simple]
[pool-3164-thread-1] INFO org.apache.nifi.processors.standard.RouteText - RouteText[id=fc47b1db-e7ae-450c-887b-29adc31df765] Created FlowFile[1685,96217741061570.mockFlowFile,23B] from FlowFile[1684,96217741061570.mockFlowFile,23B]; routing to relationship simple
[pool-3164-thread-1] INFO org.apache.nifi.processors.standard.RouteText - RouteText[id=fc47b1db-e7ae-450c-887b-29adc31df765] Routing FlowFile[1684,96217741061570.mockFlowFile,23B] to original
[main] DEBUG org.apache.nifi.processors.standard.RouteText - RouteText[id=fc47b1db-e7ae-450c-887b-29adc31df765] Adding new dynamic property: PropertyDescriptor[simple]
[pool-3165-thread-1] INFO org.apache.nifi.processors.standard.RouteText - RouteText[id=fc47b1db-e7ae-450c-887b-29adc31df765] Created FlowFile[1687,96217741575127.mockFlowFile,23B] from FlowFile[1686,96217741575127.mockFlowFile,23B]; routing to relationship simple
[pool-3165-thread-1] INFO org.apache.nifi.processors.standard.RouteText - RouteText[id=fc47b1db-e7ae-450c-887b-29adc31df765] Routing FlowFile[1686,96217741575127.mockFlowFile,23B] to original
[main] DEBUG org.apache.nifi.processors.standard.RouteText - RouteText[id=fc47b1db-e7ae-450c-887b-29adc31df765] Adding new dynamic property: PropertyDescriptor[simple]
[pool-3166-thread-1] INFO org.apache.nifi.processors.standard.RouteText - RouteText[id=fc47b1db-e7ae-450c-887b-29adc31df765] Created FlowFile[1689,96217742060441.mockFlowFile,23B] from FlowFile[1688,96217742060441.mockFlowFile,23B]; routing to relationship simple
[pool-3166-thread-1] INFO org.apache.nifi.processors.standard.RouteText - RouteText[id=fc47b1db-e7ae-450c-887b-29adc31df765] Routing FlowFile[1688,96217742060441.mockFlowFile,23B] to original
[main] DEBUG org.apache.nifi.processors.standard.RouteText - RouteText[id=fc47b1db-e7ae-450c-887b-29adc31df765] Adding new dynamic property: PropertyDescriptor[simple]
[pool-3167-thread-1] INFO org.apache.nifi.processors.standard.RouteText - RouteText[id=fc47b1db-e7ae-450c-887b-29adc31df765] Created FlowFile[1691,96217742535655.mockFlowFile,23B] from FlowFile[1690,96217742535655.mockFlowFile,23B]; routing to relationship simple
[pool-3167-thread-1] INFO org.apache.nifi.processors.standard.RouteText - RouteText[id=fc47b1db-e7ae-450c-887b-29adc31df765] Routing FlowFile[1690,96217742535655.mockFlowFile,23B] to original
[main] DEBUG org.apache.nifi.processors.standard.RouteText - RouteText[id=fc47b1db-e7ae-450c-887b-29adc31df765] Adding new dynamic property: PropertyDescriptor[simple]
[pool-3168-thread-1] INFO org.apache.nifi.processors.standard.RouteText - RouteText[id=fc47b1db-e7ae-450c-887b-29adc31df765] Created FlowFile[1693,96217742915764.mockFlowFile,23B] from FlowFile[1692,96217742915764.mockFlowFile,23B]; routing to relationship simple
[pool-3168-thread-1] INFO org.apache.nifi.processors.standard.RouteText - RouteText[id=fc47b1db-e7ae-450c-887b-29adc31df765] Routing FlowFile[1692,96217742915764.mockFlowFile,23B] to original
[main] DEBUG org.apache.nifi.processors.standard.RouteText - RouteText[id=fc47b1db-e7ae-450c-887b-29adc31df765] Adding new dynamic property: PropertyDescriptor[simple]
[pool-3169-thread-1] INFO org.apache.nifi.processors.standard.RouteText - RouteText[id=fc47b1db-e7ae-450c-887b-29adc31df765] Created FlowFile[1695,96217743387603.mockFlowFile,23B] from FlowFile[1694,96217743387603.mockFlowFile,23B]; routing to relationship simple
[pool-3169-thread-1] INFO org.apache.nifi.processors.standard.RouteText - RouteText[id=fc47b1db-e7ae-450c-887b-29adc31df765] Routing FlowFile[1694,96217743387603.mockFlowFile,23B] to original
[main] DEBUG org.apache.nifi.processors.standard.RouteText - RouteText[id=fc47b1db-e7ae-450c-887b-29adc31df765] Adding new dynamic property: PropertyDescriptor[simple]
[pool-3170-thread-1] INFO org.apache.nifi.processors.standard.RouteText - RouteText[id=fc47b1db-e7ae-450c-887b-29adc31df765] Created FlowFile[1697,96217743866693.mockFlowFile,23B] from FlowFile[1696,96217743866693.mockFlowFile,23B]; routing to relationship simple
[pool-3170-thread-1] INFO org.apache.nifi.processors.standard.RouteText - RouteText[id=fc47b1db-e7ae-450c-887b-29adc31df765] Routing FlowFile[1696,96217743866693.mockFlowFile,23B] to original
[main] DEBUG org.apache.nifi.processors.standard.RouteText - RouteText[id=fc47b1db-e7ae-450c-887b-29adc31df765] Adding new dynamic property: PropertyDescriptor[simple]
[pool-3171-thread-1] INFO org.apache.nifi.processors.standard.RouteText - RouteText[id=fc47b1db-e7ae-450c-887b-29adc31df765] Created FlowFile[1699,96217744286140.mockFlowFile,23B] from FlowFile[1698,96217744286140.mockFlowFile,23B]; routing to relationship simple
[pool-3171-thread-1] INFO org.apache.nifi.processors.standard.RouteText - RouteText[id=fc47b1db-e7ae-450c-887b-29adc31df765] Routing FlowFile[1698,96217744286140.mockFlowFile,23B] to original
[main] DEBUG org.apache.nifi.processors.standard.RouteText - RouteText[id=fc47b1db-e7ae-450c-887b-29adc31df765] Adding new dynamic property: PropertyDescriptor[simple]
[pool-3172-thread-1] INFO org.apache.nifi.processors.standard.RouteText - RouteText[id=fc47b1db-e7ae-450c-887b-29adc31df765] Created FlowFile[1701,96217744765369.mockFlowFile,23B] from FlowFile[1700,96217744765369.mockFlowFile,23B]; routing to relationship simple
[pool-3172-thread-1] INFO org.apache.nifi.processors.standard.RouteText - RouteText[id=fc47b1db-e7ae-450c-887b-29adc31df765] Routing FlowFile[1700,96217744765369.mockFlowFile,23B] to original
[main] DEBUG org.apache.nifi.processors.standard.RouteText - RouteText[id=fc47b1db-e7ae-450c-887b-29adc31df765] Adding new dynamic property: PropertyDescriptor[simple]
[pool-3173-thread-1] INFO org.apache.nifi.processors.standard.RouteText - RouteText[id=fc47b1db-e7ae-450c-887b-29adc31df765] Created FlowFile[1703,96217745205572.mockFlowFile,23B] from FlowFile[1702,96217745205572.mockFlowFile,23B]; routing to relationship simple
[pool-3173-thread-1] INFO org.apache.nifi.processors.standard.RouteText - RouteText[id=fc47b1db-e7ae-450c-887b-29adc31df765] Routing FlowFile[1702,96217745205572.mockFlowFile,23B] to original
[main] DEBUG org.apache.nifi.processors.standard.RouteText - RouteText[id=fc47b1db-e7ae-450c-887b-29adc31df765] Adding new dynamic property: PropertyDescriptor[simple]
[pool-3174-thread-1] INFO org.apache.nifi.processors.standard.RouteText - RouteText[id=fc47b1db-e7ae-450c-887b-29adc31df765] Created FlowFile[1705,96217745713678.mockFlowFile,23B] from FlowFile[1704,96217745713678.mockFlowFile,23B]; routing to relationship simple
[pool-3174-thread-1] INFO org.apache.nifi.processors.standard.RouteText - RouteText[id=fc47b1db-e7ae-450c-887b-29adc31df765] Routing FlowFile[1704,96217745713678.mockFlowFile,23B] to original
[main] DEBUG org.apache.nifi.processors.standard.RouteText - RouteText[id=fc47b1db-e7ae-450c-887b-29adc31df765] Adding new dynamic property: PropertyDescriptor[simple]
[pool-3175-thread-1] INFO org.apache.nifi.processors.standard.RouteText - RouteText[id=fc47b1db-e7ae-450c-887b-29adc31df765] Created FlowFile[1707,96217746197774.mockFlowFile,23B] from FlowFile[1706,96217746197774.mockFlowFile,23B]; routing to relationship simple
[pool-3175-thread-1] INFO org.apache.nifi.processors.standard.RouteText - RouteText[id=fc47b1db-e7ae-450c-887b-29adc31df765] Routing FlowFile[1706,96217746197774.mockFlowFile,23B] to original
[main] DEBUG org.apache.nifi.processors.standard.RouteText - RouteText[id=fc47b1db-e7ae-450c-887b-29adc31df765] Adding new dynamic property: PropertyDescriptor[simple]
[pool-3176-thread-1] INFO org.apache.nifi.processors.standard.RouteText - RouteText[id=fc47b1db-e7ae-450c-887b-29adc31df765] Created FlowFile[1709,96217746650840.mockFlowFile,23B] from FlowFile[1708,96217746650840.mockFlowFile,23B]; routing to relationship simple
[pool-3176-thread-1] INFO org.apache.nifi.processors.standard.RouteText - RouteText[id=fc47b1db-e7ae-450c-887b-29adc31df765] Routing FlowFile[1708,96217746650840.mockFlowFile,23B] to original
[main] DEBUG org.apache.nifi.processors.standard.RouteText - RouteText[id=fc47b1db-e7ae-450c-887b-29adc31df765] Adding new dynamic property: PropertyDescriptor[simple]
[pool-3177-thread-1] INFO org.apache.nifi.processors.standard.RouteText - RouteText[id=fc47b1db-e7ae-450c-887b-29adc31df765] Created FlowFile[1711,96217747013074.mockFlowFile,23B] from FlowFile[1710,96217747013074.mockFlowFile,23B]; routing to relationship simple
[pool-3177-thread-1] INFO org.apache.nifi.processors.standard.RouteText - RouteText[id=fc47b1db-e7ae-450c-887b-29adc31df765] Routing FlowFile[1710,96217747013074.mockFlowFile,23B] to original
[main] DEBUG org.apache.nifi.processors.standard.RouteText - RouteText[id=fc47b1db-e7ae-450c-887b-29adc31df765] Adding new dynamic property: PropertyDescriptor[simple]
[pool-3178-thread-1] INFO org.apache.nifi.processors.standard.RouteText - RouteText[id=fc47b1db-e7ae-450c-887b-29adc31df765] Created FlowFile[1713,96217747461769.mockFlowFile,23B] from FlowFile[1712,96217747461769.mockFlowFile,23B]; routing to relationship simple
[pool-3178-thread-1] INFO org.apache.nifi.processors.standard.RouteText - RouteText[id=fc47b1db-e7ae-450c-887b-29adc31df765] Routing FlowFile[1712,96217747461769.mockFlowFile,23B] to original
[main] DEBUG org.apache.nifi.processors.standard.RouteText - RouteText[id=fc47b1db-e7ae-450c-887b-29adc31df765] Adding new dynamic property: PropertyDescriptor[simple]
[pool-3179-thread-1] INFO org.apache.nifi.processors.standard.RouteText - RouteText[id=fc47b1db-e7ae-450c-887b-29adc31df765] Created FlowFile[1715,96217747815033.mockFlowFile,23B] from FlowFile[1714,96217747815033.mockFlowFile,23B]; routing to relationship simple
[pool-3179-thread-1] INFO org.apache.nifi.processors.standard.RouteText - RouteText[id=fc47b1db-e7ae-450c-887b-29adc31df765] Routing FlowFile[1714,96217747815033.mockFlowFile,23B] to original
[main] DEBUG org.apache.nifi.processors.standard.RouteText - RouteText[id=fc47b1db-e7ae-450c-887b-29adc31df765] Adding new dynamic property: PropertyDescriptor[simple]
[pool-3180-thread-1] INFO org.apache.nifi.processors.standard.RouteText - RouteText[id=fc47b1db-e7ae-450c-887b-29adc31df765] Created FlowFile[1717,96217748366461.mockFlowFile,23B] from FlowFile[1716,96217748366461.mockFlowFile,23B]; routing to relationship simple
[pool-3180-thread-1] INFO org.apache.nifi.processors.standard.RouteText - RouteText[id=fc47b1db-e7ae-450c-887b-29adc31df765] Routing FlowFile[1716,96217748366461.mockFlowFile,23B] to original
[main] DEBUG org.apache.nifi.processors.standard.RouteText - RouteText[id=fc47b1db-e7ae-450c-887b-29adc31df765] Adding new dynamic property: PropertyDescriptor[simple]
[pool-3181-thread-1] INFO org.apache.nifi.processors.standard.RouteText - RouteText[id=fc47b1db-e7ae-450c-887b-29adc31df765] Created FlowFile[1719,96217748889164.mockFlowFile,23B] from FlowFile[1718,96217748889164.mockFlowFile,23B]; routing to relationship simple
[pool-3181-thread-1] INFO org.apache.nifi.processors.standard.RouteText - RouteText[id=fc47b1db-e7ae-450c-887b-29adc31df765] Routing FlowFile[1718,96217748889164.mockFlowFile,23B] to original
[main] DEBUG org.apache.nifi.processors.standard.RouteText - RouteText[id=fc47b1db-e7ae-450c-887b-29adc31df765] Adding new dynamic property: PropertyDescriptor[simple]
[pool-3182-thread-1] INFO org.apache.nifi.processors.standard.RouteText - RouteText[id=fc47b1db-e7ae-450c-887b-29adc31df765] Created FlowFile[1721,96217749393331.mockFlowFile,23B] from FlowFile[1720,96217749393331.mockFlowFile,23B]; routing to relationship simple
[pool-3182-thread-1] INFO org.apache.nifi.processors.standard.RouteText - RouteText[id=fc47b1db-e7ae-450c-887b-29adc31df765] Routing FlowFile[1720,96217749393331.mockFlowFile,23B] to original
[main] DEBUG org.apache.nifi.processors.standard.RouteText - RouteText[id=fc47b1db-e7ae-450c-887b-29adc31df765] Adding new dynamic property: PropertyDescriptor[simple]
[pool-3183-thread-1] INFO org.apache.nifi.processors.standard.RouteText - RouteText[id=fc47b1db-e7ae-450c-887b-29adc31df765] Created FlowFile[1723,96217749904216.mockFlowFile,23B] from FlowFile[1722,96217749904216.mockFlowFile,23B]; routing to relationship simple
[pool-3183-thread-1] INFO org.apache.nifi.processors.standard.RouteText - RouteText[id=fc47b1db-e7ae-450c-887b-29adc31df765] Routing FlowFile[1722,96217749904216.mockFlowFile,23B] to original
[main] DEBUG org.apache.nifi.processors.standard.RouteText - RouteText[id=fc47b1db-e7ae-450c-887b-29adc31df765] Adding new dynamic property: PropertyDescriptor[simple]
[pool-3184-thread-1] INFO org.apache.nifi.processors.standard.RouteText - RouteText[id=fc47b1db-e7ae-450c-887b-29adc31df765] Created FlowFile[1725,96217750410673.mockFlowFile,23B] from FlowFile[1724,96217750410673.mockFlowFile,23B]; routing to relationship simple
[pool-3184-thread-1] INFO org.apache.nifi.processors.standard.RouteText - RouteText[id=fc47b1db-e7ae-450c-887b-29adc31df765] Routing FlowFile[1724,96217750410673.mockFlowFile,23B] to original
[main] DEBUG org.apache.nifi.processors.standard.RouteText - RouteText[id=fc47b1db-e7ae-450c-887b-29adc31df765] Adding new dynamic property: PropertyDescriptor[simple]
[pool-3185-thread-1] INFO org.apache.nifi.processors.standard.RouteText - RouteText[id=fc47b1db-e7ae-450c-887b-29adc31df765] Created FlowFile[1727,96217750871800.mockFlowFile,23B] from FlowFile[1726,96217750871800.mockFlowFile,23B]; routing to relationship simple
[pool-3185-thread-1] INFO org.apache.nifi.processors.standard.RouteText - RouteText[id=fc47b1db-e7ae-450c-887b-29adc31df765] Routing FlowFile[1726,96217750871800.mockFlowFile,23B] to original
[main] DEBUG org.apache.nifi.processors.standard.RouteText - RouteText[id=fc47b1db-e7ae-450c-887b-29adc31df765] Adding new dynamic property: PropertyDescriptor[simple]
[pool-3186-thread-1] INFO org.apache.nifi.processors.standard.RouteText - RouteText[id=fc47b1db-e7ae-450c-887b-29adc31df765] Created FlowFile[1729,96217751300942.mockFlowFile,23B] from FlowFile[1728,96217751300942.mockFlowFile,23B]; routing to relationship simple
[pool-3186-thread-1] INFO org.apache.nifi.processors.standard.RouteText - RouteText[id=fc47b1db-e7ae-450c-887b-29adc31df765] Routing FlowFile[1728,96217751300942.mockFlowFile,23B] to original
[main] DEBUG org.apache.nifi.processors.standard.RouteText - RouteText[id=fc47b1db-e7ae-450c-887b-29adc31df765] Adding new dynamic property: PropertyDescriptor[simple]
[pool-3187-thread-1] INFO org.apache.nifi.processors.standard.RouteText - RouteText[id=fc47b1db-e7ae-450c-887b-29adc31df765] Created FlowFile[1731,96217751759851.mockFlowFile,23B] from FlowFile[1730,96217751759851.mockFlowFile,23B]; routing to relationship simple
[pool-3187-thread-1] INFO org.apache.nifi.processors.standard.RouteText - RouteText[id=fc47b1db-e7ae-450c-887b-29adc31df765] Routing FlowFile[1730,96217751759851.mockFlowFile,23B] to original
[main] DEBUG org.apache.nifi.processors.standard.RouteText - RouteText[id=fc47b1db-e7ae-450c-887b-29adc31df765] Adding new dynamic property: PropertyDescriptor[simple]
[pool-3188-thread-1] INFO org.apache.nifi.processors.standard.RouteText - RouteText[id=fc47b1db-e7ae-450c-887b-29adc31df765] Created FlowFile[1733,96217752140097.mockFlowFile,23B] from FlowFile[1732,96217752140097.mockFlowFile,23B]; routing to relationship simple
[pool-3188-thread-1] INFO org.apache.nifi.processors.standard.RouteText - RouteText[id=fc47b1db-e7ae-450c-887b-29adc31df765] Routing FlowFile[1732,96217752140097.mockFlowFile,23B] to original
[main] DEBUG org.apache.nifi.processors.standard.RouteText - RouteText[id=fc47b1db-e7ae-450c-887b-29adc31df765] Adding new dynamic property: PropertyDescriptor[simple]
[pool-3189-thread-1] INFO org.apache.nifi.processors.standard.RouteText - RouteText[id=fc47b1db-e7ae-450c-887b-29adc31df765] Created FlowFile[1735,96217752585873.mockFlowFile,23B] from FlowFile[1734,96217752585873.mockFlowFile,23B]; routing to relationship simple
[pool-3189-thread-1] INFO org.apache.nifi.processors.standard.RouteText - RouteText[id=fc47b1db-e7ae-450c-887b-29adc31df765] Routing FlowFile[1734,96217752585873.mockFlowFile,23B] to original
[main] DEBUG org.apache.nifi.processors.standard.RouteText - RouteText[id=fc47b1db-e7ae-450c-887b-29adc31df765] Adding new dynamic property: PropertyDescriptor[simple]
[pool-3190-thread-1] INFO org.apache.nifi.processors.standard.RouteText - RouteText[id=fc47b1db-e7ae-450c-887b-29adc31df765] Created FlowFile[1737,96217753017233.mockFlowFile,23B] from FlowFile[1736,96217753017233.mockFlowFile,23B]; routing to relationship simple
[pool-3190-thread-1] INFO org.apache.nifi.processors.standard.RouteText - RouteText[id=fc47b1db-e7ae-450c-887b-29adc31df765] Routing FlowFile[1736,96217753017233.mockFlowFile,23B] to original
[main] DEBUG org.apache.nifi.processors.standard.RouteText - RouteText[id=fc47b1db-e7ae-450c-887b-29adc31df765] Adding new dynamic property: PropertyDescriptor[simple]
[pool-3191-thread-1] INFO org.apache.nifi.processors.standard.RouteText - RouteText[id=fc47b1db-e7ae-450c-887b-29adc31df765] Created FlowFile[1739,96217753439220.mockFlowFile,23B] from FlowFile[1738,96217753439220.mockFlowFile,23B]; routing to relationship simple
[pool-3191-thread-1] INFO org.apache.nifi.processors.standard.RouteText - RouteText[id=fc47b1db-e7ae-450c-887b-29adc31df765] Routing FlowFile[1738,96217753439220.mockFlowFile,23B] to original
[main] DEBUG org.apache.nifi.processors.standard.RouteText - RouteText[id=fc47b1db-e7ae-450c-887b-29adc31df765] Adding new dynamic property: PropertyDescriptor[simple]
[pool-3192-thread-1] INFO org.apache.nifi.processors.standard.RouteText - RouteText[id=fc47b1db-e7ae-450c-887b-29adc31df765] Created FlowFile[1741,96217753861076.mockFlowFile,23B] from FlowFile[1740,96217753861076.mockFlowFile,23B]; routing to relationship simple
[pool-3192-thread-1] INFO org.apache.nifi.processors.standard.RouteText - RouteText[id=fc47b1db-e7ae-450c-887b-29adc31df765] Routing FlowFile[1740,96217753861076.mockFlowFile,23B] to original
[main] DEBUG org.apache.nifi.processors.standard.RouteText - RouteText[id=fc47b1db-e7ae-450c-887b-29adc31df765] Adding new dynamic property: PropertyDescriptor[simple]
[pool-3193-thread-1] INFO org.apache.nifi.processors.standard.RouteText - RouteText[id=fc47b1db-e7ae-450c-887b-29adc31df765] Created FlowFile[1743,96217754290617.mockFlowFile,23B] from FlowFile[1742,96217754290617.mockFlowFile,23B]; routing to relationship simple
[pool-3193-thread-1] INFO org.apache.nifi.processors.standard.RouteText - RouteText[id=fc47b1db-e7ae-450c-887b-29adc31df765] Routing FlowFile[1742,96217754290617.mockFlowFile,23B] to original
[main] DEBUG org.apache.nifi.processors.standard.RouteText - RouteText[id=fc47b1db-e7ae-450c-887b-29adc31df765] Adding new dynamic property: PropertyDescriptor[simple]
[pool-3194-thread-1] INFO org.apache.nifi.processors.standard.RouteText - RouteText[id=fc47b1db-e7ae-450c-887b-29adc31df765] Created FlowFile[1745,96217754683065.mockFlowFile,23B] from FlowFile[1744,96217754683065.mockFlowFile,23B]; routing to relationship simple
[pool-3194-thread-1] INFO org.apache.nifi.processors.standard.RouteText - RouteText[id=fc47b1db-e7ae-450c-887b-29adc31df765] Routing FlowFile[1744,96217754683065.mockFlowFile,23B] to original
[main] DEBUG org.apache.nifi.processors.standard.RouteText - RouteText[id=fc47b1db-e7ae-450c-887b-29adc31df765] Adding new dynamic property: PropertyDescriptor[simple]
[pool-3195-thread-1] INFO org.apache.nifi.processors.standard.RouteText - RouteText[id=fc47b1db-e7ae-450c-887b-29adc31df765] Created FlowFile[1747,96217755118407.mockFlowFile,23B] from FlowFile[1746,96217755118407.mockFlowFile,23B]; routing to relationship simple
[pool-3195-thread-1] INFO org.apache.nifi.processors.standard.RouteText - RouteText[id=fc47b1db-e7ae-450c-887b-29adc31df765] Routing FlowFile[1746,96217755118407.mockFlowFile,23B] to original
[main] DEBUG org.apache.nifi.processors.standard.RouteText - RouteText[id=fc47b1db-e7ae-450c-887b-29adc31df765] Adding new dynamic property: PropertyDescriptor[simple]
[pool-3196-thread-1] INFO org.apache.nifi.processors.standard.RouteText - RouteText[id=fc47b1db-e7ae-450c-887b-29adc31df765] Created FlowFile[1749,96217755519645.mockFlowFile,23B] from FlowFile[1748,96217755519645.mockFlowFile,23B]; routing to relationship simple
[pool-3196-thread-1] INFO org.apache.nifi.processors.standard.RouteText - RouteText[id=fc47b1db-e7ae-450c-887b-29adc31df765] Routing FlowFile[1748,96217755519645.mockFlowFile,23B] to original
[main] DEBUG org.apache.nifi.processors.standard.RouteText - RouteText[id=fc47b1db-e7ae-450c-887b-29adc31df765] Adding new dynamic property: PropertyDescriptor[simple]
[pool-3197-thread-1] INFO org.apache.nifi.processors.standard.RouteText - RouteText[id=fc47b1db-e7ae-450c-887b-29adc31df765] Created FlowFile[1751,96217755863544.mockFlowFile,23B] from FlowFile[1750,96217755863544.mockFlowFile,23B]; routing to relationship simple
[pool-3197-thread-1] INFO org.apache.nifi.processors.standard.RouteText - RouteText[id=fc47b1db-e7ae-450c-887b-29adc31df765] Routing FlowFile[1750,96217755863544.mockFlowFile,23B] to original
[main] DEBUG org.apache.nifi.processors.standard.RouteText - RouteText[id=fc47b1db-e7ae-450c-887b-29adc31df765] Adding new dynamic property: PropertyDescriptor[simple]
[pool-3198-thread-1] INFO org.apache.nifi.processors.standard.RouteText - RouteText[id=fc47b1db-e7ae-450c-887b-29adc31df765] Created FlowFile[1753,96217756308267.mockFlowFile,23B] from FlowFile[1752,96217756308267.mockFlowFile,23B]; routing to relationship simple
[pool-3198-thread-1] INFO org.apache.nifi.processors.standard.RouteText - RouteText[id=fc47b1db-e7ae-450c-887b-29adc31df765] Routing FlowFile[1752,96217756308267.mockFlowFile,23B] to original
[main] DEBUG org.apache.nifi.processors.standard.RouteText - RouteText[id=fc47b1db-e7ae-450c-887b-29adc31df765] Adding new dynamic property: PropertyDescriptor[simple]
[pool-3199-thread-1] INFO org.apache.nifi.processors.standard.RouteText - RouteText[id=fc47b1db-e7ae-450c-887b-29adc31df765] Created FlowFile[1755,96217756800489.mockFlowFile,23B] from FlowFile[1754,96217756800489.mockFlowFile,23B]; routing to relationship simple
[pool-3199-thread-1] INFO org.apache.nifi.processors.standard.RouteText - RouteText[id=fc47b1db-e7ae-450c-887b-29adc31df765] Routing FlowFile[1754,96217756800489.mockFlowFile,23B] to original
[main] DEBUG org.apache.nifi.processors.standard.RouteText - RouteText[id=fc47b1db-e7ae-450c-887b-29adc31df765] Adding new dynamic property: PropertyDescriptor[simple]
[pool-3200-thread-1] INFO org.apache.nifi.processors.standard.RouteText - RouteText[id=fc47b1db-e7ae-450c-887b-29adc31df765] Created FlowFile[1757,96217757289404.mockFlowFile,23B] from FlowFile[1756,96217757289404.mockFlowFile,23B]; routing to relationship simple
[pool-3200-thread-1] INFO org.apache.nifi.processors.standard.RouteText - RouteText[id=fc47b1db-e7ae-450c-887b-29adc31df765] Routing FlowFile[1756,96217757289404.mockFlowFile,23B] to original
[main] DEBUG org.apache.nifi.processors.standard.RouteText - RouteText[id=fc47b1db-e7ae-450c-887b-29adc31df765] Adding new dynamic property: PropertyDescriptor[simple]
[pool-3201-thread-1] INFO org.apache.nifi.processors.standard.RouteText - RouteText[id=fc47b1db-e7ae-450c-887b-29adc31df765] Created FlowFile[1759,96217757722639.mockFlowFile,23B] from FlowFile[1758,96217757722639.mockFlowFile,23B]; routing to relationship simple
[pool-3201-thread-1] INFO org.apache.nifi.processors.standard.RouteText - RouteText[id=fc47b1db-e7ae-450c-887b-29adc31df765] Routing FlowFile[1758,96217757722639.mockFlowFile,23B] to original
[main] DEBUG org.apache.nifi.processors.standard.RouteText - RouteText[id=fc47b1db-e7ae-450c-887b-29adc31df765] Adding new dynamic property: PropertyDescriptor[simple]
[pool-3202-thread-1] INFO org.apache.nifi.processors.standard.RouteText - RouteText[id=fc47b1db-e7ae-450c-887b-29adc31df765] Created FlowFile[1761,96217758124035.mockFlowFile,23B] from FlowFile[1760,96217758124035.mockFlowFile,23B]; routing to relationship simple
[pool-3202-thread-1] INFO org.apache.nifi.processors.standard.RouteText - RouteText[id=fc47b1db-e7ae-450c-887b-29adc31df765] Routing FlowFile[1760,96217758124035.mockFlowFile,23B] to original
[main] DEBUG org.apache.nifi.processors.standard.RouteText - RouteText[id=fc47b1db-e7ae-450c-887b-29adc31df765] Adding new dynamic property: PropertyDescriptor[simple]
[pool-3203-thread-1] INFO org.apache.nifi.processors.standard.RouteText - RouteText[id=fc47b1db-e7ae-450c-887b-29adc31df765] Created FlowFile[1763,96217758473861.mockFlowFile,23B] from FlowFile[1762,96217758473861.mockFlowFile,23B]; routing to relationship simple
[pool-3203-thread-1] INFO org.apache.nifi.processors.standard.RouteText - RouteText[id=fc47b1db-e7ae-450c-887b-29adc31df765] Routing FlowFile[1762,96217758473861.mockFlowFile,23B] to original
[main] DEBUG org.apache.nifi.processors.standard.RouteText - RouteText[id=fc47b1db-e7ae-450c-887b-29adc31df765] Adding new dynamic property: PropertyDescriptor[simple]
[pool-3204-thread-1] INFO org.apache.nifi.processors.standard.RouteText - RouteText[id=fc47b1db-e7ae-450c-887b-29adc31df765] Created FlowFile[1765,96217758821081.mockFlowFile,23B] from FlowFile[1764,96217758821081.mockFlowFile,23B]; routing to relationship simple
[pool-3204-thread-1] INFO org.apache.nifi.processors.standard.RouteText - RouteText[id=fc47b1db-e7ae-450c-887b-29adc31df765] Routing FlowFile[1764,96217758821081.mockFlowFile,23B] to original
[main] DEBUG org.apache.nifi.processors.standard.RouteText - RouteText[id=fc47b1db-e7ae-450c-887b-29adc31df765] Adding new dynamic property: PropertyDescriptor[simple]
[pool-3205-thread-1] INFO org.apache.nifi.processors.standard.RouteText - RouteText[id=fc47b1db-e7ae-450c-887b-29adc31df765] Created FlowFile[1767,96217759231492.mockFlowFile,23B] from FlowFile[1766,96217759231492.mockFlowFile,23B]; routing to relationship simple
[pool-3205-thread-1] INFO org.apache.nifi.processors.standard.RouteText - RouteText[id=fc47b1db-e7ae-450c-887b-29adc31df765] Routing FlowFile[1766,96217759231492.mockFlowFile,23B] to original
[main] DEBUG org.apache.nifi.processors.standard.RouteText - RouteText[id=fc47b1db-e7ae-450c-887b-29adc31df765] Adding new dynamic property: PropertyDescriptor[simple]
[pool-3206-thread-1] INFO org.apache.nifi.processors.standard.RouteText - RouteText[id=fc47b1db-e7ae-450c-887b-29adc31df765] Created FlowFile[1769,96217759662243.mockFlowFile,23B] from FlowFile[1768,96217759662243.mockFlowFile,23B]; routing to relationship simple
[pool-3206-thread-1] INFO org.apache.nifi.processors.standard.RouteText - RouteText[id=fc47b1db-e7ae-450c-887b-29adc31df765] Routing FlowFile[1768,96217759662243.mockFlowFile,23B] to original
[main] DEBUG org.apache.nifi.processors.standard.RouteText - RouteText[id=fc47b1db-e7ae-450c-887b-29adc31df765] Adding new dynamic property: PropertyDescriptor[simple]
[pool-3207-thread-1] INFO org.apache.nifi.processors.standard.RouteText - RouteText[id=fc47b1db-e7ae-450c-887b-29adc31df765] Created FlowFile[1771,96217759995606.mockFlowFile,23B] from FlowFile[1770,96217759995606.mockFlowFile,23B]; routing to relationship simple
[pool-3207-thread-1] INFO org.apache.nifi.processors.standard.RouteText - RouteText[id=fc47b1db-e7ae-450c-887b-29adc31df765] Routing FlowFile[1770,96217759995606.mockFlowFile,23B] to original
[main] DEBUG org.apache.nifi.processors.standard.RouteText - RouteText[id=fc47b1db-e7ae-450c-887b-29adc31df765] Adding new dynamic property: PropertyDescriptor[simple]
[pool-3208-thread-1] INFO org.apache.nifi.processors.standard.RouteText - RouteText[id=fc47b1db-e7ae-450c-887b-29adc31df765] Created FlowFile[1773,96217760443650.mockFlowFile,23B] from FlowFile[1772,96217760443650.mockFlowFile,23B]; routing to relationship simple
[pool-3208-thread-1] INFO org.apache.nifi.processors.standard.RouteText - RouteText[id=fc47b1db-e7ae-450c-887b-29adc31df765] Routing FlowFile[1772,96217760443650.mockFlowFile,23B] to original
[main] DEBUG org.apache.nifi.processors.standard.RouteText - RouteText[id=fc47b1db-e7ae-450c-887b-29adc31df765] Adding new dynamic property: PropertyDescriptor[simple]
[pool-3209-thread-1] INFO org.apache.nifi.processors.standard.RouteText - RouteText[id=fc47b1db-e7ae-450c-887b-29adc31df765] Created FlowFile[1775,96217760874065.mockFlowFile,23B] from FlowFile[1774,96217760874065.mockFlowFile,23B]; routing to relationship simple
[pool-3209-thread-1] INFO org.apache.nifi.processors.standard.RouteText - RouteText[id=fc47b1db-e7ae-450c-887b-29adc31df765] Routing FlowFile[1774,96217760874065.mockFlowFile,23B] to original
[main] DEBUG org.apache.nifi.processors.standard.RouteText - RouteText[id=fc47b1db-e7ae-450c-887b-29adc31df765] Adding new dynamic property: PropertyDescriptor[simple]
[pool-3210-thread-1] INFO org.apache.nifi.processors.standard.RouteText - RouteText[id=fc47b1db-e7ae-450c-887b-29adc31df765] Created FlowFile[1777,96217761259586.mockFlowFile,23B] from FlowFile[1776,96217761259586.mockFlowFile,23B]; routing to relationship simple
[pool-3210-thread-1] INFO org.apache.nifi.processors.standard.RouteText - RouteText[id=fc47b1db-e7ae-450c-887b-29adc31df765] Routing FlowFile[1776,96217761259586.mockFlowFile,23B] to original
[main] DEBUG org.apache.nifi.processors.standard.RouteText - RouteText[id=fc47b1db-e7ae-450c-887b-29adc31df765] Adding new dynamic property: PropertyDescriptor[simple]
[pool-3211-thread-1] INFO org.apache.nifi.processors.standard.RouteText - RouteText[id=fc47b1db-e7ae-450c-887b-29adc31df765] Created FlowFile[1779,96217761603125.mockFlowFile,23B] from FlowFile[1778,96217761603125.mockFlowFile,23B]; routing to relationship simple
[pool-3211-thread-1] INFO org.apache.nifi.processors.standard.RouteText - RouteText[id=fc47b1db-e7ae-450c-887b-29adc31df765] Routing FlowFile[1778,96217761603125.mockFlowFile,23B] to original
[main] DEBUG org.apache.nifi.processors.standard.RouteText - RouteText[id=fc47b1db-e7ae-450c-887b-29adc31df765] Adding new dynamic property: PropertyDescriptor[simple]
[pool-3212-thread-1] INFO org.apache.nifi.processors.standard.RouteText - RouteText[id=fc47b1db-e7ae-450c-887b-29adc31df765] Created FlowFile[1781,96217761947299.mockFlowFile,23B] from FlowFile[1780,96217761947299.mockFlowFile,23B]; routing to relationship simple
[pool-3212-thread-1] INFO org.apache.nifi.processors.standard.RouteText - RouteText[id=fc47b1db-e7ae-450c-887b-29adc31df765] Routing FlowFile[1780,96217761947299.mockFlowFile,23B] to original
[main] DEBUG org.apache.nifi.processors.standard.RouteText - RouteText[id=fc47b1db-e7ae-450c-887b-29adc31df765] Adding new dynamic property: PropertyDescriptor[simple]
[pool-3213-thread-1] INFO org.apache.nifi.processors.standard.RouteText - RouteText[id=fc47b1db-e7ae-450c-887b-29adc31df765] Created FlowFile[1783,96217762286747.mockFlowFile,23B] from FlowFile[1782,96217762286747.mockFlowFile,23B]; routing to relationship simple
[pool-3213-thread-1] INFO org.apache.nifi.processors.standard.RouteText - RouteText[id=fc47b1db-e7ae-450c-887b-29adc31df765] Routing FlowFile[1782,96217762286747.mockFlowFile,23B] to original
[main] DEBUG org.apache.nifi.processors.standard.RouteText - RouteText[id=fc47b1db-e7ae-450c-887b-29adc31df765] Adding new dynamic property: PropertyDescriptor[simple]
[pool-3214-thread-1] INFO org.apache.nifi.processors.standard.RouteText - RouteText[id=fc47b1db-e7ae-450c-887b-29adc31df765] Created FlowFile[1785,96217762617928.mockFlowFile,23B] from FlowFile[1784,96217762617928.mockFlowFile,23B]; routing to relationship simple
[pool-3214-thread-1] INFO org.apache.nifi.processors.standard.RouteText - RouteText[id=fc47b1db-e7ae-450c-887b-29adc31df765] Routing FlowFile[1784,96217762617928.mockFlowFile,23B] to original
[main] DEBUG org.apache.nifi.processors.standard.RouteText - RouteText[id=fc47b1db-e7ae-450c-887b-29adc31df765] Adding new dynamic property: PropertyDescriptor[simple]
[pool-3215-thread-1] INFO org.apache.nifi.processors.standard.RouteText - RouteText[id=fc47b1db-e7ae-450c-887b-29adc31df765] Created FlowFile[1787,96217762957419.mockFlowFile,23B] from FlowFile[1786,96217762957419.mockFlowFile,23B]; routing to relationship simple
[pool-3215-thread-1] INFO org.apache.nifi.processors.standard.RouteText - RouteText[id=fc47b1db-e7ae-450c-887b-29adc31df765] Routing FlowFile[1786,96217762957419.mockFlowFile,23B] to original
[main] DEBUG org.apache.nifi.processors.standard.RouteText - RouteText[id=fc47b1db-e7ae-450c-887b-29adc31df765] Adding new dynamic property: PropertyDescriptor[simple]
[pool-3216-thread-1] INFO org.apache.nifi.processors.standard.RouteText - RouteText[id=fc47b1db-e7ae-450c-887b-29adc31df765] Created FlowFile[1789,96217763374821.mockFlowFile,23B] from FlowFile[1788,96217763374821.mockFlowFile,23B]; routing to relationship simple
[pool-3216-thread-1] INFO org.apache.nifi.processors.standard.RouteText - RouteText[id=fc47b1db-e7ae-450c-887b-29adc31df765] Routing FlowFile[1788,96217763374821.mockFlowFile,23B] to original
[main] DEBUG org.apache.nifi.processors.standard.RouteText - RouteText[id=fc47b1db-e7ae-450c-887b-29adc31df765] Adding new dynamic property: PropertyDescriptor[simple]
[pool-3217-thread-1] INFO org.apache.nifi.processors.standard.RouteText - RouteText[id=fc47b1db-e7ae-450c-887b-29adc31df765] Created FlowFile[1791,96217763873267.mockFlowFile,23B] from FlowFile[1790,96217763873267.mockFlowFile,23B]; routing to relationship simple
[pool-3217-thread-1] INFO org.apache.nifi.processors.standard.RouteText - RouteText[id=fc47b1db-e7ae-450c-887b-29adc31df765] Routing FlowFile[1790,96217763873267.mockFlowFile,23B] to original
[main] DEBUG org.apache.nifi.processors.standard.RouteText - RouteText[id=fc47b1db-e7ae-450c-887b-29adc31df765] Adding new dynamic property: PropertyDescriptor[simple]
[pool-3218-thread-1] INFO org.apache.nifi.processors.standard.RouteText - RouteText[id=fc47b1db-e7ae-450c-887b-29adc31df765] Created FlowFile[1793,96217764397168.mockFlowFile,23B] from FlowFile[1792,96217764397168.mockFlowFile,23B]; routing to relationship simple
[pool-3218-thread-1] INFO org.apache.nifi.processors.standard.RouteText - RouteText[id=fc47b1db-e7ae-450c-887b-29adc31df765] Routing FlowFile[1792,96217764397168.mockFlowFile,23B] to original
[main] DEBUG org.apache.nifi.processors.standard.RouteText - RouteText[id=fc47b1db-e7ae-450c-887b-29adc31df765] Adding new dynamic property: PropertyDescriptor[simple]
[pool-3219-thread-1] INFO org.apache.nifi.processors.standard.RouteText - RouteText[id=fc47b1db-e7ae-450c-887b-29adc31df765] Created FlowFile[1795,96217764860438.mockFlowFile,23B] from FlowFile[1794,96217764860438.mockFlowFile,23B]; routing to relationship simple
[pool-3219-thread-1] INFO org.apache.nifi.processors.standard.RouteText - RouteText[id=fc47b1db-e7ae-450c-887b-29adc31df765] Routing FlowFile[1794,96217764860438.mockFlowFile,23B] to original
[main] DEBUG org.apache.nifi.processors.standard.RouteText - RouteText[id=fc47b1db-e7ae-450c-887b-29adc31df765] Adding new dynamic property: PropertyDescriptor[simple]
[pool-3220-thread-1] INFO org.apache.nifi.processors.standard.RouteText - RouteText[id=fc47b1db-e7ae-450c-887b-29adc31df765] Created FlowFile[1797,96217765289626.mockFlowFile,23B] from FlowFile[1796,96217765289626.mockFlowFile,23B]; routing to relationship simple
[pool-3220-thread-1] INFO org.apache.nifi.processors.standard.RouteText - RouteText[id=fc47b1db-e7ae-450c-887b-29adc31df765] Routing FlowFile[1796,96217765289626.mockFlowFile,23B] to original
[main] DEBUG org.apache.nifi.processors.standard.RouteText - RouteText[id=fc47b1db-e7ae-450c-887b-29adc31df765] Adding new dynamic property: PropertyDescriptor[simple]
[pool-3221-thread-1] INFO org.apache.nifi.processors.standard.RouteText - RouteText[id=fc47b1db-e7ae-450c-887b-29adc31df765] Created FlowFile[1799,96217765728992.mockFlowFile,23B] from FlowFile[1798,96217765728992.mockFlowFile,23B]; routing to relationship simple
[pool-3221-thread-1] INFO org.apache.nifi.processors.standard.RouteText - RouteText[id=fc47b1db-e7ae-450c-887b-29adc31df765] Routing FlowFile[1798,96217765728992.mockFlowFile,23B] to original
[main] DEBUG org.apache.nifi.processors.standard.RouteText - RouteText[id=fc47b1db-e7ae-450c-887b-29adc31df765] Adding new dynamic property: PropertyDescriptor[simple]
[pool-3222-thread-1] INFO org.apache.nifi.processors.standard.RouteText - RouteText[id=fc47b1db-e7ae-450c-887b-29adc31df765] Created FlowFile[1801,96217766078867.mockFlowFile,23B] from FlowFile[1800,96217766078867.mockFlowFile,23B]; routing to relationship simple
[pool-3222-thread-1] INFO org.apache.nifi.processors.standard.RouteText - RouteText[id=fc47b1db-e7ae-450c-887b-29adc31df765] Routing FlowFile[1800,96217766078867.mockFlowFile,23B] to original
[main] DEBUG org.apache.nifi.processors.standard.RouteText - RouteText[id=fc47b1db-e7ae-450c-887b-29adc31df765] Adding new dynamic property: PropertyDescriptor[simple]
[pool-3223-thread-1] INFO org.apache.nifi.processors.standard.RouteText - RouteText[id=fc47b1db-e7ae-450c-887b-29adc31df765] Created FlowFile[1803,96217766426387.mockFlowFile,23B] from FlowFile[1802,96217766426387.mockFlowFile,23B]; routing to relationship simple
[pool-3223-thread-1] INFO org.apache.nifi.processors.standard.RouteText - RouteText[id=fc47b1db-e7ae-450c-887b-29adc31df765] Routing FlowFile[1802,96217766426387.mockFlowFile,23B] to original
[main] DEBUG org.apache.nifi.processors.standard.RouteText - RouteText[id=fc47b1db-e7ae-450c-887b-29adc31df765] Adding new dynamic property: PropertyDescriptor[simple]
[pool-3224-thread-1] INFO org.apache.nifi.processors.standard.RouteText - RouteText[id=fc47b1db-e7ae-450c-887b-29adc31df765] Created FlowFile[1805,96217766769895.mockFlowFile,23B] from FlowFile[1804,96217766769895.mockFlowFile,23B]; routing to relationship simple
[pool-3224-thread-1] INFO org.apache.nifi.processors.standard.RouteText - RouteText[id=fc47b1db-e7ae-450c-887b-29adc31df765] Routing FlowFile[1804,96217766769895.mockFlowFile,23B] to original
[main] DEBUG org.apache.nifi.processors.standard.RouteText - RouteText[id=fc47b1db-e7ae-450c-887b-29adc31df765] Adding new dynamic property: PropertyDescriptor[simple]
[pool-3225-thread-1] INFO org.apache.nifi.processors.standard.RouteText - RouteText[id=fc47b1db-e7ae-450c-887b-29adc31df765] Created FlowFile[1807,96217767097552.mockFlowFile,23B] from FlowFile[1806,96217767097552.mockFlowFile,23B]; routing to relationship simple
[pool-3225-thread-1] INFO org.apache.nifi.processors.standard.RouteText - RouteText[id=fc47b1db-e7ae-450c-887b-29adc31df765] Routing FlowFile[1806,96217767097552.mockFlowFile,23B] to original
[main] DEBUG org.apache.nifi.processors.standard.RouteText - RouteText[id=fc47b1db-e7ae-450c-887b-29adc31df765] Adding new dynamic property: PropertyDescriptor[simple]
[pool-3226-thread-1] INFO org.apache.nifi.processors.standard.RouteText - RouteText[id=fc47b1db-e7ae-450c-887b-29adc31df765] Created FlowFile[1809,96217767539681.mockFlowFile,23B] from FlowFile[1808,96217767539681.mockFlowFile,23B]; routing to relationship simple
[pool-3226-thread-1] INFO org.apache.nifi.processors.standard.RouteText - RouteText[id=fc47b1db-e7ae-450c-887b-29adc31df765] Routing FlowFile[1808,96217767539681.mockFlowFile,23B] to original
[main] DEBUG org.apache.nifi.processors.standard.RouteText - RouteText[id=fc47b1db-e7ae-450c-887b-29adc31df765] Adding new dynamic property: PropertyDescriptor[simple]
[pool-3227-thread-1] INFO org.apache.nifi.processors.standard.RouteText - RouteText[id=fc47b1db-e7ae-450c-887b-29adc31df765] Created FlowFile[1811,96217767870398.mockFlowFile,23B] from FlowFile[1810,96217767870398.mockFlowFile,23B]; routing to relationship simple
[pool-3227-thread-1] INFO org.apache.nifi.processors.standard.RouteText - RouteText[id=fc47b1db-e7ae-450c-887b-29adc31df765] Routing FlowFile[1810,96217767870398.mockFlowFile,23B] to original
[main] DEBUG org.apache.nifi.processors.standard.RouteText - RouteText[id=fc47b1db-e7ae-450c-887b-29adc31df765] Adding new dynamic property: PropertyDescriptor[simple]
[pool-3228-thread-1] INFO org.apache.nifi.processors.standard.RouteText - RouteText[id=fc47b1db-e7ae-450c-887b-29adc31df765] Created FlowFile[1813,96217768233113.mockFlowFile,23B] from FlowFile[1812,96217768233113.mockFlowFile,23B]; routing to relationship simple
[pool-3228-thread-1] INFO org.apache.nifi.processors.standard.RouteText - RouteText[id=fc47b1db-e7ae-450c-887b-29adc31df765] Routing FlowFile[1812,96217768233113.mockFlowFile,23B] to original
[main] DEBUG org.apache.nifi.processors.standard.RouteText - RouteText[id=fc47b1db-e7ae-450c-887b-29adc31df765] Adding new dynamic property: PropertyDescriptor[simple]
[pool-3229-thread-1] INFO org.apache.nifi.processors.standard.RouteText - RouteText[id=fc47b1db-e7ae-450c-887b-29adc31df765] Created FlowFile[1815,96217768648765.mockFlowFile,23B] from FlowFile[1814,96217768648765.mockFlowFile,23B]; routing to relationship simple
[pool-3229-thread-1] INFO org.apache.nifi.processors.standard.RouteText - RouteText[id=fc47b1db-e7ae-450c-887b-29adc31df765] Routing FlowFile[1814,96217768648765.mockFlowFile,23B] to original
[main] DEBUG org.apache.nifi.processors.standard.RouteText - RouteText[id=fc47b1db-e7ae-450c-887b-29adc31df765] Adding new dynamic property: PropertyDescriptor[simple]
[pool-3230-thread-1] INFO org.apache.nifi.processors.standard.RouteText - RouteText[id=fc47b1db-e7ae-450c-887b-29adc31df765] Created FlowFile[1817,96217769013324.mockFlowFile,23B] from FlowFile[1816,96217769013324.mockFlowFile,23B]; routing to relationship simple
[pool-3230-thread-1] INFO org.apache.nifi.processors.standard.RouteText - RouteText[id=fc47b1db-e7ae-450c-887b-29adc31df765] Routing FlowFile[1816,96217769013324.mockFlowFile,23B] to original
[main] DEBUG org.apache.nifi.processors.standard.RouteText - RouteText[id=fc47b1db-e7ae-450c-887b-29adc31df765] Adding new dynamic property: PropertyDescriptor[simple]
[pool-3231-thread-1] INFO org.apache.nifi.processors.standard.RouteText - RouteText[id=fc47b1db-e7ae-450c-887b-29adc31df765] Created FlowFile[1819,96217797677117.mockFlowFile,23B] from FlowFile[1818,96217797677117.mockFlowFile,23B]; routing to relationship simple
[pool-3231-thread-1] INFO org.apache.nifi.processors.standard.RouteText - RouteText[id=fc47b1db-e7ae-450c-887b-29adc31df765] Routing FlowFile[1818,96217797677117.mockFlowFile,23B] to original
[main] DEBUG org.apache.nifi.processors.standard.RouteText - RouteText[id=fc47b1db-e7ae-450c-887b-29adc31df765] Adding new dynamic property: PropertyDescriptor[simple]
[pool-3232-thread-1] INFO org.apache.nifi.processors.standard.RouteText - RouteText[id=fc47b1db-e7ae-450c-887b-29adc31df765] Created FlowFile[1821,96217798212260.mockFlowFile,23B] from FlowFile[1820,96217798212260.mockFlowFile,23B]; routing to relationship simple
[pool-3232-thread-1] INFO org.apache.nifi.processors.standard.RouteText - RouteText[id=fc47b1db-e7ae-450c-887b-29adc31df765] Routing FlowFile[1820,96217798212260.mockFlowFile,23B] to original
[main] DEBUG org.apache.nifi.processors.standard.RouteText - RouteText[id=fc47b1db-e7ae-450c-887b-29adc31df765] Adding new dynamic property: PropertyDescriptor[simple]
[pool-3233-thread-1] INFO org.apache.nifi.processors.standard.RouteText - RouteText[id=fc47b1db-e7ae-450c-887b-29adc31df765] Created FlowFile[1823,96217798710691.mockFlowFile,23B] from FlowFile[1822,96217798710691.mockFlowFile,23B]; routing to relationship simple
[pool-3233-thread-1] INFO org.apache.nifi.processors.standard.RouteText - RouteText[id=fc47b1db-e7ae-450c-887b-29adc31df765] Routing FlowFile[1822,96217798710691.mockFlowFile,23B] to original
[main] DEBUG org.apache.nifi.processors.standard.RouteText - RouteText[id=fc47b1db-e7ae-450c-887b-29adc31df765] Adding new dynamic property: PropertyDescriptor[simple]
[pool-3234-thread-1] INFO org.apache.nifi.processors.standard.RouteText - RouteText[id=fc47b1db-e7ae-450c-887b-29adc31df765] Created FlowFile[1825,96217799209738.mockFlowFile,23B] from FlowFile[1824,96217799209738.mockFlowFile,23B]; routing to relationship simple
[pool-3234-thread-1] INFO org.apache.nifi.processors.standard.RouteText - RouteText[id=fc47b1db-e7ae-450c-887b-29adc31df765] Routing FlowFile[1824,96217799209738.mockFlowFile,23B] to original
[main] DEBUG org.apache.nifi.processors.standard.RouteText - RouteText[id=fc47b1db-e7ae-450c-887b-29adc31df765] Adding new dynamic property: PropertyDescriptor[simple]
[pool-3235-thread-1] INFO org.apache.nifi.processors.standard.RouteText - RouteText[id=fc47b1db-e7ae-450c-887b-29adc31df765] Created FlowFile[1827,96217799746264.mockFlowFile,23B] from FlowFile[1826,96217799746264.mockFlowFile,23B]; routing to relationship simple
[pool-3235-thread-1] INFO org.apache.nifi.processors.standard.RouteText - RouteText[id=fc47b1db-e7ae-450c-887b-29adc31df765] Routing FlowFile[1826,96217799746264.mockFlowFile,23B] to original
[main] DEBUG org.apache.nifi.processors.standard.RouteText - RouteText[id=fc47b1db-e7ae-450c-887b-29adc31df765] Adding new dynamic property: PropertyDescriptor[simple]
[pool-3236-thread-1] INFO org.apache.nifi.processors.standard.RouteText - RouteText[id=fc47b1db-e7ae-450c-887b-29adc31df765] Created FlowFile[1829,96217800181709.mockFlowFile,23B] from FlowFile[1828,96217800181709.mockFlowFile,23B]; routing to relationship simple
[pool-3236-thread-1] INFO org.apache.nifi.processors.standard.RouteText - RouteText[id=fc47b1db-e7ae-450c-887b-29adc31df765] Routing FlowFile[1828,96217800181709.mockFlowFile,23B] to original
[main] DEBUG org.apache.nifi.processors.standard.RouteText - RouteText[id=fc47b1db-e7ae-450c-887b-29adc31df765] Adding new dynamic property: PropertyDescriptor[simple]
[pool-3237-thread-1] INFO org.apache.nifi.processors.standard.RouteText - RouteText[id=fc47b1db-e7ae-450c-887b-29adc31df765] Created FlowFile[1831,96217800705439.mockFlowFile,23B] from FlowFile[1830,96217800705439.mockFlowFile,23B]; routing to relationship simple
[pool-3237-thread-1] INFO org.apache.nifi.processors.standard.RouteText - RouteText[id=fc47b1db-e7ae-450c-887b-29adc31df765] Routing FlowFile[1830,96217800705439.mockFlowFile,23B] to original
[main] DEBUG org.apache.nifi.processors.standard.RouteText - RouteText[id=fc47b1db-e7ae-450c-887b-29adc31df765] Adding new dynamic property: PropertyDescriptor[simple]
[pool-3238-thread-1] INFO org.apache.nifi.processors.standard.RouteText - RouteText[id=fc47b1db-e7ae-450c-887b-29adc31df765] Created FlowFile[1833,96217801343788.mockFlowFile,23B] from FlowFile[1832,96217801343788.mockFlowFile,23B]; routing to relationship simple
[pool-3238-thread-1] INFO org.apache.nifi.processors.standard.RouteText - RouteText[id=fc47b1db-e7ae-450c-887b-29adc31df765] Routing FlowFile[1832,96217801343788.mockFlowFile,23B] to original
[main] DEBUG org.apache.nifi.processors.standard.RouteText - RouteText[id=fc47b1db-e7ae-450c-887b-29adc31df765] Adding new dynamic property: PropertyDescriptor[simple]
[pool-3239-thread-1] INFO org.apache.nifi.processors.standard.RouteText - RouteText[id=fc47b1db-e7ae-450c-887b-29adc31df765] Created FlowFile[1835,96217801974200.mockFlowFile,23B] from FlowFile[1834,96217801974200.mockFlowFile,23B]; routing to relationship simple
[pool-3239-thread-1] INFO org.apache.nifi.processors.standard.RouteText - RouteText[id=fc47b1db-e7ae-450c-887b-29adc31df765] Routing FlowFile[1834,96217801974200.mockFlowFile,23B] to original
[main] DEBUG org.apache.nifi.processors.standard.RouteText - RouteText[id=fc47b1db-e7ae-450c-887b-29adc31df765] Adding new dynamic property: PropertyDescriptor[simple]
[pool-3240-thread-1] INFO org.apache.nifi.processors.standard.RouteText - RouteText[id=fc47b1db-e7ae-450c-887b-29adc31df765] Created FlowFile[1837,96217802474737.mockFlowFile,23B] from FlowFile[1836,96217802474737.mockFlowFile,23B]; routing to relationship simple
[pool-3240-thread-1] INFO org.apache.nifi.processors.standard.RouteText - RouteText[id=fc47b1db-e7ae-450c-887b-29adc31df765] Routing FlowFile[1836,96217802474737.mockFlowFile,23B] to original
[main] DEBUG org.apache.nifi.processors.standard.RouteText - RouteText[id=fc47b1db-e7ae-450c-887b-29adc31df765] Adding new dynamic property: PropertyDescriptor[simple]
[pool-3241-thread-1] INFO org.apache.nifi.processors.standard.RouteText - RouteText[id=fc47b1db-e7ae-450c-887b-29adc31df765] Created FlowFile[1839,96217802958495.mockFlowFile,23B] from FlowFile[1838,96217802958495.mockFlowFile,23B]; routing to relationship simple
[pool-3241-thread-1] INFO org.apache.nifi.processors.standard.RouteText - RouteText[id=fc47b1db-e7ae-450c-887b-29adc31df765] Routing FlowFile[1838,96217802958495.mockFlowFile,23B] to original
[main] DEBUG org.apache.nifi.processors.standard.RouteText - RouteText[id=fc47b1db-e7ae-450c-887b-29adc31df765] Adding new dynamic property: PropertyDescriptor[simple]
[pool-3242-thread-1] INFO org.apache.nifi.processors.standard.RouteText - RouteText[id=fc47b1db-e7ae-450c-887b-29adc31df765] Created FlowFile[1841,96217803439065.mockFlowFile,23B] from FlowFile[1840,96217803439065.mockFlowFile,23B]; routing to relationship simple
[pool-3242-thread-1] INFO org.apache.nifi.processors.standard.RouteText - RouteText[id=fc47b1db-e7ae-450c-887b-29adc31df765] Routing FlowFile[1840,96217803439065.mockFlowFile,23B] to original
[main] DEBUG org.apache.nifi.processors.standard.RouteText - RouteText[id=fc47b1db-e7ae-450c-887b-29adc31df765] Adding new dynamic property: PropertyDescriptor[simple]
[pool-3243-thread-1] INFO org.apache.nifi.processors.standard.RouteText - RouteText[id=fc47b1db-e7ae-450c-887b-29adc31df765] Created FlowFile[1843,96217803848158.mockFlowFile,23B] from FlowFile[1842,96217803848158.mockFlowFile,23B]; routing to relationship simple
[pool-3243-thread-1] INFO org.apache.nifi.processors.standard.RouteText - RouteText[id=fc47b1db-e7ae-450c-887b-29adc31df765] Routing FlowFile[1842,96217803848158.mockFlowFile,23B] to original
[main] DEBUG org.apache.nifi.processors.standard.RouteText - RouteText[id=fc47b1db-e7ae-450c-887b-29adc31df765] Adding new dynamic property: PropertyDescriptor[simple]
[pool-3244-thread-1] INFO org.apache.nifi.processors.standard.RouteText - RouteText[id=fc47b1db-e7ae-450c-887b-29adc31df765] Created FlowFile[1845,96217804285437.mockFlowFile,23B] from FlowFile[1844,96217804285437.mockFlowFile,23B]; routing to relationship simple
[pool-3244-thread-1] INFO org.apache.nifi.processors.standard.RouteText - RouteText[id=fc47b1db-e7ae-450c-887b-29adc31df765] Routing FlowFile[1844,96217804285437.mockFlowFile,23B] to original
[main] DEBUG org.apache.nifi.processors.standard.RouteText - RouteText[id=fc47b1db-e7ae-450c-887b-29adc31df765] Adding new dynamic property: PropertyDescriptor[simple]
[pool-3245-thread-1] INFO org.apache.nifi.processors.standard.RouteText - RouteText[id=fc47b1db-e7ae-450c-887b-29adc31df765] Created FlowFile[1847,96217804729287.mockFlowFile,23B] from FlowFile[1846,96217804729287.mockFlowFile,23B]; routing to relationship simple
[pool-3245-thread-1] INFO org.apache.nifi.processors.standard.RouteText - RouteText[id=fc47b1db-e7ae-450c-887b-29adc31df765] Routing FlowFile[1846,96217804729287.mockFlowFile,23B] to original
[main] DEBUG org.apache.nifi.processors.standard.RouteText - RouteText[id=fc47b1db-e7ae-450c-887b-29adc31df765] Adding new dynamic property: PropertyDescriptor[simple]
[pool-3246-thread-1] INFO org.apache.nifi.processors.standard.RouteText - RouteText[id=fc47b1db-e7ae-450c-887b-29adc31df765] Created FlowFile[1849,96217805232163.mockFlowFile,23B] from FlowFile[1848,96217805232163.mockFlowFile,23B]; routing to relationship simple
[pool-3246-thread-1] INFO org.apache.nifi.processors.standard.RouteText - RouteText[id=fc47b1db-e7ae-450c-887b-29adc31df765] Routing FlowFile[1848,96217805232163.mockFlowFile,23B] to original
[main] DEBUG org.apache.nifi.processors.standard.RouteText - RouteText[id=fc47b1db-e7ae-450c-887b-29adc31df765] Adding new dynamic property: PropertyDescriptor[simple]
[pool-3247-thread-1] INFO org.apache.nifi.processors.standard.RouteText - RouteText[id=fc47b1db-e7ae-450c-887b-29adc31df765] Created FlowFile[1851,96217805736153.mockFlowFile,23B] from FlowFile[1850,96217805736153.mockFlowFile,23B]; routing to relationship simple
[pool-3247-thread-1] INFO org.apache.nifi.processors.standard.RouteText - RouteText[id=fc47b1db-e7ae-450c-887b-29adc31df765] Routing FlowFile[1850,96217805736153.mockFlowFile,23B] to original
[main] DEBUG org.apache.nifi.processors.standard.RouteText - RouteText[id=fc47b1db-e7ae-450c-887b-29adc31df765] Adding new dynamic property: PropertyDescriptor[simple]
[pool-3248-thread-1] INFO org.apache.nifi.processors.standard.RouteText - RouteText[id=fc47b1db-e7ae-450c-887b-29adc31df765] Created FlowFile[1853,96217806218922.mockFlowFile,23B] from FlowFile[1852,96217806218922.mockFlowFile,23B]; routing to relationship simple
[pool-3248-thread-1] INFO org.apache.nifi.processors.standard.RouteText - RouteText[id=fc47b1db-e7ae-450c-887b-29adc31df765] Routing FlowFile[1852,96217806218922.mockFlowFile,23B] to original
[main] DEBUG org.apache.nifi.processors.standard.RouteText - RouteText[id=fc47b1db-e7ae-450c-887b-29adc31df765] Adding new dynamic property: PropertyDescriptor[simple]
[pool-3249-thread-1] INFO org.apache.nifi.processors.standard.RouteText - RouteText[id=fc47b1db-e7ae-450c-887b-29adc31df765] Created FlowFile[1855,96217806639478.mockFlowFile,23B] from FlowFile[1854,96217806639478.mockFlowFile,23B]; routing to relationship simple
[pool-3249-thread-1] INFO org.apache.nifi.processors.standard.RouteText - RouteText[id=fc47b1db-e7ae-450c-887b-29adc31df765] Routing FlowFile[1854,96217806639478.mockFlowFile,23B] to original
[main] DEBUG org.apache.nifi.processors.standard.RouteText - RouteText[id=fc47b1db-e7ae-450c-887b-29adc31df765] Adding new dynamic property: PropertyDescriptor[simple]
[pool-3250-thread-1] INFO org.apache.nifi.processors.standard.RouteText - RouteText[id=fc47b1db-e7ae-450c-887b-29adc31df765] Created FlowFile[1857,96217806990351.mockFlowFile,23B] from FlowFile[1856,96217806990351.mockFlowFile,23B]; routing to relationship simple
[pool-3250-thread-1] INFO org.apache.nifi.processors.standard.RouteText - RouteText[id=fc47b1db-e7ae-450c-887b-29adc31df765] Routing FlowFile[1856,96217806990351.mockFlowFile,23B] to original
[main] DEBUG org.apache.nifi.processors.standard.RouteText - RouteText[id=fc47b1db-e7ae-450c-887b-29adc31df765] Adding new dynamic property: PropertyDescriptor[simple]
[pool-3251-thread-1] INFO org.apache.nifi.processors.standard.RouteText - RouteText[id=fc47b1db-e7ae-450c-887b-29adc31df765] Created FlowFile[1859,96217807408763.mockFlowFile,23B] from FlowFile[1858,96217807408763.mockFlowFile,23B]; routing to relationship simple
[pool-3251-thread-1] INFO org.apache.nifi.processors.standard.RouteText - RouteText[id=fc47b1db-e7ae-450c-887b-29adc31df765] Routing FlowFile[1858,96217807408763.mockFlowFile,23B] to original
[main] DEBUG org.apache.nifi.processors.standard.RouteText - RouteText[id=fc47b1db-e7ae-450c-887b-29adc31df765] Adding new dynamic property: PropertyDescriptor[simple]
[pool-3252-thread-1] INFO org.apache.nifi.processors.standard.RouteText - RouteText[id=fc47b1db-e7ae-450c-887b-29adc31df765] Created FlowFile[1861,96217807781457.mockFlowFile,23B] from FlowFile[1860,96217807781457.mockFlowFile,23B]; routing to relationship simple
[pool-3252-thread-1] INFO org.apache.nifi.processors.standard.RouteText - RouteText[id=fc47b1db-e7ae-450c-887b-29adc31df765] Routing FlowFile[1860,96217807781457.mockFlowFile,23B] to original
[main] DEBUG org.apache.nifi.processors.standard.RouteText - RouteText[id=fc47b1db-e7ae-450c-887b-29adc31df765] Adding new dynamic property: PropertyDescriptor[simple]
[pool-3253-thread-1] INFO org.apache.nifi.processors.standard.RouteText - RouteText[id=fc47b1db-e7ae-450c-887b-29adc31df765] Created FlowFile[1863,96217808121350.mockFlowFile,23B] from FlowFile[1862,96217808121350.mockFlowFile,23B]; routing to relationship simple
[pool-3253-thread-1] INFO org.apache.nifi.processors.standard.RouteText - RouteText[id=fc47b1db-e7ae-450c-887b-29adc31df765] Routing FlowFile[1862,96217808121350.mockFlowFile,23B] to original
[main] DEBUG org.apache.nifi.processors.standard.RouteText - RouteText[id=fc47b1db-e7ae-450c-887b-29adc31df765] Adding new dynamic property: PropertyDescriptor[simple]
[pool-3254-thread-1] INFO org.apache.nifi.processors.standard.RouteText - RouteText[id=fc47b1db-e7ae-450c-887b-29adc31df765] Created FlowFile[1865,96217808584479.mockFlowFile,23B] from FlowFile[1864,96217808584479.mockFlowFile,23B]; routing to relationship simple
[pool-3254-thread-1] INFO org.apache.nifi.processors.standard.RouteText - RouteText[id=fc47b1db-e7ae-450c-887b-29adc31df765] Routing FlowFile[1864,96217808584479.mockFlowFile,23B] to original
[main] DEBUG org.apache.nifi.processors.standard.RouteText - RouteText[id=fc47b1db-e7ae-450c-887b-29adc31df765] Adding new dynamic property: PropertyDescriptor[simple]
[pool-3255-thread-1] INFO org.apache.nifi.processors.standard.RouteText - RouteText[id=fc47b1db-e7ae-450c-887b-29adc31df765] Created FlowFile[1867,96217809026420.mockFlowFile,23B] from FlowFile[1866,96217809026420.mockFlowFile,23B]; routing to relationship simple
[pool-3255-thread-1] INFO org.apache.nifi.processors.standard.RouteText - RouteText[id=fc47b1db-e7ae-450c-887b-29adc31df765] Routing FlowFile[1866,96217809026420.mockFlowFile,23B] to original
[main] DEBUG org.apache.nifi.processors.standard.RouteText - RouteText[id=fc47b1db-e7ae-450c-887b-29adc31df765] Adding new dynamic property: PropertyDescriptor[simple]
[pool-3256-thread-1] INFO org.apache.nifi.processors.standard.RouteText - RouteText[id=fc47b1db-e7ae-450c-887b-29adc31df765] Created FlowFile[1869,96217809506841.mockFlowFile,23B] from FlowFile[1868,96217809506841.mockFlowFile,23B]; routing to relationship simple
[pool-3256-thread-1] INFO org.apache.nifi.processors.standard.RouteText - RouteText[id=fc47b1db-e7ae-450c-887b-29adc31df765] Routing FlowFile[1868,96217809506841.mockFlowFile,23B] to original
[main] DEBUG org.apache.nifi.processors.standard.RouteText - RouteText[id=fc47b1db-e7ae-450c-887b-29adc31df765] Adding new dynamic property: PropertyDescriptor[simple]
[pool-3257-thread-1] INFO org.apache.nifi.processors.standard.RouteText - RouteText[id=fc47b1db-e7ae-450c-887b-29adc31df765] Created FlowFile[1871,96217809973913.mockFlowFile,23B] from FlowFile[1870,96217809973913.mockFlowFile,23B]; routing to relationship simple
[pool-3257-thread-1] INFO org.apache.nifi.processors.standard.RouteText - RouteText[id=fc47b1db-e7ae-450c-887b-29adc31df765] Routing FlowFile[1870,96217809973913.mockFlowFile,23B] to original
[main] DEBUG org.apache.nifi.processors.standard.RouteText - RouteText[id=fc47b1db-e7ae-450c-887b-29adc31df765] Adding new dynamic property: PropertyDescriptor[simple]
[pool-3258-thread-1] INFO org.apache.nifi.processors.standard.RouteText - RouteText[id=fc47b1db-e7ae-450c-887b-29adc31df765] Created FlowFile[1873,96217810443699.mockFlowFile,23B] from FlowFile[1872,96217810443699.mockFlowFile,23B]; routing to relationship simple
[pool-3258-thread-1] INFO org.apache.nifi.processors.standard.RouteText - RouteText[id=fc47b1db-e7ae-450c-887b-29adc31df765] Routing FlowFile[1872,96217810443699.mockFlowFile,23B] to original
[main] DEBUG org.apache.nifi.processors.standard.RouteText - RouteText[id=fc47b1db-e7ae-450c-887b-29adc31df765] Adding new dynamic property: PropertyDescriptor[simple]
[pool-3259-thread-1] INFO org.apache.nifi.processors.standard.RouteText - RouteText[id=fc47b1db-e7ae-450c-887b-29adc31df765] Created FlowFile[1875,96217810784916.mockFlowFile,23B] from FlowFile[1874,96217810784916.mockFlowFile,23B]; routing to relationship simple
[pool-3259-thread-1] INFO org.apache.nifi.processors.standard.RouteText - RouteText[id=fc47b1db-e7ae-450c-887b-29adc31df765] Routing FlowFile[1874,96217810784916.mockFlowFile,23B] to original
[main] DEBUG org.apache.nifi.processors.standard.RouteText - RouteText[id=fc47b1db-e7ae-450c-887b-29adc31df765] Adding new dynamic property: PropertyDescriptor[simple]
[pool-3260-thread-1] INFO org.apache.nifi.processors.standard.RouteText - RouteText[id=fc47b1db-e7ae-450c-887b-29adc31df765] Created FlowFile[1877,96217811110285.mockFlowFile,23B] from FlowFile[1876,96217811110285.mockFlowFile,23B]; routing to relationship simple
[pool-3260-thread-1] INFO org.apache.nifi.processors.standard.RouteText - RouteText[id=fc47b1db-e7ae-450c-887b-29adc31df765] Routing FlowFile[1876,96217811110285.mockFlowFile,23B] to original
[main] DEBUG org.apache.nifi.processors.standard.RouteText - RouteText[id=fc47b1db-e7ae-450c-887b-29adc31df765] Adding new dynamic property: PropertyDescriptor[simple]
[pool-3261-thread-1] INFO org.apache.nifi.processors.standard.RouteText - RouteText[id=fc47b1db-e7ae-450c-887b-29adc31df765] Created FlowFile[1879,96217811554504.mockFlowFile,23B] from FlowFile[1878,96217811554504.mockFlowFile,23B]; routing to relationship simple
[pool-3261-thread-1] INFO org.apache.nifi.processors.standard.RouteText - RouteText[id=fc47b1db-e7ae-450c-887b-29adc31df765] Routing FlowFile[1878,96217811554504.mockFlowFile,23B] to original
[main] DEBUG org.apache.nifi.processors.standard.RouteText - RouteText[id=fc47b1db-e7ae-450c-887b-29adc31df765] Adding new dynamic property: PropertyDescriptor[simple]
[pool-3262-thread-1] INFO org.apache.nifi.processors.standard.RouteText - RouteText[id=fc47b1db-e7ae-450c-887b-29adc31df765] Created FlowFile[1881,96217811920081.mockFlowFile,23B] from FlowFile[1880,96217811920081.mockFlowFile,23B]; routing to relationship simple
[pool-3262-thread-1] INFO org.apache.nifi.processors.standard.RouteText - RouteText[id=fc47b1db-e7ae-450c-887b-29adc31df765] Routing FlowFile[1880,96217811920081.mockFlowFile,23B] to original
[main] DEBUG org.apache.nifi.processors.standard.RouteText - RouteText[id=fc47b1db-e7ae-450c-887b-29adc31df765] Adding new dynamic property: PropertyDescriptor[simple]
[pool-3263-thread-1] INFO org.apache.nifi.processors.standard.RouteText - RouteText[id=fc47b1db-e7ae-450c-887b-29adc31df765] Created FlowFile[1883,96217812399076.mockFlowFile,23B] from FlowFile[1882,96217812399076.mockFlowFile,23B]; routing to relationship simple
[pool-3263-thread-1] INFO org.apache.nifi.processors.standard.RouteText - RouteText[id=fc47b1db-e7ae-450c-887b-29adc31df765] Routing FlowFile[1882,96217812399076.mockFlowFile,23B] to original
[main] DEBUG org.apache.nifi.processors.standard.RouteText - RouteText[id=fc47b1db-e7ae-450c-887b-29adc31df765] Adding new dynamic property: PropertyDescriptor[simple]
[pool-3264-thread-1] INFO org.apache.nifi.processors.standard.RouteText - RouteText[id=fc47b1db-e7ae-450c-887b-29adc31df765] Created FlowFile[1885,96217812806021.mockFlowFile,23B] from FlowFile[1884,96217812806021.mockFlowFile,23B]; routing to relationship simple
[pool-3264-thread-1] INFO org.apache.nifi.processors.standard.RouteText - RouteText[id=fc47b1db-e7ae-450c-887b-29adc31df765] Routing FlowFile[1884,96217812806021.mockFlowFile,23B] to original
[main] DEBUG org.apache.nifi.processors.standard.RouteText - RouteText[id=fc47b1db-e7ae-450c-887b-29adc31df765] Adding new dynamic property: PropertyDescriptor[simple]
[pool-3265-thread-1] INFO org.apache.nifi.processors.standard.RouteText - RouteText[id=fc47b1db-e7ae-450c-887b-29adc31df765] Created FlowFile[1887,96217813213563.mockFlowFile,23B] from FlowFile[1886,96217813213563.mockFlowFile,23B]; routing to relationship simple
[pool-3265-thread-1] INFO org.apache.nifi.processors.standard.RouteText - RouteText[id=fc47b1db-e7ae-450c-887b-29adc31df765] Routing FlowFile[1886,96217813213563.mockFlowFile,23B] to original
[main] DEBUG org.apache.nifi.processors.standard.RouteText - RouteText[id=fc47b1db-e7ae-450c-887b-29adc31df765] Adding new dynamic property: PropertyDescriptor[simple]
[pool-3266-thread-1] INFO org.apache.nifi.processors.standard.RouteText - RouteText[id=fc47b1db-e7ae-450c-887b-29adc31df765] Created FlowFile[1889,96217813619721.mockFlowFile,23B] from FlowFile[1888,96217813619721.mockFlowFile,23B]; routing to relationship simple
[pool-3266-thread-1] INFO org.apache.nifi.processors.standard.RouteText - RouteText[id=fc47b1db-e7ae-450c-887b-29adc31df765] Routing FlowFile[1888,96217813619721.mockFlowFile,23B] to original
[main] DEBUG org.apache.nifi.processors.standard.RouteText - RouteText[id=fc47b1db-e7ae-450c-887b-29adc31df765] Adding new dynamic property: PropertyDescriptor[simple]
[pool-3267-thread-1] INFO org.apache.nifi.processors.standard.RouteText - RouteText[id=fc47b1db-e7ae-450c-887b-29adc31df765] Created FlowFile[1891,96217814014620.mockFlowFile,23B] from FlowFile[1890,96217814014620.mockFlowFile,23B]; routing to relationship simple
[pool-3267-thread-1] INFO org.apache.nifi.processors.standard.RouteText - RouteText[id=fc47b1db-e7ae-450c-887b-29adc31df765] Routing FlowFile[1890,96217814014620.mockFlowFile,23B] to original
[main] DEBUG org.apache.nifi.processors.standard.RouteText - RouteText[id=fc47b1db-e7ae-450c-887b-29adc31df765] Adding new dynamic property: PropertyDescriptor[simple]
[pool-3268-thread-1] INFO org.apache.nifi.processors.standard.RouteText - RouteText[id=fc47b1db-e7ae-450c-887b-29adc31df765] Created FlowFile[1893,96217814406804.mockFlowFile,23B] from FlowFile[1892,96217814406804.mockFlowFile,23B]; routing to relationship simple
[pool-3268-thread-1] INFO org.apache.nifi.processors.standard.RouteText - RouteText[id=fc47b1db-e7ae-450c-887b-29adc31df765] Routing FlowFile[1892,96217814406804.mockFlowFile,23B] to original
[main] DEBUG org.apache.nifi.processors.standard.RouteText - RouteText[id=fc47b1db-e7ae-450c-887b-29adc31df765] Adding new dynamic property: PropertyDescriptor[simple]
[pool-3269-thread-1] INFO org.apache.nifi.processors.standard.RouteText - RouteText[id=fc47b1db-e7ae-450c-887b-29adc31df765] Created FlowFile[1895,96217814817276.mockFlowFile,23B] from FlowFile[1894,96217814817276.mockFlowFile,23B]; routing to relationship simple
[pool-3269-thread-1] INFO org.apache.nifi.processors.standard.RouteText - RouteText[id=fc47b1db-e7ae-450c-887b-29adc31df765] Routing FlowFile[1894,96217814817276.mockFlowFile,23B] to original
[main] DEBUG org.apache.nifi.processors.standard.RouteText - RouteText[id=fc47b1db-e7ae-450c-887b-29adc31df765] Adding new dynamic property: PropertyDescriptor[simple]
[pool-3270-thread-1] INFO org.apache.nifi.processors.standard.RouteText - RouteText[id=fc47b1db-e7ae-450c-887b-29adc31df765] Created FlowFile[1897,96217815193267.mockFlowFile,23B] from FlowFile[1896,96217815193267.mockFlowFile,23B]; routing to relationship simple
[pool-3270-thread-1] INFO org.apache.nifi.processors.standard.RouteText - RouteText[id=fc47b1db-e7ae-450c-887b-29adc31df765] Routing FlowFile[1896,96217815193267.mockFlowFile,23B] to original
[main] DEBUG org.apache.nifi.processors.standard.RouteText - RouteText[id=fc47b1db-e7ae-450c-887b-29adc31df765] Adding new dynamic property: PropertyDescriptor[simple]
[pool-3271-thread-1] INFO org.apache.nifi.processors.standard.RouteText - RouteText[id=fc47b1db-e7ae-450c-887b-29adc31df765] Created FlowFile[1899,96217815587706.mockFlowFile,23B] from FlowFile[1898,96217815587706.mockFlowFile,23B]; routing to relationship simple
[pool-3271-thread-1] INFO org.apache.nifi.processors.standard.RouteText - RouteText[id=fc47b1db-e7ae-450c-887b-29adc31df765] Routing FlowFile[1898,96217815587706.mockFlowFile,23B] to original
[main] DEBUG org.apache.nifi.processors.standard.RouteText - RouteText[id=fc47b1db-e7ae-450c-887b-29adc31df765] Adding new dynamic property: PropertyDescriptor[simple]
[pool-3272-thread-1] INFO org.apache.nifi.processors.standard.RouteText - RouteText[id=fc47b1db-e7ae-450c-887b-29adc31df765] Created FlowFile[1901,96217815982279.mockFlowFile,23B] from FlowFile[1900,96217815982279.mockFlowFile,23B]; routing to relationship simple
[pool-3272-thread-1] INFO org.apache.nifi.processors.standard.RouteText - RouteText[id=fc47b1db-e7ae-450c-887b-29adc31df765] Routing FlowFile[1900,96217815982279.mockFlowFile,23B] to original
[main] DEBUG org.apache.nifi.processors.standard.RouteText - RouteText[id=fc47b1db-e7ae-450c-887b-29adc31df765] Adding new dynamic property: PropertyDescriptor[simple]
[pool-3273-thread-1] INFO org.apache.nifi.processors.standard.RouteText - RouteText[id=fc47b1db-e7ae-450c-887b-29adc31df765] Created FlowFile[1903,96217816356575.mockFlowFile,23B] from FlowFile[1902,96217816356575.mockFlowFile,23B]; routing to relationship simple
[pool-3273-thread-1] INFO org.apache.nifi.processors.standard.RouteText - RouteText[id=fc47b1db-e7ae-450c-887b-29adc31df765] Routing FlowFile[1902,96217816356575.mockFlowFile,23B] to original
[main] DEBUG org.apache.nifi.processors.standard.RouteText - RouteText[id=fc47b1db-e7ae-450c-887b-29adc31df765] Adding new dynamic property: PropertyDescriptor[simple]
[pool-3274-thread-1] INFO org.apache.nifi.processors.standard.RouteText - RouteText[id=fc47b1db-e7ae-450c-887b-29adc31df765] Created FlowFile[1905,96217816742331.mockFlowFile,23B] from FlowFile[1904,96217816742331.mockFlowFile,23B]; routing to relationship simple
[pool-3274-thread-1] INFO org.apache.nifi.processors.standard.RouteText - RouteText[id=fc47b1db-e7ae-450c-887b-29adc31df765] Routing FlowFile[1904,96217816742331.mockFlowFile,23B] to original
[main] DEBUG org.apache.nifi.processors.standard.RouteText - RouteText[id=fc47b1db-e7ae-450c-887b-29adc31df765] Adding new dynamic property: PropertyDescriptor[simple]
[pool-3275-thread-1] INFO org.apache.nifi.processors.standard.RouteText - RouteText[id=fc47b1db-e7ae-450c-887b-29adc31df765] Created FlowFile[1907,96217817129265.mockFlowFile,23B] from FlowFile[1906,96217817129265.mockFlowFile,23B]; routing to relationship simple
[pool-3275-thread-1] INFO org.apache.nifi.processors.standard.RouteText - RouteText[id=fc47b1db-e7ae-450c-887b-29adc31df765] Routing FlowFile[1906,96217817129265.mockFlowFile,23B] to original
[main] DEBUG org.apache.nifi.processors.standard.RouteText - RouteText[id=fc47b1db-e7ae-450c-887b-29adc31df765] Adding new dynamic property: PropertyDescriptor[simple]
[pool-3276-thread-1] INFO org.apache.nifi.processors.standard.RouteText - RouteText[id=fc47b1db-e7ae-450c-887b-29adc31df765] Created FlowFile[1909,96217817538203.mockFlowFile,23B] from FlowFile[1908,96217817538203.mockFlowFile,23B]; routing to relationship simple
[pool-3276-thread-1] INFO org.apache.nifi.processors.standard.RouteText - RouteText[id=fc47b1db-e7ae-450c-887b-29adc31df765] Routing FlowFile[1908,96217817538203.mockFlowFile,23B] to original
[main] DEBUG org.apache.nifi.processors.standard.RouteText - RouteText[id=fc47b1db-e7ae-450c-887b-29adc31df765] Adding new dynamic property: PropertyDescriptor[simple]
[pool-3277-thread-1] INFO org.apache.nifi.processors.standard.RouteText - RouteText[id=fc47b1db-e7ae-450c-887b-29adc31df765] Created FlowFile[1911,96217817950614.mockFlowFile,23B] from FlowFile[1910,96217817950614.mockFlowFile,23B]; routing to relationship simple
[pool-3277-thread-1] INFO org.apache.nifi.processors.standard.RouteText - RouteText[id=fc47b1db-e7ae-450c-887b-29adc31df765] Routing FlowFile[1910,96217817950614.mockFlowFile,23B] to original
[main] DEBUG org.apache.nifi.processors.standard.RouteText - RouteText[id=fc47b1db-e7ae-450c-887b-29adc31df765] Adding new dynamic property: PropertyDescriptor[simple]
[pool-3278-thread-1] INFO org.apache.nifi.processors.standard.RouteText - RouteText[id=fc47b1db-e7ae-450c-887b-29adc31df765] Created FlowFile[1913,96217818313627.mockFlowFile,23B] from FlowFile[1912,96217818313627.mockFlowFile,23B]; routing to relationship simple
[pool-3278-thread-1] INFO org.apache.nifi.processors.standard.RouteText - RouteText[id=fc47b1db-e7ae-450c-887b-29adc31df765] Routing FlowFile[1912,96217818313627.mockFlowFile,23B] to original
[main] DEBUG org.apache.nifi.processors.standard.RouteText - RouteText[id=fc47b1db-e7ae-450c-887b-29adc31df765] Adding new dynamic property: PropertyDescriptor[simple]
[pool-3279-thread-1] INFO org.apache.nifi.processors.standard.RouteText - RouteText[id=fc47b1db-e7ae-450c-887b-29adc31df765] Created FlowFile[1915,96217818666542.mockFlowFile,23B] from FlowFile[1914,96217818666542.mockFlowFile,23B]; routing to relationship simple
[pool-3279-thread-1] INFO org.apache.nifi.processors.standard.RouteText - RouteText[id=fc47b1db-e7ae-450c-887b-29adc31df765] Routing FlowFile[1914,96217818666542.mockFlowFile,23B] to original
[main] DEBUG org.apache.nifi.processors.standard.RouteText - RouteText[id=fc47b1db-e7ae-450c-887b-29adc31df765] Adding new dynamic property: PropertyDescriptor[simple]
[pool-3280-thread-1] INFO org.apache.nifi.processors.standard.RouteText - RouteText[id=fc47b1db-e7ae-450c-887b-29adc31df765] Created FlowFile[1917,96217819008103.mockFlowFile,23B] from FlowFile[1916,96217819008103.mockFlowFile,23B]; routing to relationship simple
[pool-3280-thread-1] INFO org.apache.nifi.processors.standard.RouteText - RouteText[id=fc47b1db-e7ae-450c-887b-29adc31df765] Routing FlowFile[1916,96217819008103.mockFlowFile,23B] to original
[main] DEBUG org.apache.nifi.processors.standard.RouteText - RouteText[id=fc47b1db-e7ae-450c-887b-29adc31df765] Adding new dynamic property: PropertyDescriptor[simple]
[pool-3281-thread-1] INFO org.apache.nifi.processors.standard.RouteText - RouteText[id=fc47b1db-e7ae-450c-887b-29adc31df765] Created FlowFile[1919,96217819568085.mockFlowFile,23B] from FlowFile[1918,96217819568085.mockFlowFile,23B]; routing to relationship simple
[pool-3281-thread-1] INFO org.apache.nifi.processors.standard.RouteText - RouteText[id=fc47b1db-e7ae-450c-887b-29adc31df765] Routing FlowFile[1918,96217819568085.mockFlowFile,23B] to original
[main] DEBUG org.apache.nifi.processors.standard.RouteText - RouteText[id=fc47b1db-e7ae-450c-887b-29adc31df765] Adding new dynamic property: PropertyDescriptor[simple]
[pool-3282-thread-1] INFO org.apache.nifi.processors.standard.RouteText - RouteText[id=fc47b1db-e7ae-450c-887b-29adc31df765] Created FlowFile[1921,96217820041939.mockFlowFile,23B] from FlowFile[1920,96217820041939.mockFlowFile,23B]; routing to relationship simple
[pool-3282-thread-1] INFO org.apache.nifi.processors.standard.RouteText - RouteText[id=fc47b1db-e7ae-450c-887b-29adc31df765] Routing FlowFile[1920,96217820041939.mockFlowFile,23B] to original
[main] DEBUG org.apache.nifi.processors.standard.RouteText - RouteText[id=fc47b1db-e7ae-450c-887b-29adc31df765] Adding new dynamic property: PropertyDescriptor[simple]
[pool-3283-thread-1] INFO org.apache.nifi.processors.standard.RouteText - RouteText[id=fc47b1db-e7ae-450c-887b-29adc31df765] Created FlowFile[1923,96217820516846.mockFlowFile,23B] from FlowFile[1922,96217820516846.mockFlowFile,23B]; routing to relationship simple
[pool-3283-thread-1] INFO org.apache.nifi.processors.standard.RouteText - RouteText[id=fc47b1db-e7ae-450c-887b-29adc31df765] Routing FlowFile[1922,96217820516846.mockFlowFile,23B] to original
[main] DEBUG org.apache.nifi.processors.standard.RouteText - RouteText[id=fc47b1db-e7ae-450c-887b-29adc31df765] Adding new dynamic property: PropertyDescriptor[simple]
[pool-3284-thread-1] INFO org.apache.nifi.processors.standard.RouteText - RouteText[id=fc47b1db-e7ae-450c-887b-29adc31df765] Created FlowFile[1925,96217820960855.mockFlowFile,23B] from FlowFile[1924,96217820960855.mockFlowFile,23B]; routing to relationship simple
[pool-3284-thread-1] INFO org.apache.nifi.processors.standard.RouteText - RouteText[id=fc47b1db-e7ae-450c-887b-29adc31df765] Routing FlowFile[1924,96217820960855.mockFlowFile,23B] to original
[main] DEBUG org.apache.nifi.processors.standard.RouteText - RouteText[id=fc47b1db-e7ae-450c-887b-29adc31df765] Adding new dynamic property: PropertyDescriptor[simple]
[pool-3285-thread-1] INFO org.apache.nifi.processors.standard.RouteText - RouteText[id=fc47b1db-e7ae-450c-887b-29adc31df765] Created FlowFile[1927,96217821391219.mockFlowFile,23B] from FlowFile[1926,96217821391219.mockFlowFile,23B]; routing to relationship simple
[pool-3285-thread-1] INFO org.apache.nifi.processors.standard.RouteText - RouteText[id=fc47b1db-e7ae-450c-887b-29adc31df765] Routing FlowFile[1926,96217821391219.mockFlowFile,23B] to original
[main] DEBUG org.apache.nifi.processors.standard.RouteText - RouteText[id=fc47b1db-e7ae-450c-887b-29adc31df765] Adding new dynamic property: PropertyDescriptor[simple]
[pool-3286-thread-1] INFO org.apache.nifi.processors.standard.RouteText - RouteText[id=fc47b1db-e7ae-450c-887b-29adc31df765] Created FlowFile[1929,96217821744541.mockFlowFile,23B] from FlowFile[1928,96217821744541.mockFlowFile,23B]; routing to relationship simple
[pool-3286-thread-1] INFO org.apache.nifi.processors.standard.RouteText - RouteText[id=fc47b1db-e7ae-450c-887b-29adc31df765] Routing FlowFile[1928,96217821744541.mockFlowFile,23B] to original
[main] DEBUG org.apache.nifi.processors.standard.RouteText - RouteText[id=fc47b1db-e7ae-450c-887b-29adc31df765] Adding new dynamic property: PropertyDescriptor[simple]
[pool-3287-thread-1] INFO org.apache.nifi.processors.standard.RouteText - RouteText[id=fc47b1db-e7ae-450c-887b-29adc31df765] Created FlowFile[1931,96217822084519.mockFlowFile,23B] from FlowFile[1930,96217822084519.mockFlowFile,23B]; routing to relationship simple
[pool-3287-thread-1] INFO org.apache.nifi.processors.standard.RouteText - RouteText[id=fc47b1db-e7ae-450c-887b-29adc31df765] Routing FlowFile[1930,96217822084519.mockFlowFile,23B] to original
[main] DEBUG org.apache.nifi.processors.standard.RouteText - RouteText[id=fc47b1db-e7ae-450c-887b-29adc31df765] Adding new dynamic property: PropertyDescriptor[simple]
[pool-3288-thread-1] INFO org.apache.nifi.processors.standard.RouteText - RouteText[id=fc47b1db-e7ae-450c-887b-29adc31df765] Created FlowFile[1933,96217822428764.mockFlowFile,23B] from FlowFile[1932,96217822428764.mockFlowFile,23B]; routing to relationship simple
[pool-3288-thread-1] INFO org.apache.nifi.processors.standard.RouteText - RouteText[id=fc47b1db-e7ae-450c-887b-29adc31df765] Routing FlowFile[1932,96217822428764.mockFlowFile,23B] to original
[main] DEBUG org.apache.nifi.processors.standard.RouteText - RouteText[id=fc47b1db-e7ae-450c-887b-29adc31df765] Adding new dynamic property: PropertyDescriptor[simple]
[pool-3289-thread-1] INFO org.apache.nifi.processors.standard.RouteText - RouteText[id=fc47b1db-e7ae-450c-887b-29adc31df765] Created FlowFile[1935,96217822764281.mockFlowFile,23B] from FlowFile[1934,96217822764281.mockFlowFile,23B]; routing to relationship simple
[pool-3289-thread-1] INFO org.apache.nifi.processors.standard.RouteText - RouteText[id=fc47b1db-e7ae-450c-887b-29adc31df765] Routing FlowFile[1934,96217822764281.mockFlowFile,23B] to original
[main] DEBUG org.apache.nifi.processors.standard.RouteText - RouteText[id=fc47b1db-e7ae-450c-887b-29adc31df765] Adding new dynamic property: PropertyDescriptor[simple]
[pool-3290-thread-1] INFO org.apache.nifi.processors.standard.RouteText - RouteText[id=fc47b1db-e7ae-450c-887b-29adc31df765] Created FlowFile[1937,96217823110328.mockFlowFile,23B] from FlowFile[1936,96217823110328.mockFlowFile,23B]; routing to relationship simple
[pool-3290-thread-1] INFO org.apache.nifi.processors.standard.RouteText - RouteText[id=fc47b1db-e7ae-450c-887b-29adc31df765] Routing FlowFile[1936,96217823110328.mockFlowFile,23B] to original
[main] DEBUG org.apache.nifi.processors.standard.RouteText - RouteText[id=fc47b1db-e7ae-450c-887b-29adc31df765] Adding new dynamic property: PropertyDescriptor[simple]
[pool-3291-thread-1] INFO org.apache.nifi.processors.standard.RouteText - RouteText[id=fc47b1db-e7ae-450c-887b-29adc31df765] Created FlowFile[1939,96217823489135.mockFlowFile,23B] from FlowFile[1938,96217823489135.mockFlowFile,23B]; routing to relationship simple
[pool-3291-thread-1] INFO org.apache.nifi.processors.standard.RouteText - RouteText[id=fc47b1db-e7ae-450c-887b-29adc31df765] Routing FlowFile[1938,96217823489135.mockFlowFile,23B] to original
[main] DEBUG org.apache.nifi.processors.standard.RouteText - RouteText[id=fc47b1db-e7ae-450c-887b-29adc31df765] Adding new dynamic property: PropertyDescriptor[simple]
[pool-3292-thread-1] INFO org.apache.nifi.processors.standard.RouteText - RouteText[id=fc47b1db-e7ae-450c-887b-29adc31df765] Created FlowFile[1941,96217823830754.mockFlowFile,23B] from FlowFile[1940,96217823830754.mockFlowFile,23B]; routing to relationship simple
[pool-3292-thread-1] INFO org.apache.nifi.processors.standard.RouteText - RouteText[id=fc47b1db-e7ae-450c-887b-29adc31df765] Routing FlowFile[1940,96217823830754.mockFlowFile,23B] to original
[main] DEBUG org.apache.nifi.processors.standard.RouteText - RouteText[id=fc47b1db-e7ae-450c-887b-29adc31df765] Adding new dynamic property: PropertyDescriptor[simple]
[pool-3293-thread-1] INFO org.apache.nifi.processors.standard.RouteText - RouteText[id=fc47b1db-e7ae-450c-887b-29adc31df765] Created FlowFile[1943,96217824261873.mockFlowFile,23B] from FlowFile[1942,96217824261873.mockFlowFile,23B]; routing to relationship simple
[pool-3293-thread-1] INFO org.apache.nifi.processors.standard.RouteText - RouteText[id=fc47b1db-e7ae-450c-887b-29adc31df765] Routing FlowFile[1942,96217824261873.mockFlowFile,23B] to original
[main] DEBUG org.apache.nifi.processors.standard.RouteText - RouteText[id=fc47b1db-e7ae-450c-887b-29adc31df765] Adding new dynamic property: PropertyDescriptor[simple]
[pool-3294-thread-1] INFO org.apache.nifi.processors.standard.RouteText - RouteText[id=fc47b1db-e7ae-450c-887b-29adc31df765] Created FlowFile[1945,96217824704541.mockFlowFile,23B] from FlowFile[1944,96217824704541.mockFlowFile,23B]; routing to relationship simple
[pool-3294-thread-1] INFO org.apache.nifi.processors.standard.RouteText - RouteText[id=fc47b1db-e7ae-450c-887b-29adc31df765] Routing FlowFile[1944,96217824704541.mockFlowFile,23B] to original
[main] DEBUG org.apache.nifi.processors.standard.RouteText - RouteText[id=fc47b1db-e7ae-450c-887b-29adc31df765] Adding new dynamic property: PropertyDescriptor[simple]
[pool-3295-thread-1] INFO org.apache.nifi.processors.standard.RouteText - RouteText[id=fc47b1db-e7ae-450c-887b-29adc31df765] Created FlowFile[1947,96217825130651.mockFlowFile,23B] from FlowFile[1946,96217825130651.mockFlowFile,23B]; routing to relationship simple
[pool-3295-thread-1] INFO org.apache.nifi.processors.standard.RouteText - RouteText[id=fc47b1db-e7ae-450c-887b-29adc31df765] Routing FlowFile[1946,96217825130651.mockFlowFile,23B] to original
[main] DEBUG org.apache.nifi.processors.standard.RouteText - RouteText[id=fc47b1db-e7ae-450c-887b-29adc31df765] Adding new dynamic property: PropertyDescriptor[simple]
[pool-3296-thread-1] INFO org.apache.nifi.processors.standard.RouteText - RouteText[id=fc47b1db-e7ae-450c-887b-29adc31df765] Created FlowFile[1949,96217825492307.mockFlowFile,23B] from FlowFile[1948,96217825492307.mockFlowFile,23B]; routing to relationship simple
[pool-3296-thread-1] INFO org.apache.nifi.processors.standard.RouteText - RouteText[id=fc47b1db-e7ae-450c-887b-29adc31df765] Routing FlowFile[1948,96217825492307.mockFlowFile,23B] to original
[main] DEBUG org.apache.nifi.processors.standard.RouteText - RouteText[id=fc47b1db-e7ae-450c-887b-29adc31df765] Adding new dynamic property: PropertyDescriptor[simple]
[pool-3297-thread-1] INFO org.apache.nifi.processors.standard.RouteText - RouteText[id=fc47b1db-e7ae-450c-887b-29adc31df765] Created FlowFile[1951,96217825816879.mockFlowFile,23B] from FlowFile[1950,96217825816879.mockFlowFile,23B]; routing to relationship simple
[pool-3297-thread-1] INFO org.apache.nifi.processors.standard.RouteText - RouteText[id=fc47b1db-e7ae-450c-887b-29adc31df765] Routing FlowFile[1950,96217825816879.mockFlowFile,23B] to original
[main] DEBUG org.apache.nifi.processors.standard.RouteText - RouteText[id=fc47b1db-e7ae-450c-887b-29adc31df765] Adding new dynamic property: PropertyDescriptor[simple]
[pool-3298-thread-1] INFO org.apache.nifi.processors.standard.RouteText - RouteText[id=fc47b1db-e7ae-450c-887b-29adc31df765] Created FlowFile[1953,96217826140617.mockFlowFile,23B] from FlowFile[1952,96217826140617.mockFlowFile,23B]; routing to relationship simple
[pool-3298-thread-1] INFO org.apache.nifi.processors.standard.RouteText - RouteText[id=fc47b1db-e7ae-450c-887b-29adc31df765] Routing FlowFile[1952,96217826140617.mockFlowFile,23B] to original
[main] DEBUG org.apache.nifi.processors.standard.RouteText - RouteText[id=fc47b1db-e7ae-450c-887b-29adc31df765] Adding new dynamic property: PropertyDescriptor[simple]
[pool-3299-thread-1] INFO org.apache.nifi.processors.standard.RouteText - RouteText[id=fc47b1db-e7ae-450c-887b-29adc31df765] Created FlowFile[1955,96217826465448.mockFlowFile,23B] from FlowFile[1954,96217826465448.mockFlowFile,23B]; routing to relationship simple
[pool-3299-thread-1] INFO org.apache.nifi.processors.standard.RouteText - RouteText[id=fc47b1db-e7ae-450c-887b-29adc31df765] Routing FlowFile[1954,96217826465448.mockFlowFile,23B] to original
[main] DEBUG org.apache.nifi.processors.standard.RouteText - RouteText[id=fc47b1db-e7ae-450c-887b-29adc31df765] Adding new dynamic property: PropertyDescriptor[simple]
[pool-3300-thread-1] INFO org.apache.nifi.processors.standard.RouteText - RouteText[id=fc47b1db-e7ae-450c-887b-29adc31df765] Created FlowFile[1957,96217826797121.mockFlowFile,23B] from FlowFile[1956,96217826797121.mockFlowFile,23B]; routing to relationship simple
[pool-3300-thread-1] INFO org.apache.nifi.processors.standard.RouteText - RouteText[id=fc47b1db-e7ae-450c-887b-29adc31df765] Routing FlowFile[1956,96217826797121.mockFlowFile,23B] to original
[main] DEBUG org.apache.nifi.processors.standard.RouteText - RouteText[id=fc47b1db-e7ae-450c-887b-29adc31df765] Adding new dynamic property: PropertyDescriptor[simple]
[pool-3301-thread-1] INFO org.apache.nifi.processors.standard.RouteText - RouteText[id=fc47b1db-e7ae-450c-887b-29adc31df765] Created FlowFile[1959,96217827133027.mockFlowFile,23B] from FlowFile[1958,96217827133027.mockFlowFile,23B]; routing to relationship simple
[pool-3301-thread-1] INFO org.apache.nifi.processors.standard.RouteText - RouteText[id=fc47b1db-e7ae-450c-887b-29adc31df765] Routing FlowFile[1958,96217827133027.mockFlowFile,23B] to original
[main] DEBUG org.apache.nifi.processors.standard.RouteText - RouteText[id=fc47b1db-e7ae-450c-887b-29adc31df765] Adding new dynamic property: PropertyDescriptor[simple]
[pool-3302-thread-1] INFO org.apache.nifi.processors.standard.RouteText - RouteText[id=fc47b1db-e7ae-450c-887b-29adc31df765] Created FlowFile[1961,96217827604998.mockFlowFile,23B] from FlowFile[1960,96217827604998.mockFlowFile,23B]; routing to relationship simple
[pool-3302-thread-1] INFO org.apache.nifi.processors.standard.RouteText - RouteText[id=fc47b1db-e7ae-450c-887b-29adc31df765] Routing FlowFile[1960,96217827604998.mockFlowFile,23B] to original
[main] DEBUG org.apache.nifi.processors.standard.RouteText - RouteText[id=fc47b1db-e7ae-450c-887b-29adc31df765] Adding new dynamic property: PropertyDescriptor[simple]
[pool-3303-thread-1] INFO org.apache.nifi.processors.standard.RouteText - RouteText[id=fc47b1db-e7ae-450c-887b-29adc31df765] Created FlowFile[1963,96217827951260.mockFlowFile,23B] from FlowFile[1962,96217827951260.mockFlowFile,23B]; routing to relationship simple
[pool-3303-thread-1] INFO org.apache.nifi.processors.standard.RouteText - RouteText[id=fc47b1db-e7ae-450c-887b-29adc31df765] Routing FlowFile[1962,96217827951260.mockFlowFile,23B] to original
[main] DEBUG org.apache.nifi.processors.standard.RouteText - RouteText[id=fc47b1db-e7ae-450c-887b-29adc31df765] Adding new dynamic property: PropertyDescriptor[simple]
[pool-3304-thread-1] INFO org.apache.nifi.processors.standard.RouteText - RouteText[id=fc47b1db-e7ae-450c-887b-29adc31df765] Created FlowFile[1965,96217828391203.mockFlowFile,23B] from FlowFile[1964,96217828391203.mockFlowFile,23B]; routing to relationship simple
[pool-3304-thread-1] INFO org.apache.nifi.processors.standard.RouteText - RouteText[id=fc47b1db-e7ae-450c-887b-29adc31df765] Routing FlowFile[1964,96217828391203.mockFlowFile,23B] to original
[main] DEBUG org.apache.nifi.processors.standard.RouteText - RouteText[id=fc47b1db-e7ae-450c-887b-29adc31df765] Adding new dynamic property: PropertyDescriptor[simple]
[pool-3305-thread-1] INFO org.apache.nifi.processors.standard.RouteText - RouteText[id=fc47b1db-e7ae-450c-887b-29adc31df765] Created FlowFile[1967,96217828813097.mockFlowFile,23B] from FlowFile[1966,96217828813097.mockFlowFile,23B]; routing to relationship simple
[pool-3305-thread-1] INFO org.apache.nifi.processors.standard.RouteText - RouteText[id=fc47b1db-e7ae-450c-887b-29adc31df765] Routing FlowFile[1966,96217828813097.mockFlowFile,23B] to original
[main] DEBUG org.apache.nifi.processors.standard.RouteText - RouteText[id=fc47b1db-e7ae-450c-887b-29adc31df765] Adding new dynamic property: PropertyDescriptor[simple]
[pool-3306-thread-1] INFO org.apache.nifi.processors.standard.RouteText - RouteText[id=fc47b1db-e7ae-450c-887b-29adc31df765] Created FlowFile[1969,96217829234215.mockFlowFile,23B] from FlowFile[1968,96217829234215.mockFlowFile,23B]; routing to relationship simple
[pool-3306-thread-1] INFO org.apache.nifi.processors.standard.RouteText - RouteText[id=fc47b1db-e7ae-450c-887b-29adc31df765] Routing FlowFile[1968,96217829234215.mockFlowFile,23B] to original
[main] DEBUG org.apache.nifi.processors.standard.RouteText - RouteText[id=fc47b1db-e7ae-450c-887b-29adc31df765] Adding new dynamic property: PropertyDescriptor[simple]
[pool-3307-thread-1] INFO org.apache.nifi.processors.standard.RouteText - RouteText[id=fc47b1db-e7ae-450c-887b-29adc31df765] Created FlowFile[1971,96217829562959.mockFlowFile,23B] from FlowFile[1970,96217829562959.mockFlowFile,23B]; routing to relationship simple
[pool-3307-thread-1] INFO org.apache.nifi.processors.standard.RouteText - RouteText[id=fc47b1db-e7ae-450c-887b-29adc31df765] Routing FlowFile[1970,96217829562959.mockFlowFile,23B] to original
[main] DEBUG org.apache.nifi.processors.standard.RouteText - RouteText[id=fc47b1db-e7ae-450c-887b-29adc31df765] Adding new dynamic property: PropertyDescriptor[simple]
[pool-3308-thread-1] INFO org.apache.nifi.processors.standard.RouteText - RouteText[id=fc47b1db-e7ae-450c-887b-29adc31df765] Created FlowFile[1973,96217829886800.mockFlowFile,23B] from FlowFile[1972,96217829886800.mockFlowFile,23B]; routing to relationship simple
[pool-3308-thread-1] INFO org.apache.nifi.processors.standard.RouteText - RouteText[id=fc47b1db-e7ae-450c-887b-29adc31df765] Routing FlowFile[1972,96217829886800.mockFlowFile,23B] to original
[main] DEBUG org.apache.nifi.processors.standard.RouteText - RouteText[id=fc47b1db-e7ae-450c-887b-29adc31df765] Adding new dynamic property: PropertyDescriptor[simple]
[pool-3309-thread-1] INFO org.apache.nifi.processors.standard.RouteText - RouteText[id=fc47b1db-e7ae-450c-887b-29adc31df765] Created FlowFile[1975,96217830228265.mockFlowFile,23B] from FlowFile[1974,96217830228265.mockFlowFile,23B]; routing to relationship simple
[pool-3309-thread-1] INFO org.apache.nifi.processors.standard.RouteText - RouteText[id=fc47b1db-e7ae-450c-887b-29adc31df765] Routing FlowFile[1974,96217830228265.mockFlowFile,23B] to original
[main] DEBUG org.apache.nifi.processors.standard.RouteText - RouteText[id=fc47b1db-e7ae-450c-887b-29adc31df765] Adding new dynamic property: PropertyDescriptor[simple]
[pool-3310-thread-1] INFO org.apache.nifi.processors.standard.RouteText - RouteText[id=fc47b1db-e7ae-450c-887b-29adc31df765] Created FlowFile[1977,96217830566466.mockFlowFile,23B] from FlowFile[1976,96217830566466.mockFlowFile,23B]; routing to relationship simple
[pool-3310-thread-1] INFO org.apache.nifi.processors.standard.RouteText - RouteText[id=fc47b1db-e7ae-450c-887b-29adc31df765] Routing FlowFile[1976,96217830566466.mockFlowFile,23B] to original
[main] DEBUG org.apache.nifi.processors.standard.RouteText - RouteText[id=fc47b1db-e7ae-450c-887b-29adc31df765] Adding new dynamic property: PropertyDescriptor[simple]
[pool-3311-thread-1] INFO org.apache.nifi.processors.standard.RouteText - RouteText[id=fc47b1db-e7ae-450c-887b-29adc31df765] Created FlowFile[1979,96217830919480.mockFlowFile,23B] from FlowFile[1978,96217830919480.mockFlowFile,23B]; routing to relationship simple
[pool-3311-thread-1] INFO org.apache.nifi.processors.standard.RouteText - RouteText[id=fc47b1db-e7ae-450c-887b-29adc31df765] Routing FlowFile[1978,96217830919480.mockFlowFile,23B] to original
[main] DEBUG org.apache.nifi.processors.standard.RouteText - RouteText[id=fc47b1db-e7ae-450c-887b-29adc31df765] Adding new dynamic property: PropertyDescriptor[simple]
[pool-3312-thread-1] INFO org.apache.nifi.processors.standard.RouteText - RouteText[id=fc47b1db-e7ae-450c-887b-29adc31df765] Created FlowFile[1981,96217831318070.mockFlowFile,23B] from FlowFile[1980,96217831318070.mockFlowFile,23B]; routing to relationship simple
[pool-3312-thread-1] INFO org.apache.nifi.processors.standard.RouteText - RouteText[id=fc47b1db-e7ae-450c-887b-29adc31df765] Routing FlowFile[1980,96217831318070.mockFlowFile,23B] to original
[main] DEBUG org.apache.nifi.processors.standard.RouteText - RouteText[id=fc47b1db-e7ae-450c-887b-29adc31df765] Adding new dynamic property: PropertyDescriptor[simple]
[pool-3313-thread-1] INFO org.apache.nifi.processors.standard.RouteText - RouteText[id=fc47b1db-e7ae-450c-887b-29adc31df765] Created FlowFile[1983,96217831697156.mockFlowFile,23B] from FlowFile[1982,96217831697156.mockFlowFile,23B]; routing to relationship simple
[pool-3313-thread-1] INFO org.apache.nifi.processors.standard.RouteText - RouteText[id=fc47b1db-e7ae-450c-887b-29adc31df765] Routing FlowFile[1982,96217831697156.mockFlowFile,23B] to original
[main] DEBUG org.apache.nifi.processors.standard.RouteText - RouteText[id=fc47b1db-e7ae-450c-887b-29adc31df765] Adding new dynamic property: PropertyDescriptor[simple]
[pool-3314-thread-1] INFO org.apache.nifi.processors.standard.RouteText - RouteText[id=fc47b1db-e7ae-450c-887b-29adc31df765] Created FlowFile[1985,96217832096214.mockFlowFile,23B] from FlowFile[1984,96217832096214.mockFlowFile,23B]; routing to relationship simple
[pool-3314-thread-1] INFO org.apache.nifi.processors.standard.RouteText - RouteText[id=fc47b1db-e7ae-450c-887b-29adc31df765] Routing FlowFile[1984,96217832096214.mockFlowFile,23B] to original
[main] DEBUG org.apache.nifi.processors.standard.RouteText - RouteText[id=fc47b1db-e7ae-450c-887b-29adc31df765] Adding new dynamic property: PropertyDescriptor[simple]
[pool-3315-thread-1] INFO org.apache.nifi.processors.standard.RouteText - RouteText[id=fc47b1db-e7ae-450c-887b-29adc31df765] Created FlowFile[1987,96217832606457.mockFlowFile,23B] from FlowFile[1986,96217832606457.mockFlowFile,23B]; routing to relationship simple
[pool-3315-thread-1] INFO org.apache.nifi.processors.standard.RouteText - RouteText[id=fc47b1db-e7ae-450c-887b-29adc31df765] Routing FlowFile[1986,96217832606457.mockFlowFile,23B] to original
[main] DEBUG org.apache.nifi.processors.standard.RouteText - RouteText[id=fc47b1db-e7ae-450c-887b-29adc31df765] Adding new dynamic property: PropertyDescriptor[simple]
[pool-3316-thread-1] INFO org.apache.nifi.processors.standard.RouteText - RouteText[id=fc47b1db-e7ae-450c-887b-29adc31df765] Created FlowFile[1989,96217834366774.mockFlowFile,23B] from FlowFile[1988,96217834366774.mockFlowFile,23B]; routing to relationship simple
[pool-3316-thread-1] INFO org.apache.nifi.processors.standard.RouteText - RouteText[id=fc47b1db-e7ae-450c-887b-29adc31df765] Routing FlowFile[1988,96217834366774.mockFlowFile,23B] to original
[main] DEBUG org.apache.nifi.processors.standard.RouteText - RouteText[id=fc47b1db-e7ae-450c-887b-29adc31df765] Adding new dynamic property: PropertyDescriptor[simple]
[pool-3317-thread-1] INFO org.apache.nifi.processors.standard.RouteText - RouteText[id=fc47b1db-e7ae-450c-887b-29adc31df765] Created FlowFile[1991,96217834881098.mockFlowFile,23B] from FlowFile[1990,96217834881098.mockFlowFile,23B]; routing to relationship simple
[pool-3317-thread-1] INFO org.apache.nifi.processors.standard.RouteText - RouteText[id=fc47b1db-e7ae-450c-887b-29adc31df765] Routing FlowFile[1990,96217834881098.mockFlowFile,23B] to original
[main] DEBUG org.apache.nifi.processors.standard.RouteText - RouteText[id=fc47b1db-e7ae-450c-887b-29adc31df765] Adding new dynamic property: PropertyDescriptor[simple]
[pool-3318-thread-1] INFO org.apache.nifi.processors.standard.RouteText - RouteText[id=fc47b1db-e7ae-450c-887b-29adc31df765] Created FlowFile[1993,96217835323470.mockFlowFile,23B] from FlowFile[1992,96217835323470.mockFlowFile,23B]; routing to relationship simple
[pool-3318-thread-1] INFO org.apache.nifi.processors.standard.RouteText - RouteText[id=fc47b1db-e7ae-450c-887b-29adc31df765] Routing FlowFile[1992,96217835323470.mockFlowFile,23B] to original
[main] DEBUG org.apache.nifi.processors.standard.RouteText - RouteText[id=fc47b1db-e7ae-450c-887b-29adc31df765] Adding new dynamic property: PropertyDescriptor[simple]
[pool-3319-thread-1] INFO org.apache.nifi.processors.standard.RouteText - RouteText[id=fc47b1db-e7ae-450c-887b-29adc31df765] Created FlowFile[1995,96217835736337.mockFlowFile,23B] from FlowFile[1994,96217835736337.mockFlowFile,23B]; routing to relationship simple
[pool-3319-thread-1] INFO org.apache.nifi.processors.standard.RouteText - RouteText[id=fc47b1db-e7ae-450c-887b-29adc31df765] Routing FlowFile[1994,96217835736337.mockFlowFile,23B] to original
[main] DEBUG org.apache.nifi.processors.standard.RouteText - RouteText[id=fc47b1db-e7ae-450c-887b-29adc31df765] Adding new dynamic property: PropertyDescriptor[simple]
[pool-3320-thread-1] INFO org.apache.nifi.processors.standard.RouteText - RouteText[id=fc47b1db-e7ae-450c-887b-29adc31df765] Created FlowFile[1997,96217836108078.mockFlowFile,23B] from FlowFile[1996,96217836108078.mockFlowFile,23B]; routing to relationship simple
[pool-3320-thread-1] INFO org.apache.nifi.processors.standard.RouteText - RouteText[id=fc47b1db-e7ae-450c-887b-29adc31df765] Routing FlowFile[1996,96217836108078.mockFlowFile,23B] to original
[main] DEBUG org.apache.nifi.processors.standard.RouteText - RouteText[id=fc47b1db-e7ae-450c-887b-29adc31df765] Adding new dynamic property: PropertyDescriptor[simple]
[pool-3321-thread-1] INFO org.apache.nifi.processors.standard.RouteText - RouteText[id=fc47b1db-e7ae-450c-887b-29adc31df765] Created FlowFile[1999,96217836656253.mockFlowFile,23B] from FlowFile[1998,96217836656253.mockFlowFile,23B]; routing to relationship simple
[pool-3321-thread-1] INFO org.apache.nifi.processors.standard.RouteText - RouteText[id=fc47b1db-e7ae-450c-887b-29adc31df765] Routing FlowFile[1998,96217836656253.mockFlowFile,23B] to original
[main] DEBUG org.apache.nifi.processors.standard.RouteText - RouteText[id=fc47b1db-e7ae-450c-887b-29adc31df765] Adding new dynamic property: PropertyDescriptor[simple]
[pool-3322-thread-1] INFO org.apache.nifi.processors.standard.RouteText - RouteText[id=fc47b1db-e7ae-450c-887b-29adc31df765] Created FlowFile[2001,96217837202781.mockFlowFile,23B] from FlowFile[2000,96217837202781.mockFlowFile,23B]; routing to relationship simple
[pool-3322-thread-1] INFO org.apache.nifi.processors.standard.RouteText - RouteText[id=fc47b1db-e7ae-450c-887b-29adc31df765] Routing FlowFile[2000,96217837202781.mockFlowFile,23B] to original
[main] DEBUG org.apache.nifi.processors.standard.RouteText - RouteText[id=fc47b1db-e7ae-450c-887b-29adc31df765] Adding new dynamic property: PropertyDescriptor[simple]
[pool-3323-thread-1] INFO org.apache.nifi.processors.standard.RouteText - RouteText[id=fc47b1db-e7ae-450c-887b-29adc31df765] Created FlowFile[2003,96217837593150.mockFlowFile,23B] from FlowFile[2002,96217837593150.mockFlowFile,23B]; routing to relationship simple
[pool-3323-thread-1] INFO org.apache.nifi.processors.standard.RouteText - RouteText[id=fc47b1db-e7ae-450c-887b-29adc31df765] Routing FlowFile[2002,96217837593150.mockFlowFile,23B] to original
[main] DEBUG org.apache.nifi.processors.standard.RouteText - RouteText[id=fc47b1db-e7ae-450c-887b-29adc31df765] Adding new dynamic property: PropertyDescriptor[simple]
[pool-3324-thread-1] INFO org.apache.nifi.processors.standard.RouteText - RouteText[id=fc47b1db-e7ae-450c-887b-29adc31df765] Created FlowFile[2005,96217837946203.mockFlowFile,24B] from FlowFile[2004,96217837946203.mockFlowFile,24B]; routing to relationship simple
[pool-3324-thread-1] INFO org.apache.nifi.processors.standard.RouteText - RouteText[id=fc47b1db-e7ae-450c-887b-29adc31df765] Routing FlowFile[2004,96217837946203.mockFlowFile,24B] to original
[main] DEBUG org.apache.nifi.processors.standard.RouteText - RouteText[id=fc47b1db-e7ae-450c-887b-29adc31df765] Adding new dynamic property: PropertyDescriptor[simple]
[pool-3325-thread-1] INFO org.apache.nifi.processors.standard.RouteText - RouteText[id=fc47b1db-e7ae-450c-887b-29adc31df765] Created FlowFile[2007,96217838291719.mockFlowFile,24B] from FlowFile[2006,96217838291719.mockFlowFile,24B]; routing to relationship simple
[pool-3325-thread-1] INFO org.apache.nifi.processors.standard.RouteText - RouteText[id=fc47b1db-e7ae-450c-887b-29adc31df765] Routing FlowFile[2006,96217838291719.mockFlowFile,24B] to original
[main] DEBUG org.apache.nifi.processors.standard.RouteText - RouteText[id=fc47b1db-e7ae-450c-887b-29adc31df765] Adding new dynamic property: PropertyDescriptor[simple]
[pool-3326-thread-1] INFO org.apache.nifi.processors.standard.RouteText - RouteText[id=fc47b1db-e7ae-450c-887b-29adc31df765] Created FlowFile[2009,96217838627706.mockFlowFile,24B] from FlowFile[2008,96217838627706.mockFlowFile,24B]; routing to relationship simple
[pool-3326-thread-1] INFO org.apache.nifi.processors.standard.RouteText - RouteText[id=fc47b1db-e7ae-450c-887b-29adc31df765] Routing FlowFile[2008,96217838627706.mockFlowFile,24B] to original
[main] DEBUG org.apache.nifi.processors.standard.RouteText - RouteText[id=fc47b1db-e7ae-450c-887b-29adc31df765] Adding new dynamic property: PropertyDescriptor[simple]
[pool-3327-thread-1] INFO org.apache.nifi.processors.standard.RouteText - RouteText[id=fc47b1db-e7ae-450c-887b-29adc31df765] Created FlowFile[2011,96217839012809.mockFlowFile,24B] from FlowFile[2010,96217839012809.mockFlowFile,24B]; routing to relationship simple
[pool-3327-thread-1] INFO org.apache.nifi.processors.standard.RouteText - RouteText[id=fc47b1db-e7ae-450c-887b-29adc31df765] Routing FlowFile[2010,96217839012809.mockFlowFile,24B] to original
[main] DEBUG org.apache.nifi.processors.standard.RouteText - RouteText[id=fc47b1db-e7ae-450c-887b-29adc31df765] Adding new dynamic property: PropertyDescriptor[simple]
[pool-3328-thread-1] INFO org.apache.nifi.processors.standard.RouteText - RouteText[id=fc47b1db-e7ae-450c-887b-29adc31df765] Created FlowFile[2013,96217839484934.mockFlowFile,24B] from FlowFile[2012,96217839484934.mockFlowFile,24B]; routing to relationship simple
[pool-3328-thread-1] INFO org.apache.nifi.processors.standard.RouteText - RouteText[id=fc47b1db-e7ae-450c-887b-29adc31df765] Routing FlowFile[2012,96217839484934.mockFlowFile,24B] to original
[main] DEBUG org.apache.nifi.processors.standard.RouteText - RouteText[id=fc47b1db-e7ae-450c-887b-29adc31df765] Adding new dynamic property: PropertyDescriptor[simple]
[pool-3329-thread-1] INFO org.apache.nifi.processors.standard.RouteText - RouteText[id=fc47b1db-e7ae-450c-887b-29adc31df765] Created FlowFile[2015,96217839837696.mockFlowFile,24B] from FlowFile[2014,96217839837696.mockFlowFile,24B]; routing to relationship simple
[pool-3329-thread-1] INFO org.apache.nifi.processors.standard.RouteText - RouteText[id=fc47b1db-e7ae-450c-887b-29adc31df765] Routing FlowFile[2014,96217839837696.mockFlowFile,24B] to original
[main] DEBUG org.apache.nifi.processors.standard.RouteText - RouteText[id=fc47b1db-e7ae-450c-887b-29adc31df765] Adding new dynamic property: PropertyDescriptor[simple]
[pool-3330-thread-1] INFO org.apache.nifi.processors.standard.RouteText - RouteText[id=fc47b1db-e7ae-450c-887b-29adc31df765] Created FlowFile[2017,96217840283998.mockFlowFile,24B] from FlowFile[2016,96217840283998.mockFlowFile,24B]; routing to relationship simple
[pool-3330-thread-1] INFO org.apache.nifi.processors.standard.RouteText - RouteText[id=fc47b1db-e7ae-450c-887b-29adc31df765] Routing FlowFile[2016,96217840283998.mockFlowFile,24B] to original
[main] DEBUG org.apache.nifi.processors.standard.RouteText - RouteText[id=fc47b1db-e7ae-450c-887b-29adc31df765] Adding new dynamic property: PropertyDescriptor[simple]
[pool-3331-thread-1] INFO org.apache.nifi.processors.standard.RouteText - RouteText[id=fc47b1db-e7ae-450c-887b-29adc31df765] Created FlowFile[2019,96217840744524.mockFlowFile,24B] from FlowFile[2018,96217840744524.mockFlowFile,24B]; routing to relationship simple
[pool-3331-thread-1] INFO org.apache.nifi.processors.standard.RouteText - RouteText[id=fc47b1db-e7ae-450c-887b-29adc31df765] Routing FlowFile[2018,96217840744524.mockFlowFile,24B] to original
[main] DEBUG org.apache.nifi.processors.standard.RouteText - RouteText[id=fc47b1db-e7ae-450c-887b-29adc31df765] Adding new dynamic property: PropertyDescriptor[simple]
[pool-3332-thread-1] INFO org.apache.nifi.processors.standard.RouteText - RouteText[id=fc47b1db-e7ae-450c-887b-29adc31df765] Created FlowFile[2021,96217841231193.mockFlowFile,24B] from FlowFile[2020,96217841231193.mockFlowFile,24B]; routing to relationship simple
[pool-3332-thread-1] INFO org.apache.nifi.processors.standard.RouteText - RouteText[id=fc47b1db-e7ae-450c-887b-29adc31df765] Routing FlowFile[2020,96217841231193.mockFlowFile,24B] to original
[main] DEBUG org.apache.nifi.processors.standard.RouteText - RouteText[id=fc47b1db-e7ae-450c-887b-29adc31df765] Adding new dynamic property: PropertyDescriptor[simple]
[pool-3333-thread-1] INFO org.apache.nifi.processors.standard.RouteText - RouteText[id=fc47b1db-e7ae-450c-887b-29adc31df765] Created FlowFile[2023,96217841766697.mockFlowFile,24B] from FlowFile[2022,96217841766697.mockFlowFile,24B]; routing to relationship simple
[pool-3333-thread-1] INFO org.apache.nifi.processors.standard.RouteText - RouteText[id=fc47b1db-e7ae-450c-887b-29adc31df765] Routing FlowFile[2022,96217841766697.mockFlowFile,24B] to original
[main] DEBUG org.apache.nifi.processors.standard.RouteText - RouteText[id=fc47b1db-e7ae-450c-887b-29adc31df765] Adding new dynamic property: PropertyDescriptor[simple]
[pool-3334-thread-1] INFO org.apache.nifi.processors.standard.RouteText - RouteText[id=fc47b1db-e7ae-450c-887b-29adc31df765] Created FlowFile[2025,96217842263254.mockFlowFile,24B] from FlowFile[2024,96217842263254.mockFlowFile,24B]; routing to relationship simple
[pool-3334-thread-1] INFO org.apache.nifi.processors.standard.RouteText - RouteText[id=fc47b1db-e7ae-450c-887b-29adc31df765] Routing FlowFile[2024,96217842263254.mockFlowFile,24B] to original
[main] DEBUG org.apache.nifi.processors.standard.RouteText - RouteText[id=fc47b1db-e7ae-450c-887b-29adc31df765] Adding new dynamic property: PropertyDescriptor[simple]
[pool-3335-thread-1] INFO org.apache.nifi.processors.standard.RouteText - RouteText[id=fc47b1db-e7ae-450c-887b-29adc31df765] Created FlowFile[2027,96217842718922.mockFlowFile,24B] from FlowFile[2026,96217842718922.mockFlowFile,24B]; routing to relationship simple
[pool-3335-thread-1] INFO org.apache.nifi.processors.standard.RouteText - RouteText[id=fc47b1db-e7ae-450c-887b-29adc31df765] Routing FlowFile[2026,96217842718922.mockFlowFile,24B] to original
[main] DEBUG org.apache.nifi.processors.standard.RouteText - RouteText[id=fc47b1db-e7ae-450c-887b-29adc31df765] Adding new dynamic property: PropertyDescriptor[simple]
[pool-3336-thread-1] INFO org.apache.nifi.processors.standard.RouteText - RouteText[id=fc47b1db-e7ae-450c-887b-29adc31df765] Created FlowFile[2029,96217843169114.mockFlowFile,24B] from FlowFile[2028,96217843169114.mockFlowFile,24B]; routing to relationship simple
[pool-3336-thread-1] INFO org.apache.nifi.processors.standard.RouteText - RouteText[id=fc47b1db-e7ae-450c-887b-29adc31df765] Routing FlowFile[2028,96217843169114.mockFlowFile,24B] to original
[main] DEBUG org.apache.nifi.processors.standard.RouteText - RouteText[id=fc47b1db-e7ae-450c-887b-29adc31df765] Adding new dynamic property: PropertyDescriptor[simple]
[pool-3337-thread-1] INFO org.apache.nifi.processors.standard.RouteText - RouteText[id=fc47b1db-e7ae-450c-887b-29adc31df765] Created FlowFile[2031,96217843768114.mockFlowFile,24B] from FlowFile[2030,96217843768114.mockFlowFile,24B]; routing to relationship simple
[pool-3337-thread-1] INFO org.apache.nifi.processors.standard.RouteText - RouteText[id=fc47b1db-e7ae-450c-887b-29adc31df765] Routing FlowFile[2030,96217843768114.mockFlowFile,24B] to original
[main] DEBUG org.apache.nifi.processors.standard.RouteText - RouteText[id=fc47b1db-e7ae-450c-887b-29adc31df765] Adding new dynamic property: PropertyDescriptor[simple]
[pool-3338-thread-1] INFO org.apache.nifi.processors.standard.RouteText - RouteText[id=fc47b1db-e7ae-450c-887b-29adc31df765] Created FlowFile[2033,96217844201403.mockFlowFile,24B] from FlowFile[2032,96217844201403.mockFlowFile,24B]; routing to relationship simple
[pool-3338-thread-1] INFO org.apache.nifi.processors.standard.RouteText - RouteText[id=fc47b1db-e7ae-450c-887b-29adc31df765] Routing FlowFile[2032,96217844201403.mockFlowFile,24B] to original
[main] DEBUG org.apache.nifi.processors.standard.RouteText - RouteText[id=fc47b1db-e7ae-450c-887b-29adc31df765] Adding new dynamic property: PropertyDescriptor[simple]
[pool-3339-thread-1] INFO org.apache.nifi.processors.standard.RouteText - RouteText[id=fc47b1db-e7ae-450c-887b-29adc31df765] Created FlowFile[2035,96217844892732.mockFlowFile,24B] from FlowFile[2034,96217844892732.mockFlowFile,24B]; routing to relationship simple
[pool-3339-thread-1] INFO org.apache.nifi.processors.standard.RouteText - RouteText[id=fc47b1db-e7ae-450c-887b-29adc31df765] Routing FlowFile[2034,96217844892732.mockFlowFile,24B] to original
[main] DEBUG org.apache.nifi.processors.standard.RouteText - RouteText[id=fc47b1db-e7ae-450c-887b-29adc31df765] Adding new dynamic property: PropertyDescriptor[simple]
[pool-3340-thread-1] INFO org.apache.nifi.processors.standard.RouteText - RouteText[id=fc47b1db-e7ae-450c-887b-29adc31df765] Created FlowFile[2037,96217845341560.mockFlowFile,24B] from FlowFile[2036,96217845341560.mockFlowFile,24B]; routing to relationship simple
[pool-3340-thread-1] INFO org.apache.nifi.processors.standard.RouteText - RouteText[id=fc47b1db-e7ae-450c-887b-29adc31df765] Routing FlowFile[2036,96217845341560.mockFlowFile,24B] to original
[main] DEBUG org.apache.nifi.processors.standard.RouteText - RouteText[id=fc47b1db-e7ae-450c-887b-29adc31df765] Adding new dynamic property: PropertyDescriptor[simple]
[pool-3341-thread-1] INFO org.apache.nifi.processors.standard.RouteText - RouteText[id=fc47b1db-e7ae-450c-887b-29adc31df765] Created FlowFile[2039,96217845741171.mockFlowFile,24B] from FlowFile[2038,96217845741171.mockFlowFile,24B]; routing to relationship simple
[pool-3341-thread-1] INFO org.apache.nifi.processors.standard.RouteText - RouteText[id=fc47b1db-e7ae-450c-887b-29adc31df765] Routing FlowFile[2038,96217845741171.mockFlowFile,24B] to original
[main] DEBUG org.apache.nifi.processors.standard.RouteText - RouteText[id=fc47b1db-e7ae-450c-887b-29adc31df765] Adding new dynamic property: PropertyDescriptor[simple]
[pool-3342-thread-1] INFO org.apache.nifi.processors.standard.RouteText - RouteText[id=fc47b1db-e7ae-450c-887b-29adc31df765] Created FlowFile[2041,96217846084160.mockFlowFile,24B] from FlowFile[2040,96217846084160.mockFlowFile,24B]; routing to relationship simple
[pool-3342-thread-1] INFO org.apache.nifi.processors.standard.RouteText - RouteText[id=fc47b1db-e7ae-450c-887b-29adc31df765] Routing FlowFile[2040,96217846084160.mockFlowFile,24B] to original
[main] DEBUG org.apache.nifi.processors.standard.RouteText - RouteText[id=fc47b1db-e7ae-450c-887b-29adc31df765] Adding new dynamic property: PropertyDescriptor[simple]
[pool-3343-thread-1] INFO org.apache.nifi.processors.standard.RouteText - RouteText[id=fc47b1db-e7ae-450c-887b-29adc31df765] Created FlowFile[2043,96217846430876.mockFlowFile,24B] from FlowFile[2042,96217846430876.mockFlowFile,24B]; routing to relationship simple
[pool-3343-thread-1] INFO org.apache.nifi.processors.standard.RouteText - RouteText[id=fc47b1db-e7ae-450c-887b-29adc31df765] Routing FlowFile[2042,96217846430876.mockFlowFile,24B] to original
[main] DEBUG org.apache.nifi.processors.standard.RouteText - RouteText[id=fc47b1db-e7ae-450c-887b-29adc31df765] Adding new dynamic property: PropertyDescriptor[simple]
[pool-3344-thread-1] INFO org.apache.nifi.processors.standard.RouteText - RouteText[id=fc47b1db-e7ae-450c-887b-29adc31df765] Created FlowFile[2045,96217846928449.mockFlowFile,24B] from FlowFile[2044,96217846928449.mockFlowFile,24B]; routing to relationship simple
[pool-3344-thread-1] INFO org.apache.nifi.processors.standard.RouteText - RouteText[id=fc47b1db-e7ae-450c-887b-29adc31df765] Routing FlowFile[2044,96217846928449.mockFlowFile,24B] to original
[main] DEBUG org.apache.nifi.processors.standard.RouteText - RouteText[id=fc47b1db-e7ae-450c-887b-29adc31df765] Adding new dynamic property: PropertyDescriptor[simple]
[pool-3345-thread-1] INFO org.apache.nifi.processors.standard.RouteText - RouteText[id=fc47b1db-e7ae-450c-887b-29adc31df765] Created FlowFile[2047,96217847599906.mockFlowFile,24B] from FlowFile[2046,96217847599906.mockFlowFile,24B]; routing to relationship simple
[pool-3345-thread-1] INFO org.apache.nifi.processors.standard.RouteText - RouteText[id=fc47b1db-e7ae-450c-887b-29adc31df765] Routing FlowFile[2046,96217847599906.mockFlowFile,24B] to original
[main] DEBUG org.apache.nifi.processors.standard.RouteText - RouteText[id=fc47b1db-e7ae-450c-887b-29adc31df765] Adding new dynamic property: PropertyDescriptor[simple]
[pool-3346-thread-1] INFO org.apache.nifi.processors.standard.RouteText - RouteText[id=fc47b1db-e7ae-450c-887b-29adc31df765] Created FlowFile[2049,96217869144954.mockFlowFile,24B] from FlowFile[2048,96217869144954.mockFlowFile,24B]; routing to relationship simple
[pool-3346-thread-1] INFO org.apache.nifi.processors.standard.RouteText - RouteText[id=fc47b1db-e7ae-450c-887b-29adc31df765] Routing FlowFile[2048,96217869144954.mockFlowFile,24B] to original
[main] DEBUG org.apache.nifi.processors.standard.RouteText - RouteText[id=fc47b1db-e7ae-450c-887b-29adc31df765] Adding new dynamic property: PropertyDescriptor[simple]
[pool-3347-thread-1] INFO org.apache.nifi.processors.standard.RouteText - RouteText[id=fc47b1db-e7ae-450c-887b-29adc31df765] Created FlowFile[2051,96217873953310.mockFlowFile,24B] from FlowFile[2050,96217873953310.mockFlowFile,24B]; routing to relationship simple
[pool-3347-thread-1] INFO org.apache.nifi.processors.standard.RouteText - RouteText[id=fc47b1db-e7ae-450c-887b-29adc31df765] Routing FlowFile[2050,96217873953310.mockFlowFile,24B] to original
[main] DEBUG org.apache.nifi.processors.standard.RouteText - RouteText[id=fc47b1db-e7ae-450c-887b-29adc31df765] Adding new dynamic property: PropertyDescriptor[simple]
[pool-3348-thread-1] INFO org.apache.nifi.processors.standard.RouteText - RouteText[id=fc47b1db-e7ae-450c-887b-29adc31df765] Created FlowFile[2053,96217876527913.mockFlowFile,24B] from FlowFile[2052,96217876527913.mockFlowFile,24B]; routing to relationship simple
[pool-3348-thread-1] INFO org.apache.nifi.processors.standard.RouteText - RouteText[id=fc47b1db-e7ae-450c-887b-29adc31df765] Routing FlowFile[2052,96217876527913.mockFlowFile,24B] to original
[main] DEBUG org.apache.nifi.processors.standard.RouteText - RouteText[id=fc47b1db-e7ae-450c-887b-29adc31df765] Adding new dynamic property: PropertyDescriptor[simple]
[pool-3349-thread-1] INFO org.apache.nifi.processors.standard.RouteText - RouteText[id=fc47b1db-e7ae-450c-887b-29adc31df765] Created FlowFile[2055,96217877110368.mockFlowFile,24B] from FlowFile[2054,96217877110368.mockFlowFile,24B]; routing to relationship simple
[pool-3349-thread-1] INFO org.apache.nifi.processors.standard.RouteText - RouteText[id=fc47b1db-e7ae-450c-887b-29adc31df765] Routing FlowFile[2054,96217877110368.mockFlowFile,24B] to original
[main] DEBUG org.apache.nifi.processors.standard.RouteText - RouteText[id=fc47b1db-e7ae-450c-887b-29adc31df765] Adding new dynamic property: PropertyDescriptor[simple]
[pool-3350-thread-1] INFO org.apache.nifi.processors.standard.RouteText - RouteText[id=fc47b1db-e7ae-450c-887b-29adc31df765] Created FlowFile[2057,96217877541300.mockFlowFile,24B] from FlowFile[2056,96217877541300.mockFlowFile,24B]; routing to relationship simple
[pool-3350-thread-1] INFO org.apache.nifi.processors.standard.RouteText - RouteText[id=fc47b1db-e7ae-450c-887b-29adc31df765] Routing FlowFile[2056,96217877541300.mockFlowFile,24B] to original
[main] DEBUG org.apache.nifi.processors.standard.RouteText - RouteText[id=fc47b1db-e7ae-450c-887b-29adc31df765] Adding new dynamic property: PropertyDescriptor[simple]
[pool-3351-thread-1] INFO org.apache.nifi.processors.standard.RouteText - RouteText[id=fc47b1db-e7ae-450c-887b-29adc31df765] Created FlowFile[2059,96217877970798.mockFlowFile,24B] from FlowFile[2058,96217877970798.mockFlowFile,24B]; routing to relationship simple
[pool-3351-thread-1] INFO org.apache.nifi.processors.standard.RouteText - RouteText[id=fc47b1db-e7ae-450c-887b-29adc31df765] Routing FlowFile[2058,96217877970798.mockFlowFile,24B] to original
[main] DEBUG org.apache.nifi.processors.standard.RouteText - RouteText[id=fc47b1db-e7ae-450c-887b-29adc31df765] Adding new dynamic property: PropertyDescriptor[simple]
[pool-3352-thread-1] INFO org.apache.nifi.processors.standard.RouteText - RouteText[id=fc47b1db-e7ae-450c-887b-29adc31df765] Created FlowFile[2061,96217878565553.mockFlowFile,24B] from FlowFile[2060,96217878565553.mockFlowFile,24B]; routing to relationship simple
[pool-3352-thread-1] INFO org.apache.nifi.processors.standard.RouteText - RouteText[id=fc47b1db-e7ae-450c-887b-29adc31df765] Routing FlowFile[2060,96217878565553.mockFlowFile,24B] to original
[main] DEBUG org.apache.nifi.processors.standard.RouteText - RouteText[id=fc47b1db-e7ae-450c-887b-29adc31df765] Adding new dynamic property: PropertyDescriptor[simple]
[pool-3353-thread-1] INFO org.apache.nifi.processors.standard.RouteText - RouteText[id=fc47b1db-e7ae-450c-887b-29adc31df765] Created FlowFile[2063,96217879073025.mockFlowFile,24B] from FlowFile[2062,96217879073025.mockFlowFile,24B]; routing to relationship simple
[pool-3353-thread-1] INFO org.apache.nifi.processors.standard.RouteText - RouteText[id=fc47b1db-e7ae-450c-887b-29adc31df765] Routing FlowFile[2062,96217879073025.mockFlowFile,24B] to original
[main] DEBUG org.apache.nifi.processors.standard.RouteText - RouteText[id=fc47b1db-e7ae-450c-887b-29adc31df765] Adding new dynamic property: PropertyDescriptor[simple]
[pool-3354-thread-1] INFO org.apache.nifi.processors.standard.RouteText - RouteText[id=fc47b1db-e7ae-450c-887b-29adc31df765] Created FlowFile[2065,96217879587281.mockFlowFile,24B] from FlowFile[2064,96217879587281.mockFlowFile,24B]; routing to relationship simple
[pool-3354-thread-1] INFO org.apache.nifi.processors.standard.RouteText - RouteText[id=fc47b1db-e7ae-450c-887b-29adc31df765] Routing FlowFile[2064,96217879587281.mockFlowFile,24B] to original
[main] DEBUG org.apache.nifi.processors.standard.RouteText - RouteText[id=fc47b1db-e7ae-450c-887b-29adc31df765] Adding new dynamic property: PropertyDescriptor[simple]
[pool-3355-thread-1] INFO org.apache.nifi.processors.standard.RouteText - RouteText[id=fc47b1db-e7ae-450c-887b-29adc31df765] Created FlowFile[2067,96217880164077.mockFlowFile,24B] from FlowFile[2066,96217880164077.mockFlowFile,24B]; routing to relationship simple
[pool-3355-thread-1] INFO org.apache.nifi.processors.standard.RouteText - RouteText[id=fc47b1db-e7ae-450c-887b-29adc31df765] Routing FlowFile[2066,96217880164077.mockFlowFile,24B] to original
[main] DEBUG org.apache.nifi.processors.standard.RouteText - RouteText[id=fc47b1db-e7ae-450c-887b-29adc31df765] Adding new dynamic property: PropertyDescriptor[simple]
[pool-3356-thread-1] INFO org.apache.nifi.processors.standard.RouteText - RouteText[id=fc47b1db-e7ae-450c-887b-29adc31df765] Created FlowFile[2069,96217880603983.mockFlowFile,24B] from FlowFile[2068,96217880603983.mockFlowFile,24B]; routing to relationship simple
[pool-3356-thread-1] INFO org.apache.nifi.processors.standard.RouteText - RouteText[id=fc47b1db-e7ae-450c-887b-29adc31df765] Routing FlowFile[2068,96217880603983.mockFlowFile,24B] to original
[main] DEBUG org.apache.nifi.processors.standard.RouteText - RouteText[id=fc47b1db-e7ae-450c-887b-29adc31df765] Adding new dynamic property: PropertyDescriptor[simple]
[pool-3357-thread-1] INFO org.apache.nifi.processors.standard.RouteText - RouteText[id=fc47b1db-e7ae-450c-887b-29adc31df765] Created FlowFile[2071,96217881198883.mockFlowFile,24B] from FlowFile[2070,96217881198883.mockFlowFile,24B]; routing to relationship simple
[pool-3357-thread-1] INFO org.apache.nifi.processors.standard.RouteText - RouteText[id=fc47b1db-e7ae-450c-887b-29adc31df765] Routing FlowFile[2070,96217881198883.mockFlowFile,24B] to original
[main] DEBUG org.apache.nifi.processors.standard.RouteText - RouteText[id=fc47b1db-e7ae-450c-887b-29adc31df765] Adding new dynamic property: PropertyDescriptor[simple]
[pool-3358-thread-1] INFO org.apache.nifi.processors.standard.RouteText - RouteText[id=fc47b1db-e7ae-450c-887b-29adc31df765] Created FlowFile[2073,96217881746641.mockFlowFile,24B] from FlowFile[2072,96217881746641.mockFlowFile,24B]; routing to relationship simple
[pool-3358-thread-1] INFO org.apache.nifi.processors.standard.RouteText - RouteText[id=fc47b1db-e7ae-450c-887b-29adc31df765] Routing FlowFile[2072,96217881746641.mockFlowFile,24B] to original
[main] DEBUG org.apache.nifi.processors.standard.RouteText - RouteText[id=fc47b1db-e7ae-450c-887b-29adc31df765] Adding new dynamic property: PropertyDescriptor[simple]
[pool-3359-thread-1] INFO org.apache.nifi.processors.standard.RouteText - RouteText[id=fc47b1db-e7ae-450c-887b-29adc31df765] Created FlowFile[2075,96217882280350.mockFlowFile,24B] from FlowFile[2074,96217882280350.mockFlowFile,24B]; routing to relationship simple
[pool-3359-thread-1] INFO org.apache.nifi.processors.standard.RouteText - RouteText[id=fc47b1db-e7ae-450c-887b-29adc31df765] Routing FlowFile[2074,96217882280350.mockFlowFile,24B] to original
[main] DEBUG org.apache.nifi.processors.standard.RouteText - RouteText[id=fc47b1db-e7ae-450c-887b-29adc31df765] Adding new dynamic property: PropertyDescriptor[simple]
[pool-3360-thread-1] INFO org.apache.nifi.processors.standard.RouteText - RouteText[id=fc47b1db-e7ae-450c-887b-29adc31df765] Created FlowFile[2077,96217882771931.mockFlowFile,24B] from FlowFile[2076,96217882771931.mockFlowFile,24B]; routing to relationship simple
[pool-3360-thread-1] INFO org.apache.nifi.processors.standard.RouteText - RouteText[id=fc47b1db-e7ae-450c-887b-29adc31df765] Routing FlowFile[2076,96217882771931.mockFlowFile,24B] to original
[main] DEBUG org.apache.nifi.processors.standard.RouteText - RouteText[id=fc47b1db-e7ae-450c-887b-29adc31df765] Adding new dynamic property: PropertyDescriptor[simple]
[pool-3361-thread-1] INFO org.apache.nifi.processors.standard.RouteText - RouteText[id=fc47b1db-e7ae-450c-887b-29adc31df765] Created FlowFile[2079,96217883151934.mockFlowFile,24B] from FlowFile[2078,96217883151934.mockFlowFile,24B]; routing to relationship simple
[pool-3361-thread-1] INFO org.apache.nifi.processors.standard.RouteText - RouteText[id=fc47b1db-e7ae-450c-887b-29adc31df765] Routing FlowFile[2078,96217883151934.mockFlowFile,24B] to original
[main] DEBUG org.apache.nifi.processors.standard.RouteText - RouteText[id=fc47b1db-e7ae-450c-887b-29adc31df765] Adding new dynamic property: PropertyDescriptor[simple]
[pool-3362-thread-1] INFO org.apache.nifi.processors.standard.RouteText - RouteText[id=fc47b1db-e7ae-450c-887b-29adc31df765] Created FlowFile[2081,96217883591213.mockFlowFile,24B] from FlowFile[2080,96217883591213.mockFlowFile,24B]; routing to relationship simple
[pool-3362-thread-1] INFO org.apache.nifi.processors.standard.RouteText - RouteText[id=fc47b1db-e7ae-450c-887b-29adc31df765] Routing FlowFile[2080,96217883591213.mockFlowFile,24B] to original
[main] DEBUG org.apache.nifi.processors.standard.RouteText - RouteText[id=fc47b1db-e7ae-450c-887b-29adc31df765] Adding new dynamic property: PropertyDescriptor[simple]
[pool-3363-thread-1] INFO org.apache.nifi.processors.standard.RouteText - RouteText[id=fc47b1db-e7ae-450c-887b-29adc31df765] Created FlowFile[2083,96217884028983.mockFlowFile,24B] from FlowFile[2082,96217884028983.mockFlowFile,24B]; routing to relationship simple
[pool-3363-thread-1] INFO org.apache.nifi.processors.standard.RouteText - RouteText[id=fc47b1db-e7ae-450c-887b-29adc31df765] Routing FlowFile[2082,96217884028983.mockFlowFile,24B] to original
[main] DEBUG org.apache.nifi.processors.standard.RouteText - RouteText[id=fc47b1db-e7ae-450c-887b-29adc31df765] Adding new dynamic property: PropertyDescriptor[simple]
[pool-3364-thread-1] INFO org.apache.nifi.processors.standard.RouteText - RouteText[id=fc47b1db-e7ae-450c-887b-29adc31df765] Created FlowFile[2085,96217884565775.mockFlowFile,24B] from FlowFile[2084,96217884565775.mockFlowFile,24B]; routing to relationship simple
[pool-3364-thread-1] INFO org.apache.nifi.processors.standard.RouteText - RouteText[id=fc47b1db-e7ae-450c-887b-29adc31df765] Routing FlowFile[2084,96217884565775.mockFlowFile,24B] to original
[main] DEBUG org.apache.nifi.processors.standard.RouteText - RouteText[id=fc47b1db-e7ae-450c-887b-29adc31df765] Adding new dynamic property: PropertyDescriptor[simple]
[pool-3365-thread-1] INFO org.apache.nifi.processors.standard.RouteText - RouteText[id=fc47b1db-e7ae-450c-887b-29adc31df765] Created FlowFile[2087,96217885204320.mockFlowFile,24B] from FlowFile[2086,96217885204320.mockFlowFile,24B]; routing to relationship simple
[pool-3365-thread-1] INFO org.apache.nifi.processors.standard.RouteText - RouteText[id=fc47b1db-e7ae-450c-887b-29adc31df765] Routing FlowFile[2086,96217885204320.mockFlowFile,24B] to original
[main] DEBUG org.apache.nifi.processors.standard.RouteText - RouteText[id=fc47b1db-e7ae-450c-887b-29adc31df765] Adding new dynamic property: PropertyDescriptor[simple]
[pool-3366-thread-1] INFO org.apache.nifi.processors.standard.RouteText - RouteText[id=fc47b1db-e7ae-450c-887b-29adc31df765] Created FlowFile[2089,96217885725211.mockFlowFile,24B] from FlowFile[2088,96217885725211.mockFlowFile,24B]; routing to relationship simple
[pool-3366-thread-1] INFO org.apache.nifi.processors.standard.RouteText - RouteText[id=fc47b1db-e7ae-450c-887b-29adc31df765] Routing FlowFile[2088,96217885725211.mockFlowFile,24B] to original
[main] DEBUG org.apache.nifi.processors.standard.RouteText - RouteText[id=fc47b1db-e7ae-450c-887b-29adc31df765] Adding new dynamic property: PropertyDescriptor[simple]
[pool-3367-thread-1] INFO org.apache.nifi.processors.standard.RouteText - RouteText[id=fc47b1db-e7ae-450c-887b-29adc31df765] Created FlowFile[2091,96217886165115.mockFlowFile,24B] from FlowFile[2090,96217886165115.mockFlowFile,24B]; routing to relationship simple
[pool-3367-thread-1] INFO org.apache.nifi.processors.standard.RouteText - RouteText[id=fc47b1db-e7ae-450c-887b-29adc31df765] Routing FlowFile[2090,96217886165115.mockFlowFile,24B] to original
[main] DEBUG org.apache.nifi.processors.standard.RouteText - RouteText[id=fc47b1db-e7ae-450c-887b-29adc31df765] Adding new dynamic property: PropertyDescriptor[simple]
[pool-3368-thread-1] INFO org.apache.nifi.processors.standard.RouteText - RouteText[id=fc47b1db-e7ae-450c-887b-29adc31df765] Created FlowFile[2093,96217886498784.mockFlowFile,24B] from FlowFile[2092,96217886498784.mockFlowFile,24B]; routing to relationship simple
[pool-3368-thread-1] INFO org.apache.nifi.processors.standard.RouteText - RouteText[id=fc47b1db-e7ae-450c-887b-29adc31df765] Routing FlowFile[2092,96217886498784.mockFlowFile,24B] to original
[main] DEBUG org.apache.nifi.processors.standard.RouteText - RouteText[id=fc47b1db-e7ae-450c-887b-29adc31df765] Adding new dynamic property: PropertyDescriptor[simple]
[pool-3369-thread-1] INFO org.apache.nifi.processors.standard.RouteText - RouteText[id=fc47b1db-e7ae-450c-887b-29adc31df765] Created FlowFile[2095,96217886845910.mockFlowFile,24B] from FlowFile[2094,96217886845910.mockFlowFile,24B]; routing to relationship simple
[pool-3369-thread-1] INFO org.apache.nifi.processors.standard.RouteText - RouteText[id=fc47b1db-e7ae-450c-887b-29adc31df765] Routing FlowFile[2094,96217886845910.mockFlowFile,24B] to original
[main] DEBUG org.apache.nifi.processors.standard.RouteText - RouteText[id=fc47b1db-e7ae-450c-887b-29adc31df765] Adding new dynamic property: PropertyDescriptor[simple]
[pool-3370-thread-1] INFO org.apache.nifi.processors.standard.RouteText - RouteText[id=fc47b1db-e7ae-450c-887b-29adc31df765] Created FlowFile[2097,96217887281166.mockFlowFile,24B] from FlowFile[2096,96217887281166.mockFlowFile,24B]; routing to relationship simple
[pool-3370-thread-1] INFO org.apache.nifi.processors.standard.RouteText - RouteText[id=fc47b1db-e7ae-450c-887b-29adc31df765] Routing FlowFile[2096,96217887281166.mockFlowFile,24B] to original
[main] DEBUG org.apache.nifi.processors.standard.RouteText - RouteText[id=fc47b1db-e7ae-450c-887b-29adc31df765] Adding new dynamic property: PropertyDescriptor[simple]
[pool-3371-thread-1] INFO org.apache.nifi.processors.standard.RouteText - RouteText[id=fc47b1db-e7ae-450c-887b-29adc31df765] Created FlowFile[2099,96217887732676.mockFlowFile,24B] from FlowFile[2098,96217887732676.mockFlowFile,24B]; routing to relationship simple
[pool-3371-thread-1] INFO org.apache.nifi.processors.standard.RouteText - RouteText[id=fc47b1db-e7ae-450c-887b-29adc31df765] Routing FlowFile[2098,96217887732676.mockFlowFile,24B] to original
[main] DEBUG org.apache.nifi.processors.standard.RouteText - RouteText[id=fc47b1db-e7ae-450c-887b-29adc31df765] Adding new dynamic property: PropertyDescriptor[simple]
[pool-3372-thread-1] INFO org.apache.nifi.processors.standard.RouteText - RouteText[id=fc47b1db-e7ae-450c-887b-29adc31df765] Created FlowFile[2101,96217888160671.mockFlowFile,24B] from FlowFile[2100,96217888160671.mockFlowFile,24B]; routing to relationship simple
[pool-3372-thread-1] INFO org.apache.nifi.processors.standard.RouteText - RouteText[id=fc47b1db-e7ae-450c-887b-29adc31df765] Routing FlowFile[2100,96217888160671.mockFlowFile,24B] to original
[main] DEBUG org.apache.nifi.processors.standard.RouteText - RouteText[id=fc47b1db-e7ae-450c-887b-29adc31df765] Adding new dynamic property: PropertyDescriptor[simple]
[pool-3373-thread-1] INFO org.apache.nifi.processors.standard.RouteText - RouteText[id=fc47b1db-e7ae-450c-887b-29adc31df765] Created FlowFile[2103,96217888647751.mockFlowFile,24B] from FlowFile[2102,96217888647751.mockFlowFile,24B]; routing to relationship simple
[pool-3373-thread-1] INFO org.apache.nifi.processors.standard.RouteText - RouteText[id=fc47b1db-e7ae-450c-887b-29adc31df765] Routing FlowFile[2102,96217888647751.mockFlowFile,24B] to original
[main] DEBUG org.apache.nifi.processors.standard.RouteText - RouteText[id=fc47b1db-e7ae-450c-887b-29adc31df765] Adding new dynamic property: PropertyDescriptor[simple]
[pool-3374-thread-1] INFO org.apache.nifi.processors.standard.RouteText - RouteText[id=fc47b1db-e7ae-450c-887b-29adc31df765] Created FlowFile[2105,96217889092452.mockFlowFile,24B] from FlowFile[2104,96217889092452.mockFlowFile,24B]; routing to relationship simple
[pool-3374-thread-1] INFO org.apache.nifi.processors.standard.RouteText - RouteText[id=fc47b1db-e7ae-450c-887b-29adc31df765] Routing FlowFile[2104,96217889092452.mockFlowFile,24B] to original
[main] DEBUG org.apache.nifi.processors.standard.RouteText - RouteText[id=fc47b1db-e7ae-450c-887b-29adc31df765] Adding new dynamic property: PropertyDescriptor[simple]
[pool-3375-thread-1] INFO org.apache.nifi.processors.standard.RouteText - RouteText[id=fc47b1db-e7ae-450c-887b-29adc31df765] Created FlowFile[2107,96217889447832.mockFlowFile,24B] from FlowFile[2106,96217889447832.mockFlowFile,24B]; routing to relationship simple
[pool-3375-thread-1] INFO org.apache.nifi.processors.standard.RouteText - RouteText[id=fc47b1db-e7ae-450c-887b-29adc31df765] Routing FlowFile[2106,96217889447832.mockFlowFile,24B] to original
[main] DEBUG org.apache.nifi.processors.standard.RouteText - RouteText[id=fc47b1db-e7ae-450c-887b-29adc31df765] Adding new dynamic property: PropertyDescriptor[simple]
[pool-3376-thread-1] INFO org.apache.nifi.processors.standard.RouteText - RouteText[id=fc47b1db-e7ae-450c-887b-29adc31df765] Created FlowFile[2109,96217889845446.mockFlowFile,24B] from FlowFile[2108,96217889845446.mockFlowFile,24B]; routing to relationship simple
[pool-3376-thread-1] INFO org.apache.nifi.processors.standard.RouteText - RouteText[id=fc47b1db-e7ae-450c-887b-29adc31df765] Routing FlowFile[2108,96217889845446.mockFlowFile,24B] to original
[main] DEBUG org.apache.nifi.processors.standard.RouteText - RouteText[id=fc47b1db-e7ae-450c-887b-29adc31df765] Adding new dynamic property: PropertyDescriptor[simple]
[pool-3377-thread-1] INFO org.apache.nifi.processors.standard.RouteText - RouteText[id=fc47b1db-e7ae-450c-887b-29adc31df765] Created FlowFile[2111,96217890354546.mockFlowFile,24B] from FlowFile[2110,96217890354546.mockFlowFile,24B]; routing to relationship simple
[pool-3377-thread-1] INFO org.apache.nifi.processors.standard.RouteText - RouteText[id=fc47b1db-e7ae-450c-887b-29adc31df765] Routing FlowFile[2110,96217890354546.mockFlowFile,24B] to original
[main] DEBUG org.apache.nifi.processors.standard.RouteText - RouteText[id=fc47b1db-e7ae-450c-887b-29adc31df765] Adding new dynamic property: PropertyDescriptor[simple]
[pool-3378-thread-1] INFO org.apache.nifi.processors.standard.RouteText - RouteText[id=fc47b1db-e7ae-450c-887b-29adc31df765] Created FlowFile[2113,96217890883507.mockFlowFile,24B] from FlowFile[2112,96217890883507.mockFlowFile,24B]; routing to relationship simple
[pool-3378-thread-1] INFO org.apache.nifi.processors.standard.RouteText - RouteText[id=fc47b1db-e7ae-450c-887b-29adc31df765] Routing FlowFile[2112,96217890883507.mockFlowFile,24B] to original
[main] DEBUG org.apache.nifi.processors.standard.RouteText - RouteText[id=fc47b1db-e7ae-450c-887b-29adc31df765] Adding new dynamic property: PropertyDescriptor[simple]
[pool-3379-thread-1] INFO org.apache.nifi.processors.standard.RouteText - RouteText[id=fc47b1db-e7ae-450c-887b-29adc31df765] Created FlowFile[2115,96217891382181.mockFlowFile,24B] from FlowFile[2114,96217891382181.mockFlowFile,24B]; routing to relationship simple
[pool-3379-thread-1] INFO org.apache.nifi.processors.standard.RouteText - RouteText[id=fc47b1db-e7ae-450c-887b-29adc31df765] Routing FlowFile[2114,96217891382181.mockFlowFile,24B] to original
[main] DEBUG org.apache.nifi.processors.standard.RouteText - RouteText[id=fc47b1db-e7ae-450c-887b-29adc31df765] Adding new dynamic property: PropertyDescriptor[simple]
[pool-3380-thread-1] INFO org.apache.nifi.processors.standard.RouteText - RouteText[id=fc47b1db-e7ae-450c-887b-29adc31df765] Created FlowFile[2117,96217891953046.mockFlowFile,24B] from FlowFile[2116,96217891953046.mockFlowFile,24B]; routing to relationship simple
[pool-3380-thread-1] INFO org.apache.nifi.processors.standard.RouteText - RouteText[id=fc47b1db-e7ae-450c-887b-29adc31df765] Routing FlowFile[2116,96217891953046.mockFlowFile,24B] to original
[main] DEBUG org.apache.nifi.processors.standard.RouteText - RouteText[id=fc47b1db-e7ae-450c-887b-29adc31df765] Adding new dynamic property: PropertyDescriptor[simple]
[pool-3381-thread-1] INFO org.apache.nifi.processors.standard.RouteText - RouteText[id=fc47b1db-e7ae-450c-887b-29adc31df765] Created FlowFile[2119,96217892474928.mockFlowFile,24B] from FlowFile[2118,96217892474928.mockFlowFile,24B]; routing to relationship simple
[pool-3381-thread-1] INFO org.apache.nifi.processors.standard.RouteText - RouteText[id=fc47b1db-e7ae-450c-887b-29adc31df765] Routing FlowFile[2118,96217892474928.mockFlowFile,24B] to original
[main] DEBUG org.apache.nifi.processors.standard.RouteText - RouteText[id=fc47b1db-e7ae-450c-887b-29adc31df765] Adding new dynamic property: PropertyDescriptor[simple]
[pool-3382-thread-1] INFO org.apache.nifi.processors.standard.RouteText - RouteText[id=fc47b1db-e7ae-450c-887b-29adc31df765] Created FlowFile[2121,96217892997009.mockFlowFile,24B] from FlowFile[2120,96217892997009.mockFlowFile,24B]; routing to relationship simple
[pool-3382-thread-1] INFO org.apache.nifi.processors.standard.RouteText - RouteText[id=fc47b1db-e7ae-450c-887b-29adc31df765] Routing FlowFile[2120,96217892997009.mockFlowFile,24B] to original
[main] DEBUG org.apache.nifi.processors.standard.RouteText - RouteText[id=fc47b1db-e7ae-450c-887b-29adc31df765] Adding new dynamic property: PropertyDescriptor[simple]
[pool-3383-thread-1] INFO org.apache.nifi.processors.standard.RouteText - RouteText[id=fc47b1db-e7ae-450c-887b-29adc31df765] Created FlowFile[2123,96217893529435.mockFlowFile,24B] from FlowFile[2122,96217893529435.mockFlowFile,24B]; routing to relationship simple
[pool-3383-thread-1] INFO org.apache.nifi.processors.standard.RouteText - RouteText[id=fc47b1db-e7ae-450c-887b-29adc31df765] Routing FlowFile[2122,96217893529435.mockFlowFile,24B] to original
[main] DEBUG org.apache.nifi.processors.standard.RouteText - RouteText[id=fc47b1db-e7ae-450c-887b-29adc31df765] Adding new dynamic property: PropertyDescriptor[simple]
[pool-3384-thread-1] INFO org.apache.nifi.processors.standard.RouteText - RouteText[id=fc47b1db-e7ae-450c-887b-29adc31df765] Created FlowFile[2125,96217894051716.mockFlowFile,24B] from FlowFile[2124,96217894051716.mockFlowFile,24B]; routing to relationship simple
[pool-3384-thread-1] INFO org.apache.nifi.processors.standard.RouteText - RouteText[id=fc47b1db-e7ae-450c-887b-29adc31df765] Routing FlowFile[2124,96217894051716.mockFlowFile,24B] to original
[main] DEBUG org.apache.nifi.processors.standard.RouteText - RouteText[id=fc47b1db-e7ae-450c-887b-29adc31df765] Adding new dynamic property: PropertyDescriptor[simple]
[pool-3385-thread-1] INFO org.apache.nifi.processors.standard.RouteText - RouteText[id=fc47b1db-e7ae-450c-887b-29adc31df765] Created FlowFile[2127,96217894562462.mockFlowFile,24B] from FlowFile[2126,96217894562462.mockFlowFile,24B]; routing to relationship simple
[pool-3385-thread-1] INFO org.apache.nifi.processors.standard.RouteText - RouteText[id=fc47b1db-e7ae-450c-887b-29adc31df765] Routing FlowFile[2126,96217894562462.mockFlowFile,24B] to original
[main] DEBUG org.apache.nifi.processors.standard.RouteText - RouteText[id=fc47b1db-e7ae-450c-887b-29adc31df765] Adding new dynamic property: PropertyDescriptor[simple]
[pool-3386-thread-1] INFO org.apache.nifi.processors.standard.RouteText - RouteText[id=fc47b1db-e7ae-450c-887b-29adc31df765] Created FlowFile[2129,96217895096624.mockFlowFile,24B] from FlowFile[2128,96217895096624.mockFlowFile,24B]; routing to relationship simple
[pool-3386-thread-1] INFO org.apache.nifi.processors.standard.RouteText - RouteText[id=fc47b1db-e7ae-450c-887b-29adc31df765] Routing FlowFile[2128,96217895096624.mockFlowFile,24B] to original
[main] DEBUG org.apache.nifi.processors.standard.RouteText - RouteText[id=fc47b1db-e7ae-450c-887b-29adc31df765] Adding new dynamic property: PropertyDescriptor[simple]
[pool-3387-thread-1] INFO org.apache.nifi.processors.standard.RouteText - RouteText[id=fc47b1db-e7ae-450c-887b-29adc31df765] Created FlowFile[2131,96217895606175.mockFlowFile,24B] from FlowFile[2130,96217895606175.mockFlowFile,24B]; routing to relationship simple
[pool-3387-thread-1] INFO org.apache.nifi.processors.standard.RouteText - RouteText[id=fc47b1db-e7ae-450c-887b-29adc31df765] Routing FlowFile[2130,96217895606175.mockFlowFile,24B] to original
[main] DEBUG org.apache.nifi.processors.standard.RouteText - RouteText[id=fc47b1db-e7ae-450c-887b-29adc31df765] Adding new dynamic property: PropertyDescriptor[simple]
[pool-3388-thread-1] INFO org.apache.nifi.processors.standard.RouteText - RouteText[id=fc47b1db-e7ae-450c-887b-29adc31df765] Created FlowFile[2133,96217896126697.mockFlowFile,24B] from FlowFile[2132,96217896126697.mockFlowFile,24B]; routing to relationship simple
[pool-3388-thread-1] INFO org.apache.nifi.processors.standard.RouteText - RouteText[id=fc47b1db-e7ae-450c-887b-29adc31df765] Routing FlowFile[2132,96217896126697.mockFlowFile,24B] to original
[main] DEBUG org.apache.nifi.processors.standard.RouteText - RouteText[id=fc47b1db-e7ae-450c-887b-29adc31df765] Adding new dynamic property: PropertyDescriptor[simple]
[pool-3389-thread-1] INFO org.apache.nifi.processors.standard.RouteText - RouteText[id=fc47b1db-e7ae-450c-887b-29adc31df765] Created FlowFile[2135,96217896659844.mockFlowFile,24B] from FlowFile[2134,96217896659844.mockFlowFile,24B]; routing to relationship simple
[pool-3389-thread-1] INFO org.apache.nifi.processors.standard.RouteText - RouteText[id=fc47b1db-e7ae-450c-887b-29adc31df765] Routing FlowFile[2134,96217896659844.mockFlowFile,24B] to original
[main] DEBUG org.apache.nifi.processors.standard.RouteText - RouteText[id=fc47b1db-e7ae-450c-887b-29adc31df765] Adding new dynamic property: PropertyDescriptor[simple]
[pool-3390-thread-1] INFO org.apache.nifi.processors.standard.RouteText - RouteText[id=fc47b1db-e7ae-450c-887b-29adc31df765] Created FlowFile[2137,96217897169022.mockFlowFile,24B] from FlowFile[2136,96217897169022.mockFlowFile,24B]; routing to relationship simple
[pool-3390-thread-1] INFO org.apache.nifi.processors.standard.RouteText - RouteText[id=fc47b1db-e7ae-450c-887b-29adc31df765] Routing FlowFile[2136,96217897169022.mockFlowFile,24B] to original
[main] DEBUG org.apache.nifi.processors.standard.RouteText - RouteText[id=fc47b1db-e7ae-450c-887b-29adc31df765] Adding new dynamic property: PropertyDescriptor[simple]
[pool-3391-thread-1] INFO org.apache.nifi.processors.standard.RouteText - RouteText[id=fc47b1db-e7ae-450c-887b-29adc31df765] Created FlowFile[2139,96217897674140.mockFlowFile,24B] from FlowFile[2138,96217897674140.mockFlowFile,24B]; routing to relationship simple
[pool-3391-thread-1] INFO org.apache.nifi.processors.standard.RouteText - RouteText[id=fc47b1db-e7ae-450c-887b-29adc31df765] Routing FlowFile[2138,96217897674140.mockFlowFile,24B] to original
[main] DEBUG org.apache.nifi.processors.standard.RouteText - RouteText[id=fc47b1db-e7ae-450c-887b-29adc31df765] Adding new dynamic property: PropertyDescriptor[simple]
[pool-3392-thread-1] INFO org.apache.nifi.processors.standard.RouteText - RouteText[id=fc47b1db-e7ae-450c-887b-29adc31df765] Created FlowFile[2141,96217898178777.mockFlowFile,24B] from FlowFile[2140,96217898178777.mockFlowFile,24B]; routing to relationship simple
[pool-3392-thread-1] INFO org.apache.nifi.processors.standard.RouteText - RouteText[id=fc47b1db-e7ae-450c-887b-29adc31df765] Routing FlowFile[2140,96217898178777.mockFlowFile,24B] to original
[main] DEBUG org.apache.nifi.processors.standard.RouteText - RouteText[id=fc47b1db-e7ae-450c-887b-29adc31df765] Adding new dynamic property: PropertyDescriptor[simple]
[pool-3393-thread-1] INFO org.apache.nifi.processors.standard.RouteText - RouteText[id=fc47b1db-e7ae-450c-887b-29adc31df765] Created FlowFile[2143,96217898738690.mockFlowFile,24B] from FlowFile[2142,96217898738690.mockFlowFile,24B]; routing to relationship simple
[pool-3393-thread-1] INFO org.apache.nifi.processors.standard.RouteText - RouteText[id=fc47b1db-e7ae-450c-887b-29adc31df765] Routing FlowFile[2142,96217898738690.mockFlowFile,24B] to original
[main] DEBUG org.apache.nifi.processors.standard.RouteText - RouteText[id=fc47b1db-e7ae-450c-887b-29adc31df765] Adding new dynamic property: PropertyDescriptor[simple]
[pool-3394-thread-1] INFO org.apache.nifi.processors.standard.RouteText - RouteText[id=fc47b1db-e7ae-450c-887b-29adc31df765] Created FlowFile[2145,96217899268510.mockFlowFile,24B] from FlowFile[2144,96217899268510.mockFlowFile,24B]; routing to relationship simple
[pool-3394-thread-1] INFO org.apache.nifi.processors.standard.RouteText - RouteText[id=fc47b1db-e7ae-450c-887b-29adc31df765] Routing FlowFile[2144,96217899268510.mockFlowFile,24B] to original
[main] DEBUG org.apache.nifi.processors.standard.RouteText - RouteText[id=fc47b1db-e7ae-450c-887b-29adc31df765] Adding new dynamic property: PropertyDescriptor[simple]
[pool-3395-thread-1] INFO org.apache.nifi.processors.standard.RouteText - RouteText[id=fc47b1db-e7ae-450c-887b-29adc31df765] Created FlowFile[2147,96217899796161.mockFlowFile,24B] from FlowFile[2146,96217899796161.mockFlowFile,24B]; routing to relationship simple
[pool-3395-thread-1] INFO org.apache.nifi.processors.standard.RouteText - RouteText[id=fc47b1db-e7ae-450c-887b-29adc31df765] Routing FlowFile[2146,96217899796161.mockFlowFile,24B] to original
[main] DEBUG org.apache.nifi.processors.standard.RouteText - RouteText[id=fc47b1db-e7ae-450c-887b-29adc31df765] Adding new dynamic property: PropertyDescriptor[simple]
[pool-3396-thread-1] INFO org.apache.nifi.processors.standard.RouteText - RouteText[id=fc47b1db-e7ae-450c-887b-29adc31df765] Created FlowFile[2149,96217900376678.mockFlowFile,24B] from FlowFile[2148,96217900376678.mockFlowFile,24B]; routing to relationship simple
[pool-3396-thread-1] INFO org.apache.nifi.processors.standard.RouteText - RouteText[id=fc47b1db-e7ae-450c-887b-29adc31df765] Routing FlowFile[2148,96217900376678.mockFlowFile,24B] to original
[main] DEBUG org.apache.nifi.processors.standard.RouteText - RouteText[id=fc47b1db-e7ae-450c-887b-29adc31df765] Adding new dynamic property: PropertyDescriptor[simple]
[pool-3397-thread-1] INFO org.apache.nifi.processors.standard.RouteText - RouteText[id=fc47b1db-e7ae-450c-887b-29adc31df765] Created FlowFile[2151,96217900941402.mockFlowFile,24B] from FlowFile[2150,96217900941402.mockFlowFile,24B]; routing to relationship simple
[pool-3397-thread-1] INFO org.apache.nifi.processors.standard.RouteText - RouteText[id=fc47b1db-e7ae-450c-887b-29adc31df765] Routing FlowFile[2150,96217900941402.mockFlowFile,24B] to original
[main] DEBUG org.apache.nifi.processors.standard.RouteText - RouteText[id=fc47b1db-e7ae-450c-887b-29adc31df765] Adding new dynamic property: PropertyDescriptor[simple]
[pool-3398-thread-1] INFO org.apache.nifi.processors.standard.RouteText - RouteText[id=fc47b1db-e7ae-450c-887b-29adc31df765] Created FlowFile[2153,96217901510753.mockFlowFile,24B] from FlowFile[2152,96217901510753.mockFlowFile,24B]; routing to relationship simple
[pool-3398-thread-1] INFO org.apache.nifi.processors.standard.RouteText - RouteText[id=fc47b1db-e7ae-450c-887b-29adc31df765] Routing FlowFile[2152,96217901510753.mockFlowFile,24B] to original
[main] DEBUG org.apache.nifi.processors.standard.RouteText - RouteText[id=fc47b1db-e7ae-450c-887b-29adc31df765] Adding new dynamic property: PropertyDescriptor[simple]
[pool-3399-thread-1] INFO org.apache.nifi.processors.standard.RouteText - RouteText[id=fc47b1db-e7ae-450c-887b-29adc31df765] Created FlowFile[2155,96217902033529.mockFlowFile,24B] from FlowFile[2154,96217902033529.mockFlowFile,24B]; routing to relationship simple
[pool-3399-thread-1] INFO org.apache.nifi.processors.standard.RouteText - RouteText[id=fc47b1db-e7ae-450c-887b-29adc31df765] Routing FlowFile[2154,96217902033529.mockFlowFile,24B] to original
[main] DEBUG org.apache.nifi.processors.standard.RouteText - RouteText[id=fc47b1db-e7ae-450c-887b-29adc31df765] Adding new dynamic property: PropertyDescriptor[simple]
[pool-3400-thread-1] INFO org.apache.nifi.processors.standard.RouteText - RouteText[id=fc47b1db-e7ae-450c-887b-29adc31df765] Created FlowFile[2157,96217902548889.mockFlowFile,24B] from FlowFile[2156,96217902548889.mockFlowFile,24B]; routing to relationship simple
[pool-3400-thread-1] INFO org.apache.nifi.processors.standard.RouteText - RouteText[id=fc47b1db-e7ae-450c-887b-29adc31df765] Routing FlowFile[2156,96217902548889.mockFlowFile,24B] to original
[main] DEBUG org.apache.nifi.processors.standard.RouteText - RouteText[id=fc47b1db-e7ae-450c-887b-29adc31df765] Adding new dynamic property: PropertyDescriptor[simple]
[pool-3401-thread-1] INFO org.apache.nifi.processors.standard.RouteText - RouteText[id=fc47b1db-e7ae-450c-887b-29adc31df765] Created FlowFile[2159,96217903060693.mockFlowFile,24B] from FlowFile[2158,96217903060693.mockFlowFile,24B]; routing to relationship simple
[pool-3401-thread-1] INFO org.apache.nifi.processors.standard.RouteText - RouteText[id=fc47b1db-e7ae-450c-887b-29adc31df765] Routing FlowFile[2158,96217903060693.mockFlowFile,24B] to original
[main] DEBUG org.apache.nifi.processors.standard.RouteText - RouteText[id=fc47b1db-e7ae-450c-887b-29adc31df765] Adding new dynamic property: PropertyDescriptor[simple]
[pool-3402-thread-1] INFO org.apache.nifi.processors.standard.RouteText - RouteText[id=fc47b1db-e7ae-450c-887b-29adc31df765] Created FlowFile[2161,96217903612439.mockFlowFile,24B] from FlowFile[2160,96217903612439.mockFlowFile,24B]; routing to relationship simple
[pool-3402-thread-1] INFO org.apache.nifi.processors.standard.RouteText - RouteText[id=fc47b1db-e7ae-450c-887b-29adc31df765] Routing FlowFile[2160,96217903612439.mockFlowFile,24B] to original
[main] DEBUG org.apache.nifi.processors.standard.RouteText - RouteText[id=fc47b1db-e7ae-450c-887b-29adc31df765] Adding new dynamic property: PropertyDescriptor[simple]
[pool-3403-thread-1] INFO org.apache.nifi.processors.standard.RouteText - RouteText[id=fc47b1db-e7ae-450c-887b-29adc31df765] Created FlowFile[2163,96217904171341.mockFlowFile,24B] from FlowFile[2162,96217904171341.mockFlowFile,24B]; routing to relationship simple
[pool-3403-thread-1] INFO org.apache.nifi.processors.standard.RouteText - RouteText[id=fc47b1db-e7ae-450c-887b-29adc31df765] Routing FlowFile[2162,96217904171341.mockFlowFile,24B] to original
[main] DEBUG org.apache.nifi.processors.standard.RouteText - RouteText[id=fc47b1db-e7ae-450c-887b-29adc31df765] Adding new dynamic property: PropertyDescriptor[simple]
[pool-3404-thread-1] INFO org.apache.nifi.processors.standard.RouteText - RouteText[id=fc47b1db-e7ae-450c-887b-29adc31df765] Created FlowFile[2165,96217904709892.mockFlowFile,24B] from FlowFile[2164,96217904709892.mockFlowFile,24B]; routing to relationship simple
[pool-3404-thread-1] INFO org.apache.nifi.processors.standard.RouteText - RouteText[id=fc47b1db-e7ae-450c-887b-29adc31df765] Routing FlowFile[2164,96217904709892.mockFlowFile,24B] to original
[main] DEBUG org.apache.nifi.processors.standard.RouteText - RouteText[id=fc47b1db-e7ae-450c-887b-29adc31df765] Adding new dynamic property: PropertyDescriptor[simple]
[pool-3405-thread-1] INFO org.apache.nifi.processors.standard.RouteText - RouteText[id=fc47b1db-e7ae-450c-887b-29adc31df765] Created FlowFile[2167,96217905216468.mockFlowFile,24B] from FlowFile[2166,96217905216468.mockFlowFile,24B]; routing to relationship simple
[pool-3405-thread-1] INFO org.apache.nifi.processors.standard.RouteText - RouteText[id=fc47b1db-e7ae-450c-887b-29adc31df765] Routing FlowFile[2166,96217905216468.mockFlowFile,24B] to original
[main] DEBUG org.apache.nifi.processors.standard.RouteText - RouteText[id=fc47b1db-e7ae-450c-887b-29adc31df765] Adding new dynamic property: PropertyDescriptor[simple]
[pool-3406-thread-1] INFO org.apache.nifi.processors.standard.RouteText - RouteText[id=fc47b1db-e7ae-450c-887b-29adc31df765] Created FlowFile[2169,96217905738290.mockFlowFile,24B] from FlowFile[2168,96217905738290.mockFlowFile,24B]; routing to relationship simple
[pool-3406-thread-1] INFO org.apache.nifi.processors.standard.RouteText - RouteText[id=fc47b1db-e7ae-450c-887b-29adc31df765] Routing FlowFile[2168,96217905738290.mockFlowFile,24B] to original
[main] DEBUG org.apache.nifi.processors.standard.RouteText - RouteText[id=fc47b1db-e7ae-450c-887b-29adc31df765] Adding new dynamic property: PropertyDescriptor[simple]
[pool-3407-thread-1] INFO org.apache.nifi.processors.standard.RouteText - RouteText[id=fc47b1db-e7ae-450c-887b-29adc31df765] Created FlowFile[2171,96217906272391.mockFlowFile,24B] from FlowFile[2170,96217906272391.mockFlowFile,24B]; routing to relationship simple
[pool-3407-thread-1] INFO org.apache.nifi.processors.standard.RouteText - RouteText[id=fc47b1db-e7ae-450c-887b-29adc31df765] Routing FlowFile[2170,96217906272391.mockFlowFile,24B] to original
[main] DEBUG org.apache.nifi.processors.standard.RouteText - RouteText[id=fc47b1db-e7ae-450c-887b-29adc31df765] Adding new dynamic property: PropertyDescriptor[simple]
[pool-3408-thread-1] INFO org.apache.nifi.processors.standard.RouteText - RouteText[id=fc47b1db-e7ae-450c-887b-29adc31df765] Created FlowFile[2173,96217906836621.mockFlowFile,24B] from FlowFile[2172,96217906836621.mockFlowFile,24B]; routing to relationship simple
[pool-3408-thread-1] INFO org.apache.nifi.processors.standard.RouteText - RouteText[id=fc47b1db-e7ae-450c-887b-29adc31df765] Routing FlowFile[2172,96217906836621.mockFlowFile,24B] to original
[main] DEBUG org.apache.nifi.processors.standard.RouteText - RouteText[id=fc47b1db-e7ae-450c-887b-29adc31df765] Adding new dynamic property: PropertyDescriptor[simple]
[pool-3409-thread-1] INFO org.apache.nifi.processors.standard.RouteText - RouteText[id=fc47b1db-e7ae-450c-887b-29adc31df765] Created FlowFile[2175,96217907446346.mockFlowFile,24B] from FlowFile[2174,96217907446346.mockFlowFile,24B]; routing to relationship simple
[pool-3409-thread-1] INFO org.apache.nifi.processors.standard.RouteText - RouteText[id=fc47b1db-e7ae-450c-887b-29adc31df765] Routing FlowFile[2174,96217907446346.mockFlowFile,24B] to original
[main] DEBUG org.apache.nifi.processors.standard.RouteText - RouteText[id=fc47b1db-e7ae-450c-887b-29adc31df765] Adding new dynamic property: PropertyDescriptor[simple]
[pool-3410-thread-1] INFO org.apache.nifi.processors.standard.RouteText - RouteText[id=fc47b1db-e7ae-450c-887b-29adc31df765] Created FlowFile[2177,96217908350989.mockFlowFile,24B] from FlowFile[2176,96217908350989.mockFlowFile,24B]; routing to relationship simple
[pool-3410-thread-1] INFO org.apache.nifi.processors.standard.RouteText - RouteText[id=fc47b1db-e7ae-450c-887b-29adc31df765] Routing FlowFile[2176,96217908350989.mockFlowFile,24B] to original
[main] DEBUG org.apache.nifi.processors.standard.RouteText - RouteText[id=fc47b1db-e7ae-450c-887b-29adc31df765] Adding new dynamic property: PropertyDescriptor[simple]
[pool-3411-thread-1] INFO org.apache.nifi.processors.standard.RouteText - RouteText[id=fc47b1db-e7ae-450c-887b-29adc31df765] Created FlowFile[2179,96217908809568.mockFlowFile,24B] from FlowFile[2178,96217908809568.mockFlowFile,24B]; routing to relationship simple
[pool-3411-thread-1] INFO org.apache.nifi.processors.standard.RouteText - RouteText[id=fc47b1db-e7ae-450c-887b-29adc31df765] Routing FlowFile[2178,96217908809568.mockFlowFile,24B] to original
[main] DEBUG org.apache.nifi.processors.standard.RouteText - RouteText[id=fc47b1db-e7ae-450c-887b-29adc31df765] Adding new dynamic property: PropertyDescriptor[simple]
[pool-3412-thread-1] INFO org.apache.nifi.processors.standard.RouteText - RouteText[id=fc47b1db-e7ae-450c-887b-29adc31df765] Created FlowFile[2181,96217909201125.mockFlowFile,24B] from FlowFile[2180,96217909201125.mockFlowFile,24B]; routing to relationship simple
[pool-3412-thread-1] INFO org.apache.nifi.processors.standard.RouteText - RouteText[id=fc47b1db-e7ae-450c-887b-29adc31df765] Routing FlowFile[2180,96217909201125.mockFlowFile,24B] to original
[main] DEBUG org.apache.nifi.processors.standard.RouteText - RouteText[id=fc47b1db-e7ae-450c-887b-29adc31df765] Adding new dynamic property: PropertyDescriptor[simple]
[pool-3413-thread-1] INFO org.apache.nifi.processors.standard.RouteText - RouteText[id=fc47b1db-e7ae-450c-887b-29adc31df765] Created FlowFile[2183,96217909580308.mockFlowFile,24B] from FlowFile[2182,96217909580308.mockFlowFile,24B]; routing to relationship simple
[pool-3413-thread-1] INFO org.apache.nifi.processors.standard.RouteText - RouteText[id=fc47b1db-e7ae-450c-887b-29adc31df765] Routing FlowFile[2182,96217909580308.mockFlowFile,24B] to original
[main] DEBUG org.apache.nifi.processors.standard.RouteText - RouteText[id=fc47b1db-e7ae-450c-887b-29adc31df765] Adding new dynamic property: PropertyDescriptor[simple]
[pool-3414-thread-1] INFO org.apache.nifi.processors.standard.RouteText - RouteText[id=fc47b1db-e7ae-450c-887b-29adc31df765] Created FlowFile[2185,96217909952590.mockFlowFile,24B] from FlowFile[2184,96217909952590.mockFlowFile,24B]; routing to relationship simple
[pool-3414-thread-1] INFO org.apache.nifi.processors.standard.RouteText - RouteText[id=fc47b1db-e7ae-450c-887b-29adc31df765] Routing FlowFile[2184,96217909952590.mockFlowFile,24B] to original
[main] DEBUG org.apache.nifi.processors.standard.RouteText - RouteText[id=fc47b1db-e7ae-450c-887b-29adc31df765] Adding new dynamic property: PropertyDescriptor[simple]
[pool-3415-thread-1] INFO org.apache.nifi.processors.standard.RouteText - RouteText[id=fc47b1db-e7ae-450c-887b-29adc31df765] Created FlowFile[2187,96217910315329.mockFlowFile,24B] from FlowFile[2186,96217910315329.mockFlowFile,24B]; routing to relationship simple
[pool-3415-thread-1] INFO org.apache.nifi.processors.standard.RouteText - RouteText[id=fc47b1db-e7ae-450c-887b-29adc31df765] Routing FlowFile[2186,96217910315329.mockFlowFile,24B] to original
[main] DEBUG org.apache.nifi.processors.standard.RouteText - RouteText[id=fc47b1db-e7ae-450c-887b-29adc31df765] Adding new dynamic property: PropertyDescriptor[simple]
[pool-3416-thread-1] INFO org.apache.nifi.processors.standard.RouteText - RouteText[id=fc47b1db-e7ae-450c-887b-29adc31df765] Created FlowFile[2189,96217910682941.mockFlowFile,24B] from FlowFile[2188,96217910682941.mockFlowFile,24B]; routing to relationship simple
[pool-3416-thread-1] INFO org.apache.nifi.processors.standard.RouteText - RouteText[id=fc47b1db-e7ae-450c-887b-29adc31df765] Routing FlowFile[2188,96217910682941.mockFlowFile,24B] to original
[main] DEBUG org.apache.nifi.processors.standard.RouteText - RouteText[id=fc47b1db-e7ae-450c-887b-29adc31df765] Adding new dynamic property: PropertyDescriptor[simple]
[pool-3417-thread-1] INFO org.apache.nifi.processors.standard.RouteText - RouteText[id=fc47b1db-e7ae-450c-887b-29adc31df765] Created FlowFile[2191,96217911046996.mockFlowFile,24B] from FlowFile[2190,96217911046996.mockFlowFile,24B]; routing to relationship simple
[pool-3417-thread-1] INFO org.apache.nifi.processors.standard.RouteText - RouteText[id=fc47b1db-e7ae-450c-887b-29adc31df765] Routing FlowFile[2190,96217911046996.mockFlowFile,24B] to original
[main] DEBUG org.apache.nifi.processors.standard.RouteText - RouteText[id=fc47b1db-e7ae-450c-887b-29adc31df765] Adding new dynamic property: PropertyDescriptor[simple]
[pool-3418-thread-1] INFO org.apache.nifi.processors.standard.RouteText - RouteText[id=fc47b1db-e7ae-450c-887b-29adc31df765] Created FlowFile[2193,96217911466436.mockFlowFile,24B] from FlowFile[2192,96217911466436.mockFlowFile,24B]; routing to relationship simple
[pool-3418-thread-1] INFO org.apache.nifi.processors.standard.RouteText - RouteText[id=fc47b1db-e7ae-450c-887b-29adc31df765] Routing FlowFile[2192,96217911466436.mockFlowFile,24B] to original
[main] DEBUG org.apache.nifi.processors.standard.RouteText - RouteText[id=fc47b1db-e7ae-450c-887b-29adc31df765] Adding new dynamic property: PropertyDescriptor[simple]
[pool-3419-thread-1] INFO org.apache.nifi.processors.standard.RouteText - RouteText[id=fc47b1db-e7ae-450c-887b-29adc31df765] Created FlowFile[2195,96217911843569.mockFlowFile,24B] from FlowFile[2194,96217911843569.mockFlowFile,24B]; routing to relationship simple
[pool-3419-thread-1] INFO org.apache.nifi.processors.standard.RouteText - RouteText[id=fc47b1db-e7ae-450c-887b-29adc31df765] Routing FlowFile[2194,96217911843569.mockFlowFile,24B] to original
[main] DEBUG org.apache.nifi.processors.standard.RouteText - RouteText[id=fc47b1db-e7ae-450c-887b-29adc31df765] Adding new dynamic property: PropertyDescriptor[simple]
[pool-3420-thread-1] INFO org.apache.nifi.processors.standard.RouteText - RouteText[id=fc47b1db-e7ae-450c-887b-29adc31df765] Created FlowFile[2197,96217912303943.mockFlowFile,24B] from FlowFile[2196,96217912303943.mockFlowFile,24B]; routing to relationship simple
[pool-3420-thread-1] INFO org.apache.nifi.processors.standard.RouteText - RouteText[id=fc47b1db-e7ae-450c-887b-29adc31df765] Routing FlowFile[2196,96217912303943.mockFlowFile,24B] to original
[main] DEBUG org.apache.nifi.processors.standard.RouteText - RouteText[id=fc47b1db-e7ae-450c-887b-29adc31df765] Adding new dynamic property: PropertyDescriptor[simple]
[pool-3421-thread-1] INFO org.apache.nifi.processors.standard.RouteText - RouteText[id=fc47b1db-e7ae-450c-887b-29adc31df765] Created FlowFile[2199,96217912793850.mockFlowFile,24B] from FlowFile[2198,96217912793850.mockFlowFile,24B]; routing to relationship simple
[pool-3421-thread-1] INFO org.apache.nifi.processors.standard.RouteText - RouteText[id=fc47b1db-e7ae-450c-887b-29adc31df765] Routing FlowFile[2198,96217912793850.mockFlowFile,24B] to original
[main] DEBUG org.apache.nifi.processors.standard.RouteText - RouteText[id=fc47b1db-e7ae-450c-887b-29adc31df765] Adding new dynamic property: PropertyDescriptor[simple]
[pool-3422-thread-1] INFO org.apache.nifi.processors.standard.RouteText - RouteText[id=fc47b1db-e7ae-450c-887b-29adc31df765] Created FlowFile[2201,96217913235241.mockFlowFile,24B] from FlowFile[2200,96217913235241.mockFlowFile,24B]; routing to relationship simple
[pool-3422-thread-1] INFO org.apache.nifi.processors.standard.RouteText - RouteText[id=fc47b1db-e7ae-450c-887b-29adc31df765] Routing FlowFile[2200,96217913235241.mockFlowFile,24B] to original
[main] DEBUG org.apache.nifi.processors.standard.RouteText - RouteText[id=fc47b1db-e7ae-450c-887b-29adc31df765] Adding new dynamic property: PropertyDescriptor[simple]
[pool-3423-thread-1] INFO org.apache.nifi.processors.standard.RouteText - RouteText[id=fc47b1db-e7ae-450c-887b-29adc31df765] Created FlowFile[2203,96217913641752.mockFlowFile,24B] from FlowFile[2202,96217913641752.mockFlowFile,24B]; routing to relationship simple
[pool-3423-thread-1] INFO org.apache.nifi.processors.standard.RouteText - RouteText[id=fc47b1db-e7ae-450c-887b-29adc31df765] Routing FlowFile[2202,96217913641752.mockFlowFile,24B] to original
[main] DEBUG org.apache.nifi.processors.standard.RouteText - RouteText[id=fc47b1db-e7ae-450c-887b-29adc31df765] Adding new dynamic property: PropertyDescriptor[simple]
[pool-3424-thread-1] INFO org.apache.nifi.processors.standard.RouteText - RouteText[id=fc47b1db-e7ae-450c-887b-29adc31df765] Created FlowFile[2205,96217914055304.mockFlowFile,24B] from FlowFile[2204,96217914055304.mockFlowFile,24B]; routing to relationship simple
[pool-3424-thread-1] INFO org.apache.nifi.processors.standard.RouteText - RouteText[id=fc47b1db-e7ae-450c-887b-29adc31df765] Routing FlowFile[2204,96217914055304.mockFlowFile,24B] to original
[main] DEBUG org.apache.nifi.processors.standard.RouteText - RouteText[id=fc47b1db-e7ae-450c-887b-29adc31df765] Adding new dynamic property: PropertyDescriptor[simple]
[pool-3425-thread-1] INFO org.apache.nifi.processors.standard.RouteText - RouteText[id=fc47b1db-e7ae-450c-887b-29adc31df765] Created FlowFile[2207,96217914635625.mockFlowFile,24B] from FlowFile[2206,96217914635625.mockFlowFile,24B]; routing to relationship simple
[pool-3425-thread-1] INFO org.apache.nifi.processors.standard.RouteText - RouteText[id=fc47b1db-e7ae-450c-887b-29adc31df765] Routing FlowFile[2206,96217914635625.mockFlowFile,24B] to original
[main] DEBUG org.apache.nifi.processors.standard.RouteText - RouteText[id=fc47b1db-e7ae-450c-887b-29adc31df765] Adding new dynamic property: PropertyDescriptor[simple]
[pool-3426-thread-1] INFO org.apache.nifi.processors.standard.RouteText - RouteText[id=fc47b1db-e7ae-450c-887b-29adc31df765] Created FlowFile[2209,96217915233618.mockFlowFile,24B] from FlowFile[2208,96217915233618.mockFlowFile,24B]; routing to relationship simple
[pool-3426-thread-1] INFO org.apache.nifi.processors.standard.RouteText - RouteText[id=fc47b1db-e7ae-450c-887b-29adc31df765] Routing FlowFile[2208,96217915233618.mockFlowFile,24B] to original
[main] DEBUG org.apache.nifi.processors.standard.RouteText - RouteText[id=fc47b1db-e7ae-450c-887b-29adc31df765] Adding new dynamic property: PropertyDescriptor[simple]
[pool-3427-thread-1] INFO org.apache.nifi.processors.standard.RouteText - RouteText[id=fc47b1db-e7ae-450c-887b-29adc31df765] Created FlowFile[2211,96217915753975.mockFlowFile,24B] from FlowFile[2210,96217915753975.mockFlowFile,24B]; routing to relationship simple
[pool-3427-thread-1] INFO org.apache.nifi.processors.standard.RouteText - RouteText[id=fc47b1db-e7ae-450c-887b-29adc31df765] Routing FlowFile[2210,96217915753975.mockFlowFile,24B] to original
[main] DEBUG org.apache.nifi.processors.standard.RouteText - RouteText[id=fc47b1db-e7ae-450c-887b-29adc31df765] Adding new dynamic property: PropertyDescriptor[simple]
[pool-3428-thread-1] INFO org.apache.nifi.processors.standard.RouteText - RouteText[id=fc47b1db-e7ae-450c-887b-29adc31df765] Created FlowFile[2213,96217916175319.mockFlowFile,24B] from FlowFile[2212,96217916175319.mockFlowFile,24B]; routing to relationship simple
[pool-3428-thread-1] INFO org.apache.nifi.processors.standard.RouteText - RouteText[id=fc47b1db-e7ae-450c-887b-29adc31df765] Routing FlowFile[2212,96217916175319.mockFlowFile,24B] to original
[main] DEBUG org.apache.nifi.processors.standard.RouteText - RouteText[id=fc47b1db-e7ae-450c-887b-29adc31df765] Adding new dynamic property: PropertyDescriptor[simple]
[pool-3429-thread-1] INFO org.apache.nifi.processors.standard.RouteText - RouteText[id=fc47b1db-e7ae-450c-887b-29adc31df765] Created FlowFile[2215,96217916687595.mockFlowFile,24B] from FlowFile[2214,96217916687595.mockFlowFile,24B]; routing to relationship simple
[pool-3429-thread-1] INFO org.apache.nifi.processors.standard.RouteText - RouteText[id=fc47b1db-e7ae-450c-887b-29adc31df765] Routing FlowFile[2214,96217916687595.mockFlowFile,24B] to original
[main] DEBUG org.apache.nifi.processors.standard.RouteText - RouteText[id=fc47b1db-e7ae-450c-887b-29adc31df765] Adding new dynamic property: PropertyDescriptor[simple]
[pool-3430-thread-1] INFO org.apache.nifi.processors.standard.RouteText - RouteText[id=fc47b1db-e7ae-450c-887b-29adc31df765] Created FlowFile[2217,96217917208067.mockFlowFile,24B] from FlowFile[2216,96217917208067.mockFlowFile,24B]; routing to relationship simple
[pool-3430-thread-1] INFO org.apache.nifi.processors.standard.RouteText - RouteText[id=fc47b1db-e7ae-450c-887b-29adc31df765] Routing FlowFile[2216,96217917208067.mockFlowFile,24B] to original
[main] DEBUG org.apache.nifi.processors.standard.RouteText - RouteText[id=fc47b1db-e7ae-450c-887b-29adc31df765] Adding new dynamic property: PropertyDescriptor[simple]
[pool-3431-thread-1] INFO org.apache.nifi.processors.standard.RouteText - RouteText[id=fc47b1db-e7ae-450c-887b-29adc31df765] Created FlowFile[2219,96217917688061.mockFlowFile,24B] from FlowFile[2218,96217917688061.mockFlowFile,24B]; routing to relationship simple
[pool-3431-thread-1] INFO org.apache.nifi.processors.standard.RouteText - RouteText[id=fc47b1db-e7ae-450c-887b-29adc31df765] Routing FlowFile[2218,96217917688061.mockFlowFile,24B] to original
[main] DEBUG org.apache.nifi.processors.standard.RouteText - RouteText[id=fc47b1db-e7ae-450c-887b-29adc31df765] Adding new dynamic property: PropertyDescriptor[simple]
[pool-3432-thread-1] INFO org.apache.nifi.processors.standard.RouteText - RouteText[id=fc47b1db-e7ae-450c-887b-29adc31df765] Created FlowFile[2221,96217918091520.mockFlowFile,24B] from FlowFile[2220,96217918091520.mockFlowFile,24B]; routing to relationship simple
[pool-3432-thread-1] INFO org.apache.nifi.processors.standard.RouteText - RouteText[id=fc47b1db-e7ae-450c-887b-29adc31df765] Routing FlowFile[2220,96217918091520.mockFlowFile,24B] to original
[main] DEBUG org.apache.nifi.processors.standard.RouteText - RouteText[id=fc47b1db-e7ae-450c-887b-29adc31df765] Adding new dynamic property: PropertyDescriptor[simple]
[pool-3433-thread-1] INFO org.apache.nifi.processors.standard.RouteText - RouteText[id=fc47b1db-e7ae-450c-887b-29adc31df765] Created FlowFile[2223,96217918566114.mockFlowFile,24B] from FlowFile[2222,96217918566114.mockFlowFile,24B]; routing to relationship simple
[pool-3433-thread-1] INFO org.apache.nifi.processors.standard.RouteText - RouteText[id=fc47b1db-e7ae-450c-887b-29adc31df765] Routing FlowFile[2222,96217918566114.mockFlowFile,24B] to original
[main] DEBUG org.apache.nifi.processors.standard.RouteText - RouteText[id=fc47b1db-e7ae-450c-887b-29adc31df765] Adding new dynamic property: PropertyDescriptor[simple]
[pool-3434-thread-1] INFO org.apache.nifi.processors.standard.RouteText - RouteText[id=fc47b1db-e7ae-450c-887b-29adc31df765] Created FlowFile[2225,96217919044530.mockFlowFile,24B] from FlowFile[2224,96217919044530.mockFlowFile,24B]; routing to relationship simple
[pool-3434-thread-1] INFO org.apache.nifi.processors.standard.RouteText - RouteText[id=fc47b1db-e7ae-450c-887b-29adc31df765] Routing FlowFile[2224,96217919044530.mockFlowFile,24B] to original
[main] DEBUG org.apache.nifi.processors.standard.RouteText - RouteText[id=fc47b1db-e7ae-450c-887b-29adc31df765] Adding new dynamic property: PropertyDescriptor[simple]
[pool-3435-thread-1] INFO org.apache.nifi.processors.standard.RouteText - RouteText[id=fc47b1db-e7ae-450c-887b-29adc31df765] Created FlowFile[2227,96217919673749.mockFlowFile,24B] from FlowFile[2226,96217919673749.mockFlowFile,24B]; routing to relationship simple
[pool-3435-thread-1] INFO org.apache.nifi.processors.standard.RouteText - RouteText[id=fc47b1db-e7ae-450c-887b-29adc31df765] Routing FlowFile[2226,96217919673749.mockFlowFile,24B] to original
[main] DEBUG org.apache.nifi.processors.standard.RouteText - RouteText[id=fc47b1db-e7ae-450c-887b-29adc31df765] Adding new dynamic property: PropertyDescriptor[simple]
[pool-3436-thread-1] INFO org.apache.nifi.processors.standard.RouteText - RouteText[id=fc47b1db-e7ae-450c-887b-29adc31df765] Created FlowFile[2229,96217920153992.mockFlowFile,24B] from FlowFile[2228,96217920153992.mockFlowFile,24B]; routing to relationship simple
[pool-3436-thread-1] INFO org.apache.nifi.processors.standard.RouteText - RouteText[id=fc47b1db-e7ae-450c-887b-29adc31df765] Routing FlowFile[2228,96217920153992.mockFlowFile,24B] to original
[main] DEBUG org.apache.nifi.processors.standard.RouteText - RouteText[id=fc47b1db-e7ae-450c-887b-29adc31df765] Adding new dynamic property: PropertyDescriptor[simple]
[pool-3437-thread-1] INFO org.apache.nifi.processors.standard.RouteText - RouteText[id=fc47b1db-e7ae-450c-887b-29adc31df765] Created FlowFile[2231,96217920686616.mockFlowFile,24B] from FlowFile[2230,96217920686616.mockFlowFile,24B]; routing to relationship simple
[pool-3437-thread-1] INFO org.apache.nifi.processors.standard.RouteText - RouteText[id=fc47b1db-e7ae-450c-887b-29adc31df765] Routing FlowFile[2230,96217920686616.mockFlowFile,24B] to original
[main] DEBUG org.apache.nifi.processors.standard.RouteText - RouteText[id=fc47b1db-e7ae-450c-887b-29adc31df765] Adding new dynamic property: PropertyDescriptor[simple]
[pool-3438-thread-1] INFO org.apache.nifi.processors.standard.RouteText - RouteText[id=fc47b1db-e7ae-450c-887b-29adc31df765] Created FlowFile[2233,96217921288199.mockFlowFile,24B] from FlowFile[2232,96217921288199.mockFlowFile,24B]; routing to relationship simple
[pool-3438-thread-1] INFO org.apache.nifi.processors.standard.RouteText - RouteText[id=fc47b1db-e7ae-450c-887b-29adc31df765] Routing FlowFile[2232,96217921288199.mockFlowFile,24B] to original
[main] DEBUG org.apache.nifi.processors.standard.RouteText - RouteText[id=fc47b1db-e7ae-450c-887b-29adc31df765] Adding new dynamic property: PropertyDescriptor[simple]
[pool-3439-thread-1] INFO org.apache.nifi.processors.standard.RouteText - RouteText[id=fc47b1db-e7ae-450c-887b-29adc31df765] Created FlowFile[2235,96217921846649.mockFlowFile,24B] from FlowFile[2234,96217921846649.mockFlowFile,24B]; routing to relationship simple
[pool-3439-thread-1] INFO org.apache.nifi.processors.standard.RouteText - RouteText[id=fc47b1db-e7ae-450c-887b-29adc31df765] Routing FlowFile[2234,96217921846649.mockFlowFile,24B] to original
[main] DEBUG org.apache.nifi.processors.standard.RouteText - RouteText[id=fc47b1db-e7ae-450c-887b-29adc31df765] Adding new dynamic property: PropertyDescriptor[simple]
[pool-3440-thread-1] INFO org.apache.nifi.processors.standard.RouteText - RouteText[id=fc47b1db-e7ae-450c-887b-29adc31df765] Created FlowFile[2237,96217922362139.mockFlowFile,24B] from FlowFile[2236,96217922362139.mockFlowFile,24B]; routing to relationship simple
[pool-3440-thread-1] INFO org.apache.nifi.processors.standard.RouteText - RouteText[id=fc47b1db-e7ae-450c-887b-29adc31df765] Routing FlowFile[2236,96217922362139.mockFlowFile,24B] to original
[main] DEBUG org.apache.nifi.processors.standard.RouteText - RouteText[id=fc47b1db-e7ae-450c-887b-29adc31df765] Adding new dynamic property: PropertyDescriptor[simple]
[pool-3441-thread-1] INFO org.apache.nifi.processors.standard.RouteText - RouteText[id=fc47b1db-e7ae-450c-887b-29adc31df765] Created FlowFile[2239,96217922868184.mockFlowFile,24B] from FlowFile[2238,96217922868184.mockFlowFile,24B]; routing to relationship simple
[pool-3441-thread-1] INFO org.apache.nifi.processors.standard.RouteText - RouteText[id=fc47b1db-e7ae-450c-887b-29adc31df765] Routing FlowFile[2238,96217922868184.mockFlowFile,24B] to original
[main] DEBUG org.apache.nifi.processors.standard.RouteText - RouteText[id=fc47b1db-e7ae-450c-887b-29adc31df765] Adding new dynamic property: PropertyDescriptor[simple]
[pool-3442-thread-1] INFO org.apache.nifi.processors.standard.RouteText - RouteText[id=fc47b1db-e7ae-450c-887b-29adc31df765] Created FlowFile[2241,96217923380591.mockFlowFile,24B] from FlowFile[2240,96217923380591.mockFlowFile,24B]; routing to relationship simple
[pool-3442-thread-1] INFO org.apache.nifi.processors.standard.RouteText - RouteText[id=fc47b1db-e7ae-450c-887b-29adc31df765] Routing FlowFile[2240,96217923380591.mockFlowFile,24B] to original
[main] DEBUG org.apache.nifi.processors.standard.RouteText - RouteText[id=fc47b1db-e7ae-450c-887b-29adc31df765] Adding new dynamic property: PropertyDescriptor[simple]
[pool-3443-thread-1] INFO org.apache.nifi.processors.standard.RouteText - RouteText[id=fc47b1db-e7ae-450c-887b-29adc31df765] Created FlowFile[2243,96217923880139.mockFlowFile,24B] from FlowFile[2242,96217923880139.mockFlowFile,24B]; routing to relationship simple
[pool-3443-thread-1] INFO org.apache.nifi.processors.standard.RouteText - RouteText[id=fc47b1db-e7ae-450c-887b-29adc31df765] Routing FlowFile[2242,96217923880139.mockFlowFile,24B] to original
[main] DEBUG org.apache.nifi.processors.standard.RouteText - RouteText[id=fc47b1db-e7ae-450c-887b-29adc31df765] Adding new dynamic property: PropertyDescriptor[simple]
[pool-3444-thread-1] INFO org.apache.nifi.processors.standard.RouteText - RouteText[id=fc47b1db-e7ae-450c-887b-29adc31df765] Created FlowFile[2245,96217924420587.mockFlowFile,24B] from FlowFile[2244,96217924420587.mockFlowFile,24B]; routing to relationship simple
[pool-3444-thread-1] INFO org.apache.nifi.processors.standard.RouteText - RouteText[id=fc47b1db-e7ae-450c-887b-29adc31df765] Routing FlowFile[2244,96217924420587.mockFlowFile,24B] to original
[main] DEBUG org.apache.nifi.processors.standard.RouteText - RouteText[id=fc47b1db-e7ae-450c-887b-29adc31df765] Adding new dynamic property: PropertyDescriptor[simple]
[pool-3445-thread-1] INFO org.apache.nifi.processors.standard.RouteText - RouteText[id=fc47b1db-e7ae-450c-887b-29adc31df765] Created FlowFile[2247,96217924954123.mockFlowFile,24B] from FlowFile[2246,96217924954123.mockFlowFile,24B]; routing to relationship simple
[pool-3445-thread-1] INFO org.apache.nifi.processors.standard.RouteText - RouteText[id=fc47b1db-e7ae-450c-887b-29adc31df765] Routing FlowFile[2246,96217924954123.mockFlowFile,24B] to original
[main] DEBUG org.apache.nifi.processors.standard.RouteText - RouteText[id=fc47b1db-e7ae-450c-887b-29adc31df765] Adding new dynamic property: PropertyDescriptor[simple]
[pool-3446-thread-1] INFO org.apache.nifi.processors.standard.RouteText - RouteText[id=fc47b1db-e7ae-450c-887b-29adc31df765] Created FlowFile[2249,96217925503200.mockFlowFile,24B] from FlowFile[2248,96217925503200.mockFlowFile,24B]; routing to relationship simple
[pool-3446-thread-1] INFO org.apache.nifi.processors.standard.RouteText - RouteText[id=fc47b1db-e7ae-450c-887b-29adc31df765] Routing FlowFile[2248,96217925503200.mockFlowFile,24B] to original
[main] DEBUG org.apache.nifi.processors.standard.RouteText - RouteText[id=fc47b1db-e7ae-450c-887b-29adc31df765] Adding new dynamic property: PropertyDescriptor[simple]
[pool-3447-thread-1] INFO org.apache.nifi.processors.standard.RouteText - RouteText[id=fc47b1db-e7ae-450c-887b-29adc31df765] Created FlowFile[2251,96217926030289.mockFlowFile,24B] from FlowFile[2250,96217926030289.mockFlowFile,24B]; routing to relationship simple
[pool-3447-thread-1] INFO org.apache.nifi.processors.standard.RouteText - RouteText[id=fc47b1db-e7ae-450c-887b-29adc31df765] Routing FlowFile[2250,96217926030289.mockFlowFile,24B] to original
[main] DEBUG org.apache.nifi.processors.standard.RouteText - RouteText[id=fc47b1db-e7ae-450c-887b-29adc31df765] Adding new dynamic property: PropertyDescriptor[simple]
[pool-3448-thread-1] INFO org.apache.nifi.processors.standard.RouteText - RouteText[id=fc47b1db-e7ae-450c-887b-29adc31df765] Created FlowFile[2253,96217926520279.mockFlowFile,24B] from FlowFile[2252,96217926520279.mockFlowFile,24B]; routing to relationship simple
[pool-3448-thread-1] INFO org.apache.nifi.processors.standard.RouteText - RouteText[id=fc47b1db-e7ae-450c-887b-29adc31df765] Routing FlowFile[2252,96217926520279.mockFlowFile,24B] to original
[main] DEBUG org.apache.nifi.processors.standard.RouteText - RouteText[id=fc47b1db-e7ae-450c-887b-29adc31df765] Adding new dynamic property: PropertyDescriptor[simple]
[pool-3449-thread-1] INFO org.apache.nifi.processors.standard.RouteText - RouteText[id=fc47b1db-e7ae-450c-887b-29adc31df765] Created FlowFile[2255,96217927021745.mockFlowFile,24B] from FlowFile[2254,96217927021745.mockFlowFile,24B]; routing to relationship simple
[pool-3449-thread-1] INFO org.apache.nifi.processors.standard.RouteText - RouteText[id=fc47b1db-e7ae-450c-887b-29adc31df765] Routing FlowFile[2254,96217927021745.mockFlowFile,24B] to original
[main] DEBUG org.apache.nifi.processors.standard.RouteText - RouteText[id=fc47b1db-e7ae-450c-887b-29adc31df765] Adding new dynamic property: PropertyDescriptor[simple]
[pool-3450-thread-1] INFO org.apache.nifi.processors.standard.RouteText - RouteText[id=fc47b1db-e7ae-450c-887b-29adc31df765] Created FlowFile[2257,96217927570349.mockFlowFile,24B] from FlowFile[2256,96217927570349.mockFlowFile,24B]; routing to relationship simple
[pool-3450-thread-1] INFO org.apache.nifi.processors.standard.RouteText - RouteText[id=fc47b1db-e7ae-450c-887b-29adc31df765] Routing FlowFile[2256,96217927570349.mockFlowFile,24B] to original
[main] DEBUG org.apache.nifi.processors.standard.RouteText - RouteText[id=fc47b1db-e7ae-450c-887b-29adc31df765] Adding new dynamic property: PropertyDescriptor[simple]
[pool-3451-thread-1] INFO org.apache.nifi.processors.standard.RouteText - RouteText[id=fc47b1db-e7ae-450c-887b-29adc31df765] Created FlowFile[2259,96217928107178.mockFlowFile,24B] from FlowFile[2258,96217928107178.mockFlowFile,24B]; routing to relationship simple
[pool-3451-thread-1] INFO org.apache.nifi.processors.standard.RouteText - RouteText[id=fc47b1db-e7ae-450c-887b-29adc31df765] Routing FlowFile[2258,96217928107178.mockFlowFile,24B] to original
[main] DEBUG org.apache.nifi.processors.standard.RouteText - RouteText[id=fc47b1db-e7ae-450c-887b-29adc31df765] Adding new dynamic property: PropertyDescriptor[simple]
[pool-3452-thread-1] INFO org.apache.nifi.processors.standard.RouteText - RouteText[id=fc47b1db-e7ae-450c-887b-29adc31df765] Created FlowFile[2261,96217928652174.mockFlowFile,24B] from FlowFile[2260,96217928652174.mockFlowFile,24B]; routing to relationship simple
[pool-3452-thread-1] INFO org.apache.nifi.processors.standard.RouteText - RouteText[id=fc47b1db-e7ae-450c-887b-29adc31df765] Routing FlowFile[2260,96217928652174.mockFlowFile,24B] to original
[main] DEBUG org.apache.nifi.processors.standard.RouteText - RouteText[id=fc47b1db-e7ae-450c-887b-29adc31df765] Adding new dynamic property: PropertyDescriptor[simple]
[pool-3453-thread-1] INFO org.apache.nifi.processors.standard.RouteText - RouteText[id=fc47b1db-e7ae-450c-887b-29adc31df765] Created FlowFile[2263,96217929207046.mockFlowFile,24B] from FlowFile[2262,96217929207046.mockFlowFile,24B]; routing to relationship simple
[pool-3453-thread-1] INFO org.apache.nifi.processors.standard.RouteText - RouteText[id=fc47b1db-e7ae-450c-887b-29adc31df765] Routing FlowFile[2262,96217929207046.mockFlowFile,24B] to original
[main] DEBUG org.apache.nifi.processors.standard.RouteText - RouteText[id=fc47b1db-e7ae-450c-887b-29adc31df765] Adding new dynamic property: PropertyDescriptor[simple]
[pool-3454-thread-1] INFO org.apache.nifi.processors.standard.RouteText - RouteText[id=fc47b1db-e7ae-450c-887b-29adc31df765] Created FlowFile[2265,96217929744339.mockFlowFile,24B] from FlowFile[2264,96217929744339.mockFlowFile,24B]; routing to relationship simple
[pool-3454-thread-1] INFO org.apache.nifi.processors.standard.RouteText - RouteText[id=fc47b1db-e7ae-450c-887b-29adc31df765] Routing FlowFile[2264,96217929744339.mockFlowFile,24B] to original
[main] DEBUG org.apache.nifi.processors.standard.RouteText - RouteText[id=fc47b1db-e7ae-450c-887b-29adc31df765] Adding new dynamic property: PropertyDescriptor[simple]
[pool-3455-thread-1] INFO org.apache.nifi.processors.standard.RouteText - RouteText[id=fc47b1db-e7ae-450c-887b-29adc31df765] Created FlowFile[2267,96217930274098.mockFlowFile,24B] from FlowFile[2266,96217930274098.mockFlowFile,24B]; routing to relationship simple
[pool-3455-thread-1] INFO org.apache.nifi.processors.standard.RouteText - RouteText[id=fc47b1db-e7ae-450c-887b-29adc31df765] Routing FlowFile[2266,96217930274098.mockFlowFile,24B] to original
[main] DEBUG org.apache.nifi.processors.standard.RouteText - RouteText[id=fc47b1db-e7ae-450c-887b-29adc31df765] Adding new dynamic property: PropertyDescriptor[simple]
[pool-3456-thread-1] INFO org.apache.nifi.processors.standard.RouteText - RouteText[id=fc47b1db-e7ae-450c-887b-29adc31df765] Created FlowFile[2269,96217930780201.mockFlowFile,24B] from FlowFile[2268,96217930780201.mockFlowFile,24B]; routing to relationship simple
[pool-3456-thread-1] INFO org.apache.nifi.processors.standard.RouteText - RouteText[id=fc47b1db-e7ae-450c-887b-29adc31df765] Routing FlowFile[2268,96217930780201.mockFlowFile,24B] to original
[main] DEBUG org.apache.nifi.processors.standard.RouteText - RouteText[id=fc47b1db-e7ae-450c-887b-29adc31df765] Adding new dynamic property: PropertyDescriptor[simple]
[pool-3457-thread-1] INFO org.apache.nifi.processors.standard.RouteText - RouteText[id=fc47b1db-e7ae-450c-887b-29adc31df765] Created FlowFile[2271,96217931290232.mockFlowFile,24B] from FlowFile[2270,96217931290232.mockFlowFile,24B]; routing to relationship simple
[pool-3457-thread-1] INFO org.apache.nifi.processors.standard.RouteText - RouteText[id=fc47b1db-e7ae-450c-887b-29adc31df765] Routing FlowFile[2270,96217931290232.mockFlowFile,24B] to original
[main] DEBUG org.apache.nifi.processors.standard.RouteText - RouteText[id=fc47b1db-e7ae-450c-887b-29adc31df765] Adding new dynamic property: PropertyDescriptor[simple]
[pool-3458-thread-1] INFO org.apache.nifi.processors.standard.RouteText - RouteText[id=fc47b1db-e7ae-450c-887b-29adc31df765] Created FlowFile[2273,96217931824143.mockFlowFile,24B] from FlowFile[2272,96217931824143.mockFlowFile,24B]; routing to relationship simple
[pool-3458-thread-1] INFO org.apache.nifi.processors.standard.RouteText - RouteText[id=fc47b1db-e7ae-450c-887b-29adc31df765] Routing FlowFile[2272,96217931824143.mockFlowFile,24B] to original
[main] DEBUG org.apache.nifi.processors.standard.RouteText - RouteText[id=fc47b1db-e7ae-450c-887b-29adc31df765] Adding new dynamic property: PropertyDescriptor[simple]
[pool-3459-thread-1] INFO org.apache.nifi.processors.standard.RouteText - RouteText[id=fc47b1db-e7ae-450c-887b-29adc31df765] Created FlowFile[2275,96217932406066.mockFlowFile,24B] from FlowFile[2274,96217932406066.mockFlowFile,24B]; routing to relationship simple
[pool-3459-thread-1] INFO org.apache.nifi.processors.standard.RouteText - RouteText[id=fc47b1db-e7ae-450c-887b-29adc31df765] Routing FlowFile[2274,96217932406066.mockFlowFile,24B] to original
[main] DEBUG org.apache.nifi.processors.standard.RouteText - RouteText[id=fc47b1db-e7ae-450c-887b-29adc31df765] Adding new dynamic property: PropertyDescriptor[simple]
[pool-3460-thread-1] INFO org.apache.nifi.processors.standard.RouteText - RouteText[id=fc47b1db-e7ae-450c-887b-29adc31df765] Created FlowFile[2277,96217932975493.mockFlowFile,24B] from FlowFile[2276,96217932975493.mockFlowFile,24B]; routing to relationship simple
[pool-3460-thread-1] INFO org.apache.nifi.processors.standard.RouteText - RouteText[id=fc47b1db-e7ae-450c-887b-29adc31df765] Routing FlowFile[2276,96217932975493.mockFlowFile,24B] to original
[main] DEBUG org.apache.nifi.processors.standard.RouteText - RouteText[id=fc47b1db-e7ae-450c-887b-29adc31df765] Adding new dynamic property: PropertyDescriptor[simple]
[pool-3461-thread-1] INFO org.apache.nifi.processors.standard.RouteText - RouteText[id=fc47b1db-e7ae-450c-887b-29adc31df765] Created FlowFile[2279,96217933545465.mockFlowFile,24B] from FlowFile[2278,96217933545465.mockFlowFile,24B]; routing to relationship simple
[pool-3461-thread-1] INFO org.apache.nifi.processors.standard.RouteText - RouteText[id=fc47b1db-e7ae-450c-887b-29adc31df765] Routing FlowFile[2278,96217933545465.mockFlowFile,24B] to original
[main] DEBUG org.apache.nifi.processors.standard.RouteText - RouteText[id=fc47b1db-e7ae-450c-887b-29adc31df765] Adding new dynamic property: PropertyDescriptor[simple]
[pool-3462-thread-1] INFO org.apache.nifi.processors.standard.RouteText - RouteText[id=fc47b1db-e7ae-450c-887b-29adc31df765] Created FlowFile[2281,96217934182104.mockFlowFile,24B] from FlowFile[2280,96217934182104.mockFlowFile,24B]; routing to relationship simple
[pool-3462-thread-1] INFO org.apache.nifi.processors.standard.RouteText - RouteText[id=fc47b1db-e7ae-450c-887b-29adc31df765] Routing FlowFile[2280,96217934182104.mockFlowFile,24B] to original
[main] DEBUG org.apache.nifi.processors.standard.RouteText - RouteText[id=fc47b1db-e7ae-450c-887b-29adc31df765] Adding new dynamic property: PropertyDescriptor[simple]
[pool-3463-thread-1] INFO org.apache.nifi.processors.standard.RouteText - RouteText[id=fc47b1db-e7ae-450c-887b-29adc31df765] Created FlowFile[2283,96217934709529.mockFlowFile,24B] from FlowFile[2282,96217934709529.mockFlowFile,24B]; routing to relationship simple
[pool-3463-thread-1] INFO org.apache.nifi.processors.standard.RouteText - RouteText[id=fc47b1db-e7ae-450c-887b-29adc31df765] Routing FlowFile[2282,96217934709529.mockFlowFile,24B] to original
[main] DEBUG org.apache.nifi.processors.standard.RouteText - RouteText[id=fc47b1db-e7ae-450c-887b-29adc31df765] Adding new dynamic property: PropertyDescriptor[simple]
[pool-3464-thread-1] INFO org.apache.nifi.processors.standard.RouteText - RouteText[id=fc47b1db-e7ae-450c-887b-29adc31df765] Created FlowFile[2285,96217935243359.mockFlowFile,24B] from FlowFile[2284,96217935243359.mockFlowFile,24B]; routing to relationship simple
[pool-3464-thread-1] INFO org.apache.nifi.processors.standard.RouteText - RouteText[id=fc47b1db-e7ae-450c-887b-29adc31df765] Routing FlowFile[2284,96217935243359.mockFlowFile,24B] to original
[main] DEBUG org.apache.nifi.processors.standard.RouteText - RouteText[id=fc47b1db-e7ae-450c-887b-29adc31df765] Adding new dynamic property: PropertyDescriptor[simple]
[pool-3465-thread-1] INFO org.apache.nifi.processors.standard.RouteText - RouteText[id=fc47b1db-e7ae-450c-887b-29adc31df765] Created FlowFile[2287,96217935749831.mockFlowFile,24B] from FlowFile[2286,96217935749831.mockFlowFile,24B]; routing to relationship simple
[pool-3465-thread-1] INFO org.apache.nifi.processors.standard.RouteText - RouteText[id=fc47b1db-e7ae-450c-887b-29adc31df765] Routing FlowFile[2286,96217935749831.mockFlowFile,24B] to original
[main] DEBUG org.apache.nifi.processors.standard.RouteText - RouteText[id=fc47b1db-e7ae-450c-887b-29adc31df765] Adding new dynamic property: PropertyDescriptor[simple]
[pool-3466-thread-1] INFO org.apache.nifi.processors.standard.RouteText - RouteText[id=fc47b1db-e7ae-450c-887b-29adc31df765] Created FlowFile[2289,96217936269813.mockFlowFile,24B] from FlowFile[2288,96217936269813.mockFlowFile,24B]; routing to relationship simple
[pool-3466-thread-1] INFO org.apache.nifi.processors.standard.RouteText - RouteText[id=fc47b1db-e7ae-450c-887b-29adc31df765] Routing FlowFile[2288,96217936269813.mockFlowFile,24B] to original
[main] DEBUG org.apache.nifi.processors.standard.RouteText - RouteText[id=fc47b1db-e7ae-450c-887b-29adc31df765] Adding new dynamic property: PropertyDescriptor[simple]
[pool-3467-thread-1] INFO org.apache.nifi.processors.standard.RouteText - RouteText[id=fc47b1db-e7ae-450c-887b-29adc31df765] Created FlowFile[2291,96217936922603.mockFlowFile,24B] from FlowFile[2290,96217936922603.mockFlowFile,24B]; routing to relationship simple
[pool-3467-thread-1] INFO org.apache.nifi.processors.standard.RouteText - RouteText[id=fc47b1db-e7ae-450c-887b-29adc31df765] Routing FlowFile[2290,96217936922603.mockFlowFile,24B] to original
[main] DEBUG org.apache.nifi.processors.standard.RouteText - RouteText[id=fc47b1db-e7ae-450c-887b-29adc31df765] Adding new dynamic property: PropertyDescriptor[simple]
[pool-3468-thread-1] INFO org.apache.nifi.processors.standard.RouteText - RouteText[id=fc47b1db-e7ae-450c-887b-29adc31df765] Created FlowFile[2293,96217937517080.mockFlowFile,24B] from FlowFile[2292,96217937517080.mockFlowFile,24B]; routing to relationship simple
[pool-3468-thread-1] INFO org.apache.nifi.processors.standard.RouteText - RouteText[id=fc47b1db-e7ae-450c-887b-29adc31df765] Routing FlowFile[2292,96217937517080.mockFlowFile,24B] to original
[main] DEBUG org.apache.nifi.processors.standard.RouteText - RouteText[id=fc47b1db-e7ae-450c-887b-29adc31df765] Adding new dynamic property: PropertyDescriptor[simple]
[pool-3469-thread-1] INFO org.apache.nifi.processors.standard.RouteText - RouteText[id=fc47b1db-e7ae-450c-887b-29adc31df765] Created FlowFile[2295,96217938075060.mockFlowFile,24B] from FlowFile[2294,96217938075060.mockFlowFile,24B]; routing to relationship simple
[pool-3469-thread-1] INFO org.apache.nifi.processors.standard.RouteText - RouteText[id=fc47b1db-e7ae-450c-887b-29adc31df765] Routing FlowFile[2294,96217938075060.mockFlowFile,24B] to original
[main] DEBUG org.apache.nifi.processors.standard.RouteText - RouteText[id=fc47b1db-e7ae-450c-887b-29adc31df765] Adding new dynamic property: PropertyDescriptor[simple]
[pool-3470-thread-1] INFO org.apache.nifi.processors.standard.RouteText - RouteText[id=fc47b1db-e7ae-450c-887b-29adc31df765] Created FlowFile[2297,96217938610708.mockFlowFile,24B] from FlowFile[2296,96217938610708.mockFlowFile,24B]; routing to relationship simple
[pool-3470-thread-1] INFO org.apache.nifi.processors.standard.RouteText - RouteText[id=fc47b1db-e7ae-450c-887b-29adc31df765] Routing FlowFile[2296,96217938610708.mockFlowFile,24B] to original
[main] DEBUG org.apache.nifi.processors.standard.RouteText - RouteText[id=fc47b1db-e7ae-450c-887b-29adc31df765] Adding new dynamic property: PropertyDescriptor[simple]
[pool-3471-thread-1] INFO org.apache.nifi.processors.standard.RouteText - RouteText[id=fc47b1db-e7ae-450c-887b-29adc31df765] Created FlowFile[2299,96217939153428.mockFlowFile,24B] from FlowFile[2298,96217939153428.mockFlowFile,24B]; routing to relationship simple
[pool-3471-thread-1] INFO org.apache.nifi.processors.standard.RouteText - RouteText[id=fc47b1db-e7ae-450c-887b-29adc31df765] Routing FlowFile[2298,96217939153428.mockFlowFile,24B] to original
[main] DEBUG org.apache.nifi.processors.standard.RouteText - RouteText[id=fc47b1db-e7ae-450c-887b-29adc31df765] Adding new dynamic property: PropertyDescriptor[simple]
[pool-3472-thread-1] INFO org.apache.nifi.processors.standard.RouteText - RouteText[id=fc47b1db-e7ae-450c-887b-29adc31df765] Created FlowFile[2301,96217939808890.mockFlowFile,24B] from FlowFile[2300,96217939808890.mockFlowFile,24B]; routing to relationship simple
[pool-3472-thread-1] INFO org.apache.nifi.processors.standard.RouteText - RouteText[id=fc47b1db-e7ae-450c-887b-29adc31df765] Routing FlowFile[2300,96217939808890.mockFlowFile,24B] to original
[main] DEBUG org.apache.nifi.processors.standard.RouteText - RouteText[id=fc47b1db-e7ae-450c-887b-29adc31df765] Adding new dynamic property: PropertyDescriptor[simple]
[pool-3473-thread-1] INFO org.apache.nifi.processors.standard.RouteText - RouteText[id=fc47b1db-e7ae-450c-887b-29adc31df765] Created FlowFile[2303,96217940358047.mockFlowFile,24B] from FlowFile[2302,96217940358047.mockFlowFile,24B]; routing to relationship simple
[pool-3473-thread-1] INFO org.apache.nifi.processors.standard.RouteText - RouteText[id=fc47b1db-e7ae-450c-887b-29adc31df765] Routing FlowFile[2302,96217940358047.mockFlowFile,24B] to original
[main] DEBUG org.apache.nifi.processors.standard.RouteText - RouteText[id=fc47b1db-e7ae-450c-887b-29adc31df765] Adding new dynamic property: PropertyDescriptor[simple]
[pool-3474-thread-1] INFO org.apache.nifi.processors.standard.RouteText - RouteText[id=fc47b1db-e7ae-450c-887b-29adc31df765] Created FlowFile[2305,96217940916785.mockFlowFile,24B] from FlowFile[2304,96217940916785.mockFlowFile,24B]; routing to relationship simple
[pool-3474-thread-1] INFO org.apache.nifi.processors.standard.RouteText - RouteText[id=fc47b1db-e7ae-450c-887b-29adc31df765] Routing FlowFile[2304,96217940916785.mockFlowFile,24B] to original
[main] DEBUG org.apache.nifi.processors.standard.RouteText - RouteText[id=fc47b1db-e7ae-450c-887b-29adc31df765] Adding new dynamic property: PropertyDescriptor[simple]
[pool-3475-thread-1] INFO org.apache.nifi.processors.standard.RouteText - RouteText[id=fc47b1db-e7ae-450c-887b-29adc31df765] Created FlowFile[2307,96217941547560.mockFlowFile,24B] from FlowFile[2306,96217941547560.mockFlowFile,24B]; routing to relationship simple
[pool-3475-thread-1] INFO org.apache.nifi.processors.standard.RouteText - RouteText[id=fc47b1db-e7ae-450c-887b-29adc31df765] Routing FlowFile[2306,96217941547560.mockFlowFile,24B] to original
[main] DEBUG org.apache.nifi.processors.standard.RouteText - RouteText[id=fc47b1db-e7ae-450c-887b-29adc31df765] Adding new dynamic property: PropertyDescriptor[simple]
[pool-3476-thread-1] INFO org.apache.nifi.processors.standard.RouteText - RouteText[id=fc47b1db-e7ae-450c-887b-29adc31df765] Created FlowFile[2309,96217942142235.mockFlowFile,24B] from FlowFile[2308,96217942142235.mockFlowFile,24B]; routing to relationship simple
[pool-3476-thread-1] INFO org.apache.nifi.processors.standard.RouteText - RouteText[id=fc47b1db-e7ae-450c-887b-29adc31df765] Routing FlowFile[2308,96217942142235.mockFlowFile,24B] to original
[main] DEBUG org.apache.nifi.processors.standard.RouteText - RouteText[id=fc47b1db-e7ae-450c-887b-29adc31df765] Adding new dynamic property: PropertyDescriptor[simple]
[pool-3477-thread-1] INFO org.apache.nifi.processors.standard.RouteText - RouteText[id=fc47b1db-e7ae-450c-887b-29adc31df765] Created FlowFile[2311,96217942725374.mockFlowFile,24B] from FlowFile[2310,96217942725374.mockFlowFile,24B]; routing to relationship simple
[pool-3477-thread-1] INFO org.apache.nifi.processors.standard.RouteText - RouteText[id=fc47b1db-e7ae-450c-887b-29adc31df765] Routing FlowFile[2310,96217942725374.mockFlowFile,24B] to original
[main] DEBUG org.apache.nifi.processors.standard.RouteText - RouteText[id=fc47b1db-e7ae-450c-887b-29adc31df765] Adding new dynamic property: PropertyDescriptor[simple]
[pool-3478-thread-1] INFO org.apache.nifi.processors.standard.RouteText - RouteText[id=fc47b1db-e7ae-450c-887b-29adc31df765] Created FlowFile[2313,96217943284867.mockFlowFile,24B] from FlowFile[2312,96217943284867.mockFlowFile,24B]; routing to relationship simple
[pool-3478-thread-1] INFO org.apache.nifi.processors.standard.RouteText - RouteText[id=fc47b1db-e7ae-450c-887b-29adc31df765] Routing FlowFile[2312,96217943284867.mockFlowFile,24B] to original
[main] DEBUG org.apache.nifi.processors.standard.RouteText - RouteText[id=fc47b1db-e7ae-450c-887b-29adc31df765] Adding new dynamic property: PropertyDescriptor[simple]
[pool-3479-thread-1] INFO org.apache.nifi.processors.standard.RouteText - RouteText[id=fc47b1db-e7ae-450c-887b-29adc31df765] Created FlowFile[2315,96217943888909.mockFlowFile,24B] from FlowFile[2314,96217943888909.mockFlowFile,24B]; routing to relationship simple
[pool-3479-thread-1] INFO org.apache.nifi.processors.standard.RouteText - RouteText[id=fc47b1db-e7ae-450c-887b-29adc31df765] Routing FlowFile[2314,96217943888909.mockFlowFile,24B] to original
[main] DEBUG org.apache.nifi.processors.standard.RouteText - RouteText[id=fc47b1db-e7ae-450c-887b-29adc31df765] Adding new dynamic property: PropertyDescriptor[simple]
[pool-3480-thread-1] INFO org.apache.nifi.processors.standard.RouteText - RouteText[id=fc47b1db-e7ae-450c-887b-29adc31df765] Created FlowFile[2317,96217944510653.mockFlowFile,24B] from FlowFile[2316,96217944510653.mockFlowFile,24B]; routing to relationship simple
[pool-3480-thread-1] INFO org.apache.nifi.processors.standard.RouteText - RouteText[id=fc47b1db-e7ae-450c-887b-29adc31df765] Routing FlowFile[2316,96217944510653.mockFlowFile,24B] to original
[main] DEBUG org.apache.nifi.processors.standard.RouteText - RouteText[id=fc47b1db-e7ae-450c-887b-29adc31df765] Adding new dynamic property: PropertyDescriptor[simple]
[pool-3481-thread-1] INFO org.apache.nifi.processors.standard.RouteText - RouteText[id=fc47b1db-e7ae-450c-887b-29adc31df765] Created FlowFile[2319,96217945039485.mockFlowFile,24B] from FlowFile[2318,96217945039485.mockFlowFile,24B]; routing to relationship simple
[pool-3481-thread-1] INFO org.apache.nifi.processors.standard.RouteText - RouteText[id=fc47b1db-e7ae-450c-887b-29adc31df765] Routing FlowFile[2318,96217945039485.mockFlowFile,24B] to original
[main] DEBUG org.apache.nifi.processors.standard.RouteText - RouteText[id=fc47b1db-e7ae-450c-887b-29adc31df765] Adding new dynamic property: PropertyDescriptor[simple]
[pool-3482-thread-1] INFO org.apache.nifi.processors.standard.RouteText - RouteText[id=fc47b1db-e7ae-450c-887b-29adc31df765] Created FlowFile[2321,96217945608265.mockFlowFile,24B] from FlowFile[2320,96217945608265.mockFlowFile,24B]; routing to relationship simple
[pool-3482-thread-1] INFO org.apache.nifi.processors.standard.RouteText - RouteText[id=fc47b1db-e7ae-450c-887b-29adc31df765] Routing FlowFile[2320,96217945608265.mockFlowFile,24B] to original
[main] DEBUG org.apache.nifi.processors.standard.RouteText - RouteText[id=fc47b1db-e7ae-450c-887b-29adc31df765] Adding new dynamic property: PropertyDescriptor[simple]
[pool-3483-thread-1] INFO org.apache.nifi.processors.standard.RouteText - RouteText[id=fc47b1db-e7ae-450c-887b-29adc31df765] Created FlowFile[2323,96217946136425.mockFlowFile,24B] from FlowFile[2322,96217946136425.mockFlowFile,24B]; routing to relationship simple
[pool-3483-thread-1] INFO org.apache.nifi.processors.standard.RouteText - RouteText[id=fc47b1db-e7ae-450c-887b-29adc31df765] Routing FlowFile[2322,96217946136425.mockFlowFile,24B] to original
[main] DEBUG org.apache.nifi.processors.standard.RouteText - RouteText[id=fc47b1db-e7ae-450c-887b-29adc31df765] Adding new dynamic property: PropertyDescriptor[simple]
[pool-3484-thread-1] INFO org.apache.nifi.processors.standard.RouteText - RouteText[id=fc47b1db-e7ae-450c-887b-29adc31df765] Created FlowFile[2325,96217946649910.mockFlowFile,24B] from FlowFile[2324,96217946649910.mockFlowFile,24B]; routing to relationship simple
[pool-3484-thread-1] INFO org.apache.nifi.processors.standard.RouteText - RouteText[id=fc47b1db-e7ae-450c-887b-29adc31df765] Routing FlowFile[2324,96217946649910.mockFlowFile,24B] to original
[main] DEBUG org.apache.nifi.processors.standard.RouteText - RouteText[id=fc47b1db-e7ae-450c-887b-29adc31df765] Adding new dynamic property: PropertyDescriptor[simple]
[pool-3485-thread-1] INFO org.apache.nifi.processors.standard.RouteText - RouteText[id=fc47b1db-e7ae-450c-887b-29adc31df765] Created FlowFile[2327,96217947140609.mockFlowFile,24B] from FlowFile[2326,96217947140609.mockFlowFile,24B]; routing to relationship simple
[pool-3485-thread-1] INFO org.apache.nifi.processors.standard.RouteText - RouteText[id=fc47b1db-e7ae-450c-887b-29adc31df765] Routing FlowFile[2326,96217947140609.mockFlowFile,24B] to original
[main] DEBUG org.apache.nifi.processors.standard.RouteText - RouteText[id=fc47b1db-e7ae-450c-887b-29adc31df765] Adding new dynamic property: PropertyDescriptor[simple]
[pool-3486-thread-1] INFO org.apache.nifi.processors.standard.RouteText - RouteText[id=fc47b1db-e7ae-450c-887b-29adc31df765] Created FlowFile[2329,96217947670887.mockFlowFile,24B] from FlowFile[2328,96217947670887.mockFlowFile,24B]; routing to relationship simple
[pool-3486-thread-1] INFO org.apache.nifi.processors.standard.RouteText - RouteText[id=fc47b1db-e7ae-450c-887b-29adc31df765] Routing FlowFile[2328,96217947670887.mockFlowFile,24B] to original
[main] DEBUG org.apache.nifi.processors.standard.RouteText - RouteText[id=fc47b1db-e7ae-450c-887b-29adc31df765] Adding new dynamic property: PropertyDescriptor[simple]
[pool-3487-thread-1] INFO org.apache.nifi.processors.standard.RouteText - RouteText[id=fc47b1db-e7ae-450c-887b-29adc31df765] Created FlowFile[2331,96217948193547.mockFlowFile,24B] from FlowFile[2330,96217948193547.mockFlowFile,24B]; routing to relationship simple
[pool-3487-thread-1] INFO org.apache.nifi.processors.standard.RouteText - RouteText[id=fc47b1db-e7ae-450c-887b-29adc31df765] Routing FlowFile[2330,96217948193547.mockFlowFile,24B] to original
[main] DEBUG org.apache.nifi.processors.standard.RouteText - RouteText[id=fc47b1db-e7ae-450c-887b-29adc31df765] Adding new dynamic property: PropertyDescriptor[simple]
[pool-3488-thread-1] INFO org.apache.nifi.processors.standard.RouteText - RouteText[id=fc47b1db-e7ae-450c-887b-29adc31df765] Created FlowFile[2333,96217948750571.mockFlowFile,24B] from FlowFile[2332,96217948750571.mockFlowFile,24B]; routing to relationship simple
[pool-3488-thread-1] INFO org.apache.nifi.processors.standard.RouteText - RouteText[id=fc47b1db-e7ae-450c-887b-29adc31df765] Routing FlowFile[2332,96217948750571.mockFlowFile,24B] to original
[main] DEBUG org.apache.nifi.processors.standard.RouteText - RouteText[id=fc47b1db-e7ae-450c-887b-29adc31df765] Adding new dynamic property: PropertyDescriptor[simple]
[pool-3489-thread-1] INFO org.apache.nifi.processors.standard.RouteText - RouteText[id=fc47b1db-e7ae-450c-887b-29adc31df765] Created FlowFile[2335,96217949278450.mockFlowFile,24B] from FlowFile[2334,96217949278450.mockFlowFile,24B]; routing to relationship simple
[pool-3489-thread-1] INFO org.apache.nifi.processors.standard.RouteText - RouteText[id=fc47b1db-e7ae-450c-887b-29adc31df765] Routing FlowFile[2334,96217949278450.mockFlowFile,24B] to original
[main] DEBUG org.apache.nifi.processors.standard.RouteText - RouteText[id=fc47b1db-e7ae-450c-887b-29adc31df765] Adding new dynamic property: PropertyDescriptor[simple]
[pool-3490-thread-1] INFO org.apache.nifi.processors.standard.RouteText - RouteText[id=fc47b1db-e7ae-450c-887b-29adc31df765] Created FlowFile[2337,96217949827713.mockFlowFile,24B] from FlowFile[2336,96217949827713.mockFlowFile,24B]; routing to relationship simple
[pool-3490-thread-1] INFO org.apache.nifi.processors.standard.RouteText - RouteText[id=fc47b1db-e7ae-450c-887b-29adc31df765] Routing FlowFile[2336,96217949827713.mockFlowFile,24B] to original
[main] DEBUG org.apache.nifi.processors.standard.RouteText - RouteText[id=fc47b1db-e7ae-450c-887b-29adc31df765] Adding new dynamic property: PropertyDescriptor[simple]
[pool-3491-thread-1] INFO org.apache.nifi.processors.standard.RouteText - RouteText[id=fc47b1db-e7ae-450c-887b-29adc31df765] Created FlowFile[2339,96217950383574.mockFlowFile,24B] from FlowFile[2338,96217950383574.mockFlowFile,24B]; routing to relationship simple
[pool-3491-thread-1] INFO org.apache.nifi.processors.standard.RouteText - RouteText[id=fc47b1db-e7ae-450c-887b-29adc31df765] Routing FlowFile[2338,96217950383574.mockFlowFile,24B] to original
[main] DEBUG org.apache.nifi.processors.standard.RouteText - RouteText[id=fc47b1db-e7ae-450c-887b-29adc31df765] Adding new dynamic property: PropertyDescriptor[simple]
[pool-3492-thread-1] INFO org.apache.nifi.processors.standard.RouteText - RouteText[id=fc47b1db-e7ae-450c-887b-29adc31df765] Created FlowFile[2341,96217950908272.mockFlowFile,24B] from FlowFile[2340,96217950908272.mockFlowFile,24B]; routing to relationship simple
[pool-3492-thread-1] INFO org.apache.nifi.processors.standard.RouteText - RouteText[id=fc47b1db-e7ae-450c-887b-29adc31df765] Routing FlowFile[2340,96217950908272.mockFlowFile,24B] to original
[main] DEBUG org.apache.nifi.processors.standard.RouteText - RouteText[id=fc47b1db-e7ae-450c-887b-29adc31df765] Adding new dynamic property: PropertyDescriptor[simple]
[pool-3493-thread-1] INFO org.apache.nifi.processors.standard.RouteText - RouteText[id=fc47b1db-e7ae-450c-887b-29adc31df765] Created FlowFile[2343,96217951417828.mockFlowFile,24B] from FlowFile[2342,96217951417828.mockFlowFile,24B]; routing to relationship simple
[pool-3493-thread-1] INFO org.apache.nifi.processors.standard.RouteText - RouteText[id=fc47b1db-e7ae-450c-887b-29adc31df765] Routing FlowFile[2342,96217951417828.mockFlowFile,24B] to original
[main] DEBUG org.apache.nifi.processors.standard.RouteText - RouteText[id=fc47b1db-e7ae-450c-887b-29adc31df765] Adding new dynamic property: PropertyDescriptor[simple]
[pool-3494-thread-1] INFO org.apache.nifi.processors.standard.RouteText - RouteText[id=fc47b1db-e7ae-450c-887b-29adc31df765] Created FlowFile[2345,96217951911088.mockFlowFile,24B] from FlowFile[2344,96217951911088.mockFlowFile,24B]; routing to relationship simple
[pool-3494-thread-1] INFO org.apache.nifi.processors.standard.RouteText - RouteText[id=fc47b1db-e7ae-450c-887b-29adc31df765] Routing FlowFile[2344,96217951911088.mockFlowFile,24B] to original
[main] DEBUG org.apache.nifi.processors.standard.RouteText - RouteText[id=fc47b1db-e7ae-450c-887b-29adc31df765] Adding new dynamic property: PropertyDescriptor[simple]
[pool-3495-thread-1] INFO org.apache.nifi.processors.standard.RouteText - RouteText[id=fc47b1db-e7ae-450c-887b-29adc31df765] Created FlowFile[2347,96217952460578.mockFlowFile,24B] from FlowFile[2346,96217952460578.mockFlowFile,24B]; routing to relationship simple
[pool-3495-thread-1] INFO org.apache.nifi.processors.standard.RouteText - RouteText[id=fc47b1db-e7ae-450c-887b-29adc31df765] Routing FlowFile[2346,96217952460578.mockFlowFile,24B] to original
[main] DEBUG org.apache.nifi.processors.standard.RouteText - RouteText[id=fc47b1db-e7ae-450c-887b-29adc31df765] Adding new dynamic property: PropertyDescriptor[simple]
[pool-3496-thread-1] INFO org.apache.nifi.processors.standard.RouteText - RouteText[id=fc47b1db-e7ae-450c-887b-29adc31df765] Created FlowFile[2349,96217952966920.mockFlowFile,24B] from FlowFile[2348,96217952966920.mockFlowFile,24B]; routing to relationship simple
[pool-3496-thread-1] INFO org.apache.nifi.processors.standard.RouteText - RouteText[id=fc47b1db-e7ae-450c-887b-29adc31df765] Routing FlowFile[2348,96217952966920.mockFlowFile,24B] to original
[main] DEBUG org.apache.nifi.processors.standard.RouteText - RouteText[id=fc47b1db-e7ae-450c-887b-29adc31df765] Adding new dynamic property: PropertyDescriptor[simple]
[pool-3497-thread-1] INFO org.apache.nifi.processors.standard.RouteText - RouteText[id=fc47b1db-e7ae-450c-887b-29adc31df765] Created FlowFile[2351,96217953507457.mockFlowFile,24B] from FlowFile[2350,96217953507457.mockFlowFile,24B]; routing to relationship simple
[pool-3497-thread-1] INFO org.apache.nifi.processors.standard.RouteText - RouteText[id=fc47b1db-e7ae-450c-887b-29adc31df765] Routing FlowFile[2350,96217953507457.mockFlowFile,24B] to original
[main] DEBUG org.apache.nifi.processors.standard.RouteText - RouteText[id=fc47b1db-e7ae-450c-887b-29adc31df765] Adding new dynamic property: PropertyDescriptor[simple]
[pool-3498-thread-1] INFO org.apache.nifi.processors.standard.RouteText - RouteText[id=fc47b1db-e7ae-450c-887b-29adc31df765] Created FlowFile[2353,96217954042691.mockFlowFile,24B] from FlowFile[2352,96217954042691.mockFlowFile,24B]; routing to relationship simple
[pool-3498-thread-1] INFO org.apache.nifi.processors.standard.RouteText - RouteText[id=fc47b1db-e7ae-450c-887b-29adc31df765] Routing FlowFile[2352,96217954042691.mockFlowFile,24B] to original
[main] DEBUG org.apache.nifi.processors.standard.RouteText - RouteText[id=fc47b1db-e7ae-450c-887b-29adc31df765] Adding new dynamic property: PropertyDescriptor[simple]
[pool-3499-thread-1] INFO org.apache.nifi.processors.standard.RouteText - RouteText[id=fc47b1db-e7ae-450c-887b-29adc31df765] Created FlowFile[2355,96217954579625.mockFlowFile,24B] from FlowFile[2354,96217954579625.mockFlowFile,24B]; routing to relationship simple
[pool-3499-thread-1] INFO org.apache.nifi.processors.standard.RouteText - RouteText[id=fc47b1db-e7ae-450c-887b-29adc31df765] Routing FlowFile[2354,96217954579625.mockFlowFile,24B] to original
[main] DEBUG org.apache.nifi.processors.standard.RouteText - RouteText[id=fc47b1db-e7ae-450c-887b-29adc31df765] Adding new dynamic property: PropertyDescriptor[simple]
[pool-3500-thread-1] INFO org.apache.nifi.processors.standard.RouteText - RouteText[id=fc47b1db-e7ae-450c-887b-29adc31df765] Created FlowFile[2357,96217955063205.mockFlowFile,24B] from FlowFile[2356,96217955063205.mockFlowFile,24B]; routing to relationship simple
[pool-3500-thread-1] INFO org.apache.nifi.processors.standard.RouteText - RouteText[id=fc47b1db-e7ae-450c-887b-29adc31df765] Routing FlowFile[2356,96217955063205.mockFlowFile,24B] to original
[main] DEBUG org.apache.nifi.processors.standard.RouteText - RouteText[id=fc47b1db-e7ae-450c-887b-29adc31df765] Adding new dynamic property: PropertyDescriptor[simple]
[pool-3501-thread-1] INFO org.apache.nifi.processors.standard.RouteText - RouteText[id=fc47b1db-e7ae-450c-887b-29adc31df765] Created FlowFile[2359,96217955548328.mockFlowFile,24B] from FlowFile[2358,96217955548328.mockFlowFile,24B]; routing to relationship simple
[pool-3501-thread-1] INFO org.apache.nifi.processors.standard.RouteText - RouteText[id=fc47b1db-e7ae-450c-887b-29adc31df765] Routing FlowFile[2358,96217955548328.mockFlowFile,24B] to original
[main] DEBUG org.apache.nifi.processors.standard.RouteText - RouteText[id=fc47b1db-e7ae-450c-887b-29adc31df765] Adding new dynamic property: PropertyDescriptor[simple]
[pool-3502-thread-1] INFO org.apache.nifi.processors.standard.RouteText - RouteText[id=fc47b1db-e7ae-450c-887b-29adc31df765] Created FlowFile[2361,96217956089045.mockFlowFile,24B] from FlowFile[2360,96217956089045.mockFlowFile,24B]; routing to relationship simple
[pool-3502-thread-1] INFO org.apache.nifi.processors.standard.RouteText - RouteText[id=fc47b1db-e7ae-450c-887b-29adc31df765] Routing FlowFile[2360,96217956089045.mockFlowFile,24B] to original
[main] DEBUG org.apache.nifi.processors.standard.RouteText - RouteText[id=fc47b1db-e7ae-450c-887b-29adc31df765] Adding new dynamic property: PropertyDescriptor[simple]
[pool-3503-thread-1] INFO org.apache.nifi.processors.standard.RouteText - RouteText[id=fc47b1db-e7ae-450c-887b-29adc31df765] Created FlowFile[2363,96217956617724.mockFlowFile,24B] from FlowFile[2362,96217956617724.mockFlowFile,24B]; routing to relationship simple
[pool-3503-thread-1] INFO org.apache.nifi.processors.standard.RouteText - RouteText[id=fc47b1db-e7ae-450c-887b-29adc31df765] Routing FlowFile[2362,96217956617724.mockFlowFile,24B] to original
[main] DEBUG org.apache.nifi.processors.standard.RouteText - RouteText[id=fc47b1db-e7ae-450c-887b-29adc31df765] Adding new dynamic property: PropertyDescriptor[simple]
[pool-3504-thread-1] INFO org.apache.nifi.processors.standard.RouteText - RouteText[id=fc47b1db-e7ae-450c-887b-29adc31df765] Created FlowFile[2365,96217957144799.mockFlowFile,24B] from FlowFile[2364,96217957144799.mockFlowFile,24B]; routing to relationship simple
[pool-3504-thread-1] INFO org.apache.nifi.processors.standard.RouteText - RouteText[id=fc47b1db-e7ae-450c-887b-29adc31df765] Routing FlowFile[2364,96217957144799.mockFlowFile,24B] to original
[main] DEBUG org.apache.nifi.processors.standard.RouteText - RouteText[id=fc47b1db-e7ae-450c-887b-29adc31df765] Adding new dynamic property: PropertyDescriptor[simple]
[pool-3505-thread-1] INFO org.apache.nifi.processors.standard.RouteText - RouteText[id=fc47b1db-e7ae-450c-887b-29adc31df765] Created FlowFile[2367,96217957622935.mockFlowFile,24B] from FlowFile[2366,96217957622935.mockFlowFile,24B]; routing to relationship simple
[pool-3505-thread-1] INFO org.apache.nifi.processors.standard.RouteText - RouteText[id=fc47b1db-e7ae-450c-887b-29adc31df765] Routing FlowFile[2366,96217957622935.mockFlowFile,24B] to original
[main] DEBUG org.apache.nifi.processors.standard.RouteText - RouteText[id=fc47b1db-e7ae-450c-887b-29adc31df765] Adding new dynamic property: PropertyDescriptor[simple]
[pool-3506-thread-1] INFO org.apache.nifi.processors.standard.RouteText - RouteText[id=fc47b1db-e7ae-450c-887b-29adc31df765] Created FlowFile[2369,96217958116898.mockFlowFile,24B] from FlowFile[2368,96217958116898.mockFlowFile,24B]; routing to relationship simple
[pool-3506-thread-1] INFO org.apache.nifi.processors.standard.RouteText - RouteText[id=fc47b1db-e7ae-450c-887b-29adc31df765] Routing FlowFile[2368,96217958116898.mockFlowFile,24B] to original
[main] DEBUG org.apache.nifi.processors.standard.RouteText - RouteText[id=fc47b1db-e7ae-450c-887b-29adc31df765] Adding new dynamic property: PropertyDescriptor[simple]
[pool-3507-thread-1] INFO org.apache.nifi.processors.standard.RouteText - RouteText[id=fc47b1db-e7ae-450c-887b-29adc31df765] Created FlowFile[2371,96217958694159.mockFlowFile,24B] from FlowFile[2370,96217958694159.mockFlowFile,24B]; routing to relationship simple
[pool-3507-thread-1] INFO org.apache.nifi.processors.standard.RouteText - RouteText[id=fc47b1db-e7ae-450c-887b-29adc31df765] Routing FlowFile[2370,96217958694159.mockFlowFile,24B] to original
[main] DEBUG org.apache.nifi.processors.standard.RouteText - RouteText[id=fc47b1db-e7ae-450c-887b-29adc31df765] Adding new dynamic property: PropertyDescriptor[simple]
[pool-3508-thread-1] INFO org.apache.nifi.processors.standard.RouteText - RouteText[id=fc47b1db-e7ae-450c-887b-29adc31df765] Created FlowFile[2373,96217959228460.mockFlowFile,24B] from FlowFile[2372,96217959228460.mockFlowFile,24B]; routing to relationship simple
[pool-3508-thread-1] INFO org.apache.nifi.processors.standard.RouteText - RouteText[id=fc47b1db-e7ae-450c-887b-29adc31df765] Routing FlowFile[2372,96217959228460.mockFlowFile,24B] to original
[main] DEBUG org.apache.nifi.processors.standard.RouteText - RouteText[id=fc47b1db-e7ae-450c-887b-29adc31df765] Adding new dynamic property: PropertyDescriptor[simple]
[pool-3509-thread-1] INFO org.apache.nifi.processors.standard.RouteText - RouteText[id=fc47b1db-e7ae-450c-887b-29adc31df765] Created FlowFile[2375,96217959769023.mockFlowFile,24B] from FlowFile[2374,96217959769023.mockFlowFile,24B]; routing to relationship simple
[pool-3509-thread-1] INFO org.apache.nifi.processors.standard.RouteText - RouteText[id=fc47b1db-e7ae-450c-887b-29adc31df765] Routing FlowFile[2374,96217959769023.mockFlowFile,24B] to original
[main] DEBUG org.apache.nifi.processors.standard.RouteText - RouteText[id=fc47b1db-e7ae-450c-887b-29adc31df765] Adding new dynamic property: PropertyDescriptor[simple]
[pool-3510-thread-1] INFO org.apache.nifi.processors.standard.RouteText - RouteText[id=fc47b1db-e7ae-450c-887b-29adc31df765] Created FlowFile[2377,96217960470484.mockFlowFile,24B] from FlowFile[2376,96217960470484.mockFlowFile,24B]; routing to relationship simple
[pool-3510-thread-1] INFO org.apache.nifi.processors.standard.RouteText - RouteText[id=fc47b1db-e7ae-450c-887b-29adc31df765] Routing FlowFile[2376,96217960470484.mockFlowFile,24B] to original
[main] DEBUG org.apache.nifi.processors.standard.RouteText - RouteText[id=fc47b1db-e7ae-450c-887b-29adc31df765] Adding new dynamic property: PropertyDescriptor[simple]
[pool-3511-thread-1] INFO org.apache.nifi.processors.standard.RouteText - RouteText[id=fc47b1db-e7ae-450c-887b-29adc31df765] Created FlowFile[2379,96217961077590.mockFlowFile,24B] from FlowFile[2378,96217961077590.mockFlowFile,24B]; routing to relationship simple
[pool-3511-thread-1] INFO org.apache.nifi.processors.standard.RouteText - RouteText[id=fc47b1db-e7ae-450c-887b-29adc31df765] Routing FlowFile[2378,96217961077590.mockFlowFile,24B] to original
[main] DEBUG org.apache.nifi.processors.standard.RouteText - RouteText[id=fc47b1db-e7ae-450c-887b-29adc31df765] Adding new dynamic property: PropertyDescriptor[simple]
[pool-3512-thread-1] INFO org.apache.nifi.processors.standard.RouteText - RouteText[id=fc47b1db-e7ae-450c-887b-29adc31df765] Created FlowFile[2381,96217961619303.mockFlowFile,24B] from FlowFile[2380,96217961619303.mockFlowFile,24B]; routing to relationship simple
[pool-3512-thread-1] INFO org.apache.nifi.processors.standard.RouteText - RouteText[id=fc47b1db-e7ae-450c-887b-29adc31df765] Routing FlowFile[2380,96217961619303.mockFlowFile,24B] to original
[main] DEBUG org.apache.nifi.processors.standard.RouteText - RouteText[id=fc47b1db-e7ae-450c-887b-29adc31df765] Adding new dynamic property: PropertyDescriptor[simple]
[pool-3513-thread-1] INFO org.apache.nifi.processors.standard.RouteText - RouteText[id=fc47b1db-e7ae-450c-887b-29adc31df765] Created FlowFile[2383,96217962251093.mockFlowFile,24B] from FlowFile[2382,96217962251093.mockFlowFile,24B]; routing to relationship simple
[pool-3513-thread-1] INFO org.apache.nifi.processors.standard.RouteText - RouteText[id=fc47b1db-e7ae-450c-887b-29adc31df765] Routing FlowFile[2382,96217962251093.mockFlowFile,24B] to original
[main] DEBUG org.apache.nifi.processors.standard.RouteText - RouteText[id=fc47b1db-e7ae-450c-887b-29adc31df765] Adding new dynamic property: PropertyDescriptor[simple]
[pool-3514-thread-1] INFO org.apache.nifi.processors.standard.RouteText - RouteText[id=fc47b1db-e7ae-450c-887b-29adc31df765] Created FlowFile[2385,96217962828774.mockFlowFile,24B] from FlowFile[2384,96217962828774.mockFlowFile,24B]; routing to relationship simple
[pool-3514-thread-1] INFO org.apache.nifi.processors.standard.RouteText - RouteText[id=fc47b1db-e7ae-450c-887b-29adc31df765] Routing FlowFile[2384,96217962828774.mockFlowFile,24B] to original
[main] DEBUG org.apache.nifi.processors.standard.RouteText - RouteText[id=fc47b1db-e7ae-450c-887b-29adc31df765] Adding new dynamic property: PropertyDescriptor[simple]
[pool-3515-thread-1] INFO org.apache.nifi.processors.standard.RouteText - RouteText[id=fc47b1db-e7ae-450c-887b-29adc31df765] Created FlowFile[2387,96217963418254.mockFlowFile,24B] from FlowFile[2386,96217963418254.mockFlowFile,24B]; routing to relationship simple
[pool-3515-thread-1] INFO org.apache.nifi.processors.standard.RouteText - RouteText[id=fc47b1db-e7ae-450c-887b-29adc31df765] Routing FlowFile[2386,96217963418254.mockFlowFile,24B] to original
[main] DEBUG org.apache.nifi.processors.standard.RouteText - RouteText[id=fc47b1db-e7ae-450c-887b-29adc31df765] Adding new dynamic property: PropertyDescriptor[simple]
[pool-3516-thread-1] INFO org.apache.nifi.processors.standard.RouteText - RouteText[id=fc47b1db-e7ae-450c-887b-29adc31df765] Created FlowFile[2389,96217963987193.mockFlowFile,24B] from FlowFile[2388,96217963987193.mockFlowFile,24B]; routing to relationship simple
[pool-3516-thread-1] INFO org.apache.nifi.processors.standard.RouteText - RouteText[id=fc47b1db-e7ae-450c-887b-29adc31df765] Routing FlowFile[2388,96217963987193.mockFlowFile,24B] to original
[main] DEBUG org.apache.nifi.processors.standard.RouteText - RouteText[id=fc47b1db-e7ae-450c-887b-29adc31df765] Adding new dynamic property: PropertyDescriptor[simple]
[pool-3517-thread-1] INFO org.apache.nifi.processors.standard.RouteText - RouteText[id=fc47b1db-e7ae-450c-887b-29adc31df765] Created FlowFile[2391,96217964672293.mockFlowFile,24B] from FlowFile[2390,96217964672293.mockFlowFile,24B]; routing to relationship simple
[pool-3517-thread-1] INFO org.apache.nifi.processors.standard.RouteText - RouteText[id=fc47b1db-e7ae-450c-887b-29adc31df765] Routing FlowFile[2390,96217964672293.mockFlowFile,24B] to original
[main] DEBUG org.apache.nifi.processors.standard.RouteText - RouteText[id=fc47b1db-e7ae-450c-887b-29adc31df765] Adding new dynamic property: PropertyDescriptor[simple]
[pool-3518-thread-1] INFO org.apache.nifi.processors.standard.RouteText - RouteText[id=fc47b1db-e7ae-450c-887b-29adc31df765] Created FlowFile[2393,96217965281352.mockFlowFile,24B] from FlowFile[2392,96217965281352.mockFlowFile,24B]; routing to relationship simple
[pool-3518-thread-1] INFO org.apache.nifi.processors.standard.RouteText - RouteText[id=fc47b1db-e7ae-450c-887b-29adc31df765] Routing FlowFile[2392,96217965281352.mockFlowFile,24B] to original
[main] DEBUG org.apache.nifi.processors.standard.RouteText - RouteText[id=fc47b1db-e7ae-450c-887b-29adc31df765] Adding new dynamic property: PropertyDescriptor[simple]
[pool-3519-thread-1] INFO org.apache.nifi.processors.standard.RouteText - RouteText[id=fc47b1db-e7ae-450c-887b-29adc31df765] Created FlowFile[2395,96217965862744.mockFlowFile,24B] from FlowFile[2394,96217965862744.mockFlowFile,24B]; routing to relationship simple
[pool-3519-thread-1] INFO org.apache.nifi.processors.standard.RouteText - RouteText[id=fc47b1db-e7ae-450c-887b-29adc31df765] Routing FlowFile[2394,96217965862744.mockFlowFile,24B] to original
[main] DEBUG org.apache.nifi.processors.standard.RouteText - RouteText[id=fc47b1db-e7ae-450c-887b-29adc31df765] Adding new dynamic property: PropertyDescriptor[simple]
[pool-3520-thread-1] INFO org.apache.nifi.processors.standard.RouteText - RouteText[id=fc47b1db-e7ae-450c-887b-29adc31df765] Created FlowFile[2397,96217966428359.mockFlowFile,24B] from FlowFile[2396,96217966428359.mockFlowFile,24B]; routing to relationship simple
[pool-3520-thread-1] INFO org.apache.nifi.processors.standard.RouteText - RouteText[id=fc47b1db-e7ae-450c-887b-29adc31df765] Routing FlowFile[2396,96217966428359.mockFlowFile,24B] to original
[main] DEBUG org.apache.nifi.processors.standard.RouteText - RouteText[id=fc47b1db-e7ae-450c-887b-29adc31df765] Adding new dynamic property: PropertyDescriptor[simple]
[pool-3521-thread-1] INFO org.apache.nifi.processors.standard.RouteText - RouteText[id=fc47b1db-e7ae-450c-887b-29adc31df765] Created FlowFile[2399,96217967015189.mockFlowFile,24B] from FlowFile[2398,96217967015189.mockFlowFile,24B]; routing to relationship simple
[pool-3521-thread-1] INFO org.apache.nifi.processors.standard.RouteText - RouteText[id=fc47b1db-e7ae-450c-887b-29adc31df765] Routing FlowFile[2398,96217967015189.mockFlowFile,24B] to original
[main] DEBUG org.apache.nifi.processors.standard.RouteText - RouteText[id=fc47b1db-e7ae-450c-887b-29adc31df765] Adding new dynamic property: PropertyDescriptor[simple]
[pool-3522-thread-1] INFO org.apache.nifi.processors.standard.RouteText - RouteText[id=fc47b1db-e7ae-450c-887b-29adc31df765] Created FlowFile[2401,96217967592640.mockFlowFile,24B] from FlowFile[2400,96217967592640.mockFlowFile,24B]; routing to relationship simple
[pool-3522-thread-1] INFO org.apache.nifi.processors.standard.RouteText - RouteText[id=fc47b1db-e7ae-450c-887b-29adc31df765] Routing FlowFile[2400,96217967592640.mockFlowFile,24B] to original
[main] DEBUG org.apache.nifi.processors.standard.RouteText - RouteText[id=fc47b1db-e7ae-450c-887b-29adc31df765] Adding new dynamic property: PropertyDescriptor[simple]
[pool-3523-thread-1] INFO org.apache.nifi.processors.standard.RouteText - RouteText[id=fc47b1db-e7ae-450c-887b-29adc31df765] Created FlowFile[2403,96217968139774.mockFlowFile,24B] from FlowFile[2402,96217968139774.mockFlowFile,24B]; routing to relationship simple
[pool-3523-thread-1] INFO org.apache.nifi.processors.standard.RouteText - RouteText[id=fc47b1db-e7ae-450c-887b-29adc31df765] Routing FlowFile[2402,96217968139774.mockFlowFile,24B] to original
[main] DEBUG org.apache.nifi.processors.standard.RouteText - RouteText[id=fc47b1db-e7ae-450c-887b-29adc31df765] Adding new dynamic property: PropertyDescriptor[simple]
[pool-3524-thread-1] INFO org.apache.nifi.processors.standard.RouteText - RouteText[id=fc47b1db-e7ae-450c-887b-29adc31df765] Created FlowFile[2405,96217968707552.mockFlowFile,24B] from FlowFile[2404,96217968707552.mockFlowFile,24B]; routing to relationship simple
[pool-3524-thread-1] INFO org.apache.nifi.processors.standard.RouteText - RouteText[id=fc47b1db-e7ae-450c-887b-29adc31df765] Routing FlowFile[2404,96217968707552.mockFlowFile,24B] to original
[main] DEBUG org.apache.nifi.processors.standard.RouteText - RouteText[id=fc47b1db-e7ae-450c-887b-29adc31df765] Adding new dynamic property: PropertyDescriptor[simple]
[pool-3525-thread-1] INFO org.apache.nifi.processors.standard.RouteText - RouteText[id=fc47b1db-e7ae-450c-887b-29adc31df765] Created FlowFile[2407,96217969264199.mockFlowFile,24B] from FlowFile[2406,96217969264199.mockFlowFile,24B]; routing to relationship simple
[pool-3525-thread-1] INFO org.apache.nifi.processors.standard.RouteText - RouteText[id=fc47b1db-e7ae-450c-887b-29adc31df765] Routing FlowFile[2406,96217969264199.mockFlowFile,24B] to original
[main] DEBUG org.apache.nifi.processors.standard.RouteText - RouteText[id=fc47b1db-e7ae-450c-887b-29adc31df765] Adding new dynamic property: PropertyDescriptor[simple]
[pool-3526-thread-1] INFO org.apache.nifi.processors.standard.RouteText - RouteText[id=fc47b1db-e7ae-450c-887b-29adc31df765] Created FlowFile[2409,96217969738885.mockFlowFile,24B] from FlowFile[2408,96217969738885.mockFlowFile,24B]; routing to relationship simple
[pool-3526-thread-1] INFO org.apache.nifi.processors.standard.RouteText - RouteText[id=fc47b1db-e7ae-450c-887b-29adc31df765] Routing FlowFile[2408,96217969738885.mockFlowFile,24B] to original
[main] DEBUG org.apache.nifi.processors.standard.RouteText - RouteText[id=fc47b1db-e7ae-450c-887b-29adc31df765] Adding new dynamic property: PropertyDescriptor[simple]
[pool-3527-thread-1] INFO org.apache.nifi.processors.standard.RouteText - RouteText[id=fc47b1db-e7ae-450c-887b-29adc31df765] Created FlowFile[2411,96217970170678.mockFlowFile,24B] from FlowFile[2410,96217970170678.mockFlowFile,24B]; routing to relationship simple
[pool-3527-thread-1] INFO org.apache.nifi.processors.standard.RouteText - RouteText[id=fc47b1db-e7ae-450c-887b-29adc31df765] Routing FlowFile[2410,96217970170678.mockFlowFile,24B] to original
[main] DEBUG org.apache.nifi.processors.standard.RouteText - RouteText[id=fc47b1db-e7ae-450c-887b-29adc31df765] Adding new dynamic property: PropertyDescriptor[simple]
[pool-3528-thread-1] INFO org.apache.nifi.processors.standard.RouteText - RouteText[id=fc47b1db-e7ae-450c-887b-29adc31df765] Created FlowFile[2413,96217970638421.mockFlowFile,24B] from FlowFile[2412,96217970638421.mockFlowFile,24B]; routing to relationship simple
[pool-3528-thread-1] INFO org.apache.nifi.processors.standard.RouteText - RouteText[id=fc47b1db-e7ae-450c-887b-29adc31df765] Routing FlowFile[2412,96217970638421.mockFlowFile,24B] to original
[main] DEBUG org.apache.nifi.processors.standard.RouteText - RouteText[id=fc47b1db-e7ae-450c-887b-29adc31df765] Adding new dynamic property: PropertyDescriptor[simple]
[pool-3529-thread-1] INFO org.apache.nifi.processors.standard.RouteText - RouteText[id=fc47b1db-e7ae-450c-887b-29adc31df765] Created FlowFile[2415,96217971055362.mockFlowFile,24B] from FlowFile[2414,96217971055362.mockFlowFile,24B]; routing to relationship simple
[pool-3529-thread-1] INFO org.apache.nifi.processors.standard.RouteText - RouteText[id=fc47b1db-e7ae-450c-887b-29adc31df765] Routing FlowFile[2414,96217971055362.mockFlowFile,24B] to original
[main] DEBUG org.apache.nifi.processors.standard.RouteText - RouteText[id=fc47b1db-e7ae-450c-887b-29adc31df765] Adding new dynamic property: PropertyDescriptor[simple]
[pool-3530-thread-1] INFO org.apache.nifi.processors.standard.RouteText - RouteText[id=fc47b1db-e7ae-450c-887b-29adc31df765] Created FlowFile[2417,96217971621549.mockFlowFile,24B] from FlowFile[2416,96217971621549.mockFlowFile,24B]; routing to relationship simple
[pool-3530-thread-1] INFO org.apache.nifi.processors.standard.RouteText - RouteText[id=fc47b1db-e7ae-450c-887b-29adc31df765] Routing FlowFile[2416,96217971621549.mockFlowFile,24B] to original
[main] DEBUG org.apache.nifi.processors.standard.RouteText - RouteText[id=fc47b1db-e7ae-450c-887b-29adc31df765] Adding new dynamic property: PropertyDescriptor[simple]
[pool-3531-thread-1] INFO org.apache.nifi.processors.standard.RouteText - RouteText[id=fc47b1db-e7ae-450c-887b-29adc31df765] Created FlowFile[2419,96217972126139.mockFlowFile,24B] from FlowFile[2418,96217972126139.mockFlowFile,24B]; routing to relationship simple
[pool-3531-thread-1] INFO org.apache.nifi.processors.standard.RouteText - RouteText[id=fc47b1db-e7ae-450c-887b-29adc31df765] Routing FlowFile[2418,96217972126139.mockFlowFile,24B] to original
[main] DEBUG org.apache.nifi.processors.standard.RouteText - RouteText[id=fc47b1db-e7ae-450c-887b-29adc31df765] Adding new dynamic property: PropertyDescriptor[simple]
[pool-3532-thread-1] INFO org.apache.nifi.processors.standard.RouteText - RouteText[id=fc47b1db-e7ae-450c-887b-29adc31df765] Created FlowFile[2421,96217972729818.mockFlowFile,24B] from FlowFile[2420,96217972729818.mockFlowFile,24B]; routing to relationship simple
[pool-3532-thread-1] INFO org.apache.nifi.processors.standard.RouteText - RouteText[id=fc47b1db-e7ae-450c-887b-29adc31df765] Routing FlowFile[2420,96217972729818.mockFlowFile,24B] to original
[main] DEBUG org.apache.nifi.processors.standard.RouteText - RouteText[id=fc47b1db-e7ae-450c-887b-29adc31df765] Adding new dynamic property: PropertyDescriptor[simple]
[pool-3533-thread-1] INFO org.apache.nifi.processors.standard.RouteText - RouteText[id=fc47b1db-e7ae-450c-887b-29adc31df765] Created FlowFile[2423,96217973260207.mockFlowFile,24B] from FlowFile[2422,96217973260207.mockFlowFile,24B]; routing to relationship simple
[pool-3533-thread-1] INFO org.apache.nifi.processors.standard.RouteText - RouteText[id=fc47b1db-e7ae-450c-887b-29adc31df765] Routing FlowFile[2422,96217973260207.mockFlowFile,24B] to original
[main] DEBUG org.apache.nifi.processors.standard.RouteText - RouteText[id=fc47b1db-e7ae-450c-887b-29adc31df765] Adding new dynamic property: PropertyDescriptor[simple]
[pool-3534-thread-1] INFO org.apache.nifi.processors.standard.RouteText - RouteText[id=fc47b1db-e7ae-450c-887b-29adc31df765] Created FlowFile[2425,96217973762984.mockFlowFile,24B] from FlowFile[2424,96217973762984.mockFlowFile,24B]; routing to relationship simple
[pool-3534-thread-1] INFO org.apache.nifi.processors.standard.RouteText - RouteText[id=fc47b1db-e7ae-450c-887b-29adc31df765] Routing FlowFile[2424,96217973762984.mockFlowFile,24B] to original
[main] DEBUG org.apache.nifi.processors.standard.RouteText - RouteText[id=fc47b1db-e7ae-450c-887b-29adc31df765] Adding new dynamic property: PropertyDescriptor[simple]
[pool-3535-thread-1] INFO org.apache.nifi.processors.standard.RouteText - RouteText[id=fc47b1db-e7ae-450c-887b-29adc31df765] Created FlowFile[2427,96217974325493.mockFlowFile,24B] from FlowFile[2426,96217974325493.mockFlowFile,24B]; routing to relationship simple
[pool-3535-thread-1] INFO org.apache.nifi.processors.standard.RouteText - RouteText[id=fc47b1db-e7ae-450c-887b-29adc31df765] Routing FlowFile[2426,96217974325493.mockFlowFile,24B] to original
[main] DEBUG org.apache.nifi.processors.standard.RouteText - RouteText[id=fc47b1db-e7ae-450c-887b-29adc31df765] Adding new dynamic property: PropertyDescriptor[simple]
[pool-3536-thread-1] INFO org.apache.nifi.processors.standard.RouteText - RouteText[id=fc47b1db-e7ae-450c-887b-29adc31df765] Created FlowFile[2429,96217974896510.mockFlowFile,24B] from FlowFile[2428,96217974896510.mockFlowFile,24B]; routing to relationship simple
[pool-3536-thread-1] INFO org.apache.nifi.processors.standard.RouteText - RouteText[id=fc47b1db-e7ae-450c-887b-29adc31df765] Routing FlowFile[2428,96217974896510.mockFlowFile,24B] to original
[main] DEBUG org.apache.nifi.processors.standard.RouteText - RouteText[id=fc47b1db-e7ae-450c-887b-29adc31df765] Adding new dynamic property: PropertyDescriptor[simple]
[pool-3537-thread-1] INFO org.apache.nifi.processors.standard.RouteText - RouteText[id=fc47b1db-e7ae-450c-887b-29adc31df765] Created FlowFile[2431,96217975425671.mockFlowFile,24B] from FlowFile[2430,96217975425671.mockFlowFile,24B]; routing to relationship simple
[pool-3537-thread-1] INFO org.apache.nifi.processors.standard.RouteText - RouteText[id=fc47b1db-e7ae-450c-887b-29adc31df765] Routing FlowFile[2430,96217975425671.mockFlowFile,24B] to original
[main] DEBUG org.apache.nifi.processors.standard.RouteText - RouteText[id=fc47b1db-e7ae-450c-887b-29adc31df765] Adding new dynamic property: PropertyDescriptor[simple]
[pool-3538-thread-1] INFO org.apache.nifi.processors.standard.RouteText - RouteText[id=fc47b1db-e7ae-450c-887b-29adc31df765] Created FlowFile[2433,96217975957241.mockFlowFile,24B] from FlowFile[2432,96217975957241.mockFlowFile,24B]; routing to relationship simple
[pool-3538-thread-1] INFO org.apache.nifi.processors.standard.RouteText - RouteText[id=fc47b1db-e7ae-450c-887b-29adc31df765] Routing FlowFile[2432,96217975957241.mockFlowFile,24B] to original
[main] DEBUG org.apache.nifi.processors.standard.RouteText - RouteText[id=fc47b1db-e7ae-450c-887b-29adc31df765] Adding new dynamic property: PropertyDescriptor[simple]
[pool-3539-thread-1] INFO org.apache.nifi.processors.standard.RouteText - RouteText[id=fc47b1db-e7ae-450c-887b-29adc31df765] Created FlowFile[2435,96217976660573.mockFlowFile,24B] from FlowFile[2434,96217976660573.mockFlowFile,24B]; routing to relationship simple
[pool-3539-thread-1] INFO org.apache.nifi.processors.standard.RouteText - RouteText[id=fc47b1db-e7ae-450c-887b-29adc31df765] Routing FlowFile[2434,96217976660573.mockFlowFile,24B] to original
[main] DEBUG org.apache.nifi.processors.standard.RouteText - RouteText[id=fc47b1db-e7ae-450c-887b-29adc31df765] Adding new dynamic property: PropertyDescriptor[simple]
[pool-3540-thread-1] INFO org.apache.nifi.processors.standard.RouteText - RouteText[id=fc47b1db-e7ae-450c-887b-29adc31df765] Created FlowFile[2437,96217977254354.mockFlowFile,24B] from FlowFile[2436,96217977254354.mockFlowFile,24B]; routing to relationship simple
[pool-3540-thread-1] INFO org.apache.nifi.processors.standard.RouteText - RouteText[id=fc47b1db-e7ae-450c-887b-29adc31df765] Routing FlowFile[2436,96217977254354.mockFlowFile,24B] to original
[main] DEBUG org.apache.nifi.processors.standard.RouteText - RouteText[id=fc47b1db-e7ae-450c-887b-29adc31df765] Adding new dynamic property: PropertyDescriptor[simple]
[pool-3541-thread-1] INFO org.apache.nifi.processors.standard.RouteText - RouteText[id=fc47b1db-e7ae-450c-887b-29adc31df765] Created FlowFile[2439,96217977822301.mockFlowFile,24B] from FlowFile[2438,96217977822301.mockFlowFile,24B]; routing to relationship simple
[pool-3541-thread-1] INFO org.apache.nifi.processors.standard.RouteText - RouteText[id=fc47b1db-e7ae-450c-887b-29adc31df765] Routing FlowFile[2438,96217977822301.mockFlowFile,24B] to original
[main] DEBUG org.apache.nifi.processors.standard.RouteText - RouteText[id=fc47b1db-e7ae-450c-887b-29adc31df765] Adding new dynamic property: PropertyDescriptor[simple]
[pool-3542-thread-1] INFO org.apache.nifi.processors.standard.RouteText - RouteText[id=fc47b1db-e7ae-450c-887b-29adc31df765] Created FlowFile[2441,96217978316008.mockFlowFile,24B] from FlowFile[2440,96217978316008.mockFlowFile,24B]; routing to relationship simple
[pool-3542-thread-1] INFO org.apache.nifi.processors.standard.RouteText - RouteText[id=fc47b1db-e7ae-450c-887b-29adc31df765] Routing FlowFile[2440,96217978316008.mockFlowFile,24B] to original
[main] DEBUG org.apache.nifi.processors.standard.RouteText - RouteText[id=fc47b1db-e7ae-450c-887b-29adc31df765] Adding new dynamic property: PropertyDescriptor[simple]
[pool-3543-thread-1] INFO org.apache.nifi.processors.standard.RouteText - RouteText[id=fc47b1db-e7ae-450c-887b-29adc31df765] Created FlowFile[2443,96217978859047.mockFlowFile,24B] from FlowFile[2442,96217978859047.mockFlowFile,24B]; routing to relationship simple
[pool-3543-thread-1] INFO org.apache.nifi.processors.standard.RouteText - RouteText[id=fc47b1db-e7ae-450c-887b-29adc31df765] Routing FlowFile[2442,96217978859047.mockFlowFile,24B] to original
[main] DEBUG org.apache.nifi.processors.standard.RouteText - RouteText[id=fc47b1db-e7ae-450c-887b-29adc31df765] Adding new dynamic property: PropertyDescriptor[simple]
[pool-3544-thread-1] INFO org.apache.nifi.processors.standard.RouteText - RouteText[id=fc47b1db-e7ae-450c-887b-29adc31df765] Created FlowFile[2445,96217979418813.mockFlowFile,24B] from FlowFile[2444,96217979418813.mockFlowFile,24B]; routing to relationship simple
[pool-3544-thread-1] INFO org.apache.nifi.processors.standard.RouteText - RouteText[id=fc47b1db-e7ae-450c-887b-29adc31df765] Routing FlowFile[2444,96217979418813.mockFlowFile,24B] to original
[main] DEBUG org.apache.nifi.processors.standard.RouteText - RouteText[id=fc47b1db-e7ae-450c-887b-29adc31df765] Adding new dynamic property: PropertyDescriptor[simple]
[pool-3545-thread-1] INFO org.apache.nifi.processors.standard.RouteText - RouteText[id=fc47b1db-e7ae-450c-887b-29adc31df765] Created FlowFile[2447,96217979880515.mockFlowFile,24B] from FlowFile[2446,96217979880515.mockFlowFile,24B]; routing to relationship simple
[pool-3545-thread-1] INFO org.apache.nifi.processors.standard.RouteText - RouteText[id=fc47b1db-e7ae-450c-887b-29adc31df765] Routing FlowFile[2446,96217979880515.mockFlowFile,24B] to original
[main] DEBUG org.apache.nifi.processors.standard.RouteText - RouteText[id=fc47b1db-e7ae-450c-887b-29adc31df765] Adding new dynamic property: PropertyDescriptor[simple]
[pool-3546-thread-1] INFO org.apache.nifi.processors.standard.RouteText - RouteText[id=fc47b1db-e7ae-450c-887b-29adc31df765] Created FlowFile[2449,96217980479560.mockFlowFile,24B] from FlowFile[2448,96217980479560.mockFlowFile,24B]; routing to relationship simple
[pool-3546-thread-1] INFO org.apache.nifi.processors.standard.RouteText - RouteText[id=fc47b1db-e7ae-450c-887b-29adc31df765] Routing FlowFile[2448,96217980479560.mockFlowFile,24B] to original
[main] DEBUG org.apache.nifi.processors.standard.RouteText - RouteText[id=fc47b1db-e7ae-450c-887b-29adc31df765] Adding new dynamic property: PropertyDescriptor[simple]
[pool-3547-thread-1] INFO org.apache.nifi.processors.standard.RouteText - RouteText[id=fc47b1db-e7ae-450c-887b-29adc31df765] Created FlowFile[2451,96217981041763.mockFlowFile,24B] from FlowFile[2450,96217981041763.mockFlowFile,24B]; routing to relationship simple
[pool-3547-thread-1] INFO org.apache.nifi.processors.standard.RouteText - RouteText[id=fc47b1db-e7ae-450c-887b-29adc31df765] Routing FlowFile[2450,96217981041763.mockFlowFile,24B] to original
[main] DEBUG org.apache.nifi.processors.standard.RouteText - RouteText[id=fc47b1db-e7ae-450c-887b-29adc31df765] Adding new dynamic property: PropertyDescriptor[simple]
[pool-3548-thread-1] INFO org.apache.nifi.processors.standard.RouteText - RouteText[id=fc47b1db-e7ae-450c-887b-29adc31df765] Created FlowFile[2453,96217981605532.mockFlowFile,24B] from FlowFile[2452,96217981605532.mockFlowFile,24B]; routing to relationship simple
[pool-3548-thread-1] INFO org.apache.nifi.processors.standard.RouteText - RouteText[id=fc47b1db-e7ae-450c-887b-29adc31df765] Routing FlowFile[2452,96217981605532.mockFlowFile,24B] to original
[main] DEBUG org.apache.nifi.processors.standard.RouteText - RouteText[id=fc47b1db-e7ae-450c-887b-29adc31df765] Adding new dynamic property: PropertyDescriptor[simple]
[pool-3549-thread-1] INFO org.apache.nifi.processors.standard.RouteText - RouteText[id=fc47b1db-e7ae-450c-887b-29adc31df765] Created FlowFile[2455,96217982156624.mockFlowFile,24B] from FlowFile[2454,96217982156624.mockFlowFile,24B]; routing to relationship simple
[pool-3549-thread-1] INFO org.apache.nifi.processors.standard.RouteText - RouteText[id=fc47b1db-e7ae-450c-887b-29adc31df765] Routing FlowFile[2454,96217982156624.mockFlowFile,24B] to original
[main] DEBUG org.apache.nifi.processors.standard.RouteText - RouteText[id=fc47b1db-e7ae-450c-887b-29adc31df765] Adding new dynamic property: PropertyDescriptor[simple]
[pool-3550-thread-1] INFO org.apache.nifi.processors.standard.RouteText - RouteText[id=fc47b1db-e7ae-450c-887b-29adc31df765] Created FlowFile[2457,96217982694086.mockFlowFile,24B] from FlowFile[2456,96217982694086.mockFlowFile,24B]; routing to relationship simple
[pool-3550-thread-1] INFO org.apache.nifi.processors.standard.RouteText - RouteText[id=fc47b1db-e7ae-450c-887b-29adc31df765] Routing FlowFile[2456,96217982694086.mockFlowFile,24B] to original
[main] DEBUG org.apache.nifi.processors.standard.RouteText - RouteText[id=fc47b1db-e7ae-450c-887b-29adc31df765] Adding new dynamic property: PropertyDescriptor[simple]
[pool-3551-thread-1] INFO org.apache.nifi.processors.standard.RouteText - RouteText[id=fc47b1db-e7ae-450c-887b-29adc31df765] Created FlowFile[2459,96217983121443.mockFlowFile,24B] from FlowFile[2458,96217983121443.mockFlowFile,24B]; routing to relationship simple
[pool-3551-thread-1] INFO org.apache.nifi.processors.standard.RouteText - RouteText[id=fc47b1db-e7ae-450c-887b-29adc31df765] Routing FlowFile[2458,96217983121443.mockFlowFile,24B] to original
[main] DEBUG org.apache.nifi.processors.standard.RouteText - RouteText[id=fc47b1db-e7ae-450c-887b-29adc31df765] Adding new dynamic property: PropertyDescriptor[simple]
[pool-3552-thread-1] INFO org.apache.nifi.processors.standard.RouteText - RouteText[id=fc47b1db-e7ae-450c-887b-29adc31df765] Created FlowFile[2461,96217983774408.mockFlowFile,24B] from FlowFile[2460,96217983774408.mockFlowFile,24B]; routing to relationship simple
[pool-3552-thread-1] INFO org.apache.nifi.processors.standard.RouteText - RouteText[id=fc47b1db-e7ae-450c-887b-29adc31df765] Routing FlowFile[2460,96217983774408.mockFlowFile,24B] to original
[main] DEBUG org.apache.nifi.processors.standard.RouteText - RouteText[id=fc47b1db-e7ae-450c-887b-29adc31df765] Adding new dynamic property: PropertyDescriptor[simple]
[pool-3553-thread-1] INFO org.apache.nifi.processors.standard.RouteText - RouteText[id=fc47b1db-e7ae-450c-887b-29adc31df765] Created FlowFile[2463,96217984340667.mockFlowFile,24B] from FlowFile[2462,96217984340667.mockFlowFile,24B]; routing to relationship simple
[pool-3553-thread-1] INFO org.apache.nifi.processors.standard.RouteText - RouteText[id=fc47b1db-e7ae-450c-887b-29adc31df765] Routing FlowFile[2462,96217984340667.mockFlowFile,24B] to original
[main] DEBUG org.apache.nifi.processors.standard.RouteText - RouteText[id=fc47b1db-e7ae-450c-887b-29adc31df765] Adding new dynamic property: PropertyDescriptor[simple]
[pool-3554-thread-1] INFO org.apache.nifi.processors.standard.RouteText - RouteText[id=fc47b1db-e7ae-450c-887b-29adc31df765] Created FlowFile[2465,96217984901488.mockFlowFile,24B] from FlowFile[2464,96217984901488.mockFlowFile,24B]; routing to relationship simple
[pool-3554-thread-1] INFO org.apache.nifi.processors.standard.RouteText - RouteText[id=fc47b1db-e7ae-450c-887b-29adc31df765] Routing FlowFile[2464,96217984901488.mockFlowFile,24B] to original
[main] DEBUG org.apache.nifi.processors.standard.RouteText - RouteText[id=fc47b1db-e7ae-450c-887b-29adc31df765] Adding new dynamic property: PropertyDescriptor[simple]
[pool-3555-thread-1] INFO org.apache.nifi.processors.standard.RouteText - RouteText[id=fc47b1db-e7ae-450c-887b-29adc31df765] Created FlowFile[2467,96217985407570.mockFlowFile,24B] from FlowFile[2466,96217985407570.mockFlowFile,24B]; routing to relationship simple
[pool-3555-thread-1] INFO org.apache.nifi.processors.standard.RouteText - RouteText[id=fc47b1db-e7ae-450c-887b-29adc31df765] Routing FlowFile[2466,96217985407570.mockFlowFile,24B] to original
[main] DEBUG org.apache.nifi.processors.standard.RouteText - RouteText[id=fc47b1db-e7ae-450c-887b-29adc31df765] Adding new dynamic property: PropertyDescriptor[simple]
[pool-3556-thread-1] INFO org.apache.nifi.processors.standard.RouteText - RouteText[id=fc47b1db-e7ae-450c-887b-29adc31df765] Created FlowFile[2469,96217985895585.mockFlowFile,24B] from FlowFile[2468,96217985895585.mockFlowFile,24B]; routing to relationship simple
[pool-3556-thread-1] INFO org.apache.nifi.processors.standard.RouteText - RouteText[id=fc47b1db-e7ae-450c-887b-29adc31df765] Routing FlowFile[2468,96217985895585.mockFlowFile,24B] to original
[main] DEBUG org.apache.nifi.processors.standard.RouteText - RouteText[id=fc47b1db-e7ae-450c-887b-29adc31df765] Adding new dynamic property: PropertyDescriptor[simple]
[pool-3557-thread-1] INFO org.apache.nifi.processors.standard.RouteText - RouteText[id=fc47b1db-e7ae-450c-887b-29adc31df765] Created FlowFile[2471,96217986307126.mockFlowFile,24B] from FlowFile[2470,96217986307126.mockFlowFile,24B]; routing to relationship simple
[pool-3557-thread-1] INFO org.apache.nifi.processors.standard.RouteText - RouteText[id=fc47b1db-e7ae-450c-887b-29adc31df765] Routing FlowFile[2470,96217986307126.mockFlowFile,24B] to original
[main] DEBUG org.apache.nifi.processors.standard.RouteText - RouteText[id=fc47b1db-e7ae-450c-887b-29adc31df765] Adding new dynamic property: PropertyDescriptor[simple]
[pool-3558-thread-1] INFO org.apache.nifi.processors.standard.RouteText - RouteText[id=fc47b1db-e7ae-450c-887b-29adc31df765] Created FlowFile[2473,96217986683247.mockFlowFile,24B] from FlowFile[2472,96217986683247.mockFlowFile,24B]; routing to relationship simple
[pool-3558-thread-1] INFO org.apache.nifi.processors.standard.RouteText - RouteText[id=fc47b1db-e7ae-450c-887b-29adc31df765] Routing FlowFile[2472,96217986683247.mockFlowFile,24B] to original
[main] DEBUG org.apache.nifi.processors.standard.RouteText - RouteText[id=fc47b1db-e7ae-450c-887b-29adc31df765] Adding new dynamic property: PropertyDescriptor[simple]
[pool-3559-thread-1] INFO org.apache.nifi.processors.standard.RouteText - RouteText[id=fc47b1db-e7ae-450c-887b-29adc31df765] Created FlowFile[2475,96217987097139.mockFlowFile,24B] from FlowFile[2474,96217987097139.mockFlowFile,24B]; routing to relationship simple
[pool-3559-thread-1] INFO org.apache.nifi.processors.standard.RouteText - RouteText[id=fc47b1db-e7ae-450c-887b-29adc31df765] Routing FlowFile[2474,96217987097139.mockFlowFile,24B] to original
[main] DEBUG org.apache.nifi.processors.standard.RouteText - RouteText[id=fc47b1db-e7ae-450c-887b-29adc31df765] Adding new dynamic property: PropertyDescriptor[simple]
[pool-3560-thread-1] INFO org.apache.nifi.processors.standard.RouteText - RouteText[id=fc47b1db-e7ae-450c-887b-29adc31df765] Created FlowFile[2477,96217987657604.mockFlowFile,24B] from FlowFile[2476,96217987657604.mockFlowFile,24B]; routing to relationship simple
[pool-3560-thread-1] INFO org.apache.nifi.processors.standard.RouteText - RouteText[id=fc47b1db-e7ae-450c-887b-29adc31df765] Routing FlowFile[2476,96217987657604.mockFlowFile,24B] to original
[main] DEBUG org.apache.nifi.processors.standard.RouteText - RouteText[id=fc47b1db-e7ae-450c-887b-29adc31df765] Adding new dynamic property: PropertyDescriptor[simple]
[pool-3561-thread-1] INFO org.apache.nifi.processors.standard.RouteText - RouteText[id=fc47b1db-e7ae-450c-887b-29adc31df765] Created FlowFile[2479,96217988106619.mockFlowFile,24B] from FlowFile[2478,96217988106619.mockFlowFile,24B]; routing to relationship simple
[pool-3561-thread-1] INFO org.apache.nifi.processors.standard.RouteText - RouteText[id=fc47b1db-e7ae-450c-887b-29adc31df765] Routing FlowFile[2478,96217988106619.mockFlowFile,24B] to original
[main] DEBUG org.apache.nifi.processors.standard.RouteText - RouteText[id=fc47b1db-e7ae-450c-887b-29adc31df765] Adding new dynamic property: PropertyDescriptor[simple]
[pool-3562-thread-1] INFO org.apache.nifi.processors.standard.RouteText - RouteText[id=fc47b1db-e7ae-450c-887b-29adc31df765] Created FlowFile[2481,96217988593998.mockFlowFile,24B] from FlowFile[2480,96217988593998.mockFlowFile,24B]; routing to relationship simple
[pool-3562-thread-1] INFO org.apache.nifi.processors.standard.RouteText - RouteText[id=fc47b1db-e7ae-450c-887b-29adc31df765] Routing FlowFile[2480,96217988593998.mockFlowFile,24B] to original
[main] DEBUG org.apache.nifi.processors.standard.RouteText - RouteText[id=fc47b1db-e7ae-450c-887b-29adc31df765] Adding new dynamic property: PropertyDescriptor[simple]
[pool-3563-thread-1] INFO org.apache.nifi.processors.standard.RouteText - RouteText[id=fc47b1db-e7ae-450c-887b-29adc31df765] Created FlowFile[2483,96217989082468.mockFlowFile,24B] from FlowFile[2482,96217989082468.mockFlowFile,24B]; routing to relationship simple
[pool-3563-thread-1] INFO org.apache.nifi.processors.standard.RouteText - RouteText[id=fc47b1db-e7ae-450c-887b-29adc31df765] Routing FlowFile[2482,96217989082468.mockFlowFile,24B] to original
[main] DEBUG org.apache.nifi.processors.standard.RouteText - RouteText[id=fc47b1db-e7ae-450c-887b-29adc31df765] Adding new dynamic property: PropertyDescriptor[simple]
[pool-3564-thread-1] INFO org.apache.nifi.processors.standard.RouteText - RouteText[id=fc47b1db-e7ae-450c-887b-29adc31df765] Created FlowFile[2485,96217989568005.mockFlowFile,24B] from FlowFile[2484,96217989568005.mockFlowFile,24B]; routing to relationship simple
[pool-3564-thread-1] INFO org.apache.nifi.processors.standard.RouteText - RouteText[id=fc47b1db-e7ae-450c-887b-29adc31df765] Routing FlowFile[2484,96217989568005.mockFlowFile,24B] to original
[main] DEBUG org.apache.nifi.processors.standard.RouteText - RouteText[id=fc47b1db-e7ae-450c-887b-29adc31df765] Adding new dynamic property: PropertyDescriptor[simple]
[pool-3565-thread-1] INFO org.apache.nifi.processors.standard.RouteText - RouteText[id=fc47b1db-e7ae-450c-887b-29adc31df765] Created FlowFile[2487,96217989971432.mockFlowFile,24B] from FlowFile[2486,96217989971432.mockFlowFile,24B]; routing to relationship simple
[pool-3565-thread-1] INFO org.apache.nifi.processors.standard.RouteText - RouteText[id=fc47b1db-e7ae-450c-887b-29adc31df765] Routing FlowFile[2486,96217989971432.mockFlowFile,24B] to original
[main] DEBUG org.apache.nifi.processors.standard.RouteText - RouteText[id=fc47b1db-e7ae-450c-887b-29adc31df765] Adding new dynamic property: PropertyDescriptor[simple]
[pool-3566-thread-1] INFO org.apache.nifi.processors.standard.RouteText - RouteText[id=fc47b1db-e7ae-450c-887b-29adc31df765] Created FlowFile[2489,96217990365300.mockFlowFile,24B] from FlowFile[2488,96217990365300.mockFlowFile,24B]; routing to relationship simple
[pool-3566-thread-1] INFO org.apache.nifi.processors.standard.RouteText - RouteText[id=fc47b1db-e7ae-450c-887b-29adc31df765] Routing FlowFile[2488,96217990365300.mockFlowFile,24B] to original
[main] DEBUG org.apache.nifi.processors.standard.RouteText - RouteText[id=fc47b1db-e7ae-450c-887b-29adc31df765] Adding new dynamic property: PropertyDescriptor[simple]
[pool-3567-thread-1] INFO org.apache.nifi.processors.standard.RouteText - RouteText[id=fc47b1db-e7ae-450c-887b-29adc31df765] Created FlowFile[2491,96217990753732.mockFlowFile,24B] from FlowFile[2490,96217990753732.mockFlowFile,24B]; routing to relationship simple
[pool-3567-thread-1] INFO org.apache.nifi.processors.standard.RouteText - RouteText[id=fc47b1db-e7ae-450c-887b-29adc31df765] Routing FlowFile[2490,96217990753732.mockFlowFile,24B] to original
[main] DEBUG org.apache.nifi.processors.standard.RouteText - RouteText[id=fc47b1db-e7ae-450c-887b-29adc31df765] Adding new dynamic property: PropertyDescriptor[simple]
[pool-3568-thread-1] INFO org.apache.nifi.processors.standard.RouteText - RouteText[id=fc47b1db-e7ae-450c-887b-29adc31df765] Created FlowFile[2493,96217991140363.mockFlowFile,24B] from FlowFile[2492,96217991140363.mockFlowFile,24B]; routing to relationship simple
[pool-3568-thread-1] INFO org.apache.nifi.processors.standard.RouteText - RouteText[id=fc47b1db-e7ae-450c-887b-29adc31df765] Routing FlowFile[2492,96217991140363.mockFlowFile,24B] to original
[main] DEBUG org.apache.nifi.processors.standard.RouteText - RouteText[id=fc47b1db-e7ae-450c-887b-29adc31df765] Adding new dynamic property: PropertyDescriptor[simple]
[pool-3569-thread-1] INFO org.apache.nifi.processors.standard.RouteText - RouteText[id=fc47b1db-e7ae-450c-887b-29adc31df765] Created FlowFile[2495,96217991696420.mockFlowFile,24B] from FlowFile[2494,96217991696420.mockFlowFile,24B]; routing to relationship simple
[pool-3569-thread-1] INFO org.apache.nifi.processors.standard.RouteText - RouteText[id=fc47b1db-e7ae-450c-887b-29adc31df765] Routing FlowFile[2494,96217991696420.mockFlowFile,24B] to original
[main] DEBUG org.apache.nifi.processors.standard.RouteText - RouteText[id=fc47b1db-e7ae-450c-887b-29adc31df765] Adding new dynamic property: PropertyDescriptor[simple]
[pool-3570-thread-1] INFO org.apache.nifi.processors.standard.RouteText - RouteText[id=fc47b1db-e7ae-450c-887b-29adc31df765] Created FlowFile[2497,96217992231617.mockFlowFile,24B] from FlowFile[2496,96217992231617.mockFlowFile,24B]; routing to relationship simple
[pool-3570-thread-1] INFO org.apache.nifi.processors.standard.RouteText - RouteText[id=fc47b1db-e7ae-450c-887b-29adc31df765] Routing FlowFile[2496,96217992231617.mockFlowFile,24B] to original
[main] DEBUG org.apache.nifi.processors.standard.RouteText - RouteText[id=fc47b1db-e7ae-450c-887b-29adc31df765] Adding new dynamic property: PropertyDescriptor[simple]
[pool-3571-thread-1] INFO org.apache.nifi.processors.standard.RouteText - RouteText[id=fc47b1db-e7ae-450c-887b-29adc31df765] Created FlowFile[2499,96217992771800.mockFlowFile,24B] from FlowFile[2498,96217992771800.mockFlowFile,24B]; routing to relationship simple
[pool-3571-thread-1] INFO org.apache.nifi.processors.standard.RouteText - RouteText[id=fc47b1db-e7ae-450c-887b-29adc31df765] Routing FlowFile[2498,96217992771800.mockFlowFile,24B] to original
[main] DEBUG org.apache.nifi.processors.standard.RouteText - RouteText[id=fc47b1db-e7ae-450c-887b-29adc31df765] Adding new dynamic property: PropertyDescriptor[simple]
[pool-3572-thread-1] INFO org.apache.nifi.processors.standard.RouteText - RouteText[id=fc47b1db-e7ae-450c-887b-29adc31df765] Created FlowFile[2501,96217993207000.mockFlowFile,24B] from FlowFile[2500,96217993207000.mockFlowFile,24B]; routing to relationship simple
[pool-3572-thread-1] INFO org.apache.nifi.processors.standard.RouteText - RouteText[id=fc47b1db-e7ae-450c-887b-29adc31df765] Routing FlowFile[2500,96217993207000.mockFlowFile,24B] to original
[main] DEBUG org.apache.nifi.processors.standard.RouteText - RouteText[id=fc47b1db-e7ae-450c-887b-29adc31df765] Adding new dynamic property: PropertyDescriptor[simple]
[pool-3573-thread-1] INFO org.apache.nifi.processors.standard.RouteText - RouteText[id=fc47b1db-e7ae-450c-887b-29adc31df765] Created FlowFile[2503,96217993554290.mockFlowFile,24B] from FlowFile[2502,96217993554290.mockFlowFile,24B]; routing to relationship simple
[pool-3573-thread-1] INFO org.apache.nifi.processors.standard.RouteText - RouteText[id=fc47b1db-e7ae-450c-887b-29adc31df765] Routing FlowFile[2502,96217993554290.mockFlowFile,24B] to original
[main] DEBUG org.apache.nifi.processors.standard.RouteText - RouteText[id=fc47b1db-e7ae-450c-887b-29adc31df765] Adding new dynamic property: PropertyDescriptor[simple]
[pool-3574-thread-1] INFO org.apache.nifi.processors.standard.RouteText - RouteText[id=fc47b1db-e7ae-450c-887b-29adc31df765] Created FlowFile[2505,96217993960429.mockFlowFile,24B] from FlowFile[2504,96217993960429.mockFlowFile,24B]; routing to relationship simple
[pool-3574-thread-1] INFO org.apache.nifi.processors.standard.RouteText - RouteText[id=fc47b1db-e7ae-450c-887b-29adc31df765] Routing FlowFile[2504,96217993960429.mockFlowFile,24B] to original
[main] DEBUG org.apache.nifi.processors.standard.RouteText - RouteText[id=fc47b1db-e7ae-450c-887b-29adc31df765] Adding new dynamic property: PropertyDescriptor[simple]
[pool-3575-thread-1] INFO org.apache.nifi.processors.standard.RouteText - RouteText[id=fc47b1db-e7ae-450c-887b-29adc31df765] Created FlowFile[2507,96217994248150.mockFlowFile,24B] from FlowFile[2506,96217994248150.mockFlowFile,24B]; routing to relationship simple
[pool-3575-thread-1] INFO org.apache.nifi.processors.standard.RouteText - RouteText[id=fc47b1db-e7ae-450c-887b-29adc31df765] Routing FlowFile[2506,96217994248150.mockFlowFile,24B] to original
[main] DEBUG org.apache.nifi.processors.standard.RouteText - RouteText[id=fc47b1db-e7ae-450c-887b-29adc31df765] Adding new dynamic property: PropertyDescriptor[simple]
[pool-3576-thread-1] INFO org.apache.nifi.processors.standard.RouteText - RouteText[id=fc47b1db-e7ae-450c-887b-29adc31df765] Created FlowFile[2509,96217994533290.mockFlowFile,24B] from FlowFile[2508,96217994533290.mockFlowFile,24B]; routing to relationship simple
[pool-3576-thread-1] INFO org.apache.nifi.processors.standard.RouteText - RouteText[id=fc47b1db-e7ae-450c-887b-29adc31df765] Routing FlowFile[2508,96217994533290.mockFlowFile,24B] to original
[main] DEBUG org.apache.nifi.processors.standard.RouteText - RouteText[id=fc47b1db-e7ae-450c-887b-29adc31df765] Adding new dynamic property: PropertyDescriptor[simple]
[pool-3577-thread-1] INFO org.apache.nifi.processors.standard.RouteText - RouteText[id=fc47b1db-e7ae-450c-887b-29adc31df765] Created FlowFile[2511,96217994849159.mockFlowFile,24B] from FlowFile[2510,96217994849159.mockFlowFile,24B]; routing to relationship simple
[pool-3577-thread-1] INFO org.apache.nifi.processors.standard.RouteText - RouteText[id=fc47b1db-e7ae-450c-887b-29adc31df765] Routing FlowFile[2510,96217994849159.mockFlowFile,24B] to original
[main] DEBUG org.apache.nifi.processors.standard.RouteText - RouteText[id=fc47b1db-e7ae-450c-887b-29adc31df765] Adding new dynamic property: PropertyDescriptor[simple]
[pool-3578-thread-1] INFO org.apache.nifi.processors.standard.RouteText - RouteText[id=fc47b1db-e7ae-450c-887b-29adc31df765] Created FlowFile[2513,96217995174816.mockFlowFile,24B] from FlowFile[2512,96217995174816.mockFlowFile,24B]; routing to relationship simple
[pool-3578-thread-1] INFO org.apache.nifi.processors.standard.RouteText - RouteText[id=fc47b1db-e7ae-450c-887b-29adc31df765] Routing FlowFile[2512,96217995174816.mockFlowFile,24B] to original
[main] DEBUG org.apache.nifi.processors.standard.RouteText - RouteText[id=fc47b1db-e7ae-450c-887b-29adc31df765] Adding new dynamic property: PropertyDescriptor[simple]
[pool-3579-thread-1] INFO org.apache.nifi.processors.standard.RouteText - RouteText[id=fc47b1db-e7ae-450c-887b-29adc31df765] Created FlowFile[2515,96217995617886.mockFlowFile,24B] from FlowFile[2514,96217995617886.mockFlowFile,24B]; routing to relationship simple
[pool-3579-thread-1] INFO org.apache.nifi.processors.standard.RouteText - RouteText[id=fc47b1db-e7ae-450c-887b-29adc31df765] Routing FlowFile[2514,96217995617886.mockFlowFile,24B] to original
[main] DEBUG org.apache.nifi.processors.standard.RouteText - RouteText[id=fc47b1db-e7ae-450c-887b-29adc31df765] Adding new dynamic property: PropertyDescriptor[simple]
[pool-3580-thread-1] INFO org.apache.nifi.processors.standard.RouteText - RouteText[id=fc47b1db-e7ae-450c-887b-29adc31df765] Created FlowFile[2517,96217996052848.mockFlowFile,24B] from FlowFile[2516,96217996052848.mockFlowFile,24B]; routing to relationship simple
[pool-3580-thread-1] INFO org.apache.nifi.processors.standard.RouteText - RouteText[id=fc47b1db-e7ae-450c-887b-29adc31df765] Routing FlowFile[2516,96217996052848.mockFlowFile,24B] to original
[main] DEBUG org.apache.nifi.processors.standard.RouteText - RouteText[id=fc47b1db-e7ae-450c-887b-29adc31df765] Adding new dynamic property: PropertyDescriptor[simple]
[pool-3581-thread-1] INFO org.apache.nifi.processors.standard.RouteText - RouteText[id=fc47b1db-e7ae-450c-887b-29adc31df765] Created FlowFile[2519,96217996461561.mockFlowFile,24B] from FlowFile[2518,96217996461561.mockFlowFile,24B]; routing to relationship simple
[pool-3581-thread-1] INFO org.apache.nifi.processors.standard.RouteText - RouteText[id=fc47b1db-e7ae-450c-887b-29adc31df765] Routing FlowFile[2518,96217996461561.mockFlowFile,24B] to original
[main] DEBUG org.apache.nifi.processors.standard.RouteText - RouteText[id=fc47b1db-e7ae-450c-887b-29adc31df765] Adding new dynamic property: PropertyDescriptor[simple]
[pool-3582-thread-1] INFO org.apache.nifi.processors.standard.RouteText - RouteText[id=fc47b1db-e7ae-450c-887b-29adc31df765] Created FlowFile[2521,96217996915855.mockFlowFile,24B] from FlowFile[2520,96217996915855.mockFlowFile,24B]; routing to relationship simple
[pool-3582-thread-1] INFO org.apache.nifi.processors.standard.RouteText - RouteText[id=fc47b1db-e7ae-450c-887b-29adc31df765] Routing FlowFile[2520,96217996915855.mockFlowFile,24B] to original
[main] DEBUG org.apache.nifi.processors.standard.RouteText - RouteText[id=fc47b1db-e7ae-450c-887b-29adc31df765] Adding new dynamic property: PropertyDescriptor[simple]
[pool-3583-thread-1] INFO org.apache.nifi.processors.standard.RouteText - RouteText[id=fc47b1db-e7ae-450c-887b-29adc31df765] Created FlowFile[2523,96217997309515.mockFlowFile,24B] from FlowFile[2522,96217997309515.mockFlowFile,24B]; routing to relationship simple
[pool-3583-thread-1] INFO org.apache.nifi.processors.standard.RouteText - RouteText[id=fc47b1db-e7ae-450c-887b-29adc31df765] Routing FlowFile[2522,96217997309515.mockFlowFile,24B] to original
[main] DEBUG org.apache.nifi.processors.standard.RouteText - RouteText[id=fc47b1db-e7ae-450c-887b-29adc31df765] Adding new dynamic property: PropertyDescriptor[simple]
[pool-3584-thread-1] INFO org.apache.nifi.processors.standard.RouteText - RouteText[id=fc47b1db-e7ae-450c-887b-29adc31df765] Created FlowFile[2525,96217997751912.mockFlowFile,24B] from FlowFile[2524,96217997751912.mockFlowFile,24B]; routing to relationship simple
[pool-3584-thread-1] INFO org.apache.nifi.processors.standard.RouteText - RouteText[id=fc47b1db-e7ae-450c-887b-29adc31df765] Routing FlowFile[2524,96217997751912.mockFlowFile,24B] to original
[main] DEBUG org.apache.nifi.processors.standard.RouteText - RouteText[id=fc47b1db-e7ae-450c-887b-29adc31df765] Adding new dynamic property: PropertyDescriptor[simple]
[pool-3585-thread-1] INFO org.apache.nifi.processors.standard.RouteText - RouteText[id=fc47b1db-e7ae-450c-887b-29adc31df765] Created FlowFile[2527,96217998159782.mockFlowFile,24B] from FlowFile[2526,96217998159782.mockFlowFile,24B]; routing to relationship simple
[pool-3585-thread-1] INFO org.apache.nifi.processors.standard.RouteText - RouteText[id=fc47b1db-e7ae-450c-887b-29adc31df765] Routing FlowFile[2526,96217998159782.mockFlowFile,24B] to original
[main] DEBUG org.apache.nifi.processors.standard.RouteText - RouteText[id=fc47b1db-e7ae-450c-887b-29adc31df765] Adding new dynamic property: PropertyDescriptor[simple]
[pool-3586-thread-1] INFO org.apache.nifi.processors.standard.RouteText - RouteText[id=fc47b1db-e7ae-450c-887b-29adc31df765] Created FlowFile[2529,96217998570353.mockFlowFile,24B] from FlowFile[2528,96217998570353.mockFlowFile,24B]; routing to relationship simple
[pool-3586-thread-1] INFO org.apache.nifi.processors.standard.RouteText - RouteText[id=fc47b1db-e7ae-450c-887b-29adc31df765] Routing FlowFile[2528,96217998570353.mockFlowFile,24B] to original
[main] DEBUG org.apache.nifi.processors.standard.RouteText - RouteText[id=fc47b1db-e7ae-450c-887b-29adc31df765] Adding new dynamic property: PropertyDescriptor[simple]
[pool-3587-thread-1] INFO org.apache.nifi.processors.standard.RouteText - RouteText[id=fc47b1db-e7ae-450c-887b-29adc31df765] Created FlowFile[2531,96217999005608.mockFlowFile,24B] from FlowFile[2530,96217999005608.mockFlowFile,24B]; routing to relationship simple
[pool-3587-thread-1] INFO org.apache.nifi.processors.standard.RouteText - RouteText[id=fc47b1db-e7ae-450c-887b-29adc31df765] Routing FlowFile[2530,96217999005608.mockFlowFile,24B] to original
[main] DEBUG org.apache.nifi.processors.standard.RouteText - RouteText[id=fc47b1db-e7ae-450c-887b-29adc31df765] Adding new dynamic property: PropertyDescriptor[simple]
[pool-3588-thread-1] INFO org.apache.nifi.processors.standard.RouteText - RouteText[id=fc47b1db-e7ae-450c-887b-29adc31df765] Created FlowFile[2533,96217999544168.mockFlowFile,24B] from FlowFile[2532,96217999544168.mockFlowFile,24B]; routing to relationship simple
[pool-3588-thread-1] INFO org.apache.nifi.processors.standard.RouteText - RouteText[id=fc47b1db-e7ae-450c-887b-29adc31df765] Routing FlowFile[2532,96217999544168.mockFlowFile,24B] to original
[main] DEBUG org.apache.nifi.processors.standard.RouteText - RouteText[id=fc47b1db-e7ae-450c-887b-29adc31df765] Adding new dynamic property: PropertyDescriptor[simple]
[pool-3589-thread-1] INFO org.apache.nifi.processors.standard.RouteText - RouteText[id=fc47b1db-e7ae-450c-887b-29adc31df765] Created FlowFile[2535,96218000192431.mockFlowFile,24B] from FlowFile[2534,96218000192431.mockFlowFile,24B]; routing to relationship simple
[pool-3589-thread-1] INFO org.apache.nifi.processors.standard.RouteText - RouteText[id=fc47b1db-e7ae-450c-887b-29adc31df765] Routing FlowFile[2534,96218000192431.mockFlowFile,24B] to original
[main] DEBUG org.apache.nifi.processors.standard.RouteText - RouteText[id=fc47b1db-e7ae-450c-887b-29adc31df765] Adding new dynamic property: PropertyDescriptor[simple]
[pool-3590-thread-1] INFO org.apache.nifi.processors.standard.RouteText - RouteText[id=fc47b1db-e7ae-450c-887b-29adc31df765] Created FlowFile[2537,96218000689757.mockFlowFile,24B] from FlowFile[2536,96218000689757.mockFlowFile,24B]; routing to relationship simple
[pool-3590-thread-1] INFO org.apache.nifi.processors.standard.RouteText - RouteText[id=fc47b1db-e7ae-450c-887b-29adc31df765] Routing FlowFile[2536,96218000689757.mockFlowFile,24B] to original
[main] DEBUG org.apache.nifi.processors.standard.RouteText - RouteText[id=fc47b1db-e7ae-450c-887b-29adc31df765] Adding new dynamic property: PropertyDescriptor[simple]
[pool-3591-thread-1] INFO org.apache.nifi.processors.standard.RouteText - RouteText[id=fc47b1db-e7ae-450c-887b-29adc31df765] Created FlowFile[2539,96218001322530.mockFlowFile,24B] from FlowFile[2538,96218001322530.mockFlowFile,24B]; routing to relationship simple
[pool-3591-thread-1] INFO org.apache.nifi.processors.standard.RouteText - RouteText[id=fc47b1db-e7ae-450c-887b-29adc31df765] Routing FlowFile[2538,96218001322530.mockFlowFile,24B] to original
[main] DEBUG org.apache.nifi.processors.standard.RouteText - RouteText[id=fc47b1db-e7ae-450c-887b-29adc31df765] Adding new dynamic property: PropertyDescriptor[simple]
[pool-3592-thread-1] INFO org.apache.nifi.processors.standard.RouteText - RouteText[id=fc47b1db-e7ae-450c-887b-29adc31df765] Created FlowFile[2541,96218001866825.mockFlowFile,24B] from FlowFile[2540,96218001866825.mockFlowFile,24B]; routing to relationship simple
[pool-3592-thread-1] INFO org.apache.nifi.processors.standard.RouteText - RouteText[id=fc47b1db-e7ae-450c-887b-29adc31df765] Routing FlowFile[2540,96218001866825.mockFlowFile,24B] to original
[main] DEBUG org.apache.nifi.processors.standard.RouteText - RouteText[id=fc47b1db-e7ae-450c-887b-29adc31df765] Adding new dynamic property: PropertyDescriptor[simple]
[pool-3593-thread-1] INFO org.apache.nifi.processors.standard.RouteText - RouteText[id=fc47b1db-e7ae-450c-887b-29adc31df765] Created FlowFile[2543,96218002468460.mockFlowFile,24B] from FlowFile[2542,96218002468460.mockFlowFile,24B]; routing to relationship simple
[pool-3593-thread-1] INFO org.apache.nifi.processors.standard.RouteText - RouteText[id=fc47b1db-e7ae-450c-887b-29adc31df765] Routing FlowFile[2542,96218002468460.mockFlowFile,24B] to original
[main] DEBUG org.apache.nifi.processors.standard.RouteText - RouteText[id=fc47b1db-e7ae-450c-887b-29adc31df765] Adding new dynamic property: PropertyDescriptor[simple]
[pool-3594-thread-1] INFO org.apache.nifi.processors.standard.RouteText - RouteText[id=fc47b1db-e7ae-450c-887b-29adc31df765] Created FlowFile[2545,96218002960275.mockFlowFile,24B] from FlowFile[2544,96218002960275.mockFlowFile,24B]; routing to relationship simple
[pool-3594-thread-1] INFO org.apache.nifi.processors.standard.RouteText - RouteText[id=fc47b1db-e7ae-450c-887b-29adc31df765] Routing FlowFile[2544,96218002960275.mockFlowFile,24B] to original
[main] DEBUG org.apache.nifi.processors.standard.RouteText - RouteText[id=fc47b1db-e7ae-450c-887b-29adc31df765] Adding new dynamic property: PropertyDescriptor[simple]
[pool-3595-thread-1] INFO org.apache.nifi.processors.standard.RouteText - RouteText[id=fc47b1db-e7ae-450c-887b-29adc31df765] Created FlowFile[2547,96218003430585.mockFlowFile,24B] from FlowFile[2546,96218003430585.mockFlowFile,24B]; routing to relationship simple
[pool-3595-thread-1] INFO org.apache.nifi.processors.standard.RouteText - RouteText[id=fc47b1db-e7ae-450c-887b-29adc31df765] Routing FlowFile[2546,96218003430585.mockFlowFile,24B] to original
[main] DEBUG org.apache.nifi.processors.standard.RouteText - RouteText[id=fc47b1db-e7ae-450c-887b-29adc31df765] Adding new dynamic property: PropertyDescriptor[simple]
[pool-3596-thread-1] INFO org.apache.nifi.processors.standard.RouteText - RouteText[id=fc47b1db-e7ae-450c-887b-29adc31df765] Created FlowFile[2549,96218003900823.mockFlowFile,24B] from FlowFile[2548,96218003900823.mockFlowFile,24B]; routing to relationship simple
[pool-3596-thread-1] INFO org.apache.nifi.processors.standard.RouteText - RouteText[id=fc47b1db-e7ae-450c-887b-29adc31df765] Routing FlowFile[2548,96218003900823.mockFlowFile,24B] to original
[main] DEBUG org.apache.nifi.processors.standard.RouteText - RouteText[id=fc47b1db-e7ae-450c-887b-29adc31df765] Adding new dynamic property: PropertyDescriptor[simple]
[pool-3597-thread-1] INFO org.apache.nifi.processors.standard.RouteText - RouteText[id=fc47b1db-e7ae-450c-887b-29adc31df765] Created FlowFile[2551,96218004380086.mockFlowFile,24B] from FlowFile[2550,96218004380086.mockFlowFile,24B]; routing to relationship simple
[pool-3597-thread-1] INFO org.apache.nifi.processors.standard.RouteText - RouteText[id=fc47b1db-e7ae-450c-887b-29adc31df765] Routing FlowFile[2550,96218004380086.mockFlowFile,24B] to original
[main] DEBUG org.apache.nifi.processors.standard.RouteText - RouteText[id=fc47b1db-e7ae-450c-887b-29adc31df765] Adding new dynamic property: PropertyDescriptor[simple]
[pool-3598-thread-1] INFO org.apache.nifi.processors.standard.RouteText - RouteText[id=fc47b1db-e7ae-450c-887b-29adc31df765] Created FlowFile[2553,96218004847576.mockFlowFile,24B] from FlowFile[2552,96218004847576.mockFlowFile,24B]; routing to relationship simple
[pool-3598-thread-1] INFO org.apache.nifi.processors.standard.RouteText - RouteText[id=fc47b1db-e7ae-450c-887b-29adc31df765] Routing FlowFile[2552,96218004847576.mockFlowFile,24B] to original
[main] DEBUG org.apache.nifi.processors.standard.RouteText - RouteText[id=fc47b1db-e7ae-450c-887b-29adc31df765] Adding new dynamic property: PropertyDescriptor[simple]
[pool-3599-thread-1] INFO org.apache.nifi.processors.standard.RouteText - RouteText[id=fc47b1db-e7ae-450c-887b-29adc31df765] Created FlowFile[2555,96218005409808.mockFlowFile,24B] from FlowFile[2554,96218005409808.mockFlowFile,24B]; routing to relationship simple
[pool-3599-thread-1] INFO org.apache.nifi.processors.standard.RouteText - RouteText[id=fc47b1db-e7ae-450c-887b-29adc31df765] Routing FlowFile[2554,96218005409808.mockFlowFile,24B] to original
[main] DEBUG org.apache.nifi.processors.standard.RouteText - RouteText[id=fc47b1db-e7ae-450c-887b-29adc31df765] Adding new dynamic property: PropertyDescriptor[simple]
[pool-3600-thread-1] INFO org.apache.nifi.processors.standard.RouteText - RouteText[id=fc47b1db-e7ae-450c-887b-29adc31df765] Created FlowFile[2557,96218005917269.mockFlowFile,24B] from FlowFile[2556,96218005917269.mockFlowFile,24B]; routing to relationship simple
[pool-3600-thread-1] INFO org.apache.nifi.processors.standard.RouteText - RouteText[id=fc47b1db-e7ae-450c-887b-29adc31df765] Routing FlowFile[2556,96218005917269.mockFlowFile,24B] to original
[main] DEBUG org.apache.nifi.processors.standard.RouteText - RouteText[id=fc47b1db-e7ae-450c-887b-29adc31df765] Adding new dynamic property: PropertyDescriptor[simple]
[pool-3601-thread-1] INFO org.apache.nifi.processors.standard.RouteText - RouteText[id=fc47b1db-e7ae-450c-887b-29adc31df765] Created FlowFile[2559,96218006430625.mockFlowFile,24B] from FlowFile[2558,96218006430625.mockFlowFile,24B]; routing to relationship simple
[pool-3601-thread-1] INFO org.apache.nifi.processors.standard.RouteText - RouteText[id=fc47b1db-e7ae-450c-887b-29adc31df765] Routing FlowFile[2558,96218006430625.mockFlowFile,24B] to original
[main] DEBUG org.apache.nifi.processors.standard.RouteText - RouteText[id=fc47b1db-e7ae-450c-887b-29adc31df765] Adding new dynamic property: PropertyDescriptor[simple]
[pool-3602-thread-1] INFO org.apache.nifi.processors.standard.RouteText - RouteText[id=fc47b1db-e7ae-450c-887b-29adc31df765] Created FlowFile[2561,96218006956467.mockFlowFile,24B] from FlowFile[2560,96218006956467.mockFlowFile,24B]; routing to relationship simple
[pool-3602-thread-1] INFO org.apache.nifi.processors.standard.RouteText - RouteText[id=fc47b1db-e7ae-450c-887b-29adc31df765] Routing FlowFile[2560,96218006956467.mockFlowFile,24B] to original
[main] DEBUG org.apache.nifi.processors.standard.RouteText - RouteText[id=fc47b1db-e7ae-450c-887b-29adc31df765] Adding new dynamic property: PropertyDescriptor[simple]
[pool-3603-thread-1] INFO org.apache.nifi.processors.standard.RouteText - RouteText[id=fc47b1db-e7ae-450c-887b-29adc31df765] Created FlowFile[2563,96218007722883.mockFlowFile,24B] from FlowFile[2562,96218007722883.mockFlowFile,24B]; routing to relationship simple
[pool-3603-thread-1] INFO org.apache.nifi.processors.standard.RouteText - RouteText[id=fc47b1db-e7ae-450c-887b-29adc31df765] Routing FlowFile[2562,96218007722883.mockFlowFile,24B] to original
[main] DEBUG org.apache.nifi.processors.standard.RouteText - RouteText[id=fc47b1db-e7ae-450c-887b-29adc31df765] Adding new dynamic property: PropertyDescriptor[simple]
[pool-3604-thread-1] INFO org.apache.nifi.processors.standard.RouteText - RouteText[id=fc47b1db-e7ae-450c-887b-29adc31df765] Created FlowFile[2565,96218008248508.mockFlowFile,24B] from FlowFile[2564,96218008248508.mockFlowFile,24B]; routing to relationship simple
[pool-3604-thread-1] INFO org.apache.nifi.processors.standard.RouteText - RouteText[id=fc47b1db-e7ae-450c-887b-29adc31df765] Routing FlowFile[2564,96218008248508.mockFlowFile,24B] to original
[main] DEBUG org.apache.nifi.processors.standard.RouteText - RouteText[id=fc47b1db-e7ae-450c-887b-29adc31df765] Adding new dynamic property: PropertyDescriptor[simple]
[pool-3605-thread-1] INFO org.apache.nifi.processors.standard.RouteText - RouteText[id=fc47b1db-e7ae-450c-887b-29adc31df765] Created FlowFile[2567,96218008766781.mockFlowFile,24B] from FlowFile[2566,96218008766781.mockFlowFile,24B]; routing to relationship simple
[pool-3605-thread-1] INFO org.apache.nifi.processors.standard.RouteText - RouteText[id=fc47b1db-e7ae-450c-887b-29adc31df765] Routing FlowFile[2566,96218008766781.mockFlowFile,24B] to original
[main] DEBUG org.apache.nifi.processors.standard.RouteText - RouteText[id=fc47b1db-e7ae-450c-887b-29adc31df765] Adding new dynamic property: PropertyDescriptor[simple]
[pool-3606-thread-1] INFO org.apache.nifi.processors.standard.RouteText - RouteText[id=fc47b1db-e7ae-450c-887b-29adc31df765] Created FlowFile[2569,96218009270382.mockFlowFile,24B] from FlowFile[2568,96218009270382.mockFlowFile,24B]; routing to relationship simple
[pool-3606-thread-1] INFO org.apache.nifi.processors.standard.RouteText - RouteText[id=fc47b1db-e7ae-450c-887b-29adc31df765] Routing FlowFile[2568,96218009270382.mockFlowFile,24B] to original
[main] DEBUG org.apache.nifi.processors.standard.RouteText - RouteText[id=fc47b1db-e7ae-450c-887b-29adc31df765] Adding new dynamic property: PropertyDescriptor[simple]
[pool-3607-thread-1] INFO org.apache.nifi.processors.standard.RouteText - RouteText[id=fc47b1db-e7ae-450c-887b-29adc31df765] Created FlowFile[2571,96218009744046.mockFlowFile,24B] from FlowFile[2570,96218009744046.mockFlowFile,24B]; routing to relationship simple
[pool-3607-thread-1] INFO org.apache.nifi.processors.standard.RouteText - RouteText[id=fc47b1db-e7ae-450c-887b-29adc31df765] Routing FlowFile[2570,96218009744046.mockFlowFile,24B] to original
[main] DEBUG org.apache.nifi.processors.standard.RouteText - RouteText[id=fc47b1db-e7ae-450c-887b-29adc31df765] Adding new dynamic property: PropertyDescriptor[simple]
[pool-3608-thread-1] INFO org.apache.nifi.processors.standard.RouteText - RouteText[id=fc47b1db-e7ae-450c-887b-29adc31df765] Created FlowFile[2573,96218010179650.mockFlowFile,24B] from FlowFile[2572,96218010179650.mockFlowFile,24B]; routing to relationship simple
[pool-3608-thread-1] INFO org.apache.nifi.processors.standard.RouteText - RouteText[id=fc47b1db-e7ae-450c-887b-29adc31df765] Routing FlowFile[2572,96218010179650.mockFlowFile,24B] to original
[main] DEBUG org.apache.nifi.processors.standard.RouteText - RouteText[id=fc47b1db-e7ae-450c-887b-29adc31df765] Adding new dynamic property: PropertyDescriptor[simple]
[pool-3609-thread-1] INFO org.apache.nifi.processors.standard.RouteText - RouteText[id=fc47b1db-e7ae-450c-887b-29adc31df765] Created FlowFile[2575,96218010638853.mockFlowFile,24B] from FlowFile[2574,96218010638853.mockFlowFile,24B]; routing to relationship simple
[pool-3609-thread-1] INFO org.apache.nifi.processors.standard.RouteText - RouteText[id=fc47b1db-e7ae-450c-887b-29adc31df765] Routing FlowFile[2574,96218010638853.mockFlowFile,24B] to original
[main] DEBUG org.apache.nifi.processors.standard.RouteText - RouteText[id=fc47b1db-e7ae-450c-887b-29adc31df765] Adding new dynamic property: PropertyDescriptor[simple]
[pool-3610-thread-1] INFO org.apache.nifi.processors.standard.RouteText - RouteText[id=fc47b1db-e7ae-450c-887b-29adc31df765] Created FlowFile[2577,96218011101404.mockFlowFile,24B] from FlowFile[2576,96218011101404.mockFlowFile,24B]; routing to relationship simple
[pool-3610-thread-1] INFO org.apache.nifi.processors.standard.RouteText - RouteText[id=fc47b1db-e7ae-450c-887b-29adc31df765] Routing FlowFile[2576,96218011101404.mockFlowFile,24B] to original
[main] DEBUG org.apache.nifi.processors.standard.RouteText - RouteText[id=fc47b1db-e7ae-450c-887b-29adc31df765] Adding new dynamic property: PropertyDescriptor[simple]
[pool-3611-thread-1] INFO org.apache.nifi.processors.standard.RouteText - RouteText[id=fc47b1db-e7ae-450c-887b-29adc31df765] Created FlowFile[2579,96218011519750.mockFlowFile,24B] from FlowFile[2578,96218011519750.mockFlowFile,24B]; routing to relationship simple
[pool-3611-thread-1] INFO org.apache.nifi.processors.standard.RouteText - RouteText[id=fc47b1db-e7ae-450c-887b-29adc31df765] Routing FlowFile[2578,96218011519750.mockFlowFile,24B] to original
[main] DEBUG org.apache.nifi.processors.standard.RouteText - RouteText[id=fc47b1db-e7ae-450c-887b-29adc31df765] Adding new dynamic property: PropertyDescriptor[simple]
[pool-3612-thread-1] INFO org.apache.nifi.processors.standard.RouteText - RouteText[id=fc47b1db-e7ae-450c-887b-29adc31df765] Created FlowFile[2581,96218011947002.mockFlowFile,24B] from FlowFile[2580,96218011947002.mockFlowFile,24B]; routing to relationship simple
[pool-3612-thread-1] INFO org.apache.nifi.processors.standard.RouteText - RouteText[id=fc47b1db-e7ae-450c-887b-29adc31df765] Routing FlowFile[2580,96218011947002.mockFlowFile,24B] to original
[main] DEBUG org.apache.nifi.processors.standard.RouteText - RouteText[id=fc47b1db-e7ae-450c-887b-29adc31df765] Adding new dynamic property: PropertyDescriptor[simple]
[pool-3613-thread-1] INFO org.apache.nifi.processors.standard.RouteText - RouteText[id=fc47b1db-e7ae-450c-887b-29adc31df765] Created FlowFile[2583,96218012424044.mockFlowFile,24B] from FlowFile[2582,96218012424044.mockFlowFile,24B]; routing to relationship simple
[pool-3613-thread-1] INFO org.apache.nifi.processors.standard.RouteText - RouteText[id=fc47b1db-e7ae-450c-887b-29adc31df765] Routing FlowFile[2582,96218012424044.mockFlowFile,24B] to original
[main] DEBUG org.apache.nifi.processors.standard.RouteText - RouteText[id=fc47b1db-e7ae-450c-887b-29adc31df765] Adding new dynamic property: PropertyDescriptor[simple]
[pool-3614-thread-1] INFO org.apache.nifi.processors.standard.RouteText - RouteText[id=fc47b1db-e7ae-450c-887b-29adc31df765] Created FlowFile[2585,96218012859690.mockFlowFile,24B] from FlowFile[2584,96218012859690.mockFlowFile,24B]; routing to relationship simple
[pool-3614-thread-1] INFO org.apache.nifi.processors.standard.RouteText - RouteText[id=fc47b1db-e7ae-450c-887b-29adc31df765] Routing FlowFile[2584,96218012859690.mockFlowFile,24B] to original
[main] DEBUG org.apache.nifi.processors.standard.RouteText - RouteText[id=fc47b1db-e7ae-450c-887b-29adc31df765] Adding new dynamic property: PropertyDescriptor[simple]
[pool-3615-thread-1] INFO org.apache.nifi.processors.standard.RouteText - RouteText[id=fc47b1db-e7ae-450c-887b-29adc31df765] Created FlowFile[2587,96218013300966.mockFlowFile,24B] from FlowFile[2586,96218013300966.mockFlowFile,24B]; routing to relationship simple
[pool-3615-thread-1] INFO org.apache.nifi.processors.standard.RouteText - RouteText[id=fc47b1db-e7ae-450c-887b-29adc31df765] Routing FlowFile[2586,96218013300966.mockFlowFile,24B] to original
[main] DEBUG org.apache.nifi.processors.standard.RouteText - RouteText[id=fc47b1db-e7ae-450c-887b-29adc31df765] Adding new dynamic property: PropertyDescriptor[simple]
[pool-3616-thread-1] INFO org.apache.nifi.processors.standard.RouteText - RouteText[id=fc47b1db-e7ae-450c-887b-29adc31df765] Created FlowFile[2589,96218013734746.mockFlowFile,24B] from FlowFile[2588,96218013734746.mockFlowFile,24B]; routing to relationship simple
[pool-3616-thread-1] INFO org.apache.nifi.processors.standard.RouteText - RouteText[id=fc47b1db-e7ae-450c-887b-29adc31df765] Routing FlowFile[2588,96218013734746.mockFlowFile,24B] to original
[main] DEBUG org.apache.nifi.processors.standard.RouteText - RouteText[id=fc47b1db-e7ae-450c-887b-29adc31df765] Adding new dynamic property: PropertyDescriptor[simple]
[pool-3617-thread-1] INFO org.apache.nifi.processors.standard.RouteText - RouteText[id=fc47b1db-e7ae-450c-887b-29adc31df765] Created FlowFile[2591,96218014176486.mockFlowFile,24B] from FlowFile[2590,96218014176486.mockFlowFile,24B]; routing to relationship simple
[pool-3617-thread-1] INFO org.apache.nifi.processors.standard.RouteText - RouteText[id=fc47b1db-e7ae-450c-887b-29adc31df765] Routing FlowFile[2590,96218014176486.mockFlowFile,24B] to original
[main] DEBUG org.apache.nifi.processors.standard.RouteText - RouteText[id=fc47b1db-e7ae-450c-887b-29adc31df765] Adding new dynamic property: PropertyDescriptor[simple]
[pool-3618-thread-1] INFO org.apache.nifi.processors.standard.RouteText - RouteText[id=fc47b1db-e7ae-450c-887b-29adc31df765] Created FlowFile[2593,96218014625506.mockFlowFile,24B] from FlowFile[2592,96218014625506.mockFlowFile,24B]; routing to relationship simple
[pool-3618-thread-1] INFO org.apache.nifi.processors.standard.RouteText - RouteText[id=fc47b1db-e7ae-450c-887b-29adc31df765] Routing FlowFile[2592,96218014625506.mockFlowFile,24B] to original
[main] DEBUG org.apache.nifi.processors.standard.RouteText - RouteText[id=fc47b1db-e7ae-450c-887b-29adc31df765] Adding new dynamic property: PropertyDescriptor[simple]
[pool-3619-thread-1] INFO org.apache.nifi.processors.standard.RouteText - RouteText[id=fc47b1db-e7ae-450c-887b-29adc31df765] Created FlowFile[2595,96218015075568.mockFlowFile,24B] from FlowFile[2594,96218015075568.mockFlowFile,24B]; routing to relationship simple
[pool-3619-thread-1] INFO org.apache.nifi.processors.standard.RouteText - RouteText[id=fc47b1db-e7ae-450c-887b-29adc31df765] Routing FlowFile[2594,96218015075568.mockFlowFile,24B] to original
[main] DEBUG org.apache.nifi.processors.standard.RouteText - RouteText[id=fc47b1db-e7ae-450c-887b-29adc31df765] Adding new dynamic property: PropertyDescriptor[simple]
[pool-3620-thread-1] INFO org.apache.nifi.processors.standard.RouteText - RouteText[id=fc47b1db-e7ae-450c-887b-29adc31df765] Created FlowFile[2597,96218015533570.mockFlowFile,24B] from FlowFile[2596,96218015533570.mockFlowFile,24B]; routing to relationship simple
[pool-3620-thread-1] INFO org.apache.nifi.processors.standard.RouteText - RouteText[id=fc47b1db-e7ae-450c-887b-29adc31df765] Routing FlowFile[2596,96218015533570.mockFlowFile,24B] to original
[main] DEBUG org.apache.nifi.processors.standard.RouteText - RouteText[id=fc47b1db-e7ae-450c-887b-29adc31df765] Adding new dynamic property: PropertyDescriptor[simple]
[pool-3621-thread-1] INFO org.apache.nifi.processors.standard.RouteText - RouteText[id=fc47b1db-e7ae-450c-887b-29adc31df765] Created FlowFile[2599,96218016065188.mockFlowFile,24B] from FlowFile[2598,96218016065188.mockFlowFile,24B]; routing to relationship simple
[pool-3621-thread-1] INFO org.apache.nifi.processors.standard.RouteText - RouteText[id=fc47b1db-e7ae-450c-887b-29adc31df765] Routing FlowFile[2598,96218016065188.mockFlowFile,24B] to original
[main] DEBUG org.apache.nifi.processors.standard.RouteText - RouteText[id=fc47b1db-e7ae-450c-887b-29adc31df765] Adding new dynamic property: PropertyDescriptor[simple]
[pool-3622-thread-1] INFO org.apache.nifi.processors.standard.RouteText - RouteText[id=fc47b1db-e7ae-450c-887b-29adc31df765] Created FlowFile[2601,96218016528546.mockFlowFile,24B] from FlowFile[2600,96218016528546.mockFlowFile,24B]; routing to relationship simple
[pool-3622-thread-1] INFO org.apache.nifi.processors.standard.RouteText - RouteText[id=fc47b1db-e7ae-450c-887b-29adc31df765] Routing FlowFile[2600,96218016528546.mockFlowFile,24B] to original
[main] DEBUG org.apache.nifi.processors.standard.RouteText - RouteText[id=fc47b1db-e7ae-450c-887b-29adc31df765] Adding new dynamic property: PropertyDescriptor[simple]
[pool-3623-thread-1] INFO org.apache.nifi.processors.standard.RouteText - RouteText[id=fc47b1db-e7ae-450c-887b-29adc31df765] Created FlowFile[2603,96218017013586.mockFlowFile,24B] from FlowFile[2602,96218017013586.mockFlowFile,24B]; routing to relationship simple
[pool-3623-thread-1] INFO org.apache.nifi.processors.standard.RouteText - RouteText[id=fc47b1db-e7ae-450c-887b-29adc31df765] Routing FlowFile[2602,96218017013586.mockFlowFile,24B] to original
[main] DEBUG org.apache.nifi.processors.standard.RouteText - RouteText[id=fc47b1db-e7ae-450c-887b-29adc31df765] Adding new dynamic property: PropertyDescriptor[simple]
[pool-3624-thread-1] INFO org.apache.nifi.processors.standard.RouteText - RouteText[id=fc47b1db-e7ae-450c-887b-29adc31df765] Created FlowFile[2605,96218017503358.mockFlowFile,24B] from FlowFile[2604,96218017503358.mockFlowFile,24B]; routing to relationship simple
[pool-3624-thread-1] INFO org.apache.nifi.processors.standard.RouteText - RouteText[id=fc47b1db-e7ae-450c-887b-29adc31df765] Routing FlowFile[2604,96218017503358.mockFlowFile,24B] to original
[main] DEBUG org.apache.nifi.processors.standard.RouteText - RouteText[id=fc47b1db-e7ae-450c-887b-29adc31df765] Adding new dynamic property: PropertyDescriptor[simple]
[pool-3625-thread-1] INFO org.apache.nifi.processors.standard.RouteText - RouteText[id=fc47b1db-e7ae-450c-887b-29adc31df765] Created FlowFile[2607,96218017956481.mockFlowFile,24B] from FlowFile[2606,96218017956481.mockFlowFile,24B]; routing to relationship simple
[pool-3625-thread-1] INFO org.apache.nifi.processors.standard.RouteText - RouteText[id=fc47b1db-e7ae-450c-887b-29adc31df765] Routing FlowFile[2606,96218017956481.mockFlowFile,24B] to original
[main] DEBUG org.apache.nifi.processors.standard.RouteText - RouteText[id=fc47b1db-e7ae-450c-887b-29adc31df765] Adding new dynamic property: PropertyDescriptor[simple]
[pool-3626-thread-1] INFO org.apache.nifi.processors.standard.RouteText - RouteText[id=fc47b1db-e7ae-450c-887b-29adc31df765] Created FlowFile[2609,96218018381053.mockFlowFile,24B] from FlowFile[2608,96218018381053.mockFlowFile,24B]; routing to relationship simple
[pool-3626-thread-1] INFO org.apache.nifi.processors.standard.RouteText - RouteText[id=fc47b1db-e7ae-450c-887b-29adc31df765] Routing FlowFile[2608,96218018381053.mockFlowFile,24B] to original
[main] DEBUG org.apache.nifi.processors.standard.RouteText - RouteText[id=fc47b1db-e7ae-450c-887b-29adc31df765] Adding new dynamic property: PropertyDescriptor[simple]
[pool-3627-thread-1] INFO org.apache.nifi.processors.standard.RouteText - RouteText[id=fc47b1db-e7ae-450c-887b-29adc31df765] Created FlowFile[2611,96218018933664.mockFlowFile,24B] from FlowFile[2610,96218018933664.mockFlowFile,24B]; routing to relationship simple
[pool-3627-thread-1] INFO org.apache.nifi.processors.standard.RouteText - RouteText[id=fc47b1db-e7ae-450c-887b-29adc31df765] Routing FlowFile[2610,96218018933664.mockFlowFile,24B] to original
[main] DEBUG org.apache.nifi.processors.standard.RouteText - RouteText[id=fc47b1db-e7ae-450c-887b-29adc31df765] Adding new dynamic property: PropertyDescriptor[simple]
[pool-3628-thread-1] INFO org.apache.nifi.processors.standard.RouteText - RouteText[id=fc47b1db-e7ae-450c-887b-29adc31df765] Created FlowFile[2613,96218019462649.mockFlowFile,24B] from FlowFile[2612,96218019462649.mockFlowFile,24B]; routing to relationship simple
[pool-3628-thread-1] INFO org.apache.nifi.processors.standard.RouteText - RouteText[id=fc47b1db-e7ae-450c-887b-29adc31df765] Routing FlowFile[2612,96218019462649.mockFlowFile,24B] to original
[main] DEBUG org.apache.nifi.processors.standard.RouteText - RouteText[id=fc47b1db-e7ae-450c-887b-29adc31df765] Adding new dynamic property: PropertyDescriptor[simple]
[pool-3629-thread-1] INFO org.apache.nifi.processors.standard.RouteText - RouteText[id=fc47b1db-e7ae-450c-887b-29adc31df765] Created FlowFile[2615,96218019968006.mockFlowFile,24B] from FlowFile[2614,96218019968006.mockFlowFile,24B]; routing to relationship simple
[pool-3629-thread-1] INFO org.apache.nifi.processors.standard.RouteText - RouteText[id=fc47b1db-e7ae-450c-887b-29adc31df765] Routing FlowFile[2614,96218019968006.mockFlowFile,24B] to original
[main] DEBUG org.apache.nifi.processors.standard.RouteText - RouteText[id=fc47b1db-e7ae-450c-887b-29adc31df765] Adding new dynamic property: PropertyDescriptor[simple]
[pool-3630-thread-1] INFO org.apache.nifi.processors.standard.RouteText - RouteText[id=fc47b1db-e7ae-450c-887b-29adc31df765] Created FlowFile[2617,96218020505168.mockFlowFile,24B] from FlowFile[2616,96218020505168.mockFlowFile,24B]; routing to relationship simple
[pool-3630-thread-1] INFO org.apache.nifi.processors.standard.RouteText - RouteText[id=fc47b1db-e7ae-450c-887b-29adc31df765] Routing FlowFile[2616,96218020505168.mockFlowFile,24B] to original
[main] DEBUG org.apache.nifi.processors.standard.RouteText - RouteText[id=fc47b1db-e7ae-450c-887b-29adc31df765] Adding new dynamic property: PropertyDescriptor[simple]
[pool-3631-thread-1] INFO org.apache.nifi.processors.standard.RouteText - RouteText[id=fc47b1db-e7ae-450c-887b-29adc31df765] Created FlowFile[2619,96218021053302.mockFlowFile,24B] from FlowFile[2618,96218021053302.mockFlowFile,24B]; routing to relationship simple
[pool-3631-thread-1] INFO org.apache.nifi.processors.standard.RouteText - RouteText[id=fc47b1db-e7ae-450c-887b-29adc31df765] Routing FlowFile[2618,96218021053302.mockFlowFile,24B] to original
[main] DEBUG org.apache.nifi.processors.standard.RouteText - RouteText[id=fc47b1db-e7ae-450c-887b-29adc31df765] Adding new dynamic property: PropertyDescriptor[simple]
[pool-3632-thread-1] INFO org.apache.nifi.processors.standard.RouteText - RouteText[id=fc47b1db-e7ae-450c-887b-29adc31df765] Created FlowFile[2621,96218021588016.mockFlowFile,24B] from FlowFile[2620,96218021588016.mockFlowFile,24B]; routing to relationship simple
[pool-3632-thread-1] INFO org.apache.nifi.processors.standard.RouteText - RouteText[id=fc47b1db-e7ae-450c-887b-29adc31df765] Routing FlowFile[2620,96218021588016.mockFlowFile,24B] to original
[main] DEBUG org.apache.nifi.processors.standard.RouteText - RouteText[id=fc47b1db-e7ae-450c-887b-29adc31df765] Adding new dynamic property: PropertyDescriptor[simple]
[pool-3633-thread-1] INFO org.apache.nifi.processors.standard.RouteText - RouteText[id=fc47b1db-e7ae-450c-887b-29adc31df765] Created FlowFile[2623,96218022101476.mockFlowFile,24B] from FlowFile[2622,96218022101476.mockFlowFile,24B]; routing to relationship simple
[pool-3633-thread-1] INFO org.apache.nifi.processors.standard.RouteText - RouteText[id=fc47b1db-e7ae-450c-887b-29adc31df765] Routing FlowFile[2622,96218022101476.mockFlowFile,24B] to original
[main] DEBUG org.apache.nifi.processors.standard.RouteText - RouteText[id=fc47b1db-e7ae-450c-887b-29adc31df765] Adding new dynamic property: PropertyDescriptor[simple]
[pool-3634-thread-1] INFO org.apache.nifi.processors.standard.RouteText - RouteText[id=fc47b1db-e7ae-450c-887b-29adc31df765] Created FlowFile[2625,96218022631790.mockFlowFile,24B] from FlowFile[2624,96218022631790.mockFlowFile,24B]; routing to relationship simple
[pool-3634-thread-1] INFO org.apache.nifi.processors.standard.RouteText - RouteText[id=fc47b1db-e7ae-450c-887b-29adc31df765] Routing FlowFile[2624,96218022631790.mockFlowFile,24B] to original
[main] DEBUG org.apache.nifi.processors.standard.RouteText - RouteText[id=fc47b1db-e7ae-450c-887b-29adc31df765] Adding new dynamic property: PropertyDescriptor[simple]
[pool-3635-thread-1] INFO org.apache.nifi.processors.standard.RouteText - RouteText[id=fc47b1db-e7ae-450c-887b-29adc31df765] Created FlowFile[2627,96218023135841.mockFlowFile,24B] from FlowFile[2626,96218023135841.mockFlowFile,24B]; routing to relationship simple
[pool-3635-thread-1] INFO org.apache.nifi.processors.standard.RouteText - RouteText[id=fc47b1db-e7ae-450c-887b-29adc31df765] Routing FlowFile[2626,96218023135841.mockFlowFile,24B] to original
[main] DEBUG org.apache.nifi.processors.standard.RouteText - RouteText[id=fc47b1db-e7ae-450c-887b-29adc31df765] Adding new dynamic property: PropertyDescriptor[simple]
[pool-3636-thread-1] INFO org.apache.nifi.processors.standard.RouteText - RouteText[id=fc47b1db-e7ae-450c-887b-29adc31df765] Created FlowFile[2629,96218023639066.mockFlowFile,24B] from FlowFile[2628,96218023639066.mockFlowFile,24B]; routing to relationship simple
[pool-3636-thread-1] INFO org.apache.nifi.processors.standard.RouteText - RouteText[id=fc47b1db-e7ae-450c-887b-29adc31df765] Routing FlowFile[2628,96218023639066.mockFlowFile,24B] to original
[main] DEBUG org.apache.nifi.processors.standard.RouteText - RouteText[id=fc47b1db-e7ae-450c-887b-29adc31df765] Adding new dynamic property: PropertyDescriptor[simple]
[pool-3637-thread-1] INFO org.apache.nifi.processors.standard.RouteText - RouteText[id=fc47b1db-e7ae-450c-887b-29adc31df765] Created FlowFile[2631,96218024171050.mockFlowFile,24B] from FlowFile[2630,96218024171050.mockFlowFile,24B]; routing to relationship simple
[pool-3637-thread-1] INFO org.apache.nifi.processors.standard.RouteText - RouteText[id=fc47b1db-e7ae-450c-887b-29adc31df765] Routing FlowFile[2630,96218024171050.mockFlowFile,24B] to original
[main] DEBUG org.apache.nifi.processors.standard.RouteText - RouteText[id=fc47b1db-e7ae-450c-887b-29adc31df765] Adding new dynamic property: PropertyDescriptor[simple]
[pool-3638-thread-1] INFO org.apache.nifi.processors.standard.RouteText - RouteText[id=fc47b1db-e7ae-450c-887b-29adc31df765] Created FlowFile[2633,96218024663509.mockFlowFile,24B] from FlowFile[2632,96218024663509.mockFlowFile,24B]; routing to relationship simple
[pool-3638-thread-1] INFO org.apache.nifi.processors.standard.RouteText - RouteText[id=fc47b1db-e7ae-450c-887b-29adc31df765] Routing FlowFile[2632,96218024663509.mockFlowFile,24B] to original
[main] DEBUG org.apache.nifi.processors.standard.RouteText - RouteText[id=fc47b1db-e7ae-450c-887b-29adc31df765] Adding new dynamic property: PropertyDescriptor[simple]
[pool-3639-thread-1] INFO org.apache.nifi.processors.standard.RouteText - RouteText[id=fc47b1db-e7ae-450c-887b-29adc31df765] Created FlowFile[2635,96218025118207.mockFlowFile,24B] from FlowFile[2634,96218025118207.mockFlowFile,24B]; routing to relationship simple
[pool-3639-thread-1] INFO org.apache.nifi.processors.standard.RouteText - RouteText[id=fc47b1db-e7ae-450c-887b-29adc31df765] Routing FlowFile[2634,96218025118207.mockFlowFile,24B] to original
[main] DEBUG org.apache.nifi.processors.standard.RouteText - RouteText[id=fc47b1db-e7ae-450c-887b-29adc31df765] Adding new dynamic property: PropertyDescriptor[simple]
[pool-3640-thread-1] INFO org.apache.nifi.processors.standard.RouteText - RouteText[id=fc47b1db-e7ae-450c-887b-29adc31df765] Created FlowFile[2637,96218025589555.mockFlowFile,24B] from FlowFile[2636,96218025589555.mockFlowFile,24B]; routing to relationship simple
[pool-3640-thread-1] INFO org.apache.nifi.processors.standard.RouteText - RouteText[id=fc47b1db-e7ae-450c-887b-29adc31df765] Routing FlowFile[2636,96218025589555.mockFlowFile,24B] to original
[main] DEBUG org.apache.nifi.processors.standard.RouteText - RouteText[id=fc47b1db-e7ae-450c-887b-29adc31df765] Adding new dynamic property: PropertyDescriptor[simple]
[pool-3641-thread-1] INFO org.apache.nifi.processors.standard.RouteText - RouteText[id=fc47b1db-e7ae-450c-887b-29adc31df765] Created FlowFile[2639,96218025990988.mockFlowFile,24B] from FlowFile[2638,96218025990988.mockFlowFile,24B]; routing to relationship simple
[pool-3641-thread-1] INFO org.apache.nifi.processors.standard.RouteText - RouteText[id=fc47b1db-e7ae-450c-887b-29adc31df765] Routing FlowFile[2638,96218025990988.mockFlowFile,24B] to original
[main] DEBUG org.apache.nifi.processors.standard.RouteText - RouteText[id=fc47b1db-e7ae-450c-887b-29adc31df765] Adding new dynamic property: PropertyDescriptor[simple]
[pool-3642-thread-1] INFO org.apache.nifi.processors.standard.RouteText - RouteText[id=fc47b1db-e7ae-450c-887b-29adc31df765] Created FlowFile[2641,96218026389229.mockFlowFile,24B] from FlowFile[2640,96218026389229.mockFlowFile,24B]; routing to relationship simple
[pool-3642-thread-1] INFO org.apache.nifi.processors.standard.RouteText - RouteText[id=fc47b1db-e7ae-450c-887b-29adc31df765] Routing FlowFile[2640,96218026389229.mockFlowFile,24B] to original
[main] DEBUG org.apache.nifi.processors.standard.RouteText - RouteText[id=fc47b1db-e7ae-450c-887b-29adc31df765] Adding new dynamic property: PropertyDescriptor[simple]
[pool-3643-thread-1] INFO org.apache.nifi.processors.standard.RouteText - RouteText[id=fc47b1db-e7ae-450c-887b-29adc31df765] Created FlowFile[2643,96218026768495.mockFlowFile,24B] from FlowFile[2642,96218026768495.mockFlowFile,24B]; routing to relationship simple
[pool-3643-thread-1] INFO org.apache.nifi.processors.standard.RouteText - RouteText[id=fc47b1db-e7ae-450c-887b-29adc31df765] Routing FlowFile[2642,96218026768495.mockFlowFile,24B] to original
[main] DEBUG org.apache.nifi.processors.standard.RouteText - RouteText[id=fc47b1db-e7ae-450c-887b-29adc31df765] Adding new dynamic property: PropertyDescriptor[simple]
[pool-3644-thread-1] INFO org.apache.nifi.processors.standard.RouteText - RouteText[id=fc47b1db-e7ae-450c-887b-29adc31df765] Created FlowFile[2645,96218027181199.mockFlowFile,24B] from FlowFile[2644,96218027181199.mockFlowFile,24B]; routing to relationship simple
[pool-3644-thread-1] INFO org.apache.nifi.processors.standard.RouteText - RouteText[id=fc47b1db-e7ae-450c-887b-29adc31df765] Routing FlowFile[2644,96218027181199.mockFlowFile,24B] to original
[main] DEBUG org.apache.nifi.processors.standard.RouteText - RouteText[id=fc47b1db-e7ae-450c-887b-29adc31df765] Adding new dynamic property: PropertyDescriptor[simple]
[pool-3645-thread-1] INFO org.apache.nifi.processors.standard.RouteText - RouteText[id=fc47b1db-e7ae-450c-887b-29adc31df765] Created FlowFile[2647,96218027550646.mockFlowFile,24B] from FlowFile[2646,96218027550646.mockFlowFile,24B]; routing to relationship simple
[pool-3645-thread-1] INFO org.apache.nifi.processors.standard.RouteText - RouteText[id=fc47b1db-e7ae-450c-887b-29adc31df765] Routing FlowFile[2646,96218027550646.mockFlowFile,24B] to original
[main] DEBUG org.apache.nifi.processors.standard.RouteText - RouteText[id=fc47b1db-e7ae-450c-887b-29adc31df765] Adding new dynamic property: PropertyDescriptor[simple]
[pool-3646-thread-1] INFO org.apache.nifi.processors.standard.RouteText - RouteText[id=fc47b1db-e7ae-450c-887b-29adc31df765] Created FlowFile[2649,96218027949121.mockFlowFile,24B] from FlowFile[2648,96218027949121.mockFlowFile,24B]; routing to relationship simple
[pool-3646-thread-1] INFO org.apache.nifi.processors.standard.RouteText - RouteText[id=fc47b1db-e7ae-450c-887b-29adc31df765] Routing FlowFile[2648,96218027949121.mockFlowFile,24B] to original
[main] DEBUG org.apache.nifi.processors.standard.RouteText - RouteText[id=fc47b1db-e7ae-450c-887b-29adc31df765] Adding new dynamic property: PropertyDescriptor[simple]
[pool-3647-thread-1] INFO org.apache.nifi.processors.standard.RouteText - RouteText[id=fc47b1db-e7ae-450c-887b-29adc31df765] Created FlowFile[2651,96218028349424.mockFlowFile,24B] from FlowFile[2650,96218028349424.mockFlowFile,24B]; routing to relationship simple
[pool-3647-thread-1] INFO org.apache.nifi.processors.standard.RouteText - RouteText[id=fc47b1db-e7ae-450c-887b-29adc31df765] Routing FlowFile[2650,96218028349424.mockFlowFile,24B] to original
[main] DEBUG org.apache.nifi.processors.standard.RouteText - RouteText[id=fc47b1db-e7ae-450c-887b-29adc31df765] Adding new dynamic property: PropertyDescriptor[simple]
[pool-3648-thread-1] INFO org.apache.nifi.processors.standard.RouteText - RouteText[id=fc47b1db-e7ae-450c-887b-29adc31df765] Created FlowFile[2653,96218028755198.mockFlowFile,24B] from FlowFile[2652,96218028755198.mockFlowFile,24B]; routing to relationship simple
[pool-3648-thread-1] INFO org.apache.nifi.processors.standard.RouteText - RouteText[id=fc47b1db-e7ae-450c-887b-29adc31df765] Routing FlowFile[2652,96218028755198.mockFlowFile,24B] to original
[main] DEBUG org.apache.nifi.processors.standard.RouteText - RouteText[id=fc47b1db-e7ae-450c-887b-29adc31df765] Adding new dynamic property: PropertyDescriptor[simple]
[pool-3649-thread-1] INFO org.apache.nifi.processors.standard.RouteText - RouteText[id=fc47b1db-e7ae-450c-887b-29adc31df765] Created FlowFile[2655,96218029160339.mockFlowFile,24B] from FlowFile[2654,96218029160339.mockFlowFile,24B]; routing to relationship simple
[pool-3649-thread-1] INFO org.apache.nifi.processors.standard.RouteText - RouteText[id=fc47b1db-e7ae-450c-887b-29adc31df765] Routing FlowFile[2654,96218029160339.mockFlowFile,24B] to original
[main] DEBUG org.apache.nifi.processors.standard.RouteText - RouteText[id=fc47b1db-e7ae-450c-887b-29adc31df765] Adding new dynamic property: PropertyDescriptor[simple]
[pool-3650-thread-1] INFO org.apache.nifi.processors.standard.RouteText - RouteText[id=fc47b1db-e7ae-450c-887b-29adc31df765] Created FlowFile[2657,96218029682926.mockFlowFile,24B] from FlowFile[2656,96218029682926.mockFlowFile,24B]; routing to relationship simple
[pool-3650-thread-1] INFO org.apache.nifi.processors.standard.RouteText - RouteText[id=fc47b1db-e7ae-450c-887b-29adc31df765] Routing FlowFile[2656,96218029682926.mockFlowFile,24B] to original
[main] DEBUG org.apache.nifi.processors.standard.RouteText - RouteText[id=fc47b1db-e7ae-450c-887b-29adc31df765] Adding new dynamic property: PropertyDescriptor[simple]
[pool-3651-thread-1] INFO org.apache.nifi.processors.standard.RouteText - RouteText[id=fc47b1db-e7ae-450c-887b-29adc31df765] Created FlowFile[2659,96218030218272.mockFlowFile,24B] from FlowFile[2658,96218030218272.mockFlowFile,24B]; routing to relationship simple
[pool-3651-thread-1] INFO org.apache.nifi.processors.standard.RouteText - RouteText[id=fc47b1db-e7ae-450c-887b-29adc31df765] Routing FlowFile[2658,96218030218272.mockFlowFile,24B] to original
[main] DEBUG org.apache.nifi.processors.standard.RouteText - RouteText[id=fc47b1db-e7ae-450c-887b-29adc31df765] Adding new dynamic property: PropertyDescriptor[simple]
[pool-3652-thread-1] INFO org.apache.nifi.processors.standard.RouteText - RouteText[id=fc47b1db-e7ae-450c-887b-29adc31df765] Created FlowFile[2661,96218030715568.mockFlowFile,24B] from FlowFile[2660,96218030715568.mockFlowFile,24B]; routing to relationship simple
[pool-3652-thread-1] INFO org.apache.nifi.processors.standard.RouteText - RouteText[id=fc47b1db-e7ae-450c-887b-29adc31df765] Routing FlowFile[2660,96218030715568.mockFlowFile,24B] to original
[main] DEBUG org.apache.nifi.processors.standard.RouteText - RouteText[id=fc47b1db-e7ae-450c-887b-29adc31df765] Adding new dynamic property: PropertyDescriptor[simple]
[pool-3653-thread-1] INFO org.apache.nifi.processors.standard.RouteText - RouteText[id=fc47b1db-e7ae-450c-887b-29adc31df765] Created FlowFile[2663,96218031200947.mockFlowFile,24B] from FlowFile[2662,96218031200947.mockFlowFile,24B]; routing to relationship simple
[pool-3653-thread-1] INFO org.apache.nifi.processors.standard.RouteText - RouteText[id=fc47b1db-e7ae-450c-887b-29adc31df765] Routing FlowFile[2662,96218031200947.mockFlowFile,24B] to original
[main] DEBUG org.apache.nifi.processors.standard.RouteText - RouteText[id=fc47b1db-e7ae-450c-887b-29adc31df765] Adding new dynamic property: PropertyDescriptor[simple]
[pool-3654-thread-1] INFO org.apache.nifi.processors.standard.RouteText - RouteText[id=fc47b1db-e7ae-450c-887b-29adc31df765] Created FlowFile[2665,96218031659154.mockFlowFile,24B] from FlowFile[2664,96218031659154.mockFlowFile,24B]; routing to relationship simple
[pool-3654-thread-1] INFO org.apache.nifi.processors.standard.RouteText - RouteText[id=fc47b1db-e7ae-450c-887b-29adc31df765] Routing FlowFile[2664,96218031659154.mockFlowFile,24B] to original
[main] DEBUG org.apache.nifi.processors.standard.RouteText - RouteText[id=fc47b1db-e7ae-450c-887b-29adc31df765] Adding new dynamic property: PropertyDescriptor[simple]
[pool-3655-thread-1] INFO org.apache.nifi.processors.standard.RouteText - RouteText[id=fc47b1db-e7ae-450c-887b-29adc31df765] Created FlowFile[2667,96218032231482.mockFlowFile,24B] from FlowFile[2666,96218032231482.mockFlowFile,24B]; routing to relationship simple
[pool-3655-thread-1] INFO org.apache.nifi.processors.standard.RouteText - RouteText[id=fc47b1db-e7ae-450c-887b-29adc31df765] Routing FlowFile[2666,96218032231482.mockFlowFile,24B] to original
[main] DEBUG org.apache.nifi.processors.standard.RouteText - RouteText[id=fc47b1db-e7ae-450c-887b-29adc31df765] Adding new dynamic property: PropertyDescriptor[simple]
[pool-3656-thread-1] INFO org.apache.nifi.processors.standard.RouteText - RouteText[id=fc47b1db-e7ae-450c-887b-29adc31df765] Created FlowFile[2669,96218032679120.mockFlowFile,24B] from FlowFile[2668,96218032679120.mockFlowFile,24B]; routing to relationship simple
[pool-3656-thread-1] INFO org.apache.nifi.processors.standard.RouteText - RouteText[id=fc47b1db-e7ae-450c-887b-29adc31df765] Routing FlowFile[2668,96218032679120.mockFlowFile,24B] to original
[main] DEBUG org.apache.nifi.processors.standard.RouteText - RouteText[id=fc47b1db-e7ae-450c-887b-29adc31df765] Adding new dynamic property: PropertyDescriptor[simple]
[pool-3657-thread-1] INFO org.apache.nifi.processors.standard.RouteText - RouteText[id=fc47b1db-e7ae-450c-887b-29adc31df765] Created FlowFile[2671,96218033139143.mockFlowFile,24B] from FlowFile[2670,96218033139143.mockFlowFile,24B]; routing to relationship simple
[pool-3657-thread-1] INFO org.apache.nifi.processors.standard.RouteText - RouteText[id=fc47b1db-e7ae-450c-887b-29adc31df765] Routing FlowFile[2670,96218033139143.mockFlowFile,24B] to original
[main] DEBUG org.apache.nifi.processors.standard.RouteText - RouteText[id=fc47b1db-e7ae-450c-887b-29adc31df765] Adding new dynamic property: PropertyDescriptor[simple]
[pool-3658-thread-1] INFO org.apache.nifi.processors.standard.RouteText - RouteText[id=fc47b1db-e7ae-450c-887b-29adc31df765] Created FlowFile[2673,96218033586831.mockFlowFile,24B] from FlowFile[2672,96218033586831.mockFlowFile,24B]; routing to relationship simple
[pool-3658-thread-1] INFO org.apache.nifi.processors.standard.RouteText - RouteText[id=fc47b1db-e7ae-450c-887b-29adc31df765] Routing FlowFile[2672,96218033586831.mockFlowFile,24B] to original
[main] DEBUG org.apache.nifi.processors.standard.RouteText - RouteText[id=fc47b1db-e7ae-450c-887b-29adc31df765] Adding new dynamic property: PropertyDescriptor[simple]
[pool-3659-thread-1] INFO org.apache.nifi.processors.standard.RouteText - RouteText[id=fc47b1db-e7ae-450c-887b-29adc31df765] Created FlowFile[2675,96218034017777.mockFlowFile,24B] from FlowFile[2674,96218034017777.mockFlowFile,24B]; routing to relationship simple
[pool-3659-thread-1] INFO org.apache.nifi.processors.standard.RouteText - RouteText[id=fc47b1db-e7ae-450c-887b-29adc31df765] Routing FlowFile[2674,96218034017777.mockFlowFile,24B] to original
[main] DEBUG org.apache.nifi.processors.standard.RouteText - RouteText[id=fc47b1db-e7ae-450c-887b-29adc31df765] Adding new dynamic property: PropertyDescriptor[simple]
[pool-3660-thread-1] INFO org.apache.nifi.processors.standard.RouteText - RouteText[id=fc47b1db-e7ae-450c-887b-29adc31df765] Created FlowFile[2677,96218034442844.mockFlowFile,24B] from FlowFile[2676,96218034442844.mockFlowFile,24B]; routing to relationship simple
[pool-3660-thread-1] INFO org.apache.nifi.processors.standard.RouteText - RouteText[id=fc47b1db-e7ae-450c-887b-29adc31df765] Routing FlowFile[2676,96218034442844.mockFlowFile,24B] to original
[main] DEBUG org.apache.nifi.processors.standard.RouteText - RouteText[id=fc47b1db-e7ae-450c-887b-29adc31df765] Adding new dynamic property: PropertyDescriptor[simple]
[pool-3661-thread-1] INFO org.apache.nifi.processors.standard.RouteText - RouteText[id=fc47b1db-e7ae-450c-887b-29adc31df765] Created FlowFile[2679,96218034868734.mockFlowFile,24B] from FlowFile[2678,96218034868734.mockFlowFile,24B]; routing to relationship simple
[pool-3661-thread-1] INFO org.apache.nifi.processors.standard.RouteText - RouteText[id=fc47b1db-e7ae-450c-887b-29adc31df765] Routing FlowFile[2678,96218034868734.mockFlowFile,24B] to original
[main] DEBUG org.apache.nifi.processors.standard.RouteText - RouteText[id=fc47b1db-e7ae-450c-887b-29adc31df765] Adding new dynamic property: PropertyDescriptor[simple]
[pool-3662-thread-1] INFO org.apache.nifi.processors.standard.RouteText - RouteText[id=fc47b1db-e7ae-450c-887b-29adc31df765] Created FlowFile[2681,96218035317123.mockFlowFile,24B] from FlowFile[2680,96218035317123.mockFlowFile,24B]; routing to relationship simple
[pool-3662-thread-1] INFO org.apache.nifi.processors.standard.RouteText - RouteText[id=fc47b1db-e7ae-450c-887b-29adc31df765] Routing FlowFile[2680,96218035317123.mockFlowFile,24B] to original
[main] DEBUG org.apache.nifi.processors.standard.RouteText - RouteText[id=fc47b1db-e7ae-450c-887b-29adc31df765] Adding new dynamic property: PropertyDescriptor[simple]
[pool-3663-thread-1] INFO org.apache.nifi.processors.standard.RouteText - RouteText[id=fc47b1db-e7ae-450c-887b-29adc31df765] Created FlowFile[2683,96218035876989.mockFlowFile,24B] from FlowFile[2682,96218035876989.mockFlowFile,24B]; routing to relationship simple
[pool-3663-thread-1] INFO org.apache.nifi.processors.standard.RouteText - RouteText[id=fc47b1db-e7ae-450c-887b-29adc31df765] Routing FlowFile[2682,96218035876989.mockFlowFile,24B] to original
[main] DEBUG org.apache.nifi.processors.standard.RouteText - RouteText[id=fc47b1db-e7ae-450c-887b-29adc31df765] Adding new dynamic property: PropertyDescriptor[simple]
[pool-3664-thread-1] INFO org.apache.nifi.processors.standard.RouteText - RouteText[id=fc47b1db-e7ae-450c-887b-29adc31df765] Created FlowFile[2685,96218036338304.mockFlowFile,24B] from FlowFile[2684,96218036338304.mockFlowFile,24B]; routing to relationship simple
[pool-3664-thread-1] INFO org.apache.nifi.processors.standard.RouteText - RouteText[id=fc47b1db-e7ae-450c-887b-29adc31df765] Routing FlowFile[2684,96218036338304.mockFlowFile,24B] to original
[main] DEBUG org.apache.nifi.processors.standard.RouteText - RouteText[id=fc47b1db-e7ae-450c-887b-29adc31df765] Adding new dynamic property: PropertyDescriptor[simple]
[pool-3665-thread-1] INFO org.apache.nifi.processors.standard.RouteText - RouteText[id=fc47b1db-e7ae-450c-887b-29adc31df765] Created FlowFile[2687,96218036767953.mockFlowFile,24B] from FlowFile[2686,96218036767953.mockFlowFile,24B]; routing to relationship simple
[pool-3665-thread-1] INFO org.apache.nifi.processors.standard.RouteText - RouteText[id=fc47b1db-e7ae-450c-887b-29adc31df765] Routing FlowFile[2686,96218036767953.mockFlowFile,24B] to original
[main] DEBUG org.apache.nifi.processors.standard.RouteText - RouteText[id=fc47b1db-e7ae-450c-887b-29adc31df765] Adding new dynamic property: PropertyDescriptor[simple]
[pool-3666-thread-1] INFO org.apache.nifi.processors.standard.RouteText - RouteText[id=fc47b1db-e7ae-450c-887b-29adc31df765] Created FlowFile[2689,96218037170372.mockFlowFile,24B] from FlowFile[2688,96218037170372.mockFlowFile,24B]; routing to relationship simple
[pool-3666-thread-1] INFO org.apache.nifi.processors.standard.RouteText - RouteText[id=fc47b1db-e7ae-450c-887b-29adc31df765] Routing FlowFile[2688,96218037170372.mockFlowFile,24B] to original
[main] DEBUG org.apache.nifi.processors.standard.RouteText - RouteText[id=fc47b1db-e7ae-450c-887b-29adc31df765] Adding new dynamic property: PropertyDescriptor[simple]
[pool-3667-thread-1] INFO org.apache.nifi.processors.standard.RouteText - RouteText[id=fc47b1db-e7ae-450c-887b-29adc31df765] Created FlowFile[2691,96218037665965.mockFlowFile,24B] from FlowFile[2690,96218037665965.mockFlowFile,24B]; routing to relationship simple
[pool-3667-thread-1] INFO org.apache.nifi.processors.standard.RouteText - RouteText[id=fc47b1db-e7ae-450c-887b-29adc31df765] Routing FlowFile[2690,96218037665965.mockFlowFile,24B] to original
[main] DEBUG org.apache.nifi.processors.standard.RouteText - RouteText[id=fc47b1db-e7ae-450c-887b-29adc31df765] Adding new dynamic property: PropertyDescriptor[simple]
[pool-3668-thread-1] INFO org.apache.nifi.processors.standard.RouteText - RouteText[id=fc47b1db-e7ae-450c-887b-29adc31df765] Created FlowFile[2693,96218038138821.mockFlowFile,24B] from FlowFile[2692,96218038138821.mockFlowFile,24B]; routing to relationship simple
[pool-3668-thread-1] INFO org.apache.nifi.processors.standard.RouteText - RouteText[id=fc47b1db-e7ae-450c-887b-29adc31df765] Routing FlowFile[2692,96218038138821.mockFlowFile,24B] to original
[main] DEBUG org.apache.nifi.processors.standard.RouteText - RouteText[id=fc47b1db-e7ae-450c-887b-29adc31df765] Adding new dynamic property: PropertyDescriptor[simple]
[pool-3669-thread-1] INFO org.apache.nifi.processors.standard.RouteText - RouteText[id=fc47b1db-e7ae-450c-887b-29adc31df765] Created FlowFile[2695,96218038619642.mockFlowFile,24B] from FlowFile[2694,96218038619642.mockFlowFile,24B]; routing to relationship simple
[pool-3669-thread-1] INFO org.apache.nifi.processors.standard.RouteText - RouteText[id=fc47b1db-e7ae-450c-887b-29adc31df765] Routing FlowFile[2694,96218038619642.mockFlowFile,24B] to original
[main] DEBUG org.apache.nifi.processors.standard.RouteText - RouteText[id=fc47b1db-e7ae-450c-887b-29adc31df765] Adding new dynamic property: PropertyDescriptor[simple]
[pool-3670-thread-1] INFO org.apache.nifi.processors.standard.RouteText - RouteText[id=fc47b1db-e7ae-450c-887b-29adc31df765] Created FlowFile[2697,96218039079622.mockFlowFile,24B] from FlowFile[2696,96218039079622.mockFlowFile,24B]; routing to relationship simple
[pool-3670-thread-1] INFO org.apache.nifi.processors.standard.RouteText - RouteText[id=fc47b1db-e7ae-450c-887b-29adc31df765] Routing FlowFile[2696,96218039079622.mockFlowFile,24B] to original
[main] DEBUG org.apache.nifi.processors.standard.RouteText - RouteText[id=fc47b1db-e7ae-450c-887b-29adc31df765] Adding new dynamic property: PropertyDescriptor[simple]
[pool-3671-thread-1] INFO org.apache.nifi.processors.standard.RouteText - RouteText[id=fc47b1db-e7ae-450c-887b-29adc31df765] Created FlowFile[2699,96218039535681.mockFlowFile,24B] from FlowFile[2698,96218039535681.mockFlowFile,24B]; routing to relationship simple
[pool-3671-thread-1] INFO org.apache.nifi.processors.standard.RouteText - RouteText[id=fc47b1db-e7ae-450c-887b-29adc31df765] Routing FlowFile[2698,96218039535681.mockFlowFile,24B] to original
[main] DEBUG org.apache.nifi.processors.standard.RouteText - RouteText[id=fc47b1db-e7ae-450c-887b-29adc31df765] Adding new dynamic property: PropertyDescriptor[simple]
[pool-3672-thread-1] INFO org.apache.nifi.processors.standard.RouteText - RouteText[id=fc47b1db-e7ae-450c-887b-29adc31df765] Created FlowFile[2701,96218039979415.mockFlowFile,24B] from FlowFile[2700,96218039979415.mockFlowFile,24B]; routing to relationship simple
[pool-3672-thread-1] INFO org.apache.nifi.processors.standard.RouteText - RouteText[id=fc47b1db-e7ae-450c-887b-29adc31df765] Routing FlowFile[2700,96218039979415.mockFlowFile,24B] to original
[main] DEBUG org.apache.nifi.processors.standard.RouteText - RouteText[id=fc47b1db-e7ae-450c-887b-29adc31df765] Adding new dynamic property: PropertyDescriptor[simple]
[pool-3673-thread-1] INFO org.apache.nifi.processors.standard.RouteText - RouteText[id=fc47b1db-e7ae-450c-887b-29adc31df765] Created FlowFile[2703,96218040488540.mockFlowFile,24B] from FlowFile[2702,96218040488540.mockFlowFile,24B]; routing to relationship simple
[pool-3673-thread-1] INFO org.apache.nifi.processors.standard.RouteText - RouteText[id=fc47b1db-e7ae-450c-887b-29adc31df765] Routing FlowFile[2702,96218040488540.mockFlowFile,24B] to original
[main] DEBUG org.apache.nifi.processors.standard.RouteText - RouteText[id=fc47b1db-e7ae-450c-887b-29adc31df765] Adding new dynamic property: PropertyDescriptor[simple]
[pool-3674-thread-1] INFO org.apache.nifi.processors.standard.RouteText - RouteText[id=fc47b1db-e7ae-450c-887b-29adc31df765] Created FlowFile[2705,96218040945221.mockFlowFile,24B] from FlowFile[2704,96218040945221.mockFlowFile,24B]; routing to relationship simple
[pool-3674-thread-1] INFO org.apache.nifi.processors.standard.RouteText - RouteText[id=fc47b1db-e7ae-450c-887b-29adc31df765] Routing FlowFile[2704,96218040945221.mockFlowFile,24B] to original
[main] DEBUG org.apache.nifi.processors.standard.RouteText - RouteText[id=fc47b1db-e7ae-450c-887b-29adc31df765] Adding new dynamic property: PropertyDescriptor[simple]
[pool-3675-thread-1] INFO org.apache.nifi.processors.standard.RouteText - RouteText[id=fc47b1db-e7ae-450c-887b-29adc31df765] Created FlowFile[2707,96218041395115.mockFlowFile,24B] from FlowFile[2706,96218041395115.mockFlowFile,24B]; routing to relationship simple
[pool-3675-thread-1] INFO org.apache.nifi.processors.standard.RouteText - RouteText[id=fc47b1db-e7ae-450c-887b-29adc31df765] Routing FlowFile[2706,96218041395115.mockFlowFile,24B] to original
[main] DEBUG org.apache.nifi.processors.standard.RouteText - RouteText[id=fc47b1db-e7ae-450c-887b-29adc31df765] Adding new dynamic property: PropertyDescriptor[simple]
[pool-3676-thread-1] INFO org.apache.nifi.processors.standard.RouteText - RouteText[id=fc47b1db-e7ae-450c-887b-29adc31df765] Created FlowFile[2709,96218041834428.mockFlowFile,24B] from FlowFile[2708,96218041834428.mockFlowFile,24B]; routing to relationship simple
[pool-3676-thread-1] INFO org.apache.nifi.processors.standard.RouteText - RouteText[id=fc47b1db-e7ae-450c-887b-29adc31df765] Routing FlowFile[2708,96218041834428.mockFlowFile,24B] to original
[main] DEBUG org.apache.nifi.processors.standard.RouteText - RouteText[id=fc47b1db-e7ae-450c-887b-29adc31df765] Adding new dynamic property: PropertyDescriptor[simple]
[pool-3677-thread-1] INFO org.apache.nifi.processors.standard.RouteText - RouteText[id=fc47b1db-e7ae-450c-887b-29adc31df765] Created FlowFile[2711,96218042258675.mockFlowFile,24B] from FlowFile[2710,96218042258675.mockFlowFile,24B]; routing to relationship simple
[pool-3677-thread-1] INFO org.apache.nifi.processors.standard.RouteText - RouteText[id=fc47b1db-e7ae-450c-887b-29adc31df765] Routing FlowFile[2710,96218042258675.mockFlowFile,24B] to original
[main] DEBUG org.apache.nifi.processors.standard.RouteText - RouteText[id=fc47b1db-e7ae-450c-887b-29adc31df765] Adding new dynamic property: PropertyDescriptor[simple]
[pool-3678-thread-1] INFO org.apache.nifi.processors.standard.RouteText - RouteText[id=fc47b1db-e7ae-450c-887b-29adc31df765] Created FlowFile[2713,96218042691220.mockFlowFile,24B] from FlowFile[2712,96218042691220.mockFlowFile,24B]; routing to relationship simple
[pool-3678-thread-1] INFO org.apache.nifi.processors.standard.RouteText - RouteText[id=fc47b1db-e7ae-450c-887b-29adc31df765] Routing FlowFile[2712,96218042691220.mockFlowFile,24B] to original
[main] DEBUG org.apache.nifi.processors.standard.RouteText - RouteText[id=fc47b1db-e7ae-450c-887b-29adc31df765] Adding new dynamic property: PropertyDescriptor[simple]
[pool-3679-thread-1] INFO org.apache.nifi.processors.standard.RouteText - RouteText[id=fc47b1db-e7ae-450c-887b-29adc31df765] Created FlowFile[2715,96218043122272.mockFlowFile,24B] from FlowFile[2714,96218043122272.mockFlowFile,24B]; routing to relationship simple
[pool-3679-thread-1] INFO org.apache.nifi.processors.standard.RouteText - RouteText[id=fc47b1db-e7ae-450c-887b-29adc31df765] Routing FlowFile[2714,96218043122272.mockFlowFile,24B] to original
[main] DEBUG org.apache.nifi.processors.standard.RouteText - RouteText[id=fc47b1db-e7ae-450c-887b-29adc31df765] Adding new dynamic property: PropertyDescriptor[simple]
[pool-3680-thread-1] INFO org.apache.nifi.processors.standard.RouteText - RouteText[id=fc47b1db-e7ae-450c-887b-29adc31df765] Created FlowFile[2717,96218043549090.mockFlowFile,24B] from FlowFile[2716,96218043549090.mockFlowFile,24B]; routing to relationship simple
[pool-3680-thread-1] INFO org.apache.nifi.processors.standard.RouteText - RouteText[id=fc47b1db-e7ae-450c-887b-29adc31df765] Routing FlowFile[2716,96218043549090.mockFlowFile,24B] to original
[main] DEBUG org.apache.nifi.processors.standard.RouteText - RouteText[id=fc47b1db-e7ae-450c-887b-29adc31df765] Adding new dynamic property: PropertyDescriptor[simple]
[pool-3681-thread-1] INFO org.apache.nifi.processors.standard.RouteText - RouteText[id=fc47b1db-e7ae-450c-887b-29adc31df765] Created FlowFile[2719,96218043975158.mockFlowFile,24B] from FlowFile[2718,96218043975158.mockFlowFile,24B]; routing to relationship simple
[pool-3681-thread-1] INFO org.apache.nifi.processors.standard.RouteText - RouteText[id=fc47b1db-e7ae-450c-887b-29adc31df765] Routing FlowFile[2718,96218043975158.mockFlowFile,24B] to original
[main] DEBUG org.apache.nifi.processors.standard.RouteText - RouteText[id=fc47b1db-e7ae-450c-887b-29adc31df765] Adding new dynamic property: PropertyDescriptor[simple]
[pool-3682-thread-1] INFO org.apache.nifi.processors.standard.RouteText - RouteText[id=fc47b1db-e7ae-450c-887b-29adc31df765] Created FlowFile[2721,96218044420680.mockFlowFile,24B] from FlowFile[2720,96218044420680.mockFlowFile,24B]; routing to relationship simple
[pool-3682-thread-1] INFO org.apache.nifi.processors.standard.RouteText - RouteText[id=fc47b1db-e7ae-450c-887b-29adc31df765] Routing FlowFile[2720,96218044420680.mockFlowFile,24B] to original
[main] DEBUG org.apache.nifi.processors.standard.RouteText - RouteText[id=fc47b1db-e7ae-450c-887b-29adc31df765] Adding new dynamic property: PropertyDescriptor[simple]
[pool-3683-thread-1] INFO org.apache.nifi.processors.standard.RouteText - RouteText[id=fc47b1db-e7ae-450c-887b-29adc31df765] Created FlowFile[2723,96218044853894.mockFlowFile,24B] from FlowFile[2722,96218044853894.mockFlowFile,24B]; routing to relationship simple
[pool-3683-thread-1] INFO org.apache.nifi.processors.standard.RouteText - RouteText[id=fc47b1db-e7ae-450c-887b-29adc31df765] Routing FlowFile[2722,96218044853894.mockFlowFile,24B] to original
[main] DEBUG org.apache.nifi.processors.standard.RouteText - RouteText[id=fc47b1db-e7ae-450c-887b-29adc31df765] Adding new dynamic property: PropertyDescriptor[simple]
[pool-3684-thread-1] INFO org.apache.nifi.processors.standard.RouteText - RouteText[id=fc47b1db-e7ae-450c-887b-29adc31df765] Created FlowFile[2725,96218045289312.mockFlowFile,24B] from FlowFile[2724,96218045289312.mockFlowFile,24B]; routing to relationship simple
[pool-3684-thread-1] INFO org.apache.nifi.processors.standard.RouteText - RouteText[id=fc47b1db-e7ae-450c-887b-29adc31df765] Routing FlowFile[2724,96218045289312.mockFlowFile,24B] to original
[main] DEBUG org.apache.nifi.processors.standard.RouteText - RouteText[id=fc47b1db-e7ae-450c-887b-29adc31df765] Adding new dynamic property: PropertyDescriptor[simple]
[pool-3685-thread-1] INFO org.apache.nifi.processors.standard.RouteText - RouteText[id=fc47b1db-e7ae-450c-887b-29adc31df765] Created FlowFile[2727,96218045735155.mockFlowFile,24B] from FlowFile[2726,96218045735155.mockFlowFile,24B]; routing to relationship simple
[pool-3685-thread-1] INFO org.apache.nifi.processors.standard.RouteText - RouteText[id=fc47b1db-e7ae-450c-887b-29adc31df765] Routing FlowFile[2726,96218045735155.mockFlowFile,24B] to original
[main] DEBUG org.apache.nifi.processors.standard.RouteText - RouteText[id=fc47b1db-e7ae-450c-887b-29adc31df765] Adding new dynamic property: PropertyDescriptor[simple]
[pool-3686-thread-1] INFO org.apache.nifi.processors.standard.RouteText - RouteText[id=fc47b1db-e7ae-450c-887b-29adc31df765] Created FlowFile[2729,96218046162228.mockFlowFile,24B] from FlowFile[2728,96218046162228.mockFlowFile,24B]; routing to relationship simple
[pool-3686-thread-1] INFO org.apache.nifi.processors.standard.RouteText - RouteText[id=fc47b1db-e7ae-450c-887b-29adc31df765] Routing FlowFile[2728,96218046162228.mockFlowFile,24B] to original
[main] DEBUG org.apache.nifi.processors.standard.RouteText - RouteText[id=fc47b1db-e7ae-450c-887b-29adc31df765] Adding new dynamic property: PropertyDescriptor[simple]
[pool-3687-thread-1] INFO org.apache.nifi.processors.standard.RouteText - RouteText[id=fc47b1db-e7ae-450c-887b-29adc31df765] Created FlowFile[2731,96218046590036.mockFlowFile,24B] from FlowFile[2730,96218046590036.mockFlowFile,24B]; routing to relationship simple
[pool-3687-thread-1] INFO org.apache.nifi.processors.standard.RouteText - RouteText[id=fc47b1db-e7ae-450c-887b-29adc31df765] Routing FlowFile[2730,96218046590036.mockFlowFile,24B] to original
[main] DEBUG org.apache.nifi.processors.standard.RouteText - RouteText[id=fc47b1db-e7ae-450c-887b-29adc31df765] Adding new dynamic property: PropertyDescriptor[simple]
[pool-3688-thread-1] INFO org.apache.nifi.processors.standard.RouteText - RouteText[id=fc47b1db-e7ae-450c-887b-29adc31df765] Created FlowFile[2733,96218047009456.mockFlowFile,24B] from FlowFile[2732,96218047009456.mockFlowFile,24B]; routing to relationship simple
[pool-3688-thread-1] INFO org.apache.nifi.processors.standard.RouteText - RouteText[id=fc47b1db-e7ae-450c-887b-29adc31df765] Routing FlowFile[2732,96218047009456.mockFlowFile,24B] to original
[main] DEBUG org.apache.nifi.processors.standard.RouteText - RouteText[id=fc47b1db-e7ae-450c-887b-29adc31df765] Adding new dynamic property: PropertyDescriptor[simple]
[pool-3689-thread-1] INFO org.apache.nifi.processors.standard.RouteText - RouteText[id=fc47b1db-e7ae-450c-887b-29adc31df765] Created FlowFile[2735,96218047431964.mockFlowFile,24B] from FlowFile[2734,96218047431964.mockFlowFile,24B]; routing to relationship simple
[pool-3689-thread-1] INFO org.apache.nifi.processors.standard.RouteText - RouteText[id=fc47b1db-e7ae-450c-887b-29adc31df765] Routing FlowFile[2734,96218047431964.mockFlowFile,24B] to original
[main] DEBUG org.apache.nifi.processors.standard.RouteText - RouteText[id=fc47b1db-e7ae-450c-887b-29adc31df765] Adding new dynamic property: PropertyDescriptor[simple]
[pool-3690-thread-1] INFO org.apache.nifi.processors.standard.RouteText - RouteText[id=fc47b1db-e7ae-450c-887b-29adc31df765] Created FlowFile[2737,96218047870307.mockFlowFile,24B] from FlowFile[2736,96218047870307.mockFlowFile,24B]; routing to relationship simple
[pool-3690-thread-1] INFO org.apache.nifi.processors.standard.RouteText - RouteText[id=fc47b1db-e7ae-450c-887b-29adc31df765] Routing FlowFile[2736,96218047870307.mockFlowFile,24B] to original
[main] DEBUG org.apache.nifi.processors.standard.RouteText - RouteText[id=fc47b1db-e7ae-450c-887b-29adc31df765] Adding new dynamic property: PropertyDescriptor[simple]
[pool-3691-thread-1] INFO org.apache.nifi.processors.standard.RouteText - RouteText[id=fc47b1db-e7ae-450c-887b-29adc31df765] Created FlowFile[2739,96218048320225.mockFlowFile,24B] from FlowFile[2738,96218048320225.mockFlowFile,24B]; routing to relationship simple
[pool-3691-thread-1] INFO org.apache.nifi.processors.standard.RouteText - RouteText[id=fc47b1db-e7ae-450c-887b-29adc31df765] Routing FlowFile[2738,96218048320225.mockFlowFile,24B] to original
[main] DEBUG org.apache.nifi.processors.standard.RouteText - RouteText[id=fc47b1db-e7ae-450c-887b-29adc31df765] Adding new dynamic property: PropertyDescriptor[simple]
[pool-3692-thread-1] INFO org.apache.nifi.processors.standard.RouteText - RouteText[id=fc47b1db-e7ae-450c-887b-29adc31df765] Created FlowFile[2741,96218048798596.mockFlowFile,24B] from FlowFile[2740,96218048798596.mockFlowFile,24B]; routing to relationship simple
[pool-3692-thread-1] INFO org.apache.nifi.processors.standard.RouteText - RouteText[id=fc47b1db-e7ae-450c-887b-29adc31df765] Routing FlowFile[2740,96218048798596.mockFlowFile,24B] to original
[main] DEBUG org.apache.nifi.processors.standard.RouteText - RouteText[id=fc47b1db-e7ae-450c-887b-29adc31df765] Adding new dynamic property: PropertyDescriptor[simple]
[pool-3693-thread-1] INFO org.apache.nifi.processors.standard.RouteText - RouteText[id=fc47b1db-e7ae-450c-887b-29adc31df765] Created FlowFile[2743,96218049252245.mockFlowFile,24B] from FlowFile[2742,96218049252245.mockFlowFile,24B]; routing to relationship simple
[pool-3693-thread-1] INFO org.apache.nifi.processors.standard.RouteText - RouteText[id=fc47b1db-e7ae-450c-887b-29adc31df765] Routing FlowFile[2742,96218049252245.mockFlowFile,24B] to original
[main] DEBUG org.apache.nifi.processors.standard.RouteText - RouteText[id=fc47b1db-e7ae-450c-887b-29adc31df765] Adding new dynamic property: PropertyDescriptor[simple]
[pool-3694-thread-1] INFO org.apache.nifi.processors.standard.RouteText - RouteText[id=fc47b1db-e7ae-450c-887b-29adc31df765] Created FlowFile[2745,96218049709263.mockFlowFile,24B] from FlowFile[2744,96218049709263.mockFlowFile,24B]; routing to relationship simple
[pool-3694-thread-1] INFO org.apache.nifi.processors.standard.RouteText - RouteText[id=fc47b1db-e7ae-450c-887b-29adc31df765] Routing FlowFile[2744,96218049709263.mockFlowFile,24B] to original
[main] DEBUG org.apache.nifi.processors.standard.RouteText - RouteText[id=fc47b1db-e7ae-450c-887b-29adc31df765] Adding new dynamic property: PropertyDescriptor[simple]
[pool-3695-thread-1] INFO org.apache.nifi.processors.standard.RouteText - RouteText[id=fc47b1db-e7ae-450c-887b-29adc31df765] Created FlowFile[2747,96218050149331.mockFlowFile,24B] from FlowFile[2746,96218050149331.mockFlowFile,24B]; routing to relationship simple
[pool-3695-thread-1] INFO org.apache.nifi.processors.standard.RouteText - RouteText[id=fc47b1db-e7ae-450c-887b-29adc31df765] Routing FlowFile[2746,96218050149331.mockFlowFile,24B] to original
[main] DEBUG org.apache.nifi.processors.standard.RouteText - RouteText[id=fc47b1db-e7ae-450c-887b-29adc31df765] Adding new dynamic property: PropertyDescriptor[simple]
[pool-3696-thread-1] INFO org.apache.nifi.processors.standard.RouteText - RouteText[id=fc47b1db-e7ae-450c-887b-29adc31df765] Created FlowFile[2749,96218050575243.mockFlowFile,24B] from FlowFile[2748,96218050575243.mockFlowFile,24B]; routing to relationship simple
[pool-3696-thread-1] INFO org.apache.nifi.processors.standard.RouteText - RouteText[id=fc47b1db-e7ae-450c-887b-29adc31df765] Routing FlowFile[2748,96218050575243.mockFlowFile,24B] to original
[main] DEBUG org.apache.nifi.processors.standard.RouteText - RouteText[id=fc47b1db-e7ae-450c-887b-29adc31df765] Adding new dynamic property: PropertyDescriptor[simple]
[pool-3697-thread-1] INFO org.apache.nifi.processors.standard.RouteText - RouteText[id=fc47b1db-e7ae-450c-887b-29adc31df765] Created FlowFile[2751,96218050989343.mockFlowFile,24B] from FlowFile[2750,96218050989343.mockFlowFile,24B]; routing to relationship simple
[pool-3697-thread-1] INFO org.apache.nifi.processors.standard.RouteText - RouteText[id=fc47b1db-e7ae-450c-887b-29adc31df765] Routing FlowFile[2750,96218050989343.mockFlowFile,24B] to original
[main] DEBUG org.apache.nifi.processors.standard.RouteText - RouteText[id=fc47b1db-e7ae-450c-887b-29adc31df765] Adding new dynamic property: PropertyDescriptor[simple]
[pool-3698-thread-1] INFO org.apache.nifi.processors.standard.RouteText - RouteText[id=fc47b1db-e7ae-450c-887b-29adc31df765] Created FlowFile[2753,96218051407185.mockFlowFile,24B] from FlowFile[2752,96218051407185.mockFlowFile,24B]; routing to relationship simple
[pool-3698-thread-1] INFO org.apache.nifi.processors.standard.RouteText - RouteText[id=fc47b1db-e7ae-450c-887b-29adc31df765] Routing FlowFile[2752,96218051407185.mockFlowFile,24B] to original
[main] DEBUG org.apache.nifi.processors.standard.RouteText - RouteText[id=fc47b1db-e7ae-450c-887b-29adc31df765] Adding new dynamic property: PropertyDescriptor[simple]
[pool-3699-thread-1] INFO org.apache.nifi.processors.standard.RouteText - RouteText[id=fc47b1db-e7ae-450c-887b-29adc31df765] Created FlowFile[2755,96218051788998.mockFlowFile,24B] from FlowFile[2754,96218051788998.mockFlowFile,24B]; routing to relationship simple
[pool-3699-thread-1] INFO org.apache.nifi.processors.standard.RouteText - RouteText[id=fc47b1db-e7ae-450c-887b-29adc31df765] Routing FlowFile[2754,96218051788998.mockFlowFile,24B] to original
[main] DEBUG org.apache.nifi.processors.standard.RouteText - RouteText[id=fc47b1db-e7ae-450c-887b-29adc31df765] Adding new dynamic property: PropertyDescriptor[simple]
[pool-3700-thread-1] INFO org.apache.nifi.processors.standard.RouteText - RouteText[id=fc47b1db-e7ae-450c-887b-29adc31df765] Created FlowFile[2757,96218052262284.mockFlowFile,24B] from FlowFile[2756,96218052262284.mockFlowFile,24B]; routing to relationship simple
[pool-3700-thread-1] INFO org.apache.nifi.processors.standard.RouteText - RouteText[id=fc47b1db-e7ae-450c-887b-29adc31df765] Routing FlowFile[2756,96218052262284.mockFlowFile,24B] to original
[main] DEBUG org.apache.nifi.processors.standard.RouteText - RouteText[id=fc47b1db-e7ae-450c-887b-29adc31df765] Adding new dynamic property: PropertyDescriptor[simple]
[pool-3701-thread-1] INFO org.apache.nifi.processors.standard.RouteText - RouteText[id=fc47b1db-e7ae-450c-887b-29adc31df765] Created FlowFile[2759,96218052801179.mockFlowFile,24B] from FlowFile[2758,96218052801179.mockFlowFile,24B]; routing to relationship simple
[pool-3701-thread-1] INFO org.apache.nifi.processors.standard.RouteText - RouteText[id=fc47b1db-e7ae-450c-887b-29adc31df765] Routing FlowFile[2758,96218052801179.mockFlowFile,24B] to original
[main] DEBUG org.apache.nifi.processors.standard.RouteText - RouteText[id=fc47b1db-e7ae-450c-887b-29adc31df765] Adding new dynamic property: PropertyDescriptor[simple]
[pool-3702-thread-1] INFO org.apache.nifi.processors.standard.RouteText - RouteText[id=fc47b1db-e7ae-450c-887b-29adc31df765] Created FlowFile[2761,96218053328201.mockFlowFile,24B] from FlowFile[2760,96218053328201.mockFlowFile,24B]; routing to relationship simple
[pool-3702-thread-1] INFO org.apache.nifi.processors.standard.RouteText - RouteText[id=fc47b1db-e7ae-450c-887b-29adc31df765] Routing FlowFile[2760,96218053328201.mockFlowFile,24B] to original
[main] DEBUG org.apache.nifi.processors.standard.RouteText - RouteText[id=fc47b1db-e7ae-450c-887b-29adc31df765] Adding new dynamic property: PropertyDescriptor[simple]
[pool-3703-thread-1] INFO org.apache.nifi.processors.standard.RouteText - RouteText[id=fc47b1db-e7ae-450c-887b-29adc31df765] Created FlowFile[2763,96218053872066.mockFlowFile,24B] from FlowFile[2762,96218053872066.mockFlowFile,24B]; routing to relationship simple
[pool-3703-thread-1] INFO org.apache.nifi.processors.standard.RouteText - RouteText[id=fc47b1db-e7ae-450c-887b-29adc31df765] Routing FlowFile[2762,96218053872066.mockFlowFile,24B] to original
[main] DEBUG org.apache.nifi.processors.standard.RouteText - RouteText[id=fc47b1db-e7ae-450c-887b-29adc31df765] Adding new dynamic property: PropertyDescriptor[simple]
[pool-3704-thread-1] INFO org.apache.nifi.processors.standard.RouteText - RouteText[id=fc47b1db-e7ae-450c-887b-29adc31df765] Created FlowFile[2765,96218054325003.mockFlowFile,24B] from FlowFile[2764,96218054325003.mockFlowFile,24B]; routing to relationship simple
[pool-3704-thread-1] INFO org.apache.nifi.processors.standard.RouteText - RouteText[id=fc47b1db-e7ae-450c-887b-29adc31df765] Routing FlowFile[2764,96218054325003.mockFlowFile,24B] to original
[main] DEBUG org.apache.nifi.processors.standard.RouteText - RouteText[id=fc47b1db-e7ae-450c-887b-29adc31df765] Adding new dynamic property: PropertyDescriptor[simple]
[pool-3705-thread-1] INFO org.apache.nifi.processors.standard.RouteText - RouteText[id=fc47b1db-e7ae-450c-887b-29adc31df765] Created FlowFile[2767,96218054697266.mockFlowFile,24B] from FlowFile[2766,96218054697266.mockFlowFile,24B]; routing to relationship simple
[pool-3705-thread-1] INFO org.apache.nifi.processors.standard.RouteText - RouteText[id=fc47b1db-e7ae-450c-887b-29adc31df765] Routing FlowFile[2766,96218054697266.mockFlowFile,24B] to original
[main] DEBUG org.apache.nifi.processors.standard.RouteText - RouteText[id=fc47b1db-e7ae-450c-887b-29adc31df765] Adding new dynamic property: PropertyDescriptor[simple]
[pool-3706-thread-1] INFO org.apache.nifi.processors.standard.RouteText - RouteText[id=fc47b1db-e7ae-450c-887b-29adc31df765] Created FlowFile[2769,96218055056800.mockFlowFile,24B] from FlowFile[2768,96218055056800.mockFlowFile,24B]; routing to relationship simple
[pool-3706-thread-1] INFO org.apache.nifi.processors.standard.RouteText - RouteText[id=fc47b1db-e7ae-450c-887b-29adc31df765] Routing FlowFile[2768,96218055056800.mockFlowFile,24B] to original
[main] DEBUG org.apache.nifi.processors.standard.RouteText - RouteText[id=fc47b1db-e7ae-450c-887b-29adc31df765] Adding new dynamic property: PropertyDescriptor[simple]
[pool-3707-thread-1] INFO org.apache.nifi.processors.standard.RouteText - RouteText[id=fc47b1db-e7ae-450c-887b-29adc31df765] Created FlowFile[2771,96218055594023.mockFlowFile,24B] from FlowFile[2770,96218055594023.mockFlowFile,24B]; routing to relationship simple
[pool-3707-thread-1] INFO org.apache.nifi.processors.standard.RouteText - RouteText[id=fc47b1db-e7ae-450c-887b-29adc31df765] Routing FlowFile[2770,96218055594023.mockFlowFile,24B] to original
[main] DEBUG org.apache.nifi.processors.standard.RouteText - RouteText[id=fc47b1db-e7ae-450c-887b-29adc31df765] Adding new dynamic property: PropertyDescriptor[simple]
[pool-3708-thread-1] INFO org.apache.nifi.processors.standard.RouteText - RouteText[id=fc47b1db-e7ae-450c-887b-29adc31df765] Created FlowFile[2773,96218056029692.mockFlowFile,24B] from FlowFile[2772,96218056029692.mockFlowFile,24B]; routing to relationship simple
[pool-3708-thread-1] INFO org.apache.nifi.processors.standard.RouteText - RouteText[id=fc47b1db-e7ae-450c-887b-29adc31df765] Routing FlowFile[2772,96218056029692.mockFlowFile,24B] to original
[main] DEBUG org.apache.nifi.processors.standard.RouteText - RouteText[id=fc47b1db-e7ae-450c-887b-29adc31df765] Adding new dynamic property: PropertyDescriptor[simple]
[pool-3709-thread-1] INFO org.apache.nifi.processors.standard.RouteText - RouteText[id=fc47b1db-e7ae-450c-887b-29adc31df765] Created FlowFile[2775,96218056420555.mockFlowFile,24B] from FlowFile[2774,96218056420555.mockFlowFile,24B]; routing to relationship simple
[pool-3709-thread-1] INFO org.apache.nifi.processors.standard.RouteText - RouteText[id=fc47b1db-e7ae-450c-887b-29adc31df765] Routing FlowFile[2774,96218056420555.mockFlowFile,24B] to original
[main] DEBUG org.apache.nifi.processors.standard.RouteText - RouteText[id=fc47b1db-e7ae-450c-887b-29adc31df765] Adding new dynamic property: PropertyDescriptor[simple]
[pool-3710-thread-1] INFO org.apache.nifi.processors.standard.RouteText - RouteText[id=fc47b1db-e7ae-450c-887b-29adc31df765] Created FlowFile[2777,96218056835675.mockFlowFile,24B] from FlowFile[2776,96218056835675.mockFlowFile,24B]; routing to relationship simple
[pool-3710-thread-1] INFO org.apache.nifi.processors.standard.RouteText - RouteText[id=fc47b1db-e7ae-450c-887b-29adc31df765] Routing FlowFile[2776,96218056835675.mockFlowFile,24B] to original
[main] DEBUG org.apache.nifi.processors.standard.RouteText - RouteText[id=fc47b1db-e7ae-450c-887b-29adc31df765] Adding new dynamic property: PropertyDescriptor[simple]
[pool-3711-thread-1] INFO org.apache.nifi.processors.standard.RouteText - RouteText[id=fc47b1db-e7ae-450c-887b-29adc31df765] Created FlowFile[2779,96218057376941.mockFlowFile,24B] from FlowFile[2778,96218057376941.mockFlowFile,24B]; routing to relationship simple
[pool-3711-thread-1] INFO org.apache.nifi.processors.standard.RouteText - RouteText[id=fc47b1db-e7ae-450c-887b-29adc31df765] Routing FlowFile[2778,96218057376941.mockFlowFile,24B] to original
[main] DEBUG org.apache.nifi.processors.standard.RouteText - RouteText[id=fc47b1db-e7ae-450c-887b-29adc31df765] Adding new dynamic property: PropertyDescriptor[simple]
[pool-3712-thread-1] INFO org.apache.nifi.processors.standard.RouteText - RouteText[id=fc47b1db-e7ae-450c-887b-29adc31df765] Created FlowFile[2781,96218057787697.mockFlowFile,24B] from FlowFile[2780,96218057787697.mockFlowFile,24B]; routing to relationship simple
[pool-3712-thread-1] INFO org.apache.nifi.processors.standard.RouteText - RouteText[id=fc47b1db-e7ae-450c-887b-29adc31df765] Routing FlowFile[2780,96218057787697.mockFlowFile,24B] to original
[main] DEBUG org.apache.nifi.processors.standard.RouteText - RouteText[id=fc47b1db-e7ae-450c-887b-29adc31df765] Adding new dynamic property: PropertyDescriptor[simple]
[pool-3713-thread-1] INFO org.apache.nifi.processors.standard.RouteText - RouteText[id=fc47b1db-e7ae-450c-887b-29adc31df765] Created FlowFile[2783,96218058190501.mockFlowFile,24B] from FlowFile[2782,96218058190501.mockFlowFile,24B]; routing to relationship simple
[pool-3713-thread-1] INFO org.apache.nifi.processors.standard.RouteText - RouteText[id=fc47b1db-e7ae-450c-887b-29adc31df765] Routing FlowFile[2782,96218058190501.mockFlowFile,24B] to original
[main] DEBUG org.apache.nifi.processors.standard.RouteText - RouteText[id=fc47b1db-e7ae-450c-887b-29adc31df765] Adding new dynamic property: PropertyDescriptor[simple]
[pool-3714-thread-1] INFO org.apache.nifi.processors.standard.RouteText - RouteText[id=fc47b1db-e7ae-450c-887b-29adc31df765] Created FlowFile[2785,96218058588346.mockFlowFile,24B] from FlowFile[2784,96218058588346.mockFlowFile,24B]; routing to relationship simple
[pool-3714-thread-1] INFO org.apache.nifi.processors.standard.RouteText - RouteText[id=fc47b1db-e7ae-450c-887b-29adc31df765] Routing FlowFile[2784,96218058588346.mockFlowFile,24B] to original
[main] DEBUG org.apache.nifi.processors.standard.RouteText - RouteText[id=fc47b1db-e7ae-450c-887b-29adc31df765] Adding new dynamic property: PropertyDescriptor[simple]
[pool-3715-thread-1] INFO org.apache.nifi.processors.standard.RouteText - RouteText[id=fc47b1db-e7ae-450c-887b-29adc31df765] Created FlowFile[2787,96218059019098.mockFlowFile,24B] from FlowFile[2786,96218059019098.mockFlowFile,24B]; routing to relationship simple
[pool-3715-thread-1] INFO org.apache.nifi.processors.standard.RouteText - RouteText[id=fc47b1db-e7ae-450c-887b-29adc31df765] Routing FlowFile[2786,96218059019098.mockFlowFile,24B] to original
[main] DEBUG org.apache.nifi.processors.standard.RouteText - RouteText[id=fc47b1db-e7ae-450c-887b-29adc31df765] Adding new dynamic property: PropertyDescriptor[simple]
[pool-3716-thread-1] INFO org.apache.nifi.processors.standard.RouteText - RouteText[id=fc47b1db-e7ae-450c-887b-29adc31df765] Created FlowFile[2789,96218059450457.mockFlowFile,24B] from FlowFile[2788,96218059450457.mockFlowFile,24B]; routing to relationship simple
[pool-3716-thread-1] INFO org.apache.nifi.processors.standard.RouteText - RouteText[id=fc47b1db-e7ae-450c-887b-29adc31df765] Routing FlowFile[2788,96218059450457.mockFlowFile,24B] to original
[main] DEBUG org.apache.nifi.processors.standard.RouteText - RouteText[id=fc47b1db-e7ae-450c-887b-29adc31df765] Adding new dynamic property: PropertyDescriptor[simple]
[pool-3717-thread-1] INFO org.apache.nifi.processors.standard.RouteText - RouteText[id=fc47b1db-e7ae-450c-887b-29adc31df765] Created FlowFile[2791,96218059895720.mockFlowFile,24B] from FlowFile[2790,96218059895720.mockFlowFile,24B]; routing to relationship simple
[pool-3717-thread-1] INFO org.apache.nifi.processors.standard.RouteText - RouteText[id=fc47b1db-e7ae-450c-887b-29adc31df765] Routing FlowFile[2790,96218059895720.mockFlowFile,24B] to original
[main] DEBUG org.apache.nifi.processors.standard.RouteText - RouteText[id=fc47b1db-e7ae-450c-887b-29adc31df765] Adding new dynamic property: PropertyDescriptor[simple]
[pool-3718-thread-1] INFO org.apache.nifi.processors.standard.RouteText - RouteText[id=fc47b1db-e7ae-450c-887b-29adc31df765] Created FlowFile[2793,96218060339890.mockFlowFile,24B] from FlowFile[2792,96218060339890.mockFlowFile,24B]; routing to relationship simple
[pool-3718-thread-1] INFO org.apache.nifi.processors.standard.RouteText - RouteText[id=fc47b1db-e7ae-450c-887b-29adc31df765] Routing FlowFile[2792,96218060339890.mockFlowFile,24B] to original
[main] DEBUG org.apache.nifi.processors.standard.RouteText - RouteText[id=fc47b1db-e7ae-450c-887b-29adc31df765] Adding new dynamic property: PropertyDescriptor[simple]
[pool-3719-thread-1] INFO org.apache.nifi.processors.standard.RouteText - RouteText[id=fc47b1db-e7ae-450c-887b-29adc31df765] Created FlowFile[2795,96218060782471.mockFlowFile,24B] from FlowFile[2794,96218060782471.mockFlowFile,24B]; routing to relationship simple
[pool-3719-thread-1] INFO org.apache.nifi.processors.standard.RouteText - RouteText[id=fc47b1db-e7ae-450c-887b-29adc31df765] Routing FlowFile[2794,96218060782471.mockFlowFile,24B] to original
[main] DEBUG org.apache.nifi.processors.standard.RouteText - RouteText[id=fc47b1db-e7ae-450c-887b-29adc31df765] Adding new dynamic property: PropertyDescriptor[simple]
[pool-3720-thread-1] INFO org.apache.nifi.processors.standard.RouteText - RouteText[id=fc47b1db-e7ae-450c-887b-29adc31df765] Created FlowFile[2797,96218061204622.mockFlowFile,24B] from FlowFile[2796,96218061204622.mockFlowFile,24B]; routing to relationship simple
[pool-3720-thread-1] INFO org.apache.nifi.processors.standard.RouteText - RouteText[id=fc47b1db-e7ae-450c-887b-29adc31df765] Routing FlowFile[2796,96218061204622.mockFlowFile,24B] to original
[main] DEBUG org.apache.nifi.processors.standard.RouteText - RouteText[id=fc47b1db-e7ae-450c-887b-29adc31df765] Adding new dynamic property: PropertyDescriptor[simple]
[pool-3721-thread-1] INFO org.apache.nifi.processors.standard.RouteText - RouteText[id=fc47b1db-e7ae-450c-887b-29adc31df765] Created FlowFile[2799,96218061623854.mockFlowFile,24B] from FlowFile[2798,96218061623854.mockFlowFile,24B]; routing to relationship simple
[pool-3721-thread-1] INFO org.apache.nifi.processors.standard.RouteText - RouteText[id=fc47b1db-e7ae-450c-887b-29adc31df765] Routing FlowFile[2798,96218061623854.mockFlowFile,24B] to original
[main] DEBUG org.apache.nifi.processors.standard.RouteText - RouteText[id=fc47b1db-e7ae-450c-887b-29adc31df765] Adding new dynamic property: PropertyDescriptor[simple]
[pool-3722-thread-1] INFO org.apache.nifi.processors.standard.RouteText - RouteText[id=fc47b1db-e7ae-450c-887b-29adc31df765] Created FlowFile[2801,96218062075057.mockFlowFile,24B] from FlowFile[2800,96218062075057.mockFlowFile,24B]; routing to relationship simple
[pool-3722-thread-1] INFO org.apache.nifi.processors.standard.RouteText - RouteText[id=fc47b1db-e7ae-450c-887b-29adc31df765] Routing FlowFile[2800,96218062075057.mockFlowFile,24B] to original
[main] DEBUG org.apache.nifi.processors.standard.RouteText - RouteText[id=fc47b1db-e7ae-450c-887b-29adc31df765] Adding new dynamic property: PropertyDescriptor[simple]
[pool-3723-thread-1] INFO org.apache.nifi.processors.standard.RouteText - RouteText[id=fc47b1db-e7ae-450c-887b-29adc31df765] Created FlowFile[2803,96218062522515.mockFlowFile,24B] from FlowFile[2802,96218062522515.mockFlowFile,24B]; routing to relationship simple
[pool-3723-thread-1] INFO org.apache.nifi.processors.standard.RouteText - RouteText[id=fc47b1db-e7ae-450c-887b-29adc31df765] Routing FlowFile[2802,96218062522515.mockFlowFile,24B] to original
[main] DEBUG org.apache.nifi.processors.standard.RouteText - RouteText[id=fc47b1db-e7ae-450c-887b-29adc31df765] Adding new dynamic property: PropertyDescriptor[simple]
[pool-3724-thread-1] INFO org.apache.nifi.processors.standard.RouteText - RouteText[id=fc47b1db-e7ae-450c-887b-29adc31df765] Created FlowFile[2805,96218062984215.mockFlowFile,24B] from FlowFile[2804,96218062984215.mockFlowFile,24B]; routing to relationship simple
[pool-3724-thread-1] INFO org.apache.nifi.processors.standard.RouteText - RouteText[id=fc47b1db-e7ae-450c-887b-29adc31df765] Routing FlowFile[2804,96218062984215.mockFlowFile,24B] to original
[main] DEBUG org.apache.nifi.processors.standard.RouteText - RouteText[id=fc47b1db-e7ae-450c-887b-29adc31df765] Adding new dynamic property: PropertyDescriptor[simple]
[pool-3725-thread-1] INFO org.apache.nifi.processors.standard.RouteText - RouteText[id=fc47b1db-e7ae-450c-887b-29adc31df765] Created FlowFile[2807,96218063451423.mockFlowFile,24B] from FlowFile[2806,96218063451423.mockFlowFile,24B]; routing to relationship simple
[pool-3725-thread-1] INFO org.apache.nifi.processors.standard.RouteText - RouteText[id=fc47b1db-e7ae-450c-887b-29adc31df765] Routing FlowFile[2806,96218063451423.mockFlowFile,24B] to original
[main] DEBUG org.apache.nifi.processors.standard.RouteText - RouteText[id=fc47b1db-e7ae-450c-887b-29adc31df765] Adding new dynamic property: PropertyDescriptor[simple]
[pool-3726-thread-1] INFO org.apache.nifi.processors.standard.RouteText - RouteText[id=fc47b1db-e7ae-450c-887b-29adc31df765] Created FlowFile[2809,96218064022192.mockFlowFile,24B] from FlowFile[2808,96218064022192.mockFlowFile,24B]; routing to relationship simple
[pool-3726-thread-1] INFO org.apache.nifi.processors.standard.RouteText - RouteText[id=fc47b1db-e7ae-450c-887b-29adc31df765] Routing FlowFile[2808,96218064022192.mockFlowFile,24B] to original
[main] DEBUG org.apache.nifi.processors.standard.RouteText - RouteText[id=fc47b1db-e7ae-450c-887b-29adc31df765] Adding new dynamic property: PropertyDescriptor[simple]
[pool-3727-thread-1] INFO org.apache.nifi.processors.standard.RouteText - RouteText[id=fc47b1db-e7ae-450c-887b-29adc31df765] Created FlowFile[2811,96218064625862.mockFlowFile,24B] from FlowFile[2810,96218064625862.mockFlowFile,24B]; routing to relationship simple
[pool-3727-thread-1] INFO org.apache.nifi.processors.standard.RouteText - RouteText[id=fc47b1db-e7ae-450c-887b-29adc31df765] Routing FlowFile[2810,96218064625862.mockFlowFile,24B] to original
[main] DEBUG org.apache.nifi.processors.standard.RouteText - RouteText[id=fc47b1db-e7ae-450c-887b-29adc31df765] Adding new dynamic property: PropertyDescriptor[simple]
[pool-3728-thread-1] INFO org.apache.nifi.processors.standard.RouteText - RouteText[id=fc47b1db-e7ae-450c-887b-29adc31df765] Created FlowFile[2813,96218065138641.mockFlowFile,24B] from FlowFile[2812,96218065138641.mockFlowFile,24B]; routing to relationship simple
[pool-3728-thread-1] INFO org.apache.nifi.processors.standard.RouteText - RouteText[id=fc47b1db-e7ae-450c-887b-29adc31df765] Routing FlowFile[2812,96218065138641.mockFlowFile,24B] to original
[main] DEBUG org.apache.nifi.processors.standard.RouteText - RouteText[id=fc47b1db-e7ae-450c-887b-29adc31df765] Adding new dynamic property: PropertyDescriptor[simple]
[pool-3729-thread-1] INFO org.apache.nifi.processors.standard.RouteText - RouteText[id=fc47b1db-e7ae-450c-887b-29adc31df765] Created FlowFile[2815,96218065615058.mockFlowFile,24B] from FlowFile[2814,96218065615058.mockFlowFile,24B]; routing to relationship simple
[pool-3729-thread-1] INFO org.apache.nifi.processors.standard.RouteText - RouteText[id=fc47b1db-e7ae-450c-887b-29adc31df765] Routing FlowFile[2814,96218065615058.mockFlowFile,24B] to original
[main] DEBUG org.apache.nifi.processors.standard.RouteText - RouteText[id=fc47b1db-e7ae-450c-887b-29adc31df765] Adding new dynamic property: PropertyDescriptor[simple]
[pool-3730-thread-1] INFO org.apache.nifi.processors.standard.RouteText - RouteText[id=fc47b1db-e7ae-450c-887b-29adc31df765] Created FlowFile[2817,96218066085080.mockFlowFile,24B] from FlowFile[2816,96218066085080.mockFlowFile,24B]; routing to relationship simple
[pool-3730-thread-1] INFO org.apache.nifi.processors.standard.RouteText - RouteText[id=fc47b1db-e7ae-450c-887b-29adc31df765] Routing FlowFile[2816,96218066085080.mockFlowFile,24B] to original
[main] DEBUG org.apache.nifi.processors.standard.RouteText - RouteText[id=fc47b1db-e7ae-450c-887b-29adc31df765] Adding new dynamic property: PropertyDescriptor[simple]
[pool-3731-thread-1] INFO org.apache.nifi.processors.standard.RouteText - RouteText[id=fc47b1db-e7ae-450c-887b-29adc31df765] Created FlowFile[2819,96218066657739.mockFlowFile,24B] from FlowFile[2818,96218066657739.mockFlowFile,24B]; routing to relationship simple
[pool-3731-thread-1] INFO org.apache.nifi.processors.standard.RouteText - RouteText[id=fc47b1db-e7ae-450c-887b-29adc31df765] Routing FlowFile[2818,96218066657739.mockFlowFile,24B] to original
[main] DEBUG org.apache.nifi.processors.standard.RouteText - RouteText[id=fc47b1db-e7ae-450c-887b-29adc31df765] Adding new dynamic property: PropertyDescriptor[simple]
[pool-3732-thread-1] INFO org.apache.nifi.processors.standard.RouteText - RouteText[id=fc47b1db-e7ae-450c-887b-29adc31df765] Created FlowFile[2821,96218068488353.mockFlowFile,24B] from FlowFile[2820,96218068488353.mockFlowFile,24B]; routing to relationship simple
[pool-3732-thread-1] INFO org.apache.nifi.processors.standard.RouteText - RouteText[id=fc47b1db-e7ae-450c-887b-29adc31df765] Routing FlowFile[2820,96218068488353.mockFlowFile,24B] to original
[main] DEBUG org.apache.nifi.processors.standard.RouteText - RouteText[id=fc47b1db-e7ae-450c-887b-29adc31df765] Adding new dynamic property: PropertyDescriptor[simple]
[pool-3733-thread-1] INFO org.apache.nifi.processors.standard.RouteText - RouteText[id=fc47b1db-e7ae-450c-887b-29adc31df765] Created FlowFile[2823,96218069104136.mockFlowFile,24B] from FlowFile[2822,96218069104136.mockFlowFile,24B]; routing to relationship simple
[pool-3733-thread-1] INFO org.apache.nifi.processors.standard.RouteText - RouteText[id=fc47b1db-e7ae-450c-887b-29adc31df765] Routing FlowFile[2822,96218069104136.mockFlowFile,24B] to original
[main] DEBUG org.apache.nifi.processors.standard.RouteText - RouteText[id=fc47b1db-e7ae-450c-887b-29adc31df765] Adding new dynamic property: PropertyDescriptor[simple]
[pool-3734-thread-1] INFO org.apache.nifi.processors.standard.RouteText - RouteText[id=fc47b1db-e7ae-450c-887b-29adc31df765] Created FlowFile[2825,96218069555027.mockFlowFile,24B] from FlowFile[2824,96218069555027.mockFlowFile,24B]; routing to relationship simple
[pool-3734-thread-1] INFO org.apache.nifi.processors.standard.RouteText - RouteText[id=fc47b1db-e7ae-450c-887b-29adc31df765] Routing FlowFile[2824,96218069555027.mockFlowFile,24B] to original
[main] DEBUG org.apache.nifi.processors.standard.RouteText - RouteText[id=fc47b1db-e7ae-450c-887b-29adc31df765] Adding new dynamic property: PropertyDescriptor[simple]
[pool-3735-thread-1] INFO org.apache.nifi.processors.standard.RouteText - RouteText[id=fc47b1db-e7ae-450c-887b-29adc31df765] Created FlowFile[2827,96218069978239.mockFlowFile,24B] from FlowFile[2826,96218069978239.mockFlowFile,24B]; routing to relationship simple
[pool-3735-thread-1] INFO org.apache.nifi.processors.standard.RouteText - RouteText[id=fc47b1db-e7ae-450c-887b-29adc31df765] Routing FlowFile[2826,96218069978239.mockFlowFile,24B] to original
[main] DEBUG org.apache.nifi.processors.standard.RouteText - RouteText[id=fc47b1db-e7ae-450c-887b-29adc31df765] Adding new dynamic property: PropertyDescriptor[simple]
[pool-3736-thread-1] INFO org.apache.nifi.processors.standard.RouteText - RouteText[id=fc47b1db-e7ae-450c-887b-29adc31df765] Created FlowFile[2829,96218070426265.mockFlowFile,24B] from FlowFile[2828,96218070426265.mockFlowFile,24B]; routing to relationship simple
[pool-3736-thread-1] INFO org.apache.nifi.processors.standard.RouteText - RouteText[id=fc47b1db-e7ae-450c-887b-29adc31df765] Routing FlowFile[2828,96218070426265.mockFlowFile,24B] to original
[main] DEBUG org.apache.nifi.processors.standard.RouteText - RouteText[id=fc47b1db-e7ae-450c-887b-29adc31df765] Adding new dynamic property: PropertyDescriptor[simple]
[pool-3737-thread-1] INFO org.apache.nifi.processors.standard.RouteText - RouteText[id=fc47b1db-e7ae-450c-887b-29adc31df765] Created FlowFile[2831,96218070855069.mockFlowFile,24B] from FlowFile[2830,96218070855069.mockFlowFile,24B]; routing to relationship simple
[pool-3737-thread-1] INFO org.apache.nifi.processors.standard.RouteText - RouteText[id=fc47b1db-e7ae-450c-887b-29adc31df765] Routing FlowFile[2830,96218070855069.mockFlowFile,24B] to original
[main] DEBUG org.apache.nifi.processors.standard.RouteText - RouteText[id=fc47b1db-e7ae-450c-887b-29adc31df765] Adding new dynamic property: PropertyDescriptor[simple]
[pool-3738-thread-1] INFO org.apache.nifi.processors.standard.RouteText - RouteText[id=fc47b1db-e7ae-450c-887b-29adc31df765] Created FlowFile[2833,96218071302840.mockFlowFile,24B] from FlowFile[2832,96218071302840.mockFlowFile,24B]; routing to relationship simple
[pool-3738-thread-1] INFO org.apache.nifi.processors.standard.RouteText - RouteText[id=fc47b1db-e7ae-450c-887b-29adc31df765] Routing FlowFile[2832,96218071302840.mockFlowFile,24B] to original
[main] DEBUG org.apache.nifi.processors.standard.RouteText - RouteText[id=fc47b1db-e7ae-450c-887b-29adc31df765] Adding new dynamic property: PropertyDescriptor[simple]
[pool-3739-thread-1] INFO org.apache.nifi.processors.standard.RouteText - RouteText[id=fc47b1db-e7ae-450c-887b-29adc31df765] Created FlowFile[2835,96218071721292.mockFlowFile,24B] from FlowFile[2834,96218071721292.mockFlowFile,24B]; routing to relationship simple
[pool-3739-thread-1] INFO org.apache.nifi.processors.standard.RouteText - RouteText[id=fc47b1db-e7ae-450c-887b-29adc31df765] Routing FlowFile[2834,96218071721292.mockFlowFile,24B] to original
[main] DEBUG org.apache.nifi.processors.standard.RouteText - RouteText[id=fc47b1db-e7ae-450c-887b-29adc31df765] Adding new dynamic property: PropertyDescriptor[simple]
[pool-3740-thread-1] INFO org.apache.nifi.processors.standard.RouteText - RouteText[id=fc47b1db-e7ae-450c-887b-29adc31df765] Created FlowFile[2837,96218072120393.mockFlowFile,24B] from FlowFile[2836,96218072120393.mockFlowFile,24B]; routing to relationship simple
[pool-3740-thread-1] INFO org.apache.nifi.processors.standard.RouteText - RouteText[id=fc47b1db-e7ae-450c-887b-29adc31df765] Routing FlowFile[2836,96218072120393.mockFlowFile,24B] to original
[main] DEBUG org.apache.nifi.processors.standard.RouteText - RouteText[id=fc47b1db-e7ae-450c-887b-29adc31df765] Adding new dynamic property: PropertyDescriptor[simple]
[pool-3741-thread-1] INFO org.apache.nifi.processors.standard.RouteText - RouteText[id=fc47b1db-e7ae-450c-887b-29adc31df765] Created FlowFile[2839,96218072504208.mockFlowFile,24B] from FlowFile[2838,96218072504208.mockFlowFile,24B]; routing to relationship simple
[pool-3741-thread-1] INFO org.apache.nifi.processors.standard.RouteText - RouteText[id=fc47b1db-e7ae-450c-887b-29adc31df765] Routing FlowFile[2838,96218072504208.mockFlowFile,24B] to original
[main] DEBUG org.apache.nifi.processors.standard.RouteText - RouteText[id=fc47b1db-e7ae-450c-887b-29adc31df765] Adding new dynamic property: PropertyDescriptor[simple]
[pool-3742-thread-1] INFO org.apache.nifi.processors.standard.RouteText - RouteText[id=fc47b1db-e7ae-450c-887b-29adc31df765] Created FlowFile[2841,96218072896828.mockFlowFile,24B] from FlowFile[2840,96218072896828.mockFlowFile,24B]; routing to relationship simple
[pool-3742-thread-1] INFO org.apache.nifi.processors.standard.RouteText - RouteText[id=fc47b1db-e7ae-450c-887b-29adc31df765] Routing FlowFile[2840,96218072896828.mockFlowFile,24B] to original
[main] DEBUG org.apache.nifi.processors.standard.RouteText - RouteText[id=fc47b1db-e7ae-450c-887b-29adc31df765] Adding new dynamic property: PropertyDescriptor[simple]
[pool-3743-thread-1] INFO org.apache.nifi.processors.standard.RouteText - RouteText[id=fc47b1db-e7ae-450c-887b-29adc31df765] Created FlowFile[2843,96218073300512.mockFlowFile,24B] from FlowFile[2842,96218073300512.mockFlowFile,24B]; routing to relationship simple
[pool-3743-thread-1] INFO org.apache.nifi.processors.standard.RouteText - RouteText[id=fc47b1db-e7ae-450c-887b-29adc31df765] Routing FlowFile[2842,96218073300512.mockFlowFile,24B] to original
[main] DEBUG org.apache.nifi.processors.standard.RouteText - RouteText[id=fc47b1db-e7ae-450c-887b-29adc31df765] Adding new dynamic property: PropertyDescriptor[simple]
[pool-3744-thread-1] INFO org.apache.nifi.processors.standard.RouteText - RouteText[id=fc47b1db-e7ae-450c-887b-29adc31df765] Created FlowFile[2845,96218073715671.mockFlowFile,24B] from FlowFile[2844,96218073715671.mockFlowFile,24B]; routing to relationship simple
[pool-3744-thread-1] INFO org.apache.nifi.processors.standard.RouteText - RouteText[id=fc47b1db-e7ae-450c-887b-29adc31df765] Routing FlowFile[2844,96218073715671.mockFlowFile,24B] to original
[main] DEBUG org.apache.nifi.processors.standard.RouteText - RouteText[id=fc47b1db-e7ae-450c-887b-29adc31df765] Adding new dynamic property: PropertyDescriptor[simple]
[pool-3745-thread-1] INFO org.apache.nifi.processors.standard.RouteText - RouteText[id=fc47b1db-e7ae-450c-887b-29adc31df765] Created FlowFile[2847,96218074115695.mockFlowFile,24B] from FlowFile[2846,96218074115695.mockFlowFile,24B]; routing to relationship simple
[pool-3745-thread-1] INFO org.apache.nifi.processors.standard.RouteText - RouteText[id=fc47b1db-e7ae-450c-887b-29adc31df765] Routing FlowFile[2846,96218074115695.mockFlowFile,24B] to original
[main] DEBUG org.apache.nifi.processors.standard.RouteText - RouteText[id=fc47b1db-e7ae-450c-887b-29adc31df765] Adding new dynamic property: PropertyDescriptor[simple]
[pool-3746-thread-1] INFO org.apache.nifi.processors.standard.RouteText - RouteText[id=fc47b1db-e7ae-450c-887b-29adc31df765] Created FlowFile[2849,96218074505014.mockFlowFile,24B] from FlowFile[2848,96218074505014.mockFlowFile,24B]; routing to relationship simple
[pool-3746-thread-1] INFO org.apache.nifi.processors.standard.RouteText - RouteText[id=fc47b1db-e7ae-450c-887b-29adc31df765] Routing FlowFile[2848,96218074505014.mockFlowFile,24B] to original
[main] DEBUG org.apache.nifi.processors.standard.RouteText - RouteText[id=fc47b1db-e7ae-450c-887b-29adc31df765] Adding new dynamic property: PropertyDescriptor[simple]
[pool-3747-thread-1] INFO org.apache.nifi.processors.standard.RouteText - RouteText[id=fc47b1db-e7ae-450c-887b-29adc31df765] Created FlowFile[2851,96218074941779.mockFlowFile,24B] from FlowFile[2850,96218074941779.mockFlowFile,24B]; routing to relationship simple
[pool-3747-thread-1] INFO org.apache.nifi.processors.standard.RouteText - RouteText[id=fc47b1db-e7ae-450c-887b-29adc31df765] Routing FlowFile[2850,96218074941779.mockFlowFile,24B] to original
[main] DEBUG org.apache.nifi.processors.standard.RouteText - RouteText[id=fc47b1db-e7ae-450c-887b-29adc31df765] Adding new dynamic property: PropertyDescriptor[simple]
[pool-3748-thread-1] INFO org.apache.nifi.processors.standard.RouteText - RouteText[id=fc47b1db-e7ae-450c-887b-29adc31df765] Created FlowFile[2853,96218075338072.mockFlowFile,24B] from FlowFile[2852,96218075338072.mockFlowFile,24B]; routing to relationship simple
[pool-3748-thread-1] INFO org.apache.nifi.processors.standard.RouteText - RouteText[id=fc47b1db-e7ae-450c-887b-29adc31df765] Routing FlowFile[2852,96218075338072.mockFlowFile,24B] to original
[main] DEBUG org.apache.nifi.processors.standard.RouteText - RouteText[id=fc47b1db-e7ae-450c-887b-29adc31df765] Adding new dynamic property: PropertyDescriptor[simple]
[pool-3749-thread-1] INFO org.apache.nifi.processors.standard.RouteText - RouteText[id=fc47b1db-e7ae-450c-887b-29adc31df765] Created FlowFile[2855,96218075738992.mockFlowFile,24B] from FlowFile[2854,96218075738992.mockFlowFile,24B]; routing to relationship simple
[pool-3749-thread-1] INFO org.apache.nifi.processors.standard.RouteText - RouteText[id=fc47b1db-e7ae-450c-887b-29adc31df765] Routing FlowFile[2854,96218075738992.mockFlowFile,24B] to original
[main] DEBUG org.apache.nifi.processors.standard.RouteText - RouteText[id=fc47b1db-e7ae-450c-887b-29adc31df765] Adding new dynamic property: PropertyDescriptor[simple]
[pool-3750-thread-1] INFO org.apache.nifi.processors.standard.RouteText - RouteText[id=fc47b1db-e7ae-450c-887b-29adc31df765] Created FlowFile[2857,96218076146332.mockFlowFile,24B] from FlowFile[2856,96218076146332.mockFlowFile,24B]; routing to relationship simple
[pool-3750-thread-1] INFO org.apache.nifi.processors.standard.RouteText - RouteText[id=fc47b1db-e7ae-450c-887b-29adc31df765] Routing FlowFile[2856,96218076146332.mockFlowFile,24B] to original
[main] DEBUG org.apache.nifi.processors.standard.RouteText - RouteText[id=fc47b1db-e7ae-450c-887b-29adc31df765] Adding new dynamic property: PropertyDescriptor[simple]
[pool-3751-thread-1] INFO org.apache.nifi.processors.standard.RouteText - RouteText[id=fc47b1db-e7ae-450c-887b-29adc31df765] Created FlowFile[2859,96218076549231.mockFlowFile,24B] from FlowFile[2858,96218076549231.mockFlowFile,24B]; routing to relationship simple
[pool-3751-thread-1] INFO org.apache.nifi.processors.standard.RouteText - RouteText[id=fc47b1db-e7ae-450c-887b-29adc31df765] Routing FlowFile[2858,96218076549231.mockFlowFile,24B] to original
[main] DEBUG org.apache.nifi.processors.standard.RouteText - RouteText[id=fc47b1db-e7ae-450c-887b-29adc31df765] Adding new dynamic property: PropertyDescriptor[simple]
[pool-3752-thread-1] INFO org.apache.nifi.processors.standard.RouteText - RouteText[id=fc47b1db-e7ae-450c-887b-29adc31df765] Created FlowFile[2861,96218077057269.mockFlowFile,24B] from FlowFile[2860,96218077057269.mockFlowFile,24B]; routing to relationship simple
[pool-3752-thread-1] INFO org.apache.nifi.processors.standard.RouteText - RouteText[id=fc47b1db-e7ae-450c-887b-29adc31df765] Routing FlowFile[2860,96218077057269.mockFlowFile,24B] to original
[main] DEBUG org.apache.nifi.processors.standard.RouteText - RouteText[id=fc47b1db-e7ae-450c-887b-29adc31df765] Adding new dynamic property: PropertyDescriptor[simple]
[pool-3753-thread-1] INFO org.apache.nifi.processors.standard.RouteText - RouteText[id=fc47b1db-e7ae-450c-887b-29adc31df765] Created FlowFile[2863,96218077495887.mockFlowFile,24B] from FlowFile[2862,96218077495887.mockFlowFile,24B]; routing to relationship simple
[pool-3753-thread-1] INFO org.apache.nifi.processors.standard.RouteText - RouteText[id=fc47b1db-e7ae-450c-887b-29adc31df765] Routing FlowFile[2862,96218077495887.mockFlowFile,24B] to original
[main] DEBUG org.apache.nifi.processors.standard.RouteText - RouteText[id=fc47b1db-e7ae-450c-887b-29adc31df765] Adding new dynamic property: PropertyDescriptor[simple]
[pool-3754-thread-1] INFO org.apache.nifi.processors.standard.RouteText - RouteText[id=fc47b1db-e7ae-450c-887b-29adc31df765] Created FlowFile[2865,96218077926466.mockFlowFile,24B] from FlowFile[2864,96218077926466.mockFlowFile,24B]; routing to relationship simple
[pool-3754-thread-1] INFO org.apache.nifi.processors.standard.RouteText - RouteText[id=fc47b1db-e7ae-450c-887b-29adc31df765] Routing FlowFile[2864,96218077926466.mockFlowFile,24B] to original
[main] DEBUG org.apache.nifi.processors.standard.RouteText - RouteText[id=fc47b1db-e7ae-450c-887b-29adc31df765] Adding new dynamic property: PropertyDescriptor[simple]
[pool-3755-thread-1] INFO org.apache.nifi.processors.standard.RouteText - RouteText[id=fc47b1db-e7ae-450c-887b-29adc31df765] Created FlowFile[2867,96218078480760.mockFlowFile,24B] from FlowFile[2866,96218078480760.mockFlowFile,24B]; routing to relationship simple
[pool-3755-thread-1] INFO org.apache.nifi.processors.standard.RouteText - RouteText[id=fc47b1db-e7ae-450c-887b-29adc31df765] Routing FlowFile[2866,96218078480760.mockFlowFile,24B] to original
[main] DEBUG org.apache.nifi.processors.standard.RouteText - RouteText[id=fc47b1db-e7ae-450c-887b-29adc31df765] Adding new dynamic property: PropertyDescriptor[simple]
[pool-3756-thread-1] INFO org.apache.nifi.processors.standard.RouteText - RouteText[id=fc47b1db-e7ae-450c-887b-29adc31df765] Created FlowFile[2869,96218078950566.mockFlowFile,24B] from FlowFile[2868,96218078950566.mockFlowFile,24B]; routing to relationship simple
[pool-3756-thread-1] INFO org.apache.nifi.processors.standard.RouteText - RouteText[id=fc47b1db-e7ae-450c-887b-29adc31df765] Routing FlowFile[2868,96218078950566.mockFlowFile,24B] to original
[main] DEBUG org.apache.nifi.processors.standard.RouteText - RouteText[id=fc47b1db-e7ae-450c-887b-29adc31df765] Adding new dynamic property: PropertyDescriptor[simple]
[pool-3757-thread-1] INFO org.apache.nifi.processors.standard.RouteText - RouteText[id=fc47b1db-e7ae-450c-887b-29adc31df765] Created FlowFile[2871,96218079390422.mockFlowFile,24B] from FlowFile[2870,96218079390422.mockFlowFile,24B]; routing to relationship simple
[pool-3757-thread-1] INFO org.apache.nifi.processors.standard.RouteText - RouteText[id=fc47b1db-e7ae-450c-887b-29adc31df765] Routing FlowFile[2870,96218079390422.mockFlowFile,24B] to original
[main] DEBUG org.apache.nifi.processors.standard.RouteText - RouteText[id=fc47b1db-e7ae-450c-887b-29adc31df765] Adding new dynamic property: PropertyDescriptor[simple]
[pool-3758-thread-1] INFO org.apache.nifi.processors.standard.RouteText - RouteText[id=fc47b1db-e7ae-450c-887b-29adc31df765] Created FlowFile[2873,96218079808566.mockFlowFile,24B] from FlowFile[2872,96218079808566.mockFlowFile,24B]; routing to relationship simple
[pool-3758-thread-1] INFO org.apache.nifi.processors.standard.RouteText - RouteText[id=fc47b1db-e7ae-450c-887b-29adc31df765] Routing FlowFile[2872,96218079808566.mockFlowFile,24B] to original
[main] DEBUG org.apache.nifi.processors.standard.RouteText - RouteText[id=fc47b1db-e7ae-450c-887b-29adc31df765] Adding new dynamic property: PropertyDescriptor[simple]
[pool-3759-thread-1] INFO org.apache.nifi.processors.standard.RouteText - RouteText[id=fc47b1db-e7ae-450c-887b-29adc31df765] Created FlowFile[2875,96218080256574.mockFlowFile,24B] from FlowFile[2874,96218080256574.mockFlowFile,24B]; routing to relationship simple
[pool-3759-thread-1] INFO org.apache.nifi.processors.standard.RouteText - RouteText[id=fc47b1db-e7ae-450c-887b-29adc31df765] Routing FlowFile[2874,96218080256574.mockFlowFile,24B] to original
[main] DEBUG org.apache.nifi.processors.standard.RouteText - RouteText[id=fc47b1db-e7ae-450c-887b-29adc31df765] Adding new dynamic property: PropertyDescriptor[simple]
[pool-3760-thread-1] INFO org.apache.nifi.processors.standard.RouteText - RouteText[id=fc47b1db-e7ae-450c-887b-29adc31df765] Created FlowFile[2877,96218080679506.mockFlowFile,24B] from FlowFile[2876,96218080679506.mockFlowFile,24B]; routing to relationship simple
[pool-3760-thread-1] INFO org.apache.nifi.processors.standard.RouteText - RouteText[id=fc47b1db-e7ae-450c-887b-29adc31df765] Routing FlowFile[2876,96218080679506.mockFlowFile,24B] to original
[main] DEBUG org.apache.nifi.processors.standard.RouteText - RouteText[id=fc47b1db-e7ae-450c-887b-29adc31df765] Adding new dynamic property: PropertyDescriptor[simple]
[pool-3761-thread-1] INFO org.apache.nifi.processors.standard.RouteText - RouteText[id=fc47b1db-e7ae-450c-887b-29adc31df765] Created FlowFile[2879,96218110204990.mockFlowFile,24B] from FlowFile[2878,96218110204990.mockFlowFile,24B]; routing to relationship simple
[pool-3761-thread-1] INFO org.apache.nifi.processors.standard.RouteText - RouteText[id=fc47b1db-e7ae-450c-887b-29adc31df765] Routing FlowFile[2878,96218110204990.mockFlowFile,24B] to original
[main] DEBUG org.apache.nifi.processors.standard.RouteText - RouteText[id=fc47b1db-e7ae-450c-887b-29adc31df765] Adding new dynamic property: PropertyDescriptor[simple]
[pool-3762-thread-1] INFO org.apache.nifi.processors.standard.RouteText - RouteText[id=fc47b1db-e7ae-450c-887b-29adc31df765] Created FlowFile[2881,96218110904094.mockFlowFile,24B] from FlowFile[2880,96218110904094.mockFlowFile,24B]; routing to relationship simple
[pool-3762-thread-1] INFO org.apache.nifi.processors.standard.RouteText - RouteText[id=fc47b1db-e7ae-450c-887b-29adc31df765] Routing FlowFile[2880,96218110904094.mockFlowFile,24B] to original
[main] DEBUG org.apache.nifi.processors.standard.RouteText - RouteText[id=fc47b1db-e7ae-450c-887b-29adc31df765] Adding new dynamic property: PropertyDescriptor[simple]
[pool-3763-thread-1] INFO org.apache.nifi.processors.standard.RouteText - RouteText[id=fc47b1db-e7ae-450c-887b-29adc31df765] Created FlowFile[2883,96218111440293.mockFlowFile,24B] from FlowFile[2882,96218111440293.mockFlowFile,24B]; routing to relationship simple
[pool-3763-thread-1] INFO org.apache.nifi.processors.standard.RouteText - RouteText[id=fc47b1db-e7ae-450c-887b-29adc31df765] Routing FlowFile[2882,96218111440293.mockFlowFile,24B] to original
[main] DEBUG org.apache.nifi.processors.standard.RouteText - RouteText[id=fc47b1db-e7ae-450c-887b-29adc31df765] Adding new dynamic property: PropertyDescriptor[simple]
[pool-3764-thread-1] INFO org.apache.nifi.processors.standard.RouteText - RouteText[id=fc47b1db-e7ae-450c-887b-29adc31df765] Created FlowFile[2885,96218111975592.mockFlowFile,24B] from FlowFile[2884,96218111975592.mockFlowFile,24B]; routing to relationship simple
[pool-3764-thread-1] INFO org.apache.nifi.processors.standard.RouteText - RouteText[id=fc47b1db-e7ae-450c-887b-29adc31df765] Routing FlowFile[2884,96218111975592.mockFlowFile,24B] to original
[main] DEBUG org.apache.nifi.processors.standard.RouteText - RouteText[id=fc47b1db-e7ae-450c-887b-29adc31df765] Adding new dynamic property: PropertyDescriptor[simple]
[pool-3765-thread-1] INFO org.apache.nifi.processors.standard.RouteText - RouteText[id=fc47b1db-e7ae-450c-887b-29adc31df765] Created FlowFile[2887,96218112494948.mockFlowFile,24B] from FlowFile[2886,96218112494948.mockFlowFile,24B]; routing to relationship simple
[pool-3765-thread-1] INFO org.apache.nifi.processors.standard.RouteText - RouteText[id=fc47b1db-e7ae-450c-887b-29adc31df765] Routing FlowFile[2886,96218112494948.mockFlowFile,24B] to original
[main] DEBUG org.apache.nifi.processors.standard.RouteText - RouteText[id=fc47b1db-e7ae-450c-887b-29adc31df765] Adding new dynamic property: PropertyDescriptor[simple]
[pool-3766-thread-1] INFO org.apache.nifi.processors.standard.RouteText - RouteText[id=fc47b1db-e7ae-450c-887b-29adc31df765] Created FlowFile[2889,96218114263301.mockFlowFile,24B] from FlowFile[2888,96218114263301.mockFlowFile,24B]; routing to relationship simple
[pool-3766-thread-1] INFO org.apache.nifi.processors.standard.RouteText - RouteText[id=fc47b1db-e7ae-450c-887b-29adc31df765] Routing FlowFile[2888,96218114263301.mockFlowFile,24B] to original
[main] DEBUG org.apache.nifi.processors.standard.RouteText - RouteText[id=fc47b1db-e7ae-450c-887b-29adc31df765] Adding new dynamic property: PropertyDescriptor[simple]
[pool-3767-thread-1] INFO org.apache.nifi.processors.standard.RouteText - RouteText[id=fc47b1db-e7ae-450c-887b-29adc31df765] Created FlowFile[2891,96218114796830.mockFlowFile,24B] from FlowFile[2890,96218114796830.mockFlowFile,24B]; routing to relationship simple
[pool-3767-thread-1] INFO org.apache.nifi.processors.standard.RouteText - RouteText[id=fc47b1db-e7ae-450c-887b-29adc31df765] Routing FlowFile[2890,96218114796830.mockFlowFile,24B] to original
[main] DEBUG org.apache.nifi.processors.standard.RouteText - RouteText[id=fc47b1db-e7ae-450c-887b-29adc31df765] Adding new dynamic property: PropertyDescriptor[simple]
[pool-3768-thread-1] INFO org.apache.nifi.processors.standard.RouteText - RouteText[id=fc47b1db-e7ae-450c-887b-29adc31df765] Created FlowFile[2893,96218115258785.mockFlowFile,24B] from FlowFile[2892,96218115258785.mockFlowFile,24B]; routing to relationship simple
[pool-3768-thread-1] INFO org.apache.nifi.processors.standard.RouteText - RouteText[id=fc47b1db-e7ae-450c-887b-29adc31df765] Routing FlowFile[2892,96218115258785.mockFlowFile,24B] to original
[main] DEBUG org.apache.nifi.processors.standard.RouteText - RouteText[id=fc47b1db-e7ae-450c-887b-29adc31df765] Adding new dynamic property: PropertyDescriptor[simple]
[pool-3769-thread-1] INFO org.apache.nifi.processors.standard.RouteText - RouteText[id=fc47b1db-e7ae-450c-887b-29adc31df765] Created FlowFile[2895,96218115692625.mockFlowFile,24B] from FlowFile[2894,96218115692625.mockFlowFile,24B]; routing to relationship simple
[pool-3769-thread-1] INFO org.apache.nifi.processors.standard.RouteText - RouteText[id=fc47b1db-e7ae-450c-887b-29adc31df765] Routing FlowFile[2894,96218115692625.mockFlowFile,24B] to original
[main] DEBUG org.apache.nifi.processors.standard.RouteText - RouteText[id=fc47b1db-e7ae-450c-887b-29adc31df765] Adding new dynamic property: PropertyDescriptor[simple]
[pool-3770-thread-1] INFO org.apache.nifi.processors.standard.RouteText - RouteText[id=fc47b1db-e7ae-450c-887b-29adc31df765] Created FlowFile[2897,96218116174171.mockFlowFile,24B] from FlowFile[2896,96218116174171.mockFlowFile,24B]; routing to relationship simple
[pool-3770-thread-1] INFO org.apache.nifi.processors.standard.RouteText - RouteText[id=fc47b1db-e7ae-450c-887b-29adc31df765] Routing FlowFile[2896,96218116174171.mockFlowFile,24B] to original
[main] DEBUG org.apache.nifi.processors.standard.RouteText - RouteText[id=fc47b1db-e7ae-450c-887b-29adc31df765] Adding new dynamic property: PropertyDescriptor[simple]
[pool-3771-thread-1] INFO org.apache.nifi.processors.standard.RouteText - RouteText[id=fc47b1db-e7ae-450c-887b-29adc31df765] Created FlowFile[2899,96218116558655.mockFlowFile,24B] from FlowFile[2898,96218116558655.mockFlowFile,24B]; routing to relationship simple
[pool-3771-thread-1] INFO org.apache.nifi.processors.standard.RouteText - RouteText[id=fc47b1db-e7ae-450c-887b-29adc31df765] Routing FlowFile[2898,96218116558655.mockFlowFile,24B] to original
[main] DEBUG org.apache.nifi.processors.standard.RouteText - RouteText[id=fc47b1db-e7ae-450c-887b-29adc31df765] Adding new dynamic property: PropertyDescriptor[simple]
[pool-3772-thread-1] INFO org.apache.nifi.processors.standard.RouteText - RouteText[id=fc47b1db-e7ae-450c-887b-29adc31df765] Created FlowFile[2901,96218116925963.mockFlowFile,24B] from FlowFile[2900,96218116925963.mockFlowFile,24B]; routing to relationship simple
[pool-3772-thread-1] INFO org.apache.nifi.processors.standard.RouteText - RouteText[id=fc47b1db-e7ae-450c-887b-29adc31df765] Routing FlowFile[2900,96218116925963.mockFlowFile,24B] to original
[main] DEBUG org.apache.nifi.processors.standard.RouteText - RouteText[id=fc47b1db-e7ae-450c-887b-29adc31df765] Adding new dynamic property: PropertyDescriptor[simple]
[pool-3773-thread-1] INFO org.apache.nifi.processors.standard.RouteText - RouteText[id=fc47b1db-e7ae-450c-887b-29adc31df765] Created FlowFile[2903,96218117302414.mockFlowFile,24B] from FlowFile[2902,96218117302414.mockFlowFile,24B]; routing to relationship simple
[pool-3773-thread-1] INFO org.apache.nifi.processors.standard.RouteText - RouteText[id=fc47b1db-e7ae-450c-887b-29adc31df765] Routing FlowFile[2902,96218117302414.mockFlowFile,24B] to original
[main] DEBUG org.apache.nifi.processors.standard.RouteText - RouteText[id=fc47b1db-e7ae-450c-887b-29adc31df765] Adding new dynamic property: PropertyDescriptor[simple]
[pool-3774-thread-1] INFO org.apache.nifi.processors.standard.RouteText - RouteText[id=fc47b1db-e7ae-450c-887b-29adc31df765] Created FlowFile[2905,96218117712983.mockFlowFile,24B] from FlowFile[2904,96218117712983.mockFlowFile,24B]; routing to relationship simple
[pool-3774-thread-1] INFO org.apache.nifi.processors.standard.RouteText - RouteText[id=fc47b1db-e7ae-450c-887b-29adc31df765] Routing FlowFile[2904,96218117712983.mockFlowFile,24B] to original
[main] DEBUG org.apache.nifi.processors.standard.RouteText - RouteText[id=fc47b1db-e7ae-450c-887b-29adc31df765] Adding new dynamic property: PropertyDescriptor[simple]
[pool-3775-thread-1] INFO org.apache.nifi.processors.standard.RouteText - RouteText[id=fc47b1db-e7ae-450c-887b-29adc31df765] Created FlowFile[2907,96218118111320.mockFlowFile,24B] from FlowFile[2906,96218118111320.mockFlowFile,24B]; routing to relationship simple
[pool-3775-thread-1] INFO org.apache.nifi.processors.standard.RouteText - RouteText[id=fc47b1db-e7ae-450c-887b-29adc31df765] Routing FlowFile[2906,96218118111320.mockFlowFile,24B] to original
[main] DEBUG org.apache.nifi.processors.standard.RouteText - RouteText[id=fc47b1db-e7ae-450c-887b-29adc31df765] Adding new dynamic property: PropertyDescriptor[simple]
[pool-3776-thread-1] INFO org.apache.nifi.processors.standard.RouteText - RouteText[id=fc47b1db-e7ae-450c-887b-29adc31df765] Created FlowFile[2909,96218118506523.mockFlowFile,24B] from FlowFile[2908,96218118506523.mockFlowFile,24B]; routing to relationship simple
[pool-3776-thread-1] INFO org.apache.nifi.processors.standard.RouteText - RouteText[id=fc47b1db-e7ae-450c-887b-29adc31df765] Routing FlowFile[2908,96218118506523.mockFlowFile,24B] to original
[main] DEBUG org.apache.nifi.processors.standard.RouteText - RouteText[id=fc47b1db-e7ae-450c-887b-29adc31df765] Adding new dynamic property: PropertyDescriptor[simple]
[pool-3777-thread-1] INFO org.apache.nifi.processors.standard.RouteText - RouteText[id=fc47b1db-e7ae-450c-887b-29adc31df765] Created FlowFile[2911,96218118925526.mockFlowFile,24B] from FlowFile[2910,96218118925526.mockFlowFile,24B]; routing to relationship simple
[pool-3777-thread-1] INFO org.apache.nifi.processors.standard.RouteText - RouteText[id=fc47b1db-e7ae-450c-887b-29adc31df765] Routing FlowFile[2910,96218118925526.mockFlowFile,24B] to original
[main] DEBUG org.apache.nifi.processors.standard.RouteText - RouteText[id=fc47b1db-e7ae-450c-887b-29adc31df765] Adding new dynamic property: PropertyDescriptor[simple]
[pool-3778-thread-1] INFO org.apache.nifi.processors.standard.RouteText - RouteText[id=fc47b1db-e7ae-450c-887b-29adc31df765] Created FlowFile[2913,96218119329776.mockFlowFile,24B] from FlowFile[2912,96218119329776.mockFlowFile,24B]; routing to relationship simple
[pool-3778-thread-1] INFO org.apache.nifi.processors.standard.RouteText - RouteText[id=fc47b1db-e7ae-450c-887b-29adc31df765] Routing FlowFile[2912,96218119329776.mockFlowFile,24B] to original
[main] DEBUG org.apache.nifi.processors.standard.RouteText - RouteText[id=fc47b1db-e7ae-450c-887b-29adc31df765] Adding new dynamic property: PropertyDescriptor[simple]
[pool-3779-thread-1] INFO org.apache.nifi.processors.standard.RouteText - RouteText[id=fc47b1db-e7ae-450c-887b-29adc31df765] Created FlowFile[2915,96218119735644.mockFlowFile,24B] from FlowFile[2914,96218119735644.mockFlowFile,24B]; routing to relationship simple
[pool-3779-thread-1] INFO org.apache.nifi.processors.standard.RouteText - RouteText[id=fc47b1db-e7ae-450c-887b-29adc31df765] Routing FlowFile[2914,96218119735644.mockFlowFile,24B] to original
[main] DEBUG org.apache.nifi.processors.standard.RouteText - RouteText[id=fc47b1db-e7ae-450c-887b-29adc31df765] Adding new dynamic property: PropertyDescriptor[simple]
[pool-3780-thread-1] INFO org.apache.nifi.processors.standard.RouteText - RouteText[id=fc47b1db-e7ae-450c-887b-29adc31df765] Created FlowFile[2917,96218120166756.mockFlowFile,24B] from FlowFile[2916,96218120166756.mockFlowFile,24B]; routing to relationship simple
[pool-3780-thread-1] INFO org.apache.nifi.processors.standard.RouteText - RouteText[id=fc47b1db-e7ae-450c-887b-29adc31df765] Routing FlowFile[2916,96218120166756.mockFlowFile,24B] to original
[main] DEBUG org.apache.nifi.processors.standard.RouteText - RouteText[id=fc47b1db-e7ae-450c-887b-29adc31df765] Adding new dynamic property: PropertyDescriptor[simple]
[pool-3781-thread-1] INFO org.apache.nifi.processors.standard.RouteText - RouteText[id=fc47b1db-e7ae-450c-887b-29adc31df765] Created FlowFile[2919,96218120551763.mockFlowFile,24B] from FlowFile[2918,96218120551763.mockFlowFile,24B]; routing to relationship simple
[pool-3781-thread-1] INFO org.apache.nifi.processors.standard.RouteText - RouteText[id=fc47b1db-e7ae-450c-887b-29adc31df765] Routing FlowFile[2918,96218120551763.mockFlowFile,24B] to original
[main] DEBUG org.apache.nifi.processors.standard.RouteText - RouteText[id=fc47b1db-e7ae-450c-887b-29adc31df765] Adding new dynamic property: PropertyDescriptor[simple]
[pool-3782-thread-1] INFO org.apache.nifi.processors.standard.RouteText - RouteText[id=fc47b1db-e7ae-450c-887b-29adc31df765] Created FlowFile[2921,96218120957979.mockFlowFile,24B] from FlowFile[2920,96218120957979.mockFlowFile,24B]; routing to relationship simple
[pool-3782-thread-1] INFO org.apache.nifi.processors.standard.RouteText - RouteText[id=fc47b1db-e7ae-450c-887b-29adc31df765] Routing FlowFile[2920,96218120957979.mockFlowFile,24B] to original
[main] DEBUG org.apache.nifi.processors.standard.RouteText - RouteText[id=fc47b1db-e7ae-450c-887b-29adc31df765] Adding new dynamic property: PropertyDescriptor[simple]
[pool-3783-thread-1] INFO org.apache.nifi.processors.standard.RouteText - RouteText[id=fc47b1db-e7ae-450c-887b-29adc31df765] Created FlowFile[2923,96218121365846.mockFlowFile,24B] from FlowFile[2922,96218121365846.mockFlowFile,24B]; routing to relationship simple
[pool-3783-thread-1] INFO org.apache.nifi.processors.standard.RouteText - RouteText[id=fc47b1db-e7ae-450c-887b-29adc31df765] Routing FlowFile[2922,96218121365846.mockFlowFile,24B] to original
[main] DEBUG org.apache.nifi.processors.standard.RouteText - RouteText[id=fc47b1db-e7ae-450c-887b-29adc31df765] Adding new dynamic property: PropertyDescriptor[simple]
[pool-3784-thread-1] INFO org.apache.nifi.processors.standard.RouteText - RouteText[id=fc47b1db-e7ae-450c-887b-29adc31df765] Created FlowFile[2925,96218121767632.mockFlowFile,24B] from FlowFile[2924,96218121767632.mockFlowFile,24B]; routing to relationship simple
[pool-3784-thread-1] INFO org.apache.nifi.processors.standard.RouteText - RouteText[id=fc47b1db-e7ae-450c-887b-29adc31df765] Routing FlowFile[2924,96218121767632.mockFlowFile,24B] to original
[main] DEBUG org.apache.nifi.processors.standard.RouteText - RouteText[id=fc47b1db-e7ae-450c-887b-29adc31df765] Adding new dynamic property: PropertyDescriptor[simple]
[pool-3785-thread-1] INFO org.apache.nifi.processors.standard.RouteText - RouteText[id=fc47b1db-e7ae-450c-887b-29adc31df765] Created FlowFile[2927,96218122179514.mockFlowFile,24B] from FlowFile[2926,96218122179514.mockFlowFile,24B]; routing to relationship simple
[pool-3785-thread-1] INFO org.apache.nifi.processors.standard.RouteText - RouteText[id=fc47b1db-e7ae-450c-887b-29adc31df765] Routing FlowFile[2926,96218122179514.mockFlowFile,24B] to original
[main] DEBUG org.apache.nifi.processors.standard.RouteText - RouteText[id=fc47b1db-e7ae-450c-887b-29adc31df765] Adding new dynamic property: PropertyDescriptor[simple]
[pool-3786-thread-1] INFO org.apache.nifi.processors.standard.RouteText - RouteText[id=fc47b1db-e7ae-450c-887b-29adc31df765] Created FlowFile[2929,96218122584600.mockFlowFile,24B] from FlowFile[2928,96218122584600.mockFlowFile,24B]; routing to relationship simple
[pool-3786-thread-1] INFO org.apache.nifi.processors.standard.RouteText - RouteText[id=fc47b1db-e7ae-450c-887b-29adc31df765] Routing FlowFile[2928,96218122584600.mockFlowFile,24B] to original
[main] DEBUG org.apache.nifi.processors.standard.RouteText - RouteText[id=fc47b1db-e7ae-450c-887b-29adc31df765] Adding new dynamic property: PropertyDescriptor[simple]
[pool-3787-thread-1] INFO org.apache.nifi.processors.standard.RouteText - RouteText[id=fc47b1db-e7ae-450c-887b-29adc31df765] Created FlowFile[2931,96218122988386.mockFlowFile,24B] from FlowFile[2930,96218122988386.mockFlowFile,24B]; routing to relationship simple
[pool-3787-thread-1] INFO org.apache.nifi.processors.standard.RouteText - RouteText[id=fc47b1db-e7ae-450c-887b-29adc31df765] Routing FlowFile[2930,96218122988386.mockFlowFile,24B] to original
[main] DEBUG org.apache.nifi.processors.standard.RouteText - RouteText[id=fc47b1db-e7ae-450c-887b-29adc31df765] Adding new dynamic property: PropertyDescriptor[simple]
[pool-3788-thread-1] INFO org.apache.nifi.processors.standard.RouteText - RouteText[id=fc47b1db-e7ae-450c-887b-29adc31df765] Created FlowFile[2933,96218123366083.mockFlowFile,24B] from FlowFile[2932,96218123366083.mockFlowFile,24B]; routing to relationship simple
[pool-3788-thread-1] INFO org.apache.nifi.processors.standard.RouteText - RouteText[id=fc47b1db-e7ae-450c-887b-29adc31df765] Routing FlowFile[2932,96218123366083.mockFlowFile,24B] to original
[main] DEBUG org.apache.nifi.processors.standard.RouteText - RouteText[id=fc47b1db-e7ae-450c-887b-29adc31df765] Adding new dynamic property: PropertyDescriptor[simple]
[pool-3789-thread-1] INFO org.apache.nifi.processors.standard.RouteText - RouteText[id=fc47b1db-e7ae-450c-887b-29adc31df765] Created FlowFile[2935,96218123775805.mockFlowFile,24B] from FlowFile[2934,96218123775805.mockFlowFile,24B]; routing to relationship simple
[pool-3789-thread-1] INFO org.apache.nifi.processors.standard.RouteText - RouteText[id=fc47b1db-e7ae-450c-887b-29adc31df765] Routing FlowFile[2934,96218123775805.mockFlowFile,24B] to original
[main] DEBUG org.apache.nifi.processors.standard.RouteText - RouteText[id=fc47b1db-e7ae-450c-887b-29adc31df765] Adding new dynamic property: PropertyDescriptor[simple]
[pool-3790-thread-1] INFO org.apache.nifi.processors.standard.RouteText - RouteText[id=fc47b1db-e7ae-450c-887b-29adc31df765] Created FlowFile[2937,96218124312611.mockFlowFile,24B] from FlowFile[2936,96218124312611.mockFlowFile,24B]; routing to relationship simple
[pool-3790-thread-1] INFO org.apache.nifi.processors.standard.RouteText - RouteText[id=fc47b1db-e7ae-450c-887b-29adc31df765] Routing FlowFile[2936,96218124312611.mockFlowFile,24B] to original
[main] DEBUG org.apache.nifi.processors.standard.RouteText - RouteText[id=fc47b1db-e7ae-450c-887b-29adc31df765] Adding new dynamic property: PropertyDescriptor[simple]
[pool-3791-thread-1] INFO org.apache.nifi.processors.standard.RouteText - RouteText[id=fc47b1db-e7ae-450c-887b-29adc31df765] Created FlowFile[2939,96218125010497.mockFlowFile,24B] from FlowFile[2938,96218125010497.mockFlowFile,24B]; routing to relationship simple
[pool-3791-thread-1] INFO org.apache.nifi.processors.standard.RouteText - RouteText[id=fc47b1db-e7ae-450c-887b-29adc31df765] Routing FlowFile[2938,96218125010497.mockFlowFile,24B] to original
[main] DEBUG org.apache.nifi.processors.standard.RouteText - RouteText[id=fc47b1db-e7ae-450c-887b-29adc31df765] Adding new dynamic property: PropertyDescriptor[simple]
[pool-3792-thread-1] INFO org.apache.nifi.processors.standard.RouteText - RouteText[id=fc47b1db-e7ae-450c-887b-29adc31df765] Created FlowFile[2941,96218125505362.mockFlowFile,24B] from FlowFile[2940,96218125505362.mockFlowFile,24B]; routing to relationship simple
[pool-3792-thread-1] INFO org.apache.nifi.processors.standard.RouteText - RouteText[id=fc47b1db-e7ae-450c-887b-29adc31df765] Routing FlowFile[2940,96218125505362.mockFlowFile,24B] to original
[main] DEBUG org.apache.nifi.processors.standard.RouteText - RouteText[id=fc47b1db-e7ae-450c-887b-29adc31df765] Adding new dynamic property: PropertyDescriptor[simple]
[pool-3793-thread-1] INFO org.apache.nifi.processors.standard.RouteText - RouteText[id=fc47b1db-e7ae-450c-887b-29adc31df765] Created FlowFile[2943,96218126247789.mockFlowFile,24B] from FlowFile[2942,96218126247789.mockFlowFile,24B]; routing to relationship simple
[pool-3793-thread-1] INFO org.apache.nifi.processors.standard.RouteText - RouteText[id=fc47b1db-e7ae-450c-887b-29adc31df765] Routing FlowFile[2942,96218126247789.mockFlowFile,24B] to original
[main] DEBUG org.apache.nifi.processors.standard.RouteText - RouteText[id=fc47b1db-e7ae-450c-887b-29adc31df765] Adding new dynamic property: PropertyDescriptor[simple]
[pool-3794-thread-1] INFO org.apache.nifi.processors.standard.RouteText - RouteText[id=fc47b1db-e7ae-450c-887b-29adc31df765] Created FlowFile[2945,96218126755001.mockFlowFile,24B] from FlowFile[2944,96218126755001.mockFlowFile,24B]; routing to relationship simple
[pool-3794-thread-1] INFO org.apache.nifi.processors.standard.RouteText - RouteText[id=fc47b1db-e7ae-450c-887b-29adc31df765] Routing FlowFile[2944,96218126755001.mockFlowFile,24B] to original
[main] DEBUG org.apache.nifi.processors.standard.RouteText - RouteText[id=fc47b1db-e7ae-450c-887b-29adc31df765] Adding new dynamic property: PropertyDescriptor[simple]
[pool-3795-thread-1] INFO org.apache.nifi.processors.standard.RouteText - RouteText[id=fc47b1db-e7ae-450c-887b-29adc31df765] Created FlowFile[2947,96218127184847.mockFlowFile,24B] from FlowFile[2946,96218127184847.mockFlowFile,24B]; routing to relationship simple
[pool-3795-thread-1] INFO org.apache.nifi.processors.standard.RouteText - RouteText[id=fc47b1db-e7ae-450c-887b-29adc31df765] Routing FlowFile[2946,96218127184847.mockFlowFile,24B] to original
[main] DEBUG org.apache.nifi.processors.standard.RouteText - RouteText[id=fc47b1db-e7ae-450c-887b-29adc31df765] Adding new dynamic property: PropertyDescriptor[simple]
[pool-3796-thread-1] INFO org.apache.nifi.processors.standard.RouteText - RouteText[id=fc47b1db-e7ae-450c-887b-29adc31df765] Created FlowFile[2949,96218127595497.mockFlowFile,24B] from FlowFile[2948,96218127595497.mockFlowFile,24B]; routing to relationship simple
[pool-3796-thread-1] INFO org.apache.nifi.processors.standard.RouteText - RouteText[id=fc47b1db-e7ae-450c-887b-29adc31df765] Routing FlowFile[2948,96218127595497.mockFlowFile,24B] to original
[main] DEBUG org.apache.nifi.processors.standard.RouteText - RouteText[id=fc47b1db-e7ae-450c-887b-29adc31df765] Adding new dynamic property: PropertyDescriptor[simple]
[pool-3797-thread-1] INFO org.apache.nifi.processors.standard.RouteText - RouteText[id=fc47b1db-e7ae-450c-887b-29adc31df765] Created FlowFile[2951,96218128052565.mockFlowFile,24B] from FlowFile[2950,96218128052565.mockFlowFile,24B]; routing to relationship simple
[pool-3797-thread-1] INFO org.apache.nifi.processors.standard.RouteText - RouteText[id=fc47b1db-e7ae-450c-887b-29adc31df765] Routing FlowFile[2950,96218128052565.mockFlowFile,24B] to original
[main] DEBUG org.apache.nifi.processors.standard.RouteText - RouteText[id=fc47b1db-e7ae-450c-887b-29adc31df765] Adding new dynamic property: PropertyDescriptor[simple]
[pool-3798-thread-1] INFO org.apache.nifi.processors.standard.RouteText - RouteText[id=fc47b1db-e7ae-450c-887b-29adc31df765] Created FlowFile[2953,96218128483248.mockFlowFile,24B] from FlowFile[2952,96218128483248.mockFlowFile,24B]; routing to relationship simple
[pool-3798-thread-1] INFO org.apache.nifi.processors.standard.RouteText - RouteText[id=fc47b1db-e7ae-450c-887b-29adc31df765] Routing FlowFile[2952,96218128483248.mockFlowFile,24B] to original
[main] DEBUG org.apache.nifi.processors.standard.RouteText - RouteText[id=fc47b1db-e7ae-450c-887b-29adc31df765] Adding new dynamic property: PropertyDescriptor[simple]
[pool-3799-thread-1] INFO org.apache.nifi.processors.standard.RouteText - RouteText[id=fc47b1db-e7ae-450c-887b-29adc31df765] Created FlowFile[2955,96218128901867.mockFlowFile,24B] from FlowFile[2954,96218128901867.mockFlowFile,24B]; routing to relationship simple
[pool-3799-thread-1] INFO org.apache.nifi.processors.standard.RouteText - RouteText[id=fc47b1db-e7ae-450c-887b-29adc31df765] Routing FlowFile[2954,96218128901867.mockFlowFile,24B] to original
[main] DEBUG org.apache.nifi.processors.standard.RouteText - RouteText[id=fc47b1db-e7ae-450c-887b-29adc31df765] Adding new dynamic property: PropertyDescriptor[simple]
[pool-3800-thread-1] INFO org.apache.nifi.processors.standard.RouteText - RouteText[id=fc47b1db-e7ae-450c-887b-29adc31df765] Created FlowFile[2957,96218129360875.mockFlowFile,24B] from FlowFile[2956,96218129360875.mockFlowFile,24B]; routing to relationship simple
[pool-3800-thread-1] INFO org.apache.nifi.processors.standard.RouteText - RouteText[id=fc47b1db-e7ae-450c-887b-29adc31df765] Routing FlowFile[2956,96218129360875.mockFlowFile,24B] to original
[main] DEBUG org.apache.nifi.processors.standard.RouteText - RouteText[id=fc47b1db-e7ae-450c-887b-29adc31df765] Adding new dynamic property: PropertyDescriptor[simple]
[pool-3801-thread-1] INFO org.apache.nifi.processors.standard.RouteText - RouteText[id=fc47b1db-e7ae-450c-887b-29adc31df765] Created FlowFile[2959,96218129796394.mockFlowFile,24B] from FlowFile[2958,96218129796394.mockFlowFile,24B]; routing to relationship simple
[pool-3801-thread-1] INFO org.apache.nifi.processors.standard.RouteText - RouteText[id=fc47b1db-e7ae-450c-887b-29adc31df765] Routing FlowFile[2958,96218129796394.mockFlowFile,24B] to original
[main] DEBUG org.apache.nifi.processors.standard.RouteText - RouteText[id=fc47b1db-e7ae-450c-887b-29adc31df765] Adding new dynamic property: PropertyDescriptor[simple]
[pool-3802-thread-1] INFO org.apache.nifi.processors.standard.RouteText - RouteText[id=fc47b1db-e7ae-450c-887b-29adc31df765] Created FlowFile[2961,96218130229602.mockFlowFile,24B] from FlowFile[2960,96218130229602.mockFlowFile,24B]; routing to relationship simple
[pool-3802-thread-1] INFO org.apache.nifi.processors.standard.RouteText - RouteText[id=fc47b1db-e7ae-450c-887b-29adc31df765] Routing FlowFile[2960,96218130229602.mockFlowFile,24B] to original
[main] DEBUG org.apache.nifi.processors.standard.RouteText - RouteText[id=fc47b1db-e7ae-450c-887b-29adc31df765] Adding new dynamic property: PropertyDescriptor[simple]
[pool-3803-thread-1] INFO org.apache.nifi.processors.standard.RouteText - RouteText[id=fc47b1db-e7ae-450c-887b-29adc31df765] Created FlowFile[2963,96218130639168.mockFlowFile,24B] from FlowFile[2962,96218130639168.mockFlowFile,24B]; routing to relationship simple
[pool-3803-thread-1] INFO org.apache.nifi.processors.standard.RouteText - RouteText[id=fc47b1db-e7ae-450c-887b-29adc31df765] Routing FlowFile[2962,96218130639168.mockFlowFile,24B] to original
[main] DEBUG org.apache.nifi.processors.standard.RouteText - RouteText[id=fc47b1db-e7ae-450c-887b-29adc31df765] Adding new dynamic property: PropertyDescriptor[simple]
[pool-3804-thread-1] INFO org.apache.nifi.processors.standard.RouteText - RouteText[id=fc47b1db-e7ae-450c-887b-29adc31df765] Created FlowFile[2965,96218131056328.mockFlowFile,24B] from FlowFile[2964,96218131056328.mockFlowFile,24B]; routing to relationship simple
[pool-3804-thread-1] INFO org.apache.nifi.processors.standard.RouteText - RouteText[id=fc47b1db-e7ae-450c-887b-29adc31df765] Routing FlowFile[2964,96218131056328.mockFlowFile,24B] to original
[main] DEBUG org.apache.nifi.processors.standard.RouteText - RouteText[id=fc47b1db-e7ae-450c-887b-29adc31df765] Adding new dynamic property: PropertyDescriptor[simple]
[pool-3805-thread-1] INFO org.apache.nifi.processors.standard.RouteText - RouteText[id=fc47b1db-e7ae-450c-887b-29adc31df765] Created FlowFile[2967,96218131423272.mockFlowFile,24B] from FlowFile[2966,96218131423272.mockFlowFile,24B]; routing to relationship simple
[pool-3805-thread-1] INFO org.apache.nifi.processors.standard.RouteText - RouteText[id=fc47b1db-e7ae-450c-887b-29adc31df765] Routing FlowFile[2966,96218131423272.mockFlowFile,24B] to original
[main] DEBUG org.apache.nifi.processors.standard.RouteText - RouteText[id=fc47b1db-e7ae-450c-887b-29adc31df765] Adding new dynamic property: PropertyDescriptor[simple]
[pool-3806-thread-1] INFO org.apache.nifi.processors.standard.RouteText - RouteText[id=fc47b1db-e7ae-450c-887b-29adc31df765] Created FlowFile[2969,96218131822609.mockFlowFile,24B] from FlowFile[2968,96218131822609.mockFlowFile,24B]; routing to relationship simple
[pool-3806-thread-1] INFO org.apache.nifi.processors.standard.RouteText - RouteText[id=fc47b1db-e7ae-450c-887b-29adc31df765] Routing FlowFile[2968,96218131822609.mockFlowFile,24B] to original
[main] DEBUG org.apache.nifi.processors.standard.RouteText - RouteText[id=fc47b1db-e7ae-450c-887b-29adc31df765] Adding new dynamic property: PropertyDescriptor[simple]
[pool-3807-thread-1] INFO org.apache.nifi.processors.standard.RouteText - RouteText[id=fc47b1db-e7ae-450c-887b-29adc31df765] Created FlowFile[2971,96218132227260.mockFlowFile,24B] from FlowFile[2970,96218132227260.mockFlowFile,24B]; routing to relationship simple
[pool-3807-thread-1] INFO org.apache.nifi.processors.standard.RouteText - RouteText[id=fc47b1db-e7ae-450c-887b-29adc31df765] Routing FlowFile[2970,96218132227260.mockFlowFile,24B] to original
[main] DEBUG org.apache.nifi.processors.standard.RouteText - RouteText[id=fc47b1db-e7ae-450c-887b-29adc31df765] Adding new dynamic property: PropertyDescriptor[simple]
[pool-3808-thread-1] INFO org.apache.nifi.processors.standard.RouteText - RouteText[id=fc47b1db-e7ae-450c-887b-29adc31df765] Created FlowFile[2973,96218132623388.mockFlowFile,24B] from FlowFile[2972,96218132623388.mockFlowFile,24B]; routing to relationship simple
[pool-3808-thread-1] INFO org.apache.nifi.processors.standard.RouteText - RouteText[id=fc47b1db-e7ae-450c-887b-29adc31df765] Routing FlowFile[2972,96218132623388.mockFlowFile,24B] to original
[main] DEBUG org.apache.nifi.processors.standard.RouteText - RouteText[id=fc47b1db-e7ae-450c-887b-29adc31df765] Adding new dynamic property: PropertyDescriptor[simple]
[pool-3809-thread-1] INFO org.apache.nifi.processors.standard.RouteText - RouteText[id=fc47b1db-e7ae-450c-887b-29adc31df765] Created FlowFile[2975,96218133029279.mockFlowFile,24B] from FlowFile[2974,96218133029279.mockFlowFile,24B]; routing to relationship simple
[pool-3809-thread-1] INFO org.apache.nifi.processors.standard.RouteText - RouteText[id=fc47b1db-e7ae-450c-887b-29adc31df765] Routing FlowFile[2974,96218133029279.mockFlowFile,24B] to original
[main] DEBUG org.apache.nifi.processors.standard.RouteText - RouteText[id=fc47b1db-e7ae-450c-887b-29adc31df765] Adding new dynamic property: PropertyDescriptor[simple]
[pool-3810-thread-1] INFO org.apache.nifi.processors.standard.RouteText - RouteText[id=fc47b1db-e7ae-450c-887b-29adc31df765] Created FlowFile[2977,96218133462096.mockFlowFile,24B] from FlowFile[2976,96218133462096.mockFlowFile,24B]; routing to relationship simple
[pool-3810-thread-1] INFO org.apache.nifi.processors.standard.RouteText - RouteText[id=fc47b1db-e7ae-450c-887b-29adc31df765] Routing FlowFile[2976,96218133462096.mockFlowFile,24B] to original
[main] DEBUG org.apache.nifi.processors.standard.RouteText - RouteText[id=fc47b1db-e7ae-450c-887b-29adc31df765] Adding new dynamic property: PropertyDescriptor[simple]
[pool-3811-thread-1] INFO org.apache.nifi.processors.standard.RouteText - RouteText[id=fc47b1db-e7ae-450c-887b-29adc31df765] Created FlowFile[2979,96218133885252.mockFlowFile,24B] from FlowFile[2978,96218133885252.mockFlowFile,24B]; routing to relationship simple
[pool-3811-thread-1] INFO org.apache.nifi.processors.standard.RouteText - RouteText[id=fc47b1db-e7ae-450c-887b-29adc31df765] Routing FlowFile[2978,96218133885252.mockFlowFile,24B] to original
[main] DEBUG org.apache.nifi.processors.standard.RouteText - RouteText[id=fc47b1db-e7ae-450c-887b-29adc31df765] Adding new dynamic property: PropertyDescriptor[simple]
[pool-3812-thread-1] INFO org.apache.nifi.processors.standard.RouteText - RouteText[id=fc47b1db-e7ae-450c-887b-29adc31df765] Created FlowFile[2981,96218134314679.mockFlowFile,24B] from FlowFile[2980,96218134314679.mockFlowFile,24B]; routing to relationship simple
[pool-3812-thread-1] INFO org.apache.nifi.processors.standard.RouteText - RouteText[id=fc47b1db-e7ae-450c-887b-29adc31df765] Routing FlowFile[2980,96218134314679.mockFlowFile,24B] to original
[main] DEBUG org.apache.nifi.processors.standard.RouteText - RouteText[id=fc47b1db-e7ae-450c-887b-29adc31df765] Adding new dynamic property: PropertyDescriptor[simple]
[pool-3813-thread-1] INFO org.apache.nifi.processors.standard.RouteText - RouteText[id=fc47b1db-e7ae-450c-887b-29adc31df765] Created FlowFile[2983,96218134742033.mockFlowFile,24B] from FlowFile[2982,96218134742033.mockFlowFile,24B]; routing to relationship simple
[pool-3813-thread-1] INFO org.apache.nifi.processors.standard.RouteText - RouteText[id=fc47b1db-e7ae-450c-887b-29adc31df765] Routing FlowFile[2982,96218134742033.mockFlowFile,24B] to original
[main] DEBUG org.apache.nifi.processors.standard.RouteText - RouteText[id=fc47b1db-e7ae-450c-887b-29adc31df765] Adding new dynamic property: PropertyDescriptor[simple]
[pool-3814-thread-1] INFO org.apache.nifi.processors.standard.RouteText - RouteText[id=fc47b1db-e7ae-450c-887b-29adc31df765] Created FlowFile[2985,96218135164492.mockFlowFile,24B] from FlowFile[2984,96218135164492.mockFlowFile,24B]; routing to relationship simple
[pool-3814-thread-1] INFO org.apache.nifi.processors.standard.RouteText - RouteText[id=fc47b1db-e7ae-450c-887b-29adc31df765] Routing FlowFile[2984,96218135164492.mockFlowFile,24B] to original
[main] DEBUG org.apache.nifi.processors.standard.RouteText - RouteText[id=fc47b1db-e7ae-450c-887b-29adc31df765] Adding new dynamic property: PropertyDescriptor[simple]
[pool-3815-thread-1] INFO org.apache.nifi.processors.standard.RouteText - RouteText[id=fc47b1db-e7ae-450c-887b-29adc31df765] Created FlowFile[2987,96218135554555.mockFlowFile,24B] from FlowFile[2986,96218135554555.mockFlowFile,24B]; routing to relationship simple
[pool-3815-thread-1] INFO org.apache.nifi.processors.standard.RouteText - RouteText[id=fc47b1db-e7ae-450c-887b-29adc31df765] Routing FlowFile[2986,96218135554555.mockFlowFile,24B] to original
[main] DEBUG org.apache.nifi.processors.standard.RouteText - RouteText[id=fc47b1db-e7ae-450c-887b-29adc31df765] Adding new dynamic property: PropertyDescriptor[simple]
[pool-3816-thread-1] INFO org.apache.nifi.processors.standard.RouteText - RouteText[id=fc47b1db-e7ae-450c-887b-29adc31df765] Created FlowFile[2989,96218135990051.mockFlowFile,24B] from FlowFile[2988,96218135990051.mockFlowFile,24B]; routing to relationship simple
[pool-3816-thread-1] INFO org.apache.nifi.processors.standard.RouteText - RouteText[id=fc47b1db-e7ae-450c-887b-29adc31df765] Routing FlowFile[2988,96218135990051.mockFlowFile,24B] to original
[main] DEBUG org.apache.nifi.processors.standard.RouteText - RouteText[id=fc47b1db-e7ae-450c-887b-29adc31df765] Adding new dynamic property: PropertyDescriptor[simple]
[pool-3817-thread-1] INFO org.apache.nifi.processors.standard.RouteText - RouteText[id=fc47b1db-e7ae-450c-887b-29adc31df765] Created FlowFile[2991,96218136484074.mockFlowFile,24B] from FlowFile[2990,96218136484074.mockFlowFile,24B]; routing to relationship simple
[pool-3817-thread-1] INFO org.apache.nifi.processors.standard.RouteText - RouteText[id=fc47b1db-e7ae-450c-887b-29adc31df765] Routing FlowFile[2990,96218136484074.mockFlowFile,24B] to original
[main] DEBUG org.apache.nifi.processors.standard.RouteText - RouteText[id=fc47b1db-e7ae-450c-887b-29adc31df765] Adding new dynamic property: PropertyDescriptor[simple]
[pool-3818-thread-1] INFO org.apache.nifi.processors.standard.RouteText - RouteText[id=fc47b1db-e7ae-450c-887b-29adc31df765] Created FlowFile[2993,96218136943177.mockFlowFile,24B] from FlowFile[2992,96218136943177.mockFlowFile,24B]; routing to relationship simple
[pool-3818-thread-1] INFO org.apache.nifi.processors.standard.RouteText - RouteText[id=fc47b1db-e7ae-450c-887b-29adc31df765] Routing FlowFile[2992,96218136943177.mockFlowFile,24B] to original
[main] DEBUG org.apache.nifi.processors.standard.RouteText - RouteText[id=fc47b1db-e7ae-450c-887b-29adc31df765] Adding new dynamic property: PropertyDescriptor[simple]
[pool-3819-thread-1] INFO org.apache.nifi.processors.standard.RouteText - RouteText[id=fc47b1db-e7ae-450c-887b-29adc31df765] Created FlowFile[2995,96218137371538.mockFlowFile,24B] from FlowFile[2994,96218137371538.mockFlowFile,24B]; routing to relationship simple
[pool-3819-thread-1] INFO org.apache.nifi.processors.standard.RouteText - RouteText[id=fc47b1db-e7ae-450c-887b-29adc31df765] Routing FlowFile[2994,96218137371538.mockFlowFile,24B] to original
[main] DEBUG org.apache.nifi.processors.standard.RouteText - RouteText[id=fc47b1db-e7ae-450c-887b-29adc31df765] Adding new dynamic property: PropertyDescriptor[simple]
[pool-3820-thread-1] INFO org.apache.nifi.processors.standard.RouteText - RouteText[id=fc47b1db-e7ae-450c-887b-29adc31df765] Created FlowFile[2997,96218137790033.mockFlowFile,24B] from FlowFile[2996,96218137790033.mockFlowFile,24B]; routing to relationship simple
[pool-3820-thread-1] INFO org.apache.nifi.processors.standard.RouteText - RouteText[id=fc47b1db-e7ae-450c-887b-29adc31df765] Routing FlowFile[2996,96218137790033.mockFlowFile,24B] to original
[main] DEBUG org.apache.nifi.processors.standard.RouteText - RouteText[id=fc47b1db-e7ae-450c-887b-29adc31df765] Adding new dynamic property: PropertyDescriptor[simple]
[pool-3821-thread-1] INFO org.apache.nifi.processors.standard.RouteText - RouteText[id=fc47b1db-e7ae-450c-887b-29adc31df765] Created FlowFile[2999,96218138198699.mockFlowFile,24B] from FlowFile[2998,96218138198699.mockFlowFile,24B]; routing to relationship simple
[pool-3821-thread-1] INFO org.apache.nifi.processors.standard.RouteText - RouteText[id=fc47b1db-e7ae-450c-887b-29adc31df765] Routing FlowFile[2998,96218138198699.mockFlowFile,24B] to original
[main] DEBUG org.apache.nifi.processors.standard.RouteText - RouteText[id=fc47b1db-e7ae-450c-887b-29adc31df765] Adding new dynamic property: PropertyDescriptor[simple]
[pool-3822-thread-1] INFO org.apache.nifi.processors.standard.RouteText - RouteText[id=fc47b1db-e7ae-450c-887b-29adc31df765] Created FlowFile[3001,96218138598357.mockFlowFile,24B] from FlowFile[3000,96218138598357.mockFlowFile,24B]; routing to relationship simple
[pool-3822-thread-1] INFO org.apache.nifi.processors.standard.RouteText - RouteText[id=fc47b1db-e7ae-450c-887b-29adc31df765] Routing FlowFile[3000,96218138598357.mockFlowFile,24B] to original
[main] DEBUG org.apache.nifi.processors.standard.RouteText - RouteText[id=fc47b1db-e7ae-450c-887b-29adc31df765] Adding new dynamic property: PropertyDescriptor[simple]
[pool-3823-thread-1] INFO org.apache.nifi.processors.standard.RouteText - RouteText[id=fc47b1db-e7ae-450c-887b-29adc31df765] Created FlowFile[3003,96218139019078.mockFlowFile,24B] from FlowFile[3002,96218139019078.mockFlowFile,24B]; routing to relationship simple
[pool-3823-thread-1] INFO org.apache.nifi.processors.standard.RouteText - RouteText[id=fc47b1db-e7ae-450c-887b-29adc31df765] Routing FlowFile[3002,96218139019078.mockFlowFile,24B] to original
[main] DEBUG org.apache.nifi.processors.standard.RouteText - RouteText[id=fc47b1db-e7ae-450c-887b-29adc31df765] Adding new dynamic property: PropertyDescriptor[simple]
[pool-3824-thread-1] INFO org.apache.nifi.processors.standard.RouteText - RouteText[id=fc47b1db-e7ae-450c-887b-29adc31df765] Created FlowFile[3005,96218139400433.mockFlowFile,24B] from FlowFile[3004,96218139400433.mockFlowFile,24B]; routing to relationship simple
[pool-3824-thread-1] INFO org.apache.nifi.processors.standard.RouteText - RouteText[id=fc47b1db-e7ae-450c-887b-29adc31df765] Routing FlowFile[3004,96218139400433.mockFlowFile,24B] to original
[main] DEBUG org.apache.nifi.processors.standard.RouteText - RouteText[id=fc47b1db-e7ae-450c-887b-29adc31df765] Adding new dynamic property: PropertyDescriptor[simple]
[pool-3825-thread-1] INFO org.apache.nifi.processors.standard.RouteText - RouteText[id=fc47b1db-e7ae-450c-887b-29adc31df765] Created FlowFile[3007,96218139825581.mockFlowFile,24B] from FlowFile[3006,96218139825581.mockFlowFile,24B]; routing to relationship simple
[pool-3825-thread-1] INFO org.apache.nifi.processors.standard.RouteText - RouteText[id=fc47b1db-e7ae-450c-887b-29adc31df765] Routing FlowFile[3006,96218139825581.mockFlowFile,24B] to original
[main] DEBUG org.apache.nifi.processors.standard.RouteText - RouteText[id=fc47b1db-e7ae-450c-887b-29adc31df765] Adding new dynamic property: PropertyDescriptor[simple]
[pool-3826-thread-1] INFO org.apache.nifi.processors.standard.RouteText - RouteText[id=fc47b1db-e7ae-450c-887b-29adc31df765] Created FlowFile[3009,96218140375323.mockFlowFile,24B] from FlowFile[3008,96218140375323.mockFlowFile,24B]; routing to relationship simple
[pool-3826-thread-1] INFO org.apache.nifi.processors.standard.RouteText - RouteText[id=fc47b1db-e7ae-450c-887b-29adc31df765] Routing FlowFile[3008,96218140375323.mockFlowFile,24B] to original
[main] DEBUG org.apache.nifi.processors.standard.RouteText - RouteText[id=fc47b1db-e7ae-450c-887b-29adc31df765] Adding new dynamic property: PropertyDescriptor[simple]
[pool-3827-thread-1] INFO org.apache.nifi.processors.standard.RouteText - RouteText[id=fc47b1db-e7ae-450c-887b-29adc31df765] Created FlowFile[3011,96218140808028.mockFlowFile,24B] from FlowFile[3010,96218140808028.mockFlowFile,24B]; routing to relationship simple
[pool-3827-thread-1] INFO org.apache.nifi.processors.standard.RouteText - RouteText[id=fc47b1db-e7ae-450c-887b-29adc31df765] Routing FlowFile[3010,96218140808028.mockFlowFile,24B] to original
[main] DEBUG org.apache.nifi.processors.standard.RouteText - RouteText[id=fc47b1db-e7ae-450c-887b-29adc31df765] Adding new dynamic property: PropertyDescriptor[simple]
[pool-3828-thread-1] INFO org.apache.nifi.processors.standard.RouteText - RouteText[id=fc47b1db-e7ae-450c-887b-29adc31df765] Created FlowFile[3013,96218141224385.mockFlowFile,24B] from FlowFile[3012,96218141224385.mockFlowFile,24B]; routing to relationship simple
[pool-3828-thread-1] INFO org.apache.nifi.processors.standard.RouteText - RouteText[id=fc47b1db-e7ae-450c-887b-29adc31df765] Routing FlowFile[3012,96218141224385.mockFlowFile,24B] to original
[main] DEBUG org.apache.nifi.processors.standard.RouteText - RouteText[id=fc47b1db-e7ae-450c-887b-29adc31df765] Adding new dynamic property: PropertyDescriptor[simple]
[pool-3829-thread-1] INFO org.apache.nifi.processors.standard.RouteText - RouteText[id=fc47b1db-e7ae-450c-887b-29adc31df765] Created FlowFile[3015,96218141638715.mockFlowFile,24B] from FlowFile[3014,96218141638715.mockFlowFile,24B]; routing to relationship simple
[pool-3829-thread-1] INFO org.apache.nifi.processors.standard.RouteText - RouteText[id=fc47b1db-e7ae-450c-887b-29adc31df765] Routing FlowFile[3014,96218141638715.mockFlowFile,24B] to original
[main] DEBUG org.apache.nifi.processors.standard.RouteText - RouteText[id=fc47b1db-e7ae-450c-887b-29adc31df765] Adding new dynamic property: PropertyDescriptor[simple]
[pool-3830-thread-1] INFO org.apache.nifi.processors.standard.RouteText - RouteText[id=fc47b1db-e7ae-450c-887b-29adc31df765] Created FlowFile[3017,96218142034654.mockFlowFile,24B] from FlowFile[3016,96218142034654.mockFlowFile,24B]; routing to relationship simple
[pool-3830-thread-1] INFO org.apache.nifi.processors.standard.RouteText - RouteText[id=fc47b1db-e7ae-450c-887b-29adc31df765] Routing FlowFile[3016,96218142034654.mockFlowFile,24B] to original
[main] DEBUG org.apache.nifi.processors.standard.RouteText - RouteText[id=fc47b1db-e7ae-450c-887b-29adc31df765] Adding new dynamic property: PropertyDescriptor[simple]
[pool-3831-thread-1] INFO org.apache.nifi.processors.standard.RouteText - RouteText[id=fc47b1db-e7ae-450c-887b-29adc31df765] Created FlowFile[3019,96218142428012.mockFlowFile,24B] from FlowFile[3018,96218142428012.mockFlowFile,24B]; routing to relationship simple
[pool-3831-thread-1] INFO org.apache.nifi.processors.standard.RouteText - RouteText[id=fc47b1db-e7ae-450c-887b-29adc31df765] Routing FlowFile[3018,96218142428012.mockFlowFile,24B] to original
[main] DEBUG org.apache.nifi.processors.standard.RouteText - RouteText[id=fc47b1db-e7ae-450c-887b-29adc31df765] Adding new dynamic property: PropertyDescriptor[simple]
[pool-3832-thread-1] INFO org.apache.nifi.processors.standard.RouteText - RouteText[id=fc47b1db-e7ae-450c-887b-29adc31df765] Created FlowFile[3021,96218142818324.mockFlowFile,24B] from FlowFile[3020,96218142818324.mockFlowFile,24B]; routing to relationship simple
[pool-3832-thread-1] INFO org.apache.nifi.processors.standard.RouteText - RouteText[id=fc47b1db-e7ae-450c-887b-29adc31df765] Routing FlowFile[3020,96218142818324.mockFlowFile,24B] to original
[main] DEBUG org.apache.nifi.processors.standard.RouteText - RouteText[id=fc47b1db-e7ae-450c-887b-29adc31df765] Adding new dynamic property: PropertyDescriptor[simple]
[pool-3833-thread-1] INFO org.apache.nifi.processors.standard.RouteText - RouteText[id=fc47b1db-e7ae-450c-887b-29adc31df765] Created FlowFile[3023,96218143213872.mockFlowFile,24B] from FlowFile[3022,96218143213872.mockFlowFile,24B]; routing to relationship simple
[pool-3833-thread-1] INFO org.apache.nifi.processors.standard.RouteText - RouteText[id=fc47b1db-e7ae-450c-887b-29adc31df765] Routing FlowFile[3022,96218143213872.mockFlowFile,24B] to original
[main] DEBUG org.apache.nifi.processors.standard.RouteText - RouteText[id=fc47b1db-e7ae-450c-887b-29adc31df765] Adding new dynamic property: PropertyDescriptor[simple]
[pool-3834-thread-1] INFO org.apache.nifi.processors.standard.RouteText - RouteText[id=fc47b1db-e7ae-450c-887b-29adc31df765] Created FlowFile[3025,96218143619733.mockFlowFile,24B] from FlowFile[3024,96218143619733.mockFlowFile,24B]; routing to relationship simple
[pool-3834-thread-1] INFO org.apache.nifi.processors.standard.RouteText - RouteText[id=fc47b1db-e7ae-450c-887b-29adc31df765] Routing FlowFile[3024,96218143619733.mockFlowFile,24B] to original
[main] DEBUG org.apache.nifi.processors.standard.RouteText - RouteText[id=fc47b1db-e7ae-450c-887b-29adc31df765] Adding new dynamic property: PropertyDescriptor[simple]
[pool-3835-thread-1] INFO org.apache.nifi.processors.standard.RouteText - RouteText[id=fc47b1db-e7ae-450c-887b-29adc31df765] Created FlowFile[3027,96218144019015.mockFlowFile,24B] from FlowFile[3026,96218144019015.mockFlowFile,24B]; routing to relationship simple
[pool-3835-thread-1] INFO org.apache.nifi.processors.standard.RouteText - RouteText[id=fc47b1db-e7ae-450c-887b-29adc31df765] Routing FlowFile[3026,96218144019015.mockFlowFile,24B] to original
[main] DEBUG org.apache.nifi.processors.standard.RouteText - RouteText[id=fc47b1db-e7ae-450c-887b-29adc31df765] Adding new dynamic property: PropertyDescriptor[simple]
[pool-3836-thread-1] INFO org.apache.nifi.processors.standard.RouteText - RouteText[id=fc47b1db-e7ae-450c-887b-29adc31df765] Created FlowFile[3029,96218144415605.mockFlowFile,24B] from FlowFile[3028,96218144415605.mockFlowFile,24B]; routing to relationship simple
[pool-3836-thread-1] INFO org.apache.nifi.processors.standard.RouteText - RouteText[id=fc47b1db-e7ae-450c-887b-29adc31df765] Routing FlowFile[3028,96218144415605.mockFlowFile,24B] to original
[main] DEBUG org.apache.nifi.processors.standard.RouteText - RouteText[id=fc47b1db-e7ae-450c-887b-29adc31df765] Adding new dynamic property: PropertyDescriptor[simple]
[pool-3837-thread-1] INFO org.apache.nifi.processors.standard.RouteText - RouteText[id=fc47b1db-e7ae-450c-887b-29adc31df765] Created FlowFile[3031,96218144817460.mockFlowFile,24B] from FlowFile[3030,96218144817460.mockFlowFile,24B]; routing to relationship simple
[pool-3837-thread-1] INFO org.apache.nifi.processors.standard.RouteText - RouteText[id=fc47b1db-e7ae-450c-887b-29adc31df765] Routing FlowFile[3030,96218144817460.mockFlowFile,24B] to original
[main] DEBUG org.apache.nifi.processors.standard.RouteText - RouteText[id=fc47b1db-e7ae-450c-887b-29adc31df765] Adding new dynamic property: PropertyDescriptor[simple]
[pool-3838-thread-1] INFO org.apache.nifi.processors.standard.RouteText - RouteText[id=fc47b1db-e7ae-450c-887b-29adc31df765] Created FlowFile[3033,96218145205457.mockFlowFile,24B] from FlowFile[3032,96218145205457.mockFlowFile,24B]; routing to relationship simple
[pool-3838-thread-1] INFO org.apache.nifi.processors.standard.RouteText - RouteText[id=fc47b1db-e7ae-450c-887b-29adc31df765] Routing FlowFile[3032,96218145205457.mockFlowFile,24B] to original
[main] DEBUG org.apache.nifi.processors.standard.RouteText - RouteText[id=fc47b1db-e7ae-450c-887b-29adc31df765] Adding new dynamic property: PropertyDescriptor[simple]
[pool-3839-thread-1] INFO org.apache.nifi.processors.standard.RouteText - RouteText[id=fc47b1db-e7ae-450c-887b-29adc31df765] Created FlowFile[3035,96218145596461.mockFlowFile,24B] from FlowFile[3034,96218145596461.mockFlowFile,24B]; routing to relationship simple
[pool-3839-thread-1] INFO org.apache.nifi.processors.standard.RouteText - RouteText[id=fc47b1db-e7ae-450c-887b-29adc31df765] Routing FlowFile[3034,96218145596461.mockFlowFile,24B] to original
[main] DEBUG org.apache.nifi.processors.standard.RouteText - RouteText[id=fc47b1db-e7ae-450c-887b-29adc31df765] Adding new dynamic property: PropertyDescriptor[simple]
[pool-3840-thread-1] INFO org.apache.nifi.processors.standard.RouteText - RouteText[id=fc47b1db-e7ae-450c-887b-29adc31df765] Created FlowFile[3037,96218145989592.mockFlowFile,24B] from FlowFile[3036,96218145989592.mockFlowFile,24B]; routing to relationship simple
[pool-3840-thread-1] INFO org.apache.nifi.processors.standard.RouteText - RouteText[id=fc47b1db-e7ae-450c-887b-29adc31df765] Routing FlowFile[3036,96218145989592.mockFlowFile,24B] to original
[main] DEBUG org.apache.nifi.processors.standard.RouteText - RouteText[id=fc47b1db-e7ae-450c-887b-29adc31df765] Adding new dynamic property: PropertyDescriptor[simple]
[pool-3841-thread-1] INFO org.apache.nifi.processors.standard.RouteText - RouteText[id=fc47b1db-e7ae-450c-887b-29adc31df765] Created FlowFile[3039,96218146392701.mockFlowFile,24B] from FlowFile[3038,96218146392701.mockFlowFile,24B]; routing to relationship simple
[pool-3841-thread-1] INFO org.apache.nifi.processors.standard.RouteText - RouteText[id=fc47b1db-e7ae-450c-887b-29adc31df765] Routing FlowFile[3038,96218146392701.mockFlowFile,24B] to original
[main] DEBUG org.apache.nifi.processors.standard.RouteText - RouteText[id=fc47b1db-e7ae-450c-887b-29adc31df765] Adding new dynamic property: PropertyDescriptor[simple]
[pool-3842-thread-1] INFO org.apache.nifi.processors.standard.RouteText - RouteText[id=fc47b1db-e7ae-450c-887b-29adc31df765] Created FlowFile[3041,96218146802690.mockFlowFile,24B] from FlowFile[3040,96218146802690.mockFlowFile,24B]; routing to relationship simple
[pool-3842-thread-1] INFO org.apache.nifi.processors.standard.RouteText - RouteText[id=fc47b1db-e7ae-450c-887b-29adc31df765] Routing FlowFile[3040,96218146802690.mockFlowFile,24B] to original
[main] DEBUG org.apache.nifi.processors.standard.RouteText - RouteText[id=fc47b1db-e7ae-450c-887b-29adc31df765] Adding new dynamic property: PropertyDescriptor[simple]
[pool-3843-thread-1] INFO org.apache.nifi.processors.standard.RouteText - RouteText[id=fc47b1db-e7ae-450c-887b-29adc31df765] Created FlowFile[3043,96218147191755.mockFlowFile,24B] from FlowFile[3042,96218147191755.mockFlowFile,24B]; routing to relationship simple
[pool-3843-thread-1] INFO org.apache.nifi.processors.standard.RouteText - RouteText[id=fc47b1db-e7ae-450c-887b-29adc31df765] Routing FlowFile[3042,96218147191755.mockFlowFile,24B] to original
[main] DEBUG org.apache.nifi.processors.standard.RouteText - RouteText[id=fc47b1db-e7ae-450c-887b-29adc31df765] Adding new dynamic property: PropertyDescriptor[simple]
[pool-3844-thread-1] INFO org.apache.nifi.processors.standard.RouteText - RouteText[id=fc47b1db-e7ae-450c-887b-29adc31df765] Created FlowFile[3045,96218147608043.mockFlowFile,24B] from FlowFile[3044,96218147608043.mockFlowFile,24B]; routing to relationship simple
[pool-3844-thread-1] INFO org.apache.nifi.processors.standard.RouteText - RouteText[id=fc47b1db-e7ae-450c-887b-29adc31df765] Routing FlowFile[3044,96218147608043.mockFlowFile,24B] to original
[main] DEBUG org.apache.nifi.processors.standard.RouteText - RouteText[id=fc47b1db-e7ae-450c-887b-29adc31df765] Adding new dynamic property: PropertyDescriptor[simple]
[pool-3845-thread-1] INFO org.apache.nifi.processors.standard.RouteText - RouteText[id=fc47b1db-e7ae-450c-887b-29adc31df765] Created FlowFile[3047,96218148144256.mockFlowFile,24B] from FlowFile[3046,96218148144256.mockFlowFile,24B]; routing to relationship simple
[pool-3845-thread-1] INFO org.apache.nifi.processors.standard.RouteText - RouteText[id=fc47b1db-e7ae-450c-887b-29adc31df765] Routing FlowFile[3046,96218148144256.mockFlowFile,24B] to original
[main] DEBUG org.apache.nifi.processors.standard.RouteText - RouteText[id=fc47b1db-e7ae-450c-887b-29adc31df765] Adding new dynamic property: PropertyDescriptor[simple]
[pool-3846-thread-1] INFO org.apache.nifi.processors.standard.RouteText - RouteText[id=fc47b1db-e7ae-450c-887b-29adc31df765] Created FlowFile[3049,96218148570805.mockFlowFile,24B] from FlowFile[3048,96218148570805.mockFlowFile,24B]; routing to relationship simple
[pool-3846-thread-1] INFO org.apache.nifi.processors.standard.RouteText - RouteText[id=fc47b1db-e7ae-450c-887b-29adc31df765] Routing FlowFile[3048,96218148570805.mockFlowFile,24B] to original
[main] DEBUG org.apache.nifi.processors.standard.RouteText - RouteText[id=fc47b1db-e7ae-450c-887b-29adc31df765] Adding new dynamic property: PropertyDescriptor[simple]
[pool-3847-thread-1] INFO org.apache.nifi.processors.standard.RouteText - RouteText[id=fc47b1db-e7ae-450c-887b-29adc31df765] Created FlowFile[3051,96218149018745.mockFlowFile,24B] from FlowFile[3050,96218149018745.mockFlowFile,24B]; routing to relationship simple
[pool-3847-thread-1] INFO org.apache.nifi.processors.standard.RouteText - RouteText[id=fc47b1db-e7ae-450c-887b-29adc31df765] Routing FlowFile[3050,96218149018745.mockFlowFile,24B] to original
[main] DEBUG org.apache.nifi.processors.standard.RouteText - RouteText[id=fc47b1db-e7ae-450c-887b-29adc31df765] Adding new dynamic property: PropertyDescriptor[simple]
[pool-3848-thread-1] INFO org.apache.nifi.processors.standard.RouteText - RouteText[id=fc47b1db-e7ae-450c-887b-29adc31df765] Created FlowFile[3053,96218149436542.mockFlowFile,24B] from FlowFile[3052,96218149436542.mockFlowFile,24B]; routing to relationship simple
[pool-3848-thread-1] INFO org.apache.nifi.processors.standard.RouteText - RouteText[id=fc47b1db-e7ae-450c-887b-29adc31df765] Routing FlowFile[3052,96218149436542.mockFlowFile,24B] to original
[main] DEBUG org.apache.nifi.processors.standard.RouteText - RouteText[id=fc47b1db-e7ae-450c-887b-29adc31df765] Adding new dynamic property: PropertyDescriptor[simple]
[pool-3849-thread-1] INFO org.apache.nifi.processors.standard.RouteText - RouteText[id=fc47b1db-e7ae-450c-887b-29adc31df765] Created FlowFile[3055,96218149849979.mockFlowFile,24B] from FlowFile[3054,96218149849979.mockFlowFile,24B]; routing to relationship simple
[pool-3849-thread-1] INFO org.apache.nifi.processors.standard.RouteText - RouteText[id=fc47b1db-e7ae-450c-887b-29adc31df765] Routing FlowFile[3054,96218149849979.mockFlowFile,24B] to original
[main] DEBUG org.apache.nifi.processors.standard.RouteText - RouteText[id=fc47b1db-e7ae-450c-887b-29adc31df765] Adding new dynamic property: PropertyDescriptor[simple]
[pool-3850-thread-1] INFO org.apache.nifi.processors.standard.RouteText - RouteText[id=fc47b1db-e7ae-450c-887b-29adc31df765] Created FlowFile[3057,96218150283492.mockFlowFile,24B] from FlowFile[3056,96218150283492.mockFlowFile,24B]; routing to relationship simple
[pool-3850-thread-1] INFO org.apache.nifi.processors.standard.RouteText - RouteText[id=fc47b1db-e7ae-450c-887b-29adc31df765] Routing FlowFile[3056,96218150283492.mockFlowFile,24B] to original
[main] DEBUG org.apache.nifi.processors.standard.RouteText - RouteText[id=fc47b1db-e7ae-450c-887b-29adc31df765] Adding new dynamic property: PropertyDescriptor[simple]
[pool-3851-thread-1] INFO org.apache.nifi.processors.standard.RouteText - RouteText[id=fc47b1db-e7ae-450c-887b-29adc31df765] Created FlowFile[3059,96218150742444.mockFlowFile,24B] from FlowFile[3058,96218150742444.mockFlowFile,24B]; routing to relationship simple
[pool-3851-thread-1] INFO org.apache.nifi.processors.standard.RouteText - RouteText[id=fc47b1db-e7ae-450c-887b-29adc31df765] Routing FlowFile[3058,96218150742444.mockFlowFile,24B] to original
[main] DEBUG org.apache.nifi.processors.standard.RouteText - RouteText[id=fc47b1db-e7ae-450c-887b-29adc31df765] Adding new dynamic property: PropertyDescriptor[simple]
[pool-3852-thread-1] INFO org.apache.nifi.processors.standard.RouteText - RouteText[id=fc47b1db-e7ae-450c-887b-29adc31df765] Created FlowFile[3061,96218151160229.mockFlowFile,24B] from FlowFile[3060,96218151160229.mockFlowFile,24B]; routing to relationship simple
[pool-3852-thread-1] INFO org.apache.nifi.processors.standard.RouteText - RouteText[id=fc47b1db-e7ae-450c-887b-29adc31df765] Routing FlowFile[3060,96218151160229.mockFlowFile,24B] to original
[main] DEBUG org.apache.nifi.processors.standard.RouteText - RouteText[id=fc47b1db-e7ae-450c-887b-29adc31df765] Adding new dynamic property: PropertyDescriptor[simple]
[pool-3853-thread-1] INFO org.apache.nifi.processors.standard.RouteText - RouteText[id=fc47b1db-e7ae-450c-887b-29adc31df765] Created FlowFile[3063,96218151641363.mockFlowFile,24B] from FlowFile[3062,96218151641363.mockFlowFile,24B]; routing to relationship simple
[pool-3853-thread-1] INFO org.apache.nifi.processors.standard.RouteText - RouteText[id=fc47b1db-e7ae-450c-887b-29adc31df765] Routing FlowFile[3062,96218151641363.mockFlowFile,24B] to original
[main] DEBUG org.apache.nifi.processors.standard.RouteText - RouteText[id=fc47b1db-e7ae-450c-887b-29adc31df765] Adding new dynamic property: PropertyDescriptor[simple]
[pool-3854-thread-1] INFO org.apache.nifi.processors.standard.RouteText - RouteText[id=fc47b1db-e7ae-450c-887b-29adc31df765] Created FlowFile[3065,96218152214126.mockFlowFile,24B] from FlowFile[3064,96218152214126.mockFlowFile,24B]; routing to relationship simple
[pool-3854-thread-1] INFO org.apache.nifi.processors.standard.RouteText - RouteText[id=fc47b1db-e7ae-450c-887b-29adc31df765] Routing FlowFile[3064,96218152214126.mockFlowFile,24B] to original
[main] DEBUG org.apache.nifi.processors.standard.RouteText - RouteText[id=fc47b1db-e7ae-450c-887b-29adc31df765] Adding new dynamic property: PropertyDescriptor[simple]
[pool-3855-thread-1] INFO org.apache.nifi.processors.standard.RouteText - RouteText[id=fc47b1db-e7ae-450c-887b-29adc31df765] Created FlowFile[3067,96218152752981.mockFlowFile,24B] from FlowFile[3066,96218152752981.mockFlowFile,24B]; routing to relationship simple
[pool-3855-thread-1] INFO org.apache.nifi.processors.standard.RouteText - RouteText[id=fc47b1db-e7ae-450c-887b-29adc31df765] Routing FlowFile[3066,96218152752981.mockFlowFile,24B] to original
[main] DEBUG org.apache.nifi.processors.standard.RouteText - RouteText[id=fc47b1db-e7ae-450c-887b-29adc31df765] Adding new dynamic property: PropertyDescriptor[simple]
[pool-3856-thread-1] INFO org.apache.nifi.processors.standard.RouteText - RouteText[id=fc47b1db-e7ae-450c-887b-29adc31df765] Created FlowFile[3069,96218153218713.mockFlowFile,24B] from FlowFile[3068,96218153218713.mockFlowFile,24B]; routing to relationship simple
[pool-3856-thread-1] INFO org.apache.nifi.processors.standard.RouteText - RouteText[id=fc47b1db-e7ae-450c-887b-29adc31df765] Routing FlowFile[3068,96218153218713.mockFlowFile,24B] to original
[main] DEBUG org.apache.nifi.processors.standard.RouteText - RouteText[id=fc47b1db-e7ae-450c-887b-29adc31df765] Adding new dynamic property: PropertyDescriptor[simple]
[pool-3857-thread-1] INFO org.apache.nifi.processors.standard.RouteText - RouteText[id=fc47b1db-e7ae-450c-887b-29adc31df765] Created FlowFile[3071,96218153674541.mockFlowFile,24B] from FlowFile[3070,96218153674541.mockFlowFile,24B]; routing to relationship simple
[pool-3857-thread-1] INFO org.apache.nifi.processors.standard.RouteText - RouteText[id=fc47b1db-e7ae-450c-887b-29adc31df765] Routing FlowFile[3070,96218153674541.mockFlowFile,24B] to original
[main] DEBUG org.apache.nifi.processors.standard.RouteText - RouteText[id=fc47b1db-e7ae-450c-887b-29adc31df765] Adding new dynamic property: PropertyDescriptor[simple]
[pool-3858-thread-1] INFO org.apache.nifi.processors.standard.RouteText - RouteText[id=fc47b1db-e7ae-450c-887b-29adc31df765] Created FlowFile[3073,96218154074952.mockFlowFile,24B] from FlowFile[3072,96218154074952.mockFlowFile,24B]; routing to relationship simple
[pool-3858-thread-1] INFO org.apache.nifi.processors.standard.RouteText - RouteText[id=fc47b1db-e7ae-450c-887b-29adc31df765] Routing FlowFile[3072,96218154074952.mockFlowFile,24B] to original
[main] DEBUG org.apache.nifi.processors.standard.RouteText - RouteText[id=fc47b1db-e7ae-450c-887b-29adc31df765] Adding new dynamic property: PropertyDescriptor[simple]
[pool-3859-thread-1] INFO org.apache.nifi.processors.standard.RouteText - RouteText[id=fc47b1db-e7ae-450c-887b-29adc31df765] Created FlowFile[3075,96218154459523.mockFlowFile,24B] from FlowFile[3074,96218154459523.mockFlowFile,24B]; routing to relationship simple
[pool-3859-thread-1] INFO org.apache.nifi.processors.standard.RouteText - RouteText[id=fc47b1db-e7ae-450c-887b-29adc31df765] Routing FlowFile[3074,96218154459523.mockFlowFile,24B] to original
[main] DEBUG org.apache.nifi.processors.standard.RouteText - RouteText[id=fc47b1db-e7ae-450c-887b-29adc31df765] Adding new dynamic property: PropertyDescriptor[simple]
[pool-3860-thread-1] INFO org.apache.nifi.processors.standard.RouteText - RouteText[id=fc47b1db-e7ae-450c-887b-29adc31df765] Created FlowFile[3077,96218154835420.mockFlowFile,24B] from FlowFile[3076,96218154835420.mockFlowFile,24B]; routing to relationship simple
[pool-3860-thread-1] INFO org.apache.nifi.processors.standard.RouteText - RouteText[id=fc47b1db-e7ae-450c-887b-29adc31df765] Routing FlowFile[3076,96218154835420.mockFlowFile,24B] to original
[main] DEBUG org.apache.nifi.processors.standard.RouteText - RouteText[id=fc47b1db-e7ae-450c-887b-29adc31df765] Adding new dynamic property: PropertyDescriptor[simple]
[pool-3861-thread-1] INFO org.apache.nifi.processors.standard.RouteText - RouteText[id=fc47b1db-e7ae-450c-887b-29adc31df765] Created FlowFile[3079,96218155301608.mockFlowFile,24B] from FlowFile[3078,96218155301608.mockFlowFile,24B]; routing to relationship simple
[pool-3861-thread-1] INFO org.apache.nifi.processors.standard.RouteText - RouteText[id=fc47b1db-e7ae-450c-887b-29adc31df765] Routing FlowFile[3078,96218155301608.mockFlowFile,24B] to original
[main] DEBUG org.apache.nifi.processors.standard.RouteText - RouteText[id=fc47b1db-e7ae-450c-887b-29adc31df765] Adding new dynamic property: PropertyDescriptor[simple]
[pool-3862-thread-1] INFO org.apache.nifi.processors.standard.RouteText - RouteText[id=fc47b1db-e7ae-450c-887b-29adc31df765] Created FlowFile[3081,96218155738639.mockFlowFile,24B] from FlowFile[3080,96218155738639.mockFlowFile,24B]; routing to relationship simple
[pool-3862-thread-1] INFO org.apache.nifi.processors.standard.RouteText - RouteText[id=fc47b1db-e7ae-450c-887b-29adc31df765] Routing FlowFile[3080,96218155738639.mockFlowFile,24B] to original
[main] DEBUG org.apache.nifi.processors.standard.RouteText - RouteText[id=fc47b1db-e7ae-450c-887b-29adc31df765] Adding new dynamic property: PropertyDescriptor[simple]
[pool-3863-thread-1] INFO org.apache.nifi.processors.standard.RouteText - RouteText[id=fc47b1db-e7ae-450c-887b-29adc31df765] Created FlowFile[3083,96218156133947.mockFlowFile,24B] from FlowFile[3082,96218156133947.mockFlowFile,24B]; routing to relationship simple
[pool-3863-thread-1] INFO org.apache.nifi.processors.standard.RouteText - RouteText[id=fc47b1db-e7ae-450c-887b-29adc31df765] Routing FlowFile[3082,96218156133947.mockFlowFile,24B] to original
[main] DEBUG org.apache.nifi.processors.standard.RouteText - RouteText[id=fc47b1db-e7ae-450c-887b-29adc31df765] Adding new dynamic property: PropertyDescriptor[simple]
[pool-3864-thread-1] INFO org.apache.nifi.processors.standard.RouteText - RouteText[id=fc47b1db-e7ae-450c-887b-29adc31df765] Created FlowFile[3085,96218156600463.mockFlowFile,24B] from FlowFile[3084,96218156600463.mockFlowFile,24B]; routing to relationship simple
[pool-3864-thread-1] INFO org.apache.nifi.processors.standard.RouteText - RouteText[id=fc47b1db-e7ae-450c-887b-29adc31df765] Routing FlowFile[3084,96218156600463.mockFlowFile,24B] to original
[main] DEBUG org.apache.nifi.processors.standard.RouteText - RouteText[id=fc47b1db-e7ae-450c-887b-29adc31df765] Adding new dynamic property: PropertyDescriptor[simple]
[pool-3865-thread-1] INFO org.apache.nifi.processors.standard.RouteText - RouteText[id=fc47b1db-e7ae-450c-887b-29adc31df765] Created FlowFile[3087,96218157055852.mockFlowFile,24B] from FlowFile[3086,96218157055852.mockFlowFile,24B]; routing to relationship simple
[pool-3865-thread-1] INFO org.apache.nifi.processors.standard.RouteText - RouteText[id=fc47b1db-e7ae-450c-887b-29adc31df765] Routing FlowFile[3086,96218157055852.mockFlowFile,24B] to original
[main] DEBUG org.apache.nifi.processors.standard.RouteText - RouteText[id=fc47b1db-e7ae-450c-887b-29adc31df765] Adding new dynamic property: PropertyDescriptor[simple]
[pool-3866-thread-1] INFO org.apache.nifi.processors.standard.RouteText - RouteText[id=fc47b1db-e7ae-450c-887b-29adc31df765] Created FlowFile[3089,96218157521891.mockFlowFile,24B] from FlowFile[3088,96218157521891.mockFlowFile,24B]; routing to relationship simple
[pool-3866-thread-1] INFO org.apache.nifi.processors.standard.RouteText - RouteText[id=fc47b1db-e7ae-450c-887b-29adc31df765] Routing FlowFile[3088,96218157521891.mockFlowFile,24B] to original
[main] DEBUG org.apache.nifi.processors.standard.RouteText - RouteText[id=fc47b1db-e7ae-450c-887b-29adc31df765] Adding new dynamic property: PropertyDescriptor[simple]
[pool-3867-thread-1] INFO org.apache.nifi.processors.standard.RouteText - RouteText[id=fc47b1db-e7ae-450c-887b-29adc31df765] Created FlowFile[3091,96218157906392.mockFlowFile,24B] from FlowFile[3090,96218157906392.mockFlowFile,24B]; routing to relationship simple
[pool-3867-thread-1] INFO org.apache.nifi.processors.standard.RouteText - RouteText[id=fc47b1db-e7ae-450c-887b-29adc31df765] Routing FlowFile[3090,96218157906392.mockFlowFile,24B] to original
[main] DEBUG org.apache.nifi.processors.standard.RouteText - RouteText[id=fc47b1db-e7ae-450c-887b-29adc31df765] Adding new dynamic property: PropertyDescriptor[simple]
[pool-3868-thread-1] INFO org.apache.nifi.processors.standard.RouteText - RouteText[id=fc47b1db-e7ae-450c-887b-29adc31df765] Created FlowFile[3093,96218158268240.mockFlowFile,24B] from FlowFile[3092,96218158268240.mockFlowFile,24B]; routing to relationship simple
[pool-3868-thread-1] INFO org.apache.nifi.processors.standard.RouteText - RouteText[id=fc47b1db-e7ae-450c-887b-29adc31df765] Routing FlowFile[3092,96218158268240.mockFlowFile,24B] to original
[main] DEBUG org.apache.nifi.processors.standard.RouteText - RouteText[id=fc47b1db-e7ae-450c-887b-29adc31df765] Adding new dynamic property: PropertyDescriptor[simple]
[pool-3869-thread-1] INFO org.apache.nifi.processors.standard.RouteText - RouteText[id=fc47b1db-e7ae-450c-887b-29adc31df765] Created FlowFile[3095,96218158636867.mockFlowFile,24B] from FlowFile[3094,96218158636867.mockFlowFile,24B]; routing to relationship simple
[pool-3869-thread-1] INFO org.apache.nifi.processors.standard.RouteText - RouteText[id=fc47b1db-e7ae-450c-887b-29adc31df765] Routing FlowFile[3094,96218158636867.mockFlowFile,24B] to original
[main] DEBUG org.apache.nifi.processors.standard.RouteText - RouteText[id=fc47b1db-e7ae-450c-887b-29adc31df765] Adding new dynamic property: PropertyDescriptor[simple]
[pool-3870-thread-1] INFO org.apache.nifi.processors.standard.RouteText - RouteText[id=fc47b1db-e7ae-450c-887b-29adc31df765] Created FlowFile[3097,96218159005356.mockFlowFile,24B] from FlowFile[3096,96218159005356.mockFlowFile,24B]; routing to relationship simple
[pool-3870-thread-1] INFO org.apache.nifi.processors.standard.RouteText - RouteText[id=fc47b1db-e7ae-450c-887b-29adc31df765] Routing FlowFile[3096,96218159005356.mockFlowFile,24B] to original
[main] DEBUG org.apache.nifi.processors.standard.RouteText - RouteText[id=fc47b1db-e7ae-450c-887b-29adc31df765] Adding new dynamic property: PropertyDescriptor[simple]
[pool-3871-thread-1] INFO org.apache.nifi.processors.standard.RouteText - RouteText[id=fc47b1db-e7ae-450c-887b-29adc31df765] Created FlowFile[3099,96218159519365.mockFlowFile,24B] from FlowFile[3098,96218159519365.mockFlowFile,24B]; routing to relationship simple
[pool-3871-thread-1] INFO org.apache.nifi.processors.standard.RouteText - RouteText[id=fc47b1db-e7ae-450c-887b-29adc31df765] Routing FlowFile[3098,96218159519365.mockFlowFile,24B] to original
[main] DEBUG org.apache.nifi.processors.standard.RouteText - RouteText[id=fc47b1db-e7ae-450c-887b-29adc31df765] Adding new dynamic property: PropertyDescriptor[simple]
[pool-3872-thread-1] INFO org.apache.nifi.processors.standard.RouteText - RouteText[id=fc47b1db-e7ae-450c-887b-29adc31df765] Created FlowFile[3101,96218159940089.mockFlowFile,24B] from FlowFile[3100,96218159940089.mockFlowFile,24B]; routing to relationship simple
[pool-3872-thread-1] INFO org.apache.nifi.processors.standard.RouteText - RouteText[id=fc47b1db-e7ae-450c-887b-29adc31df765] Routing FlowFile[3100,96218159940089.mockFlowFile,24B] to original
[main] DEBUG org.apache.nifi.processors.standard.RouteText - RouteText[id=fc47b1db-e7ae-450c-887b-29adc31df765] Adding new dynamic property: PropertyDescriptor[simple]
[pool-3873-thread-1] INFO org.apache.nifi.processors.standard.RouteText - RouteText[id=fc47b1db-e7ae-450c-887b-29adc31df765] Created FlowFile[3103,96218160368612.mockFlowFile,24B] from FlowFile[3102,96218160368612.mockFlowFile,24B]; routing to relationship simple
[pool-3873-thread-1] INFO org.apache.nifi.processors.standard.RouteText - RouteText[id=fc47b1db-e7ae-450c-887b-29adc31df765] Routing FlowFile[3102,96218160368612.mockFlowFile,24B] to original
[main] DEBUG org.apache.nifi.processors.standard.RouteText - RouteText[id=fc47b1db-e7ae-450c-887b-29adc31df765] Adding new dynamic property: PropertyDescriptor[simple]
[pool-3874-thread-1] INFO org.apache.nifi.processors.standard.RouteText - RouteText[id=fc47b1db-e7ae-450c-887b-29adc31df765] Created FlowFile[3105,96218160856404.mockFlowFile,24B] from FlowFile[3104,96218160856404.mockFlowFile,24B]; routing to relationship simple
[pool-3874-thread-1] INFO org.apache.nifi.processors.standard.RouteText - RouteText[id=fc47b1db-e7ae-450c-887b-29adc31df765] Routing FlowFile[3104,96218160856404.mockFlowFile,24B] to original
[main] DEBUG org.apache.nifi.processors.standard.RouteText - RouteText[id=fc47b1db-e7ae-450c-887b-29adc31df765] Adding new dynamic property: PropertyDescriptor[simple]
[pool-3875-thread-1] INFO org.apache.nifi.processors.standard.RouteText - RouteText[id=fc47b1db-e7ae-450c-887b-29adc31df765] Created FlowFile[3107,96218161309177.mockFlowFile,24B] from FlowFile[3106,96218161309177.mockFlowFile,24B]; routing to relationship simple
[pool-3875-thread-1] INFO org.apache.nifi.processors.standard.RouteText - RouteText[id=fc47b1db-e7ae-450c-887b-29adc31df765] Routing FlowFile[3106,96218161309177.mockFlowFile,24B] to original
[main] DEBUG org.apache.nifi.processors.standard.RouteText - RouteText[id=fc47b1db-e7ae-450c-887b-29adc31df765] Adding new dynamic property: PropertyDescriptor[simple]
[pool-3876-thread-1] INFO org.apache.nifi.processors.standard.RouteText - RouteText[id=fc47b1db-e7ae-450c-887b-29adc31df765] Created FlowFile[3109,96218161684884.mockFlowFile,24B] from FlowFile[3108,96218161684884.mockFlowFile,24B]; routing to relationship simple
[pool-3876-thread-1] INFO org.apache.nifi.processors.standard.RouteText - RouteText[id=fc47b1db-e7ae-450c-887b-29adc31df765] Routing FlowFile[3108,96218161684884.mockFlowFile,24B] to original
[main] DEBUG org.apache.nifi.processors.standard.RouteText - RouteText[id=fc47b1db-e7ae-450c-887b-29adc31df765] Adding new dynamic property: PropertyDescriptor[simple]
[pool-3877-thread-1] INFO org.apache.nifi.processors.standard.RouteText - RouteText[id=fc47b1db-e7ae-450c-887b-29adc31df765] Created FlowFile[3111,96218162067867.mockFlowFile,24B] from FlowFile[3110,96218162067867.mockFlowFile,24B]; routing to relationship simple
[pool-3877-thread-1] INFO org.apache.nifi.processors.standard.RouteText - RouteText[id=fc47b1db-e7ae-450c-887b-29adc31df765] Routing FlowFile[3110,96218162067867.mockFlowFile,24B] to original
[main] DEBUG org.apache.nifi.processors.standard.RouteText - RouteText[id=fc47b1db-e7ae-450c-887b-29adc31df765] Adding new dynamic property: PropertyDescriptor[simple]
[pool-3878-thread-1] INFO org.apache.nifi.processors.standard.RouteText - RouteText[id=fc47b1db-e7ae-450c-887b-29adc31df765] Created FlowFile[3113,96218162426361.mockFlowFile,24B] from FlowFile[3112,96218162426361.mockFlowFile,24B]; routing to relationship simple
[pool-3878-thread-1] INFO org.apache.nifi.processors.standard.RouteText - RouteText[id=fc47b1db-e7ae-450c-887b-29adc31df765] Routing FlowFile[3112,96218162426361.mockFlowFile,24B] to original
[main] DEBUG org.apache.nifi.processors.standard.RouteText - RouteText[id=fc47b1db-e7ae-450c-887b-29adc31df765] Adding new dynamic property: PropertyDescriptor[simple]
[pool-3879-thread-1] INFO org.apache.nifi.processors.standard.RouteText - RouteText[id=fc47b1db-e7ae-450c-887b-29adc31df765] Created FlowFile[3115,96218162797619.mockFlowFile,24B] from FlowFile[3114,96218162797619.mockFlowFile,24B]; routing to relationship simple
[pool-3879-thread-1] INFO org.apache.nifi.processors.standard.RouteText - RouteText[id=fc47b1db-e7ae-450c-887b-29adc31df765] Routing FlowFile[3114,96218162797619.mockFlowFile,24B] to original
[main] DEBUG org.apache.nifi.processors.standard.RouteText - RouteText[id=fc47b1db-e7ae-450c-887b-29adc31df765] Adding new dynamic property: PropertyDescriptor[simple]
[pool-3880-thread-1] INFO org.apache.nifi.processors.standard.RouteText - RouteText[id=fc47b1db-e7ae-450c-887b-29adc31df765] Created FlowFile[3117,96218163235265.mockFlowFile,24B] from FlowFile[3116,96218163235265.mockFlowFile,24B]; routing to relationship simple
[pool-3880-thread-1] INFO org.apache.nifi.processors.standard.RouteText - RouteText[id=fc47b1db-e7ae-450c-887b-29adc31df765] Routing FlowFile[3116,96218163235265.mockFlowFile,24B] to original
[main] DEBUG org.apache.nifi.processors.standard.RouteText - RouteText[id=fc47b1db-e7ae-450c-887b-29adc31df765] Adding new dynamic property: PropertyDescriptor[simple]
[pool-3881-thread-1] INFO org.apache.nifi.processors.standard.RouteText - RouteText[id=fc47b1db-e7ae-450c-887b-29adc31df765] Created FlowFile[3119,96218163651016.mockFlowFile,24B] from FlowFile[3118,96218163651016.mockFlowFile,24B]; routing to relationship simple
[pool-3881-thread-1] INFO org.apache.nifi.processors.standard.RouteText - RouteText[id=fc47b1db-e7ae-450c-887b-29adc31df765] Routing FlowFile[3118,96218163651016.mockFlowFile,24B] to original
[main] DEBUG org.apache.nifi.processors.standard.RouteText - RouteText[id=fc47b1db-e7ae-450c-887b-29adc31df765] Adding new dynamic property: PropertyDescriptor[simple]
[pool-3882-thread-1] INFO org.apache.nifi.processors.standard.RouteText - RouteText[id=fc47b1db-e7ae-450c-887b-29adc31df765] Created FlowFile[3121,96218164176163.mockFlowFile,24B] from FlowFile[3120,96218164176163.mockFlowFile,24B]; routing to relationship simple
[pool-3882-thread-1] INFO org.apache.nifi.processors.standard.RouteText - RouteText[id=fc47b1db-e7ae-450c-887b-29adc31df765] Routing FlowFile[3120,96218164176163.mockFlowFile,24B] to original
[main] DEBUG org.apache.nifi.processors.standard.RouteText - RouteText[id=fc47b1db-e7ae-450c-887b-29adc31df765] Adding new dynamic property: PropertyDescriptor[simple]
[pool-3883-thread-1] INFO org.apache.nifi.processors.standard.RouteText - RouteText[id=fc47b1db-e7ae-450c-887b-29adc31df765] Created FlowFile[3123,96218164701476.mockFlowFile,24B] from FlowFile[3122,96218164701476.mockFlowFile,24B]; routing to relationship simple
[pool-3883-thread-1] INFO org.apache.nifi.processors.standard.RouteText - RouteText[id=fc47b1db-e7ae-450c-887b-29adc31df765] Routing FlowFile[3122,96218164701476.mockFlowFile,24B] to original
[main] DEBUG org.apache.nifi.processors.standard.RouteText - RouteText[id=fc47b1db-e7ae-450c-887b-29adc31df765] Adding new dynamic property: PropertyDescriptor[simple]
[pool-3884-thread-1] INFO org.apache.nifi.processors.standard.RouteText - RouteText[id=fc47b1db-e7ae-450c-887b-29adc31df765] Created FlowFile[3125,96218165196148.mockFlowFile,24B] from FlowFile[3124,96218165196148.mockFlowFile,24B]; routing to relationship simple
[pool-3884-thread-1] INFO org.apache.nifi.processors.standard.RouteText - RouteText[id=fc47b1db-e7ae-450c-887b-29adc31df765] Routing FlowFile[3124,96218165196148.mockFlowFile,24B] to original
[main] DEBUG org.apache.nifi.processors.standard.RouteText - RouteText[id=fc47b1db-e7ae-450c-887b-29adc31df765] Adding new dynamic property: PropertyDescriptor[simple]
[pool-3885-thread-1] INFO org.apache.nifi.processors.standard.RouteText - RouteText[id=fc47b1db-e7ae-450c-887b-29adc31df765] Created FlowFile[3127,96218165674880.mockFlowFile,24B] from FlowFile[3126,96218165674880.mockFlowFile,24B]; routing to relationship simple
[pool-3885-thread-1] INFO org.apache.nifi.processors.standard.RouteText - RouteText[id=fc47b1db-e7ae-450c-887b-29adc31df765] Routing FlowFile[3126,96218165674880.mockFlowFile,24B] to original
[main] DEBUG org.apache.nifi.processors.standard.RouteText - RouteText[id=fc47b1db-e7ae-450c-887b-29adc31df765] Adding new dynamic property: PropertyDescriptor[simple]
[pool-3886-thread-1] INFO org.apache.nifi.processors.standard.RouteText - RouteText[id=fc47b1db-e7ae-450c-887b-29adc31df765] Created FlowFile[3129,96218166057822.mockFlowFile,24B] from FlowFile[3128,96218166057822.mockFlowFile,24B]; routing to relationship simple
[pool-3886-thread-1] INFO org.apache.nifi.processors.standard.RouteText - RouteText[id=fc47b1db-e7ae-450c-887b-29adc31df765] Routing FlowFile[3128,96218166057822.mockFlowFile,24B] to original
[main] DEBUG org.apache.nifi.processors.standard.RouteText - RouteText[id=fc47b1db-e7ae-450c-887b-29adc31df765] Adding new dynamic property: PropertyDescriptor[simple]
[pool-3887-thread-1] INFO org.apache.nifi.processors.standard.RouteText - RouteText[id=fc47b1db-e7ae-450c-887b-29adc31df765] Created FlowFile[3131,96218166445702.mockFlowFile,24B] from FlowFile[3130,96218166445702.mockFlowFile,24B]; routing to relationship simple
[pool-3887-thread-1] INFO org.apache.nifi.processors.standard.RouteText - RouteText[id=fc47b1db-e7ae-450c-887b-29adc31df765] Routing FlowFile[3130,96218166445702.mockFlowFile,24B] to original
[main] DEBUG org.apache.nifi.processors.standard.RouteText - RouteText[id=fc47b1db-e7ae-450c-887b-29adc31df765] Adding new dynamic property: PropertyDescriptor[simple]
[pool-3888-thread-1] INFO org.apache.nifi.processors.standard.RouteText - RouteText[id=fc47b1db-e7ae-450c-887b-29adc31df765] Created FlowFile[3133,96218166824271.mockFlowFile,24B] from FlowFile[3132,96218166824271.mockFlowFile,24B]; routing to relationship simple
[pool-3888-thread-1] INFO org.apache.nifi.processors.standard.RouteText - RouteText[id=fc47b1db-e7ae-450c-887b-29adc31df765] Routing FlowFile[3132,96218166824271.mockFlowFile,24B] to original
[main] DEBUG org.apache.nifi.processors.standard.RouteText - RouteText[id=fc47b1db-e7ae-450c-887b-29adc31df765] Adding new dynamic property: PropertyDescriptor[simple]
[pool-3889-thread-1] INFO org.apache.nifi.processors.standard.RouteText - RouteText[id=fc47b1db-e7ae-450c-887b-29adc31df765] Created FlowFile[3135,96218167251687.mockFlowFile,24B] from FlowFile[3134,96218167251687.mockFlowFile,24B]; routing to relationship simple
[pool-3889-thread-1] INFO org.apache.nifi.processors.standard.RouteText - RouteText[id=fc47b1db-e7ae-450c-887b-29adc31df765] Routing FlowFile[3134,96218167251687.mockFlowFile,24B] to original
[main] DEBUG org.apache.nifi.processors.standard.RouteText - RouteText[id=fc47b1db-e7ae-450c-887b-29adc31df765] Adding new dynamic property: PropertyDescriptor[simple]
[pool-3890-thread-1] INFO org.apache.nifi.processors.standard.RouteText - RouteText[id=fc47b1db-e7ae-450c-887b-29adc31df765] Created FlowFile[3137,96218167656442.mockFlowFile,24B] from FlowFile[3136,96218167656442.mockFlowFile,24B]; routing to relationship simple
[pool-3890-thread-1] INFO org.apache.nifi.processors.standard.RouteText - RouteText[id=fc47b1db-e7ae-450c-887b-29adc31df765] Routing FlowFile[3136,96218167656442.mockFlowFile,24B] to original
[main] DEBUG org.apache.nifi.processors.standard.RouteText - RouteText[id=fc47b1db-e7ae-450c-887b-29adc31df765] Adding new dynamic property: PropertyDescriptor[simple]
[pool-3891-thread-1] INFO org.apache.nifi.processors.standard.RouteText - RouteText[id=fc47b1db-e7ae-450c-887b-29adc31df765] Created FlowFile[3139,96218168026847.mockFlowFile,24B] from FlowFile[3138,96218168026847.mockFlowFile,24B]; routing to relationship simple
[pool-3891-thread-1] INFO org.apache.nifi.processors.standard.RouteText - RouteText[id=fc47b1db-e7ae-450c-887b-29adc31df765] Routing FlowFile[3138,96218168026847.mockFlowFile,24B] to original
[main] DEBUG org.apache.nifi.processors.standard.RouteText - RouteText[id=fc47b1db-e7ae-450c-887b-29adc31df765] Adding new dynamic property: PropertyDescriptor[simple]
[pool-3892-thread-1] INFO org.apache.nifi.processors.standard.RouteText - RouteText[id=fc47b1db-e7ae-450c-887b-29adc31df765] Created FlowFile[3141,96218168492720.mockFlowFile,24B] from FlowFile[3140,96218168492720.mockFlowFile,24B]; routing to relationship simple
[pool-3892-thread-1] INFO org.apache.nifi.processors.standard.RouteText - RouteText[id=fc47b1db-e7ae-450c-887b-29adc31df765] Routing FlowFile[3140,96218168492720.mockFlowFile,24B] to original
[main] DEBUG org.apache.nifi.processors.standard.RouteText - RouteText[id=fc47b1db-e7ae-450c-887b-29adc31df765] Adding new dynamic property: PropertyDescriptor[simple]
[pool-3893-thread-1] INFO org.apache.nifi.processors.standard.RouteText - RouteText[id=fc47b1db-e7ae-450c-887b-29adc31df765] Created FlowFile[3143,96218168901274.mockFlowFile,24B] from FlowFile[3142,96218168901274.mockFlowFile,24B]; routing to relationship simple
[pool-3893-thread-1] INFO org.apache.nifi.processors.standard.RouteText - RouteText[id=fc47b1db-e7ae-450c-887b-29adc31df765] Routing FlowFile[3142,96218168901274.mockFlowFile,24B] to original
[main] DEBUG org.apache.nifi.processors.standard.RouteText - RouteText[id=fc47b1db-e7ae-450c-887b-29adc31df765] Adding new dynamic property: PropertyDescriptor[simple]
[pool-3894-thread-1] INFO org.apache.nifi.processors.standard.RouteText - RouteText[id=fc47b1db-e7ae-450c-887b-29adc31df765] Created FlowFile[3145,96218169289953.mockFlowFile,24B] from FlowFile[3144,96218169289953.mockFlowFile,24B]; routing to relationship simple
[pool-3894-thread-1] INFO org.apache.nifi.processors.standard.RouteText - RouteText[id=fc47b1db-e7ae-450c-887b-29adc31df765] Routing FlowFile[3144,96218169289953.mockFlowFile,24B] to original
[main] DEBUG org.apache.nifi.processors.standard.RouteText - RouteText[id=fc47b1db-e7ae-450c-887b-29adc31df765] Adding new dynamic property: PropertyDescriptor[simple]
[pool-3895-thread-1] INFO org.apache.nifi.processors.standard.RouteText - RouteText[id=fc47b1db-e7ae-450c-887b-29adc31df765] Created FlowFile[3147,96218169727665.mockFlowFile,24B] from FlowFile[3146,96218169727665.mockFlowFile,24B]; routing to relationship simple
[pool-3895-thread-1] INFO org.apache.nifi.processors.standard.RouteText - RouteText[id=fc47b1db-e7ae-450c-887b-29adc31df765] Routing FlowFile[3146,96218169727665.mockFlowFile,24B] to original
[main] DEBUG org.apache.nifi.processors.standard.RouteText - RouteText[id=fc47b1db-e7ae-450c-887b-29adc31df765] Adding new dynamic property: PropertyDescriptor[simple]
[pool-3896-thread-1] INFO org.apache.nifi.processors.standard.RouteText - RouteText[id=fc47b1db-e7ae-450c-887b-29adc31df765] Created FlowFile[3149,96218170126411.mockFlowFile,24B] from FlowFile[3148,96218170126411.mockFlowFile,24B]; routing to relationship simple
[pool-3896-thread-1] INFO org.apache.nifi.processors.standard.RouteText - RouteText[id=fc47b1db-e7ae-450c-887b-29adc31df765] Routing FlowFile[3148,96218170126411.mockFlowFile,24B] to original
[main] DEBUG org.apache.nifi.processors.standard.RouteText - RouteText[id=fc47b1db-e7ae-450c-887b-29adc31df765] Adding new dynamic property: PropertyDescriptor[simple]
[pool-3897-thread-1] INFO org.apache.nifi.processors.standard.RouteText - RouteText[id=fc47b1db-e7ae-450c-887b-29adc31df765] Created FlowFile[3151,96218170514816.mockFlowFile,24B] from FlowFile[3150,96218170514816.mockFlowFile,24B]; routing to relationship simple
[pool-3897-thread-1] INFO org.apache.nifi.processors.standard.RouteText - RouteText[id=fc47b1db-e7ae-450c-887b-29adc31df765] Routing FlowFile[3150,96218170514816.mockFlowFile,24B] to original
[main] DEBUG org.apache.nifi.processors.standard.RouteText - RouteText[id=fc47b1db-e7ae-450c-887b-29adc31df765] Adding new dynamic property: PropertyDescriptor[simple]
[pool-3898-thread-1] INFO org.apache.nifi.processors.standard.RouteText - RouteText[id=fc47b1db-e7ae-450c-887b-29adc31df765] Created FlowFile[3153,96218170891467.mockFlowFile,24B] from FlowFile[3152,96218170891467.mockFlowFile,24B]; routing to relationship simple
[pool-3898-thread-1] INFO org.apache.nifi.processors.standard.RouteText - RouteText[id=fc47b1db-e7ae-450c-887b-29adc31df765] Routing FlowFile[3152,96218170891467.mockFlowFile,24B] to original
[main] DEBUG org.apache.nifi.processors.standard.RouteText - RouteText[id=fc47b1db-e7ae-450c-887b-29adc31df765] Adding new dynamic property: PropertyDescriptor[simple]
[pool-3899-thread-1] INFO org.apache.nifi.processors.standard.RouteText - RouteText[id=fc47b1db-e7ae-450c-887b-29adc31df765] Created FlowFile[3155,96218171306723.mockFlowFile,24B] from FlowFile[3154,96218171306723.mockFlowFile,24B]; routing to relationship simple
[pool-3899-thread-1] INFO org.apache.nifi.processors.standard.RouteText - RouteText[id=fc47b1db-e7ae-450c-887b-29adc31df765] Routing FlowFile[3154,96218171306723.mockFlowFile,24B] to original
[main] DEBUG org.apache.nifi.processors.standard.RouteText - RouteText[id=fc47b1db-e7ae-450c-887b-29adc31df765] Adding new dynamic property: PropertyDescriptor[simple]
[pool-3900-thread-1] INFO org.apache.nifi.processors.standard.RouteText - RouteText[id=fc47b1db-e7ae-450c-887b-29adc31df765] Created FlowFile[3157,96218171704049.mockFlowFile,24B] from FlowFile[3156,96218171704049.mockFlowFile,24B]; routing to relationship simple
[pool-3900-thread-1] INFO org.apache.nifi.processors.standard.RouteText - RouteText[id=fc47b1db-e7ae-450c-887b-29adc31df765] Routing FlowFile[3156,96218171704049.mockFlowFile,24B] to original
[main] DEBUG org.apache.nifi.processors.standard.RouteText - RouteText[id=fc47b1db-e7ae-450c-887b-29adc31df765] Adding new dynamic property: PropertyDescriptor[simple]
[pool-3901-thread-1] INFO org.apache.nifi.processors.standard.RouteText - RouteText[id=fc47b1db-e7ae-450c-887b-29adc31df765] Created FlowFile[3159,96218172070572.mockFlowFile,24B] from FlowFile[3158,96218172070572.mockFlowFile,24B]; routing to relationship simple
[pool-3901-thread-1] INFO org.apache.nifi.processors.standard.RouteText - RouteText[id=fc47b1db-e7ae-450c-887b-29adc31df765] Routing FlowFile[3158,96218172070572.mockFlowFile,24B] to original
[main] DEBUG org.apache.nifi.processors.standard.RouteText - RouteText[id=fc47b1db-e7ae-450c-887b-29adc31df765] Adding new dynamic property: PropertyDescriptor[simple]
[pool-3902-thread-1] INFO org.apache.nifi.processors.standard.RouteText - RouteText[id=fc47b1db-e7ae-450c-887b-29adc31df765] Created FlowFile[3161,96218172588357.mockFlowFile,24B] from FlowFile[3160,96218172588357.mockFlowFile,24B]; routing to relationship simple
[pool-3902-thread-1] INFO org.apache.nifi.processors.standard.RouteText - RouteText[id=fc47b1db-e7ae-450c-887b-29adc31df765] Routing FlowFile[3160,96218172588357.mockFlowFile,24B] to original
[main] DEBUG org.apache.nifi.processors.standard.RouteText - RouteText[id=fc47b1db-e7ae-450c-887b-29adc31df765] Adding new dynamic property: PropertyDescriptor[simple]
[pool-3903-thread-1] INFO org.apache.nifi.processors.standard.RouteText - RouteText[id=fc47b1db-e7ae-450c-887b-29adc31df765] Created FlowFile[3163,96218173106265.mockFlowFile,24B] from FlowFile[3162,96218173106265.mockFlowFile,24B]; routing to relationship simple
[pool-3903-thread-1] INFO org.apache.nifi.processors.standard.RouteText - RouteText[id=fc47b1db-e7ae-450c-887b-29adc31df765] Routing FlowFile[3162,96218173106265.mockFlowFile,24B] to original
[main] DEBUG org.apache.nifi.processors.standard.RouteText - RouteText[id=fc47b1db-e7ae-450c-887b-29adc31df765] Adding new dynamic property: PropertyDescriptor[simple]
[pool-3904-thread-1] INFO org.apache.nifi.processors.standard.RouteText - RouteText[id=fc47b1db-e7ae-450c-887b-29adc31df765] Created FlowFile[3165,96218173593539.mockFlowFile,24B] from FlowFile[3164,96218173593539.mockFlowFile,24B]; routing to relationship simple
[pool-3904-thread-1] INFO org.apache.nifi.processors.standard.RouteText - RouteText[id=fc47b1db-e7ae-450c-887b-29adc31df765] Routing FlowFile[3164,96218173593539.mockFlowFile,24B] to original
[main] DEBUG org.apache.nifi.processors.standard.RouteText - RouteText[id=fc47b1db-e7ae-450c-887b-29adc31df765] Adding new dynamic property: PropertyDescriptor[simple]
[pool-3905-thread-1] INFO org.apache.nifi.processors.standard.RouteText - RouteText[id=fc47b1db-e7ae-450c-887b-29adc31df765] Created FlowFile[3167,96218174082037.mockFlowFile,24B] from FlowFile[3166,96218174082037.mockFlowFile,24B]; routing to relationship simple
[pool-3905-thread-1] INFO org.apache.nifi.processors.standard.RouteText - RouteText[id=fc47b1db-e7ae-450c-887b-29adc31df765] Routing FlowFile[3166,96218174082037.mockFlowFile,24B] to original
[main] DEBUG org.apache.nifi.processors.standard.RouteText - RouteText[id=fc47b1db-e7ae-450c-887b-29adc31df765] Adding new dynamic property: PropertyDescriptor[simple]
[pool-3906-thread-1] INFO org.apache.nifi.processors.standard.RouteText - RouteText[id=fc47b1db-e7ae-450c-887b-29adc31df765] Created FlowFile[3169,96218174461002.mockFlowFile,24B] from FlowFile[3168,96218174461002.mockFlowFile,24B]; routing to relationship simple
[pool-3906-thread-1] INFO org.apache.nifi.processors.standard.RouteText - RouteText[id=fc47b1db-e7ae-450c-887b-29adc31df765] Routing FlowFile[3168,96218174461002.mockFlowFile,24B] to original
[main] DEBUG org.apache.nifi.processors.standard.RouteText - RouteText[id=fc47b1db-e7ae-450c-887b-29adc31df765] Adding new dynamic property: PropertyDescriptor[simple]
[pool-3907-thread-1] INFO org.apache.nifi.processors.standard.RouteText - RouteText[id=fc47b1db-e7ae-450c-887b-29adc31df765] Created FlowFile[3171,96218174823106.mockFlowFile,24B] from FlowFile[3170,96218174823106.mockFlowFile,24B]; routing to relationship simple
[pool-3907-thread-1] INFO org.apache.nifi.processors.standard.RouteText - RouteText[id=fc47b1db-e7ae-450c-887b-29adc31df765] Routing FlowFile[3170,96218174823106.mockFlowFile,24B] to original
[main] DEBUG org.apache.nifi.processors.standard.RouteText - RouteText[id=fc47b1db-e7ae-450c-887b-29adc31df765] Adding new dynamic property: PropertyDescriptor[simple]
[pool-3908-thread-1] INFO org.apache.nifi.processors.standard.RouteText - RouteText[id=fc47b1db-e7ae-450c-887b-29adc31df765] Created FlowFile[3173,96218175276820.mockFlowFile,24B] from FlowFile[3172,96218175276820.mockFlowFile,24B]; routing to relationship simple
[pool-3908-thread-1] INFO org.apache.nifi.processors.standard.RouteText - RouteText[id=fc47b1db-e7ae-450c-887b-29adc31df765] Routing FlowFile[3172,96218175276820.mockFlowFile,24B] to original
[main] DEBUG org.apache.nifi.processors.standard.RouteText - RouteText[id=fc47b1db-e7ae-450c-887b-29adc31df765] Adding new dynamic property: PropertyDescriptor[simple]
[pool-3909-thread-1] INFO org.apache.nifi.processors.standard.RouteText - RouteText[id=fc47b1db-e7ae-450c-887b-29adc31df765] Created FlowFile[3175,96218175731335.mockFlowFile,24B] from FlowFile[3174,96218175731335.mockFlowFile,24B]; routing to relationship simple
[pool-3909-thread-1] INFO org.apache.nifi.processors.standard.RouteText - RouteText[id=fc47b1db-e7ae-450c-887b-29adc31df765] Routing FlowFile[3174,96218175731335.mockFlowFile,24B] to original
[main] DEBUG org.apache.nifi.processors.standard.RouteText - RouteText[id=fc47b1db-e7ae-450c-887b-29adc31df765] Adding new dynamic property: PropertyDescriptor[simple]
[pool-3910-thread-1] INFO org.apache.nifi.processors.standard.RouteText - RouteText[id=fc47b1db-e7ae-450c-887b-29adc31df765] Created FlowFile[3177,96218176310793.mockFlowFile,24B] from FlowFile[3176,96218176310793.mockFlowFile,24B]; routing to relationship simple
[pool-3910-thread-1] INFO org.apache.nifi.processors.standard.RouteText - RouteText[id=fc47b1db-e7ae-450c-887b-29adc31df765] Routing FlowFile[3176,96218176310793.mockFlowFile,24B] to original
[main] DEBUG org.apache.nifi.processors.standard.RouteText - RouteText[id=fc47b1db-e7ae-450c-887b-29adc31df765] Adding new dynamic property: PropertyDescriptor[simple]
[pool-3911-thread-1] INFO org.apache.nifi.processors.standard.RouteText - RouteText[id=fc47b1db-e7ae-450c-887b-29adc31df765] Created FlowFile[3179,96218176839895.mockFlowFile,24B] from FlowFile[3178,96218176839895.mockFlowFile,24B]; routing to relationship simple
[pool-3911-thread-1] INFO org.apache.nifi.processors.standard.RouteText - RouteText[id=fc47b1db-e7ae-450c-887b-29adc31df765] Routing FlowFile[3178,96218176839895.mockFlowFile,24B] to original
[main] DEBUG org.apache.nifi.processors.standard.RouteText - RouteText[id=fc47b1db-e7ae-450c-887b-29adc31df765] Adding new dynamic property: PropertyDescriptor[simple]
[pool-3912-thread-1] INFO org.apache.nifi.processors.standard.RouteText - RouteText[id=fc47b1db-e7ae-450c-887b-29adc31df765] Created FlowFile[3181,96218177326583.mockFlowFile,24B] from FlowFile[3180,96218177326583.mockFlowFile,24B]; routing to relationship simple
[pool-3912-thread-1] INFO org.apache.nifi.processors.standard.RouteText - RouteText[id=fc47b1db-e7ae-450c-887b-29adc31df765] Routing FlowFile[3180,96218177326583.mockFlowFile,24B] to original
[main] DEBUG org.apache.nifi.processors.standard.RouteText - RouteText[id=fc47b1db-e7ae-450c-887b-29adc31df765] Adding new dynamic property: PropertyDescriptor[simple]
[pool-3913-thread-1] INFO org.apache.nifi.processors.standard.RouteText - RouteText[id=fc47b1db-e7ae-450c-887b-29adc31df765] Created FlowFile[3183,96218177787187.mockFlowFile,24B] from FlowFile[3182,96218177787187.mockFlowFile,24B]; routing to relationship simple
[pool-3913-thread-1] INFO org.apache.nifi.processors.standard.RouteText - RouteText[id=fc47b1db-e7ae-450c-887b-29adc31df765] Routing FlowFile[3182,96218177787187.mockFlowFile,24B] to original
[main] DEBUG org.apache.nifi.processors.standard.RouteText - RouteText[id=fc47b1db-e7ae-450c-887b-29adc31df765] Adding new dynamic property: PropertyDescriptor[simple]
[pool-3914-thread-1] INFO org.apache.nifi.processors.standard.RouteText - RouteText[id=fc47b1db-e7ae-450c-887b-29adc31df765] Created FlowFile[3185,96218178162331.mockFlowFile,24B] from FlowFile[3184,96218178162331.mockFlowFile,24B]; routing to relationship simple
[pool-3914-thread-1] INFO org.apache.nifi.processors.standard.RouteText - RouteText[id=fc47b1db-e7ae-450c-887b-29adc31df765] Routing FlowFile[3184,96218178162331.mockFlowFile,24B] to original
[main] DEBUG org.apache.nifi.processors.standard.RouteText - RouteText[id=fc47b1db-e7ae-450c-887b-29adc31df765] Adding new dynamic property: PropertyDescriptor[simple]
[pool-3915-thread-1] INFO org.apache.nifi.processors.standard.RouteText - RouteText[id=fc47b1db-e7ae-450c-887b-29adc31df765] Created FlowFile[3187,96218178534111.mockFlowFile,24B] from FlowFile[3186,96218178534111.mockFlowFile,24B]; routing to relationship simple
[pool-3915-thread-1] INFO org.apache.nifi.processors.standard.RouteText - RouteText[id=fc47b1db-e7ae-450c-887b-29adc31df765] Routing FlowFile[3186,96218178534111.mockFlowFile,24B] to original
[main] DEBUG org.apache.nifi.processors.standard.RouteText - RouteText[id=fc47b1db-e7ae-450c-887b-29adc31df765] Adding new dynamic property: PropertyDescriptor[simple]
[pool-3916-thread-1] INFO org.apache.nifi.processors.standard.RouteText - RouteText[id=fc47b1db-e7ae-450c-887b-29adc31df765] Created FlowFile[3189,96218178915733.mockFlowFile,24B] from FlowFile[3188,96218178915733.mockFlowFile,24B]; routing to relationship simple
[pool-3916-thread-1] INFO org.apache.nifi.processors.standard.RouteText - RouteText[id=fc47b1db-e7ae-450c-887b-29adc31df765] Routing FlowFile[3188,96218178915733.mockFlowFile,24B] to original
[main] DEBUG org.apache.nifi.processors.standard.RouteText - RouteText[id=fc47b1db-e7ae-450c-887b-29adc31df765] Adding new dynamic property: PropertyDescriptor[simple]
[pool-3917-thread-1] INFO org.apache.nifi.processors.standard.RouteText - RouteText[id=fc47b1db-e7ae-450c-887b-29adc31df765] Created FlowFile[3191,96218179499380.mockFlowFile,24B] from FlowFile[3190,96218179499380.mockFlowFile,24B]; routing to relationship simple
[pool-3917-thread-1] INFO org.apache.nifi.processors.standard.RouteText - RouteText[id=fc47b1db-e7ae-450c-887b-29adc31df765] Routing FlowFile[3190,96218179499380.mockFlowFile,24B] to original
[main] DEBUG org.apache.nifi.processors.standard.RouteText - RouteText[id=fc47b1db-e7ae-450c-887b-29adc31df765] Adding new dynamic property: PropertyDescriptor[simple]
[pool-3918-thread-1] INFO org.apache.nifi.processors.standard.RouteText - RouteText[id=fc47b1db-e7ae-450c-887b-29adc31df765] Created FlowFile[3193,96218180063804.mockFlowFile,24B] from FlowFile[3192,96218180063804.mockFlowFile,24B]; routing to relationship simple
[pool-3918-thread-1] INFO org.apache.nifi.processors.standard.RouteText - RouteText[id=fc47b1db-e7ae-450c-887b-29adc31df765] Routing FlowFile[3192,96218180063804.mockFlowFile,24B] to original
[main] DEBUG org.apache.nifi.processors.standard.RouteText - RouteText[id=fc47b1db-e7ae-450c-887b-29adc31df765] Adding new dynamic property: PropertyDescriptor[simple]
[pool-3919-thread-1] INFO org.apache.nifi.processors.standard.RouteText - RouteText[id=fc47b1db-e7ae-450c-887b-29adc31df765] Created FlowFile[3195,96218180611611.mockFlowFile,24B] from FlowFile[3194,96218180611611.mockFlowFile,24B]; routing to relationship simple
[pool-3919-thread-1] INFO org.apache.nifi.processors.standard.RouteText - RouteText[id=fc47b1db-e7ae-450c-887b-29adc31df765] Routing FlowFile[3194,96218180611611.mockFlowFile,24B] to original
[main] DEBUG org.apache.nifi.processors.standard.RouteText - RouteText[id=fc47b1db-e7ae-450c-887b-29adc31df765] Adding new dynamic property: PropertyDescriptor[simple]
[pool-3920-thread-1] INFO org.apache.nifi.processors.standard.RouteText - RouteText[id=fc47b1db-e7ae-450c-887b-29adc31df765] Created FlowFile[3197,96218181151946.mockFlowFile,24B] from FlowFile[3196,96218181151946.mockFlowFile,24B]; routing to relationship simple
[pool-3920-thread-1] INFO org.apache.nifi.processors.standard.RouteText - RouteText[id=fc47b1db-e7ae-450c-887b-29adc31df765] Routing FlowFile[3196,96218181151946.mockFlowFile,24B] to original
[main] DEBUG org.apache.nifi.processors.standard.RouteText - RouteText[id=fc47b1db-e7ae-450c-887b-29adc31df765] Adding new dynamic property: PropertyDescriptor[simple]
[pool-3921-thread-1] INFO org.apache.nifi.processors.standard.RouteText - RouteText[id=fc47b1db-e7ae-450c-887b-29adc31df765] Created FlowFile[3199,96218181740100.mockFlowFile,24B] from FlowFile[3198,96218181740100.mockFlowFile,24B]; routing to relationship simple
[pool-3921-thread-1] INFO org.apache.nifi.processors.standard.RouteText - RouteText[id=fc47b1db-e7ae-450c-887b-29adc31df765] Routing FlowFile[3198,96218181740100.mockFlowFile,24B] to original
[main] DEBUG org.apache.nifi.processors.standard.RouteText - RouteText[id=fc47b1db-e7ae-450c-887b-29adc31df765] Adding new dynamic property: PropertyDescriptor[simple]
[pool-3922-thread-1] INFO org.apache.nifi.processors.standard.RouteText - RouteText[id=fc47b1db-e7ae-450c-887b-29adc31df765] Created FlowFile[3201,96218182156008.mockFlowFile,24B] from FlowFile[3200,96218182156008.mockFlowFile,24B]; routing to relationship simple
[pool-3922-thread-1] INFO org.apache.nifi.processors.standard.RouteText - RouteText[id=fc47b1db-e7ae-450c-887b-29adc31df765] Routing FlowFile[3200,96218182156008.mockFlowFile,24B] to original
[main] DEBUG org.apache.nifi.processors.standard.RouteText - RouteText[id=fc47b1db-e7ae-450c-887b-29adc31df765] Adding new dynamic property: PropertyDescriptor[simple]
[pool-3923-thread-1] INFO org.apache.nifi.processors.standard.RouteText - RouteText[id=fc47b1db-e7ae-450c-887b-29adc31df765] Created FlowFile[3203,96218182537918.mockFlowFile,24B] from FlowFile[3202,96218182537918.mockFlowFile,24B]; routing to relationship simple
[pool-3923-thread-1] INFO org.apache.nifi.processors.standard.RouteText - RouteText[id=fc47b1db-e7ae-450c-887b-29adc31df765] Routing FlowFile[3202,96218182537918.mockFlowFile,24B] to original
[main] DEBUG org.apache.nifi.processors.standard.RouteText - RouteText[id=fc47b1db-e7ae-450c-887b-29adc31df765] Adding new dynamic property: PropertyDescriptor[simple]
[pool-3924-thread-1] INFO org.apache.nifi.processors.standard.RouteText - RouteText[id=fc47b1db-e7ae-450c-887b-29adc31df765] Created FlowFile[3205,96218183015929.mockFlowFile,24B] from FlowFile[3204,96218183015929.mockFlowFile,24B]; routing to relationship simple
[pool-3924-thread-1] INFO org.apache.nifi.processors.standard.RouteText - RouteText[id=fc47b1db-e7ae-450c-887b-29adc31df765] Routing FlowFile[3204,96218183015929.mockFlowFile,24B] to original
[main] DEBUG org.apache.nifi.processors.standard.RouteText - RouteText[id=fc47b1db-e7ae-450c-887b-29adc31df765] Adding new dynamic property: PropertyDescriptor[simple]
[pool-3925-thread-1] INFO org.apache.nifi.processors.standard.RouteText - RouteText[id=fc47b1db-e7ae-450c-887b-29adc31df765] Created FlowFile[3207,96218183533715.mockFlowFile,24B] from FlowFile[3206,96218183533715.mockFlowFile,24B]; routing to relationship simple
[pool-3925-thread-1] INFO org.apache.nifi.processors.standard.RouteText - RouteText[id=fc47b1db-e7ae-450c-887b-29adc31df765] Routing FlowFile[3206,96218183533715.mockFlowFile,24B] to original
[main] DEBUG org.apache.nifi.processors.standard.RouteText - RouteText[id=fc47b1db-e7ae-450c-887b-29adc31df765] Adding new dynamic property: PropertyDescriptor[simple]
[pool-3926-thread-1] INFO org.apache.nifi.processors.standard.RouteText - RouteText[id=fc47b1db-e7ae-450c-887b-29adc31df765] Created FlowFile[3209,96218183943441.mockFlowFile,24B] from FlowFile[3208,96218183943441.mockFlowFile,24B]; routing to relationship simple
[pool-3926-thread-1] INFO org.apache.nifi.processors.standard.RouteText - RouteText[id=fc47b1db-e7ae-450c-887b-29adc31df765] Routing FlowFile[3208,96218183943441.mockFlowFile,24B] to original
[main] DEBUG org.apache.nifi.processors.standard.RouteText - RouteText[id=fc47b1db-e7ae-450c-887b-29adc31df765] Adding new dynamic property: PropertyDescriptor[simple]
[pool-3927-thread-1] INFO org.apache.nifi.processors.standard.RouteText - RouteText[id=fc47b1db-e7ae-450c-887b-29adc31df765] Created FlowFile[3211,96218184486337.mockFlowFile,24B] from FlowFile[3210,96218184486337.mockFlowFile,24B]; routing to relationship simple
[pool-3927-thread-1] INFO org.apache.nifi.processors.standard.RouteText - RouteText[id=fc47b1db-e7ae-450c-887b-29adc31df765] Routing FlowFile[3210,96218184486337.mockFlowFile,24B] to original
[main] DEBUG org.apache.nifi.processors.standard.RouteText - RouteText[id=fc47b1db-e7ae-450c-887b-29adc31df765] Adding new dynamic property: PropertyDescriptor[simple]
[pool-3928-thread-1] INFO org.apache.nifi.processors.standard.RouteText - RouteText[id=fc47b1db-e7ae-450c-887b-29adc31df765] Created FlowFile[3213,96218184988279.mockFlowFile,24B] from FlowFile[3212,96218184988279.mockFlowFile,24B]; routing to relationship simple
[pool-3928-thread-1] INFO org.apache.nifi.processors.standard.RouteText - RouteText[id=fc47b1db-e7ae-450c-887b-29adc31df765] Routing FlowFile[3212,96218184988279.mockFlowFile,24B] to original
[main] DEBUG org.apache.nifi.processors.standard.RouteText - RouteText[id=fc47b1db-e7ae-450c-887b-29adc31df765] Adding new dynamic property: PropertyDescriptor[simple]
[pool-3929-thread-1] INFO org.apache.nifi.processors.standard.RouteText - RouteText[id=fc47b1db-e7ae-450c-887b-29adc31df765] Created FlowFile[3215,96218185469703.mockFlowFile,24B] from FlowFile[3214,96218185469703.mockFlowFile,24B]; routing to relationship simple
[pool-3929-thread-1] INFO org.apache.nifi.processors.standard.RouteText - RouteText[id=fc47b1db-e7ae-450c-887b-29adc31df765] Routing FlowFile[3214,96218185469703.mockFlowFile,24B] to original
[main] DEBUG org.apache.nifi.processors.standard.RouteText - RouteText[id=fc47b1db-e7ae-450c-887b-29adc31df765] Adding new dynamic property: PropertyDescriptor[simple]
[pool-3930-thread-1] INFO org.apache.nifi.processors.standard.RouteText - RouteText[id=fc47b1db-e7ae-450c-887b-29adc31df765] Created FlowFile[3217,96218185867628.mockFlowFile,24B] from FlowFile[3216,96218185867628.mockFlowFile,24B]; routing to relationship simple
[pool-3930-thread-1] INFO org.apache.nifi.processors.standard.RouteText - RouteText[id=fc47b1db-e7ae-450c-887b-29adc31df765] Routing FlowFile[3216,96218185867628.mockFlowFile,24B] to original
[main] DEBUG org.apache.nifi.processors.standard.RouteText - RouteText[id=fc47b1db-e7ae-450c-887b-29adc31df765] Adding new dynamic property: PropertyDescriptor[simple]
[pool-3931-thread-1] INFO org.apache.nifi.processors.standard.RouteText - RouteText[id=fc47b1db-e7ae-450c-887b-29adc31df765] Created FlowFile[3219,96218186264371.mockFlowFile,24B] from FlowFile[3218,96218186264371.mockFlowFile,24B]; routing to relationship simple
[pool-3931-thread-1] INFO org.apache.nifi.processors.standard.RouteText - RouteText[id=fc47b1db-e7ae-450c-887b-29adc31df765] Routing FlowFile[3218,96218186264371.mockFlowFile,24B] to original
[main] DEBUG org.apache.nifi.processors.standard.RouteText - RouteText[id=fc47b1db-e7ae-450c-887b-29adc31df765] Adding new dynamic property: PropertyDescriptor[simple]
[pool-3932-thread-1] INFO org.apache.nifi.processors.standard.RouteText - RouteText[id=fc47b1db-e7ae-450c-887b-29adc31df765] Created FlowFile[3221,96218186645692.mockFlowFile,24B] from FlowFile[3220,96218186645692.mockFlowFile,24B]; routing to relationship simple
[pool-3932-thread-1] INFO org.apache.nifi.processors.standard.RouteText - RouteText[id=fc47b1db-e7ae-450c-887b-29adc31df765] Routing FlowFile[3220,96218186645692.mockFlowFile,24B] to original
[main] DEBUG org.apache.nifi.processors.standard.RouteText - RouteText[id=fc47b1db-e7ae-450c-887b-29adc31df765] Adding new dynamic property: PropertyDescriptor[simple]
[pool-3933-thread-1] INFO org.apache.nifi.processors.standard.RouteText - RouteText[id=fc47b1db-e7ae-450c-887b-29adc31df765] Created FlowFile[3223,96218187014823.mockFlowFile,24B] from FlowFile[3222,96218187014823.mockFlowFile,24B]; routing to relationship simple
[pool-3933-thread-1] INFO org.apache.nifi.processors.standard.RouteText - RouteText[id=fc47b1db-e7ae-450c-887b-29adc31df765] Routing FlowFile[3222,96218187014823.mockFlowFile,24B] to original
[main] DEBUG org.apache.nifi.processors.standard.RouteText - RouteText[id=fc47b1db-e7ae-450c-887b-29adc31df765] Adding new dynamic property: PropertyDescriptor[simple]
[pool-3934-thread-1] INFO org.apache.nifi.processors.standard.RouteText - RouteText[id=fc47b1db-e7ae-450c-887b-29adc31df765] Created FlowFile[3225,96218187478497.mockFlowFile,24B] from FlowFile[3224,96218187478497.mockFlowFile,24B]; routing to relationship simple
[pool-3934-thread-1] INFO org.apache.nifi.processors.standard.RouteText - RouteText[id=fc47b1db-e7ae-450c-887b-29adc31df765] Routing FlowFile[3224,96218187478497.mockFlowFile,24B] to original
[main] DEBUG org.apache.nifi.processors.standard.RouteText - RouteText[id=fc47b1db-e7ae-450c-887b-29adc31df765] Adding new dynamic property: PropertyDescriptor[simple]
[pool-3935-thread-1] INFO org.apache.nifi.processors.standard.RouteText - RouteText[id=fc47b1db-e7ae-450c-887b-29adc31df765] Created FlowFile[3227,96218187872704.mockFlowFile,24B] from FlowFile[3226,96218187872704.mockFlowFile,24B]; routing to relationship simple
[pool-3935-thread-1] INFO org.apache.nifi.processors.standard.RouteText - RouteText[id=fc47b1db-e7ae-450c-887b-29adc31df765] Routing FlowFile[3226,96218187872704.mockFlowFile,24B] to original
[main] DEBUG org.apache.nifi.processors.standard.RouteText - RouteText[id=fc47b1db-e7ae-450c-887b-29adc31df765] Adding new dynamic property: PropertyDescriptor[simple]
[pool-3936-thread-1] INFO org.apache.nifi.processors.standard.RouteText - RouteText[id=fc47b1db-e7ae-450c-887b-29adc31df765] Created FlowFile[3229,96218188399906.mockFlowFile,24B] from FlowFile[3228,96218188399906.mockFlowFile,24B]; routing to relationship simple
[pool-3936-thread-1] INFO org.apache.nifi.processors.standard.RouteText - RouteText[id=fc47b1db-e7ae-450c-887b-29adc31df765] Routing FlowFile[3228,96218188399906.mockFlowFile,24B] to original
[main] DEBUG org.apache.nifi.processors.standard.RouteText - RouteText[id=fc47b1db-e7ae-450c-887b-29adc31df765] Adding new dynamic property: PropertyDescriptor[simple]
[pool-3937-thread-1] INFO org.apache.nifi.processors.standard.RouteText - RouteText[id=fc47b1db-e7ae-450c-887b-29adc31df765] Created FlowFile[3231,96218188905798.mockFlowFile,24B] from FlowFile[3230,96218188905798.mockFlowFile,24B]; routing to relationship simple
[pool-3937-thread-1] INFO org.apache.nifi.processors.standard.RouteText - RouteText[id=fc47b1db-e7ae-450c-887b-29adc31df765] Routing FlowFile[3230,96218188905798.mockFlowFile,24B] to original
[main] DEBUG org.apache.nifi.processors.standard.RouteText - RouteText[id=fc47b1db-e7ae-450c-887b-29adc31df765] Adding new dynamic property: PropertyDescriptor[simple]
[pool-3938-thread-1] INFO org.apache.nifi.processors.standard.RouteText - RouteText[id=fc47b1db-e7ae-450c-887b-29adc31df765] Created FlowFile[3233,96218189397298.mockFlowFile,24B] from FlowFile[3232,96218189397298.mockFlowFile,24B]; routing to relationship simple
[pool-3938-thread-1] INFO org.apache.nifi.processors.standard.RouteText - RouteText[id=fc47b1db-e7ae-450c-887b-29adc31df765] Routing FlowFile[3232,96218189397298.mockFlowFile,24B] to original
[main] DEBUG org.apache.nifi.processors.standard.RouteText - RouteText[id=fc47b1db-e7ae-450c-887b-29adc31df765] Adding new dynamic property: PropertyDescriptor[simple]
[pool-3939-thread-1] INFO org.apache.nifi.processors.standard.RouteText - RouteText[id=fc47b1db-e7ae-450c-887b-29adc31df765] Created FlowFile[3235,96218189864906.mockFlowFile,24B] from FlowFile[3234,96218189864906.mockFlowFile,24B]; routing to relationship simple
[pool-3939-thread-1] INFO org.apache.nifi.processors.standard.RouteText - RouteText[id=fc47b1db-e7ae-450c-887b-29adc31df765] Routing FlowFile[3234,96218189864906.mockFlowFile,24B] to original
[main] DEBUG org.apache.nifi.processors.standard.RouteText - RouteText[id=fc47b1db-e7ae-450c-887b-29adc31df765] Adding new dynamic property: PropertyDescriptor[simple]
[pool-3940-thread-1] INFO org.apache.nifi.processors.standard.RouteText - RouteText[id=fc47b1db-e7ae-450c-887b-29adc31df765] Created FlowFile[3237,96218190236739.mockFlowFile,24B] from FlowFile[3236,96218190236739.mockFlowFile,24B]; routing to relationship simple
[pool-3940-thread-1] INFO org.apache.nifi.processors.standard.RouteText - RouteText[id=fc47b1db-e7ae-450c-887b-29adc31df765] Routing FlowFile[3236,96218190236739.mockFlowFile,24B] to original
[main] DEBUG org.apache.nifi.processors.standard.RouteText - RouteText[id=fc47b1db-e7ae-450c-887b-29adc31df765] Adding new dynamic property: PropertyDescriptor[simple]
[pool-3941-thread-1] INFO org.apache.nifi.processors.standard.RouteText - RouteText[id=fc47b1db-e7ae-450c-887b-29adc31df765] Created FlowFile[3239,96218190668401.mockFlowFile,24B] from FlowFile[3238,96218190668401.mockFlowFile,24B]; routing to relationship simple
[pool-3941-thread-1] INFO org.apache.nifi.processors.standard.RouteText - RouteText[id=fc47b1db-e7ae-450c-887b-29adc31df765] Routing FlowFile[3238,96218190668401.mockFlowFile,24B] to original
[main] DEBUG org.apache.nifi.processors.standard.RouteText - RouteText[id=fc47b1db-e7ae-450c-887b-29adc31df765] Adding new dynamic property: PropertyDescriptor[simple]
[pool-3942-thread-1] INFO org.apache.nifi.processors.standard.RouteText - RouteText[id=fc47b1db-e7ae-450c-887b-29adc31df765] Created FlowFile[3241,96218191060597.mockFlowFile,24B] from FlowFile[3240,96218191060597.mockFlowFile,24B]; routing to relationship simple
[pool-3942-thread-1] INFO org.apache.nifi.processors.standard.RouteText - RouteText[id=fc47b1db-e7ae-450c-887b-29adc31df765] Routing FlowFile[3240,96218191060597.mockFlowFile,24B] to original
[main] DEBUG org.apache.nifi.processors.standard.RouteText - RouteText[id=fc47b1db-e7ae-450c-887b-29adc31df765] Adding new dynamic property: PropertyDescriptor[simple]
[pool-3943-thread-1] INFO org.apache.nifi.processors.standard.RouteText - RouteText[id=fc47b1db-e7ae-450c-887b-29adc31df765] Created FlowFile[3243,96218191570966.mockFlowFile,24B] from FlowFile[3242,96218191570966.mockFlowFile,24B]; routing to relationship simple
[pool-3943-thread-1] INFO org.apache.nifi.processors.standard.RouteText - RouteText[id=fc47b1db-e7ae-450c-887b-29adc31df765] Routing FlowFile[3242,96218191570966.mockFlowFile,24B] to original
[main] DEBUG org.apache.nifi.processors.standard.RouteText - RouteText[id=fc47b1db-e7ae-450c-887b-29adc31df765] Adding new dynamic property: PropertyDescriptor[simple]
[pool-3944-thread-1] INFO org.apache.nifi.processors.standard.RouteText - RouteText[id=fc47b1db-e7ae-450c-887b-29adc31df765] Created FlowFile[3245,96218191974312.mockFlowFile,24B] from FlowFile[3244,96218191974312.mockFlowFile,24B]; routing to relationship simple
[pool-3944-thread-1] INFO org.apache.nifi.processors.standard.RouteText - RouteText[id=fc47b1db-e7ae-450c-887b-29adc31df765] Routing FlowFile[3244,96218191974312.mockFlowFile,24B] to original
[main] DEBUG org.apache.nifi.processors.standard.RouteText - RouteText[id=fc47b1db-e7ae-450c-887b-29adc31df765] Adding new dynamic property: PropertyDescriptor[simple]
[pool-3945-thread-1] INFO org.apache.nifi.processors.standard.RouteText - RouteText[id=fc47b1db-e7ae-450c-887b-29adc31df765] Created FlowFile[3247,96218192465055.mockFlowFile,24B] from FlowFile[3246,96218192465055.mockFlowFile,24B]; routing to relationship simple
[pool-3945-thread-1] INFO org.apache.nifi.processors.standard.RouteText - RouteText[id=fc47b1db-e7ae-450c-887b-29adc31df765] Routing FlowFile[3246,96218192465055.mockFlowFile,24B] to original
[main] DEBUG org.apache.nifi.processors.standard.RouteText - RouteText[id=fc47b1db-e7ae-450c-887b-29adc31df765] Adding new dynamic property: PropertyDescriptor[simple]
[pool-3946-thread-1] INFO org.apache.nifi.processors.standard.RouteText - RouteText[id=fc47b1db-e7ae-450c-887b-29adc31df765] Created FlowFile[3249,96218192967574.mockFlowFile,24B] from FlowFile[3248,96218192967574.mockFlowFile,24B]; routing to relationship simple
[pool-3946-thread-1] INFO org.apache.nifi.processors.standard.RouteText - RouteText[id=fc47b1db-e7ae-450c-887b-29adc31df765] Routing FlowFile[3248,96218192967574.mockFlowFile,24B] to original
[main] DEBUG org.apache.nifi.processors.standard.RouteText - RouteText[id=fc47b1db-e7ae-450c-887b-29adc31df765] Adding new dynamic property: PropertyDescriptor[simple]
[pool-3947-thread-1] INFO org.apache.nifi.processors.standard.RouteText - RouteText[id=fc47b1db-e7ae-450c-887b-29adc31df765] Created FlowFile[3251,96218193440834.mockFlowFile,24B] from FlowFile[3250,96218193440834.mockFlowFile,24B]; routing to relationship simple
[pool-3947-thread-1] INFO org.apache.nifi.processors.standard.RouteText - RouteText[id=fc47b1db-e7ae-450c-887b-29adc31df765] Routing FlowFile[3250,96218193440834.mockFlowFile,24B] to original
[main] DEBUG org.apache.nifi.processors.standard.RouteText - RouteText[id=fc47b1db-e7ae-450c-887b-29adc31df765] Adding new dynamic property: PropertyDescriptor[simple]
[pool-3948-thread-1] INFO org.apache.nifi.processors.standard.RouteText - RouteText[id=fc47b1db-e7ae-450c-887b-29adc31df765] Created FlowFile[3253,96218193903747.mockFlowFile,24B] from FlowFile[3252,96218193903747.mockFlowFile,24B]; routing to relationship simple
[pool-3948-thread-1] INFO org.apache.nifi.processors.standard.RouteText - RouteText[id=fc47b1db-e7ae-450c-887b-29adc31df765] Routing FlowFile[3252,96218193903747.mockFlowFile,24B] to original
[main] DEBUG org.apache.nifi.processors.standard.RouteText - RouteText[id=fc47b1db-e7ae-450c-887b-29adc31df765] Adding new dynamic property: PropertyDescriptor[simple]
[pool-3949-thread-1] INFO org.apache.nifi.processors.standard.RouteText - RouteText[id=fc47b1db-e7ae-450c-887b-29adc31df765] Created FlowFile[3255,96218194278521.mockFlowFile,24B] from FlowFile[3254,96218194278521.mockFlowFile,24B]; routing to relationship simple
[pool-3949-thread-1] INFO org.apache.nifi.processors.standard.RouteText - RouteText[id=fc47b1db-e7ae-450c-887b-29adc31df765] Routing FlowFile[3254,96218194278521.mockFlowFile,24B] to original
[main] DEBUG org.apache.nifi.processors.standard.RouteText - RouteText[id=fc47b1db-e7ae-450c-887b-29adc31df765] Adding new dynamic property: PropertyDescriptor[simple]
[pool-3950-thread-1] INFO org.apache.nifi.processors.standard.RouteText - RouteText[id=fc47b1db-e7ae-450c-887b-29adc31df765] Created FlowFile[3257,96218194650108.mockFlowFile,24B] from FlowFile[3256,96218194650108.mockFlowFile,24B]; routing to relationship simple
[pool-3950-thread-1] INFO org.apache.nifi.processors.standard.RouteText - RouteText[id=fc47b1db-e7ae-450c-887b-29adc31df765] Routing FlowFile[3256,96218194650108.mockFlowFile,24B] to original
[main] DEBUG org.apache.nifi.processors.standard.RouteText - RouteText[id=fc47b1db-e7ae-450c-887b-29adc31df765] Adding new dynamic property: PropertyDescriptor[simple]
[pool-3951-thread-1] INFO org.apache.nifi.processors.standard.RouteText - RouteText[id=fc47b1db-e7ae-450c-887b-29adc31df765] Created FlowFile[3259,96218195053303.mockFlowFile,24B] from FlowFile[3258,96218195053303.mockFlowFile,24B]; routing to relationship simple
[pool-3951-thread-1] INFO org.apache.nifi.processors.standard.RouteText - RouteText[id=fc47b1db-e7ae-450c-887b-29adc31df765] Routing FlowFile[3258,96218195053303.mockFlowFile,24B] to original
[main] DEBUG org.apache.nifi.processors.standard.RouteText - RouteText[id=fc47b1db-e7ae-450c-887b-29adc31df765] Adding new dynamic property: PropertyDescriptor[simple]
[pool-3952-thread-1] INFO org.apache.nifi.processors.standard.RouteText - RouteText[id=fc47b1db-e7ae-450c-887b-29adc31df765] Created FlowFile[3261,96218195595510.mockFlowFile,24B] from FlowFile[3260,96218195595510.mockFlowFile,24B]; routing to relationship simple
[pool-3952-thread-1] INFO org.apache.nifi.processors.standard.RouteText - RouteText[id=fc47b1db-e7ae-450c-887b-29adc31df765] Routing FlowFile[3260,96218195595510.mockFlowFile,24B] to original
[main] DEBUG org.apache.nifi.processors.standard.RouteText - RouteText[id=fc47b1db-e7ae-450c-887b-29adc31df765] Adding new dynamic property: PropertyDescriptor[simple]
[pool-3953-thread-1] INFO org.apache.nifi.processors.standard.RouteText - RouteText[id=fc47b1db-e7ae-450c-887b-29adc31df765] Created FlowFile[3263,96218196015556.mockFlowFile,24B] from FlowFile[3262,96218196015556.mockFlowFile,24B]; routing to relationship simple
[pool-3953-thread-1] INFO org.apache.nifi.processors.standard.RouteText - RouteText[id=fc47b1db-e7ae-450c-887b-29adc31df765] Routing FlowFile[3262,96218196015556.mockFlowFile,24B] to original
[main] DEBUG org.apache.nifi.processors.standard.RouteText - RouteText[id=fc47b1db-e7ae-450c-887b-29adc31df765] Adding new dynamic property: PropertyDescriptor[simple]
[pool-3954-thread-1] INFO org.apache.nifi.processors.standard.RouteText - RouteText[id=fc47b1db-e7ae-450c-887b-29adc31df765] Created FlowFile[3265,96218196509030.mockFlowFile,24B] from FlowFile[3264,96218196509030.mockFlowFile,24B]; routing to relationship simple
[pool-3954-thread-1] INFO org.apache.nifi.processors.standard.RouteText - RouteText[id=fc47b1db-e7ae-450c-887b-29adc31df765] Routing FlowFile[3264,96218196509030.mockFlowFile,24B] to original
[main] DEBUG org.apache.nifi.processors.standard.RouteText - RouteText[id=fc47b1db-e7ae-450c-887b-29adc31df765] Adding new dynamic property: PropertyDescriptor[simple]
[pool-3955-thread-1] INFO org.apache.nifi.processors.standard.RouteText - RouteText[id=fc47b1db-e7ae-450c-887b-29adc31df765] Created FlowFile[3267,96218197004892.mockFlowFile,24B] from FlowFile[3266,96218197004892.mockFlowFile,24B]; routing to relationship simple
[pool-3955-thread-1] INFO org.apache.nifi.processors.standard.RouteText - RouteText[id=fc47b1db-e7ae-450c-887b-29adc31df765] Routing FlowFile[3266,96218197004892.mockFlowFile,24B] to original
[main] DEBUG org.apache.nifi.processors.standard.RouteText - RouteText[id=fc47b1db-e7ae-450c-887b-29adc31df765] Adding new dynamic property: PropertyDescriptor[simple]
[pool-3956-thread-1] INFO org.apache.nifi.processors.standard.RouteText - RouteText[id=fc47b1db-e7ae-450c-887b-29adc31df765] Created FlowFile[3269,96218197493016.mockFlowFile,24B] from FlowFile[3268,96218197493016.mockFlowFile,24B]; routing to relationship simple
[pool-3956-thread-1] INFO org.apache.nifi.processors.standard.RouteText - RouteText[id=fc47b1db-e7ae-450c-887b-29adc31df765] Routing FlowFile[3268,96218197493016.mockFlowFile,24B] to original
[main] DEBUG org.apache.nifi.processors.standard.RouteText - RouteText[id=fc47b1db-e7ae-450c-887b-29adc31df765] Adding new dynamic property: PropertyDescriptor[simple]
[pool-3957-thread-1] INFO org.apache.nifi.processors.standard.RouteText - RouteText[id=fc47b1db-e7ae-450c-887b-29adc31df765] Created FlowFile[3271,96218197955048.mockFlowFile,24B] from FlowFile[3270,96218197955048.mockFlowFile,24B]; routing to relationship simple
[pool-3957-thread-1] INFO org.apache.nifi.processors.standard.RouteText - RouteText[id=fc47b1db-e7ae-450c-887b-29adc31df765] Routing FlowFile[3270,96218197955048.mockFlowFile,24B] to original
[main] DEBUG org.apache.nifi.processors.standard.RouteText - RouteText[id=fc47b1db-e7ae-450c-887b-29adc31df765] Adding new dynamic property: PropertyDescriptor[simple]
[pool-3958-thread-1] INFO org.apache.nifi.processors.standard.RouteText - RouteText[id=fc47b1db-e7ae-450c-887b-29adc31df765] Created FlowFile[3273,96218198428393.mockFlowFile,24B] from FlowFile[3272,96218198428393.mockFlowFile,24B]; routing to relationship simple
[pool-3958-thread-1] INFO org.apache.nifi.processors.standard.RouteText - RouteText[id=fc47b1db-e7ae-450c-887b-29adc31df765] Routing FlowFile[3272,96218198428393.mockFlowFile,24B] to original
[main] DEBUG org.apache.nifi.processors.standard.RouteText - RouteText[id=fc47b1db-e7ae-450c-887b-29adc31df765] Adding new dynamic property: PropertyDescriptor[simple]
[pool-3959-thread-1] INFO org.apache.nifi.processors.standard.RouteText - RouteText[id=fc47b1db-e7ae-450c-887b-29adc31df765] Created FlowFile[3275,96218198810835.mockFlowFile,24B] from FlowFile[3274,96218198810835.mockFlowFile,24B]; routing to relationship simple
[pool-3959-thread-1] INFO org.apache.nifi.processors.standard.RouteText - RouteText[id=fc47b1db-e7ae-450c-887b-29adc31df765] Routing FlowFile[3274,96218198810835.mockFlowFile,24B] to original
[main] DEBUG org.apache.nifi.processors.standard.RouteText - RouteText[id=fc47b1db-e7ae-450c-887b-29adc31df765] Adding new dynamic property: PropertyDescriptor[simple]
[pool-3960-thread-1] INFO org.apache.nifi.processors.standard.RouteText - RouteText[id=fc47b1db-e7ae-450c-887b-29adc31df765] Created FlowFile[3277,96218199267658.mockFlowFile,24B] from FlowFile[3276,96218199267658.mockFlowFile,24B]; routing to relationship simple
[pool-3960-thread-1] INFO org.apache.nifi.processors.standard.RouteText - RouteText[id=fc47b1db-e7ae-450c-887b-29adc31df765] Routing FlowFile[3276,96218199267658.mockFlowFile,24B] to original
[main] DEBUG org.apache.nifi.processors.standard.RouteText - RouteText[id=fc47b1db-e7ae-450c-887b-29adc31df765] Adding new dynamic property: PropertyDescriptor[simple]
[pool-3961-thread-1] INFO org.apache.nifi.processors.standard.RouteText - RouteText[id=fc47b1db-e7ae-450c-887b-29adc31df765] Created FlowFile[3279,96218199697856.mockFlowFile,24B] from FlowFile[3278,96218199697856.mockFlowFile,24B]; routing to relationship simple
[pool-3961-thread-1] INFO org.apache.nifi.processors.standard.RouteText - RouteText[id=fc47b1db-e7ae-450c-887b-29adc31df765] Routing FlowFile[3278,96218199697856.mockFlowFile,24B] to original
[main] DEBUG org.apache.nifi.processors.standard.RouteText - RouteText[id=fc47b1db-e7ae-450c-887b-29adc31df765] Adding new dynamic property: PropertyDescriptor[simple]
[pool-3962-thread-1] INFO org.apache.nifi.processors.standard.RouteText - RouteText[id=fc47b1db-e7ae-450c-887b-29adc31df765] Created FlowFile[3281,96218200086484.mockFlowFile,24B] from FlowFile[3280,96218200086484.mockFlowFile,24B]; routing to relationship simple
[pool-3962-thread-1] INFO org.apache.nifi.processors.standard.RouteText - RouteText[id=fc47b1db-e7ae-450c-887b-29adc31df765] Routing FlowFile[3280,96218200086484.mockFlowFile,24B] to original
[main] DEBUG org.apache.nifi.processors.standard.RouteText - RouteText[id=fc47b1db-e7ae-450c-887b-29adc31df765] Adding new dynamic property: PropertyDescriptor[simple]
[pool-3963-thread-1] INFO org.apache.nifi.processors.standard.RouteText - RouteText[id=fc47b1db-e7ae-450c-887b-29adc31df765] Created FlowFile[3283,96218200570946.mockFlowFile,24B] from FlowFile[3282,96218200570946.mockFlowFile,24B]; routing to relationship simple
[pool-3963-thread-1] INFO org.apache.nifi.processors.standard.RouteText - RouteText[id=fc47b1db-e7ae-450c-887b-29adc31df765] Routing FlowFile[3282,96218200570946.mockFlowFile,24B] to original
[main] DEBUG org.apache.nifi.processors.standard.RouteText - RouteText[id=fc47b1db-e7ae-450c-887b-29adc31df765] Adding new dynamic property: PropertyDescriptor[simple]
[pool-3964-thread-1] INFO org.apache.nifi.processors.standard.RouteText - RouteText[id=fc47b1db-e7ae-450c-887b-29adc31df765] Created FlowFile[3285,96218201031501.mockFlowFile,24B] from FlowFile[3284,96218201031501.mockFlowFile,24B]; routing to relationship simple
[pool-3964-thread-1] INFO org.apache.nifi.processors.standard.RouteText - RouteText[id=fc47b1db-e7ae-450c-887b-29adc31df765] Routing FlowFile[3284,96218201031501.mockFlowFile,24B] to original
[main] DEBUG org.apache.nifi.processors.standard.RouteText - RouteText[id=fc47b1db-e7ae-450c-887b-29adc31df765] Adding new dynamic property: PropertyDescriptor[simple]
[pool-3965-thread-1] INFO org.apache.nifi.processors.standard.RouteText - RouteText[id=fc47b1db-e7ae-450c-887b-29adc31df765] Created FlowFile[3287,96218201478040.mockFlowFile,24B] from FlowFile[3286,96218201478040.mockFlowFile,24B]; routing to relationship simple
[pool-3965-thread-1] INFO org.apache.nifi.processors.standard.RouteText - RouteText[id=fc47b1db-e7ae-450c-887b-29adc31df765] Routing FlowFile[3286,96218201478040.mockFlowFile,24B] to original
[main] DEBUG org.apache.nifi.processors.standard.RouteText - RouteText[id=fc47b1db-e7ae-450c-887b-29adc31df765] Adding new dynamic property: PropertyDescriptor[simple]
[pool-3966-thread-1] INFO org.apache.nifi.processors.standard.RouteText - RouteText[id=fc47b1db-e7ae-450c-887b-29adc31df765] Created FlowFile[3289,96218201932041.mockFlowFile,24B] from FlowFile[3288,96218201932041.mockFlowFile,24B]; routing to relationship simple
[pool-3966-thread-1] INFO org.apache.nifi.processors.standard.RouteText - RouteText[id=fc47b1db-e7ae-450c-887b-29adc31df765] Routing FlowFile[3288,96218201932041.mockFlowFile,24B] to original
[main] DEBUG org.apache.nifi.processors.standard.RouteText - RouteText[id=fc47b1db-e7ae-450c-887b-29adc31df765] Adding new dynamic property: PropertyDescriptor[simple]
[pool-3967-thread-1] INFO org.apache.nifi.processors.standard.RouteText - RouteText[id=fc47b1db-e7ae-450c-887b-29adc31df765] Created FlowFile[3291,96218202280543.mockFlowFile,24B] from FlowFile[3290,96218202280543.mockFlowFile,24B]; routing to relationship simple
[pool-3967-thread-1] INFO org.apache.nifi.processors.standard.RouteText - RouteText[id=fc47b1db-e7ae-450c-887b-29adc31df765] Routing FlowFile[3290,96218202280543.mockFlowFile,24B] to original
[main] DEBUG org.apache.nifi.processors.standard.RouteText - RouteText[id=fc47b1db-e7ae-450c-887b-29adc31df765] Adding new dynamic property: PropertyDescriptor[simple]
[pool-3968-thread-1] INFO org.apache.nifi.processors.standard.RouteText - RouteText[id=fc47b1db-e7ae-450c-887b-29adc31df765] Created FlowFile[3293,96218202660895.mockFlowFile,24B] from FlowFile[3292,96218202660895.mockFlowFile,24B]; routing to relationship simple
[pool-3968-thread-1] INFO org.apache.nifi.processors.standard.RouteText - RouteText[id=fc47b1db-e7ae-450c-887b-29adc31df765] Routing FlowFile[3292,96218202660895.mockFlowFile,24B] to original
[main] DEBUG org.apache.nifi.processors.standard.RouteText - RouteText[id=fc47b1db-e7ae-450c-887b-29adc31df765] Adding new dynamic property: PropertyDescriptor[simple]
[pool-3969-thread-1] INFO org.apache.nifi.processors.standard.RouteText - RouteText[id=fc47b1db-e7ae-450c-887b-29adc31df765] Created FlowFile[3295,96218203014619.mockFlowFile,24B] from FlowFile[3294,96218203014619.mockFlowFile,24B]; routing to relationship simple
[pool-3969-thread-1] INFO org.apache.nifi.processors.standard.RouteText - RouteText[id=fc47b1db-e7ae-450c-887b-29adc31df765] Routing FlowFile[3294,96218203014619.mockFlowFile,24B] to original
[main] DEBUG org.apache.nifi.processors.standard.RouteText - RouteText[id=fc47b1db-e7ae-450c-887b-29adc31df765] Adding new dynamic property: PropertyDescriptor[simple]
[pool-3970-thread-1] INFO org.apache.nifi.processors.standard.RouteText - RouteText[id=fc47b1db-e7ae-450c-887b-29adc31df765] Created FlowFile[3297,96218203497483.mockFlowFile,24B] from FlowFile[3296,96218203497483.mockFlowFile,24B]; routing to relationship simple
[pool-3970-thread-1] INFO org.apache.nifi.processors.standard.RouteText - RouteText[id=fc47b1db-e7ae-450c-887b-29adc31df765] Routing FlowFile[3296,96218203497483.mockFlowFile,24B] to original
[main] DEBUG org.apache.nifi.processors.standard.RouteText - RouteText[id=fc47b1db-e7ae-450c-887b-29adc31df765] Adding new dynamic property: PropertyDescriptor[simple]
[pool-3971-thread-1] INFO org.apache.nifi.processors.standard.RouteText - RouteText[id=fc47b1db-e7ae-450c-887b-29adc31df765] Created FlowFile[3299,96218203884253.mockFlowFile,24B] from FlowFile[3298,96218203884253.mockFlowFile,24B]; routing to relationship simple
[pool-3971-thread-1] INFO org.apache.nifi.processors.standard.RouteText - RouteText[id=fc47b1db-e7ae-450c-887b-29adc31df765] Routing FlowFile[3298,96218203884253.mockFlowFile,24B] to original
[main] DEBUG org.apache.nifi.processors.standard.RouteText - RouteText[id=fc47b1db-e7ae-450c-887b-29adc31df765] Adding new dynamic property: PropertyDescriptor[simple]
[pool-3972-thread-1] INFO org.apache.nifi.processors.standard.RouteText - RouteText[id=fc47b1db-e7ae-450c-887b-29adc31df765] Created FlowFile[3301,96218204350128.mockFlowFile,24B] from FlowFile[3300,96218204350128.mockFlowFile,24B]; routing to relationship simple
[pool-3972-thread-1] INFO org.apache.nifi.processors.standard.RouteText - RouteText[id=fc47b1db-e7ae-450c-887b-29adc31df765] Routing FlowFile[3300,96218204350128.mockFlowFile,24B] to original
[main] DEBUG org.apache.nifi.processors.standard.RouteText - RouteText[id=fc47b1db-e7ae-450c-887b-29adc31df765] Adding new dynamic property: PropertyDescriptor[simple]
[pool-3973-thread-1] INFO org.apache.nifi.processors.standard.RouteText - RouteText[id=fc47b1db-e7ae-450c-887b-29adc31df765] Created FlowFile[3303,96218204903811.mockFlowFile,24B] from FlowFile[3302,96218204903811.mockFlowFile,24B]; routing to relationship simple
[pool-3973-thread-1] INFO org.apache.nifi.processors.standard.RouteText - RouteText[id=fc47b1db-e7ae-450c-887b-29adc31df765] Routing FlowFile[3302,96218204903811.mockFlowFile,24B] to original
[main] DEBUG org.apache.nifi.processors.standard.RouteText - RouteText[id=fc47b1db-e7ae-450c-887b-29adc31df765] Adding new dynamic property: PropertyDescriptor[simple]
[pool-3974-thread-1] INFO org.apache.nifi.processors.standard.RouteText - RouteText[id=fc47b1db-e7ae-450c-887b-29adc31df765] Created FlowFile[3305,96218205378777.mockFlowFile,24B] from FlowFile[3304,96218205378777.mockFlowFile,24B]; routing to relationship simple
[pool-3974-thread-1] INFO org.apache.nifi.processors.standard.RouteText - RouteText[id=fc47b1db-e7ae-450c-887b-29adc31df765] Routing FlowFile[3304,96218205378777.mockFlowFile,24B] to original
[main] DEBUG org.apache.nifi.processors.standard.RouteText - RouteText[id=fc47b1db-e7ae-450c-887b-29adc31df765] Adding new dynamic property: PropertyDescriptor[simple]
[pool-3975-thread-1] INFO org.apache.nifi.processors.standard.RouteText - RouteText[id=fc47b1db-e7ae-450c-887b-29adc31df765] Created FlowFile[3307,96218205830029.mockFlowFile,24B] from FlowFile[3306,96218205830029.mockFlowFile,24B]; routing to relationship simple
[pool-3975-thread-1] INFO org.apache.nifi.processors.standard.RouteText - RouteText[id=fc47b1db-e7ae-450c-887b-29adc31df765] Routing FlowFile[3306,96218205830029.mockFlowFile,24B] to original
[main] DEBUG org.apache.nifi.processors.standard.RouteText - RouteText[id=fc47b1db-e7ae-450c-887b-29adc31df765] Adding new dynamic property: PropertyDescriptor[simple]
[pool-3976-thread-1] INFO org.apache.nifi.processors.standard.RouteText - RouteText[id=fc47b1db-e7ae-450c-887b-29adc31df765] Created FlowFile[3309,96218206181431.mockFlowFile,24B] from FlowFile[3308,96218206181431.mockFlowFile,24B]; routing to relationship simple
[pool-3976-thread-1] INFO org.apache.nifi.processors.standard.RouteText - RouteText[id=fc47b1db-e7ae-450c-887b-29adc31df765] Routing FlowFile[3308,96218206181431.mockFlowFile,24B] to original
[main] DEBUG org.apache.nifi.processors.standard.RouteText - RouteText[id=fc47b1db-e7ae-450c-887b-29adc31df765] Adding new dynamic property: PropertyDescriptor[simple]
[pool-3977-thread-1] INFO org.apache.nifi.processors.standard.RouteText - RouteText[id=fc47b1db-e7ae-450c-887b-29adc31df765] Created FlowFile[3311,96218206532127.mockFlowFile,24B] from FlowFile[3310,96218206532127.mockFlowFile,24B]; routing to relationship simple
[pool-3977-thread-1] INFO org.apache.nifi.processors.standard.RouteText - RouteText[id=fc47b1db-e7ae-450c-887b-29adc31df765] Routing FlowFile[3310,96218206532127.mockFlowFile,24B] to original
[main] DEBUG org.apache.nifi.processors.standard.RouteText - RouteText[id=fc47b1db-e7ae-450c-887b-29adc31df765] Adding new dynamic property: PropertyDescriptor[simple]
[pool-3978-thread-1] INFO org.apache.nifi.processors.standard.RouteText - RouteText[id=fc47b1db-e7ae-450c-887b-29adc31df765] Created FlowFile[3313,96218206882210.mockFlowFile,24B] from FlowFile[3312,96218206882210.mockFlowFile,24B]; routing to relationship simple
[pool-3978-thread-1] INFO org.apache.nifi.processors.standard.RouteText - RouteText[id=fc47b1db-e7ae-450c-887b-29adc31df765] Routing FlowFile[3312,96218206882210.mockFlowFile,24B] to original
[main] DEBUG org.apache.nifi.processors.standard.RouteText - RouteText[id=fc47b1db-e7ae-450c-887b-29adc31df765] Adding new dynamic property: PropertyDescriptor[simple]
[pool-3979-thread-1] INFO org.apache.nifi.processors.standard.RouteText - RouteText[id=fc47b1db-e7ae-450c-887b-29adc31df765] Created FlowFile[3315,96218207360431.mockFlowFile,24B] from FlowFile[3314,96218207360431.mockFlowFile,24B]; routing to relationship simple
[pool-3979-thread-1] INFO org.apache.nifi.processors.standard.RouteText - RouteText[id=fc47b1db-e7ae-450c-887b-29adc31df765] Routing FlowFile[3314,96218207360431.mockFlowFile,24B] to original
[main] DEBUG org.apache.nifi.processors.standard.RouteText - RouteText[id=fc47b1db-e7ae-450c-887b-29adc31df765] Adding new dynamic property: PropertyDescriptor[simple]
[pool-3980-thread-1] INFO org.apache.nifi.processors.standard.RouteText - RouteText[id=fc47b1db-e7ae-450c-887b-29adc31df765] Created FlowFile[3317,96218207810146.mockFlowFile,24B] from FlowFile[3316,96218207810146.mockFlowFile,24B]; routing to relationship simple
[pool-3980-thread-1] INFO org.apache.nifi.processors.standard.RouteText - RouteText[id=fc47b1db-e7ae-450c-887b-29adc31df765] Routing FlowFile[3316,96218207810146.mockFlowFile,24B] to original
[main] DEBUG org.apache.nifi.processors.standard.RouteText - RouteText[id=fc47b1db-e7ae-450c-887b-29adc31df765] Adding new dynamic property: PropertyDescriptor[simple]
[pool-3981-thread-1] INFO org.apache.nifi.processors.standard.RouteText - RouteText[id=fc47b1db-e7ae-450c-887b-29adc31df765] Created FlowFile[3319,96218208460482.mockFlowFile,24B] from FlowFile[3318,96218208460482.mockFlowFile,24B]; routing to relationship simple
[pool-3981-thread-1] INFO org.apache.nifi.processors.standard.RouteText - RouteText[id=fc47b1db-e7ae-450c-887b-29adc31df765] Routing FlowFile[3318,96218208460482.mockFlowFile,24B] to original
[main] DEBUG org.apache.nifi.processors.standard.RouteText - RouteText[id=fc47b1db-e7ae-450c-887b-29adc31df765] Adding new dynamic property: PropertyDescriptor[simple]
[pool-3982-thread-1] INFO org.apache.nifi.processors.standard.RouteText - RouteText[id=fc47b1db-e7ae-450c-887b-29adc31df765] Created FlowFile[3321,96218209279709.mockFlowFile,24B] from FlowFile[3320,96218209279709.mockFlowFile,24B]; routing to relationship simple
[pool-3982-thread-1] INFO org.apache.nifi.processors.standard.RouteText - RouteText[id=fc47b1db-e7ae-450c-887b-29adc31df765] Routing FlowFile[3320,96218209279709.mockFlowFile,24B] to original
[main] DEBUG org.apache.nifi.processors.standard.RouteText - RouteText[id=fc47b1db-e7ae-450c-887b-29adc31df765] Adding new dynamic property: PropertyDescriptor[simple]
[pool-3983-thread-1] INFO org.apache.nifi.processors.standard.RouteText - RouteText[id=fc47b1db-e7ae-450c-887b-29adc31df765] Created FlowFile[3323,96218209978888.mockFlowFile,24B] from FlowFile[3322,96218209978888.mockFlowFile,24B]; routing to relationship simple
[pool-3983-thread-1] INFO org.apache.nifi.processors.standard.RouteText - RouteText[id=fc47b1db-e7ae-450c-887b-29adc31df765] Routing FlowFile[3322,96218209978888.mockFlowFile,24B] to original
[main] DEBUG org.apache.nifi.processors.standard.RouteText - RouteText[id=fc47b1db-e7ae-450c-887b-29adc31df765] Adding new dynamic property: PropertyDescriptor[simple]
[pool-3984-thread-1] INFO org.apache.nifi.processors.standard.RouteText - RouteText[id=fc47b1db-e7ae-450c-887b-29adc31df765] Created FlowFile[3325,96218210516795.mockFlowFile,24B] from FlowFile[3324,96218210516795.mockFlowFile,24B]; routing to relationship simple
[pool-3984-thread-1] INFO org.apache.nifi.processors.standard.RouteText - RouteText[id=fc47b1db-e7ae-450c-887b-29adc31df765] Routing FlowFile[3324,96218210516795.mockFlowFile,24B] to original
[main] DEBUG org.apache.nifi.processors.standard.RouteText - RouteText[id=fc47b1db-e7ae-450c-887b-29adc31df765] Adding new dynamic property: PropertyDescriptor[simple]
[pool-3985-thread-1] INFO org.apache.nifi.processors.standard.RouteText - RouteText[id=fc47b1db-e7ae-450c-887b-29adc31df765] Created FlowFile[3327,96218210991619.mockFlowFile,24B] from FlowFile[3326,96218210991619.mockFlowFile,24B]; routing to relationship simple
[pool-3985-thread-1] INFO org.apache.nifi.processors.standard.RouteText - RouteText[id=fc47b1db-e7ae-450c-887b-29adc31df765] Routing FlowFile[3326,96218210991619.mockFlowFile,24B] to original
[main] DEBUG org.apache.nifi.processors.standard.RouteText - RouteText[id=fc47b1db-e7ae-450c-887b-29adc31df765] Adding new dynamic property: PropertyDescriptor[simple]
[pool-3986-thread-1] INFO org.apache.nifi.processors.standard.RouteText - RouteText[id=fc47b1db-e7ae-450c-887b-29adc31df765] Created FlowFile[3329,96218211550332.mockFlowFile,24B] from FlowFile[3328,96218211550332.mockFlowFile,24B]; routing to relationship simple
[pool-3986-thread-1] INFO org.apache.nifi.processors.standard.RouteText - RouteText[id=fc47b1db-e7ae-450c-887b-29adc31df765] Routing FlowFile[3328,96218211550332.mockFlowFile,24B] to original
[main] DEBUG org.apache.nifi.processors.standard.RouteText - RouteText[id=fc47b1db-e7ae-450c-887b-29adc31df765] Adding new dynamic property: PropertyDescriptor[simple]
[pool-3987-thread-1] INFO org.apache.nifi.processors.standard.RouteText - RouteText[id=fc47b1db-e7ae-450c-887b-29adc31df765] Created FlowFile[3331,96218211985994.mockFlowFile,24B] from FlowFile[3330,96218211985994.mockFlowFile,24B]; routing to relationship simple
[pool-3987-thread-1] INFO org.apache.nifi.processors.standard.RouteText - RouteText[id=fc47b1db-e7ae-450c-887b-29adc31df765] Routing FlowFile[3330,96218211985994.mockFlowFile,24B] to original
[main] DEBUG org.apache.nifi.processors.standard.RouteText - RouteText[id=fc47b1db-e7ae-450c-887b-29adc31df765] Adding new dynamic property: PropertyDescriptor[simple]
[pool-3988-thread-1] INFO org.apache.nifi.processors.standard.RouteText - RouteText[id=fc47b1db-e7ae-450c-887b-29adc31df765] Created FlowFile[3333,96218212511054.mockFlowFile,24B] from FlowFile[3332,96218212511054.mockFlowFile,24B]; routing to relationship simple
[pool-3988-thread-1] INFO org.apache.nifi.processors.standard.RouteText - RouteText[id=fc47b1db-e7ae-450c-887b-29adc31df765] Routing FlowFile[3332,96218212511054.mockFlowFile,24B] to original
[main] DEBUG org.apache.nifi.processors.standard.RouteText - RouteText[id=fc47b1db-e7ae-450c-887b-29adc31df765] Adding new dynamic property: PropertyDescriptor[simple]
[pool-3989-thread-1] INFO org.apache.nifi.processors.standard.RouteText - RouteText[id=fc47b1db-e7ae-450c-887b-29adc31df765] Created FlowFile[3335,96218212991165.mockFlowFile,24B] from FlowFile[3334,96218212991165.mockFlowFile,24B]; routing to relationship simple
[pool-3989-thread-1] INFO org.apache.nifi.processors.standard.RouteText - RouteText[id=fc47b1db-e7ae-450c-887b-29adc31df765] Routing FlowFile[3334,96218212991165.mockFlowFile,24B] to original
[main] DEBUG org.apache.nifi.processors.standard.RouteText - RouteText[id=fc47b1db-e7ae-450c-887b-29adc31df765] Adding new dynamic property: PropertyDescriptor[simple]
[pool-3990-thread-1] INFO org.apache.nifi.processors.standard.RouteText - RouteText[id=fc47b1db-e7ae-450c-887b-29adc31df765] Created FlowFile[3337,96218213461772.mockFlowFile,24B] from FlowFile[3336,96218213461772.mockFlowFile,24B]; routing to relationship simple
[pool-3990-thread-1] INFO org.apache.nifi.processors.standard.RouteText - RouteText[id=fc47b1db-e7ae-450c-887b-29adc31df765] Routing FlowFile[3336,96218213461772.mockFlowFile,24B] to original
[main] DEBUG org.apache.nifi.processors.standard.RouteText - RouteText[id=fc47b1db-e7ae-450c-887b-29adc31df765] Adding new dynamic property: PropertyDescriptor[simple]
[pool-3991-thread-1] INFO org.apache.nifi.processors.standard.RouteText - RouteText[id=fc47b1db-e7ae-450c-887b-29adc31df765] Created FlowFile[3339,96218213903212.mockFlowFile,24B] from FlowFile[3338,96218213903212.mockFlowFile,24B]; routing to relationship simple
[pool-3991-thread-1] INFO org.apache.nifi.processors.standard.RouteText - RouteText[id=fc47b1db-e7ae-450c-887b-29adc31df765] Routing FlowFile[3338,96218213903212.mockFlowFile,24B] to original
[main] DEBUG org.apache.nifi.processors.standard.RouteText - RouteText[id=fc47b1db-e7ae-450c-887b-29adc31df765] Adding new dynamic property: PropertyDescriptor[simple]
[pool-3992-thread-1] INFO org.apache.nifi.processors.standard.RouteText - RouteText[id=fc47b1db-e7ae-450c-887b-29adc31df765] Created FlowFile[3341,96218214281583.mockFlowFile,24B] from FlowFile[3340,96218214281583.mockFlowFile,24B]; routing to relationship simple
[pool-3992-thread-1] INFO org.apache.nifi.processors.standard.RouteText - RouteText[id=fc47b1db-e7ae-450c-887b-29adc31df765] Routing FlowFile[3340,96218214281583.mockFlowFile,24B] to original
[main] DEBUG org.apache.nifi.processors.standard.RouteText - RouteText[id=fc47b1db-e7ae-450c-887b-29adc31df765] Adding new dynamic property: PropertyDescriptor[simple]
[pool-3993-thread-1] INFO org.apache.nifi.processors.standard.RouteText - RouteText[id=fc47b1db-e7ae-450c-887b-29adc31df765] Created FlowFile[3343,96218214664379.mockFlowFile,24B] from FlowFile[3342,96218214664379.mockFlowFile,24B]; routing to relationship simple
[pool-3993-thread-1] INFO org.apache.nifi.processors.standard.RouteText - RouteText[id=fc47b1db-e7ae-450c-887b-29adc31df765] Routing FlowFile[3342,96218214664379.mockFlowFile,24B] to original
[main] DEBUG org.apache.nifi.processors.standard.RouteText - RouteText[id=fc47b1db-e7ae-450c-887b-29adc31df765] Adding new dynamic property: PropertyDescriptor[simple]
[pool-3994-thread-1] INFO org.apache.nifi.processors.standard.RouteText - RouteText[id=fc47b1db-e7ae-450c-887b-29adc31df765] Created FlowFile[3345,96218215051641.mockFlowFile,24B] from FlowFile[3344,96218215051641.mockFlowFile,24B]; routing to relationship simple
[pool-3994-thread-1] INFO org.apache.nifi.processors.standard.RouteText - RouteText[id=fc47b1db-e7ae-450c-887b-29adc31df765] Routing FlowFile[3344,96218215051641.mockFlowFile,24B] to original
[main] DEBUG org.apache.nifi.processors.standard.RouteText - RouteText[id=fc47b1db-e7ae-450c-887b-29adc31df765] Adding new dynamic property: PropertyDescriptor[simple]
[pool-3995-thread-1] INFO org.apache.nifi.processors.standard.RouteText - RouteText[id=fc47b1db-e7ae-450c-887b-29adc31df765] Created FlowFile[3347,96218215558834.mockFlowFile,24B] from FlowFile[3346,96218215558834.mockFlowFile,24B]; routing to relationship simple
[pool-3995-thread-1] INFO org.apache.nifi.processors.standard.RouteText - RouteText[id=fc47b1db-e7ae-450c-887b-29adc31df765] Routing FlowFile[3346,96218215558834.mockFlowFile,24B] to original
[main] DEBUG org.apache.nifi.processors.standard.RouteText - RouteText[id=fc47b1db-e7ae-450c-887b-29adc31df765] Adding new dynamic property: PropertyDescriptor[simple]
[pool-3996-thread-1] INFO org.apache.nifi.processors.standard.RouteText - RouteText[id=fc47b1db-e7ae-450c-887b-29adc31df765] Created FlowFile[3349,96218216124021.mockFlowFile,24B] from FlowFile[3348,96218216124021.mockFlowFile,24B]; routing to relationship simple
[pool-3996-thread-1] INFO org.apache.nifi.processors.standard.RouteText - RouteText[id=fc47b1db-e7ae-450c-887b-29adc31df765] Routing FlowFile[3348,96218216124021.mockFlowFile,24B] to original
[main] DEBUG org.apache.nifi.processors.standard.RouteText - RouteText[id=fc47b1db-e7ae-450c-887b-29adc31df765] Adding new dynamic property: PropertyDescriptor[simple]
[pool-3997-thread-1] INFO org.apache.nifi.processors.standard.RouteText - RouteText[id=fc47b1db-e7ae-450c-887b-29adc31df765] Created FlowFile[3351,96218216687772.mockFlowFile,24B] from FlowFile[3350,96218216687772.mockFlowFile,24B]; routing to relationship simple
[pool-3997-thread-1] INFO org.apache.nifi.processors.standard.RouteText - RouteText[id=fc47b1db-e7ae-450c-887b-29adc31df765] Routing FlowFile[3350,96218216687772.mockFlowFile,24B] to original
[main] DEBUG org.apache.nifi.processors.standard.RouteText - RouteText[id=fc47b1db-e7ae-450c-887b-29adc31df765] Adding new dynamic property: PropertyDescriptor[simple]
[pool-3998-thread-1] INFO org.apache.nifi.processors.standard.RouteText - RouteText[id=fc47b1db-e7ae-450c-887b-29adc31df765] Created FlowFile[3353,96218217229234.mockFlowFile,24B] from FlowFile[3352,96218217229234.mockFlowFile,24B]; routing to relationship simple
[pool-3998-thread-1] INFO org.apache.nifi.processors.standard.RouteText - RouteText[id=fc47b1db-e7ae-450c-887b-29adc31df765] Routing FlowFile[3352,96218217229234.mockFlowFile,24B] to original
[main] DEBUG org.apache.nifi.processors.standard.RouteText - RouteText[id=fc47b1db-e7ae-450c-887b-29adc31df765] Adding new dynamic property: PropertyDescriptor[simple]
[pool-3999-thread-1] INFO org.apache.nifi.processors.standard.RouteText - RouteText[id=fc47b1db-e7ae-450c-887b-29adc31df765] Created FlowFile[3355,96218217798943.mockFlowFile,24B] from FlowFile[3354,96218217798943.mockFlowFile,24B]; routing to relationship simple
[pool-3999-thread-1] INFO org.apache.nifi.processors.standard.RouteText - RouteText[id=fc47b1db-e7ae-450c-887b-29adc31df765] Routing FlowFile[3354,96218217798943.mockFlowFile,24B] to original
[main] DEBUG org.apache.nifi.processors.standard.RouteText - RouteText[id=fc47b1db-e7ae-450c-887b-29adc31df765] Adding new dynamic property: PropertyDescriptor[simple]
[pool-4000-thread-1] INFO org.apache.nifi.processors.standard.RouteText - RouteText[id=fc47b1db-e7ae-450c-887b-29adc31df765] Created FlowFile[3357,96218218417461.mockFlowFile,24B] from FlowFile[3356,96218218417461.mockFlowFile,24B]; routing to relationship simple
[pool-4000-thread-1] INFO org.apache.nifi.processors.standard.RouteText - RouteText[id=fc47b1db-e7ae-450c-887b-29adc31df765] Routing FlowFile[3356,96218218417461.mockFlowFile,24B] to original
[main] DEBUG org.apache.nifi.processors.standard.RouteText - RouteText[id=fc47b1db-e7ae-450c-887b-29adc31df765] Adding new dynamic property: PropertyDescriptor[simple]
[pool-4001-thread-1] INFO org.apache.nifi.processors.standard.RouteText - RouteText[id=fc47b1db-e7ae-450c-887b-29adc31df765] Created FlowFile[3359,96218219003257.mockFlowFile,24B] from FlowFile[3358,96218219003257.mockFlowFile,24B]; routing to relationship simple
[pool-4001-thread-1] INFO org.apache.nifi.processors.standard.RouteText - RouteText[id=fc47b1db-e7ae-450c-887b-29adc31df765] Routing FlowFile[3358,96218219003257.mockFlowFile,24B] to original
[main] DEBUG org.apache.nifi.processors.standard.RouteText - RouteText[id=fc47b1db-e7ae-450c-887b-29adc31df765] Adding new dynamic property: PropertyDescriptor[simple]
[pool-4002-thread-1] INFO org.apache.nifi.processors.standard.RouteText - RouteText[id=fc47b1db-e7ae-450c-887b-29adc31df765] Created FlowFile[3361,96218219559152.mockFlowFile,24B] from FlowFile[3360,96218219559152.mockFlowFile,24B]; routing to relationship simple
[pool-4002-thread-1] INFO org.apache.nifi.processors.standard.RouteText - RouteText[id=fc47b1db-e7ae-450c-887b-29adc31df765] Routing FlowFile[3360,96218219559152.mockFlowFile,24B] to original
[main] DEBUG org.apache.nifi.processors.standard.RouteText - RouteText[id=fc47b1db-e7ae-450c-887b-29adc31df765] Adding new dynamic property: PropertyDescriptor[simple]
[pool-4003-thread-1] INFO org.apache.nifi.processors.standard.RouteText - RouteText[id=fc47b1db-e7ae-450c-887b-29adc31df765] Created FlowFile[3363,96218219998841.mockFlowFile,24B] from FlowFile[3362,96218219998841.mockFlowFile,24B]; routing to relationship simple
[pool-4003-thread-1] INFO org.apache.nifi.processors.standard.RouteText - RouteText[id=fc47b1db-e7ae-450c-887b-29adc31df765] Routing FlowFile[3362,96218219998841.mockFlowFile,24B] to original
[main] DEBUG org.apache.nifi.processors.standard.RouteText - RouteText[id=fc47b1db-e7ae-450c-887b-29adc31df765] Adding new dynamic property: PropertyDescriptor[simple]
[pool-4004-thread-1] INFO org.apache.nifi.processors.standard.RouteText - RouteText[id=fc47b1db-e7ae-450c-887b-29adc31df765] Created FlowFile[3365,96218220666670.mockFlowFile,24B] from FlowFile[3364,96218220666670.mockFlowFile,24B]; routing to relationship simple
[pool-4004-thread-1] INFO org.apache.nifi.processors.standard.RouteText - RouteText[id=fc47b1db-e7ae-450c-887b-29adc31df765] Routing FlowFile[3364,96218220666670.mockFlowFile,24B] to original
[main] DEBUG org.apache.nifi.processors.standard.RouteText - RouteText[id=fc47b1db-e7ae-450c-887b-29adc31df765] Adding new dynamic property: PropertyDescriptor[simple]
[pool-4005-thread-1] INFO org.apache.nifi.processors.standard.RouteText - RouteText[id=fc47b1db-e7ae-450c-887b-29adc31df765] Created FlowFile[3367,96218221235782.mockFlowFile,24B] from FlowFile[3366,96218221235782.mockFlowFile,24B]; routing to relationship simple
[pool-4005-thread-1] INFO org.apache.nifi.processors.standard.RouteText - RouteText[id=fc47b1db-e7ae-450c-887b-29adc31df765] Routing FlowFile[3366,96218221235782.mockFlowFile,24B] to original
[main] DEBUG org.apache.nifi.processors.standard.RouteText - RouteText[id=fc47b1db-e7ae-450c-887b-29adc31df765] Adding new dynamic property: PropertyDescriptor[simple]
[pool-4006-thread-1] INFO org.apache.nifi.processors.standard.RouteText - RouteText[id=fc47b1db-e7ae-450c-887b-29adc31df765] Created FlowFile[3369,96218221729971.mockFlowFile,24B] from FlowFile[3368,96218221729971.mockFlowFile,24B]; routing to relationship simple
[pool-4006-thread-1] INFO org.apache.nifi.processors.standard.RouteText - RouteText[id=fc47b1db-e7ae-450c-887b-29adc31df765] Routing FlowFile[3368,96218221729971.mockFlowFile,24B] to original
[main] DEBUG org.apache.nifi.processors.standard.RouteText - RouteText[id=fc47b1db-e7ae-450c-887b-29adc31df765] Adding new dynamic property: PropertyDescriptor[simple]
[pool-4007-thread-1] INFO org.apache.nifi.processors.standard.RouteText - RouteText[id=fc47b1db-e7ae-450c-887b-29adc31df765] Created FlowFile[3371,96218222174517.mockFlowFile,24B] from FlowFile[3370,96218222174517.mockFlowFile,24B]; routing to relationship simple
[pool-4007-thread-1] INFO org.apache.nifi.processors.standard.RouteText - RouteText[id=fc47b1db-e7ae-450c-887b-29adc31df765] Routing FlowFile[3370,96218222174517.mockFlowFile,24B] to original
[main] DEBUG org.apache.nifi.processors.standard.RouteText - RouteText[id=fc47b1db-e7ae-450c-887b-29adc31df765] Adding new dynamic property: PropertyDescriptor[simple]
[pool-4008-thread-1] INFO org.apache.nifi.processors.standard.RouteText - RouteText[id=fc47b1db-e7ae-450c-887b-29adc31df765] Created FlowFile[3373,96218222605014.mockFlowFile,24B] from FlowFile[3372,96218222605014.mockFlowFile,24B]; routing to relationship simple
[pool-4008-thread-1] INFO org.apache.nifi.processors.standard.RouteText - RouteText[id=fc47b1db-e7ae-450c-887b-29adc31df765] Routing FlowFile[3372,96218222605014.mockFlowFile,24B] to original
[main] DEBUG org.apache.nifi.processors.standard.RouteText - RouteText[id=fc47b1db-e7ae-450c-887b-29adc31df765] Adding new dynamic property: PropertyDescriptor[simple]
[pool-4009-thread-1] INFO org.apache.nifi.processors.standard.RouteText - RouteText[id=fc47b1db-e7ae-450c-887b-29adc31df765] Created FlowFile[3375,96218223037139.mockFlowFile,24B] from FlowFile[3374,96218223037139.mockFlowFile,24B]; routing to relationship simple
[pool-4009-thread-1] INFO org.apache.nifi.processors.standard.RouteText - RouteText[id=fc47b1db-e7ae-450c-887b-29adc31df765] Routing FlowFile[3374,96218223037139.mockFlowFile,24B] to original
[main] DEBUG org.apache.nifi.processors.standard.RouteText - RouteText[id=fc47b1db-e7ae-450c-887b-29adc31df765] Adding new dynamic property: PropertyDescriptor[simple]
[pool-4010-thread-1] INFO org.apache.nifi.processors.standard.RouteText - RouteText[id=fc47b1db-e7ae-450c-887b-29adc31df765] Created FlowFile[3377,96218223442222.mockFlowFile,24B] from FlowFile[3376,96218223442222.mockFlowFile,24B]; routing to relationship simple
[pool-4010-thread-1] INFO org.apache.nifi.processors.standard.RouteText - RouteText[id=fc47b1db-e7ae-450c-887b-29adc31df765] Routing FlowFile[3376,96218223442222.mockFlowFile,24B] to original
[main] DEBUG org.apache.nifi.processors.standard.RouteText - RouteText[id=fc47b1db-e7ae-450c-887b-29adc31df765] Adding new dynamic property: PropertyDescriptor[simple]
[pool-4011-thread-1] INFO org.apache.nifi.processors.standard.RouteText - RouteText[id=fc47b1db-e7ae-450c-887b-29adc31df765] Created FlowFile[3379,96218223831029.mockFlowFile,24B] from FlowFile[3378,96218223831029.mockFlowFile,24B]; routing to relationship simple
[pool-4011-thread-1] INFO org.apache.nifi.processors.standard.RouteText - RouteText[id=fc47b1db-e7ae-450c-887b-29adc31df765] Routing FlowFile[3378,96218223831029.mockFlowFile,24B] to original
[main] DEBUG org.apache.nifi.processors.standard.RouteText - RouteText[id=fc47b1db-e7ae-450c-887b-29adc31df765] Adding new dynamic property: PropertyDescriptor[simple]
[pool-4012-thread-1] INFO org.apache.nifi.processors.standard.RouteText - RouteText[id=fc47b1db-e7ae-450c-887b-29adc31df765] Created FlowFile[3381,96218224293684.mockFlowFile,24B] from FlowFile[3380,96218224293684.mockFlowFile,24B]; routing to relationship simple
[pool-4012-thread-1] INFO org.apache.nifi.processors.standard.RouteText - RouteText[id=fc47b1db-e7ae-450c-887b-29adc31df765] Routing FlowFile[3380,96218224293684.mockFlowFile,24B] to original
[main] DEBUG org.apache.nifi.processors.standard.RouteText - RouteText[id=fc47b1db-e7ae-450c-887b-29adc31df765] Adding new dynamic property: PropertyDescriptor[simple]
[pool-4013-thread-1] INFO org.apache.nifi.processors.standard.RouteText - RouteText[id=fc47b1db-e7ae-450c-887b-29adc31df765] Created FlowFile[3383,96218224761209.mockFlowFile,24B] from FlowFile[3382,96218224761209.mockFlowFile,24B]; routing to relationship simple
[pool-4013-thread-1] INFO org.apache.nifi.processors.standard.RouteText - RouteText[id=fc47b1db-e7ae-450c-887b-29adc31df765] Routing FlowFile[3382,96218224761209.mockFlowFile,24B] to original
[main] DEBUG org.apache.nifi.processors.standard.RouteText - RouteText[id=fc47b1db-e7ae-450c-887b-29adc31df765] Adding new dynamic property: PropertyDescriptor[simple]
[pool-4014-thread-1] INFO org.apache.nifi.processors.standard.RouteText - RouteText[id=fc47b1db-e7ae-450c-887b-29adc31df765] Created FlowFile[3385,96218225210274.mockFlowFile,24B] from FlowFile[3384,96218225210274.mockFlowFile,24B]; routing to relationship simple
[pool-4014-thread-1] INFO org.apache.nifi.processors.standard.RouteText - RouteText[id=fc47b1db-e7ae-450c-887b-29adc31df765] Routing FlowFile[3384,96218225210274.mockFlowFile,24B] to original
[main] DEBUG org.apache.nifi.processors.standard.RouteText - RouteText[id=fc47b1db-e7ae-450c-887b-29adc31df765] Adding new dynamic property: PropertyDescriptor[simple]
[pool-4015-thread-1] INFO org.apache.nifi.processors.standard.RouteText - RouteText[id=fc47b1db-e7ae-450c-887b-29adc31df765] Created FlowFile[3387,96218225571588.mockFlowFile,24B] from FlowFile[3386,96218225571588.mockFlowFile,24B]; routing to relationship simple
[pool-4015-thread-1] INFO org.apache.nifi.processors.standard.RouteText - RouteText[id=fc47b1db-e7ae-450c-887b-29adc31df765] Routing FlowFile[3386,96218225571588.mockFlowFile,24B] to original
[main] DEBUG org.apache.nifi.processors.standard.RouteText - RouteText[id=fc47b1db-e7ae-450c-887b-29adc31df765] Adding new dynamic property: PropertyDescriptor[simple]
[pool-4016-thread-1] INFO org.apache.nifi.processors.standard.RouteText - RouteText[id=fc47b1db-e7ae-450c-887b-29adc31df765] Created FlowFile[3389,96218225918601.mockFlowFile,24B] from FlowFile[3388,96218225918601.mockFlowFile,24B]; routing to relationship simple
[pool-4016-thread-1] INFO org.apache.nifi.processors.standard.RouteText - RouteText[id=fc47b1db-e7ae-450c-887b-29adc31df765] Routing FlowFile[3388,96218225918601.mockFlowFile,24B] to original
[main] DEBUG org.apache.nifi.processors.standard.RouteText - RouteText[id=fc47b1db-e7ae-450c-887b-29adc31df765] Adding new dynamic property: PropertyDescriptor[simple]
[pool-4017-thread-1] INFO org.apache.nifi.processors.standard.RouteText - RouteText[id=fc47b1db-e7ae-450c-887b-29adc31df765] Created FlowFile[3391,96218226426697.mockFlowFile,24B] from FlowFile[3390,96218226426697.mockFlowFile,24B]; routing to relationship simple
[pool-4017-thread-1] INFO org.apache.nifi.processors.standard.RouteText - RouteText[id=fc47b1db-e7ae-450c-887b-29adc31df765] Routing FlowFile[3390,96218226426697.mockFlowFile,24B] to original
[main] DEBUG org.apache.nifi.processors.standard.RouteText - RouteText[id=fc47b1db-e7ae-450c-887b-29adc31df765] Adding new dynamic property: PropertyDescriptor[simple]
[pool-4018-thread-1] INFO org.apache.nifi.processors.standard.RouteText - RouteText[id=fc47b1db-e7ae-450c-887b-29adc31df765] Created FlowFile[3393,96218226820900.mockFlowFile,24B] from FlowFile[3392,96218226820900.mockFlowFile,24B]; routing to relationship simple
[pool-4018-thread-1] INFO org.apache.nifi.processors.standard.RouteText - RouteText[id=fc47b1db-e7ae-450c-887b-29adc31df765] Routing FlowFile[3392,96218226820900.mockFlowFile,24B] to original
[main] DEBUG org.apache.nifi.processors.standard.RouteText - RouteText[id=fc47b1db-e7ae-450c-887b-29adc31df765] Adding new dynamic property: PropertyDescriptor[simple]
[pool-4019-thread-1] INFO org.apache.nifi.processors.standard.RouteText - RouteText[id=fc47b1db-e7ae-450c-887b-29adc31df765] Created FlowFile[3395,96218227281265.mockFlowFile,24B] from FlowFile[3394,96218227281265.mockFlowFile,24B]; routing to relationship simple
[pool-4019-thread-1] INFO org.apache.nifi.processors.standard.RouteText - RouteText[id=fc47b1db-e7ae-450c-887b-29adc31df765] Routing FlowFile[3394,96218227281265.mockFlowFile,24B] to original
[main] DEBUG org.apache.nifi.processors.standard.RouteText - RouteText[id=fc47b1db-e7ae-450c-887b-29adc31df765] Adding new dynamic property: PropertyDescriptor[simple]
[pool-4020-thread-1] INFO org.apache.nifi.processors.standard.RouteText - RouteText[id=fc47b1db-e7ae-450c-887b-29adc31df765] Created FlowFile[3397,96218227762453.mockFlowFile,24B] from FlowFile[3396,96218227762453.mockFlowFile,24B]; routing to relationship simple
[pool-4020-thread-1] INFO org.apache.nifi.processors.standard.RouteText - RouteText[id=fc47b1db-e7ae-450c-887b-29adc31df765] Routing FlowFile[3396,96218227762453.mockFlowFile,24B] to original
[main] DEBUG org.apache.nifi.processors.standard.RouteText - RouteText[id=fc47b1db-e7ae-450c-887b-29adc31df765] Adding new dynamic property: PropertyDescriptor[simple]
[pool-4021-thread-1] INFO org.apache.nifi.processors.standard.RouteText - RouteText[id=fc47b1db-e7ae-450c-887b-29adc31df765] Created FlowFile[3399,96218228168941.mockFlowFile,24B] from FlowFile[3398,96218228168941.mockFlowFile,24B]; routing to relationship simple
[pool-4021-thread-1] INFO org.apache.nifi.processors.standard.RouteText - RouteText[id=fc47b1db-e7ae-450c-887b-29adc31df765] Routing FlowFile[3398,96218228168941.mockFlowFile,24B] to original
[main] DEBUG org.apache.nifi.processors.standard.RouteText - RouteText[id=fc47b1db-e7ae-450c-887b-29adc31df765] Adding new dynamic property: PropertyDescriptor[simple]
[pool-4022-thread-1] INFO org.apache.nifi.processors.standard.RouteText - RouteText[id=fc47b1db-e7ae-450c-887b-29adc31df765] Created FlowFile[3401,96218228642097.mockFlowFile,24B] from FlowFile[3400,96218228642097.mockFlowFile,24B]; routing to relationship simple
[pool-4022-thread-1] INFO org.apache.nifi.processors.standard.RouteText - RouteText[id=fc47b1db-e7ae-450c-887b-29adc31df765] Routing FlowFile[3400,96218228642097.mockFlowFile,24B] to original
[main] DEBUG org.apache.nifi.processors.standard.RouteText - RouteText[id=fc47b1db-e7ae-450c-887b-29adc31df765] Adding new dynamic property: PropertyDescriptor[simple]
[pool-4023-thread-1] INFO org.apache.nifi.processors.standard.RouteText - RouteText[id=fc47b1db-e7ae-450c-887b-29adc31df765] Created FlowFile[3403,96218229114510.mockFlowFile,24B] from FlowFile[3402,96218229114510.mockFlowFile,24B]; routing to relationship simple
[pool-4023-thread-1] INFO org.apache.nifi.processors.standard.RouteText - RouteText[id=fc47b1db-e7ae-450c-887b-29adc31df765] Routing FlowFile[3402,96218229114510.mockFlowFile,24B] to original
[main] DEBUG org.apache.nifi.processors.standard.RouteText - RouteText[id=fc47b1db-e7ae-450c-887b-29adc31df765] Adding new dynamic property: PropertyDescriptor[simple]
[pool-4024-thread-1] INFO org.apache.nifi.processors.standard.RouteText - RouteText[id=fc47b1db-e7ae-450c-887b-29adc31df765] Created FlowFile[3405,96218229494566.mockFlowFile,24B] from FlowFile[3404,96218229494566.mockFlowFile,24B]; routing to relationship simple
[pool-4024-thread-1] INFO org.apache.nifi.processors.standard.RouteText - RouteText[id=fc47b1db-e7ae-450c-887b-29adc31df765] Routing FlowFile[3404,96218229494566.mockFlowFile,24B] to original
[main] DEBUG org.apache.nifi.processors.standard.RouteText - RouteText[id=fc47b1db-e7ae-450c-887b-29adc31df765] Adding new dynamic property: PropertyDescriptor[simple]
[pool-4025-thread-1] INFO org.apache.nifi.processors.standard.RouteText - RouteText[id=fc47b1db-e7ae-450c-887b-29adc31df765] Created FlowFile[3407,96218229959419.mockFlowFile,24B] from FlowFile[3406,96218229959419.mockFlowFile,24B]; routing to relationship simple
[pool-4025-thread-1] INFO org.apache.nifi.processors.standard.RouteText - RouteText[id=fc47b1db-e7ae-450c-887b-29adc31df765] Routing FlowFile[3406,96218229959419.mockFlowFile,24B] to original
[main] DEBUG org.apache.nifi.processors.standard.RouteText - RouteText[id=fc47b1db-e7ae-450c-887b-29adc31df765] Adding new dynamic property: PropertyDescriptor[simple]
[pool-4026-thread-1] INFO org.apache.nifi.processors.standard.RouteText - RouteText[id=fc47b1db-e7ae-450c-887b-29adc31df765] Created FlowFile[3409,96218230395355.mockFlowFile,24B] from FlowFile[3408,96218230395355.mockFlowFile,24B]; routing to relationship simple
[pool-4026-thread-1] INFO org.apache.nifi.processors.standard.RouteText - RouteText[id=fc47b1db-e7ae-450c-887b-29adc31df765] Routing FlowFile[3408,96218230395355.mockFlowFile,24B] to original
[main] DEBUG org.apache.nifi.processors.standard.RouteText - RouteText[id=fc47b1db-e7ae-450c-887b-29adc31df765] Adding new dynamic property: PropertyDescriptor[simple]
[pool-4027-thread-1] INFO org.apache.nifi.processors.standard.RouteText - RouteText[id=fc47b1db-e7ae-450c-887b-29adc31df765] Created FlowFile[3411,96218230822329.mockFlowFile,24B] from FlowFile[3410,96218230822329.mockFlowFile,24B]; routing to relationship simple
[pool-4027-thread-1] INFO org.apache.nifi.processors.standard.RouteText - RouteText[id=fc47b1db-e7ae-450c-887b-29adc31df765] Routing FlowFile[3410,96218230822329.mockFlowFile,24B] to original
[main] DEBUG org.apache.nifi.processors.standard.RouteText - RouteText[id=fc47b1db-e7ae-450c-887b-29adc31df765] Adding new dynamic property: PropertyDescriptor[simple]
[pool-4028-thread-1] INFO org.apache.nifi.processors.standard.RouteText - RouteText[id=fc47b1db-e7ae-450c-887b-29adc31df765] Created FlowFile[3413,96218231279459.mockFlowFile,24B] from FlowFile[3412,96218231279459.mockFlowFile,24B]; routing to relationship simple
[pool-4028-thread-1] INFO org.apache.nifi.processors.standard.RouteText - RouteText[id=fc47b1db-e7ae-450c-887b-29adc31df765] Routing FlowFile[3412,96218231279459.mockFlowFile,24B] to original
[main] DEBUG org.apache.nifi.processors.standard.RouteText - RouteText[id=fc47b1db-e7ae-450c-887b-29adc31df765] Adding new dynamic property: PropertyDescriptor[simple]
[pool-4029-thread-1] INFO org.apache.nifi.processors.standard.RouteText - RouteText[id=fc47b1db-e7ae-450c-887b-29adc31df765] Created FlowFile[3415,96218231733469.mockFlowFile,24B] from FlowFile[3414,96218231733469.mockFlowFile,24B]; routing to relationship simple
[pool-4029-thread-1] INFO org.apache.nifi.processors.standard.RouteText - RouteText[id=fc47b1db-e7ae-450c-887b-29adc31df765] Routing FlowFile[3414,96218231733469.mockFlowFile,24B] to original
[main] DEBUG org.apache.nifi.processors.standard.RouteText - RouteText[id=fc47b1db-e7ae-450c-887b-29adc31df765] Adding new dynamic property: PropertyDescriptor[simple]
[pool-4030-thread-1] INFO org.apache.nifi.processors.standard.RouteText - RouteText[id=fc47b1db-e7ae-450c-887b-29adc31df765] Created FlowFile[3417,96218232112256.mockFlowFile,24B] from FlowFile[3416,96218232112256.mockFlowFile,24B]; routing to relationship simple
[pool-4030-thread-1] INFO org.apache.nifi.processors.standard.RouteText - RouteText[id=fc47b1db-e7ae-450c-887b-29adc31df765] Routing FlowFile[3416,96218232112256.mockFlowFile,24B] to original
[main] DEBUG org.apache.nifi.processors.standard.RouteText - RouteText[id=fc47b1db-e7ae-450c-887b-29adc31df765] Adding new dynamic property: PropertyDescriptor[simple]
[pool-4031-thread-1] INFO org.apache.nifi.processors.standard.RouteText - RouteText[id=fc47b1db-e7ae-450c-887b-29adc31df765] Created FlowFile[3419,96218232614115.mockFlowFile,24B] from FlowFile[3418,96218232614115.mockFlowFile,24B]; routing to relationship simple
[pool-4031-thread-1] INFO org.apache.nifi.processors.standard.RouteText - RouteText[id=fc47b1db-e7ae-450c-887b-29adc31df765] Routing FlowFile[3418,96218232614115.mockFlowFile,24B] to original
[main] DEBUG org.apache.nifi.processors.standard.RouteText - RouteText[id=fc47b1db-e7ae-450c-887b-29adc31df765] Adding new dynamic property: PropertyDescriptor[simple]
[pool-4032-thread-1] INFO org.apache.nifi.processors.standard.RouteText - RouteText[id=fc47b1db-e7ae-450c-887b-29adc31df765] Created FlowFile[3421,96218233118372.mockFlowFile,24B] from FlowFile[3420,96218233118372.mockFlowFile,24B]; routing to relationship simple
[pool-4032-thread-1] INFO org.apache.nifi.processors.standard.RouteText - RouteText[id=fc47b1db-e7ae-450c-887b-29adc31df765] Routing FlowFile[3420,96218233118372.mockFlowFile,24B] to original
[main] DEBUG org.apache.nifi.processors.standard.RouteText - RouteText[id=fc47b1db-e7ae-450c-887b-29adc31df765] Adding new dynamic property: PropertyDescriptor[simple]
[pool-4033-thread-1] INFO org.apache.nifi.processors.standard.RouteText - RouteText[id=fc47b1db-e7ae-450c-887b-29adc31df765] Created FlowFile[3423,96218233613337.mockFlowFile,24B] from FlowFile[3422,96218233613337.mockFlowFile,24B]; routing to relationship simple
[pool-4033-thread-1] INFO org.apache.nifi.processors.standard.RouteText - RouteText[id=fc47b1db-e7ae-450c-887b-29adc31df765] Routing FlowFile[3422,96218233613337.mockFlowFile,24B] to original
[main] DEBUG org.apache.nifi.processors.standard.RouteText - RouteText[id=fc47b1db-e7ae-450c-887b-29adc31df765] Adding new dynamic property: PropertyDescriptor[simple]
[pool-4034-thread-1] INFO org.apache.nifi.processors.standard.RouteText - RouteText[id=fc47b1db-e7ae-450c-887b-29adc31df765] Created FlowFile[3425,96218234109396.mockFlowFile,24B] from FlowFile[3424,96218234109396.mockFlowFile,24B]; routing to relationship simple
[pool-4034-thread-1] INFO org.apache.nifi.processors.standard.RouteText - RouteText[id=fc47b1db-e7ae-450c-887b-29adc31df765] Routing FlowFile[3424,96218234109396.mockFlowFile,24B] to original
[main] DEBUG org.apache.nifi.processors.standard.RouteText - RouteText[id=fc47b1db-e7ae-450c-887b-29adc31df765] Adding new dynamic property: PropertyDescriptor[simple]
[pool-4035-thread-1] INFO org.apache.nifi.processors.standard.RouteText - RouteText[id=fc47b1db-e7ae-450c-887b-29adc31df765] Created FlowFile[3427,96218234480386.mockFlowFile,24B] from FlowFile[3426,96218234480386.mockFlowFile,24B]; routing to relationship simple
[pool-4035-thread-1] INFO org.apache.nifi.processors.standard.RouteText - RouteText[id=fc47b1db-e7ae-450c-887b-29adc31df765] Routing FlowFile[3426,96218234480386.mockFlowFile,24B] to original
[main] DEBUG org.apache.nifi.processors.standard.RouteText - RouteText[id=fc47b1db-e7ae-450c-887b-29adc31df765] Adding new dynamic property: PropertyDescriptor[simple]
[pool-4036-thread-1] INFO org.apache.nifi.processors.standard.RouteText - RouteText[id=fc47b1db-e7ae-450c-887b-29adc31df765] Created FlowFile[3429,96218234845237.mockFlowFile,24B] from FlowFile[3428,96218234845237.mockFlowFile,24B]; routing to relationship simple
[pool-4036-thread-1] INFO org.apache.nifi.processors.standard.RouteText - RouteText[id=fc47b1db-e7ae-450c-887b-29adc31df765] Routing FlowFile[3428,96218234845237.mockFlowFile,24B] to original
[main] DEBUG org.apache.nifi.processors.standard.RouteText - RouteText[id=fc47b1db-e7ae-450c-887b-29adc31df765] Adding new dynamic property: PropertyDescriptor[simple]
[pool-4037-thread-1] INFO org.apache.nifi.processors.standard.RouteText - RouteText[id=fc47b1db-e7ae-450c-887b-29adc31df765] Created FlowFile[3431,96218235332887.mockFlowFile,24B] from FlowFile[3430,96218235332887.mockFlowFile,24B]; routing to relationship simple
[pool-4037-thread-1] INFO org.apache.nifi.processors.standard.RouteText - RouteText[id=fc47b1db-e7ae-450c-887b-29adc31df765] Routing FlowFile[3430,96218235332887.mockFlowFile,24B] to original
[main] DEBUG org.apache.nifi.processors.standard.RouteText - RouteText[id=fc47b1db-e7ae-450c-887b-29adc31df765] Adding new dynamic property: PropertyDescriptor[simple]
[pool-4038-thread-1] INFO org.apache.nifi.processors.standard.RouteText - RouteText[id=fc47b1db-e7ae-450c-887b-29adc31df765] Created FlowFile[3433,96218235806888.mockFlowFile,24B] from FlowFile[3432,96218235806888.mockFlowFile,24B]; routing to relationship simple
[pool-4038-thread-1] INFO org.apache.nifi.processors.standard.RouteText - RouteText[id=fc47b1db-e7ae-450c-887b-29adc31df765] Routing FlowFile[3432,96218235806888.mockFlowFile,24B] to original
[main] DEBUG org.apache.nifi.processors.standard.RouteText - RouteText[id=fc47b1db-e7ae-450c-887b-29adc31df765] Adding new dynamic property: PropertyDescriptor[simple]
[pool-4039-thread-1] INFO org.apache.nifi.processors.standard.RouteText - RouteText[id=fc47b1db-e7ae-450c-887b-29adc31df765] Created FlowFile[3435,96218236291610.mockFlowFile,24B] from FlowFile[3434,96218236291610.mockFlowFile,24B]; routing to relationship simple
[pool-4039-thread-1] INFO org.apache.nifi.processors.standard.RouteText - RouteText[id=fc47b1db-e7ae-450c-887b-29adc31df765] Routing FlowFile[3434,96218236291610.mockFlowFile,24B] to original
[main] DEBUG org.apache.nifi.processors.standard.RouteText - RouteText[id=fc47b1db-e7ae-450c-887b-29adc31df765] Adding new dynamic property: PropertyDescriptor[simple]
[pool-4040-thread-1] INFO org.apache.nifi.processors.standard.RouteText - RouteText[id=fc47b1db-e7ae-450c-887b-29adc31df765] Created FlowFile[3437,96218236782185.mockFlowFile,24B] from FlowFile[3436,96218236782185.mockFlowFile,24B]; routing to relationship simple
[pool-4040-thread-1] INFO org.apache.nifi.processors.standard.RouteText - RouteText[id=fc47b1db-e7ae-450c-887b-29adc31df765] Routing FlowFile[3436,96218236782185.mockFlowFile,24B] to original
[main] DEBUG org.apache.nifi.processors.standard.RouteText - RouteText[id=fc47b1db-e7ae-450c-887b-29adc31df765] Adding new dynamic property: PropertyDescriptor[simple]
[pool-4041-thread-1] INFO org.apache.nifi.processors.standard.RouteText - RouteText[id=fc47b1db-e7ae-450c-887b-29adc31df765] Created FlowFile[3439,96218237241476.mockFlowFile,24B] from FlowFile[3438,96218237241476.mockFlowFile,24B]; routing to relationship simple
[pool-4041-thread-1] INFO org.apache.nifi.processors.standard.RouteText - RouteText[id=fc47b1db-e7ae-450c-887b-29adc31df765] Routing FlowFile[3438,96218237241476.mockFlowFile,24B] to original
[main] DEBUG org.apache.nifi.processors.standard.RouteText - RouteText[id=fc47b1db-e7ae-450c-887b-29adc31df765] Adding new dynamic property: PropertyDescriptor[simple]
[pool-4042-thread-1] INFO org.apache.nifi.processors.standard.RouteText - RouteText[id=fc47b1db-e7ae-450c-887b-29adc31df765] Created FlowFile[3441,96218237709348.mockFlowFile,24B] from FlowFile[3440,96218237709348.mockFlowFile,24B]; routing to relationship simple
[pool-4042-thread-1] INFO org.apache.nifi.processors.standard.RouteText - RouteText[id=fc47b1db-e7ae-450c-887b-29adc31df765] Routing FlowFile[3440,96218237709348.mockFlowFile,24B] to original
[main] DEBUG org.apache.nifi.processors.standard.RouteText - RouteText[id=fc47b1db-e7ae-450c-887b-29adc31df765] Adding new dynamic property: PropertyDescriptor[simple]
[pool-4043-thread-1] INFO org.apache.nifi.processors.standard.RouteText - RouteText[id=fc47b1db-e7ae-450c-887b-29adc31df765] Created FlowFile[3443,96218238065601.mockFlowFile,24B] from FlowFile[3442,96218238065601.mockFlowFile,24B]; routing to relationship simple
[pool-4043-thread-1] INFO org.apache.nifi.processors.standard.RouteText - RouteText[id=fc47b1db-e7ae-450c-887b-29adc31df765] Routing FlowFile[3442,96218238065601.mockFlowFile,24B] to original
[main] DEBUG org.apache.nifi.processors.standard.RouteText - RouteText[id=fc47b1db-e7ae-450c-887b-29adc31df765] Adding new dynamic property: PropertyDescriptor[simple]
[pool-4044-thread-1] INFO org.apache.nifi.processors.standard.RouteText - RouteText[id=fc47b1db-e7ae-450c-887b-29adc31df765] Created FlowFile[3445,96218238440631.mockFlowFile,24B] from FlowFile[3444,96218238440631.mockFlowFile,24B]; routing to relationship simple
[pool-4044-thread-1] INFO org.apache.nifi.processors.standard.RouteText - RouteText[id=fc47b1db-e7ae-450c-887b-29adc31df765] Routing FlowFile[3444,96218238440631.mockFlowFile,24B] to original
[main] DEBUG org.apache.nifi.processors.standard.RouteText - RouteText[id=fc47b1db-e7ae-450c-887b-29adc31df765] Adding new dynamic property: PropertyDescriptor[simple]
[pool-4045-thread-1] INFO org.apache.nifi.processors.standard.RouteText - RouteText[id=fc47b1db-e7ae-450c-887b-29adc31df765] Created FlowFile[3447,96218239005162.mockFlowFile,24B] from FlowFile[3446,96218239005162.mockFlowFile,24B]; routing to relationship simple
[pool-4045-thread-1] INFO org.apache.nifi.processors.standard.RouteText - RouteText[id=fc47b1db-e7ae-450c-887b-29adc31df765] Routing FlowFile[3446,96218239005162.mockFlowFile,24B] to original
[main] DEBUG org.apache.nifi.processors.standard.RouteText - RouteText[id=fc47b1db-e7ae-450c-887b-29adc31df765] Adding new dynamic property: PropertyDescriptor[simple]
[pool-4046-thread-1] INFO org.apache.nifi.processors.standard.RouteText - RouteText[id=fc47b1db-e7ae-450c-887b-29adc31df765] Created FlowFile[3449,96218239508591.mockFlowFile,24B] from FlowFile[3448,96218239508591.mockFlowFile,24B]; routing to relationship simple
[pool-4046-thread-1] INFO org.apache.nifi.processors.standard.RouteText - RouteText[id=fc47b1db-e7ae-450c-887b-29adc31df765] Routing FlowFile[3448,96218239508591.mockFlowFile,24B] to original
[main] DEBUG org.apache.nifi.processors.standard.RouteText - RouteText[id=fc47b1db-e7ae-450c-887b-29adc31df765] Adding new dynamic property: PropertyDescriptor[simple]
[pool-4047-thread-1] INFO org.apache.nifi.processors.standard.RouteText - RouteText[id=fc47b1db-e7ae-450c-887b-29adc31df765] Created FlowFile[3451,96218240011248.mockFlowFile,24B] from FlowFile[3450,96218240011248.mockFlowFile,24B]; routing to relationship simple
[pool-4047-thread-1] INFO org.apache.nifi.processors.standard.RouteText - RouteText[id=fc47b1db-e7ae-450c-887b-29adc31df765] Routing FlowFile[3450,96218240011248.mockFlowFile,24B] to original
[main] DEBUG org.apache.nifi.processors.standard.RouteText - RouteText[id=fc47b1db-e7ae-450c-887b-29adc31df765] Adding new dynamic property: PropertyDescriptor[simple]
[pool-4048-thread-1] INFO org.apache.nifi.processors.standard.RouteText - RouteText[id=fc47b1db-e7ae-450c-887b-29adc31df765] Created FlowFile[3453,96218240492463.mockFlowFile,24B] from FlowFile[3452,96218240492463.mockFlowFile,24B]; routing to relationship simple
[pool-4048-thread-1] INFO org.apache.nifi.processors.standard.RouteText - RouteText[id=fc47b1db-e7ae-450c-887b-29adc31df765] Routing FlowFile[3452,96218240492463.mockFlowFile,24B] to original
[main] DEBUG org.apache.nifi.processors.standard.RouteText - RouteText[id=fc47b1db-e7ae-450c-887b-29adc31df765] Adding new dynamic property: PropertyDescriptor[simple]
[pool-4049-thread-1] INFO org.apache.nifi.processors.standard.RouteText - RouteText[id=fc47b1db-e7ae-450c-887b-29adc31df765] Created FlowFile[3455,96218241047648.mockFlowFile,24B] from FlowFile[3454,96218241047648.mockFlowFile,24B]; routing to relationship simple
[pool-4049-thread-1] INFO org.apache.nifi.processors.standard.RouteText - RouteText[id=fc47b1db-e7ae-450c-887b-29adc31df765] Routing FlowFile[3454,96218241047648.mockFlowFile,24B] to original
[main] DEBUG org.apache.nifi.processors.standard.RouteText - RouteText[id=fc47b1db-e7ae-450c-887b-29adc31df765] Adding new dynamic property: PropertyDescriptor[simple]
[pool-4050-thread-1] INFO org.apache.nifi.processors.standard.RouteText - RouteText[id=fc47b1db-e7ae-450c-887b-29adc31df765] Created FlowFile[3457,96218241655203.mockFlowFile,24B] from FlowFile[3456,96218241655203.mockFlowFile,24B]; routing to relationship simple
[pool-4050-thread-1] INFO org.apache.nifi.processors.standard.RouteText - RouteText[id=fc47b1db-e7ae-450c-887b-29adc31df765] Routing FlowFile[3456,96218241655203.mockFlowFile,24B] to original
[main] DEBUG org.apache.nifi.processors.standard.RouteText - RouteText[id=fc47b1db-e7ae-450c-887b-29adc31df765] Adding new dynamic property: PropertyDescriptor[simple]
[pool-4051-thread-1] INFO org.apache.nifi.processors.standard.RouteText - RouteText[id=fc47b1db-e7ae-450c-887b-29adc31df765] Created FlowFile[3459,96218242147610.mockFlowFile,24B] from FlowFile[3458,96218242147610.mockFlowFile,24B]; routing to relationship simple
[pool-4051-thread-1] INFO org.apache.nifi.processors.standard.RouteText - RouteText[id=fc47b1db-e7ae-450c-887b-29adc31df765] Routing FlowFile[3458,96218242147610.mockFlowFile,24B] to original
[main] DEBUG org.apache.nifi.processors.standard.RouteText - RouteText[id=fc47b1db-e7ae-450c-887b-29adc31df765] Adding new dynamic property: PropertyDescriptor[simple]
[pool-4052-thread-1] INFO org.apache.nifi.processors.standard.RouteText - RouteText[id=fc47b1db-e7ae-450c-887b-29adc31df765] Created FlowFile[3461,96218242524825.mockFlowFile,24B] from FlowFile[3460,96218242524825.mockFlowFile,24B]; routing to relationship simple
[pool-4052-thread-1] INFO org.apache.nifi.processors.standard.RouteText - RouteText[id=fc47b1db-e7ae-450c-887b-29adc31df765] Routing FlowFile[3460,96218242524825.mockFlowFile,24B] to original
[main] DEBUG org.apache.nifi.processors.standard.RouteText - RouteText[id=fc47b1db-e7ae-450c-887b-29adc31df765] Adding new dynamic property: PropertyDescriptor[simple]
[pool-4053-thread-1] INFO org.apache.nifi.processors.standard.RouteText - RouteText[id=fc47b1db-e7ae-450c-887b-29adc31df765] Created FlowFile[3463,96218242893746.mockFlowFile,24B] from FlowFile[3462,96218242893746.mockFlowFile,24B]; routing to relationship simple
[pool-4053-thread-1] INFO org.apache.nifi.processors.standard.RouteText - RouteText[id=fc47b1db-e7ae-450c-887b-29adc31df765] Routing FlowFile[3462,96218242893746.mockFlowFile,24B] to original
[main] DEBUG org.apache.nifi.processors.standard.RouteText - RouteText[id=fc47b1db-e7ae-450c-887b-29adc31df765] Adding new dynamic property: PropertyDescriptor[simple]
[pool-4054-thread-1] INFO org.apache.nifi.processors.standard.RouteText - RouteText[id=fc47b1db-e7ae-450c-887b-29adc31df765] Created FlowFile[3465,96218243350233.mockFlowFile,24B] from FlowFile[3464,96218243350233.mockFlowFile,24B]; routing to relationship simple
[pool-4054-thread-1] INFO org.apache.nifi.processors.standard.RouteText - RouteText[id=fc47b1db-e7ae-450c-887b-29adc31df765] Routing FlowFile[3464,96218243350233.mockFlowFile,24B] to original
[main] DEBUG org.apache.nifi.processors.standard.RouteText - RouteText[id=fc47b1db-e7ae-450c-887b-29adc31df765] Adding new dynamic property: PropertyDescriptor[simple]
[pool-4055-thread-1] INFO org.apache.nifi.processors.standard.RouteText - RouteText[id=fc47b1db-e7ae-450c-887b-29adc31df765] Created FlowFile[3467,96218243831548.mockFlowFile,24B] from FlowFile[3466,96218243831548.mockFlowFile,24B]; routing to relationship simple
[pool-4055-thread-1] INFO org.apache.nifi.processors.standard.RouteText - RouteText[id=fc47b1db-e7ae-450c-887b-29adc31df765] Routing FlowFile[3466,96218243831548.mockFlowFile,24B] to original
[main] DEBUG org.apache.nifi.processors.standard.RouteText - RouteText[id=fc47b1db-e7ae-450c-887b-29adc31df765] Adding new dynamic property: PropertyDescriptor[simple]
[pool-4056-thread-1] INFO org.apache.nifi.processors.standard.RouteText - RouteText[id=fc47b1db-e7ae-450c-887b-29adc31df765] Created FlowFile[3469,96218244303879.mockFlowFile,24B] from FlowFile[3468,96218244303879.mockFlowFile,24B]; routing to relationship simple
[pool-4056-thread-1] INFO org.apache.nifi.processors.standard.RouteText - RouteText[id=fc47b1db-e7ae-450c-887b-29adc31df765] Routing FlowFile[3468,96218244303879.mockFlowFile,24B] to original
[main] DEBUG org.apache.nifi.processors.standard.RouteText - RouteText[id=fc47b1db-e7ae-450c-887b-29adc31df765] Adding new dynamic property: PropertyDescriptor[simple]
[pool-4057-thread-1] INFO org.apache.nifi.processors.standard.RouteText - RouteText[id=fc47b1db-e7ae-450c-887b-29adc31df765] Created FlowFile[3471,96218244824595.mockFlowFile,24B] from FlowFile[3470,96218244824595.mockFlowFile,24B]; routing to relationship simple
[pool-4057-thread-1] INFO org.apache.nifi.processors.standard.RouteText - RouteText[id=fc47b1db-e7ae-450c-887b-29adc31df765] Routing FlowFile[3470,96218244824595.mockFlowFile,24B] to original
[main] DEBUG org.apache.nifi.processors.standard.RouteText - RouteText[id=fc47b1db-e7ae-450c-887b-29adc31df765] Adding new dynamic property: PropertyDescriptor[simple]
[pool-4058-thread-1] INFO org.apache.nifi.processors.standard.RouteText - RouteText[id=fc47b1db-e7ae-450c-887b-29adc31df765] Created FlowFile[3473,96218245336175.mockFlowFile,24B] from FlowFile[3472,96218245336175.mockFlowFile,24B]; routing to relationship simple
[pool-4058-thread-1] INFO org.apache.nifi.processors.standard.RouteText - RouteText[id=fc47b1db-e7ae-450c-887b-29adc31df765] Routing FlowFile[3472,96218245336175.mockFlowFile,24B] to original
[main] DEBUG org.apache.nifi.processors.standard.RouteText - RouteText[id=fc47b1db-e7ae-450c-887b-29adc31df765] Adding new dynamic property: PropertyDescriptor[simple]
[pool-4059-thread-1] INFO org.apache.nifi.processors.standard.RouteText - RouteText[id=fc47b1db-e7ae-450c-887b-29adc31df765] Created FlowFile[3475,96218245804802.mockFlowFile,24B] from FlowFile[3474,96218245804802.mockFlowFile,24B]; routing to relationship simple
[pool-4059-thread-1] INFO org.apache.nifi.processors.standard.RouteText - RouteText[id=fc47b1db-e7ae-450c-887b-29adc31df765] Routing FlowFile[3474,96218245804802.mockFlowFile,24B] to original
[main] DEBUG org.apache.nifi.processors.standard.RouteText - RouteText[id=fc47b1db-e7ae-450c-887b-29adc31df765] Adding new dynamic property: PropertyDescriptor[simple]
[pool-4060-thread-1] INFO org.apache.nifi.processors.standard.RouteText - RouteText[id=fc47b1db-e7ae-450c-887b-29adc31df765] Created FlowFile[3477,96218246171640.mockFlowFile,24B] from FlowFile[3476,96218246171640.mockFlowFile,24B]; routing to relationship simple
[pool-4060-thread-1] INFO org.apache.nifi.processors.standard.RouteText - RouteText[id=fc47b1db-e7ae-450c-887b-29adc31df765] Routing FlowFile[3476,96218246171640.mockFlowFile,24B] to original
[main] DEBUG org.apache.nifi.processors.standard.RouteText - RouteText[id=fc47b1db-e7ae-450c-887b-29adc31df765] Adding new dynamic property: PropertyDescriptor[simple]
[pool-4061-thread-1] INFO org.apache.nifi.processors.standard.RouteText - RouteText[id=fc47b1db-e7ae-450c-887b-29adc31df765] Created FlowFile[3479,96218246530890.mockFlowFile,24B] from FlowFile[3478,96218246530890.mockFlowFile,24B]; routing to relationship simple
[pool-4061-thread-1] INFO org.apache.nifi.processors.standard.RouteText - RouteText[id=fc47b1db-e7ae-450c-887b-29adc31df765] Routing FlowFile[3478,96218246530890.mockFlowFile,24B] to original
[main] DEBUG org.apache.nifi.processors.standard.RouteText - RouteText[id=fc47b1db-e7ae-450c-887b-29adc31df765] Adding new dynamic property: PropertyDescriptor[simple]
[pool-4062-thread-1] INFO org.apache.nifi.processors.standard.RouteText - RouteText[id=fc47b1db-e7ae-450c-887b-29adc31df765] Created FlowFile[3481,96218246898256.mockFlowFile,24B] from FlowFile[3480,96218246898256.mockFlowFile,24B]; routing to relationship simple
[pool-4062-thread-1] INFO org.apache.nifi.processors.standard.RouteText - RouteText[id=fc47b1db-e7ae-450c-887b-29adc31df765] Routing FlowFile[3480,96218246898256.mockFlowFile,24B] to original
[main] DEBUG org.apache.nifi.processors.standard.RouteText - RouteText[id=fc47b1db-e7ae-450c-887b-29adc31df765] Adding new dynamic property: PropertyDescriptor[simple]
[pool-4063-thread-1] INFO org.apache.nifi.processors.standard.RouteText - RouteText[id=fc47b1db-e7ae-450c-887b-29adc31df765] Created FlowFile[3483,96218247385695.mockFlowFile,24B] from FlowFile[3482,96218247385695.mockFlowFile,24B]; routing to relationship simple
[pool-4063-thread-1] INFO org.apache.nifi.processors.standard.RouteText - RouteText[id=fc47b1db-e7ae-450c-887b-29adc31df765] Routing FlowFile[3482,96218247385695.mockFlowFile,24B] to original
[main] DEBUG org.apache.nifi.processors.standard.RouteText - RouteText[id=fc47b1db-e7ae-450c-887b-29adc31df765] Adding new dynamic property: PropertyDescriptor[simple]
[pool-4064-thread-1] INFO org.apache.nifi.processors.standard.RouteText - RouteText[id=fc47b1db-e7ae-450c-887b-29adc31df765] Created FlowFile[3485,96218247755733.mockFlowFile,24B] from FlowFile[3484,96218247755733.mockFlowFile,24B]; routing to relationship simple
[pool-4064-thread-1] INFO org.apache.nifi.processors.standard.RouteText - RouteText[id=fc47b1db-e7ae-450c-887b-29adc31df765] Routing FlowFile[3484,96218247755733.mockFlowFile,24B] to original
[main] DEBUG org.apache.nifi.processors.standard.RouteText - RouteText[id=fc47b1db-e7ae-450c-887b-29adc31df765] Adding new dynamic property: PropertyDescriptor[simple]
[pool-4065-thread-1] INFO org.apache.nifi.processors.standard.RouteText - RouteText[id=fc47b1db-e7ae-450c-887b-29adc31df765] Created FlowFile[3487,96218248112508.mockFlowFile,24B] from FlowFile[3486,96218248112508.mockFlowFile,24B]; routing to relationship simple
[pool-4065-thread-1] INFO org.apache.nifi.processors.standard.RouteText - RouteText[id=fc47b1db-e7ae-450c-887b-29adc31df765] Routing FlowFile[3486,96218248112508.mockFlowFile,24B] to original
[main] DEBUG org.apache.nifi.processors.standard.RouteText - RouteText[id=fc47b1db-e7ae-450c-887b-29adc31df765] Adding new dynamic property: PropertyDescriptor[simple]
[pool-4066-thread-1] INFO org.apache.nifi.processors.standard.RouteText - RouteText[id=fc47b1db-e7ae-450c-887b-29adc31df765] Created FlowFile[3489,96218248562665.mockFlowFile,24B] from FlowFile[3488,96218248562665.mockFlowFile,24B]; routing to relationship simple
[pool-4066-thread-1] INFO org.apache.nifi.processors.standard.RouteText - RouteText[id=fc47b1db-e7ae-450c-887b-29adc31df765] Routing FlowFile[3488,96218248562665.mockFlowFile,24B] to original
[main] DEBUG org.apache.nifi.processors.standard.RouteText - RouteText[id=fc47b1db-e7ae-450c-887b-29adc31df765] Adding new dynamic property: PropertyDescriptor[simple]
[pool-4067-thread-1] INFO org.apache.nifi.processors.standard.RouteText - RouteText[id=fc47b1db-e7ae-450c-887b-29adc31df765] Created FlowFile[3491,96218248907600.mockFlowFile,24B] from FlowFile[3490,96218248907600.mockFlowFile,24B]; routing to relationship simple
[pool-4067-thread-1] INFO org.apache.nifi.processors.standard.RouteText - RouteText[id=fc47b1db-e7ae-450c-887b-29adc31df765] Routing FlowFile[3490,96218248907600.mockFlowFile,24B] to original
[main] DEBUG org.apache.nifi.processors.standard.RouteText - RouteText[id=fc47b1db-e7ae-450c-887b-29adc31df765] Adding new dynamic property: PropertyDescriptor[simple]
[pool-4068-thread-1] INFO org.apache.nifi.processors.standard.RouteText - RouteText[id=fc47b1db-e7ae-450c-887b-29adc31df765] Created FlowFile[3493,96218249242662.mockFlowFile,24B] from FlowFile[3492,96218249242662.mockFlowFile,24B]; routing to relationship simple
[pool-4068-thread-1] INFO org.apache.nifi.processors.standard.RouteText - RouteText[id=fc47b1db-e7ae-450c-887b-29adc31df765] Routing FlowFile[3492,96218249242662.mockFlowFile,24B] to original
[main] DEBUG org.apache.nifi.processors.standard.RouteText - RouteText[id=fc47b1db-e7ae-450c-887b-29adc31df765] Adding new dynamic property: PropertyDescriptor[simple]
[pool-4069-thread-1] INFO org.apache.nifi.processors.standard.RouteText - RouteText[id=fc47b1db-e7ae-450c-887b-29adc31df765] Created FlowFile[3495,96218249592567.mockFlowFile,24B] from FlowFile[3494,96218249592567.mockFlowFile,24B]; routing to relationship simple
[pool-4069-thread-1] INFO org.apache.nifi.processors.standard.RouteText - RouteText[id=fc47b1db-e7ae-450c-887b-29adc31df765] Routing FlowFile[3494,96218249592567.mockFlowFile,24B] to original
[main] DEBUG org.apache.nifi.processors.standard.RouteText - RouteText[id=fc47b1db-e7ae-450c-887b-29adc31df765] Adding new dynamic property: PropertyDescriptor[simple]
[pool-4070-thread-1] INFO org.apache.nifi.processors.standard.RouteText - RouteText[id=fc47b1db-e7ae-450c-887b-29adc31df765] Created FlowFile[3497,96218250035839.mockFlowFile,24B] from FlowFile[3496,96218250035839.mockFlowFile,24B]; routing to relationship simple
[pool-4070-thread-1] INFO org.apache.nifi.processors.standard.RouteText - RouteText[id=fc47b1db-e7ae-450c-887b-29adc31df765] Routing FlowFile[3496,96218250035839.mockFlowFile,24B] to original
[main] DEBUG org.apache.nifi.processors.standard.RouteText - RouteText[id=fc47b1db-e7ae-450c-887b-29adc31df765] Adding new dynamic property: PropertyDescriptor[simple]
[pool-4071-thread-1] INFO org.apache.nifi.processors.standard.RouteText - RouteText[id=fc47b1db-e7ae-450c-887b-29adc31df765] Created FlowFile[3499,96218250490216.mockFlowFile,24B] from FlowFile[3498,96218250490216.mockFlowFile,24B]; routing to relationship simple
[pool-4071-thread-1] INFO org.apache.nifi.processors.standard.RouteText - RouteText[id=fc47b1db-e7ae-450c-887b-29adc31df765] Routing FlowFile[3498,96218250490216.mockFlowFile,24B] to original
[main] DEBUG org.apache.nifi.processors.standard.RouteText - RouteText[id=fc47b1db-e7ae-450c-887b-29adc31df765] Adding new dynamic property: PropertyDescriptor[simple]
[pool-4072-thread-1] INFO org.apache.nifi.processors.standard.RouteText - RouteText[id=fc47b1db-e7ae-450c-887b-29adc31df765] Created FlowFile[3501,96218250886945.mockFlowFile,24B] from FlowFile[3500,96218250886945.mockFlowFile,24B]; routing to relationship simple
[pool-4072-thread-1] INFO org.apache.nifi.processors.standard.RouteText - RouteText[id=fc47b1db-e7ae-450c-887b-29adc31df765] Routing FlowFile[3500,96218250886945.mockFlowFile,24B] to original
[main] DEBUG org.apache.nifi.processors.standard.RouteText - RouteText[id=fc47b1db-e7ae-450c-887b-29adc31df765] Adding new dynamic property: PropertyDescriptor[simple]
[pool-4073-thread-1] INFO org.apache.nifi.processors.standard.RouteText - RouteText[id=fc47b1db-e7ae-450c-887b-29adc31df765] Created FlowFile[3503,96218251352024.mockFlowFile,24B] from FlowFile[3502,96218251352024.mockFlowFile,24B]; routing to relationship simple
[pool-4073-thread-1] INFO org.apache.nifi.processors.standard.RouteText - RouteText[id=fc47b1db-e7ae-450c-887b-29adc31df765] Routing FlowFile[3502,96218251352024.mockFlowFile,24B] to original
[main] DEBUG org.apache.nifi.processors.standard.RouteText - RouteText[id=fc47b1db-e7ae-450c-887b-29adc31df765] Adding new dynamic property: PropertyDescriptor[simple]
[pool-4074-thread-1] INFO org.apache.nifi.processors.standard.RouteText - RouteText[id=fc47b1db-e7ae-450c-887b-29adc31df765] Created FlowFile[3505,96218251834849.mockFlowFile,24B] from FlowFile[3504,96218251834849.mockFlowFile,24B]; routing to relationship simple
[pool-4074-thread-1] INFO org.apache.nifi.processors.standard.RouteText - RouteText[id=fc47b1db-e7ae-450c-887b-29adc31df765] Routing FlowFile[3504,96218251834849.mockFlowFile,24B] to original
[main] DEBUG org.apache.nifi.processors.standard.RouteText - RouteText[id=fc47b1db-e7ae-450c-887b-29adc31df765] Adding new dynamic property: PropertyDescriptor[simple]
[pool-4075-thread-1] INFO org.apache.nifi.processors.standard.RouteText - RouteText[id=fc47b1db-e7ae-450c-887b-29adc31df765] Created FlowFile[3507,96218252370228.mockFlowFile,24B] from FlowFile[3506,96218252370228.mockFlowFile,24B]; routing to relationship simple
[pool-4075-thread-1] INFO org.apache.nifi.processors.standard.RouteText - RouteText[id=fc47b1db-e7ae-450c-887b-29adc31df765] Routing FlowFile[3506,96218252370228.mockFlowFile,24B] to original
[main] DEBUG org.apache.nifi.processors.standard.RouteText - RouteText[id=fc47b1db-e7ae-450c-887b-29adc31df765] Adding new dynamic property: PropertyDescriptor[simple]
[pool-4076-thread-1] INFO org.apache.nifi.processors.standard.RouteText - RouteText[id=fc47b1db-e7ae-450c-887b-29adc31df765] Created FlowFile[3509,96218252864410.mockFlowFile,24B] from FlowFile[3508,96218252864410.mockFlowFile,24B]; routing to relationship simple
[pool-4076-thread-1] INFO org.apache.nifi.processors.standard.RouteText - RouteText[id=fc47b1db-e7ae-450c-887b-29adc31df765] Routing FlowFile[3508,96218252864410.mockFlowFile,24B] to original
[main] DEBUG org.apache.nifi.processors.standard.RouteText - RouteText[id=fc47b1db-e7ae-450c-887b-29adc31df765] Adding new dynamic property: PropertyDescriptor[simple]
[pool-4077-thread-1] INFO org.apache.nifi.processors.standard.RouteText - RouteText[id=fc47b1db-e7ae-450c-887b-29adc31df765] Created FlowFile[3511,96218253336638.mockFlowFile,24B] from FlowFile[3510,96218253336638.mockFlowFile,24B]; routing to relationship simple
[pool-4077-thread-1] INFO org.apache.nifi.processors.standard.RouteText - RouteText[id=fc47b1db-e7ae-450c-887b-29adc31df765] Routing FlowFile[3510,96218253336638.mockFlowFile,24B] to original
[main] DEBUG org.apache.nifi.processors.standard.RouteText - RouteText[id=fc47b1db-e7ae-450c-887b-29adc31df765] Adding new dynamic property: PropertyDescriptor[simple]
[pool-4078-thread-1] INFO org.apache.nifi.processors.standard.RouteText - RouteText[id=fc47b1db-e7ae-450c-887b-29adc31df765] Created FlowFile[3513,96218253790307.mockFlowFile,24B] from FlowFile[3512,96218253790307.mockFlowFile,24B]; routing to relationship simple
[pool-4078-thread-1] INFO org.apache.nifi.processors.standard.RouteText - RouteText[id=fc47b1db-e7ae-450c-887b-29adc31df765] Routing FlowFile[3512,96218253790307.mockFlowFile,24B] to original
[main] DEBUG org.apache.nifi.processors.standard.RouteText - RouteText[id=fc47b1db-e7ae-450c-887b-29adc31df765] Adding new dynamic property: PropertyDescriptor[simple]
[pool-4079-thread-1] INFO org.apache.nifi.processors.standard.RouteText - RouteText[id=fc47b1db-e7ae-450c-887b-29adc31df765] Created FlowFile[3515,96218254160689.mockFlowFile,24B] from FlowFile[3514,96218254160689.mockFlowFile,24B]; routing to relationship simple
[pool-4079-thread-1] INFO org.apache.nifi.processors.standard.RouteText - RouteText[id=fc47b1db-e7ae-450c-887b-29adc31df765] Routing FlowFile[3514,96218254160689.mockFlowFile,24B] to original
[main] DEBUG org.apache.nifi.processors.standard.RouteText - RouteText[id=fc47b1db-e7ae-450c-887b-29adc31df765] Adding new dynamic property: PropertyDescriptor[simple]
[pool-4080-thread-1] INFO org.apache.nifi.processors.standard.RouteText - RouteText[id=fc47b1db-e7ae-450c-887b-29adc31df765] Created FlowFile[3517,96218254550182.mockFlowFile,24B] from FlowFile[3516,96218254550182.mockFlowFile,24B]; routing to relationship simple
[pool-4080-thread-1] INFO org.apache.nifi.processors.standard.RouteText - RouteText[id=fc47b1db-e7ae-450c-887b-29adc31df765] Routing FlowFile[3516,96218254550182.mockFlowFile,24B] to original
[main] DEBUG org.apache.nifi.processors.standard.RouteText - RouteText[id=fc47b1db-e7ae-450c-887b-29adc31df765] Adding new dynamic property: PropertyDescriptor[simple]
[pool-4081-thread-1] INFO org.apache.nifi.processors.standard.RouteText - RouteText[id=fc47b1db-e7ae-450c-887b-29adc31df765] Created FlowFile[3519,96218254908047.mockFlowFile,24B] from FlowFile[3518,96218254908047.mockFlowFile,24B]; routing to relationship simple
[pool-4081-thread-1] INFO org.apache.nifi.processors.standard.RouteText - RouteText[id=fc47b1db-e7ae-450c-887b-29adc31df765] Routing FlowFile[3518,96218254908047.mockFlowFile,24B] to original
[main] DEBUG org.apache.nifi.processors.standard.RouteText - RouteText[id=fc47b1db-e7ae-450c-887b-29adc31df765] Adding new dynamic property: PropertyDescriptor[simple]
[pool-4082-thread-1] INFO org.apache.nifi.processors.standard.RouteText - RouteText[id=fc47b1db-e7ae-450c-887b-29adc31df765] Created FlowFile[3521,96218255370758.mockFlowFile,24B] from FlowFile[3520,96218255370758.mockFlowFile,24B]; routing to relationship simple
[pool-4082-thread-1] INFO org.apache.nifi.processors.standard.RouteText - RouteText[id=fc47b1db-e7ae-450c-887b-29adc31df765] Routing FlowFile[3520,96218255370758.mockFlowFile,24B] to original
[main] DEBUG org.apache.nifi.processors.standard.RouteText - RouteText[id=fc47b1db-e7ae-450c-887b-29adc31df765] Adding new dynamic property: PropertyDescriptor[simple]
[pool-4083-thread-1] INFO org.apache.nifi.processors.standard.RouteText - RouteText[id=fc47b1db-e7ae-450c-887b-29adc31df765] Created FlowFile[3523,96218255831589.mockFlowFile,24B] from FlowFile[3522,96218255831589.mockFlowFile,24B]; routing to relationship simple
[pool-4083-thread-1] INFO org.apache.nifi.processors.standard.RouteText - RouteText[id=fc47b1db-e7ae-450c-887b-29adc31df765] Routing FlowFile[3522,96218255831589.mockFlowFile,24B] to original
[main] DEBUG org.apache.nifi.processors.standard.RouteText - RouteText[id=fc47b1db-e7ae-450c-887b-29adc31df765] Adding new dynamic property: PropertyDescriptor[simple]
[pool-4084-thread-1] INFO org.apache.nifi.processors.standard.RouteText - RouteText[id=fc47b1db-e7ae-450c-887b-29adc31df765] Created FlowFile[3525,96218256251698.mockFlowFile,24B] from FlowFile[3524,96218256251698.mockFlowFile,24B]; routing to relationship simple
[pool-4084-thread-1] INFO org.apache.nifi.processors.standard.RouteText - RouteText[id=fc47b1db-e7ae-450c-887b-29adc31df765] Routing FlowFile[3524,96218256251698.mockFlowFile,24B] to original
[main] DEBUG org.apache.nifi.processors.standard.RouteText - RouteText[id=fc47b1db-e7ae-450c-887b-29adc31df765] Adding new dynamic property: PropertyDescriptor[simple]
[pool-4085-thread-1] INFO org.apache.nifi.processors.standard.RouteText - RouteText[id=fc47b1db-e7ae-450c-887b-29adc31df765] Created FlowFile[3527,96218256720490.mockFlowFile,24B] from FlowFile[3526,96218256720490.mockFlowFile,24B]; routing to relationship simple
[pool-4085-thread-1] INFO org.apache.nifi.processors.standard.RouteText - RouteText[id=fc47b1db-e7ae-450c-887b-29adc31df765] Routing FlowFile[3526,96218256720490.mockFlowFile,24B] to original
[main] DEBUG org.apache.nifi.processors.standard.RouteText - RouteText[id=fc47b1db-e7ae-450c-887b-29adc31df765] Adding new dynamic property: PropertyDescriptor[simple]
[pool-4086-thread-1] INFO org.apache.nifi.processors.standard.RouteText - RouteText[id=fc47b1db-e7ae-450c-887b-29adc31df765] Created FlowFile[3529,96218257152185.mockFlowFile,24B] from FlowFile[3528,96218257152185.mockFlowFile,24B]; routing to relationship simple
[pool-4086-thread-1] INFO org.apache.nifi.processors.standard.RouteText - RouteText[id=fc47b1db-e7ae-450c-887b-29adc31df765] Routing FlowFile[3528,96218257152185.mockFlowFile,24B] to original
[main] DEBUG org.apache.nifi.processors.standard.RouteText - RouteText[id=fc47b1db-e7ae-450c-887b-29adc31df765] Adding new dynamic property: PropertyDescriptor[simple]
[pool-4087-thread-1] INFO org.apache.nifi.processors.standard.RouteText - RouteText[id=fc47b1db-e7ae-450c-887b-29adc31df765] Created FlowFile[3531,96218257520817.mockFlowFile,24B] from FlowFile[3530,96218257520817.mockFlowFile,24B]; routing to relationship simple
[pool-4087-thread-1] INFO org.apache.nifi.processors.standard.RouteText - RouteText[id=fc47b1db-e7ae-450c-887b-29adc31df765] Routing FlowFile[3530,96218257520817.mockFlowFile,24B] to original
[main] DEBUG org.apache.nifi.processors.standard.RouteText - RouteText[id=fc47b1db-e7ae-450c-887b-29adc31df765] Adding new dynamic property: PropertyDescriptor[simple]
[pool-4088-thread-1] INFO org.apache.nifi.processors.standard.RouteText - RouteText[id=fc47b1db-e7ae-450c-887b-29adc31df765] Created FlowFile[3533,96218257839416.mockFlowFile,24B] from FlowFile[3532,96218257839416.mockFlowFile,24B]; routing to relationship simple
[pool-4088-thread-1] INFO org.apache.nifi.processors.standard.RouteText - RouteText[id=fc47b1db-e7ae-450c-887b-29adc31df765] Routing FlowFile[3532,96218257839416.mockFlowFile,24B] to original
[main] DEBUG org.apache.nifi.processors.standard.RouteText - RouteText[id=fc47b1db-e7ae-450c-887b-29adc31df765] Adding new dynamic property: PropertyDescriptor[simple]
[pool-4089-thread-1] INFO org.apache.nifi.processors.standard.RouteText - RouteText[id=fc47b1db-e7ae-450c-887b-29adc31df765] Created FlowFile[3535,96218258160865.mockFlowFile,24B] from FlowFile[3534,96218258160865.mockFlowFile,24B]; routing to relationship simple
[pool-4089-thread-1] INFO org.apache.nifi.processors.standard.RouteText - RouteText[id=fc47b1db-e7ae-450c-887b-29adc31df765] Routing FlowFile[3534,96218258160865.mockFlowFile,24B] to original
[main] DEBUG org.apache.nifi.processors.standard.RouteText - RouteText[id=fc47b1db-e7ae-450c-887b-29adc31df765] Adding new dynamic property: PropertyDescriptor[simple]
[pool-4090-thread-1] INFO org.apache.nifi.processors.standard.RouteText - RouteText[id=fc47b1db-e7ae-450c-887b-29adc31df765] Created FlowFile[3537,96218258500101.mockFlowFile,24B] from FlowFile[3536,96218258500101.mockFlowFile,24B]; routing to relationship simple
[pool-4090-thread-1] INFO org.apache.nifi.processors.standard.RouteText - RouteText[id=fc47b1db-e7ae-450c-887b-29adc31df765] Routing FlowFile[3536,96218258500101.mockFlowFile,24B] to original
[main] DEBUG org.apache.nifi.processors.standard.RouteText - RouteText[id=fc47b1db-e7ae-450c-887b-29adc31df765] Adding new dynamic property: PropertyDescriptor[simple]
[pool-4091-thread-1] INFO org.apache.nifi.processors.standard.RouteText - RouteText[id=fc47b1db-e7ae-450c-887b-29adc31df765] Created FlowFile[3539,96218258825615.mockFlowFile,24B] from FlowFile[3538,96218258825615.mockFlowFile,24B]; routing to relationship simple
[pool-4091-thread-1] INFO org.apache.nifi.processors.standard.RouteText - RouteText[id=fc47b1db-e7ae-450c-887b-29adc31df765] Routing FlowFile[3538,96218258825615.mockFlowFile,24B] to original
[main] DEBUG org.apache.nifi.processors.standard.RouteText - RouteText[id=fc47b1db-e7ae-450c-887b-29adc31df765] Adding new dynamic property: PropertyDescriptor[simple]
[pool-4092-thread-1] INFO org.apache.nifi.processors.standard.RouteText - RouteText[id=fc47b1db-e7ae-450c-887b-29adc31df765] Created FlowFile[3541,96218259259317.mockFlowFile,24B] from FlowFile[3540,96218259259317.mockFlowFile,24B]; routing to relationship simple
[pool-4092-thread-1] INFO org.apache.nifi.processors.standard.RouteText - RouteText[id=fc47b1db-e7ae-450c-887b-29adc31df765] Routing FlowFile[3540,96218259259317.mockFlowFile,24B] to original
[main] DEBUG org.apache.nifi.processors.standard.RouteText - RouteText[id=fc47b1db-e7ae-450c-887b-29adc31df765] Adding new dynamic property: PropertyDescriptor[simple]
[pool-4093-thread-1] INFO org.apache.nifi.processors.standard.RouteText - RouteText[id=fc47b1db-e7ae-450c-887b-29adc31df765] Created FlowFile[3543,96218259740358.mockFlowFile,24B] from FlowFile[3542,96218259740358.mockFlowFile,24B]; routing to relationship simple
[pool-4093-thread-1] INFO org.apache.nifi.processors.standard.RouteText - RouteText[id=fc47b1db-e7ae-450c-887b-29adc31df765] Routing FlowFile[3542,96218259740358.mockFlowFile,24B] to original
[main] DEBUG org.apache.nifi.processors.standard.RouteText - RouteText[id=fc47b1db-e7ae-450c-887b-29adc31df765] Adding new dynamic property: PropertyDescriptor[simple]
[pool-4094-thread-1] INFO org.apache.nifi.processors.standard.RouteText - RouteText[id=fc47b1db-e7ae-450c-887b-29adc31df765] Created FlowFile[3545,96218260124106.mockFlowFile,24B] from FlowFile[3544,96218260124106.mockFlowFile,24B]; routing to relationship simple
[pool-4094-thread-1] INFO org.apache.nifi.processors.standard.RouteText - RouteText[id=fc47b1db-e7ae-450c-887b-29adc31df765] Routing FlowFile[3544,96218260124106.mockFlowFile,24B] to original
[main] DEBUG org.apache.nifi.processors.standard.RouteText - RouteText[id=fc47b1db-e7ae-450c-887b-29adc31df765] Adding new dynamic property: PropertyDescriptor[simple]
[pool-4095-thread-1] INFO org.apache.nifi.processors.standard.RouteText - RouteText[id=fc47b1db-e7ae-450c-887b-29adc31df765] Created FlowFile[3547,96218260554729.mockFlowFile,24B] from FlowFile[3546,96218260554729.mockFlowFile,24B]; routing to relationship simple
[pool-4095-thread-1] INFO org.apache.nifi.processors.standard.RouteText - RouteText[id=fc47b1db-e7ae-450c-887b-29adc31df765] Routing FlowFile[3546,96218260554729.mockFlowFile,24B] to original
[main] DEBUG org.apache.nifi.processors.standard.RouteText - RouteText[id=fc47b1db-e7ae-450c-887b-29adc31df765] Adding new dynamic property: PropertyDescriptor[simple]
[pool-4096-thread-1] INFO org.apache.nifi.processors.standard.RouteText - RouteText[id=fc47b1db-e7ae-450c-887b-29adc31df765] Created FlowFile[3549,96218260985150.mockFlowFile,24B] from FlowFile[3548,96218260985150.mockFlowFile,24B]; routing to relationship simple
[pool-4096-thread-1] INFO org.apache.nifi.processors.standard.RouteText - RouteText[id=fc47b1db-e7ae-450c-887b-29adc31df765] Routing FlowFile[3548,96218260985150.mockFlowFile,24B] to original
[main] DEBUG org.apache.nifi.processors.standard.RouteText - RouteText[id=fc47b1db-e7ae-450c-887b-29adc31df765] Adding new dynamic property: PropertyDescriptor[simple]
[pool-4097-thread-1] INFO org.apache.nifi.processors.standard.RouteText - RouteText[id=fc47b1db-e7ae-450c-887b-29adc31df765] Created FlowFile[3551,96218261422570.mockFlowFile,24B] from FlowFile[3550,96218261422570.mockFlowFile,24B]; routing to relationship simple
[pool-4097-thread-1] INFO org.apache.nifi.processors.standard.RouteText - RouteText[id=fc47b1db-e7ae-450c-887b-29adc31df765] Routing FlowFile[3550,96218261422570.mockFlowFile,24B] to original
[main] DEBUG org.apache.nifi.processors.standard.RouteText - RouteText[id=fc47b1db-e7ae-450c-887b-29adc31df765] Adding new dynamic property: PropertyDescriptor[simple]
[pool-4098-thread-1] INFO org.apache.nifi.processors.standard.RouteText - RouteText[id=fc47b1db-e7ae-450c-887b-29adc31df765] Created FlowFile[3553,96218261767515.mockFlowFile,24B] from FlowFile[3552,96218261767515.mockFlowFile,24B]; routing to relationship simple
[pool-4098-thread-1] INFO org.apache.nifi.processors.standard.RouteText - RouteText[id=fc47b1db-e7ae-450c-887b-29adc31df765] Routing FlowFile[3552,96218261767515.mockFlowFile,24B] to original
[main] DEBUG org.apache.nifi.processors.standard.RouteText - RouteText[id=fc47b1db-e7ae-450c-887b-29adc31df765] Adding new dynamic property: PropertyDescriptor[simple]
[pool-4099-thread-1] INFO org.apache.nifi.processors.standard.RouteText - RouteText[id=fc47b1db-e7ae-450c-887b-29adc31df765] Created FlowFile[3555,96218262141460.mockFlowFile,24B] from FlowFile[3554,96218262141460.mockFlowFile,24B]; routing to relationship simple
[pool-4099-thread-1] INFO org.apache.nifi.processors.standard.RouteText - RouteText[id=fc47b1db-e7ae-450c-887b-29adc31df765] Routing FlowFile[3554,96218262141460.mockFlowFile,24B] to original
[main] DEBUG org.apache.nifi.processors.standard.RouteText - RouteText[id=fc47b1db-e7ae-450c-887b-29adc31df765] Adding new dynamic property: PropertyDescriptor[simple]
[pool-4100-thread-1] INFO org.apache.nifi.processors.standard.RouteText - RouteText[id=fc47b1db-e7ae-450c-887b-29adc31df765] Created FlowFile[3557,96218262497108.mockFlowFile,24B] from FlowFile[3556,96218262497108.mockFlowFile,24B]; routing to relationship simple
[pool-4100-thread-1] INFO org.apache.nifi.processors.standard.RouteText - RouteText[id=fc47b1db-e7ae-450c-887b-29adc31df765] Routing FlowFile[3556,96218262497108.mockFlowFile,24B] to original
[main] DEBUG org.apache.nifi.processors.standard.RouteText - RouteText[id=fc47b1db-e7ae-450c-887b-29adc31df765] Adding new dynamic property: PropertyDescriptor[simple]
[pool-4101-thread-1] INFO org.apache.nifi.processors.standard.RouteText - RouteText[id=fc47b1db-e7ae-450c-887b-29adc31df765] Created FlowFile[3559,96218262855104.mockFlowFile,24B] from FlowFile[3558,96218262855104.mockFlowFile,24B]; routing to relationship simple
[pool-4101-thread-1] INFO org.apache.nifi.processors.standard.RouteText - RouteText[id=fc47b1db-e7ae-450c-887b-29adc31df765] Routing FlowFile[3558,96218262855104.mockFlowFile,24B] to original
[main] DEBUG org.apache.nifi.processors.standard.RouteText - RouteText[id=fc47b1db-e7ae-450c-887b-29adc31df765] Adding new dynamic property: PropertyDescriptor[simple]
[pool-4102-thread-1] INFO org.apache.nifi.processors.standard.RouteText - RouteText[id=fc47b1db-e7ae-450c-887b-29adc31df765] Created FlowFile[3561,96218263298622.mockFlowFile,24B] from FlowFile[3560,96218263298622.mockFlowFile,24B]; routing to relationship simple
[pool-4102-thread-1] INFO org.apache.nifi.processors.standard.RouteText - RouteText[id=fc47b1db-e7ae-450c-887b-29adc31df765] Routing FlowFile[3560,96218263298622.mockFlowFile,24B] to original
[main] DEBUG org.apache.nifi.processors.standard.RouteText - RouteText[id=fc47b1db-e7ae-450c-887b-29adc31df765] Adding new dynamic property: PropertyDescriptor[simple]
[pool-4103-thread-1] INFO org.apache.nifi.processors.standard.RouteText - RouteText[id=fc47b1db-e7ae-450c-887b-29adc31df765] Created FlowFile[3563,96218263746142.mockFlowFile,24B] from FlowFile[3562,96218263746142.mockFlowFile,24B]; routing to relationship simple
[pool-4103-thread-1] INFO org.apache.nifi.processors.standard.RouteText - RouteText[id=fc47b1db-e7ae-450c-887b-29adc31df765] Routing FlowFile[3562,96218263746142.mockFlowFile,24B] to original
[main] DEBUG org.apache.nifi.processors.standard.RouteText - RouteText[id=fc47b1db-e7ae-450c-887b-29adc31df765] Adding new dynamic property: PropertyDescriptor[simple]
[pool-4104-thread-1] INFO org.apache.nifi.processors.standard.RouteText - RouteText[id=fc47b1db-e7ae-450c-887b-29adc31df765] Created FlowFile[3565,96218264125759.mockFlowFile,24B] from FlowFile[3564,96218264125759.mockFlowFile,24B]; routing to relationship simple
[pool-4104-thread-1] INFO org.apache.nifi.processors.standard.RouteText - RouteText[id=fc47b1db-e7ae-450c-887b-29adc31df765] Routing FlowFile[3564,96218264125759.mockFlowFile,24B] to original
[main] DEBUG org.apache.nifi.processors.standard.RouteText - RouteText[id=fc47b1db-e7ae-450c-887b-29adc31df765] Adding new dynamic property: PropertyDescriptor[simple]
[pool-4105-thread-1] INFO org.apache.nifi.processors.standard.RouteText - RouteText[id=fc47b1db-e7ae-450c-887b-29adc31df765] Created FlowFile[3567,96218264567474.mockFlowFile,24B] from FlowFile[3566,96218264567474.mockFlowFile,24B]; routing to relationship simple
[pool-4105-thread-1] INFO org.apache.nifi.processors.standard.RouteText - RouteText[id=fc47b1db-e7ae-450c-887b-29adc31df765] Routing FlowFile[3566,96218264567474.mockFlowFile,24B] to original
[main] DEBUG org.apache.nifi.processors.standard.RouteText - RouteText[id=fc47b1db-e7ae-450c-887b-29adc31df765] Adding new dynamic property: PropertyDescriptor[simple]
[pool-4106-thread-1] INFO org.apache.nifi.processors.standard.RouteText - RouteText[id=fc47b1db-e7ae-450c-887b-29adc31df765] Created FlowFile[3569,96218265025118.mockFlowFile,24B] from FlowFile[3568,96218265025118.mockFlowFile,24B]; routing to relationship simple
[pool-4106-thread-1] INFO org.apache.nifi.processors.standard.RouteText - RouteText[id=fc47b1db-e7ae-450c-887b-29adc31df765] Routing FlowFile[3568,96218265025118.mockFlowFile,24B] to original
[main] DEBUG org.apache.nifi.processors.standard.RouteText - RouteText[id=fc47b1db-e7ae-450c-887b-29adc31df765] Adding new dynamic property: PropertyDescriptor[simple]
[pool-4107-thread-1] INFO org.apache.nifi.processors.standard.RouteText - RouteText[id=fc47b1db-e7ae-450c-887b-29adc31df765] Created FlowFile[3571,96218265459242.mockFlowFile,24B] from FlowFile[3570,96218265459242.mockFlowFile,24B]; routing to relationship simple
[pool-4107-thread-1] INFO org.apache.nifi.processors.standard.RouteText - RouteText[id=fc47b1db-e7ae-450c-887b-29adc31df765] Routing FlowFile[3570,96218265459242.mockFlowFile,24B] to original
[main] DEBUG org.apache.nifi.processors.standard.RouteText - RouteText[id=fc47b1db-e7ae-450c-887b-29adc31df765] Adding new dynamic property: PropertyDescriptor[simple]
[pool-4108-thread-1] INFO org.apache.nifi.processors.standard.RouteText - RouteText[id=fc47b1db-e7ae-450c-887b-29adc31df765] Created FlowFile[3573,96218265913970.mockFlowFile,24B] from FlowFile[3572,96218265913970.mockFlowFile,24B]; routing to relationship simple
[pool-4108-thread-1] INFO org.apache.nifi.processors.standard.RouteText - RouteText[id=fc47b1db-e7ae-450c-887b-29adc31df765] Routing FlowFile[3572,96218265913970.mockFlowFile,24B] to original
[main] DEBUG org.apache.nifi.processors.standard.RouteText - RouteText[id=fc47b1db-e7ae-450c-887b-29adc31df765] Adding new dynamic property: PropertyDescriptor[simple]
[pool-4109-thread-1] INFO org.apache.nifi.processors.standard.RouteText - RouteText[id=fc47b1db-e7ae-450c-887b-29adc31df765] Created FlowFile[3575,96218266429869.mockFlowFile,24B] from FlowFile[3574,96218266429869.mockFlowFile,24B]; routing to relationship simple
[pool-4109-thread-1] INFO org.apache.nifi.processors.standard.RouteText - RouteText[id=fc47b1db-e7ae-450c-887b-29adc31df765] Routing FlowFile[3574,96218266429869.mockFlowFile,24B] to original
[main] DEBUG org.apache.nifi.processors.standard.RouteText - RouteText[id=fc47b1db-e7ae-450c-887b-29adc31df765] Adding new dynamic property: PropertyDescriptor[simple]
[pool-4110-thread-1] INFO org.apache.nifi.processors.standard.RouteText - RouteText[id=fc47b1db-e7ae-450c-887b-29adc31df765] Created FlowFile[3577,96218266912876.mockFlowFile,24B] from FlowFile[3576,96218266912876.mockFlowFile,24B]; routing to relationship simple
[pool-4110-thread-1] INFO org.apache.nifi.processors.standard.RouteText - RouteText[id=fc47b1db-e7ae-450c-887b-29adc31df765] Routing FlowFile[3576,96218266912876.mockFlowFile,24B] to original
[main] DEBUG org.apache.nifi.processors.standard.RouteText - RouteText[id=fc47b1db-e7ae-450c-887b-29adc31df765] Adding new dynamic property: PropertyDescriptor[simple]
[pool-4111-thread-1] INFO org.apache.nifi.processors.standard.RouteText - RouteText[id=fc47b1db-e7ae-450c-887b-29adc31df765] Created FlowFile[3579,96218267400427.mockFlowFile,24B] from FlowFile[3578,96218267400427.mockFlowFile,24B]; routing to relationship simple
[pool-4111-thread-1] INFO org.apache.nifi.processors.standard.RouteText - RouteText[id=fc47b1db-e7ae-450c-887b-29adc31df765] Routing FlowFile[3578,96218267400427.mockFlowFile,24B] to original
[main] DEBUG org.apache.nifi.processors.standard.RouteText - RouteText[id=fc47b1db-e7ae-450c-887b-29adc31df765] Adding new dynamic property: PropertyDescriptor[simple]
[pool-4112-thread-1] INFO org.apache.nifi.processors.standard.RouteText - RouteText[id=fc47b1db-e7ae-450c-887b-29adc31df765] Created FlowFile[3581,96218267822065.mockFlowFile,24B] from FlowFile[3580,96218267822065.mockFlowFile,24B]; routing to relationship simple
[pool-4112-thread-1] INFO org.apache.nifi.processors.standard.RouteText - RouteText[id=fc47b1db-e7ae-450c-887b-29adc31df765] Routing FlowFile[3580,96218267822065.mockFlowFile,24B] to original
[main] DEBUG org.apache.nifi.processors.standard.RouteText - RouteText[id=fc47b1db-e7ae-450c-887b-29adc31df765] Adding new dynamic property: PropertyDescriptor[simple]
[pool-4113-thread-1] INFO org.apache.nifi.processors.standard.RouteText - RouteText[id=fc47b1db-e7ae-450c-887b-29adc31df765] Created FlowFile[3583,96218268305898.mockFlowFile,24B] from FlowFile[3582,96218268305898.mockFlowFile,24B]; routing to relationship simple
[pool-4113-thread-1] INFO org.apache.nifi.processors.standard.RouteText - RouteText[id=fc47b1db-e7ae-450c-887b-29adc31df765] Routing FlowFile[3582,96218268305898.mockFlowFile,24B] to original
[main] DEBUG org.apache.nifi.processors.standard.RouteText - RouteText[id=fc47b1db-e7ae-450c-887b-29adc31df765] Adding new dynamic property: PropertyDescriptor[simple]
[pool-4114-thread-1] INFO org.apache.nifi.processors.standard.RouteText - RouteText[id=fc47b1db-e7ae-450c-887b-29adc31df765] Created FlowFile[3585,96218268802697.mockFlowFile,24B] from FlowFile[3584,96218268802697.mockFlowFile,24B]; routing to relationship simple
[pool-4114-thread-1] INFO org.apache.nifi.processors.standard.RouteText - RouteText[id=fc47b1db-e7ae-450c-887b-29adc31df765] Routing FlowFile[3584,96218268802697.mockFlowFile,24B] to original
[main] DEBUG org.apache.nifi.processors.standard.RouteText - RouteText[id=fc47b1db-e7ae-450c-887b-29adc31df765] Adding new dynamic property: PropertyDescriptor[simple]
[pool-4115-thread-1] INFO org.apache.nifi.processors.standard.RouteText - RouteText[id=fc47b1db-e7ae-450c-887b-29adc31df765] Created FlowFile[3587,96218269259059.mockFlowFile,24B] from FlowFile[3586,96218269259059.mockFlowFile,24B]; routing to relationship simple
[pool-4115-thread-1] INFO org.apache.nifi.processors.standard.RouteText - RouteText[id=fc47b1db-e7ae-450c-887b-29adc31df765] Routing FlowFile[3586,96218269259059.mockFlowFile,24B] to original
[main] DEBUG org.apache.nifi.processors.standard.RouteText - RouteText[id=fc47b1db-e7ae-450c-887b-29adc31df765] Adding new dynamic property: PropertyDescriptor[simple]
[pool-4116-thread-1] INFO org.apache.nifi.processors.standard.RouteText - RouteText[id=fc47b1db-e7ae-450c-887b-29adc31df765] Created FlowFile[3589,96218269716824.mockFlowFile,24B] from FlowFile[3588,96218269716824.mockFlowFile,24B]; routing to relationship simple
[pool-4116-thread-1] INFO org.apache.nifi.processors.standard.RouteText - RouteText[id=fc47b1db-e7ae-450c-887b-29adc31df765] Routing FlowFile[3588,96218269716824.mockFlowFile,24B] to original
[main] DEBUG org.apache.nifi.processors.standard.RouteText - RouteText[id=fc47b1db-e7ae-450c-887b-29adc31df765] Adding new dynamic property: PropertyDescriptor[simple]
[pool-4117-thread-1] INFO org.apache.nifi.processors.standard.RouteText - RouteText[id=fc47b1db-e7ae-450c-887b-29adc31df765] Created FlowFile[3591,96218270083477.mockFlowFile,24B] from FlowFile[3590,96218270083477.mockFlowFile,24B]; routing to relationship simple
[pool-4117-thread-1] INFO org.apache.nifi.processors.standard.RouteText - RouteText[id=fc47b1db-e7ae-450c-887b-29adc31df765] Routing FlowFile[3590,96218270083477.mockFlowFile,24B] to original
[main] DEBUG org.apache.nifi.processors.standard.RouteText - RouteText[id=fc47b1db-e7ae-450c-887b-29adc31df765] Adding new dynamic property: PropertyDescriptor[simple]
[pool-4118-thread-1] INFO org.apache.nifi.processors.standard.RouteText - RouteText[id=fc47b1db-e7ae-450c-887b-29adc31df765] Created FlowFile[3593,96218270430573.mockFlowFile,24B] from FlowFile[3592,96218270430573.mockFlowFile,24B]; routing to relationship simple
[pool-4118-thread-1] INFO org.apache.nifi.processors.standard.RouteText - RouteText[id=fc47b1db-e7ae-450c-887b-29adc31df765] Routing FlowFile[3592,96218270430573.mockFlowFile,24B] to original
[main] DEBUG org.apache.nifi.processors.standard.RouteText - RouteText[id=fc47b1db-e7ae-450c-887b-29adc31df765] Adding new dynamic property: PropertyDescriptor[simple]
[pool-4119-thread-1] INFO org.apache.nifi.processors.standard.RouteText - RouteText[id=fc47b1db-e7ae-450c-887b-29adc31df765] Created FlowFile[3595,96218270840669.mockFlowFile,24B] from FlowFile[3594,96218270840669.mockFlowFile,24B]; routing to relationship simple
[pool-4119-thread-1] INFO org.apache.nifi.processors.standard.RouteText - RouteText[id=fc47b1db-e7ae-450c-887b-29adc31df765] Routing FlowFile[3594,96218270840669.mockFlowFile,24B] to original
[main] DEBUG org.apache.nifi.processors.standard.RouteText - RouteText[id=fc47b1db-e7ae-450c-887b-29adc31df765] Adding new dynamic property: PropertyDescriptor[simple]
[pool-4120-thread-1] INFO org.apache.nifi.processors.standard.RouteText - RouteText[id=fc47b1db-e7ae-450c-887b-29adc31df765] Created FlowFile[3597,96218271290729.mockFlowFile,24B] from FlowFile[3596,96218271290729.mockFlowFile,24B]; routing to relationship simple
[pool-4120-thread-1] INFO org.apache.nifi.processors.standard.RouteText - RouteText[id=fc47b1db-e7ae-450c-887b-29adc31df765] Routing FlowFile[3596,96218271290729.mockFlowFile,24B] to original
[main] DEBUG org.apache.nifi.processors.standard.RouteText - RouteText[id=fc47b1db-e7ae-450c-887b-29adc31df765] Adding new dynamic property: PropertyDescriptor[simple]
[pool-4121-thread-1] INFO org.apache.nifi.processors.standard.RouteText - RouteText[id=fc47b1db-e7ae-450c-887b-29adc31df765] Created FlowFile[3599,96218271762520.mockFlowFile,24B] from FlowFile[3598,96218271762520.mockFlowFile,24B]; routing to relationship simple
[pool-4121-thread-1] INFO org.apache.nifi.processors.standard.RouteText - RouteText[id=fc47b1db-e7ae-450c-887b-29adc31df765] Routing FlowFile[3598,96218271762520.mockFlowFile,24B] to original
[main] DEBUG org.apache.nifi.processors.standard.RouteText - RouteText[id=fc47b1db-e7ae-450c-887b-29adc31df765] Adding new dynamic property: PropertyDescriptor[simple]
[pool-4122-thread-1] INFO org.apache.nifi.processors.standard.RouteText - RouteText[id=fc47b1db-e7ae-450c-887b-29adc31df765] Created FlowFile[3601,96218272181980.mockFlowFile,24B] from FlowFile[3600,96218272181980.mockFlowFile,24B]; routing to relationship simple
[pool-4122-thread-1] INFO org.apache.nifi.processors.standard.RouteText - RouteText[id=fc47b1db-e7ae-450c-887b-29adc31df765] Routing FlowFile[3600,96218272181980.mockFlowFile,24B] to original
[main] DEBUG org.apache.nifi.processors.standard.RouteText - RouteText[id=fc47b1db-e7ae-450c-887b-29adc31df765] Adding new dynamic property: PropertyDescriptor[simple]
[pool-4123-thread-1] INFO org.apache.nifi.processors.standard.RouteText - RouteText[id=fc47b1db-e7ae-450c-887b-29adc31df765] Created FlowFile[3603,96218272698167.mockFlowFile,24B] from FlowFile[3602,96218272698167.mockFlowFile,24B]; routing to relationship simple
[pool-4123-thread-1] INFO org.apache.nifi.processors.standard.RouteText - RouteText[id=fc47b1db-e7ae-450c-887b-29adc31df765] Routing FlowFile[3602,96218272698167.mockFlowFile,24B] to original
[main] DEBUG org.apache.nifi.processors.standard.RouteText - RouteText[id=fc47b1db-e7ae-450c-887b-29adc31df765] Adding new dynamic property: PropertyDescriptor[simple]
[pool-4124-thread-1] INFO org.apache.nifi.processors.standard.RouteText - RouteText[id=fc47b1db-e7ae-450c-887b-29adc31df765] Created FlowFile[3605,96218273175813.mockFlowFile,24B] from FlowFile[3604,96218273175813.mockFlowFile,24B]; routing to relationship simple
[pool-4124-thread-1] INFO org.apache.nifi.processors.standard.RouteText - RouteText[id=fc47b1db-e7ae-450c-887b-29adc31df765] Routing FlowFile[3604,96218273175813.mockFlowFile,24B] to original
[main] DEBUG org.apache.nifi.processors.standard.RouteText - RouteText[id=fc47b1db-e7ae-450c-887b-29adc31df765] Adding new dynamic property: PropertyDescriptor[simple]
[pool-4125-thread-1] INFO org.apache.nifi.processors.standard.RouteText - RouteText[id=fc47b1db-e7ae-450c-887b-29adc31df765] Created FlowFile[3607,96218273621879.mockFlowFile,24B] from FlowFile[3606,96218273621879.mockFlowFile,24B]; routing to relationship simple
[pool-4125-thread-1] INFO org.apache.nifi.processors.standard.RouteText - RouteText[id=fc47b1db-e7ae-450c-887b-29adc31df765] Routing FlowFile[3606,96218273621879.mockFlowFile,24B] to original
[main] DEBUG org.apache.nifi.processors.standard.RouteText - RouteText[id=fc47b1db-e7ae-450c-887b-29adc31df765] Adding new dynamic property: PropertyDescriptor[simple]
[pool-4126-thread-1] INFO org.apache.nifi.processors.standard.RouteText - RouteText[id=fc47b1db-e7ae-450c-887b-29adc31df765] Created FlowFile[3609,96218273982932.mockFlowFile,24B] from FlowFile[3608,96218273982932.mockFlowFile,24B]; routing to relationship simple
[pool-4126-thread-1] INFO org.apache.nifi.processors.standard.RouteText - RouteText[id=fc47b1db-e7ae-450c-887b-29adc31df765] Routing FlowFile[3608,96218273982932.mockFlowFile,24B] to original
[main] DEBUG org.apache.nifi.processors.standard.RouteText - RouteText[id=fc47b1db-e7ae-450c-887b-29adc31df765] Adding new dynamic property: PropertyDescriptor[simple]
[pool-4127-thread-1] INFO org.apache.nifi.processors.standard.RouteText - RouteText[id=fc47b1db-e7ae-450c-887b-29adc31df765] Created FlowFile[3611,96218274365155.mockFlowFile,24B] from FlowFile[3610,96218274365155.mockFlowFile,24B]; routing to relationship simple
[pool-4127-thread-1] INFO org.apache.nifi.processors.standard.RouteText - RouteText[id=fc47b1db-e7ae-450c-887b-29adc31df765] Routing FlowFile[3610,96218274365155.mockFlowFile,24B] to original
[main] DEBUG org.apache.nifi.processors.standard.RouteText - RouteText[id=fc47b1db-e7ae-450c-887b-29adc31df765] Adding new dynamic property: PropertyDescriptor[simple]
[pool-4128-thread-1] INFO org.apache.nifi.processors.standard.RouteText - RouteText[id=fc47b1db-e7ae-450c-887b-29adc31df765] Created FlowFile[3613,96218274753920.mockFlowFile,24B] from FlowFile[3612,96218274753920.mockFlowFile,24B]; routing to relationship simple
[pool-4128-thread-1] INFO org.apache.nifi.processors.standard.RouteText - RouteText[id=fc47b1db-e7ae-450c-887b-29adc31df765] Routing FlowFile[3612,96218274753920.mockFlowFile,24B] to original
[main] DEBUG org.apache.nifi.processors.standard.RouteText - RouteText[id=fc47b1db-e7ae-450c-887b-29adc31df765] Adding new dynamic property: PropertyDescriptor[simple]
[pool-4129-thread-1] INFO org.apache.nifi.processors.standard.RouteText - RouteText[id=fc47b1db-e7ae-450c-887b-29adc31df765] Created FlowFile[3615,96218275099864.mockFlowFile,24B] from FlowFile[3614,96218275099864.mockFlowFile,24B]; routing to relationship simple
[pool-4129-thread-1] INFO org.apache.nifi.processors.standard.RouteText - RouteText[id=fc47b1db-e7ae-450c-887b-29adc31df765] Routing FlowFile[3614,96218275099864.mockFlowFile,24B] to original
[main] DEBUG org.apache.nifi.processors.standard.RouteText - RouteText[id=fc47b1db-e7ae-450c-887b-29adc31df765] Adding new dynamic property: PropertyDescriptor[simple]
[pool-4130-thread-1] INFO org.apache.nifi.processors.standard.RouteText - RouteText[id=fc47b1db-e7ae-450c-887b-29adc31df765] Created FlowFile[3617,96218275578263.mockFlowFile,24B] from FlowFile[3616,96218275578263.mockFlowFile,24B]; routing to relationship simple
[pool-4130-thread-1] INFO org.apache.nifi.processors.standard.RouteText - RouteText[id=fc47b1db-e7ae-450c-887b-29adc31df765] Routing FlowFile[3616,96218275578263.mockFlowFile,24B] to original
[main] DEBUG org.apache.nifi.processors.standard.RouteText - RouteText[id=fc47b1db-e7ae-450c-887b-29adc31df765] Adding new dynamic property: PropertyDescriptor[simple]
[pool-4131-thread-1] INFO org.apache.nifi.processors.standard.RouteText - RouteText[id=fc47b1db-e7ae-450c-887b-29adc31df765] Created FlowFile[3619,96218276024542.mockFlowFile,24B] from FlowFile[3618,96218276024542.mockFlowFile,24B]; routing to relationship simple
[pool-4131-thread-1] INFO org.apache.nifi.processors.standard.RouteText - RouteText[id=fc47b1db-e7ae-450c-887b-29adc31df765] Routing FlowFile[3618,96218276024542.mockFlowFile,24B] to original
[main] DEBUG org.apache.nifi.processors.standard.RouteText - RouteText[id=fc47b1db-e7ae-450c-887b-29adc31df765] Adding new dynamic property: PropertyDescriptor[simple]
[pool-4132-thread-1] INFO org.apache.nifi.processors.standard.RouteText - RouteText[id=fc47b1db-e7ae-450c-887b-29adc31df765] Created FlowFile[3621,96218276529458.mockFlowFile,24B] from FlowFile[3620,96218276529458.mockFlowFile,24B]; routing to relationship simple
[pool-4132-thread-1] INFO org.apache.nifi.processors.standard.RouteText - RouteText[id=fc47b1db-e7ae-450c-887b-29adc31df765] Routing FlowFile[3620,96218276529458.mockFlowFile,24B] to original
[main] DEBUG org.apache.nifi.processors.standard.RouteText - RouteText[id=fc47b1db-e7ae-450c-887b-29adc31df765] Adding new dynamic property: PropertyDescriptor[simple]
[pool-4133-thread-1] INFO org.apache.nifi.processors.standard.RouteText - RouteText[id=fc47b1db-e7ae-450c-887b-29adc31df765] Created FlowFile[3623,96218276984667.mockFlowFile,24B] from FlowFile[3622,96218276984667.mockFlowFile,24B]; routing to relationship simple
[pool-4133-thread-1] INFO org.apache.nifi.processors.standard.RouteText - RouteText[id=fc47b1db-e7ae-450c-887b-29adc31df765] Routing FlowFile[3622,96218276984667.mockFlowFile,24B] to original
[main] DEBUG org.apache.nifi.processors.standard.RouteText - RouteText[id=fc47b1db-e7ae-450c-887b-29adc31df765] Adding new dynamic property: PropertyDescriptor[simple]
[pool-4134-thread-1] INFO org.apache.nifi.processors.standard.RouteText - RouteText[id=fc47b1db-e7ae-450c-887b-29adc31df765] Created FlowFile[3625,96218277417285.mockFlowFile,24B] from FlowFile[3624,96218277417285.mockFlowFile,24B]; routing to relationship simple
[pool-4134-thread-1] INFO org.apache.nifi.processors.standard.RouteText - RouteText[id=fc47b1db-e7ae-450c-887b-29adc31df765] Routing FlowFile[3624,96218277417285.mockFlowFile,24B] to original
[main] DEBUG org.apache.nifi.processors.standard.RouteText - RouteText[id=fc47b1db-e7ae-450c-887b-29adc31df765] Adding new dynamic property: PropertyDescriptor[simple]
[pool-4135-thread-1] INFO org.apache.nifi.processors.standard.RouteText - RouteText[id=fc47b1db-e7ae-450c-887b-29adc31df765] Created FlowFile[3627,96218277784864.mockFlowFile,24B] from FlowFile[3626,96218277784864.mockFlowFile,24B]; routing to relationship simple
[pool-4135-thread-1] INFO org.apache.nifi.processors.standard.RouteText - RouteText[id=fc47b1db-e7ae-450c-887b-29adc31df765] Routing FlowFile[3626,96218277784864.mockFlowFile,24B] to original
[main] DEBUG org.apache.nifi.processors.standard.RouteText - RouteText[id=fc47b1db-e7ae-450c-887b-29adc31df765] Adding new dynamic property: PropertyDescriptor[simple]
[pool-4136-thread-1] INFO org.apache.nifi.processors.standard.RouteText - RouteText[id=fc47b1db-e7ae-450c-887b-29adc31df765] Created FlowFile[3629,96218278134693.mockFlowFile,24B] from FlowFile[3628,96218278134693.mockFlowFile,24B]; routing to relationship simple
[pool-4136-thread-1] INFO org.apache.nifi.processors.standard.RouteText - RouteText[id=fc47b1db-e7ae-450c-887b-29adc31df765] Routing FlowFile[3628,96218278134693.mockFlowFile,24B] to original
[main] DEBUG org.apache.nifi.processors.standard.RouteText - RouteText[id=fc47b1db-e7ae-450c-887b-29adc31df765] Adding new dynamic property: PropertyDescriptor[simple]
[pool-4137-thread-1] INFO org.apache.nifi.processors.standard.RouteText - RouteText[id=fc47b1db-e7ae-450c-887b-29adc31df765] Created FlowFile[3631,96218278484118.mockFlowFile,24B] from FlowFile[3630,96218278484118.mockFlowFile,24B]; routing to relationship simple
[pool-4137-thread-1] INFO org.apache.nifi.processors.standard.RouteText - RouteText[id=fc47b1db-e7ae-450c-887b-29adc31df765] Routing FlowFile[3630,96218278484118.mockFlowFile,24B] to original
[main] DEBUG org.apache.nifi.processors.standard.RouteText - RouteText[id=fc47b1db-e7ae-450c-887b-29adc31df765] Adding new dynamic property: PropertyDescriptor[simple]
[pool-4138-thread-1] INFO org.apache.nifi.processors.standard.RouteText - RouteText[id=fc47b1db-e7ae-450c-887b-29adc31df765] Created FlowFile[3633,96218278816990.mockFlowFile,24B] from FlowFile[3632,96218278816990.mockFlowFile,24B]; routing to relationship simple
[pool-4138-thread-1] INFO org.apache.nifi.processors.standard.RouteText - RouteText[id=fc47b1db-e7ae-450c-887b-29adc31df765] Routing FlowFile[3632,96218278816990.mockFlowFile,24B] to original
[main] DEBUG org.apache.nifi.processors.standard.RouteText - RouteText[id=fc47b1db-e7ae-450c-887b-29adc31df765] Adding new dynamic property: PropertyDescriptor[simple]
[pool-4139-thread-1] INFO org.apache.nifi.processors.standard.RouteText - RouteText[id=fc47b1db-e7ae-450c-887b-29adc31df765] Created FlowFile[3635,96218279143334.mockFlowFile,24B] from FlowFile[3634,96218279143334.mockFlowFile,24B]; routing to relationship simple
[pool-4139-thread-1] INFO org.apache.nifi.processors.standard.RouteText - RouteText[id=fc47b1db-e7ae-450c-887b-29adc31df765] Routing FlowFile[3634,96218279143334.mockFlowFile,24B] to original
[main] DEBUG org.apache.nifi.processors.standard.RouteText - RouteText[id=fc47b1db-e7ae-450c-887b-29adc31df765] Adding new dynamic property: PropertyDescriptor[simple]
[pool-4140-thread-1] INFO org.apache.nifi.processors.standard.RouteText - RouteText[id=fc47b1db-e7ae-450c-887b-29adc31df765] Created FlowFile[3637,96218279560951.mockFlowFile,24B] from FlowFile[3636,96218279560951.mockFlowFile,24B]; routing to relationship simple
[pool-4140-thread-1] INFO org.apache.nifi.processors.standard.RouteText - RouteText[id=fc47b1db-e7ae-450c-887b-29adc31df765] Routing FlowFile[3636,96218279560951.mockFlowFile,24B] to original
[main] DEBUG org.apache.nifi.processors.standard.RouteText - RouteText[id=fc47b1db-e7ae-450c-887b-29adc31df765] Adding new dynamic property: PropertyDescriptor[simple]
[pool-4141-thread-1] INFO org.apache.nifi.processors.standard.RouteText - RouteText[id=fc47b1db-e7ae-450c-887b-29adc31df765] Created FlowFile[3639,96218279893537.mockFlowFile,24B] from FlowFile[3638,96218279893537.mockFlowFile,24B]; routing to relationship simple
[pool-4141-thread-1] INFO org.apache.nifi.processors.standard.RouteText - RouteText[id=fc47b1db-e7ae-450c-887b-29adc31df765] Routing FlowFile[3638,96218279893537.mockFlowFile,24B] to original
[main] DEBUG org.apache.nifi.processors.standard.RouteText - RouteText[id=fc47b1db-e7ae-450c-887b-29adc31df765] Adding new dynamic property: PropertyDescriptor[simple]
[pool-4142-thread-1] INFO org.apache.nifi.processors.standard.RouteText - RouteText[id=fc47b1db-e7ae-450c-887b-29adc31df765] Created FlowFile[3641,96218280316972.mockFlowFile,24B] from FlowFile[3640,96218280316972.mockFlowFile,24B]; routing to relationship simple
[pool-4142-thread-1] INFO org.apache.nifi.processors.standard.RouteText - RouteText[id=fc47b1db-e7ae-450c-887b-29adc31df765] Routing FlowFile[3640,96218280316972.mockFlowFile,24B] to original
[main] DEBUG org.apache.nifi.processors.standard.RouteText - RouteText[id=fc47b1db-e7ae-450c-887b-29adc31df765] Adding new dynamic property: PropertyDescriptor[simple]
[pool-4143-thread-1] INFO org.apache.nifi.processors.standard.RouteText - RouteText[id=fc47b1db-e7ae-450c-887b-29adc31df765] Created FlowFile[3643,96218280786855.mockFlowFile,24B] from FlowFile[3642,96218280786855.mockFlowFile,24B]; routing to relationship simple
[pool-4143-thread-1] INFO org.apache.nifi.processors.standard.RouteText - RouteText[id=fc47b1db-e7ae-450c-887b-29adc31df765] Routing FlowFile[3642,96218280786855.mockFlowFile,24B] to original
[main] DEBUG org.apache.nifi.processors.standard.RouteText - RouteText[id=fc47b1db-e7ae-450c-887b-29adc31df765] Adding new dynamic property: PropertyDescriptor[simple]
[pool-4144-thread-1] INFO org.apache.nifi.processors.standard.RouteText - RouteText[id=fc47b1db-e7ae-450c-887b-29adc31df765] Created FlowFile[3645,96218281249450.mockFlowFile,24B] from FlowFile[3644,96218281249450.mockFlowFile,24B]; routing to relationship simple
[pool-4144-thread-1] INFO org.apache.nifi.processors.standard.RouteText - RouteText[id=fc47b1db-e7ae-450c-887b-29adc31df765] Routing FlowFile[3644,96218281249450.mockFlowFile,24B] to original
[main] DEBUG org.apache.nifi.processors.standard.RouteText - RouteText[id=fc47b1db-e7ae-450c-887b-29adc31df765] Adding new dynamic property: PropertyDescriptor[simple]
[pool-4145-thread-1] INFO org.apache.nifi.processors.standard.RouteText - RouteText[id=fc47b1db-e7ae-450c-887b-29adc31df765] Created FlowFile[3647,96218281634933.mockFlowFile,24B] from FlowFile[3646,96218281634933.mockFlowFile,24B]; routing to relationship simple
[pool-4145-thread-1] INFO org.apache.nifi.processors.standard.RouteText - RouteText[id=fc47b1db-e7ae-450c-887b-29adc31df765] Routing FlowFile[3646,96218281634933.mockFlowFile,24B] to original
[main] DEBUG org.apache.nifi.processors.standard.RouteText - RouteText[id=fc47b1db-e7ae-450c-887b-29adc31df765] Adding new dynamic property: PropertyDescriptor[simple]
[pool-4146-thread-1] INFO org.apache.nifi.processors.standard.RouteText - RouteText[id=fc47b1db-e7ae-450c-887b-29adc31df765] Created FlowFile[3649,96218282036401.mockFlowFile,24B] from FlowFile[3648,96218282036401.mockFlowFile,24B]; routing to relationship simple
[pool-4146-thread-1] INFO org.apache.nifi.processors.standard.RouteText - RouteText[id=fc47b1db-e7ae-450c-887b-29adc31df765] Routing FlowFile[3648,96218282036401.mockFlowFile,24B] to original
[main] DEBUG org.apache.nifi.processors.standard.RouteText - RouteText[id=fc47b1db-e7ae-450c-887b-29adc31df765] Adding new dynamic property: PropertyDescriptor[simple]
[pool-4147-thread-1] INFO org.apache.nifi.processors.standard.RouteText - RouteText[id=fc47b1db-e7ae-450c-887b-29adc31df765] Created FlowFile[3651,96218282435900.mockFlowFile,24B] from FlowFile[3650,96218282435900.mockFlowFile,24B]; routing to relationship simple
[pool-4147-thread-1] INFO org.apache.nifi.processors.standard.RouteText - RouteText[id=fc47b1db-e7ae-450c-887b-29adc31df765] Routing FlowFile[3650,96218282435900.mockFlowFile,24B] to original
[main] DEBUG org.apache.nifi.processors.standard.RouteText - RouteText[id=fc47b1db-e7ae-450c-887b-29adc31df765] Adding new dynamic property: PropertyDescriptor[simple]
[pool-4148-thread-1] INFO org.apache.nifi.processors.standard.RouteText - RouteText[id=fc47b1db-e7ae-450c-887b-29adc31df765] Created FlowFile[3653,96218282829716.mockFlowFile,24B] from FlowFile[3652,96218282829716.mockFlowFile,24B]; routing to relationship simple
[pool-4148-thread-1] INFO org.apache.nifi.processors.standard.RouteText - RouteText[id=fc47b1db-e7ae-450c-887b-29adc31df765] Routing FlowFile[3652,96218282829716.mockFlowFile,24B] to original
[main] DEBUG org.apache.nifi.processors.standard.RouteText - RouteText[id=fc47b1db-e7ae-450c-887b-29adc31df765] Adding new dynamic property: PropertyDescriptor[simple]
[pool-4149-thread-1] INFO org.apache.nifi.processors.standard.RouteText - RouteText[id=fc47b1db-e7ae-450c-887b-29adc31df765] Created FlowFile[3655,96218283294652.mockFlowFile,24B] from FlowFile[3654,96218283294652.mockFlowFile,24B]; routing to relationship simple
[pool-4149-thread-1] INFO org.apache.nifi.processors.standard.RouteText - RouteText[id=fc47b1db-e7ae-450c-887b-29adc31df765] Routing FlowFile[3654,96218283294652.mockFlowFile,24B] to original
[main] DEBUG org.apache.nifi.processors.standard.RouteText - RouteText[id=fc47b1db-e7ae-450c-887b-29adc31df765] Adding new dynamic property: PropertyDescriptor[simple]
[pool-4150-thread-1] INFO org.apache.nifi.processors.standard.RouteText - RouteText[id=fc47b1db-e7ae-450c-887b-29adc31df765] Created FlowFile[3657,96218283711307.mockFlowFile,24B] from FlowFile[3656,96218283711307.mockFlowFile,24B]; routing to relationship simple
[pool-4150-thread-1] INFO org.apache.nifi.processors.standard.RouteText - RouteText[id=fc47b1db-e7ae-450c-887b-29adc31df765] Routing FlowFile[3656,96218283711307.mockFlowFile,24B] to original
[main] DEBUG org.apache.nifi.processors.standard.RouteText - RouteText[id=fc47b1db-e7ae-450c-887b-29adc31df765] Adding new dynamic property: PropertyDescriptor[simple]
[pool-4151-thread-1] INFO org.apache.nifi.processors.standard.RouteText - RouteText[id=fc47b1db-e7ae-450c-887b-29adc31df765] Created FlowFile[3659,96218284153845.mockFlowFile,24B] from FlowFile[3658,96218284153845.mockFlowFile,24B]; routing to relationship simple
[pool-4151-thread-1] INFO org.apache.nifi.processors.standard.RouteText - RouteText[id=fc47b1db-e7ae-450c-887b-29adc31df765] Routing FlowFile[3658,96218284153845.mockFlowFile,24B] to original
[main] DEBUG org.apache.nifi.processors.standard.RouteText - RouteText[id=fc47b1db-e7ae-450c-887b-29adc31df765] Adding new dynamic property: PropertyDescriptor[simple]
[pool-4152-thread-1] INFO org.apache.nifi.processors.standard.RouteText - RouteText[id=fc47b1db-e7ae-450c-887b-29adc31df765] Created FlowFile[3661,96218284688389.mockFlowFile,24B] from FlowFile[3660,96218284688389.mockFlowFile,24B]; routing to relationship simple
[pool-4152-thread-1] INFO org.apache.nifi.processors.standard.RouteText - RouteText[id=fc47b1db-e7ae-450c-887b-29adc31df765] Routing FlowFile[3660,96218284688389.mockFlowFile,24B] to original
[main] DEBUG org.apache.nifi.processors.standard.RouteText - RouteText[id=fc47b1db-e7ae-450c-887b-29adc31df765] Adding new dynamic property: PropertyDescriptor[simple]
[pool-4153-thread-1] INFO org.apache.nifi.processors.standard.RouteText - RouteText[id=fc47b1db-e7ae-450c-887b-29adc31df765] Created FlowFile[3663,96218285173946.mockFlowFile,24B] from FlowFile[3662,96218285173946.mockFlowFile,24B]; routing to relationship simple
[pool-4153-thread-1] INFO org.apache.nifi.processors.standard.RouteText - RouteText[id=fc47b1db-e7ae-450c-887b-29adc31df765] Routing FlowFile[3662,96218285173946.mockFlowFile,24B] to original
[main] DEBUG org.apache.nifi.processors.standard.RouteText - RouteText[id=fc47b1db-e7ae-450c-887b-29adc31df765] Adding new dynamic property: PropertyDescriptor[simple]
[pool-4154-thread-1] INFO org.apache.nifi.processors.standard.RouteText - RouteText[id=fc47b1db-e7ae-450c-887b-29adc31df765] Created FlowFile[3665,96218285638787.mockFlowFile,24B] from FlowFile[3664,96218285638787.mockFlowFile,24B]; routing to relationship simple
[pool-4154-thread-1] INFO org.apache.nifi.processors.standard.RouteText - RouteText[id=fc47b1db-e7ae-450c-887b-29adc31df765] Routing FlowFile[3664,96218285638787.mockFlowFile,24B] to original
[main] DEBUG org.apache.nifi.processors.standard.RouteText - RouteText[id=fc47b1db-e7ae-450c-887b-29adc31df765] Adding new dynamic property: PropertyDescriptor[simple]
[pool-4155-thread-1] INFO org.apache.nifi.processors.standard.RouteText - RouteText[id=fc47b1db-e7ae-450c-887b-29adc31df765] Created FlowFile[3667,96218286045053.mockFlowFile,24B] from FlowFile[3666,96218286045053.mockFlowFile,24B]; routing to relationship simple
[pool-4155-thread-1] INFO org.apache.nifi.processors.standard.RouteText - RouteText[id=fc47b1db-e7ae-450c-887b-29adc31df765] Routing FlowFile[3666,96218286045053.mockFlowFile,24B] to original
[main] DEBUG org.apache.nifi.processors.standard.RouteText - RouteText[id=fc47b1db-e7ae-450c-887b-29adc31df765] Adding new dynamic property: PropertyDescriptor[simple]
[pool-4156-thread-1] INFO org.apache.nifi.processors.standard.RouteText - RouteText[id=fc47b1db-e7ae-450c-887b-29adc31df765] Created FlowFile[3669,96218286445494.mockFlowFile,24B] from FlowFile[3668,96218286445494.mockFlowFile,24B]; routing to relationship simple
[pool-4156-thread-1] INFO org.apache.nifi.processors.standard.RouteText - RouteText[id=fc47b1db-e7ae-450c-887b-29adc31df765] Routing FlowFile[3668,96218286445494.mockFlowFile,24B] to original
[main] DEBUG org.apache.nifi.processors.standard.RouteText - RouteText[id=fc47b1db-e7ae-450c-887b-29adc31df765] Adding new dynamic property: PropertyDescriptor[simple]
[pool-4157-thread-1] INFO org.apache.nifi.processors.standard.RouteText - RouteText[id=fc47b1db-e7ae-450c-887b-29adc31df765] Created FlowFile[3671,96218286844906.mockFlowFile,24B] from FlowFile[3670,96218286844906.mockFlowFile,24B]; routing to relationship simple
[pool-4157-thread-1] INFO org.apache.nifi.processors.standard.RouteText - RouteText[id=fc47b1db-e7ae-450c-887b-29adc31df765] Routing FlowFile[3670,96218286844906.mockFlowFile,24B] to original
[main] DEBUG org.apache.nifi.processors.standard.RouteText - RouteText[id=fc47b1db-e7ae-450c-887b-29adc31df765] Adding new dynamic property: PropertyDescriptor[simple]
[pool-4158-thread-1] INFO org.apache.nifi.processors.standard.RouteText - RouteText[id=fc47b1db-e7ae-450c-887b-29adc31df765] Created FlowFile[3673,96218287351533.mockFlowFile,24B] from FlowFile[3672,96218287351533.mockFlowFile,24B]; routing to relationship simple
[pool-4158-thread-1] INFO org.apache.nifi.processors.standard.RouteText - RouteText[id=fc47b1db-e7ae-450c-887b-29adc31df765] Routing FlowFile[3672,96218287351533.mockFlowFile,24B] to original
[main] DEBUG org.apache.nifi.processors.standard.RouteText - RouteText[id=fc47b1db-e7ae-450c-887b-29adc31df765] Adding new dynamic property: PropertyDescriptor[simple]
[pool-4159-thread-1] INFO org.apache.nifi.processors.standard.RouteText - RouteText[id=fc47b1db-e7ae-450c-887b-29adc31df765] Created FlowFile[3675,96218287858859.mockFlowFile,24B] from FlowFile[3674,96218287858859.mockFlowFile,24B]; routing to relationship simple
[pool-4159-thread-1] INFO org.apache.nifi.processors.standard.RouteText - RouteText[id=fc47b1db-e7ae-450c-887b-29adc31df765] Routing FlowFile[3674,96218287858859.mockFlowFile,24B] to original
[main] DEBUG org.apache.nifi.processors.standard.RouteText - RouteText[id=fc47b1db-e7ae-450c-887b-29adc31df765] Adding new dynamic property: PropertyDescriptor[simple]
[pool-4160-thread-1] INFO org.apache.nifi.processors.standard.RouteText - RouteText[id=fc47b1db-e7ae-450c-887b-29adc31df765] Created FlowFile[3677,96218288355012.mockFlowFile,24B] from FlowFile[3676,96218288355012.mockFlowFile,24B]; routing to relationship simple
[pool-4160-thread-1] INFO org.apache.nifi.processors.standard.RouteText - RouteText[id=fc47b1db-e7ae-450c-887b-29adc31df765] Routing FlowFile[3676,96218288355012.mockFlowFile,24B] to original
[main] DEBUG org.apache.nifi.processors.standard.RouteText - RouteText[id=fc47b1db-e7ae-450c-887b-29adc31df765] Adding new dynamic property: PropertyDescriptor[simple]
[pool-4161-thread-1] INFO org.apache.nifi.processors.standard.RouteText - RouteText[id=fc47b1db-e7ae-450c-887b-29adc31df765] Created FlowFile[3679,96218288922602.mockFlowFile,24B] from FlowFile[3678,96218288922602.mockFlowFile,24B]; routing to relationship simple
[pool-4161-thread-1] INFO org.apache.nifi.processors.standard.RouteText - RouteText[id=fc47b1db-e7ae-450c-887b-29adc31df765] Routing FlowFile[3678,96218288922602.mockFlowFile,24B] to original
[main] DEBUG org.apache.nifi.processors.standard.RouteText - RouteText[id=fc47b1db-e7ae-450c-887b-29adc31df765] Adding new dynamic property: PropertyDescriptor[simple]
[pool-4162-thread-1] INFO org.apache.nifi.processors.standard.RouteText - RouteText[id=fc47b1db-e7ae-450c-887b-29adc31df765] Created FlowFile[3681,96218289463282.mockFlowFile,24B] from FlowFile[3680,96218289463282.mockFlowFile,24B]; routing to relationship simple
[pool-4162-thread-1] INFO org.apache.nifi.processors.standard.RouteText - RouteText[id=fc47b1db-e7ae-450c-887b-29adc31df765] Routing FlowFile[3680,96218289463282.mockFlowFile,24B] to original
[main] DEBUG org.apache.nifi.processors.standard.RouteText - RouteText[id=fc47b1db-e7ae-450c-887b-29adc31df765] Adding new dynamic property: PropertyDescriptor[simple]
[pool-4163-thread-1] INFO org.apache.nifi.processors.standard.RouteText - RouteText[id=fc47b1db-e7ae-450c-887b-29adc31df765] Created FlowFile[3683,96218289965038.mockFlowFile,24B] from FlowFile[3682,96218289965038.mockFlowFile,24B]; routing to relationship simple
[pool-4163-thread-1] INFO org.apache.nifi.processors.standard.RouteText - RouteText[id=fc47b1db-e7ae-450c-887b-29adc31df765] Routing FlowFile[3682,96218289965038.mockFlowFile,24B] to original
[main] DEBUG org.apache.nifi.processors.standard.RouteText - RouteText[id=fc47b1db-e7ae-450c-887b-29adc31df765] Adding new dynamic property: PropertyDescriptor[simple]
[pool-4164-thread-1] INFO org.apache.nifi.processors.standard.RouteText - RouteText[id=fc47b1db-e7ae-450c-887b-29adc31df765] Created FlowFile[3685,96218290405747.mockFlowFile,24B] from FlowFile[3684,96218290405747.mockFlowFile,24B]; routing to relationship simple
[pool-4164-thread-1] INFO org.apache.nifi.processors.standard.RouteText - RouteText[id=fc47b1db-e7ae-450c-887b-29adc31df765] Routing FlowFile[3684,96218290405747.mockFlowFile,24B] to original
[main] DEBUG org.apache.nifi.processors.standard.RouteText - RouteText[id=fc47b1db-e7ae-450c-887b-29adc31df765] Adding new dynamic property: PropertyDescriptor[simple]
[pool-4165-thread-1] INFO org.apache.nifi.processors.standard.RouteText - RouteText[id=fc47b1db-e7ae-450c-887b-29adc31df765] Created FlowFile[3687,96218290824913.mockFlowFile,24B] from FlowFile[3686,96218290824913.mockFlowFile,24B]; routing to relationship simple
[pool-4165-thread-1] INFO org.apache.nifi.processors.standard.RouteText - RouteText[id=fc47b1db-e7ae-450c-887b-29adc31df765] Routing FlowFile[3686,96218290824913.mockFlowFile,24B] to original
[main] DEBUG org.apache.nifi.processors.standard.RouteText - RouteText[id=fc47b1db-e7ae-450c-887b-29adc31df765] Adding new dynamic property: PropertyDescriptor[simple]
[pool-4166-thread-1] INFO org.apache.nifi.processors.standard.RouteText - RouteText[id=fc47b1db-e7ae-450c-887b-29adc31df765] Created FlowFile[3689,96218291335227.mockFlowFile,24B] from FlowFile[3688,96218291335227.mockFlowFile,24B]; routing to relationship simple
[pool-4166-thread-1] INFO org.apache.nifi.processors.standard.RouteText - RouteText[id=fc47b1db-e7ae-450c-887b-29adc31df765] Routing FlowFile[3688,96218291335227.mockFlowFile,24B] to original
[main] DEBUG org.apache.nifi.processors.standard.RouteText - RouteText[id=fc47b1db-e7ae-450c-887b-29adc31df765] Adding new dynamic property: PropertyDescriptor[simple]
[pool-4167-thread-1] INFO org.apache.nifi.processors.standard.RouteText - RouteText[id=fc47b1db-e7ae-450c-887b-29adc31df765] Created FlowFile[3691,96218291843079.mockFlowFile,24B] from FlowFile[3690,96218291843079.mockFlowFile,24B]; routing to relationship simple
[pool-4167-thread-1] INFO org.apache.nifi.processors.standard.RouteText - RouteText[id=fc47b1db-e7ae-450c-887b-29adc31df765] Routing FlowFile[3690,96218291843079.mockFlowFile,24B] to original
[main] DEBUG org.apache.nifi.processors.standard.RouteText - RouteText[id=fc47b1db-e7ae-450c-887b-29adc31df765] Adding new dynamic property: PropertyDescriptor[simple]
[pool-4168-thread-1] INFO org.apache.nifi.processors.standard.RouteText - RouteText[id=fc47b1db-e7ae-450c-887b-29adc31df765] Created FlowFile[3693,96218292380531.mockFlowFile,24B] from FlowFile[3692,96218292380531.mockFlowFile,24B]; routing to relationship simple
[pool-4168-thread-1] INFO org.apache.nifi.processors.standard.RouteText - RouteText[id=fc47b1db-e7ae-450c-887b-29adc31df765] Routing FlowFile[3692,96218292380531.mockFlowFile,24B] to original
[main] DEBUG org.apache.nifi.processors.standard.RouteText - RouteText[id=fc47b1db-e7ae-450c-887b-29adc31df765] Adding new dynamic property: PropertyDescriptor[simple]
[pool-4169-thread-1] INFO org.apache.nifi.processors.standard.RouteText - RouteText[id=fc47b1db-e7ae-450c-887b-29adc31df765] Created FlowFile[3695,96218292883887.mockFlowFile,24B] from FlowFile[3694,96218292883887.mockFlowFile,24B]; routing to relationship simple
[pool-4169-thread-1] INFO org.apache.nifi.processors.standard.RouteText - RouteText[id=fc47b1db-e7ae-450c-887b-29adc31df765] Routing FlowFile[3694,96218292883887.mockFlowFile,24B] to original
[main] DEBUG org.apache.nifi.processors.standard.RouteText - RouteText[id=fc47b1db-e7ae-450c-887b-29adc31df765] Adding new dynamic property: PropertyDescriptor[simple]
[pool-4170-thread-1] INFO org.apache.nifi.processors.standard.RouteText - RouteText[id=fc47b1db-e7ae-450c-887b-29adc31df765] Created FlowFile[3697,96218293377070.mockFlowFile,24B] from FlowFile[3696,96218293377070.mockFlowFile,24B]; routing to relationship simple
[pool-4170-thread-1] INFO org.apache.nifi.processors.standard.RouteText - RouteText[id=fc47b1db-e7ae-450c-887b-29adc31df765] Routing FlowFile[3696,96218293377070.mockFlowFile,24B] to original
[main] DEBUG org.apache.nifi.processors.standard.RouteText - RouteText[id=fc47b1db-e7ae-450c-887b-29adc31df765] Adding new dynamic property: PropertyDescriptor[simple]
[pool-4171-thread-1] INFO org.apache.nifi.processors.standard.RouteText - RouteText[id=fc47b1db-e7ae-450c-887b-29adc31df765] Created FlowFile[3699,96218293857103.mockFlowFile,24B] from FlowFile[3698,96218293857103.mockFlowFile,24B]; routing to relationship simple
[pool-4171-thread-1] INFO org.apache.nifi.processors.standard.RouteText - RouteText[id=fc47b1db-e7ae-450c-887b-29adc31df765] Routing FlowFile[3698,96218293857103.mockFlowFile,24B] to original
[main] DEBUG org.apache.nifi.processors.standard.RouteText - RouteText[id=fc47b1db-e7ae-450c-887b-29adc31df765] Adding new dynamic property: PropertyDescriptor[simple]
[pool-4172-thread-1] INFO org.apache.nifi.processors.standard.RouteText - RouteText[id=fc47b1db-e7ae-450c-887b-29adc31df765] Created FlowFile[3701,96218294336203.mockFlowFile,24B] from FlowFile[3700,96218294336203.mockFlowFile,24B]; routing to relationship simple
[pool-4172-thread-1] INFO org.apache.nifi.processors.standard.RouteText - RouteText[id=fc47b1db-e7ae-450c-887b-29adc31df765] Routing FlowFile[3700,96218294336203.mockFlowFile,24B] to original
[main] DEBUG org.apache.nifi.processors.standard.RouteText - RouteText[id=fc47b1db-e7ae-450c-887b-29adc31df765] Adding new dynamic property: PropertyDescriptor[simple]
[pool-4173-thread-1] INFO org.apache.nifi.processors.standard.RouteText - RouteText[id=fc47b1db-e7ae-450c-887b-29adc31df765] Created FlowFile[3703,96218294828497.mockFlowFile,24B] from FlowFile[3702,96218294828497.mockFlowFile,24B]; routing to relationship simple
[pool-4173-thread-1] INFO org.apache.nifi.processors.standard.RouteText - RouteText[id=fc47b1db-e7ae-450c-887b-29adc31df765] Routing FlowFile[3702,96218294828497.mockFlowFile,24B] to original
[main] DEBUG org.apache.nifi.processors.standard.RouteText - RouteText[id=fc47b1db-e7ae-450c-887b-29adc31df765] Adding new dynamic property: PropertyDescriptor[simple]
[pool-4174-thread-1] INFO org.apache.nifi.processors.standard.RouteText - RouteText[id=fc47b1db-e7ae-450c-887b-29adc31df765] Created FlowFile[3705,96218295296408.mockFlowFile,24B] from FlowFile[3704,96218295296408.mockFlowFile,24B]; routing to relationship simple
[pool-4174-thread-1] INFO org.apache.nifi.processors.standard.RouteText - RouteText[id=fc47b1db-e7ae-450c-887b-29adc31df765] Routing FlowFile[3704,96218295296408.mockFlowFile,24B] to original
[main] DEBUG org.apache.nifi.processors.standard.RouteText - RouteText[id=fc47b1db-e7ae-450c-887b-29adc31df765] Adding new dynamic property: PropertyDescriptor[simple]
[pool-4175-thread-1] INFO org.apache.nifi.processors.standard.RouteText - RouteText[id=fc47b1db-e7ae-450c-887b-29adc31df765] Created FlowFile[3707,96218295763697.mockFlowFile,24B] from FlowFile[3706,96218295763697.mockFlowFile,24B]; routing to relationship simple
[pool-4175-thread-1] INFO org.apache.nifi.processors.standard.RouteText - RouteText[id=fc47b1db-e7ae-450c-887b-29adc31df765] Routing FlowFile[3706,96218295763697.mockFlowFile,24B] to original
[main] DEBUG org.apache.nifi.processors.standard.RouteText - RouteText[id=fc47b1db-e7ae-450c-887b-29adc31df765] Adding new dynamic property: PropertyDescriptor[simple]
[pool-4176-thread-1] INFO org.apache.nifi.processors.standard.RouteText - RouteText[id=fc47b1db-e7ae-450c-887b-29adc31df765] Created FlowFile[3709,96218296163475.mockFlowFile,24B] from FlowFile[3708,96218296163475.mockFlowFile,24B]; routing to relationship simple
[pool-4176-thread-1] INFO org.apache.nifi.processors.standard.RouteText - RouteText[id=fc47b1db-e7ae-450c-887b-29adc31df765] Routing FlowFile[3708,96218296163475.mockFlowFile,24B] to original
[main] DEBUG org.apache.nifi.processors.standard.RouteText - RouteText[id=fc47b1db-e7ae-450c-887b-29adc31df765] Adding new dynamic property: PropertyDescriptor[simple]
[pool-4177-thread-1] INFO org.apache.nifi.processors.standard.RouteText - RouteText[id=fc47b1db-e7ae-450c-887b-29adc31df765] Created FlowFile[3711,96218296618608.mockFlowFile,24B] from FlowFile[3710,96218296618608.mockFlowFile,24B]; routing to relationship simple
[pool-4177-thread-1] INFO org.apache.nifi.processors.standard.RouteText - RouteText[id=fc47b1db-e7ae-450c-887b-29adc31df765] Routing FlowFile[3710,96218296618608.mockFlowFile,24B] to original
[main] DEBUG org.apache.nifi.processors.standard.RouteText - RouteText[id=fc47b1db-e7ae-450c-887b-29adc31df765] Adding new dynamic property: PropertyDescriptor[simple]
[pool-4178-thread-1] INFO org.apache.nifi.processors.standard.RouteText - RouteText[id=fc47b1db-e7ae-450c-887b-29adc31df765] Created FlowFile[3713,96218297176544.mockFlowFile,24B] from FlowFile[3712,96218297176544.mockFlowFile,24B]; routing to relationship simple
[pool-4178-thread-1] INFO org.apache.nifi.processors.standard.RouteText - RouteText[id=fc47b1db-e7ae-450c-887b-29adc31df765] Routing FlowFile[3712,96218297176544.mockFlowFile,24B] to original
[main] DEBUG org.apache.nifi.processors.standard.RouteText - RouteText[id=fc47b1db-e7ae-450c-887b-29adc31df765] Adding new dynamic property: PropertyDescriptor[simple]
[pool-4179-thread-1] INFO org.apache.nifi.processors.standard.RouteText - RouteText[id=fc47b1db-e7ae-450c-887b-29adc31df765] Created FlowFile[3715,96218297695067.mockFlowFile,24B] from FlowFile[3714,96218297695067.mockFlowFile,24B]; routing to relationship simple
[pool-4179-thread-1] INFO org.apache.nifi.processors.standard.RouteText - RouteText[id=fc47b1db-e7ae-450c-887b-29adc31df765] Routing FlowFile[3714,96218297695067.mockFlowFile,24B] to original
[main] DEBUG org.apache.nifi.processors.standard.RouteText - RouteText[id=fc47b1db-e7ae-450c-887b-29adc31df765] Adding new dynamic property: PropertyDescriptor[simple]
[pool-4180-thread-1] INFO org.apache.nifi.processors.standard.RouteText - RouteText[id=fc47b1db-e7ae-450c-887b-29adc31df765] Created FlowFile[3717,96218298213944.mockFlowFile,24B] from FlowFile[3716,96218298213944.mockFlowFile,24B]; routing to relationship simple
[pool-4180-thread-1] INFO org.apache.nifi.processors.standard.RouteText - RouteText[id=fc47b1db-e7ae-450c-887b-29adc31df765] Routing FlowFile[3716,96218298213944.mockFlowFile,24B] to original
[main] DEBUG org.apache.nifi.processors.standard.RouteText - RouteText[id=fc47b1db-e7ae-450c-887b-29adc31df765] Adding new dynamic property: PropertyDescriptor[simple]
[pool-4181-thread-1] INFO org.apache.nifi.processors.standard.RouteText - RouteText[id=fc47b1db-e7ae-450c-887b-29adc31df765] Created FlowFile[3719,96218298602528.mockFlowFile,24B] from FlowFile[3718,96218298602528.mockFlowFile,24B]; routing to relationship simple
[pool-4181-thread-1] INFO org.apache.nifi.processors.standard.RouteText - RouteText[id=fc47b1db-e7ae-450c-887b-29adc31df765] Routing FlowFile[3718,96218298602528.mockFlowFile,24B] to original
[main] DEBUG org.apache.nifi.processors.standard.RouteText - RouteText[id=fc47b1db-e7ae-450c-887b-29adc31df765] Adding new dynamic property: PropertyDescriptor[simple]
[pool-4182-thread-1] INFO org.apache.nifi.processors.standard.RouteText - RouteText[id=fc47b1db-e7ae-450c-887b-29adc31df765] Created FlowFile[3721,96218298984585.mockFlowFile,24B] from FlowFile[3720,96218298984585.mockFlowFile,24B]; routing to relationship simple
[pool-4182-thread-1] INFO org.apache.nifi.processors.standard.RouteText - RouteText[id=fc47b1db-e7ae-450c-887b-29adc31df765] Routing FlowFile[3720,96218298984585.mockFlowFile,24B] to original
[main] DEBUG org.apache.nifi.processors.standard.RouteText - RouteText[id=fc47b1db-e7ae-450c-887b-29adc31df765] Adding new dynamic property: PropertyDescriptor[simple]
[pool-4183-thread-1] INFO org.apache.nifi.processors.standard.RouteText - RouteText[id=fc47b1db-e7ae-450c-887b-29adc31df765] Created FlowFile[3723,96218299604454.mockFlowFile,24B] from FlowFile[3722,96218299604454.mockFlowFile,24B]; routing to relationship simple
[pool-4183-thread-1] INFO org.apache.nifi.processors.standard.RouteText - RouteText[id=fc47b1db-e7ae-450c-887b-29adc31df765] Routing FlowFile[3722,96218299604454.mockFlowFile,24B] to original
[main] DEBUG org.apache.nifi.processors.standard.RouteText - RouteText[id=fc47b1db-e7ae-450c-887b-29adc31df765] Adding new dynamic property: PropertyDescriptor[simple]
[pool-4184-thread-1] INFO org.apache.nifi.processors.standard.RouteText - RouteText[id=fc47b1db-e7ae-450c-887b-29adc31df765] Created FlowFile[3725,96218300379523.mockFlowFile,24B] from FlowFile[3724,96218300379523.mockFlowFile,24B]; routing to relationship simple
[pool-4184-thread-1] INFO org.apache.nifi.processors.standard.RouteText - RouteText[id=fc47b1db-e7ae-450c-887b-29adc31df765] Routing FlowFile[3724,96218300379523.mockFlowFile,24B] to original
[main] DEBUG org.apache.nifi.processors.standard.RouteText - RouteText[id=fc47b1db-e7ae-450c-887b-29adc31df765] Adding new dynamic property: PropertyDescriptor[simple]
[pool-4185-thread-1] INFO org.apache.nifi.processors.standard.RouteText - RouteText[id=fc47b1db-e7ae-450c-887b-29adc31df765] Created FlowFile[3727,96218300900365.mockFlowFile,24B] from FlowFile[3726,96218300900365.mockFlowFile,24B]; routing to relationship simple
[pool-4185-thread-1] INFO org.apache.nifi.processors.standard.RouteText - RouteText[id=fc47b1db-e7ae-450c-887b-29adc31df765] Routing FlowFile[3726,96218300900365.mockFlowFile,24B] to original
[main] DEBUG org.apache.nifi.processors.standard.RouteText - RouteText[id=fc47b1db-e7ae-450c-887b-29adc31df765] Adding new dynamic property: PropertyDescriptor[simple]
[pool-4186-thread-1] INFO org.apache.nifi.processors.standard.RouteText - RouteText[id=fc47b1db-e7ae-450c-887b-29adc31df765] Created FlowFile[3729,96218301463174.mockFlowFile,24B] from FlowFile[3728,96218301463174.mockFlowFile,24B]; routing to relationship simple
[pool-4186-thread-1] INFO org.apache.nifi.processors.standard.RouteText - RouteText[id=fc47b1db-e7ae-450c-887b-29adc31df765] Routing FlowFile[3728,96218301463174.mockFlowFile,24B] to original
[main] DEBUG org.apache.nifi.processors.standard.RouteText - RouteText[id=fc47b1db-e7ae-450c-887b-29adc31df765] Adding new dynamic property: PropertyDescriptor[simple]
[pool-4187-thread-1] INFO org.apache.nifi.processors.standard.RouteText - RouteText[id=fc47b1db-e7ae-450c-887b-29adc31df765] Created FlowFile[3731,96218301998904.mockFlowFile,24B] from FlowFile[3730,96218301998904.mockFlowFile,24B]; routing to relationship simple
[pool-4187-thread-1] INFO org.apache.nifi.processors.standard.RouteText - RouteText[id=fc47b1db-e7ae-450c-887b-29adc31df765] Routing FlowFile[3730,96218301998904.mockFlowFile,24B] to original
[main] DEBUG org.apache.nifi.processors.standard.RouteText - RouteText[id=fc47b1db-e7ae-450c-887b-29adc31df765] Adding new dynamic property: PropertyDescriptor[simple]
[pool-4188-thread-1] INFO org.apache.nifi.processors.standard.RouteText - RouteText[id=fc47b1db-e7ae-450c-887b-29adc31df765] Created FlowFile[3733,96218302476682.mockFlowFile,24B] from FlowFile[3732,96218302476682.mockFlowFile,24B]; routing to relationship simple
[pool-4188-thread-1] INFO org.apache.nifi.processors.standard.RouteText - RouteText[id=fc47b1db-e7ae-450c-887b-29adc31df765] Routing FlowFile[3732,96218302476682.mockFlowFile,24B] to original
[main] DEBUG org.apache.nifi.processors.standard.RouteText - RouteText[id=fc47b1db-e7ae-450c-887b-29adc31df765] Adding new dynamic property: PropertyDescriptor[simple]
[pool-4189-thread-1] INFO org.apache.nifi.processors.standard.RouteText - RouteText[id=fc47b1db-e7ae-450c-887b-29adc31df765] Created FlowFile[3735,96218302902490.mockFlowFile,24B] from FlowFile[3734,96218302902490.mockFlowFile,24B]; routing to relationship simple
[pool-4189-thread-1] INFO org.apache.nifi.processors.standard.RouteText - RouteText[id=fc47b1db-e7ae-450c-887b-29adc31df765] Routing FlowFile[3734,96218302902490.mockFlowFile,24B] to original
[main] DEBUG org.apache.nifi.processors.standard.RouteText - RouteText[id=fc47b1db-e7ae-450c-887b-29adc31df765] Adding new dynamic property: PropertyDescriptor[simple]
[pool-4190-thread-1] INFO org.apache.nifi.processors.standard.RouteText - RouteText[id=fc47b1db-e7ae-450c-887b-29adc31df765] Created FlowFile[3737,96218303367168.mockFlowFile,24B] from FlowFile[3736,96218303367168.mockFlowFile,24B]; routing to relationship simple
[pool-4190-thread-1] INFO org.apache.nifi.processors.standard.RouteText - RouteText[id=fc47b1db-e7ae-450c-887b-29adc31df765] Routing FlowFile[3736,96218303367168.mockFlowFile,24B] to original
[main] DEBUG org.apache.nifi.processors.standard.RouteText - RouteText[id=fc47b1db-e7ae-450c-887b-29adc31df765] Adding new dynamic property: PropertyDescriptor[simple]
[pool-4191-thread-1] INFO org.apache.nifi.processors.standard.RouteText - RouteText[id=fc47b1db-e7ae-450c-887b-29adc31df765] Created FlowFile[3739,96218303841294.mockFlowFile,24B] from FlowFile[3738,96218303841294.mockFlowFile,24B]; routing to relationship simple
[pool-4191-thread-1] INFO org.apache.nifi.processors.standard.RouteText - RouteText[id=fc47b1db-e7ae-450c-887b-29adc31df765] Routing FlowFile[3738,96218303841294.mockFlowFile,24B] to original
[main] DEBUG org.apache.nifi.processors.standard.RouteText - RouteText[id=fc47b1db-e7ae-450c-887b-29adc31df765] Adding new dynamic property: PropertyDescriptor[simple]
[pool-4192-thread-1] INFO org.apache.nifi.processors.standard.RouteText - RouteText[id=fc47b1db-e7ae-450c-887b-29adc31df765] Created FlowFile[3741,96218304351591.mockFlowFile,24B] from FlowFile[3740,96218304351591.mockFlowFile,24B]; routing to relationship simple
[pool-4192-thread-1] INFO org.apache.nifi.processors.standard.RouteText - RouteText[id=fc47b1db-e7ae-450c-887b-29adc31df765] Routing FlowFile[3740,96218304351591.mockFlowFile,24B] to original
[main] DEBUG org.apache.nifi.processors.standard.RouteText - RouteText[id=fc47b1db-e7ae-450c-887b-29adc31df765] Adding new dynamic property: PropertyDescriptor[simple]
[pool-4193-thread-1] INFO org.apache.nifi.processors.standard.RouteText - RouteText[id=fc47b1db-e7ae-450c-887b-29adc31df765] Created FlowFile[3743,96218304849780.mockFlowFile,24B] from FlowFile[3742,96218304849780.mockFlowFile,24B]; routing to relationship simple
[pool-4193-thread-1] INFO org.apache.nifi.processors.standard.RouteText - RouteText[id=fc47b1db-e7ae-450c-887b-29adc31df765] Routing FlowFile[3742,96218304849780.mockFlowFile,24B] to original
[main] DEBUG org.apache.nifi.processors.standard.RouteText - RouteText[id=fc47b1db-e7ae-450c-887b-29adc31df765] Adding new dynamic property: PropertyDescriptor[simple]
[pool-4194-thread-1] INFO org.apache.nifi.processors.standard.RouteText - RouteText[id=fc47b1db-e7ae-450c-887b-29adc31df765] Created FlowFile[3745,96218305328117.mockFlowFile,24B] from FlowFile[3744,96218305328117.mockFlowFile,24B]; routing to relationship simple
[pool-4194-thread-1] INFO org.apache.nifi.processors.standard.RouteText - RouteText[id=fc47b1db-e7ae-450c-887b-29adc31df765] Routing FlowFile[3744,96218305328117.mockFlowFile,24B] to original
[main] DEBUG org.apache.nifi.processors.standard.RouteText - RouteText[id=fc47b1db-e7ae-450c-887b-29adc31df765] Adding new dynamic property: PropertyDescriptor[simple]
[pool-4195-thread-1] INFO org.apache.nifi.processors.standard.RouteText - RouteText[id=fc47b1db-e7ae-450c-887b-29adc31df765] Created FlowFile[3747,96218305799343.mockFlowFile,24B] from FlowFile[3746,96218305799343.mockFlowFile,24B]; routing to relationship simple
[pool-4195-thread-1] INFO org.apache.nifi.processors.standard.RouteText - RouteText[id=fc47b1db-e7ae-450c-887b-29adc31df765] Routing FlowFile[3746,96218305799343.mockFlowFile,24B] to original
[main] DEBUG org.apache.nifi.processors.standard.RouteText - RouteText[id=fc47b1db-e7ae-450c-887b-29adc31df765] Adding new dynamic property: PropertyDescriptor[simple]
[pool-4196-thread-1] INFO org.apache.nifi.processors.standard.RouteText - RouteText[id=fc47b1db-e7ae-450c-887b-29adc31df765] Created FlowFile[3749,96218306186608.mockFlowFile,24B] from FlowFile[3748,96218306186608.mockFlowFile,24B]; routing to relationship simple
[pool-4196-thread-1] INFO org.apache.nifi.processors.standard.RouteText - RouteText[id=fc47b1db-e7ae-450c-887b-29adc31df765] Routing FlowFile[3748,96218306186608.mockFlowFile,24B] to original
[main] DEBUG org.apache.nifi.processors.standard.RouteText - RouteText[id=fc47b1db-e7ae-450c-887b-29adc31df765] Adding new dynamic property: PropertyDescriptor[simple]
[pool-4197-thread-1] INFO org.apache.nifi.processors.standard.RouteText - RouteText[id=fc47b1db-e7ae-450c-887b-29adc31df765] Created FlowFile[3751,96218306572720.mockFlowFile,24B] from FlowFile[3750,96218306572720.mockFlowFile,24B]; routing to relationship simple
[pool-4197-thread-1] INFO org.apache.nifi.processors.standard.RouteText - RouteText[id=fc47b1db-e7ae-450c-887b-29adc31df765] Routing FlowFile[3750,96218306572720.mockFlowFile,24B] to original
[main] DEBUG org.apache.nifi.processors.standard.RouteText - RouteText[id=fc47b1db-e7ae-450c-887b-29adc31df765] Adding new dynamic property: PropertyDescriptor[simple]
[pool-4198-thread-1] INFO org.apache.nifi.processors.standard.RouteText - RouteText[id=fc47b1db-e7ae-450c-887b-29adc31df765] Created FlowFile[3753,96218306940992.mockFlowFile,24B] from FlowFile[3752,96218306940992.mockFlowFile,24B]; routing to relationship simple
[pool-4198-thread-1] INFO org.apache.nifi.processors.standard.RouteText - RouteText[id=fc47b1db-e7ae-450c-887b-29adc31df765] Routing FlowFile[3752,96218306940992.mockFlowFile,24B] to original
[main] DEBUG org.apache.nifi.processors.standard.RouteText - RouteText[id=fc47b1db-e7ae-450c-887b-29adc31df765] Adding new dynamic property: PropertyDescriptor[simple]
[pool-4199-thread-1] INFO org.apache.nifi.processors.standard.RouteText - RouteText[id=fc47b1db-e7ae-450c-887b-29adc31df765] Created FlowFile[3755,96218307431484.mockFlowFile,24B] from FlowFile[3754,96218307431484.mockFlowFile,24B]; routing to relationship simple
[pool-4199-thread-1] INFO org.apache.nifi.processors.standard.RouteText - RouteText[id=fc47b1db-e7ae-450c-887b-29adc31df765] Routing FlowFile[3754,96218307431484.mockFlowFile,24B] to original
[main] DEBUG org.apache.nifi.processors.standard.RouteText - RouteText[id=fc47b1db-e7ae-450c-887b-29adc31df765] Adding new dynamic property: PropertyDescriptor[simple]
[pool-4200-thread-1] INFO org.apache.nifi.processors.standard.RouteText - RouteText[id=fc47b1db-e7ae-450c-887b-29adc31df765] Created FlowFile[3757,96218307872732.mockFlowFile,24B] from FlowFile[3756,96218307872732.mockFlowFile,24B]; routing to relationship simple
[pool-4200-thread-1] INFO org.apache.nifi.processors.standard.RouteText - RouteText[id=fc47b1db-e7ae-450c-887b-29adc31df765] Routing FlowFile[3756,96218307872732.mockFlowFile,24B] to original
[main] DEBUG org.apache.nifi.processors.standard.RouteText - RouteText[id=fc47b1db-e7ae-450c-887b-29adc31df765] Adding new dynamic property: PropertyDescriptor[simple]
[pool-4201-thread-1] INFO org.apache.nifi.processors.standard.RouteText - RouteText[id=fc47b1db-e7ae-450c-887b-29adc31df765] Created FlowFile[3759,96218308290065.mockFlowFile,24B] from FlowFile[3758,96218308290065.mockFlowFile,24B]; routing to relationship simple
[pool-4201-thread-1] INFO org.apache.nifi.processors.standard.RouteText - RouteText[id=fc47b1db-e7ae-450c-887b-29adc31df765] Routing FlowFile[3758,96218308290065.mockFlowFile,24B] to original
[main] DEBUG org.apache.nifi.processors.standard.RouteText - RouteText[id=fc47b1db-e7ae-450c-887b-29adc31df765] Adding new dynamic property: PropertyDescriptor[simple]
[pool-4202-thread-1] INFO org.apache.nifi.processors.standard.RouteText - RouteText[id=fc47b1db-e7ae-450c-887b-29adc31df765] Created FlowFile[3761,96218308710715.mockFlowFile,24B] from FlowFile[3760,96218308710715.mockFlowFile,24B]; routing to relationship simple
[pool-4202-thread-1] INFO org.apache.nifi.processors.standard.RouteText - RouteText[id=fc47b1db-e7ae-450c-887b-29adc31df765] Routing FlowFile[3760,96218308710715.mockFlowFile,24B] to original
[main] DEBUG org.apache.nifi.processors.standard.RouteText - RouteText[id=fc47b1db-e7ae-450c-887b-29adc31df765] Adding new dynamic property: PropertyDescriptor[simple]
[pool-4203-thread-1] INFO org.apache.nifi.processors.standard.RouteText - RouteText[id=fc47b1db-e7ae-450c-887b-29adc31df765] Created FlowFile[3763,96218309267511.mockFlowFile,24B] from FlowFile[3762,96218309267511.mockFlowFile,24B]; routing to relationship simple
[pool-4203-thread-1] INFO org.apache.nifi.processors.standard.RouteText - RouteText[id=fc47b1db-e7ae-450c-887b-29adc31df765] Routing FlowFile[3762,96218309267511.mockFlowFile,24B] to original
[main] DEBUG org.apache.nifi.processors.standard.RouteText - RouteText[id=fc47b1db-e7ae-450c-887b-29adc31df765] Adding new dynamic property: PropertyDescriptor[simple]
[pool-4204-thread-1] INFO org.apache.nifi.processors.standard.RouteText - RouteText[id=fc47b1db-e7ae-450c-887b-29adc31df765] Created FlowFile[3765,96218309709961.mockFlowFile,24B] from FlowFile[3764,96218309709961.mockFlowFile,24B]; routing to relationship simple
[pool-4204-thread-1] INFO org.apache.nifi.processors.standard.RouteText - RouteText[id=fc47b1db-e7ae-450c-887b-29adc31df765] Routing FlowFile[3764,96218309709961.mockFlowFile,24B] to original
[main] DEBUG org.apache.nifi.processors.standard.RouteText - RouteText[id=fc47b1db-e7ae-450c-887b-29adc31df765] Adding new dynamic property: PropertyDescriptor[simple]
[pool-4205-thread-1] INFO org.apache.nifi.processors.standard.RouteText - RouteText[id=fc47b1db-e7ae-450c-887b-29adc31df765] Created FlowFile[3767,96218310201914.mockFlowFile,24B] from FlowFile[3766,96218310201914.mockFlowFile,24B]; routing to relationship simple
[pool-4205-thread-1] INFO org.apache.nifi.processors.standard.RouteText - RouteText[id=fc47b1db-e7ae-450c-887b-29adc31df765] Routing FlowFile[3766,96218310201914.mockFlowFile,24B] to original
[main] DEBUG org.apache.nifi.processors.standard.RouteText - RouteText[id=fc47b1db-e7ae-450c-887b-29adc31df765] Adding new dynamic property: PropertyDescriptor[simple]
[pool-4206-thread-1] INFO org.apache.nifi.processors.standard.RouteText - RouteText[id=fc47b1db-e7ae-450c-887b-29adc31df765] Created FlowFile[3769,96218310608050.mockFlowFile,24B] from FlowFile[3768,96218310608050.mockFlowFile,24B]; routing to relationship simple
[pool-4206-thread-1] INFO org.apache.nifi.processors.standard.RouteText - RouteText[id=fc47b1db-e7ae-450c-887b-29adc31df765] Routing FlowFile[3768,96218310608050.mockFlowFile,24B] to original
[main] DEBUG org.apache.nifi.processors.standard.RouteText - RouteText[id=fc47b1db-e7ae-450c-887b-29adc31df765] Adding new dynamic property: PropertyDescriptor[simple]
[pool-4207-thread-1] INFO org.apache.nifi.processors.standard.RouteText - RouteText[id=fc47b1db-e7ae-450c-887b-29adc31df765] Created FlowFile[3771,96218311061838.mockFlowFile,24B] from FlowFile[3770,96218311061838.mockFlowFile,24B]; routing to relationship simple
[pool-4207-thread-1] INFO org.apache.nifi.processors.standard.RouteText - RouteText[id=fc47b1db-e7ae-450c-887b-29adc31df765] Routing FlowFile[3770,96218311061838.mockFlowFile,24B] to original
[main] DEBUG org.apache.nifi.processors.standard.RouteText - RouteText[id=fc47b1db-e7ae-450c-887b-29adc31df765] Adding new dynamic property: PropertyDescriptor[simple]
[pool-4208-thread-1] INFO org.apache.nifi.processors.standard.RouteText - RouteText[id=fc47b1db-e7ae-450c-887b-29adc31df765] Created FlowFile[3773,96218311613166.mockFlowFile,24B] from FlowFile[3772,96218311613166.mockFlowFile,24B]; routing to relationship simple
[pool-4208-thread-1] INFO org.apache.nifi.processors.standard.RouteText - RouteText[id=fc47b1db-e7ae-450c-887b-29adc31df765] Routing FlowFile[3772,96218311613166.mockFlowFile,24B] to original
[main] DEBUG org.apache.nifi.processors.standard.RouteText - RouteText[id=fc47b1db-e7ae-450c-887b-29adc31df765] Adding new dynamic property: PropertyDescriptor[simple]
[pool-4209-thread-1] INFO org.apache.nifi.processors.standard.RouteText - RouteText[id=fc47b1db-e7ae-450c-887b-29adc31df765] Created FlowFile[3775,96218312152254.mockFlowFile,24B] from FlowFile[3774,96218312152254.mockFlowFile,24B]; routing to relationship simple
[pool-4209-thread-1] INFO org.apache.nifi.processors.standard.RouteText - RouteText[id=fc47b1db-e7ae-450c-887b-29adc31df765] Routing FlowFile[3774,96218312152254.mockFlowFile,24B] to original
[main] DEBUG org.apache.nifi.processors.standard.RouteText - RouteText[id=fc47b1db-e7ae-450c-887b-29adc31df765] Adding new dynamic property: PropertyDescriptor[simple]
[pool-4210-thread-1] INFO org.apache.nifi.processors.standard.RouteText - RouteText[id=fc47b1db-e7ae-450c-887b-29adc31df765] Created FlowFile[3777,96218312707158.mockFlowFile,24B] from FlowFile[3776,96218312707158.mockFlowFile,24B]; routing to relationship simple
[pool-4210-thread-1] INFO org.apache.nifi.processors.standard.RouteText - RouteText[id=fc47b1db-e7ae-450c-887b-29adc31df765] Routing FlowFile[3776,96218312707158.mockFlowFile,24B] to original
[main] DEBUG org.apache.nifi.processors.standard.RouteText - RouteText[id=fc47b1db-e7ae-450c-887b-29adc31df765] Adding new dynamic property: PropertyDescriptor[simple]
[pool-4211-thread-1] INFO org.apache.nifi.processors.standard.RouteText - RouteText[id=fc47b1db-e7ae-450c-887b-29adc31df765] Created FlowFile[3779,96218313193866.mockFlowFile,24B] from FlowFile[3778,96218313193866.mockFlowFile,24B]; routing to relationship simple
[pool-4211-thread-1] INFO org.apache.nifi.processors.standard.RouteText - RouteText[id=fc47b1db-e7ae-450c-887b-29adc31df765] Routing FlowFile[3778,96218313193866.mockFlowFile,24B] to original
[main] DEBUG org.apache.nifi.processors.standard.RouteText - RouteText[id=fc47b1db-e7ae-450c-887b-29adc31df765] Adding new dynamic property: PropertyDescriptor[simple]
[pool-4212-thread-1] INFO org.apache.nifi.processors.standard.RouteText - RouteText[id=fc47b1db-e7ae-450c-887b-29adc31df765] Created FlowFile[3781,96218313654444.mockFlowFile,24B] from FlowFile[3780,96218313654444.mockFlowFile,24B]; routing to relationship simple
[pool-4212-thread-1] INFO org.apache.nifi.processors.standard.RouteText - RouteText[id=fc47b1db-e7ae-450c-887b-29adc31df765] Routing FlowFile[3780,96218313654444.mockFlowFile,24B] to original
[main] DEBUG org.apache.nifi.processors.standard.RouteText - RouteText[id=fc47b1db-e7ae-450c-887b-29adc31df765] Adding new dynamic property: PropertyDescriptor[simple]
[pool-4213-thread-1] INFO org.apache.nifi.processors.standard.RouteText - RouteText[id=fc47b1db-e7ae-450c-887b-29adc31df765] Created FlowFile[3783,96218314016330.mockFlowFile,24B] from FlowFile[3782,96218314016330.mockFlowFile,24B]; routing to relationship simple
[pool-4213-thread-1] INFO org.apache.nifi.processors.standard.RouteText - RouteText[id=fc47b1db-e7ae-450c-887b-29adc31df765] Routing FlowFile[3782,96218314016330.mockFlowFile,24B] to original
[main] DEBUG org.apache.nifi.processors.standard.RouteText - RouteText[id=fc47b1db-e7ae-450c-887b-29adc31df765] Adding new dynamic property: PropertyDescriptor[simple]
[pool-4214-thread-1] INFO org.apache.nifi.processors.standard.RouteText - RouteText[id=fc47b1db-e7ae-450c-887b-29adc31df765] Created FlowFile[3785,96218314373700.mockFlowFile,24B] from FlowFile[3784,96218314373700.mockFlowFile,24B]; routing to relationship simple
[pool-4214-thread-1] INFO org.apache.nifi.processors.standard.RouteText - RouteText[id=fc47b1db-e7ae-450c-887b-29adc31df765] Routing FlowFile[3784,96218314373700.mockFlowFile,24B] to original
[main] DEBUG org.apache.nifi.processors.standard.RouteText - RouteText[id=fc47b1db-e7ae-450c-887b-29adc31df765] Adding new dynamic property: PropertyDescriptor[simple]
[pool-4215-thread-1] INFO org.apache.nifi.processors.standard.RouteText - RouteText[id=fc47b1db-e7ae-450c-887b-29adc31df765] Created FlowFile[3787,96218314721208.mockFlowFile,24B] from FlowFile[3786,96218314721208.mockFlowFile,24B]; routing to relationship simple
[pool-4215-thread-1] INFO org.apache.nifi.processors.standard.RouteText - RouteText[id=fc47b1db-e7ae-450c-887b-29adc31df765] Routing FlowFile[3786,96218314721208.mockFlowFile,24B] to original
[main] DEBUG org.apache.nifi.processors.standard.RouteText - RouteText[id=fc47b1db-e7ae-450c-887b-29adc31df765] Adding new dynamic property: PropertyDescriptor[simple]
[pool-4216-thread-1] INFO org.apache.nifi.processors.standard.RouteText - RouteText[id=fc47b1db-e7ae-450c-887b-29adc31df765] Created FlowFile[3789,96218315067447.mockFlowFile,24B] from FlowFile[3788,96218315067447.mockFlowFile,24B]; routing to relationship simple
[pool-4216-thread-1] INFO org.apache.nifi.processors.standard.RouteText - RouteText[id=fc47b1db-e7ae-450c-887b-29adc31df765] Routing FlowFile[3788,96218315067447.mockFlowFile,24B] to original
[main] DEBUG org.apache.nifi.processors.standard.RouteText - RouteText[id=fc47b1db-e7ae-450c-887b-29adc31df765] Adding new dynamic property: PropertyDescriptor[simple]
[pool-4217-thread-1] INFO org.apache.nifi.processors.standard.RouteText - RouteText[id=fc47b1db-e7ae-450c-887b-29adc31df765] Created FlowFile[3791,96218315542382.mockFlowFile,24B] from FlowFile[3790,96218315542382.mockFlowFile,24B]; routing to relationship simple
[pool-4217-thread-1] INFO org.apache.nifi.processors.standard.RouteText - RouteText[id=fc47b1db-e7ae-450c-887b-29adc31df765] Routing FlowFile[3790,96218315542382.mockFlowFile,24B] to original
[main] DEBUG org.apache.nifi.processors.standard.RouteText - RouteText[id=fc47b1db-e7ae-450c-887b-29adc31df765] Adding new dynamic property: PropertyDescriptor[simple]
[pool-4218-thread-1] INFO org.apache.nifi.processors.standard.RouteText - RouteText[id=fc47b1db-e7ae-450c-887b-29adc31df765] Created FlowFile[3793,96218315948230.mockFlowFile,24B] from FlowFile[3792,96218315948230.mockFlowFile,24B]; routing to relationship simple
[pool-4218-thread-1] INFO org.apache.nifi.processors.standard.RouteText - RouteText[id=fc47b1db-e7ae-450c-887b-29adc31df765] Routing FlowFile[3792,96218315948230.mockFlowFile,24B] to original
[main] DEBUG org.apache.nifi.processors.standard.RouteText - RouteText[id=fc47b1db-e7ae-450c-887b-29adc31df765] Adding new dynamic property: PropertyDescriptor[simple]
[pool-4219-thread-1] INFO org.apache.nifi.processors.standard.RouteText - RouteText[id=fc47b1db-e7ae-450c-887b-29adc31df765] Created FlowFile[3795,96218316409773.mockFlowFile,24B] from FlowFile[3794,96218316409773.mockFlowFile,24B]; routing to relationship simple
[pool-4219-thread-1] INFO org.apache.nifi.processors.standard.RouteText - RouteText[id=fc47b1db-e7ae-450c-887b-29adc31df765] Routing FlowFile[3794,96218316409773.mockFlowFile,24B] to original
[main] DEBUG org.apache.nifi.processors.standard.RouteText - RouteText[id=fc47b1db-e7ae-450c-887b-29adc31df765] Adding new dynamic property: PropertyDescriptor[simple]
[pool-4220-thread-1] INFO org.apache.nifi.processors.standard.RouteText - RouteText[id=fc47b1db-e7ae-450c-887b-29adc31df765] Created FlowFile[3797,96218316850223.mockFlowFile,24B] from FlowFile[3796,96218316850223.mockFlowFile,24B]; routing to relationship simple
[pool-4220-thread-1] INFO org.apache.nifi.processors.standard.RouteText - RouteText[id=fc47b1db-e7ae-450c-887b-29adc31df765] Routing FlowFile[3796,96218316850223.mockFlowFile,24B] to original
[main] DEBUG org.apache.nifi.processors.standard.RouteText - RouteText[id=fc47b1db-e7ae-450c-887b-29adc31df765] Adding new dynamic property: PropertyDescriptor[simple]
[pool-4221-thread-1] INFO org.apache.nifi.processors.standard.RouteText - RouteText[id=fc47b1db-e7ae-450c-887b-29adc31df765] Created FlowFile[3799,96218317233969.mockFlowFile,24B] from FlowFile[3798,96218317233969.mockFlowFile,24B]; routing to relationship simple
[pool-4221-thread-1] INFO org.apache.nifi.processors.standard.RouteText - RouteText[id=fc47b1db-e7ae-450c-887b-29adc31df765] Routing FlowFile[3798,96218317233969.mockFlowFile,24B] to original
[main] DEBUG org.apache.nifi.processors.standard.RouteText - RouteText[id=fc47b1db-e7ae-450c-887b-29adc31df765] Adding new dynamic property: PropertyDescriptor[simple]
[pool-4222-thread-1] INFO org.apache.nifi.processors.standard.RouteText - RouteText[id=fc47b1db-e7ae-450c-887b-29adc31df765] Created FlowFile[3801,96218317584029.mockFlowFile,24B] from FlowFile[3800,96218317584029.mockFlowFile,24B]; routing to relationship simple
[pool-4222-thread-1] INFO org.apache.nifi.processors.standard.RouteText - RouteText[id=fc47b1db-e7ae-450c-887b-29adc31df765] Routing FlowFile[3800,96218317584029.mockFlowFile,24B] to original
[main] DEBUG org.apache.nifi.processors.standard.RouteText - RouteText[id=fc47b1db-e7ae-450c-887b-29adc31df765] Adding new dynamic property: PropertyDescriptor[simple]
[pool-4223-thread-1] INFO org.apache.nifi.processors.standard.RouteText - RouteText[id=fc47b1db-e7ae-450c-887b-29adc31df765] Created FlowFile[3803,96218317918125.mockFlowFile,24B] from FlowFile[3802,96218317918125.mockFlowFile,24B]; routing to relationship simple
[pool-4223-thread-1] INFO org.apache.nifi.processors.standard.RouteText - RouteText[id=fc47b1db-e7ae-450c-887b-29adc31df765] Routing FlowFile[3802,96218317918125.mockFlowFile,24B] to original
[main] DEBUG org.apache.nifi.processors.standard.RouteText - RouteText[id=fc47b1db-e7ae-450c-887b-29adc31df765] Adding new dynamic property: PropertyDescriptor[simple]
[pool-4224-thread-1] INFO org.apache.nifi.processors.standard.RouteText - RouteText[id=fc47b1db-e7ae-450c-887b-29adc31df765] Created FlowFile[3805,96218318249365.mockFlowFile,24B] from FlowFile[3804,96218318249365.mockFlowFile,24B]; routing to relationship simple
[pool-4224-thread-1] INFO org.apache.nifi.processors.standard.RouteText - RouteText[id=fc47b1db-e7ae-450c-887b-29adc31df765] Routing FlowFile[3804,96218318249365.mockFlowFile,24B] to original
[main] DEBUG org.apache.nifi.processors.standard.RouteText - RouteText[id=fc47b1db-e7ae-450c-887b-29adc31df765] Adding new dynamic property: PropertyDescriptor[simple]
[pool-4225-thread-1] INFO org.apache.nifi.processors.standard.RouteText - RouteText[id=fc47b1db-e7ae-450c-887b-29adc31df765] Created FlowFile[3807,96218318612467.mockFlowFile,24B] from FlowFile[3806,96218318612467.mockFlowFile,24B]; routing to relationship simple
[pool-4225-thread-1] INFO org.apache.nifi.processors.standard.RouteText - RouteText[id=fc47b1db-e7ae-450c-887b-29adc31df765] Routing FlowFile[3806,96218318612467.mockFlowFile,24B] to original
[main] DEBUG org.apache.nifi.processors.standard.RouteText - RouteText[id=fc47b1db-e7ae-450c-887b-29adc31df765] Adding new dynamic property: PropertyDescriptor[simple]
[pool-4226-thread-1] INFO org.apache.nifi.processors.standard.RouteText - RouteText[id=fc47b1db-e7ae-450c-887b-29adc31df765] Created FlowFile[3809,96218318952916.mockFlowFile,24B] from FlowFile[3808,96218318952916.mockFlowFile,24B]; routing to relationship simple
[pool-4226-thread-1] INFO org.apache.nifi.processors.standard.RouteText - RouteText[id=fc47b1db-e7ae-450c-887b-29adc31df765] Routing FlowFile[3808,96218318952916.mockFlowFile,24B] to original
[main] DEBUG org.apache.nifi.processors.standard.RouteText - RouteText[id=fc47b1db-e7ae-450c-887b-29adc31df765] Adding new dynamic property: PropertyDescriptor[simple]
[pool-4227-thread-1] INFO org.apache.nifi.processors.standard.RouteText - RouteText[id=fc47b1db-e7ae-450c-887b-29adc31df765] Created FlowFile[3811,96218319309987.mockFlowFile,24B] from FlowFile[3810,96218319309987.mockFlowFile,24B]; routing to relationship simple
[pool-4227-thread-1] INFO org.apache.nifi.processors.standard.RouteText - RouteText[id=fc47b1db-e7ae-450c-887b-29adc31df765] Routing FlowFile[3810,96218319309987.mockFlowFile,24B] to original
[main] DEBUG org.apache.nifi.processors.standard.RouteText - RouteText[id=fc47b1db-e7ae-450c-887b-29adc31df765] Adding new dynamic property: PropertyDescriptor[simple]
[pool-4228-thread-1] INFO org.apache.nifi.processors.standard.RouteText - RouteText[id=fc47b1db-e7ae-450c-887b-29adc31df765] Created FlowFile[3813,96218319712113.mockFlowFile,24B] from FlowFile[3812,96218319712113.mockFlowFile,24B]; routing to relationship simple
[pool-4228-thread-1] INFO org.apache.nifi.processors.standard.RouteText - RouteText[id=fc47b1db-e7ae-450c-887b-29adc31df765] Routing FlowFile[3812,96218319712113.mockFlowFile,24B] to original
[main] DEBUG org.apache.nifi.processors.standard.RouteText - RouteText[id=fc47b1db-e7ae-450c-887b-29adc31df765] Adding new dynamic property: PropertyDescriptor[simple]
[pool-4229-thread-1] INFO org.apache.nifi.processors.standard.RouteText - RouteText[id=fc47b1db-e7ae-450c-887b-29adc31df765] Created FlowFile[3815,96218320223751.mockFlowFile,24B] from FlowFile[3814,96218320223751.mockFlowFile,24B]; routing to relationship simple
[pool-4229-thread-1] INFO org.apache.nifi.processors.standard.RouteText - RouteText[id=fc47b1db-e7ae-450c-887b-29adc31df765] Routing FlowFile[3814,96218320223751.mockFlowFile,24B] to original
[main] DEBUG org.apache.nifi.processors.standard.RouteText - RouteText[id=fc47b1db-e7ae-450c-887b-29adc31df765] Adding new dynamic property: PropertyDescriptor[simple]
[pool-4230-thread-1] INFO org.apache.nifi.processors.standard.RouteText - RouteText[id=fc47b1db-e7ae-450c-887b-29adc31df765] Created FlowFile[3817,96218320745238.mockFlowFile,24B] from FlowFile[3816,96218320745238.mockFlowFile,24B]; routing to relationship simple
[pool-4230-thread-1] INFO org.apache.nifi.processors.standard.RouteText - RouteText[id=fc47b1db-e7ae-450c-887b-29adc31df765] Routing FlowFile[3816,96218320745238.mockFlowFile,24B] to original
[main] DEBUG org.apache.nifi.processors.standard.RouteText - RouteText[id=fc47b1db-e7ae-450c-887b-29adc31df765] Adding new dynamic property: PropertyDescriptor[simple]
[pool-4231-thread-1] INFO org.apache.nifi.processors.standard.RouteText - RouteText[id=fc47b1db-e7ae-450c-887b-29adc31df765] Created FlowFile[3819,96218321204026.mockFlowFile,24B] from FlowFile[3818,96218321204026.mockFlowFile,24B]; routing to relationship simple
[pool-4231-thread-1] INFO org.apache.nifi.processors.standard.RouteText - RouteText[id=fc47b1db-e7ae-450c-887b-29adc31df765] Routing FlowFile[3818,96218321204026.mockFlowFile,24B] to original
[main] DEBUG org.apache.nifi.processors.standard.RouteText - RouteText[id=fc47b1db-e7ae-450c-887b-29adc31df765] Adding new dynamic property: PropertyDescriptor[simple]
[pool-4232-thread-1] INFO org.apache.nifi.processors.standard.RouteText - RouteText[id=fc47b1db-e7ae-450c-887b-29adc31df765] Created FlowFile[3821,96218321555618.mockFlowFile,24B] from FlowFile[3820,96218321555618.mockFlowFile,24B]; routing to relationship simple
[pool-4232-thread-1] INFO org.apache.nifi.processors.standard.RouteText - RouteText[id=fc47b1db-e7ae-450c-887b-29adc31df765] Routing FlowFile[3820,96218321555618.mockFlowFile,24B] to original
[main] DEBUG org.apache.nifi.processors.standard.RouteText - RouteText[id=fc47b1db-e7ae-450c-887b-29adc31df765] Adding new dynamic property: PropertyDescriptor[simple]
[pool-4233-thread-1] INFO org.apache.nifi.processors.standard.RouteText - RouteText[id=fc47b1db-e7ae-450c-887b-29adc31df765] Created FlowFile[3823,96218321897150.mockFlowFile,24B] from FlowFile[3822,96218321897150.mockFlowFile,24B]; routing to relationship simple
[pool-4233-thread-1] INFO org.apache.nifi.processors.standard.RouteText - RouteText[id=fc47b1db-e7ae-450c-887b-29adc31df765] Routing FlowFile[3822,96218321897150.mockFlowFile,24B] to original
[main] DEBUG org.apache.nifi.processors.standard.RouteText - RouteText[id=fc47b1db-e7ae-450c-887b-29adc31df765] Adding new dynamic property: PropertyDescriptor[simple]
[pool-4234-thread-1] INFO org.apache.nifi.processors.standard.RouteText - RouteText[id=fc47b1db-e7ae-450c-887b-29adc31df765] Created FlowFile[3825,96218322240221.mockFlowFile,24B] from FlowFile[3824,96218322240221.mockFlowFile,24B]; routing to relationship simple
[pool-4234-thread-1] INFO org.apache.nifi.processors.standard.RouteText - RouteText[id=fc47b1db-e7ae-450c-887b-29adc31df765] Routing FlowFile[3824,96218322240221.mockFlowFile,24B] to original
[main] DEBUG org.apache.nifi.processors.standard.RouteText - RouteText[id=fc47b1db-e7ae-450c-887b-29adc31df765] Adding new dynamic property: PropertyDescriptor[simple]
[pool-4235-thread-1] INFO org.apache.nifi.processors.standard.RouteText - RouteText[id=fc47b1db-e7ae-450c-887b-29adc31df765] Created FlowFile[3827,96218322607794.mockFlowFile,24B] from FlowFile[3826,96218322607794.mockFlowFile,24B]; routing to relationship simple
[pool-4235-thread-1] INFO org.apache.nifi.processors.standard.RouteText - RouteText[id=fc47b1db-e7ae-450c-887b-29adc31df765] Routing FlowFile[3826,96218322607794.mockFlowFile,24B] to original
[main] DEBUG org.apache.nifi.processors.standard.RouteText - RouteText[id=fc47b1db-e7ae-450c-887b-29adc31df765] Adding new dynamic property: PropertyDescriptor[simple]
[pool-4236-thread-1] INFO org.apache.nifi.processors.standard.RouteText - RouteText[id=fc47b1db-e7ae-450c-887b-29adc31df765] Created FlowFile[3829,96218323206914.mockFlowFile,24B] from FlowFile[3828,96218323206914.mockFlowFile,24B]; routing to relationship simple
[pool-4236-thread-1] INFO org.apache.nifi.processors.standard.RouteText - RouteText[id=fc47b1db-e7ae-450c-887b-29adc31df765] Routing FlowFile[3828,96218323206914.mockFlowFile,24B] to original
[main] DEBUG org.apache.nifi.processors.standard.RouteText - RouteText[id=fc47b1db-e7ae-450c-887b-29adc31df765] Adding new dynamic property: PropertyDescriptor[simple]
[pool-4237-thread-1] INFO org.apache.nifi.processors.standard.RouteText - RouteText[id=fc47b1db-e7ae-450c-887b-29adc31df765] Created FlowFile[3831,96218323729583.mockFlowFile,24B] from FlowFile[3830,96218323729583.mockFlowFile,24B]; routing to relationship simple
[pool-4237-thread-1] INFO org.apache.nifi.processors.standard.RouteText - RouteText[id=fc47b1db-e7ae-450c-887b-29adc31df765] Routing FlowFile[3830,96218323729583.mockFlowFile,24B] to original
[main] DEBUG org.apache.nifi.processors.standard.RouteText - RouteText[id=fc47b1db-e7ae-450c-887b-29adc31df765] Adding new dynamic property: PropertyDescriptor[simple]
[pool-4238-thread-1] INFO org.apache.nifi.processors.standard.RouteText - RouteText[id=fc47b1db-e7ae-450c-887b-29adc31df765] Created FlowFile[3833,96218324212597.mockFlowFile,24B] from FlowFile[3832,96218324212597.mockFlowFile,24B]; routing to relationship simple
[pool-4238-thread-1] INFO org.apache.nifi.processors.standard.RouteText - RouteText[id=fc47b1db-e7ae-450c-887b-29adc31df765] Routing FlowFile[3832,96218324212597.mockFlowFile,24B] to original
[main] DEBUG org.apache.nifi.processors.standard.RouteText - RouteText[id=fc47b1db-e7ae-450c-887b-29adc31df765] Adding new dynamic property: PropertyDescriptor[simple]
[pool-4239-thread-1] INFO org.apache.nifi.processors.standard.RouteText - RouteText[id=fc47b1db-e7ae-450c-887b-29adc31df765] Created FlowFile[3835,96218324805222.mockFlowFile,24B] from FlowFile[3834,96218324805222.mockFlowFile,24B]; routing to relationship simple
[pool-4239-thread-1] INFO org.apache.nifi.processors.standard.RouteText - RouteText[id=fc47b1db-e7ae-450c-887b-29adc31df765] Routing FlowFile[3834,96218324805222.mockFlowFile,24B] to original
[main] DEBUG org.apache.nifi.processors.standard.RouteText - RouteText[id=fc47b1db-e7ae-450c-887b-29adc31df765] Adding new dynamic property: PropertyDescriptor[simple]
[pool-4240-thread-1] INFO org.apache.nifi.processors.standard.RouteText - RouteText[id=fc47b1db-e7ae-450c-887b-29adc31df765] Created FlowFile[3837,96218325256044.mockFlowFile,24B] from FlowFile[3836,96218325256044.mockFlowFile,24B]; routing to relationship simple
[pool-4240-thread-1] INFO org.apache.nifi.processors.standard.RouteText - RouteText[id=fc47b1db-e7ae-450c-887b-29adc31df765] Routing FlowFile[3836,96218325256044.mockFlowFile,24B] to original
[main] DEBUG org.apache.nifi.processors.standard.RouteText - RouteText[id=fc47b1db-e7ae-450c-887b-29adc31df765] Adding new dynamic property: PropertyDescriptor[simple]
[pool-4241-thread-1] INFO org.apache.nifi.processors.standard.RouteText - RouteText[id=fc47b1db-e7ae-450c-887b-29adc31df765] Created FlowFile[3839,96218325642628.mockFlowFile,24B] from FlowFile[3838,96218325642628.mockFlowFile,24B]; routing to relationship simple
[pool-4241-thread-1] INFO org.apache.nifi.processors.standard.RouteText - RouteText[id=fc47b1db-e7ae-450c-887b-29adc31df765] Routing FlowFile[3838,96218325642628.mockFlowFile,24B] to original
[main] DEBUG org.apache.nifi.processors.standard.RouteText - RouteText[id=fc47b1db-e7ae-450c-887b-29adc31df765] Adding new dynamic property: PropertyDescriptor[simple]
[pool-4242-thread-1] INFO org.apache.nifi.processors.standard.RouteText - RouteText[id=fc47b1db-e7ae-450c-887b-29adc31df765] Created FlowFile[3841,96218326069367.mockFlowFile,24B] from FlowFile[3840,96218326069367.mockFlowFile,24B]; routing to relationship simple
[pool-4242-thread-1] INFO org.apache.nifi.processors.standard.RouteText - RouteText[id=fc47b1db-e7ae-450c-887b-29adc31df765] Routing FlowFile[3840,96218326069367.mockFlowFile,24B] to original
[main] DEBUG org.apache.nifi.processors.standard.RouteText - RouteText[id=fc47b1db-e7ae-450c-887b-29adc31df765] Adding new dynamic property: PropertyDescriptor[simple]
[pool-4243-thread-1] INFO org.apache.nifi.processors.standard.RouteText - RouteText[id=fc47b1db-e7ae-450c-887b-29adc31df765] Created FlowFile[3843,96218326436210.mockFlowFile,24B] from FlowFile[3842,96218326436210.mockFlowFile,24B]; routing to relationship simple
[pool-4243-thread-1] INFO org.apache.nifi.processors.standard.RouteText - RouteText[id=fc47b1db-e7ae-450c-887b-29adc31df765] Routing FlowFile[3842,96218326436210.mockFlowFile,24B] to original
[main] DEBUG org.apache.nifi.processors.standard.RouteText - RouteText[id=fc47b1db-e7ae-450c-887b-29adc31df765] Adding new dynamic property: PropertyDescriptor[simple]
[pool-4244-thread-1] INFO org.apache.nifi.processors.standard.RouteText - RouteText[id=fc47b1db-e7ae-450c-887b-29adc31df765] Created FlowFile[3845,96218326799350.mockFlowFile,24B] from FlowFile[3844,96218326799350.mockFlowFile,24B]; routing to relationship simple
[pool-4244-thread-1] INFO org.apache.nifi.processors.standard.RouteText - RouteText[id=fc47b1db-e7ae-450c-887b-29adc31df765] Routing FlowFile[3844,96218326799350.mockFlowFile,24B] to original
[main] DEBUG org.apache.nifi.processors.standard.RouteText - RouteText[id=fc47b1db-e7ae-450c-887b-29adc31df765] Adding new dynamic property: PropertyDescriptor[simple]
[pool-4245-thread-1] INFO org.apache.nifi.processors.standard.RouteText - RouteText[id=fc47b1db-e7ae-450c-887b-29adc31df765] Created FlowFile[3847,96218327220289.mockFlowFile,24B] from FlowFile[3846,96218327220289.mockFlowFile,24B]; routing to relationship simple
[pool-4245-thread-1] INFO org.apache.nifi.processors.standard.RouteText - RouteText[id=fc47b1db-e7ae-450c-887b-29adc31df765] Routing FlowFile[3846,96218327220289.mockFlowFile,24B] to original
[main] DEBUG org.apache.nifi.processors.standard.RouteText - RouteText[id=fc47b1db-e7ae-450c-887b-29adc31df765] Adding new dynamic property: PropertyDescriptor[simple]
[pool-4246-thread-1] INFO org.apache.nifi.processors.standard.RouteText - RouteText[id=fc47b1db-e7ae-450c-887b-29adc31df765] Created FlowFile[3849,96218327614944.mockFlowFile,24B] from FlowFile[3848,96218327614944.mockFlowFile,24B]; routing to relationship simple
[pool-4246-thread-1] INFO org.apache.nifi.processors.standard.RouteText - RouteText[id=fc47b1db-e7ae-450c-887b-29adc31df765] Routing FlowFile[3848,96218327614944.mockFlowFile,24B] to original
[main] DEBUG org.apache.nifi.processors.standard.RouteText - RouteText[id=fc47b1db-e7ae-450c-887b-29adc31df765] Adding new dynamic property: PropertyDescriptor[simple]
[pool-4247-thread-1] INFO org.apache.nifi.processors.standard.RouteText - RouteText[id=fc47b1db-e7ae-450c-887b-29adc31df765] Created FlowFile[3851,96218327995375.mockFlowFile,24B] from FlowFile[3850,96218327995375.mockFlowFile,24B]; routing to relationship simple
[pool-4247-thread-1] INFO org.apache.nifi.processors.standard.RouteText - RouteText[id=fc47b1db-e7ae-450c-887b-29adc31df765] Routing FlowFile[3850,96218327995375.mockFlowFile,24B] to original
[main] DEBUG org.apache.nifi.processors.standard.RouteText - RouteText[id=fc47b1db-e7ae-450c-887b-29adc31df765] Adding new dynamic property: PropertyDescriptor[simple]
[pool-4248-thread-1] INFO org.apache.nifi.processors.standard.RouteText - RouteText[id=fc47b1db-e7ae-450c-887b-29adc31df765] Created FlowFile[3853,96218328496646.mockFlowFile,24B] from FlowFile[3852,96218328496646.mockFlowFile,24B]; routing to relationship simple
[pool-4248-thread-1] INFO org.apache.nifi.processors.standard.RouteText - RouteText[id=fc47b1db-e7ae-450c-887b-29adc31df765] Routing FlowFile[3852,96218328496646.mockFlowFile,24B] to original
[main] DEBUG org.apache.nifi.processors.standard.RouteText - RouteText[id=fc47b1db-e7ae-450c-887b-29adc31df765] Adding new dynamic property: PropertyDescriptor[simple]
[pool-4249-thread-1] INFO org.apache.nifi.processors.standard.RouteText - RouteText[id=fc47b1db-e7ae-450c-887b-29adc31df765] Created FlowFile[3855,96218328975453.mockFlowFile,24B] from FlowFile[3854,96218328975453.mockFlowFile,24B]; routing to relationship simple
[pool-4249-thread-1] INFO org.apache.nifi.processors.standard.RouteText - RouteText[id=fc47b1db-e7ae-450c-887b-29adc31df765] Routing FlowFile[3854,96218328975453.mockFlowFile,24B] to original
[main] DEBUG org.apache.nifi.processors.standard.RouteText - RouteText[id=fc47b1db-e7ae-450c-887b-29adc31df765] Adding new dynamic property: PropertyDescriptor[simple]
[pool-4250-thread-1] INFO org.apache.nifi.processors.standard.RouteText - RouteText[id=fc47b1db-e7ae-450c-887b-29adc31df765] Created FlowFile[3857,96218329457578.mockFlowFile,24B] from FlowFile[3856,96218329457578.mockFlowFile,24B]; routing to relationship simple
[pool-4250-thread-1] INFO org.apache.nifi.processors.standard.RouteText - RouteText[id=fc47b1db-e7ae-450c-887b-29adc31df765] Routing FlowFile[3856,96218329457578.mockFlowFile,24B] to original
[main] DEBUG org.apache.nifi.processors.standard.RouteText - RouteText[id=fc47b1db-e7ae-450c-887b-29adc31df765] Adding new dynamic property: PropertyDescriptor[simple]
[pool-4251-thread-1] INFO org.apache.nifi.processors.standard.RouteText - RouteText[id=fc47b1db-e7ae-450c-887b-29adc31df765] Created FlowFile[3859,96218329865360.mockFlowFile,24B] from FlowFile[3858,96218329865360.mockFlowFile,24B]; routing to relationship simple
[pool-4251-thread-1] INFO org.apache.nifi.processors.standard.RouteText - RouteText[id=fc47b1db-e7ae-450c-887b-29adc31df765] Routing FlowFile[3858,96218329865360.mockFlowFile,24B] to original
[main] DEBUG org.apache.nifi.processors.standard.RouteText - RouteText[id=fc47b1db-e7ae-450c-887b-29adc31df765] Adding new dynamic property: PropertyDescriptor[simple]
[pool-4252-thread-1] INFO org.apache.nifi.processors.standard.RouteText - RouteText[id=fc47b1db-e7ae-450c-887b-29adc31df765] Created FlowFile[3861,96218330256531.mockFlowFile,24B] from FlowFile[3860,96218330256531.mockFlowFile,24B]; routing to relationship simple
[pool-4252-thread-1] INFO org.apache.nifi.processors.standard.RouteText - RouteText[id=fc47b1db-e7ae-450c-887b-29adc31df765] Routing FlowFile[3860,96218330256531.mockFlowFile,24B] to original
[main] DEBUG org.apache.nifi.processors.standard.RouteText - RouteText[id=fc47b1db-e7ae-450c-887b-29adc31df765] Adding new dynamic property: PropertyDescriptor[simple]
[pool-4253-thread-1] INFO org.apache.nifi.processors.standard.RouteText - RouteText[id=fc47b1db-e7ae-450c-887b-29adc31df765] Created FlowFile[3863,96218330649527.mockFlowFile,24B] from FlowFile[3862,96218330649527.mockFlowFile,24B]; routing to relationship simple
[pool-4253-thread-1] INFO org.apache.nifi.processors.standard.RouteText - RouteText[id=fc47b1db-e7ae-450c-887b-29adc31df765] Routing FlowFile[3862,96218330649527.mockFlowFile,24B] to original
[main] DEBUG org.apache.nifi.processors.standard.RouteText - RouteText[id=fc47b1db-e7ae-450c-887b-29adc31df765] Adding new dynamic property: PropertyDescriptor[simple]
[pool-4254-thread-1] INFO org.apache.nifi.processors.standard.RouteText - RouteText[id=fc47b1db-e7ae-450c-887b-29adc31df765] Created FlowFile[3865,96218331033476.mockFlowFile,24B] from FlowFile[3864,96218331033476.mockFlowFile,24B]; routing to relationship simple
[pool-4254-thread-1] INFO org.apache.nifi.processors.standard.RouteText - RouteText[id=fc47b1db-e7ae-450c-887b-29adc31df765] Routing FlowFile[3864,96218331033476.mockFlowFile,24B] to original
[main] DEBUG org.apache.nifi.processors.standard.RouteText - RouteText[id=fc47b1db-e7ae-450c-887b-29adc31df765] Adding new dynamic property: PropertyDescriptor[simple]
[pool-4255-thread-1] INFO org.apache.nifi.processors.standard.RouteText - RouteText[id=fc47b1db-e7ae-450c-887b-29adc31df765] Created FlowFile[3867,96218331557094.mockFlowFile,24B] from FlowFile[3866,96218331557094.mockFlowFile,24B]; routing to relationship simple
[pool-4255-thread-1] INFO org.apache.nifi.processors.standard.RouteText - RouteText[id=fc47b1db-e7ae-450c-887b-29adc31df765] Routing FlowFile[3866,96218331557094.mockFlowFile,24B] to original
[main] DEBUG org.apache.nifi.processors.standard.RouteText - RouteText[id=fc47b1db-e7ae-450c-887b-29adc31df765] Adding new dynamic property: PropertyDescriptor[simple]
[pool-4256-thread-1] INFO org.apache.nifi.processors.standard.RouteText - RouteText[id=fc47b1db-e7ae-450c-887b-29adc31df765] Created FlowFile[3869,96218332228713.mockFlowFile,24B] from FlowFile[3868,96218332228713.mockFlowFile,24B]; routing to relationship simple
[pool-4256-thread-1] INFO org.apache.nifi.processors.standard.RouteText - RouteText[id=fc47b1db-e7ae-450c-887b-29adc31df765] Routing FlowFile[3868,96218332228713.mockFlowFile,24B] to original
[main] DEBUG org.apache.nifi.processors.standard.RouteText - RouteText[id=fc47b1db-e7ae-450c-887b-29adc31df765] Adding new dynamic property: PropertyDescriptor[simple]
[pool-4257-thread-1] INFO org.apache.nifi.processors.standard.RouteText - RouteText[id=fc47b1db-e7ae-450c-887b-29adc31df765] Created FlowFile[3871,96218332761005.mockFlowFile,24B] from FlowFile[3870,96218332761005.mockFlowFile,24B]; routing to relationship simple
[pool-4257-thread-1] INFO org.apache.nifi.processors.standard.RouteText - RouteText[id=fc47b1db-e7ae-450c-887b-29adc31df765] Routing FlowFile[3870,96218332761005.mockFlowFile,24B] to original
[main] DEBUG org.apache.nifi.processors.standard.RouteText - RouteText[id=fc47b1db-e7ae-450c-887b-29adc31df765] Adding new dynamic property: PropertyDescriptor[simple]
[pool-4258-thread-1] INFO org.apache.nifi.processors.standard.RouteText - RouteText[id=fc47b1db-e7ae-450c-887b-29adc31df765] Created FlowFile[3873,96218333248533.mockFlowFile,24B] from FlowFile[3872,96218333248533.mockFlowFile,24B]; routing to relationship simple
[pool-4258-thread-1] INFO org.apache.nifi.processors.standard.RouteText - RouteText[id=fc47b1db-e7ae-450c-887b-29adc31df765] Routing FlowFile[3872,96218333248533.mockFlowFile,24B] to original
[main] DEBUG org.apache.nifi.processors.standard.RouteText - RouteText[id=fc47b1db-e7ae-450c-887b-29adc31df765] Adding new dynamic property: PropertyDescriptor[simple]
[pool-4259-thread-1] INFO org.apache.nifi.processors.standard.RouteText - RouteText[id=fc47b1db-e7ae-450c-887b-29adc31df765] Created FlowFile[3875,96218333737387.mockFlowFile,24B] from FlowFile[3874,96218333737387.mockFlowFile,24B]; routing to relationship simple
[pool-4259-thread-1] INFO org.apache.nifi.processors.standard.RouteText - RouteText[id=fc47b1db-e7ae-450c-887b-29adc31df765] Routing FlowFile[3874,96218333737387.mockFlowFile,24B] to original
[main] DEBUG org.apache.nifi.processors.standard.RouteText - RouteText[id=fc47b1db-e7ae-450c-887b-29adc31df765] Adding new dynamic property: PropertyDescriptor[simple]
[pool-4260-thread-1] INFO org.apache.nifi.processors.standard.RouteText - RouteText[id=fc47b1db-e7ae-450c-887b-29adc31df765] Created FlowFile[3877,96218334133881.mockFlowFile,24B] from FlowFile[3876,96218334133881.mockFlowFile,24B]; routing to relationship simple
[pool-4260-thread-1] INFO org.apache.nifi.processors.standard.RouteText - RouteText[id=fc47b1db-e7ae-450c-887b-29adc31df765] Routing FlowFile[3876,96218334133881.mockFlowFile,24B] to original
[main] DEBUG org.apache.nifi.processors.standard.RouteText - RouteText[id=fc47b1db-e7ae-450c-887b-29adc31df765] Adding new dynamic property: PropertyDescriptor[simple]
[pool-4261-thread-1] INFO org.apache.nifi.processors.standard.RouteText - RouteText[id=fc47b1db-e7ae-450c-887b-29adc31df765] Created FlowFile[3879,96218334530663.mockFlowFile,24B] from FlowFile[3878,96218334530663.mockFlowFile,24B]; routing to relationship simple
[pool-4261-thread-1] INFO org.apache.nifi.processors.standard.RouteText - RouteText[id=fc47b1db-e7ae-450c-887b-29adc31df765] Routing FlowFile[3878,96218334530663.mockFlowFile,24B] to original
[main] DEBUG org.apache.nifi.processors.standard.RouteText - RouteText[id=fc47b1db-e7ae-450c-887b-29adc31df765] Adding new dynamic property: PropertyDescriptor[simple]
[pool-4262-thread-1] INFO org.apache.nifi.processors.standard.RouteText - RouteText[id=fc47b1db-e7ae-450c-887b-29adc31df765] Created FlowFile[3881,96218334912914.mockFlowFile,24B] from FlowFile[3880,96218334912914.mockFlowFile,24B]; routing to relationship simple
[pool-4262-thread-1] INFO org.apache.nifi.processors.standard.RouteText - RouteText[id=fc47b1db-e7ae-450c-887b-29adc31df765] Routing FlowFile[3880,96218334912914.mockFlowFile,24B] to original
[main] DEBUG org.apache.nifi.processors.standard.RouteText - RouteText[id=fc47b1db-e7ae-450c-887b-29adc31df765] Adding new dynamic property: PropertyDescriptor[simple]
[pool-4263-thread-1] INFO org.apache.nifi.processors.standard.RouteText - RouteText[id=fc47b1db-e7ae-450c-887b-29adc31df765] Created FlowFile[3883,96218335361436.mockFlowFile,24B] from FlowFile[3882,96218335361436.mockFlowFile,24B]; routing to relationship simple
[pool-4263-thread-1] INFO org.apache.nifi.processors.standard.RouteText - RouteText[id=fc47b1db-e7ae-450c-887b-29adc31df765] Routing FlowFile[3882,96218335361436.mockFlowFile,24B] to original
[main] DEBUG org.apache.nifi.processors.standard.RouteText - RouteText[id=fc47b1db-e7ae-450c-887b-29adc31df765] Adding new dynamic property: PropertyDescriptor[simple]
[pool-4264-thread-1] INFO org.apache.nifi.processors.standard.RouteText - RouteText[id=fc47b1db-e7ae-450c-887b-29adc31df765] Created FlowFile[3885,96218335774925.mockFlowFile,24B] from FlowFile[3884,96218335774925.mockFlowFile,24B]; routing to relationship simple
[pool-4264-thread-1] INFO org.apache.nifi.processors.standard.RouteText - RouteText[id=fc47b1db-e7ae-450c-887b-29adc31df765] Routing FlowFile[3884,96218335774925.mockFlowFile,24B] to original
[main] DEBUG org.apache.nifi.processors.standard.RouteText - RouteText[id=fc47b1db-e7ae-450c-887b-29adc31df765] Adding new dynamic property: PropertyDescriptor[simple]
[pool-4265-thread-1] INFO org.apache.nifi.processors.standard.RouteText - RouteText[id=fc47b1db-e7ae-450c-887b-29adc31df765] Created FlowFile[3887,96218336147945.mockFlowFile,24B] from FlowFile[3886,96218336147945.mockFlowFile,24B]; routing to relationship simple
[pool-4265-thread-1] INFO org.apache.nifi.processors.standard.RouteText - RouteText[id=fc47b1db-e7ae-450c-887b-29adc31df765] Routing FlowFile[3886,96218336147945.mockFlowFile,24B] to original
[main] DEBUG org.apache.nifi.processors.standard.RouteText - RouteText[id=fc47b1db-e7ae-450c-887b-29adc31df765] Adding new dynamic property: PropertyDescriptor[simple]
[pool-4266-thread-1] INFO org.apache.nifi.processors.standard.RouteText - RouteText[id=fc47b1db-e7ae-450c-887b-29adc31df765] Created FlowFile[3889,96218336657017.mockFlowFile,24B] from FlowFile[3888,96218336657017.mockFlowFile,24B]; routing to relationship simple
[pool-4266-thread-1] INFO org.apache.nifi.processors.standard.RouteText - RouteText[id=fc47b1db-e7ae-450c-887b-29adc31df765] Routing FlowFile[3888,96218336657017.mockFlowFile,24B] to original
[main] DEBUG org.apache.nifi.processors.standard.RouteText - RouteText[id=fc47b1db-e7ae-450c-887b-29adc31df765] Adding new dynamic property: PropertyDescriptor[simple]
[pool-4267-thread-1] INFO org.apache.nifi.processors.standard.RouteText - RouteText[id=fc47b1db-e7ae-450c-887b-29adc31df765] Created FlowFile[3891,96218337143632.mockFlowFile,24B] from FlowFile[3890,96218337143632.mockFlowFile,24B]; routing to relationship simple
[pool-4267-thread-1] INFO org.apache.nifi.processors.standard.RouteText - RouteText[id=fc47b1db-e7ae-450c-887b-29adc31df765] Routing FlowFile[3890,96218337143632.mockFlowFile,24B] to original
[main] DEBUG org.apache.nifi.processors.standard.RouteText - RouteText[id=fc47b1db-e7ae-450c-887b-29adc31df765] Adding new dynamic property: PropertyDescriptor[simple]
[pool-4268-thread-1] INFO org.apache.nifi.processors.standard.RouteText - RouteText[id=fc47b1db-e7ae-450c-887b-29adc31df765] Created FlowFile[3893,96218337613760.mockFlowFile,24B] from FlowFile[3892,96218337613760.mockFlowFile,24B]; routing to relationship simple
[pool-4268-thread-1] INFO org.apache.nifi.processors.standard.RouteText - RouteText[id=fc47b1db-e7ae-450c-887b-29adc31df765] Routing FlowFile[3892,96218337613760.mockFlowFile,24B] to original
[main] DEBUG org.apache.nifi.processors.standard.RouteText - RouteText[id=fc47b1db-e7ae-450c-887b-29adc31df765] Adding new dynamic property: PropertyDescriptor[simple]
[pool-4269-thread-1] INFO org.apache.nifi.processors.standard.RouteText - RouteText[id=fc47b1db-e7ae-450c-887b-29adc31df765] Created FlowFile[3895,96218338046502.mockFlowFile,24B] from FlowFile[3894,96218338046502.mockFlowFile,24B]; routing to relationship simple
[pool-4269-thread-1] INFO org.apache.nifi.processors.standard.RouteText - RouteText[id=fc47b1db-e7ae-450c-887b-29adc31df765] Routing FlowFile[3894,96218338046502.mockFlowFile,24B] to original
[main] DEBUG org.apache.nifi.processors.standard.RouteText - RouteText[id=fc47b1db-e7ae-450c-887b-29adc31df765] Adding new dynamic property: PropertyDescriptor[simple]
[pool-4270-thread-1] INFO org.apache.nifi.processors.standard.RouteText - RouteText[id=fc47b1db-e7ae-450c-887b-29adc31df765] Created FlowFile[3897,96218338425843.mockFlowFile,24B] from FlowFile[3896,96218338425843.mockFlowFile,24B]; routing to relationship simple
[pool-4270-thread-1] INFO org.apache.nifi.processors.standard.RouteText - RouteText[id=fc47b1db-e7ae-450c-887b-29adc31df765] Routing FlowFile[3896,96218338425843.mockFlowFile,24B] to original
[main] DEBUG org.apache.nifi.processors.standard.RouteText - RouteText[id=fc47b1db-e7ae-450c-887b-29adc31df765] Adding new dynamic property: PropertyDescriptor[simple]
[pool-4271-thread-1] INFO org.apache.nifi.processors.standard.RouteText - RouteText[id=fc47b1db-e7ae-450c-887b-29adc31df765] Created FlowFile[3899,96218387463135.mockFlowFile,24B] from FlowFile[3898,96218387463135.mockFlowFile,24B]; routing to relationship simple
[pool-4271-thread-1] INFO org.apache.nifi.processors.standard.RouteText - RouteText[id=fc47b1db-e7ae-450c-887b-29adc31df765] Routing FlowFile[3898,96218387463135.mockFlowFile,24B] to original
[main] DEBUG org.apache.nifi.processors.standard.RouteText - RouteText[id=fc47b1db-e7ae-450c-887b-29adc31df765] Adding new dynamic property: PropertyDescriptor[simple]
[pool-4272-thread-1] INFO org.apache.nifi.processors.standard.RouteText - RouteText[id=fc47b1db-e7ae-450c-887b-29adc31df765] Created FlowFile[3901,96218388115791.mockFlowFile,24B] from FlowFile[3900,96218388115791.mockFlowFile,24B]; routing to relationship simple
[pool-4272-thread-1] INFO org.apache.nifi.processors.standard.RouteText - RouteText[id=fc47b1db-e7ae-450c-887b-29adc31df765] Routing FlowFile[3900,96218388115791.mockFlowFile,24B] to original
[main] DEBUG org.apache.nifi.processors.standard.RouteText - RouteText[id=fc47b1db-e7ae-450c-887b-29adc31df765] Adding new dynamic property: PropertyDescriptor[simple]
[pool-4273-thread-1] INFO org.apache.nifi.processors.standard.RouteText - RouteText[id=fc47b1db-e7ae-450c-887b-29adc31df765] Created FlowFile[3903,96218388554747.mockFlowFile,24B] from FlowFile[3902,96218388554747.mockFlowFile,24B]; routing to relationship simple
[pool-4273-thread-1] INFO org.apache.nifi.processors.standard.RouteText - RouteText[id=fc47b1db-e7ae-450c-887b-29adc31df765] Routing FlowFile[3902,96218388554747.mockFlowFile,24B] to original
[main] DEBUG org.apache.nifi.processors.standard.RouteText - RouteText[id=fc47b1db-e7ae-450c-887b-29adc31df765] Adding new dynamic property: PropertyDescriptor[simple]
[pool-4274-thread-1] INFO org.apache.nifi.processors.standard.RouteText - RouteText[id=fc47b1db-e7ae-450c-887b-29adc31df765] Created FlowFile[3905,96218389066042.mockFlowFile,24B] from FlowFile[3904,96218389066042.mockFlowFile,24B]; routing to relationship simple
[pool-4274-thread-1] INFO org.apache.nifi.processors.standard.RouteText - RouteText[id=fc47b1db-e7ae-450c-887b-29adc31df765] Routing FlowFile[3904,96218389066042.mockFlowFile,24B] to original
[main] DEBUG org.apache.nifi.processors.standard.RouteText - RouteText[id=fc47b1db-e7ae-450c-887b-29adc31df765] Adding new dynamic property: PropertyDescriptor[simple]
[pool-4275-thread-1] INFO org.apache.nifi.processors.standard.RouteText - RouteText[id=fc47b1db-e7ae-450c-887b-29adc31df765] Created FlowFile[3907,96218389610126.mockFlowFile,24B] from FlowFile[3906,96218389610126.mockFlowFile,24B]; routing to relationship simple
[pool-4275-thread-1] INFO org.apache.nifi.processors.standard.RouteText - RouteText[id=fc47b1db-e7ae-450c-887b-29adc31df765] Routing FlowFile[3906,96218389610126.mockFlowFile,24B] to original
[main] DEBUG org.apache.nifi.processors.standard.RouteText - RouteText[id=fc47b1db-e7ae-450c-887b-29adc31df765] Adding new dynamic property: PropertyDescriptor[simple]
[pool-4276-thread-1] INFO org.apache.nifi.processors.standard.RouteText - RouteText[id=fc47b1db-e7ae-450c-887b-29adc31df765] Created FlowFile[3909,96218390180465.mockFlowFile,24B] from FlowFile[3908,96218390180465.mockFlowFile,24B]; routing to relationship simple
[pool-4276-thread-1] INFO org.apache.nifi.processors.standard.RouteText - RouteText[id=fc47b1db-e7ae-450c-887b-29adc31df765] Routing FlowFile[3908,96218390180465.mockFlowFile,24B] to original
[main] DEBUG org.apache.nifi.processors.standard.RouteText - RouteText[id=fc47b1db-e7ae-450c-887b-29adc31df765] Adding new dynamic property: PropertyDescriptor[simple]
[pool-4277-thread-1] INFO org.apache.nifi.processors.standard.RouteText - RouteText[id=fc47b1db-e7ae-450c-887b-29adc31df765] Created FlowFile[3911,96218390727212.mockFlowFile,24B] from FlowFile[3910,96218390727212.mockFlowFile,24B]; routing to relationship simple
[pool-4277-thread-1] INFO org.apache.nifi.processors.standard.RouteText - RouteText[id=fc47b1db-e7ae-450c-887b-29adc31df765] Routing FlowFile[3910,96218390727212.mockFlowFile,24B] to original
[main] DEBUG org.apache.nifi.processors.standard.RouteText - RouteText[id=fc47b1db-e7ae-450c-887b-29adc31df765] Adding new dynamic property: PropertyDescriptor[simple]
[pool-4278-thread-1] INFO org.apache.nifi.processors.standard.RouteText - RouteText[id=fc47b1db-e7ae-450c-887b-29adc31df765] Created FlowFile[3913,96218391255043.mockFlowFile,24B] from FlowFile[3912,96218391255043.mockFlowFile,24B]; routing to relationship simple
[pool-4278-thread-1] INFO org.apache.nifi.processors.standard.RouteText - RouteText[id=fc47b1db-e7ae-450c-887b-29adc31df765] Routing FlowFile[3912,96218391255043.mockFlowFile,24B] to original
[main] DEBUG org.apache.nifi.processors.standard.RouteText - RouteText[id=fc47b1db-e7ae-450c-887b-29adc31df765] Adding new dynamic property: PropertyDescriptor[simple]
[pool-4279-thread-1] INFO org.apache.nifi.processors.standard.RouteText - RouteText[id=fc47b1db-e7ae-450c-887b-29adc31df765] Created FlowFile[3915,96218391809982.mockFlowFile,24B] from FlowFile[3914,96218391809982.mockFlowFile,24B]; routing to relationship simple
[pool-4279-thread-1] INFO org.apache.nifi.processors.standard.RouteText - RouteText[id=fc47b1db-e7ae-450c-887b-29adc31df765] Routing FlowFile[3914,96218391809982.mockFlowFile,24B] to original
[main] DEBUG org.apache.nifi.processors.standard.RouteText - RouteText[id=fc47b1db-e7ae-450c-887b-29adc31df765] Adding new dynamic property: PropertyDescriptor[simple]
[pool-4280-thread-1] INFO org.apache.nifi.processors.standard.RouteText - RouteText[id=fc47b1db-e7ae-450c-887b-29adc31df765] Created FlowFile[3917,96218392387179.mockFlowFile,24B] from FlowFile[3916,96218392387179.mockFlowFile,24B]; routing to relationship simple
[pool-4280-thread-1] INFO org.apache.nifi.processors.standard.RouteText - RouteText[id=fc47b1db-e7ae-450c-887b-29adc31df765] Routing FlowFile[3916,96218392387179.mockFlowFile,24B] to original
[main] DEBUG org.apache.nifi.processors.standard.RouteText - RouteText[id=fc47b1db-e7ae-450c-887b-29adc31df765] Adding new dynamic property: PropertyDescriptor[simple]
[pool-4281-thread-1] INFO org.apache.nifi.processors.standard.RouteText - RouteText[id=fc47b1db-e7ae-450c-887b-29adc31df765] Created FlowFile[3919,96218392971740.mockFlowFile,24B] from FlowFile[3918,96218392971740.mockFlowFile,24B]; routing to relationship simple
[pool-4281-thread-1] INFO org.apache.nifi.processors.standard.RouteText - RouteText[id=fc47b1db-e7ae-450c-887b-29adc31df765] Routing FlowFile[3918,96218392971740.mockFlowFile,24B] to original
[main] DEBUG org.apache.nifi.processors.standard.RouteText - RouteText[id=fc47b1db-e7ae-450c-887b-29adc31df765] Adding new dynamic property: PropertyDescriptor[simple]
[pool-4282-thread-1] INFO org.apache.nifi.processors.standard.RouteText - RouteText[id=fc47b1db-e7ae-450c-887b-29adc31df765] Created FlowFile[3921,96218393515642.mockFlowFile,24B] from FlowFile[3920,96218393515642.mockFlowFile,24B]; routing to relationship simple
[pool-4282-thread-1] INFO org.apache.nifi.processors.standard.RouteText - RouteText[id=fc47b1db-e7ae-450c-887b-29adc31df765] Routing FlowFile[3920,96218393515642.mockFlowFile,24B] to original
[main] DEBUG org.apache.nifi.processors.standard.RouteText - RouteText[id=fc47b1db-e7ae-450c-887b-29adc31df765] Adding new dynamic property: PropertyDescriptor[simple]
[pool-4283-thread-1] INFO org.apache.nifi.processors.standard.RouteText - RouteText[id=fc47b1db-e7ae-450c-887b-29adc31df765] Created FlowFile[3923,96218394042142.mockFlowFile,24B] from FlowFile[3922,96218394042142.mockFlowFile,24B]; routing to relationship simple
[pool-4283-thread-1] INFO org.apache.nifi.processors.standard.RouteText - RouteText[id=fc47b1db-e7ae-450c-887b-29adc31df765] Routing FlowFile[3922,96218394042142.mockFlowFile,24B] to original
[main] DEBUG org.apache.nifi.processors.standard.RouteText - RouteText[id=fc47b1db-e7ae-450c-887b-29adc31df765] Adding new dynamic property: PropertyDescriptor[simple]
[pool-4284-thread-1] INFO org.apache.nifi.processors.standard.RouteText - RouteText[id=fc47b1db-e7ae-450c-887b-29adc31df765] Created FlowFile[3925,96218394507392.mockFlowFile,24B] from FlowFile[3924,96218394507392.mockFlowFile,24B]; routing to relationship simple
[pool-4284-thread-1] INFO org.apache.nifi.processors.standard.RouteText - RouteText[id=fc47b1db-e7ae-450c-887b-29adc31df765] Routing FlowFile[3924,96218394507392.mockFlowFile,24B] to original
[main] DEBUG org.apache.nifi.processors.standard.RouteText - RouteText[id=fc47b1db-e7ae-450c-887b-29adc31df765] Adding new dynamic property: PropertyDescriptor[simple]
[pool-4285-thread-1] INFO org.apache.nifi.processors.standard.RouteText - RouteText[id=fc47b1db-e7ae-450c-887b-29adc31df765] Created FlowFile[3927,96218394926850.mockFlowFile,24B] from FlowFile[3926,96218394926850.mockFlowFile,24B]; routing to relationship simple
[pool-4285-thread-1] INFO org.apache.nifi.processors.standard.RouteText - RouteText[id=fc47b1db-e7ae-450c-887b-29adc31df765] Routing FlowFile[3926,96218394926850.mockFlowFile,24B] to original
[main] DEBUG org.apache.nifi.processors.standard.RouteText - RouteText[id=fc47b1db-e7ae-450c-887b-29adc31df765] Adding new dynamic property: PropertyDescriptor[simple]
[pool-4286-thread-1] INFO org.apache.nifi.processors.standard.RouteText - RouteText[id=fc47b1db-e7ae-450c-887b-29adc31df765] Created FlowFile[3929,96218395441888.mockFlowFile,24B] from FlowFile[3928,96218395441888.mockFlowFile,24B]; routing to relationship simple
[pool-4286-thread-1] INFO org.apache.nifi.processors.standard.RouteText - RouteText[id=fc47b1db-e7ae-450c-887b-29adc31df765] Routing FlowFile[3928,96218395441888.mockFlowFile,24B] to original
[main] DEBUG org.apache.nifi.processors.standard.RouteText - RouteText[id=fc47b1db-e7ae-450c-887b-29adc31df765] Adding new dynamic property: PropertyDescriptor[simple]
[pool-4287-thread-1] INFO org.apache.nifi.processors.standard.RouteText - RouteText[id=fc47b1db-e7ae-450c-887b-29adc31df765] Created FlowFile[3931,96218395885848.mockFlowFile,24B] from FlowFile[3930,96218395885848.mockFlowFile,24B]; routing to relationship simple
[pool-4287-thread-1] INFO org.apache.nifi.processors.standard.RouteText - RouteText[id=fc47b1db-e7ae-450c-887b-29adc31df765] Routing FlowFile[3930,96218395885848.mockFlowFile,24B] to original
[main] DEBUG org.apache.nifi.processors.standard.RouteText - RouteText[id=fc47b1db-e7ae-450c-887b-29adc31df765] Adding new dynamic property: PropertyDescriptor[simple]
[pool-4288-thread-1] INFO org.apache.nifi.processors.standard.RouteText - RouteText[id=fc47b1db-e7ae-450c-887b-29adc31df765] Created FlowFile[3933,96218396371550.mockFlowFile,24B] from FlowFile[3932,96218396371550.mockFlowFile,24B]; routing to relationship simple
[pool-4288-thread-1] INFO org.apache.nifi.processors.standard.RouteText - RouteText[id=fc47b1db-e7ae-450c-887b-29adc31df765] Routing FlowFile[3932,96218396371550.mockFlowFile,24B] to original
[main] DEBUG org.apache.nifi.processors.standard.RouteText - RouteText[id=fc47b1db-e7ae-450c-887b-29adc31df765] Adding new dynamic property: PropertyDescriptor[simple]
[pool-4289-thread-1] INFO org.apache.nifi.processors.standard.RouteText - RouteText[id=fc47b1db-e7ae-450c-887b-29adc31df765] Created FlowFile[3935,96218396758189.mockFlowFile,24B] from FlowFile[3934,96218396758189.mockFlowFile,24B]; routing to relationship simple
[pool-4289-thread-1] INFO org.apache.nifi.processors.standard.RouteText - RouteText[id=fc47b1db-e7ae-450c-887b-29adc31df765] Routing FlowFile[3934,96218396758189.mockFlowFile,24B] to original
[main] DEBUG org.apache.nifi.processors.standard.RouteText - RouteText[id=fc47b1db-e7ae-450c-887b-29adc31df765] Adding new dynamic property: PropertyDescriptor[simple]
[pool-4290-thread-1] INFO org.apache.nifi.processors.standard.RouteText - RouteText[id=fc47b1db-e7ae-450c-887b-29adc31df765] Created FlowFile[3937,96218397128521.mockFlowFile,24B] from FlowFile[3936,96218397128521.mockFlowFile,24B]; routing to relationship simple
[pool-4290-thread-1] INFO org.apache.nifi.processors.standard.RouteText - RouteText[id=fc47b1db-e7ae-450c-887b-29adc31df765] Routing FlowFile[3936,96218397128521.mockFlowFile,24B] to original
[main] DEBUG org.apache.nifi.processors.standard.RouteText - RouteText[id=fc47b1db-e7ae-450c-887b-29adc31df765] Adding new dynamic property: PropertyDescriptor[simple]
[pool-4291-thread-1] INFO org.apache.nifi.processors.standard.RouteText - RouteText[id=fc47b1db-e7ae-450c-887b-29adc31df765] Created FlowFile[3939,96218397632854.mockFlowFile,24B] from FlowFile[3938,96218397632854.mockFlowFile,24B]; routing to relationship simple
[pool-4291-thread-1] INFO org.apache.nifi.processors.standard.RouteText - RouteText[id=fc47b1db-e7ae-450c-887b-29adc31df765] Routing FlowFile[3938,96218397632854.mockFlowFile,24B] to original
[main] DEBUG org.apache.nifi.processors.standard.RouteText - RouteText[id=fc47b1db-e7ae-450c-887b-29adc31df765] Adding new dynamic property: PropertyDescriptor[simple]
[pool-4292-thread-1] INFO org.apache.nifi.processors.standard.RouteText - RouteText[id=fc47b1db-e7ae-450c-887b-29adc31df765] Created FlowFile[3941,96218398074481.mockFlowFile,24B] from FlowFile[3940,96218398074481.mockFlowFile,24B]; routing to relationship simple
[pool-4292-thread-1] INFO org.apache.nifi.processors.standard.RouteText - RouteText[id=fc47b1db-e7ae-450c-887b-29adc31df765] Routing FlowFile[3940,96218398074481.mockFlowFile,24B] to original
[main] DEBUG org.apache.nifi.processors.standard.RouteText - RouteText[id=fc47b1db-e7ae-450c-887b-29adc31df765] Adding new dynamic property: PropertyDescriptor[simple]
[pool-4293-thread-1] INFO org.apache.nifi.processors.standard.RouteText - RouteText[id=fc47b1db-e7ae-450c-887b-29adc31df765] Created FlowFile[3943,96218398545581.mockFlowFile,24B] from FlowFile[3942,96218398545581.mockFlowFile,24B]; routing to relationship simple
[pool-4293-thread-1] INFO org.apache.nifi.processors.standard.RouteText - RouteText[id=fc47b1db-e7ae-450c-887b-29adc31df765] Routing FlowFile[3942,96218398545581.mockFlowFile,24B] to original
[main] DEBUG org.apache.nifi.processors.standard.RouteText - RouteText[id=fc47b1db-e7ae-450c-887b-29adc31df765] Adding new dynamic property: PropertyDescriptor[simple]
[pool-4294-thread-1] INFO org.apache.nifi.processors.standard.RouteText - RouteText[id=fc47b1db-e7ae-450c-887b-29adc31df765] Created FlowFile[3945,96218398906299.mockFlowFile,24B] from FlowFile[3944,96218398906299.mockFlowFile,24B]; routing to relationship simple
[pool-4294-thread-1] INFO org.apache.nifi.processors.standard.RouteText - RouteText[id=fc47b1db-e7ae-450c-887b-29adc31df765] Routing FlowFile[3944,96218398906299.mockFlowFile,24B] to original
[main] DEBUG org.apache.nifi.processors.standard.RouteText - RouteText[id=fc47b1db-e7ae-450c-887b-29adc31df765] Adding new dynamic property: PropertyDescriptor[simple]
[pool-4295-thread-1] INFO org.apache.nifi.processors.standard.RouteText - RouteText[id=fc47b1db-e7ae-450c-887b-29adc31df765] Created FlowFile[3947,96218399363747.mockFlowFile,24B] from FlowFile[3946,96218399363747.mockFlowFile,24B]; routing to relationship simple
[pool-4295-thread-1] INFO org.apache.nifi.processors.standard.RouteText - RouteText[id=fc47b1db-e7ae-450c-887b-29adc31df765] Routing FlowFile[3946,96218399363747.mockFlowFile,24B] to original
[main] DEBUG org.apache.nifi.processors.standard.RouteText - RouteText[id=fc47b1db-e7ae-450c-887b-29adc31df765] Adding new dynamic property: PropertyDescriptor[simple]
[pool-4296-thread-1] INFO org.apache.nifi.processors.standard.RouteText - RouteText[id=fc47b1db-e7ae-450c-887b-29adc31df765] Created FlowFile[3949,96218399810736.mockFlowFile,24B] from FlowFile[3948,96218399810736.mockFlowFile,24B]; routing to relationship simple
[pool-4296-thread-1] INFO org.apache.nifi.processors.standard.RouteText - RouteText[id=fc47b1db-e7ae-450c-887b-29adc31df765] Routing FlowFile[3948,96218399810736.mockFlowFile,24B] to original
[main] DEBUG org.apache.nifi.processors.standard.RouteText - RouteText[id=fc47b1db-e7ae-450c-887b-29adc31df765] Adding new dynamic property: PropertyDescriptor[simple]
[pool-4297-thread-1] INFO org.apache.nifi.processors.standard.RouteText - RouteText[id=fc47b1db-e7ae-450c-887b-29adc31df765] Created FlowFile[3951,96218400297655.mockFlowFile,24B] from FlowFile[3950,96218400297655.mockFlowFile,24B]; routing to relationship simple
[pool-4297-thread-1] INFO org.apache.nifi.processors.standard.RouteText - RouteText[id=fc47b1db-e7ae-450c-887b-29adc31df765] Routing FlowFile[3950,96218400297655.mockFlowFile,24B] to original
[main] DEBUG org.apache.nifi.processors.standard.RouteText - RouteText[id=fc47b1db-e7ae-450c-887b-29adc31df765] Adding new dynamic property: PropertyDescriptor[simple]
[pool-4298-thread-1] INFO org.apache.nifi.processors.standard.RouteText - RouteText[id=fc47b1db-e7ae-450c-887b-29adc31df765] Created FlowFile[3953,96218400806677.mockFlowFile,24B] from FlowFile[3952,96218400806677.mockFlowFile,24B]; routing to relationship simple
[pool-4298-thread-1] INFO org.apache.nifi.processors.standard.RouteText - RouteText[id=fc47b1db-e7ae-450c-887b-29adc31df765] Routing FlowFile[3952,96218400806677.mockFlowFile,24B] to original
[main] DEBUG org.apache.nifi.processors.standard.RouteText - RouteText[id=fc47b1db-e7ae-450c-887b-29adc31df765] Adding new dynamic property: PropertyDescriptor[simple]
[pool-4299-thread-1] INFO org.apache.nifi.processors.standard.RouteText - RouteText[id=fc47b1db-e7ae-450c-887b-29adc31df765] Created FlowFile[3955,96218401435778.mockFlowFile,24B] from FlowFile[3954,96218401435778.mockFlowFile,24B]; routing to relationship simple
[pool-4299-thread-1] INFO org.apache.nifi.processors.standard.RouteText - RouteText[id=fc47b1db-e7ae-450c-887b-29adc31df765] Routing FlowFile[3954,96218401435778.mockFlowFile,24B] to original
[main] DEBUG org.apache.nifi.processors.standard.RouteText - RouteText[id=fc47b1db-e7ae-450c-887b-29adc31df765] Adding new dynamic property: PropertyDescriptor[simple]
[pool-4300-thread-1] INFO org.apache.nifi.processors.standard.RouteText - RouteText[id=fc47b1db-e7ae-450c-887b-29adc31df765] Created FlowFile[3957,96218401997753.mockFlowFile,24B] from FlowFile[3956,96218401997753.mockFlowFile,24B]; routing to relationship simple
[pool-4300-thread-1] INFO org.apache.nifi.processors.standard.RouteText - RouteText[id=fc47b1db-e7ae-450c-887b-29adc31df765] Routing FlowFile[3956,96218401997753.mockFlowFile,24B] to original
[main] DEBUG org.apache.nifi.processors.standard.RouteText - RouteText[id=fc47b1db-e7ae-450c-887b-29adc31df765] Adding new dynamic property: PropertyDescriptor[simple]
[pool-4301-thread-1] INFO org.apache.nifi.processors.standard.RouteText - RouteText[id=fc47b1db-e7ae-450c-887b-29adc31df765] Created FlowFile[3959,96218402496190.mockFlowFile,24B] from FlowFile[3958,96218402496190.mockFlowFile,24B]; routing to relationship simple
[pool-4301-thread-1] INFO org.apache.nifi.processors.standard.RouteText - RouteText[id=fc47b1db-e7ae-450c-887b-29adc31df765] Routing FlowFile[3958,96218402496190.mockFlowFile,24B] to original
[main] DEBUG org.apache.nifi.processors.standard.RouteText - RouteText[id=fc47b1db-e7ae-450c-887b-29adc31df765] Adding new dynamic property: PropertyDescriptor[simple]
[pool-4302-thread-1] INFO org.apache.nifi.processors.standard.RouteText - RouteText[id=fc47b1db-e7ae-450c-887b-29adc31df765] Created FlowFile[3961,96218402989955.mockFlowFile,24B] from FlowFile[3960,96218402989955.mockFlowFile,24B]; routing to relationship simple
[pool-4302-thread-1] INFO org.apache.nifi.processors.standard.RouteText - RouteText[id=fc47b1db-e7ae-450c-887b-29adc31df765] Routing FlowFile[3960,96218402989955.mockFlowFile,24B] to original
[main] DEBUG org.apache.nifi.processors.standard.RouteText - RouteText[id=fc47b1db-e7ae-450c-887b-29adc31df765] Adding new dynamic property: PropertyDescriptor[simple]
[pool-4303-thread-1] INFO org.apache.nifi.processors.standard.RouteText - RouteText[id=fc47b1db-e7ae-450c-887b-29adc31df765] Created FlowFile[3963,96218403475121.mockFlowFile,24B] from FlowFile[3962,96218403475121.mockFlowFile,24B]; routing to relationship simple
[pool-4303-thread-1] INFO org.apache.nifi.processors.standard.RouteText - RouteText[id=fc47b1db-e7ae-450c-887b-29adc31df765] Routing FlowFile[3962,96218403475121.mockFlowFile,24B] to original
[main] DEBUG org.apache.nifi.processors.standard.RouteText - RouteText[id=fc47b1db-e7ae-450c-887b-29adc31df765] Adding new dynamic property: PropertyDescriptor[simple]
[pool-4304-thread-1] INFO org.apache.nifi.processors.standard.RouteText - RouteText[id=fc47b1db-e7ae-450c-887b-29adc31df765] Created FlowFile[3965,96218403931471.mockFlowFile,24B] from FlowFile[3964,96218403931471.mockFlowFile,24B]; routing to relationship simple
[pool-4304-thread-1] INFO org.apache.nifi.processors.standard.RouteText - RouteText[id=fc47b1db-e7ae-450c-887b-29adc31df765] Routing FlowFile[3964,96218403931471.mockFlowFile,24B] to original
[main] DEBUG org.apache.nifi.processors.standard.RouteText - RouteText[id=fc47b1db-e7ae-450c-887b-29adc31df765] Adding new dynamic property: PropertyDescriptor[simple]
[pool-4305-thread-1] INFO org.apache.nifi.processors.standard.RouteText - RouteText[id=fc47b1db-e7ae-450c-887b-29adc31df765] Created FlowFile[3967,96218404352730.mockFlowFile,24B] from FlowFile[3966,96218404352730.mockFlowFile,24B]; routing to relationship simple
[pool-4305-thread-1] INFO org.apache.nifi.processors.standard.RouteText - RouteText[id=fc47b1db-e7ae-450c-887b-29adc31df765] Routing FlowFile[3966,96218404352730.mockFlowFile,24B] to original
[main] DEBUG org.apache.nifi.processors.standard.RouteText - RouteText[id=fc47b1db-e7ae-450c-887b-29adc31df765] Adding new dynamic property: PropertyDescriptor[simple]
[pool-4306-thread-1] INFO org.apache.nifi.processors.standard.RouteText - RouteText[id=fc47b1db-e7ae-450c-887b-29adc31df765] Created FlowFile[3969,96218404719041.mockFlowFile,24B] from FlowFile[3968,96218404719041.mockFlowFile,24B]; routing to relationship simple
[pool-4306-thread-1] INFO org.apache.nifi.processors.standard.RouteText - RouteText[id=fc47b1db-e7ae-450c-887b-29adc31df765] Routing FlowFile[3968,96218404719041.mockFlowFile,24B] to original
[main] DEBUG org.apache.nifi.processors.standard.RouteText - RouteText[id=fc47b1db-e7ae-450c-887b-29adc31df765] Adding new dynamic property: PropertyDescriptor[simple]
[pool-4307-thread-1] INFO org.apache.nifi.processors.standard.RouteText - RouteText[id=fc47b1db-e7ae-450c-887b-29adc31df765] Created FlowFile[3971,96218405078432.mockFlowFile,24B] from FlowFile[3970,96218405078432.mockFlowFile,24B]; routing to relationship simple
[pool-4307-thread-1] INFO org.apache.nifi.processors.standard.RouteText - RouteText[id=fc47b1db-e7ae-450c-887b-29adc31df765] Routing FlowFile[3970,96218405078432.mockFlowFile,24B] to original
[main] DEBUG org.apache.nifi.processors.standard.RouteText - RouteText[id=fc47b1db-e7ae-450c-887b-29adc31df765] Adding new dynamic property: PropertyDescriptor[simple]
[pool-4308-thread-1] INFO org.apache.nifi.processors.standard.RouteText - RouteText[id=fc47b1db-e7ae-450c-887b-29adc31df765] Created FlowFile[3973,96218405422442.mockFlowFile,24B] from FlowFile[3972,96218405422442.mockFlowFile,24B]; routing to relationship simple
[pool-4308-thread-1] INFO org.apache.nifi.processors.standard.RouteText - RouteText[id=fc47b1db-e7ae-450c-887b-29adc31df765] Routing FlowFile[3972,96218405422442.mockFlowFile,24B] to original
[main] DEBUG org.apache.nifi.processors.standard.RouteText - RouteText[id=fc47b1db-e7ae-450c-887b-29adc31df765] Adding new dynamic property: PropertyDescriptor[simple]
[pool-4309-thread-1] INFO org.apache.nifi.processors.standard.RouteText - RouteText[id=fc47b1db-e7ae-450c-887b-29adc31df765] Created FlowFile[3975,96218405761377.mockFlowFile,24B] from FlowFile[3974,96218405761377.mockFlowFile,24B]; routing to relationship simple
[pool-4309-thread-1] INFO org.apache.nifi.processors.standard.RouteText - RouteText[id=fc47b1db-e7ae-450c-887b-29adc31df765] Routing FlowFile[3974,96218405761377.mockFlowFile,24B] to original
[main] DEBUG org.apache.nifi.processors.standard.RouteText - RouteText[id=fc47b1db-e7ae-450c-887b-29adc31df765] Adding new dynamic property: PropertyDescriptor[simple]
[pool-4310-thread-1] INFO org.apache.nifi.processors.standard.RouteText - RouteText[id=fc47b1db-e7ae-450c-887b-29adc31df765] Created FlowFile[3977,96218406101832.mockFlowFile,24B] from FlowFile[3976,96218406101832.mockFlowFile,24B]; routing to relationship simple
[pool-4310-thread-1] INFO org.apache.nifi.processors.standard.RouteText - RouteText[id=fc47b1db-e7ae-450c-887b-29adc31df765] Routing FlowFile[3976,96218406101832.mockFlowFile,24B] to original
[main] DEBUG org.apache.nifi.processors.standard.RouteText - RouteText[id=fc47b1db-e7ae-450c-887b-29adc31df765] Adding new dynamic property: PropertyDescriptor[simple]
[pool-4311-thread-1] INFO org.apache.nifi.processors.standard.RouteText - RouteText[id=fc47b1db-e7ae-450c-887b-29adc31df765] Created FlowFile[3979,96218406441009.mockFlowFile,24B] from FlowFile[3978,96218406441009.mockFlowFile,24B]; routing to relationship simple
[pool-4311-thread-1] INFO org.apache.nifi.processors.standard.RouteText - RouteText[id=fc47b1db-e7ae-450c-887b-29adc31df765] Routing FlowFile[3978,96218406441009.mockFlowFile,24B] to original
[main] DEBUG org.apache.nifi.processors.standard.RouteText - RouteText[id=fc47b1db-e7ae-450c-887b-29adc31df765] Adding new dynamic property: PropertyDescriptor[simple]
[pool-4312-thread-1] INFO org.apache.nifi.processors.standard.RouteText - RouteText[id=fc47b1db-e7ae-450c-887b-29adc31df765] Created FlowFile[3981,96218406773604.mockFlowFile,24B] from FlowFile[3980,96218406773604.mockFlowFile,24B]; routing to relationship simple
[pool-4312-thread-1] INFO org.apache.nifi.processors.standard.RouteText - RouteText[id=fc47b1db-e7ae-450c-887b-29adc31df765] Routing FlowFile[3980,96218406773604.mockFlowFile,24B] to original
[main] DEBUG org.apache.nifi.processors.standard.RouteText - RouteText[id=fc47b1db-e7ae-450c-887b-29adc31df765] Adding new dynamic property: PropertyDescriptor[simple]
[pool-4313-thread-1] INFO org.apache.nifi.processors.standard.RouteText - RouteText[id=fc47b1db-e7ae-450c-887b-29adc31df765] Created FlowFile[3983,96218407155284.mockFlowFile,24B] from FlowFile[3982,96218407155284.mockFlowFile,24B]; routing to relationship simple
[pool-4313-thread-1] INFO org.apache.nifi.processors.standard.RouteText - RouteText[id=fc47b1db-e7ae-450c-887b-29adc31df765] Routing FlowFile[3982,96218407155284.mockFlowFile,24B] to original
[main] DEBUG org.apache.nifi.processors.standard.RouteText - RouteText[id=fc47b1db-e7ae-450c-887b-29adc31df765] Adding new dynamic property: PropertyDescriptor[simple]
[pool-4314-thread-1] INFO org.apache.nifi.processors.standard.RouteText - RouteText[id=fc47b1db-e7ae-450c-887b-29adc31df765] Created FlowFile[3985,96218407712999.mockFlowFile,24B] from FlowFile[3984,96218407712999.mockFlowFile,24B]; routing to relationship simple
[pool-4314-thread-1] INFO org.apache.nifi.processors.standard.RouteText - RouteText[id=fc47b1db-e7ae-450c-887b-29adc31df765] Routing FlowFile[3984,96218407712999.mockFlowFile,24B] to original
[main] DEBUG org.apache.nifi.processors.standard.RouteText - RouteText[id=fc47b1db-e7ae-450c-887b-29adc31df765] Adding new dynamic property: PropertyDescriptor[simple]
[pool-4315-thread-1] INFO org.apache.nifi.processors.standard.RouteText - RouteText[id=fc47b1db-e7ae-450c-887b-29adc31df765] Created FlowFile[3987,96218408174368.mockFlowFile,24B] from FlowFile[3986,96218408174368.mockFlowFile,24B]; routing to relationship simple
[pool-4315-thread-1] INFO org.apache.nifi.processors.standard.RouteText - RouteText[id=fc47b1db-e7ae-450c-887b-29adc31df765] Routing FlowFile[3986,96218408174368.mockFlowFile,24B] to original
[main] DEBUG org.apache.nifi.processors.standard.RouteText - RouteText[id=fc47b1db-e7ae-450c-887b-29adc31df765] Adding new dynamic property: PropertyDescriptor[simple]
[pool-4316-thread-1] INFO org.apache.nifi.processors.standard.RouteText - RouteText[id=fc47b1db-e7ae-450c-887b-29adc31df765] Created FlowFile[3989,96218408626931.mockFlowFile,24B] from FlowFile[3988,96218408626931.mockFlowFile,24B]; routing to relationship simple
[pool-4316-thread-1] INFO org.apache.nifi.processors.standard.RouteText - RouteText[id=fc47b1db-e7ae-450c-887b-29adc31df765] Routing FlowFile[3988,96218408626931.mockFlowFile,24B] to original
[main] DEBUG org.apache.nifi.processors.standard.RouteText - RouteText[id=fc47b1db-e7ae-450c-887b-29adc31df765] Adding new dynamic property: PropertyDescriptor[simple]
[pool-4317-thread-1] INFO org.apache.nifi.processors.standard.RouteText - RouteText[id=fc47b1db-e7ae-450c-887b-29adc31df765] Created FlowFile[3991,96218409064979.mockFlowFile,24B] from FlowFile[3990,96218409064979.mockFlowFile,24B]; routing to relationship simple
[pool-4317-thread-1] INFO org.apache.nifi.processors.standard.RouteText - RouteText[id=fc47b1db-e7ae-450c-887b-29adc31df765] Routing FlowFile[3990,96218409064979.mockFlowFile,24B] to original
[main] DEBUG org.apache.nifi.processors.standard.RouteText - RouteText[id=fc47b1db-e7ae-450c-887b-29adc31df765] Adding new dynamic property: PropertyDescriptor[simple]
[pool-4318-thread-1] INFO org.apache.nifi.processors.standard.RouteText - RouteText[id=fc47b1db-e7ae-450c-887b-29adc31df765] Created FlowFile[3993,96218409407396.mockFlowFile,24B] from FlowFile[3992,96218409407396.mockFlowFile,24B]; routing to relationship simple
[pool-4318-thread-1] INFO org.apache.nifi.processors.standard.RouteText - RouteText[id=fc47b1db-e7ae-450c-887b-29adc31df765] Routing FlowFile[3992,96218409407396.mockFlowFile,24B] to original
[main] DEBUG org.apache.nifi.processors.standard.RouteText - RouteText[id=fc47b1db-e7ae-450c-887b-29adc31df765] Adding new dynamic property: PropertyDescriptor[simple]
[pool-4319-thread-1] INFO org.apache.nifi.processors.standard.RouteText - RouteText[id=fc47b1db-e7ae-450c-887b-29adc31df765] Created FlowFile[3995,96218409782368.mockFlowFile,24B] from FlowFile[3994,96218409782368.mockFlowFile,24B]; routing to relationship simple
[pool-4319-thread-1] INFO org.apache.nifi.processors.standard.RouteText - RouteText[id=fc47b1db-e7ae-450c-887b-29adc31df765] Routing FlowFile[3994,96218409782368.mockFlowFile,24B] to original
[main] DEBUG org.apache.nifi.processors.standard.RouteText - RouteText[id=fc47b1db-e7ae-450c-887b-29adc31df765] Adding new dynamic property: PropertyDescriptor[simple]
[pool-4320-thread-1] INFO org.apache.nifi.processors.standard.RouteText - RouteText[id=fc47b1db-e7ae-450c-887b-29adc31df765] Created FlowFile[3997,96218410121244.mockFlowFile,24B] from FlowFile[3996,96218410121244.mockFlowFile,24B]; routing to relationship simple
[pool-4320-thread-1] INFO org.apache.nifi.processors.standard.RouteText - RouteText[id=fc47b1db-e7ae-450c-887b-29adc31df765] Routing FlowFile[3996,96218410121244.mockFlowFile,24B] to original
[main] DEBUG org.apache.nifi.processors.standard.RouteText - RouteText[id=fc47b1db-e7ae-450c-887b-29adc31df765] Adding new dynamic property: PropertyDescriptor[simple]
[pool-4321-thread-1] INFO org.apache.nifi.processors.standard.RouteText - RouteText[id=fc47b1db-e7ae-450c-887b-29adc31df765] Created FlowFile[3999,96218410463660.mockFlowFile,24B] from FlowFile[3998,96218410463660.mockFlowFile,24B]; routing to relationship simple
[pool-4321-thread-1] INFO org.apache.nifi.processors.standard.RouteText - RouteText[id=fc47b1db-e7ae-450c-887b-29adc31df765] Routing FlowFile[3998,96218410463660.mockFlowFile,24B] to original
[main] DEBUG org.apache.nifi.processors.standard.RouteText - RouteText[id=fc47b1db-e7ae-450c-887b-29adc31df765] Adding new dynamic property: PropertyDescriptor[simple]
[pool-4322-thread-1] INFO org.apache.nifi.processors.standard.RouteText - RouteText[id=fc47b1db-e7ae-450c-887b-29adc31df765] Created FlowFile[4001,96218410833111.mockFlowFile,24B] from FlowFile[4000,96218410833111.mockFlowFile,24B]; routing to relationship simple
[pool-4322-thread-1] INFO org.apache.nifi.processors.standard.RouteText - RouteText[id=fc47b1db-e7ae-450c-887b-29adc31df765] Routing FlowFile[4000,96218410833111.mockFlowFile,24B] to original
[main] DEBUG org.apache.nifi.processors.standard.RouteText - RouteText[id=fc47b1db-e7ae-450c-887b-29adc31df765] Adding new dynamic property: PropertyDescriptor[simple]
[pool-4323-thread-1] INFO org.apache.nifi.processors.standard.RouteText - RouteText[id=fc47b1db-e7ae-450c-887b-29adc31df765] Created FlowFile[4003,96218411318505.mockFlowFile,24B] from FlowFile[4002,96218411318505.mockFlowFile,24B]; routing to relationship simple
[pool-4323-thread-1] INFO org.apache.nifi.processors.standard.RouteText - RouteText[id=fc47b1db-e7ae-450c-887b-29adc31df765] Routing FlowFile[4002,96218411318505.mockFlowFile,24B] to original
[main] DEBUG org.apache.nifi.processors.standard.RouteText - RouteText[id=fc47b1db-e7ae-450c-887b-29adc31df765] Adding new dynamic property: PropertyDescriptor[simple]
[pool-4324-thread-1] INFO org.apache.nifi.processors.standard.RouteText - RouteText[id=fc47b1db-e7ae-450c-887b-29adc31df765] Created FlowFile[4005,96218411847408.mockFlowFile,24B] from FlowFile[4004,96218411847408.mockFlowFile,24B]; routing to relationship simple
[pool-4324-thread-1] INFO org.apache.nifi.processors.standard.RouteText - RouteText[id=fc47b1db-e7ae-450c-887b-29adc31df765] Routing FlowFile[4004,96218411847408.mockFlowFile,24B] to original
[main] DEBUG org.apache.nifi.processors.standard.RouteText - RouteText[id=fc47b1db-e7ae-450c-887b-29adc31df765] Adding new dynamic property: PropertyDescriptor[simple]
[pool-4325-thread-1] INFO org.apache.nifi.processors.standard.RouteText - RouteText[id=fc47b1db-e7ae-450c-887b-29adc31df765] Created FlowFile[4007,96218412423141.mockFlowFile,24B] from FlowFile[4006,96218412423141.mockFlowFile,24B]; routing to relationship simple
[pool-4325-thread-1] INFO org.apache.nifi.processors.standard.RouteText - RouteText[id=fc47b1db-e7ae-450c-887b-29adc31df765] Routing FlowFile[4006,96218412423141.mockFlowFile,24B] to original
[main] DEBUG org.apache.nifi.processors.standard.RouteText - RouteText[id=fc47b1db-e7ae-450c-887b-29adc31df765] Adding new dynamic property: PropertyDescriptor[simple]
[pool-4326-thread-1] INFO org.apache.nifi.processors.standard.RouteText - RouteText[id=fc47b1db-e7ae-450c-887b-29adc31df765] Created FlowFile[4009,96218412931146.mockFlowFile,24B] from FlowFile[4008,96218412931146.mockFlowFile,24B]; routing to relationship simple
[pool-4326-thread-1] INFO org.apache.nifi.processors.standard.RouteText - RouteText[id=fc47b1db-e7ae-450c-887b-29adc31df765] Routing FlowFile[4008,96218412931146.mockFlowFile,24B] to original
[main] DEBUG org.apache.nifi.processors.standard.RouteText - RouteText[id=fc47b1db-e7ae-450c-887b-29adc31df765] Adding new dynamic property: PropertyDescriptor[simple]
[pool-4327-thread-1] INFO org.apache.nifi.processors.standard.RouteText - RouteText[id=fc47b1db-e7ae-450c-887b-29adc31df765] Created FlowFile[4011,96218413413023.mockFlowFile,24B] from FlowFile[4010,96218413413023.mockFlowFile,24B]; routing to relationship simple
[pool-4327-thread-1] INFO org.apache.nifi.processors.standard.RouteText - RouteText[id=fc47b1db-e7ae-450c-887b-29adc31df765] Routing FlowFile[4010,96218413413023.mockFlowFile,24B] to original
[main] DEBUG org.apache.nifi.processors.standard.RouteText - RouteText[id=fc47b1db-e7ae-450c-887b-29adc31df765] Adding new dynamic property: PropertyDescriptor[simple]
[pool-4328-thread-1] INFO org.apache.nifi.processors.standard.RouteText - RouteText[id=fc47b1db-e7ae-450c-887b-29adc31df765] Created FlowFile[4013,96218413808089.mockFlowFile,24B] from FlowFile[4012,96218413808089.mockFlowFile,24B]; routing to relationship simple
[pool-4328-thread-1] INFO org.apache.nifi.processors.standard.RouteText - RouteText[id=fc47b1db-e7ae-450c-887b-29adc31df765] Routing FlowFile[4012,96218413808089.mockFlowFile,24B] to original
[main] DEBUG org.apache.nifi.processors.standard.RouteText - RouteText[id=fc47b1db-e7ae-450c-887b-29adc31df765] Adding new dynamic property: PropertyDescriptor[simple]
[pool-4329-thread-1] INFO org.apache.nifi.processors.standard.RouteText - RouteText[id=fc47b1db-e7ae-450c-887b-29adc31df765] Created FlowFile[4015,96218414206313.mockFlowFile,24B] from FlowFile[4014,96218414206313.mockFlowFile,24B]; routing to relationship simple
[pool-4329-thread-1] INFO org.apache.nifi.processors.standard.RouteText - RouteText[id=fc47b1db-e7ae-450c-887b-29adc31df765] Routing FlowFile[4014,96218414206313.mockFlowFile,24B] to original
[main] DEBUG org.apache.nifi.processors.standard.RouteText - RouteText[id=fc47b1db-e7ae-450c-887b-29adc31df765] Adding new dynamic property: PropertyDescriptor[simple]
[pool-4330-thread-1] INFO org.apache.nifi.processors.standard.RouteText - RouteText[id=fc47b1db-e7ae-450c-887b-29adc31df765] Created FlowFile[4017,96218414679112.mockFlowFile,24B] from FlowFile[4016,96218414679112.mockFlowFile,24B]; routing to relationship simple
[pool-4330-thread-1] INFO org.apache.nifi.processors.standard.RouteText - RouteText[id=fc47b1db-e7ae-450c-887b-29adc31df765] Routing FlowFile[4016,96218414679112.mockFlowFile,24B] to original
[main] DEBUG org.apache.nifi.processors.standard.RouteText - RouteText[id=fc47b1db-e7ae-450c-887b-29adc31df765] Adding new dynamic property: PropertyDescriptor[simple]
[pool-4331-thread-1] INFO org.apache.nifi.processors.standard.RouteText - RouteText[id=fc47b1db-e7ae-450c-887b-29adc31df765] Created FlowFile[4019,96218415093999.mockFlowFile,24B] from FlowFile[4018,96218415093999.mockFlowFile,24B]; routing to relationship simple
[pool-4331-thread-1] INFO org.apache.nifi.processors.standard.RouteText - RouteText[id=fc47b1db-e7ae-450c-887b-29adc31df765] Routing FlowFile[4018,96218415093999.mockFlowFile,24B] to original
[main] DEBUG org.apache.nifi.processors.standard.RouteText - RouteText[id=fc47b1db-e7ae-450c-887b-29adc31df765] Adding new dynamic property: PropertyDescriptor[simple]
[pool-4332-thread-1] INFO org.apache.nifi.processors.standard.RouteText - RouteText[id=fc47b1db-e7ae-450c-887b-29adc31df765] Created FlowFile[4021,96218415609026.mockFlowFile,24B] from FlowFile[4020,96218415609026.mockFlowFile,24B]; routing to relationship simple
[pool-4332-thread-1] INFO org.apache.nifi.processors.standard.RouteText - RouteText[id=fc47b1db-e7ae-450c-887b-29adc31df765] Routing FlowFile[4020,96218415609026.mockFlowFile,24B] to original
[main] DEBUG org.apache.nifi.processors.standard.RouteText - RouteText[id=fc47b1db-e7ae-450c-887b-29adc31df765] Adding new dynamic property: PropertyDescriptor[simple]
[pool-4333-thread-1] INFO org.apache.nifi.processors.standard.RouteText - RouteText[id=fc47b1db-e7ae-450c-887b-29adc31df765] Created FlowFile[4023,96218416116869.mockFlowFile,24B] from FlowFile[4022,96218416116869.mockFlowFile,24B]; routing to relationship simple
[pool-4333-thread-1] INFO org.apache.nifi.processors.standard.RouteText - RouteText[id=fc47b1db-e7ae-450c-887b-29adc31df765] Routing FlowFile[4022,96218416116869.mockFlowFile,24B] to original
[main] DEBUG org.apache.nifi.processors.standard.RouteText - RouteText[id=fc47b1db-e7ae-450c-887b-29adc31df765] Adding new dynamic property: PropertyDescriptor[simple]
[pool-4334-thread-1] INFO org.apache.nifi.processors.standard.RouteText - RouteText[id=fc47b1db-e7ae-450c-887b-29adc31df765] Created FlowFile[4025,96218416605248.mockFlowFile,24B] from FlowFile[4024,96218416605248.mockFlowFile,24B]; routing to relationship simple
[pool-4334-thread-1] INFO org.apache.nifi.processors.standard.RouteText - RouteText[id=fc47b1db-e7ae-450c-887b-29adc31df765] Routing FlowFile[4024,96218416605248.mockFlowFile,24B] to original
[main] DEBUG org.apache.nifi.processors.standard.RouteText - RouteText[id=fc47b1db-e7ae-450c-887b-29adc31df765] Adding new dynamic property: PropertyDescriptor[simple]
[pool-4335-thread-1] INFO org.apache.nifi.processors.standard.RouteText - RouteText[id=fc47b1db-e7ae-450c-887b-29adc31df765] Created FlowFile[4027,96218417052559.mockFlowFile,24B] from FlowFile[4026,96218417052559.mockFlowFile,24B]; routing to relationship simple
[pool-4335-thread-1] INFO org.apache.nifi.processors.standard.RouteText - RouteText[id=fc47b1db-e7ae-450c-887b-29adc31df765] Routing FlowFile[4026,96218417052559.mockFlowFile,24B] to original
[main] DEBUG org.apache.nifi.processors.standard.RouteText - RouteText[id=fc47b1db-e7ae-450c-887b-29adc31df765] Adding new dynamic property: PropertyDescriptor[simple]
[pool-4336-thread-1] INFO org.apache.nifi.processors.standard.RouteText - RouteText[id=fc47b1db-e7ae-450c-887b-29adc31df765] Created FlowFile[4029,96218417519350.mockFlowFile,24B] from FlowFile[4028,96218417519350.mockFlowFile,24B]; routing to relationship simple
[pool-4336-thread-1] INFO org.apache.nifi.processors.standard.RouteText - RouteText[id=fc47b1db-e7ae-450c-887b-29adc31df765] Routing FlowFile[4028,96218417519350.mockFlowFile,24B] to original
[main] DEBUG org.apache.nifi.processors.standard.RouteText - RouteText[id=fc47b1db-e7ae-450c-887b-29adc31df765] Adding new dynamic property: PropertyDescriptor[simple]
[pool-4337-thread-1] INFO org.apache.nifi.processors.standard.RouteText - RouteText[id=fc47b1db-e7ae-450c-887b-29adc31df765] Created FlowFile[4031,96218417935843.mockFlowFile,24B] from FlowFile[4030,96218417935843.mockFlowFile,24B]; routing to relationship simple
[pool-4337-thread-1] INFO org.apache.nifi.processors.standard.RouteText - RouteText[id=fc47b1db-e7ae-450c-887b-29adc31df765] Routing FlowFile[4030,96218417935843.mockFlowFile,24B] to original
[main] DEBUG org.apache.nifi.processors.standard.RouteText - RouteText[id=fc47b1db-e7ae-450c-887b-29adc31df765] Adding new dynamic property: PropertyDescriptor[simple]
[pool-4338-thread-1] INFO org.apache.nifi.processors.standard.RouteText - RouteText[id=fc47b1db-e7ae-450c-887b-29adc31df765] Created FlowFile[4033,96218418300944.mockFlowFile,24B] from FlowFile[4032,96218418300944.mockFlowFile,24B]; routing to relationship simple
[pool-4338-thread-1] INFO org.apache.nifi.processors.standard.RouteText - RouteText[id=fc47b1db-e7ae-450c-887b-29adc31df765] Routing FlowFile[4032,96218418300944.mockFlowFile,24B] to original
[main] DEBUG org.apache.nifi.processors.standard.RouteText - RouteText[id=fc47b1db-e7ae-450c-887b-29adc31df765] Adding new dynamic property: PropertyDescriptor[simple]
[pool-4339-thread-1] INFO org.apache.nifi.processors.standard.RouteText - RouteText[id=fc47b1db-e7ae-450c-887b-29adc31df765] Created FlowFile[4035,96218418633970.mockFlowFile,24B] from FlowFile[4034,96218418633970.mockFlowFile,24B]; routing to relationship simple
[pool-4339-thread-1] INFO org.apache.nifi.processors.standard.RouteText - RouteText[id=fc47b1db-e7ae-450c-887b-29adc31df765] Routing FlowFile[4034,96218418633970.mockFlowFile,24B] to original
[main] DEBUG org.apache.nifi.processors.standard.RouteText - RouteText[id=fc47b1db-e7ae-450c-887b-29adc31df765] Adding new dynamic property: PropertyDescriptor[simple]
[pool-4340-thread-1] INFO org.apache.nifi.processors.standard.RouteText - RouteText[id=fc47b1db-e7ae-450c-887b-29adc31df765] Created FlowFile[4037,96218418951258.mockFlowFile,24B] from FlowFile[4036,96218418951258.mockFlowFile,24B]; routing to relationship simple
[pool-4340-thread-1] INFO org.apache.nifi.processors.standard.RouteText - RouteText[id=fc47b1db-e7ae-450c-887b-29adc31df765] Routing FlowFile[4036,96218418951258.mockFlowFile,24B] to original
[main] DEBUG org.apache.nifi.processors.standard.RouteText - RouteText[id=fc47b1db-e7ae-450c-887b-29adc31df765] Adding new dynamic property: PropertyDescriptor[simple]
[pool-4341-thread-1] INFO org.apache.nifi.processors.standard.RouteText - RouteText[id=fc47b1db-e7ae-450c-887b-29adc31df765] Created FlowFile[4039,96218419374993.mockFlowFile,24B] from FlowFile[4038,96218419374993.mockFlowFile,24B]; routing to relationship simple
[pool-4341-thread-1] INFO org.apache.nifi.processors.standard.RouteText - RouteText[id=fc47b1db-e7ae-450c-887b-29adc31df765] Routing FlowFile[4038,96218419374993.mockFlowFile,24B] to original
[main] DEBUG org.apache.nifi.processors.standard.RouteText - RouteText[id=fc47b1db-e7ae-450c-887b-29adc31df765] Adding new dynamic property: PropertyDescriptor[simple]
[pool-4342-thread-1] INFO org.apache.nifi.processors.standard.RouteText - RouteText[id=fc47b1db-e7ae-450c-887b-29adc31df765] Created FlowFile[4041,96218419792702.mockFlowFile,24B] from FlowFile[4040,96218419792702.mockFlowFile,24B]; routing to relationship simple
[pool-4342-thread-1] INFO org.apache.nifi.processors.standard.RouteText - RouteText[id=fc47b1db-e7ae-450c-887b-29adc31df765] Routing FlowFile[4040,96218419792702.mockFlowFile,24B] to original
[main] DEBUG org.apache.nifi.processors.standard.RouteText - RouteText[id=fc47b1db-e7ae-450c-887b-29adc31df765] Adding new dynamic property: PropertyDescriptor[simple]
[pool-4343-thread-1] INFO org.apache.nifi.processors.standard.RouteText - RouteText[id=fc47b1db-e7ae-450c-887b-29adc31df765] Created FlowFile[4043,96218420171062.mockFlowFile,24B] from FlowFile[4042,96218420171062.mockFlowFile,24B]; routing to relationship simple
[pool-4343-thread-1] INFO org.apache.nifi.processors.standard.RouteText - RouteText[id=fc47b1db-e7ae-450c-887b-29adc31df765] Routing FlowFile[4042,96218420171062.mockFlowFile,24B] to original
[main] DEBUG org.apache.nifi.processors.standard.RouteText - RouteText[id=fc47b1db-e7ae-450c-887b-29adc31df765] Adding new dynamic property: PropertyDescriptor[simple]
[pool-4344-thread-1] INFO org.apache.nifi.processors.standard.RouteText - RouteText[id=fc47b1db-e7ae-450c-887b-29adc31df765] Created FlowFile[4045,96218420723158.mockFlowFile,24B] from FlowFile[4044,96218420723158.mockFlowFile,24B]; routing to relationship simple
[pool-4344-thread-1] INFO org.apache.nifi.processors.standard.RouteText - RouteText[id=fc47b1db-e7ae-450c-887b-29adc31df765] Routing FlowFile[4044,96218420723158.mockFlowFile,24B] to original
[main] DEBUG org.apache.nifi.processors.standard.RouteText - RouteText[id=fc47b1db-e7ae-450c-887b-29adc31df765] Adding new dynamic property: PropertyDescriptor[simple]
[pool-4345-thread-1] INFO org.apache.nifi.processors.standard.RouteText - RouteText[id=fc47b1db-e7ae-450c-887b-29adc31df765] Created FlowFile[4047,96218421221615.mockFlowFile,24B] from FlowFile[4046,96218421221615.mockFlowFile,24B]; routing to relationship simple
[pool-4345-thread-1] INFO org.apache.nifi.processors.standard.RouteText - RouteText[id=fc47b1db-e7ae-450c-887b-29adc31df765] Routing FlowFile[4046,96218421221615.mockFlowFile,24B] to original
[main] DEBUG org.apache.nifi.processors.standard.RouteText - RouteText[id=fc47b1db-e7ae-450c-887b-29adc31df765] Adding new dynamic property: PropertyDescriptor[simple]
[pool-4346-thread-1] INFO org.apache.nifi.processors.standard.RouteText - RouteText[id=fc47b1db-e7ae-450c-887b-29adc31df765] Created FlowFile[4049,96218421707593.mockFlowFile,24B] from FlowFile[4048,96218421707593.mockFlowFile,24B]; routing to relationship simple
[pool-4346-thread-1] INFO org.apache.nifi.processors.standard.RouteText - RouteText[id=fc47b1db-e7ae-450c-887b-29adc31df765] Routing FlowFile[4048,96218421707593.mockFlowFile,24B] to original
[main] DEBUG org.apache.nifi.processors.standard.RouteText - RouteText[id=fc47b1db-e7ae-450c-887b-29adc31df765] Adding new dynamic property: PropertyDescriptor[simple]
[pool-4347-thread-1] INFO org.apache.nifi.processors.standard.RouteText - RouteText[id=fc47b1db-e7ae-450c-887b-29adc31df765] Created FlowFile[4051,96218422087150.mockFlowFile,24B] from FlowFile[4050,96218422087150.mockFlowFile,24B]; routing to relationship simple
[pool-4347-thread-1] INFO org.apache.nifi.processors.standard.RouteText - RouteText[id=fc47b1db-e7ae-450c-887b-29adc31df765] Routing FlowFile[4050,96218422087150.mockFlowFile,24B] to original
[main] DEBUG org.apache.nifi.processors.standard.RouteText - RouteText[id=fc47b1db-e7ae-450c-887b-29adc31df765] Adding new dynamic property: PropertyDescriptor[simple]
[pool-4348-thread-1] INFO org.apache.nifi.processors.standard.RouteText - RouteText[id=fc47b1db-e7ae-450c-887b-29adc31df765] Created FlowFile[4053,96218422461540.mockFlowFile,24B] from FlowFile[4052,96218422461540.mockFlowFile,24B]; routing to relationship simple
[pool-4348-thread-1] INFO org.apache.nifi.processors.standard.RouteText - RouteText[id=fc47b1db-e7ae-450c-887b-29adc31df765] Routing FlowFile[4052,96218422461540.mockFlowFile,24B] to original
[main] DEBUG org.apache.nifi.processors.standard.RouteText - RouteText[id=fc47b1db-e7ae-450c-887b-29adc31df765] Adding new dynamic property: PropertyDescriptor[simple]
[pool-4349-thread-1] INFO org.apache.nifi.processors.standard.RouteText - RouteText[id=fc47b1db-e7ae-450c-887b-29adc31df765] Created FlowFile[4055,96218422842878.mockFlowFile,24B] from FlowFile[4054,96218422842878.mockFlowFile,24B]; routing to relationship simple
[pool-4349-thread-1] INFO org.apache.nifi.processors.standard.RouteText - RouteText[id=fc47b1db-e7ae-450c-887b-29adc31df765] Routing FlowFile[4054,96218422842878.mockFlowFile,24B] to original
[main] DEBUG org.apache.nifi.processors.standard.RouteText - RouteText[id=fc47b1db-e7ae-450c-887b-29adc31df765] Adding new dynamic property: PropertyDescriptor[simple]
[pool-4350-thread-1] INFO org.apache.nifi.processors.standard.RouteText - RouteText[id=fc47b1db-e7ae-450c-887b-29adc31df765] Created FlowFile[4057,96218423304983.mockFlowFile,24B] from FlowFile[4056,96218423304983.mockFlowFile,24B]; routing to relationship simple
[pool-4350-thread-1] INFO org.apache.nifi.processors.standard.RouteText - RouteText[id=fc47b1db-e7ae-450c-887b-29adc31df765] Routing FlowFile[4056,96218423304983.mockFlowFile,24B] to original
[main] DEBUG org.apache.nifi.processors.standard.RouteText - RouteText[id=fc47b1db-e7ae-450c-887b-29adc31df765] Adding new dynamic property: PropertyDescriptor[simple]
[pool-4351-thread-1] INFO org.apache.nifi.processors.standard.RouteText - RouteText[id=fc47b1db-e7ae-450c-887b-29adc31df765] Created FlowFile[4059,96218423808154.mockFlowFile,24B] from FlowFile[4058,96218423808154.mockFlowFile,24B]; routing to relationship simple
[pool-4351-thread-1] INFO org.apache.nifi.processors.standard.RouteText - RouteText[id=fc47b1db-e7ae-450c-887b-29adc31df765] Routing FlowFile[4058,96218423808154.mockFlowFile,24B] to original
[main] DEBUG org.apache.nifi.processors.standard.RouteText - RouteText[id=fc47b1db-e7ae-450c-887b-29adc31df765] Adding new dynamic property: PropertyDescriptor[simple]
[pool-4352-thread-1] INFO org.apache.nifi.processors.standard.RouteText - RouteText[id=fc47b1db-e7ae-450c-887b-29adc31df765] Created FlowFile[4061,96218424297514.mockFlowFile,24B] from FlowFile[4060,96218424297514.mockFlowFile,24B]; routing to relationship simple
[pool-4352-thread-1] INFO org.apache.nifi.processors.standard.RouteText - RouteText[id=fc47b1db-e7ae-450c-887b-29adc31df765] Routing FlowFile[4060,96218424297514.mockFlowFile,24B] to original
[main] DEBUG org.apache.nifi.processors.standard.RouteText - RouteText[id=fc47b1db-e7ae-450c-887b-29adc31df765] Adding new dynamic property: PropertyDescriptor[simple]
[pool-4353-thread-1] INFO org.apache.nifi.processors.standard.RouteText - RouteText[id=fc47b1db-e7ae-450c-887b-29adc31df765] Created FlowFile[4063,96218424806019.mockFlowFile,24B] from FlowFile[4062,96218424806019.mockFlowFile,24B]; routing to relationship simple
[pool-4353-thread-1] INFO org.apache.nifi.processors.standard.RouteText - RouteText[id=fc47b1db-e7ae-450c-887b-29adc31df765] Routing FlowFile[4062,96218424806019.mockFlowFile,24B] to original
[main] DEBUG org.apache.nifi.processors.standard.RouteText - RouteText[id=fc47b1db-e7ae-450c-887b-29adc31df765] Adding new dynamic property: PropertyDescriptor[simple]
[pool-4354-thread-1] INFO org.apache.nifi.processors.standard.RouteText - RouteText[id=fc47b1db-e7ae-450c-887b-29adc31df765] Created FlowFile[4065,96218425325418.mockFlowFile,24B] from FlowFile[4064,96218425325418.mockFlowFile,24B]; routing to relationship simple
[pool-4354-thread-1] INFO org.apache.nifi.processors.standard.RouteText - RouteText[id=fc47b1db-e7ae-450c-887b-29adc31df765] Routing FlowFile[4064,96218425325418.mockFlowFile,24B] to original
[main] DEBUG org.apache.nifi.processors.standard.RouteText - RouteText[id=fc47b1db-e7ae-450c-887b-29adc31df765] Adding new dynamic property: PropertyDescriptor[simple]
[pool-4355-thread-1] INFO org.apache.nifi.processors.standard.RouteText - RouteText[id=fc47b1db-e7ae-450c-887b-29adc31df765] Created FlowFile[4067,96218425806485.mockFlowFile,24B] from FlowFile[4066,96218425806485.mockFlowFile,24B]; routing to relationship simple
[pool-4355-thread-1] INFO org.apache.nifi.processors.standard.RouteText - RouteText[id=fc47b1db-e7ae-450c-887b-29adc31df765] Routing FlowFile[4066,96218425806485.mockFlowFile,24B] to original
[main] DEBUG org.apache.nifi.processors.standard.RouteText - RouteText[id=fc47b1db-e7ae-450c-887b-29adc31df765] Adding new dynamic property: PropertyDescriptor[simple]
[pool-4356-thread-1] INFO org.apache.nifi.processors.standard.RouteText - RouteText[id=fc47b1db-e7ae-450c-887b-29adc31df765] Created FlowFile[4069,96218426210152.mockFlowFile,24B] from FlowFile[4068,96218426210152.mockFlowFile,24B]; routing to relationship simple
[pool-4356-thread-1] INFO org.apache.nifi.processors.standard.RouteText - RouteText[id=fc47b1db-e7ae-450c-887b-29adc31df765] Routing FlowFile[4068,96218426210152.mockFlowFile,24B] to original
[main] DEBUG org.apache.nifi.processors.standard.RouteText - RouteText[id=fc47b1db-e7ae-450c-887b-29adc31df765] Adding new dynamic property: PropertyDescriptor[simple]
[pool-4357-thread-1] INFO org.apache.nifi.processors.standard.RouteText - RouteText[id=fc47b1db-e7ae-450c-887b-29adc31df765] Created FlowFile[4071,96218426724797.mockFlowFile,24B] from FlowFile[4070,96218426724797.mockFlowFile,24B]; routing to relationship simple
[pool-4357-thread-1] INFO org.apache.nifi.processors.standard.RouteText - RouteText[id=fc47b1db-e7ae-450c-887b-29adc31df765] Routing FlowFile[4070,96218426724797.mockFlowFile,24B] to original
[main] DEBUG org.apache.nifi.processors.standard.RouteText - RouteText[id=fc47b1db-e7ae-450c-887b-29adc31df765] Adding new dynamic property: PropertyDescriptor[simple]
[pool-4358-thread-1] INFO org.apache.nifi.processors.standard.RouteText - RouteText[id=fc47b1db-e7ae-450c-887b-29adc31df765] Created FlowFile[4073,96218427290262.mockFlowFile,24B] from FlowFile[4072,96218427290262.mockFlowFile,24B]; routing to relationship simple
[pool-4358-thread-1] INFO org.apache.nifi.processors.standard.RouteText - RouteText[id=fc47b1db-e7ae-450c-887b-29adc31df765] Routing FlowFile[4072,96218427290262.mockFlowFile,24B] to original
[main] DEBUG org.apache.nifi.processors.standard.RouteText - RouteText[id=fc47b1db-e7ae-450c-887b-29adc31df765] Adding new dynamic property: PropertyDescriptor[simple]
[pool-4359-thread-1] INFO org.apache.nifi.processors.standard.RouteText - RouteText[id=fc47b1db-e7ae-450c-887b-29adc31df765] Created FlowFile[4075,96218427826309.mockFlowFile,24B] from FlowFile[4074,96218427826309.mockFlowFile,24B]; routing to relationship simple
[pool-4359-thread-1] INFO org.apache.nifi.processors.standard.RouteText - RouteText[id=fc47b1db-e7ae-450c-887b-29adc31df765] Routing FlowFile[4074,96218427826309.mockFlowFile,24B] to original
[main] DEBUG org.apache.nifi.processors.standard.RouteText - RouteText[id=fc47b1db-e7ae-450c-887b-29adc31df765] Adding new dynamic property: PropertyDescriptor[simple]
[pool-4360-thread-1] INFO org.apache.nifi.processors.standard.RouteText - RouteText[id=fc47b1db-e7ae-450c-887b-29adc31df765] Created FlowFile[4077,96218428451679.mockFlowFile,24B] from FlowFile[4076,96218428451679.mockFlowFile,24B]; routing to relationship simple
[pool-4360-thread-1] INFO org.apache.nifi.processors.standard.RouteText - RouteText[id=fc47b1db-e7ae-450c-887b-29adc31df765] Routing FlowFile[4076,96218428451679.mockFlowFile,24B] to original
[main] DEBUG org.apache.nifi.processors.standard.RouteText - RouteText[id=fc47b1db-e7ae-450c-887b-29adc31df765] Adding new dynamic property: PropertyDescriptor[simple]
[pool-4361-thread-1] INFO org.apache.nifi.processors.standard.RouteText - RouteText[id=fc47b1db-e7ae-450c-887b-29adc31df765] Created FlowFile[4079,96218428944251.mockFlowFile,24B] from FlowFile[4078,96218428944251.mockFlowFile,24B]; routing to relationship simple
[pool-4361-thread-1] INFO org.apache.nifi.processors.standard.RouteText - RouteText[id=fc47b1db-e7ae-450c-887b-29adc31df765] Routing FlowFile[4078,96218428944251.mockFlowFile,24B] to original
[main] DEBUG org.apache.nifi.processors.standard.RouteText - RouteText[id=fc47b1db-e7ae-450c-887b-29adc31df765] Adding new dynamic property: PropertyDescriptor[simple]
[pool-4362-thread-1] INFO org.apache.nifi.processors.standard.RouteText - RouteText[id=fc47b1db-e7ae-450c-887b-29adc31df765] Created FlowFile[4081,96218429397670.mockFlowFile,24B] from FlowFile[4080,96218429397670.mockFlowFile,24B]; routing to relationship simple
[pool-4362-thread-1] INFO org.apache.nifi.processors.standard.RouteText - RouteText[id=fc47b1db-e7ae-450c-887b-29adc31df765] Routing FlowFile[4080,96218429397670.mockFlowFile,24B] to original
[main] DEBUG org.apache.nifi.processors.standard.RouteText - RouteText[id=fc47b1db-e7ae-450c-887b-29adc31df765] Adding new dynamic property: PropertyDescriptor[simple]
[pool-4363-thread-1] INFO org.apache.nifi.processors.standard.RouteText - RouteText[id=fc47b1db-e7ae-450c-887b-29adc31df765] Created FlowFile[4083,96218429912760.mockFlowFile,24B] from FlowFile[4082,96218429912760.mockFlowFile,24B]; routing to relationship simple
[pool-4363-thread-1] INFO org.apache.nifi.processors.standard.RouteText - RouteText[id=fc47b1db-e7ae-450c-887b-29adc31df765] Routing FlowFile[4082,96218429912760.mockFlowFile,24B] to original
[main] DEBUG org.apache.nifi.processors.standard.RouteText - RouteText[id=fc47b1db-e7ae-450c-887b-29adc31df765] Adding new dynamic property: PropertyDescriptor[simple]
[pool-4364-thread-1] INFO org.apache.nifi.processors.standard.RouteText - RouteText[id=fc47b1db-e7ae-450c-887b-29adc31df765] Created FlowFile[4085,96218430329624.mockFlowFile,24B] from FlowFile[4084,96218430329624.mockFlowFile,24B]; routing to relationship simple
[pool-4364-thread-1] INFO org.apache.nifi.processors.standard.RouteText - RouteText[id=fc47b1db-e7ae-450c-887b-29adc31df765] Routing FlowFile[4084,96218430329624.mockFlowFile,24B] to original
[main] DEBUG org.apache.nifi.processors.standard.RouteText - RouteText[id=fc47b1db-e7ae-450c-887b-29adc31df765] Adding new dynamic property: PropertyDescriptor[simple]
[pool-4365-thread-1] INFO org.apache.nifi.processors.standard.RouteText - RouteText[id=fc47b1db-e7ae-450c-887b-29adc31df765] Created FlowFile[4087,96218430742151.mockFlowFile,24B] from FlowFile[4086,96218430742151.mockFlowFile,24B]; routing to relationship simple
[pool-4365-thread-1] INFO org.apache.nifi.processors.standard.RouteText - RouteText[id=fc47b1db-e7ae-450c-887b-29adc31df765] Routing FlowFile[4086,96218430742151.mockFlowFile,24B] to original
[main] DEBUG org.apache.nifi.processors.standard.RouteText - RouteText[id=fc47b1db-e7ae-450c-887b-29adc31df765] Adding new dynamic property: PropertyDescriptor[simple]
[pool-4366-thread-1] INFO org.apache.nifi.processors.standard.RouteText - RouteText[id=fc47b1db-e7ae-450c-887b-29adc31df765] Created FlowFile[4089,96218431170710.mockFlowFile,24B] from FlowFile[4088,96218431170710.mockFlowFile,24B]; routing to relationship simple
[pool-4366-thread-1] INFO org.apache.nifi.processors.standard.RouteText - RouteText[id=fc47b1db-e7ae-450c-887b-29adc31df765] Routing FlowFile[4088,96218431170710.mockFlowFile,24B] to original
[main] DEBUG org.apache.nifi.processors.standard.RouteText - RouteText[id=fc47b1db-e7ae-450c-887b-29adc31df765] Adding new dynamic property: PropertyDescriptor[simple]
[pool-4367-thread-1] INFO org.apache.nifi.processors.standard.RouteText - RouteText[id=fc47b1db-e7ae-450c-887b-29adc31df765] Created FlowFile[4091,96218431610291.mockFlowFile,24B] from FlowFile[4090,96218431610291.mockFlowFile,24B]; routing to relationship simple
[pool-4367-thread-1] INFO org.apache.nifi.processors.standard.RouteText - RouteText[id=fc47b1db-e7ae-450c-887b-29adc31df765] Routing FlowFile[4090,96218431610291.mockFlowFile,24B] to original
[main] DEBUG org.apache.nifi.processors.standard.RouteText - RouteText[id=fc47b1db-e7ae-450c-887b-29adc31df765] Adding new dynamic property: PropertyDescriptor[simple]
[pool-4368-thread-1] INFO org.apache.nifi.processors.standard.RouteText - RouteText[id=fc47b1db-e7ae-450c-887b-29adc31df765] Created FlowFile[4093,96218432049785.mockFlowFile,24B] from FlowFile[4092,96218432049785.mockFlowFile,24B]; routing to relationship simple
[pool-4368-thread-1] INFO org.apache.nifi.processors.standard.RouteText - RouteText[id=fc47b1db-e7ae-450c-887b-29adc31df765] Routing FlowFile[4092,96218432049785.mockFlowFile,24B] to original
[main] DEBUG org.apache.nifi.processors.standard.RouteText - RouteText[id=fc47b1db-e7ae-450c-887b-29adc31df765] Adding new dynamic property: PropertyDescriptor[simple]
[pool-4369-thread-1] INFO org.apache.nifi.processors.standard.RouteText - RouteText[id=fc47b1db-e7ae-450c-887b-29adc31df765] Created FlowFile[4095,96218432594940.mockFlowFile,24B] from FlowFile[4094,96218432594940.mockFlowFile,24B]; routing to relationship simple
[pool-4369-thread-1] INFO org.apache.nifi.processors.standard.RouteText - RouteText[id=fc47b1db-e7ae-450c-887b-29adc31df765] Routing FlowFile[4094,96218432594940.mockFlowFile,24B] to original
[main] DEBUG org.apache.nifi.processors.standard.RouteText - RouteText[id=fc47b1db-e7ae-450c-887b-29adc31df765] Adding new dynamic property: PropertyDescriptor[simple]
[pool-4370-thread-1] INFO org.apache.nifi.processors.standard.RouteText - RouteText[id=fc47b1db-e7ae-450c-887b-29adc31df765] Created FlowFile[4097,96218432997796.mockFlowFile,24B] from FlowFile[4096,96218432997796.mockFlowFile,24B]; routing to relationship simple
[pool-4370-thread-1] INFO org.apache.nifi.processors.standard.RouteText - RouteText[id=fc47b1db-e7ae-450c-887b-29adc31df765] Routing FlowFile[4096,96218432997796.mockFlowFile,24B] to original
[main] DEBUG org.apache.nifi.processors.standard.RouteText - RouteText[id=fc47b1db-e7ae-450c-887b-29adc31df765] Adding new dynamic property: PropertyDescriptor[simple]
[pool-4371-thread-1] INFO org.apache.nifi.processors.standard.RouteText - RouteText[id=fc47b1db-e7ae-450c-887b-29adc31df765] Created FlowFile[4099,96218433359905.mockFlowFile,24B] from FlowFile[4098,96218433359905.mockFlowFile,24B]; routing to relationship simple
[pool-4371-thread-1] INFO org.apache.nifi.processors.standard.RouteText - RouteText[id=fc47b1db-e7ae-450c-887b-29adc31df765] Routing FlowFile[4098,96218433359905.mockFlowFile,24B] to original
]]></system-err>
  </testcase>
  <testcase name="testSimpleDefaultMatchRegularExpression" classname="org.apache.nifi.processors.standard.TestRouteText" time="0.001">
    <system-err><![CDATA[[main] DEBUG org.apache.nifi.processors.standard.RouteText - RouteText[id=e090c093-8929-471a-827b-7583ac2b6684] Adding new dynamic property: PropertyDescriptor[simple]
[pool-4372-thread-1] INFO org.apache.nifi.processors.standard.RouteText - RouteText[id=e090c093-8929-471a-827b-7583ac2b6684] Created FlowFile[1,96218436313916.mockFlowFile,17B] from FlowFile[0,96218436313916.mockFlowFile,26B]; routing to relationship simple
[pool-4372-thread-1] INFO org.apache.nifi.processors.standard.RouteText - RouteText[id=e090c093-8929-471a-827b-7583ac2b6684] Created FlowFile[2,96218436313916.mockFlowFile,9B] from FlowFile[0,96218436313916.mockFlowFile,26B]; routing to relationship unmatched
[pool-4372-thread-1] INFO org.apache.nifi.processors.standard.RouteText - RouteText[id=e090c093-8929-471a-827b-7583ac2b6684] Routing FlowFile[0,96218436313916.mockFlowFile,26B] to original
]]></system-err>
  </testcase>
  <testcase name="testRouteOnPropertiesStartsWindowsNewLine" classname="org.apache.nifi.processors.standard.TestRouteText" time="0.001">
    <system-err><![CDATA[[main] DEBUG org.apache.nifi.processors.standard.RouteText - RouteText[id=e2ab431b-f3c0-4430-ad52-8f74f08ce5d9] Adding new dynamic property: PropertyDescriptor[simple]
[pool-4373-thread-1] INFO org.apache.nifi.processors.standard.RouteText - RouteText[id=e2ab431b-f3c0-4430-ad52-8f74f08ce5d9] Created FlowFile[1,96218437395488.mockFlowFile,18B] from FlowFile[0,96218437395488.mockFlowFile,27B]; routing to relationship simple
[pool-4373-thread-1] INFO org.apache.nifi.processors.standard.RouteText - RouteText[id=e2ab431b-f3c0-4430-ad52-8f74f08ce5d9] Created FlowFile[2,96218437395488.mockFlowFile,9B] from FlowFile[0,96218437395488.mockFlowFile,27B]; routing to relationship unmatched
[pool-4373-thread-1] INFO org.apache.nifi.processors.standard.RouteText - RouteText[id=e2ab431b-f3c0-4430-ad52-8f74f08ce5d9] Routing FlowFile[0,96218437395488.mockFlowFile,27B] to original
]]></system-err>
  </testcase>
  <testcase name="testSimpleAllEquals" classname="org.apache.nifi.processors.standard.TestRouteText" time="0.001">
    <system-err><![CDATA[[main] DEBUG org.apache.nifi.processors.standard.RouteText - RouteText[id=f7c453d9-190d-4df8-8b9a-80b10a78229b] Adding new dynamic property: PropertyDescriptor[second]
[main] DEBUG org.apache.nifi.processors.standard.RouteText - RouteText[id=f7c453d9-190d-4df8-8b9a-80b10a78229b] Adding new dynamic property: PropertyDescriptor[simple]
[pool-4374-thread-1] INFO org.apache.nifi.processors.standard.RouteText - RouteText[id=f7c453d9-190d-4df8-8b9a-80b10a78229b] Created FlowFile[2,96218438390057.mockFlowFile,9B] from FlowFile[0,96218438390057.mockFlowFile,26B]; routing to relationship unmatched
[pool-4374-thread-1] INFO org.apache.nifi.processors.standard.RouteText - RouteText[id=f7c453d9-190d-4df8-8b9a-80b10a78229b] Created FlowFile[1,96218438390057.mockFlowFile,17B] from FlowFile[0,96218438390057.mockFlowFile,26B]; routing to relationship matched
[pool-4374-thread-1] INFO org.apache.nifi.processors.standard.RouteText - RouteText[id=f7c453d9-190d-4df8-8b9a-80b10a78229b] Routing FlowFile[0,96218438390057.mockFlowFile,26B] to original
]]></system-err>
  </testcase>
  <testcase name="testInvalidRegex" classname="org.apache.nifi.processors.standard.TestRouteText" time="0"/>
  <testcase name="testSimpleAllContainRegularExpression" classname="org.apache.nifi.processors.standard.TestRouteText" time="0.001">
    <system-err><![CDATA[[main] DEBUG org.apache.nifi.processors.standard.RouteText - RouteText[id=333d5aa9-efac-4987-9572-7bed3b68de0a] Adding new dynamic property: PropertyDescriptor[second]
[main] DEBUG org.apache.nifi.processors.standard.RouteText - RouteText[id=333d5aa9-efac-4987-9572-7bed3b68de0a] Adding new dynamic property: PropertyDescriptor[simple]
[pool-4375-thread-1] INFO org.apache.nifi.processors.standard.RouteText - RouteText[id=333d5aa9-efac-4987-9572-7bed3b68de0a] Created FlowFile[2,96218439743449.mockFlowFile,9B] from FlowFile[0,96218439743449.mockFlowFile,26B]; routing to relationship unmatched
[pool-4375-thread-1] INFO org.apache.nifi.processors.standard.RouteText - RouteText[id=333d5aa9-efac-4987-9572-7bed3b68de0a] Created FlowFile[1,96218439743449.mockFlowFile,17B] from FlowFile[0,96218439743449.mockFlowFile,26B]; routing to relationship matched
[pool-4375-thread-1] INFO org.apache.nifi.processors.standard.RouteText - RouteText[id=333d5aa9-efac-4987-9572-7bed3b68de0a] Routing FlowFile[0,96218439743449.mockFlowFile,26B] to original
]]></system-err>
  </testcase>
  <testcase name="testSimpleDefaultContains" classname="org.apache.nifi.processors.standard.TestRouteText" time="0.001">
    <system-err><![CDATA[[main] DEBUG org.apache.nifi.processors.standard.RouteText - RouteText[id=5db862bb-08b2-4c0e-b88c-c218a696f5bc] Adding new dynamic property: PropertyDescriptor[simple]
[pool-4376-thread-1] INFO org.apache.nifi.processors.standard.RouteText - RouteText[id=5db862bb-08b2-4c0e-b88c-c218a696f5bc] Created FlowFile[1,96218440741419.mockFlowFile,17B] from FlowFile[0,96218440741419.mockFlowFile,26B]; routing to relationship simple
[pool-4376-thread-1] INFO org.apache.nifi.processors.standard.RouteText - RouteText[id=5db862bb-08b2-4c0e-b88c-c218a696f5bc] Created FlowFile[2,96218440741419.mockFlowFile,9B] from FlowFile[0,96218440741419.mockFlowFile,26B]; routing to relationship unmatched
[pool-4376-thread-1] INFO org.apache.nifi.processors.standard.RouteText - RouteText[id=5db862bb-08b2-4c0e-b88c-c218a696f5bc] Routing FlowFile[0,96218440741419.mockFlowFile,26B] to original
]]></system-err>
  </testcase>
  <testcase name="testNotText" classname="org.apache.nifi.processors.standard.TestRouteText" time="0.018">
    <system-err><![CDATA[[main] DEBUG org.apache.nifi.processors.standard.RouteText - RouteText[id=bd5554e6-50cc-4e83-8626-6f962c0ec5b7] Adding new dynamic property: PropertyDescriptor[simple]
[pool-4377-thread-1] INFO org.apache.nifi.processors.standard.RouteText - RouteText[id=bd5554e6-50cc-4e83-8626-6f962c0ec5b7] Created FlowFile[1,simple.jpg,42919B] from FlowFile[0,simple.jpg,25248B]; routing to relationship unmatched
[pool-4377-thread-1] INFO org.apache.nifi.processors.standard.RouteText - RouteText[id=bd5554e6-50cc-4e83-8626-6f962c0ec5b7] Routing FlowFile[0,simple.jpg,25248B] to original
]]></system-err>
  </testcase>
  <testcase name="testSimpleAllStarts" classname="org.apache.nifi.processors.standard.TestRouteText" time="0.001">
    <system-err><![CDATA[[main] DEBUG org.apache.nifi.processors.standard.RouteText - RouteText[id=00a6f468-99c3-48cf-a6f0-90950637e8d4] Adding new dynamic property: PropertyDescriptor[second]
[main] DEBUG org.apache.nifi.processors.standard.RouteText - RouteText[id=00a6f468-99c3-48cf-a6f0-90950637e8d4] Adding new dynamic property: PropertyDescriptor[simple]
[pool-4378-thread-1] INFO org.apache.nifi.processors.standard.RouteText - RouteText[id=00a6f468-99c3-48cf-a6f0-90950637e8d4] Created FlowFile[2,96218460179305.mockFlowFile,9B] from FlowFile[0,96218460179305.mockFlowFile,26B]; routing to relationship unmatched
[pool-4378-thread-1] INFO org.apache.nifi.processors.standard.RouteText - RouteText[id=00a6f468-99c3-48cf-a6f0-90950637e8d4] Created FlowFile[1,96218460179305.mockFlowFile,17B] from FlowFile[0,96218460179305.mockFlowFile,26B]; routing to relationship matched
[pool-4378-thread-1] INFO org.apache.nifi.processors.standard.RouteText - RouteText[id=00a6f468-99c3-48cf-a6f0-90950637e8d4] Routing FlowFile[0,96218460179305.mockFlowFile,26B] to original
]]></system-err>
  </testcase>
  <testcase name="testRouteOnPropertiesStartsJustCarriageReturn" classname="org.apache.nifi.processors.standard.TestRouteText" time="0.001">
    <system-err><![CDATA[[main] DEBUG org.apache.nifi.processors.standard.RouteText - RouteText[id=75e66c74-7969-4a4d-a561-075bdb7d1a98] Adding new dynamic property: PropertyDescriptor[simple]
[pool-4379-thread-1] INFO org.apache.nifi.processors.standard.RouteText - RouteText[id=75e66c74-7969-4a4d-a561-075bdb7d1a98] Created FlowFile[1,96218460951022.mockFlowFile,17B] from FlowFile[0,96218460951022.mockFlowFile,26B]; routing to relationship simple
[pool-4379-thread-1] INFO org.apache.nifi.processors.standard.RouteText - RouteText[id=75e66c74-7969-4a4d-a561-075bdb7d1a98] Created FlowFile[2,96218460951022.mockFlowFile,9B] from FlowFile[0,96218460951022.mockFlowFile,26B]; routing to relationship unmatched
[pool-4379-thread-1] INFO org.apache.nifi.processors.standard.RouteText - RouteText[id=75e66c74-7969-4a4d-a561-075bdb7d1a98] Routing FlowFile[0,96218460951022.mockFlowFile,26B] to original
]]></system-err>
  </testcase>
  <testcase name="testSimpleAnyMatchRegularExpression" classname="org.apache.nifi.processors.standard.TestRouteText" time="0.001">
    <system-err><![CDATA[[main] DEBUG org.apache.nifi.processors.standard.RouteText - RouteText[id=9ca35544-379d-4537-aab9-d9eccc34f8ff] Adding new dynamic property: PropertyDescriptor[simple]
[main] DEBUG org.apache.nifi.processors.standard.RouteText - RouteText[id=9ca35544-379d-4537-aab9-d9eccc34f8ff] Adding new dynamic property: PropertyDescriptor[no]
[pool-4380-thread-1] INFO org.apache.nifi.processors.standard.RouteText - RouteText[id=9ca35544-379d-4537-aab9-d9eccc34f8ff] Created FlowFile[2,96218461810073.mockFlowFile,9B] from FlowFile[0,96218461810073.mockFlowFile,26B]; routing to relationship unmatched
[pool-4380-thread-1] INFO org.apache.nifi.processors.standard.RouteText - RouteText[id=9ca35544-379d-4537-aab9-d9eccc34f8ff] Created FlowFile[1,96218461810073.mockFlowFile,17B] from FlowFile[0,96218461810073.mockFlowFile,26B]; routing to relationship matched
[pool-4380-thread-1] INFO org.apache.nifi.processors.standard.RouteText - RouteText[id=9ca35544-379d-4537-aab9-d9eccc34f8ff] Routing FlowFile[0,96218461810073.mockFlowFile,26B] to original
]]></system-err>
  </testcase>
</testsuite>