<?xml version="1.0" encoding="UTF-8"?>
<testsuite xmlns:xsi="http://www.w3.org/2001/XMLSchema-instance" xsi:noNamespaceSchemaLocation="https://maven.apache.org/surefire/maven-surefire-plugin/xsd/surefire-test-report-3.0.xsd" version="3.0" name="org.apache.nifi.processors.standard.TestExecuteSQL" time="10.037" tests="22" errors="0" skipped="0" failures="0">
  <properties>
    <property name="sun.desktop" value="gnome"/>
    <property name="awt.toolkit" value="sun.awt.X11.XToolkit"/>
    <property name="file.encoding.pkg" value="sun.io"/>
    <property name="java.specification.version" value="1.8"/>
    <property name="sun.cpu.isalist" value=""/>
    <property name="sun.jnu.encoding" value="UTF-8"/>
    <property name="java.class.path" value="/home/alex/Repositories/nifi/nifi-nar-bundles/nifi-standard-bundle/nifi-standard-processors/target/test-classes:/home/alex/Repositories/nifi/nifi-nar-bundles/nifi-standard-bundle/nifi-standard-processors/target/classes:/home/alex/.m2/repository/org/apache/ftpserver/ftpserver-core/1.1.1/ftpserver-core-1.1.1.jar:/home/alex/.m2/repository/org/apache/ftpserver/ftplet-api/1.1.1/ftplet-api-1.1.1.jar:/home/alex/.m2/repository/org/slf4j/slf4j-api/1.7.32/slf4j-api-1.7.32.jar:/home/alex/.m2/repository/org/apache/mina/mina-core/2.0.16/mina-core-2.0.16.jar:/home/alex/Repositories/nifi/nifi-api/target/classes:/home/alex/Repositories/nifi/nifi-commons/nifi-expression-language/target/classes:/home/alex/.m2/repository/org/antlr/antlr-runtime/3.5.2/antlr-runtime-3.5.2.jar:/home/alex/Repositories/nifi/nifi-commons/nifi-parameter/target/classes:/home/alex/Repositories/nifi/nifi-commons/nifi-uuid5/target/classes:/home/alex/.m2/repository/org/apache/commons/commons-text/1.8/commons-text-1.8.jar:/home/alex/Repositories/nifi/nifi-nar-bundles/nifi-extension-utils/nifi-processor-utils/target/classes:/home/alex/Repositories/nifi/nifi-commons/nifi-security-socket-ssl/target/classes:/home/alex/Repositories/nifi/nifi-nar-bundles/nifi-extension-utils/nifi-event-transport/target/classes:/home/alex/.m2/repository/io/netty/netty-handler/4.1.69.Final/netty-handler-4.1.69.Final.jar:/home/alex/.m2/repository/io/netty/netty-common/4.1.69.Final/netty-common-4.1.69.Final.jar:/home/alex/.m2/repository/io/netty/netty-resolver/4.1.69.Final/netty-resolver-4.1.69.Final.jar:/home/alex/.m2/repository/io/netty/netty-transport/4.1.69.Final/netty-transport-4.1.69.Final.jar:/home/alex/.m2/repository/io/netty/netty-codec/4.1.69.Final/netty-codec-4.1.69.Final.jar:/home/alex/Repositories/nifi/nifi-nar-bundles/nifi-extension-utils/nifi-syslog-utils/target/classes:/home/alex/.m2/repository/com/github/palindromicity/simple-syslog-5424/0.0.16/simple-syslog-5424-0.0.16.jar:/home/alex/.m2/repository/org/antlr/antlr4-runtime/4.7.2/antlr4-runtime-4.7.2.jar:/home/alex/Repositories/nifi/nifi-commons/nifi-utils/target/classes:/home/alex/Repositories/nifi/nifi-commons/nifi-record-path/target/classes:/home/alex/Repositories/nifi/nifi-commons/nifi-properties/target/classes:/home/alex/Repositories/nifi/nifi-commons/nifi-property-utils/target/classes:/home/alex/.m2/repository/com/github/ben-manes/caffeine/caffeine/2.8.1/caffeine-2.8.1.jar:/home/alex/Repositories/nifi/nifi-nar-bundles/nifi-standard-services/nifi-ssl-context-service-api/target/classes:/home/alex/Repositories/nifi/nifi-commons/nifi-security-utils-api/target/classes:/home/alex/Repositories/nifi/nifi-nar-bundles/nifi-standard-services/nifi-lookup-service-api/target/classes:/home/alex/Repositories/nifi/nifi-commons/nifi-flowfile-packager/target/classes:/home/alex/Repositories/nifi/nifi-nar-bundles/nifi-standard-services/nifi-distributed-cache-client-service-api/target/classes:/home/alex/Repositories/nifi/nifi-nar-bundles/nifi-standard-services/nifi-http-context-map-api/target/classes:/home/alex/Repositories/nifi/nifi-nar-bundles/nifi-standard-services/nifi-record-serialization-service-api/target/classes:/home/alex/Repositories/nifi/nifi-nar-bundles/nifi-standard-services/nifi-proxy-configuration-api/target/classes:/home/alex/Repositories/nifi/nifi-commons/nifi-record/target/classes:/home/alex/Repositories/nifi/nifi-nar-bundles/nifi-standard-services/nifi-record-sink-api/target/classes:/home/alex/.m2/repository/commons-io/commons-io/2.10.0/commons-io-2.10.0.jar:/home/alex/.m2/repository/javax/ws/rs/javax.ws.rs-api/2.1/javax.ws.rs-api-2.1.jar:/home/alex/.m2/repository/commons-net/commons-net/3.6/commons-net-3.6.jar:/home/alex/.m2/repository/org/apache/commons/commons-compress/1.21/commons-compress-1.21.jar:/home/alex/.m2/repository/org/apache/commons/commons-lang3/3.9/commons-lang3-3.9.jar:/home/alex/.m2/repository/org/bouncycastle/bcprov-jdk15on/1.69/bcprov-jdk15on-1.69.jar:/home/alex/.m2/repository/org/bouncycastle/bcpg-jdk15on/1.69/bcpg-jdk15on-1.69.jar:/home/alex/.m2/repository/org/bouncycastle/bcpkix-jdk15on/1.69/bcpkix-jdk15on-1.69.jar:/home/alex/.m2/repository/org/bouncycastle/bcutil-jdk15on/1.69/bcutil-jdk15on-1.69.jar:/home/alex/.m2/repository/commons-codec/commons-codec/1.14/commons-codec-1.14.jar:/home/alex/Repositories/nifi/nifi-commons/nifi-security-utils/target/classes:/home/alex/Repositories/nifi/nifi-commons/nifi-security-kms/target/classes:/home/alex/.m2/repository/org/apache/commons/commons-configuration2/2.7/commons-configuration2-2.7.jar:/home/alex/.m2/repository/com/hierynomus/sshj/0.32.0/sshj-0.32.0.jar:/home/alex/.m2/repository/com/jcraft/jzlib/1.1.3/jzlib-1.1.3.jar:/home/alex/.m2/repository/com/hierynomus/asn-one/0.6.0/asn-one-0.6.0.jar:/home/alex/.m2/repository/net/i2p/crypto/eddsa/0.3.0/eddsa-0.3.0.jar:/home/alex/.m2/repository/org/eclipse/jetty/jetty-server/9.4.44.v20210927/jetty-server-9.4.44.v20210927.jar:/home/alex/.m2/repository/javax/servlet/javax.servlet-api/3.1.0/javax.servlet-api-3.1.0.jar:/home/alex/.m2/repository/org/eclipse/jetty/jetty-http/9.4.44.v20210927/jetty-http-9.4.44.v20210927.jar:/home/alex/.m2/repository/org/eclipse/jetty/jetty-util/9.4.44.v20210927/jetty-util-9.4.44.v20210927.jar:/home/alex/.m2/repository/org/eclipse/jetty/jetty-io/9.4.44.v20210927/jetty-io-9.4.44.v20210927.jar:/home/alex/.m2/repository/org/eclipse/jetty/jetty-servlet/9.4.44.v20210927/jetty-servlet-9.4.44.v20210927.jar:/home/alex/.m2/repository/org/eclipse/jetty/jetty-security/9.4.44.v20210927/jetty-security-9.4.44.v20210927.jar:/home/alex/.m2/repository/org/eclipse/jetty/jetty-util-ajax/9.4.44.v20210927/jetty-util-ajax-9.4.44.v20210927.jar:/home/alex/.m2/repository/org/apache/httpcomponents/httpclient/4.5.5/httpclient-4.5.5.jar:/home/alex/.m2/repository/commons-logging/commons-logging/1.2/commons-logging-1.2.jar:/home/alex/.m2/repository/org/apache/httpcomponents/httpcore/4.4.9/httpcore-4.4.9.jar:/home/alex/.m2/repository/jakarta/activation/jakarta.activation-api/2.0.1/jakarta.activation-api-2.0.1.jar:/home/alex/.m2/repository/com/sun/activation/jakarta.activation/2.0.1/jakarta.activation-2.0.1.jar:/home/alex/.m2/repository/jakarta/mail/jakarta.mail-api/2.0.1/jakarta.mail-api-2.0.1.jar:/home/alex/.m2/repository/com/sun/mail/jakarta.mail/2.0.1/jakarta.mail-2.0.1.jar:/home/alex/.m2/repository/com/github/jponge/lzma-java/1.3/lzma-java-1.3.jar:/home/alex/.m2/repository/org/tukaani/xz/1.8/xz-1.8.jar:/home/alex/.m2/repository/net/sf/saxon/Saxon-HE/10.6/Saxon-HE-10.6.jar:/home/alex/Repositories/nifi/nifi-commons/nifi-socket-utils/target/classes:/home/alex/Repositories/nifi/nifi-commons/nifi-logging-utils/target/classes:/home/alex/Repositories/nifi/nifi-nar-bundles/nifi-standard-services/nifi-load-distribution-service-api/target/classes:/home/alex/.m2/repository/javax/jms/javax.jms-api/2.0.1/javax.jms-api-2.0.1.jar:/home/alex/.m2/repository/org/apache/activemq/activemq-client/5.15.15/activemq-client-5.15.15.jar:/home/alex/.m2/repository/org/apache/geronimo/specs/geronimo-jms_1.1_spec/1.1.1/geronimo-jms_1.1_spec-1.1.1.jar:/home/alex/.m2/repository/org/fusesource/hawtbuf/hawtbuf/1.11/hawtbuf-1.11.jar:/home/alex/.m2/repository/org/apache/geronimo/specs/geronimo-j2ee-management_1.1_spec/1.0.1/geronimo-j2ee-management_1.1_spec-1.0.1.jar:/home/alex/.m2/repository/com/jayway/jsonpath/json-path/2.6.0/json-path-2.6.0.jar:/home/alex/.m2/repository/net/minidev/json-smart/2.4.7/json-smart-2.4.7.jar:/home/alex/.m2/repository/net/minidev/accessors-smart/2.4.7/accessors-smart-2.4.7.jar:/home/alex/.m2/repository/org/ow2/asm/asm/9.1/asm-9.1.jar:/home/alex/.m2/repository/org/apache/tika/tika-core/1.26/tika-core-1.26.jar:/home/alex/.m2/repository/com/fasterxml/jackson/core/jackson-databind/2.12.3/jackson-databind-2.12.3.jar:/home/alex/.m2/repository/com/fasterxml/jackson/core/jackson-annotations/2.12.3/jackson-annotations-2.12.3.jar:/home/alex/.m2/repository/com/fasterxml/jackson/core/jackson-core/2.12.3/jackson-core-2.12.3.jar:/home/alex/Repositories/nifi/nifi-nar-bundles/nifi-extension-utils/nifi-record-utils/nifi-avro-record-utils/target/classes:/home/alex/Repositories/nifi/nifi-nar-bundles/nifi-extension-utils/nifi-record-utils/nifi-standard-record-utils/target/classes:/home/alex/.m2/repository/org/apache/avro/avro/1.8.1/avro-1.8.1.jar:/home/alex/.m2/repository/org/codehaus/jackson/jackson-core-asl/1.9.13/jackson-core-asl-1.9.13.jar:/home/alex/.m2/repository/org/codehaus/jackson/jackson-mapper-asl/1.9.13/jackson-mapper-asl-1.9.13.jar:/home/alex/.m2/repository/com/thoughtworks/paranamer/paranamer/2.7/paranamer-2.7.jar:/home/alex/Repositories/nifi/nifi-nar-bundles/nifi-standard-services/nifi-dbcp-service-api/target/classes:/home/alex/.m2/repository/com/squareup/okhttp3/okhttp/4.9.2/okhttp-4.9.2.jar:/home/alex/.m2/repository/com/squareup/okio/okio/2.8.0/okio-2.8.0.jar:/home/alex/.m2/repository/org/jetbrains/kotlin/kotlin-stdlib-common/1.4.0/kotlin-stdlib-common-1.4.0.jar:/home/alex/.m2/repository/org/jetbrains/kotlin/kotlin-stdlib/1.4.10/kotlin-stdlib-1.4.10.jar:/home/alex/.m2/repository/org/jetbrains/annotations/13.0/annotations-13.0.jar:/home/alex/.m2/repository/io/github/rburgst/okhttp-digest/2.5/okhttp-digest-2.5.jar:/home/alex/.m2/repository/at/favre/lib/bcrypt/0.9.0/bcrypt-0.9.0.jar:/home/alex/.m2/repository/at/favre/lib/bytes/1.3.0/bytes-1.3.0.jar:/home/alex/.m2/repository/com/google/guava/guava/28.0-jre/guava-28.0-jre.jar:/home/alex/.m2/repository/com/google/guava/failureaccess/1.0.1/failureaccess-1.0.1.jar:/home/alex/.m2/repository/com/google/guava/listenablefuture/9999.0-empty-to-avoid-conflict-with-guava/listenablefuture-9999.0-empty-to-avoid-conflict-with-guava.jar:/home/alex/.m2/repository/com/google/code/findbugs/jsr305/3.0.2/jsr305-3.0.2.jar:/home/alex/.m2/repository/org/checkerframework/checker-qual/2.8.1/checker-qual-2.8.1.jar:/home/alex/.m2/repository/com/google/errorprone/error_prone_annotations/2.3.2/error_prone_annotations-2.3.2.jar:/home/alex/.m2/repository/com/google/j2objc/j2objc-annotations/1.3/j2objc-annotations-1.3.jar:/home/alex/.m2/repository/org/codehaus/mojo/animal-sniffer-annotations/1.17/animal-sniffer-annotations-1.17.jar:/home/alex/Repositories/nifi/nifi-mock/target/classes:/home/alex/Repositories/nifi/nifi-framework-api/target/classes:/home/alex/Repositories/nifi/nifi-nar-bundles/nifi-framework-bundle/nifi-framework/nifi-framework-core-api/target/classes:/home/alex/Repositories/nifi/nifi-nar-bundles/nifi-framework-bundle/nifi-framework/nifi-framework-nar-utils/target/classes:/home/alex/Repositories/nifi/nifi-nar-bundles/nifi-framework-bundle/nifi-framework/nifi-client-dto/target/classes:/home/alex/.m2/repository/io/swagger/swagger-annotations/1.6.0/swagger-annotations-1.6.0.jar:/home/alex/Repositories/nifi/nifi-commons/nifi-site-to-site-client/target/classes:/home/alex/.m2/repository/org/apache/httpcomponents/httpasyncclient/4.1.4/httpasyncclient-4.1.4.jar:/home/alex/.m2/repository/org/apache/httpcomponents/httpcore-nio/4.4.10/httpcore-nio-4.4.10.jar:/home/alex/Repositories/nifi/nifi-nar-bundles/nifi-framework-bundle/nifi-framework/nifi-framework-authorization/target/classes:/home/alex/Repositories/nifi/nifi-registry/nifi-registry-core/nifi-registry-data-model/target/classes:/home/alex/Repositories/nifi/nifi-registry/nifi-registry-core/nifi-registry-revision/nifi-registry-revision-entity-model/target/classes:/home/alex/Repositories/nifi/nifi-registry/nifi-registry-core/nifi-registry-client/target/classes:/home/alex/Repositories/nifi/nifi-registry/nifi-registry-core/nifi-registry-security-utils/target/classes:/home/alex/.m2/repository/org/glassfish/jersey/core/jersey-client/2.33/jersey-client-2.33.jar:/home/alex/.m2/repository/jakarta/ws/rs/jakarta.ws.rs-api/2.1.6/jakarta.ws.rs-api-2.1.6.jar:/home/alex/.m2/repository/org/glassfish/hk2/external/jakarta.inject/2.6.1/jakarta.inject-2.6.1.jar:/home/alex/.m2/repository/org/glassfish/jersey/media/jersey-media-json-jackson/2.33/jersey-media-json-jackson-2.33.jar:/home/alex/.m2/repository/org/glassfish/jersey/ext/jersey-entity-filtering/2.33/jersey-entity-filtering-2.33.jar:/home/alex/.m2/repository/org/glassfish/jersey/inject/jersey-hk2/2.33/jersey-hk2-2.33.jar:/home/alex/.m2/repository/org/glassfish/hk2/hk2-locator/2.6.1/hk2-locator-2.6.1.jar:/home/alex/.m2/repository/org/glassfish/hk2/external/aopalliance-repackaged/2.6.1/aopalliance-repackaged-2.6.1.jar:/home/alex/.m2/repository/org/glassfish/hk2/hk2-api/2.6.1/hk2-api-2.6.1.jar:/home/alex/.m2/repository/org/glassfish/hk2/hk2-utils/2.6.1/hk2-utils-2.6.1.jar:/home/alex/.m2/repository/org/javassist/javassist/3.25.0-GA/javassist-3.25.0-GA.jar:/home/alex/.m2/repository/org/glassfish/jersey/core/jersey-common/2.33/jersey-common-2.33.jar:/home/alex/.m2/repository/jakarta/annotation/jakarta.annotation-api/1.3.5/jakarta.annotation-api-1.3.5.jar:/home/alex/.m2/repository/org/glassfish/hk2/osgi-resource-locator/1.0.3/osgi-resource-locator-1.0.3.jar:/home/alex/.m2/repository/org/glassfish/jersey/media/jersey-media-multipart/2.33/jersey-media-multipart-2.33.jar:/home/alex/.m2/repository/org/jvnet/mimepull/mimepull/1.9.13/mimepull-1.9.13.jar:/home/alex/Repositories/nifi/nifi-commons/nifi-data-provenance-utils/target/classes:/home/alex/Repositories/nifi/nifi-nar-bundles/nifi-standard-services/nifi-distributed-cache-services-bundle/nifi-distributed-cache-client-service/target/classes:/home/alex/Repositories/nifi/nifi-nar-bundles/nifi-standard-services/nifi-distributed-cache-services-bundle/nifi-distributed-cache-protocol/target/classes:/home/alex/.m2/repository/io/netty/netty-buffer/4.1.69.Final/netty-buffer-4.1.69.Final.jar:/home/alex/.m2/repository/com/google/http-client/google-http-client/1.28.0/google-http-client-1.28.0.jar:/home/alex/.m2/repository/io/opencensus/opencensus-api/0.18.0/opencensus-api-0.18.0.jar:/home/alex/.m2/repository/io/grpc/grpc-context/1.14.0/grpc-context-1.14.0.jar:/home/alex/.m2/repository/io/opencensus/opencensus-contrib-http-util/0.18.0/opencensus-contrib-http-util-0.18.0.jar:/home/alex/.m2/repository/org/apache/activemq/activemq-broker/5.15.14/activemq-broker-5.15.14.jar:/home/alex/.m2/repository/org/apache/activemq/activemq-openwire-legacy/5.15.14/activemq-openwire-legacy-5.15.14.jar:/home/alex/Repositories/nifi/nifi-nar-bundles/nifi-standard-services/nifi-ssl-context-bundle/nifi-ssl-context-service/target/classes:/home/alex/Repositories/nifi/nifi-nar-bundles/nifi-framework-bundle/nifi-framework/nifi-standard-prioritizers/target/classes:/home/alex/Repositories/nifi/nifi-nar-bundles/nifi-extension-utils/nifi-record-utils/nifi-mock-record-utils/target/classes:/home/alex/Repositories/nifi/nifi-nar-bundles/nifi-standard-services/nifi-record-serialization-services-bundle/nifi-record-serialization-services/target/classes:/home/alex/.m2/repository/org/apache/commons/commons-csv/1.8/commons-csv-1.8.jar:/home/alex/.m2/repository/com/fasterxml/jackson/dataformat/jackson-dataformat-csv/2.12.3/jackson-dataformat-csv-2.12.3.jar:/home/alex/.m2/repository/net/java/dev/stax-utils/stax-utils/20070216/stax-utils-20070216.jar:/home/alex/Repositories/nifi/nifi-nar-bundles/nifi-standard-services/nifi-lookup-services-bundle/nifi-lookup-services/target/classes:/home/alex/.m2/repository/commons-beanutils/commons-beanutils/1.9.4/commons-beanutils-1.9.4.jar:/home/alex/.m2/repository/commons-collections/commons-collections/3.2.2/commons-collections-3.2.2.jar:/home/alex/.m2/repository/com/maxmind/geoip2/geoip2/2.12.0/geoip2-2.12.0.jar:/home/alex/.m2/repository/com/maxmind/db/maxmind-db/1.2.2/maxmind-db-1.2.2.jar:/home/alex/.m2/repository/org/apache/derby/derby/10.14.2.0/derby-10.14.2.0.jar:/home/alex/.m2/repository/org/xerial/snappy/snappy-java/1.1.7.3/snappy-java-1.1.7.3.jar:/home/alex/.m2/repository/net/lingala/zip4j/zip4j/2.8.0/zip4j-2.8.0.jar:/home/alex/.m2/repository/com/h2database/h2/1.4.187/h2-1.4.187.jar:/home/alex/.m2/repository/org/mockftpserver/MockFtpServer/2.7.1/MockFtpServer-2.7.1.jar:/home/alex/.m2/repository/org/apache/sshd/sshd-core/1.7.0/sshd-core-1.7.0.jar:/home/alex/.m2/repository/com/bazaarvoice/jolt/jolt-core/0.1.1/jolt-core-0.1.1.jar:/home/alex/.m2/repository/javax/inject/javax.inject/1/javax.inject-1.jar:/home/alex/.m2/repository/com/bazaarvoice/jolt/json-utils/0.1.1/json-utils-0.1.1.jar:/home/alex/Repositories/nifi/nifi-nar-bundles/nifi-standard-bundle/nifi-standard-utils/target/classes:/home/alex/.m2/repository/net/sf/supercsv/super-csv/2.4.0/super-csv-2.4.0.jar:/home/alex/.m2/repository/com/fluenda/parcefone/2.1.0/parcefone-2.1.0.jar:/home/alex/.m2/repository/javax/validation/validation-api/1.1.0.Final/validation-api-1.1.0.Final.jar:/home/alex/.m2/repository/javax/el/javax.el-api/3.0.0/javax.el-api-3.0.0.jar:/home/alex/.m2/repository/com/github/wnameless/json/json-flattener/0.12.0/json-flattener-0.12.0.jar:/home/alex/.m2/repository/com/github/wnameless/json/json-base/2.0.0/json-base-2.0.0.jar:/home/alex/.m2/repository/org/apache/bval/bval-jsr/1.1.2/bval-jsr-1.1.2.jar:/home/alex/.m2/repository/org/apache/bval/bval-core/1.1.2/bval-core-1.1.2.jar:/home/alex/.m2/repository/io/krakens/java-grok/0.1.9/java-grok-0.1.9.jar:/home/alex/.m2/repository/org/apache/calcite/calcite-core/1.27.0/calcite-core-1.27.0.jar:/home/alex/.m2/repository/org/apache/calcite/calcite-linq4j/1.27.0/calcite-linq4j-1.27.0.jar:/home/alex/.m2/repository/com/esri/geometry/esri-geometry-api/2.2.0/esri-geometry-api-2.2.0.jar:/home/alex/.m2/repository/org/apache/calcite/avatica/avatica-core/1.18.0/avatica-core-1.18.0.jar:/home/alex/.m2/repository/org/apache/calcite/avatica/avatica-metrics/1.18.0/avatica-metrics-1.18.0.jar:/home/alex/.m2/repository/com/google/protobuf/protobuf-java/3.6.1/protobuf-java-3.6.1.jar:/home/alex/.m2/repository/org/apiguardian/apiguardian-api/1.1.0/apiguardian-api-1.1.0.jar:/home/alex/.m2/repository/com/fasterxml/jackson/dataformat/jackson-dataformat-yaml/2.10.0/jackson-dataformat-yaml-2.10.0.jar:/home/alex/.m2/repository/org/yaml/snakeyaml/1.29/snakeyaml-1.29.jar:/home/alex/.m2/repository/com/google/uzaygezen/uzaygezen-core/0.2/uzaygezen-core-0.2.jar:/home/alex/.m2/repository/com/yahoo/datasketches/sketches-core/0.9.0/sketches-core-0.9.0.jar:/home/alex/.m2/repository/com/yahoo/datasketches/memory/0.9.0/memory-0.9.0.jar:/home/alex/.m2/repository/net/hydromatic/aggdesigner-algorithm/6.0/aggdesigner-algorithm-6.0.jar:/home/alex/.m2/repository/commons-lang/commons-lang/2.4/commons-lang-2.4.jar:/home/alex/.m2/repository/org/apache/commons/commons-dbcp2/2.6.0/commons-dbcp2-2.6.0.jar:/home/alex/.m2/repository/org/apache/commons/commons-pool2/2.6.1/commons-pool2-2.6.1.jar:/home/alex/.m2/repository/org/codehaus/janino/commons-compiler/3.0.11/commons-compiler-3.0.11.jar:/home/alex/.m2/repository/org/codehaus/janino/janino/3.0.11/janino-3.0.11.jar:/home/alex/Repositories/nifi/nifi-nar-bundles/nifi-standard-services/nifi-schema-registry-service-api/target/classes:/home/alex/Repositories/nifi/nifi-nar-bundles/nifi-extension-utils/nifi-database-utils/target/classes:/home/alex/Repositories/nifi/nifi-nar-bundles/nifi-standard-bundle/nifi-standard-web-test-utils/target/classes:/home/alex/.m2/repository/com/github/stefanbirkner/fake-sftp-server-rule/2.0.1/fake-sftp-server-rule-2.0.1.jar:/home/alex/.m2/repository/com/github/marschall/memoryfilesystem/2.8.0/memoryfilesystem-2.8.0.jar:/home/alex/.m2/repository/junit/junit/4.13.2/junit-4.13.2.jar:/home/alex/.m2/repository/org/hamcrest/hamcrest-core/1.3/hamcrest-core-1.3.jar:/home/alex/Repositories/nifi/nifi-nar-bundles/nifi-extension-utils/nifi-database-test-utils/target/classes:/home/alex/.m2/repository/org/codehaus/groovy/groovy-json/2.5.14/groovy-json-2.5.14.jar:/home/alex/.m2/repository/org/codehaus/groovy/groovy/2.5.14/groovy-2.5.14.jar:/home/alex/.m2/repository/org/codehaus/groovy/groovy-servlet/2.5.14/groovy-servlet-2.5.14.jar:/home/alex/.m2/repository/org/codehaus/groovy/groovy-templates/2.5.14/groovy-templates-2.5.14.jar:/home/alex/.m2/repository/org/codehaus/groovy/groovy-xml/2.5.14/groovy-xml-2.5.14.jar:/home/alex/.m2/repository/org/hamcrest/hamcrest-all/1.3/hamcrest-all-1.3.jar:/home/alex/.m2/repository/com/squareup/okhttp3/mockwebserver/4.9.2/mockwebserver-4.9.2.jar:/home/alex/.m2/repository/org/jetbrains/kotlin/kotlin-stdlib-jdk8/1.4.10/kotlin-stdlib-jdk8-1.4.10.jar:/home/alex/.m2/repository/org/jetbrains/kotlin/kotlin-stdlib-jdk7/1.4.10/kotlin-stdlib-jdk7-1.4.10.jar:/home/alex/.m2/repository/org/mockito/mockito-inline/3.12.4/mockito-inline-3.12.4.jar:/home/alex/.m2/repository/org/junit/jupiter/junit-jupiter-api/5.7.2/junit-jupiter-api-5.7.2.jar:/home/alex/.m2/repository/org/opentest4j/opentest4j/1.2.0/opentest4j-1.2.0.jar:/home/alex/.m2/repository/org/junit/platform/junit-platform-commons/1.7.2/junit-platform-commons-1.7.2.jar:/home/alex/.m2/repository/org/junit/jupiter/junit-jupiter-engine/5.7.2/junit-jupiter-engine-5.7.2.jar:/home/alex/.m2/repository/org/junit/platform/junit-platform-engine/1.7.2/junit-platform-engine-1.7.2.jar:/home/alex/.m2/repository/org/junit/vintage/junit-vintage-engine/5.7.2/junit-vintage-engine-5.7.2.jar:/home/alex/.m2/repository/org/junit/jupiter/junit-jupiter-params/5.7.2/junit-jupiter-params-5.7.2.jar:/home/alex/.m2/repository/org/mockito/mockito-core/3.11.2/mockito-core-3.11.2.jar:/home/alex/.m2/repository/net/bytebuddy/byte-buddy/1.11.3/byte-buddy-1.11.3.jar:/home/alex/.m2/repository/net/bytebuddy/byte-buddy-agent/1.11.3/byte-buddy-agent-1.11.3.jar:/home/alex/.m2/repository/org/objenesis/objenesis/3.2/objenesis-3.2.jar:/home/alex/.m2/repository/org/mockito/mockito-junit-jupiter/3.11.2/mockito-junit-jupiter-3.11.2.jar:/home/alex/.m2/repository/org/slf4j/slf4j-simple/1.7.32/slf4j-simple-1.7.32.jar:/home/alex/.m2/repository/org/codehaus/groovy/groovy-test/2.5.14/groovy-test-2.5.14.jar:"/>
    <property name="org.slf4j.simpleLogger.log.nifi.processors.standard.TestExecuteSQLRecord" value="debug"/>
    <property name="java.vm.vendor" value="Private Build"/>
    <property name="sun.arch.data.model" value="64"/>
    <property name="java.vendor.url" value="http://java.oracle.com/"/>
    <property name="user.timezone" value="Europe/Lisbon"/>
    <property name="java.vm.specification.version" value="1.8"/>
    <property name="os.name" value="Linux"/>
    <property name="user.country" value="US"/>
    <property name="sun.java.launcher" value="SUN_STANDARD"/>
    <property name="sun.boot.library.path" value="/usr/lib/jvm/java-8-openjdk-amd64/jre/lib/amd64"/>
    <property name="sun.java.command" value="/home/alex/Repositories/nifi/nifi-nar-bundles/nifi-standard-bundle/nifi-standard-processors/target/surefire/surefirebooter5765390859711556220.jar /home/alex/Repositories/nifi/nifi-nar-bundles/nifi-standard-bundle/nifi-standard-processors/target/surefire 2024-05-02T03-00-27_868-jvmRun1 surefire9208373730939602304tmp surefire_6996902428243563721tmp"/>
    <property name="org.slf4j.simpleLogger.log.nifi.io.nio" value="debug"/>
    <property name="surefire.test.class.path" value="/home/alex/Repositories/nifi/nifi-nar-bundles/nifi-standard-bundle/nifi-standard-processors/target/test-classes:/home/alex/Repositories/nifi/nifi-nar-bundles/nifi-standard-bundle/nifi-standard-processors/target/classes:/home/alex/.m2/repository/org/apache/ftpserver/ftpserver-core/1.1.1/ftpserver-core-1.1.1.jar:/home/alex/.m2/repository/org/apache/ftpserver/ftplet-api/1.1.1/ftplet-api-1.1.1.jar:/home/alex/.m2/repository/org/slf4j/slf4j-api/1.7.32/slf4j-api-1.7.32.jar:/home/alex/.m2/repository/org/apache/mina/mina-core/2.0.16/mina-core-2.0.16.jar:/home/alex/Repositories/nifi/nifi-api/target/classes:/home/alex/Repositories/nifi/nifi-commons/nifi-expression-language/target/classes:/home/alex/.m2/repository/org/antlr/antlr-runtime/3.5.2/antlr-runtime-3.5.2.jar:/home/alex/Repositories/nifi/nifi-commons/nifi-parameter/target/classes:/home/alex/Repositories/nifi/nifi-commons/nifi-uuid5/target/classes:/home/alex/.m2/repository/org/apache/commons/commons-text/1.8/commons-text-1.8.jar:/home/alex/Repositories/nifi/nifi-nar-bundles/nifi-extension-utils/nifi-processor-utils/target/classes:/home/alex/Repositories/nifi/nifi-commons/nifi-security-socket-ssl/target/classes:/home/alex/Repositories/nifi/nifi-nar-bundles/nifi-extension-utils/nifi-event-transport/target/classes:/home/alex/.m2/repository/io/netty/netty-handler/4.1.69.Final/netty-handler-4.1.69.Final.jar:/home/alex/.m2/repository/io/netty/netty-common/4.1.69.Final/netty-common-4.1.69.Final.jar:/home/alex/.m2/repository/io/netty/netty-resolver/4.1.69.Final/netty-resolver-4.1.69.Final.jar:/home/alex/.m2/repository/io/netty/netty-transport/4.1.69.Final/netty-transport-4.1.69.Final.jar:/home/alex/.m2/repository/io/netty/netty-codec/4.1.69.Final/netty-codec-4.1.69.Final.jar:/home/alex/Repositories/nifi/nifi-nar-bundles/nifi-extension-utils/nifi-syslog-utils/target/classes:/home/alex/.m2/repository/com/github/palindromicity/simple-syslog-5424/0.0.16/simple-syslog-5424-0.0.16.jar:/home/alex/.m2/repository/org/antlr/antlr4-runtime/4.7.2/antlr4-runtime-4.7.2.jar:/home/alex/Repositories/nifi/nifi-commons/nifi-utils/target/classes:/home/alex/Repositories/nifi/nifi-commons/nifi-record-path/target/classes:/home/alex/Repositories/nifi/nifi-commons/nifi-properties/target/classes:/home/alex/Repositories/nifi/nifi-commons/nifi-property-utils/target/classes:/home/alex/.m2/repository/com/github/ben-manes/caffeine/caffeine/2.8.1/caffeine-2.8.1.jar:/home/alex/Repositories/nifi/nifi-nar-bundles/nifi-standard-services/nifi-ssl-context-service-api/target/classes:/home/alex/Repositories/nifi/nifi-commons/nifi-security-utils-api/target/classes:/home/alex/Repositories/nifi/nifi-nar-bundles/nifi-standard-services/nifi-lookup-service-api/target/classes:/home/alex/Repositories/nifi/nifi-commons/nifi-flowfile-packager/target/classes:/home/alex/Repositories/nifi/nifi-nar-bundles/nifi-standard-services/nifi-distributed-cache-client-service-api/target/classes:/home/alex/Repositories/nifi/nifi-nar-bundles/nifi-standard-services/nifi-http-context-map-api/target/classes:/home/alex/Repositories/nifi/nifi-nar-bundles/nifi-standard-services/nifi-record-serialization-service-api/target/classes:/home/alex/Repositories/nifi/nifi-nar-bundles/nifi-standard-services/nifi-proxy-configuration-api/target/classes:/home/alex/Repositories/nifi/nifi-commons/nifi-record/target/classes:/home/alex/Repositories/nifi/nifi-nar-bundles/nifi-standard-services/nifi-record-sink-api/target/classes:/home/alex/.m2/repository/commons-io/commons-io/2.10.0/commons-io-2.10.0.jar:/home/alex/.m2/repository/javax/ws/rs/javax.ws.rs-api/2.1/javax.ws.rs-api-2.1.jar:/home/alex/.m2/repository/commons-net/commons-net/3.6/commons-net-3.6.jar:/home/alex/.m2/repository/org/apache/commons/commons-compress/1.21/commons-compress-1.21.jar:/home/alex/.m2/repository/org/apache/commons/commons-lang3/3.9/commons-lang3-3.9.jar:/home/alex/.m2/repository/org/bouncycastle/bcprov-jdk15on/1.69/bcprov-jdk15on-1.69.jar:/home/alex/.m2/repository/org/bouncycastle/bcpg-jdk15on/1.69/bcpg-jdk15on-1.69.jar:/home/alex/.m2/repository/org/bouncycastle/bcpkix-jdk15on/1.69/bcpkix-jdk15on-1.69.jar:/home/alex/.m2/repository/org/bouncycastle/bcutil-jdk15on/1.69/bcutil-jdk15on-1.69.jar:/home/alex/.m2/repository/commons-codec/commons-codec/1.14/commons-codec-1.14.jar:/home/alex/Repositories/nifi/nifi-commons/nifi-security-utils/target/classes:/home/alex/Repositories/nifi/nifi-commons/nifi-security-kms/target/classes:/home/alex/.m2/repository/org/apache/commons/commons-configuration2/2.7/commons-configuration2-2.7.jar:/home/alex/.m2/repository/com/hierynomus/sshj/0.32.0/sshj-0.32.0.jar:/home/alex/.m2/repository/com/jcraft/jzlib/1.1.3/jzlib-1.1.3.jar:/home/alex/.m2/repository/com/hierynomus/asn-one/0.6.0/asn-one-0.6.0.jar:/home/alex/.m2/repository/net/i2p/crypto/eddsa/0.3.0/eddsa-0.3.0.jar:/home/alex/.m2/repository/org/eclipse/jetty/jetty-server/9.4.44.v20210927/jetty-server-9.4.44.v20210927.jar:/home/alex/.m2/repository/javax/servlet/javax.servlet-api/3.1.0/javax.servlet-api-3.1.0.jar:/home/alex/.m2/repository/org/eclipse/jetty/jetty-http/9.4.44.v20210927/jetty-http-9.4.44.v20210927.jar:/home/alex/.m2/repository/org/eclipse/jetty/jetty-util/9.4.44.v20210927/jetty-util-9.4.44.v20210927.jar:/home/alex/.m2/repository/org/eclipse/jetty/jetty-io/9.4.44.v20210927/jetty-io-9.4.44.v20210927.jar:/home/alex/.m2/repository/org/eclipse/jetty/jetty-servlet/9.4.44.v20210927/jetty-servlet-9.4.44.v20210927.jar:/home/alex/.m2/repository/org/eclipse/jetty/jetty-security/9.4.44.v20210927/jetty-security-9.4.44.v20210927.jar:/home/alex/.m2/repository/org/eclipse/jetty/jetty-util-ajax/9.4.44.v20210927/jetty-util-ajax-9.4.44.v20210927.jar:/home/alex/.m2/repository/org/apache/httpcomponents/httpclient/4.5.5/httpclient-4.5.5.jar:/home/alex/.m2/repository/commons-logging/commons-logging/1.2/commons-logging-1.2.jar:/home/alex/.m2/repository/org/apache/httpcomponents/httpcore/4.4.9/httpcore-4.4.9.jar:/home/alex/.m2/repository/jakarta/activation/jakarta.activation-api/2.0.1/jakarta.activation-api-2.0.1.jar:/home/alex/.m2/repository/com/sun/activation/jakarta.activation/2.0.1/jakarta.activation-2.0.1.jar:/home/alex/.m2/repository/jakarta/mail/jakarta.mail-api/2.0.1/jakarta.mail-api-2.0.1.jar:/home/alex/.m2/repository/com/sun/mail/jakarta.mail/2.0.1/jakarta.mail-2.0.1.jar:/home/alex/.m2/repository/com/github/jponge/lzma-java/1.3/lzma-java-1.3.jar:/home/alex/.m2/repository/org/tukaani/xz/1.8/xz-1.8.jar:/home/alex/.m2/repository/net/sf/saxon/Saxon-HE/10.6/Saxon-HE-10.6.jar:/home/alex/Repositories/nifi/nifi-commons/nifi-socket-utils/target/classes:/home/alex/Repositories/nifi/nifi-commons/nifi-logging-utils/target/classes:/home/alex/Repositories/nifi/nifi-nar-bundles/nifi-standard-services/nifi-load-distribution-service-api/target/classes:/home/alex/.m2/repository/javax/jms/javax.jms-api/2.0.1/javax.jms-api-2.0.1.jar:/home/alex/.m2/repository/org/apache/activemq/activemq-client/5.15.15/activemq-client-5.15.15.jar:/home/alex/.m2/repository/org/apache/geronimo/specs/geronimo-jms_1.1_spec/1.1.1/geronimo-jms_1.1_spec-1.1.1.jar:/home/alex/.m2/repository/org/fusesource/hawtbuf/hawtbuf/1.11/hawtbuf-1.11.jar:/home/alex/.m2/repository/org/apache/geronimo/specs/geronimo-j2ee-management_1.1_spec/1.0.1/geronimo-j2ee-management_1.1_spec-1.0.1.jar:/home/alex/.m2/repository/com/jayway/jsonpath/json-path/2.6.0/json-path-2.6.0.jar:/home/alex/.m2/repository/net/minidev/json-smart/2.4.7/json-smart-2.4.7.jar:/home/alex/.m2/repository/net/minidev/accessors-smart/2.4.7/accessors-smart-2.4.7.jar:/home/alex/.m2/repository/org/ow2/asm/asm/9.1/asm-9.1.jar:/home/alex/.m2/repository/org/apache/tika/tika-core/1.26/tika-core-1.26.jar:/home/alex/.m2/repository/com/fasterxml/jackson/core/jackson-databind/2.12.3/jackson-databind-2.12.3.jar:/home/alex/.m2/repository/com/fasterxml/jackson/core/jackson-annotations/2.12.3/jackson-annotations-2.12.3.jar:/home/alex/.m2/repository/com/fasterxml/jackson/core/jackson-core/2.12.3/jackson-core-2.12.3.jar:/home/alex/Repositories/nifi/nifi-nar-bundles/nifi-extension-utils/nifi-record-utils/nifi-avro-record-utils/target/classes:/home/alex/Repositories/nifi/nifi-nar-bundles/nifi-extension-utils/nifi-record-utils/nifi-standard-record-utils/target/classes:/home/alex/.m2/repository/org/apache/avro/avro/1.8.1/avro-1.8.1.jar:/home/alex/.m2/repository/org/codehaus/jackson/jackson-core-asl/1.9.13/jackson-core-asl-1.9.13.jar:/home/alex/.m2/repository/org/codehaus/jackson/jackson-mapper-asl/1.9.13/jackson-mapper-asl-1.9.13.jar:/home/alex/.m2/repository/com/thoughtworks/paranamer/paranamer/2.7/paranamer-2.7.jar:/home/alex/Repositories/nifi/nifi-nar-bundles/nifi-standard-services/nifi-dbcp-service-api/target/classes:/home/alex/.m2/repository/com/squareup/okhttp3/okhttp/4.9.2/okhttp-4.9.2.jar:/home/alex/.m2/repository/com/squareup/okio/okio/2.8.0/okio-2.8.0.jar:/home/alex/.m2/repository/org/jetbrains/kotlin/kotlin-stdlib-common/1.4.0/kotlin-stdlib-common-1.4.0.jar:/home/alex/.m2/repository/org/jetbrains/kotlin/kotlin-stdlib/1.4.10/kotlin-stdlib-1.4.10.jar:/home/alex/.m2/repository/org/jetbrains/annotations/13.0/annotations-13.0.jar:/home/alex/.m2/repository/io/github/rburgst/okhttp-digest/2.5/okhttp-digest-2.5.jar:/home/alex/.m2/repository/at/favre/lib/bcrypt/0.9.0/bcrypt-0.9.0.jar:/home/alex/.m2/repository/at/favre/lib/bytes/1.3.0/bytes-1.3.0.jar:/home/alex/.m2/repository/com/google/guava/guava/28.0-jre/guava-28.0-jre.jar:/home/alex/.m2/repository/com/google/guava/failureaccess/1.0.1/failureaccess-1.0.1.jar:/home/alex/.m2/repository/com/google/guava/listenablefuture/9999.0-empty-to-avoid-conflict-with-guava/listenablefuture-9999.0-empty-to-avoid-conflict-with-guava.jar:/home/alex/.m2/repository/com/google/code/findbugs/jsr305/3.0.2/jsr305-3.0.2.jar:/home/alex/.m2/repository/org/checkerframework/checker-qual/2.8.1/checker-qual-2.8.1.jar:/home/alex/.m2/repository/com/google/errorprone/error_prone_annotations/2.3.2/error_prone_annotations-2.3.2.jar:/home/alex/.m2/repository/com/google/j2objc/j2objc-annotations/1.3/j2objc-annotations-1.3.jar:/home/alex/.m2/repository/org/codehaus/mojo/animal-sniffer-annotations/1.17/animal-sniffer-annotations-1.17.jar:/home/alex/Repositories/nifi/nifi-mock/target/classes:/home/alex/Repositories/nifi/nifi-framework-api/target/classes:/home/alex/Repositories/nifi/nifi-nar-bundles/nifi-framework-bundle/nifi-framework/nifi-framework-core-api/target/classes:/home/alex/Repositories/nifi/nifi-nar-bundles/nifi-framework-bundle/nifi-framework/nifi-framework-nar-utils/target/classes:/home/alex/Repositories/nifi/nifi-nar-bundles/nifi-framework-bundle/nifi-framework/nifi-client-dto/target/classes:/home/alex/.m2/repository/io/swagger/swagger-annotations/1.6.0/swagger-annotations-1.6.0.jar:/home/alex/Repositories/nifi/nifi-commons/nifi-site-to-site-client/target/classes:/home/alex/.m2/repository/org/apache/httpcomponents/httpasyncclient/4.1.4/httpasyncclient-4.1.4.jar:/home/alex/.m2/repository/org/apache/httpcomponents/httpcore-nio/4.4.10/httpcore-nio-4.4.10.jar:/home/alex/Repositories/nifi/nifi-nar-bundles/nifi-framework-bundle/nifi-framework/nifi-framework-authorization/target/classes:/home/alex/Repositories/nifi/nifi-registry/nifi-registry-core/nifi-registry-data-model/target/classes:/home/alex/Repositories/nifi/nifi-registry/nifi-registry-core/nifi-registry-revision/nifi-registry-revision-entity-model/target/classes:/home/alex/Repositories/nifi/nifi-registry/nifi-registry-core/nifi-registry-client/target/classes:/home/alex/Repositories/nifi/nifi-registry/nifi-registry-core/nifi-registry-security-utils/target/classes:/home/alex/.m2/repository/org/glassfish/jersey/core/jersey-client/2.33/jersey-client-2.33.jar:/home/alex/.m2/repository/jakarta/ws/rs/jakarta.ws.rs-api/2.1.6/jakarta.ws.rs-api-2.1.6.jar:/home/alex/.m2/repository/org/glassfish/hk2/external/jakarta.inject/2.6.1/jakarta.inject-2.6.1.jar:/home/alex/.m2/repository/org/glassfish/jersey/media/jersey-media-json-jackson/2.33/jersey-media-json-jackson-2.33.jar:/home/alex/.m2/repository/org/glassfish/jersey/ext/jersey-entity-filtering/2.33/jersey-entity-filtering-2.33.jar:/home/alex/.m2/repository/org/glassfish/jersey/inject/jersey-hk2/2.33/jersey-hk2-2.33.jar:/home/alex/.m2/repository/org/glassfish/hk2/hk2-locator/2.6.1/hk2-locator-2.6.1.jar:/home/alex/.m2/repository/org/glassfish/hk2/external/aopalliance-repackaged/2.6.1/aopalliance-repackaged-2.6.1.jar:/home/alex/.m2/repository/org/glassfish/hk2/hk2-api/2.6.1/hk2-api-2.6.1.jar:/home/alex/.m2/repository/org/glassfish/hk2/hk2-utils/2.6.1/hk2-utils-2.6.1.jar:/home/alex/.m2/repository/org/javassist/javassist/3.25.0-GA/javassist-3.25.0-GA.jar:/home/alex/.m2/repository/org/glassfish/jersey/core/jersey-common/2.33/jersey-common-2.33.jar:/home/alex/.m2/repository/jakarta/annotation/jakarta.annotation-api/1.3.5/jakarta.annotation-api-1.3.5.jar:/home/alex/.m2/repository/org/glassfish/hk2/osgi-resource-locator/1.0.3/osgi-resource-locator-1.0.3.jar:/home/alex/.m2/repository/org/glassfish/jersey/media/jersey-media-multipart/2.33/jersey-media-multipart-2.33.jar:/home/alex/.m2/repository/org/jvnet/mimepull/mimepull/1.9.13/mimepull-1.9.13.jar:/home/alex/Repositories/nifi/nifi-commons/nifi-data-provenance-utils/target/classes:/home/alex/Repositories/nifi/nifi-nar-bundles/nifi-standard-services/nifi-distributed-cache-services-bundle/nifi-distributed-cache-client-service/target/classes:/home/alex/Repositories/nifi/nifi-nar-bundles/nifi-standard-services/nifi-distributed-cache-services-bundle/nifi-distributed-cache-protocol/target/classes:/home/alex/.m2/repository/io/netty/netty-buffer/4.1.69.Final/netty-buffer-4.1.69.Final.jar:/home/alex/.m2/repository/com/google/http-client/google-http-client/1.28.0/google-http-client-1.28.0.jar:/home/alex/.m2/repository/io/opencensus/opencensus-api/0.18.0/opencensus-api-0.18.0.jar:/home/alex/.m2/repository/io/grpc/grpc-context/1.14.0/grpc-context-1.14.0.jar:/home/alex/.m2/repository/io/opencensus/opencensus-contrib-http-util/0.18.0/opencensus-contrib-http-util-0.18.0.jar:/home/alex/.m2/repository/org/apache/activemq/activemq-broker/5.15.14/activemq-broker-5.15.14.jar:/home/alex/.m2/repository/org/apache/activemq/activemq-openwire-legacy/5.15.14/activemq-openwire-legacy-5.15.14.jar:/home/alex/Repositories/nifi/nifi-nar-bundles/nifi-standard-services/nifi-ssl-context-bundle/nifi-ssl-context-service/target/classes:/home/alex/Repositories/nifi/nifi-nar-bundles/nifi-framework-bundle/nifi-framework/nifi-standard-prioritizers/target/classes:/home/alex/Repositories/nifi/nifi-nar-bundles/nifi-extension-utils/nifi-record-utils/nifi-mock-record-utils/target/classes:/home/alex/Repositories/nifi/nifi-nar-bundles/nifi-standard-services/nifi-record-serialization-services-bundle/nifi-record-serialization-services/target/classes:/home/alex/.m2/repository/org/apache/commons/commons-csv/1.8/commons-csv-1.8.jar:/home/alex/.m2/repository/com/fasterxml/jackson/dataformat/jackson-dataformat-csv/2.12.3/jackson-dataformat-csv-2.12.3.jar:/home/alex/.m2/repository/net/java/dev/stax-utils/stax-utils/20070216/stax-utils-20070216.jar:/home/alex/Repositories/nifi/nifi-nar-bundles/nifi-standard-services/nifi-lookup-services-bundle/nifi-lookup-services/target/classes:/home/alex/.m2/repository/commons-beanutils/commons-beanutils/1.9.4/commons-beanutils-1.9.4.jar:/home/alex/.m2/repository/commons-collections/commons-collections/3.2.2/commons-collections-3.2.2.jar:/home/alex/.m2/repository/com/maxmind/geoip2/geoip2/2.12.0/geoip2-2.12.0.jar:/home/alex/.m2/repository/com/maxmind/db/maxmind-db/1.2.2/maxmind-db-1.2.2.jar:/home/alex/.m2/repository/org/apache/derby/derby/10.14.2.0/derby-10.14.2.0.jar:/home/alex/.m2/repository/org/xerial/snappy/snappy-java/1.1.7.3/snappy-java-1.1.7.3.jar:/home/alex/.m2/repository/net/lingala/zip4j/zip4j/2.8.0/zip4j-2.8.0.jar:/home/alex/.m2/repository/com/h2database/h2/1.4.187/h2-1.4.187.jar:/home/alex/.m2/repository/org/mockftpserver/MockFtpServer/2.7.1/MockFtpServer-2.7.1.jar:/home/alex/.m2/repository/org/apache/sshd/sshd-core/1.7.0/sshd-core-1.7.0.jar:/home/alex/.m2/repository/com/bazaarvoice/jolt/jolt-core/0.1.1/jolt-core-0.1.1.jar:/home/alex/.m2/repository/javax/inject/javax.inject/1/javax.inject-1.jar:/home/alex/.m2/repository/com/bazaarvoice/jolt/json-utils/0.1.1/json-utils-0.1.1.jar:/home/alex/Repositories/nifi/nifi-nar-bundles/nifi-standard-bundle/nifi-standard-utils/target/classes:/home/alex/.m2/repository/net/sf/supercsv/super-csv/2.4.0/super-csv-2.4.0.jar:/home/alex/.m2/repository/com/fluenda/parcefone/2.1.0/parcefone-2.1.0.jar:/home/alex/.m2/repository/javax/validation/validation-api/1.1.0.Final/validation-api-1.1.0.Final.jar:/home/alex/.m2/repository/javax/el/javax.el-api/3.0.0/javax.el-api-3.0.0.jar:/home/alex/.m2/repository/com/github/wnameless/json/json-flattener/0.12.0/json-flattener-0.12.0.jar:/home/alex/.m2/repository/com/github/wnameless/json/json-base/2.0.0/json-base-2.0.0.jar:/home/alex/.m2/repository/org/apache/bval/bval-jsr/1.1.2/bval-jsr-1.1.2.jar:/home/alex/.m2/repository/org/apache/bval/bval-core/1.1.2/bval-core-1.1.2.jar:/home/alex/.m2/repository/io/krakens/java-grok/0.1.9/java-grok-0.1.9.jar:/home/alex/.m2/repository/org/apache/calcite/calcite-core/1.27.0/calcite-core-1.27.0.jar:/home/alex/.m2/repository/org/apache/calcite/calcite-linq4j/1.27.0/calcite-linq4j-1.27.0.jar:/home/alex/.m2/repository/com/esri/geometry/esri-geometry-api/2.2.0/esri-geometry-api-2.2.0.jar:/home/alex/.m2/repository/org/apache/calcite/avatica/avatica-core/1.18.0/avatica-core-1.18.0.jar:/home/alex/.m2/repository/org/apache/calcite/avatica/avatica-metrics/1.18.0/avatica-metrics-1.18.0.jar:/home/alex/.m2/repository/com/google/protobuf/protobuf-java/3.6.1/protobuf-java-3.6.1.jar:/home/alex/.m2/repository/org/apiguardian/apiguardian-api/1.1.0/apiguardian-api-1.1.0.jar:/home/alex/.m2/repository/com/fasterxml/jackson/dataformat/jackson-dataformat-yaml/2.10.0/jackson-dataformat-yaml-2.10.0.jar:/home/alex/.m2/repository/org/yaml/snakeyaml/1.29/snakeyaml-1.29.jar:/home/alex/.m2/repository/com/google/uzaygezen/uzaygezen-core/0.2/uzaygezen-core-0.2.jar:/home/alex/.m2/repository/com/yahoo/datasketches/sketches-core/0.9.0/sketches-core-0.9.0.jar:/home/alex/.m2/repository/com/yahoo/datasketches/memory/0.9.0/memory-0.9.0.jar:/home/alex/.m2/repository/net/hydromatic/aggdesigner-algorithm/6.0/aggdesigner-algorithm-6.0.jar:/home/alex/.m2/repository/commons-lang/commons-lang/2.4/commons-lang-2.4.jar:/home/alex/.m2/repository/org/apache/commons/commons-dbcp2/2.6.0/commons-dbcp2-2.6.0.jar:/home/alex/.m2/repository/org/apache/commons/commons-pool2/2.6.1/commons-pool2-2.6.1.jar:/home/alex/.m2/repository/org/codehaus/janino/commons-compiler/3.0.11/commons-compiler-3.0.11.jar:/home/alex/.m2/repository/org/codehaus/janino/janino/3.0.11/janino-3.0.11.jar:/home/alex/Repositories/nifi/nifi-nar-bundles/nifi-standard-services/nifi-schema-registry-service-api/target/classes:/home/alex/Repositories/nifi/nifi-nar-bundles/nifi-extension-utils/nifi-database-utils/target/classes:/home/alex/Repositories/nifi/nifi-nar-bundles/nifi-standard-bundle/nifi-standard-web-test-utils/target/classes:/home/alex/.m2/repository/com/github/stefanbirkner/fake-sftp-server-rule/2.0.1/fake-sftp-server-rule-2.0.1.jar:/home/alex/.m2/repository/com/github/marschall/memoryfilesystem/2.8.0/memoryfilesystem-2.8.0.jar:/home/alex/.m2/repository/junit/junit/4.13.2/junit-4.13.2.jar:/home/alex/.m2/repository/org/hamcrest/hamcrest-core/1.3/hamcrest-core-1.3.jar:/home/alex/Repositories/nifi/nifi-nar-bundles/nifi-extension-utils/nifi-database-test-utils/target/classes:/home/alex/.m2/repository/org/codehaus/groovy/groovy-json/2.5.14/groovy-json-2.5.14.jar:/home/alex/.m2/repository/org/codehaus/groovy/groovy/2.5.14/groovy-2.5.14.jar:/home/alex/.m2/repository/org/codehaus/groovy/groovy-servlet/2.5.14/groovy-servlet-2.5.14.jar:/home/alex/.m2/repository/org/codehaus/groovy/groovy-templates/2.5.14/groovy-templates-2.5.14.jar:/home/alex/.m2/repository/org/codehaus/groovy/groovy-xml/2.5.14/groovy-xml-2.5.14.jar:/home/alex/.m2/repository/org/hamcrest/hamcrest-all/1.3/hamcrest-all-1.3.jar:/home/alex/.m2/repository/com/squareup/okhttp3/mockwebserver/4.9.2/mockwebserver-4.9.2.jar:/home/alex/.m2/repository/org/jetbrains/kotlin/kotlin-stdlib-jdk8/1.4.10/kotlin-stdlib-jdk8-1.4.10.jar:/home/alex/.m2/repository/org/jetbrains/kotlin/kotlin-stdlib-jdk7/1.4.10/kotlin-stdlib-jdk7-1.4.10.jar:/home/alex/.m2/repository/org/mockito/mockito-inline/3.12.4/mockito-inline-3.12.4.jar:/home/alex/.m2/repository/org/junit/jupiter/junit-jupiter-api/5.7.2/junit-jupiter-api-5.7.2.jar:/home/alex/.m2/repository/org/opentest4j/opentest4j/1.2.0/opentest4j-1.2.0.jar:/home/alex/.m2/repository/org/junit/platform/junit-platform-commons/1.7.2/junit-platform-commons-1.7.2.jar:/home/alex/.m2/repository/org/junit/jupiter/junit-jupiter-engine/5.7.2/junit-jupiter-engine-5.7.2.jar:/home/alex/.m2/repository/org/junit/platform/junit-platform-engine/1.7.2/junit-platform-engine-1.7.2.jar:/home/alex/.m2/repository/org/junit/vintage/junit-vintage-engine/5.7.2/junit-vintage-engine-5.7.2.jar:/home/alex/.m2/repository/org/junit/jupiter/junit-jupiter-params/5.7.2/junit-jupiter-params-5.7.2.jar:/home/alex/.m2/repository/org/mockito/mockito-core/3.11.2/mockito-core-3.11.2.jar:/home/alex/.m2/repository/net/bytebuddy/byte-buddy/1.11.3/byte-buddy-1.11.3.jar:/home/alex/.m2/repository/net/bytebuddy/byte-buddy-agent/1.11.3/byte-buddy-agent-1.11.3.jar:/home/alex/.m2/repository/org/objenesis/objenesis/3.2/objenesis-3.2.jar:/home/alex/.m2/repository/org/mockito/mockito-junit-jupiter/3.11.2/mockito-junit-jupiter-3.11.2.jar:/home/alex/.m2/repository/org/slf4j/slf4j-simple/1.7.32/slf4j-simple-1.7.32.jar:/home/alex/.m2/repository/org/codehaus/groovy/groovy-test/2.5.14/groovy-test-2.5.14.jar:"/>
    <property name="sun.cpu.endian" value="little"/>
    <property name="user.home" value="/home/alex"/>
    <property name="user.language" value="en"/>
    <property name="java.specification.vendor" value="Oracle Corporation"/>
    <property name="java.home" value="/usr/lib/jvm/java-8-openjdk-amd64/jre"/>
    <property name="basedir" value="/home/alex/Repositories/nifi/nifi-nar-bundles/nifi-standard-bundle/nifi-standard-processors"/>
    <property name="file.separator" value="/"/>
    <property name="line.separator" value="&#10;"/>
    <property name="java.vm.specification.vendor" value="Oracle Corporation"/>
    <property name="java.specification.name" value="Java Platform API Specification"/>
    <property name="derby.stream.error.file" value="target/derby.log"/>
    <property name="javax.xml.xpath.XPathFactory:http://saxon.sf.net/jaxp/xpath/om" value="net.sf.saxon.xpath.XPathFactoryImpl"/>
    <property name="java.awt.graphicsenv" value="sun.awt.X11GraphicsEnvironment"/>
    <property name="org.slf4j.simpleLogger.log.org.apache.nifi.processors.standard.SQLTransform" value="debug"/>
    <property name="java.awt.headless" value="true"/>
    <property name="org.slf4j.simpleLogger.log.nifi.processors.standard.ExecuteSQLRecord" value="debug"/>
    <property name="org.slf4j.simpleLogger.showDateTime" value="true"/>
    <property name="surefire.real.class.path" value="/home/alex/Repositories/nifi/nifi-nar-bundles/nifi-standard-bundle/nifi-standard-processors/target/surefire/surefirebooter5765390859711556220.jar"/>
    <property name="sun.boot.class.path" value="/usr/lib/jvm/java-8-openjdk-amd64/jre/lib/resources.jar:/usr/lib/jvm/java-8-openjdk-amd64/jre/lib/rt.jar:/usr/lib/jvm/java-8-openjdk-amd64/jre/lib/sunrsasign.jar:/usr/lib/jvm/java-8-openjdk-amd64/jre/lib/jsse.jar:/usr/lib/jvm/java-8-openjdk-amd64/jre/lib/jce.jar:/usr/lib/jvm/java-8-openjdk-amd64/jre/lib/charsets.jar:/usr/lib/jvm/java-8-openjdk-amd64/jre/lib/jfr.jar:/usr/lib/jvm/java-8-openjdk-amd64/jre/classes"/>
    <property name="sun.management.compiler" value="HotSpot 64-Bit Tiered Compilers"/>
    <property name="org.slf4j.simpleLogger.log.nifi.processors.standard.TestExecuteSQL" value="debug"/>
    <property name="java.runtime.version" value="1.8.0_402-8u402-ga-2ubuntu1~22.04-b06"/>
    <property name="java.net.preferIPv4Stack" value="true"/>
    <property name="user.name" value="alex"/>
    <property name="path.separator" value=":"/>
    <property name="os.version" value="6.5.0-28-generic"/>
    <property name="java.endorsed.dirs" value="/usr/lib/jvm/java-8-openjdk-amd64/jre/lib/endorsed"/>
    <property name="java.runtime.name" value="OpenJDK Runtime Environment"/>
    <property name="file.encoding" value="UTF-8"/>
    <property name="org.slf4j.simpleLogger.log.org.apache.nifi.processors.standard" value="TRACE"/>
    <property name="org.slf4j.simpleLogger.log.nifi.processors.standard.ExecuteSQL" value="debug"/>
    <property name="sun.nio.ch.bugLevel" value=""/>
    <property name="java.vm.name" value="OpenJDK 64-Bit Server VM"/>
    <property name="localRepository" value="/home/alex/.m2/repository"/>
    <property name="java.vendor.url.bug" value="http://bugreport.sun.com/bugreport/"/>
    <property name="java.io.tmpdir" value="/tmp"/>
    <property name="java.version" value="1.8.0_402"/>
    <property name="user.dir" value="/home/alex/Repositories/nifi/nifi-nar-bundles/nifi-standard-bundle/nifi-standard-processors"/>
    <property name="org.slf4j.simpleLogger.log.nifi.processors.standard.TestDetectDuplicate" value="debug"/>
    <property name="os.arch" value="amd64"/>
    <property name="java.vm.specification.name" value="Java Virtual Machine Specification"/>
    <property name="java.awt.printerjob" value="sun.print.PSPrinterJob"/>
    <property name="sun.os.patch.level" value="unknown"/>
    <property name="org.slf4j.simpleLogger.defaultLogLevel" value="info"/>
    <property name="java.library.path" value="/usr/java/packages/lib/amd64:/usr/lib/x86_64-linux-gnu/jni:/lib/x86_64-linux-gnu:/usr/lib/x86_64-linux-gnu:/usr/lib/jni:/lib:/usr/lib"/>
    <property name="java.vm.info" value="mixed mode"/>
    <property name="java.vendor" value="Private Build"/>
    <property name="java.vm.version" value="25.402-b06"/>
    <property name="org.slf4j.simpleLogger.log.nifi.processors.standard.DetectDuplicate" value="debug"/>
    <property name="java.specification.maintenance.version" value="5"/>
    <property name="java.ext.dirs" value="/usr/lib/jvm/java-8-openjdk-amd64/jre/lib/ext:/usr/java/packages/lib/ext"/>
    <property name="sun.io.unicode.encoding" value="UnicodeLittle"/>
    <property name="java.class.version" value="52.0"/>
  </properties>
  <testcase name="testWithOutputBatching" classname="org.apache.nifi.processors.standard.TestExecuteSQL" time="2.226">
    <system-err><![CDATA[[org.apache.nifi.processors.standard.ListenUDP [355cc4b8-056d-4539-aef2-23f358782381]] ERROR org.apache.nifi.processors.standard.ListenUDP - ListenUDP[id=355cc4b8-056d-4539-aef2-23f358782381] Internal queue at maximum capacity, could not queue event
[org.apache.nifi.processors.standard.ListenUDP [355cc4b8-056d-4539-aef2-23f358782381]] ERROR org.apache.nifi.processors.standard.ListenUDP - ListenUDP[id=355cc4b8-056d-4539-aef2-23f358782381] Internal queue at maximum capacity, could not queue event
[org.apache.nifi.processors.standard.ListenUDP [355cc4b8-056d-4539-aef2-23f358782381]] ERROR org.apache.nifi.processors.standard.ListenUDP - ListenUDP[id=355cc4b8-056d-4539-aef2-23f358782381] Internal queue at maximum capacity, could not queue event
[org.apache.nifi.processors.standard.ListenUDP [355cc4b8-056d-4539-aef2-23f358782381]] ERROR org.apache.nifi.processors.standard.ListenUDP - ListenUDP[id=355cc4b8-056d-4539-aef2-23f358782381] Internal queue at maximum capacity, could not queue event
[org.apache.nifi.processors.standard.ListenUDP [355cc4b8-056d-4539-aef2-23f358782381]] ERROR org.apache.nifi.processors.standard.ListenUDP - ListenUDP[id=355cc4b8-056d-4539-aef2-23f358782381] Internal queue at maximum capacity, could not queue event
[org.apache.nifi.processors.standard.ListenUDP [355cc4b8-056d-4539-aef2-23f358782381]] ERROR org.apache.nifi.processors.standard.ListenUDP - ListenUDP[id=355cc4b8-056d-4539-aef2-23f358782381] Internal queue at maximum capacity, could not queue event
[org.apache.nifi.processors.standard.ListenUDP [355cc4b8-056d-4539-aef2-23f358782381]] ERROR org.apache.nifi.processors.standard.ListenUDP - ListenUDP[id=355cc4b8-056d-4539-aef2-23f358782381] Internal queue at maximum capacity, could not queue event
[org.apache.nifi.processors.standard.ListenUDP [355cc4b8-056d-4539-aef2-23f358782381]] ERROR org.apache.nifi.processors.standard.ListenUDP - ListenUDP[id=355cc4b8-056d-4539-aef2-23f358782381] Internal queue at maximum capacity, could not queue event
[org.apache.nifi.processors.standard.ListenUDP [355cc4b8-056d-4539-aef2-23f358782381]] ERROR org.apache.nifi.processors.standard.ListenUDP - ListenUDP[id=355cc4b8-056d-4539-aef2-23f358782381] Internal queue at maximum capacity, could not queue event
[org.apache.nifi.processors.standard.ListenUDP [355cc4b8-056d-4539-aef2-23f358782381]] ERROR org.apache.nifi.processors.standard.ListenUDP - ListenUDP[id=355cc4b8-056d-4539-aef2-23f358782381] Internal queue at maximum capacity, could not queue event
[org.apache.nifi.processors.standard.ListenUDP [355cc4b8-056d-4539-aef2-23f358782381]] ERROR org.apache.nifi.processors.standard.ListenUDP - ListenUDP[id=355cc4b8-056d-4539-aef2-23f358782381] Internal queue at maximum capacity, could not queue event
[org.apache.nifi.processors.standard.ListenUDP [355cc4b8-056d-4539-aef2-23f358782381]] ERROR org.apache.nifi.processors.standard.ListenUDP - ListenUDP[id=355cc4b8-056d-4539-aef2-23f358782381] Internal queue at maximum capacity, could not queue event
[org.apache.nifi.processors.standard.ListenUDP [355cc4b8-056d-4539-aef2-23f358782381]] ERROR org.apache.nifi.processors.standard.ListenUDP - ListenUDP[id=355cc4b8-056d-4539-aef2-23f358782381] Internal queue at maximum capacity, could not queue event
[pool-1916-thread-1] DEBUG org.apache.nifi.processors.standard.ExecuteSQL - ExecuteSQL[id=40a01a09-3e4c-473f-93af-23b45a1461b4] Executing query SELECT * FROM TEST_NULL_INT
[pool-1916-thread-1] INFO org.apache.nifi.processors.standard.ExecuteSQL - ExecuteSQL[id=40a01a09-3e4c-473f-93af-23b45a1461b4] FlowFile[0,96183597289631.mockFlowFile,286B] contains 5 records; transferring to 'success'
[pool-1916-thread-1] INFO org.apache.nifi.processors.standard.ExecuteSQL - ExecuteSQL[id=40a01a09-3e4c-473f-93af-23b45a1461b4] FlowFile[1,96183598523367.mockFlowFile,286B] contains 5 records; transferring to 'success'
[pool-1916-thread-1] INFO org.apache.nifi.processors.standard.ExecuteSQL - ExecuteSQL[id=40a01a09-3e4c-473f-93af-23b45a1461b4] FlowFile[2,96183598664621.mockFlowFile,286B] contains 5 records; transferring to 'success'
[pool-1916-thread-1] INFO org.apache.nifi.processors.standard.ExecuteSQL - ExecuteSQL[id=40a01a09-3e4c-473f-93af-23b45a1461b4] FlowFile[3,96183598760763.mockFlowFile,286B] contains 5 records; transferring to 'success'
[pool-1916-thread-1] INFO org.apache.nifi.processors.standard.ExecuteSQL - ExecuteSQL[id=40a01a09-3e4c-473f-93af-23b45a1461b4] FlowFile[4,96183598883528.mockFlowFile,286B] contains 5 records; transferring to 'success'
[pool-1916-thread-1] INFO org.apache.nifi.processors.standard.ExecuteSQL - ExecuteSQL[id=40a01a09-3e4c-473f-93af-23b45a1461b4] FlowFile[5,96183599027236.mockFlowFile,286B] contains 5 records; transferring to 'success'
[pool-1916-thread-1] INFO org.apache.nifi.processors.standard.ExecuteSQL - ExecuteSQL[id=40a01a09-3e4c-473f-93af-23b45a1461b4] FlowFile[6,96183599121941.mockFlowFile,286B] contains 5 records; transferring to 'success'
[pool-1916-thread-1] INFO org.apache.nifi.processors.standard.ExecuteSQL - ExecuteSQL[id=40a01a09-3e4c-473f-93af-23b45a1461b4] FlowFile[7,96183599224917.mockFlowFile,286B] contains 5 records; transferring to 'success'
[pool-1916-thread-1] INFO org.apache.nifi.processors.standard.ExecuteSQL - ExecuteSQL[id=40a01a09-3e4c-473f-93af-23b45a1461b4] FlowFile[8,96183599309523.mockFlowFile,286B] contains 5 records; transferring to 'success'
[pool-1916-thread-1] INFO org.apache.nifi.processors.standard.ExecuteSQL - ExecuteSQL[id=40a01a09-3e4c-473f-93af-23b45a1461b4] FlowFile[9,96183599447283.mockFlowFile,286B] contains 5 records; transferring to 'success'
[pool-1916-thread-1] INFO org.apache.nifi.processors.standard.ExecuteSQL - ExecuteSQL[id=40a01a09-3e4c-473f-93af-23b45a1461b4] FlowFile[10,96183599619901.mockFlowFile,286B] contains 5 records; transferring to 'success'
[pool-1916-thread-1] INFO org.apache.nifi.processors.standard.ExecuteSQL - ExecuteSQL[id=40a01a09-3e4c-473f-93af-23b45a1461b4] FlowFile[11,96183599702968.mockFlowFile,286B] contains 5 records; transferring to 'success'
[pool-1916-thread-1] INFO org.apache.nifi.processors.standard.ExecuteSQL - ExecuteSQL[id=40a01a09-3e4c-473f-93af-23b45a1461b4] FlowFile[12,96183599885165.mockFlowFile,287B] contains 5 records; transferring to 'success'
[pool-1916-thread-1] INFO org.apache.nifi.processors.standard.ExecuteSQL - ExecuteSQL[id=40a01a09-3e4c-473f-93af-23b45a1461b4] FlowFile[13,96183600055689.mockFlowFile,291B] contains 5 records; transferring to 'success'
[pool-1916-thread-1] INFO org.apache.nifi.processors.standard.ExecuteSQL - ExecuteSQL[id=40a01a09-3e4c-473f-93af-23b45a1461b4] FlowFile[14,96183600159128.mockFlowFile,291B] contains 5 records; transferring to 'success'
[pool-1916-thread-1] INFO org.apache.nifi.processors.standard.ExecuteSQL - ExecuteSQL[id=40a01a09-3e4c-473f-93af-23b45a1461b4] FlowFile[15,96183600323248.mockFlowFile,291B] contains 5 records; transferring to 'success'
[pool-1916-thread-1] INFO org.apache.nifi.processors.standard.ExecuteSQL - ExecuteSQL[id=40a01a09-3e4c-473f-93af-23b45a1461b4] FlowFile[16,96183600436906.mockFlowFile,291B] contains 5 records; transferring to 'success'
[pool-1916-thread-1] INFO org.apache.nifi.processors.standard.ExecuteSQL - ExecuteSQL[id=40a01a09-3e4c-473f-93af-23b45a1461b4] FlowFile[17,96183600530793.mockFlowFile,291B] contains 5 records; transferring to 'success'
[pool-1916-thread-1] INFO org.apache.nifi.processors.standard.ExecuteSQL - ExecuteSQL[id=40a01a09-3e4c-473f-93af-23b45a1461b4] FlowFile[18,96183600619819.mockFlowFile,291B] contains 5 records; transferring to 'success'
[pool-1916-thread-1] INFO org.apache.nifi.processors.standard.ExecuteSQL - ExecuteSQL[id=40a01a09-3e4c-473f-93af-23b45a1461b4] FlowFile[19,96183600705553.mockFlowFile,291B] contains 5 records; transferring to 'success'
[pool-1916-thread-1] INFO org.apache.nifi.processors.standard.ExecuteSQL - ExecuteSQL[id=40a01a09-3e4c-473f-93af-23b45a1461b4] FlowFile[20,96183600798412.mockFlowFile,291B] contains 5 records; transferring to 'success'
[pool-1916-thread-1] INFO org.apache.nifi.processors.standard.ExecuteSQL - ExecuteSQL[id=40a01a09-3e4c-473f-93af-23b45a1461b4] FlowFile[21,96183600882924.mockFlowFile,291B] contains 5 records; transferring to 'success'
[pool-1916-thread-1] INFO org.apache.nifi.processors.standard.ExecuteSQL - ExecuteSQL[id=40a01a09-3e4c-473f-93af-23b45a1461b4] FlowFile[22,96183600966790.mockFlowFile,291B] contains 5 records; transferring to 'success'
[pool-1916-thread-1] INFO org.apache.nifi.processors.standard.ExecuteSQL - ExecuteSQL[id=40a01a09-3e4c-473f-93af-23b45a1461b4] FlowFile[23,96183601078568.mockFlowFile,291B] contains 5 records; transferring to 'success'
[pool-1916-thread-1] INFO org.apache.nifi.processors.standard.ExecuteSQL - ExecuteSQL[id=40a01a09-3e4c-473f-93af-23b45a1461b4] FlowFile[24,96183601166778.mockFlowFile,291B] contains 5 records; transferring to 'success'
[pool-1916-thread-1] INFO org.apache.nifi.processors.standard.ExecuteSQL - ExecuteSQL[id=40a01a09-3e4c-473f-93af-23b45a1461b4] FlowFile[25,96183601256292.mockFlowFile,291B] contains 5 records; transferring to 'success'
[pool-1916-thread-1] INFO org.apache.nifi.processors.standard.ExecuteSQL - ExecuteSQL[id=40a01a09-3e4c-473f-93af-23b45a1461b4] FlowFile[26,96183601348144.mockFlowFile,291B] contains 5 records; transferring to 'success'
[pool-1916-thread-1] INFO org.apache.nifi.processors.standard.ExecuteSQL - ExecuteSQL[id=40a01a09-3e4c-473f-93af-23b45a1461b4] FlowFile[27,96183601432176.mockFlowFile,291B] contains 5 records; transferring to 'success'
[pool-1916-thread-1] INFO org.apache.nifi.processors.standard.ExecuteSQL - ExecuteSQL[id=40a01a09-3e4c-473f-93af-23b45a1461b4] FlowFile[28,96183601516518.mockFlowFile,291B] contains 5 records; transferring to 'success'
[pool-1916-thread-1] INFO org.apache.nifi.processors.standard.ExecuteSQL - ExecuteSQL[id=40a01a09-3e4c-473f-93af-23b45a1461b4] FlowFile[29,96183601603455.mockFlowFile,291B] contains 5 records; transferring to 'success'
[pool-1916-thread-1] INFO org.apache.nifi.processors.standard.ExecuteSQL - ExecuteSQL[id=40a01a09-3e4c-473f-93af-23b45a1461b4] FlowFile[30,96183601718771.mockFlowFile,291B] contains 5 records; transferring to 'success'
[pool-1916-thread-1] INFO org.apache.nifi.processors.standard.ExecuteSQL - ExecuteSQL[id=40a01a09-3e4c-473f-93af-23b45a1461b4] FlowFile[31,96183601808775.mockFlowFile,291B] contains 5 records; transferring to 'success'
[pool-1916-thread-1] INFO org.apache.nifi.processors.standard.ExecuteSQL - ExecuteSQL[id=40a01a09-3e4c-473f-93af-23b45a1461b4] FlowFile[32,96183601903084.mockFlowFile,291B] contains 5 records; transferring to 'success'
[pool-1916-thread-1] INFO org.apache.nifi.processors.standard.ExecuteSQL - ExecuteSQL[id=40a01a09-3e4c-473f-93af-23b45a1461b4] FlowFile[33,96183601992786.mockFlowFile,291B] contains 5 records; transferring to 'success'
[pool-1916-thread-1] INFO org.apache.nifi.processors.standard.ExecuteSQL - ExecuteSQL[id=40a01a09-3e4c-473f-93af-23b45a1461b4] FlowFile[34,96183602077742.mockFlowFile,291B] contains 5 records; transferring to 'success'
[pool-1916-thread-1] INFO org.apache.nifi.processors.standard.ExecuteSQL - ExecuteSQL[id=40a01a09-3e4c-473f-93af-23b45a1461b4] FlowFile[35,96183602166148.mockFlowFile,291B] contains 5 records; transferring to 'success'
[pool-1916-thread-1] INFO org.apache.nifi.processors.standard.ExecuteSQL - ExecuteSQL[id=40a01a09-3e4c-473f-93af-23b45a1461b4] FlowFile[36,96183602256285.mockFlowFile,291B] contains 5 records; transferring to 'success'
[pool-1916-thread-1] INFO org.apache.nifi.processors.standard.ExecuteSQL - ExecuteSQL[id=40a01a09-3e4c-473f-93af-23b45a1461b4] FlowFile[37,96183602387974.mockFlowFile,291B] contains 5 records; transferring to 'success'
[pool-1916-thread-1] INFO org.apache.nifi.processors.standard.ExecuteSQL - ExecuteSQL[id=40a01a09-3e4c-473f-93af-23b45a1461b4] FlowFile[38,96183602557590.mockFlowFile,291B] contains 5 records; transferring to 'success'
[pool-1916-thread-1] INFO org.apache.nifi.processors.standard.ExecuteSQL - ExecuteSQL[id=40a01a09-3e4c-473f-93af-23b45a1461b4] FlowFile[39,96183602714239.mockFlowFile,291B] contains 5 records; transferring to 'success'
[pool-1916-thread-1] INFO org.apache.nifi.processors.standard.ExecuteSQL - ExecuteSQL[id=40a01a09-3e4c-473f-93af-23b45a1461b4] FlowFile[40,96183602858187.mockFlowFile,291B] contains 5 records; transferring to 'success'
[pool-1916-thread-1] INFO org.apache.nifi.processors.standard.ExecuteSQL - ExecuteSQL[id=40a01a09-3e4c-473f-93af-23b45a1461b4] FlowFile[41,96183602994996.mockFlowFile,291B] contains 5 records; transferring to 'success'
[pool-1916-thread-1] INFO org.apache.nifi.processors.standard.ExecuteSQL - ExecuteSQL[id=40a01a09-3e4c-473f-93af-23b45a1461b4] FlowFile[42,96183603144551.mockFlowFile,291B] contains 5 records; transferring to 'success'
[pool-1916-thread-1] INFO org.apache.nifi.processors.standard.ExecuteSQL - ExecuteSQL[id=40a01a09-3e4c-473f-93af-23b45a1461b4] FlowFile[43,96183603282445.mockFlowFile,291B] contains 5 records; transferring to 'success'
[pool-1916-thread-1] INFO org.apache.nifi.processors.standard.ExecuteSQL - ExecuteSQL[id=40a01a09-3e4c-473f-93af-23b45a1461b4] FlowFile[44,96183603420147.mockFlowFile,291B] contains 5 records; transferring to 'success'
[pool-1916-thread-1] INFO org.apache.nifi.processors.standard.ExecuteSQL - ExecuteSQL[id=40a01a09-3e4c-473f-93af-23b45a1461b4] FlowFile[45,96183603590256.mockFlowFile,291B] contains 5 records; transferring to 'success'
[pool-1916-thread-1] INFO org.apache.nifi.processors.standard.ExecuteSQL - ExecuteSQL[id=40a01a09-3e4c-473f-93af-23b45a1461b4] FlowFile[46,96183603729996.mockFlowFile,291B] contains 5 records; transferring to 'success'
[pool-1916-thread-1] INFO org.apache.nifi.processors.standard.ExecuteSQL - ExecuteSQL[id=40a01a09-3e4c-473f-93af-23b45a1461b4] FlowFile[47,96183603878611.mockFlowFile,291B] contains 5 records; transferring to 'success'
[pool-1916-thread-1] INFO org.apache.nifi.processors.standard.ExecuteSQL - ExecuteSQL[id=40a01a09-3e4c-473f-93af-23b45a1461b4] FlowFile[48,96183604100147.mockFlowFile,291B] contains 5 records; transferring to 'success'
[pool-1916-thread-1] INFO org.apache.nifi.processors.standard.ExecuteSQL - ExecuteSQL[id=40a01a09-3e4c-473f-93af-23b45a1461b4] FlowFile[49,96183604265328.mockFlowFile,291B] contains 5 records; transferring to 'success'
[pool-1916-thread-1] INFO org.apache.nifi.processors.standard.ExecuteSQL - ExecuteSQL[id=40a01a09-3e4c-473f-93af-23b45a1461b4] FlowFile[50,96183604414900.mockFlowFile,291B] contains 5 records; transferring to 'success'
[pool-1916-thread-1] INFO org.apache.nifi.processors.standard.ExecuteSQL - ExecuteSQL[id=40a01a09-3e4c-473f-93af-23b45a1461b4] FlowFile[51,96183604565553.mockFlowFile,291B] contains 5 records; transferring to 'success'
[pool-1916-thread-1] INFO org.apache.nifi.processors.standard.ExecuteSQL - ExecuteSQL[id=40a01a09-3e4c-473f-93af-23b45a1461b4] FlowFile[52,96183604721964.mockFlowFile,291B] contains 5 records; transferring to 'success'
[pool-1916-thread-1] INFO org.apache.nifi.processors.standard.ExecuteSQL - ExecuteSQL[id=40a01a09-3e4c-473f-93af-23b45a1461b4] FlowFile[53,96183604863361.mockFlowFile,291B] contains 5 records; transferring to 'success'
[pool-1916-thread-1] INFO org.apache.nifi.processors.standard.ExecuteSQL - ExecuteSQL[id=40a01a09-3e4c-473f-93af-23b45a1461b4] FlowFile[54,96183605006913.mockFlowFile,291B] contains 5 records; transferring to 'success'
[pool-1916-thread-1] INFO org.apache.nifi.processors.standard.ExecuteSQL - ExecuteSQL[id=40a01a09-3e4c-473f-93af-23b45a1461b4] FlowFile[55,96183605172897.mockFlowFile,291B] contains 5 records; transferring to 'success'
[pool-1916-thread-1] INFO org.apache.nifi.processors.standard.ExecuteSQL - ExecuteSQL[id=40a01a09-3e4c-473f-93af-23b45a1461b4] FlowFile[56,96183605320088.mockFlowFile,291B] contains 5 records; transferring to 'success'
[pool-1916-thread-1] INFO org.apache.nifi.processors.standard.ExecuteSQL - ExecuteSQL[id=40a01a09-3e4c-473f-93af-23b45a1461b4] FlowFile[57,96183605462829.mockFlowFile,291B] contains 5 records; transferring to 'success'
[pool-1916-thread-1] INFO org.apache.nifi.processors.standard.ExecuteSQL - ExecuteSQL[id=40a01a09-3e4c-473f-93af-23b45a1461b4] FlowFile[58,96183605616654.mockFlowFile,291B] contains 5 records; transferring to 'success'
[pool-1916-thread-1] INFO org.apache.nifi.processors.standard.ExecuteSQL - ExecuteSQL[id=40a01a09-3e4c-473f-93af-23b45a1461b4] FlowFile[59,96183605767469.mockFlowFile,291B] contains 5 records; transferring to 'success'
[pool-1916-thread-1] INFO org.apache.nifi.processors.standard.ExecuteSQL - ExecuteSQL[id=40a01a09-3e4c-473f-93af-23b45a1461b4] FlowFile[60,96183605941921.mockFlowFile,291B] contains 5 records; transferring to 'success'
[pool-1916-thread-1] INFO org.apache.nifi.processors.standard.ExecuteSQL - ExecuteSQL[id=40a01a09-3e4c-473f-93af-23b45a1461b4] FlowFile[61,96183606115378.mockFlowFile,291B] contains 5 records; transferring to 'success'
[pool-1916-thread-1] INFO org.apache.nifi.processors.standard.ExecuteSQL - ExecuteSQL[id=40a01a09-3e4c-473f-93af-23b45a1461b4] FlowFile[62,96183606266622.mockFlowFile,291B] contains 5 records; transferring to 'success'
[pool-1916-thread-1] INFO org.apache.nifi.processors.standard.ExecuteSQL - ExecuteSQL[id=40a01a09-3e4c-473f-93af-23b45a1461b4] FlowFile[63,96183606407930.mockFlowFile,291B] contains 5 records; transferring to 'success'
[pool-1916-thread-1] INFO org.apache.nifi.processors.standard.ExecuteSQL - ExecuteSQL[id=40a01a09-3e4c-473f-93af-23b45a1461b4] FlowFile[64,96183606574033.mockFlowFile,291B] contains 5 records; transferring to 'success'
[pool-1916-thread-1] INFO org.apache.nifi.processors.standard.ExecuteSQL - ExecuteSQL[id=40a01a09-3e4c-473f-93af-23b45a1461b4] FlowFile[65,96183606749081.mockFlowFile,291B] contains 5 records; transferring to 'success'
[pool-1916-thread-1] INFO org.apache.nifi.processors.standard.ExecuteSQL - ExecuteSQL[id=40a01a09-3e4c-473f-93af-23b45a1461b4] FlowFile[66,96183606889922.mockFlowFile,291B] contains 5 records; transferring to 'success'
[pool-1916-thread-1] INFO org.apache.nifi.processors.standard.ExecuteSQL - ExecuteSQL[id=40a01a09-3e4c-473f-93af-23b45a1461b4] FlowFile[67,96183607034833.mockFlowFile,291B] contains 5 records; transferring to 'success'
[pool-1916-thread-1] INFO org.apache.nifi.processors.standard.ExecuteSQL - ExecuteSQL[id=40a01a09-3e4c-473f-93af-23b45a1461b4] FlowFile[68,96183607190672.mockFlowFile,291B] contains 5 records; transferring to 'success'
[pool-1916-thread-1] INFO org.apache.nifi.processors.standard.ExecuteSQL - ExecuteSQL[id=40a01a09-3e4c-473f-93af-23b45a1461b4] FlowFile[69,96183607341231.mockFlowFile,291B] contains 5 records; transferring to 'success'
[pool-1916-thread-1] INFO org.apache.nifi.processors.standard.ExecuteSQL - ExecuteSQL[id=40a01a09-3e4c-473f-93af-23b45a1461b4] FlowFile[70,96183607501206.mockFlowFile,291B] contains 5 records; transferring to 'success'
[pool-1916-thread-1] INFO org.apache.nifi.processors.standard.ExecuteSQL - ExecuteSQL[id=40a01a09-3e4c-473f-93af-23b45a1461b4] FlowFile[71,96183607660198.mockFlowFile,291B] contains 5 records; transferring to 'success'
[pool-1916-thread-1] INFO org.apache.nifi.processors.standard.ExecuteSQL - ExecuteSQL[id=40a01a09-3e4c-473f-93af-23b45a1461b4] FlowFile[72,96183607812985.mockFlowFile,291B] contains 5 records; transferring to 'success'
[pool-1916-thread-1] INFO org.apache.nifi.processors.standard.ExecuteSQL - ExecuteSQL[id=40a01a09-3e4c-473f-93af-23b45a1461b4] FlowFile[73,96183607973149.mockFlowFile,291B] contains 5 records; transferring to 'success'
[pool-1916-thread-1] INFO org.apache.nifi.processors.standard.ExecuteSQL - ExecuteSQL[id=40a01a09-3e4c-473f-93af-23b45a1461b4] FlowFile[74,96183608179088.mockFlowFile,291B] contains 5 records; transferring to 'success'
[pool-1916-thread-1] INFO org.apache.nifi.processors.standard.ExecuteSQL - ExecuteSQL[id=40a01a09-3e4c-473f-93af-23b45a1461b4] FlowFile[75,96183608337615.mockFlowFile,291B] contains 5 records; transferring to 'success'
[pool-1916-thread-1] INFO org.apache.nifi.processors.standard.ExecuteSQL - ExecuteSQL[id=40a01a09-3e4c-473f-93af-23b45a1461b4] FlowFile[76,96183608479771.mockFlowFile,291B] contains 5 records; transferring to 'success'
[pool-1916-thread-1] INFO org.apache.nifi.processors.standard.ExecuteSQL - ExecuteSQL[id=40a01a09-3e4c-473f-93af-23b45a1461b4] FlowFile[77,96183608634528.mockFlowFile,291B] contains 5 records; transferring to 'success'
[pool-1916-thread-1] INFO org.apache.nifi.processors.standard.ExecuteSQL - ExecuteSQL[id=40a01a09-3e4c-473f-93af-23b45a1461b4] FlowFile[78,96183608778159.mockFlowFile,291B] contains 5 records; transferring to 'success'
[pool-1916-thread-1] INFO org.apache.nifi.processors.standard.ExecuteSQL - ExecuteSQL[id=40a01a09-3e4c-473f-93af-23b45a1461b4] FlowFile[79,96183608928698.mockFlowFile,291B] contains 5 records; transferring to 'success'
[pool-1916-thread-1] INFO org.apache.nifi.processors.standard.ExecuteSQL - ExecuteSQL[id=40a01a09-3e4c-473f-93af-23b45a1461b4] FlowFile[80,96183609090295.mockFlowFile,291B] contains 5 records; transferring to 'success'
[pool-1916-thread-1] INFO org.apache.nifi.processors.standard.ExecuteSQL - ExecuteSQL[id=40a01a09-3e4c-473f-93af-23b45a1461b4] FlowFile[81,96183609249853.mockFlowFile,291B] contains 5 records; transferring to 'success'
[pool-1916-thread-1] INFO org.apache.nifi.processors.standard.ExecuteSQL - ExecuteSQL[id=40a01a09-3e4c-473f-93af-23b45a1461b4] FlowFile[82,96183609395240.mockFlowFile,291B] contains 5 records; transferring to 'success'
[pool-1916-thread-1] INFO org.apache.nifi.processors.standard.ExecuteSQL - ExecuteSQL[id=40a01a09-3e4c-473f-93af-23b45a1461b4] FlowFile[83,96183609527867.mockFlowFile,291B] contains 5 records; transferring to 'success'
[pool-1916-thread-1] INFO org.apache.nifi.processors.standard.ExecuteSQL - ExecuteSQL[id=40a01a09-3e4c-473f-93af-23b45a1461b4] FlowFile[84,96183609677129.mockFlowFile,291B] contains 5 records; transferring to 'success'
[pool-1916-thread-1] INFO org.apache.nifi.processors.standard.ExecuteSQL - ExecuteSQL[id=40a01a09-3e4c-473f-93af-23b45a1461b4] FlowFile[85,96183609829350.mockFlowFile,291B] contains 5 records; transferring to 'success'
[pool-1916-thread-1] INFO org.apache.nifi.processors.standard.ExecuteSQL - ExecuteSQL[id=40a01a09-3e4c-473f-93af-23b45a1461b4] FlowFile[86,96183609973687.mockFlowFile,291B] contains 5 records; transferring to 'success'
[pool-1916-thread-1] INFO org.apache.nifi.processors.standard.ExecuteSQL - ExecuteSQL[id=40a01a09-3e4c-473f-93af-23b45a1461b4] FlowFile[87,96183610132434.mockFlowFile,291B] contains 5 records; transferring to 'success'
[pool-1916-thread-1] INFO org.apache.nifi.processors.standard.ExecuteSQL - ExecuteSQL[id=40a01a09-3e4c-473f-93af-23b45a1461b4] FlowFile[88,96183610271564.mockFlowFile,291B] contains 5 records; transferring to 'success'
[pool-1916-thread-1] INFO org.apache.nifi.processors.standard.ExecuteSQL - ExecuteSQL[id=40a01a09-3e4c-473f-93af-23b45a1461b4] FlowFile[89,96183610413801.mockFlowFile,291B] contains 5 records; transferring to 'success'
[pool-1916-thread-1] INFO org.apache.nifi.processors.standard.ExecuteSQL - ExecuteSQL[id=40a01a09-3e4c-473f-93af-23b45a1461b4] FlowFile[90,96183610599147.mockFlowFile,291B] contains 5 records; transferring to 'success'
[pool-1916-thread-1] INFO org.apache.nifi.processors.standard.ExecuteSQL - ExecuteSQL[id=40a01a09-3e4c-473f-93af-23b45a1461b4] FlowFile[91,96183610743492.mockFlowFile,291B] contains 5 records; transferring to 'success'
[pool-1916-thread-1] INFO org.apache.nifi.processors.standard.ExecuteSQL - ExecuteSQL[id=40a01a09-3e4c-473f-93af-23b45a1461b4] FlowFile[92,96183610891482.mockFlowFile,291B] contains 5 records; transferring to 'success'
[pool-1916-thread-1] INFO org.apache.nifi.processors.standard.ExecuteSQL - ExecuteSQL[id=40a01a09-3e4c-473f-93af-23b45a1461b4] FlowFile[93,96183611045811.mockFlowFile,291B] contains 5 records; transferring to 'success'
[pool-1916-thread-1] INFO org.apache.nifi.processors.standard.ExecuteSQL - ExecuteSQL[id=40a01a09-3e4c-473f-93af-23b45a1461b4] FlowFile[94,96183611185390.mockFlowFile,291B] contains 5 records; transferring to 'success'
[pool-1916-thread-1] INFO org.apache.nifi.processors.standard.ExecuteSQL - ExecuteSQL[id=40a01a09-3e4c-473f-93af-23b45a1461b4] FlowFile[95,96183611330156.mockFlowFile,291B] contains 5 records; transferring to 'success'
[pool-1916-thread-1] INFO org.apache.nifi.processors.standard.ExecuteSQL - ExecuteSQL[id=40a01a09-3e4c-473f-93af-23b45a1461b4] FlowFile[96,96183611487490.mockFlowFile,291B] contains 5 records; transferring to 'success'
[pool-1916-thread-1] INFO org.apache.nifi.processors.standard.ExecuteSQL - ExecuteSQL[id=40a01a09-3e4c-473f-93af-23b45a1461b4] FlowFile[97,96183611644750.mockFlowFile,291B] contains 5 records; transferring to 'success'
[pool-1916-thread-1] INFO org.apache.nifi.processors.standard.ExecuteSQL - ExecuteSQL[id=40a01a09-3e4c-473f-93af-23b45a1461b4] FlowFile[98,96183611787671.mockFlowFile,291B] contains 5 records; transferring to 'success'
[pool-1916-thread-1] INFO org.apache.nifi.processors.standard.ExecuteSQL - ExecuteSQL[id=40a01a09-3e4c-473f-93af-23b45a1461b4] FlowFile[99,96183611924345.mockFlowFile,291B] contains 5 records; transferring to 'success'
[pool-1916-thread-1] INFO org.apache.nifi.processors.standard.ExecuteSQL - ExecuteSQL[id=40a01a09-3e4c-473f-93af-23b45a1461b4] FlowFile[100,96183612139240.mockFlowFile,291B] contains 5 records; transferring to 'success'
[pool-1916-thread-1] INFO org.apache.nifi.processors.standard.ExecuteSQL - ExecuteSQL[id=40a01a09-3e4c-473f-93af-23b45a1461b4] FlowFile[101,96183612298206.mockFlowFile,291B] contains 5 records; transferring to 'success'
[pool-1916-thread-1] INFO org.apache.nifi.processors.standard.ExecuteSQL - ExecuteSQL[id=40a01a09-3e4c-473f-93af-23b45a1461b4] FlowFile[102,96183612435909.mockFlowFile,291B] contains 5 records; transferring to 'success'
[pool-1916-thread-1] INFO org.apache.nifi.processors.standard.ExecuteSQL - ExecuteSQL[id=40a01a09-3e4c-473f-93af-23b45a1461b4] FlowFile[103,96183612583605.mockFlowFile,291B] contains 5 records; transferring to 'success'
[pool-1916-thread-1] INFO org.apache.nifi.processors.standard.ExecuteSQL - ExecuteSQL[id=40a01a09-3e4c-473f-93af-23b45a1461b4] FlowFile[104,96183612721712.mockFlowFile,291B] contains 5 records; transferring to 'success'
[pool-1916-thread-1] INFO org.apache.nifi.processors.standard.ExecuteSQL - ExecuteSQL[id=40a01a09-3e4c-473f-93af-23b45a1461b4] FlowFile[105,96183612886443.mockFlowFile,291B] contains 5 records; transferring to 'success'
[pool-1916-thread-1] INFO org.apache.nifi.processors.standard.ExecuteSQL - ExecuteSQL[id=40a01a09-3e4c-473f-93af-23b45a1461b4] FlowFile[106,96183613042484.mockFlowFile,291B] contains 5 records; transferring to 'success'
[pool-1916-thread-1] INFO org.apache.nifi.processors.standard.ExecuteSQL - ExecuteSQL[id=40a01a09-3e4c-473f-93af-23b45a1461b4] FlowFile[107,96183613186207.mockFlowFile,291B] contains 5 records; transferring to 'success'
[pool-1916-thread-1] INFO org.apache.nifi.processors.standard.ExecuteSQL - ExecuteSQL[id=40a01a09-3e4c-473f-93af-23b45a1461b4] FlowFile[108,96183613327353.mockFlowFile,291B] contains 5 records; transferring to 'success'
[pool-1916-thread-1] INFO org.apache.nifi.processors.standard.ExecuteSQL - ExecuteSQL[id=40a01a09-3e4c-473f-93af-23b45a1461b4] FlowFile[109,96183613503616.mockFlowFile,291B] contains 5 records; transferring to 'success'
[pool-1916-thread-1] INFO org.apache.nifi.processors.standard.ExecuteSQL - ExecuteSQL[id=40a01a09-3e4c-473f-93af-23b45a1461b4] FlowFile[110,96183613667219.mockFlowFile,291B] contains 5 records; transferring to 'success'
[pool-1916-thread-1] INFO org.apache.nifi.processors.standard.ExecuteSQL - ExecuteSQL[id=40a01a09-3e4c-473f-93af-23b45a1461b4] FlowFile[111,96183613813014.mockFlowFile,291B] contains 5 records; transferring to 'success'
[pool-1916-thread-1] INFO org.apache.nifi.processors.standard.ExecuteSQL - ExecuteSQL[id=40a01a09-3e4c-473f-93af-23b45a1461b4] FlowFile[112,96183613966075.mockFlowFile,291B] contains 5 records; transferring to 'success'
[pool-1916-thread-1] INFO org.apache.nifi.processors.standard.ExecuteSQL - ExecuteSQL[id=40a01a09-3e4c-473f-93af-23b45a1461b4] FlowFile[113,96183614128737.mockFlowFile,291B] contains 5 records; transferring to 'success'
[pool-1916-thread-1] INFO org.apache.nifi.processors.standard.ExecuteSQL - ExecuteSQL[id=40a01a09-3e4c-473f-93af-23b45a1461b4] FlowFile[114,96183614289958.mockFlowFile,291B] contains 5 records; transferring to 'success'
[pool-1916-thread-1] INFO org.apache.nifi.processors.standard.ExecuteSQL - ExecuteSQL[id=40a01a09-3e4c-473f-93af-23b45a1461b4] FlowFile[115,96183614444116.mockFlowFile,291B] contains 5 records; transferring to 'success'
[pool-1916-thread-1] INFO org.apache.nifi.processors.standard.ExecuteSQL - ExecuteSQL[id=40a01a09-3e4c-473f-93af-23b45a1461b4] FlowFile[116,96183614601639.mockFlowFile,291B] contains 5 records; transferring to 'success'
[pool-1916-thread-1] INFO org.apache.nifi.processors.standard.ExecuteSQL - ExecuteSQL[id=40a01a09-3e4c-473f-93af-23b45a1461b4] FlowFile[117,96183614748749.mockFlowFile,291B] contains 5 records; transferring to 'success'
[pool-1916-thread-1] INFO org.apache.nifi.processors.standard.ExecuteSQL - ExecuteSQL[id=40a01a09-3e4c-473f-93af-23b45a1461b4] FlowFile[118,96183614890085.mockFlowFile,291B] contains 5 records; transferring to 'success'
[pool-1916-thread-1] INFO org.apache.nifi.processors.standard.ExecuteSQL - ExecuteSQL[id=40a01a09-3e4c-473f-93af-23b45a1461b4] FlowFile[119,96183615048716.mockFlowFile,291B] contains 5 records; transferring to 'success'
[pool-1916-thread-1] INFO org.apache.nifi.processors.standard.ExecuteSQL - ExecuteSQL[id=40a01a09-3e4c-473f-93af-23b45a1461b4] FlowFile[120,96183615206259.mockFlowFile,291B] contains 5 records; transferring to 'success'
[pool-1916-thread-1] INFO org.apache.nifi.processors.standard.ExecuteSQL - ExecuteSQL[id=40a01a09-3e4c-473f-93af-23b45a1461b4] FlowFile[121,96183615350351.mockFlowFile,291B] contains 5 records; transferring to 'success'
[pool-1916-thread-1] INFO org.apache.nifi.processors.standard.ExecuteSQL - ExecuteSQL[id=40a01a09-3e4c-473f-93af-23b45a1461b4] FlowFile[122,96183615502205.mockFlowFile,291B] contains 5 records; transferring to 'success'
[pool-1916-thread-1] INFO org.apache.nifi.processors.standard.ExecuteSQL - ExecuteSQL[id=40a01a09-3e4c-473f-93af-23b45a1461b4] FlowFile[123,96183615966211.mockFlowFile,291B] contains 5 records; transferring to 'success'
[pool-1916-thread-1] INFO org.apache.nifi.processors.standard.ExecuteSQL - ExecuteSQL[id=40a01a09-3e4c-473f-93af-23b45a1461b4] FlowFile[124,96183616185511.mockFlowFile,291B] contains 5 records; transferring to 'success'
[pool-1916-thread-1] INFO org.apache.nifi.processors.standard.ExecuteSQL - ExecuteSQL[id=40a01a09-3e4c-473f-93af-23b45a1461b4] FlowFile[125,96183616379204.mockFlowFile,291B] contains 5 records; transferring to 'success'
[pool-1916-thread-1] INFO org.apache.nifi.processors.standard.ExecuteSQL - ExecuteSQL[id=40a01a09-3e4c-473f-93af-23b45a1461b4] FlowFile[126,96183616527093.mockFlowFile,291B] contains 5 records; transferring to 'success'
[pool-1916-thread-1] INFO org.apache.nifi.processors.standard.ExecuteSQL - ExecuteSQL[id=40a01a09-3e4c-473f-93af-23b45a1461b4] FlowFile[127,96183616670524.mockFlowFile,291B] contains 5 records; transferring to 'success'
[pool-1916-thread-1] INFO org.apache.nifi.processors.standard.ExecuteSQL - ExecuteSQL[id=40a01a09-3e4c-473f-93af-23b45a1461b4] FlowFile[128,96183616823323.mockFlowFile,291B] contains 5 records; transferring to 'success'
[pool-1916-thread-1] INFO org.apache.nifi.processors.standard.ExecuteSQL - ExecuteSQL[id=40a01a09-3e4c-473f-93af-23b45a1461b4] FlowFile[129,96183616999256.mockFlowFile,291B] contains 5 records; transferring to 'success'
[pool-1916-thread-1] INFO org.apache.nifi.processors.standard.ExecuteSQL - ExecuteSQL[id=40a01a09-3e4c-473f-93af-23b45a1461b4] FlowFile[130,96183617220792.mockFlowFile,291B] contains 5 records; transferring to 'success'
[pool-1916-thread-1] INFO org.apache.nifi.processors.standard.ExecuteSQL - ExecuteSQL[id=40a01a09-3e4c-473f-93af-23b45a1461b4] FlowFile[131,96183617388821.mockFlowFile,291B] contains 5 records; transferring to 'success'
[pool-1916-thread-1] INFO org.apache.nifi.processors.standard.ExecuteSQL - ExecuteSQL[id=40a01a09-3e4c-473f-93af-23b45a1461b4] FlowFile[132,96183617565304.mockFlowFile,291B] contains 5 records; transferring to 'success'
[pool-1916-thread-1] INFO org.apache.nifi.processors.standard.ExecuteSQL - ExecuteSQL[id=40a01a09-3e4c-473f-93af-23b45a1461b4] FlowFile[133,96183617721994.mockFlowFile,291B] contains 5 records; transferring to 'success'
[pool-1916-thread-1] INFO org.apache.nifi.processors.standard.ExecuteSQL - ExecuteSQL[id=40a01a09-3e4c-473f-93af-23b45a1461b4] FlowFile[134,96183617862553.mockFlowFile,291B] contains 5 records; transferring to 'success'
[pool-1916-thread-1] INFO org.apache.nifi.processors.standard.ExecuteSQL - ExecuteSQL[id=40a01a09-3e4c-473f-93af-23b45a1461b4] FlowFile[135,96183618059044.mockFlowFile,291B] contains 5 records; transferring to 'success'
[pool-1916-thread-1] INFO org.apache.nifi.processors.standard.ExecuteSQL - ExecuteSQL[id=40a01a09-3e4c-473f-93af-23b45a1461b4] FlowFile[136,96183618221275.mockFlowFile,291B] contains 5 records; transferring to 'success'
[pool-1916-thread-1] INFO org.apache.nifi.processors.standard.ExecuteSQL - ExecuteSQL[id=40a01a09-3e4c-473f-93af-23b45a1461b4] FlowFile[137,96183618364569.mockFlowFile,291B] contains 5 records; transferring to 'success'
[pool-1916-thread-1] INFO org.apache.nifi.processors.standard.ExecuteSQL - ExecuteSQL[id=40a01a09-3e4c-473f-93af-23b45a1461b4] FlowFile[138,96183618541833.mockFlowFile,291B] contains 5 records; transferring to 'success'
[pool-1916-thread-1] INFO org.apache.nifi.processors.standard.ExecuteSQL - ExecuteSQL[id=40a01a09-3e4c-473f-93af-23b45a1461b4] FlowFile[139,96183618683350.mockFlowFile,291B] contains 5 records; transferring to 'success'
[pool-1916-thread-1] INFO org.apache.nifi.processors.standard.ExecuteSQL - ExecuteSQL[id=40a01a09-3e4c-473f-93af-23b45a1461b4] FlowFile[140,96183618837429.mockFlowFile,291B] contains 5 records; transferring to 'success'
[pool-1916-thread-1] INFO org.apache.nifi.processors.standard.ExecuteSQL - ExecuteSQL[id=40a01a09-3e4c-473f-93af-23b45a1461b4] FlowFile[141,96183618995471.mockFlowFile,291B] contains 5 records; transferring to 'success'
[pool-1916-thread-1] INFO org.apache.nifi.processors.standard.ExecuteSQL - ExecuteSQL[id=40a01a09-3e4c-473f-93af-23b45a1461b4] FlowFile[142,96183619137731.mockFlowFile,291B] contains 5 records; transferring to 'success'
[pool-1916-thread-1] INFO org.apache.nifi.processors.standard.ExecuteSQL - ExecuteSQL[id=40a01a09-3e4c-473f-93af-23b45a1461b4] FlowFile[143,96183619350006.mockFlowFile,291B] contains 5 records; transferring to 'success'
[pool-1916-thread-1] INFO org.apache.nifi.processors.standard.ExecuteSQL - ExecuteSQL[id=40a01a09-3e4c-473f-93af-23b45a1461b4] FlowFile[144,96183619516191.mockFlowFile,291B] contains 5 records; transferring to 'success'
[pool-1916-thread-1] INFO org.apache.nifi.processors.standard.ExecuteSQL - ExecuteSQL[id=40a01a09-3e4c-473f-93af-23b45a1461b4] FlowFile[145,96183619689841.mockFlowFile,291B] contains 5 records; transferring to 'success'
[pool-1916-thread-1] INFO org.apache.nifi.processors.standard.ExecuteSQL - ExecuteSQL[id=40a01a09-3e4c-473f-93af-23b45a1461b4] FlowFile[146,96183619839102.mockFlowFile,291B] contains 5 records; transferring to 'success'
[pool-1916-thread-1] INFO org.apache.nifi.processors.standard.ExecuteSQL - ExecuteSQL[id=40a01a09-3e4c-473f-93af-23b45a1461b4] FlowFile[147,96183619980855.mockFlowFile,291B] contains 5 records; transferring to 'success'
[pool-1916-thread-1] INFO org.apache.nifi.processors.standard.ExecuteSQL - ExecuteSQL[id=40a01a09-3e4c-473f-93af-23b45a1461b4] FlowFile[148,96183620177159.mockFlowFile,291B] contains 5 records; transferring to 'success'
[pool-1916-thread-1] INFO org.apache.nifi.processors.standard.ExecuteSQL - ExecuteSQL[id=40a01a09-3e4c-473f-93af-23b45a1461b4] FlowFile[149,96183620320846.mockFlowFile,291B] contains 5 records; transferring to 'success'
[pool-1916-thread-1] INFO org.apache.nifi.processors.standard.ExecuteSQL - ExecuteSQL[id=40a01a09-3e4c-473f-93af-23b45a1461b4] FlowFile[150,96183620479968.mockFlowFile,291B] contains 5 records; transferring to 'success'
[pool-1916-thread-1] INFO org.apache.nifi.processors.standard.ExecuteSQL - ExecuteSQL[id=40a01a09-3e4c-473f-93af-23b45a1461b4] FlowFile[151,96183620637996.mockFlowFile,291B] contains 5 records; transferring to 'success'
[pool-1916-thread-1] INFO org.apache.nifi.processors.standard.ExecuteSQL - ExecuteSQL[id=40a01a09-3e4c-473f-93af-23b45a1461b4] FlowFile[152,96183620783204.mockFlowFile,291B] contains 5 records; transferring to 'success'
[pool-1916-thread-1] INFO org.apache.nifi.processors.standard.ExecuteSQL - ExecuteSQL[id=40a01a09-3e4c-473f-93af-23b45a1461b4] FlowFile[153,96183620924525.mockFlowFile,291B] contains 5 records; transferring to 'success'
[pool-1916-thread-1] INFO org.apache.nifi.processors.standard.ExecuteSQL - ExecuteSQL[id=40a01a09-3e4c-473f-93af-23b45a1461b4] FlowFile[154,96183621095224.mockFlowFile,291B] contains 5 records; transferring to 'success'
[pool-1916-thread-1] INFO org.apache.nifi.processors.standard.ExecuteSQL - ExecuteSQL[id=40a01a09-3e4c-473f-93af-23b45a1461b4] FlowFile[155,96183621254826.mockFlowFile,291B] contains 5 records; transferring to 'success'
[pool-1916-thread-1] INFO org.apache.nifi.processors.standard.ExecuteSQL - ExecuteSQL[id=40a01a09-3e4c-473f-93af-23b45a1461b4] FlowFile[156,96183621394578.mockFlowFile,291B] contains 5 records; transferring to 'success'
[pool-1916-thread-1] INFO org.apache.nifi.processors.standard.ExecuteSQL - ExecuteSQL[id=40a01a09-3e4c-473f-93af-23b45a1461b4] FlowFile[157,96183621544528.mockFlowFile,291B] contains 5 records; transferring to 'success'
[pool-1916-thread-1] INFO org.apache.nifi.processors.standard.ExecuteSQL - ExecuteSQL[id=40a01a09-3e4c-473f-93af-23b45a1461b4] FlowFile[158,96183621685303.mockFlowFile,291B] contains 5 records; transferring to 'success'
[pool-1916-thread-1] INFO org.apache.nifi.processors.standard.ExecuteSQL - ExecuteSQL[id=40a01a09-3e4c-473f-93af-23b45a1461b4] FlowFile[159,96183621821524.mockFlowFile,291B] contains 5 records; transferring to 'success'
[pool-1916-thread-1] INFO org.apache.nifi.processors.standard.ExecuteSQL - ExecuteSQL[id=40a01a09-3e4c-473f-93af-23b45a1461b4] FlowFile[160,96183621994022.mockFlowFile,291B] contains 5 records; transferring to 'success'
[pool-1916-thread-1] INFO org.apache.nifi.processors.standard.ExecuteSQL - ExecuteSQL[id=40a01a09-3e4c-473f-93af-23b45a1461b4] FlowFile[161,96183622148310.mockFlowFile,291B] contains 5 records; transferring to 'success'
[pool-1916-thread-1] INFO org.apache.nifi.processors.standard.ExecuteSQL - ExecuteSQL[id=40a01a09-3e4c-473f-93af-23b45a1461b4] FlowFile[162,96183622290487.mockFlowFile,291B] contains 5 records; transferring to 'success'
[pool-1916-thread-1] INFO org.apache.nifi.processors.standard.ExecuteSQL - ExecuteSQL[id=40a01a09-3e4c-473f-93af-23b45a1461b4] FlowFile[163,96183622428678.mockFlowFile,291B] contains 5 records; transferring to 'success'
[pool-1916-thread-1] INFO org.apache.nifi.processors.standard.ExecuteSQL - ExecuteSQL[id=40a01a09-3e4c-473f-93af-23b45a1461b4] FlowFile[164,96183622584933.mockFlowFile,291B] contains 5 records; transferring to 'success'
[pool-1916-thread-1] INFO org.apache.nifi.processors.standard.ExecuteSQL - ExecuteSQL[id=40a01a09-3e4c-473f-93af-23b45a1461b4] FlowFile[165,96183622747253.mockFlowFile,291B] contains 5 records; transferring to 'success'
[pool-1916-thread-1] INFO org.apache.nifi.processors.standard.ExecuteSQL - ExecuteSQL[id=40a01a09-3e4c-473f-93af-23b45a1461b4] FlowFile[166,96183622884391.mockFlowFile,291B] contains 5 records; transferring to 'success'
[pool-1916-thread-1] INFO org.apache.nifi.processors.standard.ExecuteSQL - ExecuteSQL[id=40a01a09-3e4c-473f-93af-23b45a1461b4] FlowFile[167,96183623039750.mockFlowFile,291B] contains 5 records; transferring to 'success'
[pool-1916-thread-1] INFO org.apache.nifi.processors.standard.ExecuteSQL - ExecuteSQL[id=40a01a09-3e4c-473f-93af-23b45a1461b4] FlowFile[168,96183623180445.mockFlowFile,291B] contains 5 records; transferring to 'success'
[pool-1916-thread-1] INFO org.apache.nifi.processors.standard.ExecuteSQL - ExecuteSQL[id=40a01a09-3e4c-473f-93af-23b45a1461b4] FlowFile[169,96183623543596.mockFlowFile,291B] contains 5 records; transferring to 'success'
[pool-1916-thread-1] INFO org.apache.nifi.processors.standard.ExecuteSQL - ExecuteSQL[id=40a01a09-3e4c-473f-93af-23b45a1461b4] FlowFile[170,96183623773652.mockFlowFile,291B] contains 5 records; transferring to 'success'
[pool-1916-thread-1] INFO org.apache.nifi.processors.standard.ExecuteSQL - ExecuteSQL[id=40a01a09-3e4c-473f-93af-23b45a1461b4] FlowFile[171,96183623935495.mockFlowFile,291B] contains 5 records; transferring to 'success'
[pool-1916-thread-1] INFO org.apache.nifi.processors.standard.ExecuteSQL - ExecuteSQL[id=40a01a09-3e4c-473f-93af-23b45a1461b4] FlowFile[172,96183624096780.mockFlowFile,291B] contains 5 records; transferring to 'success'
[pool-1916-thread-1] INFO org.apache.nifi.processors.standard.ExecuteSQL - ExecuteSQL[id=40a01a09-3e4c-473f-93af-23b45a1461b4] FlowFile[173,96183624256929.mockFlowFile,291B] contains 5 records; transferring to 'success'
[pool-1916-thread-1] INFO org.apache.nifi.processors.standard.ExecuteSQL - ExecuteSQL[id=40a01a09-3e4c-473f-93af-23b45a1461b4] FlowFile[174,96183624397527.mockFlowFile,291B] contains 5 records; transferring to 'success'
[pool-1916-thread-1] INFO org.apache.nifi.processors.standard.ExecuteSQL - ExecuteSQL[id=40a01a09-3e4c-473f-93af-23b45a1461b4] FlowFile[175,96183624540554.mockFlowFile,291B] contains 5 records; transferring to 'success'
[pool-1916-thread-1] INFO org.apache.nifi.processors.standard.ExecuteSQL - ExecuteSQL[id=40a01a09-3e4c-473f-93af-23b45a1461b4] FlowFile[176,96183624705889.mockFlowFile,291B] contains 5 records; transferring to 'success'
[pool-1916-thread-1] INFO org.apache.nifi.processors.standard.ExecuteSQL - ExecuteSQL[id=40a01a09-3e4c-473f-93af-23b45a1461b4] FlowFile[177,96183625231796.mockFlowFile,291B] contains 5 records; transferring to 'success'
[pool-1916-thread-1] INFO org.apache.nifi.processors.standard.ExecuteSQL - ExecuteSQL[id=40a01a09-3e4c-473f-93af-23b45a1461b4] FlowFile[178,96183625385687.mockFlowFile,291B] contains 5 records; transferring to 'success'
[pool-1916-thread-1] INFO org.apache.nifi.processors.standard.ExecuteSQL - ExecuteSQL[id=40a01a09-3e4c-473f-93af-23b45a1461b4] FlowFile[179,96183625596437.mockFlowFile,291B] contains 5 records; transferring to 'success'
[pool-1916-thread-1] INFO org.apache.nifi.processors.standard.ExecuteSQL - ExecuteSQL[id=40a01a09-3e4c-473f-93af-23b45a1461b4] FlowFile[180,96183625765525.mockFlowFile,291B] contains 5 records; transferring to 'success'
[pool-1916-thread-1] INFO org.apache.nifi.processors.standard.ExecuteSQL - ExecuteSQL[id=40a01a09-3e4c-473f-93af-23b45a1461b4] FlowFile[181,96183625905877.mockFlowFile,291B] contains 5 records; transferring to 'success'
[pool-1916-thread-1] INFO org.apache.nifi.processors.standard.ExecuteSQL - ExecuteSQL[id=40a01a09-3e4c-473f-93af-23b45a1461b4] FlowFile[182,96183626040211.mockFlowFile,291B] contains 5 records; transferring to 'success'
[pool-1916-thread-1] INFO org.apache.nifi.processors.standard.ExecuteSQL - ExecuteSQL[id=40a01a09-3e4c-473f-93af-23b45a1461b4] FlowFile[183,96183626189456.mockFlowFile,291B] contains 5 records; transferring to 'success'
[pool-1916-thread-1] INFO org.apache.nifi.processors.standard.ExecuteSQL - ExecuteSQL[id=40a01a09-3e4c-473f-93af-23b45a1461b4] FlowFile[184,96183626336204.mockFlowFile,291B] contains 5 records; transferring to 'success'
[pool-1916-thread-1] INFO org.apache.nifi.processors.standard.ExecuteSQL - ExecuteSQL[id=40a01a09-3e4c-473f-93af-23b45a1461b4] FlowFile[185,96183626493939.mockFlowFile,291B] contains 5 records; transferring to 'success'
[pool-1916-thread-1] INFO org.apache.nifi.processors.standard.ExecuteSQL - ExecuteSQL[id=40a01a09-3e4c-473f-93af-23b45a1461b4] FlowFile[186,96183626641432.mockFlowFile,291B] contains 5 records; transferring to 'success'
[pool-1916-thread-1] INFO org.apache.nifi.processors.standard.ExecuteSQL - ExecuteSQL[id=40a01a09-3e4c-473f-93af-23b45a1461b4] FlowFile[187,96183626783290.mockFlowFile,291B] contains 5 records; transferring to 'success'
[pool-1916-thread-1] INFO org.apache.nifi.processors.standard.ExecuteSQL - ExecuteSQL[id=40a01a09-3e4c-473f-93af-23b45a1461b4] FlowFile[188,96183626916844.mockFlowFile,291B] contains 5 records; transferring to 'success'
[pool-1916-thread-1] INFO org.apache.nifi.processors.standard.ExecuteSQL - ExecuteSQL[id=40a01a09-3e4c-473f-93af-23b45a1461b4] FlowFile[189,96183627060959.mockFlowFile,291B] contains 5 records; transferring to 'success'
[pool-1916-thread-1] INFO org.apache.nifi.processors.standard.ExecuteSQL - ExecuteSQL[id=40a01a09-3e4c-473f-93af-23b45a1461b4] FlowFile[190,96183627246513.mockFlowFile,291B] contains 5 records; transferring to 'success'
[pool-1916-thread-1] INFO org.apache.nifi.processors.standard.ExecuteSQL - ExecuteSQL[id=40a01a09-3e4c-473f-93af-23b45a1461b4] FlowFile[191,96183627407030.mockFlowFile,291B] contains 5 records; transferring to 'success'
[pool-1916-thread-1] INFO org.apache.nifi.processors.standard.ExecuteSQL - ExecuteSQL[id=40a01a09-3e4c-473f-93af-23b45a1461b4] FlowFile[192,96183627569881.mockFlowFile,291B] contains 5 records; transferring to 'success'
[pool-1916-thread-1] INFO org.apache.nifi.processors.standard.ExecuteSQL - ExecuteSQL[id=40a01a09-3e4c-473f-93af-23b45a1461b4] FlowFile[193,96183627719921.mockFlowFile,291B] contains 5 records; transferring to 'success'
[pool-1916-thread-1] INFO org.apache.nifi.processors.standard.ExecuteSQL - ExecuteSQL[id=40a01a09-3e4c-473f-93af-23b45a1461b4] FlowFile[194,96183627867686.mockFlowFile,291B] contains 5 records; transferring to 'success'
[pool-1916-thread-1] INFO org.apache.nifi.processors.standard.ExecuteSQL - ExecuteSQL[id=40a01a09-3e4c-473f-93af-23b45a1461b4] FlowFile[195,96183628024907.mockFlowFile,291B] contains 5 records; transferring to 'success'
[pool-1916-thread-1] INFO org.apache.nifi.processors.standard.ExecuteSQL - ExecuteSQL[id=40a01a09-3e4c-473f-93af-23b45a1461b4] FlowFile[196,96183628167749.mockFlowFile,291B] contains 5 records; transferring to 'success'
[pool-1916-thread-1] INFO org.apache.nifi.processors.standard.ExecuteSQL - ExecuteSQL[id=40a01a09-3e4c-473f-93af-23b45a1461b4] FlowFile[197,96183628296623.mockFlowFile,291B] contains 5 records; transferring to 'success'
[pool-1916-thread-1] INFO org.apache.nifi.processors.standard.ExecuteSQL - ExecuteSQL[id=40a01a09-3e4c-473f-93af-23b45a1461b4] FlowFile[198,96183628476730.mockFlowFile,291B] contains 5 records; transferring to 'success'
[pool-1916-thread-1] INFO org.apache.nifi.processors.standard.ExecuteSQL - ExecuteSQL[id=40a01a09-3e4c-473f-93af-23b45a1461b4] FlowFile[199,96183628633279.mockFlowFile,291B] contains 5 records; transferring to 'success'
]]></system-err>
  </testcase>
  <testcase name="testPostQuery" classname="org.apache.nifi.processors.standard.TestExecuteSQL" time="0.028">
    <system-err><![CDATA[[pool-1917-thread-1] DEBUG org.apache.nifi.processors.standard.ExecuteSQL - ExecuteSQL[id=1bb57acb-2226-44d2-a7de-403c6276b67e] Executing query select * from TEST_NULL_INT
[pool-1917-thread-1] INFO org.apache.nifi.processors.standard.ExecuteSQL - ExecuteSQL[id=1bb57acb-2226-44d2-a7de-403c6276b67e] FlowFile[1,96183649939182.mockFlowFile,262B] contains 1 records; transferring to 'success'
]]></system-err>
  </testcase>
  <testcase name="testNoIncomingConnection" classname="org.apache.nifi.processors.standard.TestExecuteSQL" time="0.908">
    <system-out><![CDATA[ AF
DHAEDI EIBABF
DBI 
]]></system-out>
    <system-err><![CDATA[[main] INFO org.apache.nifi.processors.standard.TestExecuteSQL - test data loaded
[pool-1918-thread-1] DEBUG org.apache.nifi.processors.standard.ExecuteSQL - ExecuteSQL[id=eabdb6a5-b056-478a-af4d-9468948f2e73] Executing query select   PER.ID as PersonId, PER.NAME as PersonName, PER.CODE as PersonCode, PRD.ID as ProductId,PRD.NAME as ProductName,PRD.CODE as ProductCode, REL.ID as RelId,    REL.NAME as RelName,    REL.CODE as RelCode, ROW_NUMBER() OVER () as rownr  from persons PER, products PRD, relationships REL where PER.ID = 10
[pool-1918-thread-1] INFO org.apache.nifi.processors.standard.ExecuteSQL - ExecuteSQL[id=eabdb6a5-b056-478a-af4d-9468948f2e73] FlowFile[0,96184335340913.mockFlowFile,1219517B] contains 20000 records; transferring to 'success'
[main] INFO org.apache.nifi.processors.standard.TestExecuteSQL - total nr of records from stream: 20000
]]></system-err>
  </testcase>
  <testcase name="testPostQueryFail" classname="org.apache.nifi.processors.standard.TestExecuteSQL" time="0.022">
    <system-err><![CDATA[[pool-1919-thread-1] DEBUG org.apache.nifi.processors.standard.ExecuteSQL - ExecuteSQL[id=fc4b2a07-1ee6-4a1a-a439-e6a6a3c2db01] Executing query select * from TEST_NULL_INT
[pool-1919-thread-1] INFO org.apache.nifi.processors.standard.ExecuteSQL - ExecuteSQL[id=fc4b2a07-1ee6-4a1a-a439-e6a6a3c2db01] FlowFile[1,96184583272170.mockFlowFile,238B] contains 0 records; transferring to 'success'
[pool-1919-thread-1] ERROR org.apache.nifi.processors.standard.ExecuteSQL - ExecuteSQL[id=fc4b2a07-1ee6-4a1a-a439-e6a6a3c2db01] Unable to execute SQL select query CALL SYSCS_UTIL.SYSCS_SET_RUNTIMESTATISTICS() for FlowFile[0,96184583272170.mockFlowFile,4B] due to java.sql.SQLSyntaxErrorException: 'SYSCS_UTIL.SYSCS_SET_RUNTIMESTATISTICS' is not recognized as a function or procedure.; routing to failure: java.sql.SQLSyntaxErrorException: 'SYSCS_UTIL.SYSCS_SET_RUNTIMESTATISTICS' is not recognized as a function or procedure.
java.sql.SQLSyntaxErrorException: 'SYSCS_UTIL.SYSCS_SET_RUNTIMESTATISTICS' is not recognized as a function or procedure.
	at org.apache.derby.impl.jdbc.SQLExceptionFactory.getSQLException(Unknown Source)
	at org.apache.derby.impl.jdbc.Util.generateCsSQLException(Unknown Source)
	at org.apache.derby.impl.jdbc.TransactionResourceImpl.wrapInSQLException(Unknown Source)
	at org.apache.derby.impl.jdbc.TransactionResourceImpl.handleException(Unknown Source)
	at org.apache.derby.impl.jdbc.EmbedConnection.handleException(Unknown Source)
	at org.apache.derby.impl.jdbc.ConnectionChild.handleException(Unknown Source)
	at org.apache.derby.impl.jdbc.EmbedStatement.execute(Unknown Source)
	at org.apache.derby.impl.jdbc.EmbedStatement.execute(Unknown Source)
	at org.apache.nifi.processors.standard.AbstractExecuteSQL.executeConfigStatements(AbstractExecuteSQL.java:464)
	at org.apache.nifi.processors.standard.AbstractExecuteSQL.onTrigger(AbstractExecuteSQL.java:397)
	at org.apache.nifi.processor.AbstractProcessor.onTrigger(AbstractProcessor.java:27)
	at org.apache.nifi.util.StandardProcessorTestRunner$RunProcessor.call(StandardProcessorTestRunner.java:284)
	at org.apache.nifi.util.StandardProcessorTestRunner$RunProcessor.call(StandardProcessorTestRunner.java:278)
	at java.util.concurrent.FutureTask.run(FutureTask.java:266)
	at java.util.concurrent.ScheduledThreadPoolExecutor$ScheduledFutureTask.access$201(ScheduledThreadPoolExecutor.java:180)
	at java.util.concurrent.ScheduledThreadPoolExecutor$ScheduledFutureTask.run(ScheduledThreadPoolExecutor.java:293)
	at java.util.concurrent.ThreadPoolExecutor.runWorker(ThreadPoolExecutor.java:1149)
	at java.util.concurrent.ThreadPoolExecutor$Worker.run(ThreadPoolExecutor.java:624)
	at java.lang.Thread.run(Thread.java:750)
Caused by: ERROR 42Y03: 'SYSCS_UTIL.SYSCS_SET_RUNTIMESTATISTICS' is not recognized as a function or procedure.
	at org.apache.derby.iapi.error.StandardException.newException(Unknown Source)
	at org.apache.derby.iapi.error.StandardException.newException(Unknown Source)
	at org.apache.derby.impl.sql.compile.StaticMethodCallNode.bindExpressionMinion(Unknown Source)
	at org.apache.derby.impl.sql.compile.StaticMethodCallNode.bindExpression(Unknown Source)
	at org.apache.derby.impl.sql.compile.JavaToSQLValueNode.bindExpression(Unknown Source)
	at org.apache.derby.impl.sql.compile.CallStatementNode.bindStatement(Unknown Source)
	at org.apache.derby.impl.sql.GenericStatement.prepMinion(Unknown Source)
	at org.apache.derby.impl.sql.GenericStatement.prepare(Unknown Source)
	at org.apache.derby.impl.sql.conn.GenericLanguageConnectionContext.prepareInternalStatement(Unknown Source)
	... 13 more
]]></system-err>
  </testcase>
  <testcase name="testWithSqlException" classname="org.apache.nifi.processors.standard.TestExecuteSQL" time="0.009">
    <system-err><![CDATA[[pool-1920-thread-1] ERROR org.apache.nifi.processors.standard.ExecuteSQL - ExecuteSQL[id=09f6b913-608f-48d7-ab64-f61062ce41ac] Unable to execute SQL select query SELECT val1 FROM TEST_NO_ROWS due to java.sql.SQLSyntaxErrorException: Column 'VAL1' is either not in any table in the FROM list or appears within a join specification and is outside the scope of the join specification or appears in a HAVING clause and is not in the GROUP BY list. If this is a CREATE or ALTER TABLE  statement then 'VAL1' is not a column in the target table.. No FlowFile to route to failure: java.sql.SQLSyntaxErrorException: Column 'VAL1' is either not in any table in the FROM list or appears within a join specification and is outside the scope of the join specification or appears in a HAVING clause and is not in the GROUP BY list. If this is a CREATE or ALTER TABLE  statement then 'VAL1' is not a column in the target table.
java.sql.SQLSyntaxErrorException: Column 'VAL1' is either not in any table in the FROM list or appears within a join specification and is outside the scope of the join specification or appears in a HAVING clause and is not in the GROUP BY list. If this is a CREATE or ALTER TABLE  statement then 'VAL1' is not a column in the target table.
	at org.apache.derby.impl.jdbc.SQLExceptionFactory.getSQLException(Unknown Source)
	at org.apache.derby.impl.jdbc.Util.generateCsSQLException(Unknown Source)
	at org.apache.derby.impl.jdbc.TransactionResourceImpl.wrapInSQLException(Unknown Source)
	at org.apache.derby.impl.jdbc.TransactionResourceImpl.handleException(Unknown Source)
	at org.apache.derby.impl.jdbc.EmbedConnection.handleException(Unknown Source)
	at org.apache.derby.impl.jdbc.ConnectionChild.handleException(Unknown Source)
	at org.apache.derby.impl.jdbc.EmbedPreparedStatement.<init>(Unknown Source)
	at org.apache.derby.impl.jdbc.EmbedPreparedStatement42.<init>(Unknown Source)
	at org.apache.derby.jdbc.Driver42.newEmbedPreparedStatement(Unknown Source)
	at org.apache.derby.impl.jdbc.EmbedConnection.prepareStatement(Unknown Source)
	at org.apache.derby.impl.jdbc.EmbedConnection.prepareStatement(Unknown Source)
	at org.apache.nifi.processors.standard.AbstractExecuteSQL.onTrigger(AbstractExecuteSQL.java:240)
	at org.apache.nifi.processor.AbstractProcessor.onTrigger(AbstractProcessor.java:27)
	at org.apache.nifi.util.StandardProcessorTestRunner$RunProcessor.call(StandardProcessorTestRunner.java:284)
	at org.apache.nifi.util.StandardProcessorTestRunner$RunProcessor.call(StandardProcessorTestRunner.java:278)
	at java.util.concurrent.FutureTask.run(FutureTask.java:266)
	at java.util.concurrent.ScheduledThreadPoolExecutor$ScheduledFutureTask.access$201(ScheduledThreadPoolExecutor.java:180)
	at java.util.concurrent.ScheduledThreadPoolExecutor$ScheduledFutureTask.run(ScheduledThreadPoolExecutor.java:293)
	at java.util.concurrent.ThreadPoolExecutor.runWorker(ThreadPoolExecutor.java:1149)
	at java.util.concurrent.ThreadPoolExecutor$Worker.run(ThreadPoolExecutor.java:624)
	at java.lang.Thread.run(Thread.java:750)
Caused by: ERROR 42X04: Column 'VAL1' is either not in any table in the FROM list or appears within a join specification and is outside the scope of the join specification or appears in a HAVING clause and is not in the GROUP BY list. If this is a CREATE or ALTER TABLE  statement then 'VAL1' is not a column in the target table.
	at org.apache.derby.iapi.error.StandardException.newException(Unknown Source)
	at org.apache.derby.iapi.error.StandardException.newException(Unknown Source)
	at org.apache.derby.impl.sql.compile.ColumnReference.bindExpression(Unknown Source)
	at org.apache.derby.impl.sql.compile.ColumnReference.bindExpression(Unknown Source)
	at org.apache.derby.impl.sql.compile.ResultColumn.bindExpression(Unknown Source)
	at org.apache.derby.impl.sql.compile.ResultColumnList.bindExpressions(Unknown Source)
	at org.apache.derby.impl.sql.compile.SelectNode.bindExpressions(Unknown Source)
	at org.apache.derby.impl.sql.compile.DMLStatementNode.bindExpressions(Unknown Source)
	at org.apache.derby.impl.sql.compile.DMLStatementNode.bind(Unknown Source)
	at org.apache.derby.impl.sql.compile.CursorNode.bindStatement(Unknown Source)
	at org.apache.derby.impl.sql.GenericStatement.prepMinion(Unknown Source)
	at org.apache.derby.impl.sql.GenericStatement.prepare(Unknown Source)
	at org.apache.derby.impl.sql.conn.GenericLanguageConnectionContext.prepareInternalStatement(Unknown Source)
	... 15 more
]]></system-err>
  </testcase>
  <testcase name="testPreQuery" classname="org.apache.nifi.processors.standard.TestExecuteSQL" time="0.021">
    <system-err><![CDATA[[pool-1921-thread-1] DEBUG org.apache.nifi.processors.standard.ExecuteSQL - ExecuteSQL[id=0f77e39c-49fc-4302-95c5-aee8cc157a9d] Executing query select * from TEST_NULL_INT
[pool-1921-thread-1] INFO org.apache.nifi.processors.standard.ExecuteSQL - ExecuteSQL[id=0f77e39c-49fc-4302-95c5-aee8cc157a9d] FlowFile[1,96184616675825.mockFlowFile,262B] contains 1 records; transferring to 'success'
]]></system-err>
  </testcase>
  <testcase name="testInsertStatementCreatesFlowFile" classname="org.apache.nifi.processors.standard.TestExecuteSQL" time="0.023">
    <system-err><![CDATA[[pool-1922-thread-1] DEBUG org.apache.nifi.processors.standard.ExecuteSQL - ExecuteSQL[id=bc519f89-9876-44ad-8fd0-501945f9baf7] Executing query insert into TEST_NULL_INT (id, val1, val2) VALUES (0, NULL, 1)
]]></system-err>
  </testcase>
  <testcase name="testNoRowsStatementCreatesEmptyFlowFile" classname="org.apache.nifi.processors.standard.TestExecuteSQL" time="0.02">
    <system-err><![CDATA[[pool-1923-thread-1] DEBUG org.apache.nifi.processors.standard.ExecuteSQL - ExecuteSQL[id=99c0bfc8-bf92-4b8a-9a0c-fe7d4f4abfbc] Executing query select * from TEST_NULL_INT
[pool-1923-thread-1] INFO org.apache.nifi.processors.standard.ExecuteSQL - ExecuteSQL[id=99c0bfc8-bf92-4b8a-9a0c-fe7d4f4abfbc] FlowFile[1,96184659863992.mockFlowFile,238B] contains 0 records; transferring to 'success'
]]></system-err>
  </testcase>
  <testcase name="testWithDuplicateColumns" classname="org.apache.nifi.processors.standard.TestExecuteSQL" time="0.029">
    <system-err><![CDATA[[pool-1924-thread-1] DEBUG org.apache.nifi.processors.standard.ExecuteSQL - ExecuteSQL[id=74f440d4-b0b2-4399-86a7-0c4340a3df86] Executing query select a.host as hostA,b.host as hostB from host1 a join host2 b on b.id=a.id
[pool-1924-thread-1] INFO org.apache.nifi.processors.standard.ExecuteSQL - ExecuteSQL[id=74f440d4-b0b2-4399-86a7-0c4340a3df86] FlowFile[0,96184691206269.mockFlowFile,234B] contains 1 records; transferring to 'success'
]]></system-err>
  </testcase>
  <testcase name="testMaxRowsPerFlowFile" classname="org.apache.nifi.processors.standard.TestExecuteSQL" time="1.756">
    <system-err><![CDATA[[pool-1925-thread-1] DEBUG org.apache.nifi.processors.standard.ExecuteSQL - ExecuteSQL[id=05c0dbeb-e76e-4abd-ab9c-a309f1da1f71] Executing query SELECT * FROM TEST_NULL_INT
[pool-1925-thread-1] INFO org.apache.nifi.processors.standard.ExecuteSQL - ExecuteSQL[id=05c0dbeb-e76e-4abd-ab9c-a309f1da1f71] FlowFile[0,96186423644128.mockFlowFile,286B] contains 5 records; transferring to 'success'
[pool-1925-thread-1] INFO org.apache.nifi.processors.standard.ExecuteSQL - ExecuteSQL[id=05c0dbeb-e76e-4abd-ab9c-a309f1da1f71] FlowFile[1,96186423882398.mockFlowFile,286B] contains 5 records; transferring to 'success'
[pool-1925-thread-1] INFO org.apache.nifi.processors.standard.ExecuteSQL - ExecuteSQL[id=05c0dbeb-e76e-4abd-ab9c-a309f1da1f71] FlowFile[2,96186424049614.mockFlowFile,286B] contains 5 records; transferring to 'success'
[pool-1925-thread-1] INFO org.apache.nifi.processors.standard.ExecuteSQL - ExecuteSQL[id=05c0dbeb-e76e-4abd-ab9c-a309f1da1f71] FlowFile[3,96186424182239.mockFlowFile,286B] contains 5 records; transferring to 'success'
[pool-1925-thread-1] INFO org.apache.nifi.processors.standard.ExecuteSQL - ExecuteSQL[id=05c0dbeb-e76e-4abd-ab9c-a309f1da1f71] FlowFile[4,96186424296079.mockFlowFile,286B] contains 5 records; transferring to 'success'
[pool-1925-thread-1] INFO org.apache.nifi.processors.standard.ExecuteSQL - ExecuteSQL[id=05c0dbeb-e76e-4abd-ab9c-a309f1da1f71] FlowFile[5,96186424635752.mockFlowFile,286B] contains 5 records; transferring to 'success'
[pool-1925-thread-1] INFO org.apache.nifi.processors.standard.ExecuteSQL - ExecuteSQL[id=05c0dbeb-e76e-4abd-ab9c-a309f1da1f71] FlowFile[6,96186424723988.mockFlowFile,286B] contains 5 records; transferring to 'success'
[pool-1925-thread-1] INFO org.apache.nifi.processors.standard.ExecuteSQL - ExecuteSQL[id=05c0dbeb-e76e-4abd-ab9c-a309f1da1f71] FlowFile[7,96186424807266.mockFlowFile,286B] contains 5 records; transferring to 'success'
[pool-1925-thread-1] INFO org.apache.nifi.processors.standard.ExecuteSQL - ExecuteSQL[id=05c0dbeb-e76e-4abd-ab9c-a309f1da1f71] FlowFile[8,96186424876091.mockFlowFile,286B] contains 5 records; transferring to 'success'
[pool-1925-thread-1] INFO org.apache.nifi.processors.standard.ExecuteSQL - ExecuteSQL[id=05c0dbeb-e76e-4abd-ab9c-a309f1da1f71] FlowFile[9,96186424945872.mockFlowFile,286B] contains 5 records; transferring to 'success'
[pool-1925-thread-1] INFO org.apache.nifi.processors.standard.ExecuteSQL - ExecuteSQL[id=05c0dbeb-e76e-4abd-ab9c-a309f1da1f71] FlowFile[10,96186425018700.mockFlowFile,286B] contains 5 records; transferring to 'success'
[pool-1925-thread-1] INFO org.apache.nifi.processors.standard.ExecuteSQL - ExecuteSQL[id=05c0dbeb-e76e-4abd-ab9c-a309f1da1f71] FlowFile[11,96186425086338.mockFlowFile,286B] contains 5 records; transferring to 'success'
[pool-1925-thread-1] INFO org.apache.nifi.processors.standard.ExecuteSQL - ExecuteSQL[id=05c0dbeb-e76e-4abd-ab9c-a309f1da1f71] FlowFile[12,96186425153153.mockFlowFile,287B] contains 5 records; transferring to 'success'
[pool-1925-thread-1] INFO org.apache.nifi.processors.standard.ExecuteSQL - ExecuteSQL[id=05c0dbeb-e76e-4abd-ab9c-a309f1da1f71] FlowFile[13,96186425238898.mockFlowFile,291B] contains 5 records; transferring to 'success'
[pool-1925-thread-1] INFO org.apache.nifi.processors.standard.ExecuteSQL - ExecuteSQL[id=05c0dbeb-e76e-4abd-ab9c-a309f1da1f71] FlowFile[14,96186425314132.mockFlowFile,291B] contains 5 records; transferring to 'success'
[pool-1925-thread-1] INFO org.apache.nifi.processors.standard.ExecuteSQL - ExecuteSQL[id=05c0dbeb-e76e-4abd-ab9c-a309f1da1f71] FlowFile[15,96186425380458.mockFlowFile,291B] contains 5 records; transferring to 'success'
[pool-1925-thread-1] INFO org.apache.nifi.processors.standard.ExecuteSQL - ExecuteSQL[id=05c0dbeb-e76e-4abd-ab9c-a309f1da1f71] FlowFile[16,96186425498181.mockFlowFile,291B] contains 5 records; transferring to 'success'
[pool-1925-thread-1] INFO org.apache.nifi.processors.standard.ExecuteSQL - ExecuteSQL[id=05c0dbeb-e76e-4abd-ab9c-a309f1da1f71] FlowFile[17,96186425639904.mockFlowFile,291B] contains 5 records; transferring to 'success'
[pool-1925-thread-1] INFO org.apache.nifi.processors.standard.ExecuteSQL - ExecuteSQL[id=05c0dbeb-e76e-4abd-ab9c-a309f1da1f71] FlowFile[18,96186425752810.mockFlowFile,291B] contains 5 records; transferring to 'success'
[pool-1925-thread-1] INFO org.apache.nifi.processors.standard.ExecuteSQL - ExecuteSQL[id=05c0dbeb-e76e-4abd-ab9c-a309f1da1f71] FlowFile[19,96186425864428.mockFlowFile,291B] contains 5 records; transferring to 'success'
[pool-1925-thread-1] INFO org.apache.nifi.processors.standard.ExecuteSQL - ExecuteSQL[id=05c0dbeb-e76e-4abd-ab9c-a309f1da1f71] FlowFile[20,96186425990265.mockFlowFile,291B] contains 5 records; transferring to 'success'
[pool-1925-thread-1] INFO org.apache.nifi.processors.standard.ExecuteSQL - ExecuteSQL[id=05c0dbeb-e76e-4abd-ab9c-a309f1da1f71] FlowFile[21,96186426177997.mockFlowFile,291B] contains 5 records; transferring to 'success'
[pool-1925-thread-1] INFO org.apache.nifi.processors.standard.ExecuteSQL - ExecuteSQL[id=05c0dbeb-e76e-4abd-ab9c-a309f1da1f71] FlowFile[22,96186426288232.mockFlowFile,291B] contains 5 records; transferring to 'success'
[pool-1925-thread-1] INFO org.apache.nifi.processors.standard.ExecuteSQL - ExecuteSQL[id=05c0dbeb-e76e-4abd-ab9c-a309f1da1f71] FlowFile[23,96186426418953.mockFlowFile,291B] contains 5 records; transferring to 'success'
[pool-1925-thread-1] INFO org.apache.nifi.processors.standard.ExecuteSQL - ExecuteSQL[id=05c0dbeb-e76e-4abd-ab9c-a309f1da1f71] FlowFile[24,96186426571460.mockFlowFile,291B] contains 5 records; transferring to 'success'
[pool-1925-thread-1] INFO org.apache.nifi.processors.standard.ExecuteSQL - ExecuteSQL[id=05c0dbeb-e76e-4abd-ab9c-a309f1da1f71] FlowFile[25,96186426689760.mockFlowFile,291B] contains 5 records; transferring to 'success'
[pool-1925-thread-1] INFO org.apache.nifi.processors.standard.ExecuteSQL - ExecuteSQL[id=05c0dbeb-e76e-4abd-ab9c-a309f1da1f71] FlowFile[26,96186426816790.mockFlowFile,291B] contains 5 records; transferring to 'success'
[pool-1925-thread-1] INFO org.apache.nifi.processors.standard.ExecuteSQL - ExecuteSQL[id=05c0dbeb-e76e-4abd-ab9c-a309f1da1f71] FlowFile[27,96186426939923.mockFlowFile,291B] contains 5 records; transferring to 'success'
[pool-1925-thread-1] INFO org.apache.nifi.processors.standard.ExecuteSQL - ExecuteSQL[id=05c0dbeb-e76e-4abd-ab9c-a309f1da1f71] FlowFile[28,96186427043500.mockFlowFile,291B] contains 5 records; transferring to 'success'
[pool-1925-thread-1] INFO org.apache.nifi.processors.standard.ExecuteSQL - ExecuteSQL[id=05c0dbeb-e76e-4abd-ab9c-a309f1da1f71] FlowFile[29,96186427175586.mockFlowFile,291B] contains 5 records; transferring to 'success'
[pool-1925-thread-1] INFO org.apache.nifi.processors.standard.ExecuteSQL - ExecuteSQL[id=05c0dbeb-e76e-4abd-ab9c-a309f1da1f71] FlowFile[30,96186427287123.mockFlowFile,291B] contains 5 records; transferring to 'success'
[pool-1925-thread-1] INFO org.apache.nifi.processors.standard.ExecuteSQL - ExecuteSQL[id=05c0dbeb-e76e-4abd-ab9c-a309f1da1f71] FlowFile[31,96186427401461.mockFlowFile,291B] contains 5 records; transferring to 'success'
[pool-1925-thread-1] INFO org.apache.nifi.processors.standard.ExecuteSQL - ExecuteSQL[id=05c0dbeb-e76e-4abd-ab9c-a309f1da1f71] FlowFile[32,96186427518330.mockFlowFile,291B] contains 5 records; transferring to 'success'
[pool-1925-thread-1] INFO org.apache.nifi.processors.standard.ExecuteSQL - ExecuteSQL[id=05c0dbeb-e76e-4abd-ab9c-a309f1da1f71] FlowFile[33,96186427633575.mockFlowFile,291B] contains 5 records; transferring to 'success'
[pool-1925-thread-1] INFO org.apache.nifi.processors.standard.ExecuteSQL - ExecuteSQL[id=05c0dbeb-e76e-4abd-ab9c-a309f1da1f71] FlowFile[34,96186427738903.mockFlowFile,291B] contains 5 records; transferring to 'success'
[pool-1925-thread-1] INFO org.apache.nifi.processors.standard.ExecuteSQL - ExecuteSQL[id=05c0dbeb-e76e-4abd-ab9c-a309f1da1f71] FlowFile[35,96186427894145.mockFlowFile,291B] contains 5 records; transferring to 'success'
[pool-1925-thread-1] INFO org.apache.nifi.processors.standard.ExecuteSQL - ExecuteSQL[id=05c0dbeb-e76e-4abd-ab9c-a309f1da1f71] FlowFile[36,96186428023529.mockFlowFile,291B] contains 5 records; transferring to 'success'
[pool-1925-thread-1] INFO org.apache.nifi.processors.standard.ExecuteSQL - ExecuteSQL[id=05c0dbeb-e76e-4abd-ab9c-a309f1da1f71] FlowFile[37,96186428149985.mockFlowFile,291B] contains 5 records; transferring to 'success'
[pool-1925-thread-1] INFO org.apache.nifi.processors.standard.ExecuteSQL - ExecuteSQL[id=05c0dbeb-e76e-4abd-ab9c-a309f1da1f71] FlowFile[38,96186428258215.mockFlowFile,291B] contains 5 records; transferring to 'success'
[pool-1925-thread-1] INFO org.apache.nifi.processors.standard.ExecuteSQL - ExecuteSQL[id=05c0dbeb-e76e-4abd-ab9c-a309f1da1f71] FlowFile[39,96186428408448.mockFlowFile,291B] contains 5 records; transferring to 'success'
[pool-1925-thread-1] INFO org.apache.nifi.processors.standard.ExecuteSQL - ExecuteSQL[id=05c0dbeb-e76e-4abd-ab9c-a309f1da1f71] FlowFile[40,96186428521721.mockFlowFile,291B] contains 5 records; transferring to 'success'
[pool-1925-thread-1] INFO org.apache.nifi.processors.standard.ExecuteSQL - ExecuteSQL[id=05c0dbeb-e76e-4abd-ab9c-a309f1da1f71] FlowFile[41,96186428671122.mockFlowFile,291B] contains 5 records; transferring to 'success'
[pool-1925-thread-1] INFO org.apache.nifi.processors.standard.ExecuteSQL - ExecuteSQL[id=05c0dbeb-e76e-4abd-ab9c-a309f1da1f71] FlowFile[42,96186428813927.mockFlowFile,291B] contains 5 records; transferring to 'success'
[pool-1925-thread-1] INFO org.apache.nifi.processors.standard.ExecuteSQL - ExecuteSQL[id=05c0dbeb-e76e-4abd-ab9c-a309f1da1f71] FlowFile[43,96186428912120.mockFlowFile,291B] contains 5 records; transferring to 'success'
[pool-1925-thread-1] INFO org.apache.nifi.processors.standard.ExecuteSQL - ExecuteSQL[id=05c0dbeb-e76e-4abd-ab9c-a309f1da1f71] FlowFile[44,96186429013578.mockFlowFile,291B] contains 5 records; transferring to 'success'
[pool-1925-thread-1] INFO org.apache.nifi.processors.standard.ExecuteSQL - ExecuteSQL[id=05c0dbeb-e76e-4abd-ab9c-a309f1da1f71] FlowFile[45,96186429255269.mockFlowFile,291B] contains 5 records; transferring to 'success'
[pool-1925-thread-1] INFO org.apache.nifi.processors.standard.ExecuteSQL - ExecuteSQL[id=05c0dbeb-e76e-4abd-ab9c-a309f1da1f71] FlowFile[46,96186429353361.mockFlowFile,291B] contains 5 records; transferring to 'success'
[pool-1925-thread-1] INFO org.apache.nifi.processors.standard.ExecuteSQL - ExecuteSQL[id=05c0dbeb-e76e-4abd-ab9c-a309f1da1f71] FlowFile[47,96186429447402.mockFlowFile,291B] contains 5 records; transferring to 'success'
[pool-1925-thread-1] INFO org.apache.nifi.processors.standard.ExecuteSQL - ExecuteSQL[id=05c0dbeb-e76e-4abd-ab9c-a309f1da1f71] FlowFile[48,96186429559354.mockFlowFile,291B] contains 5 records; transferring to 'success'
[pool-1925-thread-1] INFO org.apache.nifi.processors.standard.ExecuteSQL - ExecuteSQL[id=05c0dbeb-e76e-4abd-ab9c-a309f1da1f71] FlowFile[49,96186429672767.mockFlowFile,291B] contains 5 records; transferring to 'success'
[pool-1925-thread-1] INFO org.apache.nifi.processors.standard.ExecuteSQL - ExecuteSQL[id=05c0dbeb-e76e-4abd-ab9c-a309f1da1f71] FlowFile[50,96186429768030.mockFlowFile,291B] contains 5 records; transferring to 'success'
[pool-1925-thread-1] INFO org.apache.nifi.processors.standard.ExecuteSQL - ExecuteSQL[id=05c0dbeb-e76e-4abd-ab9c-a309f1da1f71] FlowFile[51,96186429861479.mockFlowFile,291B] contains 5 records; transferring to 'success'
[pool-1925-thread-1] INFO org.apache.nifi.processors.standard.ExecuteSQL - ExecuteSQL[id=05c0dbeb-e76e-4abd-ab9c-a309f1da1f71] FlowFile[52,96186429964449.mockFlowFile,291B] contains 5 records; transferring to 'success'
[pool-1925-thread-1] INFO org.apache.nifi.processors.standard.ExecuteSQL - ExecuteSQL[id=05c0dbeb-e76e-4abd-ab9c-a309f1da1f71] FlowFile[53,96186430058493.mockFlowFile,291B] contains 5 records; transferring to 'success'
[pool-1925-thread-1] INFO org.apache.nifi.processors.standard.ExecuteSQL - ExecuteSQL[id=05c0dbeb-e76e-4abd-ab9c-a309f1da1f71] FlowFile[54,96186430152650.mockFlowFile,291B] contains 5 records; transferring to 'success'
[pool-1925-thread-1] INFO org.apache.nifi.processors.standard.ExecuteSQL - ExecuteSQL[id=05c0dbeb-e76e-4abd-ab9c-a309f1da1f71] FlowFile[55,96186430259075.mockFlowFile,291B] contains 5 records; transferring to 'success'
[pool-1925-thread-1] INFO org.apache.nifi.processors.standard.ExecuteSQL - ExecuteSQL[id=05c0dbeb-e76e-4abd-ab9c-a309f1da1f71] FlowFile[56,96186430361620.mockFlowFile,291B] contains 5 records; transferring to 'success'
[pool-1925-thread-1] INFO org.apache.nifi.processors.standard.ExecuteSQL - ExecuteSQL[id=05c0dbeb-e76e-4abd-ab9c-a309f1da1f71] FlowFile[57,96186430458238.mockFlowFile,291B] contains 5 records; transferring to 'success'
[pool-1925-thread-1] INFO org.apache.nifi.processors.standard.ExecuteSQL - ExecuteSQL[id=05c0dbeb-e76e-4abd-ab9c-a309f1da1f71] FlowFile[58,96186430562301.mockFlowFile,291B] contains 5 records; transferring to 'success'
[pool-1925-thread-1] INFO org.apache.nifi.processors.standard.ExecuteSQL - ExecuteSQL[id=05c0dbeb-e76e-4abd-ab9c-a309f1da1f71] FlowFile[59,96186430654853.mockFlowFile,291B] contains 5 records; transferring to 'success'
[pool-1925-thread-1] INFO org.apache.nifi.processors.standard.ExecuteSQL - ExecuteSQL[id=05c0dbeb-e76e-4abd-ab9c-a309f1da1f71] FlowFile[60,96186430752338.mockFlowFile,291B] contains 5 records; transferring to 'success'
[pool-1925-thread-1] INFO org.apache.nifi.processors.standard.ExecuteSQL - ExecuteSQL[id=05c0dbeb-e76e-4abd-ab9c-a309f1da1f71] FlowFile[61,96186430890530.mockFlowFile,291B] contains 5 records; transferring to 'success'
[pool-1925-thread-1] INFO org.apache.nifi.processors.standard.ExecuteSQL - ExecuteSQL[id=05c0dbeb-e76e-4abd-ab9c-a309f1da1f71] FlowFile[62,96186430998560.mockFlowFile,291B] contains 5 records; transferring to 'success'
[pool-1925-thread-1] INFO org.apache.nifi.processors.standard.ExecuteSQL - ExecuteSQL[id=05c0dbeb-e76e-4abd-ab9c-a309f1da1f71] FlowFile[63,96186431329706.mockFlowFile,291B] contains 5 records; transferring to 'success'
[pool-1925-thread-1] INFO org.apache.nifi.processors.standard.ExecuteSQL - ExecuteSQL[id=05c0dbeb-e76e-4abd-ab9c-a309f1da1f71] FlowFile[64,96186431440981.mockFlowFile,291B] contains 5 records; transferring to 'success'
[pool-1925-thread-1] INFO org.apache.nifi.processors.standard.ExecuteSQL - ExecuteSQL[id=05c0dbeb-e76e-4abd-ab9c-a309f1da1f71] FlowFile[65,96186431550426.mockFlowFile,291B] contains 5 records; transferring to 'success'
[pool-1925-thread-1] INFO org.apache.nifi.processors.standard.ExecuteSQL - ExecuteSQL[id=05c0dbeb-e76e-4abd-ab9c-a309f1da1f71] FlowFile[66,96186431690574.mockFlowFile,291B] contains 5 records; transferring to 'success'
[pool-1925-thread-1] INFO org.apache.nifi.processors.standard.ExecuteSQL - ExecuteSQL[id=05c0dbeb-e76e-4abd-ab9c-a309f1da1f71] FlowFile[67,96186431783078.mockFlowFile,291B] contains 5 records; transferring to 'success'
[pool-1925-thread-1] INFO org.apache.nifi.processors.standard.ExecuteSQL - ExecuteSQL[id=05c0dbeb-e76e-4abd-ab9c-a309f1da1f71] FlowFile[68,96186431885995.mockFlowFile,291B] contains 5 records; transferring to 'success'
[pool-1925-thread-1] INFO org.apache.nifi.processors.standard.ExecuteSQL - ExecuteSQL[id=05c0dbeb-e76e-4abd-ab9c-a309f1da1f71] FlowFile[69,96186431978276.mockFlowFile,291B] contains 5 records; transferring to 'success'
[pool-1925-thread-1] INFO org.apache.nifi.processors.standard.ExecuteSQL - ExecuteSQL[id=05c0dbeb-e76e-4abd-ab9c-a309f1da1f71] FlowFile[70,96186432139137.mockFlowFile,291B] contains 5 records; transferring to 'success'
[pool-1925-thread-1] INFO org.apache.nifi.processors.standard.ExecuteSQL - ExecuteSQL[id=05c0dbeb-e76e-4abd-ab9c-a309f1da1f71] FlowFile[71,96186432257554.mockFlowFile,291B] contains 5 records; transferring to 'success'
[pool-1925-thread-1] INFO org.apache.nifi.processors.standard.ExecuteSQL - ExecuteSQL[id=05c0dbeb-e76e-4abd-ab9c-a309f1da1f71] FlowFile[72,96186432350649.mockFlowFile,291B] contains 5 records; transferring to 'success'
[pool-1925-thread-1] INFO org.apache.nifi.processors.standard.ExecuteSQL - ExecuteSQL[id=05c0dbeb-e76e-4abd-ab9c-a309f1da1f71] FlowFile[73,96186432442588.mockFlowFile,291B] contains 5 records; transferring to 'success'
[pool-1925-thread-1] INFO org.apache.nifi.processors.standard.ExecuteSQL - ExecuteSQL[id=05c0dbeb-e76e-4abd-ab9c-a309f1da1f71] FlowFile[74,96186432580483.mockFlowFile,291B] contains 5 records; transferring to 'success'
[pool-1925-thread-1] INFO org.apache.nifi.processors.standard.ExecuteSQL - ExecuteSQL[id=05c0dbeb-e76e-4abd-ab9c-a309f1da1f71] FlowFile[75,96186432673691.mockFlowFile,291B] contains 5 records; transferring to 'success'
[pool-1925-thread-1] INFO org.apache.nifi.processors.standard.ExecuteSQL - ExecuteSQL[id=05c0dbeb-e76e-4abd-ab9c-a309f1da1f71] FlowFile[76,96186433123343.mockFlowFile,291B] contains 5 records; transferring to 'success'
[pool-1925-thread-1] INFO org.apache.nifi.processors.standard.ExecuteSQL - ExecuteSQL[id=05c0dbeb-e76e-4abd-ab9c-a309f1da1f71] FlowFile[77,96186433233682.mockFlowFile,291B] contains 5 records; transferring to 'success'
[pool-1925-thread-1] INFO org.apache.nifi.processors.standard.ExecuteSQL - ExecuteSQL[id=05c0dbeb-e76e-4abd-ab9c-a309f1da1f71] FlowFile[78,96186433325986.mockFlowFile,291B] contains 5 records; transferring to 'success'
[pool-1925-thread-1] INFO org.apache.nifi.processors.standard.ExecuteSQL - ExecuteSQL[id=05c0dbeb-e76e-4abd-ab9c-a309f1da1f71] FlowFile[79,96186433422025.mockFlowFile,291B] contains 5 records; transferring to 'success'
[pool-1925-thread-1] INFO org.apache.nifi.processors.standard.ExecuteSQL - ExecuteSQL[id=05c0dbeb-e76e-4abd-ab9c-a309f1da1f71] FlowFile[80,96186433572204.mockFlowFile,291B] contains 5 records; transferring to 'success'
[pool-1925-thread-1] INFO org.apache.nifi.processors.standard.ExecuteSQL - ExecuteSQL[id=05c0dbeb-e76e-4abd-ab9c-a309f1da1f71] FlowFile[81,96186433713801.mockFlowFile,291B] contains 5 records; transferring to 'success'
[pool-1925-thread-1] INFO org.apache.nifi.processors.standard.ExecuteSQL - ExecuteSQL[id=05c0dbeb-e76e-4abd-ab9c-a309f1da1f71] FlowFile[82,96186433851721.mockFlowFile,291B] contains 5 records; transferring to 'success'
[pool-1925-thread-1] INFO org.apache.nifi.processors.standard.ExecuteSQL - ExecuteSQL[id=05c0dbeb-e76e-4abd-ab9c-a309f1da1f71] FlowFile[83,96186433947679.mockFlowFile,291B] contains 5 records; transferring to 'success'
[pool-1925-thread-1] INFO org.apache.nifi.processors.standard.ExecuteSQL - ExecuteSQL[id=05c0dbeb-e76e-4abd-ab9c-a309f1da1f71] FlowFile[84,96186434053321.mockFlowFile,291B] contains 5 records; transferring to 'success'
[pool-1925-thread-1] INFO org.apache.nifi.processors.standard.ExecuteSQL - ExecuteSQL[id=05c0dbeb-e76e-4abd-ab9c-a309f1da1f71] FlowFile[85,96186434173704.mockFlowFile,291B] contains 5 records; transferring to 'success'
[pool-1925-thread-1] INFO org.apache.nifi.processors.standard.ExecuteSQL - ExecuteSQL[id=05c0dbeb-e76e-4abd-ab9c-a309f1da1f71] FlowFile[86,96186434268919.mockFlowFile,291B] contains 5 records; transferring to 'success'
[pool-1925-thread-1] INFO org.apache.nifi.processors.standard.ExecuteSQL - ExecuteSQL[id=05c0dbeb-e76e-4abd-ab9c-a309f1da1f71] FlowFile[87,96186434377463.mockFlowFile,291B] contains 5 records; transferring to 'success'
[pool-1925-thread-1] INFO org.apache.nifi.processors.standard.ExecuteSQL - ExecuteSQL[id=05c0dbeb-e76e-4abd-ab9c-a309f1da1f71] FlowFile[88,96186434651599.mockFlowFile,291B] contains 5 records; transferring to 'success'
[pool-1925-thread-1] INFO org.apache.nifi.processors.standard.ExecuteSQL - ExecuteSQL[id=05c0dbeb-e76e-4abd-ab9c-a309f1da1f71] FlowFile[89,96186434779586.mockFlowFile,291B] contains 5 records; transferring to 'success'
[pool-1925-thread-1] INFO org.apache.nifi.processors.standard.ExecuteSQL - ExecuteSQL[id=05c0dbeb-e76e-4abd-ab9c-a309f1da1f71] FlowFile[90,96186434881665.mockFlowFile,291B] contains 5 records; transferring to 'success'
[pool-1925-thread-1] INFO org.apache.nifi.processors.standard.ExecuteSQL - ExecuteSQL[id=05c0dbeb-e76e-4abd-ab9c-a309f1da1f71] FlowFile[91,96186435007634.mockFlowFile,291B] contains 5 records; transferring to 'success'
[pool-1925-thread-1] INFO org.apache.nifi.processors.standard.ExecuteSQL - ExecuteSQL[id=05c0dbeb-e76e-4abd-ab9c-a309f1da1f71] FlowFile[92,96186435116672.mockFlowFile,291B] contains 5 records; transferring to 'success'
[pool-1925-thread-1] INFO org.apache.nifi.processors.standard.ExecuteSQL - ExecuteSQL[id=05c0dbeb-e76e-4abd-ab9c-a309f1da1f71] FlowFile[93,96186435226151.mockFlowFile,291B] contains 5 records; transferring to 'success'
[pool-1925-thread-1] INFO org.apache.nifi.processors.standard.ExecuteSQL - ExecuteSQL[id=05c0dbeb-e76e-4abd-ab9c-a309f1da1f71] FlowFile[94,96186435340466.mockFlowFile,291B] contains 5 records; transferring to 'success'
[pool-1925-thread-1] INFO org.apache.nifi.processors.standard.ExecuteSQL - ExecuteSQL[id=05c0dbeb-e76e-4abd-ab9c-a309f1da1f71] FlowFile[95,96186435607277.mockFlowFile,291B] contains 5 records; transferring to 'success'
[pool-1925-thread-1] INFO org.apache.nifi.processors.standard.ExecuteSQL - ExecuteSQL[id=05c0dbeb-e76e-4abd-ab9c-a309f1da1f71] FlowFile[96,96186435755635.mockFlowFile,291B] contains 5 records; transferring to 'success'
[pool-1925-thread-1] INFO org.apache.nifi.processors.standard.ExecuteSQL - ExecuteSQL[id=05c0dbeb-e76e-4abd-ab9c-a309f1da1f71] FlowFile[97,96186435896791.mockFlowFile,291B] contains 5 records; transferring to 'success'
[pool-1925-thread-1] INFO org.apache.nifi.processors.standard.ExecuteSQL - ExecuteSQL[id=05c0dbeb-e76e-4abd-ab9c-a309f1da1f71] FlowFile[98,96186436010774.mockFlowFile,291B] contains 5 records; transferring to 'success'
[pool-1925-thread-1] INFO org.apache.nifi.processors.standard.ExecuteSQL - ExecuteSQL[id=05c0dbeb-e76e-4abd-ab9c-a309f1da1f71] FlowFile[99,96186436114595.mockFlowFile,291B] contains 5 records; transferring to 'success'
[pool-1925-thread-1] INFO org.apache.nifi.processors.standard.ExecuteSQL - ExecuteSQL[id=05c0dbeb-e76e-4abd-ab9c-a309f1da1f71] FlowFile[100,96186436224868.mockFlowFile,291B] contains 5 records; transferring to 'success'
[pool-1925-thread-1] INFO org.apache.nifi.processors.standard.ExecuteSQL - ExecuteSQL[id=05c0dbeb-e76e-4abd-ab9c-a309f1da1f71] FlowFile[101,96186436470994.mockFlowFile,291B] contains 5 records; transferring to 'success'
[pool-1925-thread-1] INFO org.apache.nifi.processors.standard.ExecuteSQL - ExecuteSQL[id=05c0dbeb-e76e-4abd-ab9c-a309f1da1f71] FlowFile[102,96186436582447.mockFlowFile,291B] contains 5 records; transferring to 'success'
[pool-1925-thread-1] INFO org.apache.nifi.processors.standard.ExecuteSQL - ExecuteSQL[id=05c0dbeb-e76e-4abd-ab9c-a309f1da1f71] FlowFile[103,96186436698108.mockFlowFile,291B] contains 5 records; transferring to 'success'
[pool-1925-thread-1] INFO org.apache.nifi.processors.standard.ExecuteSQL - ExecuteSQL[id=05c0dbeb-e76e-4abd-ab9c-a309f1da1f71] FlowFile[104,96186436795168.mockFlowFile,291B] contains 5 records; transferring to 'success'
[pool-1925-thread-1] INFO org.apache.nifi.processors.standard.ExecuteSQL - ExecuteSQL[id=05c0dbeb-e76e-4abd-ab9c-a309f1da1f71] FlowFile[105,96186436886583.mockFlowFile,291B] contains 5 records; transferring to 'success'
[pool-1925-thread-1] INFO org.apache.nifi.processors.standard.ExecuteSQL - ExecuteSQL[id=05c0dbeb-e76e-4abd-ab9c-a309f1da1f71] FlowFile[106,96186436992787.mockFlowFile,291B] contains 5 records; transferring to 'success'
[pool-1925-thread-1] INFO org.apache.nifi.processors.standard.ExecuteSQL - ExecuteSQL[id=05c0dbeb-e76e-4abd-ab9c-a309f1da1f71] FlowFile[107,96186437085672.mockFlowFile,291B] contains 5 records; transferring to 'success'
[pool-1925-thread-1] INFO org.apache.nifi.processors.standard.ExecuteSQL - ExecuteSQL[id=05c0dbeb-e76e-4abd-ab9c-a309f1da1f71] FlowFile[108,96186437173838.mockFlowFile,291B] contains 5 records; transferring to 'success'
[pool-1925-thread-1] INFO org.apache.nifi.processors.standard.ExecuteSQL - ExecuteSQL[id=05c0dbeb-e76e-4abd-ab9c-a309f1da1f71] FlowFile[109,96186437272962.mockFlowFile,291B] contains 5 records; transferring to 'success'
[pool-1925-thread-1] INFO org.apache.nifi.processors.standard.ExecuteSQL - ExecuteSQL[id=05c0dbeb-e76e-4abd-ab9c-a309f1da1f71] FlowFile[110,96186437368115.mockFlowFile,291B] contains 5 records; transferring to 'success'
[pool-1925-thread-1] INFO org.apache.nifi.processors.standard.ExecuteSQL - ExecuteSQL[id=05c0dbeb-e76e-4abd-ab9c-a309f1da1f71] FlowFile[111,96186437489001.mockFlowFile,291B] contains 5 records; transferring to 'success'
[pool-1925-thread-1] INFO org.apache.nifi.processors.standard.ExecuteSQL - ExecuteSQL[id=05c0dbeb-e76e-4abd-ab9c-a309f1da1f71] FlowFile[112,96186437624763.mockFlowFile,291B] contains 5 records; transferring to 'success'
[pool-1925-thread-1] INFO org.apache.nifi.processors.standard.ExecuteSQL - ExecuteSQL[id=05c0dbeb-e76e-4abd-ab9c-a309f1da1f71] FlowFile[113,96186437731016.mockFlowFile,291B] contains 5 records; transferring to 'success'
[pool-1925-thread-1] INFO org.apache.nifi.processors.standard.ExecuteSQL - ExecuteSQL[id=05c0dbeb-e76e-4abd-ab9c-a309f1da1f71] FlowFile[114,96186437910472.mockFlowFile,291B] contains 5 records; transferring to 'success'
[pool-1925-thread-1] INFO org.apache.nifi.processors.standard.ExecuteSQL - ExecuteSQL[id=05c0dbeb-e76e-4abd-ab9c-a309f1da1f71] FlowFile[115,96186438009129.mockFlowFile,291B] contains 5 records; transferring to 'success'
[pool-1925-thread-1] INFO org.apache.nifi.processors.standard.ExecuteSQL - ExecuteSQL[id=05c0dbeb-e76e-4abd-ab9c-a309f1da1f71] FlowFile[116,96186438114957.mockFlowFile,291B] contains 5 records; transferring to 'success'
[pool-1925-thread-1] INFO org.apache.nifi.processors.standard.ExecuteSQL - ExecuteSQL[id=05c0dbeb-e76e-4abd-ab9c-a309f1da1f71] FlowFile[117,96186438204731.mockFlowFile,291B] contains 5 records; transferring to 'success'
[pool-1925-thread-1] INFO org.apache.nifi.processors.standard.ExecuteSQL - ExecuteSQL[id=05c0dbeb-e76e-4abd-ab9c-a309f1da1f71] FlowFile[118,96186438291068.mockFlowFile,291B] contains 5 records; transferring to 'success'
[pool-1925-thread-1] INFO org.apache.nifi.processors.standard.ExecuteSQL - ExecuteSQL[id=05c0dbeb-e76e-4abd-ab9c-a309f1da1f71] FlowFile[119,96186438387847.mockFlowFile,291B] contains 5 records; transferring to 'success'
[pool-1925-thread-1] INFO org.apache.nifi.processors.standard.ExecuteSQL - ExecuteSQL[id=05c0dbeb-e76e-4abd-ab9c-a309f1da1f71] FlowFile[120,96186438508373.mockFlowFile,291B] contains 5 records; transferring to 'success'
[pool-1925-thread-1] INFO org.apache.nifi.processors.standard.ExecuteSQL - ExecuteSQL[id=05c0dbeb-e76e-4abd-ab9c-a309f1da1f71] FlowFile[121,96186438609290.mockFlowFile,291B] contains 5 records; transferring to 'success'
[pool-1925-thread-1] INFO org.apache.nifi.processors.standard.ExecuteSQL - ExecuteSQL[id=05c0dbeb-e76e-4abd-ab9c-a309f1da1f71] FlowFile[122,96186438783872.mockFlowFile,291B] contains 5 records; transferring to 'success'
[pool-1925-thread-1] INFO org.apache.nifi.processors.standard.ExecuteSQL - ExecuteSQL[id=05c0dbeb-e76e-4abd-ab9c-a309f1da1f71] FlowFile[123,96186438882097.mockFlowFile,291B] contains 5 records; transferring to 'success'
[pool-1925-thread-1] INFO org.apache.nifi.processors.standard.ExecuteSQL - ExecuteSQL[id=05c0dbeb-e76e-4abd-ab9c-a309f1da1f71] FlowFile[124,96186438968857.mockFlowFile,291B] contains 5 records; transferring to 'success'
[pool-1925-thread-1] INFO org.apache.nifi.processors.standard.ExecuteSQL - ExecuteSQL[id=05c0dbeb-e76e-4abd-ab9c-a309f1da1f71] FlowFile[125,96186439065158.mockFlowFile,291B] contains 5 records; transferring to 'success'
[pool-1925-thread-1] INFO org.apache.nifi.processors.standard.ExecuteSQL - ExecuteSQL[id=05c0dbeb-e76e-4abd-ab9c-a309f1da1f71] FlowFile[126,96186439148934.mockFlowFile,291B] contains 5 records; transferring to 'success'
[pool-1925-thread-1] INFO org.apache.nifi.processors.standard.ExecuteSQL - ExecuteSQL[id=05c0dbeb-e76e-4abd-ab9c-a309f1da1f71] FlowFile[127,96186439230429.mockFlowFile,291B] contains 5 records; transferring to 'success'
[pool-1925-thread-1] INFO org.apache.nifi.processors.standard.ExecuteSQL - ExecuteSQL[id=05c0dbeb-e76e-4abd-ab9c-a309f1da1f71] FlowFile[128,96186439321724.mockFlowFile,291B] contains 5 records; transferring to 'success'
[pool-1925-thread-1] INFO org.apache.nifi.processors.standard.ExecuteSQL - ExecuteSQL[id=05c0dbeb-e76e-4abd-ab9c-a309f1da1f71] FlowFile[129,96186439412599.mockFlowFile,291B] contains 5 records; transferring to 'success'
[pool-1925-thread-1] INFO org.apache.nifi.processors.standard.ExecuteSQL - ExecuteSQL[id=05c0dbeb-e76e-4abd-ab9c-a309f1da1f71] FlowFile[130,96186439681647.mockFlowFile,291B] contains 5 records; transferring to 'success'
[pool-1925-thread-1] INFO org.apache.nifi.processors.standard.ExecuteSQL - ExecuteSQL[id=05c0dbeb-e76e-4abd-ab9c-a309f1da1f71] FlowFile[131,96186439801891.mockFlowFile,291B] contains 5 records; transferring to 'success'
[pool-1925-thread-1] INFO org.apache.nifi.processors.standard.ExecuteSQL - ExecuteSQL[id=05c0dbeb-e76e-4abd-ab9c-a309f1da1f71] FlowFile[132,96186439912305.mockFlowFile,291B] contains 5 records; transferring to 'success'
[pool-1925-thread-1] INFO org.apache.nifi.processors.standard.ExecuteSQL - ExecuteSQL[id=05c0dbeb-e76e-4abd-ab9c-a309f1da1f71] FlowFile[133,96186440093670.mockFlowFile,291B] contains 5 records; transferring to 'success'
[pool-1925-thread-1] INFO org.apache.nifi.processors.standard.ExecuteSQL - ExecuteSQL[id=05c0dbeb-e76e-4abd-ab9c-a309f1da1f71] FlowFile[134,96186440190437.mockFlowFile,291B] contains 5 records; transferring to 'success'
[pool-1925-thread-1] INFO org.apache.nifi.processors.standard.ExecuteSQL - ExecuteSQL[id=05c0dbeb-e76e-4abd-ab9c-a309f1da1f71] FlowFile[135,96186440288795.mockFlowFile,291B] contains 5 records; transferring to 'success'
[pool-1925-thread-1] INFO org.apache.nifi.processors.standard.ExecuteSQL - ExecuteSQL[id=05c0dbeb-e76e-4abd-ab9c-a309f1da1f71] FlowFile[136,96186440374224.mockFlowFile,291B] contains 5 records; transferring to 'success'
[pool-1925-thread-1] INFO org.apache.nifi.processors.standard.ExecuteSQL - ExecuteSQL[id=05c0dbeb-e76e-4abd-ab9c-a309f1da1f71] FlowFile[137,96186440463889.mockFlowFile,291B] contains 5 records; transferring to 'success'
[pool-1925-thread-1] INFO org.apache.nifi.processors.standard.ExecuteSQL - ExecuteSQL[id=05c0dbeb-e76e-4abd-ab9c-a309f1da1f71] FlowFile[138,96186440567196.mockFlowFile,291B] contains 5 records; transferring to 'success'
[pool-1925-thread-1] INFO org.apache.nifi.processors.standard.ExecuteSQL - ExecuteSQL[id=05c0dbeb-e76e-4abd-ab9c-a309f1da1f71] FlowFile[139,96186440656993.mockFlowFile,291B] contains 5 records; transferring to 'success'
[pool-1925-thread-1] INFO org.apache.nifi.processors.standard.ExecuteSQL - ExecuteSQL[id=05c0dbeb-e76e-4abd-ab9c-a309f1da1f71] FlowFile[140,96186440747763.mockFlowFile,291B] contains 5 records; transferring to 'success'
[pool-1925-thread-1] INFO org.apache.nifi.processors.standard.ExecuteSQL - ExecuteSQL[id=05c0dbeb-e76e-4abd-ab9c-a309f1da1f71] FlowFile[141,96186440852041.mockFlowFile,291B] contains 5 records; transferring to 'success'
[pool-1925-thread-1] INFO org.apache.nifi.processors.standard.ExecuteSQL - ExecuteSQL[id=05c0dbeb-e76e-4abd-ab9c-a309f1da1f71] FlowFile[142,96186440988656.mockFlowFile,291B] contains 5 records; transferring to 'success'
[pool-1925-thread-1] INFO org.apache.nifi.processors.standard.ExecuteSQL - ExecuteSQL[id=05c0dbeb-e76e-4abd-ab9c-a309f1da1f71] FlowFile[143,96186441087826.mockFlowFile,291B] contains 5 records; transferring to 'success'
[pool-1925-thread-1] INFO org.apache.nifi.processors.standard.ExecuteSQL - ExecuteSQL[id=05c0dbeb-e76e-4abd-ab9c-a309f1da1f71] FlowFile[144,96186441444825.mockFlowFile,291B] contains 5 records; transferring to 'success'
[pool-1925-thread-1] INFO org.apache.nifi.processors.standard.ExecuteSQL - ExecuteSQL[id=05c0dbeb-e76e-4abd-ab9c-a309f1da1f71] FlowFile[145,96186441570077.mockFlowFile,291B] contains 5 records; transferring to 'success'
[pool-1925-thread-1] INFO org.apache.nifi.processors.standard.ExecuteSQL - ExecuteSQL[id=05c0dbeb-e76e-4abd-ab9c-a309f1da1f71] FlowFile[146,96186441667293.mockFlowFile,291B] contains 5 records; transferring to 'success'
[pool-1925-thread-1] INFO org.apache.nifi.processors.standard.ExecuteSQL - ExecuteSQL[id=05c0dbeb-e76e-4abd-ab9c-a309f1da1f71] FlowFile[147,96186441763233.mockFlowFile,291B] contains 5 records; transferring to 'success'
[pool-1925-thread-1] INFO org.apache.nifi.processors.standard.ExecuteSQL - ExecuteSQL[id=05c0dbeb-e76e-4abd-ab9c-a309f1da1f71] FlowFile[148,96186441892454.mockFlowFile,291B] contains 5 records; transferring to 'success'
[pool-1925-thread-1] INFO org.apache.nifi.processors.standard.ExecuteSQL - ExecuteSQL[id=05c0dbeb-e76e-4abd-ab9c-a309f1da1f71] FlowFile[149,96186442011452.mockFlowFile,291B] contains 5 records; transferring to 'success'
[pool-1925-thread-1] INFO org.apache.nifi.processors.standard.ExecuteSQL - ExecuteSQL[id=05c0dbeb-e76e-4abd-ab9c-a309f1da1f71] FlowFile[150,96186442101215.mockFlowFile,291B] contains 5 records; transferring to 'success'
[pool-1925-thread-1] INFO org.apache.nifi.processors.standard.ExecuteSQL - ExecuteSQL[id=05c0dbeb-e76e-4abd-ab9c-a309f1da1f71] FlowFile[151,96186442203486.mockFlowFile,291B] contains 5 records; transferring to 'success'
[pool-1925-thread-1] INFO org.apache.nifi.processors.standard.ExecuteSQL - ExecuteSQL[id=05c0dbeb-e76e-4abd-ab9c-a309f1da1f71] FlowFile[152,96186442342013.mockFlowFile,291B] contains 5 records; transferring to 'success'
[pool-1925-thread-1] INFO org.apache.nifi.processors.standard.ExecuteSQL - ExecuteSQL[id=05c0dbeb-e76e-4abd-ab9c-a309f1da1f71] FlowFile[153,96186442399497.mockFlowFile,291B] contains 5 records; transferring to 'success'
[pool-1925-thread-1] INFO org.apache.nifi.processors.standard.ExecuteSQL - ExecuteSQL[id=05c0dbeb-e76e-4abd-ab9c-a309f1da1f71] FlowFile[154,96186442518066.mockFlowFile,291B] contains 5 records; transferring to 'success'
[pool-1925-thread-1] INFO org.apache.nifi.processors.standard.ExecuteSQL - ExecuteSQL[id=05c0dbeb-e76e-4abd-ab9c-a309f1da1f71] FlowFile[155,96186442645855.mockFlowFile,291B] contains 5 records; transferring to 'success'
[pool-1925-thread-1] INFO org.apache.nifi.processors.standard.ExecuteSQL - ExecuteSQL[id=05c0dbeb-e76e-4abd-ab9c-a309f1da1f71] FlowFile[156,96186442735617.mockFlowFile,291B] contains 5 records; transferring to 'success'
[pool-1925-thread-1] INFO org.apache.nifi.processors.standard.ExecuteSQL - ExecuteSQL[id=05c0dbeb-e76e-4abd-ab9c-a309f1da1f71] FlowFile[157,96186442832596.mockFlowFile,291B] contains 5 records; transferring to 'success'
[pool-1925-thread-1] INFO org.apache.nifi.processors.standard.ExecuteSQL - ExecuteSQL[id=05c0dbeb-e76e-4abd-ab9c-a309f1da1f71] FlowFile[158,96186442916094.mockFlowFile,291B] contains 5 records; transferring to 'success'
[pool-1925-thread-1] INFO org.apache.nifi.processors.standard.ExecuteSQL - ExecuteSQL[id=05c0dbeb-e76e-4abd-ab9c-a309f1da1f71] FlowFile[159,96186443019205.mockFlowFile,291B] contains 5 records; transferring to 'success'
[pool-1925-thread-1] INFO org.apache.nifi.processors.standard.ExecuteSQL - ExecuteSQL[id=05c0dbeb-e76e-4abd-ab9c-a309f1da1f71] FlowFile[160,96186443135660.mockFlowFile,291B] contains 5 records; transferring to 'success'
[pool-1925-thread-1] INFO org.apache.nifi.processors.standard.ExecuteSQL - ExecuteSQL[id=05c0dbeb-e76e-4abd-ab9c-a309f1da1f71] FlowFile[161,96186443233548.mockFlowFile,291B] contains 5 records; transferring to 'success'
[pool-1925-thread-1] INFO org.apache.nifi.processors.standard.ExecuteSQL - ExecuteSQL[id=05c0dbeb-e76e-4abd-ab9c-a309f1da1f71] FlowFile[162,96186443323918.mockFlowFile,291B] contains 5 records; transferring to 'success'
[pool-1925-thread-1] INFO org.apache.nifi.processors.standard.ExecuteSQL - ExecuteSQL[id=05c0dbeb-e76e-4abd-ab9c-a309f1da1f71] FlowFile[163,96186443432973.mockFlowFile,291B] contains 5 records; transferring to 'success'
[pool-1925-thread-1] INFO org.apache.nifi.processors.standard.ExecuteSQL - ExecuteSQL[id=05c0dbeb-e76e-4abd-ab9c-a309f1da1f71] FlowFile[164,96186443567593.mockFlowFile,291B] contains 5 records; transferring to 'success'
[pool-1925-thread-1] INFO org.apache.nifi.processors.standard.ExecuteSQL - ExecuteSQL[id=05c0dbeb-e76e-4abd-ab9c-a309f1da1f71] FlowFile[165,96186443701030.mockFlowFile,291B] contains 5 records; transferring to 'success'
[pool-1925-thread-1] INFO org.apache.nifi.processors.standard.ExecuteSQL - ExecuteSQL[id=05c0dbeb-e76e-4abd-ab9c-a309f1da1f71] FlowFile[166,96186443792159.mockFlowFile,291B] contains 5 records; transferring to 'success'
[pool-1925-thread-1] INFO org.apache.nifi.processors.standard.ExecuteSQL - ExecuteSQL[id=05c0dbeb-e76e-4abd-ab9c-a309f1da1f71] FlowFile[167,96186443888128.mockFlowFile,291B] contains 5 records; transferring to 'success'
[pool-1925-thread-1] INFO org.apache.nifi.processors.standard.ExecuteSQL - ExecuteSQL[id=05c0dbeb-e76e-4abd-ab9c-a309f1da1f71] FlowFile[168,96186444032760.mockFlowFile,291B] contains 5 records; transferring to 'success'
[pool-1925-thread-1] INFO org.apache.nifi.processors.standard.ExecuteSQL - ExecuteSQL[id=05c0dbeb-e76e-4abd-ab9c-a309f1da1f71] FlowFile[169,96186444120182.mockFlowFile,291B] contains 5 records; transferring to 'success'
[pool-1925-thread-1] INFO org.apache.nifi.processors.standard.ExecuteSQL - ExecuteSQL[id=05c0dbeb-e76e-4abd-ab9c-a309f1da1f71] FlowFile[170,96186444228556.mockFlowFile,291B] contains 5 records; transferring to 'success'
[pool-1925-thread-1] INFO org.apache.nifi.processors.standard.ExecuteSQL - ExecuteSQL[id=05c0dbeb-e76e-4abd-ab9c-a309f1da1f71] FlowFile[171,96186444340549.mockFlowFile,291B] contains 5 records; transferring to 'success'
[pool-1925-thread-1] INFO org.apache.nifi.processors.standard.ExecuteSQL - ExecuteSQL[id=05c0dbeb-e76e-4abd-ab9c-a309f1da1f71] FlowFile[172,96186444428207.mockFlowFile,291B] contains 5 records; transferring to 'success'
[pool-1925-thread-1] INFO org.apache.nifi.processors.standard.ExecuteSQL - ExecuteSQL[id=05c0dbeb-e76e-4abd-ab9c-a309f1da1f71] FlowFile[173,96186444522998.mockFlowFile,291B] contains 5 records; transferring to 'success'
[pool-1925-thread-1] INFO org.apache.nifi.processors.standard.ExecuteSQL - ExecuteSQL[id=05c0dbeb-e76e-4abd-ab9c-a309f1da1f71] FlowFile[174,96186444604275.mockFlowFile,291B] contains 5 records; transferring to 'success'
[pool-1925-thread-1] INFO org.apache.nifi.processors.standard.ExecuteSQL - ExecuteSQL[id=05c0dbeb-e76e-4abd-ab9c-a309f1da1f71] FlowFile[175,96186444676350.mockFlowFile,291B] contains 5 records; transferring to 'success'
[pool-1925-thread-1] INFO org.apache.nifi.processors.standard.ExecuteSQL - ExecuteSQL[id=05c0dbeb-e76e-4abd-ab9c-a309f1da1f71] FlowFile[176,96186444771181.mockFlowFile,291B] contains 5 records; transferring to 'success'
[pool-1925-thread-1] INFO org.apache.nifi.processors.standard.ExecuteSQL - ExecuteSQL[id=05c0dbeb-e76e-4abd-ab9c-a309f1da1f71] FlowFile[177,96186444862485.mockFlowFile,291B] contains 5 records; transferring to 'success'
[pool-1925-thread-1] INFO org.apache.nifi.processors.standard.ExecuteSQL - ExecuteSQL[id=05c0dbeb-e76e-4abd-ab9c-a309f1da1f71] FlowFile[178,96186444944517.mockFlowFile,291B] contains 5 records; transferring to 'success'
[pool-1925-thread-1] INFO org.apache.nifi.processors.standard.ExecuteSQL - ExecuteSQL[id=05c0dbeb-e76e-4abd-ab9c-a309f1da1f71] FlowFile[179,96186445021733.mockFlowFile,291B] contains 5 records; transferring to 'success'
[pool-1925-thread-1] INFO org.apache.nifi.processors.standard.ExecuteSQL - ExecuteSQL[id=05c0dbeb-e76e-4abd-ab9c-a309f1da1f71] FlowFile[180,96186445111286.mockFlowFile,291B] contains 5 records; transferring to 'success'
[pool-1925-thread-1] INFO org.apache.nifi.processors.standard.ExecuteSQL - ExecuteSQL[id=05c0dbeb-e76e-4abd-ab9c-a309f1da1f71] FlowFile[181,96186445201974.mockFlowFile,291B] contains 5 records; transferring to 'success'
[pool-1925-thread-1] INFO org.apache.nifi.processors.standard.ExecuteSQL - ExecuteSQL[id=05c0dbeb-e76e-4abd-ab9c-a309f1da1f71] FlowFile[182,96186445282092.mockFlowFile,291B] contains 5 records; transferring to 'success'
[pool-1925-thread-1] INFO org.apache.nifi.processors.standard.ExecuteSQL - ExecuteSQL[id=05c0dbeb-e76e-4abd-ab9c-a309f1da1f71] FlowFile[183,96186445542518.mockFlowFile,291B] contains 5 records; transferring to 'success'
[pool-1925-thread-1] INFO org.apache.nifi.processors.standard.ExecuteSQL - ExecuteSQL[id=05c0dbeb-e76e-4abd-ab9c-a309f1da1f71] FlowFile[184,96186445638215.mockFlowFile,291B] contains 5 records; transferring to 'success'
[pool-1925-thread-1] INFO org.apache.nifi.processors.standard.ExecuteSQL - ExecuteSQL[id=05c0dbeb-e76e-4abd-ab9c-a309f1da1f71] FlowFile[185,96186445723432.mockFlowFile,291B] contains 5 records; transferring to 'success'
[pool-1925-thread-1] INFO org.apache.nifi.processors.standard.ExecuteSQL - ExecuteSQL[id=05c0dbeb-e76e-4abd-ab9c-a309f1da1f71] FlowFile[186,96186445824090.mockFlowFile,291B] contains 5 records; transferring to 'success'
[pool-1925-thread-1] INFO org.apache.nifi.processors.standard.ExecuteSQL - ExecuteSQL[id=05c0dbeb-e76e-4abd-ab9c-a309f1da1f71] FlowFile[187,96186445907539.mockFlowFile,291B] contains 5 records; transferring to 'success'
[pool-1925-thread-1] INFO org.apache.nifi.processors.standard.ExecuteSQL - ExecuteSQL[id=05c0dbeb-e76e-4abd-ab9c-a309f1da1f71] FlowFile[188,96186445987837.mockFlowFile,291B] contains 5 records; transferring to 'success'
[pool-1925-thread-1] INFO org.apache.nifi.processors.standard.ExecuteSQL - ExecuteSQL[id=05c0dbeb-e76e-4abd-ab9c-a309f1da1f71] FlowFile[189,96186446086326.mockFlowFile,291B] contains 5 records; transferring to 'success'
[pool-1925-thread-1] INFO org.apache.nifi.processors.standard.ExecuteSQL - ExecuteSQL[id=05c0dbeb-e76e-4abd-ab9c-a309f1da1f71] FlowFile[190,96186446167496.mockFlowFile,291B] contains 5 records; transferring to 'success'
[pool-1925-thread-1] INFO org.apache.nifi.processors.standard.ExecuteSQL - ExecuteSQL[id=05c0dbeb-e76e-4abd-ab9c-a309f1da1f71] FlowFile[191,96186446290903.mockFlowFile,291B] contains 5 records; transferring to 'success'
[pool-1925-thread-1] INFO org.apache.nifi.processors.standard.ExecuteSQL - ExecuteSQL[id=05c0dbeb-e76e-4abd-ab9c-a309f1da1f71] FlowFile[192,96186446381774.mockFlowFile,291B] contains 5 records; transferring to 'success'
[pool-1925-thread-1] INFO org.apache.nifi.processors.standard.ExecuteSQL - ExecuteSQL[id=05c0dbeb-e76e-4abd-ab9c-a309f1da1f71] FlowFile[193,96186446618780.mockFlowFile,291B] contains 5 records; transferring to 'success'
[pool-1925-thread-1] INFO org.apache.nifi.processors.standard.ExecuteSQL - ExecuteSQL[id=05c0dbeb-e76e-4abd-ab9c-a309f1da1f71] FlowFile[194,96186446708669.mockFlowFile,291B] contains 5 records; transferring to 'success'
[pool-1925-thread-1] INFO org.apache.nifi.processors.standard.ExecuteSQL - ExecuteSQL[id=05c0dbeb-e76e-4abd-ab9c-a309f1da1f71] FlowFile[195,96186446806256.mockFlowFile,291B] contains 5 records; transferring to 'success'
[pool-1925-thread-1] INFO org.apache.nifi.processors.standard.ExecuteSQL - ExecuteSQL[id=05c0dbeb-e76e-4abd-ab9c-a309f1da1f71] FlowFile[196,96186446917387.mockFlowFile,291B] contains 5 records; transferring to 'success'
[pool-1925-thread-1] INFO org.apache.nifi.processors.standard.ExecuteSQL - ExecuteSQL[id=05c0dbeb-e76e-4abd-ab9c-a309f1da1f71] FlowFile[197,96186447019592.mockFlowFile,291B] contains 5 records; transferring to 'success'
[pool-1925-thread-1] INFO org.apache.nifi.processors.standard.ExecuteSQL - ExecuteSQL[id=05c0dbeb-e76e-4abd-ab9c-a309f1da1f71] FlowFile[198,96186447120609.mockFlowFile,291B] contains 5 records; transferring to 'success'
[pool-1925-thread-1] INFO org.apache.nifi.processors.standard.ExecuteSQL - ExecuteSQL[id=05c0dbeb-e76e-4abd-ab9c-a309f1da1f71] FlowFile[199,96186447212464.mockFlowFile,291B] contains 5 records; transferring to 'success'
]]></system-err>
  </testcase>
  <testcase name="testSelectQueryInFlowFileWithParameters" classname="org.apache.nifi.processors.standard.TestExecuteSQL" time="0.848">
    <system-out><![CDATA[GAIAJID AEGGDEBD
D CHBG
JDBBDA 
]]></system-out>
    <system-err><![CDATA[[main] INFO org.apache.nifi.processors.standard.TestExecuteSQL - test data loaded
[pool-1926-thread-1] DEBUG org.apache.nifi.processors.standard.ExecuteSQL - ExecuteSQL[id=a1d8090a-aeef-47d1-a06f-dba363dfd170] Executing query select   PER.ID as PersonId, PER.NAME as PersonName, PER.CODE as PersonCode, PRD.ID as ProductId,PRD.NAME as ProductName,PRD.CODE as ProductCode, REL.ID as RelId,    REL.NAME as RelName,    REL.CODE as RelCode, ROW_NUMBER() OVER () as rownr  from persons PER, products PRD, relationships REL where PER.ID < ? AND REL.ID < ?
[pool-1926-thread-1] INFO org.apache.nifi.processors.standard.ExecuteSQL - ExecuteSQL[id=a1d8090a-aeef-47d1-a06f-dba363dfd170] FlowFile[1,96187170442017.mockFlowFile,1196698B] contains 20000 records; transferring to 'success'
[main] INFO org.apache.nifi.processors.standard.TestExecuteSQL - total nr of records from stream: 20000
]]></system-err>
  </testcase>
  <testcase name="testCompression" classname="org.apache.nifi.processors.standard.TestExecuteSQL" time="0.029">
    <system-err><![CDATA[[pool-1927-thread-1] DEBUG org.apache.nifi.processors.standard.ExecuteSQL - ExecuteSQL[id=afcf1c82-0f84-4e79-b62e-7ca0497671fa] Executing query SELECT * FROM TEST_NULL_INT
[pool-1927-thread-1] INFO org.apache.nifi.processors.standard.ExecuteSQL - ExecuteSQL[id=afcf1c82-0f84-4e79-b62e-7ca0497671fa] FlowFile[0,96187323855448.mockFlowFile,297B] contains 2 records; transferring to 'success'
]]></system-err>
  </testcase>
  <testcase name="testNoTimeLimit" classname="org.apache.nifi.processors.standard.TestExecuteSQL" time="0.796">
    <system-out><![CDATA[HJEGBBIBF GACFAH
AAHDJFBCA DABEB
IIII CEE
]]></system-out>
    <system-err><![CDATA[[main] INFO org.apache.nifi.processors.standard.TestExecuteSQL - test data loaded
[pool-1928-thread-1] DEBUG org.apache.nifi.processors.standard.ExecuteSQL - ExecuteSQL[id=d4ea35e5-a20a-4378-a503-205c927ff429] Executing query select   PER.ID as PersonId, PER.NAME as PersonName, PER.CODE as PersonCode, PRD.ID as ProductId,PRD.NAME as ProductName,PRD.CODE as ProductCode, REL.ID as RelId,    REL.NAME as RelName,    REL.CODE as RelCode, ROW_NUMBER() OVER () as rownr  from persons PER, products PRD, relationships REL where PER.ID = 10
[pool-1928-thread-1] INFO org.apache.nifi.processors.standard.ExecuteSQL - ExecuteSQL[id=d4ea35e5-a20a-4378-a503-205c927ff429] FlowFile[1,96188039247456.mockFlowFile,1274919B] contains 20000 records; transferring to 'success'
[main] INFO org.apache.nifi.processors.standard.TestExecuteSQL - total nr of records from stream: 20000
]]></system-err>
  </testcase>
  <testcase name="testSelectQueryInFlowFile" classname="org.apache.nifi.processors.standard.TestExecuteSQL" time="0.764">
    <system-out><![CDATA[ BJGIH
HIFABCFD 
JJEJID IGD
]]></system-out>
    <system-err><![CDATA[[main] INFO org.apache.nifi.processors.standard.TestExecuteSQL - test data loaded
[pool-1929-thread-1] DEBUG org.apache.nifi.processors.standard.ExecuteSQL - ExecuteSQL[id=85b369a8-6956-450d-8198-86b9093b39d6] Executing query select   PER.ID as PersonId, PER.NAME as PersonName, PER.CODE as PersonCode, PRD.ID as ProductId,PRD.NAME as ProductName,PRD.CODE as ProductCode, REL.ID as RelId,    REL.NAME as RelName,    REL.CODE as RelCode, ROW_NUMBER() OVER () as rownr  from persons PER, products PRD, relationships REL where PER.ID = 10
[pool-1929-thread-1] INFO org.apache.nifi.processors.standard.ExecuteSQL - ExecuteSQL[id=85b369a8-6956-450d-8198-86b9093b39d6] FlowFile[1,96188806473070.mockFlowFile,1071956B] contains 20000 records; transferring to 'success'
[main] INFO org.apache.nifi.processors.standard.TestExecuteSQL - total nr of records from stream: 20000
]]></system-err>
  </testcase>
  <testcase name="testWithOutputBatchingAndIncomingFlowFile" classname="org.apache.nifi.processors.standard.TestExecuteSQL" time="1.663">
    <system-err><![CDATA[[pool-1930-thread-1] DEBUG org.apache.nifi.processors.standard.ExecuteSQL - ExecuteSQL[id=10b34c4e-0e6a-4f03-9b84-79a38159ba5f] Executing query SELECT * FROM TEST_NULL_INT
[pool-1930-thread-1] INFO org.apache.nifi.processors.standard.ExecuteSQL - ExecuteSQL[id=10b34c4e-0e6a-4f03-9b84-79a38159ba5f] FlowFile[1,96190535260768.mockFlowFile,286B] contains 5 records; transferring to 'success'
[pool-1930-thread-1] INFO org.apache.nifi.processors.standard.ExecuteSQL - ExecuteSQL[id=10b34c4e-0e6a-4f03-9b84-79a38159ba5f] FlowFile[2,96190535260768.mockFlowFile,286B] contains 5 records; transferring to 'success'
[pool-1930-thread-1] INFO org.apache.nifi.processors.standard.ExecuteSQL - ExecuteSQL[id=10b34c4e-0e6a-4f03-9b84-79a38159ba5f] FlowFile[3,96190535260768.mockFlowFile,286B] contains 5 records; transferring to 'success'
[pool-1930-thread-1] INFO org.apache.nifi.processors.standard.ExecuteSQL - ExecuteSQL[id=10b34c4e-0e6a-4f03-9b84-79a38159ba5f] FlowFile[4,96190535260768.mockFlowFile,286B] contains 5 records; transferring to 'success'
[pool-1930-thread-1] INFO org.apache.nifi.processors.standard.ExecuteSQL - ExecuteSQL[id=10b34c4e-0e6a-4f03-9b84-79a38159ba5f] FlowFile[5,96190535260768.mockFlowFile,286B] contains 5 records; transferring to 'success'
[pool-1930-thread-1] INFO org.apache.nifi.processors.standard.ExecuteSQL - ExecuteSQL[id=10b34c4e-0e6a-4f03-9b84-79a38159ba5f] FlowFile[6,96190535260768.mockFlowFile,286B] contains 5 records; transferring to 'success'
[pool-1930-thread-1] INFO org.apache.nifi.processors.standard.ExecuteSQL - ExecuteSQL[id=10b34c4e-0e6a-4f03-9b84-79a38159ba5f] FlowFile[7,96190535260768.mockFlowFile,286B] contains 5 records; transferring to 'success'
[pool-1930-thread-1] INFO org.apache.nifi.processors.standard.ExecuteSQL - ExecuteSQL[id=10b34c4e-0e6a-4f03-9b84-79a38159ba5f] FlowFile[8,96190535260768.mockFlowFile,286B] contains 5 records; transferring to 'success'
[pool-1930-thread-1] INFO org.apache.nifi.processors.standard.ExecuteSQL - ExecuteSQL[id=10b34c4e-0e6a-4f03-9b84-79a38159ba5f] FlowFile[9,96190535260768.mockFlowFile,286B] contains 5 records; transferring to 'success'
[pool-1930-thread-1] INFO org.apache.nifi.processors.standard.ExecuteSQL - ExecuteSQL[id=10b34c4e-0e6a-4f03-9b84-79a38159ba5f] FlowFile[10,96190535260768.mockFlowFile,286B] contains 5 records; transferring to 'success'
[pool-1930-thread-1] INFO org.apache.nifi.processors.standard.ExecuteSQL - ExecuteSQL[id=10b34c4e-0e6a-4f03-9b84-79a38159ba5f] FlowFile[11,96190535260768.mockFlowFile,286B] contains 5 records; transferring to 'success'
[pool-1930-thread-1] INFO org.apache.nifi.processors.standard.ExecuteSQL - ExecuteSQL[id=10b34c4e-0e6a-4f03-9b84-79a38159ba5f] FlowFile[12,96190535260768.mockFlowFile,286B] contains 5 records; transferring to 'success'
[pool-1930-thread-1] INFO org.apache.nifi.processors.standard.ExecuteSQL - ExecuteSQL[id=10b34c4e-0e6a-4f03-9b84-79a38159ba5f] FlowFile[13,96190535260768.mockFlowFile,287B] contains 5 records; transferring to 'success'
[pool-1930-thread-1] INFO org.apache.nifi.processors.standard.ExecuteSQL - ExecuteSQL[id=10b34c4e-0e6a-4f03-9b84-79a38159ba5f] FlowFile[14,96190535260768.mockFlowFile,291B] contains 5 records; transferring to 'success'
[pool-1930-thread-1] INFO org.apache.nifi.processors.standard.ExecuteSQL - ExecuteSQL[id=10b34c4e-0e6a-4f03-9b84-79a38159ba5f] FlowFile[15,96190535260768.mockFlowFile,291B] contains 5 records; transferring to 'success'
[pool-1930-thread-1] INFO org.apache.nifi.processors.standard.ExecuteSQL - ExecuteSQL[id=10b34c4e-0e6a-4f03-9b84-79a38159ba5f] FlowFile[16,96190535260768.mockFlowFile,291B] contains 5 records; transferring to 'success'
[pool-1930-thread-1] INFO org.apache.nifi.processors.standard.ExecuteSQL - ExecuteSQL[id=10b34c4e-0e6a-4f03-9b84-79a38159ba5f] FlowFile[17,96190535260768.mockFlowFile,291B] contains 5 records; transferring to 'success'
[pool-1930-thread-1] INFO org.apache.nifi.processors.standard.ExecuteSQL - ExecuteSQL[id=10b34c4e-0e6a-4f03-9b84-79a38159ba5f] FlowFile[18,96190535260768.mockFlowFile,291B] contains 5 records; transferring to 'success'
[pool-1930-thread-1] INFO org.apache.nifi.processors.standard.ExecuteSQL - ExecuteSQL[id=10b34c4e-0e6a-4f03-9b84-79a38159ba5f] FlowFile[19,96190535260768.mockFlowFile,291B] contains 5 records; transferring to 'success'
[pool-1930-thread-1] INFO org.apache.nifi.processors.standard.ExecuteSQL - ExecuteSQL[id=10b34c4e-0e6a-4f03-9b84-79a38159ba5f] FlowFile[20,96190535260768.mockFlowFile,291B] contains 5 records; transferring to 'success'
[pool-1930-thread-1] INFO org.apache.nifi.processors.standard.ExecuteSQL - ExecuteSQL[id=10b34c4e-0e6a-4f03-9b84-79a38159ba5f] FlowFile[21,96190535260768.mockFlowFile,291B] contains 5 records; transferring to 'success'
[pool-1930-thread-1] INFO org.apache.nifi.processors.standard.ExecuteSQL - ExecuteSQL[id=10b34c4e-0e6a-4f03-9b84-79a38159ba5f] FlowFile[22,96190535260768.mockFlowFile,291B] contains 5 records; transferring to 'success'
[pool-1930-thread-1] INFO org.apache.nifi.processors.standard.ExecuteSQL - ExecuteSQL[id=10b34c4e-0e6a-4f03-9b84-79a38159ba5f] FlowFile[23,96190535260768.mockFlowFile,291B] contains 5 records; transferring to 'success'
[pool-1930-thread-1] INFO org.apache.nifi.processors.standard.ExecuteSQL - ExecuteSQL[id=10b34c4e-0e6a-4f03-9b84-79a38159ba5f] FlowFile[24,96190535260768.mockFlowFile,291B] contains 5 records; transferring to 'success'
[pool-1930-thread-1] INFO org.apache.nifi.processors.standard.ExecuteSQL - ExecuteSQL[id=10b34c4e-0e6a-4f03-9b84-79a38159ba5f] FlowFile[25,96190535260768.mockFlowFile,291B] contains 5 records; transferring to 'success'
[pool-1930-thread-1] INFO org.apache.nifi.processors.standard.ExecuteSQL - ExecuteSQL[id=10b34c4e-0e6a-4f03-9b84-79a38159ba5f] FlowFile[26,96190535260768.mockFlowFile,291B] contains 5 records; transferring to 'success'
[pool-1930-thread-1] INFO org.apache.nifi.processors.standard.ExecuteSQL - ExecuteSQL[id=10b34c4e-0e6a-4f03-9b84-79a38159ba5f] FlowFile[27,96190535260768.mockFlowFile,291B] contains 5 records; transferring to 'success'
[pool-1930-thread-1] INFO org.apache.nifi.processors.standard.ExecuteSQL - ExecuteSQL[id=10b34c4e-0e6a-4f03-9b84-79a38159ba5f] FlowFile[28,96190535260768.mockFlowFile,291B] contains 5 records; transferring to 'success'
[pool-1930-thread-1] INFO org.apache.nifi.processors.standard.ExecuteSQL - ExecuteSQL[id=10b34c4e-0e6a-4f03-9b84-79a38159ba5f] FlowFile[29,96190535260768.mockFlowFile,291B] contains 5 records; transferring to 'success'
[pool-1930-thread-1] INFO org.apache.nifi.processors.standard.ExecuteSQL - ExecuteSQL[id=10b34c4e-0e6a-4f03-9b84-79a38159ba5f] FlowFile[30,96190535260768.mockFlowFile,291B] contains 5 records; transferring to 'success'
[pool-1930-thread-1] INFO org.apache.nifi.processors.standard.ExecuteSQL - ExecuteSQL[id=10b34c4e-0e6a-4f03-9b84-79a38159ba5f] FlowFile[31,96190535260768.mockFlowFile,291B] contains 5 records; transferring to 'success'
[pool-1930-thread-1] INFO org.apache.nifi.processors.standard.ExecuteSQL - ExecuteSQL[id=10b34c4e-0e6a-4f03-9b84-79a38159ba5f] FlowFile[32,96190535260768.mockFlowFile,291B] contains 5 records; transferring to 'success'
[pool-1930-thread-1] INFO org.apache.nifi.processors.standard.ExecuteSQL - ExecuteSQL[id=10b34c4e-0e6a-4f03-9b84-79a38159ba5f] FlowFile[33,96190535260768.mockFlowFile,291B] contains 5 records; transferring to 'success'
[pool-1930-thread-1] INFO org.apache.nifi.processors.standard.ExecuteSQL - ExecuteSQL[id=10b34c4e-0e6a-4f03-9b84-79a38159ba5f] FlowFile[34,96190535260768.mockFlowFile,291B] contains 5 records; transferring to 'success'
[pool-1930-thread-1] INFO org.apache.nifi.processors.standard.ExecuteSQL - ExecuteSQL[id=10b34c4e-0e6a-4f03-9b84-79a38159ba5f] FlowFile[35,96190535260768.mockFlowFile,291B] contains 5 records; transferring to 'success'
[pool-1930-thread-1] INFO org.apache.nifi.processors.standard.ExecuteSQL - ExecuteSQL[id=10b34c4e-0e6a-4f03-9b84-79a38159ba5f] FlowFile[36,96190535260768.mockFlowFile,291B] contains 5 records; transferring to 'success'
[pool-1930-thread-1] INFO org.apache.nifi.processors.standard.ExecuteSQL - ExecuteSQL[id=10b34c4e-0e6a-4f03-9b84-79a38159ba5f] FlowFile[37,96190535260768.mockFlowFile,291B] contains 5 records; transferring to 'success'
[pool-1930-thread-1] INFO org.apache.nifi.processors.standard.ExecuteSQL - ExecuteSQL[id=10b34c4e-0e6a-4f03-9b84-79a38159ba5f] FlowFile[38,96190535260768.mockFlowFile,291B] contains 5 records; transferring to 'success'
[pool-1930-thread-1] INFO org.apache.nifi.processors.standard.ExecuteSQL - ExecuteSQL[id=10b34c4e-0e6a-4f03-9b84-79a38159ba5f] FlowFile[39,96190535260768.mockFlowFile,291B] contains 5 records; transferring to 'success'
[pool-1930-thread-1] INFO org.apache.nifi.processors.standard.ExecuteSQL - ExecuteSQL[id=10b34c4e-0e6a-4f03-9b84-79a38159ba5f] FlowFile[40,96190535260768.mockFlowFile,291B] contains 5 records; transferring to 'success'
[pool-1930-thread-1] INFO org.apache.nifi.processors.standard.ExecuteSQL - ExecuteSQL[id=10b34c4e-0e6a-4f03-9b84-79a38159ba5f] FlowFile[41,96190535260768.mockFlowFile,291B] contains 5 records; transferring to 'success'
[pool-1930-thread-1] INFO org.apache.nifi.processors.standard.ExecuteSQL - ExecuteSQL[id=10b34c4e-0e6a-4f03-9b84-79a38159ba5f] FlowFile[42,96190535260768.mockFlowFile,291B] contains 5 records; transferring to 'success'
[pool-1930-thread-1] INFO org.apache.nifi.processors.standard.ExecuteSQL - ExecuteSQL[id=10b34c4e-0e6a-4f03-9b84-79a38159ba5f] FlowFile[43,96190535260768.mockFlowFile,291B] contains 5 records; transferring to 'success'
[pool-1930-thread-1] INFO org.apache.nifi.processors.standard.ExecuteSQL - ExecuteSQL[id=10b34c4e-0e6a-4f03-9b84-79a38159ba5f] FlowFile[44,96190535260768.mockFlowFile,291B] contains 5 records; transferring to 'success'
[pool-1930-thread-1] INFO org.apache.nifi.processors.standard.ExecuteSQL - ExecuteSQL[id=10b34c4e-0e6a-4f03-9b84-79a38159ba5f] FlowFile[45,96190535260768.mockFlowFile,291B] contains 5 records; transferring to 'success'
[pool-1930-thread-1] INFO org.apache.nifi.processors.standard.ExecuteSQL - ExecuteSQL[id=10b34c4e-0e6a-4f03-9b84-79a38159ba5f] FlowFile[46,96190535260768.mockFlowFile,291B] contains 5 records; transferring to 'success'
[pool-1930-thread-1] INFO org.apache.nifi.processors.standard.ExecuteSQL - ExecuteSQL[id=10b34c4e-0e6a-4f03-9b84-79a38159ba5f] FlowFile[47,96190535260768.mockFlowFile,291B] contains 5 records; transferring to 'success'
[pool-1930-thread-1] INFO org.apache.nifi.processors.standard.ExecuteSQL - ExecuteSQL[id=10b34c4e-0e6a-4f03-9b84-79a38159ba5f] FlowFile[48,96190535260768.mockFlowFile,291B] contains 5 records; transferring to 'success'
[pool-1930-thread-1] INFO org.apache.nifi.processors.standard.ExecuteSQL - ExecuteSQL[id=10b34c4e-0e6a-4f03-9b84-79a38159ba5f] FlowFile[49,96190535260768.mockFlowFile,291B] contains 5 records; transferring to 'success'
[pool-1930-thread-1] INFO org.apache.nifi.processors.standard.ExecuteSQL - ExecuteSQL[id=10b34c4e-0e6a-4f03-9b84-79a38159ba5f] FlowFile[50,96190535260768.mockFlowFile,291B] contains 5 records; transferring to 'success'
[pool-1930-thread-1] INFO org.apache.nifi.processors.standard.ExecuteSQL - ExecuteSQL[id=10b34c4e-0e6a-4f03-9b84-79a38159ba5f] FlowFile[51,96190535260768.mockFlowFile,291B] contains 5 records; transferring to 'success'
[pool-1930-thread-1] INFO org.apache.nifi.processors.standard.ExecuteSQL - ExecuteSQL[id=10b34c4e-0e6a-4f03-9b84-79a38159ba5f] FlowFile[52,96190535260768.mockFlowFile,291B] contains 5 records; transferring to 'success'
[pool-1930-thread-1] INFO org.apache.nifi.processors.standard.ExecuteSQL - ExecuteSQL[id=10b34c4e-0e6a-4f03-9b84-79a38159ba5f] FlowFile[53,96190535260768.mockFlowFile,291B] contains 5 records; transferring to 'success'
[pool-1930-thread-1] INFO org.apache.nifi.processors.standard.ExecuteSQL - ExecuteSQL[id=10b34c4e-0e6a-4f03-9b84-79a38159ba5f] FlowFile[54,96190535260768.mockFlowFile,291B] contains 5 records; transferring to 'success'
[pool-1930-thread-1] INFO org.apache.nifi.processors.standard.ExecuteSQL - ExecuteSQL[id=10b34c4e-0e6a-4f03-9b84-79a38159ba5f] FlowFile[55,96190535260768.mockFlowFile,291B] contains 5 records; transferring to 'success'
[pool-1930-thread-1] INFO org.apache.nifi.processors.standard.ExecuteSQL - ExecuteSQL[id=10b34c4e-0e6a-4f03-9b84-79a38159ba5f] FlowFile[56,96190535260768.mockFlowFile,291B] contains 5 records; transferring to 'success'
[pool-1930-thread-1] INFO org.apache.nifi.processors.standard.ExecuteSQL - ExecuteSQL[id=10b34c4e-0e6a-4f03-9b84-79a38159ba5f] FlowFile[57,96190535260768.mockFlowFile,291B] contains 5 records; transferring to 'success'
[pool-1930-thread-1] INFO org.apache.nifi.processors.standard.ExecuteSQL - ExecuteSQL[id=10b34c4e-0e6a-4f03-9b84-79a38159ba5f] FlowFile[58,96190535260768.mockFlowFile,291B] contains 5 records; transferring to 'success'
[pool-1930-thread-1] INFO org.apache.nifi.processors.standard.ExecuteSQL - ExecuteSQL[id=10b34c4e-0e6a-4f03-9b84-79a38159ba5f] FlowFile[59,96190535260768.mockFlowFile,291B] contains 5 records; transferring to 'success'
[pool-1930-thread-1] INFO org.apache.nifi.processors.standard.ExecuteSQL - ExecuteSQL[id=10b34c4e-0e6a-4f03-9b84-79a38159ba5f] FlowFile[60,96190535260768.mockFlowFile,291B] contains 5 records; transferring to 'success'
[pool-1930-thread-1] INFO org.apache.nifi.processors.standard.ExecuteSQL - ExecuteSQL[id=10b34c4e-0e6a-4f03-9b84-79a38159ba5f] FlowFile[61,96190535260768.mockFlowFile,291B] contains 5 records; transferring to 'success'
[pool-1930-thread-1] INFO org.apache.nifi.processors.standard.ExecuteSQL - ExecuteSQL[id=10b34c4e-0e6a-4f03-9b84-79a38159ba5f] FlowFile[62,96190535260768.mockFlowFile,291B] contains 5 records; transferring to 'success'
[pool-1930-thread-1] INFO org.apache.nifi.processors.standard.ExecuteSQL - ExecuteSQL[id=10b34c4e-0e6a-4f03-9b84-79a38159ba5f] FlowFile[63,96190535260768.mockFlowFile,291B] contains 5 records; transferring to 'success'
[pool-1930-thread-1] INFO org.apache.nifi.processors.standard.ExecuteSQL - ExecuteSQL[id=10b34c4e-0e6a-4f03-9b84-79a38159ba5f] FlowFile[64,96190535260768.mockFlowFile,291B] contains 5 records; transferring to 'success'
[pool-1930-thread-1] INFO org.apache.nifi.processors.standard.ExecuteSQL - ExecuteSQL[id=10b34c4e-0e6a-4f03-9b84-79a38159ba5f] FlowFile[65,96190535260768.mockFlowFile,291B] contains 5 records; transferring to 'success'
[pool-1930-thread-1] INFO org.apache.nifi.processors.standard.ExecuteSQL - ExecuteSQL[id=10b34c4e-0e6a-4f03-9b84-79a38159ba5f] FlowFile[66,96190535260768.mockFlowFile,291B] contains 5 records; transferring to 'success'
[pool-1930-thread-1] INFO org.apache.nifi.processors.standard.ExecuteSQL - ExecuteSQL[id=10b34c4e-0e6a-4f03-9b84-79a38159ba5f] FlowFile[67,96190535260768.mockFlowFile,291B] contains 5 records; transferring to 'success'
[pool-1930-thread-1] INFO org.apache.nifi.processors.standard.ExecuteSQL - ExecuteSQL[id=10b34c4e-0e6a-4f03-9b84-79a38159ba5f] FlowFile[68,96190535260768.mockFlowFile,291B] contains 5 records; transferring to 'success'
[pool-1930-thread-1] INFO org.apache.nifi.processors.standard.ExecuteSQL - ExecuteSQL[id=10b34c4e-0e6a-4f03-9b84-79a38159ba5f] FlowFile[69,96190535260768.mockFlowFile,291B] contains 5 records; transferring to 'success'
[pool-1930-thread-1] INFO org.apache.nifi.processors.standard.ExecuteSQL - ExecuteSQL[id=10b34c4e-0e6a-4f03-9b84-79a38159ba5f] FlowFile[70,96190535260768.mockFlowFile,291B] contains 5 records; transferring to 'success'
[pool-1930-thread-1] INFO org.apache.nifi.processors.standard.ExecuteSQL - ExecuteSQL[id=10b34c4e-0e6a-4f03-9b84-79a38159ba5f] FlowFile[71,96190535260768.mockFlowFile,291B] contains 5 records; transferring to 'success'
[pool-1930-thread-1] INFO org.apache.nifi.processors.standard.ExecuteSQL - ExecuteSQL[id=10b34c4e-0e6a-4f03-9b84-79a38159ba5f] FlowFile[72,96190535260768.mockFlowFile,291B] contains 5 records; transferring to 'success'
[pool-1930-thread-1] INFO org.apache.nifi.processors.standard.ExecuteSQL - ExecuteSQL[id=10b34c4e-0e6a-4f03-9b84-79a38159ba5f] FlowFile[73,96190535260768.mockFlowFile,291B] contains 5 records; transferring to 'success'
[pool-1930-thread-1] INFO org.apache.nifi.processors.standard.ExecuteSQL - ExecuteSQL[id=10b34c4e-0e6a-4f03-9b84-79a38159ba5f] FlowFile[74,96190535260768.mockFlowFile,291B] contains 5 records; transferring to 'success'
[pool-1930-thread-1] INFO org.apache.nifi.processors.standard.ExecuteSQL - ExecuteSQL[id=10b34c4e-0e6a-4f03-9b84-79a38159ba5f] FlowFile[75,96190535260768.mockFlowFile,291B] contains 5 records; transferring to 'success'
[pool-1930-thread-1] INFO org.apache.nifi.processors.standard.ExecuteSQL - ExecuteSQL[id=10b34c4e-0e6a-4f03-9b84-79a38159ba5f] FlowFile[76,96190535260768.mockFlowFile,291B] contains 5 records; transferring to 'success'
[pool-1930-thread-1] INFO org.apache.nifi.processors.standard.ExecuteSQL - ExecuteSQL[id=10b34c4e-0e6a-4f03-9b84-79a38159ba5f] FlowFile[77,96190535260768.mockFlowFile,291B] contains 5 records; transferring to 'success'
[pool-1930-thread-1] INFO org.apache.nifi.processors.standard.ExecuteSQL - ExecuteSQL[id=10b34c4e-0e6a-4f03-9b84-79a38159ba5f] FlowFile[78,96190535260768.mockFlowFile,291B] contains 5 records; transferring to 'success'
[pool-1930-thread-1] INFO org.apache.nifi.processors.standard.ExecuteSQL - ExecuteSQL[id=10b34c4e-0e6a-4f03-9b84-79a38159ba5f] FlowFile[79,96190535260768.mockFlowFile,291B] contains 5 records; transferring to 'success'
[pool-1930-thread-1] INFO org.apache.nifi.processors.standard.ExecuteSQL - ExecuteSQL[id=10b34c4e-0e6a-4f03-9b84-79a38159ba5f] FlowFile[80,96190535260768.mockFlowFile,291B] contains 5 records; transferring to 'success'
[pool-1930-thread-1] INFO org.apache.nifi.processors.standard.ExecuteSQL - ExecuteSQL[id=10b34c4e-0e6a-4f03-9b84-79a38159ba5f] FlowFile[81,96190535260768.mockFlowFile,291B] contains 5 records; transferring to 'success'
[pool-1930-thread-1] INFO org.apache.nifi.processors.standard.ExecuteSQL - ExecuteSQL[id=10b34c4e-0e6a-4f03-9b84-79a38159ba5f] FlowFile[82,96190535260768.mockFlowFile,291B] contains 5 records; transferring to 'success'
[pool-1930-thread-1] INFO org.apache.nifi.processors.standard.ExecuteSQL - ExecuteSQL[id=10b34c4e-0e6a-4f03-9b84-79a38159ba5f] FlowFile[83,96190535260768.mockFlowFile,291B] contains 5 records; transferring to 'success'
[pool-1930-thread-1] INFO org.apache.nifi.processors.standard.ExecuteSQL - ExecuteSQL[id=10b34c4e-0e6a-4f03-9b84-79a38159ba5f] FlowFile[84,96190535260768.mockFlowFile,291B] contains 5 records; transferring to 'success'
[pool-1930-thread-1] INFO org.apache.nifi.processors.standard.ExecuteSQL - ExecuteSQL[id=10b34c4e-0e6a-4f03-9b84-79a38159ba5f] FlowFile[85,96190535260768.mockFlowFile,291B] contains 5 records; transferring to 'success'
[pool-1930-thread-1] INFO org.apache.nifi.processors.standard.ExecuteSQL - ExecuteSQL[id=10b34c4e-0e6a-4f03-9b84-79a38159ba5f] FlowFile[86,96190535260768.mockFlowFile,291B] contains 5 records; transferring to 'success'
[pool-1930-thread-1] INFO org.apache.nifi.processors.standard.ExecuteSQL - ExecuteSQL[id=10b34c4e-0e6a-4f03-9b84-79a38159ba5f] FlowFile[87,96190535260768.mockFlowFile,291B] contains 5 records; transferring to 'success'
[pool-1930-thread-1] INFO org.apache.nifi.processors.standard.ExecuteSQL - ExecuteSQL[id=10b34c4e-0e6a-4f03-9b84-79a38159ba5f] FlowFile[88,96190535260768.mockFlowFile,291B] contains 5 records; transferring to 'success'
[pool-1930-thread-1] INFO org.apache.nifi.processors.standard.ExecuteSQL - ExecuteSQL[id=10b34c4e-0e6a-4f03-9b84-79a38159ba5f] FlowFile[89,96190535260768.mockFlowFile,291B] contains 5 records; transferring to 'success'
[pool-1930-thread-1] INFO org.apache.nifi.processors.standard.ExecuteSQL - ExecuteSQL[id=10b34c4e-0e6a-4f03-9b84-79a38159ba5f] FlowFile[90,96190535260768.mockFlowFile,291B] contains 5 records; transferring to 'success'
[pool-1930-thread-1] INFO org.apache.nifi.processors.standard.ExecuteSQL - ExecuteSQL[id=10b34c4e-0e6a-4f03-9b84-79a38159ba5f] FlowFile[91,96190535260768.mockFlowFile,291B] contains 5 records; transferring to 'success'
[pool-1930-thread-1] INFO org.apache.nifi.processors.standard.ExecuteSQL - ExecuteSQL[id=10b34c4e-0e6a-4f03-9b84-79a38159ba5f] FlowFile[92,96190535260768.mockFlowFile,291B] contains 5 records; transferring to 'success'
[pool-1930-thread-1] INFO org.apache.nifi.processors.standard.ExecuteSQL - ExecuteSQL[id=10b34c4e-0e6a-4f03-9b84-79a38159ba5f] FlowFile[93,96190535260768.mockFlowFile,291B] contains 5 records; transferring to 'success'
[pool-1930-thread-1] INFO org.apache.nifi.processors.standard.ExecuteSQL - ExecuteSQL[id=10b34c4e-0e6a-4f03-9b84-79a38159ba5f] FlowFile[94,96190535260768.mockFlowFile,291B] contains 5 records; transferring to 'success'
[pool-1930-thread-1] INFO org.apache.nifi.processors.standard.ExecuteSQL - ExecuteSQL[id=10b34c4e-0e6a-4f03-9b84-79a38159ba5f] FlowFile[95,96190535260768.mockFlowFile,291B] contains 5 records; transferring to 'success'
[pool-1930-thread-1] INFO org.apache.nifi.processors.standard.ExecuteSQL - ExecuteSQL[id=10b34c4e-0e6a-4f03-9b84-79a38159ba5f] FlowFile[96,96190535260768.mockFlowFile,291B] contains 5 records; transferring to 'success'
[pool-1930-thread-1] INFO org.apache.nifi.processors.standard.ExecuteSQL - ExecuteSQL[id=10b34c4e-0e6a-4f03-9b84-79a38159ba5f] FlowFile[97,96190535260768.mockFlowFile,291B] contains 5 records; transferring to 'success'
[pool-1930-thread-1] INFO org.apache.nifi.processors.standard.ExecuteSQL - ExecuteSQL[id=10b34c4e-0e6a-4f03-9b84-79a38159ba5f] FlowFile[98,96190535260768.mockFlowFile,291B] contains 5 records; transferring to 'success'
[pool-1930-thread-1] INFO org.apache.nifi.processors.standard.ExecuteSQL - ExecuteSQL[id=10b34c4e-0e6a-4f03-9b84-79a38159ba5f] FlowFile[99,96190535260768.mockFlowFile,291B] contains 5 records; transferring to 'success'
[pool-1930-thread-1] INFO org.apache.nifi.processors.standard.ExecuteSQL - ExecuteSQL[id=10b34c4e-0e6a-4f03-9b84-79a38159ba5f] FlowFile[100,96190535260768.mockFlowFile,291B] contains 5 records; transferring to 'success'
[pool-1930-thread-1] INFO org.apache.nifi.processors.standard.ExecuteSQL - ExecuteSQL[id=10b34c4e-0e6a-4f03-9b84-79a38159ba5f] FlowFile[101,96190535260768.mockFlowFile,291B] contains 5 records; transferring to 'success'
[pool-1930-thread-1] INFO org.apache.nifi.processors.standard.ExecuteSQL - ExecuteSQL[id=10b34c4e-0e6a-4f03-9b84-79a38159ba5f] FlowFile[102,96190535260768.mockFlowFile,291B] contains 5 records; transferring to 'success'
[pool-1930-thread-1] INFO org.apache.nifi.processors.standard.ExecuteSQL - ExecuteSQL[id=10b34c4e-0e6a-4f03-9b84-79a38159ba5f] FlowFile[103,96190535260768.mockFlowFile,291B] contains 5 records; transferring to 'success'
[pool-1930-thread-1] INFO org.apache.nifi.processors.standard.ExecuteSQL - ExecuteSQL[id=10b34c4e-0e6a-4f03-9b84-79a38159ba5f] FlowFile[104,96190535260768.mockFlowFile,291B] contains 5 records; transferring to 'success'
[pool-1930-thread-1] INFO org.apache.nifi.processors.standard.ExecuteSQL - ExecuteSQL[id=10b34c4e-0e6a-4f03-9b84-79a38159ba5f] FlowFile[105,96190535260768.mockFlowFile,291B] contains 5 records; transferring to 'success'
[pool-1930-thread-1] INFO org.apache.nifi.processors.standard.ExecuteSQL - ExecuteSQL[id=10b34c4e-0e6a-4f03-9b84-79a38159ba5f] FlowFile[106,96190535260768.mockFlowFile,291B] contains 5 records; transferring to 'success'
[pool-1930-thread-1] INFO org.apache.nifi.processors.standard.ExecuteSQL - ExecuteSQL[id=10b34c4e-0e6a-4f03-9b84-79a38159ba5f] FlowFile[107,96190535260768.mockFlowFile,291B] contains 5 records; transferring to 'success'
[pool-1930-thread-1] INFO org.apache.nifi.processors.standard.ExecuteSQL - ExecuteSQL[id=10b34c4e-0e6a-4f03-9b84-79a38159ba5f] FlowFile[108,96190535260768.mockFlowFile,291B] contains 5 records; transferring to 'success'
[pool-1930-thread-1] INFO org.apache.nifi.processors.standard.ExecuteSQL - ExecuteSQL[id=10b34c4e-0e6a-4f03-9b84-79a38159ba5f] FlowFile[109,96190535260768.mockFlowFile,291B] contains 5 records; transferring to 'success'
[pool-1930-thread-1] INFO org.apache.nifi.processors.standard.ExecuteSQL - ExecuteSQL[id=10b34c4e-0e6a-4f03-9b84-79a38159ba5f] FlowFile[110,96190535260768.mockFlowFile,291B] contains 5 records; transferring to 'success'
[pool-1930-thread-1] INFO org.apache.nifi.processors.standard.ExecuteSQL - ExecuteSQL[id=10b34c4e-0e6a-4f03-9b84-79a38159ba5f] FlowFile[111,96190535260768.mockFlowFile,291B] contains 5 records; transferring to 'success'
[pool-1930-thread-1] INFO org.apache.nifi.processors.standard.ExecuteSQL - ExecuteSQL[id=10b34c4e-0e6a-4f03-9b84-79a38159ba5f] FlowFile[112,96190535260768.mockFlowFile,291B] contains 5 records; transferring to 'success'
[pool-1930-thread-1] INFO org.apache.nifi.processors.standard.ExecuteSQL - ExecuteSQL[id=10b34c4e-0e6a-4f03-9b84-79a38159ba5f] FlowFile[113,96190535260768.mockFlowFile,291B] contains 5 records; transferring to 'success'
[pool-1930-thread-1] INFO org.apache.nifi.processors.standard.ExecuteSQL - ExecuteSQL[id=10b34c4e-0e6a-4f03-9b84-79a38159ba5f] FlowFile[114,96190535260768.mockFlowFile,291B] contains 5 records; transferring to 'success'
[pool-1930-thread-1] INFO org.apache.nifi.processors.standard.ExecuteSQL - ExecuteSQL[id=10b34c4e-0e6a-4f03-9b84-79a38159ba5f] FlowFile[115,96190535260768.mockFlowFile,291B] contains 5 records; transferring to 'success'
[pool-1930-thread-1] INFO org.apache.nifi.processors.standard.ExecuteSQL - ExecuteSQL[id=10b34c4e-0e6a-4f03-9b84-79a38159ba5f] FlowFile[116,96190535260768.mockFlowFile,291B] contains 5 records; transferring to 'success'
[pool-1930-thread-1] INFO org.apache.nifi.processors.standard.ExecuteSQL - ExecuteSQL[id=10b34c4e-0e6a-4f03-9b84-79a38159ba5f] FlowFile[117,96190535260768.mockFlowFile,291B] contains 5 records; transferring to 'success'
[pool-1930-thread-1] INFO org.apache.nifi.processors.standard.ExecuteSQL - ExecuteSQL[id=10b34c4e-0e6a-4f03-9b84-79a38159ba5f] FlowFile[118,96190535260768.mockFlowFile,291B] contains 5 records; transferring to 'success'
[pool-1930-thread-1] INFO org.apache.nifi.processors.standard.ExecuteSQL - ExecuteSQL[id=10b34c4e-0e6a-4f03-9b84-79a38159ba5f] FlowFile[119,96190535260768.mockFlowFile,291B] contains 5 records; transferring to 'success'
[pool-1930-thread-1] INFO org.apache.nifi.processors.standard.ExecuteSQL - ExecuteSQL[id=10b34c4e-0e6a-4f03-9b84-79a38159ba5f] FlowFile[120,96190535260768.mockFlowFile,291B] contains 5 records; transferring to 'success'
[pool-1930-thread-1] INFO org.apache.nifi.processors.standard.ExecuteSQL - ExecuteSQL[id=10b34c4e-0e6a-4f03-9b84-79a38159ba5f] FlowFile[121,96190535260768.mockFlowFile,291B] contains 5 records; transferring to 'success'
[pool-1930-thread-1] INFO org.apache.nifi.processors.standard.ExecuteSQL - ExecuteSQL[id=10b34c4e-0e6a-4f03-9b84-79a38159ba5f] FlowFile[122,96190535260768.mockFlowFile,291B] contains 5 records; transferring to 'success'
[pool-1930-thread-1] INFO org.apache.nifi.processors.standard.ExecuteSQL - ExecuteSQL[id=10b34c4e-0e6a-4f03-9b84-79a38159ba5f] FlowFile[123,96190535260768.mockFlowFile,291B] contains 5 records; transferring to 'success'
[pool-1930-thread-1] INFO org.apache.nifi.processors.standard.ExecuteSQL - ExecuteSQL[id=10b34c4e-0e6a-4f03-9b84-79a38159ba5f] FlowFile[124,96190535260768.mockFlowFile,291B] contains 5 records; transferring to 'success'
[pool-1930-thread-1] INFO org.apache.nifi.processors.standard.ExecuteSQL - ExecuteSQL[id=10b34c4e-0e6a-4f03-9b84-79a38159ba5f] FlowFile[125,96190535260768.mockFlowFile,291B] contains 5 records; transferring to 'success'
[pool-1930-thread-1] INFO org.apache.nifi.processors.standard.ExecuteSQL - ExecuteSQL[id=10b34c4e-0e6a-4f03-9b84-79a38159ba5f] FlowFile[126,96190535260768.mockFlowFile,291B] contains 5 records; transferring to 'success'
[pool-1930-thread-1] INFO org.apache.nifi.processors.standard.ExecuteSQL - ExecuteSQL[id=10b34c4e-0e6a-4f03-9b84-79a38159ba5f] FlowFile[127,96190535260768.mockFlowFile,291B] contains 5 records; transferring to 'success'
[pool-1930-thread-1] INFO org.apache.nifi.processors.standard.ExecuteSQL - ExecuteSQL[id=10b34c4e-0e6a-4f03-9b84-79a38159ba5f] FlowFile[128,96190535260768.mockFlowFile,291B] contains 5 records; transferring to 'success'
[pool-1930-thread-1] INFO org.apache.nifi.processors.standard.ExecuteSQL - ExecuteSQL[id=10b34c4e-0e6a-4f03-9b84-79a38159ba5f] FlowFile[129,96190535260768.mockFlowFile,291B] contains 5 records; transferring to 'success'
[pool-1930-thread-1] INFO org.apache.nifi.processors.standard.ExecuteSQL - ExecuteSQL[id=10b34c4e-0e6a-4f03-9b84-79a38159ba5f] FlowFile[130,96190535260768.mockFlowFile,291B] contains 5 records; transferring to 'success'
[pool-1930-thread-1] INFO org.apache.nifi.processors.standard.ExecuteSQL - ExecuteSQL[id=10b34c4e-0e6a-4f03-9b84-79a38159ba5f] FlowFile[131,96190535260768.mockFlowFile,291B] contains 5 records; transferring to 'success'
[pool-1930-thread-1] INFO org.apache.nifi.processors.standard.ExecuteSQL - ExecuteSQL[id=10b34c4e-0e6a-4f03-9b84-79a38159ba5f] FlowFile[132,96190535260768.mockFlowFile,291B] contains 5 records; transferring to 'success'
[pool-1930-thread-1] INFO org.apache.nifi.processors.standard.ExecuteSQL - ExecuteSQL[id=10b34c4e-0e6a-4f03-9b84-79a38159ba5f] FlowFile[133,96190535260768.mockFlowFile,291B] contains 5 records; transferring to 'success'
[pool-1930-thread-1] INFO org.apache.nifi.processors.standard.ExecuteSQL - ExecuteSQL[id=10b34c4e-0e6a-4f03-9b84-79a38159ba5f] FlowFile[134,96190535260768.mockFlowFile,291B] contains 5 records; transferring to 'success'
[pool-1930-thread-1] INFO org.apache.nifi.processors.standard.ExecuteSQL - ExecuteSQL[id=10b34c4e-0e6a-4f03-9b84-79a38159ba5f] FlowFile[135,96190535260768.mockFlowFile,291B] contains 5 records; transferring to 'success'
[pool-1930-thread-1] INFO org.apache.nifi.processors.standard.ExecuteSQL - ExecuteSQL[id=10b34c4e-0e6a-4f03-9b84-79a38159ba5f] FlowFile[136,96190535260768.mockFlowFile,291B] contains 5 records; transferring to 'success'
[pool-1930-thread-1] INFO org.apache.nifi.processors.standard.ExecuteSQL - ExecuteSQL[id=10b34c4e-0e6a-4f03-9b84-79a38159ba5f] FlowFile[137,96190535260768.mockFlowFile,291B] contains 5 records; transferring to 'success'
[pool-1930-thread-1] INFO org.apache.nifi.processors.standard.ExecuteSQL - ExecuteSQL[id=10b34c4e-0e6a-4f03-9b84-79a38159ba5f] FlowFile[138,96190535260768.mockFlowFile,291B] contains 5 records; transferring to 'success'
[pool-1930-thread-1] INFO org.apache.nifi.processors.standard.ExecuteSQL - ExecuteSQL[id=10b34c4e-0e6a-4f03-9b84-79a38159ba5f] FlowFile[139,96190535260768.mockFlowFile,291B] contains 5 records; transferring to 'success'
[pool-1930-thread-1] INFO org.apache.nifi.processors.standard.ExecuteSQL - ExecuteSQL[id=10b34c4e-0e6a-4f03-9b84-79a38159ba5f] FlowFile[140,96190535260768.mockFlowFile,291B] contains 5 records; transferring to 'success'
[pool-1930-thread-1] INFO org.apache.nifi.processors.standard.ExecuteSQL - ExecuteSQL[id=10b34c4e-0e6a-4f03-9b84-79a38159ba5f] FlowFile[141,96190535260768.mockFlowFile,291B] contains 5 records; transferring to 'success'
[pool-1930-thread-1] INFO org.apache.nifi.processors.standard.ExecuteSQL - ExecuteSQL[id=10b34c4e-0e6a-4f03-9b84-79a38159ba5f] FlowFile[142,96190535260768.mockFlowFile,291B] contains 5 records; transferring to 'success'
[pool-1930-thread-1] INFO org.apache.nifi.processors.standard.ExecuteSQL - ExecuteSQL[id=10b34c4e-0e6a-4f03-9b84-79a38159ba5f] FlowFile[143,96190535260768.mockFlowFile,291B] contains 5 records; transferring to 'success'
[pool-1930-thread-1] INFO org.apache.nifi.processors.standard.ExecuteSQL - ExecuteSQL[id=10b34c4e-0e6a-4f03-9b84-79a38159ba5f] FlowFile[144,96190535260768.mockFlowFile,291B] contains 5 records; transferring to 'success'
[pool-1930-thread-1] INFO org.apache.nifi.processors.standard.ExecuteSQL - ExecuteSQL[id=10b34c4e-0e6a-4f03-9b84-79a38159ba5f] FlowFile[145,96190535260768.mockFlowFile,291B] contains 5 records; transferring to 'success'
[pool-1930-thread-1] INFO org.apache.nifi.processors.standard.ExecuteSQL - ExecuteSQL[id=10b34c4e-0e6a-4f03-9b84-79a38159ba5f] FlowFile[146,96190535260768.mockFlowFile,291B] contains 5 records; transferring to 'success'
[pool-1930-thread-1] INFO org.apache.nifi.processors.standard.ExecuteSQL - ExecuteSQL[id=10b34c4e-0e6a-4f03-9b84-79a38159ba5f] FlowFile[147,96190535260768.mockFlowFile,291B] contains 5 records; transferring to 'success'
[pool-1930-thread-1] INFO org.apache.nifi.processors.standard.ExecuteSQL - ExecuteSQL[id=10b34c4e-0e6a-4f03-9b84-79a38159ba5f] FlowFile[148,96190535260768.mockFlowFile,291B] contains 5 records; transferring to 'success'
[pool-1930-thread-1] INFO org.apache.nifi.processors.standard.ExecuteSQL - ExecuteSQL[id=10b34c4e-0e6a-4f03-9b84-79a38159ba5f] FlowFile[149,96190535260768.mockFlowFile,291B] contains 5 records; transferring to 'success'
[pool-1930-thread-1] INFO org.apache.nifi.processors.standard.ExecuteSQL - ExecuteSQL[id=10b34c4e-0e6a-4f03-9b84-79a38159ba5f] FlowFile[150,96190535260768.mockFlowFile,291B] contains 5 records; transferring to 'success'
[pool-1930-thread-1] INFO org.apache.nifi.processors.standard.ExecuteSQL - ExecuteSQL[id=10b34c4e-0e6a-4f03-9b84-79a38159ba5f] FlowFile[151,96190535260768.mockFlowFile,291B] contains 5 records; transferring to 'success'
[pool-1930-thread-1] INFO org.apache.nifi.processors.standard.ExecuteSQL - ExecuteSQL[id=10b34c4e-0e6a-4f03-9b84-79a38159ba5f] FlowFile[152,96190535260768.mockFlowFile,291B] contains 5 records; transferring to 'success'
[pool-1930-thread-1] INFO org.apache.nifi.processors.standard.ExecuteSQL - ExecuteSQL[id=10b34c4e-0e6a-4f03-9b84-79a38159ba5f] FlowFile[153,96190535260768.mockFlowFile,291B] contains 5 records; transferring to 'success'
[pool-1930-thread-1] INFO org.apache.nifi.processors.standard.ExecuteSQL - ExecuteSQL[id=10b34c4e-0e6a-4f03-9b84-79a38159ba5f] FlowFile[154,96190535260768.mockFlowFile,291B] contains 5 records; transferring to 'success'
[pool-1930-thread-1] INFO org.apache.nifi.processors.standard.ExecuteSQL - ExecuteSQL[id=10b34c4e-0e6a-4f03-9b84-79a38159ba5f] FlowFile[155,96190535260768.mockFlowFile,291B] contains 5 records; transferring to 'success'
[pool-1930-thread-1] INFO org.apache.nifi.processors.standard.ExecuteSQL - ExecuteSQL[id=10b34c4e-0e6a-4f03-9b84-79a38159ba5f] FlowFile[156,96190535260768.mockFlowFile,291B] contains 5 records; transferring to 'success'
[pool-1930-thread-1] INFO org.apache.nifi.processors.standard.ExecuteSQL - ExecuteSQL[id=10b34c4e-0e6a-4f03-9b84-79a38159ba5f] FlowFile[157,96190535260768.mockFlowFile,291B] contains 5 records; transferring to 'success'
[pool-1930-thread-1] INFO org.apache.nifi.processors.standard.ExecuteSQL - ExecuteSQL[id=10b34c4e-0e6a-4f03-9b84-79a38159ba5f] FlowFile[158,96190535260768.mockFlowFile,291B] contains 5 records; transferring to 'success'
[pool-1930-thread-1] INFO org.apache.nifi.processors.standard.ExecuteSQL - ExecuteSQL[id=10b34c4e-0e6a-4f03-9b84-79a38159ba5f] FlowFile[159,96190535260768.mockFlowFile,291B] contains 5 records; transferring to 'success'
[pool-1930-thread-1] INFO org.apache.nifi.processors.standard.ExecuteSQL - ExecuteSQL[id=10b34c4e-0e6a-4f03-9b84-79a38159ba5f] FlowFile[160,96190535260768.mockFlowFile,291B] contains 5 records; transferring to 'success'
[pool-1930-thread-1] INFO org.apache.nifi.processors.standard.ExecuteSQL - ExecuteSQL[id=10b34c4e-0e6a-4f03-9b84-79a38159ba5f] FlowFile[161,96190535260768.mockFlowFile,291B] contains 5 records; transferring to 'success'
[pool-1930-thread-1] INFO org.apache.nifi.processors.standard.ExecuteSQL - ExecuteSQL[id=10b34c4e-0e6a-4f03-9b84-79a38159ba5f] FlowFile[162,96190535260768.mockFlowFile,291B] contains 5 records; transferring to 'success'
[pool-1930-thread-1] INFO org.apache.nifi.processors.standard.ExecuteSQL - ExecuteSQL[id=10b34c4e-0e6a-4f03-9b84-79a38159ba5f] FlowFile[163,96190535260768.mockFlowFile,291B] contains 5 records; transferring to 'success'
[pool-1930-thread-1] INFO org.apache.nifi.processors.standard.ExecuteSQL - ExecuteSQL[id=10b34c4e-0e6a-4f03-9b84-79a38159ba5f] FlowFile[164,96190535260768.mockFlowFile,291B] contains 5 records; transferring to 'success'
[pool-1930-thread-1] INFO org.apache.nifi.processors.standard.ExecuteSQL - ExecuteSQL[id=10b34c4e-0e6a-4f03-9b84-79a38159ba5f] FlowFile[165,96190535260768.mockFlowFile,291B] contains 5 records; transferring to 'success'
[pool-1930-thread-1] INFO org.apache.nifi.processors.standard.ExecuteSQL - ExecuteSQL[id=10b34c4e-0e6a-4f03-9b84-79a38159ba5f] FlowFile[166,96190535260768.mockFlowFile,291B] contains 5 records; transferring to 'success'
[pool-1930-thread-1] INFO org.apache.nifi.processors.standard.ExecuteSQL - ExecuteSQL[id=10b34c4e-0e6a-4f03-9b84-79a38159ba5f] FlowFile[167,96190535260768.mockFlowFile,291B] contains 5 records; transferring to 'success'
[pool-1930-thread-1] INFO org.apache.nifi.processors.standard.ExecuteSQL - ExecuteSQL[id=10b34c4e-0e6a-4f03-9b84-79a38159ba5f] FlowFile[168,96190535260768.mockFlowFile,291B] contains 5 records; transferring to 'success'
[pool-1930-thread-1] INFO org.apache.nifi.processors.standard.ExecuteSQL - ExecuteSQL[id=10b34c4e-0e6a-4f03-9b84-79a38159ba5f] FlowFile[169,96190535260768.mockFlowFile,291B] contains 5 records; transferring to 'success'
[pool-1930-thread-1] INFO org.apache.nifi.processors.standard.ExecuteSQL - ExecuteSQL[id=10b34c4e-0e6a-4f03-9b84-79a38159ba5f] FlowFile[170,96190535260768.mockFlowFile,291B] contains 5 records; transferring to 'success'
[pool-1930-thread-1] INFO org.apache.nifi.processors.standard.ExecuteSQL - ExecuteSQL[id=10b34c4e-0e6a-4f03-9b84-79a38159ba5f] FlowFile[171,96190535260768.mockFlowFile,291B] contains 5 records; transferring to 'success'
[pool-1930-thread-1] INFO org.apache.nifi.processors.standard.ExecuteSQL - ExecuteSQL[id=10b34c4e-0e6a-4f03-9b84-79a38159ba5f] FlowFile[172,96190535260768.mockFlowFile,291B] contains 5 records; transferring to 'success'
[pool-1930-thread-1] INFO org.apache.nifi.processors.standard.ExecuteSQL - ExecuteSQL[id=10b34c4e-0e6a-4f03-9b84-79a38159ba5f] FlowFile[173,96190535260768.mockFlowFile,291B] contains 5 records; transferring to 'success'
[pool-1930-thread-1] INFO org.apache.nifi.processors.standard.ExecuteSQL - ExecuteSQL[id=10b34c4e-0e6a-4f03-9b84-79a38159ba5f] FlowFile[174,96190535260768.mockFlowFile,291B] contains 5 records; transferring to 'success'
[pool-1930-thread-1] INFO org.apache.nifi.processors.standard.ExecuteSQL - ExecuteSQL[id=10b34c4e-0e6a-4f03-9b84-79a38159ba5f] FlowFile[175,96190535260768.mockFlowFile,291B] contains 5 records; transferring to 'success'
[pool-1930-thread-1] INFO org.apache.nifi.processors.standard.ExecuteSQL - ExecuteSQL[id=10b34c4e-0e6a-4f03-9b84-79a38159ba5f] FlowFile[176,96190535260768.mockFlowFile,291B] contains 5 records; transferring to 'success'
[pool-1930-thread-1] INFO org.apache.nifi.processors.standard.ExecuteSQL - ExecuteSQL[id=10b34c4e-0e6a-4f03-9b84-79a38159ba5f] FlowFile[177,96190535260768.mockFlowFile,291B] contains 5 records; transferring to 'success'
[pool-1930-thread-1] INFO org.apache.nifi.processors.standard.ExecuteSQL - ExecuteSQL[id=10b34c4e-0e6a-4f03-9b84-79a38159ba5f] FlowFile[178,96190535260768.mockFlowFile,291B] contains 5 records; transferring to 'success'
[pool-1930-thread-1] INFO org.apache.nifi.processors.standard.ExecuteSQL - ExecuteSQL[id=10b34c4e-0e6a-4f03-9b84-79a38159ba5f] FlowFile[179,96190535260768.mockFlowFile,291B] contains 5 records; transferring to 'success'
[pool-1930-thread-1] INFO org.apache.nifi.processors.standard.ExecuteSQL - ExecuteSQL[id=10b34c4e-0e6a-4f03-9b84-79a38159ba5f] FlowFile[180,96190535260768.mockFlowFile,291B] contains 5 records; transferring to 'success'
[pool-1930-thread-1] INFO org.apache.nifi.processors.standard.ExecuteSQL - ExecuteSQL[id=10b34c4e-0e6a-4f03-9b84-79a38159ba5f] FlowFile[181,96190535260768.mockFlowFile,291B] contains 5 records; transferring to 'success'
[pool-1930-thread-1] INFO org.apache.nifi.processors.standard.ExecuteSQL - ExecuteSQL[id=10b34c4e-0e6a-4f03-9b84-79a38159ba5f] FlowFile[182,96190535260768.mockFlowFile,291B] contains 5 records; transferring to 'success'
[pool-1930-thread-1] INFO org.apache.nifi.processors.standard.ExecuteSQL - ExecuteSQL[id=10b34c4e-0e6a-4f03-9b84-79a38159ba5f] FlowFile[183,96190535260768.mockFlowFile,291B] contains 5 records; transferring to 'success'
[pool-1930-thread-1] INFO org.apache.nifi.processors.standard.ExecuteSQL - ExecuteSQL[id=10b34c4e-0e6a-4f03-9b84-79a38159ba5f] FlowFile[184,96190535260768.mockFlowFile,291B] contains 5 records; transferring to 'success'
[pool-1930-thread-1] INFO org.apache.nifi.processors.standard.ExecuteSQL - ExecuteSQL[id=10b34c4e-0e6a-4f03-9b84-79a38159ba5f] FlowFile[185,96190535260768.mockFlowFile,291B] contains 5 records; transferring to 'success'
[pool-1930-thread-1] INFO org.apache.nifi.processors.standard.ExecuteSQL - ExecuteSQL[id=10b34c4e-0e6a-4f03-9b84-79a38159ba5f] FlowFile[186,96190535260768.mockFlowFile,291B] contains 5 records; transferring to 'success'
[pool-1930-thread-1] INFO org.apache.nifi.processors.standard.ExecuteSQL - ExecuteSQL[id=10b34c4e-0e6a-4f03-9b84-79a38159ba5f] FlowFile[187,96190535260768.mockFlowFile,291B] contains 5 records; transferring to 'success'
[pool-1930-thread-1] INFO org.apache.nifi.processors.standard.ExecuteSQL - ExecuteSQL[id=10b34c4e-0e6a-4f03-9b84-79a38159ba5f] FlowFile[188,96190535260768.mockFlowFile,291B] contains 5 records; transferring to 'success'
[pool-1930-thread-1] INFO org.apache.nifi.processors.standard.ExecuteSQL - ExecuteSQL[id=10b34c4e-0e6a-4f03-9b84-79a38159ba5f] FlowFile[189,96190535260768.mockFlowFile,291B] contains 5 records; transferring to 'success'
[pool-1930-thread-1] INFO org.apache.nifi.processors.standard.ExecuteSQL - ExecuteSQL[id=10b34c4e-0e6a-4f03-9b84-79a38159ba5f] FlowFile[190,96190535260768.mockFlowFile,291B] contains 5 records; transferring to 'success'
[pool-1930-thread-1] INFO org.apache.nifi.processors.standard.ExecuteSQL - ExecuteSQL[id=10b34c4e-0e6a-4f03-9b84-79a38159ba5f] FlowFile[191,96190535260768.mockFlowFile,291B] contains 5 records; transferring to 'success'
[pool-1930-thread-1] INFO org.apache.nifi.processors.standard.ExecuteSQL - ExecuteSQL[id=10b34c4e-0e6a-4f03-9b84-79a38159ba5f] FlowFile[192,96190535260768.mockFlowFile,291B] contains 5 records; transferring to 'success'
[pool-1930-thread-1] INFO org.apache.nifi.processors.standard.ExecuteSQL - ExecuteSQL[id=10b34c4e-0e6a-4f03-9b84-79a38159ba5f] FlowFile[193,96190535260768.mockFlowFile,291B] contains 5 records; transferring to 'success'
[pool-1930-thread-1] INFO org.apache.nifi.processors.standard.ExecuteSQL - ExecuteSQL[id=10b34c4e-0e6a-4f03-9b84-79a38159ba5f] FlowFile[194,96190535260768.mockFlowFile,291B] contains 5 records; transferring to 'success'
[pool-1930-thread-1] INFO org.apache.nifi.processors.standard.ExecuteSQL - ExecuteSQL[id=10b34c4e-0e6a-4f03-9b84-79a38159ba5f] FlowFile[195,96190535260768.mockFlowFile,291B] contains 5 records; transferring to 'success'
[pool-1930-thread-1] INFO org.apache.nifi.processors.standard.ExecuteSQL - ExecuteSQL[id=10b34c4e-0e6a-4f03-9b84-79a38159ba5f] FlowFile[196,96190535260768.mockFlowFile,291B] contains 5 records; transferring to 'success'
[pool-1930-thread-1] INFO org.apache.nifi.processors.standard.ExecuteSQL - ExecuteSQL[id=10b34c4e-0e6a-4f03-9b84-79a38159ba5f] FlowFile[197,96190535260768.mockFlowFile,291B] contains 5 records; transferring to 'success'
[pool-1930-thread-1] INFO org.apache.nifi.processors.standard.ExecuteSQL - ExecuteSQL[id=10b34c4e-0e6a-4f03-9b84-79a38159ba5f] FlowFile[198,96190535260768.mockFlowFile,291B] contains 5 records; transferring to 'success'
[pool-1930-thread-1] INFO org.apache.nifi.processors.standard.ExecuteSQL - ExecuteSQL[id=10b34c4e-0e6a-4f03-9b84-79a38159ba5f] FlowFile[199,96190535260768.mockFlowFile,291B] contains 5 records; transferring to 'success'
[pool-1930-thread-1] INFO org.apache.nifi.processors.standard.ExecuteSQL - ExecuteSQL[id=10b34c4e-0e6a-4f03-9b84-79a38159ba5f] FlowFile[200,96190535260768.mockFlowFile,291B] contains 5 records; transferring to 'success'
]]></system-err>
  </testcase>
  <testcase name="testWithSqlExceptionErrorProcessingResultSet" classname="org.apache.nifi.processors.standard.TestExecuteSQL" time="0.008">
    <system-err><![CDATA[[pool-1931-thread-1] DEBUG org.apache.nifi.processors.standard.ExecuteSQL - ExecuteSQL[id=4f7edc50-ce45-47ae-8799-a912bf7c7d4c] Executing query SELECT 1
[pool-1931-thread-1] ERROR org.apache.nifi.processors.standard.ExecuteSQL - ExecuteSQL[id=4f7edc50-ce45-47ae-8799-a912bf7c7d4c] Unable to execute SQL select query SELECT 1 for FlowFile[0,96190553848792.mockFlowFile,8B] due to org.apache.nifi.processor.exception.ProcessException: java.sql.SQLException: test execute statement failed; routing to failure: org.apache.nifi.processor.exception.ProcessException: java.sql.SQLException: test execute statement failed
org.apache.nifi.processor.exception.ProcessException: java.sql.SQLException: test execute statement failed
	at org.apache.nifi.processors.standard.sql.DefaultAvroSqlWriter.writeResultSet(DefaultAvroSqlWriter.java:51)
	at org.apache.nifi.processors.standard.AbstractExecuteSQL.lambda$onTrigger$1(AbstractExecuteSQL.java:302)
	at org.apache.nifi.util.MockProcessSession.write(MockProcessSession.java:907)
	at org.apache.nifi.util.MockProcessSession.write(MockProcessSession.java:67)
	at org.apache.nifi.processors.standard.AbstractExecuteSQL.onTrigger(AbstractExecuteSQL.java:300)
	at org.apache.nifi.processor.AbstractProcessor.onTrigger(AbstractProcessor.java:27)
	at org.apache.nifi.util.StandardProcessorTestRunner$RunProcessor.call(StandardProcessorTestRunner.java:284)
	at org.apache.nifi.util.StandardProcessorTestRunner$RunProcessor.call(StandardProcessorTestRunner.java:278)
	at java.util.concurrent.FutureTask.run(FutureTask.java:266)
	at java.util.concurrent.ScheduledThreadPoolExecutor$ScheduledFutureTask.access$201(ScheduledThreadPoolExecutor.java:180)
	at java.util.concurrent.ScheduledThreadPoolExecutor$ScheduledFutureTask.run(ScheduledThreadPoolExecutor.java:293)
	at java.util.concurrent.ThreadPoolExecutor.runWorker(ThreadPoolExecutor.java:1149)
	at java.util.concurrent.ThreadPoolExecutor$Worker.run(ThreadPoolExecutor.java:624)
	at java.lang.Thread.run(Thread.java:750)
Caused by: java.sql.SQLException: test execute statement failed
	at org.apache.nifi.util.db.JdbcCommon.createSchema(JdbcCommon.java:497)
	at org.apache.nifi.util.db.JdbcCommon.convertToAvroStream(JdbcCommon.java:251)
	at org.apache.nifi.processors.standard.sql.DefaultAvroSqlWriter.writeResultSet(DefaultAvroSqlWriter.java:49)
	... 13 more
]]></system-err>
  </testcase>
  <testcase name="testIncomingConnectionWithNoFlowFileAndNoQuery" classname="org.apache.nifi.processors.standard.TestExecuteSQL" time="0"/>
  <testcase name="testQueryTimeout" classname="org.apache.nifi.processors.standard.TestExecuteSQL" time="0.836">
    <system-out><![CDATA[JCIDDEH 
DDABGCFD IHJIGJ
EEJHJ C
]]></system-out>
    <system-err><![CDATA[[main] INFO org.apache.nifi.processors.standard.TestExecuteSQL - test data loaded
[pool-1933-thread-1] DEBUG org.apache.nifi.processors.standard.ExecuteSQL - ExecuteSQL[id=a9490421-ea87-4d38-a411-633bdbff3aec] Executing query select   PER.ID as PersonId, PER.NAME as PersonName, PER.CODE as PersonCode, PRD.ID as ProductId,PRD.NAME as ProductName,PRD.CODE as ProductCode, REL.ID as RelId,    REL.NAME as RelName,    REL.CODE as RelCode, ROW_NUMBER() OVER () as rownr  from persons PER, products PRD, relationships REL where PER.ID = 10
[pool-1933-thread-1] INFO org.apache.nifi.processors.standard.ExecuteSQL - ExecuteSQL[id=a9490421-ea87-4d38-a411-633bdbff3aec] FlowFile[1,96191287645859.mockFlowFile,1174898B] contains 20000 records; transferring to 'success'
[main] INFO org.apache.nifi.processors.standard.TestExecuteSQL - total nr of records from stream: 20000
]]></system-err>
  </testcase>
  <testcase name="testPreQueryFail" classname="org.apache.nifi.processors.standard.TestExecuteSQL" time="0.021">
    <system-err><![CDATA[[pool-1934-thread-1] ERROR org.apache.nifi.processors.standard.ExecuteSQL - ExecuteSQL[id=c7e97196-ede5-49a9-a3f8-72993ca442f4] Unable to execute SQL select query CALL SYSCS_UTIL.SYSCS_SET_RUNTIMESTATISTICS() for FlowFile[0,96191412432347.mockFlowFile,4B] due to java.sql.SQLSyntaxErrorException: 'SYSCS_UTIL.SYSCS_SET_RUNTIMESTATISTICS' is not recognized as a function or procedure.; routing to failure: java.sql.SQLSyntaxErrorException: 'SYSCS_UTIL.SYSCS_SET_RUNTIMESTATISTICS' is not recognized as a function or procedure.
java.sql.SQLSyntaxErrorException: 'SYSCS_UTIL.SYSCS_SET_RUNTIMESTATISTICS' is not recognized as a function or procedure.
	at org.apache.derby.impl.jdbc.SQLExceptionFactory.getSQLException(Unknown Source)
	at org.apache.derby.impl.jdbc.Util.generateCsSQLException(Unknown Source)
	at org.apache.derby.impl.jdbc.TransactionResourceImpl.wrapInSQLException(Unknown Source)
	at org.apache.derby.impl.jdbc.TransactionResourceImpl.handleException(Unknown Source)
	at org.apache.derby.impl.jdbc.EmbedConnection.handleException(Unknown Source)
	at org.apache.derby.impl.jdbc.ConnectionChild.handleException(Unknown Source)
	at org.apache.derby.impl.jdbc.EmbedStatement.execute(Unknown Source)
	at org.apache.derby.impl.jdbc.EmbedStatement.execute(Unknown Source)
	at org.apache.nifi.processors.standard.AbstractExecuteSQL.executeConfigStatements(AbstractExecuteSQL.java:464)
	at org.apache.nifi.processors.standard.AbstractExecuteSQL.onTrigger(AbstractExecuteSQL.java:252)
	at org.apache.nifi.processor.AbstractProcessor.onTrigger(AbstractProcessor.java:27)
	at org.apache.nifi.util.StandardProcessorTestRunner$RunProcessor.call(StandardProcessorTestRunner.java:284)
	at org.apache.nifi.util.StandardProcessorTestRunner$RunProcessor.call(StandardProcessorTestRunner.java:278)
	at java.util.concurrent.FutureTask.run(FutureTask.java:266)
	at java.util.concurrent.ScheduledThreadPoolExecutor$ScheduledFutureTask.access$201(ScheduledThreadPoolExecutor.java:180)
	at java.util.concurrent.ScheduledThreadPoolExecutor$ScheduledFutureTask.run(ScheduledThreadPoolExecutor.java:293)
	at java.util.concurrent.ThreadPoolExecutor.runWorker(ThreadPoolExecutor.java:1149)
	at java.util.concurrent.ThreadPoolExecutor$Worker.run(ThreadPoolExecutor.java:624)
	at java.lang.Thread.run(Thread.java:750)
Caused by: ERROR 42Y03: 'SYSCS_UTIL.SYSCS_SET_RUNTIMESTATISTICS' is not recognized as a function or procedure.
	at org.apache.derby.iapi.error.StandardException.newException(Unknown Source)
	at org.apache.derby.iapi.error.StandardException.newException(Unknown Source)
	at org.apache.derby.impl.sql.compile.StaticMethodCallNode.bindExpressionMinion(Unknown Source)
	at org.apache.derby.impl.sql.compile.StaticMethodCallNode.bindExpression(Unknown Source)
	at org.apache.derby.impl.sql.compile.JavaToSQLValueNode.bindExpression(Unknown Source)
	at org.apache.derby.impl.sql.compile.CallStatementNode.bindStatement(Unknown Source)
	at org.apache.derby.impl.sql.GenericStatement.prepMinion(Unknown Source)
	at org.apache.derby.impl.sql.GenericStatement.prepare(Unknown Source)
	at org.apache.derby.impl.sql.conn.GenericLanguageConnectionContext.prepareInternalStatement(Unknown Source)
	... 13 more
]]></system-err>
  </testcase>
  <testcase name="testIncomingConnectionWithNoFlowFile" classname="org.apache.nifi.processors.standard.TestExecuteSQL" time="0"/>
  <testcase name="testWithNullIntColumn" classname="org.apache.nifi.processors.standard.TestExecuteSQL" time="0.023">
    <system-err><![CDATA[[pool-1936-thread-1] DEBUG org.apache.nifi.processors.standard.ExecuteSQL - ExecuteSQL[id=8e7525d4-75c6-4d63-b54a-04766258a811] Executing query SELECT * FROM TEST_NULL_INT
[pool-1936-thread-1] INFO org.apache.nifi.processors.standard.ExecuteSQL - ExecuteSQL[id=8e7525d4-75c6-4d63-b54a-04766258a811] FlowFile[0,96191439276461.mockFlowFile,267B] contains 2 records; transferring to 'success'
]]></system-err>
  </testcase>
  <testcase name="testNoIncomingConnectionAndNoQuery" classname="org.apache.nifi.processors.standard.TestExecuteSQL" time="0.001">
    <system-err><![CDATA[[main] ERROR org.apache.nifi.processors.standard.ExecuteSQL - ExecuteSQL[id=d9ddfdc6-f769-4284-808f-afacb5bf68f6] Either the Select Query must be specified or there must be an incoming connection providing flowfile(s) containing a SQL select query
java.lang.reflect.InvocationTargetException
	at sun.reflect.GeneratedMethodAccessor126.invoke(Unknown Source)
	at sun.reflect.DelegatingMethodAccessorImpl.invoke(DelegatingMethodAccessorImpl.java:43)
	at java.lang.reflect.Method.invoke(Method.java:498)
	at org.apache.nifi.util.ReflectionUtils.invokeMethodsWithAnnotation(ReflectionUtils.java:68)
	at org.apache.nifi.util.StandardProcessorTestRunner.run(StandardProcessorTestRunner.java:203)
	at org.apache.nifi.util.StandardProcessorTestRunner.run(StandardProcessorTestRunner.java:185)
	at org.apache.nifi.util.StandardProcessorTestRunner.run(StandardProcessorTestRunner.java:180)
	at org.apache.nifi.util.StandardProcessorTestRunner.run(StandardProcessorTestRunner.java:175)
	at org.apache.nifi.util.StandardProcessorTestRunner.run(StandardProcessorTestRunner.java:170)
	at org.apache.nifi.processors.standard.TestExecuteSQL.testNoIncomingConnectionAndNoQuery(TestExecuteSQL.java:141)
	at sun.reflect.NativeMethodAccessorImpl.invoke0(Native Method)
	at sun.reflect.NativeMethodAccessorImpl.invoke(NativeMethodAccessorImpl.java:62)
	at sun.reflect.DelegatingMethodAccessorImpl.invoke(DelegatingMethodAccessorImpl.java:43)
	at java.lang.reflect.Method.invoke(Method.java:498)
	at org.junit.runners.model.FrameworkMethod$1.runReflectiveCall(FrameworkMethod.java:59)
	at org.junit.internal.runners.model.ReflectiveCallable.run(ReflectiveCallable.java:12)
	at org.junit.runners.model.FrameworkMethod.invokeExplosively(FrameworkMethod.java:56)
	at org.junit.internal.runners.statements.InvokeMethod.evaluate(InvokeMethod.java:17)
	at org.junit.internal.runners.statements.ExpectException.evaluate(ExpectException.java:19)
	at org.junit.internal.runners.statements.RunBefores.evaluate(RunBefores.java:26)
	at org.junit.runners.ParentRunner$3.evaluate(ParentRunner.java:306)
	at org.junit.runners.BlockJUnit4ClassRunner$1.evaluate(BlockJUnit4ClassRunner.java:100)
	at org.junit.runners.ParentRunner.runLeaf(ParentRunner.java:366)
	at org.junit.runners.BlockJUnit4ClassRunner.runChild(BlockJUnit4ClassRunner.java:103)
	at org.junit.runners.BlockJUnit4ClassRunner.runChild(BlockJUnit4ClassRunner.java:63)
	at org.junit.runners.ParentRunner$4.run(ParentRunner.java:331)
	at org.junit.runners.ParentRunner$1.schedule(ParentRunner.java:79)
	at org.junit.runners.ParentRunner.runChildren(ParentRunner.java:329)
	at org.junit.runners.ParentRunner.access$100(ParentRunner.java:66)
	at org.junit.runners.ParentRunner$2.evaluate(ParentRunner.java:293)
	at org.junit.internal.runners.statements.RunBefores.evaluate(RunBefores.java:26)
	at org.junit.runners.ParentRunner$3.evaluate(ParentRunner.java:306)
	at org.junit.runners.ParentRunner.run(ParentRunner.java:413)
	at org.junit.runner.JUnitCore.run(JUnitCore.java:137)
	at org.junit.runner.JUnitCore.run(JUnitCore.java:115)
	at org.junit.vintage.engine.execution.RunnerExecutor.execute(RunnerExecutor.java:43)
	at java.util.stream.ForEachOps$ForEachOp$OfRef.accept(ForEachOps.java:183)
	at java.util.stream.ReferencePipeline$3$1.accept(ReferencePipeline.java:193)
	at java.util.Iterator.forEachRemaining(Iterator.java:116)
	at java.util.Spliterators$IteratorSpliterator.forEachRemaining(Spliterators.java:1801)
	at java.util.stream.AbstractPipeline.copyInto(AbstractPipeline.java:482)
	at java.util.stream.AbstractPipeline.wrapAndCopyInto(AbstractPipeline.java:472)
	at java.util.stream.ForEachOps$ForEachOp.evaluateSequential(ForEachOps.java:150)
	at java.util.stream.ForEachOps$ForEachOp$OfRef.evaluateSequential(ForEachOps.java:173)
	at java.util.stream.AbstractPipeline.evaluate(AbstractPipeline.java:234)
	at java.util.stream.ReferencePipeline.forEach(ReferencePipeline.java:485)
	at org.junit.vintage.engine.VintageTestEngine.executeAllChildren(VintageTestEngine.java:82)
	at org.junit.vintage.engine.VintageTestEngine.execute(VintageTestEngine.java:73)
	at org.junit.platform.launcher.core.EngineExecutionOrchestrator.execute(EngineExecutionOrchestrator.java:108)
	at org.junit.platform.launcher.core.EngineExecutionOrchestrator.execute(EngineExecutionOrchestrator.java:88)
	at org.junit.platform.launcher.core.EngineExecutionOrchestrator.lambda$execute$0(EngineExecutionOrchestrator.java:54)
	at org.junit.platform.launcher.core.EngineExecutionOrchestrator.withInterceptedStreams(EngineExecutionOrchestrator.java:67)
	at org.junit.platform.launcher.core.EngineExecutionOrchestrator.execute(EngineExecutionOrchestrator.java:52)
	at org.junit.platform.launcher.core.DefaultLauncher.execute(DefaultLauncher.java:96)
	at org.junit.platform.launcher.core.DefaultLauncher.execute(DefaultLauncher.java:75)
	at org.apache.maven.surefire.junitplatform.JUnitPlatformProvider.execute(JUnitPlatformProvider.java:188)
	at org.apache.maven.surefire.junitplatform.JUnitPlatformProvider.invokeAllTests(JUnitPlatformProvider.java:154)
	at org.apache.maven.surefire.junitplatform.JUnitPlatformProvider.invoke(JUnitPlatformProvider.java:128)
	at org.apache.maven.surefire.booter.ForkedBooter.runSuitesInProcess(ForkedBooter.java:428)
	at org.apache.maven.surefire.booter.ForkedBooter.execute(ForkedBooter.java:162)
	at org.apache.maven.surefire.booter.ForkedBooter.run(ForkedBooter.java:562)
	at org.apache.maven.surefire.booter.ForkedBooter.main(ForkedBooter.java:548)
Caused by: org.apache.nifi.processor.exception.ProcessException: Either the Select Query must be specified or there must be an incoming connection providing flowfile(s) containing a SQL select query
	at org.apache.nifi.processors.standard.AbstractExecuteSQL.setup(AbstractExecuteSQL.java:193)
	... 62 more
]]></system-err>
  </testcase>
</testsuite>